<?xml version="1.0" encoding="UTF-8" ?>
<testsuite errors="0" failures="0" hostname="Johanness-MacBook-Pro-4.local" name="readdy.impl.sim.core.CoreTest" tests="1" time="6.176" timestamp="2014-08-21T13:05:01">
  <properties>
    <property name="netbeans.autoupdate.country" value="US" />
    <property name="nb.wait.for.caches" value="true" />
    <property name="javac.test.classpath" value="lib/colt.jar:lib/statlab.jar:build/classes:lib/junit-4.10.jar" />
    <property name="libs.junit.javadoc" value="/Applications/NetBeans/NetBeans 7.2.1.app/Contents/Resources/NetBeans/java/docs/junit-3.8.2-api.zip" />
    <property name="file.reference.colt.jar" value="lib/colt.jar" />
    <property name="ant.core.lib" value="/Applications/NetBeans/NetBeans 7.2.1.app/Contents/Resources/NetBeans/java/ant/lib/ant.jar" />
    <property name="javadoc.windowtitle" value="" />
    <property name="user.dir" value="/Users/johannesschoeneberg/Desktop/PhD/projects/ReaDDy/gitHub/readdy" />
    <property name="com.apple.mrj.application.apple.menu.about.name" value="NetBeans" />
    <property name="libs.hibernate-persistence.javadoc" value="" />
    <property name="java.vm.version" value="24.51-b03" />
    <property name="libs.MyLibrary.src" value="" />
    <property name="libs.MySQLDriver.classpath" value="/Applications/NetBeans/NetBeans 7.2.1.app/Contents/Resources/NetBeans/ide/modules/ext/mysql-connector-java-5.1.18-bin.jar" />
    <property name="libs.eclipselinkmodelgen.src" value="" />
    <property name="javadoc.notree" value="false" />
    <property name="netbeans.autoupdate.version" value="1.23" />
    <property name="libs.EclipseLink-GlassFish-v3.classpath" value="/Applications/NetBeans/glassfish-3.0.1/glassfish/modules/org.eclipse.persistence.antlr.jar:/Applications/NetBeans/glassfish-3.0.1/glassfish/modules/org.eclipse.persistence.asm.jar:/Applications/NetBeans/glassfish-3.0.1/glassfish/modules/org.eclipse.persistence.core.jar:/Applications/NetBeans/glassfish-3.0.1/glassfish/modules/org.eclipse.persistence.jpa.jar:/Applications/NetBeans/glassfish-3.0.1/glassfish/modules/org.eclipse.persistence.jpa.modelgen.jar:/Applications/NetBeans/glassfish-3.0.1/glassfish/modules/org.eclipse.persistence.oracle.jar:/Applications/NetBeans/glassfish-3.0.1/glassfish/modules/javax.persistence.jar" />
    <property name="libs.hibernate-support.maven-pom" value="" />
    <property name="libs.hibernate-support.javadoc" value="" />
    <property name="jdk.home" value="/Library/Java/JavaVirtualMachines/jdk1.7.0_51.jdk/Contents/Home" />
    <property name="libs.javac-api.src" value="" />
    <property name="javadoc.noindex" value="false" />
    <property name="sun.os.patch.level" value="unknown" />
    <property name="do.archive+manifest.available" value="true" />
    <property name="java.vm.specification.name" value="Java Virtual Machine Specification" />
    <property name="nb.show.statistics.ui" value="usageStatisticsEnabled" />
    <property name="netbeans.autoupdate.variant" value="" />
    <property name="have.tests" value="true" />
    <property name="org.xml.sax.driver" value="com.sun.org.apache.xerces.internal.jaxp.SAXParserImpl$JAXPSAXParser" />
    <property name="libs.javac-api.javadoc" value="" />
    <property name="os.name" value="Mac OS X" />
    <property name="libs.beans-binding.classpath" value="/Applications/NetBeans/NetBeans 7.2.1.app/Contents/Resources/NetBeans/java/modules/ext/beansbinding-1.2.1.jar" />
    <property name="ap.proc.none.internal" value="" />
    <property name="libs.JWSAntTasks.maven-pom" value="" />
    <property name="jnlp.signing.keystore" value="" />
    <property name="libs.testng.src" value="" />
    <property name="java.vendor.url.bug" value="http://bugreport.sun.com/bugreport/" />
    <property name="libs.jaxb.maven-pom" value="" />
    <property name="os.arch" value="x86_64" />
    <property name="libs.eclipselink.src" value="" />
    <property name="user.name" value="johannesschoeneberg" />
    <property name="libs.Comet-GlassFish-v3.javadoc" value="" />
    <property name="copylibs.rebase" value="true" />
    <property name="manifest.available+main.class" value="true" />
    <property name="libs.swing-layout.maven-pom" value="" />
    <property name="sun.java.command" value="org.apache.tools.ant.taskdefs.optional.junit.JUnitTestRunner readdy.impl.sim.core.CoreTest filtertrace=true haltOnError=false haltOnFailure=false showoutput=true outputtoformatters=true logfailedtests=true logtestlistenerevents=true formatter=org.apache.tools.ant.taskdefs.optional.junit.BriefJUnitResultFormatter formatter=org.apache.tools.ant.taskdefs.optional.junit.XMLJUnitResultFormatter,/Users/johannesschoeneberg/Desktop/PhD/projects/ReaDDy/gitHub/readdy/build/test/results/TEST-readdy.impl.sim.core.CoreTest.xml crashfile=/Users/johannesschoeneberg/Desktop/PhD/projects/ReaDDy/gitHub/readdy/build/junitvmwatcher4800205404172467135.properties propsfile=/Users/johannesschoeneberg/Desktop/PhD/projects/ReaDDy/gitHub/readdy/build/junit3260731285306035349.properties" />
    <property name="build.classes.dir" value="build/classes" />
    <property name="netbeans.accept_license_class" value="org.netbeans.license.AcceptLicense" />
    <property name="jnlp.descriptor" value="application" />
    <property name="build.sysclasspath" value="ignore" />
    <property name="ap.supported.internal" value="true" />
    <property name="libs.jaxws21.javadoc" value="/Applications/NetBeans/NetBeans 7.2.1.app/Contents/Resources/NetBeans/java/docs/jaxws-api-doc.zip" />
    <property name="includes" value="**" />
    <property name="user.country" value="US" />
    <property name="manifest.file" value="manifest.mf" />
    <property name="javadoc.encoding" value="UTF-8" />
    <property name="javac.classpath" value="lib/colt.jar:lib/statlab.jar" />
    <property name="debug-transport" value="dt_socket" />
    <property name="netbeans.system_http_non_proxy_hosts" value="" />
    <property name="com.sun.mysql.port" value="3306" />
    <property name="netbeans.home" value="/Applications/NetBeans/NetBeans 7.2.1.app/Contents/Resources/NetBeans/platform" />
    <property name="build.compiler.emacs" value="true" />
    <property name="libs.ejb3-persistence.src" value="" />
    <property name="java.endorsed.dirs" value="/Library/Java/JavaVirtualMachines/jdk1.7.0_51.jdk/Contents/Home/jre/lib/endorsed" />
    <property name="libs.Comet-GlassFish-v3.maven-pom" value="" />
    <property name="netbeans.dynamic.classpath" value="/Applications/NetBeans/NetBeans 7.2.1.app/Contents/Resources/NetBeans/platform/core/core.jar:/Applications/NetBeans/NetBeans 7.2.1.app/Contents/Resources/NetBeans/platform/core/org-openide-filesystems.jar:/Applications/NetBeans/NetBeans 7.2.1.app/Contents/Resources/NetBeans/platform/core/locale/core_ja.jar:/Applications/NetBeans/NetBeans 7.2.1.app/Contents/Resources/NetBeans/platform/core/locale/core_pt_BR.jar:/Applications/NetBeans/NetBeans 7.2.1.app/Contents/Resources/NetBeans/platform/core/locale/core_ru.jar:/Applications/NetBeans/NetBeans 7.2.1.app/Contents/Resources/NetBeans/platform/core/locale/core_zh_CN.jar:/Applications/NetBeans/NetBeans 7.2.1.app/Contents/Resources/NetBeans/platform/core/locale/org-openide-filesystems_ja.jar:/Applications/NetBeans/NetBeans 7.2.1.app/Contents/Resources/NetBeans/platform/core/locale/org-openide-filesystems_pt_BR.jar:/Applications/NetBeans/NetBeans 7.2.1.app/Contents/Resources/NetBeans/platform/core/locale/org-openide-filesystems_ru.jar:/Applications/NetBeans/NetBeans 7.2.1.app/Contents/Resources/NetBeans/platform/core/locale/org-openide-filesystems_zh_CN.jar:/Applications/NetBeans/NetBeans 7.2.1.app/Contents/Resources/NetBeans/nb/core/org-netbeans-upgrader.jar:/Applications/NetBeans/NetBeans 7.2.1.app/Contents/Resources/NetBeans/nb/core/locale/core_nb.jar:/Applications/NetBeans/NetBeans 7.2.1.app/Contents/Resources/NetBeans/nb/core/locale/core_nb_ja.jar:/Applications/NetBeans/NetBeans 7.2.1.app/Contents/Resources/NetBeans/nb/core/locale/core_nb_pt_BR.jar:/Applications/NetBeans/NetBeans 7.2.1.app/Contents/Resources/NetBeans/nb/core/locale/core_nb_ru.jar:/Applications/NetBeans/NetBeans 7.2.1.app/Contents/Resources/NetBeans/nb/core/locale/core_nb_zh_CN.jar:/Applications/NetBeans/NetBeans 7.2.1.app/Contents/Resources/NetBeans/nb/core/locale/org-netbeans-upgrader_ja.jar:/Applications/NetBeans/NetBeans 7.2.1.app/Contents/Resources/NetBeans/nb/core/locale/org-netbeans-upgrader_pt_BR.jar:/Applications/NetBeans/NetBeans 7.2.1.app/Contents/Resources/NetBeans/nb/core/locale/org-netbeans-upgrader_ru.jar:/Applications/NetBeans/NetBeans 7.2.1.app/Contents/Resources/NetBeans/nb/core/locale/org-netbeans-upgrader_zh_CN.jar" />
    <property name="jnlp.enabled" value="false" />
    <property name="java.vm.specification.version" value="1.7" />
    <property name="ftp.nonProxyHosts" value="local|*.local|169.254/16|*.169.254/16" />
    <property name="netbeans.productversion" value="NetBeans IDE 7.2.1 (Build 201210100934)" />
    <property name="libs.hibernate-persistence.classpath" value="/Applications/NetBeans/NetBeans 7.2.1.app/Contents/Resources/NetBeans/java/modules/ext/hibernate/antlr-2.7.6.jar:/Applications/NetBeans/NetBeans 7.2.1.app/Contents/Resources/NetBeans/java/modules/ext/hibernate/asm.jar:/Applications/NetBeans/NetBeans 7.2.1.app/Contents/Resources/NetBeans/java/modules/ext/hibernate/asm-attrs.jar:/Applications/NetBeans/NetBeans 7.2.1.app/Contents/Resources/NetBeans/java/modules/ext/hibernate/cglib-2.1.3.jar:/Applications/NetBeans/NetBeans 7.2.1.app/Contents/Resources/NetBeans/java/modules/ext/hibernate/commons-collections-2.1.1.jar:/Applications/NetBeans/NetBeans 7.2.1.app/Contents/Resources/NetBeans/ide/modules/org-apache-commons-logging.jar:/Applications/NetBeans/NetBeans 7.2.1.app/Contents/Resources/NetBeans/java/modules/ext/hibernate/dom4j-1.6.1.jar:/Applications/NetBeans/NetBeans 7.2.1.app/Contents/Resources/NetBeans/java/modules/ext/hibernate/ehcache-1.2.3.jar:/Applications/NetBeans/NetBeans 7.2.1.app/Contents/Resources/NetBeans/java/modules/ext/hibernate/jdbc2_0-stdext.jar:/Applications/NetBeans/NetBeans 7.2.1.app/Contents/Resources/NetBeans/java/modules/ext/hibernate/jta.jar:/Applications/NetBeans/NetBeans 7.2.1.app/Contents/Resources/NetBeans/java/modules/ext/hibernate/hibernate3.jar:/Applications/NetBeans/NetBeans 7.2.1.app/Contents/Resources/NetBeans/java/modules/ext/hibernate/hibernate-tools.jar:/Applications/NetBeans/NetBeans 7.2.1.app/Contents/Resources/NetBeans/java/modules/ext/hibernate/hibernate-annotations.jar:/Applications/NetBeans/NetBeans 7.2.1.app/Contents/Resources/NetBeans/java/modules/ext/hibernate/hibernate-commons-annotations.jar:/Applications/NetBeans/NetBeans 7.2.1.app/Contents/Resources/NetBeans/java/modules/ext/hibernate/hibernate-entitymanager.jar:/Applications/NetBeans/NetBeans 7.2.1.app/Contents/Resources/NetBeans/java/modules/ext/hibernate/javassist.jar:/Applications/NetBeans/NetBeans 7.2.1.app/Contents/Resources/NetBeans/java/modules/ext/hibernate/ejb3-persistence.jar" />
    <property name="libs.jaxws21.src" value="" />
    <property name="application.title" value="ReaDDy" />
    <property name="do.archive" value="true" />
    <property name="netbeans.autoupdate.language" value="en" />
    <property name="java.vendor" value="Oracle Corporation" />
    <property name="sun.font.fontmanager" value="sun.font.CFontManager" />
    <property name="jar.index.metainf" value="false" />
    <property name="javac.debug" value="true" />
    <property name="javadoc.splitindex" value="true" />
    <property name="file.separator" value="/" />
    <property name="libs.junit_4.maven-pom" value="" />
    <property name="mkdist.disabled" value="false" />
    <property name="javac.test.processorpath" value="lib/colt.jar:lib/statlab.jar:build/classes:lib/junit-4.10.jar" />
    <property name="netbeans.buildnumber" value="201210100934" />
    <property name="libs.JWSAntTasks.javadoc" value="" />
    <property name="build.generated.sources.dir" value="build/generated-sources" />
    <property name="libs.eclipselinkmodelgen.classpath" value="/Applications/NetBeans/NetBeans 7.2.1.app/Contents/Resources/NetBeans/java/modules/ext/eclipselink/org.eclipse.persistence.jpa.modelgen.processor-2.3.2.jar" />
    <property name="sun.java.launcher" value="SUN_STANDARD" />
    <property name="libs.junit.classpath" value="/Applications/NetBeans/NetBeans 7.2.1.app/Contents/Resources/NetBeans/java/modules/ext/junit-3.8.2.jar" />
    <property name="libs.jaxb.javadoc" value="/Applications/NetBeans/NetBeans 7.2.1.app/Contents/Resources/NetBeans/ide/docs/jaxb-api-doc.zip" />
    <property name="ant.home" value="/Applications/NetBeans/NetBeans 7.2.1.app/Contents/Resources/NetBeans/java/ant" />
    <property name="libs.junit_4.src" value="/Applications/NetBeans/NetBeans 7.2.1.app/Contents/Resources/NetBeans/java/docs/junit-4.10-sources.jar" />
    <property name="libs.testng.classpath" value="/Applications/NetBeans/NetBeans 7.2.1.app/Contents/Resources/NetBeans/platform/modules/ext/testng-6.5.1-dist.jar" />
    <property name="libs.absolutelayout.maven-pom" value="" />
    <property name="ant.java.version" value="1.7" />
    <property name="java.library.path" value="/Users/johannesschoeneberg/Library/Java/Extensions:/Library/Java/Extensions:/Network/Library/Java/Extensions:/System/Library/Java/Extensions:/usr/lib/java:." />
    <property name="javadoc.author" value="false" />
    <property name="manifest.available+main.class-mkdist.available" value="true" />
    <property name="libs.EclipseLink-GlassFish-v3.src" value="" />
    <property name="java.util.logging.config.class" value="org.netbeans.core.startup.TopLogging" />
    <property name="libs.PostgreSQLDriver.src" value="" />
    <property name="file.reference.junit-4.10.jar" value="lib/junit-4.10.jar" />
    <property name="sun.arch.data.model" value="64" />
    <property name="basedir" value="/Users/johannesschoeneberg/Desktop/PhD/projects/ReaDDy/gitHub/readdy" />
    <property name="libs.jpa20-persistence.maven-pom" value="" />
    <property name="jar.compress" value="false" />
    <property name="path.separator" value=":" />
    <property name="ant.junit.enabletestlistenerevents" value="true" />
    <property name="sun.io.unicode.encoding" value="UnicodeBig" />
    <property name="libs.jaxws21.classpath" value="/Applications/NetBeans/NetBeans 7.2.1.app/Contents/Resources/NetBeans/ide/modules/ext/jaxb/jaxb-impl.jar:/Applications/NetBeans/NetBeans 7.2.1.app/Contents/Resources/NetBeans/ide/modules/ext/jaxb/jaxb-xjc.jar:/Applications/NetBeans/NetBeans 7.2.1.app/Contents/Resources/NetBeans/java/modules/ext/jaxws22/FastInfoset.jar:/Applications/NetBeans/NetBeans 7.2.1.app/Contents/Resources/NetBeans/java/modules/ext/jaxws22/gmbal-api-only.jar:/Applications/NetBeans/NetBeans 7.2.1.app/Contents/Resources/NetBeans/java/modules/ext/jaxws22/ha-api.jar:/Applications/NetBeans/NetBeans 7.2.1.app/Contents/Resources/NetBeans/java/modules/ext/jaxws22/javax.mail_1.4.jar:/Applications/NetBeans/NetBeans 7.2.1.app/Contents/Resources/NetBeans/java/modules/ext/jaxws22/jaxws-rt.jar:/Applications/NetBeans/NetBeans 7.2.1.app/Contents/Resources/NetBeans/java/modules/ext/jaxws22/jaxws-tools.jar:/Applications/NetBeans/NetBeans 7.2.1.app/Contents/Resources/NetBeans/java/modules/ext/jaxws22/management-api.jar:/Applications/NetBeans/NetBeans 7.2.1.app/Contents/Resources/NetBeans/java/modules/ext/jaxws22/mimepull.jar:/Applications/NetBeans/NetBeans 7.2.1.app/Contents/Resources/NetBeans/java/modules/ext/jaxws22/policy.jar:/Applications/NetBeans/NetBeans 7.2.1.app/Contents/Resources/NetBeans/java/modules/ext/jaxws22/saaj-impl.jar:/Applications/NetBeans/NetBeans 7.2.1.app/Contents/Resources/NetBeans/java/modules/ext/jaxws22/stax-ex.jar:/Applications/NetBeans/NetBeans 7.2.1.app/Contents/Resources/NetBeans/java/modules/ext/jaxws22/stax2-api.jar:/Applications/NetBeans/NetBeans 7.2.1.app/Contents/Resources/NetBeans/java/modules/ext/jaxws22/streambuffer.jar:/Applications/NetBeans/NetBeans 7.2.1.app/Contents/Resources/NetBeans/java/modules/ext/jaxws22/woodstox-core-asl.jar:/Applications/NetBeans/NetBeans 7.2.1.app/Contents/Resources/NetBeans/java/modules/ext/jaxws22/api/jaxws-api.jar:/Applications/NetBeans/NetBeans 7.2.1.app/Contents/Resources/NetBeans/java/modules/ext/jaxws22/api/jsr181-api.jar:/Applications/NetBeans/NetBeans 7.2.1.app/Contents/Resources/NetBeans/java/modules/ext/jaxws22/api/javax.annotation.jar:/Applications/NetBeans/NetBeans 7.2.1.app/Contents/Resources/NetBeans/java/modules/ext/jaxws22/api/saaj-api.jar:/Applications/NetBeans/NetBeans 7.2.1.app/Contents/Resources/NetBeans/ide/modules/ext/jaxb/activation.jar:/Applications/NetBeans/NetBeans 7.2.1.app/Contents/Resources/NetBeans/ide/modules/ext/jaxb/api/jaxb-api.jar:/Applications/NetBeans/NetBeans 7.2.1.app/Contents/Resources/NetBeans/ide/modules/ext/jaxb/api/jsr173_1.0_api.jar" />
    <property name="compile.on.save" value="true" />
    <property name="ant.file.ReaDDy" value="/Users/johannesschoeneberg/Desktop/PhD/projects/ReaDDy/gitHub/readdy/build.xml" />
    <property name="apple.awt.graphics.UseQuartz" value="true" />
    <property name="user.language" value="en" />
    <property name="testng.mode" value="testng" />
    <property name="libs.JAXB-ENDORSED.maven-pom" value="" />
    <property name="libs.spring-framework.classpath" value="/Applications/NetBeans/NetBeans 7.2.1.app/Contents/Resources/NetBeans/ide/modules/org-apache-commons-logging.jar:/Applications/NetBeans/NetBeans 7.2.1.app/Contents/Resources/NetBeans/java/modules/ext/cglib-2.2.jar:/Applications/NetBeans/NetBeans 7.2.1.app/Contents/Resources/NetBeans/java/modules/ext/spring/spring-2.5.6.SEC03.jar" />
    <property name="libs.eclipselink.maven-pom" value="" />
    <property name="application.vendor" value="Jojo" />
    <property name="test.binaryincludes" value="&lt;nothing&gt;" />
    <property name="manifest.available" value="true" />
    <property name="libs.spring-framework300.maven-pom" value="" />
    <property name="run.test.classpath" value="lib/colt.jar:lib/statlab.jar:build/classes:lib/junit-4.10.jar:build/test/classes" />
    <property name="ant.project.invoked-targets" value="test" />
    <property name="test.binaryexcludes" value="" />
    <property name="libs.swing-layout.javadoc" value="/Applications/NetBeans/NetBeans 7.2.1.app/Contents/Resources/NetBeans/platform/docs/swing-layout-1.0.4-doc.zip" />
    <property name="libs.ejb3-persistence.maven-pom" value="" />
    <property name="gopherProxySet" value="false" />
    <property name="libs.PostgreSQLDriver.maven-pom" value="" />
    <property name="java.class.version" value="51.0" />
    <property name="netbeans.system_http_proxy" value="DIRECT" />
    <property name="libs.eclipselink.javadoc" value="" />
    <property name="user.properties.file" value="/Users/johannesschoeneberg/Library/Application Support/NetBeans/7.2.1/build.properties" />
    <property name="runtime.encoding" value="UTF-8" />
    <property name="libs.spring-framework.src" value="" />
    <property name="libs.javac-api.maven-pom" value="" />
    <property name="file.encoding.pkg" value="sun.io" />
    <property name="sun.cpu.endian" value="little" />
    <property name="libs.JAXB-ENDORSED.javadoc" value="" />
    <property name="libs.JWSAntTasks.classpath" value="/Applications/NetBeans/NetBeans 7.2.1.app/Contents/Resources/NetBeans/java/ant/extra/org-netbeans-modules-javawebstart-anttasks.jar" />
    <property name="libs.spring-framework300.src" value="" />
    <property name="empty.dir" value="/Users/johannesschoeneberg/Desktop/PhD/projects/ReaDDy/gitHub/readdy/build/empty" />
    <property name="version-output" value="java version &quot;1.7" />
    <property name="test.binarytestincludes" value="" />
    <property name="javadoc.preview" value="true" />
    <property name="socksNonProxyHosts" value="local|*.local|169.254/16|*.169.254/16" />
    <property name="libs.jpa20-persistence.javadoc" value="" />
    <property name="java.home" value="/Library/Java/JavaVirtualMachines/jdk1.7.0_51.jdk/Contents/Home/jre" />
    <property name="debug.test.classpath" value="lib/colt.jar:lib/statlab.jar:build/classes:lib/junit-4.10.jar:build/test/classes" />
    <property name="netbeans.importclass" value="org.netbeans.upgrade.AutoUpgrade" />
    <property name="ant.project.default-target" value="default" />
    <property name="annotation.processing.run.all.processors" value="true" />
    <property name="libs.MyLibrary.classpath" value="/Users/Jojo/NetBeansProjects/IoTools/dist/IoTools.jar" />
    <property name="jar.archive.disabled" value="false" />
    <property name="jnlp.signing.alias" value="" />
    <property name="libs.PostgreSQLDriver.javadoc" value="" />
    <property name="com.sun.mysql.stopcommand" value="/usr/local/mysql/support-files/mysql-admin.server" />
    <property name="libs.MySQLDriver.maven-pom" value="" />
    <property name="ant.file.type.ReaDDy-impl" value="file" />
    <property name="http.nonProxyHosts" value="local|*.local|169.254/16|*.169.254/16" />
    <property name="libs.junit_4.javadoc" value="/Applications/NetBeans/NetBeans 7.2.1.app/Contents/Resources/NetBeans/java/docs/junit-4.10-javadoc.jar" />
    <property name="libs.EclipseLink-GlassFish-v3.maven-pom" value="" />
    <property name="run.classpath" value="lib/colt.jar:lib/statlab.jar:build/classes" />
    <property name="libs.hibernate-support.src" value="" />
    <property name="jna.boot.library.name" value="jnidispatch-340" />
    <property name="sun.awt.datatransfer.timeout" value="1000" />
    <property name="annotation.processing.enabled.in.editor" value="false" />
    <property name="sun.management.compiler" value="HotSpot 64-Bit Tiered Compilers" />
    <property name="javac.deprecation" value="false" />
    <property name="javadoc.use" value="true" />
    <property name="sun.java2d.noddraw" value="true" />
    <property name="javac.processorpath" value="lib/colt.jar:lib/statlab.jar" />
    <property name="javac.compilerargs" value="" />
    <property name="svnkit.http.methods" value="Basic" />
    <property name="ant.file" value="/Users/johannesschoeneberg/Desktop/PhD/projects/ReaDDy/gitHub/readdy/build.xml" />
    <property name="libs.beans-binding.maven-pom" value="" />
    <property name="jnlp.codebase.type" value="no.codebase" />
    <property name="libs.beans-binding.src" value="" />
    <property name="java.vm.specification.vendor" value="Oracle Corporation" />
    <property name="libs.swing-layout.src" value="/Applications/NetBeans/NetBeans 7.2.1.app/Contents/Resources/NetBeans/platform/docs/swing-layout-1.0.4-src.zip" />
    <property name="org.openide.major.version" value="IDE/1" />
    <property name="java.vm.name" value="Java HotSpot(TM) 64-Bit Server VM" />
    <property name="netbeans.user" value="/Users/johannesschoeneberg/Library/Application Support/NetBeans/7.2.1" />
    <property name="javadoc.additionalparam" value="" />
    <property name="jnlp.offline-allowed" value="false" />
    <property name="java.io.tmpdir" value="/var/folders/3g/_bpdg45s3zv2x4ktzdvpvsnw0000gn/T/" />
    <property name="java.vendor.url" value="http://java.oracle.com/" />
    <property name="endorsed.classpath.cmd.line.arg" value="" />
    <property name="junit.available" value="true" />
    <property name="org.openide.awt.ActionReference.completion" value="org.netbeans.modules.apisupport.project.layers.PathCompletions" />
    <property name="sun.boot.library.path" value="/Library/Java/JavaVirtualMachines/jdk1.7.0_51.jdk/Contents/Home/jre/lib" />
    <property name="have.sources" value="true" />
    <property name="debug.classpath" value="lib/colt.jar:lib/statlab.jar:build/classes" />
    <property name="javadoc.private" value="false" />
    <property name="test.src.dir" value="test" />
    <property name="libs.MyLibrary.javadoc" value="" />
    <property name="ap.processors.internal" value="" />
    <property name="meta.inf.dir" value="src/META-INF" />
    <property name="javadoc.encoding.used" value="UTF-8" />
    <property name="dist.jar" value="dist/ReaDDy.jar" />
    <property name="java.runtime.name" value="Java(TM) SE Runtime Environment" />
    <property name="ant.project.name" value="ReaDDy" />
    <property name="netbeans.hash.code" value="unique=NB_JAVA056e4f842-5fe4-4f9b-9400-70920d741659_f13b8425-b6a4-4f8b-97bd-90bd6ef862dd" />
    <property name="netbeans.default_userdir_root" value="/Users/johannesschoeneberg/Library/Application Support/NetBeans" />
    <property name="manifest.available-mkdist.available" value="true" />
    <property name="sun.cpu.isalist" value="" />
    <property name="libs.CopyLibs.javadoc" value="" />
    <property name="org.openide.specification.version" value="6.2" />
    <property name="libs.hibernate-support.classpath" value="/Applications/NetBeans/NetBeans 7.2.1.app/Contents/Resources/NetBeans/java/modules/ext/hibernate/antlr-2.7.6.jar:/Applications/NetBeans/NetBeans 7.2.1.app/Contents/Resources/NetBeans/java/modules/ext/hibernate/asm.jar:/Applications/NetBeans/NetBeans 7.2.1.app/Contents/Resources/NetBeans/java/modules/ext/hibernate/asm-attrs.jar:/Applications/NetBeans/NetBeans 7.2.1.app/Contents/Resources/NetBeans/java/modules/ext/hibernate/cglib-2.1.3.jar:/Applications/NetBeans/NetBeans 7.2.1.app/Contents/Resources/NetBeans/java/modules/ext/hibernate/commons-collections-2.1.1.jar:/Applications/NetBeans/NetBeans 7.2.1.app/Contents/Resources/NetBeans/ide/modules/org-apache-commons-logging.jar:/Applications/NetBeans/NetBeans 7.2.1.app/Contents/Resources/NetBeans/java/modules/ext/hibernate/dom4j-1.6.1.jar:/Applications/NetBeans/NetBeans 7.2.1.app/Contents/Resources/NetBeans/java/modules/ext/hibernate/ehcache-1.2.3.jar:/Applications/NetBeans/NetBeans 7.2.1.app/Contents/Resources/NetBeans/java/modules/ext/hibernate/jdbc2_0-stdext.jar:/Applications/NetBeans/NetBeans 7.2.1.app/Contents/Resources/NetBeans/java/modules/ext/hibernate/jta.jar:/Applications/NetBeans/NetBeans 7.2.1.app/Contents/Resources/NetBeans/java/modules/ext/hibernate/hibernate3.jar:/Applications/NetBeans/NetBeans 7.2.1.app/Contents/Resources/NetBeans/java/modules/ext/hibernate/hibernate-tools.jar:/Applications/NetBeans/NetBeans 7.2.1.app/Contents/Resources/NetBeans/java/modules/ext/hibernate/hibernate-annotations.jar:/Applications/NetBeans/NetBeans 7.2.1.app/Contents/Resources/NetBeans/java/modules/ext/hibernate/hibernate-commons-annotations.jar:/Applications/NetBeans/NetBeans 7.2.1.app/Contents/Resources/NetBeans/java/modules/ext/hibernate/hibernate-entitymanager.jar:/Applications/NetBeans/NetBeans 7.2.1.app/Contents/Resources/NetBeans/java/modules/ext/hibernate/javassist.jar" />
    <property name="user.home" value="/Users/johannesschoeneberg" />
    <property name="annotation.processing.processors.list" value="" />
    <property name="debug-args-line" value="-Xdebug" />
    <property name="libs.JWSAntTasks.src" value="" />
    <property name="jar.index" value="false" />
    <property name="libs.CopyLibs.maven-pom" value="" />
    <property name="libs.spring-framework300.javadoc" value="" />
    <property name="libs.hibernate-persistence.maven-pom" value="" />
    <property name="libs.absolutelayout.javadoc" value="" />
    <property name="java.specification.name" value="Java Platform API Specification" />
    <property name="do.archive+main.class.available" value="true" />
    <property name="jnlp.mixed.code" value="default" />
    <property name="java.specification.vendor" value="Oracle Corporation" />
    <property name="libs.javac-api.classpath" value="/Applications/NetBeans/NetBeans 7.2.1.app/Contents/Resources/NetBeans/java/modules/ext/nb-javac-api.jar" />
    <property name="java.version" value="1.7.0_51" />
    <property name="run.jvmargs.ide" value="" />
    <property name="javadoc.version" value="false" />
    <property name="libs.MySQLDriver.javadoc" value="" />
    <property name="org.openide.version" value="deprecated" />
    <property name="ant.file.ReaDDy-impl" value="/Users/johannesschoeneberg/Desktop/PhD/projects/ReaDDy/gitHub/readdy/nbproject/build-impl.xml" />
    <property name="source.encoding" value="UTF-8" />
    <property name="ap.cmd.line.internal" value="" />
    <property name="libs.eclipselinkmodelgen.maven-pom" value="" />
    <property name="libs.junit.maven-pom" value="" />
    <property name="libs.eclipselinkmodelgen.javadoc" value="" />
    <property name="netbeans.home+have.tests" value="true" />
    <property name="annotation.processing.processor.options" value="" />
    <property name="libs.testng.maven-pom" value="" />
    <property name="libs.jaxb.src" value="" />
    <property name="work.dir" value="/Users/johannesschoeneberg/Desktop/PhD/projects/ReaDDy/gitHub/readdy" />
    <property name="libs.jaxb.classpath" value="/Applications/NetBeans/NetBeans 7.2.1.app/Contents/Resources/NetBeans/ide/modules/ext/jaxb/jaxb-impl.jar:/Applications/NetBeans/NetBeans 7.2.1.app/Contents/Resources/NetBeans/ide/modules/ext/jaxb/jaxb-xjc.jar:/Applications/NetBeans/NetBeans 7.2.1.app/Contents/Resources/NetBeans/ide/modules/ext/jaxb/jaxb1-impl.jar:/Applications/NetBeans/NetBeans 7.2.1.app/Contents/Resources/NetBeans/ide/modules/ext/jaxb/activation.jar:/Applications/NetBeans/NetBeans 7.2.1.app/Contents/Resources/NetBeans/ide/modules/ext/jaxb/api/jaxb-api.jar:/Applications/NetBeans/NetBeans 7.2.1.app/Contents/Resources/NetBeans/ide/modules/ext/jaxb/api/jsr173_1.0_api.jar" />
    <property name="do.depend" value="false" />
    <property name="com.sun.mysql.startargs" value="start" />
    <property name="dist.javadoc.dir" value="dist/javadoc" />
    <property name="libs.swing-layout.classpath" value="/Applications/NetBeans/NetBeans 7.2.1.app/Contents/Resources/NetBeans/platform/modules/ext/swing-layout-1.0.4.jar" />
    <property name="build.generated.dir" value="build/generated" />
    <property name="javac.source" value="1.7" />
    <property name="libs.hibernate-persistence.src" value="" />
    <property name="line.separator" value="&#xa;" />
    <property name="java.specification.version" value="1.7" />
    <property name="libs.jaxws21.maven-pom" value="" />
    <property name="java.vm.info" value="mixed mode" />
    <property name="nb.junit.batch" value="true" />
    <property name="junit.forkmode" value="perTest" />
    <property name="libs.spring-framework.maven-pom" value="" />
    <property name="sun.boot.class.path" value="/Library/Java/JavaVirtualMachines/jdk1.7.0_51.jdk/Contents/Home/jre/lib/resources.jar:/Library/Java/JavaVirtualMachines/jdk1.7.0_51.jdk/Contents/Home/jre/lib/rt.jar:/Library/Java/JavaVirtualMachines/jdk1.7.0_51.jdk/Contents/Home/jre/lib/sunrsasign.jar:/Library/Java/JavaVirtualMachines/jdk1.7.0_51.jdk/Contents/Home/jre/lib/jsse.jar:/Library/Java/JavaVirtualMachines/jdk1.7.0_51.jdk/Contents/Home/jre/lib/jce.jar:/Library/Java/JavaVirtualMachines/jdk1.7.0_51.jdk/Contents/Home/jre/lib/charsets.jar:/Library/Java/JavaVirtualMachines/jdk1.7.0_51.jdk/Contents/Home/jre/lib/jfr.jar:/Library/Java/JavaVirtualMachines/jdk1.7.0_51.jdk/Contents/Home/jre/classes" />
    <property name="javac.target" value="1.7" />
    <property name="built-jar.properties" value="/Users/johannesschoeneberg/Desktop/PhD/projects/ReaDDy/gitHub/readdy/build/built-jar.properties" />
    <property name="build.test.classes.dir" value="build/test/classes" />
    <property name="src.dir" value="src" />
    <property name="annotation.processing.enabled" value="true" />
    <property name="com.sun.mysql.startcommand" value="/usr/local/mysql/support-files/mysql-admin.server" />
    <property name="libs.jpa20-persistence.src" value="" />
    <property name="file.reference.statlab.jar" value="lib/statlab.jar" />
    <property name="ignore.failing.tests" value="true" />
    <property name="libs.Comet-GlassFish-v3.classpath" value="/Applications/NetBeans/glassfish-3.0.1/glassfish/modules/grizzly-comet.jar" />
    <property name="dist.dir" value="dist" />
    <property name="do.archive+manifest.available+main.class" value="true" />
    <property name="testng.debug.mode" value="" />
    <property name="javac.fork" value="false" />
    <property name="java.awt.printerjob" value="sun.lwawt.macosx.CPrinterJob" />
    <property name="default.javac.source" value="1.7" />
    <property name="com.sun.mysql.stopargs" value="stop" />
    <property name="debug-transport-by-os" value="dt_socket" />
    <property name="libs.MySQLDriver.src" value="" />
    <property name="sun.jnu.encoding" value="UTF-8" />
    <property name="java.runtime.version" value="1.7.0_51-b13" />
    <property name="build.test.results.dir" value="build/test/results" />
    <property name="libs.ejb3-persistence.javadoc" value="" />
    <property name="manifest.available+main.class+mkdist.available" value="true" />
    <property name="jna.platform.library.path" value="/usr/lib:/usr/lib" />
    <property name="default.javac.target" value="1.7" />
    <property name="libs.junit_4.classpath" value="/Applications/NetBeans/NetBeans 7.2.1.app/Contents/Resources/NetBeans/platform/modules/ext/junit-4.10.jar" />
    <property name="user.timezone" value="" />
    <property name="nb.junit.single" value="false" />
    <property name="do.jar" value="true" />
    <property name="netbeans.dirs" value="/Applications/NetBeans/NetBeans 7.2.1.app/Contents/Resources/NetBeans/nb:/Applications/NetBeans/NetBeans 7.2.1.app/Contents/Resources/NetBeans/ergonomics:/Applications/NetBeans/NetBeans 7.2.1.app/Contents/Resources/NetBeans/ide:/Applications/NetBeans/NetBeans 7.2.1.app/Contents/Resources/NetBeans/java:/Applications/NetBeans/NetBeans 7.2.1.app/Contents/Resources/NetBeans/apisupport:/Applications/NetBeans/NetBeans 7.2.1.app/Contents/Resources/NetBeans/webcommon:/Applications/NetBeans/NetBeans 7.2.1.app/Contents/Resources/NetBeans/websvccommon:/Applications/NetBeans/NetBeans 7.2.1.app/Contents/Resources/NetBeans/enterprise:/Applications/NetBeans/NetBeans 7.2.1.app/Contents/Resources/NetBeans/mobility:/Applications/NetBeans/NetBeans 7.2.1.app/Contents/Resources/NetBeans/profiler:/Applications/NetBeans/NetBeans 7.2.1.app/Contents/Resources/NetBeans/python:/Applications/NetBeans/NetBeans 7.2.1.app/Contents/Resources/NetBeans/php:/Applications/NetBeans/NetBeans 7.2.1.app/Contents/Resources/NetBeans/identity:/Applications/NetBeans/NetBeans 7.2.1.app/Contents/Resources/NetBeans/harness:/Applications/NetBeans/NetBeans 7.2.1.app/Contents/Resources/NetBeans/cnd:/Applications/NetBeans/NetBeans 7.2.1.app/Contents/Resources/NetBeans/dlight:/Applications/NetBeans/NetBeans 7.2.1.app/Contents/Resources/NetBeans/groovy:/Applications/NetBeans/NetBeans 7.2.1.app/Contents/Resources/NetBeans/extra:/Applications/NetBeans/NetBeans 7.2.1.app/Contents/Resources/NetBeans/javacard:/Applications/NetBeans/NetBeans 7.2.1.app/Contents/Resources/NetBeans/javafx:" />
    <property name="java.ext.dirs" value="/Users/johannesschoeneberg/Library/Java/Extensions:/Library/Java/JavaVirtualMachines/jdk1.7.0_51.jdk/Contents/Home/jre/lib/ext:/Library/Java/Extensions:/Network/Library/Java/Extensions:/System/Library/Java/Extensions:/usr/lib/java" />
    <property name="libs.MyLibrary.maven-pom" value="" />
    <property name="endorsed.classpath" value="" />
    <property name="libs.absolutelayout.classpath" value="/Applications/NetBeans/NetBeans 7.2.1.app/Contents/Resources/NetBeans/java/modules/ext/AbsoluteLayout.jar" />
    <property name="excludes" value="" />
    <property name="apple.laf.useScreenMenuBar" value="true" />
    <property name="java.class.path" value="/Users/johannesschoeneberg/Desktop/PhD/projects/ReaDDy/gitHub/readdy/lib/colt.jar:/Users/johannesschoeneberg/Desktop/PhD/projects/ReaDDy/gitHub/readdy/lib/statlab.jar:/Users/johannesschoeneberg/Desktop/PhD/projects/ReaDDy/gitHub/readdy/build/classes:/Users/johannesschoeneberg/Desktop/PhD/projects/ReaDDy/gitHub/readdy/lib/junit-4.10.jar:/Users/johannesschoeneberg/Desktop/PhD/projects/ReaDDy/gitHub/readdy/build/test/classes:/Applications/NetBeans/NetBeans 7.2.1.app/Contents/Resources/NetBeans/java/ant/lib/ant-launcher.jar:/Applications/NetBeans/NetBeans 7.2.1.app/Contents/Resources/NetBeans/java/ant/lib/ant.jar:/Applications/NetBeans/NetBeans 7.2.1.app/Contents/Resources/NetBeans/java/ant/lib/ant-junit.jar:/Applications/NetBeans/NetBeans 7.2.1.app/Contents/Resources/NetBeans/java/ant/lib/ant-junit4.jar" />
    <property name="do.mkdist" value="true" />
    <property name="libs.absolutelayout.src" value="" />
    <property name="libs.jpa20-persistence.classpath" value="/Applications/NetBeans/NetBeans 7.2.1.app/Contents/Resources/NetBeans/java/modules/ext/eclipselink/javax.persistence-2.0.3.jar" />
    <property name="os.version" value="10.9.4" />
    <property name="application.args" value="" />
    <property name="libs.EclipseLink-GlassFish-v3.javadoc" value="/Applications/NetBeans/NetBeans 6.9.app/Contents/Resources/NetBeans/enterprise/docs/javaee6-doc-api.zip" />
    <property name="main.class.available" value="true" />
    <property name="sun.awt.enableExtraMouseButtons" value="true" />
    <property name="libs.Comet-GlassFish-v3.src" value="" />
    <property name="libs.JAXB-ENDORSED.classpath" value="/Applications/NetBeans/NetBeans 7.2.1.app/Contents/Resources/NetBeans/ide/modules/ext/jaxb/api/jaxb-api.jar" />
    <property name="libs.eclipselink.classpath" value="/Applications/NetBeans/NetBeans 7.2.1.app/Contents/Resources/NetBeans/java/modules/ext/eclipselink/eclipselink-2.3.2.jar:/Applications/NetBeans/NetBeans 7.2.1.app/Contents/Resources/NetBeans/java/modules/ext/eclipselink/javax.persistence-2.0.3.jar:/Applications/NetBeans/NetBeans 7.2.1.app/Contents/Resources/NetBeans/java/modules/ext/eclipselink/org.eclipse.persistence.jpa.jpql_1.0.1.jar" />
    <property name="libs.beans-binding.javadoc" value="/Applications/NetBeans/NetBeans 7.2.1.app/Contents/Resources/NetBeans/java/docs/beansbinding-1.2.1-doc.zip" />
    <property name="java.awt.graphicsenv" value="sun.awt.CGraphicsEnvironment" />
    <property name="java.vm.vendor" value="Oracle Corporation" />
    <property name="libs.CopyLibs.classpath" value="/Applications/NetBeans/NetBeans 7.2.1.app/Contents/Resources/NetBeans/java/ant/extra/org-netbeans-modules-java-j2seproject-copylibstask.jar" />
    <property name="libs.spring-framework300.classpath" value="/Applications/NetBeans/NetBeans 7.2.1.app/Contents/Resources/NetBeans/ide/modules/org-apache-commons-logging.jar:/Applications/NetBeans/NetBeans 7.2.1.app/Contents/Resources/NetBeans/java/modules/ext/cglib-2.2.jar:/Applications/NetBeans/NetBeans 7.2.1.app/Contents/Resources/NetBeans/java/modules/ext/spring-3.0/spring-aop-3.1.1.RELEASE.jar:/Applications/NetBeans/NetBeans 7.2.1.app/Contents/Resources/NetBeans/java/modules/ext/spring-3.0/spring-asm-3.1.1.RELEASE.jar:/Applications/NetBeans/NetBeans 7.2.1.app/Contents/Resources/NetBeans/java/modules/ext/spring-3.0/spring-aspects-3.1.1.RELEASE.jar:/Applications/NetBeans/NetBeans 7.2.1.app/Contents/Resources/NetBeans/java/modules/ext/spring-3.0/spring-beans-3.1.1.RELEASE.jar:/Applications/NetBeans/NetBeans 7.2.1.app/Contents/Resources/NetBeans/java/modules/ext/spring-3.0/spring-context-3.1.1.RELEASE.jar:/Applications/NetBeans/NetBeans 7.2.1.app/Contents/Resources/NetBeans/java/modules/ext/spring-3.0/spring-context-support-3.1.1.RELEASE.jar:/Applications/NetBeans/NetBeans 7.2.1.app/Contents/Resources/NetBeans/java/modules/ext/spring-3.0/spring-core-3.1.1.RELEASE.jar:/Applications/NetBeans/NetBeans 7.2.1.app/Contents/Resources/NetBeans/java/modules/ext/spring-3.0/spring-expression-3.1.1.RELEASE.jar:/Applications/NetBeans/NetBeans 7.2.1.app/Contents/Resources/NetBeans/java/modules/ext/spring-3.0/spring-instrument-3.1.1.RELEASE.jar:/Applications/NetBeans/NetBeans 7.2.1.app/Contents/Resources/NetBeans/java/modules/ext/spring-3.0/spring-instrument-tomcat-3.1.1.RELEASE.jar:/Applications/NetBeans/NetBeans 7.2.1.app/Contents/Resources/NetBeans/java/modules/ext/spring-3.0/spring-jdbc-3.1.1.RELEASE.jar:/Applications/NetBeans/NetBeans 7.2.1.app/Contents/Resources/NetBeans/java/modules/ext/spring-3.0/spring-jms-3.1.1.RELEASE.jar:/Applications/NetBeans/NetBeans 7.2.1.app/Contents/Resources/NetBeans/java/modules/ext/spring-3.0/spring-orm-3.1.1.RELEASE.jar:/Applications/NetBeans/NetBeans 7.2.1.app/Contents/Resources/NetBeans/java/modules/ext/spring-3.0/spring-oxm-3.1.1.RELEASE.jar:/Applications/NetBeans/NetBeans 7.2.1.app/Contents/Resources/NetBeans/java/modules/ext/spring-3.0/spring-test-3.1.1.RELEASE.jar:/Applications/NetBeans/NetBeans 7.2.1.app/Contents/Resources/NetBeans/java/modules/ext/spring-3.0/spring-tx-3.1.1.RELEASE.jar:/Applications/NetBeans/NetBeans 7.2.1.app/Contents/Resources/NetBeans/java/modules/ext/spring-3.0/spring-web-3.1.1.RELEASE.jar:/Applications/NetBeans/NetBeans 7.2.1.app/Contents/Resources/NetBeans/java/modules/ext/spring-3.0/spring-webmvc-portlet-3.1.1.RELEASE.jar:/Applications/NetBeans/NetBeans 7.2.1.app/Contents/Resources/NetBeans/java/modules/ext/spring-3.0/spring-webmvc-3.1.1.RELEASE.jar:/Applications/NetBeans/NetBeans 7.2.1.app/Contents/Resources/NetBeans/java/modules/ext/spring-3.0/spring-struts-3.1.1.RELEASE.jar" />
    <property name="run.jvmargs" value="" />
    <property name="libs.ejb3-persistence.classpath" value="/Applications/NetBeans/NetBeans 7.2.1.app/Contents/Resources/NetBeans/java/modules/ext/hibernate/ejb3-persistence.jar" />
    <property name="libs.JAXB-ENDORSED.src" value="" />
    <property name="libs.spring-framework.javadoc" value="" />
    <property name="libs.testng.javadoc" value="/Applications/NetBeans/NetBeans 7.2.1.app/Contents/Resources/NetBeans/platform/docs/testng-6.5.1-javadoc.zip" />
    <property name="libs.PostgreSQLDriver.classpath" value="/Applications/NetBeans/NetBeans 7.2.1.app/Contents/Resources/NetBeans/ide/modules/ext/postgresql-9.1-901.jdbc4.jar" />
    <property name="ant.file.type.ReaDDy" value="file" />
    <property name="jnlp.signing" value="" />
    <property name="libs.junit.src" value="" />
    <property name="annotation.processing.source.output" value="build/generated-sources/ap-source-output" />
    <property name="jnlp.signed" value="false" />
    <property name="main.class" value="readdy.Main" />
    <property name="libs.CopyLibs.src" value="" />
    <property name="build.dir" value="build" />
    <property name="ant.version" value="Apache Ant(TM) version 1.8.3 compiled on February 26 2012" />
    <property name="file.encoding" value="US-ASCII" />
    <property name="build.classes.excludes" value="**/*.java,**/*.form" />
    <property name="jdkBug6558476" value="false" />
    <property name="javadoc.nonavbar" value="false" />
    <property name="platform.active" value="default_platform" />
    <property name="awt.toolkit" value="sun.lwawt.macosx.LWCToolkit" />
  </properties>
  <testcase classname="readdy.impl.sim.core.CoreTest" name="testStep" time="5.971" />
  <system-out><![CDATA[CoreTEST...:

parse param_global...
parsing param_global file: /Users/johannesschoeneberg/Desktop/PhD/projects/ReaDDy/gitHub/readdy/./test/testInputFiles/test_core/coreTest_param_global.xml
... done.
parse ParamParticles
parsing param_particles file: /Users/johannesschoeneberg/Desktop/PhD/projects/ReaDDy/gitHub/readdy/./test/testInputFiles/test_core/coreTest_param_particles.xml
... done.
parsing tplgy_potentials file: /Users/johannesschoeneberg/Desktop/PhD/projects/ReaDDy/gitHub/readdy/./test/testInputFiles/test_core/coreTest_tplgy_potentials.xml
... done.
latticeBoxSize!!! :2.0
parse tplgyCoordinatesFile
parsing tplgy_coordinates file: /Users/johannesschoeneberg/Desktop/PhD/projects/ReaDDy/gitHub/readdy/./test/testInputFiles/test_core/coreTest_tplgy_coordinates.xml
... done.
---------------------------------------
NeighborLattice construction... 
num Dimensions:          3
latice origin:           -50.0 -50.0 -50.0
latice extension:        100.0 100.0 100.0
num boxes per dimension: 50,50,50
box edge length per dim: 2.0 2.0 2.0
total num boxes:         125000
... lattice ready.
---------------------------------------
parse elementalReactions...
parsing react_elmtlRk file: /Users/johannesschoeneberg/Desktop/PhD/projects/ReaDDy/gitHub/readdy/./test/testInputFiles/test_core/coreTest_react_elmtlRk.xml
trimed: 0
trimed: 1
trimed: 2
trimed: 3
trimed: 4
... done.
step
rk
<OccurredElementalReaction>
	 elmtlRkId: 1
	 p(id,type,coords) 34 2 3.990089609278295 5.071473882085485 1.021585013942757
</OccurredElementalReaction>
100
Neighbor List consistency Check...
--------
nle(id0,id1,dist): 5 6 1.3499567064900373
list:
dist: 1.3499567064900373 vs. 1.3499567064900373
--------
nle(id0,id1,dist): 5 7 1.5657404685056655
list:
dist: 1.5657404685056655 vs. 1.5657404685056655
--------
nle(id0,id1,dist): 4 37 4.055836287978851
list:
dist: 4.055836287978851 vs. 4.055836287978851
--------
nle(id0,id1,dist): 4 40 4.2687516623585315
list:
dist: 4.2687516623585315 vs. 4.2687516623585315
--------
nle(id0,id1,dist): 4 35 4.807108310216264
list:
dist: 4.807108310216264 vs. 4.807108310216264
--------
nle(id0,id1,dist): 4 30 3.7714590706373583
list:
dist: 3.7714590706373583 vs. 3.7714590706373583
--------
nle(id0,id1,dist): 4 31 4.393289112138711
list:
dist: 4.393289112138711 vs. 4.393289112138711
--------
nle(id0,id1,dist): 4 32 3.6710329480005632
list:
dist: 3.6710329480005632 vs. 3.6710329480005632
--------
nle(id0,id1,dist): 5 21 2.6249051564153563
list:
dist: 2.6249051564153563 vs. 2.6249051564153563
--------
nle(id0,id1,dist): 5 20 2.684521653193243
list:
dist: 2.684521653193243 vs. 2.684521653193243
--------
nle(id0,id1,dist): 5 23 2.9382435298646215
list:
dist: 2.9382435298646215 vs. 2.9382435298646215
--------
nle(id0,id1,dist): 5 22 3.3797150784783585
list:
dist: 3.3797150784783585 vs. 3.3797150784783585
--------
nle(id0,id1,dist): 5 17 2.267575868245046
list:
dist: 2.267575868245046 vs. 2.267575868245046
--------
nle(id0,id1,dist): 5 19 3.4782540707706526
list:
dist: 3.4782540707706526 vs. 3.4782540707706526
--------
nle(id0,id1,dist): 5 18 1.4203114141838071
list:
dist: 1.4203114141838071 vs. 1.4203114141838071
--------
nle(id0,id1,dist): 5 13 2.359460533442497
list:
dist: 2.359460533442497 vs. 2.359460533442497
--------
nle(id0,id1,dist): 5 12 2.1192186235309163
list:
dist: 2.1192186235309163 vs. 2.1192186235309163
--------
nle(id0,id1,dist): 5 15 2.8829219145002285
list:
dist: 2.8829219145002285 vs. 2.8829219145002285
--------
nle(id0,id1,dist): 5 14 1.2318217893282157
list:
dist: 1.2318217893282157 vs. 1.2318217893282157
--------
nle(id0,id1,dist): 5 9 1.133967453411016
list:
dist: 1.133967453411016 vs. 1.133967453411016
--------
nle(id0,id1,dist): 5 8 0.9026243184642212
list:
dist: 0.9026243184642212 vs. 0.9026243184642212
--------
nle(id0,id1,dist): 5 11 1.9790380807525103
list:
dist: 1.9790380807525103 vs. 1.9790380807525103
--------
nle(id0,id1,dist): 5 10 1.7189931551006479
list:
dist: 1.7189931551006479 vs. 1.7189931551006479
--------
nle(id0,id1,dist): 4 11 1.37021633601819
list:
dist: 1.37021633601819 vs. 1.37021633601819
--------
nle(id0,id1,dist): 4 12 0.918757537872556
list:
dist: 0.918757537872556 vs. 0.918757537872556
--------
nle(id0,id1,dist): 4 9 1.13889824422309
list:
dist: 1.13889824422309 vs. 1.13889824422309
--------
nle(id0,id1,dist): 4 10 1.564777247181876
list:
dist: 1.564777247181876 vs. 1.564777247181876
--------
nle(id0,id1,dist): 4 7 1.6467299444219528
list:
dist: 1.6467299444219528 vs. 1.6467299444219528
--------
nle(id0,id1,dist): 4 8 1.8201988411375587
list:
dist: 1.8201988411375587 vs. 1.8201988411375587
--------
nle(id0,id1,dist): 4 5 2.2636709339071537
list:
dist: 2.2636709339071537 vs. 2.2636709339071537
--------
nle(id0,id1,dist): 4 6 1.088311967651494
list:
dist: 1.088311967651494 vs. 1.088311967651494
--------
nle(id0,id1,dist): 4 28 3.5051554665738007
list:
dist: 3.5051554665738007 vs. 3.5051554665738007
--------
nle(id0,id1,dist): 4 27 2.8673616157682438
list:
dist: 2.8673616157682438 vs. 2.8673616157682438
--------
nle(id0,id1,dist): 4 25 3.401177946310521
list:
dist: 3.401177946310521 vs. 3.401177946310521
--------
nle(id0,id1,dist): 4 24 2.784699491255993
list:
dist: 2.784699491255993 vs. 2.784699491255993
--------
nle(id0,id1,dist): 4 23 2.2633553652816905
list:
dist: 2.2633553652816905 vs. 2.2633553652816905
--------
nle(id0,id1,dist): 4 22 2.9586266360033693
list:
dist: 2.9586266360033693 vs. 2.9586266360033693
--------
nle(id0,id1,dist): 4 21 2.045679818057025
list:
dist: 2.045679818057025 vs. 2.045679818057025
--------
nle(id0,id1,dist): 4 20 1.8807372993973825
list:
dist: 1.8807372993973825 vs. 1.8807372993973825
--------
nle(id0,id1,dist): 4 19 2.456458838581235
list:
dist: 2.456458838581235 vs. 2.456458838581235
--------
nle(id0,id1,dist): 4 18 1.4334955653673456
list:
dist: 1.4334955653673456 vs. 1.4334955653673456
--------
nle(id0,id1,dist): 4 17 0.9721675925766419
list:
dist: 0.9721675925766419 vs. 0.9721675925766419
--------
nle(id0,id1,dist): 4 16 2.316953439020738
list:
dist: 2.316953439020738 vs. 2.316953439020738
--------
nle(id0,id1,dist): 4 15 1.5888749624754166
list:
dist: 1.5888749624754166 vs. 1.5888749624754166
--------
nle(id0,id1,dist): 4 14 1.5809115423949143
list:
dist: 1.5809115423949143 vs. 1.5809115423949143
--------
nle(id0,id1,dist): 4 13 1.2858608693722704
list:
dist: 1.2858608693722704 vs. 1.2858608693722704
--------
nle(id0,id1,dist): 6 27 2.9653673114425145
list:
dist: 2.9653673114425145 vs. 2.9653673114425145
--------
nle(id0,id1,dist): 6 19 3.0226110298053497
list:
dist: 3.0226110298053497 vs. 3.0226110298053497
--------
nle(id0,id1,dist): 6 20 2.3885812249046987
list:
dist: 2.3885812249046987 vs. 2.3885812249046987
--------
nle(id0,id1,dist): 6 21 2.4579681303318623
list:
dist: 2.4579681303318623 vs. 2.4579681303318623
--------
nle(id0,id1,dist): 6 22 3.331758306536831
list:
dist: 3.331758306536831 vs. 3.331758306536831
--------
nle(id0,id1,dist): 6 23 2.7090941186544577
list:
dist: 2.7090941186544577 vs. 2.7090941186544577
--------
nle(id0,id1,dist): 6 24 2.7731164444178087
list:
dist: 2.7731164444178087 vs. 2.7731164444178087
--------
nle(id0,id1,dist): 7 9 1.0387169200154434
list:
dist: 1.0387169200154434 vs. 1.0387169200154434
--------
nle(id0,id1,dist): 7 8 1.6743698042802886
list:
dist: 1.6743698042802886 vs. 1.6743698042802886
--------
nle(id0,id1,dist): 7 11 0.7097012149471947
list:
dist: 0.7097012149471947 vs. 0.7097012149471947
--------
nle(id0,id1,dist): 7 10 1.670690556180303
list:
dist: 1.670690556180303 vs. 1.670690556180303
--------
nle(id0,id1,dist): 7 13 1.191436047825216
list:
dist: 1.191436047825216 vs. 1.191436047825216
--------
nle(id0,id1,dist): 7 12 1.447729104368603
list:
dist: 1.447729104368603 vs. 1.447729104368603
--------
nle(id0,id1,dist): 5 26 2.9254315534127744
list:
dist: 2.9254315534127744 vs. 2.9254315534127744
--------
nle(id0,id1,dist): 5 27 2.8506027691689604
list:
dist: 2.8506027691689604 vs. 2.8506027691689604
--------
nle(id0,id1,dist): 5 24 2.3289397834722156
list:
dist: 2.3289397834722156 vs. 2.3289397834722156
--------
nle(id0,id1,dist): 5 29 4.15762312399842
list:
dist: 4.15762312399842 vs. 4.15762312399842
--------
nle(id0,id1,dist): 6 14 1.310486071423205
list:
dist: 1.310486071423205 vs. 1.310486071423205
--------
nle(id0,id1,dist): 6 13 1.704004839503193
list:
dist: 1.704004839503193 vs. 1.704004839503193
--------
nle(id0,id1,dist): 6 12 1.3796064046463636
list:
dist: 1.3796064046463636 vs. 1.3796064046463636
--------
nle(id0,id1,dist): 6 11 1.6674080812388274
list:
dist: 1.6674080812388274 vs. 1.6674080812388274
--------
nle(id0,id1,dist): 6 18 1.2142814695112936
list:
dist: 1.2142814695112936 vs. 1.2142814695112936
--------
nle(id0,id1,dist): 6 17 1.5631874274285396
list:
dist: 1.5631874274285396 vs. 1.5631874274285396
--------
nle(id0,id1,dist): 6 15 2.311513628315863
list:
dist: 2.311513628315863 vs. 2.311513628315863
--------
nle(id0,id1,dist): 6 10 1.4106629794504493
list:
dist: 1.4106629794504493 vs. 1.4106629794504493
--------
nle(id0,id1,dist): 6 9 0.5668383551225593
list:
dist: 0.5668383551225593 vs. 0.5668383551225593
--------
nle(id0,id1,dist): 6 8 0.8195636996511566
list:
dist: 0.8195636996511566 vs. 0.8195636996511566
--------
nle(id0,id1,dist): 6 7 1.5779069781757038
list:
dist: 1.5779069781757038 vs. 1.5779069781757038
--------
nle(id0,id1,dist): 5 44 4.708255388991036
list:
dist: 4.708255388991036 vs. 4.708255388991036
--------
nle(id0,id1,dist): 8 14 1.3812934276046407
list:
dist: 1.3812934276046407 vs. 1.3812934276046407
--------
nle(id0,id1,dist): 8 13 1.967329657656582
list:
dist: 1.967329657656582 vs. 1.967329657656582
--------
nle(id0,id1,dist): 8 15 2.73986583405828
list:
dist: 2.73986583405828 vs. 2.73986583405828
--------
nle(id0,id1,dist): 8 10 1.9322375136728895
list:
dist: 1.9322375136728895 vs. 1.9322375136728895
--------
nle(id0,id1,dist): 8 9 0.9332087344708413
list:
dist: 0.9332087344708413 vs. 0.9332087344708413
--------
nle(id0,id1,dist): 8 12 2.0568634472526544
list:
dist: 2.0568634472526544 vs. 2.0568634472526544
--------
nle(id0,id1,dist): 8 11 2.0569865418174302
list:
dist: 2.0569865418174302 vs. 2.0569865418174302
--------
nle(id0,id1,dist): 8 22 3.41332941376433
list:
dist: 3.41332941376433 vs. 3.41332941376433
--------
nle(id0,id1,dist): 8 21 2.721718941190895
list:
dist: 2.721718941190895 vs. 2.721718941190895
--------
nle(id0,id1,dist): 8 24 2.792998645098778
list:
dist: 2.792998645098778 vs. 2.792998645098778
--------
nle(id0,id1,dist): 8 23 2.8935499538997504
list:
dist: 2.8935499538997504 vs. 2.8935499538997504
--------
nle(id0,id1,dist): 8 18 1.2451592519990322
list:
dist: 1.2451592519990322 vs. 1.2451592519990322
--------
nle(id0,id1,dist): 8 17 1.999744511646049
list:
dist: 1.999744511646049 vs. 1.999744511646049
--------
nle(id0,id1,dist): 8 20 2.7111953706158594
list:
dist: 2.7111953706158594 vs. 2.7111953706158594
--------
nle(id0,id1,dist): 8 19 3.215088727714526
list:
dist: 3.215088727714526 vs. 3.215088727714526
--------
nle(id0,id1,dist): 8 27 2.84337777139938
list:
dist: 2.84337777139938 vs. 2.84337777139938
--------
nle(id0,id1,dist): 7 21 1.0870628526369923
list:
dist: 1.0870628526369923 vs. 1.0870628526369923
--------
nle(id0,id1,dist): 7 20 1.143471291344589
list:
dist: 1.143471291344589 vs. 1.143471291344589
--------
nle(id0,id1,dist): 7 19 2.0450681763241776
list:
dist: 2.0450681763241776 vs. 2.0450681763241776
--------
nle(id0,id1,dist): 7 18 0.5656780693517868
list:
dist: 0.5656780693517868 vs. 0.5656780693517868
--------
nle(id0,id1,dist): 7 17 1.0209798132740595
list:
dist: 1.0209798132740595 vs. 1.0209798132740595
--------
nle(id0,id1,dist): 7 15 1.4086505160159999
list:
dist: 1.4086505160159999 vs. 1.4086505160159999
--------
nle(id0,id1,dist): 7 14 0.3592000717261307
list:
dist: 0.3592000717261307 vs. 0.3592000717261307
--------
nle(id0,id1,dist): 7 29 2.9520045666378403
list:
dist: 2.9520045666378403 vs. 2.9520045666378403
--------
nle(id0,id1,dist): 7 27 1.6386596733145606
list:
dist: 1.6386596733145606 vs. 1.6386596733145606
--------
nle(id0,id1,dist): 7 26 1.638704669286599
list:
dist: 1.638704669286599 vs. 1.638704669286599
--------
nle(id0,id1,dist): 7 24 1.2909506743765657
list:
dist: 1.2909506743765657 vs. 1.2909506743765657
--------
nle(id0,id1,dist): 7 23 1.39563277655455
list:
dist: 1.39563277655455 vs. 1.39563277655455
--------
nle(id0,id1,dist): 7 22 1.9070625915018864
list:
dist: 1.9070625915018864 vs. 1.9070625915018864
--------
nle(id0,id1,dist): 7 44 3.697639825536414
list:
dist: 3.697639825536414 vs. 3.697639825536414
--------
nle(id0,id1,dist): 10 12 0.8559662824669751
list:
dist: 0.8559662824669751 vs. 0.8559662824669751
--------
nle(id0,id1,dist): 10 11 1.3496969532274268
list:
dist: 1.3496969532274268 vs. 1.3496969532274268
--------
nle(id0,id1,dist): 10 14 1.4480026358318232
list:
dist: 1.4480026358318232 vs. 1.4480026358318232
--------
nle(id0,id1,dist): 10 13 2.3180477138314686
list:
dist: 2.3180477138314686 vs. 2.3180477138314686
--------
nle(id0,id1,dist): 10 15 2.274671241132602
list:
dist: 2.274671241132602 vs. 2.274671241132602
--------
nle(id0,id1,dist): 10 17 1.8550882238446988
list:
dist: 1.8550882238446988 vs. 1.8550882238446988
--------
nle(id0,id1,dist): 10 18 1.7912604745117557
list:
dist: 1.7912604745117557 vs. 1.7912604745117557
--------
nle(id0,id1,dist): 10 19 3.385678221853192
list:
dist: 3.385678221853192 vs. 3.385678221853192
--------
nle(id0,id1,dist): 10 20 2.188061165768238
list:
dist: 2.188061165768238 vs. 2.188061165768238
--------
nle(id0,id1,dist): 10 21 2.2171112632407146
list:
dist: 2.2171112632407146 vs. 2.2171112632407146
--------
nle(id0,id1,dist): 10 22 3.3696922499107886
list:
dist: 3.3696922499107886 vs. 3.3696922499107886
--------
nle(id0,id1,dist): 10 23 2.7776879189321786
list:
dist: 2.7776879189321786 vs. 2.7776879189321786
--------
nle(id0,id1,dist): 10 24 2.315830954130421
list:
dist: 2.315830954130421 vs. 2.315830954130421
--------
nle(id0,id1,dist): 10 27 3.2971984988548484
list:
dist: 3.2971984988548484 vs. 3.2971984988548484
--------
nle(id0,id1,dist): 9 11 1.1832185180653605
list:
dist: 1.1832185180653605 vs. 1.1832185180653605
--------
nle(id0,id1,dist): 9 10 1.1901241714658648
list:
dist: 1.1901241714658648 vs. 1.1901241714658648
--------
nle(id0,id1,dist): 9 15 1.9572145196712374
list:
dist: 1.9572145196712374 vs. 1.9572145196712374
--------
nle(id0,id1,dist): 9 14 0.7537951156727809
list:
dist: 0.7537951156727809 vs. 0.7537951156727809
--------
nle(id0,id1,dist): 9 13 1.4664072411694669
list:
dist: 1.4664072411694669 vs. 1.4664072411694669
--------
nle(id0,id1,dist): 9 12 1.151548134596336
list:
dist: 1.151548134596336 vs. 1.151548134596336
--------
nle(id0,id1,dist): 9 19 2.714425654138182
list:
dist: 2.714425654138182 vs. 2.714425654138182
--------
nle(id0,id1,dist): 9 18 0.7859062611704538
list:
dist: 0.7859062611704538 vs. 0.7859062611704538
--------
nle(id0,id1,dist): 9 17 1.2611370608610608
list:
dist: 1.2611370608610608 vs. 1.2611370608610608
--------
nle(id0,id1,dist): 9 22 2.871273165331522
list:
dist: 2.871273165331522 vs. 2.871273165331522
--------
nle(id0,id1,dist): 9 23 2.27301109219193
list:
dist: 2.27301109219193 vs. 2.27301109219193
--------
nle(id0,id1,dist): 9 20 1.9306836454708356
list:
dist: 1.9306836454708356 vs. 1.9306836454708356
--------
nle(id0,id1,dist): 9 21 1.9666044777231602
list:
dist: 1.9666044777231602 vs. 1.9666044777231602
--------
nle(id0,id1,dist): 9 27 2.535517464732785
list:
dist: 2.535517464732785 vs. 2.535517464732785
--------
nle(id0,id1,dist): 9 24 2.206432088130763
list:
dist: 2.206432088130763 vs. 2.206432088130763
--------
nle(id0,id1,dist): 12 20 1.62491645601913
list:
dist: 1.62491645601913 vs. 1.62491645601913
--------
nle(id0,id1,dist): 12 19 2.7091509131455767
list:
dist: 2.7091509131455767 vs. 2.7091509131455767
--------
nle(id0,id1,dist): 12 18 1.5398821370490081
list:
dist: 1.5398821370490081 vs. 1.5398821370490081
--------
nle(id0,id1,dist): 12 17 1.1742996566658064
list:
dist: 1.1742996566658064 vs. 1.1742996566658064
--------
nle(id0,id1,dist): 12 16 2.2609914334027144
list:
dist: 2.2609914334027144 vs. 2.2609914334027144
--------
nle(id0,id1,dist): 12 15 1.5477496801497213
list:
dist: 1.5477496801497213 vs. 1.5477496801497213
--------
nle(id0,id1,dist): 12 14 1.3688457919590233
list:
dist: 1.3688457919590233 vs. 1.3688457919590233
--------
nle(id0,id1,dist): 12 13 1.7065192287820945
list:
dist: 1.7065192287820945 vs. 1.7065192287820945
--------
nle(id0,id1,dist): 11 50 4.428952008768686
list:
dist: 4.428952008768686 vs. 4.428952008768686
--------
nle(id0,id1,dist): 11 41 3.495491942239785
list:
dist: 3.495491942239785 vs. 3.495491942239785
--------
nle(id0,id1,dist): 11 32 3.713607097471439
list:
dist: 3.713607097471439 vs. 3.713607097471439
--------
nle(id0,id1,dist): 11 31 3.9245258398990717
list:
dist: 3.9245258398990717 vs. 3.9245258398990717
--------
nle(id0,id1,dist): 11 28 2.8625570734827037
list:
dist: 2.8625570734827037 vs. 2.8625570734827037
--------
nle(id0,id1,dist): 11 29 3.2159965125848657
list:
dist: 3.2159965125848657 vs. 3.2159965125848657
--------
nle(id0,id1,dist): 11 26 1.9322792837341956
list:
dist: 1.9322792837341956 vs. 1.9322792837341956
--------
nle(id0,id1,dist): 11 27 2.0753974813555174
list:
dist: 2.0753974813555174 vs. 2.0753974813555174
--------
nle(id0,id1,dist): 11 23 1.429520533709405
list:
dist: 1.429520533709405 vs. 1.429520533709405
--------
nle(id0,id1,dist): 11 22 2.0356171768587097
list:
dist: 2.0356171768587097 vs. 2.0356171768587097
--------
nle(id0,id1,dist): 11 25 2.5634381047847925
list:
dist: 2.5634381047847925 vs. 2.5634381047847925
--------
nle(id0,id1,dist): 11 24 1.4456825452617685
list:
dist: 1.4456825452617685 vs. 1.4456825452617685
--------
nle(id0,id1,dist): 11 19 2.098904056752375
list:
dist: 2.098904056752375 vs. 2.098904056752375
--------
nle(id0,id1,dist): 11 18 1.06901669973186
list:
dist: 1.06901669973186 vs. 1.06901669973186
--------
nle(id0,id1,dist): 11 21 0.9008130505211145
list:
dist: 0.9008130505211145 vs. 0.9008130505211145
--------
nle(id0,id1,dist): 11 20 0.8633776156388597
list:
dist: 0.8633776156388597 vs. 0.8633776156388597
--------
nle(id0,id1,dist): 11 15 1.0527770509592473
list:
dist: 1.0527770509592473 vs. 1.0527770509592473
--------
nle(id0,id1,dist): 11 14 0.8366701130798004
list:
dist: 0.8366701130798004 vs. 0.8366701130798004
--------
nle(id0,id1,dist): 11 17 0.8346049248749919
list:
dist: 0.8346049248749919 vs. 0.8346049248749919
--------
nle(id0,id1,dist): 11 16 2.044423149041023
list:
dist: 2.044423149041023 vs. 2.044423149041023
--------
nle(id0,id1,dist): 11 13 1.3059686733217641
list:
dist: 1.3059686733217641 vs. 1.3059686733217641
--------
nle(id0,id1,dist): 11 12 0.9136824023669265
list:
dist: 0.9136824023669265 vs. 0.9136824023669265
--------
nle(id0,id1,dist): 13 43 3.923898855411718
list:
dist: 3.923898855411718 vs. 3.923898855411718
--------
nle(id0,id1,dist): 13 42 3.861764251619294
list:
dist: 3.861764251619294 vs. 3.861764251619294
--------
nle(id0,id1,dist): 13 41 2.7620891398603082
list:
dist: 2.7620891398603082 vs. 2.7620891398603082
--------
nle(id0,id1,dist): 13 40 3.04798071131122
list:
dist: 3.04798071131122 vs. 3.04798071131122
--------
nle(id0,id1,dist): 13 47 4.230550226376212
list:
dist: 4.230550226376212 vs. 4.230550226376212
--------
nle(id0,id1,dist): 13 46 3.785301538417032
list:
dist: 3.785301538417032 vs. 3.785301538417032
--------
nle(id0,id1,dist): 13 44 3.409545400790327
list:
dist: 3.409545400790327 vs. 3.409545400790327
--------
nle(id0,id1,dist): 13 35 3.708988019378652
list:
dist: 3.708988019378652 vs. 3.708988019378652
--------
nle(id0,id1,dist): 13 33 2.8669825103109394
list:
dist: 2.8669825103109394 vs. 2.8669825103109394
--------
nle(id0,id1,dist): 13 32 2.8806110882989686
list:
dist: 2.8806110882989686 vs. 2.8806110882989686
--------
nle(id0,id1,dist): 13 39 4.1511715073397655
list:
dist: 4.1511715073397655 vs. 4.1511715073397655
--------
nle(id0,id1,dist): 13 37 3.065922184088702
list:
dist: 3.065922184088702 vs. 3.065922184088702
--------
nle(id0,id1,dist): 13 26 2.0915918809366207
list:
dist: 2.0915918809366207 vs. 2.0915918809366207
--------
nle(id0,id1,dist): 13 27 1.6827664740079329
list:
dist: 1.6827664740079329 vs. 1.6827664740079329
--------
nle(id0,id1,dist): 13 24 2.2753243184212484
list:
dist: 2.2753243184212484 vs. 2.2753243184212484
--------
nle(id0,id1,dist): 13 25 2.4499705230731115
list:
dist: 2.4499705230731115 vs. 2.4499705230731115
--------
nle(id0,id1,dist): 13 30 2.7157137133110854
list:
dist: 2.7157137133110854 vs. 2.7157137133110854
--------
nle(id0,id1,dist): 13 31 3.3146327815376257
list:
dist: 3.3146327815376257 vs. 3.3146327815376257
--------
nle(id0,id1,dist): 13 28 2.4753311006296386
list:
dist: 2.4753311006296386 vs. 2.4753311006296386
--------
nle(id0,id1,dist): 13 29 3.2189939442232562
list:
dist: 3.2189939442232562 vs. 3.2189939442232562
--------
nle(id0,id1,dist): 13 18 0.9651797473026323
list:
dist: 0.9651797473026323 vs. 0.9651797473026323
--------
nle(id0,id1,dist): 13 19 1.3276320456357307
list:
dist: 1.3276320456357307 vs. 1.3276320456357307
--------
nle(id0,id1,dist): 13 16 2.076361653070859
list:
dist: 2.076361653070859 vs. 2.076361653070859
--------
nle(id0,id1,dist): 13 17 0.5768092048571549
list:
dist: 0.5768092048571549 vs. 0.5768092048571549
--------
nle(id0,id1,dist): 13 22 1.8965619994376994
list:
dist: 1.8965619994376994 vs. 1.8965619994376994
--------
nle(id0,id1,dist): 13 23 1.2739760984036652
list:
dist: 1.2739760984036652 vs. 1.2739760984036652
--------
nle(id0,id1,dist): 13 20 1.303268417996268
list:
dist: 1.303268417996268 vs. 1.303268417996268
--------
nle(id0,id1,dist): 13 21 1.4324159528487128
list:
dist: 1.4324159528487128 vs. 1.4324159528487128
--------
nle(id0,id1,dist): 13 15 1.0781432467907655
list:
dist: 1.0781432467907655 vs. 1.0781432467907655
--------
nle(id0,id1,dist): 13 14 1.3608039543718018
list:
dist: 1.3608039543718018 vs. 1.3608039543718018
--------
nle(id0,id1,dist): 12 31 4.5759076960613765
list:
dist: 4.5759076960613765 vs. 4.5759076960613765
--------
nle(id0,id1,dist): 12 32 4.074195253042045
list:
dist: 4.074195253042045 vs. 4.074195253042045
--------
nle(id0,id1,dist): 12 21 1.7369171138766497
list:
dist: 1.7369171138766497 vs. 1.7369171138766497
--------
nle(id0,id1,dist): 12 22 2.876965759479445
list:
dist: 2.876965759479445 vs. 2.876965759479445
--------
nle(id0,id1,dist): 12 23 2.218581610491052
list:
dist: 2.218581610491052 vs. 2.218581610491052
--------
nle(id0,id1,dist): 12 24 2.271519068785944
list:
dist: 2.271519068785944 vs. 2.271519068785944
--------
nle(id0,id1,dist): 12 25 3.30421713274711
list:
dist: 3.30421713274711 vs. 3.30421713274711
--------
nle(id0,id1,dist): 12 27 2.9175453200269397
list:
dist: 2.9175453200269397 vs. 2.9175453200269397
--------
nle(id0,id1,dist): 12 28 3.5558842040683643
list:
dist: 3.5558842040683643 vs. 3.5558842040683643
--------
nle(id0,id1,dist): 15 28 2.022923470148269
list:
dist: 2.022923470148269 vs. 2.022923470148269
--------
nle(id0,id1,dist): 15 29 2.9666185354615564
list:
dist: 2.9666185354615564 vs. 2.9666185354615564
--------
nle(id0,id1,dist): 15 26 1.8981064607780413
list:
dist: 1.8981064607780413 vs. 1.8981064607780413
--------
nle(id0,id1,dist): 15 27 1.8965718470723176
list:
dist: 1.8965718470723176 vs. 1.8965718470723176
--------
nle(id0,id1,dist): 15 24 1.9712734311271785
list:
dist: 1.9712734311271785 vs. 1.9712734311271785
--------
nle(id0,id1,dist): 15 25 1.8415694670508747
list:
dist: 1.8415694670508747 vs. 1.8415694670508747
--------
nle(id0,id1,dist): 15 22 1.5602930334944254
list:
dist: 1.5602930334944254 vs. 1.5602930334944254
--------
nle(id0,id1,dist): 15 23 0.8987445192451567
list:
dist: 0.8987445192451567 vs. 0.8987445192451567
--------
nle(id0,id1,dist): 15 37 3.0527554343846757
list:
dist: 3.0527554343846757 vs. 3.0527554343846757
--------
nle(id0,id1,dist): 15 35 4.035265860300991
list:
dist: 4.035265860300991 vs. 4.035265860300991
--------
nle(id0,id1,dist): 15 32 2.6906803022872268
list:
dist: 2.6906803022872268 vs. 2.6906803022872268
--------
nle(id0,id1,dist): 15 33 3.012287979331733
list:
dist: 3.012287979331733 vs. 3.012287979331733
--------
nle(id0,id1,dist): 15 30 2.823688013063884
list:
dist: 2.823688013063884 vs. 2.823688013063884
--------
nle(id0,id1,dist): 15 31 3.03331556971314
list:
dist: 3.03331556971314 vs. 3.03331556971314
--------
nle(id0,id1,dist): 14 44 3.9713829774563845
list:
dist: 3.9713829774563845 vs. 3.9713829774563845
--------
nle(id0,id1,dist): 15 21 0.8087192076048476
list:
dist: 0.8087192076048476 vs. 0.8087192076048476
--------
nle(id0,id1,dist): 15 20 0.5657802799376364
list:
dist: 0.5657802799376364 vs. 0.5657802799376364
--------
nle(id0,id1,dist): 15 19 1.2783293539671305
list:
dist: 1.2783293539671305 vs. 1.2783293539671305
--------
nle(id0,id1,dist): 15 18 1.6026562883116422
list:
dist: 1.6026562883116422 vs. 1.6026562883116422
--------
nle(id0,id1,dist): 15 17 0.7773965299283302
list:
dist: 0.7773965299283302 vs. 0.7773965299283302
--------
nle(id0,id1,dist): 15 16 1.1416755962750447
list:
dist: 1.1416755962750447 vs. 1.1416755962750447
--------
nle(id0,id1,dist): 14 27 1.938096279720689
list:
dist: 1.938096279720689 vs. 1.938096279720689
--------
nle(id0,id1,dist): 14 29 3.2667750510176403
list:
dist: 3.2667750510176403 vs. 3.2667750510176403
--------
nle(id0,id1,dist): 13 53 4.578359408318359
list:
dist: 4.578359408318359 vs. 4.578359408318359
--------
nle(id0,id1,dist): 13 52 4.395896073063699
list:
dist: 4.395896073063699 vs. 4.395896073063699
--------
nle(id0,id1,dist): 14 15 1.6761807144955916
list:
dist: 1.6761807144955916 vs. 1.6761807144955916
--------
nle(id0,id1,dist): 14 18 0.5249633880334432
list:
dist: 0.5249633880334432 vs. 0.5249633880334432
--------
nle(id0,id1,dist): 13 55 4.885189253953403
list:
dist: 4.885189253953403 vs. 4.885189253953403
--------
nle(id0,id1,dist): 14 17 1.173224996737023
list:
dist: 1.173224996737023 vs. 1.173224996737023
--------
nle(id0,id1,dist): 13 49 5.083010753866212
list:
dist: 5.083010753866212 vs. 5.083010753866212
--------
nle(id0,id1,dist): 13 48 4.942528262506673
list:
dist: 4.942528262506673 vs. 4.942528262506673
--------
nle(id0,id1,dist): 13 51 4.1516956076358635
list:
dist: 4.1516956076358635 vs. 4.1516956076358635
--------
nle(id0,id1,dist): 13 50 3.908144463807729
list:
dist: 3.908144463807729 vs. 3.908144463807729
--------
nle(id0,id1,dist): 14 24 1.4852114920837598
list:
dist: 1.4852114920837598 vs. 1.4852114920837598
--------
nle(id0,id1,dist): 14 23 1.749104840646923
list:
dist: 1.749104840646923 vs. 1.749104840646923
--------
nle(id0,id1,dist): 14 26 1.9562689078072226
list:
dist: 1.9562689078072226 vs. 1.9562689078072226
--------
nle(id0,id1,dist): 14 20 1.4563843692543519
list:
dist: 1.4563843692543519 vs. 1.4563843692543519
--------
nle(id0,id1,dist): 14 19 2.358652460880872
list:
dist: 2.358652460880872 vs. 2.358652460880872
--------
nle(id0,id1,dist): 14 22 2.2635061798257965
list:
dist: 2.2635061798257965 vs. 2.2635061798257965
--------
nle(id0,id1,dist): 14 21 1.4131184668066725
list:
dist: 1.4131184668066725 vs. 1.4131184668066725
--------
nle(id0,id1,dist): 17 18 0.9813282560362654
list:
dist: 0.9813282560362654 vs. 0.9813282560362654
--------
nle(id0,id1,dist): 17 19 1.5981868495498237
list:
dist: 1.5981868495498237 vs. 1.5981868495498237
--------
nle(id0,id1,dist): 17 22 1.9874422815456585
list:
dist: 1.9874422815456585 vs. 1.9874422815456585
--------
nle(id0,id1,dist): 17 23 1.2951952224007839
list:
dist: 1.2951952224007839 vs. 1.2951952224007839
--------
nle(id0,id1,dist): 17 20 1.0101534829983019
list:
dist: 1.0101534829983019 vs. 1.0101534829983019
--------
nle(id0,id1,dist): 17 21 1.1728286761724815
list:
dist: 1.1728286761724815 vs. 1.1728286761724815
--------
nle(id0,id1,dist): 17 27 1.9541549007300134
list:
dist: 1.9541549007300134 vs. 1.9541549007300134
--------
nle(id0,id1,dist): 17 24 2.0634712287921295
list:
dist: 2.0634712287921295 vs. 2.0634712287921295
--------
nle(id0,id1,dist): 17 25 2.47810619037275
list:
dist: 2.47810619037275 vs. 2.47810619037275
--------
nle(id0,id1,dist): 16 17 1.8129125296422435
list:
dist: 1.8129125296422435 vs. 1.8129125296422435
--------
nle(id0,id1,dist): 15 55 4.85818005483127
list:
dist: 4.85818005483127 vs. 4.85818005483127
--------
nle(id0,id1,dist): 16 19 1.7630704199334046
list:
dist: 1.7630704199334046 vs. 1.7630704199334046
--------
nle(id0,id1,dist): 16 20 1.49999838277953
list:
dist: 1.49999838277953 vs. 1.49999838277953
--------
nle(id0,id1,dist): 16 21 1.703716318317586
list:
dist: 1.703716318317586 vs. 1.703716318317586
--------
nle(id0,id1,dist): 16 22 2.1337911854763663
list:
dist: 2.1337911854763663 vs. 2.1337911854763663
--------
nle(id0,id1,dist): 16 23 1.714043541247233
list:
dist: 1.714043541247233 vs. 1.714043541247233
--------
nle(id0,id1,dist): 16 24 2.828459562099355
list:
dist: 2.828459562099355 vs. 2.828459562099355
--------
nle(id0,id1,dist): 16 25 1.9025853491900149
list:
dist: 1.9025853491900149 vs. 1.9025853491900149
--------
nle(id0,id1,dist): 16 27 2.773378500416895
list:
dist: 2.773378500416895 vs. 2.773378500416895
--------
nle(id0,id1,dist): 16 28 2.015183924864658
list:
dist: 2.015183924864658 vs. 2.015183924864658
--------
nle(id0,id1,dist): 16 31 2.877770564580609
list:
dist: 2.877770564580609 vs. 2.877770564580609
--------
nle(id0,id1,dist): 16 32 2.307910750825149
list:
dist: 2.307910750825149 vs. 2.307910750825149
--------
nle(id0,id1,dist): 15 39 4.1663417625927694
list:
dist: 4.1663417625927694 vs. 4.1663417625927694
--------
nle(id0,id1,dist): 15 41 2.7942172466052244
list:
dist: 2.7942172466052244 vs. 2.7942172466052244
--------
nle(id0,id1,dist): 15 40 3.3919523382563193
list:
dist: 3.3919523382563193 vs. 3.3919523382563193
--------
nle(id0,id1,dist): 15 43 4.108670440565238
list:
dist: 4.108670440565238 vs. 4.108670440565238
--------
nle(id0,id1,dist): 15 42 3.8222459925573515
list:
dist: 3.8222459925573515 vs. 3.8222459925573515
--------
nle(id0,id1,dist): 15 44 3.681344115592804
list:
dist: 3.681344115592804 vs. 3.681344115592804
--------
nle(id0,id1,dist): 15 47 4.191890256777886
list:
dist: 4.191890256777886 vs. 4.191890256777886
--------
nle(id0,id1,dist): 15 46 3.8665264629622
list:
dist: 3.8665264629622 vs. 3.8665264629622
--------
nle(id0,id1,dist): 15 49 5.0695025892997325
list:
dist: 5.0695025892997325 vs. 5.0695025892997325
--------
nle(id0,id1,dist): 15 48 5.145908765998675
list:
dist: 5.145908765998675 vs. 5.145908765998675
--------
nle(id0,id1,dist): 15 51 4.074738354559274
list:
dist: 4.074738354559274 vs. 4.074738354559274
--------
nle(id0,id1,dist): 15 50 3.791965668587796
list:
dist: 3.791965668587796 vs. 3.791965668587796
--------
nle(id0,id1,dist): 15 53 4.843051398783262
list:
dist: 4.843051398783262 vs. 4.843051398783262
--------
nle(id0,id1,dist): 15 52 4.5666861804706675
list:
dist: 4.5666861804706675 vs. 4.5666861804706675
--------
nle(id0,id1,dist): 1 2 1.1330974363192705
list:
dist: 1.1330974363192705 vs. 1.1330974363192705
--------
nle(id0,id1,dist): 1 3 0.9987253917869912
list:
dist: 0.9987253917869912 vs. 0.9987253917869912
--------
nle(id0,id1,dist): 1 4 1.7787272739863687
list:
dist: 1.7787272739863687 vs. 1.7787272739863687
--------
nle(id0,id1,dist): 1 5 1.1109925768942506
list:
dist: 1.1109925768942506 vs. 1.1109925768942506
--------
nle(id0,id1,dist): 1 6 0.976426117969494
list:
dist: 0.976426117969494 vs. 0.976426117969494
--------
nle(id0,id1,dist): 1 7 1.8871605701599443
list:
dist: 1.8871605701599443 vs. 1.8871605701599443
--------
nle(id0,id1,dist): 1 8 1.2383054809522758
list:
dist: 1.2383054809522758 vs. 1.2383054809522758
--------
nle(id0,id1,dist): 1 9 1.0199755045092314
list:
dist: 1.0199755045092314 vs. 1.0199755045092314
--------
nle(id0,id1,dist): 1 10 0.9867205763404311
list:
dist: 0.9867205763404311 vs. 0.9867205763404311
--------
nle(id0,id1,dist): 1 11 1.9095906861520426
list:
dist: 1.9095906861520426 vs. 1.9095906861520426
--------
nle(id0,id1,dist): 2 5 1.600231697080139
list:
dist: 1.600231697080139 vs. 1.600231697080139
--------
nle(id0,id1,dist): 2 6 0.29088056773808235
list:
dist: 0.29088056773808235 vs. 0.29088056773808235
--------
nle(id0,id1,dist): 2 3 0.8304538697630228
list:
dist: 0.8304538697630228 vs. 0.8304538697630228
--------
nle(id0,id1,dist): 2 4 0.8076935114375597
list:
dist: 0.8076935114375597 vs. 0.8076935114375597
--------
nle(id0,id1,dist): 1 15 2.825906520667511
list:
dist: 2.825906520667511 vs. 2.825906520667511
--------
nle(id0,id1,dist): 1 14 1.5472597919144364
list:
dist: 1.5472597919144364 vs. 1.5472597919144364
--------
nle(id0,id1,dist): 1 13 2.473858856800363
list:
dist: 2.473858856800363 vs. 2.473858856800363
--------
nle(id0,id1,dist): 1 12 1.545387868936668
list:
dist: 1.545387868936668 vs. 1.545387868936668
--------
nle(id0,id1,dist): 1 19 3.714808327765074
list:
dist: 3.714808327765074 vs. 3.714808327765074
--------
nle(id0,id1,dist): 1 18 1.7609044252830672
list:
dist: 1.7609044252830672 vs. 1.7609044252830672
--------
nle(id0,id1,dist): 1 17 2.196453565600839
list:
dist: 2.196453565600839 vs. 2.196453565600839
--------
nle(id0,id1,dist): 1 23 3.2039250959417993
list:
dist: 3.2039250959417993 vs. 3.2039250959417993
--------
nle(id0,id1,dist): 1 22 3.781688852290902
list:
dist: 3.781688852290902 vs. 3.781688852290902
--------
nle(id0,id1,dist): 1 21 2.774715241491475
list:
dist: 2.774715241491475 vs. 2.774715241491475
--------
nle(id0,id1,dist): 1 20 2.760095774468187
list:
dist: 2.760095774468187 vs. 2.760095774468187
--------
nle(id0,id1,dist): 1 27 3.461423780522858
list:
dist: 3.461423780522858 vs. 3.461423780522858
--------
nle(id0,id1,dist): 1 24 2.756806029428968
list:
dist: 2.756806029428968 vs. 2.756806029428968
--------
nle(id0,id1,dist): 2 27 2.9655479200058457
list:
dist: 2.9655479200058457 vs. 2.9655479200058457
--------
nle(id0,id1,dist): 2 23 2.6133864234761854
list:
dist: 2.6133864234761854 vs. 2.6133864234761854
--------
nle(id0,id1,dist): 2 24 2.79183623242015
list:
dist: 2.79183623242015 vs. 2.79183623242015
--------
nle(id0,id1,dist): 2 12 1.195796308521617
list:
dist: 1.195796308521617 vs. 1.195796308521617
--------
nle(id0,id1,dist): 2 11 1.5706800734044146
list:
dist: 1.5706800734044146 vs. 1.5706800734044146
--------
nle(id0,id1,dist): 2 14 1.3620341386688342
list:
dist: 1.3620341386688342 vs. 1.3620341386688342
--------
nle(id0,id1,dist): 2 13 1.5846248706336712
list:
dist: 1.5846248706336712 vs. 1.5846248706336712
--------
nle(id0,id1,dist): 2 8 1.0904279387532159
list:
dist: 1.0904279387532159 vs. 1.0904279387532159
--------
nle(id0,id1,dist): 2 7 1.585662846496432
list:
dist: 1.585662846496432 vs. 1.585662846496432
--------
nle(id0,id1,dist): 2 10 1.375638634205055
list:
dist: 1.375638634205055 vs. 1.375638634205055
--------
nle(id0,id1,dist): 2 9 0.6441475183367938
list:
dist: 0.6441475183367938 vs. 0.6441475183367938
--------
nle(id0,id1,dist): 2 20 2.267919439232914
list:
dist: 2.267919439232914 vs. 2.267919439232914
--------
nle(id0,id1,dist): 2 19 2.8971490546417993
list:
dist: 2.8971490546417993 vs. 2.8971490546417993
--------
nle(id0,id1,dist): 2 22 3.263302544647098
list:
dist: 3.263302544647098 vs. 3.263302544647098
--------
nle(id0,id1,dist): 2 21 2.3629043219427874
list:
dist: 2.3629043219427874 vs. 2.3629043219427874
--------
nle(id0,id1,dist): 2 15 2.136883746473297
list:
dist: 2.136883746473297 vs. 2.136883746473297
--------
nle(id0,id1,dist): 2 18 1.248074848013352
list:
dist: 1.248074848013352 vs. 1.248074848013352
--------
nle(id0,id1,dist): 2 17 1.398733754955475
list:
dist: 1.398733754955475 vs. 1.398733754955475
--------
nle(id0,id1,dist): 3 24 3.4191551186158655
list:
dist: 3.4191551186158655 vs. 3.4191551186158655
--------
nle(id0,id1,dist): 3 22 4.07102530321338
list:
dist: 4.07102530321338 vs. 4.07102530321338
--------
nle(id0,id1,dist): 3 23 3.4197855041959673
list:
dist: 3.4197855041959673 vs. 3.4197855041959673
--------
nle(id0,id1,dist): 3 20 3.0153211100676764
list:
dist: 3.0153211100676764 vs. 3.0153211100676764
--------
nle(id0,id1,dist): 3 21 3.105245685926733
list:
dist: 3.105245685926733 vs. 3.105245685926733
--------
nle(id0,id1,dist): 3 18 2.0177532932610642
list:
dist: 2.0177532932610642 vs. 2.0177532932610642
--------
nle(id0,id1,dist): 3 19 3.7161591223397896
list:
dist: 3.7161591223397896 vs. 3.7161591223397896
--------
nle(id0,id1,dist): 3 27 3.769196062429841
list:
dist: 3.769196062429841 vs. 3.769196062429841
--------
nle(id0,id1,dist): 3 9 1.290654888929688
list:
dist: 1.290654888929688 vs. 1.290654888929688
--------
nle(id0,id1,dist): 3 8 1.4088109477958168
list:
dist: 1.4088109477958168 vs. 1.4088109477958168
--------
nle(id0,id1,dist): 3 7 2.314081438871033
list:
dist: 2.314081438871033 vs. 2.314081438871033
--------
nle(id0,id1,dist): 3 6 0.8191834139671356
list:
dist: 0.8191834139671356 vs. 0.8191834139671356
--------
nle(id0,id1,dist): 3 5 1.846002893177086
list:
dist: 1.846002893177086 vs. 1.846002893177086
--------
nle(id0,id1,dist): 3 4 1.4159239988275447
list:
dist: 1.4159239988275447 vs. 1.4159239988275447
--------
nle(id0,id1,dist): 3 17 2.1917152004438494
list:
dist: 2.1917152004438494 vs. 2.1917152004438494
--------
nle(id0,id1,dist): 3 15 2.8881696834910113
list:
dist: 2.8881696834910113 vs. 2.8881696834910113
--------
nle(id0,id1,dist): 3 14 2.034338384597483
list:
dist: 2.034338384597483 vs. 2.034338384597483
--------
nle(id0,id1,dist): 3 13 2.407819369004543
list:
dist: 2.407819369004543 vs. 2.407819369004543
--------
nle(id0,id1,dist): 3 12 1.644375271579143
list:
dist: 1.644375271579143 vs. 1.644375271579143
--------
nle(id0,id1,dist): 3 11 2.246560931134016
list:
dist: 2.246560931134016 vs. 2.246560931134016
--------
nle(id0,id1,dist): 3 10 1.5128940741924406
list:
dist: 1.5128940741924406 vs. 1.5128940741924406
--------
nle(id0,id1,dist): 37 48 3.0989300530993047
list:
dist: 3.0989300530993047 vs. 3.0989300530993047
--------
nle(id0,id1,dist): 37 49 2.7968976921085864
list:
dist: 2.7968976921085864 vs. 2.7968976921085864
--------
nle(id0,id1,dist): 37 50 2.4637504316744816
list:
dist: 2.4637504316744816 vs. 2.4637504316744816
--------
nle(id0,id1,dist): 37 51 2.610821078643631
list:
dist: 2.610821078643631 vs. 2.610821078643631
--------
nle(id0,id1,dist): 37 52 3.1294933582872226
list:
dist: 3.1294933582872226 vs. 3.1294933582872226
--------
nle(id0,id1,dist): 37 53 2.831157563147815
list:
dist: 2.831157563147815 vs. 2.831157563147815
--------
nle(id0,id1,dist): 37 55 2.5691487251054013
list:
dist: 2.5691487251054013 vs. 2.5691487251054013
--------
nle(id0,id1,dist): 37 40 1.5705535921746112
list:
dist: 1.5705535921746112 vs. 1.5705535921746112
--------
nle(id0,id1,dist): 37 41 1.6095351416325672
list:
dist: 1.6095351416325672 vs. 1.6095351416325672
--------
nle(id0,id1,dist): 37 42 1.525813181224814
list:
dist: 1.525813181224814 vs. 1.525813181224814
--------
nle(id0,id1,dist): 37 43 1.9453325342892842
list:
dist: 1.9453325342892842 vs. 1.9453325342892842
--------
nle(id0,id1,dist): 37 44 2.704666164008861
list:
dist: 2.704666164008861 vs. 2.704666164008861
--------
nle(id0,id1,dist): 37 45 2.642416971830237
list:
dist: 2.642416971830237 vs. 2.642416971830237
--------
nle(id0,id1,dist): 37 46 1.54581710566159
list:
dist: 1.54581710566159 vs. 1.54581710566159
--------
nle(id0,id1,dist): 37 47 2.319644389822796
list:
dist: 2.319644389822796 vs. 2.319644389822796
--------
nle(id0,id1,dist): 37 39 1.3408237336175222
list:
dist: 1.3408237336175222 vs. 1.3408237336175222
--------
nle(id0,id1,dist): 37 38 1.3070649877221048
list:
dist: 1.3070649877221048 vs. 1.3070649877221048
--------
nle(id0,id1,dist): 36 55 1.6839023063386023
list:
dist: 1.6839023063386023 vs. 1.6839023063386023
--------
nle(id0,id1,dist): 36 53 2.228255249117735
list:
dist: 2.228255249117735 vs. 2.228255249117735
--------
nle(id0,id1,dist): 36 47 1.8933424692243204
list:
dist: 1.8933424692243204 vs. 1.8933424692243204
--------
nle(id0,id1,dist): 36 48 2.3624617942226953
list:
dist: 2.3624617942226953 vs. 2.3624617942226953
--------
nle(id0,id1,dist): 36 45 1.474209428135706
list:
dist: 1.474209428135706 vs. 1.474209428135706
--------
nle(id0,id1,dist): 36 46 1.2030095228209294
list:
dist: 1.2030095228209294 vs. 1.2030095228209294
--------
nle(id0,id1,dist): 36 51 2.373932598284105
list:
dist: 2.373932598284105 vs. 2.373932598284105
--------
nle(id0,id1,dist): 36 52 2.797476711641561
list:
dist: 2.797476711641561 vs. 2.797476711641561
--------
nle(id0,id1,dist): 36 49 1.8706965025473354
list:
dist: 1.8706965025473354 vs. 1.8706965025473354
--------
nle(id0,id1,dist): 36 50 2.3793468648504934
list:
dist: 2.3793468648504934 vs. 2.3793468648504934
--------
nle(id0,id1,dist): 36 40 1.8708010840404752
list:
dist: 1.8708010840404752 vs. 1.8708010840404752
--------
nle(id0,id1,dist): 36 39 0.40191926973835
list:
dist: 0.40191926973835 vs. 0.40191926973835
--------
nle(id0,id1,dist): 36 38 0.8501071833263634
list:
dist: 0.8501071833263634 vs. 0.8501071833263634
--------
nle(id0,id1,dist): 36 37 1.382361039017608
list:
dist: 1.382361039017608 vs. 1.382361039017608
--------
nle(id0,id1,dist): 36 43 1.542302719951901
list:
dist: 1.542302719951901 vs. 1.542302719951901
--------
nle(id0,id1,dist): 36 42 1.1840776197016547
list:
dist: 1.1840776197016547 vs. 1.1840776197016547
--------
nle(id0,id1,dist): 36 41 2.16230961875755
list:
dist: 2.16230961875755 vs. 2.16230961875755
--------
nle(id0,id1,dist): 35 60 3.2116727401479057
list:
dist: 3.2116727401479057 vs. 3.2116727401479057
--------
nle(id0,id1,dist): 35 61 3.166669370977083
list:
dist: 3.166669370977083 vs. 3.166669370977083
--------
nle(id0,id1,dist): 35 55 2.2738280900127497
list:
dist: 2.2738280900127497 vs. 2.2738280900127497
--------
nle(id0,id1,dist): 35 50 2.6177137458969937
list:
dist: 2.6177137458969937 vs. 2.6177137458969937
--------
nle(id0,id1,dist): 35 51 2.621832604858117
list:
dist: 2.621832604858117 vs. 2.621832604858117
--------
nle(id0,id1,dist): 35 52 2.6364429704357417
list:
dist: 2.6364429704357417 vs. 2.6364429704357417
--------
nle(id0,id1,dist): 35 53 1.9666538188991183
list:
dist: 1.9666538188991183 vs. 1.9666538188991183
--------
nle(id0,id1,dist): 35 47 2.225174290174953
list:
dist: 2.225174290174953 vs. 2.225174290174953
--------
nle(id0,id1,dist): 35 46 1.3065208382652305
list:
dist: 1.3065208382652305 vs. 1.3065208382652305
--------
nle(id0,id1,dist): 35 49 2.4305060794490974
list:
dist: 2.4305060794490974 vs. 2.4305060794490974
--------
nle(id0,id1,dist): 35 48 2.3101853193775734
list:
dist: 2.3101853193775734 vs. 2.3101853193775734
--------
nle(id0,id1,dist): 35 43 1.3488376634614867
list:
dist: 1.3488376634614867 vs. 1.3488376634614867
--------
nle(id0,id1,dist): 35 42 1.6277045527445357
list:
dist: 1.6277045527445357 vs. 1.6277045527445357
--------
nle(id0,id1,dist): 35 45 2.399237774396888
list:
dist: 2.399237774396888 vs. 2.399237774396888
--------
nle(id0,id1,dist): 35 44 2.3672177511536385
list:
dist: 2.3672177511536385 vs. 2.3672177511536385
--------
nle(id0,id1,dist): 35 39 1.2473441372070655
list:
dist: 1.2473441372070655 vs. 1.2473441372070655
--------
nle(id0,id1,dist): 35 38 1.9281141085878595
list:
dist: 1.9281141085878595 vs. 1.9281141085878595
--------
nle(id0,id1,dist): 35 41 1.9605667414015926
list:
dist: 1.9605667414015926 vs. 1.9605667414015926
--------
nle(id0,id1,dist): 35 40 1.0718196465886314
list:
dist: 1.0718196465886314 vs. 1.0718196465886314
--------
nle(id0,id1,dist): 35 37 1.4369647308903697
list:
dist: 1.4369647308903697 vs. 1.4369647308903697
--------
nle(id0,id1,dist): 35 36 1.2919567351905783
list:
dist: 1.2919567351905783 vs. 1.2919567351905783
--------
nle(id0,id1,dist): 34 65 2.6402706323521814
list:
dist: 2.6402706323521814 vs. 2.6402706323521814
--------
nle(id0,id1,dist): 34 66 3.103584901731784
list:
dist: 3.103584901731784 vs. 3.103584901731784
--------
nle(id0,id1,dist): 34 63 3.7373211147907894
list:
dist: 3.7373211147907894 vs. 3.7373211147907894
--------
nle(id0,id1,dist): 34 61 2.119647814070429
list:
dist: 2.119647814070429 vs. 2.119647814070429
--------
nle(id0,id1,dist): 34 62 2.2286823031188576
list:
dist: 2.2286823031188576 vs. 2.2286823031188576
--------
nle(id0,id1,dist): 34 60 2.2095234657378926
list:
dist: 2.2095234657378926 vs. 2.2095234657378926
--------
nle(id0,id1,dist): 34 55 3.53529953724938
list:
dist: 3.53529953724938 vs. 3.53529953724938
--------
nle(id0,id1,dist): 34 53 2.6227167787451813
list:
dist: 2.6227167787451813 vs. 2.6227167787451813
--------
nle(id0,id1,dist): 34 52 3.34695840196271
list:
dist: 3.34695840196271 vs. 3.34695840196271
--------
nle(id0,id1,dist): 34 51 3.7833184142303944
list:
dist: 3.7833184142303944 vs. 3.7833184142303944
--------
nle(id0,id1,dist): 34 49 3.622371534596622
list:
dist: 3.622371534596622 vs. 3.622371534596622
--------
nle(id0,id1,dist): 34 48 3.0258554083867253
list:
dist: 3.0258554083867253 vs. 3.0258554083867253
--------
nle(id0,id1,dist): 34 47 3.471212657411191
list:
dist: 3.471212657411191 vs. 3.471212657411191
--------
nle(id0,id1,dist): 34 46 2.699885271219924
list:
dist: 2.699885271219924 vs. 2.699885271219924
--------
nle(id0,id1,dist): 34 44 2.9755198762372292
list:
dist: 2.9755198762372292 vs. 2.9755198762372292
--------
nle(id0,id1,dist): 33 80 5.325496316777644
list:
dist: 5.325496316777644 vs. 5.325496316777644
--------
nle(id0,id1,dist): 34 43 2.479070406558824
list:
dist: 2.479070406558824 vs. 2.479070406558824
--------
nle(id0,id1,dist): 34 42 3.1037379114216885
list:
dist: 3.1037379114216885 vs. 3.1037379114216885
--------
nle(id0,id1,dist): 34 40 2.002897291146946
list:
dist: 2.002897291146946 vs. 2.002897291146946
--------
nle(id0,id1,dist): 34 39 2.8364524194801493
list:
dist: 2.8364524194801493 vs. 2.8364524194801493
--------
nle(id0,id1,dist): 33 61 3.884172546435559
list:
dist: 3.884172546435559 vs. 3.884172546435559
--------
nle(id0,id1,dist): 33 60 3.4280920655428004
list:
dist: 3.4280920655428004 vs. 3.4280920655428004
--------
nle(id0,id1,dist): 33 72 4.438199269347428
list:
dist: 4.438199269347428 vs. 4.438199269347428
--------
nle(id0,id1,dist): 34 35 1.6345631138474455
list:
dist: 1.6345631138474455 vs. 1.6345631138474455
--------
nle(id0,id1,dist): 33 74 4.362791412194325
list:
dist: 4.362791412194325 vs. 4.362791412194325
--------
nle(id0,id1,dist): 34 37 2.8900884704508107
list:
dist: 2.8900884704508107 vs. 2.8900884704508107
--------
nle(id0,id1,dist): 33 44 1.341404606438416
list:
dist: 1.341404606438416 vs. 1.341404606438416
--------
nle(id0,id1,dist): 33 45 2.5068649657938633
list:
dist: 2.5068649657938633 vs. 2.5068649657938633
--------
nle(id0,id1,dist): 33 46 0.9372710099373631
list:
dist: 0.9372710099373631 vs. 0.9372710099373631
--------
nle(id0,id1,dist): 33 47 1.489184407608175
list:
dist: 1.489184407608175 vs. 1.489184407608175
--------
nle(id0,id1,dist): 33 48 2.2021488011647
list:
dist: 2.2021488011647 vs. 2.2021488011647
--------
nle(id0,id1,dist): 33 49 2.2409091897970708
list:
dist: 2.2409091897970708 vs. 2.2409091897970708
--------
nle(id0,id1,dist): 33 50 1.4866021092684483
list:
dist: 1.4866021092684483 vs. 1.4866021092684483
--------
nle(id0,id1,dist): 33 51 1.625406207179057
list:
dist: 1.625406207179057 vs. 1.625406207179057
--------
nle(id0,id1,dist): 33 52 1.9256643379099931
list:
dist: 1.9256643379099931 vs. 1.9256643379099931
--------
nle(id0,id1,dist): 33 53 1.8903073267374435
list:
dist: 1.8903073267374435 vs. 1.8903073267374435
--------
nle(id0,id1,dist): 33 54 2.9542579553846444
list:
dist: 2.9542579553846444 vs. 2.9542579553846444
--------
nle(id0,id1,dist): 33 55 2.0473688739334484
list:
dist: 2.0473688739334484 vs. 2.0473688739334484
--------
nle(id0,id1,dist): 33 56 2.371688005515752
list:
dist: 2.371688005515752 vs. 2.371688005515752
--------
nle(id0,id1,dist): 33 57 2.68124173585067
list:
dist: 2.68124173585067 vs. 2.68124173585067
--------
nle(id0,id1,dist): 33 58 2.8904778290742734
list:
dist: 2.8904778290742734 vs. 2.8904778290742734
--------
nle(id0,id1,dist): 33 59 2.64998897608024
list:
dist: 2.64998897608024 vs. 2.64998897608024
--------
nle(id0,id1,dist): 33 35 1.4965485678739816
list:
dist: 1.4965485678739816 vs. 1.4965485678739816
--------
nle(id0,id1,dist): 33 34 2.659880595388767
list:
dist: 2.659880595388767 vs. 2.659880595388767
--------
nle(id0,id1,dist): 33 39 1.5278455576360526
list:
dist: 1.5278455576360526 vs. 1.5278455576360526
--------
nle(id0,id1,dist): 33 38 1.8779590090350307
list:
dist: 1.8779590090350307 vs. 1.8779590090350307
--------
nle(id0,id1,dist): 33 37 1.370015542316125
list:
dist: 1.370015542316125 vs. 1.370015542316125
--------
nle(id0,id1,dist): 33 36 1.8537524974817337
list:
dist: 1.8537524974817337 vs. 1.8537524974817337
--------
nle(id0,id1,dist): 33 43 1.0982874468881287
list:
dist: 1.0982874468881287 vs. 1.0982874468881287
--------
nle(id0,id1,dist): 33 42 1.0967320756929915
list:
dist: 1.0967320756929915 vs. 1.0967320756929915
--------
nle(id0,id1,dist): 33 41 0.4702496593867781
list:
dist: 0.4702496593867781 vs. 0.4702496593867781
--------
nle(id0,id1,dist): 33 40 0.669111064042182
list:
dist: 0.669111064042182 vs. 0.669111064042182
--------
nle(id0,id1,dist): 32 51 3.2271203153377948
list:
dist: 3.2271203153377948 vs. 3.2271203153377948
--------
nle(id0,id1,dist): 32 52 3.8535758683322565
list:
dist: 3.8535758683322565 vs. 3.8535758683322565
--------
nle(id0,id1,dist): 32 49 3.5233216003548664
list:
dist: 3.5233216003548664 vs. 3.5233216003548664
--------
nle(id0,id1,dist): 32 50 3.0320584413658223
list:
dist: 3.0320584413658223 vs. 3.0320584413658223
--------
nle(id0,id1,dist): 32 55 3.288811882934142
list:
dist: 3.288811882934142 vs. 3.288811882934142
--------
nle(id0,id1,dist): 32 53 3.6436262967718607
list:
dist: 3.6436262967718607 vs. 3.6436262967718607
--------
nle(id0,id1,dist): 32 38 1.7892858103585723
list:
dist: 1.7892858103585723 vs. 1.7892858103585723
--------
nle(id0,id1,dist): 32 37 0.8349921696726549
list:
dist: 0.8349921696726549 vs. 0.8349921696726549
--------
nle(id0,id1,dist): 32 40 2.298548381363013
list:
dist: 2.298548381363013 vs. 2.298548381363013
--------
nle(id0,id1,dist): 32 39 2.093193827004536
list:
dist: 2.093193827004536 vs. 2.093193827004536
--------
nle(id0,id1,dist): 32 33 2.0195604667972282
list:
dist: 2.0195604667972282 vs. 2.0195604667972282
--------
nle(id0,id1,dist): 32 36 2.0766631458226867
list:
dist: 2.0766631458226867 vs. 2.0766631458226867
--------
nle(id0,id1,dist): 32 35 2.2113223374065396
list:
dist: 2.2113223374065396 vs. 2.2113223374065396
--------
nle(id0,id1,dist): 32 46 2.330671775118151
list:
dist: 2.330671775118151 vs. 2.330671775118151
--------
nle(id0,id1,dist): 32 45 3.3136721630948673
list:
dist: 3.3136721630948673 vs. 3.3136721630948673
--------
nle(id0,id1,dist): 32 48 3.9028567200531463
list:
dist: 3.9028567200531463 vs. 3.9028567200531463
--------
nle(id0,id1,dist): 32 47 3.0013767912368885
list:
dist: 3.0013767912368885 vs. 3.0013767912368885
--------
nle(id0,id1,dist): 32 42 2.2370890787483777
list:
dist: 2.2370890787483777 vs. 2.2370890787483777
--------
nle(id0,id1,dist): 32 41 2.132448893905003
list:
dist: 2.132448893905003 vs. 2.132448893905003
--------
nle(id0,id1,dist): 32 44 3.3485228069647834
list:
dist: 3.3485228069647834 vs. 3.3485228069647834
--------
nle(id0,id1,dist): 32 43 2.7494159808702476
list:
dist: 2.7494159808702476 vs. 2.7494159808702476
--------
nle(id0,id1,dist): 31 55 2.0223535094132368
list:
dist: 2.0223535094132368 vs. 2.0223535094132368
--------
nle(id0,id1,dist): 31 45 2.2628183241356146
list:
dist: 2.2628183241356146 vs. 2.2628183241356146
--------
nle(id0,id1,dist): 31 44 2.3042822045075875
list:
dist: 2.3042822045075875 vs. 2.3042822045075875
--------
nle(id0,id1,dist): 31 43 1.8107990661931355
list:
dist: 1.8107990661931355 vs. 1.8107990661931355
--------
nle(id0,id1,dist): 31 42 1.0537119494656073
list:
dist: 1.0537119494656073 vs. 1.0537119494656073
--------
nle(id0,id1,dist): 31 41 1.145510445623527
list:
dist: 1.145510445623527 vs. 1.145510445623527
--------
nle(id0,id1,dist): 31 40 1.8609081662190339
list:
dist: 1.8609081662190339 vs. 1.8609081662190339
--------
nle(id0,id1,dist): 31 39 1.485728169261491
list:
dist: 1.485728169261491 vs. 1.485728169261491
--------
nle(id0,id1,dist): 31 38 1.1837734165845057
list:
dist: 1.1837734165845057 vs. 1.1837734165845057
--------
nle(id0,id1,dist): 31 53 2.6352368644031032
list:
dist: 2.6352368644031032 vs. 2.6352368644031032
--------
nle(id0,id1,dist): 31 52 2.5682590790088415
list:
dist: 2.5682590790088415 vs. 2.5682590790088415
--------
nle(id0,id1,dist): 31 51 1.7025651011968574
list:
dist: 1.7025651011968574 vs. 1.7025651011968574
--------
nle(id0,id1,dist): 31 50 1.4880535442569869
list:
dist: 1.4880535442569869 vs. 1.4880535442569869
--------
nle(id0,id1,dist): 31 49 2.252884459116104
list:
dist: 2.252884459116104 vs. 2.252884459116104
--------
nle(id0,id1,dist): 31 48 2.77631494181423
list:
dist: 2.77631494181423 vs. 2.77631494181423
--------
nle(id0,id1,dist): 31 47 1.5743709767420662
list:
dist: 1.5743709767420662 vs. 1.5743709767420662
--------
nle(id0,id1,dist): 31 46 1.3595449644686666
list:
dist: 1.3595449644686666 vs. 1.3595449644686666
--------
nle(id0,id1,dist): 30 61 4.31086526411217
list:
dist: 4.31086526411217 vs. 4.31086526411217
--------
nle(id0,id1,dist): 30 60 4.007542902191416
list:
dist: 4.007542902191416 vs. 4.007542902191416
--------
nle(id0,id1,dist): 31 36 1.7440243200363046
list:
dist: 1.7440243200363046 vs. 1.7440243200363046
--------
nle(id0,id1,dist): 31 37 1.2885489234819525
list:
dist: 1.2885489234819525 vs. 1.2885489234819525
--------
nle(id0,id1,dist): 31 35 2.208765838713339
list:
dist: 2.208765838713339 vs. 2.208765838713339
--------
nle(id0,id1,dist): 31 32 1.6402924919813067
list:
dist: 1.6402924919813067 vs. 1.6402924919813067
--------
nle(id0,id1,dist): 31 33 1.2717996601012813
list:
dist: 1.2717996601012813 vs. 1.2717996601012813
--------
nle(id0,id1,dist): 43 72 3.8015878347649688
list:
dist: 3.8015878347649688 vs. 3.8015878347649688
--------
nle(id0,id1,dist): 43 61 3.2302078668025342
list:
dist: 3.2302078668025342 vs. 3.2302078668025342
--------
nle(id0,id1,dist): 43 60 3.0956737841453914
list:
dist: 3.0956737841453914 vs. 3.0956737841453914
--------
nle(id0,id1,dist): 43 59 1.7182541235814064
list:
dist: 1.7182541235814064 vs. 1.7182541235814064
--------
nle(id0,id1,dist): 43 58 2.0436283462511264
list:
dist: 2.0436283462511264 vs. 2.0436283462511264
--------
nle(id0,id1,dist): 44 47 1.574330348517312
list:
dist: 1.574330348517312 vs. 1.574330348517312
--------
nle(id0,id1,dist): 44 48 1.7797037421497888
list:
dist: 1.7797037421497888 vs. 1.7797037421497888
--------
nle(id0,id1,dist): 44 46 1.6518994192275778
list:
dist: 1.6518994192275778 vs. 1.6518994192275778
--------
nle(id0,id1,dist): 44 51 1.4320818793723564
list:
dist: 1.4320818793723564 vs. 1.4320818793723564
--------
nle(id0,id1,dist): 44 52 1.032881110095482
list:
dist: 1.032881110095482 vs. 1.032881110095482
--------
nle(id0,id1,dist): 44 49 2.30135584558048
list:
dist: 2.30135584558048 vs. 2.30135584558048
--------
nle(id0,id1,dist): 44 50 1.4243831357252563
list:
dist: 1.4243831357252563 vs. 1.4243831357252563
--------
nle(id0,id1,dist): 43 74 3.5248509392063245
list:
dist: 3.5248509392063245 vs. 3.5248509392063245
--------
nle(id0,id1,dist): 43 80 4.609956480889754
list:
dist: 4.609956480889754 vs. 4.609956480889754
--------
nle(id0,id1,dist): 42 72 4.662078292643488
list:
dist: 4.662078292643488 vs. 4.662078292643488
--------
nle(id0,id1,dist): 42 74 4.351364554405201
list:
dist: 4.351364554405201 vs. 4.351364554405201
--------
nle(id0,id1,dist): 43 50 1.442401366093071
list:
dist: 1.442401366093071 vs. 1.442401366093071
--------
nle(id0,id1,dist): 43 51 1.3630334032767135
list:
dist: 1.3630334032767135 vs. 1.3630334032767135
--------
nle(id0,id1,dist): 43 52 1.3463173988110844
list:
dist: 1.3463173988110844 vs. 1.3463173988110844
--------
nle(id0,id1,dist): 43 53 0.8985926265357722
list:
dist: 0.8985926265357722 vs. 0.8985926265357722
--------
nle(id0,id1,dist): 43 54 2.444788801110018
list:
dist: 2.444788801110018 vs. 2.444788801110018
--------
nle(id0,id1,dist): 43 55 1.2281610453157479
list:
dist: 1.2281610453157479 vs. 1.2281610453157479
--------
nle(id0,id1,dist): 43 56 1.4795035126435903
list:
dist: 1.4795035126435903 vs. 1.4795035126435903
--------
nle(id0,id1,dist): 43 57 1.9166448087606074
list:
dist: 1.9166448087606074 vs. 1.9166448087606074
--------
nle(id0,id1,dist): 42 80 5.443116901239355
list:
dist: 5.443116901239355 vs. 5.443116901239355
--------
nle(id0,id1,dist): 43 44 1.3906544420786888
list:
dist: 1.3906544420786888 vs. 1.3906544420786888
--------
nle(id0,id1,dist): 43 45 1.7372473281570617
list:
dist: 1.7372473281570617 vs. 1.7372473281570617
--------
nle(id0,id1,dist): 43 46 0.501090467268979
list:
dist: 0.501090467268979 vs. 0.501090467268979
--------
nle(id0,id1,dist): 43 47 0.9931032480407768
list:
dist: 0.9931032480407768 vs. 0.9931032480407768
--------
nle(id0,id1,dist): 43 48 1.1829874159567322
list:
dist: 1.1829874159567322 vs. 1.1829874159567322
--------
nle(id0,id1,dist): 43 49 1.365310686825827
list:
dist: 1.365310686825827 vs. 1.365310686825827
--------
nle(id0,id1,dist): 42 46 0.42980880567455976
list:
dist: 0.42980880567455976 vs. 0.42980880567455976
--------
nle(id0,id1,dist): 42 45 1.4524214513667058
list:
dist: 1.4524214513667058 vs. 1.4524214513667058
--------
nle(id0,id1,dist): 42 44 1.866748071334926
list:
dist: 1.866748071334926 vs. 1.866748071334926
--------
nle(id0,id1,dist): 42 43 0.8809914208728175
list:
dist: 0.8809914208728175 vs. 0.8809914208728175
--------
nle(id0,id1,dist): 42 61 4.078922815912534
list:
dist: 4.078922815912534 vs. 4.078922815912534
--------
nle(id0,id1,dist): 42 59 2.035293328200094
list:
dist: 2.035293328200094 vs. 2.035293328200094
--------
nle(id0,id1,dist): 42 60 3.9509877403219558
list:
dist: 3.9509877403219558 vs. 3.9509877403219558
--------
nle(id0,id1,dist): 42 57 1.7758259615856915
list:
dist: 1.7758259615856915 vs. 1.7758259615856915
--------
nle(id0,id1,dist): 42 58 2.0821198471955227
list:
dist: 2.0821198471955227 vs. 2.0821198471955227
--------
nle(id0,id1,dist): 42 55 1.1077176702893061
list:
dist: 1.1077176702893061 vs. 1.1077176702893061
--------
nle(id0,id1,dist): 42 56 1.7903511401829606
list:
dist: 1.7903511401829606 vs. 1.7903511401829606
--------
nle(id0,id1,dist): 42 53 1.6660908878547214
list:
dist: 1.6660908878547214 vs. 1.6660908878547214
--------
nle(id0,id1,dist): 42 54 2.309851561228332
list:
dist: 2.309851561228332 vs. 2.309851561228332
--------
nle(id0,id1,dist): 42 51 1.233626659639399
list:
dist: 1.233626659639399 vs. 1.233626659639399
--------
nle(id0,id1,dist): 42 52 1.8444110785487764
list:
dist: 1.8444110785487764 vs. 1.8444110785487764
--------
nle(id0,id1,dist): 42 49 1.3377693902445569
list:
dist: 1.3377693902445569 vs. 1.3377693902445569
--------
nle(id0,id1,dist): 42 50 1.2031341960654074
list:
dist: 1.2031341960654074 vs. 1.2031341960654074
--------
nle(id0,id1,dist): 42 47 0.828703498286126
list:
dist: 0.828703498286126 vs. 0.828703498286126
--------
nle(id0,id1,dist): 42 48 1.7892128811877537
list:
dist: 1.7892128811877537 vs. 1.7892128811877537
--------
nle(id0,id1,dist): 41 49 2.3388101401119243
list:
dist: 2.3388101401119243 vs. 2.3388101401119243
--------
nle(id0,id1,dist): 41 48 2.3686371562450255
list:
dist: 2.3686371562450255 vs. 2.3686371562450255
--------
nle(id0,id1,dist): 41 51 1.463856181234574
list:
dist: 1.463856181234574 vs. 1.463856181234574
--------
nle(id0,id1,dist): 41 50 1.2572191917743973
list:
dist: 1.2572191917743973 vs. 1.2572191917743973
--------
nle(id0,id1,dist): 41 45 2.6582728878461848
list:
dist: 2.6582728878461848 vs. 2.6582728878461848
--------
nle(id0,id1,dist): 41 44 1.29295588616484
list:
dist: 1.29295588616484 vs. 1.29295588616484
--------
nle(id0,id1,dist): 41 47 1.4692909472826203
list:
dist: 1.4692909472826203 vs. 1.4692909472826203
--------
nle(id0,id1,dist): 41 46 1.2028423901138994
list:
dist: 1.2028423901138994 vs. 1.2028423901138994
--------
nle(id0,id1,dist): 41 43 1.3813238331007351
list:
dist: 1.3813238331007351 vs. 1.3813238331007351
--------
nle(id0,id1,dist): 41 42 1.2307794813212605
list:
dist: 1.2307794813212605 vs. 1.2307794813212605
--------
nle(id0,id1,dist): 41 56 2.424379713748952
list:
dist: 2.424379713748952 vs. 2.424379713748952
--------
nle(id0,id1,dist): 41 57 2.6863905699620263
list:
dist: 2.6863905699620263 vs. 2.6863905699620263
--------
nle(id0,id1,dist): 41 58 2.906081814311887
list:
dist: 2.906081814311887 vs. 2.906081814311887
--------
nle(id0,id1,dist): 41 59 2.7139348882194083
list:
dist: 2.7139348882194083 vs. 2.7139348882194083
--------
nle(id0,id1,dist): 41 52 1.916598093736017
list:
dist: 1.916598093736017 vs. 1.916598093736017
--------
nle(id0,id1,dist): 41 53 2.10674400739224
list:
dist: 2.10674400739224 vs. 2.10674400739224
--------
nle(id0,id1,dist): 41 54 2.7960569793863663
list:
dist: 2.7960569793863663 vs. 2.7960569793863663
--------
nle(id0,id1,dist): 41 55 2.146750397350861
list:
dist: 2.146750397350861 vs. 2.146750397350861
--------
nle(id0,id1,dist): 40 43 1.0039837564688587
list:
dist: 1.0039837564688587 vs. 1.0039837564688587
--------
nle(id0,id1,dist): 39 80 5.629464556075835
list:
dist: 5.629464556075835 vs. 5.629464556075835
--------
nle(id0,id1,dist): 40 44 1.3963585762277637
list:
dist: 1.3963585762277637 vs. 1.3963585762277637
--------
nle(id0,id1,dist): 40 41 1.1029996420298995
list:
dist: 1.1029996420298995 vs. 1.1029996420298995
--------
nle(id0,id1,dist): 40 42 1.4117680154116397
list:
dist: 1.4117680154116397 vs. 1.4117680154116397
--------
nle(id0,id1,dist): 40 47 1.7845244410220635
list:
dist: 1.7845244410220635 vs. 1.7845244410220635
--------
nle(id0,id1,dist): 40 48 2.067562115651732
list:
dist: 2.067562115651732 vs. 2.067562115651732
--------
nle(id0,id1,dist): 40 45 2.6188269619860125
list:
dist: 2.6188269619860125 vs. 2.6188269619860125
--------
nle(id0,id1,dist): 40 46 1.0661497754406586
list:
dist: 1.0661497754406586 vs. 1.0661497754406586
--------
nle(id0,id1,dist): 40 51 2.000744048855068
list:
dist: 2.000744048855068 vs. 2.000744048855068
--------
nle(id0,id1,dist): 40 52 1.9669130682100158
list:
dist: 1.9669130682100158 vs. 1.9669130682100158
--------
nle(id0,id1,dist): 40 49 2.3521282199755555
list:
dist: 2.3521282199755555 vs. 2.3521282199755555
--------
nle(id0,id1,dist): 40 50 1.9450755691134995
list:
dist: 1.9450755691134995 vs. 1.9450755691134995
--------
nle(id0,id1,dist): 40 55 2.1898015265344903
list:
dist: 2.1898015265344903 vs. 2.1898015265344903
--------
nle(id0,id1,dist): 40 53 1.671302936937835
list:
dist: 1.671302936937835 vs. 1.671302936937835
--------
nle(id0,id1,dist): 40 60 2.8756398375991794
list:
dist: 2.8756398375991794 vs. 2.8756398375991794
--------
nle(id0,id1,dist): 40 61 3.2761711598264878
list:
dist: 3.2761711598264878 vs. 3.2761711598264878
--------
nle(id0,id1,dist): 39 46 0.8136267558209663
list:
dist: 0.8136267558209663 vs. 0.8136267558209663
--------
nle(id0,id1,dist): 39 47 1.5083695562203783
list:
dist: 1.5083695562203783 vs. 1.5083695562203783
--------
nle(id0,id1,dist): 39 48 2.0667156491431116
list:
dist: 2.0667156491431116 vs. 2.0667156491431116
--------
nle(id0,id1,dist): 39 49 1.5987060636311732
list:
dist: 1.5987060636311732 vs. 1.5987060636311732
--------
nle(id0,id1,dist): 39 50 1.9870290188976927
list:
dist: 1.9870290188976927 vs. 1.9870290188976927
--------
nle(id0,id1,dist): 39 51 1.9823735552968331
list:
dist: 1.9823735552968331 vs. 1.9823735552968331
--------
nle(id0,id1,dist): 39 52 2.421787930596457
list:
dist: 2.421787930596457 vs. 2.421787930596457
--------
nle(id0,id1,dist): 39 53 1.9257272882377703
list:
dist: 1.9257272882377703 vs. 1.9257272882377703
--------
nle(id0,id1,dist): 39 54 2.904470614603019
list:
dist: 2.904470614603019 vs. 2.904470614603019
--------
nle(id0,id1,dist): 39 55 1.3940383659069018
list:
dist: 1.3940383659069018 vs. 1.3940383659069018
--------
nle(id0,id1,dist): 39 56 2.2085808002187397
list:
dist: 2.2085808002187397 vs. 2.2085808002187397
--------
nle(id0,id1,dist): 39 57 2.1273200668929344
list:
dist: 2.1273200668929344 vs. 2.1273200668929344
--------
nle(id0,id1,dist): 39 58 2.434647968983864
list:
dist: 2.434647968983864 vs. 2.434647968983864
--------
nle(id0,id1,dist): 39 59 2.395747736889868
list:
dist: 2.395747736889868 vs. 2.395747736889868
--------
nle(id0,id1,dist): 39 60 4.070215872113633
list:
dist: 4.070215872113633 vs. 4.070215872113633
--------
nle(id0,id1,dist): 39 61 3.9723384186301787
list:
dist: 3.9723384186301787 vs. 3.9723384186301787
--------
nle(id0,id1,dist): 39 72 4.843456023732943
list:
dist: 4.843456023732943 vs. 4.843456023732943
--------
nle(id0,id1,dist): 39 74 4.444962235238893
list:
dist: 4.444962235238893 vs. 4.444962235238893
--------
nle(id0,id1,dist): 38 55 1.7710423406088749
list:
dist: 1.7710423406088749 vs. 1.7710423406088749
--------
nle(id0,id1,dist): 38 53 2.635448333238068
list:
dist: 2.635448333238068 vs. 2.635448333238068
--------
nle(id0,id1,dist): 38 51 2.207698811040653
list:
dist: 2.207698811040653 vs. 2.207698811040653
--------
nle(id0,id1,dist): 38 52 2.937226377049952
list:
dist: 2.937226377049952 vs. 2.937226377049952
--------
nle(id0,id1,dist): 39 45 1.355030947754282
list:
dist: 1.355030947754282 vs. 1.355030947754282
--------
nle(id0,id1,dist): 39 44 2.461453313634013
list:
dist: 2.461453313634013 vs. 2.461453313634013
--------
nle(id0,id1,dist): 39 43 1.1891345544604814
list:
dist: 1.1891345544604814 vs. 1.1891345544604814
--------
nle(id0,id1,dist): 39 42 0.7912783613840667
list:
dist: 0.7912783613840667 vs. 0.7912783613840667
--------
nle(id0,id1,dist): 39 41 1.8165183330448302
list:
dist: 1.8165183330448302 vs. 1.8165183330448302
--------
nle(id0,id1,dist): 39 40 1.5996211416843946
list:
dist: 1.5996211416843946 vs. 1.5996211416843946
--------
nle(id0,id1,dist): 37 60 4.367021229179769
list:
dist: 4.367021229179769 vs. 4.367021229179769
--------
nle(id0,id1,dist): 37 61 4.5557536694019225
list:
dist: 4.5557536694019225 vs. 4.5557536694019225
--------
nle(id0,id1,dist): 38 40 2.1723763958428517
list:
dist: 2.1723763958428517 vs. 2.1723763958428517
--------
nle(id0,id1,dist): 38 39 0.8329696501398238
list:
dist: 0.8329696501398238 vs. 0.8329696501398238
--------
nle(id0,id1,dist): 38 42 1.112580768788001
list:
dist: 1.112580768788001 vs. 1.112580768788001
--------
nle(id0,id1,dist): 38 41 2.0186969461181836
list:
dist: 2.0186969461181836 vs. 2.0186969461181836
--------
nle(id0,id1,dist): 38 48 2.7185955226790006
list:
dist: 2.7185955226790006 vs. 2.7185955226790006
--------
nle(id0,id1,dist): 38 47 1.822306466782137
list:
dist: 1.822306466782137 vs. 1.822306466782137
--------
nle(id0,id1,dist): 38 50 2.1396048469204936
list:
dist: 2.1396048469204936 vs. 2.1396048469204936
--------
nle(id0,id1,dist): 38 49 1.9908603725397866
list:
dist: 1.9908603725397866 vs. 1.9908603725397866
--------
nle(id0,id1,dist): 38 43 1.8671604085681284
list:
dist: 1.8671604085681284 vs. 1.8671604085681284
--------
nle(id0,id1,dist): 38 46 1.3928374149323757
list:
dist: 1.3928374149323757 vs. 1.3928374149323757
--------
nle(id0,id1,dist): 38 45 1.594631735404092
list:
dist: 1.594631735404092 vs. 1.594631735404092
--------
nle(id0,id1,dist): 23 28 1.4904453173915975
list:
dist: 1.4904453173915975 vs. 1.4904453173915975
--------
nle(id0,id1,dist): 23 29 2.1076357546893316
list:
dist: 2.1076357546893316 vs. 2.1076357546893316
--------
nle(id0,id1,dist): 23 26 1.1009869520788853
list:
dist: 1.1009869520788853 vs. 1.1009869520788853
--------
nle(id0,id1,dist): 23 27 1.0829866156015195
list:
dist: 1.0829866156015195 vs. 1.0829866156015195
--------
nle(id0,id1,dist): 23 24 1.6276391961710959
list:
dist: 1.6276391961710959 vs. 1.6276391961710959
--------
nle(id0,id1,dist): 23 25 1.2720768177792472
list:
dist: 1.2720768177792472 vs. 1.2720768177792472
--------
nle(id0,id1,dist): 22 55 3.6881843735988498
list:
dist: 3.6881843735988498 vs. 3.6881843735988498
--------
nle(id0,id1,dist): 22 53 3.6828630039018027
list:
dist: 3.6828630039018027 vs. 3.6828630039018027
--------
nle(id0,id1,dist): 22 51 2.7000985833468825
list:
dist: 2.7000985833468825 vs. 2.7000985833468825
--------
nle(id0,id1,dist): 22 52 3.204354520305999
list:
dist: 3.204354520305999 vs. 3.204354520305999
--------
nle(id0,id1,dist): 22 50 2.4178249180369358
list:
dist: 2.4178249180369358 vs. 2.4178249180369358
--------
nle(id0,id1,dist): 22 49 3.871616942506423
list:
dist: 3.871616942506423 vs. 3.871616942506423
--------
nle(id0,id1,dist): 22 48 3.921686713447604
list:
dist: 3.921686713447604 vs. 3.921686713447604
--------
nle(id0,id1,dist): 22 47 2.936282190153426
list:
dist: 2.936282190153426 vs. 2.936282190153426
--------
nle(id0,id1,dist): 22 46 2.8821142903337567
list:
dist: 2.8821142903337567 vs. 2.8821142903337567
--------
nle(id0,id1,dist): 22 44 2.4075726128155406
list:
dist: 2.4075726128155406 vs. 2.4075726128155406
--------
nle(id0,id1,dist): 22 43 3.0621149708034268
list:
dist: 3.0621149708034268 vs. 3.0621149708034268
--------
nle(id0,id1,dist): 22 42 2.8143553619928707
list:
dist: 2.8143553619928707 vs. 2.8143553619928707
--------
nle(id0,id1,dist): 22 41 1.694819192398957
list:
dist: 1.694819192398957 vs. 1.694819192398957
--------
nle(id0,id1,dist): 22 40 2.593288983638035
list:
dist: 2.593288983638035 vs. 2.593288983638035
--------
nle(id0,id1,dist): 22 39 3.3892861033716537
list:
dist: 3.3892861033716537 vs. 3.3892861033716537
--------
nle(id0,id1,dist): 22 37 2.707004870268647
list:
dist: 2.707004870268647 vs. 2.707004870268647
--------
nle(id0,id1,dist): 22 35 3.475265596516993
list:
dist: 3.475265596516993 vs. 3.475265596516993
--------
nle(id0,id1,dist): 23 55 4.195039890803181
list:
dist: 4.195039890803181 vs. 4.195039890803181
--------
nle(id0,id1,dist): 23 50 3.021365113622557
list:
dist: 3.021365113622557 vs. 3.021365113622557
--------
nle(id0,id1,dist): 23 51 3.2998286824432905
list:
dist: 3.2998286824432905 vs. 3.2998286824432905
--------
nle(id0,id1,dist): 23 52 3.751737069724544
list:
dist: 3.751737069724544 vs. 3.751737069724544
--------
nle(id0,id1,dist): 23 53 4.127313635966325
list:
dist: 4.127313635966325 vs. 4.127313635966325
--------
nle(id0,id1,dist): 23 46 3.2661617353902233
list:
dist: 3.2661617353902233 vs. 3.2661617353902233
--------
nle(id0,id1,dist): 23 47 3.4754408754150785
list:
dist: 3.4754408754150785 vs. 3.4754408754150785
--------
nle(id0,id1,dist): 23 48 4.410852283549914
list:
dist: 4.410852283549914 vs. 4.410852283549914
--------
nle(id0,id1,dist): 23 49 4.390852600068158
list:
dist: 4.390852600068158 vs. 4.390852600068158
--------
nle(id0,id1,dist): 23 43 3.4594543055302496
list:
dist: 3.4594543055302496 vs. 3.4594543055302496
--------
nle(id0,id1,dist): 23 42 3.231472502387415
list:
dist: 3.231472502387415 vs. 3.231472502387415
--------
nle(id0,id1,dist): 23 44 2.873243717692078
list:
dist: 2.873243717692078 vs. 2.873243717692078
--------
nle(id0,id1,dist): 23 39 3.698803327254039
list:
dist: 3.698803327254039 vs. 3.698803327254039
--------
nle(id0,id1,dist): 23 41 2.1030780673402543
list:
dist: 2.1030780673402543 vs. 2.1030780673402543
--------
nle(id0,id1,dist): 23 40 2.8242824021783104
list:
dist: 2.8242824021783104 vs. 2.8242824021783104
--------
nle(id0,id1,dist): 23 35 3.628520355138289
list:
dist: 3.628520355138289 vs. 3.628520355138289
--------
nle(id0,id1,dist): 23 37 2.793367497519553
list:
dist: 2.793367497519553 vs. 2.793367497519553
--------
nle(id0,id1,dist): 23 31 2.5365405914871295
list:
dist: 2.5365405914871295 vs. 2.5365405914871295
--------
nle(id0,id1,dist): 23 30 2.5129255344085797
list:
dist: 2.5129255344085797 vs. 2.5129255344085797
--------
nle(id0,id1,dist): 23 33 2.3953987658052207
list:
dist: 2.3953987658052207 vs. 2.3953987658052207
--------
nle(id0,id1,dist): 23 32 2.663209279394759
list:
dist: 2.663209279394759 vs. 2.663209279394759
--------
nle(id0,id1,dist): 21 32 3.2064092552586634
list:
dist: 3.2064092552586634 vs. 3.2064092552586634
--------
nle(id0,id1,dist): 21 26 1.244460995341711
list:
dist: 1.244460995341711 vs. 1.244460995341711
--------
nle(id0,id1,dist): 21 27 1.5398568296815773
list:
dist: 1.5398568296815773 vs. 1.5398568296815773
--------
nle(id0,id1,dist): 21 24 1.1860276727868562
list:
dist: 1.1860276727868562 vs. 1.1860276727868562
--------
nle(id0,id1,dist): 21 25 1.6879439639017235
list:
dist: 1.6879439639017235 vs. 1.6879439639017235
--------
nle(id0,id1,dist): 21 31 3.1487843567955163
list:
dist: 3.1487843567955163 vs. 3.1487843567955163
--------
nle(id0,id1,dist): 21 28 2.0476086807819915
list:
dist: 2.0476086807819915 vs. 2.0476086807819915
--------
nle(id0,id1,dist): 21 29 2.4184609124112657
list:
dist: 2.4184609124112657 vs. 2.4184609124112657
--------
nle(id0,id1,dist): 21 23 0.7014970144388326
list:
dist: 0.7014970144388326 vs. 0.7014970144388326
--------
nle(id0,id1,dist): 21 22 1.2030335252024442
list:
dist: 1.2030335252024442 vs. 1.2030335252024442
--------
nle(id0,id1,dist): 20 50 3.675083487186934
list:
dist: 3.675083487186934 vs. 3.675083487186934
--------
nle(id0,id1,dist): 22 27 0.941528048606175
list:
dist: 0.941528048606175 vs. 0.941528048606175
--------
nle(id0,id1,dist): 22 28 1.1472223842110196
list:
dist: 1.1472223842110196 vs. 1.1472223842110196
--------
nle(id0,id1,dist): 22 29 1.4418196055739896
list:
dist: 1.4418196055739896 vs. 1.4418196055739896
--------
nle(id0,id1,dist): 22 30 2.4473835388737255
list:
dist: 2.4473835388737255 vs. 2.4473835388737255
--------
nle(id0,id1,dist): 22 31 2.1646990071639007
list:
dist: 2.1646990071639007 vs. 2.1646990071639007
--------
nle(id0,id1,dist): 22 32 2.7252942900908725
list:
dist: 2.7252942900908725 vs. 2.7252942900908725
--------
nle(id0,id1,dist): 22 33 2.0797726471911364
list:
dist: 2.0797726471911364 vs. 2.0797726471911364
--------
nle(id0,id1,dist): 22 23 0.700145716258015
list:
dist: 0.700145716258015 vs. 0.700145716258015
--------
nle(id0,id1,dist): 22 24 1.7452403781138286
list:
dist: 1.7452403781138286 vs. 1.7452403781138286
--------
nle(id0,id1,dist): 22 25 0.8681196461655618
list:
dist: 0.8681196461655618 vs. 0.8681196461655618
--------
nle(id0,id1,dist): 22 26 0.8100533166051831
list:
dist: 0.8100533166051831 vs. 0.8100533166051831
--------
nle(id0,id1,dist): 21 50 3.6163345376404163
list:
dist: 3.6163345376404163 vs. 3.6163345376404163
--------
nle(id0,id1,dist): 21 41 2.7847691659288407
list:
dist: 2.7847691659288407 vs. 2.7847691659288407
--------
nle(id0,id1,dist): 19 41 1.587855650511151
list:
dist: 1.587855650511151 vs. 1.587855650511151
--------
nle(id0,id1,dist): 19 40 2.1237095514562516
list:
dist: 2.1237095514562516 vs. 2.1237095514562516
--------
nle(id0,id1,dist): 19 39 2.9579620518345577
list:
dist: 2.9579620518345577 vs. 2.9579620518345577
--------
nle(id0,id1,dist): 19 37 1.945030884171513
list:
dist: 1.945030884171513 vs. 1.945030884171513
--------
nle(id0,id1,dist): 19 35 2.7988437314992614
list:
dist: 2.7988437314992614 vs. 2.7988437314992614
--------
nle(id0,id1,dist): 19 49 3.8774933944160765
list:
dist: 3.8774933944160765 vs. 3.8774933944160765
--------
nle(id0,id1,dist): 19 48 3.9142885139109054
list:
dist: 3.9142885139109054 vs. 3.9142885139109054
--------
nle(id0,id1,dist): 19 47 3.028863388521845
list:
dist: 3.028863388521845 vs. 3.028863388521845
--------
nle(id0,id1,dist): 19 46 2.616134667955034
list:
dist: 2.616134667955034 vs. 2.616134667955034
--------
nle(id0,id1,dist): 19 44 2.565315080191413
list:
dist: 2.565315080191413 vs. 2.565315080191413
--------
nle(id0,id1,dist): 19 43 2.844880594187717
list:
dist: 2.844880594187717 vs. 2.844880594187717
--------
nle(id0,id1,dist): 19 42 2.618532415902215
list:
dist: 2.618532415902215 vs. 2.618532415902215
--------
nle(id0,id1,dist): 19 24 2.5167350934628043
list:
dist: 2.5167350934628043 vs. 2.5167350934628043
--------
nle(id0,id1,dist): 19 25 1.3882602661668773
list:
dist: 1.3882602661668773 vs. 1.3882602661668773
--------
nle(id0,id1,dist): 19 22 1.1398467467159825
list:
dist: 1.1398467467159825 vs. 1.1398467467159825
--------
nle(id0,id1,dist): 19 23 0.9068590234188025
list:
dist: 0.9068590234188025 vs. 0.9068590234188025
--------
nle(id0,id1,dist): 19 20 1.4539114317655013
list:
dist: 1.4539114317655013 vs. 1.4539114317655013
--------
nle(id0,id1,dist): 19 21 1.5520314914614137
list:
dist: 1.5520314914614137 vs. 1.5520314914614137
--------
nle(id0,id1,dist): 19 32 1.8650879808655794
list:
dist: 1.8650879808655794 vs. 1.8650879808655794
--------
nle(id0,id1,dist): 19 33 1.7466241994794585
list:
dist: 1.7466241994794585 vs. 1.7466241994794585
--------
nle(id0,id1,dist): 19 30 1.641688459681731
list:
dist: 1.641688459681731 vs. 1.641688459681731
--------
nle(id0,id1,dist): 19 31 1.9892700812141035
list:
dist: 1.9892700812141035 vs. 1.9892700812141035
--------
nle(id0,id1,dist): 19 28 1.2139352402332195
list:
dist: 1.2139352402332195 vs. 1.2139352402332195
--------
nle(id0,id1,dist): 19 29 2.45489147820986
list:
dist: 2.45489147820986 vs. 2.45489147820986
--------
nle(id0,id1,dist): 19 26 1.793187357012956
list:
dist: 1.793187357012956 vs. 1.793187357012956
--------
nle(id0,id1,dist): 19 27 1.3747700800488973
list:
dist: 1.3747700800488973 vs. 1.3747700800488973
--------
nle(id0,id1,dist): 20 29 2.5874033674195824
list:
dist: 2.5874033674195824 vs. 2.5874033674195824
--------
nle(id0,id1,dist): 20 32 3.0527443735708117
list:
dist: 3.0527443735708117 vs. 3.0527443735708117
--------
nle(id0,id1,dist): 20 31 3.111627571519758
list:
dist: 3.111627571519758 vs. 3.111627571519758
--------
nle(id0,id1,dist): 20 41 2.790289810856354
list:
dist: 2.790289810856354 vs. 2.790289810856354
--------
nle(id0,id1,dist): 19 55 3.6671577935574486
list:
dist: 3.6671577935574486 vs. 3.6671577935574486
--------
nle(id0,id1,dist): 19 50 2.725557065385208
list:
dist: 2.725557065385208 vs. 2.725557065385208
--------
nle(id0,id1,dist): 19 51 2.9835968518362423
list:
dist: 2.9835968518362423 vs. 2.9835968518362423
--------
nle(id0,id1,dist): 19 52 3.4248428803079034
list:
dist: 3.4248428803079034 vs. 3.4248428803079034
--------
nle(id0,id1,dist): 19 53 3.5983823883789765
list:
dist: 3.5983823883789765 vs. 3.5983823883789765
--------
nle(id0,id1,dist): 20 25 1.708299772844254
list:
dist: 1.708299772844254 vs. 1.708299772844254
--------
nle(id0,id1,dist): 20 26 1.4444665737900595
list:
dist: 1.4444665737900595 vs. 1.4444665737900595
--------
nle(id0,id1,dist): 20 27 1.6438612375248978
list:
dist: 1.6438612375248978 vs. 1.6438612375248978
--------
nle(id0,id1,dist): 20 28 2.0236275928783587
list:
dist: 2.0236275928783587 vs. 2.0236275928783587
--------
nle(id0,id1,dist): 20 21 0.24607972526644017
list:
dist: 0.24607972526644017 vs. 0.24607972526644017
--------
nle(id0,id1,dist): 20 22 1.2911767676279837
list:
dist: 1.2911767676279837 vs. 1.2911767676279837
--------
nle(id0,id1,dist): 20 23 0.7000070935245222
list:
dist: 0.7000070935245222 vs. 0.7000070935245222
--------
nle(id0,id1,dist): 20 24 1.4191830512561463
list:
dist: 1.4191830512561463 vs. 1.4191830512561463
--------
nle(id0,id1,dist): 18 22 2.1924817274553554
list:
dist: 2.1924817274553554 vs. 2.1924817274553554
--------
nle(id0,id1,dist): 18 21 1.518599586937385
list:
dist: 1.518599586937385 vs. 1.518599586937385
--------
nle(id0,id1,dist): 18 20 1.5134218687653143
list:
dist: 1.5134218687653143 vs. 1.5134218687653143
--------
nle(id0,id1,dist): 18 19 2.0781562182276163
list:
dist: 2.0781562182276163 vs. 2.0781562182276163
--------
nle(id0,id1,dist): 17 30 3.0975387871707096
list:
dist: 3.0975387871707096 vs. 3.0975387871707096
--------
nle(id0,id1,dist): 17 31 3.5525469454465015
list:
dist: 3.5525469454465015 vs. 3.5525469454465015
--------
nle(id0,id1,dist): 17 28 2.608024502452687
list:
dist: 2.608024502452687 vs. 2.608024502452687
--------
nle(id0,id1,dist): 17 35 4.183499205719242
list:
dist: 4.183499205719242 vs. 4.183499205719242
--------
nle(id0,id1,dist): 17 32 3.104382058020313
list:
dist: 3.104382058020313 vs. 3.104382058020313
--------
nle(id0,id1,dist): 17 37 3.3995616005981333
list:
dist: 3.3995616005981333 vs. 3.3995616005981333
--------
nle(id0,id1,dist): 17 40 3.527531596971429
list:
dist: 3.527531596971429 vs. 3.527531596971429
--------
nle(id0,id1,dist): 18 44 3.7018849562870026
list:
dist: 3.7018849562870026 vs. 3.7018849562870026
--------
nle(id0,id1,dist): 18 23 1.6515965752498951
list:
dist: 1.6515965752498951 vs. 1.6515965752498951
--------
nle(id0,id1,dist): 18 24 1.8303491231406948
list:
dist: 1.8303491231406948 vs. 1.8303491231406948
--------
nle(id0,id1,dist): 18 26 2.0090147949883503
list:
dist: 2.0090147949883503 vs. 2.0090147949883503
--------
nle(id0,id1,dist): 18 27 1.7631326017268916
list:
dist: 1.7631326017268916 vs. 1.7631326017268916
--------
nle(id0,id1,dist): 18 29 3.2768336199790706
list:
dist: 3.2768336199790706 vs. 3.2768336199790706
--------
nle(id0,id1,dist): 29 44 2.107959768684909
list:
dist: 2.107959768684909 vs. 2.107959768684909
--------
nle(id0,id1,dist): 29 47 2.5910314644950074
list:
dist: 2.5910314644950074 vs. 2.5910314644950074
--------
nle(id0,id1,dist): 29 46 2.9822812781487404
list:
dist: 2.9822812781487404 vs. 2.9822812781487404
--------
nle(id0,id1,dist): 29 41 2.013719697960287
list:
dist: 2.013719697960287 vs. 2.013719697960287
--------
nle(id0,id1,dist): 29 40 2.973757671461137
list:
dist: 2.973757671461137 vs. 2.973757671461137
--------
nle(id0,id1,dist): 29 43 3.0425203288209466
list:
dist: 3.0425203288209466 vs. 3.0425203288209466
--------
nle(id0,id1,dist): 29 42 2.8854320183023634
list:
dist: 2.8854320183023634 vs. 2.8854320183023634
--------
nle(id0,id1,dist): 29 37 3.4766793664191713
list:
dist: 3.4766793664191713 vs. 3.4766793664191713
--------
nle(id0,id1,dist): 29 39 3.640932360400688
list:
dist: 3.640932360400688 vs. 3.640932360400688
--------
nle(id0,id1,dist): 29 33 2.4621581734214044
list:
dist: 2.4621581734214044 vs. 2.4621581734214044
--------
nle(id0,id1,dist): 29 32 3.7264982333071113
list:
dist: 3.7264982333071113 vs. 3.7264982333071113
--------
nle(id0,id1,dist): 29 35 3.9475988952339587
list:
dist: 3.9475988952339587 vs. 3.9475988952339587
--------
nle(id0,id1,dist): 29 56 3.268893841120666
list:
dist: 3.268893841120666 vs. 3.268893841120666
--------
nle(id0,id1,dist): 29 58 3.623479842693794
list:
dist: 3.623479842693794 vs. 3.623479842693794
--------
nle(id0,id1,dist): 29 59 3.5243417779199655
list:
dist: 3.5243417779199655 vs. 3.5243417779199655
--------
nle(id0,id1,dist): 29 52 2.591808475910954
list:
dist: 2.591808475910954 vs. 2.591808475910954
--------
nle(id0,id1,dist): 29 53 3.386852891819319
list:
dist: 3.386852891819319 vs. 3.386852891819319
--------
nle(id0,id1,dist): 29 54 2.901707577926847
list:
dist: 2.901707577926847 vs. 2.901707577926847
--------
nle(id0,id1,dist): 29 55 3.36931690679862
list:
dist: 3.36931690679862 vs. 3.36931690679862
--------
nle(id0,id1,dist): 29 48 3.496798263692282
list:
dist: 3.496798263692282 vs. 3.496798263692282
--------
nle(id0,id1,dist): 29 49 3.487090170247977
list:
dist: 3.487090170247977 vs. 3.487090170247977
--------
nle(id0,id1,dist): 29 50 1.929825475138545
list:
dist: 1.929825475138545 vs. 1.929825475138545
--------
nle(id0,id1,dist): 29 51 2.150262257386825
list:
dist: 2.150262257386825 vs. 2.150262257386825
--------
nle(id0,id1,dist): 30 42 1.5699323778598882
list:
dist: 1.5699323778598882 vs. 1.5699323778598882
--------
nle(id0,id1,dist): 30 41 1.3510683099105243
list:
dist: 1.3510683099105243 vs. 1.3510683099105243
--------
nle(id0,id1,dist): 30 40 1.2280099682662153
list:
dist: 1.2280099682662153 vs. 1.2280099682662153
--------
nle(id0,id1,dist): 30 39 1.5220102269310443
list:
dist: 1.5220102269310443 vs. 1.5220102269310443
--------
nle(id0,id1,dist): 30 38 1.6613693108456504
list:
dist: 1.6613693108456504 vs. 1.6613693108456504
--------
nle(id0,id1,dist): 30 37 0.4734431477799713
list:
dist: 0.4734431477799713 vs. 0.4734431477799713
--------
nle(id0,id1,dist): 30 36 1.6392921909269509
list:
dist: 1.6392921909269509 vs. 1.6392921909269509
--------
nle(id0,id1,dist): 30 35 1.3244529098238802
list:
dist: 1.3244529098238802 vs. 1.3244529098238802
--------
nle(id0,id1,dist): 30 34 2.6285735794217038
list:
dist: 2.6285735794217038 vs. 2.6285735794217038
--------
nle(id0,id1,dist): 30 33 1.0763298697975179
list:
dist: 1.0763298697975179 vs. 1.0763298697975179
--------
nle(id0,id1,dist): 30 32 1.076005756292414
list:
dist: 1.076005756292414 vs. 1.076005756292414
--------
nle(id0,id1,dist): 30 31 1.3963599735489223
list:
dist: 1.3963599735489223 vs. 1.3963599735489223
--------
nle(id0,id1,dist): 30 55 2.6374113230280942
list:
dist: 2.6374113230280942 vs. 2.6374113230280942
--------
nle(id0,id1,dist): 30 53 2.6833061315341102
list:
dist: 2.6833061315341102 vs. 2.6833061315341102
--------
nle(id0,id1,dist): 30 51 2.5345873495446636
list:
dist: 2.5345873495446636 vs. 2.5345873495446636
--------
nle(id0,id1,dist): 30 52 2.9416369848752377
list:
dist: 2.9416369848752377 vs. 2.9416369848752377
--------
nle(id0,id1,dist): 30 49 2.857470804821973
list:
dist: 2.857470804821973 vs. 2.857470804821973
--------
nle(id0,id1,dist): 30 50 2.3804760490801478
list:
dist: 2.3804760490801478 vs. 2.3804760490801478
--------
nle(id0,id1,dist): 30 47 2.2897783067515776
list:
dist: 2.2897783067515776 vs. 2.2897783067515776
--------
nle(id0,id1,dist): 30 48 2.99857562010634
list:
dist: 2.99857562010634 vs. 2.99857562010634
--------
nle(id0,id1,dist): 30 45 2.8275963734867733
list:
dist: 2.8275963734867733 vs. 2.8275963734867733
--------
nle(id0,id1,dist): 30 46 1.4970992557404983
list:
dist: 1.4970992557404983 vs. 1.4970992557404983
--------
nle(id0,id1,dist): 30 43 1.8164168095389388
list:
dist: 1.8164168095389388 vs. 1.8164168095389388
--------
nle(id0,id1,dist): 30 44 2.3937707344523305
list:
dist: 2.3937707344523305 vs. 2.3937707344523305
--------
nle(id0,id1,dist): 27 51 2.86637918685105
list:
dist: 2.86637918685105 vs. 2.86637918685105
--------
nle(id0,id1,dist): 27 50 2.6389049999978704
list:
dist: 2.6389049999978704 vs. 2.6389049999978704
--------
nle(id0,id1,dist): 27 53 3.5004263350996587
list:
dist: 3.5004263350996587 vs. 3.5004263350996587
--------
nle(id0,id1,dist): 27 52 3.0385048093090514
list:
dist: 3.0385048093090514 vs. 3.0385048093090514
--------
nle(id0,id1,dist): 27 55 3.8553329590174377
list:
dist: 3.8553329590174377 vs. 3.8553329590174377
--------
nle(id0,id1,dist): 27 43 3.0116461732561493
list:
dist: 3.0116461732561493 vs. 3.0116461732561493
--------
nle(id0,id1,dist): 27 42 3.036974002223187
list:
dist: 3.036974002223187 vs. 3.036974002223187
--------
nle(id0,id1,dist): 27 44 2.0819041343695037
list:
dist: 2.0819041343695037 vs. 2.0819041343695037
--------
nle(id0,id1,dist): 27 47 3.0964204013707017
list:
dist: 3.0964204013707017 vs. 3.0964204013707017
--------
nle(id0,id1,dist): 27 46 2.972025213118418
list:
dist: 2.972025213118418 vs. 2.972025213118418
--------
nle(id0,id1,dist): 27 49 4.015420064430069
list:
dist: 4.015420064430069 vs. 4.015420064430069
--------
nle(id0,id1,dist): 27 48 3.7979976167816285
list:
dist: 3.7979976167816285 vs. 3.7979976167816285
--------
nle(id0,id1,dist): 28 29 1.9469886634742684
list:
dist: 1.9469886634742684 vs. 1.9469886634742684
--------
nle(id0,id1,dist): 28 30 1.7550953869940333
list:
dist: 1.7550953869940333 vs. 1.7550953869940333
--------
nle(id0,id1,dist): 28 31 1.125666603140065
list:
dist: 1.125666603140065 vs. 1.125666603140065
--------
nle(id0,id1,dist): 28 32 1.8521176512111546
list:
dist: 1.8521176512111546 vs. 1.8521176512111546
--------
nle(id0,id1,dist): 28 33 1.6120187443627678
list:
dist: 1.6120187443627678 vs. 1.6120187443627678
--------
nle(id0,id1,dist): 28 35 2.8824119474841616
list:
dist: 2.8824119474841616 vs. 2.8824119474841616
--------
nle(id0,id1,dist): 28 36 2.7717886450312488
list:
dist: 2.7717886450312488 vs. 2.7717886450312488
--------
nle(id0,id1,dist): 28 48 3.508629120834681
list:
dist: 3.508629120834681 vs. 3.508629120834681
--------
nle(id0,id1,dist): 28 47 2.3375682193035616
list:
dist: 2.3375682193035616 vs. 2.3375682193035616
--------
nle(id0,id1,dist): 28 46 2.2027597143597286
list:
dist: 2.2027597143597286 vs. 2.2027597143597286
--------
nle(id0,id1,dist): 28 45 3.3407219390405203
list:
dist: 3.3407219390405203 vs. 3.3407219390405203
--------
nle(id0,id1,dist): 28 52 3.0153054475512464
list:
dist: 3.0153054475512464 vs. 3.0153054475512464
--------
nle(id0,id1,dist): 28 51 2.2435853008659667
list:
dist: 2.2435853008659667 vs. 2.2435853008659667
--------
nle(id0,id1,dist): 28 50 1.950875856307136
list:
dist: 1.950875856307136 vs. 1.950875856307136
--------
nle(id0,id1,dist): 28 49 3.1893238149501517
list:
dist: 3.1893238149501517 vs. 3.1893238149501517
--------
nle(id0,id1,dist): 28 40 2.243357616607713
list:
dist: 2.243357616607713 vs. 2.243357616607713
--------
nle(id0,id1,dist): 28 39 2.5139781660214675
list:
dist: 2.5139781660214675 vs. 2.5139781660214675
--------
nle(id0,id1,dist): 28 38 2.2665533125776296
list:
dist: 2.2665533125776296 vs. 2.2665533125776296
--------
nle(id0,id1,dist): 28 37 1.8460521553539209
list:
dist: 1.8460521553539209 vs. 1.8460521553539209
--------
nle(id0,id1,dist): 28 44 2.438644007248701
list:
dist: 2.438644007248701 vs. 2.438644007248701
--------
nle(id0,id1,dist): 28 43 2.5388916084379924
list:
dist: 2.5388916084379924 vs. 2.5388916084379924
--------
nle(id0,id1,dist): 28 42 2.017777274068515
list:
dist: 2.017777274068515 vs. 2.017777274068515
--------
nle(id0,id1,dist): 28 41 1.2714537207599843
list:
dist: 1.2714537207599843 vs. 1.2714537207599843
--------
nle(id0,id1,dist): 29 30 3.254565609316147
list:
dist: 3.254565609316147 vs. 3.254565609316147
--------
nle(id0,id1,dist): 29 31 2.538036982869883
list:
dist: 2.538036982869883 vs. 2.538036982869883
--------
nle(id0,id1,dist): 28 55 2.975950265029195
list:
dist: 2.975950265029195 vs. 2.975950265029195
--------
nle(id0,id1,dist): 28 53 3.3111506453851716
list:
dist: 3.3111506453851716 vs. 3.3111506453851716
--------
nle(id0,id1,dist): 25 52 3.295576002939534
list:
dist: 3.295576002939534 vs. 3.295576002939534
--------
nle(id0,id1,dist): 25 53 3.7212493558921254
list:
dist: 3.7212493558921254 vs. 3.7212493558921254
--------
nle(id0,id1,dist): 25 55 3.4058789827724834
list:
dist: 3.4058789827724834 vs. 3.4058789827724834
--------
nle(id0,id1,dist): 26 27 0.8686447529699712
list:
dist: 0.8686447529699712 vs. 0.8686447529699712
--------
nle(id0,id1,dist): 26 28 1.931946388001488
list:
dist: 1.931946388001488 vs. 1.931946388001488
--------
nle(id0,id1,dist): 26 29 1.318730771732488
list:
dist: 1.318730771732488 vs. 1.318730771732488
--------
nle(id0,id1,dist): 26 30 3.1550433420146233
list:
dist: 3.1550433420146233 vs. 3.1550433420146233
--------
nle(id0,id1,dist): 26 35 4.064116409648402
list:
dist: 4.064116409648402 vs. 4.064116409648402
--------
nle(id0,id1,dist): 26 37 3.4571560599260964
list:
dist: 3.4571560599260964 vs. 3.4571560599260964
--------
nle(id0,id1,dist): 26 32 3.5136106359814803
list:
dist: 3.5136106359814803 vs. 3.5136106359814803
--------
nle(id0,id1,dist): 26 31 2.8944042454032024
list:
dist: 2.8944042454032024 vs. 2.8944042454032024
--------
nle(id0,id1,dist): 26 33 2.6514732194892283
list:
dist: 2.6514732194892283 vs. 2.6514732194892283
--------
nle(id0,id1,dist): 26 44 2.604922377342197
list:
dist: 2.604922377342197 vs. 2.604922377342197
--------
nle(id0,id1,dist): 26 43 3.5478756787878782
list:
dist: 3.5478756787878782 vs. 3.5478756787878782
--------
nle(id0,id1,dist): 26 46 3.4556195600999033
list:
dist: 3.4556195600999033 vs. 3.4556195600999033
--------
nle(id0,id1,dist): 26 40 3.0888577505231756
list:
dist: 3.0888577505231756 vs. 3.0888577505231756
--------
nle(id0,id1,dist): 26 39 4.0533707079965335
list:
dist: 4.0533707079965335 vs. 4.0533707079965335
--------
nle(id0,id1,dist): 26 42 3.426069927883939
list:
dist: 3.426069927883939 vs. 3.426069927883939
--------
nle(id0,id1,dist): 26 41 2.2666155874567893
list:
dist: 2.2666155874567893 vs. 2.2666155874567893
--------
nle(id0,id1,dist): 26 53 4.033288361847657
list:
dist: 4.033288361847657 vs. 4.033288361847657
--------
nle(id0,id1,dist): 26 54 4.0922812931802
list:
dist: 4.0922812931802 vs. 4.0922812931802
--------
nle(id0,id1,dist): 26 51 3.0843310958099934
list:
dist: 3.0843310958099934 vs. 3.0843310958099934
--------
nle(id0,id1,dist): 26 52 3.4254881312185974
list:
dist: 3.4254881312185974 vs. 3.4254881312185974
--------
nle(id0,id1,dist): 26 49 4.34711599293112
list:
dist: 4.34711599293112 vs. 4.34711599293112
--------
nle(id0,id1,dist): 26 50 2.8295057131295955
list:
dist: 2.8295057131295955 vs. 2.8295057131295955
--------
nle(id0,id1,dist): 26 47 3.403539270821282
list:
dist: 3.403539270821282 vs. 3.403539270821282
--------
nle(id0,id1,dist): 26 48 4.264830269426953
list:
dist: 4.264830269426953 vs. 4.264830269426953
--------
nle(id0,id1,dist): 26 59 4.480972396034518
list:
dist: 4.480972396034518 vs. 4.480972396034518
--------
nle(id0,id1,dist): 26 58 4.6586805295884375
list:
dist: 4.6586805295884375 vs. 4.6586805295884375
--------
nle(id0,id1,dist): 26 55 4.19011374514347
list:
dist: 4.19011374514347 vs. 4.19011374514347
--------
nle(id0,id1,dist): 26 56 4.202296103598245
list:
dist: 4.202296103598245 vs. 4.202296103598245
--------
nle(id0,id1,dist): 27 33 2.0900839935373554
list:
dist: 2.0900839935373554 vs. 2.0900839935373554
--------
nle(id0,id1,dist): 27 32 3.136376499780845
list:
dist: 3.136376499780845 vs. 3.136376499780845
--------
nle(id0,id1,dist): 27 31 2.6684483946272604
list:
dist: 2.6684483946272604 vs. 2.6684483946272604
--------
nle(id0,id1,dist): 27 30 2.5960964485349893
list:
dist: 2.5960964485349893 vs. 2.5960964485349893
--------
nle(id0,id1,dist): 27 29 1.6821164252323884
list:
dist: 1.6821164252323884 vs. 1.6821164252323884
--------
nle(id0,id1,dist): 27 28 1.8731495856443352
list:
dist: 1.8731495856443352 vs. 1.8731495856443352
--------
nle(id0,id1,dist): 27 41 1.808444200040057
list:
dist: 1.808444200040057 vs. 1.808444200040057
--------
nle(id0,id1,dist): 27 40 2.4006370556831755
list:
dist: 2.4006370556831755 vs. 2.4006370556831755
--------
nle(id0,id1,dist): 27 39 3.589617788839148
list:
dist: 3.589617788839148 vs. 3.589617788839148
--------
nle(id0,id1,dist): 27 37 2.9731385238699
list:
dist: 2.9731385238699 vs. 2.9731385238699
--------
nle(id0,id1,dist): 27 35 3.3880784120567
list:
dist: 3.3880784120567 vs. 3.3880784120567
--------
nle(id0,id1,dist): 24 25 2.3678935378605
list:
dist: 2.3678935378605 vs. 2.3678935378605
--------
nle(id0,id1,dist): 24 26 1.1469160254958675
list:
dist: 1.1469160254958675 vs. 1.1469160254958675
--------
nle(id0,id1,dist): 24 27 1.7859239022704863
list:
dist: 1.7859239022704863 vs. 1.7859239022704863
--------
nle(id0,id1,dist): 24 28 2.8261858431379236
list:
dist: 2.8261858431379236 vs. 2.8261858431379236
--------
nle(id0,id1,dist): 24 29 2.2770857967239753
list:
dist: 2.2770857967239753 vs. 2.2770857967239753
--------
nle(id0,id1,dist): 24 31 3.8961172165185967
list:
dist: 3.8961172165185967 vs. 3.8961172165185967
--------
nle(id0,id1,dist): 24 32 4.273863224838967
list:
dist: 4.273863224838967 vs. 4.273863224838967
--------
nle(id0,id1,dist): 24 41 3.3675069496442793
list:
dist: 3.3675069496442793 vs. 3.3675069496442793
--------
nle(id0,id1,dist): 24 50 3.953950296965913
list:
dist: 3.953950296965913 vs. 3.953950296965913
--------
nle(id0,id1,dist): 25 26 1.5732447310491313
list:
dist: 1.5732447310491313 vs. 1.5732447310491313
--------
nle(id0,id1,dist): 25 27 1.771287046487727
list:
dist: 1.771287046487727 vs. 1.771287046487727
--------
nle(id0,id1,dist): 25 30 2.3118526979444387
list:
dist: 2.3118526979444387 vs. 2.3118526979444387
--------
nle(id0,id1,dist): 25 31 1.6545940441684241
list:
dist: 1.6545940441684241 vs. 1.6545940441684241
--------
nle(id0,id1,dist): 25 28 0.5879409744803963
list:
dist: 0.5879409744803963 vs. 0.5879409744803963
--------
nle(id0,id1,dist): 25 29 1.6845753033848234
list:
dist: 1.6845753033848234 vs. 1.6845753033848234
--------
nle(id0,id1,dist): 25 35 3.436768308763063
list:
dist: 3.436768308763063 vs. 3.436768308763063
--------
nle(id0,id1,dist): 25 32 2.3504774575704923
list:
dist: 2.3504774575704923 vs. 2.3504774575704923
--------
nle(id0,id1,dist): 25 33 2.0926654257374
list:
dist: 2.0926654257374 vs. 2.0926654257374
--------
nle(id0,id1,dist): 25 39 3.075961372134634
list:
dist: 3.075961372134634 vs. 3.075961372134634
--------
nle(id0,id1,dist): 25 38 2.810162432793607
list:
dist: 2.810162432793607 vs. 2.810162432793607
--------
nle(id0,id1,dist): 25 37 2.423520574880789
list:
dist: 2.423520574880789 vs. 2.423520574880789
--------
nle(id0,id1,dist): 25 36 3.3455783929983833
list:
dist: 3.3455783929983833 vs. 3.3455783929983833
--------
nle(id0,id1,dist): 25 43 3.0116974810165074
list:
dist: 3.0116974810165074 vs. 3.0116974810165074
--------
nle(id0,id1,dist): 25 42 2.5255920595662658
list:
dist: 2.5255920595662658 vs. 2.5255920595662658
--------
nle(id0,id1,dist): 25 41 1.6954537835977332
list:
dist: 1.6954537835977332 vs. 1.6954537835977332
--------
nle(id0,id1,dist): 25 40 2.717184697128037
list:
dist: 2.717184697128037 vs. 2.717184697128037
--------
nle(id0,id1,dist): 25 47 2.7222539421136536
list:
dist: 2.7222539421136536 vs. 2.7222539421136536
--------
nle(id0,id1,dist): 25 46 2.713965189511629
list:
dist: 2.713965189511629 vs. 2.713965189511629
--------
nle(id0,id1,dist): 25 45 3.812003332974884
list:
dist: 3.812003332974884 vs. 3.812003332974884
--------
nle(id0,id1,dist): 25 44 2.693530976190661
list:
dist: 2.693530976190661 vs. 2.693530976190661
--------
nle(id0,id1,dist): 25 51 2.5308579191528406
list:
dist: 2.5308579191528406 vs. 2.5308579191528406
--------
nle(id0,id1,dist): 25 50 2.2278471993250073
list:
dist: 2.2278471993250073 vs. 2.2278471993250073
--------
nle(id0,id1,dist): 25 49 3.6056180567830554
list:
dist: 3.6056180567830554 vs. 3.6056180567830554
--------
nle(id0,id1,dist): 25 48 3.902074832592818
list:
dist: 3.902074832592818 vs. 3.902074832592818
--------
nle(id0,id1,dist): 62 79 2.6064173888027606
list:
dist: 2.6064173888027606 vs. 2.6064173888027606
--------
nle(id0,id1,dist): 62 80 2.6818872861214644
list:
dist: 2.6818872861214644 vs. 2.6818872861214644
--------
nle(id0,id1,dist): 62 81 2.26467142341472
list:
dist: 2.26467142341472 vs. 2.26467142341472
--------
nle(id0,id1,dist): 62 75 2.2506850477738447
list:
dist: 2.2506850477738447 vs. 2.2506850477738447
--------
nle(id0,id1,dist): 62 76 2.3212972750941985
list:
dist: 2.3212972750941985 vs. 2.3212972750941985
--------
nle(id0,id1,dist): 62 77 2.4046558309005235
list:
dist: 2.4046558309005235 vs. 2.4046558309005235
--------
nle(id0,id1,dist): 62 78 2.333713720999191
list:
dist: 2.333713720999191 vs. 2.333713720999191
--------
nle(id0,id1,dist): 61 126 3.074873098821997
list:
dist: 3.074873098821997 vs. 3.074873098821997
--------
nle(id0,id1,dist): 62 90 4.7183020264192495
list:
dist: 4.7183020264192495 vs. 4.7183020264192495
--------
nle(id0,id1,dist): 61 127 3.5266094461119915
list:
dist: 3.5266094461119915 vs. 3.5266094461119915
--------
nle(id0,id1,dist): 61 120 4.006320717893265
list:
dist: 4.006320717893265 vs. 4.006320717893265
--------
nle(id0,id1,dist): 62 84 2.613753308938464
list:
dist: 2.613753308938464 vs. 2.613753308938464
--------
nle(id0,id1,dist): 61 122 3.6653628281741066
list:
dist: 3.6653628281741066 vs. 3.6653628281741066
--------
nle(id0,id1,dist): 62 64 1.6037639609507908
list:
dist: 1.6037639609507908 vs. 1.6037639609507908
--------
nle(id0,id1,dist): 62 63 1.873312691086065
list:
dist: 1.873312691086065 vs. 1.873312691086065
--------
nle(id0,id1,dist): 62 66 0.9883262196119436
list:
dist: 0.9883262196119436 vs. 0.9883262196119436
--------
nle(id0,id1,dist): 62 65 0.7069805539316427
list:
dist: 0.7069805539316427 vs. 0.7069805539316427
--------
nle(id0,id1,dist): 60 135 4.020481248620102
list:
dist: 4.020481248620102 vs. 4.020481248620102
--------
nle(id0,id1,dist): 62 72 2.0258823836628816
list:
dist: 2.0258823836628816 vs. 2.0258823836628816
--------
nle(id0,id1,dist): 62 71 2.2566279144034027
list:
dist: 2.2566279144034027 vs. 2.2566279144034027
--------
nle(id0,id1,dist): 62 74 1.7295272053665072
list:
dist: 1.7295272053665072 vs. 1.7295272053665072
--------
nle(id0,id1,dist): 62 73 1.812616522395778
list:
dist: 1.812616522395778 vs. 1.812616522395778
--------
nle(id0,id1,dist): 62 68 1.521464464859484
list:
dist: 1.521464464859484 vs. 1.521464464859484
--------
nle(id0,id1,dist): 62 67 2.634415150046841
list:
dist: 2.634415150046841 vs. 2.634415150046841
--------
nle(id0,id1,dist): 62 70 1.0531806904221868
list:
dist: 1.0531806904221868 vs. 1.0531806904221868
--------
nle(id0,id1,dist): 62 69 1.8288012853757343
list:
dist: 1.8288012853757343 vs. 1.8288012853757343
--------
nle(id0,id1,dist): 61 84 2.7287250456892225
list:
dist: 2.7287250456892225 vs. 2.7287250456892225
--------
nle(id0,id1,dist): 60 122 3.4749590174126963
list:
dist: 3.4749590174126963 vs. 3.4749590174126963
--------
nle(id0,id1,dist): 60 120 3.502584535387826
list:
dist: 3.502584535387826 vs. 3.502584535387826
--------
nle(id0,id1,dist): 61 80 2.5766746473075752
list:
dist: 2.5766746473075752 vs. 2.5766746473075752
--------
nle(id0,id1,dist): 61 81 2.2755489039989714
list:
dist: 2.2755489039989714 vs. 2.2755489039989714
--------
nle(id0,id1,dist): 60 127 3.4926716333017698
list:
dist: 3.4926716333017698 vs. 3.4926716333017698
--------
nle(id0,id1,dist): 60 126 2.84084445547372
list:
dist: 2.84084445547372 vs. 2.84084445547372
--------
nle(id0,id1,dist): 61 71 2.057214817318789
list:
dist: 2.057214817318789 vs. 2.057214817318789
--------
nle(id0,id1,dist): 61 70 1.0717510375352137
list:
dist: 1.0717510375352137 vs. 1.0717510375352137
--------
nle(id0,id1,dist): 61 69 2.0533286586689456
list:
dist: 2.0533286586689456 vs. 2.0533286586689456
--------
nle(id0,id1,dist): 61 68 1.6253829166189069
list:
dist: 1.6253829166189069 vs. 1.6253829166189069
--------
nle(id0,id1,dist): 61 66 1.1173225040337733
list:
dist: 1.1173225040337733 vs. 1.1173225040337733
--------
nle(id0,id1,dist): 61 65 1.049955086663654
list:
dist: 1.049955086663654 vs. 1.049955086663654
--------
nle(id0,id1,dist): 61 64 1.548243578106947
list:
dist: 1.548243578106947 vs. 1.548243578106947
--------
nle(id0,id1,dist): 61 79 2.8053003888299206
list:
dist: 2.8053003888299206 vs. 2.8053003888299206
--------
nle(id0,id1,dist): 61 78 2.466841139695468
list:
dist: 2.466841139695468 vs. 2.466841139695468
--------
nle(id0,id1,dist): 61 77 2.5416982152173038
list:
dist: 2.5416982152173038 vs. 2.5416982152173038
--------
nle(id0,id1,dist): 61 76 2.3640411884397854
list:
dist: 2.3640411884397854 vs. 2.3640411884397854
--------
nle(id0,id1,dist): 61 75 2.286772978358426
list:
dist: 2.286772978358426 vs. 2.286772978358426
--------
nle(id0,id1,dist): 61 74 1.6835529986940683
list:
dist: 1.6835529986940683 vs. 1.6835529986940683
--------
nle(id0,id1,dist): 61 73 1.7588958072083523
list:
dist: 1.7588958072083523 vs. 1.7588958072083523
--------
nle(id0,id1,dist): 61 72 1.8275301879993644
list:
dist: 1.8275301879993644 vs. 1.8275301879993644
--------
nle(id0,id1,dist): 64 65 1.857866786956935
list:
dist: 1.857866786956935 vs. 1.857866786956935
--------
nle(id0,id1,dist): 64 66 0.9510724456064019
list:
dist: 0.9510724456064019 vs. 0.9510724456064019
--------
nle(id0,id1,dist): 64 67 1.9953160108285224
list:
dist: 1.9953160108285224 vs. 1.9953160108285224
--------
nle(id0,id1,dist): 64 68 0.7875588902464695
list:
dist: 0.7875588902464695 vs. 0.7875588902464695
--------
nle(id0,id1,dist): 63 105 4.251308518623215
list:
dist: 4.251308518623215 vs. 4.251308518623215
--------
nle(id0,id1,dist): 64 69 1.851859708444157
list:
dist: 1.851859708444157 vs. 1.851859708444157
--------
nle(id0,id1,dist): 64 70 1.1522848884332046
list:
dist: 1.1522848884332046 vs. 1.1522848884332046
--------
nle(id0,id1,dist): 62 144 4.426426794572093
list:
dist: 4.426426794572093 vs. 4.426426794572093
--------
nle(id0,id1,dist): 64 71 1.0233925352588549
list:
dist: 1.0233925352588549 vs. 1.0233925352588549
--------
nle(id0,id1,dist): 64 72 1.3624238378465825
list:
dist: 1.3624238378465825 vs. 1.3624238378465825
--------
nle(id0,id1,dist): 64 73 0.6559592548021479
list:
dist: 0.6559592548021479 vs. 0.6559592548021479
--------
nle(id0,id1,dist): 64 74 1.561650020950695
list:
dist: 1.561650020950695 vs. 1.561650020950695
--------
nle(id0,id1,dist): 63 111 2.8236621339022965
list:
dist: 2.8236621339022965 vs. 2.8236621339022965
--------
nle(id0,id1,dist): 64 75 1.2256665125565114
list:
dist: 1.2256665125565114 vs. 1.2256665125565114
--------
nle(id0,id1,dist): 64 76 0.9452684678881581
list:
dist: 0.9452684678881581 vs. 0.9452684678881581
--------
nle(id0,id1,dist): 64 77 1.9394463386902094
list:
dist: 1.9394463386902094 vs. 1.9394463386902094
--------
nle(id0,id1,dist): 64 78 1.8616813536824324
list:
dist: 1.8616813536824324 vs. 1.8616813536824324
--------
nle(id0,id1,dist): 64 79 2.1185397153009466
list:
dist: 2.1185397153009466 vs. 2.1185397153009466
--------
nle(id0,id1,dist): 64 80 1.582446448807046
list:
dist: 1.582446448807046 vs. 1.582446448807046
--------
nle(id0,id1,dist): 62 126 3.236397637345584
list:
dist: 3.236397637345584 vs. 3.236397637345584
--------
nle(id0,id1,dist): 63 91 4.0425574531161255
list:
dist: 4.0425574531161255 vs. 4.0425574531161255
--------
nle(id0,id1,dist): 62 127 3.6338726348625388
list:
dist: 3.6338726348625388 vs. 3.6338726348625388
--------
nle(id0,id1,dist): 63 90 4.004047334853477
list:
dist: 4.004047334853477 vs. 4.004047334853477
--------
nle(id0,id1,dist): 63 93 3.2184148657795277
list:
dist: 3.2184148657795277 vs. 3.2184148657795277
--------
nle(id0,id1,dist): 63 95 4.144557902683121
list:
dist: 4.144557902683121 vs. 4.144557902683121
--------
nle(id0,id1,dist): 63 94 3.57299096195972
list:
dist: 3.57299096195972 vs. 3.57299096195972
--------
nle(id0,id1,dist): 63 97 2.9268722465510852
list:
dist: 2.9268722465510852 vs. 2.9268722465510852
--------
nle(id0,id1,dist): 63 96 2.7700811728422385
list:
dist: 2.7700811728422385 vs. 2.7700811728422385
--------
nle(id0,id1,dist): 63 99 4.161904486171483
list:
dist: 4.161904486171483 vs. 4.161904486171483
--------
nle(id0,id1,dist): 62 135 3.7934826887518973
list:
dist: 3.7934826887518973 vs. 3.7934826887518973
--------
nle(id0,id1,dist): 63 98 2.8177168145742453
list:
dist: 2.8177168145742453 vs. 2.8177168145742453
--------
nle(id0,id1,dist): 63 72 2.11945984455828
list:
dist: 2.11945984455828 vs. 2.11945984455828
--------
nle(id0,id1,dist): 63 73 1.434787619894864
list:
dist: 1.434787619894864 vs. 1.434787619894864
--------
nle(id0,id1,dist): 63 70 1.8007615958347063
list:
dist: 1.8007615958347063 vs. 1.8007615958347063
--------
nle(id0,id1,dist): 63 71 1.494562116742115
list:
dist: 1.494562116742115 vs. 1.494562116742115
--------
nle(id0,id1,dist): 63 76 1.0379897652139336
list:
dist: 1.0379897652139336 vs. 1.0379897652139336
--------
nle(id0,id1,dist): 63 77 2.474922451861576
list:
dist: 2.474922451861576 vs. 2.474922451861576
--------
nle(id0,id1,dist): 62 111 4.273096531846821
list:
dist: 4.273096531846821 vs. 4.273096531846821
--------
nle(id0,id1,dist): 63 74 2.333512758894844
list:
dist: 2.333512758894844 vs. 2.333512758894844
--------
nle(id0,id1,dist): 63 75 1.8394067516031551
list:
dist: 1.8394067516031551 vs. 1.8394067516031551
--------
nle(id0,id1,dist): 63 80 2.310286831118927
list:
dist: 2.310286831118927 vs. 2.310286831118927
--------
nle(id0,id1,dist): 63 81 2.252215668205274
list:
dist: 2.252215668205274 vs. 2.252215668205274
--------
nle(id0,id1,dist): 63 78 2.404604547165257
list:
dist: 2.404604547165257 vs. 2.404604547165257
--------
nle(id0,id1,dist): 63 79 2.410429539397752
list:
dist: 2.410429539397752 vs. 2.410429539397752
--------
nle(id0,id1,dist): 63 84 2.1791075850044126
list:
dist: 2.1791075850044126 vs. 2.1791075850044126
--------
nle(id0,id1,dist): 62 122 3.8034392560924517
list:
dist: 3.8034392560924517 vs. 3.8034392560924517
--------
nle(id0,id1,dist): 62 120 4.201119615504193
list:
dist: 4.201119615504193 vs. 4.201119615504193
--------
nle(id0,id1,dist): 62 94 4.159284060141212
list:
dist: 4.159284060141212 vs. 4.159284060141212
--------
nle(id0,id1,dist): 62 93 4.162469226772087
list:
dist: 4.162469226772087 vs. 4.162469226772087
--------
nle(id0,id1,dist): 62 91 4.782538705992246
list:
dist: 4.782538705992246 vs. 4.782538705992246
--------
nle(id0,id1,dist): 61 135 3.76184926315771
list:
dist: 3.76184926315771 vs. 3.76184926315771
--------
nle(id0,id1,dist): 62 98 3.295121354277017
list:
dist: 3.295121354277017 vs. 3.295121354277017
--------
nle(id0,id1,dist): 62 97 3.8981066333503023
list:
dist: 3.8981066333503023 vs. 3.8981066333503023
--------
nle(id0,id1,dist): 62 96 3.2724472974757988
list:
dist: 3.2724472974757988 vs. 3.2724472974757988
--------
nle(id0,id1,dist): 62 95 4.522883462457339
list:
dist: 4.522883462457339 vs. 4.522883462457339
--------
nle(id0,id1,dist): 63 65 2.0240181857855855
list:
dist: 2.0240181857855855 vs. 2.0240181857855855
--------
nle(id0,id1,dist): 63 64 0.805735356841209
list:
dist: 0.805735356841209 vs. 0.805735356841209
--------
nle(id0,id1,dist): 62 99 4.546768867790335
list:
dist: 4.546768867790335 vs. 4.546768867790335
--------
nle(id0,id1,dist): 63 69 2.2494434173600024
list:
dist: 2.2494434173600024 vs. 2.2494434173600024
--------
nle(id0,id1,dist): 62 105 5.2052981687244175
list:
dist: 5.2052981687244175 vs. 5.2052981687244175
--------
nle(id0,id1,dist): 63 68 1.1972188915893167
list:
dist: 1.1972188915893167 vs. 1.1972188915893167
--------
nle(id0,id1,dist): 63 67 1.6692253480969752
list:
dist: 1.6692253480969752 vs. 1.6692253480969752
--------
nle(id0,id1,dist): 63 66 1.0124762106166663
list:
dist: 1.0124762106166663 vs. 1.0124762106166663
--------
nle(id0,id1,dist): 59 72 3.591893985619479
list:
dist: 3.591893985619479 vs. 3.591893985619479
--------
nle(id0,id1,dist): 59 61 3.596402636994199
list:
dist: 3.596402636994199 vs. 3.596402636994199
--------
nle(id0,id1,dist): 59 60 3.67826867062589
list:
dist: 3.67826867062589 vs. 3.67826867062589
--------
nle(id0,id1,dist): 58 80 4.701886821048102
list:
dist: 4.701886821048102 vs. 4.701886821048102
--------
nle(id0,id1,dist): 58 74 3.685317308079222
list:
dist: 3.685317308079222 vs. 3.685317308079222
--------
nle(id0,id1,dist): 58 72 4.247073881905277
list:
dist: 4.247073881905277 vs. 4.247073881905277
--------
nle(id0,id1,dist): 58 61 4.2107096356707565
list:
dist: 4.2107096356707565 vs. 4.2107096356707565
--------
nle(id0,id1,dist): 58 59 0.6712555501283903
list:
dist: 0.6712555501283903 vs. 0.6712555501283903
--------
nle(id0,id1,dist): 58 60 4.333571786187053
list:
dist: 4.333571786187053 vs. 4.333571786187053
--------
nle(id0,id1,dist): 61 63 1.864079334618146
list:
dist: 1.864079334618146 vs. 1.864079334618146
--------
nle(id0,id1,dist): 61 62 0.3441749231592739
list:
dist: 0.3441749231592739 vs. 0.3441749231592739
--------
nle(id0,id1,dist): 60 77 3.4672424268004827
list:
dist: 3.4672424268004827 vs. 3.4672424268004827
--------
nle(id0,id1,dist): 60 78 3.388724961320114
list:
dist: 3.388724961320114 vs. 3.388724961320114
--------
nle(id0,id1,dist): 60 79 3.8938336894350405
list:
dist: 3.8938336894350405 vs. 3.8938336894350405
--------
nle(id0,id1,dist): 60 80 2.661196832678947
list:
dist: 2.661196832678947 vs. 2.661196832678947
--------
nle(id0,id1,dist): 60 81 2.846135432308542
list:
dist: 2.846135432308542 vs. 2.846135432308542
--------
nle(id0,id1,dist): 60 84 3.581432612063759
list:
dist: 3.581432612063759 vs. 3.581432612063759
--------
nle(id0,id1,dist): 60 69 3.2476542386136655
list:
dist: 3.2476542386136655 vs. 3.2476542386136655
--------
nle(id0,id1,dist): 60 70 1.9878059829202424
list:
dist: 1.9878059829202424 vs. 1.9878059829202424
--------
nle(id0,id1,dist): 60 71 1.8484312429419447
list:
dist: 1.8484312429419447 vs. 1.8484312429419447
--------
nle(id0,id1,dist): 60 72 1.6766832194039751
list:
dist: 1.6766832194039751 vs. 1.6766832194039751
--------
nle(id0,id1,dist): 60 73 2.2451735581313788
list:
dist: 2.2451735581313788 vs. 2.2451735581313788
--------
nle(id0,id1,dist): 60 74 2.1898497733264524
list:
dist: 2.1898497733264524 vs. 2.1898497733264524
--------
nle(id0,id1,dist): 60 75 2.948510919563329
list:
dist: 2.948510919563329 vs. 2.948510919563329
--------
nle(id0,id1,dist): 60 76 3.0501420997477173
list:
dist: 3.0501420997477173 vs. 3.0501420997477173
--------
nle(id0,id1,dist): 60 64 2.1074460258185965
list:
dist: 2.1074460258185965 vs. 2.1074460258185965
--------
nle(id0,id1,dist): 60 63 2.4840364188651787
list:
dist: 2.4840364188651787 vs. 2.4840364188651787
--------
nle(id0,id1,dist): 60 62 1.790613518524915
list:
dist: 1.790613518524915 vs. 1.790613518524915
--------
nle(id0,id1,dist): 60 61 1.4467389910659265
list:
dist: 1.4467389910659265 vs. 1.4467389910659265
--------
nle(id0,id1,dist): 60 68 2.6015121715143987
list:
dist: 2.6015121715143987 vs. 2.6015121715143987
--------
nle(id0,id1,dist): 60 66 2.2600666104038347
list:
dist: 2.2600666104038347 vs. 2.2600666104038347
--------
nle(id0,id1,dist): 60 65 2.496229380878818
list:
dist: 2.496229380878818 vs. 2.496229380878818
--------
nle(id0,id1,dist): 59 74 3.072072741497492
list:
dist: 3.072072741497492 vs. 3.072072741497492
--------
nle(id0,id1,dist): 59 80 4.092048030967761
list:
dist: 4.092048030967761 vs. 4.092048030967761
--------
nle(id0,id1,dist): 67 137 4.2179240860391936
list:
dist: 4.2179240860391936 vs. 4.2179240860391936
--------
nle(id0,id1,dist): 67 136 3.020266319109572
list:
dist: 3.020266319109572 vs. 3.020266319109572
--------
nle(id0,id1,dist): 67 135 2.6883509008501028
list:
dist: 2.6883509008501028 vs. 2.6883509008501028
--------
nle(id0,id1,dist): 67 134 4.502476965487919
list:
dist: 4.502476965487919 vs. 4.502476965487919
--------
nle(id0,id1,dist): 67 133 3.723408307816561
list:
dist: 3.723408307816561 vs. 3.723408307816561
--------
nle(id0,id1,dist): 67 131 3.8058678193230215
list:
dist: 3.8058678193230215 vs. 3.8058678193230215
--------
nle(id0,id1,dist): 67 145 4.03821211494659
list:
dist: 4.03821211494659 vs. 4.03821211494659
--------
nle(id0,id1,dist): 69 70 1.2835902743051242
list:
dist: 1.2835902743051242 vs. 1.2835902743051242
--------
nle(id0,id1,dist): 67 144 2.9512476117083537
list:
dist: 2.9512476117083537 vs. 2.9512476117083537
--------
nle(id0,id1,dist): 67 142 4.4793700299896555
list:
dist: 4.4793700299896555 vs. 4.4793700299896555
--------
nle(id0,id1,dist): 67 140 4.0041897451088895
list:
dist: 4.0041897451088895 vs. 4.0041897451088895
--------
nle(id0,id1,dist): 67 138 3.4891605187599875
list:
dist: 3.4891605187599875 vs. 3.4891605187599875
--------
nle(id0,id1,dist): 69 78 0.8158563371665494
list:
dist: 0.8158563371665494 vs. 0.8158563371665494
--------
nle(id0,id1,dist): 69 79 0.9062549887117437
list:
dist: 0.9062549887117437 vs. 0.9062549887117437
--------
nle(id0,id1,dist): 69 76 1.8329217915850646
list:
dist: 1.8329217915850646 vs. 1.8329217915850646
--------
nle(id0,id1,dist): 69 77 0.8460306334893385
list:
dist: 0.8460306334893385 vs. 0.8460306334893385
--------
nle(id0,id1,dist): 67 148 4.1910093647708635
list:
dist: 4.1910093647708635 vs. 4.1910093647708635
--------
nle(id0,id1,dist): 68 111 3.0168625597248284
list:
dist: 3.0168625597248284 vs. 3.0168625597248284
--------
nle(id0,id1,dist): 69 74 1.577061796492593
list:
dist: 1.577061796492593 vs. 1.577061796492593
--------
nle(id0,id1,dist): 69 75 1.3656623084781636
list:
dist: 1.3656623084781636 vs. 1.3656623084781636
--------
nle(id0,id1,dist): 67 146 3.287406162123522
list:
dist: 3.287406162123522 vs. 3.287406162123522
--------
nle(id0,id1,dist): 69 72 2.379107259848153
list:
dist: 2.379107259848153 vs. 2.379107259848153
--------
nle(id0,id1,dist): 67 147 3.947905395600869
list:
dist: 3.947905395600869 vs. 3.947905395600869
--------
nle(id0,id1,dist): 69 73 1.661124873459041
list:
dist: 1.661124873459041 vs. 1.661124873459041
--------
nle(id0,id1,dist): 68 123 3.6069945147277944
list:
dist: 3.6069945147277944 vs. 3.6069945147277944
--------
nle(id0,id1,dist): 69 86 2.1535894671017615
list:
dist: 2.1535894671017615 vs. 2.1535894671017615
--------
nle(id0,id1,dist): 68 124 3.6091895045852564
list:
dist: 3.6091895045852564 vs. 3.6091895045852564
--------
nle(id0,id1,dist): 69 87 1.495860068085116
list:
dist: 1.495860068085116 vs. 1.495860068085116
--------
nle(id0,id1,dist): 69 84 1.2130446659144511
list:
dist: 1.2130446659144511 vs. 1.2130446659144511
--------
nle(id0,id1,dist): 69 85 2.622584093010575
list:
dist: 2.622584093010575 vs. 2.622584093010575
--------
nle(id0,id1,dist): 68 122 2.7582910886810694
list:
dist: 2.7582910886810694 vs. 2.7582910886810694
--------
nle(id0,id1,dist): 69 82 1.9587820404185277
list:
dist: 1.9587820404185277 vs. 1.9587820404185277
--------
nle(id0,id1,dist): 69 83 2.7614431169626594
list:
dist: 2.7614431169626594 vs. 2.7614431169626594
--------
nle(id0,id1,dist): 68 120 3.3830277198247463
list:
dist: 3.3830277198247463 vs. 3.3830277198247463
--------
nle(id0,id1,dist): 69 80 2.326193304090898
list:
dist: 2.326193304090898 vs. 2.326193304090898
--------
nle(id0,id1,dist): 69 81 1.4360630772683238
list:
dist: 1.4360630772683238 vs. 1.4360630772683238
--------
nle(id0,id1,dist): 66 135 3.0117085943206527
list:
dist: 3.0117085943206527 vs. 3.0117085943206527
--------
nle(id0,id1,dist): 67 111 1.7174057763699753
list:
dist: 1.7174057763699753 vs. 1.7174057763699753
--------
nle(id0,id1,dist): 68 74 1.4498479372538196
list:
dist: 1.4498479372538196 vs. 1.4498479372538196
--------
nle(id0,id1,dist): 67 110 2.645197980002486
list:
dist: 2.645197980002486 vs. 2.645197980002486
--------
nle(id0,id1,dist): 68 73 0.8538753825932331
list:
dist: 0.8538753825932331 vs. 0.8538753825932331
--------
nle(id0,id1,dist): 67 113 2.618903427046195
list:
dist: 2.618903427046195 vs. 2.618903427046195
--------
nle(id0,id1,dist): 68 76 0.9223542552134829
list:
dist: 0.9223542552134829 vs. 0.9223542552134829
--------
nle(id0,id1,dist): 67 112 2.457919992252091
list:
dist: 2.457919992252091 vs. 2.457919992252091
--------
nle(id0,id1,dist): 68 75 0.9457484141271889
list:
dist: 0.9457484141271889 vs. 0.9457484141271889
--------
nle(id0,id1,dist): 68 70 0.964223295977561
list:
dist: 0.964223295977561 vs. 0.964223295977561
--------
nle(id0,id1,dist): 66 144 3.559857961383872
list:
dist: 3.559857961383872 vs. 3.559857961383872
--------
nle(id0,id1,dist): 68 69 1.1000731008316296
list:
dist: 1.1000731008316296 vs. 1.1000731008316296
--------
nle(id0,id1,dist): 68 72 1.7594912283847657
list:
dist: 1.7594912283847657 vs. 1.7594912283847657
--------
nle(id0,id1,dist): 68 71 1.7554542403754845
list:
dist: 1.7554542403754845 vs. 1.7554542403754845
--------
nle(id0,id1,dist): 68 81 1.2878142716629914
list:
dist: 1.2878142716629914 vs. 1.2878142716629914
--------
nle(id0,id1,dist): 67 118 2.812317869952191
list:
dist: 2.812317869952191 vs. 2.812317869952191
--------
nle(id0,id1,dist): 67 119 3.636285027560739
list:
dist: 3.636285027560739 vs. 3.636285027560739
--------
nle(id0,id1,dist): 68 82 1.8344757666217877
list:
dist: 1.8344757666217877 vs. 1.8344757666217877
--------
nle(id0,id1,dist): 68 83 2.585059247375176
list:
dist: 2.585059247375176 vs. 2.585059247375176
--------
nle(id0,id1,dist): 68 84 1.2198175848307495
list:
dist: 1.2198175848307495 vs. 1.2198175848307495
--------
nle(id0,id1,dist): 68 77 1.3245920463986836
list:
dist: 1.3245920463986836 vs. 1.3245920463986836
--------
nle(id0,id1,dist): 67 114 2.048996212134014
list:
dist: 2.048996212134014 vs. 2.048996212134014
--------
nle(id0,id1,dist): 68 78 1.2513562096383624
list:
dist: 1.2513562096383624 vs. 1.2513562096383624
--------
nle(id0,id1,dist): 67 115 2.454973313677275
list:
dist: 2.454973313677275 vs. 2.454973313677275
--------
nle(id0,id1,dist): 68 79 1.3968595470557783
list:
dist: 1.3968595470557783 vs. 1.3968595470557783
--------
nle(id0,id1,dist): 67 116 2.017281940647692
list:
dist: 2.017281940647692 vs. 2.017281940647692
--------
nle(id0,id1,dist): 67 117 2.871430572350292
list:
dist: 2.871430572350292 vs. 2.871430572350292
--------
nle(id0,id1,dist): 68 80 1.7953022445108933
list:
dist: 1.7953022445108933 vs. 1.7953022445108933
--------
nle(id0,id1,dist): 67 126 3.2699847323540783
list:
dist: 3.2699847323540783 vs. 3.2699847323540783
--------
nle(id0,id1,dist): 68 89 3.068340928433126
list:
dist: 3.068340928433126 vs. 3.068340928433126
--------
nle(id0,id1,dist): 67 127 3.060026848662331
list:
dist: 3.060026848662331 vs. 3.060026848662331
--------
nle(id0,id1,dist): 67 128 2.9529548014775653
list:
dist: 2.9529548014775653 vs. 2.9529548014775653
--------
nle(id0,id1,dist): 67 129 3.164964717563651
list:
dist: 3.164964717563651 vs. 3.164964717563651
--------
nle(id0,id1,dist): 67 122 3.469986802788322
list:
dist: 3.469986802788322 vs. 3.469986802788322
--------
nle(id0,id1,dist): 68 85 2.6470054699313574
list:
dist: 2.6470054699313574 vs. 2.6470054699313574
--------
nle(id0,id1,dist): 68 86 2.511371342598998
list:
dist: 2.511371342598998 vs. 2.511371342598998
--------
nle(id0,id1,dist): 67 124 4.383105694576415
list:
dist: 4.383105694576415 vs. 4.383105694576415
--------
nle(id0,id1,dist): 68 87 2.08358662270694
list:
dist: 2.08358662270694 vs. 2.08358662270694
--------
nle(id0,id1,dist): 68 88 3.180827001093364
list:
dist: 3.180827001093364 vs. 3.180827001093364
--------
nle(id0,id1,dist): 70 86 2.828028573316459
list:
dist: 2.828028573316459 vs. 2.828028573316459
--------
nle(id0,id1,dist): 70 85 2.873777127150035
list:
dist: 2.873777127150035 vs. 2.873777127150035
--------
nle(id0,id1,dist): 70 84 1.7727491766385615
list:
dist: 1.7727491766385615 vs. 1.7727491766385615
--------
nle(id0,id1,dist): 70 83 2.8331377553965535
list:
dist: 2.8331377553965535 vs. 2.8331377553965535
--------
nle(id0,id1,dist): 70 89 3.4990784597057902
list:
dist: 3.4990784597057902 vs. 3.4990784597057902
--------
nle(id0,id1,dist): 70 88 3.368932413726108
list:
dist: 3.368932413726108 vs. 3.368932413726108
--------
nle(id0,id1,dist): 70 87 2.3296275230617316
list:
dist: 2.3296275230617316 vs. 2.3296275230617316
--------
nle(id0,id1,dist): 71 72 1.0420427372781924
list:
dist: 1.0420427372781924 vs. 1.0420427372781924
--------
nle(id0,id1,dist): 71 73 1.110032508357353
list:
dist: 1.110032508357353 vs. 1.110032508357353
--------
nle(id0,id1,dist): 71 76 1.6481773144756109
list:
dist: 1.6481773144756109 vs. 1.6481773144756109
--------
nle(id0,id1,dist): 71 77 2.615148294212895
list:
dist: 2.615148294212895 vs. 2.615148294212895
--------
nle(id0,id1,dist): 71 74 1.855787604764475
list:
dist: 1.855787604764475 vs. 1.855787604764475
--------
nle(id0,id1,dist): 70 111 3.9807310111149583
list:
dist: 3.9807310111149583 vs. 3.9807310111149583
--------
nle(id0,id1,dist): 71 75 1.75752249003961
list:
dist: 1.75752249003961 vs. 1.75752249003961
--------
nle(id0,id1,dist): 68 126 2.344004208228194
list:
dist: 2.344004208228194 vs. 2.344004208228194
--------
nle(id0,id1,dist): 69 89 2.963301305472179
list:
dist: 2.963301305472179 vs. 2.963301305472179
--------
nle(id0,id1,dist): 68 125 3.044792811406631
list:
dist: 3.044792811406631 vs. 3.044792811406631
--------
nle(id0,id1,dist): 69 88 3.0058254327957203
list:
dist: 3.0058254327957203 vs. 3.0058254327957203
--------
nle(id0,id1,dist): 68 128 2.3107337499327136
list:
dist: 2.3107337499327136 vs. 2.3107337499327136
--------
nle(id0,id1,dist): 68 127 2.4948193245353214
list:
dist: 2.4948193245353214 vs. 2.4948193245353214
--------
nle(id0,id1,dist): 68 129 2.5234915116022814
list:
dist: 2.5234915116022814 vs. 2.5234915116022814
--------
nle(id0,id1,dist): 68 131 3.2501136552171315
list:
dist: 3.2501136552171315 vs. 3.2501136552171315
--------
nle(id0,id1,dist): 68 134 4.11519839533032
list:
dist: 4.11519839533032 vs. 4.11519839533032
--------
nle(id0,id1,dist): 68 133 3.484837910804137
list:
dist: 3.484837910804137 vs. 3.484837910804137
--------
nle(id0,id1,dist): 68 136 3.083776441658969
list:
dist: 3.083776441658969 vs. 3.083776441658969
--------
nle(id0,id1,dist): 68 135 2.415230574561655
list:
dist: 2.415230574561655 vs. 2.415230574561655
--------
nle(id0,id1,dist): 68 138 3.2748920889158972
list:
dist: 3.2748920889158972 vs. 3.2748920889158972
--------
nle(id0,id1,dist): 68 137 4.201224667765609
list:
dist: 4.201224667765609 vs. 4.201224667765609
--------
nle(id0,id1,dist): 68 140 3.517797462669309
list:
dist: 3.517797462669309 vs. 3.517797462669309
--------
nle(id0,id1,dist): 68 142 4.275103192563713
list:
dist: 4.275103192563713 vs. 4.275103192563713
--------
nle(id0,id1,dist): 68 144 3.063514580413039
list:
dist: 3.063514580413039 vs. 3.063514580413039
--------
nle(id0,id1,dist): 70 71 1.7712821172478335
list:
dist: 1.7712821172478335 vs. 1.7712821172478335
--------
nle(id0,id1,dist): 68 145 4.047069670609525
list:
dist: 4.047069670609525 vs. 4.047069670609525
--------
nle(id0,id1,dist): 70 72 1.2859380369921725
list:
dist: 1.2859380369921725 vs. 1.2859380369921725
--------
nle(id0,id1,dist): 68 146 3.6745884649184277
list:
dist: 3.6745884649184277 vs. 3.6745884649184277
--------
nle(id0,id1,dist): 70 73 0.9673137301157496
list:
dist: 0.9673137301157496 vs. 0.9673137301157496
--------
nle(id0,id1,dist): 68 147 4.317056986523239
list:
dist: 4.317056986523239 vs. 4.317056986523239
--------
nle(id0,id1,dist): 70 74 0.7485424580235138
list:
dist: 0.7485424580235138 vs. 0.7485424580235138
--------
nle(id0,id1,dist): 68 148 3.900552385628985
list:
dist: 3.900552385628985 vs. 3.900552385628985
--------
nle(id0,id1,dist): 69 111 3.422699430275104
list:
dist: 3.422699430275104 vs. 3.422699430275104
--------
nle(id0,id1,dist): 70 75 1.3146234597355944
list:
dist: 1.3146234597355944 vs. 1.3146234597355944
--------
nle(id0,id1,dist): 70 76 1.7760818430632224
list:
dist: 1.7760818430632224 vs. 1.7760818430632224
--------
nle(id0,id1,dist): 70 77 1.5351333903078708
list:
dist: 1.5351333903078708 vs. 1.5351333903078708
--------
nle(id0,id1,dist): 70 78 1.458415635564276
list:
dist: 1.458415635564276 vs. 1.458415635564276
--------
nle(id0,id1,dist): 70 79 1.9622600953155953
list:
dist: 1.9622600953155953 vs. 1.9622600953155953
--------
nle(id0,id1,dist): 70 80 1.7218008805698606
list:
dist: 1.7218008805698606 vs. 1.7218008805698606
--------
nle(id0,id1,dist): 70 81 1.2225622434866907
list:
dist: 1.2225622434866907 vs. 1.2225622434866907
--------
nle(id0,id1,dist): 70 82 1.9131914103564729
list:
dist: 1.9131914103564729 vs. 1.9131914103564729
--------
nle(id0,id1,dist): 64 127 2.05223108145622
list:
dist: 2.05223108145622 vs. 2.05223108145622
--------
nle(id0,id1,dist): 64 128 2.2149731362781693
list:
dist: 2.2149731362781693 vs. 2.2149731362781693
--------
nle(id0,id1,dist): 64 125 2.6413725213278068
list:
dist: 2.6413725213278068 vs. 2.6413725213278068
--------
nle(id0,id1,dist): 64 126 1.7815948172135467
list:
dist: 1.7815948172135467 vs. 1.7815948172135467
--------
nle(id0,id1,dist): 64 123 3.1360506100460945
list:
dist: 3.1360506100460945 vs. 3.1360506100460945
--------
nle(id0,id1,dist): 64 124 3.374329009337591
list:
dist: 3.374329009337591 vs. 3.374329009337591
--------
nle(id0,id1,dist): 65 84 2.4443801608240476
list:
dist: 2.4443801608240476 vs. 2.4443801608240476
--------
nle(id0,id1,dist): 64 122 2.2774977436135635
list:
dist: 2.2774977436135635 vs. 2.2774977436135635
--------
nle(id0,id1,dist): 64 120 2.842785797804008
list:
dist: 2.842785797804008 vs. 2.842785797804008
--------
nle(id0,id1,dist): 65 80 2.956383101165302
list:
dist: 2.956383101165302 vs. 2.956383101165302
--------
nle(id0,id1,dist): 65 81 2.3442707257255933
list:
dist: 2.3442707257255933 vs. 2.3442707257255933
--------
nle(id0,id1,dist): 65 78 2.147788066683011
list:
dist: 2.147788066683011 vs. 2.147788066683011
--------
nle(id0,id1,dist): 65 79 2.2440691723192847
list:
dist: 2.2440691723192847 vs. 2.2440691723192847
--------
nle(id0,id1,dist): 65 76 2.3219635953041107
list:
dist: 2.3219635953041107 vs. 2.3219635953041107
--------
nle(id0,id1,dist): 65 77 2.205617103441125
list:
dist: 2.205617103441125 vs. 2.205617103441125
--------
nle(id0,id1,dist): 66 70 1.1151157406578085
list:
dist: 1.1151157406578085 vs. 1.1151157406578085
--------
nle(id0,id1,dist): 64 144 2.854295221312347
list:
dist: 2.854295221312347 vs. 2.854295221312347
--------
nle(id0,id1,dist): 66 69 1.5409957575676023
list:
dist: 1.5409957575676023 vs. 1.5409957575676023
--------
nle(id0,id1,dist): 64 142 4.129480625914966
list:
dist: 4.129480625914966 vs. 4.129480625914966
--------
nle(id0,id1,dist): 66 68 0.8018721241968721
list:
dist: 0.8018721241968721 vs. 0.8018721241968721
--------
nle(id0,id1,dist): 66 67 1.725634706974222
list:
dist: 1.725634706974222 vs. 1.725634706974222
--------
nle(id0,id1,dist): 64 140 3.3283087447675768
list:
dist: 3.3283087447675768 vs. 3.3283087447675768
--------
nle(id0,id1,dist): 64 138 3.3500302650309517
list:
dist: 3.3500302650309517 vs. 3.3500302650309517
--------
nle(id0,id1,dist): 64 137 4.084879580505019
list:
dist: 4.084879580505019 vs. 4.084879580505019
--------
nle(id0,id1,dist): 65 99 4.293067051496658
list:
dist: 4.293067051496658 vs. 4.293067051496658
--------
nle(id0,id1,dist): 64 136 3.1495580360730644
list:
dist: 3.1495580360730644 vs. 3.1495580360730644
--------
nle(id0,id1,dist): 64 135 2.2372754837375104
list:
dist: 2.2372754837375104 vs. 2.2372754837375104
--------
nle(id0,id1,dist): 65 98 3.2489871790320564
list:
dist: 3.2489871790320564 vs. 3.2489871790320564
--------
nle(id0,id1,dist): 65 97 3.72782864242264
list:
dist: 3.72782864242264 vs. 3.72782864242264
--------
nle(id0,id1,dist): 64 134 3.924272757283759
list:
dist: 3.924272757283759 vs. 3.924272757283759
--------
nle(id0,id1,dist): 65 96 3.2480437354691474
list:
dist: 3.2480437354691474 vs. 3.2480437354691474
--------
nle(id0,id1,dist): 64 133 3.223137666330677
list:
dist: 3.223137666330677 vs. 3.223137666330677
--------
nle(id0,id1,dist): 65 95 4.410135075408706
list:
dist: 4.410135075408706 vs. 4.410135075408706
--------
nle(id0,id1,dist): 64 131 2.843312044599029
list:
dist: 2.843312044599029 vs. 2.843312044599029
--------
nle(id0,id1,dist): 64 129 2.3686218323956565
list:
dist: 2.3686218323956565 vs. 2.3686218323956565
--------
nle(id0,id1,dist): 64 89 3.393163208764058
list:
dist: 3.393163208764058 vs. 3.393163208764058
--------
nle(id0,id1,dist): 63 126 2.175982562653768
list:
dist: 2.175982562653768 vs. 2.175982562653768
--------
nle(id0,id1,dist): 63 127 2.261511088439955
list:
dist: 2.261511088439955 vs. 2.261511088439955
--------
nle(id0,id1,dist): 64 85 2.8760549345408477
list:
dist: 2.8760549345408477 vs. 2.8760549345408477
--------
nle(id0,id1,dist): 63 122 2.577455704817611
list:
dist: 2.577455704817611 vs. 2.577455704817611
--------
nle(id0,id1,dist): 64 86 2.9854444433041003
list:
dist: 2.9854444433041003 vs. 2.9854444433041003
--------
nle(id0,id1,dist): 64 87 2.679854160286468
list:
dist: 2.679854160286468 vs. 2.679854160286468
--------
nle(id0,id1,dist): 64 88 3.4637058259099396
list:
dist: 3.4637058259099396 vs. 3.4637058259099396
--------
nle(id0,id1,dist): 64 81 1.5278563093391764
list:
dist: 1.5278563093391764 vs. 1.5278563093391764
--------
nle(id0,id1,dist): 64 82 2.0065525697339655
list:
dist: 2.0065525697339655 vs. 2.0065525697339655
--------
nle(id0,id1,dist): 64 83 2.6829380327544343
list:
dist: 2.6829380327544343 vs. 2.6829380327544343
--------
nle(id0,id1,dist): 63 120 3.248450881969189
list:
dist: 3.248450881969189 vs. 3.248450881969189
--------
nle(id0,id1,dist): 64 84 1.750302348748283
list:
dist: 1.750302348748283 vs. 1.750302348748283
--------
nle(id0,id1,dist): 65 73 2.0430163386796774
list:
dist: 2.0430163386796774 vs. 2.0430163386796774
--------
nle(id0,id1,dist): 65 72 2.493087103766666
list:
dist: 2.493087103766666 vs. 2.493087103766666
--------
nle(id0,id1,dist): 65 75 2.2729955119404703
list:
dist: 2.2729955119404703 vs. 2.2729955119404703
--------
nle(id0,id1,dist): 65 74 1.973799173074456
list:
dist: 1.973799173074456 vs. 1.973799173074456
--------
nle(id0,id1,dist): 64 111 3.240955096690296
list:
dist: 3.240955096690296 vs. 3.240955096690296
--------
nle(id0,id1,dist): 65 69 1.458659151469869
list:
dist: 1.458659151469869 vs. 1.458659151469869
--------
nle(id0,id1,dist): 65 68 1.4745694861099832
list:
dist: 1.4745694861099832 vs. 1.4745694861099832
--------
nle(id0,id1,dist): 65 70 1.2848734454394264
list:
dist: 1.2848734454394264 vs. 1.2848734454394264
--------
nle(id0,id1,dist): 63 144 2.7983618813039386
list:
dist: 2.7983618813039386 vs. 2.7983618813039386
--------
nle(id0,id1,dist): 65 67 2.283847848099309
list:
dist: 2.283847848099309 vs. 2.283847848099309
--------
nle(id0,id1,dist): 65 66 1.0195484847156564
list:
dist: 1.0195484847156564 vs. 1.0195484847156564
--------
nle(id0,id1,dist): 63 135 2.4110766614445276
list:
dist: 2.4110766614445276 vs. 2.4110766614445276
--------
nle(id0,id1,dist): 67 76 1.3953475799889439
list:
dist: 1.3953475799889439 vs. 1.3953475799889439
--------
nle(id0,id1,dist): 67 77 2.2089283114621323
list:
dist: 2.2089283114621323 vs. 2.2089283114621323
--------
nle(id0,id1,dist): 66 111 3.3032246925525404
list:
dist: 3.3032246925525404 vs. 3.3032246925525404
--------
nle(id0,id1,dist): 67 75 2.0948086908081454
list:
dist: 2.0948086908081454 vs. 2.0948086908081454
--------
nle(id0,id1,dist): 67 81 2.5956153713889036
list:
dist: 2.5956153713889036 vs. 2.5956153713889036
--------
nle(id0,id1,dist): 67 78 2.181588498620195
list:
dist: 2.181588498620195 vs. 2.181588498620195
--------
nle(id0,id1,dist): 67 79 1.6235463697232682
list:
dist: 1.6235463697232682 vs. 1.6235463697232682
--------
nle(id0,id1,dist): 67 68 1.55813141935684
list:
dist: 1.55813141935684 vs. 1.55813141935684
--------
nle(id0,id1,dist): 66 105 4.733997984758447
list:
dist: 4.733997984758447 vs. 4.733997984758447
--------
nle(id0,id1,dist): 67 69 1.91134570784458
list:
dist: 1.91134570784458 vs. 1.91134570784458
--------
nle(id0,id1,dist): 67 73 2.2760138220329114
list:
dist: 2.2760138220329114 vs. 2.2760138220329114
--------
nle(id0,id1,dist): 67 70 2.4719973307846956
list:
dist: 2.4719973307846956 vs. 2.4719973307846956
--------
nle(id0,id1,dist): 67 71 2.916769298483999
list:
dist: 2.916769298483999 vs. 2.916769298483999
--------
nle(id0,id1,dist): 66 127 2.953655427081385
list:
dist: 2.953655427081385 vs. 2.953655427081385
--------
nle(id0,id1,dist): 67 85 3.348200335072627
list:
dist: 3.348200335072627 vs. 3.348200335072627
--------
nle(id0,id1,dist): 66 122 3.214214593013513
list:
dist: 3.214214593013513 vs. 3.214214593013513
--------
nle(id0,id1,dist): 67 84 1.8452784147096448
list:
dist: 1.8452784147096448 vs. 1.8452784147096448
--------
nle(id0,id1,dist): 67 83 3.3302419767487232
list:
dist: 3.3302419767487232 vs. 3.3302419767487232
--------
nle(id0,id1,dist): 66 120 3.7912088266456774
list:
dist: 3.7912088266456774 vs. 3.7912088266456774
--------
nle(id0,id1,dist): 67 82 2.9048304696009235
list:
dist: 2.9048304696009235 vs. 2.9048304696009235
--------
nle(id0,id1,dist): 67 89 3.3374135680891452
list:
dist: 3.3374135680891452 vs. 3.3374135680891452
--------
nle(id0,id1,dist): 66 126 2.732375774757371
list:
dist: 2.732375774757371 vs. 2.732375774757371
--------
nle(id0,id1,dist): 67 88 3.807765869160828
list:
dist: 3.807765869160828 vs. 3.807765869160828
--------
nle(id0,id1,dist): 67 87 2.63393491734537
list:
dist: 2.63393491734537 vs. 2.63393491734537
--------
nle(id0,id1,dist): 67 86 2.962853747626145
list:
dist: 2.962853747626145 vs. 2.962853747626145
--------
nle(id0,id1,dist): 66 79 2.0372639641344383
list:
dist: 2.0372639641344383 vs. 2.0372639641344383
--------
nle(id0,id1,dist): 66 80 2.3687365632833637
list:
dist: 2.3687365632833637 vs. 2.3687365632833637
--------
nle(id0,id1,dist): 66 81 1.9738784880456128
list:
dist: 1.9738784880456128 vs. 1.9738784880456128
--------
nle(id0,id1,dist): 66 84 2.006762567954886
list:
dist: 2.006762567954886 vs. 2.006762567954886
--------
nle(id0,id1,dist): 66 71 1.8898753717450913
list:
dist: 1.8898753717450913 vs. 1.8898753717450913
--------
nle(id0,id1,dist): 64 145 4.0756163939340935
list:
dist: 4.0756163939340935 vs. 4.0756163939340935
--------
nle(id0,id1,dist): 64 146 3.8551885286459058
list:
dist: 3.8551885286459058 vs. 3.8551885286459058
--------
nle(id0,id1,dist): 66 72 2.0088213939923483
list:
dist: 2.0088213939923483 vs. 2.0088213939923483
--------
nle(id0,id1,dist): 64 147 4.374093312471016
list:
dist: 4.374093312471016 vs. 4.374093312471016
--------
nle(id0,id1,dist): 66 73 1.3628727822582296
list:
dist: 1.3628727822582296 vs. 1.3628727822582296
--------
nle(id0,id1,dist): 65 111 3.9917979472641547
list:
dist: 3.9917979472641547 vs. 3.9917979472641547
--------
nle(id0,id1,dist): 64 148 3.9186670699134956
list:
dist: 3.9186670699134956 vs. 3.9186670699134956
--------
nle(id0,id1,dist): 66 74 1.8264177749933443
list:
dist: 1.8264177749933443 vs. 1.8264177749933443
--------
nle(id0,id1,dist): 66 75 1.7171406911481426
list:
dist: 1.7171406911481426 vs. 1.7171406911481426
--------
nle(id0,id1,dist): 66 76 1.4346444431653336
list:
dist: 1.4346444431653336 vs. 1.4346444431653336
--------
nle(id0,id1,dist): 66 77 2.0347251377068103
list:
dist: 2.0347251377068103 vs. 2.0347251377068103
--------
nle(id0,id1,dist): 66 78 1.9623977054287034
list:
dist: 1.9623977054287034 vs. 1.9623977054287034
--------
nle(id0,id1,dist): 66 96 2.9302957548121578
list:
dist: 2.9302957548121578 vs. 2.9302957548121578
--------
nle(id0,id1,dist): 66 95 4.246335882268582
list:
dist: 4.246335882268582 vs. 4.246335882268582
--------
nle(id0,id1,dist): 66 98 2.954665878795292
list:
dist: 2.954665878795292 vs. 2.954665878795292
--------
nle(id0,id1,dist): 66 97 3.268714787109281
list:
dist: 3.268714787109281 vs. 3.268714787109281
--------
nle(id0,id1,dist): 66 99 4.190113891464518
list:
dist: 4.190113891464518 vs. 4.190113891464518
--------
nle(id0,id1,dist): 66 90 4.410479697447248
list:
dist: 4.410479697447248 vs. 4.410479697447248
--------
nle(id0,id1,dist): 66 91 4.439846678942772
list:
dist: 4.439846678942772 vs. 4.439846678942772
--------
nle(id0,id1,dist): 66 94 3.836028287687938
list:
dist: 3.836028287687938 vs. 3.836028287687938
--------
nle(id0,id1,dist): 66 93 3.6994874082320135
list:
dist: 3.6994874082320135 vs. 3.6994874082320135
--------
nle(id0,id1,dist): 48 51 1.583724365440848
list:
dist: 1.583724365440848 vs. 1.583724365440848
--------
nle(id0,id1,dist): 48 52 1.0046869322907834
list:
dist: 1.0046869322907834 vs. 1.0046869322907834
--------
nle(id0,id1,dist): 48 49 1.1161462414488823
list:
dist: 1.1161462414488823 vs. 1.1161462414488823
--------
nle(id0,id1,dist): 48 50 1.8390214704511634
list:
dist: 1.8390214704511634 vs. 1.8390214704511634
--------
nle(id0,id1,dist): 48 55 1.2038030902198396
list:
dist: 1.2038030902198396 vs. 1.2038030902198396
--------
nle(id0,id1,dist): 48 56 0.6730953493580065
list:
dist: 0.6730953493580065 vs. 0.6730953493580065
--------
nle(id0,id1,dist): 48 53 0.4501281169167703
list:
dist: 0.4501281169167703 vs. 0.4501281169167703
--------
nle(id0,id1,dist): 48 54 2.0239002748094603
list:
dist: 2.0239002748094603 vs. 2.0239002748094603
--------
nle(id0,id1,dist): 48 59 0.7680085337707475
list:
dist: 0.7680085337707475 vs. 0.7680085337707475
--------
nle(id0,id1,dist): 48 60 3.0079196439281555
list:
dist: 3.0079196439281555 vs. 3.0079196439281555
--------
nle(id0,id1,dist): 48 57 1.5113049491948267
list:
dist: 1.5113049491948267 vs. 1.5113049491948267
--------
nle(id0,id1,dist): 48 58 1.3566656419687462
list:
dist: 1.3566656419687462 vs. 1.3566656419687462
--------
nle(id0,id1,dist): 48 61 2.942204334822193
list:
dist: 2.942204334822193 vs. 2.942204334822193
--------
nle(id0,id1,dist): 47 72 4.305418947234912
list:
dist: 4.305418947234912 vs. 4.305418947234912
--------
nle(id0,id1,dist): 47 74 3.991584889643566
list:
dist: 3.991584889643566 vs. 3.991584889643566
--------
nle(id0,id1,dist): 47 80 5.008734553472657
list:
dist: 5.008734553472657 vs. 5.008734553472657
--------
nle(id0,id1,dist): 49 50 1.570249267245914
list:
dist: 1.570249267245914 vs. 1.570249267245914
--------
nle(id0,id1,dist): 49 51 1.3385373670367726
list:
dist: 1.3385373670367726 vs. 1.3385373670367726
--------
nle(id0,id1,dist): 49 52 1.6069374805892254
list:
dist: 1.6069374805892254 vs. 1.6069374805892254
--------
nle(id0,id1,dist): 49 53 1.363491587321013
list:
dist: 1.363491587321013 vs. 1.363491587321013
--------
nle(id0,id1,dist): 49 54 1.5709506490153629
list:
dist: 1.5709506490153629 vs. 1.5709506490153629
--------
nle(id0,id1,dist): 49 55 0.23747281257121616
list:
dist: 0.23747281257121616 vs. 0.23747281257121616
--------
nle(id0,id1,dist): 49 56 0.8410994515069565
list:
dist: 0.8410994515069565 vs. 0.8410994515069565
--------
nle(id0,id1,dist): 49 57 0.6314409385688912
list:
dist: 0.6314409385688912 vs. 0.6314409385688912
--------
nle(id0,id1,dist): 49 58 0.8401101880733611
list:
dist: 0.8401101880733611 vs. 0.8401101880733611
--------
nle(id0,id1,dist): 49 59 0.940684691800287
list:
dist: 0.940684691800287 vs. 0.940684691800287
--------
nle(id0,id1,dist): 48 72 3.1568905509577334
list:
dist: 3.1568905509577334 vs. 3.1568905509577334
--------
nle(id0,id1,dist): 48 74 2.7016855785108027
list:
dist: 2.7016855785108027 vs. 2.7016855785108027
--------
nle(id0,id1,dist): 48 80 3.797879163963115
list:
dist: 3.797879163963115 vs. 3.797879163963115
--------
nle(id0,id1,dist): 49 80 4.859893999443583
list:
dist: 4.859893999443583 vs. 4.859893999443583
--------
nle(id0,id1,dist): 50 53 1.822012335679197
list:
dist: 1.822012335679197 vs. 1.822012335679197
--------
nle(id0,id1,dist): 50 54 1.5479846535081583
list:
dist: 1.5479846535081583 vs. 1.5479846535081583
--------
nle(id0,id1,dist): 50 51 0.3033442956067131
list:
dist: 0.3033442956067131 vs. 0.3033442956067131
--------
nle(id0,id1,dist): 50 52 1.3039488186592136
list:
dist: 1.3039488186592136 vs. 1.3039488186592136
--------
nle(id0,id1,dist): 49 61 3.9107652829342467
list:
dist: 3.9107652829342467 vs. 3.9107652829342467
--------
nle(id0,id1,dist): 49 60 4.047483763551777
list:
dist: 4.047483763551777 vs. 4.047483763551777
--------
nle(id0,id1,dist): 49 74 3.737645959513159
list:
dist: 3.737645959513159 vs. 3.737645959513159
--------
nle(id0,id1,dist): 49 72 4.264677174484947
list:
dist: 4.264677174484947 vs. 4.264677174484947
--------
nle(id0,id1,dist): 50 59 1.8295465660802335
list:
dist: 1.8295465660802335 vs. 1.8295465660802335
--------
nle(id0,id1,dist): 50 56 1.5552473426917621
list:
dist: 1.5552473426917621 vs. 1.5552473426917621
--------
nle(id0,id1,dist): 50 55 1.4406413309537982
list:
dist: 1.4406413309537982 vs. 1.4406413309537982
--------
nle(id0,id1,dist): 50 58 1.8709579207708136
list:
dist: 1.8709579207708136 vs. 1.8709579207708136
--------
nle(id0,id1,dist): 50 57 1.6697667286576383
list:
dist: 1.6697667286576383 vs. 1.6697667286576383
--------
nle(id0,id1,dist): 44 80 4.321019166851777
list:
dist: 4.321019166851777 vs. 4.321019166851777
--------
nle(id0,id1,dist): 45 47 1.4830165654484662
list:
dist: 1.4830165654484662 vs. 1.4830165654484662
--------
nle(id0,id1,dist): 45 46 1.5962338737576454
list:
dist: 1.5962338737576454 vs. 1.5962338737576454
--------
nle(id0,id1,dist): 44 72 3.4878207368604497
list:
dist: 3.4878207368604497 vs. 3.4878207368604497
--------
nle(id0,id1,dist): 44 74 3.554968595017994
list:
dist: 3.554968595017994 vs. 3.554968595017994
--------
nle(id0,id1,dist): 44 61 3.476488442083438
list:
dist: 3.476488442083438 vs. 3.476488442083438
--------
nle(id0,id1,dist): 44 55 2.216539381999923
list:
dist: 2.216539381999923 vs. 2.216539381999923
--------
nle(id0,id1,dist): 44 56 1.9337039327117433
list:
dist: 1.9337039327117433 vs. 1.9337039327117433
--------
nle(id0,id1,dist): 44 53 1.5074327994397616
list:
dist: 1.5074327994397616 vs. 1.5074327994397616
--------
nle(id0,id1,dist): 44 54 2.5523211078763968
list:
dist: 2.5523211078763968 vs. 2.5523211078763968
--------
nle(id0,id1,dist): 44 59 2.1922983842245154
list:
dist: 2.1922983842245154 vs. 2.1922983842245154
--------
nle(id0,id1,dist): 44 60 2.76465003688354
list:
dist: 2.76465003688354 vs. 2.76465003688354
--------
nle(id0,id1,dist): 44 58 2.6212425218962405
list:
dist: 2.6212425218962405 vs. 2.6212425218962405
--------
nle(id0,id1,dist): 45 56 1.6380141143289706
list:
dist: 1.6380141143289706 vs. 1.6380141143289706
--------
nle(id0,id1,dist): 45 57 1.124203640073236
list:
dist: 1.124203640073236 vs. 1.124203640073236
--------
nle(id0,id1,dist): 45 58 1.4447739688874865
list:
dist: 1.4447739688874865 vs. 1.4447739688874865
--------
nle(id0,id1,dist): 45 59 1.690527765281726
list:
dist: 1.690527765281726 vs. 1.690527765281726
--------
nle(id0,id1,dist): 45 48 1.7834841194603634
list:
dist: 1.7834841194603634 vs. 1.7834841194603634
--------
nle(id0,id1,dist): 45 49 0.8087623944427408
list:
dist: 0.8087623944427408 vs. 0.8087623944427408
--------
nle(id0,id1,dist): 45 50 2.0939592796475317
list:
dist: 2.0939592796475317 vs. 2.0939592796475317
--------
nle(id0,id1,dist): 45 51 1.9396345516111566
list:
dist: 1.9396345516111566 vs. 1.9396345516111566
--------
nle(id0,id1,dist): 45 52 2.3686635785955246
list:
dist: 2.3686635785955246 vs. 2.3686635785955246
--------
nle(id0,id1,dist): 45 53 1.954814219907574
list:
dist: 1.954814219907574 vs. 1.954814219907574
--------
nle(id0,id1,dist): 45 54 2.166982445792783
list:
dist: 2.166982445792783 vs. 2.166982445792783
--------
nle(id0,id1,dist): 45 55 0.7642620546133035
list:
dist: 0.7642620546133035 vs. 0.7642620546133035
--------
nle(id0,id1,dist): 46 74 4.014079718299265
list:
dist: 4.014079718299265 vs. 4.014079718299265
--------
nle(id0,id1,dist): 46 72 4.3016020865780735
list:
dist: 4.3016020865780735 vs. 4.3016020865780735
--------
nle(id0,id1,dist): 46 61 3.6680247566469326
list:
dist: 3.6680247566469326 vs. 3.6680247566469326
--------
nle(id0,id1,dist): 46 60 3.5400670836581383
list:
dist: 3.5400670836581383 vs. 3.5400670836581383
--------
nle(id0,id1,dist): 46 59 1.9769127385844325
list:
dist: 1.9769127385844325 vs. 1.9769127385844325
--------
nle(id0,id1,dist): 46 57 1.9238651236235402
list:
dist: 1.9238651236235402 vs. 1.9238651236235402
--------
nle(id0,id1,dist): 46 58 2.1558549816693025
list:
dist: 2.1558549816693025 vs. 2.1558549816693025
--------
nle(id0,id1,dist): 46 55 1.1999178071513104
list:
dist: 1.1999178071513104 vs. 1.1999178071513104
--------
nle(id0,id1,dist): 46 56 1.731574711532508
list:
dist: 1.731574711532508 vs. 1.731574711532508
--------
nle(id0,id1,dist): 46 53 1.3671221197413732
list:
dist: 1.3671221197413732 vs. 1.3671221197413732
--------
nle(id0,id1,dist): 46 54 2.4799444022012094
list:
dist: 2.4799444022012094 vs. 2.4799444022012094
--------
nle(id0,id1,dist): 46 51 1.3510388682518313
list:
dist: 1.3510388682518313 vs. 1.3510388682518313
--------
nle(id0,id1,dist): 46 52 1.6879459468920877
list:
dist: 1.6879459468920877 vs. 1.6879459468920877
--------
nle(id0,id1,dist): 46 49 1.4000786032854862
list:
dist: 1.4000786032854862 vs. 1.4000786032854862
--------
nle(id0,id1,dist): 46 50 1.3574717304487145
list:
dist: 1.3574717304487145 vs. 1.3574717304487145
--------
nle(id0,id1,dist): 46 47 0.9405787275653885
list:
dist: 0.9405787275653885 vs. 0.9405787275653885
--------
nle(id0,id1,dist): 46 48 1.5766687913065023
list:
dist: 1.5766687913065023 vs. 1.5766687913065023
--------
nle(id0,id1,dist): 44 120 5.259989903318931
list:
dist: 5.259989903318931 vs. 5.259989903318931
--------
nle(id0,id1,dist): 47 59 1.3831360435595466
list:
dist: 1.3831360435595466 vs. 1.3831360435595466
--------
nle(id0,id1,dist): 47 58 1.44700548158587
list:
dist: 1.44700548158587 vs. 1.44700548158587
--------
nle(id0,id1,dist): 47 61 4.037601982734434
list:
dist: 4.037601982734434 vs. 4.037601982734434
--------
nle(id0,id1,dist): 47 60 3.8481432067452137
list:
dist: 3.8481432067452137 vs. 3.8481432067452137
--------
nle(id0,id1,dist): 47 55 0.7955601147009324
list:
dist: 0.7955601147009324 vs. 0.7955601147009324
--------
nle(id0,id1,dist): 47 54 1.5491278767837204
list:
dist: 1.5491278767837204 vs. 1.5491278767837204
--------
nle(id0,id1,dist): 47 57 1.223751949059093
list:
dist: 1.223751949059093 vs. 1.223751949059093
--------
nle(id0,id1,dist): 47 56 1.1132390178039329
list:
dist: 1.1132390178039329 vs. 1.1132390178039329
--------
nle(id0,id1,dist): 47 50 0.6775349391140405
list:
dist: 0.6775349391140405 vs. 0.6775349391140405
--------
nle(id0,id1,dist): 47 51 0.521210616694778
list:
dist: 0.521210616694778 vs. 0.521210616694778
--------
nle(id0,id1,dist): 47 52 1.20237427807443
list:
dist: 1.20237427807443 vs. 1.20237427807443
--------
nle(id0,id1,dist): 47 53 1.3572073170373864
list:
dist: 1.3572073170373864 vs. 1.3572073170373864
--------
nle(id0,id1,dist): 47 48 1.335689874544142
list:
dist: 1.335689874544142 vs. 1.335689874544142
--------
nle(id0,id1,dist): 47 49 0.9445737875588174
list:
dist: 0.9445737875588174 vs. 0.9445737875588174
--------
nle(id0,id1,dist): 46 80 5.109787406351121
list:
dist: 5.109787406351121 vs. 5.109787406351121
--------
nle(id0,id1,dist): 55 56 0.9812753327145192
list:
dist: 0.9812753327145192 vs. 0.9812753327145192
--------
nle(id0,id1,dist): 55 57 0.7717763882611248
list:
dist: 0.7717763882611248 vs. 0.7717763882611248
--------
nle(id0,id1,dist): 55 58 1.043422689033214
list:
dist: 1.043422689033214 vs. 1.043422689033214
--------
nle(id0,id1,dist): 55 59 1.1273684252794733
list:
dist: 1.1273684252794733 vs. 1.1273684252794733
--------
nle(id0,id1,dist): 55 60 4.050017156764844
list:
dist: 4.050017156764844 vs. 4.050017156764844
--------
nle(id0,id1,dist): 55 61 3.9528958518796458
list:
dist: 3.9528958518796458 vs. 3.9528958518796458
--------
nle(id0,id1,dist): 55 72 4.3580475429652745
list:
dist: 4.3580475429652745 vs. 4.3580475429652745
--------
nle(id0,id1,dist): 55 74 3.8646988981290487
list:
dist: 3.8646988981290487 vs. 3.8646988981290487
--------
nle(id0,id1,dist): 55 80 4.989147663797061
list:
dist: 4.989147663797061 vs. 4.989147663797061
--------
nle(id0,id1,dist): 56 61 3.59194956002541
list:
dist: 3.59194956002541 vs. 3.59194956002541
--------
nle(id0,id1,dist): 56 58 0.773397614988354
list:
dist: 0.773397614988354 vs. 0.773397614988354
--------
nle(id0,id1,dist): 56 57 0.9707162386023173
list:
dist: 0.9707162386023173 vs. 0.9707162386023173
--------
nle(id0,id1,dist): 56 60 3.590713705247338
list:
dist: 3.590713705247338 vs. 3.590713705247338
--------
nle(id0,id1,dist): 56 59 0.2919296347343164
list:
dist: 0.2919296347343164 vs. 0.2919296347343164
--------
nle(id0,id1,dist): 56 72 3.624693488209466
list:
dist: 3.624693488209466 vs. 3.624693488209466
--------
nle(id0,id1,dist): 56 80 4.182536924522207
list:
dist: 4.182536924522207 vs. 4.182536924522207
--------
nle(id0,id1,dist): 56 74 3.1682857093687122
list:
dist: 3.1682857093687122 vs. 3.1682857093687122
--------
nle(id0,id1,dist): 57 59 0.986448987652048
list:
dist: 0.986448987652048 vs. 0.986448987652048
--------
nle(id0,id1,dist): 57 58 0.4610444421181919
list:
dist: 0.4610444421181919 vs. 0.4610444421181919
--------
nle(id0,id1,dist): 51 58 1.5899907997807172
list:
dist: 1.5899907997807172 vs. 1.5899907997807172
--------
nle(id0,id1,dist): 51 59 1.5291734024394272
list:
dist: 1.5291734024394272 vs. 1.5291734024394272
--------
nle(id0,id1,dist): 51 60 3.9412467829614455
list:
dist: 3.9412467829614455 vs. 3.9412467829614455
--------
nle(id0,id1,dist): 51 61 4.2794841760695155
list:
dist: 4.2794841760695155 vs. 4.2794841760695155
--------
nle(id0,id1,dist): 51 52 1.096238624543805
list:
dist: 1.096238624543805 vs. 1.096238624543805
--------
nle(id0,id1,dist): 51 53 1.6170360806748603
list:
dist: 1.6170360806748603 vs. 1.6170360806748603
--------
nle(id0,id1,dist): 51 54 1.3416950601600615
list:
dist: 1.3416950601600615 vs. 1.3416950601600615
--------
nle(id0,id1,dist): 51 55 1.2399063103941126
list:
dist: 1.2399063103941126 vs. 1.2399063103941126
--------
nle(id0,id1,dist): 51 56 1.257567078895288
list:
dist: 1.257567078895288 vs. 1.257567078895288
--------
nle(id0,id1,dist): 51 57 1.4261556836259561
list:
dist: 1.4261556836259561 vs. 1.4261556836259561
--------
nle(id0,id1,dist): 51 74 4.12198101747234
list:
dist: 4.12198101747234 vs. 4.12198101747234
--------
nle(id0,id1,dist): 51 80 5.038807503469522
list:
dist: 5.038807503469522 vs. 5.038807503469522
--------
nle(id0,id1,dist): 51 72 4.353022202513353
list:
dist: 4.353022202513353 vs. 4.353022202513353
--------
nle(id0,id1,dist): 52 55 1.6188015370802722
list:
dist: 1.6188015370802722 vs. 1.6188015370802722
--------
nle(id0,id1,dist): 52 56 0.9909877646152754
list:
dist: 0.9909877646152754 vs. 0.9909877646152754
--------
nle(id0,id1,dist): 52 53 0.9932834148417934
list:
dist: 0.9932834148417934 vs. 0.9932834148417934
--------
nle(id0,id1,dist): 52 54 1.773880321113179
list:
dist: 1.773880321113179 vs. 1.773880321113179
--------
nle(id0,id1,dist): 52 59 1.2167740132652933
list:
dist: 1.2167740132652933 vs. 1.2167740132652933
--------
nle(id0,id1,dist): 52 60 3.017346078945094
list:
dist: 3.017346078945094 vs. 3.017346078945094
--------
nle(id0,id1,dist): 52 57 1.812316751237082
list:
dist: 1.812316751237082 vs. 1.812316751237082
--------
nle(id0,id1,dist): 52 58 1.7011055026107866
list:
dist: 1.7011055026107866 vs. 1.7011055026107866
--------
nle(id0,id1,dist): 52 72 3.2703038835623026
list:
dist: 3.2703038835623026 vs. 3.2703038835623026
--------
nle(id0,id1,dist): 52 74 3.098637485461224
list:
dist: 3.098637485461224 vs. 3.098637485461224
--------
nle(id0,id1,dist): 52 61 3.40260156543019
list:
dist: 3.40260156543019 vs. 3.40260156543019
--------
nle(id0,id1,dist): 53 54 2.3228914329571113
list:
dist: 2.3228914329571113 vs. 2.3228914329571113
--------
nle(id0,id1,dist): 53 55 1.3795780854725526
list:
dist: 1.3795780854725526 vs. 1.3795780854725526
--------
nle(id0,id1,dist): 52 80 3.9549502217203565
list:
dist: 3.9549502217203565 vs. 3.9549502217203565
--------
nle(id0,id1,dist): 53 61 2.7130256000059045
list:
dist: 2.7130256000059045 vs. 2.7130256000059045
--------
nle(id0,id1,dist): 53 60 2.686354087732146
list:
dist: 2.686354087732146 vs. 2.686354087732146
--------
nle(id0,id1,dist): 53 57 1.8399177216908364
list:
dist: 1.8399177216908364 vs. 1.8399177216908364
--------
nle(id0,id1,dist): 53 56 1.0435139627418504
list:
dist: 1.0435139627418504 vs. 1.0435139627418504
--------
nle(id0,id1,dist): 53 59 1.1966239611817944
list:
dist: 1.1966239611817944 vs. 1.1966239611817944
--------
nle(id0,id1,dist): 53 58 1.7541720317844742
list:
dist: 1.7541720317844742 vs. 1.7541720317844742
--------
nle(id0,id1,dist): 53 80 3.789109065236323
list:
dist: 3.789109065236323 vs. 3.789109065236323
--------
nle(id0,id1,dist): 53 74 2.696960578798548
list:
dist: 2.696960578798548 vs. 2.696960578798548
--------
nle(id0,id1,dist): 53 72 3.0538872254890057
list:
dist: 3.0538872254890057 vs. 3.0538872254890057
--------
nle(id0,id1,dist): 54 59 1.4182441081765578
list:
dist: 1.4182441081765578 vs. 1.4182441081765578
--------
nle(id0,id1,dist): 54 58 1.0820593723779366
list:
dist: 1.0820593723779366 vs. 1.0820593723779366
--------
nle(id0,id1,dist): 54 57 1.0951077125788324
list:
dist: 1.0951077125788324 vs. 1.0951077125788324
--------
nle(id0,id1,dist): 54 56 1.3628245022493821
list:
dist: 1.3628245022493821 vs. 1.3628245022493821
--------
nle(id0,id1,dist): 54 55 1.6469454833765311
list:
dist: 1.6469454833765311 vs. 1.6469454833765311
--------
nle(id0,id1,dist): 93 97 1.5033442296133013
list:
dist: 1.5033442296133013 vs. 1.5033442296133013
--------
nle(id0,id1,dist): 93 96 1.2289067529286075
list:
dist: 1.2289067529286075 vs. 1.2289067529286075
--------
nle(id0,id1,dist): 93 99 2.2926866497393372
list:
dist: 2.2926866497393372 vs. 2.2926866497393372
--------
nle(id0,id1,dist): 93 98 1.2935513533286498
list:
dist: 1.2935513533286498 vs. 1.2935513533286498
--------
nle(id0,id1,dist): 93 101 2.3805306080739195
list:
dist: 2.3805306080739195 vs. 2.3805306080739195
--------
nle(id0,id1,dist): 93 100 2.0705972789036102
list:
dist: 2.0705972789036102 vs. 2.0705972789036102
--------
nle(id0,id1,dist): 93 103 1.5218527621970441
list:
dist: 1.5218527621970441 vs. 1.5218527621970441
--------
nle(id0,id1,dist): 93 102 1.6643926844907002
list:
dist: 1.6643926844907002 vs. 1.6643926844907002
--------
nle(id0,id1,dist): 93 105 1.0870390980371873
list:
dist: 1.0870390980371873 vs. 1.0870390980371873
--------
nle(id0,id1,dist): 93 104 1.818009494521181
list:
dist: 1.818009494521181 vs. 1.818009494521181
--------
nle(id0,id1,dist): 93 107 2.085379932333114
list:
dist: 2.085379932333114 vs. 2.085379932333114
--------
nle(id0,id1,dist): 93 106 1.731407790693693
list:
dist: 1.731407790693693 vs. 1.731407790693693
--------
nle(id0,id1,dist): 93 109 2.2025017836743563
list:
dist: 2.2025017836743563 vs. 2.2025017836743563
--------
nle(id0,id1,dist): 93 108 1.7095907398437447
list:
dist: 1.7095907398437447 vs. 1.7095907398437447
--------
nle(id0,id1,dist): 94 109 1.9515778951321
list:
dist: 1.9515778951321 vs. 1.9515778951321
--------
nle(id0,id1,dist): 94 107 1.7794199909929598
list:
dist: 1.7794199909929598 vs. 1.7794199909929598
--------
nle(id0,id1,dist): 94 108 1.7047560011681147
list:
dist: 1.7047560011681147 vs. 1.7047560011681147
--------
nle(id0,id1,dist): 94 98 0.9565193495746933
list:
dist: 0.9565193495746933 vs. 0.9565193495746933
--------
nle(id0,id1,dist): 94 97 1.6009341385181033
list:
dist: 1.6009341385181033 vs. 1.6009341385181033
--------
nle(id0,id1,dist): 94 96 0.9400809197895055
list:
dist: 0.9400809197895055 vs. 0.9400809197895055
--------
nle(id0,id1,dist): 94 95 0.9658403584322415
list:
dist: 0.9658403584322415 vs. 0.9658403584322415
--------
nle(id0,id1,dist): 94 102 1.3584008184292484
list:
dist: 1.3584008184292484 vs. 1.3584008184292484
--------
nle(id0,id1,dist): 94 101 1.863663041337957
list:
dist: 1.863663041337957 vs. 1.863663041337957
--------
nle(id0,id1,dist): 94 100 1.5894973979891007
list:
dist: 1.5894973979891007 vs. 1.5894973979891007
--------
nle(id0,id1,dist): 94 99 1.6987450630961602
list:
dist: 1.6987450630961602 vs. 1.6987450630961602
--------
nle(id0,id1,dist): 94 106 1.9066371365502512
list:
dist: 1.9066371365502512 vs. 1.9066371365502512
--------
nle(id0,id1,dist): 94 105 1.2745212922790208
list:
dist: 1.2745212922790208 vs. 1.2745212922790208
--------
nle(id0,id1,dist): 94 104 1.389321951536719
list:
dist: 1.389321951536719 vs. 1.389321951536719
--------
nle(id0,id1,dist): 94 103 1.5445397699998296
list:
dist: 1.5445397699998296 vs. 1.5445397699998296
--------
nle(id0,id1,dist): 92 97 2.3465073177174753
list:
dist: 2.3465073177174753 vs. 2.3465073177174753
--------
nle(id0,id1,dist): 92 98 2.0728570423267687
list:
dist: 2.0728570423267687 vs. 2.0728570423267687
--------
nle(id0,id1,dist): 92 99 2.2275488873099887
list:
dist: 2.2275488873099887 vs. 2.2275488873099887
--------
nle(id0,id1,dist): 92 100 0.744207353833925
list:
dist: 0.744207353833925 vs. 0.744207353833925
--------
nle(id0,id1,dist): 92 93 1.389130170984378
list:
dist: 1.389130170984378 vs. 1.389130170984378
--------
nle(id0,id1,dist): 92 94 1.1244900116915002
list:
dist: 1.1244900116915002 vs. 1.1244900116915002
--------
nle(id0,id1,dist): 92 95 1.446988538606535
list:
dist: 1.446988538606535 vs. 1.446988538606535
--------
nle(id0,id1,dist): 92 96 2.058631654858031
list:
dist: 2.058631654858031 vs. 2.058631654858031
--------
nle(id0,id1,dist): 91 107 2.263491923377211
list:
dist: 2.263491923377211 vs. 2.263491923377211
--------
nle(id0,id1,dist): 91 106 2.1398423686719075
list:
dist: 2.1398423686719075 vs. 2.1398423686719075
--------
nle(id0,id1,dist): 91 109 2.3423912732746577
list:
dist: 2.3423912732746577 vs. 2.3423912732746577
--------
nle(id0,id1,dist): 91 108 2.1802640247645955
list:
dist: 2.1802640247645955 vs. 2.1802640247645955
--------
nle(id0,id1,dist): 93 94 0.8656821200100466
list:
dist: 0.8656821200100466 vs. 0.8656821200100466
--------
nle(id0,id1,dist): 93 95 1.7483604855990167
list:
dist: 1.7483604855990167 vs. 1.7483604855990167
--------
nle(id0,id1,dist): 92 108 2.254543839152683
list:
dist: 2.254543839152683 vs. 2.254543839152683
--------
nle(id0,id1,dist): 92 107 2.152821593610239
list:
dist: 2.152821593610239 vs. 2.152821593610239
--------
nle(id0,id1,dist): 92 106 2.156807895179794
list:
dist: 2.156807895179794 vs. 2.156807895179794
--------
nle(id0,id1,dist): 92 105 0.7612720134637312
list:
dist: 0.7612720134637312 vs. 0.7612720134637312
--------
nle(id0,id1,dist): 92 104 1.7351603941781581
list:
dist: 1.7351603941781581 vs. 1.7351603941781581
--------
nle(id0,id1,dist): 92 103 1.0824945677718296
list:
dist: 1.0824945677718296 vs. 1.0824945677718296
--------
nle(id0,id1,dist): 92 102 1.1943319976095004
list:
dist: 1.1943319976095004 vs. 1.1943319976095004
--------
nle(id0,id1,dist): 92 101 1.5356773566132298
list:
dist: 1.5356773566132298 vs. 1.5356773566132298
--------
nle(id0,id1,dist): 92 109 2.181278309259974
list:
dist: 2.181278309259974 vs. 2.181278309259974
--------
nle(id0,id1,dist): 97 101 2.3602392777794456
list:
dist: 2.3602392777794456 vs. 2.3602392777794456
--------
nle(id0,id1,dist): 97 100 2.7546282205984474
list:
dist: 2.7546282205984474 vs. 2.7546282205984474
--------
nle(id0,id1,dist): 97 103 1.8800239580115283
list:
dist: 1.8800239580115283 vs. 1.8800239580115283
--------
nle(id0,id1,dist): 97 102 1.689230034540865
list:
dist: 1.689230034540865 vs. 1.689230034540865
--------
nle(id0,id1,dist): 97 105 1.9752977726339649
list:
dist: 1.9752977726339649 vs. 1.9752977726339649
--------
nle(id0,id1,dist): 97 104 1.3050879297095954
list:
dist: 1.3050879297095954 vs. 1.3050879297095954
--------
nle(id0,id1,dist): 97 107 1.209918847680254
list:
dist: 1.209918847680254 vs. 1.209918847680254
--------
nle(id0,id1,dist): 97 106 0.9873746768951304
list:
dist: 0.9873746768951304 vs. 0.9873746768951304
--------
nle(id0,id1,dist): 97 99 1.6134890647916773
list:
dist: 1.6134890647916773 vs. 1.6134890647916773
--------
nle(id0,id1,dist): 97 98 1.2686320883812543
list:
dist: 1.2686320883812543 vs. 1.2686320883812543
--------
nle(id0,id1,dist): 98 102 1.9511450866495064
list:
dist: 1.9511450866495064 vs. 1.9511450866495064
--------
nle(id0,id1,dist): 98 101 2.455149990297359
list:
dist: 2.455149990297359 vs. 2.455149990297359
--------
nle(id0,id1,dist): 98 100 2.4768948593445432
list:
dist: 2.4768948593445432 vs. 2.4768948593445432
--------
nle(id0,id1,dist): 98 99 1.6523645275897
list:
dist: 1.6523645275897 vs. 1.6523645275897
--------
nle(id0,id1,dist): 97 108 0.5163835024249487
list:
dist: 0.5163835024249487 vs. 0.5163835024249487
--------
nle(id0,id1,dist): 97 109 1.3814253390156226
list:
dist: 1.3814253390156226 vs. 1.3814253390156226
--------
nle(id0,id1,dist): 95 107 1.3414510980779462
list:
dist: 1.3414510980779462 vs. 1.3414510980779462
--------
nle(id0,id1,dist): 95 106 1.986602850217709
list:
dist: 1.986602850217709 vs. 1.986602850217709
--------
nle(id0,id1,dist): 95 109 1.5294585440823198
list:
dist: 1.5294585440823198 vs. 1.5294585440823198
--------
nle(id0,id1,dist): 95 108 1.6859903913837149
list:
dist: 1.6859903913837149 vs. 1.6859903913837149
--------
nle(id0,id1,dist): 95 103 1.6770332076237195
list:
dist: 1.6770332076237195 vs. 1.6770332076237195
--------
nle(id0,id1,dist): 95 102 1.127284801838663
list:
dist: 1.127284801838663 vs. 1.127284801838663
--------
nle(id0,id1,dist): 95 105 1.7499910248950696
list:
dist: 1.7499910248950696 vs. 1.7499910248950696
--------
nle(id0,id1,dist): 95 104 0.9041900748892328
list:
dist: 0.9041900748892328 vs. 0.9041900748892328
--------
nle(id0,id1,dist): 95 98 1.3458487372833297
list:
dist: 1.3458487372833297 vs. 1.3458487372833297
--------
nle(id0,id1,dist): 95 99 0.938539867198912
list:
dist: 0.938539867198912 vs. 0.938539867198912
--------
nle(id0,id1,dist): 95 100 1.4454639039491093
list:
dist: 1.4454639039491093 vs. 1.4454639039491093
--------
nle(id0,id1,dist): 95 101 1.2402328641962619
list:
dist: 1.2402328641962619 vs. 1.2402328641962619
--------
nle(id0,id1,dist): 95 96 1.4079625062735832
list:
dist: 1.4079625062735832 vs. 1.4079625062735832
--------
nle(id0,id1,dist): 95 97 1.7918441273208632
list:
dist: 1.7918441273208632 vs. 1.7918441273208632
--------
nle(id0,id1,dist): 96 109 2.1554171958044432
list:
dist: 2.1554171958044432 vs. 2.1554171958044432
--------
nle(id0,id1,dist): 96 108 1.6287983089728815
list:
dist: 1.6287983089728815 vs. 1.6287983089728815
--------
nle(id0,id1,dist): 96 107 1.903248705628897
list:
dist: 1.903248705628897 vs. 1.903248705628897
--------
nle(id0,id1,dist): 96 106 2.058616825376293
list:
dist: 2.058616825376293 vs. 2.058616825376293
--------
nle(id0,id1,dist): 96 105 2.0500687585615025
list:
dist: 2.0500687585615025 vs. 2.0500687585615025
--------
nle(id0,id1,dist): 96 104 1.6758246030336907
list:
dist: 1.6758246030336907 vs. 1.6758246030336907
--------
nle(id0,id1,dist): 96 103 2.2460699741823302
list:
dist: 2.2460699741823302 vs. 2.2460699741823302
--------
nle(id0,id1,dist): 96 102 1.9871637550715469
list:
dist: 1.9871637550715469 vs. 1.9871637550715469
--------
nle(id0,id1,dist): 96 101 2.508977576660478
list:
dist: 2.508977576660478 vs. 2.508977576660478
--------
nle(id0,id1,dist): 96 100 2.4890436829860496
list:
dist: 2.4890436829860496 vs. 2.4890436829860496
--------
nle(id0,id1,dist): 96 99 1.7485511422633953
list:
dist: 1.7485511422633953 vs. 1.7485511422633953
--------
nle(id0,id1,dist): 96 98 0.10798516933483251
list:
dist: 0.10798516933483251 vs. 0.10798516933483251
--------
nle(id0,id1,dist): 96 97 1.3006000638828448
list:
dist: 1.3006000638828448 vs. 1.3006000638828448
--------
nle(id0,id1,dist): 85 139 1.4966121913489552
list:
dist: 1.4966121913489552 vs. 1.4966121913489552
--------
nle(id0,id1,dist): 85 138 1.4657165822422067
list:
dist: 1.4657165822422067 vs. 1.4657165822422067
--------
nle(id0,id1,dist): 85 137 2.8167350426466338
list:
dist: 2.8167350426466338 vs. 2.8167350426466338
--------
nle(id0,id1,dist): 85 136 1.9391064950653236
list:
dist: 1.9391064950653236 vs. 1.9391064950653236
--------
nle(id0,id1,dist): 85 143 1.9433574613917102
list:
dist: 1.9433574613917102 vs. 1.9433574613917102
--------
nle(id0,id1,dist): 85 142 2.6707168536367605
list:
dist: 2.6707168536367605 vs. 2.6707168536367605
--------
nle(id0,id1,dist): 85 141 3.0262414706461636
list:
dist: 3.0262414706461636 vs. 3.0262414706461636
--------
nle(id0,id1,dist): 85 140 2.0075695660469086
list:
dist: 2.0075695660469086 vs. 2.0075695660469086
--------
nle(id0,id1,dist): 85 147 3.080172177906707
list:
dist: 3.080172177906707 vs. 3.080172177906707
--------
nle(id0,id1,dist): 85 146 2.497175414064833
list:
dist: 2.497175414064833 vs. 2.497175414064833
--------
nle(id0,id1,dist): 85 145 2.3537118742905307
list:
dist: 2.3537118742905307 vs. 2.3537118742905307
--------
nle(id0,id1,dist): 85 144 2.8371632321340274
list:
dist: 2.8371632321340274 vs. 2.8371632321340274
--------
nle(id0,id1,dist): 85 149 2.310504457233025
list:
dist: 2.310504457233025 vs. 2.310504457233025
--------
nle(id0,id1,dist): 85 148 1.822198363566046
list:
dist: 1.822198363566046 vs. 1.822198363566046
--------
nle(id0,id1,dist): 86 111 3.5448274347661504
list:
dist: 3.5448274347661504 vs. 3.5448274347661504
--------
nle(id0,id1,dist): 86 122 3.256416672054228
list:
dist: 3.256416672054228 vs. 3.256416672054228
--------
nle(id0,id1,dist): 86 120 3.7907068562013415
list:
dist: 3.7907068562013415 vs. 3.7907068562013415
--------
nle(id0,id1,dist): 86 125 3.15323375691301
list:
dist: 3.15323375691301 vs. 3.15323375691301
--------
nle(id0,id1,dist): 87 88 1.673218610137698
list:
dist: 1.673218610137698 vs. 1.673218610137698
--------
nle(id0,id1,dist): 87 89 1.6687819946389506
list:
dist: 1.6687819946389506 vs. 1.6687819946389506
--------
nle(id0,id1,dist): 86 126 3.2231242755215654
list:
dist: 3.2231242755215654 vs. 3.2231242755215654
--------
nle(id0,id1,dist): 86 123 3.7066826275405016
list:
dist: 3.7066826275405016 vs. 3.7066826275405016
--------
nle(id0,id1,dist): 86 124 2.9278499560899216
list:
dist: 2.9278499560899216 vs. 2.9278499560899216
--------
nle(id0,id1,dist): 86 129 2.201888127944692
list:
dist: 2.201888127944692 vs. 2.201888127944692
--------
nle(id0,id1,dist): 86 127 3.1046906151496696
list:
dist: 3.1046906151496696 vs. 3.1046906151496696
--------
nle(id0,id1,dist): 86 128 1.9906764754349595
list:
dist: 1.9906764754349595 vs. 1.9906764754349595
--------
nle(id0,id1,dist): 86 131 3.3639971182018673
list:
dist: 3.3639971182018673 vs. 3.3639971182018673
--------
nle(id0,id1,dist): 86 134 3.26266017177554
list:
dist: 3.26266017177554 vs. 3.26266017177554
--------
nle(id0,id1,dist): 86 133 3.2343455281598423
list:
dist: 3.2343455281598423 vs. 3.2343455281598423
--------
nle(id0,id1,dist): 86 136 2.2426229974175174
list:
dist: 2.2426229974175174 vs. 2.2426229974175174
--------
nle(id0,id1,dist): 86 135 2.523110141901467
list:
dist: 2.523110141901467 vs. 2.523110141901467
--------
nle(id0,id1,dist): 86 138 1.9815442197025261
list:
dist: 1.9815442197025261 vs. 1.9815442197025261
--------
nle(id0,id1,dist): 86 137 3.3724768332306168
list:
dist: 3.3724768332306168 vs. 3.3724768332306168
--------
nle(id0,id1,dist): 86 140 2.816878613415655
list:
dist: 2.816878613415655 vs. 2.816878613415655
--------
nle(id0,id1,dist): 86 139 2.227222275515855
list:
dist: 2.227222275515855 vs. 2.227222275515855
--------
nle(id0,id1,dist): 86 142 3.350613131995042
list:
dist: 3.350613131995042 vs. 3.350613131995042
--------
nle(id0,id1,dist): 86 141 3.5935011578796296
list:
dist: 3.5935011578796296 vs. 3.5935011578796296
--------
nle(id0,id1,dist): 86 144 3.226278325569543
list:
dist: 3.226278325569543 vs. 3.226278325569543
--------
nle(id0,id1,dist): 86 143 2.5996730006581283
list:
dist: 2.5996730006581283 vs. 2.5996730006581283
--------
nle(id0,id1,dist): 86 146 2.548699745090642
list:
dist: 2.548699745090642 vs. 2.548699745090642
--------
nle(id0,id1,dist): 86 145 2.79757443628263
list:
dist: 2.79757443628263 vs. 2.79757443628263
--------
nle(id0,id1,dist): 86 147 3.3099173011966516
list:
dist: 3.3099173011966516 vs. 3.3099173011966516
--------
nle(id0,id1,dist): 87 111 3.544780148179726
list:
dist: 3.544780148179726 vs. 3.544780148179726
--------
nle(id0,id1,dist): 86 148 2.4670762265521162
list:
dist: 2.4670762265521162 vs. 2.4670762265521162
--------
nle(id0,id1,dist): 86 149 2.7383620207935113
list:
dist: 2.7383620207935113 vs. 2.7383620207935113
--------
nle(id0,id1,dist): 83 149 2.2805527473851277
list:
dist: 2.2805527473851277 vs. 2.2805527473851277
--------
nle(id0,id1,dist): 83 148 1.6245768447588
list:
dist: 1.6245768447588 vs. 1.6245768447588
--------
nle(id0,id1,dist): 84 111 2.847121903329966
list:
dist: 2.847121903329966 vs. 2.847121903329966
--------
nle(id0,id1,dist): 83 147 2.9284440408464736
list:
dist: 2.9284440408464736 vs. 2.9284440408464736
--------
nle(id0,id1,dist): 83 146 2.4367633759644143
list:
dist: 2.4367633759644143 vs. 2.4367633759644143
--------
nle(id0,id1,dist): 84 124 3.0533627217058843
list:
dist: 3.0533627217058843 vs. 3.0533627217058843
--------
nle(id0,id1,dist): 85 87 1.4931758471424286
list:
dist: 1.4931758471424286 vs. 1.4931758471424286
--------
nle(id0,id1,dist): 84 123 3.4358980231756013
list:
dist: 3.4358980231756013 vs. 3.4358980231756013
--------
nle(id0,id1,dist): 85 86 0.9690933966543367
list:
dist: 0.9690933966543367 vs. 0.9690933966543367
--------
nle(id0,id1,dist): 84 122 2.7015374824766503
list:
dist: 2.7015374824766503 vs. 2.7015374824766503
--------
nle(id0,id1,dist): 84 120 3.367090231846282
list:
dist: 3.367090231846282 vs. 3.367090231846282
--------
nle(id0,id1,dist): 84 131 3.0085837878149015
list:
dist: 3.0085837878149015 vs. 3.0085837878149015
--------
nle(id0,id1,dist): 84 129 1.9776704472090065
list:
dist: 1.9776704472090065 vs. 1.9776704472090065
--------
nle(id0,id1,dist): 84 127 2.450316460748426
list:
dist: 2.450316460748426 vs. 2.450316460748426
--------
nle(id0,id1,dist): 84 128 1.7209303692121583
list:
dist: 1.7209303692121583 vs. 1.7209303692121583
--------
nle(id0,id1,dist): 84 125 2.871547883341844
list:
dist: 2.871547883341844 vs. 2.871547883341844
--------
nle(id0,id1,dist): 85 88 0.6112144602923382
list:
dist: 0.6112144602923382 vs. 0.6112144602923382
--------
nle(id0,id1,dist): 85 89 0.9340827283005413
list:
dist: 0.9340827283005413 vs. 0.9340827283005413
--------
nle(id0,id1,dist): 84 126 2.500746044014945
list:
dist: 2.500746044014945 vs. 2.500746044014945
--------
nle(id0,id1,dist): 84 140 2.895211543138739
list:
dist: 2.895211543138739 vs. 2.895211543138739
--------
nle(id0,id1,dist): 84 137 3.507787988289956
list:
dist: 3.507787988289956 vs. 3.507787988289956
--------
nle(id0,id1,dist): 84 138 2.3434322367045164
list:
dist: 2.3434322367045164 vs. 2.3434322367045164
--------
nle(id0,id1,dist): 84 135 2.0225291296555863
list:
dist: 2.0225291296555863 vs. 2.0225291296555863
--------
nle(id0,id1,dist): 84 136 2.275541261397846
list:
dist: 2.275541261397846 vs. 2.275541261397846
--------
nle(id0,id1,dist): 84 133 3.0347212998934743
list:
dist: 3.0347212998934743 vs. 3.0347212998934743
--------
nle(id0,id1,dist): 84 134 3.455292311847375
list:
dist: 3.455292311847375 vs. 3.455292311847375
--------
nle(id0,id1,dist): 84 146 2.7783139404667727
list:
dist: 2.7783139404667727 vs. 2.7783139404667727
--------
nle(id0,id1,dist): 84 145 3.1660719699890447
list:
dist: 3.1660719699890447 vs. 3.1660719699890447
--------
nle(id0,id1,dist): 85 111 3.829101034516739
list:
dist: 3.829101034516739 vs. 3.829101034516739
--------
nle(id0,id1,dist): 84 148 2.9811239790990562
list:
dist: 2.9811239790990562 vs. 2.9811239790990562
--------
nle(id0,id1,dist): 84 147 3.5143421339961045
list:
dist: 3.5143421339961045 vs. 3.5143421339961045
--------
nle(id0,id1,dist): 84 142 3.5681125517712653
list:
dist: 3.5681125517712653 vs. 3.5681125517712653
--------
nle(id0,id1,dist): 84 144 2.7482656048499217
list:
dist: 2.7482656048499217 vs. 2.7482656048499217
--------
nle(id0,id1,dist): 85 124 1.988270400823478
list:
dist: 1.988270400823478 vs. 1.988270400823478
--------
nle(id0,id1,dist): 86 87 0.7327863796521905
list:
dist: 0.7327863796521905 vs. 0.7327863796521905
--------
nle(id0,id1,dist): 85 125 2.2957896792841526
list:
dist: 2.2957896792841526 vs. 2.2957896792841526
--------
nle(id0,id1,dist): 86 88 1.040591643869312
list:
dist: 1.040591643869312 vs. 1.040591643869312
--------
nle(id0,id1,dist): 85 126 2.5922086969432723
list:
dist: 2.5922086969432723 vs. 2.5922086969432723
--------
nle(id0,id1,dist): 86 89 0.9575798736361145
list:
dist: 0.9575798736361145 vs. 0.9575798736361145
--------
nle(id0,id1,dist): 85 127 2.512716308818585
list:
dist: 2.512716308818585 vs. 2.512716308818585
--------
nle(id0,id1,dist): 85 120 2.9630155857255343
list:
dist: 2.9630155857255343 vs. 2.9630155857255343
--------
nle(id0,id1,dist): 85 122 2.5562721848925545
list:
dist: 2.5562721848925545 vs. 2.5562721848925545
--------
nle(id0,id1,dist): 85 123 2.829185409957569
list:
dist: 2.829185409957569 vs. 2.829185409957569
--------
nle(id0,id1,dist): 85 133 2.583956609057714
list:
dist: 2.583956609057714 vs. 2.583956609057714
--------
nle(id0,id1,dist): 85 134 2.474713551085773
list:
dist: 2.474713551085773 vs. 2.474713551085773
--------
nle(id0,id1,dist): 85 135 2.056495613195886
list:
dist: 2.056495613195886 vs. 2.056495613195886
--------
nle(id0,id1,dist): 85 128 1.3321469626617661
list:
dist: 1.3321469626617661 vs. 1.3321469626617661
--------
nle(id0,id1,dist): 85 129 1.4780647149607522
list:
dist: 1.4780647149607522 vs. 1.4780647149607522
--------
nle(id0,id1,dist): 85 131 2.6098808596263785
list:
dist: 2.6098808596263785 vs. 2.6098808596263785
--------
nle(id0,id1,dist): 89 126 3.188269140310533
list:
dist: 3.188269140310533 vs. 3.188269140310533
--------
nle(id0,id1,dist): 89 127 2.898804002870488
list:
dist: 2.898804002870488 vs. 2.898804002870488
--------
nle(id0,id1,dist): 89 124 2.462110994405497
list:
dist: 2.462110994405497 vs. 2.462110994405497
--------
nle(id0,id1,dist): 89 125 3.0221908838415144
list:
dist: 3.0221908838415144 vs. 3.0221908838415144
--------
nle(id0,id1,dist): 90 93 0.9703461821433156
list:
dist: 0.9703461821433156 vs. 0.9703461821433156
--------
nle(id0,id1,dist): 90 94 0.9914284446570069
list:
dist: 0.9914284446570069 vs. 0.9914284446570069
--------
nle(id0,id1,dist): 89 131 2.95866504403312
list:
dist: 2.95866504403312 vs. 2.95866504403312
--------
nle(id0,id1,dist): 90 91 0.3241115283589855
list:
dist: 0.3241115283589855 vs. 0.3241115283589855
--------
nle(id0,id1,dist): 89 128 1.7582194953147223
list:
dist: 1.7582194953147223 vs. 1.7582194953147223
--------
nle(id0,id1,dist): 90 92 0.8507884245988594
list:
dist: 0.8507884245988594 vs. 0.8507884245988594
--------
nle(id0,id1,dist): 89 129 1.8971332753181187
list:
dist: 1.8971332753181187 vs. 1.8971332753181187
--------
nle(id0,id1,dist): 89 122 3.0324731383291583
list:
dist: 3.0324731383291583 vs. 3.0324731383291583
--------
nle(id0,id1,dist): 89 123 3.3907249517695988
list:
dist: 3.3907249517695988 vs. 3.3907249517695988
--------
nle(id0,id1,dist): 89 120 3.5761712361464766
list:
dist: 3.5761712361464766 vs. 3.5761712361464766
--------
nle(id0,id1,dist): 90 106 2.409460078360466
list:
dist: 2.409460078360466 vs. 2.409460078360466
--------
nle(id0,id1,dist): 89 143 1.7630490665337593
list:
dist: 1.7630490665337593 vs. 1.7630490665337593
--------
nle(id0,id1,dist): 90 105 1.059759731317503
list:
dist: 1.059759731317503 vs. 1.059759731317503
--------
nle(id0,id1,dist): 89 142 2.539342997167023
list:
dist: 2.539342997167023 vs. 2.539342997167023
--------
nle(id0,id1,dist): 90 104 2.1627155566273175
list:
dist: 2.1627155566273175 vs. 2.1627155566273175
--------
nle(id0,id1,dist): 89 141 2.6612156335382973
list:
dist: 2.6612156335382973 vs. 2.6612156335382973
--------
nle(id0,id1,dist): 90 103 1.6349819520246702
list:
dist: 1.6349819520246702 vs. 1.6349819520246702
--------
nle(id0,id1,dist): 89 140 2.200183263040002
list:
dist: 2.200183263040002 vs. 2.200183263040002
--------
nle(id0,id1,dist): 89 147 2.4955749051170817
list:
dist: 2.4955749051170817 vs. 2.4955749051170817
--------
nle(id0,id1,dist): 89 146 1.8254910833414515
list:
dist: 1.8254910833414515 vs. 1.8254910833414515
--------
nle(id0,id1,dist): 90 109 2.6487354253260085
list:
dist: 2.6487354253260085 vs. 2.6487354253260085
--------
nle(id0,id1,dist): 90 108 2.43411422004305
list:
dist: 2.43411422004305 vs. 2.43411422004305
--------
nle(id0,id1,dist): 89 145 1.9092786277475347
list:
dist: 1.9092786277475347 vs. 1.9092786277475347
--------
nle(id0,id1,dist): 90 107 2.556998067102253
list:
dist: 2.556998067102253 vs. 2.556998067102253
--------
nle(id0,id1,dist): 89 144 2.775693938173269
list:
dist: 2.775693938173269 vs. 2.775693938173269
--------
nle(id0,id1,dist): 89 135 2.2089249489384497
list:
dist: 2.2089249489384497 vs. 2.2089249489384497
--------
nle(id0,id1,dist): 90 98 1.8264700114711208
list:
dist: 1.8264700114711208 vs. 1.8264700114711208
--------
nle(id0,id1,dist): 90 97 2.341806836498717
list:
dist: 2.341806836498717 vs. 2.341806836498717
--------
nle(id0,id1,dist): 89 134 2.5270600198430624
list:
dist: 2.5270600198430624 vs. 2.5270600198430624
--------
nle(id0,id1,dist): 90 96 1.7704909823635637
list:
dist: 1.7704909823635637 vs. 1.7704909823635637
--------
nle(id0,id1,dist): 89 133 2.6482484256604075
list:
dist: 2.6482484256604075 vs. 2.6482484256604075
--------
nle(id0,id1,dist): 90 95 1.780597321456968
list:
dist: 1.780597321456968 vs. 1.780597321456968
--------
nle(id0,id1,dist): 90 102 1.800894308095553
list:
dist: 1.800894308095553 vs. 1.800894308095553
--------
nle(id0,id1,dist): 89 139 1.4875188066904113
list:
dist: 1.4875188066904113 vs. 1.4875188066904113
--------
nle(id0,id1,dist): 90 101 2.289847684475358
list:
dist: 2.289847684475358 vs. 2.289847684475358
--------
nle(id0,id1,dist): 89 138 1.18689687892391
list:
dist: 1.18689687892391 vs. 1.18689687892391
--------
nle(id0,id1,dist): 89 137 2.5608522695852947
list:
dist: 2.5608522695852947 vs. 2.5608522695852947
--------
nle(id0,id1,dist): 90 100 1.5279009846354548
list:
dist: 1.5279009846354548 vs. 1.5279009846354548
--------
nle(id0,id1,dist): 89 136 1.5895143026449503
list:
dist: 1.5895143026449503 vs. 1.5895143026449503
--------
nle(id0,id1,dist): 90 99 2.5997339179549397
list:
dist: 2.5997339179549397 vs. 2.5997339179549397
--------
nle(id0,id1,dist): 89 148 1.6021975499907397
list:
dist: 1.6021975499907397 vs. 1.6021975499907397
--------
nle(id0,id1,dist): 89 149 1.7906572533354626
list:
dist: 1.7906572533354626 vs. 1.7906572533354626
--------
nle(id0,id1,dist): 91 99 2.3408303187203066
list:
dist: 2.3408303187203066 vs. 2.3408303187203066
--------
nle(id0,id1,dist): 91 98 1.737193766446929
list:
dist: 1.737193766446929 vs. 1.737193766446929
--------
nle(id0,id1,dist): 91 101 1.9879525690291102
list:
dist: 1.9879525690291102 vs. 1.9879525690291102
--------
nle(id0,id1,dist): 91 100 1.3113554404536025
list:
dist: 1.3113554404536025 vs. 1.3113554404536025
--------
nle(id0,id1,dist): 91 103 1.3301461869160316
list:
dist: 1.3301461869160316 vs. 1.3301461869160316
--------
nle(id0,id1,dist): 91 102 1.4779960692691245
list:
dist: 1.4779960692691245 vs. 1.4779960692691245
--------
nle(id0,id1,dist): 91 105 0.7976648332042795
list:
dist: 0.7976648332042795 vs. 0.7976648332042795
--------
nle(id0,id1,dist): 91 104 1.8686381116128319
list:
dist: 1.8686381116128319 vs. 1.8686381116128319
--------
nle(id0,id1,dist): 91 93 0.8968413627683912
list:
dist: 0.8968413627683912 vs. 0.8968413627683912
--------
nle(id0,id1,dist): 91 92 0.6011134417819005
list:
dist: 0.6011134417819005 vs. 0.6011134417819005
--------
nle(id0,id1,dist): 91 95 1.5506496615651904
list:
dist: 1.5506496615651904 vs. 1.5506496615651904
--------
nle(id0,id1,dist): 91 94 0.8348612562935227
list:
dist: 0.8348612562935227 vs. 0.8348612562935227
--------
nle(id0,id1,dist): 91 97 2.139457633644306
list:
dist: 2.139457633644306 vs. 2.139457633644306
--------
nle(id0,id1,dist): 91 96 1.6958932812288003
list:
dist: 1.6958932812288003 vs. 1.6958932812288003
--------
nle(id0,id1,dist): 87 139 2.9037177216010908
list:
dist: 2.9037177216010908 vs. 2.9037177216010908
--------
nle(id0,id1,dist): 88 89 0.8760963765736922
list:
dist: 0.8760963765736922 vs. 0.8760963765736922
--------
nle(id0,id1,dist): 88 120 3.435617999749212
list:
dist: 3.435617999749212 vs. 3.435617999749212
--------
nle(id0,id1,dist): 88 111 4.209592405536007
list:
dist: 4.209592405536007 vs. 4.209592405536007
--------
nle(id0,id1,dist): 88 133 2.9738881275748517
list:
dist: 2.9738881275748517 vs. 2.9738881275748517
--------
nle(id0,id1,dist): 88 134 2.6831636126669443
list:
dist: 2.6831636126669443 vs. 2.6831636126669443
--------
nle(id0,id1,dist): 88 135 2.5759837223012436
list:
dist: 2.5759837223012436 vs. 2.5759837223012436
--------
nle(id0,id1,dist): 88 136 2.2416802058497867
list:
dist: 2.2416802058497867 vs. 2.2416802058497867
--------
nle(id0,id1,dist): 88 129 1.9967238851004474
list:
dist: 1.9967238851004474 vs. 1.9967238851004474
--------
nle(id0,id1,dist): 88 131 3.074796123885098
list:
dist: 3.074796123885098 vs. 3.074796123885098
--------
nle(id0,id1,dist): 88 125 2.7481228529299178
list:
dist: 2.7481228529299178 vs. 2.7481228529299178
--------
nle(id0,id1,dist): 88 126 3.1680244017621098
list:
dist: 3.1680244017621098 vs. 3.1680244017621098
--------
nle(id0,id1,dist): 88 127 3.071158720308516
list:
dist: 3.071158720308516 vs. 3.071158720308516
--------
nle(id0,id1,dist): 88 128 1.883780828093977
list:
dist: 1.883780828093977 vs. 1.883780828093977
--------
nle(id0,id1,dist): 88 122 3.0925542876305996
list:
dist: 3.0925542876305996 vs. 3.0925542876305996
--------
nle(id0,id1,dist): 88 123 3.2501506730336804
list:
dist: 3.2501506730336804 vs. 3.2501506730336804
--------
nle(id0,id1,dist): 88 124 2.276915587945948
list:
dist: 2.276915587945948 vs. 2.276915587945948
--------
nle(id0,id1,dist): 88 149 2.1384492358820437
list:
dist: 2.1384492358820437 vs. 2.1384492358820437
--------
nle(id0,id1,dist): 88 146 2.6384517667760026
list:
dist: 2.6384517667760026 vs. 2.6384517667760026
--------
nle(id0,id1,dist): 88 145 2.453578547034272
list:
dist: 2.453578547034272 vs. 2.453578547034272
--------
nle(id0,id1,dist): 88 148 1.8741262785307264
list:
dist: 1.8741262785307264 vs. 1.8741262785307264
--------
nle(id0,id1,dist): 89 111 3.4735057711490276
list:
dist: 3.4735057711490276 vs. 3.4735057711490276
--------
nle(id0,id1,dist): 88 147 3.212052610838631
list:
dist: 3.212052610838631 vs. 3.212052610838631
--------
nle(id0,id1,dist): 88 142 2.8476098270521835
list:
dist: 2.8476098270521835 vs. 2.8476098270521835
--------
nle(id0,id1,dist): 88 141 2.9949759812674346
list:
dist: 2.9949759812674346 vs. 2.9949759812674346
--------
nle(id0,id1,dist): 88 144 3.2893076588723917
list:
dist: 3.2893076588723917 vs. 3.2893076588723917
--------
nle(id0,id1,dist): 88 143 1.7662569901067993
list:
dist: 1.7662569901067993 vs. 1.7662569901067993
--------
nle(id0,id1,dist): 88 138 1.6692581975023282
list:
dist: 1.6692581975023282 vs. 1.6692581975023282
--------
nle(id0,id1,dist): 88 137 3.0221725777300263
list:
dist: 3.0221725777300263 vs. 3.0221725777300263
--------
nle(id0,id1,dist): 88 140 2.320894454741241
list:
dist: 2.320894454741241 vs. 2.320894454741241
--------
nle(id0,id1,dist): 88 139 1.3427230354006146
list:
dist: 1.3427230354006146 vs. 1.3427230354006146
--------
nle(id0,id1,dist): 81 82 0.696530453723649
list:
dist: 0.696530453723649 vs. 0.696530453723649
--------
nle(id0,id1,dist): 81 83 1.6393348630751323
list:
dist: 1.6393348630751323 vs. 1.6393348630751323
--------
nle(id0,id1,dist): 80 120 1.955404121616302
list:
dist: 1.955404121616302 vs. 1.955404121616302
--------
nle(id0,id1,dist): 80 127 1.7295555879748414
list:
dist: 1.7295555879748414 vs. 1.7295555879748414
--------
nle(id0,id1,dist): 80 128 1.3484468006273098
list:
dist: 1.3484468006273098 vs. 1.3484468006273098
--------
nle(id0,id1,dist): 80 125 1.372648370035106
list:
dist: 1.372648370035106 vs. 1.372648370035106
--------
nle(id0,id1,dist): 81 88 2.164590210181621
list:
dist: 2.164590210181621 vs. 2.164590210181621
--------
nle(id0,id1,dist): 81 89 2.3609829448942414
list:
dist: 2.3609829448942414 vs. 2.3609829448942414
--------
nle(id0,id1,dist): 80 126 1.2933134145819583
list:
dist: 1.2933134145819583 vs. 1.2933134145819583
--------
nle(id0,id1,dist): 81 86 1.7748927177404052
list:
dist: 1.7748927177404052 vs. 1.7748927177404052
--------
nle(id0,id1,dist): 80 123 2.116995833845341
list:
dist: 2.116995833845341 vs. 2.116995833845341
--------
nle(id0,id1,dist): 80 124 2.091208921081507
list:
dist: 2.091208921081507 vs. 2.091208921081507
--------
nle(id0,id1,dist): 81 87 1.495386998771676
list:
dist: 1.495386998771676 vs. 1.495386998771676
--------
nle(id0,id1,dist): 81 84 1.048105531687022
list:
dist: 1.048105531687022 vs. 1.048105531687022
--------
nle(id0,id1,dist): 81 85 1.6587905319250302
list:
dist: 1.6587905319250302 vs. 1.6587905319250302
--------
nle(id0,id1,dist): 80 122 1.6875646099629638
list:
dist: 1.6875646099629638 vs. 1.6875646099629638
--------
nle(id0,id1,dist): 79 140 3.5777473977909753
list:
dist: 3.5777473977909753 vs. 3.5777473977909753
--------
nle(id0,id1,dist): 79 138 2.894456831314036
list:
dist: 2.894456831314036 vs. 2.894456831314036
--------
nle(id0,id1,dist): 79 137 4.063864245809373
list:
dist: 4.063864245809373 vs. 4.063864245809373
--------
nle(id0,id1,dist): 79 136 2.7630675562012925
list:
dist: 2.7630675562012925 vs. 2.7630675562012925
--------
nle(id0,id1,dist): 79 135 2.6476330729649735
list:
dist: 2.6476330729649735 vs. 2.6476330729649735
--------
nle(id0,id1,dist): 79 134 4.112618942572412
list:
dist: 4.112618942572412 vs. 4.112618942572412
--------
nle(id0,id1,dist): 79 148 3.5504099226700183
list:
dist: 3.5504099226700183 vs. 3.5504099226700183
--------
nle(id0,id1,dist): 79 147 3.89164749688756
list:
dist: 3.89164749688756 vs. 3.89164749688756
--------
nle(id0,id1,dist): 79 146 3.087161107804255
list:
dist: 3.087161107804255 vs. 3.087161107804255
--------
nle(id0,id1,dist): 79 145 3.6621089589537545
list:
dist: 3.6621089589537545 vs. 3.6621089589537545
--------
nle(id0,id1,dist): 79 144 3.2690200813375734
list:
dist: 3.2690200813375734 vs. 3.2690200813375734
--------
nle(id0,id1,dist): 79 142 4.175908660525244
list:
dist: 4.175908660525244 vs. 4.175908660525244
--------
nle(id0,id1,dist): 79 122 3.4016571997096805
list:
dist: 3.4016571997096805 vs. 3.4016571997096805
--------
nle(id0,id1,dist): 80 85 1.7859152962200322
list:
dist: 1.7859152962200322 vs. 1.7859152962200322
--------
nle(id0,id1,dist): 79 123 4.1709822358533755
list:
dist: 4.1709822358533755 vs. 4.1709822358533755
--------
nle(id0,id1,dist): 80 86 2.32285900627432
list:
dist: 2.32285900627432 vs. 2.32285900627432
--------
nle(id0,id1,dist): 79 124 3.772947663413954
list:
dist: 3.772947663413954 vs. 3.772947663413954
--------
nle(id0,id1,dist): 80 87 2.2900212115598007
list:
dist: 2.2900212115598007 vs. 2.2900212115598007
--------
nle(id0,id1,dist): 79 125 3.603539064460123
list:
dist: 3.603539064460123 vs. 3.603539064460123
--------
nle(id0,id1,dist): 80 88 2.3449251146703727
list:
dist: 2.3449251146703727 vs. 2.3449251146703727
--------
nle(id0,id1,dist): 80 81 0.9560373231879261
list:
dist: 0.9560373231879261 vs. 0.9560373231879261
--------
nle(id0,id1,dist): 80 82 0.9405190667045508
list:
dist: 0.9405190667045508 vs. 0.9405190667045508
--------
nle(id0,id1,dist): 80 83 1.5134414762377861
list:
dist: 1.5134414762377861 vs. 1.5134414762377861
--------
nle(id0,id1,dist): 79 120 4.09089798584264
list:
dist: 4.09089798584264 vs. 4.09089798584264
--------
nle(id0,id1,dist): 80 84 1.7250406532749485
list:
dist: 1.7250406532749485 vs. 1.7250406532749485
--------
nle(id0,id1,dist): 79 131 3.709088063788432
list:
dist: 3.709088063788432 vs. 3.709088063788432
--------
nle(id0,id1,dist): 79 133 3.6730411313560705
list:
dist: 3.6730411313560705 vs. 3.6730411313560705
--------
nle(id0,id1,dist): 79 126 3.182131000354538
list:
dist: 3.182131000354538 vs. 3.182131000354538
--------
nle(id0,id1,dist): 80 89 2.588763076481908
list:
dist: 2.588763076481908 vs. 2.588763076481908
--------
nle(id0,id1,dist): 79 127 3.1164572738937224
list:
dist: 3.1164572738937224 vs. 3.1164572738937224
--------
nle(id0,id1,dist): 79 128 2.4357178739934406
list:
dist: 2.4357178739934406 vs. 2.4357178739934406
--------
nle(id0,id1,dist): 79 129 2.6932953143012375
list:
dist: 2.6932953143012375 vs. 2.6932953143012375
--------
nle(id0,id1,dist): 78 144 3.355277428678897
list:
dist: 3.355277428678897 vs. 3.355277428678897
--------
nle(id0,id1,dist): 78 146 3.3697208157062866
list:
dist: 3.3697208157062866 vs. 3.3697208157062866
--------
nle(id0,id1,dist): 78 145 3.7027674346339823
list:
dist: 3.7027674346339823 vs. 3.7027674346339823
--------
nle(id0,id1,dist): 78 140 3.336164778177385
list:
dist: 3.336164778177385 vs. 3.336164778177385
--------
nle(id0,id1,dist): 78 142 4.0743863122537265
list:
dist: 4.0743863122537265 vs. 4.0743863122537265
--------
nle(id0,id1,dist): 78 148 3.4223809415441733
list:
dist: 3.4223809415441733 vs. 3.4223809415441733
--------
nle(id0,id1,dist): 79 111 2.7929225880535977
list:
dist: 2.7929225880535977 vs. 2.7929225880535977
--------
nle(id0,id1,dist): 78 147 4.116595440756715
list:
dist: 4.116595440756715 vs. 4.116595440756715
--------
nle(id0,id1,dist): 78 125 3.0605385261942017
list:
dist: 3.0605385261942017 vs. 3.0605385261942017
--------
nle(id0,id1,dist): 79 88 2.5276188356664484
list:
dist: 2.5276188356664484 vs. 2.5276188356664484
--------
nle(id0,id1,dist): 78 126 2.7903270743341224
list:
dist: 2.7903270743341224 vs. 2.7903270743341224
--------
nle(id0,id1,dist): 79 89 2.270514317848354
list:
dist: 2.270514317848354 vs. 2.270514317848354
--------
nle(id0,id1,dist): 78 123 3.731024734892976
list:
dist: 3.731024734892976 vs. 3.731024734892976
--------
nle(id0,id1,dist): 79 86 1.5643215545679396
list:
dist: 1.5643215545679396 vs. 1.5643215545679396
--------
nle(id0,id1,dist): 78 124 3.3597967304208005
list:
dist: 3.3597967304208005 vs. 3.3597967304208005
--------
nle(id0,id1,dist): 79 87 1.0504671996693662
list:
dist: 1.0504671996693662 vs. 1.0504671996693662
--------
nle(id0,id1,dist): 78 129 2.4044177675859806
list:
dist: 2.4044177675859806 vs. 2.4044177675859806
--------
nle(id0,id1,dist): 78 127 2.893935825938652
list:
dist: 2.893935825938652 vs. 2.893935825938652
--------
nle(id0,id1,dist): 78 128 2.158149472777783
list:
dist: 2.158149472777783 vs. 2.158149472777783
--------
nle(id0,id1,dist): 78 133 3.5687193726001567
list:
dist: 3.5687193726001567 vs. 3.5687193726001567
--------
nle(id0,id1,dist): 78 134 3.9109382318699475
list:
dist: 3.9109382318699475 vs. 3.9109382318699475
--------
nle(id0,id1,dist): 78 131 3.4460796584366857
list:
dist: 3.4460796584366857 vs. 3.4460796584366857
--------
nle(id0,id1,dist): 78 137 4.06685948545198
list:
dist: 4.06685948545198 vs. 4.06685948545198
--------
nle(id0,id1,dist): 78 138 2.8380958663347093
list:
dist: 2.8380958663347093 vs. 2.8380958663347093
--------
nle(id0,id1,dist): 78 135 2.5808025551687557
list:
dist: 2.5808025551687557 vs. 2.5808025551687557
--------
nle(id0,id1,dist): 78 136 2.8703765742560288
list:
dist: 2.8703765742560288 vs. 2.8703765742560288
--------
nle(id0,id1,dist): 77 147 4.100384426209102
list:
dist: 4.100384426209102 vs. 4.100384426209102
--------
nle(id0,id1,dist): 77 146 3.346126162636995
list:
dist: 3.346126162636995 vs. 3.346126162636995
--------
nle(id0,id1,dist): 77 145 3.685979219837551
list:
dist: 3.685979219837551 vs. 3.685979219837551
--------
nle(id0,id1,dist): 77 144 3.3773902307277837
list:
dist: 3.3773902307277837 vs. 3.3773902307277837
--------
nle(id0,id1,dist): 77 148 3.4048443246128035
list:
dist: 3.4048443246128035 vs. 3.4048443246128035
--------
nle(id0,id1,dist): 78 111 3.404315568246377
list:
dist: 3.404315568246377 vs. 3.404315568246377
--------
nle(id0,id1,dist): 79 81 1.5869177631215345
list:
dist: 1.5869177631215345 vs. 1.5869177631215345
--------
nle(id0,id1,dist): 79 80 2.4004330189761633
list:
dist: 2.4004330189761633 vs. 2.4004330189761633
--------
nle(id0,id1,dist): 78 122 3.0857439857903803
list:
dist: 3.0857439857903803 vs. 3.0857439857903803
--------
nle(id0,id1,dist): 79 85 2.177923476727572
list:
dist: 2.177923476727572 vs. 2.177923476727572
--------
nle(id0,id1,dist): 79 84 0.7393538073287206
list:
dist: 0.7393538073287206 vs. 0.7393538073287206
--------
nle(id0,id1,dist): 79 83 2.354976088424628
list:
dist: 2.354976088424628 vs. 2.354976088424628
--------
nle(id0,id1,dist): 78 120 3.634346867751873
list:
dist: 3.634346867751873 vs. 3.634346867751873
--------
nle(id0,id1,dist): 79 82 1.8173582307394298
list:
dist: 1.8173582307394298 vs. 1.8173582307394298
--------
nle(id0,id1,dist): 77 128 2.17645896115123
list:
dist: 2.17645896115123 vs. 2.17645896115123
--------
nle(id0,id1,dist): 77 129 2.423730963491839
list:
dist: 2.423730963491839 vs. 2.423730963491839
--------
nle(id0,id1,dist): 77 131 3.478728668489978
list:
dist: 3.478728668489978 vs. 3.478728668489978
--------
nle(id0,id1,dist): 77 133 3.5865914172755704
list:
dist: 3.5865914172755704 vs. 3.5865914172755704
--------
nle(id0,id1,dist): 77 134 3.914353360511461
list:
dist: 3.914353360511461 vs. 3.914353360511461
--------
nle(id0,id1,dist): 77 135 2.605706458749935
list:
dist: 2.605706458749935 vs. 2.605706458749935
--------
nle(id0,id1,dist): 77 136 2.862196425315746
list:
dist: 2.862196425315746 vs. 2.862196425315746
--------
nle(id0,id1,dist): 77 137 4.064806708686165
list:
dist: 4.064806708686165 vs. 4.064806708686165
--------
nle(id0,id1,dist): 77 138 2.8219346907163816
list:
dist: 2.8219346907163816 vs. 2.8219346907163816
--------
nle(id0,id1,dist): 77 140 3.3446373608887607
list:
dist: 3.3446373608887607 vs. 3.3446373608887607
--------
nle(id0,id1,dist): 77 142 4.0728639959951005
list:
dist: 4.0728639959951005 vs. 4.0728639959951005
--------
nle(id0,id1,dist): 78 80 1.7779628718907563
list:
dist: 1.7779628718907563 vs. 1.7779628718907563
--------
nle(id0,id1,dist): 78 79 0.8143375500482424
list:
dist: 0.8143375500482424 vs. 0.8143375500482424
--------
nle(id0,id1,dist): 78 82 1.1989254915332648
list:
dist: 1.1989254915332648 vs. 1.1989254915332648
--------
nle(id0,id1,dist): 78 81 0.8587150362483319
list:
dist: 0.8587150362483319 vs. 0.8587150362483319
--------
nle(id0,id1,dist): 78 84 0.6488922146734087
list:
dist: 0.6488922146734087 vs. 0.6488922146734087
--------
nle(id0,id1,dist): 77 120 3.6796655061014127
list:
dist: 3.6796655061014127 vs. 3.6796655061014127
--------
nle(id0,id1,dist): 78 83 1.9677443477988716
list:
dist: 1.9677443477988716 vs. 1.9677443477988716
--------
nle(id0,id1,dist): 77 123 3.7676364021753432
list:
dist: 3.7676364021753432 vs. 3.7676364021753432
--------
nle(id0,id1,dist): 78 86 1.439624273510916
list:
dist: 1.439624273510916 vs. 1.439624273510916
--------
nle(id0,id1,dist): 77 122 3.1298291600434336
list:
dist: 3.1298291600434336 vs. 3.1298291600434336
--------
nle(id0,id1,dist): 78 85 1.8108138130962457
list:
dist: 1.8108138130962457 vs. 1.8108138130962457
--------
nle(id0,id1,dist): 77 125 3.0985833893662607
list:
dist: 3.0985833893662607 vs. 3.0985833893662607
--------
nle(id0,id1,dist): 78 88 2.2083214814478755
list:
dist: 2.2083214814478755 vs. 2.2083214814478755
--------
nle(id0,id1,dist): 77 124 3.372517545661654
list:
dist: 3.372517545661654 vs. 3.372517545661654
--------
nle(id0,id1,dist): 78 87 0.8882520854418569
list:
dist: 0.8882520854418569 vs. 0.8882520854418569
--------
nle(id0,id1,dist): 77 127 2.937965718496817
list:
dist: 2.937965718496817 vs. 2.937965718496817
--------
nle(id0,id1,dist): 77 126 2.845995415403049
list:
dist: 2.845995415403049 vs. 2.845995415403049
--------
nle(id0,id1,dist): 78 89 2.2299615200596943
list:
dist: 2.2299615200596943 vs. 2.2299615200596943
--------
nle(id0,id1,dist): 83 145 2.1700706967372305
list:
dist: 2.1700706967372305 vs. 2.1700706967372305
--------
nle(id0,id1,dist): 83 144 2.4889201319229253
list:
dist: 2.4889201319229253 vs. 2.4889201319229253
--------
nle(id0,id1,dist): 83 143 1.8667522937405228
list:
dist: 1.8667522937405228 vs. 1.8667522937405228
--------
nle(id0,id1,dist): 83 142 2.3425846264849204
list:
dist: 2.3425846264849204 vs. 2.3425846264849204
--------
nle(id0,id1,dist): 83 141 2.8386164435216013
list:
dist: 2.8386164435216013 vs. 2.8386164435216013
--------
nle(id0,id1,dist): 83 140 1.582394070326631
list:
dist: 1.582394070326631 vs. 1.582394070326631
--------
nle(id0,id1,dist): 83 139 1.4288870094140866
list:
dist: 1.4288870094140866 vs. 1.4288870094140866
--------
nle(id0,id1,dist): 83 138 1.2776558268509328
list:
dist: 1.2776558268509328 vs. 1.2776558268509328
--------
nle(id0,id1,dist): 83 137 2.514240946861653
list:
dist: 2.514240946861653 vs. 2.514240946861653
--------
nle(id0,id1,dist): 83 136 1.7404379143964026
list:
dist: 1.7404379143964026 vs. 1.7404379143964026
--------
nle(id0,id1,dist): 83 135 1.6822650722766679
list:
dist: 1.6822650722766679 vs. 1.6822650722766679
--------
nle(id0,id1,dist): 83 134 2.099172290795224
list:
dist: 2.099172290795224 vs. 2.099172290795224
--------
nle(id0,id1,dist): 83 133 2.162881659231559
list:
dist: 2.162881659231559 vs. 2.162881659231559
--------
nle(id0,id1,dist): 83 131 2.126665562567077
list:
dist: 2.126665562567077 vs. 2.126665562567077
--------
nle(id0,id1,dist): 83 128 0.9004141860454945
list:
dist: 0.9004141860454945 vs. 0.9004141860454945
--------
nle(id0,id1,dist): 83 129 1.0128390906270193
list:
dist: 1.0128390906270193 vs. 1.0128390906270193
--------
nle(id0,id1,dist): 83 126 2.1578858898329063
list:
dist: 2.1578858898329063 vs. 2.1578858898329063
--------
nle(id0,id1,dist): 84 89 1.8925875680723079
list:
dist: 1.8925875680723079 vs. 1.8925875680723079
--------
nle(id0,id1,dist): 83 127 2.0676929260888923
list:
dist: 2.0676929260888923 vs. 2.0676929260888923
--------
nle(id0,id1,dist): 83 124 1.554561459809157
list:
dist: 1.554561459809157 vs. 1.554561459809157
--------
nle(id0,id1,dist): 84 87 1.039330119690328
list:
dist: 1.039330119690328 vs. 1.039330119690328
--------
nle(id0,id1,dist): 83 125 1.8519226284908008
list:
dist: 1.8519226284908008 vs. 1.8519226284908008
--------
nle(id0,id1,dist): 84 88 2.084772367294038
list:
dist: 2.084772367294038 vs. 2.084772367294038
--------
nle(id0,id1,dist): 83 122 2.0816491571995233
list:
dist: 2.0816491571995233 vs. 2.0816491571995233
--------
nle(id0,id1,dist): 84 85 1.6175743197494408
list:
dist: 1.6175743197494408 vs. 1.6175743197494408
--------
nle(id0,id1,dist): 83 123 2.347830184483367
list:
dist: 2.347830184483367 vs. 2.347830184483367
--------
nle(id0,id1,dist): 84 86 1.3199967717435475
list:
dist: 1.3199967717435475 vs. 1.3199967717435475
--------
nle(id0,id1,dist): 83 120 2.485782140301395
list:
dist: 2.485782140301395 vs. 2.485782140301395
--------
nle(id0,id1,dist): 83 111 3.7563378637946103
list:
dist: 3.7563378637946103 vs. 3.7563378637946103
--------
nle(id0,id1,dist): 82 148 2.5656288592897476
list:
dist: 2.5656288592897476 vs. 2.5656288592897476
--------
nle(id0,id1,dist): 82 147 3.658643004467914
list:
dist: 3.658643004467914 vs. 3.658643004467914
--------
nle(id0,id1,dist): 82 149 3.20938016480904
list:
dist: 3.20938016480904 vs. 3.20938016480904
--------
nle(id0,id1,dist): 82 144 2.8730002182555165
list:
dist: 2.8730002182555165 vs. 2.8730002182555165
--------
nle(id0,id1,dist): 82 143 2.8140982314858864
list:
dist: 2.8140982314858864 vs. 2.8140982314858864
--------
nle(id0,id1,dist): 82 146 3.0661311166687946
list:
dist: 3.0661311166687946 vs. 3.0661311166687946
--------
nle(id0,id1,dist): 82 145 3.024320534976707
list:
dist: 3.024320534976707 vs. 3.024320534976707
--------
nle(id0,id1,dist): 82 140 2.3450512432991335
list:
dist: 2.3450512432991335 vs. 2.3450512432991335
--------
nle(id0,id1,dist): 82 139 2.3579157346660344
list:
dist: 2.3579157346660344 vs. 2.3579157346660344
--------
nle(id0,id1,dist): 82 142 3.1922029260172047
list:
dist: 3.1922029260172047 vs. 3.1922029260172047
--------
nle(id0,id1,dist): 82 141 3.7757519122802363
list:
dist: 3.7757519122802363 vs. 3.7757519122802363
--------
nle(id0,id1,dist): 82 136 2.3689899149663494
list:
dist: 2.3689899149663494 vs. 2.3689899149663494
--------
nle(id0,id1,dist): 82 135 1.9856925542938026
list:
dist: 1.9856925542938026 vs. 1.9856925542938026
--------
nle(id0,id1,dist): 82 138 2.1193631158155606
list:
dist: 2.1193631158155606 vs. 2.1193631158155606
--------
nle(id0,id1,dist): 82 137 3.3136754362367253
list:
dist: 3.3136754362367253 vs. 3.3136754362367253
--------
nle(id0,id1,dist): 82 131 2.537054895498207
list:
dist: 2.537054895498207 vs. 2.537054895498207
--------
nle(id0,id1,dist): 82 133 2.7640234132850634
list:
dist: 2.7640234132850634 vs. 2.7640234132850634
--------
nle(id0,id1,dist): 82 134 2.928184826061507
list:
dist: 2.928184826061507 vs. 2.928184826061507
--------
nle(id0,id1,dist): 82 127 2.191075528531588
list:
dist: 2.191075528531588 vs. 2.191075528531588
--------
nle(id0,id1,dist): 82 128 1.2807096794210748
list:
dist: 1.2807096794210748 vs. 1.2807096794210748
--------
nle(id0,id1,dist): 82 129 1.4740888266976298
list:
dist: 1.4740888266976298 vs. 1.4740888266976298
--------
nle(id0,id1,dist): 83 86 1.389787524633854
list:
dist: 1.389787524633854 vs. 1.389787524633854
--------
nle(id0,id1,dist): 82 123 2.669923305625562
list:
dist: 2.669923305625562 vs. 2.669923305625562
--------
nle(id0,id1,dist): 82 124 2.2155423653442172
list:
dist: 2.2155423653442172 vs. 2.2155423653442172
--------
nle(id0,id1,dist): 83 87 1.8425803854508962
list:
dist: 1.8425803854508962 vs. 1.8425803854508962
--------
nle(id0,id1,dist): 82 125 1.9727611175075923
list:
dist: 1.9727611175075923 vs. 1.9727611175075923
--------
nle(id0,id1,dist): 83 88 1.019325234021341
list:
dist: 1.019325234021341 vs. 1.019325234021341
--------
nle(id0,id1,dist): 83 89 1.2060194427667303
list:
dist: 1.2060194427667303 vs. 1.2060194427667303
--------
nle(id0,id1,dist): 82 126 2.0380283945422804
list:
dist: 2.0380283945422804 vs. 2.0380283945422804
--------
nle(id0,id1,dist): 82 120 2.643092395959893
list:
dist: 2.643092395959893 vs. 2.643092395959893
--------
nle(id0,id1,dist): 83 84 1.6968982189928703
list:
dist: 1.6968982189928703 vs. 1.6968982189928703
--------
nle(id0,id1,dist): 83 85 0.4918983657700342
list:
dist: 0.4918983657700342 vs. 0.4918983657700342
--------
nle(id0,id1,dist): 82 122 2.2430413410247194
list:
dist: 2.2430413410247194 vs. 2.2430413410247194
--------
nle(id0,id1,dist): 81 148 3.208668785221873
list:
dist: 3.208668785221873 vs. 3.208668785221873
--------
nle(id0,id1,dist): 82 111 3.7644226379868893
list:
dist: 3.7644226379868893 vs. 3.7644226379868893
--------
nle(id0,id1,dist): 81 142 3.7625237354994034
list:
dist: 3.7625237354994034 vs. 3.7625237354994034
--------
nle(id0,id1,dist): 81 140 2.90040706631414
list:
dist: 2.90040706631414 vs. 2.90040706631414
--------
nle(id0,id1,dist): 81 147 4.132639846838365
list:
dist: 4.132639846838365 vs. 4.132639846838365
--------
nle(id0,id1,dist): 81 146 3.5036812538932134
list:
dist: 3.5036812538932134 vs. 3.5036812538932134
--------
nle(id0,id1,dist): 81 145 3.594220907340001
list:
dist: 3.594220907340001 vs. 3.594220907340001
--------
nle(id0,id1,dist): 81 144 3.1418115563935776
list:
dist: 3.1418115563935776 vs. 3.1418115563935776
--------
nle(id0,id1,dist): 81 134 3.505885032429712
list:
dist: 3.505885032429712 vs. 3.505885032429712
--------
nle(id0,id1,dist): 81 135 2.280151982380009
list:
dist: 2.280151982380009 vs. 2.280151982380009
--------
nle(id0,id1,dist): 81 133 3.190334889683709
list:
dist: 3.190334889683709 vs. 3.190334889683709
--------
nle(id0,id1,dist): 81 138 2.705842814964773
list:
dist: 2.705842814964773 vs. 2.705842814964773
--------
nle(id0,id1,dist): 81 136 2.822000582498046
list:
dist: 2.822000582498046 vs. 2.822000582498046
--------
nle(id0,id1,dist): 81 137 3.838522861289373
list:
dist: 3.838522861289373 vs. 3.838522861289373
--------
nle(id0,id1,dist): 81 126 2.106088516830222
list:
dist: 2.106088516830222 vs. 2.106088516830222
--------
nle(id0,id1,dist): 82 89 1.7990106413565734
list:
dist: 1.7990106413565734 vs. 1.7990106413565734
--------
nle(id0,id1,dist): 81 127 2.374193413662436
list:
dist: 2.374193413662436 vs. 2.374193413662436
--------
nle(id0,id1,dist): 81 124 2.779342618389523
list:
dist: 2.779342618389523 vs. 2.779342618389523
--------
nle(id0,id1,dist): 82 87 1.4259752771661618
list:
dist: 1.4259752771661618 vs. 1.4259752771661618
--------
nle(id0,id1,dist): 81 125 2.2904036908021523
list:
dist: 2.2904036908021523 vs. 2.2904036908021523
--------
nle(id0,id1,dist): 82 88 1.5384696933410027
list:
dist: 1.5384696933410027 vs. 1.5384696933410027
--------
nle(id0,id1,dist): 81 131 2.8898134209084834
list:
dist: 2.8898134209084834 vs. 2.8898134209084834
--------
nle(id0,id1,dist): 81 128 1.7393073442862006
list:
dist: 1.7393073442862006 vs. 1.7393073442862006
--------
nle(id0,id1,dist): 81 129 1.9436251548659447
list:
dist: 1.9436251548659447 vs. 1.9436251548659447
--------
nle(id0,id1,dist): 82 84 1.1606106597782695
list:
dist: 1.1606106597782695 vs. 1.1606106597782695
--------
nle(id0,id1,dist): 81 120 2.887874230938173
list:
dist: 2.887874230938173 vs. 2.887874230938173
--------
nle(id0,id1,dist): 82 83 0.959520989939811
list:
dist: 0.959520989939811 vs. 0.959520989939811
--------
nle(id0,id1,dist): 81 123 3.0181522657787845
list:
dist: 3.0181522657787845 vs. 3.0181522657787845
--------
nle(id0,id1,dist): 82 86 1.3980810810087612
list:
dist: 1.3980810810087612 vs. 1.3980810810087612
--------
nle(id0,id1,dist): 81 122 2.4702865200901005
list:
dist: 2.4702865200901005 vs. 2.4702865200901005
--------
nle(id0,id1,dist): 82 85 1.0003694351069552
list:
dist: 1.0003694351069552 vs. 1.0003694351069552
--------
nle(id0,id1,dist): 81 111 3.740661322255583
list:
dist: 3.740661322255583 vs. 3.740661322255583
--------
nle(id0,id1,dist): 80 148 2.9248386907746715
list:
dist: 2.9248386907746715 vs. 2.9248386907746715
--------
nle(id0,id1,dist): 80 137 3.439819247568865
list:
dist: 3.439819247568865 vs. 3.439819247568865
--------
nle(id0,id1,dist): 80 138 2.540219309586272
list:
dist: 2.540219309586272 vs. 2.540219309586272
--------
nle(id0,id1,dist): 80 140 2.3379994903072996
list:
dist: 2.3379994903072996 vs. 2.3379994903072996
--------
nle(id0,id1,dist): 80 142 3.28768945240257
list:
dist: 3.28768945240257 vs. 3.28768945240257
--------
nle(id0,id1,dist): 80 129 1.447248244715711
list:
dist: 1.447248244715711 vs. 1.447248244715711
--------
nle(id0,id1,dist): 80 131 2.1486028927832495
list:
dist: 2.1486028927832495 vs. 2.1486028927832495
--------
nle(id0,id1,dist): 80 133 2.6428221021938243
list:
dist: 2.6428221021938243 vs. 2.6428221021938243
--------
nle(id0,id1,dist): 80 134 2.946560461701363
list:
dist: 2.946560461701363 vs. 2.946560461701363
--------
nle(id0,id1,dist): 80 135 1.9208091473199873
list:
dist: 1.9208091473199873 vs. 1.9208091473199873
--------
nle(id0,id1,dist): 72 142 4.197033362999251
list:
dist: 4.197033362999251 vs. 4.197033362999251
--------
nle(id0,id1,dist): 72 138 3.5147850911548235
list:
dist: 3.5147850911548235 vs. 3.5147850911548235
--------
nle(id0,id1,dist): 72 137 4.330444775155841
list:
dist: 4.330444775155841 vs. 4.330444775155841
--------
nle(id0,id1,dist): 72 140 3.2450145032154625
list:
dist: 3.2450145032154625 vs. 3.2450145032154625
--------
nle(id0,id1,dist): 74 76 2.079281730937192
list:
dist: 2.079281730937192 vs. 2.079281730937192
--------
nle(id0,id1,dist): 74 75 1.2603745011406917
list:
dist: 1.2603745011406917 vs. 1.2603745011406917
--------
nle(id0,id1,dist): 74 78 1.3952506107453089
list:
dist: 1.3952506107453089 vs. 1.3952506107453089
--------
nle(id0,id1,dist): 74 77 1.4592512368295183
list:
dist: 1.4592512368295183 vs. 1.4592512368295183
--------
nle(id0,id1,dist): 73 111 3.4739907641599865
list:
dist: 3.4739907641599865 vs. 3.4739907641599865
--------
nle(id0,id1,dist): 72 148 3.914638392725549
list:
dist: 3.914638392725549 vs. 3.914638392725549
--------
nle(id0,id1,dist): 74 83 2.4180191232481114
list:
dist: 2.4180191232481114 vs. 2.4180191232481114
--------
nle(id0,id1,dist): 73 120 2.6197406142991695
list:
dist: 2.6197406142991695 vs. 2.6197406142991695
--------
nle(id0,id1,dist): 74 84 1.7791290921540461
list:
dist: 1.7791290921540461 vs. 1.7791290921540461
--------
nle(id0,id1,dist): 74 85 2.447149580958516
list:
dist: 2.447149580958516 vs. 2.447149580958516
--------
nle(id0,id1,dist): 73 122 2.1280205131496763
list:
dist: 2.1280205131496763 vs. 2.1280205131496763
--------
nle(id0,id1,dist): 73 123 2.8628406449289714
list:
dist: 2.8628406449289714 vs. 2.8628406449289714
--------
nle(id0,id1,dist): 74 86 2.5439023666409724
list:
dist: 2.5439023666409724 vs. 2.5439023666409724
--------
nle(id0,id1,dist): 74 79 2.123189063858727
list:
dist: 2.123189063858727 vs. 2.123189063858727
--------
nle(id0,id1,dist): 74 80 1.3124008613605824
list:
dist: 1.3124008613605824 vs. 1.3124008613605824
--------
nle(id0,id1,dist): 74 81 0.8637317673987971
list:
dist: 0.8637317673987971 vs. 0.8637317673987971
--------
nle(id0,id1,dist): 74 82 1.4757684616044218
list:
dist: 1.4757684616044218 vs. 1.4757684616044218
--------
nle(id0,id1,dist): 73 128 1.8401909602140705
list:
dist: 1.8401909602140705 vs. 1.8401909602140705
--------
nle(id0,id1,dist): 73 129 2.009214538439302
list:
dist: 2.009214538439302 vs. 2.009214538439302
--------
nle(id0,id1,dist): 73 131 2.667176834089488
list:
dist: 2.667176834089488 vs. 2.667176834089488
--------
nle(id0,id1,dist): 73 124 2.952083262311423
list:
dist: 2.952083262311423 vs. 2.952083262311423
--------
nle(id0,id1,dist): 74 87 2.1344958457956666
list:
dist: 2.1344958457956666 vs. 2.1344958457956666
--------
nle(id0,id1,dist): 73 125 2.247365234764845
list:
dist: 2.247365234764845 vs. 2.247365234764845
--------
nle(id0,id1,dist): 74 88 2.90446983849122
list:
dist: 2.90446983849122 vs. 2.90446983849122
--------
nle(id0,id1,dist): 73 126 1.6403404304192013
list:
dist: 1.6403404304192013 vs. 1.6403404304192013
--------
nle(id0,id1,dist): 74 89 3.200369199479633
list:
dist: 3.200369199479633 vs. 3.200369199479633
--------
nle(id0,id1,dist): 73 127 1.9758582620677656
list:
dist: 1.9758582620677656 vs. 1.9758582620677656
--------
nle(id0,id1,dist): 73 75 0.738884749071859
list:
dist: 0.738884749071859 vs. 0.738884749071859
--------
nle(id0,id1,dist): 71 148 3.830997539056369
list:
dist: 3.830997539056369 vs. 3.830997539056369
--------
nle(id0,id1,dist): 73 74 1.0639059348168403
list:
dist: 1.0639059348168403 vs. 1.0639059348168403
--------
nle(id0,id1,dist): 71 147 4.484754831611833
list:
dist: 4.484754831611833 vs. 4.484754831611833
--------
nle(id0,id1,dist): 71 146 4.121481360758952
list:
dist: 4.121481360758952 vs. 4.121481360758952
--------
nle(id0,id1,dist): 71 145 4.071418400975917
list:
dist: 4.071418400975917 vs. 4.071418400975917
--------
nle(id0,id1,dist): 71 144 2.8172521560244816
list:
dist: 2.8172521560244816 vs. 2.8172521560244816
--------
nle(id0,id1,dist): 71 142 3.8839130698279054
list:
dist: 3.8839130698279054 vs. 3.8839130698279054
--------
nle(id0,id1,dist): 73 83 2.152537614126321
list:
dist: 2.152537614126321 vs. 2.152537614126321
--------
nle(id0,id1,dist): 72 120 2.367260828732771
list:
dist: 2.367260828732771 vs. 2.367260828732771
--------
nle(id0,id1,dist): 73 82 1.3937807583609763
list:
dist: 1.3937807583609763 vs. 1.3937807583609763
--------
nle(id0,id1,dist): 73 81 0.907818892106589
list:
dist: 0.907818892106589 vs. 0.907818892106589
--------
nle(id0,id1,dist): 73 80 1.0082773763543986
list:
dist: 1.0082773763543986 vs. 1.0082773763543986
--------
nle(id0,id1,dist): 73 79 1.9051759987304122
list:
dist: 1.9051759987304122 vs. 1.9051759987304122
--------
nle(id0,id1,dist): 73 78 1.4388852110921893
list:
dist: 1.4388852110921893 vs. 1.4388852110921893
--------
nle(id0,id1,dist): 73 77 1.5154846617200046
list:
dist: 1.5154846617200046 vs. 1.5154846617200046
--------
nle(id0,id1,dist): 73 76 1.1089182400530975
list:
dist: 1.1089182400530975 vs. 1.1089182400530975
--------
nle(id0,id1,dist): 72 127 2.2921923300638314
list:
dist: 2.2921923300638314 vs. 2.2921923300638314
--------
nle(id0,id1,dist): 72 128 2.282018928619194
list:
dist: 2.282018928619194 vs. 2.282018928619194
--------
nle(id0,id1,dist): 72 125 1.9700925210839428
list:
dist: 1.9700925210839428 vs. 1.9700925210839428
--------
nle(id0,id1,dist): 73 88 2.90080222548411
list:
dist: 2.90080222548411 vs. 2.90080222548411
--------
nle(id0,id1,dist): 72 126 1.6540259993276578
list:
dist: 1.6540259993276578 vs. 1.6540259993276578
--------
nle(id0,id1,dist): 73 89 2.9439138477588225
list:
dist: 2.9439138477588225 vs. 2.9439138477588225
--------
nle(id0,id1,dist): 72 123 2.6757277137698
list:
dist: 2.6757277137698 vs. 2.6757277137698
--------
nle(id0,id1,dist): 73 86 2.5004300233828913
list:
dist: 2.5004300233828913 vs. 2.5004300233828913
--------
nle(id0,id1,dist): 72 124 2.9546668897130046
list:
dist: 2.9546668897130046 vs. 2.9546668897130046
--------
nle(id0,id1,dist): 73 87 2.226579122592268
list:
dist: 2.226579122592268 vs. 2.226579122592268
--------
nle(id0,id1,dist): 73 84 1.4051826591635443
list:
dist: 1.4051826591635443 vs. 1.4051826591635443
--------
nle(id0,id1,dist): 73 85 2.323933916952043
list:
dist: 2.323933916952043 vs. 2.323933916952043
--------
nle(id0,id1,dist): 72 122 2.24714421542189
list:
dist: 2.24714421542189 vs. 2.24714421542189
--------
nle(id0,id1,dist): 72 135 2.678615724228134
list:
dist: 2.678615724228134 vs. 2.678615724228134
--------
nle(id0,id1,dist): 72 133 3.43488116205652
list:
dist: 3.43488116205652 vs. 3.43488116205652
--------
nle(id0,id1,dist): 72 134 3.8443908844924968
list:
dist: 3.8443908844924968 vs. 3.8443908844924968
--------
nle(id0,id1,dist): 72 131 2.826901100320867
list:
dist: 2.826901100320867 vs. 2.826901100320867
--------
nle(id0,id1,dist): 72 129 2.3712294131629323
list:
dist: 2.3712294131629323 vs. 2.3712294131629323
--------
nle(id0,id1,dist): 71 111 3.8770994604656055
list:
dist: 3.8770994604656055 vs. 3.8770994604656055
--------
nle(id0,id1,dist): 70 148 4.341158013694912
list:
dist: 4.341158013694912 vs. 4.341158013694912
--------
nle(id0,id1,dist): 72 74 1.0229864934451518
list:
dist: 1.0229864934451518 vs. 1.0229864934451518
--------
nle(id0,id1,dist): 70 147 5.050910744644007
list:
dist: 5.050910744644007 vs. 5.050910744644007
--------
nle(id0,id1,dist): 72 73 0.9989280694471613
list:
dist: 0.9989280694471613 vs. 0.9989280694471613
--------
nle(id0,id1,dist): 72 76 2.055584107135465
list:
dist: 2.055584107135465 vs. 2.055584107135465
--------
nle(id0,id1,dist): 72 75 1.566453543648932
list:
dist: 1.566453543648932 vs. 1.566453543648932
--------
nle(id0,id1,dist): 72 78 2.1368512535466757
list:
dist: 2.1368512535466757 vs. 2.1368512535466757
--------
nle(id0,id1,dist): 72 77 2.2077093016277414
list:
dist: 2.2077093016277414 vs. 2.2077093016277414
--------
nle(id0,id1,dist): 72 80 1.0015170098490094
list:
dist: 1.0015170098490094 vs. 1.0015170098490094
--------
nle(id0,id1,dist): 72 79 2.7787486390274805
list:
dist: 2.7787486390274805 vs. 2.7787486390274805
--------
nle(id0,id1,dist): 72 82 1.762202536338553
list:
dist: 1.762202536338553 vs. 1.762202536338553
--------
nle(id0,id1,dist): 72 81 1.3714522991654639
list:
dist: 1.3714522991654639 vs. 1.3714522991654639
--------
nle(id0,id1,dist): 71 121 2.489304157782848
list:
dist: 2.489304157782848 vs. 2.489304157782848
--------
nle(id0,id1,dist): 72 84 2.2614395907481017
list:
dist: 2.2614395907481017 vs. 2.2614395907481017
--------
nle(id0,id1,dist): 71 120 2.021196024585173
list:
dist: 2.021196024585173 vs. 2.021196024585173
--------
nle(id0,id1,dist): 72 83 2.501170426203064
list:
dist: 2.501170426203064 vs. 2.501170426203064
--------
nle(id0,id1,dist): 71 123 2.39653933259459
list:
dist: 2.39653933259459 vs. 2.39653933259459
--------
nle(id0,id1,dist): 72 86 3.0984278666601295
list:
dist: 3.0984278666601295 vs. 3.0984278666601295
--------
nle(id0,id1,dist): 71 122 1.697778161769338
list:
dist: 1.697778161769338 vs. 1.697778161769338
--------
nle(id0,id1,dist): 72 85 2.7188196305851355
list:
dist: 2.7188196305851355 vs. 2.7188196305851355
--------
nle(id0,id1,dist): 71 125 1.968559632378837
list:
dist: 1.968559632378837 vs. 1.968559632378837
--------
nle(id0,id1,dist): 72 88 3.253046941491459
list:
dist: 3.253046941491459 vs. 3.253046941491459
--------
nle(id0,id1,dist): 71 124 2.920185478494271
list:
dist: 2.920185478494271 vs. 2.920185478494271
--------
nle(id0,id1,dist): 72 87 2.864813493963568
list:
dist: 2.864813493963568 vs. 2.864813493963568
--------
nle(id0,id1,dist): 71 126 1.0830708456032547
list:
dist: 1.0830708456032547 vs. 1.0830708456032547
--------
nle(id0,id1,dist): 72 89 3.5185861560762706
list:
dist: 3.5185861560762706 vs. 3.5185861560762706
--------
nle(id0,id1,dist): 71 127 1.6514886941632219
list:
dist: 1.6514886941632219 vs. 1.6514886941632219
--------
nle(id0,id1,dist): 71 128 2.1426876842018436
list:
dist: 2.1426876842018436 vs. 2.1426876842018436
--------
nle(id0,id1,dist): 71 129 2.193641693643094
list:
dist: 2.193641693643094 vs. 2.193641693643094
--------
nle(id0,id1,dist): 71 130 2.8586427931521032
list:
dist: 2.8586427931521032 vs. 2.8586427931521032
--------
nle(id0,id1,dist): 71 131 2.329925065250289
list:
dist: 2.329925065250289 vs. 2.329925065250289
--------
nle(id0,id1,dist): 71 132 3.3386681891633554
list:
dist: 3.3386681891633554 vs. 3.3386681891633554
--------
nle(id0,id1,dist): 71 133 2.940149215680913
list:
dist: 2.940149215680913 vs. 2.940149215680913
--------
nle(id0,id1,dist): 71 134 3.5894515593549556
list:
dist: 3.5894515593549556 vs. 3.5894515593549556
--------
nle(id0,id1,dist): 71 135 2.2050849961996724
list:
dist: 2.2050849961996724 vs. 2.2050849961996724
--------
nle(id0,id1,dist): 71 136 3.2924921008318453
list:
dist: 3.2924921008318453 vs. 3.2924921008318453
--------
nle(id0,id1,dist): 71 137 3.9334658323186664
list:
dist: 3.9334658323186664 vs. 3.9334658323186664
--------
nle(id0,id1,dist): 71 138 3.397308946060855
list:
dist: 3.397308946060855 vs. 3.397308946060855
--------
nle(id0,id1,dist): 71 140 3.0184364315158416
list:
dist: 3.0184364315158416 vs. 3.0184364315158416
--------
nle(id0,id1,dist): 71 81 1.8959390750795964
list:
dist: 1.8959390750795964 vs. 1.8959390750795964
--------
nle(id0,id1,dist): 71 80 1.3770161865470194
list:
dist: 1.3770161865470194 vs. 1.3770161865470194
--------
nle(id0,id1,dist): 71 79 2.9556568595052606
list:
dist: 2.9556568595052606 vs. 2.9556568595052606
--------
nle(id0,id1,dist): 71 78 2.5408142091682615
list:
dist: 2.5408142091682615 vs. 2.5408142091682615
--------
nle(id0,id1,dist): 71 85 3.031369708420092
list:
dist: 3.031369708420092 vs. 3.031369708420092
--------
nle(id0,id1,dist): 70 122 3.072895257217513
list:
dist: 3.072895257217513 vs. 3.072895257217513
--------
nle(id0,id1,dist): 71 84 2.414523950804392
list:
dist: 2.414523950804392 vs. 2.414523950804392
--------
nle(id0,id1,dist): 71 83 2.710238678670045
list:
dist: 2.710238678670045 vs. 2.710238678670045
--------
nle(id0,id1,dist): 70 120 3.4649284662041206
list:
dist: 3.4649284662041206 vs. 3.4649284662041206
--------
nle(id0,id1,dist): 71 82 2.1885131119213552
list:
dist: 2.1885131119213552 vs. 2.1885131119213552
--------
nle(id0,id1,dist): 71 89 3.6788637767434764
list:
dist: 3.6788637767434764 vs. 3.6788637767434764
--------
nle(id0,id1,dist): 70 126 2.5413420158056397
list:
dist: 2.5413420158056397 vs. 2.5413420158056397
--------
nle(id0,id1,dist): 71 88 3.6294276231209905
list:
dist: 3.6294276231209905 vs. 3.6294276231209905
--------
nle(id0,id1,dist): 70 125 3.036000728482188
list:
dist: 3.036000728482188 vs. 3.036000728482188
--------
nle(id0,id1,dist): 70 124 3.7898841145194493
list:
dist: 3.7898841145194493 vs. 3.7898841145194493
--------
nle(id0,id1,dist): 71 86 3.4356504688580194
list:
dist: 3.4356504688580194 vs. 3.4356504688580194
--------
nle(id0,id1,dist): 70 123 3.7294702140989124
list:
dist: 3.7294702140989124 vs. 3.7294702140989124
--------
nle(id0,id1,dist): 70 129 2.909874889789144
list:
dist: 2.909874889789144 vs. 2.909874889789144
--------
nle(id0,id1,dist): 70 128 2.7224804806994913
list:
dist: 2.7224804806994913 vs. 2.7224804806994913
--------
nle(id0,id1,dist): 70 127 2.9388125702734014
list:
dist: 2.9388125702734014 vs. 2.9388125702734014
--------
nle(id0,id1,dist): 70 133 4.019513388328381
list:
dist: 4.019513388328381 vs. 4.019513388328381
--------
nle(id0,id1,dist): 70 134 4.519785177450607
list:
dist: 4.519785177450607 vs. 4.519785177450607
--------
nle(id0,id1,dist): 70 131 3.6225961124675754
list:
dist: 3.6225961124675754 vs. 3.6225961124675754
--------
nle(id0,id1,dist): 70 137 4.794183239881414
list:
dist: 4.794183239881414 vs. 4.794183239881414
--------
nle(id0,id1,dist): 70 138 3.795334311856693
list:
dist: 3.795334311856693 vs. 3.795334311856693
--------
nle(id0,id1,dist): 70 135 3.0315540173864837
list:
dist: 3.0315540173864837 vs. 3.0315540173864837
--------
nle(id0,id1,dist): 70 136 3.7592658095528826
list:
dist: 3.7592658095528826 vs. 3.7592658095528826
--------
nle(id0,id1,dist): 70 142 4.770726303080764
list:
dist: 4.770726303080764 vs. 4.770726303080764
--------
nle(id0,id1,dist): 70 140 3.902373721249142
list:
dist: 3.902373721249142 vs. 3.902373721249142
--------
nle(id0,id1,dist): 70 145 4.638453687091667
list:
dist: 4.638453687091667 vs. 4.638453687091667
--------
nle(id0,id1,dist): 70 146 4.419556457549508
list:
dist: 4.419556457549508 vs. 4.419556457549508
--------
nle(id0,id1,dist): 70 144 3.782834983324346
list:
dist: 3.782834983324346 vs. 3.782834983324346
--------
nle(id0,id1,dist): 76 129 1.9730046159126335
list:
dist: 1.9730046159126335 vs. 1.9730046159126335
--------
nle(id0,id1,dist): 76 131 2.5716452181573555
list:
dist: 2.5716452181573555 vs. 2.5716452181573555
--------
nle(id0,id1,dist): 76 125 2.7379960606787255
list:
dist: 2.7379960606787255 vs. 2.7379960606787255
--------
nle(id0,id1,dist): 77 88 2.16466285269339
list:
dist: 2.16466285269339 vs. 2.16466285269339
--------
nle(id0,id1,dist): 77 89 2.183865455422449
list:
dist: 2.183865455422449 vs. 2.183865455422449
--------
nle(id0,id1,dist): 76 126 1.8905031189667494
list:
dist: 1.8905031189667494 vs. 1.8905031189667494
--------
nle(id0,id1,dist): 76 127 1.7913693653936693
list:
dist: 1.7913693653936693 vs. 1.7913693653936693
--------
nle(id0,id1,dist): 76 128 1.7848739085482879
list:
dist: 1.7848739085482879 vs. 1.7848739085482879
--------
nle(id0,id1,dist): 77 84 0.656819964633692
list:
dist: 0.656819964633692 vs. 0.656819964633692
--------
nle(id0,id1,dist): 77 85 1.783364526307219
list:
dist: 1.783364526307219 vs. 1.783364526307219
--------
nle(id0,id1,dist): 76 122 2.1506774876129313
list:
dist: 2.1506774876129313 vs. 2.1506774876129313
--------
nle(id0,id1,dist): 77 86 1.376762371549509
list:
dist: 1.376762371549509 vs. 1.376762371549509
--------
nle(id0,id1,dist): 76 123 3.1224676695931053
list:
dist: 3.1224676695931053 vs. 3.1224676695931053
--------
nle(id0,id1,dist): 76 124 3.1500948563837103
list:
dist: 3.1500948563837103 vs. 3.1500948563837103
--------
nle(id0,id1,dist): 77 87 0.8093115765854986
list:
dist: 0.8093115765854986 vs. 0.8093115765854986
--------
nle(id0,id1,dist): 77 80 1.8289218360014212
list:
dist: 1.8289218360014212 vs. 1.8289218360014212
--------
nle(id0,id1,dist): 77 81 0.9130171250703875
list:
dist: 0.9130171250703875 vs. 0.9130171250703875
--------
nle(id0,id1,dist): 77 82 1.2132921362568272
list:
dist: 1.2132921362568272 vs. 1.2132921362568272
--------
nle(id0,id1,dist): 77 83 1.9592459486023157
list:
dist: 1.9592459486023157 vs. 1.9592459486023157
--------
nle(id0,id1,dist): 76 120 2.938065157404251
list:
dist: 2.938065157404251 vs. 2.938065157404251
--------
nle(id0,id1,dist): 76 146 2.987198954395184
list:
dist: 2.987198954395184 vs. 2.987198954395184
--------
nle(id0,id1,dist): 76 145 3.358900293200773
list:
dist: 3.358900293200773 vs. 3.358900293200773
--------
nle(id0,id1,dist): 77 111 3.4111320936170864
list:
dist: 3.4111320936170864 vs. 3.4111320936170864
--------
nle(id0,id1,dist): 76 148 3.334460242879492
list:
dist: 3.334460242879492 vs. 3.334460242879492
--------
nle(id0,id1,dist): 76 147 3.5431600516544965
list:
dist: 3.5431600516544965 vs. 3.5431600516544965
--------
nle(id0,id1,dist): 76 142 3.5603847232884616
list:
dist: 3.5603847232884616 vs. 3.5603847232884616
--------
nle(id0,id1,dist): 76 144 2.1690837275899235
list:
dist: 2.1690837275899235 vs. 2.1690837275899235
--------
nle(id0,id1,dist): 76 138 2.6953589964093125
list:
dist: 2.6953589964093125 vs. 2.6953589964093125
--------
nle(id0,id1,dist): 76 137 3.4255413620124946
list:
dist: 3.4255413620124946 vs. 3.4255413620124946
--------
nle(id0,id1,dist): 76 140 2.8965268578605223
list:
dist: 2.8965268578605223 vs. 2.8965268578605223
--------
nle(id0,id1,dist): 76 134 3.45785913118919
list:
dist: 3.45785913118919 vs. 3.45785913118919
--------
nle(id0,id1,dist): 76 133 2.7021249837531314
list:
dist: 2.7021249837531314 vs. 2.7021249837531314
--------
nle(id0,id1,dist): 76 136 2.36817786206799
list:
dist: 2.36817786206799 vs. 2.36817786206799
--------
nle(id0,id1,dist): 76 135 1.626364900346282
list:
dist: 1.626364900346282 vs. 1.626364900346282
--------
nle(id0,id1,dist): 75 136 2.4692232891035504
list:
dist: 2.4692232891035504 vs. 2.4692232891035504
--------
nle(id0,id1,dist): 75 137 3.552547990309648
list:
dist: 3.552547990309648 vs. 3.552547990309648
--------
nle(id0,id1,dist): 75 134 3.3519781418814447
list:
dist: 3.3519781418814447 vs. 3.3519781418814447
--------
nle(id0,id1,dist): 75 135 1.8914222057146013
list:
dist: 1.8914222057146013 vs. 1.8914222057146013
--------
nle(id0,id1,dist): 75 133 2.8955823172916215
list:
dist: 2.8955823172916215 vs. 2.8955823172916215
--------
nle(id0,id1,dist): 75 131 2.6754473053247887
list:
dist: 2.6754473053247887 vs. 2.6754473053247887
--------
nle(id0,id1,dist): 75 128 1.5256378335531509
list:
dist: 1.5256378335531509 vs. 1.5256378335531509
--------
nle(id0,id1,dist): 75 129 1.7539235499715171
list:
dist: 1.7539235499715171 vs. 1.7539235499715171
--------
nle(id0,id1,dist): 75 126 1.9414139928981788
list:
dist: 1.9414139928981788 vs. 1.9414139928981788
--------
nle(id0,id1,dist): 76 89 2.7785000692916944
list:
dist: 2.7785000692916944 vs. 2.7785000692916944
--------
nle(id0,id1,dist): 75 127 2.068400538442928
list:
dist: 2.068400538442928 vs. 2.068400538442928
--------
nle(id0,id1,dist): 75 124 2.7814599482652347
list:
dist: 2.7814599482652347 vs. 2.7814599482652347
--------
nle(id0,id1,dist): 76 87 2.318947690443715
list:
dist: 2.318947690443715 vs. 2.318947690443715
--------
nle(id0,id1,dist): 75 125 2.3595348139799035
list:
dist: 2.3595348139799035 vs. 2.3595348139799035
--------
nle(id0,id1,dist): 76 88 3.064396873496764
list:
dist: 3.064396873496764 vs. 3.064396873496764
--------
nle(id0,id1,dist): 76 85 2.491128969471546
list:
dist: 2.491128969471546 vs. 2.491128969471546
--------
nle(id0,id1,dist): 75 122 2.261473290802593
list:
dist: 2.261473290802593 vs. 2.261473290802593
--------
nle(id0,id1,dist): 75 123 2.9785363589710543
list:
dist: 2.9785363589710543 vs. 2.9785363589710543
--------
nle(id0,id1,dist): 76 86 2.505410966042575
list:
dist: 2.505410966042575 vs. 2.505410966042575
--------
nle(id0,id1,dist): 77 79 0.791329804117705
list:
dist: 0.791329804117705 vs. 0.791329804117705
--------
nle(id0,id1,dist): 77 78 0.08164071468731728
list:
dist: 0.08164071468731728 vs. 0.08164071468731728
--------
nle(id0,id1,dist): 75 148 3.0725258630211556
list:
dist: 3.0725258630211556 vs. 3.0725258630211556
--------
nle(id0,id1,dist): 76 111 2.3784369689428364
list:
dist: 2.3784369689428364 vs. 2.3784369689428364
--------
nle(id0,id1,dist): 75 147 3.7708687186605183
list:
dist: 3.7708687186605183 vs. 3.7708687186605183
--------
nle(id0,id1,dist): 75 146 3.1375316271834377
list:
dist: 3.1375316271834377 vs. 3.1375316271834377
--------
nle(id0,id1,dist): 75 145 3.3379510894307667
list:
dist: 3.3379510894307667 vs. 3.3379510894307667
--------
nle(id0,id1,dist): 75 144 2.7013068119326347
list:
dist: 2.7013068119326347 vs. 2.7013068119326347
--------
nle(id0,id1,dist): 75 142 3.55035271417076
list:
dist: 3.55035271417076 vs. 3.55035271417076
--------
nle(id0,id1,dist): 75 140 2.7479133775075386
list:
dist: 2.7479133775075386 vs. 2.7479133775075386
--------
nle(id0,id1,dist): 75 138 2.4938152536426212
list:
dist: 2.4938152536426212 vs. 2.4938152536426212
--------
nle(id0,id1,dist): 74 135 2.9712544834705428
list:
dist: 2.9712544834705428 vs. 2.9712544834705428
--------
nle(id0,id1,dist): 74 137 4.605708240429899
list:
dist: 4.605708240429899 vs. 4.605708240429899
--------
nle(id0,id1,dist): 74 138 3.5367575860590246
list:
dist: 3.5367575860590246 vs. 3.5367575860590246
--------
nle(id0,id1,dist): 74 140 3.5889384636288133
list:
dist: 3.5889384636288133 vs. 3.5889384636288133
--------
nle(id0,id1,dist): 74 142 4.5034071954841135
list:
dist: 4.5034071954841135 vs. 4.5034071954841135
--------
nle(id0,id1,dist): 74 127 2.869200530644349
list:
dist: 2.869200530644349 vs. 2.869200530644349
--------
nle(id0,id1,dist): 74 128 2.475153033683874
list:
dist: 2.475153033683874 vs. 2.475153033683874
--------
nle(id0,id1,dist): 74 129 2.644283268264605
list:
dist: 2.644283268264605 vs. 2.644283268264605
--------
nle(id0,id1,dist): 74 131 3.423367964560387
list:
dist: 3.423367964560387 vs. 3.423367964560387
--------
nle(id0,id1,dist): 74 133 3.8622411318234837
list:
dist: 3.8622411318234837 vs. 3.8622411318234837
--------
nle(id0,id1,dist): 74 134 4.2002827233855875
list:
dist: 4.2002827233855875 vs. 4.2002827233855875
--------
nle(id0,id1,dist): 76 78 1.6983018942989345
list:
dist: 1.6983018942989345 vs. 1.6983018942989345
--------
nle(id0,id1,dist): 76 77 1.753560048691534
list:
dist: 1.753560048691534 vs. 1.753560048691534
--------
nle(id0,id1,dist): 76 80 1.787625858131727
list:
dist: 1.787625858131727 vs. 1.787625858131727
--------
nle(id0,id1,dist): 76 79 1.6657227419798366
list:
dist: 1.6657227419798366 vs. 1.6657227419798366
--------
nle(id0,id1,dist): 76 82 1.8775419061017093
list:
dist: 1.8775419061017093 vs. 1.8775419061017093
--------
nle(id0,id1,dist): 76 81 1.6266156308944495
list:
dist: 1.6266156308944495 vs. 1.6266156308944495
--------
nle(id0,id1,dist): 76 84 1.2801873502075878
list:
dist: 1.2801873502075878 vs. 1.2801873502075878
--------
nle(id0,id1,dist): 76 83 2.3184763569826354
list:
dist: 2.3184763569826354 vs. 2.3184763569826354
--------
nle(id0,id1,dist): 75 120 2.843743670673931
list:
dist: 2.843743670673931 vs. 2.843743670673931
--------
nle(id0,id1,dist): 75 111 3.18641742734045
list:
dist: 3.18641742734045 vs. 3.18641742734045
--------
nle(id0,id1,dist): 74 148 4.003628254421527
list:
dist: 4.003628254421527 vs. 4.003628254421527
--------
nle(id0,id1,dist): 73 142 3.8599431017661114
list:
dist: 3.8599431017661114 vs. 3.8599431017661114
--------
nle(id0,id1,dist): 73 140 2.9983248180270787
list:
dist: 2.9983248180270787 vs. 2.9983248180270787
--------
nle(id0,id1,dist): 73 146 3.6739177849512554
list:
dist: 3.6739177849512554 vs. 3.6739177849512554
--------
nle(id0,id1,dist): 73 147 4.2227149714121905
list:
dist: 4.2227149714121905 vs. 4.2227149714121905
--------
nle(id0,id1,dist): 73 144 2.8650618522302005
list:
dist: 2.8650618522302005 vs. 2.8650618522302005
--------
nle(id0,id1,dist): 73 145 3.799137421925115
list:
dist: 3.799137421925115 vs. 3.799137421925115
--------
nle(id0,id1,dist): 73 134 3.6130535176460996
list:
dist: 3.6130535176460996 vs. 3.6130535176460996
--------
nle(id0,id1,dist): 73 135 2.0990556998804597
list:
dist: 2.0990556998804597 vs. 2.0990556998804597
--------
nle(id0,id1,dist): 73 133 3.0636768365891855
list:
dist: 3.0636768365891855 vs. 3.0636768365891855
--------
nle(id0,id1,dist): 73 138 2.997410623621093
list:
dist: 2.997410623621093 vs. 2.997410623621093
--------
nle(id0,id1,dist): 73 136 2.9338078315226865
list:
dist: 2.9338078315226865 vs. 2.9338078315226865
--------
nle(id0,id1,dist): 73 137 3.880801809655702
list:
dist: 3.880801809655702 vs. 3.880801809655702
--------
nle(id0,id1,dist): 75 85 1.7270529311952318
list:
dist: 1.7270529311952318 vs. 1.7270529311952318
--------
nle(id0,id1,dist): 74 122 2.911984387279641
list:
dist: 2.911984387279641 vs. 2.911984387279641
--------
nle(id0,id1,dist): 75 84 0.7057608225297262
list:
dist: 0.7057608225297262 vs. 0.7057608225297262
--------
nle(id0,id1,dist): 75 83 1.6540426857491994
list:
dist: 1.6540426857491994 vs. 1.6540426857491994
--------
nle(id0,id1,dist): 74 120 3.1715231926962226
list:
dist: 3.1715231926962226 vs. 3.1715231926962226
--------
nle(id0,id1,dist): 75 82 0.9061705181654178
list:
dist: 0.9061705181654178 vs. 0.9061705181654178
--------
nle(id0,id1,dist): 74 126 2.406392215010867
list:
dist: 2.406392215010867 vs. 2.406392215010867
--------
nle(id0,id1,dist): 75 89 2.2655894459576476
list:
dist: 2.2655894459576476 vs. 2.2655894459576476
--------
nle(id0,id1,dist): 74 125 2.6136246473496114
list:
dist: 2.6136246473496114 vs. 2.6136246473496114
--------
nle(id0,id1,dist): 75 88 2.283390313845929
list:
dist: 2.283390313845929 vs. 2.283390313845929
--------
nle(id0,id1,dist): 74 124 3.352527220897762
list:
dist: 3.352527220897762 vs. 3.352527220897762
--------
nle(id0,id1,dist): 75 87 1.5352229739761039
list:
dist: 1.5352229739761039 vs. 1.5352229739761039
--------
nle(id0,id1,dist): 74 123 3.390945595114519
list:
dist: 3.390945595114519 vs. 3.390945595114519
--------
nle(id0,id1,dist): 75 86 1.7773969636577025
list:
dist: 1.7773969636577025 vs. 1.7773969636577025
--------
nle(id0,id1,dist): 75 77 0.9235294556151776
list:
dist: 0.9235294556151776 vs. 0.9235294556151776
--------
nle(id0,id1,dist): 75 76 1.0819702069353647
list:
dist: 1.0819702069353647 vs. 1.0819702069353647
--------
nle(id0,id1,dist): 73 148 3.5323314267069614
list:
dist: 3.5323314267069614 vs. 3.5323314267069614
--------
nle(id0,id1,dist): 75 81 0.5695004233333549
list:
dist: 0.5695004233333549 vs. 0.5695004233333549
--------
nle(id0,id1,dist): 75 80 1.1045515496418066
list:
dist: 1.1045515496418066 vs. 1.1045515496418066
--------
nle(id0,id1,dist): 75 79 1.3265010406211997
list:
dist: 1.3265010406211997 vs. 1.3265010406211997
--------
nle(id0,id1,dist): 75 78 0.8630855068744202
list:
dist: 0.8630855068744202 vs. 0.8630855068744202
--------
nle(id0,id1,dist): 118 147 3.7999978730180155
list:
dist: 3.7999978730180155 vs. 3.7999978730180155
--------
nle(id0,id1,dist): 118 144 3.969233465862831
list:
dist: 3.969233465862831 vs. 3.969233465862831
--------
nle(id0,id1,dist): 118 146 3.3023054184810285
list:
dist: 3.3023054184810285 vs. 3.3023054184810285
--------
nle(id0,id1,dist): 118 145 4.428002901432032
list:
dist: 4.428002901432032 vs. 4.428002901432032
--------
nle(id0,id1,dist): 118 136 3.764741044708314
list:
dist: 3.764741044708314 vs. 3.764741044708314
--------
nle(id0,id1,dist): 119 146 3.964701418196014
list:
dist: 3.964701418196014 vs. 3.964701418196014
--------
nle(id0,id1,dist): 119 147 4.463527633003553
list:
dist: 4.463527633003553 vs. 4.463527633003553
--------
nle(id0,id1,dist): 119 144 4.880786513098764
list:
dist: 4.880786513098764 vs. 4.880786513098764
--------
nle(id0,id1,dist): 119 145 5.103573497164381
list:
dist: 5.103573497164381 vs. 5.103573497164381
--------
nle(id0,id1,dist): 119 136 4.533787183764762
list:
dist: 4.533787183764762 vs. 4.533787183764762
--------
nle(id0,id1,dist): 120 148 2.90729460277278
list:
dist: 2.90729460277278 vs. 2.90729460277278
--------
nle(id0,id1,dist): 120 137 2.9217127159755787
list:
dist: 2.9217127159755787 vs. 2.9217127159755787
--------
nle(id0,id1,dist): 120 138 2.8478216917453367
list:
dist: 2.8478216917453367 vs. 2.8478216917453367
--------
nle(id0,id1,dist): 120 140 1.855023941572452
list:
dist: 1.855023941572452 vs. 1.855023941572452
--------
nle(id0,id1,dist): 120 142 2.657611115676802
list:
dist: 2.657611115676802 vs. 2.657611115676802
--------
nle(id0,id1,dist): 120 130 1.4451677720049598
list:
dist: 1.4451677720049598 vs. 1.4451677720049598
--------
nle(id0,id1,dist): 120 129 1.7471589828249596
list:
dist: 1.7471589828249596 vs. 1.7471589828249596
--------
nle(id0,id1,dist): 120 132 1.43563229840881
list:
dist: 1.43563229840881 vs. 1.43563229840881
--------
nle(id0,id1,dist): 120 131 1.119262015053543
list:
dist: 1.119262015053543 vs. 1.119262015053543
--------
nle(id0,id1,dist): 120 134 2.2260560695474054
list:
dist: 2.2260560695474054 vs. 2.2260560695474054
--------
nle(id0,id1,dist): 120 133 1.971439514474597
list:
dist: 1.971439514474597 vs. 1.971439514474597
--------
nle(id0,id1,dist): 120 135 2.086746326298764
list:
dist: 2.086746326298764 vs. 2.086746326298764
--------
nle(id0,id1,dist): 120 122 0.9336357061647623
list:
dist: 0.9336357061647623 vs. 0.9336357061647623
--------
nle(id0,id1,dist): 120 121 0.9908105148748761
list:
dist: 0.9908105148748761 vs. 0.9908105148748761
--------
nle(id0,id1,dist): 120 124 1.5323707092251844
list:
dist: 1.5323707092251844 vs. 1.5323707092251844
--------
nle(id0,id1,dist): 120 123 0.46714856025304347
list:
dist: 0.46714856025304347 vs. 0.46714856025304347
--------
nle(id0,id1,dist): 120 126 1.0858253401306748
list:
dist: 1.0858253401306748 vs. 1.0858253401306748
--------
nle(id0,id1,dist): 120 125 0.8168618982947271
list:
dist: 0.8168618982947271 vs. 0.8168618982947271
--------
nle(id0,id1,dist): 120 128 1.935906642761504
list:
dist: 1.935906642761504 vs. 1.935906642761504
--------
nle(id0,id1,dist): 120 127 1.3902452839717525
list:
dist: 1.3902452839717525 vs. 1.3902452839717525
--------
nle(id0,id1,dist): 121 142 3.258389060695283
list:
dist: 3.258389060695283 vs. 3.258389060695283
--------
nle(id0,id1,dist): 121 140 2.639869781248134
list:
dist: 2.639869781248134 vs. 2.639869781248134
--------
nle(id0,id1,dist): 121 134 2.8734609067813914
list:
dist: 2.8734609067813914 vs. 2.8734609067813914
--------
nle(id0,id1,dist): 121 135 2.8183054575719644
list:
dist: 2.8183054575719644 vs. 2.8183054575719644
--------
nle(id0,id1,dist): 121 132 1.7712489866363157
list:
dist: 1.7712489866363157 vs. 1.7712489866363157
--------
nle(id0,id1,dist): 121 133 2.5484694945395088
list:
dist: 2.5484694945395088 vs. 2.5484694945395088
--------
nle(id0,id1,dist): 121 138 3.7040662184137996
list:
dist: 3.7040662184137996 vs. 3.7040662184137996
--------
nle(id0,id1,dist): 121 137 3.4910814111850157
list:
dist: 3.4910814111850157 vs. 3.4910814111850157
--------
nle(id0,id1,dist): 121 127 2.026615241069891
list:
dist: 2.026615241069891 vs. 2.026615241069891
--------
nle(id0,id1,dist): 121 126 1.766759459736277
list:
dist: 1.766759459736277 vs. 1.766759459736277
--------
nle(id0,id1,dist): 121 125 1.7700786573709812
list:
dist: 1.7700786573709812 vs. 1.7700786573709812
--------
nle(id0,id1,dist): 121 124 2.394201018035472
list:
dist: 2.394201018035472 vs. 2.394201018035472
--------
nle(id0,id1,dist): 121 131 1.7563314896309516
list:
dist: 1.7563314896309516 vs. 1.7563314896309516
--------
nle(id0,id1,dist): 121 130 1.8433472839821907
list:
dist: 1.8433472839821907 vs. 1.8433472839821907
--------
nle(id0,id1,dist): 121 129 2.661309527449795
list:
dist: 2.661309527449795 vs. 2.661309527449795
--------
nle(id0,id1,dist): 121 128 2.8526318776258788
list:
dist: 2.8526318776258788 vs. 2.8526318776258788
--------
nle(id0,id1,dist): 121 123 1.2370327435296398
list:
dist: 1.2370327435296398 vs. 1.2370327435296398
--------
nle(id0,id1,dist): 121 122 1.6459930662852762
list:
dist: 1.6459930662852762 vs. 1.6459930662852762
--------
nle(id0,id1,dist): 122 132 1.7580058343316833
list:
dist: 1.7580058343316833 vs. 1.7580058343316833
--------
nle(id0,id1,dist): 122 131 0.6342829172001788
list:
dist: 0.6342829172001788 vs. 0.6342829172001788
--------
nle(id0,id1,dist): 122 134 1.9928206765692702
list:
dist: 1.9928206765692702 vs. 1.9928206765692702
--------
nle(id0,id1,dist): 122 133 1.3695621109519573
list:
dist: 1.3695621109519573 vs. 1.3695621109519573
--------
nle(id0,id1,dist): 122 128 1.294506341981127
list:
dist: 1.294506341981127 vs. 1.294506341981127
--------
nle(id0,id1,dist): 122 127 0.4610173297790142
list:
dist: 0.4610173297790142 vs. 0.4610173297790142
--------
nle(id0,id1,dist): 122 130 1.172790587018492
list:
dist: 1.172790587018492 vs. 1.172790587018492
--------
nle(id0,id1,dist): 122 129 1.1405662067393256
list:
dist: 1.1405662067393256 vs. 1.1405662067393256
--------
nle(id0,id1,dist): 122 140 1.5116141320416725
list:
dist: 1.5116141320416725 vs. 1.5116141320416725
--------
nle(id0,id1,dist): 122 142 2.2991484139126275
list:
dist: 2.2991484139126275 vs. 2.2991484139126275
--------
nle(id0,id1,dist): 122 136 2.2310971783824742
list:
dist: 2.2310971783824742 vs. 2.2310971783824742
--------
nle(id0,id1,dist): 122 135 1.2044374538069718
list:
dist: 1.2044374538069718 vs. 1.2044374538069718
--------
nle(id0,id1,dist): 122 138 2.2719084747363443
list:
dist: 2.2719084747363443 vs. 2.2719084747363443
--------
nle(id0,id1,dist): 122 137 2.40970565756544
list:
dist: 2.40970565756544 vs. 2.40970565756544
--------
nle(id0,id1,dist): 121 148 3.7215425814104446
list:
dist: 3.7215425814104446 vs. 3.7215425814104446
--------
nle(id0,id1,dist): 122 123 1.0581040740407808
list:
dist: 1.0581040740407808 vs. 1.0581040740407808
--------
nle(id0,id1,dist): 122 124 1.5840949816549457
list:
dist: 1.5840949816549457 vs. 1.5840949816549457
--------
nle(id0,id1,dist): 122 125 1.1647076094532054
list:
dist: 1.1647076094532054 vs. 1.1647076094532054
--------
nle(id0,id1,dist): 122 126 0.6375479995399632
list:
dist: 0.6375479995399632 vs. 0.6375479995399632
--------
nle(id0,id1,dist): 123 129 1.6402388624738413
list:
dist: 1.6402388624738413 vs. 1.6402388624738413
--------
nle(id0,id1,dist): 123 128 1.8645076734218948
list:
dist: 1.8645076734218948 vs. 1.8645076734218948
--------
nle(id0,id1,dist): 123 127 1.5054052068478143
list:
dist: 1.5054052068478143 vs. 1.5054052068478143
--------
nle(id0,id1,dist): 123 126 1.387111589353347
list:
dist: 1.387111589353347 vs. 1.387111589353347
--------
nle(id0,id1,dist): 123 125 0.8470062105414103
list:
dist: 0.8470062105414103 vs. 0.8470062105414103
--------
nle(id0,id1,dist): 123 124 1.159492206242147
list:
dist: 1.159492206242147 vs. 1.159492206242147
--------
nle(id0,id1,dist): 123 137 2.608967335236381
list:
dist: 2.608967335236381 vs. 2.608967335236381
--------
nle(id0,id1,dist): 123 135 2.0555607650440733
list:
dist: 2.0555607650440733 vs. 2.0555607650440733
--------
nle(id0,id1,dist): 123 134 1.8290833378444364
list:
dist: 1.8290833378444364 vs. 1.8290833378444364
--------
nle(id0,id1,dist): 123 133 1.7529610060454048
list:
dist: 1.7529610060454048 vs. 1.7529610060454048
--------
nle(id0,id1,dist): 123 132 1.0133155705065178
list:
dist: 1.0133155705065178 vs. 1.0133155705065178
--------
nle(id0,id1,dist): 123 131 0.9807948839183334
list:
dist: 0.9807948839183334 vs. 0.9807948839183334
--------
nle(id0,id1,dist): 123 130 1.2113941332600162
list:
dist: 1.2113941332600162 vs. 1.2113941332600162
--------
nle(id0,id1,dist): 122 147 3.221208277332972
list:
dist: 3.221208277332972 vs. 3.221208277332972
--------
nle(id0,id1,dist): 122 148 2.5161060294186908
list:
dist: 2.5161060294186908 vs. 2.5161060294186908
--------
nle(id0,id1,dist): 122 145 2.7229328401466044
list:
dist: 2.7229328401466044 vs. 2.7229328401466044
--------
nle(id0,id1,dist): 122 146 3.1144462380748976
list:
dist: 3.1144462380748976 vs. 3.1144462380748976
--------
nle(id0,id1,dist): 122 144 1.6904034596580542
list:
dist: 1.6904034596580542 vs. 1.6904034596580542
--------
nle(id0,id1,dist): 124 126 1.9504856663016858
list:
dist: 1.9504856663016858 vs. 1.9504856663016858
--------
nle(id0,id1,dist): 124 125 1.1784411550724807
list:
dist: 1.1784411550724807 vs. 1.1784411550724807
--------
nle(id0,id1,dist): 124 128 1.4373991919323448
list:
dist: 1.4373991919323448 vs. 1.4373991919323448
--------
nle(id0,id1,dist): 124 127 1.8563212270192542
list:
dist: 1.8563212270192542 vs. 1.8563212270192542
--------
nle(id0,id1,dist): 124 130 1.5171400151709273
list:
dist: 1.5171400151709273 vs. 1.5171400151709273
--------
nle(id0,id1,dist): 124 129 1.220161755063346
list:
dist: 1.220161755063346 vs. 1.220161755063346
--------
nle(id0,id1,dist): 124 132 1.2760284783501807
list:
dist: 1.2760284783501807 vs. 1.2760284783501807
--------
nle(id0,id1,dist): 124 131 1.3161692897947863
list:
dist: 1.3161692897947863 vs. 1.3161692897947863
--------
nle(id0,id1,dist): 123 138 2.5983092697245507
list:
dist: 2.5983092697245507 vs. 2.5983092697245507
--------
nle(id0,id1,dist): 123 139 2.730954895106426
list:
dist: 2.730954895106426 vs. 2.730954895106426
--------
nle(id0,id1,dist): 123 140 1.5217410996605776
list:
dist: 1.5217410996605776 vs. 1.5217410996605776
--------
nle(id0,id1,dist): 123 141 3.216480317116558
list:
dist: 3.216480317116558 vs. 3.216480317116558
--------
nle(id0,id1,dist): 123 142 2.288971233445426
list:
dist: 2.288971233445426 vs. 2.288971233445426
--------
nle(id0,id1,dist): 123 143 2.935239505998316
list:
dist: 2.935239505998316 vs. 2.935239505998316
--------
nle(id0,id1,dist): 123 148 2.5648825243562197
list:
dist: 2.5648825243562197 vs. 2.5648825243562197
--------
nle(id0,id1,dist): 123 149 3.440070768545671
list:
dist: 3.440070768545671 vs. 3.440070768545671
--------
nle(id0,id1,dist): 124 149 2.3979050653001055
list:
dist: 2.3979050653001055 vs. 2.3979050653001055
--------
nle(id0,id1,dist): 125 127 1.542780556999874
list:
dist: 1.542780556999874 vs. 1.542780556999874
--------
nle(id0,id1,dist): 125 126 1.1518699035772098
list:
dist: 1.1518699035772098 vs. 1.1518699035772098
--------
nle(id0,id1,dist): 124 135 1.9069023996025403
list:
dist: 1.9069023996025403 vs. 1.9069023996025403
--------
nle(id0,id1,dist): 124 136 2.2023058873247545
list:
dist: 2.2023058873247545 vs. 2.2023058873247545
--------
nle(id0,id1,dist): 124 133 1.5956325477533537
list:
dist: 1.5956325477533537 vs. 1.5956325477533537
--------
nle(id0,id1,dist): 124 134 1.155926560112607
list:
dist: 1.155926560112607 vs. 1.155926560112607
--------
nle(id0,id1,dist): 124 139 1.5814896177029334
list:
dist: 1.5814896177029334 vs. 1.5814896177029334
--------
nle(id0,id1,dist): 124 140 0.8193692372588642
list:
dist: 0.8193692372588642 vs. 0.8193692372588642
--------
nle(id0,id1,dist): 124 137 2.076720994570599
list:
dist: 2.076720994570599 vs. 2.076720994570599
--------
nle(id0,id1,dist): 124 138 1.7378873930784569
list:
dist: 1.7378873930784569 vs. 1.7378873930784569
--------
nle(id0,id1,dist): 124 143 1.805700557838162
list:
dist: 1.805700557838162 vs. 1.805700557838162
--------
nle(id0,id1,dist): 124 144 2.4519388230209676
list:
dist: 2.4519388230209676 vs. 2.4519388230209676
--------
nle(id0,id1,dist): 124 141 2.377074024369476
list:
dist: 2.377074024369476 vs. 2.377074024369476
--------
nle(id0,id1,dist): 124 142 1.6569835244659477
list:
dist: 1.6569835244659477 vs. 1.6569835244659477
--------
nle(id0,id1,dist): 124 147 3.039266225581948
list:
dist: 3.039266225581948 vs. 3.039266225581948
--------
nle(id0,id1,dist): 124 148 1.566467971614026
list:
dist: 1.566467971614026 vs. 1.566467971614026
--------
nle(id0,id1,dist): 124 145 2.17159593660411
list:
dist: 2.17159593660411 vs. 2.17159593660411
--------
nle(id0,id1,dist): 124 146 2.9852817844721153
list:
dist: 2.9852817844721153 vs. 2.9852817844721153
--------
nle(id0,id1,dist): 111 148 3.921735226976163
list:
dist: 3.921735226976163 vs. 3.921735226976163
--------
nle(id0,id1,dist): 111 147 2.9592685469988105
list:
dist: 2.9592685469988105 vs. 2.9592685469988105
--------
nle(id0,id1,dist): 111 146 2.5019594898642445
list:
dist: 2.5019594898642445 vs. 2.5019594898642445
--------
nle(id0,id1,dist): 111 145 3.4468364498347412
list:
dist: 3.4468364498347412 vs. 3.4468364498347412
--------
nle(id0,id1,dist): 111 144 2.430197707037609
list:
dist: 2.430197707037609 vs. 2.430197707037609
--------
nle(id0,id1,dist): 111 142 3.985968381051039
list:
dist: 3.985968381051039 vs. 3.985968381051039
--------
nle(id0,id1,dist): 111 140 3.8921309902827326
list:
dist: 3.8921309902827326 vs. 3.8921309902827326
--------
nle(id0,id1,dist): 111 138 3.2887143942662522
list:
dist: 3.2887143942662522 vs. 3.2887143942662522
--------
nle(id0,id1,dist): 111 137 3.5550223560334993
list:
dist: 3.5550223560334993 vs. 3.5550223560334993
--------
nle(id0,id1,dist): 111 136 2.598095357961278
list:
dist: 2.598095357961278 vs. 2.598095357961278
--------
nle(id0,id1,dist): 111 135 2.684575437391294
list:
dist: 2.684575437391294 vs. 2.684575437391294
--------
nle(id0,id1,dist): 111 134 4.202042607636262
list:
dist: 4.202042607636262 vs. 4.202042607636262
--------
nle(id0,id1,dist): 112 119 2.7032842574273657
list:
dist: 2.7032842574273657 vs. 2.7032842574273657
--------
nle(id0,id1,dist): 112 117 1.4146674658743217
list:
dist: 1.4146674658743217 vs. 1.4146674658743217
--------
nle(id0,id1,dist): 112 118 1.751915190937441
list:
dist: 1.751915190937441 vs. 1.751915190937441
--------
nle(id0,id1,dist): 112 115 0.8263520263955814
list:
dist: 0.8263520263955814 vs. 0.8263520263955814
--------
nle(id0,id1,dist): 112 116 0.8269493545640545
list:
dist: 0.8269493545640545 vs. 0.8269493545640545
--------
nle(id0,id1,dist): 112 113 0.9603193915112144
list:
dist: 0.9603193915112144 vs. 0.9603193915112144
--------
nle(id0,id1,dist): 112 114 0.7044822915294595
list:
dist: 0.7044822915294595 vs. 0.7044822915294595
--------
nle(id0,id1,dist): 112 144 2.6737905555497288
list:
dist: 2.6737905555497288 vs. 2.6737905555497288
--------
nle(id0,id1,dist): 112 136 3.0072485116099927
list:
dist: 3.0072485116099927 vs. 3.0072485116099927
--------
nle(id0,id1,dist): 113 116 1.2649282027839974
list:
dist: 1.2649282027839974 vs. 1.2649282027839974
--------
nle(id0,id1,dist): 113 117 1.769437157788639
list:
dist: 1.769437157788639 vs. 1.769437157788639
--------
nle(id0,id1,dist): 113 118 1.7449511252941776
list:
dist: 1.7449511252941776 vs. 1.7449511252941776
--------
nle(id0,id1,dist): 113 119 2.5931142701824643
list:
dist: 2.5931142701824643 vs. 2.5931142701824643
--------
nle(id0,id1,dist): 113 114 1.1312358570744128
list:
dist: 1.1312358570744128 vs. 1.1312358570744128
--------
nle(id0,id1,dist): 113 115 1.4812322014907695
list:
dist: 1.4812322014907695 vs. 1.4812322014907695
--------
nle(id0,id1,dist): 112 145 3.7196258508960236
list:
dist: 3.7196258508960236 vs. 3.7196258508960236
--------
nle(id0,id1,dist): 112 146 2.801295653792912
list:
dist: 2.801295653792912 vs. 2.801295653792912
--------
nle(id0,id1,dist): 112 147 3.059841524068961
list:
dist: 3.059841524068961 vs. 3.059841524068961
--------
nle(id0,id1,dist): 113 136 3.8984325031248312
list:
dist: 3.8984325031248312 vs. 3.8984325031248312
--------
nle(id0,id1,dist): 114 117 1.046644076380596
list:
dist: 1.046644076380596 vs. 1.046644076380596
--------
nle(id0,id1,dist): 114 118 1.2471082200478023
list:
dist: 1.2471082200478023 vs. 1.2471082200478023
--------
nle(id0,id1,dist): 114 115 0.5530129642583148
list:
dist: 0.5530129642583148 vs. 0.5530129642583148
--------
nle(id0,id1,dist): 114 116 0.14587122605918204
list:
dist: 0.14587122605918204 vs. 0.14587122605918204
--------
nle(id0,id1,dist): 113 146 3.7171807647705353
list:
dist: 3.7171807647705353 vs. 3.7171807647705353
--------
nle(id0,id1,dist): 113 147 4.0167374559472275
list:
dist: 4.0167374559472275 vs. 4.0167374559472275
--------
nle(id0,id1,dist): 113 144 3.5119138476389353
list:
dist: 3.5119138476389353 vs. 3.5119138476389353
--------
nle(id0,id1,dist): 113 145 4.661096879568738
list:
dist: 4.661096879568738 vs. 4.661096879568738
--------
nle(id0,id1,dist): 114 119 2.2392034293614693
list:
dist: 2.2392034293614693 vs. 2.2392034293614693
--------
nle(id0,id1,dist): 114 144 2.868982656186685
list:
dist: 2.868982656186685 vs. 2.868982656186685
--------
nle(id0,id1,dist): 114 145 3.733199094063789
list:
dist: 3.733199094063789 vs. 3.733199094063789
--------
nle(id0,id1,dist): 114 146 2.7140807042519337
list:
dist: 2.7140807042519337 vs. 2.7140807042519337
--------
nle(id0,id1,dist): 114 147 3.1569936725947363
list:
dist: 3.1569936725947363 vs. 3.1569936725947363
--------
nle(id0,id1,dist): 114 136 2.952260148673277
list:
dist: 2.952260148673277 vs. 2.952260148673277
--------
nle(id0,id1,dist): 115 118 1.2158370520255495
list:
dist: 1.2158370520255495 vs. 1.2158370520255495
--------
nle(id0,id1,dist): 115 119 2.138649852255333
list:
dist: 2.138649852255333 vs. 2.138649852255333
--------
nle(id0,id1,dist): 115 116 0.515169895127636
list:
dist: 0.515169895127636 vs. 0.515169895127636
--------
nle(id0,id1,dist): 115 117 0.711721586544453
list:
dist: 0.711721586544453 vs. 0.711721586544453
--------
nle(id0,id1,dist): 115 136 2.7682837016255406
list:
dist: 2.7682837016255406 vs. 2.7682837016255406
--------
nle(id0,id1,dist): 115 145 3.4392984922520666
list:
dist: 3.4392984922520666 vs. 3.4392984922520666
--------
nle(id0,id1,dist): 115 144 2.811128216455835
list:
dist: 2.811128216455835 vs. 2.811128216455835
--------
nle(id0,id1,dist): 115 146 2.3838117650488586
list:
dist: 2.3838117650488586 vs. 2.3838117650488586
--------
nle(id0,id1,dist): 115 147 2.779503721830332
list:
dist: 2.779503721830332 vs. 2.779503721830332
--------
nle(id0,id1,dist): 116 117 0.9809984604166506
list:
dist: 0.9809984604166506 vs. 0.9809984604166506
--------
nle(id0,id1,dist): 116 118 1.1887657577209634
list:
dist: 1.1887657577209634 vs. 1.1887657577209634
--------
nle(id0,id1,dist): 116 119 2.1768248527995677
list:
dist: 2.1768248527995677 vs. 2.1768248527995677
--------
nle(id0,id1,dist): 116 136 2.890800458512882
list:
dist: 2.890800458512882 vs. 2.890800458512882
--------
nle(id0,id1,dist): 116 144 2.8699204928382813
list:
dist: 2.8699204928382813 vs. 2.8699204928382813
--------
nle(id0,id1,dist): 116 147 3.108715992225003
list:
dist: 3.108715992225003 vs. 3.108715992225003
--------
nle(id0,id1,dist): 116 145 3.671963297409975
list:
dist: 3.671963297409975 vs. 3.671963297409975
--------
nle(id0,id1,dist): 116 146 2.636070189099657
list:
dist: 2.636070189099657 vs. 2.636070189099657
--------
nle(id0,id1,dist): 117 118 0.7071768100048997
list:
dist: 0.7071768100048997 vs. 0.7071768100048997
--------
nle(id0,id1,dist): 117 119 1.4776167947519774
list:
dist: 1.4776167947519774 vs. 1.4776167947519774
--------
nle(id0,id1,dist): 117 136 3.2450262734548585
list:
dist: 3.2450262734548585 vs. 3.2450262734548585
--------
nle(id0,id1,dist): 117 144 3.4586451141132106
list:
dist: 3.4586451141132106 vs. 3.4586451141132106
--------
nle(id0,id1,dist): 117 145 3.8334407818376217
list:
dist: 3.8334407818376217 vs. 3.8334407818376217
--------
nle(id0,id1,dist): 117 146 2.7205901971549236
list:
dist: 2.7205901971549236 vs. 2.7205901971549236
--------
nle(id0,id1,dist): 117 147 3.1430931454295585
list:
dist: 3.1430931454295585 vs. 3.1430931454295585
--------
nle(id0,id1,dist): 118 119 0.9929592597488269
list:
dist: 0.9929592597488269 vs. 0.9929592597488269
--------
nle(id0,id1,dist): 106 109 0.9953302853047905
list:
dist: 0.9953302853047905 vs. 0.9953302853047905
--------
nle(id0,id1,dist): 106 108 0.6405431725480446
list:
dist: 0.6405431725480446 vs. 0.6405431725480446
--------
nle(id0,id1,dist): 106 107 1.0630853043682251
list:
dist: 1.0630853043682251 vs. 1.0630853043682251
--------
nle(id0,id1,dist): 105 109 1.9617679829825678
list:
dist: 1.9617679829825678 vs. 1.9617679829825678
--------
nle(id0,id1,dist): 105 108 1.8817362219255163
list:
dist: 1.8817362219255163 vs. 1.8817362219255163
--------
nle(id0,id1,dist): 105 107 1.9778963872290332
list:
dist: 1.9778963872290332 vs. 1.9778963872290332
--------
nle(id0,id1,dist): 105 106 1.627139018077116
list:
dist: 1.627139018077116 vs. 1.627139018077116
--------
nle(id0,id1,dist): 108 109 0.8919849665464075
list:
dist: 0.8919849665464075 vs. 0.8919849665464075
--------
nle(id0,id1,dist): 107 108 0.7740033226592182
list:
dist: 0.7740033226592182 vs. 0.7740033226592182
--------
nle(id0,id1,dist): 107 109 0.3003697071413088
list:
dist: 0.3003697071413088 vs. 0.3003697071413088
--------
nle(id0,id1,dist): 111 124 4.530300958586335
list:
dist: 4.530300958586335 vs. 4.530300958586335
--------
nle(id0,id1,dist): 111 122 3.7190864565297836
list:
dist: 3.7190864565297836 vs. 3.7190864565297836
--------
nle(id0,id1,dist): 111 119 2.7113132356147993
list:
dist: 2.7113132356147993 vs. 2.7113132356147993
--------
nle(id0,id1,dist): 111 118 1.7246377949128608
list:
dist: 1.7246377949128608 vs. 1.7246377949128608
--------
nle(id0,id1,dist): 111 133 3.3789506338676265
list:
dist: 3.3789506338676265 vs. 3.3789506338676265
--------
nle(id0,id1,dist): 111 131 3.8016394141625884
list:
dist: 3.8016394141625884 vs. 3.8016394141625884
--------
nle(id0,id1,dist): 111 129 3.4030880738912845
list:
dist: 3.4030880738912845 vs. 3.4030880738912845
--------
nle(id0,id1,dist): 111 128 3.2612493036904664
list:
dist: 3.2612493036904664 vs. 3.2612493036904664
--------
nle(id0,id1,dist): 111 127 3.264522492350121
list:
dist: 3.264522492350121 vs. 3.264522492350121
--------
nle(id0,id1,dist): 111 126 3.8066125895966625
list:
dist: 3.8066125895966625 vs. 3.8066125895966625
--------
nle(id0,id1,dist): 110 145 4.197517871647436
list:
dist: 4.197517871647436 vs. 4.197517871647436
--------
nle(id0,id1,dist): 110 146 3.3608855017041535
list:
dist: 3.3608855017041535 vs. 3.3608855017041535
--------
nle(id0,id1,dist): 110 144 2.9207236795387685
list:
dist: 2.9207236795387685 vs. 2.9207236795387685
--------
nle(id0,id1,dist): 111 116 0.5415232069508112
list:
dist: 0.5415232069508112 vs. 0.5415232069508112
--------
nle(id0,id1,dist): 111 117 1.4801969693576462
list:
dist: 1.4801969693576462 vs. 1.4801969693576462
--------
nle(id0,id1,dist): 111 114 0.5185362328902824
list:
dist: 0.5185362328902824 vs. 0.5185362328902824
--------
nle(id0,id1,dist): 111 115 0.8578222703501878
list:
dist: 0.8578222703501878 vs. 0.8578222703501878
--------
nle(id0,id1,dist): 111 112 0.8038219693846524
list:
dist: 0.8038219693846524 vs. 0.8038219693846524
--------
nle(id0,id1,dist): 111 113 1.3844927049826041
list:
dist: 1.3844927049826041 vs. 1.3844927049826041
--------
nle(id0,id1,dist): 110 147 3.5527434178181574
list:
dist: 3.5527434178181574 vs. 3.5527434178181574
--------
nle(id0,id1,dist): 110 136 3.4707063146865313
list:
dist: 3.4707063146865313 vs. 3.4707063146865313
--------
nle(id0,id1,dist): 110 111 1.2525601470456438
list:
dist: 1.2525601470456438 vs. 1.2525601470456438
--------
nle(id0,id1,dist): 110 112 0.653771341236386
list:
dist: 0.653771341236386 vs. 0.653771341236386
--------
nle(id0,id1,dist): 110 113 0.7415298024811446
list:
dist: 0.7415298024811446 vs. 0.7415298024811446
--------
nle(id0,id1,dist): 110 114 1.2165812080360954
list:
dist: 1.2165812080360954 vs. 1.2165812080360954
--------
nle(id0,id1,dist): 110 119 3.1017917669366466
list:
dist: 3.1017917669366466 vs. 3.1017917669366466
--------
nle(id0,id1,dist): 110 115 1.4623876396622357
list:
dist: 1.4623876396622357 vs. 1.4623876396622357
--------
nle(id0,id1,dist): 110 116 1.3596642222821917
list:
dist: 1.3596642222821917 vs. 1.3596642222821917
--------
nle(id0,id1,dist): 110 117 1.9728728435999876
list:
dist: 1.9728728435999876 vs. 1.9728728435999876
--------
nle(id0,id1,dist): 110 118 2.184782426332065
list:
dist: 2.184782426332065 vs. 2.184782426332065
--------
nle(id0,id1,dist): 99 107 0.8203132155415397
list:
dist: 0.8203132155415397 vs. 0.8203132155415397
--------
nle(id0,id1,dist): 99 106 1.8157590191440904
list:
dist: 1.8157590191440904 vs. 1.8157590191440904
--------
nle(id0,id1,dist): 99 109 1.0580004353215384
list:
dist: 1.0580004353215384 vs. 1.0580004353215384
--------
nle(id0,id1,dist): 99 108 1.3805580938446962
list:
dist: 1.3805580938446962 vs. 1.3805580938446962
--------
nle(id0,id1,dist): 99 101 1.4249671275128453
list:
dist: 1.4249671275128453 vs. 1.4249671275128453
--------
nle(id0,id1,dist): 99 100 2.1759236051784643
list:
dist: 2.1759236051784643 vs. 2.1759236051784643
--------
nle(id0,id1,dist): 99 103 2.0259137979928
list:
dist: 2.0259137979928 vs. 2.0259137979928
--------
nle(id0,id1,dist): 99 102 1.3843364519773935
list:
dist: 1.3843364519773935 vs. 1.3843364519773935
--------
nle(id0,id1,dist): 99 105 2.314163081782313
list:
dist: 2.314163081782313 vs. 2.314163081782313
--------
nle(id0,id1,dist): 99 104 0.7123887001779077
list:
dist: 0.7123887001779077 vs. 0.7123887001779077
--------
nle(id0,id1,dist): 98 106 2.032167647972457
list:
dist: 2.032167647972457 vs. 2.032167647972457
--------
nle(id0,id1,dist): 98 105 2.072940174413698
list:
dist: 2.072940174413698 vs. 2.072940174413698
--------
nle(id0,id1,dist): 98 104 1.6071325479581722
list:
dist: 1.6071325479581722 vs. 1.6071325479581722
--------
nle(id0,id1,dist): 98 103 2.2397017052798303
list:
dist: 2.2397017052798303 vs. 2.2397017052798303
--------
nle(id0,id1,dist): 98 109 2.0878615722635017
list:
dist: 2.0878615722635017 vs. 2.0878615722635017
--------
nle(id0,id1,dist): 98 108 1.580638185158565
list:
dist: 1.580638185158565 vs. 1.580638185158565
--------
nle(id0,id1,dist): 98 107 1.8293289555743968
list:
dist: 1.8293289555743968 vs. 1.8293289555743968
--------
nle(id0,id1,dist): 101 103 1.3331163608446432
list:
dist: 1.3331163608446432 vs. 1.3331163608446432
--------
nle(id0,id1,dist): 101 102 0.8189537427423754
list:
dist: 0.8189537427423754 vs. 0.8189537427423754
--------
nle(id0,id1,dist): 101 108 2.001349794466234
list:
dist: 2.001349794466234 vs. 2.001349794466234
--------
nle(id0,id1,dist): 101 109 1.3437333718354618
list:
dist: 1.3437333718354618 vs. 1.3437333718354618
--------
nle(id0,id1,dist): 101 104 1.1070332217283598
list:
dist: 1.1070332217283598 vs. 1.1070332217283598
--------
nle(id0,id1,dist): 101 105 1.7532070914671847
list:
dist: 1.7532070914671847 vs. 1.7532070914671847
--------
nle(id0,id1,dist): 101 106 1.9840101699540857
list:
dist: 1.9840101699540857 vs. 1.9840101699540857
--------
nle(id0,id1,dist): 101 107 1.4054996973346559
list:
dist: 1.4054996973346559 vs. 1.4054996973346559
--------
nle(id0,id1,dist): 100 108 2.5623928884120972
list:
dist: 2.5623928884120972 vs. 2.5623928884120972
--------
nle(id0,id1,dist): 100 107 2.228658403375004
list:
dist: 2.228658403375004 vs. 2.228658403375004
--------
nle(id0,id1,dist): 100 106 2.4939671197553372
list:
dist: 2.4939671197553372 vs. 2.4939671197553372
--------
nle(id0,id1,dist): 100 105 1.3712048892261834
list:
dist: 1.3712048892261834 vs. 1.3712048892261834
--------
nle(id0,id1,dist): 100 104 1.8002673375921017
list:
dist: 1.8002673375921017 vs. 1.8002673375921017
--------
nle(id0,id1,dist): 100 103 1.3831888752443522
list:
dist: 1.3831888752443522 vs. 1.3831888752443522
--------
nle(id0,id1,dist): 100 102 1.2714659691137882
list:
dist: 1.2714659691137882 vs. 1.2714659691137882
--------
nle(id0,id1,dist): 100 101 1.1564890747027914
list:
dist: 1.1564890747027914 vs. 1.1564890747027914
--------
nle(id0,id1,dist): 100 109 2.229128366629174
list:
dist: 2.229128366629174 vs. 2.229128366629174
--------
nle(id0,id1,dist): 103 105 0.6451731104672431
list:
dist: 0.6451731104672431 vs. 0.6451731104672431
--------
nle(id0,id1,dist): 103 104 1.335662425119867
list:
dist: 1.335662425119867 vs. 1.335662425119867
--------
nle(id0,id1,dist): 103 107 1.5682071468167387
list:
dist: 1.5682071468167387 vs. 1.5682071468167387
--------
nle(id0,id1,dist): 103 106 1.2881941695987438
list:
dist: 1.2881941695987438 vs. 1.2881941695987438
--------
nle(id0,id1,dist): 103 109 1.475454460533007
list:
dist: 1.475454460533007 vs. 1.475454460533007
--------
nle(id0,id1,dist): 103 108 1.6230298875737945
list:
dist: 1.6230298875737945 vs. 1.6230298875737945
--------
nle(id0,id1,dist): 102 106 1.27961051229457
list:
dist: 1.27961051229457 vs. 1.27961051229457
--------
nle(id0,id1,dist): 102 105 1.1049315158787112
list:
dist: 1.1049315158787112 vs. 1.1049315158787112
--------
nle(id0,id1,dist): 102 104 0.736924075928404
list:
dist: 0.736924075928404 vs. 0.736924075928404
--------
nle(id0,id1,dist): 102 103 0.6747098319298209
list:
dist: 0.6747098319298209 vs. 0.6747098319298209
--------
nle(id0,id1,dist): 102 109 1.0162192062782296
list:
dist: 1.0162192062782296 vs. 1.0162192062782296
--------
nle(id0,id1,dist): 102 108 1.3725631716060493
list:
dist: 1.3725631716060493 vs. 1.3725631716060493
--------
nle(id0,id1,dist): 102 107 1.0578626335441155
list:
dist: 1.0578626335441155 vs. 1.0578626335441155
--------
nle(id0,id1,dist): 104 109 0.6326011814584397
list:
dist: 0.6326011814584397 vs. 0.6326011814584397
--------
nle(id0,id1,dist): 104 105 1.6752565809140332
list:
dist: 1.6752565809140332 vs. 1.6752565809140332
--------
nle(id0,id1,dist): 104 106 1.2264006435811134
list:
dist: 1.2264006435811134 vs. 1.2264006435811134
--------
nle(id0,id1,dist): 104 107 0.47103783132359683
list:
dist: 0.47103783132359683 vs. 0.47103783132359683
--------
nle(id0,id1,dist): 104 108 0.9769636092658369
list:
dist: 0.9769636092658369 vs. 0.9769636092658369
--------
nle(id0,id1,dist): 147 149 1.8194274450865076
list:
dist: 1.8194274450865076 vs. 1.8194274450865076
--------
nle(id0,id1,dist): 147 148 1.7959368189796832
list:
dist: 1.7959368189796832 vs. 1.7959368189796832
--------
nle(id0,id1,dist): 148 149 0.9053519827556934
list:
dist: 0.9053519827556934 vs. 0.9053519827556934
--------
nle(id0,id1,dist): 146 147 0.8693642422135673
list:
dist: 0.8693642422135673 vs. 0.8693642422135673
--------
nle(id0,id1,dist): 146 148 1.7364815499272608
list:
dist: 1.7364815499272608 vs. 1.7364815499272608
--------
nle(id0,id1,dist): 146 149 1.8101596463235174
list:
dist: 1.8101596463235174 vs. 1.8101596463235174
--------
nle(id0,id1,dist): 144 148 2.256770272901603
list:
dist: 2.256770272901603 vs. 2.256770272901603
--------
nle(id0,id1,dist): 144 147 1.8991953026387098
list:
dist: 1.8991953026387098 vs. 1.8991953026387098
--------
nle(id0,id1,dist): 144 146 1.891329321547234
list:
dist: 1.891329321547234 vs. 1.891329321547234
--------
nle(id0,id1,dist): 144 145 1.9162484730176603
list:
dist: 1.9162484730176603 vs. 1.9162484730176603
--------
nle(id0,id1,dist): 145 149 1.071335451467337
list:
dist: 1.071335451467337 vs. 1.071335451467337
--------
nle(id0,id1,dist): 145 148 0.8195386425821793
list:
dist: 0.8195386425821793 vs. 0.8195386425821793
--------
nle(id0,id1,dist): 145 147 0.9813042934193908
list:
dist: 0.9813042934193908 vs. 0.9813042934193908
--------
nle(id0,id1,dist): 145 146 1.1408502744406532
list:
dist: 1.1408502744406532 vs. 1.1408502744406532
--------
nle(id0,id1,dist): 142 149 1.611548668472787
list:
dist: 1.611548668472787 vs. 1.611548668472787
--------
nle(id0,id1,dist): 142 147 1.6559190849525125
list:
dist: 1.6559190849525125 vs. 1.6559190849525125
--------
nle(id0,id1,dist): 142 148 1.0406795641054027
list:
dist: 1.0406795641054027 vs. 1.0406795641054027
--------
nle(id0,id1,dist): 142 145 0.9702168780012462
list:
dist: 0.9702168780012462 vs. 0.9702168780012462
--------
nle(id0,id1,dist): 142 146 2.0146846894454544
list:
dist: 2.0146846894454544 vs. 2.0146846894454544
--------
nle(id0,id1,dist): 142 143 1.6286052616098918
list:
dist: 1.6286052616098918 vs. 1.6286052616098918
--------
nle(id0,id1,dist): 142 144 1.8994295393725988
list:
dist: 1.8994295393725988 vs. 1.8994295393725988
--------
nle(id0,id1,dist): 143 146 2.341782717727509
list:
dist: 2.341782717727509 vs. 2.341782717727509
--------
nle(id0,id1,dist): 143 147 2.4186125571949484
list:
dist: 2.4186125571949484 vs. 2.4186125571949484
--------
nle(id0,id1,dist): 143 148 0.7922275107750565
list:
dist: 0.7922275107750565 vs. 0.7922275107750565
--------
nle(id0,id1,dist): 143 149 0.8276006789944678
list:
dist: 0.8276006789944678 vs. 0.8276006789944678
--------
nle(id0,id1,dist): 143 145 1.481019277150566
list:
dist: 1.481019277150566 vs. 1.481019277150566
--------
nle(id0,id1,dist): 141 142 1.0472416111952032
list:
dist: 1.0472416111952032 vs. 1.0472416111952032
--------
nle(id0,id1,dist): 141 143 1.4040778757680308
list:
dist: 1.4040778757680308 vs. 1.4040778757680308
--------
nle(id0,id1,dist): 140 149 1.9772268086681186
list:
dist: 1.9772268086681186 vs. 1.9772268086681186
--------
nle(id0,id1,dist): 141 145 1.0781019400511829
list:
dist: 1.0781019400511829 vs. 1.0781019400511829
--------
nle(id0,id1,dist): 141 147 1.6792397042909837
list:
dist: 1.6792397042909837 vs. 1.6792397042909837
--------
nle(id0,id1,dist): 141 146 2.124449760941286
list:
dist: 2.124449760941286 vs. 2.124449760941286
--------
nle(id0,id1,dist): 141 149 1.0663505930496382
list:
dist: 1.0663505930496382 vs. 1.0663505930496382
--------
nle(id0,id1,dist): 141 148 1.2166890691598415
list:
dist: 1.2166890691598415 vs. 1.2166890691598415
--------
nle(id0,id1,dist): 139 145 1.6635748238616215
list:
dist: 1.6635748238616215 vs. 1.6635748238616215
--------
nle(id0,id1,dist): 139 142 1.8066560813515875
list:
dist: 1.8066560813515875 vs. 1.8066560813515875
--------
nle(id0,id1,dist): 139 143 0.4913649272111328
list:
dist: 0.4913649272111328 vs. 0.4913649272111328
--------
nle(id0,id1,dist): 139 140 1.55152321092095
list:
dist: 1.55152321092095 vs. 1.55152321092095
--------
nle(id0,id1,dist): 139 141 1.8159946330947125
list:
dist: 1.8159946330947125 vs. 1.8159946330947125
--------
nle(id0,id1,dist): 139 148 0.8806114266827847
list:
dist: 0.8806114266827847 vs. 0.8806114266827847
--------
nle(id0,id1,dist): 139 149 1.1902632277903737
list:
dist: 1.1902632277903737 vs. 1.1902632277903737
--------
nle(id0,id1,dist): 139 146 2.4022263320969452
list:
dist: 2.4022263320969452 vs. 2.4022263320969452
--------
nle(id0,id1,dist): 139 147 2.613747411772252
list:
dist: 2.613747411772252 vs. 2.613747411772252
--------
nle(id0,id1,dist): 140 145 1.4596854947178348
list:
dist: 1.4596854947178348 vs. 1.4596854947178348
--------
nle(id0,id1,dist): 140 146 2.264826082722538
list:
dist: 2.264826082722538 vs. 2.264826082722538
--------
nle(id0,id1,dist): 140 147 2.251280627927852
list:
dist: 2.251280627927852 vs. 2.251280627927852
--------
nle(id0,id1,dist): 140 148 1.0882045469247377
list:
dist: 1.0882045469247377 vs. 1.0882045469247377
--------
nle(id0,id1,dist): 140 141 1.858418170320945
list:
dist: 1.858418170320945 vs. 1.858418170320945
--------
nle(id0,id1,dist): 140 142 0.9815773083021367
list:
dist: 0.9815773083021367 vs. 0.9815773083021367
--------
nle(id0,id1,dist): 140 143 1.6551343831242036
list:
dist: 1.6551343831242036 vs. 1.6551343831242036
--------
nle(id0,id1,dist): 140 144 1.7622096633329665
list:
dist: 1.7622096633329665 vs. 1.7622096633329665
--------
nle(id0,id1,dist): 138 141 1.777275177327002
list:
dist: 1.777275177327002 vs. 1.777275177327002
--------
nle(id0,id1,dist): 138 142 1.3935725007054987
list:
dist: 1.3935725007054987 vs. 1.3935725007054987
--------
nle(id0,id1,dist): 138 139 1.2491596077597134
list:
dist: 1.2491596077597134 vs. 1.2491596077597134
--------
nle(id0,id1,dist): 138 140 1.1788691893762768
list:
dist: 1.1788691893762768 vs. 1.1788691893762768
--------
nle(id0,id1,dist): 138 149 1.344052984785899
list:
dist: 1.344052984785899 vs. 1.344052984785899
--------
nle(id0,id1,dist): 138 148 0.7070551533983986
list:
dist: 0.7070551533983986 vs. 0.7070551533983986
--------
nle(id0,id1,dist): 138 147 1.6755179582376674
list:
dist: 1.6755179582376674 vs. 1.6755179582376674
--------
nle(id0,id1,dist): 138 146 1.3311586847005672
list:
dist: 1.3311586847005672 vs. 1.3311586847005672
--------
nle(id0,id1,dist): 138 145 0.9123913544308356
list:
dist: 0.9123913544308356 vs. 0.9123913544308356
--------
nle(id0,id1,dist): 138 144 1.8531950593162323
list:
dist: 1.8531950593162323 vs. 1.8531950593162323
--------
nle(id0,id1,dist): 138 143 1.3628640527848244
list:
dist: 1.3628640527848244 vs. 1.3628640527848244
--------
nle(id0,id1,dist): 137 144 1.5894814774220878
list:
dist: 1.5894814774220878 vs. 1.5894814774220878
--------
nle(id0,id1,dist): 137 145 0.7962548582269169
list:
dist: 0.7962548582269169 vs. 0.7962548582269169
--------
nle(id0,id1,dist): 137 146 1.6421624933590762
list:
dist: 1.6421624933590762 vs. 1.6421624933590762
--------
nle(id0,id1,dist): 137 147 1.1780620640727884
list:
dist: 1.1780620640727884 vs. 1.1780620640727884
--------
nle(id0,id1,dist): 137 140 1.2984552066190727
list:
dist: 1.2984552066190727 vs. 1.2984552066190727
--------
nle(id0,id1,dist): 137 141 1.2031346423246745
list:
dist: 1.2031346423246745 vs. 1.2031346423246745
--------
nle(id0,id1,dist): 137 142 0.5522817806899758
list:
dist: 0.5522817806899758 vs. 0.5522817806899758
--------
nle(id0,id1,dist): 137 143 1.9557786350352708
list:
dist: 1.9557786350352708 vs. 1.9557786350352708
--------
nle(id0,id1,dist): 137 138 1.404907763726987
list:
dist: 1.404907763726987 vs. 1.404907763726987
--------
nle(id0,id1,dist): 137 139 2.131003339551888
list:
dist: 2.131003339551888 vs. 2.131003339551888
--------
nle(id0,id1,dist): 137 149 1.7263661715853762
list:
dist: 1.7263661715853762 vs. 1.7263661715853762
--------
nle(id0,id1,dist): 137 148 1.2674793189129097
list:
dist: 1.2674793189129097 vs. 1.2674793189129097
--------
nle(id0,id1,dist): 136 147 1.315352420453085
list:
dist: 1.315352420453085 vs. 1.315352420453085
--------
nle(id0,id1,dist): 136 148 1.3300426449707712
list:
dist: 1.3300426449707712 vs. 1.3300426449707712
--------
nle(id0,id1,dist): 136 145 1.0269180023316606
list:
dist: 1.0269180023316606 vs. 1.0269180023316606
--------
nle(id0,id1,dist): 136 146 0.9015907346539987
list:
dist: 0.9015907346539987 vs. 0.9015907346539987
--------
nle(id0,id1,dist): 136 149 1.8484577270533393
list:
dist: 1.8484577270533393 vs. 1.8484577270533393
--------
nle(id0,id1,dist): 136 139 1.9967170743956202
list:
dist: 1.9967170743956202 vs. 1.9967170743956202
--------
nle(id0,id1,dist): 136 140 1.5001480817843025
list:
dist: 1.5001480817843025 vs. 1.5001480817843025
--------
nle(id0,id1,dist): 136 137 1.3336107650541662
list:
dist: 1.3336107650541662 vs. 1.3336107650541662
--------
nle(id0,id1,dist): 136 138 0.7492928857462985
list:
dist: 0.7492928857462985 vs. 0.7492928857462985
--------
nle(id0,id1,dist): 136 143 2.0628147534157804
list:
dist: 2.0628147534157804 vs. 2.0628147534157804
--------
nle(id0,id1,dist): 136 144 1.2939147680023357
list:
dist: 1.2939147680023357 vs. 1.2939147680023357
--------
nle(id0,id1,dist): 136 141 2.086340854500066
list:
dist: 2.086340854500066 vs. 2.086340854500066
--------
nle(id0,id1,dist): 136 142 1.5817769170060996
list:
dist: 1.5817769170060996 vs. 1.5817769170060996
--------
nle(id0,id1,dist): 135 142 1.9591785584916561
list:
dist: 1.9591785584916561 vs. 1.9591785584916561
--------
nle(id0,id1,dist): 135 144 0.9000536924632185
list:
dist: 0.9000536924632185 vs. 0.9000536924632185
--------
nle(id0,id1,dist): 135 145 1.9479942464243072
list:
dist: 1.9479942464243072 vs. 1.9479942464243072
--------
nle(id0,id1,dist): 135 146 2.0063356188982473
list:
dist: 2.0063356188982473 vs. 2.0063356188982473
--------
nle(id0,id1,dist): 135 147 2.2810701356870666
list:
dist: 2.2810701356870666 vs. 2.2810701356870666
--------
nle(id0,id1,dist): 135 148 1.9697837667450275
list:
dist: 1.9697837667450275 vs. 1.9697837667450275
--------
nle(id0,id1,dist): 134 149 1.8046293495377743
list:
dist: 1.8046293495377743 vs. 1.8046293495377743
--------
nle(id0,id1,dist): 134 148 1.0687332873395436
list:
dist: 1.0687332873395436 vs. 1.0687332873395436
--------
nle(id0,id1,dist): 134 147 2.122854958421539
list:
dist: 2.122854958421539 vs. 2.122854958421539
--------
nle(id0,id1,dist): 135 140 1.3956307979185452
list:
dist: 1.3956307979185452 vs. 1.3956307979185452
--------
nle(id0,id1,dist): 135 138 1.466838309124548
list:
dist: 1.466838309124548 vs. 1.466838309124548
--------
nle(id0,id1,dist): 135 136 1.1559327225893452
list:
dist: 1.1559327225893452 vs. 1.1559327225893452
--------
nle(id0,id1,dist): 135 137 1.850825462466732
list:
dist: 1.850825462466732 vs. 1.850825462466732
--------
nle(id0,id1,dist): 134 135 1.885734571838634
list:
dist: 1.885734571838634 vs. 1.885734571838634
--------
nle(id0,id1,dist): 134 136 1.7555430275306434
list:
dist: 1.7555430275306434 vs. 1.7555430275306434
--------
nle(id0,id1,dist): 134 137 1.0265553928574584
list:
dist: 1.0265553928574584 vs. 1.0265553928574584
--------
nle(id0,id1,dist): 134 138 1.4372943630210973
list:
dist: 1.4372943630210973 vs. 1.4372943630210973
--------
nle(id0,id1,dist): 134 143 1.5635530606056027
list:
dist: 1.5635530606056027 vs. 1.5635530606056027
--------
nle(id0,id1,dist): 134 144 2.0159009663561847
list:
dist: 2.0159009663561847 vs. 2.0159009663561847
--------
nle(id0,id1,dist): 134 145 1.334658024037413
list:
dist: 1.334658024037413 vs. 1.334658024037413
--------
nle(id0,id1,dist): 134 146 2.3486937536921206
list:
dist: 2.3486937536921206 vs. 2.3486937536921206
--------
nle(id0,id1,dist): 134 139 1.6414392980027646
list:
dist: 1.6414392980027646 vs. 1.6414392980027646
--------
nle(id0,id1,dist): 134 140 0.6179510115426431
list:
dist: 0.6179510115426431 vs. 0.6179510115426431
--------
nle(id0,id1,dist): 134 141 1.3934958205978725
list:
dist: 1.3934958205978725 vs. 1.3934958205978725
--------
nle(id0,id1,dist): 134 142 0.5280706769352002
list:
dist: 0.5280706769352002 vs. 0.5280706769352002
--------
nle(id0,id1,dist): 133 135 1.0928096098150133
list:
dist: 1.0928096098150133 vs. 1.0928096098150133
--------
nle(id0,id1,dist): 133 134 1.0633942157414134
list:
dist: 1.0633942157414134 vs. 1.0633942157414134
--------
nle(id0,id1,dist): 133 138 1.5313752801695641
list:
dist: 1.5313752801695641 vs. 1.5313752801695641
--------
nle(id0,id1,dist): 133 139 2.3325481984976686
list:
dist: 2.3325481984976686 vs. 2.3325481984976686
--------
nle(id0,id1,dist): 133 136 1.3897242240438272
list:
dist: 1.3897242240438272 vs. 1.3897242240438272
--------
nle(id0,id1,dist): 133 137 1.066383710120126
list:
dist: 1.066383710120126 vs. 1.066383710120126
--------
nle(id0,id1,dist): 133 142 1.0971417098597485
list:
dist: 1.0971417098597485 vs. 1.0971417098597485
--------
nle(id0,id1,dist): 133 143 2.367626145840352
list:
dist: 2.367626145840352 vs. 2.367626145840352
--------
nle(id0,id1,dist): 133 140 0.8892268260005597
list:
dist: 0.8892268260005597 vs. 0.8892268260005597
--------
nle(id0,id1,dist): 133 141 2.1154500048698233
list:
dist: 2.1154500048698233 vs. 2.1154500048698233
--------
nle(id0,id1,dist): 133 146 2.120654929889747
list:
dist: 2.120654929889747 vs. 2.120654929889747
--------
nle(id0,id1,dist): 133 147 1.9714954565124028
list:
dist: 1.9714954565124028 vs. 1.9714954565124028
--------
nle(id0,id1,dist): 133 144 1.0158304873511628
list:
dist: 1.0158304873511628 vs. 1.0158304873511628
--------
nle(id0,id1,dist): 133 145 1.5542978826386236
list:
dist: 1.5542978826386236 vs. 1.5542978826386236
--------
nle(id0,id1,dist): 133 148 1.6462638823882285
list:
dist: 1.6462638823882285 vs. 1.6462638823882285
--------
nle(id0,id1,dist): 133 149 2.4366062214136694
list:
dist: 2.4366062214136694 vs. 2.4366062214136694
--------
nle(id0,id1,dist): 132 134 1.3465457976798438
list:
dist: 1.3465457976798438 vs. 1.3465457976798438
--------
nle(id0,id1,dist): 132 133 1.641844435832421
list:
dist: 1.641844435832421 vs. 1.641844435832421
--------
nle(id0,id1,dist): 132 135 2.419075465364852
list:
dist: 2.419075465364852 vs. 2.419075465364852
--------
nle(id0,id1,dist): 132 138 2.5968941346227217
list:
dist: 2.5968941346227217 vs. 2.5968941346227217
--------
nle(id0,id1,dist): 132 137 2.172824944369372
list:
dist: 2.172824944369372 vs. 2.172824944369372
--------
nle(id0,id1,dist): 132 140 1.4250376961189175
list:
dist: 1.4250376961189175 vs. 1.4250376961189175
--------
nle(id0,id1,dist): 132 141 2.6054630656224513
list:
dist: 2.6054630656224513 vs. 2.6054630656224513
--------
nle(id0,id1,dist): 132 142 1.7713958062315427
list:
dist: 1.7713958062315427 vs. 1.7713958062315427
--------
nle(id0,id1,dist): 132 143 2.6602785859559646
list:
dist: 2.6602785859559646 vs. 2.6602785859559646
--------
nle(id0,id1,dist): 132 148 2.3335211373598557
list:
dist: 2.3335211373598557 vs. 2.3335211373598557
--------
nle(id0,id1,dist): 132 149 3.0963406437997074
list:
dist: 3.0963406437997074 vs. 3.0963406437997074
--------
nle(id0,id1,dist): 131 147 2.8151637859312935
list:
dist: 2.8151637859312935 vs. 2.8151637859312935
--------
nle(id0,id1,dist): 131 146 2.8494724163937555
list:
dist: 2.8494724163937555 vs. 2.8494724163937555
--------
nle(id0,id1,dist): 131 149 3.0086130353175604
list:
dist: 3.0086130353175604 vs. 3.0086130353175604
--------
nle(id0,id1,dist): 131 148 2.12528059098513
list:
dist: 2.12528059098513 vs. 2.12528059098513
--------
nle(id0,id1,dist): 131 142 1.731169474601028
list:
dist: 1.731169474601028 vs. 1.731169474601028
--------
nle(id0,id1,dist): 131 143 2.719335311512715
list:
dist: 2.719335311512715 vs. 2.719335311512715
--------
nle(id0,id1,dist): 131 144 1.5105000240472959
list:
dist: 1.5105000240472959 vs. 1.5105000240472959
--------
nle(id0,id1,dist): 131 145 2.2905982223221453
list:
dist: 2.2905982223221453 vs. 2.2905982223221453
--------
nle(id0,id1,dist): 131 138 2.010785465251141
list:
dist: 2.010785465251141 vs. 2.010785465251141
--------
nle(id0,id1,dist): 131 139 2.568115298700833
list:
dist: 2.568115298700833 vs. 2.568115298700833
--------
nle(id0,id1,dist): 131 140 1.0684023633764963
list:
dist: 1.0684023633764963 vs. 1.0684023633764963
--------
nle(id0,id1,dist): 131 141 2.7603061599579277
list:
dist: 2.7603061599579277 vs. 2.7603061599579277
--------
nle(id0,id1,dist): 131 134 1.4345620200077651
list:
dist: 1.4345620200077651 vs. 1.4345620200077651
--------
nle(id0,id1,dist): 131 135 1.2292394524549284
list:
dist: 1.2292394524549284 vs. 1.2292394524549284
--------
nle(id0,id1,dist): 131 136 2.0058375996392495
list:
dist: 2.0058375996392495 vs. 2.0058375996392495
--------
nle(id0,id1,dist): 131 137 1.8768050032358872
list:
dist: 1.8768050032358872 vs. 1.8768050032358872
--------
nle(id0,id1,dist): 131 132 1.2867508840443285
list:
dist: 1.2867508840443285 vs. 1.2867508840443285
--------
nle(id0,id1,dist): 131 133 0.8622783493167617
list:
dist: 0.8622783493167617 vs. 0.8622783493167617
--------
nle(id0,id1,dist): 130 149 2.984885652077328
list:
dist: 2.984885652077328 vs. 2.984885652077328
--------
nle(id0,id1,dist): 130 147 2.7018160995553475
list:
dist: 2.7018160995553475 vs. 2.7018160995553475
--------
nle(id0,id1,dist): 130 148 2.163372194922876
list:
dist: 2.163372194922876 vs. 2.163372194922876
--------
nle(id0,id1,dist): 130 145 2.2320607070466494
list:
dist: 2.2320607070466494 vs. 2.2320607070466494
--------
nle(id0,id1,dist): 130 146 2.9110370664375274
list:
dist: 2.9110370664375274 vs. 2.9110370664375274
--------
nle(id0,id1,dist): 130 143 2.757149954920481
list:
dist: 2.757149954920481 vs. 2.757149954920481
--------
nle(id0,id1,dist): 130 144 1.599082359158153
list:
dist: 1.599082359158153 vs. 1.599082359158153
--------
nle(id0,id1,dist): 130 141 2.536252193774831
list:
dist: 2.536252193774831 vs. 2.536252193774831
--------
nle(id0,id1,dist): 130 142 1.5029078506094853
list:
dist: 1.5029078506094853 vs. 1.5029078506094853
--------
nle(id0,id1,dist): 130 140 1.1658743946044323
list:
dist: 1.1658743946044323 vs. 1.1658743946044323
--------
nle(id0,id1,dist): 130 137 1.6563789836552425
list:
dist: 1.6563789836552425 vs. 1.6563789836552425
--------
nle(id0,id1,dist): 130 138 2.1823033201762345
list:
dist: 2.1823033201762345 vs. 2.1823033201762345
--------
nle(id0,id1,dist): 130 135 1.6046675267647934
list:
dist: 1.6046675267647934 vs. 1.6046675267647934
--------
nle(id0,id1,dist): 130 136 2.160932012588014
list:
dist: 2.160932012588014 vs. 2.160932012588014
--------
nle(id0,id1,dist): 130 132 1.0390854992176588
list:
dist: 1.0390854992176588 vs. 1.0390854992176588
--------
nle(id0,id1,dist): 130 131 0.5741688882328431
list:
dist: 0.5741688882328431 vs. 0.5741688882328431
--------
nle(id0,id1,dist): 130 134 1.2673099281237754
list:
dist: 1.2673099281237754 vs. 1.2673099281237754
--------
nle(id0,id1,dist): 130 133 0.7944138333623141
list:
dist: 0.7944138333623141 vs. 0.7944138333623141
--------
nle(id0,id1,dist): 129 148 1.637590785162804
list:
dist: 1.637590785162804 vs. 1.637590785162804
--------
nle(id0,id1,dist): 129 149 2.49836120096726
list:
dist: 2.49836120096726 vs. 2.49836120096726
--------
nle(id0,id1,dist): 129 140 1.0038169124469127
list:
dist: 1.0038169124469127 vs. 1.0038169124469127
--------
nle(id0,id1,dist): 129 141 2.6888149830644914
list:
dist: 2.6888149830644914 vs. 2.6888149830644914
--------
nle(id0,id1,dist): 129 142 1.8749263294264247
list:
dist: 1.8749263294264247 vs. 1.8749263294264247
--------
nle(id0,id1,dist): 129 143 2.183537318958458
list:
dist: 2.183537318958458 vs. 2.183537318958458
--------
nle(id0,id1,dist): 129 144 1.654167290496936
list:
dist: 1.654167290496936 vs. 1.654167290496936
--------
nle(id0,id1,dist): 129 145 1.9699595037327877
list:
dist: 1.9699595037327877 vs. 1.9699595037327877
--------
nle(id0,id1,dist): 129 146 2.3159992333364787
list:
dist: 2.3159992333364787 vs. 2.3159992333364787
--------
nle(id0,id1,dist): 129 147 2.6176298563691143
list:
dist: 2.6176298563691143 vs. 2.6176298563691143
--------
nle(id0,id1,dist): 129 135 0.8424338299904803
list:
dist: 0.8424338299904803 vs. 0.8424338299904803
--------
nle(id0,id1,dist): 129 134 1.6160019616888615
list:
dist: 1.6160019616888615 vs. 1.6160019616888615
--------
nle(id0,id1,dist): 129 133 1.301270923678767
list:
dist: 1.301270923678767 vs. 1.301270923678767
--------
nle(id0,id1,dist): 129 132 2.0911617960429316
list:
dist: 2.0911617960429316 vs. 2.0911617960429316
--------
nle(id0,id1,dist): 129 139 1.8850461166549366
list:
dist: 1.8850461166549366 vs. 1.8850461166549366
--------
nle(id0,id1,dist): 129 138 1.2693015428422993
list:
dist: 1.2693015428422993 vs. 1.2693015428422993
--------
nle(id0,id1,dist): 129 137 1.9936168558918466
list:
dist: 1.9936168558918466 vs. 1.9936168558918466
--------
nle(id0,id1,dist): 129 136 1.4277558015666716
list:
dist: 1.4277558015666716 vs. 1.4277558015666716
--------
nle(id0,id1,dist): 129 131 1.166912334011095
list:
dist: 1.166912334011095 vs. 1.166912334011095
--------
nle(id0,id1,dist): 129 130 1.6266404908201015
list:
dist: 1.6266404908201015 vs. 1.6266404908201015
--------
nle(id0,id1,dist): 128 147 2.6494788488468095
list:
dist: 2.6494788488468095 vs. 2.6494788488468095
--------
nle(id0,id1,dist): 128 148 1.7264633076698157
list:
dist: 1.7264633076698157 vs. 1.7264633076698157
--------
nle(id0,id1,dist): 128 145 2.0379758208986525
list:
dist: 2.0379758208986525 vs. 2.0379758208986525
--------
nle(id0,id1,dist): 128 146 2.2655483119673603
list:
dist: 2.2655483119673603 vs. 2.2655483119673603
--------
nle(id0,id1,dist): 128 149 2.5471848798643957
list:
dist: 2.5471848798643957 vs. 2.5471848798643957
--------
nle(id0,id1,dist): 128 133 1.4857565542534126
list:
dist: 1.4857565542534126 vs. 1.4857565542534126
--------
nle(id0,id1,dist): 128 134 1.8284337079979842
list:
dist: 1.8284337079979842 vs. 1.8284337079979842
--------
nle(id0,id1,dist): 128 135 0.8372329328822856
list:
dist: 0.8372329328822856 vs. 0.8372329328822856
--------
nle(id0,id1,dist): 128 136 1.3955419147917756
list:
dist: 1.3955419147917756 vs. 1.3955419147917756
--------
nle(id0,id1,dist): 128 129 0.2578616253022511
list:
dist: 0.2578616253022511 vs. 0.2578616253022511
--------
nle(id0,id1,dist): 128 130 1.8603843084787304
list:
dist: 1.8603843084787304 vs. 1.8603843084787304
--------
nle(id0,id1,dist): 128 131 1.3911871766230777
list:
dist: 1.3911871766230777 vs. 1.3911871766230777
--------
nle(id0,id1,dist): 128 132 2.3485120434542273
list:
dist: 2.3485120434542273 vs. 2.3485120434542273
--------
nle(id0,id1,dist): 128 141 2.8203189968483673
list:
dist: 2.8203189968483673 vs. 2.8203189968483673
--------
nle(id0,id1,dist): 128 142 2.0525887922667487
list:
dist: 2.0525887922667487 vs. 2.0525887922667487
--------
nle(id0,id1,dist): 128 143 2.2615372509862737
list:
dist: 2.2615372509862737 vs. 2.2615372509862737
--------
nle(id0,id1,dist): 128 144 1.702259421241061
list:
dist: 1.702259421241061 vs. 1.702259421241061
--------
nle(id0,id1,dist): 128 137 2.132551996432802
list:
dist: 2.132551996432802 vs. 2.132551996432802
--------
nle(id0,id1,dist): 128 138 1.2716099827464844
list:
dist: 1.2716099827464844 vs. 1.2716099827464844
--------
nle(id0,id1,dist): 128 139 1.9389910577741503
list:
dist: 1.9389910577741503 vs. 1.9389910577741503
--------
nle(id0,id1,dist): 128 140 1.225691264503212
list:
dist: 1.225691264503212 vs. 1.225691264503212
--------
nle(id0,id1,dist): 127 140 1.6100903217909428
list:
dist: 1.6100903217909428 vs. 1.6100903217909428
--------
nle(id0,id1,dist): 127 138 2.1582511218915656
list:
dist: 2.1582511218915656 vs. 2.1582511218915656
--------
nle(id0,id1,dist): 127 136 1.9834223927805639
list:
dist: 1.9834223927805639 vs. 1.9834223927805639
--------
nle(id0,id1,dist): 127 137 2.3301861085570477
list:
dist: 2.3301861085570477 vs. 2.3301861085570477
--------
nle(id0,id1,dist): 127 134 2.1050793208922647
list:
dist: 2.1050793208922647 vs. 2.1050793208922647
--------
nle(id0,id1,dist): 127 135 0.8655300704687636
list:
dist: 0.8655300704687636 vs. 0.8655300704687636
--------
nle(id0,id1,dist): 127 148 2.511513818888801
list:
dist: 2.511513818888801 vs. 2.511513818888801
--------
nle(id0,id1,dist): 127 146 2.844719575602982
list:
dist: 2.844719575602982 vs. 2.844719575602982
--------
nle(id0,id1,dist): 127 147 3.001512170927938
list:
dist: 3.001512170927938 vs. 3.001512170927938
--------
nle(id0,id1,dist): 127 144 1.3455230611449096
list:
dist: 1.3455230611449096 vs. 1.3455230611449096
--------
nle(id0,id1,dist): 127 145 2.610574798310206
list:
dist: 2.610574798310206 vs. 2.610574798310206
--------
nle(id0,id1,dist): 127 142 2.321937863226491
list:
dist: 2.321937863226491 vs. 2.321937863226491
--------
nle(id0,id1,dist): 127 133 1.3031120447683024
list:
dist: 1.3031120447683024 vs. 1.3031120447683024
--------
nle(id0,id1,dist): 127 132 2.1017179341102925
list:
dist: 2.1017179341102925 vs. 2.1017179341102925
--------
nle(id0,id1,dist): 127 131 0.8397497323566379
list:
dist: 0.8397497323566379 vs. 0.8397497323566379
--------
nle(id0,id1,dist): 127 130 1.3361810363588995
list:
dist: 1.3361810363588995 vs. 1.3361810363588995
--------
nle(id0,id1,dist): 127 129 1.1002506190331958
list:
dist: 1.1002506190331958 vs. 1.1002506190331958
--------
nle(id0,id1,dist): 127 128 1.1918820371106187
list:
dist: 1.1918820371106187 vs. 1.1918820371106187
--------
nle(id0,id1,dist): 126 140 2.021393536218056
list:
dist: 2.021393536218056 vs. 2.021393536218056
--------
nle(id0,id1,dist): 126 142 2.8801563647818806
list:
dist: 2.8801563647818806 vs. 2.8801563647818806
--------
nle(id0,id1,dist): 126 144 2.1121312554439826
list:
dist: 2.1121312554439826 vs. 2.1121312554439826
--------
nle(id0,id1,dist): 126 145 3.2116126907538223
list:
dist: 3.2116126907538223 vs. 3.2116126907538223
--------
nle(id0,id1,dist): 126 146 3.4853159726028045
list:
dist: 3.4853159726028045 vs. 3.4853159726028045
--------
nle(id0,id1,dist): 126 147 3.7078093199982196
list:
dist: 3.7078093199982196 vs. 3.7078093199982196
--------
nle(id0,id1,dist): 126 148 2.9530751852130845
list:
dist: 2.9530751852130845 vs. 2.9530751852130845
--------
nle(id0,id1,dist): 126 128 1.4509717585889967
list:
dist: 1.4509717585889967 vs. 1.4509717585889967
--------
nle(id0,id1,dist): 126 127 0.772053014955919
list:
dist: 0.772053014955919 vs. 0.772053014955919
--------
nle(id0,id1,dist): 126 130 1.8039081044775156
list:
dist: 1.8039081044775156 vs. 1.8039081044775156
--------
nle(id0,id1,dist): 126 129 1.387973636722605
list:
dist: 1.387973636722605 vs. 1.387973636722605
--------
nle(id0,id1,dist): 126 132 2.274063921180259
list:
dist: 2.274063921180259 vs. 2.274063921180259
--------
nle(id0,id1,dist): 126 131 1.266993562776853
list:
dist: 1.266993562776853 vs. 1.266993562776853
--------
nle(id0,id1,dist): 126 134 2.557149280537301
list:
dist: 2.557149280537301 vs. 2.557149280537301
--------
nle(id0,id1,dist): 126 133 1.96513587477641
list:
dist: 1.96513587477641 vs. 1.96513587477641
--------
nle(id0,id1,dist): 126 136 2.598657115205735
list:
dist: 2.598657115205735 vs. 2.598657115205735
--------
nle(id0,id1,dist): 126 135 1.5031262381222807
list:
dist: 1.5031262381222807 vs. 1.5031262381222807
--------
nle(id0,id1,dist): 126 138 2.6340032283055583
list:
dist: 2.6340032283055583 vs. 2.6340032283055583
--------
nle(id0,id1,dist): 126 137 2.985766387114094
list:
dist: 2.985766387114094 vs. 2.985766387114094
--------
nle(id0,id1,dist): 125 148 2.593266571033928
list:
dist: 2.593266571033928 vs. 2.593266571033928
--------
nle(id0,id1,dist): 125 149 3.4631209862616936
list:
dist: 3.4631209862616936 vs. 3.4631209862616936
--------
nle(id0,id1,dist): 125 131 1.394955521058776
list:
dist: 1.394955521058776 vs. 1.394955521058776
--------
nle(id0,id1,dist): 125 130 1.8372651398439113
list:
dist: 1.8372651398439113 vs. 1.8372651398439113
--------
nle(id0,id1,dist): 125 129 1.3946888693305985
list:
dist: 1.3946888693305985 vs. 1.3946888693305985
--------
nle(id0,id1,dist): 125 128 1.540339102957384
list:
dist: 1.540339102957384 vs. 1.540339102957384
--------
nle(id0,id1,dist): 125 135 2.0103570919403415
list:
dist: 2.0103570919403415 vs. 2.0103570919403415
--------
nle(id0,id1,dist): 125 134 2.1817869918962645
list:
dist: 2.1817869918962645 vs. 2.1817869918962645
--------
nle(id0,id1,dist): 125 133 2.113329806287439
list:
dist: 2.113329806287439 vs. 2.113329806287439
--------
nle(id0,id1,dist): 125 132 1.7503112432210377
list:
dist: 1.7503112432210377 vs. 1.7503112432210377
--------
nle(id0,id1,dist): 125 139 2.5594102946583135
list:
dist: 2.5594102946583135 vs. 2.5594102946583135
--------
nle(id0,id1,dist): 125 138 2.5083783482138537
list:
dist: 2.5083783482138537 vs. 2.5083783482138537
--------
nle(id0,id1,dist): 125 137 2.9529771095222808
list:
dist: 2.9529771095222808 vs. 2.9529771095222808
--------
nle(id0,id1,dist): 125 143 2.8879899770021282
list:
dist: 2.8879899770021282 vs. 2.8879899770021282
--------
nle(id0,id1,dist): 125 142 2.6474680195071927
list:
dist: 2.6474680195071927 vs. 2.6474680195071927
--------
nle(id0,id1,dist): 125 141 3.4992320648230955
list:
dist: 3.4992320648230955 vs. 3.4992320648230955
--------
nle(id0,id1,dist): 125 140 1.7026088344563488
list:
dist: 1.7026088344563488 vs. 1.7026088344563488
2. Check the NeighborList query for coordinates against the neighbor list for consistency
list:
dist: 0.9867205763404311 vs. 0.9867205763404311
list:
dist: 1.1330974363192705 vs. 1.1330974363192705
list:
dist: 0.9987253917869912 vs. 0.9987253917869912
list:
dist: 0.976426117969494 vs. 0.976426117969494
list:
dist: 1.2383054809522758 vs. 1.2383054809522758
list:
dist: 1.0199755045092314 vs. 1.0199755045092314
list:
dist: 1.545387868936668 vs. 1.545387868936668
list:
dist: 1.7787272739863687 vs. 1.7787272739863687
list:
dist: 2.196453565600839 vs. 2.196453565600839
list:
dist: 1.7609044252830672 vs. 1.7609044252830672
list:
dist: 1.1109925768942506 vs. 1.1109925768942506
list:
dist: 1.5472597919144364 vs. 1.5472597919144364
list:
dist: 1.8871605701599443 vs. 1.8871605701599443
list:
dist: 2.774715241491475 vs. 2.774715241491475
list:
dist: 1.9095906861520426 vs. 1.9095906861520426
list:
dist: 2.756806029428968 vs. 2.756806029428968
list:
dist: 2.760095774468187 vs. 2.760095774468187
list:
dist: 2.473858856800363 vs. 2.473858856800363
list:
dist: 2.825906520667511 vs. 2.825906520667511
list:
dist: 3.714808327765074 vs. 3.714808327765074
list:
dist: 3.2039250959417993 vs. 3.2039250959417993
list:
dist: 3.461423780522858 vs. 3.461423780522858
list:
dist: 3.781688852290902 vs. 3.781688852290902
list:
dist: 1.375638634205055 vs. 1.375638634205055
list:
dist: 1.1330974363192705 vs. 1.1330974363192705
list:
dist: 0.8304538697630228 vs. 0.8304538697630228
list:
dist: 0.29088056773808235 vs. 0.29088056773808235
list:
dist: 1.0904279387532159 vs. 1.0904279387532159
list:
dist: 0.6441475183367938 vs. 0.6441475183367938
list:
dist: 1.195796308521617 vs. 1.195796308521617
list:
dist: 0.8076935114375597 vs. 0.8076935114375597
list:
dist: 1.398733754955475 vs. 1.398733754955475
list:
dist: 1.248074848013352 vs. 1.248074848013352
list:
dist: 1.600231697080139 vs. 1.600231697080139
list:
dist: 1.3620341386688342 vs. 1.3620341386688342
list:
dist: 1.585662846496432 vs. 1.585662846496432
list:
dist: 2.3629043219427874 vs. 2.3629043219427874
list:
dist: 1.5706800734044146 vs. 1.5706800734044146
list:
dist: 2.79183623242015 vs. 2.79183623242015
list:
dist: 2.267919439232914 vs. 2.267919439232914
list:
dist: 1.5846248706336712 vs. 1.5846248706336712
list:
dist: 2.136883746473297 vs. 2.136883746473297
list:
dist: 2.8971490546417993 vs. 2.8971490546417993
list:
dist: 2.6133864234761854 vs. 2.6133864234761854
list:
dist: 2.9655479200058457 vs. 2.9655479200058457
list:
dist: 3.263302544647098 vs. 3.263302544647098
list:
dist: 1.5128940741924406 vs. 1.5128940741924406
list:
dist: 0.9987253917869912 vs. 0.9987253917869912
list:
dist: 0.8304538697630228 vs. 0.8304538697630228
list:
dist: 0.8191834139671356 vs. 0.8191834139671356
list:
dist: 1.4088109477958168 vs. 1.4088109477958168
list:
dist: 1.290654888929688 vs. 1.290654888929688
list:
dist: 1.644375271579143 vs. 1.644375271579143
list:
dist: 1.4159239988275447 vs. 1.4159239988275447
list:
dist: 2.1917152004438494 vs. 2.1917152004438494
list:
dist: 2.0177532932610642 vs. 2.0177532932610642
list:
dist: 1.846002893177086 vs. 1.846002893177086
list:
dist: 2.034338384597483 vs. 2.034338384597483
list:
dist: 2.314081438871033 vs. 2.314081438871033
list:
dist: 3.105245685926733 vs. 3.105245685926733
list:
dist: 2.246560931134016 vs. 2.246560931134016
list:
dist: 3.4191551186158655 vs. 3.4191551186158655
list:
dist: 3.0153211100676764 vs. 3.0153211100676764
list:
dist: 2.407819369004543 vs. 2.407819369004543
list:
dist: 2.8881696834910113 vs. 2.8881696834910113
list:
dist: 3.7161591223397896 vs. 3.7161591223397896
list:
dist: 3.4197855041959673 vs. 3.4197855041959673
list:
dist: 3.769196062429841 vs. 3.769196062429841
list:
dist: 4.07102530321338 vs. 4.07102530321338
list:
dist: 1.564777247181876 vs. 1.564777247181876
list:
dist: 1.7787272739863687 vs. 1.7787272739863687
list:
dist: 0.8076935114375597 vs. 0.8076935114375597
list:
dist: 1.4159239988275447 vs. 1.4159239988275447
list:
dist: 1.088311967651494 vs. 1.088311967651494
list:
dist: 1.8201988411375587 vs. 1.8201988411375587
list:
dist: 1.13889824422309 vs. 1.13889824422309
list:
dist: 0.918757537872556 vs. 0.918757537872556
list:
dist: 0.9721675925766419 vs. 0.9721675925766419
list:
dist: 2.316953439020738 vs. 2.316953439020738
list:
dist: 1.4334955653673456 vs. 1.4334955653673456
list:
dist: 2.2636709339071537 vs. 2.2636709339071537
list:
dist: 1.5809115423949143 vs. 1.5809115423949143
list:
dist: 1.6467299444219528 vs. 1.6467299444219528
list:
dist: 2.045679818057025 vs. 2.045679818057025
list:
dist: 1.37021633601819 vs. 1.37021633601819
list:
dist: 2.784699491255993 vs. 2.784699491255993
list:
dist: 1.8807372993973825 vs. 1.8807372993973825
list:
dist: 1.2858608693722704 vs. 1.2858608693722704
list:
dist: 1.5888749624754166 vs. 1.5888749624754166
list:
dist: 2.456458838581235 vs. 2.456458838581235
list:
dist: 2.2633553652816905 vs. 2.2633553652816905
list:
dist: 2.8673616157682438 vs. 2.8673616157682438
list:
dist: 2.9586266360033693 vs. 2.9586266360033693
list:
dist: 3.5051554665738007 vs. 3.5051554665738007
list:
dist: 3.6710329480005632 vs. 3.6710329480005632
list:
dist: 3.401177946310521 vs. 3.401177946310521
list:
dist: 4.393289112138711 vs. 4.393289112138711
list:
dist: 4.807108310216264 vs. 4.807108310216264
list:
dist: 4.055836287978851 vs. 4.055836287978851
list:
dist: 3.7714590706373583 vs. 3.7714590706373583
list:
dist: 4.2687516623585315 vs. 4.2687516623585315
list:
dist: 1.7189931551006479 vs. 1.7189931551006479
list:
dist: 1.1109925768942506 vs. 1.1109925768942506
list:
dist: 1.600231697080139 vs. 1.600231697080139
list:
dist: 1.846002893177086 vs. 1.846002893177086
list:
dist: 1.3499567064900373 vs. 1.3499567064900373
list:
dist: 0.9026243184642212 vs. 0.9026243184642212
list:
dist: 1.133967453411016 vs. 1.133967453411016
list:
dist: 2.1192186235309163 vs. 2.1192186235309163
list:
dist: 2.2636709339071537 vs. 2.2636709339071537
list:
dist: 2.267575868245046 vs. 2.267575868245046
list:
dist: 1.4203114141838071 vs. 1.4203114141838071
list:
dist: 1.2318217893282157 vs. 1.2318217893282157
list:
dist: 1.5657404685056655 vs. 1.5657404685056655
list:
dist: 2.6249051564153563 vs. 2.6249051564153563
list:
dist: 1.9790380807525103 vs. 1.9790380807525103
list:
dist: 2.3289397834722156 vs. 2.3289397834722156
list:
dist: 2.684521653193243 vs. 2.684521653193243
list:
dist: 2.359460533442497 vs. 2.359460533442497
list:
dist: 2.8829219145002285 vs. 2.8829219145002285
list:
dist: 3.4782540707706526 vs. 3.4782540707706526
list:
dist: 2.9382435298646215 vs. 2.9382435298646215
list:
dist: 2.8506027691689604 vs. 2.8506027691689604
list:
dist: 3.3797150784783585 vs. 3.3797150784783585
list:
dist: 4.15762312399842 vs. 4.15762312399842
list:
dist: 2.9254315534127744 vs. 2.9254315534127744
list:
dist: 4.708255388991036 vs. 4.708255388991036
list:
dist: 1.4106629794504493 vs. 1.4106629794504493
list:
dist: 0.976426117969494 vs. 0.976426117969494
list:
dist: 0.29088056773808235 vs. 0.29088056773808235
list:
dist: 0.8191834139671356 vs. 0.8191834139671356
list:
dist: 0.8195636996511566 vs. 0.8195636996511566
list:
dist: 0.5668383551225593 vs. 0.5668383551225593
list:
dist: 1.3796064046463636 vs. 1.3796064046463636
list:
dist: 1.088311967651494 vs. 1.088311967651494
list:
dist: 1.5631874274285396 vs. 1.5631874274285396
list:
dist: 1.2142814695112936 vs. 1.2142814695112936
list:
dist: 1.3499567064900373 vs. 1.3499567064900373
list:
dist: 1.310486071423205 vs. 1.310486071423205
list:
dist: 1.5779069781757038 vs. 1.5779069781757038
list:
dist: 2.4579681303318623 vs. 2.4579681303318623
list:
dist: 1.6674080812388274 vs. 1.6674080812388274
list:
dist: 2.7731164444178087 vs. 2.7731164444178087
list:
dist: 2.3885812249046987 vs. 2.3885812249046987
list:
dist: 1.704004839503193 vs. 1.704004839503193
list:
dist: 2.311513628315863 vs. 2.311513628315863
list:
dist: 3.0226110298053497 vs. 3.0226110298053497
list:
dist: 2.7090941186544577 vs. 2.7090941186544577
list:
dist: 2.9653673114425145 vs. 2.9653673114425145
list:
dist: 3.331758306536831 vs. 3.331758306536831
list:
dist: 1.670690556180303 vs. 1.670690556180303
list:
dist: 1.8871605701599443 vs. 1.8871605701599443
list:
dist: 1.585662846496432 vs. 1.585662846496432
list:
dist: 2.314081438871033 vs. 2.314081438871033
list:
dist: 1.5779069781757038 vs. 1.5779069781757038
list:
dist: 1.6743698042802886 vs. 1.6743698042802886
list:
dist: 1.0387169200154434 vs. 1.0387169200154434
list:
dist: 1.447729104368603 vs. 1.447729104368603
list:
dist: 1.6467299444219528 vs. 1.6467299444219528
list:
dist: 1.0209798132740595 vs. 1.0209798132740595
list:
dist: 0.5656780693517868 vs. 0.5656780693517868
list:
dist: 1.5657404685056655 vs. 1.5657404685056655
list:
dist: 0.3592000717261307 vs. 0.3592000717261307
list:
dist: 1.0870628526369923 vs. 1.0870628526369923
list:
dist: 0.7097012149471947 vs. 0.7097012149471947
list:
dist: 1.2909506743765657 vs. 1.2909506743765657
list:
dist: 1.143471291344589 vs. 1.143471291344589
list:
dist: 1.191436047825216 vs. 1.191436047825216
list:
dist: 1.4086505160159999 vs. 1.4086505160159999
list:
dist: 2.0450681763241776 vs. 2.0450681763241776
list:
dist: 1.39563277655455 vs. 1.39563277655455
list:
dist: 1.6386596733145606 vs. 1.6386596733145606
list:
dist: 1.9070625915018864 vs. 1.9070625915018864
list:
dist: 2.9520045666378403 vs. 2.9520045666378403
list:
dist: 1.638704669286599 vs. 1.638704669286599
list:
dist: 3.697639825536414 vs. 3.697639825536414
list:
dist: 1.9322375136728895 vs. 1.9322375136728895
list:
dist: 1.2383054809522758 vs. 1.2383054809522758
list:
dist: 1.0904279387532159 vs. 1.0904279387532159
list:
dist: 1.4088109477958168 vs. 1.4088109477958168
list:
dist: 0.8195636996511566 vs. 0.8195636996511566
list:
dist: 0.9332087344708413 vs. 0.9332087344708413
list:
dist: 2.0568634472526544 vs. 2.0568634472526544
list:
dist: 1.8201988411375587 vs. 1.8201988411375587
list:
dist: 1.999744511646049 vs. 1.999744511646049
list:
dist: 1.2451592519990322 vs. 1.2451592519990322
list:
dist: 0.9026243184642212 vs. 0.9026243184642212
list:
dist: 1.3812934276046407 vs. 1.3812934276046407
list:
dist: 1.6743698042802886 vs. 1.6743698042802886
list:
dist: 2.721718941190895 vs. 2.721718941190895
list:
dist: 2.0569865418174302 vs. 2.0569865418174302
list:
dist: 2.792998645098778 vs. 2.792998645098778
list:
dist: 2.7111953706158594 vs. 2.7111953706158594
list:
dist: 1.967329657656582 vs. 1.967329657656582
list:
dist: 2.73986583405828 vs. 2.73986583405828
list:
dist: 3.215088727714526 vs. 3.215088727714526
list:
dist: 2.8935499538997504 vs. 2.8935499538997504
list:
dist: 2.84337777139938 vs. 2.84337777139938
list:
dist: 3.41332941376433 vs. 3.41332941376433
list:
dist: 1.1901241714658648 vs. 1.1901241714658648
list:
dist: 1.0199755045092314 vs. 1.0199755045092314
list:
dist: 0.6441475183367938 vs. 0.6441475183367938
list:
dist: 1.290654888929688 vs. 1.290654888929688
list:
dist: 0.5668383551225593 vs. 0.5668383551225593
list:
dist: 0.9332087344708413 vs. 0.9332087344708413
list:
dist: 1.151548134596336 vs. 1.151548134596336
list:
dist: 1.13889824422309 vs. 1.13889824422309
list:
dist: 1.2611370608610608 vs. 1.2611370608610608
list:
dist: 0.7859062611704538 vs. 0.7859062611704538
list:
dist: 1.133967453411016 vs. 1.133967453411016
list:
dist: 0.7537951156727809 vs. 0.7537951156727809
list:
dist: 1.0387169200154434 vs. 1.0387169200154434
list:
dist: 1.9666044777231602 vs. 1.9666044777231602
list:
dist: 1.1832185180653605 vs. 1.1832185180653605
list:
dist: 2.206432088130763 vs. 2.206432088130763
list:
dist: 1.9306836454708356 vs. 1.9306836454708356
list:
dist: 1.4664072411694669 vs. 1.4664072411694669
list:
dist: 1.9572145196712374 vs. 1.9572145196712374
list:
dist: 2.714425654138182 vs. 2.714425654138182
list:
dist: 2.27301109219193 vs. 2.27301109219193
list:
dist: 2.535517464732785 vs. 2.535517464732785
list:
dist: 2.871273165331522 vs. 2.871273165331522
list:
dist: 0.9867205763404311 vs. 0.9867205763404311
list:
dist: 1.375638634205055 vs. 1.375638634205055
list:
dist: 1.5128940741924406 vs. 1.5128940741924406
list:
dist: 1.4106629794504493 vs. 1.4106629794504493
list:
dist: 1.9322375136728895 vs. 1.9322375136728895
list:
dist: 1.1901241714658648 vs. 1.1901241714658648
list:
dist: 0.8559662824669751 vs. 0.8559662824669751
list:
dist: 1.564777247181876 vs. 1.564777247181876
list:
dist: 1.8550882238446988 vs. 1.8550882238446988
list:
dist: 1.7912604745117557 vs. 1.7912604745117557
list:
dist: 1.7189931551006479 vs. 1.7189931551006479
list:
dist: 1.4480026358318232 vs. 1.4480026358318232
list:
dist: 1.670690556180303 vs. 1.670690556180303
list:
dist: 2.2171112632407146 vs. 2.2171112632407146
list:
dist: 1.3496969532274268 vs. 1.3496969532274268
list:
dist: 2.315830954130421 vs. 2.315830954130421
list:
dist: 2.188061165768238 vs. 2.188061165768238
list:
dist: 2.3180477138314686 vs. 2.3180477138314686
list:
dist: 2.274671241132602 vs. 2.274671241132602
list:
dist: 3.385678221853192 vs. 3.385678221853192
list:
dist: 2.7776879189321786 vs. 2.7776879189321786
list:
dist: 3.2971984988548484 vs. 3.2971984988548484
list:
dist: 3.3696922499107886 vs. 3.3696922499107886
list:
dist: 1.3496969532274268 vs. 1.3496969532274268
list:
dist: 1.9095906861520426 vs. 1.9095906861520426
list:
dist: 1.5706800734044146 vs. 1.5706800734044146
list:
dist: 2.246560931134016 vs. 2.246560931134016
list:
dist: 1.6674080812388274 vs. 1.6674080812388274
list:
dist: 2.0569865418174302 vs. 2.0569865418174302
list:
dist: 1.1832185180653605 vs. 1.1832185180653605
list:
dist: 0.9136824023669265 vs. 0.9136824023669265
list:
dist: 1.37021633601819 vs. 1.37021633601819
list:
dist: 0.8346049248749919 vs. 0.8346049248749919
list:
dist: 2.044423149041023 vs. 2.044423149041023
list:
dist: 1.06901669973186 vs. 1.06901669973186
list:
dist: 1.9790380807525103 vs. 1.9790380807525103
list:
dist: 0.8366701130798004 vs. 0.8366701130798004
list:
dist: 0.7097012149471947 vs. 0.7097012149471947
list:
dist: 0.9008130505211145 vs. 0.9008130505211145
list:
dist: 1.4456825452617685 vs. 1.4456825452617685
list:
dist: 0.8633776156388597 vs. 0.8633776156388597
list:
dist: 1.3059686733217641 vs. 1.3059686733217641
list:
dist: 1.0527770509592473 vs. 1.0527770509592473
list:
dist: 2.098904056752375 vs. 2.098904056752375
list:
dist: 1.429520533709405 vs. 1.429520533709405
list:
dist: 2.0753974813555174 vs. 2.0753974813555174
list:
dist: 2.0356171768587097 vs. 2.0356171768587097
list:
dist: 2.8625570734827037 vs. 2.8625570734827037
list:
dist: 3.713607097471439 vs. 3.713607097471439
list:
dist: 2.5634381047847925 vs. 2.5634381047847925
list:
dist: 3.9245258398990717 vs. 3.9245258398990717
list:
dist: 3.2159965125848657 vs. 3.2159965125848657
list:
dist: 1.9322792837341956 vs. 1.9322792837341956
list:
dist: 3.495491942239785 vs. 3.495491942239785
list:
dist: 4.428952008768686 vs. 4.428952008768686
list:
dist: 0.8559662824669751 vs. 0.8559662824669751
list:
dist: 1.545387868936668 vs. 1.545387868936668
list:
dist: 1.195796308521617 vs. 1.195796308521617
list:
dist: 1.644375271579143 vs. 1.644375271579143
list:
dist: 1.3796064046463636 vs. 1.3796064046463636
list:
dist: 2.0568634472526544 vs. 2.0568634472526544
list:
dist: 1.151548134596336 vs. 1.151548134596336
list:
dist: 0.918757537872556 vs. 0.918757537872556
list:
dist: 1.1742996566658064 vs. 1.1742996566658064
list:
dist: 2.2609914334027144 vs. 2.2609914334027144
list:
dist: 1.5398821370490081 vs. 1.5398821370490081
list:
dist: 2.1192186235309163 vs. 2.1192186235309163
list:
dist: 1.3688457919590233 vs. 1.3688457919590233
list:
dist: 1.447729104368603 vs. 1.447729104368603
list:
dist: 1.7369171138766497 vs. 1.7369171138766497
list:
dist: 0.9136824023669265 vs. 0.9136824023669265
list:
dist: 2.271519068785944 vs. 2.271519068785944
list:
dist: 1.62491645601913 vs. 1.62491645601913
list:
dist: 1.7065192287820945 vs. 1.7065192287820945
list:
dist: 1.5477496801497213 vs. 1.5477496801497213
list:
dist: 2.7091509131455767 vs. 2.7091509131455767
list:
dist: 2.218581610491052 vs. 2.218581610491052
list:
dist: 2.9175453200269397 vs. 2.9175453200269397
list:
dist: 2.876965759479445 vs. 2.876965759479445
list:
dist: 3.5558842040683643 vs. 3.5558842040683643
list:
dist: 4.074195253042045 vs. 4.074195253042045
list:
dist: 3.30421713274711 vs. 3.30421713274711
list:
dist: 4.5759076960613765 vs. 4.5759076960613765
list:
dist: 2.3180477138314686 vs. 2.3180477138314686
list:
dist: 2.473858856800363 vs. 2.473858856800363
list:
dist: 1.5846248706336712 vs. 1.5846248706336712
list:
dist: 2.407819369004543 vs. 2.407819369004543
list:
dist: 1.704004839503193 vs. 1.704004839503193
list:
dist: 1.967329657656582 vs. 1.967329657656582
list:
dist: 1.4664072411694669 vs. 1.4664072411694669
list:
dist: 1.7065192287820945 vs. 1.7065192287820945
list:
dist: 1.2858608693722704 vs. 1.2858608693722704
list:
dist: 0.5768092048571549 vs. 0.5768092048571549
list:
dist: 2.076361653070859 vs. 2.076361653070859
list:
dist: 0.9651797473026323 vs. 0.9651797473026323
list:
dist: 2.359460533442497 vs. 2.359460533442497
list:
dist: 1.3608039543718018 vs. 1.3608039543718018
list:
dist: 1.191436047825216 vs. 1.191436047825216
list:
dist: 1.4324159528487128 vs. 1.4324159528487128
list:
dist: 1.3059686733217641 vs. 1.3059686733217641
list:
dist: 2.2753243184212484 vs. 2.2753243184212484
list:
dist: 1.303268417996268 vs. 1.303268417996268
list:
dist: 1.0781432467907655 vs. 1.0781432467907655
list:
dist: 1.3276320456357307 vs. 1.3276320456357307
list:
dist: 1.2739760984036652 vs. 1.2739760984036652
list:
dist: 1.6827664740079329 vs. 1.6827664740079329
list:
dist: 1.8965619994376994 vs. 1.8965619994376994
list:
dist: 2.4753311006296386 vs. 2.4753311006296386
list:
dist: 2.8806110882989686 vs. 2.8806110882989686
list:
dist: 2.4499705230731115 vs. 2.4499705230731115
list:
dist: 3.3146327815376257 vs. 3.3146327815376257
list:
dist: 3.708988019378652 vs. 3.708988019378652
list:
dist: 3.065922184088702 vs. 3.065922184088702
list:
dist: 2.7157137133110854 vs. 2.7157137133110854
list:
dist: 3.04798071131122 vs. 3.04798071131122
list:
dist: 3.2189939442232562 vs. 3.2189939442232562
list:
dist: 2.0915918809366207 vs. 2.0915918809366207
list:
dist: 3.409545400790327 vs. 3.409545400790327
list:
dist: 2.7620891398603082 vs. 2.7620891398603082
list:
dist: 3.908144463807729 vs. 3.908144463807729
list:
dist: 4.942528262506673 vs. 4.942528262506673
list:
dist: 4.578359408318359 vs. 4.578359408318359
list:
dist: 4.1511715073397655 vs. 4.1511715073397655
list:
dist: 3.923898855411718 vs. 3.923898855411718
list:
dist: 4.885189253953403 vs. 4.885189253953403
list:
dist: 5.083010753866212 vs. 5.083010753866212
list:
dist: 3.785301538417032 vs. 3.785301538417032
list:
dist: 3.861764251619294 vs. 3.861764251619294
list:
dist: 2.8669825103109394 vs. 2.8669825103109394
list:
dist: 4.230550226376212 vs. 4.230550226376212
list:
dist: 4.395896073063699 vs. 4.395896073063699
list:
dist: 4.1516956076358635 vs. 4.1516956076358635
list:
dist: 1.4480026358318232 vs. 1.4480026358318232
list:
dist: 1.5472597919144364 vs. 1.5472597919144364
list:
dist: 1.3620341386688342 vs. 1.3620341386688342
list:
dist: 2.034338384597483 vs. 2.034338384597483
list:
dist: 1.310486071423205 vs. 1.310486071423205
list:
dist: 1.3812934276046407 vs. 1.3812934276046407
list:
dist: 0.7537951156727809 vs. 0.7537951156727809
list:
dist: 1.3688457919590233 vs. 1.3688457919590233
list:
dist: 1.5809115423949143 vs. 1.5809115423949143
list:
dist: 1.173224996737023 vs. 1.173224996737023
list:
dist: 0.5249633880334432 vs. 0.5249633880334432
list:
dist: 1.2318217893282157 vs. 1.2318217893282157
list:
dist: 0.3592000717261307 vs. 0.3592000717261307
list:
dist: 1.4131184668066725 vs. 1.4131184668066725
list:
dist: 0.8366701130798004 vs. 0.8366701130798004
list:
dist: 1.4852114920837598 vs. 1.4852114920837598
list:
dist: 1.4563843692543519 vs. 1.4563843692543519
list:
dist: 1.3608039543718018 vs. 1.3608039543718018
list:
dist: 1.6761807144955916 vs. 1.6761807144955916
list:
dist: 2.358652460880872 vs. 2.358652460880872
list:
dist: 1.749104840646923 vs. 1.749104840646923
list:
dist: 1.938096279720689 vs. 1.938096279720689
list:
dist: 2.2635061798257965 vs. 2.2635061798257965
list:
dist: 3.2667750510176403 vs. 3.2667750510176403
list:
dist: 1.9562689078072226 vs. 1.9562689078072226
list:
dist: 3.9713829774563845 vs. 3.9713829774563845
list:
dist: 2.274671241132602 vs. 2.274671241132602
list:
dist: 2.825906520667511 vs. 2.825906520667511
list:
dist: 2.136883746473297 vs. 2.136883746473297
list:
dist: 2.8881696834910113 vs. 2.8881696834910113
list:
dist: 2.311513628315863 vs. 2.311513628315863
list:
dist: 2.73986583405828 vs. 2.73986583405828
list:
dist: 1.9572145196712374 vs. 1.9572145196712374
list:
dist: 1.5477496801497213 vs. 1.5477496801497213
list:
dist: 1.5888749624754166 vs. 1.5888749624754166
list:
dist: 0.7773965299283302 vs. 0.7773965299283302
list:
dist: 1.1416755962750447 vs. 1.1416755962750447
list:
dist: 1.6026562883116422 vs. 1.6026562883116422
list:
dist: 2.8829219145002285 vs. 2.8829219145002285
list:
dist: 1.6761807144955916 vs. 1.6761807144955916
list:
dist: 1.4086505160159999 vs. 1.4086505160159999
list:
dist: 0.8087192076048476 vs. 0.8087192076048476
list:
dist: 1.0527770509592473 vs. 1.0527770509592473
list:
dist: 1.9712734311271785 vs. 1.9712734311271785
list:
dist: 0.5657802799376364 vs. 0.5657802799376364
list:
dist: 1.0781432467907655 vs. 1.0781432467907655
list:
dist: 1.2783293539671305 vs. 1.2783293539671305
list:
dist: 0.8987445192451567 vs. 0.8987445192451567
list:
dist: 1.8965718470723176 vs. 1.8965718470723176
list:
dist: 1.5602930334944254 vs. 1.5602930334944254
list:
dist: 2.022923470148269 vs. 2.022923470148269
list:
dist: 2.6906803022872268 vs. 2.6906803022872268
list:
dist: 1.8415694670508747 vs. 1.8415694670508747
list:
dist: 3.03331556971314 vs. 3.03331556971314
list:
dist: 4.035265860300991 vs. 4.035265860300991
list:
dist: 3.0527554343846757 vs. 3.0527554343846757
list:
dist: 2.823688013063884 vs. 2.823688013063884
list:
dist: 3.3919523382563193 vs. 3.3919523382563193
list:
dist: 2.9666185354615564 vs. 2.9666185354615564
list:
dist: 1.8981064607780413 vs. 1.8981064607780413
list:
dist: 3.681344115592804 vs. 3.681344115592804
list:
dist: 2.7942172466052244 vs. 2.7942172466052244
list:
dist: 3.791965668587796 vs. 3.791965668587796
list:
dist: 5.145908765998675 vs. 5.145908765998675
list:
dist: 4.843051398783262 vs. 4.843051398783262
list:
dist: 4.1663417625927694 vs. 4.1663417625927694
list:
dist: 4.108670440565238 vs. 4.108670440565238
list:
dist: 4.85818005483127 vs. 4.85818005483127
list:
dist: 5.0695025892997325 vs. 5.0695025892997325
list:
dist: 3.8665264629622 vs. 3.8665264629622
list:
dist: 3.8222459925573515 vs. 3.8222459925573515
list:
dist: 3.012287979331733 vs. 3.012287979331733
list:
dist: 4.191890256777886 vs. 4.191890256777886
list:
dist: 4.5666861804706675 vs. 4.5666861804706675
list:
dist: 4.074738354559274 vs. 4.074738354559274
list:
dist: 1.8550882238446988 vs. 1.8550882238446988
list:
dist: 2.196453565600839 vs. 2.196453565600839
list:
dist: 1.398733754955475 vs. 1.398733754955475
list:
dist: 2.1917152004438494 vs. 2.1917152004438494
list:
dist: 1.5631874274285396 vs. 1.5631874274285396
list:
dist: 1.999744511646049 vs. 1.999744511646049
list:
dist: 1.2611370608610608 vs. 1.2611370608610608
list:
dist: 1.1742996566658064 vs. 1.1742996566658064
list:
dist: 0.9721675925766419 vs. 0.9721675925766419
list:
dist: 1.8129125296422435 vs. 1.8129125296422435
list:
dist: 0.9813282560362654 vs. 0.9813282560362654
list:
dist: 2.267575868245046 vs. 2.267575868245046
list:
dist: 1.173224996737023 vs. 1.173224996737023
list:
dist: 1.0209798132740595 vs. 1.0209798132740595
list:
dist: 1.1728286761724815 vs. 1.1728286761724815
list:
dist: 0.8346049248749919 vs. 0.8346049248749919
list:
dist: 2.0634712287921295 vs. 2.0634712287921295
list:
dist: 1.0101534829983019 vs. 1.0101534829983019
list:
dist: 0.5768092048571549 vs. 0.5768092048571549
list:
dist: 0.7773965299283302 vs. 0.7773965299283302
list:
dist: 1.5981868495498237 vs. 1.5981868495498237
list:
dist: 1.2951952224007839 vs. 1.2951952224007839
list:
dist: 1.9541549007300134 vs. 1.9541549007300134
list:
dist: 1.9874422815456585 vs. 1.9874422815456585
list:
dist: 2.608024502452687 vs. 2.608024502452687
list:
dist: 3.104382058020313 vs. 3.104382058020313
list:
dist: 2.47810619037275 vs. 2.47810619037275
list:
dist: 3.5525469454465015 vs. 3.5525469454465015
list:
dist: 4.183499205719242 vs. 4.183499205719242
list:
dist: 3.3995616005981333 vs. 3.3995616005981333
list:
dist: 3.0975387871707096 vs. 3.0975387871707096
list:
dist: 3.527531596971429 vs. 3.527531596971429
list:
dist: 2.2609914334027144 vs. 2.2609914334027144
list:
dist: 2.316953439020738 vs. 2.316953439020738
list:
dist: 1.8129125296422435 vs. 1.8129125296422435
list:
dist: 1.703716318317586 vs. 1.703716318317586
list:
dist: 2.044423149041023 vs. 2.044423149041023
list:
dist: 2.828459562099355 vs. 2.828459562099355
list:
dist: 1.49999838277953 vs. 1.49999838277953
list:
dist: 2.076361653070859 vs. 2.076361653070859
list:
dist: 1.1416755962750447 vs. 1.1416755962750447
list:
dist: 1.7630704199334046 vs. 1.7630704199334046
list:
dist: 1.714043541247233 vs. 1.714043541247233
list:
dist: 2.773378500416895 vs. 2.773378500416895
list:
dist: 2.1337911854763663 vs. 2.1337911854763663
list:
dist: 2.015183924864658 vs. 2.015183924864658
list:
dist: 2.307910750825149 vs. 2.307910750825149
list:
dist: 1.9025853491900149 vs. 1.9025853491900149
list:
dist: 2.877770564580609 vs. 2.877770564580609
list:
dist: 3.385678221853192 vs. 3.385678221853192
list:
dist: 3.714808327765074 vs. 3.714808327765074
list:
dist: 2.8971490546417993 vs. 2.8971490546417993
list:
dist: 3.7161591223397896 vs. 3.7161591223397896
list:
dist: 3.0226110298053497 vs. 3.0226110298053497
list:
dist: 3.215088727714526 vs. 3.215088727714526
list:
dist: 2.714425654138182 vs. 2.714425654138182
list:
dist: 2.7091509131455767 vs. 2.7091509131455767
list:
dist: 2.456458838581235 vs. 2.456458838581235
list:
dist: 1.5981868495498237 vs. 1.5981868495498237
list:
dist: 1.7630704199334046 vs. 1.7630704199334046
list:
dist: 2.0781562182276163 vs. 2.0781562182276163
list:
dist: 3.4782540707706526 vs. 3.4782540707706526
list:
dist: 2.358652460880872 vs. 2.358652460880872
list:
dist: 2.0450681763241776 vs. 2.0450681763241776
list:
dist: 1.5520314914614137 vs. 1.5520314914614137
list:
dist: 2.098904056752375 vs. 2.098904056752375
list:
dist: 2.5167350934628043 vs. 2.5167350934628043
list:
dist: 1.4539114317655013 vs. 1.4539114317655013
list:
dist: 1.3276320456357307 vs. 1.3276320456357307
list:
dist: 1.2783293539671305 vs. 1.2783293539671305
list:
dist: 0.9068590234188025 vs. 0.9068590234188025
list:
dist: 1.3747700800488973 vs. 1.3747700800488973
list:
dist: 1.1398467467159825 vs. 1.1398467467159825
list:
dist: 1.2139352402332195 vs. 1.2139352402332195
list:
dist: 1.8650879808655794 vs. 1.8650879808655794
list:
dist: 1.3882602661668773 vs. 1.3882602661668773
list:
dist: 1.9892700812141035 vs. 1.9892700812141035
list:
dist: 2.7988437314992614 vs. 2.7988437314992614
list:
dist: 1.945030884171513 vs. 1.945030884171513
list:
dist: 1.641688459681731 vs. 1.641688459681731
list:
dist: 2.1237095514562516 vs. 2.1237095514562516
list:
dist: 2.45489147820986 vs. 2.45489147820986
list:
dist: 1.793187357012956 vs. 1.793187357012956
list:
dist: 2.565315080191413 vs. 2.565315080191413
list:
dist: 1.587855650511151 vs. 1.587855650511151
list:
dist: 2.725557065385208 vs. 2.725557065385208
list:
dist: 3.9142885139109054 vs. 3.9142885139109054
list:
dist: 3.5983823883789765 vs. 3.5983823883789765
list:
dist: 2.9579620518345577 vs. 2.9579620518345577
list:
dist: 2.844880594187717 vs. 2.844880594187717
list:
dist: 3.6671577935574486 vs. 3.6671577935574486
list:
dist: 3.8774933944160765 vs. 3.8774933944160765
list:
dist: 2.616134667955034 vs. 2.616134667955034
list:
dist: 2.618532415902215 vs. 2.618532415902215
list:
dist: 1.7466241994794585 vs. 1.7466241994794585
list:
dist: 3.028863388521845 vs. 3.028863388521845
list:
dist: 3.4248428803079034 vs. 3.4248428803079034
list:
dist: 2.9835968518362423 vs. 2.9835968518362423
list:
dist: 1.7912604745117557 vs. 1.7912604745117557
list:
dist: 1.7609044252830672 vs. 1.7609044252830672
list:
dist: 1.248074848013352 vs. 1.248074848013352
list:
dist: 2.0177532932610642 vs. 2.0177532932610642
list:
dist: 1.2142814695112936 vs. 1.2142814695112936
list:
dist: 1.2451592519990322 vs. 1.2451592519990322
list:
dist: 0.7859062611704538 vs. 0.7859062611704538
list:
dist: 1.5398821370490081 vs. 1.5398821370490081
list:
dist: 1.4334955653673456 vs. 1.4334955653673456
list:
dist: 0.9813282560362654 vs. 0.9813282560362654
list:
dist: 1.4203114141838071 vs. 1.4203114141838071
list:
dist: 0.5249633880334432 vs. 0.5249633880334432
list:
dist: 0.5656780693517868 vs. 0.5656780693517868
list:
dist: 1.518599586937385 vs. 1.518599586937385
list:
dist: 1.06901669973186 vs. 1.06901669973186
list:
dist: 1.8303491231406948 vs. 1.8303491231406948
list:
dist: 1.5134218687653143 vs. 1.5134218687653143
list:
dist: 0.9651797473026323 vs. 0.9651797473026323
list:
dist: 1.6026562883116422 vs. 1.6026562883116422
list:
dist: 2.0781562182276163 vs. 2.0781562182276163
list:
dist: 1.6515965752498951 vs. 1.6515965752498951
list:
dist: 1.7631326017268916 vs. 1.7631326017268916
list:
dist: 2.1924817274553554 vs. 2.1924817274553554
list:
dist: 3.2768336199790706 vs. 3.2768336199790706
list:
dist: 2.0090147949883503 vs. 2.0090147949883503
list:
dist: 3.7018849562870026 vs. 3.7018849562870026
list:
dist: 2.2171112632407146 vs. 2.2171112632407146
list:
dist: 2.774715241491475 vs. 2.774715241491475
list:
dist: 2.3629043219427874 vs. 2.3629043219427874
list:
dist: 3.105245685926733 vs. 3.105245685926733
list:
dist: 2.4579681303318623 vs. 2.4579681303318623
list:
dist: 2.721718941190895 vs. 2.721718941190895
list:
dist: 1.9666044777231602 vs. 1.9666044777231602
list:
dist: 1.7369171138766497 vs. 1.7369171138766497
list:
dist: 2.045679818057025 vs. 2.045679818057025
list:
dist: 1.1728286761724815 vs. 1.1728286761724815
list:
dist: 1.703716318317586 vs. 1.703716318317586
list:
dist: 1.518599586937385 vs. 1.518599586937385
list:
dist: 2.6249051564153563 vs. 2.6249051564153563
list:
dist: 1.4131184668066725 vs. 1.4131184668066725
list:
dist: 1.0870628526369923 vs. 1.0870628526369923
list:
dist: 0.9008130505211145 vs. 0.9008130505211145
list:
dist: 1.1860276727868562 vs. 1.1860276727868562
list:
dist: 0.24607972526644017 vs. 0.24607972526644017
list:
dist: 1.4324159528487128 vs. 1.4324159528487128
list:
dist: 0.8087192076048476 vs. 0.8087192076048476
list:
dist: 1.5520314914614137 vs. 1.5520314914614137
list:
dist: 0.7014970144388326 vs. 0.7014970144388326
list:
dist: 1.5398568296815773 vs. 1.5398568296815773
list:
dist: 1.2030335252024442 vs. 1.2030335252024442
list:
dist: 2.0476086807819915 vs. 2.0476086807819915
list:
dist: 3.2064092552586634 vs. 3.2064092552586634
list:
dist: 1.6879439639017235 vs. 1.6879439639017235
list:
dist: 3.1487843567955163 vs. 3.1487843567955163
list:
dist: 2.4184609124112657 vs. 2.4184609124112657
list:
dist: 1.244460995341711 vs. 1.244460995341711
list:
dist: 2.7847691659288407 vs. 2.7847691659288407
list:
dist: 3.6163345376404163 vs. 3.6163345376404163
list:
dist: 2.188061165768238 vs. 2.188061165768238
list:
dist: 2.760095774468187 vs. 2.760095774468187
list:
dist: 2.267919439232914 vs. 2.267919439232914
list:
dist: 3.0153211100676764 vs. 3.0153211100676764
list:
dist: 2.3885812249046987 vs. 2.3885812249046987
list:
dist: 2.7111953706158594 vs. 2.7111953706158594
list:
dist: 1.9306836454708356 vs. 1.9306836454708356
list:
dist: 1.62491645601913 vs. 1.62491645601913
list:
dist: 1.8807372993973825 vs. 1.8807372993973825
list:
dist: 1.0101534829983019 vs. 1.0101534829983019
list:
dist: 1.49999838277953 vs. 1.49999838277953
list:
dist: 1.5134218687653143 vs. 1.5134218687653143
list:
dist: 2.684521653193243 vs. 2.684521653193243
list:
dist: 1.4563843692543519 vs. 1.4563843692543519
list:
dist: 1.143471291344589 vs. 1.143471291344589
list:
dist: 0.24607972526644017 vs. 0.24607972526644017
list:
dist: 0.8633776156388597 vs. 0.8633776156388597
list:
dist: 1.4191830512561463 vs. 1.4191830512561463
list:
dist: 1.303268417996268 vs. 1.303268417996268
list:
dist: 0.5657802799376364 vs. 0.5657802799376364
list:
dist: 1.4539114317655013 vs. 1.4539114317655013
list:
dist: 0.7000070935245222 vs. 0.7000070935245222
list:
dist: 1.6438612375248978 vs. 1.6438612375248978
list:
dist: 1.2911767676279837 vs. 1.2911767676279837
list:
dist: 2.0236275928783587 vs. 2.0236275928783587
list:
dist: 3.0527443735708117 vs. 3.0527443735708117
list:
dist: 1.708299772844254 vs. 1.708299772844254
list:
dist: 3.111627571519758 vs. 3.111627571519758
list:
dist: 2.5874033674195824 vs. 2.5874033674195824
list:
dist: 1.4444665737900595 vs. 1.4444665737900595
list:
dist: 2.790289810856354 vs. 2.790289810856354
list:
dist: 3.675083487186934 vs. 3.675083487186934
list:
dist: 2.7776879189321786 vs. 2.7776879189321786
list:
dist: 3.2039250959417993 vs. 3.2039250959417993
list:
dist: 2.6133864234761854 vs. 2.6133864234761854
list:
dist: 3.4197855041959673 vs. 3.4197855041959673
list:
dist: 2.7090941186544577 vs. 2.7090941186544577
list:
dist: 2.8935499538997504 vs. 2.8935499538997504
list:
dist: 2.27301109219193 vs. 2.27301109219193
list:
dist: 2.218581610491052 vs. 2.218581610491052
list:
dist: 2.2633553652816905 vs. 2.2633553652816905
list:
dist: 1.2951952224007839 vs. 1.2951952224007839
list:
dist: 1.714043541247233 vs. 1.714043541247233
list:
dist: 1.6515965752498951 vs. 1.6515965752498951
list:
dist: 2.9382435298646215 vs. 2.9382435298646215
list:
dist: 1.749104840646923 vs. 1.749104840646923
list:
dist: 1.39563277655455 vs. 1.39563277655455
list:
dist: 0.7014970144388326 vs. 0.7014970144388326
list:
dist: 1.429520533709405 vs. 1.429520533709405
list:
dist: 1.6276391961710959 vs. 1.6276391961710959
list:
dist: 0.7000070935245222 vs. 0.7000070935245222
list:
dist: 1.2739760984036652 vs. 1.2739760984036652
list:
dist: 0.8987445192451567 vs. 0.8987445192451567
list:
dist: 0.9068590234188025 vs. 0.9068590234188025
list:
dist: 1.0829866156015195 vs. 1.0829866156015195
list:
dist: 0.700145716258015 vs. 0.700145716258015
list:
dist: 1.4904453173915975 vs. 1.4904453173915975
list:
dist: 2.663209279394759 vs. 2.663209279394759
list:
dist: 1.2720768177792472 vs. 1.2720768177792472
list:
dist: 2.5365405914871295 vs. 2.5365405914871295
list:
dist: 3.628520355138289 vs. 3.628520355138289
list:
dist: 2.793367497519553 vs. 2.793367497519553
list:
dist: 2.5129255344085797 vs. 2.5129255344085797
list:
dist: 2.8242824021783104 vs. 2.8242824021783104
list:
dist: 2.1076357546893316 vs. 2.1076357546893316
list:
dist: 1.1009869520788853 vs. 1.1009869520788853
list:
dist: 2.873243717692078 vs. 2.873243717692078
list:
dist: 2.1030780673402543 vs. 2.1030780673402543
list:
dist: 3.021365113622557 vs. 3.021365113622557
list:
dist: 4.410852283549914 vs. 4.410852283549914
list:
dist: 4.127313635966325 vs. 4.127313635966325
list:
dist: 3.698803327254039 vs. 3.698803327254039
list:
dist: 3.4594543055302496 vs. 3.4594543055302496
list:
dist: 4.195039890803181 vs. 4.195039890803181
list:
dist: 4.390852600068158 vs. 4.390852600068158
list:
dist: 3.2661617353902233 vs. 3.2661617353902233
list:
dist: 3.231472502387415 vs. 3.231472502387415
list:
dist: 2.3953987658052207 vs. 2.3953987658052207
list:
dist: 3.4754408754150785 vs. 3.4754408754150785
list:
dist: 3.751737069724544 vs. 3.751737069724544
list:
dist: 3.2998286824432905 vs. 3.2998286824432905
list:
dist: 3.3696922499107886 vs. 3.3696922499107886
list:
dist: 3.781688852290902 vs. 3.781688852290902
list:
dist: 3.263302544647098 vs. 3.263302544647098
list:
dist: 4.07102530321338 vs. 4.07102530321338
list:
dist: 3.331758306536831 vs. 3.331758306536831
list:
dist: 3.41332941376433 vs. 3.41332941376433
list:
dist: 2.871273165331522 vs. 2.871273165331522
list:
dist: 2.876965759479445 vs. 2.876965759479445
list:
dist: 2.9586266360033693 vs. 2.9586266360033693
list:
dist: 1.9874422815456585 vs. 1.9874422815456585
list:
dist: 2.1337911854763663 vs. 2.1337911854763663
list:
dist: 2.1924817274553554 vs. 2.1924817274553554
list:
dist: 3.3797150784783585 vs. 3.3797150784783585
list:
dist: 2.2635061798257965 vs. 2.2635061798257965
list:
dist: 1.9070625915018864 vs. 1.9070625915018864
list:
dist: 1.2030335252024442 vs. 1.2030335252024442
list:
dist: 2.0356171768587097 vs. 2.0356171768587097
list:
dist: 1.7452403781138286 vs. 1.7452403781138286
list:
dist: 1.2911767676279837 vs. 1.2911767676279837
list:
dist: 1.8965619994376994 vs. 1.8965619994376994
list:
dist: 1.5602930334944254 vs. 1.5602930334944254
list:
dist: 1.1398467467159825 vs. 1.1398467467159825
list:
dist: 0.700145716258015 vs. 0.700145716258015
list:
dist: 0.941528048606175 vs. 0.941528048606175
list:
dist: 1.1472223842110196 vs. 1.1472223842110196
list:
dist: 2.7252942900908725 vs. 2.7252942900908725
list:
dist: 0.8681196461655618 vs. 0.8681196461655618
list:
dist: 2.1646990071639007 vs. 2.1646990071639007
list:
dist: 3.475265596516993 vs. 3.475265596516993
list:
dist: 2.707004870268647 vs. 2.707004870268647
list:
dist: 2.4473835388737255 vs. 2.4473835388737255
list:
dist: 2.593288983638035 vs. 2.593288983638035
list:
dist: 1.4418196055739896 vs. 1.4418196055739896
list:
dist: 0.8100533166051831 vs. 0.8100533166051831
list:
dist: 2.4075726128155406 vs. 2.4075726128155406
list:
dist: 1.694819192398957 vs. 1.694819192398957
list:
dist: 2.4178249180369358 vs. 2.4178249180369358
list:
dist: 3.921686713447604 vs. 3.921686713447604
list:
dist: 3.6828630039018027 vs. 3.6828630039018027
list:
dist: 3.3892861033716537 vs. 3.3892861033716537
list:
dist: 3.0621149708034268 vs. 3.0621149708034268
list:
dist: 3.6881843735988498 vs. 3.6881843735988498
list:
dist: 3.871616942506423 vs. 3.871616942506423
list:
dist: 2.8821142903337567 vs. 2.8821142903337567
list:
dist: 2.8143553619928707 vs. 2.8143553619928707
list:
dist: 2.0797726471911364 vs. 2.0797726471911364
list:
dist: 2.936282190153426 vs. 2.936282190153426
list:
dist: 3.204354520305999 vs. 3.204354520305999
list:
dist: 2.7000985833468825 vs. 2.7000985833468825
list:
dist: 3.30421713274711 vs. 3.30421713274711
list:
dist: 3.401177946310521 vs. 3.401177946310521
list:
dist: 2.47810619037275 vs. 2.47810619037275
list:
dist: 1.9025853491900149 vs. 1.9025853491900149
list:
dist: 1.6879439639017235 vs. 1.6879439639017235
list:
dist: 2.5634381047847925 vs. 2.5634381047847925
list:
dist: 2.3678935378605 vs. 2.3678935378605
list:
dist: 1.708299772844254 vs. 1.708299772844254
list:
dist: 2.4499705230731115 vs. 2.4499705230731115
list:
dist: 1.8415694670508747 vs. 1.8415694670508747
list:
dist: 1.3882602661668773 vs. 1.3882602661668773
list:
dist: 1.2720768177792472 vs. 1.2720768177792472
list:
dist: 1.771287046487727 vs. 1.771287046487727
list:
dist: 0.8681196461655618 vs. 0.8681196461655618
list:
dist: 0.5879409744803963 vs. 0.5879409744803963
list:
dist: 2.3504774575704923 vs. 2.3504774575704923
list:
dist: 1.6545940441684241 vs. 1.6545940441684241
list:
dist: 3.436768308763063 vs. 3.436768308763063
list:
dist: 2.423520574880789 vs. 2.423520574880789
list:
dist: 2.3118526979444387 vs. 2.3118526979444387
list:
dist: 2.717184697128037 vs. 2.717184697128037
list:
dist: 2.810162432793607 vs. 2.810162432793607
list:
dist: 3.3455783929983833 vs. 3.3455783929983833
list:
dist: 1.6845753033848234 vs. 1.6845753033848234
list:
dist: 1.5732447310491313 vs. 1.5732447310491313
list:
dist: 2.693530976190661 vs. 2.693530976190661
list:
dist: 1.6954537835977332 vs. 1.6954537835977332
list:
dist: 2.2278471993250073 vs. 2.2278471993250073
list:
dist: 3.902074832592818 vs. 3.902074832592818
list:
dist: 3.7212493558921254 vs. 3.7212493558921254
list:
dist: 3.075961372134634 vs. 3.075961372134634
list:
dist: 3.0116974810165074 vs. 3.0116974810165074
list:
dist: 3.4058789827724834 vs. 3.4058789827724834
list:
dist: 3.6056180567830554 vs. 3.6056180567830554
list:
dist: 2.713965189511629 vs. 2.713965189511629
list:
dist: 2.5255920595662658 vs. 2.5255920595662658
list:
dist: 2.0926654257374 vs. 2.0926654257374
list:
dist: 2.7222539421136536 vs. 2.7222539421136536
list:
dist: 3.295576002939534 vs. 3.295576002939534
list:
dist: 2.5308579191528406 vs. 2.5308579191528406
list:
dist: 3.812003332974884 vs. 3.812003332974884
list:
dist: 2.315830954130421 vs. 2.315830954130421
list:
dist: 2.756806029428968 vs. 2.756806029428968
list:
dist: 2.79183623242015 vs. 2.79183623242015
list:
dist: 3.4191551186158655 vs. 3.4191551186158655
list:
dist: 2.7731164444178087 vs. 2.7731164444178087
list:
dist: 2.792998645098778 vs. 2.792998645098778
list:
dist: 2.206432088130763 vs. 2.206432088130763
list:
dist: 2.271519068785944 vs. 2.271519068785944
list:
dist: 2.784699491255993 vs. 2.784699491255993
list:
dist: 2.0634712287921295 vs. 2.0634712287921295
list:
dist: 2.828459562099355 vs. 2.828459562099355
list:
dist: 1.8303491231406948 vs. 1.8303491231406948
list:
dist: 2.3289397834722156 vs. 2.3289397834722156
list:
dist: 1.4852114920837598 vs. 1.4852114920837598
list:
dist: 1.2909506743765657 vs. 1.2909506743765657
list:
dist: 1.1860276727868562 vs. 1.1860276727868562
list:
dist: 1.4456825452617685 vs. 1.4456825452617685
list:
dist: 1.4191830512561463 vs. 1.4191830512561463
list:
dist: 2.2753243184212484 vs. 2.2753243184212484
list:
dist: 1.9712734311271785 vs. 1.9712734311271785
list:
dist: 2.5167350934628043 vs. 2.5167350934628043
list:
dist: 1.6276391961710959 vs. 1.6276391961710959
list:
dist: 1.7859239022704863 vs. 1.7859239022704863
list:
dist: 1.7452403781138286 vs. 1.7452403781138286
list:
dist: 2.8261858431379236 vs. 2.8261858431379236
list:
dist: 4.273863224838967 vs. 4.273863224838967
list:
dist: 2.3678935378605 vs. 2.3678935378605
list:
dist: 3.8961172165185967 vs. 3.8961172165185967
list:
dist: 2.2770857967239753 vs. 2.2770857967239753
list:
dist: 1.1469160254958675 vs. 1.1469160254958675
list:
dist: 3.3675069496442793 vs. 3.3675069496442793
list:
dist: 3.953950296965913 vs. 3.953950296965913
list:
dist: 3.2971984988548484 vs. 3.2971984988548484
list:
dist: 3.461423780522858 vs. 3.461423780522858
list:
dist: 2.9655479200058457 vs. 2.9655479200058457
list:
dist: 3.769196062429841 vs. 3.769196062429841
list:
dist: 2.9653673114425145 vs. 2.9653673114425145
list:
dist: 2.84337777139938 vs. 2.84337777139938
list:
dist: 2.535517464732785 vs. 2.535517464732785
list:
dist: 2.9175453200269397 vs. 2.9175453200269397
list:
dist: 2.8673616157682438 vs. 2.8673616157682438
list:
dist: 1.9541549007300134 vs. 1.9541549007300134
list:
dist: 2.773378500416895 vs. 2.773378500416895
list:
dist: 1.7631326017268916 vs. 1.7631326017268916
list:
dist: 2.8506027691689604 vs. 2.8506027691689604
list:
dist: 1.938096279720689 vs. 1.938096279720689
list:
dist: 1.6386596733145606 vs. 1.6386596733145606
list:
dist: 1.5398568296815773 vs. 1.5398568296815773
list:
dist: 2.0753974813555174 vs. 2.0753974813555174
list:
dist: 1.7859239022704863 vs. 1.7859239022704863
list:
dist: 1.6438612375248978 vs. 1.6438612375248978
list:
dist: 1.6827664740079329 vs. 1.6827664740079329
list:
dist: 1.8965718470723176 vs. 1.8965718470723176
list:
dist: 1.3747700800488973 vs. 1.3747700800488973
list:
dist: 1.0829866156015195 vs. 1.0829866156015195
list:
dist: 0.941528048606175 vs. 0.941528048606175
list:
dist: 1.8731495856443352 vs. 1.8731495856443352
list:
dist: 3.136376499780845 vs. 3.136376499780845
list:
dist: 1.771287046487727 vs. 1.771287046487727
list:
dist: 2.6684483946272604 vs. 2.6684483946272604
list:
dist: 3.3880784120567 vs. 3.3880784120567
list:
dist: 2.9731385238699 vs. 2.9731385238699
list:
dist: 2.5960964485349893 vs. 2.5960964485349893
list:
dist: 2.4006370556831755 vs. 2.4006370556831755
list:
dist: 1.6821164252323884 vs. 1.6821164252323884
list:
dist: 0.8686447529699712 vs. 0.8686447529699712
list:
dist: 2.0819041343695037 vs. 2.0819041343695037
list:
dist: 1.808444200040057 vs. 1.808444200040057
list:
dist: 2.6389049999978704 vs. 2.6389049999978704
list:
dist: 3.7979976167816285 vs. 3.7979976167816285
list:
dist: 3.5004263350996587 vs. 3.5004263350996587
list:
dist: 3.589617788839148 vs. 3.589617788839148
list:
dist: 3.0116461732561493 vs. 3.0116461732561493
list:
dist: 3.8553329590174377 vs. 3.8553329590174377
list:
dist: 4.015420064430069 vs. 4.015420064430069
list:
dist: 2.972025213118418 vs. 2.972025213118418
list:
dist: 3.036974002223187 vs. 3.036974002223187
list:
dist: 2.0900839935373554 vs. 2.0900839935373554
list:
dist: 3.0964204013707017 vs. 3.0964204013707017
list:
dist: 3.0385048093090514 vs. 3.0385048093090514
list:
dist: 2.86637918685105 vs. 2.86637918685105
list:
dist: 2.0090147949883503 vs. 2.0090147949883503
list:
dist: 2.9254315534127744 vs. 2.9254315534127744
list:
dist: 1.9562689078072226 vs. 1.9562689078072226
list:
dist: 1.638704669286599 vs. 1.638704669286599
list:
dist: 1.244460995341711 vs. 1.244460995341711
list:
dist: 1.9322792837341956 vs. 1.9322792837341956
list:
dist: 1.1469160254958675 vs. 1.1469160254958675
list:
dist: 1.4444665737900595 vs. 1.4444665737900595
list:
dist: 2.0915918809366207 vs. 2.0915918809366207
list:
dist: 1.8981064607780413 vs. 1.8981064607780413
list:
dist: 1.793187357012956 vs. 1.793187357012956
list:
dist: 1.1009869520788853 vs. 1.1009869520788853
list:
dist: 0.8686447529699712 vs. 0.8686447529699712
list:
dist: 0.8100533166051831 vs. 0.8100533166051831
list:
dist: 1.931946388001488 vs. 1.931946388001488
list:
dist: 3.5136106359814803 vs. 3.5136106359814803
list:
dist: 1.5732447310491313 vs. 1.5732447310491313
list:
dist: 2.8944042454032024 vs. 2.8944042454032024
list:
dist: 4.064116409648402 vs. 4.064116409648402
list:
dist: 3.4571560599260964 vs. 3.4571560599260964
list:
dist: 3.1550433420146233 vs. 3.1550433420146233
list:
dist: 3.0888577505231756 vs. 3.0888577505231756
list:
dist: 1.318730771732488 vs. 1.318730771732488
list:
dist: 2.604922377342197 vs. 2.604922377342197
list:
dist: 2.2666155874567893 vs. 2.2666155874567893
list:
dist: 2.8295057131295955 vs. 2.8295057131295955
list:
dist: 4.264830269426953 vs. 4.264830269426953
list:
dist: 4.033288361847657 vs. 4.033288361847657
list:
dist: 4.0533707079965335 vs. 4.0533707079965335
list:
dist: 3.5478756787878782 vs. 3.5478756787878782
list:
dist: 4.19011374514347 vs. 4.19011374514347
list:
dist: 4.34711599293112 vs. 4.34711599293112
list:
dist: 3.4556195600999033 vs. 3.4556195600999033
list:
dist: 3.426069927883939 vs. 3.426069927883939
list:
dist: 2.6514732194892283 vs. 2.6514732194892283
list:
dist: 3.403539270821282 vs. 3.403539270821282
list:
dist: 3.4254881312185974 vs. 3.4254881312185974
list:
dist: 3.0843310958099934 vs. 3.0843310958099934
list:
dist: 4.0922812931802 vs. 4.0922812931802
list:
dist: 4.202296103598245 vs. 4.202296103598245
list:
dist: 4.480972396034518 vs. 4.480972396034518
list:
dist: 4.6586805295884375 vs. 4.6586805295884375
list:
dist: 3.2768336199790706 vs. 3.2768336199790706
list:
dist: 4.15762312399842 vs. 4.15762312399842
list:
dist: 3.2667750510176403 vs. 3.2667750510176403
list:
dist: 2.9520045666378403 vs. 2.9520045666378403
list:
dist: 2.4184609124112657 vs. 2.4184609124112657
list:
dist: 3.2159965125848657 vs. 3.2159965125848657
list:
dist: 2.2770857967239753 vs. 2.2770857967239753
list:
dist: 2.5874033674195824 vs. 2.5874033674195824
list:
dist: 3.2189939442232562 vs. 3.2189939442232562
list:
dist: 2.9666185354615564 vs. 2.9666185354615564
list:
dist: 2.45489147820986 vs. 2.45489147820986
list:
dist: 2.1076357546893316 vs. 2.1076357546893316
list:
dist: 1.6821164252323884 vs. 1.6821164252323884
list:
dist: 1.4418196055739896 vs. 1.4418196055739896
list:
dist: 1.9469886634742684 vs. 1.9469886634742684
list:
dist: 3.7264982333071113 vs. 3.7264982333071113
list:
dist: 1.6845753033848234 vs. 1.6845753033848234
list:
dist: 2.538036982869883 vs. 2.538036982869883
list:
dist: 3.9475988952339587 vs. 3.9475988952339587
list:
dist: 3.4766793664191713 vs. 3.4766793664191713
list:
dist: 3.254565609316147 vs. 3.254565609316147
list:
dist: 2.973757671461137 vs. 2.973757671461137
list:
dist: 1.318730771732488 vs. 1.318730771732488
list:
dist: 2.107959768684909 vs. 2.107959768684909
list:
dist: 2.013719697960287 vs. 2.013719697960287
list:
dist: 1.929825475138545 vs. 1.929825475138545
list:
dist: 3.496798263692282 vs. 3.496798263692282
list:
dist: 3.386852891819319 vs. 3.386852891819319
list:
dist: 3.640932360400688 vs. 3.640932360400688
list:
dist: 3.0425203288209466 vs. 3.0425203288209466
list:
dist: 3.36931690679862 vs. 3.36931690679862
list:
dist: 3.487090170247977 vs. 3.487090170247977
list:
dist: 2.9822812781487404 vs. 2.9822812781487404
list:
dist: 2.8854320183023634 vs. 2.8854320183023634
list:
dist: 2.4621581734214044 vs. 2.4621581734214044
list:
dist: 2.5910314644950074 vs. 2.5910314644950074
list:
dist: 2.591808475910954 vs. 2.591808475910954
list:
dist: 2.150262257386825 vs. 2.150262257386825
list:
dist: 2.901707577926847 vs. 2.901707577926847
list:
dist: 3.268893841120666 vs. 3.268893841120666
list:
dist: 3.5243417779199655 vs. 3.5243417779199655
list:
dist: 3.623479842693794 vs. 3.623479842693794
list:
dist: 3.5558842040683643 vs. 3.5558842040683643
list:
dist: 3.5051554665738007 vs. 3.5051554665738007
list:
dist: 2.608024502452687 vs. 2.608024502452687
list:
dist: 2.015183924864658 vs. 2.015183924864658
list:
dist: 2.0476086807819915 vs. 2.0476086807819915
list:
dist: 2.8625570734827037 vs. 2.8625570734827037
list:
dist: 2.8261858431379236 vs. 2.8261858431379236
list:
dist: 2.0236275928783587 vs. 2.0236275928783587
list:
dist: 2.4753311006296386 vs. 2.4753311006296386
list:
dist: 2.022923470148269 vs. 2.022923470148269
list:
dist: 1.2139352402332195 vs. 1.2139352402332195
list:
dist: 1.4904453173915975 vs. 1.4904453173915975
list:
dist: 1.8731495856443352 vs. 1.8731495856443352
list:
dist: 1.1472223842110196 vs. 1.1472223842110196
list:
dist: 1.8521176512111546 vs. 1.8521176512111546
list:
dist: 0.5879409744803963 vs. 0.5879409744803963
list:
dist: 1.125666603140065 vs. 1.125666603140065
list:
dist: 2.8824119474841616 vs. 2.8824119474841616
list:
dist: 1.8460521553539209 vs. 1.8460521553539209
list:
dist: 1.7550953869940333 vs. 1.7550953869940333
list:
dist: 2.243357616607713 vs. 2.243357616607713
list:
dist: 2.2665533125776296 vs. 2.2665533125776296
list:
dist: 2.7717886450312488 vs. 2.7717886450312488
list:
dist: 1.9469886634742684 vs. 1.9469886634742684
list:
dist: 1.931946388001488 vs. 1.931946388001488
list:
dist: 2.438644007248701 vs. 2.438644007248701
list:
dist: 1.2714537207599843 vs. 1.2714537207599843
list:
dist: 1.950875856307136 vs. 1.950875856307136
list:
dist: 3.508629120834681 vs. 3.508629120834681
list:
dist: 3.3111506453851716 vs. 3.3111506453851716
list:
dist: 2.5139781660214675 vs. 2.5139781660214675
list:
dist: 2.5388916084379924 vs. 2.5388916084379924
list:
dist: 2.975950265029195 vs. 2.975950265029195
list:
dist: 3.1893238149501517 vs. 3.1893238149501517
list:
dist: 2.2027597143597286 vs. 2.2027597143597286
list:
dist: 2.017777274068515 vs. 2.017777274068515
list:
dist: 1.6120187443627678 vs. 1.6120187443627678
list:
dist: 2.3375682193035616 vs. 2.3375682193035616
list:
dist: 3.0153054475512464 vs. 3.0153054475512464
list:
dist: 2.2435853008659667 vs. 2.2435853008659667
list:
dist: 3.3407219390405203 vs. 3.3407219390405203
list:
dist: 4.5759076960613765 vs. 4.5759076960613765
list:
dist: 4.393289112138711 vs. 4.393289112138711
list:
dist: 3.5525469454465015 vs. 3.5525469454465015
list:
dist: 2.877770564580609 vs. 2.877770564580609
list:
dist: 3.1487843567955163 vs. 3.1487843567955163
list:
dist: 3.9245258398990717 vs. 3.9245258398990717
list:
dist: 3.8961172165185967 vs. 3.8961172165185967
list:
dist: 3.111627571519758 vs. 3.111627571519758
list:
dist: 3.3146327815376257 vs. 3.3146327815376257
list:
dist: 3.03331556971314 vs. 3.03331556971314
list:
dist: 1.9892700812141035 vs. 1.9892700812141035
list:
dist: 2.5365405914871295 vs. 2.5365405914871295
list:
dist: 2.6684483946272604 vs. 2.6684483946272604
list:
dist: 2.1646990071639007 vs. 2.1646990071639007
list:
dist: 1.125666603140065 vs. 1.125666603140065
list:
dist: 1.6402924919813067 vs. 1.6402924919813067
list:
dist: 1.6545940441684241 vs. 1.6545940441684241
list:
dist: 2.208765838713339 vs. 2.208765838713339
list:
dist: 1.2885489234819525 vs. 1.2885489234819525
list:
dist: 1.3963599735489223 vs. 1.3963599735489223
list:
dist: 1.8609081662190339 vs. 1.8609081662190339
list:
dist: 1.1837734165845057 vs. 1.1837734165845057
list:
dist: 1.7440243200363046 vs. 1.7440243200363046
list:
dist: 2.538036982869883 vs. 2.538036982869883
list:
dist: 2.8944042454032024 vs. 2.8944042454032024
list:
dist: 2.3042822045075875 vs. 2.3042822045075875
list:
dist: 1.145510445623527 vs. 1.145510445623527
list:
dist: 1.4880535442569869 vs. 1.4880535442569869
list:
dist: 2.77631494181423 vs. 2.77631494181423
list:
dist: 2.6352368644031032 vs. 2.6352368644031032
list:
dist: 1.485728169261491 vs. 1.485728169261491
list:
dist: 1.8107990661931355 vs. 1.8107990661931355
list:
dist: 2.0223535094132368 vs. 2.0223535094132368
list:
dist: 2.252884459116104 vs. 2.252884459116104
list:
dist: 1.3595449644686666 vs. 1.3595449644686666
list:
dist: 1.0537119494656073 vs. 1.0537119494656073
list:
dist: 1.2717996601012813 vs. 1.2717996601012813
list:
dist: 1.5743709767420662 vs. 1.5743709767420662
list:
dist: 2.5682590790088415 vs. 2.5682590790088415
list:
dist: 1.7025651011968574 vs. 1.7025651011968574
list:
dist: 2.2628183241356146 vs. 2.2628183241356146
list:
dist: 3.7714590706373583 vs. 3.7714590706373583
list:
dist: 3.0975387871707096 vs. 3.0975387871707096
list:
dist: 2.7157137133110854 vs. 2.7157137133110854
list:
dist: 2.823688013063884 vs. 2.823688013063884
list:
dist: 1.641688459681731 vs. 1.641688459681731
list:
dist: 2.5129255344085797 vs. 2.5129255344085797
list:
dist: 2.5960964485349893 vs. 2.5960964485349893
list:
dist: 2.4473835388737255 vs. 2.4473835388737255
list:
dist: 2.6285735794217038 vs. 2.6285735794217038
list:
dist: 1.7550953869940333 vs. 1.7550953869940333
list:
dist: 1.076005756292414 vs. 1.076005756292414
list:
dist: 2.3118526979444387 vs. 2.3118526979444387
list:
dist: 1.3963599735489223 vs. 1.3963599735489223
list:
dist: 1.3244529098238802 vs. 1.3244529098238802
list:
dist: 0.4734431477799713 vs. 0.4734431477799713
list:
dist: 1.2280099682662153 vs. 1.2280099682662153
list:
dist: 1.6613693108456504 vs. 1.6613693108456504
list:
dist: 1.6392921909269509 vs. 1.6392921909269509
list:
dist: 3.254565609316147 vs. 3.254565609316147
list:
dist: 3.1550433420146233 vs. 3.1550433420146233
list:
dist: 2.3937707344523305 vs. 2.3937707344523305
list:
dist: 4.31086526411217 vs. 4.31086526411217
list:
dist: 4.007542902191416 vs. 4.007542902191416
list:
dist: 1.3510683099105243 vs. 1.3510683099105243
list:
dist: 2.3804760490801478 vs. 2.3804760490801478
list:
dist: 2.99857562010634 vs. 2.99857562010634
list:
dist: 2.6833061315341102 vs. 2.6833061315341102
list:
dist: 1.5220102269310443 vs. 1.5220102269310443
list:
dist: 1.8164168095389388 vs. 1.8164168095389388
list:
dist: 2.6374113230280942 vs. 2.6374113230280942
list:
dist: 2.857470804821973 vs. 2.857470804821973
list:
dist: 1.4970992557404983 vs. 1.4970992557404983
list:
dist: 1.5699323778598882 vs. 1.5699323778598882
list:
dist: 1.0763298697975179 vs. 1.0763298697975179
list:
dist: 2.2897783067515776 vs. 2.2897783067515776
list:
dist: 2.9416369848752377 vs. 2.9416369848752377
list:
dist: 2.5345873495446636 vs. 2.5345873495446636
list:
dist: 2.8275963734867733 vs. 2.8275963734867733
list:
dist: 1.6345631138474455 vs. 1.6345631138474455
list:
dist: 2.8900884704508107 vs. 2.8900884704508107
list:
dist: 2.6285735794217038 vs. 2.6285735794217038
list:
dist: 2.002897291146946 vs. 2.002897291146946
list:
dist: 2.9755198762372292 vs. 2.9755198762372292
list:
dist: 2.119647814070429 vs. 2.119647814070429
list:
dist: 2.2095234657378926 vs. 2.2095234657378926
list:
dist: 3.7373211147907894 vs. 3.7373211147907894
list:
dist: 3.103584901731784 vs. 3.103584901731784
list:
dist: 2.2286823031188576 vs. 2.2286823031188576
list:
dist: 3.0258554083867253 vs. 3.0258554083867253
list:
dist: 2.6227167787451813 vs. 2.6227167787451813
list:
dist: 2.8364524194801493 vs. 2.8364524194801493
list:
dist: 2.479070406558824 vs. 2.479070406558824
list:
dist: 3.53529953724938 vs. 3.53529953724938
list:
dist: 3.622371534596622 vs. 3.622371534596622
list:
dist: 2.699885271219924 vs. 2.699885271219924
list:
dist: 3.1037379114216885 vs. 3.1037379114216885
list:
dist: 2.659880595388767 vs. 2.659880595388767
list:
dist: 3.471212657411191 vs. 3.471212657411191
list:
dist: 3.34695840196271 vs. 3.34695840196271
list:
dist: 3.7833184142303944 vs. 3.7833184142303944
list:
dist: 2.6402706323521814 vs. 2.6402706323521814
list:
dist: 4.807108310216264 vs. 4.807108310216264
list:
dist: 4.183499205719242 vs. 4.183499205719242
list:
dist: 3.708988019378652 vs. 3.708988019378652
list:
dist: 4.035265860300991 vs. 4.035265860300991
list:
dist: 2.7988437314992614 vs. 2.7988437314992614
list:
dist: 3.628520355138289 vs. 3.628520355138289
list:
dist: 3.3880784120567 vs. 3.3880784120567
list:
dist: 3.475265596516993 vs. 3.475265596516993
list:
dist: 1.6345631138474455 vs. 1.6345631138474455
list:
dist: 2.8824119474841616 vs. 2.8824119474841616
list:
dist: 2.2113223374065396 vs. 2.2113223374065396
list:
dist: 3.436768308763063 vs. 3.436768308763063
list:
dist: 2.208765838713339 vs. 2.208765838713339
list:
dist: 1.4369647308903697 vs. 1.4369647308903697
list:
dist: 1.3244529098238802 vs. 1.3244529098238802
list:
dist: 1.0718196465886314 vs. 1.0718196465886314
list:
dist: 1.9281141085878595 vs. 1.9281141085878595
list:
dist: 1.2919567351905783 vs. 1.2919567351905783
list:
dist: 3.9475988952339587 vs. 3.9475988952339587
list:
dist: 4.064116409648402 vs. 4.064116409648402
list:
dist: 2.3672177511536385 vs. 2.3672177511536385
list:
dist: 3.166669370977083 vs. 3.166669370977083
list:
dist: 3.2116727401479057 vs. 3.2116727401479057
list:
dist: 1.9605667414015926 vs. 1.9605667414015926
list:
dist: 2.6177137458969937 vs. 2.6177137458969937
list:
dist: 2.3101853193775734 vs. 2.3101853193775734
list:
dist: 1.9666538188991183 vs. 1.9666538188991183
list:
dist: 1.2473441372070655 vs. 1.2473441372070655
list:
dist: 1.3488376634614867 vs. 1.3488376634614867
list:
dist: 2.2738280900127497 vs. 2.2738280900127497
list:
dist: 2.4305060794490974 vs. 2.4305060794490974
list:
dist: 1.3065208382652305 vs. 1.3065208382652305
list:
dist: 1.6277045527445357 vs. 1.6277045527445357
list:
dist: 1.4965485678739816 vs. 1.4965485678739816
list:
dist: 2.225174290174953 vs. 2.225174290174953
list:
dist: 2.6364429704357417 vs. 2.6364429704357417
list:
dist: 2.621832604858117 vs. 2.621832604858117
list:
dist: 2.399237774396888 vs. 2.399237774396888
list:
dist: 4.074195253042045 vs. 4.074195253042045
list:
dist: 3.6710329480005632 vs. 3.6710329480005632
list:
dist: 3.104382058020313 vs. 3.104382058020313
list:
dist: 2.307910750825149 vs. 2.307910750825149
list:
dist: 3.2064092552586634 vs. 3.2064092552586634
list:
dist: 3.713607097471439 vs. 3.713607097471439
list:
dist: 4.273863224838967 vs. 4.273863224838967
list:
dist: 3.0527443735708117 vs. 3.0527443735708117
list:
dist: 2.8806110882989686 vs. 2.8806110882989686
list:
dist: 2.6906803022872268 vs. 2.6906803022872268
list:
dist: 1.8650879808655794 vs. 1.8650879808655794
list:
dist: 2.663209279394759 vs. 2.663209279394759
list:
dist: 3.136376499780845 vs. 3.136376499780845
list:
dist: 2.7252942900908725 vs. 2.7252942900908725
list:
dist: 1.8521176512111546 vs. 1.8521176512111546
list:
dist: 2.3504774575704923 vs. 2.3504774575704923
list:
dist: 1.6402924919813067 vs. 1.6402924919813067
list:
dist: 2.2113223374065396 vs. 2.2113223374065396
list:
dist: 0.8349921696726549 vs. 0.8349921696726549
list:
dist: 1.076005756292414 vs. 1.076005756292414
list:
dist: 2.298548381363013 vs. 2.298548381363013
list:
dist: 1.7892858103585723 vs. 1.7892858103585723
list:
dist: 2.0766631458226867 vs. 2.0766631458226867
list:
dist: 3.7264982333071113 vs. 3.7264982333071113
list:
dist: 3.5136106359814803 vs. 3.5136106359814803
list:
dist: 3.3485228069647834 vs. 3.3485228069647834
list:
dist: 2.132448893905003 vs. 2.132448893905003
list:
dist: 3.0320584413658223 vs. 3.0320584413658223
list:
dist: 3.9028567200531463 vs. 3.9028567200531463
list:
dist: 3.6436262967718607 vs. 3.6436262967718607
list:
dist: 2.093193827004536 vs. 2.093193827004536
list:
dist: 2.7494159808702476 vs. 2.7494159808702476
list:
dist: 3.288811882934142 vs. 3.288811882934142
list:
dist: 3.5233216003548664 vs. 3.5233216003548664
list:
dist: 2.330671775118151 vs. 2.330671775118151
list:
dist: 2.2370890787483777 vs. 2.2370890787483777
list:
dist: 2.0195604667972282 vs. 2.0195604667972282
list:
dist: 3.0013767912368885 vs. 3.0013767912368885
list:
dist: 3.8535758683322565 vs. 3.8535758683322565
list:
dist: 3.2271203153377948 vs. 3.2271203153377948
list:
dist: 3.3136721630948673 vs. 3.3136721630948673
list:
dist: 2.8669825103109394 vs. 2.8669825103109394
list:
dist: 3.012287979331733 vs. 3.012287979331733
list:
dist: 1.7466241994794585 vs. 1.7466241994794585
list:
dist: 2.3953987658052207 vs. 2.3953987658052207
list:
dist: 2.0900839935373554 vs. 2.0900839935373554
list:
dist: 2.0797726471911364 vs. 2.0797726471911364
list:
dist: 2.659880595388767 vs. 2.659880595388767
list:
dist: 1.6120187443627678 vs. 1.6120187443627678
list:
dist: 2.0195604667972282 vs. 2.0195604667972282
list:
dist: 2.0926654257374 vs. 2.0926654257374
list:
dist: 1.2717996601012813 vs. 1.2717996601012813
list:
dist: 1.4965485678739816 vs. 1.4965485678739816
list:
dist: 1.370015542316125 vs. 1.370015542316125
list:
dist: 1.0763298697975179 vs. 1.0763298697975179
list:
dist: 0.669111064042182 vs. 0.669111064042182
list:
dist: 1.8779590090350307 vs. 1.8779590090350307
list:
dist: 1.8537524974817337 vs. 1.8537524974817337
list:
dist: 2.4621581734214044 vs. 2.4621581734214044
list:
dist: 2.6514732194892283 vs. 2.6514732194892283
list:
dist: 1.341404606438416 vs. 1.341404606438416
list:
dist: 3.884172546435559 vs. 3.884172546435559
list:
dist: 3.4280920655428004 vs. 3.4280920655428004
list:
dist: 0.4702496593867781 vs. 0.4702496593867781
list:
dist: 1.4866021092684483 vs. 1.4866021092684483
list:
dist: 2.2021488011647 vs. 2.2021488011647
list:
dist: 1.8903073267374435 vs. 1.8903073267374435
list:
dist: 1.5278455576360526 vs. 1.5278455576360526
list:
dist: 1.0982874468881287 vs. 1.0982874468881287
list:
dist: 2.0473688739334484 vs. 2.0473688739334484
list:
dist: 2.2409091897970708 vs. 2.2409091897970708
list:
dist: 0.9372710099373631 vs. 0.9372710099373631
list:
dist: 1.0967320756929915 vs. 1.0967320756929915
list:
dist: 1.489184407608175 vs. 1.489184407608175
list:
dist: 1.9256643379099931 vs. 1.9256643379099931
list:
dist: 1.625406207179057 vs. 1.625406207179057
list:
dist: 2.5068649657938633 vs. 2.5068649657938633
list:
dist: 5.325496316777644 vs. 5.325496316777644
list:
dist: 4.438199269347428 vs. 4.438199269347428
list:
dist: 4.362791412194325 vs. 4.362791412194325
list:
dist: 2.9542579553846444 vs. 2.9542579553846444
list:
dist: 2.371688005515752 vs. 2.371688005515752
list:
dist: 2.64998897608024 vs. 2.64998897608024
list:
dist: 2.8904778290742734 vs. 2.8904778290742734
list:
dist: 2.68124173585067 vs. 2.68124173585067
list:
dist: 2.2665533125776296 vs. 2.2665533125776296
list:
dist: 1.7892858103585723 vs. 1.7892858103585723
list:
dist: 2.810162432793607 vs. 2.810162432793607
list:
dist: 1.1837734165845057 vs. 1.1837734165845057
list:
dist: 1.9281141085878595 vs. 1.9281141085878595
list:
dist: 1.3070649877221048 vs. 1.3070649877221048
list:
dist: 1.6613693108456504 vs. 1.6613693108456504
list:
dist: 2.1723763958428517 vs. 2.1723763958428517
list:
dist: 0.8501071833263634 vs. 0.8501071833263634
list:
dist: 2.0186969461181836 vs. 2.0186969461181836
list:
dist: 2.1396048469204936 vs. 2.1396048469204936
list:
dist: 2.7185955226790006 vs. 2.7185955226790006
list:
dist: 2.635448333238068 vs. 2.635448333238068
list:
dist: 0.8329696501398238 vs. 0.8329696501398238
list:
dist: 1.8671604085681284 vs. 1.8671604085681284
list:
dist: 1.7710423406088749 vs. 1.7710423406088749
list:
dist: 1.9908603725397866 vs. 1.9908603725397866
list:
dist: 1.3928374149323757 vs. 1.3928374149323757
list:
dist: 1.112580768788001 vs. 1.112580768788001
list:
dist: 1.8779590090350307 vs. 1.8779590090350307
list:
dist: 1.822306466782137 vs. 1.822306466782137
list:
dist: 2.937226377049952 vs. 2.937226377049952
list:
dist: 2.207698811040653 vs. 2.207698811040653
list:
dist: 1.594631735404092 vs. 1.594631735404092
list:
dist: 4.1511715073397655 vs. 4.1511715073397655
list:
dist: 4.1663417625927694 vs. 4.1663417625927694
list:
dist: 2.9579620518345577 vs. 2.9579620518345577
list:
dist: 3.698803327254039 vs. 3.698803327254039
list:
dist: 3.589617788839148 vs. 3.589617788839148
list:
dist: 3.3892861033716537 vs. 3.3892861033716537
list:
dist: 2.8364524194801493 vs. 2.8364524194801493
list:
dist: 2.5139781660214675 vs. 2.5139781660214675
list:
dist: 2.093193827004536 vs. 2.093193827004536
list:
dist: 3.075961372134634 vs. 3.075961372134634
list:
dist: 1.485728169261491 vs. 1.485728169261491
list:
dist: 1.2473441372070655 vs. 1.2473441372070655
list:
dist: 1.3408237336175222 vs. 1.3408237336175222
list:
dist: 1.5220102269310443 vs. 1.5220102269310443
list:
dist: 1.5996211416843946 vs. 1.5996211416843946
list:
dist: 0.8329696501398238 vs. 0.8329696501398238
list:
dist: 0.40191926973835 vs. 0.40191926973835
list:
dist: 3.640932360400688 vs. 3.640932360400688
list:
dist: 4.0533707079965335 vs. 4.0533707079965335
list:
dist: 2.461453313634013 vs. 2.461453313634013
list:
dist: 3.9723384186301787 vs. 3.9723384186301787
list:
dist: 4.070215872113633 vs. 4.070215872113633
list:
dist: 1.8165183330448302 vs. 1.8165183330448302
list:
dist: 1.9870290188976927 vs. 1.9870290188976927
list:
dist: 2.0667156491431116 vs. 2.0667156491431116
list:
dist: 1.9257272882377703 vs. 1.9257272882377703
list:
dist: 1.1891345544604814 vs. 1.1891345544604814
list:
dist: 1.3940383659069018 vs. 1.3940383659069018
list:
dist: 1.5987060636311732 vs. 1.5987060636311732
list:
dist: 0.8136267558209663 vs. 0.8136267558209663
list:
dist: 0.7912783613840667 vs. 0.7912783613840667
list:
dist: 1.5278455576360526 vs. 1.5278455576360526
list:
dist: 1.5083695562203783 vs. 1.5083695562203783
list:
dist: 2.421787930596457 vs. 2.421787930596457
list:
dist: 1.9823735552968331 vs. 1.9823735552968331
list:
dist: 1.355030947754282 vs. 1.355030947754282
list:
dist: 5.629464556075835 vs. 5.629464556075835
list:
dist: 4.843456023732943 vs. 4.843456023732943
list:
dist: 4.444962235238893 vs. 4.444962235238893
list:
dist: 2.904470614603019 vs. 2.904470614603019
list:
dist: 2.2085808002187397 vs. 2.2085808002187397
list:
dist: 2.395747736889868 vs. 2.395747736889868
list:
dist: 2.434647968983864 vs. 2.434647968983864
list:
dist: 2.1273200668929344 vs. 2.1273200668929344
list:
dist: 2.7717886450312488 vs. 2.7717886450312488
list:
dist: 2.0766631458226867 vs. 2.0766631458226867
list:
dist: 3.3455783929983833 vs. 3.3455783929983833
list:
dist: 1.7440243200363046 vs. 1.7440243200363046
list:
dist: 1.2919567351905783 vs. 1.2919567351905783
list:
dist: 1.382361039017608 vs. 1.382361039017608
list:
dist: 1.6392921909269509 vs. 1.6392921909269509
list:
dist: 1.8708010840404752 vs. 1.8708010840404752
list:
dist: 0.8501071833263634 vs. 0.8501071833263634
list:
dist: 2.16230961875755 vs. 2.16230961875755
list:
dist: 2.3793468648504934 vs. 2.3793468648504934
list:
dist: 2.3624617942226953 vs. 2.3624617942226953
list:
dist: 2.228255249117735 vs. 2.228255249117735
list:
dist: 0.40191926973835 vs. 0.40191926973835
list:
dist: 1.542302719951901 vs. 1.542302719951901
list:
dist: 1.6839023063386023 vs. 1.6839023063386023
list:
dist: 1.8706965025473354 vs. 1.8706965025473354
list:
dist: 1.2030095228209294 vs. 1.2030095228209294
list:
dist: 1.1840776197016547 vs. 1.1840776197016547
list:
dist: 1.8537524974817337 vs. 1.8537524974817337
list:
dist: 1.8933424692243204 vs. 1.8933424692243204
list:
dist: 2.797476711641561 vs. 2.797476711641561
list:
dist: 2.373932598284105 vs. 2.373932598284105
list:
dist: 1.474209428135706 vs. 1.474209428135706
list:
dist: 4.055836287978851 vs. 4.055836287978851
list:
dist: 3.3995616005981333 vs. 3.3995616005981333
list:
dist: 3.065922184088702 vs. 3.065922184088702
list:
dist: 3.0527554343846757 vs. 3.0527554343846757
list:
dist: 1.945030884171513 vs. 1.945030884171513
list:
dist: 2.793367497519553 vs. 2.793367497519553
list:
dist: 2.9731385238699 vs. 2.9731385238699
list:
dist: 2.707004870268647 vs. 2.707004870268647
list:
dist: 2.8900884704508107 vs. 2.8900884704508107
list:
dist: 1.8460521553539209 vs. 1.8460521553539209
list:
dist: 0.8349921696726549 vs. 0.8349921696726549
list:
dist: 2.423520574880789 vs. 2.423520574880789
list:
dist: 1.2885489234819525 vs. 1.2885489234819525
list:
dist: 1.4369647308903697 vs. 1.4369647308903697
list:
dist: 0.4734431477799713 vs. 0.4734431477799713
list:
dist: 1.5705535921746112 vs. 1.5705535921746112
list:
dist: 1.3070649877221048 vs. 1.3070649877221048
list:
dist: 1.382361039017608 vs. 1.382361039017608
list:
dist: 3.4766793664191713 vs. 3.4766793664191713
list:
dist: 3.4571560599260964 vs. 3.4571560599260964
list:
dist: 2.704666164008861 vs. 2.704666164008861
list:
dist: 4.5557536694019225 vs. 4.5557536694019225
list:
dist: 4.367021229179769 vs. 4.367021229179769
list:
dist: 1.6095351416325672 vs. 1.6095351416325672
list:
dist: 2.4637504316744816 vs. 2.4637504316744816
list:
dist: 3.0989300530993047 vs. 3.0989300530993047
list:
dist: 2.831157563147815 vs. 2.831157563147815
list:
dist: 1.3408237336175222 vs. 1.3408237336175222
list:
dist: 1.9453325342892842 vs. 1.9453325342892842
list:
dist: 2.5691487251054013 vs. 2.5691487251054013
list:
dist: 2.7968976921085864 vs. 2.7968976921085864
list:
dist: 1.54581710566159 vs. 1.54581710566159
list:
dist: 1.525813181224814 vs. 1.525813181224814
list:
dist: 1.370015542316125 vs. 1.370015542316125
list:
dist: 2.319644389822796 vs. 2.319644389822796
list:
dist: 3.1294933582872226 vs. 3.1294933582872226
list:
dist: 2.610821078643631 vs. 2.610821078643631
list:
dist: 2.642416971830237 vs. 2.642416971830237
list:
dist: 3.861764251619294 vs. 3.861764251619294
list:
dist: 3.8222459925573515 vs. 3.8222459925573515
list:
dist: 2.618532415902215 vs. 2.618532415902215
list:
dist: 3.231472502387415 vs. 3.231472502387415
list:
dist: 3.036974002223187 vs. 3.036974002223187
list:
dist: 2.8143553619928707 vs. 2.8143553619928707
list:
dist: 3.1037379114216885 vs. 3.1037379114216885
list:
dist: 2.017777274068515 vs. 2.017777274068515
list:
dist: 2.2370890787483777 vs. 2.2370890787483777
list:
dist: 2.5255920595662658 vs. 2.5255920595662658
list:
dist: 1.0537119494656073 vs. 1.0537119494656073
list:
dist: 1.6277045527445357 vs. 1.6277045527445357
list:
dist: 1.525813181224814 vs. 1.525813181224814
list:
dist: 1.5699323778598882 vs. 1.5699323778598882
list:
dist: 1.4117680154116397 vs. 1.4117680154116397
list:
dist: 1.112580768788001 vs. 1.112580768788001
list:
dist: 1.1840776197016547 vs. 1.1840776197016547
list:
dist: 2.8854320183023634 vs. 2.8854320183023634
list:
dist: 3.426069927883939 vs. 3.426069927883939
list:
dist: 1.866748071334926 vs. 1.866748071334926
list:
dist: 4.078922815912534 vs. 4.078922815912534
list:
dist: 3.9509877403219558 vs. 3.9509877403219558
list:
dist: 1.2307794813212605 vs. 1.2307794813212605
list:
dist: 1.2031341960654074 vs. 1.2031341960654074
list:
dist: 1.7892128811877537 vs. 1.7892128811877537
list:
dist: 1.6660908878547214 vs. 1.6660908878547214
list:
dist: 0.7912783613840667 vs. 0.7912783613840667
list:
dist: 0.8809914208728175 vs. 0.8809914208728175
list:
dist: 1.1077176702893061 vs. 1.1077176702893061
list:
dist: 1.3377693902445569 vs. 1.3377693902445569
list:
dist: 0.42980880567455976 vs. 0.42980880567455976
list:
dist: 1.0967320756929915 vs. 1.0967320756929915
list:
dist: 0.828703498286126 vs. 0.828703498286126
list:
dist: 1.8444110785487764 vs. 1.8444110785487764
list:
dist: 1.233626659639399 vs. 1.233626659639399
list:
dist: 1.4524214513667058 vs. 1.4524214513667058
list:
dist: 5.443116901239355 vs. 5.443116901239355
list:
dist: 4.662078292643488 vs. 4.662078292643488
list:
dist: 4.351364554405201 vs. 4.351364554405201
list:
dist: 2.309851561228332 vs. 2.309851561228332
list:
dist: 1.7903511401829606 vs. 1.7903511401829606
list:
dist: 2.035293328200094 vs. 2.035293328200094
list:
dist: 2.0821198471955227 vs. 2.0821198471955227
list:
dist: 1.7758259615856915 vs. 1.7758259615856915
list:
dist: 3.923898855411718 vs. 3.923898855411718
list:
dist: 4.108670440565238 vs. 4.108670440565238
list:
dist: 2.844880594187717 vs. 2.844880594187717
list:
dist: 3.4594543055302496 vs. 3.4594543055302496
list:
dist: 3.0116461732561493 vs. 3.0116461732561493
list:
dist: 3.0621149708034268 vs. 3.0621149708034268
list:
dist: 2.479070406558824 vs. 2.479070406558824
list:
dist: 2.5388916084379924 vs. 2.5388916084379924
list:
dist: 2.7494159808702476 vs. 2.7494159808702476
list:
dist: 3.0116974810165074 vs. 3.0116974810165074
list:
dist: 1.8107990661931355 vs. 1.8107990661931355
list:
dist: 1.3488376634614867 vs. 1.3488376634614867
list:
dist: 1.9453325342892842 vs. 1.9453325342892842
list:
dist: 1.8164168095389388 vs. 1.8164168095389388
list:
dist: 1.0039837564688587 vs. 1.0039837564688587
list:
dist: 1.8671604085681284 vs. 1.8671604085681284
list:
dist: 1.542302719951901 vs. 1.542302719951901
list:
dist: 3.0425203288209466 vs. 3.0425203288209466
list:
dist: 3.5478756787878782 vs. 3.5478756787878782
list:
dist: 1.3906544420786888 vs. 1.3906544420786888
list:
dist: 3.2302078668025342 vs. 3.2302078668025342
list:
dist: 3.0956737841453914 vs. 3.0956737841453914
list:
dist: 1.3813238331007351 vs. 1.3813238331007351
list:
dist: 1.442401366093071 vs. 1.442401366093071
list:
dist: 1.1829874159567322 vs. 1.1829874159567322
list:
dist: 0.8985926265357722 vs. 0.8985926265357722
list:
dist: 1.1891345544604814 vs. 1.1891345544604814
list:
dist: 1.2281610453157479 vs. 1.2281610453157479
list:
dist: 1.365310686825827 vs. 1.365310686825827
list:
dist: 0.501090467268979 vs. 0.501090467268979
list:
dist: 0.8809914208728175 vs. 0.8809914208728175
list:
dist: 1.0982874468881287 vs. 1.0982874468881287
list:
dist: 0.9931032480407768 vs. 0.9931032480407768
list:
dist: 1.3463173988110844 vs. 1.3463173988110844
list:
dist: 1.3630334032767135 vs. 1.3630334032767135
list:
dist: 1.7372473281570617 vs. 1.7372473281570617
list:
dist: 4.609956480889754 vs. 4.609956480889754
list:
dist: 3.8015878347649688 vs. 3.8015878347649688
list:
dist: 3.5248509392063245 vs. 3.5248509392063245
list:
dist: 2.444788801110018 vs. 2.444788801110018
list:
dist: 1.4795035126435903 vs. 1.4795035126435903
list:
dist: 1.7182541235814064 vs. 1.7182541235814064
list:
dist: 2.0436283462511264 vs. 2.0436283462511264
list:
dist: 1.9166448087606074 vs. 1.9166448087606074
list:
dist: 4.2687516623585315 vs. 4.2687516623585315
list:
dist: 3.527531596971429 vs. 3.527531596971429
list:
dist: 3.04798071131122 vs. 3.04798071131122
list:
dist: 3.3919523382563193 vs. 3.3919523382563193
list:
dist: 2.1237095514562516 vs. 2.1237095514562516
list:
dist: 2.8242824021783104 vs. 2.8242824021783104
list:
dist: 2.4006370556831755 vs. 2.4006370556831755
list:
dist: 2.593288983638035 vs. 2.593288983638035
list:
dist: 2.002897291146946 vs. 2.002897291146946
list:
dist: 2.243357616607713 vs. 2.243357616607713
list:
dist: 2.298548381363013 vs. 2.298548381363013
list:
dist: 2.717184697128037 vs. 2.717184697128037
list:
dist: 1.8609081662190339 vs. 1.8609081662190339
list:
dist: 1.0718196465886314 vs. 1.0718196465886314
list:
dist: 1.5705535921746112 vs. 1.5705535921746112
list:
dist: 1.2280099682662153 vs. 1.2280099682662153
list:
dist: 2.1723763958428517 vs. 2.1723763958428517
list:
dist: 1.8708010840404752 vs. 1.8708010840404752
list:
dist: 2.973757671461137 vs. 2.973757671461137
list:
dist: 3.0888577505231756 vs. 3.0888577505231756
list:
dist: 1.3963585762277637 vs. 1.3963585762277637
list:
dist: 3.2761711598264878 vs. 3.2761711598264878
list:
dist: 2.8756398375991794 vs. 2.8756398375991794
list:
dist: 1.1029996420298995 vs. 1.1029996420298995
list:
dist: 1.9450755691134995 vs. 1.9450755691134995
list:
dist: 2.067562115651732 vs. 2.067562115651732
list:
dist: 1.671302936937835 vs. 1.671302936937835
list:
dist: 1.5996211416843946 vs. 1.5996211416843946
list:
dist: 1.0039837564688587 vs. 1.0039837564688587
list:
dist: 2.1898015265344903 vs. 2.1898015265344903
list:
dist: 2.3521282199755555 vs. 2.3521282199755555
list:
dist: 1.0661497754406586 vs. 1.0661497754406586
list:
dist: 1.4117680154116397 vs. 1.4117680154116397
list:
dist: 0.669111064042182 vs. 0.669111064042182
list:
dist: 1.7845244410220635 vs. 1.7845244410220635
list:
dist: 1.9669130682100158 vs. 1.9669130682100158
list:
dist: 2.000744048855068 vs. 2.000744048855068
list:
dist: 2.6188269619860125 vs. 2.6188269619860125
list:
dist: 2.7847691659288407 vs. 2.7847691659288407
list:
dist: 3.495491942239785 vs. 3.495491942239785
list:
dist: 3.3675069496442793 vs. 3.3675069496442793
list:
dist: 2.790289810856354 vs. 2.790289810856354
list:
dist: 2.7620891398603082 vs. 2.7620891398603082
list:
dist: 2.7942172466052244 vs. 2.7942172466052244
list:
dist: 1.587855650511151 vs. 1.587855650511151
list:
dist: 2.1030780673402543 vs. 2.1030780673402543
list:
dist: 1.808444200040057 vs. 1.808444200040057
list:
dist: 1.694819192398957 vs. 1.694819192398957
list:
dist: 1.2714537207599843 vs. 1.2714537207599843
list:
dist: 2.132448893905003 vs. 2.132448893905003
list:
dist: 1.6954537835977332 vs. 1.6954537835977332
list:
dist: 1.145510445623527 vs. 1.145510445623527
list:
dist: 1.9605667414015926 vs. 1.9605667414015926
list:
dist: 1.6095351416325672 vs. 1.6095351416325672
list:
dist: 1.3510683099105243 vs. 1.3510683099105243
list:
dist: 1.1029996420298995 vs. 1.1029996420298995
list:
dist: 2.0186969461181836 vs. 2.0186969461181836
list:
dist: 2.16230961875755 vs. 2.16230961875755
list:
dist: 2.013719697960287 vs. 2.013719697960287
list:
dist: 2.2666155874567893 vs. 2.2666155874567893
list:
dist: 1.29295588616484 vs. 1.29295588616484
list:
dist: 1.2572191917743973 vs. 1.2572191917743973
list:
dist: 2.3686371562450255 vs. 2.3686371562450255
list:
dist: 2.10674400739224 vs. 2.10674400739224
list:
dist: 1.8165183330448302 vs. 1.8165183330448302
list:
dist: 1.3813238331007351 vs. 1.3813238331007351
list:
dist: 2.146750397350861 vs. 2.146750397350861
list:
dist: 2.3388101401119243 vs. 2.3388101401119243
list:
dist: 1.2028423901138994 vs. 1.2028423901138994
list:
dist: 1.2307794813212605 vs. 1.2307794813212605
list:
dist: 0.4702496593867781 vs. 0.4702496593867781
list:
dist: 1.4692909472826203 vs. 1.4692909472826203
list:
dist: 1.916598093736017 vs. 1.916598093736017
list:
dist: 1.463856181234574 vs. 1.463856181234574
list:
dist: 2.6582728878461848 vs. 2.6582728878461848
list:
dist: 2.7960569793863663 vs. 2.7960569793863663
list:
dist: 2.424379713748952 vs. 2.424379713748952
list:
dist: 2.7139348882194083 vs. 2.7139348882194083
list:
dist: 2.906081814311887 vs. 2.906081814311887
list:
dist: 2.6863905699620263 vs. 2.6863905699620263
list:
dist: 3.785301538417032 vs. 3.785301538417032
list:
dist: 3.8665264629622 vs. 3.8665264629622
list:
dist: 2.616134667955034 vs. 2.616134667955034
list:
dist: 3.2661617353902233 vs. 3.2661617353902233
list:
dist: 2.972025213118418 vs. 2.972025213118418
list:
dist: 2.8821142903337567 vs. 2.8821142903337567
list:
dist: 2.699885271219924 vs. 2.699885271219924
list:
dist: 2.2027597143597286 vs. 2.2027597143597286
list:
dist: 2.330671775118151 vs. 2.330671775118151
list:
dist: 2.713965189511629 vs. 2.713965189511629
list:
dist: 1.3595449644686666 vs. 1.3595449644686666
list:
dist: 1.3065208382652305 vs. 1.3065208382652305
list:
dist: 1.54581710566159 vs. 1.54581710566159
list:
dist: 1.4970992557404983 vs. 1.4970992557404983
list:
dist: 1.0661497754406586 vs. 1.0661497754406586
list:
dist: 1.3928374149323757 vs. 1.3928374149323757
list:
dist: 1.2030095228209294 vs. 1.2030095228209294
list:
dist: 2.9822812781487404 vs. 2.9822812781487404
list:
dist: 3.4556195600999033 vs. 3.4556195600999033
list:
dist: 1.6518994192275778 vs. 1.6518994192275778
list:
dist: 3.6680247566469326 vs. 3.6680247566469326
list:
dist: 3.5400670836581383 vs. 3.5400670836581383
list:
dist: 1.2028423901138994 vs. 1.2028423901138994
list:
dist: 1.3574717304487145 vs. 1.3574717304487145
list:
dist: 1.5766687913065023 vs. 1.5766687913065023
list:
dist: 1.3671221197413732 vs. 1.3671221197413732
list:
dist: 0.8136267558209663 vs. 0.8136267558209663
list:
dist: 0.501090467268979 vs. 0.501090467268979
list:
dist: 1.1999178071513104 vs. 1.1999178071513104
list:
dist: 1.4000786032854862 vs. 1.4000786032854862
list:
dist: 0.42980880567455976 vs. 0.42980880567455976
list:
dist: 0.9372710099373631 vs. 0.9372710099373631
list:
dist: 0.9405787275653885 vs. 0.9405787275653885
list:
dist: 1.6879459468920877 vs. 1.6879459468920877
list:
dist: 1.3510388682518313 vs. 1.3510388682518313
list:
dist: 1.5962338737576454 vs. 1.5962338737576454
list:
dist: 5.109787406351121 vs. 5.109787406351121
list:
dist: 4.3016020865780735 vs. 4.3016020865780735
list:
dist: 4.014079718299265 vs. 4.014079718299265
list:
dist: 2.4799444022012094 vs. 2.4799444022012094
list:
dist: 1.731574711532508 vs. 1.731574711532508
list:
dist: 1.9769127385844325 vs. 1.9769127385844325
list:
dist: 2.1558549816693025 vs. 2.1558549816693025
list:
dist: 1.9238651236235402 vs. 1.9238651236235402
list:
dist: 4.230550226376212 vs. 4.230550226376212
list:
dist: 4.191890256777886 vs. 4.191890256777886
list:
dist: 3.028863388521845 vs. 3.028863388521845
list:
dist: 3.4754408754150785 vs. 3.4754408754150785
list:
dist: 3.0964204013707017 vs. 3.0964204013707017
list:
dist: 2.936282190153426 vs. 2.936282190153426
list:
dist: 3.471212657411191 vs. 3.471212657411191
list:
dist: 2.3375682193035616 vs. 2.3375682193035616
list:
dist: 3.0013767912368885 vs. 3.0013767912368885
list:
dist: 2.7222539421136536 vs. 2.7222539421136536
list:
dist: 1.5743709767420662 vs. 1.5743709767420662
list:
dist: 2.225174290174953 vs. 2.225174290174953
list:
dist: 2.319644389822796 vs. 2.319644389822796
list:
dist: 2.2897783067515776 vs. 2.2897783067515776
list:
dist: 1.7845244410220635 vs. 1.7845244410220635
list:
dist: 1.822306466782137 vs. 1.822306466782137
list:
dist: 1.8933424692243204 vs. 1.8933424692243204
list:
dist: 2.5910314644950074 vs. 2.5910314644950074
list:
dist: 3.403539270821282 vs. 3.403539270821282
list:
dist: 1.574330348517312 vs. 1.574330348517312
list:
dist: 4.037601982734434 vs. 4.037601982734434
list:
dist: 3.8481432067452137 vs. 3.8481432067452137
list:
dist: 1.4692909472826203 vs. 1.4692909472826203
list:
dist: 0.6775349391140405 vs. 0.6775349391140405
list:
dist: 1.335689874544142 vs. 1.335689874544142
list:
dist: 1.3572073170373864 vs. 1.3572073170373864
list:
dist: 1.5083695562203783 vs. 1.5083695562203783
list:
dist: 0.9931032480407768 vs. 0.9931032480407768
list:
dist: 0.7955601147009324 vs. 0.7955601147009324
list:
dist: 0.9445737875588174 vs. 0.9445737875588174
list:
dist: 0.9405787275653885 vs. 0.9405787275653885
list:
dist: 0.828703498286126 vs. 0.828703498286126
list:
dist: 1.489184407608175 vs. 1.489184407608175
list:
dist: 1.20237427807443 vs. 1.20237427807443
list:
dist: 0.521210616694778 vs. 0.521210616694778
list:
dist: 1.4830165654484662 vs. 1.4830165654484662
list:
dist: 5.008734553472657 vs. 5.008734553472657
list:
dist: 4.305418947234912 vs. 4.305418947234912
list:
dist: 3.991584889643566 vs. 3.991584889643566
list:
dist: 1.5491278767837204 vs. 1.5491278767837204
list:
dist: 1.1132390178039329 vs. 1.1132390178039329
list:
dist: 1.3831360435595466 vs. 1.3831360435595466
list:
dist: 1.44700548158587 vs. 1.44700548158587
list:
dist: 1.223751949059093 vs. 1.223751949059093
list:
dist: 3.7018849562870026 vs. 3.7018849562870026
list:
dist: 4.708255388991036 vs. 4.708255388991036
list:
dist: 3.9713829774563845 vs. 3.9713829774563845
list:
dist: 3.697639825536414 vs. 3.697639825536414
list:
dist: 3.409545400790327 vs. 3.409545400790327
list:
dist: 3.681344115592804 vs. 3.681344115592804
list:
dist: 2.565315080191413 vs. 2.565315080191413
list:
dist: 2.873243717692078 vs. 2.873243717692078
list:
dist: 2.0819041343695037 vs. 2.0819041343695037
list:
dist: 2.4075726128155406 vs. 2.4075726128155406
list:
dist: 2.9755198762372292 vs. 2.9755198762372292
list:
dist: 2.438644007248701 vs. 2.438644007248701
list:
dist: 3.3485228069647834 vs. 3.3485228069647834
list:
dist: 2.693530976190661 vs. 2.693530976190661
list:
dist: 2.3042822045075875 vs. 2.3042822045075875
list:
dist: 2.3672177511536385 vs. 2.3672177511536385
list:
dist: 2.704666164008861 vs. 2.704666164008861
list:
dist: 2.3937707344523305 vs. 2.3937707344523305
list:
dist: 1.3963585762277637 vs. 1.3963585762277637
list:
dist: 2.107959768684909 vs. 2.107959768684909
list:
dist: 2.604922377342197 vs. 2.604922377342197
list:
dist: 3.476488442083438 vs. 3.476488442083438
list:
dist: 2.76465003688354 vs. 2.76465003688354
list:
dist: 1.29295588616484 vs. 1.29295588616484
list:
dist: 1.4243831357252563 vs. 1.4243831357252563
list:
dist: 1.7797037421497888 vs. 1.7797037421497888
list:
dist: 1.5074327994397616 vs. 1.5074327994397616
list:
dist: 2.461453313634013 vs. 2.461453313634013
list:
dist: 1.3906544420786888 vs. 1.3906544420786888
list:
dist: 2.216539381999923 vs. 2.216539381999923
list:
dist: 2.30135584558048 vs. 2.30135584558048
list:
dist: 1.6518994192275778 vs. 1.6518994192275778
list:
dist: 1.866748071334926 vs. 1.866748071334926
list:
dist: 1.341404606438416 vs. 1.341404606438416
list:
dist: 1.574330348517312 vs. 1.574330348517312
list:
dist: 1.032881110095482 vs. 1.032881110095482
list:
dist: 1.4320818793723564 vs. 1.4320818793723564
list:
dist: 5.259989903318931 vs. 5.259989903318931
list:
dist: 4.321019166851777 vs. 4.321019166851777
list:
dist: 3.4878207368604497 vs. 3.4878207368604497
list:
dist: 3.554968595017994 vs. 3.554968595017994
list:
dist: 2.5523211078763968 vs. 2.5523211078763968
list:
dist: 1.9337039327117433 vs. 1.9337039327117433
list:
dist: 2.1922983842245154 vs. 2.1922983842245154
list:
dist: 2.6212425218962405 vs. 2.6212425218962405
list:
dist: 3.3407219390405203 vs. 3.3407219390405203
list:
dist: 3.3136721630948673 vs. 3.3136721630948673
list:
dist: 3.812003332974884 vs. 3.812003332974884
list:
dist: 2.2628183241356146 vs. 2.2628183241356146
list:
dist: 2.399237774396888 vs. 2.399237774396888
list:
dist: 2.642416971830237 vs. 2.642416971830237
list:
dist: 2.8275963734867733 vs. 2.8275963734867733
list:
dist: 2.6188269619860125 vs. 2.6188269619860125
list:
dist: 1.594631735404092 vs. 1.594631735404092
list:
dist: 1.474209428135706 vs. 1.474209428135706
list:
dist: 2.6582728878461848 vs. 2.6582728878461848
list:
dist: 2.0939592796475317 vs. 2.0939592796475317
list:
dist: 1.7834841194603634 vs. 1.7834841194603634
list:
dist: 1.954814219907574 vs. 1.954814219907574
list:
dist: 1.355030947754282 vs. 1.355030947754282
list:
dist: 1.7372473281570617 vs. 1.7372473281570617
list:
dist: 0.7642620546133035 vs. 0.7642620546133035
list:
dist: 0.8087623944427408 vs. 0.8087623944427408
list:
dist: 1.5962338737576454 vs. 1.5962338737576454
list:
dist: 1.4524214513667058 vs. 1.4524214513667058
list:
dist: 2.5068649657938633 vs. 2.5068649657938633
list:
dist: 1.4830165654484662 vs. 1.4830165654484662
list:
dist: 2.3686635785955246 vs. 2.3686635785955246
list:
dist: 1.9396345516111566 vs. 1.9396345516111566
list:
dist: 2.166982445792783 vs. 2.166982445792783
list:
dist: 1.6380141143289706 vs. 1.6380141143289706
list:
dist: 1.690527765281726 vs. 1.690527765281726
list:
dist: 1.4447739688874865 vs. 1.4447739688874865
list:
dist: 1.124203640073236 vs. 1.124203640073236
list:
dist: 4.1516956076358635 vs. 4.1516956076358635
list:
dist: 4.074738354559274 vs. 4.074738354559274
list:
dist: 2.9835968518362423 vs. 2.9835968518362423
list:
dist: 3.2998286824432905 vs. 3.2998286824432905
list:
dist: 2.86637918685105 vs. 2.86637918685105
list:
dist: 2.7000985833468825 vs. 2.7000985833468825
list:
dist: 3.7833184142303944 vs. 3.7833184142303944
list:
dist: 2.2435853008659667 vs. 2.2435853008659667
list:
dist: 3.2271203153377948 vs. 3.2271203153377948
list:
dist: 2.5308579191528406 vs. 2.5308579191528406
list:
dist: 1.7025651011968574 vs. 1.7025651011968574
list:
dist: 2.621832604858117 vs. 2.621832604858117
list:
dist: 2.610821078643631 vs. 2.610821078643631
list:
dist: 2.5345873495446636 vs. 2.5345873495446636
list:
dist: 2.000744048855068 vs. 2.000744048855068
list:
dist: 2.207698811040653 vs. 2.207698811040653
list:
dist: 2.373932598284105 vs. 2.373932598284105
list:
dist: 2.150262257386825 vs. 2.150262257386825
list:
dist: 3.0843310958099934 vs. 3.0843310958099934
list:
dist: 1.4320818793723564 vs. 1.4320818793723564
list:
dist: 4.2794841760695155 vs. 4.2794841760695155
list:
dist: 3.9412467829614455 vs. 3.9412467829614455
list:
dist: 1.463856181234574 vs. 1.463856181234574
list:
dist: 0.3033442956067131 vs. 0.3033442956067131
list:
dist: 1.583724365440848 vs. 1.583724365440848
list:
dist: 1.6170360806748603 vs. 1.6170360806748603
list:
dist: 1.9823735552968331 vs. 1.9823735552968331
list:
dist: 1.3630334032767135 vs. 1.3630334032767135
list:
dist: 1.2399063103941126 vs. 1.2399063103941126
list:
dist: 1.3385373670367726 vs. 1.3385373670367726
list:
dist: 1.3510388682518313 vs. 1.3510388682518313
list:
dist: 1.233626659639399 vs. 1.233626659639399
list:
dist: 1.625406207179057 vs. 1.625406207179057
list:
dist: 0.521210616694778 vs. 0.521210616694778
list:
dist: 1.096238624543805 vs. 1.096238624543805
list:
dist: 1.9396345516111566 vs. 1.9396345516111566
list:
dist: 5.038807503469522 vs. 5.038807503469522
list:
dist: 4.353022202513353 vs. 4.353022202513353
list:
dist: 4.12198101747234 vs. 4.12198101747234
list:
dist: 1.3416950601600615 vs. 1.3416950601600615
list:
dist: 1.257567078895288 vs. 1.257567078895288
list:
dist: 1.5291734024394272 vs. 1.5291734024394272
list:
dist: 1.5899907997807172 vs. 1.5899907997807172
list:
dist: 1.4261556836259561 vs. 1.4261556836259561
list:
dist: 3.6163345376404163 vs. 3.6163345376404163
list:
dist: 4.428952008768686 vs. 4.428952008768686
list:
dist: 3.953950296965913 vs. 3.953950296965913
list:
dist: 3.675083487186934 vs. 3.675083487186934
list:
dist: 3.908144463807729 vs. 3.908144463807729
list:
dist: 3.791965668587796 vs. 3.791965668587796
list:
dist: 2.725557065385208 vs. 2.725557065385208
list:
dist: 3.021365113622557 vs. 3.021365113622557
list:
dist: 2.6389049999978704 vs. 2.6389049999978704
list:
dist: 2.4178249180369358 vs. 2.4178249180369358
list:
dist: 1.950875856307136 vs. 1.950875856307136
list:
dist: 3.0320584413658223 vs. 3.0320584413658223
list:
dist: 2.2278471993250073 vs. 2.2278471993250073
list:
dist: 1.4880535442569869 vs. 1.4880535442569869
list:
dist: 2.6177137458969937 vs. 2.6177137458969937
list:
dist: 2.4637504316744816 vs. 2.4637504316744816
list:
dist: 2.3804760490801478 vs. 2.3804760490801478
list:
dist: 1.9450755691134995 vs. 1.9450755691134995
list:
dist: 2.1396048469204936 vs. 2.1396048469204936
list:
dist: 2.3793468648504934 vs. 2.3793468648504934
list:
dist: 1.929825475138545 vs. 1.929825475138545
list:
dist: 2.8295057131295955 vs. 2.8295057131295955
list:
dist: 1.4243831357252563 vs. 1.4243831357252563
list:
dist: 1.2572191917743973 vs. 1.2572191917743973
list:
dist: 1.8390214704511634 vs. 1.8390214704511634
list:
dist: 1.822012335679197 vs. 1.822012335679197
list:
dist: 1.9870290188976927 vs. 1.9870290188976927
list:
dist: 1.442401366093071 vs. 1.442401366093071
list:
dist: 1.4406413309537982 vs. 1.4406413309537982
list:
dist: 1.570249267245914 vs. 1.570249267245914
list:
dist: 1.3574717304487145 vs. 1.3574717304487145
list:
dist: 1.2031341960654074 vs. 1.2031341960654074
list:
dist: 1.4866021092684483 vs. 1.4866021092684483
list:
dist: 0.6775349391140405 vs. 0.6775349391140405
list:
dist: 1.3039488186592136 vs. 1.3039488186592136
list:
dist: 0.3033442956067131 vs. 0.3033442956067131
list:
dist: 2.0939592796475317 vs. 2.0939592796475317
list:
dist: 1.5479846535081583 vs. 1.5479846535081583
list:
dist: 1.5552473426917621 vs. 1.5552473426917621
list:
dist: 1.8295465660802335 vs. 1.8295465660802335
list:
dist: 1.8709579207708136 vs. 1.8709579207708136
list:
dist: 1.6697667286576383 vs. 1.6697667286576383
list:
dist: 5.083010753866212 vs. 5.083010753866212
list:
dist: 5.0695025892997325 vs. 5.0695025892997325
list:
dist: 3.8774933944160765 vs. 3.8774933944160765
list:
dist: 4.390852600068158 vs. 4.390852600068158
list:
dist: 4.015420064430069 vs. 4.015420064430069
list:
dist: 3.871616942506423 vs. 3.871616942506423
list:
dist: 3.622371534596622 vs. 3.622371534596622
list:
dist: 3.1893238149501517 vs. 3.1893238149501517
list:
dist: 3.5233216003548664 vs. 3.5233216003548664
list:
dist: 3.6056180567830554 vs. 3.6056180567830554
list:
dist: 2.252884459116104 vs. 2.252884459116104
list:
dist: 2.4305060794490974 vs. 2.4305060794490974
list:
dist: 2.7968976921085864 vs. 2.7968976921085864
list:
dist: 2.857470804821973 vs. 2.857470804821973
list:
dist: 2.3521282199755555 vs. 2.3521282199755555
list:
dist: 1.9908603725397866 vs. 1.9908603725397866
list:
dist: 1.8706965025473354 vs. 1.8706965025473354
list:
dist: 3.487090170247977 vs. 3.487090170247977
list:
dist: 4.34711599293112 vs. 4.34711599293112
list:
dist: 2.30135584558048 vs. 2.30135584558048
list:
dist: 3.9107652829342467 vs. 3.9107652829342467
list:
dist: 4.047483763551777 vs. 4.047483763551777
list:
dist: 2.3388101401119243 vs. 2.3388101401119243
list:
dist: 1.570249267245914 vs. 1.570249267245914
list:
dist: 1.1161462414488823 vs. 1.1161462414488823
list:
dist: 1.363491587321013 vs. 1.363491587321013
list:
dist: 1.5987060636311732 vs. 1.5987060636311732
list:
dist: 1.365310686825827 vs. 1.365310686825827
list:
dist: 0.23747281257121616 vs. 0.23747281257121616
list:
dist: 1.4000786032854862 vs. 1.4000786032854862
list:
dist: 1.3377693902445569 vs. 1.3377693902445569
list:
dist: 2.2409091897970708 vs. 2.2409091897970708
list:
dist: 0.9445737875588174 vs. 0.9445737875588174
list:
dist: 1.6069374805892254 vs. 1.6069374805892254
list:
dist: 1.3385373670367726 vs. 1.3385373670367726
list:
dist: 0.8087623944427408 vs. 0.8087623944427408
list:
dist: 4.859893999443583 vs. 4.859893999443583
list:
dist: 4.264677174484947 vs. 4.264677174484947
list:
dist: 3.737645959513159 vs. 3.737645959513159
list:
dist: 1.5709506490153629 vs. 1.5709506490153629
list:
dist: 0.8410994515069565 vs. 0.8410994515069565
list:
dist: 0.940684691800287 vs. 0.940684691800287
list:
dist: 0.8401101880733611 vs. 0.8401101880733611
list:
dist: 0.6314409385688912 vs. 0.6314409385688912
list:
dist: 4.942528262506673 vs. 4.942528262506673
list:
dist: 5.145908765998675 vs. 5.145908765998675
list:
dist: 3.9142885139109054 vs. 3.9142885139109054
list:
dist: 4.410852283549914 vs. 4.410852283549914
list:
dist: 3.7979976167816285 vs. 3.7979976167816285
list:
dist: 3.921686713447604 vs. 3.921686713447604
list:
dist: 3.0258554083867253 vs. 3.0258554083867253
list:
dist: 3.508629120834681 vs. 3.508629120834681
list:
dist: 3.9028567200531463 vs. 3.9028567200531463
list:
dist: 3.902074832592818 vs. 3.902074832592818
list:
dist: 2.77631494181423 vs. 2.77631494181423
list:
dist: 2.3101853193775734 vs. 2.3101853193775734
list:
dist: 3.0989300530993047 vs. 3.0989300530993047
list:
dist: 2.99857562010634 vs. 2.99857562010634
list:
dist: 2.067562115651732 vs. 2.067562115651732
list:
dist: 2.7185955226790006 vs. 2.7185955226790006
list:
dist: 2.3624617942226953 vs. 2.3624617942226953
list:
dist: 3.496798263692282 vs. 3.496798263692282
list:
dist: 4.264830269426953 vs. 4.264830269426953
list:
dist: 1.7797037421497888 vs. 1.7797037421497888
list:
dist: 2.942204334822193 vs. 2.942204334822193
list:
dist: 3.0079196439281555 vs. 3.0079196439281555
list:
dist: 2.3686371562450255 vs. 2.3686371562450255
list:
dist: 1.8390214704511634 vs. 1.8390214704511634
list:
dist: 0.4501281169167703 vs. 0.4501281169167703
list:
dist: 2.0667156491431116 vs. 2.0667156491431116
list:
dist: 1.1829874159567322 vs. 1.1829874159567322
list:
dist: 1.2038030902198396 vs. 1.2038030902198396
list:
dist: 1.1161462414488823 vs. 1.1161462414488823
list:
dist: 1.5766687913065023 vs. 1.5766687913065023
list:
dist: 1.7892128811877537 vs. 1.7892128811877537
list:
dist: 2.2021488011647 vs. 2.2021488011647
list:
dist: 1.335689874544142 vs. 1.335689874544142
list:
dist: 1.0046869322907834 vs. 1.0046869322907834
list:
dist: 1.583724365440848 vs. 1.583724365440848
list:
dist: 1.7834841194603634 vs. 1.7834841194603634
list:
dist: 3.797879163963115 vs. 3.797879163963115
list:
dist: 3.1568905509577334 vs. 3.1568905509577334
list:
dist: 2.7016855785108027 vs. 2.7016855785108027
list:
dist: 2.0239002748094603 vs. 2.0239002748094603
list:
dist: 0.6730953493580065 vs. 0.6730953493580065
list:
dist: 0.7680085337707475 vs. 0.7680085337707475
list:
dist: 1.3566656419687462 vs. 1.3566656419687462
list:
dist: 1.5113049491948267 vs. 1.5113049491948267
list:
dist: 4.885189253953403 vs. 4.885189253953403
list:
dist: 4.85818005483127 vs. 4.85818005483127
list:
dist: 3.6671577935574486 vs. 3.6671577935574486
list:
dist: 4.195039890803181 vs. 4.195039890803181
list:
dist: 3.8553329590174377 vs. 3.8553329590174377
list:
dist: 3.6881843735988498 vs. 3.6881843735988498
list:
dist: 3.53529953724938 vs. 3.53529953724938
list:
dist: 2.975950265029195 vs. 2.975950265029195
list:
dist: 3.288811882934142 vs. 3.288811882934142
list:
dist: 3.4058789827724834 vs. 3.4058789827724834
list:
dist: 2.0223535094132368 vs. 2.0223535094132368
list:
dist: 2.2738280900127497 vs. 2.2738280900127497
list:
dist: 2.5691487251054013 vs. 2.5691487251054013
list:
dist: 2.6374113230280942 vs. 2.6374113230280942
list:
dist: 2.1898015265344903 vs. 2.1898015265344903
list:
dist: 1.7710423406088749 vs. 1.7710423406088749
list:
dist: 1.6839023063386023 vs. 1.6839023063386023
list:
dist: 3.36931690679862 vs. 3.36931690679862
list:
dist: 4.19011374514347 vs. 4.19011374514347
list:
dist: 2.216539381999923 vs. 2.216539381999923
list:
dist: 3.9528958518796458 vs. 3.9528958518796458
list:
dist: 4.050017156764844 vs. 4.050017156764844
list:
dist: 2.146750397350861 vs. 2.146750397350861
list:
dist: 1.4406413309537982 vs. 1.4406413309537982
list:
dist: 1.2038030902198396 vs. 1.2038030902198396
list:
dist: 1.3795780854725526 vs. 1.3795780854725526
list:
dist: 1.3940383659069018 vs. 1.3940383659069018
list:
dist: 1.2281610453157479 vs. 1.2281610453157479
list:
dist: 0.23747281257121616 vs. 0.23747281257121616
list:
dist: 1.1999178071513104 vs. 1.1999178071513104
list:
dist: 1.1077176702893061 vs. 1.1077176702893061
list:
dist: 2.0473688739334484 vs. 2.0473688739334484
list:
dist: 0.7955601147009324 vs. 0.7955601147009324
list:
dist: 1.6188015370802722 vs. 1.6188015370802722
list:
dist: 1.2399063103941126 vs. 1.2399063103941126
list:
dist: 0.7642620546133035 vs. 0.7642620546133035
list:
dist: 4.989147663797061 vs. 4.989147663797061
list:
dist: 4.3580475429652745 vs. 4.3580475429652745
list:
dist: 3.8646988981290487 vs. 3.8646988981290487
list:
dist: 1.6469454833765311 vs. 1.6469454833765311
list:
dist: 0.9812753327145192 vs. 0.9812753327145192
list:
dist: 1.1273684252794733 vs. 1.1273684252794733
list:
dist: 1.043422689033214 vs. 1.043422689033214
list:
dist: 0.7717763882611248 vs. 0.7717763882611248
list:
dist: 2.901707577926847 vs. 2.901707577926847
list:
dist: 4.0922812931802 vs. 4.0922812931802
list:
dist: 2.5523211078763968 vs. 2.5523211078763968
list:
dist: 2.7960569793863663 vs. 2.7960569793863663
list:
dist: 1.5479846535081583 vs. 1.5479846535081583
list:
dist: 2.0239002748094603 vs. 2.0239002748094603
list:
dist: 2.3228914329571113 vs. 2.3228914329571113
list:
dist: 2.904470614603019 vs. 2.904470614603019
list:
dist: 2.444788801110018 vs. 2.444788801110018
list:
dist: 1.6469454833765311 vs. 1.6469454833765311
list:
dist: 1.5709506490153629 vs. 1.5709506490153629
list:
dist: 2.4799444022012094 vs. 2.4799444022012094
list:
dist: 2.309851561228332 vs. 2.309851561228332
list:
dist: 2.9542579553846444 vs. 2.9542579553846444
list:
dist: 1.5491278767837204 vs. 1.5491278767837204
list:
dist: 1.773880321113179 vs. 1.773880321113179
list:
dist: 1.3416950601600615 vs. 1.3416950601600615
list:
dist: 2.166982445792783 vs. 2.166982445792783
list:
dist: 1.3628245022493821 vs. 1.3628245022493821
list:
dist: 1.4182441081765578 vs. 1.4182441081765578
list:
dist: 1.0820593723779366 vs. 1.0820593723779366
list:
dist: 1.0951077125788324 vs. 1.0951077125788324
list:
dist: 4.578359408318359 vs. 4.578359408318359
list:
dist: 4.843051398783262 vs. 4.843051398783262
list:
dist: 3.5983823883789765 vs. 3.5983823883789765
list:
dist: 4.127313635966325 vs. 4.127313635966325
list:
dist: 3.5004263350996587 vs. 3.5004263350996587
list:
dist: 3.6828630039018027 vs. 3.6828630039018027
list:
dist: 2.6227167787451813 vs. 2.6227167787451813
list:
dist: 3.3111506453851716 vs. 3.3111506453851716
list:
dist: 3.6436262967718607 vs. 3.6436262967718607
list:
dist: 3.7212493558921254 vs. 3.7212493558921254
list:
dist: 2.6352368644031032 vs. 2.6352368644031032
list:
dist: 1.9666538188991183 vs. 1.9666538188991183
list:
dist: 2.831157563147815 vs. 2.831157563147815
list:
dist: 2.6833061315341102 vs. 2.6833061315341102
list:
dist: 1.671302936937835 vs. 1.671302936937835
list:
dist: 2.635448333238068 vs. 2.635448333238068
list:
dist: 2.228255249117735 vs. 2.228255249117735
list:
dist: 3.386852891819319 vs. 3.386852891819319
list:
dist: 4.033288361847657 vs. 4.033288361847657
list:
dist: 1.5074327994397616 vs. 1.5074327994397616
list:
dist: 2.7130256000059045 vs. 2.7130256000059045
list:
dist: 2.686354087732146 vs. 2.686354087732146
list:
dist: 2.10674400739224 vs. 2.10674400739224
list:
dist: 1.822012335679197 vs. 1.822012335679197
list:
dist: 0.4501281169167703 vs. 0.4501281169167703
list:
dist: 1.9257272882377703 vs. 1.9257272882377703
list:
dist: 0.8985926265357722 vs. 0.8985926265357722
list:
dist: 1.3795780854725526 vs. 1.3795780854725526
list:
dist: 1.363491587321013 vs. 1.363491587321013
list:
dist: 1.3671221197413732 vs. 1.3671221197413732
list:
dist: 1.6660908878547214 vs. 1.6660908878547214
list:
dist: 1.8903073267374435 vs. 1.8903073267374435
list:
dist: 1.3572073170373864 vs. 1.3572073170373864
list:
dist: 0.9932834148417934 vs. 0.9932834148417934
list:
dist: 1.6170360806748603 vs. 1.6170360806748603
list:
dist: 1.954814219907574 vs. 1.954814219907574
list:
dist: 3.789109065236323 vs. 3.789109065236323
list:
dist: 3.0538872254890057 vs. 3.0538872254890057
list:
dist: 2.696960578798548 vs. 2.696960578798548
list:
dist: 2.3228914329571113 vs. 2.3228914329571113
list:
dist: 1.0435139627418504 vs. 1.0435139627418504
list:
dist: 1.1966239611817944 vs. 1.1966239611817944
list:
dist: 1.7541720317844742 vs. 1.7541720317844742
list:
dist: 1.8399177216908364 vs. 1.8399177216908364
list:
dist: 4.395896073063699 vs. 4.395896073063699
list:
dist: 4.5666861804706675 vs. 4.5666861804706675
list:
dist: 3.4248428803079034 vs. 3.4248428803079034
list:
dist: 3.751737069724544 vs. 3.751737069724544
list:
dist: 3.0385048093090514 vs. 3.0385048093090514
list:
dist: 3.204354520305999 vs. 3.204354520305999
list:
dist: 3.34695840196271 vs. 3.34695840196271
list:
dist: 3.0153054475512464 vs. 3.0153054475512464
list:
dist: 3.8535758683322565 vs. 3.8535758683322565
list:
dist: 3.295576002939534 vs. 3.295576002939534
list:
dist: 2.5682590790088415 vs. 2.5682590790088415
list:
dist: 2.6364429704357417 vs. 2.6364429704357417
list:
dist: 3.1294933582872226 vs. 3.1294933582872226
list:
dist: 2.9416369848752377 vs. 2.9416369848752377
list:
dist: 1.9669130682100158 vs. 1.9669130682100158
list:
dist: 2.937226377049952 vs. 2.937226377049952
list:
dist: 2.797476711641561 vs. 2.797476711641561
list:
dist: 2.591808475910954 vs. 2.591808475910954
list:
dist: 3.4254881312185974 vs. 3.4254881312185974
list:
dist: 1.032881110095482 vs. 1.032881110095482
list:
dist: 3.40260156543019 vs. 3.40260156543019
list:
dist: 3.017346078945094 vs. 3.017346078945094
list:
dist: 1.916598093736017 vs. 1.916598093736017
list:
dist: 1.3039488186592136 vs. 1.3039488186592136
list:
dist: 1.0046869322907834 vs. 1.0046869322907834
list:
dist: 0.9932834148417934 vs. 0.9932834148417934
list:
dist: 2.421787930596457 vs. 2.421787930596457
list:
dist: 1.3463173988110844 vs. 1.3463173988110844
list:
dist: 1.6188015370802722 vs. 1.6188015370802722
list:
dist: 1.6069374805892254 vs. 1.6069374805892254
list:
dist: 1.6879459468920877 vs. 1.6879459468920877
list:
dist: 1.8444110785487764 vs. 1.8444110785487764
list:
dist: 1.9256643379099931 vs. 1.9256643379099931
list:
dist: 1.20237427807443 vs. 1.20237427807443
list:
dist: 1.096238624543805 vs. 1.096238624543805
list:
dist: 2.3686635785955246 vs. 2.3686635785955246
list:
dist: 3.9549502217203565 vs. 3.9549502217203565
list:
dist: 3.2703038835623026 vs. 3.2703038835623026
list:
dist: 3.098637485461224 vs. 3.098637485461224
list:
dist: 1.773880321113179 vs. 1.773880321113179
list:
dist: 0.9909877646152754 vs. 0.9909877646152754
list:
dist: 1.2167740132652933 vs. 1.2167740132652933
list:
dist: 1.7011055026107866 vs. 1.7011055026107866
list:
dist: 1.812316751237082 vs. 1.812316751237082
list:
dist: 3.5243417779199655 vs. 3.5243417779199655
list:
dist: 4.480972396034518 vs. 4.480972396034518
list:
dist: 2.1922983842245154 vs. 2.1922983842245154
list:
dist: 3.596402636994199 vs. 3.596402636994199
list:
dist: 3.67826867062589 vs. 3.67826867062589
list:
dist: 2.7139348882194083 vs. 2.7139348882194083
list:
dist: 1.8295465660802335 vs. 1.8295465660802335
list:
dist: 0.7680085337707475 vs. 0.7680085337707475
list:
dist: 1.1966239611817944 vs. 1.1966239611817944
list:
dist: 2.395747736889868 vs. 2.395747736889868
list:
dist: 1.7182541235814064 vs. 1.7182541235814064
list:
dist: 1.1273684252794733 vs. 1.1273684252794733
list:
dist: 0.940684691800287 vs. 0.940684691800287
list:
dist: 1.9769127385844325 vs. 1.9769127385844325
list:
dist: 2.035293328200094 vs. 2.035293328200094
list:
dist: 2.64998897608024 vs. 2.64998897608024
list:
dist: 1.3831360435595466 vs. 1.3831360435595466
list:
dist: 1.2167740132652933 vs. 1.2167740132652933
list:
dist: 1.5291734024394272 vs. 1.5291734024394272
list:
dist: 1.690527765281726 vs. 1.690527765281726
list:
dist: 4.092048030967761 vs. 4.092048030967761
list:
dist: 3.591893985619479 vs. 3.591893985619479
list:
dist: 3.072072741497492 vs. 3.072072741497492
list:
dist: 1.4182441081765578 vs. 1.4182441081765578
list:
dist: 0.2919296347343164 vs. 0.2919296347343164
list:
dist: 0.6712555501283903 vs. 0.6712555501283903
list:
dist: 0.986448987652048 vs. 0.986448987652048
list:
dist: 3.623479842693794 vs. 3.623479842693794
list:
dist: 4.6586805295884375 vs. 4.6586805295884375
list:
dist: 2.6212425218962405 vs. 2.6212425218962405
list:
dist: 4.2107096356707565 vs. 4.2107096356707565
list:
dist: 4.333571786187053 vs. 4.333571786187053
list:
dist: 2.906081814311887 vs. 2.906081814311887
list:
dist: 1.8709579207708136 vs. 1.8709579207708136
list:
dist: 1.3566656419687462 vs. 1.3566656419687462
list:
dist: 1.7541720317844742 vs. 1.7541720317844742
list:
dist: 2.434647968983864 vs. 2.434647968983864
list:
dist: 2.0436283462511264 vs. 2.0436283462511264
list:
dist: 1.043422689033214 vs. 1.043422689033214
list:
dist: 0.8401101880733611 vs. 0.8401101880733611
list:
dist: 2.1558549816693025 vs. 2.1558549816693025
list:
dist: 2.0821198471955227 vs. 2.0821198471955227
list:
dist: 2.8904778290742734 vs. 2.8904778290742734
list:
dist: 1.44700548158587 vs. 1.44700548158587
list:
dist: 1.7011055026107866 vs. 1.7011055026107866
list:
dist: 1.5899907997807172 vs. 1.5899907997807172
list:
dist: 1.4447739688874865 vs. 1.4447739688874865
list:
dist: 4.701886821048102 vs. 4.701886821048102
list:
dist: 4.247073881905277 vs. 4.247073881905277
list:
dist: 3.685317308079222 vs. 3.685317308079222
list:
dist: 1.0820593723779366 vs. 1.0820593723779366
list:
dist: 0.773397614988354 vs. 0.773397614988354
list:
dist: 0.6712555501283903 vs. 0.6712555501283903
list:
dist: 0.4610444421181919 vs. 0.4610444421181919
list:
dist: 2.6863905699620263 vs. 2.6863905699620263
list:
dist: 1.6697667286576383 vs. 1.6697667286576383
list:
dist: 1.5113049491948267 vs. 1.5113049491948267
list:
dist: 1.8399177216908364 vs. 1.8399177216908364
list:
dist: 2.1273200668929344 vs. 2.1273200668929344
list:
dist: 1.9166448087606074 vs. 1.9166448087606074
list:
dist: 0.7717763882611248 vs. 0.7717763882611248
list:
dist: 0.6314409385688912 vs. 0.6314409385688912
list:
dist: 1.9238651236235402 vs. 1.9238651236235402
list:
dist: 1.7758259615856915 vs. 1.7758259615856915
list:
dist: 2.68124173585067 vs. 2.68124173585067
list:
dist: 1.223751949059093 vs. 1.223751949059093
list:
dist: 1.812316751237082 vs. 1.812316751237082
list:
dist: 1.4261556836259561 vs. 1.4261556836259561
list:
dist: 1.124203640073236 vs. 1.124203640073236
list:
dist: 1.0951077125788324 vs. 1.0951077125788324
list:
dist: 0.9707162386023173 vs. 0.9707162386023173
list:
dist: 0.986448987652048 vs. 0.986448987652048
list:
dist: 0.4610444421181919 vs. 0.4610444421181919
list:
dist: 3.268893841120666 vs. 3.268893841120666
list:
dist: 4.202296103598245 vs. 4.202296103598245
list:
dist: 1.9337039327117433 vs. 1.9337039327117433
list:
dist: 3.59194956002541 vs. 3.59194956002541
list:
dist: 3.590713705247338 vs. 3.590713705247338
list:
dist: 2.424379713748952 vs. 2.424379713748952
list:
dist: 1.5552473426917621 vs. 1.5552473426917621
list:
dist: 0.6730953493580065 vs. 0.6730953493580065
list:
dist: 1.0435139627418504 vs. 1.0435139627418504
list:
dist: 2.2085808002187397 vs. 2.2085808002187397
list:
dist: 1.4795035126435903 vs. 1.4795035126435903
list:
dist: 0.9812753327145192 vs. 0.9812753327145192
list:
dist: 0.8410994515069565 vs. 0.8410994515069565
list:
dist: 1.731574711532508 vs. 1.731574711532508
list:
dist: 1.7903511401829606 vs. 1.7903511401829606
list:
dist: 2.371688005515752 vs. 2.371688005515752
list:
dist: 1.1132390178039329 vs. 1.1132390178039329
list:
dist: 0.9909877646152754 vs. 0.9909877646152754
list:
dist: 1.257567078895288 vs. 1.257567078895288
list:
dist: 1.6380141143289706 vs. 1.6380141143289706
list:
dist: 4.182536924522207 vs. 4.182536924522207
list:
dist: 3.624693488209466 vs. 3.624693488209466
list:
dist: 3.1682857093687122 vs. 3.1682857093687122
list:
dist: 1.3628245022493821 vs. 1.3628245022493821
list:
dist: 0.2919296347343164 vs. 0.2919296347343164
list:
dist: 0.773397614988354 vs. 0.773397614988354
list:
dist: 0.9707162386023173 vs. 0.9707162386023173
list:
dist: 3.2184148657795277 vs. 3.2184148657795277
list:
dist: 4.251308518623215 vs. 4.251308518623215
list:
dist: 3.57299096195972 vs. 3.57299096195972
list:
dist: 4.004047334853477 vs. 4.004047334853477
list:
dist: 4.0425574531161255 vs. 4.0425574531161255
list:
dist: 3.7373211147907894 vs. 3.7373211147907894
list:
dist: 4.161904486171483 vs. 4.161904486171483
list:
dist: 2.9268722465510852 vs. 2.9268722465510852
list:
dist: 2.8177168145742453 vs. 2.8177168145742453
list:
dist: 2.7700811728422385 vs. 2.7700811728422385
list:
dist: 4.144557902683121 vs. 4.144557902683121
list:
dist: 1.864079334618146 vs. 1.864079334618146
list:
dist: 2.4840364188651787 vs. 2.4840364188651787
list:
dist: 1.0124762106166663 vs. 1.0124762106166663
list:
dist: 1.873312691086065 vs. 1.873312691086065
list:
dist: 2.0240181857855855 vs. 2.0240181857855855
list:
dist: 3.248450881969189 vs. 3.248450881969189
list:
dist: 2.261511088439955 vs. 2.261511088439955
list:
dist: 2.577455704817611 vs. 2.577455704817611
list:
dist: 2.175982562653768 vs. 2.175982562653768
list:
dist: 1.494562116742115 vs. 1.494562116742115
list:
dist: 2.4110766614445276 vs. 2.4110766614445276
list:
dist: 2.7983618813039386 vs. 2.7983618813039386
list:
dist: 2.310286831118927 vs. 2.310286831118927
list:
dist: 2.11945984455828 vs. 2.11945984455828
list:
dist: 2.333512758894844 vs. 2.333512758894844
list:
dist: 1.0379897652139336 vs. 1.0379897652139336
list:
dist: 2.1791075850044126 vs. 2.1791075850044126
list:
dist: 1.1972188915893167 vs. 1.1972188915893167
list:
dist: 1.434787619894864 vs. 1.434787619894864
list:
dist: 1.8394067516031551 vs. 1.8394067516031551
list:
dist: 0.805735356841209 vs. 0.805735356841209
list:
dist: 2.410429539397752 vs. 2.410429539397752
list:
dist: 2.404604547165257 vs. 2.404604547165257
list:
dist: 2.252215668205274 vs. 2.252215668205274
list:
dist: 2.474922451861576 vs. 2.474922451861576
list:
dist: 1.8007615958347063 vs. 1.8007615958347063
list:
dist: 2.8236621339022965 vs. 2.8236621339022965
list:
dist: 1.6692253480969752 vs. 1.6692253480969752
list:
dist: 2.2494434173600024 vs. 2.2494434173600024
list:
dist: 4.162469226772087 vs. 4.162469226772087
list:
dist: 5.2052981687244175 vs. 5.2052981687244175
list:
dist: 4.159284060141212 vs. 4.159284060141212
list:
dist: 4.7183020264192495 vs. 4.7183020264192495
list:
dist: 4.782538705992246 vs. 4.782538705992246
list:
dist: 2.2286823031188576 vs. 2.2286823031188576
list:
dist: 4.546768867790335 vs. 4.546768867790335
list:
dist: 3.8981066333503023 vs. 3.8981066333503023
list:
dist: 3.295121354277017 vs. 3.295121354277017
list:
dist: 3.2724472974757988 vs. 3.2724472974757988
list:
dist: 4.522883462457339 vs. 4.522883462457339
list:
dist: 0.3441749231592739 vs. 0.3441749231592739
list:
dist: 1.790613518524915 vs. 1.790613518524915
list:
dist: 1.873312691086065 vs. 1.873312691086065
list:
dist: 0.9883262196119436 vs. 0.9883262196119436
list:
dist: 0.7069805539316427 vs. 0.7069805539316427
list:
dist: 4.201119615504193 vs. 4.201119615504193
list:
dist: 3.6338726348625388 vs. 3.6338726348625388
list:
dist: 3.8034392560924517 vs. 3.8034392560924517
list:
dist: 3.236397637345584 vs. 3.236397637345584
list:
dist: 2.2566279144034027 vs. 2.2566279144034027
list:
dist: 3.7934826887518973 vs. 3.7934826887518973
list:
dist: 4.426426794572093 vs. 4.426426794572093
list:
dist: 2.6818872861214644 vs. 2.6818872861214644
list:
dist: 2.0258823836628816 vs. 2.0258823836628816
list:
dist: 1.7295272053665072 vs. 1.7295272053665072
list:
dist: 2.3212972750941985 vs. 2.3212972750941985
list:
dist: 2.613753308938464 vs. 2.613753308938464
list:
dist: 1.521464464859484 vs. 1.521464464859484
list:
dist: 1.812616522395778 vs. 1.812616522395778
list:
dist: 2.2506850477738447 vs. 2.2506850477738447
list:
dist: 1.6037639609507908 vs. 1.6037639609507908
list:
dist: 2.6064173888027606 vs. 2.6064173888027606
list:
dist: 2.333713720999191 vs. 2.333713720999191
list:
dist: 2.26467142341472 vs. 2.26467142341472
list:
dist: 2.4046558309005235 vs. 2.4046558309005235
list:
dist: 1.0531806904221868 vs. 1.0531806904221868
list:
dist: 4.273096531846821 vs. 4.273096531846821
list:
dist: 2.634415150046841 vs. 2.634415150046841
list:
dist: 1.8288012853757343 vs. 1.8288012853757343
list:
dist: 2.119647814070429 vs. 2.119647814070429
list:
dist: 3.166669370977083 vs. 3.166669370977083
list:
dist: 4.5557536694019225 vs. 4.5557536694019225
list:
dist: 4.31086526411217 vs. 4.31086526411217
list:
dist: 3.2761711598264878 vs. 3.2761711598264878
list:
dist: 3.476488442083438 vs. 3.476488442083438
list:
dist: 1.4467389910659265 vs. 1.4467389910659265
list:
dist: 1.864079334618146 vs. 1.864079334618146
list:
dist: 1.1173225040337733 vs. 1.1173225040337733
list:
dist: 0.3441749231592739 vs. 0.3441749231592739
list:
dist: 2.942204334822193 vs. 2.942204334822193
list:
dist: 2.7130256000059045 vs. 2.7130256000059045
list:
dist: 3.9723384186301787 vs. 3.9723384186301787
list:
dist: 3.2302078668025342 vs. 3.2302078668025342
list:
dist: 3.9528958518796458 vs. 3.9528958518796458
list:
dist: 3.9107652829342467 vs. 3.9107652829342467
list:
dist: 3.6680247566469326 vs. 3.6680247566469326
list:
dist: 4.078922815912534 vs. 4.078922815912534
list:
dist: 3.884172546435559 vs. 3.884172546435559
list:
dist: 4.037601982734434 vs. 4.037601982734434
list:
dist: 3.40260156543019 vs. 3.40260156543019
list:
dist: 4.2794841760695155 vs. 4.2794841760695155
list:
dist: 1.049955086663654 vs. 1.049955086663654
list:
dist: 4.006320717893265 vs. 4.006320717893265
list:
dist: 3.5266094461119915 vs. 3.5266094461119915
list:
dist: 3.6653628281741066 vs. 3.6653628281741066
list:
dist: 3.074873098821997 vs. 3.074873098821997
list:
dist: 2.057214817318789 vs. 2.057214817318789
list:
dist: 3.76184926315771 vs. 3.76184926315771
list:
dist: 2.5766746473075752 vs. 2.5766746473075752
list:
dist: 1.8275301879993644 vs. 1.8275301879993644
list:
dist: 1.6835529986940683 vs. 1.6835529986940683
list:
dist: 2.3640411884397854 vs. 2.3640411884397854
list:
dist: 2.7287250456892225 vs. 2.7287250456892225
list:
dist: 1.6253829166189069 vs. 1.6253829166189069
list:
dist: 1.7588958072083523 vs. 1.7588958072083523
list:
dist: 2.286772978358426 vs. 2.286772978358426
list:
dist: 1.548243578106947 vs. 1.548243578106947
list:
dist: 2.8053003888299206 vs. 2.8053003888299206
list:
dist: 2.466841139695468 vs. 2.466841139695468
list:
dist: 2.2755489039989714 vs. 2.2755489039989714
list:
dist: 2.5416982152173038 vs. 2.5416982152173038
list:
dist: 1.0717510375352137 vs. 1.0717510375352137
list:
dist: 3.59194956002541 vs. 3.59194956002541
list:
dist: 3.596402636994199 vs. 3.596402636994199
list:
dist: 4.2107096356707565 vs. 4.2107096356707565
list:
dist: 2.0533286586689456 vs. 2.0533286586689456
list:
dist: 2.2095234657378926 vs. 2.2095234657378926
list:
dist: 3.2116727401479057 vs. 3.2116727401479057
list:
dist: 4.367021229179769 vs. 4.367021229179769
list:
dist: 4.007542902191416 vs. 4.007542902191416
list:
dist: 2.8756398375991794 vs. 2.8756398375991794
list:
dist: 2.76465003688354 vs. 2.76465003688354
list:
dist: 1.4467389910659265 vs. 1.4467389910659265
list:
dist: 2.4840364188651787 vs. 2.4840364188651787
list:
dist: 2.2600666104038347 vs. 2.2600666104038347
list:
dist: 1.790613518524915 vs. 1.790613518524915
list:
dist: 3.0079196439281555 vs. 3.0079196439281555
list:
dist: 2.686354087732146 vs. 2.686354087732146
list:
dist: 4.070215872113633 vs. 4.070215872113633
list:
dist: 3.0956737841453914 vs. 3.0956737841453914
list:
dist: 4.050017156764844 vs. 4.050017156764844
list:
dist: 4.047483763551777 vs. 4.047483763551777
list:
dist: 3.5400670836581383 vs. 3.5400670836581383
list:
dist: 3.9509877403219558 vs. 3.9509877403219558
list:
dist: 3.4280920655428004 vs. 3.4280920655428004
list:
dist: 3.8481432067452137 vs. 3.8481432067452137
list:
dist: 3.017346078945094 vs. 3.017346078945094
list:
dist: 3.9412467829614455 vs. 3.9412467829614455
list:
dist: 2.496229380878818 vs. 2.496229380878818
list:
dist: 3.502584535387826 vs. 3.502584535387826
list:
dist: 3.4926716333017698 vs. 3.4926716333017698
list:
dist: 3.4749590174126963 vs. 3.4749590174126963
list:
dist: 2.84084445547372 vs. 2.84084445547372
list:
dist: 1.8484312429419447 vs. 1.8484312429419447
list:
dist: 4.020481248620102 vs. 4.020481248620102
list:
dist: 2.661196832678947 vs. 2.661196832678947
list:
dist: 1.6766832194039751 vs. 1.6766832194039751
list:
dist: 2.1898497733264524 vs. 2.1898497733264524
list:
dist: 3.0501420997477173 vs. 3.0501420997477173
list:
dist: 3.581432612063759 vs. 3.581432612063759
list:
dist: 2.6015121715143987 vs. 2.6015121715143987
list:
dist: 2.2451735581313788 vs. 2.2451735581313788
list:
dist: 2.948510919563329 vs. 2.948510919563329
list:
dist: 2.1074460258185965 vs. 2.1074460258185965
list:
dist: 3.8938336894350405 vs. 3.8938336894350405
list:
dist: 3.388724961320114 vs. 3.388724961320114
list:
dist: 2.846135432308542 vs. 2.846135432308542
list:
dist: 3.4672424268004827 vs. 3.4672424268004827
list:
dist: 1.9878059829202424 vs. 1.9878059829202424
list:
dist: 3.590713705247338 vs. 3.590713705247338
list:
dist: 3.67826867062589 vs. 3.67826867062589
list:
dist: 4.333571786187053 vs. 4.333571786187053
list:
dist: 3.2476542386136655 vs. 3.2476542386136655
list:
dist: 1.6253829166189069 vs. 1.6253829166189069
list:
dist: 2.6015121715143987 vs. 2.6015121715143987
list:
dist: 1.1972188915893167 vs. 1.1972188915893167
list:
dist: 0.8018721241968721 vs. 0.8018721241968721
list:
dist: 1.521464464859484 vs. 1.521464464859484
list:
dist: 1.4745694861099832 vs. 1.4745694861099832
list:
dist: 3.3830277198247463 vs. 3.3830277198247463
list:
dist: 2.4948193245353214 vs. 2.4948193245353214
list:
dist: 2.7582910886810694 vs. 2.7582910886810694
list:
dist: 2.344004208228194 vs. 2.344004208228194
list:
dist: 1.7554542403754845 vs. 1.7554542403754845
list:
dist: 2.415230574561655 vs. 2.415230574561655
list:
dist: 3.063514580413039 vs. 3.063514580413039
list:
dist: 1.7953022445108933 vs. 1.7953022445108933
list:
dist: 1.7594912283847657 vs. 1.7594912283847657
list:
dist: 1.4498479372538196 vs. 1.4498479372538196
list:
dist: 0.9223542552134829 vs. 0.9223542552134829
list:
dist: 1.2198175848307495 vs. 1.2198175848307495
list:
dist: 0.8538753825932331 vs. 0.8538753825932331
list:
dist: 0.9457484141271889 vs. 0.9457484141271889
list:
dist: 0.7875588902464695 vs. 0.7875588902464695
list:
dist: 1.3968595470557783 vs. 1.3968595470557783
list:
dist: 1.2513562096383624 vs. 1.2513562096383624
list:
dist: 1.2878142716629914 vs. 1.2878142716629914
list:
dist: 1.3245920463986836 vs. 1.3245920463986836
list:
dist: 0.964223295977561 vs. 0.964223295977561
list:
dist: 3.0168625597248284 vs. 3.0168625597248284
list:
dist: 1.55813141935684 vs. 1.55813141935684
list:
dist: 1.1000731008316296 vs. 1.1000731008316296
list:
dist: 3.6069945147277944 vs. 3.6069945147277944
list:
dist: 3.044792811406631 vs. 3.044792811406631
list:
dist: 4.275103192563713 vs. 4.275103192563713
list:
dist: 3.517797462669309 vs. 3.517797462669309
list:
dist: 4.11519839533032 vs. 4.11519839533032
list:
dist: 3.484837910804137 vs. 3.484837910804137
list:
dist: 3.2501136552171315 vs. 3.2501136552171315
list:
dist: 3.900552385628985 vs. 3.900552385628985
list:
dist: 2.5234915116022814 vs. 2.5234915116022814
list:
dist: 2.3107337499327136 vs. 2.3107337499327136
list:
dist: 3.2748920889158972 vs. 3.2748920889158972
list:
dist: 3.6091895045852564 vs. 3.6091895045852564
list:
dist: 4.201224667765609 vs. 4.201224667765609
list:
dist: 4.317056986523239 vs. 4.317056986523239
list:
dist: 4.047069670609525 vs. 4.047069670609525
list:
dist: 3.6745884649184277 vs. 3.6745884649184277
list:
dist: 3.083776441658969 vs. 3.083776441658969
list:
dist: 2.511371342598998 vs. 2.511371342598998
list:
dist: 3.068340928433126 vs. 3.068340928433126
list:
dist: 2.6470054699313574 vs. 2.6470054699313574
list:
dist: 1.8344757666217877 vs. 1.8344757666217877
list:
dist: 3.180827001093364 vs. 3.180827001093364
list:
dist: 2.585059247375176 vs. 2.585059247375176
list:
dist: 2.08358662270694 vs. 2.08358662270694
list:
dist: 2.0533286586689456 vs. 2.0533286586689456
list:
dist: 3.2476542386136655 vs. 3.2476542386136655
list:
dist: 2.2494434173600024 vs. 2.2494434173600024
list:
dist: 1.5409957575676023 vs. 1.5409957575676023
list:
dist: 1.8288012853757343 vs. 1.8288012853757343
list:
dist: 1.458659151469869 vs. 1.458659151469869
list:
dist: 2.326193304090898 vs. 2.326193304090898
list:
dist: 2.379107259848153 vs. 2.379107259848153
list:
dist: 1.577061796492593 vs. 1.577061796492593
list:
dist: 1.8329217915850646 vs. 1.8329217915850646
list:
dist: 1.2130446659144511 vs. 1.2130446659144511
list:
dist: 1.1000731008316296 vs. 1.1000731008316296
list:
dist: 1.661124873459041 vs. 1.661124873459041
list:
dist: 1.3656623084781636 vs. 1.3656623084781636
list:
dist: 1.851859708444157 vs. 1.851859708444157
list:
dist: 0.9062549887117437 vs. 0.9062549887117437
list:
dist: 0.8158563371665494 vs. 0.8158563371665494
list:
dist: 1.4360630772683238 vs. 1.4360630772683238
list:
dist: 0.8460306334893385 vs. 0.8460306334893385
list:
dist: 1.2835902743051242 vs. 1.2835902743051242
list:
dist: 3.422699430275104 vs. 3.422699430275104
list:
dist: 1.91134570784458 vs. 1.91134570784458
list:
dist: 2.1535894671017615 vs. 2.1535894671017615
list:
dist: 2.963301305472179 vs. 2.963301305472179
list:
dist: 2.622584093010575 vs. 2.622584093010575
list:
dist: 1.9587820404185277 vs. 1.9587820404185277
list:
dist: 3.0058254327957203 vs. 3.0058254327957203
list:
dist: 2.7614431169626594 vs. 2.7614431169626594
list:
dist: 1.495860068085116 vs. 1.495860068085116
list:
dist: 1.0717510375352137 vs. 1.0717510375352137
list:
dist: 1.9878059829202424 vs. 1.9878059829202424
list:
dist: 1.8007615958347063 vs. 1.8007615958347063
list:
dist: 1.1151157406578085 vs. 1.1151157406578085
list:
dist: 1.0531806904221868 vs. 1.0531806904221868
list:
dist: 1.2848734454394264 vs. 1.2848734454394264
list:
dist: 3.4649284662041206 vs. 3.4649284662041206
list:
dist: 2.9388125702734014 vs. 2.9388125702734014
list:
dist: 3.072895257217513 vs. 3.072895257217513
list:
dist: 2.5413420158056397 vs. 2.5413420158056397
list:
dist: 1.7712821172478335 vs. 1.7712821172478335
list:
dist: 3.0315540173864837 vs. 3.0315540173864837
list:
dist: 3.782834983324346 vs. 3.782834983324346
list:
dist: 1.7218008805698606 vs. 1.7218008805698606
list:
dist: 1.2859380369921725 vs. 1.2859380369921725
list:
dist: 0.7485424580235138 vs. 0.7485424580235138
list:
dist: 1.7760818430632224 vs. 1.7760818430632224
list:
dist: 1.7727491766385615 vs. 1.7727491766385615
list:
dist: 0.964223295977561 vs. 0.964223295977561
list:
dist: 0.9673137301157496 vs. 0.9673137301157496
list:
dist: 1.3146234597355944 vs. 1.3146234597355944
list:
dist: 1.1522848884332046 vs. 1.1522848884332046
list:
dist: 1.9622600953155953 vs. 1.9622600953155953
list:
dist: 1.458415635564276 vs. 1.458415635564276
list:
dist: 1.2225622434866907 vs. 1.2225622434866907
list:
dist: 1.5351333903078708 vs. 1.5351333903078708
list:
dist: 3.9807310111149583 vs. 3.9807310111149583
list:
dist: 2.4719973307846956 vs. 2.4719973307846956
list:
dist: 1.2835902743051242 vs. 1.2835902743051242
list:
dist: 3.7294702140989124 vs. 3.7294702140989124
list:
dist: 3.036000728482188 vs. 3.036000728482188
list:
dist: 4.770726303080764 vs. 4.770726303080764
list:
dist: 3.902373721249142 vs. 3.902373721249142
list:
dist: 4.519785177450607 vs. 4.519785177450607
list:
dist: 4.019513388328381 vs. 4.019513388328381
list:
dist: 3.6225961124675754 vs. 3.6225961124675754
list:
dist: 4.341158013694912 vs. 4.341158013694912
list:
dist: 2.909874889789144 vs. 2.909874889789144
list:
dist: 2.7224804806994913 vs. 2.7224804806994913
list:
dist: 3.795334311856693 vs. 3.795334311856693
list:
dist: 3.7898841145194493 vs. 3.7898841145194493
list:
dist: 4.794183239881414 vs. 4.794183239881414
list:
dist: 5.050910744644007 vs. 5.050910744644007
list:
dist: 4.638453687091667 vs. 4.638453687091667
list:
dist: 4.419556457549508 vs. 4.419556457549508
list:
dist: 3.7592658095528826 vs. 3.7592658095528826
list:
dist: 2.828028573316459 vs. 2.828028573316459
list:
dist: 3.4990784597057902 vs. 3.4990784597057902
list:
dist: 2.873777127150035 vs. 2.873777127150035
list:
dist: 1.9131914103564729 vs. 1.9131914103564729
list:
dist: 3.368932413726108 vs. 3.368932413726108
list:
dist: 2.8331377553965535 vs. 2.8331377553965535
list:
dist: 2.3296275230617316 vs. 2.3296275230617316
list:
dist: 2.057214817318789 vs. 2.057214817318789
list:
dist: 1.8484312429419447 vs. 1.8484312429419447
list:
dist: 1.494562116742115 vs. 1.494562116742115
list:
dist: 1.8898753717450913 vs. 1.8898753717450913
list:
dist: 2.2566279144034027 vs. 2.2566279144034027
list:
dist: 2.489304157782848 vs. 2.489304157782848
list:
dist: 2.021196024585173 vs. 2.021196024585173
list:
dist: 1.6514886941632219 vs. 1.6514886941632219
list:
dist: 1.697778161769338 vs. 1.697778161769338
list:
dist: 1.0830708456032547 vs. 1.0830708456032547
list:
dist: 2.2050849961996724 vs. 2.2050849961996724
list:
dist: 2.8172521560244816 vs. 2.8172521560244816
list:
dist: 1.3770161865470194 vs. 1.3770161865470194
list:
dist: 1.0420427372781924 vs. 1.0420427372781924
list:
dist: 1.855787604764475 vs. 1.855787604764475
list:
dist: 1.6481773144756109 vs. 1.6481773144756109
list:
dist: 2.414523950804392 vs. 2.414523950804392
list:
dist: 1.7554542403754845 vs. 1.7554542403754845
list:
dist: 1.110032508357353 vs. 1.110032508357353
list:
dist: 1.75752249003961 vs. 1.75752249003961
list:
dist: 1.0233925352588549 vs. 1.0233925352588549
list:
dist: 2.9556568595052606 vs. 2.9556568595052606
list:
dist: 2.5408142091682615 vs. 2.5408142091682615
list:
dist: 1.8959390750795964 vs. 1.8959390750795964
list:
dist: 2.615148294212895 vs. 2.615148294212895
list:
dist: 1.7712821172478335 vs. 1.7712821172478335
list:
dist: 3.8770994604656055 vs. 3.8770994604656055
list:
dist: 2.916769298483999 vs. 2.916769298483999
list:
dist: 3.3386681891633554 vs. 3.3386681891633554
list:
dist: 2.8586427931521032 vs. 2.8586427931521032
list:
dist: 2.39653933259459 vs. 2.39653933259459
list:
dist: 1.968559632378837 vs. 1.968559632378837
list:
dist: 3.8839130698279054 vs. 3.8839130698279054
list:
dist: 3.0184364315158416 vs. 3.0184364315158416
list:
dist: 3.5894515593549556 vs. 3.5894515593549556
list:
dist: 2.940149215680913 vs. 2.940149215680913
list:
dist: 2.329925065250289 vs. 2.329925065250289
list:
dist: 3.830997539056369 vs. 3.830997539056369
list:
dist: 2.193641693643094 vs. 2.193641693643094
list:
dist: 2.1426876842018436 vs. 2.1426876842018436
list:
dist: 3.397308946060855 vs. 3.397308946060855
list:
dist: 2.920185478494271 vs. 2.920185478494271
list:
dist: 3.9334658323186664 vs. 3.9334658323186664
list:
dist: 4.484754831611833 vs. 4.484754831611833
list:
dist: 4.071418400975917 vs. 4.071418400975917
list:
dist: 4.121481360758952 vs. 4.121481360758952
list:
dist: 3.2924921008318453 vs. 3.2924921008318453
list:
dist: 3.4356504688580194 vs. 3.4356504688580194
list:
dist: 3.6788637767434764 vs. 3.6788637767434764
list:
dist: 3.031369708420092 vs. 3.031369708420092
list:
dist: 2.1885131119213552 vs. 2.1885131119213552
list:
dist: 3.6294276231209905 vs. 3.6294276231209905
list:
dist: 2.710238678670045 vs. 2.710238678670045
list:
dist: 1.548243578106947 vs. 1.548243578106947
list:
dist: 2.1074460258185965 vs. 2.1074460258185965
list:
dist: 0.805735356841209 vs. 0.805735356841209
list:
dist: 0.9510724456064019 vs. 0.9510724456064019
list:
dist: 1.6037639609507908 vs. 1.6037639609507908
list:
dist: 1.857866786956935 vs. 1.857866786956935
list:
dist: 2.842785797804008 vs. 2.842785797804008
list:
dist: 2.05223108145622 vs. 2.05223108145622
list:
dist: 2.2774977436135635 vs. 2.2774977436135635
list:
dist: 1.7815948172135467 vs. 1.7815948172135467
list:
dist: 1.0233925352588549 vs. 1.0233925352588549
list:
dist: 2.2372754837375104 vs. 2.2372754837375104
list:
dist: 2.854295221312347 vs. 2.854295221312347
list:
dist: 1.582446448807046 vs. 1.582446448807046
list:
dist: 1.3624238378465825 vs. 1.3624238378465825
list:
dist: 1.561650020950695 vs. 1.561650020950695
list:
dist: 0.9452684678881581 vs. 0.9452684678881581
list:
dist: 1.750302348748283 vs. 1.750302348748283
list:
dist: 0.7875588902464695 vs. 0.7875588902464695
list:
dist: 0.6559592548021479 vs. 0.6559592548021479
list:
dist: 1.2256665125565114 vs. 1.2256665125565114
list:
dist: 2.1185397153009466 vs. 2.1185397153009466
list:
dist: 1.8616813536824324 vs. 1.8616813536824324
list:
dist: 1.5278563093391764 vs. 1.5278563093391764
list:
dist: 1.9394463386902094 vs. 1.9394463386902094
list:
dist: 1.1522848884332046 vs. 1.1522848884332046
list:
dist: 3.240955096690296 vs. 3.240955096690296
list:
dist: 1.9953160108285224 vs. 1.9953160108285224
list:
dist: 1.851859708444157 vs. 1.851859708444157
list:
dist: 3.1360506100460945 vs. 3.1360506100460945
list:
dist: 2.6413725213278068 vs. 2.6413725213278068
list:
dist: 4.129480625914966 vs. 4.129480625914966
list:
dist: 3.3283087447675768 vs. 3.3283087447675768
list:
dist: 3.924272757283759 vs. 3.924272757283759
list:
dist: 3.223137666330677 vs. 3.223137666330677
list:
dist: 2.843312044599029 vs. 2.843312044599029
list:
dist: 3.9186670699134956 vs. 3.9186670699134956
list:
dist: 2.3686218323956565 vs. 2.3686218323956565
list:
dist: 2.2149731362781693 vs. 2.2149731362781693
list:
dist: 3.3500302650309517 vs. 3.3500302650309517
list:
dist: 3.374329009337591 vs. 3.374329009337591
list:
dist: 4.084879580505019 vs. 4.084879580505019
list:
dist: 4.374093312471016 vs. 4.374093312471016
list:
dist: 4.0756163939340935 vs. 4.0756163939340935
list:
dist: 3.8551885286459058 vs. 3.8551885286459058
list:
dist: 3.1495580360730644 vs. 3.1495580360730644
list:
dist: 2.9854444433041003 vs. 2.9854444433041003
list:
dist: 3.393163208764058 vs. 3.393163208764058
list:
dist: 2.8760549345408477 vs. 2.8760549345408477
list:
dist: 2.0065525697339655 vs. 2.0065525697339655
list:
dist: 3.4637058259099396 vs. 3.4637058259099396
list:
dist: 2.6829380327544343 vs. 2.6829380327544343
list:
dist: 2.679854160286468 vs. 2.679854160286468
list:
dist: 2.6402706323521814 vs. 2.6402706323521814
list:
dist: 4.293067051496658 vs. 4.293067051496658
list:
dist: 3.72782864242264 vs. 3.72782864242264
list:
dist: 3.2489871790320564 vs. 3.2489871790320564
list:
dist: 3.2480437354691474 vs. 3.2480437354691474
list:
dist: 4.410135075408706 vs. 4.410135075408706
list:
dist: 1.049955086663654 vs. 1.049955086663654
list:
dist: 2.496229380878818 vs. 2.496229380878818
list:
dist: 2.0240181857855855 vs. 2.0240181857855855
list:
dist: 1.0195484847156564 vs. 1.0195484847156564
list:
dist: 0.7069805539316427 vs. 0.7069805539316427
list:
dist: 2.956383101165302 vs. 2.956383101165302
list:
dist: 2.493087103766666 vs. 2.493087103766666
list:
dist: 1.973799173074456 vs. 1.973799173074456
list:
dist: 2.3219635953041107 vs. 2.3219635953041107
list:
dist: 2.4443801608240476 vs. 2.4443801608240476
list:
dist: 1.4745694861099832 vs. 1.4745694861099832
list:
dist: 2.0430163386796774 vs. 2.0430163386796774
list:
dist: 2.2729955119404703 vs. 2.2729955119404703
list:
dist: 1.857866786956935 vs. 1.857866786956935
list:
dist: 2.2440691723192847 vs. 2.2440691723192847
list:
dist: 2.147788066683011 vs. 2.147788066683011
list:
dist: 2.3442707257255933 vs. 2.3442707257255933
list:
dist: 2.205617103441125 vs. 2.205617103441125
list:
dist: 1.2848734454394264 vs. 1.2848734454394264
list:
dist: 3.9917979472641547 vs. 3.9917979472641547
list:
dist: 2.283847848099309 vs. 2.283847848099309
list:
dist: 1.458659151469869 vs. 1.458659151469869
list:
dist: 3.6994874082320135 vs. 3.6994874082320135
list:
dist: 4.733997984758447 vs. 4.733997984758447
list:
dist: 3.836028287687938 vs. 3.836028287687938
list:
dist: 4.410479697447248 vs. 4.410479697447248
list:
dist: 4.439846678942772 vs. 4.439846678942772
list:
dist: 3.103584901731784 vs. 3.103584901731784
list:
dist: 4.190113891464518 vs. 4.190113891464518
list:
dist: 3.268714787109281 vs. 3.268714787109281
list:
dist: 2.954665878795292 vs. 2.954665878795292
list:
dist: 2.9302957548121578 vs. 2.9302957548121578
list:
dist: 4.246335882268582 vs. 4.246335882268582
list:
dist: 1.1173225040337733 vs. 1.1173225040337733
list:
dist: 2.2600666104038347 vs. 2.2600666104038347
list:
dist: 1.0124762106166663 vs. 1.0124762106166663
list:
dist: 0.9883262196119436 vs. 0.9883262196119436
list:
dist: 1.0195484847156564 vs. 1.0195484847156564
list:
dist: 3.7912088266456774 vs. 3.7912088266456774
list:
dist: 2.953655427081385 vs. 2.953655427081385
list:
dist: 3.214214593013513 vs. 3.214214593013513
list:
dist: 2.732375774757371 vs. 2.732375774757371
list:
dist: 1.8898753717450913 vs. 1.8898753717450913
list:
dist: 3.0117085943206527 vs. 3.0117085943206527
list:
dist: 3.559857961383872 vs. 3.559857961383872
list:
dist: 2.3687365632833637 vs. 2.3687365632833637
list:
dist: 2.0088213939923483 vs. 2.0088213939923483
list:
dist: 1.8264177749933443 vs. 1.8264177749933443
list:
dist: 1.4346444431653336 vs. 1.4346444431653336
list:
dist: 2.006762567954886 vs. 2.006762567954886
list:
dist: 0.8018721241968721 vs. 0.8018721241968721
list:
dist: 1.3628727822582296 vs. 1.3628727822582296
list:
dist: 1.7171406911481426 vs. 1.7171406911481426
list:
dist: 0.9510724456064019 vs. 0.9510724456064019
list:
dist: 2.0372639641344383 vs. 2.0372639641344383
list:
dist: 1.9623977054287034 vs. 1.9623977054287034
list:
dist: 1.9738784880456128 vs. 1.9738784880456128
list:
dist: 2.0347251377068103 vs. 2.0347251377068103
list:
dist: 1.1151157406578085 vs. 1.1151157406578085
list:
dist: 3.3032246925525404 vs. 3.3032246925525404
list:
dist: 1.725634706974222 vs. 1.725634706974222
list:
dist: 1.5409957575676023 vs. 1.5409957575676023
list:
dist: 1.6692253480969752 vs. 1.6692253480969752
list:
dist: 1.725634706974222 vs. 1.725634706974222
list:
dist: 2.634415150046841 vs. 2.634415150046841
list:
dist: 2.283847848099309 vs. 2.283847848099309
list:
dist: 3.060026848662331 vs. 3.060026848662331
list:
dist: 3.469986802788322 vs. 3.469986802788322
list:
dist: 3.2699847323540783 vs. 3.2699847323540783
list:
dist: 2.916769298483999 vs. 2.916769298483999
list:
dist: 2.6883509008501028 vs. 2.6883509008501028
list:
dist: 2.9512476117083537 vs. 2.9512476117083537
list:
dist: 2.645197980002486 vs. 2.645197980002486
list:
dist: 2.457919992252091 vs. 2.457919992252091
list:
dist: 2.618903427046195 vs. 2.618903427046195
list:
dist: 1.3953475799889439 vs. 1.3953475799889439
list:
dist: 1.8452784147096448 vs. 1.8452784147096448
list:
dist: 1.55813141935684 vs. 1.55813141935684
list:
dist: 2.2760138220329114 vs. 2.2760138220329114
list:
dist: 2.0948086908081454 vs. 2.0948086908081454
list:
dist: 1.9953160108285224 vs. 1.9953160108285224
list:
dist: 1.6235463697232682 vs. 1.6235463697232682
list:
dist: 2.181588498620195 vs. 2.181588498620195
list:
dist: 2.5956153713889036 vs. 2.5956153713889036
list:
dist: 2.2089283114621323 vs. 2.2089283114621323
list:
dist: 2.4719973307846956 vs. 2.4719973307846956
list:
dist: 1.7174057763699753 vs. 1.7174057763699753
list:
dist: 2.871430572350292 vs. 2.871430572350292
list:
dist: 2.812317869952191 vs. 2.812317869952191
list:
dist: 3.636285027560739 vs. 3.636285027560739
list:
dist: 2.017281940647692 vs. 2.017281940647692
list:
dist: 2.048996212134014 vs. 2.048996212134014
list:
dist: 2.454973313677275 vs. 2.454973313677275
list:
dist: 1.91134570784458 vs. 1.91134570784458
list:
dist: 4.4793700299896555 vs. 4.4793700299896555
list:
dist: 4.0041897451088895 vs. 4.0041897451088895
list:
dist: 4.502476965487919 vs. 4.502476965487919
list:
dist: 3.723408307816561 vs. 3.723408307816561
list:
dist: 3.8058678193230215 vs. 3.8058678193230215
list:
dist: 4.1910093647708635 vs. 4.1910093647708635
list:
dist: 3.164964717563651 vs. 3.164964717563651
list:
dist: 2.9529548014775653 vs. 2.9529548014775653
list:
dist: 3.4891605187599875 vs. 3.4891605187599875
list:
dist: 4.383105694576415 vs. 4.383105694576415
list:
dist: 4.2179240860391936 vs. 4.2179240860391936
list:
dist: 3.947905395600869 vs. 3.947905395600869
list:
dist: 4.03821211494659 vs. 4.03821211494659
list:
dist: 3.287406162123522 vs. 3.287406162123522
list:
dist: 3.020266319109572 vs. 3.020266319109572
list:
dist: 2.962853747626145 vs. 2.962853747626145
list:
dist: 3.3374135680891452 vs. 3.3374135680891452
list:
dist: 3.348200335072627 vs. 3.348200335072627
list:
dist: 2.9048304696009235 vs. 2.9048304696009235
list:
dist: 3.807765869160828 vs. 3.807765869160828
list:
dist: 3.3302419767487232 vs. 3.3302419767487232
list:
dist: 2.63393491734537 vs. 2.63393491734537
list:
dist: 2.3640411884397854 vs. 2.3640411884397854
list:
dist: 3.0501420997477173 vs. 3.0501420997477173
list:
dist: 1.0379897652139336 vs. 1.0379897652139336
list:
dist: 1.4346444431653336 vs. 1.4346444431653336
list:
dist: 2.3212972750941985 vs. 2.3212972750941985
list:
dist: 2.3219635953041107 vs. 2.3219635953041107
list:
dist: 2.938065157404251 vs. 2.938065157404251
list:
dist: 1.7913693653936693 vs. 1.7913693653936693
list:
dist: 2.1506774876129313 vs. 2.1506774876129313
list:
dist: 1.8905031189667494 vs. 1.8905031189667494
list:
dist: 1.6481773144756109 vs. 1.6481773144756109
list:
dist: 1.626364900346282 vs. 1.626364900346282
list:
dist: 2.1690837275899235 vs. 2.1690837275899235
list:
dist: 1.787625858131727 vs. 1.787625858131727
list:
dist: 2.055584107135465 vs. 2.055584107135465
list:
dist: 2.079281730937192 vs. 2.079281730937192
list:
dist: 1.2801873502075878 vs. 1.2801873502075878
list:
dist: 0.9223542552134829 vs. 0.9223542552134829
list:
dist: 1.1089182400530975 vs. 1.1089182400530975
list:
dist: 1.0819702069353647 vs. 1.0819702069353647
list:
dist: 0.9452684678881581 vs. 0.9452684678881581
list:
dist: 1.6657227419798366 vs. 1.6657227419798366
list:
dist: 1.6983018942989345 vs. 1.6983018942989345
list:
dist: 1.6266156308944495 vs. 1.6266156308944495
list:
dist: 1.753560048691534 vs. 1.753560048691534
list:
dist: 1.7760818430632224 vs. 1.7760818430632224
list:
dist: 2.3784369689428364 vs. 2.3784369689428364
list:
dist: 1.3953475799889439 vs. 1.3953475799889439
list:
dist: 1.8329217915850646 vs. 1.8329217915850646
list:
dist: 3.1224676695931053 vs. 3.1224676695931053
list:
dist: 2.7379960606787255 vs. 2.7379960606787255
list:
dist: 3.5603847232884616 vs. 3.5603847232884616
list:
dist: 2.8965268578605223 vs. 2.8965268578605223
list:
dist: 3.45785913118919 vs. 3.45785913118919
list:
dist: 2.7021249837531314 vs. 2.7021249837531314
list:
dist: 2.5716452181573555 vs. 2.5716452181573555
list:
dist: 3.334460242879492 vs. 3.334460242879492
list:
dist: 1.9730046159126335 vs. 1.9730046159126335
list:
dist: 1.7848739085482879 vs. 1.7848739085482879
list:
dist: 2.6953589964093125 vs. 2.6953589964093125
list:
dist: 3.1500948563837103 vs. 3.1500948563837103
list:
dist: 3.4255413620124946 vs. 3.4255413620124946
list:
dist: 3.5431600516544965 vs. 3.5431600516544965
list:
dist: 3.358900293200773 vs. 3.358900293200773
list:
dist: 2.987198954395184 vs. 2.987198954395184
list:
dist: 2.36817786206799 vs. 2.36817786206799
list:
dist: 2.505410966042575 vs. 2.505410966042575
list:
dist: 2.7785000692916944 vs. 2.7785000692916944
list:
dist: 2.491128969471546 vs. 2.491128969471546
list:
dist: 1.8775419061017093 vs. 1.8775419061017093
list:
dist: 3.064396873496764 vs. 3.064396873496764
list:
dist: 2.3184763569826354 vs. 2.3184763569826354
list:
dist: 2.318947690443715 vs. 2.318947690443715
list:
dist: 2.5416982152173038 vs. 2.5416982152173038
list:
dist: 3.4672424268004827 vs. 3.4672424268004827
list:
dist: 2.474922451861576 vs. 2.474922451861576
list:
dist: 2.0347251377068103 vs. 2.0347251377068103
list:
dist: 2.4046558309005235 vs. 2.4046558309005235
list:
dist: 2.205617103441125 vs. 2.205617103441125
list:
dist: 3.6796655061014127 vs. 3.6796655061014127
list:
dist: 2.937965718496817 vs. 2.937965718496817
list:
dist: 3.1298291600434336 vs. 3.1298291600434336
list:
dist: 2.845995415403049 vs. 2.845995415403049
list:
dist: 2.615148294212895 vs. 2.615148294212895
list:
dist: 2.605706458749935 vs. 2.605706458749935
list:
dist: 3.3773902307277837 vs. 3.3773902307277837
list:
dist: 1.8289218360014212 vs. 1.8289218360014212
list:
dist: 2.2077093016277414 vs. 2.2077093016277414
list:
dist: 1.4592512368295183 vs. 1.4592512368295183
list:
dist: 1.753560048691534 vs. 1.753560048691534
list:
dist: 0.656819964633692 vs. 0.656819964633692
list:
dist: 1.3245920463986836 vs. 1.3245920463986836
list:
dist: 1.5154846617200046 vs. 1.5154846617200046
list:
dist: 0.9235294556151776 vs. 0.9235294556151776
list:
dist: 1.9394463386902094 vs. 1.9394463386902094
list:
dist: 0.791329804117705 vs. 0.791329804117705
list:
dist: 0.08164071468731728 vs. 0.08164071468731728
list:
dist: 0.9130171250703875 vs. 0.9130171250703875
list:
dist: 1.5351333903078708 vs. 1.5351333903078708
list:
dist: 3.4111320936170864 vs. 3.4111320936170864
list:
dist: 2.2089283114621323 vs. 2.2089283114621323
list:
dist: 0.8460306334893385 vs. 0.8460306334893385
list:
dist: 3.7676364021753432 vs. 3.7676364021753432
list:
dist: 3.0985833893662607 vs. 3.0985833893662607
list:
dist: 4.0728639959951005 vs. 4.0728639959951005
list:
dist: 3.3446373608887607 vs. 3.3446373608887607
list:
dist: 3.914353360511461 vs. 3.914353360511461
list:
dist: 3.5865914172755704 vs. 3.5865914172755704
list:
dist: 3.478728668489978 vs. 3.478728668489978
list:
dist: 3.4048443246128035 vs. 3.4048443246128035
list:
dist: 2.423730963491839 vs. 2.423730963491839
list:
dist: 2.17645896115123 vs. 2.17645896115123
list:
dist: 2.8219346907163816 vs. 2.8219346907163816
list:
dist: 3.372517545661654 vs. 3.372517545661654
list:
dist: 4.064806708686165 vs. 4.064806708686165
list:
dist: 4.100384426209102 vs. 4.100384426209102
list:
dist: 3.685979219837551 vs. 3.685979219837551
list:
dist: 3.346126162636995 vs. 3.346126162636995
list:
dist: 2.862196425315746 vs. 2.862196425315746
list:
dist: 1.376762371549509 vs. 1.376762371549509
list:
dist: 2.183865455422449 vs. 2.183865455422449
list:
dist: 1.783364526307219 vs. 1.783364526307219
list:
dist: 1.2132921362568272 vs. 1.2132921362568272
list:
dist: 2.16466285269339 vs. 2.16466285269339
list:
dist: 1.9592459486023157 vs. 1.9592459486023157
list:
dist: 0.8093115765854986 vs. 0.8093115765854986
list:
dist: 2.466841139695468 vs. 2.466841139695468
list:
dist: 3.388724961320114 vs. 3.388724961320114
list:
dist: 2.404604547165257 vs. 2.404604547165257
list:
dist: 1.9623977054287034 vs. 1.9623977054287034
list:
dist: 2.333713720999191 vs. 2.333713720999191
list:
dist: 2.147788066683011 vs. 2.147788066683011
list:
dist: 3.634346867751873 vs. 3.634346867751873
list:
dist: 2.893935825938652 vs. 2.893935825938652
list:
dist: 3.0857439857903803 vs. 3.0857439857903803
list:
dist: 2.7903270743341224 vs. 2.7903270743341224
list:
dist: 2.5408142091682615 vs. 2.5408142091682615
list:
dist: 2.5808025551687557 vs. 2.5808025551687557
list:
dist: 3.355277428678897 vs. 3.355277428678897
list:
dist: 1.7779628718907563 vs. 1.7779628718907563
list:
dist: 2.1368512535466757 vs. 2.1368512535466757
list:
dist: 1.3952506107453089 vs. 1.3952506107453089
list:
dist: 1.6983018942989345 vs. 1.6983018942989345
list:
dist: 0.6488922146734087 vs. 0.6488922146734087
list:
dist: 1.2513562096383624 vs. 1.2513562096383624
list:
dist: 1.4388852110921893 vs. 1.4388852110921893
list:
dist: 0.8630855068744202 vs. 0.8630855068744202
list:
dist: 1.8616813536824324 vs. 1.8616813536824324
list:
dist: 0.8143375500482424 vs. 0.8143375500482424
list:
dist: 0.8587150362483319 vs. 0.8587150362483319
list:
dist: 0.08164071468731728 vs. 0.08164071468731728
list:
dist: 1.458415635564276 vs. 1.458415635564276
list:
dist: 3.404315568246377 vs. 3.404315568246377
list:
dist: 2.181588498620195 vs. 2.181588498620195
list:
dist: 0.8158563371665494 vs. 0.8158563371665494
list:
dist: 3.731024734892976 vs. 3.731024734892976
list:
dist: 3.0605385261942017 vs. 3.0605385261942017
list:
dist: 4.0743863122537265 vs. 4.0743863122537265
list:
dist: 3.336164778177385 vs. 3.336164778177385
list:
dist: 3.9109382318699475 vs. 3.9109382318699475
list:
dist: 3.5687193726001567 vs. 3.5687193726001567
list:
dist: 3.4460796584366857 vs. 3.4460796584366857
list:
dist: 3.4223809415441733 vs. 3.4223809415441733
list:
dist: 2.4044177675859806 vs. 2.4044177675859806
list:
dist: 2.158149472777783 vs. 2.158149472777783
list:
dist: 2.8380958663347093 vs. 2.8380958663347093
list:
dist: 3.3597967304208005 vs. 3.3597967304208005
list:
dist: 4.06685948545198 vs. 4.06685948545198
list:
dist: 4.116595440756715 vs. 4.116595440756715
list:
dist: 3.7027674346339823 vs. 3.7027674346339823
list:
dist: 3.3697208157062866 vs. 3.3697208157062866
list:
dist: 2.8703765742560288 vs. 2.8703765742560288
list:
dist: 1.439624273510916 vs. 1.439624273510916
list:
dist: 2.2299615200596943 vs. 2.2299615200596943
list:
dist: 1.8108138130962457 vs. 1.8108138130962457
list:
dist: 1.1989254915332648 vs. 1.1989254915332648
list:
dist: 2.2083214814478755 vs. 2.2083214814478755
list:
dist: 1.9677443477988716 vs. 1.9677443477988716
list:
dist: 0.8882520854418569 vs. 0.8882520854418569
list:
dist: 2.8053003888299206 vs. 2.8053003888299206
list:
dist: 3.8938336894350405 vs. 3.8938336894350405
list:
dist: 2.410429539397752 vs. 2.410429539397752
list:
dist: 2.0372639641344383 vs. 2.0372639641344383
list:
dist: 2.6064173888027606 vs. 2.6064173888027606
list:
dist: 2.2440691723192847 vs. 2.2440691723192847
list:
dist: 4.09089798584264 vs. 4.09089798584264
list:
dist: 3.1164572738937224 vs. 3.1164572738937224
list:
dist: 3.4016571997096805 vs. 3.4016571997096805
list:
dist: 3.182131000354538 vs. 3.182131000354538
list:
dist: 2.9556568595052606 vs. 2.9556568595052606
list:
dist: 2.6476330729649735 vs. 2.6476330729649735
list:
dist: 3.2690200813375734 vs. 3.2690200813375734
list:
dist: 2.4004330189761633 vs. 2.4004330189761633
list:
dist: 2.7787486390274805 vs. 2.7787486390274805
list:
dist: 2.123189063858727 vs. 2.123189063858727
list:
dist: 1.6657227419798366 vs. 1.6657227419798366
list:
dist: 0.7393538073287206 vs. 0.7393538073287206
list:
dist: 1.3968595470557783 vs. 1.3968595470557783
list:
dist: 1.9051759987304122 vs. 1.9051759987304122
list:
dist: 1.3265010406211997 vs. 1.3265010406211997
list:
dist: 2.1185397153009466 vs. 2.1185397153009466
list:
dist: 0.8143375500482424 vs. 0.8143375500482424
list:
dist: 1.5869177631215345 vs. 1.5869177631215345
list:
dist: 0.791329804117705 vs. 0.791329804117705
list:
dist: 1.9622600953155953 vs. 1.9622600953155953
list:
dist: 2.7929225880535977 vs. 2.7929225880535977
list:
dist: 1.6235463697232682 vs. 1.6235463697232682
list:
dist: 0.9062549887117437 vs. 0.9062549887117437
list:
dist: 4.1709822358533755 vs. 4.1709822358533755
list:
dist: 3.603539064460123 vs. 3.603539064460123
list:
dist: 4.175908660525244 vs. 4.175908660525244
list:
dist: 3.5777473977909753 vs. 3.5777473977909753
list:
dist: 4.112618942572412 vs. 4.112618942572412
list:
dist: 3.6730411313560705 vs. 3.6730411313560705
list:
dist: 3.709088063788432 vs. 3.709088063788432
list:
dist: 3.5504099226700183 vs. 3.5504099226700183
list:
dist: 2.6932953143012375 vs. 2.6932953143012375
list:
dist: 2.4357178739934406 vs. 2.4357178739934406
list:
dist: 2.894456831314036 vs. 2.894456831314036
list:
dist: 3.772947663413954 vs. 3.772947663413954
list:
dist: 4.063864245809373 vs. 4.063864245809373
list:
dist: 3.89164749688756 vs. 3.89164749688756
list:
dist: 3.6621089589537545 vs. 3.6621089589537545
list:
dist: 3.087161107804255 vs. 3.087161107804255
list:
dist: 2.7630675562012925 vs. 2.7630675562012925
list:
dist: 1.5643215545679396 vs. 1.5643215545679396
list:
dist: 2.270514317848354 vs. 2.270514317848354
list:
dist: 2.177923476727572 vs. 2.177923476727572
list:
dist: 1.8173582307394298 vs. 1.8173582307394298
list:
dist: 2.5276188356664484 vs. 2.5276188356664484
list:
dist: 2.354976088424628 vs. 2.354976088424628
list:
dist: 1.0504671996693662 vs. 1.0504671996693662
list:
dist: 3.4878207368604497 vs. 3.4878207368604497
list:
dist: 1.8275301879993644 vs. 1.8275301879993644
list:
dist: 1.6766832194039751 vs. 1.6766832194039751
list:
dist: 2.11945984455828 vs. 2.11945984455828
list:
dist: 2.0088213939923483 vs. 2.0088213939923483
list:
dist: 2.0258823836628816 vs. 2.0258823836628816
list:
dist: 3.1568905509577334 vs. 3.1568905509577334
list:
dist: 3.0538872254890057 vs. 3.0538872254890057
list:
dist: 4.843456023732943 vs. 4.843456023732943
list:
dist: 3.8015878347649688 vs. 3.8015878347649688
list:
dist: 4.3580475429652745 vs. 4.3580475429652745
list:
dist: 4.264677174484947 vs. 4.264677174484947
list:
dist: 4.3016020865780735 vs. 4.3016020865780735
list:
dist: 4.662078292643488 vs. 4.662078292643488
list:
dist: 4.438199269347428 vs. 4.438199269347428
list:
dist: 4.305418947234912 vs. 4.305418947234912
list:
dist: 3.2703038835623026 vs. 3.2703038835623026
list:
dist: 4.353022202513353 vs. 4.353022202513353
list:
dist: 2.493087103766666 vs. 2.493087103766666
list:
dist: 2.367260828732771 vs. 2.367260828732771
list:
dist: 2.2921923300638314 vs. 2.2921923300638314
list:
dist: 2.24714421542189 vs. 2.24714421542189
list:
dist: 1.6540259993276578 vs. 1.6540259993276578
list:
dist: 1.0420427372781924 vs. 1.0420427372781924
list:
dist: 2.678615724228134 vs. 2.678615724228134
list:
dist: 1.0015170098490094 vs. 1.0015170098490094
list:
dist: 1.0229864934451518 vs. 1.0229864934451518
list:
dist: 2.055584107135465 vs. 2.055584107135465
list:
dist: 2.2614395907481017 vs. 2.2614395907481017
list:
dist: 1.7594912283847657 vs. 1.7594912283847657
list:
dist: 0.9989280694471613 vs. 0.9989280694471613
list:
dist: 1.566453543648932 vs. 1.566453543648932
list:
dist: 1.3624238378465825 vs. 1.3624238378465825
list:
dist: 2.7787486390274805 vs. 2.7787486390274805
list:
dist: 2.1368512535466757 vs. 2.1368512535466757
list:
dist: 1.3714522991654639 vs. 1.3714522991654639
list:
dist: 2.2077093016277414 vs. 2.2077093016277414
list:
dist: 1.2859380369921725 vs. 1.2859380369921725
list:
dist: 3.624693488209466 vs. 3.624693488209466
list:
dist: 3.591893985619479 vs. 3.591893985619479
list:
dist: 4.247073881905277 vs. 4.247073881905277
list:
dist: 2.379107259848153 vs. 2.379107259848153
list:
dist: 2.6757277137698 vs. 2.6757277137698
list:
dist: 1.9700925210839428 vs. 1.9700925210839428
list:
dist: 4.197033362999251 vs. 4.197033362999251
list:
dist: 3.2450145032154625 vs. 3.2450145032154625
list:
dist: 3.8443908844924968 vs. 3.8443908844924968
list:
dist: 3.43488116205652 vs. 3.43488116205652
list:
dist: 2.826901100320867 vs. 2.826901100320867
list:
dist: 3.914638392725549 vs. 3.914638392725549
list:
dist: 2.3712294131629323 vs. 2.3712294131629323
list:
dist: 2.282018928619194 vs. 2.282018928619194
list:
dist: 3.5147850911548235 vs. 3.5147850911548235
list:
dist: 2.9546668897130046 vs. 2.9546668897130046
list:
dist: 4.330444775155841 vs. 4.330444775155841
list:
dist: 3.0984278666601295 vs. 3.0984278666601295
list:
dist: 3.5185861560762706 vs. 3.5185861560762706
list:
dist: 2.7188196305851355 vs. 2.7188196305851355
list:
dist: 1.762202536338553 vs. 1.762202536338553
list:
dist: 3.253046941491459 vs. 3.253046941491459
list:
dist: 2.501170426203064 vs. 2.501170426203064
list:
dist: 2.864813493963568 vs. 2.864813493963568
list:
dist: 1.7588958072083523 vs. 1.7588958072083523
list:
dist: 2.2451735581313788 vs. 2.2451735581313788
list:
dist: 1.434787619894864 vs. 1.434787619894864
list:
dist: 1.3628727822582296 vs. 1.3628727822582296
list:
dist: 1.812616522395778 vs. 1.812616522395778
list:
dist: 2.0430163386796774 vs. 2.0430163386796774
list:
dist: 2.6197406142991695 vs. 2.6197406142991695
list:
dist: 1.9758582620677656 vs. 1.9758582620677656
list:
dist: 2.1280205131496763 vs. 2.1280205131496763
list:
dist: 1.6403404304192013 vs. 1.6403404304192013
list:
dist: 1.110032508357353 vs. 1.110032508357353
list:
dist: 2.0990556998804597 vs. 2.0990556998804597
list:
dist: 2.8650618522302005 vs. 2.8650618522302005
list:
dist: 1.0082773763543986 vs. 1.0082773763543986
list:
dist: 0.9989280694471613 vs. 0.9989280694471613
list:
dist: 1.0639059348168403 vs. 1.0639059348168403
list:
dist: 1.1089182400530975 vs. 1.1089182400530975
list:
dist: 1.4051826591635443 vs. 1.4051826591635443
list:
dist: 0.8538753825932331 vs. 0.8538753825932331
list:
dist: 0.738884749071859 vs. 0.738884749071859
list:
dist: 0.6559592548021479 vs. 0.6559592548021479
list:
dist: 1.9051759987304122 vs. 1.9051759987304122
list:
dist: 1.4388852110921893 vs. 1.4388852110921893
list:
dist: 0.907818892106589 vs. 0.907818892106589
list:
dist: 1.5154846617200046 vs. 1.5154846617200046
list:
dist: 0.9673137301157496 vs. 0.9673137301157496
list:
dist: 3.4739907641599865 vs. 3.4739907641599865
list:
dist: 2.2760138220329114 vs. 2.2760138220329114
list:
dist: 1.661124873459041 vs. 1.661124873459041
list:
dist: 2.8628406449289714 vs. 2.8628406449289714
list:
dist: 2.247365234764845 vs. 2.247365234764845
list:
dist: 3.8599431017661114 vs. 3.8599431017661114
list:
dist: 2.9983248180270787 vs. 2.9983248180270787
list:
dist: 3.6130535176460996 vs. 3.6130535176460996
list:
dist: 3.0636768365891855 vs. 3.0636768365891855
list:
dist: 2.667176834089488 vs. 2.667176834089488
list:
dist: 3.5323314267069614 vs. 3.5323314267069614
list:
dist: 2.009214538439302 vs. 2.009214538439302
list:
dist: 1.8401909602140705 vs. 1.8401909602140705
list:
dist: 2.997410623621093 vs. 2.997410623621093
list:
dist: 2.952083262311423 vs. 2.952083262311423
list:
dist: 3.880801809655702 vs. 3.880801809655702
list:
dist: 4.2227149714121905 vs. 4.2227149714121905
list:
dist: 3.799137421925115 vs. 3.799137421925115
list:
dist: 3.6739177849512554 vs. 3.6739177849512554
list:
dist: 2.9338078315226865 vs. 2.9338078315226865
list:
dist: 2.5004300233828913 vs. 2.5004300233828913
list:
dist: 2.9439138477588225 vs. 2.9439138477588225
list:
dist: 2.323933916952043 vs. 2.323933916952043
list:
dist: 1.3937807583609763 vs. 1.3937807583609763
list:
dist: 2.90080222548411 vs. 2.90080222548411
list:
dist: 2.152537614126321 vs. 2.152537614126321
list:
dist: 2.226579122592268 vs. 2.226579122592268
list:
dist: 3.554968595017994 vs. 3.554968595017994
list:
dist: 1.6835529986940683 vs. 1.6835529986940683
list:
dist: 2.1898497733264524 vs. 2.1898497733264524
list:
dist: 2.333512758894844 vs. 2.333512758894844
list:
dist: 1.8264177749933443 vs. 1.8264177749933443
list:
dist: 1.7295272053665072 vs. 1.7295272053665072
list:
dist: 2.7016855785108027 vs. 2.7016855785108027
list:
dist: 2.696960578798548 vs. 2.696960578798548
list:
dist: 4.444962235238893 vs. 4.444962235238893
list:
dist: 3.5248509392063245 vs. 3.5248509392063245
list:
dist: 3.8646988981290487 vs. 3.8646988981290487
list:
dist: 3.737645959513159 vs. 3.737645959513159
list:
dist: 4.014079718299265 vs. 4.014079718299265
list:
dist: 4.351364554405201 vs. 4.351364554405201
list:
dist: 4.362791412194325 vs. 4.362791412194325
list:
dist: 3.991584889643566 vs. 3.991584889643566
list:
dist: 3.098637485461224 vs. 3.098637485461224
list:
dist: 4.12198101747234 vs. 4.12198101747234
list:
dist: 1.973799173074456 vs. 1.973799173074456
list:
dist: 3.1715231926962226 vs. 3.1715231926962226
list:
dist: 2.869200530644349 vs. 2.869200530644349
list:
dist: 2.911984387279641 vs. 2.911984387279641
list:
dist: 2.406392215010867 vs. 2.406392215010867
list:
dist: 1.855787604764475 vs. 1.855787604764475
list:
dist: 2.9712544834705428 vs. 2.9712544834705428
list:
dist: 1.3124008613605824 vs. 1.3124008613605824
list:
dist: 1.0229864934451518 vs. 1.0229864934451518
list:
dist: 2.079281730937192 vs. 2.079281730937192
list:
dist: 1.7791290921540461 vs. 1.7791290921540461
list:
dist: 1.4498479372538196 vs. 1.4498479372538196
list:
dist: 1.0639059348168403 vs. 1.0639059348168403
list:
dist: 1.2603745011406917 vs. 1.2603745011406917
list:
dist: 1.561650020950695 vs. 1.561650020950695
list:
dist: 2.123189063858727 vs. 2.123189063858727
list:
dist: 1.3952506107453089 vs. 1.3952506107453089
list:
dist: 0.8637317673987971 vs. 0.8637317673987971
list:
dist: 1.4592512368295183 vs. 1.4592512368295183
list:
dist: 0.7485424580235138 vs. 0.7485424580235138
list:
dist: 3.1682857093687122 vs. 3.1682857093687122
list:
dist: 3.072072741497492 vs. 3.072072741497492
list:
dist: 3.685317308079222 vs. 3.685317308079222
list:
dist: 1.577061796492593 vs. 1.577061796492593
list:
dist: 3.390945595114519 vs. 3.390945595114519
list:
dist: 2.6136246473496114 vs. 2.6136246473496114
list:
dist: 4.5034071954841135 vs. 4.5034071954841135
list:
dist: 3.5889384636288133 vs. 3.5889384636288133
list:
dist: 4.2002827233855875 vs. 4.2002827233855875
list:
dist: 3.8622411318234837 vs. 3.8622411318234837
list:
dist: 3.423367964560387 vs. 3.423367964560387
list:
dist: 4.003628254421527 vs. 4.003628254421527
list:
dist: 2.644283268264605 vs. 2.644283268264605
list:
dist: 2.475153033683874 vs. 2.475153033683874
list:
dist: 3.5367575860590246 vs. 3.5367575860590246
list:
dist: 3.352527220897762 vs. 3.352527220897762
list:
dist: 4.605708240429899 vs. 4.605708240429899
list:
dist: 2.5439023666409724 vs. 2.5439023666409724
list:
dist: 3.200369199479633 vs. 3.200369199479633
list:
dist: 2.447149580958516 vs. 2.447149580958516
list:
dist: 1.4757684616044218 vs. 1.4757684616044218
list:
dist: 2.90446983849122 vs. 2.90446983849122
list:
dist: 2.4180191232481114 vs. 2.4180191232481114
list:
dist: 2.1344958457956666 vs. 2.1344958457956666
list:
dist: 2.286772978358426 vs. 2.286772978358426
list:
dist: 2.948510919563329 vs. 2.948510919563329
list:
dist: 1.8394067516031551 vs. 1.8394067516031551
list:
dist: 1.7171406911481426 vs. 1.7171406911481426
list:
dist: 2.2506850477738447 vs. 2.2506850477738447
list:
dist: 2.2729955119404703 vs. 2.2729955119404703
list:
dist: 2.843743670673931 vs. 2.843743670673931
list:
dist: 2.068400538442928 vs. 2.068400538442928
list:
dist: 2.261473290802593 vs. 2.261473290802593
list:
dist: 1.9414139928981788 vs. 1.9414139928981788
list:
dist: 1.75752249003961 vs. 1.75752249003961
list:
dist: 1.8914222057146013 vs. 1.8914222057146013
list:
dist: 2.7013068119326347 vs. 2.7013068119326347
list:
dist: 1.1045515496418066 vs. 1.1045515496418066
list:
dist: 1.566453543648932 vs. 1.566453543648932
list:
dist: 1.2603745011406917 vs. 1.2603745011406917
list:
dist: 1.0819702069353647 vs. 1.0819702069353647
list:
dist: 0.7057608225297262 vs. 0.7057608225297262
list:
dist: 0.9457484141271889 vs. 0.9457484141271889
list:
dist: 0.738884749071859 vs. 0.738884749071859
list:
dist: 1.2256665125565114 vs. 1.2256665125565114
list:
dist: 1.3265010406211997 vs. 1.3265010406211997
list:
dist: 0.8630855068744202 vs. 0.8630855068744202
list:
dist: 0.5695004233333549 vs. 0.5695004233333549
list:
dist: 0.9235294556151776 vs. 0.9235294556151776
list:
dist: 1.3146234597355944 vs. 1.3146234597355944
list:
dist: 3.18641742734045 vs. 3.18641742734045
list:
dist: 2.0948086908081454 vs. 2.0948086908081454
list:
dist: 1.3656623084781636 vs. 1.3656623084781636
list:
dist: 2.9785363589710543 vs. 2.9785363589710543
list:
dist: 2.3595348139799035 vs. 2.3595348139799035
list:
dist: 3.55035271417076 vs. 3.55035271417076
list:
dist: 2.7479133775075386 vs. 2.7479133775075386
list:
dist: 3.3519781418814447 vs. 3.3519781418814447
list:
dist: 2.8955823172916215 vs. 2.8955823172916215
list:
dist: 2.6754473053247887 vs. 2.6754473053247887
list:
dist: 3.0725258630211556 vs. 3.0725258630211556
list:
dist: 1.7539235499715171 vs. 1.7539235499715171
list:
dist: 1.5256378335531509 vs. 1.5256378335531509
list:
dist: 2.4938152536426212 vs. 2.4938152536426212
list:
dist: 2.7814599482652347 vs. 2.7814599482652347
list:
dist: 3.552547990309648 vs. 3.552547990309648
list:
dist: 3.7708687186605183 vs. 3.7708687186605183
list:
dist: 3.3379510894307667 vs. 3.3379510894307667
list:
dist: 3.1375316271834377 vs. 3.1375316271834377
list:
dist: 2.4692232891035504 vs. 2.4692232891035504
list:
dist: 1.7773969636577025 vs. 1.7773969636577025
list:
dist: 2.2655894459576476 vs. 2.2655894459576476
list:
dist: 1.7270529311952318 vs. 1.7270529311952318
list:
dist: 0.9061705181654178 vs. 0.9061705181654178
list:
dist: 2.283390313845929 vs. 2.283390313845929
list:
dist: 1.6540426857491994 vs. 1.6540426857491994
list:
dist: 1.5352229739761039 vs. 1.5352229739761039
list:
dist: 2.9630155857255343 vs. 2.9630155857255343
list:
dist: 2.512716308818585 vs. 2.512716308818585
list:
dist: 2.5562721848925545 vs. 2.5562721848925545
list:
dist: 2.5922086969432723 vs. 2.5922086969432723
list:
dist: 3.031369708420092 vs. 3.031369708420092
list:
dist: 2.056495613195886 vs. 2.056495613195886
list:
dist: 2.8371632321340274 vs. 2.8371632321340274
list:
dist: 1.7859152962200322 vs. 1.7859152962200322
list:
dist: 2.7188196305851355 vs. 2.7188196305851355
list:
dist: 2.447149580958516 vs. 2.447149580958516
list:
dist: 2.491128969471546 vs. 2.491128969471546
list:
dist: 1.6175743197494408 vs. 1.6175743197494408
list:
dist: 2.6470054699313574 vs. 2.6470054699313574
list:
dist: 2.323933916952043 vs. 2.323933916952043
list:
dist: 1.7270529311952318 vs. 1.7270529311952318
list:
dist: 2.8760549345408477 vs. 2.8760549345408477
list:
dist: 2.177923476727572 vs. 2.177923476727572
list:
dist: 1.8108138130962457 vs. 1.8108138130962457
list:
dist: 1.6587905319250302 vs. 1.6587905319250302
list:
dist: 1.783364526307219 vs. 1.783364526307219
list:
dist: 2.873777127150035 vs. 2.873777127150035
list:
dist: 3.829101034516739 vs. 3.829101034516739
list:
dist: 3.348200335072627 vs. 3.348200335072627
list:
dist: 2.622584093010575 vs. 2.622584093010575
list:
dist: 2.829185409957569 vs. 2.829185409957569
list:
dist: 2.2957896792841526 vs. 2.2957896792841526
list:
dist: 2.6707168536367605 vs. 2.6707168536367605
list:
dist: 2.0075695660469086 vs. 2.0075695660469086
list:
dist: 2.474713551085773 vs. 2.474713551085773
list:
dist: 2.583956609057714 vs. 2.583956609057714
list:
dist: 2.6098808596263785 vs. 2.6098808596263785
list:
dist: 1.822198363566046 vs. 1.822198363566046
list:
dist: 1.4780647149607522 vs. 1.4780647149607522
list:
dist: 1.3321469626617661 vs. 1.3321469626617661
list:
dist: 1.4657165822422067 vs. 1.4657165822422067
list:
dist: 1.988270400823478 vs. 1.988270400823478
list:
dist: 2.8167350426466338 vs. 2.8167350426466338
list:
dist: 3.080172177906707 vs. 3.080172177906707
list:
dist: 2.3537118742905307 vs. 2.3537118742905307
list:
dist: 2.497175414064833 vs. 2.497175414064833
list:
dist: 1.9391064950653236 vs. 1.9391064950653236
list:
dist: 0.9690933966543367 vs. 0.9690933966543367
list:
dist: 0.9340827283005413 vs. 0.9340827283005413
list:
dist: 1.0003694351069552 vs. 1.0003694351069552
list:
dist: 0.6112144602923382 vs. 0.6112144602923382
list:
dist: 0.4918983657700342 vs. 0.4918983657700342
list:
dist: 1.4931758471424286 vs. 1.4931758471424286
list:
dist: 3.0262414706461636 vs. 3.0262414706461636
list:
dist: 1.9433574613917102 vs. 1.9433574613917102
list:
dist: 2.310504457233025 vs. 2.310504457233025
list:
dist: 1.4966121913489552 vs. 1.4966121913489552
list:
dist: 2.7287250456892225 vs. 2.7287250456892225
list:
dist: 3.581432612063759 vs. 3.581432612063759
list:
dist: 2.1791075850044126 vs. 2.1791075850044126
list:
dist: 2.006762567954886 vs. 2.006762567954886
list:
dist: 2.613753308938464 vs. 2.613753308938464
list:
dist: 2.4443801608240476 vs. 2.4443801608240476
list:
dist: 3.367090231846282 vs. 3.367090231846282
list:
dist: 2.450316460748426 vs. 2.450316460748426
list:
dist: 2.7015374824766503 vs. 2.7015374824766503
list:
dist: 2.500746044014945 vs. 2.500746044014945
list:
dist: 2.414523950804392 vs. 2.414523950804392
list:
dist: 2.0225291296555863 vs. 2.0225291296555863
list:
dist: 2.7482656048499217 vs. 2.7482656048499217
list:
dist: 1.7250406532749485 vs. 1.7250406532749485
list:
dist: 2.2614395907481017 vs. 2.2614395907481017
list:
dist: 1.7791290921540461 vs. 1.7791290921540461
list:
dist: 1.2801873502075878 vs. 1.2801873502075878
list:
dist: 1.2198175848307495 vs. 1.2198175848307495
list:
dist: 1.4051826591635443 vs. 1.4051826591635443
list:
dist: 0.7057608225297262 vs. 0.7057608225297262
list:
dist: 1.750302348748283 vs. 1.750302348748283
list:
dist: 0.7393538073287206 vs. 0.7393538073287206
list:
dist: 0.6488922146734087 vs. 0.6488922146734087
list:
dist: 1.048105531687022 vs. 1.048105531687022
list:
dist: 0.656819964633692 vs. 0.656819964633692
list:
dist: 1.7727491766385615 vs. 1.7727491766385615
list:
dist: 2.847121903329966 vs. 2.847121903329966
list:
dist: 1.8452784147096448 vs. 1.8452784147096448
list:
dist: 1.2130446659144511 vs. 1.2130446659144511
list:
dist: 3.4358980231756013 vs. 3.4358980231756013
list:
dist: 2.871547883341844 vs. 2.871547883341844
list:
dist: 3.5681125517712653 vs. 3.5681125517712653
list:
dist: 2.895211543138739 vs. 2.895211543138739
list:
dist: 3.455292311847375 vs. 3.455292311847375
list:
dist: 3.0347212998934743 vs. 3.0347212998934743
list:
dist: 3.0085837878149015 vs. 3.0085837878149015
list:
dist: 2.9811239790990562 vs. 2.9811239790990562
list:
dist: 1.9776704472090065 vs. 1.9776704472090065
list:
dist: 1.7209303692121583 vs. 1.7209303692121583
list:
dist: 2.3434322367045164 vs. 2.3434322367045164
list:
dist: 3.0533627217058843 vs. 3.0533627217058843
list:
dist: 3.507787988289956 vs. 3.507787988289956
list:
dist: 3.5143421339961045 vs. 3.5143421339961045
list:
dist: 3.1660719699890447 vs. 3.1660719699890447
list:
dist: 2.7783139404667727 vs. 2.7783139404667727
list:
dist: 2.275541261397846 vs. 2.275541261397846
list:
dist: 1.3199967717435475 vs. 1.3199967717435475
list:
dist: 1.8925875680723079 vs. 1.8925875680723079
list:
dist: 1.6175743197494408 vs. 1.6175743197494408
list:
dist: 1.1606106597782695 vs. 1.1606106597782695
list:
dist: 2.084772367294038 vs. 2.084772367294038
list:
dist: 1.6968982189928703 vs. 1.6968982189928703
list:
dist: 1.039330119690328 vs. 1.039330119690328
list:
dist: 2.2900212115598007 vs. 2.2900212115598007
list:
dist: 2.864813493963568 vs. 2.864813493963568
list:
dist: 2.1344958457956666 vs. 2.1344958457956666
list:
dist: 2.318947690443715 vs. 2.318947690443715
list:
dist: 1.039330119690328 vs. 1.039330119690328
list:
dist: 2.08358662270694 vs. 2.08358662270694
list:
dist: 2.226579122592268 vs. 2.226579122592268
list:
dist: 1.5352229739761039 vs. 1.5352229739761039
list:
dist: 2.679854160286468 vs. 2.679854160286468
list:
dist: 1.0504671996693662 vs. 1.0504671996693662
list:
dist: 0.8882520854418569 vs. 0.8882520854418569
list:
dist: 1.495386998771676 vs. 1.495386998771676
list:
dist: 0.8093115765854986 vs. 0.8093115765854986
list:
dist: 2.3296275230617316 vs. 2.3296275230617316
list:
dist: 3.544780148179726 vs. 3.544780148179726
list:
dist: 2.63393491734537 vs. 2.63393491734537
list:
dist: 1.495860068085116 vs. 1.495860068085116
list:
dist: 0.7327863796521905 vs. 0.7327863796521905
list:
dist: 1.6687819946389506 vs. 1.6687819946389506
list:
dist: 1.4931758471424286 vs. 1.4931758471424286
list:
dist: 1.4259752771661618 vs. 1.4259752771661618
list:
dist: 1.673218610137698 vs. 1.673218610137698
list:
dist: 1.8425803854508962 vs. 1.8425803854508962
list:
dist: 2.9037177216010908 vs. 2.9037177216010908
list:
dist: 3.7907068562013415 vs. 3.7907068562013415
list:
dist: 3.1046906151496696 vs. 3.1046906151496696
list:
dist: 3.256416672054228 vs. 3.256416672054228
list:
dist: 3.2231242755215654 vs. 3.2231242755215654
list:
dist: 3.4356504688580194 vs. 3.4356504688580194
list:
dist: 2.523110141901467 vs. 2.523110141901467
list:
dist: 3.226278325569543 vs. 3.226278325569543
list:
dist: 2.32285900627432 vs. 2.32285900627432
list:
dist: 3.0984278666601295 vs. 3.0984278666601295
list:
dist: 2.5439023666409724 vs. 2.5439023666409724
list:
dist: 2.505410966042575 vs. 2.505410966042575
list:
dist: 1.3199967717435475 vs. 1.3199967717435475
list:
dist: 2.511371342598998 vs. 2.511371342598998
list:
dist: 2.5004300233828913 vs. 2.5004300233828913
list:
dist: 1.7773969636577025 vs. 1.7773969636577025
list:
dist: 2.9854444433041003 vs. 2.9854444433041003
list:
dist: 1.5643215545679396 vs. 1.5643215545679396
list:
dist: 1.439624273510916 vs. 1.439624273510916
list:
dist: 1.7748927177404052 vs. 1.7748927177404052
list:
dist: 1.376762371549509 vs. 1.376762371549509
list:
dist: 2.828028573316459 vs. 2.828028573316459
list:
dist: 3.5448274347661504 vs. 3.5448274347661504
list:
dist: 2.962853747626145 vs. 2.962853747626145
list:
dist: 2.1535894671017615 vs. 2.1535894671017615
list:
dist: 3.7066826275405016 vs. 3.7066826275405016
list:
dist: 3.15323375691301 vs. 3.15323375691301
list:
dist: 3.350613131995042 vs. 3.350613131995042
list:
dist: 2.816878613415655 vs. 2.816878613415655
list:
dist: 3.26266017177554 vs. 3.26266017177554
list:
dist: 3.2343455281598423 vs. 3.2343455281598423
list:
dist: 3.3639971182018673 vs. 3.3639971182018673
list:
dist: 2.4670762265521162 vs. 2.4670762265521162
list:
dist: 2.201888127944692 vs. 2.201888127944692
list:
dist: 1.9906764754349595 vs. 1.9906764754349595
list:
dist: 1.9815442197025261 vs. 1.9815442197025261
list:
dist: 2.9278499560899216 vs. 2.9278499560899216
list:
dist: 3.3724768332306168 vs. 3.3724768332306168
list:
dist: 3.3099173011966516 vs. 3.3099173011966516
list:
dist: 2.79757443628263 vs. 2.79757443628263
list:
dist: 2.548699745090642 vs. 2.548699745090642
list:
dist: 2.2426229974175174 vs. 2.2426229974175174
list:
dist: 0.9575798736361145 vs. 0.9575798736361145
list:
dist: 0.9690933966543367 vs. 0.9690933966543367
list:
dist: 1.3980810810087612 vs. 1.3980810810087612
list:
dist: 1.040591643869312 vs. 1.040591643869312
list:
dist: 1.389787524633854 vs. 1.389787524633854
list:
dist: 0.7327863796521905 vs. 0.7327863796521905
list:
dist: 3.5935011578796296 vs. 3.5935011578796296
list:
dist: 2.5996730006581283 vs. 2.5996730006581283
list:
dist: 2.7383620207935113 vs. 2.7383620207935113
list:
dist: 2.227222275515855 vs. 2.227222275515855
list:
dist: 2.2755489039989714 vs. 2.2755489039989714
list:
dist: 2.846135432308542 vs. 2.846135432308542
list:
dist: 2.252215668205274 vs. 2.252215668205274
list:
dist: 1.9738784880456128 vs. 1.9738784880456128
list:
dist: 2.26467142341472 vs. 2.26467142341472
list:
dist: 2.3442707257255933 vs. 2.3442707257255933
list:
dist: 2.887874230938173 vs. 2.887874230938173
list:
dist: 2.374193413662436 vs. 2.374193413662436
list:
dist: 2.4702865200901005 vs. 2.4702865200901005
list:
dist: 2.106088516830222 vs. 2.106088516830222
list:
dist: 1.8959390750795964 vs. 1.8959390750795964
list:
dist: 2.280151982380009 vs. 2.280151982380009
list:
dist: 3.1418115563935776 vs. 3.1418115563935776
list:
dist: 0.9560373231879261 vs. 0.9560373231879261
list:
dist: 1.3714522991654639 vs. 1.3714522991654639
list:
dist: 0.8637317673987971 vs. 0.8637317673987971
list:
dist: 1.6266156308944495 vs. 1.6266156308944495
list:
dist: 1.048105531687022 vs. 1.048105531687022
list:
dist: 1.2878142716629914 vs. 1.2878142716629914
list:
dist: 0.907818892106589 vs. 0.907818892106589
list:
dist: 0.5695004233333549 vs. 0.5695004233333549
list:
dist: 1.5278563093391764 vs. 1.5278563093391764
list:
dist: 1.5869177631215345 vs. 1.5869177631215345
list:
dist: 0.8587150362483319 vs. 0.8587150362483319
list:
dist: 0.9130171250703875 vs. 0.9130171250703875
list:
dist: 1.2225622434866907 vs. 1.2225622434866907
list:
dist: 3.740661322255583 vs. 3.740661322255583
list:
dist: 2.5956153713889036 vs. 2.5956153713889036
list:
dist: 1.4360630772683238 vs. 1.4360630772683238
list:
dist: 3.0181522657787845 vs. 3.0181522657787845
list:
dist: 2.2904036908021523 vs. 2.2904036908021523
list:
dist: 3.7625237354994034 vs. 3.7625237354994034
list:
dist: 2.90040706631414 vs. 2.90040706631414
list:
dist: 3.505885032429712 vs. 3.505885032429712
list:
dist: 3.190334889683709 vs. 3.190334889683709
list:
dist: 2.8898134209084834 vs. 2.8898134209084834
list:
dist: 3.208668785221873 vs. 3.208668785221873
list:
dist: 1.9436251548659447 vs. 1.9436251548659447
list:
dist: 1.7393073442862006 vs. 1.7393073442862006
list:
dist: 2.705842814964773 vs. 2.705842814964773
list:
dist: 2.779342618389523 vs. 2.779342618389523
list:
dist: 3.838522861289373 vs. 3.838522861289373
list:
dist: 4.132639846838365 vs. 4.132639846838365
list:
dist: 3.594220907340001 vs. 3.594220907340001
list:
dist: 3.5036812538932134 vs. 3.5036812538932134
list:
dist: 2.822000582498046 vs. 2.822000582498046
list:
dist: 1.7748927177404052 vs. 1.7748927177404052
list:
dist: 2.3609829448942414 vs. 2.3609829448942414
list:
dist: 1.6587905319250302 vs. 1.6587905319250302
list:
dist: 0.696530453723649 vs. 0.696530453723649
list:
dist: 2.164590210181621 vs. 2.164590210181621
list:
dist: 1.6393348630751323 vs. 1.6393348630751323
list:
dist: 1.495386998771676 vs. 1.495386998771676
list:
dist: 4.321019166851777 vs. 4.321019166851777
list:
dist: 2.5766746473075752 vs. 2.5766746473075752
list:
dist: 2.661196832678947 vs. 2.661196832678947
list:
dist: 2.310286831118927 vs. 2.310286831118927
list:
dist: 2.3687365632833637 vs. 2.3687365632833637
list:
dist: 2.6818872861214644 vs. 2.6818872861214644
list:
dist: 3.797879163963115 vs. 3.797879163963115
list:
dist: 3.789109065236323 vs. 3.789109065236323
list:
dist: 5.629464556075835 vs. 5.629464556075835
list:
dist: 4.609956480889754 vs. 4.609956480889754
list:
dist: 4.989147663797061 vs. 4.989147663797061
list:
dist: 4.859893999443583 vs. 4.859893999443583
list:
dist: 5.109787406351121 vs. 5.109787406351121
list:
dist: 5.443116901239355 vs. 5.443116901239355
list:
dist: 5.325496316777644 vs. 5.325496316777644
list:
dist: 5.008734553472657 vs. 5.008734553472657
list:
dist: 3.9549502217203565 vs. 3.9549502217203565
list:
dist: 5.038807503469522 vs. 5.038807503469522
list:
dist: 2.956383101165302 vs. 2.956383101165302
list:
dist: 1.955404121616302 vs. 1.955404121616302
list:
dist: 1.7295555879748414 vs. 1.7295555879748414
list:
dist: 1.6875646099629638 vs. 1.6875646099629638
list:
dist: 1.2933134145819583 vs. 1.2933134145819583
list:
dist: 1.3770161865470194 vs. 1.3770161865470194
list:
dist: 1.9208091473199873 vs. 1.9208091473199873
list:
dist: 1.0015170098490094 vs. 1.0015170098490094
list:
dist: 1.3124008613605824 vs. 1.3124008613605824
list:
dist: 1.787625858131727 vs. 1.787625858131727
list:
dist: 1.7250406532749485 vs. 1.7250406532749485
list:
dist: 1.7953022445108933 vs. 1.7953022445108933
list:
dist: 1.0082773763543986 vs. 1.0082773763543986
list:
dist: 1.1045515496418066 vs. 1.1045515496418066
list:
dist: 1.582446448807046 vs. 1.582446448807046
list:
dist: 2.4004330189761633 vs. 2.4004330189761633
list:
dist: 1.7779628718907563 vs. 1.7779628718907563
list:
dist: 0.9560373231879261 vs. 0.9560373231879261
list:
dist: 1.8289218360014212 vs. 1.8289218360014212
list:
dist: 1.7218008805698606 vs. 1.7218008805698606
list:
dist: 4.182536924522207 vs. 4.182536924522207
list:
dist: 4.092048030967761 vs. 4.092048030967761
list:
dist: 4.701886821048102 vs. 4.701886821048102
list:
dist: 2.326193304090898 vs. 2.326193304090898
list:
dist: 2.116995833845341 vs. 2.116995833845341
list:
dist: 1.372648370035106 vs. 1.372648370035106
list:
dist: 3.28768945240257 vs. 3.28768945240257
list:
dist: 2.3379994903072996 vs. 2.3379994903072996
list:
dist: 2.946560461701363 vs. 2.946560461701363
list:
dist: 2.6428221021938243 vs. 2.6428221021938243
list:
dist: 2.1486028927832495 vs. 2.1486028927832495
list:
dist: 2.9248386907746715 vs. 2.9248386907746715
list:
dist: 1.447248244715711 vs. 1.447248244715711
list:
dist: 1.3484468006273098 vs. 1.3484468006273098
list:
dist: 2.540219309586272 vs. 2.540219309586272
list:
dist: 2.091208921081507 vs. 2.091208921081507
list:
dist: 3.439819247568865 vs. 3.439819247568865
list:
dist: 2.32285900627432 vs. 2.32285900627432
list:
dist: 2.588763076481908 vs. 2.588763076481908
list:
dist: 1.7859152962200322 vs. 1.7859152962200322
list:
dist: 0.9405190667045508 vs. 0.9405190667045508
list:
dist: 2.3449251146703727 vs. 2.3449251146703727
list:
dist: 1.5134414762377861 vs. 1.5134414762377861
list:
dist: 2.2900212115598007 vs. 2.2900212115598007
list:
dist: 2.485782140301395 vs. 2.485782140301395
list:
dist: 2.0676929260888923 vs. 2.0676929260888923
list:
dist: 2.0816491571995233 vs. 2.0816491571995233
list:
dist: 2.1578858898329063 vs. 2.1578858898329063
list:
dist: 2.710238678670045 vs. 2.710238678670045
list:
dist: 1.6822650722766679 vs. 1.6822650722766679
list:
dist: 2.4889201319229253 vs. 2.4889201319229253
list:
dist: 1.5134414762377861 vs. 1.5134414762377861
list:
dist: 2.501170426203064 vs. 2.501170426203064
list:
dist: 2.4180191232481114 vs. 2.4180191232481114
list:
dist: 2.3184763569826354 vs. 2.3184763569826354
list:
dist: 1.6968982189928703 vs. 1.6968982189928703
list:
dist: 2.585059247375176 vs. 2.585059247375176
list:
dist: 2.152537614126321 vs. 2.152537614126321
list:
dist: 1.6540426857491994 vs. 1.6540426857491994
list:
dist: 2.6829380327544343 vs. 2.6829380327544343
list:
dist: 2.354976088424628 vs. 2.354976088424628
list:
dist: 1.9677443477988716 vs. 1.9677443477988716
list:
dist: 1.6393348630751323 vs. 1.6393348630751323
list:
dist: 1.9592459486023157 vs. 1.9592459486023157
list:
dist: 2.8331377553965535 vs. 2.8331377553965535
list:
dist: 3.7563378637946103 vs. 3.7563378637946103
list:
dist: 3.3302419767487232 vs. 3.3302419767487232
list:
dist: 2.7614431169626594 vs. 2.7614431169626594
list:
dist: 2.347830184483367 vs. 2.347830184483367
list:
dist: 1.8519226284908008 vs. 1.8519226284908008
list:
dist: 2.3425846264849204 vs. 2.3425846264849204
list:
dist: 1.582394070326631 vs. 1.582394070326631
list:
dist: 2.099172290795224 vs. 2.099172290795224
list:
dist: 2.162881659231559 vs. 2.162881659231559
list:
dist: 2.126665562567077 vs. 2.126665562567077
list:
dist: 1.6245768447588 vs. 1.6245768447588
list:
dist: 1.0128390906270193 vs. 1.0128390906270193
list:
dist: 0.9004141860454945 vs. 0.9004141860454945
list:
dist: 1.2776558268509328 vs. 1.2776558268509328
list:
dist: 1.554561459809157 vs. 1.554561459809157
list:
dist: 2.514240946861653 vs. 2.514240946861653
list:
dist: 2.9284440408464736 vs. 2.9284440408464736
list:
dist: 2.1700706967372305 vs. 2.1700706967372305
list:
dist: 2.4367633759644143 vs. 2.4367633759644143
list:
dist: 1.7404379143964026 vs. 1.7404379143964026
list:
dist: 1.389787524633854 vs. 1.389787524633854
list:
dist: 1.2060194427667303 vs. 1.2060194427667303
list:
dist: 0.4918983657700342 vs. 0.4918983657700342
list:
dist: 0.959520989939811 vs. 0.959520989939811
list:
dist: 1.019325234021341 vs. 1.019325234021341
list:
dist: 1.8425803854508962 vs. 1.8425803854508962
list:
dist: 2.8386164435216013 vs. 2.8386164435216013
list:
dist: 1.8667522937405228 vs. 1.8667522937405228
list:
dist: 2.2805527473851277 vs. 2.2805527473851277
list:
dist: 1.4288870094140866 vs. 1.4288870094140866
list:
dist: 2.643092395959893 vs. 2.643092395959893
list:
dist: 2.191075528531588 vs. 2.191075528531588
list:
dist: 2.2430413410247194 vs. 2.2430413410247194
list:
dist: 2.0380283945422804 vs. 2.0380283945422804
list:
dist: 2.1885131119213552 vs. 2.1885131119213552
list:
dist: 1.9856925542938026 vs. 1.9856925542938026
list:
dist: 2.8730002182555165 vs. 2.8730002182555165
list:
dist: 0.9405190667045508 vs. 0.9405190667045508
list:
dist: 1.762202536338553 vs. 1.762202536338553
list:
dist: 1.4757684616044218 vs. 1.4757684616044218
list:
dist: 1.8775419061017093 vs. 1.8775419061017093
list:
dist: 1.1606106597782695 vs. 1.1606106597782695
list:
dist: 1.8344757666217877 vs. 1.8344757666217877
list:
dist: 1.3937807583609763 vs. 1.3937807583609763
list:
dist: 0.9061705181654178 vs. 0.9061705181654178
list:
dist: 2.0065525697339655 vs. 2.0065525697339655
list:
dist: 1.8173582307394298 vs. 1.8173582307394298
list:
dist: 1.1989254915332648 vs. 1.1989254915332648
list:
dist: 0.696530453723649 vs. 0.696530453723649
list:
dist: 1.2132921362568272 vs. 1.2132921362568272
list:
dist: 1.9131914103564729 vs. 1.9131914103564729
list:
dist: 3.7644226379868893 vs. 3.7644226379868893
list:
dist: 2.9048304696009235 vs. 2.9048304696009235
list:
dist: 1.9587820404185277 vs. 1.9587820404185277
list:
dist: 2.669923305625562 vs. 2.669923305625562
list:
dist: 1.9727611175075923 vs. 1.9727611175075923
list:
dist: 3.1922029260172047 vs. 3.1922029260172047
list:
dist: 2.3450512432991335 vs. 2.3450512432991335
list:
dist: 2.928184826061507 vs. 2.928184826061507
list:
dist: 2.7640234132850634 vs. 2.7640234132850634
list:
dist: 2.537054895498207 vs. 2.537054895498207
list:
dist: 2.5656288592897476 vs. 2.5656288592897476
list:
dist: 1.4740888266976298 vs. 1.4740888266976298
list:
dist: 1.2807096794210748 vs. 1.2807096794210748
list:
dist: 2.1193631158155606 vs. 2.1193631158155606
list:
dist: 2.2155423653442172 vs. 2.2155423653442172
list:
dist: 3.3136754362367253 vs. 3.3136754362367253
list:
dist: 3.658643004467914 vs. 3.658643004467914
list:
dist: 3.024320534976707 vs. 3.024320534976707
list:
dist: 3.0661311166687946 vs. 3.0661311166687946
list:
dist: 2.3689899149663494 vs. 2.3689899149663494
list:
dist: 1.3980810810087612 vs. 1.3980810810087612
list:
dist: 1.7990106413565734 vs. 1.7990106413565734
list:
dist: 1.0003694351069552 vs. 1.0003694351069552
list:
dist: 1.5384696933410027 vs. 1.5384696933410027
list:
dist: 0.959520989939811 vs. 0.959520989939811
list:
dist: 1.4259752771661618 vs. 1.4259752771661618
list:
dist: 3.7757519122802363 vs. 3.7757519122802363
list:
dist: 2.8140982314858864 vs. 2.8140982314858864
list:
dist: 3.20938016480904 vs. 3.20938016480904
list:
dist: 2.3579157346660344 vs. 2.3579157346660344
list:
dist: 2.0705972789036102 vs. 2.0705972789036102
list:
dist: 1.389130170984378 vs. 1.389130170984378
list:
dist: 2.3805306080739195 vs. 2.3805306080739195
list:
dist: 1.0870390980371873 vs. 1.0870390980371873
list:
dist: 0.8656821200100466 vs. 0.8656821200100466
list:
dist: 0.9703461821433156 vs. 0.9703461821433156
list:
dist: 0.8968413627683912 vs. 0.8968413627683912
list:
dist: 1.5218527621970441 vs. 1.5218527621970441
list:
dist: 1.731407790693693 vs. 1.731407790693693
list:
dist: 1.6643926844907002 vs. 1.6643926844907002
list:
dist: 2.2926866497393372 vs. 2.2926866497393372
list:
dist: 1.5033442296133013 vs. 1.5033442296133013
list:
dist: 1.2935513533286498 vs. 1.2935513533286498
list:
dist: 1.2289067529286075 vs. 1.2289067529286075
list:
dist: 1.7483604855990167 vs. 1.7483604855990167
list:
dist: 2.2025017836743563 vs. 2.2025017836743563
list:
dist: 2.085379932333114 vs. 2.085379932333114
list:
dist: 1.818009494521181 vs. 1.818009494521181
list:
dist: 1.7095907398437447 vs. 1.7095907398437447
list:
dist: 3.2184148657795277 vs. 3.2184148657795277
list:
dist: 3.6994874082320135 vs. 3.6994874082320135
list:
dist: 4.162469226772087 vs. 4.162469226772087
list:
dist: 0.744207353833925 vs. 0.744207353833925
list:
dist: 1.5356773566132298 vs. 1.5356773566132298
list:
dist: 1.389130170984378 vs. 1.389130170984378
list:
dist: 0.7612720134637312 vs. 0.7612720134637312
list:
dist: 1.1244900116915002 vs. 1.1244900116915002
list:
dist: 0.8507884245988594 vs. 0.8507884245988594
list:
dist: 0.6011134417819005 vs. 0.6011134417819005
list:
dist: 1.0824945677718296 vs. 1.0824945677718296
list:
dist: 2.156807895179794 vs. 2.156807895179794
list:
dist: 1.1943319976095004 vs. 1.1943319976095004
list:
dist: 2.2275488873099887 vs. 2.2275488873099887
list:
dist: 2.3465073177174753 vs. 2.3465073177174753
list:
dist: 2.0728570423267687 vs. 2.0728570423267687
list:
dist: 2.058631654858031 vs. 2.058631654858031
list:
dist: 1.446988538606535 vs. 1.446988538606535
list:
dist: 2.181278309259974 vs. 2.181278309259974
list:
dist: 2.152821593610239 vs. 2.152821593610239
list:
dist: 1.7351603941781581 vs. 1.7351603941781581
list:
dist: 2.254543839152683 vs. 2.254543839152683
list:
dist: 1.4454639039491093 vs. 1.4454639039491093
list:
dist: 1.446988538606535 vs. 1.446988538606535
list:
dist: 1.2402328641962619 vs. 1.2402328641962619
list:
dist: 1.7483604855990167 vs. 1.7483604855990167
list:
dist: 1.7499910248950696 vs. 1.7499910248950696
list:
dist: 0.9658403584322415 vs. 0.9658403584322415
list:
dist: 1.780597321456968 vs. 1.780597321456968
list:
dist: 1.5506496615651904 vs. 1.5506496615651904
list:
dist: 1.6770332076237195 vs. 1.6770332076237195
list:
dist: 1.986602850217709 vs. 1.986602850217709
list:
dist: 1.127284801838663 vs. 1.127284801838663
list:
dist: 0.938539867198912 vs. 0.938539867198912
list:
dist: 1.7918441273208632 vs. 1.7918441273208632
list:
dist: 1.3458487372833297 vs. 1.3458487372833297
list:
dist: 1.4079625062735832 vs. 1.4079625062735832
list:
dist: 1.5294585440823198 vs. 1.5294585440823198
list:
dist: 1.3414510980779462 vs. 1.3414510980779462
list:
dist: 0.9041900748892328 vs. 0.9041900748892328
list:
dist: 1.6859903913837149 vs. 1.6859903913837149
list:
dist: 4.144557902683121 vs. 4.144557902683121
list:
dist: 4.246335882268582 vs. 4.246335882268582
list:
dist: 4.522883462457339 vs. 4.522883462457339
list:
dist: 4.410135075408706 vs. 4.410135075408706
list:
dist: 1.5894973979891007 vs. 1.5894973979891007
list:
dist: 1.1244900116915002 vs. 1.1244900116915002
list:
dist: 1.863663041337957 vs. 1.863663041337957
list:
dist: 0.8656821200100466 vs. 0.8656821200100466
list:
dist: 1.2745212922790208 vs. 1.2745212922790208
list:
dist: 0.9914284446570069 vs. 0.9914284446570069
list:
dist: 0.8348612562935227 vs. 0.8348612562935227
list:
dist: 1.5445397699998296 vs. 1.5445397699998296
list:
dist: 1.9066371365502512 vs. 1.9066371365502512
list:
dist: 1.3584008184292484 vs. 1.3584008184292484
list:
dist: 1.6987450630961602 vs. 1.6987450630961602
list:
dist: 1.6009341385181033 vs. 1.6009341385181033
list:
dist: 0.9565193495746933 vs. 0.9565193495746933
list:
dist: 0.9400809197895055 vs. 0.9400809197895055
list:
dist: 0.9658403584322415 vs. 0.9658403584322415
list:
dist: 1.9515778951321 vs. 1.9515778951321
list:
dist: 1.7794199909929598 vs. 1.7794199909929598
list:
dist: 1.389321951536719 vs. 1.389321951536719
list:
dist: 1.7047560011681147 vs. 1.7047560011681147
list:
dist: 3.57299096195972 vs. 3.57299096195972
list:
dist: 3.836028287687938 vs. 3.836028287687938
list:
dist: 4.159284060141212 vs. 4.159284060141212
list:
dist: 3.5761712361464766 vs. 3.5761712361464766
list:
dist: 2.898804002870488 vs. 2.898804002870488
list:
dist: 3.0324731383291583 vs. 3.0324731383291583
list:
dist: 3.188269140310533 vs. 3.188269140310533
list:
dist: 3.6788637767434764 vs. 3.6788637767434764
list:
dist: 2.2089249489384497 vs. 2.2089249489384497
list:
dist: 2.775693938173269 vs. 2.775693938173269
list:
dist: 2.588763076481908 vs. 2.588763076481908
list:
dist: 3.5185861560762706 vs. 3.5185861560762706
list:
dist: 3.200369199479633 vs. 3.200369199479633
list:
dist: 2.7785000692916944 vs. 2.7785000692916944
list:
dist: 1.8925875680723079 vs. 1.8925875680723079
list:
dist: 3.068340928433126 vs. 3.068340928433126
list:
dist: 2.9439138477588225 vs. 2.9439138477588225
list:
dist: 2.2655894459576476 vs. 2.2655894459576476
list:
dist: 3.393163208764058 vs. 3.393163208764058
list:
dist: 2.270514317848354 vs. 2.270514317848354
list:
dist: 2.2299615200596943 vs. 2.2299615200596943
list:
dist: 2.3609829448942414 vs. 2.3609829448942414
list:
dist: 2.183865455422449 vs. 2.183865455422449
list:
dist: 3.4990784597057902 vs. 3.4990784597057902
list:
dist: 3.4735057711490276 vs. 3.4735057711490276
list:
dist: 3.3374135680891452 vs. 3.3374135680891452
list:
dist: 2.963301305472179 vs. 2.963301305472179
list:
dist: 3.3907249517695988 vs. 3.3907249517695988
list:
dist: 3.0221908838415144 vs. 3.0221908838415144
list:
dist: 2.539342997167023 vs. 2.539342997167023
list:
dist: 2.200183263040002 vs. 2.200183263040002
list:
dist: 2.5270600198430624 vs. 2.5270600198430624
list:
dist: 2.6482484256604075 vs. 2.6482484256604075
list:
dist: 2.95866504403312 vs. 2.95866504403312
list:
dist: 1.6021975499907397 vs. 1.6021975499907397
list:
dist: 1.8971332753181187 vs. 1.8971332753181187
list:
dist: 1.7582194953147223 vs. 1.7582194953147223
list:
dist: 1.18689687892391 vs. 1.18689687892391
list:
dist: 2.462110994405497 vs. 2.462110994405497
list:
dist: 2.5608522695852947 vs. 2.5608522695852947
list:
dist: 2.4955749051170817 vs. 2.4955749051170817
list:
dist: 1.9092786277475347 vs. 1.9092786277475347
list:
dist: 1.8254910833414515 vs. 1.8254910833414515
list:
dist: 1.5895143026449503 vs. 1.5895143026449503
list:
dist: 0.9575798736361145 vs. 0.9575798736361145
list:
dist: 0.9340827283005413 vs. 0.9340827283005413
list:
dist: 1.7990106413565734 vs. 1.7990106413565734
list:
dist: 0.8760963765736922 vs. 0.8760963765736922
list:
dist: 1.2060194427667303 vs. 1.2060194427667303
list:
dist: 1.6687819946389506 vs. 1.6687819946389506
list:
dist: 2.6612156335382973 vs. 2.6612156335382973
list:
dist: 1.7630490665337593 vs. 1.7630490665337593
list:
dist: 1.7906572533354626 vs. 1.7906572533354626
list:
dist: 1.4875188066904113 vs. 1.4875188066904113
list:
dist: 3.435617999749212 vs. 3.435617999749212
list:
dist: 3.071158720308516 vs. 3.071158720308516
list:
dist: 3.0925542876305996 vs. 3.0925542876305996
list:
dist: 3.1680244017621098 vs. 3.1680244017621098
list:
dist: 3.6294276231209905 vs. 3.6294276231209905
list:
dist: 2.5759837223012436 vs. 2.5759837223012436
list:
dist: 3.2893076588723917 vs. 3.2893076588723917
list:
dist: 2.3449251146703727 vs. 2.3449251146703727
list:
dist: 3.253046941491459 vs. 3.253046941491459
list:
dist: 2.90446983849122 vs. 2.90446983849122
list:
dist: 3.064396873496764 vs. 3.064396873496764
list:
dist: 2.084772367294038 vs. 2.084772367294038
list:
dist: 3.180827001093364 vs. 3.180827001093364
list:
dist: 2.90080222548411 vs. 2.90080222548411
list:
dist: 2.283390313845929 vs. 2.283390313845929
list:
dist: 3.4637058259099396 vs. 3.4637058259099396
list:
dist: 2.5276188356664484 vs. 2.5276188356664484
list:
dist: 2.2083214814478755 vs. 2.2083214814478755
list:
dist: 2.164590210181621 vs. 2.164590210181621
list:
dist: 2.16466285269339 vs. 2.16466285269339
list:
dist: 3.368932413726108 vs. 3.368932413726108
list:
dist: 4.209592405536007 vs. 4.209592405536007
list:
dist: 3.807765869160828 vs. 3.807765869160828
list:
dist: 3.0058254327957203 vs. 3.0058254327957203
list:
dist: 3.2501506730336804 vs. 3.2501506730336804
list:
dist: 2.7481228529299178 vs. 2.7481228529299178
list:
dist: 2.8476098270521835 vs. 2.8476098270521835
list:
dist: 2.320894454741241 vs. 2.320894454741241
list:
dist: 2.6831636126669443 vs. 2.6831636126669443
list:
dist: 2.9738881275748517 vs. 2.9738881275748517
list:
dist: 3.074796123885098 vs. 3.074796123885098
list:
dist: 1.8741262785307264 vs. 1.8741262785307264
list:
dist: 1.9967238851004474 vs. 1.9967238851004474
list:
dist: 1.883780828093977 vs. 1.883780828093977
list:
dist: 1.6692581975023282 vs. 1.6692581975023282
list:
dist: 2.276915587945948 vs. 2.276915587945948
list:
dist: 3.0221725777300263 vs. 3.0221725777300263
list:
dist: 3.212052610838631 vs. 3.212052610838631
list:
dist: 2.453578547034272 vs. 2.453578547034272
list:
dist: 2.6384517667760026 vs. 2.6384517667760026
list:
dist: 2.2416802058497867 vs. 2.2416802058497867
list:
dist: 1.040591643869312 vs. 1.040591643869312
list:
dist: 0.8760963765736922 vs. 0.8760963765736922
list:
dist: 0.6112144602923382 vs. 0.6112144602923382
list:
dist: 1.5384696933410027 vs. 1.5384696933410027
list:
dist: 1.019325234021341 vs. 1.019325234021341
list:
dist: 1.673218610137698 vs. 1.673218610137698
list:
dist: 2.9949759812674346 vs. 2.9949759812674346
list:
dist: 1.7662569901067993 vs. 1.7662569901067993
list:
dist: 2.1384492358820437 vs. 2.1384492358820437
list:
dist: 1.3427230354006146 vs. 1.3427230354006146
list:
dist: 1.3113554404536025 vs. 1.3113554404536025
list:
dist: 0.6011134417819005 vs. 0.6011134417819005
list:
dist: 1.9879525690291102 vs. 1.9879525690291102
list:
dist: 0.8968413627683912 vs. 0.8968413627683912
list:
dist: 0.7976648332042795 vs. 0.7976648332042795
list:
dist: 0.8348612562935227 vs. 0.8348612562935227
list:
dist: 0.3241115283589855 vs. 0.3241115283589855
list:
dist: 1.3301461869160316 vs. 1.3301461869160316
list:
dist: 2.1398423686719075 vs. 2.1398423686719075
list:
dist: 1.4779960692691245 vs. 1.4779960692691245
list:
dist: 2.3408303187203066 vs. 2.3408303187203066
list:
dist: 2.139457633644306 vs. 2.139457633644306
list:
dist: 1.737193766446929 vs. 1.737193766446929
list:
dist: 1.6958932812288003 vs. 1.6958932812288003
list:
dist: 1.5506496615651904 vs. 1.5506496615651904
list:
dist: 2.3423912732746577 vs. 2.3423912732746577
list:
dist: 2.263491923377211 vs. 2.263491923377211
list:
dist: 1.8686381116128319 vs. 1.8686381116128319
list:
dist: 2.1802640247645955 vs. 2.1802640247645955
list:
dist: 4.0425574531161255 vs. 4.0425574531161255
list:
dist: 4.439846678942772 vs. 4.439846678942772
list:
dist: 4.782538705992246 vs. 4.782538705992246
list:
dist: 1.5279009846354548 vs. 1.5279009846354548
list:
dist: 0.8507884245988594 vs. 0.8507884245988594
list:
dist: 2.289847684475358 vs. 2.289847684475358
list:
dist: 0.9703461821433156 vs. 0.9703461821433156
list:
dist: 1.059759731317503 vs. 1.059759731317503
list:
dist: 0.9914284446570069 vs. 0.9914284446570069
list:
dist: 0.3241115283589855 vs. 0.3241115283589855
list:
dist: 1.6349819520246702 vs. 1.6349819520246702
list:
dist: 2.409460078360466 vs. 2.409460078360466
list:
dist: 1.800894308095553 vs. 1.800894308095553
list:
dist: 2.5997339179549397 vs. 2.5997339179549397
list:
dist: 2.341806836498717 vs. 2.341806836498717
list:
dist: 1.8264700114711208 vs. 1.8264700114711208
list:
dist: 1.7704909823635637 vs. 1.7704909823635637
list:
dist: 1.780597321456968 vs. 1.780597321456968
list:
dist: 2.6487354253260085 vs. 2.6487354253260085
list:
dist: 2.556998067102253 vs. 2.556998067102253
list:
dist: 2.1627155566273175 vs. 2.1627155566273175
list:
dist: 2.43411422004305 vs. 2.43411422004305
list:
dist: 4.004047334853477 vs. 4.004047334853477
list:
dist: 4.410479697447248 vs. 4.410479697447248
list:
dist: 4.7183020264192495 vs. 4.7183020264192495
list:
dist: 1.2714659691137882 vs. 1.2714659691137882
list:
dist: 1.1943319976095004 vs. 1.1943319976095004
list:
dist: 0.8189537427423754 vs. 0.8189537427423754
list:
dist: 1.6643926844907002 vs. 1.6643926844907002
list:
dist: 1.1049315158787112 vs. 1.1049315158787112
list:
dist: 1.3584008184292484 vs. 1.3584008184292484
list:
dist: 1.800894308095553 vs. 1.800894308095553
list:
dist: 1.4779960692691245 vs. 1.4779960692691245
list:
dist: 0.6747098319298209 vs. 0.6747098319298209
list:
dist: 1.27961051229457 vs. 1.27961051229457
list:
dist: 1.3843364519773935 vs. 1.3843364519773935
list:
dist: 1.689230034540865 vs. 1.689230034540865
list:
dist: 1.9511450866495064 vs. 1.9511450866495064
list:
dist: 1.9871637550715469 vs. 1.9871637550715469
list:
dist: 1.127284801838663 vs. 1.127284801838663
list:
dist: 1.0162192062782296 vs. 1.0162192062782296
list:
dist: 1.0578626335441155 vs. 1.0578626335441155
list:
dist: 0.736924075928404 vs. 0.736924075928404
list:
dist: 1.3725631716060493 vs. 1.3725631716060493
list:
dist: 1.3831888752443522 vs. 1.3831888752443522
list:
dist: 1.0824945677718296 vs. 1.0824945677718296
list:
dist: 1.3331163608446432 vs. 1.3331163608446432
list:
dist: 1.5218527621970441 vs. 1.5218527621970441
list:
dist: 0.6451731104672431 vs. 0.6451731104672431
list:
dist: 1.5445397699998296 vs. 1.5445397699998296
list:
dist: 1.6349819520246702 vs. 1.6349819520246702
list:
dist: 1.3301461869160316 vs. 1.3301461869160316
list:
dist: 1.2881941695987438 vs. 1.2881941695987438
list:
dist: 0.6747098319298209 vs. 0.6747098319298209
list:
dist: 2.0259137979928 vs. 2.0259137979928
list:
dist: 1.8800239580115283 vs. 1.8800239580115283
list:
dist: 2.2397017052798303 vs. 2.2397017052798303
list:
dist: 2.2460699741823302 vs. 2.2460699741823302
list:
dist: 1.6770332076237195 vs. 1.6770332076237195
list:
dist: 1.475454460533007 vs. 1.475454460533007
list:
dist: 1.5682071468167387 vs. 1.5682071468167387
list:
dist: 1.335662425119867 vs. 1.335662425119867
list:
dist: 1.6230298875737945 vs. 1.6230298875737945
list:
dist: 0.744207353833925 vs. 0.744207353833925
list:
dist: 1.1564890747027914 vs. 1.1564890747027914
list:
dist: 2.0705972789036102 vs. 2.0705972789036102
list:
dist: 1.3712048892261834 vs. 1.3712048892261834
list:
dist: 1.5894973979891007 vs. 1.5894973979891007
list:
dist: 1.5279009846354548 vs. 1.5279009846354548
list:
dist: 1.3113554404536025 vs. 1.3113554404536025
list:
dist: 1.3831888752443522 vs. 1.3831888752443522
list:
dist: 2.4939671197553372 vs. 2.4939671197553372
list:
dist: 1.2714659691137882 vs. 1.2714659691137882
list:
dist: 2.1759236051784643 vs. 2.1759236051784643
list:
dist: 2.7546282205984474 vs. 2.7546282205984474
list:
dist: 2.4768948593445432 vs. 2.4768948593445432
list:
dist: 2.4890436829860496 vs. 2.4890436829860496
list:
dist: 1.4454639039491093 vs. 1.4454639039491093
list:
dist: 2.229128366629174 vs. 2.229128366629174
list:
dist: 2.228658403375004 vs. 2.228658403375004
list:
dist: 1.8002673375921017 vs. 1.8002673375921017
list:
dist: 2.5623928884120972 vs. 2.5623928884120972
list:
dist: 1.1564890747027914 vs. 1.1564890747027914
list:
dist: 1.5356773566132298 vs. 1.5356773566132298
list:
dist: 2.3805306080739195 vs. 2.3805306080739195
list:
dist: 1.7532070914671847 vs. 1.7532070914671847
list:
dist: 1.863663041337957 vs. 1.863663041337957
list:
dist: 2.289847684475358 vs. 2.289847684475358
list:
dist: 1.9879525690291102 vs. 1.9879525690291102
list:
dist: 1.3331163608446432 vs. 1.3331163608446432
list:
dist: 1.9840101699540857 vs. 1.9840101699540857
list:
dist: 0.8189537427423754 vs. 0.8189537427423754
list:
dist: 1.4249671275128453 vs. 1.4249671275128453
list:
dist: 2.3602392777794456 vs. 2.3602392777794456
list:
dist: 2.455149990297359 vs. 2.455149990297359
list:
dist: 2.508977576660478 vs. 2.508977576660478
list:
dist: 1.2402328641962619 vs. 1.2402328641962619
list:
dist: 1.3437333718354618 vs. 1.3437333718354618
list:
dist: 1.4054996973346559 vs. 1.4054996973346559
list:
dist: 1.1070332217283598 vs. 1.1070332217283598
list:
dist: 2.001349794466234 vs. 2.001349794466234
list:
dist: 2.4768948593445432 vs. 2.4768948593445432
list:
dist: 2.0728570423267687 vs. 2.0728570423267687
list:
dist: 2.455149990297359 vs. 2.455149990297359
list:
dist: 1.2935513533286498 vs. 1.2935513533286498
list:
dist: 2.072940174413698 vs. 2.072940174413698
list:
dist: 0.9565193495746933 vs. 0.9565193495746933
list:
dist: 1.8264700114711208 vs. 1.8264700114711208
list:
dist: 1.737193766446929 vs. 1.737193766446929
list:
dist: 2.2397017052798303 vs. 2.2397017052798303
list:
dist: 2.032167647972457 vs. 2.032167647972457
list:
dist: 1.9511450866495064 vs. 1.9511450866495064
list:
dist: 1.6523645275897 vs. 1.6523645275897
list:
dist: 1.2686320883812543 vs. 1.2686320883812543
list:
dist: 0.10798516933483251 vs. 0.10798516933483251
list:
dist: 1.3458487372833297 vs. 1.3458487372833297
list:
dist: 2.0878615722635017 vs. 2.0878615722635017
list:
dist: 1.8293289555743968 vs. 1.8293289555743968
list:
dist: 1.6071325479581722 vs. 1.6071325479581722
list:
dist: 1.580638185158565 vs. 1.580638185158565
list:
dist: 2.8177168145742453 vs. 2.8177168145742453
list:
dist: 2.954665878795292 vs. 2.954665878795292
list:
dist: 3.295121354277017 vs. 3.295121354277017
list:
dist: 3.2489871790320564 vs. 3.2489871790320564
list:
dist: 2.1759236051784643 vs. 2.1759236051784643
list:
dist: 2.2275488873099887 vs. 2.2275488873099887
list:
dist: 1.4249671275128453 vs. 1.4249671275128453
list:
dist: 2.2926866497393372 vs. 2.2926866497393372
list:
dist: 2.314163081782313 vs. 2.314163081782313
list:
dist: 1.6987450630961602 vs. 1.6987450630961602
list:
dist: 2.5997339179549397 vs. 2.5997339179549397
list:
dist: 2.3408303187203066 vs. 2.3408303187203066
list:
dist: 2.0259137979928 vs. 2.0259137979928
list:
dist: 1.8157590191440904 vs. 1.8157590191440904
list:
dist: 1.3843364519773935 vs. 1.3843364519773935
list:
dist: 1.6134890647916773 vs. 1.6134890647916773
list:
dist: 1.6523645275897 vs. 1.6523645275897
list:
dist: 1.7485511422633953 vs. 1.7485511422633953
list:
dist: 0.938539867198912 vs. 0.938539867198912
list:
dist: 1.0580004353215384 vs. 1.0580004353215384
list:
dist: 0.8203132155415397 vs. 0.8203132155415397
list:
dist: 0.7123887001779077 vs. 0.7123887001779077
list:
dist: 1.3805580938446962 vs. 1.3805580938446962
list:
dist: 4.161904486171483 vs. 4.161904486171483
list:
dist: 4.190113891464518 vs. 4.190113891464518
list:
dist: 4.546768867790335 vs. 4.546768867790335
list:
dist: 4.293067051496658 vs. 4.293067051496658
list:
dist: 2.4890436829860496 vs. 2.4890436829860496
list:
dist: 2.058631654858031 vs. 2.058631654858031
list:
dist: 2.508977576660478 vs. 2.508977576660478
list:
dist: 1.2289067529286075 vs. 1.2289067529286075
list:
dist: 2.0500687585615025 vs. 2.0500687585615025
list:
dist: 0.9400809197895055 vs. 0.9400809197895055
list:
dist: 1.7704909823635637 vs. 1.7704909823635637
list:
dist: 1.6958932812288003 vs. 1.6958932812288003
list:
dist: 2.2460699741823302 vs. 2.2460699741823302
list:
dist: 2.058616825376293 vs. 2.058616825376293
list:
dist: 1.9871637550715469 vs. 1.9871637550715469
list:
dist: 1.7485511422633953 vs. 1.7485511422633953
list:
dist: 1.3006000638828448 vs. 1.3006000638828448
list:
dist: 0.10798516933483251 vs. 0.10798516933483251
list:
dist: 1.4079625062735832 vs. 1.4079625062735832
list:
dist: 2.1554171958044432 vs. 2.1554171958044432
list:
dist: 1.903248705628897 vs. 1.903248705628897
list:
dist: 1.6758246030336907 vs. 1.6758246030336907
list:
dist: 1.6287983089728815 vs. 1.6287983089728815
list:
dist: 2.7700811728422385 vs. 2.7700811728422385
list:
dist: 2.9302957548121578 vs. 2.9302957548121578
list:
dist: 3.2724472974757988 vs. 3.2724472974757988
list:
dist: 3.2480437354691474 vs. 3.2480437354691474
list:
dist: 2.7546282205984474 vs. 2.7546282205984474
list:
dist: 2.3465073177174753 vs. 2.3465073177174753
list:
dist: 2.3602392777794456 vs. 2.3602392777794456
list:
dist: 1.5033442296133013 vs. 1.5033442296133013
list:
dist: 1.9752977726339649 vs. 1.9752977726339649
list:
dist: 1.6009341385181033 vs. 1.6009341385181033
list:
dist: 2.341806836498717 vs. 2.341806836498717
list:
dist: 2.139457633644306 vs. 2.139457633644306
list:
dist: 1.8800239580115283 vs. 1.8800239580115283
list:
dist: 0.9873746768951304 vs. 0.9873746768951304
list:
dist: 1.689230034540865 vs. 1.689230034540865
list:
dist: 1.6134890647916773 vs. 1.6134890647916773
list:
dist: 1.2686320883812543 vs. 1.2686320883812543
list:
dist: 1.3006000638828448 vs. 1.3006000638828448
list:
dist: 1.7918441273208632 vs. 1.7918441273208632
list:
dist: 1.3814253390156226 vs. 1.3814253390156226
list:
dist: 1.209918847680254 vs. 1.209918847680254
list:
dist: 1.3050879297095954 vs. 1.3050879297095954
list:
dist: 0.5163835024249487 vs. 0.5163835024249487
list:
dist: 2.9268722465510852 vs. 2.9268722465510852
list:
dist: 3.268714787109281 vs. 3.268714787109281
list:
dist: 3.8981066333503023 vs. 3.8981066333503023
list:
dist: 3.72782864242264 vs. 3.72782864242264
list:
dist: 2.9207236795387685 vs. 2.9207236795387685
list:
dist: 0.653771341236386 vs. 0.653771341236386
list:
dist: 0.7415298024811446 vs. 0.7415298024811446
list:
dist: 1.2525601470456438 vs. 1.2525601470456438
list:
dist: 2.645197980002486 vs. 2.645197980002486
list:
dist: 1.9728728435999876 vs. 1.9728728435999876
list:
dist: 2.184782426332065 vs. 2.184782426332065
list:
dist: 3.1017917669366466 vs. 3.1017917669366466
list:
dist: 1.3596642222821917 vs. 1.3596642222821917
list:
dist: 1.2165812080360954 vs. 1.2165812080360954
list:
dist: 1.4623876396622357 vs. 1.4623876396622357
list:
dist: 3.5527434178181574 vs. 3.5527434178181574
list:
dist: 4.197517871647436 vs. 4.197517871647436
list:
dist: 3.3608855017041535 vs. 3.3608855017041535
list:
dist: 3.4707063146865313 vs. 3.4707063146865313
list:
dist: 2.8236621339022965 vs. 2.8236621339022965
list:
dist: 3.3032246925525404 vs. 3.3032246925525404
list:
dist: 4.273096531846821 vs. 4.273096531846821
list:
dist: 3.9917979472641547 vs. 3.9917979472641547
list:
dist: 3.264522492350121 vs. 3.264522492350121
list:
dist: 3.7190864565297836 vs. 3.7190864565297836
list:
dist: 3.8066125895966625 vs. 3.8066125895966625
list:
dist: 3.8770994604656055 vs. 3.8770994604656055
list:
dist: 2.684575437391294 vs. 2.684575437391294
list:
dist: 2.430197707037609 vs. 2.430197707037609
list:
dist: 1.2525601470456438 vs. 1.2525601470456438
list:
dist: 0.8038219693846524 vs. 0.8038219693846524
list:
dist: 1.3844927049826041 vs. 1.3844927049826041
list:
dist: 2.3784369689428364 vs. 2.3784369689428364
list:
dist: 2.847121903329966 vs. 2.847121903329966
list:
dist: 3.0168625597248284 vs. 3.0168625597248284
list:
dist: 3.4739907641599865 vs. 3.4739907641599865
list:
dist: 3.18641742734045 vs. 3.18641742734045
list:
dist: 3.240955096690296 vs. 3.240955096690296
list:
dist: 2.7929225880535977 vs. 2.7929225880535977
list:
dist: 3.404315568246377 vs. 3.404315568246377
list:
dist: 3.740661322255583 vs. 3.740661322255583
list:
dist: 3.4111320936170864 vs. 3.4111320936170864
list:
dist: 3.9807310111149583 vs. 3.9807310111149583
list:
dist: 1.7174057763699753 vs. 1.7174057763699753
list:
dist: 1.4801969693576462 vs. 1.4801969693576462
list:
dist: 1.7246377949128608 vs. 1.7246377949128608
list:
dist: 2.7113132356147993 vs. 2.7113132356147993
list:
dist: 0.5415232069508112 vs. 0.5415232069508112
list:
dist: 0.5185362328902824 vs. 0.5185362328902824
list:
dist: 0.8578222703501878 vs. 0.8578222703501878
list:
dist: 3.422699430275104 vs. 3.422699430275104
list:
dist: 3.985968381051039 vs. 3.985968381051039
list:
dist: 3.8921309902827326 vs. 3.8921309902827326
list:
dist: 4.202042607636262 vs. 4.202042607636262
list:
dist: 3.3789506338676265 vs. 3.3789506338676265
list:
dist: 3.8016394141625884 vs. 3.8016394141625884
list:
dist: 3.921735226976163 vs. 3.921735226976163
list:
dist: 3.4030880738912845 vs. 3.4030880738912845
list:
dist: 3.2612493036904664 vs. 3.2612493036904664
list:
dist: 3.2887143942662522 vs. 3.2887143942662522
list:
dist: 4.530300958586335 vs. 4.530300958586335
list:
dist: 3.5550223560334993 vs. 3.5550223560334993
list:
dist: 2.9592685469988105 vs. 2.9592685469988105
list:
dist: 3.4468364498347412 vs. 3.4468364498347412
list:
dist: 2.5019594898642445 vs. 2.5019594898642445
list:
dist: 2.598095357961278 vs. 2.598095357961278
list:
dist: 3.5448274347661504 vs. 3.5448274347661504
list:
dist: 3.4735057711490276 vs. 3.4735057711490276
list:
dist: 3.829101034516739 vs. 3.829101034516739
list:
dist: 3.7644226379868893 vs. 3.7644226379868893
list:
dist: 4.209592405536007 vs. 4.209592405536007
list:
dist: 3.7563378637946103 vs. 3.7563378637946103
list:
dist: 3.544780148179726 vs. 3.544780148179726
list:
dist: 2.5623928884120972 vs. 2.5623928884120972
list:
dist: 2.254543839152683 vs. 2.254543839152683
list:
dist: 2.001349794466234 vs. 2.001349794466234
list:
dist: 1.7095907398437447 vs. 1.7095907398437447
list:
dist: 1.8817362219255163 vs. 1.8817362219255163
list:
dist: 1.7047560011681147 vs. 1.7047560011681147
list:
dist: 2.43411422004305 vs. 2.43411422004305
list:
dist: 2.1802640247645955 vs. 2.1802640247645955
list:
dist: 1.6230298875737945 vs. 1.6230298875737945
list:
dist: 0.6405431725480446 vs. 0.6405431725480446
list:
dist: 1.3725631716060493 vs. 1.3725631716060493
list:
dist: 1.3805580938446962 vs. 1.3805580938446962
list:
dist: 0.5163835024249487 vs. 0.5163835024249487
list:
dist: 1.580638185158565 vs. 1.580638185158565
list:
dist: 1.6287983089728815 vs. 1.6287983089728815
list:
dist: 1.6859903913837149 vs. 1.6859903913837149
list:
dist: 0.8919849665464075 vs. 0.8919849665464075
list:
dist: 0.7740033226592182 vs. 0.7740033226592182
list:
dist: 0.9769636092658369 vs. 0.9769636092658369
list:
dist: 2.229128366629174 vs. 2.229128366629174
list:
dist: 2.181278309259974 vs. 2.181278309259974
list:
dist: 1.3437333718354618 vs. 1.3437333718354618
list:
dist: 2.2025017836743563 vs. 2.2025017836743563
list:
dist: 1.9617679829825678 vs. 1.9617679829825678
list:
dist: 1.9515778951321 vs. 1.9515778951321
list:
dist: 2.6487354253260085 vs. 2.6487354253260085
list:
dist: 2.3423912732746577 vs. 2.3423912732746577
list:
dist: 1.475454460533007 vs. 1.475454460533007
list:
dist: 0.9953302853047905 vs. 0.9953302853047905
list:
dist: 1.0162192062782296 vs. 1.0162192062782296
list:
dist: 1.0580004353215384 vs. 1.0580004353215384
list:
dist: 1.3814253390156226 vs. 1.3814253390156226
list:
dist: 2.0878615722635017 vs. 2.0878615722635017
list:
dist: 2.1554171958044432 vs. 2.1554171958044432
list:
dist: 1.5294585440823198 vs. 1.5294585440823198
list:
dist: 0.3003697071413088 vs. 0.3003697071413088
list:
dist: 0.6326011814584397 vs. 0.6326011814584397
list:
dist: 0.8919849665464075 vs. 0.8919849665464075
list:
dist: 2.4939671197553372 vs. 2.4939671197553372
list:
dist: 2.156807895179794 vs. 2.156807895179794
list:
dist: 1.9840101699540857 vs. 1.9840101699540857
list:
dist: 1.731407790693693 vs. 1.731407790693693
list:
dist: 1.627139018077116 vs. 1.627139018077116
list:
dist: 1.9066371365502512 vs. 1.9066371365502512
list:
dist: 2.409460078360466 vs. 2.409460078360466
list:
dist: 2.1398423686719075 vs. 2.1398423686719075
list:
dist: 1.2881941695987438 vs. 1.2881941695987438
list:
dist: 1.27961051229457 vs. 1.27961051229457
list:
dist: 1.8157590191440904 vs. 1.8157590191440904
list:
dist: 0.9873746768951304 vs. 0.9873746768951304
list:
dist: 2.032167647972457 vs. 2.032167647972457
list:
dist: 2.058616825376293 vs. 2.058616825376293
list:
dist: 1.986602850217709 vs. 1.986602850217709
list:
dist: 0.9953302853047905 vs. 0.9953302853047905
list:
dist: 1.0630853043682251 vs. 1.0630853043682251
list:
dist: 1.2264006435811134 vs. 1.2264006435811134
list:
dist: 0.6405431725480446 vs. 0.6405431725480446
list:
dist: 2.228658403375004 vs. 2.228658403375004
list:
dist: 2.152821593610239 vs. 2.152821593610239
list:
dist: 1.4054996973346559 vs. 1.4054996973346559
list:
dist: 2.085379932333114 vs. 2.085379932333114
list:
dist: 1.9778963872290332 vs. 1.9778963872290332
list:
dist: 1.7794199909929598 vs. 1.7794199909929598
list:
dist: 2.556998067102253 vs. 2.556998067102253
list:
dist: 2.263491923377211 vs. 2.263491923377211
list:
dist: 1.5682071468167387 vs. 1.5682071468167387
list:
dist: 1.0630853043682251 vs. 1.0630853043682251
list:
dist: 1.0578626335441155 vs. 1.0578626335441155
list:
dist: 0.8203132155415397 vs. 0.8203132155415397
list:
dist: 1.209918847680254 vs. 1.209918847680254
list:
dist: 1.8293289555743968 vs. 1.8293289555743968
list:
dist: 1.903248705628897 vs. 1.903248705628897
list:
dist: 1.3414510980779462 vs. 1.3414510980779462
list:
dist: 0.3003697071413088 vs. 0.3003697071413088
list:
dist: 0.47103783132359683 vs. 0.47103783132359683
list:
dist: 0.7740033226592182 vs. 0.7740033226592182
list:
dist: 1.8002673375921017 vs. 1.8002673375921017
list:
dist: 1.7351603941781581 vs. 1.7351603941781581
list:
dist: 1.1070332217283598 vs. 1.1070332217283598
list:
dist: 1.818009494521181 vs. 1.818009494521181
list:
dist: 1.6752565809140332 vs. 1.6752565809140332
list:
dist: 1.389321951536719 vs. 1.389321951536719
list:
dist: 2.1627155566273175 vs. 2.1627155566273175
list:
dist: 1.8686381116128319 vs. 1.8686381116128319
list:
dist: 1.335662425119867 vs. 1.335662425119867
list:
dist: 1.2264006435811134 vs. 1.2264006435811134
list:
dist: 0.736924075928404 vs. 0.736924075928404
list:
dist: 0.7123887001779077 vs. 0.7123887001779077
list:
dist: 1.3050879297095954 vs. 1.3050879297095954
list:
dist: 1.6071325479581722 vs. 1.6071325479581722
list:
dist: 1.6758246030336907 vs. 1.6758246030336907
list:
dist: 0.9041900748892328 vs. 0.9041900748892328
list:
dist: 0.6326011814584397 vs. 0.6326011814584397
list:
dist: 0.47103783132359683 vs. 0.47103783132359683
list:
dist: 0.9769636092658369 vs. 0.9769636092658369
list:
dist: 1.3712048892261834 vs. 1.3712048892261834
list:
dist: 0.7612720134637312 vs. 0.7612720134637312
list:
dist: 1.7532070914671847 vs. 1.7532070914671847
list:
dist: 1.0870390980371873 vs. 1.0870390980371873
list:
dist: 1.2745212922790208 vs. 1.2745212922790208
list:
dist: 1.059759731317503 vs. 1.059759731317503
list:
dist: 0.7976648332042795 vs. 0.7976648332042795
list:
dist: 0.6451731104672431 vs. 0.6451731104672431
list:
dist: 1.627139018077116 vs. 1.627139018077116
list:
dist: 1.1049315158787112 vs. 1.1049315158787112
list:
dist: 2.314163081782313 vs. 2.314163081782313
list:
dist: 1.9752977726339649 vs. 1.9752977726339649
list:
dist: 2.072940174413698 vs. 2.072940174413698
list:
dist: 2.0500687585615025 vs. 2.0500687585615025
list:
dist: 1.7499910248950696 vs. 1.7499910248950696
list:
dist: 1.9617679829825678 vs. 1.9617679829825678
list:
dist: 1.9778963872290332 vs. 1.9778963872290332
list:
dist: 1.6752565809140332 vs. 1.6752565809140332
list:
dist: 1.8817362219255163 vs. 1.8817362219255163
list:
dist: 4.251308518623215 vs. 4.251308518623215
list:
dist: 4.733997984758447 vs. 4.733997984758447
list:
dist: 5.2052981687244175 vs. 5.2052981687244175
list:
dist: 4.880786513098764 vs. 4.880786513098764
list:
dist: 3.1017917669366466 vs. 3.1017917669366466
list:
dist: 2.7032842574273657 vs. 2.7032842574273657
list:
dist: 2.5931142701824643 vs. 2.5931142701824643
list:
dist: 2.7113132356147993 vs. 2.7113132356147993
list:
dist: 3.636285027560739 vs. 3.636285027560739
list:
dist: 1.4776167947519774 vs. 1.4776167947519774
list:
dist: 0.9929592597488269 vs. 0.9929592597488269
list:
dist: 2.1768248527995677 vs. 2.1768248527995677
list:
dist: 2.2392034293614693 vs. 2.2392034293614693
list:
dist: 2.138649852255333 vs. 2.138649852255333
list:
dist: 4.463527633003553 vs. 4.463527633003553
list:
dist: 5.103573497164381 vs. 5.103573497164381
list:
dist: 3.964701418196014 vs. 3.964701418196014
list:
dist: 4.533787183764762 vs. 4.533787183764762
list:
dist: 3.969233465862831 vs. 3.969233465862831
list:
dist: 2.184782426332065 vs. 2.184782426332065
list:
dist: 1.751915190937441 vs. 1.751915190937441
list:
dist: 1.7449511252941776 vs. 1.7449511252941776
list:
dist: 1.7246377949128608 vs. 1.7246377949128608
list:
dist: 2.812317869952191 vs. 2.812317869952191
list:
dist: 0.7071768100048997 vs. 0.7071768100048997
list:
dist: 0.9929592597488269 vs. 0.9929592597488269
list:
dist: 1.1887657577209634 vs. 1.1887657577209634
list:
dist: 1.2471082200478023 vs. 1.2471082200478023
list:
dist: 1.2158370520255495 vs. 1.2158370520255495
list:
dist: 3.7999978730180155 vs. 3.7999978730180155
list:
dist: 4.428002901432032 vs. 4.428002901432032
list:
dist: 3.3023054184810285 vs. 3.3023054184810285
list:
dist: 3.764741044708314 vs. 3.764741044708314
list:
dist: 3.4586451141132106 vs. 3.4586451141132106
list:
dist: 1.9728728435999876 vs. 1.9728728435999876
list:
dist: 1.4146674658743217 vs. 1.4146674658743217
list:
dist: 1.769437157788639 vs. 1.769437157788639
list:
dist: 1.4801969693576462 vs. 1.4801969693576462
list:
dist: 2.871430572350292 vs. 2.871430572350292
list:
dist: 0.7071768100048997 vs. 0.7071768100048997
list:
dist: 1.4776167947519774 vs. 1.4776167947519774
list:
dist: 0.9809984604166506 vs. 0.9809984604166506
list:
dist: 1.046644076380596 vs. 1.046644076380596
list:
dist: 0.711721586544453 vs. 0.711721586544453
list:
dist: 3.1430931454295585 vs. 3.1430931454295585
list:
dist: 3.8334407818376217 vs. 3.8334407818376217
list:
dist: 2.7205901971549236 vs. 2.7205901971549236
list:
dist: 3.2450262734548585 vs. 3.2450262734548585
list:
dist: 2.8699204928382813 vs. 2.8699204928382813
list:
dist: 1.3596642222821917 vs. 1.3596642222821917
list:
dist: 0.8269493545640545 vs. 0.8269493545640545
list:
dist: 1.2649282027839974 vs. 1.2649282027839974
list:
dist: 0.5415232069508112 vs. 0.5415232069508112
list:
dist: 2.017281940647692 vs. 2.017281940647692
list:
dist: 0.9809984604166506 vs. 0.9809984604166506
list:
dist: 1.1887657577209634 vs. 1.1887657577209634
list:
dist: 2.1768248527995677 vs. 2.1768248527995677
list:
dist: 0.14587122605918204 vs. 0.14587122605918204
list:
dist: 0.515169895127636 vs. 0.515169895127636
list:
dist: 3.108715992225003 vs. 3.108715992225003
list:
dist: 3.671963297409975 vs. 3.671963297409975
list:
dist: 2.636070189099657 vs. 2.636070189099657
list:
dist: 2.890800458512882 vs. 2.890800458512882
list:
dist: 2.811128216455835 vs. 2.811128216455835
list:
dist: 1.4623876396622357 vs. 1.4623876396622357
list:
dist: 0.8263520263955814 vs. 0.8263520263955814
list:
dist: 1.4812322014907695 vs. 1.4812322014907695
list:
dist: 0.8578222703501878 vs. 0.8578222703501878
list:
dist: 2.454973313677275 vs. 2.454973313677275
list:
dist: 0.711721586544453 vs. 0.711721586544453
list:
dist: 1.2158370520255495 vs. 1.2158370520255495
list:
dist: 2.138649852255333 vs. 2.138649852255333
list:
dist: 0.515169895127636 vs. 0.515169895127636
list:
dist: 0.5530129642583148 vs. 0.5530129642583148
list:
dist: 2.779503721830332 vs. 2.779503721830332
list:
dist: 3.4392984922520666 vs. 3.4392984922520666
list:
dist: 2.3838117650488586 vs. 2.3838117650488586
list:
dist: 2.7682837016255406 vs. 2.7682837016255406
list:
dist: 2.868982656186685 vs. 2.868982656186685
list:
dist: 1.2165812080360954 vs. 1.2165812080360954
list:
dist: 0.7044822915294595 vs. 0.7044822915294595
list:
dist: 1.1312358570744128 vs. 1.1312358570744128
list:
dist: 0.5185362328902824 vs. 0.5185362328902824
list:
dist: 2.048996212134014 vs. 2.048996212134014
list:
dist: 1.046644076380596 vs. 1.046644076380596
list:
dist: 1.2471082200478023 vs. 1.2471082200478023
list:
dist: 2.2392034293614693 vs. 2.2392034293614693
list:
dist: 0.14587122605918204 vs. 0.14587122605918204
list:
dist: 0.5530129642583148 vs. 0.5530129642583148
list:
dist: 3.1569936725947363 vs. 3.1569936725947363
list:
dist: 3.733199094063789 vs. 3.733199094063789
list:
dist: 2.7140807042519337 vs. 2.7140807042519337
list:
dist: 2.952260148673277 vs. 2.952260148673277
list:
dist: 3.5119138476389353 vs. 3.5119138476389353
list:
dist: 0.7415298024811446 vs. 0.7415298024811446
list:
dist: 0.9603193915112144 vs. 0.9603193915112144
list:
dist: 1.3844927049826041 vs. 1.3844927049826041
list:
dist: 2.618903427046195 vs. 2.618903427046195
list:
dist: 1.769437157788639 vs. 1.769437157788639
list:
dist: 1.7449511252941776 vs. 1.7449511252941776
list:
dist: 2.5931142701824643 vs. 2.5931142701824643
list:
dist: 1.2649282027839974 vs. 1.2649282027839974
list:
dist: 1.1312358570744128 vs. 1.1312358570744128
list:
dist: 1.4812322014907695 vs. 1.4812322014907695
list:
dist: 4.0167374559472275 vs. 4.0167374559472275
list:
dist: 4.661096879568738 vs. 4.661096879568738
list:
dist: 3.7171807647705353 vs. 3.7171807647705353
list:
dist: 3.8984325031248312 vs. 3.8984325031248312
list:
dist: 2.6737905555497288 vs. 2.6737905555497288
list:
dist: 0.653771341236386 vs. 0.653771341236386
list:
dist: 0.9603193915112144 vs. 0.9603193915112144
list:
dist: 0.8038219693846524 vs. 0.8038219693846524
list:
dist: 2.457919992252091 vs. 2.457919992252091
list:
dist: 1.4146674658743217 vs. 1.4146674658743217
list:
dist: 1.751915190937441 vs. 1.751915190937441
list:
dist: 2.7032842574273657 vs. 2.7032842574273657
list:
dist: 0.8269493545640545 vs. 0.8269493545640545
list:
dist: 0.7044822915294595 vs. 0.7044822915294595
list:
dist: 0.8263520263955814 vs. 0.8263520263955814
list:
dist: 3.059841524068961 vs. 3.059841524068961
list:
dist: 3.7196258508960236 vs. 3.7196258508960236
list:
dist: 2.801295653792912 vs. 2.801295653792912
list:
dist: 3.0072485116099927 vs. 3.0072485116099927
list:
dist: 3.5266094461119915 vs. 3.5266094461119915
list:
dist: 3.4926716333017698 vs. 3.4926716333017698
list:
dist: 2.261511088439955 vs. 2.261511088439955
list:
dist: 2.953655427081385 vs. 2.953655427081385
list:
dist: 3.6338726348625388 vs. 3.6338726348625388
list:
dist: 2.026615241069891 vs. 2.026615241069891
list:
dist: 1.3902452839717525 vs. 1.3902452839717525
list:
dist: 0.4610173297790142 vs. 0.4610173297790142
list:
dist: 0.772053014955919 vs. 0.772053014955919
list:
dist: 1.6514886941632219 vs. 1.6514886941632219
list:
dist: 0.8655300704687636 vs. 0.8655300704687636
list:
dist: 1.3455230611449096 vs. 1.3455230611449096
list:
dist: 1.7295555879748414 vs. 1.7295555879748414
list:
dist: 2.2921923300638314 vs. 2.2921923300638314
list:
dist: 2.869200530644349 vs. 2.869200530644349
list:
dist: 1.7913693653936693 vs. 1.7913693653936693
list:
dist: 2.450316460748426 vs. 2.450316460748426
list:
dist: 2.4948193245353214 vs. 2.4948193245353214
list:
dist: 1.9758582620677656 vs. 1.9758582620677656
list:
dist: 2.068400538442928 vs. 2.068400538442928
list:
dist: 2.05223108145622 vs. 2.05223108145622
list:
dist: 3.1164572738937224 vs. 3.1164572738937224
list:
dist: 2.893935825938652 vs. 2.893935825938652
list:
dist: 2.374193413662436 vs. 2.374193413662436
list:
dist: 2.937965718496817 vs. 2.937965718496817
list:
dist: 2.9388125702734014 vs. 2.9388125702734014
list:
dist: 3.264522492350121 vs. 3.264522492350121
list:
dist: 3.060026848662331 vs. 3.060026848662331
list:
dist: 2.1017179341102925 vs. 2.1017179341102925
list:
dist: 1.3361810363588995 vs. 1.3361810363588995
list:
dist: 1.5054052068478143 vs. 1.5054052068478143
list:
dist: 1.542780556999874 vs. 1.542780556999874
list:
dist: 2.321937863226491 vs. 2.321937863226491
list:
dist: 1.6100903217909428 vs. 1.6100903217909428
list:
dist: 2.1050793208922647 vs. 2.1050793208922647
list:
dist: 1.3031120447683024 vs. 1.3031120447683024
list:
dist: 0.8397497323566379 vs. 0.8397497323566379
list:
dist: 2.511513818888801 vs. 2.511513818888801
list:
dist: 1.1002506190331958 vs. 1.1002506190331958
list:
dist: 1.1918820371106187 vs. 1.1918820371106187
list:
dist: 2.1582511218915656 vs. 2.1582511218915656
list:
dist: 1.8563212270192542 vs. 1.8563212270192542
list:
dist: 2.3301861085570477 vs. 2.3301861085570477
list:
dist: 3.001512170927938 vs. 3.001512170927938
list:
dist: 2.610574798310206 vs. 2.610574798310206
list:
dist: 2.844719575602982 vs. 2.844719575602982
list:
dist: 1.9834223927805639 vs. 1.9834223927805639
list:
dist: 3.1046906151496696 vs. 3.1046906151496696
list:
dist: 2.898804002870488 vs. 2.898804002870488
list:
dist: 2.512716308818585 vs. 2.512716308818585
list:
dist: 2.191075528531588 vs. 2.191075528531588
list:
dist: 3.071158720308516 vs. 3.071158720308516
list:
dist: 2.0676929260888923 vs. 2.0676929260888923
list:
dist: 3.074873098821997 vs. 3.074873098821997
list:
dist: 2.84084445547372 vs. 2.84084445547372
list:
dist: 2.175982562653768 vs. 2.175982562653768
list:
dist: 2.732375774757371 vs. 2.732375774757371
list:
dist: 3.236397637345584 vs. 3.236397637345584
list:
dist: 1.766759459736277 vs. 1.766759459736277
list:
dist: 1.0858253401306748 vs. 1.0858253401306748
list:
dist: 0.772053014955919 vs. 0.772053014955919
list:
dist: 0.6375479995399632 vs. 0.6375479995399632
list:
dist: 1.0830708456032547 vs. 1.0830708456032547
list:
dist: 1.5031262381222807 vs. 1.5031262381222807
list:
dist: 2.1121312554439826 vs. 2.1121312554439826
list:
dist: 1.2933134145819583 vs. 1.2933134145819583
list:
dist: 1.6540259993276578 vs. 1.6540259993276578
list:
dist: 2.406392215010867 vs. 2.406392215010867
list:
dist: 1.8905031189667494 vs. 1.8905031189667494
list:
dist: 2.500746044014945 vs. 2.500746044014945
list:
dist: 2.344004208228194 vs. 2.344004208228194
list:
dist: 1.6403404304192013 vs. 1.6403404304192013
list:
dist: 1.9414139928981788 vs. 1.9414139928981788
list:
dist: 1.7815948172135467 vs. 1.7815948172135467
list:
dist: 3.182131000354538 vs. 3.182131000354538
list:
dist: 2.7903270743341224 vs. 2.7903270743341224
list:
dist: 2.106088516830222 vs. 2.106088516830222
list:
dist: 2.845995415403049 vs. 2.845995415403049
list:
dist: 2.5413420158056397 vs. 2.5413420158056397
list:
dist: 3.8066125895966625 vs. 3.8066125895966625
list:
dist: 3.2699847323540783 vs. 3.2699847323540783
list:
dist: 2.274063921180259 vs. 2.274063921180259
list:
dist: 1.8039081044775156 vs. 1.8039081044775156
list:
dist: 1.387111589353347 vs. 1.387111589353347
list:
dist: 1.1518699035772098 vs. 1.1518699035772098
list:
dist: 2.8801563647818806 vs. 2.8801563647818806
list:
dist: 2.021393536218056 vs. 2.021393536218056
list:
dist: 2.557149280537301 vs. 2.557149280537301
list:
dist: 1.96513587477641 vs. 1.96513587477641
list:
dist: 1.266993562776853 vs. 1.266993562776853
list:
dist: 2.9530751852130845 vs. 2.9530751852130845
list:
dist: 1.387973636722605 vs. 1.387973636722605
list:
dist: 1.4509717585889967 vs. 1.4509717585889967
list:
dist: 2.6340032283055583 vs. 2.6340032283055583
list:
dist: 1.9504856663016858 vs. 1.9504856663016858
list:
dist: 2.985766387114094 vs. 2.985766387114094
list:
dist: 3.7078093199982196 vs. 3.7078093199982196
list:
dist: 3.2116126907538223 vs. 3.2116126907538223
list:
dist: 3.4853159726028045 vs. 3.4853159726028045
list:
dist: 2.598657115205735 vs. 2.598657115205735
list:
dist: 3.2231242755215654 vs. 3.2231242755215654
list:
dist: 3.188269140310533 vs. 3.188269140310533
list:
dist: 2.5922086969432723 vs. 2.5922086969432723
list:
dist: 2.0380283945422804 vs. 2.0380283945422804
list:
dist: 3.1680244017621098 vs. 3.1680244017621098
list:
dist: 2.1578858898329063 vs. 2.1578858898329063
list:
dist: 1.7700786573709812 vs. 1.7700786573709812
list:
dist: 0.8168618982947271 vs. 0.8168618982947271
list:
dist: 1.542780556999874 vs. 1.542780556999874
list:
dist: 1.1647076094532054 vs. 1.1647076094532054
list:
dist: 1.1518699035772098 vs. 1.1518699035772098
list:
dist: 1.968559632378837 vs. 1.968559632378837
list:
dist: 2.0103570919403415 vs. 2.0103570919403415
list:
dist: 1.372648370035106 vs. 1.372648370035106
list:
dist: 1.9700925210839428 vs. 1.9700925210839428
list:
dist: 2.6136246473496114 vs. 2.6136246473496114
list:
dist: 2.7379960606787255 vs. 2.7379960606787255
list:
dist: 2.871547883341844 vs. 2.871547883341844
list:
dist: 3.044792811406631 vs. 3.044792811406631
list:
dist: 2.247365234764845 vs. 2.247365234764845
list:
dist: 2.3595348139799035 vs. 2.3595348139799035
list:
dist: 2.6413725213278068 vs. 2.6413725213278068
list:
dist: 3.603539064460123 vs. 3.603539064460123
list:
dist: 3.0605385261942017 vs. 3.0605385261942017
list:
dist: 2.2904036908021523 vs. 2.2904036908021523
list:
dist: 3.0985833893662607 vs. 3.0985833893662607
list:
dist: 3.036000728482188 vs. 3.036000728482188
list:
dist: 1.7503112432210377 vs. 1.7503112432210377
list:
dist: 1.8372651398439113 vs. 1.8372651398439113
list:
dist: 0.8470062105414103 vs. 0.8470062105414103
list:
dist: 2.6474680195071927 vs. 2.6474680195071927
list:
dist: 1.7026088344563488 vs. 1.7026088344563488
list:
dist: 2.1817869918962645 vs. 2.1817869918962645
list:
dist: 2.113329806287439 vs. 2.113329806287439
list:
dist: 1.394955521058776 vs. 1.394955521058776
list:
dist: 2.593266571033928 vs. 2.593266571033928
list:
dist: 1.3946888693305985 vs. 1.3946888693305985
list:
dist: 1.540339102957384 vs. 1.540339102957384
list:
dist: 2.5083783482138537 vs. 2.5083783482138537
list:
dist: 1.1784411550724807 vs. 1.1784411550724807
list:
dist: 2.9529771095222808 vs. 2.9529771095222808
list:
dist: 3.15323375691301 vs. 3.15323375691301
list:
dist: 3.0221908838415144 vs. 3.0221908838415144
list:
dist: 2.2957896792841526 vs. 2.2957896792841526
list:
dist: 1.9727611175075923 vs. 1.9727611175075923
list:
dist: 2.7481228529299178 vs. 2.7481228529299178
list:
dist: 1.8519226284908008 vs. 1.8519226284908008
list:
dist: 3.4992320648230955 vs. 3.4992320648230955
list:
dist: 2.8879899770021282 vs. 2.8879899770021282
list:
dist: 3.4631209862616936 vs. 3.4631209862616936
list:
dist: 2.5594102946583135 vs. 2.5594102946583135
list:
dist: 2.394201018035472 vs. 2.394201018035472
list:
dist: 1.5323707092251844 vs. 1.5323707092251844
list:
dist: 1.8563212270192542 vs. 1.8563212270192542
list:
dist: 1.5840949816549457 vs. 1.5840949816549457
list:
dist: 1.9504856663016858 vs. 1.9504856663016858
list:
dist: 2.920185478494271 vs. 2.920185478494271
list:
dist: 1.9069023996025403 vs. 1.9069023996025403
list:
dist: 2.4519388230209676 vs. 2.4519388230209676
list:
dist: 2.091208921081507 vs. 2.091208921081507
list:
dist: 2.9546668897130046 vs. 2.9546668897130046
list:
dist: 3.352527220897762 vs. 3.352527220897762
list:
dist: 3.1500948563837103 vs. 3.1500948563837103
list:
dist: 3.0533627217058843 vs. 3.0533627217058843
list:
dist: 3.6091895045852564 vs. 3.6091895045852564
list:
dist: 2.952083262311423 vs. 2.952083262311423
list:
dist: 2.7814599482652347 vs. 2.7814599482652347
list:
dist: 3.374329009337591 vs. 3.374329009337591
list:
dist: 3.772947663413954 vs. 3.772947663413954
list:
dist: 3.3597967304208005 vs. 3.3597967304208005
list:
dist: 2.779342618389523 vs. 2.779342618389523
list:
dist: 3.372517545661654 vs. 3.372517545661654
list:
dist: 3.7898841145194493 vs. 3.7898841145194493
list:
dist: 4.530300958586335 vs. 4.530300958586335
list:
dist: 4.383105694576415 vs. 4.383105694576415
list:
dist: 1.2760284783501807 vs. 1.2760284783501807
list:
dist: 1.5171400151709273 vs. 1.5171400151709273
list:
dist: 1.159492206242147 vs. 1.159492206242147
list:
dist: 1.1784411550724807 vs. 1.1784411550724807
list:
dist: 1.6569835244659477 vs. 1.6569835244659477
list:
dist: 0.8193692372588642 vs. 0.8193692372588642
list:
dist: 1.155926560112607 vs. 1.155926560112607
list:
dist: 1.5956325477533537 vs. 1.5956325477533537
list:
dist: 1.3161692897947863 vs. 1.3161692897947863
list:
dist: 1.566467971614026 vs. 1.566467971614026
list:
dist: 1.220161755063346 vs. 1.220161755063346
list:
dist: 1.4373991919323448 vs. 1.4373991919323448
list:
dist: 1.7378873930784569 vs. 1.7378873930784569
list:
dist: 2.076720994570599 vs. 2.076720994570599
list:
dist: 3.039266225581948 vs. 3.039266225581948
list:
dist: 2.17159593660411 vs. 2.17159593660411
list:
dist: 2.9852817844721153 vs. 2.9852817844721153
list:
dist: 2.2023058873247545 vs. 2.2023058873247545
list:
dist: 2.9278499560899216 vs. 2.9278499560899216
list:
dist: 2.462110994405497 vs. 2.462110994405497
list:
dist: 1.988270400823478 vs. 1.988270400823478
list:
dist: 2.2155423653442172 vs. 2.2155423653442172
list:
dist: 2.276915587945948 vs. 2.276915587945948
list:
dist: 1.554561459809157 vs. 1.554561459809157
list:
dist: 2.377074024369476 vs. 2.377074024369476
list:
dist: 1.805700557838162 vs. 1.805700557838162
list:
dist: 2.3979050653001055 vs. 2.3979050653001055
list:
dist: 1.5814896177029334 vs. 1.5814896177029334
list:
dist: 1.2370327435296398 vs. 1.2370327435296398
list:
dist: 0.46714856025304347 vs. 0.46714856025304347
list:
dist: 1.5054052068478143 vs. 1.5054052068478143
list:
dist: 1.0581040740407808 vs. 1.0581040740407808
list:
dist: 1.387111589353347 vs. 1.387111589353347
list:
dist: 2.39653933259459 vs. 2.39653933259459
list:
dist: 2.0555607650440733 vs. 2.0555607650440733
list:
dist: 2.116995833845341 vs. 2.116995833845341
list:
dist: 2.6757277137698 vs. 2.6757277137698
list:
dist: 3.390945595114519 vs. 3.390945595114519
list:
dist: 3.1224676695931053 vs. 3.1224676695931053
list:
dist: 3.4358980231756013 vs. 3.4358980231756013
list:
dist: 3.6069945147277944 vs. 3.6069945147277944
list:
dist: 2.8628406449289714 vs. 2.8628406449289714
list:
dist: 2.9785363589710543 vs. 2.9785363589710543
list:
dist: 3.1360506100460945 vs. 3.1360506100460945
list:
dist: 4.1709822358533755 vs. 4.1709822358533755
list:
dist: 3.731024734892976 vs. 3.731024734892976
list:
dist: 3.0181522657787845 vs. 3.0181522657787845
list:
dist: 3.7676364021753432 vs. 3.7676364021753432
list:
dist: 3.7294702140989124 vs. 3.7294702140989124
list:
dist: 1.0133155705065178 vs. 1.0133155705065178
list:
dist: 1.2113941332600162 vs. 1.2113941332600162
list:
dist: 0.8470062105414103 vs. 0.8470062105414103
list:
dist: 2.288971233445426 vs. 2.288971233445426
list:
dist: 1.5217410996605776 vs. 1.5217410996605776
list:
dist: 1.8290833378444364 vs. 1.8290833378444364
list:
dist: 1.7529610060454048 vs. 1.7529610060454048
list:
dist: 0.9807948839183334 vs. 0.9807948839183334
list:
dist: 2.5648825243562197 vs. 2.5648825243562197
list:
dist: 1.6402388624738413 vs. 1.6402388624738413
list:
dist: 1.8645076734218948 vs. 1.8645076734218948
list:
dist: 2.5983092697245507 vs. 2.5983092697245507
list:
dist: 1.159492206242147 vs. 1.159492206242147
list:
dist: 2.608967335236381 vs. 2.608967335236381
list:
dist: 3.7066826275405016 vs. 3.7066826275405016
list:
dist: 3.3907249517695988 vs. 3.3907249517695988
list:
dist: 2.829185409957569 vs. 2.829185409957569
list:
dist: 2.669923305625562 vs. 2.669923305625562
list:
dist: 3.2501506730336804 vs. 3.2501506730336804
list:
dist: 2.347830184483367 vs. 2.347830184483367
list:
dist: 3.216480317116558 vs. 3.216480317116558
list:
dist: 2.935239505998316 vs. 2.935239505998316
list:
dist: 3.440070768545671 vs. 3.440070768545671
list:
dist: 2.730954895106426 vs. 2.730954895106426
list:
dist: 3.6653628281741066 vs. 3.6653628281741066
list:
dist: 3.4749590174126963 vs. 3.4749590174126963
list:
dist: 2.577455704817611 vs. 2.577455704817611
list:
dist: 3.214214593013513 vs. 3.214214593013513
list:
dist: 3.8034392560924517 vs. 3.8034392560924517
list:
dist: 1.6459930662852762 vs. 1.6459930662852762
list:
dist: 0.9336357061647623 vs. 0.9336357061647623
list:
dist: 0.4610173297790142 vs. 0.4610173297790142
list:
dist: 0.6375479995399632 vs. 0.6375479995399632
list:
dist: 1.697778161769338 vs. 1.697778161769338
list:
dist: 1.2044374538069718 vs. 1.2044374538069718
list:
dist: 1.6904034596580542 vs. 1.6904034596580542
list:
dist: 1.6875646099629638 vs. 1.6875646099629638
list:
dist: 2.24714421542189 vs. 2.24714421542189
list:
dist: 2.911984387279641 vs. 2.911984387279641
list:
dist: 2.1506774876129313 vs. 2.1506774876129313
list:
dist: 2.7015374824766503 vs. 2.7015374824766503
list:
dist: 2.7582910886810694 vs. 2.7582910886810694
list:
dist: 2.1280205131496763 vs. 2.1280205131496763
list:
dist: 2.261473290802593 vs. 2.261473290802593
list:
dist: 2.2774977436135635 vs. 2.2774977436135635
list:
dist: 3.4016571997096805 vs. 3.4016571997096805
list:
dist: 3.0857439857903803 vs. 3.0857439857903803
list:
dist: 2.4702865200901005 vs. 2.4702865200901005
list:
dist: 3.1298291600434336 vs. 3.1298291600434336
list:
dist: 3.072895257217513 vs. 3.072895257217513
list:
dist: 3.7190864565297836 vs. 3.7190864565297836
list:
dist: 3.469986802788322 vs. 3.469986802788322
list:
dist: 1.7580058343316833 vs. 1.7580058343316833
list:
dist: 1.172790587018492 vs. 1.172790587018492
list:
dist: 1.0581040740407808 vs. 1.0581040740407808
list:
dist: 1.1647076094532054 vs. 1.1647076094532054
list:
dist: 2.2991484139126275 vs. 2.2991484139126275
list:
dist: 1.5116141320416725 vs. 1.5116141320416725
list:
dist: 1.9928206765692702 vs. 1.9928206765692702
list:
dist: 1.3695621109519573 vs. 1.3695621109519573
list:
dist: 0.6342829172001788 vs. 0.6342829172001788
list:
dist: 2.5161060294186908 vs. 2.5161060294186908
list:
dist: 1.1405662067393256 vs. 1.1405662067393256
list:
dist: 1.294506341981127 vs. 1.294506341981127
list:
dist: 2.2719084747363443 vs. 2.2719084747363443
list:
dist: 1.5840949816549457 vs. 1.5840949816549457
list:
dist: 2.40970565756544 vs. 2.40970565756544
list:
dist: 3.221208277332972 vs. 3.221208277332972
list:
dist: 2.7229328401466044 vs. 2.7229328401466044
list:
dist: 3.1144462380748976 vs. 3.1144462380748976
list:
dist: 2.2310971783824742 vs. 2.2310971783824742
list:
dist: 3.256416672054228 vs. 3.256416672054228
list:
dist: 3.0324731383291583 vs. 3.0324731383291583
list:
dist: 2.5562721848925545 vs. 2.5562721848925545
list:
dist: 2.2430413410247194 vs. 2.2430413410247194
list:
dist: 3.0925542876305996 vs. 3.0925542876305996
list:
dist: 2.0816491571995233 vs. 2.0816491571995233
list:
dist: 0.9908105148748761 vs. 0.9908105148748761
list:
dist: 2.026615241069891 vs. 2.026615241069891
list:
dist: 1.6459930662852762 vs. 1.6459930662852762
list:
dist: 1.766759459736277 vs. 1.766759459736277
list:
dist: 2.489304157782848 vs. 2.489304157782848
list:
dist: 2.8183054575719644 vs. 2.8183054575719644
list:
dist: 1.7712489866363157 vs. 1.7712489866363157
list:
dist: 1.8433472839821907 vs. 1.8433472839821907
list:
dist: 1.2370327435296398 vs. 1.2370327435296398
list:
dist: 1.7700786573709812 vs. 1.7700786573709812
list:
dist: 3.258389060695283 vs. 3.258389060695283
list:
dist: 2.639869781248134 vs. 2.639869781248134
list:
dist: 2.8734609067813914 vs. 2.8734609067813914
list:
dist: 2.5484694945395088 vs. 2.5484694945395088
list:
dist: 1.7563314896309516 vs. 1.7563314896309516
list:
dist: 3.7215425814104446 vs. 3.7215425814104446
list:
dist: 2.661309527449795 vs. 2.661309527449795
list:
dist: 2.8526318776258788 vs. 2.8526318776258788
list:
dist: 3.7040662184137996 vs. 3.7040662184137996
list:
dist: 2.394201018035472 vs. 2.394201018035472
list:
dist: 3.4910814111850157 vs. 3.4910814111850157
list:
dist: 5.259989903318931 vs. 5.259989903318931
list:
dist: 4.006320717893265 vs. 4.006320717893265
list:
dist: 3.502584535387826 vs. 3.502584535387826
list:
dist: 3.248450881969189 vs. 3.248450881969189
list:
dist: 3.7912088266456774 vs. 3.7912088266456774
list:
dist: 4.201119615504193 vs. 4.201119615504193
list:
dist: 0.9908105148748761 vs. 0.9908105148748761
list:
dist: 1.3902452839717525 vs. 1.3902452839717525
list:
dist: 0.9336357061647623 vs. 0.9336357061647623
list:
dist: 1.0858253401306748 vs. 1.0858253401306748
list:
dist: 2.021196024585173 vs. 2.021196024585173
list:
dist: 2.086746326298764 vs. 2.086746326298764
list:
dist: 1.955404121616302 vs. 1.955404121616302
list:
dist: 2.367260828732771 vs. 2.367260828732771
list:
dist: 3.1715231926962226 vs. 3.1715231926962226
list:
dist: 2.938065157404251 vs. 2.938065157404251
list:
dist: 3.367090231846282 vs. 3.367090231846282
list:
dist: 3.3830277198247463 vs. 3.3830277198247463
list:
dist: 2.6197406142991695 vs. 2.6197406142991695
list:
dist: 2.843743670673931 vs. 2.843743670673931
list:
dist: 2.842785797804008 vs. 2.842785797804008
list:
dist: 4.09089798584264 vs. 4.09089798584264
list:
dist: 3.634346867751873 vs. 3.634346867751873
list:
dist: 2.887874230938173 vs. 2.887874230938173
list:
dist: 3.6796655061014127 vs. 3.6796655061014127
list:
dist: 3.4649284662041206 vs. 3.4649284662041206
list:
dist: 1.43563229840881 vs. 1.43563229840881
list:
dist: 1.4451677720049598 vs. 1.4451677720049598
list:
dist: 0.46714856025304347 vs. 0.46714856025304347
list:
dist: 0.8168618982947271 vs. 0.8168618982947271
list:
dist: 2.657611115676802 vs. 2.657611115676802
list:
dist: 1.855023941572452 vs. 1.855023941572452
list:
dist: 2.2260560695474054 vs. 2.2260560695474054
list:
dist: 1.971439514474597 vs. 1.971439514474597
list:
dist: 1.119262015053543 vs. 1.119262015053543
list:
dist: 2.90729460277278 vs. 2.90729460277278
list:
dist: 1.7471589828249596 vs. 1.7471589828249596
list:
dist: 1.935906642761504 vs. 1.935906642761504
list:
dist: 2.8478216917453367 vs. 2.8478216917453367
list:
dist: 1.5323707092251844 vs. 1.5323707092251844
list:
dist: 2.9217127159755787 vs. 2.9217127159755787
list:
dist: 3.7907068562013415 vs. 3.7907068562013415
list:
dist: 3.5761712361464766 vs. 3.5761712361464766
list:
dist: 2.9630155857255343 vs. 2.9630155857255343
list:
dist: 2.643092395959893 vs. 2.643092395959893
list:
dist: 3.435617999749212 vs. 3.435617999749212
list:
dist: 2.485782140301395 vs. 2.485782140301395
list:
dist: 3.4910814111850157 vs. 3.4910814111850157
list:
dist: 2.9217127159755787 vs. 2.9217127159755787
list:
dist: 2.3301861085570477 vs. 2.3301861085570477
list:
dist: 2.40970565756544 vs. 2.40970565756544
list:
dist: 2.985766387114094 vs. 2.985766387114094
list:
dist: 3.9334658323186664 vs. 3.9334658323186664
list:
dist: 1.850825462466732 vs. 1.850825462466732
list:
dist: 1.5894814774220878 vs. 1.5894814774220878
list:
dist: 3.439819247568865 vs. 3.439819247568865
list:
dist: 4.330444775155841 vs. 4.330444775155841
list:
dist: 4.605708240429899 vs. 4.605708240429899
list:
dist: 3.4255413620124946 vs. 3.4255413620124946
list:
dist: 3.507787988289956 vs. 3.507787988289956
list:
dist: 4.201224667765609 vs. 4.201224667765609
list:
dist: 3.880801809655702 vs. 3.880801809655702
list:
dist: 3.552547990309648 vs. 3.552547990309648
list:
dist: 4.084879580505019 vs. 4.084879580505019
list:
dist: 4.063864245809373 vs. 4.063864245809373
list:
dist: 4.06685948545198 vs. 4.06685948545198
list:
dist: 3.838522861289373 vs. 3.838522861289373
list:
dist: 4.064806708686165 vs. 4.064806708686165
list:
dist: 4.794183239881414 vs. 4.794183239881414
list:
dist: 3.5550223560334993 vs. 3.5550223560334993
list:
dist: 4.2179240860391936 vs. 4.2179240860391936
list:
dist: 2.172824944369372 vs. 2.172824944369372
list:
dist: 1.6563789836552425 vs. 1.6563789836552425
list:
dist: 2.608967335236381 vs. 2.608967335236381
list:
dist: 2.9529771095222808 vs. 2.9529771095222808
list:
dist: 0.5522817806899758 vs. 0.5522817806899758
list:
dist: 1.2984552066190727 vs. 1.2984552066190727
list:
dist: 1.0265553928574584 vs. 1.0265553928574584
list:
dist: 1.066383710120126 vs. 1.066383710120126
list:
dist: 1.8768050032358872 vs. 1.8768050032358872
list:
dist: 1.2674793189129097 vs. 1.2674793189129097
list:
dist: 1.9936168558918466 vs. 1.9936168558918466
list:
dist: 2.132551996432802 vs. 2.132551996432802
list:
dist: 1.404907763726987 vs. 1.404907763726987
list:
dist: 2.076720994570599 vs. 2.076720994570599
list:
dist: 1.1780620640727884 vs. 1.1780620640727884
list:
dist: 0.7962548582269169 vs. 0.7962548582269169
list:
dist: 1.6421624933590762 vs. 1.6421624933590762
list:
dist: 1.3336107650541662 vs. 1.3336107650541662
list:
dist: 3.3724768332306168 vs. 3.3724768332306168
list:
dist: 2.5608522695852947 vs. 2.5608522695852947
list:
dist: 2.8167350426466338 vs. 2.8167350426466338
list:
dist: 3.3136754362367253 vs. 3.3136754362367253
list:
dist: 3.0221725777300263 vs. 3.0221725777300263
list:
dist: 2.514240946861653 vs. 2.514240946861653
list:
dist: 1.2031346423246745 vs. 1.2031346423246745
list:
dist: 1.9557786350352708 vs. 1.9557786350352708
list:
dist: 1.7263661715853762 vs. 1.7263661715853762
list:
dist: 2.131003339551888 vs. 2.131003339551888
list:
dist: 1.9834223927805639 vs. 1.9834223927805639
list:
dist: 2.2310971783824742 vs. 2.2310971783824742
list:
dist: 2.598657115205735 vs. 2.598657115205735
list:
dist: 3.2924921008318453 vs. 3.2924921008318453
list:
dist: 1.1559327225893452 vs. 1.1559327225893452
list:
dist: 1.2939147680023357 vs. 1.2939147680023357
list:
dist: 3.4707063146865313 vs. 3.4707063146865313
list:
dist: 3.0072485116099927 vs. 3.0072485116099927
list:
dist: 3.8984325031248312 vs. 3.8984325031248312
list:
dist: 2.36817786206799 vs. 2.36817786206799
list:
dist: 2.275541261397846 vs. 2.275541261397846
list:
dist: 3.083776441658969 vs. 3.083776441658969
list:
dist: 2.9338078315226865 vs. 2.9338078315226865
list:
dist: 2.4692232891035504 vs. 2.4692232891035504
list:
dist: 3.1495580360730644 vs. 3.1495580360730644
list:
dist: 2.7630675562012925 vs. 2.7630675562012925
list:
dist: 2.8703765742560288 vs. 2.8703765742560288
list:
dist: 2.822000582498046 vs. 2.822000582498046
list:
dist: 2.862196425315746 vs. 2.862196425315746
list:
dist: 3.7592658095528826 vs. 3.7592658095528826
list:
dist: 2.598095357961278 vs. 2.598095357961278
list:
dist: 3.020266319109572 vs. 3.020266319109572
list:
dist: 3.2450262734548585 vs. 3.2450262734548585
list:
dist: 3.764741044708314 vs. 3.764741044708314
list:
dist: 4.533787183764762 vs. 4.533787183764762
list:
dist: 2.890800458512882 vs. 2.890800458512882
list:
dist: 2.952260148673277 vs. 2.952260148673277
list:
dist: 2.7682837016255406 vs. 2.7682837016255406
list:
dist: 2.160932012588014 vs. 2.160932012588014
list:
dist: 1.5817769170060996 vs. 1.5817769170060996
list:
dist: 1.5001480817843025 vs. 1.5001480817843025
list:
dist: 1.7555430275306434 vs. 1.7555430275306434
list:
dist: 1.3897242240438272 vs. 1.3897242240438272
list:
dist: 2.0058375996392495 vs. 2.0058375996392495
list:
dist: 1.3300426449707712 vs. 1.3300426449707712
list:
dist: 1.4277558015666716 vs. 1.4277558015666716
list:
dist: 1.3955419147917756 vs. 1.3955419147917756
list:
dist: 0.7492928857462985 vs. 0.7492928857462985
list:
dist: 2.2023058873247545 vs. 2.2023058873247545
list:
dist: 1.3336107650541662 vs. 1.3336107650541662
list:
dist: 1.315352420453085 vs. 1.315352420453085
list:
dist: 1.0269180023316606 vs. 1.0269180023316606
list:
dist: 0.9015907346539987 vs. 0.9015907346539987
list:
dist: 2.2426229974175174 vs. 2.2426229974175174
list:
dist: 1.5895143026449503 vs. 1.5895143026449503
list:
dist: 1.9391064950653236 vs. 1.9391064950653236
list:
dist: 2.3689899149663494 vs. 2.3689899149663494
list:
dist: 2.2416802058497867 vs. 2.2416802058497867
list:
dist: 1.7404379143964026 vs. 1.7404379143964026
list:
dist: 2.086340854500066 vs. 2.086340854500066
list:
dist: 2.0628147534157804 vs. 2.0628147534157804
list:
dist: 1.8484577270533393 vs. 1.8484577270533393
list:
dist: 1.9967170743956202 vs. 1.9967170743956202
list:
dist: 2.730954895106426 vs. 2.730954895106426
list:
dist: 2.5594102946583135 vs. 2.5594102946583135
list:
dist: 1.8066560813515875 vs. 1.8066560813515875
list:
dist: 1.55152321092095 vs. 1.55152321092095
list:
dist: 1.6414392980027646 vs. 1.6414392980027646
list:
dist: 2.3325481984976686 vs. 2.3325481984976686
list:
dist: 2.568115298700833 vs. 2.568115298700833
list:
dist: 0.8806114266827847 vs. 0.8806114266827847
list:
dist: 1.8850461166549366 vs. 1.8850461166549366
list:
dist: 1.9389910577741503 vs. 1.9389910577741503
list:
dist: 1.2491596077597134 vs. 1.2491596077597134
list:
dist: 1.5814896177029334 vs. 1.5814896177029334
list:
dist: 2.131003339551888 vs. 2.131003339551888
list:
dist: 2.613747411772252 vs. 2.613747411772252
list:
dist: 1.6635748238616215 vs. 1.6635748238616215
list:
dist: 2.4022263320969452 vs. 2.4022263320969452
list:
dist: 1.9967170743956202 vs. 1.9967170743956202
list:
dist: 2.227222275515855 vs. 2.227222275515855
list:
dist: 1.4875188066904113 vs. 1.4875188066904113
list:
dist: 1.4966121913489552 vs. 1.4966121913489552
list:
dist: 2.3579157346660344 vs. 2.3579157346660344
list:
dist: 1.3427230354006146 vs. 1.3427230354006146
list:
dist: 1.4288870094140866 vs. 1.4288870094140866
list:
dist: 2.9037177216010908 vs. 2.9037177216010908
list:
dist: 1.8159946330947125 vs. 1.8159946330947125
list:
dist: 0.4913649272111328 vs. 0.4913649272111328
list:
dist: 1.1902632277903737 vs. 1.1902632277903737
list:
dist: 3.7040662184137996 vs. 3.7040662184137996
list:
dist: 2.8478216917453367 vs. 2.8478216917453367
list:
dist: 2.1582511218915656 vs. 2.1582511218915656
list:
dist: 2.2719084747363443 vs. 2.2719084747363443
list:
dist: 2.6340032283055583 vs. 2.6340032283055583
list:
dist: 3.397308946060855 vs. 3.397308946060855
list:
dist: 1.466838309124548 vs. 1.466838309124548
list:
dist: 1.8531950593162323 vs. 1.8531950593162323
list:
dist: 2.540219309586272 vs. 2.540219309586272
list:
dist: 3.5147850911548235 vs. 3.5147850911548235
list:
dist: 3.5367575860590246 vs. 3.5367575860590246
list:
dist: 2.6953589964093125 vs. 2.6953589964093125
list:
dist: 2.3434322367045164 vs. 2.3434322367045164
list:
dist: 3.2748920889158972 vs. 3.2748920889158972
list:
dist: 2.997410623621093 vs. 2.997410623621093
list:
dist: 2.4938152536426212 vs. 2.4938152536426212
list:
dist: 3.3500302650309517 vs. 3.3500302650309517
list:
dist: 2.894456831314036 vs. 2.894456831314036
list:
dist: 2.8380958663347093 vs. 2.8380958663347093
list:
dist: 2.705842814964773 vs. 2.705842814964773
list:
dist: 2.8219346907163816 vs. 2.8219346907163816
list:
dist: 3.795334311856693 vs. 3.795334311856693
list:
dist: 3.2887143942662522 vs. 3.2887143942662522
list:
dist: 3.4891605187599875 vs. 3.4891605187599875
list:
dist: 2.5968941346227217 vs. 2.5968941346227217
list:
dist: 2.1823033201762345 vs. 2.1823033201762345
list:
dist: 2.5983092697245507 vs. 2.5983092697245507
list:
dist: 2.5083783482138537 vs. 2.5083783482138537
list:
dist: 1.3935725007054987 vs. 1.3935725007054987
list:
dist: 1.1788691893762768 vs. 1.1788691893762768
list:
dist: 1.4372943630210973 vs. 1.4372943630210973
list:
dist: 1.5313752801695641 vs. 1.5313752801695641
list:
dist: 2.010785465251141 vs. 2.010785465251141
list:
dist: 0.7070551533983986 vs. 0.7070551533983986
list:
dist: 1.2693015428422993 vs. 1.2693015428422993
list:
dist: 1.2716099827464844 vs. 1.2716099827464844
list:
dist: 1.7378873930784569 vs. 1.7378873930784569
list:
dist: 1.404907763726987 vs. 1.404907763726987
list:
dist: 1.6755179582376674 vs. 1.6755179582376674
list:
dist: 0.9123913544308356 vs. 0.9123913544308356
list:
dist: 1.3311586847005672 vs. 1.3311586847005672
list:
dist: 0.7492928857462985 vs. 0.7492928857462985
list:
dist: 1.9815442197025261 vs. 1.9815442197025261
list:
dist: 1.18689687892391 vs. 1.18689687892391
list:
dist: 1.4657165822422067 vs. 1.4657165822422067
list:
dist: 2.1193631158155606 vs. 2.1193631158155606
list:
dist: 1.6692581975023282 vs. 1.6692581975023282
list:
dist: 1.2776558268509328 vs. 1.2776558268509328
list:
dist: 1.777275177327002 vs. 1.777275177327002
list:
dist: 1.3628640527848244 vs. 1.3628640527848244
list:
dist: 1.344052984785899 vs. 1.344052984785899
list:
dist: 1.2491596077597134 vs. 1.2491596077597134
list:
dist: 2.6054630656224513 vs. 2.6054630656224513
list:
dist: 2.536252193774831 vs. 2.536252193774831
list:
dist: 3.216480317116558 vs. 3.216480317116558
list:
dist: 3.4992320648230955 vs. 3.4992320648230955
list:
dist: 1.0472416111952032 vs. 1.0472416111952032
list:
dist: 1.858418170320945 vs. 1.858418170320945
list:
dist: 1.3934958205978725 vs. 1.3934958205978725
list:
dist: 2.1154500048698233 vs. 2.1154500048698233
list:
dist: 2.7603061599579277 vs. 2.7603061599579277
list:
dist: 1.2166890691598415 vs. 1.2166890691598415
list:
dist: 2.6888149830644914 vs. 2.6888149830644914
list:
dist: 2.8203189968483673 vs. 2.8203189968483673
list:
dist: 1.777275177327002 vs. 1.777275177327002
list:
dist: 2.377074024369476 vs. 2.377074024369476
list:
dist: 1.2031346423246745 vs. 1.2031346423246745
list:
dist: 1.6792397042909837 vs. 1.6792397042909837
list:
dist: 1.0781019400511829 vs. 1.0781019400511829
list:
dist: 2.124449760941286 vs. 2.124449760941286
list:
dist: 2.086340854500066 vs. 2.086340854500066
list:
dist: 3.5935011578796296 vs. 3.5935011578796296
list:
dist: 2.6612156335382973 vs. 2.6612156335382973
list:
dist: 3.0262414706461636 vs. 3.0262414706461636
list:
dist: 3.7757519122802363 vs. 3.7757519122802363
list:
dist: 2.9949759812674346 vs. 2.9949759812674346
list:
dist: 2.8386164435216013 vs. 2.8386164435216013
list:
dist: 1.4040778757680308 vs. 1.4040778757680308
list:
dist: 1.0663505930496382 vs. 1.0663505930496382
list:
dist: 1.8159946330947125 vs. 1.8159946330947125
list:
dist: 2.639869781248134 vs. 2.639869781248134
list:
dist: 1.855023941572452 vs. 1.855023941572452
list:
dist: 1.6100903217909428 vs. 1.6100903217909428
list:
dist: 1.5116141320416725 vs. 1.5116141320416725
list:
dist: 2.021393536218056 vs. 2.021393536218056
list:
dist: 3.0184364315158416 vs. 3.0184364315158416
list:
dist: 1.3956307979185452 vs. 1.3956307979185452
list:
dist: 1.7622096633329665 vs. 1.7622096633329665
list:
dist: 2.3379994903072996 vs. 2.3379994903072996
list:
dist: 3.2450145032154625 vs. 3.2450145032154625
list:
dist: 3.5889384636288133 vs. 3.5889384636288133
list:
dist: 2.8965268578605223 vs. 2.8965268578605223
list:
dist: 2.895211543138739 vs. 2.895211543138739
list:
dist: 3.517797462669309 vs. 3.517797462669309
list:
dist: 2.9983248180270787 vs. 2.9983248180270787
list:
dist: 2.7479133775075386 vs. 2.7479133775075386
list:
dist: 3.3283087447675768 vs. 3.3283087447675768
list:
dist: 3.5777473977909753 vs. 3.5777473977909753
list:
dist: 3.336164778177385 vs. 3.336164778177385
list:
dist: 2.90040706631414 vs. 2.90040706631414
list:
dist: 3.3446373608887607 vs. 3.3446373608887607
list:
dist: 3.902373721249142 vs. 3.902373721249142
list:
dist: 3.8921309902827326 vs. 3.8921309902827326
list:
dist: 4.0041897451088895 vs. 4.0041897451088895
list:
dist: 1.4250376961189175 vs. 1.4250376961189175
list:
dist: 1.1658743946044323 vs. 1.1658743946044323
list:
dist: 1.5217410996605776 vs. 1.5217410996605776
list:
dist: 1.7026088344563488 vs. 1.7026088344563488
list:
dist: 0.9815773083021367 vs. 0.9815773083021367
list:
dist: 0.6179510115426431 vs. 0.6179510115426431
list:
dist: 0.8892268260005597 vs. 0.8892268260005597
list:
dist: 1.0684023633764963 vs. 1.0684023633764963
list:
dist: 1.0882045469247377 vs. 1.0882045469247377
list:
dist: 1.0038169124469127 vs. 1.0038169124469127
list:
dist: 1.225691264503212 vs. 1.225691264503212
list:
dist: 1.1788691893762768 vs. 1.1788691893762768
list:
dist: 0.8193692372588642 vs. 0.8193692372588642
list:
dist: 1.2984552066190727 vs. 1.2984552066190727
list:
dist: 2.251280627927852 vs. 2.251280627927852
list:
dist: 1.4596854947178348 vs. 1.4596854947178348
list:
dist: 2.264826082722538 vs. 2.264826082722538
list:
dist: 1.5001480817843025 vs. 1.5001480817843025
list:
dist: 2.816878613415655 vs. 2.816878613415655
list:
dist: 2.200183263040002 vs. 2.200183263040002
list:
dist: 2.0075695660469086 vs. 2.0075695660469086
list:
dist: 2.3450512432991335 vs. 2.3450512432991335
list:
dist: 2.320894454741241 vs. 2.320894454741241
list:
dist: 1.582394070326631 vs. 1.582394070326631
list:
dist: 1.858418170320945 vs. 1.858418170320945
list:
dist: 1.6551343831242036 vs. 1.6551343831242036
list:
dist: 1.9772268086681186 vs. 1.9772268086681186
list:
dist: 1.55152321092095 vs. 1.55152321092095
list:
dist: 2.6602785859559646 vs. 2.6602785859559646
list:
dist: 2.757149954920481 vs. 2.757149954920481
list:
dist: 2.935239505998316 vs. 2.935239505998316
list:
dist: 2.8879899770021282 vs. 2.8879899770021282
list:
dist: 1.6286052616098918 vs. 1.6286052616098918
list:
dist: 1.6551343831242036 vs. 1.6551343831242036
list:
dist: 1.5635530606056027 vs. 1.5635530606056027
list:
dist: 2.367626145840352 vs. 2.367626145840352
list:
dist: 2.719335311512715 vs. 2.719335311512715
list:
dist: 0.7922275107750565 vs. 0.7922275107750565
list:
dist: 2.183537318958458 vs. 2.183537318958458
list:
dist: 2.2615372509862737 vs. 2.2615372509862737
list:
dist: 1.3628640527848244 vs. 1.3628640527848244
list:
dist: 1.805700557838162 vs. 1.805700557838162
list:
dist: 1.9557786350352708 vs. 1.9557786350352708
list:
dist: 2.4186125571949484 vs. 2.4186125571949484
list:
dist: 1.481019277150566 vs. 1.481019277150566
list:
dist: 2.341782717727509 vs. 2.341782717727509
list:
dist: 2.0628147534157804 vs. 2.0628147534157804
list:
dist: 2.5996730006581283 vs. 2.5996730006581283
list:
dist: 1.7630490665337593 vs. 1.7630490665337593
list:
dist: 1.9433574613917102 vs. 1.9433574613917102
list:
dist: 2.8140982314858864 vs. 2.8140982314858864
list:
dist: 1.7662569901067993 vs. 1.7662569901067993
list:
dist: 1.8667522937405228 vs. 1.8667522937405228
list:
dist: 1.4040778757680308 vs. 1.4040778757680308
list:
dist: 0.8276006789944678 vs. 0.8276006789944678
list:
dist: 0.4913649272111328 vs. 0.4913649272111328
list:
dist: 3.258389060695283 vs. 3.258389060695283
list:
dist: 2.657611115676802 vs. 2.657611115676802
list:
dist: 2.321937863226491 vs. 2.321937863226491
list:
dist: 2.2991484139126275 vs. 2.2991484139126275
list:
dist: 2.8801563647818806 vs. 2.8801563647818806
list:
dist: 3.8839130698279054 vs. 3.8839130698279054
list:
dist: 1.9591785584916561 vs. 1.9591785584916561
list:
dist: 1.8994295393725988 vs. 1.8994295393725988
list:
dist: 3.28768945240257 vs. 3.28768945240257
list:
dist: 4.197033362999251 vs. 4.197033362999251
list:
dist: 4.5034071954841135 vs. 4.5034071954841135
list:
dist: 3.5603847232884616 vs. 3.5603847232884616
list:
dist: 3.5681125517712653 vs. 3.5681125517712653
list:
dist: 4.275103192563713 vs. 4.275103192563713
list:
dist: 3.8599431017661114 vs. 3.8599431017661114
list:
dist: 3.55035271417076 vs. 3.55035271417076
list:
dist: 4.129480625914966 vs. 4.129480625914966
list:
dist: 4.175908660525244 vs. 4.175908660525244
list:
dist: 4.0743863122537265 vs. 4.0743863122537265
list:
dist: 3.7625237354994034 vs. 3.7625237354994034
list:
dist: 4.0728639959951005 vs. 4.0728639959951005
list:
dist: 4.770726303080764 vs. 4.770726303080764
list:
dist: 3.985968381051039 vs. 3.985968381051039
list:
dist: 4.4793700299896555 vs. 4.4793700299896555
list:
dist: 1.7713958062315427 vs. 1.7713958062315427
list:
dist: 1.5029078506094853 vs. 1.5029078506094853
list:
dist: 2.288971233445426 vs. 2.288971233445426
list:
dist: 2.6474680195071927 vs. 2.6474680195071927
list:
dist: 0.9815773083021367 vs. 0.9815773083021367
list:
dist: 0.5280706769352002 vs. 0.5280706769352002
list:
dist: 1.0971417098597485 vs. 1.0971417098597485
list:
dist: 1.731169474601028 vs. 1.731169474601028
list:
dist: 1.0406795641054027 vs. 1.0406795641054027
list:
dist: 1.8749263294264247 vs. 1.8749263294264247
list:
dist: 2.0525887922667487 vs. 2.0525887922667487
list:
dist: 1.3935725007054987 vs. 1.3935725007054987
list:
dist: 1.6569835244659477 vs. 1.6569835244659477
list:
dist: 0.5522817806899758 vs. 0.5522817806899758
list:
dist: 1.6559190849525125 vs. 1.6559190849525125
list:
dist: 0.9702168780012462 vs. 0.9702168780012462
list:
dist: 2.0146846894454544 vs. 2.0146846894454544
list:
dist: 1.5817769170060996 vs. 1.5817769170060996
list:
dist: 3.350613131995042 vs. 3.350613131995042
list:
dist: 2.539342997167023 vs. 2.539342997167023
list:
dist: 2.6707168536367605 vs. 2.6707168536367605
list:
dist: 3.1922029260172047 vs. 3.1922029260172047
list:
dist: 2.8476098270521835 vs. 2.8476098270521835
list:
dist: 2.3425846264849204 vs. 2.3425846264849204
list:
dist: 1.0472416111952032 vs. 1.0472416111952032
list:
dist: 1.6286052616098918 vs. 1.6286052616098918
list:
dist: 1.611548668472787 vs. 1.611548668472787
list:
dist: 1.8066560813515875 vs. 1.8066560813515875
list:
dist: 2.661309527449795 vs. 2.661309527449795
list:
dist: 1.7471589828249596 vs. 1.7471589828249596
list:
dist: 1.1002506190331958 vs. 1.1002506190331958
list:
dist: 1.1405662067393256 vs. 1.1405662067393256
list:
dist: 1.387973636722605 vs. 1.387973636722605
list:
dist: 2.193641693643094 vs. 2.193641693643094
list:
dist: 0.8424338299904803 vs. 0.8424338299904803
list:
dist: 1.654167290496936 vs. 1.654167290496936
list:
dist: 1.447248244715711 vs. 1.447248244715711
list:
dist: 2.3712294131629323 vs. 2.3712294131629323
list:
dist: 2.644283268264605 vs. 2.644283268264605
list:
dist: 1.9730046159126335 vs. 1.9730046159126335
list:
dist: 1.9776704472090065 vs. 1.9776704472090065
list:
dist: 2.5234915116022814 vs. 2.5234915116022814
list:
dist: 2.009214538439302 vs. 2.009214538439302
list:
dist: 1.7539235499715171 vs. 1.7539235499715171
list:
dist: 2.3686218323956565 vs. 2.3686218323956565
list:
dist: 2.6932953143012375 vs. 2.6932953143012375
list:
dist: 2.4044177675859806 vs. 2.4044177675859806
list:
dist: 1.9436251548659447 vs. 1.9436251548659447
list:
dist: 2.423730963491839 vs. 2.423730963491839
list:
dist: 2.909874889789144 vs. 2.909874889789144
list:
dist: 3.4030880738912845 vs. 3.4030880738912845
list:
dist: 3.164964717563651 vs. 3.164964717563651
list:
dist: 2.0911617960429316 vs. 2.0911617960429316
list:
dist: 1.6266404908201015 vs. 1.6266404908201015
list:
dist: 1.6402388624738413 vs. 1.6402388624738413
list:
dist: 1.3946888693305985 vs. 1.3946888693305985
list:
dist: 1.8749263294264247 vs. 1.8749263294264247
list:
dist: 1.0038169124469127 vs. 1.0038169124469127
list:
dist: 1.6160019616888615 vs. 1.6160019616888615
list:
dist: 1.301270923678767 vs. 1.301270923678767
list:
dist: 1.166912334011095 vs. 1.166912334011095
list:
dist: 1.637590785162804 vs. 1.637590785162804
list:
dist: 0.2578616253022511 vs. 0.2578616253022511
list:
dist: 1.2693015428422993 vs. 1.2693015428422993
list:
dist: 1.220161755063346 vs. 1.220161755063346
list:
dist: 1.9936168558918466 vs. 1.9936168558918466
list:
dist: 2.6176298563691143 vs. 2.6176298563691143
list:
dist: 1.9699595037327877 vs. 1.9699595037327877
list:
dist: 2.3159992333364787 vs. 2.3159992333364787
list:
dist: 1.4277558015666716 vs. 1.4277558015666716
list:
dist: 2.201888127944692 vs. 2.201888127944692
list:
dist: 1.8971332753181187 vs. 1.8971332753181187
list:
dist: 1.4780647149607522 vs. 1.4780647149607522
list:
dist: 1.4740888266976298 vs. 1.4740888266976298
list:
dist: 1.9967238851004474 vs. 1.9967238851004474
list:
dist: 1.0128390906270193 vs. 1.0128390906270193
list:
dist: 2.6888149830644914 vs. 2.6888149830644914
list:
dist: 2.183537318958458 vs. 2.183537318958458
list:
dist: 2.49836120096726 vs. 2.49836120096726
list:
dist: 1.8850461166549366 vs. 1.8850461166549366
list:
dist: 2.8526318776258788 vs. 2.8526318776258788
list:
dist: 1.935906642761504 vs. 1.935906642761504
list:
dist: 1.1918820371106187 vs. 1.1918820371106187
list:
dist: 1.294506341981127 vs. 1.294506341981127
list:
dist: 1.4509717585889967 vs. 1.4509717585889967
list:
dist: 2.1426876842018436 vs. 2.1426876842018436
list:
dist: 0.8372329328822856 vs. 0.8372329328822856
list:
dist: 1.702259421241061 vs. 1.702259421241061
list:
dist: 1.3484468006273098 vs. 1.3484468006273098
list:
dist: 2.282018928619194 vs. 2.282018928619194
list:
dist: 2.475153033683874 vs. 2.475153033683874
list:
dist: 1.7848739085482879 vs. 1.7848739085482879
list:
dist: 1.7209303692121583 vs. 1.7209303692121583
list:
dist: 2.3107337499327136 vs. 2.3107337499327136
list:
dist: 1.8401909602140705 vs. 1.8401909602140705
list:
dist: 1.5256378335531509 vs. 1.5256378335531509
list:
dist: 2.2149731362781693 vs. 2.2149731362781693
list:
dist: 2.4357178739934406 vs. 2.4357178739934406
list:
dist: 2.158149472777783 vs. 2.158149472777783
list:
dist: 1.7393073442862006 vs. 1.7393073442862006
list:
dist: 2.17645896115123 vs. 2.17645896115123
list:
dist: 2.7224804806994913 vs. 2.7224804806994913
list:
dist: 3.2612493036904664 vs. 3.2612493036904664
list:
dist: 2.9529548014775653 vs. 2.9529548014775653
list:
dist: 2.3485120434542273 vs. 2.3485120434542273
list:
dist: 1.8603843084787304 vs. 1.8603843084787304
list:
dist: 1.8645076734218948 vs. 1.8645076734218948
list:
dist: 1.540339102957384 vs. 1.540339102957384
list:
dist: 2.0525887922667487 vs. 2.0525887922667487
list:
dist: 1.225691264503212 vs. 1.225691264503212
list:
dist: 1.8284337079979842 vs. 1.8284337079979842
list:
dist: 1.4857565542534126 vs. 1.4857565542534126
list:
dist: 1.3911871766230777 vs. 1.3911871766230777
list:
dist: 1.7264633076698157 vs. 1.7264633076698157
list:
dist: 0.2578616253022511 vs. 0.2578616253022511
list:
dist: 1.2716099827464844 vs. 1.2716099827464844
list:
dist: 1.4373991919323448 vs. 1.4373991919323448
list:
dist: 2.132551996432802 vs. 2.132551996432802
list:
dist: 2.6494788488468095 vs. 2.6494788488468095
list:
dist: 2.0379758208986525 vs. 2.0379758208986525
list:
dist: 2.2655483119673603 vs. 2.2655483119673603
list:
dist: 1.3955419147917756 vs. 1.3955419147917756
list:
dist: 1.9906764754349595 vs. 1.9906764754349595
list:
dist: 1.7582194953147223 vs. 1.7582194953147223
list:
dist: 1.3321469626617661 vs. 1.3321469626617661
list:
dist: 1.2807096794210748 vs. 1.2807096794210748
list:
dist: 1.883780828093977 vs. 1.883780828093977
list:
dist: 0.9004141860454945 vs. 0.9004141860454945
list:
dist: 2.8203189968483673 vs. 2.8203189968483673
list:
dist: 2.2615372509862737 vs. 2.2615372509862737
list:
dist: 2.5471848798643957 vs. 2.5471848798643957
list:
dist: 1.9389910577741503 vs. 1.9389910577741503
list:
dist: 1.7563314896309516 vs. 1.7563314896309516
list:
dist: 1.119262015053543 vs. 1.119262015053543
list:
dist: 0.8397497323566379 vs. 0.8397497323566379
list:
dist: 0.6342829172001788 vs. 0.6342829172001788
list:
dist: 1.266993562776853 vs. 1.266993562776853
list:
dist: 2.329925065250289 vs. 2.329925065250289
list:
dist: 1.2292394524549284 vs. 1.2292394524549284
list:
dist: 1.5105000240472959 vs. 1.5105000240472959
list:
dist: 2.1486028927832495 vs. 2.1486028927832495
list:
dist: 2.826901100320867 vs. 2.826901100320867
list:
dist: 3.423367964560387 vs. 3.423367964560387
list:
dist: 2.5716452181573555 vs. 2.5716452181573555
list:
dist: 3.0085837878149015 vs. 3.0085837878149015
list:
dist: 3.2501136552171315 vs. 3.2501136552171315
list:
dist: 2.667176834089488 vs. 2.667176834089488
list:
dist: 2.6754473053247887 vs. 2.6754473053247887
list:
dist: 2.843312044599029 vs. 2.843312044599029
list:
dist: 3.709088063788432 vs. 3.709088063788432
list:
dist: 3.4460796584366857 vs. 3.4460796584366857
list:
dist: 2.8898134209084834 vs. 2.8898134209084834
list:
dist: 3.478728668489978 vs. 3.478728668489978
list:
dist: 3.6225961124675754 vs. 3.6225961124675754
list:
dist: 3.8016394141625884 vs. 3.8016394141625884
list:
dist: 3.8058678193230215 vs. 3.8058678193230215
list:
dist: 1.2867508840443285 vs. 1.2867508840443285
list:
dist: 0.5741688882328431 vs. 0.5741688882328431
list:
dist: 0.9807948839183334 vs. 0.9807948839183334
list:
dist: 1.394955521058776 vs. 1.394955521058776
list:
dist: 1.731169474601028 vs. 1.731169474601028
list:
dist: 1.0684023633764963 vs. 1.0684023633764963
list:
dist: 1.4345620200077651 vs. 1.4345620200077651
list:
dist: 0.8622783493167617 vs. 0.8622783493167617
list:
dist: 2.12528059098513 vs. 2.12528059098513
list:
dist: 1.166912334011095 vs. 1.166912334011095
list:
dist: 1.3911871766230777 vs. 1.3911871766230777
list:
dist: 2.010785465251141 vs. 2.010785465251141
list:
dist: 1.3161692897947863 vs. 1.3161692897947863
list:
dist: 1.8768050032358872 vs. 1.8768050032358872
list:
dist: 2.8151637859312935 vs. 2.8151637859312935
list:
dist: 2.2905982223221453 vs. 2.2905982223221453
list:
dist: 2.8494724163937555 vs. 2.8494724163937555
list:
dist: 2.0058375996392495 vs. 2.0058375996392495
list:
dist: 3.3639971182018673 vs. 3.3639971182018673
list:
dist: 2.95866504403312 vs. 2.95866504403312
list:
dist: 2.6098808596263785 vs. 2.6098808596263785
list:
dist: 2.537054895498207 vs. 2.537054895498207
list:
dist: 3.074796123885098 vs. 3.074796123885098
list:
dist: 2.126665562567077 vs. 2.126665562567077
list:
dist: 2.7603061599579277 vs. 2.7603061599579277
list:
dist: 2.719335311512715 vs. 2.719335311512715
list:
dist: 3.0086130353175604 vs. 3.0086130353175604
list:
dist: 2.568115298700833 vs. 2.568115298700833
list:
dist: 1.8433472839821907 vs. 1.8433472839821907
list:
dist: 1.4451677720049598 vs. 1.4451677720049598
list:
dist: 1.3361810363588995 vs. 1.3361810363588995
list:
dist: 1.172790587018492 vs. 1.172790587018492
list:
dist: 1.8039081044775156 vs. 1.8039081044775156
list:
dist: 2.8586427931521032 vs. 2.8586427931521032
list:
dist: 1.6046675267647934 vs. 1.6046675267647934
list:
dist: 1.599082359158153 vs. 1.599082359158153
list:
dist: 1.0390854992176588 vs. 1.0390854992176588
list:
dist: 1.2113941332600162 vs. 1.2113941332600162
list:
dist: 1.8372651398439113 vs. 1.8372651398439113
list:
dist: 1.5029078506094853 vs. 1.5029078506094853
list:
dist: 1.1658743946044323 vs. 1.1658743946044323
list:
dist: 1.2673099281237754 vs. 1.2673099281237754
list:
dist: 0.7944138333623141 vs. 0.7944138333623141
list:
dist: 0.5741688882328431 vs. 0.5741688882328431
list:
dist: 2.163372194922876 vs. 2.163372194922876
list:
dist: 1.6266404908201015 vs. 1.6266404908201015
list:
dist: 1.8603843084787304 vs. 1.8603843084787304
list:
dist: 2.1823033201762345 vs. 2.1823033201762345
list:
dist: 1.5171400151709273 vs. 1.5171400151709273
list:
dist: 1.6563789836552425 vs. 1.6563789836552425
list:
dist: 2.7018160995553475 vs. 2.7018160995553475
list:
dist: 2.2320607070466494 vs. 2.2320607070466494
list:
dist: 2.9110370664375274 vs. 2.9110370664375274
list:
dist: 2.160932012588014 vs. 2.160932012588014
list:
dist: 2.536252193774831 vs. 2.536252193774831
list:
dist: 2.757149954920481 vs. 2.757149954920481
list:
dist: 2.984885652077328 vs. 2.984885652077328
list:
dist: 2.5484694945395088 vs. 2.5484694945395088
list:
dist: 1.971439514474597 vs. 1.971439514474597
list:
dist: 1.3031120447683024 vs. 1.3031120447683024
list:
dist: 1.3695621109519573 vs. 1.3695621109519573
list:
dist: 1.96513587477641 vs. 1.96513587477641
list:
dist: 2.940149215680913 vs. 2.940149215680913
list:
dist: 1.0928096098150133 vs. 1.0928096098150133
list:
dist: 1.0158304873511628 vs. 1.0158304873511628
list:
dist: 2.6428221021938243 vs. 2.6428221021938243
list:
dist: 3.43488116205652 vs. 3.43488116205652
list:
dist: 3.8622411318234837 vs. 3.8622411318234837
list:
dist: 2.7021249837531314 vs. 2.7021249837531314
list:
dist: 3.0347212998934743 vs. 3.0347212998934743
list:
dist: 3.484837910804137 vs. 3.484837910804137
list:
dist: 3.0636768365891855 vs. 3.0636768365891855
list:
dist: 2.8955823172916215 vs. 2.8955823172916215
list:
dist: 3.223137666330677 vs. 3.223137666330677
list:
dist: 3.6730411313560705 vs. 3.6730411313560705
list:
dist: 3.5687193726001567 vs. 3.5687193726001567
list:
dist: 3.190334889683709 vs. 3.190334889683709
list:
dist: 3.5865914172755704 vs. 3.5865914172755704
list:
dist: 4.019513388328381 vs. 4.019513388328381
list:
dist: 3.3789506338676265 vs. 3.3789506338676265
list:
dist: 3.723408307816561 vs. 3.723408307816561
list:
dist: 1.641844435832421 vs. 1.641844435832421
list:
dist: 0.7944138333623141 vs. 0.7944138333623141
list:
dist: 1.7529610060454048 vs. 1.7529610060454048
list:
dist: 2.113329806287439 vs. 2.113329806287439
list:
dist: 1.0971417098597485 vs. 1.0971417098597485
list:
dist: 0.8892268260005597 vs. 0.8892268260005597
list:
dist: 1.0633942157414134 vs. 1.0633942157414134
list:
dist: 0.8622783493167617 vs. 0.8622783493167617
list:
dist: 1.6462638823882285 vs. 1.6462638823882285
list:
dist: 1.301270923678767 vs. 1.301270923678767
list:
dist: 1.4857565542534126 vs. 1.4857565542534126
list:
dist: 1.5313752801695641 vs. 1.5313752801695641
list:
dist: 1.5956325477533537 vs. 1.5956325477533537
list:
dist: 1.066383710120126 vs. 1.066383710120126
list:
dist: 1.9714954565124028 vs. 1.9714954565124028
list:
dist: 1.5542978826386236 vs. 1.5542978826386236
list:
dist: 2.120654929889747 vs. 2.120654929889747
list:
dist: 1.3897242240438272 vs. 1.3897242240438272
list:
dist: 3.2343455281598423 vs. 3.2343455281598423
list:
dist: 2.6482484256604075 vs. 2.6482484256604075
list:
dist: 2.583956609057714 vs. 2.583956609057714
list:
dist: 2.7640234132850634 vs. 2.7640234132850634
list:
dist: 2.9738881275748517 vs. 2.9738881275748517
list:
dist: 2.162881659231559 vs. 2.162881659231559
list:
dist: 2.1154500048698233 vs. 2.1154500048698233
list:
dist: 2.367626145840352 vs. 2.367626145840352
list:
dist: 2.4366062214136694 vs. 2.4366062214136694
list:
dist: 2.3325481984976686 vs. 2.3325481984976686
list:
dist: 1.7712489866363157 vs. 1.7712489866363157
list:
dist: 1.43563229840881 vs. 1.43563229840881
list:
dist: 2.1017179341102925 vs. 2.1017179341102925
list:
dist: 1.7580058343316833 vs. 1.7580058343316833
list:
dist: 2.274063921180259 vs. 2.274063921180259
list:
dist: 3.3386681891633554 vs. 3.3386681891633554
list:
dist: 2.419075465364852 vs. 2.419075465364852
list:
dist: 1.0390854992176588 vs. 1.0390854992176588
list:
dist: 1.0133155705065178 vs. 1.0133155705065178
list:
dist: 1.7503112432210377 vs. 1.7503112432210377
list:
dist: 1.7713958062315427 vs. 1.7713958062315427
list:
dist: 1.4250376961189175 vs. 1.4250376961189175
list:
dist: 1.3465457976798438 vs. 1.3465457976798438
list:
dist: 1.641844435832421 vs. 1.641844435832421
list:
dist: 1.2867508840443285 vs. 1.2867508840443285
list:
dist: 2.3335211373598557 vs. 2.3335211373598557
list:
dist: 2.0911617960429316 vs. 2.0911617960429316
list:
dist: 2.3485120434542273 vs. 2.3485120434542273
list:
dist: 2.5968941346227217 vs. 2.5968941346227217
list:
dist: 1.2760284783501807 vs. 1.2760284783501807
list:
dist: 2.172824944369372 vs. 2.172824944369372
list:
dist: 2.6054630656224513 vs. 2.6054630656224513
list:
dist: 2.6602785859559646 vs. 2.6602785859559646
list:
dist: 3.0963406437997074 vs. 3.0963406437997074
list:
dist: 3.76184926315771 vs. 3.76184926315771
list:
dist: 4.020481248620102 vs. 4.020481248620102
list:
dist: 2.4110766614445276 vs. 2.4110766614445276
list:
dist: 3.0117085943206527 vs. 3.0117085943206527
list:
dist: 3.7934826887518973 vs. 3.7934826887518973
list:
dist: 2.8183054575719644 vs. 2.8183054575719644
list:
dist: 2.086746326298764 vs. 2.086746326298764
list:
dist: 0.8655300704687636 vs. 0.8655300704687636
list:
dist: 1.2044374538069718 vs. 1.2044374538069718
list:
dist: 1.5031262381222807 vs. 1.5031262381222807
list:
dist: 2.2050849961996724 vs. 2.2050849961996724
list:
dist: 0.9000536924632185 vs. 0.9000536924632185
list:
dist: 1.9208091473199873 vs. 1.9208091473199873
list:
dist: 2.678615724228134 vs. 2.678615724228134
list:
dist: 2.9712544834705428 vs. 2.9712544834705428
list:
dist: 1.626364900346282 vs. 1.626364900346282
list:
dist: 2.0225291296555863 vs. 2.0225291296555863
list:
dist: 2.415230574561655 vs. 2.415230574561655
list:
dist: 2.0990556998804597 vs. 2.0990556998804597
list:
dist: 1.8914222057146013 vs. 1.8914222057146013
list:
dist: 2.2372754837375104 vs. 2.2372754837375104
list:
dist: 2.6476330729649735 vs. 2.6476330729649735
list:
dist: 2.5808025551687557 vs. 2.5808025551687557
list:
dist: 2.280151982380009 vs. 2.280151982380009
list:
dist: 2.605706458749935 vs. 2.605706458749935
list:
dist: 3.0315540173864837 vs. 3.0315540173864837
list:
dist: 2.684575437391294 vs. 2.684575437391294
list:
dist: 2.6883509008501028 vs. 2.6883509008501028
list:
dist: 2.419075465364852 vs. 2.419075465364852
list:
dist: 1.6046675267647934 vs. 1.6046675267647934
list:
dist: 2.0555607650440733 vs. 2.0555607650440733
list:
dist: 2.0103570919403415 vs. 2.0103570919403415
list:
dist: 1.9591785584916561 vs. 1.9591785584916561
list:
dist: 1.3956307979185452 vs. 1.3956307979185452
list:
dist: 1.885734571838634 vs. 1.885734571838634
list:
dist: 1.0928096098150133 vs. 1.0928096098150133
list:
dist: 1.2292394524549284 vs. 1.2292394524549284
list:
dist: 1.9697837667450275 vs. 1.9697837667450275
list:
dist: 0.8424338299904803 vs. 0.8424338299904803
list:
dist: 0.8372329328822856 vs. 0.8372329328822856
list:
dist: 1.466838309124548 vs. 1.466838309124548
list:
dist: 1.9069023996025403 vs. 1.9069023996025403
list:
dist: 1.850825462466732 vs. 1.850825462466732
list:
dist: 2.2810701356870666 vs. 2.2810701356870666
list:
dist: 1.9479942464243072 vs. 1.9479942464243072
list:
dist: 2.0063356188982473 vs. 2.0063356188982473
list:
dist: 1.1559327225893452 vs. 1.1559327225893452
list:
dist: 2.523110141901467 vs. 2.523110141901467
list:
dist: 2.2089249489384497 vs. 2.2089249489384497
list:
dist: 2.056495613195886 vs. 2.056495613195886
list:
dist: 1.9856925542938026 vs. 1.9856925542938026
list:
dist: 2.5759837223012436 vs. 2.5759837223012436
list:
dist: 1.6822650722766679 vs. 1.6822650722766679
list:
dist: 2.8734609067813914 vs. 2.8734609067813914
list:
dist: 2.2260560695474054 vs. 2.2260560695474054
list:
dist: 2.1050793208922647 vs. 2.1050793208922647
list:
dist: 1.9928206765692702 vs. 1.9928206765692702
list:
dist: 2.557149280537301 vs. 2.557149280537301
list:
dist: 3.5894515593549556 vs. 3.5894515593549556
list:
dist: 1.885734571838634 vs. 1.885734571838634
list:
dist: 2.0159009663561847 vs. 2.0159009663561847
list:
dist: 2.946560461701363 vs. 2.946560461701363
list:
dist: 3.8443908844924968 vs. 3.8443908844924968
list:
dist: 4.2002827233855875 vs. 4.2002827233855875
list:
dist: 3.45785913118919 vs. 3.45785913118919
list:
dist: 3.455292311847375 vs. 3.455292311847375
list:
dist: 4.11519839533032 vs. 4.11519839533032
list:
dist: 3.6130535176460996 vs. 3.6130535176460996
list:
dist: 3.3519781418814447 vs. 3.3519781418814447
list:
dist: 3.924272757283759 vs. 3.924272757283759
list:
dist: 4.112618942572412 vs. 4.112618942572412
list:
dist: 3.9109382318699475 vs. 3.9109382318699475
list:
dist: 3.505885032429712 vs. 3.505885032429712
list:
dist: 3.914353360511461 vs. 3.914353360511461
list:
dist: 4.519785177450607 vs. 4.519785177450607
list:
dist: 4.202042607636262 vs. 4.202042607636262
list:
dist: 4.502476965487919 vs. 4.502476965487919
list:
dist: 1.3465457976798438 vs. 1.3465457976798438
list:
dist: 1.2673099281237754 vs. 1.2673099281237754
list:
dist: 1.8290833378444364 vs. 1.8290833378444364
list:
dist: 2.1817869918962645 vs. 2.1817869918962645
list:
dist: 0.5280706769352002 vs. 0.5280706769352002
list:
dist: 0.6179510115426431 vs. 0.6179510115426431
list:
dist: 1.0633942157414134 vs. 1.0633942157414134
list:
dist: 1.4345620200077651 vs. 1.4345620200077651
list:
dist: 1.0687332873395436 vs. 1.0687332873395436
list:
dist: 1.6160019616888615 vs. 1.6160019616888615
list:
dist: 1.8284337079979842 vs. 1.8284337079979842
list:
dist: 1.4372943630210973 vs. 1.4372943630210973
list:
dist: 1.155926560112607 vs. 1.155926560112607
list:
dist: 1.0265553928574584 vs. 1.0265553928574584
list:
dist: 2.122854958421539 vs. 2.122854958421539
list:
dist: 1.334658024037413 vs. 1.334658024037413
list:
dist: 2.3486937536921206 vs. 2.3486937536921206
list:
dist: 1.7555430275306434 vs. 1.7555430275306434
list:
dist: 3.26266017177554 vs. 3.26266017177554
list:
dist: 2.5270600198430624 vs. 2.5270600198430624
list:
dist: 2.474713551085773 vs. 2.474713551085773
list:
dist: 2.928184826061507 vs. 2.928184826061507
list:
dist: 2.6831636126669443 vs. 2.6831636126669443
list:
dist: 2.099172290795224 vs. 2.099172290795224
list:
dist: 1.3934958205978725 vs. 1.3934958205978725
list:
dist: 1.5635530606056027 vs. 1.5635530606056027
list:
dist: 1.8046293495377743 vs. 1.8046293495377743
list:
dist: 1.6414392980027646 vs. 1.6414392980027646
list:
dist: 2.7983618813039386 vs. 2.7983618813039386
list:
dist: 3.559857961383872 vs. 3.559857961383872
list:
dist: 4.426426794572093 vs. 4.426426794572093
list:
dist: 1.3455230611449096 vs. 1.3455230611449096
list:
dist: 1.6904034596580542 vs. 1.6904034596580542
list:
dist: 2.1121312554439826 vs. 2.1121312554439826
list:
dist: 2.8172521560244816 vs. 2.8172521560244816
list:
dist: 0.9000536924632185 vs. 0.9000536924632185
list:
dist: 2.9207236795387685 vs. 2.9207236795387685
list:
dist: 2.6737905555497288 vs. 2.6737905555497288
list:
dist: 3.5119138476389353 vs. 3.5119138476389353
list:
dist: 2.1690837275899235 vs. 2.1690837275899235
list:
dist: 2.7482656048499217 vs. 2.7482656048499217
list:
dist: 3.063514580413039 vs. 3.063514580413039
list:
dist: 2.8650618522302005 vs. 2.8650618522302005
list:
dist: 2.7013068119326347 vs. 2.7013068119326347
list:
dist: 2.854295221312347 vs. 2.854295221312347
list:
dist: 3.2690200813375734 vs. 3.2690200813375734
list:
dist: 3.355277428678897 vs. 3.355277428678897
list:
dist: 3.1418115563935776 vs. 3.1418115563935776
list:
dist: 3.3773902307277837 vs. 3.3773902307277837
list:
dist: 3.782834983324346 vs. 3.782834983324346
list:
dist: 2.430197707037609 vs. 2.430197707037609
list:
dist: 2.9512476117083537 vs. 2.9512476117083537
list:
dist: 3.4586451141132106 vs. 3.4586451141132106
list:
dist: 3.969233465862831 vs. 3.969233465862831
list:
dist: 4.880786513098764 vs. 4.880786513098764
list:
dist: 2.8699204928382813 vs. 2.8699204928382813
list:
dist: 2.868982656186685 vs. 2.868982656186685
list:
dist: 2.811128216455835 vs. 2.811128216455835
list:
dist: 1.599082359158153 vs. 1.599082359158153
list:
dist: 1.8994295393725988 vs. 1.8994295393725988
list:
dist: 1.7622096633329665 vs. 1.7622096633329665
list:
dist: 2.0159009663561847 vs. 2.0159009663561847
list:
dist: 1.0158304873511628 vs. 1.0158304873511628
list:
dist: 1.5105000240472959 vs. 1.5105000240472959
list:
dist: 2.256770272901603 vs. 2.256770272901603
list:
dist: 1.654167290496936 vs. 1.654167290496936
list:
dist: 1.702259421241061 vs. 1.702259421241061
list:
dist: 1.8531950593162323 vs. 1.8531950593162323
list:
dist: 2.4519388230209676 vs. 2.4519388230209676
list:
dist: 1.5894814774220878 vs. 1.5894814774220878
list:
dist: 1.8991953026387098 vs. 1.8991953026387098
list:
dist: 1.9162484730176603 vs. 1.9162484730176603
list:
dist: 1.891329321547234 vs. 1.891329321547234
list:
dist: 1.2939147680023357 vs. 1.2939147680023357
list:
dist: 3.226278325569543 vs. 3.226278325569543
list:
dist: 2.775693938173269 vs. 2.775693938173269
list:
dist: 2.8371632321340274 vs. 2.8371632321340274
list:
dist: 2.8730002182555165 vs. 2.8730002182555165
list:
dist: 3.2893076588723917 vs. 3.2893076588723917
list:
dist: 2.4889201319229253 vs. 2.4889201319229253
list:
dist: 2.610574798310206 vs. 2.610574798310206
list:
dist: 2.7229328401466044 vs. 2.7229328401466044
list:
dist: 3.2116126907538223 vs. 3.2116126907538223
list:
dist: 4.071418400975917 vs. 4.071418400975917
list:
dist: 1.9479942464243072 vs. 1.9479942464243072
list:
dist: 1.9162484730176603 vs. 1.9162484730176603
list:
dist: 4.197517871647436 vs. 4.197517871647436
list:
dist: 3.7196258508960236 vs. 3.7196258508960236
list:
dist: 4.661096879568738 vs. 4.661096879568738
list:
dist: 3.358900293200773 vs. 3.358900293200773
list:
dist: 3.1660719699890447 vs. 3.1660719699890447
list:
dist: 4.047069670609525 vs. 4.047069670609525
list:
dist: 3.799137421925115 vs. 3.799137421925115
list:
dist: 3.3379510894307667 vs. 3.3379510894307667
list:
dist: 4.0756163939340935 vs. 4.0756163939340935
list:
dist: 3.6621089589537545 vs. 3.6621089589537545
list:
dist: 3.7027674346339823 vs. 3.7027674346339823
list:
dist: 3.594220907340001 vs. 3.594220907340001
list:
dist: 3.685979219837551 vs. 3.685979219837551
list:
dist: 4.638453687091667 vs. 4.638453687091667
list:
dist: 3.4468364498347412 vs. 3.4468364498347412
list:
dist: 4.03821211494659 vs. 4.03821211494659
list:
dist: 3.8334407818376217 vs. 3.8334407818376217
list:
dist: 4.428002901432032 vs. 4.428002901432032
list:
dist: 5.103573497164381 vs. 5.103573497164381
list:
dist: 3.671963297409975 vs. 3.671963297409975
list:
dist: 3.733199094063789 vs. 3.733199094063789
list:
dist: 3.4392984922520666 vs. 3.4392984922520666
list:
dist: 2.2320607070466494 vs. 2.2320607070466494
list:
dist: 0.9702168780012462 vs. 0.9702168780012462
list:
dist: 1.4596854947178348 vs. 1.4596854947178348
list:
dist: 1.334658024037413 vs. 1.334658024037413
list:
dist: 1.5542978826386236 vs. 1.5542978826386236
list:
dist: 2.2905982223221453 vs. 2.2905982223221453
list:
dist: 0.8195386425821793 vs. 0.8195386425821793
list:
dist: 1.9699595037327877 vs. 1.9699595037327877
list:
dist: 2.0379758208986525 vs. 2.0379758208986525
list:
dist: 0.9123913544308356 vs. 0.9123913544308356
list:
dist: 2.17159593660411 vs. 2.17159593660411
list:
dist: 0.7962548582269169 vs. 0.7962548582269169
list:
dist: 0.9813042934193908 vs. 0.9813042934193908
list:
dist: 1.1408502744406532 vs. 1.1408502744406532
list:
dist: 1.0269180023316606 vs. 1.0269180023316606
list:
dist: 2.79757443628263 vs. 2.79757443628263
list:
dist: 1.9092786277475347 vs. 1.9092786277475347
list:
dist: 2.3537118742905307 vs. 2.3537118742905307
list:
dist: 3.024320534976707 vs. 3.024320534976707
list:
dist: 2.453578547034272 vs. 2.453578547034272
list:
dist: 2.1700706967372305 vs. 2.1700706967372305
list:
dist: 1.0781019400511829 vs. 1.0781019400511829
list:
dist: 1.481019277150566 vs. 1.481019277150566
list:
dist: 1.071335451467337 vs. 1.071335451467337
list:
dist: 1.6635748238616215 vs. 1.6635748238616215
list:
dist: 2.844719575602982 vs. 2.844719575602982
list:
dist: 3.1144462380748976 vs. 3.1144462380748976
list:
dist: 3.4853159726028045 vs. 3.4853159726028045
list:
dist: 4.121481360758952 vs. 4.121481360758952
list:
dist: 2.0063356188982473 vs. 2.0063356188982473
list:
dist: 1.891329321547234 vs. 1.891329321547234
list:
dist: 3.3608855017041535 vs. 3.3608855017041535
list:
dist: 2.801295653792912 vs. 2.801295653792912
list:
dist: 3.7171807647705353 vs. 3.7171807647705353
list:
dist: 2.987198954395184 vs. 2.987198954395184
list:
dist: 2.7783139404667727 vs. 2.7783139404667727
list:
dist: 3.6745884649184277 vs. 3.6745884649184277
list:
dist: 3.6739177849512554 vs. 3.6739177849512554
list:
dist: 3.1375316271834377 vs. 3.1375316271834377
list:
dist: 3.8551885286459058 vs. 3.8551885286459058
list:
dist: 3.087161107804255 vs. 3.087161107804255
list:
dist: 3.3697208157062866 vs. 3.3697208157062866
list:
dist: 3.5036812538932134 vs. 3.5036812538932134
list:
dist: 3.346126162636995 vs. 3.346126162636995
list:
dist: 4.419556457549508 vs. 4.419556457549508
list:
dist: 2.5019594898642445 vs. 2.5019594898642445
list:
dist: 3.287406162123522 vs. 3.287406162123522
list:
dist: 2.7205901971549236 vs. 2.7205901971549236
list:
dist: 3.3023054184810285 vs. 3.3023054184810285
list:
dist: 3.964701418196014 vs. 3.964701418196014
list:
dist: 2.636070189099657 vs. 2.636070189099657
list:
dist: 2.7140807042519337 vs. 2.7140807042519337
list:
dist: 2.3838117650488586 vs. 2.3838117650488586
list:
dist: 2.9110370664375274 vs. 2.9110370664375274
list:
dist: 2.0146846894454544 vs. 2.0146846894454544
list:
dist: 2.264826082722538 vs. 2.264826082722538
list:
dist: 2.3486937536921206 vs. 2.3486937536921206
list:
dist: 2.120654929889747 vs. 2.120654929889747
list:
dist: 2.8494724163937555 vs. 2.8494724163937555
list:
dist: 1.7364815499272608 vs. 1.7364815499272608
list:
dist: 2.3159992333364787 vs. 2.3159992333364787
list:
dist: 2.2655483119673603 vs. 2.2655483119673603
list:
dist: 1.3311586847005672 vs. 1.3311586847005672
list:
dist: 2.9852817844721153 vs. 2.9852817844721153
list:
dist: 1.6421624933590762 vs. 1.6421624933590762
list:
dist: 0.8693642422135673 vs. 0.8693642422135673
list:
dist: 1.1408502744406532 vs. 1.1408502744406532
list:
dist: 0.9015907346539987 vs. 0.9015907346539987
list:
dist: 2.548699745090642 vs. 2.548699745090642
list:
dist: 1.8254910833414515 vs. 1.8254910833414515
list:
dist: 2.497175414064833 vs. 2.497175414064833
list:
dist: 3.0661311166687946 vs. 3.0661311166687946
list:
dist: 2.6384517667760026 vs. 2.6384517667760026
list:
dist: 2.4367633759644143 vs. 2.4367633759644143
list:
dist: 2.124449760941286 vs. 2.124449760941286
list:
dist: 2.341782717727509 vs. 2.341782717727509
list:
dist: 1.8101596463235174 vs. 1.8101596463235174
list:
dist: 2.4022263320969452 vs. 2.4022263320969452
list:
dist: 3.001512170927938 vs. 3.001512170927938
list:
dist: 3.221208277332972 vs. 3.221208277332972
list:
dist: 3.7078093199982196 vs. 3.7078093199982196
list:
dist: 4.484754831611833 vs. 4.484754831611833
list:
dist: 2.2810701356870666 vs. 2.2810701356870666
list:
dist: 1.8991953026387098 vs. 1.8991953026387098
list:
dist: 3.5527434178181574 vs. 3.5527434178181574
list:
dist: 3.059841524068961 vs. 3.059841524068961
list:
dist: 4.0167374559472275 vs. 4.0167374559472275
list:
dist: 3.5431600516544965 vs. 3.5431600516544965
list:
dist: 3.5143421339961045 vs. 3.5143421339961045
list:
dist: 4.317056986523239 vs. 4.317056986523239
list:
dist: 4.2227149714121905 vs. 4.2227149714121905
list:
dist: 3.7708687186605183 vs. 3.7708687186605183
list:
dist: 4.374093312471016 vs. 4.374093312471016
list:
dist: 3.89164749688756 vs. 3.89164749688756
list:
dist: 4.116595440756715 vs. 4.116595440756715
list:
dist: 4.132639846838365 vs. 4.132639846838365
list:
dist: 4.100384426209102 vs. 4.100384426209102
list:
dist: 5.050910744644007 vs. 5.050910744644007
list:
dist: 2.9592685469988105 vs. 2.9592685469988105
list:
dist: 3.947905395600869 vs. 3.947905395600869
list:
dist: 3.1430931454295585 vs. 3.1430931454295585
list:
dist: 3.7999978730180155 vs. 3.7999978730180155
list:
dist: 4.463527633003553 vs. 4.463527633003553
list:
dist: 3.108715992225003 vs. 3.108715992225003
list:
dist: 3.1569936725947363 vs. 3.1569936725947363
list:
dist: 2.779503721830332 vs. 2.779503721830332
list:
dist: 2.7018160995553475 vs. 2.7018160995553475
list:
dist: 1.6559190849525125 vs. 1.6559190849525125
list:
dist: 2.251280627927852 vs. 2.251280627927852
list:
dist: 2.122854958421539 vs. 2.122854958421539
list:
dist: 1.9714954565124028 vs. 1.9714954565124028
list:
dist: 2.8151637859312935 vs. 2.8151637859312935
list:
dist: 1.7959368189796832 vs. 1.7959368189796832
list:
dist: 2.6176298563691143 vs. 2.6176298563691143
list:
dist: 2.6494788488468095 vs. 2.6494788488468095
list:
dist: 1.6755179582376674 vs. 1.6755179582376674
list:
dist: 3.039266225581948 vs. 3.039266225581948
list:
dist: 1.1780620640727884 vs. 1.1780620640727884
list:
dist: 0.9813042934193908 vs. 0.9813042934193908
list:
dist: 0.8693642422135673 vs. 0.8693642422135673
list:
dist: 1.315352420453085 vs. 1.315352420453085
list:
dist: 3.3099173011966516 vs. 3.3099173011966516
list:
dist: 2.4955749051170817 vs. 2.4955749051170817
list:
dist: 3.080172177906707 vs. 3.080172177906707
list:
dist: 3.658643004467914 vs. 3.658643004467914
list:
dist: 3.212052610838631 vs. 3.212052610838631
list:
dist: 2.9284440408464736 vs. 2.9284440408464736
list:
dist: 1.6792397042909837 vs. 1.6792397042909837
list:
dist: 2.4186125571949484 vs. 2.4186125571949484
list:
dist: 1.8194274450865076 vs. 1.8194274450865076
list:
dist: 2.613747411772252 vs. 2.613747411772252
list:
dist: 3.7215425814104446 vs. 3.7215425814104446
list:
dist: 2.90729460277278 vs. 2.90729460277278
list:
dist: 2.511513818888801 vs. 2.511513818888801
list:
dist: 2.5161060294186908 vs. 2.5161060294186908
list:
dist: 2.9530751852130845 vs. 2.9530751852130845
list:
dist: 3.830997539056369 vs. 3.830997539056369
list:
dist: 1.9697837667450275 vs. 1.9697837667450275
list:
dist: 2.256770272901603 vs. 2.256770272901603
list:
dist: 2.9248386907746715 vs. 2.9248386907746715
list:
dist: 3.914638392725549 vs. 3.914638392725549
list:
dist: 4.003628254421527 vs. 4.003628254421527
list:
dist: 3.334460242879492 vs. 3.334460242879492
list:
dist: 2.9811239790990562 vs. 2.9811239790990562
list:
dist: 3.900552385628985 vs. 3.900552385628985
list:
dist: 3.5323314267069614 vs. 3.5323314267069614
list:
dist: 3.0725258630211556 vs. 3.0725258630211556
list:
dist: 3.9186670699134956 vs. 3.9186670699134956
list:
dist: 3.5504099226700183 vs. 3.5504099226700183
list:
dist: 3.4223809415441733 vs. 3.4223809415441733
list:
dist: 3.208668785221873 vs. 3.208668785221873
list:
dist: 3.4048443246128035 vs. 3.4048443246128035
list:
dist: 4.341158013694912 vs. 4.341158013694912
list:
dist: 3.921735226976163 vs. 3.921735226976163
list:
dist: 4.1910093647708635 vs. 4.1910093647708635
list:
dist: 2.3335211373598557 vs. 2.3335211373598557
list:
dist: 2.163372194922876 vs. 2.163372194922876
list:
dist: 2.5648825243562197 vs. 2.5648825243562197
list:
dist: 2.593266571033928 vs. 2.593266571033928
list:
dist: 1.0406795641054027 vs. 1.0406795641054027
list:
dist: 1.0882045469247377 vs. 1.0882045469247377
list:
dist: 1.0687332873395436 vs. 1.0687332873395436
list:
dist: 1.6462638823882285 vs. 1.6462638823882285
list:
dist: 2.12528059098513 vs. 2.12528059098513
list:
dist: 1.637590785162804 vs. 1.637590785162804
list:
dist: 1.7264633076698157 vs. 1.7264633076698157
list:
dist: 0.7070551533983986 vs. 0.7070551533983986
list:
dist: 1.566467971614026 vs. 1.566467971614026
list:
dist: 1.2674793189129097 vs. 1.2674793189129097
list:
dist: 1.7959368189796832 vs. 1.7959368189796832
list:
dist: 0.8195386425821793 vs. 0.8195386425821793
list:
dist: 1.7364815499272608 vs. 1.7364815499272608
list:
dist: 1.3300426449707712 vs. 1.3300426449707712
list:
dist: 2.4670762265521162 vs. 2.4670762265521162
list:
dist: 1.6021975499907397 vs. 1.6021975499907397
list:
dist: 1.822198363566046 vs. 1.822198363566046
list:
dist: 2.5656288592897476 vs. 2.5656288592897476
list:
dist: 1.8741262785307264 vs. 1.8741262785307264
list:
dist: 1.6245768447588 vs. 1.6245768447588
list:
dist: 1.2166890691598415 vs. 1.2166890691598415
list:
dist: 0.7922275107750565 vs. 0.7922275107750565
list:
dist: 0.9053519827556934 vs. 0.9053519827556934
list:
dist: 0.8806114266827847 vs. 0.8806114266827847
list:
dist: 3.0963406437997074 vs. 3.0963406437997074
list:
dist: 2.984885652077328 vs. 2.984885652077328
list:
dist: 3.440070768545671 vs. 3.440070768545671
list:
dist: 3.4631209862616936 vs. 3.4631209862616936
list:
dist: 1.611548668472787 vs. 1.611548668472787
list:
dist: 1.9772268086681186 vs. 1.9772268086681186
list:
dist: 1.8046293495377743 vs. 1.8046293495377743
list:
dist: 2.4366062214136694 vs. 2.4366062214136694
list:
dist: 3.0086130353175604 vs. 3.0086130353175604
list:
dist: 0.9053519827556934 vs. 0.9053519827556934
list:
dist: 2.49836120096726 vs. 2.49836120096726
list:
dist: 2.5471848798643957 vs. 2.5471848798643957
list:
dist: 1.344052984785899 vs. 1.344052984785899
list:
dist: 2.3979050653001055 vs. 2.3979050653001055
list:
dist: 1.7263661715853762 vs. 1.7263661715853762
list:
dist: 1.8194274450865076 vs. 1.8194274450865076
list:
dist: 1.071335451467337 vs. 1.071335451467337
list:
dist: 1.8101596463235174 vs. 1.8101596463235174
list:
dist: 1.8484577270533393 vs. 1.8484577270533393
list:
dist: 2.7383620207935113 vs. 2.7383620207935113
list:
dist: 1.7906572533354626 vs. 1.7906572533354626
list:
dist: 2.310504457233025 vs. 2.310504457233025
list:
dist: 3.20938016480904 vs. 3.20938016480904
list:
dist: 2.1384492358820437 vs. 2.1384492358820437
list:
dist: 2.2805527473851277 vs. 2.2805527473851277
list:
dist: 1.0663505930496382 vs. 1.0663505930496382
list:
dist: 0.8276006789944678 vs. 0.8276006789944678
list:
dist: 1.1902632277903737 vs. 1.1902632277903737
100
rk
<OccurredElementalReaction>
	 elmtlRkId: 4
	 p(id,type,coords) 141 5 11.965116175883784 -0.21557742038871078 7.904522693916683
</OccurredElementalReaction>
200
Neighbor List consistency Check...
--------
nle(id0,id1,dist): 4 41 4.760475443072964
list:
dist: 4.760475443072964 vs. 4.760475443072964
--------
nle(id0,id1,dist): 5 6 1.8176920512024817
list:
dist: 1.8176920512024817 vs. 1.8176920512024817
--------
nle(id0,id1,dist): 5 7 1.9789846252434748
list:
dist: 1.9789846252434748 vs. 1.9789846252434748
--------
nle(id0,id1,dist): 4 37 4.847464622010194
list:
dist: 4.847464622010194 vs. 4.847464622010194
--------
nle(id0,id1,dist): 4 31 4.421901468486532
list:
dist: 4.421901468486532 vs. 4.421901468486532
--------
nle(id0,id1,dist): 4 32 4.802049714503892
list:
dist: 4.802049714503892 vs. 4.802049714503892
--------
nle(id0,id1,dist): 5 21 3.0282656623661524
list:
dist: 3.0282656623661524 vs. 3.0282656623661524
--------
nle(id0,id1,dist): 5 20 3.0430148339210703
list:
dist: 3.0430148339210703 vs. 3.0430148339210703
--------
nle(id0,id1,dist): 5 23 3.5041695930639936
list:
dist: 3.5041695930639936 vs. 3.5041695930639936
--------
nle(id0,id1,dist): 5 17 2.4720373171129917
list:
dist: 2.4720373171129917 vs. 2.4720373171129917
--------
nle(id0,id1,dist): 5 19 3.481195542631416
list:
dist: 3.481195542631416 vs. 3.481195542631416
--------
nle(id0,id1,dist): 5 18 1.4327717157156765
list:
dist: 1.4327717157156765 vs. 1.4327717157156765
--------
nle(id0,id1,dist): 5 13 2.0854998820879698
list:
dist: 2.0854998820879698 vs. 2.0854998820879698
--------
nle(id0,id1,dist): 5 12 2.0273747654224454
list:
dist: 2.0273747654224454 vs. 2.0273747654224454
--------
nle(id0,id1,dist): 5 15 3.4262515653126333
list:
dist: 3.4262515653126333 vs. 3.4262515653126333
--------
nle(id0,id1,dist): 5 14 2.1696569871584703
list:
dist: 2.1696569871584703 vs. 2.1696569871584703
--------
nle(id0,id1,dist): 5 9 1.5690914304043446
list:
dist: 1.5690914304043446 vs. 1.5690914304043446
--------
nle(id0,id1,dist): 5 8 0.9767356267893956
list:
dist: 0.9767356267893956 vs. 0.9767356267893956
--------
nle(id0,id1,dist): 5 11 2.487080414903656
list:
dist: 2.487080414903656 vs. 2.487080414903656
--------
nle(id0,id1,dist): 5 10 1.3505121023943396
list:
dist: 1.3505121023943396 vs. 1.3505121023943396
--------
nle(id0,id1,dist): 4 11 0.8606169410645307
list:
dist: 0.8606169410645307 vs. 0.8606169410645307
--------
nle(id0,id1,dist): 4 12 1.0422481933202923
list:
dist: 1.0422481933202923 vs. 1.0422481933202923
--------
nle(id0,id1,dist): 4 9 1.5165046161899272
list:
dist: 1.5165046161899272 vs. 1.5165046161899272
--------
nle(id0,id1,dist): 4 10 1.8356319823916634
list:
dist: 1.8356319823916634 vs. 1.8356319823916634
--------
nle(id0,id1,dist): 4 7 2.2097756415992813
list:
dist: 2.2097756415992813 vs. 2.2097756415992813
--------
nle(id0,id1,dist): 4 8 2.860760157109191
list:
dist: 2.860760157109191 vs. 2.860760157109191
--------
nle(id0,id1,dist): 4 5 2.7269647293571864
list:
dist: 2.7269647293571864 vs. 2.7269647293571864
--------
nle(id0,id1,dist): 4 6 1.7747523883278113
list:
dist: 1.7747523883278113 vs. 1.7747523883278113
--------
nle(id0,id1,dist): 4 27 2.2973341308717505
list:
dist: 2.2973341308717505 vs. 2.2973341308717505
--------
nle(id0,id1,dist): 4 23 2.813136673217289
list:
dist: 2.813136673217289 vs. 2.813136673217289
--------
nle(id0,id1,dist): 4 22 3.309441518237421
list:
dist: 3.309441518237421 vs. 3.309441518237421
--------
nle(id0,id1,dist): 4 21 2.1488201496361192
list:
dist: 2.1488201496361192 vs. 2.1488201496361192
--------
nle(id0,id1,dist): 4 20 1.9474686958495706
list:
dist: 1.9474686958495706 vs. 1.9474686958495706
--------
nle(id0,id1,dist): 4 19 2.045394690121609
list:
dist: 2.045394690121609 vs. 2.045394690121609
--------
nle(id0,id1,dist): 4 18 1.5966985025422926
list:
dist: 1.5966985025422926 vs. 1.5966985025422926
--------
nle(id0,id1,dist): 4 17 0.596921304954085
list:
dist: 0.596921304954085 vs. 0.596921304954085
--------
nle(id0,id1,dist): 4 16 2.002512246161953
list:
dist: 2.002512246161953 vs. 2.002512246161953
--------
nle(id0,id1,dist): 4 15 1.4208427210237211
list:
dist: 1.4208427210237211 vs. 1.4208427210237211
--------
nle(id0,id1,dist): 4 14 1.72116853879384
list:
dist: 1.72116853879384 vs. 1.72116853879384
--------
nle(id0,id1,dist): 4 13 1.8953255486945326
list:
dist: 1.8953255486945326 vs. 1.8953255486945326
--------
nle(id0,id1,dist): 6 27 3.3945796985359498
list:
dist: 3.3945796985359498 vs. 3.3945796985359498
--------
nle(id0,id1,dist): 6 19 3.486860460426612
list:
dist: 3.486860460426612 vs. 3.486860460426612
--------
nle(id0,id1,dist): 6 20 3.2291737920749393
list:
dist: 3.2291737920749393 vs. 3.2291737920749393
--------
nle(id0,id1,dist): 6 21 3.3479934599210726
list:
dist: 3.3479934599210726 vs. 3.3479934599210726
--------
nle(id0,id1,dist): 6 23 3.9219835958105294
list:
dist: 3.9219835958105294 vs. 3.9219835958105294
--------
nle(id0,id1,dist): 7 9 1.3931001109732262
list:
dist: 1.3931001109732262 vs. 1.3931001109732262
--------
nle(id0,id1,dist): 7 8 1.792230023233788
list:
dist: 1.792230023233788 vs. 1.792230023233788
--------
nle(id0,id1,dist): 7 11 1.8084477599842814
list:
dist: 1.8084477599842814 vs. 1.8084477599842814
--------
nle(id0,id1,dist): 7 10 1.554703714798286
list:
dist: 1.554703714798286 vs. 1.554703714798286
--------
nle(id0,id1,dist): 7 13 0.400532522844099
list:
dist: 0.400532522844099 vs. 0.400532522844099
--------
nle(id0,id1,dist): 7 12 2.0291985449522616
list:
dist: 2.0291985449522616 vs. 2.0291985449522616
--------
nle(id0,id1,dist): 5 26 2.892480370061284
list:
dist: 2.892480370061284 vs. 2.892480370061284
--------
nle(id0,id1,dist): 5 27 2.9872271269006374
list:
dist: 2.9872271269006374 vs. 2.9872271269006374
--------
nle(id0,id1,dist): 5 24 2.976581430136247
list:
dist: 2.976581430136247 vs. 2.976581430136247
--------
nle(id0,id1,dist): 5 29 4.748499652374608
list:
dist: 4.748499652374608 vs. 4.748499652374608
--------
nle(id0,id1,dist): 6 14 2.451055788064675
list:
dist: 2.451055788064675 vs. 2.451055788064675
--------
nle(id0,id1,dist): 6 13 2.535322634107506
list:
dist: 2.535322634107506 vs. 2.535322634107506
--------
nle(id0,id1,dist): 6 12 1.472053820387982
list:
dist: 1.472053820387982 vs. 1.472053820387982
--------
nle(id0,id1,dist): 6 11 2.082098900779556
list:
dist: 2.082098900779556 vs. 2.082098900779556
--------
nle(id0,id1,dist): 6 18 1.4874511247536881
list:
dist: 1.4874511247536881 vs. 1.4874511247536881
--------
nle(id0,id1,dist): 6 17 1.2666905357313623
list:
dist: 1.2666905357313623 vs. 1.2666905357313623
--------
nle(id0,id1,dist): 6 15 3.014249110288482
list:
dist: 3.014249110288482 vs. 3.014249110288482
--------
nle(id0,id1,dist): 6 10 1.8175834351709035
list:
dist: 1.8175834351709035 vs. 1.8175834351709035
--------
nle(id0,id1,dist): 6 9 1.4603232751630078
list:
dist: 1.4603232751630078 vs. 1.4603232751630078
--------
nle(id0,id1,dist): 6 8 2.124838339807457
list:
dist: 2.124838339807457 vs. 2.124838339807457
--------
nle(id0,id1,dist): 6 7 2.714482844765031
list:
dist: 2.714482844765031 vs. 2.714482844765031
--------
nle(id0,id1,dist): 8 14 2.5725514436031656
list:
dist: 2.5725514436031656 vs. 2.5725514436031656
--------
nle(id0,id1,dist): 8 13 1.8555590106708728
list:
dist: 1.8555590106708728 vs. 1.8555590106708728
--------
nle(id0,id1,dist): 8 15 3.649593737274655
list:
dist: 3.649593737274655 vs. 3.649593737274655
--------
nle(id0,id1,dist): 8 10 1.9393422205458979
list:
dist: 1.9393422205458979 vs. 1.9393422205458979
--------
nle(id0,id1,dist): 8 9 1.3790769026238259
list:
dist: 1.3790769026238259 vs. 1.3790769026238259
--------
nle(id0,id1,dist): 8 12 2.4841742207460262
list:
dist: 2.4841742207460262 vs. 2.4841742207460262
--------
nle(id0,id1,dist): 8 11 2.777454190120566
list:
dist: 2.777454190120566 vs. 2.777454190120566
--------
nle(id0,id1,dist): 8 21 2.997267376848551
list:
dist: 2.997267376848551 vs. 2.997267376848551
--------
nle(id0,id1,dist): 8 24 2.9071567487509613
list:
dist: 2.9071567487509613 vs. 2.9071567487509613
--------
nle(id0,id1,dist): 8 23 3.1653691805116346
list:
dist: 3.1653691805116346 vs. 3.1653691805116346
--------
nle(id0,id1,dist): 8 18 1.2773293947431326
list:
dist: 1.2773293947431326 vs. 1.2773293947431326
--------
nle(id0,id1,dist): 8 17 2.5689844086999347
list:
dist: 2.5689844086999347 vs. 2.5689844086999347
--------
nle(id0,id1,dist): 8 20 3.136866367586464
list:
dist: 3.136866367586464 vs. 3.136866367586464
--------
nle(id0,id1,dist): 8 19 3.3364608223956913
list:
dist: 3.3364608223956913 vs. 3.3364608223956913
--------
nle(id0,id1,dist): 8 29 4.46378857109485
list:
dist: 4.46378857109485 vs. 4.46378857109485
--------
nle(id0,id1,dist): 8 26 2.506645630826436
list:
dist: 2.506645630826436 vs. 2.506645630826436
--------
nle(id0,id1,dist): 8 27 2.8272783011859977
list:
dist: 2.8272783011859977 vs. 2.8272783011859977
--------
nle(id0,id1,dist): 7 21 1.2443748710530058
list:
dist: 1.2443748710530058 vs. 1.2443748710530058
--------
nle(id0,id1,dist): 7 20 1.47816031818334
list:
dist: 1.47816031818334 vs. 1.47816031818334
--------
nle(id0,id1,dist): 7 19 1.7023058196139549
list:
dist: 1.7023058196139549 vs. 1.7023058196139549
--------
nle(id0,id1,dist): 7 18 1.3095670003591784
list:
dist: 1.3095670003591784 vs. 1.3095670003591784
--------
nle(id0,id1,dist): 7 17 2.322794825265632
list:
dist: 2.322794825265632 vs. 2.322794825265632
--------
nle(id0,id1,dist): 7 15 2.3237655291436408
list:
dist: 2.3237655291436408 vs. 2.3237655291436408
--------
nle(id0,id1,dist): 7 14 1.4514740826402617
list:
dist: 1.4514740826402617 vs. 1.4514740826402617
--------
nle(id0,id1,dist): 7 29 2.805151047948527
list:
dist: 2.805151047948527 vs. 2.805151047948527
--------
nle(id0,id1,dist): 7 27 1.0620938127228747
list:
dist: 1.0620938127228747 vs. 1.0620938127228747
--------
nle(id0,id1,dist): 7 26 1.0801460325762584
list:
dist: 1.0801460325762584 vs. 1.0801460325762584
--------
nle(id0,id1,dist): 7 24 1.29291245434444
list:
dist: 1.29291245434444 vs. 1.29291245434444
--------
nle(id0,id1,dist): 7 23 1.5334971075441128
list:
dist: 1.5334971075441128 vs. 1.5334971075441128
--------
nle(id0,id1,dist): 10 12 0.959223263487533
list:
dist: 0.959223263487533 vs. 0.959223263487533
--------
nle(id0,id1,dist): 10 11 1.2939523474705406
list:
dist: 1.2939523474705406 vs. 1.2939523474705406
--------
nle(id0,id1,dist): 10 14 0.8878622196115921
list:
dist: 0.8878622196115921 vs. 0.8878622196115921
--------
nle(id0,id1,dist): 10 13 1.5940126362790834
list:
dist: 1.5940126362790834 vs. 1.5940126362790834
--------
nle(id0,id1,dist): 10 15 2.1783159388192868
list:
dist: 2.1783159388192868 vs. 2.1783159388192868
--------
nle(id0,id1,dist): 10 17 1.8590434072796695
list:
dist: 1.8590434072796695 vs. 1.8590434072796695
--------
nle(id0,id1,dist): 10 18 1.3276998407311442
list:
dist: 1.3276998407311442 vs. 1.3276998407311442
--------
nle(id0,id1,dist): 10 19 2.5711409024020098
list:
dist: 2.5711409024020098 vs. 2.5711409024020098
--------
nle(id0,id1,dist): 10 20 1.9467005960421044
list:
dist: 1.9467005960421044 vs. 1.9467005960421044
--------
nle(id0,id1,dist): 10 21 2.089218095362376
list:
dist: 2.089218095362376 vs. 2.089218095362376
--------
nle(id0,id1,dist): 10 23 2.8999851155800087
list:
dist: 2.8999851155800087 vs. 2.8999851155800087
--------
nle(id0,id1,dist): 10 27 2.2189004901968534
list:
dist: 2.2189004901968534 vs. 2.2189004901968534
--------
nle(id0,id1,dist): 9 11 1.6239541754285287
list:
dist: 1.6239541754285287 vs. 1.6239541754285287
--------
nle(id0,id1,dist): 9 10 1.4407805124848292
list:
dist: 1.4407805124848292 vs. 1.4407805124848292
--------
nle(id0,id1,dist): 9 15 2.469970712711817
list:
dist: 2.469970712711817 vs. 2.469970712711817
--------
nle(id0,id1,dist): 9 14 1.8180784900686084
list:
dist: 1.8180784900686084 vs. 1.8180784900686084
--------
nle(id0,id1,dist): 9 13 1.1647906851538885
list:
dist: 1.1647906851538885 vs. 1.1647906851538885
--------
nle(id0,id1,dist): 9 12 1.4685703831625125
list:
dist: 1.4685703831625125 vs. 1.4685703831625125
--------
nle(id0,id1,dist): 9 19 2.3424644379111963
list:
dist: 2.3424644379111963 vs. 2.3424644379111963
--------
nle(id0,id1,dist): 9 18 0.1578983620243156
list:
dist: 0.1578983620243156 vs. 0.1578983620243156
--------
nle(id0,id1,dist): 9 17 1.2708370330822374
list:
dist: 1.2708370330822374 vs. 1.2708370330822374
--------
nle(id0,id1,dist): 9 23 2.5499330626268533
list:
dist: 2.5499330626268533 vs. 2.5499330626268533
--------
nle(id0,id1,dist): 9 20 2.24137408011668
list:
dist: 2.24137408011668 vs. 2.24137408011668
--------
nle(id0,id1,dist): 9 21 2.197095167124537
list:
dist: 2.197095167124537 vs. 2.197095167124537
--------
nle(id0,id1,dist): 9 27 2.1176770604692026
list:
dist: 2.1176770604692026 vs. 2.1176770604692026
--------
nle(id0,id1,dist): 12 20 1.9691413690411752
list:
dist: 1.9691413690411752 vs. 1.9691413690411752
--------
nle(id0,id1,dist): 12 19 2.455108641505719
list:
dist: 2.455108641505719 vs. 2.455108641505719
--------
nle(id0,id1,dist): 12 18 1.450394505324103
list:
dist: 1.450394505324103 vs. 1.450394505324103
--------
nle(id0,id1,dist): 12 17 1.1265229122816964
list:
dist: 1.1265229122816964 vs. 1.1265229122816964
--------
nle(id0,id1,dist): 12 15 1.6877142685726152
list:
dist: 1.6877142685726152 vs. 1.6877142685726152
--------
nle(id0,id1,dist): 12 14 1.136150021153466
list:
dist: 1.136150021153466 vs. 1.136150021153466
--------
nle(id0,id1,dist): 12 13 1.8762684774928045
list:
dist: 1.8762684774928045 vs. 1.8762684774928045
--------
nle(id0,id1,dist): 11 27 1.8665434555173792
list:
dist: 1.8665434555173792 vs. 1.8665434555173792
--------
nle(id0,id1,dist): 11 23 2.5248554893207875
list:
dist: 2.5248554893207875 vs. 2.5248554893207875
--------
nle(id0,id1,dist): 11 22 2.8473144916397097
list:
dist: 2.8473144916397097 vs. 2.8473144916397097
--------
nle(id0,id1,dist): 11 19 1.7833674037752811
list:
dist: 1.7833674037752811 vs. 1.7833674037752811
--------
nle(id0,id1,dist): 11 18 1.6257873576821258
list:
dist: 1.6257873576821258 vs. 1.6257873576821258
--------
nle(id0,id1,dist): 11 21 1.6184568455268478
list:
dist: 1.6184568455268478 vs. 1.6184568455268478
--------
nle(id0,id1,dist): 11 20 1.3262838367915246
list:
dist: 1.3262838367915246 vs. 1.3262838367915246
--------
nle(id0,id1,dist): 11 15 0.992755227963905
list:
dist: 0.992755227963905 vs. 0.992755227963905
--------
nle(id0,id1,dist): 11 14 0.9046455928872321
list:
dist: 0.9046455928872321 vs. 0.9046455928872321
--------
nle(id0,id1,dist): 11 17 1.283440950936979
list:
dist: 1.283440950936979 vs. 1.283440950936979
--------
nle(id0,id1,dist): 11 16 1.7230669382659323
list:
dist: 1.7230669382659323 vs. 1.7230669382659323
--------
nle(id0,id1,dist): 11 13 1.6094246431987924
list:
dist: 1.6094246431987924 vs. 1.6094246431987924
--------
nle(id0,id1,dist): 11 12 0.7401359143631265
list:
dist: 0.7401359143631265 vs. 0.7401359143631265
--------
nle(id0,id1,dist): 13 26 1.2617470940076057
list:
dist: 1.2617470940076057 vs. 1.2617470940076057
--------
nle(id0,id1,dist): 13 27 1.0148586593164937
list:
dist: 1.0148586593164937 vs. 1.0148586593164937
--------
nle(id0,id1,dist): 13 24 1.5632575396673658
list:
dist: 1.5632575396673658 vs. 1.5632575396673658
--------
nle(id0,id1,dist): 13 29 2.8628545452282945
list:
dist: 2.8628545452282945 vs. 2.8628545452282945
--------
nle(id0,id1,dist): 13 18 1.1200981978760456
list:
dist: 1.1200981978760456 vs. 1.1200981978760456
--------
nle(id0,id1,dist): 13 19 1.4931574842134916
list:
dist: 1.4931574842134916 vs. 1.4931574842134916
--------
nle(id0,id1,dist): 13 17 2.0122179460386547
list:
dist: 2.0122179460386547 vs. 2.0122179460386547
--------
nle(id0,id1,dist): 13 23 1.4728994262329158
list:
dist: 1.4728994262329158 vs. 1.4728994262329158
--------
nle(id0,id1,dist): 13 20 1.406242549269776
list:
dist: 1.406242549269776 vs. 1.406242549269776
--------
nle(id0,id1,dist): 13 21 1.1936875929164092
list:
dist: 1.1936875929164092 vs. 1.1936875929164092
--------
nle(id0,id1,dist): 13 15 2.1240617675063587
list:
dist: 2.1240617675063587 vs. 2.1240617675063587
--------
nle(id0,id1,dist): 13 14 1.4658060409173397
list:
dist: 1.4658060409173397 vs. 1.4658060409173397
--------
nle(id0,id1,dist): 12 21 2.216219525779689
list:
dist: 2.216219525779689 vs. 2.216219525779689
--------
nle(id0,id1,dist): 12 23 3.0733278235292185
list:
dist: 3.0733278235292185 vs. 3.0733278235292185
--------
nle(id0,id1,dist): 12 27 2.4093928917386447
list:
dist: 2.4093928917386447 vs. 2.4093928917386447
--------
nle(id0,id1,dist): 15 27 1.877247534186163
list:
dist: 1.877247534186163 vs. 1.877247534186163
--------
nle(id0,id1,dist): 15 22 2.274331679222364
list:
dist: 2.274331679222364 vs. 2.274331679222364
--------
nle(id0,id1,dist): 15 23 2.441209277220606
list:
dist: 2.441209277220606 vs. 2.441209277220606
--------
nle(id0,id1,dist): 15 21 1.5266377184220117
list:
dist: 1.5266377184220117 vs. 1.5266377184220117
--------
nle(id0,id1,dist): 15 20 1.1386732446466294
list:
dist: 1.1386732446466294 vs. 1.1386732446466294
--------
nle(id0,id1,dist): 15 19 1.4771240560675132
list:
dist: 1.4771240560675132 vs. 1.4771240560675132
--------
nle(id0,id1,dist): 15 18 2.489028532931905
list:
dist: 2.489028532931905 vs. 2.489028532931905
--------
nle(id0,id1,dist): 15 17 2.0049554366121796
list:
dist: 2.0049554366121796 vs. 2.0049554366121796
--------
nle(id0,id1,dist): 15 16 0.743585835720609
list:
dist: 0.743585835720609 vs. 0.743585835720609
--------
nle(id0,id1,dist): 14 27 1.6626408619028723
list:
dist: 1.6626408619028723 vs. 1.6626408619028723
--------
nle(id0,id1,dist): 14 28 3.4369703374508602
list:
dist: 3.4369703374508602 vs. 3.4369703374508602
--------
nle(id0,id1,dist): 14 29 3.4484791379402684
list:
dist: 3.4484791379402684 vs. 3.4484791379402684
--------
nle(id0,id1,dist): 14 16 2.128850725220601
list:
dist: 2.128850725220601 vs. 2.128850725220601
--------
nle(id0,id1,dist): 14 15 1.467004262464329
list:
dist: 1.467004262464329 vs. 1.467004262464329
--------
nle(id0,id1,dist): 14 18 1.7425931492122104
list:
dist: 1.7425931492122104 vs. 1.7425931492122104
--------
nle(id0,id1,dist): 14 17 2.0155387215405822
list:
dist: 2.0155387215405822 vs. 2.0155387215405822
--------
nle(id0,id1,dist): 14 24 1.911743281810589
list:
dist: 1.911743281810589 vs. 1.911743281810589
--------
nle(id0,id1,dist): 14 23 2.3990129522371633
list:
dist: 2.3990129522371633 vs. 2.3990129522371633
--------
nle(id0,id1,dist): 14 26 2.327321081802457
list:
dist: 2.327321081802457 vs. 2.327321081802457
--------
nle(id0,id1,dist): 14 20 1.1536038352321323
list:
dist: 1.1536038352321323 vs. 1.1536038352321323
--------
nle(id0,id1,dist): 14 19 1.9265506398119492
list:
dist: 1.9265506398119492 vs. 1.9265506398119492
--------
nle(id0,id1,dist): 14 22 2.690812230503225
list:
dist: 2.690812230503225 vs. 2.690812230503225
--------
nle(id0,id1,dist): 14 21 1.4041293701561852
list:
dist: 1.4041293701561852 vs. 1.4041293701561852
--------
nle(id0,id1,dist): 17 18 1.3728920019297184
list:
dist: 1.3728920019297184 vs. 1.3728920019297184
--------
nle(id0,id1,dist): 17 19 2.47916384688831
list:
dist: 2.47916384688831 vs. 2.47916384688831
--------
nle(id0,id1,dist): 17 22 3.7947484392810904
list:
dist: 3.7947484392810904 vs. 3.7947484392810904
--------
nle(id0,id1,dist): 17 23 3.1140408155511756
list:
dist: 3.1140408155511756 vs. 3.1140408155511756
--------
nle(id0,id1,dist): 17 20 2.4023361628456192
list:
dist: 2.4023361628456192 vs. 2.4023361628456192
--------
nle(id0,id1,dist): 17 21 2.5467524690452517
list:
dist: 2.5467524690452517 vs. 2.5467524690452517
--------
nle(id0,id1,dist): 17 27 2.62912329900103
list:
dist: 2.62912329900103 vs. 2.62912329900103
--------
nle(id0,id1,dist): 16 17 2.597455185274716
list:
dist: 2.597455185274716 vs. 2.597455185274716
--------
nle(id0,id1,dist): 16 19 1.519950892905715
list:
dist: 1.519950892905715 vs. 1.519950892905715
--------
nle(id0,id1,dist): 16 20 1.459514827662936
list:
dist: 1.459514827662936 vs. 1.459514827662936
--------
nle(id0,id1,dist): 16 21 1.7796040444736076
list:
dist: 1.7796040444736076 vs. 1.7796040444736076
--------
nle(id0,id1,dist): 16 22 2.003673107252564
list:
dist: 2.003673107252564 vs. 2.003673107252564
--------
nle(id0,id1,dist): 16 23 2.5185545110107808
list:
dist: 2.5185545110107808 vs. 2.5185545110107808
--------
nle(id0,id1,dist): 16 27 2.114746358736975
list:
dist: 2.114746358736975 vs. 2.114746358736975
--------
nle(id0,id1,dist): 1 2 1.5488594653224186
list:
dist: 1.5488594653224186 vs. 1.5488594653224186
--------
nle(id0,id1,dist): 1 3 1.4694315633798174
list:
dist: 1.4694315633798174 vs. 1.4694315633798174
--------
nle(id0,id1,dist): 1 4 2.0774423388139356
list:
dist: 2.0774423388139356 vs. 2.0774423388139356
--------
nle(id0,id1,dist): 1 5 0.8445918640291245
list:
dist: 0.8445918640291245 vs. 0.8445918640291245
--------
nle(id0,id1,dist): 1 6 1.4834694821133412
list:
dist: 1.4834694821133412 vs. 1.4834694821133412
--------
nle(id0,id1,dist): 1 7 1.8222920112338894
list:
dist: 1.8222920112338894 vs. 1.8222920112338894
--------
nle(id0,id1,dist): 1 8 1.5781145112778505
list:
dist: 1.5781145112778505 vs. 1.5781145112778505
--------
nle(id0,id1,dist): 1 9 1.366475675941513
list:
dist: 1.366475675941513 vs. 1.366475675941513
--------
nle(id0,id1,dist): 1 10 0.6079101503030399
list:
dist: 0.6079101503030399 vs. 0.6079101503030399
--------
nle(id0,id1,dist): 1 11 1.7469782141516905
list:
dist: 1.7469782141516905 vs. 1.7469782141516905
--------
nle(id0,id1,dist): 2 5 2.2116825611073363
list:
dist: 2.2116825611073363 vs. 2.2116825611073363
--------
nle(id0,id1,dist): 2 6 0.9492896512137979
list:
dist: 0.9492896512137979 vs. 0.9492896512137979
--------
nle(id0,id1,dist): 2 3 0.5402757239547078
list:
dist: 0.5402757239547078 vs. 0.5402757239547078
--------
nle(id0,id1,dist): 2 4 0.9878829837761162
list:
dist: 0.9878829837761162 vs. 0.9878829837761162
--------
nle(id0,id1,dist): 1 15 2.7002310810015917
list:
dist: 2.7002310810015917 vs. 2.7002310810015917
--------
nle(id0,id1,dist): 1 14 1.490970201529691
list:
dist: 1.490970201529691 vs. 1.490970201529691
--------
nle(id0,id1,dist): 1 13 1.8579289801624115
list:
dist: 1.8579289801624115 vs. 1.8579289801624115
--------
nle(id0,id1,dist): 1 12 1.2301685072501571
list:
dist: 1.2301685072501571 vs. 1.2301685072501571
--------
nle(id0,id1,dist): 1 19 3.02899793467908
list:
dist: 3.02899793467908 vs. 3.02899793467908
--------
nle(id0,id1,dist): 1 18 1.244088035327442
list:
dist: 1.244088035327442 vs. 1.244088035327442
--------
nle(id0,id1,dist): 1 17 1.9193670333872495
list:
dist: 1.9193670333872495 vs. 1.9193670333872495
--------
nle(id0,id1,dist): 1 23 3.2786946724703734
list:
dist: 3.2786946724703734 vs. 3.2786946724703734
--------
nle(id0,id1,dist): 1 21 2.5892239142568694
list:
dist: 2.5892239142568694 vs. 2.5892239142568694
--------
nle(id0,id1,dist): 1 20 2.495772924293432
list:
dist: 2.495772924293432 vs. 2.495772924293432
--------
nle(id0,id1,dist): 1 27 2.6540511452277724
list:
dist: 2.6540511452277724 vs. 2.6540511452277724
--------
nle(id0,id1,dist): 2 27 2.9158435503757247
list:
dist: 2.9158435503757247 vs. 2.9158435503757247
--------
nle(id0,id1,dist): 2 23 3.5022830199049806
list:
dist: 3.5022830199049806 vs. 3.5022830199049806
--------
nle(id0,id1,dist): 2 12 0.7511765331528817
list:
dist: 0.7511765331528817 vs. 0.7511765331528817
--------
nle(id0,id1,dist): 2 11 1.2842944021655198
list:
dist: 1.2842944021655198 vs. 1.2842944021655198
--------
nle(id0,id1,dist): 2 14 1.8681295807013567
list:
dist: 1.8681295807013567 vs. 1.8681295807013567
--------
nle(id0,id1,dist): 2 13 2.269219036655708
list:
dist: 2.269219036655708 vs. 2.269219036655708
--------
nle(id0,id1,dist): 2 8 2.574224555909131
list:
dist: 2.574224555909131 vs. 2.574224555909131
--------
nle(id0,id1,dist): 2 7 2.491221211389334
list:
dist: 2.491221211389334 vs. 2.491221211389334
--------
nle(id0,id1,dist): 2 10 1.5432117611019074
list:
dist: 1.5432117611019074 vs. 1.5432117611019074
--------
nle(id0,id1,dist): 2 9 1.49541518198952
list:
dist: 1.49541518198952 vs. 1.49541518198952
--------
nle(id0,id1,dist): 2 20 2.5665997870255817
list:
dist: 2.5665997870255817 vs. 2.5665997870255817
--------
nle(id0,id1,dist): 2 19 2.870231284503015
list:
dist: 2.870231284503015 vs. 2.870231284503015
--------
nle(id0,id1,dist): 2 21 2.776129461590913
list:
dist: 2.776129461590913 vs. 2.776129461590913
--------
nle(id0,id1,dist): 2 15 2.139999747815304
list:
dist: 2.139999747815304 vs. 2.139999747815304
--------
nle(id0,id1,dist): 2 18 1.5343133584349202
list:
dist: 1.5343133584349202 vs. 1.5343133584349202
--------
nle(id0,id1,dist): 2 17 0.7153119412949891
list:
dist: 0.7153119412949891 vs. 0.7153119412949891
--------
nle(id0,id1,dist): 3 23 3.1946690957009873
list:
dist: 3.1946690957009873 vs. 3.1946690957009873
--------
nle(id0,id1,dist): 3 20 2.1086089889856114
list:
dist: 2.1086089889856114 vs. 2.1086089889856114
--------
nle(id0,id1,dist): 3 21 2.36429461899746
list:
dist: 2.36429461899746 vs. 2.36429461899746
--------
nle(id0,id1,dist): 3 18 1.5574810331747835
list:
dist: 1.5574810331747835 vs. 1.5574810331747835
--------
nle(id0,id1,dist): 3 19 2.516959099645415
list:
dist: 2.516959099645415 vs. 2.516959099645415
--------
nle(id0,id1,dist): 3 27 2.557457614932952
list:
dist: 2.557457614932952 vs. 2.557457614932952
--------
nle(id0,id1,dist): 3 9 1.5460191382237392
list:
dist: 1.5460191382237392 vs. 1.5460191382237392
--------
nle(id0,id1,dist): 3 8 2.6510363423613073
list:
dist: 2.6510363423613073 vs. 2.6510363423613073
--------
nle(id0,id1,dist): 3 7 2.234471300577587
list:
dist: 2.234471300577587 vs. 2.234471300577587
--------
nle(id0,id1,dist): 3 6 1.4045083102091773
list:
dist: 1.4045083102091773 vs. 1.4045083102091773
--------
nle(id0,id1,dist): 3 5 2.2393444290948104
list:
dist: 2.2393444290948104 vs. 2.2393444290948104
--------
nle(id0,id1,dist): 3 4 0.8537003198307905
list:
dist: 0.8537003198307905 vs. 0.8537003198307905
--------
nle(id0,id1,dist): 3 17 0.9242795246084344
list:
dist: 0.9242795246084344 vs. 0.9242795246084344
--------
nle(id0,id1,dist): 3 15 1.6800642703429196
list:
dist: 1.6800642703429196 vs. 1.6800642703429196
--------
nle(id0,id1,dist): 3 14 1.3900645735365458
list:
dist: 1.3900645735365458 vs. 1.3900645735365458
--------
nle(id0,id1,dist): 3 13 2.038480130336513
list:
dist: 2.038480130336513 vs. 2.038480130336513
--------
nle(id0,id1,dist): 3 12 0.3058362438565541
list:
dist: 0.3058362438565541 vs. 0.3058362438565541
--------
nle(id0,id1,dist): 3 11 0.8007368355087832
list:
dist: 0.8007368355087832 vs. 0.8007368355087832
--------
nle(id0,id1,dist): 3 10 1.257259853450988
list:
dist: 1.257259853450988 vs. 1.257259853450988
--------
nle(id0,id1,dist): 37 48 2.820252171975644
list:
dist: 2.820252171975644 vs. 2.820252171975644
--------
nle(id0,id1,dist): 37 49 2.833579966045264
list:
dist: 2.833579966045264 vs. 2.833579966045264
--------
nle(id0,id1,dist): 37 50 2.1381600481626215
list:
dist: 2.1381600481626215 vs. 2.1381600481626215
--------
nle(id0,id1,dist): 37 51 2.5063056837154494
list:
dist: 2.5063056837154494 vs. 2.5063056837154494
--------
nle(id0,id1,dist): 37 53 2.176599326045186
list:
dist: 2.176599326045186 vs. 2.176599326045186
--------
nle(id0,id1,dist): 37 54 2.994130464167356
list:
dist: 2.994130464167356 vs. 2.994130464167356
--------
nle(id0,id1,dist): 37 55 1.9279244091992296
list:
dist: 1.9279244091992296 vs. 1.9279244091992296
--------
nle(id0,id1,dist): 37 40 1.9531008460892119
list:
dist: 1.9531008460892119 vs. 1.9531008460892119
--------
nle(id0,id1,dist): 37 41 0.9235345090762285
list:
dist: 0.9235345090762285 vs. 0.9235345090762285
--------
nle(id0,id1,dist): 37 42 1.9287085666909731
list:
dist: 1.9287085666909731 vs. 1.9287085666909731
--------
nle(id0,id1,dist): 37 43 1.4389937459996418
list:
dist: 1.4389937459996418 vs. 1.4389937459996418
--------
nle(id0,id1,dist): 37 44 2.8160119672449673
list:
dist: 2.8160119672449673 vs. 2.8160119672449673
--------
nle(id0,id1,dist): 37 45 3.057094808584348
list:
dist: 3.057094808584348 vs. 3.057094808584348
--------
nle(id0,id1,dist): 37 46 1.6484074601939025
list:
dist: 1.6484074601939025 vs. 1.6484074601939025
--------
nle(id0,id1,dist): 37 47 2.120613561920036
list:
dist: 2.120613561920036 vs. 2.120613561920036
--------
nle(id0,id1,dist): 37 39 2.220923362520444
list:
dist: 2.220923362520444 vs. 2.220923362520444
--------
nle(id0,id1,dist): 37 38 1.3348151593644149
list:
dist: 1.3348151593644149 vs. 1.3348151593644149
--------
nle(id0,id1,dist): 36 55 1.5499169377893192
list:
dist: 1.5499169377893192 vs. 1.5499169377893192
--------
nle(id0,id1,dist): 36 53 2.96030675888975
list:
dist: 2.96030675888975 vs. 2.96030675888975
--------
nle(id0,id1,dist): 36 54 2.4829968804248956
list:
dist: 2.4829968804248956 vs. 2.4829968804248956
--------
nle(id0,id1,dist): 36 59 2.994413178163814
list:
dist: 2.994413178163814 vs. 2.994413178163814
--------
nle(id0,id1,dist): 36 47 2.0099086983631302
list:
dist: 2.0099086983631302 vs. 2.0099086983631302
--------
nle(id0,id1,dist): 36 48 2.6453437460434133
list:
dist: 2.6453437460434133 vs. 2.6453437460434133
--------
nle(id0,id1,dist): 36 45 2.1572898752206626
list:
dist: 2.1572898752206626 vs. 2.1572898752206626
--------
nle(id0,id1,dist): 36 46 2.4374599996592288
list:
dist: 2.4374599996592288 vs. 2.4374599996592288
--------
nle(id0,id1,dist): 36 51 1.8491086957531715
list:
dist: 1.8491086957531715 vs. 1.8491086957531715
--------
nle(id0,id1,dist): 36 49 2.4588248132944224
list:
dist: 2.4588248132944224 vs. 2.4588248132944224
--------
nle(id0,id1,dist): 36 50 2.395884192852177
list:
dist: 2.395884192852177 vs. 2.395884192852177
--------
nle(id0,id1,dist): 36 40 2.85522463284768
list:
dist: 2.85522463284768 vs. 2.85522463284768
--------
nle(id0,id1,dist): 36 39 2.2937791825061784
list:
dist: 2.2937791825061784 vs. 2.2937791825061784
--------
nle(id0,id1,dist): 36 38 0.47700652668634647
list:
dist: 0.47700652668634647 vs. 0.47700652668634647
--------
nle(id0,id1,dist): 36 37 1.3258820598429872
list:
dist: 1.3258820598429872 vs. 1.3258820598429872
--------
nle(id0,id1,dist): 36 43 2.2164149580065966
list:
dist: 2.2164149580065966 vs. 2.2164149580065966
--------
nle(id0,id1,dist): 36 42 1.4802709713072337
list:
dist: 1.4802709713072337 vs. 1.4802709713072337
--------
nle(id0,id1,dist): 36 41 1.4940805454907324
list:
dist: 1.4940805454907324 vs. 1.4940805454907324
--------
nle(id0,id1,dist): 35 59 1.620456414388925
list:
dist: 1.620456414388925 vs. 1.620456414388925
--------
nle(id0,id1,dist): 35 54 2.722536382755649
list:
dist: 2.722536382755649 vs. 2.722536382755649
--------
nle(id0,id1,dist): 35 55 1.5455592320522091
list:
dist: 1.5455592320522091 vs. 1.5455592320522091
--------
nle(id0,id1,dist): 35 50 1.5330839156128915
list:
dist: 1.5330839156128915 vs. 1.5330839156128915
--------
nle(id0,id1,dist): 35 51 2.3418337443851054
list:
dist: 2.3418337443851054 vs. 2.3418337443851054
--------
nle(id0,id1,dist): 35 53 1.264303573620577
list:
dist: 1.264303573620577 vs. 1.264303573620577
--------
nle(id0,id1,dist): 35 47 1.6772713343913435
list:
dist: 1.6772713343913435 vs. 1.6772713343913435
--------
nle(id0,id1,dist): 35 46 1.074870795147167
list:
dist: 1.074870795147167 vs. 1.074870795147167
--------
nle(id0,id1,dist): 35 49 2.0632757268227038
list:
dist: 2.0632757268227038 vs. 2.0632757268227038
--------
nle(id0,id1,dist): 35 48 1.944143423566091
list:
dist: 1.944143423566091 vs. 1.944143423566091
--------
nle(id0,id1,dist): 35 43 0.5569386162343987
list:
dist: 0.5569386162343987 vs. 0.5569386162343987
--------
nle(id0,id1,dist): 34 79 4.460574554104761
list:
dist: 4.460574554104761 vs. 4.460574554104761
--------
nle(id0,id1,dist): 35 42 1.4726539425249636
list:
dist: 1.4726539425249636 vs. 1.4726539425249636
--------
nle(id0,id1,dist): 35 45 2.6772861887213364
list:
dist: 2.6772861887213364 vs. 2.6772861887213364
--------
nle(id0,id1,dist): 35 44 2.2899027787901405
list:
dist: 2.2899027787901405 vs. 2.2899027787901405
--------
nle(id0,id1,dist): 35 39 1.1033431659109825
list:
dist: 1.1033431659109825 vs. 1.1033431659109825
--------
nle(id0,id1,dist): 34 76 3.0747371300529713
list:
dist: 3.0747371300529713 vs. 3.0747371300529713
--------
nle(id0,id1,dist): 35 38 1.8253454667038351
list:
dist: 1.8253454667038351 vs. 1.8253454667038351
--------
nle(id0,id1,dist): 35 41 1.5907407226443717
list:
dist: 1.5907407226443717 vs. 1.5907407226443717
--------
nle(id0,id1,dist): 35 40 1.0003546740521498
list:
dist: 1.0003546740521498 vs. 1.0003546740521498
--------
nle(id0,id1,dist): 34 72 3.2085001542674565
list:
dist: 3.2085001542674565 vs. 3.2085001542674565
--------
nle(id0,id1,dist): 34 71 3.314113681406548
list:
dist: 3.314113681406548 vs. 3.314113681406548
--------
nle(id0,id1,dist): 35 37 1.4184978311653575
list:
dist: 1.4184978311653575 vs. 1.4184978311653575
--------
nle(id0,id1,dist): 34 73 3.0274408686700376
list:
dist: 3.0274408686700376 vs. 3.0274408686700376
--------
nle(id0,id1,dist): 35 36 2.0702471804486464
list:
dist: 2.0702471804486464 vs. 2.0702471804486464
--------
nle(id0,id1,dist): 34 69 4.309602017502572
list:
dist: 4.309602017502572 vs. 4.309602017502572
--------
nle(id0,id1,dist): 34 70 3.519583915277896
list:
dist: 3.519583915277896 vs. 3.519583915277896
--------
nle(id0,id1,dist): 34 68 3.620578143907806
list:
dist: 3.620578143907806 vs. 3.620578143907806
--------
nle(id0,id1,dist): 34 65 3.1163442873801492
list:
dist: 3.1163442873801492 vs. 3.1163442873801492
--------
nle(id0,id1,dist): 34 66 4.0596544404833415
list:
dist: 4.0596544404833415 vs. 4.0596544404833415
--------
nle(id0,id1,dist): 34 63 3.979062915463686
list:
dist: 3.979062915463686 vs. 3.979062915463686
--------
nle(id0,id1,dist): 34 64 3.447156032434312
list:
dist: 3.447156032434312 vs. 3.447156032434312
--------
nle(id0,id1,dist): 34 61 2.6060393163996585
list:
dist: 2.6060393163996585 vs. 2.6060393163996585
--------
nle(id0,id1,dist): 34 62 2.5787504384624746
list:
dist: 2.5787504384624746 vs. 2.5787504384624746
--------
nle(id0,id1,dist): 34 60 2.5931563986137927
list:
dist: 2.5931563986137927 vs. 2.5931563986137927
--------
nle(id0,id1,dist): 33 44 1.4179276232140972
list:
dist: 1.4179276232140972 vs. 1.4179276232140972
--------
nle(id0,id1,dist): 33 45 2.7751456874889078
list:
dist: 2.7751456874889078 vs. 2.7751456874889078
--------
nle(id0,id1,dist): 33 46 1.3918222513730323
list:
dist: 1.3918222513730323 vs. 1.3918222513730323
--------
nle(id0,id1,dist): 33 47 1.0114472756427129
list:
dist: 1.0114472756427129 vs. 1.0114472756427129
--------
nle(id0,id1,dist): 33 48 1.9053070449046503
list:
dist: 1.9053070449046503 vs. 1.9053070449046503
--------
nle(id0,id1,dist): 33 49 2.061413443944385
list:
dist: 2.061413443944385 vs. 2.061413443944385
--------
nle(id0,id1,dist): 33 50 0.9794530590068015
list:
dist: 0.9794530590068015 vs. 0.9794530590068015
--------
nle(id0,id1,dist): 33 51 1.5287892080372911
list:
dist: 1.5287892080372911 vs. 1.5287892080372911
--------
nle(id0,id1,dist): 33 52 2.2249985791202396
list:
dist: 2.2249985791202396 vs. 2.2249985791202396
--------
nle(id0,id1,dist): 33 53 1.844290380758275
list:
dist: 1.844290380758275 vs. 1.844290380758275
--------
nle(id0,id1,dist): 33 54 1.5580471232211852
list:
dist: 1.5580471232211852 vs. 1.5580471232211852
--------
nle(id0,id1,dist): 33 55 1.4713764842985078
list:
dist: 1.4713764842985078 vs. 1.4713764842985078
--------
nle(id0,id1,dist): 33 56 1.916590997433369
list:
dist: 1.916590997433369 vs. 1.916590997433369
--------
nle(id0,id1,dist): 33 57 2.3795906089397936
list:
dist: 2.3795906089397936 vs. 2.3795906089397936
--------
nle(id0,id1,dist): 33 58 2.225961660326321
list:
dist: 2.225961660326321 vs. 2.225961660326321
--------
nle(id0,id1,dist): 33 59 1.8156232211517407
list:
dist: 1.8156232211517407 vs. 1.8156232211517407
--------
nle(id0,id1,dist): 33 35 2.059473451484541
list:
dist: 2.059473451484541 vs. 2.059473451484541
--------
nle(id0,id1,dist): 33 39 2.6747603875728343
list:
dist: 2.6747603875728343 vs. 2.6747603875728343
--------
nle(id0,id1,dist): 33 38 2.30909950768623
list:
dist: 2.30909950768623 vs. 2.30909950768623
--------
nle(id0,id1,dist): 33 37 1.9662681084768188
list:
dist: 1.9662681084768188 vs. 1.9662681084768188
--------
nle(id0,id1,dist): 33 36 2.11836514367697
list:
dist: 2.11836514367697 vs. 2.11836514367697
--------
nle(id0,id1,dist): 33 43 1.6816190075250512
list:
dist: 1.6816190075250512 vs. 1.6816190075250512
--------
nle(id0,id1,dist): 33 42 1.8625000109027248
list:
dist: 1.8625000109027248 vs. 1.8625000109027248
--------
nle(id0,id1,dist): 33 41 1.0755243618172625
list:
dist: 1.0755243618172625 vs. 1.0755243618172625
--------
nle(id0,id1,dist): 33 40 2.0743340270931263
list:
dist: 2.0743340270931263 vs. 2.0743340270931263
--------
nle(id0,id1,dist): 32 38 1.8725485049214177
list:
dist: 1.8725485049214177 vs. 1.8725485049214177
--------
nle(id0,id1,dist): 32 37 1.1308805904991701
list:
dist: 1.1308805904991701 vs. 1.1308805904991701
--------
nle(id0,id1,dist): 32 40 2.713959728635871
list:
dist: 2.713959728635871 vs. 2.713959728635871
--------
nle(id0,id1,dist): 32 36 1.9488486392598852
list:
dist: 1.9488486392598852 vs. 1.9488486392598852
--------
nle(id0,id1,dist): 32 35 2.1605485186411424
list:
dist: 2.1605485186411424 vs. 2.1605485186411424
--------
nle(id0,id1,dist): 32 41 2.0216228891885897
list:
dist: 2.0216228891885897 vs. 2.0216228891885897
--------
nle(id0,id1,dist): 32 43 2.331201513500418
list:
dist: 2.331201513500418 vs. 2.331201513500418
--------
nle(id0,id1,dist): 31 59 3.048239638412841
list:
dist: 3.048239638412841 vs. 3.048239638412841
--------
nle(id0,id1,dist): 31 54 2.741827816926117
list:
dist: 2.741827816926117 vs. 2.741827816926117
--------
nle(id0,id1,dist): 31 55 2.0872315459823962
list:
dist: 2.0872315459823962 vs. 2.0872315459823962
--------
nle(id0,id1,dist): 31 45 3.1691140680062873
list:
dist: 3.1691140680062873 vs. 3.1691140680062873
--------
nle(id0,id1,dist): 31 44 2.866375311303071
list:
dist: 2.866375311303071 vs. 2.866375311303071
--------
nle(id0,id1,dist): 31 43 2.112919440843529
list:
dist: 2.112919440843529 vs. 2.112919440843529
--------
nle(id0,id1,dist): 31 42 2.2367428281036434
list:
dist: 2.2367428281036434 vs. 2.2367428281036434
--------
nle(id0,id1,dist): 31 41 0.8431556107908603
list:
dist: 0.8431556107908603 vs. 0.8431556107908603
--------
nle(id0,id1,dist): 31 40 2.637204884564906
list:
dist: 2.637204884564906 vs. 2.637204884564906
--------
nle(id0,id1,dist): 31 39 2.970906131309264
list:
dist: 2.970906131309264 vs. 2.970906131309264
--------
nle(id0,id1,dist): 31 38 1.6321977378253127
list:
dist: 1.6321977378253127 vs. 1.6321977378253127
--------
nle(id0,id1,dist): 31 53 2.7012909464198542
list:
dist: 2.7012909464198542 vs. 2.7012909464198542
--------
nle(id0,id1,dist): 31 51 2.3259480938460544
list:
dist: 2.3259480938460544 vs. 2.3259480938460544
--------
nle(id0,id1,dist): 31 50 2.292183972097635
list:
dist: 2.292183972097635 vs. 2.292183972097635
--------
nle(id0,id1,dist): 31 49 3.0345578319911093
list:
dist: 3.0345578319911093 vs. 3.0345578319911093
--------
nle(id0,id1,dist): 31 48 3.049142296331124
list:
dist: 3.049142296331124 vs. 3.049142296331124
--------
nle(id0,id1,dist): 31 47 2.16492089654217
list:
dist: 2.16492089654217 vs. 2.16492089654217
--------
nle(id0,id1,dist): 31 46 2.099583868495494
list:
dist: 2.099583868495494 vs. 2.099583868495494
--------
nle(id0,id1,dist): 30 59 2.7656986866815103
list:
dist: 2.7656986866815103 vs. 2.7656986866815103
--------
nle(id0,id1,dist): 31 36 1.2900694651696976
list:
dist: 1.2900694651696976 vs. 1.2900694651696976
--------
nle(id0,id1,dist): 31 37 1.07288538400704
list:
dist: 1.07288538400704 vs. 1.07288538400704
--------
nle(id0,id1,dist): 31 35 2.256367821605823
list:
dist: 2.256367821605823 vs. 2.256367821605823
--------
nle(id0,id1,dist): 31 32 1.8586235739584167
list:
dist: 1.8586235739584167 vs. 1.8586235739584167
--------
nle(id0,id1,dist): 31 33 1.6558925250422767
list:
dist: 1.6558925250422767 vs. 1.6558925250422767
--------
nle(id0,id1,dist): 43 59 1.3851115737351138
list:
dist: 1.3851115737351138 vs. 1.3851115737351138
--------
nle(id0,id1,dist): 44 47 1.6503786397228266
list:
dist: 1.6503786397228266 vs. 1.6503786397228266
--------
nle(id0,id1,dist): 44 48 2.0139416498659117
list:
dist: 2.0139416498659117 vs. 2.0139416498659117
--------
nle(id0,id1,dist): 44 46 1.331544991330761
list:
dist: 1.331544991330761 vs. 1.331544991330761
--------
nle(id0,id1,dist): 44 52 0.9883525717150126
list:
dist: 0.9883525717150126 vs. 0.9883525717150126
--------
nle(id0,id1,dist): 44 50 1.081263159574117
list:
dist: 1.081263159574117 vs. 1.081263159574117
--------
nle(id0,id1,dist): 43 50 1.1835988299196356
list:
dist: 1.1835988299196356 vs. 1.1835988299196356
--------
nle(id0,id1,dist): 43 51 2.2975453394091625
list:
dist: 2.2975453394091625 vs. 2.2975453394091625
--------
nle(id0,id1,dist): 43 53 0.8165049222168882
list:
dist: 0.8165049222168882 vs. 0.8165049222168882
--------
nle(id0,id1,dist): 43 54 2.5751617560880473
list:
dist: 2.5751617560880473 vs. 2.5751617560880473
--------
nle(id0,id1,dist): 43 55 1.5876328709771963
list:
dist: 1.5876328709771963 vs. 1.5876328709771963
--------
nle(id0,id1,dist): 43 44 1.7900519109747846
list:
dist: 1.7900519109747846 vs. 1.7900519109747846
--------
nle(id0,id1,dist): 43 45 2.899261608656022
list:
dist: 2.899261608656022 vs. 2.899261608656022
--------
nle(id0,id1,dist): 43 46 0.5199948807047289
list:
dist: 0.5199948807047289 vs. 0.5199948807047289
--------
nle(id0,id1,dist): 43 47 1.4989755281551915
list:
dist: 1.4989755281551915 vs. 1.4989755281551915
--------
nle(id0,id1,dist): 43 48 1.9091500161145136
list:
dist: 1.9091500161145136 vs. 1.9091500161145136
--------
nle(id0,id1,dist): 43 49 2.115992318434804
list:
dist: 2.115992318434804 vs. 2.115992318434804
--------
nle(id0,id1,dist): 42 46 1.924743219892124
list:
dist: 1.924743219892124 vs. 1.924743219892124
--------
nle(id0,id1,dist): 42 45 1.2549359456071905
list:
dist: 1.2549359456071905 vs. 1.2549359456071905
--------
nle(id0,id1,dist): 42 43 1.6636505893170412
list:
dist: 1.6636505893170412 vs. 1.6636505893170412
--------
nle(id0,id1,dist): 42 59 1.8252705039560972
list:
dist: 1.8252705039560972 vs. 1.8252705039560972
--------
nle(id0,id1,dist): 42 57 2.1164808014666225
list:
dist: 2.1164808014666225 vs. 2.1164808014666225
--------
nle(id0,id1,dist): 42 58 1.7313283592781439
list:
dist: 1.7313283592781439 vs. 1.7313283592781439
--------
nle(id0,id1,dist): 42 55 0.42848493555308825
list:
dist: 0.42848493555308825 vs. 0.42848493555308825
--------
nle(id0,id1,dist): 42 56 1.7940846730167577
list:
dist: 1.7940846730167577 vs. 1.7940846730167577
--------
nle(id0,id1,dist): 42 53 2.225247896848536
list:
dist: 2.225247896848536 vs. 2.225247896848536
--------
nle(id0,id1,dist): 42 54 1.6722483023186638
list:
dist: 1.6722483023186638 vs. 1.6722483023186638
--------
nle(id0,id1,dist): 42 51 1.1126493839280558
list:
dist: 1.1126493839280558 vs. 1.1126493839280558
--------
nle(id0,id1,dist): 42 49 1.0533035781649402
list:
dist: 1.0533035781649402 vs. 1.0533035781649402
--------
nle(id0,id1,dist): 42 50 1.5277927211881146
list:
dist: 1.5277927211881146 vs. 1.5277927211881146
--------
nle(id0,id1,dist): 42 47 1.0692833606066583
list:
dist: 1.0692833606066583 vs. 1.0692833606066583
--------
nle(id0,id1,dist): 42 48 1.2635477362842986
list:
dist: 1.2635477362842986 vs. 1.2635477362842986
--------
nle(id0,id1,dist): 41 49 2.46707782150351
list:
dist: 2.46707782150351 vs. 2.46707782150351
--------
nle(id0,id1,dist): 41 48 2.391092646116207
list:
dist: 2.391092646116207 vs. 2.391092646116207
--------
nle(id0,id1,dist): 41 51 1.9841355973567456
list:
dist: 1.9841355973567456 vs. 1.9841355973567456
--------
nle(id0,id1,dist): 41 50 1.5113204987429452
list:
dist: 1.5113204987429452 vs. 1.5113204987429452
--------
nle(id0,id1,dist): 41 45 2.9083672341346034
list:
dist: 2.9083672341346034 vs. 2.9083672341346034
--------
nle(id0,id1,dist): 41 44 2.1001053373791283
list:
dist: 2.1001053373791283 vs. 2.1001053373791283
--------
nle(id0,id1,dist): 41 47 1.5254019786494477
list:
dist: 1.5254019786494477 vs. 1.5254019786494477
--------
nle(id0,id1,dist): 41 46 1.2680644080737702
list:
dist: 1.2680644080737702 vs. 1.2680644080737702
--------
nle(id0,id1,dist): 41 43 1.3346554260294703
list:
dist: 1.3346554260294703 vs. 1.3346554260294703
--------
nle(id0,id1,dist): 41 42 1.7937322830563203
list:
dist: 1.7937322830563203 vs. 1.7937322830563203
--------
nle(id0,id1,dist): 41 59 2.2381269573352403
list:
dist: 2.2381269573352403 vs. 2.2381269573352403
--------
nle(id0,id1,dist): 41 53 1.8698517806964021
list:
dist: 1.8698517806964021 vs. 1.8698517806964021
--------
nle(id0,id1,dist): 41 54 2.3280682542688393
list:
dist: 2.3280682542688393 vs. 2.3280682542688393
--------
nle(id0,id1,dist): 41 55 1.5879052772983915
list:
dist: 1.5879052772983915 vs. 1.5879052772983915
--------
nle(id0,id1,dist): 40 43 0.6456332263434728
list:
dist: 0.6456332263434728 vs. 0.6456332263434728
--------
nle(id0,id1,dist): 40 44 1.7188692303304296
list:
dist: 1.7188692303304296 vs. 1.7188692303304296
--------
nle(id0,id1,dist): 40 41 1.848944523139282
list:
dist: 1.848944523139282 vs. 1.848944523139282
--------
nle(id0,id1,dist): 40 42 2.233177212979102
list:
dist: 2.233177212979102 vs. 2.233177212979102
--------
nle(id0,id1,dist): 40 47 1.9524855918070958
list:
dist: 1.9524855918070958 vs. 1.9524855918070958
--------
nle(id0,id1,dist): 40 48 2.2154758344610985
list:
dist: 2.2154758344610985 vs. 2.2154758344610985
--------
nle(id0,id1,dist): 40 45 3.427503907082361
list:
dist: 3.427503907082361 vs. 3.427503907082361
--------
nle(id0,id1,dist): 40 46 0.6909897511463636
list:
dist: 0.6909897511463636 vs. 0.6909897511463636
--------
nle(id0,id1,dist): 40 51 2.825519113603379
list:
dist: 2.825519113603379 vs. 2.825519113603379
--------
nle(id0,id1,dist): 40 49 2.5048636850258594
list:
dist: 2.5048636850258594 vs. 2.5048636850258594
--------
nle(id0,id1,dist): 40 50 1.476930578353882
list:
dist: 1.476930578353882 vs. 1.476930578353882
--------
nle(id0,id1,dist): 40 55 2.1489880768391214
list:
dist: 2.1489880768391214 vs. 2.1489880768391214
--------
nle(id0,id1,dist): 40 53 0.4646418747001357
list:
dist: 0.4646418747001357 vs. 0.4646418747001357
--------
nle(id0,id1,dist): 40 54 3.0038183807642
list:
dist: 3.0038183807642 vs. 3.0038183807642
--------
nle(id0,id1,dist): 40 59 1.4117156899555505
list:
dist: 1.4117156899555505 vs. 1.4117156899555505
--------
nle(id0,id1,dist): 39 46 2.0084241766179893
list:
dist: 2.0084241766179893 vs. 2.0084241766179893
--------
nle(id0,id1,dist): 39 47 1.8981485604721882
list:
dist: 1.8981485604721882 vs. 1.8981485604721882
--------
nle(id0,id1,dist): 39 48 1.6999505274672673
list:
dist: 1.6999505274672673 vs. 1.6999505274672673
--------
nle(id0,id1,dist): 39 49 1.6575568676278802
list:
dist: 1.6575568676278802 vs. 1.6575568676278802
--------
nle(id0,id1,dist): 39 50 2.003028763544116
list:
dist: 2.003028763544116 vs. 2.003028763544116
--------
nle(id0,id1,dist): 39 51 2.279765995744823
list:
dist: 2.279765995744823 vs. 2.279765995744823
--------
nle(id0,id1,dist): 39 53 2.0543177759195133
list:
dist: 2.0543177759195133 vs. 2.0543177759195133
--------
nle(id0,id1,dist): 39 54 2.704782378846331
list:
dist: 2.704782378846331 vs. 2.704782378846331
--------
nle(id0,id1,dist): 39 55 1.526507568432329
list:
dist: 1.526507568432329 vs. 1.526507568432329
--------
nle(id0,id1,dist): 39 56 2.4138662970985054
list:
dist: 2.4138662970985054 vs. 2.4138662970985054
--------
nle(id0,id1,dist): 39 57 2.7553080260411686
list:
dist: 2.7553080260411686 vs. 2.7553080260411686
--------
nle(id0,id1,dist): 39 58 2.5433717279657126
list:
dist: 2.5433717279657126 vs. 2.5433717279657126
--------
nle(id0,id1,dist): 39 59 1.8377784102706465
list:
dist: 1.8377784102706465 vs. 1.8377784102706465
--------
nle(id0,id1,dist): 38 55 1.4775112498941014
list:
dist: 1.4775112498941014 vs. 1.4775112498941014
--------
nle(id0,id1,dist): 38 53 2.8595754731746648
list:
dist: 2.8595754731746648 vs. 2.8595754731746648
--------
nle(id0,id1,dist): 38 54 2.589863558218942
list:
dist: 2.589863558218942 vs. 2.589863558218942
--------
nle(id0,id1,dist): 38 51 1.931678674325131
list:
dist: 1.931678674325131 vs. 1.931678674325131
--------
nle(id0,id1,dist): 38 59 2.877337108149034
list:
dist: 2.877337108149034 vs. 2.877337108149034
--------
nle(id0,id1,dist): 39 45 2.046048175747363
list:
dist: 2.046048175747363 vs. 2.046048175747363
--------
nle(id0,id1,dist): 39 43 1.5599300244079208
list:
dist: 1.5599300244079208 vs. 1.5599300244079208
--------
nle(id0,id1,dist): 39 42 1.2312789602240617
list:
dist: 1.2312789602240617 vs. 1.2312789602240617
--------
nle(id0,id1,dist): 39 41 2.409912389581214
list:
dist: 2.409912389581214 vs. 2.409912389581214
--------
nle(id0,id1,dist): 39 40 1.902200186086097
list:
dist: 1.902200186086097 vs. 1.902200186086097
--------
nle(id0,id1,dist): 37 59 2.678475911249781
list:
dist: 2.678475911249781 vs. 2.678475911249781
--------
nle(id0,id1,dist): 38 40 2.711977475795665
list:
dist: 2.711977475795665 vs. 2.711977475795665
--------
nle(id0,id1,dist): 38 39 1.9144222518638616
list:
dist: 1.9144222518638616 vs. 1.9144222518638616
--------
nle(id0,id1,dist): 38 42 1.2858441983363245
list:
dist: 1.2858441983363245 vs. 1.2858441983363245
--------
nle(id0,id1,dist): 38 41 1.6663281923374296
list:
dist: 1.6663281923374296 vs. 1.6663281923374296
--------
nle(id0,id1,dist): 38 48 2.5258542408273916
list:
dist: 2.5258542408273916 vs. 2.5258542408273916
--------
nle(id0,id1,dist): 38 47 2.0238500986957164
list:
dist: 2.0238500986957164 vs. 2.0238500986957164
--------
nle(id0,id1,dist): 38 50 2.392958189526505
list:
dist: 2.392958189526505 vs. 2.392958189526505
--------
nle(id0,id1,dist): 38 49 2.3258457645328825
list:
dist: 2.3258457645328825 vs. 2.3258457645328825
--------
nle(id0,id1,dist): 38 43 2.0819259904287892
list:
dist: 2.0819259904287892 vs. 2.0819259904287892
--------
nle(id0,id1,dist): 38 46 2.3926639910827787
list:
dist: 2.3926639910827787 vs. 2.3926639910827787
--------
nle(id0,id1,dist): 38 45 2.0035923697759697
list:
dist: 2.0035923697759697 vs. 2.0035923697759697
--------
nle(id0,id1,dist): 23 28 1.9499862870045293
list:
dist: 1.9499862870045293 vs. 1.9499862870045293
--------
nle(id0,id1,dist): 23 29 1.4861550041037932
list:
dist: 1.4861550041037932 vs. 1.4861550041037932
--------
nle(id0,id1,dist): 23 26 1.0166977267504427
list:
dist: 1.0166977267504427 vs. 1.0166977267504427
--------
nle(id0,id1,dist): 23 27 0.7392157074971611
list:
dist: 0.7392157074971611 vs. 0.7392157074971611
--------
nle(id0,id1,dist): 23 24 1.3855922478943805
list:
dist: 1.3855922478943805 vs. 1.3855922478943805
--------
nle(id0,id1,dist): 23 41 3.269808981135566
list:
dist: 3.269808981135566 vs. 3.269808981135566
--------
nle(id0,id1,dist): 23 37 3.8743664801998396
list:
dist: 3.8743664801998396 vs. 3.8743664801998396
--------
nle(id0,id1,dist): 23 31 3.15412888484113
list:
dist: 3.15412888484113 vs. 3.15412888484113
--------
nle(id0,id1,dist): 23 33 3.175812354311606
list:
dist: 3.175812354311606 vs. 3.175812354311606
--------
nle(id0,id1,dist): 23 32 4.488017824624098
list:
dist: 4.488017824624098 vs. 4.488017824624098
--------
nle(id0,id1,dist): 21 32 4.948465671110142
list:
dist: 4.948465671110142 vs. 4.948465671110142
--------
nle(id0,id1,dist): 21 33 4.126732200641378
list:
dist: 4.126732200641378 vs. 4.126732200641378
--------
nle(id0,id1,dist): 21 37 4.5315954852730105
list:
dist: 4.5315954852730105 vs. 4.5315954852730105
--------
nle(id0,id1,dist): 21 26 1.4638979658313047
list:
dist: 1.4638979658313047 vs. 1.4638979658313047
--------
nle(id0,id1,dist): 21 27 0.4218888472284316
list:
dist: 0.4218888472284316 vs. 0.4218888472284316
--------
nle(id0,id1,dist): 21 24 1.1966506427104477
list:
dist: 1.1966506427104477 vs. 1.1966506427104477
--------
nle(id0,id1,dist): 21 31 3.7709942070192968
list:
dist: 3.7709942070192968 vs. 3.7709942070192968
--------
nle(id0,id1,dist): 21 28 2.1689805526885677
list:
dist: 2.1689805526885677 vs. 2.1689805526885677
--------
nle(id0,id1,dist): 21 29 2.1199295391779214
list:
dist: 2.1199295391779214 vs. 2.1199295391779214
--------
nle(id0,id1,dist): 21 23 1.0924444228963919
list:
dist: 1.0924444228963919 vs. 1.0924444228963919
--------
nle(id0,id1,dist): 21 22 1.4479659503478746
list:
dist: 1.4479659503478746 vs. 1.4479659503478746
--------
nle(id0,id1,dist): 22 27 1.545587080595666
list:
dist: 1.545587080595666 vs. 1.545587080595666
--------
nle(id0,id1,dist): 22 28 0.7485485050994408
list:
dist: 0.7485485050994408 vs. 0.7485485050994408
--------
nle(id0,id1,dist): 22 29 1.278615921049122
list:
dist: 1.278615921049122 vs. 1.278615921049122
--------
nle(id0,id1,dist): 22 23 1.4898506580865596
list:
dist: 1.4898506580865596 vs. 1.4898506580865596
--------
nle(id0,id1,dist): 22 24 1.8811250754312905
list:
dist: 1.8811250754312905 vs. 1.8811250754312905
--------
nle(id0,id1,dist): 22 25 2.4828375126365274
list:
dist: 2.4828375126365274 vs. 2.4828375126365274
--------
nle(id0,id1,dist): 22 26 2.235114967711997
list:
dist: 2.235114967711997 vs. 2.235114967711997
--------
nle(id0,id1,dist): 21 41 4.0634787919859905
list:
dist: 4.0634787919859905 vs. 4.0634787919859905
--------
nle(id0,id1,dist): 19 41 3.4191732630792613
list:
dist: 3.4191732630792613 vs. 3.4191732630792613
--------
nle(id0,id1,dist): 19 37 3.823311915869946
list:
dist: 3.823311915869946 vs. 3.823311915869946
--------
nle(id0,id1,dist): 19 24 1.8319399341394798
list:
dist: 1.8319399341394798 vs. 1.8319399341394798
--------
nle(id0,id1,dist): 19 22 1.3879525283795726
list:
dist: 1.3879525283795726 vs. 1.3879525283795726
--------
nle(id0,id1,dist): 19 23 1.0349959070259243
list:
dist: 1.0349959070259243 vs. 1.0349959070259243
--------
nle(id0,id1,dist): 19 20 0.9087935510295025
list:
dist: 0.9087935510295025 vs. 0.9087935510295025
--------
nle(id0,id1,dist): 19 21 0.7522514584468774
list:
dist: 0.7522514584468774 vs. 0.7522514584468774
--------
nle(id0,id1,dist): 19 32 4.203094085720595
list:
dist: 4.203094085720595 vs. 4.203094085720595
--------
nle(id0,id1,dist): 19 33 3.613805028021628
list:
dist: 3.613805028021628 vs. 3.613805028021628
--------
nle(id0,id1,dist): 19 31 3.0814541368976296
list:
dist: 3.0814541368976296 vs. 3.0814541368976296
--------
nle(id0,id1,dist): 19 28 2.022686474924704
list:
dist: 2.022686474924704 vs. 2.022686474924704
--------
nle(id0,id1,dist): 19 29 2.1245185317020967
list:
dist: 2.1245185317020967 vs. 2.1245185317020967
--------
nle(id0,id1,dist): 19 26 1.8116732904674289
list:
dist: 1.8116732904674289 vs. 1.8116732904674289
--------
nle(id0,id1,dist): 19 27 0.8026680125572434
list:
dist: 0.8026680125572434 vs. 0.8026680125572434
--------
nle(id0,id1,dist): 20 29 2.451448899491025
list:
dist: 2.451448899491025 vs. 2.451448899491025
--------
nle(id0,id1,dist): 20 26 1.880668898711175
list:
dist: 1.880668898711175 vs. 1.880668898711175
--------
nle(id0,id1,dist): 20 27 0.8593422013547836
list:
dist: 0.8593422013547836 vs. 0.8593422013547836
--------
nle(id0,id1,dist): 20 28 2.327365811630315
list:
dist: 2.327365811630315 vs. 2.327365811630315
--------
nle(id0,id1,dist): 20 21 0.4470674087179718
list:
dist: 0.4470674087179718 vs. 0.4470674087179718
--------
nle(id0,id1,dist): 20 22 1.580443690277014
list:
dist: 1.580443690277014 vs. 1.580443690277014
--------
nle(id0,id1,dist): 20 23 1.5195785235835415
list:
dist: 1.5195785235835415 vs. 1.5195785235835415
--------
nle(id0,id1,dist): 20 24 1.4935818465661261
list:
dist: 1.4935818465661261 vs. 1.4935818465661261
--------
nle(id0,id1,dist): 18 21 2.168975471607233
list:
dist: 2.168975471607233 vs. 2.168975471607233
--------
nle(id0,id1,dist): 18 20 2.21482769723436
list:
dist: 2.21482769723436 vs. 2.21482769723436
--------
nle(id0,id1,dist): 18 19 2.3650018528945784
list:
dist: 2.3650018528945784 vs. 2.3650018528945784
--------
nle(id0,id1,dist): 17 31 4.752698619446465
list:
dist: 4.752698619446465 vs. 4.752698619446465
--------
nle(id0,id1,dist): 17 32 5.009362935153158
list:
dist: 5.009362935153158 vs. 5.009362935153158
--------
nle(id0,id1,dist): 17 37 5.079517803402313
list:
dist: 5.079517803402313 vs. 5.079517803402313
--------
nle(id0,id1,dist): 17 41 5.01515124381019
list:
dist: 5.01515124381019 vs. 5.01515124381019
--------
nle(id0,id1,dist): 18 23 2.544452137718605
list:
dist: 2.544452137718605 vs. 2.544452137718605
--------
nle(id0,id1,dist): 18 24 2.583553140873422
list:
dist: 2.583553140873422 vs. 2.583553140873422
--------
nle(id0,id1,dist): 18 26 2.283520754514329
list:
dist: 2.283520754514329 vs. 2.283520754514329
--------
nle(id0,id1,dist): 18 27 2.0919208044385207
list:
dist: 2.0919208044385207 vs. 2.0919208044385207
--------
nle(id0,id1,dist): 18 29 3.9756336948917403
list:
dist: 3.9756336948917403 vs. 3.9756336948917403
--------
nle(id0,id1,dist): 29 41 3.377408334805984
list:
dist: 3.377408334805984 vs. 3.377408334805984
--------
nle(id0,id1,dist): 29 37 4.151961258079007
list:
dist: 4.151961258079007 vs. 4.151961258079007
--------
nle(id0,id1,dist): 29 33 2.941021485389909
list:
dist: 2.941021485389909 vs. 2.941021485389909
--------
nle(id0,id1,dist): 30 42 2.4603002086754904
list:
dist: 2.4603002086754904 vs. 2.4603002086754904
--------
nle(id0,id1,dist): 30 41 1.335715848417258
list:
dist: 1.335715848417258 vs. 1.335715848417258
--------
nle(id0,id1,dist): 30 40 1.677897457694416
list:
dist: 1.677897457694416 vs. 1.677897457694416
--------
nle(id0,id1,dist): 30 39 2.4478303906809926
list:
dist: 2.4478303906809926 vs. 2.4478303906809926
--------
nle(id0,id1,dist): 30 38 2.0412028970133154
list:
dist: 2.0412028970133154 vs. 2.0412028970133154
--------
nle(id0,id1,dist): 30 37 0.7659074112528043
list:
dist: 0.7659074112528043 vs. 0.7659074112528043
--------
nle(id0,id1,dist): 30 36 2.0872755015305415
list:
dist: 2.0872755015305415 vs. 2.0872755015305415
--------
nle(id0,id1,dist): 30 35 1.4558891086541592
list:
dist: 1.4558891086541592 vs. 1.4558891086541592
--------
nle(id0,id1,dist): 30 33 2.3048499851678135
list:
dist: 2.3048499851678135 vs. 2.3048499851678135
--------
nle(id0,id1,dist): 30 32 1.159391277198012
list:
dist: 1.159391277198012 vs. 1.159391277198012
--------
nle(id0,id1,dist): 30 31 1.6281828093500053
list:
dist: 1.6281828093500053 vs. 1.6281828093500053
--------
nle(id0,id1,dist): 30 55 2.4507102479393676
list:
dist: 2.4507102479393676 vs. 2.4507102479393676
--------
nle(id0,id1,dist): 30 53 1.9922701845115083
list:
dist: 1.9922701845115083 vs. 1.9922701845115083
--------
nle(id0,id1,dist): 30 54 3.503691956531677
list:
dist: 3.503691956531677 vs. 3.503691956531677
--------
nle(id0,id1,dist): 30 51 3.0921703485284673
list:
dist: 3.0921703485284673 vs. 3.0921703485284673
--------
nle(id0,id1,dist): 30 49 3.25893243418368
list:
dist: 3.25893243418368 vs. 3.25893243418368
--------
nle(id0,id1,dist): 30 50 2.3521276070800603
list:
dist: 2.3521276070800603 vs. 2.3521276070800603
--------
nle(id0,id1,dist): 30 47 2.525573271251892
list:
dist: 2.525573271251892 vs. 2.525573271251892
--------
nle(id0,id1,dist): 30 48 3.1590690381481394
list:
dist: 3.1590690381481394 vs. 3.1590690381481394
--------
nle(id0,id1,dist): 30 45 3.6650713223027886
list:
dist: 3.6650713223027886 vs. 3.6650713223027886
--------
nle(id0,id1,dist): 30 46 1.5713177480790326
list:
dist: 1.5713177480790326 vs. 1.5713177480790326
--------
nle(id0,id1,dist): 30 43 1.3963312042298
list:
dist: 1.3963312042298 vs. 1.3963312042298
--------
nle(id0,id1,dist): 30 44 2.809558068710146
list:
dist: 2.809558068710146 vs. 2.809558068710146
--------
nle(id0,id1,dist): 28 29 1.1237119537212192
list:
dist: 1.1237119537212192 vs. 1.1237119537212192
--------
nle(id0,id1,dist): 28 31 2.995457937764532
list:
dist: 2.995457937764532 vs. 2.995457937764532
--------
nle(id0,id1,dist): 28 33 3.213592855593254
list:
dist: 3.213592855593254 vs. 3.213592855593254
--------
nle(id0,id1,dist): 28 36 3.928731540180574
list:
dist: 3.928731540180574 vs. 3.928731540180574
--------
nle(id0,id1,dist): 28 51 4.011280148072196
list:
dist: 4.011280148072196 vs. 4.011280148072196
--------
nle(id0,id1,dist): 28 38 4.3830550649598
list:
dist: 4.3830550649598 vs. 4.3830550649598
--------
nle(id0,id1,dist): 28 37 4.028597929832152
list:
dist: 4.028597929832152 vs. 4.028597929832152
--------
nle(id0,id1,dist): 28 41 3.399578237469618
list:
dist: 3.399578237469618 vs. 3.399578237469618
--------
nle(id0,id1,dist): 29 31 3.2427765244295994
list:
dist: 3.2427765244295994 vs. 3.2427765244295994
--------
nle(id0,id1,dist): 28 54 3.987167170164023
list:
dist: 3.987167170164023 vs. 3.987167170164023
--------
nle(id0,id1,dist): 25 54 2.537265726855527
list:
dist: 2.537265726855527 vs. 2.537265726855527
--------
nle(id0,id1,dist): 26 27 1.0934387039271423
list:
dist: 1.0934387039271423 vs. 1.0934387039271423
--------
nle(id0,id1,dist): 26 28 2.7089511972560394
list:
dist: 2.7089511972560394 vs. 2.7089511972560394
--------
nle(id0,id1,dist): 26 29 1.9819997638969287
list:
dist: 1.9819997638969287 vs. 1.9819997638969287
--------
nle(id0,id1,dist): 26 37 4.722175149122924
list:
dist: 4.722175149122924 vs. 4.722175149122924
--------
nle(id0,id1,dist): 26 31 4.087810097355578
list:
dist: 4.087810097355578 vs. 4.087810097355578
--------
nle(id0,id1,dist): 26 33 3.8642002642173643
list:
dist: 3.8642002642173643 vs. 3.8642002642173643
--------
nle(id0,id1,dist): 26 41 4.08596514567845
list:
dist: 4.08596514567845 vs. 4.08596514567845
--------
nle(id0,id1,dist): 27 33 3.868217624345854
list:
dist: 3.868217624345854 vs. 3.868217624345854
--------
nle(id0,id1,dist): 27 32 4.848520795558945
list:
dist: 4.848520795558945 vs. 4.848520795558945
--------
nle(id0,id1,dist): 27 31 3.6467817783140823
list:
dist: 3.6467817783140823 vs. 3.6467817783140823
--------
nle(id0,id1,dist): 27 29 1.9579115735987846
list:
dist: 1.9579115735987846 vs. 1.9579115735987846
--------
nle(id0,id1,dist): 27 28 2.2014023024031824
list:
dist: 2.2014023024031824 vs. 2.2014023024031824
--------
nle(id0,id1,dist): 27 41 3.8579049728890884
list:
dist: 3.8579049728890884 vs. 3.8579049728890884
--------
nle(id0,id1,dist): 27 37 4.369294748824728
list:
dist: 4.369294748824728 vs. 4.369294748824728
--------
nle(id0,id1,dist): 24 26 0.979629919397353
list:
dist: 0.979629919397353 vs. 0.979629919397353
--------
nle(id0,id1,dist): 24 27 1.0869023398345095
list:
dist: 1.0869023398345095 vs. 1.0869023398345095
--------
nle(id0,id1,dist): 24 28 2.4335672317339445
list:
dist: 2.4335672317339445 vs. 2.4335672317339445
--------
nle(id0,id1,dist): 24 29 1.9327729722444802
list:
dist: 1.9327729722444802 vs. 1.9327729722444802
--------
nle(id0,id1,dist): 25 31 2.3238330308529838
list:
dist: 2.3238330308529838 vs. 2.3238330308529838
--------
nle(id0,id1,dist): 25 28 1.8115365952204183
list:
dist: 1.8115365952204183 vs. 1.8115365952204183
--------
nle(id0,id1,dist): 25 33 2.3475196894748125
list:
dist: 2.3475196894748125 vs. 2.3475196894748125
--------
nle(id0,id1,dist): 25 38 3.1469360925370067
list:
dist: 3.1469360925370067 vs. 3.1469360925370067
--------
nle(id0,id1,dist): 25 37 3.3067707797929966
list:
dist: 3.3067707797929966 vs. 3.3067707797929966
--------
nle(id0,id1,dist): 25 36 2.705985660073349
list:
dist: 2.705985660073349 vs. 2.705985660073349
--------
nle(id0,id1,dist): 25 41 2.663364701544024
list:
dist: 2.663364701544024 vs. 2.663364701544024
--------
nle(id0,id1,dist): 25 51 2.4901911274723063
list:
dist: 2.4901911274723063 vs. 2.4901911274723063
--------
nle(id0,id1,dist): 62 79 2.4764813128988346
list:
dist: 2.4764813128988346 vs. 2.4764813128988346
--------
nle(id0,id1,dist): 62 80 2.6642153312356878
list:
dist: 2.6642153312356878 vs. 2.6642153312356878
--------
nle(id0,id1,dist): 62 81 2.407831291084648
list:
dist: 2.407831291084648 vs. 2.407831291084648
--------
nle(id0,id1,dist): 62 82 2.711201317326265
list:
dist: 2.711201317326265 vs. 2.711201317326265
--------
nle(id0,id1,dist): 62 75 2.3117407043673435
list:
dist: 2.3117407043673435 vs. 2.3117407043673435
--------
nle(id0,id1,dist): 62 76 0.629777651207986
list:
dist: 0.629777651207986 vs. 0.629777651207986
--------
nle(id0,id1,dist): 62 77 2.9576391951816716
list:
dist: 2.9576391951816716 vs. 2.9576391951816716
--------
nle(id0,id1,dist): 62 78 2.4862118784624534
list:
dist: 2.4862118784624534 vs. 2.4862118784624534
--------
nle(id0,id1,dist): 62 87 2.9516498616150098
list:
dist: 2.9516498616150098 vs. 2.9516498616150098
--------
nle(id0,id1,dist): 62 90 4.581184133193931
list:
dist: 4.581184133193931 vs. 4.581184133193931
--------
nle(id0,id1,dist): 62 83 2.675623014784301
list:
dist: 2.675623014784301 vs. 2.675623014784301
--------
nle(id0,id1,dist): 62 84 2.030624849018861
list:
dist: 2.030624849018861 vs. 2.030624849018861
--------
nle(id0,id1,dist): 62 85 3.007492281535316
list:
dist: 3.007492281535316 vs. 3.007492281535316
--------
nle(id0,id1,dist): 62 64 0.967858177613662
list:
dist: 0.967858177613662 vs. 0.967858177613662
--------
nle(id0,id1,dist): 62 63 1.6364399557964193
list:
dist: 1.6364399557964193 vs. 1.6364399557964193
--------
nle(id0,id1,dist): 62 66 1.4918664836535869
list:
dist: 1.4918664836535869 vs. 1.4918664836535869
--------
nle(id0,id1,dist): 62 65 1.929359294841447
list:
dist: 1.929359294841447 vs. 1.929359294841447
--------
nle(id0,id1,dist): 61 96 3.1192904290313312
list:
dist: 3.1192904290313312 vs. 3.1192904290313312
--------
nle(id0,id1,dist): 61 98 3.1777521933145305
list:
dist: 3.1777521933145305 vs. 3.1777521933145305
--------
nle(id0,id1,dist): 62 72 1.5011061454259658
list:
dist: 1.5011061454259658 vs. 1.5011061454259658
--------
nle(id0,id1,dist): 62 71 1.4279086244224923
list:
dist: 1.4279086244224923 vs. 1.4279086244224923
--------
nle(id0,id1,dist): 62 74 1.7316048509881818
list:
dist: 1.7316048509881818 vs. 1.7316048509881818
--------
nle(id0,id1,dist): 62 73 0.6055185224193279
list:
dist: 0.6055185224193279 vs. 0.6055185224193279
--------
nle(id0,id1,dist): 62 68 1.616597764267645
list:
dist: 1.616597764267645 vs. 1.616597764267645
--------
nle(id0,id1,dist): 62 67 2.2561445438754903
list:
dist: 2.2561445438754903 vs. 2.2561445438754903
--------
nle(id0,id1,dist): 62 70 1.1705639573227544
list:
dist: 1.1705639573227544 vs. 1.1705639573227544
--------
nle(id0,id1,dist): 62 69 2.058951302184984
list:
dist: 2.058951302184984 vs. 2.058951302184984
--------
nle(id0,id1,dist): 61 87 3.0984634693346558
list:
dist: 3.0984634693346558 vs. 3.0984634693346558
--------
nle(id0,id1,dist): 61 84 2.1202477535892568
list:
dist: 2.1202477535892568 vs. 2.1202477535892568
--------
nle(id0,id1,dist): 61 85 3.3711604289577863
list:
dist: 3.3711604289577863 vs. 3.3711604289577863
--------
nle(id0,id1,dist): 61 82 3.262008750407283
list:
dist: 3.262008750407283 vs. 3.262008750407283
--------
nle(id0,id1,dist): 61 83 3.2934492311401637
list:
dist: 3.2934492311401637 vs. 3.2934492311401637
--------
nle(id0,id1,dist): 61 80 3.410080341935786
list:
dist: 3.410080341935786 vs. 3.410080341935786
--------
nle(id0,id1,dist): 61 81 2.5640989580419813
list:
dist: 2.5640989580419813 vs. 2.5640989580419813
--------
nle(id0,id1,dist): 61 71 2.2667137293536004
list:
dist: 2.2667137293536004 vs. 2.2667137293536004
--------
nle(id0,id1,dist): 61 70 1.7808999023552259
list:
dist: 1.7808999023552259 vs. 1.7808999023552259
--------
nle(id0,id1,dist): 61 69 1.8990778384465175
list:
dist: 1.8990778384465175 vs. 1.8990778384465175
--------
nle(id0,id1,dist): 61 68 1.109575433292403
list:
dist: 1.109575433292403 vs. 1.109575433292403
--------
nle(id0,id1,dist): 61 67 2.1588501229487247
list:
dist: 2.1588501229487247 vs. 2.1588501229487247
--------
nle(id0,id1,dist): 61 66 1.7700783550160717
list:
dist: 1.7700783550160717 vs. 1.7700783550160717
--------
nle(id0,id1,dist): 61 65 1.206947357502182
list:
dist: 1.206947357502182 vs. 1.206947357502182
--------
nle(id0,id1,dist): 61 64 1.6922058049126285
list:
dist: 1.6922058049126285 vs. 1.6922058049126285
--------
nle(id0,id1,dist): 61 79 2.1003417303466714
list:
dist: 2.1003417303466714 vs. 2.1003417303466714
--------
nle(id0,id1,dist): 61 78 2.548854224481397
list:
dist: 2.548854224481397 vs. 2.548854224481397
--------
nle(id0,id1,dist): 61 77 2.8706320718218685
list:
dist: 2.8706320718218685 vs. 2.8706320718218685
--------
nle(id0,id1,dist): 61 76 1.1387169147538578
list:
dist: 1.1387169147538578 vs. 1.1387169147538578
--------
nle(id0,id1,dist): 61 75 2.7776326979357204
list:
dist: 2.7776326979357204 vs. 2.7776326979357204
--------
nle(id0,id1,dist): 61 74 2.2924499747427145
list:
dist: 2.2924499747427145 vs. 2.2924499747427145
--------
nle(id0,id1,dist): 61 73 1.37357583021301
list:
dist: 1.37357583021301 vs. 1.37357583021301
--------
nle(id0,id1,dist): 61 72 2.319274958620725
list:
dist: 2.319274958620725 vs. 2.319274958620725
--------
nle(id0,id1,dist): 64 65 2.596634372982813
list:
dist: 2.596634372982813 vs. 2.596634372982813
--------
nle(id0,id1,dist): 64 66 0.9602145883645471
list:
dist: 0.9602145883645471 vs. 0.9602145883645471
--------
nle(id0,id1,dist): 64 67 1.8786901805843392
list:
dist: 1.8786901805843392 vs. 1.8786901805843392
--------
nle(id0,id1,dist): 64 68 1.9288711333438082
list:
dist: 1.9288711333438082 vs. 1.9288711333438082
--------
nle(id0,id1,dist): 64 69 1.992704542572484
list:
dist: 1.992704542572484 vs. 1.992704542572484
--------
nle(id0,id1,dist): 64 70 0.8668784885687218
list:
dist: 0.8668784885687218 vs. 0.8668784885687218
--------
nle(id0,id1,dist): 64 71 0.9618345676908238
list:
dist: 0.9618345676908238 vs. 0.9618345676908238
--------
nle(id0,id1,dist): 64 72 1.3719267472514298
list:
dist: 1.3719267472514298 vs. 1.3719267472514298
--------
nle(id0,id1,dist): 64 73 0.6514153275378001
list:
dist: 0.6514153275378001 vs. 0.6514153275378001
--------
nle(id0,id1,dist): 64 74 1.439919553281868
list:
dist: 1.439919553281868 vs. 1.439919553281868
--------
nle(id0,id1,dist): 64 75 1.599488816678997
list:
dist: 1.599488816678997 vs. 1.599488816678997
--------
nle(id0,id1,dist): 64 76 0.6790258267992584
list:
dist: 0.6790258267992584 vs. 0.6790258267992584
--------
nle(id0,id1,dist): 64 77 2.8778256989882274
list:
dist: 2.8778256989882274 vs. 2.8778256989882274
--------
nle(id0,id1,dist): 64 78 2.183458898996971
list:
dist: 2.183458898996971 vs. 2.183458898996971
--------
nle(id0,id1,dist): 64 79 2.585597310139294
list:
dist: 2.585597310139294 vs. 2.585597310139294
--------
nle(id0,id1,dist): 64 80 1.8673236492100767
list:
dist: 1.8673236492100767 vs. 1.8673236492100767
--------
nle(id0,id1,dist): 63 87 2.973664421432395
list:
dist: 2.973664421432395 vs. 2.973664421432395
--------
nle(id0,id1,dist): 63 91 2.6686079839854875
list:
dist: 2.6686079839854875 vs. 2.6686079839854875
--------
nle(id0,id1,dist): 63 90 3.4296605906998567
list:
dist: 3.4296605906998567 vs. 3.4296605906998567
--------
nle(id0,id1,dist): 63 93 3.12230882605295
list:
dist: 3.12230882605295 vs. 3.12230882605295
--------
nle(id0,id1,dist): 63 94 2.883067408721749
list:
dist: 2.883067408721749 vs. 2.883067408721749
--------
nle(id0,id1,dist): 63 96 1.7423505211262897
list:
dist: 1.7423505211262897 vs. 1.7423505211262897
--------
nle(id0,id1,dist): 63 98 1.9828386839278964
list:
dist: 1.9828386839278964 vs. 1.9828386839278964
--------
nle(id0,id1,dist): 63 72 2.666832279686309
list:
dist: 2.666832279686309 vs. 2.666832279686309
--------
nle(id0,id1,dist): 63 73 1.7010452261904763
list:
dist: 1.7010452261904763 vs. 1.7010452261904763
--------
nle(id0,id1,dist): 63 70 1.8956091974645388
list:
dist: 1.8956091974645388 vs. 1.8956091974645388
--------
nle(id0,id1,dist): 63 71 1.9309805011876577
list:
dist: 1.9309805011876577 vs. 1.9309805011876577
--------
nle(id0,id1,dist): 63 76 1.0562412430369887
list:
dist: 1.0562412430369887 vs. 1.0562412430369887
--------
nle(id0,id1,dist): 63 77 3.058717412948964
list:
dist: 3.058717412948964 vs. 3.058717412948964
--------
nle(id0,id1,dist): 63 74 2.4568499202355882
list:
dist: 2.4568499202355882 vs. 2.4568499202355882
--------
nle(id0,id1,dist): 63 75 2.178209124688783
list:
dist: 2.178209124688783 vs. 2.178209124688783
--------
nle(id0,id1,dist): 63 80 2.867354408793582
list:
dist: 2.867354408793582 vs. 2.867354408793582
--------
nle(id0,id1,dist): 63 81 2.998156577220489
list:
dist: 2.998156577220489 vs. 2.998156577220489
--------
nle(id0,id1,dist): 63 78 2.3420674566602964
list:
dist: 2.3420674566602964 vs. 2.3420674566602964
--------
nle(id0,id1,dist): 63 79 2.3859164286529575
list:
dist: 2.3859164286529575 vs. 2.3859164286529575
--------
nle(id0,id1,dist): 63 84 1.6534970759107526
list:
dist: 1.6534970759107526 vs. 1.6534970759107526
--------
nle(id0,id1,dist): 63 85 3.1682973056839203
list:
dist: 3.1682973056839203 vs. 3.1682973056839203
--------
nle(id0,id1,dist): 63 82 2.9089698615042
list:
dist: 2.9089698615042 vs. 2.9089698615042
--------
nle(id0,id1,dist): 63 83 2.546421206893468
list:
dist: 2.546421206893468 vs. 2.546421206893468
--------
nle(id0,id1,dist): 62 94 4.352099853959982
list:
dist: 4.352099853959982 vs. 4.352099853959982
--------
nle(id0,id1,dist): 62 93 4.456851911397512
list:
dist: 4.456851911397512 vs. 4.456851911397512
--------
nle(id0,id1,dist): 62 91 3.9215552847700565
list:
dist: 3.9215552847700565 vs. 3.9215552847700565
--------
nle(id0,id1,dist): 62 98 3.5034363095225993
list:
dist: 3.5034363095225993 vs. 3.5034363095225993
--------
nle(id0,id1,dist): 62 96 3.3290362020817614
list:
dist: 3.3290362020817614 vs. 3.3290362020817614
--------
nle(id0,id1,dist): 63 65 2.5290774679870163
list:
dist: 2.5290774679870163 vs. 2.5290774679870163
--------
nle(id0,id1,dist): 63 64 1.3303664864263336
list:
dist: 1.3303664864263336 vs. 1.3303664864263336
--------
nle(id0,id1,dist): 63 69 1.914610160652183
list:
dist: 1.914610160652183 vs. 1.914610160652183
--------
nle(id0,id1,dist): 63 68 1.6697660995755736
list:
dist: 1.6697660995755736 vs. 1.6697660995755736
--------
nle(id0,id1,dist): 63 67 0.9122397623491074
list:
dist: 0.9122397623491074 vs. 0.9122397623491074
--------
nle(id0,id1,dist): 63 66 1.0874847420612246
list:
dist: 1.0874847420612246 vs. 1.0874847420612246
--------
nle(id0,id1,dist): 58 59 2.0080866236194654
list:
dist: 2.0080866236194654 vs. 2.0080866236194654
--------
nle(id0,id1,dist): 61 63 1.6822522821942374
list:
dist: 1.6822522821942374 vs. 1.6822522821942374
--------
nle(id0,id1,dist): 61 62 0.9211972401608949
list:
dist: 0.9211972401608949 vs. 0.9211972401608949
--------
nle(id0,id1,dist): 60 85 2.650335527245177
list:
dist: 2.650335527245177 vs. 2.650335527245177
--------
nle(id0,id1,dist): 60 87 2.6346607474142836
list:
dist: 2.6346607474142836 vs. 2.6346607474142836
--------
nle(id0,id1,dist): 60 77 2.6174838331699974
list:
dist: 2.6174838331699974 vs. 2.6174838331699974
--------
nle(id0,id1,dist): 60 78 2.306543978519919
list:
dist: 2.306543978519919 vs. 2.306543978519919
--------
nle(id0,id1,dist): 60 79 2.3584187759710367
list:
dist: 2.3584187759710367 vs. 2.3584187759710367
--------
nle(id0,id1,dist): 60 80 2.550458582530971
list:
dist: 2.550458582530971 vs. 2.550458582530971
--------
nle(id0,id1,dist): 60 81 1.882364124719549
list:
dist: 1.882364124719549 vs. 1.882364124719549
--------
nle(id0,id1,dist): 60 82 2.4366725046411966
list:
dist: 2.4366725046411966 vs. 2.4366725046411966
--------
nle(id0,id1,dist): 60 83 2.6329284418544883
list:
dist: 2.6329284418544883 vs. 2.6329284418544883
--------
nle(id0,id1,dist): 60 84 2.0524539442782457
list:
dist: 2.0524539442782457 vs. 2.0524539442782457
--------
nle(id0,id1,dist): 60 69 1.9916988362668477
list:
dist: 1.9916988362668477 vs. 1.9916988362668477
--------
nle(id0,id1,dist): 60 70 0.9790423710009712
list:
dist: 0.9790423710009712 vs. 0.9790423710009712
--------
nle(id0,id1,dist): 60 71 1.8436934275672776
list:
dist: 1.8436934275672776 vs. 1.8436934275672776
--------
nle(id0,id1,dist): 60 72 1.1331335247423804
list:
dist: 1.1331335247423804 vs. 1.1331335247423804
--------
nle(id0,id1,dist): 60 73 0.6886227336553445
list:
dist: 0.6886227336553445 vs. 0.6886227336553445
--------
nle(id0,id1,dist): 60 74 1.3145017489385689
list:
dist: 1.3145017489385689 vs. 1.3145017489385689
--------
nle(id0,id1,dist): 60 75 2.230969960756532
list:
dist: 2.230969960756532 vs. 2.230969960756532
--------
nle(id0,id1,dist): 60 76 1.3063945049804164
list:
dist: 1.3063945049804164 vs. 1.3063945049804164
--------
nle(id0,id1,dist): 60 64 1.3360817742450735
list:
dist: 1.3360817742450735 vs. 1.3360817742450735
--------
nle(id0,id1,dist): 60 63 2.2282870781094855
list:
dist: 2.2282870781094855 vs. 2.2282870781094855
--------
nle(id0,id1,dist): 60 62 0.7625567413315579
list:
dist: 0.7625567413315579 vs. 0.7625567413315579
--------
nle(id0,id1,dist): 60 61 1.2896359587898378
list:
dist: 1.2896359587898378 vs. 1.2896359587898378
--------
nle(id0,id1,dist): 60 68 1.717596350318791
list:
dist: 1.717596350318791 vs. 1.717596350318791
--------
nle(id0,id1,dist): 60 66 1.7226123529837363
list:
dist: 1.7226123529837363 vs. 1.7226123529837363
--------
nle(id0,id1,dist): 60 65 1.8418061758584607
list:
dist: 1.8418061758584607 vs. 1.8418061758584607
--------
nle(id0,id1,dist): 68 98 2.9290773393163025
list:
dist: 2.9290773393163025 vs. 2.9290773393163025
--------
nle(id0,id1,dist): 68 96 2.905728831052672
list:
dist: 2.905728831052672 vs. 2.905728831052672
--------
nle(id0,id1,dist): 69 71 2.952487274346275
list:
dist: 2.952487274346275 vs. 2.952487274346275
--------
nle(id0,id1,dist): 69 70 1.5929902766921913
list:
dist: 1.5929902766921913 vs. 1.5929902766921913
--------
nle(id0,id1,dist): 69 78 0.7757770477902125
list:
dist: 0.7757770477902125 vs. 0.7757770477902125
--------
nle(id0,id1,dist): 69 79 0.6621943595932582
list:
dist: 0.6621943595932582 vs. 0.6621943595932582
--------
nle(id0,id1,dist): 69 76 1.9938225411110855
list:
dist: 1.9938225411110855 vs. 1.9938225411110855
--------
nle(id0,id1,dist): 69 77 1.1777565351243227
list:
dist: 1.1777565351243227 vs. 1.1777565351243227
--------
nle(id0,id1,dist): 69 74 1.7501531602876474
list:
dist: 1.7501531602876474 vs. 1.7501531602876474
--------
nle(id0,id1,dist): 69 75 1.6792743917159485
list:
dist: 1.6792743917159485 vs. 1.6792743917159485
--------
nle(id0,id1,dist): 69 72 2.559507473203208
list:
dist: 2.559507473203208 vs. 2.559507473203208
--------
nle(id0,id1,dist): 69 73 1.8401361877866216
list:
dist: 1.8401361877866216 vs. 1.8401361877866216
--------
nle(id0,id1,dist): 69 87 1.4042334063509765
list:
dist: 1.4042334063509765 vs. 1.4042334063509765
--------
nle(id0,id1,dist): 69 84 0.6751839485337532
list:
dist: 0.6751839485337532 vs. 0.6751839485337532
--------
nle(id0,id1,dist): 69 85 1.9498003888946296
list:
dist: 1.9498003888946296 vs. 1.9498003888946296
--------
nle(id0,id1,dist): 69 82 2.1918101242037595
list:
dist: 2.1918101242037595 vs. 2.1918101242037595
--------
nle(id0,id1,dist): 69 83 2.418185844941587
list:
dist: 2.418185844941587 vs. 2.418185844941587
--------
nle(id0,id1,dist): 69 80 2.8149543096123053
list:
dist: 2.8149543096123053 vs. 2.8149543096123053
--------
nle(id0,id1,dist): 69 81 1.4398470408660884
list:
dist: 1.4398470408660884 vs. 1.4398470408660884
--------
nle(id0,id1,dist): 67 103 3.699995743971628
list:
dist: 3.699995743971628 vs. 3.699995743971628
--------
nle(id0,id1,dist): 67 102 3.422187857210431
list:
dist: 3.422187857210431 vs. 3.422187857210431
--------
nle(id0,id1,dist): 67 105 3.8990989696688043
list:
dist: 3.8990989696688043 vs. 3.8990989696688043
--------
nle(id0,id1,dist): 67 104 3.169505374978546
list:
dist: 3.169505374978546 vs. 3.169505374978546
--------
nle(id0,id1,dist): 67 99 3.2398974384442147
list:
dist: 3.2398974384442147 vs. 3.2398974384442147
--------
nle(id0,id1,dist): 67 98 1.8148723801537254
list:
dist: 1.8148723801537254 vs. 1.8148723801537254
--------
nle(id0,id1,dist): 67 101 3.9500219367632368
list:
dist: 3.9500219367632368 vs. 3.9500219367632368
--------
nle(id0,id1,dist): 67 100 4.077403075646148
list:
dist: 4.077403075646148 vs. 4.077403075646148
--------
nle(id0,id1,dist): 67 111 2.7168099051826076
list:
dist: 2.7168099051826076 vs. 2.7168099051826076
--------
nle(id0,id1,dist): 68 74 2.1098547091918856
list:
dist: 2.1098547091918856 vs. 2.1098547091918856
--------
nle(id0,id1,dist): 67 110 3.727058823796585
list:
dist: 3.727058823796585 vs. 3.727058823796585
--------
nle(id0,id1,dist): 68 73 1.6876262402428812
list:
dist: 1.6876262402428812 vs. 1.6876262402428812
--------
nle(id0,id1,dist): 67 113 3.8824144607681963
list:
dist: 3.8824144607681963 vs. 3.8824144607681963
--------
nle(id0,id1,dist): 68 76 1.624646451560689
list:
dist: 1.624646451560689 vs. 1.624646451560689
--------
nle(id0,id1,dist): 67 112 3.4641481911510725
list:
dist: 3.4641481911510725 vs. 3.4641481911510725
--------
nle(id0,id1,dist): 68 75 2.3166017166597537
list:
dist: 2.3166017166597537 vs. 2.3166017166597537
--------
nle(id0,id1,dist): 68 70 1.7449324481385506
list:
dist: 1.7449324481385506 vs. 1.7449324481385506
--------
nle(id0,id1,dist): 67 107 3.496251630498508
list:
dist: 3.496251630498508 vs. 3.496251630498508
--------
nle(id0,id1,dist): 67 106 3.2974311574049904
list:
dist: 3.2974311574049904 vs. 3.2974311574049904
--------
nle(id0,id1,dist): 68 69 0.9203049205211347
list:
dist: 0.9203049205211347 vs. 0.9203049205211347
--------
nle(id0,id1,dist): 67 109 3.800668060549813
list:
dist: 3.800668060549813 vs. 3.800668060549813
--------
nle(id0,id1,dist): 68 72 2.6106160906216425
list:
dist: 2.6106160906216425 vs. 2.6106160906216425
--------
nle(id0,id1,dist): 68 71 2.79827326041904
list:
dist: 2.79827326041904 vs. 2.79827326041904
--------
nle(id0,id1,dist): 67 108 2.7306417491070243
list:
dist: 2.7306417491070243 vs. 2.7306417491070243
--------
nle(id0,id1,dist): 68 81 1.983344437133875
list:
dist: 1.983344437133875 vs. 1.983344437133875
--------
nle(id0,id1,dist): 67 118 4.346593379784447
list:
dist: 4.346593379784447 vs. 4.346593379784447
--------
nle(id0,id1,dist): 68 82 2.8553639418457264
list:
dist: 2.8553639418457264 vs. 2.8553639418457264
--------
nle(id0,id1,dist): 68 83 2.9888726702393673
list:
dist: 2.9888726702393673 vs. 2.9888726702393673
--------
nle(id0,id1,dist): 68 84 1.3614879693664785
list:
dist: 1.3614879693664785 vs. 1.3614879693664785
--------
nle(id0,id1,dist): 67 114 3.667394566402652
list:
dist: 3.667394566402652 vs. 3.667394566402652
--------
nle(id0,id1,dist): 68 77 1.9362587532676252
list:
dist: 1.9362587532676252 vs. 1.9362587532676252
--------
nle(id0,id1,dist): 68 78 1.6785256141378393
list:
dist: 1.6785256141378393 vs. 1.6785256141378393
--------
nle(id0,id1,dist): 67 116 3.963590671565891
list:
dist: 3.963590671565891 vs. 3.963590671565891
--------
nle(id0,id1,dist): 68 79 1.0208238168076142
list:
dist: 1.0208238168076142 vs. 1.0208238168076142
--------
nle(id0,id1,dist): 67 117 4.18477828011887
list:
dist: 4.18477828011887 vs. 4.18477828011887
--------
nle(id0,id1,dist): 68 80 3.285343183841828
list:
dist: 3.285343183841828 vs. 3.285343183841828
--------
nle(id0,id1,dist): 68 85 2.747619927665816
list:
dist: 2.747619927665816 vs. 2.747619927665816
--------
nle(id0,id1,dist): 68 87 2.278372007651933
list:
dist: 2.278372007651933 vs. 2.278372007651933
--------
nle(id0,id1,dist): 70 85 1.8707226480891963
list:
dist: 1.8707226480891963 vs. 1.8707226480891963
--------
nle(id0,id1,dist): 70 84 1.3610949228309122
list:
dist: 1.3610949228309122 vs. 1.3610949228309122
--------
nle(id0,id1,dist): 70 83 1.6730160073242062
list:
dist: 1.6730160073242062 vs. 1.6730160073242062
--------
nle(id0,id1,dist): 70 90 5.17871144177987
list:
dist: 5.17871144177987 vs. 5.17871144177987
--------
nle(id0,id1,dist): 70 87 1.9653034441972803
list:
dist: 1.9653034441972803 vs. 1.9653034441972803
--------
nle(id0,id1,dist): 70 94 4.652047786944014
list:
dist: 4.652047786944014 vs. 4.652047786944014
--------
nle(id0,id1,dist): 70 93 4.8993143496811005
list:
dist: 4.8993143496811005 vs. 4.8993143496811005
--------
nle(id0,id1,dist): 70 91 4.458691828206076
list:
dist: 4.458691828206076 vs. 4.458691828206076
--------
nle(id0,id1,dist): 70 98 3.8069469837615904
list:
dist: 3.8069469837615904 vs. 3.8069469837615904
--------
nle(id0,id1,dist): 70 96 3.5801095330431325
list:
dist: 3.5801095330431325 vs. 3.5801095330431325
--------
nle(id0,id1,dist): 71 72 1.5479666625650905
list:
dist: 1.5479666625650905 vs. 1.5479666625650905
--------
nle(id0,id1,dist): 71 73 1.3249950379861084
list:
dist: 1.3249950379861084 vs. 1.3249950379861084
--------
nle(id0,id1,dist): 71 76 1.240100180927569
list:
dist: 1.240100180927569 vs. 1.240100180927569
--------
nle(id0,id1,dist): 71 77 3.8017120176176946
list:
dist: 3.8017120176176946 vs. 3.8017120176176946
--------
nle(id0,id1,dist): 71 74 2.1043308066246236
list:
dist: 2.1043308066246236 vs. 2.1043308066246236
--------
nle(id0,id1,dist): 71 75 2.329748150584831
list:
dist: 2.329748150584831 vs. 2.329748150584831
--------
nle(id0,id1,dist): 69 96 3.093018321833752
list:
dist: 3.093018321833752 vs. 3.093018321833752
--------
nle(id0,id1,dist): 69 98 3.175908182162398
list:
dist: 3.175908182162398 vs. 3.175908182162398
--------
nle(id0,id1,dist): 70 71 1.6444386658410133
list:
dist: 1.6444386658410133 vs. 1.6444386658410133
--------
nle(id0,id1,dist): 70 72 1.0077374732044682
list:
dist: 1.0077374732044682 vs. 1.0077374732044682
--------
nle(id0,id1,dist): 70 73 0.5870597169769107
list:
dist: 0.5870597169769107 vs. 0.5870597169769107
--------
nle(id0,id1,dist): 70 74 0.6225375059811067
list:
dist: 0.6225375059811067 vs. 0.6225375059811067
--------
nle(id0,id1,dist): 70 75 1.2636528083377805
list:
dist: 1.2636528083377805 vs. 1.2636528083377805
--------
nle(id0,id1,dist): 70 76 1.2659094703368157
list:
dist: 1.2659094703368157 vs. 1.2659094703368157
--------
nle(id0,id1,dist): 70 77 2.2104828914815506
list:
dist: 2.2104828914815506 vs. 2.2104828914815506
--------
nle(id0,id1,dist): 70 78 1.6518128817555007
list:
dist: 1.6518128817555007 vs. 1.6518128817555007
--------
nle(id0,id1,dist): 70 79 2.158221181590835
list:
dist: 2.158221181590835 vs. 2.158221181590835
--------
nle(id0,id1,dist): 70 80 1.7004319401856307
list:
dist: 1.7004319401856307 vs. 1.7004319401856307
--------
nle(id0,id1,dist): 70 81 1.5552899159820108
list:
dist: 1.5552899159820108 vs. 1.5552899159820108
--------
nle(id0,id1,dist): 70 82 1.5503674341469071
list:
dist: 1.5503674341469071 vs. 1.5503674341469071
--------
nle(id0,id1,dist): 65 87 2.8953346569224725
list:
dist: 2.8953346569224725 vs. 2.8953346569224725
--------
nle(id0,id1,dist): 65 84 2.2908113929969525
list:
dist: 2.2908113929969525 vs. 2.2908113929969525
--------
nle(id0,id1,dist): 65 85 3.3652072900470658
list:
dist: 3.3652072900470658 vs. 3.3652072900470658
--------
nle(id0,id1,dist): 65 82 3.5305136074360592
list:
dist: 3.5305136074360592 vs. 3.5305136074360592
--------
nle(id0,id1,dist): 65 83 3.7988270101608546
list:
dist: 3.7988270101608546 vs. 3.7988270101608546
--------
nle(id0,id1,dist): 65 80 3.9836039339595546
list:
dist: 3.9836039339595546 vs. 3.9836039339595546
--------
nle(id0,id1,dist): 65 81 2.2845896908763854
list:
dist: 2.2845896908763854 vs. 2.2845896908763854
--------
nle(id0,id1,dist): 65 78 2.433065980875436
list:
dist: 2.433065980875436 vs. 2.433065980875436
--------
nle(id0,id1,dist): 65 79 1.548695213150691
list:
dist: 1.548695213150691 vs. 1.548695213150691
--------
nle(id0,id1,dist): 65 76 2.2072853814287163
list:
dist: 2.2072853814287163 vs. 2.2072853814287163
--------
nle(id0,id1,dist): 65 77 2.370380479189249
list:
dist: 2.370380479189249 vs. 2.370380479189249
--------
nle(id0,id1,dist): 66 70 1.0363976925099503
list:
dist: 1.0363976925099503 vs. 1.0363976925099503
--------
nle(id0,id1,dist): 66 69 1.1989899420210393
list:
dist: 1.1989899420210393 vs. 1.1989899420210393
--------
nle(id0,id1,dist): 66 68 1.4158327062973266
list:
dist: 1.4158327062973266 vs. 1.4158327062973266
--------
nle(id0,id1,dist): 66 67 1.121333123485624
list:
dist: 1.121333123485624 vs. 1.121333123485624
--------
nle(id0,id1,dist): 65 98 3.681075599835255
list:
dist: 3.681075599835255 vs. 3.681075599835255
--------
nle(id0,id1,dist): 65 96 3.7239952762276345
list:
dist: 3.7239952762276345 vs. 3.7239952762276345
--------
nle(id0,id1,dist): 64 93 4.125199369504578
list:
dist: 4.125199369504578 vs. 4.125199369504578
--------
nle(id0,id1,dist): 64 94 3.926389208224233
list:
dist: 3.926389208224233 vs. 3.926389208224233
--------
nle(id0,id1,dist): 64 96 3.0328282824193145
list:
dist: 3.0328282824193145 vs. 3.0328282824193145
--------
nle(id0,id1,dist): 64 90 4.375749458421771
list:
dist: 4.375749458421771 vs. 4.375749458421771
--------
nle(id0,id1,dist): 64 91 3.6818814866920024
list:
dist: 3.6818814866920024 vs. 3.6818814866920024
--------
nle(id0,id1,dist): 64 85 2.5382241839449273
list:
dist: 2.5382241839449273 vs. 2.5382241839449273
--------
nle(id0,id1,dist): 64 87 2.6225862532636883
list:
dist: 2.6225862532636883 vs. 2.6225862532636883
--------
nle(id0,id1,dist): 64 81 2.383443015819719
list:
dist: 2.383443015819719 vs. 2.383443015819719
--------
nle(id0,id1,dist): 64 82 2.081629085011801
list:
dist: 2.081629085011801 vs. 2.081629085011801
--------
nle(id0,id1,dist): 64 83 1.8226617901421018
list:
dist: 1.8226617901421018 vs. 1.8226617901421018
--------
nle(id0,id1,dist): 64 84 1.6485179462290334
list:
dist: 1.6485179462290334 vs. 1.6485179462290334
--------
nle(id0,id1,dist): 65 73 2.155946464669849
list:
dist: 2.155946464669849 vs. 2.155946464669849
--------
nle(id0,id1,dist): 65 72 2.9275014588308244
list:
dist: 2.9275014588308244 vs. 2.9275014588308244
--------
nle(id0,id1,dist): 65 75 3.1394168756314524
list:
dist: 3.1394168756314524 vs. 3.1394168756314524
--------
nle(id0,id1,dist): 65 74 2.598672905437428
list:
dist: 2.598672905437428 vs. 2.598672905437428
--------
nle(id0,id1,dist): 65 69 1.7453188135252207
list:
dist: 1.7453188135252207 vs. 1.7453188135252207
--------
nle(id0,id1,dist): 65 68 1.0243491864176955
list:
dist: 1.0243491864176955 vs. 1.0243491864176955
--------
nle(id0,id1,dist): 65 71 3.3311228016274823
list:
dist: 3.3311228016274823 vs. 3.3311228016274823
--------
nle(id0,id1,dist): 65 70 2.312433969522774
list:
dist: 2.312433969522774 vs. 2.312433969522774
--------
nle(id0,id1,dist): 65 67 2.6128903895833657
list:
dist: 2.6128903895833657 vs. 2.6128903895833657
--------
nle(id0,id1,dist): 65 66 2.3360037780987337
list:
dist: 2.3360037780987337 vs. 2.3360037780987337
--------
nle(id0,id1,dist): 64 98 3.3069434718880983
list:
dist: 3.3069434718880983 vs. 3.3069434718880983
--------
nle(id0,id1,dist): 67 76 1.7789333546656565
list:
dist: 1.7789333546656565 vs. 1.7789333546656565
--------
nle(id0,id1,dist): 67 77 2.587205517021519
list:
dist: 2.587205517021519 vs. 2.587205517021519
--------
nle(id0,id1,dist): 67 75 1.9993786524946626
list:
dist: 1.9993786524946626 vs. 1.9993786524946626
--------
nle(id0,id1,dist): 67 81 2.818126901652058
list:
dist: 2.818126901652058 vs. 2.818126901652058
--------
nle(id0,id1,dist): 67 78 1.8734426245729843
list:
dist: 1.8734426245729843 vs. 1.8734426245729843
--------
nle(id0,id1,dist): 67 79 1.9457929567640888
list:
dist: 1.9457929567640888 vs. 1.9457929567640888
--------
nle(id0,id1,dist): 67 68 1.6134708209182747
list:
dist: 1.6134708209182747 vs. 1.6134708209182747
--------
nle(id0,id1,dist): 67 69 1.5270403560774601
list:
dist: 1.5270403560774601 vs. 1.5270403560774601
--------
nle(id0,id1,dist): 67 73 2.1750142701693127
list:
dist: 2.1750142701693127 vs. 2.1750142701693127
--------
nle(id0,id1,dist): 67 70 2.143452342548425
list:
dist: 2.143452342548425 vs. 2.143452342548425
--------
nle(id0,id1,dist): 67 71 2.655126084107147
list:
dist: 2.655126084107147 vs. 2.655126084107147
--------
nle(id0,id1,dist): 67 93 3.4185485920270784
list:
dist: 3.4185485920270784 vs. 3.4185485920270784
--------
nle(id0,id1,dist): 67 92 3.7454288531503988
list:
dist: 3.7454288531503988 vs. 3.7454288531503988
--------
nle(id0,id1,dist): 67 91 3.0665705618723313
list:
dist: 3.0665705618723313 vs. 3.0665705618723313
--------
nle(id0,id1,dist): 67 90 3.8567498727966405
list:
dist: 3.8567498727966405 vs. 3.8567498727966405
--------
nle(id0,id1,dist): 67 97 2.6273485427855006
list:
dist: 2.6273485427855006 vs. 2.6273485427855006
--------
nle(id0,id1,dist): 67 96 1.6303595026137856
list:
dist: 1.6303595026137856 vs. 1.6303595026137856
--------
nle(id0,id1,dist): 67 95 2.9754737568563336
list:
dist: 2.9754737568563336 vs. 2.9754737568563336
--------
nle(id0,id1,dist): 67 94 3.033208899598739
list:
dist: 3.033208899598739 vs. 3.033208899598739
--------
nle(id0,id1,dist): 67 85 2.857133550479989
list:
dist: 2.857133550479989 vs. 2.857133550479989
--------
nle(id0,id1,dist): 67 84 1.2514190522580295
list:
dist: 1.2514190522580295 vs. 1.2514190522580295
--------
nle(id0,id1,dist): 67 83 2.4887044815065154
list:
dist: 2.4887044815065154 vs. 2.4887044815065154
--------
nle(id0,id1,dist): 67 82 2.7781737800668247
list:
dist: 2.7781737800668247 vs. 2.7781737800668247
--------
nle(id0,id1,dist): 67 87 2.521688100638713
list:
dist: 2.521688100638713 vs. 2.521688100638713
--------
nle(id0,id1,dist): 66 79 1.8338282490373279
list:
dist: 1.8338282490373279 vs. 1.8338282490373279
--------
nle(id0,id1,dist): 66 80 2.0553507974850356
list:
dist: 2.0553507974850356 vs. 2.0553507974850356
--------
nle(id0,id1,dist): 66 81 2.005275212222691
list:
dist: 2.005275212222691 vs. 2.005275212222691
--------
nle(id0,id1,dist): 66 82 1.8748673789387391
list:
dist: 1.8748673789387391 vs. 1.8748673789387391
--------
nle(id0,id1,dist): 66 83 1.7014221623622723
list:
dist: 1.7014221623622723 vs. 1.7014221623622723
--------
nle(id0,id1,dist): 66 84 0.7483045876180446
list:
dist: 0.7483045876180446 vs. 0.7483045876180446
--------
nle(id0,id1,dist): 66 85 2.0918107555824363
list:
dist: 2.0918107555824363 vs. 2.0918107555824363
--------
nle(id0,id1,dist): 66 71 1.8884812640761377
list:
dist: 1.8884812640761377 vs. 1.8884812640761377
--------
nle(id0,id1,dist): 66 72 1.9830002881491973
list:
dist: 1.9830002881491973 vs. 1.9830002881491973
--------
nle(id0,id1,dist): 66 73 1.1838460411001681
list:
dist: 1.1838460411001681 vs. 1.1838460411001681
--------
nle(id0,id1,dist): 66 74 1.4718477225150897
list:
dist: 1.4718477225150897 vs. 1.4718477225150897
--------
nle(id0,id1,dist): 66 75 1.1719495650839382
list:
dist: 1.1719495650839382 vs. 1.1719495650839382
--------
nle(id0,id1,dist): 66 76 1.1549225134576402
list:
dist: 1.1549225134576402 vs. 1.1549225134576402
--------
nle(id0,id1,dist): 66 77 2.1725412095933208
list:
dist: 2.1725412095933208 vs. 2.1725412095933208
--------
nle(id0,id1,dist): 66 78 1.3947793151890984
list:
dist: 1.3947793151890984 vs. 1.3947793151890984
--------
nle(id0,id1,dist): 66 96 2.6119879281606826
list:
dist: 2.6119879281606826 vs. 2.6119879281606826
--------
nle(id0,id1,dist): 66 98 2.8437958990723704
list:
dist: 2.8437958990723704 vs. 2.8437958990723704
--------
nle(id0,id1,dist): 66 87 1.9578707228077827
list:
dist: 1.9578707228077827 vs. 1.9578707228077827
--------
nle(id0,id1,dist): 66 90 4.466539828168068
list:
dist: 4.466539828168068 vs. 4.466539828168068
--------
nle(id0,id1,dist): 66 91 3.702961174261936
list:
dist: 3.702961174261936 vs. 3.702961174261936
--------
nle(id0,id1,dist): 66 94 3.7869836250716893
list:
dist: 3.7869836250716893 vs. 3.7869836250716893
--------
nle(id0,id1,dist): 66 93 4.103564415703316
list:
dist: 4.103564415703316 vs. 4.103564415703316
--------
nle(id0,id1,dist): 48 51 1.320924978401315
list:
dist: 1.320924978401315 vs. 1.320924978401315
--------
nle(id0,id1,dist): 48 52 2.20335882960249
list:
dist: 2.20335882960249 vs. 2.20335882960249
--------
nle(id0,id1,dist): 48 49 0.4498848794771223
list:
dist: 0.4498848794771223 vs. 0.4498848794771223
--------
nle(id0,id1,dist): 48 50 1.1701077213577524
list:
dist: 1.1701077213577524 vs. 1.1701077213577524
--------
nle(id0,id1,dist): 48 55 1.097682081985013
list:
dist: 1.097682081985013 vs. 1.097682081985013
--------
nle(id0,id1,dist): 48 56 0.7167439589453625
list:
dist: 0.7167439589453625 vs. 0.7167439589453625
--------
nle(id0,id1,dist): 48 53 1.9872476284719758
list:
dist: 1.9872476284719758 vs. 1.9872476284719758
--------
nle(id0,id1,dist): 48 54 1.3179685437337891
list:
dist: 1.3179685437337891 vs. 1.3179685437337891
--------
nle(id0,id1,dist): 48 59 1.0440743971873074
list:
dist: 1.0440743971873074 vs. 1.0440743971873074
--------
nle(id0,id1,dist): 48 57 1.1132663444925006
list:
dist: 1.1132663444925006 vs. 1.1132663444925006
--------
nle(id0,id1,dist): 48 58 1.0615884524339745
list:
dist: 1.0615884524339745 vs. 1.0615884524339745
--------
nle(id0,id1,dist): 49 50 1.4716493628170177
list:
dist: 1.4716493628170177 vs. 1.4716493628170177
--------
nle(id0,id1,dist): 49 51 1.1143716957579703
list:
dist: 1.1143716957579703 vs. 1.1143716957579703
--------
nle(id0,id1,dist): 49 53 2.3299164458903583
list:
dist: 2.3299164458903583 vs. 2.3299164458903583
--------
nle(id0,id1,dist): 49 54 1.2507306811000565
list:
dist: 1.2507306811000565 vs. 1.2507306811000565
--------
nle(id0,id1,dist): 49 55 0.968057569695081
list:
dist: 0.968057569695081 vs. 0.968057569695081
--------
nle(id0,id1,dist): 49 56 0.908855471138737
list:
dist: 0.908855471138737 vs. 0.908855471138737
--------
nle(id0,id1,dist): 49 57 1.1436301356698666
list:
dist: 1.1436301356698666 vs. 1.1436301356698666
--------
nle(id0,id1,dist): 49 58 0.8913185261921863
list:
dist: 0.8913185261921863 vs. 0.8913185261921863
--------
nle(id0,id1,dist): 49 59 1.4651807427872976
list:
dist: 1.4651807427872976 vs. 1.4651807427872976
--------
nle(id0,id1,dist): 50 53 1.1761669167250959
list:
dist: 1.1761669167250959 vs. 1.1761669167250959
--------
nle(id0,id1,dist): 50 54 1.5672555934226846
list:
dist: 1.5672555934226846 vs. 1.5672555934226846
--------
nle(id0,id1,dist): 50 51 1.5572806601176
list:
dist: 1.5572806601176 vs. 1.5572806601176
--------
nle(id0,id1,dist): 50 52 1.7472575482280805
list:
dist: 1.7472575482280805 vs. 1.7472575482280805
--------
nle(id0,id1,dist): 50 59 0.8435601414923242
list:
dist: 0.8435601414923242 vs. 0.8435601414923242
--------
nle(id0,id1,dist): 50 56 1.3855764168144227
list:
dist: 1.3855764168144227 vs. 1.3855764168144227
--------
nle(id0,id1,dist): 50 55 1.199043851851902
list:
dist: 1.199043851851902 vs. 1.199043851851902
--------
nle(id0,id1,dist): 50 58 1.891054398273104
list:
dist: 1.891054398273104 vs. 1.891054398273104
--------
nle(id0,id1,dist): 50 57 1.9291336901108544
list:
dist: 1.9291336901108544 vs. 1.9291336901108544
--------
nle(id0,id1,dist): 45 47 1.9387703982159488
list:
dist: 1.9387703982159488 vs. 1.9387703982159488
--------
nle(id0,id1,dist): 45 46 3.1291331467160544
list:
dist: 3.1291331467160544 vs. 3.1291331467160544
--------
nle(id0,id1,dist): 44 56 1.9685417897089597
list:
dist: 1.9685417897089597 vs. 1.9685417897089597
--------
nle(id0,id1,dist): 44 53 1.2783623978995589
list:
dist: 1.2783623978995589 vs. 1.2783623978995589
--------
nle(id0,id1,dist): 44 59 1.294376381877131
list:
dist: 1.294376381877131 vs. 1.294376381877131
--------
nle(id0,id1,dist): 45 56 2.0348521577339573
list:
dist: 2.0348521577339573 vs. 2.0348521577339573
--------
nle(id0,id1,dist): 45 57 2.0292870043617963
list:
dist: 2.0292870043617963 vs. 2.0292870043617963
--------
nle(id0,id1,dist): 45 58 1.5223186922585998
list:
dist: 1.5223186922585998 vs. 1.5223186922585998
--------
nle(id0,id1,dist): 45 59 2.6963371305526493
list:
dist: 2.6963371305526493 vs. 2.6963371305526493
--------
nle(id0,id1,dist): 45 48 1.745200322753073
list:
dist: 1.745200322753073 vs. 1.745200322753073
--------
nle(id0,id1,dist): 45 49 1.2995746176331127
list:
dist: 1.2995746176331127 vs. 1.2995746176331127
--------
nle(id0,id1,dist): 45 50 2.517930929840976
list:
dist: 2.517930929840976 vs. 2.517930929840976
--------
nle(id0,id1,dist): 45 51 1.3549116273387358
list:
dist: 1.3549116273387358 vs. 1.3549116273387358
--------
nle(id0,id1,dist): 45 53 3.370410542312305
list:
dist: 3.370410542312305 vs. 3.370410542312305
--------
nle(id0,id1,dist): 45 54 1.8135483263441678
list:
dist: 1.8135483263441678 vs. 1.8135483263441678
--------
nle(id0,id1,dist): 45 55 1.4319020263254247
list:
dist: 1.4319020263254247 vs. 1.4319020263254247
--------
nle(id0,id1,dist): 46 59 1.3003060675294407
list:
dist: 1.3003060675294407 vs. 1.3003060675294407
--------
nle(id0,id1,dist): 46 57 2.872150151646166
list:
dist: 2.872150151646166 vs. 2.872150151646166
--------
nle(id0,id1,dist): 46 58 2.8121736565209137
list:
dist: 2.8121736565209137 vs. 2.8121736565209137
--------
nle(id0,id1,dist): 46 55 1.7360781544424166
list:
dist: 1.7360781544424166 vs. 1.7360781544424166
--------
nle(id0,id1,dist): 46 56 2.3277404934053543
list:
dist: 2.3277404934053543 vs. 2.3277404934053543
--------
nle(id0,id1,dist): 46 53 0.6024045757705954
list:
dist: 0.6024045757705954 vs. 0.6024045757705954
--------
nle(id0,id1,dist): 46 54 2.479040686156411
list:
dist: 2.479040686156411 vs. 2.479040686156411
--------
nle(id0,id1,dist): 46 51 2.317112792091235
list:
dist: 2.317112792091235 vs. 2.317112792091235
--------
nle(id0,id1,dist): 46 52 2.1977425045643026
list:
dist: 2.1977425045643026 vs. 2.1977425045643026
--------
nle(id0,id1,dist): 46 49 2.230787373567485
list:
dist: 2.230787373567485 vs. 2.230787373567485
--------
nle(id0,id1,dist): 46 50 0.9727406018580854
list:
dist: 0.9727406018580854 vs. 0.9727406018580854
--------
nle(id0,id1,dist): 46 47 1.4467093627661418
list:
dist: 1.4467093627661418 vs. 1.4467093627661418
--------
nle(id0,id1,dist): 46 48 1.9599912928814427
list:
dist: 1.9599912928814427 vs. 1.9599912928814427
--------
nle(id0,id1,dist): 47 59 1.238206272749355
list:
dist: 1.238206272749355 vs. 1.238206272749355
--------
nle(id0,id1,dist): 47 58 1.4380615682292668
list:
dist: 1.4380615682292668 vs. 1.4380615682292668
--------
nle(id0,id1,dist): 47 55 0.6681945493177616
list:
dist: 0.6681945493177616 vs. 0.6681945493177616
--------
nle(id0,id1,dist): 47 54 1.0765343747419194
list:
dist: 1.0765343747419194 vs. 1.0765343747419194
--------
nle(id0,id1,dist): 47 57 1.6421094686122903
list:
dist: 1.6421094686122903 vs. 1.6421094686122903
--------
nle(id0,id1,dist): 47 56 1.1637604806542936
list:
dist: 1.1637604806542936 vs. 1.1637604806542936
--------
nle(id0,id1,dist): 47 50 0.6391288689472469
list:
dist: 0.6391288689472469 vs. 0.6391288689472469
--------
nle(id0,id1,dist): 47 51 0.9268034556862338
list:
dist: 0.9268034556862338 vs. 0.9268034556862338
--------
nle(id0,id1,dist): 47 52 2.2086411873716822
list:
dist: 2.2086411873716822 vs. 2.2086411873716822
--------
nle(id0,id1,dist): 47 53 1.7388064301365715
list:
dist: 1.7388064301365715 vs. 1.7388064301365715
--------
nle(id0,id1,dist): 47 48 0.9409183165134241
list:
dist: 0.9409183165134241 vs. 0.9409183165134241
--------
nle(id0,id1,dist): 47 49 1.0613384735027183
list:
dist: 1.0613384735027183 vs. 1.0613384735027183
--------
nle(id0,id1,dist): 55 56 1.5207211597924755
list:
dist: 1.5207211597924755 vs. 1.5207211597924755
--------
nle(id0,id1,dist): 55 57 1.8904945193797653
list:
dist: 1.8904945193797653 vs. 1.8904945193797653
--------
nle(id0,id1,dist): 55 58 1.5285749621027245
list:
dist: 1.5285749621027245 vs. 1.5285749621027245
--------
nle(id0,id1,dist): 55 59 1.633150806244854
list:
dist: 1.633150806244854 vs. 1.633150806244854
--------
nle(id0,id1,dist): 56 58 0.737633760175012
list:
dist: 0.737633760175012 vs. 0.737633760175012
--------
nle(id0,id1,dist): 56 57 0.5477406017706179
list:
dist: 0.5477406017706179 vs. 0.5477406017706179
--------
nle(id0,id1,dist): 56 59 1.3839159950275581
list:
dist: 1.3839159950275581 vs. 1.3839159950275581
--------
nle(id0,id1,dist): 57 59 1.8852524649249205
list:
dist: 1.8852524649249205 vs. 1.8852524649249205
--------
nle(id0,id1,dist): 57 58 0.5649193761241027
list:
dist: 0.5649193761241027 vs. 0.5649193761241027
--------
nle(id0,id1,dist): 51 58 1.100731329761551
list:
dist: 1.100731329761551 vs. 1.100731329761551
--------
nle(id0,id1,dist): 51 59 2.0671584274746584
list:
dist: 2.0671584274746584 vs. 2.0671584274746584
--------
nle(id0,id1,dist): 51 53 2.654556919870803
list:
dist: 2.654556919870803 vs. 2.654556919870803
--------
nle(id0,id1,dist): 51 54 0.6824835709773294
list:
dist: 0.6824835709773294 vs. 0.6824835709773294
--------
nle(id0,id1,dist): 51 55 0.8170532211321221
list:
dist: 0.8170532211321221 vs. 0.8170532211321221
--------
nle(id0,id1,dist): 51 56 1.3513912532487717
list:
dist: 1.3513912532487717 vs. 1.3513912532487717
--------
nle(id0,id1,dist): 51 57 1.5644314298652933
list:
dist: 1.5644314298652933 vs. 1.5644314298652933
--------
nle(id0,id1,dist): 52 56 1.961863837499695
list:
dist: 1.961863837499695 vs. 1.961863837499695
--------
nle(id0,id1,dist): 52 53 1.957674489673302
list:
dist: 1.957674489673302 vs. 1.957674489673302
--------
nle(id0,id1,dist): 52 59 1.5687524200478167
list:
dist: 1.5687524200478167 vs. 1.5687524200478167
--------
nle(id0,id1,dist): 53 54 2.7352480109178043
list:
dist: 2.7352480109178043 vs. 2.7352480109178043
--------
nle(id0,id1,dist): 53 55 2.067009904672419
list:
dist: 2.067009904672419 vs. 2.067009904672419
--------
nle(id0,id1,dist): 53 57 2.898585504053858
list:
dist: 2.898585504053858 vs. 2.898585504053858
--------
nle(id0,id1,dist): 53 56 2.362858193261648
list:
dist: 2.362858193261648 vs. 2.362858193261648
--------
nle(id0,id1,dist): 53 59 1.082565443793022
list:
dist: 1.082565443793022 vs. 1.082565443793022
--------
nle(id0,id1,dist): 53 58 2.9387091303702566
list:
dist: 2.9387091303702566 vs. 2.9387091303702566
--------
nle(id0,id1,dist): 54 59 2.0157714417574346
list:
dist: 2.0157714417574346 vs. 2.0157714417574346
--------
nle(id0,id1,dist): 54 58 0.823701781270224
list:
dist: 0.823701781270224 vs. 0.823701781270224
--------
nle(id0,id1,dist): 54 57 1.1316810290992843
list:
dist: 1.1316810290992843 vs. 1.1316810290992843
--------
nle(id0,id1,dist): 54 56 0.9818128989294501
list:
dist: 0.9818128989294501 vs. 0.9818128989294501
--------
nle(id0,id1,dist): 54 55 1.3243329889474316
list:
dist: 1.3243329889474316 vs. 1.3243329889474316
--------
nle(id0,id1,dist): 93 112 4.001434437049594
list:
dist: 4.001434437049594 vs. 4.001434437049594
--------
nle(id0,id1,dist): 93 113 4.063664402771122
list:
dist: 4.063664402771122 vs. 4.063664402771122
--------
nle(id0,id1,dist): 93 114 4.591492345536392
list:
dist: 4.591492345536392 vs. 4.591492345536392
--------
nle(id0,id1,dist): 93 116 5.094568047197759
list:
dist: 5.094568047197759 vs. 5.094568047197759
--------
nle(id0,id1,dist): 93 117 4.510367032831313
list:
dist: 4.510367032831313 vs. 4.510367032831313
--------
nle(id0,id1,dist): 93 97 1.871402832441594
list:
dist: 1.871402832441594 vs. 1.871402832441594
--------
nle(id0,id1,dist): 93 96 2.019452111403812
list:
dist: 2.019452111403812 vs. 2.019452111403812
--------
nle(id0,id1,dist): 93 99 3.0612712475355983
list:
dist: 3.0612712475355983 vs. 3.0612712475355983
--------
nle(id0,id1,dist): 93 98 2.2054623942644596
list:
dist: 2.2054623942644596 vs. 2.2054623942644596
--------
nle(id0,id1,dist): 93 101 1.9809014779394825
list:
dist: 1.9809014779394825 vs. 1.9809014779394825
--------
nle(id0,id1,dist): 93 100 1.7285715359152374
list:
dist: 1.7285715359152374 vs. 1.7285715359152374
--------
nle(id0,id1,dist): 93 103 2.0809560597637757
list:
dist: 2.0809560597637757 vs. 2.0809560597637757
--------
nle(id0,id1,dist): 93 102 2.4074762920300827
list:
dist: 2.4074762920300827 vs. 2.4074762920300827
--------
nle(id0,id1,dist): 93 105 0.9940804369223096
list:
dist: 0.9940804369223096 vs. 0.9940804369223096
--------
nle(id0,id1,dist): 93 104 1.9653906344233036
list:
dist: 1.9653906344233036 vs. 1.9653906344233036
--------
nle(id0,id1,dist): 93 107 2.1818639000840236
list:
dist: 2.1818639000840236 vs. 2.1818639000840236
--------
nle(id0,id1,dist): 93 106 1.6051910327034187
list:
dist: 1.6051910327034187 vs. 1.6051910327034187
--------
nle(id0,id1,dist): 93 109 3.3751449119618187
list:
dist: 3.3751449119618187 vs. 3.3751449119618187
--------
nle(id0,id1,dist): 93 108 3.003519856877588
list:
dist: 3.003519856877588 vs. 3.003519856877588
--------
nle(id0,id1,dist): 93 111 3.491345897269745
list:
dist: 3.491345897269745 vs. 3.491345897269745
--------
nle(id0,id1,dist): 93 110 3.4026358721300243
list:
dist: 3.4026358721300243 vs. 3.4026358721300243
--------
nle(id0,id1,dist): 94 109 3.1509948116809126
list:
dist: 3.1509948116809126 vs. 3.1509948116809126
--------
nle(id0,id1,dist): 94 110 2.7855938221556147
list:
dist: 2.7855938221556147 vs. 2.7855938221556147
--------
nle(id0,id1,dist): 94 107 1.9376226510265777
list:
dist: 1.9376226510265777 vs. 1.9376226510265777
--------
nle(id0,id1,dist): 94 108 2.5158386095400904
list:
dist: 2.5158386095400904 vs. 2.5158386095400904
--------
nle(id0,id1,dist): 94 113 3.4701278450276942
list:
dist: 3.4701278450276942 vs. 3.4701278450276942
--------
nle(id0,id1,dist): 94 114 4.001193209783576
list:
dist: 4.001193209783576 vs. 4.001193209783576
--------
nle(id0,id1,dist): 94 111 2.8861342340098437
list:
dist: 2.8861342340098437 vs. 2.8861342340098437
--------
nle(id0,id1,dist): 94 112 3.3526488092170363
list:
dist: 3.3526488092170363 vs. 3.3526488092170363
--------
nle(id0,id1,dist): 94 117 3.8941830476524357
list:
dist: 3.8941830476524357 vs. 3.8941830476524357
--------
nle(id0,id1,dist): 94 116 4.493307670188124
list:
dist: 4.493307670188124 vs. 4.493307670188124
--------
nle(id0,id1,dist): 94 98 1.8835893929638161
list:
dist: 1.8835893929638161 vs. 1.8835893929638161
--------
nle(id0,id1,dist): 94 97 1.3015093203312602
list:
dist: 1.3015093203312602 vs. 1.3015093203312602
--------
nle(id0,id1,dist): 94 96 1.6410845197282908
list:
dist: 1.6410845197282908 vs. 1.6410845197282908
--------
nle(id0,id1,dist): 94 95 1.7303431768741713
list:
dist: 1.7303431768741713 vs. 1.7303431768741713
--------
nle(id0,id1,dist): 94 102 2.4425189373397065
list:
dist: 2.4425189373397065 vs. 2.4425189373397065
--------
nle(id0,id1,dist): 94 101 2.1778591571348787
list:
dist: 2.1778591571348787 vs. 2.1778591571348787
--------
nle(id0,id1,dist): 94 100 2.0693884075369886
list:
dist: 2.0693884075369886 vs. 2.0693884075369886
--------
nle(id0,id1,dist): 94 99 2.811518979199923
list:
dist: 2.811518979199923 vs. 2.811518979199923
--------
nle(id0,id1,dist): 94 106 1.0541222963825378
list:
dist: 1.0541222963825378 vs. 1.0541222963825378
--------
nle(id0,id1,dist): 94 105 1.1828804992883235
list:
dist: 1.1828804992883235 vs. 1.1828804992883235
--------
nle(id0,id1,dist): 94 104 1.6375770168078438
list:
dist: 1.6375770168078438 vs. 1.6375770168078438
--------
nle(id0,id1,dist): 94 103 1.969521537296142
list:
dist: 1.969521537296142 vs. 1.969521537296142
--------
nle(id0,id1,dist): 92 97 2.1265962436595927
list:
dist: 2.1265962436595927 vs. 2.1265962436595927
--------
nle(id0,id1,dist): 92 98 2.0325750083531977
list:
dist: 2.0325750083531977 vs. 2.0325750083531977
--------
nle(id0,id1,dist): 92 99 2.0790924985511317
list:
dist: 2.0790924985511317 vs. 2.0790924985511317
--------
nle(id0,id1,dist): 92 100 0.3934078270963273
list:
dist: 0.3934078270963273 vs. 0.3934078270963273
--------
nle(id0,id1,dist): 92 93 1.5821836322682679
list:
dist: 1.5821836322682679 vs. 1.5821836322682679
--------
nle(id0,id1,dist): 92 94 1.8155110233074596
list:
dist: 1.8155110233074596 vs. 1.8155110233074596
--------
nle(id0,id1,dist): 92 95 1.3228084376451132
list:
dist: 1.3228084376451132 vs. 1.3228084376451132
--------
nle(id0,id1,dist): 92 96 2.181356427207129
list:
dist: 2.181356427207129 vs. 2.181356427207129
--------
nle(id0,id1,dist): 91 107 2.327618740746213
list:
dist: 2.327618740746213 vs. 2.327618740746213
--------
nle(id0,id1,dist): 91 106 2.006392516561591
list:
dist: 2.006392516561591 vs. 2.006392516561591
--------
nle(id0,id1,dist): 91 109 3.3682391594021674
list:
dist: 3.3682391594021674 vs. 3.3682391594021674
--------
nle(id0,id1,dist): 91 108 3.0343554550872645
list:
dist: 3.0343554550872645 vs. 3.0343554550872645
--------
nle(id0,id1,dist): 93 94 0.6577941162463382
list:
dist: 0.6577941162463382 vs. 0.6577941162463382
--------
nle(id0,id1,dist): 93 95 1.9812116930331174
list:
dist: 1.9812116930331174 vs. 1.9812116930331174
--------
nle(id0,id1,dist): 92 108 2.6707499791756306
list:
dist: 2.6707499791756306 vs. 2.6707499791756306
--------
nle(id0,id1,dist): 92 107 1.4628090450863707
list:
dist: 1.4628090450863707 vs. 1.4628090450863707
--------
nle(id0,id1,dist): 92 106 2.224679179009725
list:
dist: 2.224679179009725 vs. 2.224679179009725
--------
nle(id0,id1,dist): 92 105 1.0615660752825817
list:
dist: 1.0615660752825817 vs. 1.0615660752825817
--------
nle(id0,id1,dist): 92 104 1.5215462432202564
list:
dist: 1.5215462432202564 vs. 1.5215462432202564
--------
nle(id0,id1,dist): 92 103 1.1097053895592244
list:
dist: 1.1097053895592244 vs. 1.1097053895592244
--------
nle(id0,id1,dist): 92 102 1.0633870007397885
list:
dist: 1.0633870007397885 vs. 1.0633870007397885
--------
nle(id0,id1,dist): 92 101 0.4076952680223013
list:
dist: 0.4076952680223013 vs. 0.4076952680223013
--------
nle(id0,id1,dist): 92 109 2.2748885363635427
list:
dist: 2.2748885363635427 vs. 2.2748885363635427
--------
nle(id0,id1,dist): 97 101 2.32253544328851
list:
dist: 2.32253544328851 vs. 2.32253544328851
--------
nle(id0,id1,dist): 97 100 2.499455541821925
list:
dist: 2.499455541821925 vs. 2.499455541821925
--------
nle(id0,id1,dist): 97 103 1.6067943276769516
list:
dist: 1.6067943276769516 vs. 1.6067943276769516
--------
nle(id0,id1,dist): 97 102 2.2335965168740683
list:
dist: 2.2335965168740683 vs. 2.2335965168740683
--------
nle(id0,id1,dist): 97 105 1.8067752115126698
list:
dist: 1.8067752115126698 vs. 1.8067752115126698
--------
nle(id0,id1,dist): 97 104 0.917339001499449
list:
dist: 0.917339001499449 vs. 0.917339001499449
--------
nle(id0,id1,dist): 97 107 1.303088323504638
list:
dist: 1.303088323504638 vs. 1.303088323504638
--------
nle(id0,id1,dist): 97 106 0.8464077777213501
list:
dist: 0.8464077777213501 vs. 0.8464077777213501
--------
nle(id0,id1,dist): 97 99 1.9493753509420446
list:
dist: 1.9493753509420446 vs. 1.9493753509420446
--------
nle(id0,id1,dist): 97 98 1.3586171309393396
list:
dist: 1.3586171309393396 vs. 1.3586171309393396
--------
nle(id0,id1,dist): 96 113 3.2016764218443226
list:
dist: 3.2016764218443226 vs. 3.2016764218443226
--------
nle(id0,id1,dist): 96 114 3.3037613467570335
list:
dist: 3.3037613467570335 vs. 3.3037613467570335
--------
nle(id0,id1,dist): 96 116 3.759707187784175
list:
dist: 3.759707187784175 vs. 3.759707187784175
--------
nle(id0,id1,dist): 96 117 3.667609140092757
list:
dist: 3.667609140092757 vs. 3.667609140092757
--------
nle(id0,id1,dist): 96 118 4.256598549058376
list:
dist: 4.256598549058376 vs. 4.256598549058376
--------
nle(id0,id1,dist): 98 102 1.688150501038255
list:
dist: 1.688150501038255 vs. 1.688150501038255
--------
nle(id0,id1,dist): 98 101 2.1882475541819515
list:
dist: 2.1882475541819515 vs. 2.1882475541819515
--------
nle(id0,id1,dist): 98 100 2.3972237256776783
list:
dist: 2.3972237256776783 vs. 2.3972237256776783
--------
nle(id0,id1,dist): 98 99 1.6548877383619527
list:
dist: 1.6548877383619527 vs. 1.6548877383619527
--------
nle(id0,id1,dist): 97 118 3.807872467042404
list:
dist: 3.807872467042404 vs. 3.807872467042404
--------
nle(id0,id1,dist): 97 119 4.216912692666191
list:
dist: 4.216912692666191 vs. 4.216912692666191
--------
nle(id0,id1,dist): 97 116 3.22659247747638
list:
dist: 3.22659247747638 vs. 3.22659247747638
--------
nle(id0,id1,dist): 97 117 2.7798269115045
list:
dist: 2.7798269115045 vs. 2.7798269115045
--------
nle(id0,id1,dist): 97 110 1.9012917001429495
list:
dist: 1.9012917001429495 vs. 1.9012917001429495
--------
nle(id0,id1,dist): 97 111 1.6334119841700787
list:
dist: 1.6334119841700787 vs. 1.6334119841700787
--------
nle(id0,id1,dist): 97 108 1.2642992457113764
list:
dist: 1.2642992457113764 vs. 1.2642992457113764
--------
nle(id0,id1,dist): 97 109 2.2929916863898767
list:
dist: 2.2929916863898767 vs. 2.2929916863898767
--------
nle(id0,id1,dist): 97 114 2.7230628378819586
list:
dist: 2.7230628378819586 vs. 2.7230628378819586
--------
nle(id0,id1,dist): 97 115 3.3592096848924355
list:
dist: 3.3592096848924355 vs. 3.3592096848924355
--------
nle(id0,id1,dist): 97 112 2.3225756657765126
list:
dist: 2.3225756657765126 vs. 2.3225756657765126
--------
nle(id0,id1,dist): 97 113 2.290272301714553
list:
dist: 2.290272301714553 vs. 2.290272301714553
--------
nle(id0,id1,dist): 95 115 3.8009613791713766
list:
dist: 3.8009613791713766 vs. 3.8009613791713766
--------
nle(id0,id1,dist): 95 114 3.1690741737464014
list:
dist: 3.1690741737464014 vs. 3.1690741737464014
--------
nle(id0,id1,dist): 95 117 3.4945914971397545
list:
dist: 3.4945914971397545 vs. 3.4945914971397545
--------
nle(id0,id1,dist): 95 116 3.6922477469818284
list:
dist: 3.6922477469818284 vs. 3.6922477469818284
--------
nle(id0,id1,dist): 95 111 2.272482885240876
list:
dist: 2.272482885240876 vs. 2.272482885240876
--------
nle(id0,id1,dist): 95 110 2.835771428152969
list:
dist: 2.835771428152969 vs. 2.835771428152969
--------
nle(id0,id1,dist): 95 113 2.9009111535546546
list:
dist: 2.9009111535546546 vs. 2.9009111535546546
--------
nle(id0,id1,dist): 95 112 3.230387540686452
list:
dist: 3.230387540686452 vs. 3.230387540686452
--------
nle(id0,id1,dist): 95 107 0.5931354264279718
list:
dist: 0.5931354264279718 vs. 0.5931354264279718
--------
nle(id0,id1,dist): 95 106 1.6381308624442796
list:
dist: 1.6381308624442796 vs. 1.6381308624442796
--------
nle(id0,id1,dist): 95 109 1.442902702574098
list:
dist: 1.442902702574098 vs. 1.442902702574098
--------
nle(id0,id1,dist): 95 108 1.3484464329472472
list:
dist: 1.3484464329472472 vs. 1.3484464329472472
--------
nle(id0,id1,dist): 95 103 0.7305074908565021
list:
dist: 0.7305074908565021 vs. 0.7305074908565021
--------
nle(id0,id1,dist): 95 102 1.1408154721820056
list:
dist: 1.1408154721820056 vs. 1.1408154721820056
--------
nle(id0,id1,dist): 95 105 1.5756831864562013
list:
dist: 1.5756831864562013 vs. 1.5756831864562013
--------
nle(id0,id1,dist): 95 104 0.45715094695413455
list:
dist: 0.45715094695413455 vs. 0.45715094695413455
--------
nle(id0,id1,dist): 95 98 1.1969959743854774
list:
dist: 1.1969959743854774 vs. 1.1969959743854774
--------
nle(id0,id1,dist): 95 99 1.0956053141113251
list:
dist: 1.0956053141113251 vs. 1.0956053141113251
--------
nle(id0,id1,dist): 95 100 1.7080432213779084
list:
dist: 1.7080432213779084 vs. 1.7080432213779084
--------
nle(id0,id1,dist): 95 101 1.3748192419512852
list:
dist: 1.3748192419512852 vs. 1.3748192419512852
--------
nle(id0,id1,dist): 95 96 1.4258439508520049
list:
dist: 1.4258439508520049 vs. 1.4258439508520049
--------
nle(id0,id1,dist): 95 97 1.1333368178799827
list:
dist: 1.1333368178799827 vs. 1.1333368178799827
--------
nle(id0,id1,dist): 96 112 3.085678614777801
list:
dist: 3.085678614777801 vs. 3.085678614777801
--------
nle(id0,id1,dist): 96 111 2.1849269596461838
list:
dist: 2.1849269596461838 vs. 2.1849269596461838
--------
nle(id0,id1,dist): 96 110 2.9510523307890906
list:
dist: 2.9510523307890906 vs. 2.9510523307890906
--------
nle(id0,id1,dist): 96 109 2.5795522154325967
list:
dist: 2.5795522154325967 vs. 2.5795522154325967
--------
nle(id0,id1,dist): 96 108 1.729340323561435
list:
dist: 1.729340323561435 vs. 1.729340323561435
--------
nle(id0,id1,dist): 96 107 1.9613853473928413
list:
dist: 1.9613853473928413 vs. 1.9613853473928413
--------
nle(id0,id1,dist): 96 106 1.9324970548180491
list:
dist: 1.9324970548180491 vs. 1.9324970548180491
--------
nle(id0,id1,dist): 96 105 2.3057157524089407
list:
dist: 2.3057157524089407 vs. 2.3057157524089407
--------
nle(id0,id1,dist): 96 104 1.6279722113000445
list:
dist: 1.6279722113000445 vs. 1.6279722113000445
--------
nle(id0,id1,dist): 96 103 2.1203947083058816
list:
dist: 2.1203947083058816 vs. 2.1203947083058816
--------
nle(id0,id1,dist): 96 102 2.028580287971923
list:
dist: 2.028580287971923 vs. 2.028580287971923
--------
nle(id0,id1,dist): 96 101 2.402535980345819
list:
dist: 2.402535980345819 vs. 2.402535980345819
--------
nle(id0,id1,dist): 96 100 2.5393748304827817
list:
dist: 2.5393748304827817 vs. 2.5393748304827817
--------
nle(id0,id1,dist): 96 99 2.043980841516314
list:
dist: 2.043980841516314 vs. 2.043980841516314
--------
nle(id0,id1,dist): 96 98 0.44720011442120106
list:
dist: 0.44720011442120106 vs. 0.44720011442120106
--------
nle(id0,id1,dist): 96 97 1.2529926233251802
list:
dist: 1.2529926233251802 vs. 1.2529926233251802
--------
nle(id0,id1,dist): 95 118 4.182035444228242
list:
dist: 4.182035444228242 vs. 4.182035444228242
--------
nle(id0,id1,dist): 95 119 4.426577772869812
list:
dist: 4.426577772869812 vs. 4.426577772869812
--------
nle(id0,id1,dist): 87 88 2.1993304181837323
list:
dist: 2.1993304181837323 vs. 2.1993304181837323
--------
nle(id0,id1,dist): 87 89 2.344888256519201
list:
dist: 2.344888256519201 vs. 2.344888256519201
--------
nle(id0,id1,dist): 87 96 4.126080029348688
list:
dist: 4.126080029348688 vs. 4.126080029348688
--------
nle(id0,id1,dist): 87 98 4.277612650254877
list:
dist: 4.277612650254877 vs. 4.277612650254877
--------
nle(id0,id1,dist): 85 87 0.7823511434572623
list:
dist: 0.7823511434572623 vs. 0.7823511434572623
--------
nle(id0,id1,dist): 85 86 0.8782673450855816
list:
dist: 0.8782673450855816 vs. 0.8782673450855816
--------
nle(id0,id1,dist): 85 88 1.685855823430321
list:
dist: 1.685855823430321 vs. 1.685855823430321
--------
nle(id0,id1,dist): 85 89 2.21996277835418
list:
dist: 2.21996277835418 vs. 2.21996277835418
--------
nle(id0,id1,dist): 85 98 4.657136889140398
list:
dist: 4.657136889140398 vs. 4.657136889140398
--------
nle(id0,id1,dist): 85 96 4.441138117011125
list:
dist: 4.441138117011125 vs. 4.441138117011125
--------
nle(id0,id1,dist): 86 87 0.9318157190152208
list:
dist: 0.9318157190152208 vs. 0.9318157190152208
--------
nle(id0,id1,dist): 86 88 1.6153336121471882
list:
dist: 1.6153336121471882 vs. 1.6153336121471882
--------
nle(id0,id1,dist): 86 89 1.7776992978985742
list:
dist: 1.7776992978985742 vs. 1.7776992978985742
--------
nle(id0,id1,dist): 90 93 0.7588486909065858
list:
dist: 0.7588486909065858 vs. 0.7588486909065858
--------
nle(id0,id1,dist): 90 94 1.4099431414883636
list:
dist: 1.4099431414883636 vs. 1.4099431414883636
--------
nle(id0,id1,dist): 90 91 0.7905323725428608
list:
dist: 0.7905323725428608 vs. 0.7905323725428608
--------
nle(id0,id1,dist): 89 129 5.099241308055729
list:
dist: 5.099241308055729 vs. 5.099241308055729
--------
nle(id0,id1,dist): 90 92 1.5516028630594143
list:
dist: 1.5516028630594143 vs. 1.5516028630594143
--------
nle(id0,id1,dist): 90 106 2.324688670476061
list:
dist: 2.324688670476061 vs. 2.324688670476061
--------
nle(id0,id1,dist): 89 142 5.912274817460278
list:
dist: 5.912274817460278 vs. 5.912274817460278
--------
nle(id0,id1,dist): 90 105 1.2700634589740765
list:
dist: 1.2700634589740765 vs. 1.2700634589740765
--------
nle(id0,id1,dist): 90 104 2.4633485325289
list:
dist: 2.4633485325289 vs. 2.4633485325289
--------
nle(id0,id1,dist): 89 140 5.299816830953785
list:
dist: 5.299816830953785 vs. 5.299816830953785
--------
nle(id0,id1,dist): 90 103 2.3858126317441677
list:
dist: 2.3858126317441677 vs. 2.3858126317441677
--------
nle(id0,id1,dist): 89 147 3.9285048524597483
list:
dist: 3.9285048524597483 vs. 3.9285048524597483
--------
nle(id0,id1,dist): 90 109 3.690100473429084
list:
dist: 3.690100473429084 vs. 3.690100473429084
--------
nle(id0,id1,dist): 89 145 4.37129230220433
list:
dist: 4.37129230220433 vs. 4.37129230220433
--------
nle(id0,id1,dist): 90 108 3.5737632185572004
list:
dist: 3.5737632185572004 vs. 3.5737632185572004
--------
nle(id0,id1,dist): 89 144 4.488678042068401
list:
dist: 4.488678042068401 vs. 4.488678042068401
--------
nle(id0,id1,dist): 90 107 2.5998300740504923
list:
dist: 2.5998300740504923 vs. 2.5998300740504923
--------
nle(id0,id1,dist): 89 135 4.399170545439597
list:
dist: 4.399170545439597 vs. 4.399170545439597
--------
nle(id0,id1,dist): 90 98 2.628895124822462
list:
dist: 2.628895124822462 vs. 2.628895124822462
--------
nle(id0,id1,dist): 90 97 2.5457301953558638
list:
dist: 2.5457301953558638 vs. 2.5457301953558638
--------
nle(id0,id1,dist): 90 96 2.50559190407525
list:
dist: 2.50559190407525 vs. 2.50559190407525
--------
nle(id0,id1,dist): 90 95 2.3932540791729053
list:
dist: 2.3932540791729053 vs. 2.3932540791729053
--------
nle(id0,id1,dist): 90 102 2.478079849224278
list:
dist: 2.478079849224278 vs. 2.478079849224278
--------
nle(id0,id1,dist): 89 138 4.848959250260134
list:
dist: 4.848959250260134 vs. 4.848959250260134
--------
nle(id0,id1,dist): 90 101 1.9365650971345514
list:
dist: 1.9365650971345514 vs. 1.9365650971345514
--------
nle(id0,id1,dist): 90 100 1.5294266646225423
list:
dist: 1.5294266646225423 vs. 1.5294266646225423
--------
nle(id0,id1,dist): 89 136 3.5731593503846457
list:
dist: 3.5731593503846457 vs. 3.5731593503846457
--------
nle(id0,id1,dist): 90 99 3.3998752150506357
list:
dist: 3.3998752150506357 vs. 3.3998752150506357
--------
nle(id0,id1,dist): 89 148 4.622098194382224
list:
dist: 4.622098194382224 vs. 4.622098194382224
--------
nle(id0,id1,dist): 91 99 2.9844931510818027
list:
dist: 2.9844931510818027 vs. 2.9844931510818027
--------
nle(id0,id1,dist): 91 98 1.9346914506904511
list:
dist: 1.9346914506904511 vs. 1.9346914506904511
--------
nle(id0,id1,dist): 91 101 1.9407217499382126
list:
dist: 1.9407217499382126 vs. 1.9407217499382126
--------
nle(id0,id1,dist): 91 100 1.690483122442928
list:
dist: 1.690483122442928 vs. 1.690483122442928
--------
nle(id0,id1,dist): 91 103 2.209412153918106
list:
dist: 2.209412153918106 vs. 2.209412153918106
--------
nle(id0,id1,dist): 91 102 2.20935501350694
list:
dist: 2.20935501350694 vs. 2.20935501350694
--------
nle(id0,id1,dist): 91 105 1.3938169404451424
list:
dist: 1.3938169404451424 vs. 1.3938169404451424
--------
nle(id0,id1,dist): 91 104 2.102237108717839
list:
dist: 2.102237108717839 vs. 2.102237108717839
--------
nle(id0,id1,dist): 91 93 0.6366482052952052
list:
dist: 0.6366482052952052 vs. 0.6366482052952052
--------
nle(id0,id1,dist): 91 92 1.5401342449439823
list:
dist: 1.5401342449439823 vs. 1.5401342449439823
--------
nle(id0,id1,dist): 91 95 1.9806853333750216
list:
dist: 1.9806853333750216 vs. 1.9806853333750216
--------
nle(id0,id1,dist): 91 94 1.0007469561704765
list:
dist: 1.0007469561704765 vs. 1.0007469561704765
--------
nle(id0,id1,dist): 91 97 2.0217751476054775
list:
dist: 2.0217751476054775 vs. 2.0217751476054775
--------
nle(id0,id1,dist): 91 96 1.7610853690932704
list:
dist: 1.7610853690932704 vs. 1.7610853690932704
--------
nle(id0,id1,dist): 88 89 1.2025751104199445
list:
dist: 1.2025751104199445 vs. 1.2025751104199445
--------
nle(id0,id1,dist): 88 135 3.454402134296351
list:
dist: 3.454402134296351 vs. 3.454402134296351
--------
nle(id0,id1,dist): 88 136 2.977438240053343
list:
dist: 2.977438240053343 vs. 2.977438240053343
--------
nle(id0,id1,dist): 88 129 4.225374293093107
list:
dist: 4.225374293093107 vs. 4.225374293093107
--------
nle(id0,id1,dist): 88 145 3.8456453286193932
list:
dist: 3.8456453286193932 vs. 3.8456453286193932
--------
nle(id0,id1,dist): 88 148 3.921969562520592
list:
dist: 3.921969562520592 vs. 3.921969562520592
--------
nle(id0,id1,dist): 88 147 3.599860209035421
list:
dist: 3.599860209035421 vs. 3.599860209035421
--------
nle(id0,id1,dist): 88 142 5.158199506221388
list:
dist: 5.158199506221388 vs. 5.158199506221388
--------
nle(id0,id1,dist): 88 144 3.745601772188926
list:
dist: 3.745601772188926 vs. 3.745601772188926
--------
nle(id0,id1,dist): 88 138 4.117158594276705
list:
dist: 4.117158594276705 vs. 4.117158594276705
--------
nle(id0,id1,dist): 88 140 4.459110038049975
list:
dist: 4.459110038049975 vs. 4.459110038049975
--------
nle(id0,id1,dist): 81 82 1.6872919795706471
list:
dist: 1.6872919795706471 vs. 1.6872919795706471
--------
nle(id0,id1,dist): 81 83 2.358990714277851
list:
dist: 2.358990714277851 vs. 2.358990714277851
--------
nle(id0,id1,dist): 80 127 4.3633000405386495
list:
dist: 4.3633000405386495 vs. 4.3633000405386495
--------
nle(id0,id1,dist): 81 88 2.972563530563509
list:
dist: 2.972563530563509 vs. 2.972563530563509
--------
nle(id0,id1,dist): 81 89 3.3607072465075665
list:
dist: 3.3607072465075665 vs. 3.3607072465075665
--------
nle(id0,id1,dist): 80 126 4.437847380370422
list:
dist: 4.437847380370422 vs. 4.437847380370422
--------
nle(id0,id1,dist): 81 86 1.784195069506954
list:
dist: 1.784195069506954 vs. 1.784195069506954
--------
nle(id0,id1,dist): 81 87 1.0711506991037165
list:
dist: 1.0711506991037165 vs. 1.0711506991037165
--------
nle(id0,id1,dist): 81 84 1.6135268760360284
list:
dist: 1.6135268760360284 vs. 1.6135268760360284
--------
nle(id0,id1,dist): 81 85 1.2876030467833868
list:
dist: 1.2876030467833868 vs. 1.2876030467833868
--------
nle(id0,id1,dist): 80 122 4.168112481400704
list:
dist: 4.168112481400704 vs. 4.168112481400704
--------
nle(id0,id1,dist): 80 85 1.8104416578928544
list:
dist: 1.8104416578928544 vs. 1.8104416578928544
--------
nle(id0,id1,dist): 80 86 2.5679465178013428
list:
dist: 2.5679465178013428 vs. 2.5679465178013428
--------
nle(id0,id1,dist): 80 87 2.4070441063315533
list:
dist: 2.4070441063315533 vs. 2.4070441063315533
--------
nle(id0,id1,dist): 80 88 2.0867692976335315
list:
dist: 2.0867692976335315 vs. 2.0867692976335315
--------
nle(id0,id1,dist): 80 81 2.5084032343112597
list:
dist: 2.5084032343112597 vs. 2.5084032343112597
--------
nle(id0,id1,dist): 80 82 1.0183643672478513
list:
dist: 1.0183643672478513 vs. 1.0183643672478513
--------
nle(id0,id1,dist): 80 83 0.6730855652325028
list:
dist: 0.6730855652325028 vs. 0.6730855652325028
--------
nle(id0,id1,dist): 80 84 2.2750462980162522
list:
dist: 2.2750462980162522 vs. 2.2750462980162522
--------
nle(id0,id1,dist): 80 89 3.0039458065115383
list:
dist: 3.0039458065115383 vs. 3.0039458065115383
--------
nle(id0,id1,dist): 79 87 1.6849134810053044
list:
dist: 1.6849134810053044 vs. 1.6849134810053044
--------
nle(id0,id1,dist): 79 96 3.3691186164047364
list:
dist: 3.3691186164047364 vs. 3.3691186164047364
--------
nle(id0,id1,dist): 79 98 3.367635355994529
list:
dist: 3.367635355994529 vs. 3.367635355994529
--------
nle(id0,id1,dist): 79 81 1.6495529344795905
list:
dist: 1.6495529344795905 vs. 1.6495529344795905
--------
nle(id0,id1,dist): 79 80 3.439652128899264
list:
dist: 3.439652128899264 vs. 3.439652128899264
--------
nle(id0,id1,dist): 79 85 2.3600977070680047
list:
dist: 2.3600977070680047 vs. 2.3600977070680047
--------
nle(id0,id1,dist): 79 84 1.3137875934390015
list:
dist: 1.3137875934390015 vs. 1.3137875934390015
--------
nle(id0,id1,dist): 79 83 3.0480878231816093
list:
dist: 3.0480878231816093 vs. 3.0480878231816093
--------
nle(id0,id1,dist): 79 82 2.7393987251530874
list:
dist: 2.7393987251530874 vs. 2.7393987251530874
--------
nle(id0,id1,dist): 78 96 3.4883750307051393
list:
dist: 3.4883750307051393 vs. 3.4883750307051393
--------
nle(id0,id1,dist): 78 98 3.627781638886796
list:
dist: 3.627781638886796 vs. 3.627781638886796
--------
nle(id0,id1,dist): 78 80 2.4193732315488217
list:
dist: 2.4193732315488217 vs. 2.4193732315488217
--------
nle(id0,id1,dist): 78 79 1.2011812740563024
list:
dist: 1.2011812740563024 vs. 1.2011812740563024
--------
nle(id0,id1,dist): 78 82 1.6254993167969791
list:
dist: 1.6254993167969791 vs. 1.6254993167969791
--------
nle(id0,id1,dist): 78 81 1.1961543532217271
list:
dist: 1.1961543532217271 vs. 1.1961543532217271
--------
nle(id0,id1,dist): 78 84 0.6943391021034236
list:
dist: 0.6943391021034236 vs. 0.6943391021034236
--------
nle(id0,id1,dist): 78 83 1.9723999316853595
list:
dist: 1.9723999316853595 vs. 1.9723999316853595
--------
nle(id0,id1,dist): 78 86 1.556849668237299
list:
dist: 1.556849668237299 vs. 1.556849668237299
--------
nle(id0,id1,dist): 78 85 1.2478063041913605
list:
dist: 1.2478063041913605 vs. 1.2478063041913605
--------
nle(id0,id1,dist): 78 88 2.561102303565142
list:
dist: 2.561102303565142 vs. 2.561102303565142
--------
nle(id0,id1,dist): 78 87 0.6819376239994014
list:
dist: 0.6819376239994014 vs. 0.6819376239994014
--------
nle(id0,id1,dist): 78 89 2.6194005324383443
list:
dist: 2.6194005324383443 vs. 2.6194005324383443
--------
nle(id0,id1,dist): 83 144 4.012505672344373
list:
dist: 4.012505672344373 vs. 4.012505672344373
--------
nle(id0,id1,dist): 83 135 3.6596154433231827
list:
dist: 3.6596154433231827 vs. 3.6596154433231827
--------
nle(id0,id1,dist): 84 98 3.0522910674418173
list:
dist: 3.0522910674418173 vs. 3.0522910674418173
--------
nle(id0,id1,dist): 84 96 2.881066014091016
list:
dist: 2.881066014091016 vs. 2.881066014091016
--------
nle(id0,id1,dist): 84 89 2.8905816222994996
list:
dist: 2.8905816222994996 vs. 2.8905816222994996
--------
nle(id0,id1,dist): 84 87 1.330373134193386
list:
dist: 1.330373134193386 vs. 1.330373134193386
--------
nle(id0,id1,dist): 84 88 2.8036322167269057
list:
dist: 2.8036322167269057 vs. 2.8036322167269057
--------
nle(id0,id1,dist): 84 85 1.6771743972324669
list:
dist: 1.6771743972324669 vs. 1.6771743972324669
--------
nle(id0,id1,dist): 84 86 2.1372228945624623
list:
dist: 2.1372228945624623 vs. 2.1372228945624623
--------
nle(id0,id1,dist): 82 144 4.468497282308688
list:
dist: 4.468497282308688 vs. 4.468497282308688
--------
nle(id0,id1,dist): 82 135 3.9847733072045544
list:
dist: 3.9847733072045544 vs. 3.9847733072045544
--------
nle(id0,id1,dist): 83 98 4.130388702320439
list:
dist: 4.130388702320439 vs. 4.130388702320439
--------
nle(id0,id1,dist): 83 94 4.575779142884011
list:
dist: 4.575779142884011 vs. 4.575779142884011
--------
nle(id0,id1,dist): 83 96 3.798573581018923
list:
dist: 3.798573581018923 vs. 3.798573581018923
--------
nle(id0,id1,dist): 83 93 4.96487032210214
list:
dist: 4.96487032210214 vs. 4.96487032210214
--------
nle(id0,id1,dist): 83 86 2.2002180766688206
list:
dist: 2.2002180766688206 vs. 2.2002180766688206
--------
nle(id0,id1,dist): 83 87 2.0164829988825694
list:
dist: 2.0164829988825694 vs. 2.0164829988825694
--------
nle(id0,id1,dist): 83 88 1.7546932166127394
list:
dist: 1.7546932166127394 vs. 1.7546932166127394
--------
nle(id0,id1,dist): 83 89 2.475977501956847
list:
dist: 2.475977501956847 vs. 2.475977501956847
--------
nle(id0,id1,dist): 83 84 1.8121076241671192
list:
dist: 1.8121076241671192 vs. 1.8121076241671192
--------
nle(id0,id1,dist): 83 85 1.53337223763545
list:
dist: 1.53337223763545 vs. 1.53337223763545
--------
nle(id0,id1,dist): 82 98 4.553373992039646
list:
dist: 4.553373992039646 vs. 4.553373992039646
--------
nle(id0,id1,dist): 82 96 4.27824390177949
list:
dist: 4.27824390177949 vs. 4.27824390177949
--------
nle(id0,id1,dist): 82 89 2.4481221207330326
list:
dist: 2.4481221207330326 vs. 2.4481221207330326
--------
nle(id0,id1,dist): 82 87 1.4419277634781469
list:
dist: 1.4419277634781469 vs. 1.4419277634781469
--------
nle(id0,id1,dist): 82 88 1.656081769155135
list:
dist: 1.656081769155135 vs. 1.656081769155135
--------
nle(id0,id1,dist): 82 93 5.6329049117866905
list:
dist: 5.6329049117866905 vs. 5.6329049117866905
--------
nle(id0,id1,dist): 82 94 5.24923990830651
list:
dist: 5.24923990830651 vs. 5.24923990830651
--------
nle(id0,id1,dist): 82 84 1.748651442885903
list:
dist: 1.748651442885903 vs. 1.748651442885903
--------
nle(id0,id1,dist): 82 83 0.8565569913588159
list:
dist: 0.8565569913588159 vs. 0.8565569913588159
--------
nle(id0,id1,dist): 82 86 1.590364074142711
list:
dist: 1.590364074142711 vs. 1.590364074142711
--------
nle(id0,id1,dist): 82 85 0.7924840109226496
list:
dist: 0.7924840109226496 vs. 0.7924840109226496
--------
nle(id0,id1,dist): 80 144 3.850723917370826
list:
dist: 3.850723917370826 vs. 3.850723917370826
--------
nle(id0,id1,dist): 81 96 4.433106682772563
list:
dist: 4.433106682772563 vs. 4.433106682772563
--------
nle(id0,id1,dist): 81 98 4.565044016633451
list:
dist: 4.565044016633451 vs. 4.565044016633451
--------
nle(id0,id1,dist): 80 135 3.371733421206652
list:
dist: 3.371733421206652 vs. 3.371733421206652
--------
nle(id0,id1,dist): 74 76 1.8881043999280056
list:
dist: 1.8881043999280056 vs. 1.8881043999280056
--------
nle(id0,id1,dist): 74 75 1.1802906853999038
list:
dist: 1.1802906853999038 vs. 1.1802906853999038
--------
nle(id0,id1,dist): 74 78 1.569867251928384
list:
dist: 1.569867251928384 vs. 1.569867251928384
--------
nle(id0,id1,dist): 74 77 2.008923176182282
list:
dist: 2.008923176182282 vs. 2.008923176182282
--------
nle(id0,id1,dist): 74 83 1.5617532948998996
list:
dist: 1.5617532948998996 vs. 1.5617532948998996
--------
nle(id0,id1,dist): 74 84 1.5381260224735578
list:
dist: 1.5381260224735578 vs. 1.5381260224735578
--------
nle(id0,id1,dist): 74 85 1.4154415544722883
list:
dist: 1.4154415544722883 vs. 1.4154415544722883
--------
nle(id0,id1,dist): 74 86 2.262117874524814
list:
dist: 2.262117874524814 vs. 2.262117874524814
--------
nle(id0,id1,dist): 74 79 2.2692851496344506
list:
dist: 2.2692851496344506 vs. 2.2692851496344506
--------
nle(id0,id1,dist): 74 80 1.5258991870249805
list:
dist: 1.5258991870249805 vs. 1.5258991870249805
--------
nle(id0,id1,dist): 74 81 1.1931114816905708
list:
dist: 1.1931114816905708 vs. 1.1931114816905708
--------
nle(id0,id1,dist): 74 82 1.1444601431049843
list:
dist: 1.1444601431049843 vs. 1.1444601431049843
--------
nle(id0,id1,dist): 74 87 1.6588359174598153
list:
dist: 1.6588359174598153 vs. 1.6588359174598153
--------
nle(id0,id1,dist): 74 88 2.7877086834718576
list:
dist: 2.7877086834718576 vs. 2.7877086834718576
--------
nle(id0,id1,dist): 74 89 3.435736754535673
list:
dist: 3.435736754535673 vs. 3.435736754535673
--------
nle(id0,id1,dist): 73 75 1.7687143497358784
list:
dist: 1.7687143497358784 vs. 1.7687143497358784
--------
nle(id0,id1,dist): 73 74 1.1606653272005225
list:
dist: 1.1606653272005225 vs. 1.1606653272005225
--------
nle(id0,id1,dist): 73 83 2.1154838413846178
list:
dist: 2.1154838413846178 vs. 2.1154838413846178
--------
nle(id0,id1,dist): 73 82 2.114005546629615
list:
dist: 2.114005546629615 vs. 2.114005546629615
--------
nle(id0,id1,dist): 73 81 2.001678080498338
list:
dist: 2.001678080498338 vs. 2.001678080498338
--------
nle(id0,id1,dist): 73 80 2.0925717690340777
list:
dist: 2.0925717690340777 vs. 2.0925717690340777
--------
nle(id0,id1,dist): 73 79 2.3535475087342346
list:
dist: 2.3535475087342346 vs. 2.3535475087342346
--------
nle(id0,id1,dist): 73 78 2.0956010161454435
list:
dist: 2.0956010161454435 vs. 2.0956010161454435
--------
nle(id0,id1,dist): 73 77 2.6264361199030004
list:
dist: 2.6264361199030004 vs. 2.6264361199030004
--------
nle(id0,id1,dist): 73 76 0.8157491956840381
list:
dist: 0.8157491956840381 vs. 0.8157491956840381
--------
nle(id0,id1,dist): 73 90 4.845659815238358
list:
dist: 4.845659815238358 vs. 4.845659815238358
--------
nle(id0,id1,dist): 73 91 4.155619427084831
list:
dist: 4.155619427084831 vs. 4.155619427084831
--------
nle(id0,id1,dist): 73 87 2.4917273053894387
list:
dist: 2.4917273053894387 vs. 2.4917273053894387
--------
nle(id0,id1,dist): 73 84 1.6913777760977036
list:
dist: 1.6913777760977036 vs. 1.6913777760977036
--------
nle(id0,id1,dist): 73 85 2.454936102495188
list:
dist: 2.454936102495188 vs. 2.454936102495188
--------
nle(id0,id1,dist): 73 98 3.6567934680284484
list:
dist: 3.6567934680284484 vs. 3.6567934680284484
--------
nle(id0,id1,dist): 73 96 3.441580290546556
list:
dist: 3.441580290546556 vs. 3.441580290546556
--------
nle(id0,id1,dist): 73 94 4.464917087041296
list:
dist: 4.464917087041296 vs. 4.464917087041296
--------
nle(id0,id1,dist): 73 93 4.640740273929733
list:
dist: 4.640740273929733 vs. 4.640740273929733
--------
nle(id0,id1,dist): 72 74 1.0328602869120684
list:
dist: 1.0328602869120684 vs. 1.0328602869120684
--------
nle(id0,id1,dist): 72 73 1.0586698841227618
list:
dist: 1.0586698841227618 vs. 1.0586698841227618
--------
nle(id0,id1,dist): 72 76 1.7924156845038592
list:
dist: 1.7924156845038592 vs. 1.7924156845038592
--------
nle(id0,id1,dist): 72 75 1.9554788122667932
list:
dist: 1.9554788122667932 vs. 1.9554788122667932
--------
nle(id0,id1,dist): 72 78 2.5499862700386777
list:
dist: 2.5499862700386777 vs. 2.5499862700386777
--------
nle(id0,id1,dist): 72 77 2.9860687454211594
list:
dist: 2.9860687454211594 vs. 2.9860687454211594
--------
nle(id0,id1,dist): 72 80 1.7121896013434885
list:
dist: 1.7121896013434885 vs. 1.7121896013434885
--------
nle(id0,id1,dist): 72 79 3.0666643723050964
list:
dist: 3.0666643723050964 vs. 3.0666643723050964
--------
nle(id0,id1,dist): 72 82 1.8959230796448276
list:
dist: 1.8959230796448276 vs. 1.8959230796448276
--------
nle(id0,id1,dist): 72 81 2.0926818304191617
list:
dist: 2.0926818304191617 vs. 2.0926818304191617
--------
nle(id0,id1,dist): 72 84 2.353255337996106
list:
dist: 2.353255337996106 vs. 2.353255337996106
--------
nle(id0,id1,dist): 72 83 2.0479492901939387
list:
dist: 2.0479492901939387 vs. 2.0479492901939387
--------
nle(id0,id1,dist): 72 85 2.3739958864758326
list:
dist: 2.3739958864758326 vs. 2.3739958864758326
--------
nle(id0,id1,dist): 72 87 2.691660468107185
list:
dist: 2.691660468107185 vs. 2.691660468107185
--------
nle(id0,id1,dist): 71 81 3.1953196428342774
list:
dist: 3.1953196428342774 vs. 3.1953196428342774
--------
nle(id0,id1,dist): 71 80 2.0911852812403477
list:
dist: 2.0911852812403477 vs. 2.0911852812403477
--------
nle(id0,id1,dist): 71 79 3.5323917610781166
list:
dist: 3.5323917610781166 vs. 3.5323917610781166
--------
nle(id0,id1,dist): 71 78 3.112982900741434
list:
dist: 3.112982900741434 vs. 3.112982900741434
--------
nle(id0,id1,dist): 71 85 3.2704861625248727
list:
dist: 3.2704861625248727 vs. 3.2704861625248727
--------
nle(id0,id1,dist): 71 84 2.592478771796897
list:
dist: 2.592478771796897 vs. 2.592478771796897
--------
nle(id0,id1,dist): 71 83 2.273105232469032
list:
dist: 2.273105232469032 vs. 2.273105232469032
--------
nle(id0,id1,dist): 71 82 2.6652899528319933
list:
dist: 2.6652899528319933 vs. 2.6652899528319933
--------
nle(id0,id1,dist): 71 87 3.4905662377317848
list:
dist: 3.4905662377317848 vs. 3.4905662377317848
--------
nle(id0,id1,dist): 71 93 4.088776003384087
list:
dist: 4.088776003384087 vs. 4.088776003384087
--------
nle(id0,id1,dist): 71 91 3.6572521736127444
list:
dist: 3.6572521736127444 vs. 3.6572521736127444
--------
nle(id0,id1,dist): 71 90 4.243416823243431
list:
dist: 4.243416823243431 vs. 4.243416823243431
--------
nle(id0,id1,dist): 71 96 3.4656147785962435
list:
dist: 3.4656147785962435 vs. 3.4656147785962435
--------
nle(id0,id1,dist): 71 94 3.9972849368129206
list:
dist: 3.9972849368129206 vs. 3.9972849368129206
--------
nle(id0,id1,dist): 71 98 3.782009799039715
list:
dist: 3.782009799039715 vs. 3.782009799039715
--------
nle(id0,id1,dist): 77 88 3.0073498768832274
list:
dist: 3.0073498768832274 vs. 3.0073498768832274
--------
nle(id0,id1,dist): 77 89 3.0021284331032274
list:
dist: 3.0021284331032274 vs. 3.0021284331032274
--------
nle(id0,id1,dist): 77 84 1.5042524662510661
list:
dist: 1.5042524662510661 vs. 1.5042524662510661
--------
nle(id0,id1,dist): 77 85 1.5535892465055376
list:
dist: 1.5535892465055376 vs. 1.5535892465055376
--------
nle(id0,id1,dist): 77 86 1.5814764393997394
list:
dist: 1.5814764393997394 vs. 1.5814764393997394
--------
nle(id0,id1,dist): 77 87 0.8261953099129111
list:
dist: 0.8261953099129111 vs. 0.8261953099129111
--------
nle(id0,id1,dist): 77 80 3.0878496457368594
list:
dist: 3.0878496457368594 vs. 3.0878496457368594
--------
nle(id0,id1,dist): 77 81 1.040195200258489
list:
dist: 1.040195200258489 vs. 1.040195200258489
--------
nle(id0,id1,dist): 77 82 2.1723878889281787
list:
dist: 2.1723878889281787 vs. 2.1723878889281787
--------
nle(id0,id1,dist): 77 83 2.7241088910238704
list:
dist: 2.7241088910238704 vs. 2.7241088910238704
--------
nle(id0,id1,dist): 77 96 4.156186384867014
list:
dist: 4.156186384867014 vs. 4.156186384867014
--------
nle(id0,id1,dist): 77 98 4.226271024680326
list:
dist: 4.226271024680326 vs. 4.226271024680326
--------
nle(id0,id1,dist): 75 135 4.379767204646987
list:
dist: 4.379767204646987 vs. 4.379767204646987
--------
nle(id0,id1,dist): 76 98 2.9781618953092415
list:
dist: 2.9781618953092415 vs. 2.9781618953092415
--------
nle(id0,id1,dist): 76 96 2.7636567908631076
list:
dist: 2.7636567908631076 vs. 2.7636567908631076
--------
nle(id0,id1,dist): 76 93 3.879129738935024
list:
dist: 3.879129738935024 vs. 3.879129738935024
--------
nle(id0,id1,dist): 76 94 3.7448043177022186
list:
dist: 3.7448043177022186 vs. 3.7448043177022186
--------
nle(id0,id1,dist): 76 91 3.3689220985197066
list:
dist: 3.3689220985197066 vs. 3.3689220985197066
--------
nle(id0,id1,dist): 76 90 4.054949678271379
list:
dist: 4.054949678271379 vs. 4.054949678271379
--------
nle(id0,id1,dist): 76 87 2.941289136759602
list:
dist: 2.941289136759602 vs. 2.941289136759602
--------
nle(id0,id1,dist): 76 85 3.0070170494068296
list:
dist: 3.0070170494068296 vs. 3.0070170494068296
--------
nle(id0,id1,dist): 77 79 1.1161886626686166
list:
dist: 1.1161886626686166 vs. 1.1161886626686166
--------
nle(id0,id1,dist): 77 78 0.8844243170605323
list:
dist: 0.8844243170605323 vs. 0.8844243170605323
--------
nle(id0,id1,dist): 75 144 4.735240972608862
list:
dist: 4.735240972608862 vs. 4.735240972608862
--------
nle(id0,id1,dist): 75 98 3.7646917630933006
list:
dist: 3.7646917630933006 vs. 3.7646917630933006
--------
nle(id0,id1,dist): 75 93 4.904079343007327
list:
dist: 4.904079343007327 vs. 4.904079343007327
--------
nle(id0,id1,dist): 75 94 4.511268222646626
list:
dist: 4.511268222646626 vs. 4.511268222646626
--------
nle(id0,id1,dist): 75 96 3.490601911856698
list:
dist: 3.490601911856698 vs. 3.490601911856698
--------
nle(id0,id1,dist): 76 78 2.4074416549344644
list:
dist: 2.4074416549344644 vs. 2.4074416549344644
--------
nle(id0,id1,dist): 76 77 3.022624538235992
list:
dist: 3.022624538235992 vs. 3.022624538235992
--------
nle(id0,id1,dist): 76 80 2.543415447046897
list:
dist: 2.543415447046897 vs. 2.543415447046897
--------
nle(id0,id1,dist): 76 79 2.484749880176595
list:
dist: 2.484749880176595 vs. 2.484749880176595
--------
nle(id0,id1,dist): 76 82 2.663962717708542
list:
dist: 2.663962717708542 vs. 2.663962717708542
--------
nle(id0,id1,dist): 76 81 2.6209020706252497
list:
dist: 2.6209020706252497 vs. 2.6209020706252497
--------
nle(id0,id1,dist): 76 84 1.8249634393516665
list:
dist: 1.8249634393516665 vs. 1.8249634393516665
--------
nle(id0,id1,dist): 76 83 2.454474087528701
list:
dist: 2.454474087528701 vs. 2.454474087528701
--------
nle(id0,id1,dist): 75 85 1.1496851447381014
list:
dist: 1.1496851447381014 vs. 1.1496851447381014
--------
nle(id0,id1,dist): 75 84 1.0986075301597449
list:
dist: 1.0986075301597449 vs. 1.0986075301597449
--------
nle(id0,id1,dist): 75 83 0.7489242113692013
list:
dist: 0.7489242113692013 vs. 0.7489242113692013
--------
nle(id0,id1,dist): 75 82 0.7894274708722793
list:
dist: 0.7894274708722793 vs. 0.7894274708722793
--------
nle(id0,id1,dist): 75 89 2.4526873043081068
list:
dist: 2.4526873043081068 vs. 2.4526873043081068
--------
nle(id0,id1,dist): 75 88 1.975748944393217
list:
dist: 1.975748944393217 vs. 1.975748944393217
--------
nle(id0,id1,dist): 75 87 1.3973812169315565
list:
dist: 1.3973812169315565 vs. 1.3973812169315565
--------
nle(id0,id1,dist): 75 86 1.838695618000787
list:
dist: 1.838695618000787 vs. 1.838695618000787
--------
nle(id0,id1,dist): 75 77 2.024963635063428
list:
dist: 2.024963635063428 vs. 2.024963635063428
--------
nle(id0,id1,dist): 75 76 2.1240515795496804
list:
dist: 2.1240515795496804 vs. 2.1240515795496804
--------
nle(id0,id1,dist): 75 81 1.7568894623853788
list:
dist: 1.7568894623853788 vs. 1.7568894623853788
--------
nle(id0,id1,dist): 75 80 1.2385789353704677
list:
dist: 1.2385789353704677 vs. 1.2385789353704677
--------
nle(id0,id1,dist): 75 79 2.3010047985940076
list:
dist: 2.3010047985940076 vs. 2.3010047985940076
--------
nle(id0,id1,dist): 75 78 1.238784612834501
list:
dist: 1.238784612834501 vs. 1.238784612834501
--------
nle(id0,id1,dist): 120 145 3.5015818671956853
list:
dist: 3.5015818671956853 vs. 3.5015818671956853
--------
nle(id0,id1,dist): 120 146 4.118405912284147
list:
dist: 4.118405912284147 vs. 4.118405912284147
--------
nle(id0,id1,dist): 120 148 3.0014827159457402
list:
dist: 3.0014827159457402 vs. 3.0014827159457402
--------
nle(id0,id1,dist): 120 149 3.5322137220311616
list:
dist: 3.5322137220311616 vs. 3.5322137220311616
--------
nle(id0,id1,dist): 120 137 3.045616668794421
list:
dist: 3.045616668794421 vs. 3.045616668794421
--------
nle(id0,id1,dist): 120 138 2.6593063003645723
list:
dist: 2.6593063003645723 vs. 2.6593063003645723
--------
nle(id0,id1,dist): 120 139 2.540213291360643
list:
dist: 2.540213291360643 vs. 2.540213291360643
--------
nle(id0,id1,dist): 120 140 1.9321291561799012
list:
dist: 1.9321291561799012 vs. 1.9321291561799012
--------
nle(id0,id1,dist): 120 141 2.478391933164559
list:
dist: 2.478391933164559 vs. 2.478391933164559
--------
nle(id0,id1,dist): 120 142 1.9256926652564796
list:
dist: 1.9256926652564796 vs. 1.9256926652564796
--------
nle(id0,id1,dist): 120 143 3.0458219271535576
list:
dist: 3.0458219271535576 vs. 3.0458219271535576
--------
nle(id0,id1,dist): 120 144 2.997930128434704
list:
dist: 2.997930128434704 vs. 2.997930128434704
--------
nle(id0,id1,dist): 120 130 1.642973013219585
list:
dist: 1.642973013219585 vs. 1.642973013219585
--------
nle(id0,id1,dist): 120 129 2.152993028334556
list:
dist: 2.152993028334556 vs. 2.152993028334556
--------
nle(id0,id1,dist): 120 132 1.3986145545592656
list:
dist: 1.3986145545592656 vs. 1.3986145545592656
--------
nle(id0,id1,dist): 120 131 1.0911881030050048
list:
dist: 1.0911881030050048 vs. 1.0911881030050048
--------
nle(id0,id1,dist): 120 134 1.7885464739359231
list:
dist: 1.7885464739359231 vs. 1.7885464739359231
--------
nle(id0,id1,dist): 120 133 2.480417858486286
list:
dist: 2.480417858486286 vs. 2.480417858486286
--------
nle(id0,id1,dist): 120 136 3.716166240194945
list:
dist: 3.716166240194945 vs. 3.716166240194945
--------
nle(id0,id1,dist): 120 135 2.6353615948363864
list:
dist: 2.6353615948363864 vs. 2.6353615948363864
--------
nle(id0,id1,dist): 120 122 1.686016757375447
list:
dist: 1.686016757375447 vs. 1.686016757375447
--------
nle(id0,id1,dist): 120 121 0.7725417636367274
list:
dist: 0.7725417636367274 vs. 0.7725417636367274
--------
nle(id0,id1,dist): 120 124 1.2430256233207024
list:
dist: 1.2430256233207024 vs. 1.2430256233207024
--------
nle(id0,id1,dist): 120 123 0.537202348978876
list:
dist: 0.537202348978876 vs. 0.537202348978876
--------
nle(id0,id1,dist): 120 126 1.3008315098926173
list:
dist: 1.3008315098926173 vs. 1.3008315098926173
--------
nle(id0,id1,dist): 120 125 1.8266328310344202
list:
dist: 1.8266328310344202 vs. 1.8266328310344202
--------
nle(id0,id1,dist): 120 127 1.463596717673919
list:
dist: 1.463596717673919 vs. 1.463596717673919
--------
nle(id0,id1,dist): 121 142 2.681707991988317
list:
dist: 2.681707991988317 vs. 2.681707991988317
--------
nle(id0,id1,dist): 121 140 2.627555261312764
list:
dist: 2.627555261312764 vs. 2.627555261312764
--------
nle(id0,id1,dist): 121 141 2.913541474027149
list:
dist: 2.913541474027149 vs. 2.913541474027149
--------
nle(id0,id1,dist): 121 144 3.4440061426463613
list:
dist: 3.4440061426463613 vs. 3.4440061426463613
--------
nle(id0,id1,dist): 121 145 4.196877614386488
list:
dist: 4.196877614386488 vs. 4.196877614386488
--------
nle(id0,id1,dist): 121 135 3.0038708784450505
list:
dist: 3.0038708784450505 vs. 3.0038708784450505
--------
nle(id0,id1,dist): 121 132 2.0085052945040522
list:
dist: 2.0085052945040522 vs. 2.0085052945040522
--------
nle(id0,id1,dist): 121 133 2.8850535104433503
list:
dist: 2.8850535104433503 vs. 2.8850535104433503
--------
nle(id0,id1,dist): 121 138 3.3601423989182644
list:
dist: 3.3601423989182644 vs. 3.3601423989182644
--------
nle(id0,id1,dist): 121 136 4.298547382244928
list:
dist: 4.298547382244928 vs. 4.298547382244928
--------
nle(id0,id1,dist): 121 127 1.8884801954812485
list:
dist: 1.8884801954812485 vs. 1.8884801954812485
--------
nle(id0,id1,dist): 121 126 1.555788704524201
list:
dist: 1.555788704524201 vs. 1.555788704524201
--------
nle(id0,id1,dist): 121 125 2.1748711977327018
list:
dist: 2.1748711977327018 vs. 2.1748711977327018
--------
nle(id0,id1,dist): 121 124 1.993052966367736
list:
dist: 1.993052966367736 vs. 1.993052966367736
--------
nle(id0,id1,dist): 121 131 1.8010332232989021
list:
dist: 1.8010332232989021 vs. 1.8010332232989021
--------
nle(id0,id1,dist): 121 130 2.2670051421887645
list:
dist: 2.2670051421887645 vs. 2.2670051421887645
--------
nle(id0,id1,dist): 121 129 2.801718428781981
list:
dist: 2.801718428781981 vs. 2.801718428781981
--------
nle(id0,id1,dist): 121 123 0.9900316928443794
list:
dist: 0.9900316928443794 vs. 0.9900316928443794
--------
nle(id0,id1,dist): 121 122 2.0202490355010227
list:
dist: 2.0202490355010227 vs. 2.0202490355010227
--------
nle(id0,id1,dist): 122 132 2.609392359006056
list:
dist: 2.609392359006056 vs. 2.609392359006056
--------
nle(id0,id1,dist): 122 131 1.2603769192889447
list:
dist: 1.2603769192889447 vs. 1.2603769192889447
--------
nle(id0,id1,dist): 122 133 2.093849873510262
list:
dist: 2.093849873510262 vs. 2.093849873510262
--------
nle(id0,id1,dist): 122 128 1.8128832850149184
list:
dist: 1.8128832850149184 vs. 1.8128832850149184
--------
nle(id0,id1,dist): 122 127 0.8390307418891292
list:
dist: 0.8390307418891292 vs. 0.8390307418891292
--------
nle(id0,id1,dist): 122 130 2.0363134355296486
list:
dist: 2.0363134355296486 vs. 2.0363134355296486
--------
nle(id0,id1,dist): 122 129 1.330859066346554
list:
dist: 1.330859066346554 vs. 1.330859066346554
--------
nle(id0,id1,dist): 122 140 1.430204501575553
list:
dist: 1.430204501575553 vs. 1.430204501575553
--------
nle(id0,id1,dist): 122 142 2.1149711523605537
list:
dist: 2.1149711523605537 vs. 2.1149711523605537
--------
nle(id0,id1,dist): 122 141 2.5057218872781326
list:
dist: 2.5057218872781326 vs. 2.5057218872781326
--------
nle(id0,id1,dist): 122 136 2.6623217991421937
list:
dist: 2.6623217991421937 vs. 2.6623217991421937
--------
nle(id0,id1,dist): 122 135 1.4538529400238893
list:
dist: 1.4538529400238893 vs. 1.4538529400238893
--------
nle(id0,id1,dist): 122 138 1.980304155769643
list:
dist: 1.980304155769643 vs. 1.980304155769643
--------
nle(id0,id1,dist): 121 148 3.6910237727865445
list:
dist: 3.6910237727865445 vs. 3.6910237727865445
--------
nle(id0,id1,dist): 122 123 1.4931441150127351
list:
dist: 1.4931441150127351 vs. 1.4931441150127351
--------
nle(id0,id1,dist): 122 124 1.984991191546674
list:
dist: 1.984991191546674 vs. 1.984991191546674
--------
nle(id0,id1,dist): 122 125 1.2832220234430858
list:
dist: 1.2832220234430858 vs. 1.2832220234430858
--------
nle(id0,id1,dist): 122 126 0.8988098128986044
list:
dist: 0.8988098128986044 vs. 0.8988098128986044
--------
nle(id0,id1,dist): 123 129 2.0507467869929092
list:
dist: 2.0507467869929092 vs. 2.0507467869929092
--------
nle(id0,id1,dist): 123 127 1.053512305100129
list:
dist: 1.053512305100129 vs. 1.053512305100129
--------
nle(id0,id1,dist): 123 126 0.8800463004592479
list:
dist: 0.8800463004592479 vs. 0.8800463004592479
--------
nle(id0,id1,dist): 123 125 2.011663807236627
list:
dist: 2.011663807236627 vs. 2.011663807236627
--------
nle(id0,id1,dist): 123 124 1.4455660804487702
list:
dist: 1.4455660804487702 vs. 1.4455660804487702
--------
nle(id0,id1,dist): 123 137 2.9244513623113693
list:
dist: 2.9244513623113693 vs. 2.9244513623113693
--------
nle(id0,id1,dist): 123 136 3.37028072966722
list:
dist: 3.37028072966722 vs. 3.37028072966722
--------
nle(id0,id1,dist): 123 135 2.2006323811177206
list:
dist: 2.2006323811177206 vs. 2.2006323811177206
--------
nle(id0,id1,dist): 123 134 2.0051592661368844
list:
dist: 2.0051592661368844 vs. 2.0051592661368844
--------
nle(id0,id1,dist): 123 133 1.9755896678736065
list:
dist: 1.9755896678736065 vs. 1.9755896678736065
--------
nle(id0,id1,dist): 123 132 1.4367721632327426
list:
dist: 1.4367721632327426 vs. 1.4367721632327426
--------
nle(id0,id1,dist): 123 131 0.9506373852089387
list:
dist: 0.9506373852089387 vs. 0.9506373852089387
--------
nle(id0,id1,dist): 123 130 1.3156313167204905
list:
dist: 1.3156313167204905 vs. 1.3156313167204905
--------
nle(id0,id1,dist): 122 148 2.189284932765108
list:
dist: 2.189284932765108 vs. 2.189284932765108
--------
nle(id0,id1,dist): 122 145 2.790191965953251
list:
dist: 2.790191965953251 vs. 2.790191965953251
--------
nle(id0,id1,dist): 122 144 2.2561809194856846
list:
dist: 2.2561809194856846 vs. 2.2561809194856846
--------
nle(id0,id1,dist): 124 126 1.9619474516572721
list:
dist: 1.9619474516572721 vs. 1.9619474516572721
--------
nle(id0,id1,dist): 124 125 1.8012147032352108
list:
dist: 1.8012147032352108 vs. 1.8012147032352108
--------
nle(id0,id1,dist): 124 128 2.0425873701761565
list:
dist: 2.0425873701761565 vs. 2.0425873701761565
--------
nle(id0,id1,dist): 124 127 1.808986451821406
list:
dist: 1.808986451821406 vs. 1.808986451821406
--------
nle(id0,id1,dist): 124 130 1.4899362727779273
list:
dist: 1.4899362727779273 vs. 1.4899362727779273
--------
nle(id0,id1,dist): 124 129 1.5723446189658241
list:
dist: 1.5723446189658241 vs. 1.5723446189658241
--------
nle(id0,id1,dist): 124 132 1.1484192165540419
list:
dist: 1.1484192165540419 vs. 1.1484192165540419
--------
nle(id0,id1,dist): 124 131 0.901043252344819
list:
dist: 0.901043252344819 vs. 0.901043252344819
--------
nle(id0,id1,dist): 123 138 2.4961674726714005
list:
dist: 2.4961674726714005 vs. 2.4961674726714005
--------
nle(id0,id1,dist): 123 139 2.7233397393045733
list:
dist: 2.7233397393045733 vs. 2.7233397393045733
--------
nle(id0,id1,dist): 123 140 1.7754820302889853
list:
dist: 1.7754820302889853 vs. 1.7754820302889853
--------
nle(id0,id1,dist): 123 141 2.8288515118466564
list:
dist: 2.8288515118466564 vs. 2.8288515118466564
--------
nle(id0,id1,dist): 123 142 1.8097643555172096
list:
dist: 1.8097643555172096 vs. 1.8097643555172096
--------
nle(id0,id1,dist): 123 143 3.1004810421290805
list:
dist: 3.1004810421290805 vs. 3.1004810421290805
--------
nle(id0,id1,dist): 123 144 2.5220307953568852
list:
dist: 2.5220307953568852 vs. 2.5220307953568852
--------
nle(id0,id1,dist): 123 145 3.2640743058970503
list:
dist: 3.2640743058970503 vs. 3.2640743058970503
--------
nle(id0,id1,dist): 123 146 3.9407250306250736
list:
dist: 3.9407250306250736 vs. 3.9407250306250736
--------
nle(id0,id1,dist): 123 148 2.8598575120531917
list:
dist: 2.8598575120531917 vs. 2.8598575120531917
--------
nle(id0,id1,dist): 123 149 3.533136169386137
list:
dist: 3.533136169386137 vs. 3.533136169386137
--------
nle(id0,id1,dist): 124 149 2.4102182436353146
list:
dist: 2.4102182436353146 vs. 2.4102182436353146
--------
nle(id0,id1,dist): 125 127 1.915147201943386
list:
dist: 1.915147201943386 vs. 1.915147201943386
--------
nle(id0,id1,dist): 125 126 1.9338596908701255
list:
dist: 1.9338596908701255 vs. 1.9338596908701255
--------
nle(id0,id1,dist): 124 135 2.786873264144468
list:
dist: 2.786873264144468 vs. 2.786873264144468
--------
nle(id0,id1,dist): 124 136 3.2798130693677074
list:
dist: 3.2798130693677074 vs. 3.2798130693677074
--------
nle(id0,id1,dist): 124 133 2.6421570456088648
list:
dist: 2.6421570456088648 vs. 2.6421570456088648
--------
nle(id0,id1,dist): 124 134 0.5673174032173434
list:
dist: 0.5673174032173434 vs. 0.5673174032173434
--------
nle(id0,id1,dist): 124 139 1.4902259093272163
list:
dist: 1.4902259093272163 vs. 1.4902259093272163
--------
nle(id0,id1,dist): 124 140 1.3290887393433979
list:
dist: 1.3290887393433979 vs. 1.3290887393433979
--------
nle(id0,id1,dist): 124 137 2.051319847771637
list:
dist: 2.051319847771637 vs. 2.051319847771637
--------
nle(id0,id1,dist): 124 138 1.9009686168209263
list:
dist: 1.9009686168209263 vs. 1.9009686168209263
--------
nle(id0,id1,dist): 124 143 1.8371437712324707
list:
dist: 1.8371437712324707 vs. 1.8371437712324707
--------
nle(id0,id1,dist): 124 144 2.990968271526422
list:
dist: 2.990968271526422 vs. 2.990968271526422
--------
nle(id0,id1,dist): 124 141 1.9323043097712402
list:
dist: 1.9323043097712402 vs. 1.9323043097712402
--------
nle(id0,id1,dist): 124 142 1.0851168019456363
list:
dist: 1.0851168019456363 vs. 1.0851168019456363
--------
nle(id0,id1,dist): 124 148 2.213445277513764
list:
dist: 2.213445277513764 vs. 2.213445277513764
--------
nle(id0,id1,dist): 124 145 2.74671365645237
list:
dist: 2.74671365645237 vs. 2.74671365645237
--------
nle(id0,id1,dist): 124 146 3.2201006366280387
list:
dist: 3.2201006366280387 vs. 3.2201006366280387
--------
nle(id0,id1,dist): 112 119 2.9541858703506865
list:
dist: 2.9541858703506865 vs. 2.9541858703506865
--------
nle(id0,id1,dist): 112 117 0.9163890190914833
list:
dist: 0.9163890190914833 vs. 0.9163890190914833
--------
nle(id0,id1,dist): 112 118 2.3372302612369835
list:
dist: 2.3372302612369835 vs. 2.3372302612369835
--------
nle(id0,id1,dist): 112 115 2.171309897941219
list:
dist: 2.171309897941219 vs. 2.171309897941219
--------
nle(id0,id1,dist): 112 116 1.7196045736885197
list:
dist: 1.7196045736885197 vs. 1.7196045736885197
--------
nle(id0,id1,dist): 112 113 1.060005492420722
list:
dist: 1.060005492420722 vs. 1.060005492420722
--------
nle(id0,id1,dist): 112 114 1.501625146199976
list:
dist: 1.501625146199976 vs. 1.501625146199976
--------
nle(id0,id1,dist): 113 116 1.3781696211151944
list:
dist: 1.3781696211151944 vs. 1.3781696211151944
--------
nle(id0,id1,dist): 113 117 0.6363509242737443
list:
dist: 0.6363509242737443 vs. 0.6363509242737443
--------
nle(id0,id1,dist): 113 118 1.9830358889252442
list:
dist: 1.9830358889252442 vs. 1.9830358889252442
--------
nle(id0,id1,dist): 113 119 2.221557303954206
list:
dist: 2.221557303954206 vs. 2.221557303954206
--------
nle(id0,id1,dist): 113 114 1.00738957372822
list:
dist: 1.00738957372822 vs. 1.00738957372822
--------
nle(id0,id1,dist): 113 115 1.3468818955116901
list:
dist: 1.3468818955116901 vs. 1.3468818955116901
--------
nle(id0,id1,dist): 114 117 1.2100012106189975
list:
dist: 1.2100012106189975 vs. 1.2100012106189975
--------
nle(id0,id1,dist): 114 118 1.1082266637060592
list:
dist: 1.1082266637060592 vs. 1.1082266637060592
--------
nle(id0,id1,dist): 114 115 1.9399181069637363
list:
dist: 1.9399181069637363 vs. 1.9399181069637363
--------
nle(id0,id1,dist): 114 116 0.5310204359344631
list:
dist: 0.5310204359344631 vs. 0.5310204359344631
--------
nle(id0,id1,dist): 114 119 1.700188117194216
list:
dist: 1.700188117194216 vs. 1.700188117194216
--------
nle(id0,id1,dist): 115 118 2.444230284837896
list:
dist: 2.444230284837896 vs. 2.444230284837896
--------
nle(id0,id1,dist): 115 119 2.015997117083063
list:
dist: 2.015997117083063 vs. 2.015997117083063
--------
nle(id0,id1,dist): 115 116 2.0772727435477765
list:
dist: 2.0772727435477765 vs. 2.0772727435477765
--------
nle(id0,id1,dist): 115 117 1.3227350318027207
list:
dist: 1.3227350318027207 vs. 1.3227350318027207
--------
nle(id0,id1,dist): 116 117 1.3521989280819848
list:
dist: 1.3521989280819848 vs. 1.3521989280819848
--------
nle(id0,id1,dist): 116 118 0.6433680742253066
list:
dist: 0.6433680742253066 vs. 0.6433680742253066
--------
nle(id0,id1,dist): 116 119 1.4686660580091835
list:
dist: 1.4686660580091835 vs. 1.4686660580091835
--------
nle(id0,id1,dist): 117 118 1.9212445638791706
list:
dist: 1.9212445638791706 vs. 1.9212445638791706
--------
nle(id0,id1,dist): 117 119 2.2250206124995424
list:
dist: 2.2250206124995424 vs. 2.2250206124995424
--------
nle(id0,id1,dist): 118 119 1.2016456505934925
list:
dist: 1.2016456505934925 vs. 1.2016456505934925
--------
nle(id0,id1,dist): 106 113 2.5281197020255863
list:
dist: 2.5281197020255863 vs. 2.5281197020255863
--------
nle(id0,id1,dist): 106 114 3.2008325651542338
list:
dist: 3.2008325651542338 vs. 3.2008325651542338
--------
nle(id0,id1,dist): 106 111 2.2038673274602076
list:
dist: 2.2038673274602076 vs. 2.2038673274602076
--------
nle(id0,id1,dist): 106 112 2.5241391390601042
list:
dist: 2.5241391390601042 vs. 2.5241391390601042
--------
nle(id0,id1,dist): 106 117 2.945187262506805
list:
dist: 2.945187262506805 vs. 2.945187262506805
--------
nle(id0,id1,dist): 106 115 3.387852499934917
list:
dist: 3.387852499934917 vs. 3.387852499934917
--------
nle(id0,id1,dist): 106 116 3.6911602550391533
list:
dist: 3.6911602550391533 vs. 3.6911602550391533
--------
nle(id0,id1,dist): 106 110 1.8290290246207062
list:
dist: 1.8290290246207062 vs. 1.8290290246207062
--------
nle(id0,id1,dist): 106 109 2.809826458335829
list:
dist: 2.809826458335829 vs. 2.809826458335829
--------
nle(id0,id1,dist): 106 108 1.9849616061196294
list:
dist: 1.9849616061196294 vs. 1.9849616061196294
--------
nle(id0,id1,dist): 106 107 1.5923895692308863
list:
dist: 1.5923895692308863 vs. 1.5923895692308863
--------
nle(id0,id1,dist): 105 109 2.7517470050397477
list:
dist: 2.7517470050397477 vs. 2.7517470050397477
--------
nle(id0,id1,dist): 105 108 2.7246513680952975
list:
dist: 2.7246513680952975 vs. 2.7246513680952975
--------
nle(id0,id1,dist): 105 107 1.5345740575838664
list:
dist: 1.5345740575838664 vs. 1.5345740575838664
--------
nle(id0,id1,dist): 105 106 1.500600591385706
list:
dist: 1.500600591385706 vs. 1.500600591385706
--------
nle(id0,id1,dist): 108 115 2.8992970864198484
list:
dist: 2.8992970864198484 vs. 2.8992970864198484
--------
nle(id0,id1,dist): 108 116 2.3641613688682566
list:
dist: 2.3641613688682566 vs. 2.3641613688682566
--------
nle(id0,id1,dist): 108 113 1.8164087576664572
list:
dist: 1.8164087576664572 vs. 1.8164087576664572
--------
nle(id0,id1,dist): 108 114 1.8523836637326703
list:
dist: 1.8523836637326703 vs. 1.8523836637326703
--------
nle(id0,id1,dist): 108 111 1.0703737103595357
list:
dist: 1.0703737103595357 vs. 1.0703737103595357
--------
nle(id0,id1,dist): 108 112 2.212878602008185
list:
dist: 2.212878602008185 vs. 2.212878602008185
--------
nle(id0,id1,dist): 108 109 1.5698292748863916
list:
dist: 1.5698292748863916 vs. 1.5698292748863916
--------
nle(id0,id1,dist): 108 110 2.138294255227737
list:
dist: 2.138294255227737 vs. 2.138294255227737
--------
nle(id0,id1,dist): 107 118 4.1259110383018704
list:
dist: 4.1259110383018704 vs. 4.1259110383018704
--------
nle(id0,id1,dist): 107 119 4.221985955970648
list:
dist: 4.221985955970648 vs. 4.221985955970648
--------
nle(id0,id1,dist): 107 114 3.102094611413173
list:
dist: 3.102094611413173 vs. 3.102094611413173
--------
nle(id0,id1,dist): 107 115 3.4434419405157968
list:
dist: 3.4434419405157968 vs. 3.4434419405157968
--------
nle(id0,id1,dist): 107 116 3.6314329011366357
list:
dist: 3.6314329011366357 vs. 3.6314329011366357
--------
nle(id0,id1,dist): 107 117 3.3256571041192706
list:
dist: 3.3256571041192706 vs. 3.3256571041192706
--------
nle(id0,id1,dist): 107 110 2.6925976123677873
list:
dist: 2.6925976123677873 vs. 2.6925976123677873
--------
nle(id0,id1,dist): 107 111 2.3363902128191283
list:
dist: 2.3363902128191283 vs. 2.3363902128191283
--------
nle(id0,id1,dist): 107 112 3.1931143776732513
list:
dist: 3.1931143776732513 vs. 3.1931143776732513
--------
nle(id0,id1,dist): 107 113 2.718423582505676
list:
dist: 2.718423582505676 vs. 2.718423582505676
--------
nle(id0,id1,dist): 107 108 1.4384435150158323
list:
dist: 1.4384435150158323 vs. 1.4384435150158323
--------
nle(id0,id1,dist): 107 109 1.311051413381153
list:
dist: 1.311051413381153 vs. 1.311051413381153
--------
nle(id0,id1,dist): 109 114 2.983611106156378
list:
dist: 2.983611106156378 vs. 2.983611106156378
--------
nle(id0,id1,dist): 109 115 3.574527055539323
list:
dist: 3.574527055539323 vs. 3.574527055539323
--------
nle(id0,id1,dist): 109 112 3.65578650765221
list:
dist: 3.65578650765221 vs. 3.65578650765221
--------
nle(id0,id1,dist): 109 113 2.9653715160825542
list:
dist: 2.9653715160825542 vs. 2.9653715160825542
--------
nle(id0,id1,dist): 109 118 3.781401206886742
list:
dist: 3.781401206886742 vs. 3.781401206886742
--------
nle(id0,id1,dist): 109 119 3.748835240474529
list:
dist: 3.748835240474529 vs. 3.748835240474529
--------
nle(id0,id1,dist): 109 116 3.4553582827396627
list:
dist: 3.4553582827396627 vs. 3.4553582827396627
--------
nle(id0,id1,dist): 109 117 3.5975884763893937
list:
dist: 3.5975884763893937 vs. 3.5975884763893937
--------
nle(id0,id1,dist): 109 111 2.5905335026564376
list:
dist: 2.5905335026564376 vs. 2.5905335026564376
--------
nle(id0,id1,dist): 109 110 3.407429190475622
list:
dist: 3.407429190475622 vs. 3.407429190475622
--------
nle(id0,id1,dist): 108 117 2.402023050775131
list:
dist: 2.402023050775131 vs. 2.402023050775131
--------
nle(id0,id1,dist): 108 118 2.845252760521642
list:
dist: 2.845252760521642 vs. 2.845252760521642
--------
nle(id0,id1,dist): 108 119 3.2152289133310687
list:
dist: 3.2152289133310687 vs. 3.2152289133310687
--------
nle(id0,id1,dist): 111 119 2.8469584626560422
list:
dist: 2.8469584626560422 vs. 2.8469584626560422
--------
nle(id0,id1,dist): 111 118 2.2216845909141267
list:
dist: 2.2216845909141267 vs. 2.2216845909141267
--------
nle(id0,id1,dist): 111 116 1.6414595456961654
list:
dist: 1.6414595456961654 vs. 1.6414595456961654
--------
nle(id0,id1,dist): 111 117 1.591163930820888
list:
dist: 1.591163930820888 vs. 1.591163930820888
--------
nle(id0,id1,dist): 111 114 1.1850900297479061
list:
dist: 1.1850900297479061 vs. 1.1850900297479061
--------
nle(id0,id1,dist): 111 115 2.507187862025408
list:
dist: 2.507187862025408 vs. 2.507187862025408
--------
nle(id0,id1,dist): 111 112 1.230519076081685
list:
dist: 1.230519076081685 vs. 1.230519076081685
--------
nle(id0,id1,dist): 111 113 1.1813439512717794
list:
dist: 1.1813439512717794 vs. 1.1813439512717794
--------
nle(id0,id1,dist): 110 111 1.5168352376096994
list:
dist: 1.5168352376096994 vs. 1.5168352376096994
--------
nle(id0,id1,dist): 110 112 0.9393068379042245
list:
dist: 0.9393068379042245 vs. 0.9393068379042245
--------
nle(id0,id1,dist): 110 113 1.1587084090129363
list:
dist: 1.1587084090129363 vs. 1.1587084090129363
--------
nle(id0,id1,dist): 110 114 2.0256976644163474
list:
dist: 2.0256976644163474 vs. 2.0256976644163474
--------
nle(id0,id1,dist): 110 115 2.03704780121726
list:
dist: 2.03704780121726 vs. 2.03704780121726
--------
nle(id0,id1,dist): 110 116 2.3733756834534634
list:
dist: 2.3733756834534634 vs. 2.3733756834534634
--------
nle(id0,id1,dist): 110 117 1.2655212794446455
list:
dist: 1.2655212794446455 vs. 1.2655212794446455
--------
nle(id0,id1,dist): 99 107 1.2045044122291237
list:
dist: 1.2045044122291237 vs. 1.2045044122291237
--------
nle(id0,id1,dist): 99 106 2.5781088660143356
list:
dist: 2.5781088660143356 vs. 2.5781088660143356
--------
nle(id0,id1,dist): 99 109 0.5760425019340976
list:
dist: 0.5760425019340976 vs. 0.5760425019340976
--------
nle(id0,id1,dist): 99 108 1.2682640208606075
list:
dist: 1.2682640208606075 vs. 1.2682640208606075
--------
nle(id0,id1,dist): 99 111 2.330635253338515
list:
dist: 2.330635253338515 vs. 2.330635253338515
--------
nle(id0,id1,dist): 99 110 3.270261243831324
list:
dist: 3.270261243831324 vs. 3.270261243831324
--------
nle(id0,id1,dist): 99 113 2.9230930221316203
list:
dist: 2.9230930221316203 vs. 2.9230930221316203
--------
nle(id0,id1,dist): 99 112 3.4663531404274406
list:
dist: 3.4663531404274406 vs. 3.4663531404274406
--------
nle(id0,id1,dist): 99 101 1.9292534142827653
list:
dist: 1.9292534142827653 vs. 1.9292534142827653
--------
nle(id0,id1,dist): 99 100 2.4004551514368173
list:
dist: 2.4004551514368173 vs. 2.4004551514368173
--------
nle(id0,id1,dist): 99 103 1.3514641968215184
list:
dist: 1.3514641968215184 vs. 1.3514641968215184
--------
nle(id0,id1,dist): 99 102 1.3057422414687627
list:
dist: 1.3057422414687627 vs. 1.3057422414687627
--------
nle(id0,id1,dist): 99 105 2.584791573810715
list:
dist: 2.584791573810715 vs. 2.584791573810715
--------
nle(id0,id1,dist): 99 104 1.324573293576612
list:
dist: 1.324573293576612 vs. 1.324573293576612
--------
nle(id0,id1,dist): 99 114 2.9018222393683493
list:
dist: 2.9018222393683493 vs. 2.9018222393683493
--------
nle(id0,id1,dist): 99 115 3.731261617315589
list:
dist: 3.731261617315589 vs. 3.731261617315589
--------
nle(id0,id1,dist): 99 116 3.38464284941139
list:
dist: 3.38464284941139 vs. 3.38464284941139
--------
nle(id0,id1,dist): 99 117 3.547032177770905
list:
dist: 3.547032177770905 vs. 3.547032177770905
--------
nle(id0,id1,dist): 99 118 3.743550764086383
list:
dist: 3.743550764086383 vs. 3.743550764086383
--------
nle(id0,id1,dist): 99 119 3.892200725187413
list:
dist: 3.892200725187413 vs. 3.892200725187413
--------
nle(id0,id1,dist): 98 114 3.235227880039423
list:
dist: 3.235227880039423 vs. 3.235227880039423
--------
nle(id0,id1,dist): 98 113 3.1981810905379287
list:
dist: 3.1981810905379287 vs. 3.1981810905379287
--------
nle(id0,id1,dist): 98 112 3.2166350566393787
list:
dist: 3.2166350566393787 vs. 3.2166350566393787
--------
nle(id0,id1,dist): 98 111 2.1932252828413152
list:
dist: 2.1932252828413152 vs. 2.1932252828413152
--------
nle(id0,id1,dist): 98 118 4.163757985628648
list:
dist: 4.163757985628648 vs. 4.163757985628648
--------
nle(id0,id1,dist): 98 117 3.7094895827771133
list:
dist: 3.7094895827771133 vs. 3.7094895827771133
--------
nle(id0,id1,dist): 98 116 3.7006831471155457
list:
dist: 3.7006831471155457 vs. 3.7006831471155457
--------
nle(id0,id1,dist): 98 106 2.099218964599826
list:
dist: 2.099218964599826 vs. 2.099218964599826
--------
nle(id0,id1,dist): 98 105 2.329172199885956
list:
dist: 2.329172199885956 vs. 2.329172199885956
--------
nle(id0,id1,dist): 98 104 1.489219475473636
list:
dist: 1.489219475473636 vs. 1.489219475473636
--------
nle(id0,id1,dist): 98 103 1.9102659464198861
list:
dist: 1.9102659464198861 vs. 1.9102659464198861
--------
nle(id0,id1,dist): 98 110 3.0914978519420075
list:
dist: 3.0914978519420075 vs. 3.0914978519420075
--------
nle(id0,id1,dist): 98 109 2.2092039563662316
list:
dist: 2.2092039563662316 vs. 2.2092039563662316
--------
nle(id0,id1,dist): 98 108 1.5504445174134818
list:
dist: 1.5504445174134818 vs. 1.5504445174134818
--------
nle(id0,id1,dist): 98 107 1.764879088870118
list:
dist: 1.764879088870118 vs. 1.764879088870118
--------
nle(id0,id1,dist): 101 103 1.037275553899755
list:
dist: 1.037275553899755 vs. 1.037275553899755
--------
nle(id0,id1,dist): 101 102 0.8864297710595436
list:
dist: 0.8864297710595436 vs. 0.8864297710595436
--------
nle(id0,id1,dist): 101 108 2.6881853391087476
list:
dist: 2.6881853391087476 vs. 2.6881853391087476
--------
nle(id0,id1,dist): 101 109 2.0504932986444766
list:
dist: 2.0504932986444766 vs. 2.0504932986444766
--------
nle(id0,id1,dist): 101 104 1.5922240255491158
list:
dist: 1.5922240255491158 vs. 1.5922240255491158
--------
nle(id0,id1,dist): 101 105 1.355191069578931
list:
dist: 1.355191069578931 vs. 1.355191069578931
--------
nle(id0,id1,dist): 101 106 2.4673786701083964
list:
dist: 2.4673786701083964 vs. 2.4673786701083964
--------
nle(id0,id1,dist): 101 107 1.4378944202358506
list:
dist: 1.4378944202358506 vs. 1.4378944202358506
--------
nle(id0,id1,dist): 100 108 3.0536472362076807
list:
dist: 3.0536472362076807 vs. 3.0536472362076807
--------
nle(id0,id1,dist): 100 107 1.799399450946746
list:
dist: 1.799399450946746 vs. 1.799399450946746
--------
nle(id0,id1,dist): 100 106 2.5294081188063697
list:
dist: 2.5294081188063697 vs. 2.5294081188063697
--------
nle(id0,id1,dist): 100 105 1.2048330718699392
list:
dist: 1.2048330718699392 vs. 1.2048330718699392
--------
nle(id0,id1,dist): 100 104 1.8902890321420198
list:
dist: 1.8902890321420198 vs. 1.8902890321420198
--------
nle(id0,id1,dist): 100 103 1.413654133813587
list:
dist: 1.413654133813587 vs. 1.413654133813587
--------
nle(id0,id1,dist): 100 102 1.297649337170166
list:
dist: 1.297649337170166 vs. 1.297649337170166
--------
nle(id0,id1,dist): 100 101 0.510159496330723
list:
dist: 0.510159496330723 vs. 0.510159496330723
--------
nle(id0,id1,dist): 100 109 2.550611370437733
list:
dist: 2.550611370437733 vs. 2.550611370437733
--------
nle(id0,id1,dist): 103 105 1.3394187936574127
list:
dist: 1.3394187936574127 vs. 1.3394187936574127
--------
nle(id0,id1,dist): 103 104 0.7151206279951874
list:
dist: 0.7151206279951874 vs. 0.7151206279951874
--------
nle(id0,id1,dist): 103 107 0.4295076677012898
list:
dist: 0.4295076677012898 vs. 0.4295076677012898
--------
nle(id0,id1,dist): 103 106 1.8032811398498485
list:
dist: 1.8032811398498485 vs. 1.8032811398498485
--------
nle(id0,id1,dist): 103 109 1.419968219210758
list:
dist: 1.419968219210758 vs. 1.419968219210758
--------
nle(id0,id1,dist): 103 108 1.833043667930595
list:
dist: 1.833043667930595 vs. 1.833043667930595
--------
nle(id0,id1,dist): 102 106 2.668347014265402
list:
dist: 2.668347014265402 vs. 2.668347014265402
--------
nle(id0,id1,dist): 102 105 1.980960377801375
list:
dist: 1.980960377801375 vs. 1.980960377801375
--------
nle(id0,id1,dist): 102 104 1.5384269934791215
list:
dist: 1.5384269934791215 vs. 1.5384269934791215
--------
nle(id0,id1,dist): 102 103 1.1899634822375615
list:
dist: 1.1899634822375615 vs. 1.1899634822375615
--------
nle(id0,id1,dist): 102 109 1.5688779424746198
list:
dist: 1.5688779424746198 vs. 1.5688779424746198
--------
nle(id0,id1,dist): 102 108 2.2590556965025073
list:
dist: 2.2590556965025073 vs. 2.2590556965025073
--------
nle(id0,id1,dist): 102 107 1.4240596269388748
list:
dist: 1.4240596269388748 vs. 1.4240596269388748
--------
nle(id0,id1,dist): 104 109 1.558792496821816
list:
dist: 1.558792496821816 vs. 1.558792496821816
--------
nle(id0,id1,dist): 104 110 2.4651827848087446
list:
dist: 2.4651827848087446 vs. 2.4651827848087446
--------
nle(id0,id1,dist): 104 111 2.1007456155283735
list:
dist: 2.1007456155283735 vs. 2.1007456155283735
--------
nle(id0,id1,dist): 104 112 2.9462911131601675
list:
dist: 2.9462911131601675 vs. 2.9462911131601675
--------
nle(id0,id1,dist): 104 105 1.4779073110365113
list:
dist: 1.4779073110365113 vs. 1.4779073110365113
--------
nle(id0,id1,dist): 104 106 1.2985773864650099
list:
dist: 1.2985773864650099 vs. 1.2985773864650099
--------
nle(id0,id1,dist): 104 107 0.3959271723116658
list:
dist: 0.3959271723116658 vs. 0.3959271723116658
--------
nle(id0,id1,dist): 104 108 1.2768467912824515
list:
dist: 1.2768467912824515 vs. 1.2768467912824515
--------
nle(id0,id1,dist): 104 117 3.175965422002221
list:
dist: 3.175965422002221 vs. 3.175965422002221
--------
nle(id0,id1,dist): 104 118 4.033868076848624
list:
dist: 4.033868076848624 vs. 4.033868076848624
--------
nle(id0,id1,dist): 104 119 4.233366698346163
list:
dist: 4.233366698346163 vs. 4.233366698346163
--------
nle(id0,id1,dist): 104 113 2.5894626436131283
list:
dist: 2.5894626436131283 vs. 2.5894626436131283
--------
nle(id0,id1,dist): 104 114 2.9812141420984504
list:
dist: 2.9812141420984504 vs. 2.9812141420984504
--------
nle(id0,id1,dist): 104 115 3.4379088881990705
list:
dist: 3.4379088881990705 vs. 3.4379088881990705
--------
nle(id0,id1,dist): 104 116 3.5113038074773955
list:
dist: 3.5113038074773955 vs. 3.5113038074773955
--------
nle(id0,id1,dist): 103 116 4.051930399401509
list:
dist: 4.051930399401509 vs. 4.051930399401509
--------
nle(id0,id1,dist): 103 117 3.7449066450729944
list:
dist: 3.7449066450729944 vs. 3.7449066450729944
--------
nle(id0,id1,dist): 103 114 3.5237286848647487
list:
dist: 3.5237286848647487 vs. 3.5237286848647487
--------
nle(id0,id1,dist): 103 115 3.8111110074987806
list:
dist: 3.8111110074987806 vs. 3.8111110074987806
--------
nle(id0,id1,dist): 103 112 3.608209518258078
list:
dist: 3.608209518258078 vs. 3.608209518258078
--------
nle(id0,id1,dist): 103 113 3.1395502243944806
list:
dist: 3.1395502243944806 vs. 3.1395502243944806
--------
nle(id0,id1,dist): 103 110 3.0755063098676585
list:
dist: 3.0755063098676585 vs. 3.0755063098676585
--------
nle(id0,id1,dist): 103 111 2.7553576273642686
list:
dist: 2.7553576273642686 vs. 2.7553576273642686
--------
nle(id0,id1,dist): 103 118 4.535235476828708
list:
dist: 4.535235476828708 vs. 4.535235476828708
--------
nle(id0,id1,dist): 103 119 4.6001426883159535
list:
dist: 4.6001426883159535 vs. 4.6001426883159535
--------
nle(id0,id1,dist): 147 149 2.5686175564776317
list:
dist: 2.5686175564776317 vs. 2.5686175564776317
--------
nle(id0,id1,dist): 147 148 1.9464279086690162
list:
dist: 1.9464279086690162 vs. 1.9464279086690162
--------
nle(id0,id1,dist): 148 149 1.2521989159593077
list:
dist: 1.2521989159593077 vs. 1.2521989159593077
--------
nle(id0,id1,dist): 146 147 1.3847060346087448
list:
dist: 1.3847060346087448 vs. 1.3847060346087448
--------
nle(id0,id1,dist): 146 148 1.2756030840685797
list:
dist: 1.2756030840685797 vs. 1.2756030840685797
--------
nle(id0,id1,dist): 146 149 1.3717130548664245
list:
dist: 1.3717130548664245 vs. 1.3717130548664245
--------
nle(id0,id1,dist): 144 148 2.2783748144488616
list:
dist: 2.2783748144488616 vs. 2.2783748144488616
--------
nle(id0,id1,dist): 144 147 1.9136636336071113
list:
dist: 1.9136636336071113 vs. 1.9136636336071113
--------
nle(id0,id1,dist): 144 145 2.003236256149998
list:
dist: 2.003236256149998 vs. 2.003236256149998
--------
nle(id0,id1,dist): 145 149 1.5850633739313766
list:
dist: 1.5850633739313766 vs. 1.5850633739313766
--------
nle(id0,id1,dist): 145 148 0.9276939011742734
list:
dist: 0.9276939011742734 vs. 0.9276939011742734
--------
nle(id0,id1,dist): 145 147 1.0664341142535434
list:
dist: 1.0664341142535434 vs. 1.0664341142535434
--------
nle(id0,id1,dist): 145 146 0.7867777891322516
list:
dist: 0.7867777891322516 vs. 0.7867777891322516
--------
nle(id0,id1,dist): 142 149 1.92370977257525
list:
dist: 1.92370977257525 vs. 1.92370977257525
--------
nle(id0,id1,dist): 142 147 2.5957189882335383
list:
dist: 2.5957189882335383 vs. 2.5957189882335383
--------
nle(id0,id1,dist): 142 148 1.5813917118346135
list:
dist: 1.5813917118346135 vs. 1.5813917118346135
--------
nle(id0,id1,dist): 142 145 1.8124923763193537
list:
dist: 1.8124923763193537 vs. 1.8124923763193537
--------
nle(id0,id1,dist): 142 146 2.365579745067984
list:
dist: 2.365579745067984 vs. 2.365579745067984
--------
nle(id0,id1,dist): 142 143 1.4495841388240898
list:
dist: 1.4495841388240898 vs. 1.4495841388240898
--------
nle(id0,id1,dist): 142 144 2.213525269304455
list:
dist: 2.213525269304455 vs. 2.213525269304455
--------
nle(id0,id1,dist): 143 146 1.986266446482952
list:
dist: 1.986266446482952 vs. 1.986266446482952
--------
nle(id0,id1,dist): 143 147 2.8940435451625395
list:
dist: 2.8940435451625395 vs. 2.8940435451625395
--------
nle(id0,id1,dist): 143 148 1.660374600866695
list:
dist: 1.660374600866695 vs. 1.660374600866695
--------
nle(id0,id1,dist): 143 149 0.8878033165566505
list:
dist: 0.8878033165566505 vs. 0.8878033165566505
--------
nle(id0,id1,dist): 143 145 1.9478160620946878
list:
dist: 1.9478160620946878 vs. 1.9478160620946878
--------
nle(id0,id1,dist): 141 142 2.705873960155008
list:
dist: 2.705873960155008 vs. 2.705873960155008
--------
nle(id0,id1,dist): 141 143 2.6147114961341167
list:
dist: 2.6147114961341167 vs. 2.6147114961341167
--------
nle(id0,id1,dist): 140 149 1.9045156061786217
list:
dist: 1.9045156061786217 vs. 1.9045156061786217
--------
nle(id0,id1,dist): 141 145 3.6528062913624697
list:
dist: 3.6528062913624697 vs. 3.6528062913624697
--------
nle(id0,id1,dist): 141 144 4.299384810884804
list:
dist: 4.299384810884804 vs. 4.299384810884804
--------
nle(id0,id1,dist): 141 146 3.8647759587069332
list:
dist: 3.8647759587069332 vs. 3.8647759587069332
--------
nle(id0,id1,dist): 141 149 2.7777244093010265
list:
dist: 2.7777244093010265 vs. 2.7777244093010265
--------
nle(id0,id1,dist): 141 148 2.7806662798402293
list:
dist: 2.7806662798402293 vs. 2.7806662798402293
--------
nle(id0,id1,dist): 139 145 2.490720995990627
list:
dist: 2.490720995990627 vs. 2.490720995990627
--------
nle(id0,id1,dist): 139 142 1.7692080551549292
list:
dist: 1.7692080551549292 vs. 1.7692080551549292
--------
nle(id0,id1,dist): 139 143 1.336719385013912
list:
dist: 1.336719385013912 vs. 1.336719385013912
--------
nle(id0,id1,dist): 139 140 1.6020311167229324
list:
dist: 1.6020311167229324 vs. 1.6020311167229324
--------
nle(id0,id1,dist): 139 141 1.3250864866523229
list:
dist: 1.3250864866523229 vs. 1.3250864866523229
--------
nle(id0,id1,dist): 139 148 1.7099270467291727
list:
dist: 1.7099270467291727 vs. 1.7099270467291727
--------
nle(id0,id1,dist): 139 149 1.4804315754105821
list:
dist: 1.4804315754105821 vs. 1.4804315754105821
--------
nle(id0,id1,dist): 139 146 2.634717753957108
list:
dist: 2.634717753957108 vs. 2.634717753957108
--------
nle(id0,id1,dist): 140 145 1.626890883911723
list:
dist: 1.626890883911723 vs. 1.626890883911723
--------
nle(id0,id1,dist): 140 146 2.221124465731329
list:
dist: 2.221124465731329 vs. 2.221124465731329
--------
nle(id0,id1,dist): 140 147 2.487356763157529
list:
dist: 2.487356763157529 vs. 2.487356763157529
--------
nle(id0,id1,dist): 140 148 1.0883880606591674
list:
dist: 1.0883880606591674 vs. 1.0883880606591674
--------
nle(id0,id1,dist): 140 141 2.411256201824035
list:
dist: 2.411256201824035 vs. 2.411256201824035
--------
nle(id0,id1,dist): 140 142 0.8677056557816928
list:
dist: 0.8677056557816928 vs. 0.8677056557816928
--------
nle(id0,id1,dist): 140 143 1.7884831826930376
list:
dist: 1.7884831826930376 vs. 1.7884831826930376
--------
nle(id0,id1,dist): 140 144 1.9649859682256272
list:
dist: 1.9649859682256272 vs. 1.9649859682256272
--------
nle(id0,id1,dist): 138 141 2.734091285658684
list:
dist: 2.734091285658684 vs. 2.734091285658684
--------
nle(id0,id1,dist): 138 142 1.199066036636056
list:
dist: 1.199066036636056 vs. 1.199066036636056
--------
nle(id0,id1,dist): 138 139 1.6815455859873472
list:
dist: 1.6815455859873472 vs. 1.6815455859873472
--------
nle(id0,id1,dist): 138 140 0.7326993370248287
list:
dist: 0.7326993370248287 vs. 0.7326993370248287
--------
nle(id0,id1,dist): 138 149 1.4061897372089622
list:
dist: 1.4061897372089622 vs. 1.4061897372089622
--------
nle(id0,id1,dist): 138 148 0.4127659233782186
list:
dist: 0.4127659233782186 vs. 0.4127659233782186
--------
nle(id0,id1,dist): 138 147 1.9582846007432368
list:
dist: 1.9582846007432368 vs. 1.9582846007432368
--------
nle(id0,id1,dist): 138 146 1.5004334029083666
list:
dist: 1.5004334029083666 vs. 1.5004334029083666
--------
nle(id0,id1,dist): 138 145 0.974780884023034
list:
dist: 0.974780884023034 vs. 0.974780884023034
--------
nle(id0,id1,dist): 138 144 2.031774882920171
list:
dist: 2.031774882920171 vs. 2.031774882920171
--------
nle(id0,id1,dist): 138 143 1.5821879579505755
list:
dist: 1.5821879579505755 vs. 1.5821879579505755
--------
nle(id0,id1,dist): 137 145 1.2434661569043726
list:
dist: 1.2434661569043726 vs. 1.2434661569043726
--------
nle(id0,id1,dist): 137 146 1.528687841707801
list:
dist: 1.528687841707801 vs. 1.528687841707801
--------
nle(id0,id1,dist): 137 147 2.0139762096616463
list:
dist: 2.0139762096616463 vs. 2.0139762096616463
--------
nle(id0,id1,dist): 137 140 1.5490436867106674
list:
dist: 1.5490436867106674 vs. 1.5490436867106674
--------
nle(id0,id1,dist): 137 141 3.2827831100917435
list:
dist: 3.2827831100917435 vs. 3.2827831100917435
--------
nle(id0,id1,dist): 137 142 1.1254872575351584
list:
dist: 1.1254872575351584 vs. 1.1254872575351584
--------
nle(id0,id1,dist): 137 143 1.021375383439107
list:
dist: 1.021375383439107 vs. 1.021375383439107
--------
nle(id0,id1,dist): 137 138 1.231358240482838
list:
dist: 1.231358240482838 vs. 1.231358240482838
--------
nle(id0,id1,dist): 137 139 2.034973870330447
list:
dist: 2.034973870330447 vs. 2.034973870330447
--------
nle(id0,id1,dist): 137 149 1.2912700126887964
list:
dist: 1.2912700126887964 vs. 1.2912700126887964
--------
nle(id0,id1,dist): 137 148 1.4173014267419173
list:
dist: 1.4173014267419173 vs. 1.4173014267419173
--------
nle(id0,id1,dist): 136 147 0.9808914039605714
list:
dist: 0.9808914039605714 vs. 0.9808914039605714
--------
nle(id0,id1,dist): 136 148 1.5152727436745836
list:
dist: 1.5152727436745836 vs. 1.5152727436745836
--------
nle(id0,id1,dist): 136 145 1.050836312532609
list:
dist: 1.050836312532609 vs. 1.050836312532609
--------
nle(id0,id1,dist): 136 146 1.598549360811483
list:
dist: 1.598549360811483 vs. 1.598549360811483
--------
nle(id0,id1,dist): 136 149 2.5458839599513974
list:
dist: 2.5458839599513974 vs. 2.5458839599513974
--------
nle(id0,id1,dist): 136 139 3.192787665582523
list:
dist: 3.192787665582523 vs. 3.192787665582523
--------
nle(id0,id1,dist): 136 140 1.9876755769183618
list:
dist: 1.9876755769183618 vs. 1.9876755769183618
--------
nle(id0,id1,dist): 136 137 2.1851508160662285
list:
dist: 2.1851508160662285 vs. 2.1851508160662285
--------
nle(id0,id1,dist): 136 138 1.542011465335722
list:
dist: 1.542011465335722 vs. 1.542011465335722
--------
nle(id0,id1,dist): 136 143 2.9203762203890085
list:
dist: 2.9203762203890085 vs. 2.9203762203890085
--------
nle(id0,id1,dist): 136 144 1.451600159742859
list:
dist: 1.451600159742859 vs. 1.451600159742859
--------
nle(id0,id1,dist): 136 141 4.152473207171253
list:
dist: 4.152473207171253 vs. 4.152473207171253
--------
nle(id0,id1,dist): 136 142 2.4040391670564647
list:
dist: 2.4040391670564647 vs. 2.4040391670564647
--------
nle(id0,id1,dist): 135 142 2.2990618523450985
list:
dist: 2.2990618523450985 vs. 2.2990618523450985
--------
nle(id0,id1,dist): 135 144 0.9843465448582619
list:
dist: 0.9843465448582619 vs. 0.9843465448582619
--------
nle(id0,id1,dist): 135 145 2.2611057272001815
list:
dist: 2.2611057272001815 vs. 2.2611057272001815
--------
nle(id0,id1,dist): 135 147 2.4887311951552693
list:
dist: 2.4887311951552693 vs. 2.4887311951552693
--------
nle(id0,id1,dist): 135 148 2.1464779681183708
list:
dist: 2.1464779681183708 vs. 2.1464779681183708
--------
nle(id0,id1,dist): 134 149 2.0930845721438316
list:
dist: 2.0930845721438316 vs. 2.0930845721438316
--------
nle(id0,id1,dist): 134 148 2.1999593315197665
list:
dist: 2.1999593315197665 vs. 2.1999593315197665
--------
nle(id0,id1,dist): 135 140 1.7285271236753246
list:
dist: 1.7285271236753246 vs. 1.7285271236753246
--------
nle(id0,id1,dist): 135 141 3.74769689935937
list:
dist: 3.74769689935937 vs. 3.74769689935937
--------
nle(id0,id1,dist): 135 138 1.9433258695353874
list:
dist: 1.9433258695353874 vs. 1.9433258695353874
--------
nle(id0,id1,dist): 135 136 1.68427170820377
list:
dist: 1.68427170820377 vs. 1.68427170820377
--------
nle(id0,id1,dist): 134 136 3.4085667015119716
list:
dist: 3.4085667015119716 vs. 3.4085667015119716
--------
nle(id0,id1,dist): 134 137 1.8595003469271503
list:
dist: 1.8595003469271503 vs. 1.8595003469271503
--------
nle(id0,id1,dist): 134 138 1.9389411724091425
list:
dist: 1.9389411724091425 vs. 1.9389411724091425
--------
nle(id0,id1,dist): 134 143 1.4183877704025452
list:
dist: 1.4183877704025452 vs. 1.4183877704025452
--------
nle(id0,id1,dist): 134 145 2.7177873909898804
list:
dist: 2.7177873909898804 vs. 2.7177873909898804
--------
nle(id0,id1,dist): 134 146 3.0725633417119655
list:
dist: 3.0725633417119655 vs. 3.0725633417119655
--------
nle(id0,id1,dist): 134 139 1.2348317303879757
list:
dist: 1.2348317303879757 vs. 1.2348317303879757
--------
nle(id0,id1,dist): 134 140 1.5486600162768547
list:
dist: 1.5486600162768547 vs. 1.5486600162768547
--------
nle(id0,id1,dist): 134 141 1.8985573346058637
list:
dist: 1.8985573346058637 vs. 1.8985573346058637
--------
nle(id0,id1,dist): 134 142 1.1711088849218478
list:
dist: 1.1711088849218478 vs. 1.1711088849218478
--------
nle(id0,id1,dist): 133 135 1.173319116775238
list:
dist: 1.173319116775238 vs. 1.173319116775238
--------
nle(id0,id1,dist): 133 138 2.1841708620131857
list:
dist: 2.1841708620131857 vs. 2.1841708620131857
--------
nle(id0,id1,dist): 133 136 2.0514653088688943
list:
dist: 2.0514653088688943 vs. 2.0514653088688943
--------
nle(id0,id1,dist): 133 142 1.9939753975908552
list:
dist: 1.9939753975908552 vs. 1.9939753975908552
--------
nle(id0,id1,dist): 133 140 1.8944165753890412
list:
dist: 1.8944165753890412 vs. 1.8944165753890412
--------
nle(id0,id1,dist): 133 141 4.130683138357287
list:
dist: 4.130683138357287 vs. 4.130683138357287
--------
nle(id0,id1,dist): 133 147 2.44537000765534
list:
dist: 2.44537000765534 vs. 2.44537000765534
--------
nle(id0,id1,dist): 133 144 0.7042454548125227
list:
dist: 0.7042454548125227 vs. 0.7042454548125227
--------
nle(id0,id1,dist): 133 145 2.3691387165399242
list:
dist: 2.3691387165399242 vs. 2.3691387165399242
--------
nle(id0,id1,dist): 133 148 2.5156899227644303
list:
dist: 2.5156899227644303 vs. 2.5156899227644303
--------
nle(id0,id1,dist): 132 134 1.391492264954917
list:
dist: 1.391492264954917 vs. 1.391492264954917
--------
nle(id0,id1,dist): 132 133 2.450150669530321
list:
dist: 2.450150669530321 vs. 2.450150669530321
--------
nle(id0,id1,dist): 132 136 3.6238948726580955
list:
dist: 3.6238948726580955 vs. 3.6238948726580955
--------
nle(id0,id1,dist): 132 135 3.0486785082255294
list:
dist: 3.0486785082255294 vs. 3.0486785082255294
--------
nle(id0,id1,dist): 132 138 2.5352996052242633
list:
dist: 2.5352996052242633 vs. 2.5352996052242633
--------
nle(id0,id1,dist): 132 137 2.3064867444443267
list:
dist: 2.3064867444443267 vs. 2.3064867444443267
--------
nle(id0,id1,dist): 132 140 1.9890133256268083
list:
dist: 1.9890133256268083 vs. 1.9890133256268083
--------
nle(id0,id1,dist): 132 139 2.5577999890790886
list:
dist: 2.5577999890790886 vs. 2.5577999890790886
--------
nle(id0,id1,dist): 132 141 3.0323926105318084
list:
dist: 3.0323926105318084 vs. 3.0323926105318084
--------
nle(id0,id1,dist): 132 142 1.3706594299315291
list:
dist: 1.3706594299315291 vs. 1.3706594299315291
--------
nle(id0,id1,dist): 132 143 2.414957363351652
list:
dist: 2.414957363351652 vs. 2.414957363351652
--------
nle(id0,id1,dist): 132 144 2.9726885595246815
list:
dist: 2.9726885595246815 vs. 2.9726885595246815
--------
nle(id0,id1,dist): 132 145 3.150534646696622
list:
dist: 3.150534646696622 vs. 3.150534646696622
--------
nle(id0,id1,dist): 132 146 3.7113449476099136
list:
dist: 3.7113449476099136 vs. 3.7113449476099136
--------
nle(id0,id1,dist): 132 148 2.920739411257819
list:
dist: 2.920739411257819 vs. 2.920739411257819
--------
nle(id0,id1,dist): 132 149 3.1265255829324077
list:
dist: 3.1265255829324077 vs. 3.1265255829324077
--------
nle(id0,id1,dist): 131 146 3.039777398031597
list:
dist: 3.039777398031597 vs. 3.039777398031597
--------
nle(id0,id1,dist): 131 149 2.593322130412885
list:
dist: 2.593322130412885 vs. 2.593322130412885
--------
nle(id0,id1,dist): 131 148 1.9403792071223018
list:
dist: 1.9403792071223018 vs. 1.9403792071223018
--------
nle(id0,id1,dist): 131 142 1.0150087572956432
list:
dist: 1.0150087572956432 vs. 1.0150087572956432
--------
nle(id0,id1,dist): 131 143 2.237564329491696
list:
dist: 2.237564329491696 vs. 2.237564329491696
--------
nle(id0,id1,dist): 131 144 2.20221124374695
list:
dist: 2.20221124374695 vs. 2.20221124374695
--------
nle(id0,id1,dist): 131 145 2.4138692242056816
list:
dist: 2.4138692242056816 vs. 2.4138692242056816
--------
nle(id0,id1,dist): 131 138 1.58002307912752
list:
dist: 1.58002307912752 vs. 1.58002307912752
--------
nle(id0,id1,dist): 131 139 1.9104242961203126
list:
dist: 1.9104242961203126 vs. 1.9104242961203126
--------
nle(id0,id1,dist): 131 140 0.8549258880151483
list:
dist: 0.8549258880151483 vs. 0.8549258880151483
--------
nle(id0,id1,dist): 131 141 2.3547998683934264
list:
dist: 2.3547998683934264 vs. 2.3547998683934264
--------
nle(id0,id1,dist): 131 134 1.386133931874977
list:
dist: 1.386133931874977 vs. 1.386133931874977
--------
nle(id0,id1,dist): 131 135 1.912864965840872
list:
dist: 1.912864965840872 vs. 1.912864965840872
--------
nle(id0,id1,dist): 131 136 2.6797471417500622
list:
dist: 2.6797471417500622 vs. 2.6797471417500622
--------
nle(id0,id1,dist): 131 137 2.0879767690602473
list:
dist: 2.0879767690602473 vs. 2.0879767690602473
--------
nle(id0,id1,dist): 131 132 1.40849200694155
list:
dist: 1.40849200694155 vs. 1.40849200694155
--------
nle(id0,id1,dist): 131 133 1.853584490912358
list:
dist: 1.853584490912358 vs. 1.853584490912358
--------
nle(id0,id1,dist): 130 149 2.8485419160411714
list:
dist: 2.8485419160411714 vs. 2.8485419160411714
--------
nle(id0,id1,dist): 130 147 2.824354250741807
list:
dist: 2.824354250741807 vs. 2.824354250741807
--------
nle(id0,id1,dist): 130 148 2.2553352643351663
list:
dist: 2.2553352643351663 vs. 2.2553352643351663
--------
nle(id0,id1,dist): 130 145 2.3293520027394647
list:
dist: 2.3293520027394647 vs. 2.3293520027394647
--------
nle(id0,id1,dist): 130 146 3.0251722841201634
list:
dist: 3.0251722841201634 vs. 3.0251722841201634
--------
nle(id0,id1,dist): 130 143 2.395694290450953
list:
dist: 2.395694290450953 vs. 2.395694290450953
--------
nle(id0,id1,dist): 130 144 1.8110843836619988
list:
dist: 1.8110843836619988 vs. 1.8110843836619988
--------
nle(id0,id1,dist): 130 141 3.2874278755459354
list:
dist: 3.2874278755459354 vs. 3.2874278755459354
--------
nle(id0,id1,dist): 130 142 0.962059234590482
list:
dist: 0.962059234590482 vs. 0.962059234590482
--------
nle(id0,id1,dist): 130 139 2.6072128056494446
list:
dist: 2.6072128056494446 vs. 2.6072128056494446
--------
nle(id0,id1,dist): 130 140 1.3508435773535525
list:
dist: 1.3508435773535525 vs. 1.3508435773535525
--------
nle(id0,id1,dist): 130 137 1.88259596825463
list:
dist: 1.88259596825463 vs. 1.88259596825463
--------
nle(id0,id1,dist): 130 138 1.8428595229623213
list:
dist: 1.8428595229623213 vs. 1.8428595229623213
--------
nle(id0,id1,dist): 130 135 1.9995327532240543
list:
dist: 1.9995327532240543 vs. 1.9995327532240543
--------
nle(id0,id1,dist): 130 136 2.5831655447968007
list:
dist: 2.5831655447968007 vs. 2.5831655447968007
--------
nle(id0,id1,dist): 130 132 1.1625749842193334
list:
dist: 1.1625749842193334 vs. 1.1625749842193334
--------
nle(id0,id1,dist): 130 131 1.022318076806007
list:
dist: 1.022318076806007 vs. 1.022318076806007
--------
nle(id0,id1,dist): 130 134 1.8270478625747457
list:
dist: 1.8270478625747457 vs. 1.8270478625747457
--------
nle(id0,id1,dist): 130 133 1.3285660986354972
list:
dist: 1.3285660986354972 vs. 1.3285660986354972
--------
nle(id0,id1,dist): 129 148 0.9478405217680946
list:
dist: 0.9478405217680946 vs. 0.9478405217680946
--------
nle(id0,id1,dist): 129 149 1.8472753563398034
list:
dist: 1.8472753563398034 vs. 1.8472753563398034
--------
nle(id0,id1,dist): 129 140 0.5069722428146014
list:
dist: 0.5069722428146014 vs. 0.5069722428146014
--------
nle(id0,id1,dist): 129 141 2.172611769834299
list:
dist: 2.172611769834299 vs. 2.172611769834299
--------
nle(id0,id1,dist): 129 142 1.3248874826359596
list:
dist: 1.3248874826359596 vs. 1.3248874826359596
--------
nle(id0,id1,dist): 129 143 1.91274983559575
list:
dist: 1.91274983559575 vs. 1.91274983559575
--------
nle(id0,id1,dist): 129 144 2.2215921420628018
list:
dist: 2.2215921420628018 vs. 2.2215921420628018
--------
nle(id0,id1,dist): 129 145 1.71458817863831
list:
dist: 1.71458817863831 vs. 1.71458817863831
--------
nle(id0,id1,dist): 129 146 2.2106561921761063
list:
dist: 2.2106561921761063 vs. 2.2106561921761063
--------
nle(id0,id1,dist): 129 147 2.632124898756478
list:
dist: 2.632124898756478 vs. 2.632124898756478
--------
nle(id0,id1,dist): 129 135 1.8078556313782688
list:
dist: 1.8078556313782688 vs. 1.8078556313782688
--------
nle(id0,id1,dist): 129 134 1.7534772921254118
list:
dist: 1.7534772921254118 vs. 1.7534772921254118
--------
nle(id0,id1,dist): 129 133 2.243561315797143
list:
dist: 2.243561315797143 vs. 2.243561315797143
--------
nle(id0,id1,dist): 129 132 2.4099963035609866
list:
dist: 2.4099963035609866 vs. 2.4099963035609866
--------
nle(id0,id1,dist): 129 139 1.4410895313275731
list:
dist: 1.4410895313275731 vs. 1.4410895313275731
--------
nle(id0,id1,dist): 129 138 0.7668131237288971
list:
dist: 0.7668131237288971 vs. 0.7668131237288971
--------
nle(id0,id1,dist): 129 137 1.8347628387212427
list:
dist: 1.8347628387212427 vs. 1.8347628387212427
--------
nle(id0,id1,dist): 129 136 2.0198094833664935
list:
dist: 2.0198094833664935 vs. 2.0198094833664935
--------
nle(id0,id1,dist): 129 131 1.1719734382541223
list:
dist: 1.1719734382541223 vs. 1.1719734382541223
--------
nle(id0,id1,dist): 129 130 1.8406290284624944
list:
dist: 1.8406290284624944 vs. 1.8406290284624944
--------
nle(id0,id1,dist): 128 148 1.2736755532729187
list:
dist: 1.2736755532729187 vs. 1.2736755532729187
--------
nle(id0,id1,dist): 128 145 2.2003052668091865
list:
dist: 2.2003052668091865 vs. 2.2003052668091865
--------
nle(id0,id1,dist): 128 146 2.425267939207072
list:
dist: 2.425267939207072 vs. 2.425267939207072
--------
nle(id0,id1,dist): 128 149 1.8089878415582639
list:
dist: 1.8089878415582639 vs. 1.8089878415582639
--------
nle(id0,id1,dist): 128 134 2.0808749050030912
list:
dist: 2.0808749050030912 vs. 2.0808749050030912
--------
nle(id0,id1,dist): 128 135 2.5347839167270223
list:
dist: 2.5347839167270223 vs. 2.5347839167270223
--------
nle(id0,id1,dist): 128 136 2.562180522363383
list:
dist: 2.562180522363383 vs. 2.562180522363383
--------
nle(id0,id1,dist): 128 129 0.9257283838484504
list:
dist: 0.9257283838484504 vs. 0.9257283838484504
--------
nle(id0,id1,dist): 128 131 1.9242342792095855
list:
dist: 1.9242342792095855 vs. 1.9242342792095855
--------
nle(id0,id1,dist): 128 141 1.7201495830480842
list:
dist: 1.7201495830480842 vs. 1.7201495830480842
--------
nle(id0,id1,dist): 128 142 2.073276751369858
list:
dist: 2.073276751369858 vs. 2.073276751369858
--------
nle(id0,id1,dist): 128 143 2.09415268729631
list:
dist: 2.09415268729631 vs. 2.09415268729631
--------
nle(id0,id1,dist): 128 144 3.0606155391708034
list:
dist: 3.0606155391708034 vs. 3.0606155391708034
--------
nle(id0,id1,dist): 128 137 2.3656841689377477
list:
dist: 2.3656841689377477 vs. 2.3656841689377477
--------
nle(id0,id1,dist): 128 138 1.3786241754242865
list:
dist: 1.3786241754242865 vs. 1.3786241754242865
--------
nle(id0,id1,dist): 128 139 1.1785786479160154
list:
dist: 1.1785786479160154 vs. 1.1785786479160154
--------
nle(id0,id1,dist): 128 140 1.3982470582539404
list:
dist: 1.3982470582539404 vs. 1.3982470582539404
--------
nle(id0,id1,dist): 127 140 1.2602077280364448
list:
dist: 1.2602077280364448 vs. 1.2602077280364448
--------
nle(id0,id1,dist): 127 141 2.95941316864036
list:
dist: 2.95941316864036 vs. 2.95941316864036
--------
nle(id0,id1,dist): 127 138 1.8720409548862218
list:
dist: 1.8720409548862218 vs. 1.8720409548862218
--------
nle(id0,id1,dist): 127 136 2.4475849303745667
list:
dist: 2.4475849303745667 vs. 2.4475849303745667
--------
nle(id0,id1,dist): 127 135 1.1718798890057
list:
dist: 1.1718798890057 vs. 1.1718798890057
--------
nle(id0,id1,dist): 127 148 2.1952047091163824
list:
dist: 2.1952047091163824 vs. 2.1952047091163824
--------
nle(id0,id1,dist): 127 144 1.6840970883602067
list:
dist: 1.6840970883602067 vs. 1.6840970883602067
--------
nle(id0,id1,dist): 127 145 2.561263299118055
list:
dist: 2.561263299118055 vs. 2.561263299118055
--------
nle(id0,id1,dist): 127 142 1.692821880697132
list:
dist: 1.692821880697132 vs. 1.692821880697132
--------
nle(id0,id1,dist): 127 133 1.345067601398342
list:
dist: 1.345067601398342 vs. 1.345067601398342
--------
nle(id0,id1,dist): 127 132 2.0811084425063355
list:
dist: 2.0811084425063355 vs. 2.0811084425063355
--------
nle(id0,id1,dist): 127 131 0.9166113587945773
list:
dist: 0.9166113587945773 vs. 0.9166113587945773
--------
nle(id0,id1,dist): 127 130 1.3119475911013772
list:
dist: 1.3119475911013772 vs. 1.3119475911013772
--------
nle(id0,id1,dist): 127 129 1.4606881281936581
list:
dist: 1.4606881281936581 vs. 1.4606881281936581
--------
nle(id0,id1,dist): 127 128 2.2475417979372776
list:
dist: 2.2475417979372776 vs. 2.2475417979372776
--------
nle(id0,id1,dist): 126 140 1.6602158002195224
list:
dist: 1.6602158002195224 vs. 1.6602158002195224
--------
nle(id0,id1,dist): 126 141 3.040844797753534
list:
dist: 3.040844797753534 vs. 3.040844797753534
--------
nle(id0,id1,dist): 126 142 2.0359623167763052
list:
dist: 2.0359623167763052 vs. 2.0359623167763052
--------
nle(id0,id1,dist): 126 144 2.007572024733765
list:
dist: 2.007572024733765 vs. 2.007572024733765
--------
nle(id0,id1,dist): 126 145 3.0160766126981287
list:
dist: 3.0160766126981287 vs. 3.0160766126981287
--------
nle(id0,id1,dist): 126 148 2.622520348835038
list:
dist: 2.622520348835038 vs. 2.622520348835038
--------
nle(id0,id1,dist): 126 128 2.5345602626646198
list:
dist: 2.5345602626646198 vs. 2.5345602626646198
--------
nle(id0,id1,dist): 126 127 0.45494659538554305
list:
dist: 0.45494659538554305 vs. 0.45494659538554305
--------
nle(id0,id1,dist): 126 130 1.5599420633182222
list:
dist: 1.5599420633182222 vs. 1.5599420633182222
--------
nle(id0,id1,dist): 126 129 1.8280962814241377
list:
dist: 1.8280962814241377 vs. 1.8280962814241377
--------
nle(id0,id1,dist): 126 132 2.16478271130734
list:
dist: 2.16478271130734 vs. 2.16478271130734
--------
nle(id0,id1,dist): 126 131 1.1440776353617363
list:
dist: 1.1440776353617363 vs. 1.1440776353617363
--------
nle(id0,id1,dist): 126 133 1.59118521593422
list:
dist: 1.59118521593422 vs. 1.59118521593422
--------
nle(id0,id1,dist): 126 136 2.8722628082582213
list:
dist: 2.8722628082582213 vs. 2.8722628082582213
--------
nle(id0,id1,dist): 126 135 1.449659001820522
list:
dist: 1.449659001820522 vs. 1.449659001820522
--------
nle(id0,id1,dist): 126 138 2.3056913348592913
list:
dist: 2.3056913348592913 vs. 2.3056913348592913
--------
nle(id0,id1,dist): 125 146 3.701974454995072
list:
dist: 3.701974454995072 vs. 3.701974454995072
--------
nle(id0,id1,dist): 125 144 3.381503891203326
list:
dist: 3.381503891203326 vs. 3.381503891203326
--------
nle(id0,id1,dist): 125 145 3.2797352436732927
list:
dist: 3.2797352436732927 vs. 3.2797352436732927
--------
nle(id0,id1,dist): 125 148 2.4393790925088594
list:
dist: 2.4393790925088594 vs. 2.4393790925088594
--------
nle(id0,id1,dist): 125 149 3.0133752207631272
list:
dist: 3.0133752207631272 vs. 3.0133752207631272
--------
nle(id0,id1,dist): 125 131 1.6704595239954043
list:
dist: 1.6704595239954043 vs. 1.6704595239954043
--------
nle(id0,id1,dist): 125 130 2.690719241501593
list:
dist: 2.690719241501593 vs. 2.690719241501593
--------
nle(id0,id1,dist): 125 129 1.5695621164891478
list:
dist: 1.5695621164891478 vs. 1.5695621164891478
--------
nle(id0,id1,dist): 125 128 1.4441290373419742
list:
dist: 1.4441290373419742 vs. 1.4441290373419742
--------
nle(id0,id1,dist): 125 135 2.663926741455781
list:
dist: 2.663926741455781 vs. 2.663926741455781
--------
nle(id0,id1,dist): 125 134 2.106866941281047
list:
dist: 2.106866941281047 vs. 2.106866941281047
--------
nle(id0,id1,dist): 125 133 3.2097180563275565
list:
dist: 3.2097180563275565 vs. 3.2097180563275565
--------
nle(id0,id1,dist): 125 132 2.792687757647328
list:
dist: 2.792687757647328 vs. 2.792687757647328
--------
nle(id0,id1,dist): 125 139 1.7980646795923767
list:
dist: 1.7980646795923767 vs. 1.7980646795923767
--------
nle(id0,id1,dist): 125 138 2.323953252488491
list:
dist: 2.323953252488491 vs. 2.323953252488491
--------
nle(id0,id1,dist): 125 137 3.2067083848128304
list:
dist: 3.2067083848128304 vs. 3.2067083848128304
--------
nle(id0,id1,dist): 125 136 3.4666808058829446
list:
dist: 3.4666808058829446 vs. 3.4666808058829446
--------
nle(id0,id1,dist): 125 143 2.930822305294368
list:
dist: 2.930822305294368 vs. 2.930822305294368
--------
nle(id0,id1,dist): 125 142 2.405579415647498
list:
dist: 2.405579415647498 vs. 2.405579415647498
--------
nle(id0,id1,dist): 125 141 1.3153211723773501
list:
dist: 1.3153211723773501 vs. 1.3153211723773501
--------
nle(id0,id1,dist): 125 140 1.8340054713175695
list:
dist: 1.8340054713175695 vs. 1.8340054713175695
2. Check the NeighborList query for coordinates against the neighbor list for consistency
list:
dist: 1.2301685072501571 vs. 1.2301685072501571
list:
dist: 1.4694315633798174 vs. 1.4694315633798174
list:
dist: 0.6079101503030399 vs. 0.6079101503030399
list:
dist: 1.4834694821133412 vs. 1.4834694821133412
list:
dist: 1.5488594653224186 vs. 1.5488594653224186
list:
dist: 1.366475675941513 vs. 1.366475675941513
list:
dist: 2.7002310810015917 vs. 2.7002310810015917
list:
dist: 1.7469782141516905 vs. 1.7469782141516905
list:
dist: 2.0774423388139356 vs. 2.0774423388139356
list:
dist: 1.9193670333872495 vs. 1.9193670333872495
list:
dist: 1.5781145112778505 vs. 1.5781145112778505
list:
dist: 0.8445918640291245 vs. 0.8445918640291245
list:
dist: 1.8222920112338894 vs. 1.8222920112338894
list:
dist: 1.8579289801624115 vs. 1.8579289801624115
list:
dist: 1.244088035327442 vs. 1.244088035327442
list:
dist: 2.495772924293432 vs. 2.495772924293432
list:
dist: 1.490970201529691 vs. 1.490970201529691
list:
dist: 3.2786946724703734 vs. 3.2786946724703734
list:
dist: 2.6540511452277724 vs. 2.6540511452277724
list:
dist: 3.02899793467908 vs. 3.02899793467908
list:
dist: 2.5892239142568694 vs. 2.5892239142568694
list:
dist: 1.5488594653224186 vs. 1.5488594653224186
list:
dist: 0.7511765331528817 vs. 0.7511765331528817
list:
dist: 0.5402757239547078 vs. 0.5402757239547078
list:
dist: 1.5432117611019074 vs. 1.5432117611019074
list:
dist: 0.9492896512137979 vs. 0.9492896512137979
list:
dist: 1.49541518198952 vs. 1.49541518198952
list:
dist: 2.139999747815304 vs. 2.139999747815304
list:
dist: 1.2842944021655198 vs. 1.2842944021655198
list:
dist: 0.9878829837761162 vs. 0.9878829837761162
list:
dist: 0.7153119412949891 vs. 0.7153119412949891
list:
dist: 2.574224555909131 vs. 2.574224555909131
list:
dist: 2.2116825611073363 vs. 2.2116825611073363
list:
dist: 2.491221211389334 vs. 2.491221211389334
list:
dist: 2.269219036655708 vs. 2.269219036655708
list:
dist: 1.5343133584349202 vs. 1.5343133584349202
list:
dist: 2.5665997870255817 vs. 2.5665997870255817
list:
dist: 1.8681295807013567 vs. 1.8681295807013567
list:
dist: 3.5022830199049806 vs. 3.5022830199049806
list:
dist: 2.9158435503757247 vs. 2.9158435503757247
list:
dist: 2.870231284503015 vs. 2.870231284503015
list:
dist: 2.776129461590913 vs. 2.776129461590913
list:
dist: 1.4694315633798174 vs. 1.4694315633798174
list:
dist: 0.3058362438565541 vs. 0.3058362438565541
list:
dist: 1.257259853450988 vs. 1.257259853450988
list:
dist: 1.4045083102091773 vs. 1.4045083102091773
list:
dist: 0.5402757239547078 vs. 0.5402757239547078
list:
dist: 1.5460191382237392 vs. 1.5460191382237392
list:
dist: 1.6800642703429196 vs. 1.6800642703429196
list:
dist: 0.8007368355087832 vs. 0.8007368355087832
list:
dist: 0.8537003198307905 vs. 0.8537003198307905
list:
dist: 0.9242795246084344 vs. 0.9242795246084344
list:
dist: 2.6510363423613073 vs. 2.6510363423613073
list:
dist: 2.2393444290948104 vs. 2.2393444290948104
list:
dist: 2.234471300577587 vs. 2.234471300577587
list:
dist: 2.038480130336513 vs. 2.038480130336513
list:
dist: 1.5574810331747835 vs. 1.5574810331747835
list:
dist: 2.1086089889856114 vs. 2.1086089889856114
list:
dist: 1.3900645735365458 vs. 1.3900645735365458
list:
dist: 3.1946690957009873 vs. 3.1946690957009873
list:
dist: 2.557457614932952 vs. 2.557457614932952
list:
dist: 2.516959099645415 vs. 2.516959099645415
list:
dist: 2.36429461899746 vs. 2.36429461899746
list:
dist: 2.0774423388139356 vs. 2.0774423388139356
list:
dist: 1.0422481933202923 vs. 1.0422481933202923
list:
dist: 0.8537003198307905 vs. 0.8537003198307905
list:
dist: 1.8356319823916634 vs. 1.8356319823916634
list:
dist: 1.7747523883278113 vs. 1.7747523883278113
list:
dist: 0.9878829837761162 vs. 0.9878829837761162
list:
dist: 1.5165046161899272 vs. 1.5165046161899272
list:
dist: 1.4208427210237211 vs. 1.4208427210237211
list:
dist: 0.8606169410645307 vs. 0.8606169410645307
list:
dist: 0.596921304954085 vs. 0.596921304954085
list:
dist: 2.002512246161953 vs. 2.002512246161953
list:
dist: 4.802049714503892 vs. 4.802049714503892
list:
dist: 2.860760157109191 vs. 2.860760157109191
list:
dist: 2.7269647293571864 vs. 2.7269647293571864
list:
dist: 2.2097756415992813 vs. 2.2097756415992813
list:
dist: 1.8953255486945326 vs. 1.8953255486945326
list:
dist: 1.5966985025422926 vs. 1.5966985025422926
list:
dist: 1.9474686958495706 vs. 1.9474686958495706
list:
dist: 1.72116853879384 vs. 1.72116853879384
list:
dist: 2.813136673217289 vs. 2.813136673217289
list:
dist: 2.2973341308717505 vs. 2.2973341308717505
list:
dist: 2.045394690121609 vs. 2.045394690121609
list:
dist: 2.1488201496361192 vs. 2.1488201496361192
list:
dist: 3.309441518237421 vs. 3.309441518237421
list:
dist: 4.847464622010194 vs. 4.847464622010194
list:
dist: 4.421901468486532 vs. 4.421901468486532
list:
dist: 4.760475443072964 vs. 4.760475443072964
list:
dist: 0.8445918640291245 vs. 0.8445918640291245
list:
dist: 2.0273747654224454 vs. 2.0273747654224454
list:
dist: 2.2393444290948104 vs. 2.2393444290948104
list:
dist: 1.3505121023943396 vs. 1.3505121023943396
list:
dist: 1.8176920512024817 vs. 1.8176920512024817
list:
dist: 2.2116825611073363 vs. 2.2116825611073363
list:
dist: 1.5690914304043446 vs. 1.5690914304043446
list:
dist: 3.4262515653126333 vs. 3.4262515653126333
list:
dist: 2.487080414903656 vs. 2.487080414903656
list:
dist: 2.7269647293571864 vs. 2.7269647293571864
list:
dist: 2.4720373171129917 vs. 2.4720373171129917
list:
dist: 0.9767356267893956 vs. 0.9767356267893956
list:
dist: 1.9789846252434748 vs. 1.9789846252434748
list:
dist: 2.0854998820879698 vs. 2.0854998820879698
list:
dist: 1.4327717157156765 vs. 1.4327717157156765
list:
dist: 3.0430148339210703 vs. 3.0430148339210703
list:
dist: 2.1696569871584703 vs. 2.1696569871584703
list:
dist: 3.5041695930639936 vs. 3.5041695930639936
list:
dist: 2.9872271269006374 vs. 2.9872271269006374
list:
dist: 3.481195542631416 vs. 3.481195542631416
list:
dist: 3.0282656623661524 vs. 3.0282656623661524
list:
dist: 2.976581430136247 vs. 2.976581430136247
list:
dist: 4.748499652374608 vs. 4.748499652374608
list:
dist: 2.892480370061284 vs. 2.892480370061284
list:
dist: 1.4834694821133412 vs. 1.4834694821133412
list:
dist: 1.472053820387982 vs. 1.472053820387982
list:
dist: 1.4045083102091773 vs. 1.4045083102091773
list:
dist: 1.8175834351709035 vs. 1.8175834351709035
list:
dist: 0.9492896512137979 vs. 0.9492896512137979
list:
dist: 1.4603232751630078 vs. 1.4603232751630078
list:
dist: 3.014249110288482 vs. 3.014249110288482
list:
dist: 2.082098900779556 vs. 2.082098900779556
list:
dist: 1.7747523883278113 vs. 1.7747523883278113
list:
dist: 1.2666905357313623 vs. 1.2666905357313623
list:
dist: 2.124838339807457 vs. 2.124838339807457
list:
dist: 1.8176920512024817 vs. 1.8176920512024817
list:
dist: 2.714482844765031 vs. 2.714482844765031
list:
dist: 2.535322634107506 vs. 2.535322634107506
list:
dist: 1.4874511247536881 vs. 1.4874511247536881
list:
dist: 3.2291737920749393 vs. 3.2291737920749393
list:
dist: 2.451055788064675 vs. 2.451055788064675
list:
dist: 3.9219835958105294 vs. 3.9219835958105294
list:
dist: 3.3945796985359498 vs. 3.3945796985359498
list:
dist: 3.486860460426612 vs. 3.486860460426612
list:
dist: 3.3479934599210726 vs. 3.3479934599210726
list:
dist: 1.8222920112338894 vs. 1.8222920112338894
list:
dist: 2.0291985449522616 vs. 2.0291985449522616
list:
dist: 2.234471300577587 vs. 2.234471300577587
list:
dist: 1.554703714798286 vs. 1.554703714798286
list:
dist: 2.714482844765031 vs. 2.714482844765031
list:
dist: 2.491221211389334 vs. 2.491221211389334
list:
dist: 1.3931001109732262 vs. 1.3931001109732262
list:
dist: 2.3237655291436408 vs. 2.3237655291436408
list:
dist: 1.8084477599842814 vs. 1.8084477599842814
list:
dist: 2.2097756415992813 vs. 2.2097756415992813
list:
dist: 2.322794825265632 vs. 2.322794825265632
list:
dist: 1.792230023233788 vs. 1.792230023233788
list:
dist: 1.9789846252434748 vs. 1.9789846252434748
list:
dist: 0.400532522844099 vs. 0.400532522844099
list:
dist: 1.3095670003591784 vs. 1.3095670003591784
list:
dist: 1.47816031818334 vs. 1.47816031818334
list:
dist: 1.4514740826402617 vs. 1.4514740826402617
list:
dist: 1.5334971075441128 vs. 1.5334971075441128
list:
dist: 1.0620938127228747 vs. 1.0620938127228747
list:
dist: 1.7023058196139549 vs. 1.7023058196139549
list:
dist: 1.2443748710530058 vs. 1.2443748710530058
list:
dist: 1.29291245434444 vs. 1.29291245434444
list:
dist: 2.805151047948527 vs. 2.805151047948527
list:
dist: 1.0801460325762584 vs. 1.0801460325762584
list:
dist: 1.5781145112778505 vs. 1.5781145112778505
list:
dist: 2.4841742207460262 vs. 2.4841742207460262
list:
dist: 2.6510363423613073 vs. 2.6510363423613073
list:
dist: 1.9393422205458979 vs. 1.9393422205458979
list:
dist: 2.124838339807457 vs. 2.124838339807457
list:
dist: 2.574224555909131 vs. 2.574224555909131
list:
dist: 1.3790769026238259 vs. 1.3790769026238259
list:
dist: 3.649593737274655 vs. 3.649593737274655
list:
dist: 2.777454190120566 vs. 2.777454190120566
list:
dist: 2.860760157109191 vs. 2.860760157109191
list:
dist: 2.5689844086999347 vs. 2.5689844086999347
list:
dist: 0.9767356267893956 vs. 0.9767356267893956
list:
dist: 1.792230023233788 vs. 1.792230023233788
list:
dist: 1.8555590106708728 vs. 1.8555590106708728
list:
dist: 1.2773293947431326 vs. 1.2773293947431326
list:
dist: 3.136866367586464 vs. 3.136866367586464
list:
dist: 2.5725514436031656 vs. 2.5725514436031656
list:
dist: 3.1653691805116346 vs. 3.1653691805116346
list:
dist: 2.8272783011859977 vs. 2.8272783011859977
list:
dist: 3.3364608223956913 vs. 3.3364608223956913
list:
dist: 2.997267376848551 vs. 2.997267376848551
list:
dist: 2.9071567487509613 vs. 2.9071567487509613
list:
dist: 4.46378857109485 vs. 4.46378857109485
list:
dist: 2.506645630826436 vs. 2.506645630826436
list:
dist: 1.366475675941513 vs. 1.366475675941513
list:
dist: 1.4685703831625125 vs. 1.4685703831625125
list:
dist: 1.5460191382237392 vs. 1.5460191382237392
list:
dist: 1.4407805124848292 vs. 1.4407805124848292
list:
dist: 1.4603232751630078 vs. 1.4603232751630078
list:
dist: 1.49541518198952 vs. 1.49541518198952
list:
dist: 2.469970712711817 vs. 2.469970712711817
list:
dist: 1.6239541754285287 vs. 1.6239541754285287
list:
dist: 1.5165046161899272 vs. 1.5165046161899272
list:
dist: 1.2708370330822374 vs. 1.2708370330822374
list:
dist: 1.3790769026238259 vs. 1.3790769026238259
list:
dist: 1.5690914304043446 vs. 1.5690914304043446
list:
dist: 1.3931001109732262 vs. 1.3931001109732262
list:
dist: 1.1647906851538885 vs. 1.1647906851538885
list:
dist: 0.1578983620243156 vs. 0.1578983620243156
list:
dist: 2.24137408011668 vs. 2.24137408011668
list:
dist: 1.8180784900686084 vs. 1.8180784900686084
list:
dist: 2.5499330626268533 vs. 2.5499330626268533
list:
dist: 2.1176770604692026 vs. 2.1176770604692026
list:
dist: 2.3424644379111963 vs. 2.3424644379111963
list:
dist: 2.197095167124537 vs. 2.197095167124537
list:
dist: 0.6079101503030399 vs. 0.6079101503030399
list:
dist: 0.959223263487533 vs. 0.959223263487533
list:
dist: 1.257259853450988 vs. 1.257259853450988
list:
dist: 1.8175834351709035 vs. 1.8175834351709035
list:
dist: 1.5432117611019074 vs. 1.5432117611019074
list:
dist: 1.4407805124848292 vs. 1.4407805124848292
list:
dist: 2.1783159388192868 vs. 2.1783159388192868
list:
dist: 1.2939523474705406 vs. 1.2939523474705406
list:
dist: 1.8356319823916634 vs. 1.8356319823916634
list:
dist: 1.8590434072796695 vs. 1.8590434072796695
list:
dist: 1.9393422205458979 vs. 1.9393422205458979
list:
dist: 1.3505121023943396 vs. 1.3505121023943396
list:
dist: 1.554703714798286 vs. 1.554703714798286
list:
dist: 1.5940126362790834 vs. 1.5940126362790834
list:
dist: 1.3276998407311442 vs. 1.3276998407311442
list:
dist: 1.9467005960421044 vs. 1.9467005960421044
list:
dist: 0.8878622196115921 vs. 0.8878622196115921
list:
dist: 2.8999851155800087 vs. 2.8999851155800087
list:
dist: 2.2189004901968534 vs. 2.2189004901968534
list:
dist: 2.5711409024020098 vs. 2.5711409024020098
list:
dist: 2.089218095362376 vs. 2.089218095362376
list:
dist: 1.7469782141516905 vs. 1.7469782141516905
list:
dist: 0.7401359143631265 vs. 0.7401359143631265
list:
dist: 0.8007368355087832 vs. 0.8007368355087832
list:
dist: 1.2939523474705406 vs. 1.2939523474705406
list:
dist: 2.082098900779556 vs. 2.082098900779556
list:
dist: 1.2842944021655198 vs. 1.2842944021655198
list:
dist: 1.6239541754285287 vs. 1.6239541754285287
list:
dist: 0.992755227963905 vs. 0.992755227963905
list:
dist: 0.8606169410645307 vs. 0.8606169410645307
list:
dist: 1.283440950936979 vs. 1.283440950936979
list:
dist: 1.7230669382659323 vs. 1.7230669382659323
list:
dist: 2.777454190120566 vs. 2.777454190120566
list:
dist: 2.487080414903656 vs. 2.487080414903656
list:
dist: 1.8084477599842814 vs. 1.8084477599842814
list:
dist: 1.6094246431987924 vs. 1.6094246431987924
list:
dist: 1.6257873576821258 vs. 1.6257873576821258
list:
dist: 1.3262838367915246 vs. 1.3262838367915246
list:
dist: 0.9046455928872321 vs. 0.9046455928872321
list:
dist: 2.5248554893207875 vs. 2.5248554893207875
list:
dist: 1.8665434555173792 vs. 1.8665434555173792
list:
dist: 1.7833674037752811 vs. 1.7833674037752811
list:
dist: 1.6184568455268478 vs. 1.6184568455268478
list:
dist: 2.8473144916397097 vs. 2.8473144916397097
list:
dist: 1.2301685072501571 vs. 1.2301685072501571
list:
dist: 0.3058362438565541 vs. 0.3058362438565541
list:
dist: 0.959223263487533 vs. 0.959223263487533
list:
dist: 1.472053820387982 vs. 1.472053820387982
list:
dist: 0.7511765331528817 vs. 0.7511765331528817
list:
dist: 1.4685703831625125 vs. 1.4685703831625125
list:
dist: 1.6877142685726152 vs. 1.6877142685726152
list:
dist: 0.7401359143631265 vs. 0.7401359143631265
list:
dist: 1.0422481933202923 vs. 1.0422481933202923
list:
dist: 1.1265229122816964 vs. 1.1265229122816964
list:
dist: 2.4841742207460262 vs. 2.4841742207460262
list:
dist: 2.0273747654224454 vs. 2.0273747654224454
list:
dist: 2.0291985449522616 vs. 2.0291985449522616
list:
dist: 1.8762684774928045 vs. 1.8762684774928045
list:
dist: 1.450394505324103 vs. 1.450394505324103
list:
dist: 1.9691413690411752 vs. 1.9691413690411752
list:
dist: 1.136150021153466 vs. 1.136150021153466
list:
dist: 3.0733278235292185 vs. 3.0733278235292185
list:
dist: 2.4093928917386447 vs. 2.4093928917386447
list:
dist: 2.455108641505719 vs. 2.455108641505719
list:
dist: 2.216219525779689 vs. 2.216219525779689
list:
dist: 1.8579289801624115 vs. 1.8579289801624115
list:
dist: 1.8762684774928045 vs. 1.8762684774928045
list:
dist: 2.038480130336513 vs. 2.038480130336513
list:
dist: 1.5940126362790834 vs. 1.5940126362790834
list:
dist: 2.535322634107506 vs. 2.535322634107506
list:
dist: 2.269219036655708 vs. 2.269219036655708
list:
dist: 1.1647906851538885 vs. 1.1647906851538885
list:
dist: 2.1240617675063587 vs. 2.1240617675063587
list:
dist: 1.6094246431987924 vs. 1.6094246431987924
list:
dist: 1.8953255486945326 vs. 1.8953255486945326
list:
dist: 2.0122179460386547 vs. 2.0122179460386547
list:
dist: 1.8555590106708728 vs. 1.8555590106708728
list:
dist: 2.0854998820879698 vs. 2.0854998820879698
list:
dist: 0.400532522844099 vs. 0.400532522844099
list:
dist: 1.1200981978760456 vs. 1.1200981978760456
list:
dist: 1.406242549269776 vs. 1.406242549269776
list:
dist: 1.4658060409173397 vs. 1.4658060409173397
list:
dist: 1.4728994262329158 vs. 1.4728994262329158
list:
dist: 1.0148586593164937 vs. 1.0148586593164937
list:
dist: 1.4931574842134916 vs. 1.4931574842134916
list:
dist: 1.1936875929164092 vs. 1.1936875929164092
list:
dist: 1.5632575396673658 vs. 1.5632575396673658
list:
dist: 2.8628545452282945 vs. 2.8628545452282945
list:
dist: 1.2617470940076057 vs. 1.2617470940076057
list:
dist: 1.490970201529691 vs. 1.490970201529691
list:
dist: 1.136150021153466 vs. 1.136150021153466
list:
dist: 1.3900645735365458 vs. 1.3900645735365458
list:
dist: 0.8878622196115921 vs. 0.8878622196115921
list:
dist: 2.451055788064675 vs. 2.451055788064675
list:
dist: 1.8681295807013567 vs. 1.8681295807013567
list:
dist: 1.8180784900686084 vs. 1.8180784900686084
list:
dist: 1.467004262464329 vs. 1.467004262464329
list:
dist: 0.9046455928872321 vs. 0.9046455928872321
list:
dist: 1.72116853879384 vs. 1.72116853879384
list:
dist: 2.0155387215405822 vs. 2.0155387215405822
list:
dist: 2.128850725220601 vs. 2.128850725220601
list:
dist: 2.5725514436031656 vs. 2.5725514436031656
list:
dist: 2.1696569871584703 vs. 2.1696569871584703
list:
dist: 1.4514740826402617 vs. 1.4514740826402617
list:
dist: 1.4658060409173397 vs. 1.4658060409173397
list:
dist: 1.7425931492122104 vs. 1.7425931492122104
list:
dist: 1.1536038352321323 vs. 1.1536038352321323
list:
dist: 2.3990129522371633 vs. 2.3990129522371633
list:
dist: 1.6626408619028723 vs. 1.6626408619028723
list:
dist: 1.9265506398119492 vs. 1.9265506398119492
list:
dist: 1.4041293701561852 vs. 1.4041293701561852
list:
dist: 2.690812230503225 vs. 2.690812230503225
list:
dist: 1.911743281810589 vs. 1.911743281810589
list:
dist: 3.4484791379402684 vs. 3.4484791379402684
list:
dist: 2.327321081802457 vs. 2.327321081802457
list:
dist: 3.4369703374508602 vs. 3.4369703374508602
list:
dist: 2.7002310810015917 vs. 2.7002310810015917
list:
dist: 1.6877142685726152 vs. 1.6877142685726152
list:
dist: 1.6800642703429196 vs. 1.6800642703429196
list:
dist: 2.1783159388192868 vs. 2.1783159388192868
list:
dist: 3.014249110288482 vs. 3.014249110288482
list:
dist: 2.139999747815304 vs. 2.139999747815304
list:
dist: 2.469970712711817 vs. 2.469970712711817
list:
dist: 0.992755227963905 vs. 0.992755227963905
list:
dist: 1.4208427210237211 vs. 1.4208427210237211
list:
dist: 2.0049554366121796 vs. 2.0049554366121796
list:
dist: 0.743585835720609 vs. 0.743585835720609
list:
dist: 3.649593737274655 vs. 3.649593737274655
list:
dist: 3.4262515653126333 vs. 3.4262515653126333
list:
dist: 2.3237655291436408 vs. 2.3237655291436408
list:
dist: 2.1240617675063587 vs. 2.1240617675063587
list:
dist: 2.489028532931905 vs. 2.489028532931905
list:
dist: 1.1386732446466294 vs. 1.1386732446466294
list:
dist: 1.467004262464329 vs. 1.467004262464329
list:
dist: 2.441209277220606 vs. 2.441209277220606
list:
dist: 1.877247534186163 vs. 1.877247534186163
list:
dist: 1.4771240560675132 vs. 1.4771240560675132
list:
dist: 1.5266377184220117 vs. 1.5266377184220117
list:
dist: 2.274331679222364 vs. 2.274331679222364
list:
dist: 1.9193670333872495 vs. 1.9193670333872495
list:
dist: 1.1265229122816964 vs. 1.1265229122816964
list:
dist: 0.9242795246084344 vs. 0.9242795246084344
list:
dist: 1.8590434072796695 vs. 1.8590434072796695
list:
dist: 1.2666905357313623 vs. 1.2666905357313623
list:
dist: 0.7153119412949891 vs. 0.7153119412949891
list:
dist: 1.2708370330822374 vs. 1.2708370330822374
list:
dist: 2.0049554366121796 vs. 2.0049554366121796
list:
dist: 1.283440950936979 vs. 1.283440950936979
list:
dist: 0.596921304954085 vs. 0.596921304954085
list:
dist: 2.597455185274716 vs. 2.597455185274716
list:
dist: 5.009362935153158 vs. 5.009362935153158
list:
dist: 2.5689844086999347 vs. 2.5689844086999347
list:
dist: 2.4720373171129917 vs. 2.4720373171129917
list:
dist: 2.322794825265632 vs. 2.322794825265632
list:
dist: 2.0122179460386547 vs. 2.0122179460386547
list:
dist: 1.3728920019297184 vs. 1.3728920019297184
list:
dist: 2.4023361628456192 vs. 2.4023361628456192
list:
dist: 2.0155387215405822 vs. 2.0155387215405822
list:
dist: 3.1140408155511756 vs. 3.1140408155511756
list:
dist: 2.62912329900103 vs. 2.62912329900103
list:
dist: 2.47916384688831 vs. 2.47916384688831
list:
dist: 2.5467524690452517 vs. 2.5467524690452517
list:
dist: 3.7947484392810904 vs. 3.7947484392810904
list:
dist: 5.079517803402313 vs. 5.079517803402313
list:
dist: 4.752698619446465 vs. 4.752698619446465
list:
dist: 5.01515124381019 vs. 5.01515124381019
list:
dist: 0.743585835720609 vs. 0.743585835720609
list:
dist: 1.7230669382659323 vs. 1.7230669382659323
list:
dist: 2.002512246161953 vs. 2.002512246161953
list:
dist: 2.597455185274716 vs. 2.597455185274716
list:
dist: 1.459514827662936 vs. 1.459514827662936
list:
dist: 2.128850725220601 vs. 2.128850725220601
list:
dist: 2.5185545110107808 vs. 2.5185545110107808
list:
dist: 2.114746358736975 vs. 2.114746358736975
list:
dist: 1.519950892905715 vs. 1.519950892905715
list:
dist: 1.7796040444736076 vs. 1.7796040444736076
list:
dist: 2.003673107252564 vs. 2.003673107252564
list:
dist: 3.02899793467908 vs. 3.02899793467908
list:
dist: 2.455108641505719 vs. 2.455108641505719
list:
dist: 2.516959099645415 vs. 2.516959099645415
list:
dist: 2.5711409024020098 vs. 2.5711409024020098
list:
dist: 3.486860460426612 vs. 3.486860460426612
list:
dist: 2.870231284503015 vs. 2.870231284503015
list:
dist: 2.3424644379111963 vs. 2.3424644379111963
list:
dist: 1.4771240560675132 vs. 1.4771240560675132
list:
dist: 1.7833674037752811 vs. 1.7833674037752811
list:
dist: 2.045394690121609 vs. 2.045394690121609
list:
dist: 2.47916384688831 vs. 2.47916384688831
list:
dist: 1.519950892905715 vs. 1.519950892905715
list:
dist: 4.203094085720595 vs. 4.203094085720595
list:
dist: 3.3364608223956913 vs. 3.3364608223956913
list:
dist: 3.481195542631416 vs. 3.481195542631416
list:
dist: 1.7023058196139549 vs. 1.7023058196139549
list:
dist: 1.4931574842134916 vs. 1.4931574842134916
list:
dist: 2.3650018528945784 vs. 2.3650018528945784
list:
dist: 0.9087935510295025 vs. 0.9087935510295025
list:
dist: 1.9265506398119492 vs. 1.9265506398119492
list:
dist: 1.0349959070259243 vs. 1.0349959070259243
list:
dist: 0.8026680125572434 vs. 0.8026680125572434
list:
dist: 0.7522514584468774 vs. 0.7522514584468774
list:
dist: 1.3879525283795726 vs. 1.3879525283795726
list:
dist: 3.823311915869946 vs. 3.823311915869946
list:
dist: 3.0814541368976296 vs. 3.0814541368976296
list:
dist: 3.4191732630792613 vs. 3.4191732630792613
list:
dist: 1.8319399341394798 vs. 1.8319399341394798
list:
dist: 2.1245185317020967 vs. 2.1245185317020967
list:
dist: 1.8116732904674289 vs. 1.8116732904674289
list:
dist: 2.022686474924704 vs. 2.022686474924704
list:
dist: 3.613805028021628 vs. 3.613805028021628
list:
dist: 1.244088035327442 vs. 1.244088035327442
list:
dist: 1.450394505324103 vs. 1.450394505324103
list:
dist: 1.5574810331747835 vs. 1.5574810331747835
list:
dist: 1.3276998407311442 vs. 1.3276998407311442
list:
dist: 1.4874511247536881 vs. 1.4874511247536881
list:
dist: 1.5343133584349202 vs. 1.5343133584349202
list:
dist: 0.1578983620243156 vs. 0.1578983620243156
list:
dist: 2.489028532931905 vs. 2.489028532931905
list:
dist: 1.6257873576821258 vs. 1.6257873576821258
list:
dist: 1.5966985025422926 vs. 1.5966985025422926
list:
dist: 1.3728920019297184 vs. 1.3728920019297184
list:
dist: 1.2773293947431326 vs. 1.2773293947431326
list:
dist: 1.4327717157156765 vs. 1.4327717157156765
list:
dist: 1.3095670003591784 vs. 1.3095670003591784
list:
dist: 1.1200981978760456 vs. 1.1200981978760456
list:
dist: 2.21482769723436 vs. 2.21482769723436
list:
dist: 1.7425931492122104 vs. 1.7425931492122104
list:
dist: 2.544452137718605 vs. 2.544452137718605
list:
dist: 2.0919208044385207 vs. 2.0919208044385207
list:
dist: 2.3650018528945784 vs. 2.3650018528945784
list:
dist: 2.168975471607233 vs. 2.168975471607233
list:
dist: 2.583553140873422 vs. 2.583553140873422
list:
dist: 3.9756336948917403 vs. 3.9756336948917403
list:
dist: 2.283520754514329 vs. 2.283520754514329
list:
dist: 2.5892239142568694 vs. 2.5892239142568694
list:
dist: 2.216219525779689 vs. 2.216219525779689
list:
dist: 2.36429461899746 vs. 2.36429461899746
list:
dist: 2.089218095362376 vs. 2.089218095362376
list:
dist: 3.3479934599210726 vs. 3.3479934599210726
list:
dist: 2.776129461590913 vs. 2.776129461590913
list:
dist: 2.197095167124537 vs. 2.197095167124537
list:
dist: 1.5266377184220117 vs. 1.5266377184220117
list:
dist: 1.6184568455268478 vs. 1.6184568455268478
list:
dist: 2.1488201496361192 vs. 2.1488201496361192
list:
dist: 2.5467524690452517 vs. 2.5467524690452517
list:
dist: 1.7796040444736076 vs. 1.7796040444736076
list:
dist: 4.948465671110142 vs. 4.948465671110142
list:
dist: 2.997267376848551 vs. 2.997267376848551
list:
dist: 3.0282656623661524 vs. 3.0282656623661524
list:
dist: 1.2443748710530058 vs. 1.2443748710530058
list:
dist: 1.1936875929164092 vs. 1.1936875929164092
list:
dist: 2.168975471607233 vs. 2.168975471607233
list:
dist: 0.4470674087179718 vs. 0.4470674087179718
list:
dist: 1.4041293701561852 vs. 1.4041293701561852
list:
dist: 1.0924444228963919 vs. 1.0924444228963919
list:
dist: 0.4218888472284316 vs. 0.4218888472284316
list:
dist: 0.7522514584468774 vs. 0.7522514584468774
list:
dist: 1.4479659503478746 vs. 1.4479659503478746
list:
dist: 4.5315954852730105 vs. 4.5315954852730105
list:
dist: 3.7709942070192968 vs. 3.7709942070192968
list:
dist: 4.0634787919859905 vs. 4.0634787919859905
list:
dist: 1.1966506427104477 vs. 1.1966506427104477
list:
dist: 2.1199295391779214 vs. 2.1199295391779214
list:
dist: 1.4638979658313047 vs. 1.4638979658313047
list:
dist: 2.1689805526885677 vs. 2.1689805526885677
list:
dist: 4.126732200641378 vs. 4.126732200641378
list:
dist: 2.495772924293432 vs. 2.495772924293432
list:
dist: 1.9691413690411752 vs. 1.9691413690411752
list:
dist: 2.1086089889856114 vs. 2.1086089889856114
list:
dist: 1.9467005960421044 vs. 1.9467005960421044
list:
dist: 3.2291737920749393 vs. 3.2291737920749393
list:
dist: 2.5665997870255817 vs. 2.5665997870255817
list:
dist: 2.24137408011668 vs. 2.24137408011668
list:
dist: 1.1386732446466294 vs. 1.1386732446466294
list:
dist: 1.3262838367915246 vs. 1.3262838367915246
list:
dist: 1.9474686958495706 vs. 1.9474686958495706
list:
dist: 2.4023361628456192 vs. 2.4023361628456192
list:
dist: 1.459514827662936 vs. 1.459514827662936
list:
dist: 3.136866367586464 vs. 3.136866367586464
list:
dist: 3.0430148339210703 vs. 3.0430148339210703
list:
dist: 1.47816031818334 vs. 1.47816031818334
list:
dist: 1.406242549269776 vs. 1.406242549269776
list:
dist: 2.21482769723436 vs. 2.21482769723436
list:
dist: 1.1536038352321323 vs. 1.1536038352321323
list:
dist: 1.5195785235835415 vs. 1.5195785235835415
list:
dist: 0.8593422013547836 vs. 0.8593422013547836
list:
dist: 0.9087935510295025 vs. 0.9087935510295025
list:
dist: 0.4470674087179718 vs. 0.4470674087179718
list:
dist: 1.580443690277014 vs. 1.580443690277014
list:
dist: 1.4935818465661261 vs. 1.4935818465661261
list:
dist: 2.451448899491025 vs. 2.451448899491025
list:
dist: 1.880668898711175 vs. 1.880668898711175
list:
dist: 2.327365811630315 vs. 2.327365811630315
list:
dist: 3.2786946724703734 vs. 3.2786946724703734
list:
dist: 3.0733278235292185 vs. 3.0733278235292185
list:
dist: 3.1946690957009873 vs. 3.1946690957009873
list:
dist: 2.8999851155800087 vs. 2.8999851155800087
list:
dist: 3.9219835958105294 vs. 3.9219835958105294
list:
dist: 3.5022830199049806 vs. 3.5022830199049806
list:
dist: 2.5499330626268533 vs. 2.5499330626268533
list:
dist: 2.441209277220606 vs. 2.441209277220606
list:
dist: 2.5248554893207875 vs. 2.5248554893207875
list:
dist: 2.813136673217289 vs. 2.813136673217289
list:
dist: 3.1140408155511756 vs. 3.1140408155511756
list:
dist: 2.5185545110107808 vs. 2.5185545110107808
list:
dist: 4.488017824624098 vs. 4.488017824624098
list:
dist: 3.1653691805116346 vs. 3.1653691805116346
list:
dist: 3.5041695930639936 vs. 3.5041695930639936
list:
dist: 1.5334971075441128 vs. 1.5334971075441128
list:
dist: 1.4728994262329158 vs. 1.4728994262329158
list:
dist: 2.544452137718605 vs. 2.544452137718605
list:
dist: 1.5195785235835415 vs. 1.5195785235835415
list:
dist: 2.3990129522371633 vs. 2.3990129522371633
list:
dist: 0.7392157074971611 vs. 0.7392157074971611
list:
dist: 1.0349959070259243 vs. 1.0349959070259243
list:
dist: 1.0924444228963919 vs. 1.0924444228963919
list:
dist: 1.4898506580865596 vs. 1.4898506580865596
list:
dist: 3.8743664801998396 vs. 3.8743664801998396
list:
dist: 3.15412888484113 vs. 3.15412888484113
list:
dist: 3.269808981135566 vs. 3.269808981135566
list:
dist: 1.3855922478943805 vs. 1.3855922478943805
list:
dist: 1.4861550041037932 vs. 1.4861550041037932
list:
dist: 1.0166977267504427 vs. 1.0166977267504427
list:
dist: 1.9499862870045293 vs. 1.9499862870045293
list:
dist: 3.175812354311606 vs. 3.175812354311606
list:
dist: 2.274331679222364 vs. 2.274331679222364
list:
dist: 2.8473144916397097 vs. 2.8473144916397097
list:
dist: 3.309441518237421 vs. 3.309441518237421
list:
dist: 3.7947484392810904 vs. 3.7947484392810904
list:
dist: 2.003673107252564 vs. 2.003673107252564
list:
dist: 1.580443690277014 vs. 1.580443690277014
list:
dist: 2.690812230503225 vs. 2.690812230503225
list:
dist: 1.4898506580865596 vs. 1.4898506580865596
list:
dist: 1.545587080595666 vs. 1.545587080595666
list:
dist: 1.3879525283795726 vs. 1.3879525283795726
list:
dist: 1.4479659503478746 vs. 1.4479659503478746
list:
dist: 1.8811250754312905 vs. 1.8811250754312905
list:
dist: 1.278615921049122 vs. 1.278615921049122
list:
dist: 2.235114967711997 vs. 2.235114967711997
list:
dist: 0.7485485050994408 vs. 0.7485485050994408
list:
dist: 2.4828375126365274 vs. 2.4828375126365274
list:
dist: 2.4828375126365274 vs. 2.4828375126365274
list:
dist: 3.3067707797929966 vs. 3.3067707797929966
list:
dist: 2.3238330308529838 vs. 2.3238330308529838
list:
dist: 2.663364701544024 vs. 2.663364701544024
list:
dist: 3.1469360925370067 vs. 3.1469360925370067
list:
dist: 2.705985660073349 vs. 2.705985660073349
list:
dist: 1.8115365952204183 vs. 1.8115365952204183
list:
dist: 2.3475196894748125 vs. 2.3475196894748125
list:
dist: 2.4901911274723063 vs. 2.4901911274723063
list:
dist: 2.537265726855527 vs. 2.537265726855527
list:
dist: 2.9071567487509613 vs. 2.9071567487509613
list:
dist: 2.976581430136247 vs. 2.976581430136247
list:
dist: 1.29291245434444 vs. 1.29291245434444
list:
dist: 1.5632575396673658 vs. 1.5632575396673658
list:
dist: 2.583553140873422 vs. 2.583553140873422
list:
dist: 1.4935818465661261 vs. 1.4935818465661261
list:
dist: 1.911743281810589 vs. 1.911743281810589
list:
dist: 1.3855922478943805 vs. 1.3855922478943805
list:
dist: 1.0869023398345095 vs. 1.0869023398345095
list:
dist: 1.8319399341394798 vs. 1.8319399341394798
list:
dist: 1.1966506427104477 vs. 1.1966506427104477
list:
dist: 1.8811250754312905 vs. 1.8811250754312905
list:
dist: 1.9327729722444802 vs. 1.9327729722444802
list:
dist: 0.979629919397353 vs. 0.979629919397353
list:
dist: 2.4335672317339445 vs. 2.4335672317339445
list:
dist: 2.6540511452277724 vs. 2.6540511452277724
list:
dist: 2.4093928917386447 vs. 2.4093928917386447
list:
dist: 2.557457614932952 vs. 2.557457614932952
list:
dist: 2.2189004901968534 vs. 2.2189004901968534
list:
dist: 3.3945796985359498 vs. 3.3945796985359498
list:
dist: 2.9158435503757247 vs. 2.9158435503757247
list:
dist: 2.1176770604692026 vs. 2.1176770604692026
list:
dist: 1.877247534186163 vs. 1.877247534186163
list:
dist: 1.8665434555173792 vs. 1.8665434555173792
list:
dist: 2.2973341308717505 vs. 2.2973341308717505
list:
dist: 2.62912329900103 vs. 2.62912329900103
list:
dist: 2.114746358736975 vs. 2.114746358736975
list:
dist: 4.848520795558945 vs. 4.848520795558945
list:
dist: 2.8272783011859977 vs. 2.8272783011859977
list:
dist: 2.9872271269006374 vs. 2.9872271269006374
list:
dist: 1.0620938127228747 vs. 1.0620938127228747
list:
dist: 1.0148586593164937 vs. 1.0148586593164937
list:
dist: 2.0919208044385207 vs. 2.0919208044385207
list:
dist: 0.8593422013547836 vs. 0.8593422013547836
list:
dist: 1.6626408619028723 vs. 1.6626408619028723
list:
dist: 0.7392157074971611 vs. 0.7392157074971611
list:
dist: 0.8026680125572434 vs. 0.8026680125572434
list:
dist: 0.4218888472284316 vs. 0.4218888472284316
list:
dist: 1.545587080595666 vs. 1.545587080595666
list:
dist: 4.369294748824728 vs. 4.369294748824728
list:
dist: 3.6467817783140823 vs. 3.6467817783140823
list:
dist: 3.8579049728890884 vs. 3.8579049728890884
list:
dist: 1.0869023398345095 vs. 1.0869023398345095
list:
dist: 1.9579115735987846 vs. 1.9579115735987846
list:
dist: 1.0934387039271423 vs. 1.0934387039271423
list:
dist: 2.2014023024031824 vs. 2.2014023024031824
list:
dist: 3.868217624345854 vs. 3.868217624345854
list:
dist: 2.506645630826436 vs. 2.506645630826436
list:
dist: 2.892480370061284 vs. 2.892480370061284
list:
dist: 1.0801460325762584 vs. 1.0801460325762584
list:
dist: 1.2617470940076057 vs. 1.2617470940076057
list:
dist: 2.283520754514329 vs. 2.283520754514329
list:
dist: 1.880668898711175 vs. 1.880668898711175
list:
dist: 2.327321081802457 vs. 2.327321081802457
list:
dist: 1.0166977267504427 vs. 1.0166977267504427
list:
dist: 1.0934387039271423 vs. 1.0934387039271423
list:
dist: 1.8116732904674289 vs. 1.8116732904674289
list:
dist: 1.4638979658313047 vs. 1.4638979658313047
list:
dist: 2.235114967711997 vs. 2.235114967711997
list:
dist: 4.722175149122924 vs. 4.722175149122924
list:
dist: 4.087810097355578 vs. 4.087810097355578
list:
dist: 4.08596514567845 vs. 4.08596514567845
list:
dist: 0.979629919397353 vs. 0.979629919397353
list:
dist: 1.9819997638969287 vs. 1.9819997638969287
list:
dist: 2.7089511972560394 vs. 2.7089511972560394
list:
dist: 3.8642002642173643 vs. 3.8642002642173643
list:
dist: 4.46378857109485 vs. 4.46378857109485
list:
dist: 4.748499652374608 vs. 4.748499652374608
list:
dist: 2.805151047948527 vs. 2.805151047948527
list:
dist: 2.8628545452282945 vs. 2.8628545452282945
list:
dist: 3.9756336948917403 vs. 3.9756336948917403
list:
dist: 2.451448899491025 vs. 2.451448899491025
list:
dist: 3.4484791379402684 vs. 3.4484791379402684
list:
dist: 1.4861550041037932 vs. 1.4861550041037932
list:
dist: 1.9579115735987846 vs. 1.9579115735987846
list:
dist: 2.1245185317020967 vs. 2.1245185317020967
list:
dist: 2.1199295391779214 vs. 2.1199295391779214
list:
dist: 1.278615921049122 vs. 1.278615921049122
list:
dist: 4.151961258079007 vs. 4.151961258079007
list:
dist: 3.2427765244295994 vs. 3.2427765244295994
list:
dist: 3.377408334805984 vs. 3.377408334805984
list:
dist: 1.9327729722444802 vs. 1.9327729722444802
list:
dist: 1.9819997638969287 vs. 1.9819997638969287
list:
dist: 1.1237119537212192 vs. 1.1237119537212192
list:
dist: 2.941021485389909 vs. 2.941021485389909
list:
dist: 2.327365811630315 vs. 2.327365811630315
list:
dist: 3.4369703374508602 vs. 3.4369703374508602
list:
dist: 1.9499862870045293 vs. 1.9499862870045293
list:
dist: 2.2014023024031824 vs. 2.2014023024031824
list:
dist: 2.022686474924704 vs. 2.022686474924704
list:
dist: 2.1689805526885677 vs. 2.1689805526885677
list:
dist: 0.7485485050994408 vs. 0.7485485050994408
list:
dist: 4.028597929832152 vs. 4.028597929832152
list:
dist: 2.995457937764532 vs. 2.995457937764532
list:
dist: 3.399578237469618 vs. 3.399578237469618
list:
dist: 4.3830550649598 vs. 4.3830550649598
list:
dist: 3.928731540180574 vs. 3.928731540180574
list:
dist: 2.4335672317339445 vs. 2.4335672317339445
list:
dist: 1.1237119537212192 vs. 1.1237119537212192
list:
dist: 2.7089511972560394 vs. 2.7089511972560394
list:
dist: 3.213592855593254 vs. 3.213592855593254
list:
dist: 1.8115365952204183 vs. 1.8115365952204183
list:
dist: 4.011280148072196 vs. 4.011280148072196
list:
dist: 3.987167170164023 vs. 3.987167170164023
list:
dist: 4.421901468486532 vs. 4.421901468486532
list:
dist: 4.752698619446465 vs. 4.752698619446465
list:
dist: 1.8586235739584167 vs. 1.8586235739584167
list:
dist: 3.15412888484113 vs. 3.15412888484113
list:
dist: 3.6467817783140823 vs. 3.6467817783140823
list:
dist: 3.0814541368976296 vs. 3.0814541368976296
list:
dist: 3.7709942070192968 vs. 3.7709942070192968
list:
dist: 1.07288538400704 vs. 1.07288538400704
list:
dist: 0.8431556107908603 vs. 0.8431556107908603
list:
dist: 2.256367821605823 vs. 2.256367821605823
list:
dist: 2.637204884564906 vs. 2.637204884564906
list:
dist: 2.112919440843529 vs. 2.112919440843529
list:
dist: 1.6281828093500053 vs. 1.6281828093500053
list:
dist: 1.6321977378253127 vs. 1.6321977378253127
list:
dist: 1.2900694651696976 vs. 1.2900694651696976
list:
dist: 3.2427765244295994 vs. 3.2427765244295994
list:
dist: 4.087810097355578 vs. 4.087810097355578
list:
dist: 2.866375311303071 vs. 2.866375311303071
list:
dist: 2.995457937764532 vs. 2.995457937764532
list:
dist: 1.6558925250422767 vs. 1.6558925250422767
list:
dist: 3.049142296331124 vs. 3.049142296331124
list:
dist: 2.7012909464198542 vs. 2.7012909464198542
list:
dist: 3.048239638412841 vs. 3.048239638412841
list:
dist: 2.099583868495494 vs. 2.099583868495494
list:
dist: 2.16492089654217 vs. 2.16492089654217
list:
dist: 2.292183972097635 vs. 2.292183972097635
list:
dist: 2.3238330308529838 vs. 2.3238330308529838
list:
dist: 2.3259480938460544 vs. 2.3259480938460544
list:
dist: 2.741827816926117 vs. 2.741827816926117
list:
dist: 3.0345578319911093 vs. 3.0345578319911093
list:
dist: 2.2367428281036434 vs. 2.2367428281036434
list:
dist: 3.1691140680062873 vs. 3.1691140680062873
list:
dist: 2.0872315459823962 vs. 2.0872315459823962
list:
dist: 2.970906131309264 vs. 2.970906131309264
list:
dist: 1.159391277198012 vs. 1.159391277198012
list:
dist: 0.7659074112528043 vs. 0.7659074112528043
list:
dist: 1.6281828093500053 vs. 1.6281828093500053
list:
dist: 1.335715848417258 vs. 1.335715848417258
list:
dist: 1.4558891086541592 vs. 1.4558891086541592
list:
dist: 1.677897457694416 vs. 1.677897457694416
list:
dist: 1.3963312042298 vs. 1.3963312042298
list:
dist: 2.0412028970133154 vs. 2.0412028970133154
list:
dist: 2.0872755015305415 vs. 2.0872755015305415
list:
dist: 2.809558068710146 vs. 2.809558068710146
list:
dist: 2.3048499851678135 vs. 2.3048499851678135
list:
dist: 3.1590690381481394 vs. 3.1590690381481394
list:
dist: 1.9922701845115083 vs. 1.9922701845115083
list:
dist: 2.7656986866815103 vs. 2.7656986866815103
list:
dist: 1.5713177480790326 vs. 1.5713177480790326
list:
dist: 2.525573271251892 vs. 2.525573271251892
list:
dist: 2.3521276070800603 vs. 2.3521276070800603
list:
dist: 3.0921703485284673 vs. 3.0921703485284673
list:
dist: 3.503691956531677 vs. 3.503691956531677
list:
dist: 3.25893243418368 vs. 3.25893243418368
list:
dist: 2.4603002086754904 vs. 2.4603002086754904
list:
dist: 3.6650713223027886 vs. 3.6650713223027886
list:
dist: 2.4507102479393676 vs. 2.4507102479393676
list:
dist: 2.4478303906809926 vs. 2.4478303906809926
list:
dist: 3.2085001542674565 vs. 3.2085001542674565
list:
dist: 3.979062915463686 vs. 3.979062915463686
list:
dist: 4.0596544404833415 vs. 4.0596544404833415
list:
dist: 3.447156032434312 vs. 3.447156032434312
list:
dist: 3.0747371300529713 vs. 3.0747371300529713
list:
dist: 2.5787504384624746 vs. 2.5787504384624746
list:
dist: 3.0274408686700376 vs. 3.0274408686700376
list:
dist: 3.519583915277896 vs. 3.519583915277896
list:
dist: 3.314113681406548 vs. 3.314113681406548
list:
dist: 2.5931563986137927 vs. 2.5931563986137927
list:
dist: 3.620578143907806 vs. 3.620578143907806
list:
dist: 2.6060393163996585 vs. 2.6060393163996585
list:
dist: 3.1163442873801492 vs. 3.1163442873801492
list:
dist: 4.309602017502572 vs. 4.309602017502572
list:
dist: 4.460574554104761 vs. 4.460574554104761
list:
dist: 2.1605485186411424 vs. 2.1605485186411424
list:
dist: 1.4184978311653575 vs. 1.4184978311653575
list:
dist: 2.256367821605823 vs. 2.256367821605823
list:
dist: 1.5907407226443717 vs. 1.5907407226443717
list:
dist: 1.0003546740521498 vs. 1.0003546740521498
list:
dist: 0.5569386162343987 vs. 0.5569386162343987
list:
dist: 1.4558891086541592 vs. 1.4558891086541592
list:
dist: 1.8253454667038351 vs. 1.8253454667038351
list:
dist: 2.0702471804486464 vs. 2.0702471804486464
list:
dist: 2.2899027787901405 vs. 2.2899027787901405
list:
dist: 2.059473451484541 vs. 2.059473451484541
list:
dist: 1.944143423566091 vs. 1.944143423566091
list:
dist: 1.264303573620577 vs. 1.264303573620577
list:
dist: 1.620456414388925 vs. 1.620456414388925
list:
dist: 1.074870795147167 vs. 1.074870795147167
list:
dist: 1.6772713343913435 vs. 1.6772713343913435
list:
dist: 1.5330839156128915 vs. 1.5330839156128915
list:
dist: 2.3418337443851054 vs. 2.3418337443851054
list:
dist: 2.722536382755649 vs. 2.722536382755649
list:
dist: 2.0632757268227038 vs. 2.0632757268227038
list:
dist: 1.4726539425249636 vs. 1.4726539425249636
list:
dist: 2.6772861887213364 vs. 2.6772861887213364
list:
dist: 1.5455592320522091 vs. 1.5455592320522091
list:
dist: 1.1033431659109825 vs. 1.1033431659109825
list:
dist: 4.802049714503892 vs. 4.802049714503892
list:
dist: 5.009362935153158 vs. 5.009362935153158
list:
dist: 4.488017824624098 vs. 4.488017824624098
list:
dist: 4.848520795558945 vs. 4.848520795558945
list:
dist: 4.203094085720595 vs. 4.203094085720595
list:
dist: 4.948465671110142 vs. 4.948465671110142
list:
dist: 1.1308805904991701 vs. 1.1308805904991701
list:
dist: 1.8586235739584167 vs. 1.8586235739584167
list:
dist: 2.0216228891885897 vs. 2.0216228891885897
list:
dist: 2.1605485186411424 vs. 2.1605485186411424
list:
dist: 2.713959728635871 vs. 2.713959728635871
list:
dist: 2.331201513500418 vs. 2.331201513500418
list:
dist: 1.159391277198012 vs. 1.159391277198012
list:
dist: 1.8725485049214177 vs. 1.8725485049214177
list:
dist: 1.9488486392598852 vs. 1.9488486392598852
list:
dist: 3.175812354311606 vs. 3.175812354311606
list:
dist: 3.868217624345854 vs. 3.868217624345854
list:
dist: 3.613805028021628 vs. 3.613805028021628
list:
dist: 4.126732200641378 vs. 4.126732200641378
list:
dist: 1.9662681084768188 vs. 1.9662681084768188
list:
dist: 1.6558925250422767 vs. 1.6558925250422767
list:
dist: 1.0755243618172625 vs. 1.0755243618172625
list:
dist: 2.059473451484541 vs. 2.059473451484541
list:
dist: 2.0743340270931263 vs. 2.0743340270931263
list:
dist: 1.6816190075250512 vs. 1.6816190075250512
list:
dist: 2.3048499851678135 vs. 2.3048499851678135
list:
dist: 2.30909950768623 vs. 2.30909950768623
list:
dist: 2.11836514367697 vs. 2.11836514367697
list:
dist: 2.941021485389909 vs. 2.941021485389909
list:
dist: 3.8642002642173643 vs. 3.8642002642173643
list:
dist: 1.4179276232140972 vs. 1.4179276232140972
list:
dist: 3.213592855593254 vs. 3.213592855593254
list:
dist: 1.9053070449046503 vs. 1.9053070449046503
list:
dist: 1.844290380758275 vs. 1.844290380758275
list:
dist: 1.8156232211517407 vs. 1.8156232211517407
list:
dist: 1.3918222513730323 vs. 1.3918222513730323
list:
dist: 1.0114472756427129 vs. 1.0114472756427129
list:
dist: 0.9794530590068015 vs. 0.9794530590068015
list:
dist: 2.3475196894748125 vs. 2.3475196894748125
list:
dist: 1.5287892080372911 vs. 1.5287892080372911
list:
dist: 1.5580471232211852 vs. 1.5580471232211852
list:
dist: 2.061413443944385 vs. 2.061413443944385
list:
dist: 1.8625000109027248 vs. 1.8625000109027248
list:
dist: 2.7751456874889078 vs. 2.7751456874889078
list:
dist: 1.4713764842985078 vs. 1.4713764842985078
list:
dist: 2.6747603875728343 vs. 2.6747603875728343
list:
dist: 2.2249985791202396 vs. 2.2249985791202396
list:
dist: 1.916590997433369 vs. 1.916590997433369
list:
dist: 2.225961660326321 vs. 2.225961660326321
list:
dist: 2.3795906089397936 vs. 2.3795906089397936
list:
dist: 1.8725485049214177 vs. 1.8725485049214177
list:
dist: 1.3348151593644149 vs. 1.3348151593644149
list:
dist: 1.6321977378253127 vs. 1.6321977378253127
list:
dist: 1.6663281923374296 vs. 1.6663281923374296
list:
dist: 1.8253454667038351 vs. 1.8253454667038351
list:
dist: 2.711977475795665 vs. 2.711977475795665
list:
dist: 2.0819259904287892 vs. 2.0819259904287892
list:
dist: 2.0412028970133154 vs. 2.0412028970133154
list:
dist: 0.47700652668634647 vs. 0.47700652668634647
list:
dist: 4.3830550649598 vs. 4.3830550649598
list:
dist: 2.30909950768623 vs. 2.30909950768623
list:
dist: 2.5258542408273916 vs. 2.5258542408273916
list:
dist: 2.8595754731746648 vs. 2.8595754731746648
list:
dist: 2.877337108149034 vs. 2.877337108149034
list:
dist: 2.3926639910827787 vs. 2.3926639910827787
list:
dist: 2.0238500986957164 vs. 2.0238500986957164
list:
dist: 2.392958189526505 vs. 2.392958189526505
list:
dist: 3.1469360925370067 vs. 3.1469360925370067
list:
dist: 1.931678674325131 vs. 1.931678674325131
list:
dist: 2.589863558218942 vs. 2.589863558218942
list:
dist: 2.3258457645328825 vs. 2.3258457645328825
list:
dist: 1.2858441983363245 vs. 1.2858441983363245
list:
dist: 2.0035923697759697 vs. 2.0035923697759697
list:
dist: 1.4775112498941014 vs. 1.4775112498941014
list:
dist: 1.9144222518638616 vs. 1.9144222518638616
list:
dist: 2.220923362520444 vs. 2.220923362520444
list:
dist: 2.970906131309264 vs. 2.970906131309264
list:
dist: 2.409912389581214 vs. 2.409912389581214
list:
dist: 1.1033431659109825 vs. 1.1033431659109825
list:
dist: 1.902200186086097 vs. 1.902200186086097
list:
dist: 1.5599300244079208 vs. 1.5599300244079208
list:
dist: 2.4478303906809926 vs. 2.4478303906809926
list:
dist: 1.9144222518638616 vs. 1.9144222518638616
list:
dist: 2.2937791825061784 vs. 2.2937791825061784
list:
dist: 2.6747603875728343 vs. 2.6747603875728343
list:
dist: 1.6999505274672673 vs. 1.6999505274672673
list:
dist: 2.0543177759195133 vs. 2.0543177759195133
list:
dist: 1.8377784102706465 vs. 1.8377784102706465
list:
dist: 2.0084241766179893 vs. 2.0084241766179893
list:
dist: 1.8981485604721882 vs. 1.8981485604721882
list:
dist: 2.003028763544116 vs. 2.003028763544116
list:
dist: 2.279765995744823 vs. 2.279765995744823
list:
dist: 2.704782378846331 vs. 2.704782378846331
list:
dist: 1.6575568676278802 vs. 1.6575568676278802
list:
dist: 1.2312789602240617 vs. 1.2312789602240617
list:
dist: 2.046048175747363 vs. 2.046048175747363
list:
dist: 1.526507568432329 vs. 1.526507568432329
list:
dist: 2.4138662970985054 vs. 2.4138662970985054
list:
dist: 2.5433717279657126 vs. 2.5433717279657126
list:
dist: 2.7553080260411686 vs. 2.7553080260411686
list:
dist: 1.9488486392598852 vs. 1.9488486392598852
list:
dist: 1.3258820598429872 vs. 1.3258820598429872
list:
dist: 1.2900694651696976 vs. 1.2900694651696976
list:
dist: 1.4940805454907324 vs. 1.4940805454907324
list:
dist: 2.0702471804486464 vs. 2.0702471804486464
list:
dist: 2.85522463284768 vs. 2.85522463284768
list:
dist: 2.2164149580065966 vs. 2.2164149580065966
list:
dist: 2.0872755015305415 vs. 2.0872755015305415
list:
dist: 0.47700652668634647 vs. 0.47700652668634647
list:
dist: 3.928731540180574 vs. 3.928731540180574
list:
dist: 2.11836514367697 vs. 2.11836514367697
list:
dist: 2.6453437460434133 vs. 2.6453437460434133
list:
dist: 2.96030675888975 vs. 2.96030675888975
list:
dist: 2.994413178163814 vs. 2.994413178163814
list:
dist: 2.4374599996592288 vs. 2.4374599996592288
list:
dist: 2.0099086983631302 vs. 2.0099086983631302
list:
dist: 2.395884192852177 vs. 2.395884192852177
list:
dist: 2.705985660073349 vs. 2.705985660073349
list:
dist: 1.8491086957531715 vs. 1.8491086957531715
list:
dist: 2.4829968804248956 vs. 2.4829968804248956
list:
dist: 2.4588248132944224 vs. 2.4588248132944224
list:
dist: 1.4802709713072337 vs. 1.4802709713072337
list:
dist: 2.1572898752206626 vs. 2.1572898752206626
list:
dist: 1.5499169377893192 vs. 1.5499169377893192
list:
dist: 2.2937791825061784 vs. 2.2937791825061784
list:
dist: 4.847464622010194 vs. 4.847464622010194
list:
dist: 5.079517803402313 vs. 5.079517803402313
list:
dist: 1.1308805904991701 vs. 1.1308805904991701
list:
dist: 3.8743664801998396 vs. 3.8743664801998396
list:
dist: 4.369294748824728 vs. 4.369294748824728
list:
dist: 3.823311915869946 vs. 3.823311915869946
list:
dist: 4.5315954852730105 vs. 4.5315954852730105
list:
dist: 1.07288538400704 vs. 1.07288538400704
list:
dist: 0.9235345090762285 vs. 0.9235345090762285
list:
dist: 1.4184978311653575 vs. 1.4184978311653575
list:
dist: 1.9531008460892119 vs. 1.9531008460892119
list:
dist: 1.4389937459996418 vs. 1.4389937459996418
list:
dist: 0.7659074112528043 vs. 0.7659074112528043
list:
dist: 1.3348151593644149 vs. 1.3348151593644149
list:
dist: 1.3258820598429872 vs. 1.3258820598429872
list:
dist: 4.151961258079007 vs. 4.151961258079007
list:
dist: 4.722175149122924 vs. 4.722175149122924
list:
dist: 2.8160119672449673 vs. 2.8160119672449673
list:
dist: 4.028597929832152 vs. 4.028597929832152
list:
dist: 1.9662681084768188 vs. 1.9662681084768188
list:
dist: 2.820252171975644 vs. 2.820252171975644
list:
dist: 2.176599326045186 vs. 2.176599326045186
list:
dist: 2.678475911249781 vs. 2.678475911249781
list:
dist: 1.6484074601939025 vs. 1.6484074601939025
list:
dist: 2.120613561920036 vs. 2.120613561920036
list:
dist: 2.1381600481626215 vs. 2.1381600481626215
list:
dist: 3.3067707797929966 vs. 3.3067707797929966
list:
dist: 2.5063056837154494 vs. 2.5063056837154494
list:
dist: 2.994130464167356 vs. 2.994130464167356
list:
dist: 2.833579966045264 vs. 2.833579966045264
list:
dist: 1.9287085666909731 vs. 1.9287085666909731
list:
dist: 3.057094808584348 vs. 3.057094808584348
list:
dist: 1.9279244091992296 vs. 1.9279244091992296
list:
dist: 2.220923362520444 vs. 2.220923362520444
list:
dist: 1.9287085666909731 vs. 1.9287085666909731
list:
dist: 2.2367428281036434 vs. 2.2367428281036434
list:
dist: 1.7937322830563203 vs. 1.7937322830563203
list:
dist: 1.4726539425249636 vs. 1.4726539425249636
list:
dist: 2.233177212979102 vs. 2.233177212979102
list:
dist: 1.6636505893170412 vs. 1.6636505893170412
list:
dist: 2.4603002086754904 vs. 2.4603002086754904
list:
dist: 1.2858441983363245 vs. 1.2858441983363245
list:
dist: 1.4802709713072337 vs. 1.4802709713072337
list:
dist: 1.8625000109027248 vs. 1.8625000109027248
list:
dist: 1.2635477362842986 vs. 1.2635477362842986
list:
dist: 2.225247896848536 vs. 2.225247896848536
list:
dist: 1.8252705039560972 vs. 1.8252705039560972
list:
dist: 1.924743219892124 vs. 1.924743219892124
list:
dist: 1.0692833606066583 vs. 1.0692833606066583
list:
dist: 1.5277927211881146 vs. 1.5277927211881146
list:
dist: 1.1126493839280558 vs. 1.1126493839280558
list:
dist: 1.6722483023186638 vs. 1.6722483023186638
list:
dist: 1.0533035781649402 vs. 1.0533035781649402
list:
dist: 1.2549359456071905 vs. 1.2549359456071905
list:
dist: 0.42848493555308825 vs. 0.42848493555308825
list:
dist: 1.2312789602240617 vs. 1.2312789602240617
list:
dist: 1.7940846730167577 vs. 1.7940846730167577
list:
dist: 1.7313283592781439 vs. 1.7313283592781439
list:
dist: 2.1164808014666225 vs. 2.1164808014666225
list:
dist: 2.331201513500418 vs. 2.331201513500418
list:
dist: 1.4389937459996418 vs. 1.4389937459996418
list:
dist: 2.112919440843529 vs. 2.112919440843529
list:
dist: 1.3346554260294703 vs. 1.3346554260294703
list:
dist: 0.5569386162343987 vs. 0.5569386162343987
list:
dist: 0.6456332263434728 vs. 0.6456332263434728
list:
dist: 1.3963312042298 vs. 1.3963312042298
list:
dist: 2.0819259904287892 vs. 2.0819259904287892
list:
dist: 2.2164149580065966 vs. 2.2164149580065966
list:
dist: 1.7900519109747846 vs. 1.7900519109747846
list:
dist: 1.6816190075250512 vs. 1.6816190075250512
list:
dist: 1.9091500161145136 vs. 1.9091500161145136
list:
dist: 0.8165049222168882 vs. 0.8165049222168882
list:
dist: 1.3851115737351138 vs. 1.3851115737351138
list:
dist: 0.5199948807047289 vs. 0.5199948807047289
list:
dist: 1.4989755281551915 vs. 1.4989755281551915
list:
dist: 1.1835988299196356 vs. 1.1835988299196356
list:
dist: 2.2975453394091625 vs. 2.2975453394091625
list:
dist: 2.5751617560880473 vs. 2.5751617560880473
list:
dist: 2.115992318434804 vs. 2.115992318434804
list:
dist: 1.6636505893170412 vs. 1.6636505893170412
list:
dist: 2.899261608656022 vs. 2.899261608656022
list:
dist: 1.5876328709771963 vs. 1.5876328709771963
list:
dist: 1.5599300244079208 vs. 1.5599300244079208
list:
dist: 2.713959728635871 vs. 2.713959728635871
list:
dist: 1.9531008460892119 vs. 1.9531008460892119
list:
dist: 2.637204884564906 vs. 2.637204884564906
list:
dist: 1.848944523139282 vs. 1.848944523139282
list:
dist: 1.0003546740521498 vs. 1.0003546740521498
list:
dist: 0.6456332263434728 vs. 0.6456332263434728
list:
dist: 1.677897457694416 vs. 1.677897457694416
list:
dist: 2.711977475795665 vs. 2.711977475795665
list:
dist: 2.85522463284768 vs. 2.85522463284768
list:
dist: 1.7188692303304296 vs. 1.7188692303304296
list:
dist: 2.0743340270931263 vs. 2.0743340270931263
list:
dist: 2.2154758344610985 vs. 2.2154758344610985
list:
dist: 0.4646418747001357 vs. 0.4646418747001357
list:
dist: 1.4117156899555505 vs. 1.4117156899555505
list:
dist: 0.6909897511463636 vs. 0.6909897511463636
list:
dist: 1.9524855918070958 vs. 1.9524855918070958
list:
dist: 1.476930578353882 vs. 1.476930578353882
list:
dist: 2.825519113603379 vs. 2.825519113603379
list:
dist: 3.0038183807642 vs. 3.0038183807642
list:
dist: 2.5048636850258594 vs. 2.5048636850258594
list:
dist: 2.233177212979102 vs. 2.233177212979102
list:
dist: 3.427503907082361 vs. 3.427503907082361
list:
dist: 2.1489880768391214 vs. 2.1489880768391214
list:
dist: 1.902200186086097 vs. 1.902200186086097
list:
dist: 4.760475443072964 vs. 4.760475443072964
list:
dist: 5.01515124381019 vs. 5.01515124381019
list:
dist: 2.0216228891885897 vs. 2.0216228891885897
list:
dist: 3.269808981135566 vs. 3.269808981135566
list:
dist: 3.8579049728890884 vs. 3.8579049728890884
list:
dist: 3.4191732630792613 vs. 3.4191732630792613
list:
dist: 4.0634787919859905 vs. 4.0634787919859905
list:
dist: 0.9235345090762285 vs. 0.9235345090762285
list:
dist: 0.8431556107908603 vs. 0.8431556107908603
list:
dist: 1.5907407226443717 vs. 1.5907407226443717
list:
dist: 1.848944523139282 vs. 1.848944523139282
list:
dist: 1.3346554260294703 vs. 1.3346554260294703
list:
dist: 1.335715848417258 vs. 1.335715848417258
list:
dist: 1.6663281923374296 vs. 1.6663281923374296
list:
dist: 1.4940805454907324 vs. 1.4940805454907324
list:
dist: 3.377408334805984 vs. 3.377408334805984
list:
dist: 4.08596514567845 vs. 4.08596514567845
list:
dist: 2.1001053373791283 vs. 2.1001053373791283
list:
dist: 3.399578237469618 vs. 3.399578237469618
list:
dist: 1.0755243618172625 vs. 1.0755243618172625
list:
dist: 2.391092646116207 vs. 2.391092646116207
list:
dist: 1.8698517806964021 vs. 1.8698517806964021
list:
dist: 2.2381269573352403 vs. 2.2381269573352403
list:
dist: 1.2680644080737702 vs. 1.2680644080737702
list:
dist: 1.5254019786494477 vs. 1.5254019786494477
list:
dist: 1.5113204987429452 vs. 1.5113204987429452
list:
dist: 2.663364701544024 vs. 2.663364701544024
list:
dist: 1.9841355973567456 vs. 1.9841355973567456
list:
dist: 2.3280682542688393 vs. 2.3280682542688393
list:
dist: 2.46707782150351 vs. 2.46707782150351
list:
dist: 1.7937322830563203 vs. 1.7937322830563203
list:
dist: 2.9083672341346034 vs. 2.9083672341346034
list:
dist: 1.5879052772983915 vs. 1.5879052772983915
list:
dist: 2.409912389581214 vs. 2.409912389581214
list:
dist: 1.6484074601939025 vs. 1.6484074601939025
list:
dist: 2.099583868495494 vs. 2.099583868495494
list:
dist: 1.2680644080737702 vs. 1.2680644080737702
list:
dist: 1.074870795147167 vs. 1.074870795147167
list:
dist: 0.6909897511463636 vs. 0.6909897511463636
list:
dist: 0.5199948807047289 vs. 0.5199948807047289
list:
dist: 1.5713177480790326 vs. 1.5713177480790326
list:
dist: 2.3926639910827787 vs. 2.3926639910827787
list:
dist: 2.4374599996592288 vs. 2.4374599996592288
list:
dist: 1.331544991330761 vs. 1.331544991330761
list:
dist: 1.3918222513730323 vs. 1.3918222513730323
list:
dist: 1.9599912928814427 vs. 1.9599912928814427
list:
dist: 0.6024045757705954 vs. 0.6024045757705954
list:
dist: 1.3003060675294407 vs. 1.3003060675294407
list:
dist: 1.4467093627661418 vs. 1.4467093627661418
list:
dist: 0.9727406018580854 vs. 0.9727406018580854
list:
dist: 2.317112792091235 vs. 2.317112792091235
list:
dist: 2.479040686156411 vs. 2.479040686156411
list:
dist: 2.230787373567485 vs. 2.230787373567485
list:
dist: 1.924743219892124 vs. 1.924743219892124
list:
dist: 3.1291331467160544 vs. 3.1291331467160544
list:
dist: 1.7360781544424166 vs. 1.7360781544424166
list:
dist: 2.0084241766179893 vs. 2.0084241766179893
list:
dist: 2.1977425045643026 vs. 2.1977425045643026
list:
dist: 2.3277404934053543 vs. 2.3277404934053543
list:
dist: 2.8121736565209137 vs. 2.8121736565209137
list:
dist: 2.872150151646166 vs. 2.872150151646166
list:
dist: 2.120613561920036 vs. 2.120613561920036
list:
dist: 2.16492089654217 vs. 2.16492089654217
list:
dist: 1.5254019786494477 vs. 1.5254019786494477
list:
dist: 1.6772713343913435 vs. 1.6772713343913435
list:
dist: 1.9524855918070958 vs. 1.9524855918070958
list:
dist: 1.4989755281551915 vs. 1.4989755281551915
list:
dist: 2.525573271251892 vs. 2.525573271251892
list:
dist: 2.0238500986957164 vs. 2.0238500986957164
list:
dist: 2.0099086983631302 vs. 2.0099086983631302
list:
dist: 1.6503786397228266 vs. 1.6503786397228266
list:
dist: 1.0114472756427129 vs. 1.0114472756427129
list:
dist: 0.9409183165134241 vs. 0.9409183165134241
list:
dist: 1.7388064301365715 vs. 1.7388064301365715
list:
dist: 1.238206272749355 vs. 1.238206272749355
list:
dist: 1.4467093627661418 vs. 1.4467093627661418
list:
dist: 0.6391288689472469 vs. 0.6391288689472469
list:
dist: 0.9268034556862338 vs. 0.9268034556862338
list:
dist: 1.0765343747419194 vs. 1.0765343747419194
list:
dist: 1.0613384735027183 vs. 1.0613384735027183
list:
dist: 1.0692833606066583 vs. 1.0692833606066583
list:
dist: 1.9387703982159488 vs. 1.9387703982159488
list:
dist: 0.6681945493177616 vs. 0.6681945493177616
list:
dist: 1.8981485604721882 vs. 1.8981485604721882
list:
dist: 2.2086411873716822 vs. 2.2086411873716822
list:
dist: 1.1637604806542936 vs. 1.1637604806542936
list:
dist: 1.4380615682292668 vs. 1.4380615682292668
list:
dist: 1.6421094686122903 vs. 1.6421094686122903
list:
dist: 2.8160119672449673 vs. 2.8160119672449673
list:
dist: 2.866375311303071 vs. 2.866375311303071
list:
dist: 2.1001053373791283 vs. 2.1001053373791283
list:
dist: 2.2899027787901405 vs. 2.2899027787901405
list:
dist: 1.7188692303304296 vs. 1.7188692303304296
list:
dist: 1.7900519109747846 vs. 1.7900519109747846
list:
dist: 2.809558068710146 vs. 2.809558068710146
list:
dist: 1.4179276232140972 vs. 1.4179276232140972
list:
dist: 2.0139416498659117 vs. 2.0139416498659117
list:
dist: 1.2783623978995589 vs. 1.2783623978995589
list:
dist: 1.294376381877131 vs. 1.294376381877131
list:
dist: 1.331544991330761 vs. 1.331544991330761
list:
dist: 1.6503786397228266 vs. 1.6503786397228266
list:
dist: 1.081263159574117 vs. 1.081263159574117
list:
dist: 0.9883525717150126 vs. 0.9883525717150126
list:
dist: 1.9685417897089597 vs. 1.9685417897089597
list:
dist: 3.057094808584348 vs. 3.057094808584348
list:
dist: 3.1691140680062873 vs. 3.1691140680062873
list:
dist: 2.9083672341346034 vs. 2.9083672341346034
list:
dist: 2.6772861887213364 vs. 2.6772861887213364
list:
dist: 3.427503907082361 vs. 3.427503907082361
list:
dist: 2.899261608656022 vs. 2.899261608656022
list:
dist: 3.6650713223027886 vs. 3.6650713223027886
list:
dist: 2.0035923697759697 vs. 2.0035923697759697
list:
dist: 2.1572898752206626 vs. 2.1572898752206626
list:
dist: 2.7751456874889078 vs. 2.7751456874889078
list:
dist: 1.745200322753073 vs. 1.745200322753073
list:
dist: 3.370410542312305 vs. 3.370410542312305
list:
dist: 2.6963371305526493 vs. 2.6963371305526493
list:
dist: 3.1291331467160544 vs. 3.1291331467160544
list:
dist: 1.9387703982159488 vs. 1.9387703982159488
list:
dist: 2.517930929840976 vs. 2.517930929840976
list:
dist: 1.3549116273387358 vs. 1.3549116273387358
list:
dist: 1.8135483263441678 vs. 1.8135483263441678
list:
dist: 1.2995746176331127 vs. 1.2995746176331127
list:
dist: 1.2549359456071905 vs. 1.2549359456071905
list:
dist: 1.4319020263254247 vs. 1.4319020263254247
list:
dist: 2.046048175747363 vs. 2.046048175747363
list:
dist: 2.0348521577339573 vs. 2.0348521577339573
list:
dist: 1.5223186922585998 vs. 1.5223186922585998
list:
dist: 2.0292870043617963 vs. 2.0292870043617963
list:
dist: 2.5063056837154494 vs. 2.5063056837154494
list:
dist: 2.3259480938460544 vs. 2.3259480938460544
list:
dist: 1.9841355973567456 vs. 1.9841355973567456
list:
dist: 2.3418337443851054 vs. 2.3418337443851054
list:
dist: 2.825519113603379 vs. 2.825519113603379
list:
dist: 2.2975453394091625 vs. 2.2975453394091625
list:
dist: 3.0921703485284673 vs. 3.0921703485284673
list:
dist: 1.931678674325131 vs. 1.931678674325131
list:
dist: 1.8491086957531715 vs. 1.8491086957531715
list:
dist: 4.011280148072196 vs. 4.011280148072196
list:
dist: 1.5287892080372911 vs. 1.5287892080372911
list:
dist: 1.320924978401315 vs. 1.320924978401315
list:
dist: 2.654556919870803 vs. 2.654556919870803
list:
dist: 2.0671584274746584 vs. 2.0671584274746584
list:
dist: 2.317112792091235 vs. 2.317112792091235
list:
dist: 0.9268034556862338 vs. 0.9268034556862338
list:
dist: 1.5572806601176 vs. 1.5572806601176
list:
dist: 2.4901911274723063 vs. 2.4901911274723063
list:
dist: 0.6824835709773294 vs. 0.6824835709773294
list:
dist: 1.1143716957579703 vs. 1.1143716957579703
list:
dist: 1.1126493839280558 vs. 1.1126493839280558
list:
dist: 1.3549116273387358 vs. 1.3549116273387358
list:
dist: 0.8170532211321221 vs. 0.8170532211321221
list:
dist: 2.279765995744823 vs. 2.279765995744823
list:
dist: 1.3513912532487717 vs. 1.3513912532487717
list:
dist: 1.100731329761551 vs. 1.100731329761551
list:
dist: 1.5644314298652933 vs. 1.5644314298652933
list:
dist: 2.1381600481626215 vs. 2.1381600481626215
list:
dist: 2.292183972097635 vs. 2.292183972097635
list:
dist: 1.5113204987429452 vs. 1.5113204987429452
list:
dist: 1.5330839156128915 vs. 1.5330839156128915
list:
dist: 1.476930578353882 vs. 1.476930578353882
list:
dist: 1.1835988299196356 vs. 1.1835988299196356
list:
dist: 2.3521276070800603 vs. 2.3521276070800603
list:
dist: 2.392958189526505 vs. 2.392958189526505
list:
dist: 2.395884192852177 vs. 2.395884192852177
list:
dist: 1.081263159574117 vs. 1.081263159574117
list:
dist: 0.9794530590068015 vs. 0.9794530590068015
list:
dist: 1.1701077213577524 vs. 1.1701077213577524
list:
dist: 1.1761669167250959 vs. 1.1761669167250959
list:
dist: 0.8435601414923242 vs. 0.8435601414923242
list:
dist: 0.9727406018580854 vs. 0.9727406018580854
list:
dist: 0.6391288689472469 vs. 0.6391288689472469
list:
dist: 1.5572806601176 vs. 1.5572806601176
list:
dist: 1.5672555934226846 vs. 1.5672555934226846
list:
dist: 1.4716493628170177 vs. 1.4716493628170177
list:
dist: 1.5277927211881146 vs. 1.5277927211881146
list:
dist: 2.517930929840976 vs. 2.517930929840976
list:
dist: 1.199043851851902 vs. 1.199043851851902
list:
dist: 2.003028763544116 vs. 2.003028763544116
list:
dist: 1.7472575482280805 vs. 1.7472575482280805
list:
dist: 1.3855764168144227 vs. 1.3855764168144227
list:
dist: 1.891054398273104 vs. 1.891054398273104
list:
dist: 1.9291336901108544 vs. 1.9291336901108544
list:
dist: 2.833579966045264 vs. 2.833579966045264
list:
dist: 3.0345578319911093 vs. 3.0345578319911093
list:
dist: 2.46707782150351 vs. 2.46707782150351
list:
dist: 2.0632757268227038 vs. 2.0632757268227038
list:
dist: 2.5048636850258594 vs. 2.5048636850258594
list:
dist: 2.115992318434804 vs. 2.115992318434804
list:
dist: 3.25893243418368 vs. 3.25893243418368
list:
dist: 2.3258457645328825 vs. 2.3258457645328825
list:
dist: 2.4588248132944224 vs. 2.4588248132944224
list:
dist: 2.061413443944385 vs. 2.061413443944385
list:
dist: 0.4498848794771223 vs. 0.4498848794771223
list:
dist: 2.3299164458903583 vs. 2.3299164458903583
list:
dist: 1.4651807427872976 vs. 1.4651807427872976
list:
dist: 2.230787373567485 vs. 2.230787373567485
list:
dist: 1.0613384735027183 vs. 1.0613384735027183
list:
dist: 1.4716493628170177 vs. 1.4716493628170177
list:
dist: 1.1143716957579703 vs. 1.1143716957579703
list:
dist: 1.2507306811000565 vs. 1.2507306811000565
list:
dist: 1.0533035781649402 vs. 1.0533035781649402
list:
dist: 1.2995746176331127 vs. 1.2995746176331127
list:
dist: 0.968057569695081 vs. 0.968057569695081
list:
dist: 1.6575568676278802 vs. 1.6575568676278802
list:
dist: 0.908855471138737 vs. 0.908855471138737
list:
dist: 0.8913185261921863 vs. 0.8913185261921863
list:
dist: 1.1436301356698666 vs. 1.1436301356698666
list:
dist: 2.820252171975644 vs. 2.820252171975644
list:
dist: 3.049142296331124 vs. 3.049142296331124
list:
dist: 2.391092646116207 vs. 2.391092646116207
list:
dist: 1.944143423566091 vs. 1.944143423566091
list:
dist: 2.2154758344610985 vs. 2.2154758344610985
list:
dist: 1.9091500161145136 vs. 1.9091500161145136
list:
dist: 3.1590690381481394 vs. 3.1590690381481394
list:
dist: 2.5258542408273916 vs. 2.5258542408273916
list:
dist: 2.6453437460434133 vs. 2.6453437460434133
list:
dist: 2.0139416498659117 vs. 2.0139416498659117
list:
dist: 1.9053070449046503 vs. 1.9053070449046503
list:
dist: 1.9872476284719758 vs. 1.9872476284719758
list:
dist: 1.0440743971873074 vs. 1.0440743971873074
list:
dist: 1.9599912928814427 vs. 1.9599912928814427
list:
dist: 0.9409183165134241 vs. 0.9409183165134241
list:
dist: 1.1701077213577524 vs. 1.1701077213577524
list:
dist: 1.320924978401315 vs. 1.320924978401315
list:
dist: 1.3179685437337891 vs. 1.3179685437337891
list:
dist: 0.4498848794771223 vs. 0.4498848794771223
list:
dist: 1.2635477362842986 vs. 1.2635477362842986
list:
dist: 1.745200322753073 vs. 1.745200322753073
list:
dist: 1.097682081985013 vs. 1.097682081985013
list:
dist: 1.6999505274672673 vs. 1.6999505274672673
list:
dist: 2.20335882960249 vs. 2.20335882960249
list:
dist: 0.7167439589453625 vs. 0.7167439589453625
list:
dist: 1.0615884524339745 vs. 1.0615884524339745
list:
dist: 1.1132663444925006 vs. 1.1132663444925006
list:
dist: 1.9279244091992296 vs. 1.9279244091992296
list:
dist: 2.0872315459823962 vs. 2.0872315459823962
list:
dist: 1.5879052772983915 vs. 1.5879052772983915
list:
dist: 1.5455592320522091 vs. 1.5455592320522091
list:
dist: 2.1489880768391214 vs. 2.1489880768391214
list:
dist: 1.5876328709771963 vs. 1.5876328709771963
list:
dist: 2.4507102479393676 vs. 2.4507102479393676
list:
dist: 1.4775112498941014 vs. 1.4775112498941014
list:
dist: 1.5499169377893192 vs. 1.5499169377893192
list:
dist: 1.4713764842985078 vs. 1.4713764842985078
list:
dist: 1.097682081985013 vs. 1.097682081985013
list:
dist: 2.067009904672419 vs. 2.067009904672419
list:
dist: 1.633150806244854 vs. 1.633150806244854
list:
dist: 1.7360781544424166 vs. 1.7360781544424166
list:
dist: 0.6681945493177616 vs. 0.6681945493177616
list:
dist: 1.199043851851902 vs. 1.199043851851902
list:
dist: 0.8170532211321221 vs. 0.8170532211321221
list:
dist: 1.3243329889474316 vs. 1.3243329889474316
list:
dist: 0.968057569695081 vs. 0.968057569695081
list:
dist: 0.42848493555308825 vs. 0.42848493555308825
list:
dist: 1.4319020263254247 vs. 1.4319020263254247
list:
dist: 1.526507568432329 vs. 1.526507568432329
list:
dist: 1.5207211597924755 vs. 1.5207211597924755
list:
dist: 1.5285749621027245 vs. 1.5285749621027245
list:
dist: 1.8904945193797653 vs. 1.8904945193797653
list:
dist: 2.994130464167356 vs. 2.994130464167356
list:
dist: 2.741827816926117 vs. 2.741827816926117
list:
dist: 2.3280682542688393 vs. 2.3280682542688393
list:
dist: 2.722536382755649 vs. 2.722536382755649
list:
dist: 3.0038183807642 vs. 3.0038183807642
list:
dist: 2.5751617560880473 vs. 2.5751617560880473
list:
dist: 3.503691956531677 vs. 3.503691956531677
list:
dist: 2.589863558218942 vs. 2.589863558218942
list:
dist: 2.4829968804248956 vs. 2.4829968804248956
list:
dist: 3.987167170164023 vs. 3.987167170164023
list:
dist: 1.5580471232211852 vs. 1.5580471232211852
list:
dist: 1.3179685437337891 vs. 1.3179685437337891
list:
dist: 2.7352480109178043 vs. 2.7352480109178043
list:
dist: 2.0157714417574346 vs. 2.0157714417574346
list:
dist: 2.479040686156411 vs. 2.479040686156411
list:
dist: 1.0765343747419194 vs. 1.0765343747419194
list:
dist: 1.5672555934226846 vs. 1.5672555934226846
list:
dist: 2.537265726855527 vs. 2.537265726855527
list:
dist: 0.6824835709773294 vs. 0.6824835709773294
list:
dist: 1.2507306811000565 vs. 1.2507306811000565
list:
dist: 1.6722483023186638 vs. 1.6722483023186638
list:
dist: 1.8135483263441678 vs. 1.8135483263441678
list:
dist: 1.3243329889474316 vs. 1.3243329889474316
list:
dist: 2.704782378846331 vs. 2.704782378846331
list:
dist: 0.9818128989294501 vs. 0.9818128989294501
list:
dist: 0.823701781270224 vs. 0.823701781270224
list:
dist: 1.1316810290992843 vs. 1.1316810290992843
list:
dist: 2.176599326045186 vs. 2.176599326045186
list:
dist: 2.7012909464198542 vs. 2.7012909464198542
list:
dist: 1.8698517806964021 vs. 1.8698517806964021
list:
dist: 1.264303573620577 vs. 1.264303573620577
list:
dist: 0.4646418747001357 vs. 0.4646418747001357
list:
dist: 0.8165049222168882 vs. 0.8165049222168882
list:
dist: 1.9922701845115083 vs. 1.9922701845115083
list:
dist: 2.8595754731746648 vs. 2.8595754731746648
list:
dist: 2.96030675888975 vs. 2.96030675888975
list:
dist: 1.2783623978995589 vs. 1.2783623978995589
list:
dist: 1.844290380758275 vs. 1.844290380758275
list:
dist: 1.9872476284719758 vs. 1.9872476284719758
list:
dist: 1.082565443793022 vs. 1.082565443793022
list:
dist: 0.6024045757705954 vs. 0.6024045757705954
list:
dist: 1.7388064301365715 vs. 1.7388064301365715
list:
dist: 1.1761669167250959 vs. 1.1761669167250959
list:
dist: 2.654556919870803 vs. 2.654556919870803
list:
dist: 2.7352480109178043 vs. 2.7352480109178043
list:
dist: 2.3299164458903583 vs. 2.3299164458903583
list:
dist: 2.225247896848536 vs. 2.225247896848536
list:
dist: 3.370410542312305 vs. 3.370410542312305
list:
dist: 2.067009904672419 vs. 2.067009904672419
list:
dist: 2.0543177759195133 vs. 2.0543177759195133
list:
dist: 1.957674489673302 vs. 1.957674489673302
list:
dist: 2.362858193261648 vs. 2.362858193261648
list:
dist: 2.9387091303702566 vs. 2.9387091303702566
list:
dist: 2.898585504053858 vs. 2.898585504053858
list:
dist: 0.9883525717150126 vs. 0.9883525717150126
list:
dist: 2.2249985791202396 vs. 2.2249985791202396
list:
dist: 2.20335882960249 vs. 2.20335882960249
list:
dist: 1.957674489673302 vs. 1.957674489673302
list:
dist: 1.5687524200478167 vs. 1.5687524200478167
list:
dist: 2.1977425045643026 vs. 2.1977425045643026
list:
dist: 2.2086411873716822 vs. 2.2086411873716822
list:
dist: 1.7472575482280805 vs. 1.7472575482280805
list:
dist: 1.961863837499695 vs. 1.961863837499695
list:
dist: 2.678475911249781 vs. 2.678475911249781
list:
dist: 3.048239638412841 vs. 3.048239638412841
list:
dist: 2.2381269573352403 vs. 2.2381269573352403
list:
dist: 1.620456414388925 vs. 1.620456414388925
list:
dist: 1.4117156899555505 vs. 1.4117156899555505
list:
dist: 1.3851115737351138 vs. 1.3851115737351138
list:
dist: 2.7656986866815103 vs. 2.7656986866815103
list:
dist: 2.877337108149034 vs. 2.877337108149034
list:
dist: 2.994413178163814 vs. 2.994413178163814
list:
dist: 1.294376381877131 vs. 1.294376381877131
list:
dist: 1.8156232211517407 vs. 1.8156232211517407
list:
dist: 1.0440743971873074 vs. 1.0440743971873074
list:
dist: 1.082565443793022 vs. 1.082565443793022
list:
dist: 1.3003060675294407 vs. 1.3003060675294407
list:
dist: 1.238206272749355 vs. 1.238206272749355
list:
dist: 0.8435601414923242 vs. 0.8435601414923242
list:
dist: 2.0671584274746584 vs. 2.0671584274746584
list:
dist: 2.0157714417574346 vs. 2.0157714417574346
list:
dist: 1.4651807427872976 vs. 1.4651807427872976
list:
dist: 1.8252705039560972 vs. 1.8252705039560972
list:
dist: 2.6963371305526493 vs. 2.6963371305526493
list:
dist: 1.633150806244854 vs. 1.633150806244854
list:
dist: 1.8377784102706465 vs. 1.8377784102706465
list:
dist: 1.5687524200478167 vs. 1.5687524200478167
list:
dist: 1.3839159950275581 vs. 1.3839159950275581
list:
dist: 2.0080866236194654 vs. 2.0080866236194654
list:
dist: 1.8852524649249205 vs. 1.8852524649249205
list:
dist: 2.225961660326321 vs. 2.225961660326321
list:
dist: 1.0615884524339745 vs. 1.0615884524339745
list:
dist: 2.9387091303702566 vs. 2.9387091303702566
list:
dist: 2.0080866236194654 vs. 2.0080866236194654
list:
dist: 2.8121736565209137 vs. 2.8121736565209137
list:
dist: 1.4380615682292668 vs. 1.4380615682292668
list:
dist: 1.891054398273104 vs. 1.891054398273104
list:
dist: 1.100731329761551 vs. 1.100731329761551
list:
dist: 0.823701781270224 vs. 0.823701781270224
list:
dist: 0.8913185261921863 vs. 0.8913185261921863
list:
dist: 1.7313283592781439 vs. 1.7313283592781439
list:
dist: 1.5223186922585998 vs. 1.5223186922585998
list:
dist: 1.5285749621027245 vs. 1.5285749621027245
list:
dist: 2.5433717279657126 vs. 2.5433717279657126
list:
dist: 0.737633760175012 vs. 0.737633760175012
list:
dist: 0.5649193761241027 vs. 0.5649193761241027
list:
dist: 2.3795906089397936 vs. 2.3795906089397936
list:
dist: 1.1132663444925006 vs. 1.1132663444925006
list:
dist: 2.898585504053858 vs. 2.898585504053858
list:
dist: 1.8852524649249205 vs. 1.8852524649249205
list:
dist: 2.872150151646166 vs. 2.872150151646166
list:
dist: 1.6421094686122903 vs. 1.6421094686122903
list:
dist: 1.9291336901108544 vs. 1.9291336901108544
list:
dist: 1.5644314298652933 vs. 1.5644314298652933
list:
dist: 1.1316810290992843 vs. 1.1316810290992843
list:
dist: 1.1436301356698666 vs. 1.1436301356698666
list:
dist: 2.1164808014666225 vs. 2.1164808014666225
list:
dist: 2.0292870043617963 vs. 2.0292870043617963
list:
dist: 1.8904945193797653 vs. 1.8904945193797653
list:
dist: 2.7553080260411686 vs. 2.7553080260411686
list:
dist: 0.5477406017706179 vs. 0.5477406017706179
list:
dist: 0.5649193761241027 vs. 0.5649193761241027
list:
dist: 1.9685417897089597 vs. 1.9685417897089597
list:
dist: 1.916590997433369 vs. 1.916590997433369
list:
dist: 0.7167439589453625 vs. 0.7167439589453625
list:
dist: 2.362858193261648 vs. 2.362858193261648
list:
dist: 1.3839159950275581 vs. 1.3839159950275581
list:
dist: 2.3277404934053543 vs. 2.3277404934053543
list:
dist: 1.1637604806542936 vs. 1.1637604806542936
list:
dist: 1.3855764168144227 vs. 1.3855764168144227
list:
dist: 1.3513912532487717 vs. 1.3513912532487717
list:
dist: 0.9818128989294501 vs. 0.9818128989294501
list:
dist: 0.908855471138737 vs. 0.908855471138737
list:
dist: 1.7940846730167577 vs. 1.7940846730167577
list:
dist: 2.0348521577339573 vs. 2.0348521577339573
list:
dist: 1.5207211597924755 vs. 1.5207211597924755
list:
dist: 2.4138662970985054 vs. 2.4138662970985054
list:
dist: 1.961863837499695 vs. 1.961863837499695
list:
dist: 0.737633760175012 vs. 0.737633760175012
list:
dist: 0.5477406017706179 vs. 0.5477406017706179
list:
dist: 3.4296605906998567 vs. 3.4296605906998567
list:
dist: 2.6686079839854875 vs. 2.6686079839854875
list:
dist: 3.979062915463686 vs. 3.979062915463686
list:
dist: 2.883067408721749 vs. 2.883067408721749
list:
dist: 3.12230882605295 vs. 3.12230882605295
list:
dist: 2.666832279686309 vs. 2.666832279686309
list:
dist: 1.0874847420612246 vs. 1.0874847420612246
list:
dist: 1.3303664864263336 vs. 1.3303664864263336
list:
dist: 1.0562412430369887 vs. 1.0562412430369887
list:
dist: 1.6364399557964193 vs. 1.6364399557964193
list:
dist: 1.7010452261904763 vs. 1.7010452261904763
list:
dist: 1.8956091974645388 vs. 1.8956091974645388
list:
dist: 1.9309805011876577 vs. 1.9309805011876577
list:
dist: 1.7423505211262897 vs. 1.7423505211262897
list:
dist: 1.9828386839278964 vs. 1.9828386839278964
list:
dist: 0.9122397623491074 vs. 0.9122397623491074
list:
dist: 2.2282870781094855 vs. 2.2282870781094855
list:
dist: 1.6697660995755736 vs. 1.6697660995755736
list:
dist: 1.6822522821942374 vs. 1.6822522821942374
list:
dist: 2.5290774679870163 vs. 2.5290774679870163
list:
dist: 1.914610160652183 vs. 1.914610160652183
list:
dist: 2.3859164286529575 vs. 2.3859164286529575
list:
dist: 2.867354408793582 vs. 2.867354408793582
list:
dist: 2.178209124688783 vs. 2.178209124688783
list:
dist: 2.546421206893468 vs. 2.546421206893468
list:
dist: 2.9089698615042 vs. 2.9089698615042
list:
dist: 2.4568499202355882 vs. 2.4568499202355882
list:
dist: 1.6534970759107526 vs. 1.6534970759107526
list:
dist: 2.3420674566602964 vs. 2.3420674566602964
list:
dist: 3.058717412948964 vs. 3.058717412948964
list:
dist: 2.973664421432395 vs. 2.973664421432395
list:
dist: 3.1682973056839203 vs. 3.1682973056839203
list:
dist: 2.998156577220489 vs. 2.998156577220489
list:
dist: 4.581184133193931 vs. 4.581184133193931
list:
dist: 3.9215552847700565 vs. 3.9215552847700565
list:
dist: 2.5787504384624746 vs. 2.5787504384624746
list:
dist: 4.352099853959982 vs. 4.352099853959982
list:
dist: 4.456851911397512 vs. 4.456851911397512
list:
dist: 1.5011061454259658 vs. 1.5011061454259658
list:
dist: 1.6364399557964193 vs. 1.6364399557964193
list:
dist: 1.4918664836535869 vs. 1.4918664836535869
list:
dist: 0.967858177613662 vs. 0.967858177613662
list:
dist: 0.629777651207986 vs. 0.629777651207986
list:
dist: 0.6055185224193279 vs. 0.6055185224193279
list:
dist: 1.1705639573227544 vs. 1.1705639573227544
list:
dist: 1.4279086244224923 vs. 1.4279086244224923
list:
dist: 3.3290362020817614 vs. 3.3290362020817614
list:
dist: 3.5034363095225993 vs. 3.5034363095225993
list:
dist: 2.2561445438754903 vs. 2.2561445438754903
list:
dist: 0.7625567413315579 vs. 0.7625567413315579
list:
dist: 1.616597764267645 vs. 1.616597764267645
list:
dist: 0.9211972401608949 vs. 0.9211972401608949
list:
dist: 1.929359294841447 vs. 1.929359294841447
list:
dist: 2.058951302184984 vs. 2.058951302184984
list:
dist: 2.4764813128988346 vs. 2.4764813128988346
list:
dist: 2.6642153312356878 vs. 2.6642153312356878
list:
dist: 2.3117407043673435 vs. 2.3117407043673435
list:
dist: 2.675623014784301 vs. 2.675623014784301
list:
dist: 2.711201317326265 vs. 2.711201317326265
list:
dist: 1.7316048509881818 vs. 1.7316048509881818
list:
dist: 2.030624849018861 vs. 2.030624849018861
list:
dist: 2.4862118784624534 vs. 2.4862118784624534
list:
dist: 2.9576391951816716 vs. 2.9576391951816716
list:
dist: 2.9516498616150098 vs. 2.9516498616150098
list:
dist: 3.007492281535316 vs. 3.007492281535316
list:
dist: 2.407831291084648 vs. 2.407831291084648
list:
dist: 2.6060393163996585 vs. 2.6060393163996585
list:
dist: 2.319274958620725 vs. 2.319274958620725
list:
dist: 1.6822522821942374 vs. 1.6822522821942374
list:
dist: 1.7700783550160717 vs. 1.7700783550160717
list:
dist: 1.6922058049126285 vs. 1.6922058049126285
list:
dist: 1.1387169147538578 vs. 1.1387169147538578
list:
dist: 0.9211972401608949 vs. 0.9211972401608949
list:
dist: 1.37357583021301 vs. 1.37357583021301
list:
dist: 1.7808999023552259 vs. 1.7808999023552259
list:
dist: 2.2667137293536004 vs. 2.2667137293536004
list:
dist: 3.1192904290313312 vs. 3.1192904290313312
list:
dist: 3.1777521933145305 vs. 3.1777521933145305
list:
dist: 2.1588501229487247 vs. 2.1588501229487247
list:
dist: 1.2896359587898378 vs. 1.2896359587898378
list:
dist: 1.109575433292403 vs. 1.109575433292403
list:
dist: 1.206947357502182 vs. 1.206947357502182
list:
dist: 1.8990778384465175 vs. 1.8990778384465175
list:
dist: 2.1003417303466714 vs. 2.1003417303466714
list:
dist: 3.410080341935786 vs. 3.410080341935786
list:
dist: 2.7776326979357204 vs. 2.7776326979357204
list:
dist: 3.2934492311401637 vs. 3.2934492311401637
list:
dist: 3.262008750407283 vs. 3.262008750407283
list:
dist: 2.2924499747427145 vs. 2.2924499747427145
list:
dist: 2.1202477535892568 vs. 2.1202477535892568
list:
dist: 2.548854224481397 vs. 2.548854224481397
list:
dist: 2.8706320718218685 vs. 2.8706320718218685
list:
dist: 3.0984634693346558 vs. 3.0984634693346558
list:
dist: 3.3711604289577863 vs. 3.3711604289577863
list:
dist: 2.5640989580419813 vs. 2.5640989580419813
list:
dist: 2.5931563986137927 vs. 2.5931563986137927
list:
dist: 1.1331335247423804 vs. 1.1331335247423804
list:
dist: 2.2282870781094855 vs. 2.2282870781094855
list:
dist: 1.7226123529837363 vs. 1.7226123529837363
list:
dist: 1.3360817742450735 vs. 1.3360817742450735
list:
dist: 1.3063945049804164 vs. 1.3063945049804164
list:
dist: 0.7625567413315579 vs. 0.7625567413315579
list:
dist: 0.6886227336553445 vs. 0.6886227336553445
list:
dist: 0.9790423710009712 vs. 0.9790423710009712
list:
dist: 1.8436934275672776 vs. 1.8436934275672776
list:
dist: 1.717596350318791 vs. 1.717596350318791
list:
dist: 1.2896359587898378 vs. 1.2896359587898378
list:
dist: 1.8418061758584607 vs. 1.8418061758584607
list:
dist: 1.9916988362668477 vs. 1.9916988362668477
list:
dist: 2.3584187759710367 vs. 2.3584187759710367
list:
dist: 2.550458582530971 vs. 2.550458582530971
list:
dist: 2.230969960756532 vs. 2.230969960756532
list:
dist: 2.6329284418544883 vs. 2.6329284418544883
list:
dist: 2.4366725046411966 vs. 2.4366725046411966
list:
dist: 1.3145017489385689 vs. 1.3145017489385689
list:
dist: 2.0524539442782457 vs. 2.0524539442782457
list:
dist: 2.306543978519919 vs. 2.306543978519919
list:
dist: 2.6174838331699974 vs. 2.6174838331699974
list:
dist: 2.6346607474142836 vs. 2.6346607474142836
list:
dist: 2.650335527245177 vs. 2.650335527245177
list:
dist: 1.882364124719549 vs. 1.882364124719549
list:
dist: 3.620578143907806 vs. 3.620578143907806
list:
dist: 2.6106160906216425 vs. 2.6106160906216425
list:
dist: 1.6697660995755736 vs. 1.6697660995755736
list:
dist: 1.4158327062973266 vs. 1.4158327062973266
list:
dist: 1.9288711333438082 vs. 1.9288711333438082
list:
dist: 1.624646451560689 vs. 1.624646451560689
list:
dist: 1.616597764267645 vs. 1.616597764267645
list:
dist: 1.6876262402428812 vs. 1.6876262402428812
list:
dist: 1.7449324481385506 vs. 1.7449324481385506
list:
dist: 2.79827326041904 vs. 2.79827326041904
list:
dist: 2.905728831052672 vs. 2.905728831052672
list:
dist: 2.9290773393163025 vs. 2.9290773393163025
list:
dist: 1.6134708209182747 vs. 1.6134708209182747
list:
dist: 1.717596350318791 vs. 1.717596350318791
list:
dist: 1.109575433292403 vs. 1.109575433292403
list:
dist: 1.0243491864176955 vs. 1.0243491864176955
list:
dist: 0.9203049205211347 vs. 0.9203049205211347
list:
dist: 1.0208238168076142 vs. 1.0208238168076142
list:
dist: 3.285343183841828 vs. 3.285343183841828
list:
dist: 2.3166017166597537 vs. 2.3166017166597537
list:
dist: 2.9888726702393673 vs. 2.9888726702393673
list:
dist: 2.8553639418457264 vs. 2.8553639418457264
list:
dist: 2.1098547091918856 vs. 2.1098547091918856
list:
dist: 1.3614879693664785 vs. 1.3614879693664785
list:
dist: 1.6785256141378393 vs. 1.6785256141378393
list:
dist: 1.9362587532676252 vs. 1.9362587532676252
list:
dist: 2.278372007651933 vs. 2.278372007651933
list:
dist: 2.747619927665816 vs. 2.747619927665816
list:
dist: 1.983344437133875 vs. 1.983344437133875
list:
dist: 4.309602017502572 vs. 4.309602017502572
list:
dist: 2.559507473203208 vs. 2.559507473203208
list:
dist: 1.914610160652183 vs. 1.914610160652183
list:
dist: 1.1989899420210393 vs. 1.1989899420210393
list:
dist: 1.992704542572484 vs. 1.992704542572484
list:
dist: 1.9938225411110855 vs. 1.9938225411110855
list:
dist: 2.058951302184984 vs. 2.058951302184984
list:
dist: 1.8401361877866216 vs. 1.8401361877866216
list:
dist: 1.5929902766921913 vs. 1.5929902766921913
list:
dist: 2.952487274346275 vs. 2.952487274346275
list:
dist: 3.093018321833752 vs. 3.093018321833752
list:
dist: 3.175908182162398 vs. 3.175908182162398
list:
dist: 1.5270403560774601 vs. 1.5270403560774601
list:
dist: 1.9916988362668477 vs. 1.9916988362668477
list:
dist: 0.9203049205211347 vs. 0.9203049205211347
list:
dist: 1.8990778384465175 vs. 1.8990778384465175
list:
dist: 1.7453188135252207 vs. 1.7453188135252207
list:
dist: 0.6621943595932582 vs. 0.6621943595932582
list:
dist: 2.8149543096123053 vs. 2.8149543096123053
list:
dist: 1.6792743917159485 vs. 1.6792743917159485
list:
dist: 2.418185844941587 vs. 2.418185844941587
list:
dist: 2.1918101242037595 vs. 2.1918101242037595
list:
dist: 1.7501531602876474 vs. 1.7501531602876474
list:
dist: 0.6751839485337532 vs. 0.6751839485337532
list:
dist: 0.7757770477902125 vs. 0.7757770477902125
list:
dist: 1.1777565351243227 vs. 1.1777565351243227
list:
dist: 1.4042334063509765 vs. 1.4042334063509765
list:
dist: 1.9498003888946296 vs. 1.9498003888946296
list:
dist: 1.4398470408660884 vs. 1.4398470408660884
list:
dist: 5.17871144177987 vs. 5.17871144177987
list:
dist: 4.458691828206076 vs. 4.458691828206076
list:
dist: 3.519583915277896 vs. 3.519583915277896
list:
dist: 4.652047786944014 vs. 4.652047786944014
list:
dist: 4.8993143496811005 vs. 4.8993143496811005
list:
dist: 1.0077374732044682 vs. 1.0077374732044682
list:
dist: 1.8956091974645388 vs. 1.8956091974645388
list:
dist: 1.0363976925099503 vs. 1.0363976925099503
list:
dist: 0.8668784885687218 vs. 0.8668784885687218
list:
dist: 1.2659094703368157 vs. 1.2659094703368157
list:
dist: 1.1705639573227544 vs. 1.1705639573227544
list:
dist: 0.5870597169769107 vs. 0.5870597169769107
list:
dist: 1.6444386658410133 vs. 1.6444386658410133
list:
dist: 3.5801095330431325 vs. 3.5801095330431325
list:
dist: 3.8069469837615904 vs. 3.8069469837615904
list:
dist: 2.143452342548425 vs. 2.143452342548425
list:
dist: 0.9790423710009712 vs. 0.9790423710009712
list:
dist: 1.7449324481385506 vs. 1.7449324481385506
list:
dist: 1.7808999023552259 vs. 1.7808999023552259
list:
dist: 2.312433969522774 vs. 2.312433969522774
list:
dist: 1.5929902766921913 vs. 1.5929902766921913
list:
dist: 2.158221181590835 vs. 2.158221181590835
list:
dist: 1.7004319401856307 vs. 1.7004319401856307
list:
dist: 1.2636528083377805 vs. 1.2636528083377805
list:
dist: 1.6730160073242062 vs. 1.6730160073242062
list:
dist: 1.5503674341469071 vs. 1.5503674341469071
list:
dist: 0.6225375059811067 vs. 0.6225375059811067
list:
dist: 1.3610949228309122 vs. 1.3610949228309122
list:
dist: 1.6518128817555007 vs. 1.6518128817555007
list:
dist: 2.2104828914815506 vs. 2.2104828914815506
list:
dist: 1.9653034441972803 vs. 1.9653034441972803
list:
dist: 1.8707226480891963 vs. 1.8707226480891963
list:
dist: 1.5552899159820108 vs. 1.5552899159820108
list:
dist: 4.243416823243431 vs. 4.243416823243431
list:
dist: 3.6572521736127444 vs. 3.6572521736127444
list:
dist: 3.314113681406548 vs. 3.314113681406548
list:
dist: 3.9972849368129206 vs. 3.9972849368129206
list:
dist: 4.088776003384087 vs. 4.088776003384087
list:
dist: 1.5479666625650905 vs. 1.5479666625650905
list:
dist: 1.9309805011876577 vs. 1.9309805011876577
list:
dist: 1.8884812640761377 vs. 1.8884812640761377
list:
dist: 0.9618345676908238 vs. 0.9618345676908238
list:
dist: 1.240100180927569 vs. 1.240100180927569
list:
dist: 1.4279086244224923 vs. 1.4279086244224923
list:
dist: 1.3249950379861084 vs. 1.3249950379861084
list:
dist: 1.6444386658410133 vs. 1.6444386658410133
list:
dist: 3.4656147785962435 vs. 3.4656147785962435
list:
dist: 3.782009799039715 vs. 3.782009799039715
list:
dist: 2.655126084107147 vs. 2.655126084107147
list:
dist: 1.8436934275672776 vs. 1.8436934275672776
list:
dist: 2.79827326041904 vs. 2.79827326041904
list:
dist: 2.2667137293536004 vs. 2.2667137293536004
list:
dist: 3.3311228016274823 vs. 3.3311228016274823
list:
dist: 2.952487274346275 vs. 2.952487274346275
list:
dist: 3.5323917610781166 vs. 3.5323917610781166
list:
dist: 2.0911852812403477 vs. 2.0911852812403477
list:
dist: 2.329748150584831 vs. 2.329748150584831
list:
dist: 2.273105232469032 vs. 2.273105232469032
list:
dist: 2.6652899528319933 vs. 2.6652899528319933
list:
dist: 2.1043308066246236 vs. 2.1043308066246236
list:
dist: 2.592478771796897 vs. 2.592478771796897
list:
dist: 3.112982900741434 vs. 3.112982900741434
list:
dist: 3.8017120176176946 vs. 3.8017120176176946
list:
dist: 3.4905662377317848 vs. 3.4905662377317848
list:
dist: 3.2704861625248727 vs. 3.2704861625248727
list:
dist: 3.1953196428342774 vs. 3.1953196428342774
list:
dist: 4.375749458421771 vs. 4.375749458421771
list:
dist: 3.6818814866920024 vs. 3.6818814866920024
list:
dist: 3.447156032434312 vs. 3.447156032434312
list:
dist: 3.926389208224233 vs. 3.926389208224233
list:
dist: 4.125199369504578 vs. 4.125199369504578
list:
dist: 1.3719267472514298 vs. 1.3719267472514298
list:
dist: 1.3303664864263336 vs. 1.3303664864263336
list:
dist: 0.9602145883645471 vs. 0.9602145883645471
list:
dist: 0.6790258267992584 vs. 0.6790258267992584
list:
dist: 0.967858177613662 vs. 0.967858177613662
list:
dist: 0.6514153275378001 vs. 0.6514153275378001
list:
dist: 0.8668784885687218 vs. 0.8668784885687218
list:
dist: 0.9618345676908238 vs. 0.9618345676908238
list:
dist: 3.0328282824193145 vs. 3.0328282824193145
list:
dist: 3.3069434718880983 vs. 3.3069434718880983
list:
dist: 1.8786901805843392 vs. 1.8786901805843392
list:
dist: 1.3360817742450735 vs. 1.3360817742450735
list:
dist: 1.9288711333438082 vs. 1.9288711333438082
list:
dist: 1.6922058049126285 vs. 1.6922058049126285
list:
dist: 2.596634372982813 vs. 2.596634372982813
list:
dist: 1.992704542572484 vs. 1.992704542572484
list:
dist: 2.585597310139294 vs. 2.585597310139294
list:
dist: 1.8673236492100767 vs. 1.8673236492100767
list:
dist: 1.599488816678997 vs. 1.599488816678997
list:
dist: 1.8226617901421018 vs. 1.8226617901421018
list:
dist: 2.081629085011801 vs. 2.081629085011801
list:
dist: 1.439919553281868 vs. 1.439919553281868
list:
dist: 1.6485179462290334 vs. 1.6485179462290334
list:
dist: 2.183458898996971 vs. 2.183458898996971
list:
dist: 2.8778256989882274 vs. 2.8778256989882274
list:
dist: 2.6225862532636883 vs. 2.6225862532636883
list:
dist: 2.5382241839449273 vs. 2.5382241839449273
list:
dist: 2.383443015819719 vs. 2.383443015819719
list:
dist: 3.1163442873801492 vs. 3.1163442873801492
list:
dist: 2.9275014588308244 vs. 2.9275014588308244
list:
dist: 2.5290774679870163 vs. 2.5290774679870163
list:
dist: 2.3360037780987337 vs. 2.3360037780987337
list:
dist: 2.596634372982813 vs. 2.596634372982813
list:
dist: 2.2072853814287163 vs. 2.2072853814287163
list:
dist: 1.929359294841447 vs. 1.929359294841447
list:
dist: 2.155946464669849 vs. 2.155946464669849
list:
dist: 2.312433969522774 vs. 2.312433969522774
list:
dist: 3.3311228016274823 vs. 3.3311228016274823
list:
dist: 3.7239952762276345 vs. 3.7239952762276345
list:
dist: 3.681075599835255 vs. 3.681075599835255
list:
dist: 2.6128903895833657 vs. 2.6128903895833657
list:
dist: 1.8418061758584607 vs. 1.8418061758584607
list:
dist: 1.0243491864176955 vs. 1.0243491864176955
list:
dist: 1.206947357502182 vs. 1.206947357502182
list:
dist: 1.7453188135252207 vs. 1.7453188135252207
list:
dist: 1.548695213150691 vs. 1.548695213150691
list:
dist: 3.9836039339595546 vs. 3.9836039339595546
list:
dist: 3.1394168756314524 vs. 3.1394168756314524
list:
dist: 3.7988270101608546 vs. 3.7988270101608546
list:
dist: 3.5305136074360592 vs. 3.5305136074360592
list:
dist: 2.598672905437428 vs. 2.598672905437428
list:
dist: 2.2908113929969525 vs. 2.2908113929969525
list:
dist: 2.433065980875436 vs. 2.433065980875436
list:
dist: 2.370380479189249 vs. 2.370380479189249
list:
dist: 2.8953346569224725 vs. 2.8953346569224725
list:
dist: 3.3652072900470658 vs. 3.3652072900470658
list:
dist: 2.2845896908763854 vs. 2.2845896908763854
list:
dist: 4.466539828168068 vs. 4.466539828168068
list:
dist: 3.702961174261936 vs. 3.702961174261936
list:
dist: 4.0596544404833415 vs. 4.0596544404833415
list:
dist: 3.7869836250716893 vs. 3.7869836250716893
list:
dist: 4.103564415703316 vs. 4.103564415703316
list:
dist: 1.9830002881491973 vs. 1.9830002881491973
list:
dist: 1.0874847420612246 vs. 1.0874847420612246
list:
dist: 0.9602145883645471 vs. 0.9602145883645471
list:
dist: 1.1549225134576402 vs. 1.1549225134576402
list:
dist: 1.4918664836535869 vs. 1.4918664836535869
list:
dist: 1.1838460411001681 vs. 1.1838460411001681
list:
dist: 1.0363976925099503 vs. 1.0363976925099503
list:
dist: 1.8884812640761377 vs. 1.8884812640761377
list:
dist: 2.6119879281606826 vs. 2.6119879281606826
list:
dist: 2.8437958990723704 vs. 2.8437958990723704
list:
dist: 1.121333123485624 vs. 1.121333123485624
list:
dist: 1.7226123529837363 vs. 1.7226123529837363
list:
dist: 1.4158327062973266 vs. 1.4158327062973266
list:
dist: 1.7700783550160717 vs. 1.7700783550160717
list:
dist: 2.3360037780987337 vs. 2.3360037780987337
list:
dist: 1.1989899420210393 vs. 1.1989899420210393
list:
dist: 1.8338282490373279 vs. 1.8338282490373279
list:
dist: 2.0553507974850356 vs. 2.0553507974850356
list:
dist: 1.1719495650839382 vs. 1.1719495650839382
list:
dist: 1.7014221623622723 vs. 1.7014221623622723
list:
dist: 1.8748673789387391 vs. 1.8748673789387391
list:
dist: 1.4718477225150897 vs. 1.4718477225150897
list:
dist: 0.7483045876180446 vs. 0.7483045876180446
list:
dist: 1.3947793151890984 vs. 1.3947793151890984
list:
dist: 2.1725412095933208 vs. 2.1725412095933208
list:
dist: 1.9578707228077827 vs. 1.9578707228077827
list:
dist: 2.0918107555824363 vs. 2.0918107555824363
list:
dist: 2.005275212222691 vs. 2.005275212222691
list:
dist: 3.8567498727966405 vs. 3.8567498727966405
list:
dist: 3.0665705618723313 vs. 3.0665705618723313
list:
dist: 3.7454288531503988 vs. 3.7454288531503988
list:
dist: 3.8990989696688043 vs. 3.8990989696688043
list:
dist: 4.077403075646148 vs. 4.077403075646148
list:
dist: 3.9500219367632368 vs. 3.9500219367632368
list:
dist: 3.422187857210431 vs. 3.422187857210431
list:
dist: 3.033208899598739 vs. 3.033208899598739
list:
dist: 3.4185485920270784 vs. 3.4185485920270784
list:
dist: 3.2974311574049904 vs. 3.2974311574049904
list:
dist: 0.9122397623491074 vs. 0.9122397623491074
list:
dist: 1.121333123485624 vs. 1.121333123485624
list:
dist: 1.8786901805843392 vs. 1.8786901805843392
list:
dist: 1.7789333546656565 vs. 1.7789333546656565
list:
dist: 2.2561445438754903 vs. 2.2561445438754903
list:
dist: 2.1750142701693127 vs. 2.1750142701693127
list:
dist: 2.143452342548425 vs. 2.143452342548425
list:
dist: 2.655126084107147 vs. 2.655126084107147
list:
dist: 1.6303595026137856 vs. 1.6303595026137856
list:
dist: 1.8148723801537254 vs. 1.8148723801537254
list:
dist: 3.496251630498508 vs. 3.496251630498508
list:
dist: 2.7306417491070243 vs. 2.7306417491070243
list:
dist: 3.169505374978546 vs. 3.169505374978546
list:
dist: 2.9754737568563336 vs. 2.9754737568563336
list:
dist: 3.800668060549813 vs. 3.800668060549813
list:
dist: 3.2398974384442147 vs. 3.2398974384442147
list:
dist: 3.699995743971628 vs. 3.699995743971628
list:
dist: 2.6273485427855006 vs. 2.6273485427855006
list:
dist: 1.6134708209182747 vs. 1.6134708209182747
list:
dist: 2.1588501229487247 vs. 2.1588501229487247
list:
dist: 2.6128903895833657 vs. 2.6128903895833657
list:
dist: 1.5270403560774601 vs. 1.5270403560774601
list:
dist: 1.9457929567640888 vs. 1.9457929567640888
list:
dist: 3.727058823796585 vs. 3.727058823796585
list:
dist: 1.9993786524946626 vs. 1.9993786524946626
list:
dist: 2.4887044815065154 vs. 2.4887044815065154
list:
dist: 2.7781737800668247 vs. 2.7781737800668247
list:
dist: 4.18477828011887 vs. 4.18477828011887
list:
dist: 3.667394566402652 vs. 3.667394566402652
list:
dist: 3.8824144607681963 vs. 3.8824144607681963
list:
dist: 3.4641481911510725 vs. 3.4641481911510725
list:
dist: 2.7168099051826076 vs. 2.7168099051826076
list:
dist: 3.963590671565891 vs. 3.963590671565891
list:
dist: 1.2514190522580295 vs. 1.2514190522580295
list:
dist: 1.8734426245729843 vs. 1.8734426245729843
list:
dist: 2.587205517021519 vs. 2.587205517021519
list:
dist: 2.521688100638713 vs. 2.521688100638713
list:
dist: 2.857133550479989 vs. 2.857133550479989
list:
dist: 2.818126901652058 vs. 2.818126901652058
list:
dist: 4.346593379784447 vs. 4.346593379784447
list:
dist: 4.054949678271379 vs. 4.054949678271379
list:
dist: 3.3689220985197066 vs. 3.3689220985197066
list:
dist: 3.0747371300529713 vs. 3.0747371300529713
list:
dist: 3.7448043177022186 vs. 3.7448043177022186
list:
dist: 3.879129738935024 vs. 3.879129738935024
list:
dist: 1.7924156845038592 vs. 1.7924156845038592
list:
dist: 1.0562412430369887 vs. 1.0562412430369887
list:
dist: 1.1549225134576402 vs. 1.1549225134576402
list:
dist: 0.6790258267992584 vs. 0.6790258267992584
list:
dist: 0.629777651207986 vs. 0.629777651207986
list:
dist: 0.8157491956840381 vs. 0.8157491956840381
list:
dist: 1.2659094703368157 vs. 1.2659094703368157
list:
dist: 1.240100180927569 vs. 1.240100180927569
list:
dist: 2.7636567908631076 vs. 2.7636567908631076
list:
dist: 2.9781618953092415 vs. 2.9781618953092415
list:
dist: 1.7789333546656565 vs. 1.7789333546656565
list:
dist: 1.3063945049804164 vs. 1.3063945049804164
list:
dist: 1.624646451560689 vs. 1.624646451560689
list:
dist: 1.1387169147538578 vs. 1.1387169147538578
list:
dist: 2.2072853814287163 vs. 2.2072853814287163
list:
dist: 1.9938225411110855 vs. 1.9938225411110855
list:
dist: 2.484749880176595 vs. 2.484749880176595
list:
dist: 2.543415447046897 vs. 2.543415447046897
list:
dist: 2.1240515795496804 vs. 2.1240515795496804
list:
dist: 2.454474087528701 vs. 2.454474087528701
list:
dist: 2.663962717708542 vs. 2.663962717708542
list:
dist: 1.8881043999280056 vs. 1.8881043999280056
list:
dist: 1.8249634393516665 vs. 1.8249634393516665
list:
dist: 2.4074416549344644 vs. 2.4074416549344644
list:
dist: 3.022624538235992 vs. 3.022624538235992
list:
dist: 2.941289136759602 vs. 2.941289136759602
list:
dist: 3.0070170494068296 vs. 3.0070170494068296
list:
dist: 2.6209020706252497 vs. 2.6209020706252497
list:
dist: 2.9860687454211594 vs. 2.9860687454211594
list:
dist: 3.058717412948964 vs. 3.058717412948964
list:
dist: 2.1725412095933208 vs. 2.1725412095933208
list:
dist: 2.8778256989882274 vs. 2.8778256989882274
list:
dist: 3.022624538235992 vs. 3.022624538235992
list:
dist: 2.9576391951816716 vs. 2.9576391951816716
list:
dist: 2.6264361199030004 vs. 2.6264361199030004
list:
dist: 2.2104828914815506 vs. 2.2104828914815506
list:
dist: 3.8017120176176946 vs. 3.8017120176176946
list:
dist: 4.156186384867014 vs. 4.156186384867014
list:
dist: 4.226271024680326 vs. 4.226271024680326
list:
dist: 2.587205517021519 vs. 2.587205517021519
list:
dist: 2.6174838331699974 vs. 2.6174838331699974
list:
dist: 1.9362587532676252 vs. 1.9362587532676252
list:
dist: 2.8706320718218685 vs. 2.8706320718218685
list:
dist: 2.370380479189249 vs. 2.370380479189249
list:
dist: 1.1777565351243227 vs. 1.1777565351243227
list:
dist: 1.1161886626686166 vs. 1.1161886626686166
list:
dist: 3.0878496457368594 vs. 3.0878496457368594
list:
dist: 2.024963635063428 vs. 2.024963635063428
list:
dist: 2.7241088910238704 vs. 2.7241088910238704
list:
dist: 2.1723878889281787 vs. 2.1723878889281787
list:
dist: 2.008923176182282 vs. 2.008923176182282
list:
dist: 1.5042524662510661 vs. 1.5042524662510661
list:
dist: 0.8844243170605323 vs. 0.8844243170605323
list:
dist: 0.8261953099129111 vs. 0.8261953099129111
list:
dist: 1.5535892465055376 vs. 1.5535892465055376
list:
dist: 1.040195200258489 vs. 1.040195200258489
list:
dist: 3.0073498768832274 vs. 3.0073498768832274
list:
dist: 3.0021284331032274 vs. 3.0021284331032274
list:
dist: 1.5814764393997394 vs. 1.5814764393997394
list:
dist: 2.5499862700386777 vs. 2.5499862700386777
list:
dist: 2.3420674566602964 vs. 2.3420674566602964
list:
dist: 1.3947793151890984 vs. 1.3947793151890984
list:
dist: 2.183458898996971 vs. 2.183458898996971
list:
dist: 2.4074416549344644 vs. 2.4074416549344644
list:
dist: 2.4862118784624534 vs. 2.4862118784624534
list:
dist: 2.0956010161454435 vs. 2.0956010161454435
list:
dist: 1.6518128817555007 vs. 1.6518128817555007
list:
dist: 3.112982900741434 vs. 3.112982900741434
list:
dist: 3.4883750307051393 vs. 3.4883750307051393
list:
dist: 3.627781638886796 vs. 3.627781638886796
list:
dist: 1.8734426245729843 vs. 1.8734426245729843
list:
dist: 2.306543978519919 vs. 2.306543978519919
list:
dist: 1.6785256141378393 vs. 1.6785256141378393
list:
dist: 2.548854224481397 vs. 2.548854224481397
list:
dist: 2.433065980875436 vs. 2.433065980875436
list:
dist: 0.7757770477902125 vs. 0.7757770477902125
list:
dist: 1.2011812740563024 vs. 1.2011812740563024
list:
dist: 2.4193732315488217 vs. 2.4193732315488217
list:
dist: 1.238784612834501 vs. 1.238784612834501
list:
dist: 1.9723999316853595 vs. 1.9723999316853595
list:
dist: 1.6254993167969791 vs. 1.6254993167969791
list:
dist: 1.569867251928384 vs. 1.569867251928384
list:
dist: 0.6943391021034236 vs. 0.6943391021034236
list:
dist: 0.8844243170605323 vs. 0.8844243170605323
list:
dist: 0.6819376239994014 vs. 0.6819376239994014
list:
dist: 1.2478063041913605 vs. 1.2478063041913605
list:
dist: 1.1961543532217271 vs. 1.1961543532217271
list:
dist: 2.561102303565142 vs. 2.561102303565142
list:
dist: 2.6194005324383443 vs. 2.6194005324383443
list:
dist: 1.556849668237299 vs. 1.556849668237299
list:
dist: 4.460574554104761 vs. 4.460574554104761
list:
dist: 3.0666643723050964 vs. 3.0666643723050964
list:
dist: 2.3859164286529575 vs. 2.3859164286529575
list:
dist: 1.8338282490373279 vs. 1.8338282490373279
list:
dist: 2.585597310139294 vs. 2.585597310139294
list:
dist: 2.484749880176595 vs. 2.484749880176595
list:
dist: 2.4764813128988346 vs. 2.4764813128988346
list:
dist: 2.3535475087342346 vs. 2.3535475087342346
list:
dist: 2.158221181590835 vs. 2.158221181590835
list:
dist: 3.5323917610781166 vs. 3.5323917610781166
list:
dist: 3.3691186164047364 vs. 3.3691186164047364
list:
dist: 3.367635355994529 vs. 3.367635355994529
list:
dist: 1.9457929567640888 vs. 1.9457929567640888
list:
dist: 2.3584187759710367 vs. 2.3584187759710367
list:
dist: 1.0208238168076142 vs. 1.0208238168076142
list:
dist: 2.1003417303466714 vs. 2.1003417303466714
list:
dist: 1.548695213150691 vs. 1.548695213150691
list:
dist: 0.6621943595932582 vs. 0.6621943595932582
list:
dist: 3.439652128899264 vs. 3.439652128899264
list:
dist: 2.3010047985940076 vs. 2.3010047985940076
list:
dist: 3.0480878231816093 vs. 3.0480878231816093
list:
dist: 2.7393987251530874 vs. 2.7393987251530874
list:
dist: 2.2692851496344506 vs. 2.2692851496344506
list:
dist: 1.3137875934390015 vs. 1.3137875934390015
list:
dist: 1.2011812740563024 vs. 1.2011812740563024
list:
dist: 1.1161886626686166 vs. 1.1161886626686166
list:
dist: 1.6849134810053044 vs. 1.6849134810053044
list:
dist: 2.3600977070680047 vs. 2.3600977070680047
list:
dist: 1.6495529344795905 vs. 1.6495529344795905
list:
dist: 3.2085001542674565 vs. 3.2085001542674565
list:
dist: 2.666832279686309 vs. 2.666832279686309
list:
dist: 1.9830002881491973 vs. 1.9830002881491973
list:
dist: 1.3719267472514298 vs. 1.3719267472514298
list:
dist: 1.7924156845038592 vs. 1.7924156845038592
list:
dist: 1.5011061454259658 vs. 1.5011061454259658
list:
dist: 1.0586698841227618 vs. 1.0586698841227618
list:
dist: 1.0077374732044682 vs. 1.0077374732044682
list:
dist: 1.5479666625650905 vs. 1.5479666625650905
list:
dist: 1.1331335247423804 vs. 1.1331335247423804
list:
dist: 2.6106160906216425 vs. 2.6106160906216425
list:
dist: 2.319274958620725 vs. 2.319274958620725
list:
dist: 2.9275014588308244 vs. 2.9275014588308244
list:
dist: 2.559507473203208 vs. 2.559507473203208
list:
dist: 3.0666643723050964 vs. 3.0666643723050964
list:
dist: 1.7121896013434885 vs. 1.7121896013434885
list:
dist: 1.9554788122667932 vs. 1.9554788122667932
list:
dist: 2.0479492901939387 vs. 2.0479492901939387
list:
dist: 1.8959230796448276 vs. 1.8959230796448276
list:
dist: 1.0328602869120684 vs. 1.0328602869120684
list:
dist: 2.353255337996106 vs. 2.353255337996106
list:
dist: 2.5499862700386777 vs. 2.5499862700386777
list:
dist: 2.9860687454211594 vs. 2.9860687454211594
list:
dist: 2.691660468107185 vs. 2.691660468107185
list:
dist: 2.3739958864758326 vs. 2.3739958864758326
list:
dist: 2.0926818304191617 vs. 2.0926818304191617
list:
dist: 4.845659815238358 vs. 4.845659815238358
list:
dist: 4.155619427084831 vs. 4.155619427084831
list:
dist: 3.0274408686700376 vs. 3.0274408686700376
list:
dist: 4.464917087041296 vs. 4.464917087041296
list:
dist: 4.640740273929733 vs. 4.640740273929733
list:
dist: 1.0586698841227618 vs. 1.0586698841227618
list:
dist: 1.7010452261904763 vs. 1.7010452261904763
list:
dist: 1.1838460411001681 vs. 1.1838460411001681
list:
dist: 0.6514153275378001 vs. 0.6514153275378001
list:
dist: 0.8157491956840381 vs. 0.8157491956840381
list:
dist: 0.6055185224193279 vs. 0.6055185224193279
list:
dist: 0.5870597169769107 vs. 0.5870597169769107
list:
dist: 1.3249950379861084 vs. 1.3249950379861084
list:
dist: 3.441580290546556 vs. 3.441580290546556
list:
dist: 3.6567934680284484 vs. 3.6567934680284484
list:
dist: 2.1750142701693127 vs. 2.1750142701693127
list:
dist: 0.6886227336553445 vs. 0.6886227336553445
list:
dist: 1.6876262402428812 vs. 1.6876262402428812
list:
dist: 1.37357583021301 vs. 1.37357583021301
list:
dist: 2.155946464669849 vs. 2.155946464669849
list:
dist: 1.8401361877866216 vs. 1.8401361877866216
list:
dist: 2.3535475087342346 vs. 2.3535475087342346
list:
dist: 2.0925717690340777 vs. 2.0925717690340777
list:
dist: 1.7687143497358784 vs. 1.7687143497358784
list:
dist: 2.1154838413846178 vs. 2.1154838413846178
list:
dist: 2.114005546629615 vs. 2.114005546629615
list:
dist: 1.1606653272005225 vs. 1.1606653272005225
list:
dist: 1.6913777760977036 vs. 1.6913777760977036
list:
dist: 2.0956010161454435 vs. 2.0956010161454435
list:
dist: 2.6264361199030004 vs. 2.6264361199030004
list:
dist: 2.4917273053894387 vs. 2.4917273053894387
list:
dist: 2.454936102495188 vs. 2.454936102495188
list:
dist: 2.001678080498338 vs. 2.001678080498338
list:
dist: 1.0328602869120684 vs. 1.0328602869120684
list:
dist: 2.4568499202355882 vs. 2.4568499202355882
list:
dist: 1.4718477225150897 vs. 1.4718477225150897
list:
dist: 1.439919553281868 vs. 1.439919553281868
list:
dist: 1.8881043999280056 vs. 1.8881043999280056
list:
dist: 1.7316048509881818 vs. 1.7316048509881818
list:
dist: 1.1606653272005225 vs. 1.1606653272005225
list:
dist: 0.6225375059811067 vs. 0.6225375059811067
list:
dist: 2.1043308066246236 vs. 2.1043308066246236
list:
dist: 1.3145017489385689 vs. 1.3145017489385689
list:
dist: 2.1098547091918856 vs. 2.1098547091918856
list:
dist: 2.2924499747427145 vs. 2.2924499747427145
list:
dist: 2.598672905437428 vs. 2.598672905437428
list:
dist: 1.7501531602876474 vs. 1.7501531602876474
list:
dist: 2.2692851496344506 vs. 2.2692851496344506
list:
dist: 1.5258991870249805 vs. 1.5258991870249805
list:
dist: 1.1802906853999038 vs. 1.1802906853999038
list:
dist: 1.5617532948998996 vs. 1.5617532948998996
list:
dist: 1.1444601431049843 vs. 1.1444601431049843
list:
dist: 1.5381260224735578 vs. 1.5381260224735578
list:
dist: 1.569867251928384 vs. 1.569867251928384
list:
dist: 2.008923176182282 vs. 2.008923176182282
list:
dist: 1.6588359174598153 vs. 1.6588359174598153
list:
dist: 1.4154415544722883 vs. 1.4154415544722883
list:
dist: 1.1931114816905708 vs. 1.1931114816905708
list:
dist: 2.7877086834718576 vs. 2.7877086834718576
list:
dist: 3.435736754535673 vs. 3.435736754535673
list:
dist: 2.262117874524814 vs. 2.262117874524814
list:
dist: 4.511268222646626 vs. 4.511268222646626
list:
dist: 4.904079343007327 vs. 4.904079343007327
list:
dist: 1.9554788122667932 vs. 1.9554788122667932
list:
dist: 2.178209124688783 vs. 2.178209124688783
list:
dist: 1.1719495650839382 vs. 1.1719495650839382
list:
dist: 1.599488816678997 vs. 1.599488816678997
list:
dist: 2.1240515795496804 vs. 2.1240515795496804
list:
dist: 2.3117407043673435 vs. 2.3117407043673435
list:
dist: 1.7687143497358784 vs. 1.7687143497358784
list:
dist: 1.2636528083377805 vs. 1.2636528083377805
list:
dist: 2.329748150584831 vs. 2.329748150584831
list:
dist: 3.490601911856698 vs. 3.490601911856698
list:
dist: 3.7646917630933006 vs. 3.7646917630933006
list:
dist: 1.9993786524946626 vs. 1.9993786524946626
list:
dist: 2.230969960756532 vs. 2.230969960756532
list:
dist: 2.3166017166597537 vs. 2.3166017166597537
list:
dist: 2.7776326979357204 vs. 2.7776326979357204
list:
dist: 3.1394168756314524 vs. 3.1394168756314524
list:
dist: 1.6792743917159485 vs. 1.6792743917159485
list:
dist: 2.3010047985940076 vs. 2.3010047985940076
list:
dist: 1.2385789353704677 vs. 1.2385789353704677
list:
dist: 0.7489242113692013 vs. 0.7489242113692013
list:
dist: 0.7894274708722793 vs. 0.7894274708722793
list:
dist: 1.1802906853999038 vs. 1.1802906853999038
list:
dist: 1.0986075301597449 vs. 1.0986075301597449
list:
dist: 1.238784612834501 vs. 1.238784612834501
list:
dist: 2.024963635063428 vs. 2.024963635063428
list:
dist: 1.3973812169315565 vs. 1.3973812169315565
list:
dist: 1.1496851447381014 vs. 1.1496851447381014
list:
dist: 1.7568894623853788 vs. 1.7568894623853788
list:
dist: 4.735240972608862 vs. 4.735240972608862
list:
dist: 4.379767204646987 vs. 4.379767204646987
list:
dist: 1.975748944393217 vs. 1.975748944393217
list:
dist: 2.4526873043081068 vs. 2.4526873043081068
list:
dist: 1.838695618000787 vs. 1.838695618000787
list:
dist: 2.3739958864758326 vs. 2.3739958864758326
list:
dist: 3.1682973056839203 vs. 3.1682973056839203
list:
dist: 2.0918107555824363 vs. 2.0918107555824363
list:
dist: 2.5382241839449273 vs. 2.5382241839449273
list:
dist: 3.0070170494068296 vs. 3.0070170494068296
list:
dist: 3.007492281535316 vs. 3.007492281535316
list:
dist: 2.454936102495188 vs. 2.454936102495188
list:
dist: 1.8707226480891963 vs. 1.8707226480891963
list:
dist: 3.2704861625248727 vs. 3.2704861625248727
list:
dist: 4.441138117011125 vs. 4.441138117011125
list:
dist: 4.657136889140398 vs. 4.657136889140398
list:
dist: 2.857133550479989 vs. 2.857133550479989
list:
dist: 2.650335527245177 vs. 2.650335527245177
list:
dist: 2.747619927665816 vs. 2.747619927665816
list:
dist: 3.3711604289577863 vs. 3.3711604289577863
list:
dist: 3.3652072900470658 vs. 3.3652072900470658
list:
dist: 1.9498003888946296 vs. 1.9498003888946296
list:
dist: 2.3600977070680047 vs. 2.3600977070680047
list:
dist: 1.8104416578928544 vs. 1.8104416578928544
list:
dist: 1.1496851447381014 vs. 1.1496851447381014
list:
dist: 1.53337223763545 vs. 1.53337223763545
list:
dist: 0.7924840109226496 vs. 0.7924840109226496
list:
dist: 1.4154415544722883 vs. 1.4154415544722883
list:
dist: 1.6771743972324669 vs. 1.6771743972324669
list:
dist: 1.2478063041913605 vs. 1.2478063041913605
list:
dist: 1.5535892465055376 vs. 1.5535892465055376
list:
dist: 0.7823511434572623 vs. 0.7823511434572623
list:
dist: 1.2876030467833868 vs. 1.2876030467833868
list:
dist: 1.685855823430321 vs. 1.685855823430321
list:
dist: 2.21996277835418 vs. 2.21996277835418
list:
dist: 0.8782673450855816 vs. 0.8782673450855816
list:
dist: 2.353255337996106 vs. 2.353255337996106
list:
dist: 1.6534970759107526 vs. 1.6534970759107526
list:
dist: 0.7483045876180446 vs. 0.7483045876180446
list:
dist: 1.6485179462290334 vs. 1.6485179462290334
list:
dist: 1.8249634393516665 vs. 1.8249634393516665
list:
dist: 2.030624849018861 vs. 2.030624849018861
list:
dist: 1.6913777760977036 vs. 1.6913777760977036
list:
dist: 1.3610949228309122 vs. 1.3610949228309122
list:
dist: 2.592478771796897 vs. 2.592478771796897
list:
dist: 2.881066014091016 vs. 2.881066014091016
list:
dist: 3.0522910674418173 vs. 3.0522910674418173
list:
dist: 1.2514190522580295 vs. 1.2514190522580295
list:
dist: 2.0524539442782457 vs. 2.0524539442782457
list:
dist: 1.3614879693664785 vs. 1.3614879693664785
list:
dist: 2.1202477535892568 vs. 2.1202477535892568
list:
dist: 2.2908113929969525 vs. 2.2908113929969525
list:
dist: 0.6751839485337532 vs. 0.6751839485337532
list:
dist: 1.3137875934390015 vs. 1.3137875934390015
list:
dist: 2.2750462980162522 vs. 2.2750462980162522
list:
dist: 1.0986075301597449 vs. 1.0986075301597449
list:
dist: 1.8121076241671192 vs. 1.8121076241671192
list:
dist: 1.748651442885903 vs. 1.748651442885903
list:
dist: 1.5381260224735578 vs. 1.5381260224735578
list:
dist: 0.6943391021034236 vs. 0.6943391021034236
list:
dist: 1.5042524662510661 vs. 1.5042524662510661
list:
dist: 1.330373134193386 vs. 1.330373134193386
list:
dist: 1.6771743972324669 vs. 1.6771743972324669
list:
dist: 1.6135268760360284 vs. 1.6135268760360284
list:
dist: 2.8036322167269057 vs. 2.8036322167269057
list:
dist: 2.8905816222994996 vs. 2.8905816222994996
list:
dist: 2.1372228945624623 vs. 2.1372228945624623
list:
dist: 2.691660468107185 vs. 2.691660468107185
list:
dist: 2.973664421432395 vs. 2.973664421432395
list:
dist: 1.9578707228077827 vs. 1.9578707228077827
list:
dist: 2.6225862532636883 vs. 2.6225862532636883
list:
dist: 2.941289136759602 vs. 2.941289136759602
list:
dist: 2.9516498616150098 vs. 2.9516498616150098
list:
dist: 2.4917273053894387 vs. 2.4917273053894387
list:
dist: 1.9653034441972803 vs. 1.9653034441972803
list:
dist: 3.4905662377317848 vs. 3.4905662377317848
list:
dist: 4.126080029348688 vs. 4.126080029348688
list:
dist: 4.277612650254877 vs. 4.277612650254877
list:
dist: 2.521688100638713 vs. 2.521688100638713
list:
dist: 2.6346607474142836 vs. 2.6346607474142836
list:
dist: 2.278372007651933 vs. 2.278372007651933
list:
dist: 3.0984634693346558 vs. 3.0984634693346558
list:
dist: 2.8953346569224725 vs. 2.8953346569224725
list:
dist: 1.4042334063509765 vs. 1.4042334063509765
list:
dist: 1.6849134810053044 vs. 1.6849134810053044
list:
dist: 2.4070441063315533 vs. 2.4070441063315533
list:
dist: 1.3973812169315565 vs. 1.3973812169315565
list:
dist: 2.0164829988825694 vs. 2.0164829988825694
list:
dist: 1.4419277634781469 vs. 1.4419277634781469
list:
dist: 1.6588359174598153 vs. 1.6588359174598153
list:
dist: 1.330373134193386 vs. 1.330373134193386
list:
dist: 0.6819376239994014 vs. 0.6819376239994014
list:
dist: 0.8261953099129111 vs. 0.8261953099129111
list:
dist: 0.7823511434572623 vs. 0.7823511434572623
list:
dist: 1.0711506991037165 vs. 1.0711506991037165
list:
dist: 2.1993304181837323 vs. 2.1993304181837323
list:
dist: 2.344888256519201 vs. 2.344888256519201
list:
dist: 0.9318157190152208 vs. 0.9318157190152208
list:
dist: 2.5679465178013428 vs. 2.5679465178013428
list:
dist: 1.838695618000787 vs. 1.838695618000787
list:
dist: 2.2002180766688206 vs. 2.2002180766688206
list:
dist: 1.590364074142711 vs. 1.590364074142711
list:
dist: 2.262117874524814 vs. 2.262117874524814
list:
dist: 2.1372228945624623 vs. 2.1372228945624623
list:
dist: 1.556849668237299 vs. 1.556849668237299
list:
dist: 1.5814764393997394 vs. 1.5814764393997394
list:
dist: 0.9318157190152208 vs. 0.9318157190152208
list:
dist: 0.8782673450855816 vs. 0.8782673450855816
list:
dist: 1.784195069506954 vs. 1.784195069506954
list:
dist: 1.6153336121471882 vs. 1.6153336121471882
list:
dist: 1.7776992978985742 vs. 1.7776992978985742
list:
dist: 2.0926818304191617 vs. 2.0926818304191617
list:
dist: 2.998156577220489 vs. 2.998156577220489
list:
dist: 2.005275212222691 vs. 2.005275212222691
list:
dist: 2.383443015819719 vs. 2.383443015819719
list:
dist: 2.6209020706252497 vs. 2.6209020706252497
list:
dist: 2.407831291084648 vs. 2.407831291084648
list:
dist: 2.001678080498338 vs. 2.001678080498338
list:
dist: 1.5552899159820108 vs. 1.5552899159820108
list:
dist: 3.1953196428342774 vs. 3.1953196428342774
list:
dist: 4.433106682772563 vs. 4.433106682772563
list:
dist: 4.565044016633451 vs. 4.565044016633451
list:
dist: 2.818126901652058 vs. 2.818126901652058
list:
dist: 1.882364124719549 vs. 1.882364124719549
list:
dist: 1.983344437133875 vs. 1.983344437133875
list:
dist: 2.5640989580419813 vs. 2.5640989580419813
list:
dist: 2.2845896908763854 vs. 2.2845896908763854
list:
dist: 1.4398470408660884 vs. 1.4398470408660884
list:
dist: 1.6495529344795905 vs. 1.6495529344795905
list:
dist: 2.5084032343112597 vs. 2.5084032343112597
list:
dist: 1.7568894623853788 vs. 1.7568894623853788
list:
dist: 2.358990714277851 vs. 2.358990714277851
list:
dist: 1.6872919795706471 vs. 1.6872919795706471
list:
dist: 1.1931114816905708 vs. 1.1931114816905708
list:
dist: 1.6135268760360284 vs. 1.6135268760360284
list:
dist: 1.1961543532217271 vs. 1.1961543532217271
list:
dist: 1.040195200258489 vs. 1.040195200258489
list:
dist: 1.0711506991037165 vs. 1.0711506991037165
list:
dist: 1.2876030467833868 vs. 1.2876030467833868
list:
dist: 2.972563530563509 vs. 2.972563530563509
list:
dist: 3.3607072465075665 vs. 3.3607072465075665
list:
dist: 1.784195069506954 vs. 1.784195069506954
list:
dist: 1.7121896013434885 vs. 1.7121896013434885
list:
dist: 2.867354408793582 vs. 2.867354408793582
list:
dist: 2.0553507974850356 vs. 2.0553507974850356
list:
dist: 1.8673236492100767 vs. 1.8673236492100767
list:
dist: 2.543415447046897 vs. 2.543415447046897
list:
dist: 2.6642153312356878 vs. 2.6642153312356878
list:
dist: 2.0925717690340777 vs. 2.0925717690340777
list:
dist: 1.7004319401856307 vs. 1.7004319401856307
list:
dist: 2.0911852812403477 vs. 2.0911852812403477
list:
dist: 2.550458582530971 vs. 2.550458582530971
list:
dist: 3.285343183841828 vs. 3.285343183841828
list:
dist: 3.410080341935786 vs. 3.410080341935786
list:
dist: 3.9836039339595546 vs. 3.9836039339595546
list:
dist: 2.8149543096123053 vs. 2.8149543096123053
list:
dist: 3.439652128899264 vs. 3.439652128899264
list:
dist: 1.2385789353704677 vs. 1.2385789353704677
list:
dist: 0.6730855652325028 vs. 0.6730855652325028
list:
dist: 1.0183643672478513 vs. 1.0183643672478513
list:
dist: 1.5258991870249805 vs. 1.5258991870249805
list:
dist: 2.2750462980162522 vs. 2.2750462980162522
list:
dist: 2.4193732315488217 vs. 2.4193732315488217
list:
dist: 3.0878496457368594 vs. 3.0878496457368594
list:
dist: 2.4070441063315533 vs. 2.4070441063315533
list:
dist: 1.8104416578928544 vs. 1.8104416578928544
list:
dist: 2.5084032343112597 vs. 2.5084032343112597
list:
dist: 4.3633000405386495 vs. 4.3633000405386495
list:
dist: 4.437847380370422 vs. 4.437847380370422
list:
dist: 4.168112481400704 vs. 4.168112481400704
list:
dist: 3.850723917370826 vs. 3.850723917370826
list:
dist: 3.371733421206652 vs. 3.371733421206652
list:
dist: 2.0867692976335315 vs. 2.0867692976335315
list:
dist: 3.0039458065115383 vs. 3.0039458065115383
list:
dist: 2.5679465178013428 vs. 2.5679465178013428
list:
dist: 4.575779142884011 vs. 4.575779142884011
list:
dist: 4.96487032210214 vs. 4.96487032210214
list:
dist: 2.0479492901939387 vs. 2.0479492901939387
list:
dist: 2.546421206893468 vs. 2.546421206893468
list:
dist: 1.7014221623622723 vs. 1.7014221623622723
list:
dist: 1.8226617901421018 vs. 1.8226617901421018
list:
dist: 2.454474087528701 vs. 2.454474087528701
list:
dist: 2.675623014784301 vs. 2.675623014784301
list:
dist: 2.1154838413846178 vs. 2.1154838413846178
list:
dist: 1.6730160073242062 vs. 1.6730160073242062
list:
dist: 2.273105232469032 vs. 2.273105232469032
list:
dist: 3.798573581018923 vs. 3.798573581018923
list:
dist: 4.130388702320439 vs. 4.130388702320439
list:
dist: 2.4887044815065154 vs. 2.4887044815065154
list:
dist: 2.6329284418544883 vs. 2.6329284418544883
list:
dist: 2.9888726702393673 vs. 2.9888726702393673
list:
dist: 3.2934492311401637 vs. 3.2934492311401637
list:
dist: 3.7988270101608546 vs. 3.7988270101608546
list:
dist: 2.418185844941587 vs. 2.418185844941587
list:
dist: 3.0480878231816093 vs. 3.0480878231816093
list:
dist: 0.6730855652325028 vs. 0.6730855652325028
list:
dist: 0.7489242113692013 vs. 0.7489242113692013
list:
dist: 0.8565569913588159 vs. 0.8565569913588159
list:
dist: 1.5617532948998996 vs. 1.5617532948998996
list:
dist: 1.8121076241671192 vs. 1.8121076241671192
list:
dist: 1.9723999316853595 vs. 1.9723999316853595
list:
dist: 2.7241088910238704 vs. 2.7241088910238704
list:
dist: 2.0164829988825694 vs. 2.0164829988825694
list:
dist: 1.53337223763545 vs. 1.53337223763545
list:
dist: 2.358990714277851 vs. 2.358990714277851
list:
dist: 4.012505672344373 vs. 4.012505672344373
list:
dist: 3.6596154433231827 vs. 3.6596154433231827
list:
dist: 1.7546932166127394 vs. 1.7546932166127394
list:
dist: 2.475977501956847 vs. 2.475977501956847
list:
dist: 2.2002180766688206 vs. 2.2002180766688206
list:
dist: 5.24923990830651 vs. 5.24923990830651
list:
dist: 5.6329049117866905 vs. 5.6329049117866905
list:
dist: 1.8959230796448276 vs. 1.8959230796448276
list:
dist: 2.9089698615042 vs. 2.9089698615042
list:
dist: 1.8748673789387391 vs. 1.8748673789387391
list:
dist: 2.081629085011801 vs. 2.081629085011801
list:
dist: 2.663962717708542 vs. 2.663962717708542
list:
dist: 2.711201317326265 vs. 2.711201317326265
list:
dist: 2.114005546629615 vs. 2.114005546629615
list:
dist: 1.5503674341469071 vs. 1.5503674341469071
list:
dist: 2.6652899528319933 vs. 2.6652899528319933
list:
dist: 4.27824390177949 vs. 4.27824390177949
list:
dist: 4.553373992039646 vs. 4.553373992039646
list:
dist: 2.7781737800668247 vs. 2.7781737800668247
list:
dist: 2.4366725046411966 vs. 2.4366725046411966
list:
dist: 2.8553639418457264 vs. 2.8553639418457264
list:
dist: 3.262008750407283 vs. 3.262008750407283
list:
dist: 3.5305136074360592 vs. 3.5305136074360592
list:
dist: 2.1918101242037595 vs. 2.1918101242037595
list:
dist: 2.7393987251530874 vs. 2.7393987251530874
list:
dist: 1.0183643672478513 vs. 1.0183643672478513
list:
dist: 0.7894274708722793 vs. 0.7894274708722793
list:
dist: 0.8565569913588159 vs. 0.8565569913588159
list:
dist: 1.1444601431049843 vs. 1.1444601431049843
list:
dist: 1.748651442885903 vs. 1.748651442885903
list:
dist: 1.6254993167969791 vs. 1.6254993167969791
list:
dist: 2.1723878889281787 vs. 2.1723878889281787
list:
dist: 1.4419277634781469 vs. 1.4419277634781469
list:
dist: 0.7924840109226496 vs. 0.7924840109226496
list:
dist: 1.6872919795706471 vs. 1.6872919795706471
list:
dist: 4.468497282308688 vs. 4.468497282308688
list:
dist: 3.9847733072045544 vs. 3.9847733072045544
list:
dist: 1.656081769155135 vs. 1.656081769155135
list:
dist: 2.4481221207330326 vs. 2.4481221207330326
list:
dist: 1.590364074142711 vs. 1.590364074142711
list:
dist: 0.7588486909065858 vs. 0.7588486909065858
list:
dist: 0.6366482052952052 vs. 0.6366482052952052
list:
dist: 1.5821836322682679 vs. 1.5821836322682679
list:
dist: 0.9940804369223096 vs. 0.9940804369223096
list:
dist: 1.7285715359152374 vs. 1.7285715359152374
list:
dist: 1.9809014779394825 vs. 1.9809014779394825
list:
dist: 2.4074762920300827 vs. 2.4074762920300827
list:
dist: 0.6577941162463382 vs. 0.6577941162463382
list:
dist: 1.6051910327034187 vs. 1.6051910327034187
list:
dist: 3.12230882605295 vs. 3.12230882605295
list:
dist: 4.103564415703316 vs. 4.103564415703316
list:
dist: 4.125199369504578 vs. 4.125199369504578
list:
dist: 3.879129738935024 vs. 3.879129738935024
list:
dist: 4.456851911397512 vs. 4.456851911397512
list:
dist: 4.640740273929733 vs. 4.640740273929733
list:
dist: 4.8993143496811005 vs. 4.8993143496811005
list:
dist: 4.088776003384087 vs. 4.088776003384087
list:
dist: 2.019452111403812 vs. 2.019452111403812
list:
dist: 2.2054623942644596 vs. 2.2054623942644596
list:
dist: 3.4185485920270784 vs. 3.4185485920270784
list:
dist: 2.1818639000840236 vs. 2.1818639000840236
list:
dist: 3.003519856877588 vs. 3.003519856877588
list:
dist: 1.9653906344233036 vs. 1.9653906344233036
list:
dist: 1.9812116930331174 vs. 1.9812116930331174
list:
dist: 3.3751449119618187 vs. 3.3751449119618187
list:
dist: 3.0612712475355983 vs. 3.0612712475355983
list:
dist: 2.0809560597637757 vs. 2.0809560597637757
list:
dist: 1.871402832441594 vs. 1.871402832441594
list:
dist: 3.4026358721300243 vs. 3.4026358721300243
list:
dist: 4.904079343007327 vs. 4.904079343007327
list:
dist: 4.96487032210214 vs. 4.96487032210214
list:
dist: 5.6329049117866905 vs. 5.6329049117866905
list:
dist: 4.510367032831313 vs. 4.510367032831313
list:
dist: 4.591492345536392 vs. 4.591492345536392
list:
dist: 4.063664402771122 vs. 4.063664402771122
list:
dist: 4.001434437049594 vs. 4.001434437049594
list:
dist: 3.491345897269745 vs. 3.491345897269745
list:
dist: 5.094568047197759 vs. 5.094568047197759
list:
dist: 1.5516028630594143 vs. 1.5516028630594143
list:
dist: 1.5401342449439823 vs. 1.5401342449439823
list:
dist: 1.0615660752825817 vs. 1.0615660752825817
list:
dist: 0.3934078270963273 vs. 0.3934078270963273
list:
dist: 0.4076952680223013 vs. 0.4076952680223013
list:
dist: 1.0633870007397885 vs. 1.0633870007397885
list:
dist: 1.8155110233074596 vs. 1.8155110233074596
list:
dist: 1.5821836322682679 vs. 1.5821836322682679
list:
dist: 2.224679179009725 vs. 2.224679179009725
list:
dist: 2.181356427207129 vs. 2.181356427207129
list:
dist: 2.0325750083531977 vs. 2.0325750083531977
list:
dist: 3.7454288531503988 vs. 3.7454288531503988
list:
dist: 1.4628090450863707 vs. 1.4628090450863707
list:
dist: 2.6707499791756306 vs. 2.6707499791756306
list:
dist: 1.5215462432202564 vs. 1.5215462432202564
list:
dist: 1.3228084376451132 vs. 1.3228084376451132
list:
dist: 2.2748885363635427 vs. 2.2748885363635427
list:
dist: 2.0790924985511317 vs. 2.0790924985511317
list:
dist: 1.1097053895592244 vs. 1.1097053895592244
list:
dist: 2.1265962436595927 vs. 2.1265962436595927
list:
dist: 2.3932540791729053 vs. 2.3932540791729053
list:
dist: 1.9806853333750216 vs. 1.9806853333750216
list:
dist: 1.3228084376451132 vs. 1.3228084376451132
list:
dist: 1.5756831864562013 vs. 1.5756831864562013
list:
dist: 1.7080432213779084 vs. 1.7080432213779084
list:
dist: 1.3748192419512852 vs. 1.3748192419512852
list:
dist: 1.1408154721820056 vs. 1.1408154721820056
list:
dist: 1.7303431768741713 vs. 1.7303431768741713
list:
dist: 1.9812116930331174 vs. 1.9812116930331174
list:
dist: 1.6381308624442796 vs. 1.6381308624442796
list:
dist: 1.4258439508520049 vs. 1.4258439508520049
list:
dist: 1.1969959743854774 vs. 1.1969959743854774
list:
dist: 2.9754737568563336 vs. 2.9754737568563336
list:
dist: 0.5931354264279718 vs. 0.5931354264279718
list:
dist: 1.3484464329472472 vs. 1.3484464329472472
list:
dist: 0.45715094695413455 vs. 0.45715094695413455
list:
dist: 1.442902702574098 vs. 1.442902702574098
list:
dist: 1.0956053141113251 vs. 1.0956053141113251
list:
dist: 0.7305074908565021 vs. 0.7305074908565021
list:
dist: 1.1333368178799827 vs. 1.1333368178799827
list:
dist: 2.835771428152969 vs. 2.835771428152969
list:
dist: 3.4945914971397545 vs. 3.4945914971397545
list:
dist: 3.1690741737464014 vs. 3.1690741737464014
list:
dist: 2.9009111535546546 vs. 2.9009111535546546
list:
dist: 3.230387540686452 vs. 3.230387540686452
list:
dist: 2.272482885240876 vs. 2.272482885240876
list:
dist: 3.6922477469818284 vs. 3.6922477469818284
list:
dist: 3.8009613791713766 vs. 3.8009613791713766
list:
dist: 4.182035444228242 vs. 4.182035444228242
list:
dist: 4.426577772869812 vs. 4.426577772869812
list:
dist: 1.4099431414883636 vs. 1.4099431414883636
list:
dist: 1.0007469561704765 vs. 1.0007469561704765
list:
dist: 1.8155110233074596 vs. 1.8155110233074596
list:
dist: 1.1828804992883235 vs. 1.1828804992883235
list:
dist: 2.0693884075369886 vs. 2.0693884075369886
list:
dist: 2.1778591571348787 vs. 2.1778591571348787
list:
dist: 2.4425189373397065 vs. 2.4425189373397065
list:
dist: 0.6577941162463382 vs. 0.6577941162463382
list:
dist: 1.0541222963825378 vs. 1.0541222963825378
list:
dist: 2.883067408721749 vs. 2.883067408721749
list:
dist: 3.7869836250716893 vs. 3.7869836250716893
list:
dist: 3.926389208224233 vs. 3.926389208224233
list:
dist: 3.7448043177022186 vs. 3.7448043177022186
list:
dist: 4.352099853959982 vs. 4.352099853959982
list:
dist: 4.464917087041296 vs. 4.464917087041296
list:
dist: 4.652047786944014 vs. 4.652047786944014
list:
dist: 3.9972849368129206 vs. 3.9972849368129206
list:
dist: 1.6410845197282908 vs. 1.6410845197282908
list:
dist: 1.8835893929638161 vs. 1.8835893929638161
list:
dist: 3.033208899598739 vs. 3.033208899598739
list:
dist: 1.9376226510265777 vs. 1.9376226510265777
list:
dist: 2.5158386095400904 vs. 2.5158386095400904
list:
dist: 1.6375770168078438 vs. 1.6375770168078438
list:
dist: 1.7303431768741713 vs. 1.7303431768741713
list:
dist: 3.1509948116809126 vs. 3.1509948116809126
list:
dist: 2.811518979199923 vs. 2.811518979199923
list:
dist: 1.969521537296142 vs. 1.969521537296142
list:
dist: 1.3015093203312602 vs. 1.3015093203312602
list:
dist: 2.7855938221556147 vs. 2.7855938221556147
list:
dist: 4.511268222646626 vs. 4.511268222646626
list:
dist: 4.575779142884011 vs. 4.575779142884011
list:
dist: 5.24923990830651 vs. 5.24923990830651
list:
dist: 3.8941830476524357 vs. 3.8941830476524357
list:
dist: 4.001193209783576 vs. 4.001193209783576
list:
dist: 3.4701278450276942 vs. 3.4701278450276942
list:
dist: 3.3526488092170363 vs. 3.3526488092170363
list:
dist: 2.8861342340098437 vs. 2.8861342340098437
list:
dist: 4.493307670188124 vs. 4.493307670188124
list:
dist: 3.0039458065115383 vs. 3.0039458065115383
list:
dist: 2.4526873043081068 vs. 2.4526873043081068
list:
dist: 2.475977501956847 vs. 2.475977501956847
list:
dist: 2.4481221207330326 vs. 2.4481221207330326
list:
dist: 3.435736754535673 vs. 3.435736754535673
list:
dist: 2.8905816222994996 vs. 2.8905816222994996
list:
dist: 2.6194005324383443 vs. 2.6194005324383443
list:
dist: 3.0021284331032274 vs. 3.0021284331032274
list:
dist: 2.344888256519201 vs. 2.344888256519201
list:
dist: 2.21996277835418 vs. 2.21996277835418
list:
dist: 3.3607072465075665 vs. 3.3607072465075665
list:
dist: 4.488678042068401 vs. 4.488678042068401
list:
dist: 4.399170545439597 vs. 4.399170545439597
list:
dist: 1.2025751104199445 vs. 1.2025751104199445
list:
dist: 1.7776992978985742 vs. 1.7776992978985742
list:
dist: 4.37129230220433 vs. 4.37129230220433
list:
dist: 5.912274817460278 vs. 5.912274817460278
list:
dist: 4.848959250260134 vs. 4.848959250260134
list:
dist: 3.5731593503846457 vs. 3.5731593503846457
list:
dist: 4.622098194382224 vs. 4.622098194382224
list:
dist: 5.099241308055729 vs. 5.099241308055729
list:
dist: 5.299816830953785 vs. 5.299816830953785
list:
dist: 3.9285048524597483 vs. 3.9285048524597483
list:
dist: 2.0867692976335315 vs. 2.0867692976335315
list:
dist: 1.975748944393217 vs. 1.975748944393217
list:
dist: 1.7546932166127394 vs. 1.7546932166127394
list:
dist: 1.656081769155135 vs. 1.656081769155135
list:
dist: 2.7877086834718576 vs. 2.7877086834718576
list:
dist: 2.8036322167269057 vs. 2.8036322167269057
list:
dist: 2.561102303565142 vs. 2.561102303565142
list:
dist: 3.0073498768832274 vs. 3.0073498768832274
list:
dist: 2.1993304181837323 vs. 2.1993304181837323
list:
dist: 1.685855823430321 vs. 1.685855823430321
list:
dist: 2.972563530563509 vs. 2.972563530563509
list:
dist: 3.745601772188926 vs. 3.745601772188926
list:
dist: 3.454402134296351 vs. 3.454402134296351
list:
dist: 1.2025751104199445 vs. 1.2025751104199445
list:
dist: 1.6153336121471882 vs. 1.6153336121471882
list:
dist: 3.8456453286193932 vs. 3.8456453286193932
list:
dist: 5.158199506221388 vs. 5.158199506221388
list:
dist: 4.117158594276705 vs. 4.117158594276705
list:
dist: 2.977438240053343 vs. 2.977438240053343
list:
dist: 3.921969562520592 vs. 3.921969562520592
list:
dist: 4.225374293093107 vs. 4.225374293093107
list:
dist: 4.459110038049975 vs. 4.459110038049975
list:
dist: 3.599860209035421 vs. 3.599860209035421
list:
dist: 0.7905323725428608 vs. 0.7905323725428608
list:
dist: 1.5401342449439823 vs. 1.5401342449439823
list:
dist: 1.3938169404451424 vs. 1.3938169404451424
list:
dist: 1.690483122442928 vs. 1.690483122442928
list:
dist: 1.9407217499382126 vs. 1.9407217499382126
list:
dist: 2.20935501350694 vs. 2.20935501350694
list:
dist: 1.0007469561704765 vs. 1.0007469561704765
list:
dist: 0.6366482052952052 vs. 0.6366482052952052
list:
dist: 2.006392516561591 vs. 2.006392516561591
list:
dist: 2.6686079839854875 vs. 2.6686079839854875
list:
dist: 3.702961174261936 vs. 3.702961174261936
list:
dist: 3.6818814866920024 vs. 3.6818814866920024
list:
dist: 3.3689220985197066 vs. 3.3689220985197066
list:
dist: 3.9215552847700565 vs. 3.9215552847700565
list:
dist: 4.155619427084831 vs. 4.155619427084831
list:
dist: 4.458691828206076 vs. 4.458691828206076
list:
dist: 3.6572521736127444 vs. 3.6572521736127444
list:
dist: 1.7610853690932704 vs. 1.7610853690932704
list:
dist: 1.9346914506904511 vs. 1.9346914506904511
list:
dist: 3.0665705618723313 vs. 3.0665705618723313
list:
dist: 2.327618740746213 vs. 2.327618740746213
list:
dist: 3.0343554550872645 vs. 3.0343554550872645
list:
dist: 2.102237108717839 vs. 2.102237108717839
list:
dist: 1.9806853333750216 vs. 1.9806853333750216
list:
dist: 3.3682391594021674 vs. 3.3682391594021674
list:
dist: 2.9844931510818027 vs. 2.9844931510818027
list:
dist: 2.209412153918106 vs. 2.209412153918106
list:
dist: 2.0217751476054775 vs. 2.0217751476054775
list:
dist: 0.7905323725428608 vs. 0.7905323725428608
list:
dist: 1.5516028630594143 vs. 1.5516028630594143
list:
dist: 1.2700634589740765 vs. 1.2700634589740765
list:
dist: 1.5294266646225423 vs. 1.5294266646225423
list:
dist: 1.9365650971345514 vs. 1.9365650971345514
list:
dist: 2.478079849224278 vs. 2.478079849224278
list:
dist: 1.4099431414883636 vs. 1.4099431414883636
list:
dist: 0.7588486909065858 vs. 0.7588486909065858
list:
dist: 2.324688670476061 vs. 2.324688670476061
list:
dist: 3.4296605906998567 vs. 3.4296605906998567
list:
dist: 4.466539828168068 vs. 4.466539828168068
list:
dist: 4.375749458421771 vs. 4.375749458421771
list:
dist: 4.054949678271379 vs. 4.054949678271379
list:
dist: 4.581184133193931 vs. 4.581184133193931
list:
dist: 4.845659815238358 vs. 4.845659815238358
list:
dist: 5.17871144177987 vs. 5.17871144177987
list:
dist: 4.243416823243431 vs. 4.243416823243431
list:
dist: 2.50559190407525 vs. 2.50559190407525
list:
dist: 2.628895124822462 vs. 2.628895124822462
list:
dist: 3.8567498727966405 vs. 3.8567498727966405
list:
dist: 2.5998300740504923 vs. 2.5998300740504923
list:
dist: 3.5737632185572004 vs. 3.5737632185572004
list:
dist: 2.4633485325289 vs. 2.4633485325289
list:
dist: 2.3932540791729053 vs. 2.3932540791729053
list:
dist: 3.690100473429084 vs. 3.690100473429084
list:
dist: 3.3998752150506357 vs. 3.3998752150506357
list:
dist: 2.3858126317441677 vs. 2.3858126317441677
list:
dist: 2.5457301953558638 vs. 2.5457301953558638
list:
dist: 2.478079849224278 vs. 2.478079849224278
list:
dist: 2.20935501350694 vs. 2.20935501350694
list:
dist: 1.0633870007397885 vs. 1.0633870007397885
list:
dist: 1.980960377801375 vs. 1.980960377801375
list:
dist: 1.297649337170166 vs. 1.297649337170166
list:
dist: 0.8864297710595436 vs. 0.8864297710595436
list:
dist: 2.4425189373397065 vs. 2.4425189373397065
list:
dist: 2.4074762920300827 vs. 2.4074762920300827
list:
dist: 2.668347014265402 vs. 2.668347014265402
list:
dist: 2.028580287971923 vs. 2.028580287971923
list:
dist: 1.688150501038255 vs. 1.688150501038255
list:
dist: 3.422187857210431 vs. 3.422187857210431
list:
dist: 1.4240596269388748 vs. 1.4240596269388748
list:
dist: 2.2590556965025073 vs. 2.2590556965025073
list:
dist: 1.5384269934791215 vs. 1.5384269934791215
list:
dist: 1.1408154721820056 vs. 1.1408154721820056
list:
dist: 1.5688779424746198 vs. 1.5688779424746198
list:
dist: 1.3057422414687627 vs. 1.3057422414687627
list:
dist: 1.1899634822375615 vs. 1.1899634822375615
list:
dist: 2.2335965168740683 vs. 2.2335965168740683
list:
dist: 2.3858126317441677 vs. 2.3858126317441677
list:
dist: 2.209412153918106 vs. 2.209412153918106
list:
dist: 1.1097053895592244 vs. 1.1097053895592244
list:
dist: 1.3394187936574127 vs. 1.3394187936574127
list:
dist: 1.413654133813587 vs. 1.413654133813587
list:
dist: 1.037275553899755 vs. 1.037275553899755
list:
dist: 1.1899634822375615 vs. 1.1899634822375615
list:
dist: 1.969521537296142 vs. 1.969521537296142
list:
dist: 2.0809560597637757 vs. 2.0809560597637757
list:
dist: 1.8032811398498485 vs. 1.8032811398498485
list:
dist: 2.1203947083058816 vs. 2.1203947083058816
list:
dist: 1.9102659464198861 vs. 1.9102659464198861
list:
dist: 3.699995743971628 vs. 3.699995743971628
list:
dist: 0.4295076677012898 vs. 0.4295076677012898
list:
dist: 1.833043667930595 vs. 1.833043667930595
list:
dist: 0.7151206279951874 vs. 0.7151206279951874
list:
dist: 0.7305074908565021 vs. 0.7305074908565021
list:
dist: 1.419968219210758 vs. 1.419968219210758
list:
dist: 1.3514641968215184 vs. 1.3514641968215184
list:
dist: 1.6067943276769516 vs. 1.6067943276769516
list:
dist: 3.0755063098676585 vs. 3.0755063098676585
list:
dist: 3.7449066450729944 vs. 3.7449066450729944
list:
dist: 3.5237286848647487 vs. 3.5237286848647487
list:
dist: 3.1395502243944806 vs. 3.1395502243944806
list:
dist: 3.608209518258078 vs. 3.608209518258078
list:
dist: 2.7553576273642686 vs. 2.7553576273642686
list:
dist: 4.051930399401509 vs. 4.051930399401509
list:
dist: 3.8111110074987806 vs. 3.8111110074987806
list:
dist: 4.535235476828708 vs. 4.535235476828708
list:
dist: 4.6001426883159535 vs. 4.6001426883159535
list:
dist: 1.5294266646225423 vs. 1.5294266646225423
list:
dist: 1.690483122442928 vs. 1.690483122442928
list:
dist: 0.3934078270963273 vs. 0.3934078270963273
list:
dist: 1.2048330718699392 vs. 1.2048330718699392
list:
dist: 0.510159496330723 vs. 0.510159496330723
list:
dist: 1.297649337170166 vs. 1.297649337170166
list:
dist: 2.0693884075369886 vs. 2.0693884075369886
list:
dist: 1.7285715359152374 vs. 1.7285715359152374
list:
dist: 2.5294081188063697 vs. 2.5294081188063697
list:
dist: 2.5393748304827817 vs. 2.5393748304827817
list:
dist: 2.3972237256776783 vs. 2.3972237256776783
list:
dist: 4.077403075646148 vs. 4.077403075646148
list:
dist: 1.799399450946746 vs. 1.799399450946746
list:
dist: 3.0536472362076807 vs. 3.0536472362076807
list:
dist: 1.8902890321420198 vs. 1.8902890321420198
list:
dist: 1.7080432213779084 vs. 1.7080432213779084
list:
dist: 2.550611370437733 vs. 2.550611370437733
list:
dist: 2.4004551514368173 vs. 2.4004551514368173
list:
dist: 1.413654133813587 vs. 1.413654133813587
list:
dist: 2.499455541821925 vs. 2.499455541821925
list:
dist: 1.9365650971345514 vs. 1.9365650971345514
list:
dist: 1.9407217499382126 vs. 1.9407217499382126
list:
dist: 0.4076952680223013 vs. 0.4076952680223013
list:
dist: 1.355191069578931 vs. 1.355191069578931
list:
dist: 0.510159496330723 vs. 0.510159496330723
list:
dist: 0.8864297710595436 vs. 0.8864297710595436
list:
dist: 2.1778591571348787 vs. 2.1778591571348787
list:
dist: 1.9809014779394825 vs. 1.9809014779394825
list:
dist: 2.4673786701083964 vs. 2.4673786701083964
list:
dist: 2.402535980345819 vs. 2.402535980345819
list:
dist: 2.1882475541819515 vs. 2.1882475541819515
list:
dist: 3.9500219367632368 vs. 3.9500219367632368
list:
dist: 1.4378944202358506 vs. 1.4378944202358506
list:
dist: 2.6881853391087476 vs. 2.6881853391087476
list:
dist: 1.5922240255491158 vs. 1.5922240255491158
list:
dist: 1.3748192419512852 vs. 1.3748192419512852
list:
dist: 2.0504932986444766 vs. 2.0504932986444766
list:
dist: 1.9292534142827653 vs. 1.9292534142827653
list:
dist: 1.037275553899755 vs. 1.037275553899755
list:
dist: 2.32253544328851 vs. 2.32253544328851
list:
dist: 2.628895124822462 vs. 2.628895124822462
list:
dist: 1.9346914506904511 vs. 1.9346914506904511
list:
dist: 2.0325750083531977 vs. 2.0325750083531977
list:
dist: 2.329172199885956 vs. 2.329172199885956
list:
dist: 2.3972237256776783 vs. 2.3972237256776783
list:
dist: 2.1882475541819515 vs. 2.1882475541819515
list:
dist: 1.688150501038255 vs. 1.688150501038255
list:
dist: 1.8835893929638161 vs. 1.8835893929638161
list:
dist: 2.2054623942644596 vs. 2.2054623942644596
list:
dist: 2.099218964599826 vs. 2.099218964599826
list:
dist: 1.9828386839278964 vs. 1.9828386839278964
list:
dist: 2.8437958990723704 vs. 2.8437958990723704
list:
dist: 3.3069434718880983 vs. 3.3069434718880983
list:
dist: 2.9781618953092415 vs. 2.9781618953092415
list:
dist: 3.5034363095225993 vs. 3.5034363095225993
list:
dist: 3.6567934680284484 vs. 3.6567934680284484
list:
dist: 3.8069469837615904 vs. 3.8069469837615904
list:
dist: 3.782009799039715 vs. 3.782009799039715
list:
dist: 0.44720011442120106 vs. 0.44720011442120106
list:
dist: 1.8148723801537254 vs. 1.8148723801537254
list:
dist: 1.764879088870118 vs. 1.764879088870118
list:
dist: 1.5504445174134818 vs. 1.5504445174134818
list:
dist: 1.489219475473636 vs. 1.489219475473636
list:
dist: 1.1969959743854774 vs. 1.1969959743854774
list:
dist: 2.2092039563662316 vs. 2.2092039563662316
list:
dist: 1.6548877383619527 vs. 1.6548877383619527
list:
dist: 1.9102659464198861 vs. 1.9102659464198861
list:
dist: 1.3586171309393396 vs. 1.3586171309393396
list:
dist: 2.9290773393163025 vs. 2.9290773393163025
list:
dist: 3.1777521933145305 vs. 3.1777521933145305
list:
dist: 3.681075599835255 vs. 3.681075599835255
list:
dist: 3.175908182162398 vs. 3.175908182162398
list:
dist: 3.367635355994529 vs. 3.367635355994529
list:
dist: 3.0914978519420075 vs. 3.0914978519420075
list:
dist: 3.7646917630933006 vs. 3.7646917630933006
list:
dist: 4.130388702320439 vs. 4.130388702320439
list:
dist: 4.553373992039646 vs. 4.553373992039646
list:
dist: 3.7094895827771133 vs. 3.7094895827771133
list:
dist: 3.235227880039423 vs. 3.235227880039423
list:
dist: 3.1981810905379287 vs. 3.1981810905379287
list:
dist: 3.2166350566393787 vs. 3.2166350566393787
list:
dist: 2.1932252828413152 vs. 2.1932252828413152
list:
dist: 3.7006831471155457 vs. 3.7006831471155457
list:
dist: 3.0522910674418173 vs. 3.0522910674418173
list:
dist: 3.627781638886796 vs. 3.627781638886796
list:
dist: 4.226271024680326 vs. 4.226271024680326
list:
dist: 4.277612650254877 vs. 4.277612650254877
list:
dist: 4.657136889140398 vs. 4.657136889140398
list:
dist: 4.565044016633451 vs. 4.565044016633451
list:
dist: 4.163757985628648 vs. 4.163757985628648
list:
dist: 3.3998752150506357 vs. 3.3998752150506357
list:
dist: 2.9844931510818027 vs. 2.9844931510818027
list:
dist: 2.0790924985511317 vs. 2.0790924985511317
list:
dist: 2.584791573810715 vs. 2.584791573810715
list:
dist: 2.4004551514368173 vs. 2.4004551514368173
list:
dist: 1.9292534142827653 vs. 1.9292534142827653
list:
dist: 1.3057422414687627 vs. 1.3057422414687627
list:
dist: 2.811518979199923 vs. 2.811518979199923
list:
dist: 3.0612712475355983 vs. 3.0612712475355983
list:
dist: 2.5781088660143356 vs. 2.5781088660143356
list:
dist: 2.043980841516314 vs. 2.043980841516314
list:
dist: 1.6548877383619527 vs. 1.6548877383619527
list:
dist: 3.2398974384442147 vs. 3.2398974384442147
list:
dist: 1.2045044122291237 vs. 1.2045044122291237
list:
dist: 1.2682640208606075 vs. 1.2682640208606075
list:
dist: 1.324573293576612 vs. 1.324573293576612
list:
dist: 1.0956053141113251 vs. 1.0956053141113251
list:
dist: 0.5760425019340976 vs. 0.5760425019340976
list:
dist: 1.3514641968215184 vs. 1.3514641968215184
list:
dist: 1.9493753509420446 vs. 1.9493753509420446
list:
dist: 3.270261243831324 vs. 3.270261243831324
list:
dist: 3.547032177770905 vs. 3.547032177770905
list:
dist: 2.9018222393683493 vs. 2.9018222393683493
list:
dist: 2.9230930221316203 vs. 2.9230930221316203
list:
dist: 3.4663531404274406 vs. 3.4663531404274406
list:
dist: 2.330635253338515 vs. 2.330635253338515
list:
dist: 3.38464284941139 vs. 3.38464284941139
list:
dist: 3.731261617315589 vs. 3.731261617315589
list:
dist: 3.743550764086383 vs. 3.743550764086383
list:
dist: 3.892200725187413 vs. 3.892200725187413
list:
dist: 2.50559190407525 vs. 2.50559190407525
list:
dist: 1.7610853690932704 vs. 1.7610853690932704
list:
dist: 2.181356427207129 vs. 2.181356427207129
list:
dist: 2.3057157524089407 vs. 2.3057157524089407
list:
dist: 2.5393748304827817 vs. 2.5393748304827817
list:
dist: 2.402535980345819 vs. 2.402535980345819
list:
dist: 2.028580287971923 vs. 2.028580287971923
list:
dist: 1.6410845197282908 vs. 1.6410845197282908
list:
dist: 2.019452111403812 vs. 2.019452111403812
list:
dist: 1.9324970548180491 vs. 1.9324970548180491
list:
dist: 1.7423505211262897 vs. 1.7423505211262897
list:
dist: 2.6119879281606826 vs. 2.6119879281606826
list:
dist: 3.0328282824193145 vs. 3.0328282824193145
list:
dist: 2.7636567908631076 vs. 2.7636567908631076
list:
dist: 3.3290362020817614 vs. 3.3290362020817614
list:
dist: 3.441580290546556 vs. 3.441580290546556
list:
dist: 3.5801095330431325 vs. 3.5801095330431325
list:
dist: 3.4656147785962435 vs. 3.4656147785962435
list:
dist: 0.44720011442120106 vs. 0.44720011442120106
list:
dist: 1.6303595026137856 vs. 1.6303595026137856
list:
dist: 1.9613853473928413 vs. 1.9613853473928413
list:
dist: 1.729340323561435 vs. 1.729340323561435
list:
dist: 1.6279722113000445 vs. 1.6279722113000445
list:
dist: 1.4258439508520049 vs. 1.4258439508520049
list:
dist: 2.5795522154325967 vs. 2.5795522154325967
list:
dist: 2.043980841516314 vs. 2.043980841516314
list:
dist: 2.1203947083058816 vs. 2.1203947083058816
list:
dist: 1.2529926233251802 vs. 1.2529926233251802
list:
dist: 2.905728831052672 vs. 2.905728831052672
list:
dist: 3.1192904290313312 vs. 3.1192904290313312
list:
dist: 3.7239952762276345 vs. 3.7239952762276345
list:
dist: 3.093018321833752 vs. 3.093018321833752
list:
dist: 3.3691186164047364 vs. 3.3691186164047364
list:
dist: 2.9510523307890906 vs. 2.9510523307890906
list:
dist: 3.490601911856698 vs. 3.490601911856698
list:
dist: 3.798573581018923 vs. 3.798573581018923
list:
dist: 4.27824390177949 vs. 4.27824390177949
list:
dist: 3.667609140092757 vs. 3.667609140092757
list:
dist: 3.3037613467570335 vs. 3.3037613467570335
list:
dist: 3.2016764218443226 vs. 3.2016764218443226
list:
dist: 3.085678614777801 vs. 3.085678614777801
list:
dist: 2.1849269596461838 vs. 2.1849269596461838
list:
dist: 3.759707187784175 vs. 3.759707187784175
list:
dist: 2.881066014091016 vs. 2.881066014091016
list:
dist: 3.4883750307051393 vs. 3.4883750307051393
list:
dist: 4.156186384867014 vs. 4.156186384867014
list:
dist: 4.126080029348688 vs. 4.126080029348688
list:
dist: 4.441138117011125 vs. 4.441138117011125
list:
dist: 4.433106682772563 vs. 4.433106682772563
list:
dist: 4.256598549058376 vs. 4.256598549058376
list:
dist: 2.5457301953558638 vs. 2.5457301953558638
list:
dist: 2.0217751476054775 vs. 2.0217751476054775
list:
dist: 2.1265962436595927 vs. 2.1265962436595927
list:
dist: 1.8067752115126698 vs. 1.8067752115126698
list:
dist: 2.499455541821925 vs. 2.499455541821925
list:
dist: 2.32253544328851 vs. 2.32253544328851
list:
dist: 2.2335965168740683 vs. 2.2335965168740683
list:
dist: 1.3015093203312602 vs. 1.3015093203312602
list:
dist: 1.871402832441594 vs. 1.871402832441594
list:
dist: 0.8464077777213501 vs. 0.8464077777213501
list:
dist: 1.2529926233251802 vs. 1.2529926233251802
list:
dist: 1.3586171309393396 vs. 1.3586171309393396
list:
dist: 2.6273485427855006 vs. 2.6273485427855006
list:
dist: 1.303088323504638 vs. 1.303088323504638
list:
dist: 1.2642992457113764 vs. 1.2642992457113764
list:
dist: 0.917339001499449 vs. 0.917339001499449
list:
dist: 1.1333368178799827 vs. 1.1333368178799827
list:
dist: 2.2929916863898767 vs. 2.2929916863898767
list:
dist: 1.9493753509420446 vs. 1.9493753509420446
list:
dist: 1.6067943276769516 vs. 1.6067943276769516
list:
dist: 1.9012917001429495 vs. 1.9012917001429495
list:
dist: 2.7798269115045 vs. 2.7798269115045
list:
dist: 2.7230628378819586 vs. 2.7230628378819586
list:
dist: 2.290272301714553 vs. 2.290272301714553
list:
dist: 2.3225756657765126 vs. 2.3225756657765126
list:
dist: 1.6334119841700787 vs. 1.6334119841700787
list:
dist: 3.22659247747638 vs. 3.22659247747638
list:
dist: 3.3592096848924355 vs. 3.3592096848924355
list:
dist: 3.807872467042404 vs. 3.807872467042404
list:
dist: 4.216912692666191 vs. 4.216912692666191
list:
dist: 2.7855938221556147 vs. 2.7855938221556147
list:
dist: 3.4026358721300243 vs. 3.4026358721300243
list:
dist: 1.8290290246207062 vs. 1.8290290246207062
list:
dist: 2.9510523307890906 vs. 2.9510523307890906
list:
dist: 3.0914978519420075 vs. 3.0914978519420075
list:
dist: 3.727058823796585 vs. 3.727058823796585
list:
dist: 2.6925976123677873 vs. 2.6925976123677873
list:
dist: 2.138294255227737 vs. 2.138294255227737
list:
dist: 2.4651827848087446 vs. 2.4651827848087446
list:
dist: 2.835771428152969 vs. 2.835771428152969
list:
dist: 3.407429190475622 vs. 3.407429190475622
list:
dist: 3.270261243831324 vs. 3.270261243831324
list:
dist: 3.0755063098676585 vs. 3.0755063098676585
list:
dist: 1.9012917001429495 vs. 1.9012917001429495
list:
dist: 1.2655212794446455 vs. 1.2655212794446455
list:
dist: 2.0256976644163474 vs. 2.0256976644163474
list:
dist: 1.1587084090129363 vs. 1.1587084090129363
list:
dist: 0.9393068379042245 vs. 0.9393068379042245
list:
dist: 1.5168352376096994 vs. 1.5168352376096994
list:
dist: 2.3733756834534634 vs. 2.3733756834534634
list:
dist: 2.03704780121726 vs. 2.03704780121726
list:
dist: 2.8861342340098437 vs. 2.8861342340098437
list:
dist: 3.491345897269745 vs. 3.491345897269745
list:
dist: 2.2038673274602076 vs. 2.2038673274602076
list:
dist: 2.1849269596461838 vs. 2.1849269596461838
list:
dist: 2.1932252828413152 vs. 2.1932252828413152
list:
dist: 2.7168099051826076 vs. 2.7168099051826076
list:
dist: 2.3363902128191283 vs. 2.3363902128191283
list:
dist: 1.0703737103595357 vs. 1.0703737103595357
list:
dist: 2.1007456155283735 vs. 2.1007456155283735
list:
dist: 2.272482885240876 vs. 2.272482885240876
list:
dist: 2.5905335026564376 vs. 2.5905335026564376
list:
dist: 2.330635253338515 vs. 2.330635253338515
list:
dist: 2.7553576273642686 vs. 2.7553576273642686
list:
dist: 1.6334119841700787 vs. 1.6334119841700787
list:
dist: 1.5168352376096994 vs. 1.5168352376096994
list:
dist: 1.591163930820888 vs. 1.591163930820888
list:
dist: 1.1850900297479061 vs. 1.1850900297479061
list:
dist: 1.1813439512717794 vs. 1.1813439512717794
list:
dist: 1.230519076081685 vs. 1.230519076081685
list:
dist: 1.6414595456961654 vs. 1.6414595456961654
list:
dist: 2.507187862025408 vs. 2.507187862025408
list:
dist: 2.2216845909141267 vs. 2.2216845909141267
list:
dist: 2.8469584626560422 vs. 2.8469584626560422
list:
dist: 3.5737632185572004 vs. 3.5737632185572004
list:
dist: 3.0343554550872645 vs. 3.0343554550872645
list:
dist: 2.6707499791756306 vs. 2.6707499791756306
list:
dist: 2.7246513680952975 vs. 2.7246513680952975
list:
dist: 3.0536472362076807 vs. 3.0536472362076807
list:
dist: 2.6881853391087476 vs. 2.6881853391087476
list:
dist: 2.2590556965025073 vs. 2.2590556965025073
list:
dist: 2.5158386095400904 vs. 2.5158386095400904
list:
dist: 3.003519856877588 vs. 3.003519856877588
list:
dist: 1.9849616061196294 vs. 1.9849616061196294
list:
dist: 1.729340323561435 vs. 1.729340323561435
list:
dist: 1.5504445174134818 vs. 1.5504445174134818
list:
dist: 2.7306417491070243 vs. 2.7306417491070243
list:
dist: 1.4384435150158323 vs. 1.4384435150158323
list:
dist: 1.2768467912824515 vs. 1.2768467912824515
list:
dist: 1.3484464329472472 vs. 1.3484464329472472
list:
dist: 1.5698292748863916 vs. 1.5698292748863916
list:
dist: 1.2682640208606075 vs. 1.2682640208606075
list:
dist: 1.833043667930595 vs. 1.833043667930595
list:
dist: 1.2642992457113764 vs. 1.2642992457113764
list:
dist: 2.138294255227737 vs. 2.138294255227737
list:
dist: 2.402023050775131 vs. 2.402023050775131
list:
dist: 1.8523836637326703 vs. 1.8523836637326703
list:
dist: 1.8164087576664572 vs. 1.8164087576664572
list:
dist: 2.212878602008185 vs. 2.212878602008185
list:
dist: 1.0703737103595357 vs. 1.0703737103595357
list:
dist: 2.3641613688682566 vs. 2.3641613688682566
list:
dist: 2.8992970864198484 vs. 2.8992970864198484
list:
dist: 2.845252760521642 vs. 2.845252760521642
list:
dist: 3.2152289133310687 vs. 3.2152289133310687
list:
dist: 3.690100473429084 vs. 3.690100473429084
list:
dist: 3.3682391594021674 vs. 3.3682391594021674
list:
dist: 2.2748885363635427 vs. 2.2748885363635427
list:
dist: 2.7517470050397477 vs. 2.7517470050397477
list:
dist: 2.550611370437733 vs. 2.550611370437733
list:
dist: 2.0504932986444766 vs. 2.0504932986444766
list:
dist: 1.5688779424746198 vs. 1.5688779424746198
list:
dist: 3.1509948116809126 vs. 3.1509948116809126
list:
dist: 3.3751449119618187 vs. 3.3751449119618187
list:
dist: 2.809826458335829 vs. 2.809826458335829
list:
dist: 2.5795522154325967 vs. 2.5795522154325967
list:
dist: 2.2092039563662316 vs. 2.2092039563662316
list:
dist: 3.800668060549813 vs. 3.800668060549813
list:
dist: 1.311051413381153 vs. 1.311051413381153
list:
dist: 1.5698292748863916 vs. 1.5698292748863916
list:
dist: 1.558792496821816 vs. 1.558792496821816
list:
dist: 1.442902702574098 vs. 1.442902702574098
list:
dist: 0.5760425019340976 vs. 0.5760425019340976
list:
dist: 1.419968219210758 vs. 1.419968219210758
list:
dist: 2.2929916863898767 vs. 2.2929916863898767
list:
dist: 3.407429190475622 vs. 3.407429190475622
list:
dist: 3.5975884763893937 vs. 3.5975884763893937
list:
dist: 2.983611106156378 vs. 2.983611106156378
list:
dist: 2.9653715160825542 vs. 2.9653715160825542
list:
dist: 3.65578650765221 vs. 3.65578650765221
list:
dist: 2.5905335026564376 vs. 2.5905335026564376
list:
dist: 3.4553582827396627 vs. 3.4553582827396627
list:
dist: 3.574527055539323 vs. 3.574527055539323
list:
dist: 3.781401206886742 vs. 3.781401206886742
list:
dist: 3.748835240474529 vs. 3.748835240474529
list:
dist: 2.324688670476061 vs. 2.324688670476061
list:
dist: 2.006392516561591 vs. 2.006392516561591
list:
dist: 2.224679179009725 vs. 2.224679179009725
list:
dist: 1.500600591385706 vs. 1.500600591385706
list:
dist: 2.5294081188063697 vs. 2.5294081188063697
list:
dist: 2.4673786701083964 vs. 2.4673786701083964
list:
dist: 2.668347014265402 vs. 2.668347014265402
list:
dist: 1.0541222963825378 vs. 1.0541222963825378
list:
dist: 1.6051910327034187 vs. 1.6051910327034187
list:
dist: 1.9324970548180491 vs. 1.9324970548180491
list:
dist: 2.099218964599826 vs. 2.099218964599826
list:
dist: 3.2974311574049904 vs. 3.2974311574049904
list:
dist: 1.5923895692308863 vs. 1.5923895692308863
list:
dist: 1.9849616061196294 vs. 1.9849616061196294
list:
dist: 1.2985773864650099 vs. 1.2985773864650099
list:
dist: 1.6381308624442796 vs. 1.6381308624442796
list:
dist: 2.809826458335829 vs. 2.809826458335829
list:
dist: 2.5781088660143356 vs. 2.5781088660143356
list:
dist: 1.8032811398498485 vs. 1.8032811398498485
list:
dist: 0.8464077777213501 vs. 0.8464077777213501
list:
dist: 1.8290290246207062 vs. 1.8290290246207062
list:
dist: 2.945187262506805 vs. 2.945187262506805
list:
dist: 3.2008325651542338 vs. 3.2008325651542338
list:
dist: 2.5281197020255863 vs. 2.5281197020255863
list:
dist: 2.5241391390601042 vs. 2.5241391390601042
list:
dist: 2.2038673274602076 vs. 2.2038673274602076
list:
dist: 3.6911602550391533 vs. 3.6911602550391533
list:
dist: 3.387852499934917 vs. 3.387852499934917
list:
dist: 2.5998300740504923 vs. 2.5998300740504923
list:
dist: 2.327618740746213 vs. 2.327618740746213
list:
dist: 1.4628090450863707 vs. 1.4628090450863707
list:
dist: 1.5345740575838664 vs. 1.5345740575838664
list:
dist: 1.799399450946746 vs. 1.799399450946746
list:
dist: 1.4378944202358506 vs. 1.4378944202358506
list:
dist: 1.4240596269388748 vs. 1.4240596269388748
list:
dist: 1.9376226510265777 vs. 1.9376226510265777
list:
dist: 2.1818639000840236 vs. 2.1818639000840236
list:
dist: 1.5923895692308863 vs. 1.5923895692308863
list:
dist: 1.9613853473928413 vs. 1.9613853473928413
list:
dist: 1.764879088870118 vs. 1.764879088870118
list:
dist: 3.496251630498508 vs. 3.496251630498508
list:
dist: 1.4384435150158323 vs. 1.4384435150158323
list:
dist: 0.3959271723116658 vs. 0.3959271723116658
list:
dist: 0.5931354264279718 vs. 0.5931354264279718
list:
dist: 1.311051413381153 vs. 1.311051413381153
list:
dist: 1.2045044122291237 vs. 1.2045044122291237
list:
dist: 0.4295076677012898 vs. 0.4295076677012898
list:
dist: 1.303088323504638 vs. 1.303088323504638
list:
dist: 2.6925976123677873 vs. 2.6925976123677873
list:
dist: 3.3256571041192706 vs. 3.3256571041192706
list:
dist: 3.102094611413173 vs. 3.102094611413173
list:
dist: 2.718423582505676 vs. 2.718423582505676
list:
dist: 3.1931143776732513 vs. 3.1931143776732513
list:
dist: 2.3363902128191283 vs. 2.3363902128191283
list:
dist: 3.6314329011366357 vs. 3.6314329011366357
list:
dist: 3.4434419405157968 vs. 3.4434419405157968
list:
dist: 4.1259110383018704 vs. 4.1259110383018704
list:
dist: 4.221985955970648 vs. 4.221985955970648
list:
dist: 2.4633485325289 vs. 2.4633485325289
list:
dist: 2.102237108717839 vs. 2.102237108717839
list:
dist: 1.5215462432202564 vs. 1.5215462432202564
list:
dist: 1.4779073110365113 vs. 1.4779073110365113
list:
dist: 1.8902890321420198 vs. 1.8902890321420198
list:
dist: 1.5922240255491158 vs. 1.5922240255491158
list:
dist: 1.5384269934791215 vs. 1.5384269934791215
list:
dist: 1.6375770168078438 vs. 1.6375770168078438
list:
dist: 1.9653906344233036 vs. 1.9653906344233036
list:
dist: 1.2985773864650099 vs. 1.2985773864650099
list:
dist: 1.6279722113000445 vs. 1.6279722113000445
list:
dist: 1.489219475473636 vs. 1.489219475473636
list:
dist: 3.169505374978546 vs. 3.169505374978546
list:
dist: 0.3959271723116658 vs. 0.3959271723116658
list:
dist: 1.2768467912824515 vs. 1.2768467912824515
list:
dist: 0.45715094695413455 vs. 0.45715094695413455
list:
dist: 1.558792496821816 vs. 1.558792496821816
list:
dist: 1.324573293576612 vs. 1.324573293576612
list:
dist: 0.7151206279951874 vs. 0.7151206279951874
list:
dist: 0.917339001499449 vs. 0.917339001499449
list:
dist: 2.4651827848087446 vs. 2.4651827848087446
list:
dist: 3.175965422002221 vs. 3.175965422002221
list:
dist: 2.9812141420984504 vs. 2.9812141420984504
list:
dist: 2.5894626436131283 vs. 2.5894626436131283
list:
dist: 2.9462911131601675 vs. 2.9462911131601675
list:
dist: 2.1007456155283735 vs. 2.1007456155283735
list:
dist: 3.5113038074773955 vs. 3.5113038074773955
list:
dist: 3.4379088881990705 vs. 3.4379088881990705
list:
dist: 4.033868076848624 vs. 4.033868076848624
list:
dist: 4.233366698346163 vs. 4.233366698346163
list:
dist: 1.2700634589740765 vs. 1.2700634589740765
list:
dist: 1.3938169404451424 vs. 1.3938169404451424
list:
dist: 1.0615660752825817 vs. 1.0615660752825817
list:
dist: 1.2048330718699392 vs. 1.2048330718699392
list:
dist: 1.355191069578931 vs. 1.355191069578931
list:
dist: 1.980960377801375 vs. 1.980960377801375
list:
dist: 1.1828804992883235 vs. 1.1828804992883235
list:
dist: 0.9940804369223096 vs. 0.9940804369223096
list:
dist: 1.500600591385706 vs. 1.500600591385706
list:
dist: 2.3057157524089407 vs. 2.3057157524089407
list:
dist: 2.329172199885956 vs. 2.329172199885956
list:
dist: 3.8990989696688043 vs. 3.8990989696688043
list:
dist: 1.5345740575838664 vs. 1.5345740575838664
list:
dist: 2.7246513680952975 vs. 2.7246513680952975
list:
dist: 1.4779073110365113 vs. 1.4779073110365113
list:
dist: 1.5756831864562013 vs. 1.5756831864562013
list:
dist: 2.7517470050397477 vs. 2.7517470050397477
list:
dist: 2.584791573810715 vs. 2.584791573810715
list:
dist: 1.3394187936574127 vs. 1.3394187936574127
list:
dist: 1.8067752115126698 vs. 1.8067752115126698
list:
dist: 4.221985955970648 vs. 4.221985955970648
list:
dist: 3.2152289133310687 vs. 3.2152289133310687
list:
dist: 4.233366698346163 vs. 4.233366698346163
list:
dist: 4.426577772869812 vs. 4.426577772869812
list:
dist: 3.748835240474529 vs. 3.748835240474529
list:
dist: 3.892200725187413 vs. 3.892200725187413
list:
dist: 4.6001426883159535 vs. 4.6001426883159535
list:
dist: 4.216912692666191 vs. 4.216912692666191
list:
dist: 2.2250206124995424 vs. 2.2250206124995424
list:
dist: 1.700188117194216 vs. 1.700188117194216
list:
dist: 2.221557303954206 vs. 2.221557303954206
list:
dist: 2.9541858703506865 vs. 2.9541858703506865
list:
dist: 2.8469584626560422 vs. 2.8469584626560422
list:
dist: 1.4686660580091835 vs. 1.4686660580091835
list:
dist: 2.015997117083063 vs. 2.015997117083063
list:
dist: 1.2016456505934925 vs. 1.2016456505934925
list:
dist: 4.256598549058376 vs. 4.256598549058376
list:
dist: 4.163757985628648 vs. 4.163757985628648
list:
dist: 4.346593379784447 vs. 4.346593379784447
list:
dist: 4.1259110383018704 vs. 4.1259110383018704
list:
dist: 2.845252760521642 vs. 2.845252760521642
list:
dist: 4.033868076848624 vs. 4.033868076848624
list:
dist: 4.182035444228242 vs. 4.182035444228242
list:
dist: 3.781401206886742 vs. 3.781401206886742
list:
dist: 3.743550764086383 vs. 3.743550764086383
list:
dist: 4.535235476828708 vs. 4.535235476828708
list:
dist: 3.807872467042404 vs. 3.807872467042404
list:
dist: 1.9212445638791706 vs. 1.9212445638791706
list:
dist: 1.1082266637060592 vs. 1.1082266637060592
list:
dist: 1.9830358889252442 vs. 1.9830358889252442
list:
dist: 2.3372302612369835 vs. 2.3372302612369835
list:
dist: 2.2216845909141267 vs. 2.2216845909141267
list:
dist: 0.6433680742253066 vs. 0.6433680742253066
list:
dist: 2.444230284837896 vs. 2.444230284837896
list:
dist: 1.2016456505934925 vs. 1.2016456505934925
list:
dist: 3.8941830476524357 vs. 3.8941830476524357
list:
dist: 4.510367032831313 vs. 4.510367032831313
list:
dist: 2.945187262506805 vs. 2.945187262506805
list:
dist: 3.667609140092757 vs. 3.667609140092757
list:
dist: 3.7094895827771133 vs. 3.7094895827771133
list:
dist: 4.18477828011887 vs. 4.18477828011887
list:
dist: 3.3256571041192706 vs. 3.3256571041192706
list:
dist: 2.402023050775131 vs. 2.402023050775131
list:
dist: 3.175965422002221 vs. 3.175965422002221
list:
dist: 3.4945914971397545 vs. 3.4945914971397545
list:
dist: 3.5975884763893937 vs. 3.5975884763893937
list:
dist: 3.547032177770905 vs. 3.547032177770905
list:
dist: 3.7449066450729944 vs. 3.7449066450729944
list:
dist: 2.7798269115045 vs. 2.7798269115045
list:
dist: 1.2655212794446455 vs. 1.2655212794446455
list:
dist: 1.2100012106189975 vs. 1.2100012106189975
list:
dist: 0.6363509242737443 vs. 0.6363509242737443
list:
dist: 0.9163890190914833 vs. 0.9163890190914833
list:
dist: 1.591163930820888 vs. 1.591163930820888
list:
dist: 1.3521989280819848 vs. 1.3521989280819848
list:
dist: 1.3227350318027207 vs. 1.3227350318027207
list:
dist: 1.9212445638791706 vs. 1.9212445638791706
list:
dist: 2.2250206124995424 vs. 2.2250206124995424
list:
dist: 4.493307670188124 vs. 4.493307670188124
list:
dist: 5.094568047197759 vs. 5.094568047197759
list:
dist: 3.6911602550391533 vs. 3.6911602550391533
list:
dist: 3.759707187784175 vs. 3.759707187784175
list:
dist: 3.7006831471155457 vs. 3.7006831471155457
list:
dist: 3.963590671565891 vs. 3.963590671565891
list:
dist: 3.6314329011366357 vs. 3.6314329011366357
list:
dist: 2.3641613688682566 vs. 2.3641613688682566
list:
dist: 3.5113038074773955 vs. 3.5113038074773955
list:
dist: 3.6922477469818284 vs. 3.6922477469818284
list:
dist: 3.4553582827396627 vs. 3.4553582827396627
list:
dist: 3.38464284941139 vs. 3.38464284941139
list:
dist: 4.051930399401509 vs. 4.051930399401509
list:
dist: 3.22659247747638 vs. 3.22659247747638
list:
dist: 2.3733756834534634 vs. 2.3733756834534634
list:
dist: 1.3521989280819848 vs. 1.3521989280819848
list:
dist: 0.5310204359344631 vs. 0.5310204359344631
list:
dist: 1.3781696211151944 vs. 1.3781696211151944
list:
dist: 1.7196045736885197 vs. 1.7196045736885197
list:
dist: 1.6414595456961654 vs. 1.6414595456961654
list:
dist: 2.0772727435477765 vs. 2.0772727435477765
list:
dist: 0.6433680742253066 vs. 0.6433680742253066
list:
dist: 1.4686660580091835 vs. 1.4686660580091835
list:
dist: 3.387852499934917 vs. 3.387852499934917
list:
dist: 3.4434419405157968 vs. 3.4434419405157968
list:
dist: 2.8992970864198484 vs. 2.8992970864198484
list:
dist: 3.4379088881990705 vs. 3.4379088881990705
list:
dist: 3.8009613791713766 vs. 3.8009613791713766
list:
dist: 3.574527055539323 vs. 3.574527055539323
list:
dist: 3.731261617315589 vs. 3.731261617315589
list:
dist: 3.8111110074987806 vs. 3.8111110074987806
list:
dist: 3.3592096848924355 vs. 3.3592096848924355
list:
dist: 2.03704780121726 vs. 2.03704780121726
list:
dist: 1.3227350318027207 vs. 1.3227350318027207
list:
dist: 1.9399181069637363 vs. 1.9399181069637363
list:
dist: 1.3468818955116901 vs. 1.3468818955116901
list:
dist: 2.171309897941219 vs. 2.171309897941219
list:
dist: 2.507187862025408 vs. 2.507187862025408
list:
dist: 2.0772727435477765 vs. 2.0772727435477765
list:
dist: 2.444230284837896 vs. 2.444230284837896
list:
dist: 2.015997117083063 vs. 2.015997117083063
list:
dist: 4.001193209783576 vs. 4.001193209783576
list:
dist: 4.591492345536392 vs. 4.591492345536392
list:
dist: 3.2008325651542338 vs. 3.2008325651542338
list:
dist: 3.3037613467570335 vs. 3.3037613467570335
list:
dist: 3.235227880039423 vs. 3.235227880039423
list:
dist: 3.667394566402652 vs. 3.667394566402652
list:
dist: 3.102094611413173 vs. 3.102094611413173
list:
dist: 1.8523836637326703 vs. 1.8523836637326703
list:
dist: 2.9812141420984504 vs. 2.9812141420984504
list:
dist: 3.1690741737464014 vs. 3.1690741737464014
list:
dist: 2.983611106156378 vs. 2.983611106156378
list:
dist: 2.9018222393683493 vs. 2.9018222393683493
list:
dist: 3.5237286848647487 vs. 3.5237286848647487
list:
dist: 2.7230628378819586 vs. 2.7230628378819586
list:
dist: 2.0256976644163474 vs. 2.0256976644163474
list:
dist: 1.2100012106189975 vs. 1.2100012106189975
list:
dist: 1.00738957372822 vs. 1.00738957372822
list:
dist: 1.501625146199976 vs. 1.501625146199976
list:
dist: 1.1850900297479061 vs. 1.1850900297479061
list:
dist: 0.5310204359344631 vs. 0.5310204359344631
list:
dist: 1.9399181069637363 vs. 1.9399181069637363
list:
dist: 1.1082266637060592 vs. 1.1082266637060592
list:
dist: 1.700188117194216 vs. 1.700188117194216
list:
dist: 3.4701278450276942 vs. 3.4701278450276942
list:
dist: 4.063664402771122 vs. 4.063664402771122
list:
dist: 2.5281197020255863 vs. 2.5281197020255863
list:
dist: 3.2016764218443226 vs. 3.2016764218443226
list:
dist: 3.1981810905379287 vs. 3.1981810905379287
list:
dist: 3.8824144607681963 vs. 3.8824144607681963
list:
dist: 2.718423582505676 vs. 2.718423582505676
list:
dist: 1.8164087576664572 vs. 1.8164087576664572
list:
dist: 2.5894626436131283 vs. 2.5894626436131283
list:
dist: 2.9009111535546546 vs. 2.9009111535546546
list:
dist: 2.9653715160825542 vs. 2.9653715160825542
list:
dist: 2.9230930221316203 vs. 2.9230930221316203
list:
dist: 3.1395502243944806 vs. 3.1395502243944806
list:
dist: 2.290272301714553 vs. 2.290272301714553
list:
dist: 1.1587084090129363 vs. 1.1587084090129363
list:
dist: 0.6363509242737443 vs. 0.6363509242737443
list:
dist: 1.00738957372822 vs. 1.00738957372822
list:
dist: 1.060005492420722 vs. 1.060005492420722
list:
dist: 1.1813439512717794 vs. 1.1813439512717794
list:
dist: 1.3781696211151944 vs. 1.3781696211151944
list:
dist: 1.3468818955116901 vs. 1.3468818955116901
list:
dist: 1.9830358889252442 vs. 1.9830358889252442
list:
dist: 2.221557303954206 vs. 2.221557303954206
list:
dist: 3.3526488092170363 vs. 3.3526488092170363
list:
dist: 4.001434437049594 vs. 4.001434437049594
list:
dist: 2.5241391390601042 vs. 2.5241391390601042
list:
dist: 3.085678614777801 vs. 3.085678614777801
list:
dist: 3.2166350566393787 vs. 3.2166350566393787
list:
dist: 3.4641481911510725 vs. 3.4641481911510725
list:
dist: 3.1931143776732513 vs. 3.1931143776732513
list:
dist: 2.212878602008185 vs. 2.212878602008185
list:
dist: 2.9462911131601675 vs. 2.9462911131601675
list:
dist: 3.230387540686452 vs. 3.230387540686452
list:
dist: 3.65578650765221 vs. 3.65578650765221
list:
dist: 3.4663531404274406 vs. 3.4663531404274406
list:
dist: 3.608209518258078 vs. 3.608209518258078
list:
dist: 2.3225756657765126 vs. 2.3225756657765126
list:
dist: 0.9393068379042245 vs. 0.9393068379042245
list:
dist: 0.9163890190914833 vs. 0.9163890190914833
list:
dist: 1.501625146199976 vs. 1.501625146199976
list:
dist: 1.060005492420722 vs. 1.060005492420722
list:
dist: 1.230519076081685 vs. 1.230519076081685
list:
dist: 1.7196045736885197 vs. 1.7196045736885197
list:
dist: 2.171309897941219 vs. 2.171309897941219
list:
dist: 2.3372302612369835 vs. 2.3372302612369835
list:
dist: 2.9541858703506865 vs. 2.9541858703506865
list:
dist: 4.3633000405386495 vs. 4.3633000405386495
list:
dist: 1.8884801954812485 vs. 1.8884801954812485
list:
dist: 1.345067601398342 vs. 1.345067601398342
list:
dist: 0.45494659538554305 vs. 0.45494659538554305
list:
dist: 0.8390307418891292 vs. 0.8390307418891292
list:
dist: 1.6840970883602067 vs. 1.6840970883602067
list:
dist: 1.1718798890057 vs. 1.1718798890057
list:
dist: 2.0811084425063355 vs. 2.0811084425063355
list:
dist: 1.463596717673919 vs. 1.463596717673919
list:
dist: 1.053512305100129 vs. 1.053512305100129
list:
dist: 1.3119475911013772 vs. 1.3119475911013772
list:
dist: 1.808986451821406 vs. 1.808986451821406
list:
dist: 0.9166113587945773 vs. 0.9166113587945773
list:
dist: 1.915147201943386 vs. 1.915147201943386
list:
dist: 2.95941316864036 vs. 2.95941316864036
list:
dist: 2.561263299118055 vs. 2.561263299118055
list:
dist: 1.692821880697132 vs. 1.692821880697132
list:
dist: 1.8720409548862218 vs. 1.8720409548862218
list:
dist: 2.4475849303745667 vs. 2.4475849303745667
list:
dist: 2.1952047091163824 vs. 2.1952047091163824
list:
dist: 1.4606881281936581 vs. 1.4606881281936581
list:
dist: 1.2602077280364448 vs. 1.2602077280364448
list:
dist: 2.2475417979372776 vs. 2.2475417979372776
list:
dist: 4.437847380370422 vs. 4.437847380370422
list:
dist: 1.555788704524201 vs. 1.555788704524201
list:
dist: 1.59118521593422 vs. 1.59118521593422
list:
dist: 0.45494659538554305 vs. 0.45494659538554305
list:
dist: 0.8988098128986044 vs. 0.8988098128986044
list:
dist: 2.007572024733765 vs. 2.007572024733765
list:
dist: 1.449659001820522 vs. 1.449659001820522
list:
dist: 2.16478271130734 vs. 2.16478271130734
list:
dist: 1.3008315098926173 vs. 1.3008315098926173
list:
dist: 0.8800463004592479 vs. 0.8800463004592479
list:
dist: 1.5599420633182222 vs. 1.5599420633182222
list:
dist: 1.9619474516572721 vs. 1.9619474516572721
list:
dist: 1.1440776353617363 vs. 1.1440776353617363
list:
dist: 1.9338596908701255 vs. 1.9338596908701255
list:
dist: 3.040844797753534 vs. 3.040844797753534
list:
dist: 3.0160766126981287 vs. 3.0160766126981287
list:
dist: 2.0359623167763052 vs. 2.0359623167763052
list:
dist: 2.3056913348592913 vs. 2.3056913348592913
list:
dist: 2.8722628082582213 vs. 2.8722628082582213
list:
dist: 2.622520348835038 vs. 2.622520348835038
list:
dist: 1.8280962814241377 vs. 1.8280962814241377
list:
dist: 1.6602158002195224 vs. 1.6602158002195224
list:
dist: 2.5345602626646198 vs. 2.5345602626646198
list:
dist: 2.1748711977327018 vs. 2.1748711977327018
list:
dist: 3.2097180563275565 vs. 3.2097180563275565
list:
dist: 1.915147201943386 vs. 1.915147201943386
list:
dist: 1.9338596908701255 vs. 1.9338596908701255
list:
dist: 1.2832220234430858 vs. 1.2832220234430858
list:
dist: 3.381503891203326 vs. 3.381503891203326
list:
dist: 2.663926741455781 vs. 2.663926741455781
list:
dist: 2.792687757647328 vs. 2.792687757647328
list:
dist: 1.8266328310344202 vs. 1.8266328310344202
list:
dist: 2.011663807236627 vs. 2.011663807236627
list:
dist: 2.690719241501593 vs. 2.690719241501593
list:
dist: 1.8012147032352108 vs. 1.8012147032352108
list:
dist: 1.6704595239954043 vs. 1.6704595239954043
list:
dist: 1.3153211723773501 vs. 1.3153211723773501
list:
dist: 3.2797352436732927 vs. 3.2797352436732927
list:
dist: 2.405579415647498 vs. 2.405579415647498
list:
dist: 2.323953252488491 vs. 2.323953252488491
list:
dist: 3.4666808058829446 vs. 3.4666808058829446
list:
dist: 2.4393790925088594 vs. 2.4393790925088594
list:
dist: 1.5695621164891478 vs. 1.5695621164891478
list:
dist: 1.8340054713175695 vs. 1.8340054713175695
list:
dist: 1.4441290373419742 vs. 1.4441290373419742
list:
dist: 1.7980646795923767 vs. 1.7980646795923767
list:
dist: 2.106866941281047 vs. 2.106866941281047
list:
dist: 3.2067083848128304 vs. 3.2067083848128304
list:
dist: 2.930822305294368 vs. 2.930822305294368
list:
dist: 3.0133752207631272 vs. 3.0133752207631272
list:
dist: 3.701974454995072 vs. 3.701974454995072
list:
dist: 1.993052966367736 vs. 1.993052966367736
list:
dist: 2.6421570456088648 vs. 2.6421570456088648
list:
dist: 1.808986451821406 vs. 1.808986451821406
list:
dist: 1.9619474516572721 vs. 1.9619474516572721
list:
dist: 1.984991191546674 vs. 1.984991191546674
list:
dist: 2.990968271526422 vs. 2.990968271526422
list:
dist: 2.786873264144468 vs. 2.786873264144468
list:
dist: 1.1484192165540419 vs. 1.1484192165540419
list:
dist: 1.2430256233207024 vs. 1.2430256233207024
list:
dist: 1.4455660804487702 vs. 1.4455660804487702
list:
dist: 1.4899362727779273 vs. 1.4899362727779273
list:
dist: 0.901043252344819 vs. 0.901043252344819
list:
dist: 1.8012147032352108 vs. 1.8012147032352108
list:
dist: 1.9323043097712402 vs. 1.9323043097712402
list:
dist: 2.74671365645237 vs. 2.74671365645237
list:
dist: 1.0851168019456363 vs. 1.0851168019456363
list:
dist: 1.9009686168209263 vs. 1.9009686168209263
list:
dist: 3.2798130693677074 vs. 3.2798130693677074
list:
dist: 2.213445277513764 vs. 2.213445277513764
list:
dist: 1.5723446189658241 vs. 1.5723446189658241
list:
dist: 1.3290887393433979 vs. 1.3290887393433979
list:
dist: 2.0425873701761565 vs. 2.0425873701761565
list:
dist: 1.4902259093272163 vs. 1.4902259093272163
list:
dist: 0.5673174032173434 vs. 0.5673174032173434
list:
dist: 2.051319847771637 vs. 2.051319847771637
list:
dist: 1.8371437712324707 vs. 1.8371437712324707
list:
dist: 2.4102182436353146 vs. 2.4102182436353146
list:
dist: 3.2201006366280387 vs. 3.2201006366280387
list:
dist: 0.9900316928443794 vs. 0.9900316928443794
list:
dist: 1.9755896678736065 vs. 1.9755896678736065
list:
dist: 1.053512305100129 vs. 1.053512305100129
list:
dist: 0.8800463004592479 vs. 0.8800463004592479
list:
dist: 1.4931441150127351 vs. 1.4931441150127351
list:
dist: 2.5220307953568852 vs. 2.5220307953568852
list:
dist: 2.2006323811177206 vs. 2.2006323811177206
list:
dist: 1.4367721632327426 vs. 1.4367721632327426
list:
dist: 0.537202348978876 vs. 0.537202348978876
list:
dist: 1.3156313167204905 vs. 1.3156313167204905
list:
dist: 1.4455660804487702 vs. 1.4455660804487702
list:
dist: 0.9506373852089387 vs. 0.9506373852089387
list:
dist: 2.011663807236627 vs. 2.011663807236627
list:
dist: 2.8288515118466564 vs. 2.8288515118466564
list:
dist: 3.2640743058970503 vs. 3.2640743058970503
list:
dist: 1.8097643555172096 vs. 1.8097643555172096
list:
dist: 2.4961674726714005 vs. 2.4961674726714005
list:
dist: 3.37028072966722 vs. 3.37028072966722
list:
dist: 2.8598575120531917 vs. 2.8598575120531917
list:
dist: 2.0507467869929092 vs. 2.0507467869929092
list:
dist: 1.7754820302889853 vs. 1.7754820302889853
list:
dist: 2.7233397393045733 vs. 2.7233397393045733
list:
dist: 2.0051592661368844 vs. 2.0051592661368844
list:
dist: 2.9244513623113693 vs. 2.9244513623113693
list:
dist: 3.1004810421290805 vs. 3.1004810421290805
list:
dist: 3.533136169386137 vs. 3.533136169386137
list:
dist: 3.9407250306250736 vs. 3.9407250306250736
list:
dist: 4.168112481400704 vs. 4.168112481400704
list:
dist: 2.0202490355010227 vs. 2.0202490355010227
list:
dist: 2.093849873510262 vs. 2.093849873510262
list:
dist: 0.8390307418891292 vs. 0.8390307418891292
list:
dist: 0.8988098128986044 vs. 0.8988098128986044
list:
dist: 2.2561809194856846 vs. 2.2561809194856846
list:
dist: 1.4538529400238893 vs. 1.4538529400238893
list:
dist: 2.609392359006056 vs. 2.609392359006056
list:
dist: 1.686016757375447 vs. 1.686016757375447
list:
dist: 1.4931441150127351 vs. 1.4931441150127351
list:
dist: 2.0363134355296486 vs. 2.0363134355296486
list:
dist: 1.984991191546674 vs. 1.984991191546674
list:
dist: 1.2603769192889447 vs. 1.2603769192889447
list:
dist: 1.2832220234430858 vs. 1.2832220234430858
list:
dist: 2.5057218872781326 vs. 2.5057218872781326
list:
dist: 2.790191965953251 vs. 2.790191965953251
list:
dist: 2.1149711523605537 vs. 2.1149711523605537
list:
dist: 1.980304155769643 vs. 1.980304155769643
list:
dist: 2.6623217991421937 vs. 2.6623217991421937
list:
dist: 2.189284932765108 vs. 2.189284932765108
list:
dist: 1.330859066346554 vs. 1.330859066346554
list:
dist: 1.430204501575553 vs. 1.430204501575553
list:
dist: 1.8128832850149184 vs. 1.8128832850149184
list:
dist: 2.8850535104433503 vs. 2.8850535104433503
list:
dist: 1.8884801954812485 vs. 1.8884801954812485
list:
dist: 1.555788704524201 vs. 1.555788704524201
list:
dist: 2.0202490355010227 vs. 2.0202490355010227
list:
dist: 3.4440061426463613 vs. 3.4440061426463613
list:
dist: 3.0038708784450505 vs. 3.0038708784450505
list:
dist: 2.0085052945040522 vs. 2.0085052945040522
list:
dist: 0.7725417636367274 vs. 0.7725417636367274
list:
dist: 0.9900316928443794 vs. 0.9900316928443794
list:
dist: 2.2670051421887645 vs. 2.2670051421887645
list:
dist: 1.993052966367736 vs. 1.993052966367736
list:
dist: 1.8010332232989021 vs. 1.8010332232989021
list:
dist: 2.1748711977327018 vs. 2.1748711977327018
list:
dist: 2.913541474027149 vs. 2.913541474027149
list:
dist: 4.196877614386488 vs. 4.196877614386488
list:
dist: 2.681707991988317 vs. 2.681707991988317
list:
dist: 3.3601423989182644 vs. 3.3601423989182644
list:
dist: 4.298547382244928 vs. 4.298547382244928
list:
dist: 3.6910237727865445 vs. 3.6910237727865445
list:
dist: 2.801718428781981 vs. 2.801718428781981
list:
dist: 2.627555261312764 vs. 2.627555261312764
list:
dist: 0.7725417636367274 vs. 0.7725417636367274
list:
dist: 2.480417858486286 vs. 2.480417858486286
list:
dist: 1.463596717673919 vs. 1.463596717673919
list:
dist: 1.3008315098926173 vs. 1.3008315098926173
list:
dist: 1.686016757375447 vs. 1.686016757375447
list:
dist: 2.997930128434704 vs. 2.997930128434704
list:
dist: 2.6353615948363864 vs. 2.6353615948363864
list:
dist: 1.3986145545592656 vs. 1.3986145545592656
list:
dist: 0.537202348978876 vs. 0.537202348978876
list:
dist: 1.642973013219585 vs. 1.642973013219585
list:
dist: 1.2430256233207024 vs. 1.2430256233207024
list:
dist: 1.0911881030050048 vs. 1.0911881030050048
list:
dist: 1.8266328310344202 vs. 1.8266328310344202
list:
dist: 2.478391933164559 vs. 2.478391933164559
list:
dist: 3.5015818671956853 vs. 3.5015818671956853
list:
dist: 1.9256926652564796 vs. 1.9256926652564796
list:
dist: 2.6593063003645723 vs. 2.6593063003645723
list:
dist: 3.716166240194945 vs. 3.716166240194945
list:
dist: 3.0014827159457402 vs. 3.0014827159457402
list:
dist: 2.152993028334556 vs. 2.152993028334556
list:
dist: 1.9321291561799012 vs. 1.9321291561799012
list:
dist: 2.540213291360643 vs. 2.540213291360643
list:
dist: 1.7885464739359231 vs. 1.7885464739359231
list:
dist: 3.045616668794421 vs. 3.045616668794421
list:
dist: 3.0458219271535576 vs. 3.0458219271535576
list:
dist: 3.5322137220311616 vs. 3.5322137220311616
list:
dist: 4.118405912284147 vs. 4.118405912284147
list:
dist: 2.3064867444443267 vs. 2.3064867444443267
list:
dist: 3.045616668794421 vs. 3.045616668794421
list:
dist: 2.9244513623113693 vs. 2.9244513623113693
list:
dist: 1.88259596825463 vs. 1.88259596825463
list:
dist: 2.051319847771637 vs. 2.051319847771637
list:
dist: 2.0879767690602473 vs. 2.0879767690602473
list:
dist: 3.2067083848128304 vs. 3.2067083848128304
list:
dist: 3.2827831100917435 vs. 3.2827831100917435
list:
dist: 1.2434661569043726 vs. 1.2434661569043726
list:
dist: 1.1254872575351584 vs. 1.1254872575351584
list:
dist: 1.231358240482838 vs. 1.231358240482838
list:
dist: 2.1851508160662285 vs. 2.1851508160662285
list:
dist: 1.4173014267419173 vs. 1.4173014267419173
list:
dist: 1.8347628387212427 vs. 1.8347628387212427
list:
dist: 1.5490436867106674 vs. 1.5490436867106674
list:
dist: 2.0139762096616463 vs. 2.0139762096616463
list:
dist: 2.3656841689377477 vs. 2.3656841689377477
list:
dist: 2.034973870330447 vs. 2.034973870330447
list:
dist: 1.8595003469271503 vs. 1.8595003469271503
list:
dist: 1.021375383439107 vs. 1.021375383439107
list:
dist: 1.2912700126887964 vs. 1.2912700126887964
list:
dist: 1.528687841707801 vs. 1.528687841707801
list:
dist: 4.298547382244928 vs. 4.298547382244928
list:
dist: 2.0514653088688943 vs. 2.0514653088688943
list:
dist: 2.4475849303745667 vs. 2.4475849303745667
list:
dist: 2.8722628082582213 vs. 2.8722628082582213
list:
dist: 2.6623217991421937 vs. 2.6623217991421937
list:
dist: 1.451600159742859 vs. 1.451600159742859
list:
dist: 1.68427170820377 vs. 1.68427170820377
list:
dist: 2.977438240053343 vs. 2.977438240053343
list:
dist: 3.5731593503846457 vs. 3.5731593503846457
list:
dist: 3.6238948726580955 vs. 3.6238948726580955
list:
dist: 3.716166240194945 vs. 3.716166240194945
list:
dist: 3.37028072966722 vs. 3.37028072966722
list:
dist: 2.5831655447968007 vs. 2.5831655447968007
list:
dist: 3.2798130693677074 vs. 3.2798130693677074
list:
dist: 2.6797471417500622 vs. 2.6797471417500622
list:
dist: 3.4666808058829446 vs. 3.4666808058829446
list:
dist: 4.152473207171253 vs. 4.152473207171253
list:
dist: 1.050836312532609 vs. 1.050836312532609
list:
dist: 2.4040391670564647 vs. 2.4040391670564647
list:
dist: 1.542011465335722 vs. 1.542011465335722
list:
dist: 1.5152727436745836 vs. 1.5152727436745836
list:
dist: 2.0198094833664935 vs. 2.0198094833664935
list:
dist: 1.9876755769183618 vs. 1.9876755769183618
list:
dist: 0.9808914039605714 vs. 0.9808914039605714
list:
dist: 2.562180522363383 vs. 2.562180522363383
list:
dist: 3.192787665582523 vs. 3.192787665582523
list:
dist: 3.4085667015119716 vs. 3.4085667015119716
list:
dist: 2.1851508160662285 vs. 2.1851508160662285
list:
dist: 2.9203762203890085 vs. 2.9203762203890085
list:
dist: 2.5458839599513974 vs. 2.5458839599513974
list:
dist: 1.598549360811483 vs. 1.598549360811483
list:
dist: 2.5577999890790886 vs. 2.5577999890790886
list:
dist: 2.540213291360643 vs. 2.540213291360643
list:
dist: 2.7233397393045733 vs. 2.7233397393045733
list:
dist: 2.6072128056494446 vs. 2.6072128056494446
list:
dist: 1.4902259093272163 vs. 1.4902259093272163
list:
dist: 1.9104242961203126 vs. 1.9104242961203126
list:
dist: 1.7980646795923767 vs. 1.7980646795923767
list:
dist: 1.3250864866523229 vs. 1.3250864866523229
list:
dist: 2.490720995990627 vs. 2.490720995990627
list:
dist: 1.7692080551549292 vs. 1.7692080551549292
list:
dist: 1.6815455859873472 vs. 1.6815455859873472
list:
dist: 3.192787665582523 vs. 3.192787665582523
list:
dist: 1.7099270467291727 vs. 1.7099270467291727
list:
dist: 1.4410895313275731 vs. 1.4410895313275731
list:
dist: 1.6020311167229324 vs. 1.6020311167229324
list:
dist: 1.1785786479160154 vs. 1.1785786479160154
list:
dist: 1.2348317303879757 vs. 1.2348317303879757
list:
dist: 2.034973870330447 vs. 2.034973870330447
list:
dist: 1.336719385013912 vs. 1.336719385013912
list:
dist: 1.4804315754105821 vs. 1.4804315754105821
list:
dist: 2.634717753957108 vs. 2.634717753957108
list:
dist: 3.3601423989182644 vs. 3.3601423989182644
list:
dist: 2.1841708620131857 vs. 2.1841708620131857
list:
dist: 1.8720409548862218 vs. 1.8720409548862218
list:
dist: 2.3056913348592913 vs. 2.3056913348592913
list:
dist: 1.980304155769643 vs. 1.980304155769643
list:
dist: 2.031774882920171 vs. 2.031774882920171
list:
dist: 1.9433258695353874 vs. 1.9433258695353874
list:
dist: 4.117158594276705 vs. 4.117158594276705
list:
dist: 4.848959250260134 vs. 4.848959250260134
list:
dist: 2.5352996052242633 vs. 2.5352996052242633
list:
dist: 2.6593063003645723 vs. 2.6593063003645723
list:
dist: 2.4961674726714005 vs. 2.4961674726714005
list:
dist: 1.8428595229623213 vs. 1.8428595229623213
list:
dist: 1.9009686168209263 vs. 1.9009686168209263
list:
dist: 1.58002307912752 vs. 1.58002307912752
list:
dist: 2.323953252488491 vs. 2.323953252488491
list:
dist: 2.734091285658684 vs. 2.734091285658684
list:
dist: 0.974780884023034 vs. 0.974780884023034
list:
dist: 1.199066036636056 vs. 1.199066036636056
list:
dist: 1.542011465335722 vs. 1.542011465335722
list:
dist: 0.4127659233782186 vs. 0.4127659233782186
list:
dist: 0.7668131237288971 vs. 0.7668131237288971
list:
dist: 0.7326993370248287 vs. 0.7326993370248287
list:
dist: 1.9582846007432368 vs. 1.9582846007432368
list:
dist: 1.3786241754242865 vs. 1.3786241754242865
list:
dist: 1.6815455859873472 vs. 1.6815455859873472
list:
dist: 1.9389411724091425 vs. 1.9389411724091425
list:
dist: 1.231358240482838 vs. 1.231358240482838
list:
dist: 1.5821879579505755 vs. 1.5821879579505755
list:
dist: 1.4061897372089622 vs. 1.4061897372089622
list:
dist: 1.5004334029083666 vs. 1.5004334029083666
list:
dist: 2.913541474027149 vs. 2.913541474027149
list:
dist: 4.130683138357287 vs. 4.130683138357287
list:
dist: 2.95941316864036 vs. 2.95941316864036
list:
dist: 3.040844797753534 vs. 3.040844797753534
list:
dist: 2.5057218872781326 vs. 2.5057218872781326
list:
dist: 4.299384810884804 vs. 4.299384810884804
list:
dist: 3.74769689935937 vs. 3.74769689935937
list:
dist: 3.0323926105318084 vs. 3.0323926105318084
list:
dist: 2.478391933164559 vs. 2.478391933164559
list:
dist: 2.8288515118466564 vs. 2.8288515118466564
list:
dist: 3.2874278755459354 vs. 3.2874278755459354
list:
dist: 1.9323043097712402 vs. 1.9323043097712402
list:
dist: 2.3547998683934264 vs. 2.3547998683934264
list:
dist: 1.3153211723773501 vs. 1.3153211723773501
list:
dist: 3.6528062913624697 vs. 3.6528062913624697
list:
dist: 2.705873960155008 vs. 2.705873960155008
list:
dist: 2.734091285658684 vs. 2.734091285658684
list:
dist: 4.152473207171253 vs. 4.152473207171253
list:
dist: 2.7806662798402293 vs. 2.7806662798402293
list:
dist: 2.172611769834299 vs. 2.172611769834299
list:
dist: 2.411256201824035 vs. 2.411256201824035
list:
dist: 1.7201495830480842 vs. 1.7201495830480842
list:
dist: 1.3250864866523229 vs. 1.3250864866523229
list:
dist: 1.8985573346058637 vs. 1.8985573346058637
list:
dist: 3.2827831100917435 vs. 3.2827831100917435
list:
dist: 2.6147114961341167 vs. 2.6147114961341167
list:
dist: 2.7777244093010265 vs. 2.7777244093010265
list:
dist: 3.8647759587069332 vs. 3.8647759587069332
list:
dist: 2.627555261312764 vs. 2.627555261312764
list:
dist: 1.8944165753890412 vs. 1.8944165753890412
list:
dist: 1.2602077280364448 vs. 1.2602077280364448
list:
dist: 1.6602158002195224 vs. 1.6602158002195224
list:
dist: 1.430204501575553 vs. 1.430204501575553
list:
dist: 1.9649859682256272 vs. 1.9649859682256272
list:
dist: 1.7285271236753246 vs. 1.7285271236753246
list:
dist: 4.459110038049975 vs. 4.459110038049975
list:
dist: 5.299816830953785 vs. 5.299816830953785
list:
dist: 1.9890133256268083 vs. 1.9890133256268083
list:
dist: 1.9321291561799012 vs. 1.9321291561799012
list:
dist: 1.7754820302889853 vs. 1.7754820302889853
list:
dist: 1.3508435773535525 vs. 1.3508435773535525
list:
dist: 1.3290887393433979 vs. 1.3290887393433979
list:
dist: 0.8549258880151483 vs. 0.8549258880151483
list:
dist: 1.8340054713175695 vs. 1.8340054713175695
list:
dist: 2.411256201824035 vs. 2.411256201824035
list:
dist: 1.626890883911723 vs. 1.626890883911723
list:
dist: 0.8677056557816928 vs. 0.8677056557816928
list:
dist: 0.7326993370248287 vs. 0.7326993370248287
list:
dist: 1.9876755769183618 vs. 1.9876755769183618
list:
dist: 1.0883880606591674 vs. 1.0883880606591674
list:
dist: 0.5069722428146014 vs. 0.5069722428146014
list:
dist: 2.487356763157529 vs. 2.487356763157529
list:
dist: 1.3982470582539404 vs. 1.3982470582539404
list:
dist: 1.6020311167229324 vs. 1.6020311167229324
list:
dist: 1.5486600162768547 vs. 1.5486600162768547
list:
dist: 1.5490436867106674 vs. 1.5490436867106674
list:
dist: 1.7884831826930376 vs. 1.7884831826930376
list:
dist: 1.9045156061786217 vs. 1.9045156061786217
list:
dist: 2.221124465731329 vs. 2.221124465731329
list:
dist: 2.414957363351652 vs. 2.414957363351652
list:
dist: 3.0458219271535576 vs. 3.0458219271535576
list:
dist: 3.1004810421290805 vs. 3.1004810421290805
list:
dist: 2.395694290450953 vs. 2.395694290450953
list:
dist: 1.8371437712324707 vs. 1.8371437712324707
list:
dist: 2.237564329491696 vs. 2.237564329491696
list:
dist: 2.930822305294368 vs. 2.930822305294368
list:
dist: 2.6147114961341167 vs. 2.6147114961341167
list:
dist: 1.9478160620946878 vs. 1.9478160620946878
list:
dist: 1.4495841388240898 vs. 1.4495841388240898
list:
dist: 1.5821879579505755 vs. 1.5821879579505755
list:
dist: 2.9203762203890085 vs. 2.9203762203890085
list:
dist: 1.660374600866695 vs. 1.660374600866695
list:
dist: 1.91274983559575 vs. 1.91274983559575
list:
dist: 1.7884831826930376 vs. 1.7884831826930376
list:
dist: 2.8940435451625395 vs. 2.8940435451625395
list:
dist: 2.09415268729631 vs. 2.09415268729631
list:
dist: 1.336719385013912 vs. 1.336719385013912
list:
dist: 1.4183877704025452 vs. 1.4183877704025452
list:
dist: 1.021375383439107 vs. 1.021375383439107
list:
dist: 0.8878033165566505 vs. 0.8878033165566505
list:
dist: 1.986266446482952 vs. 1.986266446482952
list:
dist: 2.681707991988317 vs. 2.681707991988317
list:
dist: 1.9939753975908552 vs. 1.9939753975908552
list:
dist: 1.692821880697132 vs. 1.692821880697132
list:
dist: 2.0359623167763052 vs. 2.0359623167763052
list:
dist: 2.1149711523605537 vs. 2.1149711523605537
list:
dist: 2.213525269304455 vs. 2.213525269304455
list:
dist: 2.2990618523450985 vs. 2.2990618523450985
list:
dist: 5.158199506221388 vs. 5.158199506221388
list:
dist: 5.912274817460278 vs. 5.912274817460278
list:
dist: 1.3706594299315291 vs. 1.3706594299315291
list:
dist: 1.9256926652564796 vs. 1.9256926652564796
list:
dist: 1.8097643555172096 vs. 1.8097643555172096
list:
dist: 0.962059234590482 vs. 0.962059234590482
list:
dist: 1.0851168019456363 vs. 1.0851168019456363
list:
dist: 1.0150087572956432 vs. 1.0150087572956432
list:
dist: 2.405579415647498 vs. 2.405579415647498
list:
dist: 2.705873960155008 vs. 2.705873960155008
list:
dist: 1.8124923763193537 vs. 1.8124923763193537
list:
dist: 1.199066036636056 vs. 1.199066036636056
list:
dist: 2.4040391670564647 vs. 2.4040391670564647
list:
dist: 1.5813917118346135 vs. 1.5813917118346135
list:
dist: 1.3248874826359596 vs. 1.3248874826359596
list:
dist: 0.8677056557816928 vs. 0.8677056557816928
list:
dist: 2.5957189882335383 vs. 2.5957189882335383
list:
dist: 2.073276751369858 vs. 2.073276751369858
list:
dist: 1.7692080551549292 vs. 1.7692080551549292
list:
dist: 1.1711088849218478 vs. 1.1711088849218478
list:
dist: 1.1254872575351584 vs. 1.1254872575351584
list:
dist: 1.4495841388240898 vs. 1.4495841388240898
list:
dist: 1.92370977257525 vs. 1.92370977257525
list:
dist: 2.365579745067984 vs. 2.365579745067984
list:
dist: 2.801718428781981 vs. 2.801718428781981
list:
dist: 2.243561315797143 vs. 2.243561315797143
list:
dist: 1.4606881281936581 vs. 1.4606881281936581
list:
dist: 1.8280962814241377 vs. 1.8280962814241377
list:
dist: 1.330859066346554 vs. 1.330859066346554
list:
dist: 2.2215921420628018 vs. 2.2215921420628018
list:
dist: 1.8078556313782688 vs. 1.8078556313782688
list:
dist: 4.225374293093107 vs. 4.225374293093107
list:
dist: 5.099241308055729 vs. 5.099241308055729
list:
dist: 2.4099963035609866 vs. 2.4099963035609866
list:
dist: 2.152993028334556 vs. 2.152993028334556
list:
dist: 2.0507467869929092 vs. 2.0507467869929092
list:
dist: 1.8406290284624944 vs. 1.8406290284624944
list:
dist: 1.5723446189658241 vs. 1.5723446189658241
list:
dist: 1.1719734382541223 vs. 1.1719734382541223
list:
dist: 1.5695621164891478 vs. 1.5695621164891478
list:
dist: 2.172611769834299 vs. 2.172611769834299
list:
dist: 1.71458817863831 vs. 1.71458817863831
list:
dist: 1.3248874826359596 vs. 1.3248874826359596
list:
dist: 0.7668131237288971 vs. 0.7668131237288971
list:
dist: 2.0198094833664935 vs. 2.0198094833664935
list:
dist: 0.9478405217680946 vs. 0.9478405217680946
list:
dist: 0.5069722428146014 vs. 0.5069722428146014
list:
dist: 2.632124898756478 vs. 2.632124898756478
list:
dist: 0.9257283838484504 vs. 0.9257283838484504
list:
dist: 1.4410895313275731 vs. 1.4410895313275731
list:
dist: 1.7534772921254118 vs. 1.7534772921254118
list:
dist: 1.8347628387212427 vs. 1.8347628387212427
list:
dist: 1.91274983559575 vs. 1.91274983559575
list:
dist: 1.8472753563398034 vs. 1.8472753563398034
list:
dist: 2.2106561921761063 vs. 2.2106561921761063
list:
dist: 2.2475417979372776 vs. 2.2475417979372776
list:
dist: 2.5345602626646198 vs. 2.5345602626646198
list:
dist: 1.8128832850149184 vs. 1.8128832850149184
list:
dist: 3.0606155391708034 vs. 3.0606155391708034
list:
dist: 2.5347839167270223 vs. 2.5347839167270223
list:
dist: 2.0425873701761565 vs. 2.0425873701761565
list:
dist: 1.9242342792095855 vs. 1.9242342792095855
list:
dist: 1.4441290373419742 vs. 1.4441290373419742
list:
dist: 1.7201495830480842 vs. 1.7201495830480842
list:
dist: 2.2003052668091865 vs. 2.2003052668091865
list:
dist: 2.073276751369858 vs. 2.073276751369858
list:
dist: 1.3786241754242865 vs. 1.3786241754242865
list:
dist: 2.562180522363383 vs. 2.562180522363383
list:
dist: 1.2736755532729187 vs. 1.2736755532729187
list:
dist: 0.9257283838484504 vs. 0.9257283838484504
list:
dist: 1.3982470582539404 vs. 1.3982470582539404
list:
dist: 1.1785786479160154 vs. 1.1785786479160154
list:
dist: 2.0808749050030912 vs. 2.0808749050030912
list:
dist: 2.3656841689377477 vs. 2.3656841689377477
list:
dist: 2.09415268729631 vs. 2.09415268729631
list:
dist: 1.8089878415582639 vs. 1.8089878415582639
list:
dist: 2.425267939207072 vs. 2.425267939207072
list:
dist: 1.8010332232989021 vs. 1.8010332232989021
list:
dist: 1.853584490912358 vs. 1.853584490912358
list:
dist: 0.9166113587945773 vs. 0.9166113587945773
list:
dist: 1.1440776353617363 vs. 1.1440776353617363
list:
dist: 1.2603769192889447 vs. 1.2603769192889447
list:
dist: 2.20221124374695 vs. 2.20221124374695
list:
dist: 1.912864965840872 vs. 1.912864965840872
list:
dist: 1.40849200694155 vs. 1.40849200694155
list:
dist: 1.0911881030050048 vs. 1.0911881030050048
list:
dist: 0.9506373852089387 vs. 0.9506373852089387
list:
dist: 1.022318076806007 vs. 1.022318076806007
list:
dist: 0.901043252344819 vs. 0.901043252344819
list:
dist: 1.6704595239954043 vs. 1.6704595239954043
list:
dist: 2.3547998683934264 vs. 2.3547998683934264
list:
dist: 2.4138692242056816 vs. 2.4138692242056816
list:
dist: 1.0150087572956432 vs. 1.0150087572956432
list:
dist: 1.58002307912752 vs. 1.58002307912752
list:
dist: 2.6797471417500622 vs. 2.6797471417500622
list:
dist: 1.9403792071223018 vs. 1.9403792071223018
list:
dist: 1.1719734382541223 vs. 1.1719734382541223
list:
dist: 0.8549258880151483 vs. 0.8549258880151483
list:
dist: 1.9242342792095855 vs. 1.9242342792095855
list:
dist: 1.9104242961203126 vs. 1.9104242961203126
list:
dist: 1.386133931874977 vs. 1.386133931874977
list:
dist: 2.0879767690602473 vs. 2.0879767690602473
list:
dist: 2.237564329491696 vs. 2.237564329491696
list:
dist: 2.593322130412885 vs. 2.593322130412885
list:
dist: 3.039777398031597 vs. 3.039777398031597
list:
dist: 2.2670051421887645 vs. 2.2670051421887645
list:
dist: 1.3285660986354972 vs. 1.3285660986354972
list:
dist: 1.3119475911013772 vs. 1.3119475911013772
list:
dist: 1.5599420633182222 vs. 1.5599420633182222
list:
dist: 2.0363134355296486 vs. 2.0363134355296486
list:
dist: 1.8110843836619988 vs. 1.8110843836619988
list:
dist: 1.9995327532240543 vs. 1.9995327532240543
list:
dist: 1.1625749842193334 vs. 1.1625749842193334
list:
dist: 1.642973013219585 vs. 1.642973013219585
list:
dist: 1.3156313167204905 vs. 1.3156313167204905
list:
dist: 1.4899362727779273 vs. 1.4899362727779273
list:
dist: 1.022318076806007 vs. 1.022318076806007
list:
dist: 2.690719241501593 vs. 2.690719241501593
list:
dist: 3.2874278755459354 vs. 3.2874278755459354
list:
dist: 2.3293520027394647 vs. 2.3293520027394647
list:
dist: 0.962059234590482 vs. 0.962059234590482
list:
dist: 1.8428595229623213 vs. 1.8428595229623213
list:
dist: 2.5831655447968007 vs. 2.5831655447968007
list:
dist: 2.2553352643351663 vs. 2.2553352643351663
list:
dist: 1.8406290284624944 vs. 1.8406290284624944
list:
dist: 1.3508435773535525 vs. 1.3508435773535525
list:
dist: 2.824354250741807 vs. 2.824354250741807
list:
dist: 2.6072128056494446 vs. 2.6072128056494446
list:
dist: 1.8270478625747457 vs. 1.8270478625747457
list:
dist: 1.88259596825463 vs. 1.88259596825463
list:
dist: 2.395694290450953 vs. 2.395694290450953
list:
dist: 2.8485419160411714 vs. 2.8485419160411714
list:
dist: 3.0251722841201634 vs. 3.0251722841201634
list:
dist: 2.8850535104433503 vs. 2.8850535104433503
list:
dist: 1.345067601398342 vs. 1.345067601398342
list:
dist: 1.59118521593422 vs. 1.59118521593422
list:
dist: 2.093849873510262 vs. 2.093849873510262
list:
dist: 0.7042454548125227 vs. 0.7042454548125227
list:
dist: 1.173319116775238 vs. 1.173319116775238
list:
dist: 2.450150669530321 vs. 2.450150669530321
list:
dist: 2.480417858486286 vs. 2.480417858486286
list:
dist: 1.9755896678736065 vs. 1.9755896678736065
list:
dist: 1.3285660986354972 vs. 1.3285660986354972
list:
dist: 2.6421570456088648 vs. 2.6421570456088648
list:
dist: 1.853584490912358 vs. 1.853584490912358
list:
dist: 3.2097180563275565 vs. 3.2097180563275565
list:
dist: 4.130683138357287 vs. 4.130683138357287
list:
dist: 2.3691387165399242 vs. 2.3691387165399242
list:
dist: 1.9939753975908552 vs. 1.9939753975908552
list:
dist: 2.1841708620131857 vs. 2.1841708620131857
list:
dist: 2.0514653088688943 vs. 2.0514653088688943
list:
dist: 2.5156899227644303 vs. 2.5156899227644303
list:
dist: 2.243561315797143 vs. 2.243561315797143
list:
dist: 1.8944165753890412 vs. 1.8944165753890412
list:
dist: 2.44537000765534 vs. 2.44537000765534
list:
dist: 2.0085052945040522 vs. 2.0085052945040522
list:
dist: 2.450150669530321 vs. 2.450150669530321
list:
dist: 2.0811084425063355 vs. 2.0811084425063355
list:
dist: 2.16478271130734 vs. 2.16478271130734
list:
dist: 2.609392359006056 vs. 2.609392359006056
list:
dist: 2.9726885595246815 vs. 2.9726885595246815
list:
dist: 3.0486785082255294 vs. 3.0486785082255294
list:
dist: 1.3986145545592656 vs. 1.3986145545592656
list:
dist: 1.4367721632327426 vs. 1.4367721632327426
list:
dist: 1.1625749842193334 vs. 1.1625749842193334
list:
dist: 1.1484192165540419 vs. 1.1484192165540419
list:
dist: 1.40849200694155 vs. 1.40849200694155
list:
dist: 2.792687757647328 vs. 2.792687757647328
list:
dist: 3.0323926105318084 vs. 3.0323926105318084
list:
dist: 3.150534646696622 vs. 3.150534646696622
list:
dist: 1.3706594299315291 vs. 1.3706594299315291
list:
dist: 2.5352996052242633 vs. 2.5352996052242633
list:
dist: 3.6238948726580955 vs. 3.6238948726580955
list:
dist: 2.920739411257819 vs. 2.920739411257819
list:
dist: 2.4099963035609866 vs. 2.4099963035609866
list:
dist: 1.9890133256268083 vs. 1.9890133256268083
list:
dist: 2.5577999890790886 vs. 2.5577999890790886
list:
dist: 1.391492264954917 vs. 1.391492264954917
list:
dist: 2.3064867444443267 vs. 2.3064867444443267
list:
dist: 2.414957363351652 vs. 2.414957363351652
list:
dist: 3.1265255829324077 vs. 3.1265255829324077
list:
dist: 3.7113449476099136 vs. 3.7113449476099136
list:
dist: 3.371733421206652 vs. 3.371733421206652
list:
dist: 4.379767204646987 vs. 4.379767204646987
list:
dist: 3.6596154433231827 vs. 3.6596154433231827
list:
dist: 3.9847733072045544 vs. 3.9847733072045544
list:
dist: 3.0038708784450505 vs. 3.0038708784450505
list:
dist: 1.173319116775238 vs. 1.173319116775238
list:
dist: 1.1718798890057 vs. 1.1718798890057
list:
dist: 1.449659001820522 vs. 1.449659001820522
list:
dist: 1.4538529400238893 vs. 1.4538529400238893
list:
dist: 0.9843465448582619 vs. 0.9843465448582619
list:
dist: 3.454402134296351 vs. 3.454402134296351
list:
dist: 4.399170545439597 vs. 4.399170545439597
list:
dist: 3.0486785082255294 vs. 3.0486785082255294
list:
dist: 2.6353615948363864 vs. 2.6353615948363864
list:
dist: 2.2006323811177206 vs. 2.2006323811177206
list:
dist: 1.9995327532240543 vs. 1.9995327532240543
list:
dist: 2.786873264144468 vs. 2.786873264144468
list:
dist: 1.912864965840872 vs. 1.912864965840872
list:
dist: 2.663926741455781 vs. 2.663926741455781
list:
dist: 3.74769689935937 vs. 3.74769689935937
list:
dist: 2.2611057272001815 vs. 2.2611057272001815
list:
dist: 2.2990618523450985 vs. 2.2990618523450985
list:
dist: 1.9433258695353874 vs. 1.9433258695353874
list:
dist: 1.68427170820377 vs. 1.68427170820377
list:
dist: 2.1464779681183708 vs. 2.1464779681183708
list:
dist: 1.8078556313782688 vs. 1.8078556313782688
list:
dist: 1.7285271236753246 vs. 1.7285271236753246
list:
dist: 2.4887311951552693 vs. 2.4887311951552693
list:
dist: 2.5347839167270223 vs. 2.5347839167270223
list:
dist: 1.391492264954917 vs. 1.391492264954917
list:
dist: 1.7885464739359231 vs. 1.7885464739359231
list:
dist: 2.0051592661368844 vs. 2.0051592661368844
list:
dist: 1.8270478625747457 vs. 1.8270478625747457
list:
dist: 0.5673174032173434 vs. 0.5673174032173434
list:
dist: 1.386133931874977 vs. 1.386133931874977
list:
dist: 2.106866941281047 vs. 2.106866941281047
list:
dist: 1.8985573346058637 vs. 1.8985573346058637
list:
dist: 2.7177873909898804 vs. 2.7177873909898804
list:
dist: 1.1711088849218478 vs. 1.1711088849218478
list:
dist: 1.9389411724091425 vs. 1.9389411724091425
list:
dist: 3.4085667015119716 vs. 3.4085667015119716
list:
dist: 2.1999593315197665 vs. 2.1999593315197665
list:
dist: 1.7534772921254118 vs. 1.7534772921254118
list:
dist: 1.5486600162768547 vs. 1.5486600162768547
list:
dist: 2.0808749050030912 vs. 2.0808749050030912
list:
dist: 1.2348317303879757 vs. 1.2348317303879757
list:
dist: 1.8595003469271503 vs. 1.8595003469271503
list:
dist: 1.4183877704025452 vs. 1.4183877704025452
list:
dist: 2.0930845721438316 vs. 2.0930845721438316
list:
dist: 3.0725633417119655 vs. 3.0725633417119655
list:
dist: 3.850723917370826 vs. 3.850723917370826
list:
dist: 4.735240972608862 vs. 4.735240972608862
list:
dist: 4.012505672344373 vs. 4.012505672344373
list:
dist: 4.468497282308688 vs. 4.468497282308688
list:
dist: 3.4440061426463613 vs. 3.4440061426463613
list:
dist: 0.7042454548125227 vs. 0.7042454548125227
list:
dist: 1.6840970883602067 vs. 1.6840970883602067
list:
dist: 2.007572024733765 vs. 2.007572024733765
list:
dist: 2.2561809194856846 vs. 2.2561809194856846
list:
dist: 0.9843465448582619 vs. 0.9843465448582619
list:
dist: 3.745601772188926 vs. 3.745601772188926
list:
dist: 4.488678042068401 vs. 4.488678042068401
list:
dist: 2.9726885595246815 vs. 2.9726885595246815
list:
dist: 2.997930128434704 vs. 2.997930128434704
list:
dist: 2.5220307953568852 vs. 2.5220307953568852
list:
dist: 1.8110843836619988 vs. 1.8110843836619988
list:
dist: 2.990968271526422 vs. 2.990968271526422
list:
dist: 2.20221124374695 vs. 2.20221124374695
list:
dist: 3.381503891203326 vs. 3.381503891203326
list:
dist: 4.299384810884804 vs. 4.299384810884804
list:
dist: 2.003236256149998 vs. 2.003236256149998
list:
dist: 2.213525269304455 vs. 2.213525269304455
list:
dist: 2.031774882920171 vs. 2.031774882920171
list:
dist: 1.451600159742859 vs. 1.451600159742859
list:
dist: 2.2783748144488616 vs. 2.2783748144488616
list:
dist: 2.2215921420628018 vs. 2.2215921420628018
list:
dist: 1.9649859682256272 vs. 1.9649859682256272
list:
dist: 1.9136636336071113 vs. 1.9136636336071113
list:
dist: 3.0606155391708034 vs. 3.0606155391708034
list:
dist: 4.196877614386488 vs. 4.196877614386488
list:
dist: 2.3691387165399242 vs. 2.3691387165399242
list:
dist: 2.561263299118055 vs. 2.561263299118055
list:
dist: 3.0160766126981287 vs. 3.0160766126981287
list:
dist: 2.790191965953251 vs. 2.790191965953251
list:
dist: 2.003236256149998 vs. 2.003236256149998
list:
dist: 2.2611057272001815 vs. 2.2611057272001815
list:
dist: 3.8456453286193932 vs. 3.8456453286193932
list:
dist: 4.37129230220433 vs. 4.37129230220433
list:
dist: 3.150534646696622 vs. 3.150534646696622
list:
dist: 3.5015818671956853 vs. 3.5015818671956853
list:
dist: 3.2640743058970503 vs. 3.2640743058970503
list:
dist: 2.3293520027394647 vs. 2.3293520027394647
list:
dist: 2.74671365645237 vs. 2.74671365645237
list:
dist: 2.4138692242056816 vs. 2.4138692242056816
list:
dist: 3.2797352436732927 vs. 3.2797352436732927
list:
dist: 3.6528062913624697 vs. 3.6528062913624697
list:
dist: 1.8124923763193537 vs. 1.8124923763193537
list:
dist: 0.974780884023034 vs. 0.974780884023034
list:
dist: 1.050836312532609 vs. 1.050836312532609
list:
dist: 0.9276939011742734 vs. 0.9276939011742734
list:
dist: 1.71458817863831 vs. 1.71458817863831
list:
dist: 1.626890883911723 vs. 1.626890883911723
list:
dist: 1.0664341142535434 vs. 1.0664341142535434
list:
dist: 2.2003052668091865 vs. 2.2003052668091865
list:
dist: 2.490720995990627 vs. 2.490720995990627
list:
dist: 2.7177873909898804 vs. 2.7177873909898804
list:
dist: 1.2434661569043726 vs. 1.2434661569043726
list:
dist: 1.9478160620946878 vs. 1.9478160620946878
list:
dist: 1.5850633739313766 vs. 1.5850633739313766
list:
dist: 0.7867777891322516 vs. 0.7867777891322516
list:
dist: 3.7113449476099136 vs. 3.7113449476099136
list:
dist: 4.118405912284147 vs. 4.118405912284147
list:
dist: 3.9407250306250736 vs. 3.9407250306250736
list:
dist: 3.0251722841201634 vs. 3.0251722841201634
list:
dist: 3.2201006366280387 vs. 3.2201006366280387
list:
dist: 3.039777398031597 vs. 3.039777398031597
list:
dist: 3.701974454995072 vs. 3.701974454995072
list:
dist: 3.8647759587069332 vs. 3.8647759587069332
list:
dist: 0.7867777891322516 vs. 0.7867777891322516
list:
dist: 2.365579745067984 vs. 2.365579745067984
list:
dist: 1.5004334029083666 vs. 1.5004334029083666
list:
dist: 1.598549360811483 vs. 1.598549360811483
list:
dist: 1.2756030840685797 vs. 1.2756030840685797
list:
dist: 2.2106561921761063 vs. 2.2106561921761063
list:
dist: 2.221124465731329 vs. 2.221124465731329
list:
dist: 1.3847060346087448 vs. 1.3847060346087448
list:
dist: 2.425267939207072 vs. 2.425267939207072
list:
dist: 2.634717753957108 vs. 2.634717753957108
list:
dist: 3.0725633417119655 vs. 3.0725633417119655
list:
dist: 1.528687841707801 vs. 1.528687841707801
list:
dist: 1.986266446482952 vs. 1.986266446482952
list:
dist: 1.3717130548664245 vs. 1.3717130548664245
list:
dist: 2.44537000765534 vs. 2.44537000765534
list:
dist: 1.9136636336071113 vs. 1.9136636336071113
list:
dist: 2.4887311951552693 vs. 2.4887311951552693
list:
dist: 3.599860209035421 vs. 3.599860209035421
list:
dist: 3.9285048524597483 vs. 3.9285048524597483
list:
dist: 2.824354250741807 vs. 2.824354250741807
list:
dist: 1.0664341142535434 vs. 1.0664341142535434
list:
dist: 2.5957189882335383 vs. 2.5957189882335383
list:
dist: 1.9582846007432368 vs. 1.9582846007432368
list:
dist: 0.9808914039605714 vs. 0.9808914039605714
list:
dist: 1.9464279086690162 vs. 1.9464279086690162
list:
dist: 2.632124898756478 vs. 2.632124898756478
list:
dist: 2.487356763157529 vs. 2.487356763157529
list:
dist: 2.0139762096616463 vs. 2.0139762096616463
list:
dist: 2.8940435451625395 vs. 2.8940435451625395
list:
dist: 2.5686175564776317 vs. 2.5686175564776317
list:
dist: 1.3847060346087448 vs. 1.3847060346087448
list:
dist: 3.6910237727865445 vs. 3.6910237727865445
list:
dist: 2.5156899227644303 vs. 2.5156899227644303
list:
dist: 2.1952047091163824 vs. 2.1952047091163824
list:
dist: 2.622520348835038 vs. 2.622520348835038
list:
dist: 2.189284932765108 vs. 2.189284932765108
list:
dist: 2.2783748144488616 vs. 2.2783748144488616
list:
dist: 2.1464779681183708 vs. 2.1464779681183708
list:
dist: 3.921969562520592 vs. 3.921969562520592
list:
dist: 4.622098194382224 vs. 4.622098194382224
list:
dist: 2.920739411257819 vs. 2.920739411257819
list:
dist: 3.0014827159457402 vs. 3.0014827159457402
list:
dist: 2.8598575120531917 vs. 2.8598575120531917
list:
dist: 2.2553352643351663 vs. 2.2553352643351663
list:
dist: 2.213445277513764 vs. 2.213445277513764
list:
dist: 1.9403792071223018 vs. 1.9403792071223018
list:
dist: 2.4393790925088594 vs. 2.4393790925088594
list:
dist: 2.7806662798402293 vs. 2.7806662798402293
list:
dist: 0.9276939011742734 vs. 0.9276939011742734
list:
dist: 1.5813917118346135 vs. 1.5813917118346135
list:
dist: 0.4127659233782186 vs. 0.4127659233782186
list:
dist: 1.5152727436745836 vs. 1.5152727436745836
list:
dist: 0.9478405217680946 vs. 0.9478405217680946
list:
dist: 1.0883880606591674 vs. 1.0883880606591674
list:
dist: 1.9464279086690162 vs. 1.9464279086690162
list:
dist: 1.2736755532729187 vs. 1.2736755532729187
list:
dist: 1.7099270467291727 vs. 1.7099270467291727
list:
dist: 2.1999593315197665 vs. 2.1999593315197665
list:
dist: 1.4173014267419173 vs. 1.4173014267419173
list:
dist: 1.660374600866695 vs. 1.660374600866695
list:
dist: 1.2521989159593077 vs. 1.2521989159593077
list:
dist: 1.2756030840685797 vs. 1.2756030840685797
list:
dist: 3.1265255829324077 vs. 3.1265255829324077
list:
dist: 3.5322137220311616 vs. 3.5322137220311616
list:
dist: 3.533136169386137 vs. 3.533136169386137
list:
dist: 2.8485419160411714 vs. 2.8485419160411714
list:
dist: 2.4102182436353146 vs. 2.4102182436353146
list:
dist: 2.593322130412885 vs. 2.593322130412885
list:
dist: 3.0133752207631272 vs. 3.0133752207631272
list:
dist: 2.7777244093010265 vs. 2.7777244093010265
list:
dist: 1.5850633739313766 vs. 1.5850633739313766
list:
dist: 1.92370977257525 vs. 1.92370977257525
list:
dist: 1.4061897372089622 vs. 1.4061897372089622
list:
dist: 2.5458839599513974 vs. 2.5458839599513974
list:
dist: 1.2521989159593077 vs. 1.2521989159593077
list:
dist: 1.8472753563398034 vs. 1.8472753563398034
list:
dist: 1.9045156061786217 vs. 1.9045156061786217
list:
dist: 2.5686175564776317 vs. 2.5686175564776317
list:
dist: 1.8089878415582639 vs. 1.8089878415582639
list:
dist: 1.4804315754105821 vs. 1.4804315754105821
list:
dist: 2.0930845721438316 vs. 2.0930845721438316
list:
dist: 1.2912700126887964 vs. 1.2912700126887964
list:
dist: 0.8878033165566505 vs. 0.8878033165566505
list:
dist: 1.3717130548664245 vs. 1.3717130548664245
200
300
Neighbor List consistency Check...
--------
nle(id0,id1,dist): 5 6 1.880290415316242
list:
dist: 1.880290415316242 vs. 1.880290415316242
--------
nle(id0,id1,dist): 5 7 1.143620903310101
list:
dist: 1.143620903310101 vs. 1.143620903310101
--------
nle(id0,id1,dist): 5 21 2.553763070316402
list:
dist: 2.553763070316402 vs. 2.553763070316402
--------
nle(id0,id1,dist): 5 20 2.8461157784994757
list:
dist: 2.8461157784994757 vs. 2.8461157784994757
--------
nle(id0,id1,dist): 5 23 3.630242870100364
list:
dist: 3.630242870100364 vs. 3.630242870100364
--------
nle(id0,id1,dist): 5 22 3.7605524221554703
list:
dist: 3.7605524221554703 vs. 3.7605524221554703
--------
nle(id0,id1,dist): 5 17 2.910888291445325
list:
dist: 2.910888291445325 vs. 2.910888291445325
--------
nle(id0,id1,dist): 5 19 3.503345160842202
list:
dist: 3.503345160842202 vs. 3.503345160842202
--------
nle(id0,id1,dist): 5 18 1.7423106396260049
list:
dist: 1.7423106396260049 vs. 1.7423106396260049
--------
nle(id0,id1,dist): 5 13 2.2494442454825303
list:
dist: 2.2494442454825303 vs. 2.2494442454825303
--------
nle(id0,id1,dist): 5 12 2.0940619326624486
list:
dist: 2.0940619326624486 vs. 2.0940619326624486
--------
nle(id0,id1,dist): 5 15 3.4978220044833854
list:
dist: 3.4978220044833854 vs. 3.4978220044833854
--------
nle(id0,id1,dist): 5 14 2.414072234000557
list:
dist: 2.414072234000557 vs. 2.414072234000557
--------
nle(id0,id1,dist): 5 9 1.4935532890911927
list:
dist: 1.4935532890911927 vs. 1.4935532890911927
--------
nle(id0,id1,dist): 5 8 0.9430133154609173
list:
dist: 0.9430133154609173 vs. 0.9430133154609173
--------
nle(id0,id1,dist): 5 11 2.5935745146985414
list:
dist: 2.5935745146985414 vs. 2.5935745146985414
--------
nle(id0,id1,dist): 5 10 1.3709535926208791
list:
dist: 1.3709535926208791 vs. 1.3709535926208791
--------
nle(id0,id1,dist): 4 11 0.6664338441358436
list:
dist: 0.6664338441358436 vs. 0.6664338441358436
--------
nle(id0,id1,dist): 4 12 0.5707507973756286
list:
dist: 0.5707507973756286 vs. 0.5707507973756286
--------
nle(id0,id1,dist): 4 9 1.6121884241620414
list:
dist: 1.6121884241620414 vs. 1.6121884241620414
--------
nle(id0,id1,dist): 4 10 1.3562952958051366
list:
dist: 1.3562952958051366 vs. 1.3562952958051366
--------
nle(id0,id1,dist): 4 7 2.4623001606214716
list:
dist: 2.4623001606214716 vs. 2.4623001606214716
--------
nle(id0,id1,dist): 4 5 2.6186427420077956
list:
dist: 2.6186427420077956 vs. 2.6186427420077956
--------
nle(id0,id1,dist): 4 6 2.5148499506074433
list:
dist: 2.5148499506074433 vs. 2.5148499506074433
--------
nle(id0,id1,dist): 4 27 2.7204737374182524
list:
dist: 2.7204737374182524 vs. 2.7204737374182524
--------
nle(id0,id1,dist): 4 24 2.4722629383232384
list:
dist: 2.4722629383232384 vs. 2.4722629383232384
--------
nle(id0,id1,dist): 4 23 2.945875341610156
list:
dist: 2.945875341610156 vs. 2.945875341610156
--------
nle(id0,id1,dist): 4 22 2.955805296831516
list:
dist: 2.955805296831516 vs. 2.955805296831516
--------
nle(id0,id1,dist): 4 21 1.9125844290681435
list:
dist: 1.9125844290681435 vs. 1.9125844290681435
--------
nle(id0,id1,dist): 4 20 1.5675872880152104
list:
dist: 1.5675872880152104 vs. 1.5675872880152104
--------
nle(id0,id1,dist): 4 19 1.654130949807126
list:
dist: 1.654130949807126 vs. 1.654130949807126
--------
nle(id0,id1,dist): 4 18 2.301168624132749
list:
dist: 2.301168624132749 vs. 2.301168624132749
--------
nle(id0,id1,dist): 4 17 1.6814317476793192
list:
dist: 1.6814317476793192 vs. 1.6814317476793192
--------
nle(id0,id1,dist): 4 16 1.6987510636696932
list:
dist: 1.6987510636696932 vs. 1.6987510636696932
--------
nle(id0,id1,dist): 4 15 1.1711946762254926
list:
dist: 1.1711946762254926 vs. 1.1711946762254926
--------
nle(id0,id1,dist): 4 14 2.2822881443140814
list:
dist: 2.2822881443140814 vs. 2.2822881443140814
--------
nle(id0,id1,dist): 4 13 2.2574094705819574
list:
dist: 2.2574094705819574 vs. 2.2574094705819574
--------
nle(id0,id1,dist): 6 27 4.048113743655437
list:
dist: 4.048113743655437 vs. 4.048113743655437
--------
nle(id0,id1,dist): 6 19 3.7988124972383033
list:
dist: 3.7988124972383033 vs. 3.7988124972383033
--------
nle(id0,id1,dist): 6 20 3.1385298981396272
list:
dist: 3.1385298981396272 vs. 3.1385298981396272
--------
nle(id0,id1,dist): 6 21 3.5371926202412403
list:
dist: 3.5371926202412403 vs. 3.5371926202412403
--------
nle(id0,id1,dist): 6 22 4.620757277873183
list:
dist: 4.620757277873183 vs. 4.620757277873183
--------
nle(id0,id1,dist): 6 23 4.409470502984989
list:
dist: 4.409470502984989 vs. 4.409470502984989
--------
nle(id0,id1,dist): 6 24 4.020969419779418
list:
dist: 4.020969419779418 vs. 4.020969419779418
--------
nle(id0,id1,dist): 7 9 1.2385573988054268
list:
dist: 1.2385573988054268 vs. 1.2385573988054268
--------
nle(id0,id1,dist): 7 8 1.4117455524250995
list:
dist: 1.4117455524250995 vs. 1.4117455524250995
--------
nle(id0,id1,dist): 7 11 2.1489234115107
list:
dist: 2.1489234115107 vs. 2.1489234115107
--------
nle(id0,id1,dist): 7 10 1.3139162054377642
list:
dist: 1.3139162054377642 vs. 1.3139162054377642
--------
nle(id0,id1,dist): 7 13 1.235235012167356
list:
dist: 1.235235012167356 vs. 1.235235012167356
--------
nle(id0,id1,dist): 7 12 2.108670441489299
list:
dist: 2.108670441489299 vs. 2.108670441489299
--------
nle(id0,id1,dist): 5 26 3.203300190820099
list:
dist: 3.203300190820099 vs. 3.203300190820099
--------
nle(id0,id1,dist): 5 27 2.98728012847037
list:
dist: 2.98728012847037 vs. 2.98728012847037
--------
nle(id0,id1,dist): 5 24 2.7851017368299122
list:
dist: 2.7851017368299122 vs. 2.7851017368299122
--------
nle(id0,id1,dist): 6 14 3.608509356957676
list:
dist: 3.608509356957676 vs. 3.608509356957676
--------
nle(id0,id1,dist): 6 13 2.8972196100594934
list:
dist: 2.8972196100594934 vs. 2.8972196100594934
--------
nle(id0,id1,dist): 6 12 2.0617269979334756
list:
dist: 2.0617269979334756 vs. 2.0617269979334756
--------
nle(id0,id1,dist): 6 11 2.716100231308776
list:
dist: 2.716100231308776 vs. 2.716100231308776
--------
nle(id0,id1,dist): 6 18 1.5061039317453724
list:
dist: 1.5061039317453724 vs. 1.5061039317453724
--------
nle(id0,id1,dist): 6 17 1.6353971101549096
list:
dist: 1.6353971101549096 vs. 1.6353971101549096
--------
nle(id0,id1,dist): 6 15 3.67999864609053
list:
dist: 3.67999864609053 vs. 3.67999864609053
--------
nle(id0,id1,dist): 6 10 2.161680358244448
list:
dist: 2.161680358244448 vs. 2.161680358244448
--------
nle(id0,id1,dist): 6 9 1.6391034764973593
list:
dist: 1.6391034764973593 vs. 1.6391034764973593
--------
nle(id0,id1,dist): 6 8 1.793057467932353
list:
dist: 1.793057467932353 vs. 1.793057467932353
--------
nle(id0,id1,dist): 6 7 2.4796034981108463
list:
dist: 2.4796034981108463 vs. 2.4796034981108463
--------
nle(id0,id1,dist): 8 10 2.080338499940116
list:
dist: 2.080338499940116 vs. 2.080338499940116
--------
nle(id0,id1,dist): 8 9 1.6838278477746857
list:
dist: 1.6838278477746857 vs. 1.6838278477746857
--------
nle(id0,id1,dist): 8 18 1.468729236528095
list:
dist: 1.468729236528095 vs. 1.468729236528095
--------
nle(id0,id1,dist): 7 21 1.765992780363741
list:
dist: 1.765992780363741 vs. 1.765992780363741
--------
nle(id0,id1,dist): 7 20 2.056040896139469
list:
dist: 2.056040896139469 vs. 2.056040896139469
--------
nle(id0,id1,dist): 7 19 2.7815647653490276
list:
dist: 2.7815647653490276 vs. 2.7815647653490276
--------
nle(id0,id1,dist): 7 18 1.5340203582884178
list:
dist: 1.5340203582884178 vs. 1.5340203582884178
--------
nle(id0,id1,dist): 7 17 3.035366031007253
list:
dist: 3.035366031007253 vs. 3.035366031007253
--------
nle(id0,id1,dist): 7 15 3.1156638422095906
list:
dist: 3.1156638422095906 vs. 3.1156638422095906
--------
nle(id0,id1,dist): 7 14 1.5431713530175357
list:
dist: 1.5431713530175357 vs. 1.5431713530175357
--------
nle(id0,id1,dist): 7 27 1.9388584721334143
list:
dist: 1.9388584721334143 vs. 1.9388584721334143
--------
nle(id0,id1,dist): 7 26 2.09736140170842
list:
dist: 2.09736140170842 vs. 2.09736140170842
--------
nle(id0,id1,dist): 7 24 2.0247213721746187
list:
dist: 2.0247213721746187 vs. 2.0247213721746187
--------
nle(id0,id1,dist): 7 23 2.558180127259341
list:
dist: 2.558180127259341 vs. 2.558180127259341
--------
nle(id0,id1,dist): 7 22 2.734224411870208
list:
dist: 2.734224411870208 vs. 2.734224411870208
--------
nle(id0,id1,dist): 10 12 0.9306556103144051
list:
dist: 0.9306556103144051 vs. 0.9306556103144051
--------
nle(id0,id1,dist): 10 11 1.337497388169987
list:
dist: 1.337497388169987 vs. 1.337497388169987
--------
nle(id0,id1,dist): 10 14 1.6328567188152816
list:
dist: 1.6328567188152816 vs. 1.6328567188152816
--------
nle(id0,id1,dist): 10 13 1.77543246495071
list:
dist: 1.77543246495071 vs. 1.77543246495071
--------
nle(id0,id1,dist): 10 15 2.128585216670447
list:
dist: 2.128585216670447 vs. 2.128585216670447
--------
nle(id0,id1,dist): 10 17 2.307159646436994
list:
dist: 2.307159646436994 vs. 2.307159646436994
--------
nle(id0,id1,dist): 10 18 1.8139683912352698
list:
dist: 1.8139683912352698 vs. 1.8139683912352698
--------
nle(id0,id1,dist): 10 19 2.2728683082830075
list:
dist: 2.2728683082830075 vs. 2.2728683082830075
--------
nle(id0,id1,dist): 10 20 1.8181256562774517
list:
dist: 1.8181256562774517 vs. 1.8181256562774517
--------
nle(id0,id1,dist): 10 21 1.5321852602046782
list:
dist: 1.5321852602046782 vs. 1.5321852602046782
--------
nle(id0,id1,dist): 10 22 2.878269443481731
list:
dist: 2.878269443481731 vs. 2.878269443481731
--------
nle(id0,id1,dist): 10 23 2.837890363742227
list:
dist: 2.837890363742227 vs. 2.837890363742227
--------
nle(id0,id1,dist): 10 24 1.9324050344045813
list:
dist: 1.9324050344045813 vs. 1.9324050344045813
--------
nle(id0,id1,dist): 10 27 2.2823881307811114
list:
dist: 2.2823881307811114 vs. 2.2823881307811114
--------
nle(id0,id1,dist): 9 11 1.4297606520361323
list:
dist: 1.4297606520361323 vs. 1.4297606520361323
--------
nle(id0,id1,dist): 9 10 1.0604808101237793
list:
dist: 1.0604808101237793 vs. 1.0604808101237793
--------
nle(id0,id1,dist): 9 15 2.564137754113263
list:
dist: 2.564137754113263 vs. 2.564137754113263
--------
nle(id0,id1,dist): 9 14 2.0675211756360046
list:
dist: 2.0675211756360046 vs. 2.0675211756360046
--------
nle(id0,id1,dist): 9 13 1.3206391284938097
list:
dist: 1.3206391284938097 vs. 1.3206391284938097
--------
nle(id0,id1,dist): 9 12 1.2666708418479122
list:
dist: 1.2666708418479122 vs. 1.2666708418479122
--------
nle(id0,id1,dist): 9 19 2.3671952951449717
list:
dist: 2.3671952951449717 vs. 2.3671952951449717
--------
nle(id0,id1,dist): 9 18 0.7912259800105392
list:
dist: 0.7912259800105392 vs. 0.7912259800105392
--------
nle(id0,id1,dist): 9 17 1.805760028197843
list:
dist: 1.805760028197843 vs. 1.805760028197843
--------
nle(id0,id1,dist): 9 22 2.986707431115478
list:
dist: 2.986707431115478 vs. 2.986707431115478
--------
nle(id0,id1,dist): 9 23 2.778914310090888
list:
dist: 2.778914310090888 vs. 2.778914310090888
--------
nle(id0,id1,dist): 9 20 1.6094743194307473
list:
dist: 1.6094743194307473 vs. 1.6094743194307473
--------
nle(id0,id1,dist): 9 21 1.9942601439314864
list:
dist: 1.9942601439314864 vs. 1.9942601439314864
--------
nle(id0,id1,dist): 9 27 2.423635766364128
list:
dist: 2.423635766364128 vs. 2.423635766364128
--------
nle(id0,id1,dist): 9 24 2.5283168334843906
list:
dist: 2.5283168334843906 vs. 2.5283168334843906
--------
nle(id0,id1,dist): 12 20 1.7688863992153907
list:
dist: 1.7688863992153907 vs. 1.7688863992153907
--------
nle(id0,id1,dist): 12 19 2.059217115588754
list:
dist: 2.059217115588754 vs. 2.059217115588754
--------
nle(id0,id1,dist): 12 18 1.982840094007838
list:
dist: 1.982840094007838 vs. 1.982840094007838
--------
nle(id0,id1,dist): 12 17 1.6056088602575893
list:
dist: 1.6056088602575893 vs. 1.6056088602575893
--------
nle(id0,id1,dist): 12 16 2.234261356248464
list:
dist: 2.234261356248464 vs. 2.234261356248464
--------
nle(id0,id1,dist): 12 15 1.6609247172279809
list:
dist: 1.6609247172279809 vs. 1.6609247172279809
--------
nle(id0,id1,dist): 12 14 2.2320577205613032
list:
dist: 2.2320577205613032 vs. 2.2320577205613032
--------
nle(id0,id1,dist): 12 13 2.167608631065942
list:
dist: 2.167608631065942 vs. 2.167608631065942
--------
nle(id0,id1,dist): 11 41 4.806336753683414
list:
dist: 4.806336753683414 vs. 4.806336753683414
--------
nle(id0,id1,dist): 11 31 5.008096185295083
list:
dist: 5.008096185295083 vs. 5.008096185295083
--------
nle(id0,id1,dist): 11 27 2.128272137263242
list:
dist: 2.128272137263242 vs. 2.128272137263242
--------
nle(id0,id1,dist): 11 23 2.294794511013974
list:
dist: 2.294794511013974 vs. 2.294794511013974
--------
nle(id0,id1,dist): 11 22 2.340799259412375
list:
dist: 2.340799259412375 vs. 2.340799259412375
--------
nle(id0,id1,dist): 11 24 2.06590406718616
list:
dist: 2.06590406718616 vs. 2.06590406718616
--------
nle(id0,id1,dist): 11 19 1.13244080847585
list:
dist: 1.13244080847585 vs. 1.13244080847585
--------
nle(id0,id1,dist): 11 18 2.100825764612161
list:
dist: 2.100825764612161 vs. 2.100825764612161
--------
nle(id0,id1,dist): 11 21 1.4382066973735201
list:
dist: 1.4382066973735201 vs. 1.4382066973735201
--------
nle(id0,id1,dist): 11 20 0.9065295373775868
list:
dist: 0.9065295373775868 vs. 0.9065295373775868
--------
nle(id0,id1,dist): 11 15 1.1753237379647439
list:
dist: 1.1753237379647439 vs. 1.1753237379647439
--------
nle(id0,id1,dist): 11 14 1.8156476656133576
list:
dist: 1.8156476656133576 vs. 1.8156476656133576
--------
nle(id0,id1,dist): 11 17 1.9670155445784572
list:
dist: 1.9670155445784572 vs. 1.9670155445784572
--------
nle(id0,id1,dist): 11 16 1.5480626877629324
list:
dist: 1.5480626877629324 vs. 1.5480626877629324
--------
nle(id0,id1,dist): 11 13 1.6958063009560957
list:
dist: 1.6958063009560957 vs. 1.6958063009560957
--------
nle(id0,id1,dist): 11 12 0.9543677919695196
list:
dist: 0.9543677919695196 vs. 0.9543677919695196
--------
nle(id0,id1,dist): 13 41 4.378559200977825
list:
dist: 4.378559200977825 vs. 4.378559200977825
--------
nle(id0,id1,dist): 13 26 1.6314069580253312
list:
dist: 1.6314069580253312 vs. 1.6314069580253312
--------
nle(id0,id1,dist): 13 27 1.3750117514738716
list:
dist: 1.3750117514738716 vs. 1.3750117514738716
--------
nle(id0,id1,dist): 13 24 1.9803314641892769
list:
dist: 1.9803314641892769 vs. 1.9803314641892769
--------
nle(id0,id1,dist): 13 31 4.6752596351852995
list:
dist: 4.6752596351852995 vs. 4.6752596351852995
--------
nle(id0,id1,dist): 13 28 3.238830905858233
list:
dist: 3.238830905858233 vs. 3.238830905858233
--------
nle(id0,id1,dist): 13 29 3.3869749340136166
list:
dist: 3.3869749340136166 vs. 3.3869749340136166
--------
nle(id0,id1,dist): 13 18 1.5433819113341776
list:
dist: 1.5433819113341776 vs. 1.5433819113341776
--------
nle(id0,id1,dist): 13 19 1.9712906201297384
list:
dist: 1.9712906201297384 vs. 1.9712906201297384
--------
nle(id0,id1,dist): 13 16 2.899361752536703
list:
dist: 2.899361752536703 vs. 2.899361752536703
--------
nle(id0,id1,dist): 13 17 2.84536982448941
list:
dist: 2.84536982448941 vs. 2.84536982448941
--------
nle(id0,id1,dist): 13 22 1.9292055839631757
list:
dist: 1.9292055839631757 vs. 1.9292055839631757
--------
nle(id0,id1,dist): 13 23 1.6155390743043165
list:
dist: 1.6155390743043165 vs. 1.6155390743043165
--------
nle(id0,id1,dist): 13 20 1.1281619409063295
list:
dist: 1.1281619409063295 vs. 1.1281619409063295
--------
nle(id0,id1,dist): 13 21 1.5049762218618437
list:
dist: 1.5049762218618437 vs. 1.5049762218618437
--------
nle(id0,id1,dist): 13 15 2.7024441441804683
list:
dist: 2.7024441441804683 vs. 2.7024441441804683
--------
nle(id0,id1,dist): 13 14 1.4541489168500477
list:
dist: 1.4541489168500477 vs. 1.4541489168500477
--------
nle(id0,id1,dist): 12 21 1.9528054517792115
list:
dist: 1.9528054517792115 vs. 1.9528054517792115
--------
nle(id0,id1,dist): 12 22 3.1524461749785235
list:
dist: 3.1524461749785235 vs. 3.1524461749785235
--------
nle(id0,id1,dist): 12 23 3.1132705050519767
list:
dist: 3.1132705050519767 vs. 3.1132705050519767
--------
nle(id0,id1,dist): 12 24 2.4758555262030075
list:
dist: 2.4758555262030075 vs. 2.4758555262030075
--------
nle(id0,id1,dist): 12 27 2.7639008700698877
list:
dist: 2.7639008700698877 vs. 2.7639008700698877
--------
nle(id0,id1,dist): 15 27 2.605793644529698
list:
dist: 2.605793644529698 vs. 2.605793644529698
--------
nle(id0,id1,dist): 15 24 2.257070323726106
list:
dist: 2.257070323726106 vs. 2.257070323726106
--------
nle(id0,id1,dist): 15 22 2.546197661074541
list:
dist: 2.546197661074541 vs. 2.546197661074541
--------
nle(id0,id1,dist): 15 23 2.697739369002414
list:
dist: 2.697739369002414 vs. 2.697739369002414
--------
nle(id0,id1,dist): 15 21 1.8249774537270298
list:
dist: 1.8249774537270298 vs. 1.8249774537270298
--------
nle(id0,id1,dist): 15 20 1.7308168954521923
list:
dist: 1.7308168954521923 vs. 1.7308168954521923
--------
nle(id0,id1,dist): 15 19 1.1675347476039857
list:
dist: 1.1675347476039857 vs. 1.1675347476039857
--------
nle(id0,id1,dist): 15 18 3.2681970452646762
list:
dist: 3.2681970452646762 vs. 3.2681970452646762
--------
nle(id0,id1,dist): 15 17 2.724132062038116
list:
dist: 2.724132062038116 vs. 2.724132062038116
--------
nle(id0,id1,dist): 15 16 0.7027463441727888
list:
dist: 0.7027463441727888 vs. 0.7027463441727888
--------
nle(id0,id1,dist): 14 27 0.8046745393320702
list:
dist: 0.8046745393320702 vs. 0.8046745393320702
--------
nle(id0,id1,dist): 14 28 2.9237420373669165
list:
dist: 2.9237420373669165 vs. 2.9237420373669165
--------
nle(id0,id1,dist): 14 29 2.9493040236110293
list:
dist: 2.9493040236110293 vs. 2.9493040236110293
--------
nle(id0,id1,dist): 14 16 2.6026886623857948
list:
dist: 2.6026886623857948 vs. 2.6026886623857948
--------
nle(id0,id1,dist): 14 15 2.289929945010854
list:
dist: 2.289929945010854 vs. 2.289929945010854
--------
nle(id0,id1,dist): 14 18 2.6509099691763325
list:
dist: 2.6509099691763325 vs. 2.6509099691763325
--------
nle(id0,id1,dist): 14 17 3.551805661550139
list:
dist: 3.551805661550139 vs. 3.551805661550139
--------
nle(id0,id1,dist): 14 24 0.5441460875392499
list:
dist: 0.5441460875392499 vs. 0.5441460875392499
--------
nle(id0,id1,dist): 14 23 1.5706567450199242
list:
dist: 1.5706567450199242 vs. 1.5706567450199242
--------
nle(id0,id1,dist): 14 26 1.3277130606150258
list:
dist: 1.3277130606150258 vs. 1.3277130606150258
--------
nle(id0,id1,dist): 14 20 1.5901675999636657
list:
dist: 1.5901675999636657 vs. 1.5901675999636657
--------
nle(id0,id1,dist): 14 19 1.8614739626923056
list:
dist: 1.8614739626923056 vs. 1.8614739626923056
--------
nle(id0,id1,dist): 14 22 1.494221529817319
list:
dist: 1.494221529817319 vs. 1.494221529817319
--------
nle(id0,id1,dist): 14 21 0.4708913189479078
list:
dist: 0.4708913189479078 vs. 0.4708913189479078
--------
nle(id0,id1,dist): 17 18 1.953923897239705
list:
dist: 1.953923897239705 vs. 1.953923897239705
--------
nle(id0,id1,dist): 17 19 2.9126250881747255
list:
dist: 2.9126250881747255 vs. 2.9126250881747255
--------
nle(id0,id1,dist): 17 22 4.16352925105872
list:
dist: 4.16352925105872 vs. 4.16352925105872
--------
nle(id0,id1,dist): 17 23 3.984946407159286
list:
dist: 3.984946407159286 vs. 3.984946407159286
--------
nle(id0,id1,dist): 17 20 2.495262213222432
list:
dist: 2.495262213222432 vs. 2.495262213222432
--------
nle(id0,id1,dist): 17 21 3.2879477719312433
list:
dist: 3.2879477719312433 vs. 3.2879477719312433
--------
nle(id0,id1,dist): 17 27 3.87034086437936
list:
dist: 3.87034086437936 vs. 3.87034086437936
--------
nle(id0,id1,dist): 17 24 3.8992645318654726
list:
dist: 3.8992645318654726 vs. 3.8992645318654726
--------
nle(id0,id1,dist): 16 17 3.038838889057325
list:
dist: 3.038838889057325 vs. 3.038838889057325
--------
nle(id0,id1,dist): 16 19 1.0114950750176028
list:
dist: 1.0114950750176028 vs. 1.0114950750176028
--------
nle(id0,id1,dist): 16 20 1.8096831561589246
list:
dist: 1.8096831561589246 vs. 1.8096831561589246
--------
nle(id0,id1,dist): 16 21 2.135800572079193
list:
dist: 2.135800572079193 vs. 2.135800572079193
--------
nle(id0,id1,dist): 16 22 2.4399768700804465
list:
dist: 2.4399768700804465 vs. 2.4399768700804465
--------
nle(id0,id1,dist): 16 23 2.594709910550451
list:
dist: 2.594709910550451 vs. 2.594709910550451
--------
nle(id0,id1,dist): 16 24 2.5628317387498356
list:
dist: 2.5628317387498356 vs. 2.5628317387498356
--------
nle(id0,id1,dist): 16 27 2.7178969909985344
list:
dist: 2.7178969909985344 vs. 2.7178969909985344
--------
nle(id0,id1,dist): 1 2 1.5606801914664556
list:
dist: 1.5606801914664556 vs. 1.5606801914664556
--------
nle(id0,id1,dist): 1 3 1.8361971430892292
list:
dist: 1.8361971430892292 vs. 1.8361971430892292
--------
nle(id0,id1,dist): 1 5 0.9623656220007357
list:
dist: 0.9623656220007357 vs. 0.9623656220007357
--------
nle(id0,id1,dist): 1 6 1.2278103361462072
list:
dist: 1.2278103361462072 vs. 1.2278103361462072
--------
nle(id0,id1,dist): 1 7 1.99770615248126
list:
dist: 1.99770615248126 vs. 1.99770615248126
--------
nle(id0,id1,dist): 1 8 1.2378031014834752
list:
dist: 1.2378031014834752 vs. 1.2378031014834752
--------
nle(id0,id1,dist): 1 9 1.7835288473623927
list:
dist: 1.7835288473623927 vs. 1.7835288473623927
--------
nle(id0,id1,dist): 1 10 1.8180894808163248
list:
dist: 1.8180894808163248 vs. 1.8180894808163248
--------
nle(id0,id1,dist): 2 5 1.7404250511646553
list:
dist: 1.7404250511646553 vs. 1.7404250511646553
--------
nle(id0,id1,dist): 2 6 1.0883229326267896
list:
dist: 1.0883229326267896 vs. 1.0883229326267896
--------
nle(id0,id1,dist): 2 3 0.9154321063775508
list:
dist: 0.9154321063775508 vs. 0.9154321063775508
--------
nle(id0,id1,dist): 2 4 1.4537939147993735
list:
dist: 1.4537939147993735 vs. 1.4537939147993735
--------
nle(id0,id1,dist): 1 18 1.8937158271460308
list:
dist: 1.8937158271460308 vs. 1.8937158271460308
--------
nle(id0,id1,dist): 2 27 3.1751774537640016
list:
dist: 3.1751774537640016 vs. 3.1751774537640016
--------
nle(id0,id1,dist): 2 23 3.508274562938777
list:
dist: 3.508274562938777 vs. 3.508274562938777
--------
nle(id0,id1,dist): 2 24 3.1068517428571116
list:
dist: 3.1068517428571116 vs. 3.1068517428571116
--------
nle(id0,id1,dist): 2 12 1.0225727465697187
list:
dist: 1.0225727465697187 vs. 1.0225727465697187
--------
nle(id0,id1,dist): 2 11 1.6344603352986837
list:
dist: 1.6344603352986837 vs. 1.6344603352986837
--------
nle(id0,id1,dist): 2 14 2.727010472581595
list:
dist: 2.727010472581595 vs. 2.727010472581595
--------
nle(id0,id1,dist): 2 13 2.1622463649859487
list:
dist: 2.1622463649859487 vs. 2.1622463649859487
--------
nle(id0,id1,dist): 2 8 2.005265675286439
list:
dist: 2.005265675286439 vs. 2.005265675286439
--------
nle(id0,id1,dist): 2 7 1.9737488302055302
list:
dist: 1.9737488302055302 vs. 1.9737488302055302
--------
nle(id0,id1,dist): 2 10 1.298856397768969
list:
dist: 1.298856397768969 vs. 1.298856397768969
--------
nle(id0,id1,dist): 2 9 0.8707807948423922
list:
dist: 0.8707807948423922 vs. 0.8707807948423922
--------
nle(id0,id1,dist): 2 20 2.153769336868222
list:
dist: 2.153769336868222 vs. 2.153769336868222
--------
nle(id0,id1,dist): 2 19 2.737587139972657
list:
dist: 2.737587139972657 vs. 2.737587139972657
--------
nle(id0,id1,dist): 2 22 3.670709611251051
list:
dist: 3.670709611251051 vs. 3.670709611251051
--------
nle(id0,id1,dist): 2 21 2.5709004228585512
list:
dist: 2.5709004228585512 vs. 2.5709004228585512
--------
nle(id0,id1,dist): 2 15 2.6056120158780662
list:
dist: 2.6056120158780662 vs. 2.6056120158780662
--------
nle(id0,id1,dist): 2 18 1.2506049004396378
list:
dist: 1.2506049004396378 vs. 1.2506049004396378
--------
nle(id0,id1,dist): 2 17 1.1781464500873449
list:
dist: 1.1781464500873449 vs. 1.1781464500873449
--------
nle(id0,id1,dist): 3 24 3.4760484728812977
list:
dist: 3.4760484728812977 vs. 3.4760484728812977
--------
nle(id0,id1,dist): 3 22 4.192604602861285
list:
dist: 4.192604602861285 vs. 4.192604602861285
--------
nle(id0,id1,dist): 3 23 4.111489392087736
list:
dist: 4.111489392087736 vs. 4.111489392087736
--------
nle(id0,id1,dist): 3 20 2.7073688354852417
list:
dist: 2.7073688354852417 vs. 2.7073688354852417
--------
nle(id0,id1,dist): 3 21 2.985889410870989
list:
dist: 2.985889410870989 vs. 2.985889410870989
--------
nle(id0,id1,dist): 3 18 2.1609781868577014
list:
dist: 2.1609781868577014 vs. 2.1609781868577014
--------
nle(id0,id1,dist): 3 19 3.0564614065980398
list:
dist: 3.0564614065980398 vs. 3.0564614065980398
--------
nle(id0,id1,dist): 3 27 3.7581199554977958
list:
dist: 3.7581199554977958 vs. 3.7581199554977958
--------
nle(id0,id1,dist): 3 9 1.7181959584646334
list:
dist: 1.7181959584646334 vs. 1.7181959584646334
--------
nle(id0,id1,dist): 3 8 2.685709937957458
list:
dist: 2.685709937957458 vs. 2.685709937957458
--------
nle(id0,id1,dist): 3 7 2.684864251409366
list:
dist: 2.684864251409366 vs. 2.684864251409366
--------
nle(id0,id1,dist): 3 6 1.449833823595098
list:
dist: 1.449833823595098 vs. 1.449833823595098
--------
nle(id0,id1,dist): 3 5 2.2348857398974293
list:
dist: 2.2348857398974293 vs. 2.2348857398974293
--------
nle(id0,id1,dist): 3 4 1.4491407398300484
list:
dist: 1.4491407398300484 vs. 1.4491407398300484
--------
nle(id0,id1,dist): 3 17 1.2489776363613596
list:
dist: 1.2489776363613596 vs. 1.2489776363613596
--------
nle(id0,id1,dist): 3 15 2.558657344493435
list:
dist: 2.558657344493435 vs. 2.558657344493435
--------
nle(id0,id1,dist): 3 14 3.2092238636739814
list:
dist: 3.2092238636739814 vs. 3.2092238636739814
--------
nle(id0,id1,dist): 3 13 2.9475835025140644
list:
dist: 2.9475835025140644 vs. 2.9475835025140644
--------
nle(id0,id1,dist): 3 12 1.0698433662223672
list:
dist: 1.0698433662223672 vs. 1.0698433662223672
--------
nle(id0,id1,dist): 3 11 1.9459236216731761
list:
dist: 1.9459236216731761 vs. 1.9459236216731761
--------
nle(id0,id1,dist): 3 10 1.6544376883498364
list:
dist: 1.6544376883498364 vs. 1.6544376883498364
--------
nle(id0,id1,dist): 37 48 3.281028248939276
list:
dist: 3.281028248939276 vs. 3.281028248939276
--------
nle(id0,id1,dist): 37 49 2.2684391491952147
list:
dist: 2.2684391491952147 vs. 2.2684391491952147
--------
nle(id0,id1,dist): 37 50 2.8479218395012835
list:
dist: 2.8479218395012835 vs. 2.8479218395012835
--------
nle(id0,id1,dist): 37 51 2.4031607011350373
list:
dist: 2.4031607011350373 vs. 2.4031607011350373
--------
nle(id0,id1,dist): 37 53 2.2770354883478268
list:
dist: 2.2770354883478268 vs. 2.2770354883478268
--------
nle(id0,id1,dist): 37 54 2.9802617466119052
list:
dist: 2.9802617466119052 vs. 2.9802617466119052
--------
nle(id0,id1,dist): 37 55 2.301155492814133
list:
dist: 2.301155492814133 vs. 2.301155492814133
--------
nle(id0,id1,dist): 37 40 3.0331641992690392
list:
dist: 3.0331641992690392 vs. 3.0331641992690392
--------
nle(id0,id1,dist): 37 41 1.3782192824673514
list:
dist: 1.3782192824673514 vs. 1.3782192824673514
--------
nle(id0,id1,dist): 37 42 1.8097194413990114
list:
dist: 1.8097194413990114 vs. 1.8097194413990114
--------
nle(id0,id1,dist): 37 43 1.9225489118191754
list:
dist: 1.9225489118191754 vs. 1.9225489118191754
--------
nle(id0,id1,dist): 37 44 3.205867532963165
list:
dist: 3.205867532963165 vs. 3.205867532963165
--------
nle(id0,id1,dist): 37 45 2.844199457455413
list:
dist: 2.844199457455413 vs. 2.844199457455413
--------
nle(id0,id1,dist): 37 46 1.5610051325608132
list:
dist: 1.5610051325608132 vs. 1.5610051325608132
--------
nle(id0,id1,dist): 37 47 2.120268787353053
list:
dist: 2.120268787353053 vs. 2.120268787353053
--------
nle(id0,id1,dist): 37 39 2.0725498571688363
list:
dist: 2.0725498571688363 vs. 2.0725498571688363
--------
nle(id0,id1,dist): 37 38 0.8506842406579068
list:
dist: 0.8506842406579068 vs. 0.8506842406579068
--------
nle(id0,id1,dist): 36 55 2.3895490651083815
list:
dist: 2.3895490651083815 vs. 2.3895490651083815
--------
nle(id0,id1,dist): 36 56 3.674498274405804
list:
dist: 3.674498274405804 vs. 3.674498274405804
--------
nle(id0,id1,dist): 36 53 2.6484660353886014
list:
dist: 2.6484660353886014 vs. 2.6484660353886014
--------
nle(id0,id1,dist): 36 54 2.839312486242894
list:
dist: 2.839312486242894 vs. 2.839312486242894
--------
nle(id0,id1,dist): 36 59 3.0448535237336594
list:
dist: 3.0448535237336594 vs. 3.0448535237336594
--------
nle(id0,id1,dist): 36 58 2.9247779191282177
list:
dist: 2.9247779191282177 vs. 2.9247779191282177
--------
nle(id0,id1,dist): 36 47 2.091672639124659
list:
dist: 2.091672639124659 vs. 2.091672639124659
--------
nle(id0,id1,dist): 36 48 3.4526835926541626
list:
dist: 3.4526835926541626 vs. 3.4526835926541626
--------
nle(id0,id1,dist): 36 45 2.4223454432899523
list:
dist: 2.4223454432899523 vs. 2.4223454432899523
--------
nle(id0,id1,dist): 36 46 2.0985878237468105
list:
dist: 2.0985878237468105 vs. 2.0985878237468105
--------
nle(id0,id1,dist): 36 51 2.2216277499638744
list:
dist: 2.2216277499638744 vs. 2.2216277499638744
--------
nle(id0,id1,dist): 36 49 2.1453383768729957
list:
dist: 2.1453383768729957 vs. 2.1453383768729957
--------
nle(id0,id1,dist): 36 50 3.086195709322728
list:
dist: 3.086195709322728 vs. 3.086195709322728
--------
nle(id0,id1,dist): 36 40 3.3916650280857406
list:
dist: 3.3916650280857406 vs. 3.3916650280857406
--------
nle(id0,id1,dist): 36 39 2.1261757616241486
list:
dist: 2.1261757616241486 vs. 2.1261757616241486
--------
nle(id0,id1,dist): 36 38 0.9019033183463234
list:
dist: 0.9019033183463234 vs. 0.9019033183463234
--------
nle(id0,id1,dist): 36 37 0.7012401742918992
list:
dist: 0.7012401742918992 vs. 0.7012401742918992
--------
nle(id0,id1,dist): 36 44 3.616928608007315
list:
dist: 3.616928608007315 vs. 3.616928608007315
--------
nle(id0,id1,dist): 36 43 2.225918792771786
list:
dist: 2.225918792771786 vs. 2.225918792771786
--------
nle(id0,id1,dist): 36 42 2.07749520328536
list:
dist: 2.07749520328536 vs. 2.07749520328536
--------
nle(id0,id1,dist): 36 41 1.6622742284793652
list:
dist: 1.6622742284793652 vs. 1.6622742284793652
--------
nle(id0,id1,dist): 35 58 3.486521902407087
list:
dist: 3.486521902407087 vs. 3.486521902407087
--------
nle(id0,id1,dist): 35 59 1.91718744865937
list:
dist: 1.91718744865937 vs. 1.91718744865937
--------
nle(id0,id1,dist): 35 54 3.2211720171537737
list:
dist: 3.2211720171537737 vs. 3.2211720171537737
--------
nle(id0,id1,dist): 35 55 2.2455506084839296
list:
dist: 2.2455506084839296 vs. 2.2455506084839296
--------
nle(id0,id1,dist): 35 56 2.927577958243289
list:
dist: 2.927577958243289 vs. 2.927577958243289
--------
nle(id0,id1,dist): 35 50 2.0897099823445915
list:
dist: 2.0897099823445915 vs. 2.0897099823445915
--------
nle(id0,id1,dist): 35 51 2.917009496597712
list:
dist: 2.917009496597712 vs. 2.917009496597712
--------
nle(id0,id1,dist): 35 52 2.6303527153622452
list:
dist: 2.6303527153622452 vs. 2.6303527153622452
--------
nle(id0,id1,dist): 35 53 1.4604954249978923
list:
dist: 1.4604954249978923 vs. 1.4604954249978923
--------
nle(id0,id1,dist): 35 47 2.4046433441088113
list:
dist: 2.4046433441088113 vs. 2.4046433441088113
--------
nle(id0,id1,dist): 35 46 0.6714414856490561
list:
dist: 0.6714414856490561 vs. 0.6714414856490561
--------
nle(id0,id1,dist): 35 49 2.743307636779144
list:
dist: 2.743307636779144 vs. 2.743307636779144
--------
nle(id0,id1,dist): 35 48 2.607231287481273
list:
dist: 2.607231287481273 vs. 2.607231287481273
--------
nle(id0,id1,dist): 35 43 1.4819586147371682
list:
dist: 1.4819586147371682 vs. 1.4819586147371682
--------
nle(id0,id1,dist): 35 42 1.909944650327279
list:
dist: 1.909944650327279 vs. 1.909944650327279
--------
nle(id0,id1,dist): 35 44 1.8268831813707924
list:
dist: 1.8268831813707924 vs. 1.8268831813707924
--------
nle(id0,id1,dist): 34 76 2.6417133385521208
list:
dist: 2.6417133385521208 vs. 2.6417133385521208
--------
nle(id0,id1,dist): 35 39 2.494149883258224
list:
dist: 2.494149883258224 vs. 2.494149883258224
--------
nle(id0,id1,dist): 35 38 2.088969282528373
list:
dist: 2.088969282528373 vs. 2.088969282528373
--------
nle(id0,id1,dist): 35 41 1.985628476286384
list:
dist: 1.985628476286384 vs. 1.985628476286384
--------
nle(id0,id1,dist): 35 40 1.8622948281150666
list:
dist: 1.8622948281150666 vs. 1.8622948281150666
--------
nle(id0,id1,dist): 35 37 1.9246838402760083
list:
dist: 1.9246838402760083 vs. 1.9246838402760083
--------
nle(id0,id1,dist): 35 36 2.558375795045236
list:
dist: 2.558375795045236 vs. 2.558375795045236
--------
nle(id0,id1,dist): 34 65 2.7907262433487454
list:
dist: 2.7907262433487454 vs. 2.7907262433487454
--------
nle(id0,id1,dist): 34 61 3.013062408578283
list:
dist: 3.013062408578283 vs. 3.013062408578283
--------
nle(id0,id1,dist): 33 44 1.7129651836829807
list:
dist: 1.7129651836829807 vs. 1.7129651836829807
--------
nle(id0,id1,dist): 33 46 1.2983072532885516
list:
dist: 1.2983072532885516 vs. 1.2983072532885516
--------
nle(id0,id1,dist): 33 47 0.676384581348515
list:
dist: 0.676384581348515 vs. 0.676384581348515
--------
nle(id0,id1,dist): 33 48 1.2928098458289892
list:
dist: 1.2928098458289892 vs. 1.2928098458289892
--------
nle(id0,id1,dist): 33 49 1.1741174092731503
list:
dist: 1.1741174092731503 vs. 1.1741174092731503
--------
nle(id0,id1,dist): 33 50 0.886807712824612
list:
dist: 0.886807712824612 vs. 0.886807712824612
--------
nle(id0,id1,dist): 33 51 1.1405190029248466
list:
dist: 1.1405190029248466 vs. 1.1405190029248466
--------
nle(id0,id1,dist): 33 52 2.256018183254379
list:
dist: 2.256018183254379 vs. 2.256018183254379
--------
nle(id0,id1,dist): 33 53 1.196249119125288
list:
dist: 1.196249119125288 vs. 1.196249119125288
--------
nle(id0,id1,dist): 33 54 1.345678077847814
list:
dist: 1.345678077847814 vs. 1.345678077847814
--------
nle(id0,id1,dist): 33 55 0.7611684710293278
list:
dist: 0.7611684710293278 vs. 0.7611684710293278
--------
nle(id0,id1,dist): 33 56 1.5007931298763033
list:
dist: 1.5007931298763033 vs. 1.5007931298763033
--------
nle(id0,id1,dist): 33 57 2.3803088806144834
list:
dist: 2.3803088806144834 vs. 2.3803088806144834
--------
nle(id0,id1,dist): 33 58 1.6840654980779781
list:
dist: 1.6840654980779781 vs. 1.6840654980779781
--------
nle(id0,id1,dist): 33 59 1.3970511267104935
list:
dist: 1.3970511267104935 vs. 1.3970511267104935
--------
nle(id0,id1,dist): 33 35 1.8895203750130516
list:
dist: 1.8895203750130516 vs. 1.8895203750130516
--------
nle(id0,id1,dist): 33 39 1.8353680085275708
list:
dist: 1.8353680085275708 vs. 1.8353680085275708
--------
nle(id0,id1,dist): 33 38 1.6867685528078393
list:
dist: 1.6867685528078393 vs. 1.6867685528078393
--------
nle(id0,id1,dist): 33 37 2.0643060686974675
list:
dist: 2.0643060686974675 vs. 2.0643060686974675
--------
nle(id0,id1,dist): 33 36 2.226822859778594
list:
dist: 2.226822859778594 vs. 2.226822859778594
--------
nle(id0,id1,dist): 33 43 0.6874516750919994
list:
dist: 0.6874516750919994 vs. 0.6874516750919994
--------
nle(id0,id1,dist): 33 42 1.742770642505871
list:
dist: 1.742770642505871 vs. 1.742770642505871
--------
nle(id0,id1,dist): 33 41 2.098167913397743
list:
dist: 2.098167913397743 vs. 2.098167913397743
--------
nle(id0,id1,dist): 33 40 1.4088896270753373
list:
dist: 1.4088896270753373 vs. 1.4088896270753373
--------
nle(id0,id1,dist): 32 51 3.397832883595812
list:
dist: 3.397832883595812 vs. 3.397832883595812
--------
nle(id0,id1,dist): 32 52 3.8458149070838923
list:
dist: 3.8458149070838923 vs. 3.8458149070838923
--------
nle(id0,id1,dist): 32 49 3.2446927451040626
list:
dist: 3.2446927451040626 vs. 3.2446927451040626
--------
nle(id0,id1,dist): 32 50 3.1098309167206786
list:
dist: 3.1098309167206786 vs. 3.1098309167206786
--------
nle(id0,id1,dist): 32 55 2.989133301290111
list:
dist: 2.989133301290111 vs. 2.989133301290111
--------
nle(id0,id1,dist): 32 56 3.9219161513666077
list:
dist: 3.9219161513666077 vs. 3.9219161513666077
--------
nle(id0,id1,dist): 32 53 2.2545648368740028
list:
dist: 2.2545648368740028 vs. 2.2545648368740028
--------
nle(id0,id1,dist): 32 54 3.864192183833148
list:
dist: 3.864192183833148 vs. 3.864192183833148
--------
nle(id0,id1,dist): 32 59 2.9644079982454667
list:
dist: 2.9644079982454667 vs. 2.9644079982454667
--------
nle(id0,id1,dist): 32 58 4.090178191869878
list:
dist: 4.090178191869878 vs. 4.090178191869878
--------
nle(id0,id1,dist): 32 38 2.005810402978298
list:
dist: 2.005810402978298 vs. 2.005810402978298
--------
nle(id0,id1,dist): 32 37 1.3835854541145518
list:
dist: 1.3835854541145518 vs. 1.3835854541145518
--------
nle(id0,id1,dist): 32 40 2.972177018829049
list:
dist: 2.972177018829049 vs. 2.972177018829049
--------
nle(id0,id1,dist): 32 39 2.8838360429538588
list:
dist: 2.8838360429538588 vs. 2.8838360429538588
--------
nle(id0,id1,dist): 32 33 2.6247088747538077
list:
dist: 2.6247088747538077 vs. 2.6247088747538077
--------
nle(id0,id1,dist): 32 36 2.0658892491229763
list:
dist: 2.0658892491229763 vs. 2.0658892491229763
--------
nle(id0,id1,dist): 32 35 1.2959334561753781
list:
dist: 1.2959334561753781 vs. 1.2959334561753781
--------
nle(id0,id1,dist): 32 46 1.44208612634053
list:
dist: 1.44208612634053 vs. 1.44208612634053
--------
nle(id0,id1,dist): 32 48 3.6632394832597517
list:
dist: 3.6632394832597517 vs. 3.6632394832597517
--------
nle(id0,id1,dist): 32 47 2.9104470026309066
list:
dist: 2.9104470026309066 vs. 2.9104470026309066
--------
nle(id0,id1,dist): 32 42 2.349203499187298
list:
dist: 2.349203499187298 vs. 2.349203499187298
--------
nle(id0,id1,dist): 32 41 1.611760525408953
list:
dist: 1.611760525408953 vs. 1.611760525408953
--------
nle(id0,id1,dist): 32 44 2.9946172632732475
list:
dist: 2.9946172632732475 vs. 2.9946172632732475
--------
nle(id0,id1,dist): 32 43 2.3206373175250214
list:
dist: 2.3206373175250214 vs. 2.3206373175250214
--------
nle(id0,id1,dist): 31 58 3.257961947250751
list:
dist: 3.257961947250751 vs. 3.257961947250751
--------
nle(id0,id1,dist): 31 54 2.9746888314464353
list:
dist: 2.9746888314464353 vs. 2.9746888314464353
--------
nle(id0,id1,dist): 31 55 2.63301341535448
list:
dist: 2.63301341535448 vs. 2.63301341535448
--------
nle(id0,id1,dist): 31 56 3.362958606440458
list:
dist: 3.362958606440458 vs. 3.362958606440458
--------
nle(id0,id1,dist): 31 44 3.0709738009871126
list:
dist: 3.0709738009871126 vs. 3.0709738009871126
--------
nle(id0,id1,dist): 31 43 2.285815603545301
list:
dist: 2.285815603545301 vs. 2.285815603545301
--------
nle(id0,id1,dist): 31 41 0.478276232683793
list:
dist: 0.478276232683793 vs. 0.478276232683793
--------
nle(id0,id1,dist): 31 40 2.8699372023056564
list:
dist: 2.8699372023056564 vs. 2.8699372023056564
--------
nle(id0,id1,dist): 31 38 1.7135015963651805
list:
dist: 1.7135015963651805 vs. 1.7135015963651805
--------
nle(id0,id1,dist): 31 53 1.9555816196947153
list:
dist: 1.9555816196947153 vs. 1.9555816196947153
--------
nle(id0,id1,dist): 31 51 2.485273997588726
list:
dist: 2.485273997588726 vs. 2.485273997588726
--------
nle(id0,id1,dist): 31 50 2.7752851682546607
list:
dist: 2.7752851682546607 vs. 2.7752851682546607
--------
nle(id0,id1,dist): 31 49 2.603234119541043
list:
dist: 2.603234119541043 vs. 2.603234119541043
--------
nle(id0,id1,dist): 31 48 3.387309454389545
list:
dist: 3.387309454389545 vs. 3.387309454389545
--------
nle(id0,id1,dist): 31 47 1.9372131063959264
list:
dist: 1.9372131063959264 vs. 1.9372131063959264
--------
nle(id0,id1,dist): 31 46 1.7537929258491352
list:
dist: 1.7537929258491352 vs. 1.7537929258491352
--------
nle(id0,id1,dist): 30 59 2.947941657754229
list:
dist: 2.947941657754229 vs. 2.947941657754229
--------
nle(id0,id1,dist): 31 36 1.2586730883747432
list:
dist: 1.2586730883747432 vs. 1.2586730883747432
--------
nle(id0,id1,dist): 31 37 1.1446861957497878
list:
dist: 1.1446861957497878 vs. 1.1446861957497878
--------
nle(id0,id1,dist): 31 35 2.2351440198713273
list:
dist: 2.2351440198713273 vs. 2.2351440198713273
--------
nle(id0,id1,dist): 31 32 1.7797510419602476
list:
dist: 1.7797510419602476 vs. 1.7797510419602476
--------
nle(id0,id1,dist): 31 33 2.108179777774205
list:
dist: 2.108179777774205 vs. 2.108179777774205
--------
nle(id0,id1,dist): 43 59 0.9192667522408552
list:
dist: 0.9192667522408552 vs. 0.9192667522408552
--------
nle(id0,id1,dist): 43 58 2.031307830278687
list:
dist: 2.031307830278687 vs. 2.031307830278687
--------
nle(id0,id1,dist): 44 47 2.19258783434615
list:
dist: 2.19258783434615 vs. 2.19258783434615
--------
nle(id0,id1,dist): 44 48 1.629200596844253
list:
dist: 1.629200596844253 vs. 1.629200596844253
--------
nle(id0,id1,dist): 44 46 1.706430545577885
list:
dist: 1.706430545577885 vs. 1.706430545577885
--------
nle(id0,id1,dist): 44 51 2.767398295786027
list:
dist: 2.767398295786027 vs. 2.767398295786027
--------
nle(id0,id1,dist): 44 52 0.8710710511225127
list:
dist: 0.8710710511225127 vs. 0.8710710511225127
--------
nle(id0,id1,dist): 44 49 2.799553812115765
list:
dist: 2.799553812115765 vs. 2.799553812115765
--------
nle(id0,id1,dist): 44 50 1.0559262799336906
list:
dist: 1.0559262799336906 vs. 1.0559262799336906
--------
nle(id0,id1,dist): 43 50 1.1832009820693201
list:
dist: 1.1832009820693201 vs. 1.1832009820693201
--------
nle(id0,id1,dist): 43 51 1.56346863139698
list:
dist: 1.56346863139698 vs. 1.56346863139698
--------
nle(id0,id1,dist): 43 52 2.332946086975473
list:
dist: 2.332946086975473 vs. 2.332946086975473
--------
nle(id0,id1,dist): 43 53 1.4113945483715462
list:
dist: 1.4113945483715462 vs. 1.4113945483715462
--------
nle(id0,id1,dist): 43 54 1.8253847353459574
list:
dist: 1.8253847353459574 vs. 1.8253847353459574
--------
nle(id0,id1,dist): 43 55 0.764030870812612
list:
dist: 0.764030870812612 vs. 0.764030870812612
--------
nle(id0,id1,dist): 43 56 1.9257440043036818
list:
dist: 1.9257440043036818 vs. 1.9257440043036818
--------
nle(id0,id1,dist): 43 57 2.481509287381994
list:
dist: 2.481509287381994 vs. 2.481509287381994
--------
nle(id0,id1,dist): 43 44 1.7500222752639598
list:
dist: 1.7500222752639598 vs. 1.7500222752639598
--------
nle(id0,id1,dist): 43 46 1.0355274466648619
list:
dist: 1.0355274466648619 vs. 1.0355274466648619
--------
nle(id0,id1,dist): 43 47 1.3117974835914392
list:
dist: 1.3117974835914392 vs. 1.3117974835914392
--------
nle(id0,id1,dist): 43 48 1.4325349929504059
list:
dist: 1.4325349929504059 vs. 1.4325349929504059
--------
nle(id0,id1,dist): 43 49 1.335118605127916
list:
dist: 1.335118605127916 vs. 1.335118605127916
--------
nle(id0,id1,dist): 42 46 1.703528851221581
list:
dist: 1.703528851221581 vs. 1.703528851221581
--------
nle(id0,id1,dist): 42 45 2.347957127912842
list:
dist: 2.347957127912842 vs. 2.347957127912842
--------
nle(id0,id1,dist): 42 44 2.822058177906508
list:
dist: 2.822058177906508 vs. 2.822058177906508
--------
nle(id0,id1,dist): 42 43 1.1799385320565712
list:
dist: 1.1799385320565712 vs. 1.1799385320565712
--------
nle(id0,id1,dist): 42 59 1.3855866670346002
list:
dist: 1.3855866670346002 vs. 1.3855866670346002
--------
nle(id0,id1,dist): 42 58 2.4574675437572653
list:
dist: 2.4574675437572653 vs. 2.4574675437572653
--------
nle(id0,id1,dist): 42 55 1.3869595880727001
list:
dist: 1.3869595880727001 vs. 1.3869595880727001
--------
nle(id0,id1,dist): 42 56 2.995571424347281
list:
dist: 2.995571424347281 vs. 2.995571424347281
--------
nle(id0,id1,dist): 42 53 2.4800102616320667
list:
dist: 2.4800102616320667 vs. 2.4800102616320667
--------
nle(id0,id1,dist): 42 54 2.4857611322437756
list:
dist: 2.4857611322437756 vs. 2.4857611322437756
--------
nle(id0,id1,dist): 42 51 2.0785566884985944
list:
dist: 2.0785566884985944 vs. 2.0785566884985944
--------
nle(id0,id1,dist): 42 49 1.6014782340762375
list:
dist: 1.6014782340762375 vs. 1.6014782340762375
--------
nle(id0,id1,dist): 42 50 2.3294587341081754
list:
dist: 2.3294587341081754 vs. 2.3294587341081754
--------
nle(id0,id1,dist): 42 47 2.1727869775601603
list:
dist: 2.1727869775601603 vs. 2.1727869775601603
--------
nle(id0,id1,dist): 42 48 2.334476063676735
list:
dist: 2.334476063676735 vs. 2.334476063676735
--------
nle(id0,id1,dist): 41 49 2.7906664076345518
list:
dist: 2.7906664076345518 vs. 2.7906664076345518
--------
nle(id0,id1,dist): 41 48 3.3258810216626373
list:
dist: 3.3258810216626373 vs. 3.3258810216626373
--------
nle(id0,id1,dist): 41 51 2.6710446406322017
list:
dist: 2.6710446406322017 vs. 2.6710446406322017
--------
nle(id0,id1,dist): 41 50 2.6448598411830178
list:
dist: 2.6448598411830178 vs. 2.6448598411830178
--------
nle(id0,id1,dist): 41 44 2.7873890219226083
list:
dist: 2.7873890219226083 vs. 2.7873890219226083
--------
nle(id0,id1,dist): 41 47 2.0181503057295664
list:
dist: 2.0181503057295664 vs. 2.0181503057295664
--------
nle(id0,id1,dist): 41 46 1.5613190807281647
list:
dist: 1.5613190807281647 vs. 1.5613190807281647
--------
nle(id0,id1,dist): 41 43 2.2585194986079045
list:
dist: 2.2585194986079045 vs. 2.2585194986079045
--------
nle(id0,id1,dist): 41 56 3.263961567469868
list:
dist: 3.263961567469868 vs. 3.263961567469868
--------
nle(id0,id1,dist): 41 58 3.4332712215130665
list:
dist: 3.4332712215130665 vs. 3.4332712215130665
--------
nle(id0,id1,dist): 41 53 1.6783052371409215
list:
dist: 1.6783052371409215 vs. 1.6783052371409215
--------
nle(id0,id1,dist): 41 54 3.102542222901036
list:
dist: 3.102542222901036 vs. 3.102542222901036
--------
nle(id0,id1,dist): 41 55 2.7030826654536675
list:
dist: 2.7030826654536675 vs. 2.7030826654536675
--------
nle(id0,id1,dist): 40 43 1.5492318101086158
list:
dist: 1.5492318101086158 vs. 1.5492318101086158
--------
nle(id0,id1,dist): 40 44 0.3574924664897487
list:
dist: 0.3574924664897487 vs. 0.3574924664897487
--------
nle(id0,id1,dist): 40 41 2.6221355685575434
list:
dist: 2.6221355685575434 vs. 2.6221355685575434
--------
nle(id0,id1,dist): 40 42 2.681449709547042
list:
dist: 2.681449709547042 vs. 2.681449709547042
--------
nle(id0,id1,dist): 40 47 1.8542762173202703
list:
dist: 1.8542762173202703 vs. 1.8542762173202703
--------
nle(id0,id1,dist): 40 48 1.3985158491974652
list:
dist: 1.3985158491974652 vs. 1.3985158491974652
--------
nle(id0,id1,dist): 40 46 1.6118913824294594
list:
dist: 1.6118913824294594 vs. 1.6118913824294594
--------
nle(id0,id1,dist): 40 51 2.4350959201383287
list:
dist: 2.4350959201383287 vs. 2.4350959201383287
--------
nle(id0,id1,dist): 40 52 1.002086876278633
list:
dist: 1.002086876278633 vs. 1.002086876278633
--------
nle(id0,id1,dist): 40 49 2.5023064452313757
list:
dist: 2.5023064452313757 vs. 2.5023064452313757
--------
nle(id0,id1,dist): 40 50 0.7332587311143285
list:
dist: 0.7332587311143285 vs. 0.7332587311143285
--------
nle(id0,id1,dist): 40 55 1.9022872130610138
list:
dist: 1.9022872130610138 vs. 1.9022872130610138
--------
nle(id0,id1,dist): 40 56 1.3005148748338409
list:
dist: 1.3005148748338409 vs. 1.3005148748338409
--------
nle(id0,id1,dist): 40 53 0.9484717333662689
list:
dist: 0.9484717333662689 vs. 0.9484717333662689
--------
nle(id0,id1,dist): 40 54 2.3600513902286915
list:
dist: 2.3600513902286915 vs. 2.3600513902286915
--------
nle(id0,id1,dist): 40 59 1.729777895690637
list:
dist: 1.729777895690637 vs. 1.729777895690637
--------
nle(id0,id1,dist): 40 58 2.77200705438021
list:
dist: 2.77200705438021 vs. 2.77200705438021
--------
nle(id0,id1,dist): 40 57 3.0335059062571896
list:
dist: 3.0335059062571896 vs. 3.0335059062571896
--------
nle(id0,id1,dist): 39 46 2.1765142216848434
list:
dist: 2.1765142216848434 vs. 2.1765142216848434
--------
nle(id0,id1,dist): 39 47 2.127421414943496
list:
dist: 2.127421414943496 vs. 2.127421414943496
--------
nle(id0,id1,dist): 39 48 2.3389713659424505
list:
dist: 2.3389713659424505 vs. 2.3389713659424505
--------
nle(id0,id1,dist): 39 49 1.2494501673371927
list:
dist: 1.2494501673371927 vs. 1.2494501673371927
--------
nle(id0,id1,dist): 39 50 2.474768319862043
list:
dist: 2.474768319862043 vs. 2.474768319862043
--------
nle(id0,id1,dist): 39 51 1.7886819636479105
list:
dist: 1.7886819636479105 vs. 1.7886819636479105
--------
nle(id0,id1,dist): 39 53 2.8046783415954164
list:
dist: 2.8046783415954164 vs. 2.8046783415954164
--------
nle(id0,id1,dist): 39 54 2.1970018025928466
list:
dist: 2.1970018025928466 vs. 2.1970018025928466
--------
nle(id0,id1,dist): 39 55 1.2879051599900868
list:
dist: 1.2879051599900868 vs. 1.2879051599900868
--------
nle(id0,id1,dist): 39 56 3.0024615405041524
list:
dist: 3.0024615405041524 vs. 3.0024615405041524
--------
nle(id0,id1,dist): 39 57 2.4099552328824787
list:
dist: 2.4099552328824787 vs. 2.4099552328824787
--------
nle(id0,id1,dist): 39 58 2.049520482739669
list:
dist: 2.049520482739669 vs. 2.049520482739669
--------
nle(id0,id1,dist): 39 59 1.6054586856686663
list:
dist: 1.6054586856686663 vs. 1.6054586856686663
--------
nle(id0,id1,dist): 38 58 2.4364007029727923
list:
dist: 2.4364007029727923 vs. 2.4364007029727923
--------
nle(id0,id1,dist): 38 55 1.665278220488575
list:
dist: 1.665278220488575 vs. 1.665278220488575
--------
nle(id0,id1,dist): 38 56 3.167992556675403
list:
dist: 3.167992556675403 vs. 3.167992556675403
--------
nle(id0,id1,dist): 38 53 2.3342971789217852
list:
dist: 2.3342971789217852 vs. 2.3342971789217852
--------
nle(id0,id1,dist): 38 54 2.393275717149105
list:
dist: 2.393275717149105 vs. 2.393275717149105
--------
nle(id0,id1,dist): 38 51 1.8027205951690652
list:
dist: 1.8027205951690652 vs. 1.8027205951690652
--------
nle(id0,id1,dist): 38 59 2.21403081430693
list:
dist: 2.21403081430693 vs. 2.21403081430693
--------
nle(id0,id1,dist): 39 45 1.7450239863783863
list:
dist: 1.7450239863783863 vs. 1.7450239863783863
--------
nle(id0,id1,dist): 39 44 3.1616387239365027
list:
dist: 3.1616387239365027 vs. 3.1616387239365027
--------
nle(id0,id1,dist): 39 43 1.4488194688209197
list:
dist: 1.4488194688209197 vs. 1.4488194688209197
--------
nle(id0,id1,dist): 39 42 0.6539922182342999
list:
dist: 0.6539922182342999 vs. 0.6539922182342999
--------
nle(id0,id1,dist): 39 40 2.9682446152736874
list:
dist: 2.9682446152736874 vs. 2.9682446152736874
--------
nle(id0,id1,dist): 37 56 3.546299373782168
list:
dist: 3.546299373782168 vs. 3.546299373782168
--------
nle(id0,id1,dist): 37 58 3.1213273153095002
list:
dist: 3.1213273153095002 vs. 3.1213273153095002
--------
nle(id0,id1,dist): 37 59 2.7335505210218787
list:
dist: 2.7335505210218787 vs. 2.7335505210218787
--------
nle(id0,id1,dist): 38 40 2.8927627187596694
list:
dist: 2.8927627187596694 vs. 2.8927627187596694
--------
nle(id0,id1,dist): 38 39 1.2702157226905342
list:
dist: 1.2702157226905342 vs. 1.2702157226905342
--------
nle(id0,id1,dist): 38 42 1.1854048518709233
list:
dist: 1.1854048518709233 vs. 1.1854048518709233
--------
nle(id0,id1,dist): 38 41 1.9646383171489732
list:
dist: 1.9646383171489732 vs. 1.9646383171489732
--------
nle(id0,id1,dist): 38 48 2.77716475483842
list:
dist: 2.77716475483842 vs. 2.77716475483842
--------
nle(id0,id1,dist): 38 47 1.7787624366581483
list:
dist: 1.7787624366581483 vs. 1.7787624366581483
--------
nle(id0,id1,dist): 38 50 2.5319038821173923
list:
dist: 2.5319038821173923 vs. 2.5319038821173923
--------
nle(id0,id1,dist): 38 49 1.5405516085190145
list:
dist: 1.5405516085190145 vs. 1.5405516085190145
--------
nle(id0,id1,dist): 38 44 3.104744433707097
list:
dist: 3.104744433707097 vs. 3.104744433707097
--------
nle(id0,id1,dist): 38 43 1.4967401510340286
list:
dist: 1.4967401510340286 vs. 1.4967401510340286
--------
nle(id0,id1,dist): 38 46 1.6483551771089882
list:
dist: 1.6483551771089882 vs. 1.6483551771089882
--------
nle(id0,id1,dist): 38 45 2.092263456447427
list:
dist: 2.092263456447427 vs. 2.092263456447427
--------
nle(id0,id1,dist): 23 28 1.6458850895177546
list:
dist: 1.6458850895177546 vs. 1.6458850895177546
--------
nle(id0,id1,dist): 23 29 1.883244159292751
list:
dist: 1.883244159292751 vs. 1.883244159292751
--------
nle(id0,id1,dist): 23 26 1.1214084955562371
list:
dist: 1.1214084955562371 vs. 1.1214084955562371
--------
nle(id0,id1,dist): 23 27 0.8412570128892176
list:
dist: 0.8412570128892176 vs. 0.8412570128892176
--------
nle(id0,id1,dist): 23 24 1.7588914474446793
list:
dist: 1.7588914474446793 vs. 1.7588914474446793
--------
nle(id0,id1,dist): 22 41 4.168679500830245
list:
dist: 4.168679500830245 vs. 4.168679500830245
--------
nle(id0,id1,dist): 23 41 3.8592730913003295
list:
dist: 3.8592730913003295 vs. 3.8592730913003295
--------
nle(id0,id1,dist): 23 31 4.025494764021199
list:
dist: 4.025494764021199 vs. 4.025494764021199
--------
nle(id0,id1,dist): 21 26 1.6328277998991052
list:
dist: 1.6328277998991052 vs. 1.6328277998991052
--------
nle(id0,id1,dist): 21 27 0.974016202655299
list:
dist: 0.974016202655299 vs. 0.974016202655299
--------
nle(id0,id1,dist): 21 24 0.657831120285347
list:
dist: 0.657831120285347 vs. 0.657831120285347
--------
nle(id0,id1,dist): 21 28 2.8131623280646973
list:
dist: 2.8131623280646973 vs. 2.8131623280646973
--------
nle(id0,id1,dist): 21 29 3.04162937704418
list:
dist: 3.04162937704418 vs. 3.04162937704418
--------
nle(id0,id1,dist): 21 23 1.547157276680642
list:
dist: 1.547157276680642 vs. 1.547157276680642
--------
nle(id0,id1,dist): 21 22 1.4346911634775066
list:
dist: 1.4346911634775066 vs. 1.4346911634775066
--------
nle(id0,id1,dist): 22 27 0.8547408146956464
list:
dist: 0.8547408146956464 vs. 0.8547408146956464
--------
nle(id0,id1,dist): 22 28 1.4546157228122363
list:
dist: 1.4546157228122363 vs. 1.4546157228122363
--------
nle(id0,id1,dist): 22 29 1.73449036977244
list:
dist: 1.73449036977244 vs. 1.73449036977244
--------
nle(id0,id1,dist): 22 31 4.292254909014621
list:
dist: 4.292254909014621 vs. 4.292254909014621
--------
nle(id0,id1,dist): 22 23 0.48224040445811245
list:
dist: 0.48224040445811245 vs. 0.48224040445811245
--------
nle(id0,id1,dist): 22 24 1.529875196344693
list:
dist: 1.529875196344693 vs. 1.529875196344693
--------
nle(id0,id1,dist): 22 26 1.2421403935275133
list:
dist: 1.2421403935275133 vs. 1.2421403935275133
--------
nle(id0,id1,dist): 19 41 4.180412767175859
list:
dist: 4.180412767175859 vs. 4.180412767175859
--------
nle(id0,id1,dist): 19 24 1.9625835745241138
list:
dist: 1.9625835745241138 vs. 1.9625835745241138
--------
nle(id0,id1,dist): 19 22 1.5977817505498875
list:
dist: 1.5977817505498875 vs. 1.5977817505498875
--------
nle(id0,id1,dist): 19 23 1.650893483045767
list:
dist: 1.650893483045767 vs. 1.650893483045767
--------
nle(id0,id1,dist): 19 20 0.9063653876562916
list:
dist: 0.9063653876562916 vs. 0.9063653876562916
--------
nle(id0,id1,dist): 19 21 1.4396243186620945
list:
dist: 1.4396243186620945 vs. 1.4396243186620945
--------
nle(id0,id1,dist): 19 31 4.303141313907776
list:
dist: 4.303141313907776 vs. 4.303141313907776
--------
nle(id0,id1,dist): 19 28 2.4346564059566087
list:
dist: 2.4346564059566087 vs. 2.4346564059566087
--------
nle(id0,id1,dist): 19 29 3.235261494455546
list:
dist: 3.235261494455546 vs. 3.235261494455546
--------
nle(id0,id1,dist): 19 26 2.4854870501656494
list:
dist: 2.4854870501656494 vs. 2.4854870501656494
--------
nle(id0,id1,dist): 19 27 1.820324868886798
list:
dist: 1.820324868886798 vs. 1.820324868886798
--------
nle(id0,id1,dist): 20 29 3.3626638403583358
list:
dist: 3.3626638403583358 vs. 3.3626638403583358
--------
nle(id0,id1,dist): 20 31 4.302652190129034
list:
dist: 4.302652190129034 vs. 4.302652190129034
--------
nle(id0,id1,dist): 20 41 4.084724299671214
list:
dist: 4.084724299671214 vs. 4.084724299671214
--------
nle(id0,id1,dist): 20 26 2.124224398195083
list:
dist: 2.124224398195083 vs. 2.124224398195083
--------
nle(id0,id1,dist): 20 27 1.54876686585514
list:
dist: 1.54876686585514 vs. 1.54876686585514
--------
nle(id0,id1,dist): 20 28 2.8073653223062545
list:
dist: 2.8073653223062545 vs. 2.8073653223062545
--------
nle(id0,id1,dist): 20 21 1.298858155560269
list:
dist: 1.298858155560269 vs. 1.298858155560269
--------
nle(id0,id1,dist): 20 22 1.6777399061451927
list:
dist: 1.6777399061451927 vs. 1.6777399061451927
--------
nle(id0,id1,dist): 20 23 1.5068617385908243
list:
dist: 1.5068617385908243 vs. 1.5068617385908243
--------
nle(id0,id1,dist): 20 24 1.9320365458334445
list:
dist: 1.9320365458334445 vs. 1.9320365458334445
--------
nle(id0,id1,dist): 18 22 3.423925110889616
list:
dist: 3.423925110889616 vs. 3.423925110889616
--------
nle(id0,id1,dist): 18 21 2.6429590080282988
list:
dist: 2.6429590080282988 vs. 2.6429590080282988
--------
nle(id0,id1,dist): 18 20 2.0822375586264394
list:
dist: 2.0822375586264394 vs. 2.0822375586264394
--------
nle(id0,id1,dist): 18 19 2.931577602498944
list:
dist: 2.931577602498944 vs. 2.931577602498944
--------
nle(id0,id1,dist): 17 31 5.635248737265583
list:
dist: 5.635248737265583 vs. 5.635248737265583
--------
nle(id0,id1,dist): 17 41 5.359748943777521
list:
dist: 5.359748943777521 vs. 5.359748943777521
--------
nle(id0,id1,dist): 18 23 3.125406581120093
list:
dist: 3.125406581120093 vs. 3.125406581120093
--------
nle(id0,id1,dist): 18 24 3.159427913994335
list:
dist: 3.159427913994335 vs. 3.159427913994335
--------
nle(id0,id1,dist): 18 27 2.861082228839501
list:
dist: 2.861082228839501 vs. 2.861082228839501
--------
nle(id0,id1,dist): 29 41 4.425519344325854
list:
dist: 4.425519344325854 vs. 4.425519344325854
--------
nle(id0,id1,dist): 30 42 2.5478656124510275
list:
dist: 2.5478656124510275 vs. 2.5478656124510275
--------
nle(id0,id1,dist): 30 41 1.088664988954814
list:
dist: 1.088664988954814 vs. 1.088664988954814
--------
nle(id0,id1,dist): 30 40 2.6109905063525356
list:
dist: 2.6109905063525356 vs. 2.6109905063525356
--------
nle(id0,id1,dist): 30 39 3.033667883940615
list:
dist: 3.033667883940615 vs. 3.033667883940615
--------
nle(id0,id1,dist): 30 38 2.0834655012554815
list:
dist: 2.0834655012554815 vs. 2.0834655012554815
--------
nle(id0,id1,dist): 30 37 1.444556451735542
list:
dist: 1.444556451735542 vs. 1.444556451735542
--------
nle(id0,id1,dist): 30 36 2.0618381956108203
list:
dist: 2.0618381956108203 vs. 2.0618381956108203
--------
nle(id0,id1,dist): 30 35 1.266264335967919
list:
dist: 1.266264335967919 vs. 1.266264335967919
--------
nle(id0,id1,dist): 30 33 2.362031605513523
list:
dist: 2.362031605513523 vs. 2.362031605513523
--------
nle(id0,id1,dist): 30 32 0.6563516046001014
list:
dist: 0.6563516046001014 vs. 0.6563516046001014
--------
nle(id0,id1,dist): 30 31 1.3907050058731547
list:
dist: 1.3907050058731547 vs. 1.3907050058731547
--------
nle(id0,id1,dist): 30 58 3.904106126517654
list:
dist: 3.904106126517654 vs. 3.904106126517654
--------
nle(id0,id1,dist): 30 55 2.870274104085501
list:
dist: 2.870274104085501 vs. 2.870274104085501
--------
nle(id0,id1,dist): 30 56 3.5659496020798116
list:
dist: 3.5659496020798116 vs. 3.5659496020798116
--------
nle(id0,id1,dist): 30 53 1.7934400132943709
list:
dist: 1.7934400132943709 vs. 1.7934400132943709
--------
nle(id0,id1,dist): 30 54 3.6101648740026646
list:
dist: 3.6101648740026646 vs. 3.6101648740026646
--------
nle(id0,id1,dist): 30 51 3.185374516291062
list:
dist: 3.185374516291062 vs. 3.185374516291062
--------
nle(id0,id1,dist): 30 52 3.5251490917485433
list:
dist: 3.5251490917485433 vs. 3.5251490917485433
--------
nle(id0,id1,dist): 30 49 3.1353729530241927
list:
dist: 3.1353729530241927 vs. 3.1353729530241927
--------
nle(id0,id1,dist): 30 50 2.7946249047475162
list:
dist: 2.7946249047475162 vs. 2.7946249047475162
--------
nle(id0,id1,dist): 30 47 2.579343386522036
list:
dist: 2.579343386522036 vs. 2.579343386522036
--------
nle(id0,id1,dist): 30 48 3.4444196440334793
list:
dist: 3.4444196440334793 vs. 3.4444196440334793
--------
nle(id0,id1,dist): 30 46 1.2350433772744596
list:
dist: 1.2350433772744596 vs. 1.2350433772744596
--------
nle(id0,id1,dist): 30 43 2.2133256128668375
list:
dist: 2.2133256128668375 vs. 2.2133256128668375
--------
nle(id0,id1,dist): 30 44 2.6547544654856274
list:
dist: 2.6547544654856274 vs. 2.6547544654856274
--------
nle(id0,id1,dist): 28 29 1.287896187257882
list:
dist: 1.287896187257882 vs. 1.287896187257882
--------
nle(id0,id1,dist): 28 31 3.709915693298616
list:
dist: 3.709915693298616 vs. 3.709915693298616
--------
nle(id0,id1,dist): 28 41 3.7380900349603454
list:
dist: 3.7380900349603454 vs. 3.7380900349603454
--------
nle(id0,id1,dist): 29 31 4.460337423468884
list:
dist: 4.460337423468884 vs. 4.460337423468884
--------
nle(id0,id1,dist): 26 27 0.7124315790088436
list:
dist: 0.7124315790088436 vs. 0.7124315790088436
--------
nle(id0,id1,dist): 26 28 2.4440307286290546
list:
dist: 2.4440307286290546 vs. 2.4440307286290546
--------
nle(id0,id1,dist): 26 29 2.052145922091999
list:
dist: 2.052145922091999 vs. 2.052145922091999
--------
nle(id0,id1,dist): 26 31 4.921006398520493
list:
dist: 4.921006398520493 vs. 4.921006398520493
--------
nle(id0,id1,dist): 26 41 4.707299186229112
list:
dist: 4.707299186229112 vs. 4.707299186229112
--------
nle(id0,id1,dist): 27 31 4.8319380530956355
list:
dist: 4.8319380530956355 vs. 4.8319380530956355
--------
nle(id0,id1,dist): 27 29 2.2561500683767655
list:
dist: 2.2561500683767655 vs. 2.2561500683767655
--------
nle(id0,id1,dist): 27 28 2.2866588525459632
list:
dist: 2.2866588525459632 vs. 2.2866588525459632
--------
nle(id0,id1,dist): 27 41 4.638996556486197
list:
dist: 4.638996556486197 vs. 4.638996556486197
--------
nle(id0,id1,dist): 24 26 1.563182785351759
list:
dist: 1.563182785351759 vs. 1.563182785351759
--------
nle(id0,id1,dist): 24 27 1.055568768566922
list:
dist: 1.055568768566922 vs. 1.055568768566922
--------
nle(id0,id1,dist): 24 28 2.8418293382605575
list:
dist: 2.8418293382605575 vs. 2.8418293382605575
--------
nle(id0,id1,dist): 24 29 2.8619785538808205
list:
dist: 2.8619785538808205 vs. 2.8619785538808205
--------
nle(id0,id1,dist): 25 31 4.071195870860808
list:
dist: 4.071195870860808 vs. 4.071195870860808
--------
nle(id0,id1,dist): 25 28 2.120723323732002
list:
dist: 2.120723323732002 vs. 2.120723323732002
--------
nle(id0,id1,dist): 25 29 2.4835543807117153
list:
dist: 2.4835543807117153 vs. 2.4835543807117153
--------
nle(id0,id1,dist): 25 41 4.301923441397789
list:
dist: 4.301923441397789 vs. 4.301923441397789
--------
nle(id0,id1,dist): 62 79 2.1320773890640106
list:
dist: 2.1320773890640106 vs. 2.1320773890640106
--------
nle(id0,id1,dist): 62 80 2.945929236205141
list:
dist: 2.945929236205141 vs. 2.945929236205141
--------
nle(id0,id1,dist): 62 81 1.8487081948384008
list:
dist: 1.8487081948384008 vs. 1.8487081948384008
--------
nle(id0,id1,dist): 62 82 2.1673329443464926
list:
dist: 2.1673329443464926 vs. 2.1673329443464926
--------
nle(id0,id1,dist): 62 75 1.1616688619905322
list:
dist: 1.1616688619905322 vs. 1.1616688619905322
--------
nle(id0,id1,dist): 62 76 1.006138274054394
list:
dist: 1.006138274054394 vs. 1.006138274054394
--------
nle(id0,id1,dist): 62 77 2.4292899687518896
list:
dist: 2.4292899687518896 vs. 2.4292899687518896
--------
nle(id0,id1,dist): 62 78 1.845026284038236
list:
dist: 1.845026284038236 vs. 1.845026284038236
--------
nle(id0,id1,dist): 62 87 2.5150758077582114
list:
dist: 2.5150758077582114 vs. 2.5150758077582114
--------
nle(id0,id1,dist): 62 83 2.176546610290508
list:
dist: 2.176546610290508 vs. 2.176546610290508
--------
nle(id0,id1,dist): 62 84 1.4486154413089685
list:
dist: 1.4486154413089685 vs. 1.4486154413089685
--------
nle(id0,id1,dist): 62 85 2.5051238873006882
list:
dist: 2.5051238873006882 vs. 2.5051238873006882
--------
nle(id0,id1,dist): 62 86 3.6285482297683487
list:
dist: 3.6285482297683487 vs. 3.6285482297683487
--------
nle(id0,id1,dist): 62 64 1.6533762938755652
list:
dist: 1.6533762938755652 vs. 1.6533762938755652
--------
nle(id0,id1,dist): 62 63 2.031992748718496
list:
dist: 2.031992748718496 vs. 2.031992748718496
--------
nle(id0,id1,dist): 62 66 1.8571886331110532
list:
dist: 1.8571886331110532 vs. 1.8571886331110532
--------
nle(id0,id1,dist): 62 65 1.6543655159307649
list:
dist: 1.6543655159307649 vs. 1.6543655159307649
--------
nle(id0,id1,dist): 62 72 1.477893942802459
list:
dist: 1.477893942802459 vs. 1.477893942802459
--------
nle(id0,id1,dist): 62 71 2.5200215368378642
list:
dist: 2.5200215368378642 vs. 2.5200215368378642
--------
nle(id0,id1,dist): 62 74 1.8005802639800783
list:
dist: 1.8005802639800783 vs. 1.8005802639800783
--------
nle(id0,id1,dist): 62 73 0.8673950946622848
list:
dist: 0.8673950946622848 vs. 0.8673950946622848
--------
nle(id0,id1,dist): 62 68 1.3610490520846121
list:
dist: 1.3610490520846121 vs. 1.3610490520846121
--------
nle(id0,id1,dist): 62 67 1.5277817976684172
list:
dist: 1.5277817976684172 vs. 1.5277817976684172
--------
nle(id0,id1,dist): 62 70 0.7512333986362552
list:
dist: 0.7512333986362552 vs. 0.7512333986362552
--------
nle(id0,id1,dist): 62 69 1.979896474052344
list:
dist: 1.979896474052344 vs. 1.979896474052344
--------
nle(id0,id1,dist): 61 84 2.1558619562037817
list:
dist: 2.1558619562037817 vs. 2.1558619562037817
--------
nle(id0,id1,dist): 61 81 2.2825821423248973
list:
dist: 2.2825821423248973 vs. 2.2825821423248973
--------
nle(id0,id1,dist): 61 71 3.1634866335432483
list:
dist: 3.1634866335432483 vs. 3.1634866335432483
--------
nle(id0,id1,dist): 61 70 1.6760384875203012
list:
dist: 1.6760384875203012 vs. 1.6760384875203012
--------
nle(id0,id1,dist): 61 69 2.0181626480752604
list:
dist: 2.0181626480752604 vs. 2.0181626480752604
--------
nle(id0,id1,dist): 61 68 0.9391970256189658
list:
dist: 0.9391970256189658 vs. 0.9391970256189658
--------
nle(id0,id1,dist): 61 67 1.2140510811925211
list:
dist: 1.2140510811925211 vs. 1.2140510811925211
--------
nle(id0,id1,dist): 61 66 1.8011531452479785
list:
dist: 1.8011531452479785 vs. 1.8011531452479785
--------
nle(id0,id1,dist): 61 65 1.205211311203345
list:
dist: 1.205211311203345 vs. 1.205211311203345
--------
nle(id0,id1,dist): 61 64 2.1983289515247386
list:
dist: 2.1983289515247386 vs. 2.1983289515247386
--------
nle(id0,id1,dist): 61 79 1.9210602666091883
list:
dist: 1.9210602666091883 vs. 1.9210602666091883
--------
nle(id0,id1,dist): 61 78 2.2877396908014167
list:
dist: 2.2877396908014167 vs. 2.2877396908014167
--------
nle(id0,id1,dist): 61 77 2.669092396784554
list:
dist: 2.669092396784554 vs. 2.669092396784554
--------
nle(id0,id1,dist): 61 76 0.806479251135043
list:
dist: 0.806479251135043 vs. 0.806479251135043
--------
nle(id0,id1,dist): 61 75 1.8121590834950732
list:
dist: 1.8121590834950732 vs. 1.8121590834950732
--------
nle(id0,id1,dist): 61 73 1.2956427396860875
list:
dist: 1.2956427396860875 vs. 1.2956427396860875
--------
nle(id0,id1,dist): 61 72 2.4805605090227836
list:
dist: 2.4805605090227836 vs. 2.4805605090227836
--------
nle(id0,id1,dist): 64 66 1.8494800056359697
list:
dist: 1.8494800056359697 vs. 1.8494800056359697
--------
nle(id0,id1,dist): 64 67 1.909004932863336
list:
dist: 1.909004932863336 vs. 1.909004932863336
--------
nle(id0,id1,dist): 63 105 3.0812534109283183
list:
dist: 3.0812534109283183 vs. 3.0812534109283183
--------
nle(id0,id1,dist): 63 106 4.090753055365538
list:
dist: 4.090753055365538 vs. 4.090753055365538
--------
nle(id0,id1,dist): 64 70 1.0395642361207709
list:
dist: 1.0395642361207709 vs. 1.0395642361207709
--------
nle(id0,id1,dist): 64 71 1.402588357149164
list:
dist: 1.402588357149164 vs. 1.402588357149164
--------
nle(id0,id1,dist): 64 72 1.5043727863551513
list:
dist: 1.5043727863551513 vs. 1.5043727863551513
--------
nle(id0,id1,dist): 64 73 1.742136887518787
list:
dist: 1.742136887518787 vs. 1.742136887518787
--------
nle(id0,id1,dist): 64 75 1.9947864849621904
list:
dist: 1.9947864849621904 vs. 1.9947864849621904
--------
nle(id0,id1,dist): 64 76 1.653812867974805
list:
dist: 1.653812867974805 vs. 1.653812867974805
--------
nle(id0,id1,dist): 64 78 2.289217504853737
list:
dist: 2.289217504853737 vs. 2.289217504853737
--------
nle(id0,id1,dist): 64 80 1.9841856922806707
list:
dist: 1.9841856922806707 vs. 1.9841856922806707
--------
nle(id0,id1,dist): 63 87 2.756282153088675
list:
dist: 2.756282153088675 vs. 2.756282153088675
--------
nle(id0,id1,dist): 63 86 4.209400801076646
list:
dist: 4.209400801076646 vs. 4.209400801076646
--------
nle(id0,id1,dist): 63 91 2.8525438203900952
list:
dist: 2.8525438203900952 vs. 2.8525438203900952
--------
nle(id0,id1,dist): 63 92 3.3445870305049774
list:
dist: 3.3445870305049774 vs. 3.3445870305049774
--------
nle(id0,id1,dist): 63 95 3.266065389262004
list:
dist: 3.266065389262004 vs. 3.266065389262004
--------
nle(id0,id1,dist): 63 94 3.3243899771415446
list:
dist: 3.3243899771415446 vs. 3.3243899771415446
--------
nle(id0,id1,dist): 63 96 2.725748294624881
list:
dist: 2.725748294624881 vs. 2.725748294624881
--------
nle(id0,id1,dist): 63 98 3.134667016701625
list:
dist: 3.134667016701625 vs. 3.134667016701625
--------
nle(id0,id1,dist): 63 72 2.842941894167309
list:
dist: 2.842941894167309 vs. 2.842941894167309
--------
nle(id0,id1,dist): 63 73 1.7094012692056042
list:
dist: 1.7094012692056042 vs. 1.7094012692056042
--------
nle(id0,id1,dist): 63 70 1.9560766749964966
list:
dist: 1.9560766749964966 vs. 1.9560766749964966
--------
nle(id0,id1,dist): 63 71 2.8624858774748887
list:
dist: 2.8624858774748887 vs. 2.8624858774748887
--------
nle(id0,id1,dist): 63 76 1.6671468402572192
list:
dist: 1.6671468402572192 vs. 1.6671468402572192
--------
nle(id0,id1,dist): 63 77 3.542575365776189
list:
dist: 3.542575365776189 vs. 3.542575365776189
--------
nle(id0,id1,dist): 63 74 3.1637774394489195
list:
dist: 3.1637774394489195 vs. 3.1637774394489195
--------
nle(id0,id1,dist): 63 75 2.2030384960953264
list:
dist: 2.2030384960953264 vs. 2.2030384960953264
--------
nle(id0,id1,dist): 63 80 3.2114202510273566
list:
dist: 3.2114202510273566 vs. 3.2114202510273566
--------
nle(id0,id1,dist): 63 81 3.6441471330769075
list:
dist: 3.6441471330769075 vs. 3.6441471330769075
--------
nle(id0,id1,dist): 63 78 2.2300765716812267
list:
dist: 2.2300765716812267 vs. 2.2300765716812267
--------
nle(id0,id1,dist): 63 79 2.781306684101045
list:
dist: 2.781306684101045 vs. 2.781306684101045
--------
nle(id0,id1,dist): 63 84 2.559526219609689
list:
dist: 2.559526219609689 vs. 2.559526219609689
--------
nle(id0,id1,dist): 63 85 2.8371543619032344
list:
dist: 2.8371543619032344 vs. 2.8371543619032344
--------
nle(id0,id1,dist): 63 82 2.6609044189730615
list:
dist: 2.6609044189730615 vs. 2.6609044189730615
--------
nle(id0,id1,dist): 63 83 2.1593906128170577
list:
dist: 2.1593906128170577 vs. 2.1593906128170577
--------
nle(id0,id1,dist): 63 65 2.962192275153551
list:
dist: 2.962192275153551 vs. 2.962192275153551
--------
nle(id0,id1,dist): 63 64 1.5965615890630689
list:
dist: 1.5965615890630689 vs. 1.5965615890630689
--------
nle(id0,id1,dist): 63 69 2.339562000401965
list:
dist: 2.339562000401965 vs. 2.339562000401965
--------
nle(id0,id1,dist): 63 68 2.3831267004739254
list:
dist: 2.3831267004739254 vs. 2.3831267004739254
--------
nle(id0,id1,dist): 63 67 0.9665423949658711
list:
dist: 0.9665423949658711 vs. 0.9665423949658711
--------
nle(id0,id1,dist): 63 66 0.985420175827435
list:
dist: 0.985420175827435 vs. 0.985420175827435
--------
nle(id0,id1,dist): 58 59 2.2276225268489136
list:
dist: 2.2276225268489136 vs. 2.2276225268489136
--------
nle(id0,id1,dist): 61 63 1.7697958377557934
list:
dist: 1.7697958377557934 vs. 1.7697958377557934
--------
nle(id0,id1,dist): 61 62 1.0792829166283935
list:
dist: 1.0792829166283935 vs. 1.0792829166283935
--------
nle(id0,id1,dist): 60 86 3.9795829185991383
list:
dist: 3.9795829185991383 vs. 3.9795829185991383
--------
nle(id0,id1,dist): 60 85 3.1629170237697304
list:
dist: 3.1629170237697304 vs. 3.1629170237697304
--------
nle(id0,id1,dist): 60 87 3.0927545914855537
list:
dist: 3.0927545914855537 vs. 3.0927545914855537
--------
nle(id0,id1,dist): 60 77 2.452102304360512
list:
dist: 2.452102304360512 vs. 2.452102304360512
--------
nle(id0,id1,dist): 60 78 2.5094343129486405
list:
dist: 2.5094343129486405 vs. 2.5094343129486405
--------
nle(id0,id1,dist): 60 79 2.336330689167158
list:
dist: 2.336330689167158 vs. 2.336330689167158
--------
nle(id0,id1,dist): 60 81 1.344640806103919
list:
dist: 1.344640806103919 vs. 1.344640806103919
--------
nle(id0,id1,dist): 60 82 2.8335257248844172
list:
dist: 2.8335257248844172 vs. 2.8335257248844172
--------
nle(id0,id1,dist): 60 83 2.9329275272219997
list:
dist: 2.9329275272219997 vs. 2.9329275272219997
--------
nle(id0,id1,dist): 60 84 1.9286365563250594
list:
dist: 1.9286365563250594 vs. 1.9286365563250594
--------
nle(id0,id1,dist): 60 69 2.4776716181537233
list:
dist: 2.4776716181537233 vs. 2.4776716181537233
--------
nle(id0,id1,dist): 60 70 1.5319717006397187
list:
dist: 1.5319717006397187 vs. 1.5319717006397187
--------
nle(id0,id1,dist): 60 72 1.7986917651280994
list:
dist: 1.7986917651280994 vs. 1.7986917651280994
--------
nle(id0,id1,dist): 60 73 1.65126679185633
list:
dist: 1.65126679185633 vs. 1.65126679185633
--------
nle(id0,id1,dist): 60 74 2.056303851512398
list:
dist: 2.056303851512398 vs. 2.056303851512398
--------
nle(id0,id1,dist): 60 75 1.7733192735920231
list:
dist: 1.7733192735920231 vs. 1.7733192735920231
--------
nle(id0,id1,dist): 60 76 1.5209373917520843
list:
dist: 1.5209373917520843 vs. 1.5209373917520843
--------
nle(id0,id1,dist): 60 63 2.8999432819914492
list:
dist: 2.8999432819914492 vs. 2.8999432819914492
--------
nle(id0,id1,dist): 60 62 0.9412430003117678
list:
dist: 0.9412430003117678 vs. 0.9412430003117678
--------
nle(id0,id1,dist): 60 61 1.4673692710909212
list:
dist: 1.4673692710909212 vs. 1.4673692710909212
--------
nle(id0,id1,dist): 60 68 1.4592017471308372
list:
dist: 1.4592017471308372 vs. 1.4592017471308372
--------
nle(id0,id1,dist): 60 67 2.3188748079648285
list:
dist: 2.3188748079648285 vs. 2.3188748079648285
--------
nle(id0,id1,dist): 60 66 2.722319877457282
list:
dist: 2.722319877457282 vs. 2.722319877457282
--------
nle(id0,id1,dist): 60 65 1.2551122580777871
list:
dist: 1.2551122580777871 vs. 1.2551122580777871
--------
nle(id0,id1,dist): 69 70 2.271449070314225
list:
dist: 2.271449070314225 vs. 2.271449070314225
--------
nle(id0,id1,dist): 69 78 0.9350867108722989
list:
dist: 0.9350867108722989 vs. 0.9350867108722989
--------
nle(id0,id1,dist): 69 79 0.8649189720658861
list:
dist: 0.8649189720658861 vs. 0.8649189720658861
--------
nle(id0,id1,dist): 69 76 2.5495813180083537
list:
dist: 2.5495813180083537 vs. 2.5495813180083537
--------
nle(id0,id1,dist): 69 77 1.3426960675042952
list:
dist: 1.3426960675042952 vs. 1.3426960675042952
--------
nle(id0,id1,dist): 69 74 1.8728724175275158
list:
dist: 1.8728724175275158 vs. 1.8728724175275158
--------
nle(id0,id1,dist): 69 75 1.1723468663819534
list:
dist: 1.1723468663819534 vs. 1.1723468663819534
--------
nle(id0,id1,dist): 69 72 3.0958324604346705
list:
dist: 3.0958324604346705 vs. 3.0958324604346705
--------
nle(id0,id1,dist): 69 73 1.215340277052953
list:
dist: 1.215340277052953 vs. 1.215340277052953
--------
nle(id0,id1,dist): 69 86 2.301055264471027
list:
dist: 2.301055264471027 vs. 2.301055264471027
--------
nle(id0,id1,dist): 69 87 1.055416650309863
list:
dist: 1.055416650309863 vs. 1.055416650309863
--------
nle(id0,id1,dist): 69 84 1.2748355666543336
list:
dist: 1.2748355666543336 vs. 1.2748355666543336
--------
nle(id0,id1,dist): 69 85 1.9808653483975673
list:
dist: 1.9808653483975673 vs. 1.9808653483975673
--------
nle(id0,id1,dist): 69 82 2.0200895295813366
list:
dist: 2.0200895295813366 vs. 2.0200895295813366
--------
nle(id0,id1,dist): 69 83 1.3318356517560759
list:
dist: 1.3318356517560759 vs. 1.3318356517560759
--------
nle(id0,id1,dist): 69 81 2.201892832680849
list:
dist: 2.201892832680849 vs. 2.201892832680849
--------
nle(id0,id1,dist): 67 105 3.8286915222708826
list:
dist: 3.8286915222708826 vs. 3.8286915222708826
--------
nle(id0,id1,dist): 67 98 3.711840636624903
list:
dist: 3.711840636624903 vs. 3.711840636624903
--------
nle(id0,id1,dist): 68 74 2.328090721717061
list:
dist: 2.328090721717061 vs. 2.328090721717061
--------
nle(id0,id1,dist): 68 73 1.30983470429384
list:
dist: 1.30983470429384 vs. 1.30983470429384
--------
nle(id0,id1,dist): 68 76 1.6698467829456438
list:
dist: 1.6698467829456438 vs. 1.6698467829456438
--------
nle(id0,id1,dist): 68 75 1.6105717494175404
list:
dist: 1.6105717494175404 vs. 1.6105717494175404
--------
nle(id0,id1,dist): 68 70 2.0514457622881377
list:
dist: 2.0514457622881377 vs. 2.0514457622881377
--------
nle(id0,id1,dist): 68 69 1.5091014299428793
list:
dist: 1.5091014299428793 vs. 1.5091014299428793
--------
nle(id0,id1,dist): 67 106 4.595401359342907
list:
dist: 4.595401359342907 vs. 4.595401359342907
--------
nle(id0,id1,dist): 68 72 2.8106952942917496
list:
dist: 2.8106952942917496 vs. 2.8106952942917496
--------
nle(id0,id1,dist): 68 81 1.6399259181441181
list:
dist: 1.6399259181441181 vs. 1.6399259181441181
--------
nle(id0,id1,dist): 68 82 2.8774393624652346
list:
dist: 2.8774393624652346 vs. 2.8774393624652346
--------
nle(id0,id1,dist): 68 83 2.4880546860757837
list:
dist: 2.4880546860757837 vs. 2.4880546860757837
--------
nle(id0,id1,dist): 68 84 1.8525847594369123
list:
dist: 1.8525847594369123 vs. 1.8525847594369123
--------
nle(id0,id1,dist): 68 77 1.8430678550839046
list:
dist: 1.8430678550839046 vs. 1.8430678550839046
--------
nle(id0,id1,dist): 68 78 2.0423585443184695
list:
dist: 2.0423585443184695 vs. 2.0423585443184695
--------
nle(id0,id1,dist): 68 79 1.1133905677356277
list:
dist: 1.1133905677356277 vs. 1.1133905677356277
--------
nle(id0,id1,dist): 68 85 3.0484339668997986
list:
dist: 3.0484339668997986 vs. 3.0484339668997986
--------
nle(id0,id1,dist): 68 86 3.5791217503708253
list:
dist: 3.5791217503708253 vs. 3.5791217503708253
--------
nle(id0,id1,dist): 68 87 2.4742861857321703
list:
dist: 2.4742861857321703 vs. 2.4742861857321703
--------
nle(id0,id1,dist): 70 86 3.6082302859153166
list:
dist: 3.6082302859153166 vs. 3.6082302859153166
--------
nle(id0,id1,dist): 70 85 2.172457690879923
list:
dist: 2.172457690879923 vs. 2.172457690879923
--------
nle(id0,id1,dist): 70 84 1.4855673746080362
list:
dist: 1.4855673746080362 vs. 1.4855673746080362
--------
nle(id0,id1,dist): 70 83 1.994487613714795
list:
dist: 1.994487613714795 vs. 1.994487613714795
--------
nle(id0,id1,dist): 70 87 2.5186481313822635
list:
dist: 2.5186481313822635 vs. 2.5186481313822635
--------
nle(id0,id1,dist): 71 72 1.5810534292826468
list:
dist: 1.5810534292826468 vs. 1.5810534292826468
--------
nle(id0,id1,dist): 71 73 2.942041119670347
list:
dist: 2.942041119670347 vs. 2.942041119670347
--------
nle(id0,id1,dist): 71 76 2.4248048824247435
list:
dist: 2.4248048824247435 vs. 2.4248048824247435
--------
nle(id0,id1,dist): 71 75 3.1113951710863725
list:
dist: 3.1113951710863725 vs. 3.1113951710863725
--------
nle(id0,id1,dist): 70 71 1.9250167385123749
list:
dist: 1.9250167385123749 vs. 1.9250167385123749
--------
nle(id0,id1,dist): 70 72 0.9759067778626388
list:
dist: 0.9759067778626388 vs. 0.9759067778626388
--------
nle(id0,id1,dist): 70 73 1.0819877214598197
list:
dist: 1.0819877214598197 vs. 1.0819877214598197
--------
nle(id0,id1,dist): 70 74 1.7579803186055905
list:
dist: 1.7579803186055905 vs. 1.7579803186055905
--------
nle(id0,id1,dist): 70 75 1.242412244826059
list:
dist: 1.242412244826059 vs. 1.242412244826059
--------
nle(id0,id1,dist): 70 76 1.3246029779712356
list:
dist: 1.3246029779712356 vs. 1.3246029779712356
--------
nle(id0,id1,dist): 70 77 2.83598172654028
list:
dist: 2.83598172654028 vs. 2.83598172654028
--------
nle(id0,id1,dist): 70 78 1.8165248398085474
list:
dist: 1.8165248398085474 vs. 1.8165248398085474
--------
nle(id0,id1,dist): 70 79 2.6519348085059793
list:
dist: 2.6519348085059793 vs. 2.6519348085059793
--------
nle(id0,id1,dist): 70 80 2.2404783363766714
list:
dist: 2.2404783363766714 vs. 2.2404783363766714
--------
nle(id0,id1,dist): 70 81 2.375060554813545
list:
dist: 2.375060554813545 vs. 2.375060554813545
--------
nle(id0,id1,dist): 70 82 1.770196227031034
list:
dist: 1.770196227031034 vs. 1.770196227031034
--------
nle(id0,id1,dist): 65 84 2.521475386000168
list:
dist: 2.521475386000168 vs. 2.521475386000168
--------
nle(id0,id1,dist): 65 81 1.6944149236760127
list:
dist: 1.6944149236760127 vs. 1.6944149236760127
--------
nle(id0,id1,dist): 65 78 2.8718556021738544
list:
dist: 2.8718556021738544 vs. 2.8718556021738544
--------
nle(id0,id1,dist): 65 79 1.9166522631065943
list:
dist: 1.9166522631065943 vs. 1.9166522631065943
--------
nle(id0,id1,dist): 65 76 1.7541696629425836
list:
dist: 1.7541696629425836 vs. 1.7541696629425836
--------
nle(id0,id1,dist): 65 77 2.448587920844566
list:
dist: 2.448587920844566 vs. 2.448587920844566
--------
nle(id0,id1,dist): 66 70 1.8384554821996963
list:
dist: 1.8384554821996963 vs. 1.8384554821996963
--------
nle(id0,id1,dist): 66 69 1.4498429568930615
list:
dist: 1.4498429568930615 vs. 1.4498429568930615
--------
nle(id0,id1,dist): 66 68 2.0165319720703128
list:
dist: 2.0165319720703128 vs. 2.0165319720703128
--------
nle(id0,id1,dist): 66 67 0.6195758029936714
list:
dist: 0.6195758029936714 vs. 0.6195758029936714
--------
nle(id0,id1,dist): 64 85 2.437761443187072
list:
dist: 2.437761443187072 vs. 2.437761443187072
--------
nle(id0,id1,dist): 64 82 2.070098535840044
list:
dist: 2.070098535840044 vs. 2.070098535840044
--------
nle(id0,id1,dist): 64 83 2.227580961452438
list:
dist: 2.227580961452438 vs. 2.227580961452438
--------
nle(id0,id1,dist): 64 84 2.2556510757730392
list:
dist: 2.2556510757730392 vs. 2.2556510757730392
--------
nle(id0,id1,dist): 65 73 2.020107168945194
list:
dist: 2.020107168945194 vs. 2.020107168945194
--------
nle(id0,id1,dist): 65 72 2.9541525366067938
list:
dist: 2.9541525366067938 vs. 2.9541525366067938
--------
nle(id0,id1,dist): 65 75 2.306590478489038
list:
dist: 2.306590478489038 vs. 2.306590478489038
--------
nle(id0,id1,dist): 65 69 2.416918394739638
list:
dist: 2.416918394739638 vs. 2.416918394739638
--------
nle(id0,id1,dist): 65 68 0.9256264383165831
list:
dist: 0.9256264383165831 vs. 0.9256264383165831
--------
nle(id0,id1,dist): 65 70 2.402284387245099
list:
dist: 2.402284387245099 vs. 2.402284387245099
--------
nle(id0,id1,dist): 65 67 2.2584299924036495
list:
dist: 2.2584299924036495 vs. 2.2584299924036495
--------
nle(id0,id1,dist): 65 66 2.813714631894608
list:
dist: 2.813714631894608 vs. 2.813714631894608
--------
nle(id0,id1,dist): 67 76 1.5149466120645083
list:
dist: 1.5149466120645083 vs. 1.5149466120645083
--------
nle(id0,id1,dist): 67 77 2.612290990810746
list:
dist: 2.612290990810746 vs. 2.612290990810746
--------
nle(id0,id1,dist): 67 74 2.5245846827303127
list:
dist: 2.5245846827303127 vs. 2.5245846827303127
--------
nle(id0,id1,dist): 67 75 1.5085378250073482
list:
dist: 1.5085378250073482 vs. 1.5085378250073482
--------
nle(id0,id1,dist): 67 80 3.311086191788543
list:
dist: 3.311086191788543 vs. 3.311086191788543
--------
nle(id0,id1,dist): 67 81 2.8163677171692165
list:
dist: 2.8163677171692165 vs. 2.8163677171692165
--------
nle(id0,id1,dist): 67 78 1.5777649134775635
list:
dist: 1.5777649134775635 vs. 1.5777649134775635
--------
nle(id0,id1,dist): 67 79 1.8177803282158254
list:
dist: 1.8177803282158254 vs. 1.8177803282158254
--------
nle(id0,id1,dist): 67 68 1.5187880269066873
list:
dist: 1.5187880269066873 vs. 1.5187880269066873
--------
nle(id0,id1,dist): 66 105 3.6950529120953064
list:
dist: 3.6950529120953064 vs. 3.6950529120953064
--------
nle(id0,id1,dist): 66 106 4.136549682205612
list:
dist: 4.136549682205612 vs. 4.136549682205612
--------
nle(id0,id1,dist): 67 69 1.4461256054513658
list:
dist: 1.4461256054513658 vs. 1.4461256054513658
--------
nle(id0,id1,dist): 67 72 2.701419546863761
list:
dist: 2.701419546863761 vs. 2.701419546863761
--------
nle(id0,id1,dist): 67 73 0.9920499156159656
list:
dist: 0.9920499156159656 vs. 0.9920499156159656
--------
nle(id0,id1,dist): 67 70 1.7257376065938241
list:
dist: 1.7257376065938241 vs. 1.7257376065938241
--------
nle(id0,id1,dist): 67 71 3.2312036762279877
list:
dist: 3.2312036762279877 vs. 3.2312036762279877
--------
nle(id0,id1,dist): 67 92 4.063434995769234
list:
dist: 4.063434995769234 vs. 4.063434995769234
--------
nle(id0,id1,dist): 67 91 3.5846390046396546
list:
dist: 3.5846390046396546 vs. 3.5846390046396546
--------
nle(id0,id1,dist): 67 96 3.1534561755040658
list:
dist: 3.1534561755040658 vs. 3.1534561755040658
--------
nle(id0,id1,dist): 67 95 3.7496820637069646
list:
dist: 3.7496820637069646 vs. 3.7496820637069646
--------
nle(id0,id1,dist): 67 94 3.982495479726067
list:
dist: 3.982495479726067 vs. 3.982495479726067
--------
nle(id0,id1,dist): 67 85 2.4637159033840703
list:
dist: 2.4637159033840703 vs. 2.4637159033840703
--------
nle(id0,id1,dist): 67 84 1.868528225997236
list:
dist: 1.868528225997236 vs. 1.868528225997236
--------
nle(id0,id1,dist): 67 83 1.709336633330793
list:
dist: 1.709336633330793 vs. 1.709336633330793
--------
nle(id0,id1,dist): 67 82 2.3206294776894363
list:
dist: 2.3206294776894363 vs. 2.3206294776894363
--------
nle(id0,id1,dist): 67 87 2.0941074957496153
list:
dist: 2.0941074957496153 vs. 2.0941074957496153
--------
nle(id0,id1,dist): 67 86 3.5374286032169517
list:
dist: 3.5374286032169517 vs. 3.5374286032169517
--------
nle(id0,id1,dist): 66 79 2.068067477825728
list:
dist: 2.068067477825728 vs. 2.068067477825728
--------
nle(id0,id1,dist): 66 80 2.9694801908057795
list:
dist: 2.9694801908057795 vs. 2.9694801908057795
--------
nle(id0,id1,dist): 66 81 3.114636979313086
list:
dist: 3.114636979313086 vs. 3.114636979313086
--------
nle(id0,id1,dist): 66 82 1.980002831127717
list:
dist: 1.980002831127717 vs. 1.980002831127717
--------
nle(id0,id1,dist): 66 83 1.2728098395415492
list:
dist: 1.2728098395415492 vs. 1.2728098395415492
--------
nle(id0,id1,dist): 66 84 1.8202724857689625
list:
dist: 1.8202724857689625 vs. 1.8202724857689625
--------
nle(id0,id1,dist): 66 85 2.0619772715163487
list:
dist: 2.0619772715163487 vs. 2.0619772715163487
--------
nle(id0,id1,dist): 66 86 3.249791704182695
list:
dist: 3.249791704182695 vs. 3.249791704182695
--------
nle(id0,id1,dist): 66 71 3.2465793368517626
list:
dist: 3.2465793368517626 vs. 3.2465793368517626
--------
nle(id0,id1,dist): 66 72 2.7814597692288126
list:
dist: 2.7814597692288126 vs. 2.7814597692288126
--------
nle(id0,id1,dist): 66 73 1.1572572431701016
list:
dist: 1.1572572431701016 vs. 1.1572572431701016
--------
nle(id0,id1,dist): 66 74 2.4724104126993462
list:
dist: 2.4724104126993462 vs. 2.4724104126993462
--------
nle(id0,id1,dist): 66 75 1.5119560715196254
list:
dist: 1.5119560715196254 vs. 1.5119560715196254
--------
nle(id0,id1,dist): 66 76 1.9802480107069915
list:
dist: 1.9802480107069915 vs. 1.9802480107069915
--------
nle(id0,id1,dist): 66 77 2.7215839404092828
list:
dist: 2.7215839404092828 vs. 2.7215839404092828
--------
nle(id0,id1,dist): 66 78 1.3258861701299427
list:
dist: 1.3258861701299427 vs. 1.3258861701299427
--------
nle(id0,id1,dist): 66 96 2.7859928544644577
list:
dist: 2.7859928544644577 vs. 2.7859928544644577
--------
nle(id0,id1,dist): 66 95 3.5496075423779407
list:
dist: 3.5496075423779407 vs. 3.5496075423779407
--------
nle(id0,id1,dist): 66 98 3.302555929825563
list:
dist: 3.302555929825563 vs. 3.302555929825563
--------
nle(id0,id1,dist): 66 87 1.7839262343897064
list:
dist: 1.7839262343897064 vs. 1.7839262343897064
--------
nle(id0,id1,dist): 66 92 3.89409386943488
list:
dist: 3.89409386943488 vs. 3.89409386943488
--------
nle(id0,id1,dist): 66 91 3.3451481259377167
list:
dist: 3.3451481259377167 vs. 3.3451481259377167
--------
nle(id0,id1,dist): 66 94 3.5687193002721056
list:
dist: 3.5687193002721056 vs. 3.5687193002721056
--------
nle(id0,id1,dist): 48 51 1.762637992706363
list:
dist: 1.762637992706363 vs. 1.762637992706363
--------
nle(id0,id1,dist): 48 52 1.6215630634028038
list:
dist: 1.6215630634028038 vs. 1.6215630634028038
--------
nle(id0,id1,dist): 48 49 1.7327915860351704
list:
dist: 1.7327915860351704 vs. 1.7327915860351704
--------
nle(id0,id1,dist): 48 50 0.807518334065341
list:
dist: 0.807518334065341 vs. 0.807518334065341
--------
nle(id0,id1,dist): 48 55 1.1766617840992009
list:
dist: 1.1766617840992009 vs. 1.1766617840992009
--------
nle(id0,id1,dist): 48 56 0.8700221319238917
list:
dist: 0.8700221319238917 vs. 0.8700221319238917
--------
nle(id0,id1,dist): 48 53 1.9595463101312152
list:
dist: 1.9595463101312152 vs. 1.9595463101312152
--------
nle(id0,id1,dist): 48 54 1.4817927702705704
list:
dist: 1.4817927702705704 vs. 1.4817927702705704
--------
nle(id0,id1,dist): 48 59 1.194112506914596
list:
dist: 1.194112506914596 vs. 1.194112506914596
--------
nle(id0,id1,dist): 48 57 1.6465285909518041
list:
dist: 1.6465285909518041 vs. 1.6465285909518041
--------
nle(id0,id1,dist): 48 58 1.7335535004588358
list:
dist: 1.7335535004588358 vs. 1.7335535004588358
--------
nle(id0,id1,dist): 49 50 1.8420509871334207
list:
dist: 1.8420509871334207 vs. 1.8420509871334207
--------
nle(id0,id1,dist): 49 51 0.5581606588496966
list:
dist: 0.5581606588496966 vs. 0.5581606588496966
--------
nle(id0,id1,dist): 49 53 2.3553639227054033
list:
dist: 2.3553639227054033 vs. 2.3553639227054033
--------
nle(id0,id1,dist): 49 54 0.9869101784274009
list:
dist: 0.9869101784274009 vs. 0.9869101784274009
--------
nle(id0,id1,dist): 49 55 0.7083435101771646
list:
dist: 0.7083435101771646 vs. 0.7083435101771646
--------
nle(id0,id1,dist): 49 56 2.1340655873265417
list:
dist: 2.1340655873265417 vs. 2.1340655873265417
--------
nle(id0,id1,dist): 49 57 1.8207092808829395
list:
dist: 1.8207092808829395 vs. 1.8207092808829395
--------
nle(id0,id1,dist): 49 58 0.9215229434467924
list:
dist: 0.9215229434467924 vs. 0.9215229434467924
--------
nle(id0,id1,dist): 49 59 1.7353472605387277
list:
dist: 1.7353472605387277 vs. 1.7353472605387277
--------
nle(id0,id1,dist): 50 53 1.1725372638583051
list:
dist: 1.1725372638583051 vs. 1.1725372638583051
--------
nle(id0,id1,dist): 50 54 1.6457157943171836
list:
dist: 1.6457157943171836 vs. 1.6457157943171836
--------
nle(id0,id1,dist): 50 51 1.764822827152849
list:
dist: 1.764822827152849 vs. 1.764822827152849
--------
nle(id0,id1,dist): 50 52 1.4005898175468168
list:
dist: 1.4005898175468168 vs. 1.4005898175468168
--------
nle(id0,id1,dist): 50 59 1.3925157821329899
list:
dist: 1.3925157821329899 vs. 1.3925157821329899
--------
nle(id0,id1,dist): 50 56 0.8425392651785845
list:
dist: 0.8425392651785845 vs. 0.8425392651785845
--------
nle(id0,id1,dist): 50 55 1.2744349537942754
list:
dist: 1.2744349537942754 vs. 1.2744349537942754
--------
nle(id0,id1,dist): 50 58 2.042610818161197
list:
dist: 2.042610818161197 vs. 2.042610818161197
--------
nle(id0,id1,dist): 50 57 2.3621403181968987
list:
dist: 2.3621403181968987 vs. 2.3621403181968987
--------
nle(id0,id1,dist): 44 55 2.1690324599286415
list:
dist: 2.1690324599286415 vs. 2.1690324599286415
--------
nle(id0,id1,dist): 44 56 1.5843480280237694
list:
dist: 1.5843480280237694 vs. 1.5843480280237694
--------
nle(id0,id1,dist): 44 53 1.131829571111403
list:
dist: 1.131829571111403 vs. 1.131829571111403
--------
nle(id0,id1,dist): 44 54 2.6985105416686346
list:
dist: 2.6985105416686346 vs. 2.6985105416686346
--------
nle(id0,id1,dist): 44 59 1.8351670212618143
list:
dist: 1.8351670212618143 vs. 1.8351670212618143
--------
nle(id0,id1,dist): 44 57 3.2735398400904616
list:
dist: 3.2735398400904616 vs. 3.2735398400904616
--------
nle(id0,id1,dist): 44 58 3.095211324035312
list:
dist: 3.095211324035312 vs. 3.095211324035312
--------
nle(id0,id1,dist): 45 57 2.67716813958953
list:
dist: 2.67716813958953 vs. 2.67716813958953
--------
nle(id0,id1,dist): 45 58 1.954331328657025
list:
dist: 1.954331328657025 vs. 1.954331328657025
--------
nle(id0,id1,dist): 45 49 1.662860071547869
list:
dist: 1.662860071547869 vs. 1.662860071547869
--------
nle(id0,id1,dist): 45 51 1.924115654363563
list:
dist: 1.924115654363563 vs. 1.924115654363563
--------
nle(id0,id1,dist): 45 54 2.3220091039315367
list:
dist: 2.3220091039315367 vs. 2.3220091039315367
--------
nle(id0,id1,dist): 45 55 2.2918492966145365
list:
dist: 2.2918492966145365 vs. 2.2918492966145365
--------
nle(id0,id1,dist): 46 59 1.7407513098286314
list:
dist: 1.7407513098286314 vs. 1.7407513098286314
--------
nle(id0,id1,dist): 46 58 2.9206503137511834
list:
dist: 2.9206503137511834 vs. 2.9206503137511834
--------
nle(id0,id1,dist): 46 55 1.7572012326828834
list:
dist: 1.7572012326828834 vs. 1.7572012326828834
--------
nle(id0,id1,dist): 46 56 2.4949916338257028
list:
dist: 2.4949916338257028 vs. 2.4949916338257028
--------
nle(id0,id1,dist): 46 53 1.024630556496952
list:
dist: 1.024630556496952 vs. 1.024630556496952
--------
nle(id0,id1,dist): 46 54 2.632145950202952
list:
dist: 2.632145950202952 vs. 2.632145950202952
--------
nle(id0,id1,dist): 46 51 2.3022078001861335
list:
dist: 2.3022078001861335 vs. 2.3022078001861335
--------
nle(id0,id1,dist): 46 52 2.5284948092858217
list:
dist: 2.5284948092858217 vs. 2.5284948092858217
--------
nle(id0,id1,dist): 46 49 2.192134488846254
list:
dist: 2.192134488846254 vs. 2.192134488846254
--------
nle(id0,id1,dist): 46 50 1.6714545081823542
list:
dist: 1.6714545081823542 vs. 1.6714545081823542
--------
nle(id0,id1,dist): 46 47 1.7514168398643222
list:
dist: 1.7514168398643222 vs. 1.7514168398643222
--------
nle(id0,id1,dist): 46 48 2.242661283864763
list:
dist: 2.242661283864763 vs. 2.242661283864763
--------
nle(id0,id1,dist): 47 59 2.0258880719492884
list:
dist: 2.0258880719492884 vs. 2.0258880719492884
--------
nle(id0,id1,dist): 47 58 1.490121241640234
list:
dist: 1.490121241640234 vs. 1.490121241640234
--------
nle(id0,id1,dist): 47 55 1.1403325771315096
list:
dist: 1.1403325771315096 vs. 1.1403325771315096
--------
nle(id0,id1,dist): 47 54 1.0944982804956827
list:
dist: 1.0944982804956827 vs. 1.0944982804956827
--------
nle(id0,id1,dist): 47 57 2.5049380390057534
list:
dist: 2.5049380390057534 vs. 2.5049380390057534
--------
nle(id0,id1,dist): 47 56 1.651750497174928
list:
dist: 1.651750497174928 vs. 1.651750497174928
--------
nle(id0,id1,dist): 47 50 1.322653165871425
list:
dist: 1.322653165871425 vs. 1.322653165871425
--------
nle(id0,id1,dist): 47 51 0.8251519086131053
list:
dist: 0.8251519086131053 vs. 0.8251519086131053
--------
nle(id0,id1,dist): 47 52 2.6928591062255913
list:
dist: 2.6928591062255913 vs. 2.6928591062255913
--------
nle(id0,id1,dist): 47 53 1.4944614410004002
list:
dist: 1.4944614410004002 vs. 1.4944614410004002
--------
nle(id0,id1,dist): 47 48 1.6958891750796536
list:
dist: 1.6958891750796536 vs. 1.6958891750796536
--------
nle(id0,id1,dist): 47 49 1.1533377214188785
list:
dist: 1.1533377214188785 vs. 1.1533377214188785
--------
nle(id0,id1,dist): 55 56 1.7243821190415738
list:
dist: 1.7243821190415738 vs. 1.7243821190415738
--------
nle(id0,id1,dist): 55 57 1.7971546958707698
list:
dist: 1.7971546958707698 vs. 1.7971546958707698
--------
nle(id0,id1,dist): 55 58 1.297436409742088
list:
dist: 1.297436409742088 vs. 1.297436409742088
--------
nle(id0,id1,dist): 55 59 1.0740545518646705
list:
dist: 1.0740545518646705 vs. 1.0740545518646705
--------
nle(id0,id1,dist): 56 58 1.947732356049881
list:
dist: 1.947732356049881 vs. 1.947732356049881
--------
nle(id0,id1,dist): 56 57 2.135412081765394
list:
dist: 2.135412081765394 vs. 2.135412081765394
--------
nle(id0,id1,dist): 56 59 1.9762562639676005
list:
dist: 1.9762562639676005 vs. 1.9762562639676005
--------
nle(id0,id1,dist): 57 59 2.13853849680897
list:
dist: 2.13853849680897 vs. 2.13853849680897
--------
nle(id0,id1,dist): 57 58 1.3198597565645658
list:
dist: 1.3198597565645658 vs. 1.3198597565645658
--------
nle(id0,id1,dist): 51 58 0.7730988282094844
list:
dist: 0.7730988282094844 vs. 0.7730988282094844
--------
nle(id0,id1,dist): 51 59 2.063718570816194
list:
dist: 2.063718570816194 vs. 2.063718570816194
--------
nle(id0,id1,dist): 51 53 2.246301984202361
list:
dist: 2.246301984202361 vs. 2.246301984202361
--------
nle(id0,id1,dist): 51 54 0.6307797403528048
list:
dist: 0.6307797403528048 vs. 0.6307797403528048
--------
nle(id0,id1,dist): 51 55 0.9945352684872896
list:
dist: 0.9945352684872896 vs. 0.9945352684872896
--------
nle(id0,id1,dist): 51 56 1.9251933395223093
list:
dist: 1.9251933395223093 vs. 1.9251933395223093
--------
nle(id0,id1,dist): 51 57 1.9548560166761277
list:
dist: 1.9548560166761277 vs. 1.9548560166761277
--------
nle(id0,id1,dist): 52 56 1.4913415344606826
list:
dist: 1.4913415344606826 vs. 1.4913415344606826
--------
nle(id0,id1,dist): 52 53 1.9327477360751506
list:
dist: 1.9327477360751506 vs. 1.9327477360751506
--------
nle(id0,id1,dist): 52 59 2.135248271691783
list:
dist: 2.135248271691783 vs. 2.135248271691783
--------
nle(id0,id1,dist): 53 54 2.387064756269756
list:
dist: 2.387064756269756 vs. 2.387064756269756
--------
nle(id0,id1,dist): 53 55 1.9055316088759189
list:
dist: 1.9055316088759189 vs. 1.9055316088759189
--------
nle(id0,id1,dist): 53 57 3.4267851488570984
list:
dist: 3.4267851488570984 vs. 3.4267851488570984
--------
nle(id0,id1,dist): 53 56 1.8499187338772973
list:
dist: 1.8499187338772973 vs. 1.8499187338772973
--------
nle(id0,id1,dist): 53 59 2.0383332222091517
list:
dist: 2.0383332222091517 vs. 2.0383332222091517
--------
nle(id0,id1,dist): 53 58 2.8118047735061396
list:
dist: 2.8118047735061396 vs. 2.8118047735061396
--------
nle(id0,id1,dist): 54 59 2.124928323377787
list:
dist: 2.124928323377787 vs. 2.124928323377787
--------
nle(id0,id1,dist): 54 58 0.515977703458598
list:
dist: 0.515977703458598 vs. 0.515977703458598
--------
nle(id0,id1,dist): 54 57 1.578135141686453
list:
dist: 1.578135141686453 vs. 1.578135141686453
--------
nle(id0,id1,dist): 54 56 1.5331905244815855
list:
dist: 1.5331905244815855 vs. 1.5331905244815855
--------
nle(id0,id1,dist): 54 55 1.1834460122509645
list:
dist: 1.1834460122509645 vs. 1.1834460122509645
--------
nle(id0,id1,dist): 93 113 3.755562693749902
list:
dist: 3.755562693749902 vs. 3.755562693749902
--------
nle(id0,id1,dist): 93 117 3.409936823743799
list:
dist: 3.409936823743799 vs. 3.409936823743799
--------
nle(id0,id1,dist): 93 97 2.697361661294603
list:
dist: 2.697361661294603 vs. 2.697361661294603
--------
nle(id0,id1,dist): 93 96 2.3171864629721113
list:
dist: 2.3171864629721113 vs. 2.3171864629721113
--------
nle(id0,id1,dist): 93 98 1.7678449736663813
list:
dist: 1.7678449736663813 vs. 1.7678449736663813
--------
nle(id0,id1,dist): 93 101 1.3943693705950575
list:
dist: 1.3943693705950575 vs. 1.3943693705950575
--------
nle(id0,id1,dist): 93 100 0.7758226142426727
list:
dist: 0.7758226142426727 vs. 0.7758226142426727
--------
nle(id0,id1,dist): 93 103 2.0626610928092752
list:
dist: 2.0626610928092752 vs. 2.0626610928092752
--------
nle(id0,id1,dist): 93 102 1.9891076184463536
list:
dist: 1.9891076184463536 vs. 1.9891076184463536
--------
nle(id0,id1,dist): 93 105 1.23576639778117
list:
dist: 1.23576639778117 vs. 1.23576639778117
--------
nle(id0,id1,dist): 93 104 1.9968124610135187
list:
dist: 1.9968124610135187 vs. 1.9968124610135187
--------
nle(id0,id1,dist): 93 107 2.5127504640453444
list:
dist: 2.5127504640453444 vs. 2.5127504640453444
--------
nle(id0,id1,dist): 93 106 2.219374311911309
list:
dist: 2.219374311911309 vs. 2.219374311911309
--------
nle(id0,id1,dist): 93 108 3.072171302364411
list:
dist: 3.072171302364411 vs. 3.072171302364411
--------
nle(id0,id1,dist): 93 110 2.9792663483046105
list:
dist: 2.9792663483046105 vs. 2.9792663483046105
--------
nle(id0,id1,dist): 94 109 2.7345538052579776
list:
dist: 2.7345538052579776 vs. 2.7345538052579776
--------
nle(id0,id1,dist): 94 110 1.9915993254452102
list:
dist: 1.9915993254452102 vs. 1.9915993254452102
--------
nle(id0,id1,dist): 94 107 2.202828541309286
list:
dist: 2.202828541309286 vs. 2.202828541309286
--------
nle(id0,id1,dist): 94 108 1.9278020747098792
list:
dist: 1.9278020747098792 vs. 1.9278020747098792
--------
nle(id0,id1,dist): 94 113 2.5449122078174904
list:
dist: 2.5449122078174904 vs. 2.5449122078174904
--------
nle(id0,id1,dist): 94 114 3.8776169451922695
list:
dist: 3.8776169451922695 vs. 3.8776169451922695
--------
nle(id0,id1,dist): 94 111 2.771837694408418
list:
dist: 2.771837694408418 vs. 2.771837694408418
--------
nle(id0,id1,dist): 94 112 3.0814953629111543
list:
dist: 3.0814953629111543 vs. 3.0814953629111543
--------
nle(id0,id1,dist): 94 117 2.44026459177267
list:
dist: 2.44026459177267 vs. 2.44026459177267
--------
nle(id0,id1,dist): 94 115 3.5584257249256654
list:
dist: 3.5584257249256654 vs. 3.5584257249256654
--------
nle(id0,id1,dist): 94 119 4.209001921734217
list:
dist: 4.209001921734217 vs. 4.209001921734217
--------
nle(id0,id1,dist): 94 98 0.48945998956582504
list:
dist: 0.48945998956582504 vs. 0.48945998956582504
--------
nle(id0,id1,dist): 94 97 1.939885048372002
list:
dist: 1.939885048372002 vs. 1.939885048372002
--------
nle(id0,id1,dist): 94 96 1.31393236670241
list:
dist: 1.31393236670241 vs. 1.31393236670241
--------
nle(id0,id1,dist): 94 95 1.8398799255906937
list:
dist: 1.8398799255906937 vs. 1.8398799255906937
--------
nle(id0,id1,dist): 94 102 2.1893179548213175
list:
dist: 2.1893179548213175 vs. 2.1893179548213175
--------
nle(id0,id1,dist): 94 101 1.3030551215622432
list:
dist: 1.3030551215622432 vs. 1.3030551215622432
--------
nle(id0,id1,dist): 94 100 2.052718202923254
list:
dist: 2.052718202923254 vs. 2.052718202923254
--------
nle(id0,id1,dist): 94 99 2.6702192470853494
list:
dist: 2.6702192470853494 vs. 2.6702192470853494
--------
nle(id0,id1,dist): 94 106 1.0522391631454862
list:
dist: 1.0522391631454862 vs. 1.0522391631454862
--------
nle(id0,id1,dist): 94 105 1.914431557122813
list:
dist: 1.914431557122813 vs. 1.914431557122813
--------
nle(id0,id1,dist): 94 104 1.31298638568252
list:
dist: 1.31298638568252 vs. 1.31298638568252
--------
nle(id0,id1,dist): 94 103 1.6464359754933722
list:
dist: 1.6464359754933722 vs. 1.6464359754933722
--------
nle(id0,id1,dist): 92 97 2.1520045937217636
list:
dist: 2.1520045937217636 vs. 2.1520045937217636
--------
nle(id0,id1,dist): 92 98 1.746333445752132
list:
dist: 1.746333445752132 vs. 1.746333445752132
--------
nle(id0,id1,dist): 92 99 2.572602268199614
list:
dist: 2.572602268199614 vs. 2.572602268199614
--------
nle(id0,id1,dist): 92 100 0.8099692029876435
list:
dist: 0.8099692029876435 vs. 0.8099692029876435
--------
nle(id0,id1,dist): 92 93 1.0571106351164272
list:
dist: 1.0571106351164272 vs. 1.0571106351164272
--------
nle(id0,id1,dist): 92 94 1.7624693602843886
list:
dist: 1.7624693602843886 vs. 1.7624693602843886
--------
nle(id0,id1,dist): 92 95 1.1739590404836415
list:
dist: 1.1739590404836415 vs. 1.1739590404836415
--------
nle(id0,id1,dist): 92 96 1.8881600447927906
list:
dist: 1.8881600447927906 vs. 1.8881600447927906
--------
nle(id0,id1,dist): 91 111 3.3746171217818826
list:
dist: 3.3746171217818826 vs. 3.3746171217818826
--------
nle(id0,id1,dist): 91 110 2.901131749115475
list:
dist: 2.901131749115475 vs. 2.901131749115475
--------
nle(id0,id1,dist): 91 113 3.3757554518305484
list:
dist: 3.3757554518305484 vs. 3.3757554518305484
--------
nle(id0,id1,dist): 91 112 3.85408558510985
list:
dist: 3.85408558510985 vs. 3.85408558510985
--------
nle(id0,id1,dist): 91 107 2.3653625365362783
list:
dist: 2.3653625365362783 vs. 2.3653625365362783
--------
nle(id0,id1,dist): 91 106 2.077559409915762
list:
dist: 2.077559409915762 vs. 2.077559409915762
--------
nle(id0,id1,dist): 91 109 2.4843191512107943
list:
dist: 2.4843191512107943 vs. 2.4843191512107943
--------
nle(id0,id1,dist): 91 108 2.460191103761601
list:
dist: 2.460191103761601 vs. 2.460191103761601
--------
nle(id0,id1,dist): 91 119 4.735520131940589
list:
dist: 4.735520131940589 vs. 4.735520131940589
--------
nle(id0,id1,dist): 91 115 4.2370139520128625
list:
dist: 4.2370139520128625 vs. 4.2370139520128625
--------
nle(id0,id1,dist): 91 114 4.32459103822176
list:
dist: 4.32459103822176 vs. 4.32459103822176
--------
nle(id0,id1,dist): 91 117 3.300309245111568
list:
dist: 3.300309245111568 vs. 3.300309245111568
--------
nle(id0,id1,dist): 92 119 4.871197882791369
list:
dist: 4.871197882791369 vs. 4.871197882791369
--------
nle(id0,id1,dist): 92 117 3.5258445414434756
list:
dist: 3.5258445414434756 vs. 3.5258445414434756
--------
nle(id0,id1,dist): 93 94 1.4981484674963148
list:
dist: 1.4981484674963148 vs. 1.4981484674963148
--------
nle(id0,id1,dist): 93 95 1.9865281585197454
list:
dist: 1.9865281585197454 vs. 1.9865281585197454
--------
nle(id0,id1,dist): 92 108 2.806490416958909
list:
dist: 2.806490416958909 vs. 2.806490416958909
--------
nle(id0,id1,dist): 92 107 2.2864343187850675
list:
dist: 2.2864343187850675 vs. 2.2864343187850675
--------
nle(id0,id1,dist): 92 106 2.440867439685238
list:
dist: 2.440867439685238 vs. 2.440867439685238
--------
nle(id0,id1,dist): 92 105 0.3720333881520342
list:
dist: 0.3720333881520342 vs. 0.3720333881520342
--------
nle(id0,id1,dist): 92 104 2.042107092029964
list:
dist: 2.042107092029964 vs. 2.042107092029964
--------
nle(id0,id1,dist): 92 103 1.7118422529106032
list:
dist: 1.7118422529106032 vs. 1.7118422529106032
--------
nle(id0,id1,dist): 92 102 1.2312631070564704
list:
dist: 1.2312631070564704 vs. 1.2312631070564704
--------
nle(id0,id1,dist): 92 101 1.0708180929346829
list:
dist: 1.0708180929346829 vs. 1.0708180929346829
--------
nle(id0,id1,dist): 92 115 4.466998198031189
list:
dist: 4.466998198031189 vs. 4.466998198031189
--------
nle(id0,id1,dist): 92 114 4.610481143518699
list:
dist: 4.610481143518699 vs. 4.610481143518699
--------
nle(id0,id1,dist): 92 113 3.7137350826010223
list:
dist: 3.7137350826010223 vs. 3.7137350826010223
--------
nle(id0,id1,dist): 92 112 4.20905384508525
list:
dist: 4.20905384508525 vs. 4.20905384508525
--------
nle(id0,id1,dist): 92 111 3.7188057006557824
list:
dist: 3.7188057006557824 vs. 3.7188057006557824
--------
nle(id0,id1,dist): 92 110 3.1526575840766586
list:
dist: 3.1526575840766586 vs. 3.1526575840766586
--------
nle(id0,id1,dist): 92 109 2.454468293188399
list:
dist: 2.454468293188399 vs. 2.454468293188399
--------
nle(id0,id1,dist): 97 101 1.3639151721679714
list:
dist: 1.3639151721679714 vs. 1.3639151721679714
--------
nle(id0,id1,dist): 97 100 2.6936295904471237
list:
dist: 2.6936295904471237 vs. 2.6936295904471237
--------
nle(id0,id1,dist): 97 103 0.9152355466990474
list:
dist: 0.9152355466990474 vs. 0.9152355466990474
--------
nle(id0,id1,dist): 97 102 1.4522874666128194
list:
dist: 1.4522874666128194 vs. 1.4522874666128194
--------
nle(id0,id1,dist): 97 105 2.337119338970135
list:
dist: 2.337119338970135 vs. 2.337119338970135
--------
nle(id0,id1,dist): 97 104 1.4073350057851133
list:
dist: 1.4073350057851133 vs. 1.4073350057851133
--------
nle(id0,id1,dist): 97 107 1.3980676875839808
list:
dist: 1.3980676875839808 vs. 1.3980676875839808
--------
nle(id0,id1,dist): 97 106 1.7570538171818217
list:
dist: 1.7570538171818217 vs. 1.7570538171818217
--------
nle(id0,id1,dist): 97 99 0.8923643878025297
list:
dist: 0.8923643878025297 vs. 0.8923643878025297
--------
nle(id0,id1,dist): 97 98 1.4920085454023149
list:
dist: 1.4920085454023149 vs. 1.4920085454023149
--------
nle(id0,id1,dist): 96 113 2.3131319464179714
list:
dist: 2.3131319464179714 vs. 2.3131319464179714
--------
nle(id0,id1,dist): 96 114 3.0390412465297465
list:
dist: 3.0390412465297465 vs. 3.0390412465297465
--------
nle(id0,id1,dist): 96 115 3.1636684390503502
list:
dist: 3.1636684390503502 vs. 3.1636684390503502
--------
nle(id0,id1,dist): 96 117 2.5634183861024935
list:
dist: 2.5634183861024935 vs. 2.5634183861024935
--------
nle(id0,id1,dist): 96 119 3.7097952325202916
list:
dist: 3.7097952325202916 vs. 3.7097952325202916
--------
nle(id0,id1,dist): 98 102 1.9623267756530896
list:
dist: 1.9623267756530896 vs. 1.9623267756530896
--------
nle(id0,id1,dist): 98 101 1.1613087453959368
list:
dist: 1.1613087453959368 vs. 1.1613087453959368
--------
nle(id0,id1,dist): 98 100 2.181815580546663
list:
dist: 2.181815580546663 vs. 2.181815580546663
--------
nle(id0,id1,dist): 98 99 2.278551087047748
list:
dist: 2.278551087047748 vs. 2.278551087047748
--------
nle(id0,id1,dist): 97 119 2.9402914561556375
list:
dist: 2.9402914561556375 vs. 2.9402914561556375
--------
nle(id0,id1,dist): 97 117 2.193331463477336
list:
dist: 2.193331463477336 vs. 2.193331463477336
--------
nle(id0,id1,dist): 97 110 2.0259911171341467
list:
dist: 2.0259911171341467 vs. 2.0259911171341467
--------
nle(id0,id1,dist): 97 111 1.7068229859295858
list:
dist: 1.7068229859295858 vs. 1.7068229859295858
--------
nle(id0,id1,dist): 97 108 0.9471178056559463
list:
dist: 0.9471178056559463 vs. 0.9471178056559463
--------
nle(id0,id1,dist): 97 109 0.9152177960731903
list:
dist: 0.9152177960731903 vs. 0.9152177960731903
--------
nle(id0,id1,dist): 97 114 2.4668176315691084
list:
dist: 2.4668176315691084 vs. 2.4668176315691084
--------
nle(id0,id1,dist): 97 115 2.5603640540522488
list:
dist: 2.5603640540522488 vs. 2.5603640540522488
--------
nle(id0,id1,dist): 97 112 2.310466410828716
list:
dist: 2.310466410828716 vs. 2.310466410828716
--------
nle(id0,id1,dist): 97 113 1.9989365198163542
list:
dist: 1.9989365198163542 vs. 1.9989365198163542
--------
nle(id0,id1,dist): 95 115 3.564673004763001
list:
dist: 3.564673004763001 vs. 3.564673004763001
--------
nle(id0,id1,dist): 95 114 3.5333757268319292
list:
dist: 3.5333757268319292 vs. 3.5333757268319292
--------
nle(id0,id1,dist): 95 117 2.933255984630885
list:
dist: 2.933255984630885 vs. 2.933255984630885
--------
nle(id0,id1,dist): 95 111 2.7708965265832104
list:
dist: 2.7708965265832104 vs. 2.7708965265832104
--------
nle(id0,id1,dist): 95 110 2.6584832592267538
list:
dist: 2.6584832592267538 vs. 2.6584832592267538
--------
nle(id0,id1,dist): 95 113 2.9459051490418218
list:
dist: 2.9459051490418218 vs. 2.9459051490418218
--------
nle(id0,id1,dist): 95 112 3.34268706227803
list:
dist: 3.34268706227803 vs. 3.34268706227803
--------
nle(id0,id1,dist): 95 107 1.6521362319880486
list:
dist: 1.6521362319880486 vs. 1.6521362319880486
--------
nle(id0,id1,dist): 95 106 2.1345590413275333
list:
dist: 2.1345590413275333 vs. 2.1345590413275333
--------
nle(id0,id1,dist): 95 109 1.3302625433390058
list:
dist: 1.3302625433390058 vs. 1.3302625433390058
--------
nle(id0,id1,dist): 95 108 1.9254146714165148
list:
dist: 1.9254146714165148 vs. 1.9254146714165148
--------
nle(id0,id1,dist): 95 103 1.0041775315608767
list:
dist: 1.0041775315608767 vs. 1.0041775315608767
--------
nle(id0,id1,dist): 95 102 0.6741930171718651
list:
dist: 0.6741930171718651 vs. 0.6741930171718651
--------
nle(id0,id1,dist): 95 105 1.3395610436754788
list:
dist: 1.3395610436754788 vs. 1.3395610436754788
--------
nle(id0,id1,dist): 95 104 1.6481753507446675
list:
dist: 1.6481753507446675 vs. 1.6481753507446675
--------
nle(id0,id1,dist): 95 98 1.5249917361003102
list:
dist: 1.5249917361003102 vs. 1.5249917361003102
--------
nle(id0,id1,dist): 95 99 1.4905582302521456
list:
dist: 1.4905582302521456 vs. 1.4905582302521456
--------
nle(id0,id1,dist): 95 100 1.8058899737979461
list:
dist: 1.8058899737979461 vs. 1.8058899737979461
--------
nle(id0,id1,dist): 95 101 0.8662926581739454
list:
dist: 0.8662926581739454 vs. 0.8662926581739454
--------
nle(id0,id1,dist): 95 96 1.2166517376298094
list:
dist: 1.2166517376298094 vs. 1.2166517376298094
--------
nle(id0,id1,dist): 95 97 1.081198045481129
list:
dist: 1.081198045481129 vs. 1.081198045481129
--------
nle(id0,id1,dist): 96 112 2.663307227590303
list:
dist: 2.663307227590303 vs. 2.663307227590303
--------
nle(id0,id1,dist): 96 111 2.1238697092557284
list:
dist: 2.1238697092557284 vs. 2.1238697092557284
--------
nle(id0,id1,dist): 96 110 2.2599924225256354
list:
dist: 2.2599924225256354 vs. 2.2599924225256354
--------
nle(id0,id1,dist): 96 109 1.8449852754700873
list:
dist: 1.8449852754700873 vs. 1.8449852754700873
--------
nle(id0,id1,dist): 96 108 1.2891556690774635
list:
dist: 1.2891556690774635 vs. 1.2891556690774635
--------
nle(id0,id1,dist): 96 107 2.077693148396839
list:
dist: 2.077693148396839 vs. 2.077693148396839
--------
nle(id0,id1,dist): 96 106 1.6004371766641687
list:
dist: 1.6004371766641687 vs. 1.6004371766641687
--------
nle(id0,id1,dist): 96 105 1.968955641071666
list:
dist: 1.968955641071666 vs. 1.968955641071666
--------
nle(id0,id1,dist): 96 104 1.592331696365645
list:
dist: 1.592331696365645 vs. 1.592331696365645
--------
nle(id0,id1,dist): 96 103 1.3950696444442034
list:
dist: 1.3950696444442034 vs. 1.3950696444442034
--------
nle(id0,id1,dist): 96 102 1.8259041050701696
list:
dist: 1.8259041050701696 vs. 1.8259041050701696
--------
nle(id0,id1,dist): 96 101 1.3827793133812867
list:
dist: 1.3827793133812867 vs. 1.3827793133812867
--------
nle(id0,id1,dist): 96 100 2.530909604920828
list:
dist: 2.530909604920828 vs. 2.530909604920828
--------
nle(id0,id1,dist): 96 99 1.885548828389813
list:
dist: 1.885548828389813 vs. 1.885548828389813
--------
nle(id0,id1,dist): 96 98 0.8407998757533364
list:
dist: 0.8407998757533364 vs. 0.8407998757533364
--------
nle(id0,id1,dist): 96 97 1.0018842113657325
list:
dist: 1.0018842113657325 vs. 1.0018842113657325
--------
nle(id0,id1,dist): 95 119 3.9026548283901703
list:
dist: 3.9026548283901703 vs. 3.9026548283901703
--------
nle(id0,id1,dist): 87 88 3.2480856480000373
list:
dist: 3.2480856480000373 vs. 3.2480856480000373
--------
nle(id0,id1,dist): 87 89 2.0336356551053036
list:
dist: 2.0336356551053036 vs. 2.0336356551053036
--------
nle(id0,id1,dist): 85 87 1.1879275421744397
list:
dist: 1.1879275421744397 vs. 1.1879275421744397
--------
nle(id0,id1,dist): 85 86 1.844570235194311
list:
dist: 1.844570235194311 vs. 1.844570235194311
--------
nle(id0,id1,dist): 85 88 2.6473773314323386
list:
dist: 2.6473773314323386 vs. 2.6473773314323386
--------
nle(id0,id1,dist): 85 89 1.631264194832443
list:
dist: 1.631264194832443 vs. 1.631264194832443
--------
nle(id0,id1,dist): 86 87 1.473017604330649
list:
dist: 1.473017604330649 vs. 1.473017604330649
--------
nle(id0,id1,dist): 86 88 2.349802720529495
list:
dist: 2.349802720529495 vs. 2.349802720529495
--------
nle(id0,id1,dist): 86 89 1.3196944597493474
list:
dist: 1.3196944597493474 vs. 1.3196944597493474
--------
nle(id0,id1,dist): 90 93 0.6365022525191234
list:
dist: 0.6365022525191234 vs. 0.6365022525191234
--------
nle(id0,id1,dist): 90 94 1.7591734378705712
list:
dist: 1.7591734378705712 vs. 1.7591734378705712
--------
nle(id0,id1,dist): 90 91 0.9576623643619837
list:
dist: 0.9576623643619837 vs. 0.9576623643619837
--------
nle(id0,id1,dist): 90 92 0.8321019646167173
list:
dist: 0.8321019646167173 vs. 0.8321019646167173
--------
nle(id0,id1,dist): 90 106 2.6222361530258445
list:
dist: 2.6222361530258445 vs. 2.6222361530258445
--------
nle(id0,id1,dist): 90 105 0.8112284353958451
list:
dist: 0.8112284353958451 vs. 0.8112284353958451
--------
nle(id0,id1,dist): 90 104 2.4015673197207983
list:
dist: 2.4015673197207983 vs. 2.4015673197207983
--------
nle(id0,id1,dist): 90 103 2.310243041736033
list:
dist: 2.310243041736033 vs. 2.310243041736033
--------
nle(id0,id1,dist): 90 110 3.4327990937956114
list:
dist: 3.4327990937956114 vs. 3.4327990937956114
--------
nle(id0,id1,dist): 90 108 3.2896759440869787
list:
dist: 3.2896759440869787 vs. 3.2896759440869787
--------
nle(id0,id1,dist): 90 107 2.8568341253504608
list:
dist: 2.8568341253504608 vs. 2.8568341253504608
--------
nle(id0,id1,dist): 90 98 1.9467712770904815
list:
dist: 1.9467712770904815 vs. 1.9467712770904815
--------
nle(id0,id1,dist): 90 97 2.797958327482029
list:
dist: 2.797958327482029 vs. 2.797958327482029
--------
nle(id0,id1,dist): 90 96 2.32496785300372
list:
dist: 2.32496785300372 vs. 2.32496785300372
--------
nle(id0,id1,dist): 90 95 1.9382178032926758
list:
dist: 1.9382178032926758 vs. 1.9382178032926758
--------
nle(id0,id1,dist): 90 102 2.0251232354302284
list:
dist: 2.0251232354302284 vs. 2.0251232354302284
--------
nle(id0,id1,dist): 90 101 1.6133666269131048
list:
dist: 1.6133666269131048 vs. 1.6133666269131048
--------
nle(id0,id1,dist): 90 100 0.8530943887299359
list:
dist: 0.8530943887299359 vs. 0.8530943887299359
--------
nle(id0,id1,dist): 90 113 4.097976483668875
list:
dist: 4.097976483668875 vs. 4.097976483668875
--------
nle(id0,id1,dist): 90 117 3.857931602626622
list:
dist: 3.857931602626622 vs. 3.857931602626622
--------
nle(id0,id1,dist): 91 99 2.5800442602546743
list:
dist: 2.5800442602546743 vs. 2.5800442602546743
--------
nle(id0,id1,dist): 91 98 1.207094024659564
list:
dist: 1.207094024659564 vs. 1.207094024659564
--------
nle(id0,id1,dist): 91 101 1.0744552399494858
list:
dist: 1.0744552399494858 vs. 1.0744552399494858
--------
nle(id0,id1,dist): 91 100 1.3422316609952398
list:
dist: 1.3422316609952398 vs. 1.3422316609952398
--------
nle(id0,id1,dist): 91 103 1.6825466173598362
list:
dist: 1.6825466173598362 vs. 1.6825466173598362
--------
nle(id0,id1,dist): 91 102 1.5546156322036024
list:
dist: 1.5546156322036024 vs. 1.5546156322036024
--------
nle(id0,id1,dist): 91 105 0.7129492848093599
list:
dist: 0.7129492848093599 vs. 0.7129492848093599
--------
nle(id0,id1,dist): 91 104 1.8820260197017586
list:
dist: 1.8820260197017586 vs. 1.8820260197017586
--------
nle(id0,id1,dist): 91 93 1.1501564331146485
list:
dist: 1.1501564331146485 vs. 1.1501564331146485
--------
nle(id0,id1,dist): 91 92 0.697264726788428
list:
dist: 0.697264726788428 vs. 0.697264726788428
--------
nle(id0,id1,dist): 91 95 1.1921978183703439
list:
dist: 1.1921978183703439 vs. 1.1921978183703439
--------
nle(id0,id1,dist): 91 94 1.2423735043332862
list:
dist: 1.2423735043332862 vs. 1.2423735043332862
--------
nle(id0,id1,dist): 91 97 1.945168009554945
list:
dist: 1.945168009554945 vs. 1.945168009554945
--------
nle(id0,id1,dist): 91 96 1.387901146428293
list:
dist: 1.387901146428293 vs. 1.387901146428293
--------
nle(id0,id1,dist): 88 89 1.2313789944003555
list:
dist: 1.2313789944003555 vs. 1.2313789944003555
--------
nle(id0,id1,dist): 81 82 2.8660272886910674
list:
dist: 2.8660272886910674 vs. 2.8660272886910674
--------
nle(id0,id1,dist): 81 83 2.9239440606627354
list:
dist: 2.9239440606627354 vs. 2.9239440606627354
--------
nle(id0,id1,dist): 81 86 3.2078729975890807
list:
dist: 3.2078729975890807 vs. 3.2078729975890807
--------
nle(id0,id1,dist): 81 87 2.7266657714024127
list:
dist: 2.7266657714024127 vs. 2.7266657714024127
--------
nle(id0,id1,dist): 81 84 1.771641626183694
list:
dist: 1.771641626183694 vs. 1.771641626183694
--------
nle(id0,id1,dist): 81 85 3.0574720371595734
list:
dist: 3.0574720371595734 vs. 3.0574720371595734
--------
nle(id0,id1,dist): 80 85 1.882407047096289
list:
dist: 1.882407047096289 vs. 1.882407047096289
--------
nle(id0,id1,dist): 80 88 3.3467267304465182
list:
dist: 3.3467267304465182 vs. 3.3467267304465182
--------
nle(id0,id1,dist): 80 82 1.6126620614037974
list:
dist: 1.6126620614037974 vs. 1.6126620614037974
--------
nle(id0,id1,dist): 80 83 2.3778328528775727
list:
dist: 2.3778328528775727 vs. 2.3778328528775727
--------
nle(id0,id1,dist): 80 84 2.565971687128448
list:
dist: 2.565971687128448 vs. 2.565971687128448
--------
nle(id0,id1,dist): 80 89 2.923403052852944
list:
dist: 2.923403052852944 vs. 2.923403052852944
--------
nle(id0,id1,dist): 79 86 2.7981827166655537
list:
dist: 2.7981827166655537 vs. 2.7981827166655537
--------
nle(id0,id1,dist): 79 87 1.8365921360291828
list:
dist: 1.8365921360291828 vs. 1.8365921360291828
--------
nle(id0,id1,dist): 79 81 1.886882441574088
list:
dist: 1.886882441574088 vs. 1.886882441574088
--------
nle(id0,id1,dist): 79 85 2.766371847673114
list:
dist: 2.766371847673114 vs. 2.766371847673114
--------
nle(id0,id1,dist): 79 84 1.780036983542697
list:
dist: 1.780036983542697 vs. 1.780036983542697
--------
nle(id0,id1,dist): 79 83 2.1814491086078074
list:
dist: 2.1814491086078074 vs. 2.1814491086078074
--------
nle(id0,id1,dist): 79 82 2.7606792475519644
list:
dist: 2.7606792475519644 vs. 2.7606792475519644
--------
nle(id0,id1,dist): 78 91 4.5365360614794445
list:
dist: 4.5365360614794445 vs. 4.5365360614794445
--------
nle(id0,id1,dist): 78 92 5.126153031985458
list:
dist: 5.126153031985458 vs. 5.126153031985458
--------
nle(id0,id1,dist): 78 94 4.525222147079273
list:
dist: 4.525222147079273 vs. 4.525222147079273
--------
nle(id0,id1,dist): 78 95 4.6808693856273935
list:
dist: 4.6808693856273935 vs. 4.6808693856273935
--------
nle(id0,id1,dist): 78 96 3.764039802291537
list:
dist: 3.764039802291537 vs. 3.764039802291537
--------
nle(id0,id1,dist): 78 98 4.257778314332143
list:
dist: 4.257778314332143 vs. 4.257778314332143
--------
nle(id0,id1,dist): 78 105 4.957940782373376
list:
dist: 4.957940782373376 vs. 4.957940782373376
--------
nle(id0,id1,dist): 78 106 4.930806886996555
list:
dist: 4.930806886996555 vs. 4.930806886996555
--------
nle(id0,id1,dist): 78 80 2.6145296659658244
list:
dist: 2.6145296659658244 vs. 2.6145296659658244
--------
nle(id0,id1,dist): 78 79 1.7317375753781394
list:
dist: 1.7317375753781394 vs. 1.7317375753781394
--------
nle(id0,id1,dist): 78 82 1.0932573808367019
list:
dist: 1.0932573808367019 vs. 1.0932573808367019
--------
nle(id0,id1,dist): 78 81 2.40365321208111
list:
dist: 2.40365321208111 vs. 2.40365321208111
--------
nle(id0,id1,dist): 78 84 0.7752082375056227
list:
dist: 0.7752082375056227 vs. 0.7752082375056227
--------
nle(id0,id1,dist): 78 83 0.535017723562469
list:
dist: 0.535017723562469 vs. 0.535017723562469
--------
nle(id0,id1,dist): 78 86 2.0306375583934697
list:
dist: 2.0306375583934697 vs. 2.0306375583934697
--------
nle(id0,id1,dist): 78 85 1.0818977815085198
list:
dist: 1.0818977815085198 vs. 1.0818977815085198
--------
nle(id0,id1,dist): 78 87 0.7088220248930357
list:
dist: 0.7088220248930357 vs. 0.7088220248930357
--------
nle(id0,id1,dist): 84 87 1.283374288601927
list:
dist: 1.283374288601927 vs. 1.283374288601927
--------
nle(id0,id1,dist): 84 85 1.3364411380289458
list:
dist: 1.3364411380289458 vs. 1.3364411380289458
--------
nle(id0,id1,dist): 84 86 2.1909518481671557
list:
dist: 2.1909518481671557 vs. 2.1909518481671557
--------
nle(id0,id1,dist): 83 106 4.493601519784035
list:
dist: 4.493601519784035 vs. 4.493601519784035
--------
nle(id0,id1,dist): 83 105 4.7018191010138155
list:
dist: 4.7018191010138155 vs. 4.7018191010138155
--------
nle(id0,id1,dist): 83 98 3.859472649644647
list:
dist: 3.859472649644647 vs. 3.859472649644647
--------
nle(id0,id1,dist): 83 94 4.1078530644150355
list:
dist: 4.1078530644150355 vs. 4.1078530644150355
--------
nle(id0,id1,dist): 83 95 4.421614219377622
list:
dist: 4.421614219377622 vs. 4.421614219377622
--------
nle(id0,id1,dist): 83 96 3.4263867595941724
list:
dist: 3.4263867595941724 vs. 3.4263867595941724
--------
nle(id0,id1,dist): 83 91 4.227363749396274
list:
dist: 4.227363749396274 vs. 4.227363749396274
--------
nle(id0,id1,dist): 83 92 4.848720426781263
list:
dist: 4.848720426781263 vs. 4.848720426781263
--------
nle(id0,id1,dist): 83 86 2.11009318166948
list:
dist: 2.11009318166948 vs. 2.11009318166948
--------
nle(id0,id1,dist): 83 87 0.81099266677728
list:
dist: 0.81099266677728 vs. 0.81099266677728
--------
nle(id0,id1,dist): 83 88 3.383015291343201
list:
dist: 3.383015291343201 vs. 3.383015291343201
--------
nle(id0,id1,dist): 83 89 2.246707398934669
list:
dist: 2.246707398934669 vs. 2.246707398934669
--------
nle(id0,id1,dist): 83 84 1.217403681171935
list:
dist: 1.217403681171935 vs. 1.217403681171935
--------
nle(id0,id1,dist): 83 85 0.8606655990434421
list:
dist: 0.8606655990434421 vs. 0.8606655990434421
--------
nle(id0,id1,dist): 82 89 2.008880467057972
list:
dist: 2.008880467057972 vs. 2.008880467057972
--------
nle(id0,id1,dist): 82 87 1.4336743655755315
list:
dist: 1.4336743655755315 vs. 1.4336743655755315
--------
nle(id0,id1,dist): 82 88 2.9345267783596913
list:
dist: 2.9345267783596913 vs. 2.9345267783596913
--------
nle(id0,id1,dist): 82 84 1.155053049605812
list:
dist: 1.155053049605812 vs. 1.155053049605812
--------
nle(id0,id1,dist): 82 83 0.9694839754940346
list:
dist: 0.9694839754940346 vs. 0.9694839754940346
--------
nle(id0,id1,dist): 82 86 2.1825238470964514
list:
dist: 2.1825238470964514 vs. 2.1825238470964514
--------
nle(id0,id1,dist): 82 85 0.44977095417973106
list:
dist: 0.44977095417973106 vs. 0.44977095417973106
--------
nle(id0,id1,dist): 74 75 1.0163181506776158
list:
dist: 1.0163181506776158 vs. 1.0163181506776158
--------
nle(id0,id1,dist): 74 78 1.3557705202751587
list:
dist: 1.3557705202751587 vs. 1.3557705202751587
--------
nle(id0,id1,dist): 74 77 1.7214029522504444
list:
dist: 1.7214029522504444 vs. 1.7214029522504444
--------
nle(id0,id1,dist): 74 83 1.7088639211433443
list:
dist: 1.7088639211433443 vs. 1.7088639211433443
--------
nle(id0,id1,dist): 74 84 0.6798046852095967
list:
dist: 0.6798046852095967 vs. 0.6798046852095967
--------
nle(id0,id1,dist): 74 85 1.4709926983449673
list:
dist: 1.4709926983449673 vs. 1.4709926983449673
--------
nle(id0,id1,dist): 74 86 2.1347035262155107
list:
dist: 2.1347035262155107 vs. 2.1347035262155107
--------
nle(id0,id1,dist): 74 79 2.270717309084111
list:
dist: 2.270717309084111 vs. 2.270717309084111
--------
nle(id0,id1,dist): 74 81 1.7177778646126458
list:
dist: 1.7177778646126458 vs. 1.7177778646126458
--------
nle(id0,id1,dist): 74 82 1.2697179312867475
list:
dist: 1.2697179312867475 vs. 1.2697179312867475
--------
nle(id0,id1,dist): 74 87 1.6932245147548548
list:
dist: 1.6932245147548548 vs. 1.6932245147548548
--------
nle(id0,id1,dist): 74 88 3.4069408783426067
list:
dist: 3.4069408783426067 vs. 3.4069408783426067
--------
nle(id0,id1,dist): 74 89 2.5300383978368437
list:
dist: 2.5300383978368437 vs. 2.5300383978368437
--------
nle(id0,id1,dist): 73 75 0.5843525445470433
list:
dist: 0.5843525445470433 vs. 0.5843525445470433
--------
nle(id0,id1,dist): 73 74 1.5724563471792696
list:
dist: 1.5724563471792696 vs. 1.5724563471792696
--------
nle(id0,id1,dist): 73 83 1.389517807032192
list:
dist: 1.389517807032192 vs. 1.389517807032192
--------
nle(id0,id1,dist): 73 82 1.6690862426561834
list:
dist: 1.6690862426561834 vs. 1.6690862426561834
--------
nle(id0,id1,dist): 73 81 2.027736909699583
list:
dist: 2.027736909699583 vs. 2.027736909699583
--------
nle(id0,id1,dist): 73 80 2.7977996387124375
list:
dist: 2.7977996387124375 vs. 2.7977996387124375
--------
nle(id0,id1,dist): 73 79 1.6345612737456812
list:
dist: 1.6345612737456812 vs. 1.6345612737456812
--------
nle(id0,id1,dist): 73 78 1.0524093431315937
list:
dist: 1.0524093431315937 vs. 1.0524093431315937
--------
nle(id0,id1,dist): 73 77 2.0147063904390397
list:
dist: 2.0147063904390397 vs. 2.0147063904390397
--------
nle(id0,id1,dist): 73 76 1.5109532655310485
list:
dist: 1.5109532655310485 vs. 1.5109532655310485
--------
nle(id0,id1,dist): 73 86 2.9825562939875656
list:
dist: 2.9825562939875656 vs. 2.9825562939875656
--------
nle(id0,id1,dist): 73 87 1.716451018937622
list:
dist: 1.716451018937622 vs. 1.716451018937622
--------
nle(id0,id1,dist): 73 84 0.9652668111836791
list:
dist: 0.9652668111836791 vs. 0.9652668111836791
--------
nle(id0,id1,dist): 73 85 1.899781387826516
list:
dist: 1.899781387826516 vs. 1.899781387826516
--------
nle(id0,id1,dist): 72 74 1.9855948580046854
list:
dist: 1.9855948580046854 vs. 1.9855948580046854
--------
nle(id0,id1,dist): 72 73 1.982449699428717
list:
dist: 1.982449699428717 vs. 1.982449699428717
--------
nle(id0,id1,dist): 72 76 2.0066380357835327
list:
dist: 2.0066380357835327 vs. 2.0066380357835327
--------
nle(id0,id1,dist): 72 75 1.9515841953548625
list:
dist: 1.9515841953548625 vs. 1.9515841953548625
--------
nle(id0,id1,dist): 72 78 2.542868642707653
list:
dist: 2.542868642707653 vs. 2.542868642707653
--------
nle(id0,id1,dist): 72 77 3.381620182396778
list:
dist: 3.381620182396778 vs. 3.381620182396778
--------
nle(id0,id1,dist): 72 80 2.0930845377384615
list:
dist: 2.0930845377384615 vs. 2.0930845377384615
--------
nle(id0,id1,dist): 72 79 3.4360287933648594
list:
dist: 3.4360287933648594 vs. 3.4360287933648594
--------
nle(id0,id1,dist): 72 82 2.1421194450537255
list:
dist: 2.1421194450537255 vs. 2.1421194450537255
--------
nle(id0,id1,dist): 72 81 2.644722484280115
list:
dist: 2.644722484280115 vs. 2.644722484280115
--------
nle(id0,id1,dist): 72 84 2.0434023279188676
list:
dist: 2.0434023279188676 vs. 2.0434023279188676
--------
nle(id0,id1,dist): 72 83 2.7010457178246527
list:
dist: 2.7010457178246527 vs. 2.7010457178246527
--------
nle(id0,id1,dist): 72 86 4.013505390692265
list:
dist: 4.013505390692265 vs. 4.013505390692265
--------
nle(id0,id1,dist): 72 85 2.589075921206185
list:
dist: 2.589075921206185 vs. 2.589075921206185
--------
nle(id0,id1,dist): 72 87 3.1921624827937443
list:
dist: 3.1921624827937443 vs. 3.1921624827937443
--------
nle(id0,id1,dist): 71 80 2.3032119634890793
list:
dist: 2.3032119634890793 vs. 2.3032119634890793
--------
nle(id0,id1,dist): 71 78 3.532328636398545
list:
dist: 3.532328636398545 vs. 3.532328636398545
--------
nle(id0,id1,dist): 71 85 3.4820045506305357
list:
dist: 3.4820045506305357 vs. 3.4820045506305357
--------
nle(id0,id1,dist): 71 84 3.3006918266805116
list:
dist: 3.3006918266805116 vs. 3.3006918266805116
--------
nle(id0,id1,dist): 71 83 3.4999582469254062
list:
dist: 3.4999582469254062 vs. 3.4999582469254062
--------
nle(id0,id1,dist): 71 82 3.063339469321601
list:
dist: 3.063339469321601 vs. 3.063339469321601
--------
nle(id0,id1,dist): 77 84 1.5599544270600083
list:
dist: 1.5599544270600083 vs. 1.5599544270600083
--------
nle(id0,id1,dist): 77 85 2.5177875508124385
list:
dist: 2.5177875508124385 vs. 2.5177875508124385
--------
nle(id0,id1,dist): 77 86 2.0868240035463614
list:
dist: 2.0868240035463614 vs. 2.0868240035463614
--------
nle(id0,id1,dist): 77 87 1.726472471586619
list:
dist: 1.726472471586619 vs. 1.726472471586619
--------
nle(id0,id1,dist): 77 81 1.4662197569639057
list:
dist: 1.4662197569639057 vs. 1.4662197569639057
--------
nle(id0,id1,dist): 77 82 2.5473734513319406
list:
dist: 2.5473734513319406 vs. 2.5473734513319406
--------
nle(id0,id1,dist): 77 83 2.2760723600484876
list:
dist: 2.2760723600484876 vs. 2.2760723600484876
--------
nle(id0,id1,dist): 77 79 1.1395085429088745
list:
dist: 1.1395085429088745 vs. 1.1395085429088745
--------
nle(id0,id1,dist): 77 78 1.7833451418282285
list:
dist: 1.7833451418282285 vs. 1.7833451418282285
--------
nle(id0,id1,dist): 76 78 2.5439610029532767
list:
dist: 2.5439610029532767 vs. 2.5439610029532767
--------
nle(id0,id1,dist): 76 77 3.2269862966968494
list:
dist: 3.2269862966968494 vs. 3.2269862966968494
--------
nle(id0,id1,dist): 76 79 2.625714439199417
list:
dist: 2.625714439199417 vs. 2.625714439199417
--------
nle(id0,id1,dist): 76 81 2.661068317827878
list:
dist: 2.661068317827878 vs. 2.661068317827878
--------
nle(id0,id1,dist): 76 84 2.3577440429546357
list:
dist: 2.3577440429546357 vs. 2.3577440429546357
--------
nle(id0,id1,dist): 75 85 1.4935435596282662
list:
dist: 1.4935435596282662 vs. 1.4935435596282662
--------
nle(id0,id1,dist): 75 84 0.38227803741861494
list:
dist: 0.38227803741861494 vs. 0.38227803741861494
--------
nle(id0,id1,dist): 75 83 1.184105963261215
list:
dist: 1.184105963261215 vs. 1.184105963261215
--------
nle(id0,id1,dist): 75 82 1.2770093272453036
list:
dist: 1.2770093272453036 vs. 1.2770093272453036
--------
nle(id0,id1,dist): 75 87 1.3906043516057547
list:
dist: 1.3906043516057547 vs. 1.3906043516057547
--------
nle(id0,id1,dist): 75 86 2.4903329844077646
list:
dist: 2.4903329844077646 vs. 2.4903329844077646
--------
nle(id0,id1,dist): 75 77 1.7105530816358392
list:
dist: 1.7105530816358392 vs. 1.7105530816358392
--------
nle(id0,id1,dist): 75 76 2.010618572441511
list:
dist: 2.010618572441511 vs. 2.010618572441511
--------
nle(id0,id1,dist): 75 81 1.8375244491651712
list:
dist: 1.8375244491651712 vs. 1.8375244491651712
--------
nle(id0,id1,dist): 75 80 2.593798646910858
list:
dist: 2.593798646910858 vs. 2.593798646910858
--------
nle(id0,id1,dist): 75 79 1.6796630608521628
list:
dist: 1.6796630608521628 vs. 1.6796630608521628
--------
nle(id0,id1,dist): 75 78 0.7532403812454006
list:
dist: 0.7532403812454006 vs. 0.7532403812454006
--------
nle(id0,id1,dist): 120 148 4.284393131964121
list:
dist: 4.284393131964121 vs. 4.284393131964121
--------
nle(id0,id1,dist): 120 149 3.904138383862414
list:
dist: 3.904138383862414 vs. 3.904138383862414
--------
nle(id0,id1,dist): 120 138 3.3185079152595667
list:
dist: 3.3185079152595667 vs. 3.3185079152595667
--------
nle(id0,id1,dist): 120 139 2.7820273629167107
list:
dist: 2.7820273629167107 vs. 2.7820273629167107
--------
nle(id0,id1,dist): 120 140 2.7836974061271373
list:
dist: 2.7836974061271373 vs. 2.7836974061271373
--------
nle(id0,id1,dist): 120 142 3.05660092501401
list:
dist: 3.05660092501401 vs. 3.05660092501401
--------
nle(id0,id1,dist): 120 143 2.241367594564863
list:
dist: 2.241367594564863 vs. 2.241367594564863
--------
nle(id0,id1,dist): 120 144 4.071201973920806
list:
dist: 4.071201973920806 vs. 4.071201973920806
--------
nle(id0,id1,dist): 120 130 2.9545131074341846
list:
dist: 2.9545131074341846 vs. 2.9545131074341846
--------
nle(id0,id1,dist): 120 129 2.854274585011159
list:
dist: 2.854274585011159 vs. 2.854274585011159
--------
nle(id0,id1,dist): 120 132 1.391822925983809
list:
dist: 1.391822925983809 vs. 1.391822925983809
--------
nle(id0,id1,dist): 120 131 2.249651239926593
list:
dist: 2.249651239926593 vs. 2.249651239926593
--------
nle(id0,id1,dist): 120 134 2.470331129764213
list:
dist: 2.470331129764213 vs. 2.470331129764213
--------
nle(id0,id1,dist): 120 133 3.350113069470884
list:
dist: 3.350113069470884 vs. 3.350113069470884
--------
nle(id0,id1,dist): 120 122 2.6862775787857474
list:
dist: 2.6862775787857474 vs. 2.6862775787857474
--------
nle(id0,id1,dist): 120 121 1.3769020592689725
list:
dist: 1.3769020592689725 vs. 1.3769020592689725
--------
nle(id0,id1,dist): 120 124 1.0850417113253545
list:
dist: 1.0850417113253545 vs. 1.0850417113253545
--------
nle(id0,id1,dist): 120 123 2.169970498566545
list:
dist: 2.169970498566545 vs. 2.169970498566545
--------
nle(id0,id1,dist): 120 126 3.506834474129824
list:
dist: 3.506834474129824 vs. 3.506834474129824
--------
nle(id0,id1,dist): 120 125 1.999317542663413
list:
dist: 1.999317542663413 vs. 1.999317542663413
--------
nle(id0,id1,dist): 120 128 3.2935835752109393
list:
dist: 3.2935835752109393 vs. 3.2935835752109393
--------
nle(id0,id1,dist): 120 127 2.053229168832313
list:
dist: 2.053229168832313 vs. 2.053229168832313
--------
nle(id0,id1,dist): 121 142 3.446349628116081
list:
dist: 3.446349628116081 vs. 3.446349628116081
--------
nle(id0,id1,dist): 121 143 3.123848604725555
list:
dist: 3.123848604725555 vs. 3.123848604725555
--------
nle(id0,id1,dist): 121 140 3.1958516869525964
list:
dist: 3.1958516869525964 vs. 3.1958516869525964
--------
nle(id0,id1,dist): 121 144 3.8009723802340623
list:
dist: 3.8009723802340623 vs. 3.8009723802340623
--------
nle(id0,id1,dist): 121 132 1.6521996347777497
list:
dist: 1.6521996347777497 vs. 1.6521996347777497
--------
nle(id0,id1,dist): 121 133 3.0314287017663712
list:
dist: 3.0314287017663712 vs. 3.0314287017663712
--------
nle(id0,id1,dist): 121 138 3.698015458633935
list:
dist: 3.698015458633935 vs. 3.698015458633935
--------
nle(id0,id1,dist): 121 127 2.255648546462698
list:
dist: 2.255648546462698 vs. 2.255648546462698
--------
nle(id0,id1,dist): 121 126 3.0958513097612763
list:
dist: 3.0958513097612763 vs. 3.0958513097612763
--------
nle(id0,id1,dist): 121 125 3.0170991392280273
list:
dist: 3.0170991392280273 vs. 3.0170991392280273
--------
nle(id0,id1,dist): 121 124 1.1143401337951349
list:
dist: 1.1143401337951349 vs. 1.1143401337951349
--------
nle(id0,id1,dist): 121 131 2.7168281195980097
list:
dist: 2.7168281195980097 vs. 2.7168281195980097
--------
nle(id0,id1,dist): 121 130 3.156586878963985
list:
dist: 3.156586878963985 vs. 3.156586878963985
--------
nle(id0,id1,dist): 121 129 3.679054216130276
list:
dist: 3.679054216130276 vs. 3.679054216130276
--------
nle(id0,id1,dist): 121 123 1.5771499420417345
list:
dist: 1.5771499420417345 vs. 1.5771499420417345
--------
nle(id0,id1,dist): 121 122 2.454964980231251
list:
dist: 2.454964980231251 vs. 2.454964980231251
--------
nle(id0,id1,dist): 122 132 1.5650260045970343
list:
dist: 1.5650260045970343 vs. 1.5650260045970343
--------
nle(id0,id1,dist): 122 131 1.386905009775766
list:
dist: 1.386905009775766 vs. 1.386905009775766
--------
nle(id0,id1,dist): 122 133 1.4986224334868523
list:
dist: 1.4986224334868523 vs. 1.4986224334868523
--------
nle(id0,id1,dist): 122 128 2.590820648018421
list:
dist: 2.590820648018421 vs. 2.590820648018421
--------
nle(id0,id1,dist): 122 127 0.860001781214182
list:
dist: 0.860001781214182 vs. 0.860001781214182
--------
nle(id0,id1,dist): 122 130 2.1039992524027857
list:
dist: 2.1039992524027857 vs. 2.1039992524027857
--------
nle(id0,id1,dist): 122 129 2.433572467647144
list:
dist: 2.433572467647144 vs. 2.433572467647144
--------
nle(id0,id1,dist): 122 140 1.689165637194471
list:
dist: 1.689165637194471 vs. 1.689165637194471
--------
nle(id0,id1,dist): 122 139 2.6794502224270507
list:
dist: 2.6794502224270507 vs. 2.6794502224270507
--------
nle(id0,id1,dist): 122 142 1.8463555511031797
list:
dist: 1.8463555511031797 vs. 1.8463555511031797
--------
nle(id0,id1,dist): 122 136 2.295440246964048
list:
dist: 2.295440246964048 vs. 2.295440246964048
--------
nle(id0,id1,dist): 122 135 1.5628506446348718
list:
dist: 1.5628506446348718 vs. 1.5628506446348718
--------
nle(id0,id1,dist): 122 138 1.8174314387617339
list:
dist: 1.8174314387617339 vs. 1.8174314387617339
--------
nle(id0,id1,dist): 122 137 2.831232190955389
list:
dist: 2.831232190955389 vs. 2.831232190955389
--------
nle(id0,id1,dist): 122 123 1.3806729166050995
list:
dist: 1.3806729166050995 vs. 1.3806729166050995
--------
nle(id0,id1,dist): 122 124 1.73409457110369
list:
dist: 1.73409457110369 vs. 1.73409457110369
--------
nle(id0,id1,dist): 122 125 2.4399597114587475
list:
dist: 2.4399597114587475 vs. 2.4399597114587475
--------
nle(id0,id1,dist): 122 126 0.8464781963821433
list:
dist: 0.8464781963821433 vs. 0.8464781963821433
--------
nle(id0,id1,dist): 123 129 3.239598467578148
list:
dist: 3.239598467578148 vs. 3.239598467578148
--------
nle(id0,id1,dist): 123 128 3.247143801292703
list:
dist: 3.247143801292703 vs. 3.247143801292703
--------
nle(id0,id1,dist): 123 127 1.530428382420681
list:
dist: 1.530428382420681 vs. 1.530428382420681
--------
nle(id0,id1,dist): 123 126 1.9030066109633303
list:
dist: 1.9030066109633303 vs. 1.9030066109633303
--------
nle(id0,id1,dist): 123 125 2.734215445829858
list:
dist: 2.734215445829858 vs. 2.734215445829858
--------
nle(id0,id1,dist): 123 124 1.4857096323387236
list:
dist: 1.4857096323387236 vs. 1.4857096323387236
--------
nle(id0,id1,dist): 123 133 2.5803128431571447
list:
dist: 2.5803128431571447 vs. 2.5803128431571447
--------
nle(id0,id1,dist): 123 132 1.771928094483386
list:
dist: 1.771928094483386 vs. 1.771928094483386
--------
nle(id0,id1,dist): 123 131 2.237166115589809
list:
dist: 2.237166115589809 vs. 2.237166115589809
--------
nle(id0,id1,dist): 123 130 3.089328354072041
list:
dist: 3.089328354072041 vs. 3.089328354072041
--------
nle(id0,id1,dist): 122 149 3.0653837157572776
list:
dist: 3.0653837157572776 vs. 3.0653837157572776
--------
nle(id0,id1,dist): 122 147 3.7812178093045437
list:
dist: 3.7812178093045437 vs. 3.7812178093045437
--------
nle(id0,id1,dist): 122 148 3.0360730666097386
list:
dist: 3.0360730666097386 vs. 3.0360730666097386
--------
nle(id0,id1,dist): 122 145 2.8587327892548715
list:
dist: 2.8587327892548715 vs. 2.8587327892548715
--------
nle(id0,id1,dist): 122 146 2.9501497884824035
list:
dist: 2.9501497884824035 vs. 2.9501497884824035
--------
nle(id0,id1,dist): 122 143 2.433452245711237
list:
dist: 2.433452245711237 vs. 2.433452245711237
--------
nle(id0,id1,dist): 122 144 1.4584767921500665
list:
dist: 1.4584767921500665 vs. 1.4584767921500665
--------
nle(id0,id1,dist): 124 126 2.5132904201933894
list:
dist: 2.5132904201933894 vs. 2.5132904201933894
--------
nle(id0,id1,dist): 124 125 2.0683493372131414
list:
dist: 2.0683493372131414 vs. 2.0683493372131414
--------
nle(id0,id1,dist): 124 127 1.2879395602851467
list:
dist: 1.2879395602851467 vs. 1.2879395602851467
--------
nle(id0,id1,dist): 124 130 2.1922713916815275
list:
dist: 2.1922713916815275 vs. 2.1922713916815275
--------
nle(id0,id1,dist): 124 129 2.5901402328805037
list:
dist: 2.5901402328805037 vs. 2.5901402328805037
--------
nle(id0,id1,dist): 124 132 0.553403719400639
list:
dist: 0.553403719400639 vs. 0.553403719400639
--------
nle(id0,id1,dist): 124 131 1.6253082126007603
list:
dist: 1.6253082126007603 vs. 1.6253082126007603
--------
nle(id0,id1,dist): 123 138 3.040850361873412
list:
dist: 3.040850361873412 vs. 3.040850361873412
--------
nle(id0,id1,dist): 123 139 3.2350313019191153
list:
dist: 3.2350313019191153 vs. 3.2350313019191153
--------
nle(id0,id1,dist): 123 140 2.7674918327645686
list:
dist: 2.7674918327645686 vs. 2.7674918327645686
--------
nle(id0,id1,dist): 123 142 2.9964884498744557
list:
dist: 2.9964884498744557 vs. 2.9964884498744557
--------
nle(id0,id1,dist): 123 143 3.0688493058895143
list:
dist: 3.0688493058895143 vs. 3.0688493058895143
--------
nle(id0,id1,dist): 123 144 2.7236463379676534
list:
dist: 2.7236463379676534 vs. 2.7236463379676534
--------
nle(id0,id1,dist): 123 148 4.100971118899022
list:
dist: 4.100971118899022 vs. 4.100971118899022
--------
nle(id0,id1,dist): 123 149 4.095317172291021
list:
dist: 4.095317172291021 vs. 4.095317172291021
--------
nle(id0,id1,dist): 125 127 1.6066234357102454
list:
dist: 1.6066234357102454 vs. 1.6066234357102454
--------
nle(id0,id1,dist): 125 126 3.2049506247938173
list:
dist: 3.2049506247938173 vs. 3.2049506247938173
--------
nle(id0,id1,dist): 124 133 2.3120466550348597
list:
dist: 2.3120466550348597 vs. 2.3120466550348597
--------
nle(id0,id1,dist): 124 134 2.5498882173563504
list:
dist: 2.5498882173563504 vs. 2.5498882173563504
--------
nle(id0,id1,dist): 124 140 2.107400002666162
list:
dist: 2.107400002666162 vs. 2.107400002666162
--------
nle(id0,id1,dist): 124 138 2.630480936132388
list:
dist: 2.630480936132388 vs. 2.630480936132388
--------
nle(id0,id1,dist): 124 143 2.044011166793834
list:
dist: 2.044011166793834 vs. 2.044011166793834
--------
nle(id0,id1,dist): 124 144 3.0791332519228463
list:
dist: 3.0791332519228463 vs. 3.0791332519228463
--------
nle(id0,id1,dist): 124 142 2.3675570054408426
list:
dist: 2.3675570054408426 vs. 2.3675570054408426
--------
nle(id0,id1,dist): 112 119 1.6902275800597697
list:
dist: 1.6902275800597697 vs. 1.6902275800597697
--------
nle(id0,id1,dist): 112 117 1.4637682477992635
list:
dist: 1.4637682477992635 vs. 1.4637682477992635
--------
nle(id0,id1,dist): 112 118 1.3671588972126063
list:
dist: 1.3671588972126063 vs. 1.3671588972126063
--------
nle(id0,id1,dist): 112 115 0.889620361490367
list:
dist: 0.889620361490367 vs. 0.889620361490367
--------
nle(id0,id1,dist): 112 116 1.3114064924309392
list:
dist: 1.3114064924309392 vs. 1.3114064924309392
--------
nle(id0,id1,dist): 112 113 0.6386822430986254
list:
dist: 0.6386822430986254 vs. 0.6386822430986254
--------
nle(id0,id1,dist): 112 114 1.3224278373795701
list:
dist: 1.3224278373795701 vs. 1.3224278373795701
--------
nle(id0,id1,dist): 113 116 1.8908890156255391
list:
dist: 1.8908890156255391 vs. 1.8908890156255391
--------
nle(id0,id1,dist): 113 117 0.901576816153185
list:
dist: 0.901576816153185 vs. 0.901576816153185
--------
nle(id0,id1,dist): 113 118 1.921742552021602
list:
dist: 1.921742552021602 vs. 1.921742552021602
--------
nle(id0,id1,dist): 113 119 1.9267962202485571
list:
dist: 1.9267962202485571 vs. 1.9267962202485571
--------
nle(id0,id1,dist): 113 114 1.8061810868200572
list:
dist: 1.8061810868200572 vs. 1.8061810868200572
--------
nle(id0,id1,dist): 113 115 1.1144838799309773
list:
dist: 1.1144838799309773 vs. 1.1144838799309773
--------
nle(id0,id1,dist): 114 117 2.5249055912919354
list:
dist: 2.5249055912919354 vs. 2.5249055912919354
--------
nle(id0,id1,dist): 114 118 0.7876028804937126
list:
dist: 0.7876028804937126 vs. 0.7876028804937126
--------
nle(id0,id1,dist): 114 115 1.3785255285745048
list:
dist: 1.3785255285745048 vs. 1.3785255285745048
--------
nle(id0,id1,dist): 114 116 0.581233047413184
list:
dist: 0.581233047413184 vs. 0.581233047413184
--------
nle(id0,id1,dist): 114 119 1.536976910611636
list:
dist: 1.536976910611636 vs. 1.536976910611636
--------
nle(id0,id1,dist): 115 118 1.1311950532157735
list:
dist: 1.1311950532157735 vs. 1.1311950532157735
--------
nle(id0,id1,dist): 115 119 0.8571765164749222
list:
dist: 0.8571765164749222 vs. 0.8571765164749222
--------
nle(id0,id1,dist): 115 116 1.2574998212106656
list:
dist: 1.2574998212106656 vs. 1.2574998212106656
--------
nle(id0,id1,dist): 115 117 1.470116367074948
list:
dist: 1.470116367074948 vs. 1.470116367074948
--------
nle(id0,id1,dist): 116 117 2.587131922462493
list:
dist: 2.587131922462493 vs. 2.587131922462493
--------
nle(id0,id1,dist): 116 118 0.28970068670994276
list:
dist: 0.28970068670994276 vs. 0.28970068670994276
--------
nle(id0,id1,dist): 116 119 1.39515427343758
list:
dist: 1.39515427343758 vs. 1.39515427343758
--------
nle(id0,id1,dist): 117 118 2.542309208081634
list:
dist: 2.542309208081634 vs. 2.542309208081634
--------
nle(id0,id1,dist): 117 119 2.125338700430439
list:
dist: 2.125338700430439 vs. 2.125338700430439
--------
nle(id0,id1,dist): 118 119 1.1695381165412362
list:
dist: 1.1695381165412362 vs. 1.1695381165412362
--------
nle(id0,id1,dist): 106 119 3.297206358964868
list:
dist: 3.297206358964868 vs. 3.297206358964868
--------
nle(id0,id1,dist): 106 113 1.6209633876326734
list:
dist: 1.6209633876326734 vs. 1.6209633876326734
--------
nle(id0,id1,dist): 106 114 3.1879111292575812
list:
dist: 3.1879111292575812 vs. 3.1879111292575812
--------
nle(id0,id1,dist): 106 111 2.052923334829615
list:
dist: 2.052923334829615 vs. 2.052923334829615
--------
nle(id0,id1,dist): 106 112 2.224226119746672
list:
dist: 2.224226119746672 vs. 2.224226119746672
--------
nle(id0,id1,dist): 106 117 1.3969816160838116
list:
dist: 1.3969816160838116 vs. 1.3969816160838116
--------
nle(id0,id1,dist): 106 118 3.4856941933717858
list:
dist: 3.4856941933717858 vs. 3.4856941933717858
--------
nle(id0,id1,dist): 106 115 2.615860449284439
list:
dist: 2.615860449284439 vs. 2.615860449284439
--------
nle(id0,id1,dist): 106 116 3.427457569806884
list:
dist: 3.427457569806884 vs. 3.427457569806884
--------
nle(id0,id1,dist): 106 110 0.9448159482591912
list:
dist: 0.9448159482591912 vs. 0.9448159482591912
--------
nle(id0,id1,dist): 106 109 2.5138015363692663
list:
dist: 2.5138015363692663 vs. 2.5138015363692663
--------
nle(id0,id1,dist): 106 108 1.3571001559605098
list:
dist: 1.3571001559605098 vs. 1.3571001559605098
--------
nle(id0,id1,dist): 106 107 1.7041428098073514
list:
dist: 1.7041428098073514 vs. 1.7041428098073514
--------
nle(id0,id1,dist): 105 117 3.8214657539907777
list:
dist: 3.8214657539907777 vs. 3.8214657539907777
--------
nle(id0,id1,dist): 105 119 5.14326262885293
list:
dist: 5.14326262885293 vs. 5.14326262885293
--------
nle(id0,id1,dist): 105 109 2.6516524435542275
list:
dist: 2.6516524435542275 vs. 2.6516524435542275
--------
nle(id0,id1,dist): 105 108 3.006767705947917
list:
dist: 3.006767705947917 vs. 3.006767705947917
--------
nle(id0,id1,dist): 105 111 3.9161948487973053
list:
dist: 3.9161948487973053 vs. 3.9161948487973053
--------
nle(id0,id1,dist): 105 110 3.442592499779884
list:
dist: 3.442592499779884 vs. 3.442592499779884
--------
nle(id0,id1,dist): 105 113 3.9531311576550325
list:
dist: 3.9531311576550325 vs. 3.9531311576550325
--------
nle(id0,id1,dist): 105 112 4.427205777823131
list:
dist: 4.427205777823131 vs. 4.427205777823131
--------
nle(id0,id1,dist): 105 115 4.728726503851364
list:
dist: 4.728726503851364 vs. 4.728726503851364
--------
nle(id0,id1,dist): 105 114 4.7926791319065085
list:
dist: 4.7926791319065085 vs. 4.7926791319065085
--------
nle(id0,id1,dist): 105 107 2.6203705989517116
list:
dist: 2.6203705989517116 vs. 2.6203705989517116
--------
nle(id0,id1,dist): 105 106 2.687576386066013
list:
dist: 2.687576386066013 vs. 2.687576386066013
--------
nle(id0,id1,dist): 108 115 1.8752388557311368
list:
dist: 1.8752388557311368 vs. 1.8752388557311368
--------
nle(id0,id1,dist): 108 116 2.332517726478106
list:
dist: 2.332517726478106 vs. 2.332517726478106
--------
nle(id0,id1,dist): 108 113 1.1058680723502397
list:
dist: 1.1058680723502397 vs. 1.1058680723502397
--------
nle(id0,id1,dist): 108 114 1.9643394176472748
list:
dist: 1.9643394176472748 vs. 1.9643394176472748
--------
nle(id0,id1,dist): 108 111 0.9220374360420285
list:
dist: 0.9220374360420285 vs. 0.9220374360420285
--------
nle(id0,id1,dist): 108 112 1.4398749300222313
list:
dist: 1.4398749300222313 vs. 1.4398749300222313
--------
nle(id0,id1,dist): 108 109 1.6743267951455156
list:
dist: 1.6743267951455156 vs. 1.6743267951455156
--------
nle(id0,id1,dist): 108 110 1.4138577178059835
list:
dist: 1.4138577178059835 vs. 1.4138577178059835
--------
nle(id0,id1,dist): 107 119 2.7648821983906586
list:
dist: 2.7648821983906586 vs. 2.7648821983906586
--------
nle(id0,id1,dist): 107 114 3.045730762130778
list:
dist: 3.045730762130778 vs. 3.045730762130778
--------
nle(id0,id1,dist): 107 115 2.5052111859853943
list:
dist: 2.5052111859853943 vs. 2.5052111859853943
--------
nle(id0,id1,dist): 107 117 1.7407217088876494
list:
dist: 1.7407217088876494 vs. 1.7407217088876494
--------
nle(id0,id1,dist): 107 110 1.6132820214063535
list:
dist: 1.6132820214063535 vs. 1.6132820214063535
--------
nle(id0,id1,dist): 107 111 2.27669629076387
list:
dist: 2.27669629076387 vs. 2.27669629076387
--------
nle(id0,id1,dist): 107 112 2.619292584636695
list:
dist: 2.619292584636695 vs. 2.619292584636695
--------
nle(id0,id1,dist): 107 113 2.137148571095655
list:
dist: 2.137148571095655 vs. 2.137148571095655
--------
nle(id0,id1,dist): 107 108 1.6615330459473063
list:
dist: 1.6615330459473063 vs. 1.6615330459473063
--------
nle(id0,id1,dist): 107 109 1.4454909622159327
list:
dist: 1.4454909622159327 vs. 1.4454909622159327
--------
nle(id0,id1,dist): 109 114 2.5876779459584314
list:
dist: 2.5876779459584314 vs. 2.5876779459584314
--------
nle(id0,id1,dist): 109 115 2.756431053807657
list:
dist: 2.756431053807657 vs. 2.756431053807657
--------
nle(id0,id1,dist): 109 112 2.7683805462232955
list:
dist: 2.7683805462232955 vs. 2.7683805462232955
--------
nle(id0,id1,dist): 109 113 2.542308343003349
list:
dist: 2.542308343003349 vs. 2.542308343003349
--------
nle(id0,id1,dist): 109 119 2.8675388732225406
list:
dist: 2.8675388732225406 vs. 2.8675388732225406
--------
nle(id0,id1,dist): 109 117 2.646693907050018
list:
dist: 2.646693907050018 vs. 2.646693907050018
--------
nle(id0,id1,dist): 109 111 2.1714178433032236
list:
dist: 2.1714178433032236 vs. 2.1714178433032236
--------
nle(id0,id1,dist): 109 110 2.584209091656194
list:
dist: 2.584209091656194 vs. 2.584209091656194
--------
nle(id0,id1,dist): 108 117 1.5257523467708338
list:
dist: 1.5257523467708338 vs. 1.5257523467708338
--------
nle(id0,id1,dist): 108 118 2.445410871629604
list:
dist: 2.445410871629604 vs. 2.445410871629604
--------
nle(id0,id1,dist): 108 119 2.4673519258837042
list:
dist: 2.4673519258837042 vs. 2.4673519258837042
--------
nle(id0,id1,dist): 111 119 1.8490464302518268
list:
dist: 1.8490464302518268 vs. 1.8490464302518268
--------
nle(id0,id1,dist): 111 118 1.5622140036771075
list:
dist: 1.5622140036771075 vs. 1.5622140036771075
--------
nle(id0,id1,dist): 111 116 1.435707672638799
list:
dist: 1.435707672638799 vs. 1.435707672638799
--------
nle(id0,id1,dist): 111 117 1.6144510088379835
list:
dist: 1.6144510088379835 vs. 1.6144510088379835
--------
nle(id0,id1,dist): 111 114 1.1519612129768955
list:
dist: 1.1519612129768955 vs. 1.1519612129768955
--------
nle(id0,id1,dist): 111 115 1.2151357177248507
list:
dist: 1.2151357177248507 vs. 1.2151357177248507
--------
nle(id0,id1,dist): 111 112 0.6818753453128246
list:
dist: 0.6818753453128246 vs. 0.6818753453128246
--------
nle(id0,id1,dist): 111 113 0.8206350971821796
list:
dist: 0.8206350971821796 vs. 0.8206350971821796
--------
nle(id0,id1,dist): 110 111 1.7446264217105765
list:
dist: 1.7446264217105765 vs. 1.7446264217105765
--------
nle(id0,id1,dist): 110 112 1.7072783540509389
list:
dist: 1.7072783540509389 vs. 1.7072783540509389
--------
nle(id0,id1,dist): 110 113 1.076540504493487
list:
dist: 1.076540504493487 vs. 1.076540504493487
--------
nle(id0,id1,dist): 110 114 2.77424676372122
list:
dist: 2.77424676372122 vs. 2.77424676372122
--------
nle(id0,id1,dist): 110 119 2.5390587499148216
list:
dist: 2.5390587499148216 vs. 2.5390587499148216
--------
nle(id0,id1,dist): 110 115 1.8711258996333249
list:
dist: 1.8711258996333249 vs. 1.8711258996333249
--------
nle(id0,id1,dist): 110 116 2.899412521617821
list:
dist: 2.899412521617821 vs. 2.899412521617821
--------
nle(id0,id1,dist): 110 117 0.4690966741024595
list:
dist: 0.4690966741024595 vs. 0.4690966741024595
--------
nle(id0,id1,dist): 110 118 2.8895127983000384
list:
dist: 2.8895127983000384 vs. 2.8895127983000384
--------
nle(id0,id1,dist): 99 107 1.1895475566942506
list:
dist: 1.1895475566942506 vs. 1.1895475566942506
--------
nle(id0,id1,dist): 99 106 2.313480088109175
list:
dist: 2.313480088109175 vs. 2.313480088109175
--------
nle(id0,id1,dist): 99 109 0.3741034041482768
list:
dist: 0.3741034041482768 vs. 0.3741034041482768
--------
nle(id0,id1,dist): 99 108 1.4788677253109417
list:
dist: 1.4788677253109417 vs. 1.4788677253109417
--------
nle(id0,id1,dist): 99 111 1.9372545280309839
list:
dist: 1.9372545280309839 vs. 1.9372545280309839
--------
nle(id0,id1,dist): 99 110 2.27869268078739
list:
dist: 2.27869268078739 vs. 2.27869268078739
--------
nle(id0,id1,dist): 99 113 2.2460217681047983
list:
dist: 2.2460217681047983 vs. 2.2460217681047983
--------
nle(id0,id1,dist): 99 112 2.4914767865074836
list:
dist: 2.4914767865074836 vs. 2.4914767865074836
--------
nle(id0,id1,dist): 99 101 1.7779345020244535
list:
dist: 1.7779345020244535 vs. 1.7779345020244535
--------
nle(id0,id1,dist): 99 103 1.1692736993391888
list:
dist: 1.1692736993391888 vs. 1.1692736993391888
--------
nle(id0,id1,dist): 99 102 1.492914748908084
list:
dist: 1.492914748908084 vs. 1.492914748908084
--------
nle(id0,id1,dist): 99 105 2.8044954965210396
list:
dist: 2.8044954965210396 vs. 2.8044954965210396
--------
nle(id0,id1,dist): 99 104 1.7655972319053284
list:
dist: 1.7655972319053284 vs. 1.7655972319053284
--------
nle(id0,id1,dist): 99 114 2.3984594834665542
list:
dist: 2.3984594834665542 vs. 2.3984594834665542
--------
nle(id0,id1,dist): 99 115 2.427741736398316
list:
dist: 2.427741736398316 vs. 2.427741736398316
--------
nle(id0,id1,dist): 99 117 2.308863815699073
list:
dist: 2.308863815699073 vs. 2.308863815699073
--------
nle(id0,id1,dist): 99 119 2.5507933362194692
list:
dist: 2.5507933362194692 vs. 2.5507933362194692
--------
nle(id0,id1,dist): 98 114 3.46692651059688
list:
dist: 3.46692651059688 vs. 3.46692651059688
--------
nle(id0,id1,dist): 98 113 2.286283468298947
list:
dist: 2.286283468298947 vs. 2.286283468298947
--------
nle(id0,id1,dist): 98 112 2.7794971043033265
list:
dist: 2.7794971043033265 vs. 2.7794971043033265
--------
nle(id0,id1,dist): 98 111 2.3956845649358502
list:
dist: 2.3956845649358502 vs. 2.3956845649358502
--------
nle(id0,id1,dist): 98 117 2.3040489747114927
list:
dist: 2.3040489747114927 vs. 2.3040489747114927
--------
nle(id0,id1,dist): 98 115 3.267512581565247
list:
dist: 3.267512581565247 vs. 3.267512581565247
--------
nle(id0,id1,dist): 98 106 1.0188189408486081
list:
dist: 1.0188189408486081 vs. 1.0188189408486081
--------
nle(id0,id1,dist): 98 105 1.89429840409182
list:
dist: 1.89429840409182 vs. 1.89429840409182
--------
nle(id0,id1,dist): 98 104 1.1911499682958848
list:
dist: 1.1911499682958848 vs. 1.1911499682958848
--------
nle(id0,id1,dist): 98 103 1.373676858149244
list:
dist: 1.373676858149244 vs. 1.373676858149244
--------
nle(id0,id1,dist): 98 110 1.8964675430503861
list:
dist: 1.8964675430503861 vs. 1.8964675430503861
--------
nle(id0,id1,dist): 98 109 2.3280831936909085
list:
dist: 2.3280831936909085 vs. 2.3280831936909085
--------
nle(id0,id1,dist): 98 108 1.523595666595201
list:
dist: 1.523595666595201 vs. 1.523595666595201
--------
nle(id0,id1,dist): 98 107 1.9954439187123647
list:
dist: 1.9954439187123647 vs. 1.9954439187123647
--------
nle(id0,id1,dist): 98 119 3.894119058893915
list:
dist: 3.894119058893915 vs. 3.894119058893915
--------
nle(id0,id1,dist): 101 103 0.6974431597665345
list:
dist: 0.6974431597665345 vs. 0.6974431597665345
--------
nle(id0,id1,dist): 101 102 0.9255061306041892
list:
dist: 0.9255061306041892 vs. 0.9255061306041892
--------
nle(id0,id1,dist): 101 117 2.4712568692741246
list:
dist: 2.4712568692741246 vs. 2.4712568692741246
--------
nle(id0,id1,dist): 101 119 3.849838896433671
list:
dist: 3.849838896433671 vs. 3.849838896433671
--------
nle(id0,id1,dist): 101 112 3.2186562619486327
list:
dist: 3.2186562619486327 vs. 3.2186562619486327
--------
nle(id0,id1,dist): 101 113 2.6993577364181993
list:
dist: 2.6993577364181993 vs. 2.6993577364181993
--------
nle(id0,id1,dist): 101 114 3.7098602003840173
list:
dist: 3.7098602003840173 vs. 3.7098602003840173
--------
nle(id0,id1,dist): 101 115 3.424748999601718
list:
dist: 3.424748999601718 vs. 3.424748999601718
--------
nle(id0,id1,dist): 101 108 1.879123592905102
list:
dist: 1.879123592905102 vs. 1.879123592905102
--------
nle(id0,id1,dist): 101 109 1.7940230571758815
list:
dist: 1.7940230571758815 vs. 1.7940230571758815
--------
nle(id0,id1,dist): 101 110 2.1243880047709816
list:
dist: 2.1243880047709816 vs. 2.1243880047709816
--------
nle(id0,id1,dist): 101 111 2.775424875963634
list:
dist: 2.775424875963634 vs. 2.775424875963634
--------
nle(id0,id1,dist): 101 104 1.0045751919850934
list:
dist: 1.0045751919850934 vs. 1.0045751919850934
--------
nle(id0,id1,dist): 101 105 1.3869305522968118
list:
dist: 1.3869305522968118 vs. 1.3869305522968118
--------
nle(id0,id1,dist): 101 106 1.5425408379756107
list:
dist: 1.5425408379756107 vs. 1.5425408379756107
--------
nle(id0,id1,dist): 101 107 1.3030797477218778
list:
dist: 1.3030797477218778 vs. 1.3030797477218778
--------
nle(id0,id1,dist): 100 108 3.257770241808525
list:
dist: 3.257770241808525 vs. 3.257770241808525
--------
nle(id0,id1,dist): 100 107 2.402212681267632
list:
dist: 2.402212681267632 vs. 2.402212681267632
--------
nle(id0,id1,dist): 100 106 2.6335170434932724
list:
dist: 2.6335170434932724 vs. 2.6335170434932724
--------
nle(id0,id1,dist): 100 105 1.0461734443189172
list:
dist: 1.0461734443189172 vs. 1.0461734443189172
--------
nle(id0,id1,dist): 100 104 2.192519436062848
list:
dist: 2.192519436062848 vs. 2.192519436062848
--------
nle(id0,id1,dist): 100 103 2.0198579746605008
list:
dist: 2.0198579746605008 vs. 2.0198579746605008
--------
nle(id0,id1,dist): 100 102 1.6007148127892643
list:
dist: 1.6007148127892643 vs. 1.6007148127892643
--------
nle(id0,id1,dist): 100 101 1.3876454898105326
list:
dist: 1.3876454898105326 vs. 1.3876454898105326
--------
nle(id0,id1,dist): 100 117 3.653274612519583
list:
dist: 3.653274612519583 vs. 3.653274612519583
--------
nle(id0,id1,dist): 100 113 4.019351358143133
list:
dist: 4.019351358143133 vs. 4.019351358143133
--------
nle(id0,id1,dist): 100 110 3.2732675557597775
list:
dist: 3.2732675557597775 vs. 3.2732675557597775
--------
nle(id0,id1,dist): 102 115 3.674610022769545
list:
dist: 3.674610022769545 vs. 3.674610022769545
--------
nle(id0,id1,dist): 102 117 2.9968952379769935
list:
dist: 2.9968952379769935 vs. 2.9968952379769935
--------
nle(id0,id1,dist): 102 119 3.916552816636712
list:
dist: 3.916552816636712 vs. 3.916552816636712
--------
nle(id0,id1,dist): 103 105 2.0097933964187153
list:
dist: 2.0097933964187153 vs. 2.0097933964187153
--------
nle(id0,id1,dist): 103 104 0.7735273555333813
list:
dist: 0.7735273555333813 vs. 0.7735273555333813
--------
nle(id0,id1,dist): 103 107 0.7400723869096791
list:
dist: 0.7400723869096791 vs. 0.7400723869096791
--------
nle(id0,id1,dist): 103 106 1.442896683058123
list:
dist: 1.442896683058123 vs. 1.442896683058123
--------
nle(id0,id1,dist): 103 109 1.2876815710674385
list:
dist: 1.2876815710674385 vs. 1.2876815710674385
--------
nle(id0,id1,dist): 103 108 1.3996493546832656
list:
dist: 1.3996493546832656 vs. 1.3996493546832656
--------
nle(id0,id1,dist): 102 106 2.360146874557402
list:
dist: 2.360146874557402 vs. 2.360146874557402
--------
nle(id0,id1,dist): 102 105 1.4920993586417772
list:
dist: 1.4920993586417772 vs. 1.4920993586417772
--------
nle(id0,id1,dist): 102 104 1.7050104966220367
list:
dist: 1.7050104966220367 vs. 1.7050104966220367
--------
nle(id0,id1,dist): 102 103 1.0194821049565348
list:
dist: 1.0194821049565348 vs. 1.0194821049565348
--------
nle(id0,id1,dist): 102 110 2.751818859006675
list:
dist: 2.751818859006675 vs. 2.751818859006675
--------
nle(id0,id1,dist): 102 109 1.3720400998904707
list:
dist: 1.3720400998904707 vs. 1.3720400998904707
--------
nle(id0,id1,dist): 102 108 2.270903817079161
list:
dist: 2.270903817079161 vs. 2.270903817079161
--------
nle(id0,id1,dist): 102 107 1.4208287613819517
list:
dist: 1.4208287613819517 vs. 1.4208287613819517
--------
nle(id0,id1,dist): 102 114 3.7929158779713688
list:
dist: 3.7929158779713688 vs. 3.7929158779713688
--------
nle(id0,id1,dist): 102 113 3.174082701315725
list:
dist: 3.174082701315725 vs. 3.174082701315725
--------
nle(id0,id1,dist): 102 112 3.604139665993536
list:
dist: 3.604139665993536 vs. 3.604139665993536
--------
nle(id0,id1,dist): 102 111 3.0758343120739764
list:
dist: 3.0758343120739764 vs. 3.0758343120739764
--------
nle(id0,id1,dist): 104 109 1.9687451922970394
list:
dist: 1.9687451922970394 vs. 1.9687451922970394
--------
nle(id0,id1,dist): 104 110 1.1271292320743072
list:
dist: 1.1271292320743072 vs. 1.1271292320743072
--------
nle(id0,id1,dist): 104 111 2.159082184418865
list:
dist: 2.159082184418865 vs. 2.159082184418865
--------
nle(id0,id1,dist): 104 112 2.44562963068977
list:
dist: 2.44562963068977 vs. 2.44562963068977
--------
nle(id0,id1,dist): 104 105 2.3494469225435983
list:
dist: 2.3494469225435983 vs. 2.3494469225435983
--------
nle(id0,id1,dist): 104 106 0.7771948202545117
list:
dist: 0.7771948202545117 vs. 0.7771948202545117
--------
nle(id0,id1,dist): 104 107 0.9746708921986594
list:
dist: 0.9746708921986594 vs. 0.9746708921986594
--------
nle(id0,id1,dist): 104 108 1.3766774856818007
list:
dist: 1.3766774856818007 vs. 1.3766774856818007
--------
nle(id0,id1,dist): 104 117 1.4904228015149001
list:
dist: 1.4904228015149001 vs. 1.4904228015149001
--------
nle(id0,id1,dist): 104 118 3.522907415020691
list:
dist: 3.522907415020691 vs. 3.522907415020691
--------
nle(id0,id1,dist): 104 119 3.144788108621108
list:
dist: 3.144788108621108 vs. 3.144788108621108
--------
nle(id0,id1,dist): 104 113 1.8562082947147183
list:
dist: 1.8562082947147183 vs. 1.8562082947147183
--------
nle(id0,id1,dist): 104 114 3.1871362242856773
list:
dist: 3.1871362242856773 vs. 3.1871362242856773
--------
nle(id0,id1,dist): 104 115 2.624831733722216
list:
dist: 2.624831733722216 vs. 2.624831733722216
--------
nle(id0,id1,dist): 104 116 3.4876728363897924
list:
dist: 3.4876728363897924 vs. 3.4876728363897924
--------
nle(id0,id1,dist): 103 117 1.9976626294844189
list:
dist: 1.9976626294844189 vs. 1.9976626294844189
--------
nle(id0,id1,dist): 103 114 3.0957256938797157
list:
dist: 3.0957256938797157 vs. 3.0957256938797157
--------
nle(id0,id1,dist): 103 115 2.7917087074182314
list:
dist: 2.7917087074182314 vs. 2.7917087074182314
--------
nle(id0,id1,dist): 103 112 2.6753360313121037
list:
dist: 2.6753360313121037 vs. 2.6753360313121037
--------
nle(id0,id1,dist): 103 113 2.1913447793602483
list:
dist: 2.1913447793602483 vs. 2.1913447793602483
--------
nle(id0,id1,dist): 103 110 1.7446040771579954
list:
dist: 1.7446040771579954 vs. 1.7446040771579954
--------
nle(id0,id1,dist): 103 111 2.2231221195193043
list:
dist: 2.2231221195193043 vs. 2.2231221195193043
--------
nle(id0,id1,dist): 103 119 3.1676849113947547
list:
dist: 3.1676849113947547 vs. 3.1676849113947547
--------
nle(id0,id1,dist): 147 149 2.1443322425712905
list:
dist: 2.1443322425712905 vs. 2.1443322425712905
--------
nle(id0,id1,dist): 147 148 1.9822886707200864
list:
dist: 1.9822886707200864 vs. 1.9822886707200864
--------
nle(id0,id1,dist): 148 149 0.8294955592060741
list:
dist: 0.8294955592060741 vs. 0.8294955592060741
--------
nle(id0,id1,dist): 146 147 1.2872436417553212
list:
dist: 1.2872436417553212 vs. 1.2872436417553212
--------
nle(id0,id1,dist): 146 148 1.798982346613221
list:
dist: 1.798982346613221 vs. 1.798982346613221
--------
nle(id0,id1,dist): 146 149 1.5382311777648374
list:
dist: 1.5382311777648374 vs. 1.5382311777648374
--------
nle(id0,id1,dist): 144 148 2.9474904689877106
list:
dist: 2.9474904689877106 vs. 2.9474904689877106
--------
nle(id0,id1,dist): 144 147 2.957271952585764
list:
dist: 2.957271952585764 vs. 2.957271952585764
--------
nle(id0,id1,dist): 144 146 2.499447329072624
list:
dist: 2.499447329072624 vs. 2.499447329072624
--------
nle(id0,id1,dist): 144 145 2.132364930201662
list:
dist: 2.132364930201662 vs. 2.132364930201662
--------
nle(id0,id1,dist): 144 149 3.1590056311287666
list:
dist: 3.1590056311287666 vs. 3.1590056311287666
--------
nle(id0,id1,dist): 145 149 1.7896829310906321
list:
dist: 1.7896829310906321 vs. 1.7896829310906321
--------
nle(id0,id1,dist): 145 148 1.7090258177039002
list:
dist: 1.7090258177039002 vs. 1.7090258177039002
--------
nle(id0,id1,dist): 145 147 0.9461718137351166
list:
dist: 0.9461718137351166 vs. 0.9461718137351166
--------
nle(id0,id1,dist): 145 146 0.7141798201976921
list:
dist: 0.7141798201976921 vs. 0.7141798201976921
--------
nle(id0,id1,dist): 142 149 1.627819580410094
list:
dist: 1.627819580410094 vs. 1.627819580410094
--------
nle(id0,id1,dist): 142 147 2.5182170936879165
list:
dist: 2.5182170936879165 vs. 2.5182170936879165
--------
nle(id0,id1,dist): 142 148 1.9884953823051486
list:
dist: 1.9884953823051486 vs. 1.9884953823051486
--------
nle(id0,id1,dist): 142 145 1.655379651406003
list:
dist: 1.655379651406003 vs. 1.655379651406003
--------
nle(id0,id1,dist): 142 146 1.3563811845981757
list:
dist: 1.3563811845981757 vs. 1.3563811845981757
--------
nle(id0,id1,dist): 142 143 1.3371498675883575
list:
dist: 1.3371498675883575 vs. 1.3371498675883575
--------
nle(id0,id1,dist): 142 144 2.0709035073307924
list:
dist: 2.0709035073307924 vs. 2.0709035073307924
--------
nle(id0,id1,dist): 143 146 2.3765712409992257
list:
dist: 2.3765712409992257 vs. 2.3765712409992257
--------
nle(id0,id1,dist): 143 147 3.5202419501754147
list:
dist: 3.5202419501754147 vs. 3.5202419501754147
--------
nle(id0,id1,dist): 143 148 2.3944439080749005
list:
dist: 2.3944439080749005 vs. 2.3944439080749005
--------
nle(id0,id1,dist): 143 149 1.7956815654713327
list:
dist: 1.7956815654713327 vs. 1.7956815654713327
--------
nle(id0,id1,dist): 143 144 3.2208415122824867
list:
dist: 3.2208415122824867 vs. 3.2208415122824867
--------
nle(id0,id1,dist): 143 145 2.8072721315973763
list:
dist: 2.8072721315973763 vs. 2.8072721315973763
--------
nle(id0,id1,dist): 140 149 1.7172978143451552
list:
dist: 1.7172978143451552 vs. 1.7172978143451552
--------
nle(id0,id1,dist): 139 144 3.4206406199750745
list:
dist: 3.4206406199750745 vs. 3.4206406199750745
--------
nle(id0,id1,dist): 139 142 1.992290220665438
list:
dist: 1.992290220665438 vs. 1.992290220665438
--------
nle(id0,id1,dist): 139 143 1.3464194140431556
list:
dist: 1.3464194140431556 vs. 1.3464194140431556
--------
nle(id0,id1,dist): 139 140 1.8486482906358346
list:
dist: 1.8486482906358346 vs. 1.8486482906358346
--------
nle(id0,id1,dist): 139 141 4.880982678712829
list:
dist: 4.880982678712829 vs. 4.880982678712829
--------
nle(id0,id1,dist): 139 148 1.774513477423141
list:
dist: 1.774513477423141 vs. 1.774513477423141
--------
nle(id0,id1,dist): 139 149 1.5154761218879074
list:
dist: 1.5154761218879074 vs. 1.5154761218879074
--------
nle(id0,id1,dist): 140 145 1.9075547597868483
list:
dist: 1.9075547597868483 vs. 1.9075547597868483
--------
nle(id0,id1,dist): 140 146 1.6301102859322465
list:
dist: 1.6301102859322465 vs. 1.6301102859322465
--------
nle(id0,id1,dist): 140 147 2.7734865865395117
list:
dist: 2.7734865865395117 vs. 2.7734865865395117
--------
nle(id0,id1,dist): 140 148 2.077422096800989
list:
dist: 2.077422096800989 vs. 2.077422096800989
--------
nle(id0,id1,dist): 140 142 0.2815582004300652
list:
dist: 0.2815582004300652 vs. 0.2815582004300652
--------
nle(id0,id1,dist): 140 143 1.1607884624751053
list:
dist: 1.1607884624751053 vs. 1.1607884624751053
--------
nle(id0,id1,dist): 140 144 2.1166460821263664
list:
dist: 2.1166460821263664 vs. 2.1166460821263664
--------
nle(id0,id1,dist): 138 142 0.49889909583632014
list:
dist: 0.49889909583632014 vs. 0.49889909583632014
--------
nle(id0,id1,dist): 138 139 1.8953306232749105
list:
dist: 1.8953306232749105 vs. 1.8953306232749105
--------
nle(id0,id1,dist): 138 140 0.6305337834849474
list:
dist: 0.6305337834849474 vs. 0.6305337834849474
--------
nle(id0,id1,dist): 138 149 1.4173561251628146
list:
dist: 1.4173561251628146 vs. 1.4173561251628146
--------
nle(id0,id1,dist): 138 148 1.592730604604545
list:
dist: 1.592730604604545 vs. 1.592730604604545
--------
nle(id0,id1,dist): 138 147 2.236693787116249
list:
dist: 2.236693787116249 vs. 2.236693787116249
--------
nle(id0,id1,dist): 138 146 1.255684282163493
list:
dist: 1.255684282163493 vs. 1.255684282163493
--------
nle(id0,id1,dist): 138 145 1.368090933965633
list:
dist: 1.368090933965633 vs. 1.368090933965633
--------
nle(id0,id1,dist): 138 144 1.8741075466860095
list:
dist: 1.8741075466860095 vs. 1.8741075466860095
--------
nle(id0,id1,dist): 138 143 1.6049716038417576
list:
dist: 1.6049716038417576 vs. 1.6049716038417576
--------
nle(id0,id1,dist): 137 144 2.2239686609022193
list:
dist: 2.2239686609022193 vs. 2.2239686609022193
--------
nle(id0,id1,dist): 137 145 1.5838276950454306
list:
dist: 1.5838276950454306 vs. 1.5838276950454306
--------
nle(id0,id1,dist): 137 146 1.371492223210173
list:
dist: 1.371492223210173 vs. 1.371492223210173
--------
nle(id0,id1,dist): 137 147 2.2267051728914775
list:
dist: 2.2267051728914775 vs. 2.2267051728914775
--------
nle(id0,id1,dist): 137 140 1.9281306371490916
list:
dist: 1.9281306371490916 vs. 1.9281306371490916
--------
nle(id0,id1,dist): 137 142 1.6960718286977705
list:
dist: 1.6960718286977705 vs. 1.6960718286977705
--------
nle(id0,id1,dist): 137 143 2.872286573029373
list:
dist: 2.872286573029373 vs. 2.872286573029373
--------
nle(id0,id1,dist): 137 138 1.8412696194104716
list:
dist: 1.8412696194104716 vs. 1.8412696194104716
--------
nle(id0,id1,dist): 137 149 2.7722761663980915
list:
dist: 2.7722761663980915 vs. 2.7722761663980915
--------
nle(id0,id1,dist): 137 148 3.0334312948441897
list:
dist: 3.0334312948441897 vs. 3.0334312948441897
--------
nle(id0,id1,dist): 136 147 1.598104275870813
list:
dist: 1.598104275870813 vs. 1.598104275870813
--------
nle(id0,id1,dist): 136 148 2.0317604208133675
list:
dist: 2.0317604208133675 vs. 2.0317604208133675
--------
nle(id0,id1,dist): 136 145 0.7676067563116171
list:
dist: 0.7676067563116171 vs. 0.7676067563116171
--------
nle(id0,id1,dist): 136 146 1.280763354388402
list:
dist: 1.280763354388402 vs. 1.280763354388402
--------
nle(id0,id1,dist): 136 149 2.211239531206507
list:
dist: 2.211239531206507 vs. 2.211239531206507
--------
nle(id0,id1,dist): 136 140 1.8044897231644448
list:
dist: 1.8044897231644448 vs. 1.8044897231644448
--------
nle(id0,id1,dist): 136 137 1.5570856748121
list:
dist: 1.5570856748121 vs. 1.5570856748121
--------
nle(id0,id1,dist): 136 138 1.2905471936417818
list:
dist: 1.2905471936417818 vs. 1.2905471936417818
--------
nle(id0,id1,dist): 136 143 2.8822346249937976
list:
dist: 2.8822346249937976 vs. 2.8822346249937976
--------
nle(id0,id1,dist): 136 144 1.3756049439709497
list:
dist: 1.3756049439709497 vs. 1.3756049439709497
--------
nle(id0,id1,dist): 136 142 1.6021440961186921
list:
dist: 1.6021440961186921 vs. 1.6021440961186921
--------
nle(id0,id1,dist): 135 142 1.5501005593569555
list:
dist: 1.5501005593569555 vs. 1.5501005593569555
--------
nle(id0,id1,dist): 135 143 2.790350382399356
list:
dist: 2.790350382399356 vs. 2.790350382399356
--------
nle(id0,id1,dist): 135 144 0.6232941190388809
list:
dist: 0.6232941190388809 vs. 0.6232941190388809
--------
nle(id0,id1,dist): 135 145 1.5546074321361139
list:
dist: 1.5546074321361139 vs. 1.5546074321361139
--------
nle(id0,id1,dist): 135 146 1.8793212385572624
list:
dist: 1.8793212385572624 vs. 1.8793212385572624
--------
nle(id0,id1,dist): 135 147 2.4323744900060853
list:
dist: 2.4323744900060853 vs. 2.4323744900060853
--------
nle(id0,id1,dist): 135 148 2.4620231620395012
list:
dist: 2.4620231620395012 vs. 2.4620231620395012
--------
nle(id0,id1,dist): 135 149 2.6052038354818925
list:
dist: 2.6052038354818925 vs. 2.6052038354818925
--------
nle(id0,id1,dist): 134 149 1.9318068057445792
list:
dist: 1.9318068057445792 vs. 1.9318068057445792
--------
nle(id0,id1,dist): 134 148 2.6192243864424856
list:
dist: 2.6192243864424856 vs. 2.6192243864424856
--------
nle(id0,id1,dist): 134 147 3.844318001987592
list:
dist: 3.844318001987592 vs. 3.844318001987592
--------
nle(id0,id1,dist): 135 140 1.6500246697096301
list:
dist: 1.6500246697096301 vs. 1.6500246697096301
--------
nle(id0,id1,dist): 135 138 1.3300082406942277
list:
dist: 1.3300082406942277 vs. 1.3300082406942277
--------
nle(id0,id1,dist): 135 136 0.8364471033762619
list:
dist: 0.8364471033762619 vs. 0.8364471033762619
--------
nle(id0,id1,dist): 135 137 1.7534052706531733
list:
dist: 1.7534052706531733 vs. 1.7534052706531733
--------
nle(id0,id1,dist): 134 137 3.395520580702852
list:
dist: 3.395520580702852 vs. 3.395520580702852
--------
nle(id0,id1,dist): 134 138 2.1870280992701634
list:
dist: 2.1870280992701634 vs. 2.1870280992701634
--------
nle(id0,id1,dist): 134 143 0.7086544151068251
list:
dist: 0.7086544151068251 vs. 0.7086544151068251
--------
nle(id0,id1,dist): 134 145 3.252944108682647
list:
dist: 3.252944108682647 vs. 3.252944108682647
--------
nle(id0,id1,dist): 134 146 2.7631484289241994
list:
dist: 2.7631484289241994 vs. 2.7631484289241994
--------
nle(id0,id1,dist): 134 139 1.4197146577921218
list:
dist: 1.4197146577921218 vs. 1.4197146577921218
--------
nle(id0,id1,dist): 134 140 1.8250054844462371
list:
dist: 1.8250054844462371 vs. 1.8250054844462371
--------
nle(id0,id1,dist): 134 142 1.9575485232037648
list:
dist: 1.9575485232037648 vs. 1.9575485232037648
--------
nle(id0,id1,dist): 133 135 1.3722522513528193
list:
dist: 1.3722522513528193 vs. 1.3722522513528193
--------
nle(id0,id1,dist): 133 138 1.8693563142698941
list:
dist: 1.8693563142698941 vs. 1.8693563142698941
--------
nle(id0,id1,dist): 133 136 1.983965498918939
list:
dist: 1.983965498918939 vs. 1.983965498918939
--------
nle(id0,id1,dist): 133 137 1.6915783200002932
list:
dist: 1.6915783200002932 vs. 1.6915783200002932
--------
nle(id0,id1,dist): 133 142 1.6825484739882874
list:
dist: 1.6825484739882874 vs. 1.6825484739882874
--------
nle(id0,id1,dist): 133 143 2.6696013742258105
list:
dist: 2.6696013742258105 vs. 2.6696013742258105
--------
nle(id0,id1,dist): 133 140 1.6871800919468611
list:
dist: 1.6871800919468611 vs. 1.6871800919468611
--------
nle(id0,id1,dist): 133 146 2.4623493280346764
list:
dist: 2.4623493280346764 vs. 2.4623493280346764
--------
nle(id0,id1,dist): 133 144 1.4533742832903953
list:
dist: 1.4533742832903953 vs. 1.4533742832903953
--------
nle(id0,id1,dist): 133 145 2.4981264110648147
list:
dist: 2.4981264110648147 vs. 2.4981264110648147
--------
nle(id0,id1,dist): 132 134 2.1496591732372696
list:
dist: 2.1496591732372696 vs. 2.1496591732372696
--------
nle(id0,id1,dist): 132 133 1.9850783628842268
list:
dist: 1.9850783628842268 vs. 1.9850783628842268
--------
nle(id0,id1,dist): 132 138 2.127469397822744
list:
dist: 2.127469397822744 vs. 2.127469397822744
--------
nle(id0,id1,dist): 132 140 1.5743493418473589
list:
dist: 1.5743493418473589 vs. 1.5743493418473589
--------
nle(id0,id1,dist): 132 139 2.3851669184789928
list:
dist: 2.3851669184789928 vs. 2.3851669184789928
--------
nle(id0,id1,dist): 132 142 1.8321274561567114
list:
dist: 1.8321274561567114 vs. 1.8321274561567114
--------
nle(id0,id1,dist): 132 143 1.5752868882742876
list:
dist: 1.5752868882742876 vs. 1.5752868882742876
--------
nle(id0,id1,dist): 132 144 2.788322465470106
list:
dist: 2.788322465470106 vs. 2.788322465470106
--------
nle(id0,id1,dist): 132 148 3.409643995130272
list:
dist: 3.409643995130272 vs. 3.409643995130272
--------
nle(id0,id1,dist): 132 149 3.0635933924845866
list:
dist: 3.0635933924845866 vs. 3.0635933924845866
--------
nle(id0,id1,dist): 131 147 3.3097902601273956
list:
dist: 3.3097902601273956 vs. 3.3097902601273956
--------
nle(id0,id1,dist): 131 146 2.252115294100063
list:
dist: 2.252115294100063 vs. 2.252115294100063
--------
nle(id0,id1,dist): 131 149 1.9864416173481045
list:
dist: 1.9864416173481045 vs. 1.9864416173481045
--------
nle(id0,id1,dist): 131 148 2.263611109067157
list:
dist: 2.263611109067157 vs. 2.263611109067157
--------
nle(id0,id1,dist): 131 142 0.9448419660802414
list:
dist: 0.9448419660802414 vs. 0.9448419660802414
--------
nle(id0,id1,dist): 131 143 1.0644625700527846
list:
dist: 1.0644625700527846 vs. 1.0644625700527846
--------
nle(id0,id1,dist): 131 144 2.256061249588969
list:
dist: 2.256061249588969 vs. 2.256061249588969
--------
nle(id0,id1,dist): 131 145 2.4460242917973183
list:
dist: 2.4460242917973183 vs. 2.4460242917973183
--------
nle(id0,id1,dist): 131 138 1.0799230074802944
list:
dist: 1.0799230074802944 vs. 1.0799230074802944
--------
nle(id0,id1,dist): 131 139 1.5600712811825612
list:
dist: 1.5600712811825612 vs. 1.5600712811825612
--------
nle(id0,id1,dist): 131 140 0.6732072683571715
list:
dist: 0.6732072683571715 vs. 0.6732072683571715
--------
nle(id0,id1,dist): 131 134 1.746723693503278
list:
dist: 1.746723693503278 vs. 1.746723693503278
--------
nle(id0,id1,dist): 131 135 1.9288498465222492
list:
dist: 1.9288498465222492 vs. 1.9288498465222492
--------
nle(id0,id1,dist): 131 136 2.249025278395939
list:
dist: 2.249025278395939 vs. 2.249025278395939
--------
nle(id0,id1,dist): 131 137 2.55041918963681
list:
dist: 2.55041918963681 vs. 2.55041918963681
--------
nle(id0,id1,dist): 131 132 1.151099687000492
list:
dist: 1.151099687000492 vs. 1.151099687000492
--------
nle(id0,id1,dist): 131 133 1.9105315900602169
list:
dist: 1.9105315900602169 vs. 1.9105315900602169
--------
nle(id0,id1,dist): 130 149 2.5107733392793867
list:
dist: 2.5107733392793867 vs. 2.5107733392793867
--------
nle(id0,id1,dist): 130 147 3.1412069528671682
list:
dist: 3.1412069528671682 vs. 3.1412069528671682
--------
nle(id0,id1,dist): 130 148 2.970998293273155
list:
dist: 2.970998293273155 vs. 2.970998293273155
--------
nle(id0,id1,dist): 130 145 2.3048747143569153
list:
dist: 2.3048747143569153 vs. 2.3048747143569153
--------
nle(id0,id1,dist): 130 146 1.9003079935799405
list:
dist: 1.9003079935799405 vs. 1.9003079935799405
--------
nle(id0,id1,dist): 130 143 1.6787158629912284
list:
dist: 1.6787158629912284 vs. 1.6787158629912284
--------
nle(id0,id1,dist): 130 144 2.3955571510305655
list:
dist: 2.3955571510305655 vs. 2.3955571510305655
--------
nle(id0,id1,dist): 130 142 1.0052158991249573
list:
dist: 1.0052158991249573 vs. 1.0052158991249573
--------
nle(id0,id1,dist): 130 139 2.763876341888152
list:
dist: 2.763876341888152 vs. 2.763876341888152
--------
nle(id0,id1,dist): 130 140 1.0262078820970881
list:
dist: 1.0262078820970881 vs. 1.0262078820970881
--------
nle(id0,id1,dist): 130 137 1.507175037520012
list:
dist: 1.507175037520012 vs. 1.507175037520012
--------
nle(id0,id1,dist): 130 138 1.4711423255963387
list:
dist: 1.4711423255963387 vs. 1.4711423255963387
--------
nle(id0,id1,dist): 130 135 1.9850481518749352
list:
dist: 1.9850481518749352 vs. 1.9850481518749352
--------
nle(id0,id1,dist): 130 136 2.190393078358509
list:
dist: 2.190393078358509 vs. 2.190393078358509
--------
nle(id0,id1,dist): 130 132 1.6840233362554327
list:
dist: 1.6840233362554327 vs. 1.6840233362554327
--------
nle(id0,id1,dist): 130 131 1.4697885675904163
list:
dist: 1.4697885675904163 vs. 1.4697885675904163
--------
nle(id0,id1,dist): 130 134 2.2669619500859373
list:
dist: 2.2669619500859373 vs. 2.2669619500859373
--------
nle(id0,id1,dist): 130 133 1.335116406745068
list:
dist: 1.335116406745068 vs. 1.335116406745068
--------
nle(id0,id1,dist): 129 148 1.5346213331839775
list:
dist: 1.5346213331839775 vs. 1.5346213331839775
--------
nle(id0,id1,dist): 129 149 1.060110947578034
list:
dist: 1.060110947578034 vs. 1.060110947578034
--------
nle(id0,id1,dist): 129 140 1.2100195994140124
list:
dist: 1.2100195994140124 vs. 1.2100195994140124
--------
nle(id0,id1,dist): 129 142 1.3078800138057942
list:
dist: 1.3078800138057942 vs. 1.3078800138057942
--------
nle(id0,id1,dist): 129 143 0.908132823299012
list:
dist: 0.908132823299012 vs. 0.908132823299012
--------
nle(id0,id1,dist): 129 144 3.0025931557044854
list:
dist: 3.0025931557044854 vs. 3.0025931557044854
--------
nle(id0,id1,dist): 129 145 2.3510501412493348
list:
dist: 2.3510501412493348 vs. 2.3510501412493348
--------
nle(id0,id1,dist): 129 146 2.0637738487123287
list:
dist: 2.0637738487123287 vs. 2.0637738487123287
--------
nle(id0,id1,dist): 129 147 2.9829873383751746
list:
dist: 2.9829873383751746 vs. 2.9829873383751746
--------
nle(id0,id1,dist): 129 135 2.539983546173326
list:
dist: 2.539983546173326 vs. 2.539983546173326
--------
nle(id0,id1,dist): 129 134 1.197415999906383
list:
dist: 1.197415999906383 vs. 1.197415999906383
--------
nle(id0,id1,dist): 129 133 2.875274302019339
list:
dist: 2.875274302019339 vs. 2.875274302019339
--------
nle(id0,id1,dist): 129 132 2.13651917854006
list:
dist: 2.13651917854006 vs. 2.13651917854006
--------
nle(id0,id1,dist): 129 139 0.7525934134737482
list:
dist: 0.7525934134737482 vs. 0.7525934134737482
--------
nle(id0,id1,dist): 129 138 1.2703090454387607
list:
dist: 1.2703090454387607 vs. 1.2703090454387607
--------
nle(id0,id1,dist): 129 137 2.9158790540457318
list:
dist: 2.9158790540457318 vs. 2.9158790540457318
--------
nle(id0,id1,dist): 129 136 2.4881098486738003
list:
dist: 2.4881098486738003 vs. 2.4881098486738003
--------
nle(id0,id1,dist): 129 131 1.1607676282357997
list:
dist: 1.1607676282357997 vs. 1.1607676282357997
--------
nle(id0,id1,dist): 129 130 2.1033857193169427
list:
dist: 2.1033857193169427 vs. 2.1033857193169427
--------
nle(id0,id1,dist): 128 147 3.285835532315466
list:
dist: 3.285835532315466 vs. 3.285835532315466
--------
nle(id0,id1,dist): 128 148 1.3907696656172301
list:
dist: 1.3907696656172301 vs. 1.3907696656172301
--------
nle(id0,id1,dist): 128 145 2.7533794865514314
list:
dist: 2.7533794865514314 vs. 2.7533794865514314
--------
nle(id0,id1,dist): 128 146 2.747689690029314
list:
dist: 2.747689690029314 vs. 2.747689690029314
--------
nle(id0,id1,dist): 128 149 1.544321298995193
list:
dist: 1.544321298995193 vs. 1.544321298995193
--------
nle(id0,id1,dist): 128 134 2.1727043252351845
list:
dist: 2.1727043252351845 vs. 2.1727043252351845
--------
nle(id0,id1,dist): 128 135 2.8044339809884473
list:
dist: 2.8044339809884473 vs. 2.8044339809884473
--------
nle(id0,id1,dist): 128 136 2.782996201644312
list:
dist: 2.782996201644312 vs. 2.782996201644312
--------
nle(id0,id1,dist): 128 129 1.1776580156288536
list:
dist: 1.1776580156288536 vs. 1.1776580156288536
--------
nle(id0,id1,dist): 128 130 3.068750984318996
list:
dist: 3.068750984318996 vs. 3.068750984318996
--------
nle(id0,id1,dist): 128 131 1.7974506472072744
list:
dist: 1.7974506472072744 vs. 1.7974506472072744
--------
nle(id0,id1,dist): 128 132 2.762977024526634
list:
dist: 2.762977024526634 vs. 2.762977024526634
--------
nle(id0,id1,dist): 128 142 2.154355946560939
list:
dist: 2.154355946560939 vs. 2.154355946560939
--------
nle(id0,id1,dist): 128 143 1.970305405660502
list:
dist: 1.970305405660502 vs. 1.970305405660502
--------
nle(id0,id1,dist): 128 144 3.136900446304182
list:
dist: 3.136900446304182 vs. 3.136900446304182
--------
nle(id0,id1,dist): 128 137 3.7022930320966534
list:
dist: 3.7022930320966534 vs. 3.7022930320966534
--------
nle(id0,id1,dist): 128 138 1.8768654058259093
list:
dist: 1.8768654058259093 vs. 1.8768654058259093
--------
nle(id0,id1,dist): 128 139 0.7962860853342828
list:
dist: 0.7962860853342828 vs. 0.7962860853342828
--------
nle(id0,id1,dist): 128 140 2.0542810969544294
list:
dist: 2.0542810969544294 vs. 2.0542810969544294
--------
nle(id0,id1,dist): 127 140 1.2886823634321665
list:
dist: 1.2886823634321665 vs. 1.2886823634321665
--------
nle(id0,id1,dist): 127 138 1.5892200334748934
list:
dist: 1.5892200334748934 vs. 1.5892200334748934
--------
nle(id0,id1,dist): 127 139 1.9542549427287874
list:
dist: 1.9542549427287874 vs. 1.9542549427287874
--------
nle(id0,id1,dist): 127 136 2.5196035520591678
list:
dist: 2.5196035520591678 vs. 2.5196035520591678
--------
nle(id0,id1,dist): 127 137 2.9442400222575285
list:
dist: 2.9442400222575285 vs. 2.9442400222575285
--------
nle(id0,id1,dist): 127 135 1.986759091671709
list:
dist: 1.986759091671709 vs. 1.986759091671709
--------
nle(id0,id1,dist): 127 148 2.7223282207204726
list:
dist: 2.7223282207204726 vs. 2.7223282207204726
--------
nle(id0,id1,dist): 127 149 2.600040579522203
list:
dist: 2.600040579522203 vs. 2.600040579522203
--------
nle(id0,id1,dist): 127 146 2.818085404736686
list:
dist: 2.818085404736686 vs. 2.818085404736686
--------
nle(id0,id1,dist): 127 147 3.7861448193027143
list:
dist: 3.7861448193027143 vs. 3.7861448193027143
--------
nle(id0,id1,dist): 127 144 2.113573855570042
list:
dist: 2.113573855570042 vs. 2.113573855570042
--------
nle(id0,id1,dist): 127 145 2.8874491411589176
list:
dist: 2.8874491411589176 vs. 2.8874491411589176
--------
nle(id0,id1,dist): 127 142 1.5356830778256918
list:
dist: 1.5356830778256918 vs. 1.5356830778256918
--------
nle(id0,id1,dist): 127 143 1.678960335516569
list:
dist: 1.678960335516569 vs. 1.678960335516569
--------
nle(id0,id1,dist): 127 133 1.8837201894196822
list:
dist: 1.8837201894196822 vs. 1.8837201894196822
--------
nle(id0,id1,dist): 127 132 1.0095948133643948
list:
dist: 1.0095948133643948 vs. 1.0095948133643948
--------
nle(id0,id1,dist): 127 131 0.7183172517409043
list:
dist: 0.7183172517409043 vs. 0.7183172517409043
--------
nle(id0,id1,dist): 127 130 1.891583316978554
list:
dist: 1.891583316978554 vs. 1.891583316978554
--------
nle(id0,id1,dist): 127 129 1.7669500633181683
list:
dist: 1.7669500633181683 vs. 1.7669500633181683
--------
nle(id0,id1,dist): 127 128 2.0552156377544146
list:
dist: 2.0552156377544146 vs. 2.0552156377544146
--------
nle(id0,id1,dist): 126 139 3.3222004944361148
list:
dist: 3.3222004944361148 vs. 3.3222004944361148
--------
nle(id0,id1,dist): 126 140 2.1952320550935616
list:
dist: 2.1952320550935616 vs. 2.1952320550935616
--------
nle(id0,id1,dist): 126 142 2.260090459410403
list:
dist: 2.260090459410403 vs. 2.260090459410403
--------
nle(id0,id1,dist): 126 143 3.1369186313442903
list:
dist: 3.1369186313442903 vs. 3.1369186313442903
--------
nle(id0,id1,dist): 126 144 0.8645001312609117
list:
dist: 0.8645001312609117 vs. 0.8645001312609117
--------
nle(id0,id1,dist): 126 145 2.8071242939075813
list:
dist: 2.8071242939075813 vs. 2.8071242939075813
--------
nle(id0,id1,dist): 126 146 3.0650964457623453
list:
dist: 3.0650964457623453 vs. 3.0650964457623453
--------
nle(id0,id1,dist): 126 147 3.6850744617041697
list:
dist: 3.6850744617041697 vs. 3.6850744617041697
--------
nle(id0,id1,dist): 126 148 3.280571611427456
list:
dist: 3.280571611427456 vs. 3.280571611427456
--------
nle(id0,id1,dist): 126 149 3.4474660946553444
list:
dist: 3.4474660946553444 vs. 3.4474660946553444
--------
nle(id0,id1,dist): 126 128 3.089610799340327
list:
dist: 3.089610799340327 vs. 3.089610799340327
--------
nle(id0,id1,dist): 126 127 1.6805398101670657
list:
dist: 1.6805398101670657 vs. 1.6805398101670657
--------
nle(id0,id1,dist): 126 130 2.5050890949182927
list:
dist: 2.5050890949182927 vs. 2.5050890949182927
--------
nle(id0,id1,dist): 126 129 3.0277342730223418
list:
dist: 3.0277342730223418 vs. 3.0277342730223418
--------
nle(id0,id1,dist): 126 132 2.353162634614842
list:
dist: 2.353162634614842 vs. 2.353162634614842
--------
nle(id0,id1,dist): 126 131 2.0853605451171733
list:
dist: 2.0853605451171733 vs. 2.0853605451171733
--------
nle(id0,id1,dist): 126 133 1.5077471096026789
list:
dist: 1.5077471096026789 vs. 1.5077471096026789
--------
nle(id0,id1,dist): 126 136 2.1031619323868505
list:
dist: 2.1031619323868505 vs. 2.1031619323868505
--------
nle(id0,id1,dist): 126 135 1.286795416619429
list:
dist: 1.286795416619429 vs. 1.286795416619429
--------
nle(id0,id1,dist): 126 138 2.1390513689952475
list:
dist: 2.1390513689952475 vs. 2.1390513689952475
--------
nle(id0,id1,dist): 126 137 2.7950567219238676
list:
dist: 2.7950567219238676 vs. 2.7950567219238676
--------
nle(id0,id1,dist): 125 144 3.4696250491135157
list:
dist: 3.4696250491135157 vs. 3.4696250491135157
--------
nle(id0,id1,dist): 125 148 2.464650844434142
list:
dist: 2.464650844434142 vs. 2.464650844434142
--------
nle(id0,id1,dist): 125 149 2.1383461078198978
list:
dist: 2.1383461078198978 vs. 2.1383461078198978
--------
nle(id0,id1,dist): 125 131 1.35274556132844
list:
dist: 1.35274556132844 vs. 1.35274556132844
--------
nle(id0,id1,dist): 125 130 2.607201515252735
list:
dist: 2.607201515252735 vs. 2.607201515252735
--------
nle(id0,id1,dist): 125 129 1.123437427258423
list:
dist: 1.123437427258423 vs. 1.123437427258423
--------
nle(id0,id1,dist): 125 128 1.408787376338567
list:
dist: 1.408787376338567 vs. 1.408787376338567
--------
nle(id0,id1,dist): 125 134 1.2848591390259494
list:
dist: 1.2848591390259494 vs. 1.2848591390259494
--------
nle(id0,id1,dist): 125 133 3.2476310047495383
list:
dist: 3.2476310047495383 vs. 3.2476310047495383
--------
nle(id0,id1,dist): 125 132 1.809976135322981
list:
dist: 1.809976135322981 vs. 1.809976135322981
--------
nle(id0,id1,dist): 125 139 0.7892673953357376
list:
dist: 0.7892673953357376 vs. 0.7892673953357376
--------
nle(id0,id1,dist): 125 138 2.109719477590728
list:
dist: 2.109719477590728 vs. 2.109719477590728
--------
nle(id0,id1,dist): 125 143 1.134972112919926
list:
dist: 1.134972112919926 vs. 1.134972112919926
--------
nle(id0,id1,dist): 125 142 2.0632161659371704
list:
dist: 2.0632161659371704 vs. 2.0632161659371704
--------
nle(id0,id1,dist): 125 140 1.8379023607304212
list:
dist: 1.8379023607304212 vs. 1.8379023607304212
2. Check the NeighborList query for coordinates against the neighbor list for consistency
list:
dist: 1.8361971430892292 vs. 1.8361971430892292
list:
dist: 1.8180894808163248 vs. 1.8180894808163248
list:
dist: 1.2278103361462072 vs. 1.2278103361462072
list:
dist: 1.5606801914664556 vs. 1.5606801914664556
list:
dist: 1.7835288473623927 vs. 1.7835288473623927
list:
dist: 1.8937158271460308 vs. 1.8937158271460308
list:
dist: 1.2378031014834752 vs. 1.2378031014834752
list:
dist: 0.9623656220007357 vs. 0.9623656220007357
list:
dist: 1.99770615248126 vs. 1.99770615248126
list:
dist: 1.5606801914664556 vs. 1.5606801914664556
list:
dist: 0.9154321063775508 vs. 0.9154321063775508
list:
dist: 1.298856397768969 vs. 1.298856397768969
list:
dist: 1.0883229326267896 vs. 1.0883229326267896
list:
dist: 0.8707807948423922 vs. 0.8707807948423922
list:
dist: 1.2506049004396378 vs. 1.2506049004396378
list:
dist: 2.6056120158780662 vs. 2.6056120158780662
list:
dist: 1.0225727465697187 vs. 1.0225727465697187
list:
dist: 1.4537939147993735 vs. 1.4537939147993735
list:
dist: 1.6344603352986837 vs. 1.6344603352986837
list:
dist: 1.1781464500873449 vs. 1.1781464500873449
list:
dist: 2.005265675286439 vs. 2.005265675286439
list:
dist: 1.7404250511646553 vs. 1.7404250511646553
list:
dist: 1.9737488302055302 vs. 1.9737488302055302
list:
dist: 2.5709004228585512 vs. 2.5709004228585512
list:
dist: 3.1068517428571116 vs. 3.1068517428571116
list:
dist: 2.727010472581595 vs. 2.727010472581595
list:
dist: 3.508274562938777 vs. 3.508274562938777
list:
dist: 2.737587139972657 vs. 2.737587139972657
list:
dist: 2.153769336868222 vs. 2.153769336868222
list:
dist: 3.1751774537640016 vs. 3.1751774537640016
list:
dist: 2.1622463649859487 vs. 2.1622463649859487
list:
dist: 3.670709611251051 vs. 3.670709611251051
list:
dist: 1.8361971430892292 vs. 1.8361971430892292
list:
dist: 1.6544376883498364 vs. 1.6544376883498364
list:
dist: 1.449833823595098 vs. 1.449833823595098
list:
dist: 0.9154321063775508 vs. 0.9154321063775508
list:
dist: 1.7181959584646334 vs. 1.7181959584646334
list:
dist: 2.1609781868577014 vs. 2.1609781868577014
list:
dist: 2.558657344493435 vs. 2.558657344493435
list:
dist: 1.0698433662223672 vs. 1.0698433662223672
list:
dist: 1.4491407398300484 vs. 1.4491407398300484
list:
dist: 1.9459236216731761 vs. 1.9459236216731761
list:
dist: 1.2489776363613596 vs. 1.2489776363613596
list:
dist: 2.685709937957458 vs. 2.685709937957458
list:
dist: 2.2348857398974293 vs. 2.2348857398974293
list:
dist: 2.684864251409366 vs. 2.684864251409366
list:
dist: 2.985889410870989 vs. 2.985889410870989
list:
dist: 3.4760484728812977 vs. 3.4760484728812977
list:
dist: 3.2092238636739814 vs. 3.2092238636739814
list:
dist: 4.111489392087736 vs. 4.111489392087736
list:
dist: 3.0564614065980398 vs. 3.0564614065980398
list:
dist: 2.7073688354852417 vs. 2.7073688354852417
list:
dist: 3.7581199554977958 vs. 3.7581199554977958
list:
dist: 2.9475835025140644 vs. 2.9475835025140644
list:
dist: 4.192604602861285 vs. 4.192604602861285
list:
dist: 1.4491407398300484 vs. 1.4491407398300484
list:
dist: 1.3562952958051366 vs. 1.3562952958051366
list:
dist: 2.5148499506074433 vs. 2.5148499506074433
list:
dist: 1.4537939147993735 vs. 1.4537939147993735
list:
dist: 1.6121884241620414 vs. 1.6121884241620414
list:
dist: 2.301168624132749 vs. 2.301168624132749
list:
dist: 1.1711946762254926 vs. 1.1711946762254926
list:
dist: 0.5707507973756286 vs. 0.5707507973756286
list:
dist: 0.6664338441358436 vs. 0.6664338441358436
list:
dist: 1.6814317476793192 vs. 1.6814317476793192
list:
dist: 1.6987510636696932 vs. 1.6987510636696932
list:
dist: 2.6186427420077956 vs. 2.6186427420077956
list:
dist: 2.4623001606214716 vs. 2.4623001606214716
list:
dist: 1.9125844290681435 vs. 1.9125844290681435
list:
dist: 2.4722629383232384 vs. 2.4722629383232384
list:
dist: 2.2822881443140814 vs. 2.2822881443140814
list:
dist: 2.945875341610156 vs. 2.945875341610156
list:
dist: 1.654130949807126 vs. 1.654130949807126
list:
dist: 1.5675872880152104 vs. 1.5675872880152104
list:
dist: 2.7204737374182524 vs. 2.7204737374182524
list:
dist: 2.2574094705819574 vs. 2.2574094705819574
list:
dist: 2.955805296831516 vs. 2.955805296831516
list:
dist: 0.9623656220007357 vs. 0.9623656220007357
list:
dist: 2.2348857398974293 vs. 2.2348857398974293
list:
dist: 1.3709535926208791 vs. 1.3709535926208791
list:
dist: 1.880290415316242 vs. 1.880290415316242
list:
dist: 1.7404250511646553 vs. 1.7404250511646553
list:
dist: 1.4935532890911927 vs. 1.4935532890911927
list:
dist: 1.7423106396260049 vs. 1.7423106396260049
list:
dist: 3.4978220044833854 vs. 3.4978220044833854
list:
dist: 2.0940619326624486 vs. 2.0940619326624486
list:
dist: 2.6186427420077956 vs. 2.6186427420077956
list:
dist: 2.5935745146985414 vs. 2.5935745146985414
list:
dist: 2.910888291445325 vs. 2.910888291445325
list:
dist: 0.9430133154609173 vs. 0.9430133154609173
list:
dist: 1.143620903310101 vs. 1.143620903310101
list:
dist: 2.553763070316402 vs. 2.553763070316402
list:
dist: 2.7851017368299122 vs. 2.7851017368299122
list:
dist: 2.414072234000557 vs. 2.414072234000557
list:
dist: 3.630242870100364 vs. 3.630242870100364
list:
dist: 3.503345160842202 vs. 3.503345160842202
list:
dist: 2.8461157784994757 vs. 2.8461157784994757
list:
dist: 2.98728012847037 vs. 2.98728012847037
list:
dist: 2.2494442454825303 vs. 2.2494442454825303
list:
dist: 3.7605524221554703 vs. 3.7605524221554703
list:
dist: 3.203300190820099 vs. 3.203300190820099
list:
dist: 1.2278103361462072 vs. 1.2278103361462072
list:
dist: 1.449833823595098 vs. 1.449833823595098
list:
dist: 2.161680358244448 vs. 2.161680358244448
list:
dist: 1.0883229326267896 vs. 1.0883229326267896
list:
dist: 1.6391034764973593 vs. 1.6391034764973593
list:
dist: 1.5061039317453724 vs. 1.5061039317453724
list:
dist: 3.67999864609053 vs. 3.67999864609053
list:
dist: 2.0617269979334756 vs. 2.0617269979334756
list:
dist: 2.5148499506074433 vs. 2.5148499506074433
list:
dist: 2.716100231308776 vs. 2.716100231308776
list:
dist: 1.6353971101549096 vs. 1.6353971101549096
list:
dist: 1.793057467932353 vs. 1.793057467932353
list:
dist: 1.880290415316242 vs. 1.880290415316242
list:
dist: 2.4796034981108463 vs. 2.4796034981108463
list:
dist: 3.5371926202412403 vs. 3.5371926202412403
list:
dist: 4.020969419779418 vs. 4.020969419779418
list:
dist: 3.608509356957676 vs. 3.608509356957676
list:
dist: 4.409470502984989 vs. 4.409470502984989
list:
dist: 3.7988124972383033 vs. 3.7988124972383033
list:
dist: 3.1385298981396272 vs. 3.1385298981396272
list:
dist: 4.048113743655437 vs. 4.048113743655437
list:
dist: 2.8972196100594934 vs. 2.8972196100594934
list:
dist: 4.620757277873183 vs. 4.620757277873183
list:
dist: 1.99770615248126 vs. 1.99770615248126
list:
dist: 2.684864251409366 vs. 2.684864251409366
list:
dist: 1.3139162054377642 vs. 1.3139162054377642
list:
dist: 2.4796034981108463 vs. 2.4796034981108463
list:
dist: 1.9737488302055302 vs. 1.9737488302055302
list:
dist: 1.2385573988054268 vs. 1.2385573988054268
list:
dist: 1.5340203582884178 vs. 1.5340203582884178
list:
dist: 3.1156638422095906 vs. 3.1156638422095906
list:
dist: 2.108670441489299 vs. 2.108670441489299
list:
dist: 2.4623001606214716 vs. 2.4623001606214716
list:
dist: 2.1489234115107 vs. 2.1489234115107
list:
dist: 3.035366031007253 vs. 3.035366031007253
list:
dist: 1.4117455524250995 vs. 1.4117455524250995
list:
dist: 1.143620903310101 vs. 1.143620903310101
list:
dist: 1.765992780363741 vs. 1.765992780363741
list:
dist: 2.0247213721746187 vs. 2.0247213721746187
list:
dist: 1.5431713530175357 vs. 1.5431713530175357
list:
dist: 2.558180127259341 vs. 2.558180127259341
list:
dist: 2.7815647653490276 vs. 2.7815647653490276
list:
dist: 2.056040896139469 vs. 2.056040896139469
list:
dist: 1.9388584721334143 vs. 1.9388584721334143
list:
dist: 1.235235012167356 vs. 1.235235012167356
list:
dist: 2.734224411870208 vs. 2.734224411870208
list:
dist: 2.09736140170842 vs. 2.09736140170842
list:
dist: 1.2378031014834752 vs. 1.2378031014834752
list:
dist: 2.685709937957458 vs. 2.685709937957458
list:
dist: 2.080338499940116 vs. 2.080338499940116
list:
dist: 1.793057467932353 vs. 1.793057467932353
list:
dist: 2.005265675286439 vs. 2.005265675286439
list:
dist: 1.6838278477746857 vs. 1.6838278477746857
list:
dist: 1.468729236528095 vs. 1.468729236528095
list:
dist: 0.9430133154609173 vs. 0.9430133154609173
list:
dist: 1.4117455524250995 vs. 1.4117455524250995
list:
dist: 1.7835288473623927 vs. 1.7835288473623927
list:
dist: 1.7181959584646334 vs. 1.7181959584646334
list:
dist: 1.0604808101237793 vs. 1.0604808101237793
list:
dist: 1.6391034764973593 vs. 1.6391034764973593
list:
dist: 0.8707807948423922 vs. 0.8707807948423922
list:
dist: 0.7912259800105392 vs. 0.7912259800105392
list:
dist: 2.564137754113263 vs. 2.564137754113263
list:
dist: 1.2666708418479122 vs. 1.2666708418479122
list:
dist: 1.6121884241620414 vs. 1.6121884241620414
list:
dist: 1.4297606520361323 vs. 1.4297606520361323
list:
dist: 1.805760028197843 vs. 1.805760028197843
list:
dist: 1.6838278477746857 vs. 1.6838278477746857
list:
dist: 1.4935532890911927 vs. 1.4935532890911927
list:
dist: 1.2385573988054268 vs. 1.2385573988054268
list:
dist: 1.9942601439314864 vs. 1.9942601439314864
list:
dist: 2.5283168334843906 vs. 2.5283168334843906
list:
dist: 2.0675211756360046 vs. 2.0675211756360046
list:
dist: 2.778914310090888 vs. 2.778914310090888
list:
dist: 2.3671952951449717 vs. 2.3671952951449717
list:
dist: 1.6094743194307473 vs. 1.6094743194307473
list:
dist: 2.423635766364128 vs. 2.423635766364128
list:
dist: 1.3206391284938097 vs. 1.3206391284938097
list:
dist: 2.986707431115478 vs. 2.986707431115478
list:
dist: 1.8180894808163248 vs. 1.8180894808163248
list:
dist: 1.6544376883498364 vs. 1.6544376883498364
list:
dist: 2.161680358244448 vs. 2.161680358244448
list:
dist: 1.298856397768969 vs. 1.298856397768969
list:
dist: 1.0604808101237793 vs. 1.0604808101237793
list:
dist: 1.8139683912352698 vs. 1.8139683912352698
list:
dist: 2.128585216670447 vs. 2.128585216670447
list:
dist: 0.9306556103144051 vs. 0.9306556103144051
list:
dist: 1.3562952958051366 vs. 1.3562952958051366
list:
dist: 1.337497388169987 vs. 1.337497388169987
list:
dist: 2.307159646436994 vs. 2.307159646436994
list:
dist: 2.080338499940116 vs. 2.080338499940116
list:
dist: 1.3709535926208791 vs. 1.3709535926208791
list:
dist: 1.3139162054377642 vs. 1.3139162054377642
list:
dist: 1.5321852602046782 vs. 1.5321852602046782
list:
dist: 1.9324050344045813 vs. 1.9324050344045813
list:
dist: 1.6328567188152816 vs. 1.6328567188152816
list:
dist: 2.837890363742227 vs. 2.837890363742227
list:
dist: 2.2728683082830075 vs. 2.2728683082830075
list:
dist: 1.8181256562774517 vs. 1.8181256562774517
list:
dist: 2.2823881307811114 vs. 2.2823881307811114
list:
dist: 1.77543246495071 vs. 1.77543246495071
list:
dist: 2.878269443481731 vs. 2.878269443481731
list:
dist: 1.9459236216731761 vs. 1.9459236216731761
list:
dist: 1.337497388169987 vs. 1.337497388169987
list:
dist: 2.716100231308776 vs. 2.716100231308776
list:
dist: 1.6344603352986837 vs. 1.6344603352986837
list:
dist: 1.4297606520361323 vs. 1.4297606520361323
list:
dist: 2.100825764612161 vs. 2.100825764612161
list:
dist: 1.1753237379647439 vs. 1.1753237379647439
list:
dist: 0.9543677919695196 vs. 0.9543677919695196
list:
dist: 0.6664338441358436 vs. 0.6664338441358436
list:
dist: 1.9670155445784572 vs. 1.9670155445784572
list:
dist: 1.5480626877629324 vs. 1.5480626877629324
list:
dist: 2.5935745146985414 vs. 2.5935745146985414
list:
dist: 2.1489234115107 vs. 2.1489234115107
list:
dist: 1.4382066973735201 vs. 1.4382066973735201
list:
dist: 2.06590406718616 vs. 2.06590406718616
list:
dist: 1.8156476656133576 vs. 1.8156476656133576
list:
dist: 2.294794511013974 vs. 2.294794511013974
list:
dist: 1.13244080847585 vs. 1.13244080847585
list:
dist: 0.9065295373775868 vs. 0.9065295373775868
list:
dist: 2.128272137263242 vs. 2.128272137263242
list:
dist: 1.6958063009560957 vs. 1.6958063009560957
list:
dist: 2.340799259412375 vs. 2.340799259412375
list:
dist: 5.008096185295083 vs. 5.008096185295083
list:
dist: 4.806336753683414 vs. 4.806336753683414
list:
dist: 1.0698433662223672 vs. 1.0698433662223672
list:
dist: 0.9306556103144051 vs. 0.9306556103144051
list:
dist: 2.0617269979334756 vs. 2.0617269979334756
list:
dist: 1.0225727465697187 vs. 1.0225727465697187
list:
dist: 1.2666708418479122 vs. 1.2666708418479122
list:
dist: 1.982840094007838 vs. 1.982840094007838
list:
dist: 1.6609247172279809 vs. 1.6609247172279809
list:
dist: 0.5707507973756286 vs. 0.5707507973756286
list:
dist: 0.9543677919695196 vs. 0.9543677919695196
list:
dist: 1.6056088602575893 vs. 1.6056088602575893
list:
dist: 2.234261356248464 vs. 2.234261356248464
list:
dist: 2.0940619326624486 vs. 2.0940619326624486
list:
dist: 2.108670441489299 vs. 2.108670441489299
list:
dist: 1.9528054517792115 vs. 1.9528054517792115
list:
dist: 2.4758555262030075 vs. 2.4758555262030075
list:
dist: 2.2320577205613032 vs. 2.2320577205613032
list:
dist: 3.1132705050519767 vs. 3.1132705050519767
list:
dist: 2.059217115588754 vs. 2.059217115588754
list:
dist: 1.7688863992153907 vs. 1.7688863992153907
list:
dist: 2.7639008700698877 vs. 2.7639008700698877
list:
dist: 2.167608631065942 vs. 2.167608631065942
list:
dist: 3.1524461749785235 vs. 3.1524461749785235
list:
dist: 2.9475835025140644 vs. 2.9475835025140644
list:
dist: 1.77543246495071 vs. 1.77543246495071
list:
dist: 2.8972196100594934 vs. 2.8972196100594934
list:
dist: 2.1622463649859487 vs. 2.1622463649859487
list:
dist: 1.3206391284938097 vs. 1.3206391284938097
list:
dist: 1.5433819113341776 vs. 1.5433819113341776
list:
dist: 2.7024441441804683 vs. 2.7024441441804683
list:
dist: 2.167608631065942 vs. 2.167608631065942
list:
dist: 2.2574094705819574 vs. 2.2574094705819574
list:
dist: 1.6958063009560957 vs. 1.6958063009560957
list:
dist: 2.84536982448941 vs. 2.84536982448941
list:
dist: 2.899361752536703 vs. 2.899361752536703
list:
dist: 2.2494442454825303 vs. 2.2494442454825303
list:
dist: 1.235235012167356 vs. 1.235235012167356
list:
dist: 1.5049762218618437 vs. 1.5049762218618437
list:
dist: 1.9803314641892769 vs. 1.9803314641892769
list:
dist: 1.4541489168500477 vs. 1.4541489168500477
list:
dist: 1.6155390743043165 vs. 1.6155390743043165
list:
dist: 1.9712906201297384 vs. 1.9712906201297384
list:
dist: 1.1281619409063295 vs. 1.1281619409063295
list:
dist: 1.3750117514738716 vs. 1.3750117514738716
list:
dist: 1.9292055839631757 vs. 1.9292055839631757
list:
dist: 4.6752596351852995 vs. 4.6752596351852995
list:
dist: 4.378559200977825 vs. 4.378559200977825
list:
dist: 1.6314069580253312 vs. 1.6314069580253312
list:
dist: 3.238830905858233 vs. 3.238830905858233
list:
dist: 3.3869749340136166 vs. 3.3869749340136166
list:
dist: 3.2092238636739814 vs. 3.2092238636739814
list:
dist: 1.6328567188152816 vs. 1.6328567188152816
list:
dist: 3.608509356957676 vs. 3.608509356957676
list:
dist: 2.727010472581595 vs. 2.727010472581595
list:
dist: 2.0675211756360046 vs. 2.0675211756360046
list:
dist: 2.6509099691763325 vs. 2.6509099691763325
list:
dist: 2.289929945010854 vs. 2.289929945010854
list:
dist: 2.2320577205613032 vs. 2.2320577205613032
list:
dist: 2.2822881443140814 vs. 2.2822881443140814
list:
dist: 1.8156476656133576 vs. 1.8156476656133576
list:
dist: 3.551805661550139 vs. 3.551805661550139
list:
dist: 2.6026886623857948 vs. 2.6026886623857948
list:
dist: 2.414072234000557 vs. 2.414072234000557
list:
dist: 1.5431713530175357 vs. 1.5431713530175357
list:
dist: 0.4708913189479078 vs. 0.4708913189479078
list:
dist: 0.5441460875392499 vs. 0.5441460875392499
list:
dist: 1.5706567450199242 vs. 1.5706567450199242
list:
dist: 1.8614739626923056 vs. 1.8614739626923056
list:
dist: 1.5901675999636657 vs. 1.5901675999636657
list:
dist: 0.8046745393320702 vs. 0.8046745393320702
list:
dist: 1.4541489168500477 vs. 1.4541489168500477
list:
dist: 1.494221529817319 vs. 1.494221529817319
list:
dist: 1.3277130606150258 vs. 1.3277130606150258
list:
dist: 2.9237420373669165 vs. 2.9237420373669165
list:
dist: 2.9493040236110293 vs. 2.9493040236110293
list:
dist: 2.558657344493435 vs. 2.558657344493435
list:
dist: 2.128585216670447 vs. 2.128585216670447
list:
dist: 3.67999864609053 vs. 3.67999864609053
list:
dist: 2.6056120158780662 vs. 2.6056120158780662
list:
dist: 2.564137754113263 vs. 2.564137754113263
list:
dist: 3.2681970452646762 vs. 3.2681970452646762
list:
dist: 1.6609247172279809 vs. 1.6609247172279809
list:
dist: 1.1711946762254926 vs. 1.1711946762254926
list:
dist: 1.1753237379647439 vs. 1.1753237379647439
list:
dist: 2.724132062038116 vs. 2.724132062038116
list:
dist: 0.7027463441727888 vs. 0.7027463441727888
list:
dist: 3.4978220044833854 vs. 3.4978220044833854
list:
dist: 3.1156638422095906 vs. 3.1156638422095906
list:
dist: 1.8249774537270298 vs. 1.8249774537270298
list:
dist: 2.257070323726106 vs. 2.257070323726106
list:
dist: 2.289929945010854 vs. 2.289929945010854
list:
dist: 2.697739369002414 vs. 2.697739369002414
list:
dist: 1.1675347476039857 vs. 1.1675347476039857
list:
dist: 1.7308168954521923 vs. 1.7308168954521923
list:
dist: 2.605793644529698 vs. 2.605793644529698
list:
dist: 2.7024441441804683 vs. 2.7024441441804683
list:
dist: 2.546197661074541 vs. 2.546197661074541
list:
dist: 1.2489776363613596 vs. 1.2489776363613596
list:
dist: 2.307159646436994 vs. 2.307159646436994
list:
dist: 1.6353971101549096 vs. 1.6353971101549096
list:
dist: 1.1781464500873449 vs. 1.1781464500873449
list:
dist: 1.805760028197843 vs. 1.805760028197843
list:
dist: 1.953923897239705 vs. 1.953923897239705
list:
dist: 2.724132062038116 vs. 2.724132062038116
list:
dist: 1.6056088602575893 vs. 1.6056088602575893
list:
dist: 1.6814317476793192 vs. 1.6814317476793192
list:
dist: 1.9670155445784572 vs. 1.9670155445784572
list:
dist: 3.038838889057325 vs. 3.038838889057325
list:
dist: 2.910888291445325 vs. 2.910888291445325
list:
dist: 3.035366031007253 vs. 3.035366031007253
list:
dist: 3.2879477719312433 vs. 3.2879477719312433
list:
dist: 3.8992645318654726 vs. 3.8992645318654726
list:
dist: 3.551805661550139 vs. 3.551805661550139
list:
dist: 3.984946407159286 vs. 3.984946407159286
list:
dist: 2.9126250881747255 vs. 2.9126250881747255
list:
dist: 2.495262213222432 vs. 2.495262213222432
list:
dist: 3.87034086437936 vs. 3.87034086437936
list:
dist: 2.84536982448941 vs. 2.84536982448941
list:
dist: 4.16352925105872 vs. 4.16352925105872
list:
dist: 5.635248737265583 vs. 5.635248737265583
list:
dist: 5.359748943777521 vs. 5.359748943777521
list:
dist: 0.7027463441727888 vs. 0.7027463441727888
list:
dist: 2.234261356248464 vs. 2.234261356248464
list:
dist: 1.6987510636696932 vs. 1.6987510636696932
list:
dist: 1.5480626877629324 vs. 1.5480626877629324
list:
dist: 3.038838889057325 vs. 3.038838889057325
list:
dist: 2.135800572079193 vs. 2.135800572079193
list:
dist: 2.5628317387498356 vs. 2.5628317387498356
list:
dist: 2.6026886623857948 vs. 2.6026886623857948
list:
dist: 2.594709910550451 vs. 2.594709910550451
list:
dist: 1.0114950750176028 vs. 1.0114950750176028
list:
dist: 1.8096831561589246 vs. 1.8096831561589246
list:
dist: 2.7178969909985344 vs. 2.7178969909985344
list:
dist: 2.899361752536703 vs. 2.899361752536703
list:
dist: 2.4399768700804465 vs. 2.4399768700804465
list:
dist: 3.0564614065980398 vs. 3.0564614065980398
list:
dist: 2.2728683082830075 vs. 2.2728683082830075
list:
dist: 3.7988124972383033 vs. 3.7988124972383033
list:
dist: 2.737587139972657 vs. 2.737587139972657
list:
dist: 2.3671952951449717 vs. 2.3671952951449717
list:
dist: 2.931577602498944 vs. 2.931577602498944
list:
dist: 1.1675347476039857 vs. 1.1675347476039857
list:
dist: 2.059217115588754 vs. 2.059217115588754
list:
dist: 1.654130949807126 vs. 1.654130949807126
list:
dist: 1.13244080847585 vs. 1.13244080847585
list:
dist: 2.9126250881747255 vs. 2.9126250881747255
list:
dist: 1.0114950750176028 vs. 1.0114950750176028
list:
dist: 3.503345160842202 vs. 3.503345160842202
list:
dist: 2.7815647653490276 vs. 2.7815647653490276
list:
dist: 1.4396243186620945 vs. 1.4396243186620945
list:
dist: 1.9625835745241138 vs. 1.9625835745241138
list:
dist: 1.8614739626923056 vs. 1.8614739626923056
list:
dist: 1.650893483045767 vs. 1.650893483045767
list:
dist: 0.9063653876562916 vs. 0.9063653876562916
list:
dist: 1.820324868886798 vs. 1.820324868886798
list:
dist: 1.9712906201297384 vs. 1.9712906201297384
list:
dist: 1.5977817505498875 vs. 1.5977817505498875
list:
dist: 4.303141313907776 vs. 4.303141313907776
list:
dist: 4.180412767175859 vs. 4.180412767175859
list:
dist: 2.4854870501656494 vs. 2.4854870501656494
list:
dist: 2.4346564059566087 vs. 2.4346564059566087
list:
dist: 3.235261494455546 vs. 3.235261494455546
list:
dist: 1.8937158271460308 vs. 1.8937158271460308
list:
dist: 2.1609781868577014 vs. 2.1609781868577014
list:
dist: 1.8139683912352698 vs. 1.8139683912352698
list:
dist: 1.5061039317453724 vs. 1.5061039317453724
list:
dist: 1.2506049004396378 vs. 1.2506049004396378
list:
dist: 0.7912259800105392 vs. 0.7912259800105392
list:
dist: 3.2681970452646762 vs. 3.2681970452646762
list:
dist: 1.982840094007838 vs. 1.982840094007838
list:
dist: 2.301168624132749 vs. 2.301168624132749
list:
dist: 2.100825764612161 vs. 2.100825764612161
list:
dist: 1.953923897239705 vs. 1.953923897239705
list:
dist: 1.468729236528095 vs. 1.468729236528095
list:
dist: 1.7423106396260049 vs. 1.7423106396260049
list:
dist: 1.5340203582884178 vs. 1.5340203582884178
list:
dist: 2.6429590080282988 vs. 2.6429590080282988
list:
dist: 3.159427913994335 vs. 3.159427913994335
list:
dist: 2.6509099691763325 vs. 2.6509099691763325
list:
dist: 3.125406581120093 vs. 3.125406581120093
list:
dist: 2.931577602498944 vs. 2.931577602498944
list:
dist: 2.0822375586264394 vs. 2.0822375586264394
list:
dist: 2.861082228839501 vs. 2.861082228839501
list:
dist: 1.5433819113341776 vs. 1.5433819113341776
list:
dist: 3.423925110889616 vs. 3.423925110889616
list:
dist: 2.985889410870989 vs. 2.985889410870989
list:
dist: 1.5321852602046782 vs. 1.5321852602046782
list:
dist: 3.5371926202412403 vs. 3.5371926202412403
list:
dist: 2.5709004228585512 vs. 2.5709004228585512
list:
dist: 1.9942601439314864 vs. 1.9942601439314864
list:
dist: 2.6429590080282988 vs. 2.6429590080282988
list:
dist: 1.8249774537270298 vs. 1.8249774537270298
list:
dist: 1.9528054517792115 vs. 1.9528054517792115
list:
dist: 1.9125844290681435 vs. 1.9125844290681435
list:
dist: 1.4382066973735201 vs. 1.4382066973735201
list:
dist: 3.2879477719312433 vs. 3.2879477719312433
list:
dist: 2.135800572079193 vs. 2.135800572079193
list:
dist: 2.553763070316402 vs. 2.553763070316402
list:
dist: 1.765992780363741 vs. 1.765992780363741
list:
dist: 0.657831120285347 vs. 0.657831120285347
list:
dist: 0.4708913189479078 vs. 0.4708913189479078
list:
dist: 1.547157276680642 vs. 1.547157276680642
list:
dist: 1.4396243186620945 vs. 1.4396243186620945
list:
dist: 1.298858155560269 vs. 1.298858155560269
list:
dist: 0.974016202655299 vs. 0.974016202655299
list:
dist: 1.5049762218618437 vs. 1.5049762218618437
list:
dist: 1.4346911634775066 vs. 1.4346911634775066
list:
dist: 1.6328277998991052 vs. 1.6328277998991052
list:
dist: 2.8131623280646973 vs. 2.8131623280646973
list:
dist: 3.04162937704418 vs. 3.04162937704418
list:
dist: 2.7073688354852417 vs. 2.7073688354852417
list:
dist: 1.8181256562774517 vs. 1.8181256562774517
list:
dist: 3.1385298981396272 vs. 3.1385298981396272
list:
dist: 2.153769336868222 vs. 2.153769336868222
list:
dist: 1.6094743194307473 vs. 1.6094743194307473
list:
dist: 2.0822375586264394 vs. 2.0822375586264394
list:
dist: 1.7308168954521923 vs. 1.7308168954521923
list:
dist: 1.7688863992153907 vs. 1.7688863992153907
list:
dist: 1.5675872880152104 vs. 1.5675872880152104
list:
dist: 0.9065295373775868 vs. 0.9065295373775868
list:
dist: 2.495262213222432 vs. 2.495262213222432
list:
dist: 1.8096831561589246 vs. 1.8096831561589246
list:
dist: 2.8461157784994757 vs. 2.8461157784994757
list:
dist: 2.056040896139469 vs. 2.056040896139469
list:
dist: 1.298858155560269 vs. 1.298858155560269
list:
dist: 1.9320365458334445 vs. 1.9320365458334445
list:
dist: 1.5901675999636657 vs. 1.5901675999636657
list:
dist: 1.5068617385908243 vs. 1.5068617385908243
list:
dist: 0.9063653876562916 vs. 0.9063653876562916
list:
dist: 1.54876686585514 vs. 1.54876686585514
list:
dist: 1.1281619409063295 vs. 1.1281619409063295
list:
dist: 1.6777399061451927 vs. 1.6777399061451927
list:
dist: 4.302652190129034 vs. 4.302652190129034
list:
dist: 4.084724299671214 vs. 4.084724299671214
list:
dist: 2.124224398195083 vs. 2.124224398195083
list:
dist: 2.8073653223062545 vs. 2.8073653223062545
list:
dist: 3.3626638403583358 vs. 3.3626638403583358
list:
dist: 4.111489392087736 vs. 4.111489392087736
list:
dist: 2.837890363742227 vs. 2.837890363742227
list:
dist: 4.409470502984989 vs. 4.409470502984989
list:
dist: 3.508274562938777 vs. 3.508274562938777
list:
dist: 2.778914310090888 vs. 2.778914310090888
list:
dist: 3.125406581120093 vs. 3.125406581120093
list:
dist: 2.697739369002414 vs. 2.697739369002414
list:
dist: 3.1132705050519767 vs. 3.1132705050519767
list:
dist: 2.945875341610156 vs. 2.945875341610156
list:
dist: 2.294794511013974 vs. 2.294794511013974
list:
dist: 3.984946407159286 vs. 3.984946407159286
list:
dist: 2.594709910550451 vs. 2.594709910550451
list:
dist: 3.630242870100364 vs. 3.630242870100364
list:
dist: 2.558180127259341 vs. 2.558180127259341
list:
dist: 1.547157276680642 vs. 1.547157276680642
list:
dist: 1.7588914474446793 vs. 1.7588914474446793
list:
dist: 1.5706567450199242 vs. 1.5706567450199242
list:
dist: 1.650893483045767 vs. 1.650893483045767
list:
dist: 1.5068617385908243 vs. 1.5068617385908243
list:
dist: 0.8412570128892176 vs. 0.8412570128892176
list:
dist: 1.6155390743043165 vs. 1.6155390743043165
list:
dist: 0.48224040445811245 vs. 0.48224040445811245
list:
dist: 4.025494764021199 vs. 4.025494764021199
list:
dist: 3.8592730913003295 vs. 3.8592730913003295
list:
dist: 1.1214084955562371 vs. 1.1214084955562371
list:
dist: 1.6458850895177546 vs. 1.6458850895177546
list:
dist: 1.883244159292751 vs. 1.883244159292751
list:
dist: 4.192604602861285 vs. 4.192604602861285
list:
dist: 2.878269443481731 vs. 2.878269443481731
list:
dist: 4.620757277873183 vs. 4.620757277873183
list:
dist: 3.670709611251051 vs. 3.670709611251051
list:
dist: 2.986707431115478 vs. 2.986707431115478
list:
dist: 3.423925110889616 vs. 3.423925110889616
list:
dist: 2.546197661074541 vs. 2.546197661074541
list:
dist: 3.1524461749785235 vs. 3.1524461749785235
list:
dist: 2.955805296831516 vs. 2.955805296831516
list:
dist: 2.340799259412375 vs. 2.340799259412375
list:
dist: 4.16352925105872 vs. 4.16352925105872
list:
dist: 2.4399768700804465 vs. 2.4399768700804465
list:
dist: 3.7605524221554703 vs. 3.7605524221554703
list:
dist: 2.734224411870208 vs. 2.734224411870208
list:
dist: 1.4346911634775066 vs. 1.4346911634775066
list:
dist: 1.529875196344693 vs. 1.529875196344693
list:
dist: 1.494221529817319 vs. 1.494221529817319
list:
dist: 0.48224040445811245 vs. 0.48224040445811245
list:
dist: 1.5977817505498875 vs. 1.5977817505498875
list:
dist: 1.6777399061451927 vs. 1.6777399061451927
list:
dist: 0.8547408146956464 vs. 0.8547408146956464
list:
dist: 1.9292055839631757 vs. 1.9292055839631757
list:
dist: 4.292254909014621 vs. 4.292254909014621
list:
dist: 4.168679500830245 vs. 4.168679500830245
list:
dist: 1.2421403935275133 vs. 1.2421403935275133
list:
dist: 1.4546157228122363 vs. 1.4546157228122363
list:
dist: 1.73449036977244 vs. 1.73449036977244
list:
dist: 4.071195870860808 vs. 4.071195870860808
list:
dist: 4.301923441397789 vs. 4.301923441397789
list:
dist: 2.120723323732002 vs. 2.120723323732002
list:
dist: 2.4835543807117153 vs. 2.4835543807117153
list:
dist: 3.4760484728812977 vs. 3.4760484728812977
list:
dist: 1.9324050344045813 vs. 1.9324050344045813
list:
dist: 4.020969419779418 vs. 4.020969419779418
list:
dist: 3.1068517428571116 vs. 3.1068517428571116
list:
dist: 2.5283168334843906 vs. 2.5283168334843906
list:
dist: 3.159427913994335 vs. 3.159427913994335
list:
dist: 2.257070323726106 vs. 2.257070323726106
list:
dist: 2.4758555262030075 vs. 2.4758555262030075
list:
dist: 2.4722629383232384 vs. 2.4722629383232384
list:
dist: 2.06590406718616 vs. 2.06590406718616
list:
dist: 3.8992645318654726 vs. 3.8992645318654726
list:
dist: 2.5628317387498356 vs. 2.5628317387498356
list:
dist: 2.7851017368299122 vs. 2.7851017368299122
list:
dist: 2.0247213721746187 vs. 2.0247213721746187
list:
dist: 0.657831120285347 vs. 0.657831120285347
list:
dist: 0.5441460875392499 vs. 0.5441460875392499
list:
dist: 1.7588914474446793 vs. 1.7588914474446793
list:
dist: 1.9625835745241138 vs. 1.9625835745241138
list:
dist: 1.9320365458334445 vs. 1.9320365458334445
list:
dist: 1.055568768566922 vs. 1.055568768566922
list:
dist: 1.9803314641892769 vs. 1.9803314641892769
list:
dist: 1.529875196344693 vs. 1.529875196344693
list:
dist: 1.563182785351759 vs. 1.563182785351759
list:
dist: 2.8418293382605575 vs. 2.8418293382605575
list:
dist: 2.8619785538808205 vs. 2.8619785538808205
list:
dist: 3.7581199554977958 vs. 3.7581199554977958
list:
dist: 2.2823881307811114 vs. 2.2823881307811114
list:
dist: 4.048113743655437 vs. 4.048113743655437
list:
dist: 3.1751774537640016 vs. 3.1751774537640016
list:
dist: 2.423635766364128 vs. 2.423635766364128
list:
dist: 2.861082228839501 vs. 2.861082228839501
list:
dist: 2.605793644529698 vs. 2.605793644529698
list:
dist: 2.7639008700698877 vs. 2.7639008700698877
list:
dist: 2.7204737374182524 vs. 2.7204737374182524
list:
dist: 2.128272137263242 vs. 2.128272137263242
list:
dist: 3.87034086437936 vs. 3.87034086437936
list:
dist: 2.7178969909985344 vs. 2.7178969909985344
list:
dist: 2.98728012847037 vs. 2.98728012847037
list:
dist: 1.9388584721334143 vs. 1.9388584721334143
list:
dist: 0.974016202655299 vs. 0.974016202655299
list:
dist: 1.055568768566922 vs. 1.055568768566922
list:
dist: 0.8046745393320702 vs. 0.8046745393320702
list:
dist: 0.8412570128892176 vs. 0.8412570128892176
list:
dist: 1.820324868886798 vs. 1.820324868886798
list:
dist: 1.54876686585514 vs. 1.54876686585514
list:
dist: 1.3750117514738716 vs. 1.3750117514738716
list:
dist: 0.8547408146956464 vs. 0.8547408146956464
list:
dist: 4.8319380530956355 vs. 4.8319380530956355
list:
dist: 4.638996556486197 vs. 4.638996556486197
list:
dist: 0.7124315790088436 vs. 0.7124315790088436
list:
dist: 2.2866588525459632 vs. 2.2866588525459632
list:
dist: 2.2561500683767655 vs. 2.2561500683767655
list:
dist: 3.203300190820099 vs. 3.203300190820099
list:
dist: 2.09736140170842 vs. 2.09736140170842
list:
dist: 1.6328277998991052 vs. 1.6328277998991052
list:
dist: 1.563182785351759 vs. 1.563182785351759
list:
dist: 1.3277130606150258 vs. 1.3277130606150258
list:
dist: 1.1214084955562371 vs. 1.1214084955562371
list:
dist: 2.4854870501656494 vs. 2.4854870501656494
list:
dist: 2.124224398195083 vs. 2.124224398195083
list:
dist: 0.7124315790088436 vs. 0.7124315790088436
list:
dist: 1.6314069580253312 vs. 1.6314069580253312
list:
dist: 1.2421403935275133 vs. 1.2421403935275133
list:
dist: 4.921006398520493 vs. 4.921006398520493
list:
dist: 4.707299186229112 vs. 4.707299186229112
list:
dist: 2.4440307286290546 vs. 2.4440307286290546
list:
dist: 2.052145922091999 vs. 2.052145922091999
list:
dist: 3.04162937704418 vs. 3.04162937704418
list:
dist: 2.8619785538808205 vs. 2.8619785538808205
list:
dist: 2.9493040236110293 vs. 2.9493040236110293
list:
dist: 1.883244159292751 vs. 1.883244159292751
list:
dist: 3.235261494455546 vs. 3.235261494455546
list:
dist: 3.3626638403583358 vs. 3.3626638403583358
list:
dist: 2.2561500683767655 vs. 2.2561500683767655
list:
dist: 3.3869749340136166 vs. 3.3869749340136166
list:
dist: 1.73449036977244 vs. 1.73449036977244
list:
dist: 4.460337423468884 vs. 4.460337423468884
list:
dist: 4.425519344325854 vs. 4.425519344325854
list:
dist: 2.052145922091999 vs. 2.052145922091999
list:
dist: 1.287896187257882 vs. 1.287896187257882
list:
dist: 2.4835543807117153 vs. 2.4835543807117153
list:
dist: 2.8131623280646973 vs. 2.8131623280646973
list:
dist: 2.8418293382605575 vs. 2.8418293382605575
list:
dist: 2.9237420373669165 vs. 2.9237420373669165
list:
dist: 1.6458850895177546 vs. 1.6458850895177546
list:
dist: 2.4346564059566087 vs. 2.4346564059566087
list:
dist: 2.8073653223062545 vs. 2.8073653223062545
list:
dist: 2.2866588525459632 vs. 2.2866588525459632
list:
dist: 3.238830905858233 vs. 3.238830905858233
list:
dist: 1.4546157228122363 vs. 1.4546157228122363
list:
dist: 3.709915693298616 vs. 3.709915693298616
list:
dist: 3.7380900349603454 vs. 3.7380900349603454
list:
dist: 2.4440307286290546 vs. 2.4440307286290546
list:
dist: 1.287896187257882 vs. 1.287896187257882
list:
dist: 2.120723323732002 vs. 2.120723323732002
list:
dist: 5.008096185295083 vs. 5.008096185295083
list:
dist: 5.635248737265583 vs. 5.635248737265583
list:
dist: 4.025494764021199 vs. 4.025494764021199
list:
dist: 4.303141313907776 vs. 4.303141313907776
list:
dist: 4.302652190129034 vs. 4.302652190129034
list:
dist: 4.8319380530956355 vs. 4.8319380530956355
list:
dist: 4.6752596351852995 vs. 4.6752596351852995
list:
dist: 4.292254909014621 vs. 4.292254909014621
list:
dist: 0.478276232683793 vs. 0.478276232683793
list:
dist: 1.7537929258491352 vs. 1.7537929258491352
list:
dist: 1.3907050058731547 vs. 1.3907050058731547
list:
dist: 2.2351440198713273 vs. 2.2351440198713273
list:
dist: 1.7797510419602476 vs. 1.7797510419602476
list:
dist: 1.7135015963651805 vs. 1.7135015963651805
list:
dist: 1.1446861957497878 vs. 1.1446861957497878
list:
dist: 1.2586730883747432 vs. 1.2586730883747432
list:
dist: 4.921006398520493 vs. 4.921006398520493
list:
dist: 3.709915693298616 vs. 3.709915693298616
list:
dist: 4.460337423468884 vs. 4.460337423468884
list:
dist: 1.9555816196947153 vs. 1.9555816196947153
list:
dist: 2.7752851682546607 vs. 2.7752851682546607
list:
dist: 2.8699372023056564 vs. 2.8699372023056564
list:
dist: 2.285815603545301 vs. 2.285815603545301
list:
dist: 2.108179777774205 vs. 2.108179777774205
list:
dist: 1.9372131063959264 vs. 1.9372131063959264
list:
dist: 3.0709738009871126 vs. 3.0709738009871126
list:
dist: 3.387309454389545 vs. 3.387309454389545
list:
dist: 3.362958606440458 vs. 3.362958606440458
list:
dist: 4.071195870860808 vs. 4.071195870860808
list:
dist: 2.603234119541043 vs. 2.603234119541043
list:
dist: 2.63301341535448 vs. 2.63301341535448
list:
dist: 2.485273997588726 vs. 2.485273997588726
list:
dist: 2.9746888314464353 vs. 2.9746888314464353
list:
dist: 3.257961947250751 vs. 3.257961947250751
list:
dist: 1.3907050058731547 vs. 1.3907050058731547
list:
dist: 1.088664988954814 vs. 1.088664988954814
list:
dist: 1.2350433772744596 vs. 1.2350433772744596
list:
dist: 1.266264335967919 vs. 1.266264335967919
list:
dist: 0.6563516046001014 vs. 0.6563516046001014
list:
dist: 2.0834655012554815 vs. 2.0834655012554815
list:
dist: 1.444556451735542 vs. 1.444556451735542
list:
dist: 2.0618381956108203 vs. 2.0618381956108203
list:
dist: 2.5478656124510275 vs. 2.5478656124510275
list:
dist: 3.5251490917485433 vs. 3.5251490917485433
list:
dist: 1.7934400132943709 vs. 1.7934400132943709
list:
dist: 2.7946249047475162 vs. 2.7946249047475162
list:
dist: 2.6109905063525356 vs. 2.6109905063525356
list:
dist: 2.2133256128668375 vs. 2.2133256128668375
list:
dist: 2.362031605513523 vs. 2.362031605513523
list:
dist: 2.579343386522036 vs. 2.579343386522036
list:
dist: 2.6547544654856274 vs. 2.6547544654856274
list:
dist: 3.4444196440334793 vs. 3.4444196440334793
list:
dist: 3.5659496020798116 vs. 3.5659496020798116
list:
dist: 2.947941657754229 vs. 2.947941657754229
list:
dist: 3.1353729530241927 vs. 3.1353729530241927
list:
dist: 2.870274104085501 vs. 2.870274104085501
list:
dist: 3.185374516291062 vs. 3.185374516291062
list:
dist: 3.6101648740026646 vs. 3.6101648740026646
list:
dist: 3.904106126517654 vs. 3.904106126517654
list:
dist: 3.033667883940615 vs. 3.033667883940615
list:
dist: 2.6417133385521208 vs. 2.6417133385521208
list:
dist: 3.013062408578283 vs. 3.013062408578283
list:
dist: 2.7907262433487454 vs. 2.7907262433487454
list:
dist: 2.2351440198713273 vs. 2.2351440198713273
list:
dist: 1.985628476286384 vs. 1.985628476286384
list:
dist: 0.6714414856490561 vs. 0.6714414856490561
list:
dist: 1.266264335967919 vs. 1.266264335967919
list:
dist: 1.2959334561753781 vs. 1.2959334561753781
list:
dist: 2.088969282528373 vs. 2.088969282528373
list:
dist: 1.9246838402760083 vs. 1.9246838402760083
list:
dist: 2.558375795045236 vs. 2.558375795045236
list:
dist: 1.909944650327279 vs. 1.909944650327279
list:
dist: 2.6303527153622452 vs. 2.6303527153622452
list:
dist: 1.4604954249978923 vs. 1.4604954249978923
list:
dist: 2.0897099823445915 vs. 2.0897099823445915
list:
dist: 1.8622948281150666 vs. 1.8622948281150666
list:
dist: 1.4819586147371682 vs. 1.4819586147371682
list:
dist: 1.8895203750130516 vs. 1.8895203750130516
list:
dist: 2.4046433441088113 vs. 2.4046433441088113
list:
dist: 1.8268831813707924 vs. 1.8268831813707924
list:
dist: 2.607231287481273 vs. 2.607231287481273
list:
dist: 2.927577958243289 vs. 2.927577958243289
list:
dist: 1.91718744865937 vs. 1.91718744865937
list:
dist: 2.743307636779144 vs. 2.743307636779144
list:
dist: 2.2455506084839296 vs. 2.2455506084839296
list:
dist: 2.917009496597712 vs. 2.917009496597712
list:
dist: 3.2211720171537737 vs. 3.2211720171537737
list:
dist: 3.486521902407087 vs. 3.486521902407087
list:
dist: 2.494149883258224 vs. 2.494149883258224
list:
dist: 1.7797510419602476 vs. 1.7797510419602476
list:
dist: 1.611760525408953 vs. 1.611760525408953
list:
dist: 1.44208612634053 vs. 1.44208612634053
list:
dist: 0.6563516046001014 vs. 0.6563516046001014
list:
dist: 1.2959334561753781 vs. 1.2959334561753781
list:
dist: 2.005810402978298 vs. 2.005810402978298
list:
dist: 1.3835854541145518 vs. 1.3835854541145518
list:
dist: 2.0658892491229763 vs. 2.0658892491229763
list:
dist: 2.349203499187298 vs. 2.349203499187298
list:
dist: 3.8458149070838923 vs. 3.8458149070838923
list:
dist: 2.2545648368740028 vs. 2.2545648368740028
list:
dist: 3.1098309167206786 vs. 3.1098309167206786
list:
dist: 2.972177018829049 vs. 2.972177018829049
list:
dist: 2.3206373175250214 vs. 2.3206373175250214
list:
dist: 2.6247088747538077 vs. 2.6247088747538077
list:
dist: 2.9104470026309066 vs. 2.9104470026309066
list:
dist: 2.9946172632732475 vs. 2.9946172632732475
list:
dist: 3.6632394832597517 vs. 3.6632394832597517
list:
dist: 3.9219161513666077 vs. 3.9219161513666077
list:
dist: 2.9644079982454667 vs. 2.9644079982454667
list:
dist: 3.2446927451040626 vs. 3.2446927451040626
list:
dist: 2.989133301290111 vs. 2.989133301290111
list:
dist: 3.397832883595812 vs. 3.397832883595812
list:
dist: 3.864192183833148 vs. 3.864192183833148
list:
dist: 4.090178191869878 vs. 4.090178191869878
list:
dist: 2.8838360429538588 vs. 2.8838360429538588
list:
dist: 2.108179777774205 vs. 2.108179777774205
list:
dist: 2.098167913397743 vs. 2.098167913397743
list:
dist: 1.2983072532885516 vs. 1.2983072532885516
list:
dist: 2.362031605513523 vs. 2.362031605513523
list:
dist: 1.8895203750130516 vs. 1.8895203750130516
list:
dist: 2.6247088747538077 vs. 2.6247088747538077
list:
dist: 1.6867685528078393 vs. 1.6867685528078393
list:
dist: 2.0643060686974675 vs. 2.0643060686974675
list:
dist: 2.226822859778594 vs. 2.226822859778594
list:
dist: 1.742770642505871 vs. 1.742770642505871
list:
dist: 2.256018183254379 vs. 2.256018183254379
list:
dist: 1.196249119125288 vs. 1.196249119125288
list:
dist: 0.886807712824612 vs. 0.886807712824612
list:
dist: 1.4088896270753373 vs. 1.4088896270753373
list:
dist: 0.6874516750919994 vs. 0.6874516750919994
list:
dist: 0.676384581348515 vs. 0.676384581348515
list:
dist: 1.7129651836829807 vs. 1.7129651836829807
list:
dist: 1.2928098458289892 vs. 1.2928098458289892
list:
dist: 1.5007931298763033 vs. 1.5007931298763033
list:
dist: 1.3970511267104935 vs. 1.3970511267104935
list:
dist: 1.1741174092731503 vs. 1.1741174092731503
list:
dist: 0.7611684710293278 vs. 0.7611684710293278
list:
dist: 1.1405190029248466 vs. 1.1405190029248466
list:
dist: 1.345678077847814 vs. 1.345678077847814
list:
dist: 1.6840654980779781 vs. 1.6840654980779781
list:
dist: 1.8353680085275708 vs. 1.8353680085275708
list:
dist: 2.3803088806144834 vs. 2.3803088806144834
list:
dist: 1.7135015963651805 vs. 1.7135015963651805
list:
dist: 1.9646383171489732 vs. 1.9646383171489732
list:
dist: 1.6483551771089882 vs. 1.6483551771089882
list:
dist: 2.0834655012554815 vs. 2.0834655012554815
list:
dist: 2.088969282528373 vs. 2.088969282528373
list:
dist: 2.005810402978298 vs. 2.005810402978298
list:
dist: 0.8506842406579068 vs. 0.8506842406579068
list:
dist: 0.9019033183463234 vs. 0.9019033183463234
list:
dist: 1.1854048518709233 vs. 1.1854048518709233
list:
dist: 2.3342971789217852 vs. 2.3342971789217852
list:
dist: 2.5319038821173923 vs. 2.5319038821173923
list:
dist: 2.8927627187596694 vs. 2.8927627187596694
list:
dist: 1.4967401510340286 vs. 1.4967401510340286
list:
dist: 1.6867685528078393 vs. 1.6867685528078393
list:
dist: 1.7787624366581483 vs. 1.7787624366581483
list:
dist: 3.104744433707097 vs. 3.104744433707097
list:
dist: 2.77716475483842 vs. 2.77716475483842
list:
dist: 3.167992556675403 vs. 3.167992556675403
list:
dist: 2.21403081430693 vs. 2.21403081430693
list:
dist: 1.5405516085190145 vs. 1.5405516085190145
list:
dist: 1.665278220488575 vs. 1.665278220488575
list:
dist: 1.8027205951690652 vs. 1.8027205951690652
list:
dist: 2.393275717149105 vs. 2.393275717149105
list:
dist: 2.4364007029727923 vs. 2.4364007029727923
list:
dist: 1.2702157226905342 vs. 1.2702157226905342
list:
dist: 2.092263456447427 vs. 2.092263456447427
list:
dist: 2.1765142216848434 vs. 2.1765142216848434
list:
dist: 3.033667883940615 vs. 3.033667883940615
list:
dist: 2.494149883258224 vs. 2.494149883258224
list:
dist: 2.8838360429538588 vs. 2.8838360429538588
list:
dist: 1.2702157226905342 vs. 1.2702157226905342
list:
dist: 2.0725498571688363 vs. 2.0725498571688363
list:
dist: 2.1261757616241486 vs. 2.1261757616241486
list:
dist: 0.6539922182342999 vs. 0.6539922182342999
list:
dist: 2.8046783415954164 vs. 2.8046783415954164
list:
dist: 2.474768319862043 vs. 2.474768319862043
list:
dist: 2.9682446152736874 vs. 2.9682446152736874
list:
dist: 1.4488194688209197 vs. 1.4488194688209197
list:
dist: 1.8353680085275708 vs. 1.8353680085275708
list:
dist: 2.127421414943496 vs. 2.127421414943496
list:
dist: 3.1616387239365027 vs. 3.1616387239365027
list:
dist: 2.3389713659424505 vs. 2.3389713659424505
list:
dist: 3.0024615405041524 vs. 3.0024615405041524
list:
dist: 1.6054586856686663 vs. 1.6054586856686663
list:
dist: 1.2494501673371927 vs. 1.2494501673371927
list:
dist: 1.2879051599900868 vs. 1.2879051599900868
list:
dist: 1.7886819636479105 vs. 1.7886819636479105
list:
dist: 2.1970018025928466 vs. 2.1970018025928466
list:
dist: 2.049520482739669 vs. 2.049520482739669
list:
dist: 1.7450239863783863 vs. 1.7450239863783863
list:
dist: 2.4099552328824787 vs. 2.4099552328824787
list:
dist: 1.2586730883747432 vs. 1.2586730883747432
list:
dist: 1.6622742284793652 vs. 1.6622742284793652
list:
dist: 2.0985878237468105 vs. 2.0985878237468105
list:
dist: 2.0618381956108203 vs. 2.0618381956108203
list:
dist: 2.558375795045236 vs. 2.558375795045236
list:
dist: 2.0658892491229763 vs. 2.0658892491229763
list:
dist: 0.9019033183463234 vs. 0.9019033183463234
list:
dist: 0.7012401742918992 vs. 0.7012401742918992
list:
dist: 2.07749520328536 vs. 2.07749520328536
list:
dist: 2.6484660353886014 vs. 2.6484660353886014
list:
dist: 3.086195709322728 vs. 3.086195709322728
list:
dist: 3.3916650280857406 vs. 3.3916650280857406
list:
dist: 2.225918792771786 vs. 2.225918792771786
list:
dist: 2.226822859778594 vs. 2.226822859778594
list:
dist: 2.091672639124659 vs. 2.091672639124659
list:
dist: 3.616928608007315 vs. 3.616928608007315
list:
dist: 3.4526835926541626 vs. 3.4526835926541626
list:
dist: 3.674498274405804 vs. 3.674498274405804
list:
dist: 3.0448535237336594 vs. 3.0448535237336594
list:
dist: 2.1453383768729957 vs. 2.1453383768729957
list:
dist: 2.3895490651083815 vs. 2.3895490651083815
list:
dist: 2.2216277499638744 vs. 2.2216277499638744
list:
dist: 2.839312486242894 vs. 2.839312486242894
list:
dist: 2.9247779191282177 vs. 2.9247779191282177
list:
dist: 2.1261757616241486 vs. 2.1261757616241486
list:
dist: 2.4223454432899523 vs. 2.4223454432899523
list:
dist: 1.1446861957497878 vs. 1.1446861957497878
list:
dist: 1.3782192824673514 vs. 1.3782192824673514
list:
dist: 1.5610051325608132 vs. 1.5610051325608132
list:
dist: 1.444556451735542 vs. 1.444556451735542
list:
dist: 1.9246838402760083 vs. 1.9246838402760083
list:
dist: 1.3835854541145518 vs. 1.3835854541145518
list:
dist: 0.8506842406579068 vs. 0.8506842406579068
list:
dist: 0.7012401742918992 vs. 0.7012401742918992
list:
dist: 1.8097194413990114 vs. 1.8097194413990114
list:
dist: 2.2770354883478268 vs. 2.2770354883478268
list:
dist: 2.8479218395012835 vs. 2.8479218395012835
list:
dist: 3.0331641992690392 vs. 3.0331641992690392
list:
dist: 1.9225489118191754 vs. 1.9225489118191754
list:
dist: 2.0643060686974675 vs. 2.0643060686974675
list:
dist: 2.120268787353053 vs. 2.120268787353053
list:
dist: 3.205867532963165 vs. 3.205867532963165
list:
dist: 3.281028248939276 vs. 3.281028248939276
list:
dist: 3.546299373782168 vs. 3.546299373782168
list:
dist: 2.7335505210218787 vs. 2.7335505210218787
list:
dist: 2.2684391491952147 vs. 2.2684391491952147
list:
dist: 2.301155492814133 vs. 2.301155492814133
list:
dist: 2.4031607011350373 vs. 2.4031607011350373
list:
dist: 2.9802617466119052 vs. 2.9802617466119052
list:
dist: 3.1213273153095002 vs. 3.1213273153095002
list:
dist: 2.0725498571688363 vs. 2.0725498571688363
list:
dist: 2.844199457455413 vs. 2.844199457455413
list:
dist: 1.703528851221581 vs. 1.703528851221581
list:
dist: 2.5478656124510275 vs. 2.5478656124510275
list:
dist: 1.909944650327279 vs. 1.909944650327279
list:
dist: 2.349203499187298 vs. 2.349203499187298
list:
dist: 1.1854048518709233 vs. 1.1854048518709233
list:
dist: 1.8097194413990114 vs. 1.8097194413990114
list:
dist: 2.07749520328536 vs. 2.07749520328536
list:
dist: 2.4800102616320667 vs. 2.4800102616320667
list:
dist: 2.3294587341081754 vs. 2.3294587341081754
list:
dist: 2.681449709547042 vs. 2.681449709547042
list:
dist: 1.1799385320565712 vs. 1.1799385320565712
list:
dist: 1.742770642505871 vs. 1.742770642505871
list:
dist: 2.1727869775601603 vs. 2.1727869775601603
list:
dist: 2.822058177906508 vs. 2.822058177906508
list:
dist: 2.334476063676735 vs. 2.334476063676735
list:
dist: 2.995571424347281 vs. 2.995571424347281
list:
dist: 1.3855866670346002 vs. 1.3855866670346002
list:
dist: 1.6014782340762375 vs. 1.6014782340762375
list:
dist: 1.3869595880727001 vs. 1.3869595880727001
list:
dist: 2.0785566884985944 vs. 2.0785566884985944
list:
dist: 2.4857611322437756 vs. 2.4857611322437756
list:
dist: 2.4574675437572653 vs. 2.4574675437572653
list:
dist: 0.6539922182342999 vs. 0.6539922182342999
list:
dist: 2.347957127912842 vs. 2.347957127912842
list:
dist: 2.285815603545301 vs. 2.285815603545301
list:
dist: 2.2585194986079045 vs. 2.2585194986079045
list:
dist: 1.0355274466648619 vs. 1.0355274466648619
list:
dist: 2.2133256128668375 vs. 2.2133256128668375
list:
dist: 1.4819586147371682 vs. 1.4819586147371682
list:
dist: 2.3206373175250214 vs. 2.3206373175250214
list:
dist: 1.4967401510340286 vs. 1.4967401510340286
list:
dist: 1.9225489118191754 vs. 1.9225489118191754
list:
dist: 2.225918792771786 vs. 2.225918792771786
list:
dist: 1.1799385320565712 vs. 1.1799385320565712
list:
dist: 2.332946086975473 vs. 2.332946086975473
list:
dist: 1.4113945483715462 vs. 1.4113945483715462
list:
dist: 1.1832009820693201 vs. 1.1832009820693201
list:
dist: 1.5492318101086158 vs. 1.5492318101086158
list:
dist: 0.6874516750919994 vs. 0.6874516750919994
list:
dist: 1.3117974835914392 vs. 1.3117974835914392
list:
dist: 1.7500222752639598 vs. 1.7500222752639598
list:
dist: 1.4325349929504059 vs. 1.4325349929504059
list:
dist: 1.9257440043036818 vs. 1.9257440043036818
list:
dist: 0.9192667522408552 vs. 0.9192667522408552
list:
dist: 1.335118605127916 vs. 1.335118605127916
list:
dist: 0.764030870812612 vs. 0.764030870812612
list:
dist: 1.56346863139698 vs. 1.56346863139698
list:
dist: 1.8253847353459574 vs. 1.8253847353459574
list:
dist: 2.031307830278687 vs. 2.031307830278687
list:
dist: 1.4488194688209197 vs. 1.4488194688209197
list:
dist: 2.481509287381994 vs. 2.481509287381994
list:
dist: 2.8699372023056564 vs. 2.8699372023056564
list:
dist: 2.6221355685575434 vs. 2.6221355685575434
list:
dist: 1.6118913824294594 vs. 1.6118913824294594
list:
dist: 2.6109905063525356 vs. 2.6109905063525356
list:
dist: 1.8622948281150666 vs. 1.8622948281150666
list:
dist: 2.972177018829049 vs. 2.972177018829049
list:
dist: 2.8927627187596694 vs. 2.8927627187596694
list:
dist: 3.0331641992690392 vs. 3.0331641992690392
list:
dist: 3.3916650280857406 vs. 3.3916650280857406
list:
dist: 2.681449709547042 vs. 2.681449709547042
list:
dist: 1.002086876278633 vs. 1.002086876278633
list:
dist: 0.9484717333662689 vs. 0.9484717333662689
list:
dist: 0.7332587311143285 vs. 0.7332587311143285
list:
dist: 1.5492318101086158 vs. 1.5492318101086158
list:
dist: 1.4088896270753373 vs. 1.4088896270753373
list:
dist: 1.8542762173202703 vs. 1.8542762173202703
list:
dist: 0.3574924664897487 vs. 0.3574924664897487
list:
dist: 1.3985158491974652 vs. 1.3985158491974652
list:
dist: 1.3005148748338409 vs. 1.3005148748338409
list:
dist: 1.729777895690637 vs. 1.729777895690637
list:
dist: 2.5023064452313757 vs. 2.5023064452313757
list:
dist: 1.9022872130610138 vs. 1.9022872130610138
list:
dist: 2.4350959201383287 vs. 2.4350959201383287
list:
dist: 2.3600513902286915 vs. 2.3600513902286915
list:
dist: 2.77200705438021 vs. 2.77200705438021
list:
dist: 2.9682446152736874 vs. 2.9682446152736874
list:
dist: 3.0335059062571896 vs. 3.0335059062571896
list:
dist: 4.806336753683414 vs. 4.806336753683414
list:
dist: 5.359748943777521 vs. 5.359748943777521
list:
dist: 3.8592730913003295 vs. 3.8592730913003295
list:
dist: 4.180412767175859 vs. 4.180412767175859
list:
dist: 4.084724299671214 vs. 4.084724299671214
list:
dist: 4.638996556486197 vs. 4.638996556486197
list:
dist: 4.378559200977825 vs. 4.378559200977825
list:
dist: 4.168679500830245 vs. 4.168679500830245
list:
dist: 0.478276232683793 vs. 0.478276232683793
list:
dist: 1.5613190807281647 vs. 1.5613190807281647
list:
dist: 1.088664988954814 vs. 1.088664988954814
list:
dist: 1.985628476286384 vs. 1.985628476286384
list:
dist: 1.611760525408953 vs. 1.611760525408953
list:
dist: 1.9646383171489732 vs. 1.9646383171489732
list:
dist: 1.3782192824673514 vs. 1.3782192824673514
list:
dist: 1.6622742284793652 vs. 1.6622742284793652
list:
dist: 4.707299186229112 vs. 4.707299186229112
list:
dist: 3.7380900349603454 vs. 3.7380900349603454
list:
dist: 4.425519344325854 vs. 4.425519344325854
list:
dist: 1.6783052371409215 vs. 1.6783052371409215
list:
dist: 2.6448598411830178 vs. 2.6448598411830178
list:
dist: 2.6221355685575434 vs. 2.6221355685575434
list:
dist: 2.2585194986079045 vs. 2.2585194986079045
list:
dist: 2.098167913397743 vs. 2.098167913397743
list:
dist: 2.0181503057295664 vs. 2.0181503057295664
list:
dist: 2.7873890219226083 vs. 2.7873890219226083
list:
dist: 3.3258810216626373 vs. 3.3258810216626373
list:
dist: 3.263961567469868 vs. 3.263961567469868
list:
dist: 4.301923441397789 vs. 4.301923441397789
list:
dist: 2.7906664076345518 vs. 2.7906664076345518
list:
dist: 2.7030826654536675 vs. 2.7030826654536675
list:
dist: 2.6710446406322017 vs. 2.6710446406322017
list:
dist: 3.102542222901036 vs. 3.102542222901036
list:
dist: 3.4332712215130665 vs. 3.4332712215130665
list:
dist: 1.7537929258491352 vs. 1.7537929258491352
list:
dist: 1.5613190807281647 vs. 1.5613190807281647
list:
dist: 1.2350433772744596 vs. 1.2350433772744596
list:
dist: 0.6714414856490561 vs. 0.6714414856490561
list:
dist: 1.44208612634053 vs. 1.44208612634053
list:
dist: 1.6483551771089882 vs. 1.6483551771089882
list:
dist: 1.5610051325608132 vs. 1.5610051325608132
list:
dist: 2.0985878237468105 vs. 2.0985878237468105
list:
dist: 1.703528851221581 vs. 1.703528851221581
list:
dist: 2.5284948092858217 vs. 2.5284948092858217
list:
dist: 1.024630556496952 vs. 1.024630556496952
list:
dist: 1.6714545081823542 vs. 1.6714545081823542
list:
dist: 1.6118913824294594 vs. 1.6118913824294594
list:
dist: 1.0355274466648619 vs. 1.0355274466648619
list:
dist: 1.2983072532885516 vs. 1.2983072532885516
list:
dist: 1.7514168398643222 vs. 1.7514168398643222
list:
dist: 1.706430545577885 vs. 1.706430545577885
list:
dist: 2.242661283864763 vs. 2.242661283864763
list:
dist: 2.4949916338257028 vs. 2.4949916338257028
list:
dist: 1.7407513098286314 vs. 1.7407513098286314
list:
dist: 2.192134488846254 vs. 2.192134488846254
list:
dist: 1.7572012326828834 vs. 1.7572012326828834
list:
dist: 2.3022078001861335 vs. 2.3022078001861335
list:
dist: 2.632145950202952 vs. 2.632145950202952
list:
dist: 2.9206503137511834 vs. 2.9206503137511834
list:
dist: 2.1765142216848434 vs. 2.1765142216848434
list:
dist: 1.9372131063959264 vs. 1.9372131063959264
list:
dist: 2.0181503057295664 vs. 2.0181503057295664
list:
dist: 1.7514168398643222 vs. 1.7514168398643222
list:
dist: 2.579343386522036 vs. 2.579343386522036
list:
dist: 2.4046433441088113 vs. 2.4046433441088113
list:
dist: 2.9104470026309066 vs. 2.9104470026309066
list:
dist: 1.7787624366581483 vs. 1.7787624366581483
list:
dist: 2.120268787353053 vs. 2.120268787353053
list:
dist: 2.091672639124659 vs. 2.091672639124659
list:
dist: 2.1727869775601603 vs. 2.1727869775601603
list:
dist: 2.6928591062255913 vs. 2.6928591062255913
list:
dist: 1.4944614410004002 vs. 1.4944614410004002
list:
dist: 1.322653165871425 vs. 1.322653165871425
list:
dist: 1.8542762173202703 vs. 1.8542762173202703
list:
dist: 1.3117974835914392 vs. 1.3117974835914392
list:
dist: 0.676384581348515 vs. 0.676384581348515
list:
dist: 2.19258783434615 vs. 2.19258783434615
list:
dist: 1.6958891750796536 vs. 1.6958891750796536
list:
dist: 1.651750497174928 vs. 1.651750497174928
list:
dist: 2.0258880719492884 vs. 2.0258880719492884
list:
dist: 1.1533377214188785 vs. 1.1533377214188785
list:
dist: 1.1403325771315096 vs. 1.1403325771315096
list:
dist: 0.8251519086131053 vs. 0.8251519086131053
list:
dist: 1.0944982804956827 vs. 1.0944982804956827
list:
dist: 1.490121241640234 vs. 1.490121241640234
list:
dist: 2.127421414943496 vs. 2.127421414943496
list:
dist: 2.5049380390057534 vs. 2.5049380390057534
list:
dist: 3.0709738009871126 vs. 3.0709738009871126
list:
dist: 2.7873890219226083 vs. 2.7873890219226083
list:
dist: 1.706430545577885 vs. 1.706430545577885
list:
dist: 2.6547544654856274 vs. 2.6547544654856274
list:
dist: 1.8268831813707924 vs. 1.8268831813707924
list:
dist: 2.9946172632732475 vs. 2.9946172632732475
list:
dist: 3.104744433707097 vs. 3.104744433707097
list:
dist: 3.205867532963165 vs. 3.205867532963165
list:
dist: 3.616928608007315 vs. 3.616928608007315
list:
dist: 2.822058177906508 vs. 2.822058177906508
list:
dist: 0.8710710511225127 vs. 0.8710710511225127
list:
dist: 1.131829571111403 vs. 1.131829571111403
list:
dist: 1.0559262799336906 vs. 1.0559262799336906
list:
dist: 0.3574924664897487 vs. 0.3574924664897487
list:
dist: 1.7500222752639598 vs. 1.7500222752639598
list:
dist: 1.7129651836829807 vs. 1.7129651836829807
list:
dist: 2.19258783434615 vs. 2.19258783434615
list:
dist: 1.629200596844253 vs. 1.629200596844253
list:
dist: 1.5843480280237694 vs. 1.5843480280237694
list:
dist: 1.8351670212618143 vs. 1.8351670212618143
list:
dist: 2.799553812115765 vs. 2.799553812115765
list:
dist: 2.1690324599286415 vs. 2.1690324599286415
list:
dist: 2.767398295786027 vs. 2.767398295786027
list:
dist: 2.6985105416686346 vs. 2.6985105416686346
list:
dist: 3.095211324035312 vs. 3.095211324035312
list:
dist: 3.1616387239365027 vs. 3.1616387239365027
list:
dist: 3.2735398400904616 vs. 3.2735398400904616
list:
dist: 2.092263456447427 vs. 2.092263456447427
list:
dist: 2.844199457455413 vs. 2.844199457455413
list:
dist: 2.4223454432899523 vs. 2.4223454432899523
list:
dist: 2.347957127912842 vs. 2.347957127912842
list:
dist: 1.662860071547869 vs. 1.662860071547869
list:
dist: 2.2918492966145365 vs. 2.2918492966145365
list:
dist: 1.924115654363563 vs. 1.924115654363563
list:
dist: 2.3220091039315367 vs. 2.3220091039315367
list:
dist: 1.954331328657025 vs. 1.954331328657025
list:
dist: 1.7450239863783863 vs. 1.7450239863783863
list:
dist: 2.67716813958953 vs. 2.67716813958953
list:
dist: 2.485273997588726 vs. 2.485273997588726
list:
dist: 2.6710446406322017 vs. 2.6710446406322017
list:
dist: 2.3022078001861335 vs. 2.3022078001861335
list:
dist: 3.185374516291062 vs. 3.185374516291062
list:
dist: 2.917009496597712 vs. 2.917009496597712
list:
dist: 3.397832883595812 vs. 3.397832883595812
list:
dist: 1.8027205951690652 vs. 1.8027205951690652
list:
dist: 2.4031607011350373 vs. 2.4031607011350373
list:
dist: 2.2216277499638744 vs. 2.2216277499638744
list:
dist: 2.0785566884985944 vs. 2.0785566884985944
list:
dist: 2.246301984202361 vs. 2.246301984202361
list:
dist: 1.764822827152849 vs. 1.764822827152849
list:
dist: 2.4350959201383287 vs. 2.4350959201383287
list:
dist: 1.56346863139698 vs. 1.56346863139698
list:
dist: 1.1405190029248466 vs. 1.1405190029248466
list:
dist: 0.8251519086131053 vs. 0.8251519086131053
list:
dist: 2.767398295786027 vs. 2.767398295786027
list:
dist: 1.762637992706363 vs. 1.762637992706363
list:
dist: 1.9251933395223093 vs. 1.9251933395223093
list:
dist: 2.063718570816194 vs. 2.063718570816194
list:
dist: 0.5581606588496966 vs. 0.5581606588496966
list:
dist: 0.9945352684872896 vs. 0.9945352684872896
list:
dist: 0.6307797403528048 vs. 0.6307797403528048
list:
dist: 0.7730988282094844 vs. 0.7730988282094844
list:
dist: 1.7886819636479105 vs. 1.7886819636479105
list:
dist: 1.924115654363563 vs. 1.924115654363563
list:
dist: 1.9548560166761277 vs. 1.9548560166761277
list:
dist: 2.7752851682546607 vs. 2.7752851682546607
list:
dist: 2.6448598411830178 vs. 2.6448598411830178
list:
dist: 1.6714545081823542 vs. 1.6714545081823542
list:
dist: 2.7946249047475162 vs. 2.7946249047475162
list:
dist: 2.0897099823445915 vs. 2.0897099823445915
list:
dist: 3.1098309167206786 vs. 3.1098309167206786
list:
dist: 2.5319038821173923 vs. 2.5319038821173923
list:
dist: 2.8479218395012835 vs. 2.8479218395012835
list:
dist: 3.086195709322728 vs. 3.086195709322728
list:
dist: 2.3294587341081754 vs. 2.3294587341081754
list:
dist: 1.4005898175468168 vs. 1.4005898175468168
list:
dist: 1.1725372638583051 vs. 1.1725372638583051
list:
dist: 0.7332587311143285 vs. 0.7332587311143285
list:
dist: 1.1832009820693201 vs. 1.1832009820693201
list:
dist: 0.886807712824612 vs. 0.886807712824612
list:
dist: 1.322653165871425 vs. 1.322653165871425
list:
dist: 1.0559262799336906 vs. 1.0559262799336906
list:
dist: 0.807518334065341 vs. 0.807518334065341
list:
dist: 0.8425392651785845 vs. 0.8425392651785845
list:
dist: 1.3925157821329899 vs. 1.3925157821329899
list:
dist: 1.8420509871334207 vs. 1.8420509871334207
list:
dist: 1.2744349537942754 vs. 1.2744349537942754
list:
dist: 1.764822827152849 vs. 1.764822827152849
list:
dist: 1.6457157943171836 vs. 1.6457157943171836
list:
dist: 2.042610818161197 vs. 2.042610818161197
list:
dist: 2.474768319862043 vs. 2.474768319862043
list:
dist: 2.3621403181968987 vs. 2.3621403181968987
list:
dist: 2.603234119541043 vs. 2.603234119541043
list:
dist: 2.7906664076345518 vs. 2.7906664076345518
list:
dist: 2.192134488846254 vs. 2.192134488846254
list:
dist: 3.1353729530241927 vs. 3.1353729530241927
list:
dist: 2.743307636779144 vs. 2.743307636779144
list:
dist: 3.2446927451040626 vs. 3.2446927451040626
list:
dist: 1.5405516085190145 vs. 1.5405516085190145
list:
dist: 2.2684391491952147 vs. 2.2684391491952147
list:
dist: 2.1453383768729957 vs. 2.1453383768729957
list:
dist: 1.6014782340762375 vs. 1.6014782340762375
list:
dist: 2.3553639227054033 vs. 2.3553639227054033
list:
dist: 1.8420509871334207 vs. 1.8420509871334207
list:
dist: 2.5023064452313757 vs. 2.5023064452313757
list:
dist: 1.335118605127916 vs. 1.335118605127916
list:
dist: 1.1741174092731503 vs. 1.1741174092731503
list:
dist: 1.1533377214188785 vs. 1.1533377214188785
list:
dist: 2.799553812115765 vs. 2.799553812115765
list:
dist: 1.7327915860351704 vs. 1.7327915860351704
list:
dist: 2.1340655873265417 vs. 2.1340655873265417
list:
dist: 1.7353472605387277 vs. 1.7353472605387277
list:
dist: 0.7083435101771646 vs. 0.7083435101771646
list:
dist: 0.5581606588496966 vs. 0.5581606588496966
list:
dist: 0.9869101784274009 vs. 0.9869101784274009
list:
dist: 0.9215229434467924 vs. 0.9215229434467924
list:
dist: 1.2494501673371927 vs. 1.2494501673371927
list:
dist: 1.662860071547869 vs. 1.662860071547869
list:
dist: 1.8207092808829395 vs. 1.8207092808829395
list:
dist: 3.387309454389545 vs. 3.387309454389545
list:
dist: 3.3258810216626373 vs. 3.3258810216626373
list:
dist: 2.242661283864763 vs. 2.242661283864763
list:
dist: 3.4444196440334793 vs. 3.4444196440334793
list:
dist: 2.607231287481273 vs. 2.607231287481273
list:
dist: 3.6632394832597517 vs. 3.6632394832597517
list:
dist: 2.77716475483842 vs. 2.77716475483842
list:
dist: 3.281028248939276 vs. 3.281028248939276
list:
dist: 3.4526835926541626 vs. 3.4526835926541626
list:
dist: 2.334476063676735 vs. 2.334476063676735
list:
dist: 1.6215630634028038 vs. 1.6215630634028038
list:
dist: 1.9595463101312152 vs. 1.9595463101312152
list:
dist: 0.807518334065341 vs. 0.807518334065341
list:
dist: 1.3985158491974652 vs. 1.3985158491974652
list:
dist: 1.4325349929504059 vs. 1.4325349929504059
list:
dist: 1.2928098458289892 vs. 1.2928098458289892
list:
dist: 1.6958891750796536 vs. 1.6958891750796536
list:
dist: 1.629200596844253 vs. 1.629200596844253
list:
dist: 0.8700221319238917 vs. 0.8700221319238917
list:
dist: 1.194112506914596 vs. 1.194112506914596
list:
dist: 1.7327915860351704 vs. 1.7327915860351704
list:
dist: 1.1766617840992009 vs. 1.1766617840992009
list:
dist: 1.762637992706363 vs. 1.762637992706363
list:
dist: 1.4817927702705704 vs. 1.4817927702705704
list:
dist: 1.7335535004588358 vs. 1.7335535004588358
list:
dist: 2.3389713659424505 vs. 2.3389713659424505
list:
dist: 1.6465285909518041 vs. 1.6465285909518041
list:
dist: 2.63301341535448 vs. 2.63301341535448
list:
dist: 2.7030826654536675 vs. 2.7030826654536675
list:
dist: 1.7572012326828834 vs. 1.7572012326828834
list:
dist: 2.870274104085501 vs. 2.870274104085501
list:
dist: 2.2455506084839296 vs. 2.2455506084839296
list:
dist: 2.989133301290111 vs. 2.989133301290111
list:
dist: 1.665278220488575 vs. 1.665278220488575
list:
dist: 2.301155492814133 vs. 2.301155492814133
list:
dist: 2.3895490651083815 vs. 2.3895490651083815
list:
dist: 1.3869595880727001 vs. 1.3869595880727001
list:
dist: 1.9055316088759189 vs. 1.9055316088759189
list:
dist: 1.2744349537942754 vs. 1.2744349537942754
list:
dist: 1.9022872130610138 vs. 1.9022872130610138
list:
dist: 0.764030870812612 vs. 0.764030870812612
list:
dist: 0.7611684710293278 vs. 0.7611684710293278
list:
dist: 1.1403325771315096 vs. 1.1403325771315096
list:
dist: 2.1690324599286415 vs. 2.1690324599286415
list:
dist: 1.1766617840992009 vs. 1.1766617840992009
list:
dist: 1.7243821190415738 vs. 1.7243821190415738
list:
dist: 1.0740545518646705 vs. 1.0740545518646705
list:
dist: 0.7083435101771646 vs. 0.7083435101771646
list:
dist: 0.9945352684872896 vs. 0.9945352684872896
list:
dist: 1.1834460122509645 vs. 1.1834460122509645
list:
dist: 1.297436409742088 vs. 1.297436409742088
list:
dist: 1.2879051599900868 vs. 1.2879051599900868
list:
dist: 2.2918492966145365 vs. 2.2918492966145365
list:
dist: 1.7971546958707698 vs. 1.7971546958707698
list:
dist: 2.9746888314464353 vs. 2.9746888314464353
list:
dist: 3.102542222901036 vs. 3.102542222901036
list:
dist: 2.632145950202952 vs. 2.632145950202952
list:
dist: 3.6101648740026646 vs. 3.6101648740026646
list:
dist: 3.2211720171537737 vs. 3.2211720171537737
list:
dist: 3.864192183833148 vs. 3.864192183833148
list:
dist: 2.393275717149105 vs. 2.393275717149105
list:
dist: 2.9802617466119052 vs. 2.9802617466119052
list:
dist: 2.839312486242894 vs. 2.839312486242894
list:
dist: 2.4857611322437756 vs. 2.4857611322437756
list:
dist: 2.387064756269756 vs. 2.387064756269756
list:
dist: 1.6457157943171836 vs. 1.6457157943171836
list:
dist: 2.3600513902286915 vs. 2.3600513902286915
list:
dist: 1.8253847353459574 vs. 1.8253847353459574
list:
dist: 1.345678077847814 vs. 1.345678077847814
list:
dist: 1.0944982804956827 vs. 1.0944982804956827
list:
dist: 2.6985105416686346 vs. 2.6985105416686346
list:
dist: 1.4817927702705704 vs. 1.4817927702705704
list:
dist: 1.5331905244815855 vs. 1.5331905244815855
list:
dist: 2.124928323377787 vs. 2.124928323377787
list:
dist: 0.9869101784274009 vs. 0.9869101784274009
list:
dist: 1.1834460122509645 vs. 1.1834460122509645
list:
dist: 0.6307797403528048 vs. 0.6307797403528048
list:
dist: 0.515977703458598 vs. 0.515977703458598
list:
dist: 2.1970018025928466 vs. 2.1970018025928466
list:
dist: 2.3220091039315367 vs. 2.3220091039315367
list:
dist: 1.578135141686453 vs. 1.578135141686453
list:
dist: 1.9555816196947153 vs. 1.9555816196947153
list:
dist: 1.6783052371409215 vs. 1.6783052371409215
list:
dist: 1.024630556496952 vs. 1.024630556496952
list:
dist: 1.7934400132943709 vs. 1.7934400132943709
list:
dist: 1.4604954249978923 vs. 1.4604954249978923
list:
dist: 2.2545648368740028 vs. 2.2545648368740028
list:
dist: 2.3342971789217852 vs. 2.3342971789217852
list:
dist: 2.2770354883478268 vs. 2.2770354883478268
list:
dist: 2.6484660353886014 vs. 2.6484660353886014
list:
dist: 2.4800102616320667 vs. 2.4800102616320667
list:
dist: 1.9327477360751506 vs. 1.9327477360751506
list:
dist: 1.1725372638583051 vs. 1.1725372638583051
list:
dist: 0.9484717333662689 vs. 0.9484717333662689
list:
dist: 1.4113945483715462 vs. 1.4113945483715462
list:
dist: 1.196249119125288 vs. 1.196249119125288
list:
dist: 1.4944614410004002 vs. 1.4944614410004002
list:
dist: 1.131829571111403 vs. 1.131829571111403
list:
dist: 1.9595463101312152 vs. 1.9595463101312152
list:
dist: 1.8499187338772973 vs. 1.8499187338772973
list:
dist: 2.0383332222091517 vs. 2.0383332222091517
list:
dist: 2.3553639227054033 vs. 2.3553639227054033
list:
dist: 1.9055316088759189 vs. 1.9055316088759189
list:
dist: 2.246301984202361 vs. 2.246301984202361
list:
dist: 2.387064756269756 vs. 2.387064756269756
list:
dist: 2.8118047735061396 vs. 2.8118047735061396
list:
dist: 2.8046783415954164 vs. 2.8046783415954164
list:
dist: 3.4267851488570984 vs. 3.4267851488570984
list:
dist: 2.5284948092858217 vs. 2.5284948092858217
list:
dist: 3.5251490917485433 vs. 3.5251490917485433
list:
dist: 2.6303527153622452 vs. 2.6303527153622452
list:
dist: 3.8458149070838923 vs. 3.8458149070838923
list:
dist: 1.9327477360751506 vs. 1.9327477360751506
list:
dist: 1.4005898175468168 vs. 1.4005898175468168
list:
dist: 1.002086876278633 vs. 1.002086876278633
list:
dist: 2.332946086975473 vs. 2.332946086975473
list:
dist: 2.256018183254379 vs. 2.256018183254379
list:
dist: 2.6928591062255913 vs. 2.6928591062255913
list:
dist: 0.8710710511225127 vs. 0.8710710511225127
list:
dist: 1.6215630634028038 vs. 1.6215630634028038
list:
dist: 1.4913415344606826 vs. 1.4913415344606826
list:
dist: 2.135248271691783 vs. 2.135248271691783
list:
dist: 1.7407513098286314 vs. 1.7407513098286314
list:
dist: 2.947941657754229 vs. 2.947941657754229
list:
dist: 1.91718744865937 vs. 1.91718744865937
list:
dist: 2.9644079982454667 vs. 2.9644079982454667
list:
dist: 2.21403081430693 vs. 2.21403081430693
list:
dist: 2.7335505210218787 vs. 2.7335505210218787
list:
dist: 3.0448535237336594 vs. 3.0448535237336594
list:
dist: 1.3855866670346002 vs. 1.3855866670346002
list:
dist: 2.135248271691783 vs. 2.135248271691783
list:
dist: 2.0383332222091517 vs. 2.0383332222091517
list:
dist: 1.3925157821329899 vs. 1.3925157821329899
list:
dist: 1.729777895690637 vs. 1.729777895690637
list:
dist: 0.9192667522408552 vs. 0.9192667522408552
list:
dist: 1.3970511267104935 vs. 1.3970511267104935
list:
dist: 2.0258880719492884 vs. 2.0258880719492884
list:
dist: 1.8351670212618143 vs. 1.8351670212618143
list:
dist: 1.194112506914596 vs. 1.194112506914596
list:
dist: 1.9762562639676005 vs. 1.9762562639676005
list:
dist: 1.7353472605387277 vs. 1.7353472605387277
list:
dist: 1.0740545518646705 vs. 1.0740545518646705
list:
dist: 2.063718570816194 vs. 2.063718570816194
list:
dist: 2.124928323377787 vs. 2.124928323377787
list:
dist: 2.2276225268489136 vs. 2.2276225268489136
list:
dist: 1.6054586856686663 vs. 1.6054586856686663
list:
dist: 2.13853849680897 vs. 2.13853849680897
list:
dist: 3.257961947250751 vs. 3.257961947250751
list:
dist: 3.4332712215130665 vs. 3.4332712215130665
list:
dist: 2.9206503137511834 vs. 2.9206503137511834
list:
dist: 3.904106126517654 vs. 3.904106126517654
list:
dist: 3.486521902407087 vs. 3.486521902407087
list:
dist: 4.090178191869878 vs. 4.090178191869878
list:
dist: 2.4364007029727923 vs. 2.4364007029727923
list:
dist: 3.1213273153095002 vs. 3.1213273153095002
list:
dist: 2.9247779191282177 vs. 2.9247779191282177
list:
dist: 2.4574675437572653 vs. 2.4574675437572653
list:
dist: 2.8118047735061396 vs. 2.8118047735061396
list:
dist: 2.042610818161197 vs. 2.042610818161197
list:
dist: 2.77200705438021 vs. 2.77200705438021
list:
dist: 2.031307830278687 vs. 2.031307830278687
list:
dist: 1.6840654980779781 vs. 1.6840654980779781
list:
dist: 1.490121241640234 vs. 1.490121241640234
list:
dist: 3.095211324035312 vs. 3.095211324035312
list:
dist: 1.7335535004588358 vs. 1.7335535004588358
list:
dist: 1.947732356049881 vs. 1.947732356049881
list:
dist: 2.2276225268489136 vs. 2.2276225268489136
list:
dist: 0.9215229434467924 vs. 0.9215229434467924
list:
dist: 1.297436409742088 vs. 1.297436409742088
list:
dist: 0.7730988282094844 vs. 0.7730988282094844
list:
dist: 0.515977703458598 vs. 0.515977703458598
list:
dist: 2.049520482739669 vs. 2.049520482739669
list:
dist: 1.954331328657025 vs. 1.954331328657025
list:
dist: 1.3198597565645658 vs. 1.3198597565645658
list:
dist: 3.4267851488570984 vs. 3.4267851488570984
list:
dist: 2.3621403181968987 vs. 2.3621403181968987
list:
dist: 3.0335059062571896 vs. 3.0335059062571896
list:
dist: 2.481509287381994 vs. 2.481509287381994
list:
dist: 2.3803088806144834 vs. 2.3803088806144834
list:
dist: 2.5049380390057534 vs. 2.5049380390057534
list:
dist: 3.2735398400904616 vs. 3.2735398400904616
list:
dist: 1.6465285909518041 vs. 1.6465285909518041
list:
dist: 2.135412081765394 vs. 2.135412081765394
list:
dist: 2.13853849680897 vs. 2.13853849680897
list:
dist: 1.8207092808829395 vs. 1.8207092808829395
list:
dist: 1.7971546958707698 vs. 1.7971546958707698
list:
dist: 1.9548560166761277 vs. 1.9548560166761277
list:
dist: 1.578135141686453 vs. 1.578135141686453
list:
dist: 1.3198597565645658 vs. 1.3198597565645658
list:
dist: 2.4099552328824787 vs. 2.4099552328824787
list:
dist: 2.67716813958953 vs. 2.67716813958953
list:
dist: 3.362958606440458 vs. 3.362958606440458
list:
dist: 3.263961567469868 vs. 3.263961567469868
list:
dist: 2.4949916338257028 vs. 2.4949916338257028
list:
dist: 3.5659496020798116 vs. 3.5659496020798116
list:
dist: 2.927577958243289 vs. 2.927577958243289
list:
dist: 3.9219161513666077 vs. 3.9219161513666077
list:
dist: 3.167992556675403 vs. 3.167992556675403
list:
dist: 3.546299373782168 vs. 3.546299373782168
list:
dist: 3.674498274405804 vs. 3.674498274405804
list:
dist: 2.995571424347281 vs. 2.995571424347281
list:
dist: 1.4913415344606826 vs. 1.4913415344606826
list:
dist: 1.8499187338772973 vs. 1.8499187338772973
list:
dist: 0.8425392651785845 vs. 0.8425392651785845
list:
dist: 1.3005148748338409 vs. 1.3005148748338409
list:
dist: 1.9257440043036818 vs. 1.9257440043036818
list:
dist: 1.5007931298763033 vs. 1.5007931298763033
list:
dist: 1.651750497174928 vs. 1.651750497174928
list:
dist: 1.5843480280237694 vs. 1.5843480280237694
list:
dist: 0.8700221319238917 vs. 0.8700221319238917
list:
dist: 1.9762562639676005 vs. 1.9762562639676005
list:
dist: 2.1340655873265417 vs. 2.1340655873265417
list:
dist: 1.7243821190415738 vs. 1.7243821190415738
list:
dist: 1.9251933395223093 vs. 1.9251933395223093
list:
dist: 1.5331905244815855 vs. 1.5331905244815855
list:
dist: 1.947732356049881 vs. 1.947732356049881
list:
dist: 3.0024615405041524 vs. 3.0024615405041524
list:
dist: 2.135412081765394 vs. 2.135412081765394
list:
dist: 1.6671468402572192 vs. 1.6671468402572192
list:
dist: 1.7697958377557934 vs. 1.7697958377557934
list:
dist: 2.962192275153551 vs. 2.962192275153551
list:
dist: 1.5965615890630689 vs. 1.5965615890630689
list:
dist: 2.8624858774748887 vs. 2.8624858774748887
list:
dist: 3.3243899771415446 vs. 3.3243899771415446
list:
dist: 3.3445870305049774 vs. 3.3445870305049774
list:
dist: 2.8525438203900952 vs. 2.8525438203900952
list:
dist: 2.725748294624881 vs. 2.725748294624881
list:
dist: 3.266065389262004 vs. 3.266065389262004
list:
dist: 3.0812534109283183 vs. 3.0812534109283183
list:
dist: 3.134667016701625 vs. 3.134667016701625
list:
dist: 1.7094012692056042 vs. 1.7094012692056042
list:
dist: 2.2030384960953264 vs. 2.2030384960953264
list:
dist: 2.031992748718496 vs. 2.031992748718496
list:
dist: 1.9560766749964966 vs. 1.9560766749964966
list:
dist: 2.559526219609689 vs. 2.559526219609689
list:
dist: 2.842941894167309 vs. 2.842941894167309
list:
dist: 0.9665423949658711 vs. 0.9665423949658711
list:
dist: 0.985420175827435 vs. 0.985420175827435
list:
dist: 2.2300765716812267 vs. 2.2300765716812267
list:
dist: 3.542575365776189 vs. 3.542575365776189
list:
dist: 3.6441471330769075 vs. 3.6441471330769075
list:
dist: 2.8999432819914492 vs. 2.8999432819914492
list:
dist: 2.3831267004739254 vs. 2.3831267004739254
list:
dist: 2.781306684101045 vs. 2.781306684101045
list:
dist: 2.339562000401965 vs. 2.339562000401965
list:
dist: 3.2114202510273566 vs. 3.2114202510273566
list:
dist: 4.090753055365538 vs. 4.090753055365538
list:
dist: 2.8371543619032344 vs. 2.8371543619032344
list:
dist: 2.6609044189730615 vs. 2.6609044189730615
list:
dist: 2.1593906128170577 vs. 2.1593906128170577
list:
dist: 4.209400801076646 vs. 4.209400801076646
list:
dist: 3.1637774394489195 vs. 3.1637774394489195
list:
dist: 2.756282153088675 vs. 2.756282153088675
list:
dist: 1.006138274054394 vs. 1.006138274054394
list:
dist: 1.0792829166283935 vs. 1.0792829166283935
list:
dist: 1.6543655159307649 vs. 1.6543655159307649
list:
dist: 1.6533762938755652 vs. 1.6533762938755652
list:
dist: 2.5200215368378642 vs. 2.5200215368378642
list:
dist: 0.8673950946622848 vs. 0.8673950946622848
list:
dist: 1.1616688619905322 vs. 1.1616688619905322
list:
dist: 0.7512333986362552 vs. 0.7512333986362552
list:
dist: 1.4486154413089685 vs. 1.4486154413089685
list:
dist: 1.477893942802459 vs. 1.477893942802459
list:
dist: 1.5277817976684172 vs. 1.5277817976684172
list:
dist: 2.031992748718496 vs. 2.031992748718496
list:
dist: 1.8571886331110532 vs. 1.8571886331110532
list:
dist: 1.845026284038236 vs. 1.845026284038236
list:
dist: 2.4292899687518896 vs. 2.4292899687518896
list:
dist: 1.8487081948384008 vs. 1.8487081948384008
list:
dist: 0.9412430003117678 vs. 0.9412430003117678
list:
dist: 1.3610490520846121 vs. 1.3610490520846121
list:
dist: 2.1320773890640106 vs. 2.1320773890640106
list:
dist: 1.979896474052344 vs. 1.979896474052344
list:
dist: 2.945929236205141 vs. 2.945929236205141
list:
dist: 2.5051238873006882 vs. 2.5051238873006882
list:
dist: 2.1673329443464926 vs. 2.1673329443464926
list:
dist: 2.176546610290508 vs. 2.176546610290508
list:
dist: 3.6285482297683487 vs. 3.6285482297683487
list:
dist: 1.8005802639800783 vs. 1.8005802639800783
list:
dist: 2.5150758077582114 vs. 2.5150758077582114
list:
dist: 3.013062408578283 vs. 3.013062408578283
list:
dist: 0.806479251135043 vs. 0.806479251135043
list:
dist: 1.205211311203345 vs. 1.205211311203345
list:
dist: 2.1983289515247386 vs. 2.1983289515247386
list:
dist: 3.1634866335432483 vs. 3.1634866335432483
list:
dist: 1.2956427396860875 vs. 1.2956427396860875
list:
dist: 1.8121590834950732 vs. 1.8121590834950732
list:
dist: 1.0792829166283935 vs. 1.0792829166283935
list:
dist: 1.6760384875203012 vs. 1.6760384875203012
list:
dist: 2.1558619562037817 vs. 2.1558619562037817
list:
dist: 2.4805605090227836 vs. 2.4805605090227836
list:
dist: 1.2140510811925211 vs. 1.2140510811925211
list:
dist: 1.7697958377557934 vs. 1.7697958377557934
list:
dist: 1.8011531452479785 vs. 1.8011531452479785
list:
dist: 2.2877396908014167 vs. 2.2877396908014167
list:
dist: 2.669092396784554 vs. 2.669092396784554
list:
dist: 2.2825821423248973 vs. 2.2825821423248973
list:
dist: 1.4673692710909212 vs. 1.4673692710909212
list:
dist: 0.9391970256189658 vs. 0.9391970256189658
list:
dist: 1.9210602666091883 vs. 1.9210602666091883
list:
dist: 2.0181626480752604 vs. 2.0181626480752604
list:
dist: 1.5209373917520843 vs. 1.5209373917520843
list:
dist: 1.4673692710909212 vs. 1.4673692710909212
list:
dist: 1.2551122580777871 vs. 1.2551122580777871
list:
dist: 1.65126679185633 vs. 1.65126679185633
list:
dist: 1.7733192735920231 vs. 1.7733192735920231
list:
dist: 0.9412430003117678 vs. 0.9412430003117678
list:
dist: 1.5319717006397187 vs. 1.5319717006397187
list:
dist: 1.9286365563250594 vs. 1.9286365563250594
list:
dist: 1.7986917651280994 vs. 1.7986917651280994
list:
dist: 2.3188748079648285 vs. 2.3188748079648285
list:
dist: 2.8999432819914492 vs. 2.8999432819914492
list:
dist: 2.722319877457282 vs. 2.722319877457282
list:
dist: 2.5094343129486405 vs. 2.5094343129486405
list:
dist: 2.452102304360512 vs. 2.452102304360512
list:
dist: 1.344640806103919 vs. 1.344640806103919
list:
dist: 1.4592017471308372 vs. 1.4592017471308372
list:
dist: 2.336330689167158 vs. 2.336330689167158
list:
dist: 2.4776716181537233 vs. 2.4776716181537233
list:
dist: 3.1629170237697304 vs. 3.1629170237697304
list:
dist: 2.8335257248844172 vs. 2.8335257248844172
list:
dist: 2.9329275272219997 vs. 2.9329275272219997
list:
dist: 3.9795829185991383 vs. 3.9795829185991383
list:
dist: 2.056303851512398 vs. 2.056303851512398
list:
dist: 3.0927545914855537 vs. 3.0927545914855537
list:
dist: 1.6698467829456438 vs. 1.6698467829456438
list:
dist: 0.9391970256189658 vs. 0.9391970256189658
list:
dist: 0.9256264383165831 vs. 0.9256264383165831
list:
dist: 1.30983470429384 vs. 1.30983470429384
list:
dist: 1.6105717494175404 vs. 1.6105717494175404
list:
dist: 1.3610490520846121 vs. 1.3610490520846121
list:
dist: 2.0514457622881377 vs. 2.0514457622881377
list:
dist: 1.8525847594369123 vs. 1.8525847594369123
list:
dist: 2.8106952942917496 vs. 2.8106952942917496
list:
dist: 1.5187880269066873 vs. 1.5187880269066873
list:
dist: 2.3831267004739254 vs. 2.3831267004739254
list:
dist: 2.0165319720703128 vs. 2.0165319720703128
list:
dist: 2.0423585443184695 vs. 2.0423585443184695
list:
dist: 1.8430678550839046 vs. 1.8430678550839046
list:
dist: 1.6399259181441181 vs. 1.6399259181441181
list:
dist: 1.4592017471308372 vs. 1.4592017471308372
list:
dist: 1.1133905677356277 vs. 1.1133905677356277
list:
dist: 1.5091014299428793 vs. 1.5091014299428793
list:
dist: 3.0484339668997986 vs. 3.0484339668997986
list:
dist: 2.8774393624652346 vs. 2.8774393624652346
list:
dist: 2.4880546860757837 vs. 2.4880546860757837
list:
dist: 3.5791217503708253 vs. 3.5791217503708253
list:
dist: 2.328090721717061 vs. 2.328090721717061
list:
dist: 2.4742861857321703 vs. 2.4742861857321703
list:
dist: 2.5495813180083537 vs. 2.5495813180083537
list:
dist: 2.0181626480752604 vs. 2.0181626480752604
list:
dist: 2.416918394739638 vs. 2.416918394739638
list:
dist: 1.215340277052953 vs. 1.215340277052953
list:
dist: 1.1723468663819534 vs. 1.1723468663819534
list:
dist: 1.979896474052344 vs. 1.979896474052344
list:
dist: 2.271449070314225 vs. 2.271449070314225
list:
dist: 1.2748355666543336 vs. 1.2748355666543336
list:
dist: 3.0958324604346705 vs. 3.0958324604346705
list:
dist: 1.4461256054513658 vs. 1.4461256054513658
list:
dist: 2.339562000401965 vs. 2.339562000401965
list:
dist: 1.4498429568930615 vs. 1.4498429568930615
list:
dist: 0.9350867108722989 vs. 0.9350867108722989
list:
dist: 1.3426960675042952 vs. 1.3426960675042952
list:
dist: 2.201892832680849 vs. 2.201892832680849
list:
dist: 2.4776716181537233 vs. 2.4776716181537233
list:
dist: 1.5091014299428793 vs. 1.5091014299428793
list:
dist: 0.8649189720658861 vs. 0.8649189720658861
list:
dist: 1.9808653483975673 vs. 1.9808653483975673
list:
dist: 2.0200895295813366 vs. 2.0200895295813366
list:
dist: 1.3318356517560759 vs. 1.3318356517560759
list:
dist: 2.301055264471027 vs. 2.301055264471027
list:
dist: 1.8728724175275158 vs. 1.8728724175275158
list:
dist: 1.055416650309863 vs. 1.055416650309863
list:
dist: 1.3246029779712356 vs. 1.3246029779712356
list:
dist: 1.6760384875203012 vs. 1.6760384875203012
list:
dist: 2.402284387245099 vs. 2.402284387245099
list:
dist: 1.0395642361207709 vs. 1.0395642361207709
list:
dist: 1.9250167385123749 vs. 1.9250167385123749
list:
dist: 1.0819877214598197 vs. 1.0819877214598197
list:
dist: 1.242412244826059 vs. 1.242412244826059
list:
dist: 0.7512333986362552 vs. 0.7512333986362552
list:
dist: 1.4855673746080362 vs. 1.4855673746080362
list:
dist: 0.9759067778626388 vs. 0.9759067778626388
list:
dist: 1.7257376065938241 vs. 1.7257376065938241
list:
dist: 1.9560766749964966 vs. 1.9560766749964966
list:
dist: 1.8384554821996963 vs. 1.8384554821996963
list:
dist: 1.8165248398085474 vs. 1.8165248398085474
list:
dist: 2.83598172654028 vs. 2.83598172654028
list:
dist: 2.375060554813545 vs. 2.375060554813545
list:
dist: 1.5319717006397187 vs. 1.5319717006397187
list:
dist: 2.0514457622881377 vs. 2.0514457622881377
list:
dist: 2.6519348085059793 vs. 2.6519348085059793
list:
dist: 2.271449070314225 vs. 2.271449070314225
list:
dist: 2.2404783363766714 vs. 2.2404783363766714
list:
dist: 2.172457690879923 vs. 2.172457690879923
list:
dist: 1.770196227031034 vs. 1.770196227031034
list:
dist: 1.994487613714795 vs. 1.994487613714795
list:
dist: 3.6082302859153166 vs. 3.6082302859153166
list:
dist: 1.7579803186055905 vs. 1.7579803186055905
list:
dist: 2.5186481313822635 vs. 2.5186481313822635
list:
dist: 2.4248048824247435 vs. 2.4248048824247435
list:
dist: 3.1634866335432483 vs. 3.1634866335432483
list:
dist: 1.402588357149164 vs. 1.402588357149164
list:
dist: 2.942041119670347 vs. 2.942041119670347
list:
dist: 3.1113951710863725 vs. 3.1113951710863725
list:
dist: 2.5200215368378642 vs. 2.5200215368378642
list:
dist: 1.9250167385123749 vs. 1.9250167385123749
list:
dist: 3.3006918266805116 vs. 3.3006918266805116
list:
dist: 1.5810534292826468 vs. 1.5810534292826468
list:
dist: 3.2312036762279877 vs. 3.2312036762279877
list:
dist: 2.8624858774748887 vs. 2.8624858774748887
list:
dist: 3.2465793368517626 vs. 3.2465793368517626
list:
dist: 3.532328636398545 vs. 3.532328636398545
list:
dist: 2.3032119634890793 vs. 2.3032119634890793
list:
dist: 3.4820045506305357 vs. 3.4820045506305357
list:
dist: 3.063339469321601 vs. 3.063339469321601
list:
dist: 3.4999582469254062 vs. 3.4999582469254062
list:
dist: 1.653812867974805 vs. 1.653812867974805
list:
dist: 2.1983289515247386 vs. 2.1983289515247386
list:
dist: 1.402588357149164 vs. 1.402588357149164
list:
dist: 1.742136887518787 vs. 1.742136887518787
list:
dist: 1.9947864849621904 vs. 1.9947864849621904
list:
dist: 1.6533762938755652 vs. 1.6533762938755652
list:
dist: 1.0395642361207709 vs. 1.0395642361207709
list:
dist: 2.2556510757730392 vs. 2.2556510757730392
list:
dist: 1.5043727863551513 vs. 1.5043727863551513
list:
dist: 1.909004932863336 vs. 1.909004932863336
list:
dist: 1.5965615890630689 vs. 1.5965615890630689
list:
dist: 1.8494800056359697 vs. 1.8494800056359697
list:
dist: 2.289217504853737 vs. 2.289217504853737
list:
dist: 1.9841856922806707 vs. 1.9841856922806707
list:
dist: 2.437761443187072 vs. 2.437761443187072
list:
dist: 2.070098535840044 vs. 2.070098535840044
list:
dist: 2.227580961452438 vs. 2.227580961452438
list:
dist: 2.7907262433487454 vs. 2.7907262433487454
list:
dist: 1.7541696629425836 vs. 1.7541696629425836
list:
dist: 1.205211311203345 vs. 1.205211311203345
list:
dist: 2.020107168945194 vs. 2.020107168945194
list:
dist: 2.306590478489038 vs. 2.306590478489038
list:
dist: 1.6543655159307649 vs. 1.6543655159307649
list:
dist: 2.402284387245099 vs. 2.402284387245099
list:
dist: 2.521475386000168 vs. 2.521475386000168
list:
dist: 2.9541525366067938 vs. 2.9541525366067938
list:
dist: 2.2584299924036495 vs. 2.2584299924036495
list:
dist: 2.962192275153551 vs. 2.962192275153551
list:
dist: 2.813714631894608 vs. 2.813714631894608
list:
dist: 2.8718556021738544 vs. 2.8718556021738544
list:
dist: 2.448587920844566 vs. 2.448587920844566
list:
dist: 1.6944149236760127 vs. 1.6944149236760127
list:
dist: 1.2551122580777871 vs. 1.2551122580777871
list:
dist: 0.9256264383165831 vs. 0.9256264383165831
list:
dist: 1.9166522631065943 vs. 1.9166522631065943
list:
dist: 2.416918394739638 vs. 2.416918394739638
list:
dist: 1.9802480107069915 vs. 1.9802480107069915
list:
dist: 1.8011531452479785 vs. 1.8011531452479785
list:
dist: 2.813714631894608 vs. 2.813714631894608
list:
dist: 1.8494800056359697 vs. 1.8494800056359697
list:
dist: 3.2465793368517626 vs. 3.2465793368517626
list:
dist: 3.5687193002721056 vs. 3.5687193002721056
list:
dist: 3.89409386943488 vs. 3.89409386943488
list:
dist: 3.3451481259377167 vs. 3.3451481259377167
list:
dist: 2.7859928544644577 vs. 2.7859928544644577
list:
dist: 3.5496075423779407 vs. 3.5496075423779407
list:
dist: 3.6950529120953064 vs. 3.6950529120953064
list:
dist: 3.302555929825563 vs. 3.302555929825563
list:
dist: 1.1572572431701016 vs. 1.1572572431701016
list:
dist: 1.5119560715196254 vs. 1.5119560715196254
list:
dist: 1.8571886331110532 vs. 1.8571886331110532
list:
dist: 1.8384554821996963 vs. 1.8384554821996963
list:
dist: 1.8202724857689625 vs. 1.8202724857689625
list:
dist: 2.7814597692288126 vs. 2.7814597692288126
list:
dist: 0.6195758029936714 vs. 0.6195758029936714
list:
dist: 0.985420175827435 vs. 0.985420175827435
list:
dist: 1.3258861701299427 vs. 1.3258861701299427
list:
dist: 2.7215839404092828 vs. 2.7215839404092828
list:
dist: 3.114636979313086 vs. 3.114636979313086
list:
dist: 2.722319877457282 vs. 2.722319877457282
list:
dist: 2.0165319720703128 vs. 2.0165319720703128
list:
dist: 2.068067477825728 vs. 2.068067477825728
list:
dist: 1.4498429568930615 vs. 1.4498429568930615
list:
dist: 2.9694801908057795 vs. 2.9694801908057795
list:
dist: 4.136549682205612 vs. 4.136549682205612
list:
dist: 2.0619772715163487 vs. 2.0619772715163487
list:
dist: 1.980002831127717 vs. 1.980002831127717
list:
dist: 1.2728098395415492 vs. 1.2728098395415492
list:
dist: 3.249791704182695 vs. 3.249791704182695
list:
dist: 2.4724104126993462 vs. 2.4724104126993462
list:
dist: 1.7839262343897064 vs. 1.7839262343897064
list:
dist: 1.5149466120645083 vs. 1.5149466120645083
list:
dist: 1.2140510811925211 vs. 1.2140510811925211
list:
dist: 2.2584299924036495 vs. 2.2584299924036495
list:
dist: 1.909004932863336 vs. 1.909004932863336
list:
dist: 3.2312036762279877 vs. 3.2312036762279877
list:
dist: 3.982495479726067 vs. 3.982495479726067
list:
dist: 4.063434995769234 vs. 4.063434995769234
list:
dist: 3.5846390046396546 vs. 3.5846390046396546
list:
dist: 3.1534561755040658 vs. 3.1534561755040658
list:
dist: 3.7496820637069646 vs. 3.7496820637069646
list:
dist: 3.8286915222708826 vs. 3.8286915222708826
list:
dist: 3.711840636624903 vs. 3.711840636624903
list:
dist: 0.9920499156159656 vs. 0.9920499156159656
list:
dist: 1.5085378250073482 vs. 1.5085378250073482
list:
dist: 1.5277817976684172 vs. 1.5277817976684172
list:
dist: 1.7257376065938241 vs. 1.7257376065938241
list:
dist: 1.868528225997236 vs. 1.868528225997236
list:
dist: 2.701419546863761 vs. 2.701419546863761
list:
dist: 0.9665423949658711 vs. 0.9665423949658711
list:
dist: 0.6195758029936714 vs. 0.6195758029936714
list:
dist: 1.5777649134775635 vs. 1.5777649134775635
list:
dist: 2.612290990810746 vs. 2.612290990810746
list:
dist: 2.8163677171692165 vs. 2.8163677171692165
list:
dist: 2.3188748079648285 vs. 2.3188748079648285
list:
dist: 1.5187880269066873 vs. 1.5187880269066873
list:
dist: 1.8177803282158254 vs. 1.8177803282158254
list:
dist: 1.4461256054513658 vs. 1.4461256054513658
list:
dist: 3.311086191788543 vs. 3.311086191788543
list:
dist: 4.595401359342907 vs. 4.595401359342907
list:
dist: 2.4637159033840703 vs. 2.4637159033840703
list:
dist: 2.3206294776894363 vs. 2.3206294776894363
list:
dist: 1.709336633330793 vs. 1.709336633330793
list:
dist: 3.5374286032169517 vs. 3.5374286032169517
list:
dist: 2.5245846827303127 vs. 2.5245846827303127
list:
dist: 2.0941074957496153 vs. 2.0941074957496153
list:
dist: 2.6417133385521208 vs. 2.6417133385521208
list:
dist: 0.806479251135043 vs. 0.806479251135043
list:
dist: 1.7541696629425836 vs. 1.7541696629425836
list:
dist: 1.653812867974805 vs. 1.653812867974805
list:
dist: 2.4248048824247435 vs. 2.4248048824247435
list:
dist: 1.5109532655310485 vs. 1.5109532655310485
list:
dist: 2.010618572441511 vs. 2.010618572441511
list:
dist: 1.006138274054394 vs. 1.006138274054394
list:
dist: 1.3246029779712356 vs. 1.3246029779712356
list:
dist: 2.3577440429546357 vs. 2.3577440429546357
list:
dist: 2.0066380357835327 vs. 2.0066380357835327
list:
dist: 1.5149466120645083 vs. 1.5149466120645083
list:
dist: 1.6671468402572192 vs. 1.6671468402572192
list:
dist: 1.9802480107069915 vs. 1.9802480107069915
list:
dist: 2.5439610029532767 vs. 2.5439610029532767
list:
dist: 3.2269862966968494 vs. 3.2269862966968494
list:
dist: 2.661068317827878 vs. 2.661068317827878
list:
dist: 1.5209373917520843 vs. 1.5209373917520843
list:
dist: 1.6698467829456438 vs. 1.6698467829456438
list:
dist: 2.625714439199417 vs. 2.625714439199417
list:
dist: 2.5495813180083537 vs. 2.5495813180083537
list:
dist: 3.2269862966968494 vs. 3.2269862966968494
list:
dist: 2.669092396784554 vs. 2.669092396784554
list:
dist: 2.448587920844566 vs. 2.448587920844566
list:
dist: 2.0147063904390397 vs. 2.0147063904390397
list:
dist: 1.7105530816358392 vs. 1.7105530816358392
list:
dist: 2.4292899687518896 vs. 2.4292899687518896
list:
dist: 2.83598172654028 vs. 2.83598172654028
list:
dist: 1.5599544270600083 vs. 1.5599544270600083
list:
dist: 3.381620182396778 vs. 3.381620182396778
list:
dist: 2.612290990810746 vs. 2.612290990810746
list:
dist: 3.542575365776189 vs. 3.542575365776189
list:
dist: 2.7215839404092828 vs. 2.7215839404092828
list:
dist: 1.7833451418282285 vs. 1.7833451418282285
list:
dist: 1.4662197569639057 vs. 1.4662197569639057
list:
dist: 2.452102304360512 vs. 2.452102304360512
list:
dist: 1.8430678550839046 vs. 1.8430678550839046
list:
dist: 1.1395085429088745 vs. 1.1395085429088745
list:
dist: 1.3426960675042952 vs. 1.3426960675042952
list:
dist: 2.5177875508124385 vs. 2.5177875508124385
list:
dist: 2.5473734513319406 vs. 2.5473734513319406
list:
dist: 2.2760723600484876 vs. 2.2760723600484876
list:
dist: 2.0868240035463614 vs. 2.0868240035463614
list:
dist: 1.7214029522504444 vs. 1.7214029522504444
list:
dist: 1.726472471586619 vs. 1.726472471586619
list:
dist: 2.5439610029532767 vs. 2.5439610029532767
list:
dist: 2.2877396908014167 vs. 2.2877396908014167
list:
dist: 2.8718556021738544 vs. 2.8718556021738544
list:
dist: 2.289217504853737 vs. 2.289217504853737
list:
dist: 3.532328636398545 vs. 3.532328636398545
list:
dist: 4.525222147079273 vs. 4.525222147079273
list:
dist: 5.126153031985458 vs. 5.126153031985458
list:
dist: 4.5365360614794445 vs. 4.5365360614794445
list:
dist: 3.764039802291537 vs. 3.764039802291537
list:
dist: 4.6808693856273935 vs. 4.6808693856273935
list:
dist: 4.957940782373376 vs. 4.957940782373376
list:
dist: 4.257778314332143 vs. 4.257778314332143
list:
dist: 1.0524093431315937 vs. 1.0524093431315937
list:
dist: 0.7532403812454006 vs. 0.7532403812454006
list:
dist: 1.845026284038236 vs. 1.845026284038236
list:
dist: 1.8165248398085474 vs. 1.8165248398085474
list:
dist: 0.7752082375056227 vs. 0.7752082375056227
list:
dist: 2.542868642707653 vs. 2.542868642707653
list:
dist: 1.5777649134775635 vs. 1.5777649134775635
list:
dist: 2.2300765716812267 vs. 2.2300765716812267
list:
dist: 1.3258861701299427 vs. 1.3258861701299427
list:
dist: 1.7833451418282285 vs. 1.7833451418282285
list:
dist: 2.40365321208111 vs. 2.40365321208111
list:
dist: 2.5094343129486405 vs. 2.5094343129486405
list:
dist: 2.0423585443184695 vs. 2.0423585443184695
list:
dist: 1.7317375753781394 vs. 1.7317375753781394
list:
dist: 0.9350867108722989 vs. 0.9350867108722989
list:
dist: 2.6145296659658244 vs. 2.6145296659658244
list:
dist: 4.930806886996555 vs. 4.930806886996555
list:
dist: 1.0818977815085198 vs. 1.0818977815085198
list:
dist: 1.0932573808367019 vs. 1.0932573808367019
list:
dist: 0.535017723562469 vs. 0.535017723562469
list:
dist: 2.0306375583934697 vs. 2.0306375583934697
list:
dist: 1.3557705202751587 vs. 1.3557705202751587
list:
dist: 0.7088220248930357 vs. 0.7088220248930357
list:
dist: 2.625714439199417 vs. 2.625714439199417
list:
dist: 1.9210602666091883 vs. 1.9210602666091883
list:
dist: 1.9166522631065943 vs. 1.9166522631065943
list:
dist: 1.6345612737456812 vs. 1.6345612737456812
list:
dist: 1.6796630608521628 vs. 1.6796630608521628
list:
dist: 2.1320773890640106 vs. 2.1320773890640106
list:
dist: 2.6519348085059793 vs. 2.6519348085059793
list:
dist: 1.780036983542697 vs. 1.780036983542697
list:
dist: 3.4360287933648594 vs. 3.4360287933648594
list:
dist: 1.8177803282158254 vs. 1.8177803282158254
list:
dist: 2.781306684101045 vs. 2.781306684101045
list:
dist: 2.068067477825728 vs. 2.068067477825728
list:
dist: 1.7317375753781394 vs. 1.7317375753781394
list:
dist: 1.1395085429088745 vs. 1.1395085429088745
list:
dist: 1.886882441574088 vs. 1.886882441574088
list:
dist: 2.336330689167158 vs. 2.336330689167158
list:
dist: 1.1133905677356277 vs. 1.1133905677356277
list:
dist: 0.8649189720658861 vs. 0.8649189720658861
list:
dist: 2.766371847673114 vs. 2.766371847673114
list:
dist: 2.7606792475519644 vs. 2.7606792475519644
list:
dist: 2.1814491086078074 vs. 2.1814491086078074
list:
dist: 2.7981827166655537 vs. 2.7981827166655537
list:
dist: 2.270717309084111 vs. 2.270717309084111
list:
dist: 1.8365921360291828 vs. 1.8365921360291828
list:
dist: 2.0066380357835327 vs. 2.0066380357835327
list:
dist: 2.4805605090227836 vs. 2.4805605090227836
list:
dist: 2.9541525366067938 vs. 2.9541525366067938
list:
dist: 1.5043727863551513 vs. 1.5043727863551513
list:
dist: 1.5810534292826468 vs. 1.5810534292826468
list:
dist: 1.982449699428717 vs. 1.982449699428717
list:
dist: 1.9515841953548625 vs. 1.9515841953548625
list:
dist: 1.477893942802459 vs. 1.477893942802459
list:
dist: 0.9759067778626388 vs. 0.9759067778626388
list:
dist: 2.0434023279188676 vs. 2.0434023279188676
list:
dist: 2.701419546863761 vs. 2.701419546863761
list:
dist: 2.842941894167309 vs. 2.842941894167309
list:
dist: 2.7814597692288126 vs. 2.7814597692288126
list:
dist: 2.542868642707653 vs. 2.542868642707653
list:
dist: 3.381620182396778 vs. 3.381620182396778
list:
dist: 2.644722484280115 vs. 2.644722484280115
list:
dist: 1.7986917651280994 vs. 1.7986917651280994
list:
dist: 2.8106952942917496 vs. 2.8106952942917496
list:
dist: 3.4360287933648594 vs. 3.4360287933648594
list:
dist: 3.0958324604346705 vs. 3.0958324604346705
list:
dist: 2.0930845377384615 vs. 2.0930845377384615
list:
dist: 2.589075921206185 vs. 2.589075921206185
list:
dist: 2.1421194450537255 vs. 2.1421194450537255
list:
dist: 2.7010457178246527 vs. 2.7010457178246527
list:
dist: 4.013505390692265 vs. 4.013505390692265
list:
dist: 1.9855948580046854 vs. 1.9855948580046854
list:
dist: 3.1921624827937443 vs. 3.1921624827937443
list:
dist: 1.5109532655310485 vs. 1.5109532655310485
list:
dist: 1.2956427396860875 vs. 1.2956427396860875
list:
dist: 2.020107168945194 vs. 2.020107168945194
list:
dist: 1.742136887518787 vs. 1.742136887518787
list:
dist: 2.942041119670347 vs. 2.942041119670347
list:
dist: 0.5843525445470433 vs. 0.5843525445470433
list:
dist: 0.8673950946622848 vs. 0.8673950946622848
list:
dist: 1.0819877214598197 vs. 1.0819877214598197
list:
dist: 0.9652668111836791 vs. 0.9652668111836791
list:
dist: 1.982449699428717 vs. 1.982449699428717
list:
dist: 0.9920499156159656 vs. 0.9920499156159656
list:
dist: 1.7094012692056042 vs. 1.7094012692056042
list:
dist: 1.1572572431701016 vs. 1.1572572431701016
list:
dist: 1.0524093431315937 vs. 1.0524093431315937
list:
dist: 2.0147063904390397 vs. 2.0147063904390397
list:
dist: 2.027736909699583 vs. 2.027736909699583
list:
dist: 1.65126679185633 vs. 1.65126679185633
list:
dist: 1.30983470429384 vs. 1.30983470429384
list:
dist: 1.6345612737456812 vs. 1.6345612737456812
list:
dist: 1.215340277052953 vs. 1.215340277052953
list:
dist: 2.7977996387124375 vs. 2.7977996387124375
list:
dist: 1.899781387826516 vs. 1.899781387826516
list:
dist: 1.6690862426561834 vs. 1.6690862426561834
list:
dist: 1.389517807032192 vs. 1.389517807032192
list:
dist: 2.9825562939875656 vs. 2.9825562939875656
list:
dist: 1.5724563471792696 vs. 1.5724563471792696
list:
dist: 1.716451018937622 vs. 1.716451018937622
list:
dist: 1.5724563471792696 vs. 1.5724563471792696
list:
dist: 1.0163181506776158 vs. 1.0163181506776158
list:
dist: 1.8005802639800783 vs. 1.8005802639800783
list:
dist: 1.7579803186055905 vs. 1.7579803186055905
list:
dist: 0.6798046852095967 vs. 0.6798046852095967
list:
dist: 1.9855948580046854 vs. 1.9855948580046854
list:
dist: 2.5245846827303127 vs. 2.5245846827303127
list:
dist: 3.1637774394489195 vs. 3.1637774394489195
list:
dist: 2.4724104126993462 vs. 2.4724104126993462
list:
dist: 1.3557705202751587 vs. 1.3557705202751587
list:
dist: 1.7214029522504444 vs. 1.7214029522504444
list:
dist: 1.7177778646126458 vs. 1.7177778646126458
list:
dist: 2.056303851512398 vs. 2.056303851512398
list:
dist: 2.328090721717061 vs. 2.328090721717061
list:
dist: 2.270717309084111 vs. 2.270717309084111
list:
dist: 1.8728724175275158 vs. 1.8728724175275158
list:
dist: 1.4709926983449673 vs. 1.4709926983449673
list:
dist: 1.2697179312867475 vs. 1.2697179312867475
list:
dist: 1.7088639211433443 vs. 1.7088639211433443
list:
dist: 2.1347035262155107 vs. 2.1347035262155107
list:
dist: 1.6932245147548548 vs. 1.6932245147548548
list:
dist: 2.5300383978368437 vs. 2.5300383978368437
list:
dist: 3.4069408783426067 vs. 3.4069408783426067
list:
dist: 2.010618572441511 vs. 2.010618572441511
list:
dist: 1.8121590834950732 vs. 1.8121590834950732
list:
dist: 2.306590478489038 vs. 2.306590478489038
list:
dist: 1.9947864849621904 vs. 1.9947864849621904
list:
dist: 3.1113951710863725 vs. 3.1113951710863725
list:
dist: 0.5843525445470433 vs. 0.5843525445470433
list:
dist: 1.1616688619905322 vs. 1.1616688619905322
list:
dist: 1.242412244826059 vs. 1.242412244826059
list:
dist: 0.38227803741861494 vs. 0.38227803741861494
list:
dist: 1.9515841953548625 vs. 1.9515841953548625
list:
dist: 1.5085378250073482 vs. 1.5085378250073482
list:
dist: 2.2030384960953264 vs. 2.2030384960953264
list:
dist: 1.5119560715196254 vs. 1.5119560715196254
list:
dist: 0.7532403812454006 vs. 0.7532403812454006
list:
dist: 1.7105530816358392 vs. 1.7105530816358392
list:
dist: 1.8375244491651712 vs. 1.8375244491651712
list:
dist: 1.7733192735920231 vs. 1.7733192735920231
list:
dist: 1.6105717494175404 vs. 1.6105717494175404
list:
dist: 1.6796630608521628 vs. 1.6796630608521628
list:
dist: 1.1723468663819534 vs. 1.1723468663819534
list:
dist: 2.593798646910858 vs. 2.593798646910858
list:
dist: 1.4935435596282662 vs. 1.4935435596282662
list:
dist: 1.2770093272453036 vs. 1.2770093272453036
list:
dist: 1.184105963261215 vs. 1.184105963261215
list:
dist: 2.4903329844077646 vs. 2.4903329844077646
list:
dist: 1.0163181506776158 vs. 1.0163181506776158
list:
dist: 1.3906043516057547 vs. 1.3906043516057547
list:
dist: 2.437761443187072 vs. 2.437761443187072
list:
dist: 3.4820045506305357 vs. 3.4820045506305357
list:
dist: 1.899781387826516 vs. 1.899781387826516
list:
dist: 1.4935435596282662 vs. 1.4935435596282662
list:
dist: 2.5051238873006882 vs. 2.5051238873006882
list:
dist: 2.172457690879923 vs. 2.172457690879923
list:
dist: 1.3364411380289458 vs. 1.3364411380289458
list:
dist: 2.589075921206185 vs. 2.589075921206185
list:
dist: 2.4637159033840703 vs. 2.4637159033840703
list:
dist: 2.8371543619032344 vs. 2.8371543619032344
list:
dist: 2.0619772715163487 vs. 2.0619772715163487
list:
dist: 1.0818977815085198 vs. 1.0818977815085198
list:
dist: 2.5177875508124385 vs. 2.5177875508124385
list:
dist: 3.0574720371595734 vs. 3.0574720371595734
list:
dist: 3.1629170237697304 vs. 3.1629170237697304
list:
dist: 3.0484339668997986 vs. 3.0484339668997986
list:
dist: 2.766371847673114 vs. 2.766371847673114
list:
dist: 1.9808653483975673 vs. 1.9808653483975673
list:
dist: 1.882407047096289 vs. 1.882407047096289
list:
dist: 0.44977095417973106 vs. 0.44977095417973106
list:
dist: 0.8606655990434421 vs. 0.8606655990434421
list:
dist: 1.844570235194311 vs. 1.844570235194311
list:
dist: 1.4709926983449673 vs. 1.4709926983449673
list:
dist: 1.1879275421744397 vs. 1.1879275421744397
list:
dist: 1.631264194832443 vs. 1.631264194832443
list:
dist: 2.6473773314323386 vs. 2.6473773314323386
list:
dist: 2.3577440429546357 vs. 2.3577440429546357
list:
dist: 2.1558619562037817 vs. 2.1558619562037817
list:
dist: 2.521475386000168 vs. 2.521475386000168
list:
dist: 2.2556510757730392 vs. 2.2556510757730392
list:
dist: 3.3006918266805116 vs. 3.3006918266805116
list:
dist: 0.9652668111836791 vs. 0.9652668111836791
list:
dist: 0.38227803741861494 vs. 0.38227803741861494
list:
dist: 1.4486154413089685 vs. 1.4486154413089685
list:
dist: 1.4855673746080362 vs. 1.4855673746080362
list:
dist: 2.0434023279188676 vs. 2.0434023279188676
list:
dist: 1.868528225997236 vs. 1.868528225997236
list:
dist: 2.559526219609689 vs. 2.559526219609689
list:
dist: 1.8202724857689625 vs. 1.8202724857689625
list:
dist: 0.7752082375056227 vs. 0.7752082375056227
list:
dist: 1.5599544270600083 vs. 1.5599544270600083
list:
dist: 1.771641626183694 vs. 1.771641626183694
list:
dist: 1.9286365563250594 vs. 1.9286365563250594
list:
dist: 1.8525847594369123 vs. 1.8525847594369123
list:
dist: 1.780036983542697 vs. 1.780036983542697
list:
dist: 1.2748355666543336 vs. 1.2748355666543336
list:
dist: 2.565971687128448 vs. 2.565971687128448
list:
dist: 1.3364411380289458 vs. 1.3364411380289458
list:
dist: 1.155053049605812 vs. 1.155053049605812
list:
dist: 1.217403681171935 vs. 1.217403681171935
list:
dist: 2.1909518481671557 vs. 2.1909518481671557
list:
dist: 0.6798046852095967 vs. 0.6798046852095967
list:
dist: 1.283374288601927 vs. 1.283374288601927
list:
dist: 1.716451018937622 vs. 1.716451018937622
list:
dist: 1.3906043516057547 vs. 1.3906043516057547
list:
dist: 2.5150758077582114 vs. 2.5150758077582114
list:
dist: 2.5186481313822635 vs. 2.5186481313822635
list:
dist: 1.283374288601927 vs. 1.283374288601927
list:
dist: 3.1921624827937443 vs. 3.1921624827937443
list:
dist: 2.0941074957496153 vs. 2.0941074957496153
list:
dist: 2.756282153088675 vs. 2.756282153088675
list:
dist: 1.7839262343897064 vs. 1.7839262343897064
list:
dist: 0.7088220248930357 vs. 0.7088220248930357
list:
dist: 1.726472471586619 vs. 1.726472471586619
list:
dist: 2.7266657714024127 vs. 2.7266657714024127
list:
dist: 3.0927545914855537 vs. 3.0927545914855537
list:
dist: 2.4742861857321703 vs. 2.4742861857321703
list:
dist: 1.8365921360291828 vs. 1.8365921360291828
list:
dist: 1.055416650309863 vs. 1.055416650309863
list:
dist: 1.1879275421744397 vs. 1.1879275421744397
list:
dist: 1.4336743655755315 vs. 1.4336743655755315
list:
dist: 0.81099266677728 vs. 0.81099266677728
list:
dist: 1.473017604330649 vs. 1.473017604330649
list:
dist: 1.6932245147548548 vs. 1.6932245147548548
list:
dist: 2.0336356551053036 vs. 2.0336356551053036
list:
dist: 3.2480856480000373 vs. 3.2480856480000373
list:
dist: 2.9825562939875656 vs. 2.9825562939875656
list:
dist: 2.4903329844077646 vs. 2.4903329844077646
list:
dist: 3.6285482297683487 vs. 3.6285482297683487
list:
dist: 3.6082302859153166 vs. 3.6082302859153166
list:
dist: 2.1909518481671557 vs. 2.1909518481671557
list:
dist: 4.013505390692265 vs. 4.013505390692265
list:
dist: 3.5374286032169517 vs. 3.5374286032169517
list:
dist: 4.209400801076646 vs. 4.209400801076646
list:
dist: 3.249791704182695 vs. 3.249791704182695
list:
dist: 2.0306375583934697 vs. 2.0306375583934697
list:
dist: 2.0868240035463614 vs. 2.0868240035463614
list:
dist: 3.2078729975890807 vs. 3.2078729975890807
list:
dist: 3.9795829185991383 vs. 3.9795829185991383
list:
dist: 3.5791217503708253 vs. 3.5791217503708253
list:
dist: 2.7981827166655537 vs. 2.7981827166655537
list:
dist: 2.301055264471027 vs. 2.301055264471027
list:
dist: 1.844570235194311 vs. 1.844570235194311
list:
dist: 2.1825238470964514 vs. 2.1825238470964514
list:
dist: 2.11009318166948 vs. 2.11009318166948
list:
dist: 2.1347035262155107 vs. 2.1347035262155107
list:
dist: 1.473017604330649 vs. 1.473017604330649
list:
dist: 1.3196944597493474 vs. 1.3196944597493474
list:
dist: 2.349802720529495 vs. 2.349802720529495
list:
dist: 2.661068317827878 vs. 2.661068317827878
list:
dist: 2.2825821423248973 vs. 2.2825821423248973
list:
dist: 1.6944149236760127 vs. 1.6944149236760127
list:
dist: 2.027736909699583 vs. 2.027736909699583
list:
dist: 1.8375244491651712 vs. 1.8375244491651712
list:
dist: 1.8487081948384008 vs. 1.8487081948384008
list:
dist: 2.375060554813545 vs. 2.375060554813545
list:
dist: 1.771641626183694 vs. 1.771641626183694
list:
dist: 2.644722484280115 vs. 2.644722484280115
list:
dist: 2.8163677171692165 vs. 2.8163677171692165
list:
dist: 3.6441471330769075 vs. 3.6441471330769075
list:
dist: 3.114636979313086 vs. 3.114636979313086
list:
dist: 2.40365321208111 vs. 2.40365321208111
list:
dist: 1.4662197569639057 vs. 1.4662197569639057
list:
dist: 1.344640806103919 vs. 1.344640806103919
list:
dist: 1.6399259181441181 vs. 1.6399259181441181
list:
dist: 1.886882441574088 vs. 1.886882441574088
list:
dist: 2.201892832680849 vs. 2.201892832680849
list:
dist: 3.0574720371595734 vs. 3.0574720371595734
list:
dist: 2.8660272886910674 vs. 2.8660272886910674
list:
dist: 2.9239440606627354 vs. 2.9239440606627354
list:
dist: 3.2078729975890807 vs. 3.2078729975890807
list:
dist: 1.7177778646126458 vs. 1.7177778646126458
list:
dist: 2.7266657714024127 vs. 2.7266657714024127
list:
dist: 1.9841856922806707 vs. 1.9841856922806707
list:
dist: 2.3032119634890793 vs. 2.3032119634890793
list:
dist: 2.7977996387124375 vs. 2.7977996387124375
list:
dist: 2.593798646910858 vs. 2.593798646910858
list:
dist: 2.945929236205141 vs. 2.945929236205141
list:
dist: 2.2404783363766714 vs. 2.2404783363766714
list:
dist: 2.565971687128448 vs. 2.565971687128448
list:
dist: 2.0930845377384615 vs. 2.0930845377384615
list:
dist: 3.311086191788543 vs. 3.311086191788543
list:
dist: 3.2114202510273566 vs. 3.2114202510273566
list:
dist: 2.9694801908057795 vs. 2.9694801908057795
list:
dist: 2.6145296659658244 vs. 2.6145296659658244
list:
dist: 1.882407047096289 vs. 1.882407047096289
list:
dist: 1.6126620614037974 vs. 1.6126620614037974
list:
dist: 2.3778328528775727 vs. 2.3778328528775727
list:
dist: 2.923403052852944 vs. 2.923403052852944
list:
dist: 3.3467267304465182 vs. 3.3467267304465182
list:
dist: 2.227580961452438 vs. 2.227580961452438
list:
dist: 3.4999582469254062 vs. 3.4999582469254062
list:
dist: 4.1078530644150355 vs. 4.1078530644150355
list:
dist: 4.848720426781263 vs. 4.848720426781263
list:
dist: 4.227363749396274 vs. 4.227363749396274
list:
dist: 3.4263867595941724 vs. 3.4263867595941724
list:
dist: 4.421614219377622 vs. 4.421614219377622
list:
dist: 4.7018191010138155 vs. 4.7018191010138155
list:
dist: 3.859472649644647 vs. 3.859472649644647
list:
dist: 1.389517807032192 vs. 1.389517807032192
list:
dist: 1.184105963261215 vs. 1.184105963261215
list:
dist: 2.176546610290508 vs. 2.176546610290508
list:
dist: 1.994487613714795 vs. 1.994487613714795
list:
dist: 1.217403681171935 vs. 1.217403681171935
list:
dist: 2.7010457178246527 vs. 2.7010457178246527
list:
dist: 1.709336633330793 vs. 1.709336633330793
list:
dist: 2.1593906128170577 vs. 2.1593906128170577
list:
dist: 1.2728098395415492 vs. 1.2728098395415492
list:
dist: 0.535017723562469 vs. 0.535017723562469
list:
dist: 2.2760723600484876 vs. 2.2760723600484876
list:
dist: 2.9239440606627354 vs. 2.9239440606627354
list:
dist: 2.9329275272219997 vs. 2.9329275272219997
list:
dist: 2.4880546860757837 vs. 2.4880546860757837
list:
dist: 2.1814491086078074 vs. 2.1814491086078074
list:
dist: 1.3318356517560759 vs. 1.3318356517560759
list:
dist: 2.3778328528775727 vs. 2.3778328528775727
list:
dist: 4.493601519784035 vs. 4.493601519784035
list:
dist: 0.8606655990434421 vs. 0.8606655990434421
list:
dist: 0.9694839754940346 vs. 0.9694839754940346
list:
dist: 2.11009318166948 vs. 2.11009318166948
list:
dist: 1.7088639211433443 vs. 1.7088639211433443
list:
dist: 0.81099266677728 vs. 0.81099266677728
list:
dist: 2.246707398934669 vs. 2.246707398934669
list:
dist: 3.383015291343201 vs. 3.383015291343201
list:
dist: 2.070098535840044 vs. 2.070098535840044
list:
dist: 3.063339469321601 vs. 3.063339469321601
list:
dist: 1.6690862426561834 vs. 1.6690862426561834
list:
dist: 1.2770093272453036 vs. 1.2770093272453036
list:
dist: 2.1673329443464926 vs. 2.1673329443464926
list:
dist: 1.770196227031034 vs. 1.770196227031034
list:
dist: 1.155053049605812 vs. 1.155053049605812
list:
dist: 2.1421194450537255 vs. 2.1421194450537255
list:
dist: 2.3206294776894363 vs. 2.3206294776894363
list:
dist: 2.6609044189730615 vs. 2.6609044189730615
list:
dist: 1.980002831127717 vs. 1.980002831127717
list:
dist: 1.0932573808367019 vs. 1.0932573808367019
list:
dist: 2.5473734513319406 vs. 2.5473734513319406
list:
dist: 2.8660272886910674 vs. 2.8660272886910674
list:
dist: 2.8335257248844172 vs. 2.8335257248844172
list:
dist: 2.8774393624652346 vs. 2.8774393624652346
list:
dist: 2.7606792475519644 vs. 2.7606792475519644
list:
dist: 2.0200895295813366 vs. 2.0200895295813366
list:
dist: 1.6126620614037974 vs. 1.6126620614037974
list:
dist: 0.44977095417973106 vs. 0.44977095417973106
list:
dist: 0.9694839754940346 vs. 0.9694839754940346
list:
dist: 2.1825238470964514 vs. 2.1825238470964514
list:
dist: 1.2697179312867475 vs. 1.2697179312867475
list:
dist: 1.4336743655755315 vs. 1.4336743655755315
list:
dist: 2.008880467057972 vs. 2.008880467057972
list:
dist: 2.9345267783596913 vs. 2.9345267783596913
list:
dist: 0.6365022525191234 vs. 0.6365022525191234
list:
dist: 0.7758226142426727 vs. 0.7758226142426727
list:
dist: 1.4981484674963148 vs. 1.4981484674963148
list:
dist: 1.0571106351164272 vs. 1.0571106351164272
list:
dist: 1.1501564331146485 vs. 1.1501564331146485
list:
dist: 2.3171864629721113 vs. 2.3171864629721113
list:
dist: 1.9865281585197454 vs. 1.9865281585197454
list:
dist: 1.23576639778117 vs. 1.23576639778117
list:
dist: 1.7678449736663813 vs. 1.7678449736663813
list:
dist: 2.5127504640453444 vs. 2.5127504640453444
list:
dist: 2.0626610928092752 vs. 2.0626610928092752
list:
dist: 1.9891076184463536 vs. 1.9891076184463536
list:
dist: 1.3943693705950575 vs. 1.3943693705950575
list:
dist: 2.697361661294603 vs. 2.697361661294603
list:
dist: 2.219374311911309 vs. 2.219374311911309
list:
dist: 3.409936823743799 vs. 3.409936823743799
list:
dist: 2.9792663483046105 vs. 2.9792663483046105
list:
dist: 3.755562693749902 vs. 3.755562693749902
list:
dist: 1.9968124610135187 vs. 1.9968124610135187
list:
dist: 3.072171302364411 vs. 3.072171302364411
list:
dist: 1.0571106351164272 vs. 1.0571106351164272
list:
dist: 0.8321019646167173 vs. 0.8321019646167173
list:
dist: 0.8099692029876435 vs. 0.8099692029876435
list:
dist: 1.7624693602843886 vs. 1.7624693602843886
list:
dist: 0.697264726788428 vs. 0.697264726788428
list:
dist: 1.8881600447927906 vs. 1.8881600447927906
list:
dist: 1.1739590404836415 vs. 1.1739590404836415
list:
dist: 0.3720333881520342 vs. 0.3720333881520342
list:
dist: 1.746333445752132 vs. 1.746333445752132
list:
dist: 2.2864343187850675 vs. 2.2864343187850675
list:
dist: 1.7118422529106032 vs. 1.7118422529106032
list:
dist: 1.2312631070564704 vs. 1.2312631070564704
list:
dist: 1.0708180929346829 vs. 1.0708180929346829
list:
dist: 2.1520045937217636 vs. 2.1520045937217636
list:
dist: 4.063434995769234 vs. 4.063434995769234
list:
dist: 3.3445870305049774 vs. 3.3445870305049774
list:
dist: 3.89409386943488 vs. 3.89409386943488
list:
dist: 5.126153031985458 vs. 5.126153031985458
list:
dist: 2.572602268199614 vs. 2.572602268199614
list:
dist: 2.454468293188399 vs. 2.454468293188399
list:
dist: 2.440867439685238 vs. 2.440867439685238
list:
dist: 3.5258445414434756 vs. 3.5258445414434756
list:
dist: 3.1526575840766586 vs. 3.1526575840766586
list:
dist: 3.7137350826010223 vs. 3.7137350826010223
list:
dist: 2.042107092029964 vs. 2.042107092029964
list:
dist: 2.806490416958909 vs. 2.806490416958909
list:
dist: 4.848720426781263 vs. 4.848720426781263
list:
dist: 4.466998198031189 vs. 4.466998198031189
list:
dist: 4.610481143518699 vs. 4.610481143518699
list:
dist: 4.20905384508525 vs. 4.20905384508525
list:
dist: 3.7188057006557824 vs. 3.7188057006557824
list:
dist: 4.871197882791369 vs. 4.871197882791369
list:
dist: 1.9865281585197454 vs. 1.9865281585197454
list:
dist: 1.9382178032926758 vs. 1.9382178032926758
list:
dist: 1.8058899737979461 vs. 1.8058899737979461
list:
dist: 1.8398799255906937 vs. 1.8398799255906937
list:
dist: 1.1739590404836415 vs. 1.1739590404836415
list:
dist: 1.1921978183703439 vs. 1.1921978183703439
list:
dist: 1.2166517376298094 vs. 1.2166517376298094
list:
dist: 1.3395610436754788 vs. 1.3395610436754788
list:
dist: 1.5249917361003102 vs. 1.5249917361003102
list:
dist: 1.6521362319880486 vs. 1.6521362319880486
list:
dist: 1.0041775315608767 vs. 1.0041775315608767
list:
dist: 0.6741930171718651 vs. 0.6741930171718651
list:
dist: 0.8662926581739454 vs. 0.8662926581739454
list:
dist: 1.081198045481129 vs. 1.081198045481129
list:
dist: 3.7496820637069646 vs. 3.7496820637069646
list:
dist: 3.266065389262004 vs. 3.266065389262004
list:
dist: 3.5496075423779407 vs. 3.5496075423779407
list:
dist: 4.6808693856273935 vs. 4.6808693856273935
list:
dist: 1.4905582302521456 vs. 1.4905582302521456
list:
dist: 1.3302625433390058 vs. 1.3302625433390058
list:
dist: 2.1345590413275333 vs. 2.1345590413275333
list:
dist: 2.933255984630885 vs. 2.933255984630885
list:
dist: 2.6584832592267538 vs. 2.6584832592267538
list:
dist: 2.9459051490418218 vs. 2.9459051490418218
list:
dist: 1.6481753507446675 vs. 1.6481753507446675
list:
dist: 1.9254146714165148 vs. 1.9254146714165148
list:
dist: 4.421614219377622 vs. 4.421614219377622
list:
dist: 3.564673004763001 vs. 3.564673004763001
list:
dist: 3.5333757268319292 vs. 3.5333757268319292
list:
dist: 3.34268706227803 vs. 3.34268706227803
list:
dist: 2.7708965265832104 vs. 2.7708965265832104
list:
dist: 3.9026548283901703 vs. 3.9026548283901703
list:
dist: 1.4981484674963148 vs. 1.4981484674963148
list:
dist: 1.7591734378705712 vs. 1.7591734378705712
list:
dist: 2.052718202923254 vs. 2.052718202923254
list:
dist: 1.7624693602843886 vs. 1.7624693602843886
list:
dist: 1.2423735043332862 vs. 1.2423735043332862
list:
dist: 1.31393236670241 vs. 1.31393236670241
list:
dist: 1.8398799255906937 vs. 1.8398799255906937
list:
dist: 1.914431557122813 vs. 1.914431557122813
list:
dist: 0.48945998956582504 vs. 0.48945998956582504
list:
dist: 2.202828541309286 vs. 2.202828541309286
list:
dist: 1.6464359754933722 vs. 1.6464359754933722
list:
dist: 2.1893179548213175 vs. 2.1893179548213175
list:
dist: 1.3030551215622432 vs. 1.3030551215622432
list:
dist: 1.939885048372002 vs. 1.939885048372002
list:
dist: 3.982495479726067 vs. 3.982495479726067
list:
dist: 3.3243899771415446 vs. 3.3243899771415446
list:
dist: 3.5687193002721056 vs. 3.5687193002721056
list:
dist: 4.525222147079273 vs. 4.525222147079273
list:
dist: 2.6702192470853494 vs. 2.6702192470853494
list:
dist: 2.7345538052579776 vs. 2.7345538052579776
list:
dist: 1.0522391631454862 vs. 1.0522391631454862
list:
dist: 2.44026459177267 vs. 2.44026459177267
list:
dist: 1.9915993254452102 vs. 1.9915993254452102
list:
dist: 2.5449122078174904 vs. 2.5449122078174904
list:
dist: 1.31298638568252 vs. 1.31298638568252
list:
dist: 1.9278020747098792 vs. 1.9278020747098792
list:
dist: 4.1078530644150355 vs. 4.1078530644150355
list:
dist: 3.5584257249256654 vs. 3.5584257249256654
list:
dist: 3.8776169451922695 vs. 3.8776169451922695
list:
dist: 3.0814953629111543 vs. 3.0814953629111543
list:
dist: 2.771837694408418 vs. 2.771837694408418
list:
dist: 4.209001921734217 vs. 4.209001921734217
list:
dist: 2.923403052852944 vs. 2.923403052852944
list:
dist: 1.631264194832443 vs. 1.631264194832443
list:
dist: 2.008880467057972 vs. 2.008880467057972
list:
dist: 2.246707398934669 vs. 2.246707398934669
list:
dist: 1.3196944597493474 vs. 1.3196944597493474
list:
dist: 2.5300383978368437 vs. 2.5300383978368437
list:
dist: 2.0336356551053036 vs. 2.0336356551053036
list:
dist: 1.2313789944003555 vs. 1.2313789944003555
list:
dist: 3.3467267304465182 vs. 3.3467267304465182
list:
dist: 2.6473773314323386 vs. 2.6473773314323386
list:
dist: 2.9345267783596913 vs. 2.9345267783596913
list:
dist: 3.383015291343201 vs. 3.383015291343201
list:
dist: 2.349802720529495 vs. 2.349802720529495
list:
dist: 3.4069408783426067 vs. 3.4069408783426067
list:
dist: 3.2480856480000373 vs. 3.2480856480000373
list:
dist: 1.2313789944003555 vs. 1.2313789944003555
list:
dist: 1.1501564331146485 vs. 1.1501564331146485
list:
dist: 0.9576623643619837 vs. 0.9576623643619837
list:
dist: 1.3422316609952398 vs. 1.3422316609952398
list:
dist: 1.2423735043332862 vs. 1.2423735043332862
list:
dist: 0.697264726788428 vs. 0.697264726788428
list:
dist: 1.387901146428293 vs. 1.387901146428293
list:
dist: 1.1921978183703439 vs. 1.1921978183703439
list:
dist: 0.7129492848093599 vs. 0.7129492848093599
list:
dist: 1.207094024659564 vs. 1.207094024659564
list:
dist: 2.3653625365362783 vs. 2.3653625365362783
list:
dist: 1.6825466173598362 vs. 1.6825466173598362
list:
dist: 1.5546156322036024 vs. 1.5546156322036024
list:
dist: 1.0744552399494858 vs. 1.0744552399494858
list:
dist: 1.945168009554945 vs. 1.945168009554945
list:
dist: 3.5846390046396546 vs. 3.5846390046396546
list:
dist: 2.8525438203900952 vs. 2.8525438203900952
list:
dist: 3.3451481259377167 vs. 3.3451481259377167
list:
dist: 4.5365360614794445 vs. 4.5365360614794445
list:
dist: 2.5800442602546743 vs. 2.5800442602546743
list:
dist: 2.4843191512107943 vs. 2.4843191512107943
list:
dist: 2.077559409915762 vs. 2.077559409915762
list:
dist: 3.300309245111568 vs. 3.300309245111568
list:
dist: 2.901131749115475 vs. 2.901131749115475
list:
dist: 3.3757554518305484 vs. 3.3757554518305484
list:
dist: 1.8820260197017586 vs. 1.8820260197017586
list:
dist: 2.460191103761601 vs. 2.460191103761601
list:
dist: 4.227363749396274 vs. 4.227363749396274
list:
dist: 4.2370139520128625 vs. 4.2370139520128625
list:
dist: 4.32459103822176 vs. 4.32459103822176
list:
dist: 3.85408558510985 vs. 3.85408558510985
list:
dist: 3.3746171217818826 vs. 3.3746171217818826
list:
dist: 4.735520131940589 vs. 4.735520131940589
list:
dist: 0.6365022525191234 vs. 0.6365022525191234
list:
dist: 0.8530943887299359 vs. 0.8530943887299359
list:
dist: 1.7591734378705712 vs. 1.7591734378705712
list:
dist: 0.8321019646167173 vs. 0.8321019646167173
list:
dist: 0.9576623643619837 vs. 0.9576623643619837
list:
dist: 2.32496785300372 vs. 2.32496785300372
list:
dist: 1.9382178032926758 vs. 1.9382178032926758
list:
dist: 0.8112284353958451 vs. 0.8112284353958451
list:
dist: 1.9467712770904815 vs. 1.9467712770904815
list:
dist: 2.8568341253504608 vs. 2.8568341253504608
list:
dist: 2.310243041736033 vs. 2.310243041736033
list:
dist: 2.0251232354302284 vs. 2.0251232354302284
list:
dist: 1.6133666269131048 vs. 1.6133666269131048
list:
dist: 2.797958327482029 vs. 2.797958327482029
list:
dist: 2.6222361530258445 vs. 2.6222361530258445
list:
dist: 3.857931602626622 vs. 3.857931602626622
list:
dist: 3.4327990937956114 vs. 3.4327990937956114
list:
dist: 4.097976483668875 vs. 4.097976483668875
list:
dist: 2.4015673197207983 vs. 2.4015673197207983
list:
dist: 3.2896759440869787 vs. 3.2896759440869787
list:
dist: 1.9891076184463536 vs. 1.9891076184463536
list:
dist: 2.0251232354302284 vs. 2.0251232354302284
list:
dist: 1.6007148127892643 vs. 1.6007148127892643
list:
dist: 2.1893179548213175 vs. 2.1893179548213175
list:
dist: 1.2312631070564704 vs. 1.2312631070564704
list:
dist: 1.5546156322036024 vs. 1.5546156322036024
list:
dist: 1.8259041050701696 vs. 1.8259041050701696
list:
dist: 0.6741930171718651 vs. 0.6741930171718651
list:
dist: 1.4920993586417772 vs. 1.4920993586417772
list:
dist: 1.9623267756530896 vs. 1.9623267756530896
list:
dist: 1.4208287613819517 vs. 1.4208287613819517
list:
dist: 1.0194821049565348 vs. 1.0194821049565348
list:
dist: 0.9255061306041892 vs. 0.9255061306041892
list:
dist: 1.4522874666128194 vs. 1.4522874666128194
list:
dist: 1.492914748908084 vs. 1.492914748908084
list:
dist: 1.3720400998904707 vs. 1.3720400998904707
list:
dist: 2.360146874557402 vs. 2.360146874557402
list:
dist: 2.9968952379769935 vs. 2.9968952379769935
list:
dist: 2.751818859006675 vs. 2.751818859006675
list:
dist: 3.174082701315725 vs. 3.174082701315725
list:
dist: 1.7050104966220367 vs. 1.7050104966220367
list:
dist: 2.270903817079161 vs. 2.270903817079161
list:
dist: 3.674610022769545 vs. 3.674610022769545
list:
dist: 3.7929158779713688 vs. 3.7929158779713688
list:
dist: 3.604139665993536 vs. 3.604139665993536
list:
dist: 3.0758343120739764 vs. 3.0758343120739764
list:
dist: 3.916552816636712 vs. 3.916552816636712
list:
dist: 2.0626610928092752 vs. 2.0626610928092752
list:
dist: 2.310243041736033 vs. 2.310243041736033
list:
dist: 2.0198579746605008 vs. 2.0198579746605008
list:
dist: 1.6464359754933722 vs. 1.6464359754933722
list:
dist: 1.7118422529106032 vs. 1.7118422529106032
list:
dist: 1.6825466173598362 vs. 1.6825466173598362
list:
dist: 1.3950696444442034 vs. 1.3950696444442034
list:
dist: 1.0041775315608767 vs. 1.0041775315608767
list:
dist: 2.0097933964187153 vs. 2.0097933964187153
list:
dist: 1.373676858149244 vs. 1.373676858149244
list:
dist: 0.7400723869096791 vs. 0.7400723869096791
list:
dist: 1.0194821049565348 vs. 1.0194821049565348
list:
dist: 0.6974431597665345 vs. 0.6974431597665345
list:
dist: 0.9152355466990474 vs. 0.9152355466990474
list:
dist: 1.1692736993391888 vs. 1.1692736993391888
list:
dist: 1.2876815710674385 vs. 1.2876815710674385
list:
dist: 1.442896683058123 vs. 1.442896683058123
list:
dist: 1.9976626294844189 vs. 1.9976626294844189
list:
dist: 1.7446040771579954 vs. 1.7446040771579954
list:
dist: 2.1913447793602483 vs. 2.1913447793602483
list:
dist: 0.7735273555333813 vs. 0.7735273555333813
list:
dist: 1.3996493546832656 vs. 1.3996493546832656
list:
dist: 2.7917087074182314 vs. 2.7917087074182314
list:
dist: 3.0957256938797157 vs. 3.0957256938797157
list:
dist: 2.6753360313121037 vs. 2.6753360313121037
list:
dist: 2.2231221195193043 vs. 2.2231221195193043
list:
dist: 3.1676849113947547 vs. 3.1676849113947547
list:
dist: 0.7758226142426727 vs. 0.7758226142426727
list:
dist: 0.8530943887299359 vs. 0.8530943887299359
list:
dist: 2.052718202923254 vs. 2.052718202923254
list:
dist: 0.8099692029876435 vs. 0.8099692029876435
list:
dist: 1.3422316609952398 vs. 1.3422316609952398
list:
dist: 2.530909604920828 vs. 2.530909604920828
list:
dist: 1.8058899737979461 vs. 1.8058899737979461
list:
dist: 1.0461734443189172 vs. 1.0461734443189172
list:
dist: 2.181815580546663 vs. 2.181815580546663
list:
dist: 2.402212681267632 vs. 2.402212681267632
list:
dist: 2.0198579746605008 vs. 2.0198579746605008
list:
dist: 1.6007148127892643 vs. 1.6007148127892643
list:
dist: 1.3876454898105326 vs. 1.3876454898105326
list:
dist: 2.6936295904471237 vs. 2.6936295904471237
list:
dist: 2.6335170434932724 vs. 2.6335170434932724
list:
dist: 3.653274612519583 vs. 3.653274612519583
list:
dist: 3.2732675557597775 vs. 3.2732675557597775
list:
dist: 4.019351358143133 vs. 4.019351358143133
list:
dist: 2.192519436062848 vs. 2.192519436062848
list:
dist: 3.257770241808525 vs. 3.257770241808525
list:
dist: 1.3943693705950575 vs. 1.3943693705950575
list:
dist: 1.6133666269131048 vs. 1.6133666269131048
list:
dist: 1.3876454898105326 vs. 1.3876454898105326
list:
dist: 1.3030551215622432 vs. 1.3030551215622432
list:
dist: 1.0708180929346829 vs. 1.0708180929346829
list:
dist: 1.0744552399494858 vs. 1.0744552399494858
list:
dist: 1.3827793133812867 vs. 1.3827793133812867
list:
dist: 0.8662926581739454 vs. 0.8662926581739454
list:
dist: 1.3869305522968118 vs. 1.3869305522968118
list:
dist: 1.1613087453959368 vs. 1.1613087453959368
list:
dist: 1.3030797477218778 vs. 1.3030797477218778
list:
dist: 0.6974431597665345 vs. 0.6974431597665345
list:
dist: 0.9255061306041892 vs. 0.9255061306041892
list:
dist: 1.3639151721679714 vs. 1.3639151721679714
list:
dist: 1.7779345020244535 vs. 1.7779345020244535
list:
dist: 1.7940230571758815 vs. 1.7940230571758815
list:
dist: 1.5425408379756107 vs. 1.5425408379756107
list:
dist: 2.4712568692741246 vs. 2.4712568692741246
list:
dist: 2.1243880047709816 vs. 2.1243880047709816
list:
dist: 2.6993577364181993 vs. 2.6993577364181993
list:
dist: 1.0045751919850934 vs. 1.0045751919850934
list:
dist: 1.879123592905102 vs. 1.879123592905102
list:
dist: 3.424748999601718 vs. 3.424748999601718
list:
dist: 3.7098602003840173 vs. 3.7098602003840173
list:
dist: 3.2186562619486327 vs. 3.2186562619486327
list:
dist: 2.775424875963634 vs. 2.775424875963634
list:
dist: 3.849838896433671 vs. 3.849838896433671
list:
dist: 1.7678449736663813 vs. 1.7678449736663813
list:
dist: 1.9467712770904815 vs. 1.9467712770904815
list:
dist: 2.181815580546663 vs. 2.181815580546663
list:
dist: 0.48945998956582504 vs. 0.48945998956582504
list:
dist: 1.746333445752132 vs. 1.746333445752132
list:
dist: 1.207094024659564 vs. 1.207094024659564
list:
dist: 0.8407998757533364 vs. 0.8407998757533364
list:
dist: 1.5249917361003102 vs. 1.5249917361003102
list:
dist: 1.89429840409182 vs. 1.89429840409182
list:
dist: 1.9954439187123647 vs. 1.9954439187123647
list:
dist: 1.373676858149244 vs. 1.373676858149244
list:
dist: 1.9623267756530896 vs. 1.9623267756530896
list:
dist: 1.1613087453959368 vs. 1.1613087453959368
list:
dist: 1.4920085454023149 vs. 1.4920085454023149
list:
dist: 3.711840636624903 vs. 3.711840636624903
list:
dist: 3.134667016701625 vs. 3.134667016701625
list:
dist: 3.302555929825563 vs. 3.302555929825563
list:
dist: 4.257778314332143 vs. 4.257778314332143
list:
dist: 2.278551087047748 vs. 2.278551087047748
list:
dist: 2.3280831936909085 vs. 2.3280831936909085
list:
dist: 1.0188189408486081 vs. 1.0188189408486081
list:
dist: 2.3040489747114927 vs. 2.3040489747114927
list:
dist: 1.8964675430503861 vs. 1.8964675430503861
list:
dist: 2.286283468298947 vs. 2.286283468298947
list:
dist: 1.1911499682958848 vs. 1.1911499682958848
list:
dist: 1.523595666595201 vs. 1.523595666595201
list:
dist: 3.859472649644647 vs. 3.859472649644647
list:
dist: 3.267512581565247 vs. 3.267512581565247
list:
dist: 3.46692651059688 vs. 3.46692651059688
list:
dist: 2.7794971043033265 vs. 2.7794971043033265
list:
dist: 2.3956845649358502 vs. 2.3956845649358502
list:
dist: 3.894119058893915 vs. 3.894119058893915
list:
dist: 2.6702192470853494 vs. 2.6702192470853494
list:
dist: 2.572602268199614 vs. 2.572602268199614
list:
dist: 2.5800442602546743 vs. 2.5800442602546743
list:
dist: 1.885548828389813 vs. 1.885548828389813
list:
dist: 1.4905582302521456 vs. 1.4905582302521456
list:
dist: 2.8044954965210396 vs. 2.8044954965210396
list:
dist: 2.278551087047748 vs. 2.278551087047748
list:
dist: 1.1895475566942506 vs. 1.1895475566942506
list:
dist: 1.1692736993391888 vs. 1.1692736993391888
list:
dist: 1.492914748908084 vs. 1.492914748908084
list:
dist: 1.7779345020244535 vs. 1.7779345020244535
list:
dist: 0.8923643878025297 vs. 0.8923643878025297
list:
dist: 0.3741034041482768 vs. 0.3741034041482768
list:
dist: 2.313480088109175 vs. 2.313480088109175
list:
dist: 2.308863815699073 vs. 2.308863815699073
list:
dist: 2.27869268078739 vs. 2.27869268078739
list:
dist: 2.2460217681047983 vs. 2.2460217681047983
list:
dist: 1.7655972319053284 vs. 1.7655972319053284
list:
dist: 1.4788677253109417 vs. 1.4788677253109417
list:
dist: 2.427741736398316 vs. 2.427741736398316
list:
dist: 2.3984594834665542 vs. 2.3984594834665542
list:
dist: 2.4914767865074836 vs. 2.4914767865074836
list:
dist: 1.9372545280309839 vs. 1.9372545280309839
list:
dist: 2.5507933362194692 vs. 2.5507933362194692
list:
dist: 2.3171864629721113 vs. 2.3171864629721113
list:
dist: 2.32496785300372 vs. 2.32496785300372
list:
dist: 2.530909604920828 vs. 2.530909604920828
list:
dist: 1.31393236670241 vs. 1.31393236670241
list:
dist: 1.8881600447927906 vs. 1.8881600447927906
list:
dist: 1.387901146428293 vs. 1.387901146428293
list:
dist: 1.2166517376298094 vs. 1.2166517376298094
list:
dist: 1.968955641071666 vs. 1.968955641071666
list:
dist: 0.8407998757533364 vs. 0.8407998757533364
list:
dist: 2.077693148396839 vs. 2.077693148396839
list:
dist: 1.3950696444442034 vs. 1.3950696444442034
list:
dist: 1.8259041050701696 vs. 1.8259041050701696
list:
dist: 1.3827793133812867 vs. 1.3827793133812867
list:
dist: 1.0018842113657325 vs. 1.0018842113657325
list:
dist: 3.1534561755040658 vs. 3.1534561755040658
list:
dist: 2.725748294624881 vs. 2.725748294624881
list:
dist: 2.7859928544644577 vs. 2.7859928544644577
list:
dist: 3.764039802291537 vs. 3.764039802291537
list:
dist: 1.885548828389813 vs. 1.885548828389813
list:
dist: 1.8449852754700873 vs. 1.8449852754700873
list:
dist: 1.6004371766641687 vs. 1.6004371766641687
list:
dist: 2.5634183861024935 vs. 2.5634183861024935
list:
dist: 2.2599924225256354 vs. 2.2599924225256354
list:
dist: 2.3131319464179714 vs. 2.3131319464179714
list:
dist: 1.592331696365645 vs. 1.592331696365645
list:
dist: 1.2891556690774635 vs. 1.2891556690774635
list:
dist: 3.4263867595941724 vs. 3.4263867595941724
list:
dist: 3.1636684390503502 vs. 3.1636684390503502
list:
dist: 3.0390412465297465 vs. 3.0390412465297465
list:
dist: 2.663307227590303 vs. 2.663307227590303
list:
dist: 2.1238697092557284 vs. 2.1238697092557284
list:
dist: 3.7097952325202916 vs. 3.7097952325202916
list:
dist: 2.697361661294603 vs. 2.697361661294603
list:
dist: 2.797958327482029 vs. 2.797958327482029
list:
dist: 2.6936295904471237 vs. 2.6936295904471237
list:
dist: 1.939885048372002 vs. 1.939885048372002
list:
dist: 2.1520045937217636 vs. 2.1520045937217636
list:
dist: 1.945168009554945 vs. 1.945168009554945
list:
dist: 1.0018842113657325 vs. 1.0018842113657325
list:
dist: 1.081198045481129 vs. 1.081198045481129
list:
dist: 2.337119338970135 vs. 2.337119338970135
list:
dist: 1.4920085454023149 vs. 1.4920085454023149
list:
dist: 1.3980676875839808 vs. 1.3980676875839808
list:
dist: 0.9152355466990474 vs. 0.9152355466990474
list:
dist: 1.4522874666128194 vs. 1.4522874666128194
list:
dist: 1.3639151721679714 vs. 1.3639151721679714
list:
dist: 0.8923643878025297 vs. 0.8923643878025297
list:
dist: 0.9152177960731903 vs. 0.9152177960731903
list:
dist: 1.7570538171818217 vs. 1.7570538171818217
list:
dist: 2.193331463477336 vs. 2.193331463477336
list:
dist: 2.0259911171341467 vs. 2.0259911171341467
list:
dist: 1.9989365198163542 vs. 1.9989365198163542
list:
dist: 1.4073350057851133 vs. 1.4073350057851133
list:
dist: 0.9471178056559463 vs. 0.9471178056559463
list:
dist: 2.5603640540522488 vs. 2.5603640540522488
list:
dist: 2.4668176315691084 vs. 2.4668176315691084
list:
dist: 2.310466410828716 vs. 2.310466410828716
list:
dist: 1.7068229859295858 vs. 1.7068229859295858
list:
dist: 2.9402914561556375 vs. 2.9402914561556375
list:
dist: 2.9792663483046105 vs. 2.9792663483046105
list:
dist: 3.4327990937956114 vs. 3.4327990937956114
list:
dist: 3.2732675557597775 vs. 3.2732675557597775
list:
dist: 1.9915993254452102 vs. 1.9915993254452102
list:
dist: 3.1526575840766586 vs. 3.1526575840766586
list:
dist: 2.901131749115475 vs. 2.901131749115475
list:
dist: 2.2599924225256354 vs. 2.2599924225256354
list:
dist: 2.6584832592267538 vs. 2.6584832592267538
list:
dist: 3.442592499779884 vs. 3.442592499779884
list:
dist: 1.8964675430503861 vs. 1.8964675430503861
list:
dist: 1.6132820214063535 vs. 1.6132820214063535
list:
dist: 1.7446040771579954 vs. 1.7446040771579954
list:
dist: 2.751818859006675 vs. 2.751818859006675
list:
dist: 2.1243880047709816 vs. 2.1243880047709816
list:
dist: 2.0259911171341467 vs. 2.0259911171341467
list:
dist: 2.27869268078739 vs. 2.27869268078739
list:
dist: 2.584209091656194 vs. 2.584209091656194
list:
dist: 0.9448159482591912 vs. 0.9448159482591912
list:
dist: 0.4690966741024595 vs. 0.4690966741024595
list:
dist: 1.076540504493487 vs. 1.076540504493487
list:
dist: 1.1271292320743072 vs. 1.1271292320743072
list:
dist: 1.4138577178059835 vs. 1.4138577178059835
list:
dist: 1.8711258996333249 vs. 1.8711258996333249
list:
dist: 2.77424676372122 vs. 2.77424676372122
list:
dist: 1.7072783540509389 vs. 1.7072783540509389
list:
dist: 1.7446264217105765 vs. 1.7446264217105765
list:
dist: 2.5390587499148216 vs. 2.5390587499148216
list:
dist: 2.8895127983000384 vs. 2.8895127983000384
list:
dist: 2.899412521617821 vs. 2.899412521617821
list:
dist: 2.771837694408418 vs. 2.771837694408418
list:
dist: 3.7188057006557824 vs. 3.7188057006557824
list:
dist: 3.3746171217818826 vs. 3.3746171217818826
list:
dist: 2.1238697092557284 vs. 2.1238697092557284
list:
dist: 2.7708965265832104 vs. 2.7708965265832104
list:
dist: 3.9161948487973053 vs. 3.9161948487973053
list:
dist: 2.3956845649358502 vs. 2.3956845649358502
list:
dist: 2.27669629076387 vs. 2.27669629076387
list:
dist: 2.2231221195193043 vs. 2.2231221195193043
list:
dist: 3.0758343120739764 vs. 3.0758343120739764
list:
dist: 2.775424875963634 vs. 2.775424875963634
list:
dist: 1.7068229859295858 vs. 1.7068229859295858
list:
dist: 1.9372545280309839 vs. 1.9372545280309839
list:
dist: 2.1714178433032236 vs. 2.1714178433032236
list:
dist: 2.052923334829615 vs. 2.052923334829615
list:
dist: 1.6144510088379835 vs. 1.6144510088379835
list:
dist: 1.7446264217105765 vs. 1.7446264217105765
list:
dist: 0.8206350971821796 vs. 0.8206350971821796
list:
dist: 2.159082184418865 vs. 2.159082184418865
list:
dist: 0.9220374360420285 vs. 0.9220374360420285
list:
dist: 1.2151357177248507 vs. 1.2151357177248507
list:
dist: 1.1519612129768955 vs. 1.1519612129768955
list:
dist: 0.6818753453128246 vs. 0.6818753453128246
list:
dist: 1.8490464302518268 vs. 1.8490464302518268
list:
dist: 1.5622140036771075 vs. 1.5622140036771075
list:
dist: 1.435707672638799 vs. 1.435707672638799
list:
dist: 3.072171302364411 vs. 3.072171302364411
list:
dist: 3.2896759440869787 vs. 3.2896759440869787
list:
dist: 3.257770241808525 vs. 3.257770241808525
list:
dist: 1.9278020747098792 vs. 1.9278020747098792
list:
dist: 2.806490416958909 vs. 2.806490416958909
list:
dist: 2.460191103761601 vs. 2.460191103761601
list:
dist: 1.2891556690774635 vs. 1.2891556690774635
list:
dist: 1.9254146714165148 vs. 1.9254146714165148
list:
dist: 3.006767705947917 vs. 3.006767705947917
list:
dist: 1.523595666595201 vs. 1.523595666595201
list:
dist: 1.6615330459473063 vs. 1.6615330459473063
list:
dist: 1.3996493546832656 vs. 1.3996493546832656
list:
dist: 2.270903817079161 vs. 2.270903817079161
list:
dist: 1.879123592905102 vs. 1.879123592905102
list:
dist: 0.9471178056559463 vs. 0.9471178056559463
list:
dist: 1.4788677253109417 vs. 1.4788677253109417
list:
dist: 1.6743267951455156 vs. 1.6743267951455156
list:
dist: 1.3571001559605098 vs. 1.3571001559605098
list:
dist: 1.5257523467708338 vs. 1.5257523467708338
list:
dist: 1.4138577178059835 vs. 1.4138577178059835
list:
dist: 1.1058680723502397 vs. 1.1058680723502397
list:
dist: 1.3766774856818007 vs. 1.3766774856818007
list:
dist: 1.8752388557311368 vs. 1.8752388557311368
list:
dist: 1.9643394176472748 vs. 1.9643394176472748
list:
dist: 1.4398749300222313 vs. 1.4398749300222313
list:
dist: 0.9220374360420285 vs. 0.9220374360420285
list:
dist: 2.4673519258837042 vs. 2.4673519258837042
list:
dist: 2.445410871629604 vs. 2.445410871629604
list:
dist: 2.332517726478106 vs. 2.332517726478106
list:
dist: 2.7345538052579776 vs. 2.7345538052579776
list:
dist: 2.454468293188399 vs. 2.454468293188399
list:
dist: 2.4843191512107943 vs. 2.4843191512107943
list:
dist: 1.8449852754700873 vs. 1.8449852754700873
list:
dist: 1.3302625433390058 vs. 1.3302625433390058
list:
dist: 2.6516524435542275 vs. 2.6516524435542275
list:
dist: 2.3280831936909085 vs. 2.3280831936909085
list:
dist: 1.4454909622159327 vs. 1.4454909622159327
list:
dist: 1.2876815710674385 vs. 1.2876815710674385
list:
dist: 1.3720400998904707 vs. 1.3720400998904707
list:
dist: 1.7940230571758815 vs. 1.7940230571758815
list:
dist: 0.9152177960731903 vs. 0.9152177960731903
list:
dist: 0.3741034041482768 vs. 0.3741034041482768
list:
dist: 2.5138015363692663 vs. 2.5138015363692663
list:
dist: 2.646693907050018 vs. 2.646693907050018
list:
dist: 2.584209091656194 vs. 2.584209091656194
list:
dist: 2.542308343003349 vs. 2.542308343003349
list:
dist: 1.9687451922970394 vs. 1.9687451922970394
list:
dist: 1.6743267951455156 vs. 1.6743267951455156
list:
dist: 2.756431053807657 vs. 2.756431053807657
list:
dist: 2.5876779459584314 vs. 2.5876779459584314
list:
dist: 2.7683805462232955 vs. 2.7683805462232955
list:
dist: 2.1714178433032236 vs. 2.1714178433032236
list:
dist: 2.8675388732225406 vs. 2.8675388732225406
list:
dist: 2.219374311911309 vs. 2.219374311911309
list:
dist: 2.6222361530258445 vs. 2.6222361530258445
list:
dist: 2.6335170434932724 vs. 2.6335170434932724
list:
dist: 1.0522391631454862 vs. 1.0522391631454862
list:
dist: 2.440867439685238 vs. 2.440867439685238
list:
dist: 2.077559409915762 vs. 2.077559409915762
list:
dist: 1.6004371766641687 vs. 1.6004371766641687
list:
dist: 2.1345590413275333 vs. 2.1345590413275333
list:
dist: 2.687576386066013 vs. 2.687576386066013
list:
dist: 1.0188189408486081 vs. 1.0188189408486081
list:
dist: 1.7041428098073514 vs. 1.7041428098073514
list:
dist: 1.442896683058123 vs. 1.442896683058123
list:
dist: 2.360146874557402 vs. 2.360146874557402
list:
dist: 1.5425408379756107 vs. 1.5425408379756107
list:
dist: 1.7570538171818217 vs. 1.7570538171818217
list:
dist: 4.595401359342907 vs. 4.595401359342907
list:
dist: 4.090753055365538 vs. 4.090753055365538
list:
dist: 4.136549682205612 vs. 4.136549682205612
list:
dist: 4.930806886996555 vs. 4.930806886996555
list:
dist: 2.313480088109175 vs. 2.313480088109175
list:
dist: 2.5138015363692663 vs. 2.5138015363692663
list:
dist: 1.3969816160838116 vs. 1.3969816160838116
list:
dist: 0.9448159482591912 vs. 0.9448159482591912
list:
dist: 1.6209633876326734 vs. 1.6209633876326734
list:
dist: 0.7771948202545117 vs. 0.7771948202545117
list:
dist: 1.3571001559605098 vs. 1.3571001559605098
list:
dist: 4.493601519784035 vs. 4.493601519784035
list:
dist: 2.615860449284439 vs. 2.615860449284439
list:
dist: 3.1879111292575812 vs. 3.1879111292575812
list:
dist: 2.224226119746672 vs. 2.224226119746672
list:
dist: 2.052923334829615 vs. 2.052923334829615
list:
dist: 3.297206358964868 vs. 3.297206358964868
list:
dist: 3.4856941933717858 vs. 3.4856941933717858
list:
dist: 3.427457569806884 vs. 3.427457569806884
list:
dist: 2.5127504640453444 vs. 2.5127504640453444
list:
dist: 2.8568341253504608 vs. 2.8568341253504608
list:
dist: 2.402212681267632 vs. 2.402212681267632
list:
dist: 2.202828541309286 vs. 2.202828541309286
list:
dist: 2.2864343187850675 vs. 2.2864343187850675
list:
dist: 2.3653625365362783 vs. 2.3653625365362783
list:
dist: 2.077693148396839 vs. 2.077693148396839
list:
dist: 1.6521362319880486 vs. 1.6521362319880486
list:
dist: 2.6203705989517116 vs. 2.6203705989517116
list:
dist: 1.9954439187123647 vs. 1.9954439187123647
list:
dist: 0.7400723869096791 vs. 0.7400723869096791
list:
dist: 1.4208287613819517 vs. 1.4208287613819517
list:
dist: 1.3030797477218778 vs. 1.3030797477218778
list:
dist: 1.3980676875839808 vs. 1.3980676875839808
list:
dist: 1.1895475566942506 vs. 1.1895475566942506
list:
dist: 1.4454909622159327 vs. 1.4454909622159327
list:
dist: 1.7041428098073514 vs. 1.7041428098073514
list:
dist: 1.7407217088876494 vs. 1.7407217088876494
list:
dist: 1.6132820214063535 vs. 1.6132820214063535
list:
dist: 2.137148571095655 vs. 2.137148571095655
list:
dist: 0.9746708921986594 vs. 0.9746708921986594
list:
dist: 1.6615330459473063 vs. 1.6615330459473063
list:
dist: 2.5052111859853943 vs. 2.5052111859853943
list:
dist: 3.045730762130778 vs. 3.045730762130778
list:
dist: 2.619292584636695 vs. 2.619292584636695
list:
dist: 2.27669629076387 vs. 2.27669629076387
list:
dist: 2.7648821983906586 vs. 2.7648821983906586
list:
dist: 1.9968124610135187 vs. 1.9968124610135187
list:
dist: 2.4015673197207983 vs. 2.4015673197207983
list:
dist: 2.192519436062848 vs. 2.192519436062848
list:
dist: 1.31298638568252 vs. 1.31298638568252
list:
dist: 2.042107092029964 vs. 2.042107092029964
list:
dist: 1.8820260197017586 vs. 1.8820260197017586
list:
dist: 1.592331696365645 vs. 1.592331696365645
list:
dist: 1.6481753507446675 vs. 1.6481753507446675
list:
dist: 2.3494469225435983 vs. 2.3494469225435983
list:
dist: 1.1911499682958848 vs. 1.1911499682958848
list:
dist: 0.9746708921986594 vs. 0.9746708921986594
list:
dist: 0.7735273555333813 vs. 0.7735273555333813
list:
dist: 1.7050104966220367 vs. 1.7050104966220367
list:
dist: 1.0045751919850934 vs. 1.0045751919850934
list:
dist: 1.4073350057851133 vs. 1.4073350057851133
list:
dist: 1.7655972319053284 vs. 1.7655972319053284
list:
dist: 1.9687451922970394 vs. 1.9687451922970394
list:
dist: 0.7771948202545117 vs. 0.7771948202545117
list:
dist: 1.4904228015149001 vs. 1.4904228015149001
list:
dist: 1.1271292320743072 vs. 1.1271292320743072
list:
dist: 1.8562082947147183 vs. 1.8562082947147183
list:
dist: 1.3766774856818007 vs. 1.3766774856818007
list:
dist: 2.624831733722216 vs. 2.624831733722216
list:
dist: 3.1871362242856773 vs. 3.1871362242856773
list:
dist: 2.44562963068977 vs. 2.44562963068977
list:
dist: 2.159082184418865 vs. 2.159082184418865
list:
dist: 3.144788108621108 vs. 3.144788108621108
list:
dist: 3.522907415020691 vs. 3.522907415020691
list:
dist: 3.4876728363897924 vs. 3.4876728363897924
list:
dist: 1.23576639778117 vs. 1.23576639778117
list:
dist: 0.8112284353958451 vs. 0.8112284353958451
list:
dist: 1.0461734443189172 vs. 1.0461734443189172
list:
dist: 1.914431557122813 vs. 1.914431557122813
list:
dist: 0.3720333881520342 vs. 0.3720333881520342
list:
dist: 0.7129492848093599 vs. 0.7129492848093599
list:
dist: 1.968955641071666 vs. 1.968955641071666
list:
dist: 1.3395610436754788 vs. 1.3395610436754788
list:
dist: 1.89429840409182 vs. 1.89429840409182
list:
dist: 2.6203705989517116 vs. 2.6203705989517116
list:
dist: 2.0097933964187153 vs. 2.0097933964187153
list:
dist: 1.4920993586417772 vs. 1.4920993586417772
list:
dist: 1.3869305522968118 vs. 1.3869305522968118
list:
dist: 2.337119338970135 vs. 2.337119338970135
list:
dist: 3.8286915222708826 vs. 3.8286915222708826
list:
dist: 3.0812534109283183 vs. 3.0812534109283183
list:
dist: 3.6950529120953064 vs. 3.6950529120953064
list:
dist: 4.957940782373376 vs. 4.957940782373376
list:
dist: 2.8044954965210396 vs. 2.8044954965210396
list:
dist: 2.6516524435542275 vs. 2.6516524435542275
list:
dist: 2.687576386066013 vs. 2.687576386066013
list:
dist: 3.8214657539907777 vs. 3.8214657539907777
list:
dist: 3.442592499779884 vs. 3.442592499779884
list:
dist: 3.9531311576550325 vs. 3.9531311576550325
list:
dist: 2.3494469225435983 vs. 2.3494469225435983
list:
dist: 3.006767705947917 vs. 3.006767705947917
list:
dist: 4.7018191010138155 vs. 4.7018191010138155
list:
dist: 4.728726503851364 vs. 4.728726503851364
list:
dist: 4.7926791319065085 vs. 4.7926791319065085
list:
dist: 4.427205777823131 vs. 4.427205777823131
list:
dist: 3.9161948487973053 vs. 3.9161948487973053
list:
dist: 5.14326262885293 vs. 5.14326262885293
list:
dist: 4.209001921734217 vs. 4.209001921734217
list:
dist: 4.871197882791369 vs. 4.871197882791369
list:
dist: 4.735520131940589 vs. 4.735520131940589
list:
dist: 3.7097952325202916 vs. 3.7097952325202916
list:
dist: 3.9026548283901703 vs. 3.9026548283901703
list:
dist: 5.14326262885293 vs. 5.14326262885293
list:
dist: 3.894119058893915 vs. 3.894119058893915
list:
dist: 2.7648821983906586 vs. 2.7648821983906586
list:
dist: 3.1676849113947547 vs. 3.1676849113947547
list:
dist: 3.916552816636712 vs. 3.916552816636712
list:
dist: 3.849838896433671 vs. 3.849838896433671
list:
dist: 2.9402914561556375 vs. 2.9402914561556375
list:
dist: 2.5507933362194692 vs. 2.5507933362194692
list:
dist: 2.8675388732225406 vs. 2.8675388732225406
list:
dist: 3.297206358964868 vs. 3.297206358964868
list:
dist: 2.125338700430439 vs. 2.125338700430439
list:
dist: 2.5390587499148216 vs. 2.5390587499148216
list:
dist: 1.9267962202485571 vs. 1.9267962202485571
list:
dist: 3.144788108621108 vs. 3.144788108621108
list:
dist: 2.4673519258837042 vs. 2.4673519258837042
list:
dist: 0.8571765164749222 vs. 0.8571765164749222
list:
dist: 1.536976910611636 vs. 1.536976910611636
list:
dist: 1.6902275800597697 vs. 1.6902275800597697
list:
dist: 1.8490464302518268 vs. 1.8490464302518268
list:
dist: 1.1695381165412362 vs. 1.1695381165412362
list:
dist: 1.39515427343758 vs. 1.39515427343758
list:
dist: 3.4856941933717858 vs. 3.4856941933717858
list:
dist: 2.542309208081634 vs. 2.542309208081634
list:
dist: 2.8895127983000384 vs. 2.8895127983000384
list:
dist: 1.921742552021602 vs. 1.921742552021602
list:
dist: 3.522907415020691 vs. 3.522907415020691
list:
dist: 2.445410871629604 vs. 2.445410871629604
list:
dist: 1.1311950532157735 vs. 1.1311950532157735
list:
dist: 0.7876028804937126 vs. 0.7876028804937126
list:
dist: 1.3671588972126063 vs. 1.3671588972126063
list:
dist: 1.5622140036771075 vs. 1.5622140036771075
list:
dist: 1.1695381165412362 vs. 1.1695381165412362
list:
dist: 0.28970068670994276 vs. 0.28970068670994276
list:
dist: 3.409936823743799 vs. 3.409936823743799
list:
dist: 3.857931602626622 vs. 3.857931602626622
list:
dist: 3.653274612519583 vs. 3.653274612519583
list:
dist: 2.44026459177267 vs. 2.44026459177267
list:
dist: 3.5258445414434756 vs. 3.5258445414434756
list:
dist: 3.300309245111568 vs. 3.300309245111568
list:
dist: 2.5634183861024935 vs. 2.5634183861024935
list:
dist: 2.933255984630885 vs. 2.933255984630885
list:
dist: 3.8214657539907777 vs. 3.8214657539907777
list:
dist: 2.3040489747114927 vs. 2.3040489747114927
list:
dist: 1.7407217088876494 vs. 1.7407217088876494
list:
dist: 1.9976626294844189 vs. 1.9976626294844189
list:
dist: 2.9968952379769935 vs. 2.9968952379769935
list:
dist: 2.4712568692741246 vs. 2.4712568692741246
list:
dist: 2.193331463477336 vs. 2.193331463477336
list:
dist: 2.308863815699073 vs. 2.308863815699073
list:
dist: 2.646693907050018 vs. 2.646693907050018
list:
dist: 1.3969816160838116 vs. 1.3969816160838116
list:
dist: 0.4690966741024595 vs. 0.4690966741024595
list:
dist: 0.901576816153185 vs. 0.901576816153185
list:
dist: 1.4904228015149001 vs. 1.4904228015149001
list:
dist: 1.5257523467708338 vs. 1.5257523467708338
list:
dist: 1.470116367074948 vs. 1.470116367074948
list:
dist: 2.5249055912919354 vs. 2.5249055912919354
list:
dist: 1.4637682477992635 vs. 1.4637682477992635
list:
dist: 1.6144510088379835 vs. 1.6144510088379835
list:
dist: 2.125338700430439 vs. 2.125338700430439
list:
dist: 2.542309208081634 vs. 2.542309208081634
list:
dist: 2.587131922462493 vs. 2.587131922462493
list:
dist: 3.427457569806884 vs. 3.427457569806884
list:
dist: 2.587131922462493 vs. 2.587131922462493
list:
dist: 2.899412521617821 vs. 2.899412521617821
list:
dist: 1.8908890156255391 vs. 1.8908890156255391
list:
dist: 3.4876728363897924 vs. 3.4876728363897924
list:
dist: 2.332517726478106 vs. 2.332517726478106
list:
dist: 1.2574998212106656 vs. 1.2574998212106656
list:
dist: 0.581233047413184 vs. 0.581233047413184
list:
dist: 1.3114064924309392 vs. 1.3114064924309392
list:
dist: 1.435707672638799 vs. 1.435707672638799
list:
dist: 1.39515427343758 vs. 1.39515427343758
list:
dist: 0.28970068670994276 vs. 0.28970068670994276
list:
dist: 3.5584257249256654 vs. 3.5584257249256654
list:
dist: 4.466998198031189 vs. 4.466998198031189
list:
dist: 4.2370139520128625 vs. 4.2370139520128625
list:
dist: 3.1636684390503502 vs. 3.1636684390503502
list:
dist: 3.564673004763001 vs. 3.564673004763001
list:
dist: 4.728726503851364 vs. 4.728726503851364
list:
dist: 3.267512581565247 vs. 3.267512581565247
list:
dist: 2.5052111859853943 vs. 2.5052111859853943
list:
dist: 2.7917087074182314 vs. 2.7917087074182314
list:
dist: 3.674610022769545 vs. 3.674610022769545
list:
dist: 3.424748999601718 vs. 3.424748999601718
list:
dist: 2.5603640540522488 vs. 2.5603640540522488
list:
dist: 2.427741736398316 vs. 2.427741736398316
list:
dist: 2.756431053807657 vs. 2.756431053807657
list:
dist: 2.615860449284439 vs. 2.615860449284439
list:
dist: 1.470116367074948 vs. 1.470116367074948
list:
dist: 1.8711258996333249 vs. 1.8711258996333249
list:
dist: 1.1144838799309773 vs. 1.1144838799309773
list:
dist: 2.624831733722216 vs. 2.624831733722216
list:
dist: 1.8752388557311368 vs. 1.8752388557311368
list:
dist: 1.3785255285745048 vs. 1.3785255285745048
list:
dist: 0.889620361490367 vs. 0.889620361490367
list:
dist: 1.2151357177248507 vs. 1.2151357177248507
list:
dist: 0.8571765164749222 vs. 0.8571765164749222
list:
dist: 1.1311950532157735 vs. 1.1311950532157735
list:
dist: 1.2574998212106656 vs. 1.2574998212106656
list:
dist: 3.8776169451922695 vs. 3.8776169451922695
list:
dist: 4.610481143518699 vs. 4.610481143518699
list:
dist: 4.32459103822176 vs. 4.32459103822176
list:
dist: 3.0390412465297465 vs. 3.0390412465297465
list:
dist: 3.5333757268319292 vs. 3.5333757268319292
list:
dist: 4.7926791319065085 vs. 4.7926791319065085
list:
dist: 3.46692651059688 vs. 3.46692651059688
list:
dist: 3.045730762130778 vs. 3.045730762130778
list:
dist: 3.0957256938797157 vs. 3.0957256938797157
list:
dist: 3.7929158779713688 vs. 3.7929158779713688
list:
dist: 3.7098602003840173 vs. 3.7098602003840173
list:
dist: 2.4668176315691084 vs. 2.4668176315691084
list:
dist: 2.3984594834665542 vs. 2.3984594834665542
list:
dist: 2.5876779459584314 vs. 2.5876779459584314
list:
dist: 3.1879111292575812 vs. 3.1879111292575812
list:
dist: 2.5249055912919354 vs. 2.5249055912919354
list:
dist: 2.77424676372122 vs. 2.77424676372122
list:
dist: 1.8061810868200572 vs. 1.8061810868200572
list:
dist: 3.1871362242856773 vs. 3.1871362242856773
list:
dist: 1.9643394176472748 vs. 1.9643394176472748
list:
dist: 1.3785255285745048 vs. 1.3785255285745048
list:
dist: 1.3224278373795701 vs. 1.3224278373795701
list:
dist: 1.1519612129768955 vs. 1.1519612129768955
list:
dist: 1.536976910611636 vs. 1.536976910611636
list:
dist: 0.7876028804937126 vs. 0.7876028804937126
list:
dist: 0.581233047413184 vs. 0.581233047413184
list:
dist: 3.755562693749902 vs. 3.755562693749902
list:
dist: 4.097976483668875 vs. 4.097976483668875
list:
dist: 4.019351358143133 vs. 4.019351358143133
list:
dist: 2.5449122078174904 vs. 2.5449122078174904
list:
dist: 3.7137350826010223 vs. 3.7137350826010223
list:
dist: 3.3757554518305484 vs. 3.3757554518305484
list:
dist: 2.3131319464179714 vs. 2.3131319464179714
list:
dist: 2.9459051490418218 vs. 2.9459051490418218
list:
dist: 3.9531311576550325 vs. 3.9531311576550325
list:
dist: 2.286283468298947 vs. 2.286283468298947
list:
dist: 2.137148571095655 vs. 2.137148571095655
list:
dist: 2.1913447793602483 vs. 2.1913447793602483
list:
dist: 3.174082701315725 vs. 3.174082701315725
list:
dist: 2.6993577364181993 vs. 2.6993577364181993
list:
dist: 1.9989365198163542 vs. 1.9989365198163542
list:
dist: 2.2460217681047983 vs. 2.2460217681047983
list:
dist: 2.542308343003349 vs. 2.542308343003349
list:
dist: 1.6209633876326734 vs. 1.6209633876326734
list:
dist: 0.901576816153185 vs. 0.901576816153185
list:
dist: 1.076540504493487 vs. 1.076540504493487
list:
dist: 1.8562082947147183 vs. 1.8562082947147183
list:
dist: 1.1058680723502397 vs. 1.1058680723502397
list:
dist: 1.1144838799309773 vs. 1.1144838799309773
list:
dist: 1.8061810868200572 vs. 1.8061810868200572
list:
dist: 0.6386822430986254 vs. 0.6386822430986254
list:
dist: 0.8206350971821796 vs. 0.8206350971821796
list:
dist: 1.9267962202485571 vs. 1.9267962202485571
list:
dist: 1.921742552021602 vs. 1.921742552021602
list:
dist: 1.8908890156255391 vs. 1.8908890156255391
list:
dist: 3.0814953629111543 vs. 3.0814953629111543
list:
dist: 4.20905384508525 vs. 4.20905384508525
list:
dist: 3.85408558510985 vs. 3.85408558510985
list:
dist: 2.663307227590303 vs. 2.663307227590303
list:
dist: 3.34268706227803 vs. 3.34268706227803
list:
dist: 4.427205777823131 vs. 4.427205777823131
list:
dist: 2.7794971043033265 vs. 2.7794971043033265
list:
dist: 2.619292584636695 vs. 2.619292584636695
list:
dist: 2.6753360313121037 vs. 2.6753360313121037
list:
dist: 3.604139665993536 vs. 3.604139665993536
list:
dist: 3.2186562619486327 vs. 3.2186562619486327
list:
dist: 2.310466410828716 vs. 2.310466410828716
list:
dist: 2.4914767865074836 vs. 2.4914767865074836
list:
dist: 2.7683805462232955 vs. 2.7683805462232955
list:
dist: 2.224226119746672 vs. 2.224226119746672
list:
dist: 1.4637682477992635 vs. 1.4637682477992635
list:
dist: 1.7072783540509389 vs. 1.7072783540509389
list:
dist: 0.6386822430986254 vs. 0.6386822430986254
list:
dist: 2.44562963068977 vs. 2.44562963068977
list:
dist: 1.4398749300222313 vs. 1.4398749300222313
list:
dist: 0.889620361490367 vs. 0.889620361490367
list:
dist: 1.3224278373795701 vs. 1.3224278373795701
list:
dist: 0.6818753453128246 vs. 0.6818753453128246
list:
dist: 1.6902275800597697 vs. 1.6902275800597697
list:
dist: 1.3671588972126063 vs. 1.3671588972126063
list:
dist: 1.3114064924309392 vs. 1.3114064924309392
list:
dist: 2.255648546462698 vs. 2.255648546462698
list:
dist: 1.8837201894196822 vs. 1.8837201894196822
list:
dist: 1.530428382420681 vs. 1.530428382420681
list:
dist: 1.6805398101670657 vs. 1.6805398101670657
list:
dist: 0.860001781214182 vs. 0.860001781214182
list:
dist: 2.113573855570042 vs. 2.113573855570042
list:
dist: 2.5196035520591678 vs. 2.5196035520591678
list:
dist: 1.986759091671709 vs. 1.986759091671709
list:
dist: 1.2879395602851467 vs. 1.2879395602851467
list:
dist: 1.6066234357102454 vs. 1.6066234357102454
list:
dist: 1.0095948133643948 vs. 1.0095948133643948
list:
dist: 2.053229168832313 vs. 2.053229168832313
list:
dist: 1.5356830778256918 vs. 1.5356830778256918
list:
dist: 1.2886823634321665 vs. 1.2886823634321665
list:
dist: 1.678960335516569 vs. 1.678960335516569
list:
dist: 0.7183172517409043 vs. 0.7183172517409043
list:
dist: 1.5892200334748934 vs. 1.5892200334748934
list:
dist: 1.7669500633181683 vs. 1.7669500633181683
list:
dist: 1.891583316978554 vs. 1.891583316978554
list:
dist: 2.9442400222575285 vs. 2.9442400222575285
list:
dist: 2.818085404736686 vs. 2.818085404736686
list:
dist: 2.8874491411589176 vs. 2.8874491411589176
list:
dist: 1.9542549427287874 vs. 1.9542549427287874
list:
dist: 2.600040579522203 vs. 2.600040579522203
list:
dist: 2.7223282207204726 vs. 2.7223282207204726
list:
dist: 2.0552156377544146 vs. 2.0552156377544146
list:
dist: 3.7861448193027143 vs. 3.7861448193027143
list:
dist: 3.0958513097612763 vs. 3.0958513097612763
list:
dist: 1.5077471096026789 vs. 1.5077471096026789
list:
dist: 1.9030066109633303 vs. 1.9030066109633303
list:
dist: 0.8464781963821433 vs. 0.8464781963821433
list:
dist: 1.6805398101670657 vs. 1.6805398101670657
list:
dist: 0.8645001312609117 vs. 0.8645001312609117
list:
dist: 2.1031619323868505 vs. 2.1031619323868505
list:
dist: 1.286795416619429 vs. 1.286795416619429
list:
dist: 2.5132904201933894 vs. 2.5132904201933894
list:
dist: 3.2049506247938173 vs. 3.2049506247938173
list:
dist: 2.353162634614842 vs. 2.353162634614842
list:
dist: 3.506834474129824 vs. 3.506834474129824
list:
dist: 2.260090459410403 vs. 2.260090459410403
list:
dist: 2.1952320550935616 vs. 2.1952320550935616
list:
dist: 3.1369186313442903 vs. 3.1369186313442903
list:
dist: 2.0853605451171733 vs. 2.0853605451171733
list:
dist: 2.1390513689952475 vs. 2.1390513689952475
list:
dist: 3.0277342730223418 vs. 3.0277342730223418
list:
dist: 2.5050890949182927 vs. 2.5050890949182927
list:
dist: 2.7950567219238676 vs. 2.7950567219238676
list:
dist: 3.0650964457623453 vs. 3.0650964457623453
list:
dist: 2.8071242939075813 vs. 2.8071242939075813
list:
dist: 3.3222004944361148 vs. 3.3222004944361148
list:
dist: 3.4474660946553444 vs. 3.4474660946553444
list:
dist: 3.280571611427456 vs. 3.280571611427456
list:
dist: 3.089610799340327 vs. 3.089610799340327
list:
dist: 3.6850744617041697 vs. 3.6850744617041697
list:
dist: 3.0170991392280273 vs. 3.0170991392280273
list:
dist: 3.2476310047495383 vs. 3.2476310047495383
list:
dist: 2.734215445829858 vs. 2.734215445829858
list:
dist: 3.2049506247938173 vs. 3.2049506247938173
list:
dist: 2.4399597114587475 vs. 2.4399597114587475
list:
dist: 1.6066234357102454 vs. 1.6066234357102454
list:
dist: 3.4696250491135157 vs. 3.4696250491135157
list:
dist: 2.0683493372131414 vs. 2.0683493372131414
list:
dist: 1.809976135322981 vs. 1.809976135322981
list:
dist: 1.999317542663413 vs. 1.999317542663413
list:
dist: 2.0632161659371704 vs. 2.0632161659371704
list:
dist: 1.8379023607304212 vs. 1.8379023607304212
list:
dist: 1.134972112919926 vs. 1.134972112919926
list:
dist: 1.35274556132844 vs. 1.35274556132844
list:
dist: 2.109719477590728 vs. 2.109719477590728
list:
dist: 1.123437427258423 vs. 1.123437427258423
list:
dist: 2.607201515252735 vs. 2.607201515252735
list:
dist: 0.7892673953357376 vs. 0.7892673953357376
list:
dist: 2.1383461078198978 vs. 2.1383461078198978
list:
dist: 2.464650844434142 vs. 2.464650844434142
list:
dist: 1.408787376338567 vs. 1.408787376338567
list:
dist: 1.2848591390259494 vs. 1.2848591390259494
list:
dist: 1.1143401337951349 vs. 1.1143401337951349
list:
dist: 2.3120466550348597 vs. 2.3120466550348597
list:
dist: 1.4857096323387236 vs. 1.4857096323387236
list:
dist: 2.5132904201933894 vs. 2.5132904201933894
list:
dist: 1.73409457110369 vs. 1.73409457110369
list:
dist: 1.2879395602851467 vs. 1.2879395602851467
list:
dist: 3.0791332519228463 vs. 3.0791332519228463
list:
dist: 2.0683493372131414 vs. 2.0683493372131414
list:
dist: 0.553403719400639 vs. 0.553403719400639
list:
dist: 1.0850417113253545 vs. 1.0850417113253545
list:
dist: 2.3675570054408426 vs. 2.3675570054408426
list:
dist: 2.107400002666162 vs. 2.107400002666162
list:
dist: 2.044011166793834 vs. 2.044011166793834
list:
dist: 1.6253082126007603 vs. 1.6253082126007603
list:
dist: 2.630480936132388 vs. 2.630480936132388
list:
dist: 2.5901402328805037 vs. 2.5901402328805037
list:
dist: 2.1922713916815275 vs. 2.1922713916815275
list:
dist: 2.5498882173563504 vs. 2.5498882173563504
list:
dist: 1.5771499420417345 vs. 1.5771499420417345
list:
dist: 2.5803128431571447 vs. 2.5803128431571447
list:
dist: 1.9030066109633303 vs. 1.9030066109633303
list:
dist: 1.3806729166050995 vs. 1.3806729166050995
list:
dist: 1.530428382420681 vs. 1.530428382420681
list:
dist: 2.7236463379676534 vs. 2.7236463379676534
list:
dist: 1.4857096323387236 vs. 1.4857096323387236
list:
dist: 2.734215445829858 vs. 2.734215445829858
list:
dist: 1.771928094483386 vs. 1.771928094483386
list:
dist: 2.169970498566545 vs. 2.169970498566545
list:
dist: 2.9964884498744557 vs. 2.9964884498744557
list:
dist: 2.7674918327645686 vs. 2.7674918327645686
list:
dist: 3.0688493058895143 vs. 3.0688493058895143
list:
dist: 2.237166115589809 vs. 2.237166115589809
list:
dist: 3.040850361873412 vs. 3.040850361873412
list:
dist: 3.239598467578148 vs. 3.239598467578148
list:
dist: 3.089328354072041 vs. 3.089328354072041
list:
dist: 3.2350313019191153 vs. 3.2350313019191153
list:
dist: 4.095317172291021 vs. 4.095317172291021
list:
dist: 4.100971118899022 vs. 4.100971118899022
list:
dist: 3.247143801292703 vs. 3.247143801292703
list:
dist: 2.454964980231251 vs. 2.454964980231251
list:
dist: 1.4986224334868523 vs. 1.4986224334868523
list:
dist: 1.3806729166050995 vs. 1.3806729166050995
list:
dist: 0.8464781963821433 vs. 0.8464781963821433
list:
dist: 0.860001781214182 vs. 0.860001781214182
list:
dist: 1.4584767921500665 vs. 1.4584767921500665
list:
dist: 2.295440246964048 vs. 2.295440246964048
list:
dist: 1.5628506446348718 vs. 1.5628506446348718
list:
dist: 1.73409457110369 vs. 1.73409457110369
list:
dist: 2.4399597114587475 vs. 2.4399597114587475
list:
dist: 1.5650260045970343 vs. 1.5650260045970343
list:
dist: 2.6862775787857474 vs. 2.6862775787857474
list:
dist: 1.8463555511031797 vs. 1.8463555511031797
list:
dist: 1.689165637194471 vs. 1.689165637194471
list:
dist: 2.433452245711237 vs. 2.433452245711237
list:
dist: 1.386905009775766 vs. 1.386905009775766
list:
dist: 1.8174314387617339 vs. 1.8174314387617339
list:
dist: 2.433572467647144 vs. 2.433572467647144
list:
dist: 2.1039992524027857 vs. 2.1039992524027857
list:
dist: 2.831232190955389 vs. 2.831232190955389
list:
dist: 2.9501497884824035 vs. 2.9501497884824035
list:
dist: 2.8587327892548715 vs. 2.8587327892548715
list:
dist: 2.6794502224270507 vs. 2.6794502224270507
list:
dist: 3.0653837157572776 vs. 3.0653837157572776
list:
dist: 3.0360730666097386 vs. 3.0360730666097386
list:
dist: 2.590820648018421 vs. 2.590820648018421
list:
dist: 3.7812178093045437 vs. 3.7812178093045437
list:
dist: 3.0314287017663712 vs. 3.0314287017663712
list:
dist: 1.5771499420417345 vs. 1.5771499420417345
list:
dist: 3.0958513097612763 vs. 3.0958513097612763
list:
dist: 2.454964980231251 vs. 2.454964980231251
list:
dist: 2.255648546462698 vs. 2.255648546462698
list:
dist: 3.8009723802340623 vs. 3.8009723802340623
list:
dist: 1.1143401337951349 vs. 1.1143401337951349
list:
dist: 3.0170991392280273 vs. 3.0170991392280273
list:
dist: 1.6521996347777497 vs. 1.6521996347777497
list:
dist: 1.3769020592689725 vs. 1.3769020592689725
list:
dist: 3.446349628116081 vs. 3.446349628116081
list:
dist: 3.1958516869525964 vs. 3.1958516869525964
list:
dist: 3.123848604725555 vs. 3.123848604725555
list:
dist: 2.7168281195980097 vs. 2.7168281195980097
list:
dist: 3.698015458633935 vs. 3.698015458633935
list:
dist: 3.679054216130276 vs. 3.679054216130276
list:
dist: 3.156586878963985 vs. 3.156586878963985
list:
dist: 1.3769020592689725 vs. 1.3769020592689725
list:
dist: 3.350113069470884 vs. 3.350113069470884
list:
dist: 2.169970498566545 vs. 2.169970498566545
list:
dist: 3.506834474129824 vs. 3.506834474129824
list:
dist: 2.6862775787857474 vs. 2.6862775787857474
list:
dist: 2.053229168832313 vs. 2.053229168832313
list:
dist: 4.071201973920806 vs. 4.071201973920806
list:
dist: 1.0850417113253545 vs. 1.0850417113253545
list:
dist: 1.999317542663413 vs. 1.999317542663413
list:
dist: 1.391822925983809 vs. 1.391822925983809
list:
dist: 3.05660092501401 vs. 3.05660092501401
list:
dist: 2.7836974061271373 vs. 2.7836974061271373
list:
dist: 2.241367594564863 vs. 2.241367594564863
list:
dist: 2.249651239926593 vs. 2.249651239926593
list:
dist: 3.3185079152595667 vs. 3.3185079152595667
list:
dist: 2.854274585011159 vs. 2.854274585011159
list:
dist: 2.9545131074341846 vs. 2.9545131074341846
list:
dist: 2.7820273629167107 vs. 2.7820273629167107
list:
dist: 3.904138383862414 vs. 3.904138383862414
list:
dist: 4.284393131964121 vs. 4.284393131964121
list:
dist: 3.2935835752109393 vs. 3.2935835752109393
list:
dist: 2.470331129764213 vs. 2.470331129764213
list:
dist: 1.6915783200002932 vs. 1.6915783200002932
list:
dist: 2.7950567219238676 vs. 2.7950567219238676
list:
dist: 2.831232190955389 vs. 2.831232190955389
list:
dist: 2.9442400222575285 vs. 2.9442400222575285
list:
dist: 2.2239686609022193 vs. 2.2239686609022193
list:
dist: 1.5570856748121 vs. 1.5570856748121
list:
dist: 1.7534052706531733 vs. 1.7534052706531733
list:
dist: 1.6960718286977705 vs. 1.6960718286977705
list:
dist: 1.9281306371490916 vs. 1.9281306371490916
list:
dist: 2.872286573029373 vs. 2.872286573029373
list:
dist: 2.55041918963681 vs. 2.55041918963681
list:
dist: 1.8412696194104716 vs. 1.8412696194104716
list:
dist: 2.9158790540457318 vs. 2.9158790540457318
list:
dist: 1.507175037520012 vs. 1.507175037520012
list:
dist: 1.371492223210173 vs. 1.371492223210173
list:
dist: 1.5838276950454306 vs. 1.5838276950454306
list:
dist: 2.7722761663980915 vs. 2.7722761663980915
list:
dist: 3.0334312948441897 vs. 3.0334312948441897
list:
dist: 3.7022930320966534 vs. 3.7022930320966534
list:
dist: 2.2267051728914775 vs. 2.2267051728914775
list:
dist: 3.395520580702852 vs. 3.395520580702852
list:
dist: 1.983965498918939 vs. 1.983965498918939
list:
dist: 2.1031619323868505 vs. 2.1031619323868505
list:
dist: 2.295440246964048 vs. 2.295440246964048
list:
dist: 2.5196035520591678 vs. 2.5196035520591678
list:
dist: 1.3756049439709497 vs. 1.3756049439709497
list:
dist: 0.8364471033762619 vs. 0.8364471033762619
list:
dist: 1.6021440961186921 vs. 1.6021440961186921
list:
dist: 1.8044897231644448 vs. 1.8044897231644448
list:
dist: 2.8822346249937976 vs. 2.8822346249937976
list:
dist: 2.249025278395939 vs. 2.249025278395939
list:
dist: 1.2905471936417818 vs. 1.2905471936417818
list:
dist: 2.4881098486738003 vs. 2.4881098486738003
list:
dist: 2.190393078358509 vs. 2.190393078358509
list:
dist: 1.5570856748121 vs. 1.5570856748121
list:
dist: 1.280763354388402 vs. 1.280763354388402
list:
dist: 0.7676067563116171 vs. 0.7676067563116171
list:
dist: 2.211239531206507 vs. 2.211239531206507
list:
dist: 2.0317604208133675 vs. 2.0317604208133675
list:
dist: 2.782996201644312 vs. 2.782996201644312
list:
dist: 1.598104275870813 vs. 1.598104275870813
list:
dist: 3.2350313019191153 vs. 3.2350313019191153
list:
dist: 3.3222004944361148 vs. 3.3222004944361148
list:
dist: 2.6794502224270507 vs. 2.6794502224270507
list:
dist: 1.9542549427287874 vs. 1.9542549427287874
list:
dist: 3.4206406199750745 vs. 3.4206406199750745
list:
dist: 4.880982678712829 vs. 4.880982678712829
list:
dist: 0.7892673953357376 vs. 0.7892673953357376
list:
dist: 2.3851669184789928 vs. 2.3851669184789928
list:
dist: 2.7820273629167107 vs. 2.7820273629167107
list:
dist: 1.992290220665438 vs. 1.992290220665438
list:
dist: 1.8486482906358346 vs. 1.8486482906358346
list:
dist: 1.3464194140431556 vs. 1.3464194140431556
list:
dist: 1.5600712811825612 vs. 1.5600712811825612
list:
dist: 1.8953306232749105 vs. 1.8953306232749105
list:
dist: 0.7525934134737482 vs. 0.7525934134737482
list:
dist: 2.763876341888152 vs. 2.763876341888152
list:
dist: 1.5154761218879074 vs. 1.5154761218879074
list:
dist: 1.774513477423141 vs. 1.774513477423141
list:
dist: 0.7962860853342828 vs. 0.7962860853342828
list:
dist: 1.4197146577921218 vs. 1.4197146577921218
list:
dist: 3.698015458633935 vs. 3.698015458633935
list:
dist: 1.8693563142698941 vs. 1.8693563142698941
list:
dist: 3.040850361873412 vs. 3.040850361873412
list:
dist: 2.1390513689952475 vs. 2.1390513689952475
list:
dist: 1.8174314387617339 vs. 1.8174314387617339
list:
dist: 1.5892200334748934 vs. 1.5892200334748934
list:
dist: 1.8741075466860095 vs. 1.8741075466860095
list:
dist: 1.2905471936417818 vs. 1.2905471936417818
list:
dist: 1.3300082406942277 vs. 1.3300082406942277
list:
dist: 2.630480936132388 vs. 2.630480936132388
list:
dist: 2.109719477590728 vs. 2.109719477590728
list:
dist: 2.127469397822744 vs. 2.127469397822744
list:
dist: 3.3185079152595667 vs. 3.3185079152595667
list:
dist: 0.49889909583632014 vs. 0.49889909583632014
list:
dist: 0.6305337834849474 vs. 0.6305337834849474
list:
dist: 1.6049716038417576 vs. 1.6049716038417576
list:
dist: 1.0799230074802944 vs. 1.0799230074802944
list:
dist: 1.2703090454387607 vs. 1.2703090454387607
list:
dist: 1.4711423255963387 vs. 1.4711423255963387
list:
dist: 1.8412696194104716 vs. 1.8412696194104716
list:
dist: 1.255684282163493 vs. 1.255684282163493
list:
dist: 1.368090933965633 vs. 1.368090933965633
list:
dist: 1.8953306232749105 vs. 1.8953306232749105
list:
dist: 1.4173561251628146 vs. 1.4173561251628146
list:
dist: 1.592730604604545 vs. 1.592730604604545
list:
dist: 1.8768654058259093 vs. 1.8768654058259093
list:
dist: 2.236693787116249 vs. 2.236693787116249
list:
dist: 2.1870280992701634 vs. 2.1870280992701634
list:
dist: 4.880982678712829 vs. 4.880982678712829
list:
dist: 3.1958516869525964 vs. 3.1958516869525964
list:
dist: 1.6871800919468611 vs. 1.6871800919468611
list:
dist: 2.7674918327645686 vs. 2.7674918327645686
list:
dist: 2.1952320550935616 vs. 2.1952320550935616
list:
dist: 1.689165637194471 vs. 1.689165637194471
list:
dist: 1.2886823634321665 vs. 1.2886823634321665
list:
dist: 2.1166460821263664 vs. 2.1166460821263664
list:
dist: 1.8044897231644448 vs. 1.8044897231644448
list:
dist: 1.6500246697096301 vs. 1.6500246697096301
list:
dist: 2.107400002666162 vs. 2.107400002666162
list:
dist: 1.8379023607304212 vs. 1.8379023607304212
list:
dist: 1.5743493418473589 vs. 1.5743493418473589
list:
dist: 2.7836974061271373 vs. 2.7836974061271373
list:
dist: 0.2815582004300652 vs. 0.2815582004300652
list:
dist: 1.1607884624751053 vs. 1.1607884624751053
list:
dist: 0.6732072683571715 vs. 0.6732072683571715
list:
dist: 0.6305337834849474 vs. 0.6305337834849474
list:
dist: 1.2100195994140124 vs. 1.2100195994140124
list:
dist: 1.0262078820970881 vs. 1.0262078820970881
list:
dist: 1.9281306371490916 vs. 1.9281306371490916
list:
dist: 1.6301102859322465 vs. 1.6301102859322465
list:
dist: 1.9075547597868483 vs. 1.9075547597868483
list:
dist: 1.8486482906358346 vs. 1.8486482906358346
list:
dist: 1.7172978143451552 vs. 1.7172978143451552
list:
dist: 2.077422096800989 vs. 2.077422096800989
list:
dist: 2.0542810969544294 vs. 2.0542810969544294
list:
dist: 2.7734865865395117 vs. 2.7734865865395117
list:
dist: 1.8250054844462371 vs. 1.8250054844462371
list:
dist: 3.123848604725555 vs. 3.123848604725555
list:
dist: 2.6696013742258105 vs. 2.6696013742258105
list:
dist: 3.0688493058895143 vs. 3.0688493058895143
list:
dist: 3.1369186313442903 vs. 3.1369186313442903
list:
dist: 2.433452245711237 vs. 2.433452245711237
list:
dist: 1.678960335516569 vs. 1.678960335516569
list:
dist: 3.2208415122824867 vs. 3.2208415122824867
list:
dist: 2.8822346249937976 vs. 2.8822346249937976
list:
dist: 2.790350382399356 vs. 2.790350382399356
list:
dist: 2.044011166793834 vs. 2.044011166793834
list:
dist: 1.134972112919926 vs. 1.134972112919926
list:
dist: 1.5752868882742876 vs. 1.5752868882742876
list:
dist: 2.241367594564863 vs. 2.241367594564863
list:
dist: 1.3371498675883575 vs. 1.3371498675883575
list:
dist: 1.1607884624751053 vs. 1.1607884624751053
list:
dist: 1.0644625700527846 vs. 1.0644625700527846
list:
dist: 1.6049716038417576 vs. 1.6049716038417576
list:
dist: 0.908132823299012 vs. 0.908132823299012
list:
dist: 1.6787158629912284 vs. 1.6787158629912284
list:
dist: 2.872286573029373 vs. 2.872286573029373
list:
dist: 2.3765712409992257 vs. 2.3765712409992257
list:
dist: 2.8072721315973763 vs. 2.8072721315973763
list:
dist: 1.3464194140431556 vs. 1.3464194140431556
list:
dist: 1.7956815654713327 vs. 1.7956815654713327
list:
dist: 2.3944439080749005 vs. 2.3944439080749005
list:
dist: 1.970305405660502 vs. 1.970305405660502
list:
dist: 3.5202419501754147 vs. 3.5202419501754147
list:
dist: 0.7086544151068251 vs. 0.7086544151068251
list:
dist: 3.446349628116081 vs. 3.446349628116081
list:
dist: 1.6825484739882874 vs. 1.6825484739882874
list:
dist: 2.9964884498744557 vs. 2.9964884498744557
list:
dist: 2.260090459410403 vs. 2.260090459410403
list:
dist: 1.8463555511031797 vs. 1.8463555511031797
list:
dist: 1.5356830778256918 vs. 1.5356830778256918
list:
dist: 2.0709035073307924 vs. 2.0709035073307924
list:
dist: 1.6021440961186921 vs. 1.6021440961186921
list:
dist: 1.5501005593569555 vs. 1.5501005593569555
list:
dist: 2.3675570054408426 vs. 2.3675570054408426
list:
dist: 2.0632161659371704 vs. 2.0632161659371704
list:
dist: 1.8321274561567114 vs. 1.8321274561567114
list:
dist: 3.05660092501401 vs. 3.05660092501401
list:
dist: 0.2815582004300652 vs. 0.2815582004300652
list:
dist: 1.3371498675883575 vs. 1.3371498675883575
list:
dist: 0.9448419660802414 vs. 0.9448419660802414
list:
dist: 0.49889909583632014 vs. 0.49889909583632014
list:
dist: 1.3078800138057942 vs. 1.3078800138057942
list:
dist: 1.0052158991249573 vs. 1.0052158991249573
list:
dist: 1.6960718286977705 vs. 1.6960718286977705
list:
dist: 1.3563811845981757 vs. 1.3563811845981757
list:
dist: 1.655379651406003 vs. 1.655379651406003
list:
dist: 1.992290220665438 vs. 1.992290220665438
list:
dist: 1.627819580410094 vs. 1.627819580410094
list:
dist: 1.9884953823051486 vs. 1.9884953823051486
list:
dist: 2.154355946560939 vs. 2.154355946560939
list:
dist: 2.5182170936879165 vs. 2.5182170936879165
list:
dist: 1.9575485232037648 vs. 1.9575485232037648
list:
dist: 3.679054216130276 vs. 3.679054216130276
list:
dist: 2.875274302019339 vs. 2.875274302019339
list:
dist: 3.239598467578148 vs. 3.239598467578148
list:
dist: 3.0277342730223418 vs. 3.0277342730223418
list:
dist: 2.433572467647144 vs. 2.433572467647144
list:
dist: 1.7669500633181683 vs. 1.7669500633181683
list:
dist: 3.0025931557044854 vs. 3.0025931557044854
list:
dist: 2.4881098486738003 vs. 2.4881098486738003
list:
dist: 2.539983546173326 vs. 2.539983546173326
list:
dist: 2.5901402328805037 vs. 2.5901402328805037
list:
dist: 1.123437427258423 vs. 1.123437427258423
list:
dist: 2.13651917854006 vs. 2.13651917854006
list:
dist: 2.854274585011159 vs. 2.854274585011159
list:
dist: 1.3078800138057942 vs. 1.3078800138057942
list:
dist: 1.2100195994140124 vs. 1.2100195994140124
list:
dist: 0.908132823299012 vs. 0.908132823299012
list:
dist: 1.1607676282357997 vs. 1.1607676282357997
list:
dist: 1.2703090454387607 vs. 1.2703090454387607
list:
dist: 2.1033857193169427 vs. 2.1033857193169427
list:
dist: 2.9158790540457318 vs. 2.9158790540457318
list:
dist: 2.0637738487123287 vs. 2.0637738487123287
list:
dist: 2.3510501412493348 vs. 2.3510501412493348
list:
dist: 0.7525934134737482 vs. 0.7525934134737482
list:
dist: 1.060110947578034 vs. 1.060110947578034
list:
dist: 1.5346213331839775 vs. 1.5346213331839775
list:
dist: 1.1776580156288536 vs. 1.1776580156288536
list:
dist: 2.9829873383751746 vs. 2.9829873383751746
list:
dist: 1.197415999906383 vs. 1.197415999906383
list:
dist: 3.247143801292703 vs. 3.247143801292703
list:
dist: 3.089610799340327 vs. 3.089610799340327
list:
dist: 2.590820648018421 vs. 2.590820648018421
list:
dist: 2.0552156377544146 vs. 2.0552156377544146
list:
dist: 3.136900446304182 vs. 3.136900446304182
list:
dist: 2.782996201644312 vs. 2.782996201644312
list:
dist: 2.8044339809884473 vs. 2.8044339809884473
list:
dist: 1.408787376338567 vs. 1.408787376338567
list:
dist: 2.762977024526634 vs. 2.762977024526634
list:
dist: 3.2935835752109393 vs. 3.2935835752109393
list:
dist: 2.154355946560939 vs. 2.154355946560939
list:
dist: 2.0542810969544294 vs. 2.0542810969544294
list:
dist: 1.970305405660502 vs. 1.970305405660502
list:
dist: 1.7974506472072744 vs. 1.7974506472072744
list:
dist: 1.8768654058259093 vs. 1.8768654058259093
list:
dist: 1.1776580156288536 vs. 1.1776580156288536
list:
dist: 3.068750984318996 vs. 3.068750984318996
list:
dist: 3.7022930320966534 vs. 3.7022930320966534
list:
dist: 2.747689690029314 vs. 2.747689690029314
list:
dist: 2.7533794865514314 vs. 2.7533794865514314
list:
dist: 0.7962860853342828 vs. 0.7962860853342828
list:
dist: 1.544321298995193 vs. 1.544321298995193
list:
dist: 1.3907696656172301 vs. 1.3907696656172301
list:
dist: 3.285835532315466 vs. 3.285835532315466
list:
dist: 2.1727043252351845 vs. 2.1727043252351845
list:
dist: 2.7168281195980097 vs. 2.7168281195980097
list:
dist: 1.9105315900602169 vs. 1.9105315900602169
list:
dist: 2.237166115589809 vs. 2.237166115589809
list:
dist: 2.0853605451171733 vs. 2.0853605451171733
list:
dist: 1.386905009775766 vs. 1.386905009775766
list:
dist: 0.7183172517409043 vs. 0.7183172517409043
list:
dist: 2.256061249588969 vs. 2.256061249588969
list:
dist: 2.249025278395939 vs. 2.249025278395939
list:
dist: 1.9288498465222492 vs. 1.9288498465222492
list:
dist: 1.6253082126007603 vs. 1.6253082126007603
list:
dist: 1.35274556132844 vs. 1.35274556132844
list:
dist: 1.151099687000492 vs. 1.151099687000492
list:
dist: 2.249651239926593 vs. 2.249651239926593
list:
dist: 0.9448419660802414 vs. 0.9448419660802414
list:
dist: 0.6732072683571715 vs. 0.6732072683571715
list:
dist: 1.0644625700527846 vs. 1.0644625700527846
list:
dist: 1.0799230074802944 vs. 1.0799230074802944
list:
dist: 1.1607676282357997 vs. 1.1607676282357997
list:
dist: 1.4697885675904163 vs. 1.4697885675904163
list:
dist: 2.55041918963681 vs. 2.55041918963681
list:
dist: 2.252115294100063 vs. 2.252115294100063
list:
dist: 2.4460242917973183 vs. 2.4460242917973183
list:
dist: 1.5600712811825612 vs. 1.5600712811825612
list:
dist: 1.9864416173481045 vs. 1.9864416173481045
list:
dist: 2.263611109067157 vs. 2.263611109067157
list:
dist: 1.7974506472072744 vs. 1.7974506472072744
list:
dist: 3.3097902601273956 vs. 3.3097902601273956
list:
dist: 1.746723693503278 vs. 1.746723693503278
list:
dist: 3.156586878963985 vs. 3.156586878963985
list:
dist: 1.335116406745068 vs. 1.335116406745068
list:
dist: 3.089328354072041 vs. 3.089328354072041
list:
dist: 2.5050890949182927 vs. 2.5050890949182927
list:
dist: 2.1039992524027857 vs. 2.1039992524027857
list:
dist: 1.891583316978554 vs. 1.891583316978554
list:
dist: 2.3955571510305655 vs. 2.3955571510305655
list:
dist: 2.190393078358509 vs. 2.190393078358509
list:
dist: 1.9850481518749352 vs. 1.9850481518749352
list:
dist: 2.1922713916815275 vs. 2.1922713916815275
list:
dist: 2.607201515252735 vs. 2.607201515252735
list:
dist: 1.6840233362554327 vs. 1.6840233362554327
list:
dist: 2.9545131074341846 vs. 2.9545131074341846
list:
dist: 1.0052158991249573 vs. 1.0052158991249573
list:
dist: 1.0262078820970881 vs. 1.0262078820970881
list:
dist: 1.6787158629912284 vs. 1.6787158629912284
list:
dist: 1.4697885675904163 vs. 1.4697885675904163
list:
dist: 1.4711423255963387 vs. 1.4711423255963387
list:
dist: 2.1033857193169427 vs. 2.1033857193169427
list:
dist: 1.507175037520012 vs. 1.507175037520012
list:
dist: 1.9003079935799405 vs. 1.9003079935799405
list:
dist: 2.3048747143569153 vs. 2.3048747143569153
list:
dist: 2.763876341888152 vs. 2.763876341888152
list:
dist: 2.5107733392793867 vs. 2.5107733392793867
list:
dist: 2.970998293273155 vs. 2.970998293273155
list:
dist: 3.068750984318996 vs. 3.068750984318996
list:
dist: 3.1412069528671682 vs. 3.1412069528671682
list:
dist: 2.2669619500859373 vs. 2.2669619500859373
list:
dist: 3.0314287017663712 vs. 3.0314287017663712
list:
dist: 2.5803128431571447 vs. 2.5803128431571447
list:
dist: 1.5077471096026789 vs. 1.5077471096026789
list:
dist: 1.4986224334868523 vs. 1.4986224334868523
list:
dist: 1.8837201894196822 vs. 1.8837201894196822
list:
dist: 1.4533742832903953 vs. 1.4533742832903953
list:
dist: 1.983965498918939 vs. 1.983965498918939
list:
dist: 1.3722522513528193 vs. 1.3722522513528193
list:
dist: 2.3120466550348597 vs. 2.3120466550348597
list:
dist: 3.2476310047495383 vs. 3.2476310047495383
list:
dist: 1.9850783628842268 vs. 1.9850783628842268
list:
dist: 3.350113069470884 vs. 3.350113069470884
list:
dist: 1.6825484739882874 vs. 1.6825484739882874
list:
dist: 1.6871800919468611 vs. 1.6871800919468611
list:
dist: 2.6696013742258105 vs. 2.6696013742258105
list:
dist: 1.9105315900602169 vs. 1.9105315900602169
list:
dist: 1.8693563142698941 vs. 1.8693563142698941
list:
dist: 2.875274302019339 vs. 2.875274302019339
list:
dist: 1.335116406745068 vs. 1.335116406745068
list:
dist: 1.6915783200002932 vs. 1.6915783200002932
list:
dist: 2.4623493280346764 vs. 2.4623493280346764
list:
dist: 2.4981264110648147 vs. 2.4981264110648147
list:
dist: 1.6521996347777497 vs. 1.6521996347777497
list:
dist: 1.9850783628842268 vs. 1.9850783628842268
list:
dist: 1.771928094483386 vs. 1.771928094483386
list:
dist: 2.353162634614842 vs. 2.353162634614842
list:
dist: 1.5650260045970343 vs. 1.5650260045970343
list:
dist: 1.0095948133643948 vs. 1.0095948133643948
list:
dist: 2.788322465470106 vs. 2.788322465470106
list:
dist: 0.553403719400639 vs. 0.553403719400639
list:
dist: 1.809976135322981 vs. 1.809976135322981
list:
dist: 1.391822925983809 vs. 1.391822925983809
list:
dist: 1.8321274561567114 vs. 1.8321274561567114
list:
dist: 1.5743493418473589 vs. 1.5743493418473589
list:
dist: 1.5752868882742876 vs. 1.5752868882742876
list:
dist: 1.151099687000492 vs. 1.151099687000492
list:
dist: 2.127469397822744 vs. 2.127469397822744
list:
dist: 2.13651917854006 vs. 2.13651917854006
list:
dist: 1.6840233362554327 vs. 1.6840233362554327
list:
dist: 2.3851669184789928 vs. 2.3851669184789928
list:
dist: 3.0635933924845866 vs. 3.0635933924845866
list:
dist: 3.409643995130272 vs. 3.409643995130272
list:
dist: 2.762977024526634 vs. 2.762977024526634
list:
dist: 2.1496591732372696 vs. 2.1496591732372696
list:
dist: 1.3722522513528193 vs. 1.3722522513528193
list:
dist: 1.286795416619429 vs. 1.286795416619429
list:
dist: 1.5628506446348718 vs. 1.5628506446348718
list:
dist: 1.986759091671709 vs. 1.986759091671709
list:
dist: 0.6232941190388809 vs. 0.6232941190388809
list:
dist: 0.8364471033762619 vs. 0.8364471033762619
list:
dist: 1.5501005593569555 vs. 1.5501005593569555
list:
dist: 1.6500246697096301 vs. 1.6500246697096301
list:
dist: 2.790350382399356 vs. 2.790350382399356
list:
dist: 1.9288498465222492 vs. 1.9288498465222492
list:
dist: 1.3300082406942277 vs. 1.3300082406942277
list:
dist: 2.539983546173326 vs. 2.539983546173326
list:
dist: 1.9850481518749352 vs. 1.9850481518749352
list:
dist: 1.7534052706531733 vs. 1.7534052706531733
list:
dist: 1.8793212385572624 vs. 1.8793212385572624
list:
dist: 1.5546074321361139 vs. 1.5546074321361139
list:
dist: 2.6052038354818925 vs. 2.6052038354818925
list:
dist: 2.4620231620395012 vs. 2.4620231620395012
list:
dist: 2.8044339809884473 vs. 2.8044339809884473
list:
dist: 2.4323744900060853 vs. 2.4323744900060853
list:
dist: 2.5498882173563504 vs. 2.5498882173563504
list:
dist: 1.2848591390259494 vs. 1.2848591390259494
list:
dist: 2.1496591732372696 vs. 2.1496591732372696
list:
dist: 2.470331129764213 vs. 2.470331129764213
list:
dist: 1.9575485232037648 vs. 1.9575485232037648
list:
dist: 1.8250054844462371 vs. 1.8250054844462371
list:
dist: 0.7086544151068251 vs. 0.7086544151068251
list:
dist: 1.746723693503278 vs. 1.746723693503278
list:
dist: 2.1870280992701634 vs. 2.1870280992701634
list:
dist: 1.197415999906383 vs. 1.197415999906383
list:
dist: 2.2669619500859373 vs. 2.2669619500859373
list:
dist: 3.395520580702852 vs. 3.395520580702852
list:
dist: 2.7631484289241994 vs. 2.7631484289241994
list:
dist: 3.252944108682647 vs. 3.252944108682647
list:
dist: 1.4197146577921218 vs. 1.4197146577921218
list:
dist: 1.9318068057445792 vs. 1.9318068057445792
list:
dist: 2.6192243864424856 vs. 2.6192243864424856
list:
dist: 2.1727043252351845 vs. 2.1727043252351845
list:
dist: 3.844318001987592 vs. 3.844318001987592
list:
dist: 3.8009723802340623 vs. 3.8009723802340623
list:
dist: 1.4533742832903953 vs. 1.4533742832903953
list:
dist: 2.7236463379676534 vs. 2.7236463379676534
list:
dist: 0.8645001312609117 vs. 0.8645001312609117
list:
dist: 1.4584767921500665 vs. 1.4584767921500665
list:
dist: 2.113573855570042 vs. 2.113573855570042
list:
dist: 1.3756049439709497 vs. 1.3756049439709497
list:
dist: 0.6232941190388809 vs. 0.6232941190388809
list:
dist: 3.0791332519228463 vs. 3.0791332519228463
list:
dist: 3.4696250491135157 vs. 3.4696250491135157
list:
dist: 2.788322465470106 vs. 2.788322465470106
list:
dist: 4.071201973920806 vs. 4.071201973920806
list:
dist: 2.0709035073307924 vs. 2.0709035073307924
list:
dist: 2.1166460821263664 vs. 2.1166460821263664
list:
dist: 3.2208415122824867 vs. 3.2208415122824867
list:
dist: 2.256061249588969 vs. 2.256061249588969
list:
dist: 1.8741075466860095 vs. 1.8741075466860095
list:
dist: 3.0025931557044854 vs. 3.0025931557044854
list:
dist: 2.3955571510305655 vs. 2.3955571510305655
list:
dist: 2.2239686609022193 vs. 2.2239686609022193
list:
dist: 2.499447329072624 vs. 2.499447329072624
list:
dist: 2.132364930201662 vs. 2.132364930201662
list:
dist: 3.4206406199750745 vs. 3.4206406199750745
list:
dist: 3.1590056311287666 vs. 3.1590056311287666
list:
dist: 2.9474904689877106 vs. 2.9474904689877106
list:
dist: 3.136900446304182 vs. 3.136900446304182
list:
dist: 2.957271952585764 vs. 2.957271952585764
list:
dist: 2.4981264110648147 vs. 2.4981264110648147
list:
dist: 2.8071242939075813 vs. 2.8071242939075813
list:
dist: 2.8587327892548715 vs. 2.8587327892548715
list:
dist: 2.8874491411589176 vs. 2.8874491411589176
list:
dist: 2.132364930201662 vs. 2.132364930201662
list:
dist: 0.7676067563116171 vs. 0.7676067563116171
list:
dist: 1.5546074321361139 vs. 1.5546074321361139
list:
dist: 1.655379651406003 vs. 1.655379651406003
list:
dist: 1.9075547597868483 vs. 1.9075547597868483
list:
dist: 2.8072721315973763 vs. 2.8072721315973763
list:
dist: 2.4460242917973183 vs. 2.4460242917973183
list:
dist: 1.368090933965633 vs. 1.368090933965633
list:
dist: 2.3510501412493348 vs. 2.3510501412493348
list:
dist: 2.3048747143569153 vs. 2.3048747143569153
list:
dist: 1.5838276950454306 vs. 1.5838276950454306
list:
dist: 0.7141798201976921 vs. 0.7141798201976921
list:
dist: 1.7896829310906321 vs. 1.7896829310906321
list:
dist: 1.7090258177039002 vs. 1.7090258177039002
list:
dist: 2.7533794865514314 vs. 2.7533794865514314
list:
dist: 0.9461718137351166 vs. 0.9461718137351166
list:
dist: 3.252944108682647 vs. 3.252944108682647
list:
dist: 2.4623493280346764 vs. 2.4623493280346764
list:
dist: 3.0650964457623453 vs. 3.0650964457623453
list:
dist: 2.9501497884824035 vs. 2.9501497884824035
list:
dist: 2.818085404736686 vs. 2.818085404736686
list:
dist: 2.499447329072624 vs. 2.499447329072624
list:
dist: 1.280763354388402 vs. 1.280763354388402
list:
dist: 1.8793212385572624 vs. 1.8793212385572624
list:
dist: 1.3563811845981757 vs. 1.3563811845981757
list:
dist: 1.6301102859322465 vs. 1.6301102859322465
list:
dist: 2.3765712409992257 vs. 2.3765712409992257
list:
dist: 2.252115294100063 vs. 2.252115294100063
list:
dist: 1.255684282163493 vs. 1.255684282163493
list:
dist: 2.0637738487123287 vs. 2.0637738487123287
list:
dist: 1.9003079935799405 vs. 1.9003079935799405
list:
dist: 1.371492223210173 vs. 1.371492223210173
list:
dist: 0.7141798201976921 vs. 0.7141798201976921
list:
dist: 1.5382311777648374 vs. 1.5382311777648374
list:
dist: 1.798982346613221 vs. 1.798982346613221
list:
dist: 2.747689690029314 vs. 2.747689690029314
list:
dist: 1.2872436417553212 vs. 1.2872436417553212
list:
dist: 2.7631484289241994 vs. 2.7631484289241994
list:
dist: 3.6850744617041697 vs. 3.6850744617041697
list:
dist: 3.7812178093045437 vs. 3.7812178093045437
list:
dist: 3.7861448193027143 vs. 3.7861448193027143
list:
dist: 2.957271952585764 vs. 2.957271952585764
list:
dist: 1.598104275870813 vs. 1.598104275870813
list:
dist: 2.4323744900060853 vs. 2.4323744900060853
list:
dist: 2.5182170936879165 vs. 2.5182170936879165
list:
dist: 2.7734865865395117 vs. 2.7734865865395117
list:
dist: 3.5202419501754147 vs. 3.5202419501754147
list:
dist: 3.3097902601273956 vs. 3.3097902601273956
list:
dist: 2.236693787116249 vs. 2.236693787116249
list:
dist: 2.9829873383751746 vs. 2.9829873383751746
list:
dist: 3.1412069528671682 vs. 3.1412069528671682
list:
dist: 2.2267051728914775 vs. 2.2267051728914775
list:
dist: 1.2872436417553212 vs. 1.2872436417553212
list:
dist: 0.9461718137351166 vs. 0.9461718137351166
list:
dist: 2.1443322425712905 vs. 2.1443322425712905
list:
dist: 1.9822886707200864 vs. 1.9822886707200864
list:
dist: 3.285835532315466 vs. 3.285835532315466
list:
dist: 3.844318001987592 vs. 3.844318001987592
list:
dist: 4.100971118899022 vs. 4.100971118899022
list:
dist: 3.280571611427456 vs. 3.280571611427456
list:
dist: 3.0360730666097386 vs. 3.0360730666097386
list:
dist: 2.7223282207204726 vs. 2.7223282207204726
list:
dist: 2.9474904689877106 vs. 2.9474904689877106
list:
dist: 2.0317604208133675 vs. 2.0317604208133675
list:
dist: 2.4620231620395012 vs. 2.4620231620395012
list:
dist: 2.464650844434142 vs. 2.464650844434142
list:
dist: 3.409643995130272 vs. 3.409643995130272
list:
dist: 4.284393131964121 vs. 4.284393131964121
list:
dist: 1.9884953823051486 vs. 1.9884953823051486
list:
dist: 2.077422096800989 vs. 2.077422096800989
list:
dist: 2.3944439080749005 vs. 2.3944439080749005
list:
dist: 2.263611109067157 vs. 2.263611109067157
list:
dist: 1.592730604604545 vs. 1.592730604604545
list:
dist: 1.5346213331839775 vs. 1.5346213331839775
list:
dist: 2.970998293273155 vs. 2.970998293273155
list:
dist: 3.0334312948441897 vs. 3.0334312948441897
list:
dist: 1.798982346613221 vs. 1.798982346613221
list:
dist: 1.7090258177039002 vs. 1.7090258177039002
list:
dist: 1.774513477423141 vs. 1.774513477423141
list:
dist: 0.8294955592060741 vs. 0.8294955592060741
list:
dist: 1.3907696656172301 vs. 1.3907696656172301
list:
dist: 1.9822886707200864 vs. 1.9822886707200864
list:
dist: 2.6192243864424856 vs. 2.6192243864424856
list:
dist: 4.095317172291021 vs. 4.095317172291021
list:
dist: 3.4474660946553444 vs. 3.4474660946553444
list:
dist: 3.0653837157572776 vs. 3.0653837157572776
list:
dist: 2.600040579522203 vs. 2.600040579522203
list:
dist: 3.1590056311287666 vs. 3.1590056311287666
list:
dist: 2.211239531206507 vs. 2.211239531206507
list:
dist: 2.6052038354818925 vs. 2.6052038354818925
list:
dist: 2.1383461078198978 vs. 2.1383461078198978
list:
dist: 3.0635933924845866 vs. 3.0635933924845866
list:
dist: 3.904138383862414 vs. 3.904138383862414
list:
dist: 1.627819580410094 vs. 1.627819580410094
list:
dist: 1.7172978143451552 vs. 1.7172978143451552
list:
dist: 1.7956815654713327 vs. 1.7956815654713327
list:
dist: 1.9864416173481045 vs. 1.9864416173481045
list:
dist: 1.4173561251628146 vs. 1.4173561251628146
list:
dist: 1.060110947578034 vs. 1.060110947578034
list:
dist: 2.5107733392793867 vs. 2.5107733392793867
list:
dist: 2.7722761663980915 vs. 2.7722761663980915
list:
dist: 1.5382311777648374 vs. 1.5382311777648374
list:
dist: 1.7896829310906321 vs. 1.7896829310906321
list:
dist: 1.5154761218879074 vs. 1.5154761218879074
list:
dist: 0.8294955592060741 vs. 0.8294955592060741
list:
dist: 1.544321298995193 vs. 1.544321298995193
list:
dist: 2.1443322425712905 vs. 2.1443322425712905
list:
dist: 1.9318068057445792 vs. 1.9318068057445792
300
rk
<OccurredElementalReaction>
	 elmtlRkId: 1
	 p(id,type,coords) 37 2 2.9032013340537994 6.183640752269221 5.325448435054811
</OccurredElementalReaction>
rk
<OccurredElementalReaction>
	 elmtlRkId: 3
	 p(id,type,coords) 111 4 7.774435211626394 -0.019414451762753648 20.383698443495625
</OccurredElementalReaction>
rk
<OccurredElementalReaction>
	 elmtlRkId: 0
	 p(id,type,coords) 20 1 2.0764789189294928 3.3153849693122 0.9155591398961411
</OccurredElementalReaction>
400
Neighbor List consistency Check...
--------
nle(id0,id1,dist): 5 6 2.3764070148022864
list:
dist: 2.3764070148022864 vs. 2.3764070148022864
--------
nle(id0,id1,dist): 5 7 1.0778108757489613
list:
dist: 1.0778108757489613 vs. 1.0778108757489613
--------
nle(id0,id1,dist): 5 18 2.222481746528532
list:
dist: 2.222481746528532 vs. 2.222481746528532
--------
nle(id0,id1,dist): 5 14 2.0639369260343807
list:
dist: 2.0639369260343807 vs. 2.0639369260343807
--------
nle(id0,id1,dist): 5 8 0.7712821171662949
list:
dist: 0.7712821171662949 vs. 0.7712821171662949
--------
nle(id0,id1,dist): 5 10 2.1055716632201356
list:
dist: 2.1055716632201356 vs. 2.1055716632201356
--------
nle(id0,id1,dist): 4 11 1.0461416777610977
list:
dist: 1.0461416777610977 vs. 1.0461416777610977
--------
nle(id0,id1,dist): 4 12 0.9167295570269606
list:
dist: 0.9167295570269606 vs. 0.9167295570269606
--------
nle(id0,id1,dist): 4 9 1.1200683478129838
list:
dist: 1.1200683478129838 vs. 1.1200683478129838
--------
nle(id0,id1,dist): 4 10 1.2382469071738076
list:
dist: 1.2382469071738076 vs. 1.2382469071738076
--------
nle(id0,id1,dist): 4 7 2.320112187663104
list:
dist: 2.320112187663104 vs. 2.320112187663104
--------
nle(id0,id1,dist): 4 6 2.4999909841187584
list:
dist: 2.4999909841187584 vs. 2.4999909841187584
--------
nle(id0,id1,dist): 4 27 3.004740384007844
list:
dist: 3.004740384007844 vs. 3.004740384007844
--------
nle(id0,id1,dist): 4 26 3.235651287835091
list:
dist: 3.235651287835091 vs. 3.235651287835091
--------
nle(id0,id1,dist): 4 22 3.175693049101119
list:
dist: 3.175693049101119 vs. 3.175693049101119
--------
nle(id0,id1,dist): 4 21 2.074734981124869
list:
dist: 2.074734981124869 vs. 2.074734981124869
--------
nle(id0,id1,dist): 4 19 2.638740734972869
list:
dist: 2.638740734972869 vs. 2.638740734972869
--------
nle(id0,id1,dist): 4 18 2.2961105254709375
list:
dist: 2.2961105254709375 vs. 2.2961105254709375
--------
nle(id0,id1,dist): 4 17 1.1396263808985492
list:
dist: 1.1396263808985492 vs. 1.1396263808985492
--------
nle(id0,id1,dist): 4 16 1.9525199879891693
list:
dist: 1.9525199879891693 vs. 1.9525199879891693
--------
nle(id0,id1,dist): 4 15 1.85480203583061
list:
dist: 1.85480203583061 vs. 1.85480203583061
--------
nle(id0,id1,dist): 4 14 2.2083174282106945
list:
dist: 2.2083174282106945 vs. 2.2083174282106945
--------
nle(id0,id1,dist): 4 13 2.424098048902977
list:
dist: 2.424098048902977 vs. 2.424098048902977
--------
nle(id0,id1,dist): 6 27 3.423009688766055
list:
dist: 3.423009688766055 vs. 3.423009688766055
--------
nle(id0,id1,dist): 6 19 3.834257481636788
list:
dist: 3.834257481636788 vs. 3.834257481636788
--------
nle(id0,id1,dist): 6 21 3.9203592536858056
list:
dist: 3.9203592536858056 vs. 3.9203592536858056
--------
nle(id0,id1,dist): 6 22 4.538318252229769
list:
dist: 4.538318252229769 vs. 4.538318252229769
--------
nle(id0,id1,dist): 6 26 4.118877795794359
list:
dist: 4.118877795794359 vs. 4.118877795794359
--------
nle(id0,id1,dist): 7 9 2.237809862163522
list:
dist: 2.237809862163522 vs. 2.237809862163522
--------
nle(id0,id1,dist): 7 8 1.4903969974619853
list:
dist: 1.4903969974619853 vs. 1.4903969974619853
--------
nle(id0,id1,dist): 7 11 2.321377367822773
list:
dist: 2.321377367822773 vs. 2.321377367822773
--------
nle(id0,id1,dist): 7 10 1.1379045736407283
list:
dist: 1.1379045736407283 vs. 1.1379045736407283
--------
nle(id0,id1,dist): 7 13 1.9371631479107783
list:
dist: 1.9371631479107783 vs. 1.9371631479107783
--------
nle(id0,id1,dist): 7 12 2.6010612151567107
list:
dist: 2.6010612151567107 vs. 2.6010612151567107
--------
nle(id0,id1,dist): 6 14 3.146263816637039
list:
dist: 3.146263816637039 vs. 3.146263816637039
--------
nle(id0,id1,dist): 6 13 3.3131682394902002
list:
dist: 3.3131682394902002 vs. 3.3131682394902002
--------
nle(id0,id1,dist): 6 12 3.2552967884166297
list:
dist: 3.2552967884166297 vs. 3.2552967884166297
--------
nle(id0,id1,dist): 6 11 2.7613979862519287
list:
dist: 2.7613979862519287 vs. 2.7613979862519287
--------
nle(id0,id1,dist): 6 18 0.6919961443197542
list:
dist: 0.6919961443197542 vs. 0.6919961443197542
--------
nle(id0,id1,dist): 6 17 2.5497996939410603
list:
dist: 2.5497996939410603 vs. 2.5497996939410603
--------
nle(id0,id1,dist): 6 15 3.596780456004036
list:
dist: 3.596780456004036 vs. 3.596780456004036
--------
nle(id0,id1,dist): 6 10 2.0608976299815174
list:
dist: 2.0608976299815174 vs. 2.0608976299815174
--------
nle(id0,id1,dist): 6 9 2.1849374137071216
list:
dist: 2.1849374137071216 vs. 2.1849374137071216
--------
nle(id0,id1,dist): 6 8 2.125144657922971
list:
dist: 2.125144657922971 vs. 2.125144657922971
--------
nle(id0,id1,dist): 6 7 1.7836288542684444
list:
dist: 1.7836288542684444 vs. 1.7836288542684444
--------
nle(id0,id1,dist): 8 14 2.6932456463271426
list:
dist: 2.6932456463271426 vs. 2.6932456463271426
--------
nle(id0,id1,dist): 8 10 2.47422135077918
list:
dist: 2.47422135077918 vs. 2.47422135077918
--------
nle(id0,id1,dist): 8 18 2.1869962797254754
list:
dist: 2.1869962797254754 vs. 2.1869962797254754
--------
nle(id0,id1,dist): 7 21 2.793645328108018
list:
dist: 2.793645328108018 vs. 2.793645328108018
--------
nle(id0,id1,dist): 7 19 2.938267178459732
list:
dist: 2.938267178459732 vs. 2.938267178459732
--------
nle(id0,id1,dist): 7 18 1.434118059846282
list:
dist: 1.434118059846282 vs. 1.434118059846282
--------
nle(id0,id1,dist): 7 15 2.8806196426686106
list:
dist: 2.8806196426686106 vs. 2.8806196426686106
--------
nle(id0,id1,dist): 7 14 1.577044870387361
list:
dist: 1.577044870387361 vs. 1.577044870387361
--------
nle(id0,id1,dist): 7 29 4.504027993552543
list:
dist: 4.504027993552543 vs. 4.504027993552543
--------
nle(id0,id1,dist): 7 27 1.925145110411041
list:
dist: 1.925145110411041 vs. 1.925145110411041
--------
nle(id0,id1,dist): 7 26 2.811163219087351
list:
dist: 2.811163219087351 vs. 2.811163219087351
--------
nle(id0,id1,dist): 7 24 3.2877027178726252
list:
dist: 3.2877027178726252 vs. 3.2877027178726252
--------
nle(id0,id1,dist): 7 22 3.164402336944239
list:
dist: 3.164402336944239 vs. 3.164402336944239
--------
nle(id0,id1,dist): 10 12 1.4827934478332585
list:
dist: 1.4827934478332585 vs. 1.4827934478332585
--------
nle(id0,id1,dist): 10 11 1.3676284896063513
list:
dist: 1.3676284896063513 vs. 1.3676284896063513
--------
nle(id0,id1,dist): 10 14 1.2755129091646986
list:
dist: 1.2755129091646986 vs. 1.2755129091646986
--------
nle(id0,id1,dist): 10 13 1.6606311615297475
list:
dist: 1.6606311615297475 vs. 1.6606311615297475
--------
nle(id0,id1,dist): 10 15 2.030326689635528
list:
dist: 2.030326689635528 vs. 2.030326689635528
--------
nle(id0,id1,dist): 10 17 2.1849824279031447
list:
dist: 2.1849824279031447 vs. 2.1849824279031447
--------
nle(id0,id1,dist): 10 18 1.7168348834947085
list:
dist: 1.7168348834947085 vs. 1.7168348834947085
--------
nle(id0,id1,dist): 10 19 2.4200357603064417
list:
dist: 2.4200357603064417 vs. 2.4200357603064417
--------
nle(id0,id1,dist): 10 21 1.973898420251563
list:
dist: 1.973898420251563 vs. 1.973898420251563
--------
nle(id0,id1,dist): 10 22 2.731581035697122
list:
dist: 2.731581035697122 vs. 2.731581035697122
--------
nle(id0,id1,dist): 10 26 2.615813663932356
list:
dist: 2.615813663932356 vs. 2.615813663932356
--------
nle(id0,id1,dist): 10 27 2.0547627452516704
list:
dist: 2.0547627452516704 vs. 2.0547627452516704
--------
nle(id0,id1,dist): 9 11 0.7642851401367753
list:
dist: 0.7642851401367753 vs. 0.7642851401367753
--------
nle(id0,id1,dist): 9 10 1.4610142346280715
list:
dist: 1.4610142346280715 vs. 1.4610142346280715
--------
nle(id0,id1,dist): 9 15 1.6033078355359136
list:
dist: 1.6033078355359136 vs. 1.6033078355359136
--------
nle(id0,id1,dist): 9 14 2.564742457904456
list:
dist: 2.564742457904456 vs. 2.564742457904456
--------
nle(id0,id1,dist): 9 13 2.215626109863001
list:
dist: 2.215626109863001 vs. 2.215626109863001
--------
nle(id0,id1,dist): 9 12 1.788197557233955
list:
dist: 1.788197557233955 vs. 1.788197557233955
--------
nle(id0,id1,dist): 9 19 2.1280461106291924
list:
dist: 2.1280461106291924 vs. 2.1280461106291924
--------
nle(id0,id1,dist): 9 18 1.7760305556720113
list:
dist: 1.7760305556720113 vs. 1.7760305556720113
--------
nle(id0,id1,dist): 9 17 1.3390531203470544
list:
dist: 1.3390531203470544 vs. 1.3390531203470544
--------
nle(id0,id1,dist): 9 16 1.930020907943677
list:
dist: 1.930020907943677 vs. 1.930020907943677
--------
nle(id0,id1,dist): 9 22 3.0910401473176883
list:
dist: 3.0910401473176883 vs. 3.0910401473176883
--------
nle(id0,id1,dist): 9 21 2.2640304988075393
list:
dist: 2.2640304988075393 vs. 2.2640304988075393
--------
nle(id0,id1,dist): 9 26 2.8721301532363546
list:
dist: 2.8721301532363546 vs. 2.8721301532363546
--------
nle(id0,id1,dist): 9 27 2.704000855645656
list:
dist: 2.704000855645656 vs. 2.704000855645656
--------
nle(id0,id1,dist): 12 19 2.4999294255984714
list:
dist: 2.4999294255984714 vs. 2.4999294255984714
--------
nle(id0,id1,dist): 12 18 2.9895920494028885
list:
dist: 2.9895920494028885 vs. 2.9895920494028885
--------
nle(id0,id1,dist): 12 17 1.9374962686941155
list:
dist: 1.9374962686941155 vs. 1.9374962686941155
--------
nle(id0,id1,dist): 12 16 1.773576467856482
list:
dist: 1.773576467856482 vs. 1.773576467856482
--------
nle(id0,id1,dist): 12 15 1.668977185896047
list:
dist: 1.668977185896047 vs. 1.668977185896047
--------
nle(id0,id1,dist): 12 14 1.8685707532932354
list:
dist: 1.8685707532932354 vs. 1.8685707532932354
--------
nle(id0,id1,dist): 12 13 2.2157201956004826
list:
dist: 2.2157201956004826 vs. 2.2157201956004826
--------
nle(id0,id1,dist): 11 26 2.381875582974407
list:
dist: 2.381875582974407 vs. 2.381875582974407
--------
nle(id0,id1,dist): 11 27 2.363008865590029
list:
dist: 2.363008865590029 vs. 2.363008865590029
--------
nle(id0,id1,dist): 11 22 2.436553713813803
list:
dist: 2.436553713813803 vs. 2.436553713813803
--------
nle(id0,id1,dist): 11 19 1.6317711933091954
list:
dist: 1.6317711933091954 vs. 1.6317711933091954
--------
nle(id0,id1,dist): 11 18 2.3090260582723228
list:
dist: 2.3090260582723228 vs. 2.3090260582723228
--------
nle(id0,id1,dist): 11 21 1.5182217001151193
list:
dist: 1.5182217001151193 vs. 1.5182217001151193
--------
nle(id0,id1,dist): 11 15 0.9261746482585822
list:
dist: 0.9261746482585822 vs. 0.9261746482585822
--------
nle(id0,id1,dist): 11 14 2.157305579800827
list:
dist: 2.157305579800827 vs. 2.157305579800827
--------
nle(id0,id1,dist): 11 17 1.7109456355021229
list:
dist: 1.7109456355021229 vs. 1.7109456355021229
--------
nle(id0,id1,dist): 11 16 1.4066397828042152
list:
dist: 1.4066397828042152 vs. 1.4066397828042152
--------
nle(id0,id1,dist): 11 13 1.749443462546019
list:
dist: 1.749443462546019 vs. 1.749443462546019
--------
nle(id0,id1,dist): 11 12 1.2839155971202503
list:
dist: 1.2839155971202503 vs. 1.2839155971202503
--------
nle(id0,id1,dist): 13 26 0.97727419470561
list:
dist: 0.97727419470561 vs. 0.97727419470561
--------
nle(id0,id1,dist): 13 27 0.7057398127350403
list:
dist: 0.7057398127350403 vs. 0.7057398127350403
--------
nle(id0,id1,dist): 13 24 1.8726797289947663
list:
dist: 1.8726797289947663 vs. 1.8726797289947663
--------
nle(id0,id1,dist): 13 28 3.1217145151878856
list:
dist: 3.1217145151878856 vs. 3.1217145151878856
--------
nle(id0,id1,dist): 13 29 2.863736169516325
list:
dist: 2.863736169516325 vs. 2.863736169516325
--------
nle(id0,id1,dist): 13 18 2.725502055591173
list:
dist: 2.725502055591173 vs. 2.725502055591173
--------
nle(id0,id1,dist): 13 19 1.2979562193200058
list:
dist: 1.2979562193200058 vs. 1.2979562193200058
--------
nle(id0,id1,dist): 13 16 2.624767138656725
list:
dist: 2.624767138656725 vs. 2.624767138656725
--------
nle(id0,id1,dist): 13 22 1.265037583296367
list:
dist: 1.265037583296367 vs. 1.265037583296367
--------
nle(id0,id1,dist): 13 23 1.9531562956344555
list:
dist: 1.9531562956344555 vs. 1.9531562956344555
--------
nle(id0,id1,dist): 13 21 1.324371599748112
list:
dist: 1.324371599748112 vs. 1.324371599748112
--------
nle(id0,id1,dist): 13 15 1.5777486718311715
list:
dist: 1.5777486718311715 vs. 1.5777486718311715
--------
nle(id0,id1,dist): 13 14 1.3735415628317333
list:
dist: 1.3735415628317333 vs. 1.3735415628317333
--------
nle(id0,id1,dist): 12 21 1.4715673215903404
list:
dist: 1.4715673215903404 vs. 1.4715673215903404
--------
nle(id0,id1,dist): 12 22 2.6700983999845844
list:
dist: 2.6700983999845844 vs. 2.6700983999845844
--------
nle(id0,id1,dist): 12 26 2.9713508970482216
list:
dist: 2.9713508970482216 vs. 2.9713508970482216
--------
nle(id0,id1,dist): 12 27 2.865343844372104
list:
dist: 2.865343844372104 vs. 2.865343844372104
--------
nle(id0,id1,dist): 15 28 3.262037148922753
list:
dist: 3.262037148922753 vs. 3.262037148922753
--------
nle(id0,id1,dist): 15 29 3.711068246926667
list:
dist: 3.711068246926667 vs. 3.711068246926667
--------
nle(id0,id1,dist): 15 26 1.862022928115088
list:
dist: 1.862022928115088 vs. 1.862022928115088
--------
nle(id0,id1,dist): 15 27 2.2303915780652024
list:
dist: 2.2303915780652024 vs. 2.2303915780652024
--------
nle(id0,id1,dist): 15 24 2.660291085996462
list:
dist: 2.660291085996462 vs. 2.660291085996462
--------
nle(id0,id1,dist): 15 22 1.7794002449660582
list:
dist: 1.7794002449660582 vs. 1.7794002449660582
--------
nle(id0,id1,dist): 15 23 2.04581357934455
list:
dist: 2.04581357934455 vs. 2.04581357934455
--------
nle(id0,id1,dist): 15 21 1.0412205037576783
list:
dist: 1.0412205037576783 vs. 1.0412205037576783
--------
nle(id0,id1,dist): 15 19 0.9696607941071508
list:
dist: 0.9696607941071508 vs. 0.9696607941071508
--------
nle(id0,id1,dist): 15 18 3.0672483735044676
list:
dist: 3.0672483735044676 vs. 3.0672483735044676
--------
nle(id0,id1,dist): 15 16 1.0775772096753953
list:
dist: 1.0775772096753953 vs. 1.0775772096753953
--------
nle(id0,id1,dist): 14 27 1.6465229990498824
list:
dist: 1.6465229990498824 vs. 1.6465229990498824
--------
nle(id0,id1,dist): 14 29 3.8022355510821524
list:
dist: 3.8022355510821524 vs. 3.8022355510821524
--------
nle(id0,id1,dist): 14 15 2.3545477393553345
list:
dist: 2.3545477393553345 vs. 2.3545477393553345
--------
nle(id0,id1,dist): 14 18 2.7802812153545244
list:
dist: 2.7802812153545244 vs. 2.7802812153545244
--------
nle(id0,id1,dist): 14 24 1.8658196811228527
list:
dist: 1.8658196811228527 vs. 1.8658196811228527
--------
nle(id0,id1,dist): 14 26 2.2508093034674435
list:
dist: 2.2508093034674435 vs. 2.2508093034674435
--------
nle(id0,id1,dist): 14 19 2.534712383936538
list:
dist: 2.534712383936538 vs. 2.534712383936538
--------
nle(id0,id1,dist): 14 22 2.144268914629968
list:
dist: 2.144268914629968 vs. 2.144268914629968
--------
nle(id0,id1,dist): 14 21 1.7222267972135057
list:
dist: 1.7222267972135057 vs. 1.7222267972135057
--------
nle(id0,id1,dist): 17 18 2.4958319960324347
list:
dist: 2.4958319960324347 vs. 2.4958319960324347
--------
nle(id0,id1,dist): 16 17 2.2705668653856557
list:
dist: 2.2705668653856557 vs. 2.2705668653856557
--------
nle(id0,id1,dist): 16 19 1.931436440267078
list:
dist: 1.931436440267078 vs. 1.931436440267078
--------
nle(id0,id1,dist): 16 21 1.728376229690169
list:
dist: 1.728376229690169 vs. 1.728376229690169
--------
nle(id0,id1,dist): 16 22 2.647515886807956
list:
dist: 2.647515886807956 vs. 2.647515886807956
--------
nle(id0,id1,dist): 16 26 2.88947241176225
list:
dist: 2.88947241176225 vs. 2.88947241176225
--------
nle(id0,id1,dist): 16 27 3.2977291947149476
list:
dist: 3.2977291947149476 vs. 3.2977291947149476
--------
nle(id0,id1,dist): 1 2 1.8872062441533397
list:
dist: 1.8872062441533397 vs. 1.8872062441533397
--------
nle(id0,id1,dist): 1 3 2.410219237240538
list:
dist: 2.410219237240538 vs. 2.410219237240538
--------
nle(id0,id1,dist): 1 5 2.4003647229539986
list:
dist: 2.4003647229539986 vs. 2.4003647229539986
--------
nle(id0,id1,dist): 1 6 2.4276800608785
list:
dist: 2.4276800608785 vs. 2.4276800608785
--------
nle(id0,id1,dist): 1 7 2.2978546795305363
list:
dist: 2.2978546795305363 vs. 2.2978546795305363
--------
nle(id0,id1,dist): 1 8 2.21187279735342
list:
dist: 2.21187279735342 vs. 2.21187279735342
--------
nle(id0,id1,dist): 1 10 2.238364758573798
list:
dist: 2.238364758573798 vs. 2.238364758573798
--------
nle(id0,id1,dist): 2 5 1.6769303491550624
list:
dist: 1.6769303491550624 vs. 1.6769303491550624
--------
nle(id0,id1,dist): 2 6 1.1266369711853512
list:
dist: 1.1266369711853512 vs. 1.1266369711853512
--------
nle(id0,id1,dist): 2 3 1.2139528339842103
list:
dist: 1.2139528339842103 vs. 1.2139528339842103
--------
nle(id0,id1,dist): 2 4 1.8747748645967526
list:
dist: 1.8747748645967526 vs. 1.8747748645967526
--------
nle(id0,id1,dist): 1 14 2.688952360636443
list:
dist: 2.688952360636443 vs. 2.688952360636443
--------
nle(id0,id1,dist): 1 18 2.726535788350729
list:
dist: 2.726535788350729 vs. 2.726535788350729
--------
nle(id0,id1,dist): 2 27 2.588790978556726
list:
dist: 2.588790978556726 vs. 2.588790978556726
--------
nle(id0,id1,dist): 2 26 3.3330980478725984
list:
dist: 3.3330980478725984 vs. 3.3330980478725984
--------
nle(id0,id1,dist): 2 12 2.4091269648022564
list:
dist: 2.4091269648022564 vs. 2.4091269648022564
--------
nle(id0,id1,dist): 2 11 2.1449057963080334
list:
dist: 2.1449057963080334 vs. 2.1449057963080334
--------
nle(id0,id1,dist): 2 14 2.033067659906265
list:
dist: 2.033067659906265 vs. 2.033067659906265
--------
nle(id0,id1,dist): 2 13 2.424387340724941
list:
dist: 2.424387340724941 vs. 2.424387340724941
--------
nle(id0,id1,dist): 2 8 1.7431031797090484
list:
dist: 1.7431031797090484 vs. 1.7431031797090484
--------
nle(id0,id1,dist): 2 7 0.8540209657183737
list:
dist: 0.8540209657183737 vs. 0.8540209657183737
--------
nle(id0,id1,dist): 2 10 1.0481829654283985
list:
dist: 1.0481829654283985 vs. 1.0481829654283985
--------
nle(id0,id1,dist): 2 9 1.8537643626051126
list:
dist: 1.8537643626051126 vs. 1.8537643626051126
--------
nle(id0,id1,dist): 2 19 3.186355676303276
list:
dist: 3.186355676303276 vs. 3.186355676303276
--------
nle(id0,id1,dist): 2 22 3.629320483059785
list:
dist: 3.629320483059785 vs. 3.629320483059785
--------
nle(id0,id1,dist): 2 21 3.0001548156699527
list:
dist: 3.0001548156699527 vs. 3.0001548156699527
--------
nle(id0,id1,dist): 2 15 2.9164031238128976
list:
dist: 2.9164031238128976 vs. 2.9164031238128976
--------
nle(id0,id1,dist): 2 18 0.9799879922068295
list:
dist: 0.9799879922068295 vs. 0.9799879922068295
--------
nle(id0,id1,dist): 2 17 2.422468723234584
list:
dist: 2.422468723234584 vs. 2.422468723234584
--------
nle(id0,id1,dist): 3 22 3.574748868517524
list:
dist: 3.574748868517524 vs. 3.574748868517524
--------
nle(id0,id1,dist): 3 21 2.68195008495201
list:
dist: 2.68195008495201 vs. 2.68195008495201
--------
nle(id0,id1,dist): 3 18 1.389659768312112
list:
dist: 1.389659768312112 vs. 1.389659768312112
--------
nle(id0,id1,dist): 3 19 2.8537219418456736
list:
dist: 2.8537219418456736 vs. 2.8537219418456736
--------
nle(id0,id1,dist): 3 26 3.3890732389748903
list:
dist: 3.3890732389748903 vs. 3.3890732389748903
--------
nle(id0,id1,dist): 3 27 2.970448785076854
list:
dist: 2.970448785076854 vs. 2.970448785076854
--------
nle(id0,id1,dist): 3 9 0.9137831141302315
list:
dist: 0.9137831141302315 vs. 0.9137831141302315
--------
nle(id0,id1,dist): 3 8 2.951392491693973
list:
dist: 2.951392491693973 vs. 2.951392491693973
--------
nle(id0,id1,dist): 3 7 1.8672778472378526
list:
dist: 1.8672778472378526 vs. 1.8672778472378526
--------
nle(id0,id1,dist): 3 6 1.55993995203778
list:
dist: 1.55993995203778 vs. 1.55993995203778
--------
nle(id0,id1,dist): 3 5 2.8485820674961553
list:
dist: 2.8485820674961553 vs. 2.8485820674961553
--------
nle(id0,id1,dist): 3 4 0.9731210648121791
list:
dist: 0.9731210648121791 vs. 0.9731210648121791
--------
nle(id0,id1,dist): 3 17 1.2339079765370096
list:
dist: 1.2339079765370096 vs. 1.2339079765370096
--------
nle(id0,id1,dist): 3 15 2.312509040078231
list:
dist: 2.312509040078231 vs. 2.312509040078231
--------
nle(id0,id1,dist): 3 14 2.437751594335966
list:
dist: 2.437751594335966 vs. 2.437751594335966
--------
nle(id0,id1,dist): 3 13 2.553553577299801
list:
dist: 2.553553577299801 vs. 2.553553577299801
--------
nle(id0,id1,dist): 3 12 1.8172500647259653
list:
dist: 1.8172500647259653 vs. 1.8172500647259653
--------
nle(id0,id1,dist): 3 11 1.3920768147166576
list:
dist: 1.3920768147166576 vs. 1.3920768147166576
--------
nle(id0,id1,dist): 3 10 1.1709302016495742
list:
dist: 1.1709302016495742 vs. 1.1709302016495742
--------
nle(id0,id1,dist): 37 42 2.7322223526828444
list:
dist: 2.7322223526828444 vs. 2.7322223526828444
--------
nle(id0,id1,dist): 37 46 2.8848336156042644
list:
dist: 2.8848336156042644 vs. 2.8848336156042644
--------
nle(id0,id1,dist): 36 55 1.5490673302569724
list:
dist: 1.5490673302569724 vs. 1.5490673302569724
--------
nle(id0,id1,dist): 36 56 3.641809492894641
list:
dist: 3.641809492894641 vs. 3.641809492894641
--------
nle(id0,id1,dist): 36 53 2.3079268850389667
list:
dist: 2.3079268850389667 vs. 2.3079268850389667
--------
nle(id0,id1,dist): 36 54 2.977670436435183
list:
dist: 2.977670436435183 vs. 2.977670436435183
--------
nle(id0,id1,dist): 36 59 2.2768377148075682
list:
dist: 2.2768377148075682 vs. 2.2768377148075682
--------
nle(id0,id1,dist): 36 57 3.281295660841731
list:
dist: 3.281295660841731 vs. 3.281295660841731
--------
nle(id0,id1,dist): 36 47 2.7949525593137308
list:
dist: 2.7949525593137308 vs. 2.7949525593137308
--------
nle(id0,id1,dist): 36 45 2.3358372158720173
list:
dist: 2.3358372158720173 vs. 2.3358372158720173
--------
nle(id0,id1,dist): 36 46 1.930693926138981
list:
dist: 1.930693926138981 vs. 1.930693926138981
--------
nle(id0,id1,dist): 36 51 1.7831169329978336
list:
dist: 1.7831169329978336 vs. 1.7831169329978336
--------
nle(id0,id1,dist): 36 49 1.8750067827837005
list:
dist: 1.8750067827837005 vs. 1.8750067827837005
--------
nle(id0,id1,dist): 36 50 2.809318559434962
list:
dist: 2.809318559434962 vs. 2.809318559434962
--------
nle(id0,id1,dist): 36 40 3.1769616222371497
list:
dist: 3.1769616222371497 vs. 3.1769616222371497
--------
nle(id0,id1,dist): 36 39 1.6393464252352044
list:
dist: 1.6393464252352044 vs. 1.6393464252352044
--------
nle(id0,id1,dist): 36 38 0.6889710484541068
list:
dist: 0.6889710484541068 vs. 0.6889710484541068
--------
nle(id0,id1,dist): 36 44 3.6859149641687505
list:
dist: 3.6859149641687505 vs. 3.6859149641687505
--------
nle(id0,id1,dist): 36 43 2.4444290436847433
list:
dist: 2.4444290436847433 vs. 2.4444290436847433
--------
nle(id0,id1,dist): 36 42 1.31522413144755
list:
dist: 1.31522413144755 vs. 1.31522413144755
--------
nle(id0,id1,dist): 36 41 2.1595224494084246
list:
dist: 2.1595224494084246 vs. 2.1595224494084246
--------
nle(id0,id1,dist): 35 59 1.7447367766431985
list:
dist: 1.7447367766431985 vs. 1.7447367766431985
--------
nle(id0,id1,dist): 35 54 3.0202597471624637
list:
dist: 3.0202597471624637 vs. 3.0202597471624637
--------
nle(id0,id1,dist): 35 55 2.6862342923430407
list:
dist: 2.6862342923430407 vs. 2.6862342923430407
--------
nle(id0,id1,dist): 35 56 2.7811905642708377
list:
dist: 2.7811905642708377 vs. 2.7811905642708377
--------
nle(id0,id1,dist): 35 57 3.347192021154194
list:
dist: 3.347192021154194 vs. 3.347192021154194
--------
nle(id0,id1,dist): 35 50 2.674793829681021
list:
dist: 2.674793829681021 vs. 2.674793829681021
--------
nle(id0,id1,dist): 35 51 2.6305156463484174
list:
dist: 2.6305156463484174 vs. 2.6305156463484174
--------
nle(id0,id1,dist): 35 52 3.1803656280695463
list:
dist: 3.1803656280695463 vs. 3.1803656280695463
--------
nle(id0,id1,dist): 35 53 1.2479148965604532
list:
dist: 1.2479148965604532 vs. 1.2479148965604532
--------
nle(id0,id1,dist): 35 47 2.2111999156512256
list:
dist: 2.2111999156512256 vs. 2.2111999156512256
--------
nle(id0,id1,dist): 35 46 0.5821156332250847
list:
dist: 0.5821156332250847 vs. 0.5821156332250847
--------
nle(id0,id1,dist): 35 49 3.384270876568425
list:
dist: 3.384270876568425 vs. 3.384270876568425
--------
nle(id0,id1,dist): 35 43 1.3736282630373213
list:
dist: 1.3736282630373213 vs. 1.3736282630373213
--------
nle(id0,id1,dist): 35 42 1.5266805491492668
list:
dist: 1.5266805491492668 vs. 1.5266805491492668
--------
nle(id0,id1,dist): 35 44 1.8292224683574125
list:
dist: 1.8292224683574125 vs. 1.8292224683574125
--------
nle(id0,id1,dist): 34 76 2.2203537869692815
list:
dist: 2.2203537869692815 vs. 2.2203537869692815
--------
nle(id0,id1,dist): 35 39 2.2340012682284756
list:
dist: 2.2340012682284756 vs. 2.2340012682284756
--------
nle(id0,id1,dist): 35 38 2.697058073825087
list:
dist: 2.697058073825087 vs. 2.697058073825087
--------
nle(id0,id1,dist): 35 41 1.8698377141509739
list:
dist: 1.8698377141509739 vs. 1.8698377141509739
--------
nle(id0,id1,dist): 35 40 1.2198738523953438
list:
dist: 1.2198738523953438 vs. 1.2198738523953438
--------
nle(id0,id1,dist): 35 37 2.5406644841918484
list:
dist: 2.5406644841918484 vs. 2.5406644841918484
--------
nle(id0,id1,dist): 35 36 2.448295302687445
list:
dist: 2.448295302687445 vs. 2.448295302687445
--------
nle(id0,id1,dist): 34 70 2.339779296706732
list:
dist: 2.339779296706732 vs. 2.339779296706732
--------
nle(id0,id1,dist): 34 68 2.648030611056007
list:
dist: 2.648030611056007 vs. 2.648030611056007
--------
nle(id0,id1,dist): 34 65 1.5936706805339735
list:
dist: 1.5936706805339735 vs. 1.5936706805339735
--------
nle(id0,id1,dist): 34 63 2.65124775792538
list:
dist: 2.65124775792538 vs. 2.65124775792538
--------
nle(id0,id1,dist): 34 64 2.994213131007438
list:
dist: 2.994213131007438 vs. 2.994213131007438
--------
nle(id0,id1,dist): 34 61 2.3198456197065718
list:
dist: 2.3198456197065718 vs. 2.3198456197065718
--------
nle(id0,id1,dist): 34 60 1.5184601203137835
list:
dist: 1.5184601203137835 vs. 1.5184601203137835
--------
nle(id0,id1,dist): 33 44 2.4046722267543443
list:
dist: 2.4046722267543443 vs. 2.4046722267543443
--------
nle(id0,id1,dist): 33 45 2.5578006756612917
list:
dist: 2.5578006756612917 vs. 2.5578006756612917
--------
nle(id0,id1,dist): 33 46 0.916891424923577
list:
dist: 0.916891424923577 vs. 0.916891424923577
--------
nle(id0,id1,dist): 33 47 1.8288871676029255
list:
dist: 1.8288871676029255 vs. 1.8288871676029255
--------
nle(id0,id1,dist): 33 49 2.0175813198076344
list:
dist: 2.0175813198076344 vs. 2.0175813198076344
--------
nle(id0,id1,dist): 33 50 1.9425649064685588
list:
dist: 1.9425649064685588 vs. 1.9425649064685588
--------
nle(id0,id1,dist): 33 51 1.385158846824074
list:
dist: 1.385158846824074 vs. 1.385158846824074
--------
nle(id0,id1,dist): 33 53 1.2612568535472657
list:
dist: 1.2612568535472657 vs. 1.2612568535472657
--------
nle(id0,id1,dist): 33 54 2.2130388657040854
list:
dist: 2.2130388657040854 vs. 2.2130388657040854
--------
nle(id0,id1,dist): 33 55 1.3368417429812298
list:
dist: 1.3368417429812298 vs. 1.3368417429812298
--------
nle(id0,id1,dist): 33 56 2.551570867193901
list:
dist: 2.551570867193901 vs. 2.551570867193901
--------
nle(id0,id1,dist): 33 57 2.482920776221049
list:
dist: 2.482920776221049 vs. 2.482920776221049
--------
nle(id0,id1,dist): 33 59 1.0712304842888118
list:
dist: 1.0712304842888118 vs. 1.0712304842888118
--------
nle(id0,id1,dist): 33 35 1.385899286191953
list:
dist: 1.385899286191953 vs. 1.385899286191953
--------
nle(id0,id1,dist): 33 39 1.0019372240712028
list:
dist: 1.0019372240712028 vs. 1.0019372240712028
--------
nle(id0,id1,dist): 33 38 1.364008909586482
list:
dist: 1.364008909586482 vs. 1.364008909586482
--------
nle(id0,id1,dist): 33 37 3.155877088482108
list:
dist: 3.155877088482108 vs. 3.155877088482108
--------
nle(id0,id1,dist): 33 36 1.337931852353948
list:
dist: 1.337931852353948 vs. 1.337931852353948
--------
nle(id0,id1,dist): 33 43 1.1271664867039017
list:
dist: 1.1271664867039017 vs. 1.1271664867039017
--------
nle(id0,id1,dist): 33 42 0.5961512275777958
list:
dist: 0.5961512275777958 vs. 0.5961512275777958
--------
nle(id0,id1,dist): 33 41 1.986461481617967
list:
dist: 1.986461481617967 vs. 1.986461481617967
--------
nle(id0,id1,dist): 33 40 1.8774491961738975
list:
dist: 1.8774491961738975 vs. 1.8774491961738975
--------
nle(id0,id1,dist): 32 51 2.558907847599527
list:
dist: 2.558907847599527 vs. 2.558907847599527
--------
nle(id0,id1,dist): 32 52 4.365576834049408
list:
dist: 4.365576834049408 vs. 4.365576834049408
--------
nle(id0,id1,dist): 32 49 3.1275888130248206
list:
dist: 3.1275888130248206 vs. 3.1275888130248206
--------
nle(id0,id1,dist): 32 50 3.0546960794828837
list:
dist: 3.0546960794828837 vs. 3.0546960794828837
--------
nle(id0,id1,dist): 32 55 2.563042679006346
list:
dist: 2.563042679006346 vs. 2.563042679006346
--------
nle(id0,id1,dist): 32 56 3.5098713152914733
list:
dist: 3.5098713152914733 vs. 3.5098713152914733
--------
nle(id0,id1,dist): 32 53 1.6755788758682764
list:
dist: 1.6755788758682764 vs. 1.6755788758682764
--------
nle(id0,id1,dist): 32 54 3.349928708253298
list:
dist: 3.349928708253298 vs. 3.349928708253298
--------
nle(id0,id1,dist): 32 59 2.3453230926675377
list:
dist: 2.3453230926675377 vs. 2.3453230926675377
--------
nle(id0,id1,dist): 32 57 3.8693832046445054
list:
dist: 3.8693832046445054 vs. 3.8693832046445054
--------
nle(id0,id1,dist): 32 38 2.098712898710931
list:
dist: 2.098712898710931 vs. 2.098712898710931
--------
nle(id0,id1,dist): 32 40 2.437587531623043
list:
dist: 2.437587531623043 vs. 2.437587531623043
--------
nle(id0,id1,dist): 32 39 2.3577538667194724
list:
dist: 2.3577538667194724 vs. 2.3577538667194724
--------
nle(id0,id1,dist): 32 33 1.409323169554283
list:
dist: 1.409323169554283 vs. 1.409323169554283
--------
nle(id0,id1,dist): 32 36 1.5665783705894827
list:
dist: 1.5665783705894827 vs. 1.5665783705894827
--------
nle(id0,id1,dist): 32 35 1.4005479954000306
list:
dist: 1.4005479954000306 vs. 1.4005479954000306
--------
nle(id0,id1,dist): 32 46 1.0331260607645716
list:
dist: 1.0331260607645716 vs. 1.0331260607645716
--------
nle(id0,id1,dist): 32 47 2.633651150371945
list:
dist: 2.633651150371945 vs. 2.633651150371945
--------
nle(id0,id1,dist): 32 42 1.5237176306885287
list:
dist: 1.5237176306885287 vs. 1.5237176306885287
--------
nle(id0,id1,dist): 32 41 1.0295175521918027
list:
dist: 1.0295175521918027 vs. 1.0295175521918027
--------
nle(id0,id1,dist): 32 44 2.971454268739041
list:
dist: 2.971454268739041 vs. 2.971454268739041
--------
nle(id0,id1,dist): 32 43 2.210840459323295
list:
dist: 2.210840459323295 vs. 2.210840459323295
--------
nle(id0,id1,dist): 31 59 2.256031008173894
list:
dist: 2.256031008173894 vs. 2.256031008173894
--------
nle(id0,id1,dist): 31 54 2.763457980284274
list:
dist: 2.763457980284274 vs. 2.763457980284274
--------
nle(id0,id1,dist): 31 55 2.063986447600971
list:
dist: 2.063986447600971 vs. 2.063986447600971
--------
nle(id0,id1,dist): 31 56 3.2155977870679693
list:
dist: 3.2155977870679693 vs. 3.2155977870679693
--------
nle(id0,id1,dist): 31 57 3.5211614804028932
list:
dist: 3.5211614804028932 vs. 3.5211614804028932
--------
nle(id0,id1,dist): 31 45 3.2081634311008127
list:
dist: 3.2081634311008127 vs. 3.2081634311008127
--------
nle(id0,id1,dist): 31 44 3.1927271277976956
list:
dist: 3.1927271277976956 vs. 3.1927271277976956
--------
nle(id0,id1,dist): 31 43 2.3190339558046427
list:
dist: 2.3190339558046427 vs. 2.3190339558046427
--------
nle(id0,id1,dist): 31 42 1.8159488106235624
list:
dist: 1.8159488106235624 vs. 1.8159488106235624
--------
nle(id0,id1,dist): 31 41 1.1344857311771004
list:
dist: 1.1344857311771004 vs. 1.1344857311771004
--------
nle(id0,id1,dist): 31 40 2.790036255346392
list:
dist: 2.790036255346392 vs. 2.790036255346392
--------
nle(id0,id1,dist): 31 39 2.175217278305704
list:
dist: 2.175217278305704 vs. 2.175217278305704
--------
nle(id0,id1,dist): 31 38 1.561580980994839
list:
dist: 1.561580980994839 vs. 1.561580980994839
--------
nle(id0,id1,dist): 31 53 1.6639292719967451
list:
dist: 1.6639292719967451 vs. 1.6639292719967451
--------
nle(id0,id1,dist): 31 51 1.91671069176045
list:
dist: 1.91671069176045 vs. 1.91671069176045
--------
nle(id0,id1,dist): 31 50 2.544206389421543
list:
dist: 2.544206389421543 vs. 2.544206389421543
--------
nle(id0,id1,dist): 31 49 2.4615867929117266
list:
dist: 2.4615867929117266 vs. 2.4615867929117266
--------
nle(id0,id1,dist): 31 47 2.232281868720016
list:
dist: 2.232281868720016 vs. 2.232281868720016
--------
nle(id0,id1,dist): 31 46 1.6048618284664942
list:
dist: 1.6048618284664942 vs. 1.6048618284664942
--------
nle(id0,id1,dist): 31 36 1.1996897167187475
list:
dist: 1.1996897167187475 vs. 1.1996897167187475
--------
nle(id0,id1,dist): 31 35 2.162339939366177
list:
dist: 2.162339939366177 vs. 2.162339939366177
--------
nle(id0,id1,dist): 31 32 1.171603204542518
list:
dist: 1.171603204542518 vs. 1.171603204542518
--------
nle(id0,id1,dist): 31 33 1.4633796543608382
list:
dist: 1.4633796543608382 vs. 1.4633796543608382
--------
nle(id0,id1,dist): 43 59 0.4645764405038405
list:
dist: 0.4645764405038405 vs. 0.4645764405038405
--------
nle(id0,id1,dist): 43 58 2.632492123847099
list:
dist: 2.632492123847099 vs. 2.632492123847099
--------
nle(id0,id1,dist): 44 47 1.6168843503609749
list:
dist: 1.6168843503609749 vs. 1.6168843503609749
--------
nle(id0,id1,dist): 44 48 1.9979522983408187
list:
dist: 1.9979522983408187 vs. 1.9979522983408187
--------
nle(id0,id1,dist): 44 46 2.0087921565105966
list:
dist: 2.0087921565105966 vs. 2.0087921565105966
--------
nle(id0,id1,dist): 44 51 2.87856116437594
list:
dist: 2.87856116437594 vs. 2.87856116437594
--------
nle(id0,id1,dist): 44 52 1.443369854713795
list:
dist: 1.443369854713795 vs. 1.443369854713795
--------
nle(id0,id1,dist): 44 49 3.8139343852884786
list:
dist: 3.8139343852884786 vs. 3.8139343852884786
--------
nle(id0,id1,dist): 44 50 2.1191456838099443
list:
dist: 2.1191456838099443 vs. 2.1191456838099443
--------
nle(id0,id1,dist): 43 50 1.4687236433472077
list:
dist: 1.4687236433472077 vs. 1.4687236433472077
--------
nle(id0,id1,dist): 43 51 1.6817717032699036
list:
dist: 1.6817717032699036 vs. 1.6817717032699036
--------
nle(id0,id1,dist): 43 52 2.4444896536261935
list:
dist: 2.4444896536261935 vs. 2.4444896536261935
--------
nle(id0,id1,dist): 43 53 1.0814562841415207
list:
dist: 1.0814562841415207 vs. 1.0814562841415207
--------
nle(id0,id1,dist): 43 54 1.7908745609530892
list:
dist: 1.7908745609530892 vs. 1.7908745609530892
--------
nle(id0,id1,dist): 43 55 1.8380508699880398
list:
dist: 1.8380508699880398 vs. 1.8380508699880398
--------
nle(id0,id1,dist): 43 56 1.6710298898754012
list:
dist: 1.6710298898754012 vs. 1.6710298898754012
--------
nle(id0,id1,dist): 43 57 2.0052322670540033
list:
dist: 2.0052322670540033 vs. 2.0052322670540033
--------
nle(id0,id1,dist): 43 44 1.4313114367790551
list:
dist: 1.4313114367790551 vs. 1.4313114367790551
--------
nle(id0,id1,dist): 43 46 1.2474326725377933
list:
dist: 1.2474326725377933 vs. 1.2474326725377933
--------
nle(id0,id1,dist): 43 47 1.3166161380880443
list:
dist: 1.3166161380880443 vs. 1.3166161380880443
--------
nle(id0,id1,dist): 43 48 1.7492754343293084
list:
dist: 1.7492754343293084 vs. 1.7492754343293084
--------
nle(id0,id1,dist): 43 49 2.511716626834504
list:
dist: 2.511716626834504 vs. 2.511716626834504
--------
nle(id0,id1,dist): 42 46 1.1941505334343578
list:
dist: 1.1941505334343578 vs. 1.1941505334343578
--------
nle(id0,id1,dist): 42 45 2.4641935980508873
list:
dist: 2.4641935980508873 vs. 2.4641935980508873
--------
nle(id0,id1,dist): 42 44 2.778915107269787
list:
dist: 2.778915107269787 vs. 2.778915107269787
--------
nle(id0,id1,dist): 42 43 1.473774420636118
list:
dist: 1.473774420636118 vs. 1.473774420636118
--------
nle(id0,id1,dist): 42 59 1.4401139174586397
list:
dist: 1.4401139174586397 vs. 1.4401139174586397
--------
nle(id0,id1,dist): 42 57 2.6854810013181427
list:
dist: 2.6854810013181427 vs. 2.6854810013181427
--------
nle(id0,id1,dist): 42 55 1.495491564626007
list:
dist: 1.495491564626007 vs. 1.495491564626007
--------
nle(id0,id1,dist): 42 56 3.029836717045102
list:
dist: 3.029836717045102 vs. 3.029836717045102
--------
nle(id0,id1,dist): 42 53 1.793990797980272
list:
dist: 1.793990797980272 vs. 1.793990797980272
--------
nle(id0,id1,dist): 42 54 2.676278242907686
list:
dist: 2.676278242907686 vs. 2.676278242907686
--------
nle(id0,id1,dist): 42 51 1.754683706958053
list:
dist: 1.754683706958053 vs. 1.754683706958053
--------
nle(id0,id1,dist): 42 49 2.1406071916308025
list:
dist: 2.1406071916308025 vs. 2.1406071916308025
--------
nle(id0,id1,dist): 42 50 2.4292209741486603
list:
dist: 2.4292209741486603 vs. 2.4292209741486603
--------
nle(id0,id1,dist): 42 47 2.3921506627007103
list:
dist: 2.3921506627007103 vs. 2.3921506627007103
--------
nle(id0,id1,dist): 41 49 3.4937899611286767
list:
dist: 3.4937899611286767 vs. 3.4937899611286767
--------
nle(id0,id1,dist): 41 51 2.7803777381969543
list:
dist: 2.7803777381969543 vs. 2.7803777381969543
--------
nle(id0,id1,dist): 41 50 3.0379266855335088
list:
dist: 3.0379266855335088 vs. 3.0379266855335088
--------
nle(id0,id1,dist): 41 44 2.939257043155265
list:
dist: 2.939257043155265 vs. 2.939257043155265
--------
nle(id0,id1,dist): 41 47 2.4491123950283877
list:
dist: 2.4491123950283877 vs. 2.4491123950283877
--------
nle(id0,id1,dist): 41 46 1.5171867580923168
list:
dist: 1.5171867580923168 vs. 1.5171867580923168
--------
nle(id0,id1,dist): 41 43 2.5340583861920285
list:
dist: 2.5340583861920285 vs. 2.5340583861920285
--------
nle(id0,id1,dist): 41 42 2.3328936424373623
list:
dist: 2.3328936424373623 vs. 2.3328936424373623
--------
nle(id0,id1,dist): 41 56 3.3884009328652955
list:
dist: 3.3884009328652955 vs. 3.3884009328652955
--------
nle(id0,id1,dist): 41 57 4.172067705083723
list:
dist: 4.172067705083723 vs. 4.172067705083723
--------
nle(id0,id1,dist): 41 59 2.6697042065604726
list:
dist: 2.6697042065604726 vs. 2.6697042065604726
--------
nle(id0,id1,dist): 41 52 4.344943301409058
list:
dist: 4.344943301409058 vs. 4.344943301409058
--------
nle(id0,id1,dist): 41 53 1.600661532105343
list:
dist: 1.600661532105343 vs. 1.600661532105343
--------
nle(id0,id1,dist): 41 54 3.324823491127431
list:
dist: 3.324823491127431 vs. 3.324823491127431
--------
nle(id0,id1,dist): 41 55 2.9901635224296186
list:
dist: 2.9901635224296186 vs. 2.9901635224296186
--------
nle(id0,id1,dist): 40 43 1.001992554854204
list:
dist: 1.001992554854204 vs. 1.001992554854204
--------
nle(id0,id1,dist): 40 44 0.6478346476020277
list:
dist: 0.6478346476020277 vs. 0.6478346476020277
--------
nle(id0,id1,dist): 40 41 2.5780029758254823
list:
dist: 2.5780029758254823 vs. 2.5780029758254823
--------
nle(id0,id1,dist): 40 42 2.193699807023102
list:
dist: 2.193699807023102 vs. 2.193699807023102
--------
nle(id0,id1,dist): 40 47 1.6346322094537213
list:
dist: 1.6346322094537213 vs. 1.6346322094537213
--------
nle(id0,id1,dist): 40 48 2.112334125091321
list:
dist: 2.112334125091321 vs. 2.112334125091321
--------
nle(id0,id1,dist): 40 46 1.4364354019403267
list:
dist: 1.4364354019403267 vs. 1.4364354019403267
--------
nle(id0,id1,dist): 40 51 2.598555424980337
list:
dist: 2.598555424980337 vs. 2.598555424980337
--------
nle(id0,id1,dist): 40 52 1.9679939425878714
list:
dist: 1.9679939425878714 vs. 1.9679939425878714
--------
nle(id0,id1,dist): 40 49 3.490368990707081
list:
dist: 3.490368990707081 vs. 3.490368990707081
--------
nle(id0,id1,dist): 40 50 2.10512197347475
list:
dist: 2.10512197347475 vs. 2.10512197347475
--------
nle(id0,id1,dist): 40 55 2.8185774921287976
list:
dist: 2.8185774921287976 vs. 2.8185774921287976
--------
nle(id0,id1,dist): 40 56 1.8094306757090282
list:
dist: 1.8094306757090282 vs. 1.8094306757090282
--------
nle(id0,id1,dist): 40 53 1.2076027296154963
list:
dist: 1.2076027296154963 vs. 1.2076027296154963
--------
nle(id0,id1,dist): 40 54 2.444921169227798
list:
dist: 2.444921169227798 vs. 2.444921169227798
--------
nle(id0,id1,dist): 40 59 1.4420355318173372
list:
dist: 1.4420355318173372 vs. 1.4420355318173372
--------
nle(id0,id1,dist): 40 58 3.373566035670973
list:
dist: 3.373566035670973 vs. 3.373566035670973
--------
nle(id0,id1,dist): 40 57 2.8034056654943127
list:
dist: 2.8034056654943127 vs. 2.8034056654943127
--------
nle(id0,id1,dist): 39 46 1.8716579650145213
list:
dist: 1.8716579650145213 vs. 1.8716579650145213
--------
nle(id0,id1,dist): 39 47 2.1106624627547443
list:
dist: 2.1106624627547443 vs. 2.1106624627547443
--------
nle(id0,id1,dist): 39 48 2.374190402704834
list:
dist: 2.374190402704834 vs. 2.374190402704834
--------
nle(id0,id1,dist): 39 49 1.318335223923331
list:
dist: 1.318335223923331 vs. 1.318335223923331
--------
nle(id0,id1,dist): 39 50 1.8079407952114934
list:
dist: 1.8079407952114934 vs. 1.8079407952114934
--------
nle(id0,id1,dist): 39 51 1.027705373768781
list:
dist: 1.027705373768781 vs. 1.027705373768781
--------
nle(id0,id1,dist): 39 53 2.0111451675919865
list:
dist: 2.0111451675919865 vs. 2.0111451675919865
--------
nle(id0,id1,dist): 39 54 1.955789232553472
list:
dist: 1.955789232553472 vs. 1.955789232553472
--------
nle(id0,id1,dist): 39 55 0.6612285840301474
list:
dist: 0.6612285840301474 vs. 0.6612285840301474
--------
nle(id0,id1,dist): 39 56 2.585084090585564
list:
dist: 2.585084090585564 vs. 2.585084090585564
--------
nle(id0,id1,dist): 39 57 1.7574425651175767
list:
dist: 1.7574425651175767 vs. 1.7574425651175767
--------
nle(id0,id1,dist): 39 58 2.380393714180092
list:
dist: 2.380393714180092 vs. 2.380393714180092
--------
nle(id0,id1,dist): 39 59 1.0822613368724279
list:
dist: 1.0822613368724279 vs. 1.0822613368724279
--------
nle(id0,id1,dist): 38 57 2.7378062585605853
list:
dist: 2.7378062585605853 vs. 2.7378062585605853
--------
nle(id0,id1,dist): 38 55 0.9520840218093777
list:
dist: 0.9520840218093777 vs. 0.9520840218093777
--------
nle(id0,id1,dist): 38 56 3.3637705784409637
list:
dist: 3.3637705784409637 vs. 3.3637705784409637
--------
nle(id0,id1,dist): 38 53 2.3791552042008273
list:
dist: 2.3791552042008273 vs. 2.3791552042008273
--------
nle(id0,id1,dist): 38 54 2.5439953176393204
list:
dist: 2.5439953176393204 vs. 2.5439953176393204
--------
nle(id0,id1,dist): 38 51 1.283486486171815
list:
dist: 1.283486486171815 vs. 1.283486486171815
--------
nle(id0,id1,dist): 38 59 2.0351109319430263
list:
dist: 2.0351109319430263 vs. 2.0351109319430263
--------
nle(id0,id1,dist): 39 45 1.6802255065551124
list:
dist: 1.6802255065551124 vs. 1.6802255065551124
--------
nle(id0,id1,dist): 39 44 2.840820941502955
list:
dist: 2.840820941502955 vs. 2.840820941502955
--------
nle(id0,id1,dist): 39 43 1.4178126301715177
list:
dist: 1.4178126301715177 vs. 1.4178126301715177
--------
nle(id0,id1,dist): 39 42 1.0304978393838788
list:
dist: 1.0304978393838788 vs. 1.0304978393838788
--------
nle(id0,id1,dist): 39 41 2.9285966041664544
list:
dist: 2.9285966041664544 vs. 2.9285966041664544
--------
nle(id0,id1,dist): 39 40 2.4002086427464704
list:
dist: 2.4002086427464704 vs. 2.4002086427464704
--------
nle(id0,id1,dist): 38 40 3.1940751402689047
list:
dist: 3.1940751402689047 vs. 3.1940751402689047
--------
nle(id0,id1,dist): 38 39 1.2337733773854407
list:
dist: 1.2337733773854407 vs. 1.2337733773854407
--------
nle(id0,id1,dist): 38 42 1.3967683818033874
list:
dist: 1.3967683818033874 vs. 1.3967683818033874
--------
nle(id0,id1,dist): 38 41 2.606821647271535
list:
dist: 2.606821647271535 vs. 2.606821647271535
--------
nle(id0,id1,dist): 38 47 2.6124128303152228
list:
dist: 2.6124128303152228 vs. 2.6124128303152228
--------
nle(id0,id1,dist): 38 50 2.4366699658403266
list:
dist: 2.4366699658403266 vs. 2.4366699658403266
--------
nle(id0,id1,dist): 38 49 1.1890993655287476
list:
dist: 1.1890993655287476 vs. 1.1890993655287476
--------
nle(id0,id1,dist): 38 44 3.6518063271694454
list:
dist: 3.6518063271694454 vs. 3.6518063271694454
--------
nle(id0,id1,dist): 38 43 2.3198632382258797
list:
dist: 2.3198632382258797 vs. 2.3198632382258797
--------
nle(id0,id1,dist): 38 46 2.1781532857425367
list:
dist: 2.1781532857425367 vs. 2.1781532857425367
--------
nle(id0,id1,dist): 38 45 1.6996892834132047
list:
dist: 1.6996892834132047 vs. 1.6996892834132047
--------
nle(id0,id1,dist): 23 28 1.5670100748176554
list:
dist: 1.5670100748176554 vs. 1.5670100748176554
--------
nle(id0,id1,dist): 23 29 1.8999372295123076
list:
dist: 1.8999372295123076 vs. 1.8999372295123076
--------
nle(id0,id1,dist): 23 26 1.228749038767992
list:
dist: 1.228749038767992 vs. 1.228749038767992
--------
nle(id0,id1,dist): 23 27 2.201169632025887
list:
dist: 2.201169632025887 vs. 2.201169632025887
--------
nle(id0,id1,dist): 23 24 1.9844689751214422
list:
dist: 1.9844689751214422 vs. 1.9844689751214422
--------
nle(id0,id1,dist): 23 25 3.2709307689576232
list:
dist: 3.2709307689576232 vs. 3.2709307689576232
--------
nle(id0,id1,dist): 21 26 1.7178140795535
list:
dist: 1.7178140795535 vs. 1.7178140795535
--------
nle(id0,id1,dist): 21 27 1.9952757994477348
list:
dist: 1.9952757994477348 vs. 1.9952757994477348
--------
nle(id0,id1,dist): 21 24 1.7070870763942094
list:
dist: 1.7070870763942094 vs. 1.7070870763942094
--------
nle(id0,id1,dist): 21 28 3.326333946949588
list:
dist: 3.326333946949588 vs. 3.326333946949588
--------
nle(id0,id1,dist): 21 29 3.3768509762028085
list:
dist: 3.3768509762028085 vs. 3.3768509762028085
--------
nle(id0,id1,dist): 21 23 1.8225750711791306
list:
dist: 1.8225750711791306 vs. 1.8225750711791306
--------
nle(id0,id1,dist): 21 22 1.2311479479634373
list:
dist: 1.2311479479634373 vs. 1.2311479479634373
--------
nle(id0,id1,dist): 22 27 1.5875045049860992
list:
dist: 1.5875045049860992 vs. 1.5875045049860992
--------
nle(id0,id1,dist): 22 28 2.329631230748822
list:
dist: 2.329631230748822 vs. 2.329631230748822
--------
nle(id0,id1,dist): 22 29 2.1487639966149863
list:
dist: 2.1487639966149863 vs. 2.1487639966149863
--------
nle(id0,id1,dist): 22 23 0.8748650859021737
list:
dist: 0.8748650859021737 vs. 0.8748650859021737
--------
nle(id0,id1,dist): 22 24 1.2785463300292246
list:
dist: 1.2785463300292246 vs. 1.2785463300292246
--------
nle(id0,id1,dist): 22 26 0.9051290952583183
list:
dist: 0.9051290952583183 vs. 0.9051290952583183
--------
nle(id0,id1,dist): 19 24 2.566678909442651
list:
dist: 2.566678909442651 vs. 2.566678909442651
--------
nle(id0,id1,dist): 19 22 1.3948387138771505
list:
dist: 1.3948387138771505 vs. 1.3948387138771505
--------
nle(id0,id1,dist): 19 23 1.477358787729652
list:
dist: 1.477358787729652 vs. 1.477358787729652
--------
nle(id0,id1,dist): 19 21 1.4547952866900555
list:
dist: 1.4547952866900555 vs. 1.4547952866900555
--------
nle(id0,id1,dist): 19 28 2.4438519307725155
list:
dist: 2.4438519307725155 vs. 2.4438519307725155
--------
nle(id0,id1,dist): 19 29 2.91785899410356
list:
dist: 2.91785899410356 vs. 2.91785899410356
--------
nle(id0,id1,dist): 19 26 1.110987583350511
list:
dist: 1.110987583350511 vs. 1.110987583350511
--------
nle(id0,id1,dist): 19 27 1.7371649277729682
list:
dist: 1.7371649277729682 vs. 1.7371649277729682
--------
nle(id0,id1,dist): 18 22 3.9529675440797387
list:
dist: 3.9529675440797387 vs. 3.9529675440797387
--------
nle(id0,id1,dist): 18 21 3.4315496220336605
list:
dist: 3.4315496220336605 vs. 3.4315496220336605
--------
nle(id0,id1,dist): 18 19 3.2029384132841447
list:
dist: 3.2029384132841447 vs. 3.2029384132841447
--------
nle(id0,id1,dist): 18 26 3.4765478732576542
list:
dist: 3.4765478732576542 vs. 3.4765478732576542
--------
nle(id0,id1,dist): 18 27 2.818620218296223
list:
dist: 2.818620218296223 vs. 2.818620218296223
--------
nle(id0,id1,dist): 30 42 2.73007736529186
list:
dist: 2.73007736529186 vs. 2.73007736529186
--------
nle(id0,id1,dist): 30 41 0.8645469627116484
list:
dist: 0.8645469627116484 vs. 0.8645469627116484
--------
nle(id0,id1,dist): 30 38 3.2414233070674783
list:
dist: 3.2414233070674783 vs. 3.2414233070674783
--------
nle(id0,id1,dist): 30 36 2.7009980008191037
list:
dist: 2.7009980008191037 vs. 2.7009980008191037
--------
nle(id0,id1,dist): 30 35 1.9822134745362023
list:
dist: 1.9822134745362023 vs. 1.9822134745362023
--------
nle(id0,id1,dist): 30 33 2.518519489960885
list:
dist: 2.518519489960885 vs. 2.518519489960885
--------
nle(id0,id1,dist): 30 32 1.2537018889180112
list:
dist: 1.2537018889180112 vs. 1.2537018889180112
--------
nle(id0,id1,dist): 30 31 1.8888024703305135
list:
dist: 1.8888024703305135 vs. 1.8888024703305135
--------
nle(id0,id1,dist): 30 53 2.1736952768926443
list:
dist: 2.1736952768926443 vs. 2.1736952768926443
--------
nle(id0,id1,dist): 30 46 1.8483297790235989
list:
dist: 1.8483297790235989 vs. 1.8483297790235989
--------
nle(id0,id1,dist): 28 29 1.6538806554415482
list:
dist: 1.6538806554415482 vs. 1.6538806554415482
--------
nle(id0,id1,dist): 26 27 1.0226830694476867
list:
dist: 1.0226830694476867 vs. 1.0226830694476867
--------
nle(id0,id1,dist): 26 28 2.1653058932303417
list:
dist: 2.1653058932303417 vs. 2.1653058932303417
--------
nle(id0,id1,dist): 26 29 2.0088704428194326
list:
dist: 2.0088704428194326 vs. 2.0088704428194326
--------
nle(id0,id1,dist): 27 29 2.5927319703446616
list:
dist: 2.5927319703446616 vs. 2.5927319703446616
--------
nle(id0,id1,dist): 27 28 3.1087705796166416
list:
dist: 3.1087705796166416 vs. 3.1087705796166416
--------
nle(id0,id1,dist): 24 26 1.949844341179744
list:
dist: 1.949844341179744 vs. 1.949844341179744
--------
nle(id0,id1,dist): 24 27 2.0792703360701115
list:
dist: 2.0792703360701115 vs. 2.0792703360701115
--------
nle(id0,id1,dist): 24 28 3.352371129395257
list:
dist: 3.352371129395257 vs. 3.352371129395257
--------
nle(id0,id1,dist): 24 29 2.6338645131910994
list:
dist: 2.6338645131910994 vs. 2.6338645131910994
--------
nle(id0,id1,dist): 25 28 2.1661265909304213
list:
dist: 2.1661265909304213 vs. 2.1661265909304213
--------
nle(id0,id1,dist): 62 80 1.6128926557852983
list:
dist: 1.6128926557852983 vs. 1.6128926557852983
--------
nle(id0,id1,dist): 62 82 2.55297017992752
list:
dist: 2.55297017992752 vs. 2.55297017992752
--------
nle(id0,id1,dist): 62 75 1.372127857391721
list:
dist: 1.372127857391721 vs. 1.372127857391721
--------
nle(id0,id1,dist): 62 76 1.1043115698345243
list:
dist: 1.1043115698345243 vs. 1.1043115698345243
--------
nle(id0,id1,dist): 62 78 2.1010086802934946
list:
dist: 2.1010086802934946 vs. 2.1010086802934946
--------
nle(id0,id1,dist): 62 87 2.405018067946161
list:
dist: 2.405018067946161 vs. 2.405018067946161
--------
nle(id0,id1,dist): 62 83 1.89412633437604
list:
dist: 1.89412633437604 vs. 1.89412633437604
--------
nle(id0,id1,dist): 62 85 1.9541983012008546
list:
dist: 1.9541983012008546 vs. 1.9541983012008546
--------
nle(id0,id1,dist): 62 64 0.6041958186351256
list:
dist: 0.6041958186351256 vs. 0.6041958186351256
--------
nle(id0,id1,dist): 62 63 0.8191053434625118
list:
dist: 0.8191053434625118 vs. 0.8191053434625118
--------
nle(id0,id1,dist): 62 66 1.3454396910993769
list:
dist: 1.3454396910993769 vs. 1.3454396910993769
--------
nle(id0,id1,dist): 62 72 1.1183781221029443
list:
dist: 1.1183781221029443 vs. 1.1183781221029443
--------
nle(id0,id1,dist): 62 71 1.4883054138518224
list:
dist: 1.4883054138518224 vs. 1.4883054138518224
--------
nle(id0,id1,dist): 62 73 1.2777314799717139
list:
dist: 1.2777314799717139 vs. 1.2777314799717139
--------
nle(id0,id1,dist): 62 67 1.5741691742564314
list:
dist: 1.5741691742564314 vs. 1.5741691742564314
--------
nle(id0,id1,dist): 62 70 0.8944887483928663
list:
dist: 0.8944887483928663 vs. 0.8944887483928663
--------
nle(id0,id1,dist): 61 87 2.7094978096222433
list:
dist: 2.7094978096222433 vs. 2.7094978096222433
--------
nle(id0,id1,dist): 61 84 2.618530627785902
list:
dist: 2.618530627785902 vs. 2.618530627785902
--------
nle(id0,id1,dist): 61 83 2.682482201473396
list:
dist: 2.682482201473396 vs. 2.682482201473396
--------
nle(id0,id1,dist): 61 80 3.5130429616250964
list:
dist: 3.5130429616250964 vs. 3.5130429616250964
--------
nle(id0,id1,dist): 61 81 2.6754020566922923
list:
dist: 2.6754020566922923 vs. 2.6754020566922923
--------
nle(id0,id1,dist): 61 71 3.1131872949354076
list:
dist: 3.1131872949354076 vs. 3.1131872949354076
--------
nle(id0,id1,dist): 61 70 1.4926284611830674
list:
dist: 1.4926284611830674 vs. 1.4926284611830674
--------
nle(id0,id1,dist): 61 69 1.965604959897599
list:
dist: 1.965604959897599 vs. 1.965604959897599
--------
nle(id0,id1,dist): 61 68 1.1714935174943042
list:
dist: 1.1714935174943042 vs. 1.1714935174943042
--------
nle(id0,id1,dist): 61 67 0.9552643034998741
list:
dist: 0.9552643034998741 vs. 0.9552643034998741
--------
nle(id0,id1,dist): 61 66 2.0750191290550966
list:
dist: 2.0750191290550966 vs. 2.0750191290550966
--------
nle(id0,id1,dist): 61 65 1.6440193759034456
list:
dist: 1.6440193759034456 vs. 1.6440193759034456
--------
nle(id0,id1,dist): 61 64 2.1703458320742524
list:
dist: 2.1703458320742524 vs. 2.1703458320742524
--------
nle(id0,id1,dist): 61 79 2.1874743666011143
list:
dist: 2.1874743666011143 vs. 2.1874743666011143
--------
nle(id0,id1,dist): 61 78 2.5353710531926974
list:
dist: 2.5353710531926974 vs. 2.5353710531926974
--------
nle(id0,id1,dist): 61 77 2.84289476677483
list:
dist: 2.84289476677483 vs. 2.84289476677483
--------
nle(id0,id1,dist): 61 76 1.9312953328148803
list:
dist: 1.9312953328148803 vs. 1.9312953328148803
--------
nle(id0,id1,dist): 61 75 1.8923019191474293
list:
dist: 1.8923019191474293 vs. 1.8923019191474293
--------
nle(id0,id1,dist): 61 74 2.818868892369901
list:
dist: 2.818868892369901 vs. 2.818868892369901
--------
nle(id0,id1,dist): 61 73 1.5031447083431935
list:
dist: 1.5031447083431935 vs. 1.5031447083431935
--------
nle(id0,id1,dist): 61 72 3.097194594195756
list:
dist: 3.097194594195756 vs. 3.097194594195756
--------
nle(id0,id1,dist): 64 66 1.8947292531131712
list:
dist: 1.8947292531131712 vs. 1.8947292531131712
--------
nle(id0,id1,dist): 64 67 1.700127072132434
list:
dist: 1.700127072132434 vs. 1.700127072132434
--------
nle(id0,id1,dist): 64 70 1.069137915763435
list:
dist: 1.069137915763435 vs. 1.069137915763435
--------
nle(id0,id1,dist): 64 71 1.3219821559520821
list:
dist: 1.3219821559520821 vs. 1.3219821559520821
--------
nle(id0,id1,dist): 64 72 1.1686584267181062
list:
dist: 1.1686584267181062 vs. 1.1686584267181062
--------
nle(id0,id1,dist): 64 73 1.7823105829608576
list:
dist: 1.7823105829608576 vs. 1.7823105829608576
--------
nle(id0,id1,dist): 64 75 1.9544721790455617
list:
dist: 1.9544721790455617 vs. 1.9544721790455617
--------
nle(id0,id1,dist): 64 76 1.0797849863271172
list:
dist: 1.0797849863271172 vs. 1.0797849863271172
--------
nle(id0,id1,dist): 64 78 2.7009293475203404
list:
dist: 2.7009293475203404 vs. 2.7009293475203404
--------
nle(id0,id1,dist): 64 80 1.8854957731022923
list:
dist: 1.8854957731022923 vs. 1.8854957731022923
--------
nle(id0,id1,dist): 63 87 2.730441998694569
list:
dist: 2.730441998694569 vs. 2.730441998694569
--------
nle(id0,id1,dist): 63 72 1.8370763498398661
list:
dist: 1.8370763498398661 vs. 1.8370763498398661
--------
nle(id0,id1,dist): 63 73 1.444950050395731
list:
dist: 1.444950050395731 vs. 1.444950050395731
--------
nle(id0,id1,dist): 63 70 0.833292424126947
list:
dist: 0.833292424126947 vs. 0.833292424126947
--------
nle(id0,id1,dist): 63 71 1.9513344840571516
list:
dist: 1.9513344840571516 vs. 1.9513344840571516
--------
nle(id0,id1,dist): 63 76 1.142407195888143
list:
dist: 1.142407195888143 vs. 1.142407195888143
--------
nle(id0,id1,dist): 63 77 3.7620682732402067
list:
dist: 3.7620682732402067 vs. 3.7620682732402067
--------
nle(id0,id1,dist): 63 74 3.038550790717013
list:
dist: 3.038550790717013 vs. 3.038550790717013
--------
nle(id0,id1,dist): 63 75 1.7166050976839367
list:
dist: 1.7166050976839367 vs. 1.7166050976839367
--------
nle(id0,id1,dist): 63 80 2.4250952543094493
list:
dist: 2.4250952543094493 vs. 2.4250952543094493
--------
nle(id0,id1,dist): 63 81 3.6812054119789814
list:
dist: 3.6812054119789814 vs. 3.6812054119789814
--------
nle(id0,id1,dist): 63 78 2.5136903435464673
list:
dist: 2.5136903435464673 vs. 2.5136903435464673
--------
nle(id0,id1,dist): 63 79 2.9435020399499727
list:
dist: 2.9435020399499727 vs. 2.9435020399499727
--------
nle(id0,id1,dist): 63 84 2.8699946904211413
list:
dist: 2.8699946904211413 vs. 2.8699946904211413
--------
nle(id0,id1,dist): 63 83 2.432288096337896
list:
dist: 2.432288096337896 vs. 2.432288096337896
--------
nle(id0,id1,dist): 63 65 2.743064189397715
list:
dist: 2.743064189397715 vs. 2.743064189397715
--------
nle(id0,id1,dist): 63 64 0.7701028974778923
list:
dist: 0.7701028974778923 vs. 0.7701028974778923
--------
nle(id0,id1,dist): 63 69 2.60988347110147
list:
dist: 2.60988347110147 vs. 2.60988347110147
--------
nle(id0,id1,dist): 63 68 2.3608886530725126
list:
dist: 2.3608886530725126 vs. 2.3608886530725126
--------
nle(id0,id1,dist): 63 67 0.9780433882321864
list:
dist: 0.9780433882321864 vs. 0.9780433882321864
--------
nle(id0,id1,dist): 63 66 1.6797800334064086
list:
dist: 1.6797800334064086 vs. 1.6797800334064086
--------
nle(id0,id1,dist): 58 59 2.241218335875711
list:
dist: 2.241218335875711 vs. 2.241218335875711
--------
nle(id0,id1,dist): 61 63 1.4266400780829018
list:
dist: 1.4266400780829018 vs. 1.4266400780829018
--------
nle(id0,id1,dist): 61 62 2.0080536855564115
list:
dist: 2.0080536855564115 vs. 2.0080536855564115
--------
nle(id0,id1,dist): 60 87 3.2478267332916517
list:
dist: 3.2478267332916517 vs. 3.2478267332916517
--------
nle(id0,id1,dist): 60 77 3.0518877262934443
list:
dist: 3.0518877262934443 vs. 3.0518877262934443
--------
nle(id0,id1,dist): 60 78 2.7761167132861657
list:
dist: 2.7761167132861657 vs. 2.7761167132861657
--------
nle(id0,id1,dist): 60 79 2.662979110312755
list:
dist: 2.662979110312755 vs. 2.662979110312755
--------
nle(id0,id1,dist): 60 80 3.6001107202281184
list:
dist: 3.6001107202281184 vs. 3.6001107202281184
--------
nle(id0,id1,dist): 60 81 2.304404567826881
list:
dist: 2.304404567826881 vs. 2.304404567826881
--------
nle(id0,id1,dist): 60 83 2.8324698968991386
list:
dist: 2.8324698968991386 vs. 2.8324698968991386
--------
nle(id0,id1,dist): 60 84 2.6344591285152146
list:
dist: 2.6344591285152146 vs. 2.6344591285152146
--------
nle(id0,id1,dist): 60 69 2.3742916734094544
list:
dist: 2.3742916734094544 vs. 2.3742916734094544
--------
nle(id0,id1,dist): 60 70 1.4559921282362307
list:
dist: 1.4559921282362307 vs. 1.4559921282362307
--------
nle(id0,id1,dist): 60 71 2.91358090654173
list:
dist: 2.91358090654173 vs. 2.91358090654173
--------
nle(id0,id1,dist): 60 72 3.1901666733974463
list:
dist: 3.1901666733974463 vs. 3.1901666733974463
--------
nle(id0,id1,dist): 60 73 1.6768481704787832
list:
dist: 1.6768481704787832 vs. 1.6768481704787832
--------
nle(id0,id1,dist): 60 74 2.5320982457717163
list:
dist: 2.5320982457717163 vs. 2.5320982457717163
--------
nle(id0,id1,dist): 60 75 2.1864950349896564
list:
dist: 2.1864950349896564 vs. 2.1864950349896564
--------
nle(id0,id1,dist): 60 76 1.6708230037959804
list:
dist: 1.6708230037959804 vs. 1.6708230037959804
--------
nle(id0,id1,dist): 60 64 2.4240520737520677
list:
dist: 2.4240520737520677 vs. 2.4240520737520677
--------
nle(id0,id1,dist): 60 63 1.8832306226488877
list:
dist: 1.8832306226488877 vs. 1.8832306226488877
--------
nle(id0,id1,dist): 60 62 2.3028942446308345
list:
dist: 2.3028942446308345 vs. 2.3028942446308345
--------
nle(id0,id1,dist): 60 61 1.1181477812512504
list:
dist: 1.1181477812512504 vs. 1.1181477812512504
--------
nle(id0,id1,dist): 60 68 1.1979148119766765
list:
dist: 1.1979148119766765 vs. 1.1979148119766765
--------
nle(id0,id1,dist): 60 67 1.934941747187017
list:
dist: 1.934941747187017 vs. 1.934941747187017
--------
nle(id0,id1,dist): 60 66 2.675151050061313
list:
dist: 2.675151050061313 vs. 2.675151050061313
--------
nle(id0,id1,dist): 60 65 1.385625759021273
list:
dist: 1.385625759021273 vs. 1.385625759021273
--------
nle(id0,id1,dist): 69 70 2.3965768177405886
list:
dist: 2.3965768177405886 vs. 2.3965768177405886
--------
nle(id0,id1,dist): 69 78 1.2220499062688601
list:
dist: 1.2220499062688601 vs. 1.2220499062688601
--------
nle(id0,id1,dist): 69 79 0.43278714956623276
list:
dist: 0.43278714956623276 vs. 0.43278714956623276
--------
nle(id0,id1,dist): 69 76 2.8777210884437405
list:
dist: 2.8777210884437405 vs. 2.8777210884437405
--------
nle(id0,id1,dist): 69 77 1.2309843498813775
list:
dist: 1.2309843498813775 vs. 1.2309843498813775
--------
nle(id0,id1,dist): 69 74 1.7387535033761818
list:
dist: 1.7387535033761818 vs. 1.7387535033761818
--------
nle(id0,id1,dist): 69 75 1.3357612112543973
list:
dist: 1.3357612112543973 vs. 1.3357612112543973
--------
nle(id0,id1,dist): 69 73 1.4411163891092373
list:
dist: 1.4411163891092373 vs. 1.4411163891092373
--------
nle(id0,id1,dist): 69 86 2.051254915004764
list:
dist: 2.051254915004764 vs. 2.051254915004764
--------
nle(id0,id1,dist): 69 87 1.2756537232217076
list:
dist: 1.2756537232217076 vs. 1.2756537232217076
--------
nle(id0,id1,dist): 69 84 1.159218830470435
list:
dist: 1.159218830470435 vs. 1.159218830470435
--------
nle(id0,id1,dist): 69 85 2.4822118956725276
list:
dist: 2.4822118956725276 vs. 2.4822118956725276
--------
nle(id0,id1,dist): 69 82 2.620558729619257
list:
dist: 2.620558729619257 vs. 2.620558729619257
--------
nle(id0,id1,dist): 69 83 1.6502574225981808
list:
dist: 1.6502574225981808 vs. 1.6502574225981808
--------
nle(id0,id1,dist): 69 81 1.9497445748070434
list:
dist: 1.9497445748070434 vs. 1.9497445748070434
--------
nle(id0,id1,dist): 68 74 2.1741060745544556
list:
dist: 2.1741060745544556 vs. 2.1741060745544556
--------
nle(id0,id1,dist): 68 73 1.6071516435332382
list:
dist: 1.6071516435332382 vs. 1.6071516435332382
--------
nle(id0,id1,dist): 68 76 2.4655648588044583
list:
dist: 2.4655648588044583 vs. 2.4655648588044583
--------
nle(id0,id1,dist): 68 75 1.9470246088326904
list:
dist: 1.9470246088326904 vs. 1.9470246088326904
--------
nle(id0,id1,dist): 68 70 2.0566342940669617
list:
dist: 2.0566342940669617 vs. 2.0566342940669617
--------
nle(id0,id1,dist): 68 69 1.4430826743809222
list:
dist: 1.4430826743809222 vs. 1.4430826743809222
--------
nle(id0,id1,dist): 68 81 1.515916568706774
list:
dist: 1.515916568706774 vs. 1.515916568706774
--------
nle(id0,id1,dist): 68 83 2.5344815644465646
list:
dist: 2.5344815644465646 vs. 2.5344815644465646
--------
nle(id0,id1,dist): 68 84 2.049165835681207
list:
dist: 2.049165835681207 vs. 2.049165835681207
--------
nle(id0,id1,dist): 68 77 1.9165509633844904
list:
dist: 1.9165509633844904 vs. 1.9165509633844904
--------
nle(id0,id1,dist): 68 78 2.2859142675504374
list:
dist: 2.2859142675504374 vs. 2.2859142675504374
--------
nle(id0,id1,dist): 68 79 1.6143292384097445
list:
dist: 1.6143292384097445 vs. 1.6143292384097445
--------
nle(id0,id1,dist): 68 87 2.59459142539473
list:
dist: 2.59459142539473 vs. 2.59459142539473
--------
nle(id0,id1,dist): 70 84 2.3916617104273934
list:
dist: 2.3916617104273934 vs. 2.3916617104273934
--------
nle(id0,id1,dist): 70 83 2.052365232465007
list:
dist: 2.052365232465007 vs. 2.052365232465007
--------
nle(id0,id1,dist): 70 87 2.661826205272604
list:
dist: 2.661826205272604 vs. 2.661826205272604
--------
nle(id0,id1,dist): 71 72 0.9424446995010349
list:
dist: 0.9424446995010349 vs. 0.9424446995010349
--------
nle(id0,id1,dist): 71 73 2.3436824861887335
list:
dist: 2.3436824861887335 vs. 2.3436824861887335
--------
nle(id0,id1,dist): 71 76 1.2551383228610995
list:
dist: 1.2551383228610995 vs. 1.2551383228610995
--------
nle(id0,id1,dist): 71 75 2.502896910103831
list:
dist: 2.502896910103831 vs. 2.502896910103831
--------
nle(id0,id1,dist): 70 71 1.6464798992920753
list:
dist: 1.6464798992920753 vs. 1.6464798992920753
--------
nle(id0,id1,dist): 70 72 1.747840657078996
list:
dist: 1.747840657078996 vs. 1.747840657078996
--------
nle(id0,id1,dist): 70 73 1.020437643406326
list:
dist: 1.020437643406326 vs. 1.020437643406326
--------
nle(id0,id1,dist): 70 74 2.3934247960284325
list:
dist: 2.3934247960284325 vs. 2.3934247960284325
--------
nle(id0,id1,dist): 70 75 1.4242021890402796
list:
dist: 1.4242021890402796 vs. 1.4242021890402796
--------
nle(id0,id1,dist): 70 76 0.5317716143724946
list:
dist: 0.5317716143724946 vs. 0.5317716143724946
--------
nle(id0,id1,dist): 70 77 3.4718144911162434
list:
dist: 3.4718144911162434 vs. 3.4718144911162434
--------
nle(id0,id1,dist): 70 78 2.1889011515494823
list:
dist: 2.1889011515494823 vs. 2.1889011515494823
--------
nle(id0,id1,dist): 70 79 2.789362971680713
list:
dist: 2.789362971680713 vs. 2.789362971680713
--------
nle(id0,id1,dist): 70 80 2.2260695710465637
list:
dist: 2.2260695710465637 vs. 2.2260695710465637
--------
nle(id0,id1,dist): 70 81 3.1599630096688123
list:
dist: 3.1599630096688123 vs. 3.1599630096688123
--------
nle(id0,id1,dist): 65 76 2.848724114666632
list:
dist: 2.848724114666632 vs. 2.848724114666632
--------
nle(id0,id1,dist): 66 70 1.7607837969845126
list:
dist: 1.7607837969845126 vs. 1.7607837969845126
--------
nle(id0,id1,dist): 66 69 1.636186807241132
list:
dist: 1.636186807241132 vs. 1.636186807241132
--------
nle(id0,id1,dist): 66 68 2.4043145046293737
list:
dist: 2.4043145046293737 vs. 2.4043145046293737
--------
nle(id0,id1,dist): 66 67 1.628369969256596
list:
dist: 1.628369969256596 vs. 1.628369969256596
--------
nle(id0,id1,dist): 64 87 2.983887262052577
list:
dist: 2.983887262052577 vs. 2.983887262052577
--------
nle(id0,id1,dist): 64 83 2.489390271905874
list:
dist: 2.489390271905874 vs. 2.489390271905874
--------
nle(id0,id1,dist): 65 68 1.8352532739513665
list:
dist: 1.8352532739513665 vs. 1.8352532739513665
--------
nle(id0,id1,dist): 65 70 2.6460761368735892
list:
dist: 2.6460761368735892 vs. 2.6460761368735892
--------
nle(id0,id1,dist): 65 67 2.467878564986459
list:
dist: 2.467878564986459 vs. 2.467878564986459
--------
nle(id0,id1,dist): 67 76 1.9755179951652249
list:
dist: 1.9755179951652249 vs. 1.9755179951652249
--------
nle(id0,id1,dist): 67 77 3.280816090989774
list:
dist: 3.280816090989774 vs. 3.280816090989774
--------
nle(id0,id1,dist): 67 74 3.1756582224381624
list:
dist: 3.1756582224381624 vs. 3.1756582224381624
--------
nle(id0,id1,dist): 67 75 1.8094903777453473
list:
dist: 1.8094903777453473 vs. 1.8094903777453473
--------
nle(id0,id1,dist): 67 80 3.120799427899997
list:
dist: 3.120799427899997 vs. 3.120799427899997
--------
nle(id0,id1,dist): 67 81 3.4357921392324626
list:
dist: 3.4357921392324626 vs. 3.4357921392324626
--------
nle(id0,id1,dist): 67 78 2.508398347839924
list:
dist: 2.508398347839924 vs. 2.508398347839924
--------
nle(id0,id1,dist): 67 79 2.420636622436223
list:
dist: 2.420636622436223 vs. 2.420636622436223
--------
nle(id0,id1,dist): 67 68 1.984564782882569
list:
dist: 1.984564782882569 vs. 1.984564782882569
--------
nle(id0,id1,dist): 67 69 2.1981415038095586
list:
dist: 2.1981415038095586 vs. 2.1981415038095586
--------
nle(id0,id1,dist): 67 72 2.6724257597099994
list:
dist: 2.6724257597099994 vs. 2.6724257597099994
--------
nle(id0,id1,dist): 67 73 1.5973248126870008
list:
dist: 1.5973248126870008 vs. 1.5973248126870008
--------
nle(id0,id1,dist): 67 70 1.5208948179996282
list:
dist: 1.5208948179996282 vs. 1.5208948179996282
--------
nle(id0,id1,dist): 67 71 2.907039536379966
list:
dist: 2.907039536379966 vs. 2.907039536379966
--------
nle(id0,id1,dist): 67 84 2.844189030509507
list:
dist: 2.844189030509507 vs. 2.844189030509507
--------
nle(id0,id1,dist): 67 83 2.606894230173526
list:
dist: 2.606894230173526 vs. 2.606894230173526
--------
nle(id0,id1,dist): 67 87 2.485139013568812
list:
dist: 2.485139013568812 vs. 2.485139013568812
--------
nle(id0,id1,dist): 66 79 1.9400777967222191
list:
dist: 1.9400777967222191 vs. 1.9400777967222191
--------
nle(id0,id1,dist): 66 80 2.0994812811838064
list:
dist: 2.0994812811838064 vs. 2.0994812811838064
--------
nle(id0,id1,dist): 66 81 3.349951480173523
list:
dist: 3.349951480173523 vs. 3.349951480173523
--------
nle(id0,id1,dist): 66 82 2.04467178322804
list:
dist: 2.04467178322804 vs. 2.04467178322804
--------
nle(id0,id1,dist): 66 83 1.2418429769384232
list:
dist: 1.2418429769384232 vs. 1.2418429769384232
--------
nle(id0,id1,dist): 66 84 1.8311875984856485
list:
dist: 1.8311875984856485 vs. 1.8311875984856485
--------
nle(id0,id1,dist): 66 85 1.477148295687395
list:
dist: 1.477148295687395 vs. 1.477148295687395
--------
nle(id0,id1,dist): 66 86 2.721378516822284
list:
dist: 2.721378516822284 vs. 2.721378516822284
--------
nle(id0,id1,dist): 66 71 2.7064904847727167
list:
dist: 2.7064904847727167 vs. 2.7064904847727167
--------
nle(id0,id1,dist): 66 72 2.102362174859973
list:
dist: 2.102362174859973 vs. 2.102362174859973
--------
nle(id0,id1,dist): 66 73 1.1399676993878374
list:
dist: 1.1399676993878374 vs. 1.1399676993878374
--------
nle(id0,id1,dist): 66 74 2.3265984391693353
list:
dist: 2.3265984391693353 vs. 2.3265984391693353
--------
nle(id0,id1,dist): 66 75 0.7810547660114538
list:
dist: 0.7810547660114538 vs. 0.7810547660114538
--------
nle(id0,id1,dist): 66 76 2.1976423578172835
list:
dist: 2.1976423578172835 vs. 2.1976423578172835
--------
nle(id0,id1,dist): 66 77 2.846812616442295
list:
dist: 2.846812616442295 vs. 2.846812616442295
--------
nle(id0,id1,dist): 66 78 1.1970912887710143
list:
dist: 1.1970912887710143 vs. 1.1970912887710143
--------
nle(id0,id1,dist): 66 96 3.9101373369355943
list:
dist: 3.9101373369355943 vs. 3.9101373369355943
--------
nle(id0,id1,dist): 66 97 4.000475439879457
list:
dist: 4.000475439879457 vs. 4.000475439879457
--------
nle(id0,id1,dist): 66 87 1.114889713677492
list:
dist: 1.114889713677492 vs. 1.114889713677492
--------
nle(id0,id1,dist): 66 94 4.160735613966302
list:
dist: 4.160735613966302 vs. 4.160735613966302
--------
nle(id0,id1,dist): 48 51 2.3880976422757145
list:
dist: 2.3880976422757145 vs. 2.3880976422757145
--------
nle(id0,id1,dist): 48 52 1.7607249629147816
list:
dist: 1.7607249629147816 vs. 1.7607249629147816
--------
nle(id0,id1,dist): 48 49 3.0143277285332055
list:
dist: 3.0143277285332055 vs. 3.0143277285332055
--------
nle(id0,id1,dist): 48 50 1.5735115854416057
list:
dist: 1.5735115854416057 vs. 1.5735115854416057
--------
nle(id0,id1,dist): 48 55 2.610025657731779
list:
dist: 2.610025657731779 vs. 2.610025657731779
--------
nle(id0,id1,dist): 48 56 1.2815100727677633
list:
dist: 1.2815100727677633 vs. 1.2815100727677633
--------
nle(id0,id1,dist): 48 54 1.6342764499886628
list:
dist: 1.6342764499886628 vs. 1.6342764499886628
--------
nle(id0,id1,dist): 48 59 1.6416482773794263
list:
dist: 1.6416482773794263 vs. 1.6416482773794263
--------
nle(id0,id1,dist): 48 57 1.2591821113398396
list:
dist: 1.2591821113398396 vs. 1.2591821113398396
--------
nle(id0,id1,dist): 48 58 1.727089842293116
list:
dist: 1.727089842293116 vs. 1.727089842293116
--------
nle(id0,id1,dist): 49 50 2.078494318847049
list:
dist: 2.078494318847049 vs. 2.078494318847049
--------
nle(id0,id1,dist): 49 51 1.0028343332490735
list:
dist: 1.0028343332490735 vs. 1.0028343332490735
--------
nle(id0,id1,dist): 49 53 2.826094005396549
list:
dist: 2.826094005396549 vs. 2.826094005396549
--------
nle(id0,id1,dist): 49 54 2.0227245914751366
list:
dist: 2.0227245914751366 vs. 2.0227245914751366
--------
nle(id0,id1,dist): 49 55 0.7094939521024002
list:
dist: 0.7094939521024002 vs. 0.7094939521024002
--------
nle(id0,id1,dist): 49 56 3.088869813506332
list:
dist: 3.088869813506332 vs. 3.088869813506332
--------
nle(id0,id1,dist): 49 57 1.979448491853271
list:
dist: 1.979448491853271 vs. 1.979448491853271
--------
nle(id0,id1,dist): 49 58 2.147433622157181
list:
dist: 2.147433622157181 vs. 2.147433622157181
--------
nle(id0,id1,dist): 49 59 2.07955985689074
list:
dist: 2.07955985689074 vs. 2.07955985689074
--------
nle(id0,id1,dist): 50 53 1.685314859577465
list:
dist: 1.685314859577465 vs. 1.685314859577465
--------
nle(id0,id1,dist): 50 54 0.35570689175796627
list:
dist: 0.35570689175796627 vs. 0.35570689175796627
--------
nle(id0,id1,dist): 50 51 1.2022728935165312
list:
dist: 1.2022728935165312 vs. 1.2022728935165312
--------
nle(id0,id1,dist): 50 52 2.660849616869486
list:
dist: 2.660849616869486 vs. 2.660849616869486
--------
nle(id0,id1,dist): 50 59 1.1670157589955452
list:
dist: 1.1670157589955452 vs. 1.1670157589955452
--------
nle(id0,id1,dist): 50 56 1.0374768819447355
list:
dist: 1.0374768819447355 vs. 1.0374768819447355
--------
nle(id0,id1,dist): 50 55 1.7164918778872071
list:
dist: 1.7164918778872071 vs. 1.7164918778872071
--------
nle(id0,id1,dist): 50 58 1.5771554374067729
list:
dist: 1.5771554374067729 vs. 1.5771554374067729
--------
nle(id0,id1,dist): 50 57 1.475079809320127
list:
dist: 1.475079809320127 vs. 1.475079809320127
--------
nle(id0,id1,dist): 44 55 3.1888760300537893
list:
dist: 3.1888760300537893 vs. 3.1888760300537893
--------
nle(id0,id1,dist): 44 56 1.5156346729443213
list:
dist: 1.5156346729443213 vs. 1.5156346729443213
--------
nle(id0,id1,dist): 44 53 1.5306483466275582
list:
dist: 1.5306483466275582 vs. 1.5306483466275582
--------
nle(id0,id1,dist): 44 54 2.4292760685774444
list:
dist: 2.4292760685774444 vs. 2.4292760685774444
--------
nle(id0,id1,dist): 44 59 1.7876602684235068
list:
dist: 1.7876602684235068 vs. 1.7876602684235068
--------
nle(id0,id1,dist): 44 57 2.8978543772363925
list:
dist: 2.8978543772363925 vs. 2.8978543772363925
--------
nle(id0,id1,dist): 44 58 3.356816602238016
list:
dist: 3.356816602238016 vs. 3.356816602238016
--------
nle(id0,id1,dist): 45 57 2.252893388236353
list:
dist: 2.252893388236353 vs. 2.252893388236353
--------
nle(id0,id1,dist): 45 58 2.536321863287502
list:
dist: 2.536321863287502 vs. 2.536321863287502
--------
nle(id0,id1,dist): 45 49 0.9647392848348267
list:
dist: 0.9647392848348267 vs. 0.9647392848348267
--------
nle(id0,id1,dist): 45 51 1.857403477429025
list:
dist: 1.857403477429025 vs. 1.857403477429025
--------
nle(id0,id1,dist): 45 55 1.366725019469922
list:
dist: 1.366725019469922 vs. 1.366725019469922
--------
nle(id0,id1,dist): 46 59 1.4980192003668675
list:
dist: 1.4980192003668675 vs. 1.4980192003668675
--------
nle(id0,id1,dist): 46 57 3.117558562880792
list:
dist: 3.117558562880792 vs. 3.117558562880792
--------
nle(id0,id1,dist): 46 55 2.2327529309604013
list:
dist: 2.2327529309604013 vs. 2.2327529309604013
--------
nle(id0,id1,dist): 46 56 2.6482649512926124
list:
dist: 2.6482649512926124 vs. 2.6482649512926124
--------
nle(id0,id1,dist): 46 53 0.9389082910307224
list:
dist: 0.9389082910307224 vs. 0.9389082910307224
--------
nle(id0,id1,dist): 46 54 2.6856451357786186
list:
dist: 2.6856451357786186 vs. 2.6856451357786186
--------
nle(id0,id1,dist): 46 51 2.1577728525213713
list:
dist: 2.1577728525213713 vs. 2.1577728525213713
--------
nle(id0,id1,dist): 46 52 3.3651581172258265
list:
dist: 3.3651581172258265 vs. 3.3651581172258265
--------
nle(id0,id1,dist): 46 49 2.9092920847574204
list:
dist: 2.9092920847574204 vs. 2.9092920847574204
--------
nle(id0,id1,dist): 46 50 2.353209794297926
list:
dist: 2.353209794297926 vs. 2.353209794297926
--------
nle(id0,id1,dist): 46 47 1.9227194695477252
list:
dist: 1.9227194695477252 vs. 1.9227194695477252
--------
nle(id0,id1,dist): 47 59 1.251573457427249
list:
dist: 1.251573457427249 vs. 1.251573457427249
--------
nle(id0,id1,dist): 47 58 2.3768088803331824
list:
dist: 2.3768088803331824 vs. 2.3768088803331824
--------
nle(id0,id1,dist): 47 55 2.1224938901366364
list:
dist: 2.1224938901366364 vs. 2.1224938901366364
--------
nle(id0,id1,dist): 47 54 1.1217184013394377
list:
dist: 1.1217184013394377 vs. 1.1217184013394377
--------
nle(id0,id1,dist): 47 57 2.198904600467232
list:
dist: 2.198904600467232 vs. 2.198904600467232
--------
nle(id0,id1,dist): 47 56 1.0024394701226167
list:
dist: 1.0024394701226167 vs. 1.0024394701226167
--------
nle(id0,id1,dist): 47 50 0.8120580923611489
list:
dist: 0.8120580923611489 vs. 0.8120580923611489
--------
nle(id0,id1,dist): 47 51 1.60725264690971
list:
dist: 1.60725264690971 vs. 1.60725264690971
--------
nle(id0,id1,dist): 47 52 2.483341011532427
list:
dist: 2.483341011532427 vs. 2.483341011532427
--------
nle(id0,id1,dist): 47 53 1.0645203148011537
list:
dist: 1.0645203148011537 vs. 1.0645203148011537
--------
nle(id0,id1,dist): 47 48 1.9535469052623444
list:
dist: 1.9535469052623444 vs. 1.9535469052623444
--------
nle(id0,id1,dist): 47 49 2.600206858276838
list:
dist: 2.600206858276838 vs. 2.600206858276838
--------
nle(id0,id1,dist): 55 56 2.665729212216316
list:
dist: 2.665729212216316 vs. 2.665729212216316
--------
nle(id0,id1,dist): 55 57 1.7884261588384256
list:
dist: 1.7884261588384256 vs. 1.7884261588384256
--------
nle(id0,id1,dist): 55 58 2.1805304581750566
list:
dist: 2.1805304581750566 vs. 2.1805304581750566
--------
nle(id0,id1,dist): 55 59 1.431449605111868
list:
dist: 1.431449605111868 vs. 1.431449605111868
--------
nle(id0,id1,dist): 56 58 2.0816318879699613
list:
dist: 2.0816318879699613 vs. 2.0816318879699613
--------
nle(id0,id1,dist): 56 57 1.9635922889312714
list:
dist: 1.9635922889312714 vs. 1.9635922889312714
--------
nle(id0,id1,dist): 56 59 1.627178245342687
list:
dist: 1.627178245342687 vs. 1.627178245342687
--------
nle(id0,id1,dist): 57 59 1.6331437345314337
list:
dist: 1.6331437345314337 vs. 1.6331437345314337
--------
nle(id0,id1,dist): 57 58 0.8903156828784603
list:
dist: 0.8903156828784603 vs. 0.8903156828784603
--------
nle(id0,id1,dist): 51 58 1.950438330304236
list:
dist: 1.950438330304236 vs. 1.950438330304236
--------
nle(id0,id1,dist): 51 59 1.2642298060018613
list:
dist: 1.2642298060018613 vs. 1.2642298060018613
--------
nle(id0,id1,dist): 51 53 1.8819782124815814
list:
dist: 1.8819782124815814 vs. 1.8819782124815814
--------
nle(id0,id1,dist): 51 54 1.2653714170486374
list:
dist: 1.2653714170486374 vs. 1.2653714170486374
--------
nle(id0,id1,dist): 51 55 0.6113027967171208
list:
dist: 0.6113027967171208 vs. 0.6113027967171208
--------
nle(id0,id1,dist): 51 56 2.202347065322949
list:
dist: 2.202347065322949 vs. 2.202347065322949
--------
nle(id0,id1,dist): 51 57 1.7080989209955053
list:
dist: 1.7080989209955053 vs. 1.7080989209955053
--------
nle(id0,id1,dist): 52 56 1.723709305392569
list:
dist: 1.723709305392569 vs. 1.723709305392569
--------
nle(id0,id1,dist): 52 53 2.8494945967046017
list:
dist: 2.8494945967046017 vs. 2.8494945967046017
--------
nle(id0,id1,dist): 52 54 2.8352546470331195
list:
dist: 2.8352546470331195 vs. 2.8352546470331195
--------
nle(id0,id1,dist): 52 59 2.652935131677008
list:
dist: 2.652935131677008 vs. 2.652935131677008
--------
nle(id0,id1,dist): 53 54 2.0288988594563286
list:
dist: 2.0288988594563286 vs. 2.0288988594563286
--------
nle(id0,id1,dist): 53 55 2.2054541626279955
list:
dist: 2.2054541626279955 vs. 2.2054541626279955
--------
nle(id0,id1,dist): 53 57 2.7953301770225565
list:
dist: 2.7953301770225565 vs. 2.7953301770225565
--------
nle(id0,id1,dist): 53 56 1.8772967157766598
list:
dist: 1.8772967157766598 vs. 1.8772967157766598
--------
nle(id0,id1,dist): 53 59 1.2721771026538735
list:
dist: 1.2721771026538735 vs. 1.2721771026538735
--------
nle(id0,id1,dist): 54 59 1.4534472624075965
list:
dist: 1.4534472624075965 vs. 1.4534472624075965
--------
nle(id0,id1,dist): 54 58 1.2947602145452808
list:
dist: 1.2947602145452808 vs. 1.2947602145452808
--------
nle(id0,id1,dist): 54 57 1.373545099708579
list:
dist: 1.373545099708579 vs. 1.373545099708579
--------
nle(id0,id1,dist): 54 56 1.1934048516520017
list:
dist: 1.1934048516520017 vs. 1.1934048516520017
--------
nle(id0,id1,dist): 54 55 1.7771455119226587
list:
dist: 1.7771455119226587 vs. 1.7771455119226587
--------
nle(id0,id1,dist): 93 117 3.8994618433185635
list:
dist: 3.8994618433185635 vs. 3.8994618433185635
--------
nle(id0,id1,dist): 93 97 3.594587553197769
list:
dist: 3.594587553197769 vs. 3.594587553197769
--------
nle(id0,id1,dist): 93 96 3.32344696629176
list:
dist: 3.32344696629176 vs. 3.32344696629176
--------
nle(id0,id1,dist): 93 99 3.819898480545406
list:
dist: 3.819898480545406 vs. 3.819898480545406
--------
nle(id0,id1,dist): 93 98 2.802855345549229
list:
dist: 2.802855345549229 vs. 2.802855345549229
--------
nle(id0,id1,dist): 93 101 1.375241524901222
list:
dist: 1.375241524901222 vs. 1.375241524901222
--------
nle(id0,id1,dist): 93 100 1.2196909055734446
list:
dist: 1.2196909055734446 vs. 1.2196909055734446
--------
nle(id0,id1,dist): 93 103 1.951505016589832
list:
dist: 1.951505016589832 vs. 1.951505016589832
--------
nle(id0,id1,dist): 93 102 3.5374338950447135
list:
dist: 3.5374338950447135 vs. 3.5374338950447135
--------
nle(id0,id1,dist): 93 105 1.6029095790435128
list:
dist: 1.6029095790435128 vs. 1.6029095790435128
--------
nle(id0,id1,dist): 93 104 2.2545318350833785
list:
dist: 2.2545318350833785 vs. 2.2545318350833785
--------
nle(id0,id1,dist): 93 107 3.191589159191639
list:
dist: 3.191589159191639 vs. 3.191589159191639
--------
nle(id0,id1,dist): 93 106 2.0861724864288194
list:
dist: 2.0861724864288194 vs. 2.0861724864288194
--------
nle(id0,id1,dist): 93 108 2.7176576150042426
list:
dist: 2.7176576150042426 vs. 2.7176576150042426
--------
nle(id0,id1,dist): 93 110 3.5762010351699542
list:
dist: 3.5762010351699542 vs. 3.5762010351699542
--------
nle(id0,id1,dist): 94 109 2.8697942053871284
list:
dist: 2.8697942053871284 vs. 2.8697942053871284
--------
nle(id0,id1,dist): 94 110 1.7584199635571718
list:
dist: 1.7584199635571718 vs. 1.7584199635571718
--------
nle(id0,id1,dist): 94 107 1.9934514715440759
list:
dist: 1.9934514715440759 vs. 1.9934514715440759
--------
nle(id0,id1,dist): 94 108 0.9628545290298735
list:
dist: 0.9628545290298735 vs. 0.9628545290298735
--------
nle(id0,id1,dist): 94 113 2.5095146660558787
list:
dist: 2.5095146660558787 vs. 2.5095146660558787
--------
nle(id0,id1,dist): 94 114 3.2802979987624497
list:
dist: 3.2802979987624497 vs. 3.2802979987624497
--------
nle(id0,id1,dist): 94 111 2.5544884224500977
list:
dist: 2.5544884224500977 vs. 2.5544884224500977
--------
nle(id0,id1,dist): 94 112 2.9542129641854706
list:
dist: 2.9542129641854706 vs. 2.9542129641854706
--------
nle(id0,id1,dist): 94 117 2.5034483934682834
list:
dist: 2.5034483934682834 vs. 2.5034483934682834
--------
nle(id0,id1,dist): 94 118 4.231983116152626
list:
dist: 4.231983116152626 vs. 4.231983116152626
--------
nle(id0,id1,dist): 94 115 3.1569995918533365
list:
dist: 3.1569995918533365 vs. 3.1569995918533365
--------
nle(id0,id1,dist): 94 116 3.7490031527754324
list:
dist: 3.7490031527754324 vs. 3.7490031527754324
--------
nle(id0,id1,dist): 94 119 3.2760125990626645
list:
dist: 3.2760125990626645 vs. 3.2760125990626645
--------
nle(id0,id1,dist): 94 98 1.3792853691886866
list:
dist: 1.3792853691886866 vs. 1.3792853691886866
--------
nle(id0,id1,dist): 94 97 1.4452384414860238
list:
dist: 1.4452384414860238 vs. 1.4452384414860238
--------
nle(id0,id1,dist): 94 96 1.0382503836499963
list:
dist: 1.0382503836499963 vs. 1.0382503836499963
--------
nle(id0,id1,dist): 94 95 0.9608059400076353
list:
dist: 0.9608059400076353 vs. 0.9608059400076353
--------
nle(id0,id1,dist): 94 102 2.553474152860325
list:
dist: 2.553474152860325 vs. 2.553474152860325
--------
nle(id0,id1,dist): 94 101 1.3289035614690474
list:
dist: 1.3289035614690474 vs. 1.3289035614690474
--------
nle(id0,id1,dist): 94 100 2.115394574102854
list:
dist: 2.115394574102854 vs. 2.115394574102854
--------
nle(id0,id1,dist): 94 99 2.2150540740105837
list:
dist: 2.2150540740105837 vs. 2.2150540740105837
--------
nle(id0,id1,dist): 94 106 0.8951679936919956
list:
dist: 0.8951679936919956 vs. 0.8951679936919956
--------
nle(id0,id1,dist): 94 105 1.8508281176237753
list:
dist: 1.8508281176237753 vs. 1.8508281176237753
--------
nle(id0,id1,dist): 94 104 1.654010958887748
list:
dist: 1.654010958887748 vs. 1.654010958887748
--------
nle(id0,id1,dist): 94 103 1.8886878655358956
list:
dist: 1.8886878655358956 vs. 1.8886878655358956
--------
nle(id0,id1,dist): 92 97 2.3106145417435315
list:
dist: 2.3106145417435315 vs. 2.3106145417435315
--------
nle(id0,id1,dist): 92 98 1.9613910811693704
list:
dist: 1.9613910811693704 vs. 1.9613910811693704
--------
nle(id0,id1,dist): 92 99 2.7915870923300514
list:
dist: 2.7915870923300514 vs. 2.7915870923300514
--------
nle(id0,id1,dist): 92 100 1.5203183957427286
list:
dist: 1.5203183957427286 vs. 1.5203183957427286
--------
nle(id0,id1,dist): 92 93 1.9661031525984114
list:
dist: 1.9661031525984114 vs. 1.9661031525984114
--------
nle(id0,id1,dist): 92 94 1.344495321913716
list:
dist: 1.344495321913716 vs. 1.344495321913716
--------
nle(id0,id1,dist): 92 95 1.5057509843056889
list:
dist: 1.5057509843056889 vs. 1.5057509843056889
--------
nle(id0,id1,dist): 92 96 2.067594423606019
list:
dist: 2.067594423606019 vs. 2.067594423606019
--------
nle(id0,id1,dist): 91 110 3.168544578841843
list:
dist: 3.168544578841843 vs. 3.168544578841843
--------
nle(id0,id1,dist): 91 107 3.306739960807316
list:
dist: 3.306739960807316 vs. 3.306739960807316
--------
nle(id0,id1,dist): 91 106 1.9115613439246062
list:
dist: 1.9115613439246062 vs. 1.9115613439246062
--------
nle(id0,id1,dist): 91 108 2.374788212227135
list:
dist: 2.374788212227135 vs. 2.374788212227135
--------
nle(id0,id1,dist): 91 117 3.9256712627770565
list:
dist: 3.9256712627770565 vs. 3.9256712627770565
--------
nle(id0,id1,dist): 92 117 3.590358382056192
list:
dist: 3.590358382056192 vs. 3.590358382056192
--------
nle(id0,id1,dist): 93 94 2.3677590316563593
list:
dist: 2.3677590316563593 vs. 2.3677590316563593
--------
nle(id0,id1,dist): 93 95 2.3696498153443213
list:
dist: 2.3696498153443213 vs. 2.3696498153443213
--------
nle(id0,id1,dist): 92 108 2.1934567747396425
list:
dist: 2.1934567747396425 vs. 2.1934567747396425
--------
nle(id0,id1,dist): 92 107 3.000965089351757
list:
dist: 3.000965089351757 vs. 3.000965089351757
--------
nle(id0,id1,dist): 92 106 1.8816422312926875
list:
dist: 1.8816422312926875 vs. 1.8816422312926875
--------
nle(id0,id1,dist): 92 105 0.9208145111622601
list:
dist: 0.9208145111622601 vs. 0.9208145111622601
--------
nle(id0,id1,dist): 92 104 2.364127200578168
list:
dist: 2.364127200578168 vs. 2.364127200578168
--------
nle(id0,id1,dist): 92 103 2.3298660141938736
list:
dist: 2.3298660141938736 vs. 2.3298660141938736
--------
nle(id0,id1,dist): 92 102 2.297810478576425
list:
dist: 2.297810478576425 vs. 2.297810478576425
--------
nle(id0,id1,dist): 92 101 1.4844937852950852
list:
dist: 1.4844937852950852 vs. 1.4844937852950852
--------
nle(id0,id1,dist): 92 110 3.072762286702695
list:
dist: 3.072762286702695 vs. 3.072762286702695
--------
nle(id0,id1,dist): 97 101 2.2948624162129723
list:
dist: 2.2948624162129723 vs. 2.2948624162129723
--------
nle(id0,id1,dist): 97 100 2.9552524333963404
list:
dist: 2.9552524333963404 vs. 2.9552524333963404
--------
nle(id0,id1,dist): 97 103 2.430380937438947
list:
dist: 2.430380937438947 vs. 2.430380937438947
--------
nle(id0,id1,dist): 97 102 2.0548431672256466
list:
dist: 2.0548431672256466 vs. 2.0548431672256466
--------
nle(id0,id1,dist): 97 105 2.6575330679772797
list:
dist: 2.6575330679772797 vs. 2.6575330679772797
--------
nle(id0,id1,dist): 97 104 2.0797531185493043
list:
dist: 2.0797531185493043 vs. 2.0797531185493043
--------
nle(id0,id1,dist): 97 107 1.8271304192386757
list:
dist: 1.8271304192386757 vs. 1.8271304192386757
--------
nle(id0,id1,dist): 97 106 1.8341711157556717
list:
dist: 1.8341711157556717 vs. 1.8341711157556717
--------
nle(id0,id1,dist): 97 99 1.1362815035832408
list:
dist: 1.1362815035832408 vs. 1.1362815035832408
--------
nle(id0,id1,dist): 97 98 1.1288704189938532
list:
dist: 1.1288704189938532 vs. 1.1288704189938532
--------
nle(id0,id1,dist): 96 113 2.271376333099115
list:
dist: 2.271376333099115 vs. 2.271376333099115
--------
nle(id0,id1,dist): 96 114 2.490410566147865
list:
dist: 2.490410566147865 vs. 2.490410566147865
--------
nle(id0,id1,dist): 96 115 2.512293300204655
list:
dist: 2.512293300204655 vs. 2.512293300204655
--------
nle(id0,id1,dist): 96 116 2.8885838895829896
list:
dist: 2.8885838895829896 vs. 2.8885838895829896
--------
nle(id0,id1,dist): 96 117 2.095912612245808
list:
dist: 2.095912612245808 vs. 2.095912612245808
--------
nle(id0,id1,dist): 96 118 3.4443422020954206
list:
dist: 3.4443422020954206 vs. 3.4443422020954206
--------
nle(id0,id1,dist): 96 119 2.705506373990747
list:
dist: 2.705506373990747 vs. 2.705506373990747
--------
nle(id0,id1,dist): 98 102 1.6135842490155672
list:
dist: 1.6135842490155672 vs. 1.6135842490155672
--------
nle(id0,id1,dist): 98 101 1.4466304110915869
list:
dist: 1.4466304110915869 vs. 1.4466304110915869
--------
nle(id0,id1,dist): 98 100 2.022745072169493
list:
dist: 2.022745072169493 vs. 2.022745072169493
--------
nle(id0,id1,dist): 98 99 1.034234096667699
list:
dist: 1.034234096667699 vs. 1.034234096667699
--------
nle(id0,id1,dist): 97 118 3.1960458024596496
list:
dist: 3.1960458024596496 vs. 3.1960458024596496
--------
nle(id0,id1,dist): 97 119 2.527052176250207
list:
dist: 2.527052176250207 vs. 2.527052176250207
--------
nle(id0,id1,dist): 97 116 2.533975676983077
list:
dist: 2.533975676983077 vs. 2.533975676983077
--------
nle(id0,id1,dist): 97 117 1.9852684208026743
list:
dist: 1.9852684208026743 vs. 1.9852684208026743
--------
nle(id0,id1,dist): 97 110 1.630600834289583
list:
dist: 1.630600834289583 vs. 1.630600834289583
--------
nle(id0,id1,dist): 97 111 1.7036511239646324
list:
dist: 1.7036511239646324 vs. 1.7036511239646324
--------
nle(id0,id1,dist): 97 108 1.3647296625000827
list:
dist: 1.3647296625000827 vs. 1.3647296625000827
--------
nle(id0,id1,dist): 97 109 1.5803433030411975
list:
dist: 1.5803433030411975 vs. 1.5803433030411975
--------
nle(id0,id1,dist): 97 114 2.332551243289583
list:
dist: 2.332551243289583 vs. 2.332551243289583
--------
nle(id0,id1,dist): 97 115 2.3559000856763377
list:
dist: 2.3559000856763377 vs. 2.3559000856763377
--------
nle(id0,id1,dist): 97 112 1.9928955568865425
list:
dist: 1.9928955568865425 vs. 1.9928955568865425
--------
nle(id0,id1,dist): 97 113 2.323582195029848
list:
dist: 2.323582195029848 vs. 2.323582195029848
--------
nle(id0,id1,dist): 95 117 2.1240628024321726
list:
dist: 2.1240628024321726 vs. 2.1240628024321726
--------
nle(id0,id1,dist): 95 116 3.3411554235854277
list:
dist: 3.3411554235854277 vs. 3.3411554235854277
--------
nle(id0,id1,dist): 95 110 1.9172917087197496
list:
dist: 1.9172917087197496 vs. 1.9172917087197496
--------
nle(id0,id1,dist): 95 107 1.5593862927283173
list:
dist: 1.5593862927283173 vs. 1.5593862927283173
--------
nle(id0,id1,dist): 95 106 1.0212933563852502
list:
dist: 1.0212933563852502 vs. 1.0212933563852502
--------
nle(id0,id1,dist): 95 109 2.258290402990943
list:
dist: 2.258290402990943 vs. 2.258290402990943
--------
nle(id0,id1,dist): 95 108 1.0617683697931988
list:
dist: 1.0617683697931988 vs. 1.0617683697931988
--------
nle(id0,id1,dist): 95 103 1.3237318896377386
list:
dist: 1.3237318896377386 vs. 1.3237318896377386
--------
nle(id0,id1,dist): 95 102 1.8097267123240697
list:
dist: 1.8097267123240697 vs. 1.8097267123240697
--------
nle(id0,id1,dist): 95 105 1.5425985051111137
list:
dist: 1.5425985051111137 vs. 1.5425985051111137
--------
nle(id0,id1,dist): 95 104 1.1495248434830403
list:
dist: 1.1495248434830403 vs. 1.1495248434830403
--------
nle(id0,id1,dist): 95 98 0.5216143301018094
list:
dist: 0.5216143301018094 vs. 0.5216143301018094
--------
nle(id0,id1,dist): 95 99 1.5242097847338933
list:
dist: 1.5242097847338933 vs. 1.5242097847338933
--------
nle(id0,id1,dist): 95 100 1.6919392220022005
list:
dist: 1.6919392220022005 vs. 1.6919392220022005
--------
nle(id0,id1,dist): 95 101 1.0400668721936925
list:
dist: 1.0400668721936925 vs. 1.0400668721936925
--------
nle(id0,id1,dist): 95 96 1.2074577289354165
list:
dist: 1.2074577289354165 vs. 1.2074577289354165
--------
nle(id0,id1,dist): 95 97 1.2967801884022772
list:
dist: 1.2967801884022772 vs. 1.2967801884022772
--------
nle(id0,id1,dist): 96 112 2.1388725679023106
list:
dist: 2.1388725679023106 vs. 2.1388725679023106
--------
nle(id0,id1,dist): 96 111 1.79697989220356
list:
dist: 1.79697989220356 vs. 1.79697989220356
--------
nle(id0,id1,dist): 96 110 1.4515603229391651
list:
dist: 1.4515603229391651 vs. 1.4515603229391651
--------
nle(id0,id1,dist): 96 109 2.070896927216044
list:
dist: 2.070896927216044 vs. 2.070896927216044
--------
nle(id0,id1,dist): 96 108 1.0942300750806189
list:
dist: 1.0942300750806189 vs. 1.0942300750806189
--------
nle(id0,id1,dist): 96 107 1.8469425576558667
list:
dist: 1.8469425576558667 vs. 1.8469425576558667
--------
nle(id0,id1,dist): 96 106 1.534197159208839
list:
dist: 1.534197159208839 vs. 1.534197159208839
--------
nle(id0,id1,dist): 96 105 2.524318330217316
list:
dist: 2.524318330217316 vs. 2.524318330217316
--------
nle(id0,id1,dist): 96 104 1.9850751271482638
list:
dist: 1.9850751271482638 vs. 1.9850751271482638
--------
nle(id0,id1,dist): 96 103 2.342409190161814
list:
dist: 2.342409190161814 vs. 2.342409190161814
--------
nle(id0,id1,dist): 96 102 2.329384483696869
list:
dist: 2.329384483696869 vs. 2.329384483696869
--------
nle(id0,id1,dist): 96 101 2.0900232710521522
list:
dist: 2.0900232710521522 vs. 2.0900232710521522
--------
nle(id0,id1,dist): 96 100 2.8296308926563203
list:
dist: 2.8296308926563203 vs. 2.8296308926563203
--------
nle(id0,id1,dist): 96 99 1.5633742033785831
list:
dist: 1.5633742033785831 vs. 1.5633742033785831
--------
nle(id0,id1,dist): 96 98 1.2347547024627599
list:
dist: 1.2347547024627599 vs. 1.2347547024627599
--------
nle(id0,id1,dist): 96 97 0.49463514220009275
list:
dist: 0.49463514220009275 vs. 0.49463514220009275
--------
nle(id0,id1,dist): 87 94 4.311950433748067
list:
dist: 4.311950433748067 vs. 4.311950433748067
--------
nle(id0,id1,dist): 87 97 3.8422399314012012
list:
dist: 3.8422399314012012 vs. 3.8422399314012012
--------
nle(id0,id1,dist): 87 96 3.8169714538948667
list:
dist: 3.8169714538948667 vs. 3.8169714538948667
--------
nle(id0,id1,dist): 85 87 1.619183732428381
list:
dist: 1.619183732428381 vs. 1.619183732428381
--------
nle(id0,id1,dist): 85 86 2.545623631571234
list:
dist: 2.545623631571234 vs. 2.545623631571234
--------
nle(id0,id1,dist): 85 88 3.449336106576292
list:
dist: 3.449336106576292 vs. 3.449336106576292
--------
nle(id0,id1,dist): 85 89 2.7966481174907325
list:
dist: 2.7966481174907325 vs. 2.7966481174907325
--------
nle(id0,id1,dist): 86 87 1.6598078893178911
list:
dist: 1.6598078893178911 vs. 1.6598078893178911
--------
nle(id0,id1,dist): 86 88 2.8645269212350546
list:
dist: 2.8645269212350546 vs. 2.8645269212350546
--------
nle(id0,id1,dist): 86 89 1.3597653405186154
list:
dist: 1.3597653405186154 vs. 1.3597653405186154
--------
nle(id0,id1,dist): 90 93 1.1979945095338023
list:
dist: 1.1979945095338023 vs. 1.1979945095338023
--------
nle(id0,id1,dist): 90 94 1.8177797888702276
list:
dist: 1.8177797888702276 vs. 1.8177797888702276
--------
nle(id0,id1,dist): 90 91 1.076755469101811
list:
dist: 1.076755469101811 vs. 1.076755469101811
--------
nle(id0,id1,dist): 90 92 0.8578578878747197
list:
dist: 0.8578578878747197 vs. 0.8578578878747197
--------
nle(id0,id1,dist): 90 106 2.0095089049212587
list:
dist: 2.0095089049212587 vs. 2.0095089049212587
--------
nle(id0,id1,dist): 90 105 0.7671821977221398
list:
dist: 0.7671821977221398 vs. 0.7671821977221398
--------
nle(id0,id1,dist): 90 104 2.3743717300191167
list:
dist: 2.3743717300191167 vs. 2.3743717300191167
--------
nle(id0,id1,dist): 90 103 2.193418881978768
list:
dist: 2.193418881978768 vs. 2.193418881978768
--------
nle(id0,id1,dist): 90 110 3.4324616745214582
list:
dist: 3.4324616745214582 vs. 3.4324616745214582
--------
nle(id0,id1,dist): 90 108 2.5092560371229555
list:
dist: 2.5092560371229555 vs. 2.5092560371229555
--------
nle(id0,id1,dist): 90 107 3.200805344384231
list:
dist: 3.200805344384231 vs. 3.200805344384231
--------
nle(id0,id1,dist): 90 98 2.360273005175797
list:
dist: 2.360273005175797 vs. 2.360273005175797
--------
nle(id0,id1,dist): 90 97 2.9633562771772155
list:
dist: 2.9633562771772155 vs. 2.9633562771772155
--------
nle(id0,id1,dist): 90 96 2.70846388643658
list:
dist: 2.70846388643658 vs. 2.70846388643658
--------
nle(id0,id1,dist): 90 95 1.8849134582440092
list:
dist: 1.8849134582440092 vs. 1.8849134582440092
--------
nle(id0,id1,dist): 90 102 2.774136762345597
list:
dist: 2.774136762345597 vs. 2.774136762345597
--------
nle(id0,id1,dist): 90 101 1.3270588332348796
list:
dist: 1.3270588332348796 vs. 1.3270588332348796
--------
nle(id0,id1,dist): 90 100 1.056057065755112
list:
dist: 1.056057065755112 vs. 1.056057065755112
--------
nle(id0,id1,dist): 90 99 3.3050176017825814
list:
dist: 3.3050176017825814 vs. 3.3050176017825814
--------
nle(id0,id1,dist): 90 117 3.868430752006732
list:
dist: 3.868430752006732 vs. 3.868430752006732
--------
nle(id0,id1,dist): 91 99 3.6501241284648263
list:
dist: 3.6501241284648263 vs. 3.6501241284648263
--------
nle(id0,id1,dist): 91 98 2.698765939842744
list:
dist: 2.698765939842744 vs. 2.698765939842744
--------
nle(id0,id1,dist): 91 101 1.7142828438819302
list:
dist: 1.7142828438819302 vs. 1.7142828438819302
--------
nle(id0,id1,dist): 91 100 1.9879080464011305
list:
dist: 1.9879080464011305 vs. 1.9879080464011305
--------
nle(id0,id1,dist): 91 103 2.5804911943848343
list:
dist: 2.5804911943848343 vs. 2.5804911943848343
--------
nle(id0,id1,dist): 91 102 3.4573141052915104
list:
dist: 3.4573141052915104 vs. 3.4573141052915104
--------
nle(id0,id1,dist): 91 105 1.7393206071644935
list:
dist: 1.7393206071644935 vs. 1.7393206071644935
--------
nle(id0,id1,dist): 91 104 2.6112452240968613
list:
dist: 2.6112452240968613 vs. 2.6112452240968613
--------
nle(id0,id1,dist): 91 93 1.5907140281689511
list:
dist: 1.5907140281689511 vs. 1.5907140281689511
--------
nle(id0,id1,dist): 91 92 1.2271750873143839
list:
dist: 1.2271750873143839 vs. 1.2271750873143839
--------
nle(id0,id1,dist): 91 95 2.177920539030069
list:
dist: 2.177920539030069 vs. 2.177920539030069
--------
nle(id0,id1,dist): 91 94 1.6015041989879284
list:
dist: 1.6015041989879284 vs. 1.6015041989879284
--------
nle(id0,id1,dist): 91 97 2.9939013719396805
list:
dist: 2.9939013719396805 vs. 2.9939013719396805
--------
nle(id0,id1,dist): 91 96 2.599240865755393
list:
dist: 2.599240865755393 vs. 2.599240865755393
--------
nle(id0,id1,dist): 88 89 1.553692547816356
list:
dist: 1.553692547816356 vs. 1.553692547816356
--------
nle(id0,id1,dist): 89 96 4.729054749249248
list:
dist: 4.729054749249248 vs. 4.729054749249248
--------
nle(id0,id1,dist): 89 97 4.788446871292668
list:
dist: 4.788446871292668 vs. 4.788446871292668
--------
nle(id0,id1,dist): 89 94 5.37149192076097
list:
dist: 5.37149192076097 vs. 5.37149192076097
--------
nle(id0,id1,dist): 81 82 3.76861082805326
list:
dist: 3.76861082805326 vs. 3.76861082805326
--------
nle(id0,id1,dist): 81 83 2.925237721953372
list:
dist: 2.925237721953372 vs. 2.925237721953372
--------
nle(id0,id1,dist): 81 86 3.134411950151042
list:
dist: 3.134411950151042 vs. 3.134411950151042
--------
nle(id0,id1,dist): 81 87 3.1119945804906775
list:
dist: 3.1119945804906775 vs. 3.1119945804906775
--------
nle(id0,id1,dist): 81 84 2.0443750874394895
list:
dist: 2.0443750874394895 vs. 2.0443750874394895
--------
nle(id0,id1,dist): 81 85 3.872323474184696
list:
dist: 3.872323474184696 vs. 3.872323474184696
--------
nle(id0,id1,dist): 80 85 1.3333412003177056
list:
dist: 1.3333412003177056 vs. 1.3333412003177056
--------
nle(id0,id1,dist): 80 87 2.761802354655157
list:
dist: 2.761802354655157 vs. 2.761802354655157
--------
nle(id0,id1,dist): 80 82 1.7973456884141124
list:
dist: 1.7973456884141124 vs. 1.7973456884141124
--------
nle(id0,id1,dist): 80 83 1.9315647440799608
list:
dist: 1.9315647440799608 vs. 1.9315647440799608
--------
nle(id0,id1,dist): 79 86 2.011410683461467
list:
dist: 2.011410683461467 vs. 2.011410683461467
--------
nle(id0,id1,dist): 79 87 1.43165802650506
list:
dist: 1.43165802650506 vs. 1.43165802650506
--------
nle(id0,id1,dist): 79 81 2.009199547665686
list:
dist: 2.009199547665686 vs. 2.009199547665686
--------
nle(id0,id1,dist): 79 85 2.8123884587279573
list:
dist: 2.8123884587279573 vs. 2.8123884587279573
--------
nle(id0,id1,dist): 79 84 1.4799303630905614
list:
dist: 1.4799303630905614 vs. 1.4799303630905614
--------
nle(id0,id1,dist): 79 83 2.017889613692307
list:
dist: 2.017889613692307 vs. 2.017889613692307
--------
nle(id0,id1,dist): 79 82 2.9301773316203805
list:
dist: 2.9301773316203805 vs. 2.9301773316203805
--------
nle(id0,id1,dist): 78 80 2.362971274958248
list:
dist: 2.362971274958248 vs. 2.362971274958248
--------
nle(id0,id1,dist): 78 79 1.563520519682296
list:
dist: 1.563520519682296 vs. 1.563520519682296
--------
nle(id0,id1,dist): 78 82 1.407563164567138
list:
dist: 1.407563164567138 vs. 1.407563164567138
--------
nle(id0,id1,dist): 78 81 2.6575192885989445
list:
dist: 2.6575192885989445 vs. 2.6575192885989445
--------
nle(id0,id1,dist): 78 84 0.7300605702400113
list:
dist: 0.7300605702400113 vs. 0.7300605702400113
--------
nle(id0,id1,dist): 78 83 0.47373335017212237
list:
dist: 0.47373335017212237 vs. 0.47373335017212237
--------
nle(id0,id1,dist): 78 86 1.8022099633153625
list:
dist: 1.8022099633153625 vs. 1.8022099633153625
--------
nle(id0,id1,dist): 78 85 1.3116175729463722
list:
dist: 1.3116175729463722 vs. 1.3116175729463722
--------
nle(id0,id1,dist): 78 87 0.8780055177248651
list:
dist: 0.8780055177248651 vs. 0.8780055177248651
--------
nle(id0,id1,dist): 84 87 1.4364764488645398
list:
dist: 1.4364764488645398 vs. 1.4364764488645398
--------
nle(id0,id1,dist): 84 85 1.894365095709554
list:
dist: 1.894365095709554 vs. 1.894365095709554
--------
nle(id0,id1,dist): 84 86 1.7500858927353826
list:
dist: 1.7500858927353826 vs. 1.7500858927353826
--------
nle(id0,id1,dist): 83 86 2.107972143701553
list:
dist: 2.107972143701553 vs. 2.107972143701553
--------
nle(id0,id1,dist): 83 87 1.21417846144355
list:
dist: 1.21417846144355 vs. 1.21417846144355
--------
nle(id0,id1,dist): 83 84 0.9786471911490988
list:
dist: 0.9786471911490988 vs. 0.9786471911490988
--------
nle(id0,id1,dist): 83 85 0.9483818655791355
list:
dist: 0.9483818655791355 vs. 0.9483818655791355
--------
nle(id0,id1,dist): 82 89 2.3429291664922807
list:
dist: 2.3429291664922807 vs. 2.3429291664922807
--------
nle(id0,id1,dist): 82 87 1.8593744882599883
list:
dist: 1.8593744882599883 vs. 1.8593744882599883
--------
nle(id0,id1,dist): 82 88 2.9041426918464444
list:
dist: 2.9041426918464444 vs. 2.9041426918464444
--------
nle(id0,id1,dist): 82 84 1.7643754580163675
list:
dist: 1.7643754580163675 vs. 1.7643754580163675
--------
nle(id0,id1,dist): 82 83 1.0714688370272474
list:
dist: 1.0714688370272474 vs. 1.0714688370272474
--------
nle(id0,id1,dist): 82 86 2.2473705398076964
list:
dist: 2.2473705398076964 vs. 2.2473705398076964
--------
nle(id0,id1,dist): 82 85 0.737018496463037
list:
dist: 0.737018496463037 vs. 0.737018496463037
--------
nle(id0,id1,dist): 74 76 2.6215031665412645
list:
dist: 2.6215031665412645 vs. 2.6215031665412645
--------
nle(id0,id1,dist): 74 75 1.6019857930775525
list:
dist: 1.6019857930775525 vs. 1.6019857930775525
--------
nle(id0,id1,dist): 74 78 1.3188974132911515
list:
dist: 1.3188974132911515 vs. 1.3188974132911515
--------
nle(id0,id1,dist): 74 77 2.171266228621957
list:
dist: 2.171266228621957 vs. 2.171266228621957
--------
nle(id0,id1,dist): 74 83 1.3383246011264949
list:
dist: 1.3383246011264949 vs. 1.3383246011264949
--------
nle(id0,id1,dist): 74 84 0.7311007002006378
list:
dist: 0.7311007002006378 vs. 0.7311007002006378
--------
nle(id0,id1,dist): 74 85 2.1833872566084094
list:
dist: 2.1833872566084094 vs. 2.1833872566084094
--------
nle(id0,id1,dist): 74 86 2.289353996519117
list:
dist: 2.289353996519117 vs. 2.289353996519117
--------
nle(id0,id1,dist): 74 79 2.070828675641469
list:
dist: 2.070828675641469 vs. 2.070828675641469
--------
nle(id0,id1,dist): 74 81 1.9241158470503121
list:
dist: 1.9241158470503121 vs. 1.9241158470503121
--------
nle(id0,id1,dist): 74 82 1.9459179315702169
list:
dist: 1.9459179315702169 vs. 1.9459179315702169
--------
nle(id0,id1,dist): 74 87 2.1336316140412177
list:
dist: 2.1336316140412177 vs. 2.1336316140412177
--------
nle(id0,id1,dist): 73 75 0.5201932583490347
list:
dist: 0.5201932583490347 vs. 0.5201932583490347
--------
nle(id0,id1,dist): 73 74 1.6350339533285236
list:
dist: 1.6350339533285236 vs. 1.6350339533285236
--------
nle(id0,id1,dist): 73 83 1.234563037644452
list:
dist: 1.234563037644452 vs. 1.234563037644452
--------
nle(id0,id1,dist): 73 82 2.248501380270126
list:
dist: 2.248501380270126 vs. 2.248501380270126
--------
nle(id0,id1,dist): 73 81 2.52978959451466
list:
dist: 2.52978959451466 vs. 2.52978959451466
--------
nle(id0,id1,dist): 73 80 2.278007792151825
list:
dist: 2.278007792151825 vs. 2.278007792151825
--------
nle(id0,id1,dist): 73 79 1.8588784492315362
list:
dist: 1.8588784492315362 vs. 1.8588784492315362
--------
nle(id0,id1,dist): 73 78 1.232794137788225
list:
dist: 1.232794137788225 vs. 1.232794137788225
--------
nle(id0,id1,dist): 73 77 2.556777014947455
list:
dist: 2.556777014947455 vs. 2.556777014947455
--------
nle(id0,id1,dist): 73 76 1.4707181178821982
list:
dist: 1.4707181178821982 vs. 1.4707181178821982
--------
nle(id0,id1,dist): 73 86 2.961172344816442
list:
dist: 2.961172344816442 vs. 2.961172344816442
--------
nle(id0,id1,dist): 73 87 1.742069954269693
list:
dist: 1.742069954269693 vs. 1.742069954269693
--------
nle(id0,id1,dist): 73 84 1.4361398073390155
list:
dist: 1.4361398073390155 vs. 1.4361398073390155
--------
nle(id0,id1,dist): 73 85 1.9058770056917962
list:
dist: 1.9058770056917962 vs. 1.9058770056917962
--------
nle(id0,id1,dist): 72 73 2.141335096375153
list:
dist: 2.141335096375153 vs. 2.141335096375153
--------
nle(id0,id1,dist): 72 76 1.6247060627984526
list:
dist: 1.6247060627984526 vs. 1.6247060627984526
--------
nle(id0,id1,dist): 72 75 2.115003927619825
list:
dist: 2.115003927619825 vs. 2.115003927619825
--------
nle(id0,id1,dist): 72 78 2.6322352925650874
list:
dist: 2.6322352925650874 vs. 2.6322352925650874
--------
nle(id0,id1,dist): 72 80 0.8237529705290229
list:
dist: 0.8237529705290229 vs. 0.8237529705290229
--------
nle(id0,id1,dist): 72 82 2.455704449384435
list:
dist: 2.455704449384435 vs. 2.455704449384435
--------
nle(id0,id1,dist): 72 83 2.260305290907279
list:
dist: 2.260305290907279 vs. 2.260305290907279
--------
nle(id0,id1,dist): 72 85 1.9082497171384902
list:
dist: 1.9082497171384902 vs. 1.9082497171384902
--------
nle(id0,id1,dist): 72 87 3.0151597060015134
list:
dist: 3.0151597060015134 vs. 3.0151597060015134
--------
nle(id0,id1,dist): 71 80 1.5537209934307448
list:
dist: 1.5537209934307448 vs. 1.5537209934307448
--------
nle(id0,id1,dist): 71 78 3.0871639724581548
list:
dist: 3.0871639724581548 vs. 3.0871639724581548
--------
nle(id0,id1,dist): 71 85 2.601892521001151
list:
dist: 2.601892521001151 vs. 2.601892521001151
--------
nle(id0,id1,dist): 71 83 2.7226001178695114
list:
dist: 2.7226001178695114 vs. 2.7226001178695114
--------
nle(id0,id1,dist): 71 82 3.013458232348568
list:
dist: 3.013458232348568 vs. 3.013458232348568
--------
nle(id0,id1,dist): 71 87 3.623118184207346
list:
dist: 3.623118184207346 vs. 3.623118184207346
--------
nle(id0,id1,dist): 77 84 1.7701172846792659
list:
dist: 1.7701172846792659 vs. 1.7701172846792659
--------
nle(id0,id1,dist): 77 85 3.4700646712563965
list:
dist: 3.4700646712563965 vs. 3.4700646712563965
--------
nle(id0,id1,dist): 77 86 2.0444286844371056
list:
dist: 2.0444286844371056 vs. 2.0444286844371056
--------
nle(id0,id1,dist): 77 87 2.2069771431879563
list:
dist: 2.2069771431879563 vs. 2.2069771431879563
--------
nle(id0,id1,dist): 77 81 1.5303535945673004
list:
dist: 1.5303535945673004 vs. 1.5303535945673004
--------
nle(id0,id1,dist): 77 82 3.402932233679771
list:
dist: 3.402932233679771 vs. 3.402932233679771
--------
nle(id0,id1,dist): 77 83 2.6068317298631922
list:
dist: 2.6068317298631922 vs. 2.6068317298631922
--------
nle(id0,id1,dist): 76 87 3.1042113219991756
list:
dist: 3.1042113219991756 vs. 3.1042113219991756
--------
nle(id0,id1,dist): 77 79 0.9800695105352035
list:
dist: 0.9800695105352035 vs. 0.9800695105352035
--------
nle(id0,id1,dist): 77 78 2.172221055416513
list:
dist: 2.172221055416513 vs. 2.172221055416513
--------
nle(id0,id1,dist): 76 78 2.5643406297464866
list:
dist: 2.5643406297464866 vs. 2.5643406297464866
--------
nle(id0,id1,dist): 76 77 3.9153712559529286
list:
dist: 3.9153712559529286 vs. 3.9153712559529286
--------
nle(id0,id1,dist): 76 80 2.18211007197192
list:
dist: 2.18211007197192 vs. 2.18211007197192
--------
nle(id0,id1,dist): 76 79 3.281261698432931
list:
dist: 3.281261698432931 vs. 3.281261698432931
--------
nle(id0,id1,dist): 76 81 3.4672174174836843
list:
dist: 3.4672174174836843 vs. 3.4672174174836843
--------
nle(id0,id1,dist): 76 84 2.7350676448599707
list:
dist: 2.7350676448599707 vs. 2.7350676448599707
--------
nle(id0,id1,dist): 76 83 2.3549734537325113
list:
dist: 2.3549734537325113 vs. 2.3549734537325113
--------
nle(id0,id1,dist): 75 85 1.4735555133354399
list:
dist: 1.4735555133354399 vs. 1.4735555133354399
--------
nle(id0,id1,dist): 75 84 1.2336473768160763
list:
dist: 1.2336473768160763 vs. 1.2336473768160763
--------
nle(id0,id1,dist): 75 83 0.8136066409057656
list:
dist: 0.8136066409057656 vs. 0.8136066409057656
--------
nle(id0,id1,dist): 75 82 1.8402373197330673
list:
dist: 1.8402373197330673 vs. 1.8402373197330673
--------
nle(id0,id1,dist): 75 87 1.2813950797213358
list:
dist: 1.2813950797213358 vs. 1.2813950797213358
--------
nle(id0,id1,dist): 75 86 2.5717437818324647
list:
dist: 2.5717437818324647 vs. 2.5717437818324647
--------
nle(id0,id1,dist): 75 77 2.4981633156205993
list:
dist: 2.4981633156205993 vs. 2.4981633156205993
--------
nle(id0,id1,dist): 75 76 1.8448040898540934
list:
dist: 1.8448040898540934 vs. 1.8448040898540934
--------
nle(id0,id1,dist): 75 81 2.729025749757428
list:
dist: 2.729025749757428 vs. 2.729025749757428
--------
nle(id0,id1,dist): 75 80 2.091493037181914
list:
dist: 2.091493037181914 vs. 2.091493037181914
--------
nle(id0,id1,dist): 75 79 1.7432657793676727
list:
dist: 1.7432657793676727 vs. 1.7432657793676727
--------
nle(id0,id1,dist): 75 78 0.802019432755812
list:
dist: 0.802019432755812 vs. 0.802019432755812
--------
nle(id0,id1,dist): 120 139 2.229446840375529
list:
dist: 2.229446840375529 vs. 2.229446840375529
--------
nle(id0,id1,dist): 120 143 2.5827980435840026
list:
dist: 2.5827980435840026 vs. 2.5827980435840026
--------
nle(id0,id1,dist): 120 130 2.9865790069638516
list:
dist: 2.9865790069638516 vs. 2.9865790069638516
--------
nle(id0,id1,dist): 120 132 1.9665881437278863
list:
dist: 1.9665881437278863 vs. 1.9665881437278863
--------
nle(id0,id1,dist): 120 131 2.6021284291206936
list:
dist: 2.6021284291206936 vs. 2.6021284291206936
--------
nle(id0,id1,dist): 120 134 2.4204804816603076
list:
dist: 2.4204804816603076 vs. 2.4204804816603076
--------
nle(id0,id1,dist): 120 122 3.1720809770291907
list:
dist: 3.1720809770291907 vs. 3.1720809770291907
--------
nle(id0,id1,dist): 120 121 2.2989403109834754
list:
dist: 2.2989403109834754 vs. 2.2989403109834754
--------
nle(id0,id1,dist): 120 124 1.4385613225964418
list:
dist: 1.4385613225964418 vs. 1.4385613225964418
--------
nle(id0,id1,dist): 120 125 2.2178174057643494
list:
dist: 2.2178174057643494 vs. 2.2178174057643494
--------
nle(id0,id1,dist): 120 128 3.8906071188896005
list:
dist: 3.8906071188896005 vs. 3.8906071188896005
--------
nle(id0,id1,dist): 120 127 2.4234557674927815
list:
dist: 2.4234557674927815 vs. 2.4234557674927815
--------
nle(id0,id1,dist): 121 143 4.282043413136615
list:
dist: 4.282043413136615 vs. 4.282043413136615
--------
nle(id0,id1,dist): 121 132 2.3755480531704034
list:
dist: 2.3755480531704034 vs. 2.3755480531704034
--------
nle(id0,id1,dist): 121 127 2.5280039076321548
list:
dist: 2.5280039076321548 vs. 2.5280039076321548
--------
nle(id0,id1,dist): 121 126 3.110048725059166
list:
dist: 3.110048725059166 vs. 3.110048725059166
--------
nle(id0,id1,dist): 121 124 1.4601094107385446
list:
dist: 1.4601094107385446 vs. 1.4601094107385446
--------
nle(id0,id1,dist): 121 131 3.1374028726656316
list:
dist: 3.1374028726656316 vs. 3.1374028726656316
--------
nle(id0,id1,dist): 121 130 2.7880656996509123
list:
dist: 2.7880656996509123 vs. 2.7880656996509123
--------
nle(id0,id1,dist): 121 123 1.7688431688265105
list:
dist: 1.7688431688265105 vs. 1.7688431688265105
--------
nle(id0,id1,dist): 121 122 2.4755003965171967
list:
dist: 2.4755003965171967 vs. 2.4755003965171967
--------
nle(id0,id1,dist): 122 132 1.4030487874683266
list:
dist: 1.4030487874683266 vs. 1.4030487874683266
--------
nle(id0,id1,dist): 122 131 1.685227556240652
list:
dist: 1.685227556240652 vs. 1.685227556240652
--------
nle(id0,id1,dist): 122 134 2.7030408869845877
list:
dist: 2.7030408869845877 vs. 2.7030408869845877
--------
nle(id0,id1,dist): 122 133 1.266233721948302
list:
dist: 1.266233721948302 vs. 1.266233721948302
--------
nle(id0,id1,dist): 122 128 2.2534254519668657
list:
dist: 2.2534254519668657 vs. 2.2534254519668657
--------
nle(id0,id1,dist): 122 127 1.0265211328727784
list:
dist: 1.0265211328727784 vs. 1.0265211328727784
--------
nle(id0,id1,dist): 122 130 1.141834690522344
list:
dist: 1.141834690522344 vs. 1.141834690522344
--------
nle(id0,id1,dist): 122 129 3.187389813409682
list:
dist: 3.187389813409682 vs. 3.187389813409682
--------
nle(id0,id1,dist): 122 140 1.9044565896974441
list:
dist: 1.9044565896974441 vs. 1.9044565896974441
--------
nle(id0,id1,dist): 122 139 3.745519981716883
list:
dist: 3.745519981716883 vs. 3.745519981716883
--------
nle(id0,id1,dist): 122 142 1.7936309544519542
list:
dist: 1.7936309544519542 vs. 1.7936309544519542
--------
nle(id0,id1,dist): 122 136 2.455473701072861
list:
dist: 2.455473701072861 vs. 2.455473701072861
--------
nle(id0,id1,dist): 122 135 3.240933530165655
list:
dist: 3.240933530165655 vs. 3.240933530165655
--------
nle(id0,id1,dist): 122 138 2.3277177433772134
list:
dist: 2.3277177433772134 vs. 2.3277177433772134
--------
nle(id0,id1,dist): 122 137 1.9533914834094153
list:
dist: 1.9533914834094153 vs. 1.9533914834094153
--------
nle(id0,id1,dist): 122 123 1.4676289306057013
list:
dist: 1.4676289306057013 vs. 1.4676289306057013
--------
nle(id0,id1,dist): 122 124 1.8036096578434095
list:
dist: 1.8036096578434095 vs. 1.8036096578434095
--------
nle(id0,id1,dist): 122 125 2.6007513073586006
list:
dist: 2.6007513073586006 vs. 2.6007513073586006
--------
nle(id0,id1,dist): 122 126 1.390788150001876
list:
dist: 1.390788150001876 vs. 1.390788150001876
--------
nle(id0,id1,dist): 123 128 3.0749004131464104
list:
dist: 3.0749004131464104 vs. 3.0749004131464104
--------
nle(id0,id1,dist): 123 127 1.7037148496036274
list:
dist: 1.7037148496036274 vs. 1.7037148496036274
--------
nle(id0,id1,dist): 123 126 1.9454189658346501
list:
dist: 1.9454189658346501 vs. 1.9454189658346501
--------
nle(id0,id1,dist): 123 124 1.631265743352792
list:
dist: 1.631265743352792 vs. 1.631265743352792
--------
nle(id0,id1,dist): 123 132 1.956996437052067
list:
dist: 1.956996437052067 vs. 1.956996437052067
--------
nle(id0,id1,dist): 123 131 2.733988528234983
list:
dist: 2.733988528234983 vs. 2.733988528234983
--------
nle(id0,id1,dist): 123 130 2.4125341231832715
list:
dist: 2.4125341231832715 vs. 2.4125341231832715
--------
nle(id0,id1,dist): 122 149 3.014459015929747
list:
dist: 3.014459015929747 vs. 3.014459015929747
--------
nle(id0,id1,dist): 122 147 3.8771372702802966
list:
dist: 3.8771372702802966 vs. 3.8771372702802966
--------
nle(id0,id1,dist): 122 148 2.7265948357900283
list:
dist: 2.7265948357900283 vs. 2.7265948357900283
--------
nle(id0,id1,dist): 122 145 2.515681693879476
list:
dist: 2.515681693879476 vs. 2.515681693879476
--------
nle(id0,id1,dist): 122 146 3.36120525023484
list:
dist: 3.36120525023484 vs. 3.36120525023484
--------
nle(id0,id1,dist): 122 143 3.6122838673502047
list:
dist: 3.6122838673502047 vs. 3.6122838673502047
--------
nle(id0,id1,dist): 122 144 1.6175521265109176
list:
dist: 1.6175521265109176 vs. 1.6175521265109176
--------
nle(id0,id1,dist): 124 126 2.9866107143798764
list:
dist: 2.9866107143798764 vs. 2.9866107143798764
--------
nle(id0,id1,dist): 124 125 2.1041050226890303
list:
dist: 2.1041050226890303 vs. 2.1041050226890303
--------
nle(id0,id1,dist): 124 128 3.0954166085216652
list:
dist: 3.0954166085216652 vs. 3.0954166085216652
--------
nle(id0,id1,dist): 124 127 1.3114624701083053
list:
dist: 1.3114624701083053 vs. 1.3114624701083053
--------
nle(id0,id1,dist): 124 130 1.9078995644670398
list:
dist: 1.9078995644670398 vs. 1.9078995644670398
--------
nle(id0,id1,dist): 124 132 1.015526095827576
list:
dist: 1.015526095827576 vs. 1.015526095827576
--------
nle(id0,id1,dist): 124 131 1.881541433822711
list:
dist: 1.881541433822711 vs. 1.881541433822711
--------
nle(id0,id1,dist): 125 127 1.5908504794849463
list:
dist: 1.5908504794849463 vs. 1.5908504794849463
--------
nle(id0,id1,dist): 124 134 2.3371226455038143
list:
dist: 2.3371226455038143 vs. 2.3371226455038143
--------
nle(id0,id1,dist): 124 139 2.8198789122936327
list:
dist: 2.8198789122936327 vs. 2.8198789122936327
--------
nle(id0,id1,dist): 124 143 2.9580420703273753
list:
dist: 2.9580420703273753 vs. 2.9580420703273753
--------
nle(id0,id1,dist): 112 119 1.3258001293287363
list:
dist: 1.3258001293287363 vs. 1.3258001293287363
--------
nle(id0,id1,dist): 112 117 1.5545262018281756
list:
dist: 1.5545262018281756 vs. 1.5545262018281756
--------
nle(id0,id1,dist): 112 118 1.4478447627698743
list:
dist: 1.4478447627698743 vs. 1.4478447627698743
--------
nle(id0,id1,dist): 112 115 0.88368294140183
list:
dist: 0.88368294140183 vs. 0.88368294140183
--------
nle(id0,id1,dist): 112 116 1.3925177793332557
list:
dist: 1.3925177793332557 vs. 1.3925177793332557
--------
nle(id0,id1,dist): 112 113 1.6804805921952122
list:
dist: 1.6804805921952122 vs. 1.6804805921952122
--------
nle(id0,id1,dist): 112 114 0.3673165580938203
list:
dist: 0.3673165580938203 vs. 0.3673165580938203
--------
nle(id0,id1,dist): 113 116 2.4279084086611906
list:
dist: 2.4279084086611906 vs. 2.4279084086611906
--------
nle(id0,id1,dist): 113 117 0.803960013510125
list:
dist: 0.803960013510125 vs. 0.803960013510125
--------
nle(id0,id1,dist): 113 118 2.3819541705511
list:
dist: 2.3819541705511 vs. 2.3819541705511
--------
nle(id0,id1,dist): 113 119 1.2347395902394218
list:
dist: 1.2347395902394218 vs. 1.2347395902394218
--------
nle(id0,id1,dist): 113 114 1.7411183598778108
list:
dist: 1.7411183598778108 vs. 1.7411183598778108
--------
nle(id0,id1,dist): 113 115 1.2261172628218826
list:
dist: 1.2261172628218826 vs. 1.2261172628218826
--------
nle(id0,id1,dist): 114 117 1.627586640672154
list:
dist: 1.627586640672154 vs. 1.627586640672154
--------
nle(id0,id1,dist): 114 118 1.1169151817093925
list:
dist: 1.1169151817093925 vs. 1.1169151817093925
--------
nle(id0,id1,dist): 114 115 0.75130786293441
list:
dist: 0.75130786293441 vs. 0.75130786293441
--------
nle(id0,id1,dist): 114 116 1.2781339906593943
list:
dist: 1.2781339906593943 vs. 1.2781339906593943
--------
nle(id0,id1,dist): 114 119 1.1965194783704074
list:
dist: 1.1965194783704074 vs. 1.1965194783704074
--------
nle(id0,id1,dist): 115 118 1.1888742207548335
list:
dist: 1.1888742207548335 vs. 1.1888742207548335
--------
nle(id0,id1,dist): 115 119 0.4663285299916827
list:
dist: 0.4663285299916827 vs. 0.4663285299916827
--------
nle(id0,id1,dist): 115 116 1.2974914977705283
list:
dist: 1.2974914977705283 vs. 1.2974914977705283
--------
nle(id0,id1,dist): 115 117 1.0112881415382724
list:
dist: 1.0112881415382724 vs. 1.0112881415382724
--------
nle(id0,id1,dist): 116 117 1.8802484885612747
list:
dist: 1.8802484885612747 vs. 1.8802484885612747
--------
nle(id0,id1,dist): 116 118 1.0227103058912943
list:
dist: 1.0227103058912943 vs. 1.0227103058912943
--------
nle(id0,id1,dist): 116 119 1.361321536340828
list:
dist: 1.361321536340828 vs. 1.361321536340828
--------
nle(id0,id1,dist): 117 118 2.1168118700644203
list:
dist: 2.1168118700644203 vs. 2.1168118700644203
--------
nle(id0,id1,dist): 117 119 0.8672800568317776
list:
dist: 0.8672800568317776 vs. 0.8672800568317776
--------
nle(id0,id1,dist): 118 119 1.3135669722032877
list:
dist: 1.3135669722032877 vs. 1.3135669722032877
--------
nle(id0,id1,dist): 106 119 2.8769760864143636
list:
dist: 2.8769760864143636 vs. 2.8769760864143636
--------
nle(id0,id1,dist): 106 113 1.9608563909328807
list:
dist: 1.9608563909328807 vs. 1.9608563909328807
--------
nle(id0,id1,dist): 106 111 2.4762748390083074
list:
dist: 2.4762748390083074 vs. 2.4762748390083074
--------
nle(id0,id1,dist): 106 117 2.037557509841057
list:
dist: 2.037557509841057 vs. 2.037557509841057
--------
nle(id0,id1,dist): 106 115 2.8521839047461413
list:
dist: 2.8521839047461413 vs. 2.8521839047461413
--------
nle(id0,id1,dist): 106 110 1.5041967595990262
list:
dist: 1.5041967595990262 vs. 1.5041967595990262
--------
nle(id0,id1,dist): 106 108 0.6416943061531666
list:
dist: 0.6416943061531666 vs. 0.6416943061531666
--------
nle(id0,id1,dist): 106 107 1.412004410033954
list:
dist: 1.412004410033954 vs. 1.412004410033954
--------
nle(id0,id1,dist): 105 117 3.579090232267589
list:
dist: 3.579090232267589 vs. 3.579090232267589
--------
nle(id0,id1,dist): 105 108 2.4233754916199857
list:
dist: 2.4233754916199857 vs. 2.4233754916199857
--------
nle(id0,id1,dist): 105 110 3.3572074699025936
list:
dist: 3.3572074699025936 vs. 3.3572074699025936
--------
nle(id0,id1,dist): 105 107 2.9350676941835183
list:
dist: 2.9350676941835183 vs. 2.9350676941835183
--------
nle(id0,id1,dist): 105 106 2.0183845426722096
list:
dist: 2.0183845426722096 vs. 2.0183845426722096
--------
nle(id0,id1,dist): 108 115 2.2968389238614084
list:
dist: 2.2968389238614084 vs. 2.2968389238614084
--------
nle(id0,id1,dist): 108 116 3.065447199868164
list:
dist: 3.065447199868164 vs. 3.065447199868164
--------
nle(id0,id1,dist): 108 113 1.5552145854713813
list:
dist: 1.5552145854713813 vs. 1.5552145854713813
--------
nle(id0,id1,dist): 108 114 2.5433479163896777
list:
dist: 2.5433479163896777 vs. 2.5433479163896777
--------
nle(id0,id1,dist): 108 111 1.8456472322952915
list:
dist: 1.8456472322952915 vs. 1.8456472322952915
--------
nle(id0,id1,dist): 108 112 2.2661174852438073
list:
dist: 2.2661174852438073 vs. 2.2661174852438073
--------
nle(id0,id1,dist): 108 109 2.6369883368868834
list:
dist: 2.6369883368868834 vs. 2.6369883368868834
--------
nle(id0,id1,dist): 108 110 0.940339978430326
list:
dist: 0.940339978430326 vs. 0.940339978430326
--------
nle(id0,id1,dist): 107 118 2.8180087574756634
list:
dist: 2.8180087574756634 vs. 2.8180087574756634
--------
nle(id0,id1,dist): 107 119 1.575233873114505
list:
dist: 1.575233873114505 vs. 1.575233873114505
--------
nle(id0,id1,dist): 107 114 2.2258495451881957
list:
dist: 2.2258495451881957 vs. 2.2258495451881957
--------
nle(id0,id1,dist): 107 115 1.6942946077524792
list:
dist: 1.6942946077524792 vs. 1.6942946077524792
--------
nle(id0,id1,dist): 107 116 2.479607659358014
list:
dist: 2.479607659358014 vs. 2.479607659358014
--------
nle(id0,id1,dist): 107 117 0.7108073402724338
list:
dist: 0.7108073402724338 vs. 0.7108073402724338
--------
nle(id0,id1,dist): 107 110 1.2244482549643572
list:
dist: 1.2244482549643572 vs. 1.2244482549643572
--------
nle(id0,id1,dist): 107 111 1.7277481721578634
list:
dist: 1.7277481721578634 vs. 1.7277481721578634
--------
nle(id0,id1,dist): 107 112 2.072686475023272
list:
dist: 2.072686475023272 vs. 2.072686475023272
--------
nle(id0,id1,dist): 107 113 1.029741965155636
list:
dist: 1.029741965155636 vs. 1.029741965155636
--------
nle(id0,id1,dist): 107 108 1.110400090688979
list:
dist: 1.110400090688979 vs. 1.110400090688979
--------
nle(id0,id1,dist): 107 109 2.437877806259487
list:
dist: 2.437877806259487 vs. 2.437877806259487
--------
nle(id0,id1,dist): 109 116 1.9819895785173953
list:
dist: 1.9819895785173953 vs. 1.9819895785173953
--------
nle(id0,id1,dist): 109 117 2.3601583853819412
list:
dist: 2.3601583853819412 vs. 2.3601583853819412
--------
nle(id0,id1,dist): 109 110 2.7784465064225263
list:
dist: 2.7784465064225263 vs. 2.7784465064225263
--------
nle(id0,id1,dist): 108 117 1.5927376511086575
list:
dist: 1.5927376511086575 vs. 1.5927376511086575
--------
nle(id0,id1,dist): 108 118 3.4357232287779524
list:
dist: 3.4357232287779524 vs. 3.4357232287779524
--------
nle(id0,id1,dist): 108 119 2.381392461767604
list:
dist: 2.381392461767604 vs. 2.381392461767604
--------
nle(id0,id1,dist): 111 119 1.3163678673713903
list:
dist: 1.3163678673713903 vs. 1.3163678673713903
--------
nle(id0,id1,dist): 111 118 1.7770603395485238
list:
dist: 1.7770603395485238 vs. 1.7770603395485238
--------
nle(id0,id1,dist): 111 116 1.6336128642748324
list:
dist: 1.6336128642748324 vs. 1.6336128642748324
--------
nle(id0,id1,dist): 111 117 1.3008243092602776
list:
dist: 1.3008243092602776 vs. 1.3008243092602776
--------
nle(id0,id1,dist): 111 114 0.7286791890089921
list:
dist: 0.7286791890089921 vs. 0.7286791890089921
--------
nle(id0,id1,dist): 111 115 0.9191240212024451
list:
dist: 0.9191240212024451 vs. 0.9191240212024451
--------
nle(id0,id1,dist): 111 112 0.4244557461024504
list:
dist: 0.4244557461024504 vs. 0.4244557461024504
--------
nle(id0,id1,dist): 111 113 1.3851653088936668
list:
dist: 1.3851653088936668 vs. 1.3851653088936668
--------
nle(id0,id1,dist): 110 111 1.1165721421932226
list:
dist: 1.1165721421932226 vs. 1.1165721421932226
--------
nle(id0,id1,dist): 110 112 1.5299268498459584
list:
dist: 1.5299268498459584 vs. 1.5299268498459584
--------
nle(id0,id1,dist): 110 113 0.9666408981587844
list:
dist: 0.9666408981587844 vs. 0.9666408981587844
--------
nle(id0,id1,dist): 110 114 1.7721741721124729
list:
dist: 1.7721741721124729 vs. 1.7721741721124729
--------
nle(id0,id1,dist): 110 119 1.8130865140131078
list:
dist: 1.8130865140131078 vs. 1.8130865140131078
--------
nle(id0,id1,dist): 110 115 1.6073132350351902
list:
dist: 1.6073132350351902 vs. 1.6073132350351902
--------
nle(id0,id1,dist): 110 116 2.5898569789668646
list:
dist: 2.5898569789668646 vs. 2.5898569789668646
--------
nle(id0,id1,dist): 110 117 1.2647785516568542
list:
dist: 1.2647785516568542 vs. 1.2647785516568542
--------
nle(id0,id1,dist): 110 118 2.7349375712397186
list:
dist: 2.7349375712397186 vs. 2.7349375712397186
--------
nle(id0,id1,dist): 99 107 1.7296694960195893
list:
dist: 1.7296694960195893 vs. 1.7296694960195893
--------
nle(id0,id1,dist): 99 106 2.287576618639367
list:
dist: 2.287576618639367 vs. 2.287576618639367
--------
nle(id0,id1,dist): 99 109 0.7942553367443976
list:
dist: 0.7942553367443976 vs. 0.7942553367443976
--------
nle(id0,id1,dist): 99 108 1.918495144377301
list:
dist: 1.918495144377301 vs. 1.918495144377301
--------
nle(id0,id1,dist): 99 111 2.0540152543435632
list:
dist: 2.0540152543435632 vs. 2.0540152543435632
--------
nle(id0,id1,dist): 99 110 2.1979901827647765
list:
dist: 2.1979901827647765 vs. 2.1979901827647765
--------
nle(id0,id1,dist): 99 113 2.474979478183204
list:
dist: 2.474979478183204 vs. 2.474979478183204
--------
nle(id0,id1,dist): 99 112 2.2517516169221192
list:
dist: 2.2517516169221192 vs. 2.2517516169221192
--------
nle(id0,id1,dist): 99 101 2.473813499378955
list:
dist: 2.473813499378955 vs. 2.473813499378955
--------
nle(id0,id1,dist): 99 100 2.9332083895698733
list:
dist: 2.9332083895698733 vs. 2.9332083895698733
--------
nle(id0,id1,dist): 99 103 2.303965760298243
list:
dist: 2.303965760298243 vs. 2.303965760298243
--------
nle(id0,id1,dist): 99 102 1.5395957510723943
list:
dist: 1.5395957510723943 vs. 1.5395957510723943
--------
nle(id0,id1,dist): 99 105 2.7757980852823514
list:
dist: 2.7757980852823514 vs. 2.7757980852823514
--------
nle(id0,id1,dist): 99 104 2.0460491742486187
list:
dist: 2.0460491742486187 vs. 2.0460491742486187
--------
nle(id0,id1,dist): 99 114 2.4844343130983915
list:
dist: 2.4844343130983915 vs. 2.4844343130983915
--------
nle(id0,id1,dist): 99 115 2.2969696289959196
list:
dist: 2.2969696289959196 vs. 2.2969696289959196
--------
nle(id0,id1,dist): 99 116 2.130485130352965
list:
dist: 2.130485130352965 vs. 2.130485130352965
--------
nle(id0,id1,dist): 99 117 1.8159754585704282
list:
dist: 1.8159754585704282 vs. 1.8159754585704282
--------
nle(id0,id1,dist): 99 118 2.990375662722123
list:
dist: 2.990375662722123 vs. 2.990375662722123
--------
nle(id0,id1,dist): 99 119 2.2831629742107467
list:
dist: 2.2831629742107467 vs. 2.2831629742107467
--------
nle(id0,id1,dist): 98 117 1.8185910245149361
list:
dist: 1.8185910245149361 vs. 1.8185910245149361
--------
nle(id0,id1,dist): 98 116 2.89172840453839
list:
dist: 2.89172840453839 vs. 2.89172840453839
--------
nle(id0,id1,dist): 98 106 1.3540138996142386
list:
dist: 1.3540138996142386 vs. 1.3540138996142386
--------
nle(id0,id1,dist): 98 105 1.91731305275862
list:
dist: 1.91731305275862 vs. 1.91731305275862
--------
nle(id0,id1,dist): 98 104 1.2088362923983813
list:
dist: 1.2088362923983813 vs. 1.2088362923983813
--------
nle(id0,id1,dist): 98 103 1.434876465630739
list:
dist: 1.434876465630739 vs. 1.434876465630739
--------
nle(id0,id1,dist): 98 110 1.873868972602806
list:
dist: 1.873868972602806 vs. 1.873868972602806
--------
nle(id0,id1,dist): 98 109 1.800438431461683
list:
dist: 1.800438431461683 vs. 1.800438431461683
--------
nle(id0,id1,dist): 98 108 1.1977346393244614
list:
dist: 1.1977346393244614 vs. 1.1977346393244614
--------
nle(id0,id1,dist): 98 107 1.3493725297964576
list:
dist: 1.3493725297964576 vs. 1.3493725297964576
--------
nle(id0,id1,dist): 101 103 0.9061933486754459
list:
dist: 0.9061933486754459 vs. 0.9061933486754459
--------
nle(id0,id1,dist): 101 102 2.501548522837943
list:
dist: 2.501548522837943 vs. 2.501548522837943
--------
nle(id0,id1,dist): 101 117 2.6355316907287083
list:
dist: 2.6355316907287083 vs. 2.6355316907287083
--------
nle(id0,id1,dist): 101 108 1.492038105541379
list:
dist: 1.492038105541379 vs. 1.492038105541379
--------
nle(id0,id1,dist): 101 110 2.403380287034361
list:
dist: 2.403380287034361 vs. 2.403380287034361
--------
nle(id0,id1,dist): 101 104 1.0537843741900588
list:
dist: 1.0537843741900588 vs. 1.0537843741900588
--------
nle(id0,id1,dist): 101 105 1.2300520398383077
list:
dist: 1.2300520398383077 vs. 1.2300520398383077
--------
nle(id0,id1,dist): 101 106 0.95405039933243
list:
dist: 0.95405039933243 vs. 0.95405039933243
--------
nle(id0,id1,dist): 101 107 1.9376884496494449
list:
dist: 1.9376884496494449 vs. 1.9376884496494449
--------
nle(id0,id1,dist): 100 108 2.459736364226822
list:
dist: 2.459736364226822 vs. 2.459736364226822
--------
nle(id0,id1,dist): 100 107 2.7800278775081257
list:
dist: 2.7800278775081257 vs. 2.7800278775081257
--------
nle(id0,id1,dist): 100 106 1.9685756628575015
list:
dist: 1.9685756628575015 vs. 1.9685756628575015
--------
nle(id0,id1,dist): 100 105 0.7089492690191114
list:
dist: 0.7089492690191114 vs. 0.7089492690191114
--------
nle(id0,id1,dist): 100 104 1.8853270431221338
list:
dist: 1.8853270431221338 vs. 1.8853270431221338
--------
nle(id0,id1,dist): 100 103 1.5503605459620762
list:
dist: 1.5503605459620762 vs. 1.5503605459620762
--------
nle(id0,id1,dist): 100 102 2.3977583620758645
list:
dist: 2.3977583620758645 vs. 2.3977583620758645
--------
nle(id0,id1,dist): 100 101 1.0225299493818552
list:
dist: 1.0225299493818552 vs. 1.0225299493818552
--------
nle(id0,id1,dist): 100 117 3.4632437865904513
list:
dist: 3.4632437865904513 vs. 3.4632437865904513
--------
nle(id0,id1,dist): 100 110 3.3822648183646122
list:
dist: 3.3822648183646122 vs. 3.3822648183646122
--------
nle(id0,id1,dist): 102 116 3.5926267218609067
list:
dist: 3.5926267218609067 vs. 3.5926267218609067
--------
nle(id0,id1,dist): 102 117 3.192470418038926
list:
dist: 3.192470418038926 vs. 3.192470418038926
--------
nle(id0,id1,dist): 103 105 1.9452835232841605
list:
dist: 1.9452835232841605 vs. 1.9452835232841605
--------
nle(id0,id1,dist): 103 104 0.4807499178917549
list:
dist: 0.4807499178917549 vs. 0.4807499178917549
--------
nle(id0,id1,dist): 103 107 1.3947835525408592
list:
dist: 1.3947835525408592 vs. 1.3947835525408592
--------
nle(id0,id1,dist): 103 106 1.1888667552875531
list:
dist: 1.1888667552875531 vs. 1.1888667552875531
--------
nle(id0,id1,dist): 103 108 1.538647340798237
list:
dist: 1.538647340798237 vs. 1.538647340798237
--------
nle(id0,id1,dist): 102 106 2.8272212946815563
list:
dist: 2.8272212946815563 vs. 2.8272212946815563
--------
nle(id0,id1,dist): 102 105 2.0739415884241437
list:
dist: 2.0739415884241437 vs. 2.0739415884241437
--------
nle(id0,id1,dist): 102 104 2.6454288446085337
list:
dist: 2.6454288446085337 vs. 2.6454288446085337
--------
nle(id0,id1,dist): 102 103 2.6499261773373677
list:
dist: 2.6499261773373677 vs. 2.6499261773373677
--------
nle(id0,id1,dist): 102 110 3.401162648240552
list:
dist: 3.401162648240552 vs. 3.401162648240552
--------
nle(id0,id1,dist): 102 109 1.7285635565571744
list:
dist: 1.7285635565571744 vs. 1.7285635565571744
--------
nle(id0,id1,dist): 102 108 2.763908726158584
list:
dist: 2.763908726158584 vs. 2.763908726158584
--------
nle(id0,id1,dist): 102 107 2.857590898903478
list:
dist: 2.857590898903478 vs. 2.857590898903478
--------
nle(id0,id1,dist): 104 110 1.7823848414610721
list:
dist: 1.7823848414610721 vs. 1.7823848414610721
--------
nle(id0,id1,dist): 104 111 2.5543930125275187
list:
dist: 2.5543930125275187 vs. 2.5543930125275187
--------
nle(id0,id1,dist): 104 105 2.1499111614982156
list:
dist: 2.1499111614982156 vs. 2.1499111614982156
--------
nle(id0,id1,dist): 104 106 0.9134668565926015
list:
dist: 0.9134668565926015 vs. 0.9134668565926015
--------
nle(id0,id1,dist): 104 107 0.9608132097404739
list:
dist: 0.9608132097404739 vs. 0.9608132097404739
--------
nle(id0,id1,dist): 104 108 1.1168729324720863
list:
dist: 1.1168729324720863 vs. 1.1168729324720863
--------
nle(id0,id1,dist): 104 117 1.669881190247776
list:
dist: 1.669881190247776 vs. 1.669881190247776
--------
nle(id0,id1,dist): 104 119 2.5290048956802234
list:
dist: 2.5290048956802234 vs. 2.5290048956802234
--------
nle(id0,id1,dist): 104 113 1.8170421139725303
list:
dist: 1.8170421139725303 vs. 1.8170421139725303
--------
nle(id0,id1,dist): 104 115 2.650446403825501
list:
dist: 2.650446403825501 vs. 2.650446403825501
--------
nle(id0,id1,dist): 103 117 2.0883108545886775
list:
dist: 2.0883108545886775 vs. 2.0883108545886775
--------
nle(id0,id1,dist): 103 115 3.0876400806425717
list:
dist: 3.0876400806425717 vs. 3.0876400806425717
--------
nle(id0,id1,dist): 103 113 2.2565490290795958
list:
dist: 2.2565490290795958 vs. 2.2565490290795958
--------
nle(id0,id1,dist): 103 110 2.2573706697436986
list:
dist: 2.2573706697436986 vs. 2.2573706697436986
--------
nle(id0,id1,dist): 103 111 3.02556040984852
list:
dist: 3.02556040984852 vs. 3.02556040984852
--------
nle(id0,id1,dist): 103 119 2.929767391702574
list:
dist: 2.929767391702574 vs. 2.929767391702574
--------
nle(id0,id1,dist): 147 149 1.8044120925718057
list:
dist: 1.8044120925718057 vs. 1.8044120925718057
--------
nle(id0,id1,dist): 147 148 1.4317067392418261
list:
dist: 1.4317067392418261 vs. 1.4317067392418261
--------
nle(id0,id1,dist): 148 149 0.7381056301190433
list:
dist: 0.7381056301190433 vs. 0.7381056301190433
--------
nle(id0,id1,dist): 146 147 2.20950047181873
list:
dist: 2.20950047181873 vs. 2.20950047181873
--------
nle(id0,id1,dist): 146 148 1.533421746829431
list:
dist: 1.533421746829431 vs. 1.533421746829431
--------
nle(id0,id1,dist): 146 149 0.9512298592580501
list:
dist: 0.9512298592580501 vs. 0.9512298592580501
--------
nle(id0,id1,dist): 144 145 2.316503799580712
list:
dist: 2.316503799580712 vs. 2.316503799580712
--------
nle(id0,id1,dist): 145 149 2.009040482495235
list:
dist: 2.009040482495235 vs. 2.009040482495235
--------
nle(id0,id1,dist): 145 148 1.346371155050392
list:
dist: 1.346371155050392 vs. 1.346371155050392
--------
nle(id0,id1,dist): 145 147 1.5763949973642308
list:
dist: 1.5763949973642308 vs. 1.5763949973642308
--------
nle(id0,id1,dist): 145 146 2.4900334348307127
list:
dist: 2.4900334348307127 vs. 2.4900334348307127
--------
nle(id0,id1,dist): 142 149 2.0076419459622503
list:
dist: 2.0076419459622503 vs. 2.0076419459622503
--------
nle(id0,id1,dist): 142 147 2.511155500886102
list:
dist: 2.511155500886102 vs. 2.511155500886102
--------
nle(id0,id1,dist): 142 148 1.7309243866472264
list:
dist: 1.7309243866472264 vs. 1.7309243866472264
--------
nle(id0,id1,dist): 142 145 1.392314423318597
list:
dist: 1.392314423318597 vs. 1.392314423318597
--------
nle(id0,id1,dist): 142 146 2.0926729093044063
list:
dist: 2.0926729093044063 vs. 2.0926729093044063
--------
nle(id0,id1,dist): 142 143 3.222294955281296
list:
dist: 3.222294955281296 vs. 3.222294955281296
--------
nle(id0,id1,dist): 142 144 2.101336863537253
list:
dist: 2.101336863537253 vs. 2.101336863537253
--------
nle(id0,id1,dist): 143 146 1.882426479321396
list:
dist: 1.882426479321396 vs. 1.882426479321396
--------
nle(id0,id1,dist): 143 147 3.83110280085837
list:
dist: 3.83110280085837 vs. 3.83110280085837
--------
nle(id0,id1,dist): 143 148 2.7092935985389293
list:
dist: 2.7092935985389293 vs. 2.7092935985389293
--------
nle(id0,id1,dist): 143 149 2.06281570074987
list:
dist: 2.06281570074987 vs. 2.06281570074987
--------
nle(id0,id1,dist): 143 145 3.8623609129125214
list:
dist: 3.8623609129125214 vs. 3.8623609129125214
--------
nle(id0,id1,dist): 140 149 1.4441473824730842
list:
dist: 1.4441473824730842 vs. 1.4441473824730842
--------
nle(id0,id1,dist): 139 143 1.570599213903155
list:
dist: 1.570599213903155 vs. 1.570599213903155
--------
nle(id0,id1,dist): 140 145 1.5160188848558687
list:
dist: 1.5160188848558687 vs. 1.5160188848558687
--------
nle(id0,id1,dist): 140 146 1.5806593395195696
list:
dist: 1.5806593395195696 vs. 1.5806593395195696
--------
nle(id0,id1,dist): 140 147 2.3411387440052533
list:
dist: 2.3411387440052533 vs. 2.3411387440052533
--------
nle(id0,id1,dist): 140 148 1.3077100746785921
list:
dist: 1.3077100746785921 vs. 1.3077100746785921
--------
nle(id0,id1,dist): 140 142 0.627661937675416
list:
dist: 0.627661937675416 vs. 0.627661937675416
--------
nle(id0,id1,dist): 140 143 2.632388857855053
list:
dist: 2.632388857855053 vs. 2.632388857855053
--------
nle(id0,id1,dist): 140 144 2.562343616059415
list:
dist: 2.562343616059415 vs. 2.562343616059415
--------
nle(id0,id1,dist): 138 142 1.4246723342222891
list:
dist: 1.4246723342222891 vs. 1.4246723342222891
--------
nle(id0,id1,dist): 138 140 0.9417530889483631
list:
dist: 0.9417530889483631 vs. 0.9417530889483631
--------
nle(id0,id1,dist): 138 149 0.8061468853799597
list:
dist: 0.8061468853799597 vs. 0.8061468853799597
--------
nle(id0,id1,dist): 138 148 0.44715173760448906
list:
dist: 0.44715173760448906 vs. 0.44715173760448906
--------
nle(id0,id1,dist): 138 147 1.8185274833971892
list:
dist: 1.8185274833971892 vs. 1.8185274833971892
--------
nle(id0,id1,dist): 138 146 1.4968400747563044
list:
dist: 1.4968400747563044 vs. 1.4968400747563044
--------
nle(id0,id1,dist): 138 145 1.3808113167335245
list:
dist: 1.3808113167335245 vs. 1.3808113167335245
--------
nle(id0,id1,dist): 138 144 2.986416260063292
list:
dist: 2.986416260063292 vs. 2.986416260063292
--------
nle(id0,id1,dist): 138 143 2.51920065807474
list:
dist: 2.51920065807474 vs. 2.51920065807474
--------
nle(id0,id1,dist): 137 144 1.6759067890232535
list:
dist: 1.6759067890232535 vs. 1.6759067890232535
--------
nle(id0,id1,dist): 137 145 1.5687971087241155
list:
dist: 1.5687971087241155 vs. 1.5687971087241155
--------
nle(id0,id1,dist): 137 146 2.7897202369150564
list:
dist: 2.7897202369150564 vs. 2.7897202369150564
--------
nle(id0,id1,dist): 137 147 2.8704171178886457
list:
dist: 2.8704171178886457 vs. 2.8704171178886457
--------
nle(id0,id1,dist): 137 140 1.400166348431495
list:
dist: 1.400166348431495 vs. 1.400166348431495
--------
nle(id0,id1,dist): 137 142 0.7730221530268458
list:
dist: 0.7730221530268458 vs. 0.7730221530268458
--------
nle(id0,id1,dist): 137 143 3.974462417317436
list:
dist: 3.974462417317436 vs. 3.974462417317436
--------
nle(id0,id1,dist): 137 138 2.1108561447431464
list:
dist: 2.1108561447431464 vs. 2.1108561447431464
--------
nle(id0,id1,dist): 137 149 2.729893718766881
list:
dist: 2.729893718766881 vs. 2.729893718766881
--------
nle(id0,id1,dist): 137 148 2.359696538322753
list:
dist: 2.359696538322753 vs. 2.359696538322753
--------
nle(id0,id1,dist): 136 147 1.5284370454391614
list:
dist: 1.5284370454391614 vs. 1.5284370454391614
--------
nle(id0,id1,dist): 136 148 1.1672857839307538
list:
dist: 1.1672857839307538 vs. 1.1672857839307538
--------
nle(id0,id1,dist): 136 145 0.31744203006254346
list:
dist: 0.31744203006254346 vs. 0.31744203006254346
--------
nle(id0,id1,dist): 136 146 2.193022013162898
list:
dist: 2.193022013162898 vs. 2.193022013162898
--------
nle(id0,id1,dist): 136 149 1.77215835009571
list:
dist: 1.77215835009571 vs. 1.77215835009571
--------
nle(id0,id1,dist): 136 140 1.24053301908632
list:
dist: 1.24053301908632 vs. 1.24053301908632
--------
nle(id0,id1,dist): 136 137 1.46068088700962
list:
dist: 1.46068088700962 vs. 1.46068088700962
--------
nle(id0,id1,dist): 136 138 1.1667056897990822
list:
dist: 1.1667056897990822 vs. 1.1667056897990822
--------
nle(id0,id1,dist): 136 143 3.597252004189572
list:
dist: 3.597252004189572 vs. 3.597252004189572
--------
nle(id0,id1,dist): 136 144 2.409693718066686
list:
dist: 2.409693718066686 vs. 2.409693718066686
--------
nle(id0,id1,dist): 136 142 1.167492237940827
list:
dist: 1.167492237940827 vs. 1.167492237940827
--------
nle(id0,id1,dist): 135 142 1.9823211825815892
list:
dist: 1.9823211825815892 vs. 1.9823211825815892
--------
nle(id0,id1,dist): 135 143 4.488021813617205
list:
dist: 4.488021813617205 vs. 4.488021813617205
--------
nle(id0,id1,dist): 135 144 2.7342371820580595
list:
dist: 2.7342371820580595 vs. 2.7342371820580595
--------
nle(id0,id1,dist): 135 145 0.8029950773112426
list:
dist: 0.8029950773112426 vs. 0.8029950773112426
--------
nle(id0,id1,dist): 135 146 2.91329038833603
list:
dist: 2.91329038833603 vs. 2.91329038833603
--------
nle(id0,id1,dist): 135 147 1.4483643570004052
list:
dist: 1.4483643570004052 vs. 1.4483643570004052
--------
nle(id0,id1,dist): 135 148 1.9140390210402773
list:
dist: 1.9140390210402773 vs. 1.9140390210402773
--------
nle(id0,id1,dist): 135 149 2.5355194791666
list:
dist: 2.5355194791666 vs. 2.5355194791666
--------
nle(id0,id1,dist): 134 149 1.5118869858494615
list:
dist: 1.5118869858494615 vs. 1.5118869858494615
--------
nle(id0,id1,dist): 134 148 1.9655523243812454
list:
dist: 1.9655523243812454 vs. 1.9655523243812454
--------
nle(id0,id1,dist): 134 147 3.293376556680091
list:
dist: 3.293376556680091 vs. 3.293376556680091
--------
nle(id0,id1,dist): 135 140 2.1827368862646552
list:
dist: 2.1827368862646552 vs. 2.1827368862646552
--------
nle(id0,id1,dist): 135 138 2.0630199691447753
list:
dist: 2.0630199691447753 vs. 2.0630199691447753
--------
nle(id0,id1,dist): 135 136 0.9784454753739704
list:
dist: 0.9784454753739704 vs. 0.9784454753739704
--------
nle(id0,id1,dist): 135 137 1.9573329244690578
list:
dist: 1.9573329244690578 vs. 1.9573329244690578
--------
nle(id0,id1,dist): 134 135 3.751730865941803
list:
dist: 3.751730865941803 vs. 3.751730865941803
--------
nle(id0,id1,dist): 134 136 2.8177300405767274
list:
dist: 2.8177300405767274 vs. 2.8177300405767274
--------
nle(id0,id1,dist): 134 137 3.2552659842245895
list:
dist: 3.2552659842245895 vs. 3.2552659842245895
--------
nle(id0,id1,dist): 134 138 1.6999081260434297
list:
dist: 1.6999081260434297 vs. 1.6999081260434297
--------
nle(id0,id1,dist): 134 143 1.0450294267408353
list:
dist: 1.0450294267408353 vs. 1.0450294267408353
--------
nle(id0,id1,dist): 134 145 3.047852075745714
list:
dist: 3.047852075745714 vs. 3.047852075745714
--------
nle(id0,id1,dist): 134 146 1.744615152220823
list:
dist: 1.744615152220823 vs. 1.744615152220823
--------
nle(id0,id1,dist): 134 139 1.5118292271104041
list:
dist: 1.5118292271104041 vs. 1.5118292271104041
--------
nle(id0,id1,dist): 134 140 1.9058263940739955
list:
dist: 1.9058263940739955 vs. 1.9058263940739955
--------
nle(id0,id1,dist): 134 142 2.501161740708977
list:
dist: 2.501161740708977 vs. 2.501161740708977
--------
nle(id0,id1,dist): 133 135 2.963866002845456
list:
dist: 2.963866002845456 vs. 2.963866002845456
--------
nle(id0,id1,dist): 133 134 3.3178497565878473
list:
dist: 3.3178497565878473 vs. 3.3178497565878473
--------
nle(id0,id1,dist): 133 138 2.6394557376221566
list:
dist: 2.6394557376221566 vs. 2.6394557376221566
--------
nle(id0,id1,dist): 133 136 2.3436583796805603
list:
dist: 2.3436583796805603 vs. 2.3436583796805603
--------
nle(id0,id1,dist): 133 137 1.134928786605261
list:
dist: 1.134928786605261 vs. 1.134928786605261
--------
nle(id0,id1,dist): 133 142 1.41808286640336
list:
dist: 1.41808286640336 vs. 1.41808286640336
--------
nle(id0,id1,dist): 133 143 4.071769597890427
list:
dist: 4.071769597890427 vs. 4.071769597890427
--------
nle(id0,id1,dist): 133 140 1.8760475861118375
list:
dist: 1.8760475861118375 vs. 1.8760475861118375
--------
nle(id0,id1,dist): 133 146 3.381354367520661
list:
dist: 3.381354367520661 vs. 3.381354367520661
--------
nle(id0,id1,dist): 133 147 3.836885308685398
list:
dist: 3.836885308685398 vs. 3.836885308685398
--------
nle(id0,id1,dist): 133 144 1.3520145160990118
list:
dist: 1.3520145160990118 vs. 1.3520145160990118
--------
nle(id0,id1,dist): 133 145 2.4303291800111375
list:
dist: 2.4303291800111375 vs. 2.4303291800111375
--------
nle(id0,id1,dist): 133 148 3.0028369711089695
list:
dist: 3.0028369711089695 vs. 3.0028369711089695
--------
nle(id0,id1,dist): 133 149 3.2967391867196296
list:
dist: 3.2967391867196296 vs. 3.2967391867196296
--------
nle(id0,id1,dist): 132 134 1.5405325065946676
list:
dist: 1.5405325065946676 vs. 1.5405325065946676
--------
nle(id0,id1,dist): 132 133 2.3034099448083687
list:
dist: 2.3034099448083687 vs. 2.3034099448083687
--------
nle(id0,id1,dist): 132 136 2.839063863951786
list:
dist: 2.839063863951786 vs. 2.839063863951786
--------
nle(id0,id1,dist): 132 135 3.793732854635617
list:
dist: 3.793732854635617 vs. 3.793732854635617
--------
nle(id0,id1,dist): 132 138 2.1020333026419795
list:
dist: 2.1020333026419795 vs. 2.1020333026419795
--------
nle(id0,id1,dist): 132 137 2.7336713212206467
list:
dist: 2.7336713212206467 vs. 2.7336713212206467
--------
nle(id0,id1,dist): 132 140 1.8829805950363998
list:
dist: 1.8829805950363998 vs. 1.8829805950363998
--------
nle(id0,id1,dist): 132 139 2.4278183235831388
list:
dist: 2.4278183235831388 vs. 2.4278183235831388
--------
nle(id0,id1,dist): 132 142 2.189920446202768
list:
dist: 2.189920446202768 vs. 2.189920446202768
--------
nle(id0,id1,dist): 132 143 2.378828637243773
list:
dist: 2.378828637243773 vs. 2.378828637243773
--------
nle(id0,id1,dist): 132 144 2.972957746526389
list:
dist: 2.972957746526389 vs. 2.972957746526389
--------
nle(id0,id1,dist): 132 145 3.001779380537777
list:
dist: 3.001779380537777 vs. 3.001779380537777
--------
nle(id0,id1,dist): 132 146 2.768065073733307
list:
dist: 2.768065073733307 vs. 2.768065073733307
--------
nle(id0,id1,dist): 132 147 3.915779272208279
list:
dist: 3.915779272208279 vs. 3.915779272208279
--------
nle(id0,id1,dist): 132 148 2.523360391918112
list:
dist: 2.523360391918112 vs. 2.523360391918112
--------
nle(id0,id1,dist): 132 149 2.479560397400501
list:
dist: 2.479560397400501 vs. 2.479560397400501
--------
nle(id0,id1,dist): 131 147 3.144466812691915
list:
dist: 3.144466812691915 vs. 3.144466812691915
--------
nle(id0,id1,dist): 131 146 1.8655838910434244
list:
dist: 1.8655838910434244 vs. 1.8655838910434244
--------
nle(id0,id1,dist): 131 149 1.6956620373148714
list:
dist: 1.6956620373148714 vs. 1.6956620373148714
--------
nle(id0,id1,dist): 131 148 1.8159445126554163
list:
dist: 1.8159445126554163 vs. 1.8159445126554163
--------
nle(id0,id1,dist): 131 142 1.5110993678400069
list:
dist: 1.5110993678400069 vs. 1.5110993678400069
--------
nle(id0,id1,dist): 131 143 1.9908810972970492
list:
dist: 1.9908810972970492 vs. 1.9908810972970492
--------
nle(id0,id1,dist): 131 144 2.9491445971750303
list:
dist: 2.9491445971750303 vs. 2.9491445971750303
--------
nle(id0,id1,dist): 131 145 2.398329409893273
list:
dist: 2.398329409893273 vs. 2.398329409893273
--------
nle(id0,id1,dist): 131 138 1.3843684273658785
list:
dist: 1.3843684273658785 vs. 1.3843684273658785
--------
nle(id0,id1,dist): 131 139 2.5472169829640148
list:
dist: 2.5472169829640148 vs. 2.5472169829640148
--------
nle(id0,id1,dist): 131 140 1.0550424769475384
list:
dist: 1.0550424769475384 vs. 1.0550424769475384
--------
nle(id0,id1,dist): 131 134 1.1697840393794254
list:
dist: 1.1697840393794254 vs. 1.1697840393794254
--------
nle(id0,id1,dist): 131 135 3.1458366799514517
list:
dist: 3.1458366799514517 vs. 3.1458366799514517
--------
nle(id0,id1,dist): 131 136 2.1687533147279114
list:
dist: 2.1687533147279114 vs. 2.1687533147279114
--------
nle(id0,id1,dist): 131 137 2.2017059002175823
list:
dist: 2.2017059002175823 vs. 2.2017059002175823
--------
nle(id0,id1,dist): 131 132 0.9471631554957901
list:
dist: 0.9471631554957901 vs. 0.9471631554957901
--------
nle(id0,id1,dist): 131 133 2.1497307281758355
list:
dist: 2.1497307281758355 vs. 2.1497307281758355
--------
nle(id0,id1,dist): 130 149 2.3916923016842024
list:
dist: 2.3916923016842024 vs. 2.3916923016842024
--------
nle(id0,id1,dist): 130 147 3.457020614981671
list:
dist: 3.457020614981671 vs. 3.457020614981671
--------
nle(id0,id1,dist): 130 148 2.3129376945743254
list:
dist: 2.3129376945743254 vs. 2.3129376945743254
--------
nle(id0,id1,dist): 130 145 2.35563873747024
list:
dist: 2.35563873747024 vs. 2.35563873747024
--------
nle(id0,id1,dist): 130 146 2.458375184808387
list:
dist: 2.458375184808387 vs. 2.458375184808387
--------
nle(id0,id1,dist): 130 143 2.847793348833624
list:
dist: 2.847793348833624 vs. 2.847793348833624
--------
nle(id0,id1,dist): 130 144 2.2546869059695704
list:
dist: 2.2546869059695704 vs. 2.2546869059695704
--------
nle(id0,id1,dist): 130 142 1.1538758515669538
list:
dist: 1.1538758515669538 vs. 1.1538758515669538
--------
nle(id0,id1,dist): 130 139 3.429539388211442
list:
dist: 3.429539388211442 vs. 3.429539388211442
--------
nle(id0,id1,dist): 130 140 1.142288839886851
list:
dist: 1.142288839886851 vs. 1.142288839886851
--------
nle(id0,id1,dist): 130 137 1.5840827519465912
list:
dist: 1.5840827519465912 vs. 1.5840827519465912
--------
nle(id0,id1,dist): 130 138 1.8784425407563041
list:
dist: 1.8784425407563041 vs. 1.8784425407563041
--------
nle(id0,id1,dist): 130 135 3.0582570781996523
list:
dist: 3.0582570781996523 vs. 3.0582570781996523
--------
nle(id0,id1,dist): 130 136 2.1613774636893046
list:
dist: 2.1613774636893046 vs. 2.1613774636893046
--------
nle(id0,id1,dist): 130 132 1.264621945590902
list:
dist: 1.264621945590902 vs. 1.264621945590902
--------
nle(id0,id1,dist): 130 131 0.9503844445972345
list:
dist: 0.9503844445972345 vs. 0.9503844445972345
--------
nle(id0,id1,dist): 130 134 2.1139004133996036
list:
dist: 2.1139004133996036 vs. 2.1139004133996036
--------
nle(id0,id1,dist): 130 133 1.2381466386266762
list:
dist: 1.2381466386266762 vs. 1.2381466386266762
--------
nle(id0,id1,dist): 129 148 0.9265306199658613
list:
dist: 0.9265306199658613 vs. 0.9265306199658613
--------
nle(id0,id1,dist): 129 149 0.7639169712462128
list:
dist: 0.7639169712462128 vs. 0.7639169712462128
--------
nle(id0,id1,dist): 129 140 1.355945562229929
list:
dist: 1.355945562229929 vs. 1.355945562229929
--------
nle(id0,id1,dist): 129 142 1.7697558703720937
list:
dist: 1.7697558703720937 vs. 1.7697558703720937
--------
nle(id0,id1,dist): 129 143 2.560467453589152
list:
dist: 2.560467453589152 vs. 2.560467453589152
--------
nle(id0,id1,dist): 129 145 1.7460776432215506
list:
dist: 1.7460776432215506 vs. 1.7460776432215506
--------
nle(id0,id1,dist): 129 146 0.8467333060191706
list:
dist: 0.8467333060191706 vs. 0.8467333060191706
--------
nle(id0,id1,dist): 129 147 1.409995831265161
list:
dist: 1.409995831265161 vs. 1.409995831265161
--------
nle(id0,id1,dist): 129 135 2.1063402451380013
list:
dist: 2.1063402451380013 vs. 2.1063402451380013
--------
nle(id0,id1,dist): 129 134 2.1248444296232263
list:
dist: 2.1248444296232263 vs. 2.1248444296232263
--------
nle(id0,id1,dist): 129 133 3.174183544979104
list:
dist: 3.174183544979104 vs. 3.174183544979104
--------
nle(id0,id1,dist): 129 132 2.8984168621994746
list:
dist: 2.8984168621994746 vs. 2.8984168621994746
--------
nle(id0,id1,dist): 129 138 1.0537072619294734
list:
dist: 1.0537072619294734 vs. 1.0537072619294734
--------
nle(id0,id1,dist): 129 137 2.39866865707805
list:
dist: 2.39866865707805 vs. 2.39866865707805
--------
nle(id0,id1,dist): 129 136 1.4738216243403113
list:
dist: 1.4738216243403113 vs. 1.4738216243403113
--------
nle(id0,id1,dist): 129 131 2.0066571448448816
list:
dist: 2.0066571448448816 vs. 2.0066571448448816
--------
nle(id0,id1,dist): 129 130 2.461493139516385
list:
dist: 2.461493139516385 vs. 2.461493139516385
--------
nle(id0,id1,dist): 128 147 2.4694305553869915
list:
dist: 2.4694305553869915 vs. 2.4694305553869915
--------
nle(id0,id1,dist): 128 148 1.3610541503574984
list:
dist: 1.3610541503574984 vs. 1.3610541503574984
--------
nle(id0,id1,dist): 128 145 1.8005630639447385
list:
dist: 1.8005630639447385 vs. 1.8005630639447385
--------
nle(id0,id1,dist): 128 146 2.7130987839165663
list:
dist: 2.7130987839165663 vs. 2.7130987839165663
--------
nle(id0,id1,dist): 128 149 1.8406074219393989
list:
dist: 1.8406074219393989 vs. 1.8406074219393989
--------
nle(id0,id1,dist): 128 133 3.0141296425097646
list:
dist: 3.0141296425097646 vs. 3.0141296425097646
--------
nle(id0,id1,dist): 128 134 2.2128932254892093
list:
dist: 2.2128932254892093 vs. 2.2128932254892093
--------
nle(id0,id1,dist): 128 135 2.4896876291153753
list:
dist: 2.4896876291153753 vs. 2.4896876291153753
--------
nle(id0,id1,dist): 128 136 1.813365432253947
list:
dist: 1.813365432253947 vs. 1.813365432253947
--------
nle(id0,id1,dist): 128 129 2.268853160290046
list:
dist: 2.268853160290046 vs. 2.268853160290046
--------
nle(id0,id1,dist): 128 130 2.4318406405813584
list:
dist: 2.4318406405813584 vs. 2.4318406405813584
--------
nle(id0,id1,dist): 128 131 2.014877112939502
list:
dist: 2.014877112939502 vs. 2.014877112939502
--------
nle(id0,id1,dist): 128 132 2.1998050326653216
list:
dist: 2.1998050326653216 vs. 2.1998050326653216
--------
nle(id0,id1,dist): 128 142 2.2589780340334613
list:
dist: 2.2589780340334613 vs. 2.2589780340334613
--------
nle(id0,id1,dist): 128 143 3.203896131362909
list:
dist: 3.203896131362909 vs. 3.203896131362909
--------
nle(id0,id1,dist): 128 144 2.8841867635482252
list:
dist: 2.8841867635482252 vs. 2.8841867635482252
--------
nle(id0,id1,dist): 128 137 2.756646219080725
list:
dist: 2.756646219080725 vs. 2.756646219080725
--------
nle(id0,id1,dist): 128 138 1.2929412598015264
list:
dist: 1.2929412598015264 vs. 1.2929412598015264
--------
nle(id0,id1,dist): 128 139 3.0366300498837484
list:
dist: 3.0366300498837484 vs. 3.0366300498837484
--------
nle(id0,id1,dist): 128 140 1.9628638324597731
list:
dist: 1.9628638324597731 vs. 1.9628638324597731
--------
nle(id0,id1,dist): 127 140 1.7993929342414046
list:
dist: 1.7993929342414046 vs. 1.7993929342414046
--------
nle(id0,id1,dist): 127 138 1.9536767197293698
list:
dist: 1.9536767197293698 vs. 1.9536767197293698
--------
nle(id0,id1,dist): 127 139 2.7243793719817204
list:
dist: 2.7243793719817204 vs. 2.7243793719817204
--------
nle(id0,id1,dist): 127 136 2.562030000857297
list:
dist: 2.562030000857297 vs. 2.562030000857297
--------
nle(id0,id1,dist): 127 137 2.5096621985573577
list:
dist: 2.5096621985573577 vs. 2.5096621985573577
--------
nle(id0,id1,dist): 127 134 1.8198478961541522
list:
dist: 1.8198478961541522 vs. 1.8198478961541522
--------
nle(id0,id1,dist): 127 135 3.4769269844558064
list:
dist: 3.4769269844558064 vs. 3.4769269844558064
--------
nle(id0,id1,dist): 127 148 2.3630840925536334
list:
dist: 2.3630840925536334 vs. 2.3630840925536334
--------
nle(id0,id1,dist): 127 149 2.4774515676075204
list:
dist: 2.4774515676075204 vs. 2.4774515676075204
--------
nle(id0,id1,dist): 127 146 2.8983395154655596
list:
dist: 2.8983395154655596 vs. 2.8983395154655596
--------
nle(id0,id1,dist): 127 147 3.7233033285298154
list:
dist: 3.7233033285298154 vs. 3.7233033285298154
--------
nle(id0,id1,dist): 127 144 2.549423575030091
list:
dist: 2.549423575030091 vs. 2.549423575030091
--------
nle(id0,id1,dist): 127 145 2.6785618766452535
list:
dist: 2.6785618766452535 vs. 2.6785618766452535
--------
nle(id0,id1,dist): 127 142 2.02872754103832
list:
dist: 2.02872754103832 vs. 2.02872754103832
--------
nle(id0,id1,dist): 127 143 2.766201533176186
list:
dist: 2.766201533176186 vs. 2.766201533176186
--------
nle(id0,id1,dist): 127 133 2.0944832227128924
list:
dist: 2.0944832227128924 vs. 2.0944832227128924
--------
nle(id0,id1,dist): 127 132 0.5413000325856101
list:
dist: 0.5413000325856101 vs. 0.5413000325856101
--------
nle(id0,id1,dist): 127 131 1.1081220331764732
list:
dist: 1.1081220331764732 vs. 1.1081220331764732
--------
nle(id0,id1,dist): 127 130 1.2521455899882552
list:
dist: 1.2521455899882552 vs. 1.2521455899882552
--------
nle(id0,id1,dist): 127 129 2.8694296338897054
list:
dist: 2.8694296338897054 vs. 2.8694296338897054
--------
nle(id0,id1,dist): 127 128 1.840347062265517
list:
dist: 1.840347062265517 vs. 1.840347062265517
--------
nle(id0,id1,dist): 126 140 2.8793062197765056
list:
dist: 2.8793062197765056 vs. 2.8793062197765056
--------
nle(id0,id1,dist): 126 142 2.5012047839624354
list:
dist: 2.5012047839624354 vs. 2.5012047839624354
--------
nle(id0,id1,dist): 126 144 0.7770044033025839
list:
dist: 0.7770044033025839 vs. 0.7770044033025839
--------
nle(id0,id1,dist): 126 145 2.918330176280439
list:
dist: 2.918330176280439 vs. 2.918330176280439
--------
nle(id0,id1,dist): 126 128 3.105179110252697
list:
dist: 3.105179110252697 vs. 3.105179110252697
--------
nle(id0,id1,dist): 126 127 2.3817752178792975
list:
dist: 2.3817752178792975 vs. 2.3817752178792975
--------
nle(id0,id1,dist): 126 130 2.277638049127031
list:
dist: 2.277638049127031 vs. 2.277638049127031
--------
nle(id0,id1,dist): 126 132 2.7862185317487302
list:
dist: 2.7862185317487302 vs. 2.7862185317487302
--------
nle(id0,id1,dist): 126 131 2.9988852919577322
list:
dist: 2.9988852919577322 vs. 2.9988852919577322
--------
nle(id0,id1,dist): 126 133 1.4580285372270714
list:
dist: 1.4580285372270714 vs. 1.4580285372270714
--------
nle(id0,id1,dist): 126 136 2.9775305409792594
list:
dist: 2.9775305409792594 vs. 2.9775305409792594
--------
nle(id0,id1,dist): 126 135 3.4326152625718676
list:
dist: 3.4326152625718676 vs. 3.4326152625718676
--------
nle(id0,id1,dist): 126 138 3.3239342152639892
list:
dist: 3.3239342152639892 vs. 3.3239342152639892
--------
nle(id0,id1,dist): 126 137 2.1967636772391503
list:
dist: 2.1967636772391503 vs. 2.1967636772391503
--------
nle(id0,id1,dist): 125 146 2.5760870440785815
list:
dist: 2.5760870440785815 vs. 2.5760870440785815
--------
nle(id0,id1,dist): 125 147 3.679306681538905
list:
dist: 3.679306681538905 vs. 3.679306681538905
--------
nle(id0,id1,dist): 125 145 3.2779360929033445
list:
dist: 3.2779360929033445 vs. 3.2779360929033445
--------
nle(id0,id1,dist): 125 148 2.288778045635319
list:
dist: 2.288778045635319 vs. 2.288778045635319
--------
nle(id0,id1,dist): 125 149 2.0630732891898207
list:
dist: 2.0630732891898207 vs. 2.0630732891898207
--------
nle(id0,id1,dist): 125 131 1.582182537474139
list:
dist: 1.582182537474139 vs. 1.582182537474139
--------
nle(id0,id1,dist): 125 130 2.417800489440889
list:
dist: 2.417800489440889 vs. 2.417800489440889
--------
nle(id0,id1,dist): 125 129 2.757288848531672
list:
dist: 2.757288848531672 vs. 2.757288848531672
--------
nle(id0,id1,dist): 125 128 1.941820914245518
list:
dist: 1.941820914245518 vs. 1.941820914245518
--------
nle(id0,id1,dist): 125 135 4.031823290974924
list:
dist: 4.031823290974924 vs. 4.031823290974924
--------
nle(id0,id1,dist): 125 134 0.9434482721075739
list:
dist: 0.9434482721075739 vs. 0.9434482721075739
--------
nle(id0,id1,dist): 125 133 3.525647499105209
list:
dist: 3.525647499105209 vs. 3.525647499105209
--------
nle(id0,id1,dist): 125 132 1.4309353873872221
list:
dist: 1.4309353873872221 vs. 1.4309353873872221
--------
nle(id0,id1,dist): 125 139 1.219703081923808
list:
dist: 1.219703081923808 vs. 1.219703081923808
--------
nle(id0,id1,dist): 125 138 2.038016528920572
list:
dist: 2.038016528920572 vs. 2.038016528920572
--------
nle(id0,id1,dist): 125 137 3.6166263936992875
list:
dist: 3.6166263936992875 vs. 3.6166263936992875
--------
nle(id0,id1,dist): 125 136 3.1208447970220945
list:
dist: 3.1208447970220945 vs. 3.1208447970220945
--------
nle(id0,id1,dist): 125 143 1.776835929354552
list:
dist: 1.776835929354552 vs. 1.776835929354552
--------
nle(id0,id1,dist): 125 142 2.9226267120526046
list:
dist: 2.9226267120526046 vs. 2.9226267120526046
--------
nle(id0,id1,dist): 125 140 2.394031447892219
list:
dist: 2.394031447892219 vs. 2.394031447892219
2. Check the NeighborList query for coordinates against the neighbor list for consistency
list:
dist: 2.238364758573798 vs. 2.238364758573798
list:
dist: 2.4276800608785 vs. 2.4276800608785
list:
dist: 2.726535788350729 vs. 2.726535788350729
list:
dist: 1.8872062441533397 vs. 1.8872062441533397
list:
dist: 2.410219237240538 vs. 2.410219237240538
list:
dist: 2.21187279735342 vs. 2.21187279735342
list:
dist: 2.4003647229539986 vs. 2.4003647229539986
list:
dist: 2.688952360636443 vs. 2.688952360636443
list:
dist: 2.2978546795305363 vs. 2.2978546795305363
list:
dist: 2.422468723234584 vs. 2.422468723234584
list:
dist: 1.8872062441533397 vs. 1.8872062441533397
list:
dist: 1.0481829654283985 vs. 1.0481829654283985
list:
dist: 1.1266369711853512 vs. 1.1266369711853512
list:
dist: 0.9799879922068295 vs. 0.9799879922068295
list:
dist: 1.2139528339842103 vs. 1.2139528339842103
list:
dist: 2.4091269648022564 vs. 2.4091269648022564
list:
dist: 1.8747748645967526 vs. 1.8747748645967526
list:
dist: 1.8537643626051126 vs. 1.8537643626051126
list:
dist: 2.1449057963080334 vs. 2.1449057963080334
list:
dist: 1.7431031797090484 vs. 1.7431031797090484
list:
dist: 1.6769303491550624 vs. 1.6769303491550624
list:
dist: 2.033067659906265 vs. 2.033067659906265
list:
dist: 0.8540209657183737 vs. 0.8540209657183737
list:
dist: 3.0001548156699527 vs. 3.0001548156699527
list:
dist: 3.629320483059785 vs. 3.629320483059785
list:
dist: 3.186355676303276 vs. 3.186355676303276
list:
dist: 2.424387340724941 vs. 2.424387340724941
list:
dist: 2.588790978556726 vs. 2.588790978556726
list:
dist: 2.9164031238128976 vs. 2.9164031238128976
list:
dist: 3.3330980478725984 vs. 3.3330980478725984
list:
dist: 1.2339079765370096 vs. 1.2339079765370096
list:
dist: 2.410219237240538 vs. 2.410219237240538
list:
dist: 1.1709302016495742 vs. 1.1709302016495742
list:
dist: 1.55993995203778 vs. 1.55993995203778
list:
dist: 1.389659768312112 vs. 1.389659768312112
list:
dist: 1.2139528339842103 vs. 1.2139528339842103
list:
dist: 1.8172500647259653 vs. 1.8172500647259653
list:
dist: 0.9731210648121791 vs. 0.9731210648121791
list:
dist: 0.9137831141302315 vs. 0.9137831141302315
list:
dist: 1.3920768147166576 vs. 1.3920768147166576
list:
dist: 2.951392491693973 vs. 2.951392491693973
list:
dist: 2.8485820674961553 vs. 2.8485820674961553
list:
dist: 2.437751594335966 vs. 2.437751594335966
list:
dist: 1.8672778472378526 vs. 1.8672778472378526
list:
dist: 2.68195008495201 vs. 2.68195008495201
list:
dist: 3.574748868517524 vs. 3.574748868517524
list:
dist: 2.8537219418456736 vs. 2.8537219418456736
list:
dist: 2.553553577299801 vs. 2.553553577299801
list:
dist: 2.970448785076854 vs. 2.970448785076854
list:
dist: 2.312509040078231 vs. 2.312509040078231
list:
dist: 3.3890732389748903 vs. 3.3890732389748903
list:
dist: 1.1396263808985492 vs. 1.1396263808985492
list:
dist: 1.2382469071738076 vs. 1.2382469071738076
list:
dist: 2.4999909841187584 vs. 2.4999909841187584
list:
dist: 2.2961105254709375 vs. 2.2961105254709375
list:
dist: 1.8747748645967526 vs. 1.8747748645967526
list:
dist: 0.9731210648121791 vs. 0.9731210648121791
list:
dist: 0.9167295570269606 vs. 0.9167295570269606
list:
dist: 1.1200683478129838 vs. 1.1200683478129838
list:
dist: 1.0461416777610977 vs. 1.0461416777610977
list:
dist: 1.9525199879891693 vs. 1.9525199879891693
list:
dist: 2.2083174282106945 vs. 2.2083174282106945
list:
dist: 2.320112187663104 vs. 2.320112187663104
list:
dist: 2.074734981124869 vs. 2.074734981124869
list:
dist: 3.175693049101119 vs. 3.175693049101119
list:
dist: 2.638740734972869 vs. 2.638740734972869
list:
dist: 2.424098048902977 vs. 2.424098048902977
list:
dist: 3.004740384007844 vs. 3.004740384007844
list:
dist: 1.85480203583061 vs. 1.85480203583061
list:
dist: 3.235651287835091 vs. 3.235651287835091
list:
dist: 2.4003647229539986 vs. 2.4003647229539986
list:
dist: 2.1055716632201356 vs. 2.1055716632201356
list:
dist: 2.3764070148022864 vs. 2.3764070148022864
list:
dist: 2.222481746528532 vs. 2.222481746528532
list:
dist: 1.6769303491550624 vs. 1.6769303491550624
list:
dist: 2.8485820674961553 vs. 2.8485820674961553
list:
dist: 0.7712821171662949 vs. 0.7712821171662949
list:
dist: 2.0639369260343807 vs. 2.0639369260343807
list:
dist: 1.0778108757489613 vs. 1.0778108757489613
list:
dist: 2.5497996939410603 vs. 2.5497996939410603
list:
dist: 2.4276800608785 vs. 2.4276800608785
list:
dist: 2.0608976299815174 vs. 2.0608976299815174
list:
dist: 0.6919961443197542 vs. 0.6919961443197542
list:
dist: 1.1266369711853512 vs. 1.1266369711853512
list:
dist: 1.55993995203778 vs. 1.55993995203778
list:
dist: 3.2552967884166297 vs. 3.2552967884166297
list:
dist: 2.4999909841187584 vs. 2.4999909841187584
list:
dist: 2.1849374137071216 vs. 2.1849374137071216
list:
dist: 2.7613979862519287 vs. 2.7613979862519287
list:
dist: 2.125144657922971 vs. 2.125144657922971
list:
dist: 2.3764070148022864 vs. 2.3764070148022864
list:
dist: 3.146263816637039 vs. 3.146263816637039
list:
dist: 1.7836288542684444 vs. 1.7836288542684444
list:
dist: 3.9203592536858056 vs. 3.9203592536858056
list:
dist: 4.538318252229769 vs. 4.538318252229769
list:
dist: 3.834257481636788 vs. 3.834257481636788
list:
dist: 3.3131682394902002 vs. 3.3131682394902002
list:
dist: 3.423009688766055 vs. 3.423009688766055
list:
dist: 3.596780456004036 vs. 3.596780456004036
list:
dist: 4.118877795794359 vs. 4.118877795794359
list:
dist: 2.2978546795305363 vs. 2.2978546795305363
list:
dist: 1.1379045736407283 vs. 1.1379045736407283
list:
dist: 1.7836288542684444 vs. 1.7836288542684444
list:
dist: 1.434118059846282 vs. 1.434118059846282
list:
dist: 0.8540209657183737 vs. 0.8540209657183737
list:
dist: 1.8672778472378526 vs. 1.8672778472378526
list:
dist: 2.6010612151567107 vs. 2.6010612151567107
list:
dist: 2.320112187663104 vs. 2.320112187663104
list:
dist: 2.237809862163522 vs. 2.237809862163522
list:
dist: 2.321377367822773 vs. 2.321377367822773
list:
dist: 1.4903969974619853 vs. 1.4903969974619853
list:
dist: 1.0778108757489613 vs. 1.0778108757489613
list:
dist: 1.577044870387361 vs. 1.577044870387361
list:
dist: 2.793645328108018 vs. 2.793645328108018
list:
dist: 3.164402336944239 vs. 3.164402336944239
list:
dist: 2.938267178459732 vs. 2.938267178459732
list:
dist: 1.9371631479107783 vs. 1.9371631479107783
list:
dist: 1.925145110411041 vs. 1.925145110411041
list:
dist: 2.8806196426686106 vs. 2.8806196426686106
list:
dist: 2.811163219087351 vs. 2.811163219087351
list:
dist: 3.2877027178726252 vs. 3.2877027178726252
list:
dist: 4.504027993552543 vs. 4.504027993552543
list:
dist: 2.21187279735342 vs. 2.21187279735342
list:
dist: 2.47422135077918 vs. 2.47422135077918
list:
dist: 2.125144657922971 vs. 2.125144657922971
list:
dist: 2.1869962797254754 vs. 2.1869962797254754
list:
dist: 1.7431031797090484 vs. 1.7431031797090484
list:
dist: 2.951392491693973 vs. 2.951392491693973
list:
dist: 0.7712821171662949 vs. 0.7712821171662949
list:
dist: 2.6932456463271426 vs. 2.6932456463271426
list:
dist: 1.4903969974619853 vs. 1.4903969974619853
list:
dist: 1.3390531203470544 vs. 1.3390531203470544
list:
dist: 1.4610142346280715 vs. 1.4610142346280715
list:
dist: 2.1849374137071216 vs. 2.1849374137071216
list:
dist: 1.7760305556720113 vs. 1.7760305556720113
list:
dist: 1.8537643626051126 vs. 1.8537643626051126
list:
dist: 0.9137831141302315 vs. 0.9137831141302315
list:
dist: 1.788197557233955 vs. 1.788197557233955
list:
dist: 1.1200683478129838 vs. 1.1200683478129838
list:
dist: 0.7642851401367753 vs. 0.7642851401367753
list:
dist: 1.930020907943677 vs. 1.930020907943677
list:
dist: 2.564742457904456 vs. 2.564742457904456
list:
dist: 2.237809862163522 vs. 2.237809862163522
list:
dist: 2.2640304988075393 vs. 2.2640304988075393
list:
dist: 3.0910401473176883 vs. 3.0910401473176883
list:
dist: 2.1280461106291924 vs. 2.1280461106291924
list:
dist: 2.215626109863001 vs. 2.215626109863001
list:
dist: 2.704000855645656 vs. 2.704000855645656
list:
dist: 1.6033078355359136 vs. 1.6033078355359136
list:
dist: 2.8721301532363546 vs. 2.8721301532363546
list:
dist: 2.1849824279031447 vs. 2.1849824279031447
list:
dist: 2.238364758573798 vs. 2.238364758573798
list:
dist: 2.0608976299815174 vs. 2.0608976299815174
list:
dist: 1.7168348834947085 vs. 1.7168348834947085
list:
dist: 1.0481829654283985 vs. 1.0481829654283985
list:
dist: 1.1709302016495742 vs. 1.1709302016495742
list:
dist: 1.4827934478332585 vs. 1.4827934478332585
list:
dist: 1.2382469071738076 vs. 1.2382469071738076
list:
dist: 1.4610142346280715 vs. 1.4610142346280715
list:
dist: 1.3676284896063513 vs. 1.3676284896063513
list:
dist: 2.47422135077918 vs. 2.47422135077918
list:
dist: 2.1055716632201356 vs. 2.1055716632201356
list:
dist: 1.2755129091646986 vs. 1.2755129091646986
list:
dist: 1.1379045736407283 vs. 1.1379045736407283
list:
dist: 1.973898420251563 vs. 1.973898420251563
list:
dist: 2.731581035697122 vs. 2.731581035697122
list:
dist: 2.4200357603064417 vs. 2.4200357603064417
list:
dist: 1.6606311615297475 vs. 1.6606311615297475
list:
dist: 2.0547627452516704 vs. 2.0547627452516704
list:
dist: 2.030326689635528 vs. 2.030326689635528
list:
dist: 2.615813663932356 vs. 2.615813663932356
list:
dist: 1.7109456355021229 vs. 1.7109456355021229
list:
dist: 1.3676284896063513 vs. 1.3676284896063513
list:
dist: 2.7613979862519287 vs. 2.7613979862519287
list:
dist: 2.3090260582723228 vs. 2.3090260582723228
list:
dist: 2.1449057963080334 vs. 2.1449057963080334
list:
dist: 1.3920768147166576 vs. 1.3920768147166576
list:
dist: 1.2839155971202503 vs. 1.2839155971202503
list:
dist: 1.0461416777610977 vs. 1.0461416777610977
list:
dist: 0.7642851401367753 vs. 0.7642851401367753
list:
dist: 1.4066397828042152 vs. 1.4066397828042152
list:
dist: 2.157305579800827 vs. 2.157305579800827
list:
dist: 2.321377367822773 vs. 2.321377367822773
list:
dist: 1.5182217001151193 vs. 1.5182217001151193
list:
dist: 2.436553713813803 vs. 2.436553713813803
list:
dist: 1.6317711933091954 vs. 1.6317711933091954
list:
dist: 1.749443462546019 vs. 1.749443462546019
list:
dist: 2.363008865590029 vs. 2.363008865590029
list:
dist: 0.9261746482585822 vs. 0.9261746482585822
list:
dist: 2.381875582974407 vs. 2.381875582974407
list:
dist: 1.9374962686941155 vs. 1.9374962686941155
list:
dist: 1.4827934478332585 vs. 1.4827934478332585
list:
dist: 3.2552967884166297 vs. 3.2552967884166297
list:
dist: 2.9895920494028885 vs. 2.9895920494028885
list:
dist: 2.4091269648022564 vs. 2.4091269648022564
list:
dist: 1.8172500647259653 vs. 1.8172500647259653
list:
dist: 0.9167295570269606 vs. 0.9167295570269606
list:
dist: 1.788197557233955 vs. 1.788197557233955
list:
dist: 1.2839155971202503 vs. 1.2839155971202503
list:
dist: 1.773576467856482 vs. 1.773576467856482
list:
dist: 1.8685707532932354 vs. 1.8685707532932354
list:
dist: 2.6010612151567107 vs. 2.6010612151567107
list:
dist: 1.4715673215903404 vs. 1.4715673215903404
list:
dist: 2.6700983999845844 vs. 2.6700983999845844
list:
dist: 2.4999294255984714 vs. 2.4999294255984714
list:
dist: 2.2157201956004826 vs. 2.2157201956004826
list:
dist: 2.865343844372104 vs. 2.865343844372104
list:
dist: 1.668977185896047 vs. 1.668977185896047
list:
dist: 2.9713508970482216 vs. 2.9713508970482216
list:
dist: 1.6606311615297475 vs. 1.6606311615297475
list:
dist: 3.3131682394902002 vs. 3.3131682394902002
list:
dist: 2.725502055591173 vs. 2.725502055591173
list:
dist: 2.424387340724941 vs. 2.424387340724941
list:
dist: 2.553553577299801 vs. 2.553553577299801
list:
dist: 2.2157201956004826 vs. 2.2157201956004826
list:
dist: 2.424098048902977 vs. 2.424098048902977
list:
dist: 2.215626109863001 vs. 2.215626109863001
list:
dist: 1.749443462546019 vs. 1.749443462546019
list:
dist: 2.624767138656725 vs. 2.624767138656725
list:
dist: 1.3735415628317333 vs. 1.3735415628317333
list:
dist: 1.9371631479107783 vs. 1.9371631479107783
list:
dist: 1.324371599748112 vs. 1.324371599748112
list:
dist: 1.265037583296367 vs. 1.265037583296367
list:
dist: 1.2979562193200058 vs. 1.2979562193200058
list:
dist: 0.7057398127350403 vs. 0.7057398127350403
list:
dist: 1.5777486718311715 vs. 1.5777486718311715
list:
dist: 0.97727419470561 vs. 0.97727419470561
list:
dist: 1.8726797289947663 vs. 1.8726797289947663
list:
dist: 2.863736169516325 vs. 2.863736169516325
list:
dist: 1.9531562956344555 vs. 1.9531562956344555
list:
dist: 3.1217145151878856 vs. 3.1217145151878856
list:
dist: 2.688952360636443 vs. 2.688952360636443
list:
dist: 1.2755129091646986 vs. 1.2755129091646986
list:
dist: 3.146263816637039 vs. 3.146263816637039
list:
dist: 2.7802812153545244 vs. 2.7802812153545244
list:
dist: 2.033067659906265 vs. 2.033067659906265
list:
dist: 2.437751594335966 vs. 2.437751594335966
list:
dist: 1.8685707532932354 vs. 1.8685707532932354
list:
dist: 2.2083174282106945 vs. 2.2083174282106945
list:
dist: 2.564742457904456 vs. 2.564742457904456
list:
dist: 2.157305579800827 vs. 2.157305579800827
list:
dist: 2.6932456463271426 vs. 2.6932456463271426
list:
dist: 2.0639369260343807 vs. 2.0639369260343807
list:
dist: 1.577044870387361 vs. 1.577044870387361
list:
dist: 1.7222267972135057 vs. 1.7222267972135057
list:
dist: 2.144268914629968 vs. 2.144268914629968
list:
dist: 2.534712383936538 vs. 2.534712383936538
list:
dist: 1.3735415628317333 vs. 1.3735415628317333
list:
dist: 1.6465229990498824 vs. 1.6465229990498824
list:
dist: 2.3545477393553345 vs. 2.3545477393553345
list:
dist: 2.2508093034674435 vs. 2.2508093034674435
list:
dist: 1.8658196811228527 vs. 1.8658196811228527
list:
dist: 3.8022355510821524 vs. 3.8022355510821524
list:
dist: 2.030326689635528 vs. 2.030326689635528
list:
dist: 3.596780456004036 vs. 3.596780456004036
list:
dist: 3.0672483735044676 vs. 3.0672483735044676
list:
dist: 2.9164031238128976 vs. 2.9164031238128976
list:
dist: 2.312509040078231 vs. 2.312509040078231
list:
dist: 1.668977185896047 vs. 1.668977185896047
list:
dist: 1.85480203583061 vs. 1.85480203583061
list:
dist: 1.6033078355359136 vs. 1.6033078355359136
list:
dist: 0.9261746482585822 vs. 0.9261746482585822
list:
dist: 1.0775772096753953 vs. 1.0775772096753953
list:
dist: 2.3545477393553345 vs. 2.3545477393553345
list:
dist: 2.8806196426686106 vs. 2.8806196426686106
list:
dist: 1.0412205037576783 vs. 1.0412205037576783
list:
dist: 1.7794002449660582 vs. 1.7794002449660582
list:
dist: 0.9696607941071508 vs. 0.9696607941071508
list:
dist: 1.5777486718311715 vs. 1.5777486718311715
list:
dist: 2.2303915780652024 vs. 2.2303915780652024
list:
dist: 1.862022928115088 vs. 1.862022928115088
list:
dist: 2.660291085996462 vs. 2.660291085996462
list:
dist: 3.711068246926667 vs. 3.711068246926667
list:
dist: 2.04581357934455 vs. 2.04581357934455
list:
dist: 3.262037148922753 vs. 3.262037148922753
list:
dist: 2.1849824279031447 vs. 2.1849824279031447
list:
dist: 2.5497996939410603 vs. 2.5497996939410603
list:
dist: 2.4958319960324347 vs. 2.4958319960324347
list:
dist: 2.422468723234584 vs. 2.422468723234584
list:
dist: 1.2339079765370096 vs. 1.2339079765370096
list:
dist: 1.9374962686941155 vs. 1.9374962686941155
list:
dist: 1.1396263808985492 vs. 1.1396263808985492
list:
dist: 1.3390531203470544 vs. 1.3390531203470544
list:
dist: 1.7109456355021229 vs. 1.7109456355021229
list:
dist: 2.2705668653856557 vs. 2.2705668653856557
list:
dist: 2.2705668653856557 vs. 2.2705668653856557
list:
dist: 1.773576467856482 vs. 1.773576467856482
list:
dist: 1.9525199879891693 vs. 1.9525199879891693
list:
dist: 1.930020907943677 vs. 1.930020907943677
list:
dist: 1.4066397828042152 vs. 1.4066397828042152
list:
dist: 1.728376229690169 vs. 1.728376229690169
list:
dist: 2.647515886807956 vs. 2.647515886807956
list:
dist: 1.931436440267078 vs. 1.931436440267078
list:
dist: 2.624767138656725 vs. 2.624767138656725
list:
dist: 3.2977291947149476 vs. 3.2977291947149476
list:
dist: 1.0775772096753953 vs. 1.0775772096753953
list:
dist: 2.88947241176225 vs. 2.88947241176225
list:
dist: 2.4200357603064417 vs. 2.4200357603064417
list:
dist: 3.834257481636788 vs. 3.834257481636788
list:
dist: 3.2029384132841447 vs. 3.2029384132841447
list:
dist: 3.186355676303276 vs. 3.186355676303276
list:
dist: 2.8537219418456736 vs. 2.8537219418456736
list:
dist: 2.4999294255984714 vs. 2.4999294255984714
list:
dist: 2.638740734972869 vs. 2.638740734972869
list:
dist: 2.1280461106291924 vs. 2.1280461106291924
list:
dist: 1.6317711933091954 vs. 1.6317711933091954
list:
dist: 1.931436440267078 vs. 1.931436440267078
list:
dist: 2.534712383936538 vs. 2.534712383936538
list:
dist: 2.938267178459732 vs. 2.938267178459732
list:
dist: 1.4547952866900555 vs. 1.4547952866900555
list:
dist: 1.3948387138771505 vs. 1.3948387138771505
list:
dist: 1.2979562193200058 vs. 1.2979562193200058
list:
dist: 1.7371649277729682 vs. 1.7371649277729682
list:
dist: 0.9696607941071508 vs. 0.9696607941071508
list:
dist: 1.110987583350511 vs. 1.110987583350511
list:
dist: 2.566678909442651 vs. 2.566678909442651
list:
dist: 2.91785899410356 vs. 2.91785899410356
list:
dist: 1.477358787729652 vs. 1.477358787729652
list:
dist: 2.4438519307725155 vs. 2.4438519307725155
list:
dist: 2.4958319960324347 vs. 2.4958319960324347
list:
dist: 2.726535788350729 vs. 2.726535788350729
list:
dist: 1.7168348834947085 vs. 1.7168348834947085
list:
dist: 0.6919961443197542 vs. 0.6919961443197542
list:
dist: 0.9799879922068295 vs. 0.9799879922068295
list:
dist: 1.389659768312112 vs. 1.389659768312112
list:
dist: 2.9895920494028885 vs. 2.9895920494028885
list:
dist: 2.2961105254709375 vs. 2.2961105254709375
list:
dist: 1.7760305556720113 vs. 1.7760305556720113
list:
dist: 2.3090260582723228 vs. 2.3090260582723228
list:
dist: 2.1869962797254754 vs. 2.1869962797254754
list:
dist: 2.222481746528532 vs. 2.222481746528532
list:
dist: 2.7802812153545244 vs. 2.7802812153545244
list:
dist: 1.434118059846282 vs. 1.434118059846282
list:
dist: 3.4315496220336605 vs. 3.4315496220336605
list:
dist: 3.9529675440797387 vs. 3.9529675440797387
list:
dist: 3.2029384132841447 vs. 3.2029384132841447
list:
dist: 2.725502055591173 vs. 2.725502055591173
list:
dist: 2.818620218296223 vs. 2.818620218296223
list:
dist: 3.0672483735044676 vs. 3.0672483735044676
list:
dist: 3.4765478732576542 vs. 3.4765478732576542
list:
dist: 1.973898420251563 vs. 1.973898420251563
list:
dist: 3.9203592536858056 vs. 3.9203592536858056
list:
dist: 3.4315496220336605 vs. 3.4315496220336605
list:
dist: 3.0001548156699527 vs. 3.0001548156699527
list:
dist: 2.68195008495201 vs. 2.68195008495201
list:
dist: 1.4715673215903404 vs. 1.4715673215903404
list:
dist: 2.074734981124869 vs. 2.074734981124869
list:
dist: 2.2640304988075393 vs. 2.2640304988075393
list:
dist: 1.5182217001151193 vs. 1.5182217001151193
list:
dist: 1.728376229690169 vs. 1.728376229690169
list:
dist: 1.7222267972135057 vs. 1.7222267972135057
list:
dist: 2.793645328108018 vs. 2.793645328108018
list:
dist: 1.2311479479634373 vs. 1.2311479479634373
list:
dist: 1.4547952866900555 vs. 1.4547952866900555
list:
dist: 1.324371599748112 vs. 1.324371599748112
list:
dist: 1.9952757994477348 vs. 1.9952757994477348
list:
dist: 1.0412205037576783 vs. 1.0412205037576783
list:
dist: 1.7178140795535 vs. 1.7178140795535
list:
dist: 1.7070870763942094 vs. 1.7070870763942094
list:
dist: 3.3768509762028085 vs. 3.3768509762028085
list:
dist: 1.8225750711791306 vs. 1.8225750711791306
list:
dist: 3.326333946949588 vs. 3.326333946949588
list:
dist: 1.8225750711791306 vs. 1.8225750711791306
list:
dist: 0.8748650859021737 vs. 0.8748650859021737
list:
dist: 1.477358787729652 vs. 1.477358787729652
list:
dist: 1.9531562956344555 vs. 1.9531562956344555
list:
dist: 2.201169632025887 vs. 2.201169632025887
list:
dist: 2.04581357934455 vs. 2.04581357934455
list:
dist: 1.228749038767992 vs. 1.228749038767992
list:
dist: 1.9844689751214422 vs. 1.9844689751214422
list:
dist: 1.8999372295123076 vs. 1.8999372295123076
list:
dist: 1.5670100748176554 vs. 1.5670100748176554
list:
dist: 3.2709307689576232 vs. 3.2709307689576232
list:
dist: 2.731581035697122 vs. 2.731581035697122
list:
dist: 4.538318252229769 vs. 4.538318252229769
list:
dist: 3.9529675440797387 vs. 3.9529675440797387
list:
dist: 3.629320483059785 vs. 3.629320483059785
list:
dist: 3.574748868517524 vs. 3.574748868517524
list:
dist: 2.6700983999845844 vs. 2.6700983999845844
list:
dist: 3.175693049101119 vs. 3.175693049101119
list:
dist: 3.0910401473176883 vs. 3.0910401473176883
list:
dist: 2.436553713813803 vs. 2.436553713813803
list:
dist: 2.647515886807956 vs. 2.647515886807956
list:
dist: 2.144268914629968 vs. 2.144268914629968
list:
dist: 3.164402336944239 vs. 3.164402336944239
list:
dist: 1.2311479479634373 vs. 1.2311479479634373
list:
dist: 1.3948387138771505 vs. 1.3948387138771505
list:
dist: 1.265037583296367 vs. 1.265037583296367
list:
dist: 1.5875045049860992 vs. 1.5875045049860992
list:
dist: 1.7794002449660582 vs. 1.7794002449660582
list:
dist: 0.9051290952583183 vs. 0.9051290952583183
list:
dist: 1.2785463300292246 vs. 1.2785463300292246
list:
dist: 2.1487639966149863 vs. 2.1487639966149863
list:
dist: 0.8748650859021737 vs. 0.8748650859021737
list:
dist: 2.329631230748822 vs. 2.329631230748822
list:
dist: 3.2709307689576232 vs. 3.2709307689576232
list:
dist: 2.1661265909304213 vs. 2.1661265909304213
list:
dist: 1.8658196811228527 vs. 1.8658196811228527
list:
dist: 3.2877027178726252 vs. 3.2877027178726252
list:
dist: 1.7070870763942094 vs. 1.7070870763942094
list:
dist: 1.2785463300292246 vs. 1.2785463300292246
list:
dist: 2.566678909442651 vs. 2.566678909442651
list:
dist: 1.8726797289947663 vs. 1.8726797289947663
list:
dist: 2.0792703360701115 vs. 2.0792703360701115
list:
dist: 2.660291085996462 vs. 2.660291085996462
list:
dist: 1.949844341179744 vs. 1.949844341179744
list:
dist: 2.6338645131910994 vs. 2.6338645131910994
list:
dist: 1.9844689751214422 vs. 1.9844689751214422
list:
dist: 3.352371129395257 vs. 3.352371129395257
list:
dist: 2.0547627452516704 vs. 2.0547627452516704
list:
dist: 3.423009688766055 vs. 3.423009688766055
list:
dist: 2.818620218296223 vs. 2.818620218296223
list:
dist: 2.588790978556726 vs. 2.588790978556726
list:
dist: 2.970448785076854 vs. 2.970448785076854
list:
dist: 2.865343844372104 vs. 2.865343844372104
list:
dist: 3.004740384007844 vs. 3.004740384007844
list:
dist: 2.704000855645656 vs. 2.704000855645656
list:
dist: 2.363008865590029 vs. 2.363008865590029
list:
dist: 3.2977291947149476 vs. 3.2977291947149476
list:
dist: 1.6465229990498824 vs. 1.6465229990498824
list:
dist: 1.925145110411041 vs. 1.925145110411041
list:
dist: 1.9952757994477348 vs. 1.9952757994477348
list:
dist: 1.5875045049860992 vs. 1.5875045049860992
list:
dist: 1.7371649277729682 vs. 1.7371649277729682
list:
dist: 0.7057398127350403 vs. 0.7057398127350403
list:
dist: 2.2303915780652024 vs. 2.2303915780652024
list:
dist: 1.0226830694476867 vs. 1.0226830694476867
list:
dist: 2.0792703360701115 vs. 2.0792703360701115
list:
dist: 2.5927319703446616 vs. 2.5927319703446616
list:
dist: 2.201169632025887 vs. 2.201169632025887
list:
dist: 3.1087705796166416 vs. 3.1087705796166416
list:
dist: 2.615813663932356 vs. 2.615813663932356
list:
dist: 4.118877795794359 vs. 4.118877795794359
list:
dist: 3.4765478732576542 vs. 3.4765478732576542
list:
dist: 3.3330980478725984 vs. 3.3330980478725984
list:
dist: 3.3890732389748903 vs. 3.3890732389748903
list:
dist: 2.9713508970482216 vs. 2.9713508970482216
list:
dist: 3.235651287835091 vs. 3.235651287835091
list:
dist: 2.8721301532363546 vs. 2.8721301532363546
list:
dist: 2.381875582974407 vs. 2.381875582974407
list:
dist: 2.88947241176225 vs. 2.88947241176225
list:
dist: 2.2508093034674435 vs. 2.2508093034674435
list:
dist: 2.811163219087351 vs. 2.811163219087351
list:
dist: 1.7178140795535 vs. 1.7178140795535
list:
dist: 0.9051290952583183 vs. 0.9051290952583183
list:
dist: 1.110987583350511 vs. 1.110987583350511
list:
dist: 0.97727419470561 vs. 0.97727419470561
list:
dist: 1.0226830694476867 vs. 1.0226830694476867
list:
dist: 1.862022928115088 vs. 1.862022928115088
list:
dist: 1.949844341179744 vs. 1.949844341179744
list:
dist: 2.0088704428194326 vs. 2.0088704428194326
list:
dist: 1.228749038767992 vs. 1.228749038767992
list:
dist: 2.1653058932303417 vs. 2.1653058932303417
list:
dist: 3.8022355510821524 vs. 3.8022355510821524
list:
dist: 4.504027993552543 vs. 4.504027993552543
list:
dist: 3.3768509762028085 vs. 3.3768509762028085
list:
dist: 2.1487639966149863 vs. 2.1487639966149863
list:
dist: 2.91785899410356 vs. 2.91785899410356
list:
dist: 2.863736169516325 vs. 2.863736169516325
list:
dist: 2.5927319703446616 vs. 2.5927319703446616
list:
dist: 3.711068246926667 vs. 3.711068246926667
list:
dist: 2.0088704428194326 vs. 2.0088704428194326
list:
dist: 2.6338645131910994 vs. 2.6338645131910994
list:
dist: 1.8999372295123076 vs. 1.8999372295123076
list:
dist: 1.6538806554415482 vs. 1.6538806554415482
list:
dist: 3.326333946949588 vs. 3.326333946949588
list:
dist: 2.329631230748822 vs. 2.329631230748822
list:
dist: 2.4438519307725155 vs. 2.4438519307725155
list:
dist: 3.1217145151878856 vs. 3.1217145151878856
list:
dist: 3.1087705796166416 vs. 3.1087705796166416
list:
dist: 3.262037148922753 vs. 3.262037148922753
list:
dist: 2.1653058932303417 vs. 2.1653058932303417
list:
dist: 3.352371129395257 vs. 3.352371129395257
list:
dist: 1.6538806554415482 vs. 1.6538806554415482
list:
dist: 1.5670100748176554 vs. 1.5670100748176554
list:
dist: 2.1661265909304213 vs. 2.1661265909304213
list:
dist: 1.8888024703305135 vs. 1.8888024703305135
list:
dist: 1.171603204542518 vs. 1.171603204542518
list:
dist: 1.1344857311771004 vs. 1.1344857311771004
list:
dist: 1.6639292719967451 vs. 1.6639292719967451
list:
dist: 1.6048618284664942 vs. 1.6048618284664942
list:
dist: 2.162339939366177 vs. 2.162339939366177
list:
dist: 1.561580980994839 vs. 1.561580980994839
list:
dist: 1.1996897167187475 vs. 1.1996897167187475
list:
dist: 1.8159488106235624 vs. 1.8159488106235624
list:
dist: 1.4633796543608382 vs. 1.4633796543608382
list:
dist: 2.544206389421543 vs. 2.544206389421543
list:
dist: 2.232281868720016 vs. 2.232281868720016
list:
dist: 3.2155977870679693 vs. 3.2155977870679693
list:
dist: 2.763457980284274 vs. 2.763457980284274
list:
dist: 2.256031008173894 vs. 2.256031008173894
list:
dist: 2.3190339558046427 vs. 2.3190339558046427
list:
dist: 2.790036255346392 vs. 2.790036255346392
list:
dist: 3.1927271277976956 vs. 3.1927271277976956
list:
dist: 2.4615867929117266 vs. 2.4615867929117266
list:
dist: 1.91671069176045 vs. 1.91671069176045
list:
dist: 2.063986447600971 vs. 2.063986447600971
list:
dist: 2.175217278305704 vs. 2.175217278305704
list:
dist: 3.5211614804028932 vs. 3.5211614804028932
list:
dist: 3.2081634311008127 vs. 3.2081634311008127
list:
dist: 1.2537018889180112 vs. 1.2537018889180112
list:
dist: 0.8645469627116484 vs. 0.8645469627116484
list:
dist: 2.1736952768926443 vs. 2.1736952768926443
list:
dist: 1.8483297790235989 vs. 1.8483297790235989
list:
dist: 1.9822134745362023 vs. 1.9822134745362023
list:
dist: 3.2414233070674783 vs. 3.2414233070674783
list:
dist: 2.7009980008191037 vs. 2.7009980008191037
list:
dist: 1.8888024703305135 vs. 1.8888024703305135
list:
dist: 2.73007736529186 vs. 2.73007736529186
list:
dist: 2.518519489960885 vs. 2.518519489960885
list:
dist: 1.5936706805339735 vs. 1.5936706805339735
list:
dist: 2.994213131007438 vs. 2.994213131007438
list:
dist: 2.3198456197065718 vs. 2.3198456197065718
list:
dist: 2.2203537869692815 vs. 2.2203537869692815
list:
dist: 1.5184601203137835 vs. 1.5184601203137835
list:
dist: 2.65124775792538 vs. 2.65124775792538
list:
dist: 2.339779296706732 vs. 2.339779296706732
list:
dist: 2.648030611056007 vs. 2.648030611056007
list:
dist: 1.9822134745362023 vs. 1.9822134745362023
list:
dist: 2.5406644841918484 vs. 2.5406644841918484
list:
dist: 1.4005479954000306 vs. 1.4005479954000306
list:
dist: 1.8698377141509739 vs. 1.8698377141509739
list:
dist: 1.2479148965604532 vs. 1.2479148965604532
list:
dist: 0.5821156332250847 vs. 0.5821156332250847
list:
dist: 2.697058073825087 vs. 2.697058073825087
list:
dist: 2.448295302687445 vs. 2.448295302687445
list:
dist: 2.162339939366177 vs. 2.162339939366177
list:
dist: 1.5266805491492668 vs. 1.5266805491492668
list:
dist: 1.385899286191953 vs. 1.385899286191953
list:
dist: 3.1803656280695463 vs. 3.1803656280695463
list:
dist: 2.674793829681021 vs. 2.674793829681021
list:
dist: 2.2111999156512256 vs. 2.2111999156512256
list:
dist: 2.7811905642708377 vs. 2.7811905642708377
list:
dist: 3.0202597471624637 vs. 3.0202597471624637
list:
dist: 1.7447367766431985 vs. 1.7447367766431985
list:
dist: 1.3736282630373213 vs. 1.3736282630373213
list:
dist: 1.2198738523953438 vs. 1.2198738523953438
list:
dist: 1.8292224683574125 vs. 1.8292224683574125
list:
dist: 3.384270876568425 vs. 3.384270876568425
list:
dist: 2.6305156463484174 vs. 2.6305156463484174
list:
dist: 2.6862342923430407 vs. 2.6862342923430407
list:
dist: 2.2340012682284756 vs. 2.2340012682284756
list:
dist: 3.347192021154194 vs. 3.347192021154194
list:
dist: 1.2537018889180112 vs. 1.2537018889180112
list:
dist: 1.0295175521918027 vs. 1.0295175521918027
list:
dist: 1.6755788758682764 vs. 1.6755788758682764
list:
dist: 1.0331260607645716 vs. 1.0331260607645716
list:
dist: 1.4005479954000306 vs. 1.4005479954000306
list:
dist: 2.098712898710931 vs. 2.098712898710931
list:
dist: 1.5665783705894827 vs. 1.5665783705894827
list:
dist: 1.171603204542518 vs. 1.171603204542518
list:
dist: 1.5237176306885287 vs. 1.5237176306885287
list:
dist: 1.409323169554283 vs. 1.409323169554283
list:
dist: 4.365576834049408 vs. 4.365576834049408
list:
dist: 3.0546960794828837 vs. 3.0546960794828837
list:
dist: 2.633651150371945 vs. 2.633651150371945
list:
dist: 3.5098713152914733 vs. 3.5098713152914733
list:
dist: 3.349928708253298 vs. 3.349928708253298
list:
dist: 2.3453230926675377 vs. 2.3453230926675377
list:
dist: 2.210840459323295 vs. 2.210840459323295
list:
dist: 2.437587531623043 vs. 2.437587531623043
list:
dist: 2.971454268739041 vs. 2.971454268739041
list:
dist: 3.1275888130248206 vs. 3.1275888130248206
list:
dist: 2.558907847599527 vs. 2.558907847599527
list:
dist: 2.563042679006346 vs. 2.563042679006346
list:
dist: 2.3577538667194724 vs. 2.3577538667194724
list:
dist: 3.8693832046445054 vs. 3.8693832046445054
list:
dist: 2.518519489960885 vs. 2.518519489960885
list:
dist: 3.155877088482108 vs. 3.155877088482108
list:
dist: 1.409323169554283 vs. 1.409323169554283
list:
dist: 1.986461481617967 vs. 1.986461481617967
list:
dist: 1.2612568535472657 vs. 1.2612568535472657
list:
dist: 0.916891424923577 vs. 0.916891424923577
list:
dist: 1.385899286191953 vs. 1.385899286191953
list:
dist: 1.364008909586482 vs. 1.364008909586482
list:
dist: 1.337931852353948 vs. 1.337931852353948
list:
dist: 1.4633796543608382 vs. 1.4633796543608382
list:
dist: 0.5961512275777958 vs. 0.5961512275777958
list:
dist: 1.9425649064685588 vs. 1.9425649064685588
list:
dist: 1.8288871676029255 vs. 1.8288871676029255
list:
dist: 2.551570867193901 vs. 2.551570867193901
list:
dist: 2.2130388657040854 vs. 2.2130388657040854
list:
dist: 1.0712304842888118 vs. 1.0712304842888118
list:
dist: 1.1271664867039017 vs. 1.1271664867039017
list:
dist: 1.8774491961738975 vs. 1.8774491961738975
list:
dist: 2.4046722267543443 vs. 2.4046722267543443
list:
dist: 2.0175813198076344 vs. 2.0175813198076344
list:
dist: 1.385158846824074 vs. 1.385158846824074
list:
dist: 1.3368417429812298 vs. 1.3368417429812298
list:
dist: 1.0019372240712028 vs. 1.0019372240712028
list:
dist: 2.482920776221049 vs. 2.482920776221049
list:
dist: 2.5578006756612917 vs. 2.5578006756612917
list:
dist: 3.2414233070674783 vs. 3.2414233070674783
list:
dist: 2.098712898710931 vs. 2.098712898710931
list:
dist: 2.606821647271535 vs. 2.606821647271535
list:
dist: 2.3791552042008273 vs. 2.3791552042008273
list:
dist: 2.1781532857425367 vs. 2.1781532857425367
list:
dist: 2.697058073825087 vs. 2.697058073825087
list:
dist: 0.6889710484541068 vs. 0.6889710484541068
list:
dist: 1.561580980994839 vs. 1.561580980994839
list:
dist: 1.3967683818033874 vs. 1.3967683818033874
list:
dist: 1.364008909586482 vs. 1.364008909586482
list:
dist: 2.4366699658403266 vs. 2.4366699658403266
list:
dist: 2.6124128303152228 vs. 2.6124128303152228
list:
dist: 3.3637705784409637 vs. 3.3637705784409637
list:
dist: 2.5439953176393204 vs. 2.5439953176393204
list:
dist: 2.0351109319430263 vs. 2.0351109319430263
list:
dist: 2.3198632382258797 vs. 2.3198632382258797
list:
dist: 3.1940751402689047 vs. 3.1940751402689047
list:
dist: 3.6518063271694454 vs. 3.6518063271694454
list:
dist: 1.1890993655287476 vs. 1.1890993655287476
list:
dist: 1.283486486171815 vs. 1.283486486171815
list:
dist: 0.9520840218093777 vs. 0.9520840218093777
list:
dist: 1.2337733773854407 vs. 1.2337733773854407
list:
dist: 2.7378062585605853 vs. 2.7378062585605853
list:
dist: 1.6996892834132047 vs. 1.6996892834132047
list:
dist: 2.3577538667194724 vs. 2.3577538667194724
list:
dist: 2.9285966041664544 vs. 2.9285966041664544
list:
dist: 2.0111451675919865 vs. 2.0111451675919865
list:
dist: 1.8716579650145213 vs. 1.8716579650145213
list:
dist: 2.2340012682284756 vs. 2.2340012682284756
list:
dist: 1.2337733773854407 vs. 1.2337733773854407
list:
dist: 1.6393464252352044 vs. 1.6393464252352044
list:
dist: 2.175217278305704 vs. 2.175217278305704
list:
dist: 1.0304978393838788 vs. 1.0304978393838788
list:
dist: 1.0019372240712028 vs. 1.0019372240712028
list:
dist: 1.8079407952114934 vs. 1.8079407952114934
list:
dist: 2.1106624627547443 vs. 2.1106624627547443
list:
dist: 2.585084090585564 vs. 2.585084090585564
list:
dist: 1.955789232553472 vs. 1.955789232553472
list:
dist: 1.0822613368724279 vs. 1.0822613368724279
list:
dist: 1.4178126301715177 vs. 1.4178126301715177
list:
dist: 2.4002086427464704 vs. 2.4002086427464704
list:
dist: 2.840820941502955 vs. 2.840820941502955
list:
dist: 1.318335223923331 vs. 1.318335223923331
list:
dist: 1.027705373768781 vs. 1.027705373768781
list:
dist: 0.6612285840301474 vs. 0.6612285840301474
list:
dist: 1.7574425651175767 vs. 1.7574425651175767
list:
dist: 1.6802255065551124 vs. 1.6802255065551124
list:
dist: 2.374190402704834 vs. 2.374190402704834
list:
dist: 2.380393714180092 vs. 2.380393714180092
list:
dist: 2.7009980008191037 vs. 2.7009980008191037
list:
dist: 1.5665783705894827 vs. 1.5665783705894827
list:
dist: 2.1595224494084246 vs. 2.1595224494084246
list:
dist: 2.3079268850389667 vs. 2.3079268850389667
list:
dist: 1.930693926138981 vs. 1.930693926138981
list:
dist: 2.448295302687445 vs. 2.448295302687445
list:
dist: 0.6889710484541068 vs. 0.6889710484541068
list:
dist: 1.1996897167187475 vs. 1.1996897167187475
list:
dist: 1.31522413144755 vs. 1.31522413144755
list:
dist: 1.337931852353948 vs. 1.337931852353948
list:
dist: 2.809318559434962 vs. 2.809318559434962
list:
dist: 2.7949525593137308 vs. 2.7949525593137308
list:
dist: 3.641809492894641 vs. 3.641809492894641
list:
dist: 2.977670436435183 vs. 2.977670436435183
list:
dist: 2.2768377148075682 vs. 2.2768377148075682
list:
dist: 2.4444290436847433 vs. 2.4444290436847433
list:
dist: 3.1769616222371497 vs. 3.1769616222371497
list:
dist: 3.6859149641687505 vs. 3.6859149641687505
list:
dist: 1.8750067827837005 vs. 1.8750067827837005
list:
dist: 1.7831169329978336 vs. 1.7831169329978336
list:
dist: 1.5490673302569724 vs. 1.5490673302569724
list:
dist: 1.6393464252352044 vs. 1.6393464252352044
list:
dist: 3.281295660841731 vs. 3.281295660841731
list:
dist: 2.3358372158720173 vs. 2.3358372158720173
list:
dist: 2.8848336156042644 vs. 2.8848336156042644
list:
dist: 2.5406644841918484 vs. 2.5406644841918484
list:
dist: 2.7322223526828444 vs. 2.7322223526828444
list:
dist: 3.155877088482108 vs. 3.155877088482108
list:
dist: 2.73007736529186 vs. 2.73007736529186
list:
dist: 2.7322223526828444 vs. 2.7322223526828444
list:
dist: 1.5237176306885287 vs. 1.5237176306885287
list:
dist: 2.3328936424373623 vs. 2.3328936424373623
list:
dist: 1.793990797980272 vs. 1.793990797980272
list:
dist: 1.1941505334343578 vs. 1.1941505334343578
list:
dist: 1.5266805491492668 vs. 1.5266805491492668
list:
dist: 1.3967683818033874 vs. 1.3967683818033874
list:
dist: 1.31522413144755 vs. 1.31522413144755
list:
dist: 1.8159488106235624 vs. 1.8159488106235624
list:
dist: 0.5961512275777958 vs. 0.5961512275777958
list:
dist: 2.4292209741486603 vs. 2.4292209741486603
list:
dist: 2.3921506627007103 vs. 2.3921506627007103
list:
dist: 3.029836717045102 vs. 3.029836717045102
list:
dist: 2.676278242907686 vs. 2.676278242907686
list:
dist: 1.4401139174586397 vs. 1.4401139174586397
list:
dist: 1.473774420636118 vs. 1.473774420636118
list:
dist: 2.193699807023102 vs. 2.193699807023102
list:
dist: 2.778915107269787 vs. 2.778915107269787
list:
dist: 2.1406071916308025 vs. 2.1406071916308025
list:
dist: 1.754683706958053 vs. 1.754683706958053
list:
dist: 1.495491564626007 vs. 1.495491564626007
list:
dist: 1.0304978393838788 vs. 1.0304978393838788
list:
dist: 2.6854810013181427 vs. 2.6854810013181427
list:
dist: 2.4641935980508873 vs. 2.4641935980508873
list:
dist: 2.210840459323295 vs. 2.210840459323295
list:
dist: 2.5340583861920285 vs. 2.5340583861920285
list:
dist: 1.0814562841415207 vs. 1.0814562841415207
list:
dist: 1.2474326725377933 vs. 1.2474326725377933
list:
dist: 1.3736282630373213 vs. 1.3736282630373213
list:
dist: 2.3198632382258797 vs. 2.3198632382258797
list:
dist: 2.4444290436847433 vs. 2.4444290436847433
list:
dist: 2.3190339558046427 vs. 2.3190339558046427
list:
dist: 1.473774420636118 vs. 1.473774420636118
list:
dist: 1.1271664867039017 vs. 1.1271664867039017
list:
dist: 2.4444896536261935 vs. 2.4444896536261935
list:
dist: 1.4687236433472077 vs. 1.4687236433472077
list:
dist: 1.3166161380880443 vs. 1.3166161380880443
list:
dist: 1.6710298898754012 vs. 1.6710298898754012
list:
dist: 1.7908745609530892 vs. 1.7908745609530892
list:
dist: 0.4645764405038405 vs. 0.4645764405038405
list:
dist: 1.001992554854204 vs. 1.001992554854204
list:
dist: 1.4313114367790551 vs. 1.4313114367790551
list:
dist: 2.511716626834504 vs. 2.511716626834504
list:
dist: 1.6817717032699036 vs. 1.6817717032699036
list:
dist: 1.8380508699880398 vs. 1.8380508699880398
list:
dist: 1.4178126301715177 vs. 1.4178126301715177
list:
dist: 2.0052322670540033 vs. 2.0052322670540033
list:
dist: 1.7492754343293084 vs. 1.7492754343293084
list:
dist: 2.632492123847099 vs. 2.632492123847099
list:
dist: 2.437587531623043 vs. 2.437587531623043
list:
dist: 2.5780029758254823 vs. 2.5780029758254823
list:
dist: 1.2076027296154963 vs. 1.2076027296154963
list:
dist: 1.4364354019403267 vs. 1.4364354019403267
list:
dist: 1.2198738523953438 vs. 1.2198738523953438
list:
dist: 3.1940751402689047 vs. 3.1940751402689047
list:
dist: 3.1769616222371497 vs. 3.1769616222371497
list:
dist: 2.790036255346392 vs. 2.790036255346392
list:
dist: 2.193699807023102 vs. 2.193699807023102
list:
dist: 1.8774491961738975 vs. 1.8774491961738975
list:
dist: 1.9679939425878714 vs. 1.9679939425878714
list:
dist: 2.10512197347475 vs. 2.10512197347475
list:
dist: 1.6346322094537213 vs. 1.6346322094537213
list:
dist: 1.8094306757090282 vs. 1.8094306757090282
list:
dist: 2.444921169227798 vs. 2.444921169227798
list:
dist: 1.4420355318173372 vs. 1.4420355318173372
list:
dist: 1.001992554854204 vs. 1.001992554854204
list:
dist: 0.6478346476020277 vs. 0.6478346476020277
list:
dist: 3.490368990707081 vs. 3.490368990707081
list:
dist: 2.598555424980337 vs. 2.598555424980337
list:
dist: 2.8185774921287976 vs. 2.8185774921287976
list:
dist: 2.4002086427464704 vs. 2.4002086427464704
list:
dist: 2.8034056654943127 vs. 2.8034056654943127
list:
dist: 2.112334125091321 vs. 2.112334125091321
list:
dist: 3.373566035670973 vs. 3.373566035670973
list:
dist: 0.8645469627116484 vs. 0.8645469627116484
list:
dist: 1.0295175521918027 vs. 1.0295175521918027
list:
dist: 1.600661532105343 vs. 1.600661532105343
list:
dist: 1.5171867580923168 vs. 1.5171867580923168
list:
dist: 1.8698377141509739 vs. 1.8698377141509739
list:
dist: 2.606821647271535 vs. 2.606821647271535
list:
dist: 2.1595224494084246 vs. 2.1595224494084246
list:
dist: 1.1344857311771004 vs. 1.1344857311771004
list:
dist: 2.3328936424373623 vs. 2.3328936424373623
list:
dist: 1.986461481617967 vs. 1.986461481617967
list:
dist: 4.344943301409058 vs. 4.344943301409058
list:
dist: 3.0379266855335088 vs. 3.0379266855335088
list:
dist: 2.4491123950283877 vs. 2.4491123950283877
list:
dist: 3.3884009328652955 vs. 3.3884009328652955
list:
dist: 3.324823491127431 vs. 3.324823491127431
list:
dist: 2.6697042065604726 vs. 2.6697042065604726
list:
dist: 2.5340583861920285 vs. 2.5340583861920285
list:
dist: 2.5780029758254823 vs. 2.5780029758254823
list:
dist: 2.939257043155265 vs. 2.939257043155265
list:
dist: 3.4937899611286767 vs. 3.4937899611286767
list:
dist: 2.7803777381969543 vs. 2.7803777381969543
list:
dist: 2.9901635224296186 vs. 2.9901635224296186
list:
dist: 2.9285966041664544 vs. 2.9285966041664544
list:
dist: 4.172067705083723 vs. 4.172067705083723
list:
dist: 1.8483297790235989 vs. 1.8483297790235989
list:
dist: 2.8848336156042644 vs. 2.8848336156042644
list:
dist: 1.0331260607645716 vs. 1.0331260607645716
list:
dist: 1.5171867580923168 vs. 1.5171867580923168
list:
dist: 0.9389082910307224 vs. 0.9389082910307224
list:
dist: 0.5821156332250847 vs. 0.5821156332250847
list:
dist: 2.1781532857425367 vs. 2.1781532857425367
list:
dist: 1.930693926138981 vs. 1.930693926138981
list:
dist: 1.6048618284664942 vs. 1.6048618284664942
list:
dist: 1.1941505334343578 vs. 1.1941505334343578
list:
dist: 0.916891424923577 vs. 0.916891424923577
list:
dist: 3.3651581172258265 vs. 3.3651581172258265
list:
dist: 2.353209794297926 vs. 2.353209794297926
list:
dist: 1.9227194695477252 vs. 1.9227194695477252
list:
dist: 2.6482649512926124 vs. 2.6482649512926124
list:
dist: 2.6856451357786186 vs. 2.6856451357786186
list:
dist: 1.4980192003668675 vs. 1.4980192003668675
list:
dist: 1.2474326725377933 vs. 1.2474326725377933
list:
dist: 1.4364354019403267 vs. 1.4364354019403267
list:
dist: 2.0087921565105966 vs. 2.0087921565105966
list:
dist: 2.9092920847574204 vs. 2.9092920847574204
list:
dist: 2.1577728525213713 vs. 2.1577728525213713
list:
dist: 2.2327529309604013 vs. 2.2327529309604013
list:
dist: 1.8716579650145213 vs. 1.8716579650145213
list:
dist: 3.117558562880792 vs. 3.117558562880792
list:
dist: 2.633651150371945 vs. 2.633651150371945
list:
dist: 2.4491123950283877 vs. 2.4491123950283877
list:
dist: 1.0645203148011537 vs. 1.0645203148011537
list:
dist: 1.9227194695477252 vs. 1.9227194695477252
list:
dist: 2.2111999156512256 vs. 2.2111999156512256
list:
dist: 2.6124128303152228 vs. 2.6124128303152228
list:
dist: 2.7949525593137308 vs. 2.7949525593137308
list:
dist: 2.232281868720016 vs. 2.232281868720016
list:
dist: 2.3921506627007103 vs. 2.3921506627007103
list:
dist: 1.8288871676029255 vs. 1.8288871676029255
list:
dist: 2.483341011532427 vs. 2.483341011532427
list:
dist: 0.8120580923611489 vs. 0.8120580923611489
list:
dist: 1.0024394701226167 vs. 1.0024394701226167
list:
dist: 1.1217184013394377 vs. 1.1217184013394377
list:
dist: 1.251573457427249 vs. 1.251573457427249
list:
dist: 1.3166161380880443 vs. 1.3166161380880443
list:
dist: 1.6346322094537213 vs. 1.6346322094537213
list:
dist: 1.6168843503609749 vs. 1.6168843503609749
list:
dist: 2.600206858276838 vs. 2.600206858276838
list:
dist: 1.60725264690971 vs. 1.60725264690971
list:
dist: 2.1224938901366364 vs. 2.1224938901366364
list:
dist: 2.1106624627547443 vs. 2.1106624627547443
list:
dist: 2.198904600467232 vs. 2.198904600467232
list:
dist: 1.9535469052623444 vs. 1.9535469052623444
list:
dist: 2.3768088803331824 vs. 2.3768088803331824
list:
dist: 2.971454268739041 vs. 2.971454268739041
list:
dist: 2.939257043155265 vs. 2.939257043155265
list:
dist: 1.5306483466275582 vs. 1.5306483466275582
list:
dist: 2.0087921565105966 vs. 2.0087921565105966
list:
dist: 1.8292224683574125 vs. 1.8292224683574125
list:
dist: 3.6518063271694454 vs. 3.6518063271694454
list:
dist: 3.6859149641687505 vs. 3.6859149641687505
list:
dist: 3.1927271277976956 vs. 3.1927271277976956
list:
dist: 2.778915107269787 vs. 2.778915107269787
list:
dist: 2.4046722267543443 vs. 2.4046722267543443
list:
dist: 1.443369854713795 vs. 1.443369854713795
list:
dist: 2.1191456838099443 vs. 2.1191456838099443
list:
dist: 1.6168843503609749 vs. 1.6168843503609749
list:
dist: 1.5156346729443213 vs. 1.5156346729443213
list:
dist: 2.4292760685774444 vs. 2.4292760685774444
list:
dist: 1.7876602684235068 vs. 1.7876602684235068
list:
dist: 1.4313114367790551 vs. 1.4313114367790551
list:
dist: 0.6478346476020277 vs. 0.6478346476020277
list:
dist: 3.8139343852884786 vs. 3.8139343852884786
list:
dist: 2.87856116437594 vs. 2.87856116437594
list:
dist: 3.1888760300537893 vs. 3.1888760300537893
list:
dist: 2.840820941502955 vs. 2.840820941502955
list:
dist: 2.8978543772363925 vs. 2.8978543772363925
list:
dist: 1.9979522983408187 vs. 1.9979522983408187
list:
dist: 3.356816602238016 vs. 3.356816602238016
list:
dist: 1.6996892834132047 vs. 1.6996892834132047
list:
dist: 2.3358372158720173 vs. 2.3358372158720173
list:
dist: 3.2081634311008127 vs. 3.2081634311008127
list:
dist: 2.4641935980508873 vs. 2.4641935980508873
list:
dist: 2.5578006756612917 vs. 2.5578006756612917
list:
dist: 0.9647392848348267 vs. 0.9647392848348267
list:
dist: 1.857403477429025 vs. 1.857403477429025
list:
dist: 1.366725019469922 vs. 1.366725019469922
list:
dist: 1.6802255065551124 vs. 1.6802255065551124
list:
dist: 2.252893388236353 vs. 2.252893388236353
list:
dist: 2.536321863287502 vs. 2.536321863287502
list:
dist: 2.558907847599527 vs. 2.558907847599527
list:
dist: 2.7803777381969543 vs. 2.7803777381969543
list:
dist: 1.8819782124815814 vs. 1.8819782124815814
list:
dist: 2.1577728525213713 vs. 2.1577728525213713
list:
dist: 2.6305156463484174 vs. 2.6305156463484174
list:
dist: 1.283486486171815 vs. 1.283486486171815
list:
dist: 1.7831169329978336 vs. 1.7831169329978336
list:
dist: 1.91671069176045 vs. 1.91671069176045
list:
dist: 1.754683706958053 vs. 1.754683706958053
list:
dist: 1.385158846824074 vs. 1.385158846824074
list:
dist: 1.2022728935165312 vs. 1.2022728935165312
list:
dist: 1.60725264690971 vs. 1.60725264690971
list:
dist: 2.202347065322949 vs. 2.202347065322949
list:
dist: 1.2653714170486374 vs. 1.2653714170486374
list:
dist: 1.2642298060018613 vs. 1.2642298060018613
list:
dist: 1.6817717032699036 vs. 1.6817717032699036
list:
dist: 2.598555424980337 vs. 2.598555424980337
list:
dist: 2.87856116437594 vs. 2.87856116437594
list:
dist: 1.0028343332490735 vs. 1.0028343332490735
list:
dist: 0.6113027967171208 vs. 0.6113027967171208
list:
dist: 1.027705373768781 vs. 1.027705373768781
list:
dist: 1.7080989209955053 vs. 1.7080989209955053
list:
dist: 1.857403477429025 vs. 1.857403477429025
list:
dist: 2.3880976422757145 vs. 2.3880976422757145
list:
dist: 1.950438330304236 vs. 1.950438330304236
list:
dist: 3.0546960794828837 vs. 3.0546960794828837
list:
dist: 3.0379266855335088 vs. 3.0379266855335088
list:
dist: 1.685314859577465 vs. 1.685314859577465
list:
dist: 2.353209794297926 vs. 2.353209794297926
list:
dist: 2.674793829681021 vs. 2.674793829681021
list:
dist: 2.4366699658403266 vs. 2.4366699658403266
list:
dist: 2.809318559434962 vs. 2.809318559434962
list:
dist: 2.544206389421543 vs. 2.544206389421543
list:
dist: 2.4292209741486603 vs. 2.4292209741486603
list:
dist: 1.9425649064685588 vs. 1.9425649064685588
list:
dist: 2.660849616869486 vs. 2.660849616869486
list:
dist: 0.8120580923611489 vs. 0.8120580923611489
list:
dist: 1.0374768819447355 vs. 1.0374768819447355
list:
dist: 0.35570689175796627 vs. 0.35570689175796627
list:
dist: 1.1670157589955452 vs. 1.1670157589955452
list:
dist: 1.4687236433472077 vs. 1.4687236433472077
list:
dist: 2.10512197347475 vs. 2.10512197347475
list:
dist: 2.1191456838099443 vs. 2.1191456838099443
list:
dist: 2.078494318847049 vs. 2.078494318847049
list:
dist: 1.2022728935165312 vs. 1.2022728935165312
list:
dist: 1.7164918778872071 vs. 1.7164918778872071
list:
dist: 1.8079407952114934 vs. 1.8079407952114934
list:
dist: 1.475079809320127 vs. 1.475079809320127
list:
dist: 1.5735115854416057 vs. 1.5735115854416057
list:
dist: 1.5771554374067729 vs. 1.5771554374067729
list:
dist: 3.1275888130248206 vs. 3.1275888130248206
list:
dist: 3.4937899611286767 vs. 3.4937899611286767
list:
dist: 2.826094005396549 vs. 2.826094005396549
list:
dist: 2.9092920847574204 vs. 2.9092920847574204
list:
dist: 3.384270876568425 vs. 3.384270876568425
list:
dist: 1.1890993655287476 vs. 1.1890993655287476
list:
dist: 1.8750067827837005 vs. 1.8750067827837005
list:
dist: 2.4615867929117266 vs. 2.4615867929117266
list:
dist: 2.1406071916308025 vs. 2.1406071916308025
list:
dist: 2.0175813198076344 vs. 2.0175813198076344
list:
dist: 2.078494318847049 vs. 2.078494318847049
list:
dist: 2.600206858276838 vs. 2.600206858276838
list:
dist: 3.088869813506332 vs. 3.088869813506332
list:
dist: 2.0227245914751366 vs. 2.0227245914751366
list:
dist: 2.07955985689074 vs. 2.07955985689074
list:
dist: 2.511716626834504 vs. 2.511716626834504
list:
dist: 3.490368990707081 vs. 3.490368990707081
list:
dist: 3.8139343852884786 vs. 3.8139343852884786
list:
dist: 1.0028343332490735 vs. 1.0028343332490735
list:
dist: 0.7094939521024002 vs. 0.7094939521024002
list:
dist: 1.318335223923331 vs. 1.318335223923331
list:
dist: 1.979448491853271 vs. 1.979448491853271
list:
dist: 0.9647392848348267 vs. 0.9647392848348267
list:
dist: 3.0143277285332055 vs. 3.0143277285332055
list:
dist: 2.147433622157181 vs. 2.147433622157181
list:
dist: 1.7607249629147816 vs. 1.7607249629147816
list:
dist: 1.5735115854416057 vs. 1.5735115854416057
list:
dist: 1.9535469052623444 vs. 1.9535469052623444
list:
dist: 1.2815100727677633 vs. 1.2815100727677633
list:
dist: 1.6342764499886628 vs. 1.6342764499886628
list:
dist: 1.6416482773794263 vs. 1.6416482773794263
list:
dist: 1.7492754343293084 vs. 1.7492754343293084
list:
dist: 2.112334125091321 vs. 2.112334125091321
list:
dist: 1.9979522983408187 vs. 1.9979522983408187
list:
dist: 3.0143277285332055 vs. 3.0143277285332055
list:
dist: 2.3880976422757145 vs. 2.3880976422757145
list:
dist: 2.610025657731779 vs. 2.610025657731779
list:
dist: 2.374190402704834 vs. 2.374190402704834
list:
dist: 1.2591821113398396 vs. 1.2591821113398396
list:
dist: 1.727089842293116 vs. 1.727089842293116
list:
dist: 2.563042679006346 vs. 2.563042679006346
list:
dist: 2.9901635224296186 vs. 2.9901635224296186
list:
dist: 2.2054541626279955 vs. 2.2054541626279955
list:
dist: 2.2327529309604013 vs. 2.2327529309604013
list:
dist: 2.6862342923430407 vs. 2.6862342923430407
list:
dist: 0.9520840218093777 vs. 0.9520840218093777
list:
dist: 1.5490673302569724 vs. 1.5490673302569724
list:
dist: 2.063986447600971 vs. 2.063986447600971
list:
dist: 1.495491564626007 vs. 1.495491564626007
list:
dist: 1.3368417429812298 vs. 1.3368417429812298
list:
dist: 1.7164918778872071 vs. 1.7164918778872071
list:
dist: 2.1224938901366364 vs. 2.1224938901366364
list:
dist: 2.665729212216316 vs. 2.665729212216316
list:
dist: 1.7771455119226587 vs. 1.7771455119226587
list:
dist: 1.431449605111868 vs. 1.431449605111868
list:
dist: 1.8380508699880398 vs. 1.8380508699880398
list:
dist: 2.8185774921287976 vs. 2.8185774921287976
list:
dist: 3.1888760300537893 vs. 3.1888760300537893
list:
dist: 0.7094939521024002 vs. 0.7094939521024002
list:
dist: 0.6113027967171208 vs. 0.6113027967171208
list:
dist: 0.6612285840301474 vs. 0.6612285840301474
list:
dist: 1.7884261588384256 vs. 1.7884261588384256
list:
dist: 1.366725019469922 vs. 1.366725019469922
list:
dist: 2.610025657731779 vs. 2.610025657731779
list:
dist: 2.1805304581750566 vs. 2.1805304581750566
list:
dist: 3.349928708253298 vs. 3.349928708253298
list:
dist: 3.324823491127431 vs. 3.324823491127431
list:
dist: 2.0288988594563286 vs. 2.0288988594563286
list:
dist: 2.6856451357786186 vs. 2.6856451357786186
list:
dist: 3.0202597471624637 vs. 3.0202597471624637
list:
dist: 2.5439953176393204 vs. 2.5439953176393204
list:
dist: 2.977670436435183 vs. 2.977670436435183
list:
dist: 2.763457980284274 vs. 2.763457980284274
list:
dist: 2.676278242907686 vs. 2.676278242907686
list:
dist: 2.2130388657040854 vs. 2.2130388657040854
list:
dist: 2.8352546470331195 vs. 2.8352546470331195
list:
dist: 0.35570689175796627 vs. 0.35570689175796627
list:
dist: 1.1217184013394377 vs. 1.1217184013394377
list:
dist: 1.1934048516520017 vs. 1.1934048516520017
list:
dist: 1.4534472624075965 vs. 1.4534472624075965
list:
dist: 1.7908745609530892 vs. 1.7908745609530892
list:
dist: 2.444921169227798 vs. 2.444921169227798
list:
dist: 2.4292760685774444 vs. 2.4292760685774444
list:
dist: 2.0227245914751366 vs. 2.0227245914751366
list:
dist: 1.2653714170486374 vs. 1.2653714170486374
list:
dist: 1.7771455119226587 vs. 1.7771455119226587
list:
dist: 1.955789232553472 vs. 1.955789232553472
list:
dist: 1.373545099708579 vs. 1.373545099708579
list:
dist: 1.6342764499886628 vs. 1.6342764499886628
list:
dist: 1.2947602145452808 vs. 1.2947602145452808
list:
dist: 2.1736952768926443 vs. 2.1736952768926443
list:
dist: 1.6755788758682764 vs. 1.6755788758682764
list:
dist: 1.600661532105343 vs. 1.600661532105343
list:
dist: 0.9389082910307224 vs. 0.9389082910307224
list:
dist: 1.2479148965604532 vs. 1.2479148965604532
list:
dist: 2.3791552042008273 vs. 2.3791552042008273
list:
dist: 2.3079268850389667 vs. 2.3079268850389667
list:
dist: 1.6639292719967451 vs. 1.6639292719967451
list:
dist: 1.793990797980272 vs. 1.793990797980272
list:
dist: 1.2612568535472657 vs. 1.2612568535472657
list:
dist: 2.8494945967046017 vs. 2.8494945967046017
list:
dist: 1.685314859577465 vs. 1.685314859577465
list:
dist: 1.0645203148011537 vs. 1.0645203148011537
list:
dist: 1.8772967157766598 vs. 1.8772967157766598
list:
dist: 2.0288988594563286 vs. 2.0288988594563286
list:
dist: 1.2721771026538735 vs. 1.2721771026538735
list:
dist: 1.0814562841415207 vs. 1.0814562841415207
list:
dist: 1.2076027296154963 vs. 1.2076027296154963
list:
dist: 1.5306483466275582 vs. 1.5306483466275582
list:
dist: 2.826094005396549 vs. 2.826094005396549
list:
dist: 1.8819782124815814 vs. 1.8819782124815814
list:
dist: 2.2054541626279955 vs. 2.2054541626279955
list:
dist: 2.0111451675919865 vs. 2.0111451675919865
list:
dist: 2.7953301770225565 vs. 2.7953301770225565
list:
dist: 4.365576834049408 vs. 4.365576834049408
list:
dist: 4.344943301409058 vs. 4.344943301409058
list:
dist: 2.8494945967046017 vs. 2.8494945967046017
list:
dist: 3.3651581172258265 vs. 3.3651581172258265
list:
dist: 3.1803656280695463 vs. 3.1803656280695463
list:
dist: 2.660849616869486 vs. 2.660849616869486
list:
dist: 2.483341011532427 vs. 2.483341011532427
list:
dist: 1.723709305392569 vs. 1.723709305392569
list:
dist: 2.8352546470331195 vs. 2.8352546470331195
list:
dist: 2.652935131677008 vs. 2.652935131677008
list:
dist: 2.4444896536261935 vs. 2.4444896536261935
list:
dist: 1.9679939425878714 vs. 1.9679939425878714
list:
dist: 1.443369854713795 vs. 1.443369854713795
list:
dist: 1.7607249629147816 vs. 1.7607249629147816
list:
dist: 2.3453230926675377 vs. 2.3453230926675377
list:
dist: 2.6697042065604726 vs. 2.6697042065604726
list:
dist: 1.2721771026538735 vs. 1.2721771026538735
list:
dist: 1.4980192003668675 vs. 1.4980192003668675
list:
dist: 1.7447367766431985 vs. 1.7447367766431985
list:
dist: 2.0351109319430263 vs. 2.0351109319430263
list:
dist: 2.2768377148075682 vs. 2.2768377148075682
list:
dist: 2.256031008173894 vs. 2.256031008173894
list:
dist: 1.4401139174586397 vs. 1.4401139174586397
list:
dist: 1.0712304842888118 vs. 1.0712304842888118
list:
dist: 2.652935131677008 vs. 2.652935131677008
list:
dist: 1.1670157589955452 vs. 1.1670157589955452
list:
dist: 1.251573457427249 vs. 1.251573457427249
list:
dist: 1.627178245342687 vs. 1.627178245342687
list:
dist: 1.4534472624075965 vs. 1.4534472624075965
list:
dist: 0.4645764405038405 vs. 0.4645764405038405
list:
dist: 1.4420355318173372 vs. 1.4420355318173372
list:
dist: 1.7876602684235068 vs. 1.7876602684235068
list:
dist: 2.07955985689074 vs. 2.07955985689074
list:
dist: 1.2642298060018613 vs. 1.2642298060018613
list:
dist: 1.431449605111868 vs. 1.431449605111868
list:
dist: 1.0822613368724279 vs. 1.0822613368724279
list:
dist: 1.6331437345314337 vs. 1.6331437345314337
list:
dist: 1.6416482773794263 vs. 1.6416482773794263
list:
dist: 2.241218335875711 vs. 2.241218335875711
list:
dist: 1.5771554374067729 vs. 1.5771554374067729
list:
dist: 2.3768088803331824 vs. 2.3768088803331824
list:
dist: 2.0816318879699613 vs. 2.0816318879699613
list:
dist: 1.2947602145452808 vs. 1.2947602145452808
list:
dist: 2.241218335875711 vs. 2.241218335875711
list:
dist: 2.632492123847099 vs. 2.632492123847099
list:
dist: 3.373566035670973 vs. 3.373566035670973
list:
dist: 3.356816602238016 vs. 3.356816602238016
list:
dist: 2.147433622157181 vs. 2.147433622157181
list:
dist: 1.950438330304236 vs. 1.950438330304236
list:
dist: 2.1805304581750566 vs. 2.1805304581750566
list:
dist: 2.380393714180092 vs. 2.380393714180092
list:
dist: 0.8903156828784603 vs. 0.8903156828784603
list:
dist: 2.536321863287502 vs. 2.536321863287502
list:
dist: 1.727089842293116 vs. 1.727089842293116
list:
dist: 3.8693832046445054 vs. 3.8693832046445054
list:
dist: 4.172067705083723 vs. 4.172067705083723
list:
dist: 2.7953301770225565 vs. 2.7953301770225565
list:
dist: 3.117558562880792 vs. 3.117558562880792
list:
dist: 3.347192021154194 vs. 3.347192021154194
list:
dist: 2.7378062585605853 vs. 2.7378062585605853
list:
dist: 3.281295660841731 vs. 3.281295660841731
list:
dist: 3.5211614804028932 vs. 3.5211614804028932
list:
dist: 2.6854810013181427 vs. 2.6854810013181427
list:
dist: 2.482920776221049 vs. 2.482920776221049
list:
dist: 1.475079809320127 vs. 1.475079809320127
list:
dist: 2.198904600467232 vs. 2.198904600467232
list:
dist: 1.9635922889312714 vs. 1.9635922889312714
list:
dist: 1.373545099708579 vs. 1.373545099708579
list:
dist: 1.6331437345314337 vs. 1.6331437345314337
list:
dist: 2.0052322670540033 vs. 2.0052322670540033
list:
dist: 2.8034056654943127 vs. 2.8034056654943127
list:
dist: 2.8978543772363925 vs. 2.8978543772363925
list:
dist: 1.979448491853271 vs. 1.979448491853271
list:
dist: 1.7080989209955053 vs. 1.7080989209955053
list:
dist: 1.7884261588384256 vs. 1.7884261588384256
list:
dist: 1.7574425651175767 vs. 1.7574425651175767
list:
dist: 2.252893388236353 vs. 2.252893388236353
list:
dist: 1.2591821113398396 vs. 1.2591821113398396
list:
dist: 0.8903156828784603 vs. 0.8903156828784603
list:
dist: 3.5098713152914733 vs. 3.5098713152914733
list:
dist: 3.3884009328652955 vs. 3.3884009328652955
list:
dist: 1.8772967157766598 vs. 1.8772967157766598
list:
dist: 2.6482649512926124 vs. 2.6482649512926124
list:
dist: 2.7811905642708377 vs. 2.7811905642708377
list:
dist: 3.3637705784409637 vs. 3.3637705784409637
list:
dist: 3.641809492894641 vs. 3.641809492894641
list:
dist: 3.2155977870679693 vs. 3.2155977870679693
list:
dist: 3.029836717045102 vs. 3.029836717045102
list:
dist: 2.551570867193901 vs. 2.551570867193901
list:
dist: 1.723709305392569 vs. 1.723709305392569
list:
dist: 1.0374768819447355 vs. 1.0374768819447355
list:
dist: 1.0024394701226167 vs. 1.0024394701226167
list:
dist: 1.1934048516520017 vs. 1.1934048516520017
list:
dist: 1.627178245342687 vs. 1.627178245342687
list:
dist: 1.6710298898754012 vs. 1.6710298898754012
list:
dist: 1.8094306757090282 vs. 1.8094306757090282
list:
dist: 1.5156346729443213 vs. 1.5156346729443213
list:
dist: 3.088869813506332 vs. 3.088869813506332
list:
dist: 2.202347065322949 vs. 2.202347065322949
list:
dist: 2.665729212216316 vs. 2.665729212216316
list:
dist: 2.585084090585564 vs. 2.585084090585564
list:
dist: 1.9635922889312714 vs. 1.9635922889312714
list:
dist: 1.2815100727677633 vs. 1.2815100727677633
list:
dist: 2.0816318879699613 vs. 2.0816318879699613
list:
dist: 2.65124775792538 vs. 2.65124775792538
list:
dist: 2.743064189397715 vs. 2.743064189397715
list:
dist: 0.7701028974778923 vs. 0.7701028974778923
list:
dist: 1.4266400780829018 vs. 1.4266400780829018
list:
dist: 1.142407195888143 vs. 1.142407195888143
list:
dist: 1.8832306226488877 vs. 1.8832306226488877
list:
dist: 0.833292424126947 vs. 0.833292424126947
list:
dist: 0.9780433882321864 vs. 0.9780433882321864
list:
dist: 2.3608886530725126 vs. 2.3608886530725126
list:
dist: 2.4250952543094493 vs. 2.4250952543094493
list:
dist: 1.8370763498398661 vs. 1.8370763498398661
list:
dist: 0.8191053434625118 vs. 0.8191053434625118
list:
dist: 1.9513344840571516 vs. 1.9513344840571516
list:
dist: 1.444950050395731 vs. 1.444950050395731
list:
dist: 1.7166050976839367 vs. 1.7166050976839367
list:
dist: 2.5136903435464673 vs. 2.5136903435464673
list:
dist: 2.432288096337896 vs. 2.432288096337896
list:
dist: 1.6797800334064086 vs. 1.6797800334064086
list:
dist: 2.730441998694569 vs. 2.730441998694569
list:
dist: 3.6812054119789814 vs. 3.6812054119789814
list:
dist: 2.8699946904211413 vs. 2.8699946904211413
list:
dist: 3.038550790717013 vs. 3.038550790717013
list:
dist: 2.9435020399499727 vs. 2.9435020399499727
list:
dist: 2.60988347110147 vs. 2.60988347110147
list:
dist: 3.7620682732402067 vs. 3.7620682732402067
list:
dist: 0.6041958186351256 vs. 0.6041958186351256
list:
dist: 2.0080536855564115 vs. 2.0080536855564115
list:
dist: 1.1043115698345243 vs. 1.1043115698345243
list:
dist: 2.3028942446308345 vs. 2.3028942446308345
list:
dist: 0.8191053434625118 vs. 0.8191053434625118
list:
dist: 0.8944887483928663 vs. 0.8944887483928663
list:
dist: 1.5741691742564314 vs. 1.5741691742564314
list:
dist: 1.6128926557852983 vs. 1.6128926557852983
list:
dist: 1.1183781221029443 vs. 1.1183781221029443
list:
dist: 1.4883054138518224 vs. 1.4883054138518224
list:
dist: 1.2777314799717139 vs. 1.2777314799717139
list:
dist: 1.372127857391721 vs. 1.372127857391721
list:
dist: 2.1010086802934946 vs. 2.1010086802934946
list:
dist: 1.89412633437604 vs. 1.89412633437604
list:
dist: 1.3454396910993769 vs. 1.3454396910993769
list:
dist: 2.405018067946161 vs. 2.405018067946161
list:
dist: 1.9541983012008546 vs. 1.9541983012008546
list:
dist: 2.55297017992752 vs. 2.55297017992752
list:
dist: 2.3198456197065718 vs. 2.3198456197065718
list:
dist: 1.6440193759034456 vs. 1.6440193759034456
list:
dist: 2.1703458320742524 vs. 2.1703458320742524
list:
dist: 1.9312953328148803 vs. 1.9312953328148803
list:
dist: 1.1181477812512504 vs. 1.1181477812512504
list:
dist: 1.4266400780829018 vs. 1.4266400780829018
list:
dist: 1.4926284611830674 vs. 1.4926284611830674
list:
dist: 0.9552643034998741 vs. 0.9552643034998741
list:
dist: 1.1714935174943042 vs. 1.1714935174943042
list:
dist: 3.5130429616250964 vs. 3.5130429616250964
list:
dist: 3.097194594195756 vs. 3.097194594195756
list:
dist: 2.0080536855564115 vs. 2.0080536855564115
list:
dist: 3.1131872949354076 vs. 3.1131872949354076
list:
dist: 1.5031447083431935 vs. 1.5031447083431935
list:
dist: 1.8923019191474293 vs. 1.8923019191474293
list:
dist: 2.5353710531926974 vs. 2.5353710531926974
list:
dist: 2.682482201473396 vs. 2.682482201473396
list:
dist: 2.0750191290550966 vs. 2.0750191290550966
list:
dist: 2.7094978096222433 vs. 2.7094978096222433
list:
dist: 2.6754020566922923 vs. 2.6754020566922923
list:
dist: 2.618530627785902 vs. 2.618530627785902
list:
dist: 2.818868892369901 vs. 2.818868892369901
list:
dist: 2.1874743666011143 vs. 2.1874743666011143
list:
dist: 1.965604959897599 vs. 1.965604959897599
list:
dist: 2.84289476677483 vs. 2.84289476677483
list:
dist: 1.5184601203137835 vs. 1.5184601203137835
list:
dist: 1.385625759021273 vs. 1.385625759021273
list:
dist: 2.4240520737520677 vs. 2.4240520737520677
list:
dist: 1.1181477812512504 vs. 1.1181477812512504
list:
dist: 1.6708230037959804 vs. 1.6708230037959804
list:
dist: 1.8832306226488877 vs. 1.8832306226488877
list:
dist: 1.4559921282362307 vs. 1.4559921282362307
list:
dist: 1.934941747187017 vs. 1.934941747187017
list:
dist: 1.1979148119766765 vs. 1.1979148119766765
list:
dist: 3.6001107202281184 vs. 3.6001107202281184
list:
dist: 3.1901666733974463 vs. 3.1901666733974463
list:
dist: 2.3028942446308345 vs. 2.3028942446308345
list:
dist: 2.91358090654173 vs. 2.91358090654173
list:
dist: 1.6768481704787832 vs. 1.6768481704787832
list:
dist: 2.1864950349896564 vs. 2.1864950349896564
list:
dist: 2.7761167132861657 vs. 2.7761167132861657
list:
dist: 2.8324698968991386 vs. 2.8324698968991386
list:
dist: 2.675151050061313 vs. 2.675151050061313
list:
dist: 3.2478267332916517 vs. 3.2478267332916517
list:
dist: 2.304404567826881 vs. 2.304404567826881
list:
dist: 2.6344591285152146 vs. 2.6344591285152146
list:
dist: 2.5320982457717163 vs. 2.5320982457717163
list:
dist: 2.662979110312755 vs. 2.662979110312755
list:
dist: 2.3742916734094544 vs. 2.3742916734094544
list:
dist: 3.0518877262934443 vs. 3.0518877262934443
list:
dist: 2.648030611056007 vs. 2.648030611056007
list:
dist: 1.8352532739513665 vs. 1.8352532739513665
list:
dist: 1.1714935174943042 vs. 1.1714935174943042
list:
dist: 2.4655648588044583 vs. 2.4655648588044583
list:
dist: 1.1979148119766765 vs. 1.1979148119766765
list:
dist: 2.3608886530725126 vs. 2.3608886530725126
list:
dist: 2.0566342940669617 vs. 2.0566342940669617
list:
dist: 1.984564782882569 vs. 1.984564782882569
list:
dist: 1.6071516435332382 vs. 1.6071516435332382
list:
dist: 1.9470246088326904 vs. 1.9470246088326904
list:
dist: 2.2859142675504374 vs. 2.2859142675504374
list:
dist: 2.5344815644465646 vs. 2.5344815644465646
list:
dist: 2.4043145046293737 vs. 2.4043145046293737
list:
dist: 2.59459142539473 vs. 2.59459142539473
list:
dist: 1.515916568706774 vs. 1.515916568706774
list:
dist: 2.049165835681207 vs. 2.049165835681207
list:
dist: 2.1741060745544556 vs. 2.1741060745544556
list:
dist: 1.6143292384097445 vs. 1.6143292384097445
list:
dist: 1.4430826743809222 vs. 1.4430826743809222
list:
dist: 1.9165509633844904 vs. 1.9165509633844904
list:
dist: 1.965604959897599 vs. 1.965604959897599
list:
dist: 2.8777210884437405 vs. 2.8777210884437405
list:
dist: 2.3742916734094544 vs. 2.3742916734094544
list:
dist: 2.60988347110147 vs. 2.60988347110147
list:
dist: 2.3965768177405886 vs. 2.3965768177405886
list:
dist: 2.1981415038095586 vs. 2.1981415038095586
list:
dist: 1.4430826743809222 vs. 1.4430826743809222
list:
dist: 1.4411163891092373 vs. 1.4411163891092373
list:
dist: 1.3357612112543973 vs. 1.3357612112543973
list:
dist: 1.2220499062688601 vs. 1.2220499062688601
list:
dist: 1.6502574225981808 vs. 1.6502574225981808
list:
dist: 1.636186807241132 vs. 1.636186807241132
list:
dist: 1.2756537232217076 vs. 1.2756537232217076
list:
dist: 1.9497445748070434 vs. 1.9497445748070434
list:
dist: 1.159218830470435 vs. 1.159218830470435
list:
dist: 1.7387535033761818 vs. 1.7387535033761818
list:
dist: 0.43278714956623276 vs. 0.43278714956623276
list:
dist: 1.2309843498813775 vs. 1.2309843498813775
list:
dist: 2.4822118956725276 vs. 2.4822118956725276
list:
dist: 2.620558729619257 vs. 2.620558729619257
list:
dist: 2.051254915004764 vs. 2.051254915004764
list:
dist: 2.339779296706732 vs. 2.339779296706732
list:
dist: 2.6460761368735892 vs. 2.6460761368735892
list:
dist: 1.069137915763435 vs. 1.069137915763435
list:
dist: 1.4926284611830674 vs. 1.4926284611830674
list:
dist: 0.5317716143724946 vs. 0.5317716143724946
list:
dist: 1.4559921282362307 vs. 1.4559921282362307
list:
dist: 0.833292424126947 vs. 0.833292424126947
list:
dist: 1.5208948179996282 vs. 1.5208948179996282
list:
dist: 2.0566342940669617 vs. 2.0566342940669617
list:
dist: 2.2260695710465637 vs. 2.2260695710465637
list:
dist: 1.747840657078996 vs. 1.747840657078996
list:
dist: 0.8944887483928663 vs. 0.8944887483928663
list:
dist: 1.6464798992920753 vs. 1.6464798992920753
list:
dist: 1.020437643406326 vs. 1.020437643406326
list:
dist: 1.4242021890402796 vs. 1.4242021890402796
list:
dist: 2.1889011515494823 vs. 2.1889011515494823
list:
dist: 2.052365232465007 vs. 2.052365232465007
list:
dist: 1.7607837969845126 vs. 1.7607837969845126
list:
dist: 2.661826205272604 vs. 2.661826205272604
list:
dist: 3.1599630096688123 vs. 3.1599630096688123
list:
dist: 2.3916617104273934 vs. 2.3916617104273934
list:
dist: 2.3934247960284325 vs. 2.3934247960284325
list:
dist: 2.789362971680713 vs. 2.789362971680713
list:
dist: 2.3965768177405886 vs. 2.3965768177405886
list:
dist: 3.4718144911162434 vs. 3.4718144911162434
list:
dist: 1.3219821559520821 vs. 1.3219821559520821
list:
dist: 3.1131872949354076 vs. 3.1131872949354076
list:
dist: 1.2551383228610995 vs. 1.2551383228610995
list:
dist: 2.91358090654173 vs. 2.91358090654173
list:
dist: 1.9513344840571516 vs. 1.9513344840571516
list:
dist: 1.6464798992920753 vs. 1.6464798992920753
list:
dist: 2.907039536379966 vs. 2.907039536379966
list:
dist: 1.5537209934307448 vs. 1.5537209934307448
list:
dist: 0.9424446995010349 vs. 0.9424446995010349
list:
dist: 1.4883054138518224 vs. 1.4883054138518224
list:
dist: 2.3436824861887335 vs. 2.3436824861887335
list:
dist: 2.502896910103831 vs. 2.502896910103831
list:
dist: 3.0871639724581548 vs. 3.0871639724581548
list:
dist: 2.7226001178695114 vs. 2.7226001178695114
list:
dist: 2.7064904847727167 vs. 2.7064904847727167
list:
dist: 3.623118184207346 vs. 3.623118184207346
list:
dist: 2.601892521001151 vs. 2.601892521001151
list:
dist: 3.013458232348568 vs. 3.013458232348568
list:
dist: 2.994213131007438 vs. 2.994213131007438
list:
dist: 2.1703458320742524 vs. 2.1703458320742524
list:
dist: 1.0797849863271172 vs. 1.0797849863271172
list:
dist: 2.4240520737520677 vs. 2.4240520737520677
list:
dist: 0.7701028974778923 vs. 0.7701028974778923
list:
dist: 1.069137915763435 vs. 1.069137915763435
list:
dist: 1.700127072132434 vs. 1.700127072132434
list:
dist: 1.8854957731022923 vs. 1.8854957731022923
list:
dist: 1.1686584267181062 vs. 1.1686584267181062
list:
dist: 0.6041958186351256 vs. 0.6041958186351256
list:
dist: 1.3219821559520821 vs. 1.3219821559520821
list:
dist: 1.7823105829608576 vs. 1.7823105829608576
list:
dist: 1.9544721790455617 vs. 1.9544721790455617
list:
dist: 2.7009293475203404 vs. 2.7009293475203404
list:
dist: 2.489390271905874 vs. 2.489390271905874
list:
dist: 1.8947292531131712 vs. 1.8947292531131712
list:
dist: 2.983887262052577 vs. 2.983887262052577
list:
dist: 1.5936706805339735 vs. 1.5936706805339735
list:
dist: 1.6440193759034456 vs. 1.6440193759034456
list:
dist: 2.848724114666632 vs. 2.848724114666632
list:
dist: 1.385625759021273 vs. 1.385625759021273
list:
dist: 2.743064189397715 vs. 2.743064189397715
list:
dist: 2.6460761368735892 vs. 2.6460761368735892
list:
dist: 2.467878564986459 vs. 2.467878564986459
list:
dist: 1.8352532739513665 vs. 1.8352532739513665
list:
dist: 1.8947292531131712 vs. 1.8947292531131712
list:
dist: 2.0750191290550966 vs. 2.0750191290550966
list:
dist: 2.1976423578172835 vs. 2.1976423578172835
list:
dist: 2.675151050061313 vs. 2.675151050061313
list:
dist: 1.6797800334064086 vs. 1.6797800334064086
list:
dist: 1.7607837969845126 vs. 1.7607837969845126
list:
dist: 1.628369969256596 vs. 1.628369969256596
list:
dist: 2.4043145046293737 vs. 2.4043145046293737
list:
dist: 2.0994812811838064 vs. 2.0994812811838064
list:
dist: 2.102362174859973 vs. 2.102362174859973
list:
dist: 1.3454396910993769 vs. 1.3454396910993769
list:
dist: 2.7064904847727167 vs. 2.7064904847727167
list:
dist: 1.1399676993878374 vs. 1.1399676993878374
list:
dist: 0.7810547660114538 vs. 0.7810547660114538
list:
dist: 1.1970912887710143 vs. 1.1970912887710143
list:
dist: 1.2418429769384232 vs. 1.2418429769384232
list:
dist: 1.114889713677492 vs. 1.114889713677492
list:
dist: 3.349951480173523 vs. 3.349951480173523
list:
dist: 1.8311875984856485 vs. 1.8311875984856485
list:
dist: 2.3265984391693353 vs. 2.3265984391693353
list:
dist: 1.9400777967222191 vs. 1.9400777967222191
list:
dist: 1.636186807241132 vs. 1.636186807241132
list:
dist: 2.846812616442295 vs. 2.846812616442295
list:
dist: 3.9101373369355943 vs. 3.9101373369355943
list:
dist: 4.160735613966302 vs. 4.160735613966302
list:
dist: 4.000475439879457 vs. 4.000475439879457
list:
dist: 1.477148295687395 vs. 1.477148295687395
list:
dist: 2.04467178322804 vs. 2.04467178322804
list:
dist: 2.721378516822284 vs. 2.721378516822284
list:
dist: 2.467878564986459 vs. 2.467878564986459
list:
dist: 1.700127072132434 vs. 1.700127072132434
list:
dist: 0.9552643034998741 vs. 0.9552643034998741
list:
dist: 1.9755179951652249 vs. 1.9755179951652249
list:
dist: 1.934941747187017 vs. 1.934941747187017
list:
dist: 0.9780433882321864 vs. 0.9780433882321864
list:
dist: 1.5208948179996282 vs. 1.5208948179996282
list:
dist: 1.984564782882569 vs. 1.984564782882569
list:
dist: 3.120799427899997 vs. 3.120799427899997
list:
dist: 2.6724257597099994 vs. 2.6724257597099994
list:
dist: 1.5741691742564314 vs. 1.5741691742564314
list:
dist: 2.907039536379966 vs. 2.907039536379966
list:
dist: 1.5973248126870008 vs. 1.5973248126870008
list:
dist: 1.8094903777453473 vs. 1.8094903777453473
list:
dist: 2.508398347839924 vs. 2.508398347839924
list:
dist: 2.606894230173526 vs. 2.606894230173526
list:
dist: 1.628369969256596 vs. 1.628369969256596
list:
dist: 2.485139013568812 vs. 2.485139013568812
list:
dist: 3.4357921392324626 vs. 3.4357921392324626
list:
dist: 2.844189030509507 vs. 2.844189030509507
list:
dist: 3.1756582224381624 vs. 3.1756582224381624
list:
dist: 2.420636622436223 vs. 2.420636622436223
list:
dist: 2.1981415038095586 vs. 2.1981415038095586
list:
dist: 3.280816090989774 vs. 3.280816090989774
list:
dist: 2.2203537869692815 vs. 2.2203537869692815
list:
dist: 2.848724114666632 vs. 2.848724114666632
list:
dist: 1.0797849863271172 vs. 1.0797849863271172
list:
dist: 1.9312953328148803 vs. 1.9312953328148803
list:
dist: 1.6708230037959804 vs. 1.6708230037959804
list:
dist: 1.142407195888143 vs. 1.142407195888143
list:
dist: 0.5317716143724946 vs. 0.5317716143724946
list:
dist: 1.9755179951652249 vs. 1.9755179951652249
list:
dist: 2.4655648588044583 vs. 2.4655648588044583
list:
dist: 2.18211007197192 vs. 2.18211007197192
list:
dist: 1.6247060627984526 vs. 1.6247060627984526
list:
dist: 1.1043115698345243 vs. 1.1043115698345243
list:
dist: 1.2551383228610995 vs. 1.2551383228610995
list:
dist: 1.4707181178821982 vs. 1.4707181178821982
list:
dist: 1.8448040898540934 vs. 1.8448040898540934
list:
dist: 2.5643406297464866 vs. 2.5643406297464866
list:
dist: 2.3549734537325113 vs. 2.3549734537325113
list:
dist: 2.1976423578172835 vs. 2.1976423578172835
list:
dist: 3.1042113219991756 vs. 3.1042113219991756
list:
dist: 3.4672174174836843 vs. 3.4672174174836843
list:
dist: 2.7350676448599707 vs. 2.7350676448599707
list:
dist: 2.6215031665412645 vs. 2.6215031665412645
list:
dist: 3.281261698432931 vs. 3.281261698432931
list:
dist: 2.8777210884437405 vs. 2.8777210884437405
list:
dist: 3.9153712559529286 vs. 3.9153712559529286
list:
dist: 2.84289476677483 vs. 2.84289476677483
list:
dist: 3.9153712559529286 vs. 3.9153712559529286
list:
dist: 3.0518877262934443 vs. 3.0518877262934443
list:
dist: 3.7620682732402067 vs. 3.7620682732402067
list:
dist: 3.4718144911162434 vs. 3.4718144911162434
list:
dist: 3.280816090989774 vs. 3.280816090989774
list:
dist: 1.9165509633844904 vs. 1.9165509633844904
list:
dist: 2.556777014947455 vs. 2.556777014947455
list:
dist: 2.4981633156205993 vs. 2.4981633156205993
list:
dist: 2.172221055416513 vs. 2.172221055416513
list:
dist: 2.6068317298631922 vs. 2.6068317298631922
list:
dist: 2.846812616442295 vs. 2.846812616442295
list:
dist: 2.2069771431879563 vs. 2.2069771431879563
list:
dist: 1.5303535945673004 vs. 1.5303535945673004
list:
dist: 1.7701172846792659 vs. 1.7701172846792659
list:
dist: 2.171266228621957 vs. 2.171266228621957
list:
dist: 0.9800695105352035 vs. 0.9800695105352035
list:
dist: 1.2309843498813775 vs. 1.2309843498813775
list:
dist: 3.4700646712563965 vs. 3.4700646712563965
list:
dist: 3.402932233679771 vs. 3.402932233679771
list:
dist: 2.0444286844371056 vs. 2.0444286844371056
list:
dist: 2.7009293475203404 vs. 2.7009293475203404
list:
dist: 2.5353710531926974 vs. 2.5353710531926974
list:
dist: 2.5643406297464866 vs. 2.5643406297464866
list:
dist: 2.7761167132861657 vs. 2.7761167132861657
list:
dist: 2.5136903435464673 vs. 2.5136903435464673
list:
dist: 2.1889011515494823 vs. 2.1889011515494823
list:
dist: 2.508398347839924 vs. 2.508398347839924
list:
dist: 2.2859142675504374 vs. 2.2859142675504374
list:
dist: 2.362971274958248 vs. 2.362971274958248
list:
dist: 2.6322352925650874 vs. 2.6322352925650874
list:
dist: 2.1010086802934946 vs. 2.1010086802934946
list:
dist: 3.0871639724581548 vs. 3.0871639724581548
list:
dist: 1.232794137788225 vs. 1.232794137788225
list:
dist: 0.802019432755812 vs. 0.802019432755812
list:
dist: 0.47373335017212237 vs. 0.47373335017212237
list:
dist: 1.1970912887710143 vs. 1.1970912887710143
list:
dist: 0.8780055177248651 vs. 0.8780055177248651
list:
dist: 2.6575192885989445 vs. 2.6575192885989445
list:
dist: 0.7300605702400113 vs. 0.7300605702400113
list:
dist: 1.3188974132911515 vs. 1.3188974132911515
list:
dist: 1.563520519682296 vs. 1.563520519682296
list:
dist: 1.2220499062688601 vs. 1.2220499062688601
list:
dist: 2.172221055416513 vs. 2.172221055416513
list:
dist: 1.3116175729463722 vs. 1.3116175729463722
list:
dist: 1.407563164567138 vs. 1.407563164567138
list:
dist: 1.8022099633153625 vs. 1.8022099633153625
list:
dist: 2.1874743666011143 vs. 2.1874743666011143
list:
dist: 3.281261698432931 vs. 3.281261698432931
list:
dist: 2.662979110312755 vs. 2.662979110312755
list:
dist: 2.9435020399499727 vs. 2.9435020399499727
list:
dist: 2.789362971680713 vs. 2.789362971680713
list:
dist: 2.420636622436223 vs. 2.420636622436223
list:
dist: 1.6143292384097445 vs. 1.6143292384097445
list:
dist: 1.8588784492315362 vs. 1.8588784492315362
list:
dist: 1.7432657793676727 vs. 1.7432657793676727
list:
dist: 1.563520519682296 vs. 1.563520519682296
list:
dist: 2.017889613692307 vs. 2.017889613692307
list:
dist: 1.9400777967222191 vs. 1.9400777967222191
list:
dist: 1.43165802650506 vs. 1.43165802650506
list:
dist: 2.009199547665686 vs. 2.009199547665686
list:
dist: 1.4799303630905614 vs. 1.4799303630905614
list:
dist: 2.070828675641469 vs. 2.070828675641469
list:
dist: 0.43278714956623276 vs. 0.43278714956623276
list:
dist: 0.9800695105352035 vs. 0.9800695105352035
list:
dist: 2.8123884587279573 vs. 2.8123884587279573
list:
dist: 2.9301773316203805 vs. 2.9301773316203805
list:
dist: 2.011410683461467 vs. 2.011410683461467
list:
dist: 1.1686584267181062 vs. 1.1686584267181062
list:
dist: 3.097194594195756 vs. 3.097194594195756
list:
dist: 1.6247060627984526 vs. 1.6247060627984526
list:
dist: 3.1901666733974463 vs. 3.1901666733974463
list:
dist: 1.8370763498398661 vs. 1.8370763498398661
list:
dist: 1.747840657078996 vs. 1.747840657078996
list:
dist: 2.6724257597099994 vs. 2.6724257597099994
list:
dist: 0.8237529705290229 vs. 0.8237529705290229
list:
dist: 1.1183781221029443 vs. 1.1183781221029443
list:
dist: 0.9424446995010349 vs. 0.9424446995010349
list:
dist: 2.141335096375153 vs. 2.141335096375153
list:
dist: 2.115003927619825 vs. 2.115003927619825
list:
dist: 2.6322352925650874 vs. 2.6322352925650874
list:
dist: 2.260305290907279 vs. 2.260305290907279
list:
dist: 2.102362174859973 vs. 2.102362174859973
list:
dist: 3.0151597060015134 vs. 3.0151597060015134
list:
dist: 1.9082497171384902 vs. 1.9082497171384902
list:
dist: 2.455704449384435 vs. 2.455704449384435
list:
dist: 1.7823105829608576 vs. 1.7823105829608576
list:
dist: 1.5031447083431935 vs. 1.5031447083431935
list:
dist: 1.4707181178821982 vs. 1.4707181178821982
list:
dist: 1.6768481704787832 vs. 1.6768481704787832
list:
dist: 1.444950050395731 vs. 1.444950050395731
list:
dist: 1.020437643406326 vs. 1.020437643406326
list:
dist: 1.5973248126870008 vs. 1.5973248126870008
list:
dist: 1.6071516435332382 vs. 1.6071516435332382
list:
dist: 2.278007792151825 vs. 2.278007792151825
list:
dist: 2.141335096375153 vs. 2.141335096375153
list:
dist: 1.2777314799717139 vs. 1.2777314799717139
list:
dist: 2.3436824861887335 vs. 2.3436824861887335
list:
dist: 0.5201932583490347 vs. 0.5201932583490347
list:
dist: 1.232794137788225 vs. 1.232794137788225
list:
dist: 1.234563037644452 vs. 1.234563037644452
list:
dist: 1.1399676993878374 vs. 1.1399676993878374
list:
dist: 1.742069954269693 vs. 1.742069954269693
list:
dist: 2.52978959451466 vs. 2.52978959451466
list:
dist: 1.4361398073390155 vs. 1.4361398073390155
list:
dist: 1.6350339533285236 vs. 1.6350339533285236
list:
dist: 1.8588784492315362 vs. 1.8588784492315362
list:
dist: 1.4411163891092373 vs. 1.4411163891092373
list:
dist: 2.556777014947455 vs. 2.556777014947455
list:
dist: 1.9058770056917962 vs. 1.9058770056917962
list:
dist: 2.248501380270126 vs. 2.248501380270126
list:
dist: 2.961172344816442 vs. 2.961172344816442
list:
dist: 2.818868892369901 vs. 2.818868892369901
list:
dist: 2.6215031665412645 vs. 2.6215031665412645
list:
dist: 2.5320982457717163 vs. 2.5320982457717163
list:
dist: 3.038550790717013 vs. 3.038550790717013
list:
dist: 2.3934247960284325 vs. 2.3934247960284325
list:
dist: 3.1756582224381624 vs. 3.1756582224381624
list:
dist: 2.1741060745544556 vs. 2.1741060745544556
list:
dist: 1.6350339533285236 vs. 1.6350339533285236
list:
dist: 1.6019857930775525 vs. 1.6019857930775525
list:
dist: 1.3188974132911515 vs. 1.3188974132911515
list:
dist: 1.3383246011264949 vs. 1.3383246011264949
list:
dist: 2.3265984391693353 vs. 2.3265984391693353
list:
dist: 2.1336316140412177 vs. 2.1336316140412177
list:
dist: 1.9241158470503121 vs. 1.9241158470503121
list:
dist: 0.7311007002006378 vs. 0.7311007002006378
list:
dist: 2.070828675641469 vs. 2.070828675641469
list:
dist: 1.7387535033761818 vs. 1.7387535033761818
list:
dist: 2.171266228621957 vs. 2.171266228621957
list:
dist: 2.1833872566084094 vs. 2.1833872566084094
list:
dist: 1.9459179315702169 vs. 1.9459179315702169
list:
dist: 2.289353996519117 vs. 2.289353996519117
list:
dist: 1.9544721790455617 vs. 1.9544721790455617
list:
dist: 1.8923019191474293 vs. 1.8923019191474293
list:
dist: 1.8448040898540934 vs. 1.8448040898540934
list:
dist: 2.1864950349896564 vs. 2.1864950349896564
list:
dist: 1.7166050976839367 vs. 1.7166050976839367
list:
dist: 1.4242021890402796 vs. 1.4242021890402796
list:
dist: 1.8094903777453473 vs. 1.8094903777453473
list:
dist: 1.9470246088326904 vs. 1.9470246088326904
list:
dist: 2.091493037181914 vs. 2.091493037181914
list:
dist: 2.115003927619825 vs. 2.115003927619825
list:
dist: 1.372127857391721 vs. 1.372127857391721
list:
dist: 2.502896910103831 vs. 2.502896910103831
list:
dist: 0.5201932583490347 vs. 0.5201932583490347
list:
dist: 0.802019432755812 vs. 0.802019432755812
list:
dist: 0.8136066409057656 vs. 0.8136066409057656
list:
dist: 0.7810547660114538 vs. 0.7810547660114538
list:
dist: 1.2813950797213358 vs. 1.2813950797213358
list:
dist: 2.729025749757428 vs. 2.729025749757428
list:
dist: 1.2336473768160763 vs. 1.2336473768160763
list:
dist: 1.6019857930775525 vs. 1.6019857930775525
list:
dist: 1.7432657793676727 vs. 1.7432657793676727
list:
dist: 1.3357612112543973 vs. 1.3357612112543973
list:
dist: 2.4981633156205993 vs. 2.4981633156205993
list:
dist: 1.4735555133354399 vs. 1.4735555133354399
list:
dist: 1.8402373197330673 vs. 1.8402373197330673
list:
dist: 2.5717437818324647 vs. 2.5717437818324647
list:
dist: 1.3333412003177056 vs. 1.3333412003177056
list:
dist: 1.9082497171384902 vs. 1.9082497171384902
list:
dist: 1.9541983012008546 vs. 1.9541983012008546
list:
dist: 2.601892521001151 vs. 2.601892521001151
list:
dist: 1.9058770056917962 vs. 1.9058770056917962
list:
dist: 1.4735555133354399 vs. 1.4735555133354399
list:
dist: 1.3116175729463722 vs. 1.3116175729463722
list:
dist: 0.9483818655791355 vs. 0.9483818655791355
list:
dist: 1.477148295687395 vs. 1.477148295687395
list:
dist: 1.619183732428381 vs. 1.619183732428381
list:
dist: 3.872323474184696 vs. 3.872323474184696
list:
dist: 1.894365095709554 vs. 1.894365095709554
list:
dist: 2.1833872566084094 vs. 2.1833872566084094
list:
dist: 2.8123884587279573 vs. 2.8123884587279573
list:
dist: 2.4822118956725276 vs. 2.4822118956725276
list:
dist: 3.4700646712563965 vs. 3.4700646712563965
list:
dist: 0.737018496463037 vs. 0.737018496463037
list:
dist: 2.545623631571234 vs. 2.545623631571234
list:
dist: 3.449336106576292 vs. 3.449336106576292
list:
dist: 2.7966481174907325 vs. 2.7966481174907325
list:
dist: 2.618530627785902 vs. 2.618530627785902
list:
dist: 2.7350676448599707 vs. 2.7350676448599707
list:
dist: 2.6344591285152146 vs. 2.6344591285152146
list:
dist: 2.8699946904211413 vs. 2.8699946904211413
list:
dist: 2.3916617104273934 vs. 2.3916617104273934
list:
dist: 2.844189030509507 vs. 2.844189030509507
list:
dist: 2.049165835681207 vs. 2.049165835681207
list:
dist: 1.4361398073390155 vs. 1.4361398073390155
list:
dist: 1.2336473768160763 vs. 1.2336473768160763
list:
dist: 0.7300605702400113 vs. 0.7300605702400113
list:
dist: 0.9786471911490988 vs. 0.9786471911490988
list:
dist: 1.8311875984856485 vs. 1.8311875984856485
list:
dist: 1.4364764488645398 vs. 1.4364764488645398
list:
dist: 2.0443750874394895 vs. 2.0443750874394895
list:
dist: 0.7311007002006378 vs. 0.7311007002006378
list:
dist: 1.4799303630905614 vs. 1.4799303630905614
list:
dist: 1.159218830470435 vs. 1.159218830470435
list:
dist: 1.7701172846792659 vs. 1.7701172846792659
list:
dist: 1.894365095709554 vs. 1.894365095709554
list:
dist: 1.7643754580163675 vs. 1.7643754580163675
list:
dist: 1.7500858927353826 vs. 1.7500858927353826
list:
dist: 2.983887262052577 vs. 2.983887262052577
list:
dist: 2.7094978096222433 vs. 2.7094978096222433
list:
dist: 3.1042113219991756 vs. 3.1042113219991756
list:
dist: 3.2478267332916517 vs. 3.2478267332916517
list:
dist: 2.730441998694569 vs. 2.730441998694569
list:
dist: 2.661826205272604 vs. 2.661826205272604
list:
dist: 2.485139013568812 vs. 2.485139013568812
list:
dist: 2.59459142539473 vs. 2.59459142539473
list:
dist: 2.761802354655157 vs. 2.761802354655157
list:
dist: 3.0151597060015134 vs. 3.0151597060015134
list:
dist: 2.405018067946161 vs. 2.405018067946161
list:
dist: 3.623118184207346 vs. 3.623118184207346
list:
dist: 1.742069954269693 vs. 1.742069954269693
list:
dist: 1.2813950797213358 vs. 1.2813950797213358
list:
dist: 0.8780055177248651 vs. 0.8780055177248651
list:
dist: 1.21417846144355 vs. 1.21417846144355
list:
dist: 1.114889713677492 vs. 1.114889713677492
list:
dist: 3.1119945804906775 vs. 3.1119945804906775
list:
dist: 1.4364764488645398 vs. 1.4364764488645398
list:
dist: 2.1336316140412177 vs. 2.1336316140412177
list:
dist: 1.43165802650506 vs. 1.43165802650506
list:
dist: 1.2756537232217076 vs. 1.2756537232217076
list:
dist: 2.2069771431879563 vs. 2.2069771431879563
list:
dist: 3.8169714538948667 vs. 3.8169714538948667
list:
dist: 4.311950433748067 vs. 4.311950433748067
list:
dist: 3.8422399314012012 vs. 3.8422399314012012
list:
dist: 1.619183732428381 vs. 1.619183732428381
list:
dist: 1.8593744882599883 vs. 1.8593744882599883
list:
dist: 1.6598078893178911 vs. 1.6598078893178911
list:
dist: 2.961172344816442 vs. 2.961172344816442
list:
dist: 2.5717437818324647 vs. 2.5717437818324647
list:
dist: 1.8022099633153625 vs. 1.8022099633153625
list:
dist: 2.107972143701553 vs. 2.107972143701553
list:
dist: 2.721378516822284 vs. 2.721378516822284
list:
dist: 1.6598078893178911 vs. 1.6598078893178911
list:
dist: 3.134411950151042 vs. 3.134411950151042
list:
dist: 1.7500858927353826 vs. 1.7500858927353826
list:
dist: 2.289353996519117 vs. 2.289353996519117
list:
dist: 2.011410683461467 vs. 2.011410683461467
list:
dist: 2.051254915004764 vs. 2.051254915004764
list:
dist: 2.0444286844371056 vs. 2.0444286844371056
list:
dist: 2.545623631571234 vs. 2.545623631571234
list:
dist: 2.2473705398076964 vs. 2.2473705398076964
list:
dist: 2.8645269212350546 vs. 2.8645269212350546
list:
dist: 1.3597653405186154 vs. 1.3597653405186154
list:
dist: 2.6754020566922923 vs. 2.6754020566922923
list:
dist: 3.4672174174836843 vs. 3.4672174174836843
list:
dist: 2.304404567826881 vs. 2.304404567826881
list:
dist: 3.6812054119789814 vs. 3.6812054119789814
list:
dist: 3.1599630096688123 vs. 3.1599630096688123
list:
dist: 3.4357921392324626 vs. 3.4357921392324626
list:
dist: 1.515916568706774 vs. 1.515916568706774
list:
dist: 2.52978959451466 vs. 2.52978959451466
list:
dist: 2.729025749757428 vs. 2.729025749757428
list:
dist: 2.6575192885989445 vs. 2.6575192885989445
list:
dist: 2.925237721953372 vs. 2.925237721953372
list:
dist: 3.349951480173523 vs. 3.349951480173523
list:
dist: 3.1119945804906775 vs. 3.1119945804906775
list:
dist: 2.0443750874394895 vs. 2.0443750874394895
list:
dist: 1.9241158470503121 vs. 1.9241158470503121
list:
dist: 2.009199547665686 vs. 2.009199547665686
list:
dist: 1.9497445748070434 vs. 1.9497445748070434
list:
dist: 1.5303535945673004 vs. 1.5303535945673004
list:
dist: 3.872323474184696 vs. 3.872323474184696
list:
dist: 3.76861082805326 vs. 3.76861082805326
list:
dist: 3.134411950151042 vs. 3.134411950151042
list:
dist: 1.8854957731022923 vs. 1.8854957731022923
list:
dist: 3.5130429616250964 vs. 3.5130429616250964
list:
dist: 2.18211007197192 vs. 2.18211007197192
list:
dist: 3.6001107202281184 vs. 3.6001107202281184
list:
dist: 2.4250952543094493 vs. 2.4250952543094493
list:
dist: 2.2260695710465637 vs. 2.2260695710465637
list:
dist: 3.120799427899997 vs. 3.120799427899997
list:
dist: 0.8237529705290229 vs. 0.8237529705290229
list:
dist: 1.6128926557852983 vs. 1.6128926557852983
list:
dist: 1.5537209934307448 vs. 1.5537209934307448
list:
dist: 2.278007792151825 vs. 2.278007792151825
list:
dist: 2.091493037181914 vs. 2.091493037181914
list:
dist: 2.362971274958248 vs. 2.362971274958248
list:
dist: 1.9315647440799608 vs. 1.9315647440799608
list:
dist: 2.0994812811838064 vs. 2.0994812811838064
list:
dist: 2.761802354655157 vs. 2.761802354655157
list:
dist: 1.3333412003177056 vs. 1.3333412003177056
list:
dist: 1.7973456884141124 vs. 1.7973456884141124
list:
dist: 2.489390271905874 vs. 2.489390271905874
list:
dist: 2.682482201473396 vs. 2.682482201473396
list:
dist: 2.3549734537325113 vs. 2.3549734537325113
list:
dist: 2.8324698968991386 vs. 2.8324698968991386
list:
dist: 2.432288096337896 vs. 2.432288096337896
list:
dist: 2.052365232465007 vs. 2.052365232465007
list:
dist: 2.606894230173526 vs. 2.606894230173526
list:
dist: 2.5344815644465646 vs. 2.5344815644465646
list:
dist: 1.9315647440799608 vs. 1.9315647440799608
list:
dist: 2.260305290907279 vs. 2.260305290907279
list:
dist: 1.89412633437604 vs. 1.89412633437604
list:
dist: 2.7226001178695114 vs. 2.7226001178695114
list:
dist: 1.234563037644452 vs. 1.234563037644452
list:
dist: 0.8136066409057656 vs. 0.8136066409057656
list:
dist: 0.47373335017212237 vs. 0.47373335017212237
list:
dist: 1.2418429769384232 vs. 1.2418429769384232
list:
dist: 1.21417846144355 vs. 1.21417846144355
list:
dist: 2.925237721953372 vs. 2.925237721953372
list:
dist: 0.9786471911490988 vs. 0.9786471911490988
list:
dist: 1.3383246011264949 vs. 1.3383246011264949
list:
dist: 2.017889613692307 vs. 2.017889613692307
list:
dist: 1.6502574225981808 vs. 1.6502574225981808
list:
dist: 2.6068317298631922 vs. 2.6068317298631922
list:
dist: 0.9483818655791355 vs. 0.9483818655791355
list:
dist: 1.0714688370272474 vs. 1.0714688370272474
list:
dist: 2.107972143701553 vs. 2.107972143701553
list:
dist: 1.7973456884141124 vs. 1.7973456884141124
list:
dist: 2.455704449384435 vs. 2.455704449384435
list:
dist: 2.55297017992752 vs. 2.55297017992752
list:
dist: 3.013458232348568 vs. 3.013458232348568
list:
dist: 2.248501380270126 vs. 2.248501380270126
list:
dist: 1.8402373197330673 vs. 1.8402373197330673
list:
dist: 1.407563164567138 vs. 1.407563164567138
list:
dist: 1.0714688370272474 vs. 1.0714688370272474
list:
dist: 2.04467178322804 vs. 2.04467178322804
list:
dist: 1.8593744882599883 vs. 1.8593744882599883
list:
dist: 3.76861082805326 vs. 3.76861082805326
list:
dist: 1.7643754580163675 vs. 1.7643754580163675
list:
dist: 1.9459179315702169 vs. 1.9459179315702169
list:
dist: 2.9301773316203805 vs. 2.9301773316203805
list:
dist: 2.620558729619257 vs. 2.620558729619257
list:
dist: 3.402932233679771 vs. 3.402932233679771
list:
dist: 0.737018496463037 vs. 0.737018496463037
list:
dist: 2.2473705398076964 vs. 2.2473705398076964
list:
dist: 2.9041426918464444 vs. 2.9041426918464444
list:
dist: 2.3429291664922807 vs. 2.3429291664922807
list:
dist: 1.5907140281689511 vs. 1.5907140281689511
list:
dist: 1.1979945095338023 vs. 1.1979945095338023
list:
dist: 1.6029095790435128 vs. 1.6029095790435128
list:
dist: 1.9661031525984114 vs. 1.9661031525984114
list:
dist: 1.375241524901222 vs. 1.375241524901222
list:
dist: 1.2196909055734446 vs. 1.2196909055734446
list:
dist: 3.5374338950447135 vs. 3.5374338950447135
list:
dist: 2.802855345549229 vs. 2.802855345549229
list:
dist: 2.3696498153443213 vs. 2.3696498153443213
list:
dist: 1.951505016589832 vs. 1.951505016589832
list:
dist: 2.2545318350833785 vs. 2.2545318350833785
list:
dist: 2.0861724864288194 vs. 2.0861724864288194
list:
dist: 3.32344696629176 vs. 3.32344696629176
list:
dist: 2.3677590316563593 vs. 2.3677590316563593
list:
dist: 3.594587553197769 vs. 3.594587553197769
list:
dist: 3.191589159191639 vs. 3.191589159191639
list:
dist: 3.8994618433185635 vs. 3.8994618433185635
list:
dist: 3.5762010351699542 vs. 3.5762010351699542
list:
dist: 3.819898480545406 vs. 3.819898480545406
list:
dist: 2.7176576150042426 vs. 2.7176576150042426
list:
dist: 1.9661031525984114 vs. 1.9661031525984114
list:
dist: 1.2271750873143839 vs. 1.2271750873143839
list:
dist: 0.8578578878747197 vs. 0.8578578878747197
list:
dist: 0.9208145111622601 vs. 0.9208145111622601
list:
dist: 1.4844937852950852 vs. 1.4844937852950852
list:
dist: 1.5203183957427286 vs. 1.5203183957427286
list:
dist: 2.297810478576425 vs. 2.297810478576425
list:
dist: 1.9613910811693704 vs. 1.9613910811693704
list:
dist: 1.5057509843056889 vs. 1.5057509843056889
list:
dist: 2.3298660141938736 vs. 2.3298660141938736
list:
dist: 2.364127200578168 vs. 2.364127200578168
list:
dist: 1.8816422312926875 vs. 1.8816422312926875
list:
dist: 2.067594423606019 vs. 2.067594423606019
list:
dist: 1.344495321913716 vs. 1.344495321913716
list:
dist: 2.3106145417435315 vs. 2.3106145417435315
list:
dist: 3.000965089351757 vs. 3.000965089351757
list:
dist: 3.590358382056192 vs. 3.590358382056192
list:
dist: 3.072762286702695 vs. 3.072762286702695
list:
dist: 2.7915870923300514 vs. 2.7915870923300514
list:
dist: 2.1934567747396425 vs. 2.1934567747396425
list:
dist: 2.3696498153443213 vs. 2.3696498153443213
list:
dist: 2.177920539030069 vs. 2.177920539030069
list:
dist: 1.8849134582440092 vs. 1.8849134582440092
list:
dist: 1.5425985051111137 vs. 1.5425985051111137
list:
dist: 1.5057509843056889 vs. 1.5057509843056889
list:
dist: 1.0400668721936925 vs. 1.0400668721936925
list:
dist: 1.6919392220022005 vs. 1.6919392220022005
list:
dist: 1.8097267123240697 vs. 1.8097267123240697
list:
dist: 0.5216143301018094 vs. 0.5216143301018094
list:
dist: 2.258290402990943 vs. 2.258290402990943
list:
dist: 1.3237318896377386 vs. 1.3237318896377386
list:
dist: 1.1495248434830403 vs. 1.1495248434830403
list:
dist: 1.0212933563852502 vs. 1.0212933563852502
list:
dist: 1.2074577289354165 vs. 1.2074577289354165
list:
dist: 0.9608059400076353 vs. 0.9608059400076353
list:
dist: 1.2967801884022772 vs. 1.2967801884022772
list:
dist: 1.5593862927283173 vs. 1.5593862927283173
list:
dist: 2.1240628024321726 vs. 2.1240628024321726
list:
dist: 1.9172917087197496 vs. 1.9172917087197496
list:
dist: 1.5242097847338933 vs. 1.5242097847338933
list:
dist: 1.0617683697931988 vs. 1.0617683697931988
list:
dist: 3.3411554235854277 vs. 3.3411554235854277
list:
dist: 2.3677590316563593 vs. 2.3677590316563593
list:
dist: 1.6015041989879284 vs. 1.6015041989879284
list:
dist: 1.8177797888702276 vs. 1.8177797888702276
list:
dist: 1.8508281176237753 vs. 1.8508281176237753
list:
dist: 1.344495321913716 vs. 1.344495321913716
list:
dist: 1.3289035614690474 vs. 1.3289035614690474
list:
dist: 2.115394574102854 vs. 2.115394574102854
list:
dist: 2.553474152860325 vs. 2.553474152860325
list:
dist: 1.3792853691886866 vs. 1.3792853691886866
list:
dist: 0.9608059400076353 vs. 0.9608059400076353
list:
dist: 4.160735613966302 vs. 4.160735613966302
list:
dist: 4.311950433748067 vs. 4.311950433748067
list:
dist: 2.8697942053871284 vs. 2.8697942053871284
list:
dist: 1.8886878655358956 vs. 1.8886878655358956
list:
dist: 1.654010958887748 vs. 1.654010958887748
list:
dist: 0.8951679936919956 vs. 0.8951679936919956
list:
dist: 1.0382503836499963 vs. 1.0382503836499963
list:
dist: 1.4452384414860238 vs. 1.4452384414860238
list:
dist: 1.9934514715440759 vs. 1.9934514715440759
list:
dist: 2.5034483934682834 vs. 2.5034483934682834
list:
dist: 1.7584199635571718 vs. 1.7584199635571718
list:
dist: 2.2150540740105837 vs. 2.2150540740105837
list:
dist: 0.9628545290298735 vs. 0.9628545290298735
list:
dist: 3.7490031527754324 vs. 3.7490031527754324
list:
dist: 3.2760125990626645 vs. 3.2760125990626645
list:
dist: 3.1569995918533365 vs. 3.1569995918533365
list:
dist: 2.5095146660558787 vs. 2.5095146660558787
list:
dist: 2.5544884224500977 vs. 2.5544884224500977
list:
dist: 5.37149192076097 vs. 5.37149192076097
list:
dist: 4.231983116152626 vs. 4.231983116152626
list:
dist: 3.2802979987624497 vs. 3.2802979987624497
list:
dist: 2.9542129641854706 vs. 2.9542129641854706
list:
dist: 4.729054749249248 vs. 4.729054749249248
list:
dist: 5.37149192076097 vs. 5.37149192076097
list:
dist: 4.788446871292668 vs. 4.788446871292668
list:
dist: 2.7966481174907325 vs. 2.7966481174907325
list:
dist: 2.3429291664922807 vs. 2.3429291664922807
list:
dist: 1.3597653405186154 vs. 1.3597653405186154
list:
dist: 1.553692547816356 vs. 1.553692547816356
list:
dist: 3.449336106576292 vs. 3.449336106576292
list:
dist: 2.9041426918464444 vs. 2.9041426918464444
list:
dist: 2.8645269212350546 vs. 2.8645269212350546
list:
dist: 1.553692547816356 vs. 1.553692547816356
list:
dist: 1.5907140281689511 vs. 1.5907140281689511
list:
dist: 1.076755469101811 vs. 1.076755469101811
list:
dist: 1.7393206071644935 vs. 1.7393206071644935
list:
dist: 1.2271750873143839 vs. 1.2271750873143839
list:
dist: 1.7142828438819302 vs. 1.7142828438819302
list:
dist: 1.9879080464011305 vs. 1.9879080464011305
list:
dist: 3.4573141052915104 vs. 3.4573141052915104
list:
dist: 2.698765939842744 vs. 2.698765939842744
list:
dist: 2.177920539030069 vs. 2.177920539030069
list:
dist: 2.5804911943848343 vs. 2.5804911943848343
list:
dist: 2.6112452240968613 vs. 2.6112452240968613
list:
dist: 1.9115613439246062 vs. 1.9115613439246062
list:
dist: 2.599240865755393 vs. 2.599240865755393
list:
dist: 1.6015041989879284 vs. 1.6015041989879284
list:
dist: 2.9939013719396805 vs. 2.9939013719396805
list:
dist: 3.306739960807316 vs. 3.306739960807316
list:
dist: 3.9256712627770565 vs. 3.9256712627770565
list:
dist: 3.168544578841843 vs. 3.168544578841843
list:
dist: 3.6501241284648263 vs. 3.6501241284648263
list:
dist: 2.374788212227135 vs. 2.374788212227135
list:
dist: 1.1979945095338023 vs. 1.1979945095338023
list:
dist: 1.076755469101811 vs. 1.076755469101811
list:
dist: 0.7671821977221398 vs. 0.7671821977221398
list:
dist: 0.8578578878747197 vs. 0.8578578878747197
list:
dist: 1.3270588332348796 vs. 1.3270588332348796
list:
dist: 1.056057065755112 vs. 1.056057065755112
list:
dist: 2.774136762345597 vs. 2.774136762345597
list:
dist: 2.360273005175797 vs. 2.360273005175797
list:
dist: 1.8849134582440092 vs. 1.8849134582440092
list:
dist: 2.193418881978768 vs. 2.193418881978768
list:
dist: 2.3743717300191167 vs. 2.3743717300191167
list:
dist: 2.0095089049212587 vs. 2.0095089049212587
list:
dist: 2.70846388643658 vs. 2.70846388643658
list:
dist: 1.8177797888702276 vs. 1.8177797888702276
list:
dist: 2.9633562771772155 vs. 2.9633562771772155
list:
dist: 3.200805344384231 vs. 3.200805344384231
list:
dist: 3.868430752006732 vs. 3.868430752006732
list:
dist: 3.4324616745214582 vs. 3.4324616745214582
list:
dist: 3.3050176017825814 vs. 3.3050176017825814
list:
dist: 2.5092560371229555 vs. 2.5092560371229555
list:
dist: 3.5374338950447135 vs. 3.5374338950447135
list:
dist: 3.4573141052915104 vs. 3.4573141052915104
list:
dist: 2.774136762345597 vs. 2.774136762345597
list:
dist: 2.0739415884241437 vs. 2.0739415884241437
list:
dist: 2.297810478576425 vs. 2.297810478576425
list:
dist: 2.501548522837943 vs. 2.501548522837943
list:
dist: 2.3977583620758645 vs. 2.3977583620758645
list:
dist: 1.6135842490155672 vs. 1.6135842490155672
list:
dist: 1.8097267123240697 vs. 1.8097267123240697
list:
dist: 1.7285635565571744 vs. 1.7285635565571744
list:
dist: 2.6499261773373677 vs. 2.6499261773373677
list:
dist: 2.6454288446085337 vs. 2.6454288446085337
list:
dist: 2.8272212946815563 vs. 2.8272212946815563
list:
dist: 2.329384483696869 vs. 2.329384483696869
list:
dist: 2.553474152860325 vs. 2.553474152860325
list:
dist: 2.0548431672256466 vs. 2.0548431672256466
list:
dist: 2.857590898903478 vs. 2.857590898903478
list:
dist: 3.192470418038926 vs. 3.192470418038926
list:
dist: 3.401162648240552 vs. 3.401162648240552
list:
dist: 1.5395957510723943 vs. 1.5395957510723943
list:
dist: 2.763908726158584 vs. 2.763908726158584
list:
dist: 3.5926267218609067 vs. 3.5926267218609067
list:
dist: 1.951505016589832 vs. 1.951505016589832
list:
dist: 2.5804911943848343 vs. 2.5804911943848343
list:
dist: 2.193418881978768 vs. 2.193418881978768
list:
dist: 1.9452835232841605 vs. 1.9452835232841605
list:
dist: 2.3298660141938736 vs. 2.3298660141938736
list:
dist: 0.9061933486754459 vs. 0.9061933486754459
list:
dist: 1.5503605459620762 vs. 1.5503605459620762
list:
dist: 2.6499261773373677 vs. 2.6499261773373677
list:
dist: 1.434876465630739 vs. 1.434876465630739
list:
dist: 1.3237318896377386 vs. 1.3237318896377386
list:
dist: 0.4807499178917549 vs. 0.4807499178917549
list:
dist: 1.1888667552875531 vs. 1.1888667552875531
list:
dist: 2.342409190161814 vs. 2.342409190161814
list:
dist: 1.8886878655358956 vs. 1.8886878655358956
list:
dist: 2.430380937438947 vs. 2.430380937438947
list:
dist: 1.3947835525408592 vs. 1.3947835525408592
list:
dist: 2.0883108545886775 vs. 2.0883108545886775
list:
dist: 2.2573706697436986 vs. 2.2573706697436986
list:
dist: 2.303965760298243 vs. 2.303965760298243
list:
dist: 1.538647340798237 vs. 1.538647340798237
list:
dist: 2.929767391702574 vs. 2.929767391702574
list:
dist: 3.0876400806425717 vs. 3.0876400806425717
list:
dist: 2.2565490290795958 vs. 2.2565490290795958
list:
dist: 3.02556040984852 vs. 3.02556040984852
list:
dist: 1.2196909055734446 vs. 1.2196909055734446
list:
dist: 1.9879080464011305 vs. 1.9879080464011305
list:
dist: 1.056057065755112 vs. 1.056057065755112
list:
dist: 0.7089492690191114 vs. 0.7089492690191114
list:
dist: 1.5203183957427286 vs. 1.5203183957427286
list:
dist: 1.0225299493818552 vs. 1.0225299493818552
list:
dist: 2.3977583620758645 vs. 2.3977583620758645
list:
dist: 2.022745072169493 vs. 2.022745072169493
list:
dist: 1.6919392220022005 vs. 1.6919392220022005
list:
dist: 1.5503605459620762 vs. 1.5503605459620762
list:
dist: 1.8853270431221338 vs. 1.8853270431221338
list:
dist: 1.9685756628575015 vs. 1.9685756628575015
list:
dist: 2.8296308926563203 vs. 2.8296308926563203
list:
dist: 2.115394574102854 vs. 2.115394574102854
list:
dist: 2.9552524333963404 vs. 2.9552524333963404
list:
dist: 2.7800278775081257 vs. 2.7800278775081257
list:
dist: 3.4632437865904513 vs. 3.4632437865904513
list:
dist: 3.3822648183646122 vs. 3.3822648183646122
list:
dist: 2.9332083895698733 vs. 2.9332083895698733
list:
dist: 2.459736364226822 vs. 2.459736364226822
list:
dist: 1.375241524901222 vs. 1.375241524901222
list:
dist: 1.7142828438819302 vs. 1.7142828438819302
list:
dist: 1.3270588332348796 vs. 1.3270588332348796
list:
dist: 1.2300520398383077 vs. 1.2300520398383077
list:
dist: 1.4844937852950852 vs. 1.4844937852950852
list:
dist: 1.0225299493818552 vs. 1.0225299493818552
list:
dist: 2.501548522837943 vs. 2.501548522837943
list:
dist: 1.4466304110915869 vs. 1.4466304110915869
list:
dist: 1.0400668721936925 vs. 1.0400668721936925
list:
dist: 0.9061933486754459 vs. 0.9061933486754459
list:
dist: 1.0537843741900588 vs. 1.0537843741900588
list:
dist: 0.95405039933243 vs. 0.95405039933243
list:
dist: 2.0900232710521522 vs. 2.0900232710521522
list:
dist: 1.3289035614690474 vs. 1.3289035614690474
list:
dist: 2.2948624162129723 vs. 2.2948624162129723
list:
dist: 1.9376884496494449 vs. 1.9376884496494449
list:
dist: 2.6355316907287083 vs. 2.6355316907287083
list:
dist: 2.403380287034361 vs. 2.403380287034361
list:
dist: 2.473813499378955 vs. 2.473813499378955
list:
dist: 1.492038105541379 vs. 1.492038105541379
list:
dist: 2.802855345549229 vs. 2.802855345549229
list:
dist: 2.698765939842744 vs. 2.698765939842744
list:
dist: 2.360273005175797 vs. 2.360273005175797
list:
dist: 1.91731305275862 vs. 1.91731305275862
list:
dist: 1.9613910811693704 vs. 1.9613910811693704
list:
dist: 1.4466304110915869 vs. 1.4466304110915869
list:
dist: 2.022745072169493 vs. 2.022745072169493
list:
dist: 1.6135842490155672 vs. 1.6135842490155672
list:
dist: 0.5216143301018094 vs. 0.5216143301018094
list:
dist: 1.800438431461683 vs. 1.800438431461683
list:
dist: 1.434876465630739 vs. 1.434876465630739
list:
dist: 1.2088362923983813 vs. 1.2088362923983813
list:
dist: 1.3540138996142386 vs. 1.3540138996142386
list:
dist: 1.2347547024627599 vs. 1.2347547024627599
list:
dist: 1.3792853691886866 vs. 1.3792853691886866
list:
dist: 1.1288704189938532 vs. 1.1288704189938532
list:
dist: 1.3493725297964576 vs. 1.3493725297964576
list:
dist: 1.8185910245149361 vs. 1.8185910245149361
list:
dist: 1.873868972602806 vs. 1.873868972602806
list:
dist: 1.034234096667699 vs. 1.034234096667699
list:
dist: 1.1977346393244614 vs. 1.1977346393244614
list:
dist: 2.89172840453839 vs. 2.89172840453839
list:
dist: 3.819898480545406 vs. 3.819898480545406
list:
dist: 3.6501241284648263 vs. 3.6501241284648263
list:
dist: 3.3050176017825814 vs. 3.3050176017825814
list:
dist: 2.7757980852823514 vs. 2.7757980852823514
list:
dist: 2.7915870923300514 vs. 2.7915870923300514
list:
dist: 2.473813499378955 vs. 2.473813499378955
list:
dist: 2.9332083895698733 vs. 2.9332083895698733
list:
dist: 1.5395957510723943 vs. 1.5395957510723943
list:
dist: 1.034234096667699 vs. 1.034234096667699
list:
dist: 1.5242097847338933 vs. 1.5242097847338933
list:
dist: 0.7942553367443976 vs. 0.7942553367443976
list:
dist: 2.303965760298243 vs. 2.303965760298243
list:
dist: 2.0460491742486187 vs. 2.0460491742486187
list:
dist: 2.287576618639367 vs. 2.287576618639367
list:
dist: 1.5633742033785831 vs. 1.5633742033785831
list:
dist: 2.2150540740105837 vs. 2.2150540740105837
list:
dist: 1.1362815035832408 vs. 1.1362815035832408
list:
dist: 1.7296694960195893 vs. 1.7296694960195893
list:
dist: 1.8159754585704282 vs. 1.8159754585704282
list:
dist: 2.1979901827647765 vs. 2.1979901827647765
list:
dist: 1.918495144377301 vs. 1.918495144377301
list:
dist: 2.130485130352965 vs. 2.130485130352965
list:
dist: 2.2831629742107467 vs. 2.2831629742107467
list:
dist: 2.2969696289959196 vs. 2.2969696289959196
list:
dist: 2.474979478183204 vs. 2.474979478183204
list:
dist: 2.0540152543435632 vs. 2.0540152543435632
list:
dist: 2.990375662722123 vs. 2.990375662722123
list:
dist: 2.4844343130983915 vs. 2.4844343130983915
list:
dist: 2.2517516169221192 vs. 2.2517516169221192
list:
dist: 3.32344696629176 vs. 3.32344696629176
list:
dist: 2.599240865755393 vs. 2.599240865755393
list:
dist: 2.70846388643658 vs. 2.70846388643658
list:
dist: 2.524318330217316 vs. 2.524318330217316
list:
dist: 2.067594423606019 vs. 2.067594423606019
list:
dist: 2.0900232710521522 vs. 2.0900232710521522
list:
dist: 2.8296308926563203 vs. 2.8296308926563203
list:
dist: 2.329384483696869 vs. 2.329384483696869
list:
dist: 1.2347547024627599 vs. 1.2347547024627599
list:
dist: 1.2074577289354165 vs. 1.2074577289354165
list:
dist: 3.9101373369355943 vs. 3.9101373369355943
list:
dist: 3.8169714538948667 vs. 3.8169714538948667
list:
dist: 2.070896927216044 vs. 2.070896927216044
list:
dist: 2.342409190161814 vs. 2.342409190161814
list:
dist: 1.9850751271482638 vs. 1.9850751271482638
list:
dist: 1.534197159208839 vs. 1.534197159208839
list:
dist: 1.0382503836499963 vs. 1.0382503836499963
list:
dist: 0.49463514220009275 vs. 0.49463514220009275
list:
dist: 1.8469425576558667 vs. 1.8469425576558667
list:
dist: 2.095912612245808 vs. 2.095912612245808
list:
dist: 1.4515603229391651 vs. 1.4515603229391651
list:
dist: 1.5633742033785831 vs. 1.5633742033785831
list:
dist: 1.0942300750806189 vs. 1.0942300750806189
list:
dist: 2.8885838895829896 vs. 2.8885838895829896
list:
dist: 2.705506373990747 vs. 2.705506373990747
list:
dist: 2.512293300204655 vs. 2.512293300204655
list:
dist: 2.271376333099115 vs. 2.271376333099115
list:
dist: 1.79697989220356 vs. 1.79697989220356
list:
dist: 4.729054749249248 vs. 4.729054749249248
list:
dist: 3.4443422020954206 vs. 3.4443422020954206
list:
dist: 2.490410566147865 vs. 2.490410566147865
list:
dist: 2.1388725679023106 vs. 2.1388725679023106
list:
dist: 3.594587553197769 vs. 3.594587553197769
list:
dist: 2.9939013719396805 vs. 2.9939013719396805
list:
dist: 2.9633562771772155 vs. 2.9633562771772155
list:
dist: 2.6575330679772797 vs. 2.6575330679772797
list:
dist: 2.3106145417435315 vs. 2.3106145417435315
list:
dist: 2.2948624162129723 vs. 2.2948624162129723
list:
dist: 2.9552524333963404 vs. 2.9552524333963404
list:
dist: 2.0548431672256466 vs. 2.0548431672256466
list:
dist: 1.1288704189938532 vs. 1.1288704189938532
list:
dist: 1.2967801884022772 vs. 1.2967801884022772
list:
dist: 4.000475439879457 vs. 4.000475439879457
list:
dist: 3.8422399314012012 vs. 3.8422399314012012
list:
dist: 1.5803433030411975 vs. 1.5803433030411975
list:
dist: 2.430380937438947 vs. 2.430380937438947
list:
dist: 2.0797531185493043 vs. 2.0797531185493043
list:
dist: 1.8341711157556717 vs. 1.8341711157556717
list:
dist: 0.49463514220009275 vs. 0.49463514220009275
list:
dist: 1.4452384414860238 vs. 1.4452384414860238
list:
dist: 1.8271304192386757 vs. 1.8271304192386757
list:
dist: 1.9852684208026743 vs. 1.9852684208026743
list:
dist: 1.630600834289583 vs. 1.630600834289583
list:
dist: 1.1362815035832408 vs. 1.1362815035832408
list:
dist: 1.3647296625000827 vs. 1.3647296625000827
list:
dist: 2.533975676983077 vs. 2.533975676983077
list:
dist: 2.527052176250207 vs. 2.527052176250207
list:
dist: 2.3559000856763377 vs. 2.3559000856763377
list:
dist: 2.323582195029848 vs. 2.323582195029848
list:
dist: 1.7036511239646324 vs. 1.7036511239646324
list:
dist: 4.788446871292668 vs. 4.788446871292668
list:
dist: 3.1960458024596496 vs. 3.1960458024596496
list:
dist: 2.332551243289583 vs. 2.332551243289583
list:
dist: 1.9928955568865425 vs. 1.9928955568865425
list:
dist: 3.5762010351699542 vs. 3.5762010351699542
list:
dist: 3.168544578841843 vs. 3.168544578841843
list:
dist: 3.4324616745214582 vs. 3.4324616745214582
list:
dist: 3.3572074699025936 vs. 3.3572074699025936
list:
dist: 3.072762286702695 vs. 3.072762286702695
list:
dist: 2.403380287034361 vs. 2.403380287034361
list:
dist: 3.3822648183646122 vs. 3.3822648183646122
list:
dist: 3.401162648240552 vs. 3.401162648240552
list:
dist: 1.873868972602806 vs. 1.873868972602806
list:
dist: 1.9172917087197496 vs. 1.9172917087197496
list:
dist: 2.7784465064225263 vs. 2.7784465064225263
list:
dist: 2.2573706697436986 vs. 2.2573706697436986
list:
dist: 1.7823848414610721 vs. 1.7823848414610721
list:
dist: 1.5041967595990262 vs. 1.5041967595990262
list:
dist: 1.4515603229391651 vs. 1.4515603229391651
list:
dist: 1.7584199635571718 vs. 1.7584199635571718
list:
dist: 1.630600834289583 vs. 1.630600834289583
list:
dist: 1.2244482549643572 vs. 1.2244482549643572
list:
dist: 1.2647785516568542 vs. 1.2647785516568542
list:
dist: 2.1979901827647765 vs. 2.1979901827647765
list:
dist: 0.940339978430326 vs. 0.940339978430326
list:
dist: 2.5898569789668646 vs. 2.5898569789668646
list:
dist: 1.8130865140131078 vs. 1.8130865140131078
list:
dist: 1.6073132350351902 vs. 1.6073132350351902
list:
dist: 0.9666408981587844 vs. 0.9666408981587844
list:
dist: 1.1165721421932226 vs. 1.1165721421932226
list:
dist: 2.7349375712397186 vs. 2.7349375712397186
list:
dist: 1.7721741721124729 vs. 1.7721741721124729
list:
dist: 1.5299268498459584 vs. 1.5299268498459584
list:
dist: 3.02556040984852 vs. 3.02556040984852
list:
dist: 2.5543930125275187 vs. 2.5543930125275187
list:
dist: 2.4762748390083074 vs. 2.4762748390083074
list:
dist: 1.79697989220356 vs. 1.79697989220356
list:
dist: 2.5544884224500977 vs. 2.5544884224500977
list:
dist: 1.7036511239646324 vs. 1.7036511239646324
list:
dist: 1.7277481721578634 vs. 1.7277481721578634
list:
dist: 1.3008243092602776 vs. 1.3008243092602776
list:
dist: 1.1165721421932226 vs. 1.1165721421932226
list:
dist: 2.0540152543435632 vs. 2.0540152543435632
list:
dist: 1.8456472322952915 vs. 1.8456472322952915
list:
dist: 1.6336128642748324 vs. 1.6336128642748324
list:
dist: 1.3163678673713903 vs. 1.3163678673713903
list:
dist: 0.9191240212024451 vs. 0.9191240212024451
list:
dist: 1.3851653088936668 vs. 1.3851653088936668
list:
dist: 1.7770603395485238 vs. 1.7770603395485238
list:
dist: 0.7286791890089921 vs. 0.7286791890089921
list:
dist: 0.4244557461024504 vs. 0.4244557461024504
list:
dist: 2.7176576150042426 vs. 2.7176576150042426
list:
dist: 2.374788212227135 vs. 2.374788212227135
list:
dist: 2.5092560371229555 vs. 2.5092560371229555
list:
dist: 2.4233754916199857 vs. 2.4233754916199857
list:
dist: 2.1934567747396425 vs. 2.1934567747396425
list:
dist: 1.492038105541379 vs. 1.492038105541379
list:
dist: 2.459736364226822 vs. 2.459736364226822
list:
dist: 2.763908726158584 vs. 2.763908726158584
list:
dist: 1.1977346393244614 vs. 1.1977346393244614
list:
dist: 1.0617683697931988 vs. 1.0617683697931988
list:
dist: 2.6369883368868834 vs. 2.6369883368868834
list:
dist: 1.538647340798237 vs. 1.538647340798237
list:
dist: 1.1168729324720863 vs. 1.1168729324720863
list:
dist: 0.6416943061531666 vs. 0.6416943061531666
list:
dist: 1.0942300750806189 vs. 1.0942300750806189
list:
dist: 0.9628545290298735 vs. 0.9628545290298735
list:
dist: 1.3647296625000827 vs. 1.3647296625000827
list:
dist: 1.110400090688979 vs. 1.110400090688979
list:
dist: 1.5927376511086575 vs. 1.5927376511086575
list:
dist: 0.940339978430326 vs. 0.940339978430326
list:
dist: 1.918495144377301 vs. 1.918495144377301
list:
dist: 3.065447199868164 vs. 3.065447199868164
list:
dist: 2.381392461767604 vs. 2.381392461767604
list:
dist: 2.2968389238614084 vs. 2.2968389238614084
list:
dist: 1.5552145854713813 vs. 1.5552145854713813
list:
dist: 1.8456472322952915 vs. 1.8456472322952915
list:
dist: 3.4357232287779524 vs. 3.4357232287779524
list:
dist: 2.5433479163896777 vs. 2.5433479163896777
list:
dist: 2.2661174852438073 vs. 2.2661174852438073
list:
dist: 1.7285635565571744 vs. 1.7285635565571744
list:
dist: 1.800438431461683 vs. 1.800438431461683
list:
dist: 2.258290402990943 vs. 2.258290402990943
list:
dist: 2.070896927216044 vs. 2.070896927216044
list:
dist: 2.8697942053871284 vs. 2.8697942053871284
list:
dist: 1.5803433030411975 vs. 1.5803433030411975
list:
dist: 2.437877806259487 vs. 2.437877806259487
list:
dist: 2.3601583853819412 vs. 2.3601583853819412
list:
dist: 2.7784465064225263 vs. 2.7784465064225263
list:
dist: 0.7942553367443976 vs. 0.7942553367443976
list:
dist: 2.6369883368868834 vs. 2.6369883368868834
list:
dist: 1.9819895785173953 vs. 1.9819895785173953
list:
dist: 2.0861724864288194 vs. 2.0861724864288194
list:
dist: 1.9115613439246062 vs. 1.9115613439246062
list:
dist: 2.0095089049212587 vs. 2.0095089049212587
list:
dist: 2.0183845426722096 vs. 2.0183845426722096
list:
dist: 1.8816422312926875 vs. 1.8816422312926875
list:
dist: 0.95405039933243 vs. 0.95405039933243
list:
dist: 1.9685756628575015 vs. 1.9685756628575015
list:
dist: 2.8272212946815563 vs. 2.8272212946815563
list:
dist: 1.3540138996142386 vs. 1.3540138996142386
list:
dist: 1.0212933563852502 vs. 1.0212933563852502
list:
dist: 1.1888667552875531 vs. 1.1888667552875531
list:
dist: 0.9134668565926015 vs. 0.9134668565926015
list:
dist: 1.534197159208839 vs. 1.534197159208839
list:
dist: 0.8951679936919956 vs. 0.8951679936919956
list:
dist: 1.8341711157556717 vs. 1.8341711157556717
list:
dist: 1.412004410033954 vs. 1.412004410033954
list:
dist: 2.037557509841057 vs. 2.037557509841057
list:
dist: 1.5041967595990262 vs. 1.5041967595990262
list:
dist: 2.287576618639367 vs. 2.287576618639367
list:
dist: 0.6416943061531666 vs. 0.6416943061531666
list:
dist: 2.8769760864143636 vs. 2.8769760864143636
list:
dist: 2.8521839047461413 vs. 2.8521839047461413
list:
dist: 1.9608563909328807 vs. 1.9608563909328807
list:
dist: 2.4762748390083074 vs. 2.4762748390083074
list:
dist: 3.191589159191639 vs. 3.191589159191639
list:
dist: 3.306739960807316 vs. 3.306739960807316
list:
dist: 3.200805344384231 vs. 3.200805344384231
list:
dist: 2.9350676941835183 vs. 2.9350676941835183
list:
dist: 3.000965089351757 vs. 3.000965089351757
list:
dist: 1.9376884496494449 vs. 1.9376884496494449
list:
dist: 2.7800278775081257 vs. 2.7800278775081257
list:
dist: 2.857590898903478 vs. 2.857590898903478
list:
dist: 1.3493725297964576 vs. 1.3493725297964576
list:
dist: 1.5593862927283173 vs. 1.5593862927283173
list:
dist: 2.437877806259487 vs. 2.437877806259487
list:
dist: 1.3947835525408592 vs. 1.3947835525408592
list:
dist: 0.9608132097404739 vs. 0.9608132097404739
list:
dist: 1.412004410033954 vs. 1.412004410033954
list:
dist: 1.8469425576558667 vs. 1.8469425576558667
list:
dist: 1.9934514715440759 vs. 1.9934514715440759
list:
dist: 1.8271304192386757 vs. 1.8271304192386757
list:
dist: 0.7108073402724338 vs. 0.7108073402724338
list:
dist: 1.2244482549643572 vs. 1.2244482549643572
list:
dist: 1.7296694960195893 vs. 1.7296694960195893
list:
dist: 1.110400090688979 vs. 1.110400090688979
list:
dist: 2.479607659358014 vs. 2.479607659358014
list:
dist: 1.575233873114505 vs. 1.575233873114505
list:
dist: 1.6942946077524792 vs. 1.6942946077524792
list:
dist: 1.029741965155636 vs. 1.029741965155636
list:
dist: 1.7277481721578634 vs. 1.7277481721578634
list:
dist: 2.8180087574756634 vs. 2.8180087574756634
list:
dist: 2.2258495451881957 vs. 2.2258495451881957
list:
dist: 2.072686475023272 vs. 2.072686475023272
list:
dist: 2.2545318350833785 vs. 2.2545318350833785
list:
dist: 2.6112452240968613 vs. 2.6112452240968613
list:
dist: 2.3743717300191167 vs. 2.3743717300191167
list:
dist: 2.1499111614982156 vs. 2.1499111614982156
list:
dist: 2.364127200578168 vs. 2.364127200578168
list:
dist: 1.0537843741900588 vs. 1.0537843741900588
list:
dist: 1.8853270431221338 vs. 1.8853270431221338
list:
dist: 2.6454288446085337 vs. 2.6454288446085337
list:
dist: 1.2088362923983813 vs. 1.2088362923983813
list:
dist: 1.1495248434830403 vs. 1.1495248434830403
list:
dist: 0.4807499178917549 vs. 0.4807499178917549
list:
dist: 0.9134668565926015 vs. 0.9134668565926015
list:
dist: 1.9850751271482638 vs. 1.9850751271482638
list:
dist: 1.654010958887748 vs. 1.654010958887748
list:
dist: 2.0797531185493043 vs. 2.0797531185493043
list:
dist: 0.9608132097404739 vs. 0.9608132097404739
list:
dist: 1.669881190247776 vs. 1.669881190247776
list:
dist: 1.7823848414610721 vs. 1.7823848414610721
list:
dist: 2.0460491742486187 vs. 2.0460491742486187
list:
dist: 1.1168729324720863 vs. 1.1168729324720863
list:
dist: 2.5290048956802234 vs. 2.5290048956802234
list:
dist: 2.650446403825501 vs. 2.650446403825501
list:
dist: 1.8170421139725303 vs. 1.8170421139725303
list:
dist: 2.5543930125275187 vs. 2.5543930125275187
list:
dist: 1.6029095790435128 vs. 1.6029095790435128
list:
dist: 1.7393206071644935 vs. 1.7393206071644935
list:
dist: 0.7671821977221398 vs. 0.7671821977221398
list:
dist: 0.9208145111622601 vs. 0.9208145111622601
list:
dist: 1.2300520398383077 vs. 1.2300520398383077
list:
dist: 0.7089492690191114 vs. 0.7089492690191114
list:
dist: 2.0739415884241437 vs. 2.0739415884241437
list:
dist: 1.91731305275862 vs. 1.91731305275862
list:
dist: 1.5425985051111137 vs. 1.5425985051111137
list:
dist: 1.9452835232841605 vs. 1.9452835232841605
list:
dist: 2.1499111614982156 vs. 2.1499111614982156
list:
dist: 2.0183845426722096 vs. 2.0183845426722096
list:
dist: 2.524318330217316 vs. 2.524318330217316
list:
dist: 1.8508281176237753 vs. 1.8508281176237753
list:
dist: 2.6575330679772797 vs. 2.6575330679772797
list:
dist: 2.9350676941835183 vs. 2.9350676941835183
list:
dist: 3.579090232267589 vs. 3.579090232267589
list:
dist: 3.3572074699025936 vs. 3.3572074699025936
list:
dist: 2.7757980852823514 vs. 2.7757980852823514
list:
dist: 2.4233754916199857 vs. 2.4233754916199857
list:
dist: 2.929767391702574 vs. 2.929767391702574
list:
dist: 2.5290048956802234 vs. 2.5290048956802234
list:
dist: 2.8769760864143636 vs. 2.8769760864143636
list:
dist: 2.705506373990747 vs. 2.705506373990747
list:
dist: 3.2760125990626645 vs. 3.2760125990626645
list:
dist: 2.527052176250207 vs. 2.527052176250207
list:
dist: 1.575233873114505 vs. 1.575233873114505
list:
dist: 0.8672800568317776 vs. 0.8672800568317776
list:
dist: 1.8130865140131078 vs. 1.8130865140131078
list:
dist: 2.2831629742107467 vs. 2.2831629742107467
list:
dist: 2.381392461767604 vs. 2.381392461767604
list:
dist: 1.361321536340828 vs. 1.361321536340828
list:
dist: 0.4663285299916827 vs. 0.4663285299916827
list:
dist: 1.2347395902394218 vs. 1.2347395902394218
list:
dist: 1.3163678673713903 vs. 1.3163678673713903
list:
dist: 1.3135669722032877 vs. 1.3135669722032877
list:
dist: 1.1965194783704074 vs. 1.1965194783704074
list:
dist: 1.3258001293287363 vs. 1.3258001293287363
list:
dist: 3.4443422020954206 vs. 3.4443422020954206
list:
dist: 4.231983116152626 vs. 4.231983116152626
list:
dist: 3.1960458024596496 vs. 3.1960458024596496
list:
dist: 2.8180087574756634 vs. 2.8180087574756634
list:
dist: 2.1168118700644203 vs. 2.1168118700644203
list:
dist: 2.7349375712397186 vs. 2.7349375712397186
list:
dist: 2.990375662722123 vs. 2.990375662722123
list:
dist: 3.4357232287779524 vs. 3.4357232287779524
list:
dist: 1.0227103058912943 vs. 1.0227103058912943
list:
dist: 1.3135669722032877 vs. 1.3135669722032877
list:
dist: 1.1888742207548335 vs. 1.1888742207548335
list:
dist: 2.3819541705511 vs. 2.3819541705511
list:
dist: 1.7770603395485238 vs. 1.7770603395485238
list:
dist: 1.1169151817093925 vs. 1.1169151817093925
list:
dist: 1.4478447627698743 vs. 1.4478447627698743
list:
dist: 3.8994618433185635 vs. 3.8994618433185635
list:
dist: 3.9256712627770565 vs. 3.9256712627770565
list:
dist: 3.868430752006732 vs. 3.868430752006732
list:
dist: 3.579090232267589 vs. 3.579090232267589
list:
dist: 3.590358382056192 vs. 3.590358382056192
list:
dist: 2.6355316907287083 vs. 2.6355316907287083
list:
dist: 3.4632437865904513 vs. 3.4632437865904513
list:
dist: 3.192470418038926 vs. 3.192470418038926
list:
dist: 1.8185910245149361 vs. 1.8185910245149361
list:
dist: 2.1240628024321726 vs. 2.1240628024321726
list:
dist: 2.3601583853819412 vs. 2.3601583853819412
list:
dist: 2.0883108545886775 vs. 2.0883108545886775
list:
dist: 1.669881190247776 vs. 1.669881190247776
list:
dist: 2.037557509841057 vs. 2.037557509841057
list:
dist: 2.095912612245808 vs. 2.095912612245808
list:
dist: 2.5034483934682834 vs. 2.5034483934682834
list:
dist: 1.9852684208026743 vs. 1.9852684208026743
list:
dist: 0.7108073402724338 vs. 0.7108073402724338
list:
dist: 1.2647785516568542 vs. 1.2647785516568542
list:
dist: 1.8159754585704282 vs. 1.8159754585704282
list:
dist: 1.5927376511086575 vs. 1.5927376511086575
list:
dist: 1.8802484885612747 vs. 1.8802484885612747
list:
dist: 0.8672800568317776 vs. 0.8672800568317776
list:
dist: 1.0112881415382724 vs. 1.0112881415382724
list:
dist: 0.803960013510125 vs. 0.803960013510125
list:
dist: 1.3008243092602776 vs. 1.3008243092602776
list:
dist: 2.1168118700644203 vs. 2.1168118700644203
list:
dist: 1.627586640672154 vs. 1.627586640672154
list:
dist: 1.5545262018281756 vs. 1.5545262018281756
list:
dist: 3.5926267218609067 vs. 3.5926267218609067
list:
dist: 2.89172840453839 vs. 2.89172840453839
list:
dist: 3.3411554235854277 vs. 3.3411554235854277
list:
dist: 1.9819895785173953 vs. 1.9819895785173953
list:
dist: 2.8885838895829896 vs. 2.8885838895829896
list:
dist: 3.7490031527754324 vs. 3.7490031527754324
list:
dist: 2.533975676983077 vs. 2.533975676983077
list:
dist: 2.479607659358014 vs. 2.479607659358014
list:
dist: 1.8802484885612747 vs. 1.8802484885612747
list:
dist: 2.5898569789668646 vs. 2.5898569789668646
list:
dist: 2.130485130352965 vs. 2.130485130352965
list:
dist: 3.065447199868164 vs. 3.065447199868164
list:
dist: 1.361321536340828 vs. 1.361321536340828
list:
dist: 1.2974914977705283 vs. 1.2974914977705283
list:
dist: 2.4279084086611906 vs. 2.4279084086611906
list:
dist: 1.6336128642748324 vs. 1.6336128642748324
list:
dist: 1.0227103058912943 vs. 1.0227103058912943
list:
dist: 1.2781339906593943 vs. 1.2781339906593943
list:
dist: 1.3925177793332557 vs. 1.3925177793332557
list:
dist: 3.0876400806425717 vs. 3.0876400806425717
list:
dist: 2.650446403825501 vs. 2.650446403825501
list:
dist: 2.8521839047461413 vs. 2.8521839047461413
list:
dist: 2.512293300204655 vs. 2.512293300204655
list:
dist: 3.1569995918533365 vs. 3.1569995918533365
list:
dist: 2.3559000856763377 vs. 2.3559000856763377
list:
dist: 1.6942946077524792 vs. 1.6942946077524792
list:
dist: 1.0112881415382724 vs. 1.0112881415382724
list:
dist: 1.6073132350351902 vs. 1.6073132350351902
list:
dist: 2.2969696289959196 vs. 2.2969696289959196
list:
dist: 2.2968389238614084 vs. 2.2968389238614084
list:
dist: 1.2974914977705283 vs. 1.2974914977705283
list:
dist: 0.4663285299916827 vs. 0.4663285299916827
list:
dist: 1.2261172628218826 vs. 1.2261172628218826
list:
dist: 0.9191240212024451 vs. 0.9191240212024451
list:
dist: 1.1888742207548335 vs. 1.1888742207548335
list:
dist: 0.75130786293441 vs. 0.75130786293441
list:
dist: 0.88368294140183 vs. 0.88368294140183
list:
dist: 2.490410566147865 vs. 2.490410566147865
list:
dist: 3.2802979987624497 vs. 3.2802979987624497
list:
dist: 2.332551243289583 vs. 2.332551243289583
list:
dist: 2.2258495451881957 vs. 2.2258495451881957
list:
dist: 1.627586640672154 vs. 1.627586640672154
list:
dist: 1.7721741721124729 vs. 1.7721741721124729
list:
dist: 2.4844343130983915 vs. 2.4844343130983915
list:
dist: 2.5433479163896777 vs. 2.5433479163896777
list:
dist: 1.2781339906593943 vs. 1.2781339906593943
list:
dist: 1.1965194783704074 vs. 1.1965194783704074
list:
dist: 0.75130786293441 vs. 0.75130786293441
list:
dist: 1.7411183598778108 vs. 1.7411183598778108
list:
dist: 0.7286791890089921 vs. 0.7286791890089921
list:
dist: 1.1169151817093925 vs. 1.1169151817093925
list:
dist: 0.3673165580938203 vs. 0.3673165580938203
list:
dist: 2.2565490290795958 vs. 2.2565490290795958
list:
dist: 1.8170421139725303 vs. 1.8170421139725303
list:
dist: 1.9608563909328807 vs. 1.9608563909328807
list:
dist: 2.271376333099115 vs. 2.271376333099115
list:
dist: 2.5095146660558787 vs. 2.5095146660558787
list:
dist: 2.323582195029848 vs. 2.323582195029848
list:
dist: 1.029741965155636 vs. 1.029741965155636
list:
dist: 0.803960013510125 vs. 0.803960013510125
list:
dist: 0.9666408981587844 vs. 0.9666408981587844
list:
dist: 2.474979478183204 vs. 2.474979478183204
list:
dist: 1.5552145854713813 vs. 1.5552145854713813
list:
dist: 2.4279084086611906 vs. 2.4279084086611906
list:
dist: 1.2347395902394218 vs. 1.2347395902394218
list:
dist: 1.2261172628218826 vs. 1.2261172628218826
list:
dist: 1.3851653088936668 vs. 1.3851653088936668
list:
dist: 2.3819541705511 vs. 2.3819541705511
list:
dist: 1.7411183598778108 vs. 1.7411183598778108
list:
dist: 1.6804805921952122 vs. 1.6804805921952122
list:
dist: 2.1388725679023106 vs. 2.1388725679023106
list:
dist: 2.9542129641854706 vs. 2.9542129641854706
list:
dist: 1.9928955568865425 vs. 1.9928955568865425
list:
dist: 2.072686475023272 vs. 2.072686475023272
list:
dist: 1.5545262018281756 vs. 1.5545262018281756
list:
dist: 1.5299268498459584 vs. 1.5299268498459584
list:
dist: 2.2517516169221192 vs. 2.2517516169221192
list:
dist: 2.2661174852438073 vs. 2.2661174852438073
list:
dist: 1.3925177793332557 vs. 1.3925177793332557
list:
dist: 1.3258001293287363 vs. 1.3258001293287363
list:
dist: 0.88368294140183 vs. 0.88368294140183
list:
dist: 1.6804805921952122 vs. 1.6804805921952122
list:
dist: 0.4244557461024504 vs. 0.4244557461024504
list:
dist: 1.4478447627698743 vs. 1.4478447627698743
list:
dist: 0.3673165580938203 vs. 0.3673165580938203
list:
dist: 1.7037148496036274 vs. 1.7037148496036274
list:
dist: 2.3817752178792975 vs. 2.3817752178792975
list:
dist: 2.549423575030091 vs. 2.549423575030091
list:
dist: 2.5280039076321548 vs. 2.5280039076321548
list:
dist: 1.3114624701083053 vs. 1.3114624701083053
list:
dist: 1.2521455899882552 vs. 1.2521455899882552
list:
dist: 0.5413000325856101 vs. 0.5413000325856101
list:
dist: 1.0265211328727784 vs. 1.0265211328727784
list:
dist: 1.1081220331764732 vs. 1.1081220331764732
list:
dist: 2.5096621985573577 vs. 2.5096621985573577
list:
dist: 2.0944832227128924 vs. 2.0944832227128924
list:
dist: 2.02872754103832 vs. 2.02872754103832
list:
dist: 1.7993929342414046 vs. 1.7993929342414046
list:
dist: 1.840347062265517 vs. 1.840347062265517
list:
dist: 2.6785618766452535 vs. 2.6785618766452535
list:
dist: 2.562030000857297 vs. 2.562030000857297
list:
dist: 3.4769269844558064 vs. 3.4769269844558064
list:
dist: 1.9536767197293698 vs. 1.9536767197293698
list:
dist: 2.4234557674927815 vs. 2.4234557674927815
list:
dist: 2.766201533176186 vs. 2.766201533176186
list:
dist: 2.7243793719817204 vs. 2.7243793719817204
list:
dist: 1.8198478961541522 vs. 1.8198478961541522
list:
dist: 1.5908504794849463 vs. 1.5908504794849463
list:
dist: 2.8983395154655596 vs. 2.8983395154655596
list:
dist: 2.8694296338897054 vs. 2.8694296338897054
list:
dist: 3.7233033285298154 vs. 3.7233033285298154
list:
dist: 2.3630840925536334 vs. 2.3630840925536334
list:
dist: 2.4774515676075204 vs. 2.4774515676075204
list:
dist: 1.9454189658346501 vs. 1.9454189658346501
list:
dist: 0.7770044033025839 vs. 0.7770044033025839
list:
dist: 3.110048725059166 vs. 3.110048725059166
list:
dist: 2.9866107143798764 vs. 2.9866107143798764
list:
dist: 2.277638049127031 vs. 2.277638049127031
list:
dist: 2.7862185317487302 vs. 2.7862185317487302
list:
dist: 2.3817752178792975 vs. 2.3817752178792975
list:
dist: 1.390788150001876 vs. 1.390788150001876
list:
dist: 2.9988852919577322 vs. 2.9988852919577322
list:
dist: 2.1967636772391503 vs. 2.1967636772391503
list:
dist: 1.4580285372270714 vs. 1.4580285372270714
list:
dist: 2.5012047839624354 vs. 2.5012047839624354
list:
dist: 2.8793062197765056 vs. 2.8793062197765056
list:
dist: 3.105179110252697 vs. 3.105179110252697
list:
dist: 2.918330176280439 vs. 2.918330176280439
list:
dist: 2.9775305409792594 vs. 2.9775305409792594
list:
dist: 3.4326152625718676 vs. 3.4326152625718676
list:
dist: 3.3239342152639892 vs. 3.3239342152639892
list:
dist: 2.1041050226890303 vs. 2.1041050226890303
list:
dist: 2.417800489440889 vs. 2.417800489440889
list:
dist: 1.4309353873872221 vs. 1.4309353873872221
list:
dist: 1.5908504794849463 vs. 1.5908504794849463
list:
dist: 2.6007513073586006 vs. 2.6007513073586006
list:
dist: 1.582182537474139 vs. 1.582182537474139
list:
dist: 3.6166263936992875 vs. 3.6166263936992875
list:
dist: 3.525647499105209 vs. 3.525647499105209
list:
dist: 2.9226267120526046 vs. 2.9226267120526046
list:
dist: 2.394031447892219 vs. 2.394031447892219
list:
dist: 1.941820914245518 vs. 1.941820914245518
list:
dist: 3.2779360929033445 vs. 3.2779360929033445
list:
dist: 3.1208447970220945 vs. 3.1208447970220945
list:
dist: 4.031823290974924 vs. 4.031823290974924
list:
dist: 2.038016528920572 vs. 2.038016528920572
list:
dist: 2.2178174057643494 vs. 2.2178174057643494
list:
dist: 1.776835929354552 vs. 1.776835929354552
list:
dist: 1.219703081923808 vs. 1.219703081923808
list:
dist: 0.9434482721075739 vs. 0.9434482721075739
list:
dist: 2.5760870440785815 vs. 2.5760870440785815
list:
dist: 2.757288848531672 vs. 2.757288848531672
list:
dist: 3.679306681538905 vs. 3.679306681538905
list:
dist: 2.288778045635319 vs. 2.288778045635319
list:
dist: 2.0630732891898207 vs. 2.0630732891898207
list:
dist: 1.631265743352792 vs. 1.631265743352792
list:
dist: 2.9866107143798764 vs. 2.9866107143798764
list:
dist: 1.4601094107385446 vs. 1.4601094107385446
list:
dist: 1.9078995644670398 vs. 1.9078995644670398
list:
dist: 1.015526095827576 vs. 1.015526095827576
list:
dist: 1.3114624701083053 vs. 1.3114624701083053
list:
dist: 1.8036096578434095 vs. 1.8036096578434095
list:
dist: 1.881541433822711 vs. 1.881541433822711
list:
dist: 3.0954166085216652 vs. 3.0954166085216652
list:
dist: 1.4385613225964418 vs. 1.4385613225964418
list:
dist: 2.9580420703273753 vs. 2.9580420703273753
list:
dist: 2.8198789122936327 vs. 2.8198789122936327
list:
dist: 2.3371226455038143 vs. 2.3371226455038143
list:
dist: 2.1041050226890303 vs. 2.1041050226890303
list:
dist: 1.9454189658346501 vs. 1.9454189658346501
list:
dist: 1.7688431688265105 vs. 1.7688431688265105
list:
dist: 1.631265743352792 vs. 1.631265743352792
list:
dist: 2.4125341231832715 vs. 2.4125341231832715
list:
dist: 1.956996437052067 vs. 1.956996437052067
list:
dist: 1.7037148496036274 vs. 1.7037148496036274
list:
dist: 1.4676289306057013 vs. 1.4676289306057013
list:
dist: 2.733988528234983 vs. 2.733988528234983
list:
dist: 3.0749004131464104 vs. 3.0749004131464104
list:
dist: 1.4676289306057013 vs. 1.4676289306057013
list:
dist: 1.390788150001876 vs. 1.390788150001876
list:
dist: 1.6175521265109176 vs. 1.6175521265109176
list:
dist: 2.4755003965171967 vs. 2.4755003965171967
list:
dist: 1.8036096578434095 vs. 1.8036096578434095
list:
dist: 1.141834690522344 vs. 1.141834690522344
list:
dist: 1.4030487874683266 vs. 1.4030487874683266
list:
dist: 1.0265211328727784 vs. 1.0265211328727784
list:
dist: 1.685227556240652 vs. 1.685227556240652
list:
dist: 1.9533914834094153 vs. 1.9533914834094153
list:
dist: 1.266233721948302 vs. 1.266233721948302
list:
dist: 1.7936309544519542 vs. 1.7936309544519542
list:
dist: 1.9044565896974441 vs. 1.9044565896974441
list:
dist: 2.2534254519668657 vs. 2.2534254519668657
list:
dist: 2.515681693879476 vs. 2.515681693879476
list:
dist: 2.455473701072861 vs. 2.455473701072861
list:
dist: 3.240933530165655 vs. 3.240933530165655
list:
dist: 2.3277177433772134 vs. 2.3277177433772134
list:
dist: 3.1720809770291907 vs. 3.1720809770291907
list:
dist: 3.6122838673502047 vs. 3.6122838673502047
list:
dist: 3.745519981716883 vs. 3.745519981716883
list:
dist: 2.7030408869845877 vs. 2.7030408869845877
list:
dist: 2.6007513073586006 vs. 2.6007513073586006
list:
dist: 3.36120525023484 vs. 3.36120525023484
list:
dist: 3.187389813409682 vs. 3.187389813409682
list:
dist: 3.8771372702802966 vs. 3.8771372702802966
list:
dist: 2.7265948357900283 vs. 2.7265948357900283
list:
dist: 3.014459015929747 vs. 3.014459015929747
list:
dist: 1.7688431688265105 vs. 1.7688431688265105
list:
dist: 3.110048725059166 vs. 3.110048725059166
list:
dist: 1.4601094107385446 vs. 1.4601094107385446
list:
dist: 2.7880656996509123 vs. 2.7880656996509123
list:
dist: 2.3755480531704034 vs. 2.3755480531704034
list:
dist: 2.5280039076321548 vs. 2.5280039076321548
list:
dist: 2.4755003965171967 vs. 2.4755003965171967
list:
dist: 3.1374028726656316 vs. 3.1374028726656316
list:
dist: 2.2989403109834754 vs. 2.2989403109834754
list:
dist: 4.282043413136615 vs. 4.282043413136615
list:
dist: 2.2989403109834754 vs. 2.2989403109834754
list:
dist: 1.4385613225964418 vs. 1.4385613225964418
list:
dist: 2.9865790069638516 vs. 2.9865790069638516
list:
dist: 1.9665881437278863 vs. 1.9665881437278863
list:
dist: 2.4234557674927815 vs. 2.4234557674927815
list:
dist: 3.1720809770291907 vs. 3.1720809770291907
list:
dist: 2.6021284291206936 vs. 2.6021284291206936
list:
dist: 3.8906071188896005 vs. 3.8906071188896005
list:
dist: 2.5827980435840026 vs. 2.5827980435840026
list:
dist: 2.229446840375529 vs. 2.229446840375529
list:
dist: 2.4204804816603076 vs. 2.4204804816603076
list:
dist: 2.2178174057643494 vs. 2.2178174057643494
list:
dist: 2.1967636772391503 vs. 2.1967636772391503
list:
dist: 1.6759067890232535 vs. 1.6759067890232535
list:
dist: 1.5840827519465912 vs. 1.5840827519465912
list:
dist: 2.7336713212206467 vs. 2.7336713212206467
list:
dist: 2.5096621985573577 vs. 2.5096621985573577
list:
dist: 1.9533914834094153 vs. 1.9533914834094153
list:
dist: 2.2017059002175823 vs. 2.2017059002175823
list:
dist: 1.134928786605261 vs. 1.134928786605261
list:
dist: 0.7730221530268458 vs. 0.7730221530268458
list:
dist: 1.400166348431495 vs. 1.400166348431495
list:
dist: 2.756646219080725 vs. 2.756646219080725
list:
dist: 1.5687971087241155 vs. 1.5687971087241155
list:
dist: 1.46068088700962 vs. 1.46068088700962
list:
dist: 1.9573329244690578 vs. 1.9573329244690578
list:
dist: 2.1108561447431464 vs. 2.1108561447431464
list:
dist: 3.974462417317436 vs. 3.974462417317436
list:
dist: 3.2552659842245895 vs. 3.2552659842245895
list:
dist: 3.6166263936992875 vs. 3.6166263936992875
list:
dist: 2.7897202369150564 vs. 2.7897202369150564
list:
dist: 2.39866865707805 vs. 2.39866865707805
list:
dist: 2.8704171178886457 vs. 2.8704171178886457
list:
dist: 2.359696538322753 vs. 2.359696538322753
list:
dist: 2.729893718766881 vs. 2.729893718766881
list:
dist: 2.9775305409792594 vs. 2.9775305409792594
list:
dist: 2.409693718066686 vs. 2.409693718066686
list:
dist: 2.1613774636893046 vs. 2.1613774636893046
list:
dist: 2.839063863951786 vs. 2.839063863951786
list:
dist: 2.562030000857297 vs. 2.562030000857297
list:
dist: 2.455473701072861 vs. 2.455473701072861
list:
dist: 2.1687533147279114 vs. 2.1687533147279114
list:
dist: 1.46068088700962 vs. 1.46068088700962
list:
dist: 2.3436583796805603 vs. 2.3436583796805603
list:
dist: 1.167492237940827 vs. 1.167492237940827
list:
dist: 1.24053301908632 vs. 1.24053301908632
list:
dist: 1.813365432253947 vs. 1.813365432253947
list:
dist: 0.31744203006254346 vs. 0.31744203006254346
list:
dist: 0.9784454753739704 vs. 0.9784454753739704
list:
dist: 1.1667056897990822 vs. 1.1667056897990822
list:
dist: 3.597252004189572 vs. 3.597252004189572
list:
dist: 2.8177300405767274 vs. 2.8177300405767274
list:
dist: 3.1208447970220945 vs. 3.1208447970220945
list:
dist: 2.193022013162898 vs. 2.193022013162898
list:
dist: 1.4738216243403113 vs. 1.4738216243403113
list:
dist: 1.5284370454391614 vs. 1.5284370454391614
list:
dist: 1.1672857839307538 vs. 1.1672857839307538
list:
dist: 1.77215835009571 vs. 1.77215835009571
list:
dist: 2.8198789122936327 vs. 2.8198789122936327
list:
dist: 3.429539388211442 vs. 3.429539388211442
list:
dist: 2.4278183235831388 vs. 2.4278183235831388
list:
dist: 2.7243793719817204 vs. 2.7243793719817204
list:
dist: 3.745519981716883 vs. 3.745519981716883
list:
dist: 2.5472169829640148 vs. 2.5472169829640148
list:
dist: 3.0366300498837484 vs. 3.0366300498837484
list:
dist: 2.229446840375529 vs. 2.229446840375529
list:
dist: 1.570599213903155 vs. 1.570599213903155
list:
dist: 1.5118292271104041 vs. 1.5118292271104041
list:
dist: 1.219703081923808 vs. 1.219703081923808
list:
dist: 3.3239342152639892 vs. 3.3239342152639892
list:
dist: 2.986416260063292 vs. 2.986416260063292
list:
dist: 1.8784425407563041 vs. 1.8784425407563041
list:
dist: 2.1020333026419795 vs. 2.1020333026419795
list:
dist: 1.9536767197293698 vs. 1.9536767197293698
list:
dist: 2.3277177433772134 vs. 2.3277177433772134
list:
dist: 1.3843684273658785 vs. 1.3843684273658785
list:
dist: 2.1108561447431464 vs. 2.1108561447431464
list:
dist: 2.6394557376221566 vs. 2.6394557376221566
list:
dist: 1.4246723342222891 vs. 1.4246723342222891
list:
dist: 0.9417530889483631 vs. 0.9417530889483631
list:
dist: 1.2929412598015264 vs. 1.2929412598015264
list:
dist: 1.3808113167335245 vs. 1.3808113167335245
list:
dist: 1.1667056897990822 vs. 1.1667056897990822
list:
dist: 2.0630199691447753 vs. 2.0630199691447753
list:
dist: 2.51920065807474 vs. 2.51920065807474
list:
dist: 1.6999081260434297 vs. 1.6999081260434297
list:
dist: 2.038016528920572 vs. 2.038016528920572
list:
dist: 1.4968400747563044 vs. 1.4968400747563044
list:
dist: 1.0537072619294734 vs. 1.0537072619294734
list:
dist: 1.8185274833971892 vs. 1.8185274833971892
list:
dist: 0.44715173760448906 vs. 0.44715173760448906
list:
dist: 0.8061468853799597 vs. 0.8061468853799597
list:
dist: 2.8793062197765056 vs. 2.8793062197765056
list:
dist: 2.562343616059415 vs. 2.562343616059415
list:
dist: 1.142288839886851 vs. 1.142288839886851
list:
dist: 1.8829805950363998 vs. 1.8829805950363998
list:
dist: 1.7993929342414046 vs. 1.7993929342414046
list:
dist: 1.9044565896974441 vs. 1.9044565896974441
list:
dist: 1.0550424769475384 vs. 1.0550424769475384
list:
dist: 1.400166348431495 vs. 1.400166348431495
list:
dist: 1.8760475861118375 vs. 1.8760475861118375
list:
dist: 0.627661937675416 vs. 0.627661937675416
list:
dist: 1.9628638324597731 vs. 1.9628638324597731
list:
dist: 1.5160188848558687 vs. 1.5160188848558687
list:
dist: 1.24053301908632 vs. 1.24053301908632
list:
dist: 2.1827368862646552 vs. 2.1827368862646552
list:
dist: 0.9417530889483631 vs. 0.9417530889483631
list:
dist: 2.632388857855053 vs. 2.632388857855053
list:
dist: 1.9058263940739955 vs. 1.9058263940739955
list:
dist: 2.394031447892219 vs. 2.394031447892219
list:
dist: 1.5806593395195696 vs. 1.5806593395195696
list:
dist: 1.355945562229929 vs. 1.355945562229929
list:
dist: 2.3411387440052533 vs. 2.3411387440052533
list:
dist: 1.3077100746785921 vs. 1.3077100746785921
list:
dist: 1.4441473824730842 vs. 1.4441473824730842
list:
dist: 4.282043413136615 vs. 4.282043413136615
list:
dist: 2.9580420703273753 vs. 2.9580420703273753
list:
dist: 2.847793348833624 vs. 2.847793348833624
list:
dist: 2.378828637243773 vs. 2.378828637243773
list:
dist: 2.766201533176186 vs. 2.766201533176186
list:
dist: 3.6122838673502047 vs. 3.6122838673502047
list:
dist: 1.9908810972970492 vs. 1.9908810972970492
list:
dist: 3.974462417317436 vs. 3.974462417317436
list:
dist: 4.071769597890427 vs. 4.071769597890427
list:
dist: 3.222294955281296 vs. 3.222294955281296
list:
dist: 2.632388857855053 vs. 2.632388857855053
list:
dist: 3.203896131362909 vs. 3.203896131362909
list:
dist: 3.8623609129125214 vs. 3.8623609129125214
list:
dist: 3.597252004189572 vs. 3.597252004189572
list:
dist: 4.488021813617205 vs. 4.488021813617205
list:
dist: 2.51920065807474 vs. 2.51920065807474
list:
dist: 2.5827980435840026 vs. 2.5827980435840026
list:
dist: 1.570599213903155 vs. 1.570599213903155
list:
dist: 1.0450294267408353 vs. 1.0450294267408353
list:
dist: 1.776835929354552 vs. 1.776835929354552
list:
dist: 1.882426479321396 vs. 1.882426479321396
list:
dist: 2.560467453589152 vs. 2.560467453589152
list:
dist: 3.83110280085837 vs. 3.83110280085837
list:
dist: 2.7092935985389293 vs. 2.7092935985389293
list:
dist: 2.06281570074987 vs. 2.06281570074987
list:
dist: 2.5012047839624354 vs. 2.5012047839624354
list:
dist: 2.101336863537253 vs. 2.101336863537253
list:
dist: 1.1538758515669538 vs. 1.1538758515669538
list:
dist: 2.189920446202768 vs. 2.189920446202768
list:
dist: 2.02872754103832 vs. 2.02872754103832
list:
dist: 1.7936309544519542 vs. 1.7936309544519542
list:
dist: 1.5110993678400069 vs. 1.5110993678400069
list:
dist: 0.7730221530268458 vs. 0.7730221530268458
list:
dist: 1.41808286640336 vs. 1.41808286640336
list:
dist: 0.627661937675416 vs. 0.627661937675416
list:
dist: 2.2589780340334613 vs. 2.2589780340334613
list:
dist: 1.392314423318597 vs. 1.392314423318597
list:
dist: 1.167492237940827 vs. 1.167492237940827
list:
dist: 1.9823211825815892 vs. 1.9823211825815892
list:
dist: 1.4246723342222891 vs. 1.4246723342222891
list:
dist: 3.222294955281296 vs. 3.222294955281296
list:
dist: 2.501161740708977 vs. 2.501161740708977
list:
dist: 2.9226267120526046 vs. 2.9226267120526046
list:
dist: 2.0926729093044063 vs. 2.0926729093044063
list:
dist: 1.7697558703720937 vs. 1.7697558703720937
list:
dist: 2.511155500886102 vs. 2.511155500886102
list:
dist: 1.7309243866472264 vs. 1.7309243866472264
list:
dist: 2.0076419459622503 vs. 2.0076419459622503
list:
dist: 2.461493139516385 vs. 2.461493139516385
list:
dist: 2.8984168621994746 vs. 2.8984168621994746
list:
dist: 2.8694296338897054 vs. 2.8694296338897054
list:
dist: 3.187389813409682 vs. 3.187389813409682
list:
dist: 2.0066571448448816 vs. 2.0066571448448816
list:
dist: 2.39866865707805 vs. 2.39866865707805
list:
dist: 3.174183544979104 vs. 3.174183544979104
list:
dist: 1.7697558703720937 vs. 1.7697558703720937
list:
dist: 1.355945562229929 vs. 1.355945562229929
list:
dist: 2.268853160290046 vs. 2.268853160290046
list:
dist: 1.7460776432215506 vs. 1.7460776432215506
list:
dist: 1.4738216243403113 vs. 1.4738216243403113
list:
dist: 2.1063402451380013 vs. 2.1063402451380013
list:
dist: 1.0537072619294734 vs. 1.0537072619294734
list:
dist: 2.560467453589152 vs. 2.560467453589152
list:
dist: 2.1248444296232263 vs. 2.1248444296232263
list:
dist: 2.757288848531672 vs. 2.757288848531672
list:
dist: 0.8467333060191706 vs. 0.8467333060191706
list:
dist: 1.409995831265161 vs. 1.409995831265161
list:
dist: 0.9265306199658613 vs. 0.9265306199658613
list:
dist: 0.7639169712462128 vs. 0.7639169712462128
list:
dist: 3.0749004131464104 vs. 3.0749004131464104
list:
dist: 3.105179110252697 vs. 3.105179110252697
list:
dist: 2.8841867635482252 vs. 2.8841867635482252
list:
dist: 3.0954166085216652 vs. 3.0954166085216652
list:
dist: 2.4318406405813584 vs. 2.4318406405813584
list:
dist: 2.1998050326653216 vs. 2.1998050326653216
list:
dist: 1.840347062265517 vs. 1.840347062265517
list:
dist: 2.2534254519668657 vs. 2.2534254519668657
list:
dist: 2.014877112939502 vs. 2.014877112939502
list:
dist: 2.756646219080725 vs. 2.756646219080725
list:
dist: 3.0141296425097646 vs. 3.0141296425097646
list:
dist: 2.2589780340334613 vs. 2.2589780340334613
list:
dist: 1.9628638324597731 vs. 1.9628638324597731
list:
dist: 1.8005630639447385 vs. 1.8005630639447385
list:
dist: 1.813365432253947 vs. 1.813365432253947
list:
dist: 2.4896876291153753 vs. 2.4896876291153753
list:
dist: 1.2929412598015264 vs. 1.2929412598015264
list:
dist: 3.8906071188896005 vs. 3.8906071188896005
list:
dist: 3.203896131362909 vs. 3.203896131362909
list:
dist: 3.0366300498837484 vs. 3.0366300498837484
list:
dist: 2.2128932254892093 vs. 2.2128932254892093
list:
dist: 1.941820914245518 vs. 1.941820914245518
list:
dist: 2.7130987839165663 vs. 2.7130987839165663
list:
dist: 2.268853160290046 vs. 2.268853160290046
list:
dist: 2.4694305553869915 vs. 2.4694305553869915
list:
dist: 1.3610541503574984 vs. 1.3610541503574984
list:
dist: 1.8406074219393989 vs. 1.8406074219393989
list:
dist: 2.733988528234983 vs. 2.733988528234983
list:
dist: 2.9988852919577322 vs. 2.9988852919577322
list:
dist: 2.9491445971750303 vs. 2.9491445971750303
list:
dist: 3.1374028726656316 vs. 3.1374028726656316
list:
dist: 1.881541433822711 vs. 1.881541433822711
list:
dist: 0.9503844445972345 vs. 0.9503844445972345
list:
dist: 0.9471631554957901 vs. 0.9471631554957901
list:
dist: 1.1081220331764732 vs. 1.1081220331764732
list:
dist: 1.685227556240652 vs. 1.685227556240652
list:
dist: 2.2017059002175823 vs. 2.2017059002175823
list:
dist: 2.1497307281758355 vs. 2.1497307281758355
list:
dist: 1.5110993678400069 vs. 1.5110993678400069
list:
dist: 1.0550424769475384 vs. 1.0550424769475384
list:
dist: 2.014877112939502 vs. 2.014877112939502
list:
dist: 2.398329409893273 vs. 2.398329409893273
list:
dist: 2.1687533147279114 vs. 2.1687533147279114
list:
dist: 3.1458366799514517 vs. 3.1458366799514517
list:
dist: 1.3843684273658785 vs. 1.3843684273658785
list:
dist: 2.6021284291206936 vs. 2.6021284291206936
list:
dist: 1.9908810972970492 vs. 1.9908810972970492
list:
dist: 2.5472169829640148 vs. 2.5472169829640148
list:
dist: 1.1697840393794254 vs. 1.1697840393794254
list:
dist: 1.582182537474139 vs. 1.582182537474139
list:
dist: 1.8655838910434244 vs. 1.8655838910434244
list:
dist: 2.0066571448448816 vs. 2.0066571448448816
list:
dist: 3.144466812691915 vs. 3.144466812691915
list:
dist: 1.8159445126554163 vs. 1.8159445126554163
list:
dist: 1.6956620373148714 vs. 1.6956620373148714
list:
dist: 2.4125341231832715 vs. 2.4125341231832715
list:
dist: 2.277638049127031 vs. 2.277638049127031
list:
dist: 2.2546869059695704 vs. 2.2546869059695704
list:
dist: 2.7880656996509123 vs. 2.7880656996509123
list:
dist: 1.9078995644670398 vs. 1.9078995644670398
list:
dist: 1.264621945590902 vs. 1.264621945590902
list:
dist: 1.2521455899882552 vs. 1.2521455899882552
list:
dist: 1.141834690522344 vs. 1.141834690522344
list:
dist: 0.9503844445972345 vs. 0.9503844445972345
list:
dist: 1.5840827519465912 vs. 1.5840827519465912
list:
dist: 1.2381466386266762 vs. 1.2381466386266762
list:
dist: 1.1538758515669538 vs. 1.1538758515669538
list:
dist: 1.142288839886851 vs. 1.142288839886851
list:
dist: 2.4318406405813584 vs. 2.4318406405813584
list:
dist: 2.35563873747024 vs. 2.35563873747024
list:
dist: 2.1613774636893046 vs. 2.1613774636893046
list:
dist: 3.0582570781996523 vs. 3.0582570781996523
list:
dist: 1.8784425407563041 vs. 1.8784425407563041
list:
dist: 2.9865790069638516 vs. 2.9865790069638516
list:
dist: 2.847793348833624 vs. 2.847793348833624
list:
dist: 3.429539388211442 vs. 3.429539388211442
list:
dist: 2.1139004133996036 vs. 2.1139004133996036
list:
dist: 2.417800489440889 vs. 2.417800489440889
list:
dist: 2.458375184808387 vs. 2.458375184808387
list:
dist: 2.461493139516385 vs. 2.461493139516385
list:
dist: 3.457020614981671 vs. 3.457020614981671
list:
dist: 2.3129376945743254 vs. 2.3129376945743254
list:
dist: 2.3916923016842024 vs. 2.3916923016842024
list:
dist: 1.4580285372270714 vs. 1.4580285372270714
list:
dist: 1.3520145160990118 vs. 1.3520145160990118
list:
dist: 1.2381466386266762 vs. 1.2381466386266762
list:
dist: 2.3034099448083687 vs. 2.3034099448083687
list:
dist: 2.0944832227128924 vs. 2.0944832227128924
list:
dist: 1.266233721948302 vs. 1.266233721948302
list:
dist: 2.1497307281758355 vs. 2.1497307281758355
list:
dist: 1.134928786605261 vs. 1.134928786605261
list:
dist: 1.41808286640336 vs. 1.41808286640336
list:
dist: 1.8760475861118375 vs. 1.8760475861118375
list:
dist: 3.0141296425097646 vs. 3.0141296425097646
list:
dist: 2.4303291800111375 vs. 2.4303291800111375
list:
dist: 2.3436583796805603 vs. 2.3436583796805603
list:
dist: 2.963866002845456 vs. 2.963866002845456
list:
dist: 2.6394557376221566 vs. 2.6394557376221566
list:
dist: 4.071769597890427 vs. 4.071769597890427
list:
dist: 3.3178497565878473 vs. 3.3178497565878473
list:
dist: 3.525647499105209 vs. 3.525647499105209
list:
dist: 3.381354367520661 vs. 3.381354367520661
list:
dist: 3.174183544979104 vs. 3.174183544979104
list:
dist: 3.836885308685398 vs. 3.836885308685398
list:
dist: 3.0028369711089695 vs. 3.0028369711089695
list:
dist: 3.2967391867196296 vs. 3.2967391867196296
list:
dist: 1.956996437052067 vs. 1.956996437052067
list:
dist: 2.7862185317487302 vs. 2.7862185317487302
list:
dist: 2.972957746526389 vs. 2.972957746526389
list:
dist: 2.3755480531704034 vs. 2.3755480531704034
list:
dist: 1.015526095827576 vs. 1.015526095827576
list:
dist: 1.264621945590902 vs. 1.264621945590902
list:
dist: 0.5413000325856101 vs. 0.5413000325856101
list:
dist: 1.4030487874683266 vs. 1.4030487874683266
list:
dist: 0.9471631554957901 vs. 0.9471631554957901
list:
dist: 2.7336713212206467 vs. 2.7336713212206467
list:
dist: 2.3034099448083687 vs. 2.3034099448083687
list:
dist: 2.189920446202768 vs. 2.189920446202768
list:
dist: 1.8829805950363998 vs. 1.8829805950363998
list:
dist: 2.1998050326653216 vs. 2.1998050326653216
list:
dist: 3.001779380537777 vs. 3.001779380537777
list:
dist: 2.839063863951786 vs. 2.839063863951786
list:
dist: 3.793732854635617 vs. 3.793732854635617
list:
dist: 2.1020333026419795 vs. 2.1020333026419795
list:
dist: 1.9665881437278863 vs. 1.9665881437278863
list:
dist: 2.378828637243773 vs. 2.378828637243773
list:
dist: 2.4278183235831388 vs. 2.4278183235831388
list:
dist: 1.5405325065946676 vs. 1.5405325065946676
list:
dist: 1.4309353873872221 vs. 1.4309353873872221
list:
dist: 2.768065073733307 vs. 2.768065073733307
list:
dist: 2.8984168621994746 vs. 2.8984168621994746
list:
dist: 3.915779272208279 vs. 3.915779272208279
list:
dist: 2.523360391918112 vs. 2.523360391918112
list:
dist: 2.479560397400501 vs. 2.479560397400501
list:
dist: 3.4326152625718676 vs. 3.4326152625718676
list:
dist: 2.7342371820580595 vs. 2.7342371820580595
list:
dist: 3.0582570781996523 vs. 3.0582570781996523
list:
dist: 3.793732854635617 vs. 3.793732854635617
list:
dist: 3.4769269844558064 vs. 3.4769269844558064
list:
dist: 3.240933530165655 vs. 3.240933530165655
list:
dist: 3.1458366799514517 vs. 3.1458366799514517
list:
dist: 1.9573329244690578 vs. 1.9573329244690578
list:
dist: 2.963866002845456 vs. 2.963866002845456
list:
dist: 1.9823211825815892 vs. 1.9823211825815892
list:
dist: 2.1827368862646552 vs. 2.1827368862646552
list:
dist: 2.4896876291153753 vs. 2.4896876291153753
list:
dist: 0.8029950773112426 vs. 0.8029950773112426
list:
dist: 0.9784454753739704 vs. 0.9784454753739704
list:
dist: 2.0630199691447753 vs. 2.0630199691447753
list:
dist: 4.488021813617205 vs. 4.488021813617205
list:
dist: 3.751730865941803 vs. 3.751730865941803
list:
dist: 4.031823290974924 vs. 4.031823290974924
list:
dist: 2.91329038833603 vs. 2.91329038833603
list:
dist: 2.1063402451380013 vs. 2.1063402451380013
list:
dist: 1.4483643570004052 vs. 1.4483643570004052
list:
dist: 1.9140390210402773 vs. 1.9140390210402773
list:
dist: 2.5355194791666 vs. 2.5355194791666
list:
dist: 2.3371226455038143 vs. 2.3371226455038143
list:
dist: 2.1139004133996036 vs. 2.1139004133996036
list:
dist: 1.5405325065946676 vs. 1.5405325065946676
list:
dist: 1.8198478961541522 vs. 1.8198478961541522
list:
dist: 2.7030408869845877 vs. 2.7030408869845877
list:
dist: 1.1697840393794254 vs. 1.1697840393794254
list:
dist: 3.2552659842245895 vs. 3.2552659842245895
list:
dist: 3.3178497565878473 vs. 3.3178497565878473
list:
dist: 2.501161740708977 vs. 2.501161740708977
list:
dist: 1.9058263940739955 vs. 1.9058263940739955
list:
dist: 2.2128932254892093 vs. 2.2128932254892093
list:
dist: 3.047852075745714 vs. 3.047852075745714
list:
dist: 2.8177300405767274 vs. 2.8177300405767274
list:
dist: 3.751730865941803 vs. 3.751730865941803
list:
dist: 1.6999081260434297 vs. 1.6999081260434297
list:
dist: 2.4204804816603076 vs. 2.4204804816603076
list:
dist: 1.0450294267408353 vs. 1.0450294267408353
list:
dist: 1.5118292271104041 vs. 1.5118292271104041
list:
dist: 0.9434482721075739 vs. 0.9434482721075739
list:
dist: 1.744615152220823 vs. 1.744615152220823
list:
dist: 2.1248444296232263 vs. 2.1248444296232263
list:
dist: 3.293376556680091 vs. 3.293376556680091
list:
dist: 1.9655523243812454 vs. 1.9655523243812454
list:
dist: 1.5118869858494615 vs. 1.5118869858494615
list:
dist: 0.7770044033025839 vs. 0.7770044033025839
list:
dist: 2.2546869059695704 vs. 2.2546869059695704
list:
dist: 2.972957746526389 vs. 2.972957746526389
list:
dist: 2.549423575030091 vs. 2.549423575030091
list:
dist: 1.6175521265109176 vs. 1.6175521265109176
list:
dist: 2.9491445971750303 vs. 2.9491445971750303
list:
dist: 1.6759067890232535 vs. 1.6759067890232535
list:
dist: 1.3520145160990118 vs. 1.3520145160990118
list:
dist: 2.101336863537253 vs. 2.101336863537253
list:
dist: 2.562343616059415 vs. 2.562343616059415
list:
dist: 2.8841867635482252 vs. 2.8841867635482252
list:
dist: 2.316503799580712 vs. 2.316503799580712
list:
dist: 2.409693718066686 vs. 2.409693718066686
list:
dist: 2.7342371820580595 vs. 2.7342371820580595
list:
dist: 2.986416260063292 vs. 2.986416260063292
list:
dist: 2.918330176280439 vs. 2.918330176280439
list:
dist: 2.316503799580712 vs. 2.316503799580712
list:
dist: 2.35563873747024 vs. 2.35563873747024
list:
dist: 3.001779380537777 vs. 3.001779380537777
list:
dist: 2.6785618766452535 vs. 2.6785618766452535
list:
dist: 2.515681693879476 vs. 2.515681693879476
list:
dist: 2.398329409893273 vs. 2.398329409893273
list:
dist: 1.5687971087241155 vs. 1.5687971087241155
list:
dist: 2.4303291800111375 vs. 2.4303291800111375
list:
dist: 1.392314423318597 vs. 1.392314423318597
list:
dist: 1.5160188848558687 vs. 1.5160188848558687
list:
dist: 1.8005630639447385 vs. 1.8005630639447385
list:
dist: 0.31744203006254346 vs. 0.31744203006254346
list:
dist: 0.8029950773112426 vs. 0.8029950773112426
list:
dist: 1.3808113167335245 vs. 1.3808113167335245
list:
dist: 3.8623609129125214 vs. 3.8623609129125214
list:
dist: 3.047852075745714 vs. 3.047852075745714
list:
dist: 3.2779360929033445 vs. 3.2779360929033445
list:
dist: 2.4900334348307127 vs. 2.4900334348307127
list:
dist: 1.7460776432215506 vs. 1.7460776432215506
list:
dist: 1.5763949973642308 vs. 1.5763949973642308
list:
dist: 1.346371155050392 vs. 1.346371155050392
list:
dist: 2.009040482495235 vs. 2.009040482495235
list:
dist: 2.458375184808387 vs. 2.458375184808387
list:
dist: 2.768065073733307 vs. 2.768065073733307
list:
dist: 2.8983395154655596 vs. 2.8983395154655596
list:
dist: 3.36120525023484 vs. 3.36120525023484
list:
dist: 1.8655838910434244 vs. 1.8655838910434244
list:
dist: 2.7897202369150564 vs. 2.7897202369150564
list:
dist: 3.381354367520661 vs. 3.381354367520661
list:
dist: 2.0926729093044063 vs. 2.0926729093044063
list:
dist: 1.5806593395195696 vs. 1.5806593395195696
list:
dist: 2.7130987839165663 vs. 2.7130987839165663
list:
dist: 2.4900334348307127 vs. 2.4900334348307127
list:
dist: 2.193022013162898 vs. 2.193022013162898
list:
dist: 2.91329038833603 vs. 2.91329038833603
list:
dist: 1.4968400747563044 vs. 1.4968400747563044
list:
dist: 1.882426479321396 vs. 1.882426479321396
list:
dist: 1.744615152220823 vs. 1.744615152220823
list:
dist: 2.5760870440785815 vs. 2.5760870440785815
list:
dist: 0.8467333060191706 vs. 0.8467333060191706
list:
dist: 2.20950047181873 vs. 2.20950047181873
list:
dist: 1.533421746829431 vs. 1.533421746829431
list:
dist: 0.9512298592580501 vs. 0.9512298592580501
list:
dist: 3.457020614981671 vs. 3.457020614981671
list:
dist: 3.915779272208279 vs. 3.915779272208279
list:
dist: 3.7233033285298154 vs. 3.7233033285298154
list:
dist: 3.8771372702802966 vs. 3.8771372702802966
list:
dist: 3.144466812691915 vs. 3.144466812691915
list:
dist: 2.8704171178886457 vs. 2.8704171178886457
list:
dist: 3.836885308685398 vs. 3.836885308685398
list:
dist: 2.511155500886102 vs. 2.511155500886102
list:
dist: 2.3411387440052533 vs. 2.3411387440052533
list:
dist: 2.4694305553869915 vs. 2.4694305553869915
list:
dist: 1.5763949973642308 vs. 1.5763949973642308
list:
dist: 1.5284370454391614 vs. 1.5284370454391614
list:
dist: 1.4483643570004052 vs. 1.4483643570004052
list:
dist: 1.8185274833971892 vs. 1.8185274833971892
list:
dist: 3.83110280085837 vs. 3.83110280085837
list:
dist: 3.293376556680091 vs. 3.293376556680091
list:
dist: 3.679306681538905 vs. 3.679306681538905
list:
dist: 2.20950047181873 vs. 2.20950047181873
list:
dist: 1.409995831265161 vs. 1.409995831265161
list:
dist: 1.4317067392418261 vs. 1.4317067392418261
list:
dist: 1.8044120925718057 vs. 1.8044120925718057
list:
dist: 2.3129376945743254 vs. 2.3129376945743254
list:
dist: 2.523360391918112 vs. 2.523360391918112
list:
dist: 2.3630840925536334 vs. 2.3630840925536334
list:
dist: 2.7265948357900283 vs. 2.7265948357900283
list:
dist: 1.8159445126554163 vs. 1.8159445126554163
list:
dist: 2.359696538322753 vs. 2.359696538322753
list:
dist: 3.0028369711089695 vs. 3.0028369711089695
list:
dist: 1.7309243866472264 vs. 1.7309243866472264
list:
dist: 1.3077100746785921 vs. 1.3077100746785921
list:
dist: 1.3610541503574984 vs. 1.3610541503574984
list:
dist: 1.346371155050392 vs. 1.346371155050392
list:
dist: 1.1672857839307538 vs. 1.1672857839307538
list:
dist: 1.9140390210402773 vs. 1.9140390210402773
list:
dist: 0.44715173760448906 vs. 0.44715173760448906
list:
dist: 2.7092935985389293 vs. 2.7092935985389293
list:
dist: 1.9655523243812454 vs. 1.9655523243812454
list:
dist: 2.288778045635319 vs. 2.288778045635319
list:
dist: 1.533421746829431 vs. 1.533421746829431
list:
dist: 0.9265306199658613 vs. 0.9265306199658613
list:
dist: 1.4317067392418261 vs. 1.4317067392418261
list:
dist: 0.7381056301190433 vs. 0.7381056301190433
list:
dist: 2.3916923016842024 vs. 2.3916923016842024
list:
dist: 2.479560397400501 vs. 2.479560397400501
list:
dist: 2.4774515676075204 vs. 2.4774515676075204
list:
dist: 3.014459015929747 vs. 3.014459015929747
list:
dist: 1.6956620373148714 vs. 1.6956620373148714
list:
dist: 2.729893718766881 vs. 2.729893718766881
list:
dist: 3.2967391867196296 vs. 3.2967391867196296
list:
dist: 2.0076419459622503 vs. 2.0076419459622503
list:
dist: 1.4441473824730842 vs. 1.4441473824730842
list:
dist: 1.8406074219393989 vs. 1.8406074219393989
list:
dist: 2.009040482495235 vs. 2.009040482495235
list:
dist: 1.77215835009571 vs. 1.77215835009571
list:
dist: 2.5355194791666 vs. 2.5355194791666
list:
dist: 0.8061468853799597 vs. 0.8061468853799597
list:
dist: 2.06281570074987 vs. 2.06281570074987
list:
dist: 1.5118869858494615 vs. 1.5118869858494615
list:
dist: 2.0630732891898207 vs. 2.0630732891898207
list:
dist: 0.9512298592580501 vs. 0.9512298592580501
list:
dist: 0.7639169712462128 vs. 0.7639169712462128
list:
dist: 1.8044120925718057 vs. 1.8044120925718057
list:
dist: 0.7381056301190433 vs. 0.7381056301190433
400
rk
<OccurredElementalReaction>
	 elmtlRkId: 0
	 p(id,type,coords) 26 1 4.470254943680354 3.231708839975844 0.6320818428669096
</OccurredElementalReaction>
500
Neighbor List consistency Check...
--------
nle(id0,id1,dist): 5 6 1.4502187329871958
list:
dist: 1.4502187329871958 vs. 1.4502187329871958
--------
nle(id0,id1,dist): 5 7 1.91331242843767
list:
dist: 1.91331242843767 vs. 1.91331242843767
--------
nle(id0,id1,dist): 5 18 3.333680604258174
list:
dist: 3.333680604258174 vs. 3.333680604258174
--------
nle(id0,id1,dist): 5 14 2.605140677076255
list:
dist: 2.605140677076255 vs. 2.605140677076255
--------
nle(id0,id1,dist): 5 8 1.1682198003554085
list:
dist: 1.1682198003554085 vs. 1.1682198003554085
--------
nle(id0,id1,dist): 5 10 1.9866894389327603
list:
dist: 1.9866894389327603 vs. 1.9866894389327603
--------
nle(id0,id1,dist): 4 12 0.9988285442371025
list:
dist: 0.9988285442371025 vs. 0.9988285442371025
--------
nle(id0,id1,dist): 4 9 1.3120147545662086
list:
dist: 1.3120147545662086 vs. 1.3120147545662086
--------
nle(id0,id1,dist): 4 18 2.5268301421812476
list:
dist: 2.5268301421812476 vs. 2.5268301421812476
--------
nle(id0,id1,dist): 4 17 1.2414556750029069
list:
dist: 1.2414556750029069 vs. 1.2414556750029069
--------
nle(id0,id1,dist): 4 16 1.8669734397381013
list:
dist: 1.8669734397381013 vs. 1.8669734397381013
--------
nle(id0,id1,dist): 6 27 2.6585887526008607
list:
dist: 2.6585887526008607 vs. 2.6585887526008607
--------
nle(id0,id1,dist): 7 9 2.2211979694851878
list:
dist: 2.2211979694851878 vs. 2.2211979694851878
--------
nle(id0,id1,dist): 7 8 2.309768389975885
list:
dist: 2.309768389975885 vs. 2.309768389975885
--------
nle(id0,id1,dist): 7 11 1.7744336695111174
list:
dist: 1.7744336695111174 vs. 1.7744336695111174
--------
nle(id0,id1,dist): 7 10 0.5809751464357273
list:
dist: 0.5809751464357273 vs. 0.5809751464357273
--------
nle(id0,id1,dist): 7 13 1.8806975475142282
list:
dist: 1.8806975475142282 vs. 1.8806975475142282
--------
nle(id0,id1,dist): 7 12 2.295329071347133
list:
dist: 2.295329071347133 vs. 2.295329071347133
--------
nle(id0,id1,dist): 5 27 2.302956767170583
list:
dist: 2.302956767170583 vs. 2.302956767170583
--------
nle(id0,id1,dist): 6 14 2.928086849014546
list:
dist: 2.928086849014546 vs. 2.928086849014546
--------
nle(id0,id1,dist): 6 18 2.210249803714958
list:
dist: 2.210249803714958 vs. 2.210249803714958
--------
nle(id0,id1,dist): 6 10 1.37701056924496
list:
dist: 1.37701056924496 vs. 1.37701056924496
--------
nle(id0,id1,dist): 6 8 0.972877716605366
list:
dist: 0.972877716605366 vs. 0.972877716605366
--------
nle(id0,id1,dist): 6 7 1.5658091191164614
list:
dist: 1.5658091191164614 vs. 1.5658091191164614
--------
nle(id0,id1,dist): 8 14 3.3388377411669983
list:
dist: 3.3388377411669983 vs. 3.3388377411669983
--------
nle(id0,id1,dist): 8 10 2.2291615105913287
list:
dist: 2.2291615105913287 vs. 2.2291615105913287
--------
nle(id0,id1,dist): 8 18 3.087794546801831
list:
dist: 3.087794546801831 vs. 3.087794546801831
--------
nle(id0,id1,dist): 8 27 3.1699931800762853
list:
dist: 3.1699931800762853 vs. 3.1699931800762853
--------
nle(id0,id1,dist): 7 21 1.8913917032008567
list:
dist: 1.8913917032008567 vs. 1.8913917032008567
--------
nle(id0,id1,dist): 7 18 2.300407077213465
list:
dist: 2.300407077213465 vs. 2.300407077213465
--------
nle(id0,id1,dist): 7 17 2.446549738371187
list:
dist: 2.446549738371187 vs. 2.446549738371187
--------
nle(id0,id1,dist): 7 16 2.7214487741204505
list:
dist: 2.7214487741204505 vs. 2.7214487741204505
--------
nle(id0,id1,dist): 7 15 2.5178811595463166
list:
dist: 2.5178811595463166 vs. 2.5178811595463166
--------
nle(id0,id1,dist): 7 14 1.6644472967915322
list:
dist: 1.6644472967915322 vs. 1.6644472967915322
--------
nle(id0,id1,dist): 7 27 1.3510394717267205
list:
dist: 1.3510394717267205 vs. 1.3510394717267205
--------
nle(id0,id1,dist): 7 24 3.063256787372532
list:
dist: 3.063256787372532 vs. 3.063256787372532
--------
nle(id0,id1,dist): 7 22 3.0347937950362995
list:
dist: 3.0347937950362995 vs. 3.0347937950362995
--------
nle(id0,id1,dist): 10 12 2.318256064817762
list:
dist: 2.318256064817762 vs. 2.318256064817762
--------
nle(id0,id1,dist): 10 11 2.0201564646144297
list:
dist: 2.0201564646144297 vs. 2.0201564646144297
--------
nle(id0,id1,dist): 10 14 2.2306437394731446
list:
dist: 2.2306437394731446 vs. 2.2306437394731446
--------
nle(id0,id1,dist): 10 13 2.1446807738293416
list:
dist: 2.1446807738293416 vs. 2.1446807738293416
--------
nle(id0,id1,dist): 10 15 2.7707353882254853
list:
dist: 2.7707353882254853 vs. 2.7707353882254853
--------
nle(id0,id1,dist): 10 16 2.8805309778447583
list:
dist: 2.8805309778447583 vs. 2.8805309778447583
--------
nle(id0,id1,dist): 10 17 2.430051390101686
list:
dist: 2.430051390101686 vs. 2.430051390101686
--------
nle(id0,id1,dist): 10 18 1.76205739148874
list:
dist: 1.76205739148874 vs. 1.76205739148874
--------
nle(id0,id1,dist): 10 21 2.2631926955357633
list:
dist: 2.2631926955357633 vs. 2.2631926955357633
--------
nle(id0,id1,dist): 10 22 3.3237017379984817
list:
dist: 3.3237017379984817 vs. 3.3237017379984817
--------
nle(id0,id1,dist): 10 24 3.507855024067087
list:
dist: 3.507855024067087 vs. 3.507855024067087
--------
nle(id0,id1,dist): 10 27 1.616423119887911
list:
dist: 1.616423119887911 vs. 1.616423119887911
--------
nle(id0,id1,dist): 9 11 1.7695743825813959
list:
dist: 1.7695743825813959 vs. 1.7695743825813959
--------
nle(id0,id1,dist): 9 10 1.9846798907982863
list:
dist: 1.9846798907982863 vs. 1.9846798907982863
--------
nle(id0,id1,dist): 9 15 2.1342942096567827
list:
dist: 2.1342942096567827 vs. 2.1342942096567827
--------
nle(id0,id1,dist): 9 14 3.3663633935149253
list:
dist: 3.3663633935149253 vs. 3.3663633935149253
--------
nle(id0,id1,dist): 9 13 2.8123312156610862
list:
dist: 2.8123312156610862 vs. 2.8123312156610862
--------
nle(id0,id1,dist): 9 12 1.1445057903129674
list:
dist: 1.1445057903129674 vs. 1.1445057903129674
--------
nle(id0,id1,dist): 9 19 2.9460975003916534
list:
dist: 2.9460975003916534 vs. 2.9460975003916534
--------
nle(id0,id1,dist): 9 18 1.660159299162185
list:
dist: 1.660159299162185 vs. 1.660159299162185
--------
nle(id0,id1,dist): 9 17 1.7460891548381523
list:
dist: 1.7460891548381523 vs. 1.7460891548381523
--------
nle(id0,id1,dist): 9 16 1.8140329418090142
list:
dist: 1.8140329418090142 vs. 1.8140329418090142
--------
nle(id0,id1,dist): 9 22 3.2786039637774196
list:
dist: 3.2786039637774196 vs. 3.2786039637774196
--------
nle(id0,id1,dist): 9 21 2.2094879061839143
list:
dist: 2.2094879061839143 vs. 2.2094879061839143
--------
nle(id0,id1,dist): 9 27 2.8852891608360407
list:
dist: 2.8852891608360407 vs. 2.8852891608360407
--------
nle(id0,id1,dist): 12 19 2.646136292659763
list:
dist: 2.646136292659763 vs. 2.646136292659763
--------
nle(id0,id1,dist): 12 18 2.523929112930904
list:
dist: 2.523929112930904 vs. 2.523929112930904
--------
nle(id0,id1,dist): 12 17 1.0744585804961013
list:
dist: 1.0744585804961013 vs. 1.0744585804961013
--------
nle(id0,id1,dist): 12 16 1.1619540581662384
list:
dist: 1.1619540581662384 vs. 1.1619540581662384
--------
nle(id0,id1,dist): 12 15 1.5858261698928253
list:
dist: 1.5858261698928253 vs. 1.5858261698928253
--------
nle(id0,id1,dist): 12 14 3.015917155277528
list:
dist: 3.015917155277528 vs. 3.015917155277528
--------
nle(id0,id1,dist): 12 13 2.93795860767114
list:
dist: 2.93795860767114 vs. 2.93795860767114
--------
nle(id0,id1,dist): 11 28 3.1680289589226907
list:
dist: 3.1680289589226907 vs. 3.1680289589226907
--------
nle(id0,id1,dist): 11 27 1.9386710520804793
list:
dist: 1.9386710520804793 vs. 1.9386710520804793
--------
nle(id0,id1,dist): 11 23 2.6751774361955234
list:
dist: 2.6751774361955234 vs. 2.6751774361955234
--------
nle(id0,id1,dist): 11 22 1.8143200361880671
list:
dist: 1.8143200361880671 vs. 1.8143200361880671
--------
nle(id0,id1,dist): 11 24 2.9634107645494883
list:
dist: 2.9634107645494883 vs. 2.9634107645494883
--------
nle(id0,id1,dist): 11 19 1.7282305783161698
list:
dist: 1.7282305783161698 vs. 1.7282305783161698
--------
nle(id0,id1,dist): 11 18 2.9954632576389715
list:
dist: 2.9954632576389715 vs. 2.9954632576389715
--------
nle(id0,id1,dist): 11 21 0.7857276710176735
list:
dist: 0.7857276710176735 vs. 0.7857276710176735
--------
nle(id0,id1,dist): 11 15 0.7628022504881041
list:
dist: 0.7628022504881041 vs. 0.7628022504881041
--------
nle(id0,id1,dist): 11 14 1.9378746157001983
list:
dist: 1.9378746157001983 vs. 1.9378746157001983
--------
nle(id0,id1,dist): 11 17 2.287485170161967
list:
dist: 2.287485170161967 vs. 2.287485170161967
--------
nle(id0,id1,dist): 11 16 1.0906884841570623
list:
dist: 1.0906884841570623 vs. 1.0906884841570623
--------
nle(id0,id1,dist): 11 13 1.587242528117267
list:
dist: 1.587242528117267 vs. 1.587242528117267
--------
nle(id0,id1,dist): 11 12 1.446368326009872
list:
dist: 1.446368326009872 vs. 1.446368326009872
--------
nle(id0,id1,dist): 13 27 0.8481016391719651
list:
dist: 0.8481016391719651 vs. 0.8481016391719651
--------
nle(id0,id1,dist): 13 24 1.8200719273202082
list:
dist: 1.8200719273202082 vs. 1.8200719273202082
--------
nle(id0,id1,dist): 13 28 2.2483198976301413
list:
dist: 2.2483198976301413 vs. 2.2483198976301413
--------
nle(id0,id1,dist): 13 18 3.4846002925242314
list:
dist: 3.4846002925242314 vs. 3.4846002925242314
--------
nle(id0,id1,dist): 13 19 2.3073862648989305
list:
dist: 2.3073862648989305 vs. 2.3073862648989305
--------
nle(id0,id1,dist): 13 16 2.5759857588000488
list:
dist: 2.5759857588000488 vs. 2.5759857588000488
--------
nle(id0,id1,dist): 13 17 3.6487812294357385
list:
dist: 3.6487812294357385 vs. 3.6487812294357385
--------
nle(id0,id1,dist): 13 22 1.4120812608679827
list:
dist: 1.4120812608679827 vs. 1.4120812608679827
--------
nle(id0,id1,dist): 13 23 2.4390555030950396
list:
dist: 2.4390555030950396 vs. 2.4390555030950396
--------
nle(id0,id1,dist): 13 21 2.072447770868552
list:
dist: 2.072447770868552 vs. 2.072447770868552
--------
nle(id0,id1,dist): 13 15 2.0776792289856982
list:
dist: 2.0776792289856982 vs. 2.0776792289856982
--------
nle(id0,id1,dist): 13 14 1.6801335804582382
list:
dist: 1.6801335804582382 vs. 1.6801335804582382
--------
nle(id0,id1,dist): 12 21 1.4868858013928652
list:
dist: 1.4868858013928652 vs. 1.4868858013928652
--------
nle(id0,id1,dist): 12 22 3.1673548368506
list:
dist: 3.1673548368506 vs. 3.1673548368506
--------
nle(id0,id1,dist): 12 27 3.0780833695320355
list:
dist: 3.0780833695320355 vs. 3.0780833695320355
--------
nle(id0,id1,dist): 15 28 3.132351902045515
list:
dist: 3.132351902045515 vs. 3.132351902045515
--------
nle(id0,id1,dist): 15 27 2.5940566932862104
list:
dist: 2.5940566932862104 vs. 2.5940566932862104
--------
nle(id0,id1,dist): 15 24 3.232120526131239
list:
dist: 3.232120526131239 vs. 3.232120526131239
--------
nle(id0,id1,dist): 15 22 1.7338317164840158
list:
dist: 1.7338317164840158 vs. 1.7338317164840158
--------
nle(id0,id1,dist): 15 23 2.37566601782927
list:
dist: 2.37566601782927 vs. 2.37566601782927
--------
nle(id0,id1,dist): 15 21 0.9792450726490781
list:
dist: 0.9792450726490781 vs. 0.9792450726490781
--------
nle(id0,id1,dist): 15 19 1.1843132119013315
list:
dist: 1.1843132119013315 vs. 1.1843132119013315
--------
nle(id0,id1,dist): 15 18 3.5850513382187166
list:
dist: 3.5850513382187166 vs. 3.5850513382187166
--------
nle(id0,id1,dist): 15 17 2.5314623473914564
list:
dist: 2.5314623473914564 vs. 2.5314623473914564
--------
nle(id0,id1,dist): 15 16 0.6421807914895337
list:
dist: 0.6421807914895337 vs. 0.6421807914895337
--------
nle(id0,id1,dist): 14 27 1.5000379873992653
list:
dist: 1.5000379873992653 vs. 1.5000379873992653
--------
nle(id0,id1,dist): 14 16 2.886012627182315
list:
dist: 2.886012627182315 vs. 2.886012627182315
--------
nle(id0,id1,dist): 14 15 2.3961460984176046
list:
dist: 2.3961460984176046 vs. 2.3961460984176046
--------
nle(id0,id1,dist): 14 18 3.9185379505641533
list:
dist: 3.9185379505641533 vs. 3.9185379505641533
--------
nle(id0,id1,dist): 14 17 3.3466306254041713
list:
dist: 3.3466306254041713 vs. 3.3466306254041713
--------
nle(id0,id1,dist): 14 24 1.7908513056749171
list:
dist: 1.7908513056749171 vs. 1.7908513056749171
--------
nle(id0,id1,dist): 14 22 2.428816677513521
list:
dist: 2.428816677513521 vs. 2.428816677513521
--------
nle(id0,id1,dist): 14 21 1.7300500778089438
list:
dist: 1.7300500778089438 vs. 1.7300500778089438
--------
nle(id0,id1,dist): 17 18 2.472045410834879
list:
dist: 2.472045410834879 vs. 2.472045410834879
--------
nle(id0,id1,dist): 17 19 3.6638425368846277
list:
dist: 3.6638425368846277 vs. 3.6638425368846277
--------
nle(id0,id1,dist): 17 22 4.090733553266139
list:
dist: 4.090733553266139 vs. 4.090733553266139
--------
nle(id0,id1,dist): 17 21 2.0825640026686796
list:
dist: 2.0825640026686796 vs. 2.0825640026686796
--------
nle(id0,id1,dist): 17 27 3.5698565731369896
list:
dist: 3.5698565731369896 vs. 3.5698565731369896
--------
nle(id0,id1,dist): 16 17 2.1699811991865334
list:
dist: 2.1699811991865334 vs. 2.1699811991865334
--------
nle(id0,id1,dist): 16 18 3.3896859916308353
list:
dist: 3.3896859916308353 vs. 3.3896859916308353
--------
nle(id0,id1,dist): 16 19 1.5377174301199104
list:
dist: 1.5377174301199104 vs. 1.5377174301199104
--------
nle(id0,id1,dist): 16 21 1.2614554500179207
list:
dist: 1.2614554500179207 vs. 1.2614554500179207
--------
nle(id0,id1,dist): 16 22 2.301893408667593
list:
dist: 2.301893408667593 vs. 2.301893408667593
--------
nle(id0,id1,dist): 16 27 3.0192306706836853
list:
dist: 3.0192306706836853 vs. 3.0192306706836853
--------
nle(id0,id1,dist): 1 2 2.1392526955547586
list:
dist: 2.1392526955547586 vs. 2.1392526955547586
--------
nle(id0,id1,dist): 1 3 2.1067363430281403
list:
dist: 2.1067363430281403 vs. 2.1067363430281403
--------
nle(id0,id1,dist): 1 4 3.1235915650510115
list:
dist: 3.1235915650510115 vs. 3.1235915650510115
--------
nle(id0,id1,dist): 1 5 2.795998179718196
list:
dist: 2.795998179718196 vs. 2.795998179718196
--------
nle(id0,id1,dist): 1 6 1.427953019220356
list:
dist: 1.427953019220356 vs. 1.427953019220356
--------
nle(id0,id1,dist): 1 7 2.3326361588477686
list:
dist: 2.3326361588477686 vs. 2.3326361588477686
--------
nle(id0,id1,dist): 1 8 2.020176483883619
list:
dist: 2.020176483883619 vs. 2.020176483883619
--------
nle(id0,id1,dist): 1 9 2.949086206159215
list:
dist: 2.949086206159215 vs. 2.949086206159215
--------
nle(id0,id1,dist): 1 10 2.1702359726259504
list:
dist: 2.1702359726259504 vs. 2.1702359726259504
--------
nle(id0,id1,dist): 1 11 3.4959870612755912
list:
dist: 3.4959870612755912 vs. 3.4959870612755912
--------
nle(id0,id1,dist): 2 5 2.1133440802890218
list:
dist: 2.1133440802890218 vs. 2.1133440802890218
--------
nle(id0,id1,dist): 2 6 1.4361622634144722
list:
dist: 1.4361622634144722 vs. 1.4361622634144722
--------
nle(id0,id1,dist): 2 3 1.8993346445023187
list:
dist: 1.8993346445023187 vs. 1.8993346445023187
--------
nle(id0,id1,dist): 2 4 2.8232127048425184
list:
dist: 2.8232127048425184 vs. 2.8232127048425184
--------
nle(id0,id1,dist): 1 15 4.06518397770722
list:
dist: 4.06518397770722 vs. 4.06518397770722
--------
nle(id0,id1,dist): 1 14 3.6081760771795093
list:
dist: 3.6081760771795093 vs. 3.6081760771795093
--------
nle(id0,id1,dist): 1 13 4.183552272379383
list:
dist: 4.183552272379383 vs. 4.183552272379383
--------
nle(id0,id1,dist): 1 12 2.9064333390072994
list:
dist: 2.9064333390072994 vs. 2.9064333390072994
--------
nle(id0,id1,dist): 1 18 2.293395299123315
list:
dist: 2.293395299123315 vs. 2.293395299123315
--------
nle(id0,id1,dist): 1 17 2.1249277066691956
list:
dist: 2.1249277066691956 vs. 2.1249277066691956
--------
nle(id0,id1,dist): 1 16 3.9359497187565036
list:
dist: 3.9359497187565036 vs. 3.9359497187565036
--------
nle(id0,id1,dist): 1 22 5.171121303599576
list:
dist: 5.171121303599576 vs. 5.171121303599576
--------
nle(id0,id1,dist): 1 21 3.3348486391398677
list:
dist: 3.3348486391398677 vs. 3.3348486391398677
--------
nle(id0,id1,dist): 1 27 3.664312720279822
list:
dist: 3.664312720279822 vs. 3.664312720279822
--------
nle(id0,id1,dist): 2 27 1.6858735147457844
list:
dist: 1.6858735147457844 vs. 1.6858735147457844
--------
nle(id0,id1,dist): 2 12 2.198134575733534
list:
dist: 2.198134575733534 vs. 2.198134575733534
--------
nle(id0,id1,dist): 2 11 1.9553535669332613
list:
dist: 1.9553535669332613 vs. 1.9553535669332613
--------
nle(id0,id1,dist): 2 14 2.2782862223347826
list:
dist: 2.2782862223347826 vs. 2.2782862223347826
--------
nle(id0,id1,dist): 2 13 2.168603936953353
list:
dist: 2.168603936953353 vs. 2.168603936953353
--------
nle(id0,id1,dist): 2 8 2.3161175602272173
list:
dist: 2.3161175602272173 vs. 2.3161175602272173
--------
nle(id0,id1,dist): 2 7 0.6330077675732078
list:
dist: 0.6330077675732078 vs. 0.6330077675732078
--------
nle(id0,id1,dist): 2 10 0.13481634807895687
list:
dist: 0.13481634807895687 vs. 0.13481634807895687
--------
nle(id0,id1,dist): 2 9 1.8550846952341191
list:
dist: 1.8550846952341191 vs. 1.8550846952341191
--------
nle(id0,id1,dist): 2 22 3.3094181462305166
list:
dist: 3.3094181462305166 vs. 3.3094181462305166
--------
nle(id0,id1,dist): 2 21 2.2069992793716087
list:
dist: 2.2069992793716087 vs. 2.2069992793716087
--------
nle(id0,id1,dist): 2 16 2.7848995417147657
list:
dist: 2.7848995417147657 vs. 2.7848995417147657
--------
nle(id0,id1,dist): 2 15 2.6989495008247126
list:
dist: 2.6989495008247126 vs. 2.6989495008247126
--------
nle(id0,id1,dist): 2 18 1.6764100072430876
list:
dist: 1.6764100072430876 vs. 1.6764100072430876
--------
nle(id0,id1,dist): 2 17 2.3171609880743365
list:
dist: 2.3171609880743365 vs. 2.3171609880743365
--------
nle(id0,id1,dist): 3 22 3.9010769302232013
list:
dist: 3.9010769302232013 vs. 3.9010769302232013
--------
nle(id0,id1,dist): 3 21 2.1710579989757335
list:
dist: 2.1710579989757335 vs. 2.1710579989757335
--------
nle(id0,id1,dist): 3 18 1.8070440721232415
list:
dist: 1.8070440721232415 vs. 1.8070440721232415
--------
nle(id0,id1,dist): 3 19 3.547404888010518
list:
dist: 3.547404888010518 vs. 3.547404888010518
--------
nle(id0,id1,dist): 3 27 3.2594425631438813
list:
dist: 3.2594425631438813 vs. 3.2594425631438813
--------
nle(id0,id1,dist): 3 9 1.1218098537247823
list:
dist: 1.1218098537247823 vs. 1.1218098537247823
--------
nle(id0,id1,dist): 3 7 2.1868333861344076
list:
dist: 2.1868333861344076 vs. 2.1868333861344076
--------
nle(id0,id1,dist): 3 4 1.0845773256439664
list:
dist: 1.0845773256439664 vs. 1.0845773256439664
--------
nle(id0,id1,dist): 3 17 0.7233122269330565
list:
dist: 0.7233122269330565 vs. 0.7233122269330565
--------
nle(id0,id1,dist): 3 16 2.130581309777897
list:
dist: 2.130581309777897 vs. 2.130581309777897
--------
nle(id0,id1,dist): 3 15 2.484848048111914
list:
dist: 2.484848048111914 vs. 2.484848048111914
--------
nle(id0,id1,dist): 3 14 3.349105453639673
list:
dist: 3.349105453639673 vs. 3.349105453639673
--------
nle(id0,id1,dist): 3 13 3.3532907945342947
list:
dist: 3.3532907945342947 vs. 3.3532907945342947
--------
nle(id0,id1,dist): 3 12 0.9871936297685487
list:
dist: 0.9871936297685487 vs. 0.9871936297685487
--------
nle(id0,id1,dist): 3 11 2.1238084682894596
list:
dist: 2.1238084682894596 vs. 2.1238084682894596
--------
nle(id0,id1,dist): 3 10 2.0272546416305
list:
dist: 2.0272546416305 vs. 2.0272546416305
--------
nle(id0,id1,dist): 36 55 1.5418378854255812
list:
dist: 1.5418378854255812 vs. 1.5418378854255812
--------
nle(id0,id1,dist): 36 56 3.230862384829174
list:
dist: 3.230862384829174 vs. 3.230862384829174
--------
nle(id0,id1,dist): 36 53 2.0433908196702677
list:
dist: 2.0433908196702677 vs. 2.0433908196702677
--------
nle(id0,id1,dist): 36 54 2.935999215013124
list:
dist: 2.935999215013124 vs. 2.935999215013124
--------
nle(id0,id1,dist): 36 59 2.7350828647847982
list:
dist: 2.7350828647847982 vs. 2.7350828647847982
--------
nle(id0,id1,dist): 36 57 3.316487836301233
list:
dist: 3.316487836301233 vs. 3.316487836301233
--------
nle(id0,id1,dist): 36 47 3.417089397185051
list:
dist: 3.417089397185051 vs. 3.417089397185051
--------
nle(id0,id1,dist): 36 45 2.638413140068546
list:
dist: 2.638413140068546 vs. 2.638413140068546
--------
nle(id0,id1,dist): 36 46 2.368751969010678
list:
dist: 2.368751969010678 vs. 2.368751969010678
--------
nle(id0,id1,dist): 36 51 2.288480591734127
list:
dist: 2.288480591734127 vs. 2.288480591734127
--------
nle(id0,id1,dist): 36 49 2.4289595216211493
list:
dist: 2.4289595216211493 vs. 2.4289595216211493
--------
nle(id0,id1,dist): 36 50 2.7398670414104798
list:
dist: 2.7398670414104798 vs. 2.7398670414104798
--------
nle(id0,id1,dist): 36 40 3.3782328667454955
list:
dist: 3.3782328667454955 vs. 3.3782328667454955
--------
nle(id0,id1,dist): 36 39 2.6668677518687565
list:
dist: 2.6668677518687565 vs. 2.6668677518687565
--------
nle(id0,id1,dist): 36 38 0.9522695605450763
list:
dist: 0.9522695605450763 vs. 0.9522695605450763
--------
nle(id0,id1,dist): 36 43 2.0264296641978947
list:
dist: 2.0264296641978947 vs. 2.0264296641978947
--------
nle(id0,id1,dist): 36 42 1.2819829247524968
list:
dist: 1.2819829247524968 vs. 1.2819829247524968
--------
nle(id0,id1,dist): 36 41 3.2489429623745165
list:
dist: 3.2489429623745165 vs. 3.2489429623745165
--------
nle(id0,id1,dist): 35 59 2.2243313224178913
list:
dist: 2.2243313224178913 vs. 2.2243313224178913
--------
nle(id0,id1,dist): 35 54 3.472355045991841
list:
dist: 3.472355045991841 vs. 3.472355045991841
--------
nle(id0,id1,dist): 35 55 2.600391833981904
list:
dist: 2.600391833981904 vs. 2.600391833981904
--------
nle(id0,id1,dist): 35 56 2.9287309495113534
list:
dist: 2.9287309495113534 vs. 2.9287309495113534
--------
nle(id0,id1,dist): 35 57 3.3270449252490826
list:
dist: 3.3270449252490826 vs. 3.3270449252490826
--------
nle(id0,id1,dist): 34 87 3.7498428452822874
list:
dist: 3.7498428452822874 vs. 3.7498428452822874
--------
nle(id0,id1,dist): 35 50 2.9377660592274033
list:
dist: 2.9377660592274033 vs. 2.9377660592274033
--------
nle(id0,id1,dist): 35 51 3.0159246065947265
list:
dist: 3.0159246065947265 vs. 3.0159246065947265
--------
nle(id0,id1,dist): 35 52 3.6846402694854072
list:
dist: 3.6846402694854072 vs. 3.6846402694854072
--------
nle(id0,id1,dist): 35 53 1.6153157949196597
list:
dist: 1.6153157949196597 vs. 1.6153157949196597
--------
nle(id0,id1,dist): 34 84 4.123301949247304
list:
dist: 4.123301949247304 vs. 4.123301949247304
--------
nle(id0,id1,dist): 35 47 1.9966770678385002
list:
dist: 1.9966770678385002 vs. 1.9966770678385002
--------
nle(id0,id1,dist): 34 83 3.8384215844002805
list:
dist: 3.8384215844002805 vs. 3.8384215844002805
--------
nle(id0,id1,dist): 35 46 0.6925212772602676
list:
dist: 0.6925212772602676 vs. 0.6925212772602676
--------
nle(id0,id1,dist): 35 49 3.3916094052236674
list:
dist: 3.3916094052236674 vs. 3.3916094052236674
--------
nle(id0,id1,dist): 34 85 3.28261007939234
list:
dist: 3.28261007939234 vs. 3.28261007939234
--------
nle(id0,id1,dist): 35 43 1.4954580974525726
list:
dist: 1.4954580974525726 vs. 1.4954580974525726
--------
nle(id0,id1,dist): 34 79 3.812916428810341
list:
dist: 3.812916428810341 vs. 3.812916428810341
--------
nle(id0,id1,dist): 35 42 1.8793460501363128
list:
dist: 1.8793460501363128 vs. 1.8793460501363128
--------
nle(id0,id1,dist): 34 81 3.6693704428360325
list:
dist: 3.6693704428360325 vs. 3.6693704428360325
--------
nle(id0,id1,dist): 35 44 2.6210940150273543
list:
dist: 2.6210940150273543 vs. 2.6210940150273543
--------
nle(id0,id1,dist): 34 76 0.8836685121431541
list:
dist: 0.8836685121431541 vs. 0.8836685121431541
--------
nle(id0,id1,dist): 35 39 3.572401685808439
list:
dist: 3.572401685808439 vs. 3.572401685808439
--------
nle(id0,id1,dist): 34 75 2.5029112850060615
list:
dist: 2.5029112850060615 vs. 2.5029112850060615
--------
nle(id0,id1,dist): 35 38 2.5625335146970913
list:
dist: 2.5625335146970913 vs. 2.5625335146970913
--------
nle(id0,id1,dist): 34 78 3.7167649759172523
list:
dist: 3.7167649759172523 vs. 3.7167649759172523
--------
nle(id0,id1,dist): 35 41 1.4159139179355245
list:
dist: 1.4159139179355245 vs. 1.4159139179355245
--------
nle(id0,id1,dist): 34 77 3.569172602875853
list:
dist: 3.569172602875853 vs. 3.569172602875853
--------
nle(id0,id1,dist): 35 40 1.78418277469291
list:
dist: 1.78418277469291 vs. 1.78418277469291
--------
nle(id0,id1,dist): 34 72 3.278554709379993
list:
dist: 3.278554709379993 vs. 3.278554709379993
--------
nle(id0,id1,dist): 34 71 2.558816863517231
list:
dist: 2.558816863517231 vs. 2.558816863517231
--------
nle(id0,id1,dist): 34 74 2.552662595378503
list:
dist: 2.552662595378503 vs. 2.552662595378503
--------
nle(id0,id1,dist): 34 73 1.9860146537626087
list:
dist: 1.9860146537626087 vs. 1.9860146537626087
--------
nle(id0,id1,dist): 35 36 2.529492797823574
list:
dist: 2.529492797823574 vs. 2.529492797823574
--------
nle(id0,id1,dist): 34 69 2.793775142298973
list:
dist: 2.793775142298973 vs. 2.793775142298973
--------
nle(id0,id1,dist): 34 70 1.1224534350412878
list:
dist: 1.1224534350412878 vs. 1.1224534350412878
--------
nle(id0,id1,dist): 34 67 1.4604778985634377
list:
dist: 1.4604778985634377 vs. 1.4604778985634377
--------
nle(id0,id1,dist): 34 68 2.217889469626802
list:
dist: 2.217889469626802 vs. 2.217889469626802
--------
nle(id0,id1,dist): 34 65 2.1924854504431637
list:
dist: 2.1924854504431637 vs. 2.1924854504431637
--------
nle(id0,id1,dist): 34 66 2.8168221538906746
list:
dist: 2.8168221538906746 vs. 2.8168221538906746
--------
nle(id0,id1,dist): 34 63 1.6917564185716194
list:
dist: 1.6917564185716194 vs. 1.6917564185716194
--------
nle(id0,id1,dist): 34 64 1.4268801139464862
list:
dist: 1.4268801139464862 vs. 1.4268801139464862
--------
nle(id0,id1,dist): 34 61 0.7395596096688379
list:
dist: 0.7395596096688379 vs. 0.7395596096688379
--------
nle(id0,id1,dist): 34 62 2.4295639959056894
list:
dist: 2.4295639959056894 vs. 2.4295639959056894
--------
nle(id0,id1,dist): 34 60 0.7057821455989697
list:
dist: 0.7057821455989697 vs. 0.7057821455989697
--------
nle(id0,id1,dist): 33 45 2.401985273050445
list:
dist: 2.401985273050445 vs. 2.401985273050445
--------
nle(id0,id1,dist): 33 46 1.6619019432749407
list:
dist: 1.6619019432749407 vs. 1.6619019432749407
--------
nle(id0,id1,dist): 33 47 2.305007319360886
list:
dist: 2.305007319360886 vs. 2.305007319360886
--------
nle(id0,id1,dist): 33 49 1.4031904121938137
list:
dist: 1.4031904121938137 vs. 1.4031904121938137
--------
nle(id0,id1,dist): 33 50 1.3903944107773365
list:
dist: 1.3903944107773365 vs. 1.3903944107773365
--------
nle(id0,id1,dist): 33 51 1.0963385124644636
list:
dist: 1.0963385124644636 vs. 1.0963385124644636
--------
nle(id0,id1,dist): 33 53 0.8169870885083265
list:
dist: 0.8169870885083265 vs. 0.8169870885083265
--------
nle(id0,id1,dist): 33 54 1.7615516346171647
list:
dist: 1.7615516346171647 vs. 1.7615516346171647
--------
nle(id0,id1,dist): 33 55 0.7178793392763442
list:
dist: 0.7178793392763442 vs. 0.7178793392763442
--------
nle(id0,id1,dist): 33 56 1.8591263870028072
list:
dist: 1.8591263870028072 vs. 1.8591263870028072
--------
nle(id0,id1,dist): 33 57 2.102772026134719
list:
dist: 2.102772026134719 vs. 2.102772026134719
--------
nle(id0,id1,dist): 33 59 1.3885313695093715
list:
dist: 1.3885313695093715 vs. 1.3885313695093715
--------
nle(id0,id1,dist): 33 35 2.112655588293185
list:
dist: 2.112655588293185 vs. 2.112655588293185
--------
nle(id0,id1,dist): 33 39 1.715938174226918
list:
dist: 1.715938174226918 vs. 1.715938174226918
--------
nle(id0,id1,dist): 33 38 1.7539416568800539
list:
dist: 1.7539416568800539 vs. 1.7539416568800539
--------
nle(id0,id1,dist): 33 36 1.4014858745814438
list:
dist: 1.4014858745814438 vs. 1.4014858745814438
--------
nle(id0,id1,dist): 33 43 0.9030337217984382
list:
dist: 0.9030337217984382 vs. 0.9030337217984382
--------
nle(id0,id1,dist): 33 42 0.7789095491741579
list:
dist: 0.7789095491741579 vs. 0.7789095491741579
--------
nle(id0,id1,dist): 33 41 2.9465423280568874
list:
dist: 2.9465423280568874 vs. 2.9465423280568874
--------
nle(id0,id1,dist): 33 40 2.1978342490516742
list:
dist: 2.1978342490516742 vs. 2.1978342490516742
--------
nle(id0,id1,dist): 32 55 2.4918803103796456
list:
dist: 2.4918803103796456 vs. 2.4918803103796456
--------
nle(id0,id1,dist): 32 53 2.4303186542361264
list:
dist: 2.4303186542361264 vs. 2.4303186542361264
--------
nle(id0,id1,dist): 32 38 1.5131911724117117
list:
dist: 1.5131911724117117 vs. 1.5131911724117117
--------
nle(id0,id1,dist): 32 33 2.4003312024770262
list:
dist: 2.4003312024770262 vs. 2.4003312024770262
--------
nle(id0,id1,dist): 32 36 2.083077345433728
list:
dist: 2.083077345433728 vs. 2.083077345433728
--------
nle(id0,id1,dist): 32 35 1.7554672738313268
list:
dist: 1.7554672738313268 vs. 1.7554672738313268
--------
nle(id0,id1,dist): 32 46 2.1676967665055082
list:
dist: 2.1676967665055082 vs. 2.1676967665055082
--------
nle(id0,id1,dist): 32 47 2.8044213129462165
list:
dist: 2.8044213129462165 vs. 2.8044213129462165
--------
nle(id0,id1,dist): 32 42 2.410706964983076
list:
dist: 2.410706964983076 vs. 2.410706964983076
--------
nle(id0,id1,dist): 32 41 1.5164997686003772
list:
dist: 1.5164997686003772 vs. 1.5164997686003772
--------
nle(id0,id1,dist): 32 43 2.4341790399378396
list:
dist: 2.4341790399378396 vs. 2.4341790399378396
--------
nle(id0,id1,dist): 31 59 2.5299201131862357
list:
dist: 2.5299201131862357 vs. 2.5299201131862357
--------
nle(id0,id1,dist): 31 54 2.9898296449460084
list:
dist: 2.9898296449460084 vs. 2.9898296449460084
--------
nle(id0,id1,dist): 31 55 1.2052408152168497
list:
dist: 1.2052408152168497 vs. 1.2052408152168497
--------
nle(id0,id1,dist): 31 56 2.9614786695218607
list:
dist: 2.9614786695218607 vs. 2.9614786695218607
--------
nle(id0,id1,dist): 31 57 3.4675864224977917
list:
dist: 3.4675864224977917 vs. 3.4675864224977917
--------
nle(id0,id1,dist): 31 45 3.439140870945593
list:
dist: 3.439140870945593 vs. 3.439140870945593
--------
nle(id0,id1,dist): 31 43 2.016312323489563
list:
dist: 2.016312323489563 vs. 2.016312323489563
--------
nle(id0,id1,dist): 31 42 2.121807454449299
list:
dist: 2.121807454449299 vs. 2.121807454449299
--------
nle(id0,id1,dist): 31 41 2.4015372415964085
list:
dist: 2.4015372415964085 vs. 2.4015372415964085
--------
nle(id0,id1,dist): 31 40 2.7616090166526828
list:
dist: 2.7616090166526828 vs. 2.7616090166526828
--------
nle(id0,id1,dist): 31 39 3.043865373493285
list:
dist: 3.043865373493285 vs. 3.043865373493285
--------
nle(id0,id1,dist): 31 38 1.2625784975022434
list:
dist: 1.2625784975022434 vs. 1.2625784975022434
--------
nle(id0,id1,dist): 31 53 1.8568420172703264
list:
dist: 1.8568420172703264 vs. 1.8568420172703264
--------
nle(id0,id1,dist): 31 51 2.194587032067485
list:
dist: 2.194587032067485 vs. 2.194587032067485
--------
nle(id0,id1,dist): 31 50 2.344378469302333
list:
dist: 2.344378469302333 vs. 2.344378469302333
--------
nle(id0,id1,dist): 31 49 2.2281622141688735
list:
dist: 2.2281622141688735 vs. 2.2281622141688735
--------
nle(id0,id1,dist): 31 47 2.2916088043297886
list:
dist: 2.2916088043297886 vs. 2.2916088043297886
--------
nle(id0,id1,dist): 31 46 2.3730611136753046
list:
dist: 2.3730611136753046 vs. 2.3730611136753046
--------
nle(id0,id1,dist): 30 59 2.717395807004743
list:
dist: 2.717395807004743 vs. 2.717395807004743
--------
nle(id0,id1,dist): 31 36 1.8570685753194929
list:
dist: 1.8570685753194929 vs. 1.8570685753194929
--------
nle(id0,id1,dist): 31 35 2.4138755504961447
list:
dist: 2.4138755504961447 vs. 2.4138755504961447
--------
nle(id0,id1,dist): 31 32 1.6807915354234981
list:
dist: 1.6807915354234981 vs. 1.6807915354234981
--------
nle(id0,id1,dist): 31 33 1.5792727482544247
list:
dist: 1.5792727482544247 vs. 1.5792727482544247
--------
nle(id0,id1,dist): 43 59 0.9014236023192658
list:
dist: 0.9014236023192658 vs. 0.9014236023192658
--------
nle(id0,id1,dist): 44 47 1.5506778550920202
list:
dist: 1.5506778550920202 vs. 1.5506778550920202
--------
nle(id0,id1,dist): 44 48 2.517127468151564
list:
dist: 2.517127468151564 vs. 2.517127468151564
--------
nle(id0,id1,dist): 44 46 2.275653280725545
list:
dist: 2.275653280725545 vs. 2.275653280725545
--------
nle(id0,id1,dist): 44 52 1.301942897370745
list:
dist: 1.301942897370745 vs. 1.301942897370745
--------
nle(id0,id1,dist): 43 50 1.5192258054998988
list:
dist: 1.5192258054998988 vs. 1.5192258054998988
--------
nle(id0,id1,dist): 43 51 1.5678473058733111
list:
dist: 1.5678473058733111 vs. 1.5678473058733111
--------
nle(id0,id1,dist): 43 52 3.119294734773542
list:
dist: 3.119294734773542 vs. 3.119294734773542
--------
nle(id0,id1,dist): 43 53 0.24317766180533462
list:
dist: 0.24317766180533462 vs. 0.24317766180533462
--------
nle(id0,id1,dist): 43 54 1.9798802696140465
list:
dist: 1.9798802696140465 vs. 1.9798802696140465
--------
nle(id0,id1,dist): 43 55 1.5103271262521345
list:
dist: 1.5103271262521345 vs. 1.5103271262521345
--------
nle(id0,id1,dist): 43 56 1.5925678939200938
list:
dist: 1.5925678939200938 vs. 1.5925678939200938
--------
nle(id0,id1,dist): 43 57 1.9437175210398039
list:
dist: 1.9437175210398039 vs. 1.9437175210398039
--------
nle(id0,id1,dist): 43 44 2.341040407149851
list:
dist: 2.341040407149851 vs. 2.341040407149851
--------
nle(id0,id1,dist): 43 46 0.8921694284278463
list:
dist: 0.8921694284278463 vs. 0.8921694284278463
--------
nle(id0,id1,dist): 43 47 1.7794108108235553
list:
dist: 1.7794108108235553 vs. 1.7794108108235553
--------
nle(id0,id1,dist): 43 49 1.9900958221256633
list:
dist: 1.9900958221256633 vs. 1.9900958221256633
--------
nle(id0,id1,dist): 42 46 1.421566991240165
list:
dist: 1.421566991240165 vs. 1.421566991240165
--------
nle(id0,id1,dist): 42 45 2.603868135713184
list:
dist: 2.603868135713184 vs. 2.603868135713184
--------
nle(id0,id1,dist): 42 43 0.9448284261835829
list:
dist: 0.9448284261835829 vs. 0.9448284261835829
--------
nle(id0,id1,dist): 42 59 1.622943967933886
list:
dist: 1.622943967933886 vs. 1.622943967933886
--------
nle(id0,id1,dist): 42 57 2.2422067990058525
list:
dist: 2.2422067990058525 vs. 2.2422067990058525
--------
nle(id0,id1,dist): 42 55 1.4508386538599956
list:
dist: 1.4508386538599956 vs. 1.4508386538599956
--------
nle(id0,id1,dist): 42 56 2.184969023997431
list:
dist: 2.184969023997431 vs. 2.184969023997431
--------
nle(id0,id1,dist): 42 53 1.0587519522587845
list:
dist: 1.0587519522587845 vs. 1.0587519522587845
--------
nle(id0,id1,dist): 42 54 2.1374265311651777
list:
dist: 2.1374265311651777 vs. 2.1374265311651777
--------
nle(id0,id1,dist): 42 51 1.6793473708060689
list:
dist: 1.6793473708060689 vs. 1.6793473708060689
--------
nle(id0,id1,dist): 42 49 2.0403074852926064
list:
dist: 2.0403074852926064 vs. 2.0403074852926064
--------
nle(id0,id1,dist): 42 50 1.9558000532756237
list:
dist: 1.9558000532756237 vs. 1.9558000532756237
--------
nle(id0,id1,dist): 42 47 2.6719524431785002
list:
dist: 2.6719524431785002 vs. 2.6719524431785002
--------
nle(id0,id1,dist): 41 47 2.065307027897626
list:
dist: 2.065307027897626 vs. 2.065307027897626
--------
nle(id0,id1,dist): 41 46 1.9758965955014103
list:
dist: 1.9758965955014103 vs. 1.9758965955014103
--------
nle(id0,id1,dist): 41 43 2.532383901807923
list:
dist: 2.532383901807923 vs. 2.532383901807923
--------
nle(id0,id1,dist): 41 42 2.991273676650528
list:
dist: 2.991273676650528 vs. 2.991273676650528
--------
nle(id0,id1,dist): 41 53 2.5307981453250554
list:
dist: 2.5307981453250554 vs. 2.5307981453250554
--------
nle(id0,id1,dist): 41 55 3.1460300714226666
list:
dist: 3.1460300714226666 vs. 3.1460300714226666
--------
nle(id0,id1,dist): 40 43 1.4158587323098226
list:
dist: 1.4158587323098226 vs. 1.4158587323098226
--------
nle(id0,id1,dist): 40 44 0.9910276687690364
list:
dist: 0.9910276687690364 vs. 0.9910276687690364
--------
nle(id0,id1,dist): 40 42 2.3490236199940604
list:
dist: 2.3490236199940604 vs. 2.3490236199940604
--------
nle(id0,id1,dist): 40 47 0.9445845806951825
list:
dist: 0.9445845806951825 vs. 0.9445845806951825
--------
nle(id0,id1,dist): 40 48 2.8382769123452922
list:
dist: 2.8382769123452922 vs. 2.8382769123452922
--------
nle(id0,id1,dist): 40 46 1.3886666944335966
list:
dist: 1.3886666944335966 vs. 1.3886666944335966
--------
nle(id0,id1,dist): 40 51 2.4398120733789765
list:
dist: 2.4398120733789765 vs. 2.4398120733789765
--------
nle(id0,id1,dist): 40 52 2.0885971824061484
list:
dist: 2.0885971824061484 vs. 2.0885971824061484
--------
nle(id0,id1,dist): 40 49 2.8200084227628355
list:
dist: 2.8200084227628355 vs. 2.8200084227628355
--------
nle(id0,id1,dist): 40 50 2.0091472368698753
list:
dist: 2.0091472368698753 vs. 2.0091472368698753
--------
nle(id0,id1,dist): 40 55 2.5790383555460923
list:
dist: 2.5790383555460923 vs. 2.5790383555460923
--------
nle(id0,id1,dist): 40 56 1.688394943567977
list:
dist: 1.688394943567977 vs. 1.688394943567977
--------
nle(id0,id1,dist): 40 53 1.394481429856775
list:
dist: 1.394481429856775 vs. 1.394481429856775
--------
nle(id0,id1,dist): 40 54 2.622178435541768
list:
dist: 2.622178435541768 vs. 2.622178435541768
--------
nle(id0,id1,dist): 40 59 1.2482992199324487
list:
dist: 1.2482992199324487 vs. 1.2482992199324487
--------
nle(id0,id1,dist): 40 58 3.5772145834510254
list:
dist: 3.5772145834510254 vs. 3.5772145834510254
--------
nle(id0,id1,dist): 40 57 2.323383400805895
list:
dist: 2.323383400805895 vs. 2.323383400805895
--------
nle(id0,id1,dist): 39 46 2.9470085787202107
list:
dist: 2.9470085787202107 vs. 2.9470085787202107
--------
nle(id0,id1,dist): 39 47 3.3072937104195437
list:
dist: 3.3072937104195437 vs. 3.3072937104195437
--------
nle(id0,id1,dist): 39 48 2.7908695899577562
list:
dist: 2.7908695899577562 vs. 2.7908695899577562
--------
nle(id0,id1,dist): 39 49 1.07131202824224
list:
dist: 1.07131202824224 vs. 1.07131202824224
--------
nle(id0,id1,dist): 39 50 1.2688801462232795
list:
dist: 1.2688801462232795 vs. 1.2688801462232795
--------
nle(id0,id1,dist): 39 51 0.9236578976160815
list:
dist: 0.9236578976160815 vs. 0.9236578976160815
--------
nle(id0,id1,dist): 39 53 2.035465917854859
list:
dist: 2.035465917854859 vs. 2.035465917854859
--------
nle(id0,id1,dist): 39 54 0.5754973249105985
list:
dist: 0.5754973249105985 vs. 0.5754973249105985
--------
nle(id0,id1,dist): 39 55 1.8548861657535285
list:
dist: 1.8548861657535285 vs. 1.8548861657535285
--------
nle(id0,id1,dist): 39 56 1.5477136657333244
list:
dist: 1.5477136657333244 vs. 1.5477136657333244
--------
nle(id0,id1,dist): 39 57 1.1965114817203595
list:
dist: 1.1965114817203595 vs. 1.1965114817203595
--------
nle(id0,id1,dist): 39 58 1.4825214241269251
list:
dist: 1.4825214241269251 vs. 1.4825214241269251
--------
nle(id0,id1,dist): 39 59 1.7430964579435593
list:
dist: 1.7430964579435593 vs. 1.7430964579435593
--------
nle(id0,id1,dist): 38 57 3.8477165931818638
list:
dist: 3.8477165931818638 vs. 3.8477165931818638
--------
nle(id0,id1,dist): 38 55 1.6133699442479994
list:
dist: 1.6133699442479994 vs. 1.6133699442479994
--------
nle(id0,id1,dist): 38 56 3.572583646133476
list:
dist: 3.572583646133476 vs. 3.572583646133476
--------
nle(id0,id1,dist): 38 53 2.2864318177806977
list:
dist: 2.2864318177806977 vs. 2.2864318177806977
--------
nle(id0,id1,dist): 38 54 3.395146887387895
list:
dist: 3.395146887387895 vs. 3.395146887387895
--------
nle(id0,id1,dist): 38 51 2.629542932247523
list:
dist: 2.629542932247523 vs. 2.629542932247523
--------
nle(id0,id1,dist): 38 59 3.0629195949493226
list:
dist: 3.0629195949493226 vs. 3.0629195949493226
--------
nle(id0,id1,dist): 39 45 1.4353681105475682
list:
dist: 1.4353681105475682 vs. 1.4353681105475682
--------
nle(id0,id1,dist): 39 43 2.0952356646926664
list:
dist: 2.0952356646926664 vs. 2.0952356646926664
--------
nle(id0,id1,dist): 39 42 1.9882360455230694
list:
dist: 1.9882360455230694 vs. 1.9882360455230694
--------
nle(id0,id1,dist): 39 40 2.9869942444007225
list:
dist: 2.9869942444007225 vs. 2.9869942444007225
--------
nle(id0,id1,dist): 38 40 3.4711941981684595
list:
dist: 3.4711941981684595 vs. 3.4711941981684595
--------
nle(id0,id1,dist): 38 39 3.2373545619695125
list:
dist: 3.2373545619695125 vs. 3.2373545619695125
--------
nle(id0,id1,dist): 38 42 1.9136374126569327
list:
dist: 1.9136374126569327 vs. 1.9136374126569327
--------
nle(id0,id1,dist): 38 41 2.838897649564772
list:
dist: 2.838897649564772 vs. 2.838897649564772
--------
nle(id0,id1,dist): 38 47 3.2563850441331903
list:
dist: 3.2563850441331903 vs. 3.2563850441331903
--------
nle(id0,id1,dist): 38 50 2.992910010702308
list:
dist: 2.992910010702308 vs. 2.992910010702308
--------
nle(id0,id1,dist): 38 49 2.6941827842184987
list:
dist: 2.6941827842184987 vs. 2.6941827842184987
--------
nle(id0,id1,dist): 38 43 2.335072889536914
list:
dist: 2.335072889536914 vs. 2.335072889536914
--------
nle(id0,id1,dist): 38 46 2.5815522841156464
list:
dist: 2.5815522841156464 vs. 2.5815522841156464
--------
nle(id0,id1,dist): 38 45 3.2554558005270158
list:
dist: 3.2554558005270158 vs. 3.2554558005270158
--------
nle(id0,id1,dist): 23 28 1.9480477378360623
list:
dist: 1.9480477378360623 vs. 1.9480477378360623
--------
nle(id0,id1,dist): 23 29 2.027429945554309
list:
dist: 2.027429945554309 vs. 2.027429945554309
--------
nle(id0,id1,dist): 23 24 2.2041803824606676
list:
dist: 2.2041803824606676 vs. 2.2041803824606676
--------
nle(id0,id1,dist): 23 25 2.544254164739659
list:
dist: 2.544254164739659 vs. 2.544254164739659
--------
nle(id0,id1,dist): 21 27 2.2936812576484593
list:
dist: 2.2936812576484593 vs. 2.2936812576484593
--------
nle(id0,id1,dist): 21 24 3.0475701160739903
list:
dist: 3.0475701160739903 vs. 3.0475701160739903
--------
nle(id0,id1,dist): 21 28 3.674291327446267
list:
dist: 3.674291327446267 vs. 3.674291327446267
--------
nle(id0,id1,dist): 21 23 2.7679192048332064
list:
dist: 2.7679192048332064 vs. 2.7679192048332064
--------
nle(id0,id1,dist): 21 22 2.2358082727856203
list:
dist: 2.2358082727856203 vs. 2.2358082727856203
--------
nle(id0,id1,dist): 22 27 2.2447931801614374
list:
dist: 2.2447931801614374 vs. 2.2447931801614374
--------
nle(id0,id1,dist): 22 28 1.4609170067055122
list:
dist: 1.4609170067055122 vs. 1.4609170067055122
--------
nle(id0,id1,dist): 22 23 1.2748548238533037
list:
dist: 1.2748548238533037 vs. 1.2748548238533037
--------
nle(id0,id1,dist): 22 24 2.135000773855001
list:
dist: 2.135000773855001 vs. 2.135000773855001
--------
nle(id0,id1,dist): 19 24 3.246897938220222
list:
dist: 3.246897938220222 vs. 3.246897938220222
--------
nle(id0,id1,dist): 19 22 1.2330721945082026
list:
dist: 1.2330721945082026 vs. 1.2330721945082026
--------
nle(id0,id1,dist): 19 23 1.754564511524457
list:
dist: 1.754564511524457 vs. 1.754564511524457
--------
nle(id0,id1,dist): 19 21 2.081411883186817
list:
dist: 2.081411883186817 vs. 2.081411883186817
--------
nle(id0,id1,dist): 19 28 2.345268065713511
list:
dist: 2.345268065713511 vs. 2.345268065713511
--------
nle(id0,id1,dist): 18 22 4.425095585078908
list:
dist: 4.425095585078908 vs. 4.425095585078908
--------
nle(id0,id1,dist): 18 21 3.3598206643698556
list:
dist: 3.3598206643698556 vs. 3.3598206643698556
--------
nle(id0,id1,dist): 18 27 3.1632126093809587
list:
dist: 3.1632126093809587 vs. 3.1632126093809587
--------
nle(id0,id1,dist): 30 42 2.24278852668737
list:
dist: 2.24278852668737 vs. 2.24278852668737
--------
nle(id0,id1,dist): 30 41 0.8229133262349495
list:
dist: 0.8229133262349495 vs. 0.8229133262349495
--------
nle(id0,id1,dist): 30 40 2.280892834874598
list:
dist: 2.280892834874598 vs. 2.280892834874598
--------
nle(id0,id1,dist): 30 39 3.937931724723509
list:
dist: 3.937931724723509 vs. 3.937931724723509
--------
nle(id0,id1,dist): 30 38 2.1712206586282856
list:
dist: 2.1712206586282856 vs. 2.1712206586282856
--------
nle(id0,id1,dist): 30 36 2.466809811771291
list:
dist: 2.466809811771291 vs. 2.466809811771291
--------
nle(id0,id1,dist): 30 35 0.893806261122816
list:
dist: 0.893806261122816 vs. 0.893806261122816
--------
nle(id0,id1,dist): 30 33 2.2890795901120584
list:
dist: 2.2890795901120584 vs. 2.2890795901120584
--------
nle(id0,id1,dist): 30 32 0.9978213118611773
list:
dist: 0.9978213118611773 vs. 0.9978213118611773
--------
nle(id0,id1,dist): 30 31 1.9721619323182735
list:
dist: 1.9721619323182735 vs. 1.9721619323182735
--------
nle(id0,id1,dist): 30 57 3.880596127718808
list:
dist: 3.880596127718808 vs. 3.880596127718808
--------
nle(id0,id1,dist): 30 55 2.563504518215898
list:
dist: 2.563504518215898 vs. 2.563504518215898
--------
nle(id0,id1,dist): 30 56 3.3934715280317254
list:
dist: 3.3934715280317254 vs. 3.3934715280317254
--------
nle(id0,id1,dist): 30 53 1.9832726366425142
list:
dist: 1.9832726366425142 vs. 1.9832726366425142
--------
nle(id0,id1,dist): 30 54 3.846605721694012
list:
dist: 3.846605721694012 vs. 3.846605721694012
--------
nle(id0,id1,dist): 30 51 3.2433520801645055
list:
dist: 3.2433520801645055 vs. 3.2433520801645055
--------
nle(id0,id1,dist): 30 52 4.324975906966446
list:
dist: 4.324975906966446 vs. 4.324975906966446
--------
nle(id0,id1,dist): 30 49 3.5309904603149738
list:
dist: 3.5309904603149738 vs. 3.5309904603149738
--------
nle(id0,id1,dist): 30 50 3.2137654353634013
list:
dist: 3.2137654353634013 vs. 3.2137654353634013
--------
nle(id0,id1,dist): 30 47 2.1056957218116397
list:
dist: 2.1056957218116397 vs. 2.1056957218116397
--------
nle(id0,id1,dist): 30 46 1.4334305105792875
list:
dist: 1.4334305105792875 vs. 1.4334305105792875
--------
nle(id0,id1,dist): 30 43 1.9534594912714982
list:
dist: 1.9534594912714982 vs. 1.9534594912714982
--------
nle(id0,id1,dist): 30 44 3.1482137805536503
list:
dist: 3.1482137805536503 vs. 3.1482137805536503
--------
nle(id0,id1,dist): 28 29 1.6768399934221323
list:
dist: 1.6768399934221323 vs. 1.6768399934221323
--------
nle(id0,id1,dist): 24 27 2.0084669176943932
list:
dist: 2.0084669176943932 vs. 2.0084669176943932
--------
nle(id0,id1,dist): 24 28 2.5402665856655164
list:
dist: 2.5402665856655164 vs. 2.5402665856655164
--------
nle(id0,id1,dist): 24 29 1.498412977711561
list:
dist: 1.498412977711561 vs. 1.498412977711561
--------
nle(id0,id1,dist): 25 28 2.7592631001305
list:
dist: 2.7592631001305 vs. 2.7592631001305
--------
nle(id0,id1,dist): 62 80 2.353252785233501
list:
dist: 2.353252785233501 vs. 2.353252785233501
--------
nle(id0,id1,dist): 62 82 2.263168156083259
list:
dist: 2.263168156083259 vs. 2.263168156083259
--------
nle(id0,id1,dist): 62 75 1.1239501561984486
list:
dist: 1.1239501561984486 vs. 1.1239501561984486
--------
nle(id0,id1,dist): 62 76 1.7161839654581825
list:
dist: 1.7161839654581825 vs. 1.7161839654581825
--------
nle(id0,id1,dist): 62 78 2.0036363288972634
list:
dist: 2.0036363288972634 vs. 2.0036363288972634
--------
nle(id0,id1,dist): 62 87 2.2914129094669353
list:
dist: 2.2914129094669353 vs. 2.2914129094669353
--------
nle(id0,id1,dist): 62 83 1.6776640376150436
list:
dist: 1.6776640376150436 vs. 1.6776640376150436
--------
nle(id0,id1,dist): 62 85 1.3245595362169442
list:
dist: 1.3245595362169442 vs. 1.3245595362169442
--------
nle(id0,id1,dist): 62 64 1.2624015494059935
list:
dist: 1.2624015494059935 vs. 1.2624015494059935
--------
nle(id0,id1,dist): 62 63 1.3390787880922725
list:
dist: 1.3390787880922725 vs. 1.3390787880922725
--------
nle(id0,id1,dist): 62 66 1.25151194573781
list:
dist: 1.25151194573781 vs. 1.25151194573781
--------
nle(id0,id1,dist): 62 72 0.9955317440980459
list:
dist: 0.9955317440980459 vs. 0.9955317440980459
--------
nle(id0,id1,dist): 62 71 1.5540781981029708
list:
dist: 1.5540781981029708 vs. 1.5540781981029708
--------
nle(id0,id1,dist): 62 73 0.8543966212847178
list:
dist: 0.8543966212847178 vs. 0.8543966212847178
--------
nle(id0,id1,dist): 62 67 2.067828529336417
list:
dist: 2.067828529336417 vs. 2.067828529336417
--------
nle(id0,id1,dist): 62 70 1.4604966259161944
list:
dist: 1.4604966259161944 vs. 1.4604966259161944
--------
nle(id0,id1,dist): 62 69 1.9203530132276325
list:
dist: 1.9203530132276325 vs. 1.9203530132276325
--------
nle(id0,id1,dist): 61 87 3.197382702173485
list:
dist: 3.197382702173485 vs. 3.197382702173485
--------
nle(id0,id1,dist): 61 84 3.816414437377429
list:
dist: 3.816414437377429 vs. 3.816414437377429
--------
nle(id0,id1,dist): 61 85 2.825239594070674
list:
dist: 2.825239594070674 vs. 2.825239594070674
--------
nle(id0,id1,dist): 61 83 3.5472572583193656
list:
dist: 3.5472572583193656 vs. 3.5472572583193656
--------
nle(id0,id1,dist): 61 81 3.4721601056413363
list:
dist: 3.4721601056413363 vs. 3.4721601056413363
--------
nle(id0,id1,dist): 61 71 2.4790867440466227
list:
dist: 2.4790867440466227 vs. 2.4790867440466227
--------
nle(id0,id1,dist): 61 70 1.1798958855729234
list:
dist: 1.1798958855729234 vs. 1.1798958855729234
--------
nle(id0,id1,dist): 61 69 2.2433252664185086
list:
dist: 2.2433252664185086 vs. 2.2433252664185086
--------
nle(id0,id1,dist): 61 68 1.9612136311831165
list:
dist: 1.9612136311831165 vs. 1.9612136311831165
--------
nle(id0,id1,dist): 61 67 0.7573548614312575
list:
dist: 0.7573548614312575 vs. 0.7573548614312575
--------
nle(id0,id1,dist): 61 66 2.2954056658187234
list:
dist: 2.2954056658187234 vs. 2.2954056658187234
--------
nle(id0,id1,dist): 61 65 2.2446040890940764
list:
dist: 2.2446040890940764 vs. 2.2446040890940764
--------
nle(id0,id1,dist): 61 64 1.241788613211393
list:
dist: 1.241788613211393 vs. 1.241788613211393
--------
nle(id0,id1,dist): 61 79 3.4232193484826263
list:
dist: 3.4232193484826263 vs. 3.4232193484826263
--------
nle(id0,id1,dist): 61 78 3.4160923746858414
list:
dist: 3.4160923746858414 vs. 3.4160923746858414
--------
nle(id0,id1,dist): 61 77 3.186475450511648
list:
dist: 3.186475450511648 vs. 3.186475450511648
--------
nle(id0,id1,dist): 61 76 0.6036039879995996
list:
dist: 0.6036039879995996 vs. 0.6036039879995996
--------
nle(id0,id1,dist): 61 75 2.133162735049555
list:
dist: 2.133162735049555 vs. 2.133162735049555
--------
nle(id0,id1,dist): 61 74 2.503956337951388
list:
dist: 2.503956337951388 vs. 2.503956337951388
--------
nle(id0,id1,dist): 61 73 1.532470453464558
list:
dist: 1.532470453464558 vs. 1.532470453464558
--------
nle(id0,id1,dist): 61 72 2.9680177230184444
list:
dist: 2.9680177230184444 vs. 2.9680177230184444
--------
nle(id0,id1,dist): 64 66 1.975299251783843
list:
dist: 1.975299251783843 vs. 1.975299251783843
--------
nle(id0,id1,dist): 64 67 1.51837884203088
list:
dist: 1.51837884203088 vs. 1.51837884203088
--------
nle(id0,id1,dist): 64 69 2.372912583612724
list:
dist: 2.372912583612724 vs. 2.372912583612724
--------
nle(id0,id1,dist): 64 70 1.0177603114360871
list:
dist: 1.0177603114360871 vs. 1.0177603114360871
--------
nle(id0,id1,dist): 64 71 1.2653020245191597
list:
dist: 1.2653020245191597 vs. 1.2653020245191597
--------
nle(id0,id1,dist): 64 72 1.9179966484481774
list:
dist: 1.9179966484481774 vs. 1.9179966484481774
--------
nle(id0,id1,dist): 64 73 1.102810963965592
list:
dist: 1.102810963965592 vs. 1.102810963965592
--------
nle(id0,id1,dist): 64 75 1.8659105944412797
list:
dist: 1.8659105944412797 vs. 1.8659105944412797
--------
nle(id0,id1,dist): 64 76 0.6472570309291356
list:
dist: 0.6472570309291356 vs. 0.6472570309291356
--------
nle(id0,id1,dist): 64 78 3.07049809609717
list:
dist: 3.07049809609717 vs. 3.07049809609717
--------
nle(id0,id1,dist): 63 87 2.478899798343613
list:
dist: 2.478899798343613 vs. 2.478899798343613
--------
nle(id0,id1,dist): 63 72 1.9466707980912432
list:
dist: 1.9466707980912432 vs. 1.9466707980912432
--------
nle(id0,id1,dist): 63 73 0.7047153137085509
list:
dist: 0.7047153137085509 vs. 0.7047153137085509
--------
nle(id0,id1,dist): 63 70 1.3362042472055224
list:
dist: 1.3362042472055224 vs. 1.3362042472055224
--------
nle(id0,id1,dist): 63 71 1.8259405225424656
list:
dist: 1.8259405225424656 vs. 1.8259405225424656
--------
nle(id0,id1,dist): 63 76 0.850296503417176
list:
dist: 0.850296503417176 vs. 0.850296503417176
--------
nle(id0,id1,dist): 63 77 2.9826216853409346
list:
dist: 2.9826216853409346 vs. 2.9826216853409346
--------
nle(id0,id1,dist): 63 74 2.5654021859073897
list:
dist: 2.5654021859073897 vs. 2.5654021859073897
--------
nle(id0,id1,dist): 63 75 1.5507352736528646
list:
dist: 1.5507352736528646 vs. 1.5507352736528646
--------
nle(id0,id1,dist): 63 81 3.871947665811086
list:
dist: 3.871947665811086 vs. 3.871947665811086
--------
nle(id0,id1,dist): 63 78 2.8220924685503888
list:
dist: 2.8220924685503888 vs. 2.8220924685503888
--------
nle(id0,id1,dist): 63 79 3.1368742582478757
list:
dist: 3.1368742582478757 vs. 3.1368742582478757
--------
nle(id0,id1,dist): 63 84 3.472429540821106
list:
dist: 3.472429540821106 vs. 3.472429540821106
--------
nle(id0,id1,dist): 63 85 1.9411163023390792
list:
dist: 1.9411163023390792 vs. 1.9411163023390792
--------
nle(id0,id1,dist): 63 83 2.7635545175569516
list:
dist: 2.7635545175569516 vs. 2.7635545175569516
--------
nle(id0,id1,dist): 63 65 3.2914878736908455
list:
dist: 3.2914878736908455 vs. 3.2914878736908455
--------
nle(id0,id1,dist): 63 64 0.8257738733816409
list:
dist: 0.8257738733816409 vs. 0.8257738733816409
--------
nle(id0,id1,dist): 63 69 1.7475156314567746
list:
dist: 1.7475156314567746 vs. 1.7475156314567746
--------
nle(id0,id1,dist): 63 68 2.2087563515989226
list:
dist: 2.2087563515989226 vs. 2.2087563515989226
--------
nle(id0,id1,dist): 63 67 0.9595299889993423
list:
dist: 0.9595299889993423 vs. 0.9595299889993423
--------
nle(id0,id1,dist): 63 66 1.4387296649041557
list:
dist: 1.4387296649041557 vs. 1.4387296649041557
--------
nle(id0,id1,dist): 58 59 2.514331675842749
list:
dist: 2.514331675842749 vs. 2.514331675842749
--------
nle(id0,id1,dist): 61 63 1.1330415918450794
list:
dist: 1.1330415918450794 vs. 1.1330415918450794
--------
nle(id0,id1,dist): 61 62 2.170027929378636
list:
dist: 2.170027929378636 vs. 2.170027929378636
--------
nle(id0,id1,dist): 60 85 2.752588316946868
list:
dist: 2.752588316946868 vs. 2.752588316946868
--------
nle(id0,id1,dist): 60 87 3.304570114163461
list:
dist: 3.304570114163461 vs. 3.304570114163461
--------
nle(id0,id1,dist): 60 77 3.123483095234716
list:
dist: 3.123483095234716 vs. 3.123483095234716
--------
nle(id0,id1,dist): 60 78 3.0855765535966406
list:
dist: 3.0855765535966406 vs. 3.0855765535966406
--------
nle(id0,id1,dist): 60 79 3.33976073468252
list:
dist: 3.33976073468252 vs. 3.33976073468252
--------
nle(id0,id1,dist): 60 81 3.4762271137281675
list:
dist: 3.4762271137281675 vs. 3.4762271137281675
--------
nle(id0,id1,dist): 60 83 3.1956514968654957
list:
dist: 3.1956514968654957 vs. 3.1956514968654957
--------
nle(id0,id1,dist): 60 84 3.564026566136251
list:
dist: 3.564026566136251 vs. 3.564026566136251
--------
nle(id0,id1,dist): 60 69 2.4039285194866022
list:
dist: 2.4039285194866022 vs. 2.4039285194866022
--------
nle(id0,id1,dist): 60 70 0.44268809610126
list:
dist: 0.44268809610126 vs. 0.44268809610126
--------
nle(id0,id1,dist): 60 71 2.291236442794095
list:
dist: 2.291236442794095 vs. 2.291236442794095
--------
nle(id0,id1,dist): 60 72 2.795107901913307
list:
dist: 2.795107901913307 vs. 2.795107901913307
--------
nle(id0,id1,dist): 60 73 1.5394740408708971
list:
dist: 1.5394740408708971 vs. 1.5394740408708971
--------
nle(id0,id1,dist): 60 74 1.9710530203538363
list:
dist: 1.9710530203538363 vs. 1.9710530203538363
--------
nle(id0,id1,dist): 60 75 1.9334113966124424
list:
dist: 1.9334113966124424 vs. 1.9334113966124424
--------
nle(id0,id1,dist): 60 76 0.8278122459506774
list:
dist: 0.8278122459506774 vs. 0.8278122459506774
--------
nle(id0,id1,dist): 60 64 1.1624062334553686
list:
dist: 1.1624062334553686 vs. 1.1624062334553686
--------
nle(id0,id1,dist): 60 63 1.489106894747315
list:
dist: 1.489106894747315 vs. 1.489106894747315
--------
nle(id0,id1,dist): 60 62 1.8714598815503474
list:
dist: 1.8714598815503474 vs. 1.8714598815503474
--------
nle(id0,id1,dist): 60 61 0.95949707915004
list:
dist: 0.95949707915004 vs. 0.95949707915004
--------
nle(id0,id1,dist): 60 68 1.870573060968377
list:
dist: 1.870573060968377 vs. 1.870573060968377
--------
nle(id0,id1,dist): 60 67 1.4444458599100893
list:
dist: 1.4444458599100893 vs. 1.4444458599100893
--------
nle(id0,id1,dist): 60 66 2.3584501412708128
list:
dist: 2.3584501412708128 vs. 2.3584501412708128
--------
nle(id0,id1,dist): 60 65 2.6232602998804397
list:
dist: 2.6232602998804397 vs. 2.6232602998804397
--------
nle(id0,id1,dist): 69 71 3.2551423641271726
list:
dist: 3.2551423641271726 vs. 3.2551423641271726
--------
nle(id0,id1,dist): 69 70 2.154768151347692
list:
dist: 2.154768151347692 vs. 2.154768151347692
--------
nle(id0,id1,dist): 69 78 1.7275471859768845
list:
dist: 1.7275471859768845 vs. 1.7275471859768845
--------
nle(id0,id1,dist): 69 79 1.4769540313058094
list:
dist: 1.4769540313058094 vs. 1.4769540313058094
--------
nle(id0,id1,dist): 69 76 2.2883735505506264
list:
dist: 2.2883735505506264 vs. 2.2883735505506264
--------
nle(id0,id1,dist): 69 77 1.361804795250225
list:
dist: 1.361804795250225 vs. 1.361804795250225
--------
nle(id0,id1,dist): 69 74 1.9147157770966847
list:
dist: 1.9147157770966847 vs. 1.9147157770966847
--------
nle(id0,id1,dist): 69 75 0.9689435065373537
list:
dist: 0.9689435065373537 vs. 0.9689435065373537
--------
nle(id0,id1,dist): 69 72 2.5134964202268306
list:
dist: 2.5134964202268306 vs. 2.5134964202268306
--------
nle(id0,id1,dist): 69 73 1.3195526751223972
list:
dist: 1.3195526751223972 vs. 1.3195526751223972
--------
nle(id0,id1,dist): 69 86 2.5788975103417755
list:
dist: 2.5788975103417755 vs. 2.5788975103417755
--------
nle(id0,id1,dist): 69 87 1.0214689340780618
list:
dist: 1.0214689340780618 vs. 1.0214689340780618
--------
nle(id0,id1,dist): 69 84 1.956646007871194
list:
dist: 1.956646007871194 vs. 1.956646007871194
--------
nle(id0,id1,dist): 69 85 1.2433185944963134
list:
dist: 1.2433185944963134 vs. 1.2433185944963134
--------
nle(id0,id1,dist): 69 82 2.439831794670853
list:
dist: 2.439831794670853 vs. 2.439831794670853
--------
nle(id0,id1,dist): 69 83 2.1130628876098534
list:
dist: 2.1130628876098534 vs. 2.1130628876098534
--------
nle(id0,id1,dist): 69 80 3.5938066905316544
list:
dist: 3.5938066905316544 vs. 3.5938066905316544
--------
nle(id0,id1,dist): 69 81 2.746465452397018
list:
dist: 2.746465452397018 vs. 2.746465452397018
--------
nle(id0,id1,dist): 68 74 1.113021982771714
list:
dist: 1.113021982771714 vs. 1.113021982771714
--------
nle(id0,id1,dist): 68 73 1.8926787148242055
list:
dist: 1.8926787148242055 vs. 1.8926787148242055
--------
nle(id0,id1,dist): 68 76 2.204566743877018
list:
dist: 2.204566743877018 vs. 2.204566743877018
--------
nle(id0,id1,dist): 68 75 1.5650073121997756
list:
dist: 1.5650073121997756 vs. 1.5650073121997756
--------
nle(id0,id1,dist): 68 70 1.7964501120819798
list:
dist: 1.7964501120819798 vs. 1.7964501120819798
--------
nle(id0,id1,dist): 68 69 1.4481015292858337
list:
dist: 1.4481015292858337 vs. 1.4481015292858337
--------
nle(id0,id1,dist): 68 81 1.7486085996132512
list:
dist: 1.7486085996132512 vs. 1.7486085996132512
--------
nle(id0,id1,dist): 68 83 2.877609602035339
list:
dist: 2.877609602035339 vs. 2.877609602035339
--------
nle(id0,id1,dist): 68 84 2.1604918665025696
list:
dist: 2.1604918665025696 vs. 2.1604918665025696
--------
nle(id0,id1,dist): 68 77 1.463270510785033
list:
dist: 1.463270510785033 vs. 1.463270510785033
--------
nle(id0,id1,dist): 68 78 2.306710516849254
list:
dist: 2.306710516849254 vs. 2.306710516849254
--------
nle(id0,id1,dist): 68 79 1.7507056418018745
list:
dist: 1.7507056418018745 vs. 1.7507056418018745
--------
nle(id0,id1,dist): 68 85 2.386797396607417
list:
dist: 2.386797396607417 vs. 2.386797396607417
--------
nle(id0,id1,dist): 68 87 2.336616199826989
list:
dist: 2.336616199826989 vs. 2.336616199826989
--------
nle(id0,id1,dist): 70 85 2.3645131505437336
list:
dist: 2.3645131505437336 vs. 2.3645131505437336
--------
nle(id0,id1,dist): 70 84 3.261256090525893
list:
dist: 3.261256090525893 vs. 3.261256090525893
--------
nle(id0,id1,dist): 70 83 2.7621154144921225
list:
dist: 2.7621154144921225 vs. 2.7621154144921225
--------
nle(id0,id1,dist): 70 87 2.988126958756166
list:
dist: 2.988126958756166 vs. 2.988126958756166
--------
nle(id0,id1,dist): 71 72 1.5473880032560896
list:
dist: 1.5473880032560896 vs. 1.5473880032560896
--------
nle(id0,id1,dist): 71 73 1.9627392350335653
list:
dist: 1.9627392350335653 vs. 1.9627392350335653
--------
nle(id0,id1,dist): 71 76 1.8847112305779898
list:
dist: 1.8847112305779898 vs. 1.8847112305779898
--------
nle(id0,id1,dist): 71 75 2.6129281103409787
list:
dist: 2.6129281103409787 vs. 2.6129281103409787
--------
nle(id0,id1,dist): 70 71 2.0860115633337695
list:
dist: 2.0860115633337695 vs. 2.0860115633337695
--------
nle(id0,id1,dist): 70 72 2.412384592796544
list:
dist: 2.412384592796544 vs. 2.412384592796544
--------
nle(id0,id1,dist): 70 73 1.2186259812447398
list:
dist: 1.2186259812447398 vs. 1.2186259812447398
--------
nle(id0,id1,dist): 70 74 1.7518512446739953
list:
dist: 1.7518512446739953 vs. 1.7518512446739953
--------
nle(id0,id1,dist): 70 75 1.561126733855987
list:
dist: 1.561126733855987 vs. 1.561126733855987
--------
nle(id0,id1,dist): 70 76 0.9043832202155949
list:
dist: 0.9043832202155949 vs. 0.9043832202155949
--------
nle(id0,id1,dist): 70 77 2.8989885665061026
list:
dist: 2.8989885665061026 vs. 2.8989885665061026
--------
nle(id0,id1,dist): 70 78 2.692772856453052
list:
dist: 2.692772856453052 vs. 2.692772856453052
--------
nle(id0,id1,dist): 70 79 3.0864494269461455
list:
dist: 3.0864494269461455 vs. 3.0864494269461455
--------
nle(id0,id1,dist): 70 81 3.487122452057174
list:
dist: 3.487122452057174 vs. 3.487122452057174
--------
nle(id0,id1,dist): 65 81 2.9174828893043534
list:
dist: 2.9174828893043534 vs. 2.9174828893043534
--------
nle(id0,id1,dist): 65 76 2.812619675299563
list:
dist: 2.812619675299563 vs. 2.812619675299563
--------
nle(id0,id1,dist): 66 70 2.0195008538570396
list:
dist: 2.0195008538570396 vs. 2.0195008538570396
--------
nle(id0,id1,dist): 66 69 0.8434904627317195
list:
dist: 0.8434904627317195 vs. 0.8434904627317195
--------
nle(id0,id1,dist): 66 68 2.030256977598567
list:
dist: 2.030256977598567 vs. 2.030256977598567
--------
nle(id0,id1,dist): 66 67 1.782134237897867
list:
dist: 1.782134237897867 vs. 1.782134237897867
--------
nle(id0,id1,dist): 64 85 2.346090997339347
list:
dist: 2.346090997339347 vs. 2.346090997339347
--------
nle(id0,id1,dist): 64 87 3.0830626126819882
list:
dist: 3.0830626126819882 vs. 3.0830626126819882
--------
nle(id0,id1,dist): 64 83 2.9103069749748602
list:
dist: 2.9103069749748602 vs. 2.9103069749748602
--------
nle(id0,id1,dist): 65 73 3.5409367861415837
list:
dist: 3.5409367861415837 vs. 3.5409367861415837
--------
nle(id0,id1,dist): 65 68 2.57251104056767
list:
dist: 2.57251104056767 vs. 2.57251104056767
--------
nle(id0,id1,dist): 65 70 2.97593095977039
list:
dist: 2.97593095977039 vs. 2.97593095977039
--------
nle(id0,id1,dist): 65 67 2.437722343596424
list:
dist: 2.437722343596424 vs. 2.437722343596424
--------
nle(id0,id1,dist): 67 76 1.0687174655786296
list:
dist: 1.0687174655786296 vs. 1.0687174655786296
--------
nle(id0,id1,dist): 67 77 2.645687273431325
list:
dist: 2.645687273431325 vs. 2.645687273431325
--------
nle(id0,id1,dist): 67 74 2.3631013283762634
list:
dist: 2.3631013283762634 vs. 2.3631013283762634
--------
nle(id0,id1,dist): 67 75 1.7614494712489266
list:
dist: 1.7614494712489266 vs. 1.7614494712489266
--------
nle(id0,id1,dist): 67 81 3.126498306301295
list:
dist: 3.126498306301295 vs. 3.126498306301295
--------
nle(id0,id1,dist): 67 78 3.0209893263827703
list:
dist: 3.0209893263827703 vs. 3.0209893263827703
--------
nle(id0,id1,dist): 67 79 2.8727365548709347
list:
dist: 2.8727365548709347 vs. 2.8727365548709347
--------
nle(id0,id1,dist): 67 68 1.6383350668852852
list:
dist: 1.6383350668852852 vs. 1.6383350668852852
--------
nle(id0,id1,dist): 67 69 1.602272002691077
list:
dist: 1.602272002691077 vs. 1.602272002691077
--------
nle(id0,id1,dist): 67 72 2.8155913111832676
list:
dist: 2.8155913111832676 vs. 2.8155913111832676
--------
nle(id0,id1,dist): 67 73 1.2509903487058072
list:
dist: 1.2509903487058072 vs. 1.2509903487058072
--------
nle(id0,id1,dist): 67 70 1.4759558250474951
list:
dist: 1.4759558250474951 vs. 1.4759558250474951
--------
nle(id0,id1,dist): 67 71 2.7146082636366504
list:
dist: 2.7146082636366504 vs. 2.7146082636366504
--------
nle(id0,id1,dist): 67 85 2.361425928919443
list:
dist: 2.361425928919443 vs. 2.361425928919443
--------
nle(id0,id1,dist): 67 84 3.3465033733026432
list:
dist: 3.3465033733026432 vs. 3.3465033733026432
--------
nle(id0,id1,dist): 67 83 3.2189148183464384
list:
dist: 3.2189148183464384 vs. 3.2189148183464384
--------
nle(id0,id1,dist): 67 87 2.556248246149077
list:
dist: 2.556248246149077 vs. 2.556248246149077
--------
nle(id0,id1,dist): 66 79 2.047852904495011
list:
dist: 2.047852904495011 vs. 2.047852904495011
--------
nle(id0,id1,dist): 66 80 2.7736815435145377
list:
dist: 2.7736815435145377 vs. 2.7736815435145377
--------
nle(id0,id1,dist): 66 81 3.521943811495458
list:
dist: 3.521943811495458 vs. 3.521943811495458
--------
nle(id0,id1,dist): 66 82 1.8902103116941804
list:
dist: 1.8902103116941804 vs. 1.8902103116941804
--------
nle(id0,id1,dist): 66 83 1.6219153101025123
list:
dist: 1.6219153101025123 vs. 1.6219153101025123
--------
nle(id0,id1,dist): 66 84 2.3044996634485906
list:
dist: 2.3044996634485906 vs. 2.3044996634485906
--------
nle(id0,id1,dist): 66 85 0.598106560782253
list:
dist: 0.598106560782253 vs. 0.598106560782253
--------
nle(id0,id1,dist): 66 86 2.9399943782847933
list:
dist: 2.9399943782847933 vs. 2.9399943782847933
--------
nle(id0,id1,dist): 66 71 2.5955106698223402
list:
dist: 2.5955106698223402 vs. 2.5955106698223402
--------
nle(id0,id1,dist): 66 72 1.682471117265788
list:
dist: 1.682471117265788 vs. 1.682471117265788
--------
nle(id0,id1,dist): 66 73 0.8986690364041676
list:
dist: 0.8986690364041676 vs. 0.8986690364041676
--------
nle(id0,id1,dist): 66 74 2.1779778631772513
list:
dist: 2.1779778631772513 vs. 2.1779778631772513
--------
nle(id0,id1,dist): 66 75 0.7425935356159715
list:
dist: 0.7425935356159715 vs. 0.7425935356159715
--------
nle(id0,id1,dist): 66 76 2.122228495531965
list:
dist: 2.122228495531965 vs. 2.122228495531965
--------
nle(id0,id1,dist): 66 77 2.013133894982384
list:
dist: 2.013133894982384 vs. 2.013133894982384
--------
nle(id0,id1,dist): 66 78 1.599325282861546
list:
dist: 1.599325282861546 vs. 1.599325282861546
--------
nle(id0,id1,dist): 66 87 1.1223822086647268
list:
dist: 1.1223822086647268 vs. 1.1223822086647268
--------
nle(id0,id1,dist): 48 51 2.9796390262972627
list:
dist: 2.9796390262972627 vs. 2.9796390262972627
--------
nle(id0,id1,dist): 48 52 1.669688739083266
list:
dist: 1.669688739083266 vs. 1.669688739083266
--------
nle(id0,id1,dist): 48 49 3.223246603388681
list:
dist: 3.223246603388681 vs. 3.223246603388681
--------
nle(id0,id1,dist): 48 50 2.5250973130060186
list:
dist: 2.5250973130060186 vs. 2.5250973130060186
--------
nle(id0,id1,dist): 48 56 1.8167493811225663
list:
dist: 1.8167493811225663 vs. 1.8167493811225663
--------
nle(id0,id1,dist): 48 54 2.3474285845073526
list:
dist: 2.3474285845073526 vs. 2.3474285845073526
--------
nle(id0,id1,dist): 48 59 2.385508865638895
list:
dist: 2.385508865638895 vs. 2.385508865638895
--------
nle(id0,id1,dist): 48 57 1.7286967173992815
list:
dist: 1.7286967173992815 vs. 1.7286967173992815
--------
nle(id0,id1,dist): 48 58 2.3667311305750394
list:
dist: 2.3667311305750394 vs. 2.3667311305750394
--------
nle(id0,id1,dist): 49 50 0.9087147439552773
list:
dist: 0.9087147439552773 vs. 0.9087147439552773
--------
nle(id0,id1,dist): 49 51 0.47080568807744794
list:
dist: 0.47080568807744794 vs. 0.47080568807744794
--------
nle(id0,id1,dist): 49 53 1.8240879347405745
list:
dist: 1.8240879347405745 vs. 1.8240879347405745
--------
nle(id0,id1,dist): 49 54 1.0123664475890537
list:
dist: 1.0123664475890537 vs. 1.0123664475890537
--------
nle(id0,id1,dist): 49 55 1.1314025482008465
list:
dist: 1.1314025482008465 vs. 1.1314025482008465
--------
nle(id0,id1,dist): 49 56 1.6625590215009245
list:
dist: 1.6625590215009245 vs. 1.6625590215009245
--------
nle(id0,id1,dist): 49 57 1.8364603920968294
list:
dist: 1.8364603920968294 vs. 1.8364603920968294
--------
nle(id0,id1,dist): 49 58 1.7330064968988141
list:
dist: 1.7330064968988141 vs. 1.7330064968988141
--------
nle(id0,id1,dist): 49 59 1.7624767251057472
list:
dist: 1.7624767251057472 vs. 1.7624767251057472
--------
nle(id0,id1,dist): 50 53 1.3470918056419392
list:
dist: 1.3470918056419392 vs. 1.3470918056419392
--------
nle(id0,id1,dist): 50 54 0.8505236461026078
list:
dist: 0.8505236461026078 vs. 0.8505236461026078
--------
nle(id0,id1,dist): 50 51 0.6264754671952086
list:
dist: 0.6264754671952086 vs. 0.6264754671952086
--------
nle(id0,id1,dist): 50 59 0.9820613625167494
list:
dist: 0.9820613625167494 vs. 0.9820613625167494
--------
nle(id0,id1,dist): 50 56 0.8176847752969477
list:
dist: 0.8176847752969477 vs. 0.8176847752969477
--------
nle(id0,id1,dist): 50 55 1.4314728144076931
list:
dist: 1.4314728144076931 vs. 1.4314728144076931
--------
nle(id0,id1,dist): 50 58 1.7930057138360862
list:
dist: 1.7930057138360862 vs. 1.7930057138360862
--------
nle(id0,id1,dist): 50 57 1.301168014036737
list:
dist: 1.301168014036737 vs. 1.301168014036737
--------
nle(id0,id1,dist): 44 56 2.0700040424409996
list:
dist: 2.0700040424409996 vs. 2.0700040424409996
--------
nle(id0,id1,dist): 44 53 2.3273639343122703
list:
dist: 2.3273639343122703 vs. 2.3273639343122703
--------
nle(id0,id1,dist): 44 59 1.9205546634430242
list:
dist: 1.9205546634430242 vs. 1.9205546634430242
--------
nle(id0,id1,dist): 45 57 2.6033807106048363
list:
dist: 2.6033807106048363 vs. 2.6033807106048363
--------
nle(id0,id1,dist): 45 58 2.3022934486620383
list:
dist: 2.3022934486620383 vs. 2.3022934486620383
--------
nle(id0,id1,dist): 45 49 1.7746903750604068
list:
dist: 1.7746903750604068 vs. 1.7746903750604068
--------
nle(id0,id1,dist): 45 50 2.481976271759712
list:
dist: 2.481976271759712 vs. 2.481976271759712
--------
nle(id0,id1,dist): 45 51 1.919942554744498
list:
dist: 1.919942554744498 vs. 1.919942554744498
--------
nle(id0,id1,dist): 45 54 1.952244519651357
list:
dist: 1.952244519651357 vs. 1.952244519651357
--------
nle(id0,id1,dist): 45 55 2.3169468428915097
list:
dist: 2.3169468428915097 vs. 2.3169468428915097
--------
nle(id0,id1,dist): 46 59 1.5809836417241359
list:
dist: 1.5809836417241359 vs. 1.5809836417241359
--------
nle(id0,id1,dist): 46 57 2.6413107857373577
list:
dist: 2.6413107857373577 vs. 2.6413107857373577
--------
nle(id0,id1,dist): 46 55 2.2431039397990573
list:
dist: 2.2431039397990573 vs. 2.2431039397990573
--------
nle(id0,id1,dist): 46 56 2.2894409502361324
list:
dist: 2.2894409502361324 vs. 2.2894409502361324
--------
nle(id0,id1,dist): 46 53 1.0584461883672436
list:
dist: 1.0584461883672436 vs. 1.0584461883672436
--------
nle(id0,id1,dist): 46 54 2.834738083141994
list:
dist: 2.834738083141994 vs. 2.834738083141994
--------
nle(id0,id1,dist): 46 51 2.4589194557650957
list:
dist: 2.4589194557650957 vs. 2.4589194557650957
--------
nle(id0,id1,dist): 46 52 3.2113334571824406
list:
dist: 3.2113334571824406 vs. 3.2113334571824406
--------
nle(id0,id1,dist): 46 49 2.872564758545796
list:
dist: 2.872564758545796 vs. 2.872564758545796
--------
nle(id0,id1,dist): 46 50 2.3624763104270836
list:
dist: 2.3624763104270836 vs. 2.3624763104270836
--------
nle(id0,id1,dist): 46 47 1.8226685529330213
list:
dist: 1.8226685529330213 vs. 1.8226685529330213
--------
nle(id0,id1,dist): 47 59 1.749997843864701
list:
dist: 1.749997843864701 vs. 1.749997843864701
--------
nle(id0,id1,dist): 47 55 2.4447082340016073
list:
dist: 2.4447082340016073 vs. 2.4447082340016073
--------
nle(id0,id1,dist): 47 54 2.9242942222014565
list:
dist: 2.9242942222014565 vs. 2.9242942222014565
--------
nle(id0,id1,dist): 47 57 2.884845994510676
list:
dist: 2.884845994510676 vs. 2.884845994510676
--------
nle(id0,id1,dist): 47 56 2.1188879394804125
list:
dist: 2.1188879394804125 vs. 2.1188879394804125
--------
nle(id0,id1,dist): 47 50 2.1344201886111756
list:
dist: 2.1344201886111756 vs. 2.1344201886111756
--------
nle(id0,id1,dist): 47 51 2.5544330931711254
list:
dist: 2.5544330931711254 vs. 2.5544330931711254
--------
nle(id0,id1,dist): 47 52 2.741995233180461
list:
dist: 2.741995233180461 vs. 2.741995233180461
--------
nle(id0,id1,dist): 47 53 1.6533470849798686
list:
dist: 1.6533470849798686 vs. 1.6533470849798686
--------
nle(id0,id1,dist): 47 49 2.822292822019657
list:
dist: 2.822292822019657 vs. 2.822292822019657
--------
nle(id0,id1,dist): 55 56 2.1292882292579045
list:
dist: 2.1292882292579045 vs. 2.1292882292579045
--------
nle(id0,id1,dist): 55 57 2.454512768362155
list:
dist: 2.454512768362155 vs. 2.454512768362155
--------
nle(id0,id1,dist): 55 59 1.8180976385399437
list:
dist: 1.8180976385399437 vs. 1.8180976385399437
--------
nle(id0,id1,dist): 56 58 1.9229530948386495
list:
dist: 1.9229530948386495 vs. 1.9229530948386495
--------
nle(id0,id1,dist): 56 57 0.8242766526459016
list:
dist: 0.8242766526459016 vs. 0.8242766526459016
--------
nle(id0,id1,dist): 56 59 0.7140137295128612
list:
dist: 0.7140137295128612 vs. 0.7140137295128612
--------
nle(id0,id1,dist): 57 59 1.2253484787502729
list:
dist: 1.2253484787502729 vs. 1.2253484787502729
--------
nle(id0,id1,dist): 57 58 1.7190296853994735
list:
dist: 1.7190296853994735 vs. 1.7190296853994735
--------
nle(id0,id1,dist): 51 58 1.8429505874664007
list:
dist: 1.8429505874664007 vs. 1.8429505874664007
--------
nle(id0,id1,dist): 51 59 1.3258338398019347
list:
dist: 1.3258338398019347 vs. 1.3258338398019347
--------
nle(id0,id1,dist): 51 53 1.4203662316731742
list:
dist: 1.4203662316731742 vs. 1.4203662316731742
--------
nle(id0,id1,dist): 51 54 0.8120764260588715
list:
dist: 0.8120764260588715 vs. 0.8120764260588715
--------
nle(id0,id1,dist): 51 55 1.0719836796018107
list:
dist: 1.0719836796018107 vs. 1.0719836796018107
--------
nle(id0,id1,dist): 51 56 1.3135142198366405
list:
dist: 1.3135142198366405 vs. 1.3135142198366405
--------
nle(id0,id1,dist): 51 57 1.49764235672612
list:
dist: 1.49764235672612 vs. 1.49764235672612
--------
nle(id0,id1,dist): 52 56 2.2735454395533425
list:
dist: 2.2735454395533425 vs. 2.2735454395533425
--------
nle(id0,id1,dist): 52 53 3.126776765222118
list:
dist: 3.126776765222118 vs. 3.126776765222118
--------
nle(id0,id1,dist): 52 59 2.446099458082348
list:
dist: 2.446099458082348 vs. 2.446099458082348
--------
nle(id0,id1,dist): 53 54 1.8858370589253108
list:
dist: 1.8858370589253108 vs. 1.8858370589253108
--------
nle(id0,id1,dist): 53 55 1.3449693153534206
list:
dist: 1.3449693153534206 vs. 1.3449693153534206
--------
nle(id0,id1,dist): 53 57 1.928841499379884
list:
dist: 1.928841499379884 vs. 1.928841499379884
--------
nle(id0,id1,dist): 53 56 1.5039800613865366
list:
dist: 1.5039800613865366 vs. 1.5039800613865366
--------
nle(id0,id1,dist): 53 59 0.8436018244343805
list:
dist: 0.8436018244343805 vs. 0.8436018244343805
--------
nle(id0,id1,dist): 54 59 1.4197828961003536
list:
dist: 1.4197828961003536 vs. 1.4197828961003536
--------
nle(id0,id1,dist): 54 58 1.2419338328555491
list:
dist: 1.2419338328555491 vs. 1.2419338328555491
--------
nle(id0,id1,dist): 54 57 0.8891136919252981
list:
dist: 0.8891136919252981 vs. 0.8891136919252981
--------
nle(id0,id1,dist): 54 56 1.0581201585238154
list:
dist: 1.0581201585238154 vs. 1.0581201585238154
--------
nle(id0,id1,dist): 54 55 1.879595780980584
list:
dist: 1.879595780980584 vs. 1.879595780980584
--------
nle(id0,id1,dist): 93 116 3.9829252150254333
list:
dist: 3.9829252150254333 vs. 3.9829252150254333
--------
nle(id0,id1,dist): 93 117 3.086457120149941
list:
dist: 3.086457120149941 vs. 3.086457120149941
--------
nle(id0,id1,dist): 93 97 2.9236852791545824
list:
dist: 2.9236852791545824 vs. 2.9236852791545824
--------
nle(id0,id1,dist): 93 96 2.7596308317837384
list:
dist: 2.7596308317837384 vs. 2.7596308317837384
--------
nle(id0,id1,dist): 93 99 2.40398002869855
list:
dist: 2.40398002869855 vs. 2.40398002869855
--------
nle(id0,id1,dist): 93 98 2.0827920760298726
list:
dist: 2.0827920760298726 vs. 2.0827920760298726
--------
nle(id0,id1,dist): 93 101 0.4390975064582656
list:
dist: 0.4390975064582656 vs. 0.4390975064582656
--------
nle(id0,id1,dist): 93 100 1.4000044849924203
list:
dist: 1.4000044849924203 vs. 1.4000044849924203
--------
nle(id0,id1,dist): 93 103 1.1637773996599163
list:
dist: 1.1637773996599163 vs. 1.1637773996599163
--------
nle(id0,id1,dist): 93 102 2.764411903676645
list:
dist: 2.764411903676645 vs. 2.764411903676645
--------
nle(id0,id1,dist): 93 105 1.711586189040115
list:
dist: 1.711586189040115 vs. 1.711586189040115
--------
nle(id0,id1,dist): 93 104 1.4067775998887462
list:
dist: 1.4067775998887462 vs. 1.4067775998887462
--------
nle(id0,id1,dist): 93 107 2.495579032163485
list:
dist: 2.495579032163485 vs. 2.495579032163485
--------
nle(id0,id1,dist): 93 106 1.2658401747127654
list:
dist: 1.2658401747127654 vs. 1.2658401747127654
--------
nle(id0,id1,dist): 93 109 3.750600846488491
list:
dist: 3.750600846488491 vs. 3.750600846488491
--------
nle(id0,id1,dist): 93 108 2.4433409219450994
list:
dist: 2.4433409219450994 vs. 2.4433409219450994
--------
nle(id0,id1,dist): 93 110 2.72135657736392
list:
dist: 2.72135657736392 vs. 2.72135657736392
--------
nle(id0,id1,dist): 94 109 2.452474265013822
list:
dist: 2.452474265013822 vs. 2.452474265013822
--------
nle(id0,id1,dist): 94 110 1.129201309992717
list:
dist: 1.129201309992717 vs. 1.129201309992717
--------
nle(id0,id1,dist): 94 107 1.7667526491409222
list:
dist: 1.7667526491409222 vs. 1.7667526491409222
--------
nle(id0,id1,dist): 94 108 0.9433959365117908
list:
dist: 0.9433959365117908 vs. 0.9433959365117908
--------
nle(id0,id1,dist): 94 113 2.6084187527968443
list:
dist: 2.6084187527968443 vs. 2.6084187527968443
--------
nle(id0,id1,dist): 94 114 3.387529921962998
list:
dist: 3.387529921962998 vs. 3.387529921962998
--------
nle(id0,id1,dist): 94 111 4.042370199706248
list:
dist: 4.042370199706248 vs. 4.042370199706248
--------
nle(id0,id1,dist): 94 112 2.338756249840793
list:
dist: 2.338756249840793 vs. 2.338756249840793
--------
nle(id0,id1,dist): 94 117 1.8634165139137038
list:
dist: 1.8634165139137038 vs. 1.8634165139137038
--------
nle(id0,id1,dist): 94 115 2.364929489077666
list:
dist: 2.364929489077666 vs. 2.364929489077666
--------
nle(id0,id1,dist): 94 116 2.653682371997227
list:
dist: 2.653682371997227 vs. 2.653682371997227
--------
nle(id0,id1,dist): 94 119 3.5919080226515177
list:
dist: 3.5919080226515177 vs. 3.5919080226515177
--------
nle(id0,id1,dist): 94 98 1.076173931428231
list:
dist: 1.076173931428231 vs. 1.076173931428231
--------
nle(id0,id1,dist): 94 97 1.3285687091505953
list:
dist: 1.3285687091505953 vs. 1.3285687091505953
--------
nle(id0,id1,dist): 94 96 1.4129601170906687
list:
dist: 1.4129601170906687 vs. 1.4129601170906687
--------
nle(id0,id1,dist): 94 95 1.512928189564742
list:
dist: 1.512928189564742 vs. 1.512928189564742
--------
nle(id0,id1,dist): 94 102 2.2077345580768393
list:
dist: 2.2077345580768393 vs. 2.2077345580768393
--------
nle(id0,id1,dist): 94 101 1.587835401137636
list:
dist: 1.587835401137636 vs. 1.587835401137636
--------
nle(id0,id1,dist): 94 100 3.017465939186125
list:
dist: 3.017465939186125 vs. 3.017465939186125
--------
nle(id0,id1,dist): 94 99 1.533543410090463
list:
dist: 1.533543410090463 vs. 1.533543410090463
--------
nle(id0,id1,dist): 94 106 0.7831719422267035
list:
dist: 0.7831719422267035 vs. 0.7831719422267035
--------
nle(id0,id1,dist): 94 105 1.7860720899133131
list:
dist: 1.7860720899133131 vs. 1.7860720899133131
--------
nle(id0,id1,dist): 94 104 1.0705880735893687
list:
dist: 1.0705880735893687 vs. 1.0705880735893687
--------
nle(id0,id1,dist): 94 103 0.8940630109875276
list:
dist: 0.8940630109875276 vs. 0.8940630109875276
--------
nle(id0,id1,dist): 92 97 2.5707556292949834
list:
dist: 2.5707556292949834 vs. 2.5707556292949834
--------
nle(id0,id1,dist): 92 98 2.1339908245135777
list:
dist: 2.1339908245135777 vs. 2.1339908245135777
--------
nle(id0,id1,dist): 92 99 2.4266128924038397
list:
dist: 2.4266128924038397 vs. 2.4266128924038397
--------
nle(id0,id1,dist): 92 100 1.8045537257962245
list:
dist: 1.8045537257962245 vs. 1.8045537257962245
--------
nle(id0,id1,dist): 92 93 1.1386800987402164
list:
dist: 1.1386800987402164 vs. 1.1386800987402164
--------
nle(id0,id1,dist): 92 94 1.6994027570556152
list:
dist: 1.6994027570556152 vs. 1.6994027570556152
--------
nle(id0,id1,dist): 92 95 1.3057374582585526
list:
dist: 1.3057374582585526 vs. 1.3057374582585526
--------
nle(id0,id1,dist): 92 96 2.498122778453707
list:
dist: 2.498122778453707 vs. 2.498122778453707
--------
nle(id0,id1,dist): 91 111 4.360973698042925
list:
dist: 4.360973698042925 vs. 4.360973698042925
--------
nle(id0,id1,dist): 91 110 2.193780761962077
list:
dist: 2.193780761962077 vs. 2.193780761962077
--------
nle(id0,id1,dist): 91 113 3.4896367444765084
list:
dist: 3.4896367444765084 vs. 3.4896367444765084
--------
nle(id0,id1,dist): 91 112 3.4211817652848193
list:
dist: 3.4211817652848193 vs. 3.4211817652848193
--------
nle(id0,id1,dist): 91 107 2.6583278933999366
list:
dist: 2.6583278933999366 vs. 2.6583278933999366
--------
nle(id0,id1,dist): 91 106 0.6507737818550499
list:
dist: 0.6507737818550499 vs. 0.6507737818550499
--------
nle(id0,id1,dist): 91 109 3.4338145377357963
list:
dist: 3.4338145377357963 vs. 3.4338145377357963
--------
nle(id0,id1,dist): 91 108 1.8574315962559689
list:
dist: 1.8574315962559689 vs. 1.8574315962559689
--------
nle(id0,id1,dist): 91 119 4.696842613546324
list:
dist: 4.696842613546324 vs. 4.696842613546324
--------
nle(id0,id1,dist): 91 115 3.499827102890986
list:
dist: 3.499827102890986 vs. 3.499827102890986
--------
nle(id0,id1,dist): 91 114 4.507796824102016
list:
dist: 4.507796824102016 vs. 4.507796824102016
--------
nle(id0,id1,dist): 91 117 2.970119037453149
list:
dist: 2.970119037453149 vs. 2.970119037453149
--------
nle(id0,id1,dist): 91 116 3.798783739716457
list:
dist: 3.798783739716457 vs. 3.798783739716457
--------
nle(id0,id1,dist): 92 117 3.3114125507145884
list:
dist: 3.3114125507145884 vs. 3.3114125507145884
--------
nle(id0,id1,dist): 93 94 1.7110191020819172
list:
dist: 1.7110191020819172 vs. 1.7110191020819172
--------
nle(id0,id1,dist): 93 95 1.751433833447377
list:
dist: 1.751433833447377 vs. 1.751433833447377
--------
nle(id0,id1,dist): 92 108 2.590067035797947
list:
dist: 2.590067035797947 vs. 2.590067035797947
--------
nle(id0,id1,dist): 92 107 2.9920230888795007
list:
dist: 2.9920230888795007 vs. 2.9920230888795007
--------
nle(id0,id1,dist): 92 106 1.5043849612707645
list:
dist: 1.5043849612707645 vs. 1.5043849612707645
--------
nle(id0,id1,dist): 92 105 0.9775564502043026
list:
dist: 0.9775564502043026 vs. 0.9775564502043026
--------
nle(id0,id1,dist): 92 104 2.069147056244725
list:
dist: 2.069147056244725 vs. 2.069147056244725
--------
nle(id0,id1,dist): 92 103 1.466844466769687
list:
dist: 1.466844466769687 vs. 1.466844466769687
--------
nle(id0,id1,dist): 92 102 2.2005603653046624
list:
dist: 2.2005603653046624 vs. 2.2005603653046624
--------
nle(id0,id1,dist): 92 101 1.484297209256934
list:
dist: 1.484297209256934 vs. 1.484297209256934
--------
nle(id0,id1,dist): 92 116 4.122614159380308
list:
dist: 4.122614159380308 vs. 4.122614159380308
--------
nle(id0,id1,dist): 92 110 2.825488858329756
list:
dist: 2.825488858329756 vs. 2.825488858329756
--------
nle(id0,id1,dist): 92 109 3.425033869913577
list:
dist: 3.425033869913577 vs. 3.425033869913577
--------
nle(id0,id1,dist): 97 101 2.838956588651184
list:
dist: 2.838956588651184 vs. 2.838956588651184
--------
nle(id0,id1,dist): 97 103 1.9211623083171188
list:
dist: 1.9211623083171188 vs. 1.9211623083171188
--------
nle(id0,id1,dist): 97 102 1.911658235448998
list:
dist: 1.911658235448998 vs. 1.911658235448998
--------
nle(id0,id1,dist): 97 105 2.226242142612782
list:
dist: 2.226242142612782 vs. 2.226242142612782
--------
nle(id0,id1,dist): 97 104 2.2374284737184293
list:
dist: 2.2374284737184293 vs. 2.2374284737184293
--------
nle(id0,id1,dist): 97 107 2.1890884553903396
list:
dist: 2.1890884553903396 vs. 2.1890884553903396
--------
nle(id0,id1,dist): 97 106 2.0775828461229606
list:
dist: 2.0775828461229606 vs. 2.0775828461229606
--------
nle(id0,id1,dist): 97 99 1.5256454145838825
list:
dist: 1.5256454145838825 vs. 1.5256454145838825
--------
nle(id0,id1,dist): 97 98 1.3394189541644
list:
dist: 1.3394189541644 vs. 1.3394189541644
--------
nle(id0,id1,dist): 96 113 2.9564980590637173
list:
dist: 2.9564980590637173 vs. 2.9564980590637173
--------
nle(id0,id1,dist): 96 114 2.906110693128126
list:
dist: 2.906110693128126 vs. 2.906110693128126
--------
nle(id0,id1,dist): 96 115 1.9275613134683147
list:
dist: 1.9275613134683147 vs. 1.9275613134683147
--------
nle(id0,id1,dist): 96 116 1.8529030166897156
list:
dist: 1.8529030166897156 vs. 1.8529030166897156
--------
nle(id0,id1,dist): 96 117 1.3744829934529053
list:
dist: 1.3744829934529053 vs. 1.3744829934529053
--------
nle(id0,id1,dist): 96 118 2.8183755377263515
list:
dist: 2.8183755377263515 vs. 2.8183755377263515
--------
nle(id0,id1,dist): 96 119 3.1496939497436833
list:
dist: 3.1496939497436833 vs. 3.1496939497436833
--------
nle(id0,id1,dist): 98 102 1.6242775082993994
list:
dist: 1.6242775082993994 vs. 1.6242775082993994
--------
nle(id0,id1,dist): 98 101 1.911349175886837
list:
dist: 1.911349175886837 vs. 1.911349175886837
--------
nle(id0,id1,dist): 98 99 0.46425646761595873
list:
dist: 0.46425646761595873 vs. 0.46425646761595873
--------
nle(id0,id1,dist): 97 118 2.678971257308594
list:
dist: 2.678971257308594 vs. 2.678971257308594
--------
nle(id0,id1,dist): 97 119 3.217798933466312
list:
dist: 3.217798933466312 vs. 3.217798933466312
--------
nle(id0,id1,dist): 97 116 2.0850185338471845
list:
dist: 2.0850185338471845 vs. 2.0850185338471845
--------
nle(id0,id1,dist): 97 117 1.688127155849262
list:
dist: 1.688127155849262 vs. 1.688127155849262
--------
nle(id0,id1,dist): 97 110 1.2553183753029893
list:
dist: 1.2553183753029893 vs. 1.2553183753029893
--------
nle(id0,id1,dist): 97 111 3.858609600357418
list:
dist: 3.858609600357418 vs. 3.858609600357418
--------
nle(id0,id1,dist): 97 108 1.4814484808891022
list:
dist: 1.4814484808891022 vs. 1.4814484808891022
--------
nle(id0,id1,dist): 97 109 1.401896756294419
list:
dist: 1.401896756294419 vs. 1.401896756294419
--------
nle(id0,id1,dist): 97 114 2.788051721166958
list:
dist: 2.788051721166958 vs. 2.788051721166958
--------
nle(id0,id1,dist): 97 115 1.787387402361363
list:
dist: 1.787387402361363 vs. 1.787387402361363
--------
nle(id0,id1,dist): 97 112 1.3972372517828755
list:
dist: 1.3972372517828755 vs. 1.3972372517828755
--------
nle(id0,id1,dist): 97 113 2.8678178398460945
list:
dist: 2.8678178398460945 vs. 2.8678178398460945
--------
nle(id0,id1,dist): 95 117 2.4317335419675428
list:
dist: 2.4317335419675428 vs. 2.4317335419675428
--------
nle(id0,id1,dist): 95 116 3.151327639198635
list:
dist: 3.151327639198635 vs. 3.151327639198635
--------
nle(id0,id1,dist): 95 110 2.4289630343676856
list:
dist: 2.4289630343676856 vs. 2.4289630343676856
--------
nle(id0,id1,dist): 95 107 2.265529091603287
list:
dist: 2.265529091603287 vs. 2.265529091603287
--------
nle(id0,id1,dist): 95 106 1.8811200415801654
list:
dist: 1.8811200415801654 vs. 1.8811200415801654
--------
nle(id0,id1,dist): 95 109 2.288454475568217
list:
dist: 2.288454475568217 vs. 2.288454475568217
--------
nle(id0,id1,dist): 95 108 2.4068905983487343
list:
dist: 2.4068905983487343 vs. 2.4068905983487343
--------
nle(id0,id1,dist): 95 103 1.124489103975278
list:
dist: 1.124489103975278 vs. 1.124489103975278
--------
nle(id0,id1,dist): 95 102 1.0153060641593747
list:
dist: 1.0153060641593747 vs. 1.0153060641593747
--------
nle(id0,id1,dist): 95 105 0.5398452341178869
list:
dist: 0.5398452341178869 vs. 0.5398452341178869
--------
nle(id0,id1,dist): 95 104 1.9755283484009798
list:
dist: 1.9755283484009798 vs. 1.9755283484009798
--------
nle(id0,id1,dist): 95 98 1.2169231322816625
list:
dist: 1.2169231322816625 vs. 1.2169231322816625
--------
nle(id0,id1,dist): 95 99 1.3161732086993791
list:
dist: 1.3161732086993791 vs. 1.3161732086993791
--------
nle(id0,id1,dist): 95 101 1.8482861709009553
list:
dist: 1.8482861709009553 vs. 1.8482861709009553
--------
nle(id0,id1,dist): 95 96 1.5043785986018658
list:
dist: 1.5043785986018658 vs. 1.5043785986018658
--------
nle(id0,id1,dist): 95 97 1.8806174673955591
list:
dist: 1.8806174673955591 vs. 1.8806174673955591
--------
nle(id0,id1,dist): 96 112 1.7709533255836554
list:
dist: 1.7709533255836554 vs. 1.7709533255836554
--------
nle(id0,id1,dist): 96 111 4.542574822258963
list:
dist: 4.542574822258963 vs. 4.542574822258963
--------
nle(id0,id1,dist): 96 110 1.5228747974059107
list:
dist: 1.5228747974059107 vs. 1.5228747974059107
--------
nle(id0,id1,dist): 96 109 1.0471600308472602
list:
dist: 1.0471600308472602 vs. 1.0471600308472602
--------
nle(id0,id1,dist): 96 108 1.773549806607026
list:
dist: 1.773549806607026 vs. 1.773549806607026
--------
nle(id0,id1,dist): 96 107 1.8052530718690178
list:
dist: 1.8052530718690178 vs. 1.8052530718690178
--------
nle(id0,id1,dist): 96 106 2.1835033797861056
list:
dist: 2.1835033797861056 vs. 2.1835033797861056
--------
nle(id0,id1,dist): 96 105 1.9583104882763687
list:
dist: 1.9583104882763687 vs. 1.9583104882763687
--------
nle(id0,id1,dist): 96 104 2.1079258945172232
list:
dist: 2.1079258945172232 vs. 2.1079258945172232
--------
nle(id0,id1,dist): 96 103 1.6579148502982306
list:
dist: 1.6579148502982306 vs. 1.6579148502982306
--------
nle(id0,id1,dist): 96 102 1.4363881725324774
list:
dist: 1.4363881725324774 vs. 1.4363881725324774
--------
nle(id0,id1,dist): 96 101 2.6566480292450407
list:
dist: 2.6566480292450407 vs. 2.6566480292450407
--------
nle(id0,id1,dist): 96 99 0.8829649417303919
list:
dist: 0.8829649417303919 vs. 0.8829649417303919
--------
nle(id0,id1,dist): 96 98 0.8634101289457008
list:
dist: 0.8634101289457008 vs. 0.8634101289457008
--------
nle(id0,id1,dist): 96 97 0.7088205244699722
list:
dist: 0.7088205244699722 vs. 0.7088205244699722
--------
nle(id0,id1,dist): 85 87 1.054612028095708
list:
dist: 1.054612028095708 vs. 1.054612028095708
--------
nle(id0,id1,dist): 85 86 2.7036427914095946
list:
dist: 2.7036427914095946 vs. 2.7036427914095946
--------
nle(id0,id1,dist): 86 87 2.0607594880136237
list:
dist: 2.0607594880136237 vs. 2.0607594880136237
--------
nle(id0,id1,dist): 86 88 3.7796636932239314
list:
dist: 3.7796636932239314 vs. 3.7796636932239314
--------
nle(id0,id1,dist): 86 89 2.1330327191383454
list:
dist: 2.1330327191383454 vs. 2.1330327191383454
--------
nle(id0,id1,dist): 90 93 1.253548293026336
list:
dist: 1.253548293026336 vs. 1.253548293026336
--------
nle(id0,id1,dist): 90 94 2.3945393671431363
list:
dist: 2.3945393671431363 vs. 2.3945393671431363
--------
nle(id0,id1,dist): 90 91 1.5126980146894327
list:
dist: 1.5126980146894327 vs. 1.5126980146894327
--------
nle(id0,id1,dist): 90 92 0.7626355407546246
list:
dist: 0.7626355407546246 vs. 0.7626355407546246
--------
nle(id0,id1,dist): 90 106 2.0716217245057997
list:
dist: 2.0716217245057997 vs. 2.0716217245057997
--------
nle(id0,id1,dist): 90 105 1.4394816076797121
list:
dist: 1.4394816076797121 vs. 1.4394816076797121
--------
nle(id0,id1,dist): 90 104 2.536718264027771
list:
dist: 2.536718264027771 vs. 2.536718264027771
--------
nle(id0,id1,dist): 90 103 1.9973585576649777
list:
dist: 1.9973585576649777 vs. 1.9973585576649777
--------
nle(id0,id1,dist): 90 110 3.521484493581372
list:
dist: 3.521484493581372 vs. 3.521484493581372
--------
nle(id0,id1,dist): 90 109 4.084248945521865
list:
dist: 4.084248945521865 vs. 4.084248945521865
--------
nle(id0,id1,dist): 90 108 3.264401015963622
list:
dist: 3.264401015963622 vs. 3.264401015963622
--------
nle(id0,id1,dist): 90 107 3.494938116761229
list:
dist: 3.494938116761229 vs. 3.494938116761229
--------
nle(id0,id1,dist): 90 98 2.746678368082499
list:
dist: 2.746678368082499 vs. 2.746678368082499
--------
nle(id0,id1,dist): 90 97 3.319717445324308
list:
dist: 3.319717445324308 vs. 3.319717445324308
--------
nle(id0,id1,dist): 90 96 3.1898680655562672
list:
dist: 3.1898680655562672 vs. 3.1898680655562672
--------
nle(id0,id1,dist): 90 95 1.838647114330676
list:
dist: 1.838647114330676 vs. 1.838647114330676
--------
nle(id0,id1,dist): 90 102 2.6959997784678067
list:
dist: 2.6959997784678067 vs. 2.6959997784678067
--------
nle(id0,id1,dist): 90 101 1.6866509632128532
list:
dist: 1.6866509632128532 vs. 1.6866509632128532
--------
nle(id0,id1,dist): 90 100 1.2487539123118132
list:
dist: 1.2487539123118132 vs. 1.2487539123118132
--------
nle(id0,id1,dist): 90 99 2.996555030864639
list:
dist: 2.996555030864639 vs. 2.996555030864639
--------
nle(id0,id1,dist): 90 116 4.767675892118014
list:
dist: 4.767675892118014 vs. 4.767675892118014
--------
nle(id0,id1,dist): 90 117 3.9302444132166015
list:
dist: 3.9302444132166015 vs. 3.9302444132166015
--------
nle(id0,id1,dist): 91 99 2.4154695140129836
list:
dist: 2.4154695140129836 vs. 2.4154695140129836
--------
nle(id0,id1,dist): 91 98 1.999564302961526
list:
dist: 1.999564302961526 vs. 1.999564302961526
--------
nle(id0,id1,dist): 91 101 1.224231975315165
list:
dist: 1.224231975315165 vs. 1.224231975315165
--------
nle(id0,id1,dist): 91 100 2.3002762052865435
list:
dist: 2.3002762052865435 vs. 2.3002762052865435
--------
nle(id0,id1,dist): 91 103 1.2814095457025116
list:
dist: 1.2814095457025116 vs. 1.2814095457025116
--------
nle(id0,id1,dist): 91 102 2.6591835964667108
list:
dist: 2.6591835964667108 vs. 2.6591835964667108
--------
nle(id0,id1,dist): 91 105 1.6712713767885083
list:
dist: 1.6712713767885083 vs. 1.6712713767885083
--------
nle(id0,id1,dist): 91 104 1.5041019143096857
list:
dist: 1.5041019143096857 vs. 1.5041019143096857
--------
nle(id0,id1,dist): 91 93 1.081711616461671
list:
dist: 1.081711616461671 vs. 1.081711616461671
--------
nle(id0,id1,dist): 91 92 0.9567155224369126
list:
dist: 0.9567155224369126 vs. 0.9567155224369126
--------
nle(id0,id1,dist): 91 95 1.7386025856221212
list:
dist: 1.7386025856221212 vs. 1.7386025856221212
--------
nle(id0,id1,dist): 91 94 1.159878043477225
list:
dist: 1.159878043477225 vs. 1.159878043477225
--------
nle(id0,id1,dist): 91 97 2.311643749636489
list:
dist: 2.311643749636489 vs. 2.311643749636489
--------
nle(id0,id1,dist): 91 96 2.4046670700803428
list:
dist: 2.4046670700803428 vs. 2.4046670700803428
--------
nle(id0,id1,dist): 88 89 1.6525488887136015
list:
dist: 1.6525488887136015 vs. 1.6525488887136015
--------
nle(id0,id1,dist): 88 111 2.9133824041916445
list:
dist: 2.9133824041916445 vs. 2.9133824041916445
--------
nle(id0,id1,dist): 89 111 3.974541803540608
list:
dist: 3.974541803540608 vs. 3.974541803540608
--------
nle(id0,id1,dist): 81 83 4.1803796082899085
list:
dist: 4.1803796082899085 vs. 4.1803796082899085
--------
nle(id0,id1,dist): 81 87 3.3423272763085654
list:
dist: 3.3423272763085654 vs. 3.3423272763085654
--------
nle(id0,id1,dist): 81 84 2.614773999531245
list:
dist: 2.614773999531245 vs. 2.614773999531245
--------
nle(id0,id1,dist): 81 85 3.7976533285218164
list:
dist: 3.7976533285218164 vs. 3.7976533285218164
--------
nle(id0,id1,dist): 80 111 4.341088742476136
list:
dist: 4.341088742476136 vs. 4.341088742476136
--------
nle(id0,id1,dist): 80 85 2.4060365292799095
list:
dist: 2.4060365292799095 vs. 2.4060365292799095
--------
nle(id0,id1,dist): 80 87 3.250017143405911
list:
dist: 3.250017143405911 vs. 3.250017143405911
--------
nle(id0,id1,dist): 80 88 4.610970674732176
list:
dist: 4.610970674732176 vs. 4.610970674732176
--------
nle(id0,id1,dist): 80 82 1.897665378363714
list:
dist: 1.897665378363714 vs. 1.897665378363714
--------
nle(id0,id1,dist): 80 83 2.2491514850918666
list:
dist: 2.2491514850918666 vs. 2.2491514850918666
--------
nle(id0,id1,dist): 80 89 4.138331963813252
list:
dist: 4.138331963813252 vs. 4.138331963813252
--------
nle(id0,id1,dist): 79 86 1.292790144226368
list:
dist: 1.292790144226368 vs. 1.292790144226368
--------
nle(id0,id1,dist): 79 87 1.4633091504520628
list:
dist: 1.4633091504520628 vs. 1.4633091504520628
--------
nle(id0,id1,dist): 79 81 2.175058617382393
list:
dist: 2.175058617382393 vs. 2.175058617382393
--------
nle(id0,id1,dist): 79 85 2.0429534590443863
list:
dist: 2.0429534590443863 vs. 2.0429534590443863
--------
nle(id0,id1,dist): 79 84 0.7368665613856165
list:
dist: 0.7368665613856165 vs. 0.7368665613856165
--------
nle(id0,id1,dist): 79 83 2.30268759822957
list:
dist: 2.30268759822957 vs. 2.30268759822957
--------
nle(id0,id1,dist): 79 82 2.7211239501370423
list:
dist: 2.7211239501370423 vs. 2.7211239501370423
--------
nle(id0,id1,dist): 78 80 3.0613820033058756
list:
dist: 3.0613820033058756 vs. 3.0613820033058756
--------
nle(id0,id1,dist): 78 79 1.5114111067934997
list:
dist: 1.5114111067934997 vs. 1.5114111067934997
--------
nle(id0,id1,dist): 78 82 1.605150900141222
list:
dist: 1.605150900141222 vs. 1.605150900141222
--------
nle(id0,id1,dist): 78 81 3.4103120025239395
list:
dist: 3.4103120025239395 vs. 3.4103120025239395
--------
nle(id0,id1,dist): 78 84 1.1847544338710434
list:
dist: 1.1847544338710434 vs. 1.1847544338710434
--------
nle(id0,id1,dist): 78 83 0.8436086598604419
list:
dist: 0.8436086598604419 vs. 0.8436086598604419
--------
nle(id0,id1,dist): 78 86 1.91875008043107
list:
dist: 1.91875008043107 vs. 1.91875008043107
--------
nle(id0,id1,dist): 78 85 1.2240234543813124
list:
dist: 1.2240234543813124 vs. 1.2240234543813124
--------
nle(id0,id1,dist): 78 87 1.4939543947755376
list:
dist: 1.4939543947755376 vs. 1.4939543947755376
--------
nle(id0,id1,dist): 84 87 1.7791393479936466
list:
dist: 1.7791393479936466 vs. 1.7791393479936466
--------
nle(id0,id1,dist): 84 85 2.126348785770711
list:
dist: 2.126348785770711 vs. 2.126348785770711
--------
nle(id0,id1,dist): 84 86 1.0382670352100267
list:
dist: 1.0382670352100267 vs. 1.0382670352100267
--------
nle(id0,id1,dist): 83 86 2.609116204108523
list:
dist: 2.609116204108523 vs. 2.609116204108523
--------
nle(id0,id1,dist): 83 87 1.7977521598972366
list:
dist: 1.7977521598972366 vs. 1.7977521598972366
--------
nle(id0,id1,dist): 83 84 2.0134878568004924
list:
dist: 2.0134878568004924 vs. 2.0134878568004924
--------
nle(id0,id1,dist): 83 85 1.0876110994986952
list:
dist: 1.0876110994986952 vs. 1.0876110994986952
--------
nle(id0,id1,dist): 82 111 4.152032960082387
list:
dist: 4.152032960082387 vs. 4.152032960082387
--------
nle(id0,id1,dist): 82 89 2.484453416085691
list:
dist: 2.484453416085691 vs. 2.484453416085691
--------
nle(id0,id1,dist): 82 87 1.7352708487296666
list:
dist: 1.7352708487296666 vs. 1.7352708487296666
--------
nle(id0,id1,dist): 82 88 3.445302545177175
list:
dist: 3.445302545177175 vs. 3.445302545177175
--------
nle(id0,id1,dist): 82 84 2.540745865228605
list:
dist: 2.540745865228605 vs. 2.540745865228605
--------
nle(id0,id1,dist): 82 83 1.0795960125744277
list:
dist: 1.0795960125744277 vs. 1.0795960125744277
--------
nle(id0,id1,dist): 82 86 2.7691056056635426
list:
dist: 2.7691056056635426 vs. 2.7691056056635426
--------
nle(id0,id1,dist): 82 85 1.3160189608776003
list:
dist: 1.3160189608776003 vs. 1.3160189608776003
--------
nle(id0,id1,dist): 74 76 2.5107694753265246
list:
dist: 2.5107694753265246 vs. 2.5107694753265246
--------
nle(id0,id1,dist): 74 75 1.4695756233775
list:
dist: 1.4695756233775 vs. 1.4695756233775
--------
nle(id0,id1,dist): 74 78 1.799890459652421
list:
dist: 1.799890459652421 vs. 1.799890459652421
--------
nle(id0,id1,dist): 74 77 1.6843053008622917
list:
dist: 1.6843053008622917 vs. 1.6843053008622917
--------
nle(id0,id1,dist): 74 83 2.3447498792731016
list:
dist: 2.3447498792731016 vs. 2.3447498792731016
--------
nle(id0,id1,dist): 74 84 1.847582664072071
list:
dist: 1.847582664072071 vs. 1.847582664072071
--------
nle(id0,id1,dist): 74 85 2.297211970857106
list:
dist: 2.297211970857106 vs. 2.297211970857106
--------
nle(id0,id1,dist): 74 86 2.8733558439142786
list:
dist: 2.8733558439142786 vs. 2.8733558439142786
--------
nle(id0,id1,dist): 74 79 1.8487325653648692
list:
dist: 1.8487325653648692 vs. 1.8487325653648692
--------
nle(id0,id1,dist): 74 81 2.345133257505466
list:
dist: 2.345133257505466 vs. 2.345133257505466
--------
nle(id0,id1,dist): 74 82 3.2746861727615943
list:
dist: 3.2746861727615943 vs. 3.2746861727615943
--------
nle(id0,id1,dist): 74 87 2.537931990294216
list:
dist: 2.537931990294216 vs. 2.537931990294216
--------
nle(id0,id1,dist): 73 75 0.8688892112825238
list:
dist: 0.8688892112825238 vs. 0.8688892112825238
--------
nle(id0,id1,dist): 73 74 2.045318127827653
list:
dist: 2.045318127827653 vs. 2.045318127827653
--------
nle(id0,id1,dist): 73 83 2.0924939118505
list:
dist: 2.0924939118505 vs. 2.0924939118505
--------
nle(id0,id1,dist): 73 81 3.5953834414794557
list:
dist: 3.5953834414794557 vs. 3.5953834414794557
--------
nle(id0,id1,dist): 73 79 2.590184944341751
list:
dist: 2.590184944341751 vs. 2.590184944341751
--------
nle(id0,id1,dist): 73 78 2.126059898986807
list:
dist: 2.126059898986807 vs. 2.126059898986807
--------
nle(id0,id1,dist): 73 77 2.4700449286612796
list:
dist: 2.4700449286612796 vs. 2.4700449286612796
--------
nle(id0,id1,dist): 73 76 1.2521142362800515
list:
dist: 1.2521142362800515 vs. 1.2521142362800515
--------
nle(id0,id1,dist): 73 87 1.9870213768059528
list:
dist: 1.9870213768059528 vs. 1.9870213768059528
--------
nle(id0,id1,dist): 73 84 2.840889365070598
list:
dist: 2.840889365070598 vs. 2.840889365070598
--------
nle(id0,id1,dist): 73 85 1.339689923084139
list:
dist: 1.339689923084139 vs. 1.339689923084139
--------
nle(id0,id1,dist): 72 73 1.634876137827385
list:
dist: 1.634876137827385 vs. 1.634876137827385
--------
nle(id0,id1,dist): 72 76 2.4772750512763544
list:
dist: 2.4772750512763544 vs. 2.4772750512763544
--------
nle(id0,id1,dist): 72 75 1.8883236131785934
list:
dist: 1.8883236131785934 vs. 1.8883236131785934
--------
nle(id0,id1,dist): 72 78 2.4033849449909956
list:
dist: 2.4033849449909956 vs. 2.4033849449909956
--------
nle(id0,id1,dist): 72 80 1.4144486972903199
list:
dist: 1.4144486972903199 vs. 1.4144486972903199
--------
nle(id0,id1,dist): 72 82 1.9366004480986927
list:
dist: 1.9366004480986927 vs. 1.9366004480986927
--------
nle(id0,id1,dist): 72 83 1.774971818411717
list:
dist: 1.774971818411717 vs. 1.774971818411717
--------
nle(id0,id1,dist): 72 85 1.5384440291053216
list:
dist: 1.5384440291053216 vs. 1.5384440291053216
--------
nle(id0,id1,dist): 72 87 2.542027504347118
list:
dist: 2.542027504347118 vs. 2.542027504347118
--------
nle(id0,id1,dist): 71 78 3.539027511146173
list:
dist: 3.539027511146173 vs. 3.539027511146173
--------
nle(id0,id1,dist): 71 85 2.7475450848082144
list:
dist: 2.7475450848082144 vs. 2.7475450848082144
--------
nle(id0,id1,dist): 71 83 3.076424222632918
list:
dist: 3.076424222632918 vs. 3.076424222632918
--------
nle(id0,id1,dist): 71 87 3.6849991022549897
list:
dist: 3.6849991022549897 vs. 3.6849991022549897
--------
nle(id0,id1,dist): 77 84 0.9661146374541906
list:
dist: 0.9661146374541906 vs. 0.9661146374541906
--------
nle(id0,id1,dist): 77 85 2.093052948645652
list:
dist: 2.093052948645652 vs. 2.093052948645652
--------
nle(id0,id1,dist): 77 86 1.5901199813455325
list:
dist: 1.5901199813455325 vs. 1.5901199813455325
--------
nle(id0,id1,dist): 77 87 1.5605681647326712
list:
dist: 1.5605681647326712 vs. 1.5605681647326712
--------
nle(id0,id1,dist): 77 81 1.9217176789705297
list:
dist: 1.9217176789705297 vs. 1.9217176789705297
--------
nle(id0,id1,dist): 77 82 2.9018419601337686
list:
dist: 2.9018419601337686 vs. 2.9018419601337686
--------
nle(id0,id1,dist): 77 83 2.430746469079969
list:
dist: 2.430746469079969 vs. 2.430746469079969
--------
nle(id0,id1,dist): 76 87 3.1496578628055416
list:
dist: 3.1496578628055416 vs. 3.1496578628055416
--------
nle(id0,id1,dist): 76 85 2.591223758284013
list:
dist: 2.591223758284013 vs. 2.591223758284013
--------
nle(id0,id1,dist): 77 79 0.3141555486326261
list:
dist: 0.3141555486326261 vs. 0.3141555486326261
--------
nle(id0,id1,dist): 77 78 1.6516564161778227
list:
dist: 1.6516564161778227 vs. 1.6516564161778227
--------
nle(id0,id1,dist): 76 78 3.241897620816394
list:
dist: 3.241897620816394 vs. 3.241897620816394
--------
nle(id0,id1,dist): 76 77 3.314510146332608
list:
dist: 3.314510146332608 vs. 3.314510146332608
--------
nle(id0,id1,dist): 76 79 3.5142662762892494
list:
dist: 3.5142662762892494 vs. 3.5142662762892494
--------
nle(id0,id1,dist): 76 81 3.851788865244296
list:
dist: 3.851788865244296 vs. 3.851788865244296
--------
nle(id0,id1,dist): 76 84 3.8198694902453068
list:
dist: 3.8198694902453068 vs. 3.8198694902453068
--------
nle(id0,id1,dist): 76 83 3.241220457859014
list:
dist: 3.241220457859014 vs. 3.241220457859014
--------
nle(id0,id1,dist): 75 85 0.9384352033875074
list:
dist: 0.9384352033875074 vs. 0.9384352033875074
--------
nle(id0,id1,dist): 75 84 1.9923006962004692
list:
dist: 1.9923006962004692 vs. 1.9923006962004692
--------
nle(id0,id1,dist): 75 83 1.5003144707522416
list:
dist: 1.5003144707522416 vs. 1.5003144707522416
--------
nle(id0,id1,dist): 75 82 2.1659188115041723
list:
dist: 2.1659188115041723 vs. 2.1659188115041723
--------
nle(id0,id1,dist): 75 87 1.497673190232929
list:
dist: 1.497673190232929 vs. 1.497673190232929
--------
nle(id0,id1,dist): 75 86 2.8341491476890592
list:
dist: 2.8341491476890592 vs. 2.8341491476890592
--------
nle(id0,id1,dist): 75 77 1.7637904470980663
list:
dist: 1.7637904470980663 vs. 1.7637904470980663
--------
nle(id0,id1,dist): 75 76 1.9633036696637334
list:
dist: 1.9633036696637334 vs. 1.9633036696637334
--------
nle(id0,id1,dist): 75 81 3.151829986424501
list:
dist: 3.151829986424501 vs. 3.151829986424501
--------
nle(id0,id1,dist): 75 80 3.0588246109956523
list:
dist: 3.0588246109956523 vs. 3.0588246109956523
--------
nle(id0,id1,dist): 75 79 1.8397375751610876
list:
dist: 1.8397375751610876 vs. 1.8397375751610876
--------
nle(id0,id1,dist): 75 78 1.3051589130771788
list:
dist: 1.3051589130771788 vs. 1.3051589130771788
--------
nle(id0,id1,dist): 120 139 1.9756521161508909
list:
dist: 1.9756521161508909 vs. 1.9756521161508909
--------
nle(id0,id1,dist): 120 143 1.712945224059332
list:
dist: 1.712945224059332 vs. 1.712945224059332
--------
nle(id0,id1,dist): 120 130 1.9274031363179183
list:
dist: 1.9274031363179183 vs. 1.9274031363179183
--------
nle(id0,id1,dist): 120 132 2.0262499390081925
list:
dist: 2.0262499390081925 vs. 2.0262499390081925
--------
nle(id0,id1,dist): 120 131 2.306092968343327
list:
dist: 2.306092968343327 vs. 2.306092968343327
--------
nle(id0,id1,dist): 120 134 1.4331540714173276
list:
dist: 1.4331540714173276 vs. 1.4331540714173276
--------
nle(id0,id1,dist): 120 122 2.9182376983928258
list:
dist: 2.9182376983928258 vs. 2.9182376983928258
--------
nle(id0,id1,dist): 120 121 2.812912587123096
list:
dist: 2.812912587123096 vs. 2.812912587123096
--------
nle(id0,id1,dist): 120 124 1.9516684315440784
list:
dist: 1.9516684315440784 vs. 1.9516684315440784
--------
nle(id0,id1,dist): 120 123 3.0601092021267955
list:
dist: 3.0601092021267955 vs. 3.0601092021267955
--------
nle(id0,id1,dist): 120 126 3.013718656554176
list:
dist: 3.013718656554176 vs. 3.013718656554176
--------
nle(id0,id1,dist): 120 127 3.0623523173963716
list:
dist: 3.0623523173963716 vs. 3.0623523173963716
--------
nle(id0,id1,dist): 121 134 3.430201983240476
list:
dist: 3.430201983240476 vs. 3.430201983240476
--------
nle(id0,id1,dist): 121 132 2.066837278517938
list:
dist: 2.066837278517938 vs. 2.066837278517938
--------
nle(id0,id1,dist): 121 127 3.2351218820106498
list:
dist: 3.2351218820106498 vs. 3.2351218820106498
--------
nle(id0,id1,dist): 121 126 1.6130577720833859
list:
dist: 1.6130577720833859 vs. 1.6130577720833859
--------
nle(id0,id1,dist): 121 124 1.0871763403898858
list:
dist: 1.0871763403898858 vs. 1.0871763403898858
--------
nle(id0,id1,dist): 121 131 3.4313482800611794
list:
dist: 3.4313482800611794 vs. 3.4313482800611794
--------
nle(id0,id1,dist): 121 130 2.6700183259450734
list:
dist: 2.6700183259450734 vs. 2.6700183259450734
--------
nle(id0,id1,dist): 121 123 1.5666558483949489
list:
dist: 1.5666558483949489 vs. 1.5666558483949489
--------
nle(id0,id1,dist): 121 122 1.9599218850079547
list:
dist: 1.9599218850079547 vs. 1.9599218850079547
--------
nle(id0,id1,dist): 122 132 1.0101671131681167
list:
dist: 1.0101671131681167 vs. 1.0101671131681167
--------
nle(id0,id1,dist): 122 131 2.0823599298806625
list:
dist: 2.0823599298806625 vs. 2.0823599298806625
--------
nle(id0,id1,dist): 122 134 2.6132934598392814
list:
dist: 2.6132934598392814 vs. 2.6132934598392814
--------
nle(id0,id1,dist): 122 133 1.3567121316123385
list:
dist: 1.3567121316123385 vs. 1.3567121316123385
--------
nle(id0,id1,dist): 122 128 2.2035251111188794
list:
dist: 2.2035251111188794 vs. 2.2035251111188794
--------
nle(id0,id1,dist): 122 127 1.5670501163137942
list:
dist: 1.5670501163137942 vs. 1.5670501163137942
--------
nle(id0,id1,dist): 122 130 1.4598182193718854
list:
dist: 1.4598182193718854 vs. 1.4598182193718854
--------
nle(id0,id1,dist): 122 129 3.5567367637897296
list:
dist: 3.5567367637897296 vs. 3.5567367637897296
--------
nle(id0,id1,dist): 122 140 1.8645488424196306
list:
dist: 1.8645488424196306 vs. 1.8645488424196306
--------
nle(id0,id1,dist): 122 142 1.8044201515859548
list:
dist: 1.8044201515859548 vs. 1.8044201515859548
--------
nle(id0,id1,dist): 122 136 2.8220211319927966
list:
dist: 2.8220211319927966 vs. 2.8220211319927966
--------
nle(id0,id1,dist): 122 138 2.769262984931463
list:
dist: 2.769262984931463 vs. 2.769262984931463
--------
nle(id0,id1,dist): 122 123 1.2389194152136285
list:
dist: 1.2389194152136285 vs. 1.2389194152136285
--------
nle(id0,id1,dist): 122 124 1.9129808755724949
list:
dist: 1.9129808755724949 vs. 1.9129808755724949
--------
nle(id0,id1,dist): 122 125 2.9525297890244016
list:
dist: 2.9525297890244016 vs. 2.9525297890244016
--------
nle(id0,id1,dist): 122 126 0.5216983508001142
list:
dist: 0.5216983508001142 vs. 0.5216983508001142
--------
nle(id0,id1,dist): 123 129 4.482997971742175
list:
dist: 4.482997971742175 vs. 4.482997971742175
--------
nle(id0,id1,dist): 123 128 2.814703887492239
list:
dist: 2.814703887492239 vs. 2.814703887492239
--------
nle(id0,id1,dist): 123 127 2.036922582400087
list:
dist: 2.036922582400087 vs. 2.036922582400087
--------
nle(id0,id1,dist): 123 126 0.7838395255024677
list:
dist: 0.7838395255024677 vs. 0.7838395255024677
--------
nle(id0,id1,dist): 123 125 2.83093648428085
list:
dist: 2.83093648428085 vs. 2.83093648428085
--------
nle(id0,id1,dist): 123 124 1.4370122727990027
list:
dist: 1.4370122727990027 vs. 1.4370122727990027
--------
nle(id0,id1,dist): 123 136 3.840199494801663
list:
dist: 3.840199494801663 vs. 3.840199494801663
--------
nle(id0,id1,dist): 123 134 3.054527442150624
list:
dist: 3.054527442150624 vs. 3.054527442150624
--------
nle(id0,id1,dist): 123 133 2.522936277782682
list:
dist: 2.522936277782682 vs. 2.522936277782682
--------
nle(id0,id1,dist): 123 132 1.4363596553326885
list:
dist: 1.4363596553326885 vs. 1.4363596553326885
--------
nle(id0,id1,dist): 123 131 2.994461128610968
list:
dist: 2.994461128610968 vs. 2.994461128610968
--------
nle(id0,id1,dist): 123 130 2.2473580041149224
list:
dist: 2.2473580041149224 vs. 2.2473580041149224
--------
nle(id0,id1,dist): 122 149 3.584373857515178
list:
dist: 3.584373857515178 vs. 3.584373857515178
--------
nle(id0,id1,dist): 122 147 3.9203627139348804
list:
dist: 3.9203627139348804 vs. 3.9203627139348804
--------
nle(id0,id1,dist): 122 148 3.4540480793618453
list:
dist: 3.4540480793618453 vs. 3.4540480793618453
--------
nle(id0,id1,dist): 122 145 2.999681197116844
list:
dist: 2.999681197116844 vs. 2.999681197116844
--------
nle(id0,id1,dist): 122 146 2.848324631176392
list:
dist: 2.848324631176392 vs. 2.848324631176392
--------
nle(id0,id1,dist): 122 144 1.6574478682749814
list:
dist: 1.6574478682749814 vs. 1.6574478682749814
--------
nle(id0,id1,dist): 124 126 1.6643142116178173
list:
dist: 1.6643142116178173 vs. 1.6643142116178173
--------
nle(id0,id1,dist): 124 127 2.6997159369507364
list:
dist: 2.6997159369507364 vs. 2.6997159369507364
--------
nle(id0,id1,dist): 124 130 2.12088978370918
list:
dist: 2.12088978370918 vs. 2.12088978370918
--------
nle(id0,id1,dist): 124 132 1.480005676188575
list:
dist: 1.480005676188575 vs. 1.480005676188575
--------
nle(id0,id1,dist): 124 131 2.900498518950779
list:
dist: 2.900498518950779 vs. 2.900498518950779
--------
nle(id0,id1,dist): 123 138 3.6039403281051228
list:
dist: 3.6039403281051228 vs. 3.6039403281051228
--------
nle(id0,id1,dist): 123 140 2.9879003054580573
list:
dist: 2.9879003054580573 vs. 2.9879003054580573
--------
nle(id0,id1,dist): 123 142 3.0185374168488264
list:
dist: 3.0185374168488264 vs. 3.0185374168488264
--------
nle(id0,id1,dist): 123 144 2.6387828988043185
list:
dist: 2.6387828988043185 vs. 2.6387828988043185
--------
nle(id0,id1,dist): 123 145 3.971747603006994
list:
dist: 3.971747603006994 vs. 3.971747603006994
--------
nle(id0,id1,dist): 123 146 3.8615021142976147
list:
dist: 3.8615021142976147 vs. 3.8615021142976147
--------
nle(id0,id1,dist): 123 147 4.799100381820811
list:
dist: 4.799100381820811 vs. 4.799100381820811
--------
nle(id0,id1,dist): 123 148 4.282317500019913
list:
dist: 4.282317500019913 vs. 4.282317500019913
--------
nle(id0,id1,dist): 123 149 4.171247587535158
list:
dist: 4.171247587535158 vs. 4.171247587535158
--------
nle(id0,id1,dist): 125 127 1.83596815060822
list:
dist: 1.83596815060822 vs. 1.83596815060822
--------
nle(id0,id1,dist): 125 126 3.0399611273103657
list:
dist: 3.0399611273103657 vs. 3.0399611273103657
--------
nle(id0,id1,dist): 124 134 2.5731106059119457
list:
dist: 2.5731106059119457 vs. 2.5731106059119457
--------
nle(id0,id1,dist): 112 119 2.273740689607176
list:
dist: 2.273740689607176 vs. 2.273740689607176
--------
nle(id0,id1,dist): 112 117 1.755935013387713
list:
dist: 1.755935013387713 vs. 1.755935013387713
--------
nle(id0,id1,dist): 112 118 1.3962809823055184
list:
dist: 1.3962809823055184 vs. 1.3962809823055184
--------
nle(id0,id1,dist): 112 115 0.8427653918062422
list:
dist: 0.8427653918062422 vs. 0.8427653918062422
--------
nle(id0,id1,dist): 112 116 1.597058497349059
list:
dist: 1.597058497349059 vs. 1.597058497349059
--------
nle(id0,id1,dist): 112 113 2.354021143704029
list:
dist: 2.354021143704029 vs. 2.354021143704029
--------
nle(id0,id1,dist): 112 114 1.5695818521272955
list:
dist: 1.5695818521272955 vs. 1.5695818521272955
--------
nle(id0,id1,dist): 113 116 2.1565622622651666
list:
dist: 2.1565622622651666 vs. 2.1565622622651666
--------
nle(id0,id1,dist): 113 117 1.902755950446465
list:
dist: 1.902755950446465 vs. 1.902755950446465
--------
nle(id0,id1,dist): 113 119 1.8184898620032544
list:
dist: 1.8184898620032544 vs. 1.8184898620032544
--------
nle(id0,id1,dist): 113 114 1.9375132237320671
list:
dist: 1.9375132237320671 vs. 1.9375132237320671
--------
nle(id0,id1,dist): 113 115 1.671019084705548
list:
dist: 1.671019084705548 vs. 1.671019084705548
--------
nle(id0,id1,dist): 114 117 2.0625492950550006
list:
dist: 2.0625492950550006 vs. 2.0625492950550006
--------
nle(id0,id1,dist): 114 118 0.43783532193855546
list:
dist: 0.43783532193855546 vs. 0.43783532193855546
--------
nle(id0,id1,dist): 114 115 1.0430939105641022
list:
dist: 1.0430939105641022 vs. 1.0430939105641022
--------
nle(id0,id1,dist): 114 116 1.4717836973088783
list:
dist: 1.4717836973088783 vs. 1.4717836973088783
--------
nle(id0,id1,dist): 114 119 0.9500572632649238
list:
dist: 0.9500572632649238 vs. 0.9500572632649238
--------
nle(id0,id1,dist): 115 118 1.0893094040534392
list:
dist: 1.0893094040534392 vs. 1.0893094040534392
--------
nle(id0,id1,dist): 115 119 1.5194259634536433
list:
dist: 1.5194259634536433 vs. 1.5194259634536433
--------
nle(id0,id1,dist): 115 116 1.0450113694287546
list:
dist: 1.0450113694287546 vs. 1.0450113694287546
--------
nle(id0,id1,dist): 115 117 1.2581025463143234
list:
dist: 1.2581025463143234 vs. 1.2581025463143234
--------
nle(id0,id1,dist): 116 117 0.9066356823030826
list:
dist: 0.9066356823030826 vs. 0.9066356823030826
--------
nle(id0,id1,dist): 116 118 1.486033524170776
list:
dist: 1.486033524170776 vs. 1.486033524170776
--------
nle(id0,id1,dist): 116 119 1.4093229526018074
list:
dist: 1.4093229526018074 vs. 1.4093229526018074
--------
nle(id0,id1,dist): 117 118 2.1533245652531536
list:
dist: 2.1533245652531536 vs. 2.1533245652531536
--------
nle(id0,id1,dist): 117 119 1.9768043260652222
list:
dist: 1.9768043260652222 vs. 1.9768043260652222
--------
nle(id0,id1,dist): 118 119 1.2816327441009754
list:
dist: 1.2816327441009754 vs. 1.2816327441009754
--------
nle(id0,id1,dist): 106 119 4.1170975890846835
list:
dist: 4.1170975890846835 vs. 4.1170975890846835
--------
nle(id0,id1,dist): 106 113 2.8437767193145613
list:
dist: 2.8437767193145613 vs. 2.8437767193145613
--------
nle(id0,id1,dist): 106 114 3.9598270930154538
list:
dist: 3.9598270930154538 vs. 3.9598270930154538
--------
nle(id0,id1,dist): 106 111 4.116028642592388
list:
dist: 4.116028642592388 vs. 4.116028642592388
--------
nle(id0,id1,dist): 106 112 3.0062865236058594
list:
dist: 3.0062865236058594 vs. 3.0062865236058594
--------
nle(id0,id1,dist): 106 117 2.4903666388123145
list:
dist: 2.4903666388123145 vs. 2.4903666388123145
--------
nle(id0,id1,dist): 106 115 2.982742396205488
list:
dist: 2.982742396205488 vs. 2.982742396205488
--------
nle(id0,id1,dist): 106 116 3.3245421878512227
list:
dist: 3.3245421878512227 vs. 3.3245421878512227
--------
nle(id0,id1,dist): 106 110 1.6590159113441683
list:
dist: 1.6590159113441683 vs. 1.6590159113441683
--------
nle(id0,id1,dist): 106 109 3.2284136023623464
list:
dist: 3.2284136023623464 vs. 3.2284136023623464
--------
nle(id0,id1,dist): 106 108 1.2942447722722143
list:
dist: 1.2942447722722143 vs. 1.2942447722722143
--------
nle(id0,id1,dist): 106 107 2.1737290903281163
list:
dist: 2.1737290903281163 vs. 2.1737290903281163
--------
nle(id0,id1,dist): 105 116 3.671926394876715
list:
dist: 3.671926394876715 vs. 3.671926394876715
--------
nle(id0,id1,dist): 105 117 2.9492567574846134
list:
dist: 2.9492567574846134 vs. 2.9492567574846134
--------
nle(id0,id1,dist): 105 109 2.71941698979276
list:
dist: 2.71941698979276 vs. 2.71941698979276
--------
nle(id0,id1,dist): 105 108 2.718887704733133
list:
dist: 2.718887704733133 vs. 2.718887704733133
--------
nle(id0,id1,dist): 105 110 2.8021394499523793
list:
dist: 2.8021394499523793 vs. 2.8021394499523793
--------
nle(id0,id1,dist): 105 107 2.754989373557822
list:
dist: 2.754989373557822 vs. 2.754989373557822
--------
nle(id0,id1,dist): 105 106 1.9938609971805448
list:
dist: 1.9938609971805448 vs. 1.9938609971805448
--------
nle(id0,id1,dist): 108 115 1.7794910964812432
list:
dist: 1.7794910964812432 vs. 1.7794910964812432
--------
nle(id0,id1,dist): 108 116 2.367916831169557
list:
dist: 2.367916831169557 vs. 2.367916831169557
--------
nle(id0,id1,dist): 108 113 1.8356076320491168
list:
dist: 1.8356076320491168 vs. 1.8356076320491168
--------
nle(id0,id1,dist): 108 114 2.718886740591607
list:
dist: 2.718886740591607 vs. 2.718886740591607
--------
nle(id0,id1,dist): 108 111 3.4292930038136613
list:
dist: 3.4292930038136613 vs. 3.4292930038136613
--------
nle(id0,id1,dist): 108 112 1.85666943431972
list:
dist: 1.85666943431972 vs. 1.85666943431972
--------
nle(id0,id1,dist): 108 109 2.656400672850626
list:
dist: 2.656400672850626 vs. 2.656400672850626
--------
nle(id0,id1,dist): 108 110 0.4559059486434925
list:
dist: 0.4559059486434925 vs. 0.4559059486434925
--------
nle(id0,id1,dist): 107 119 2.529186463769383
list:
dist: 2.529186463769383 vs. 2.529186463769383
--------
nle(id0,id1,dist): 107 114 2.8003593897899965
list:
dist: 2.8003593897899965 vs. 2.8003593897899965
--------
nle(id0,id1,dist): 107 115 2.0429121696072072
list:
dist: 2.0429121696072072 vs. 2.0429121696072072
--------
nle(id0,id1,dist): 107 116 1.7368111796426131
list:
dist: 1.7368111796426131 vs. 1.7368111796426131
--------
nle(id0,id1,dist): 107 117 0.9108752082953546
list:
dist: 0.9108752082953546 vs. 0.9108752082953546
--------
nle(id0,id1,dist): 107 110 1.6571796511772277
list:
dist: 1.6571796511772277 vs. 1.6571796511772277
--------
nle(id0,id1,dist): 107 112 2.5590824092289135
list:
dist: 2.5590824092289135 vs. 2.5590824092289135
--------
nle(id0,id1,dist): 107 113 1.9908291687497544
list:
dist: 1.9908291687497544 vs. 1.9908291687497544
--------
nle(id0,id1,dist): 107 108 1.8117805765478967
list:
dist: 1.8117805765478967 vs. 1.8117805765478967
--------
nle(id0,id1,dist): 107 109 2.4367129364966207
list:
dist: 2.4367129364966207 vs. 2.4367129364966207
--------
nle(id0,id1,dist): 109 114 2.820534050042647
list:
dist: 2.820534050042647 vs. 2.820534050042647
--------
nle(id0,id1,dist): 109 115 2.0814215329324974
list:
dist: 2.0814215329324974 vs. 2.0814215329324974
--------
nle(id0,id1,dist): 109 112 1.8436372168989614
list:
dist: 1.8436372168989614 vs. 1.8436372168989614
--------
nle(id0,id1,dist): 109 113 3.480508060705855
list:
dist: 3.480508060705855 vs. 3.480508060705855
--------
nle(id0,id1,dist): 109 118 2.6111653810023454
list:
dist: 2.6111653810023454 vs. 2.6111653810023454
--------
nle(id0,id1,dist): 109 119 3.0974139769739044
list:
dist: 3.0974139769739044 vs. 3.0974139769739044
--------
nle(id0,id1,dist): 109 116 1.7333069719897316
list:
dist: 1.7333069719897316 vs. 1.7333069719897316
--------
nle(id0,id1,dist): 109 117 1.7663112508166356
list:
dist: 1.7663112508166356 vs. 1.7663112508166356
--------
nle(id0,id1,dist): 109 110 2.3039925103369634
list:
dist: 2.3039925103369634 vs. 2.3039925103369634
--------
nle(id0,id1,dist): 108 117 1.7168887632053995
list:
dist: 1.7168887632053995 vs. 1.7168887632053995
--------
nle(id0,id1,dist): 108 119 2.9987451763541695
list:
dist: 2.9987451763541695 vs. 2.9987451763541695
--------
nle(id0,id1,dist): 111 112 3.465623443476119
list:
dist: 3.465623443476119 vs. 3.465623443476119
--------
nle(id0,id1,dist): 110 111 3.5328465313557587
list:
dist: 3.5328465313557587 vs. 3.5328465313557587
--------
nle(id0,id1,dist): 110 112 1.4582631493737273
list:
dist: 1.4582631493737273 vs. 1.4582631493737273
--------
nle(id0,id1,dist): 110 113 1.710874907374585
list:
dist: 1.710874907374585 vs. 1.710874907374585
--------
nle(id0,id1,dist): 110 114 2.322894449809625
list:
dist: 2.322894449809625 vs. 2.322894449809625
--------
nle(id0,id1,dist): 110 119 2.626015030924339
list:
dist: 2.626015030924339 vs. 2.626015030924339
--------
nle(id0,id1,dist): 110 115 1.3456289493565148
list:
dist: 1.3456289493565148 vs. 1.3456289493565148
--------
nle(id0,id1,dist): 110 116 1.9361319192671052
list:
dist: 1.9361319192671052 vs. 1.9361319192671052
--------
nle(id0,id1,dist): 110 117 1.3609179662016853
list:
dist: 1.3609179662016853 vs. 1.3609179662016853
--------
nle(id0,id1,dist): 110 118 2.4119020947058427
list:
dist: 2.4119020947058427 vs. 2.4119020947058427
--------
nle(id0,id1,dist): 99 107 1.2389576600100514
list:
dist: 1.2389576600100514 vs. 1.2389576600100514
--------
nle(id0,id1,dist): 99 106 2.1691380588927958
list:
dist: 2.1691380588927958 vs. 2.1691380588927958
--------
nle(id0,id1,dist): 99 109 1.5393928289612764
list:
dist: 1.5393928289612764 vs. 1.5393928289612764
--------
nle(id0,id1,dist): 99 108 2.015018291039884
list:
dist: 2.015018291039884 vs. 2.015018291039884
--------
nle(id0,id1,dist): 99 110 1.8240746437073607
list:
dist: 1.8240746437073607 vs. 1.8240746437073607
--------
nle(id0,id1,dist): 99 113 2.925845939083686
list:
dist: 2.925845939083686 vs. 2.925845939083686
--------
nle(id0,id1,dist): 99 112 2.407070184478457
list:
dist: 2.407070184478457 vs. 2.407070184478457
--------
nle(id0,id1,dist): 99 101 2.242539935701245
list:
dist: 2.242539935701245 vs. 2.242539935701245
--------
nle(id0,id1,dist): 99 103 1.2860632549290207
list:
dist: 1.2860632549290207 vs. 1.2860632549290207
--------
nle(id0,id1,dist): 99 102 1.4657069772624833
list:
dist: 1.4657069772624833 vs. 1.4657069772624833
--------
nle(id0,id1,dist): 99 105 1.8554657207409315
list:
dist: 1.8554657207409315 vs. 1.8554657207409315
--------
nle(id0,id1,dist): 99 104 1.76770046649042
list:
dist: 1.76770046649042 vs. 1.76770046649042
--------
nle(id0,id1,dist): 99 114 3.1843452134821044
list:
dist: 3.1843452134821044 vs. 3.1843452134821044
--------
nle(id0,id1,dist): 99 115 2.268376999086386
list:
dist: 2.268376999086386 vs. 2.268376999086386
--------
nle(id0,id1,dist): 99 116 1.8997544684656442
list:
dist: 1.8997544684656442 vs. 1.8997544684656442
--------
nle(id0,id1,dist): 99 117 1.2128096834261728
list:
dist: 1.2128096834261728 vs. 1.2128096834261728
--------
nle(id0,id1,dist): 99 118 3.185159733413714
list:
dist: 3.185159733413714 vs. 3.185159733413714
--------
nle(id0,id1,dist): 99 119 3.1648141856422836
list:
dist: 3.1648141856422836 vs. 3.1648141856422836
--------
nle(id0,id1,dist): 98 114 3.162975772259396
list:
dist: 3.162975772259396 vs. 3.162975772259396
--------
nle(id0,id1,dist): 98 113 2.7078925630611765
list:
dist: 2.7078925630611765 vs. 2.7078925630611765
--------
nle(id0,id1,dist): 98 112 2.302811635471441
list:
dist: 2.302811635471441 vs. 2.302811635471441
--------
nle(id0,id1,dist): 98 118 3.1897121972268803
list:
dist: 3.1897121972268803 vs. 3.1897121972268803
--------
nle(id0,id1,dist): 98 117 1.2310819305117515
list:
dist: 1.2310819305117515 vs. 1.2310819305117515
--------
nle(id0,id1,dist): 98 116 2.0278436583618733
list:
dist: 2.0278436583618733 vs. 2.0278436583618733
--------
nle(id0,id1,dist): 98 115 2.185992545172573
list:
dist: 2.185992545172573 vs. 2.185992545172573
--------
nle(id0,id1,dist): 98 106 1.714965751626823
list:
dist: 1.714965751626823 vs. 1.714965751626823
--------
nle(id0,id1,dist): 98 105 1.7258151160026964
list:
dist: 1.7258151160026964 vs. 1.7258151160026964
--------
nle(id0,id1,dist): 98 104 1.379663339727792
list:
dist: 1.379663339727792 vs. 1.379663339727792
--------
nle(id0,id1,dist): 98 103 0.9246414062333252
list:
dist: 0.9246414062333252 vs. 0.9246414062333252
--------
nle(id0,id1,dist): 98 110 1.4834995922464158
list:
dist: 1.4834995922464158 vs. 1.4834995922464158
--------
nle(id0,id1,dist): 98 109 1.769086947011414
list:
dist: 1.769086947011414 vs. 1.769086947011414
--------
nle(id0,id1,dist): 98 108 1.6075774466317136
list:
dist: 1.6075774466317136 vs. 1.6075774466317136
--------
nle(id0,id1,dist): 98 107 1.1710272800556556
list:
dist: 1.1710272800556556 vs. 1.1710272800556556
--------
nle(id0,id1,dist): 98 119 3.2001321085614918
list:
dist: 3.2001321085614918 vs. 3.2001321085614918
--------
nle(id0,id1,dist): 101 103 1.0054345148276491
list:
dist: 1.0054345148276491 vs. 1.0054345148276491
--------
nle(id0,id1,dist): 101 102 2.8396275798869426
list:
dist: 2.8396275798869426 vs. 2.8396275798869426
--------
nle(id0,id1,dist): 101 116 3.702512101164144
list:
dist: 3.702512101164144 vs. 3.702512101164144
--------
nle(id0,id1,dist): 101 117 2.797096302684143
list:
dist: 2.797096302684143 vs. 2.797096302684143
--------
nle(id0,id1,dist): 101 108 2.218071651641248
list:
dist: 2.218071651641248 vs. 2.218071651641248
--------
nle(id0,id1,dist): 101 109 3.6490656132173767
list:
dist: 3.6490656132173767 vs. 3.6490656132173767
--------
nle(id0,id1,dist): 101 110 2.48514944022101
list:
dist: 2.48514944022101 vs. 2.48514944022101
--------
nle(id0,id1,dist): 101 104 1.039247244457259
list:
dist: 1.039247244457259 vs. 1.039247244457259
--------
nle(id0,id1,dist): 101 105 1.9303051206255617
list:
dist: 1.9303051206255617 vs. 1.9303051206255617
--------
nle(id0,id1,dist): 101 106 1.1687496847884011
list:
dist: 1.1687496847884011 vs. 1.1687496847884011
--------
nle(id0,id1,dist): 101 107 2.146922670550342
list:
dist: 2.146922670550342 vs. 2.146922670550342
--------
nle(id0,id1,dist): 100 108 3.8210378884340033
list:
dist: 3.8210378884340033 vs. 3.8210378884340033
--------
nle(id0,id1,dist): 100 107 3.5437946466076133
list:
dist: 3.5437946466076133 vs. 3.5437946466076133
--------
nle(id0,id1,dist): 100 106 2.647074938274823
list:
dist: 2.647074938274823 vs. 2.647074938274823
--------
nle(id0,id1,dist): 100 105 2.1980510904304067
list:
dist: 2.1980510904304067 vs. 2.1980510904304067
--------
nle(id0,id1,dist): 100 104 2.7061871266114688
list:
dist: 2.7061871266114688 vs. 2.7061871266114688
--------
nle(id0,id1,dist): 100 103 2.326483300992985
list:
dist: 2.326483300992985 vs. 2.326483300992985
--------
nle(id0,id1,dist): 100 101 1.6969515946905376
list:
dist: 1.6969515946905376 vs. 1.6969515946905376
--------
nle(id0,id1,dist): 102 116 3.0524332089988278
list:
dist: 3.0524332089988278 vs. 3.0524332089988278
--------
nle(id0,id1,dist): 102 117 2.5746732981164993
list:
dist: 2.5746732981164993 vs. 2.5746732981164993
--------
nle(id0,id1,dist): 103 105 1.4416035362488606
list:
dist: 1.4416035362488606 vs. 1.4416035362488606
--------
nle(id0,id1,dist): 103 104 0.8570780769194202
list:
dist: 0.8570780769194202 vs. 0.8570780769194202
--------
nle(id0,id1,dist): 103 107 1.5283940231934918
list:
dist: 1.5283940231934918 vs. 1.5283940231934918
--------
nle(id0,id1,dist): 103 106 1.0820938310538888
list:
dist: 1.0820938310538888 vs. 1.0820938310538888
--------
nle(id0,id1,dist): 103 109 2.643814698307804
list:
dist: 2.643814698307804 vs. 2.643814698307804
--------
nle(id0,id1,dist): 103 108 1.6764882039097515
list:
dist: 1.6764882039097515 vs. 1.6764882039097515
--------
nle(id0,id1,dist): 102 106 2.761346273785897
list:
dist: 2.761346273785897 vs. 2.761346273785897
--------
nle(id0,id1,dist): 102 105 1.2629678315671542
list:
dist: 1.2629678315671542 vs. 1.2629678315671542
--------
nle(id0,id1,dist): 102 104 2.8011010831347503
list:
dist: 2.8011010831347503 vs. 2.8011010831347503
--------
nle(id0,id1,dist): 102 103 2.0056843935908777
list:
dist: 2.0056843935908777 vs. 2.0056843935908777
--------
nle(id0,id1,dist): 102 110 2.8345400983877433
list:
dist: 2.8345400983877433 vs. 2.8345400983877433
--------
nle(id0,id1,dist): 102 109 1.7325888779601468
list:
dist: 1.7325888779601468 vs. 1.7325888779601468
--------
nle(id0,id1,dist): 102 108 2.9522894991024478
list:
dist: 2.9522894991024478 vs. 2.9522894991024478
--------
nle(id0,id1,dist): 102 107 2.6868874951229893
list:
dist: 2.6868874951229893 vs. 2.6868874951229893
--------
nle(id0,id1,dist): 104 109 3.0817760439561352
list:
dist: 3.0817760439561352 vs. 3.0817760439561352
--------
nle(id0,id1,dist): 104 110 1.5742855352691376
list:
dist: 1.5742855352691376 vs. 1.5742855352691376
--------
nle(id0,id1,dist): 104 112 2.962928034561465
list:
dist: 2.962928034561465 vs. 2.962928034561465
--------
nle(id0,id1,dist): 104 105 2.273467111797531
list:
dist: 2.273467111797531 vs. 2.273467111797531
--------
nle(id0,id1,dist): 104 106 0.9863000941382812
list:
dist: 0.9863000941382812 vs. 0.9863000941382812
--------
nle(id0,id1,dist): 104 107 1.3357971555841186
list:
dist: 1.3357971555841186 vs. 1.3357971555841186
--------
nle(id0,id1,dist): 104 108 1.3623313126589154
list:
dist: 1.3623313126589154 vs. 1.3623313126589154
--------
nle(id0,id1,dist): 104 117 1.9161201469798186
list:
dist: 1.9161201469798186 vs. 1.9161201469798186
--------
nle(id0,id1,dist): 104 119 3.5250794744698255
list:
dist: 3.5250794744698255 vs. 3.5250794744698255
--------
nle(id0,id1,dist): 104 113 2.3188186353582716
list:
dist: 2.3188186353582716 vs. 2.3188186353582716
--------
nle(id0,id1,dist): 104 114 3.58199823793277
list:
dist: 3.58199823793277 vs. 3.58199823793277
--------
nle(id0,id1,dist): 104 115 2.680172674382753
list:
dist: 2.680172674382753 vs. 2.680172674382753
--------
nle(id0,id1,dist): 104 116 2.807580390247391
list:
dist: 2.807580390247391 vs. 2.807580390247391
--------
nle(id0,id1,dist): 103 116 2.847617677822443
list:
dist: 2.847617677822443 vs. 2.847617677822443
--------
nle(id0,id1,dist): 103 117 1.9687963635988264
list:
dist: 1.9687963635988264 vs. 1.9687963635988264
--------
nle(id0,id1,dist): 103 114 3.8455837487757223
list:
dist: 3.8455837487757223 vs. 3.8455837487757223
--------
nle(id0,id1,dist): 103 115 2.8597620620771007
list:
dist: 2.8597620620771007 vs. 2.8597620620771007
--------
nle(id0,id1,dist): 103 112 2.980423094307183
list:
dist: 2.980423094307183 vs. 2.980423094307183
--------
nle(id0,id1,dist): 103 113 2.952849453721439
list:
dist: 2.952849453721439 vs. 2.952849453721439
--------
nle(id0,id1,dist): 103 110 1.8012819061083154
list:
dist: 1.8012819061083154 vs. 1.8012819061083154
--------
nle(id0,id1,dist): 103 111 4.922386686043951
list:
dist: 4.922386686043951 vs. 4.922386686043951
--------
nle(id0,id1,dist): 103 119 3.8526647751301333
list:
dist: 3.8526647751301333 vs. 3.8526647751301333
--------
nle(id0,id1,dist): 147 149 1.5705996816020704
list:
dist: 1.5705996816020704 vs. 1.5705996816020704
--------
nle(id0,id1,dist): 147 148 0.9829346304685069
list:
dist: 0.9829346304685069 vs. 0.9829346304685069
--------
nle(id0,id1,dist): 148 149 0.9186862455034455
list:
dist: 0.9186862455034455 vs. 0.9186862455034455
--------
nle(id0,id1,dist): 146 147 1.727925419717694
list:
dist: 1.727925419717694 vs. 1.727925419717694
--------
nle(id0,id1,dist): 146 148 1.1116565263527662
list:
dist: 1.1116565263527662 vs. 1.1116565263527662
--------
nle(id0,id1,dist): 146 149 1.8397261918151182
list:
dist: 1.8397261918151182 vs. 1.8397261918151182
--------
nle(id0,id1,dist): 144 148 3.7231589920355392
list:
dist: 3.7231589920355392 vs. 3.7231589920355392
--------
nle(id0,id1,dist): 144 147 3.8031846203812947
list:
dist: 3.8031846203812947 vs. 3.8031846203812947
--------
nle(id0,id1,dist): 144 146 3.083574004683656
list:
dist: 3.083574004683656 vs. 3.083574004683656
--------
nle(id0,id1,dist): 144 145 2.0479025966690787
list:
dist: 2.0479025966690787 vs. 2.0479025966690787
--------
nle(id0,id1,dist): 144 149 4.126661728853882
list:
dist: 4.126661728853882 vs. 4.126661728853882
--------
nle(id0,id1,dist): 145 149 3.1760788385649588
list:
dist: 3.1760788385649588 vs. 3.1760788385649588
--------
nle(id0,id1,dist): 145 148 2.657986852964953
list:
dist: 2.657986852964953 vs. 2.657986852964953
--------
nle(id0,id1,dist): 145 147 2.2424368197989484
list:
dist: 2.2424368197989484 vs. 2.2424368197989484
--------
nle(id0,id1,dist): 145 146 2.5050249784678287
list:
dist: 2.5050249784678287 vs. 2.5050249784678287
--------
nle(id0,id1,dist): 142 149 3.1214547159122543
list:
dist: 3.1214547159122543 vs. 3.1214547159122543
--------
nle(id0,id1,dist): 142 147 2.756256246452599
list:
dist: 2.756256246452599 vs. 2.756256246452599
--------
nle(id0,id1,dist): 142 148 2.5595106181387863
list:
dist: 2.5595106181387863 vs. 2.5595106181387863
--------
nle(id0,id1,dist): 142 145 1.723594868724256
list:
dist: 1.723594868724256 vs. 1.723594868724256
--------
nle(id0,id1,dist): 142 146 1.767897784216871
list:
dist: 1.767897784216871 vs. 1.767897784216871
--------
nle(id0,id1,dist): 142 144 1.3619543073492633
list:
dist: 1.3619543073492633 vs. 1.3619543073492633
--------
nle(id0,id1,dist): 143 146 2.621018029884343
list:
dist: 2.621018029884343 vs. 2.621018029884343
--------
nle(id0,id1,dist): 143 147 3.783887296439731
list:
dist: 3.783887296439731 vs. 3.783887296439731
--------
nle(id0,id1,dist): 143 148 2.806051231167573
list:
dist: 2.806051231167573 vs. 2.806051231167573
--------
nle(id0,id1,dist): 143 149 2.6709821574136323
list:
dist: 2.6709821574136323 vs. 2.6709821574136323
--------
nle(id0,id1,dist): 140 149 2.8921186980143254
list:
dist: 2.8921186980143254 vs. 2.8921186980143254
--------
nle(id0,id1,dist): 139 143 1.2157261328051594
list:
dist: 1.2157261328051594 vs. 1.2157261328051594
--------
nle(id0,id1,dist): 139 140 3.0879848774902836
list:
dist: 3.0879848774902836 vs. 3.0879848774902836
--------
nle(id0,id1,dist): 139 148 2.5863912296921536
list:
dist: 2.5863912296921536 vs. 2.5863912296921536
--------
nle(id0,id1,dist): 139 149 2.0876331333864657
list:
dist: 2.0876331333864657 vs. 2.0876331333864657
--------
nle(id0,id1,dist): 139 146 2.7449820395100137
list:
dist: 2.7449820395100137 vs. 2.7449820395100137
--------
nle(id0,id1,dist): 139 147 3.522088450722768
list:
dist: 3.522088450722768 vs. 3.522088450722768
--------
nle(id0,id1,dist): 140 145 2.7447208916082575
list:
dist: 2.7447208916082575 vs. 2.7447208916082575
--------
nle(id0,id1,dist): 140 146 1.3807602768966574
list:
dist: 1.3807602768966574 vs. 1.3807602768966574
--------
nle(id0,id1,dist): 140 147 2.9593147972167118
list:
dist: 2.9593147972167118 vs. 2.9593147972167118
--------
nle(id0,id1,dist): 140 148 2.3913549484762697
list:
dist: 2.3913549484762697 vs. 2.3913549484762697
--------
nle(id0,id1,dist): 140 142 1.1709324576952542
list:
dist: 1.1709324576952542 vs. 1.1709324576952542
--------
nle(id0,id1,dist): 140 143 2.854572892771335
list:
dist: 2.854572892771335 vs. 2.854572892771335
--------
nle(id0,id1,dist): 140 144 2.292345320287304
list:
dist: 2.292345320287304 vs. 2.292345320287304
--------
nle(id0,id1,dist): 138 142 2.0287172594954277
list:
dist: 2.0287172594954277 vs. 2.0287172594954277
--------
nle(id0,id1,dist): 138 139 2.439135992534425
list:
dist: 2.439135992534425 vs. 2.439135992534425
--------
nle(id0,id1,dist): 138 140 1.891561970396155
list:
dist: 1.891561970396155 vs. 1.891561970396155
--------
nle(id0,id1,dist): 138 149 1.1072836463722882
list:
dist: 1.1072836463722882 vs. 1.1072836463722882
--------
nle(id0,id1,dist): 138 148 0.6906341298326449
list:
dist: 0.6906341298326449 vs. 0.6906341298326449
--------
nle(id0,id1,dist): 138 147 1.373560793596261
list:
dist: 1.373560793596261 vs. 1.373560793596261
--------
nle(id0,id1,dist): 138 146 0.9175858813209253
list:
dist: 0.9175858813209253 vs. 0.9175858813209253
--------
nle(id0,id1,dist): 138 145 2.3433505129514125
list:
dist: 2.3433505129514125 vs. 2.3433505129514125
--------
nle(id0,id1,dist): 138 144 3.1287201873655395
list:
dist: 3.1287201873655395 vs. 3.1287201873655395
--------
nle(id0,id1,dist): 138 143 2.731264985811757
list:
dist: 2.731264985811757 vs. 2.731264985811757
--------
nle(id0,id1,dist): 137 144 2.119077710594266
list:
dist: 2.119077710594266 vs. 2.119077710594266
--------
nle(id0,id1,dist): 137 145 0.9309182439121763
list:
dist: 0.9309182439121763 vs. 0.9309182439121763
--------
nle(id0,id1,dist): 137 146 2.1755804450107603
list:
dist: 2.1755804450107603 vs. 2.1755804450107603
--------
nle(id0,id1,dist): 137 147 2.2953556295954414
list:
dist: 2.2953556295954414 vs. 2.2953556295954414
--------
nle(id0,id1,dist): 137 140 2.363308797741963
list:
dist: 2.363308797741963 vs. 2.363308797741963
--------
nle(id0,id1,dist): 137 142 1.4222335941689133
list:
dist: 1.4222335941689133 vs. 1.4222335941689133
--------
nle(id0,id1,dist): 137 138 2.369333407081065
list:
dist: 2.369333407081065 vs. 2.369333407081065
--------
nle(id0,id1,dist): 137 148 2.6205868971172683
list:
dist: 2.6205868971172683 vs. 2.6205868971172683
--------
nle(id0,id1,dist): 136 147 1.3369985209088324
list:
dist: 1.3369985209088324 vs. 1.3369985209088324
--------
nle(id0,id1,dist): 136 148 1.506558465535425
list:
dist: 1.506558465535425 vs. 1.506558465535425
--------
nle(id0,id1,dist): 136 145 1.1945846119142784
list:
dist: 1.1945846119142784 vs. 1.1945846119142784
--------
nle(id0,id1,dist): 136 146 1.3709446173350812
list:
dist: 1.3709446173350812 vs. 1.3709446173350812
--------
nle(id0,id1,dist): 136 149 2.14658455052805
list:
dist: 2.14658455052805 vs. 2.14658455052805
--------
nle(id0,id1,dist): 136 140 2.0334115558198667
list:
dist: 2.0334115558198667 vs. 2.0334115558198667
--------
nle(id0,id1,dist): 136 137 1.2019700685493406
list:
dist: 1.2019700685493406 vs. 1.2019700685493406
--------
nle(id0,id1,dist): 136 138 1.2275532517505279
list:
dist: 1.2275532517505279 vs. 1.2275532517505279
--------
nle(id0,id1,dist): 136 144 2.478571815307309
list:
dist: 2.478571815307309 vs. 2.478571815307309
--------
nle(id0,id1,dist): 136 142 1.4819150770115412
list:
dist: 1.4819150770115412 vs. 1.4819150770115412
--------
nle(id0,id1,dist): 135 142 2.2097351222279995
list:
dist: 2.2097351222279995 vs. 2.2097351222279995
--------
nle(id0,id1,dist): 135 144 2.9820514366135087
list:
dist: 2.9820514366135087 vs. 2.9820514366135087
--------
nle(id0,id1,dist): 135 145 1.0981523899696612
list:
dist: 1.0981523899696612 vs. 1.0981523899696612
--------
nle(id0,id1,dist): 135 146 2.212803483244936
list:
dist: 2.212803483244936 vs. 2.212803483244936
--------
nle(id0,id1,dist): 135 147 1.4893277483252412
list:
dist: 1.4893277483252412 vs. 1.4893277483252412
--------
nle(id0,id1,dist): 135 148 2.1661164541764775
list:
dist: 2.1661164541764775 vs. 2.1661164541764775
--------
nle(id0,id1,dist): 134 149 2.153400235130968
list:
dist: 2.153400235130968 vs. 2.153400235130968
--------
nle(id0,id1,dist): 134 148 2.3109618683213746
list:
dist: 2.3109618683213746 vs. 2.3109618683213746
--------
nle(id0,id1,dist): 134 147 3.2512525712297777
list:
dist: 3.2512525712297777 vs. 3.2512525712297777
--------
nle(id0,id1,dist): 135 140 2.938936117932844
list:
dist: 2.938936117932844 vs. 2.938936117932844
--------
nle(id0,id1,dist): 135 138 2.1458585125933634
list:
dist: 2.1458585125933634 vs. 2.1458585125933634
--------
nle(id0,id1,dist): 135 136 1.0499077472957947
list:
dist: 1.0499077472957947 vs. 1.0499077472957947
--------
nle(id0,id1,dist): 135 137 1.0944109041673755
list:
dist: 1.0944109041673755 vs. 1.0944109041673755
--------
nle(id0,id1,dist): 134 136 3.0002854508679557
list:
dist: 3.0002854508679557 vs. 3.0002854508679557
--------
nle(id0,id1,dist): 134 138 1.9507428714780395
list:
dist: 1.9507428714780395 vs. 1.9507428714780395
--------
nle(id0,id1,dist): 134 143 1.2671010720765845
list:
dist: 1.2671010720765845 vs. 1.2671010720765845
--------
nle(id0,id1,dist): 134 144 3.821239190383451
list:
dist: 3.821239190383451 vs. 3.821239190383451
--------
nle(id0,id1,dist): 134 145 3.977399515191656
list:
dist: 3.977399515191656 vs. 3.977399515191656
--------
nle(id0,id1,dist): 134 146 2.0451050395707155
list:
dist: 2.0451050395707155 vs. 2.0451050395707155
--------
nle(id0,id1,dist): 134 139 1.103261581123756
list:
dist: 1.103261581123756 vs. 1.103261581123756
--------
nle(id0,id1,dist): 134 140 2.0388374952052737
list:
dist: 2.0388374952052737 vs. 2.0388374952052737
--------
nle(id0,id1,dist): 134 142 2.907688151800628
list:
dist: 2.907688151800628 vs. 2.907688151800628
--------
nle(id0,id1,dist): 133 134 3.1198071124254563
list:
dist: 3.1198071124254563 vs. 3.1198071124254563
--------
nle(id0,id1,dist): 133 137 2.4717860693935987
list:
dist: 2.4717860693935987 vs. 2.4717860693935987
--------
nle(id0,id1,dist): 133 142 1.1730518748520136
list:
dist: 1.1730518748520136 vs. 1.1730518748520136
--------
nle(id0,id1,dist): 133 140 1.4065558895402586
list:
dist: 1.4065558895402586 vs. 1.4065558895402586
--------
nle(id0,id1,dist): 133 146 2.622484336283614
list:
dist: 2.622484336283614 vs. 2.622484336283614
--------
nle(id0,id1,dist): 133 144 1.2707210882663769
list:
dist: 1.2707210882663769 vs. 1.2707210882663769
--------
nle(id0,id1,dist): 132 134 1.7015920169385121
list:
dist: 1.7015920169385121 vs. 1.7015920169385121
--------
nle(id0,id1,dist): 132 133 2.0121296552734402
list:
dist: 2.0121296552734402 vs. 2.0121296552734402
--------
nle(id0,id1,dist): 132 136 2.906052933039506
list:
dist: 2.906052933039506 vs. 2.906052933039506
--------
nle(id0,id1,dist): 132 138 2.4144678999296256
list:
dist: 2.4144678999296256 vs. 2.4144678999296256
--------
nle(id0,id1,dist): 132 140 1.7919519694039452
list:
dist: 1.7919519694039452 vs. 1.7919519694039452
--------
nle(id0,id1,dist): 132 142 2.218354227250682
list:
dist: 2.218354227250682 vs. 2.218354227250682
--------
nle(id0,id1,dist): 132 144 2.550970811085233
list:
dist: 2.550970811085233 vs. 2.550970811085233
--------
nle(id0,id1,dist): 132 145 3.4264913274537134
list:
dist: 3.4264913274537134 vs. 3.4264913274537134
--------
nle(id0,id1,dist): 132 146 2.5650764037447615
list:
dist: 2.5650764037447615 vs. 2.5650764037447615
--------
nle(id0,id1,dist): 132 147 3.734979435180442
list:
dist: 3.734979435180442 vs. 3.734979435180442
--------
nle(id0,id1,dist): 132 148 3.0636424594245426
list:
dist: 3.0636424594245426 vs. 3.0636424594245426
--------
nle(id0,id1,dist): 132 149 3.0332136935878364
list:
dist: 3.0332136935878364 vs. 3.0332136935878364
--------
nle(id0,id1,dist): 131 147 2.5465103130713698
list:
dist: 2.5465103130713698 vs. 2.5465103130713698
--------
nle(id0,id1,dist): 131 146 1.0302609469328425
list:
dist: 1.0302609469328425 vs. 1.0302609469328425
--------
nle(id0,id1,dist): 131 149 2.1036604792191484
list:
dist: 2.1036604792191484 vs. 2.1036604792191484
--------
nle(id0,id1,dist): 131 148 1.777380300110929
list:
dist: 1.777380300110929 vs. 1.777380300110929
--------
nle(id0,id1,dist): 131 142 1.703832151945501
list:
dist: 1.703832151945501 vs. 1.703832151945501
--------
nle(id0,id1,dist): 131 143 2.1788519531638566
list:
dist: 2.1788519531638566 vs. 2.1788519531638566
--------
nle(id0,id1,dist): 131 144 2.8212742730999776
list:
dist: 2.8212742730999776 vs. 2.8212742730999776
--------
nle(id0,id1,dist): 131 145 2.8947321082069006
list:
dist: 2.8947321082069006 vs. 2.8947321082069006
--------
nle(id0,id1,dist): 131 138 1.2709483234247378
list:
dist: 1.2709483234247378 vs. 1.2709483234247378
--------
nle(id0,id1,dist): 131 139 2.244922544283935
list:
dist: 2.244922544283935 vs. 2.244922544283935
--------
nle(id0,id1,dist): 131 140 0.896585669162464
list:
dist: 0.896585669162464 vs. 0.896585669162464
--------
nle(id0,id1,dist): 131 134 1.275729637662237
list:
dist: 1.275729637662237 vs. 1.275729637662237
--------
nle(id0,id1,dist): 131 136 1.9428537928379201
list:
dist: 1.9428537928379201 vs. 1.9428537928379201
--------
nle(id0,id1,dist): 131 132 1.611627441776397
list:
dist: 1.611627441776397 vs. 1.611627441776397
--------
nle(id0,id1,dist): 131 133 2.1478849986433013
list:
dist: 2.1478849986433013 vs. 2.1478849986433013
--------
nle(id0,id1,dist): 130 149 2.5686623258361156
list:
dist: 2.5686623258361156 vs. 2.5686623258361156
--------
nle(id0,id1,dist): 130 147 3.173399121623046
list:
dist: 3.173399121623046 vs. 3.173399121623046
--------
nle(id0,id1,dist): 130 148 2.4373687532476613
list:
dist: 2.4373687532476613 vs. 2.4373687532476613
--------
nle(id0,id1,dist): 130 145 3.1559746310197387
list:
dist: 3.1559746310197387 vs. 3.1559746310197387
--------
nle(id0,id1,dist): 130 146 1.8003957754926236
list:
dist: 1.8003957754926236 vs. 1.8003957754926236
--------
nle(id0,id1,dist): 130 143 2.3860108064037497
list:
dist: 2.3860108064037497 vs. 2.3860108064037497
--------
nle(id0,id1,dist): 130 144 2.61018339166617
list:
dist: 2.61018339166617 vs. 2.61018339166617
--------
nle(id0,id1,dist): 130 142 1.8361647347477332
list:
dist: 1.8361647347477332 vs. 1.8361647347477332
--------
nle(id0,id1,dist): 130 139 2.3020366091689493
list:
dist: 2.3020366091689493 vs. 2.3020366091689493
--------
nle(id0,id1,dist): 130 140 1.1117217086566933
list:
dist: 1.1117217086566933 vs. 1.1117217086566933
--------
nle(id0,id1,dist): 130 138 1.8354342502885588
list:
dist: 1.8354342502885588 vs. 1.8354342502885588
--------
nle(id0,id1,dist): 130 136 2.4172551794289845
list:
dist: 2.4172551794289845 vs. 2.4172551794289845
--------
nle(id0,id1,dist): 130 132 0.8378799990601288
list:
dist: 0.8378799990601288 vs. 0.8378799990601288
--------
nle(id0,id1,dist): 130 131 0.7982579927484603
list:
dist: 0.7982579927484603 vs. 0.7982579927484603
--------
nle(id0,id1,dist): 130 134 1.2519444520707166
list:
dist: 1.2519444520707166 vs. 1.2519444520707166
--------
nle(id0,id1,dist): 130 133 1.8944488949673564
list:
dist: 1.8944488949673564 vs. 1.8944488949673564
--------
nle(id0,id1,dist): 129 148 0.4743485796968671
list:
dist: 0.4743485796968671 vs. 0.4743485796968671
--------
nle(id0,id1,dist): 129 149 1.3828444997543434
list:
dist: 1.3828444997543434 vs. 1.3828444997543434
--------
nle(id0,id1,dist): 129 140 2.3450190599761505
list:
dist: 2.3450190599761505 vs. 2.3450190599761505
--------
nle(id0,id1,dist): 129 142 2.4238656945651744
list:
dist: 2.4238656945651744 vs. 2.4238656945651744
--------
nle(id0,id1,dist): 129 143 3.0789704492637764
list:
dist: 3.0789704492637764 vs. 3.0789704492637764
--------
nle(id0,id1,dist): 129 144 3.637791043694664
list:
dist: 3.637791043694664 vs. 3.637791043694664
--------
nle(id0,id1,dist): 129 145 2.464386036020792
list:
dist: 2.464386036020792 vs. 2.464386036020792
--------
nle(id0,id1,dist): 129 146 1.002062248116275
list:
dist: 1.002062248116275 vs. 1.002062248116275
--------
nle(id0,id1,dist): 129 147 0.8079633561333469
list:
dist: 0.8079633561333469 vs. 0.8079633561333469
--------
nle(id0,id1,dist): 129 135 1.8475726379464241
list:
dist: 1.8475726379464241 vs. 1.8475726379464241
--------
nle(id0,id1,dist): 129 134 2.6177313136955505
list:
dist: 2.6177313136955505 vs. 2.6177313136955505
--------
nle(id0,id1,dist): 129 132 3.2702909967668954
list:
dist: 3.2702909967668954 vs. 3.2702909967668954
--------
nle(id0,id1,dist): 129 139 2.99186772076917
list:
dist: 2.99186772076917 vs. 2.99186772076917
--------
nle(id0,id1,dist): 129 138 0.9193205477457022
list:
dist: 0.9193205477457022 vs. 0.9193205477457022
--------
nle(id0,id1,dist): 129 137 2.3095962337848754
list:
dist: 2.3095962337848754 vs. 2.3095962337848754
--------
nle(id0,id1,dist): 129 136 1.3116159004842984
list:
dist: 1.3116159004842984 vs. 1.3116159004842984
--------
nle(id0,id1,dist): 129 131 1.8881446932762953
list:
dist: 1.8881446932762953 vs. 1.8881446932762953
--------
nle(id0,id1,dist): 129 130 2.601399130398274
list:
dist: 2.601399130398274 vs. 2.601399130398274
--------
nle(id0,id1,dist): 128 147 2.0734106337005764
list:
dist: 2.0734106337005764 vs. 2.0734106337005764
--------
nle(id0,id1,dist): 128 148 1.6834505947111487
list:
dist: 1.6834505947111487 vs. 1.6834505947111487
--------
nle(id0,id1,dist): 128 145 2.239470236206469
list:
dist: 2.239470236206469 vs. 2.239470236206469
--------
nle(id0,id1,dist): 128 146 1.8512194544423841
list:
dist: 1.8512194544423841 vs. 1.8512194544423841
--------
nle(id0,id1,dist): 128 149 1.5849839670453927
list:
dist: 1.5849839670453927 vs. 1.5849839670453927
--------
nle(id0,id1,dist): 128 134 2.127532959183345
list:
dist: 2.127532959183345 vs. 2.127532959183345
--------
nle(id0,id1,dist): 128 136 1.5780935626057047
list:
dist: 1.5780935626057047 vs. 1.5780935626057047
--------
nle(id0,id1,dist): 128 129 1.9375692175454364
list:
dist: 1.9375692175454364 vs. 1.9375692175454364
--------
nle(id0,id1,dist): 128 130 1.7573241941358533
list:
dist: 1.7573241941358533 vs. 1.7573241941358533
--------
nle(id0,id1,dist): 128 131 1.6705195454484125
list:
dist: 1.6705195454484125 vs. 1.6705195454484125
--------
nle(id0,id1,dist): 128 132 1.941521315240981
list:
dist: 1.941521315240981 vs. 1.941521315240981
--------
nle(id0,id1,dist): 128 142 2.0677174979443067
list:
dist: 2.0677174979443067 vs. 2.0677174979443067
--------
nle(id0,id1,dist): 128 144 2.7212809924271735
list:
dist: 2.7212809924271735 vs. 2.7212809924271735
--------
nle(id0,id1,dist): 128 138 1.0961806627235913
list:
dist: 1.0961806627235913 vs. 1.0961806627235913
--------
nle(id0,id1,dist): 128 140 2.19735365598351
list:
dist: 2.19735365598351 vs. 2.19735365598351
--------
nle(id0,id1,dist): 127 140 2.1578175178836108
list:
dist: 2.1578175178836108 vs. 2.1578175178836108
--------
nle(id0,id1,dist): 127 138 1.7305904012921312
list:
dist: 1.7305904012921312 vs. 1.7305904012921312
--------
nle(id0,id1,dist): 127 136 2.100402316541448
list:
dist: 2.100402316541448 vs. 2.100402316541448
--------
nle(id0,id1,dist): 127 134 2.1109200273869972
list:
dist: 2.1109200273869972 vs. 2.1109200273869972
--------
nle(id0,id1,dist): 127 148 2.3817035796588257
list:
dist: 2.3817035796588257 vs. 2.3817035796588257
--------
nle(id0,id1,dist): 127 149 2.2570698896986086
list:
dist: 2.2570698896986086 vs. 2.2570698896986086
--------
nle(id0,id1,dist): 127 146 2.292556439752616
list:
dist: 2.292556439752616 vs. 2.292556439752616
--------
nle(id0,id1,dist): 127 147 2.8261998791568663
list:
dist: 2.8261998791568663 vs. 2.8261998791568663
--------
nle(id0,id1,dist): 127 144 2.4107333837004585
list:
dist: 2.4107333837004585 vs. 2.4107333837004585
--------
nle(id0,id1,dist): 127 145 2.54099605485685
list:
dist: 2.54099605485685 vs. 2.54099605485685
--------
nle(id0,id1,dist): 127 142 2.0558458778167297
list:
dist: 2.0558458778167297 vs. 2.0558458778167297
--------
nle(id0,id1,dist): 127 133 2.466372122218472
list:
dist: 2.466372122218472 vs. 2.466372122218472
--------
nle(id0,id1,dist): 127 132 1.351150327737074
list:
dist: 1.351150327737074 vs. 1.351150327737074
--------
nle(id0,id1,dist): 127 131 1.7702249384804596
list:
dist: 1.7702249384804596 vs. 1.7702249384804596
--------
nle(id0,id1,dist): 127 130 1.493251660052396
list:
dist: 1.493251660052396 vs. 1.493251660052396
--------
nle(id0,id1,dist): 127 129 2.6190692250531087
list:
dist: 2.6190692250531087 vs. 2.6190692250531087
--------
nle(id0,id1,dist): 127 128 0.7817346627171201
list:
dist: 0.7817346627171201 vs. 0.7817346627171201
--------
nle(id0,id1,dist): 126 140 2.349209698432777
list:
dist: 2.349209698432777 vs. 2.349209698432777
--------
nle(id0,id1,dist): 126 142 2.3090098026176507
list:
dist: 2.3090098026176507 vs. 2.3090098026176507
--------
nle(id0,id1,dist): 126 144 1.952832863128702
list:
dist: 1.952832863128702 vs. 1.952832863128702
--------
nle(id0,id1,dist): 126 145 3.419536539435543
list:
dist: 3.419536539435543 vs. 3.419536539435543
--------
nle(id0,id1,dist): 126 146 3.3424795048003992
list:
dist: 3.3424795048003992 vs. 3.3424795048003992
--------
nle(id0,id1,dist): 126 147 4.381305060338707
list:
dist: 4.381305060338707 vs. 4.381305060338707
--------
nle(id0,id1,dist): 126 148 3.9036368514272377
list:
dist: 3.9036368514272377 vs. 3.9036368514272377
--------
nle(id0,id1,dist): 126 149 3.955809414422478
list:
dist: 3.955809414422478 vs. 3.955809414422478
--------
nle(id0,id1,dist): 126 128 2.556789247663378
list:
dist: 2.556789247663378 vs. 2.556789247663378
--------
nle(id0,id1,dist): 126 127 1.8404736645368425
list:
dist: 1.8404736645368425 vs. 1.8404736645368425
--------
nle(id0,id1,dist): 126 130 1.8340361423828642
list:
dist: 1.8340361423828642 vs. 1.8340361423828642
--------
nle(id0,id1,dist): 126 129 4.034838833700459
list:
dist: 4.034838833700459 vs. 4.034838833700459
--------
nle(id0,id1,dist): 126 132 1.1880271032485805
list:
dist: 1.1880271032485805 vs. 1.1880271032485805
--------
nle(id0,id1,dist): 126 131 2.5287205801019
list:
dist: 2.5287205801019 vs. 2.5287205801019
--------
nle(id0,id1,dist): 126 134 2.8851247762550463
list:
dist: 2.8851247762550463 vs. 2.8851247762550463
--------
nle(id0,id1,dist): 126 133 1.741905709794653
list:
dist: 1.741905709794653 vs. 1.741905709794653
--------
nle(id0,id1,dist): 126 136 3.3061400786318376
list:
dist: 3.3061400786318376 vs. 3.3061400786318376
--------
nle(id0,id1,dist): 126 138 3.2156525975131434
list:
dist: 3.2156525975131434 vs. 3.2156525975131434
--------
nle(id0,id1,dist): 125 149 2.2365402130232837
list:
dist: 2.2365402130232837 vs. 2.2365402130232837
--------
nle(id0,id1,dist): 125 131 2.5740147350344222
list:
dist: 2.5740147350344222 vs. 2.5740147350344222
--------
nle(id0,id1,dist): 125 130 2.319829629214746
list:
dist: 2.319829629214746 vs. 2.319829629214746
--------
nle(id0,id1,dist): 125 128 1.9664140299191557
list:
dist: 1.9664140299191557 vs. 1.9664140299191557
--------
nle(id0,id1,dist): 125 134 1.8469646430187192
list:
dist: 1.8469646430187192 vs. 1.8469646430187192
--------
nle(id0,id1,dist): 125 132 2.150703618783549
list:
dist: 2.150703618783549 vs. 2.150703618783549
--------
nle(id0,id1,dist): 125 139 1.6371903464903113
list:
dist: 1.6371903464903113 vs. 1.6371903464903113
--------
nle(id0,id1,dist): 125 143 2.7432027169614916
list:
dist: 2.7432027169614916 vs. 2.7432027169614916
2. Check the NeighborList query for coordinates against the neighbor list for consistency
list:
dist: 3.1235915650510115 vs. 3.1235915650510115
list:
dist: 2.020176483883619 vs. 2.020176483883619
list:
dist: 1.427953019220356 vs. 1.427953019220356
list:
dist: 2.293395299123315 vs. 2.293395299123315
list:
dist: 2.1392526955547586 vs. 2.1392526955547586
list:
dist: 2.9064333390072994 vs. 2.9064333390072994
list:
dist: 2.1249277066691956 vs. 2.1249277066691956
list:
dist: 3.9359497187565036 vs. 3.9359497187565036
list:
dist: 2.949086206159215 vs. 2.949086206159215
list:
dist: 2.1067363430281403 vs. 2.1067363430281403
list:
dist: 2.795998179718196 vs. 2.795998179718196
list:
dist: 3.6081760771795093 vs. 3.6081760771795093
list:
dist: 3.664312720279822 vs. 3.664312720279822
list:
dist: 2.3326361588477686 vs. 2.3326361588477686
list:
dist: 2.1702359726259504 vs. 2.1702359726259504
list:
dist: 3.3348486391398677 vs. 3.3348486391398677
list:
dist: 4.06518397770722 vs. 4.06518397770722
list:
dist: 3.4959870612755912 vs. 3.4959870612755912
list:
dist: 4.183552272379383 vs. 4.183552272379383
list:
dist: 5.171121303599576 vs. 5.171121303599576
list:
dist: 2.8232127048425184 vs. 2.8232127048425184
list:
dist: 2.3161175602272173 vs. 2.3161175602272173
list:
dist: 1.4361622634144722 vs. 1.4361622634144722
list:
dist: 2.1392526955547586 vs. 2.1392526955547586
list:
dist: 1.6764100072430876 vs. 1.6764100072430876
list:
dist: 2.198134575733534 vs. 2.198134575733534
list:
dist: 2.3171609880743365 vs. 2.3171609880743365
list:
dist: 2.7848995417147657 vs. 2.7848995417147657
list:
dist: 1.8550846952341191 vs. 1.8550846952341191
list:
dist: 1.8993346445023187 vs. 1.8993346445023187
list:
dist: 2.1133440802890218 vs. 2.1133440802890218
list:
dist: 2.2782862223347826 vs. 2.2782862223347826
list:
dist: 1.6858735147457844 vs. 1.6858735147457844
list:
dist: 0.6330077675732078 vs. 0.6330077675732078
list:
dist: 0.13481634807895687 vs. 0.13481634807895687
list:
dist: 2.2069992793716087 vs. 2.2069992793716087
list:
dist: 2.6989495008247126 vs. 2.6989495008247126
list:
dist: 1.9553535669332613 vs. 1.9553535669332613
list:
dist: 2.168603936953353 vs. 2.168603936953353
list:
dist: 3.3094181462305166 vs. 3.3094181462305166
list:
dist: 1.0845773256439664 vs. 1.0845773256439664
list:
dist: 2.1067363430281403 vs. 2.1067363430281403
list:
dist: 1.8070440721232415 vs. 1.8070440721232415
list:
dist: 1.8993346445023187 vs. 1.8993346445023187
list:
dist: 0.9871936297685487 vs. 0.9871936297685487
list:
dist: 0.7233122269330565 vs. 0.7233122269330565
list:
dist: 2.130581309777897 vs. 2.130581309777897
list:
dist: 1.1218098537247823 vs. 1.1218098537247823
list:
dist: 3.349105453639673 vs. 3.349105453639673
list:
dist: 3.2594425631438813 vs. 3.2594425631438813
list:
dist: 2.1868333861344076 vs. 2.1868333861344076
list:
dist: 2.0272546416305 vs. 2.0272546416305
list:
dist: 2.1710579989757335 vs. 2.1710579989757335
list:
dist: 2.484848048111914 vs. 2.484848048111914
list:
dist: 2.1238084682894596 vs. 2.1238084682894596
list:
dist: 3.3532907945342947 vs. 3.3532907945342947
list:
dist: 3.9010769302232013 vs. 3.9010769302232013
list:
dist: 3.547404888010518 vs. 3.547404888010518
list:
dist: 3.1235915650510115 vs. 3.1235915650510115
list:
dist: 2.5268301421812476 vs. 2.5268301421812476
list:
dist: 2.8232127048425184 vs. 2.8232127048425184
list:
dist: 0.9988285442371025 vs. 0.9988285442371025
list:
dist: 1.2414556750029069 vs. 1.2414556750029069
list:
dist: 1.8669734397381013 vs. 1.8669734397381013
list:
dist: 1.3120147545662086 vs. 1.3120147545662086
list:
dist: 1.0845773256439664 vs. 1.0845773256439664
list:
dist: 1.1682198003554085 vs. 1.1682198003554085
list:
dist: 1.4502187329871958 vs. 1.4502187329871958
list:
dist: 2.795998179718196 vs. 2.795998179718196
list:
dist: 3.333680604258174 vs. 3.333680604258174
list:
dist: 2.1133440802890218 vs. 2.1133440802890218
list:
dist: 2.605140677076255 vs. 2.605140677076255
list:
dist: 2.302956767170583 vs. 2.302956767170583
list:
dist: 1.91331242843767 vs. 1.91331242843767
list:
dist: 1.9866894389327603 vs. 1.9866894389327603
list:
dist: 0.972877716605366 vs. 0.972877716605366
list:
dist: 1.427953019220356 vs. 1.427953019220356
list:
dist: 2.210249803714958 vs. 2.210249803714958
list:
dist: 1.4361622634144722 vs. 1.4361622634144722
list:
dist: 1.4502187329871958 vs. 1.4502187329871958
list:
dist: 2.928086849014546 vs. 2.928086849014546
list:
dist: 2.6585887526008607 vs. 2.6585887526008607
list:
dist: 1.5658091191164614 vs. 1.5658091191164614
list:
dist: 1.37701056924496 vs. 1.37701056924496
list:
dist: 2.309768389975885 vs. 2.309768389975885
list:
dist: 1.5658091191164614 vs. 1.5658091191164614
list:
dist: 2.3326361588477686 vs. 2.3326361588477686
list:
dist: 2.300407077213465 vs. 2.300407077213465
list:
dist: 0.6330077675732078 vs. 0.6330077675732078
list:
dist: 2.295329071347133 vs. 2.295329071347133
list:
dist: 2.446549738371187 vs. 2.446549738371187
list:
dist: 2.7214487741204505 vs. 2.7214487741204505
list:
dist: 2.2211979694851878 vs. 2.2211979694851878
list:
dist: 2.1868333861344076 vs. 2.1868333861344076
list:
dist: 1.91331242843767 vs. 1.91331242843767
list:
dist: 1.6644472967915322 vs. 1.6644472967915322
list:
dist: 1.3510394717267205 vs. 1.3510394717267205
list:
dist: 0.5809751464357273 vs. 0.5809751464357273
list:
dist: 1.8913917032008567 vs. 1.8913917032008567
list:
dist: 2.5178811595463166 vs. 2.5178811595463166
list:
dist: 1.7744336695111174 vs. 1.7744336695111174
list:
dist: 1.8806975475142282 vs. 1.8806975475142282
list:
dist: 3.0347937950362995 vs. 3.0347937950362995
list:
dist: 3.063256787372532 vs. 3.063256787372532
list:
dist: 0.972877716605366 vs. 0.972877716605366
list:
dist: 2.020176483883619 vs. 2.020176483883619
list:
dist: 3.087794546801831 vs. 3.087794546801831
list:
dist: 2.3161175602272173 vs. 2.3161175602272173
list:
dist: 1.1682198003554085 vs. 1.1682198003554085
list:
dist: 3.3388377411669983 vs. 3.3388377411669983
list:
dist: 3.1699931800762853 vs. 3.1699931800762853
list:
dist: 2.309768389975885 vs. 2.309768389975885
list:
dist: 2.2291615105913287 vs. 2.2291615105913287
list:
dist: 1.3120147545662086 vs. 1.3120147545662086
list:
dist: 2.949086206159215 vs. 2.949086206159215
list:
dist: 1.660159299162185 vs. 1.660159299162185
list:
dist: 1.8550846952341191 vs. 1.8550846952341191
list:
dist: 1.1445057903129674 vs. 1.1445057903129674
list:
dist: 1.7460891548381523 vs. 1.7460891548381523
list:
dist: 1.8140329418090142 vs. 1.8140329418090142
list:
dist: 1.1218098537247823 vs. 1.1218098537247823
list:
dist: 3.3663633935149253 vs. 3.3663633935149253
list:
dist: 2.8852891608360407 vs. 2.8852891608360407
list:
dist: 2.2211979694851878 vs. 2.2211979694851878
list:
dist: 1.9846798907982863 vs. 1.9846798907982863
list:
dist: 2.2094879061839143 vs. 2.2094879061839143
list:
dist: 2.1342942096567827 vs. 2.1342942096567827
list:
dist: 1.7695743825813959 vs. 1.7695743825813959
list:
dist: 2.8123312156610862 vs. 2.8123312156610862
list:
dist: 3.2786039637774196 vs. 3.2786039637774196
list:
dist: 2.9460975003916534 vs. 2.9460975003916534
list:
dist: 2.2291615105913287 vs. 2.2291615105913287
list:
dist: 1.37701056924496 vs. 1.37701056924496
list:
dist: 2.1702359726259504 vs. 2.1702359726259504
list:
dist: 1.76205739148874 vs. 1.76205739148874
list:
dist: 0.13481634807895687 vs. 0.13481634807895687
list:
dist: 2.318256064817762 vs. 2.318256064817762
list:
dist: 2.430051390101686 vs. 2.430051390101686
list:
dist: 2.8805309778447583 vs. 2.8805309778447583
list:
dist: 1.9846798907982863 vs. 1.9846798907982863
list:
dist: 2.0272546416305 vs. 2.0272546416305
list:
dist: 1.9866894389327603 vs. 1.9866894389327603
list:
dist: 2.2306437394731446 vs. 2.2306437394731446
list:
dist: 1.616423119887911 vs. 1.616423119887911
list:
dist: 0.5809751464357273 vs. 0.5809751464357273
list:
dist: 2.2631926955357633 vs. 2.2631926955357633
list:
dist: 2.7707353882254853 vs. 2.7707353882254853
list:
dist: 2.0201564646144297 vs. 2.0201564646144297
list:
dist: 2.1446807738293416 vs. 2.1446807738293416
list:
dist: 3.3237017379984817 vs. 3.3237017379984817
list:
dist: 3.507855024067087 vs. 3.507855024067087
list:
dist: 3.4959870612755912 vs. 3.4959870612755912
list:
dist: 2.9954632576389715 vs. 2.9954632576389715
list:
dist: 1.9553535669332613 vs. 1.9553535669332613
list:
dist: 1.446368326009872 vs. 1.446368326009872
list:
dist: 2.287485170161967 vs. 2.287485170161967
list:
dist: 1.0906884841570623 vs. 1.0906884841570623
list:
dist: 1.7695743825813959 vs. 1.7695743825813959
list:
dist: 2.1238084682894596 vs. 2.1238084682894596
list:
dist: 1.9378746157001983 vs. 1.9378746157001983
list:
dist: 1.9386710520804793 vs. 1.9386710520804793
list:
dist: 1.7744336695111174 vs. 1.7744336695111174
list:
dist: 2.0201564646144297 vs. 2.0201564646144297
list:
dist: 0.7857276710176735 vs. 0.7857276710176735
list:
dist: 0.7628022504881041 vs. 0.7628022504881041
list:
dist: 1.587242528117267 vs. 1.587242528117267
list:
dist: 1.8143200361880671 vs. 1.8143200361880671
list:
dist: 1.7282305783161698 vs. 1.7282305783161698
list:
dist: 2.9634107645494883 vs. 2.9634107645494883
list:
dist: 2.6751774361955234 vs. 2.6751774361955234
list:
dist: 3.1680289589226907 vs. 3.1680289589226907
list:
dist: 0.9988285442371025 vs. 0.9988285442371025
list:
dist: 2.9064333390072994 vs. 2.9064333390072994
list:
dist: 2.523929112930904 vs. 2.523929112930904
list:
dist: 2.198134575733534 vs. 2.198134575733534
list:
dist: 1.0744585804961013 vs. 1.0744585804961013
list:
dist: 1.1619540581662384 vs. 1.1619540581662384
list:
dist: 1.1445057903129674 vs. 1.1445057903129674
list:
dist: 0.9871936297685487 vs. 0.9871936297685487
list:
dist: 3.015917155277528 vs. 3.015917155277528
list:
dist: 3.0780833695320355 vs. 3.0780833695320355
list:
dist: 2.295329071347133 vs. 2.295329071347133
list:
dist: 2.318256064817762 vs. 2.318256064817762
list:
dist: 1.4868858013928652 vs. 1.4868858013928652
list:
dist: 1.5858261698928253 vs. 1.5858261698928253
list:
dist: 1.446368326009872 vs. 1.446368326009872
list:
dist: 2.93795860767114 vs. 2.93795860767114
list:
dist: 3.1673548368506 vs. 3.1673548368506
list:
dist: 2.646136292659763 vs. 2.646136292659763
list:
dist: 4.183552272379383 vs. 4.183552272379383
list:
dist: 3.4846002925242314 vs. 3.4846002925242314
list:
dist: 2.168603936953353 vs. 2.168603936953353
list:
dist: 2.93795860767114 vs. 2.93795860767114
list:
dist: 3.6487812294357385 vs. 3.6487812294357385
list:
dist: 2.5759857588000488 vs. 2.5759857588000488
list:
dist: 2.8123312156610862 vs. 2.8123312156610862
list:
dist: 3.3532907945342947 vs. 3.3532907945342947
list:
dist: 1.6801335804582382 vs. 1.6801335804582382
list:
dist: 0.8481016391719651 vs. 0.8481016391719651
list:
dist: 1.8806975475142282 vs. 1.8806975475142282
list:
dist: 2.1446807738293416 vs. 2.1446807738293416
list:
dist: 2.072447770868552 vs. 2.072447770868552
list:
dist: 2.0776792289856982 vs. 2.0776792289856982
list:
dist: 1.587242528117267 vs. 1.587242528117267
list:
dist: 1.4120812608679827 vs. 1.4120812608679827
list:
dist: 2.3073862648989305 vs. 2.3073862648989305
list:
dist: 1.8200719273202082 vs. 1.8200719273202082
list:
dist: 2.4390555030950396 vs. 2.4390555030950396
list:
dist: 2.2483198976301413 vs. 2.2483198976301413
list:
dist: 3.3388377411669983 vs. 3.3388377411669983
list:
dist: 2.928086849014546 vs. 2.928086849014546
list:
dist: 3.6081760771795093 vs. 3.6081760771795093
list:
dist: 3.9185379505641533 vs. 3.9185379505641533
list:
dist: 2.2782862223347826 vs. 2.2782862223347826
list:
dist: 3.015917155277528 vs. 3.015917155277528
list:
dist: 3.3466306254041713 vs. 3.3466306254041713
list:
dist: 2.886012627182315 vs. 2.886012627182315
list:
dist: 3.3663633935149253 vs. 3.3663633935149253
list:
dist: 3.349105453639673 vs. 3.349105453639673
list:
dist: 2.605140677076255 vs. 2.605140677076255
list:
dist: 1.5000379873992653 vs. 1.5000379873992653
list:
dist: 1.6644472967915322 vs. 1.6644472967915322
list:
dist: 2.2306437394731446 vs. 2.2306437394731446
list:
dist: 1.7300500778089438 vs. 1.7300500778089438
list:
dist: 2.3961460984176046 vs. 2.3961460984176046
list:
dist: 1.9378746157001983 vs. 1.9378746157001983
list:
dist: 1.6801335804582382 vs. 1.6801335804582382
list:
dist: 2.428816677513521 vs. 2.428816677513521
list:
dist: 1.7908513056749171 vs. 1.7908513056749171
list:
dist: 4.06518397770722 vs. 4.06518397770722
list:
dist: 3.5850513382187166 vs. 3.5850513382187166
list:
dist: 2.6989495008247126 vs. 2.6989495008247126
list:
dist: 1.5858261698928253 vs. 1.5858261698928253
list:
dist: 2.5314623473914564 vs. 2.5314623473914564
list:
dist: 0.6421807914895337 vs. 0.6421807914895337
list:
dist: 2.1342942096567827 vs. 2.1342942096567827
list:
dist: 2.484848048111914 vs. 2.484848048111914
list:
dist: 2.3961460984176046 vs. 2.3961460984176046
list:
dist: 2.5940566932862104 vs. 2.5940566932862104
list:
dist: 2.5178811595463166 vs. 2.5178811595463166
list:
dist: 2.7707353882254853 vs. 2.7707353882254853
list:
dist: 0.9792450726490781 vs. 0.9792450726490781
list:
dist: 0.7628022504881041 vs. 0.7628022504881041
list:
dist: 2.0776792289856982 vs. 2.0776792289856982
list:
dist: 1.7338317164840158 vs. 1.7338317164840158
list:
dist: 1.1843132119013315 vs. 1.1843132119013315
list:
dist: 3.232120526131239 vs. 3.232120526131239
list:
dist: 2.37566601782927 vs. 2.37566601782927
list:
dist: 3.132351902045515 vs. 3.132351902045515
list:
dist: 1.2414556750029069 vs. 1.2414556750029069
list:
dist: 2.1249277066691956 vs. 2.1249277066691956
list:
dist: 2.472045410834879 vs. 2.472045410834879
list:
dist: 2.3171609880743365 vs. 2.3171609880743365
list:
dist: 1.0744585804961013 vs. 1.0744585804961013
list:
dist: 2.1699811991865334 vs. 2.1699811991865334
list:
dist: 1.7460891548381523 vs. 1.7460891548381523
list:
dist: 0.7233122269330565 vs. 0.7233122269330565
list:
dist: 3.3466306254041713 vs. 3.3466306254041713
list:
dist: 3.5698565731369896 vs. 3.5698565731369896
list:
dist: 2.446549738371187 vs. 2.446549738371187
list:
dist: 2.430051390101686 vs. 2.430051390101686
list:
dist: 2.0825640026686796 vs. 2.0825640026686796
list:
dist: 2.5314623473914564 vs. 2.5314623473914564
list:
dist: 2.287485170161967 vs. 2.287485170161967
list:
dist: 3.6487812294357385 vs. 3.6487812294357385
list:
dist: 4.090733553266139 vs. 4.090733553266139
list:
dist: 3.6638425368846277 vs. 3.6638425368846277
list:
dist: 1.8669734397381013 vs. 1.8669734397381013
list:
dist: 3.9359497187565036 vs. 3.9359497187565036
list:
dist: 3.3896859916308353 vs. 3.3896859916308353
list:
dist: 2.7848995417147657 vs. 2.7848995417147657
list:
dist: 1.1619540581662384 vs. 1.1619540581662384
list:
dist: 2.1699811991865334 vs. 2.1699811991865334
list:
dist: 1.8140329418090142 vs. 1.8140329418090142
list:
dist: 2.130581309777897 vs. 2.130581309777897
list:
dist: 2.886012627182315 vs. 2.886012627182315
list:
dist: 3.0192306706836853 vs. 3.0192306706836853
list:
dist: 2.7214487741204505 vs. 2.7214487741204505
list:
dist: 2.8805309778447583 vs. 2.8805309778447583
list:
dist: 1.2614554500179207 vs. 1.2614554500179207
list:
dist: 0.6421807914895337 vs. 0.6421807914895337
list:
dist: 1.0906884841570623 vs. 1.0906884841570623
list:
dist: 2.5759857588000488 vs. 2.5759857588000488
list:
dist: 2.301893408667593 vs. 2.301893408667593
list:
dist: 1.5377174301199104 vs. 1.5377174301199104
list:
dist: 2.646136292659763 vs. 2.646136292659763
list:
dist: 3.6638425368846277 vs. 3.6638425368846277
list:
dist: 1.5377174301199104 vs. 1.5377174301199104
list:
dist: 2.9460975003916534 vs. 2.9460975003916534
list:
dist: 3.547404888010518 vs. 3.547404888010518
list:
dist: 2.081411883186817 vs. 2.081411883186817
list:
dist: 1.1843132119013315 vs. 1.1843132119013315
list:
dist: 1.7282305783161698 vs. 1.7282305783161698
list:
dist: 2.3073862648989305 vs. 2.3073862648989305
list:
dist: 1.2330721945082026 vs. 1.2330721945082026
list:
dist: 3.246897938220222 vs. 3.246897938220222
list:
dist: 1.754564511524457 vs. 1.754564511524457
list:
dist: 2.345268065713511 vs. 2.345268065713511
list:
dist: 2.5268301421812476 vs. 2.5268301421812476
list:
dist: 3.087794546801831 vs. 3.087794546801831
list:
dist: 2.210249803714958 vs. 2.210249803714958
list:
dist: 2.293395299123315 vs. 2.293395299123315
list:
dist: 1.6764100072430876 vs. 1.6764100072430876
list:
dist: 2.523929112930904 vs. 2.523929112930904
list:
dist: 2.472045410834879 vs. 2.472045410834879
list:
dist: 3.3896859916308353 vs. 3.3896859916308353
list:
dist: 1.660159299162185 vs. 1.660159299162185
list:
dist: 1.8070440721232415 vs. 1.8070440721232415
list:
dist: 3.333680604258174 vs. 3.333680604258174
list:
dist: 3.9185379505641533 vs. 3.9185379505641533
list:
dist: 3.1632126093809587 vs. 3.1632126093809587
list:
dist: 2.300407077213465 vs. 2.300407077213465
list:
dist: 1.76205739148874 vs. 1.76205739148874
list:
dist: 3.3598206643698556 vs. 3.3598206643698556
list:
dist: 3.5850513382187166 vs. 3.5850513382187166
list:
dist: 2.9954632576389715 vs. 2.9954632576389715
list:
dist: 3.4846002925242314 vs. 3.4846002925242314
list:
dist: 4.425095585078908 vs. 4.425095585078908
list:
dist: 3.3348486391398677 vs. 3.3348486391398677
list:
dist: 3.3598206643698556 vs. 3.3598206643698556
list:
dist: 2.2069992793716087 vs. 2.2069992793716087
list:
dist: 1.4868858013928652 vs. 1.4868858013928652
list:
dist: 2.0825640026686796 vs. 2.0825640026686796
list:
dist: 1.2614554500179207 vs. 1.2614554500179207
list:
dist: 2.2094879061839143 vs. 2.2094879061839143
list:
dist: 2.1710579989757335 vs. 2.1710579989757335
list:
dist: 1.7300500778089438 vs. 1.7300500778089438
list:
dist: 2.2936812576484593 vs. 2.2936812576484593
list:
dist: 1.8913917032008567 vs. 1.8913917032008567
list:
dist: 2.2631926955357633 vs. 2.2631926955357633
list:
dist: 0.9792450726490781 vs. 0.9792450726490781
list:
dist: 0.7857276710176735 vs. 0.7857276710176735
list:
dist: 2.072447770868552 vs. 2.072447770868552
list:
dist: 2.2358082727856203 vs. 2.2358082727856203
list:
dist: 2.081411883186817 vs. 2.081411883186817
list:
dist: 3.0475701160739903 vs. 3.0475701160739903
list:
dist: 2.7679192048332064 vs. 2.7679192048332064
list:
dist: 3.674291327446267 vs. 3.674291327446267
list:
dist: 2.7679192048332064 vs. 2.7679192048332064
list:
dist: 2.37566601782927 vs. 2.37566601782927
list:
dist: 2.6751774361955234 vs. 2.6751774361955234
list:
dist: 2.4390555030950396 vs. 2.4390555030950396
list:
dist: 1.2748548238533037 vs. 1.2748548238533037
list:
dist: 1.754564511524457 vs. 1.754564511524457
list:
dist: 2.2041803824606676 vs. 2.2041803824606676
list:
dist: 1.9480477378360623 vs. 1.9480477378360623
list:
dist: 2.027429945554309 vs. 2.027429945554309
list:
dist: 2.544254164739659 vs. 2.544254164739659
list:
dist: 5.171121303599576 vs. 5.171121303599576
list:
dist: 4.425095585078908 vs. 4.425095585078908
list:
dist: 3.3094181462305166 vs. 3.3094181462305166
list:
dist: 3.1673548368506 vs. 3.1673548368506
list:
dist: 4.090733553266139 vs. 4.090733553266139
list:
dist: 2.301893408667593 vs. 2.301893408667593
list:
dist: 3.2786039637774196 vs. 3.2786039637774196
list:
dist: 3.9010769302232013 vs. 3.9010769302232013
list:
dist: 2.428816677513521 vs. 2.428816677513521
list:
dist: 2.2447931801614374 vs. 2.2447931801614374
list:
dist: 3.0347937950362995 vs. 3.0347937950362995
list:
dist: 3.3237017379984817 vs. 3.3237017379984817
list:
dist: 2.2358082727856203 vs. 2.2358082727856203
list:
dist: 1.7338317164840158 vs. 1.7338317164840158
list:
dist: 1.8143200361880671 vs. 1.8143200361880671
list:
dist: 1.4120812608679827 vs. 1.4120812608679827
list:
dist: 1.2330721945082026 vs. 1.2330721945082026
list:
dist: 2.135000773855001 vs. 2.135000773855001
list:
dist: 1.2748548238533037 vs. 1.2748548238533037
list:
dist: 1.4609170067055122 vs. 1.4609170067055122
list:
dist: 2.544254164739659 vs. 2.544254164739659
list:
dist: 2.7592631001305 vs. 2.7592631001305
list:
dist: 1.7908513056749171 vs. 1.7908513056749171
list:
dist: 2.0084669176943932 vs. 2.0084669176943932
list:
dist: 3.063256787372532 vs. 3.063256787372532
list:
dist: 3.507855024067087 vs. 3.507855024067087
list:
dist: 3.0475701160739903 vs. 3.0475701160739903
list:
dist: 3.232120526131239 vs. 3.232120526131239
list:
dist: 2.9634107645494883 vs. 2.9634107645494883
list:
dist: 1.8200719273202082 vs. 1.8200719273202082
list:
dist: 2.135000773855001 vs. 2.135000773855001
list:
dist: 3.246897938220222 vs. 3.246897938220222
list:
dist: 2.2041803824606676 vs. 2.2041803824606676
list:
dist: 2.5402665856655164 vs. 2.5402665856655164
list:
dist: 1.498412977711561 vs. 1.498412977711561
list:
dist: 3.1699931800762853 vs. 3.1699931800762853
list:
dist: 2.6585887526008607 vs. 2.6585887526008607
list:
dist: 3.664312720279822 vs. 3.664312720279822
list:
dist: 3.1632126093809587 vs. 3.1632126093809587
list:
dist: 1.6858735147457844 vs. 1.6858735147457844
list:
dist: 3.0780833695320355 vs. 3.0780833695320355
list:
dist: 3.5698565731369896 vs. 3.5698565731369896
list:
dist: 3.0192306706836853 vs. 3.0192306706836853
list:
dist: 2.8852891608360407 vs. 2.8852891608360407
list:
dist: 3.2594425631438813 vs. 3.2594425631438813
list:
dist: 2.302956767170583 vs. 2.302956767170583
list:
dist: 1.5000379873992653 vs. 1.5000379873992653
list:
dist: 1.3510394717267205 vs. 1.3510394717267205
list:
dist: 1.616423119887911 vs. 1.616423119887911
list:
dist: 2.2936812576484593 vs. 2.2936812576484593
list:
dist: 2.5940566932862104 vs. 2.5940566932862104
list:
dist: 1.9386710520804793 vs. 1.9386710520804793
list:
dist: 0.8481016391719651 vs. 0.8481016391719651
list:
dist: 2.2447931801614374 vs. 2.2447931801614374
list:
dist: 2.0084669176943932 vs. 2.0084669176943932
list:
dist: 1.498412977711561 vs. 1.498412977711561
list:
dist: 2.027429945554309 vs. 2.027429945554309
list:
dist: 1.6768399934221323 vs. 1.6768399934221323
list:
dist: 3.674291327446267 vs. 3.674291327446267
list:
dist: 3.132351902045515 vs. 3.132351902045515
list:
dist: 3.1680289589226907 vs. 3.1680289589226907
list:
dist: 2.2483198976301413 vs. 2.2483198976301413
list:
dist: 1.4609170067055122 vs. 1.4609170067055122
list:
dist: 2.345268065713511 vs. 2.345268065713511
list:
dist: 2.5402665856655164 vs. 2.5402665856655164
list:
dist: 1.9480477378360623 vs. 1.9480477378360623
list:
dist: 1.6768399934221323 vs. 1.6768399934221323
list:
dist: 2.7592631001305 vs. 2.7592631001305
list:
dist: 2.4015372415964085 vs. 2.4015372415964085
list:
dist: 1.6807915354234981 vs. 1.6807915354234981
list:
dist: 2.2916088043297886 vs. 2.2916088043297886
list:
dist: 2.3730611136753046 vs. 2.3730611136753046
list:
dist: 2.4138755504961447 vs. 2.4138755504961447
list:
dist: 1.8568420172703264 vs. 1.8568420172703264
list:
dist: 2.016312323489563 vs. 2.016312323489563
list:
dist: 1.9721619323182735 vs. 1.9721619323182735
list:
dist: 1.2625784975022434 vs. 1.2625784975022434
list:
dist: 1.2052408152168497 vs. 1.2052408152168497
list:
dist: 2.121807454449299 vs. 2.121807454449299
list:
dist: 1.8570685753194929 vs. 1.8570685753194929
list:
dist: 1.5792727482544247 vs. 1.5792727482544247
list:
dist: 2.5299201131862357 vs. 2.5299201131862357
list:
dist: 2.7616090166526828 vs. 2.7616090166526828
list:
dist: 2.9614786695218607 vs. 2.9614786695218607
list:
dist: 2.2281622141688735 vs. 2.2281622141688735
list:
dist: 3.043865373493285 vs. 3.043865373493285
list:
dist: 3.4675864224977917 vs. 3.4675864224977917
list:
dist: 2.9898296449460084 vs. 2.9898296449460084
list:
dist: 2.344378469302333 vs. 2.344378469302333
list:
dist: 2.194587032067485 vs. 2.194587032067485
list:
dist: 3.439140870945593 vs. 3.439140870945593
list:
dist: 0.8229133262349495 vs. 0.8229133262349495
list:
dist: 0.9978213118611773 vs. 0.9978213118611773
list:
dist: 2.1056957218116397 vs. 2.1056957218116397
list:
dist: 1.4334305105792875 vs. 1.4334305105792875
list:
dist: 0.893806261122816 vs. 0.893806261122816
list:
dist: 1.9832726366425142 vs. 1.9832726366425142
list:
dist: 1.9534594912714982 vs. 1.9534594912714982
list:
dist: 1.9721619323182735 vs. 1.9721619323182735
list:
dist: 2.1712206586282856 vs. 2.1712206586282856
list:
dist: 2.563504518215898 vs. 2.563504518215898
list:
dist: 2.24278852668737 vs. 2.24278852668737
list:
dist: 2.466809811771291 vs. 2.466809811771291
list:
dist: 2.2890795901120584 vs. 2.2890795901120584
list:
dist: 3.1482137805536503 vs. 3.1482137805536503
list:
dist: 4.324975906966446 vs. 4.324975906966446
list:
dist: 2.717395807004743 vs. 2.717395807004743
list:
dist: 2.280892834874598 vs. 2.280892834874598
list:
dist: 3.3934715280317254 vs. 3.3934715280317254
list:
dist: 3.5309904603149738 vs. 3.5309904603149738
list:
dist: 3.937931724723509 vs. 3.937931724723509
list:
dist: 3.880596127718808 vs. 3.880596127718808
list:
dist: 3.846605721694012 vs. 3.846605721694012
list:
dist: 3.2137654353634013 vs. 3.2137654353634013
list:
dist: 3.2433520801645055 vs. 3.2433520801645055
list:
dist: 2.1924854504431637 vs. 2.1924854504431637
list:
dist: 2.558816863517231 vs. 2.558816863517231
list:
dist: 1.4268801139464862 vs. 1.4268801139464862
list:
dist: 0.7057821455989697 vs. 0.7057821455989697
list:
dist: 1.1224534350412878 vs. 1.1224534350412878
list:
dist: 1.4604778985634377 vs. 1.4604778985634377
list:
dist: 0.7395596096688379 vs. 0.7395596096688379
list:
dist: 1.9860146537626087 vs. 1.9860146537626087
list:
dist: 0.8836685121431541 vs. 0.8836685121431541
list:
dist: 1.6917564185716194 vs. 1.6917564185716194
list:
dist: 2.217889469626802 vs. 2.217889469626802
list:
dist: 3.6693704428360325 vs. 3.6693704428360325
list:
dist: 2.4295639959056894 vs. 2.4295639959056894
list:
dist: 3.278554709379993 vs. 3.278554709379993
list:
dist: 3.7498428452822874 vs. 3.7498428452822874
list:
dist: 3.7167649759172523 vs. 3.7167649759172523
list:
dist: 2.793775142298973 vs. 2.793775142298973
list:
dist: 3.28261007939234 vs. 3.28261007939234
list:
dist: 2.5029112850060615 vs. 2.5029112850060615
list:
dist: 3.8384215844002805 vs. 3.8384215844002805
list:
dist: 2.8168221538906746 vs. 2.8168221538906746
list:
dist: 2.552662595378503 vs. 2.552662595378503
list:
dist: 3.812916428810341 vs. 3.812916428810341
list:
dist: 3.569172602875853 vs. 3.569172602875853
list:
dist: 4.123301949247304 vs. 4.123301949247304
list:
dist: 1.4159139179355245 vs. 1.4159139179355245
list:
dist: 1.7554672738313268 vs. 1.7554672738313268
list:
dist: 1.9966770678385002 vs. 1.9966770678385002
list:
dist: 0.6925212772602676 vs. 0.6925212772602676
list:
dist: 1.6153157949196597 vs. 1.6153157949196597
list:
dist: 1.4954580974525726 vs. 1.4954580974525726
list:
dist: 0.893806261122816 vs. 0.893806261122816
list:
dist: 2.4138755504961447 vs. 2.4138755504961447
list:
dist: 2.5625335146970913 vs. 2.5625335146970913
list:
dist: 2.600391833981904 vs. 2.600391833981904
list:
dist: 1.8793460501363128 vs. 1.8793460501363128
list:
dist: 2.529492797823574 vs. 2.529492797823574
list:
dist: 2.112655588293185 vs. 2.112655588293185
list:
dist: 2.6210940150273543 vs. 2.6210940150273543
list:
dist: 3.6846402694854072 vs. 3.6846402694854072
list:
dist: 2.2243313224178913 vs. 2.2243313224178913
list:
dist: 1.78418277469291 vs. 1.78418277469291
list:
dist: 2.9287309495113534 vs. 2.9287309495113534
list:
dist: 3.3916094052236674 vs. 3.3916094052236674
list:
dist: 3.572401685808439 vs. 3.572401685808439
list:
dist: 3.3270449252490826 vs. 3.3270449252490826
list:
dist: 3.472355045991841 vs. 3.472355045991841
list:
dist: 2.9377660592274033 vs. 2.9377660592274033
list:
dist: 3.0159246065947265 vs. 3.0159246065947265
list:
dist: 1.5164997686003772 vs. 1.5164997686003772
list:
dist: 2.8044213129462165 vs. 2.8044213129462165
list:
dist: 2.1676967665055082 vs. 2.1676967665055082
list:
dist: 1.7554672738313268 vs. 1.7554672738313268
list:
dist: 2.4303186542361264 vs. 2.4303186542361264
list:
dist: 2.4341790399378396 vs. 2.4341790399378396
list:
dist: 0.9978213118611773 vs. 0.9978213118611773
list:
dist: 1.6807915354234981 vs. 1.6807915354234981
list:
dist: 1.5131911724117117 vs. 1.5131911724117117
list:
dist: 2.4918803103796456 vs. 2.4918803103796456
list:
dist: 2.410706964983076 vs. 2.410706964983076
list:
dist: 2.083077345433728 vs. 2.083077345433728
list:
dist: 2.4003312024770262 vs. 2.4003312024770262
list:
dist: 2.9465423280568874 vs. 2.9465423280568874
list:
dist: 2.4003312024770262 vs. 2.4003312024770262
list:
dist: 2.305007319360886 vs. 2.305007319360886
list:
dist: 1.6619019432749407 vs. 1.6619019432749407
list:
dist: 2.112655588293185 vs. 2.112655588293185
list:
dist: 0.8169870885083265 vs. 0.8169870885083265
list:
dist: 0.9030337217984382 vs. 0.9030337217984382
list:
dist: 2.2890795901120584 vs. 2.2890795901120584
list:
dist: 1.5792727482544247 vs. 1.5792727482544247
list:
dist: 1.7539416568800539 vs. 1.7539416568800539
list:
dist: 0.7178793392763442 vs. 0.7178793392763442
list:
dist: 0.7789095491741579 vs. 0.7789095491741579
list:
dist: 1.4014858745814438 vs. 1.4014858745814438
list:
dist: 1.3885313695093715 vs. 1.3885313695093715
list:
dist: 2.1978342490516742 vs. 2.1978342490516742
list:
dist: 1.8591263870028072 vs. 1.8591263870028072
list:
dist: 1.4031904121938137 vs. 1.4031904121938137
list:
dist: 1.715938174226918 vs. 1.715938174226918
list:
dist: 2.102772026134719 vs. 2.102772026134719
list:
dist: 1.7615516346171647 vs. 1.7615516346171647
list:
dist: 1.3903944107773365 vs. 1.3903944107773365
list:
dist: 1.0963385124644636 vs. 1.0963385124644636
list:
dist: 2.401985273050445 vs. 2.401985273050445
list:
dist: 2.838897649564772 vs. 2.838897649564772
list:
dist: 1.5131911724117117 vs. 1.5131911724117117
list:
dist: 3.2563850441331903 vs. 3.2563850441331903
list:
dist: 2.5815522841156464 vs. 2.5815522841156464
list:
dist: 2.5625335146970913 vs. 2.5625335146970913
list:
dist: 2.2864318177806977 vs. 2.2864318177806977
list:
dist: 2.335072889536914 vs. 2.335072889536914
list:
dist: 2.1712206586282856 vs. 2.1712206586282856
list:
dist: 1.2625784975022434 vs. 1.2625784975022434
list:
dist: 1.6133699442479994 vs. 1.6133699442479994
list:
dist: 1.9136374126569327 vs. 1.9136374126569327
list:
dist: 0.9522695605450763 vs. 0.9522695605450763
list:
dist: 1.7539416568800539 vs. 1.7539416568800539
list:
dist: 3.0629195949493226 vs. 3.0629195949493226
list:
dist: 3.4711941981684595 vs. 3.4711941981684595
list:
dist: 3.572583646133476 vs. 3.572583646133476
list:
dist: 2.6941827842184987 vs. 2.6941827842184987
list:
dist: 3.2373545619695125 vs. 3.2373545619695125
list:
dist: 3.8477165931818638 vs. 3.8477165931818638
list:
dist: 3.395146887387895 vs. 3.395146887387895
list:
dist: 2.992910010702308 vs. 2.992910010702308
list:
dist: 2.629542932247523 vs. 2.629542932247523
list:
dist: 3.2554558005270158 vs. 3.2554558005270158
list:
dist: 3.3072937104195437 vs. 3.3072937104195437
list:
dist: 2.9470085787202107 vs. 2.9470085787202107
list:
dist: 3.572401685808439 vs. 3.572401685808439
list:
dist: 2.035465917854859 vs. 2.035465917854859
list:
dist: 2.0952356646926664 vs. 2.0952356646926664
list:
dist: 3.937931724723509 vs. 3.937931724723509
list:
dist: 3.043865373493285 vs. 3.043865373493285
list:
dist: 3.2373545619695125 vs. 3.2373545619695125
list:
dist: 1.8548861657535285 vs. 1.8548861657535285
list:
dist: 1.9882360455230694 vs. 1.9882360455230694
list:
dist: 2.6668677518687565 vs. 2.6668677518687565
list:
dist: 1.715938174226918 vs. 1.715938174226918
list:
dist: 1.7430964579435593 vs. 1.7430964579435593
list:
dist: 2.9869942444007225 vs. 2.9869942444007225
list:
dist: 1.5477136657333244 vs. 1.5477136657333244
list:
dist: 1.07131202824224 vs. 1.07131202824224
list:
dist: 1.1965114817203595 vs. 1.1965114817203595
list:
dist: 0.5754973249105985 vs. 0.5754973249105985
list:
dist: 1.2688801462232795 vs. 1.2688801462232795
list:
dist: 0.9236578976160815 vs. 0.9236578976160815
list:
dist: 1.4353681105475682 vs. 1.4353681105475682
list:
dist: 2.7908695899577562 vs. 2.7908695899577562
list:
dist: 1.4825214241269251 vs. 1.4825214241269251
list:
dist: 3.2489429623745165 vs. 3.2489429623745165
list:
dist: 2.083077345433728 vs. 2.083077345433728
list:
dist: 3.417089397185051 vs. 3.417089397185051
list:
dist: 2.368751969010678 vs. 2.368751969010678
list:
dist: 2.529492797823574 vs. 2.529492797823574
list:
dist: 2.0433908196702677 vs. 2.0433908196702677
list:
dist: 2.0264296641978947 vs. 2.0264296641978947
list:
dist: 2.466809811771291 vs. 2.466809811771291
list:
dist: 1.8570685753194929 vs. 1.8570685753194929
list:
dist: 0.9522695605450763 vs. 0.9522695605450763
list:
dist: 1.5418378854255812 vs. 1.5418378854255812
list:
dist: 1.2819829247524968 vs. 1.2819829247524968
list:
dist: 1.4014858745814438 vs. 1.4014858745814438
list:
dist: 2.7350828647847982 vs. 2.7350828647847982
list:
dist: 3.3782328667454955 vs. 3.3782328667454955
list:
dist: 3.230862384829174 vs. 3.230862384829174
list:
dist: 2.4289595216211493 vs. 2.4289595216211493
list:
dist: 2.6668677518687565 vs. 2.6668677518687565
list:
dist: 3.316487836301233 vs. 3.316487836301233
list:
dist: 2.935999215013124 vs. 2.935999215013124
list:
dist: 2.7398670414104798 vs. 2.7398670414104798
list:
dist: 2.288480591734127 vs. 2.288480591734127
list:
dist: 2.638413140068546 vs. 2.638413140068546
list:
dist: 2.991273676650528 vs. 2.991273676650528
list:
dist: 2.410706964983076 vs. 2.410706964983076
list:
dist: 2.6719524431785002 vs. 2.6719524431785002
list:
dist: 1.421566991240165 vs. 1.421566991240165
list:
dist: 1.8793460501363128 vs. 1.8793460501363128
list:
dist: 1.0587519522587845 vs. 1.0587519522587845
list:
dist: 0.9448284261835829 vs. 0.9448284261835829
list:
dist: 2.24278852668737 vs. 2.24278852668737
list:
dist: 2.121807454449299 vs. 2.121807454449299
list:
dist: 1.9136374126569327 vs. 1.9136374126569327
list:
dist: 1.4508386538599956 vs. 1.4508386538599956
list:
dist: 1.2819829247524968 vs. 1.2819829247524968
list:
dist: 0.7789095491741579 vs. 0.7789095491741579
list:
dist: 1.622943967933886 vs. 1.622943967933886
list:
dist: 2.3490236199940604 vs. 2.3490236199940604
list:
dist: 2.184969023997431 vs. 2.184969023997431
list:
dist: 2.0403074852926064 vs. 2.0403074852926064
list:
dist: 1.9882360455230694 vs. 1.9882360455230694
list:
dist: 2.2422067990058525 vs. 2.2422067990058525
list:
dist: 2.1374265311651777 vs. 2.1374265311651777
list:
dist: 1.9558000532756237 vs. 1.9558000532756237
list:
dist: 1.6793473708060689 vs. 1.6793473708060689
list:
dist: 2.603868135713184 vs. 2.603868135713184
list:
dist: 2.532383901807923 vs. 2.532383901807923
list:
dist: 2.4341790399378396 vs. 2.4341790399378396
list:
dist: 1.7794108108235553 vs. 1.7794108108235553
list:
dist: 0.8921694284278463 vs. 0.8921694284278463
list:
dist: 1.4954580974525726 vs. 1.4954580974525726
list:
dist: 0.24317766180533462 vs. 0.24317766180533462
list:
dist: 1.9534594912714982 vs. 1.9534594912714982
list:
dist: 2.016312323489563 vs. 2.016312323489563
list:
dist: 2.335072889536914 vs. 2.335072889536914
list:
dist: 1.5103271262521345 vs. 1.5103271262521345
list:
dist: 0.9448284261835829 vs. 0.9448284261835829
list:
dist: 2.0264296641978947 vs. 2.0264296641978947
list:
dist: 0.9030337217984382 vs. 0.9030337217984382
list:
dist: 2.341040407149851 vs. 2.341040407149851
list:
dist: 3.119294734773542 vs. 3.119294734773542
list:
dist: 0.9014236023192658 vs. 0.9014236023192658
list:
dist: 1.4158587323098226 vs. 1.4158587323098226
list:
dist: 1.5925678939200938 vs. 1.5925678939200938
list:
dist: 1.9900958221256633 vs. 1.9900958221256633
list:
dist: 2.0952356646926664 vs. 2.0952356646926664
list:
dist: 1.9437175210398039 vs. 1.9437175210398039
list:
dist: 1.9798802696140465 vs. 1.9798802696140465
list:
dist: 1.5192258054998988 vs. 1.5192258054998988
list:
dist: 1.5678473058733111 vs. 1.5678473058733111
list:
dist: 0.9445845806951825 vs. 0.9445845806951825
list:
dist: 1.3886666944335966 vs. 1.3886666944335966
list:
dist: 1.78418277469291 vs. 1.78418277469291
list:
dist: 1.394481429856775 vs. 1.394481429856775
list:
dist: 1.4158587323098226 vs. 1.4158587323098226
list:
dist: 2.280892834874598 vs. 2.280892834874598
list:
dist: 2.7616090166526828 vs. 2.7616090166526828
list:
dist: 3.4711941981684595 vs. 3.4711941981684595
list:
dist: 2.5790383555460923 vs. 2.5790383555460923
list:
dist: 2.3490236199940604 vs. 2.3490236199940604
list:
dist: 3.3782328667454955 vs. 3.3782328667454955
list:
dist: 2.1978342490516742 vs. 2.1978342490516742
list:
dist: 0.9910276687690364 vs. 0.9910276687690364
list:
dist: 2.0885971824061484 vs. 2.0885971824061484
list:
dist: 1.2482992199324487 vs. 1.2482992199324487
list:
dist: 1.688394943567977 vs. 1.688394943567977
list:
dist: 2.8200084227628355 vs. 2.8200084227628355
list:
dist: 2.9869942444007225 vs. 2.9869942444007225
list:
dist: 2.323383400805895 vs. 2.323383400805895
list:
dist: 2.622178435541768 vs. 2.622178435541768
list:
dist: 2.0091472368698753 vs. 2.0091472368698753
list:
dist: 2.4398120733789765 vs. 2.4398120733789765
list:
dist: 2.8382769123452922 vs. 2.8382769123452922
list:
dist: 3.5772145834510254 vs. 3.5772145834510254
list:
dist: 1.5164997686003772 vs. 1.5164997686003772
list:
dist: 2.065307027897626 vs. 2.065307027897626
list:
dist: 1.9758965955014103 vs. 1.9758965955014103
list:
dist: 1.4159139179355245 vs. 1.4159139179355245
list:
dist: 2.5307981453250554 vs. 2.5307981453250554
list:
dist: 2.532383901807923 vs. 2.532383901807923
list:
dist: 0.8229133262349495 vs. 0.8229133262349495
list:
dist: 2.4015372415964085 vs. 2.4015372415964085
list:
dist: 2.838897649564772 vs. 2.838897649564772
list:
dist: 3.1460300714226666 vs. 3.1460300714226666
list:
dist: 2.991273676650528 vs. 2.991273676650528
list:
dist: 3.2489429623745165 vs. 3.2489429623745165
list:
dist: 2.9465423280568874 vs. 2.9465423280568874
list:
dist: 1.9758965955014103 vs. 1.9758965955014103
list:
dist: 2.1676967665055082 vs. 2.1676967665055082
list:
dist: 1.8226685529330213 vs. 1.8226685529330213
list:
dist: 0.6925212772602676 vs. 0.6925212772602676
list:
dist: 1.0584461883672436 vs. 1.0584461883672436
list:
dist: 0.8921694284278463 vs. 0.8921694284278463
list:
dist: 1.4334305105792875 vs. 1.4334305105792875
list:
dist: 2.3730611136753046 vs. 2.3730611136753046
list:
dist: 2.5815522841156464 vs. 2.5815522841156464
list:
dist: 2.2431039397990573 vs. 2.2431039397990573
list:
dist: 1.421566991240165 vs. 1.421566991240165
list:
dist: 2.368751969010678 vs. 2.368751969010678
list:
dist: 1.6619019432749407 vs. 1.6619019432749407
list:
dist: 2.275653280725545 vs. 2.275653280725545
list:
dist: 3.2113334571824406 vs. 3.2113334571824406
list:
dist: 1.5809836417241359 vs. 1.5809836417241359
list:
dist: 1.3886666944335966 vs. 1.3886666944335966
list:
dist: 2.2894409502361324 vs. 2.2894409502361324
list:
dist: 2.872564758545796 vs. 2.872564758545796
list:
dist: 2.9470085787202107 vs. 2.9470085787202107
list:
dist: 2.6413107857373577 vs. 2.6413107857373577
list:
dist: 2.834738083141994 vs. 2.834738083141994
list:
dist: 2.3624763104270836 vs. 2.3624763104270836
list:
dist: 2.4589194557650957 vs. 2.4589194557650957
list:
dist: 2.065307027897626 vs. 2.065307027897626
list:
dist: 2.8044213129462165 vs. 2.8044213129462165
list:
dist: 1.8226685529330213 vs. 1.8226685529330213
list:
dist: 1.9966770678385002 vs. 1.9966770678385002
list:
dist: 1.6533470849798686 vs. 1.6533470849798686
list:
dist: 1.7794108108235553 vs. 1.7794108108235553
list:
dist: 2.1056957218116397 vs. 2.1056957218116397
list:
dist: 2.2916088043297886 vs. 2.2916088043297886
list:
dist: 3.2563850441331903 vs. 3.2563850441331903
list:
dist: 2.4447082340016073 vs. 2.4447082340016073
list:
dist: 2.6719524431785002 vs. 2.6719524431785002
list:
dist: 3.417089397185051 vs. 3.417089397185051
list:
dist: 2.305007319360886 vs. 2.305007319360886
list:
dist: 1.5506778550920202 vs. 1.5506778550920202
list:
dist: 2.741995233180461 vs. 2.741995233180461
list:
dist: 1.749997843864701 vs. 1.749997843864701
list:
dist: 0.9445845806951825 vs. 0.9445845806951825
list:
dist: 2.1188879394804125 vs. 2.1188879394804125
list:
dist: 2.822292822019657 vs. 2.822292822019657
list:
dist: 3.3072937104195437 vs. 3.3072937104195437
list:
dist: 2.884845994510676 vs. 2.884845994510676
list:
dist: 2.9242942222014565 vs. 2.9242942222014565
list:
dist: 2.1344201886111756 vs. 2.1344201886111756
list:
dist: 2.5544330931711254 vs. 2.5544330931711254
list:
dist: 1.5506778550920202 vs. 1.5506778550920202
list:
dist: 2.275653280725545 vs. 2.275653280725545
list:
dist: 2.6210940150273543 vs. 2.6210940150273543
list:
dist: 2.3273639343122703 vs. 2.3273639343122703
list:
dist: 2.341040407149851 vs. 2.341040407149851
list:
dist: 3.1482137805536503 vs. 3.1482137805536503
list:
dist: 1.301942897370745 vs. 1.301942897370745
list:
dist: 1.9205546634430242 vs. 1.9205546634430242
list:
dist: 0.9910276687690364 vs. 0.9910276687690364
list:
dist: 2.0700040424409996 vs. 2.0700040424409996
list:
dist: 2.517127468151564 vs. 2.517127468151564
list:
dist: 3.439140870945593 vs. 3.439140870945593
list:
dist: 3.2554558005270158 vs. 3.2554558005270158
list:
dist: 2.3169468428915097 vs. 2.3169468428915097
list:
dist: 2.603868135713184 vs. 2.603868135713184
list:
dist: 2.638413140068546 vs. 2.638413140068546
list:
dist: 2.401985273050445 vs. 2.401985273050445
list:
dist: 1.7746903750604068 vs. 1.7746903750604068
list:
dist: 1.4353681105475682 vs. 1.4353681105475682
list:
dist: 2.6033807106048363 vs. 2.6033807106048363
list:
dist: 1.952244519651357 vs. 1.952244519651357
list:
dist: 2.481976271759712 vs. 2.481976271759712
list:
dist: 1.919942554744498 vs. 1.919942554744498
list:
dist: 2.3022934486620383 vs. 2.3022934486620383
list:
dist: 2.5544330931711254 vs. 2.5544330931711254
list:
dist: 2.4589194557650957 vs. 2.4589194557650957
list:
dist: 3.0159246065947265 vs. 3.0159246065947265
list:
dist: 1.4203662316731742 vs. 1.4203662316731742
list:
dist: 1.5678473058733111 vs. 1.5678473058733111
list:
dist: 3.2433520801645055 vs. 3.2433520801645055
list:
dist: 2.194587032067485 vs. 2.194587032067485
list:
dist: 2.629542932247523 vs. 2.629542932247523
list:
dist: 1.0719836796018107 vs. 1.0719836796018107
list:
dist: 1.6793473708060689 vs. 1.6793473708060689
list:
dist: 2.288480591734127 vs. 2.288480591734127
list:
dist: 1.0963385124644636 vs. 1.0963385124644636
list:
dist: 1.3258338398019347 vs. 1.3258338398019347
list:
dist: 2.4398120733789765 vs. 2.4398120733789765
list:
dist: 1.3135142198366405 vs. 1.3135142198366405
list:
dist: 0.47080568807744794 vs. 0.47080568807744794
list:
dist: 0.9236578976160815 vs. 0.9236578976160815
list:
dist: 1.49764235672612 vs. 1.49764235672612
list:
dist: 0.8120764260588715 vs. 0.8120764260588715
list:
dist: 0.6264754671952086 vs. 0.6264754671952086
list:
dist: 1.919942554744498 vs. 1.919942554744498
list:
dist: 2.9796390262972627 vs. 2.9796390262972627
list:
dist: 1.8429505874664007 vs. 1.8429505874664007
list:
dist: 2.1344201886111756 vs. 2.1344201886111756
list:
dist: 2.3624763104270836 vs. 2.3624763104270836
list:
dist: 2.9377660592274033 vs. 2.9377660592274033
list:
dist: 1.3470918056419392 vs. 1.3470918056419392
list:
dist: 1.5192258054998988 vs. 1.5192258054998988
list:
dist: 3.2137654353634013 vs. 3.2137654353634013
list:
dist: 2.344378469302333 vs. 2.344378469302333
list:
dist: 2.992910010702308 vs. 2.992910010702308
list:
dist: 1.4314728144076931 vs. 1.4314728144076931
list:
dist: 1.9558000532756237 vs. 1.9558000532756237
list:
dist: 2.7398670414104798 vs. 2.7398670414104798
list:
dist: 1.3903944107773365 vs. 1.3903944107773365
list:
dist: 0.9820613625167494 vs. 0.9820613625167494
list:
dist: 2.0091472368698753 vs. 2.0091472368698753
list:
dist: 0.8176847752969477 vs. 0.8176847752969477
list:
dist: 0.9087147439552773 vs. 0.9087147439552773
list:
dist: 1.2688801462232795 vs. 1.2688801462232795
list:
dist: 1.301168014036737 vs. 1.301168014036737
list:
dist: 0.8505236461026078 vs. 0.8505236461026078
list:
dist: 0.6264754671952086 vs. 0.6264754671952086
list:
dist: 2.481976271759712 vs. 2.481976271759712
list:
dist: 2.5250973130060186 vs. 2.5250973130060186
list:
dist: 1.7930057138360862 vs. 1.7930057138360862
list:
dist: 2.822292822019657 vs. 2.822292822019657
list:
dist: 2.872564758545796 vs. 2.872564758545796
list:
dist: 3.3916094052236674 vs. 3.3916094052236674
list:
dist: 1.8240879347405745 vs. 1.8240879347405745
list:
dist: 1.9900958221256633 vs. 1.9900958221256633
list:
dist: 3.5309904603149738 vs. 3.5309904603149738
list:
dist: 2.2281622141688735 vs. 2.2281622141688735
list:
dist: 2.6941827842184987 vs. 2.6941827842184987
list:
dist: 1.1314025482008465 vs. 1.1314025482008465
list:
dist: 2.0403074852926064 vs. 2.0403074852926064
list:
dist: 2.4289595216211493 vs. 2.4289595216211493
list:
dist: 1.4031904121938137 vs. 1.4031904121938137
list:
dist: 1.7624767251057472 vs. 1.7624767251057472
list:
dist: 2.8200084227628355 vs. 2.8200084227628355
list:
dist: 1.6625590215009245 vs. 1.6625590215009245
list:
dist: 1.07131202824224 vs. 1.07131202824224
list:
dist: 1.8364603920968294 vs. 1.8364603920968294
list:
dist: 1.0123664475890537 vs. 1.0123664475890537
list:
dist: 0.9087147439552773 vs. 0.9087147439552773
list:
dist: 0.47080568807744794 vs. 0.47080568807744794
list:
dist: 1.7746903750604068 vs. 1.7746903750604068
list:
dist: 3.223246603388681 vs. 3.223246603388681
list:
dist: 1.7330064968988141 vs. 1.7330064968988141
list:
dist: 2.517127468151564 vs. 2.517127468151564
list:
dist: 1.669688739083266 vs. 1.669688739083266
list:
dist: 2.385508865638895 vs. 2.385508865638895
list:
dist: 2.8382769123452922 vs. 2.8382769123452922
list:
dist: 1.8167493811225663 vs. 1.8167493811225663
list:
dist: 3.223246603388681 vs. 3.223246603388681
list:
dist: 2.7908695899577562 vs. 2.7908695899577562
list:
dist: 1.7286967173992815 vs. 1.7286967173992815
list:
dist: 2.3474285845073526 vs. 2.3474285845073526
list:
dist: 2.5250973130060186 vs. 2.5250973130060186
list:
dist: 2.9796390262972627 vs. 2.9796390262972627
list:
dist: 2.3667311305750394 vs. 2.3667311305750394
list:
dist: 3.1460300714226666 vs. 3.1460300714226666
list:
dist: 2.4918803103796456 vs. 2.4918803103796456
list:
dist: 2.4447082340016073 vs. 2.4447082340016073
list:
dist: 2.2431039397990573 vs. 2.2431039397990573
list:
dist: 2.600391833981904 vs. 2.600391833981904
list:
dist: 1.3449693153534206 vs. 1.3449693153534206
list:
dist: 1.5103271262521345 vs. 1.5103271262521345
list:
dist: 2.563504518215898 vs. 2.563504518215898
list:
dist: 1.2052408152168497 vs. 1.2052408152168497
list:
dist: 1.6133699442479994 vs. 1.6133699442479994
list:
dist: 1.4508386538599956 vs. 1.4508386538599956
list:
dist: 1.5418378854255812 vs. 1.5418378854255812
list:
dist: 0.7178793392763442 vs. 0.7178793392763442
list:
dist: 1.8180976385399437 vs. 1.8180976385399437
list:
dist: 2.5790383555460923 vs. 2.5790383555460923
list:
dist: 2.1292882292579045 vs. 2.1292882292579045
list:
dist: 1.1314025482008465 vs. 1.1314025482008465
list:
dist: 1.8548861657535285 vs. 1.8548861657535285
list:
dist: 2.454512768362155 vs. 2.454512768362155
list:
dist: 1.879595780980584 vs. 1.879595780980584
list:
dist: 1.4314728144076931 vs. 1.4314728144076931
list:
dist: 1.0719836796018107 vs. 1.0719836796018107
list:
dist: 2.3169468428915097 vs. 2.3169468428915097
list:
dist: 2.9242942222014565 vs. 2.9242942222014565
list:
dist: 2.834738083141994 vs. 2.834738083141994
list:
dist: 3.472355045991841 vs. 3.472355045991841
list:
dist: 1.8858370589253108 vs. 1.8858370589253108
list:
dist: 1.9798802696140465 vs. 1.9798802696140465
list:
dist: 3.846605721694012 vs. 3.846605721694012
list:
dist: 2.9898296449460084 vs. 2.9898296449460084
list:
dist: 3.395146887387895 vs. 3.395146887387895
list:
dist: 1.879595780980584 vs. 1.879595780980584
list:
dist: 2.1374265311651777 vs. 2.1374265311651777
list:
dist: 2.935999215013124 vs. 2.935999215013124
list:
dist: 1.7615516346171647 vs. 1.7615516346171647
list:
dist: 1.4197828961003536 vs. 1.4197828961003536
list:
dist: 2.622178435541768 vs. 2.622178435541768
list:
dist: 1.0581201585238154 vs. 1.0581201585238154
list:
dist: 1.0123664475890537 vs. 1.0123664475890537
list:
dist: 0.5754973249105985 vs. 0.5754973249105985
list:
dist: 0.8891136919252981 vs. 0.8891136919252981
list:
dist: 0.8505236461026078 vs. 0.8505236461026078
list:
dist: 0.8120764260588715 vs. 0.8120764260588715
list:
dist: 1.952244519651357 vs. 1.952244519651357
list:
dist: 2.3474285845073526 vs. 2.3474285845073526
list:
dist: 1.2419338328555491 vs. 1.2419338328555491
list:
dist: 2.5307981453250554 vs. 2.5307981453250554
list:
dist: 2.4303186542361264 vs. 2.4303186542361264
list:
dist: 1.6533470849798686 vs. 1.6533470849798686
list:
dist: 1.0584461883672436 vs. 1.0584461883672436
list:
dist: 1.6153157949196597 vs. 1.6153157949196597
list:
dist: 0.24317766180533462 vs. 0.24317766180533462
list:
dist: 1.9832726366425142 vs. 1.9832726366425142
list:
dist: 1.8568420172703264 vs. 1.8568420172703264
list:
dist: 2.2864318177806977 vs. 2.2864318177806977
list:
dist: 1.3449693153534206 vs. 1.3449693153534206
list:
dist: 1.0587519522587845 vs. 1.0587519522587845
list:
dist: 2.0433908196702677 vs. 2.0433908196702677
list:
dist: 0.8169870885083265 vs. 0.8169870885083265
list:
dist: 2.3273639343122703 vs. 2.3273639343122703
list:
dist: 3.126776765222118 vs. 3.126776765222118
list:
dist: 0.8436018244343805 vs. 0.8436018244343805
list:
dist: 1.394481429856775 vs. 1.394481429856775
list:
dist: 1.5039800613865366 vs. 1.5039800613865366
list:
dist: 1.8240879347405745 vs. 1.8240879347405745
list:
dist: 2.035465917854859 vs. 2.035465917854859
list:
dist: 1.928841499379884 vs. 1.928841499379884
list:
dist: 1.8858370589253108 vs. 1.8858370589253108
list:
dist: 1.3470918056419392 vs. 1.3470918056419392
list:
dist: 1.4203662316731742 vs. 1.4203662316731742
list:
dist: 2.741995233180461 vs. 2.741995233180461
list:
dist: 3.2113334571824406 vs. 3.2113334571824406
list:
dist: 3.6846402694854072 vs. 3.6846402694854072
list:
dist: 3.126776765222118 vs. 3.126776765222118
list:
dist: 3.119294734773542 vs. 3.119294734773542
list:
dist: 4.324975906966446 vs. 4.324975906966446
list:
dist: 1.301942897370745 vs. 1.301942897370745
list:
dist: 2.446099458082348 vs. 2.446099458082348
list:
dist: 2.0885971824061484 vs. 2.0885971824061484
list:
dist: 2.2735454395533425 vs. 2.2735454395533425
list:
dist: 1.669688739083266 vs. 1.669688739083266
list:
dist: 1.749997843864701 vs. 1.749997843864701
list:
dist: 1.5809836417241359 vs. 1.5809836417241359
list:
dist: 2.2243313224178913 vs. 2.2243313224178913
list:
dist: 0.8436018244343805 vs. 0.8436018244343805
list:
dist: 0.9014236023192658 vs. 0.9014236023192658
list:
dist: 2.717395807004743 vs. 2.717395807004743
list:
dist: 2.5299201131862357 vs. 2.5299201131862357
list:
dist: 3.0629195949493226 vs. 3.0629195949493226
list:
dist: 1.8180976385399437 vs. 1.8180976385399437
list:
dist: 1.622943967933886 vs. 1.622943967933886
list:
dist: 2.7350828647847982 vs. 2.7350828647847982
list:
dist: 1.3885313695093715 vs. 1.3885313695093715
list:
dist: 1.9205546634430242 vs. 1.9205546634430242
list:
dist: 2.446099458082348 vs. 2.446099458082348
list:
dist: 1.2482992199324487 vs. 1.2482992199324487
list:
dist: 0.7140137295128612 vs. 0.7140137295128612
list:
dist: 1.7624767251057472 vs. 1.7624767251057472
list:
dist: 1.7430964579435593 vs. 1.7430964579435593
list:
dist: 1.2253484787502729 vs. 1.2253484787502729
list:
dist: 1.4197828961003536 vs. 1.4197828961003536
list:
dist: 0.9820613625167494 vs. 0.9820613625167494
list:
dist: 1.3258338398019347 vs. 1.3258338398019347
list:
dist: 2.385508865638895 vs. 2.385508865638895
list:
dist: 2.514331675842749 vs. 2.514331675842749
list:
dist: 2.514331675842749 vs. 2.514331675842749
list:
dist: 3.5772145834510254 vs. 3.5772145834510254
list:
dist: 1.9229530948386495 vs. 1.9229530948386495
list:
dist: 1.7330064968988141 vs. 1.7330064968988141
list:
dist: 1.4825214241269251 vs. 1.4825214241269251
list:
dist: 1.7190296853994735 vs. 1.7190296853994735
list:
dist: 1.2419338328555491 vs. 1.2419338328555491
list:
dist: 1.7930057138360862 vs. 1.7930057138360862
list:
dist: 1.8429505874664007 vs. 1.8429505874664007
list:
dist: 2.3022934486620383 vs. 2.3022934486620383
list:
dist: 2.3667311305750394 vs. 2.3667311305750394
list:
dist: 2.884845994510676 vs. 2.884845994510676
list:
dist: 2.6413107857373577 vs. 2.6413107857373577
list:
dist: 3.3270449252490826 vs. 3.3270449252490826
list:
dist: 1.928841499379884 vs. 1.928841499379884
list:
dist: 1.9437175210398039 vs. 1.9437175210398039
list:
dist: 3.880596127718808 vs. 3.880596127718808
list:
dist: 3.4675864224977917 vs. 3.4675864224977917
list:
dist: 3.8477165931818638 vs. 3.8477165931818638
list:
dist: 2.454512768362155 vs. 2.454512768362155
list:
dist: 2.2422067990058525 vs. 2.2422067990058525
list:
dist: 3.316487836301233 vs. 3.316487836301233
list:
dist: 2.102772026134719 vs. 2.102772026134719
list:
dist: 1.2253484787502729 vs. 1.2253484787502729
list:
dist: 2.323383400805895 vs. 2.323383400805895
list:
dist: 0.8242766526459016 vs. 0.8242766526459016
list:
dist: 1.8364603920968294 vs. 1.8364603920968294
list:
dist: 1.1965114817203595 vs. 1.1965114817203595
list:
dist: 0.8891136919252981 vs. 0.8891136919252981
list:
dist: 1.301168014036737 vs. 1.301168014036737
list:
dist: 1.49764235672612 vs. 1.49764235672612
list:
dist: 2.6033807106048363 vs. 2.6033807106048363
list:
dist: 1.7286967173992815 vs. 1.7286967173992815
list:
dist: 1.7190296853994735 vs. 1.7190296853994735
list:
dist: 2.1188879394804125 vs. 2.1188879394804125
list:
dist: 2.2894409502361324 vs. 2.2894409502361324
list:
dist: 2.9287309495113534 vs. 2.9287309495113534
list:
dist: 1.5039800613865366 vs. 1.5039800613865366
list:
dist: 1.5925678939200938 vs. 1.5925678939200938
list:
dist: 3.3934715280317254 vs. 3.3934715280317254
list:
dist: 2.9614786695218607 vs. 2.9614786695218607
list:
dist: 3.572583646133476 vs. 3.572583646133476
list:
dist: 2.1292882292579045 vs. 2.1292882292579045
list:
dist: 2.184969023997431 vs. 2.184969023997431
list:
dist: 3.230862384829174 vs. 3.230862384829174
list:
dist: 1.8591263870028072 vs. 1.8591263870028072
list:
dist: 2.0700040424409996 vs. 2.0700040424409996
list:
dist: 2.2735454395533425 vs. 2.2735454395533425
list:
dist: 0.7140137295128612 vs. 0.7140137295128612
list:
dist: 1.688394943567977 vs. 1.688394943567977
list:
dist: 1.6625590215009245 vs. 1.6625590215009245
list:
dist: 1.5477136657333244 vs. 1.5477136657333244
list:
dist: 0.8242766526459016 vs. 0.8242766526459016
list:
dist: 1.0581201585238154 vs. 1.0581201585238154
list:
dist: 0.8176847752969477 vs. 0.8176847752969477
list:
dist: 1.3135142198366405 vs. 1.3135142198366405
list:
dist: 1.8167493811225663 vs. 1.8167493811225663
list:
dist: 1.9229530948386495 vs. 1.9229530948386495
list:
dist: 3.2914878736908455 vs. 3.2914878736908455
list:
dist: 1.8259405225424656 vs. 1.8259405225424656
list:
dist: 0.8257738733816409 vs. 0.8257738733816409
list:
dist: 1.489106894747315 vs. 1.489106894747315
list:
dist: 1.3362042472055224 vs. 1.3362042472055224
list:
dist: 1.6917564185716194 vs. 1.6917564185716194
list:
dist: 0.9595299889993423 vs. 0.9595299889993423
list:
dist: 1.1330415918450794 vs. 1.1330415918450794
list:
dist: 0.7047153137085509 vs. 0.7047153137085509
list:
dist: 0.850296503417176 vs. 0.850296503417176
list:
dist: 2.2087563515989226 vs. 2.2087563515989226
list:
dist: 3.871947665811086 vs. 3.871947665811086
list:
dist: 1.3390787880922725 vs. 1.3390787880922725
list:
dist: 1.9466707980912432 vs. 1.9466707980912432
list:
dist: 2.478899798343613 vs. 2.478899798343613
list:
dist: 2.8220924685503888 vs. 2.8220924685503888
list:
dist: 1.7475156314567746 vs. 1.7475156314567746
list:
dist: 1.9411163023390792 vs. 1.9411163023390792
list:
dist: 1.5507352736528646 vs. 1.5507352736528646
list:
dist: 2.7635545175569516 vs. 2.7635545175569516
list:
dist: 1.4387296649041557 vs. 1.4387296649041557
list:
dist: 2.5654021859073897 vs. 2.5654021859073897
list:
dist: 3.1368742582478757 vs. 3.1368742582478757
list:
dist: 2.9826216853409346 vs. 2.9826216853409346
list:
dist: 3.472429540821106 vs. 3.472429540821106
list:
dist: 1.5540781981029708 vs. 1.5540781981029708
list:
dist: 1.2624015494059935 vs. 1.2624015494059935
list:
dist: 1.8714598815503474 vs. 1.8714598815503474
list:
dist: 1.4604966259161944 vs. 1.4604966259161944
list:
dist: 2.4295639959056894 vs. 2.4295639959056894
list:
dist: 2.067828529336417 vs. 2.067828529336417
list:
dist: 2.170027929378636 vs. 2.170027929378636
list:
dist: 0.8543966212847178 vs. 0.8543966212847178
list:
dist: 1.7161839654581825 vs. 1.7161839654581825
list:
dist: 1.3390787880922725 vs. 1.3390787880922725
list:
dist: 0.9955317440980459 vs. 0.9955317440980459
list:
dist: 2.2914129094669353 vs. 2.2914129094669353
list:
dist: 2.0036363288972634 vs. 2.0036363288972634
list:
dist: 1.9203530132276325 vs. 1.9203530132276325
list:
dist: 1.3245595362169442 vs. 1.3245595362169442
list:
dist: 1.1239501561984486 vs. 1.1239501561984486
list:
dist: 1.6776640376150436 vs. 1.6776640376150436
list:
dist: 1.25151194573781 vs. 1.25151194573781
list:
dist: 2.353252785233501 vs. 2.353252785233501
list:
dist: 2.263168156083259 vs. 2.263168156083259
list:
dist: 2.2446040890940764 vs. 2.2446040890940764
list:
dist: 2.4790867440466227 vs. 2.4790867440466227
list:
dist: 1.241788613211393 vs. 1.241788613211393
list:
dist: 0.95949707915004 vs. 0.95949707915004
list:
dist: 1.1798958855729234 vs. 1.1798958855729234
list:
dist: 0.7395596096688379 vs. 0.7395596096688379
list:
dist: 0.7573548614312575 vs. 0.7573548614312575
list:
dist: 1.532470453464558 vs. 1.532470453464558
list:
dist: 0.6036039879995996 vs. 0.6036039879995996
list:
dist: 1.1330415918450794 vs. 1.1330415918450794
list:
dist: 1.9612136311831165 vs. 1.9612136311831165
list:
dist: 3.4721601056413363 vs. 3.4721601056413363
list:
dist: 2.170027929378636 vs. 2.170027929378636
list:
dist: 2.9680177230184444 vs. 2.9680177230184444
list:
dist: 3.197382702173485 vs. 3.197382702173485
list:
dist: 3.4160923746858414 vs. 3.4160923746858414
list:
dist: 2.2433252664185086 vs. 2.2433252664185086
list:
dist: 2.825239594070674 vs. 2.825239594070674
list:
dist: 2.133162735049555 vs. 2.133162735049555
list:
dist: 3.5472572583193656 vs. 3.5472572583193656
list:
dist: 2.2954056658187234 vs. 2.2954056658187234
list:
dist: 2.503956337951388 vs. 2.503956337951388
list:
dist: 3.4232193484826263 vs. 3.4232193484826263
list:
dist: 3.186475450511648 vs. 3.186475450511648
list:
dist: 3.816414437377429 vs. 3.816414437377429
list:
dist: 2.6232602998804397 vs. 2.6232602998804397
list:
dist: 2.291236442794095 vs. 2.291236442794095
list:
dist: 1.1624062334553686 vs. 1.1624062334553686
list:
dist: 0.44268809610126 vs. 0.44268809610126
list:
dist: 0.7057821455989697 vs. 0.7057821455989697
list:
dist: 1.4444458599100893 vs. 1.4444458599100893
list:
dist: 0.95949707915004 vs. 0.95949707915004
list:
dist: 1.5394740408708971 vs. 1.5394740408708971
list:
dist: 0.8278122459506774 vs. 0.8278122459506774
list:
dist: 1.489106894747315 vs. 1.489106894747315
list:
dist: 1.870573060968377 vs. 1.870573060968377
list:
dist: 3.4762271137281675 vs. 3.4762271137281675
list:
dist: 1.8714598815503474 vs. 1.8714598815503474
list:
dist: 2.795107901913307 vs. 2.795107901913307
list:
dist: 3.304570114163461 vs. 3.304570114163461
list:
dist: 3.0855765535966406 vs. 3.0855765535966406
list:
dist: 2.4039285194866022 vs. 2.4039285194866022
list:
dist: 2.752588316946868 vs. 2.752588316946868
list:
dist: 1.9334113966124424 vs. 1.9334113966124424
list:
dist: 3.1956514968654957 vs. 3.1956514968654957
list:
dist: 2.3584501412708128 vs. 2.3584501412708128
list:
dist: 1.9710530203538363 vs. 1.9710530203538363
list:
dist: 3.33976073468252 vs. 3.33976073468252
list:
dist: 3.123483095234716 vs. 3.123483095234716
list:
dist: 3.564026566136251 vs. 3.564026566136251
list:
dist: 2.57251104056767 vs. 2.57251104056767
list:
dist: 1.870573060968377 vs. 1.870573060968377
list:
dist: 1.7964501120819798 vs. 1.7964501120819798
list:
dist: 2.217889469626802 vs. 2.217889469626802
list:
dist: 1.6383350668852852 vs. 1.6383350668852852
list:
dist: 1.9612136311831165 vs. 1.9612136311831165
list:
dist: 1.8926787148242055 vs. 1.8926787148242055
list:
dist: 2.204566743877018 vs. 2.204566743877018
list:
dist: 2.2087563515989226 vs. 2.2087563515989226
list:
dist: 1.7486085996132512 vs. 1.7486085996132512
list:
dist: 2.336616199826989 vs. 2.336616199826989
list:
dist: 2.306710516849254 vs. 2.306710516849254
list:
dist: 1.4481015292858337 vs. 1.4481015292858337
list:
dist: 2.386797396607417 vs. 2.386797396607417
list:
dist: 1.5650073121997756 vs. 1.5650073121997756
list:
dist: 2.877609602035339 vs. 2.877609602035339
list:
dist: 2.030256977598567 vs. 2.030256977598567
list:
dist: 1.113021982771714 vs. 1.113021982771714
list:
dist: 1.7507056418018745 vs. 1.7507056418018745
list:
dist: 1.463270510785033 vs. 1.463270510785033
list:
dist: 2.1604918665025696 vs. 2.1604918665025696
list:
dist: 3.2551423641271726 vs. 3.2551423641271726
list:
dist: 2.372912583612724 vs. 2.372912583612724
list:
dist: 2.4039285194866022 vs. 2.4039285194866022
list:
dist: 2.154768151347692 vs. 2.154768151347692
list:
dist: 2.793775142298973 vs. 2.793775142298973
list:
dist: 1.602272002691077 vs. 1.602272002691077
list:
dist: 2.2433252664185086 vs. 2.2433252664185086
list:
dist: 1.3195526751223972 vs. 1.3195526751223972
list:
dist: 2.2883735505506264 vs. 2.2883735505506264
list:
dist: 1.7475156314567746 vs. 1.7475156314567746
list:
dist: 1.4481015292858337 vs. 1.4481015292858337
list:
dist: 2.746465452397018 vs. 2.746465452397018
list:
dist: 1.9203530132276325 vs. 1.9203530132276325
list:
dist: 2.5134964202268306 vs. 2.5134964202268306
list:
dist: 1.0214689340780618 vs. 1.0214689340780618
list:
dist: 1.7275471859768845 vs. 1.7275471859768845
list:
dist: 1.2433185944963134 vs. 1.2433185944963134
list:
dist: 0.9689435065373537 vs. 0.9689435065373537
list:
dist: 2.1130628876098534 vs. 2.1130628876098534
list:
dist: 0.8434904627317195 vs. 0.8434904627317195
list:
dist: 1.9147157770966847 vs. 1.9147157770966847
list:
dist: 1.4769540313058094 vs. 1.4769540313058094
list:
dist: 1.361804795250225 vs. 1.361804795250225
list:
dist: 1.956646007871194 vs. 1.956646007871194
list:
dist: 3.5938066905316544 vs. 3.5938066905316544
list:
dist: 2.439831794670853 vs. 2.439831794670853
list:
dist: 2.5788975103417755 vs. 2.5788975103417755
list:
dist: 2.97593095977039 vs. 2.97593095977039
list:
dist: 2.0860115633337695 vs. 2.0860115633337695
list:
dist: 1.0177603114360871 vs. 1.0177603114360871
list:
dist: 0.44268809610126 vs. 0.44268809610126
list:
dist: 1.1224534350412878 vs. 1.1224534350412878
list:
dist: 1.4759558250474951 vs. 1.4759558250474951
list:
dist: 1.1798958855729234 vs. 1.1798958855729234
list:
dist: 1.2186259812447398 vs. 1.2186259812447398
list:
dist: 0.9043832202155949 vs. 0.9043832202155949
list:
dist: 1.3362042472055224 vs. 1.3362042472055224
list:
dist: 1.7964501120819798 vs. 1.7964501120819798
list:
dist: 3.487122452057174 vs. 3.487122452057174
list:
dist: 1.4604966259161944 vs. 1.4604966259161944
list:
dist: 2.412384592796544 vs. 2.412384592796544
list:
dist: 2.988126958756166 vs. 2.988126958756166
list:
dist: 2.692772856453052 vs. 2.692772856453052
list:
dist: 2.154768151347692 vs. 2.154768151347692
list:
dist: 2.3645131505437336 vs. 2.3645131505437336
list:
dist: 1.561126733855987 vs. 1.561126733855987
list:
dist: 2.7621154144921225 vs. 2.7621154144921225
list:
dist: 2.0195008538570396 vs. 2.0195008538570396
list:
dist: 1.7518512446739953 vs. 1.7518512446739953
list:
dist: 3.0864494269461455 vs. 3.0864494269461455
list:
dist: 2.8989885665061026 vs. 2.8989885665061026
list:
dist: 3.261256090525893 vs. 3.261256090525893
list:
dist: 1.2653020245191597 vs. 1.2653020245191597
list:
dist: 2.291236442794095 vs. 2.291236442794095
list:
dist: 2.0860115633337695 vs. 2.0860115633337695
list:
dist: 2.558816863517231 vs. 2.558816863517231
list:
dist: 2.7146082636366504 vs. 2.7146082636366504
list:
dist: 2.4790867440466227 vs. 2.4790867440466227
list:
dist: 1.9627392350335653 vs. 1.9627392350335653
list:
dist: 1.8847112305779898 vs. 1.8847112305779898
list:
dist: 1.8259405225424656 vs. 1.8259405225424656
list:
dist: 1.5540781981029708 vs. 1.5540781981029708
list:
dist: 1.5473880032560896 vs. 1.5473880032560896
list:
dist: 3.6849991022549897 vs. 3.6849991022549897
list:
dist: 3.539027511146173 vs. 3.539027511146173
list:
dist: 3.2551423641271726 vs. 3.2551423641271726
list:
dist: 2.7475450848082144 vs. 2.7475450848082144
list:
dist: 2.6129281103409787 vs. 2.6129281103409787
list:
dist: 3.076424222632918 vs. 3.076424222632918
list:
dist: 2.5955106698223402 vs. 2.5955106698223402
list:
dist: 1.2653020245191597 vs. 1.2653020245191597
list:
dist: 1.1624062334553686 vs. 1.1624062334553686
list:
dist: 1.0177603114360871 vs. 1.0177603114360871
list:
dist: 1.4268801139464862 vs. 1.4268801139464862
list:
dist: 1.51837884203088 vs. 1.51837884203088
list:
dist: 1.241788613211393 vs. 1.241788613211393
list:
dist: 1.102810963965592 vs. 1.102810963965592
list:
dist: 0.6472570309291356 vs. 0.6472570309291356
list:
dist: 0.8257738733816409 vs. 0.8257738733816409
list:
dist: 1.2624015494059935 vs. 1.2624015494059935
list:
dist: 1.9179966484481774 vs. 1.9179966484481774
list:
dist: 3.0830626126819882 vs. 3.0830626126819882
list:
dist: 3.07049809609717 vs. 3.07049809609717
list:
dist: 2.372912583612724 vs. 2.372912583612724
list:
dist: 2.346090997339347 vs. 2.346090997339347
list:
dist: 1.8659105944412797 vs. 1.8659105944412797
list:
dist: 2.9103069749748602 vs. 2.9103069749748602
list:
dist: 1.975299251783843 vs. 1.975299251783843
list:
dist: 2.6232602998804397 vs. 2.6232602998804397
list:
dist: 2.97593095977039 vs. 2.97593095977039
list:
dist: 2.1924854504431637 vs. 2.1924854504431637
list:
dist: 2.437722343596424 vs. 2.437722343596424
list:
dist: 2.2446040890940764 vs. 2.2446040890940764
list:
dist: 3.5409367861415837 vs. 3.5409367861415837
list:
dist: 2.812619675299563 vs. 2.812619675299563
list:
dist: 3.2914878736908455 vs. 3.2914878736908455
list:
dist: 2.57251104056767 vs. 2.57251104056767
list:
dist: 2.9174828893043534 vs. 2.9174828893043534
list:
dist: 2.5955106698223402 vs. 2.5955106698223402
list:
dist: 1.975299251783843 vs. 1.975299251783843
list:
dist: 2.3584501412708128 vs. 2.3584501412708128
list:
dist: 2.0195008538570396 vs. 2.0195008538570396
list:
dist: 2.8168221538906746 vs. 2.8168221538906746
list:
dist: 1.782134237897867 vs. 1.782134237897867
list:
dist: 2.2954056658187234 vs. 2.2954056658187234
list:
dist: 0.8986690364041676 vs. 0.8986690364041676
list:
dist: 2.122228495531965 vs. 2.122228495531965
list:
dist: 1.4387296649041557 vs. 1.4387296649041557
list:
dist: 2.030256977598567 vs. 2.030256977598567
list:
dist: 3.521943811495458 vs. 3.521943811495458
list:
dist: 1.25151194573781 vs. 1.25151194573781
list:
dist: 1.682471117265788 vs. 1.682471117265788
list:
dist: 1.1223822086647268 vs. 1.1223822086647268
list:
dist: 1.599325282861546 vs. 1.599325282861546
list:
dist: 0.8434904627317195 vs. 0.8434904627317195
list:
dist: 0.598106560782253 vs. 0.598106560782253
list:
dist: 0.7425935356159715 vs. 0.7425935356159715
list:
dist: 1.6219153101025123 vs. 1.6219153101025123
list:
dist: 2.1779778631772513 vs. 2.1779778631772513
list:
dist: 2.047852904495011 vs. 2.047852904495011
list:
dist: 2.013133894982384 vs. 2.013133894982384
list:
dist: 2.3044996634485906 vs. 2.3044996634485906
list:
dist: 2.7736815435145377 vs. 2.7736815435145377
list:
dist: 1.8902103116941804 vs. 1.8902103116941804
list:
dist: 2.9399943782847933 vs. 2.9399943782847933
list:
dist: 2.437722343596424 vs. 2.437722343596424
list:
dist: 2.7146082636366504 vs. 2.7146082636366504
list:
dist: 1.51837884203088 vs. 1.51837884203088
list:
dist: 1.4444458599100893 vs. 1.4444458599100893
list:
dist: 1.4759558250474951 vs. 1.4759558250474951
list:
dist: 1.4604778985634377 vs. 1.4604778985634377
list:
dist: 0.7573548614312575 vs. 0.7573548614312575
list:
dist: 1.2509903487058072 vs. 1.2509903487058072
list:
dist: 1.0687174655786296 vs. 1.0687174655786296
list:
dist: 0.9595299889993423 vs. 0.9595299889993423
list:
dist: 1.6383350668852852 vs. 1.6383350668852852
list:
dist: 3.126498306301295 vs. 3.126498306301295
list:
dist: 2.067828529336417 vs. 2.067828529336417
list:
dist: 2.8155913111832676 vs. 2.8155913111832676
list:
dist: 2.556248246149077 vs. 2.556248246149077
list:
dist: 3.0209893263827703 vs. 3.0209893263827703
list:
dist: 1.602272002691077 vs. 1.602272002691077
list:
dist: 2.361425928919443 vs. 2.361425928919443
list:
dist: 1.7614494712489266 vs. 1.7614494712489266
list:
dist: 3.2189148183464384 vs. 3.2189148183464384
list:
dist: 1.782134237897867 vs. 1.782134237897867
list:
dist: 2.3631013283762634 vs. 2.3631013283762634
list:
dist: 2.8727365548709347 vs. 2.8727365548709347
list:
dist: 2.645687273431325 vs. 2.645687273431325
list:
dist: 3.3465033733026432 vs. 3.3465033733026432
list:
dist: 2.812619675299563 vs. 2.812619675299563
list:
dist: 1.8847112305779898 vs. 1.8847112305779898
list:
dist: 0.6472570309291356 vs. 0.6472570309291356
list:
dist: 0.8278122459506774 vs. 0.8278122459506774
list:
dist: 0.9043832202155949 vs. 0.9043832202155949
list:
dist: 0.8836685121431541 vs. 0.8836685121431541
list:
dist: 1.0687174655786296 vs. 1.0687174655786296
list:
dist: 0.6036039879995996 vs. 0.6036039879995996
list:
dist: 1.2521142362800515 vs. 1.2521142362800515
list:
dist: 0.850296503417176 vs. 0.850296503417176
list:
dist: 2.204566743877018 vs. 2.204566743877018
list:
dist: 3.851788865244296 vs. 3.851788865244296
list:
dist: 1.7161839654581825 vs. 1.7161839654581825
list:
dist: 2.4772750512763544 vs. 2.4772750512763544
list:
dist: 3.1496578628055416 vs. 3.1496578628055416
list:
dist: 3.241897620816394 vs. 3.241897620816394
list:
dist: 2.2883735505506264 vs. 2.2883735505506264
list:
dist: 2.591223758284013 vs. 2.591223758284013
list:
dist: 1.9633036696637334 vs. 1.9633036696637334
list:
dist: 3.241220457859014 vs. 3.241220457859014
list:
dist: 2.122228495531965 vs. 2.122228495531965
list:
dist: 2.5107694753265246 vs. 2.5107694753265246
list:
dist: 3.5142662762892494 vs. 3.5142662762892494
list:
dist: 3.314510146332608 vs. 3.314510146332608
list:
dist: 3.8198694902453068 vs. 3.8198694902453068
list:
dist: 3.123483095234716 vs. 3.123483095234716
list:
dist: 2.8989885665061026 vs. 2.8989885665061026
list:
dist: 3.569172602875853 vs. 3.569172602875853
list:
dist: 2.645687273431325 vs. 2.645687273431325
list:
dist: 3.186475450511648 vs. 3.186475450511648
list:
dist: 2.4700449286612796 vs. 2.4700449286612796
list:
dist: 3.314510146332608 vs. 3.314510146332608
list:
dist: 2.9826216853409346 vs. 2.9826216853409346
list:
dist: 1.463270510785033 vs. 1.463270510785033
list:
dist: 1.9217176789705297 vs. 1.9217176789705297
list:
dist: 1.5605681647326712 vs. 1.5605681647326712
list:
dist: 1.6516564161778227 vs. 1.6516564161778227
list:
dist: 1.361804795250225 vs. 1.361804795250225
list:
dist: 2.093052948645652 vs. 2.093052948645652
list:
dist: 1.7637904470980663 vs. 1.7637904470980663
list:
dist: 2.430746469079969 vs. 2.430746469079969
list:
dist: 2.013133894982384 vs. 2.013133894982384
list:
dist: 1.6843053008622917 vs. 1.6843053008622917
list:
dist: 0.3141555486326261 vs. 0.3141555486326261
list:
dist: 0.9661146374541906 vs. 0.9661146374541906
list:
dist: 2.9018419601337686 vs. 2.9018419601337686
list:
dist: 1.5901199813455325 vs. 1.5901199813455325
list:
dist: 3.539027511146173 vs. 3.539027511146173
list:
dist: 3.07049809609717 vs. 3.07049809609717
list:
dist: 3.0855765535966406 vs. 3.0855765535966406
list:
dist: 2.692772856453052 vs. 2.692772856453052
list:
dist: 3.7167649759172523 vs. 3.7167649759172523
list:
dist: 3.0209893263827703 vs. 3.0209893263827703
list:
dist: 3.4160923746858414 vs. 3.4160923746858414
list:
dist: 2.126059898986807 vs. 2.126059898986807
list:
dist: 3.241897620816394 vs. 3.241897620816394
list:
dist: 2.8220924685503888 vs. 2.8220924685503888
list:
dist: 2.306710516849254 vs. 2.306710516849254
list:
dist: 3.4103120025239395 vs. 3.4103120025239395
list:
dist: 2.0036363288972634 vs. 2.0036363288972634
list:
dist: 2.4033849449909956 vs. 2.4033849449909956
list:
dist: 1.4939543947755376 vs. 1.4939543947755376
list:
dist: 1.7275471859768845 vs. 1.7275471859768845
list:
dist: 1.2240234543813124 vs. 1.2240234543813124
list:
dist: 1.3051589130771788 vs. 1.3051589130771788
list:
dist: 0.8436086598604419 vs. 0.8436086598604419
list:
dist: 1.599325282861546 vs. 1.599325282861546
list:
dist: 1.799890459652421 vs. 1.799890459652421
list:
dist: 1.5114111067934997 vs. 1.5114111067934997
list:
dist: 1.6516564161778227 vs. 1.6516564161778227
list:
dist: 1.1847544338710434 vs. 1.1847544338710434
list:
dist: 3.0613820033058756 vs. 3.0613820033058756
list:
dist: 1.605150900141222 vs. 1.605150900141222
list:
dist: 1.91875008043107 vs. 1.91875008043107
list:
dist: 3.33976073468252 vs. 3.33976073468252
list:
dist: 3.0864494269461455 vs. 3.0864494269461455
list:
dist: 3.812916428810341 vs. 3.812916428810341
list:
dist: 2.8727365548709347 vs. 2.8727365548709347
list:
dist: 3.4232193484826263 vs. 3.4232193484826263
list:
dist: 2.590184944341751 vs. 2.590184944341751
list:
dist: 3.5142662762892494 vs. 3.5142662762892494
list:
dist: 3.1368742582478757 vs. 3.1368742582478757
list:
dist: 1.7507056418018745 vs. 1.7507056418018745
list:
dist: 2.175058617382393 vs. 2.175058617382393
list:
dist: 1.4633091504520628 vs. 1.4633091504520628
list:
dist: 1.5114111067934997 vs. 1.5114111067934997
list:
dist: 1.4769540313058094 vs. 1.4769540313058094
list:
dist: 2.0429534590443863 vs. 2.0429534590443863
list:
dist: 1.8397375751610876 vs. 1.8397375751610876
list:
dist: 2.30268759822957 vs. 2.30268759822957
list:
dist: 2.047852904495011 vs. 2.047852904495011
list:
dist: 1.8487325653648692 vs. 1.8487325653648692
list:
dist: 0.3141555486326261 vs. 0.3141555486326261
list:
dist: 0.7368665613856165 vs. 0.7368665613856165
list:
dist: 2.7211239501370423 vs. 2.7211239501370423
list:
dist: 1.292790144226368 vs. 1.292790144226368
list:
dist: 1.5473880032560896 vs. 1.5473880032560896
list:
dist: 1.9179966484481774 vs. 1.9179966484481774
list:
dist: 2.795107901913307 vs. 2.795107901913307
list:
dist: 2.412384592796544 vs. 2.412384592796544
list:
dist: 3.278554709379993 vs. 3.278554709379993
list:
dist: 2.8155913111832676 vs. 2.8155913111832676
list:
dist: 2.9680177230184444 vs. 2.9680177230184444
list:
dist: 1.634876137827385 vs. 1.634876137827385
list:
dist: 2.4772750512763544 vs. 2.4772750512763544
list:
dist: 1.9466707980912432 vs. 1.9466707980912432
list:
dist: 0.9955317440980459 vs. 0.9955317440980459
list:
dist: 2.542027504347118 vs. 2.542027504347118
list:
dist: 2.4033849449909956 vs. 2.4033849449909956
list:
dist: 2.5134964202268306 vs. 2.5134964202268306
list:
dist: 1.5384440291053216 vs. 1.5384440291053216
list:
dist: 1.8883236131785934 vs. 1.8883236131785934
list:
dist: 1.774971818411717 vs. 1.774971818411717
list:
dist: 1.682471117265788 vs. 1.682471117265788
list:
dist: 1.4144486972903199 vs. 1.4144486972903199
list:
dist: 1.9366004480986927 vs. 1.9366004480986927
list:
dist: 3.5409367861415837 vs. 3.5409367861415837
list:
dist: 1.9627392350335653 vs. 1.9627392350335653
list:
dist: 1.102810963965592 vs. 1.102810963965592
list:
dist: 1.5394740408708971 vs. 1.5394740408708971
list:
dist: 1.2186259812447398 vs. 1.2186259812447398
list:
dist: 1.9860146537626087 vs. 1.9860146537626087
list:
dist: 1.2509903487058072 vs. 1.2509903487058072
list:
dist: 1.532470453464558 vs. 1.532470453464558
list:
dist: 1.2521142362800515 vs. 1.2521142362800515
list:
dist: 0.7047153137085509 vs. 0.7047153137085509
list:
dist: 1.8926787148242055 vs. 1.8926787148242055
list:
dist: 3.5953834414794557 vs. 3.5953834414794557
list:
dist: 0.8543966212847178 vs. 0.8543966212847178
list:
dist: 1.634876137827385 vs. 1.634876137827385
list:
dist: 1.9870213768059528 vs. 1.9870213768059528
list:
dist: 2.126059898986807 vs. 2.126059898986807
list:
dist: 1.3195526751223972 vs. 1.3195526751223972
list:
dist: 1.339689923084139 vs. 1.339689923084139
list:
dist: 0.8688892112825238 vs. 0.8688892112825238
list:
dist: 2.0924939118505 vs. 2.0924939118505
list:
dist: 0.8986690364041676 vs. 0.8986690364041676
list:
dist: 2.045318127827653 vs. 2.045318127827653
list:
dist: 2.590184944341751 vs. 2.590184944341751
list:
dist: 2.4700449286612796 vs. 2.4700449286612796
list:
dist: 2.840889365070598 vs. 2.840889365070598
list:
dist: 1.9710530203538363 vs. 1.9710530203538363
list:
dist: 1.7518512446739953 vs. 1.7518512446739953
list:
dist: 2.552662595378503 vs. 2.552662595378503
list:
dist: 2.3631013283762634 vs. 2.3631013283762634
list:
dist: 2.503956337951388 vs. 2.503956337951388
list:
dist: 2.045318127827653 vs. 2.045318127827653
list:
dist: 2.5107694753265246 vs. 2.5107694753265246
list:
dist: 2.5654021859073897 vs. 2.5654021859073897
list:
dist: 1.113021982771714 vs. 1.113021982771714
list:
dist: 2.345133257505466 vs. 2.345133257505466
list:
dist: 2.537931990294216 vs. 2.537931990294216
list:
dist: 1.799890459652421 vs. 1.799890459652421
list:
dist: 1.9147157770966847 vs. 1.9147157770966847
list:
dist: 2.297211970857106 vs. 2.297211970857106
list:
dist: 1.4695756233775 vs. 1.4695756233775
list:
dist: 2.3447498792731016 vs. 2.3447498792731016
list:
dist: 2.1779778631772513 vs. 2.1779778631772513
list:
dist: 1.8487325653648692 vs. 1.8487325653648692
list:
dist: 1.6843053008622917 vs. 1.6843053008622917
list:
dist: 1.847582664072071 vs. 1.847582664072071
list:
dist: 3.2746861727615943 vs. 3.2746861727615943
list:
dist: 2.8733558439142786 vs. 2.8733558439142786
list:
dist: 2.6129281103409787 vs. 2.6129281103409787
list:
dist: 1.8659105944412797 vs. 1.8659105944412797
list:
dist: 1.9334113966124424 vs. 1.9334113966124424
list:
dist: 1.561126733855987 vs. 1.561126733855987
list:
dist: 2.5029112850060615 vs. 2.5029112850060615
list:
dist: 1.7614494712489266 vs. 1.7614494712489266
list:
dist: 2.133162735049555 vs. 2.133162735049555
list:
dist: 0.8688892112825238 vs. 0.8688892112825238
list:
dist: 1.9633036696637334 vs. 1.9633036696637334
list:
dist: 1.5507352736528646 vs. 1.5507352736528646
list:
dist: 1.5650073121997756 vs. 1.5650073121997756
list:
dist: 3.151829986424501 vs. 3.151829986424501
list:
dist: 1.1239501561984486 vs. 1.1239501561984486
list:
dist: 1.8883236131785934 vs. 1.8883236131785934
list:
dist: 1.497673190232929 vs. 1.497673190232929
list:
dist: 1.3051589130771788 vs. 1.3051589130771788
list:
dist: 0.9689435065373537 vs. 0.9689435065373537
list:
dist: 0.9384352033875074 vs. 0.9384352033875074
list:
dist: 1.5003144707522416 vs. 1.5003144707522416
list:
dist: 0.7425935356159715 vs. 0.7425935356159715
list:
dist: 1.4695756233775 vs. 1.4695756233775
list:
dist: 1.8397375751610876 vs. 1.8397375751610876
list:
dist: 1.7637904470980663 vs. 1.7637904470980663
list:
dist: 1.9923006962004692 vs. 1.9923006962004692
list:
dist: 3.0588246109956523 vs. 3.0588246109956523
list:
dist: 2.1659188115041723 vs. 2.1659188115041723
list:
dist: 2.8341491476890592 vs. 2.8341491476890592
list:
dist: 2.7475450848082144 vs. 2.7475450848082144
list:
dist: 2.346090997339347 vs. 2.346090997339347
list:
dist: 2.752588316946868 vs. 2.752588316946868
list:
dist: 2.3645131505437336 vs. 2.3645131505437336
list:
dist: 3.28261007939234 vs. 3.28261007939234
list:
dist: 2.361425928919443 vs. 2.361425928919443
list:
dist: 2.825239594070674 vs. 2.825239594070674
list:
dist: 1.339689923084139 vs. 1.339689923084139
list:
dist: 2.591223758284013 vs. 2.591223758284013
list:
dist: 1.9411163023390792 vs. 1.9411163023390792
list:
dist: 2.386797396607417 vs. 2.386797396607417
list:
dist: 3.7976533285218164 vs. 3.7976533285218164
list:
dist: 1.3245595362169442 vs. 1.3245595362169442
list:
dist: 1.5384440291053216 vs. 1.5384440291053216
list:
dist: 1.054612028095708 vs. 1.054612028095708
list:
dist: 1.2240234543813124 vs. 1.2240234543813124
list:
dist: 1.2433185944963134 vs. 1.2433185944963134
list:
dist: 0.9384352033875074 vs. 0.9384352033875074
list:
dist: 1.0876110994986952 vs. 1.0876110994986952
list:
dist: 0.598106560782253 vs. 0.598106560782253
list:
dist: 2.297211970857106 vs. 2.297211970857106
list:
dist: 2.0429534590443863 vs. 2.0429534590443863
list:
dist: 2.093052948645652 vs. 2.093052948645652
list:
dist: 2.126348785770711 vs. 2.126348785770711
list:
dist: 2.4060365292799095 vs. 2.4060365292799095
list:
dist: 1.3160189608776003 vs. 1.3160189608776003
list:
dist: 2.7036427914095946 vs. 2.7036427914095946
list:
dist: 3.564026566136251 vs. 3.564026566136251
list:
dist: 3.261256090525893 vs. 3.261256090525893
list:
dist: 4.123301949247304 vs. 4.123301949247304
list:
dist: 3.3465033733026432 vs. 3.3465033733026432
list:
dist: 3.816414437377429 vs. 3.816414437377429
list:
dist: 2.840889365070598 vs. 2.840889365070598
list:
dist: 3.8198694902453068 vs. 3.8198694902453068
list:
dist: 3.472429540821106 vs. 3.472429540821106
list:
dist: 2.1604918665025696 vs. 2.1604918665025696
list:
dist: 2.614773999531245 vs. 2.614773999531245
list:
dist: 1.7791393479936466 vs. 1.7791393479936466
list:
dist: 1.1847544338710434 vs. 1.1847544338710434
list:
dist: 1.956646007871194 vs. 1.956646007871194
list:
dist: 2.126348785770711 vs. 2.126348785770711
list:
dist: 1.9923006962004692 vs. 1.9923006962004692
list:
dist: 2.0134878568004924 vs. 2.0134878568004924
list:
dist: 2.3044996634485906 vs. 2.3044996634485906
list:
dist: 1.847582664072071 vs. 1.847582664072071
list:
dist: 0.7368665613856165 vs. 0.7368665613856165
list:
dist: 0.9661146374541906 vs. 0.9661146374541906
list:
dist: 2.540745865228605 vs. 2.540745865228605
list:
dist: 1.0382670352100267 vs. 1.0382670352100267
list:
dist: 3.6849991022549897 vs. 3.6849991022549897
list:
dist: 3.0830626126819882 vs. 3.0830626126819882
list:
dist: 3.304570114163461 vs. 3.304570114163461
list:
dist: 2.988126958756166 vs. 2.988126958756166
list:
dist: 3.7498428452822874 vs. 3.7498428452822874
list:
dist: 2.556248246149077 vs. 2.556248246149077
list:
dist: 3.197382702173485 vs. 3.197382702173485
list:
dist: 1.9870213768059528 vs. 1.9870213768059528
list:
dist: 3.1496578628055416 vs. 3.1496578628055416
list:
dist: 2.478899798343613 vs. 2.478899798343613
list:
dist: 2.336616199826989 vs. 2.336616199826989
list:
dist: 3.3423272763085654 vs. 3.3423272763085654
list:
dist: 2.2914129094669353 vs. 2.2914129094669353
list:
dist: 2.542027504347118 vs. 2.542027504347118
list:
dist: 1.4939543947755376 vs. 1.4939543947755376
list:
dist: 1.0214689340780618 vs. 1.0214689340780618
list:
dist: 1.054612028095708 vs. 1.054612028095708
list:
dist: 1.497673190232929 vs. 1.497673190232929
list:
dist: 1.7977521598972366 vs. 1.7977521598972366
list:
dist: 1.1223822086647268 vs. 1.1223822086647268
list:
dist: 2.537931990294216 vs. 2.537931990294216
list:
dist: 1.4633091504520628 vs. 1.4633091504520628
list:
dist: 1.5605681647326712 vs. 1.5605681647326712
list:
dist: 1.7791393479936466 vs. 1.7791393479936466
list:
dist: 3.250017143405911 vs. 3.250017143405911
list:
dist: 1.7352708487296666 vs. 1.7352708487296666
list:
dist: 2.0607594880136237 vs. 2.0607594880136237
list:
dist: 2.0607594880136237 vs. 2.0607594880136237
list:
dist: 1.91875008043107 vs. 1.91875008043107
list:
dist: 2.5788975103417755 vs. 2.5788975103417755
list:
dist: 2.7036427914095946 vs. 2.7036427914095946
list:
dist: 2.8341491476890592 vs. 2.8341491476890592
list:
dist: 2.609116204108523 vs. 2.609116204108523
list:
dist: 2.9399943782847933 vs. 2.9399943782847933
list:
dist: 2.8733558439142786 vs. 2.8733558439142786
list:
dist: 1.292790144226368 vs. 1.292790144226368
list:
dist: 1.5901199813455325 vs. 1.5901199813455325
list:
dist: 1.0382670352100267 vs. 1.0382670352100267
list:
dist: 2.7691056056635426 vs. 2.7691056056635426
list:
dist: 3.7796636932239314 vs. 3.7796636932239314
list:
dist: 2.1330327191383454 vs. 2.1330327191383454
list:
dist: 2.9174828893043534 vs. 2.9174828893043534
list:
dist: 3.4762271137281675 vs. 3.4762271137281675
list:
dist: 3.487122452057174 vs. 3.487122452057174
list:
dist: 3.6693704428360325 vs. 3.6693704428360325
list:
dist: 3.126498306301295 vs. 3.126498306301295
list:
dist: 3.4721601056413363 vs. 3.4721601056413363
list:
dist: 3.5953834414794557 vs. 3.5953834414794557
list:
dist: 3.851788865244296 vs. 3.851788865244296
list:
dist: 3.871947665811086 vs. 3.871947665811086
list:
dist: 1.7486085996132512 vs. 1.7486085996132512
list:
dist: 3.3423272763085654 vs. 3.3423272763085654
list:
dist: 3.4103120025239395 vs. 3.4103120025239395
list:
dist: 2.746465452397018 vs. 2.746465452397018
list:
dist: 3.7976533285218164 vs. 3.7976533285218164
list:
dist: 3.151829986424501 vs. 3.151829986424501
list:
dist: 4.1803796082899085 vs. 4.1803796082899085
list:
dist: 3.521943811495458 vs. 3.521943811495458
list:
dist: 2.345133257505466 vs. 2.345133257505466
list:
dist: 2.175058617382393 vs. 2.175058617382393
list:
dist: 1.9217176789705297 vs. 1.9217176789705297
list:
dist: 2.614773999531245 vs. 2.614773999531245
list:
dist: 2.353252785233501 vs. 2.353252785233501
list:
dist: 1.4144486972903199 vs. 1.4144486972903199
list:
dist: 3.250017143405911 vs. 3.250017143405911
list:
dist: 3.0613820033058756 vs. 3.0613820033058756
list:
dist: 3.5938066905316544 vs. 3.5938066905316544
list:
dist: 2.4060365292799095 vs. 2.4060365292799095
list:
dist: 3.0588246109956523 vs. 3.0588246109956523
list:
dist: 2.2491514850918666 vs. 2.2491514850918666
list:
dist: 2.7736815435145377 vs. 2.7736815435145377
list:
dist: 1.897665378363714 vs. 1.897665378363714
list:
dist: 4.341088742476136 vs. 4.341088742476136
list:
dist: 4.610970674732176 vs. 4.610970674732176
list:
dist: 4.138331963813252 vs. 4.138331963813252
list:
dist: 3.076424222632918 vs. 3.076424222632918
list:
dist: 2.9103069749748602 vs. 2.9103069749748602
list:
dist: 3.1956514968654957 vs. 3.1956514968654957
list:
dist: 2.7621154144921225 vs. 2.7621154144921225
list:
dist: 3.8384215844002805 vs. 3.8384215844002805
list:
dist: 3.2189148183464384 vs. 3.2189148183464384
list:
dist: 3.5472572583193656 vs. 3.5472572583193656
list:
dist: 2.0924939118505 vs. 2.0924939118505
list:
dist: 3.241220457859014 vs. 3.241220457859014
list:
dist: 2.7635545175569516 vs. 2.7635545175569516
list:
dist: 2.877609602035339 vs. 2.877609602035339
list:
dist: 4.1803796082899085 vs. 4.1803796082899085
list:
dist: 1.6776640376150436 vs. 1.6776640376150436
list:
dist: 1.774971818411717 vs. 1.774971818411717
list:
dist: 1.7977521598972366 vs. 1.7977521598972366
list:
dist: 0.8436086598604419 vs. 0.8436086598604419
list:
dist: 2.1130628876098534 vs. 2.1130628876098534
list:
dist: 1.0876110994986952 vs. 1.0876110994986952
list:
dist: 1.5003144707522416 vs. 1.5003144707522416
list:
dist: 1.6219153101025123 vs. 1.6219153101025123
list:
dist: 2.3447498792731016 vs. 2.3447498792731016
list:
dist: 2.30268759822957 vs. 2.30268759822957
list:
dist: 2.430746469079969 vs. 2.430746469079969
list:
dist: 2.0134878568004924 vs. 2.0134878568004924
list:
dist: 2.2491514850918666 vs. 2.2491514850918666
list:
dist: 1.0795960125744277 vs. 1.0795960125744277
list:
dist: 2.609116204108523 vs. 2.609116204108523
list:
dist: 2.263168156083259 vs. 2.263168156083259
list:
dist: 1.9366004480986927 vs. 1.9366004480986927
list:
dist: 1.7352708487296666 vs. 1.7352708487296666
list:
dist: 1.605150900141222 vs. 1.605150900141222
list:
dist: 2.439831794670853 vs. 2.439831794670853
list:
dist: 1.3160189608776003 vs. 1.3160189608776003
list:
dist: 2.1659188115041723 vs. 2.1659188115041723
list:
dist: 1.0795960125744277 vs. 1.0795960125744277
list:
dist: 1.8902103116941804 vs. 1.8902103116941804
list:
dist: 3.2746861727615943 vs. 3.2746861727615943
list:
dist: 2.7211239501370423 vs. 2.7211239501370423
list:
dist: 2.9018419601337686 vs. 2.9018419601337686
list:
dist: 2.540745865228605 vs. 2.540745865228605
list:
dist: 1.897665378363714 vs. 1.897665378363714
list:
dist: 2.7691056056635426 vs. 2.7691056056635426
list:
dist: 4.152032960082387 vs. 4.152032960082387
list:
dist: 3.445302545177175 vs. 3.445302545177175
list:
dist: 2.484453416085691 vs. 2.484453416085691
list:
dist: 1.4000044849924203 vs. 1.4000044849924203
list:
dist: 1.711586189040115 vs. 1.711586189040115
list:
dist: 1.1386800987402164 vs. 1.1386800987402164
list:
dist: 1.253548293026336 vs. 1.253548293026336
list:
dist: 0.4390975064582656 vs. 0.4390975064582656
list:
dist: 2.764411903676645 vs. 2.764411903676645
list:
dist: 1.751433833447377 vs. 1.751433833447377
list:
dist: 1.2658401747127654 vs. 1.2658401747127654
list:
dist: 2.4433409219450994 vs. 2.4433409219450994
list:
dist: 1.7110191020819172 vs. 1.7110191020819172
list:
dist: 1.081711616461671 vs. 1.081711616461671
list:
dist: 1.1637773996599163 vs. 1.1637773996599163
list:
dist: 1.4067775998887462 vs. 1.4067775998887462
list:
dist: 2.495579032163485 vs. 2.495579032163485
list:
dist: 2.9236852791545824 vs. 2.9236852791545824
list:
dist: 2.7596308317837384 vs. 2.7596308317837384
list:
dist: 2.72135657736392 vs. 2.72135657736392
list:
dist: 3.086457120149941 vs. 3.086457120149941
list:
dist: 3.9829252150254333 vs. 3.9829252150254333
list:
dist: 2.0827920760298726 vs. 2.0827920760298726
list:
dist: 3.750600846488491 vs. 3.750600846488491
list:
dist: 2.40398002869855 vs. 2.40398002869855
list:
dist: 1.8045537257962245 vs. 1.8045537257962245
list:
dist: 0.9775564502043026 vs. 0.9775564502043026
list:
dist: 1.1386800987402164 vs. 1.1386800987402164
list:
dist: 0.7626355407546246 vs. 0.7626355407546246
list:
dist: 1.484297209256934 vs. 1.484297209256934
list:
dist: 2.2005603653046624 vs. 2.2005603653046624
list:
dist: 1.3057374582585526 vs. 1.3057374582585526
list:
dist: 1.5043849612707645 vs. 1.5043849612707645
list:
dist: 2.590067035797947 vs. 2.590067035797947
list:
dist: 1.6994027570556152 vs. 1.6994027570556152
list:
dist: 0.9567155224369126 vs. 0.9567155224369126
list:
dist: 1.466844466769687 vs. 1.466844466769687
list:
dist: 2.069147056244725 vs. 2.069147056244725
list:
dist: 2.9920230888795007 vs. 2.9920230888795007
list:
dist: 2.5707556292949834 vs. 2.5707556292949834
list:
dist: 2.498122778453707 vs. 2.498122778453707
list:
dist: 2.825488858329756 vs. 2.825488858329756
list:
dist: 3.3114125507145884 vs. 3.3114125507145884
list:
dist: 4.122614159380308 vs. 4.122614159380308
list:
dist: 2.1339908245135777 vs. 2.1339908245135777
list:
dist: 3.425033869913577 vs. 3.425033869913577
list:
dist: 2.4266128924038397 vs. 2.4266128924038397
list:
dist: 0.5398452341178869 vs. 0.5398452341178869
list:
dist: 1.751433833447377 vs. 1.751433833447377
list:
dist: 1.3057374582585526 vs. 1.3057374582585526
list:
dist: 1.838647114330676 vs. 1.838647114330676
list:
dist: 1.8482861709009553 vs. 1.8482861709009553
list:
dist: 1.0153060641593747 vs. 1.0153060641593747
list:
dist: 1.8811200415801654 vs. 1.8811200415801654
list:
dist: 2.4068905983487343 vs. 2.4068905983487343
list:
dist: 1.512928189564742 vs. 1.512928189564742
list:
dist: 1.7386025856221212 vs. 1.7386025856221212
list:
dist: 1.124489103975278 vs. 1.124489103975278
list:
dist: 1.9755283484009798 vs. 1.9755283484009798
list:
dist: 2.265529091603287 vs. 2.265529091603287
list:
dist: 1.8806174673955591 vs. 1.8806174673955591
list:
dist: 1.5043785986018658 vs. 1.5043785986018658
list:
dist: 2.4289630343676856 vs. 2.4289630343676856
list:
dist: 2.4317335419675428 vs. 2.4317335419675428
list:
dist: 3.151327639198635 vs. 3.151327639198635
list:
dist: 1.2169231322816625 vs. 1.2169231322816625
list:
dist: 2.288454475568217 vs. 2.288454475568217
list:
dist: 1.3161732086993791 vs. 1.3161732086993791
list:
dist: 3.017465939186125 vs. 3.017465939186125
list:
dist: 1.7860720899133131 vs. 1.7860720899133131
list:
dist: 1.7110191020819172 vs. 1.7110191020819172
list:
dist: 1.6994027570556152 vs. 1.6994027570556152
list:
dist: 2.3945393671431363 vs. 2.3945393671431363
list:
dist: 1.587835401137636 vs. 1.587835401137636
list:
dist: 2.2077345580768393 vs. 2.2077345580768393
list:
dist: 1.512928189564742 vs. 1.512928189564742
list:
dist: 0.7831719422267035 vs. 0.7831719422267035
list:
dist: 0.9433959365117908 vs. 0.9433959365117908
list:
dist: 1.159878043477225 vs. 1.159878043477225
list:
dist: 0.8940630109875276 vs. 0.8940630109875276
list:
dist: 1.0705880735893687 vs. 1.0705880735893687
list:
dist: 1.7667526491409222 vs. 1.7667526491409222
list:
dist: 1.3285687091505953 vs. 1.3285687091505953
list:
dist: 1.4129601170906687 vs. 1.4129601170906687
list:
dist: 1.129201309992717 vs. 1.129201309992717
list:
dist: 1.8634165139137038 vs. 1.8634165139137038
list:
dist: 2.653682371997227 vs. 2.653682371997227
list:
dist: 1.076173931428231 vs. 1.076173931428231
list:
dist: 2.452474265013822 vs. 2.452474265013822
list:
dist: 1.533543410090463 vs. 1.533543410090463
list:
dist: 2.6084187527968443 vs. 2.6084187527968443
list:
dist: 4.042370199706248 vs. 4.042370199706248
list:
dist: 2.338756249840793 vs. 2.338756249840793
list:
dist: 3.5919080226515177 vs. 3.5919080226515177
list:
dist: 2.364929489077666 vs. 2.364929489077666
list:
dist: 3.387529921962998 vs. 3.387529921962998
list:
dist: 4.138331963813252 vs. 4.138331963813252
list:
dist: 2.484453416085691 vs. 2.484453416085691
list:
dist: 2.1330327191383454 vs. 2.1330327191383454
list:
dist: 3.974541803540608 vs. 3.974541803540608
list:
dist: 1.6525488887136015 vs. 1.6525488887136015
list:
dist: 4.610970674732176 vs. 4.610970674732176
list:
dist: 3.445302545177175 vs. 3.445302545177175
list:
dist: 3.7796636932239314 vs. 3.7796636932239314
list:
dist: 2.9133824041916445 vs. 2.9133824041916445
list:
dist: 1.6525488887136015 vs. 1.6525488887136015
list:
dist: 2.3002762052865435 vs. 2.3002762052865435
list:
dist: 1.6712713767885083 vs. 1.6712713767885083
list:
dist: 1.081711616461671 vs. 1.081711616461671
list:
dist: 0.9567155224369126 vs. 0.9567155224369126
list:
dist: 1.5126980146894327 vs. 1.5126980146894327
list:
dist: 1.224231975315165 vs. 1.224231975315165
list:
dist: 2.6591835964667108 vs. 2.6591835964667108
list:
dist: 1.7386025856221212 vs. 1.7386025856221212
list:
dist: 0.6507737818550499 vs. 0.6507737818550499
list:
dist: 1.8574315962559689 vs. 1.8574315962559689
list:
dist: 1.159878043477225 vs. 1.159878043477225
list:
dist: 1.2814095457025116 vs. 1.2814095457025116
list:
dist: 1.5041019143096857 vs. 1.5041019143096857
list:
dist: 2.6583278933999366 vs. 2.6583278933999366
list:
dist: 2.311643749636489 vs. 2.311643749636489
list:
dist: 2.4046670700803428 vs. 2.4046670700803428
list:
dist: 2.193780761962077 vs. 2.193780761962077
list:
dist: 2.970119037453149 vs. 2.970119037453149
list:
dist: 3.798783739716457 vs. 3.798783739716457
list:
dist: 1.999564302961526 vs. 1.999564302961526
list:
dist: 3.4338145377357963 vs. 3.4338145377357963
list:
dist: 2.4154695140129836 vs. 2.4154695140129836
list:
dist: 3.4896367444765084 vs. 3.4896367444765084
list:
dist: 4.360973698042925 vs. 4.360973698042925
list:
dist: 3.4211817652848193 vs. 3.4211817652848193
list:
dist: 4.696842613546324 vs. 4.696842613546324
list:
dist: 3.499827102890986 vs. 3.499827102890986
list:
dist: 4.507796824102016 vs. 4.507796824102016
list:
dist: 1.2487539123118132 vs. 1.2487539123118132
list:
dist: 1.4394816076797121 vs. 1.4394816076797121
list:
dist: 1.253548293026336 vs. 1.253548293026336
list:
dist: 0.7626355407546246 vs. 0.7626355407546246
list:
dist: 1.6866509632128532 vs. 1.6866509632128532
list:
dist: 2.6959997784678067 vs. 2.6959997784678067
list:
dist: 1.838647114330676 vs. 1.838647114330676
list:
dist: 2.0716217245057997 vs. 2.0716217245057997
list:
dist: 3.264401015963622 vs. 3.264401015963622
list:
dist: 2.3945393671431363 vs. 2.3945393671431363
list:
dist: 1.5126980146894327 vs. 1.5126980146894327
list:
dist: 1.9973585576649777 vs. 1.9973585576649777
list:
dist: 2.536718264027771 vs. 2.536718264027771
list:
dist: 3.494938116761229 vs. 3.494938116761229
list:
dist: 3.319717445324308 vs. 3.319717445324308
list:
dist: 3.1898680655562672 vs. 3.1898680655562672
list:
dist: 3.521484493581372 vs. 3.521484493581372
list:
dist: 3.9302444132166015 vs. 3.9302444132166015
list:
dist: 4.767675892118014 vs. 4.767675892118014
list:
dist: 2.746678368082499 vs. 2.746678368082499
list:
dist: 4.084248945521865 vs. 4.084248945521865
list:
dist: 2.996555030864639 vs. 2.996555030864639
list:
dist: 1.2629678315671542 vs. 1.2629678315671542
list:
dist: 2.764411903676645 vs. 2.764411903676645
list:
dist: 2.2005603653046624 vs. 2.2005603653046624
list:
dist: 2.6959997784678067 vs. 2.6959997784678067
list:
dist: 2.8396275798869426 vs. 2.8396275798869426
list:
dist: 1.0153060641593747 vs. 1.0153060641593747
list:
dist: 2.761346273785897 vs. 2.761346273785897
list:
dist: 2.9522894991024478 vs. 2.9522894991024478
list:
dist: 2.2077345580768393 vs. 2.2077345580768393
list:
dist: 2.6591835964667108 vs. 2.6591835964667108
list:
dist: 2.0056843935908777 vs. 2.0056843935908777
list:
dist: 2.8011010831347503 vs. 2.8011010831347503
list:
dist: 2.6868874951229893 vs. 2.6868874951229893
list:
dist: 1.911658235448998 vs. 1.911658235448998
list:
dist: 1.4363881725324774 vs. 1.4363881725324774
list:
dist: 2.8345400983877433 vs. 2.8345400983877433
list:
dist: 2.5746732981164993 vs. 2.5746732981164993
list:
dist: 3.0524332089988278 vs. 3.0524332089988278
list:
dist: 1.6242775082993994 vs. 1.6242775082993994
list:
dist: 1.7325888779601468 vs. 1.7325888779601468
list:
dist: 1.4657069772624833 vs. 1.4657069772624833
list:
dist: 2.326483300992985 vs. 2.326483300992985
list:
dist: 1.4416035362488606 vs. 1.4416035362488606
list:
dist: 1.1637773996599163 vs. 1.1637773996599163
list:
dist: 1.466844466769687 vs. 1.466844466769687
list:
dist: 1.9973585576649777 vs. 1.9973585576649777
list:
dist: 1.0054345148276491 vs. 1.0054345148276491
list:
dist: 2.0056843935908777 vs. 2.0056843935908777
list:
dist: 1.124489103975278 vs. 1.124489103975278
list:
dist: 1.0820938310538888 vs. 1.0820938310538888
list:
dist: 1.6764882039097515 vs. 1.6764882039097515
list:
dist: 0.8940630109875276 vs. 0.8940630109875276
list:
dist: 1.2814095457025116 vs. 1.2814095457025116
list:
dist: 0.8570780769194202 vs. 0.8570780769194202
list:
dist: 1.5283940231934918 vs. 1.5283940231934918
list:
dist: 1.9211623083171188 vs. 1.9211623083171188
list:
dist: 1.6579148502982306 vs. 1.6579148502982306
list:
dist: 1.8012819061083154 vs. 1.8012819061083154
list:
dist: 1.9687963635988264 vs. 1.9687963635988264
list:
dist: 2.847617677822443 vs. 2.847617677822443
list:
dist: 0.9246414062333252 vs. 0.9246414062333252
list:
dist: 2.643814698307804 vs. 2.643814698307804
list:
dist: 1.2860632549290207 vs. 1.2860632549290207
list:
dist: 2.952849453721439 vs. 2.952849453721439
list:
dist: 4.922386686043951 vs. 4.922386686043951
list:
dist: 2.980423094307183 vs. 2.980423094307183
list:
dist: 3.8526647751301333 vs. 3.8526647751301333
list:
dist: 2.8597620620771007 vs. 2.8597620620771007
list:
dist: 3.8455837487757223 vs. 3.8455837487757223
list:
dist: 2.1980510904304067 vs. 2.1980510904304067
list:
dist: 1.4000044849924203 vs. 1.4000044849924203
list:
dist: 1.8045537257962245 vs. 1.8045537257962245
list:
dist: 1.2487539123118132 vs. 1.2487539123118132
list:
dist: 1.6969515946905376 vs. 1.6969515946905376
list:
dist: 2.647074938274823 vs. 2.647074938274823
list:
dist: 3.8210378884340033 vs. 3.8210378884340033
list:
dist: 3.017465939186125 vs. 3.017465939186125
list:
dist: 2.3002762052865435 vs. 2.3002762052865435
list:
dist: 2.326483300992985 vs. 2.326483300992985
list:
dist: 2.7061871266114688 vs. 2.7061871266114688
list:
dist: 3.5437946466076133 vs. 3.5437946466076133
list:
dist: 1.6969515946905376 vs. 1.6969515946905376
list:
dist: 1.9303051206255617 vs. 1.9303051206255617
list:
dist: 0.4390975064582656 vs. 0.4390975064582656
list:
dist: 1.484297209256934 vs. 1.484297209256934
list:
dist: 1.6866509632128532 vs. 1.6866509632128532
list:
dist: 2.8396275798869426 vs. 2.8396275798869426
list:
dist: 1.8482861709009553 vs. 1.8482861709009553
list:
dist: 1.1687496847884011 vs. 1.1687496847884011
list:
dist: 2.218071651641248 vs. 2.218071651641248
list:
dist: 1.587835401137636 vs. 1.587835401137636
list:
dist: 1.224231975315165 vs. 1.224231975315165
list:
dist: 1.0054345148276491 vs. 1.0054345148276491
list:
dist: 1.039247244457259 vs. 1.039247244457259
list:
dist: 2.146922670550342 vs. 2.146922670550342
list:
dist: 2.838956588651184 vs. 2.838956588651184
list:
dist: 2.6566480292450407 vs. 2.6566480292450407
list:
dist: 2.48514944022101 vs. 2.48514944022101
list:
dist: 2.797096302684143 vs. 2.797096302684143
list:
dist: 3.702512101164144 vs. 3.702512101164144
list:
dist: 1.911349175886837 vs. 1.911349175886837
list:
dist: 3.6490656132173767 vs. 3.6490656132173767
list:
dist: 2.242539935701245 vs. 2.242539935701245
list:
dist: 1.7258151160026964 vs. 1.7258151160026964
list:
dist: 2.0827920760298726 vs. 2.0827920760298726
list:
dist: 2.1339908245135777 vs. 2.1339908245135777
list:
dist: 2.746678368082499 vs. 2.746678368082499
list:
dist: 1.911349175886837 vs. 1.911349175886837
list:
dist: 1.6242775082993994 vs. 1.6242775082993994
list:
dist: 1.2169231322816625 vs. 1.2169231322816625
list:
dist: 1.714965751626823 vs. 1.714965751626823
list:
dist: 1.6075774466317136 vs. 1.6075774466317136
list:
dist: 1.076173931428231 vs. 1.076173931428231
list:
dist: 1.999564302961526 vs. 1.999564302961526
list:
dist: 0.9246414062333252 vs. 0.9246414062333252
list:
dist: 1.379663339727792 vs. 1.379663339727792
list:
dist: 1.1710272800556556 vs. 1.1710272800556556
list:
dist: 1.3394189541644 vs. 1.3394189541644
list:
dist: 0.8634101289457008 vs. 0.8634101289457008
list:
dist: 1.4834995922464158 vs. 1.4834995922464158
list:
dist: 1.2310819305117515 vs. 1.2310819305117515
list:
dist: 2.0278436583618733 vs. 2.0278436583618733
list:
dist: 1.769086947011414 vs. 1.769086947011414
list:
dist: 0.46425646761595873 vs. 0.46425646761595873
list:
dist: 2.7078925630611765 vs. 2.7078925630611765
list:
dist: 2.302811635471441 vs. 2.302811635471441
list:
dist: 3.2001321085614918 vs. 3.2001321085614918
list:
dist: 2.185992545172573 vs. 2.185992545172573
list:
dist: 3.162975772259396 vs. 3.162975772259396
list:
dist: 3.1897121972268803 vs. 3.1897121972268803
list:
dist: 1.8554657207409315 vs. 1.8554657207409315
list:
dist: 2.40398002869855 vs. 2.40398002869855
list:
dist: 2.4266128924038397 vs. 2.4266128924038397
list:
dist: 2.996555030864639 vs. 2.996555030864639
list:
dist: 2.242539935701245 vs. 2.242539935701245
list:
dist: 1.4657069772624833 vs. 1.4657069772624833
list:
dist: 1.3161732086993791 vs. 1.3161732086993791
list:
dist: 2.1691380588927958 vs. 2.1691380588927958
list:
dist: 2.015018291039884 vs. 2.015018291039884
list:
dist: 1.533543410090463 vs. 1.533543410090463
list:
dist: 2.4154695140129836 vs. 2.4154695140129836
list:
dist: 1.2860632549290207 vs. 1.2860632549290207
list:
dist: 1.76770046649042 vs. 1.76770046649042
list:
dist: 1.2389576600100514 vs. 1.2389576600100514
list:
dist: 1.5256454145838825 vs. 1.5256454145838825
list:
dist: 0.8829649417303919 vs. 0.8829649417303919
list:
dist: 1.8240746437073607 vs. 1.8240746437073607
list:
dist: 1.2128096834261728 vs. 1.2128096834261728
list:
dist: 1.8997544684656442 vs. 1.8997544684656442
list:
dist: 0.46425646761595873 vs. 0.46425646761595873
list:
dist: 1.5393928289612764 vs. 1.5393928289612764
list:
dist: 2.925845939083686 vs. 2.925845939083686
list:
dist: 2.407070184478457 vs. 2.407070184478457
list:
dist: 3.1648141856422836 vs. 3.1648141856422836
list:
dist: 2.268376999086386 vs. 2.268376999086386
list:
dist: 3.1843452134821044 vs. 3.1843452134821044
list:
dist: 3.185159733413714 vs. 3.185159733413714
list:
dist: 1.9583104882763687 vs. 1.9583104882763687
list:
dist: 2.7596308317837384 vs. 2.7596308317837384
list:
dist: 2.498122778453707 vs. 2.498122778453707
list:
dist: 3.1898680655562672 vs. 3.1898680655562672
list:
dist: 2.6566480292450407 vs. 2.6566480292450407
list:
dist: 1.4363881725324774 vs. 1.4363881725324774
list:
dist: 1.5043785986018658 vs. 1.5043785986018658
list:
dist: 2.1835033797861056 vs. 2.1835033797861056
list:
dist: 1.773549806607026 vs. 1.773549806607026
list:
dist: 1.4129601170906687 vs. 1.4129601170906687
list:
dist: 2.4046670700803428 vs. 2.4046670700803428
list:
dist: 1.6579148502982306 vs. 1.6579148502982306
list:
dist: 2.1079258945172232 vs. 2.1079258945172232
list:
dist: 1.8052530718690178 vs. 1.8052530718690178
list:
dist: 0.7088205244699722 vs. 0.7088205244699722
list:
dist: 1.5228747974059107 vs. 1.5228747974059107
list:
dist: 1.3744829934529053 vs. 1.3744829934529053
list:
dist: 1.8529030166897156 vs. 1.8529030166897156
list:
dist: 0.8634101289457008 vs. 0.8634101289457008
list:
dist: 1.0471600308472602 vs. 1.0471600308472602
list:
dist: 0.8829649417303919 vs. 0.8829649417303919
list:
dist: 2.9564980590637173 vs. 2.9564980590637173
list:
dist: 4.542574822258963 vs. 4.542574822258963
list:
dist: 1.7709533255836554 vs. 1.7709533255836554
list:
dist: 3.1496939497436833 vs. 3.1496939497436833
list:
dist: 1.9275613134683147 vs. 1.9275613134683147
list:
dist: 2.906110693128126 vs. 2.906110693128126
list:
dist: 2.8183755377263515 vs. 2.8183755377263515
list:
dist: 2.226242142612782 vs. 2.226242142612782
list:
dist: 2.9236852791545824 vs. 2.9236852791545824
list:
dist: 2.5707556292949834 vs. 2.5707556292949834
list:
dist: 3.319717445324308 vs. 3.319717445324308
list:
dist: 2.838956588651184 vs. 2.838956588651184
list:
dist: 1.911658235448998 vs. 1.911658235448998
list:
dist: 1.8806174673955591 vs. 1.8806174673955591
list:
dist: 2.0775828461229606 vs. 2.0775828461229606
list:
dist: 1.4814484808891022 vs. 1.4814484808891022
list:
dist: 1.3285687091505953 vs. 1.3285687091505953
list:
dist: 2.311643749636489 vs. 2.311643749636489
list:
dist: 1.9211623083171188 vs. 1.9211623083171188
list:
dist: 2.2374284737184293 vs. 2.2374284737184293
list:
dist: 2.1890884553903396 vs. 2.1890884553903396
list:
dist: 0.7088205244699722 vs. 0.7088205244699722
list:
dist: 1.2553183753029893 vs. 1.2553183753029893
list:
dist: 1.688127155849262 vs. 1.688127155849262
list:
dist: 2.0850185338471845 vs. 2.0850185338471845
list:
dist: 1.3394189541644 vs. 1.3394189541644
list:
dist: 1.401896756294419 vs. 1.401896756294419
list:
dist: 1.5256454145838825 vs. 1.5256454145838825
list:
dist: 2.8678178398460945 vs. 2.8678178398460945
list:
dist: 3.858609600357418 vs. 3.858609600357418
list:
dist: 1.3972372517828755 vs. 1.3972372517828755
list:
dist: 3.217798933466312 vs. 3.217798933466312
list:
dist: 1.787387402361363 vs. 1.787387402361363
list:
dist: 2.788051721166958 vs. 2.788051721166958
list:
dist: 2.678971257308594 vs. 2.678971257308594
list:
dist: 2.8021394499523793 vs. 2.8021394499523793
list:
dist: 2.72135657736392 vs. 2.72135657736392
list:
dist: 2.825488858329756 vs. 2.825488858329756
list:
dist: 3.521484493581372 vs. 3.521484493581372
list:
dist: 2.48514944022101 vs. 2.48514944022101
list:
dist: 2.8345400983877433 vs. 2.8345400983877433
list:
dist: 2.4289630343676856 vs. 2.4289630343676856
list:
dist: 1.6590159113441683 vs. 1.6590159113441683
list:
dist: 0.4559059486434925 vs. 0.4559059486434925
list:
dist: 1.129201309992717 vs. 1.129201309992717
list:
dist: 2.193780761962077 vs. 2.193780761962077
list:
dist: 1.8012819061083154 vs. 1.8012819061083154
list:
dist: 1.5742855352691376 vs. 1.5742855352691376
list:
dist: 1.6571796511772277 vs. 1.6571796511772277
list:
dist: 1.2553183753029893 vs. 1.2553183753029893
list:
dist: 1.5228747974059107 vs. 1.5228747974059107
list:
dist: 1.3609179662016853 vs. 1.3609179662016853
list:
dist: 1.9361319192671052 vs. 1.9361319192671052
list:
dist: 1.4834995922464158 vs. 1.4834995922464158
list:
dist: 2.3039925103369634 vs. 2.3039925103369634
list:
dist: 1.8240746437073607 vs. 1.8240746437073607
list:
dist: 1.710874907374585 vs. 1.710874907374585
list:
dist: 3.5328465313557587 vs. 3.5328465313557587
list:
dist: 1.4582631493737273 vs. 1.4582631493737273
list:
dist: 2.626015030924339 vs. 2.626015030924339
list:
dist: 1.3456289493565148 vs. 1.3456289493565148
list:
dist: 2.322894449809625 vs. 2.322894449809625
list:
dist: 2.4119020947058427 vs. 2.4119020947058427
list:
dist: 4.116028642592388 vs. 4.116028642592388
list:
dist: 3.4292930038136613 vs. 3.4292930038136613
list:
dist: 4.042370199706248 vs. 4.042370199706248
list:
dist: 4.360973698042925 vs. 4.360973698042925
list:
dist: 4.922386686043951 vs. 4.922386686043951
list:
dist: 4.341088742476136 vs. 4.341088742476136
list:
dist: 3.858609600357418 vs. 3.858609600357418
list:
dist: 4.542574822258963 vs. 4.542574822258963
list:
dist: 3.5328465313557587 vs. 3.5328465313557587
list:
dist: 4.152032960082387 vs. 4.152032960082387
list:
dist: 3.465623443476119 vs. 3.465623443476119
list:
dist: 2.9133824041916445 vs. 2.9133824041916445
list:
dist: 3.974541803540608 vs. 3.974541803540608
list:
dist: 3.8210378884340033 vs. 3.8210378884340033
list:
dist: 2.718887704733133 vs. 2.718887704733133
list:
dist: 2.4433409219450994 vs. 2.4433409219450994
list:
dist: 2.590067035797947 vs. 2.590067035797947
list:
dist: 3.264401015963622 vs. 3.264401015963622
list:
dist: 2.218071651641248 vs. 2.218071651641248
list:
dist: 2.9522894991024478 vs. 2.9522894991024478
list:
dist: 2.4068905983487343 vs. 2.4068905983487343
list:
dist: 1.2942447722722143 vs. 1.2942447722722143
list:
dist: 0.9433959365117908 vs. 0.9433959365117908
list:
dist: 1.8574315962559689 vs. 1.8574315962559689
list:
dist: 1.6764882039097515 vs. 1.6764882039097515
list:
dist: 1.3623313126589154 vs. 1.3623313126589154
list:
dist: 1.8117805765478967 vs. 1.8117805765478967
list:
dist: 1.4814484808891022 vs. 1.4814484808891022
list:
dist: 1.773549806607026 vs. 1.773549806607026
list:
dist: 0.4559059486434925 vs. 0.4559059486434925
list:
dist: 1.7168887632053995 vs. 1.7168887632053995
list:
dist: 2.367916831169557 vs. 2.367916831169557
list:
dist: 1.6075774466317136 vs. 1.6075774466317136
list:
dist: 2.656400672850626 vs. 2.656400672850626
list:
dist: 2.015018291039884 vs. 2.015018291039884
list:
dist: 1.8356076320491168 vs. 1.8356076320491168
list:
dist: 3.4292930038136613 vs. 3.4292930038136613
list:
dist: 1.85666943431972 vs. 1.85666943431972
list:
dist: 2.9987451763541695 vs. 2.9987451763541695
list:
dist: 1.7794910964812432 vs. 1.7794910964812432
list:
dist: 2.718886740591607 vs. 2.718886740591607
list:
dist: 2.71941698979276 vs. 2.71941698979276
list:
dist: 3.750600846488491 vs. 3.750600846488491
list:
dist: 3.425033869913577 vs. 3.425033869913577
list:
dist: 4.084248945521865 vs. 4.084248945521865
list:
dist: 3.6490656132173767 vs. 3.6490656132173767
list:
dist: 1.7325888779601468 vs. 1.7325888779601468
list:
dist: 2.288454475568217 vs. 2.288454475568217
list:
dist: 3.2284136023623464 vs. 3.2284136023623464
list:
dist: 2.656400672850626 vs. 2.656400672850626
list:
dist: 2.452474265013822 vs. 2.452474265013822
list:
dist: 3.4338145377357963 vs. 3.4338145377357963
list:
dist: 2.643814698307804 vs. 2.643814698307804
list:
dist: 3.0817760439561352 vs. 3.0817760439561352
list:
dist: 2.4367129364966207 vs. 2.4367129364966207
list:
dist: 1.401896756294419 vs. 1.401896756294419
list:
dist: 1.0471600308472602 vs. 1.0471600308472602
list:
dist: 2.3039925103369634 vs. 2.3039925103369634
list:
dist: 1.7663112508166356 vs. 1.7663112508166356
list:
dist: 1.7333069719897316 vs. 1.7333069719897316
list:
dist: 1.769086947011414 vs. 1.769086947011414
list:
dist: 1.5393928289612764 vs. 1.5393928289612764
list:
dist: 3.480508060705855 vs. 3.480508060705855
list:
dist: 1.8436372168989614 vs. 1.8436372168989614
list:
dist: 3.0974139769739044 vs. 3.0974139769739044
list:
dist: 2.0814215329324974 vs. 2.0814215329324974
list:
dist: 2.820534050042647 vs. 2.820534050042647
list:
dist: 2.6111653810023454 vs. 2.6111653810023454
list:
dist: 2.647074938274823 vs. 2.647074938274823
list:
dist: 1.9938609971805448 vs. 1.9938609971805448
list:
dist: 1.2658401747127654 vs. 1.2658401747127654
list:
dist: 1.5043849612707645 vs. 1.5043849612707645
list:
dist: 2.0716217245057997 vs. 2.0716217245057997
list:
dist: 1.1687496847884011 vs. 1.1687496847884011
list:
dist: 2.761346273785897 vs. 2.761346273785897
list:
dist: 1.8811200415801654 vs. 1.8811200415801654
list:
dist: 1.2942447722722143 vs. 1.2942447722722143
list:
dist: 0.7831719422267035 vs. 0.7831719422267035
list:
dist: 0.6507737818550499 vs. 0.6507737818550499
list:
dist: 1.0820938310538888 vs. 1.0820938310538888
list:
dist: 0.9863000941382812 vs. 0.9863000941382812
list:
dist: 2.1737290903281163 vs. 2.1737290903281163
list:
dist: 2.0775828461229606 vs. 2.0775828461229606
list:
dist: 2.1835033797861056 vs. 2.1835033797861056
list:
dist: 1.6590159113441683 vs. 1.6590159113441683
list:
dist: 2.4903666388123145 vs. 2.4903666388123145
list:
dist: 3.3245421878512227 vs. 3.3245421878512227
list:
dist: 1.714965751626823 vs. 1.714965751626823
list:
dist: 3.2284136023623464 vs. 3.2284136023623464
list:
dist: 2.1691380588927958 vs. 2.1691380588927958
list:
dist: 2.8437767193145613 vs. 2.8437767193145613
list:
dist: 4.116028642592388 vs. 4.116028642592388
list:
dist: 3.0062865236058594 vs. 3.0062865236058594
list:
dist: 4.1170975890846835 vs. 4.1170975890846835
list:
dist: 2.982742396205488 vs. 2.982742396205488
list:
dist: 3.9598270930154538 vs. 3.9598270930154538
list:
dist: 3.5437946466076133 vs. 3.5437946466076133
list:
dist: 2.754989373557822 vs. 2.754989373557822
list:
dist: 2.495579032163485 vs. 2.495579032163485
list:
dist: 2.9920230888795007 vs. 2.9920230888795007
list:
dist: 3.494938116761229 vs. 3.494938116761229
list:
dist: 2.146922670550342 vs. 2.146922670550342
list:
dist: 2.6868874951229893 vs. 2.6868874951229893
list:
dist: 2.265529091603287 vs. 2.265529091603287
list:
dist: 2.1737290903281163 vs. 2.1737290903281163
list:
dist: 1.8117805765478967 vs. 1.8117805765478967
list:
dist: 1.7667526491409222 vs. 1.7667526491409222
list:
dist: 2.6583278933999366 vs. 2.6583278933999366
list:
dist: 1.5283940231934918 vs. 1.5283940231934918
list:
dist: 1.3357971555841186 vs. 1.3357971555841186
list:
dist: 2.1890884553903396 vs. 2.1890884553903396
list:
dist: 1.8052530718690178 vs. 1.8052530718690178
list:
dist: 1.6571796511772277 vs. 1.6571796511772277
list:
dist: 0.9108752082953546 vs. 0.9108752082953546
list:
dist: 1.7368111796426131 vs. 1.7368111796426131
list:
dist: 1.1710272800556556 vs. 1.1710272800556556
list:
dist: 2.4367129364966207 vs. 2.4367129364966207
list:
dist: 1.2389576600100514 vs. 1.2389576600100514
list:
dist: 1.9908291687497544 vs. 1.9908291687497544
list:
dist: 2.5590824092289135 vs. 2.5590824092289135
list:
dist: 2.529186463769383 vs. 2.529186463769383
list:
dist: 2.0429121696072072 vs. 2.0429121696072072
list:
dist: 2.8003593897899965 vs. 2.8003593897899965
list:
dist: 2.7061871266114688 vs. 2.7061871266114688
list:
dist: 2.273467111797531 vs. 2.273467111797531
list:
dist: 1.4067775998887462 vs. 1.4067775998887462
list:
dist: 2.069147056244725 vs. 2.069147056244725
list:
dist: 2.536718264027771 vs. 2.536718264027771
list:
dist: 1.039247244457259 vs. 1.039247244457259
list:
dist: 2.8011010831347503 vs. 2.8011010831347503
list:
dist: 1.9755283484009798 vs. 1.9755283484009798
list:
dist: 0.9863000941382812 vs. 0.9863000941382812
list:
dist: 1.3623313126589154 vs. 1.3623313126589154
list:
dist: 1.0705880735893687 vs. 1.0705880735893687
list:
dist: 1.5041019143096857 vs. 1.5041019143096857
list:
dist: 0.8570780769194202 vs. 0.8570780769194202
list:
dist: 1.3357971555841186 vs. 1.3357971555841186
list:
dist: 2.2374284737184293 vs. 2.2374284737184293
list:
dist: 2.1079258945172232 vs. 2.1079258945172232
list:
dist: 1.5742855352691376 vs. 1.5742855352691376
list:
dist: 1.9161201469798186 vs. 1.9161201469798186
list:
dist: 2.807580390247391 vs. 2.807580390247391
list:
dist: 1.379663339727792 vs. 1.379663339727792
list:
dist: 3.0817760439561352 vs. 3.0817760439561352
list:
dist: 1.76770046649042 vs. 1.76770046649042
list:
dist: 2.3188186353582716 vs. 2.3188186353582716
list:
dist: 2.962928034561465 vs. 2.962928034561465
list:
dist: 3.5250794744698255 vs. 3.5250794744698255
list:
dist: 2.680172674382753 vs. 2.680172674382753
list:
dist: 3.58199823793277 vs. 3.58199823793277
list:
dist: 2.1980510904304067 vs. 2.1980510904304067
list:
dist: 1.711586189040115 vs. 1.711586189040115
list:
dist: 0.9775564502043026 vs. 0.9775564502043026
list:
dist: 1.4394816076797121 vs. 1.4394816076797121
list:
dist: 1.9303051206255617 vs. 1.9303051206255617
list:
dist: 1.2629678315671542 vs. 1.2629678315671542
list:
dist: 0.5398452341178869 vs. 0.5398452341178869
list:
dist: 1.9938609971805448 vs. 1.9938609971805448
list:
dist: 2.718887704733133 vs. 2.718887704733133
list:
dist: 1.7860720899133131 vs. 1.7860720899133131
list:
dist: 1.6712713767885083 vs. 1.6712713767885083
list:
dist: 1.4416035362488606 vs. 1.4416035362488606
list:
dist: 2.273467111797531 vs. 2.273467111797531
list:
dist: 2.754989373557822 vs. 2.754989373557822
list:
dist: 2.226242142612782 vs. 2.226242142612782
list:
dist: 1.9583104882763687 vs. 1.9583104882763687
list:
dist: 2.8021394499523793 vs. 2.8021394499523793
list:
dist: 2.9492567574846134 vs. 2.9492567574846134
list:
dist: 3.671926394876715 vs. 3.671926394876715
list:
dist: 1.7258151160026964 vs. 1.7258151160026964
list:
dist: 2.71941698979276 vs. 2.71941698979276
list:
dist: 1.8554657207409315 vs. 1.8554657207409315
list:
dist: 4.1170975890846835 vs. 4.1170975890846835
list:
dist: 2.9987451763541695 vs. 2.9987451763541695
list:
dist: 3.5919080226515177 vs. 3.5919080226515177
list:
dist: 4.696842613546324 vs. 4.696842613546324
list:
dist: 3.8526647751301333 vs. 3.8526647751301333
list:
dist: 3.5250794744698255 vs. 3.5250794744698255
list:
dist: 2.529186463769383 vs. 2.529186463769383
list:
dist: 3.217798933466312 vs. 3.217798933466312
list:
dist: 3.1496939497436833 vs. 3.1496939497436833
list:
dist: 2.626015030924339 vs. 2.626015030924339
list:
dist: 1.9768043260652222 vs. 1.9768043260652222
list:
dist: 1.4093229526018074 vs. 1.4093229526018074
list:
dist: 3.2001321085614918 vs. 3.2001321085614918
list:
dist: 3.0974139769739044 vs. 3.0974139769739044
list:
dist: 3.1648141856422836 vs. 3.1648141856422836
list:
dist: 1.8184898620032544 vs. 1.8184898620032544
list:
dist: 2.273740689607176 vs. 2.273740689607176
list:
dist: 1.5194259634536433 vs. 1.5194259634536433
list:
dist: 0.9500572632649238 vs. 0.9500572632649238
list:
dist: 1.2816327441009754 vs. 1.2816327441009754
list:
dist: 2.678971257308594 vs. 2.678971257308594
list:
dist: 2.8183755377263515 vs. 2.8183755377263515
list:
dist: 2.4119020947058427 vs. 2.4119020947058427
list:
dist: 2.1533245652531536 vs. 2.1533245652531536
list:
dist: 1.486033524170776 vs. 1.486033524170776
list:
dist: 3.1897121972268803 vs. 3.1897121972268803
list:
dist: 2.6111653810023454 vs. 2.6111653810023454
list:
dist: 3.185159733413714 vs. 3.185159733413714
list:
dist: 1.3962809823055184 vs. 1.3962809823055184
list:
dist: 1.2816327441009754 vs. 1.2816327441009754
list:
dist: 1.0893094040534392 vs. 1.0893094040534392
list:
dist: 0.43783532193855546 vs. 0.43783532193855546
list:
dist: 2.9492567574846134 vs. 2.9492567574846134
list:
dist: 3.086457120149941 vs. 3.086457120149941
list:
dist: 3.3114125507145884 vs. 3.3114125507145884
list:
dist: 3.9302444132166015 vs. 3.9302444132166015
list:
dist: 2.797096302684143 vs. 2.797096302684143
list:
dist: 2.5746732981164993 vs. 2.5746732981164993
list:
dist: 2.4317335419675428 vs. 2.4317335419675428
list:
dist: 2.4903666388123145 vs. 2.4903666388123145
list:
dist: 1.7168887632053995 vs. 1.7168887632053995
list:
dist: 1.8634165139137038 vs. 1.8634165139137038
list:
dist: 2.970119037453149 vs. 2.970119037453149
list:
dist: 1.9687963635988264 vs. 1.9687963635988264
list:
dist: 1.9161201469798186 vs. 1.9161201469798186
list:
dist: 0.9108752082953546 vs. 0.9108752082953546
list:
dist: 1.688127155849262 vs. 1.688127155849262
list:
dist: 1.3744829934529053 vs. 1.3744829934529053
list:
dist: 1.3609179662016853 vs. 1.3609179662016853
list:
dist: 0.9066356823030826 vs. 0.9066356823030826
list:
dist: 1.2310819305117515 vs. 1.2310819305117515
list:
dist: 1.7663112508166356 vs. 1.7663112508166356
list:
dist: 1.2128096834261728 vs. 1.2128096834261728
list:
dist: 1.902755950446465 vs. 1.902755950446465
list:
dist: 1.755935013387713 vs. 1.755935013387713
list:
dist: 1.9768043260652222 vs. 1.9768043260652222
list:
dist: 1.2581025463143234 vs. 1.2581025463143234
list:
dist: 2.0625492950550006 vs. 2.0625492950550006
list:
dist: 2.1533245652531536 vs. 2.1533245652531536
list:
dist: 3.671926394876715 vs. 3.671926394876715
list:
dist: 3.9829252150254333 vs. 3.9829252150254333
list:
dist: 4.122614159380308 vs. 4.122614159380308
list:
dist: 4.767675892118014 vs. 4.767675892118014
list:
dist: 3.702512101164144 vs. 3.702512101164144
list:
dist: 3.0524332089988278 vs. 3.0524332089988278
list:
dist: 3.151327639198635 vs. 3.151327639198635
list:
dist: 3.3245421878512227 vs. 3.3245421878512227
list:
dist: 2.367916831169557 vs. 2.367916831169557
list:
dist: 2.653682371997227 vs. 2.653682371997227
list:
dist: 3.798783739716457 vs. 3.798783739716457
list:
dist: 2.847617677822443 vs. 2.847617677822443
list:
dist: 2.807580390247391 vs. 2.807580390247391
list:
dist: 1.7368111796426131 vs. 1.7368111796426131
list:
dist: 2.0850185338471845 vs. 2.0850185338471845
list:
dist: 1.8529030166897156 vs. 1.8529030166897156
list:
dist: 1.9361319192671052 vs. 1.9361319192671052
list:
dist: 0.9066356823030826 vs. 0.9066356823030826
list:
dist: 2.0278436583618733 vs. 2.0278436583618733
list:
dist: 1.7333069719897316 vs. 1.7333069719897316
list:
dist: 1.8997544684656442 vs. 1.8997544684656442
list:
dist: 2.1565622622651666 vs. 2.1565622622651666
list:
dist: 1.597058497349059 vs. 1.597058497349059
list:
dist: 1.4093229526018074 vs. 1.4093229526018074
list:
dist: 1.0450113694287546 vs. 1.0450113694287546
list:
dist: 1.4717836973088783 vs. 1.4717836973088783
list:
dist: 1.486033524170776 vs. 1.486033524170776
list:
dist: 2.982742396205488 vs. 2.982742396205488
list:
dist: 1.7794910964812432 vs. 1.7794910964812432
list:
dist: 2.364929489077666 vs. 2.364929489077666
list:
dist: 3.499827102890986 vs. 3.499827102890986
list:
dist: 2.8597620620771007 vs. 2.8597620620771007
list:
dist: 2.680172674382753 vs. 2.680172674382753
list:
dist: 2.0429121696072072 vs. 2.0429121696072072
list:
dist: 1.787387402361363 vs. 1.787387402361363
list:
dist: 1.9275613134683147 vs. 1.9275613134683147
list:
dist: 1.3456289493565148 vs. 1.3456289493565148
list:
dist: 1.2581025463143234 vs. 1.2581025463143234
list:
dist: 1.0450113694287546 vs. 1.0450113694287546
list:
dist: 2.185992545172573 vs. 2.185992545172573
list:
dist: 2.0814215329324974 vs. 2.0814215329324974
list:
dist: 2.268376999086386 vs. 2.268376999086386
list:
dist: 1.671019084705548 vs. 1.671019084705548
list:
dist: 0.8427653918062422 vs. 0.8427653918062422
list:
dist: 1.5194259634536433 vs. 1.5194259634536433
list:
dist: 1.0430939105641022 vs. 1.0430939105641022
list:
dist: 1.0893094040534392 vs. 1.0893094040534392
list:
dist: 3.9598270930154538 vs. 3.9598270930154538
list:
dist: 2.718886740591607 vs. 2.718886740591607
list:
dist: 3.387529921962998 vs. 3.387529921962998
list:
dist: 4.507796824102016 vs. 4.507796824102016
list:
dist: 3.8455837487757223 vs. 3.8455837487757223
list:
dist: 3.58199823793277 vs. 3.58199823793277
list:
dist: 2.8003593897899965 vs. 2.8003593897899965
list:
dist: 2.788051721166958 vs. 2.788051721166958
list:
dist: 2.906110693128126 vs. 2.906110693128126
list:
dist: 2.322894449809625 vs. 2.322894449809625
list:
dist: 2.0625492950550006 vs. 2.0625492950550006
list:
dist: 1.4717836973088783 vs. 1.4717836973088783
list:
dist: 3.162975772259396 vs. 3.162975772259396
list:
dist: 2.820534050042647 vs. 2.820534050042647
list:
dist: 3.1843452134821044 vs. 3.1843452134821044
list:
dist: 1.9375132237320671 vs. 1.9375132237320671
list:
dist: 1.5695818521272955 vs. 1.5695818521272955
list:
dist: 0.9500572632649238 vs. 0.9500572632649238
list:
dist: 1.0430939105641022 vs. 1.0430939105641022
list:
dist: 0.43783532193855546 vs. 0.43783532193855546
list:
dist: 2.8437767193145613 vs. 2.8437767193145613
list:
dist: 1.8356076320491168 vs. 1.8356076320491168
list:
dist: 2.6084187527968443 vs. 2.6084187527968443
list:
dist: 3.4896367444765084 vs. 3.4896367444765084
list:
dist: 2.952849453721439 vs. 2.952849453721439
list:
dist: 2.3188186353582716 vs. 2.3188186353582716
list:
dist: 1.9908291687497544 vs. 1.9908291687497544
list:
dist: 2.8678178398460945 vs. 2.8678178398460945
list:
dist: 2.9564980590637173 vs. 2.9564980590637173
list:
dist: 1.710874907374585 vs. 1.710874907374585
list:
dist: 1.902755950446465 vs. 1.902755950446465
list:
dist: 2.1565622622651666 vs. 2.1565622622651666
list:
dist: 2.7078925630611765 vs. 2.7078925630611765
list:
dist: 3.480508060705855 vs. 3.480508060705855
list:
dist: 2.925845939083686 vs. 2.925845939083686
list:
dist: 2.354021143704029 vs. 2.354021143704029
list:
dist: 1.8184898620032544 vs. 1.8184898620032544
list:
dist: 1.671019084705548 vs. 1.671019084705548
list:
dist: 1.9375132237320671 vs. 1.9375132237320671
list:
dist: 3.0062865236058594 vs. 3.0062865236058594
list:
dist: 1.85666943431972 vs. 1.85666943431972
list:
dist: 2.338756249840793 vs. 2.338756249840793
list:
dist: 3.4211817652848193 vs. 3.4211817652848193
list:
dist: 2.980423094307183 vs. 2.980423094307183
list:
dist: 2.962928034561465 vs. 2.962928034561465
list:
dist: 2.5590824092289135 vs. 2.5590824092289135
list:
dist: 1.3972372517828755 vs. 1.3972372517828755
list:
dist: 1.7709533255836554 vs. 1.7709533255836554
list:
dist: 1.4582631493737273 vs. 1.4582631493737273
list:
dist: 1.755935013387713 vs. 1.755935013387713
list:
dist: 1.597058497349059 vs. 1.597058497349059
list:
dist: 2.302811635471441 vs. 2.302811635471441
list:
dist: 1.8436372168989614 vs. 1.8436372168989614
list:
dist: 2.407070184478457 vs. 2.407070184478457
list:
dist: 2.354021143704029 vs. 2.354021143704029
list:
dist: 3.465623443476119 vs. 3.465623443476119
list:
dist: 2.273740689607176 vs. 2.273740689607176
list:
dist: 0.8427653918062422 vs. 0.8427653918062422
list:
dist: 1.5695818521272955 vs. 1.5695818521272955
list:
dist: 1.3962809823055184 vs. 1.3962809823055184
list:
dist: 2.6997159369507364 vs. 2.6997159369507364
list:
dist: 3.2351218820106498 vs. 3.2351218820106498
list:
dist: 2.466372122218472 vs. 2.466372122218472
list:
dist: 1.351150327737074 vs. 1.351150327737074
list:
dist: 1.5670501163137942 vs. 1.5670501163137942
list:
dist: 2.036922582400087 vs. 2.036922582400087
list:
dist: 1.8404736645368425 vs. 1.8404736645368425
list:
dist: 2.0558458778167297 vs. 2.0558458778167297
list:
dist: 2.4107333837004585 vs. 2.4107333837004585
list:
dist: 0.7817346627171201 vs. 0.7817346627171201
list:
dist: 2.54099605485685 vs. 2.54099605485685
list:
dist: 2.100402316541448 vs. 2.100402316541448
list:
dist: 3.0623523173963716 vs. 3.0623523173963716
list:
dist: 1.7702249384804596 vs. 1.7702249384804596
list:
dist: 2.1109200273869972 vs. 2.1109200273869972
list:
dist: 1.493251660052396 vs. 1.493251660052396
list:
dist: 2.292556439752616 vs. 2.292556439752616
list:
dist: 2.1578175178836108 vs. 2.1578175178836108
list:
dist: 1.83596815060822 vs. 1.83596815060822
list:
dist: 2.2570698896986086 vs. 2.2570698896986086
list:
dist: 2.6190692250531087 vs. 2.6190692250531087
list:
dist: 2.8261998791568663 vs. 2.8261998791568663
list:
dist: 2.3817035796588257 vs. 2.3817035796588257
list:
dist: 1.7305904012921312 vs. 1.7305904012921312
list:
dist: 1.6643142116178173 vs. 1.6643142116178173
list:
dist: 1.6130577720833859 vs. 1.6130577720833859
list:
dist: 1.741905709794653 vs. 1.741905709794653
list:
dist: 1.1880271032485805 vs. 1.1880271032485805
list:
dist: 1.8404736645368425 vs. 1.8404736645368425
list:
dist: 0.5216983508001142 vs. 0.5216983508001142
list:
dist: 0.7838395255024677 vs. 0.7838395255024677
list:
dist: 2.3090098026176507 vs. 2.3090098026176507
list:
dist: 1.952832863128702 vs. 1.952832863128702
list:
dist: 2.556789247663378 vs. 2.556789247663378
list:
dist: 3.419536539435543 vs. 3.419536539435543
list:
dist: 3.3061400786318376 vs. 3.3061400786318376
list:
dist: 3.013718656554176 vs. 3.013718656554176
list:
dist: 2.5287205801019 vs. 2.5287205801019
list:
dist: 2.8851247762550463 vs. 2.8851247762550463
list:
dist: 1.8340361423828642 vs. 1.8340361423828642
list:
dist: 3.3424795048003992 vs. 3.3424795048003992
list:
dist: 2.349209698432777 vs. 2.349209698432777
list:
dist: 3.0399611273103657 vs. 3.0399611273103657
list:
dist: 3.955809414422478 vs. 3.955809414422478
list:
dist: 4.034838833700459 vs. 4.034838833700459
list:
dist: 4.381305060338707 vs. 4.381305060338707
list:
dist: 3.9036368514272377 vs. 3.9036368514272377
list:
dist: 3.2156525975131434 vs. 3.2156525975131434
list:
dist: 2.150703618783549 vs. 2.150703618783549
list:
dist: 1.83596815060822 vs. 1.83596815060822
list:
dist: 2.9525297890244016 vs. 2.9525297890244016
list:
dist: 2.83093648428085 vs. 2.83093648428085
list:
dist: 3.0399611273103657 vs. 3.0399611273103657
list:
dist: 1.9664140299191557 vs. 1.9664140299191557
list:
dist: 2.5740147350344222 vs. 2.5740147350344222
list:
dist: 1.8469646430187192 vs. 1.8469646430187192
list:
dist: 2.319829629214746 vs. 2.319829629214746
list:
dist: 2.2365402130232837 vs. 2.2365402130232837
list:
dist: 2.7432027169614916 vs. 2.7432027169614916
list:
dist: 1.6371903464903113 vs. 1.6371903464903113
list:
dist: 1.0871763403898858 vs. 1.0871763403898858
list:
dist: 1.480005676188575 vs. 1.480005676188575
list:
dist: 2.6997159369507364 vs. 2.6997159369507364
list:
dist: 1.9129808755724949 vs. 1.9129808755724949
list:
dist: 1.4370122727990027 vs. 1.4370122727990027
list:
dist: 1.6643142116178173 vs. 1.6643142116178173
list:
dist: 1.9516684315440784 vs. 1.9516684315440784
list:
dist: 2.900498518950779 vs. 2.900498518950779
list:
dist: 2.5731106059119457 vs. 2.5731106059119457
list:
dist: 2.12088978370918 vs. 2.12088978370918
list:
dist: 1.4370122727990027 vs. 1.4370122727990027
list:
dist: 1.5666558483949489 vs. 1.5666558483949489
list:
dist: 2.522936277782682 vs. 2.522936277782682
list:
dist: 1.4363596553326885 vs. 1.4363596553326885
list:
dist: 2.036922582400087 vs. 2.036922582400087
list:
dist: 1.2389194152136285 vs. 1.2389194152136285
list:
dist: 0.7838395255024677 vs. 0.7838395255024677
list:
dist: 3.0185374168488264 vs. 3.0185374168488264
list:
dist: 2.6387828988043185 vs. 2.6387828988043185
list:
dist: 2.814703887492239 vs. 2.814703887492239
list:
dist: 3.971747603006994 vs. 3.971747603006994
list:
dist: 3.840199494801663 vs. 3.840199494801663
list:
dist: 3.0601092021267955 vs. 3.0601092021267955
list:
dist: 2.994461128610968 vs. 2.994461128610968
list:
dist: 3.054527442150624 vs. 3.054527442150624
list:
dist: 2.2473580041149224 vs. 2.2473580041149224
list:
dist: 3.8615021142976147 vs. 3.8615021142976147
list:
dist: 2.9879003054580573 vs. 2.9879003054580573
list:
dist: 2.83093648428085 vs. 2.83093648428085
list:
dist: 4.171247587535158 vs. 4.171247587535158
list:
dist: 4.482997971742175 vs. 4.482997971742175
list:
dist: 4.799100381820811 vs. 4.799100381820811
list:
dist: 4.282317500019913 vs. 4.282317500019913
list:
dist: 3.6039403281051228 vs. 3.6039403281051228
list:
dist: 1.9129808755724949 vs. 1.9129808755724949
list:
dist: 1.9599218850079547 vs. 1.9599218850079547
list:
dist: 1.3567121316123385 vs. 1.3567121316123385
list:
dist: 1.0101671131681167 vs. 1.0101671131681167
list:
dist: 1.5670501163137942 vs. 1.5670501163137942
list:
dist: 1.2389194152136285 vs. 1.2389194152136285
list:
dist: 0.5216983508001142 vs. 0.5216983508001142
list:
dist: 1.8044201515859548 vs. 1.8044201515859548
list:
dist: 1.6574478682749814 vs. 1.6574478682749814
list:
dist: 2.2035251111188794 vs. 2.2035251111188794
list:
dist: 2.999681197116844 vs. 2.999681197116844
list:
dist: 2.8220211319927966 vs. 2.8220211319927966
list:
dist: 2.9182376983928258 vs. 2.9182376983928258
list:
dist: 2.0823599298806625 vs. 2.0823599298806625
list:
dist: 2.6132934598392814 vs. 2.6132934598392814
list:
dist: 1.4598182193718854 vs. 1.4598182193718854
list:
dist: 2.848324631176392 vs. 2.848324631176392
list:
dist: 1.8645488424196306 vs. 1.8645488424196306
list:
dist: 2.9525297890244016 vs. 2.9525297890244016
list:
dist: 3.584373857515178 vs. 3.584373857515178
list:
dist: 3.5567367637897296 vs. 3.5567367637897296
list:
dist: 3.9203627139348804 vs. 3.9203627139348804
list:
dist: 3.4540480793618453 vs. 3.4540480793618453
list:
dist: 2.769262984931463 vs. 2.769262984931463
list:
dist: 1.0871763403898858 vs. 1.0871763403898858
list:
dist: 2.066837278517938 vs. 2.066837278517938
list:
dist: 3.2351218820106498 vs. 3.2351218820106498
list:
dist: 1.9599218850079547 vs. 1.9599218850079547
list:
dist: 1.5666558483949489 vs. 1.5666558483949489
list:
dist: 1.6130577720833859 vs. 1.6130577720833859
list:
dist: 2.812912587123096 vs. 2.812912587123096
list:
dist: 3.4313482800611794 vs. 3.4313482800611794
list:
dist: 3.430201983240476 vs. 3.430201983240476
list:
dist: 2.6700183259450734 vs. 2.6700183259450734
list:
dist: 1.9516684315440784 vs. 1.9516684315440784
list:
dist: 2.812912587123096 vs. 2.812912587123096
list:
dist: 2.0262499390081925 vs. 2.0262499390081925
list:
dist: 3.0623523173963716 vs. 3.0623523173963716
list:
dist: 2.9182376983928258 vs. 2.9182376983928258
list:
dist: 3.0601092021267955 vs. 3.0601092021267955
list:
dist: 3.013718656554176 vs. 3.013718656554176
list:
dist: 2.306092968343327 vs. 2.306092968343327
list:
dist: 1.4331540714173276 vs. 1.4331540714173276
list:
dist: 1.9274031363179183 vs. 1.9274031363179183
list:
dist: 1.712945224059332 vs. 1.712945224059332
list:
dist: 1.9756521161508909 vs. 1.9756521161508909
list:
dist: 2.4717860693935987 vs. 2.4717860693935987
list:
dist: 1.4222335941689133 vs. 1.4222335941689133
list:
dist: 2.119077710594266 vs. 2.119077710594266
list:
dist: 0.9309182439121763 vs. 0.9309182439121763
list:
dist: 1.2019700685493406 vs. 1.2019700685493406
list:
dist: 1.0944109041673755 vs. 1.0944109041673755
list:
dist: 2.1755804450107603 vs. 2.1755804450107603
list:
dist: 2.363308797741963 vs. 2.363308797741963
list:
dist: 2.3095962337848754 vs. 2.3095962337848754
list:
dist: 2.2953556295954414 vs. 2.2953556295954414
list:
dist: 2.6205868971172683 vs. 2.6205868971172683
list:
dist: 2.369333407081065 vs. 2.369333407081065
list:
dist: 2.906052933039506 vs. 2.906052933039506
list:
dist: 2.100402316541448 vs. 2.100402316541448
list:
dist: 2.8220211319927966 vs. 2.8220211319927966
list:
dist: 3.840199494801663 vs. 3.840199494801663
list:
dist: 3.3061400786318376 vs. 3.3061400786318376
list:
dist: 1.4819150770115412 vs. 1.4819150770115412
list:
dist: 2.478571815307309 vs. 2.478571815307309
list:
dist: 1.2019700685493406 vs. 1.2019700685493406
list:
dist: 1.5780935626057047 vs. 1.5780935626057047
list:
dist: 1.1945846119142784 vs. 1.1945846119142784
list:
dist: 1.0499077472957947 vs. 1.0499077472957947
list:
dist: 1.9428537928379201 vs. 1.9428537928379201
list:
dist: 3.0002854508679557 vs. 3.0002854508679557
list:
dist: 2.4172551794289845 vs. 2.4172551794289845
list:
dist: 1.3709446173350812 vs. 1.3709446173350812
list:
dist: 2.0334115558198667 vs. 2.0334115558198667
list:
dist: 2.14658455052805 vs. 2.14658455052805
list:
dist: 1.3116159004842984 vs. 1.3116159004842984
list:
dist: 1.3369985209088324 vs. 1.3369985209088324
list:
dist: 1.506558465535425 vs. 1.506558465535425
list:
dist: 1.2275532517505279 vs. 1.2275532517505279
list:
dist: 1.9756521161508909 vs. 1.9756521161508909
list:
dist: 2.244922544283935 vs. 2.244922544283935
list:
dist: 1.103261581123756 vs. 1.103261581123756
list:
dist: 2.3020366091689493 vs. 2.3020366091689493
list:
dist: 2.7449820395100137 vs. 2.7449820395100137
list:
dist: 3.0879848774902836 vs. 3.0879848774902836
list:
dist: 1.6371903464903113 vs. 1.6371903464903113
list:
dist: 2.0876331333864657 vs. 2.0876331333864657
list:
dist: 2.99186772076917 vs. 2.99186772076917
list:
dist: 3.522088450722768 vs. 3.522088450722768
list:
dist: 2.5863912296921536 vs. 2.5863912296921536
list:
dist: 2.439135992534425 vs. 2.439135992534425
list:
dist: 1.2157261328051594 vs. 1.2157261328051594
list:
dist: 2.4144678999296256 vs. 2.4144678999296256
list:
dist: 1.7305904012921312 vs. 1.7305904012921312
list:
dist: 2.769262984931463 vs. 2.769262984931463
list:
dist: 3.6039403281051228 vs. 3.6039403281051228
list:
dist: 3.2156525975131434 vs. 3.2156525975131434
list:
dist: 2.0287172594954277 vs. 2.0287172594954277
list:
dist: 3.1287201873655395 vs. 3.1287201873655395
list:
dist: 2.369333407081065 vs. 2.369333407081065
list:
dist: 1.0961806627235913 vs. 1.0961806627235913
list:
dist: 2.3433505129514125 vs. 2.3433505129514125
list:
dist: 1.2275532517505279 vs. 1.2275532517505279
list:
dist: 2.1458585125933634 vs. 2.1458585125933634
list:
dist: 1.2709483234247378 vs. 1.2709483234247378
list:
dist: 1.9507428714780395 vs. 1.9507428714780395
list:
dist: 1.8354342502885588 vs. 1.8354342502885588
list:
dist: 0.9175858813209253 vs. 0.9175858813209253
list:
dist: 1.891561970396155 vs. 1.891561970396155
list:
dist: 1.1072836463722882 vs. 1.1072836463722882
list:
dist: 0.9193205477457022 vs. 0.9193205477457022
list:
dist: 1.373560793596261 vs. 1.373560793596261
list:
dist: 0.6906341298326449 vs. 0.6906341298326449
list:
dist: 2.731264985811757 vs. 2.731264985811757
list:
dist: 2.439135992534425 vs. 2.439135992534425
list:
dist: 1.4065558895402586 vs. 1.4065558895402586
list:
dist: 1.7919519694039452 vs. 1.7919519694039452
list:
dist: 2.1578175178836108 vs. 2.1578175178836108
list:
dist: 1.8645488424196306 vs. 1.8645488424196306
list:
dist: 2.9879003054580573 vs. 2.9879003054580573
list:
dist: 2.349209698432777 vs. 2.349209698432777
list:
dist: 1.1709324576952542 vs. 1.1709324576952542
list:
dist: 2.292345320287304 vs. 2.292345320287304
list:
dist: 2.363308797741963 vs. 2.363308797741963
list:
dist: 2.19735365598351 vs. 2.19735365598351
list:
dist: 2.7447208916082575 vs. 2.7447208916082575
list:
dist: 2.0334115558198667 vs. 2.0334115558198667
list:
dist: 2.938936117932844 vs. 2.938936117932844
list:
dist: 0.896585669162464 vs. 0.896585669162464
list:
dist: 2.0388374952052737 vs. 2.0388374952052737
list:
dist: 1.1117217086566933 vs. 1.1117217086566933
list:
dist: 1.3807602768966574 vs. 1.3807602768966574
list:
dist: 2.8921186980143254 vs. 2.8921186980143254
list:
dist: 2.3450190599761505 vs. 2.3450190599761505
list:
dist: 2.9593147972167118 vs. 2.9593147972167118
list:
dist: 2.3913549484762697 vs. 2.3913549484762697
list:
dist: 1.891561970396155 vs. 1.891561970396155
list:
dist: 2.854572892771335 vs. 2.854572892771335
list:
dist: 3.0879848774902836 vs. 3.0879848774902836
list:
dist: 1.712945224059332 vs. 1.712945224059332
list:
dist: 2.1788519531638566 vs. 2.1788519531638566
list:
dist: 1.2671010720765845 vs. 1.2671010720765845
list:
dist: 2.3860108064037497 vs. 2.3860108064037497
list:
dist: 2.621018029884343 vs. 2.621018029884343
list:
dist: 2.854572892771335 vs. 2.854572892771335
list:
dist: 2.7432027169614916 vs. 2.7432027169614916
list:
dist: 2.6709821574136323 vs. 2.6709821574136323
list:
dist: 3.0789704492637764 vs. 3.0789704492637764
list:
dist: 3.783887296439731 vs. 3.783887296439731
list:
dist: 2.806051231167573 vs. 2.806051231167573
list:
dist: 2.731264985811757 vs. 2.731264985811757
list:
dist: 1.2157261328051594 vs. 1.2157261328051594
list:
dist: 1.1730518748520136 vs. 1.1730518748520136
list:
dist: 2.218354227250682 vs. 2.218354227250682
list:
dist: 2.0558458778167297 vs. 2.0558458778167297
list:
dist: 1.8044201515859548 vs. 1.8044201515859548
list:
dist: 3.0185374168488264 vs. 3.0185374168488264
list:
dist: 2.3090098026176507 vs. 2.3090098026176507
list:
dist: 1.3619543073492633 vs. 1.3619543073492633
list:
dist: 1.4222335941689133 vs. 1.4222335941689133
list:
dist: 2.0677174979443067 vs. 2.0677174979443067
list:
dist: 1.723594868724256 vs. 1.723594868724256
list:
dist: 1.4819150770115412 vs. 1.4819150770115412
list:
dist: 2.2097351222279995 vs. 2.2097351222279995
list:
dist: 1.703832151945501 vs. 1.703832151945501
list:
dist: 2.907688151800628 vs. 2.907688151800628
list:
dist: 1.8361647347477332 vs. 1.8361647347477332
list:
dist: 1.767897784216871 vs. 1.767897784216871
list:
dist: 1.1709324576952542 vs. 1.1709324576952542
list:
dist: 3.1214547159122543 vs. 3.1214547159122543
list:
dist: 2.4238656945651744 vs. 2.4238656945651744
list:
dist: 2.756256246452599 vs. 2.756256246452599
list:
dist: 2.5595106181387863 vs. 2.5595106181387863
list:
dist: 2.0287172594954277 vs. 2.0287172594954277
list:
dist: 3.2702909967668954 vs. 3.2702909967668954
list:
dist: 2.6190692250531087 vs. 2.6190692250531087
list:
dist: 3.5567367637897296 vs. 3.5567367637897296
list:
dist: 4.482997971742175 vs. 4.482997971742175
list:
dist: 4.034838833700459 vs. 4.034838833700459
list:
dist: 2.4238656945651744 vs. 2.4238656945651744
list:
dist: 3.637791043694664 vs. 3.637791043694664
list:
dist: 2.3095962337848754 vs. 2.3095962337848754
list:
dist: 1.9375692175454364 vs. 1.9375692175454364
list:
dist: 2.464386036020792 vs. 2.464386036020792
list:
dist: 1.3116159004842984 vs. 1.3116159004842984
list:
dist: 1.8475726379464241 vs. 1.8475726379464241
list:
dist: 1.8881446932762953 vs. 1.8881446932762953
list:
dist: 2.6177313136955505 vs. 2.6177313136955505
list:
dist: 2.601399130398274 vs. 2.601399130398274
list:
dist: 1.002062248116275 vs. 1.002062248116275
list:
dist: 2.3450190599761505 vs. 2.3450190599761505
list:
dist: 1.3828444997543434 vs. 1.3828444997543434
list:
dist: 0.8079633561333469 vs. 0.8079633561333469
list:
dist: 0.4743485796968671 vs. 0.4743485796968671
list:
dist: 0.9193205477457022 vs. 0.9193205477457022
list:
dist: 3.0789704492637764 vs. 3.0789704492637764
list:
dist: 2.99186772076917 vs. 2.99186772076917
list:
dist: 1.941521315240981 vs. 1.941521315240981
list:
dist: 0.7817346627171201 vs. 0.7817346627171201
list:
dist: 2.2035251111188794 vs. 2.2035251111188794
list:
dist: 2.814703887492239 vs. 2.814703887492239
list:
dist: 2.556789247663378 vs. 2.556789247663378
list:
dist: 2.0677174979443067 vs. 2.0677174979443067
list:
dist: 2.7212809924271735 vs. 2.7212809924271735
list:
dist: 2.239470236206469 vs. 2.239470236206469
list:
dist: 1.5780935626057047 vs. 1.5780935626057047
list:
dist: 1.6705195454484125 vs. 1.6705195454484125
list:
dist: 2.127532959183345 vs. 2.127532959183345
list:
dist: 1.7573241941358533 vs. 1.7573241941358533
list:
dist: 1.8512194544423841 vs. 1.8512194544423841
list:
dist: 2.19735365598351 vs. 2.19735365598351
list:
dist: 1.9664140299191557 vs. 1.9664140299191557
list:
dist: 1.5849839670453927 vs. 1.5849839670453927
list:
dist: 1.9375692175454364 vs. 1.9375692175454364
list:
dist: 2.0734106337005764 vs. 2.0734106337005764
list:
dist: 1.6834505947111487 vs. 1.6834505947111487
list:
dist: 1.0961806627235913 vs. 1.0961806627235913
list:
dist: 2.900498518950779 vs. 2.900498518950779
list:
dist: 3.4313482800611794 vs. 3.4313482800611794
list:
dist: 2.1478849986433013 vs. 2.1478849986433013
list:
dist: 1.611627441776397 vs. 1.611627441776397
list:
dist: 1.7702249384804596 vs. 1.7702249384804596
list:
dist: 2.0823599298806625 vs. 2.0823599298806625
list:
dist: 2.994461128610968 vs. 2.994461128610968
list:
dist: 2.5287205801019 vs. 2.5287205801019
list:
dist: 1.703832151945501 vs. 1.703832151945501
list:
dist: 2.8212742730999776 vs. 2.8212742730999776
list:
dist: 1.6705195454484125 vs. 1.6705195454484125
list:
dist: 2.8947321082069006 vs. 2.8947321082069006
list:
dist: 1.9428537928379201 vs. 1.9428537928379201
list:
dist: 2.306092968343327 vs. 2.306092968343327
list:
dist: 1.275729637662237 vs. 1.275729637662237
list:
dist: 0.7982579927484603 vs. 0.7982579927484603
list:
dist: 1.0302609469328425 vs. 1.0302609469328425
list:
dist: 0.896585669162464 vs. 0.896585669162464
list:
dist: 2.5740147350344222 vs. 2.5740147350344222
list:
dist: 2.1036604792191484 vs. 2.1036604792191484
list:
dist: 1.8881446932762953 vs. 1.8881446932762953
list:
dist: 2.5465103130713698 vs. 2.5465103130713698
list:
dist: 1.777380300110929 vs. 1.777380300110929
list:
dist: 1.2709483234247378 vs. 1.2709483234247378
list:
dist: 2.1788519531638566 vs. 2.1788519531638566
list:
dist: 2.244922544283935 vs. 2.244922544283935
list:
dist: 2.12088978370918 vs. 2.12088978370918
list:
dist: 2.6700183259450734 vs. 2.6700183259450734
list:
dist: 1.8944488949673564 vs. 1.8944488949673564
list:
dist: 0.8378799990601288 vs. 0.8378799990601288
list:
dist: 1.493251660052396 vs. 1.493251660052396
list:
dist: 1.4598182193718854 vs. 1.4598182193718854
list:
dist: 2.2473580041149224 vs. 2.2473580041149224
list:
dist: 1.8340361423828642 vs. 1.8340361423828642
list:
dist: 1.8361647347477332 vs. 1.8361647347477332
list:
dist: 2.61018339166617 vs. 2.61018339166617
list:
dist: 1.7573241941358533 vs. 1.7573241941358533
list:
dist: 3.1559746310197387 vs. 3.1559746310197387
list:
dist: 2.4172551794289845 vs. 2.4172551794289845
list:
dist: 1.9274031363179183 vs. 1.9274031363179183
list:
dist: 0.7982579927484603 vs. 0.7982579927484603
list:
dist: 1.2519444520707166 vs. 1.2519444520707166
list:
dist: 1.8003957754926236 vs. 1.8003957754926236
list:
dist: 1.1117217086566933 vs. 1.1117217086566933
list:
dist: 2.319829629214746 vs. 2.319829629214746
list:
dist: 2.5686623258361156 vs. 2.5686623258361156
list:
dist: 2.601399130398274 vs. 2.601399130398274
list:
dist: 3.173399121623046 vs. 3.173399121623046
list:
dist: 2.4373687532476613 vs. 2.4373687532476613
list:
dist: 1.8354342502885588 vs. 1.8354342502885588
list:
dist: 2.3860108064037497 vs. 2.3860108064037497
list:
dist: 2.3020366091689493 vs. 2.3020366091689493
list:
dist: 2.0121296552734402 vs. 2.0121296552734402
list:
dist: 2.466372122218472 vs. 2.466372122218472
list:
dist: 1.3567121316123385 vs. 1.3567121316123385
list:
dist: 2.522936277782682 vs. 2.522936277782682
list:
dist: 1.741905709794653 vs. 1.741905709794653
list:
dist: 1.1730518748520136 vs. 1.1730518748520136
list:
dist: 1.2707210882663769 vs. 1.2707210882663769
list:
dist: 2.4717860693935987 vs. 2.4717860693935987
list:
dist: 2.1478849986433013 vs. 2.1478849986433013
list:
dist: 3.1198071124254563 vs. 3.1198071124254563
list:
dist: 1.8944488949673564 vs. 1.8944488949673564
list:
dist: 2.622484336283614 vs. 2.622484336283614
list:
dist: 1.4065558895402586 vs. 1.4065558895402586
list:
dist: 1.480005676188575 vs. 1.480005676188575
list:
dist: 2.066837278517938 vs. 2.066837278517938
list:
dist: 2.0121296552734402 vs. 2.0121296552734402
list:
dist: 1.351150327737074 vs. 1.351150327737074
list:
dist: 1.0101671131681167 vs. 1.0101671131681167
list:
dist: 1.4363596553326885 vs. 1.4363596553326885
list:
dist: 1.1880271032485805 vs. 1.1880271032485805
list:
dist: 2.218354227250682 vs. 2.218354227250682
list:
dist: 2.550970811085233 vs. 2.550970811085233
list:
dist: 1.941521315240981 vs. 1.941521315240981
list:
dist: 3.4264913274537134 vs. 3.4264913274537134
list:
dist: 2.906052933039506 vs. 2.906052933039506
list:
dist: 2.0262499390081925 vs. 2.0262499390081925
list:
dist: 1.611627441776397 vs. 1.611627441776397
list:
dist: 1.7015920169385121 vs. 1.7015920169385121
list:
dist: 0.8378799990601288 vs. 0.8378799990601288
list:
dist: 2.5650764037447615 vs. 2.5650764037447615
list:
dist: 1.7919519694039452 vs. 1.7919519694039452
list:
dist: 2.150703618783549 vs. 2.150703618783549
list:
dist: 3.0332136935878364 vs. 3.0332136935878364
list:
dist: 3.2702909967668954 vs. 3.2702909967668954
list:
dist: 3.734979435180442 vs. 3.734979435180442
list:
dist: 3.0636424594245426 vs. 3.0636424594245426
list:
dist: 2.4144678999296256 vs. 2.4144678999296256
list:
dist: 2.2097351222279995 vs. 2.2097351222279995
list:
dist: 2.9820514366135087 vs. 2.9820514366135087
list:
dist: 1.0944109041673755 vs. 1.0944109041673755
list:
dist: 1.0981523899696612 vs. 1.0981523899696612
list:
dist: 1.0499077472957947 vs. 1.0499077472957947
list:
dist: 2.212803483244936 vs. 2.212803483244936
list:
dist: 2.938936117932844 vs. 2.938936117932844
list:
dist: 1.8475726379464241 vs. 1.8475726379464241
list:
dist: 1.4893277483252412 vs. 1.4893277483252412
list:
dist: 2.1661164541764775 vs. 2.1661164541764775
list:
dist: 2.1458585125933634 vs. 2.1458585125933634
list:
dist: 2.5731106059119457 vs. 2.5731106059119457
list:
dist: 3.430201983240476 vs. 3.430201983240476
list:
dist: 3.1198071124254563 vs. 3.1198071124254563
list:
dist: 1.7015920169385121 vs. 1.7015920169385121
list:
dist: 2.1109200273869972 vs. 2.1109200273869972
list:
dist: 2.6132934598392814 vs. 2.6132934598392814
list:
dist: 3.054527442150624 vs. 3.054527442150624
list:
dist: 2.8851247762550463 vs. 2.8851247762550463
list:
dist: 2.907688151800628 vs. 2.907688151800628
list:
dist: 3.821239190383451 vs. 3.821239190383451
list:
dist: 2.127532959183345 vs. 2.127532959183345
list:
dist: 3.977399515191656 vs. 3.977399515191656
list:
dist: 3.0002854508679557 vs. 3.0002854508679557
list:
dist: 1.4331540714173276 vs. 1.4331540714173276
list:
dist: 1.275729637662237 vs. 1.275729637662237
list:
dist: 1.2519444520707166 vs. 1.2519444520707166
list:
dist: 2.0451050395707155 vs. 2.0451050395707155
list:
dist: 2.0388374952052737 vs. 2.0388374952052737
list:
dist: 1.8469646430187192 vs. 1.8469646430187192
list:
dist: 2.153400235130968 vs. 2.153400235130968
list:
dist: 2.6177313136955505 vs. 2.6177313136955505
list:
dist: 3.2512525712297777 vs. 3.2512525712297777
list:
dist: 2.3109618683213746 vs. 2.3109618683213746
list:
dist: 1.9507428714780395 vs. 1.9507428714780395
list:
dist: 1.2671010720765845 vs. 1.2671010720765845
list:
dist: 1.103261581123756 vs. 1.103261581123756
list:
dist: 1.2707210882663769 vs. 1.2707210882663769
list:
dist: 2.550970811085233 vs. 2.550970811085233
list:
dist: 2.4107333837004585 vs. 2.4107333837004585
list:
dist: 1.6574478682749814 vs. 1.6574478682749814
list:
dist: 2.6387828988043185 vs. 2.6387828988043185
list:
dist: 1.952832863128702 vs. 1.952832863128702
list:
dist: 1.3619543073492633 vs. 1.3619543073492633
list:
dist: 2.119077710594266 vs. 2.119077710594266
list:
dist: 2.7212809924271735 vs. 2.7212809924271735
list:
dist: 2.0479025966690787 vs. 2.0479025966690787
list:
dist: 2.478571815307309 vs. 2.478571815307309
list:
dist: 2.9820514366135087 vs. 2.9820514366135087
list:
dist: 2.8212742730999776 vs. 2.8212742730999776
list:
dist: 3.821239190383451 vs. 3.821239190383451
list:
dist: 2.61018339166617 vs. 2.61018339166617
list:
dist: 3.083574004683656 vs. 3.083574004683656
list:
dist: 2.292345320287304 vs. 2.292345320287304
list:
dist: 4.126661728853882 vs. 4.126661728853882
list:
dist: 3.637791043694664 vs. 3.637791043694664
list:
dist: 3.8031846203812947 vs. 3.8031846203812947
list:
dist: 3.7231589920355392 vs. 3.7231589920355392
list:
dist: 3.1287201873655395 vs. 3.1287201873655395
list:
dist: 3.4264913274537134 vs. 3.4264913274537134
list:
dist: 2.54099605485685 vs. 2.54099605485685
list:
dist: 2.999681197116844 vs. 2.999681197116844
list:
dist: 3.971747603006994 vs. 3.971747603006994
list:
dist: 3.419536539435543 vs. 3.419536539435543
list:
dist: 1.723594868724256 vs. 1.723594868724256
list:
dist: 2.0479025966690787 vs. 2.0479025966690787
list:
dist: 0.9309182439121763 vs. 0.9309182439121763
list:
dist: 2.239470236206469 vs. 2.239470236206469
list:
dist: 1.1945846119142784 vs. 1.1945846119142784
list:
dist: 1.0981523899696612 vs. 1.0981523899696612
list:
dist: 2.8947321082069006 vs. 2.8947321082069006
list:
dist: 3.977399515191656 vs. 3.977399515191656
list:
dist: 3.1559746310197387 vs. 3.1559746310197387
list:
dist: 2.5050249784678287 vs. 2.5050249784678287
list:
dist: 2.7447208916082575 vs. 2.7447208916082575
list:
dist: 3.1760788385649588 vs. 3.1760788385649588
list:
dist: 2.464386036020792 vs. 2.464386036020792
list:
dist: 2.2424368197989484 vs. 2.2424368197989484
list:
dist: 2.657986852964953 vs. 2.657986852964953
list:
dist: 2.3433505129514125 vs. 2.3433505129514125
list:
dist: 2.622484336283614 vs. 2.622484336283614
list:
dist: 2.5650764037447615 vs. 2.5650764037447615
list:
dist: 2.292556439752616 vs. 2.292556439752616
list:
dist: 2.848324631176392 vs. 2.848324631176392
list:
dist: 3.8615021142976147 vs. 3.8615021142976147
list:
dist: 3.3424795048003992 vs. 3.3424795048003992
list:
dist: 1.767897784216871 vs. 1.767897784216871
list:
dist: 3.083574004683656 vs. 3.083574004683656
list:
dist: 2.1755804450107603 vs. 2.1755804450107603
list:
dist: 1.8512194544423841 vs. 1.8512194544423841
list:
dist: 2.5050249784678287 vs. 2.5050249784678287
list:
dist: 1.3709446173350812 vs. 1.3709446173350812
list:
dist: 2.212803483244936 vs. 2.212803483244936
list:
dist: 1.0302609469328425 vs. 1.0302609469328425
list:
dist: 2.0451050395707155 vs. 2.0451050395707155
list:
dist: 1.8003957754926236 vs. 1.8003957754926236
list:
dist: 1.3807602768966574 vs. 1.3807602768966574
list:
dist: 1.8397261918151182 vs. 1.8397261918151182
list:
dist: 1.002062248116275 vs. 1.002062248116275
list:
dist: 1.727925419717694 vs. 1.727925419717694
list:
dist: 1.1116565263527662 vs. 1.1116565263527662
list:
dist: 0.9175858813209253 vs. 0.9175858813209253
list:
dist: 2.621018029884343 vs. 2.621018029884343
list:
dist: 2.7449820395100137 vs. 2.7449820395100137
list:
dist: 3.734979435180442 vs. 3.734979435180442
list:
dist: 2.8261998791568663 vs. 2.8261998791568663
list:
dist: 3.9203627139348804 vs. 3.9203627139348804
list:
dist: 4.799100381820811 vs. 4.799100381820811
list:
dist: 4.381305060338707 vs. 4.381305060338707
list:
dist: 2.756256246452599 vs. 2.756256246452599
list:
dist: 3.8031846203812947 vs. 3.8031846203812947
list:
dist: 2.2953556295954414 vs. 2.2953556295954414
list:
dist: 2.0734106337005764 vs. 2.0734106337005764
list:
dist: 2.2424368197989484 vs. 2.2424368197989484
list:
dist: 1.3369985209088324 vs. 1.3369985209088324
list:
dist: 1.4893277483252412 vs. 1.4893277483252412
list:
dist: 2.5465103130713698 vs. 2.5465103130713698
list:
dist: 3.2512525712297777 vs. 3.2512525712297777
list:
dist: 3.173399121623046 vs. 3.173399121623046
list:
dist: 1.727925419717694 vs. 1.727925419717694
list:
dist: 2.9593147972167118 vs. 2.9593147972167118
list:
dist: 1.5705996816020704 vs. 1.5705996816020704
list:
dist: 0.8079633561333469 vs. 0.8079633561333469
list:
dist: 0.9829346304685069 vs. 0.9829346304685069
list:
dist: 1.373560793596261 vs. 1.373560793596261
list:
dist: 3.783887296439731 vs. 3.783887296439731
list:
dist: 3.522088450722768 vs. 3.522088450722768
list:
dist: 3.0636424594245426 vs. 3.0636424594245426
list:
dist: 2.3817035796588257 vs. 2.3817035796588257
list:
dist: 3.4540480793618453 vs. 3.4540480793618453
list:
dist: 4.282317500019913 vs. 4.282317500019913
list:
dist: 3.9036368514272377 vs. 3.9036368514272377
list:
dist: 2.5595106181387863 vs. 2.5595106181387863
list:
dist: 3.7231589920355392 vs. 3.7231589920355392
list:
dist: 2.6205868971172683 vs. 2.6205868971172683
list:
dist: 1.6834505947111487 vs. 1.6834505947111487
list:
dist: 2.657986852964953 vs. 2.657986852964953
list:
dist: 1.506558465535425 vs. 1.506558465535425
list:
dist: 2.1661164541764775 vs. 2.1661164541764775
list:
dist: 1.777380300110929 vs. 1.777380300110929
list:
dist: 2.3109618683213746 vs. 2.3109618683213746
list:
dist: 2.4373687532476613 vs. 2.4373687532476613
list:
dist: 1.1116565263527662 vs. 1.1116565263527662
list:
dist: 2.3913549484762697 vs. 2.3913549484762697
list:
dist: 0.9186862455034455 vs. 0.9186862455034455
list:
dist: 0.4743485796968671 vs. 0.4743485796968671
list:
dist: 0.9829346304685069 vs. 0.9829346304685069
list:
dist: 0.6906341298326449 vs. 0.6906341298326449
list:
dist: 2.806051231167573 vs. 2.806051231167573
list:
dist: 2.5863912296921536 vs. 2.5863912296921536
list:
dist: 3.0332136935878364 vs. 3.0332136935878364
list:
dist: 2.2570698896986086 vs. 2.2570698896986086
list:
dist: 3.584373857515178 vs. 3.584373857515178
list:
dist: 4.171247587535158 vs. 4.171247587535158
list:
dist: 3.955809414422478 vs. 3.955809414422478
list:
dist: 3.1214547159122543 vs. 3.1214547159122543
list:
dist: 4.126661728853882 vs. 4.126661728853882
list:
dist: 1.5849839670453927 vs. 1.5849839670453927
list:
dist: 3.1760788385649588 vs. 3.1760788385649588
list:
dist: 2.14658455052805 vs. 2.14658455052805
list:
dist: 2.1036604792191484 vs. 2.1036604792191484
list:
dist: 2.153400235130968 vs. 2.153400235130968
list:
dist: 2.5686623258361156 vs. 2.5686623258361156
list:
dist: 1.8397261918151182 vs. 1.8397261918151182
list:
dist: 2.8921186980143254 vs. 2.8921186980143254
list:
dist: 2.2365402130232837 vs. 2.2365402130232837
list:
dist: 1.3828444997543434 vs. 1.3828444997543434
list:
dist: 1.5705996816020704 vs. 1.5705996816020704
list:
dist: 0.9186862455034455 vs. 0.9186862455034455
list:
dist: 1.1072836463722882 vs. 1.1072836463722882
list:
dist: 2.6709821574136323 vs. 2.6709821574136323
list:
dist: 2.0876331333864657 vs. 2.0876331333864657
500
rk
<OccurredElementalReaction>
	 elmtlRkId: 3
	 p(id,type,coords) 98 4 6.951709172717145 -2.062318802737907 22.209204053024173
</OccurredElementalReaction>
600
Neighbor List consistency Check...
--------
nle(id0,id1,dist): 5 6 2.2229056731739743
list:
dist: 2.2229056731739743 vs. 2.2229056731739743
--------
nle(id0,id1,dist): 5 7 3.8014496103140907
list:
dist: 3.8014496103140907 vs. 3.8014496103140907
--------
nle(id0,id1,dist): 5 18 3.8557745229471743
list:
dist: 3.8557745229471743 vs. 3.8557745229471743
--------
nle(id0,id1,dist): 5 8 2.1952293265635636
list:
dist: 2.1952293265635636 vs. 2.1952293265635636
--------
nle(id0,id1,dist): 5 10 2.413706227031902
list:
dist: 2.413706227031902 vs. 2.413706227031902
--------
nle(id0,id1,dist): 4 11 2.744789924319223
list:
dist: 2.744789924319223 vs. 2.744789924319223
--------
nle(id0,id1,dist): 4 12 1.2725596352140358
list:
dist: 1.2725596352140358 vs. 1.2725596352140358
--------
nle(id0,id1,dist): 4 9 1.2242114080734268
list:
dist: 1.2242114080734268 vs. 1.2242114080734268
--------
nle(id0,id1,dist): 4 7 3.0591456785671918
list:
dist: 3.0591456785671918 vs. 3.0591456785671918
--------
nle(id0,id1,dist): 4 18 2.9352038936931057
list:
dist: 2.9352038936931057 vs. 2.9352038936931057
--------
nle(id0,id1,dist): 4 17 1.0705416685748832
list:
dist: 1.0705416685748832 vs. 1.0705416685748832
--------
nle(id0,id1,dist): 4 16 2.4688492322392217
list:
dist: 2.4688492322392217 vs. 2.4688492322392217
--------
nle(id0,id1,dist): 7 9 2.0664015424686566
list:
dist: 2.0664015424686566 vs. 2.0664015424686566
--------
nle(id0,id1,dist): 7 8 3.002844755885676
list:
dist: 3.002844755885676 vs. 3.002844755885676
--------
nle(id0,id1,dist): 7 11 0.7821756363271379
list:
dist: 0.7821756363271379 vs. 0.7821756363271379
--------
nle(id0,id1,dist): 7 10 1.6600809141276873
list:
dist: 1.6600809141276873 vs. 1.6600809141276873
--------
nle(id0,id1,dist): 7 13 1.9855321498764542
list:
dist: 1.9855321498764542 vs. 1.9855321498764542
--------
nle(id0,id1,dist): 7 12 1.840862965136803
list:
dist: 1.840862965136803 vs. 1.840862965136803
--------
nle(id0,id1,dist): 6 18 2.551002346914932
list:
dist: 2.551002346914932 vs. 2.551002346914932
--------
nle(id0,id1,dist): 6 10 1.9079532796508565
list:
dist: 1.9079532796508565 vs. 1.9079532796508565
--------
nle(id0,id1,dist): 6 8 1.172238162629526
list:
dist: 1.172238162629526 vs. 1.172238162629526
--------
nle(id0,id1,dist): 6 7 2.259980875512197
list:
dist: 2.259980875512197 vs. 2.259980875512197
--------
nle(id0,id1,dist): 8 10 2.363798563365623
list:
dist: 2.363798563365623 vs. 2.363798563365623
--------
nle(id0,id1,dist): 8 18 2.6327613769651164
list:
dist: 2.6327613769651164 vs. 2.6327613769651164
--------
nle(id0,id1,dist): 7 21 1.4738619652930394
list:
dist: 1.4738619652930394 vs. 1.4738619652930394
--------
nle(id0,id1,dist): 7 18 1.5799907237854498
list:
dist: 1.5799907237854498 vs. 1.5799907237854498
--------
nle(id0,id1,dist): 7 17 2.385185724409891
list:
dist: 2.385185724409891 vs. 2.385185724409891
--------
nle(id0,id1,dist): 7 16 2.4488408543204763
list:
dist: 2.4488408543204763 vs. 2.4488408543204763
--------
nle(id0,id1,dist): 7 15 2.452049550643659
list:
dist: 2.452049550643659 vs. 2.452049550643659
--------
nle(id0,id1,dist): 7 14 2.1258149031554994
list:
dist: 2.1258149031554994 vs. 2.1258149031554994
--------
nle(id0,id1,dist): 7 27 1.8011949125269997
list:
dist: 1.8011949125269997 vs. 1.8011949125269997
--------
nle(id0,id1,dist): 10 12 3.280010151485104
list:
dist: 3.280010151485104 vs. 3.280010151485104
--------
nle(id0,id1,dist): 10 11 1.9320694243640781
list:
dist: 1.9320694243640781 vs. 1.9320694243640781
--------
nle(id0,id1,dist): 10 14 2.8758555441851756
list:
dist: 2.8758555441851756 vs. 2.8758555441851756
--------
nle(id0,id1,dist): 10 13 2.050537254388364
list:
dist: 2.050537254388364 vs. 2.050537254388364
--------
nle(id0,id1,dist): 10 15 3.566696597792551
list:
dist: 3.566696597792551 vs. 3.566696597792551
--------
nle(id0,id1,dist): 10 16 3.5051670823796997
list:
dist: 3.5051670823796997 vs. 3.5051670823796997
--------
nle(id0,id1,dist): 10 18 1.8650511772595222
list:
dist: 1.8650511772595222 vs. 1.8650511772595222
--------
nle(id0,id1,dist): 10 21 2.740860208139417
list:
dist: 2.740860208139417 vs. 2.740860208139417
--------
nle(id0,id1,dist): 10 22 2.833904880974504
list:
dist: 2.833904880974504 vs. 2.833904880974504
--------
nle(id0,id1,dist): 10 24 3.1758587520191717
list:
dist: 3.1758587520191717 vs. 3.1758587520191717
--------
nle(id0,id1,dist): 10 27 1.4223248938980926
list:
dist: 1.4223248938980926 vs. 1.4223248938980926
--------
nle(id0,id1,dist): 9 11 1.6745118512726698
list:
dist: 1.6745118512726698 vs. 1.6745118512726698
--------
nle(id0,id1,dist): 9 10 3.283870733192677
list:
dist: 3.283870733192677 vs. 3.283870733192677
--------
nle(id0,id1,dist): 9 15 2.2148573894537043
list:
dist: 2.2148573894537043 vs. 2.2148573894537043
--------
nle(id0,id1,dist): 9 14 3.3433959799044515
list:
dist: 3.3433959799044515 vs. 3.3433959799044515
--------
nle(id0,id1,dist): 9 13 3.0853532544504416
list:
dist: 3.0853532544504416 vs. 3.0853532544504416
--------
nle(id0,id1,dist): 9 12 0.6246599929793358
list:
dist: 0.6246599929793358 vs. 0.6246599929793358
--------
nle(id0,id1,dist): 9 19 2.273843861169073
list:
dist: 2.273843861169073 vs. 2.273843861169073
--------
nle(id0,id1,dist): 9 18 1.7765538514634702
list:
dist: 1.7765538514634702 vs. 1.7765538514634702
--------
nle(id0,id1,dist): 9 17 1.312410618514651
list:
dist: 1.312410618514651 vs. 1.312410618514651
--------
nle(id0,id1,dist): 9 16 1.8961057821239773
list:
dist: 1.8961057821239773 vs. 1.8961057821239773
--------
nle(id0,id1,dist): 9 21 2.305838347401896
list:
dist: 2.305838347401896 vs. 2.305838347401896
--------
nle(id0,id1,dist): 9 27 2.935247770123466
list:
dist: 2.935247770123466 vs. 2.935247770123466
--------
nle(id0,id1,dist): 12 19 2.2333236312729903
list:
dist: 2.2333236312729903 vs. 2.2333236312729903
--------
nle(id0,id1,dist): 12 18 2.0596642237512603
list:
dist: 2.0596642237512603 vs. 2.0596642237512603
--------
nle(id0,id1,dist): 12 17 1.0215868481085784
list:
dist: 1.0215868481085784 vs. 1.0215868481085784
--------
nle(id0,id1,dist): 12 16 1.6717113216221178
list:
dist: 1.6717113216221178 vs. 1.6717113216221178
--------
nle(id0,id1,dist): 12 15 1.86684315370916
list:
dist: 1.86684315370916 vs. 1.86684315370916
--------
nle(id0,id1,dist): 12 14 2.909797461825275
list:
dist: 2.909797461825275 vs. 2.909797461825275
--------
nle(id0,id1,dist): 12 13 2.9072039264243883
list:
dist: 2.9072039264243883 vs. 2.9072039264243883
--------
nle(id0,id1,dist): 11 27 1.4830327879667766
list:
dist: 1.4830327879667766 vs. 1.4830327879667766
--------
nle(id0,id1,dist): 11 19 2.0055789338115977
list:
dist: 2.0055789338115977 vs. 2.0055789338115977
--------
nle(id0,id1,dist): 11 18 1.5286966022735984
list:
dist: 1.5286966022735984 vs. 1.5286966022735984
--------
nle(id0,id1,dist): 11 21 1.1861916340134684
list:
dist: 1.1861916340134684 vs. 1.1861916340134684
--------
nle(id0,id1,dist): 11 15 1.8114126185655892
list:
dist: 1.8114126185655892 vs. 1.8114126185655892
--------
nle(id0,id1,dist): 11 14 1.9607621367620445
list:
dist: 1.9607621367620445 vs. 1.9607621367620445
--------
nle(id0,id1,dist): 11 17 2.3164977953490373
list:
dist: 2.3164977953490373 vs. 2.3164977953490373
--------
nle(id0,id1,dist): 11 16 1.7325001368510904
list:
dist: 1.7325001368510904 vs. 1.7325001368510904
--------
nle(id0,id1,dist): 11 13 1.5886398468336083
list:
dist: 1.5886398468336083 vs. 1.5886398468336083
--------
nle(id0,id1,dist): 11 12 1.4896603211020651
list:
dist: 1.4896603211020651 vs. 1.4896603211020651
--------
nle(id0,id1,dist): 13 27 0.807120330538993
list:
dist: 0.807120330538993 vs. 0.807120330538993
--------
nle(id0,id1,dist): 13 24 2.039009635483274
list:
dist: 2.039009635483274 vs. 2.039009635483274
--------
nle(id0,id1,dist): 13 28 2.7058710602288567
list:
dist: 2.7058710602288567 vs. 2.7058710602288567
--------
nle(id0,id1,dist): 13 18 2.686789630010466
list:
dist: 2.686789630010466 vs. 2.686789630010466
--------
nle(id0,id1,dist): 13 19 2.0098497281905403
list:
dist: 2.0098497281905403 vs. 2.0098497281905403
--------
nle(id0,id1,dist): 13 16 2.1325076036327104
list:
dist: 2.1325076036327104 vs. 2.1325076036327104
--------
nle(id0,id1,dist): 13 22 0.8655771692384919
list:
dist: 0.8655771692384919 vs. 0.8655771692384919
--------
nle(id0,id1,dist): 13 23 2.2661103515138667
list:
dist: 2.2661103515138667 vs. 2.2661103515138667
--------
nle(id0,id1,dist): 13 21 1.6683519265244513
list:
dist: 1.6683519265244513 vs. 1.6683519265244513
--------
nle(id0,id1,dist): 13 15 2.0578697555739347
list:
dist: 2.0578697555739347 vs. 2.0578697555739347
--------
nle(id0,id1,dist): 13 14 1.4531762985202406
list:
dist: 1.4531762985202406 vs. 1.4531762985202406
--------
nle(id0,id1,dist): 12 21 1.835076110429199
list:
dist: 1.835076110429199 vs. 1.835076110429199
--------
nle(id0,id1,dist): 12 27 2.8936652203326445
list:
dist: 2.8936652203326445 vs. 2.8936652203326445
--------
nle(id0,id1,dist): 15 28 3.3415640065863723
list:
dist: 3.3415640065863723 vs. 3.3415640065863723
--------
nle(id0,id1,dist): 15 27 2.518553762061614
list:
dist: 2.518553762061614 vs. 2.518553762061614
--------
nle(id0,id1,dist): 15 24 3.726147831976064
list:
dist: 3.726147831976064 vs. 3.726147831976064
--------
nle(id0,id1,dist): 15 22 2.134675356085837
list:
dist: 2.134675356085837 vs. 2.134675356085837
--------
nle(id0,id1,dist): 15 23 2.5449999967747576
list:
dist: 2.5449999967747576 vs. 2.5449999967747576
--------
nle(id0,id1,dist): 15 21 1.2919665325927843
list:
dist: 1.2919665325927843 vs. 1.2919665325927843
--------
nle(id0,id1,dist): 15 19 1.1404498938967738
list:
dist: 1.1404498938967738 vs. 1.1404498938967738
--------
nle(id0,id1,dist): 15 18 3.1125527304943406
list:
dist: 3.1125527304943406 vs. 3.1125527304943406
--------
nle(id0,id1,dist): 15 16 0.5036591300217562
list:
dist: 0.5036591300217562 vs. 0.5036591300217562
--------
nle(id0,id1,dist): 14 27 2.119366824663892
list:
dist: 2.119366824663892 vs. 2.119366824663892
--------
nle(id0,id1,dist): 14 28 3.580732634996426
list:
dist: 3.580732634996426 vs. 3.580732634996426
--------
nle(id0,id1,dist): 14 16 2.255032520000551
list:
dist: 2.255032520000551 vs. 2.255032520000551
--------
nle(id0,id1,dist): 14 15 1.8885813899165844
list:
dist: 1.8885813899165844 vs. 1.8885813899165844
--------
nle(id0,id1,dist): 14 18 3.4329870329772474
list:
dist: 3.4329870329772474 vs. 3.4329870329772474
--------
nle(id0,id1,dist): 14 24 2.3357362383140785
list:
dist: 2.3357362383140785 vs. 2.3357362383140785
--------
nle(id0,id1,dist): 14 23 2.516307162643462
list:
dist: 2.516307162643462 vs. 2.516307162643462
--------
nle(id0,id1,dist): 14 19 2.565466354912124
list:
dist: 2.565466354912124 vs. 2.565466354912124
--------
nle(id0,id1,dist): 14 22 1.31652310057222
list:
dist: 1.31652310057222 vs. 1.31652310057222
--------
nle(id0,id1,dist): 14 21 1.0829872784369956
list:
dist: 1.0829872784369956 vs. 1.0829872784369956
--------
nle(id0,id1,dist): 17 18 2.6579842161165605
list:
dist: 2.6579842161165605 vs. 2.6579842161165605
--------
nle(id0,id1,dist): 16 17 2.58024268380835
list:
dist: 2.58024268380835 vs. 2.58024268380835
--------
nle(id0,id1,dist): 16 18 2.8438271840828757
list:
dist: 2.8438271840828757 vs. 2.8438271840828757
--------
nle(id0,id1,dist): 16 19 0.7958129997544223
list:
dist: 0.7958129997544223 vs. 0.7958129997544223
--------
nle(id0,id1,dist): 16 21 1.5614830106213355
list:
dist: 1.5614830106213355 vs. 1.5614830106213355
--------
nle(id0,id1,dist): 16 27 2.4549847407351937
list:
dist: 2.4549847407351937 vs. 2.4549847407351937
--------
nle(id0,id1,dist): 1 2 1.824518952247841
list:
dist: 1.824518952247841 vs. 1.824518952247841
--------
nle(id0,id1,dist): 1 3 3.193112631249469
list:
dist: 3.193112631249469 vs. 3.193112631249469
--------
nle(id0,id1,dist): 1 4 3.8065664902734646
list:
dist: 3.8065664902734646 vs. 3.8065664902734646
--------
nle(id0,id1,dist): 1 5 3.2231515887784443
list:
dist: 3.2231515887784443 vs. 3.2231515887784443
--------
nle(id0,id1,dist): 1 6 1.0485117692093593
list:
dist: 1.0485117692093593 vs. 1.0485117692093593
--------
nle(id0,id1,dist): 1 7 1.7174776605060156
list:
dist: 1.7174776605060156 vs. 1.7174776605060156
--------
nle(id0,id1,dist): 1 8 1.742199867988322
list:
dist: 1.742199867988322 vs. 1.742199867988322
--------
nle(id0,id1,dist): 1 9 3.0042975248599073
list:
dist: 3.0042975248599073 vs. 3.0042975248599073
--------
nle(id0,id1,dist): 1 10 2.1623533562609905
list:
dist: 2.1623533562609905 vs. 2.1623533562609905
--------
nle(id0,id1,dist): 1 11 2.417449735167353
list:
dist: 2.417449735167353 vs. 2.417449735167353
--------
nle(id0,id1,dist): 2 5 3.6975887436827684
list:
dist: 3.6975887436827684 vs. 3.6975887436827684
--------
nle(id0,id1,dist): 2 6 2.2863125816641126
list:
dist: 2.2863125816641126 vs. 2.2863125816641126
--------
nle(id0,id1,dist): 1 15 4.101934725184276
list:
dist: 4.101934725184276 vs. 4.101934725184276
--------
nle(id0,id1,dist): 1 14 3.663259306729631
list:
dist: 3.663259306729631 vs. 3.663259306729631
--------
nle(id0,id1,dist): 1 13 3.547515099410645
list:
dist: 3.547515099410645 vs. 3.547515099410645
--------
nle(id0,id1,dist): 1 12 2.9310083910198164
list:
dist: 2.9310083910198164 vs. 2.9310083910198164
--------
nle(id0,id1,dist): 1 18 2.070544578612798
list:
dist: 2.070544578612798 vs. 2.070544578612798
--------
nle(id0,id1,dist): 1 17 2.973169517562679
list:
dist: 2.973169517562679 vs. 2.973169517562679
--------
nle(id0,id1,dist): 1 16 4.057229549741705
list:
dist: 4.057229549741705 vs. 4.057229549741705
--------
nle(id0,id1,dist): 1 21 3.0974802079584696
list:
dist: 3.0974802079584696 vs. 3.0974802079584696
--------
nle(id0,id1,dist): 1 27 3.1519669223256948
list:
dist: 3.1519669223256948 vs. 3.1519669223256948
--------
nle(id0,id1,dist): 2 27 1.5552413423729874
list:
dist: 1.5552413423729874 vs. 1.5552413423729874
--------
nle(id0,id1,dist): 2 24 3.5237456828556906
list:
dist: 3.5237456828556906 vs. 3.5237456828556906
--------
nle(id0,id1,dist): 2 12 1.9049326674374665
list:
dist: 1.9049326674374665 vs. 1.9049326674374665
--------
nle(id0,id1,dist): 2 11 0.674665585528246
list:
dist: 0.674665585528246 vs. 0.674665585528246
--------
nle(id0,id1,dist): 2 14 2.1558093162017022
list:
dist: 2.1558093162017022 vs. 2.1558093162017022
--------
nle(id0,id1,dist): 2 13 1.8194242620410146
list:
dist: 1.8194242620410146 vs. 1.8194242620410146
--------
nle(id0,id1,dist): 2 8 2.958222126594765
list:
dist: 2.958222126594765 vs. 2.958222126594765
--------
nle(id0,id1,dist): 2 7 0.28549044818050545
list:
dist: 0.28549044818050545 vs. 0.28549044818050545
--------
nle(id0,id1,dist): 2 10 1.4609608284067537
list:
dist: 1.4609608284067537 vs. 1.4609608284067537
--------
nle(id0,id1,dist): 2 9 2.0642287562121417
list:
dist: 2.0642287562121417 vs. 2.0642287562121417
--------
nle(id0,id1,dist): 2 22 2.575621057587053
list:
dist: 2.575621057587053 vs. 2.575621057587053
--------
nle(id0,id1,dist): 2 21 1.549967604273965
list:
dist: 1.549967604273965 vs. 1.549967604273965
--------
nle(id0,id1,dist): 2 16 2.4012037188934348
list:
dist: 2.4012037188934348 vs. 2.4012037188934348
--------
nle(id0,id1,dist): 2 15 2.4397848985118618
list:
dist: 2.4397848985118618 vs. 2.4397848985118618
--------
nle(id0,id1,dist): 2 18 1.4118486210647814
list:
dist: 1.4118486210647814 vs. 1.4118486210647814
--------
nle(id0,id1,dist): 3 18 2.3220928290517127
list:
dist: 2.3220928290517127 vs. 2.3220928290517127
--------
nle(id0,id1,dist): 3 9 0.9804493240439399
list:
dist: 0.9804493240439399 vs. 0.9804493240439399
--------
nle(id0,id1,dist): 3 7 2.7257258378032705
list:
dist: 2.7257258378032705 vs. 2.7257258378032705
--------
nle(id0,id1,dist): 3 4 0.8619976739613308
list:
dist: 0.8619976739613308 vs. 0.8619976739613308
--------
nle(id0,id1,dist): 3 17 1.0881934934371822
list:
dist: 1.0881934934371822 vs. 1.0881934934371822
--------
nle(id0,id1,dist): 3 16 2.768366064304031
list:
dist: 2.768366064304031 vs. 2.768366064304031
--------
nle(id0,id1,dist): 3 12 1.278064446170049
list:
dist: 1.278064446170049 vs. 1.278064446170049
--------
nle(id0,id1,dist): 3 11 2.532440471653267
list:
dist: 2.532440471653267 vs. 2.532440471653267
--------
nle(id0,id1,dist): 36 55 1.4085643693267185
list:
dist: 1.4085643693267185 vs. 1.4085643693267185
--------
nle(id0,id1,dist): 36 56 2.5115945577486167
list:
dist: 2.5115945577486167 vs. 2.5115945577486167
--------
nle(id0,id1,dist): 36 53 2.6743242715336657
list:
dist: 2.6743242715336657 vs. 2.6743242715336657
--------
nle(id0,id1,dist): 36 54 2.575142256131863
list:
dist: 2.575142256131863 vs. 2.575142256131863
--------
nle(id0,id1,dist): 36 59 2.3004510858556246
list:
dist: 2.3004510858556246 vs. 2.3004510858556246
--------
nle(id0,id1,dist): 36 57 3.4177617442419392
list:
dist: 3.4177617442419392 vs. 3.4177617442419392
--------
nle(id0,id1,dist): 36 47 3.512939815393445
list:
dist: 3.512939815393445 vs. 3.512939815393445
--------
nle(id0,id1,dist): 36 45 1.9710650655092143
list:
dist: 1.9710650655092143 vs. 1.9710650655092143
--------
nle(id0,id1,dist): 36 46 2.3755827206436937
list:
dist: 2.3755827206436937 vs. 2.3755827206436937
--------
nle(id0,id1,dist): 36 51 2.321169689401184
list:
dist: 2.321169689401184 vs. 2.321169689401184
--------
nle(id0,id1,dist): 36 49 2.2580300969896228
list:
dist: 2.2580300969896228 vs. 2.2580300969896228
--------
nle(id0,id1,dist): 36 50 1.6894946086134262
list:
dist: 1.6894946086134262 vs. 1.6894946086134262
--------
nle(id0,id1,dist): 36 40 3.3472992628494835
list:
dist: 3.3472992628494835 vs. 3.3472992628494835
--------
nle(id0,id1,dist): 36 39 2.8237032576819843
list:
dist: 2.8237032576819843 vs. 2.8237032576819843
--------
nle(id0,id1,dist): 36 38 0.8985920727441843
list:
dist: 0.8985920727441843 vs. 0.8985920727441843
--------
nle(id0,id1,dist): 36 43 2.4284271131411708
list:
dist: 2.4284271131411708 vs. 2.4284271131411708
--------
nle(id0,id1,dist): 36 42 0.93298777436327
list:
dist: 0.93298777436327 vs. 0.93298777436327
--------
nle(id0,id1,dist): 36 41 3.96017926792743
list:
dist: 3.96017926792743 vs. 3.96017926792743
--------
nle(id0,id1,dist): 35 47 2.339899529046792
list:
dist: 2.339899529046792 vs. 2.339899529046792
--------
nle(id0,id1,dist): 35 46 2.096917982536314
list:
dist: 2.096917982536314 vs. 2.096917982536314
--------
nle(id0,id1,dist): 35 43 2.056416728807369
list:
dist: 2.056416728807369 vs. 2.056416728807369
--------
nle(id0,id1,dist): 35 42 2.4322284787359414
list:
dist: 2.4322284787359414 vs. 2.4322284787359414
--------
nle(id0,id1,dist): 34 76 1.8221563482157237
list:
dist: 1.8221563482157237 vs. 1.8221563482157237
--------
nle(id0,id1,dist): 35 41 1.3367737378372948
list:
dist: 1.3367737378372948 vs. 1.3367737378372948
--------
nle(id0,id1,dist): 34 71 2.7437235106399958
list:
dist: 2.7437235106399958 vs. 2.7437235106399958
--------
nle(id0,id1,dist): 34 73 3.1519246669496175
list:
dist: 3.1519246669496175 vs. 3.1519246669496175
--------
nle(id0,id1,dist): 35 36 3.213898737525284
list:
dist: 3.213898737525284 vs. 3.213898737525284
--------
nle(id0,id1,dist): 34 70 2.096863963931972
list:
dist: 2.096863963931972 vs. 2.096863963931972
--------
nle(id0,id1,dist): 34 67 2.1455911674185053
list:
dist: 2.1455911674185053 vs. 2.1455911674185053
--------
nle(id0,id1,dist): 34 68 3.597383729501505
list:
dist: 3.597383729501505 vs. 3.597383729501505
--------
nle(id0,id1,dist): 34 65 2.474228584987229
list:
dist: 2.474228584987229 vs. 2.474228584987229
--------
nle(id0,id1,dist): 34 63 2.877505875838926
list:
dist: 2.877505875838926 vs. 2.877505875838926
--------
nle(id0,id1,dist): 34 64 2.051710698243481
list:
dist: 2.051710698243481 vs. 2.051710698243481
--------
nle(id0,id1,dist): 34 61 0.9361503148981875
list:
dist: 0.9361503148981875 vs. 0.9361503148981875
--------
nle(id0,id1,dist): 34 60 2.141025442693349
list:
dist: 2.141025442693349 vs. 2.141025442693349
--------
nle(id0,id1,dist): 33 45 1.852036456112692
list:
dist: 1.852036456112692 vs. 1.852036456112692
--------
nle(id0,id1,dist): 33 46 1.629603946513154
list:
dist: 1.629603946513154 vs. 1.629603946513154
--------
nle(id0,id1,dist): 33 47 2.9703605872343855
list:
dist: 2.9703605872343855 vs. 2.9703605872343855
--------
nle(id0,id1,dist): 33 49 1.9926183154914414
list:
dist: 1.9926183154914414 vs. 1.9926183154914414
--------
nle(id0,id1,dist): 33 50 0.8579251201688896
list:
dist: 0.8579251201688896 vs. 0.8579251201688896
--------
nle(id0,id1,dist): 33 51 1.6500915199879307
list:
dist: 1.6500915199879307 vs. 1.6500915199879307
--------
nle(id0,id1,dist): 33 53 1.9026631330322337
list:
dist: 1.9026631330322337 vs. 1.9026631330322337
--------
nle(id0,id1,dist): 33 54 1.7802202685031943
list:
dist: 1.7802202685031943 vs. 1.7802202685031943
--------
nle(id0,id1,dist): 33 55 1.0360553793583136
list:
dist: 1.0360553793583136 vs. 1.0360553793583136
--------
nle(id0,id1,dist): 33 56 1.6498593010056948
list:
dist: 1.6498593010056948 vs. 1.6498593010056948
--------
nle(id0,id1,dist): 33 57 2.598668203022565
list:
dist: 2.598668203022565 vs. 2.598668203022565
--------
nle(id0,id1,dist): 33 59 1.3657841103419472
list:
dist: 1.3657841103419472 vs. 1.3657841103419472
--------
nle(id0,id1,dist): 33 35 2.909222870650331
list:
dist: 2.909222870650331 vs. 2.909222870650331
--------
nle(id0,id1,dist): 33 39 2.0826814504844045
list:
dist: 2.0826814504844045 vs. 2.0826814504844045
--------
nle(id0,id1,dist): 33 38 1.8461977123832536
list:
dist: 1.8461977123832536 vs. 1.8461977123832536
--------
nle(id0,id1,dist): 33 36 0.9567069285852974
list:
dist: 0.9567069285852974 vs. 0.9567069285852974
--------
nle(id0,id1,dist): 33 43 1.844937294586415
list:
dist: 1.844937294586415 vs. 1.844937294586415
--------
nle(id0,id1,dist): 33 42 0.7170246878103054
list:
dist: 0.7170246878103054 vs. 0.7170246878103054
--------
nle(id0,id1,dist): 33 41 3.649517600539171
list:
dist: 3.649517600539171 vs. 3.649517600539171
--------
nle(id0,id1,dist): 33 40 2.528666667158462
list:
dist: 2.528666667158462 vs. 2.528666667158462
--------
nle(id0,id1,dist): 32 38 2.3774794282961564
list:
dist: 2.3774794282961564 vs. 2.3774794282961564
--------
nle(id0,id1,dist): 32 33 2.2586329612626135
list:
dist: 2.2586329612626135 vs. 2.2586329612626135
--------
nle(id0,id1,dist): 32 36 2.1799849416959596
list:
dist: 2.1799849416959596 vs. 2.1799849416959596
--------
nle(id0,id1,dist): 32 35 1.516854007704258
list:
dist: 1.516854007704258 vs. 1.516854007704258
--------
nle(id0,id1,dist): 32 46 2.4350542657397134
list:
dist: 2.4350542657397134 vs. 2.4350542657397134
--------
nle(id0,id1,dist): 32 47 2.429699657502125
list:
dist: 2.429699657502125 vs. 2.429699657502125
--------
nle(id0,id1,dist): 32 42 1.7727092192054945
list:
dist: 1.7727092192054945 vs. 1.7727092192054945
--------
nle(id0,id1,dist): 32 41 2.0103079556035546
list:
dist: 2.0103079556035546 vs. 2.0103079556035546
--------
nle(id0,id1,dist): 32 43 1.8198743797209322
list:
dist: 1.8198743797209322 vs. 1.8198743797209322
--------
nle(id0,id1,dist): 31 59 2.6380587875545434
list:
dist: 2.6380587875545434 vs. 2.6380587875545434
--------
nle(id0,id1,dist): 31 54 2.717658420542506
list:
dist: 2.717658420542506 vs. 2.717658420542506
--------
nle(id0,id1,dist): 31 55 1.2198034665962665
list:
dist: 1.2198034665962665 vs. 1.2198034665962665
--------
nle(id0,id1,dist): 31 56 2.08900032136482
list:
dist: 2.08900032136482 vs. 2.08900032136482
--------
nle(id0,id1,dist): 29 141 3.582098239412831
list:
dist: 3.582098239412831 vs. 3.582098239412831
--------
nle(id0,id1,dist): 31 45 2.942659793183823
list:
dist: 2.942659793183823 vs. 2.942659793183823
--------
nle(id0,id1,dist): 31 43 1.448960406608196
list:
dist: 1.448960406608196 vs. 1.448960406608196
--------
nle(id0,id1,dist): 31 42 1.6580111373526238
list:
dist: 1.6580111373526238 vs. 1.6580111373526238
--------
nle(id0,id1,dist): 31 41 2.908912959918264
list:
dist: 2.908912959918264 vs. 2.908912959918264
--------
nle(id0,id1,dist): 31 40 2.701910364087006
list:
dist: 2.701910364087006 vs. 2.701910364087006
--------
nle(id0,id1,dist): 31 39 3.3452557859929715
list:
dist: 3.3452557859929715 vs. 3.3452557859929715
--------
nle(id0,id1,dist): 31 38 1.8773501575104412
list:
dist: 1.8773501575104412 vs. 1.8773501575104412
--------
nle(id0,id1,dist): 31 53 2.063737351814601
list:
dist: 2.063737351814601 vs. 2.063737351814601
--------
nle(id0,id1,dist): 31 51 2.330037548074406
list:
dist: 2.330037548074406 vs. 2.330037548074406
--------
nle(id0,id1,dist): 31 50 2.1518663879002613
list:
dist: 2.1518663879002613 vs. 2.1518663879002613
--------
nle(id0,id1,dist): 31 49 2.806445746469399
list:
dist: 2.806445746469399 vs. 2.806445746469399
--------
nle(id0,id1,dist): 31 47 2.2577895268740624
list:
dist: 2.2577895268740624 vs. 2.2577895268740624
--------
nle(id0,id1,dist): 31 46 2.6281897764954283
list:
dist: 2.6281897764954283 vs. 2.6281897764954283
--------
nle(id0,id1,dist): 31 36 1.589086855013029
list:
dist: 1.589086855013029 vs. 1.589086855013029
--------
nle(id0,id1,dist): 31 35 2.703950430423067
list:
dist: 2.703950430423067 vs. 2.703950430423067
--------
nle(id0,id1,dist): 31 32 1.5235374991694257
list:
dist: 1.5235374991694257 vs. 1.5235374991694257
--------
nle(id0,id1,dist): 31 33 1.6289117035233958
list:
dist: 1.6289117035233958 vs. 1.6289117035233958
--------
nle(id0,id1,dist): 43 59 2.0781341521915255
list:
dist: 2.0781341521915255 vs. 2.0781341521915255
--------
nle(id0,id1,dist): 44 47 1.8663325747617587
list:
dist: 1.8663325747617587 vs. 1.8663325747617587
--------
nle(id0,id1,dist): 44 48 3.3407946909835884
list:
dist: 3.3407946909835884 vs. 3.3407946909835884
--------
nle(id0,id1,dist): 44 46 2.1981160494595136
list:
dist: 2.1981160494595136 vs. 2.1981160494595136
--------
nle(id0,id1,dist): 44 52 1.7303253553952571
list:
dist: 1.7303253553952571 vs. 1.7303253553952571
--------
nle(id0,id1,dist): 43 50 2.048349134649268
list:
dist: 2.048349134649268 vs. 2.048349134649268
--------
nle(id0,id1,dist): 43 51 2.2136558352971294
list:
dist: 2.2136558352971294 vs. 2.2136558352971294
--------
nle(id0,id1,dist): 43 53 1.3342950321207951
list:
dist: 1.3342950321207951 vs. 1.3342950321207951
--------
nle(id0,id1,dist): 43 54 2.3665340582772454
list:
dist: 2.3665340582772454 vs. 2.3665340582772454
--------
nle(id0,id1,dist): 43 55 1.6932715619050924
list:
dist: 1.6932715619050924 vs. 1.6932715619050924
--------
nle(id0,id1,dist): 43 56 1.2233262224647943
list:
dist: 1.2233262224647943 vs. 1.2233262224647943
--------
nle(id0,id1,dist): 43 57 3.4284225270989115
list:
dist: 3.4284225270989115 vs. 3.4284225270989115
--------
nle(id0,id1,dist): 43 44 1.9510702301942258
list:
dist: 1.9510702301942258 vs. 1.9510702301942258
--------
nle(id0,id1,dist): 43 46 1.8888053288008806
list:
dist: 1.8888053288008806 vs. 1.8888053288008806
--------
nle(id0,id1,dist): 43 47 1.129203202976384
list:
dist: 1.129203202976384 vs. 1.129203202976384
--------
nle(id0,id1,dist): 43 49 3.192273636958922
list:
dist: 3.192273636958922 vs. 3.192273636958922
--------
nle(id0,id1,dist): 42 46 1.4929017406458351
list:
dist: 1.4929017406458351 vs. 1.4929017406458351
--------
nle(id0,id1,dist): 42 45 2.4370371977996066
list:
dist: 2.4370371977996066 vs. 2.4370371977996066
--------
nle(id0,id1,dist): 42 43 1.9192007594153033
list:
dist: 1.9192007594153033 vs. 1.9192007594153033
--------
nle(id0,id1,dist): 42 59 1.846862896819074
list:
dist: 1.846862896819074 vs. 1.846862896819074
--------
nle(id0,id1,dist): 42 57 3.0441900196542315
list:
dist: 3.0441900196542315 vs. 3.0441900196542315
--------
nle(id0,id1,dist): 42 55 1.581892772079313
list:
dist: 1.581892772079313 vs. 1.581892772079313
--------
nle(id0,id1,dist): 42 56 2.0965757282372572
list:
dist: 2.0965757282372572 vs. 2.0965757282372572
--------
nle(id0,id1,dist): 42 53 2.394198982066774
list:
dist: 2.394198982066774 vs. 2.394198982066774
--------
nle(id0,id1,dist): 42 54 2.4512984624594063
list:
dist: 2.4512984624594063 vs. 2.4512984624594063
--------
nle(id0,id1,dist): 42 51 2.3456609216810924
list:
dist: 2.3456609216810924 vs. 2.3456609216810924
--------
nle(id0,id1,dist): 42 49 2.670383646787362
list:
dist: 2.670383646787362 vs. 2.670383646787362
--------
nle(id0,id1,dist): 42 50 1.5346552272595269
list:
dist: 1.5346552272595269 vs. 1.5346552272595269
--------
nle(id0,id1,dist): 42 47 3.0205328559616365
list:
dist: 3.0205328559616365 vs. 3.0205328559616365
--------
nle(id0,id1,dist): 41 47 1.7862090958634607
list:
dist: 1.7862090958634607 vs. 1.7862090958634607
--------
nle(id0,id1,dist): 41 46 3.0763473805371833
list:
dist: 3.0763473805371833 vs. 3.0763473805371833
--------
nle(id0,id1,dist): 41 43 2.1693887808759684
list:
dist: 2.1693887808759684 vs. 2.1693887808759684
--------
nle(id0,id1,dist): 41 42 3.326750799824166
list:
dist: 3.326750799824166 vs. 3.326750799824166
--------
nle(id0,id1,dist): 40 43 1.278972081592908
list:
dist: 1.278972081592908 vs. 1.278972081592908
--------
nle(id0,id1,dist): 40 44 0.6860714427684321
list:
dist: 0.6860714427684321 vs. 0.6860714427684321
--------
nle(id0,id1,dist): 40 42 2.64898555601422
list:
dist: 2.64898555601422 vs. 2.64898555601422
--------
nle(id0,id1,dist): 40 47 1.4422373024600168
list:
dist: 1.4422373024600168 vs. 1.4422373024600168
--------
nle(id0,id1,dist): 40 48 3.5086404812732916
list:
dist: 3.5086404812732916 vs. 3.5086404812732916
--------
nle(id0,id1,dist): 40 46 1.774246593225195
list:
dist: 1.774246593225195 vs. 1.774246593225195
--------
nle(id0,id1,dist): 40 51 2.576451425300293
list:
dist: 2.576451425300293 vs. 2.576451425300293
--------
nle(id0,id1,dist): 40 52 2.2457805108477538
list:
dist: 2.2457805108477538 vs. 2.2457805108477538
--------
nle(id0,id1,dist): 40 49 3.720540154029043
list:
dist: 3.720540154029043 vs. 3.720540154029043
--------
nle(id0,id1,dist): 40 50 2.42558159285447
list:
dist: 2.42558159285447 vs. 2.42558159285447
--------
nle(id0,id1,dist): 40 55 2.5917155236893366
list:
dist: 2.5917155236893366 vs. 2.5917155236893366
--------
nle(id0,id1,dist): 40 56 1.3278648831196742
list:
dist: 1.3278648831196742 vs. 1.3278648831196742
--------
nle(id0,id1,dist): 40 53 1.584948327255444
list:
dist: 1.584948327255444 vs. 1.584948327255444
--------
nle(id0,id1,dist): 40 54 2.45725593716938
list:
dist: 2.45725593716938 vs. 2.45725593716938
--------
nle(id0,id1,dist): 40 59 2.0121590390408057
list:
dist: 2.0121590390408057 vs. 2.0121590390408057
--------
nle(id0,id1,dist): 40 58 3.039153706930815
list:
dist: 3.039153706930815 vs. 3.039153706930815
--------
nle(id0,id1,dist): 40 57 3.0221767560931596
list:
dist: 3.0221767560931596 vs. 3.0221767560931596
--------
nle(id0,id1,dist): 39 46 2.590786502415298
list:
dist: 2.590786502415298 vs. 2.590786502415298
--------
nle(id0,id1,dist): 39 47 3.9148876895639764
list:
dist: 3.9148876895639764 vs. 3.9148876895639764
--------
nle(id0,id1,dist): 39 48 2.2289239710995954
list:
dist: 2.2289239710995954 vs. 2.2289239710995954
--------
nle(id0,id1,dist): 39 49 1.5665955063461328
list:
dist: 1.5665955063461328 vs. 1.5665955063461328
--------
nle(id0,id1,dist): 39 50 1.2578237153397407
list:
dist: 1.2578237153397407 vs. 1.2578237153397407
--------
nle(id0,id1,dist): 39 51 1.2786497647752058
list:
dist: 1.2786497647752058 vs. 1.2786497647752058
--------
nle(id0,id1,dist): 39 53 2.0895848373002104
list:
dist: 2.0895848373002104 vs. 2.0895848373002104
--------
nle(id0,id1,dist): 39 54 0.8347476037938569
list:
dist: 0.8347476037938569 vs. 0.8347476037938569
--------
nle(id0,id1,dist): 39 55 2.197278001108114
list:
dist: 2.197278001108114 vs. 2.197278001108114
--------
nle(id0,id1,dist): 39 56 1.937222069523534
list:
dist: 1.937222069523534 vs. 1.937222069523534
--------
nle(id0,id1,dist): 39 57 1.153629681921208
list:
dist: 1.153629681921208 vs. 1.153629681921208
--------
nle(id0,id1,dist): 39 58 1.4711325621733815
list:
dist: 1.4711325621733815 vs. 1.4711325621733815
--------
nle(id0,id1,dist): 39 59 1.1988336554333574
list:
dist: 1.1988336554333574 vs. 1.1988336554333574
--------
nle(id0,id1,dist): 38 57 4.281937717098965
list:
dist: 4.281937717098965 vs. 4.281937717098965
--------
nle(id0,id1,dist): 38 55 2.0418949102117745
list:
dist: 2.0418949102117745 vs. 2.0418949102117745
--------
nle(id0,id1,dist): 38 54 3.3765712241663843
list:
dist: 3.3765712241663843 vs. 3.3765712241663843
--------
nle(id0,id1,dist): 38 51 3.048510270234529
list:
dist: 3.048510270234529 vs. 3.048510270234529
--------
nle(id0,id1,dist): 38 59 3.193628593736632
list:
dist: 3.193628593736632 vs. 3.193628593736632
--------
nle(id0,id1,dist): 39 45 1.6964648716108728
list:
dist: 1.6964648716108728 vs. 1.6964648716108728
--------
nle(id0,id1,dist): 39 43 3.050043673862306
list:
dist: 3.050043673862306 vs. 3.050043673862306
--------
nle(id0,id1,dist): 39 42 2.7162808622091053
list:
dist: 2.7162808622091053 vs. 2.7162808622091053
--------
nle(id0,id1,dist): 39 40 3.0138992182015465
list:
dist: 3.0138992182015465 vs. 3.0138992182015465
--------
nle(id0,id1,dist): 37 68 4.736479353249747
list:
dist: 4.736479353249747 vs. 4.736479353249747
--------
nle(id0,id1,dist): 37 65 3.1830082294802073
list:
dist: 3.1830082294802073 vs. 3.1830082294802073
--------
nle(id0,id1,dist): 38 39 3.63113609420474
list:
dist: 3.63113609420474 vs. 3.63113609420474
--------
nle(id0,id1,dist): 38 42 1.697809370136231
list:
dist: 1.697809370136231 vs. 1.697809370136231
--------
nle(id0,id1,dist): 38 50 2.5456032249659826
list:
dist: 2.5456032249659826 vs. 2.5456032249659826
--------
nle(id0,id1,dist): 38 49 2.7895327240083407
list:
dist: 2.7895327240083407 vs. 2.7895327240083407
--------
nle(id0,id1,dist): 37 81 4.226731291649173
list:
dist: 4.226731291649173 vs. 4.226731291649173
--------
nle(id0,id1,dist): 38 45 2.483246221396459
list:
dist: 2.483246221396459 vs. 2.483246221396459
--------
nle(id0,id1,dist): 23 28 1.494233025316151
list:
dist: 1.494233025316151 vs. 1.494233025316151
--------
nle(id0,id1,dist): 23 29 2.692261492867406
list:
dist: 2.692261492867406 vs. 2.692261492867406
--------
nle(id0,id1,dist): 23 27 2.931175072200662
list:
dist: 2.931175072200662 vs. 2.931175072200662
--------
nle(id0,id1,dist): 23 24 2.490288297869766
list:
dist: 2.490288297869766 vs. 2.490288297869766
--------
nle(id0,id1,dist): 23 25 2.6463591607444945
list:
dist: 2.6463591607444945 vs. 2.6463591607444945
--------
nle(id0,id1,dist): 21 27 2.0804362280654005
list:
dist: 2.0804362280654005 vs. 2.0804362280654005
--------
nle(id0,id1,dist): 21 24 3.2421374207548443
list:
dist: 3.2421374207548443 vs. 3.2421374207548443
--------
nle(id0,id1,dist): 21 28 3.9090725275880653
list:
dist: 3.9090725275880653 vs. 3.9090725275880653
--------
nle(id0,id1,dist): 21 23 3.0314311892059815
list:
dist: 3.0314311892059815 vs. 3.0314311892059815
--------
nle(id0,id1,dist): 21 22 1.9428650312761577
list:
dist: 1.9428650312761577 vs. 1.9428650312761577
--------
nle(id0,id1,dist): 22 27 1.6356221422100792
list:
dist: 1.6356221422100792 vs. 1.6356221422100792
--------
nle(id0,id1,dist): 22 28 2.347648701250704
list:
dist: 2.347648701250704 vs. 2.347648701250704
--------
nle(id0,id1,dist): 22 29 2.9774633623723865
list:
dist: 2.9774633623723865 vs. 2.9774633623723865
--------
nle(id0,id1,dist): 22 23 1.560757611699128
list:
dist: 1.560757611699128 vs. 1.560757611699128
--------
nle(id0,id1,dist): 22 24 1.6189668672088926
list:
dist: 1.6189668672088926 vs. 1.6189668672088926
--------
nle(id0,id1,dist): 19 24 3.7866839221446984
list:
dist: 3.7866839221446984 vs. 3.7866839221446984
--------
nle(id0,id1,dist): 19 22 2.2130288809179604
list:
dist: 2.2130288809179604 vs. 2.2130288809179604
--------
nle(id0,id1,dist): 19 23 2.404700145007664
list:
dist: 2.404700145007664 vs. 2.404700145007664
--------
nle(id0,id1,dist): 19 21 2.0878951089193594
list:
dist: 2.0878951089193594 vs. 2.0878951089193594
--------
nle(id0,id1,dist): 19 28 2.6623840776346417
list:
dist: 2.6623840776346417 vs. 2.6623840776346417
--------
nle(id0,id1,dist): 19 27 2.2603185433578203
list:
dist: 2.2603185433578203 vs. 2.2603185433578203
--------
nle(id0,id1,dist): 18 21 2.700983150689007
list:
dist: 2.700983150689007 vs. 2.700983150689007
--------
nle(id0,id1,dist): 18 27 2.1140180763716647
list:
dist: 2.1140180763716647 vs. 2.1140180763716647
--------
nle(id0,id1,dist): 30 42 2.7221419004643246
list:
dist: 2.7221419004643246 vs. 2.7221419004643246
--------
nle(id0,id1,dist): 30 41 0.7472636256372669
list:
dist: 0.7472636256372669 vs. 0.7472636256372669
--------
nle(id0,id1,dist): 30 36 3.276371968098202
list:
dist: 3.276371968098202 vs. 3.276371968098202
--------
nle(id0,id1,dist): 30 35 1.2700551721508246
list:
dist: 1.2700551721508246 vs. 1.2700551721508246
--------
nle(id0,id1,dist): 30 33 3.0226183170382535
list:
dist: 3.0226183170382535 vs. 3.0226183170382535
--------
nle(id0,id1,dist): 30 32 1.3799765686692822
list:
dist: 1.3799765686692822 vs. 1.3799765686692822
--------
nle(id0,id1,dist): 30 31 2.166840919944534
list:
dist: 2.166840919944534 vs. 2.166840919944534
--------
nle(id0,id1,dist): 30 47 1.4993570239147807
list:
dist: 1.4993570239147807 vs. 1.4993570239147807
--------
nle(id0,id1,dist): 30 46 2.7283440337711706
list:
dist: 2.7283440337711706 vs. 2.7283440337711706
--------
nle(id0,id1,dist): 30 43 1.6106141343755342
list:
dist: 1.6106141343755342 vs. 1.6106141343755342
--------
nle(id0,id1,dist): 28 29 2.4305029314548854
list:
dist: 2.4305029314548854 vs. 2.4305029314548854
--------
nle(id0,id1,dist): 27 28 3.0374281435490142
list:
dist: 3.0374281435490142 vs. 3.0374281435490142
--------
nle(id0,id1,dist): 24 27 2.469991560337617
list:
dist: 2.469991560337617 vs. 2.469991560337617
--------
nle(id0,id1,dist): 24 28 3.0167590444879564
list:
dist: 3.0167590444879564 vs. 3.0167590444879564
--------
nle(id0,id1,dist): 24 29 2.1656234875126863
list:
dist: 2.1656234875126863 vs. 2.1656234875126863
--------
nle(id0,id1,dist): 25 28 2.8378187039248837
list:
dist: 2.8378187039248837 vs. 2.8378187039248837
--------
nle(id0,id1,dist): 62 80 1.6273959451287694
list:
dist: 1.6273959451287694 vs. 1.6273959451287694
--------
nle(id0,id1,dist): 62 82 1.4038924867867977
list:
dist: 1.4038924867867977 vs. 1.4038924867867977
--------
nle(id0,id1,dist): 62 75 1.6762594648025178
list:
dist: 1.6762594648025178 vs. 1.6762594648025178
--------
nle(id0,id1,dist): 62 76 1.9702593052309592
list:
dist: 1.9702593052309592 vs. 1.9702593052309592
--------
nle(id0,id1,dist): 62 78 2.1761009669333196
list:
dist: 2.1761009669333196 vs. 2.1761009669333196
--------
nle(id0,id1,dist): 62 87 1.996748154130123
list:
dist: 1.996748154130123 vs. 1.996748154130123
--------
nle(id0,id1,dist): 62 89 4.1595329635715235
list:
dist: 4.1595329635715235 vs. 4.1595329635715235
--------
nle(id0,id1,dist): 62 83 1.9738828340287544
list:
dist: 1.9738828340287544 vs. 1.9738828340287544
--------
nle(id0,id1,dist): 62 85 1.3687139805105288
list:
dist: 1.3687139805105288 vs. 1.3687139805105288
--------
nle(id0,id1,dist): 62 64 2.344212632195592
list:
dist: 2.344212632195592 vs. 2.344212632195592
--------
nle(id0,id1,dist): 62 63 0.9219285268736186
list:
dist: 0.9219285268736186 vs. 0.9219285268736186
--------
nle(id0,id1,dist): 62 66 0.9461083149817675
list:
dist: 0.9461083149817675 vs. 0.9461083149817675
--------
nle(id0,id1,dist): 62 72 1.1769405182065253
list:
dist: 1.1769405182065253 vs. 1.1769405182065253
--------
nle(id0,id1,dist): 62 71 2.517569421188156
list:
dist: 2.517569421188156 vs. 2.517569421188156
--------
nle(id0,id1,dist): 62 73 0.9592107751093932
list:
dist: 0.9592107751093932 vs. 0.9592107751093932
--------
nle(id0,id1,dist): 62 67 1.9032284042278385
list:
dist: 1.9032284042278385 vs. 1.9032284042278385
--------
nle(id0,id1,dist): 62 70 1.4850753412719864
list:
dist: 1.4850753412719864 vs. 1.4850753412719864
--------
nle(id0,id1,dist): 62 69 1.3708200203332626
list:
dist: 1.3708200203332626 vs. 1.3708200203332626
--------
nle(id0,id1,dist): 61 71 2.249056689960109
list:
dist: 2.249056689960109 vs. 2.249056689960109
--------
nle(id0,id1,dist): 61 70 1.1842009402799227
list:
dist: 1.1842009402799227 vs. 1.1842009402799227
--------
nle(id0,id1,dist): 61 68 2.967258320338995
list:
dist: 2.967258320338995 vs. 2.967258320338995
--------
nle(id0,id1,dist): 61 67 1.293640786037041
list:
dist: 1.293640786037041 vs. 1.293640786037041
--------
nle(id0,id1,dist): 61 65 2.8258270416178703
list:
dist: 2.8258270416178703 vs. 2.8258270416178703
--------
nle(id0,id1,dist): 61 64 1.344556980880034
list:
dist: 1.344556980880034 vs. 1.344556980880034
--------
nle(id0,id1,dist): 61 76 0.9400056457589892
list:
dist: 0.9400056457589892 vs. 0.9400056457589892
--------
nle(id0,id1,dist): 61 73 2.2376427839596587
list:
dist: 2.2376427839596587 vs. 2.2376427839596587
--------
nle(id0,id1,dist): 64 66 2.4531017425514783
list:
dist: 2.4531017425514783 vs. 2.4531017425514783
--------
nle(id0,id1,dist): 64 67 1.7426797107906837
list:
dist: 1.7426797107906837 vs. 1.7426797107906837
--------
nle(id0,id1,dist): 64 69 2.8412738787180984
list:
dist: 2.8412738787180984 vs. 2.8412738787180984
--------
nle(id0,id1,dist): 64 70 1.183396479152734
list:
dist: 1.183396479152734 vs. 1.183396479152734
--------
nle(id0,id1,dist): 64 71 1.3666649077966035
list:
dist: 1.3666649077966035 vs. 1.3666649077966035
--------
nle(id0,id1,dist): 64 72 3.30163782242021
list:
dist: 3.30163782242021 vs. 3.30163782242021
--------
nle(id0,id1,dist): 64 73 2.1103918575279237
list:
dist: 2.1103918575279237 vs. 2.1103918575279237
--------
nle(id0,id1,dist): 64 75 2.9718652862837875
list:
dist: 2.9718652862837875 vs. 2.9718652862837875
--------
nle(id0,id1,dist): 64 76 1.4932075551145196
list:
dist: 1.4932075551145196 vs. 1.4932075551145196
--------
nle(id0,id1,dist): 64 78 4.266175544731662
list:
dist: 4.266175544731662 vs. 4.266175544731662
--------
nle(id0,id1,dist): 64 80 3.1304909757014694
list:
dist: 3.1304909757014694 vs. 3.1304909757014694
--------
nle(id0,id1,dist): 63 87 2.559913100856448
list:
dist: 2.559913100856448 vs. 2.559913100856448
--------
nle(id0,id1,dist): 63 72 1.9669803814505527
list:
dist: 1.9669803814505527 vs. 1.9669803814505527
--------
nle(id0,id1,dist): 63 73 0.8198883678869209
list:
dist: 0.8198883678869209 vs. 0.8198883678869209
--------
nle(id0,id1,dist): 63 70 0.8000470275103752
list:
dist: 0.8000470275103752 vs. 0.8000470275103752
--------
nle(id0,id1,dist): 63 71 1.991801332172273
list:
dist: 1.991801332172273 vs. 1.991801332172273
--------
nle(id0,id1,dist): 63 76 1.348183307860827
list:
dist: 1.348183307860827 vs. 1.348183307860827
--------
nle(id0,id1,dist): 63 75 1.9332937096809764
list:
dist: 1.9332937096809764 vs. 1.9332937096809764
--------
nle(id0,id1,dist): 63 80 2.0267939326692206
list:
dist: 2.0267939326692206 vs. 2.0267939326692206
--------
nle(id0,id1,dist): 63 78 2.849548152701612
list:
dist: 2.849548152701612 vs. 2.849548152701612
--------
nle(id0,id1,dist): 63 85 1.7555547156307025
list:
dist: 1.7555547156307025 vs. 1.7555547156307025
--------
nle(id0,id1,dist): 63 82 2.04814757569613
list:
dist: 2.04814757569613 vs. 2.04814757569613
--------
nle(id0,id1,dist): 63 64 1.4727272889544867
list:
dist: 1.4727272889544867 vs. 1.4727272889544867
--------
nle(id0,id1,dist): 63 69 1.600686292622514
list:
dist: 1.600686292622514 vs. 1.600686292622514
--------
nle(id0,id1,dist): 63 67 1.3505063555238543
list:
dist: 1.3505063555238543 vs. 1.3505063555238543
--------
nle(id0,id1,dist): 63 66 1.0810315909765558
list:
dist: 1.0810315909765558 vs. 1.0810315909765558
--------
nle(id0,id1,dist): 58 59 2.097493326169385
list:
dist: 2.097493326169385 vs. 2.097493326169385
--------
nle(id0,id1,dist): 61 63 1.9609117451519802
list:
dist: 1.9609117451519802 vs. 1.9609117451519802
--------
nle(id0,id1,dist): 60 86 4.16507676340042
list:
dist: 4.16507676340042 vs. 4.16507676340042
--------
nle(id0,id1,dist): 60 85 3.1419546049261746
list:
dist: 3.1419546049261746 vs. 3.1419546049261746
--------
nle(id0,id1,dist): 60 87 3.1722440223778188
list:
dist: 3.1722440223778188 vs. 3.1722440223778188
--------
nle(id0,id1,dist): 60 77 3.7094498094739468
list:
dist: 3.7094498094739468 vs. 3.7094498094739468
--------
nle(id0,id1,dist): 60 78 2.9953715466704804
list:
dist: 2.9953715466704804 vs. 2.9953715466704804
--------
nle(id0,id1,dist): 60 79 2.612204854836612
list:
dist: 2.612204854836612 vs. 2.612204854836612
--------
nle(id0,id1,dist): 60 80 3.4489741165337002
list:
dist: 3.4489741165337002 vs. 3.4489741165337002
--------
nle(id0,id1,dist): 60 82 2.8703930775198114
list:
dist: 2.8703930775198114 vs. 2.8703930775198114
--------
nle(id0,id1,dist): 60 84 3.8516821499225062
list:
dist: 3.8516821499225062 vs. 3.8516821499225062
--------
nle(id0,id1,dist): 60 69 1.7573695829292746
list:
dist: 1.7573695829292746 vs. 1.7573695829292746
--------
nle(id0,id1,dist): 60 70 1.2392175409875137
list:
dist: 1.2392175409875137 vs. 1.2392175409875137
--------
nle(id0,id1,dist): 60 71 2.7306688760205318
list:
dist: 2.7306688760205318 vs. 2.7306688760205318
--------
nle(id0,id1,dist): 60 72 2.9237137243087865
list:
dist: 2.9237137243087865 vs. 2.9237137243087865
--------
nle(id0,id1,dist): 60 73 1.716878753382593
list:
dist: 1.716878753382593 vs. 1.716878753382593
--------
nle(id0,id1,dist): 60 74 2.5139381709499573
list:
dist: 2.5139381709499573 vs. 2.5139381709499573
--------
nle(id0,id1,dist): 60 75 1.143684338592826
list:
dist: 1.143684338592826 vs. 1.143684338592826
--------
nle(id0,id1,dist): 60 76 1.2149150955225796
list:
dist: 1.2149150955225796 vs. 1.2149150955225796
--------
nle(id0,id1,dist): 60 64 2.2920711254943242
list:
dist: 2.2920711254943242 vs. 2.2920711254943242
--------
nle(id0,id1,dist): 60 63 1.7672179207332923
list:
dist: 1.7672179207332923 vs. 1.7672179207332923
--------
nle(id0,id1,dist): 60 62 1.864536798931724
list:
dist: 1.864536798931724 vs. 1.864536798931724
--------
nle(id0,id1,dist): 60 61 1.548443465947816
list:
dist: 1.548443465947816 vs. 1.548443465947816
--------
nle(id0,id1,dist): 60 68 2.0118660429174495
list:
dist: 2.0118660429174495 vs. 2.0118660429174495
--------
nle(id0,id1,dist): 60 67 1.3288020931873354
list:
dist: 1.3288020931873354 vs. 1.3288020931873354
--------
nle(id0,id1,dist): 60 66 2.0763955802506517
list:
dist: 2.0763955802506517 vs. 2.0763955802506517
--------
nle(id0,id1,dist): 60 65 3.5142121142238767
list:
dist: 3.5142121142238767 vs. 3.5142121142238767
--------
nle(id0,id1,dist): 69 71 3.5075476898620996
list:
dist: 3.5075476898620996 vs. 3.5075476898620996
--------
nle(id0,id1,dist): 69 70 1.767464901320257
list:
dist: 1.767464901320257 vs. 1.767464901320257
--------
nle(id0,id1,dist): 69 78 1.5624813194054568
list:
dist: 1.5624813194054568 vs. 1.5624813194054568
--------
nle(id0,id1,dist): 69 79 1.3154921302278757
list:
dist: 1.3154921302278757 vs. 1.3154921302278757
--------
nle(id0,id1,dist): 69 76 1.7518897705964902
list:
dist: 1.7518897705964902 vs. 1.7518897705964902
--------
nle(id0,id1,dist): 69 77 2.2921755109718793
list:
dist: 2.2921755109718793 vs. 2.2921755109718793
--------
nle(id0,id1,dist): 69 74 1.6767481073602883
list:
dist: 1.6767481073602883 vs. 1.6767481073602883
--------
nle(id0,id1,dist): 69 75 0.9129620063967135
list:
dist: 0.9129620063967135 vs. 0.9129620063967135
--------
nle(id0,id1,dist): 69 72 2.2332245782879423
list:
dist: 2.2332245782879423 vs. 2.2332245782879423
--------
nle(id0,id1,dist): 69 73 0.8236505731033389
list:
dist: 0.8236505731033389 vs. 0.8236505731033389
--------
nle(id0,id1,dist): 69 86 2.7855981587508327
list:
dist: 2.7855981587508327 vs. 2.7855981587508327
--------
nle(id0,id1,dist): 69 87 1.5219381188127945
list:
dist: 1.5219381188127945 vs. 1.5219381188127945
--------
nle(id0,id1,dist): 69 84 2.6230805878675096
list:
dist: 2.6230805878675096 vs. 2.6230805878675096
--------
nle(id0,id1,dist): 69 85 1.964948478481869
list:
dist: 1.964948478481869 vs. 1.964948478481869
--------
nle(id0,id1,dist): 69 82 1.4184334617923928
list:
dist: 1.4184334617923928 vs. 1.4184334617923928
--------
nle(id0,id1,dist): 69 83 2.2463246738811384
list:
dist: 2.2463246738811384 vs. 2.2463246738811384
--------
nle(id0,id1,dist): 69 80 2.7512108032544678
list:
dist: 2.7512108032544678 vs. 2.7512108032544678
--------
nle(id0,id1,dist): 68 74 1.0564043840191117
list:
dist: 1.0564043840191117 vs. 1.0564043840191117
--------
nle(id0,id1,dist): 68 73 1.9231568393164336
list:
dist: 1.9231568393164336 vs. 1.9231568393164336
--------
nle(id0,id1,dist): 68 76 2.17970377562058
list:
dist: 2.17970377562058 vs. 2.17970377562058
--------
nle(id0,id1,dist): 68 75 1.0842094943204235
list:
dist: 1.0842094943204235 vs. 1.0842094943204235
--------
nle(id0,id1,dist): 68 70 2.5028447638733433
list:
dist: 2.5028447638733433 vs. 2.5028447638733433
--------
nle(id0,id1,dist): 68 69 1.2128696475349843
list:
dist: 1.2128696475349843 vs. 1.2128696475349843
--------
nle(id0,id1,dist): 68 81 2.1338155964307854
list:
dist: 2.1338155964307854 vs. 2.1338155964307854
--------
nle(id0,id1,dist): 68 82 2.4319959332472996
list:
dist: 2.4319959332472996 vs. 2.4319959332472996
--------
nle(id0,id1,dist): 68 84 2.0836846336709676
list:
dist: 2.0836846336709676 vs. 2.0836846336709676
--------
nle(id0,id1,dist): 68 77 1.7592177985319009
list:
dist: 1.7592177985319009 vs. 1.7592177985319009
--------
nle(id0,id1,dist): 68 78 1.9684943039515874
list:
dist: 1.9684943039515874 vs. 1.9684943039515874
--------
nle(id0,id1,dist): 68 79 0.9163642049318611
list:
dist: 0.9163642049318611 vs. 0.9163642049318611
--------
nle(id0,id1,dist): 68 86 2.2614194787129236
list:
dist: 2.2614194787129236 vs. 2.2614194787129236
--------
nle(id0,id1,dist): 68 87 2.2481075500844705
list:
dist: 2.2481075500844705 vs. 2.2481075500844705
--------
nle(id0,id1,dist): 70 86 4.509262137020605
list:
dist: 4.509262137020605 vs. 4.509262137020605
--------
nle(id0,id1,dist): 70 85 2.521390315365192
list:
dist: 2.521390315365192 vs. 2.521390315365192
--------
nle(id0,id1,dist): 70 84 4.338332392927003
list:
dist: 4.338332392927003 vs. 4.338332392927003
--------
nle(id0,id1,dist): 70 87 3.0616597245702333
list:
dist: 3.0616597245702333 vs. 3.0616597245702333
--------
nle(id0,id1,dist): 71 72 3.1392823001647083
list:
dist: 3.1392823001647083 vs. 3.1392823001647083
--------
nle(id0,id1,dist): 71 73 2.793861521930341
list:
dist: 2.793861521930341 vs. 2.793861521930341
--------
nle(id0,id1,dist): 71 76 2.494617761975651
list:
dist: 2.494617761975651 vs. 2.494617761975651
--------
nle(id0,id1,dist): 71 75 3.5117830415153435
list:
dist: 3.5117830415153435 vs. 3.5117830415153435
--------
nle(id0,id1,dist): 69 89 3.7890638073412624
list:
dist: 3.7890638073412624 vs. 3.7890638073412624
--------
nle(id0,id1,dist): 70 71 1.9329160004978454
list:
dist: 1.9329160004978454 vs. 1.9329160004978454
--------
nle(id0,id1,dist): 70 72 2.625277581979389
list:
dist: 2.625277581979389 vs. 2.625277581979389
--------
nle(id0,id1,dist): 70 73 1.1737168322317084
list:
dist: 1.1737168322317084 vs. 1.1737168322317084
--------
nle(id0,id1,dist): 70 74 3.182400649976993
list:
dist: 3.182400649976993 vs. 3.182400649976993
--------
nle(id0,id1,dist): 70 75 1.7916886048642762
list:
dist: 1.7916886048642762 vs. 1.7916886048642762
--------
nle(id0,id1,dist): 70 76 0.6850030622028773
list:
dist: 0.6850030622028773 vs. 0.6850030622028773
--------
nle(id0,id1,dist): 70 77 3.9017436480264074
list:
dist: 3.9017436480264074 vs. 3.9017436480264074
--------
nle(id0,id1,dist): 70 78 3.2112907600877847
list:
dist: 3.2112907600877847 vs. 3.2112907600877847
--------
nle(id0,id1,dist): 70 79 3.0059033606814496
list:
dist: 3.0059033606814496 vs. 3.0059033606814496
--------
nle(id0,id1,dist): 70 80 2.7932633498945787
list:
dist: 2.7932633498945787 vs. 2.7932633498945787
--------
nle(id0,id1,dist): 70 82 2.640660249787192
list:
dist: 2.640660249787192 vs. 2.640660249787192
--------
nle(id0,id1,dist): 65 81 3.2416959903329907
list:
dist: 3.2416959903329907 vs. 3.2416959903329907
--------
nle(id0,id1,dist): 65 76 3.0844658403516805
list:
dist: 3.0844658403516805 vs. 3.0844658403516805
--------
nle(id0,id1,dist): 66 70 1.586918945445672
list:
dist: 1.586918945445672 vs. 1.586918945445672
--------
nle(id0,id1,dist): 66 69 0.819782533029167
list:
dist: 0.819782533029167 vs. 0.819782533029167
--------
nle(id0,id1,dist): 66 68 2.0088680410674065
list:
dist: 2.0088680410674065 vs. 2.0088680410674065
--------
nle(id0,id1,dist): 66 67 1.570301646161605
list:
dist: 1.570301646161605 vs. 1.570301646161605
--------
nle(id0,id1,dist): 64 85 3.0728425615209147
list:
dist: 3.0728425615209147 vs. 3.0728425615209147
--------
nle(id0,id1,dist): 64 87 3.9763848115446128
list:
dist: 3.9763848115446128 vs. 3.9763848115446128
--------
nle(id0,id1,dist): 64 82 3.503527463935973
list:
dist: 3.503527463935973 vs. 3.503527463935973
--------
nle(id0,id1,dist): 65 73 4.2585510309780785
list:
dist: 4.2585510309780785 vs. 4.2585510309780785
--------
nle(id0,id1,dist): 65 68 3.6899701890132226
list:
dist: 3.6899701890132226 vs. 3.6899701890132226
--------
nle(id0,id1,dist): 65 70 3.7262328746420237
list:
dist: 3.7262328746420237 vs. 3.7262328746420237
--------
nle(id0,id1,dist): 65 67 3.1342761172713436
list:
dist: 3.1342761172713436 vs. 3.1342761172713436
--------
nle(id0,id1,dist): 67 76 0.3720501463773939
list:
dist: 0.3720501463773939 vs. 0.3720501463773939
--------
nle(id0,id1,dist): 67 77 3.257471645814486
list:
dist: 3.257471645814486 vs. 3.257471645814486
--------
nle(id0,id1,dist): 67 74 2.7703151465953484
list:
dist: 2.7703151465953484 vs. 2.7703151465953484
--------
nle(id0,id1,dist): 67 75 1.548641566103707
list:
dist: 1.548641566103707 vs. 1.548641566103707
--------
nle(id0,id1,dist): 67 80 3.3064305363251445
list:
dist: 3.3064305363251445 vs. 3.3064305363251445
--------
nle(id0,id1,dist): 67 78 3.0319132914787397
list:
dist: 3.0319132914787397 vs. 3.0319132914787397
--------
nle(id0,id1,dist): 67 79 2.535321314072058
list:
dist: 2.535321314072058 vs. 2.535321314072058
--------
nle(id0,id1,dist): 67 68 1.8941382119882482
list:
dist: 1.8941382119882482 vs. 1.8941382119882482
--------
nle(id0,id1,dist): 67 69 1.4709825459854278
list:
dist: 1.4709825459854278 vs. 1.4709825459854278
--------
nle(id0,id1,dist): 67 72 3.0667804507899077
list:
dist: 3.0667804507899077 vs. 3.0667804507899077
--------
nle(id0,id1,dist): 67 73 1.1595824554024674
list:
dist: 1.1595824554024674 vs. 1.1595824554024674
--------
nle(id0,id1,dist): 67 70 0.8761714739003749
list:
dist: 0.8761714739003749 vs. 0.8761714739003749
--------
nle(id0,id1,dist): 67 71 2.767230008436485
list:
dist: 2.767230008436485 vs. 2.767230008436485
--------
nle(id0,id1,dist): 67 85 2.753676129837825
list:
dist: 2.753676129837825 vs. 2.753676129837825
--------
nle(id0,id1,dist): 67 84 3.8600314627560306
list:
dist: 3.8600314627560306 vs. 3.8600314627560306
--------
nle(id0,id1,dist): 67 82 2.6714582686525246
list:
dist: 2.6714582686525246 vs. 2.6714582686525246
--------
nle(id0,id1,dist): 67 87 2.9064922571117453
list:
dist: 2.9064922571117453 vs. 2.9064922571117453
--------
nle(id0,id1,dist): 67 86 3.957250637856875
list:
dist: 3.957250637856875 vs. 3.957250637856875
--------
nle(id0,id1,dist): 66 79 2.0253610392430934
list:
dist: 2.0253610392430934 vs. 2.0253610392430934
--------
nle(id0,id1,dist): 66 80 2.0604856125625
list:
dist: 2.0604856125625 vs. 2.0604856125625
--------
nle(id0,id1,dist): 66 82 1.1530991419816652
list:
dist: 1.1530991419816652 vs. 1.1530991419816652
--------
nle(id0,id1,dist): 66 83 2.3354940546871474
list:
dist: 2.3354940546871474 vs. 2.3354940546871474
--------
nle(id0,id1,dist): 66 84 3.247534242786492
list:
dist: 3.247534242786492 vs. 3.247534242786492
--------
nle(id0,id1,dist): 66 85 1.2680248533488243
list:
dist: 1.2680248533488243 vs. 1.2680248533488243
--------
nle(id0,id1,dist): 66 86 3.3458772562040333
list:
dist: 3.3458772562040333 vs. 3.3458772562040333
--------
nle(id0,id1,dist): 66 71 3.0598894143739477
list:
dist: 3.0598894143739477 vs. 3.0598894143739477
--------
nle(id0,id1,dist): 66 72 1.7826448652395241
list:
dist: 1.7826448652395241 vs. 1.7826448652395241
--------
nle(id0,id1,dist): 66 73 0.4368786917840302
list:
dist: 0.4368786917840302 vs. 0.4368786917840302
--------
nle(id0,id1,dist): 66 74 2.445302162281193
list:
dist: 2.445302162281193 vs. 2.445302162281193
--------
nle(id0,id1,dist): 66 75 1.581183884154258
list:
dist: 1.581183884154258 vs. 1.581183884154258
--------
nle(id0,id1,dist): 66 76 1.7989679408633314
list:
dist: 1.7989679408633314 vs. 1.7989679408633314
--------
nle(id0,id1,dist): 66 77 2.8274820648647583
list:
dist: 2.8274820648647583 vs. 2.8274820648647583
--------
nle(id0,id1,dist): 66 78 1.8977302346329066
list:
dist: 1.8977302346329066 vs. 1.8977302346329066
--------
nle(id0,id1,dist): 66 87 1.5263869648773787
list:
dist: 1.5263869648773787 vs. 1.5263869648773787
--------
nle(id0,id1,dist): 66 89 3.905927831090091
list:
dist: 3.905927831090091 vs. 3.905927831090091
--------
nle(id0,id1,dist): 48 51 2.8778343872592376
list:
dist: 2.8778343872592376 vs. 2.8778343872592376
--------
nle(id0,id1,dist): 48 52 2.1903531390821906
list:
dist: 2.1903531390821906 vs. 2.1903531390821906
--------
nle(id0,id1,dist): 48 49 3.509907631401299
list:
dist: 3.509907631401299 vs. 3.509907631401299
--------
nle(id0,id1,dist): 48 50 3.2172253345603186
list:
dist: 3.2172253345603186 vs. 3.2172253345603186
--------
nle(id0,id1,dist): 48 55 3.9788440052774376
list:
dist: 3.9788440052774376 vs. 3.9788440052774376
--------
nle(id0,id1,dist): 48 56 3.0018509525077475
list:
dist: 3.0018509525077475 vs. 3.0018509525077475
--------
nle(id0,id1,dist): 48 53 3.0505287713261415
list:
dist: 3.0505287713261415 vs. 3.0505287713261415
--------
nle(id0,id1,dist): 48 54 2.4086668400441016
list:
dist: 2.4086668400441016 vs. 2.4086668400441016
--------
nle(id0,id1,dist): 48 59 2.7586708359681595
list:
dist: 2.7586708359681595 vs. 2.7586708359681595
--------
nle(id0,id1,dist): 48 57 2.056208017038043
list:
dist: 2.056208017038043 vs. 2.056208017038043
--------
nle(id0,id1,dist): 48 58 1.243532135006174
list:
dist: 1.243532135006174 vs. 1.243532135006174
--------
nle(id0,id1,dist): 49 50 1.5044523655470619
list:
dist: 1.5044523655470619 vs. 1.5044523655470619
--------
nle(id0,id1,dist): 49 51 1.2174649904878634
list:
dist: 1.2174649904878634 vs. 1.2174649904878634
--------
nle(id0,id1,dist): 49 53 2.348868178136092
list:
dist: 2.348868178136092 vs. 2.348868178136092
--------
nle(id0,id1,dist): 49 54 1.4820863632442765
list:
dist: 1.4820863632442765 vs. 1.4820863632442765
--------
nle(id0,id1,dist): 49 55 1.643290842785459
list:
dist: 1.643290842785459 vs. 1.643290842785459
--------
nle(id0,id1,dist): 49 56 2.4085856551359486
list:
dist: 2.4085856551359486 vs. 2.4085856551359486
--------
nle(id0,id1,dist): 49 57 2.6755082195185564
list:
dist: 2.6755082195185564 vs. 2.6755082195185564
--------
nle(id0,id1,dist): 49 58 2.411870793746871
list:
dist: 2.411870793746871 vs. 2.411870793746871
--------
nle(id0,id1,dist): 49 59 2.1388429929802184
list:
dist: 2.1388429929802184 vs. 2.1388429929802184
--------
nle(id0,id1,dist): 50 53 1.519449283053941
list:
dist: 1.519449283053941 vs. 1.519449283053941
--------
nle(id0,id1,dist): 50 54 0.9522716479232283
list:
dist: 0.9522716479232283 vs. 0.9522716479232283
--------
nle(id0,id1,dist): 50 51 0.9666794356620474
list:
dist: 0.9666794356620474 vs. 0.9666794356620474
--------
nle(id0,id1,dist): 50 59 0.7909383220407465
list:
dist: 0.7909383220407465 vs. 0.7909383220407465
--------
nle(id0,id1,dist): 50 56 1.289969289302458
list:
dist: 1.289969289302458 vs. 1.289969289302458
--------
nle(id0,id1,dist): 50 55 1.1217700273893718
list:
dist: 1.1217700273893718 vs. 1.1217700273893718
--------
nle(id0,id1,dist): 50 58 2.3092999008534703
list:
dist: 2.3092999008534703 vs. 2.3092999008534703
--------
nle(id0,id1,dist): 50 57 1.9369929735696396
list:
dist: 1.9369929735696396 vs. 1.9369929735696396
--------
nle(id0,id1,dist): 44 56 1.8214633495354882
list:
dist: 1.8214633495354882 vs. 1.8214633495354882
--------
nle(id0,id1,dist): 44 53 2.0433710870131208
list:
dist: 2.0433710870131208 vs. 2.0433710870131208
--------
nle(id0,id1,dist): 44 58 3.0989935287685544
list:
dist: 3.0989935287685544 vs. 3.0989935287685544
--------
nle(id0,id1,dist): 45 57 2.6212767373611814
list:
dist: 2.6212767373611814 vs. 2.6212767373611814
--------
nle(id0,id1,dist): 45 59 2.1746283726878928
list:
dist: 2.1746283726878928 vs. 2.1746283726878928
--------
nle(id0,id1,dist): 45 49 0.7542044471956298
list:
dist: 0.7542044471956298 vs. 0.7542044471956298
--------
nle(id0,id1,dist): 45 50 1.5404543884520683
list:
dist: 1.5404543884520683 vs. 1.5404543884520683
--------
nle(id0,id1,dist): 45 51 1.7069890552127522
list:
dist: 1.7069890552127522 vs. 1.7069890552127522
--------
nle(id0,id1,dist): 45 54 1.8501329061173706
list:
dist: 1.8501329061173706 vs. 1.8501329061173706
--------
nle(id0,id1,dist): 45 55 1.873867666803446
list:
dist: 1.873867666803446 vs. 1.873867666803446
--------
nle(id0,id1,dist): 46 59 1.427670220536251
list:
dist: 1.427670220536251 vs. 1.427670220536251
--------
nle(id0,id1,dist): 46 57 2.3943073828946586
list:
dist: 2.3943073828946586 vs. 2.3943073828946586
--------
nle(id0,id1,dist): 46 55 2.3906118172301287
list:
dist: 2.3906118172301287 vs. 2.3906118172301287
--------
nle(id0,id1,dist): 46 56 1.8204146348783523
list:
dist: 1.8204146348783523 vs. 1.8204146348783523
--------
nle(id0,id1,dist): 46 53 2.2889525646456903
list:
dist: 2.2889525646456903 vs. 2.2889525646456903
--------
nle(id0,id1,dist): 46 54 2.4063959171550553
list:
dist: 2.4063959171550553 vs. 2.4063959171550553
--------
nle(id0,id1,dist): 46 51 2.5923631370842504
list:
dist: 2.5923631370842504 vs. 2.5923631370842504
--------
nle(id0,id1,dist): 46 49 3.31905678833298
list:
dist: 3.31905678833298 vs. 3.31905678833298
--------
nle(id0,id1,dist): 46 50 1.8230042101178028
list:
dist: 1.8230042101178028 vs. 1.8230042101178028
--------
nle(id0,id1,dist): 46 47 2.7697284204839447
list:
dist: 2.7697284204839447 vs. 2.7697284204839447
--------
nle(id0,id1,dist): 47 59 3.0068355549000216
list:
dist: 3.0068355549000216 vs. 3.0068355549000216
--------
nle(id0,id1,dist): 47 55 2.6682904395631124
list:
dist: 2.6682904395631124 vs. 2.6682904395631124
--------
nle(id0,id1,dist): 47 54 3.174535085047217
list:
dist: 3.174535085047217 vs. 3.174535085047217
--------
nle(id0,id1,dist): 47 56 1.9777549649261075
list:
dist: 1.9777549649261075 vs. 1.9777549649261075
--------
nle(id0,id1,dist): 47 50 3.0805036143629425
list:
dist: 3.0805036143629425 vs. 3.0805036143629425
--------
nle(id0,id1,dist): 47 51 3.0339571381361643
list:
dist: 3.0339571381361643 vs. 3.0339571381361643
--------
nle(id0,id1,dist): 47 53 1.9319604011690406
list:
dist: 1.9319604011690406 vs. 1.9319604011690406
--------
nle(id0,id1,dist): 47 49 4.110179611741679
list:
dist: 4.110179611741679 vs. 4.110179611741679
--------
nle(id0,id1,dist): 55 56 1.4668779436462487
list:
dist: 1.4668779436462487 vs. 1.4668779436462487
--------
nle(id0,id1,dist): 55 57 3.0287149996059104
list:
dist: 3.0287149996059104 vs. 3.0287149996059104
--------
nle(id0,id1,dist): 55 58 2.8879604950090987
list:
dist: 2.8879604950090987 vs. 2.8879604950090987
--------
nle(id0,id1,dist): 55 59 1.7748530880109643
list:
dist: 1.7748530880109643 vs. 1.7748530880109643
--------
nle(id0,id1,dist): 56 58 2.1530358108453655
list:
dist: 2.1530358108453655 vs. 2.1530358108453655
--------
nle(id0,id1,dist): 56 57 2.3848179217034042
list:
dist: 2.3848179217034042 vs. 2.3848179217034042
--------
nle(id0,id1,dist): 56 59 1.1631288367086994
list:
dist: 1.1631288367086994 vs. 1.1631288367086994
--------
nle(id0,id1,dist): 57 59 1.403793629309037
list:
dist: 1.403793629309037 vs. 1.403793629309037
--------
nle(id0,id1,dist): 57 58 1.9614400197433104
list:
dist: 1.9614400197433104 vs. 1.9614400197433104
--------
nle(id0,id1,dist): 51 58 1.737866697757102
list:
dist: 1.737866697757102 vs. 1.737866697757102
--------
nle(id0,id1,dist): 51 59 1.3755570556463796
list:
dist: 1.3755570556463796 vs. 1.3755570556463796
--------
nle(id0,id1,dist): 51 53 1.1626261602744403
list:
dist: 1.1626261602744403 vs. 1.1626261602744403
--------
nle(id0,id1,dist): 51 54 0.5626014773880122
list:
dist: 0.5626014773880122 vs. 0.5626014773880122
--------
nle(id0,id1,dist): 51 55 1.1747410974634063
list:
dist: 1.1747410974634063 vs. 1.1747410974634063
--------
nle(id0,id1,dist): 51 56 1.2530563988680987
list:
dist: 1.2530563988680987 vs. 1.2530563988680987
--------
nle(id0,id1,dist): 51 57 2.266136068581333
list:
dist: 2.266136068581333 vs. 2.266136068581333
--------
nle(id0,id1,dist): 52 56 2.6381198588081385
list:
dist: 2.6381198588081385 vs. 2.6381198588081385
--------
nle(id0,id1,dist): 52 53 2.725962554997696
list:
dist: 2.725962554997696 vs. 2.725962554997696
--------
nle(id0,id1,dist): 52 58 2.4906177656721975
list:
dist: 2.4906177656721975 vs. 2.4906177656721975
--------
nle(id0,id1,dist): 53 54 1.2860624634094955
list:
dist: 1.2860624634094955 vs. 1.2860624634094955
--------
nle(id0,id1,dist): 53 55 1.4326764547650574
list:
dist: 1.4326764547650574 vs. 1.4326764547650574
--------
nle(id0,id1,dist): 53 57 2.6907422269877785
list:
dist: 2.6907422269877785 vs. 2.6907422269877785
--------
nle(id0,id1,dist): 53 56 0.4830074887051719
list:
dist: 0.4830074887051719 vs. 0.4830074887051719
--------
nle(id0,id1,dist): 53 59 1.5486387680000147
list:
dist: 1.5486387680000147 vs. 1.5486387680000147
--------
nle(id0,id1,dist): 53 58 2.089223281621852
list:
dist: 2.089223281621852 vs. 2.089223281621852
--------
nle(id0,id1,dist): 54 59 1.0378786378085758
list:
dist: 1.0378786378085758 vs. 1.0378786378085758
--------
nle(id0,id1,dist): 54 58 1.3780484330204736
list:
dist: 1.3780484330204736 vs. 1.3780484330204736
--------
nle(id0,id1,dist): 54 57 1.7334243402229996
list:
dist: 1.7334243402229996 vs. 1.7334243402229996
--------
nle(id0,id1,dist): 54 56 1.231573580226777
list:
dist: 1.231573580226777 vs. 1.231573580226777
--------
nle(id0,id1,dist): 54 55 1.6002822377984944
list:
dist: 1.6002822377984944 vs. 1.6002822377984944
--------
nle(id0,id1,dist): 93 113 3.0531830522521215
list:
dist: 3.0531830522521215 vs. 3.0531830522521215
--------
nle(id0,id1,dist): 93 116 4.520643091932663
list:
dist: 4.520643091932663 vs. 4.520643091932663
--------
nle(id0,id1,dist): 93 117 3.049615396675743
list:
dist: 3.049615396675743 vs. 3.049615396675743
--------
nle(id0,id1,dist): 93 97 2.9080152319836485
list:
dist: 2.9080152319836485 vs. 2.9080152319836485
--------
nle(id0,id1,dist): 93 96 2.9500530379784107
list:
dist: 2.9500530379784107 vs. 2.9500530379784107
--------
nle(id0,id1,dist): 93 99 2.0361738284271
list:
dist: 2.0361738284271 vs. 2.0361738284271
--------
nle(id0,id1,dist): 93 98 2.6191182820735612
list:
dist: 2.6191182820735612 vs. 2.6191182820735612
--------
nle(id0,id1,dist): 93 101 0.3984673778185597
list:
dist: 0.3984673778185597 vs. 0.3984673778185597
--------
nle(id0,id1,dist): 93 100 1.6742024566034004
list:
dist: 1.6742024566034004 vs. 1.6742024566034004
--------
nle(id0,id1,dist): 93 103 1.8843664384097871
list:
dist: 1.8843664384097871 vs. 1.8843664384097871
--------
nle(id0,id1,dist): 93 102 2.1283813048018185
list:
dist: 2.1283813048018185 vs. 2.1283813048018185
--------
nle(id0,id1,dist): 93 105 1.8152747732907777
list:
dist: 1.8152747732907777 vs. 1.8152747732907777
--------
nle(id0,id1,dist): 93 104 1.5922247826370282
list:
dist: 1.5922247826370282 vs. 1.5922247826370282
--------
nle(id0,id1,dist): 93 107 2.7198234014559026
list:
dist: 2.7198234014559026 vs. 2.7198234014559026
--------
nle(id0,id1,dist): 93 106 1.139678563129785
list:
dist: 1.139678563129785 vs. 1.139678563129785
--------
nle(id0,id1,dist): 93 109 4.084029729785502
list:
dist: 4.084029729785502 vs. 4.084029729785502
--------
nle(id0,id1,dist): 93 108 2.02239870428207
list:
dist: 2.02239870428207 vs. 2.02239870428207
--------
nle(id0,id1,dist): 93 110 2.5284728847975457
list:
dist: 2.5284728847975457 vs. 2.5284728847975457
--------
nle(id0,id1,dist): 94 109 3.1405146211912593
list:
dist: 3.1405146211912593 vs. 3.1405146211912593
--------
nle(id0,id1,dist): 94 110 1.1228206496264965
list:
dist: 1.1228206496264965 vs. 1.1228206496264965
--------
nle(id0,id1,dist): 94 107 1.7016799471717057
list:
dist: 1.7016799471717057 vs. 1.7016799471717057
--------
nle(id0,id1,dist): 94 108 0.6901339816242255
list:
dist: 0.6901339816242255 vs. 0.6901339816242255
--------
nle(id0,id1,dist): 94 113 1.7884483350758573
list:
dist: 1.7884483350758573 vs. 1.7884483350758573
--------
nle(id0,id1,dist): 94 114 4.107969586249333
list:
dist: 4.107969586249333 vs. 4.107969586249333
--------
nle(id0,id1,dist): 94 112 2.3011582430825097
list:
dist: 2.3011582430825097 vs. 2.3011582430825097
--------
nle(id0,id1,dist): 94 117 2.0607217570470167
list:
dist: 2.0607217570470167 vs. 2.0607217570470167
--------
nle(id0,id1,dist): 94 118 2.924327063987749
list:
dist: 2.924327063987749 vs. 2.924327063987749
--------
nle(id0,id1,dist): 94 115 3.0333593180134644
list:
dist: 3.0333593180134644 vs. 3.0333593180134644
--------
nle(id0,id1,dist): 94 116 3.5223584970221604
list:
dist: 3.5223584970221604 vs. 3.5223584970221604
--------
nle(id0,id1,dist): 94 119 4.0728388908375805
list:
dist: 4.0728388908375805 vs. 4.0728388908375805
--------
nle(id0,id1,dist): 94 98 1.6465818200159017
list:
dist: 1.6465818200159017 vs. 1.6465818200159017
--------
nle(id0,id1,dist): 94 97 1.7348479671565065
list:
dist: 1.7348479671565065 vs. 1.7348479671565065
--------
nle(id0,id1,dist): 94 96 2.1959467591706345
list:
dist: 2.1959467591706345 vs. 2.1959467591706345
--------
nle(id0,id1,dist): 94 95 1.8560073249548221
list:
dist: 1.8560073249548221 vs. 1.8560073249548221
--------
nle(id0,id1,dist): 94 102 2.1034567259403354
list:
dist: 2.1034567259403354 vs. 2.1034567259403354
--------
nle(id0,id1,dist): 94 101 1.2729794361287843
list:
dist: 1.2729794361287843 vs. 1.2729794361287843
--------
nle(id0,id1,dist): 94 100 3.0223130957213584
list:
dist: 3.0223130957213584 vs. 3.0223130957213584
--------
nle(id0,id1,dist): 94 99 1.2158957391953418
list:
dist: 1.2158957391953418 vs. 1.2158957391953418
--------
nle(id0,id1,dist): 94 106 1.0423715571626948
list:
dist: 1.0423715571626948 vs. 1.0423715571626948
--------
nle(id0,id1,dist): 94 105 2.394096255225704
list:
dist: 2.394096255225704 vs. 2.394096255225704
--------
nle(id0,id1,dist): 94 104 0.7586620696441686
list:
dist: 0.7586620696441686 vs. 0.7586620696441686
--------
nle(id0,id1,dist): 94 103 0.6828304783682043
list:
dist: 0.6828304783682043 vs. 0.6828304783682043
--------
nle(id0,id1,dist): 92 97 2.1098956440325325
list:
dist: 2.1098956440325325 vs. 2.1098956440325325
--------
nle(id0,id1,dist): 92 98 1.7311113065716333
list:
dist: 1.7311113065716333 vs. 1.7311113065716333
--------
nle(id0,id1,dist): 92 99 1.6708207051906763
list:
dist: 1.6708207051906763 vs. 1.6708207051906763
--------
nle(id0,id1,dist): 92 100 2.77847664182284
list:
dist: 2.77847664182284 vs. 2.77847664182284
--------
nle(id0,id1,dist): 92 93 1.1945835503449322
list:
dist: 1.1945835503449322 vs. 1.1945835503449322
--------
nle(id0,id1,dist): 92 94 1.131168080184697
list:
dist: 1.131168080184697 vs. 1.131168080184697
--------
nle(id0,id1,dist): 92 95 1.771409415194663
list:
dist: 1.771409415194663 vs. 1.771409415194663
--------
nle(id0,id1,dist): 92 96 2.56046870126363
list:
dist: 2.56046870126363 vs. 2.56046870126363
--------
nle(id0,id1,dist): 91 111 5.131616354588951
list:
dist: 5.131616354588951 vs. 5.131616354588951
--------
nle(id0,id1,dist): 91 110 2.223354652673548
list:
dist: 2.223354652673548 vs. 2.223354652673548
--------
nle(id0,id1,dist): 91 107 2.943486463262688
list:
dist: 2.943486463262688 vs. 2.943486463262688
--------
nle(id0,id1,dist): 91 106 0.40653046918466806
list:
dist: 0.40653046918466806 vs. 0.40653046918466806
--------
nle(id0,id1,dist): 91 108 1.81605606599821
list:
dist: 1.81605606599821 vs. 1.81605606599821
--------
nle(id0,id1,dist): 92 117 2.678299344587217
list:
dist: 2.678299344587217 vs. 2.678299344587217
--------
nle(id0,id1,dist): 92 118 3.787323915314419
list:
dist: 3.787323915314419 vs. 3.787323915314419
--------
nle(id0,id1,dist): 93 94 1.4100704049705688
list:
dist: 1.4100704049705688 vs. 1.4100704049705688
--------
nle(id0,id1,dist): 93 95 2.413239727178816
list:
dist: 2.413239727178816 vs. 2.413239727178816
--------
nle(id0,id1,dist): 92 108 1.7852465753952924
list:
dist: 1.7852465753952924 vs. 1.7852465753952924
--------
nle(id0,id1,dist): 92 107 2.6724368927116178
list:
dist: 2.6724368927116178 vs. 2.6724368927116178
--------
nle(id0,id1,dist): 92 106 1.192216462190056
list:
dist: 1.192216462190056 vs. 1.192216462190056
--------
nle(id0,id1,dist): 92 105 1.832594775141263
list:
dist: 1.832594775141263 vs. 1.832594775141263
--------
nle(id0,id1,dist): 92 104 1.764283785720734
list:
dist: 1.764283785720734 vs. 1.764283785720734
--------
nle(id0,id1,dist): 92 103 1.3379063465604422
list:
dist: 1.3379063465604422 vs. 1.3379063465604422
--------
nle(id0,id1,dist): 92 102 1.7422433577357122
list:
dist: 1.7422433577357122 vs. 1.7422433577357122
--------
nle(id0,id1,dist): 92 101 1.357193410573804
list:
dist: 1.357193410573804 vs. 1.357193410573804
--------
nle(id0,id1,dist): 92 115 3.7792933047546606
list:
dist: 3.7792933047546606 vs. 3.7792933047546606
--------
nle(id0,id1,dist): 92 114 4.925767121443795
list:
dist: 4.925767121443795 vs. 4.925767121443795
--------
nle(id0,id1,dist): 92 113 2.7476478009892453
list:
dist: 2.7476478009892453 vs. 2.7476478009892453
--------
nle(id0,id1,dist): 92 112 3.0275447638071746
list:
dist: 3.0275447638071746 vs. 3.0275447638071746
--------
nle(id0,id1,dist): 92 111 5.304718125121401
list:
dist: 5.304718125121401 vs. 5.304718125121401
--------
nle(id0,id1,dist): 92 110 1.9386145778930184
list:
dist: 1.9386145778930184 vs. 1.9386145778930184
--------
nle(id0,id1,dist): 92 109 3.501940224122426
list:
dist: 3.501940224122426 vs. 3.501940224122426
--------
nle(id0,id1,dist): 97 101 2.7769241033918184
list:
dist: 2.7769241033918184 vs. 2.7769241033918184
--------
nle(id0,id1,dist): 97 103 1.085966076207699
list:
dist: 1.085966076207699 vs. 1.085966076207699
--------
nle(id0,id1,dist): 97 102 2.062498905875649
list:
dist: 2.062498905875649 vs. 2.062498905875649
--------
nle(id0,id1,dist): 97 105 2.868593521363111
list:
dist: 2.868593521363111 vs. 2.868593521363111
--------
nle(id0,id1,dist): 97 104 2.018509850207943
list:
dist: 2.018509850207943 vs. 2.018509850207943
--------
nle(id0,id1,dist): 97 107 1.790489229246174
list:
dist: 1.790489229246174 vs. 1.790489229246174
--------
nle(id0,id1,dist): 97 106 2.6660986509498255
list:
dist: 2.6660986509498255 vs. 2.6660986509498255
--------
nle(id0,id1,dist): 97 99 1.1910012069497031
list:
dist: 1.1910012069497031 vs. 1.1910012069497031
--------
nle(id0,id1,dist): 97 98 2.0049583984779007
list:
dist: 2.0049583984779007 vs. 2.0049583984779007
--------
nle(id0,id1,dist): 96 113 1.72376917180211
list:
dist: 1.72376917180211 vs. 1.72376917180211
--------
nle(id0,id1,dist): 96 114 3.4924488333216033
list:
dist: 3.4924488333216033 vs. 3.4924488333216033
--------
nle(id0,id1,dist): 96 115 2.2758140536346714
list:
dist: 2.2758140536346714 vs. 2.2758140536346714
--------
nle(id0,id1,dist): 96 116 1.6956426563752485
list:
dist: 1.6956426563752485 vs. 1.6956426563752485
--------
nle(id0,id1,dist): 96 117 0.6379322818453713
list:
dist: 0.6379322818453713 vs. 0.6379322818453713
--------
nle(id0,id1,dist): 96 118 2.2850500338645854
list:
dist: 2.2850500338645854 vs. 2.2850500338645854
--------
nle(id0,id1,dist): 96 119 3.2524485649638524
list:
dist: 3.2524485649638524 vs. 3.2524485649638524
--------
nle(id0,id1,dist): 98 102 3.0775772735616025
list:
dist: 3.0775772735616025 vs. 3.0775772735616025
--------
nle(id0,id1,dist): 98 101 2.68729162907232
list:
dist: 2.68729162907232 vs. 2.68729162907232
--------
nle(id0,id1,dist): 98 100 4.2548416151513155
list:
dist: 4.2548416151513155 vs. 4.2548416151513155
--------
nle(id0,id1,dist): 98 99 2.4101306355779446
list:
dist: 2.4101306355779446 vs. 2.4101306355779446
--------
nle(id0,id1,dist): 97 118 1.9651578990469694
list:
dist: 1.9651578990469694 vs. 1.9651578990469694
--------
nle(id0,id1,dist): 97 119 3.252084584547873
list:
dist: 3.252084584547873 vs. 3.252084584547873
--------
nle(id0,id1,dist): 97 116 2.2878157403488038
list:
dist: 2.2878157403488038 vs. 2.2878157403488038
--------
nle(id0,id1,dist): 97 117 1.2124453104933477
list:
dist: 1.2124453104933477 vs. 1.2124453104933477
--------
nle(id0,id1,dist): 97 110 1.1266902302625499
list:
dist: 1.1266902302625499 vs. 1.1266902302625499
--------
nle(id0,id1,dist): 97 108 1.6807968349684201
list:
dist: 1.6807968349684201 vs. 1.6807968349684201
--------
nle(id0,id1,dist): 97 109 1.6950755941128215
list:
dist: 1.6950755941128215 vs. 1.6950755941128215
--------
nle(id0,id1,dist): 97 114 3.0055202335362328
list:
dist: 3.0055202335362328 vs. 3.0055202335362328
--------
nle(id0,id1,dist): 97 115 1.797925853313133
list:
dist: 1.797925853313133 vs. 1.797925853313133
--------
nle(id0,id1,dist): 97 112 1.2181721544576198
list:
dist: 1.2181721544576198 vs. 1.2181721544576198
--------
nle(id0,id1,dist): 97 113 1.4319761114317568
list:
dist: 1.4319761114317568 vs. 1.4319761114317568
--------
nle(id0,id1,dist): 95 117 1.4463908872373563
list:
dist: 1.4463908872373563 vs. 1.4463908872373563
--------
nle(id0,id1,dist): 95 116 2.620290577999944
list:
dist: 2.620290577999944 vs. 2.620290577999944
--------
nle(id0,id1,dist): 95 110 2.0099711447388193
list:
dist: 2.0099711447388193 vs. 2.0099711447388193
--------
nle(id0,id1,dist): 95 113 2.206349088409599
list:
dist: 2.206349088409599 vs. 2.206349088409599
--------
nle(id0,id1,dist): 95 107 2.1362304813214053
list:
dist: 2.1362304813214053 vs. 2.1362304813214053
--------
nle(id0,id1,dist): 95 106 2.6838010278026188
list:
dist: 2.6838010278026188 vs. 2.6838010278026188
--------
nle(id0,id1,dist): 95 109 1.886315286329729
list:
dist: 1.886315286329729 vs. 1.886315286329729
--------
nle(id0,id1,dist): 95 108 2.183151205818351
list:
dist: 2.183151205818351 vs. 2.183151205818351
--------
nle(id0,id1,dist): 95 103 1.3160359072267547
list:
dist: 1.3160359072267547 vs. 1.3160359072267547
--------
nle(id0,id1,dist): 95 102 0.8214587410487203
list:
dist: 0.8214587410487203 vs. 0.8214587410487203
--------
nle(id0,id1,dist): 95 105 1.7097862626611668
list:
dist: 1.7097862626611668 vs. 1.7097862626611668
--------
nle(id0,id1,dist): 95 104 2.0796567909847363
list:
dist: 2.0796567909847363 vs. 2.0796567909847363
--------
nle(id0,id1,dist): 95 98 2.6427159371521887
list:
dist: 2.6427159371521887 vs. 2.6427159371521887
--------
nle(id0,id1,dist): 95 99 0.9053751781854091
list:
dist: 0.9053751781854091 vs. 0.9053751781854091
--------
nle(id0,id1,dist): 95 101 2.3103887473145157
list:
dist: 2.3103887473145157 vs. 2.3103887473145157
--------
nle(id0,id1,dist): 95 96 1.0284944447877742
list:
dist: 1.0284944447877742 vs. 1.0284944447877742
--------
nle(id0,id1,dist): 95 97 1.2726745355642652
list:
dist: 1.2726745355642652 vs. 1.2726745355642652
--------
nle(id0,id1,dist): 96 112 2.1436029355567343
list:
dist: 2.1436029355567343 vs. 2.1436029355567343
--------
nle(id0,id1,dist): 96 110 2.09351202093142
list:
dist: 2.09351202093142 vs. 2.09351202093142
--------
nle(id0,id1,dist): 96 109 1.2077860355402534
list:
dist: 1.2077860355402534 vs. 1.2077860355402534
--------
nle(id0,id1,dist): 96 108 2.255830813241866
list:
dist: 2.255830813241866 vs. 2.255830813241866
--------
nle(id0,id1,dist): 96 107 1.5847839979493619
list:
dist: 1.5847839979493619 vs. 1.5847839979493619
--------
nle(id0,id1,dist): 96 106 3.188316911638552
list:
dist: 3.188316911638552 vs. 3.188316911638552
--------
nle(id0,id1,dist): 96 105 2.3811282842523984
list:
dist: 2.3811282842523984 vs. 2.3811282842523984
--------
nle(id0,id1,dist): 96 104 2.0965170759548744
list:
dist: 2.0965170759548744 vs. 2.0965170759548744
--------
nle(id0,id1,dist): 96 103 1.601388877955934
list:
dist: 1.601388877955934 vs. 1.601388877955934
--------
nle(id0,id1,dist): 96 102 1.568305379409755
list:
dist: 1.568305379409755 vs. 1.568305379409755
--------
nle(id0,id1,dist): 96 101 2.7200455691969836
list:
dist: 2.7200455691969836 vs. 2.7200455691969836
--------
nle(id0,id1,dist): 96 99 0.9971349393151152
list:
dist: 0.9971349393151152 vs. 0.9971349393151152
--------
nle(id0,id1,dist): 96 98 3.175714665006148
list:
dist: 3.175714665006148 vs. 3.175714665006148
--------
nle(id0,id1,dist): 96 97 1.374133645749007
list:
dist: 1.374133645749007 vs. 1.374133645749007
--------
nle(id0,id1,dist): 87 89 2.395030945871689
list:
dist: 2.395030945871689 vs. 2.395030945871689
--------
nle(id0,id1,dist): 85 87 1.5856424832250349
list:
dist: 1.5856424832250349 vs. 1.5856424832250349
--------
nle(id0,id1,dist): 85 89 3.5677478714949618
list:
dist: 3.5677478714949618 vs. 3.5677478714949618
--------
nle(id0,id1,dist): 86 87 2.3609410626931058
list:
dist: 2.3609410626931058 vs. 2.3609410626931058
--------
nle(id0,id1,dist): 86 89 2.7303333027093615
list:
dist: 2.7303333027093615 vs. 2.7303333027093615
--------
nle(id0,id1,dist): 90 93 0.9044226050860495
list:
dist: 0.9044226050860495 vs. 0.9044226050860495
--------
nle(id0,id1,dist): 90 94 2.036507154453335
list:
dist: 2.036507154453335 vs. 2.036507154453335
--------
nle(id0,id1,dist): 90 91 1.2834088864588975
list:
dist: 1.2834088864588975 vs. 1.2834088864588975
--------
nle(id0,id1,dist): 90 92 1.246698083445804
list:
dist: 1.246698083445804 vs. 1.246698083445804
--------
nle(id0,id1,dist): 90 106 1.613623273231508
list:
dist: 1.613623273231508 vs. 1.613623273231508
--------
nle(id0,id1,dist): 90 105 1.7118558862519164
list:
dist: 1.7118558862519164 vs. 1.7118558862519164
--------
nle(id0,id1,dist): 90 104 2.4071937588337717
list:
dist: 2.4071937588337717 vs. 2.4071937588337717
--------
nle(id0,id1,dist): 90 103 2.406239948461593
list:
dist: 2.406239948461593 vs. 2.406239948461593
--------
nle(id0,id1,dist): 90 110 3.0696494808767665
list:
dist: 3.0696494808767665 vs. 3.0696494808767665
--------
nle(id0,id1,dist): 90 108 2.7093865483885224
list:
dist: 2.7093865483885224 vs. 2.7093865483885224
--------
nle(id0,id1,dist): 90 107 3.4776328320194967
list:
dist: 3.4776328320194967 vs. 3.4776328320194967
--------
nle(id0,id1,dist): 90 98 2.813708231009868
list:
dist: 2.813708231009868 vs. 2.813708231009868
--------
nle(id0,id1,dist): 90 101 1.2792651576745309
list:
dist: 1.2792651576745309 vs. 1.2792651576745309
--------
nle(id0,id1,dist): 90 100 1.7747052941817243
list:
dist: 1.7747052941817243 vs. 1.7747052941817243
--------
nle(id0,id1,dist): 90 99 2.5537739169108993
list:
dist: 2.5537739169108993 vs. 2.5537739169108993
--------
nle(id0,id1,dist): 91 99 2.332882163687204
list:
dist: 2.332882163687204 vs. 2.332882163687204
--------
nle(id0,id1,dist): 91 98 1.8435202635279626
list:
dist: 1.8435202635279626 vs. 1.8435202635279626
--------
nle(id0,id1,dist): 91 101 1.2494239103636093
list:
dist: 1.2494239103636093 vs. 1.2494239103636093
--------
nle(id0,id1,dist): 91 100 2.4758813769876067
list:
dist: 2.4758813769876067 vs. 2.4758813769876067
--------
nle(id0,id1,dist): 91 103 1.871638131452467
list:
dist: 1.871638131452467 vs. 1.871638131452467
--------
nle(id0,id1,dist): 91 105 2.5559299103784743
list:
dist: 2.5559299103784743 vs. 2.5559299103784743
--------
nle(id0,id1,dist): 91 104 1.7977842379443574
list:
dist: 1.7977842379443574 vs. 1.7977842379443574
--------
nle(id0,id1,dist): 91 93 1.0262374453694993
list:
dist: 1.0262374453694993 vs. 1.0262374453694993
--------
nle(id0,id1,dist): 91 92 1.044960862238493
list:
dist: 1.044960862238493 vs. 1.044960862238493
--------
nle(id0,id1,dist): 91 94 1.2889821059058717
list:
dist: 1.2889821059058717 vs. 1.2889821059058717
--------
nle(id0,id1,dist): 88 89 1.5311176227935546
list:
dist: 1.5311176227935546 vs. 1.5311176227935546
--------
nle(id0,id1,dist): 81 86 2.817400978112386
list:
dist: 2.817400978112386 vs. 2.817400978112386
--------
nle(id0,id1,dist): 81 84 2.869134353908582
list:
dist: 2.869134353908582 vs. 2.869134353908582
--------
nle(id0,id1,dist): 80 85 1.088932525918305
list:
dist: 1.088932525918305 vs. 1.088932525918305
--------
nle(id0,id1,dist): 80 87 2.52187711241772
list:
dist: 2.52187711241772 vs. 2.52187711241772
--------
nle(id0,id1,dist): 80 82 1.8705604879918174
list:
dist: 1.8705604879918174 vs. 1.8705604879918174
--------
nle(id0,id1,dist): 80 83 2.4964134728325895
list:
dist: 2.4964134728325895 vs. 2.4964134728325895
--------
nle(id0,id1,dist): 80 89 4.1960427320132085
list:
dist: 4.1960427320132085 vs. 4.1960427320132085
--------
nle(id0,id1,dist): 79 89 3.1770187952140603
list:
dist: 3.1770187952140603 vs. 3.1770187952140603
--------
nle(id0,id1,dist): 79 86 1.570651517160416
list:
dist: 1.570651517160416 vs. 1.570651517160416
--------
nle(id0,id1,dist): 79 87 1.6074404013351042
list:
dist: 1.6074404013351042 vs. 1.6074404013351042
--------
nle(id0,id1,dist): 79 81 2.6135077469247903
list:
dist: 2.6135077469247903 vs. 2.6135077469247903
--------
nle(id0,id1,dist): 79 84 1.3374706310149742
list:
dist: 1.3374706310149742 vs. 1.3374706310149742
--------
nle(id0,id1,dist): 79 83 2.4048268876452834
list:
dist: 2.4048268876452834 vs. 2.4048268876452834
--------
nle(id0,id1,dist): 79 82 1.9796823315020025
list:
dist: 1.9796823315020025 vs. 1.9796823315020025
--------
nle(id0,id1,dist): 78 80 2.9793736719102384
list:
dist: 2.9793736719102384 vs. 2.9793736719102384
--------
nle(id0,id1,dist): 78 79 1.200253495207577
list:
dist: 1.200253495207577 vs. 1.200253495207577
--------
nle(id0,id1,dist): 78 82 1.188487931892538
list:
dist: 1.188487931892538 vs. 1.188487931892538
--------
nle(id0,id1,dist): 78 84 1.7471255665271734
list:
dist: 1.7471255665271734 vs. 1.7471255665271734
--------
nle(id0,id1,dist): 78 83 1.443702471645689
list:
dist: 1.443702471645689 vs. 1.443702471645689
--------
nle(id0,id1,dist): 78 86 2.0448283470851476
list:
dist: 2.0448283470851476 vs. 2.0448283470851476
--------
nle(id0,id1,dist): 78 85 2.2029623614522467
list:
dist: 2.2029623614522467 vs. 2.2029623614522467
--------
nle(id0,id1,dist): 78 87 0.8246616704532407
list:
dist: 0.8246616704532407 vs. 0.8246616704532407
--------
nle(id0,id1,dist): 78 89 2.298431948759948
list:
dist: 2.298431948759948 vs. 2.298431948759948
--------
nle(id0,id1,dist): 84 89 2.6505335747667815
list:
dist: 2.6505335747667815 vs. 2.6505335747667815
--------
nle(id0,id1,dist): 84 87 2.283236448297954
list:
dist: 2.283236448297954 vs. 2.283236448297954
--------
nle(id0,id1,dist): 84 86 0.6831873892306627
list:
dist: 0.6831873892306627 vs. 0.6831873892306627
--------
nle(id0,id1,dist): 83 86 3.3932526254215207
list:
dist: 3.3932526254215207 vs. 3.3932526254215207
--------
nle(id0,id1,dist): 83 87 1.8203937147689337
list:
dist: 1.8203937147689337 vs. 1.8203937147689337
--------
nle(id0,id1,dist): 83 88 3.8273346721654744
list:
dist: 3.8273346721654744 vs. 3.8273346721654744
--------
nle(id0,id1,dist): 83 89 2.8084624592706375
list:
dist: 2.8084624592706375 vs. 2.8084624592706375
--------
nle(id0,id1,dist): 83 84 2.9486489816583052
list:
dist: 2.9486489816583052 vs. 2.9486489816583052
--------
nle(id0,id1,dist): 83 85 2.2719293525838578
list:
dist: 2.2719293525838578 vs. 2.2719293525838578
--------
nle(id0,id1,dist): 82 89 2.8452948122763404
list:
dist: 2.8452948122763404 vs. 2.8452948122763404
--------
nle(id0,id1,dist): 82 87 0.6889354884352664
list:
dist: 0.6889354884352664 vs. 0.6889354884352664
--------
nle(id0,id1,dist): 82 84 2.849399626372449
list:
dist: 2.849399626372449 vs. 2.849399626372449
--------
nle(id0,id1,dist): 82 83 1.5818538066244703
list:
dist: 1.5818538066244703 vs. 1.5818538066244703
--------
nle(id0,id1,dist): 82 86 2.995139181647956
list:
dist: 2.995139181647956 vs. 2.995139181647956
--------
nle(id0,id1,dist): 82 85 1.0146338446750724
list:
dist: 1.0146338446750724 vs. 1.0146338446750724
--------
nle(id0,id1,dist): 74 76 3.0189686650933147
list:
dist: 3.0189686650933147 vs. 3.0189686650933147
--------
nle(id0,id1,dist): 74 75 1.4367998332182323
list:
dist: 1.4367998332182323 vs. 1.4367998332182323
--------
nle(id0,id1,dist): 74 78 1.4854205298110046
list:
dist: 1.4854205298110046 vs. 1.4854205298110046
--------
nle(id0,id1,dist): 74 77 1.840058537917416
list:
dist: 1.840058537917416 vs. 1.840058537917416
--------
nle(id0,id1,dist): 74 83 2.3699216878688185
list:
dist: 2.3699216878688185 vs. 2.3699216878688185
--------
nle(id0,id1,dist): 74 84 1.3846343473742855
list:
dist: 1.3846343473742855 vs. 1.3846343473742855
--------
nle(id0,id1,dist): 74 86 1.8476069356265519
list:
dist: 1.8476069356265519 vs. 1.8476069356265519
--------
nle(id0,id1,dist): 74 79 0.7049629565534579
list:
dist: 0.7049629565534579 vs. 0.7049629565534579
--------
nle(id0,id1,dist): 74 81 2.5700442468582843
list:
dist: 2.5700442468582843 vs. 2.5700442468582843
--------
nle(id0,id1,dist): 74 82 2.391975135103374
list:
dist: 2.391975135103374 vs. 2.391975135103374
--------
nle(id0,id1,dist): 74 87 2.1115526122732247
list:
dist: 2.1115526122732247 vs. 2.1115526122732247
--------
nle(id0,id1,dist): 74 89 3.4147856828752636
list:
dist: 3.4147856828752636 vs. 3.4147856828752636
--------
nle(id0,id1,dist): 73 75 1.407871430313505
list:
dist: 1.407871430313505 vs. 1.407871430313505
--------
nle(id0,id1,dist): 73 74 2.48508521274523
list:
dist: 2.48508521274523 vs. 2.48508521274523
--------
nle(id0,id1,dist): 73 82 1.5566244921982084
list:
dist: 1.5566244921982084 vs. 1.5566244921982084
--------
nle(id0,id1,dist): 73 80 2.281504671198973
list:
dist: 2.281504671198973 vs. 2.281504671198973
--------
nle(id0,id1,dist): 73 79 2.131398902170561
list:
dist: 2.131398902170561 vs. 2.131398902170561
--------
nle(id0,id1,dist): 73 78 2.182545459896622
list:
dist: 2.182545459896622 vs. 2.182545459896622
--------
nle(id0,id1,dist): 73 77 2.974339866105509
list:
dist: 2.974339866105509 vs. 2.974339866105509
--------
nle(id0,id1,dist): 73 76 1.3668582221186454
list:
dist: 1.3668582221186454 vs. 1.3668582221186454
--------
nle(id0,id1,dist): 73 86 3.541482007626453
list:
dist: 3.541482007626453 vs. 3.541482007626453
--------
nle(id0,id1,dist): 73 87 1.9143261454222702
list:
dist: 1.9143261454222702 vs. 1.9143261454222702
--------
nle(id0,id1,dist): 73 84 3.423435763410533
list:
dist: 3.423435763410533 vs. 3.423435763410533
--------
nle(id0,id1,dist): 73 85 1.6259906406062816
list:
dist: 1.6259906406062816 vs. 1.6259906406062816
--------
nle(id0,id1,dist): 72 73 2.0096189049180495
list:
dist: 2.0096189049180495 vs. 2.0096189049180495
--------
nle(id0,id1,dist): 72 76 3.144895928364039
list:
dist: 3.144895928364039 vs. 3.144895928364039
--------
nle(id0,id1,dist): 72 75 2.5840746841232307
list:
dist: 2.5840746841232307 vs. 2.5840746841232307
--------
nle(id0,id1,dist): 72 78 2.2418696644150984
list:
dist: 2.2418696644150984 vs. 2.2418696644150984
--------
nle(id0,id1,dist): 72 80 0.9931311910102933
list:
dist: 0.9931311910102933 vs. 0.9931311910102933
--------
nle(id0,id1,dist): 72 82 1.367160250420594
list:
dist: 1.367160250420594 vs. 1.367160250420594
--------
nle(id0,id1,dist): 72 83 1.533970031476855
list:
dist: 1.533970031476855 vs. 1.533970031476855
--------
nle(id0,id1,dist): 72 85 1.2107101813576815
list:
dist: 1.2107101813576815 vs. 1.2107101813576815
--------
nle(id0,id1,dist): 72 87 2.0235173316469894
list:
dist: 2.0235173316469894 vs. 2.0235173316469894
--------
nle(id0,id1,dist): 72 89 3.6601974012861582
list:
dist: 3.6601974012861582 vs. 3.6601974012861582
--------
nle(id0,id1,dist): 71 80 2.928453846227787
list:
dist: 2.928453846227787 vs. 2.928453846227787
--------
nle(id0,id1,dist): 71 78 4.678052426746683
list:
dist: 4.678052426746683 vs. 4.678052426746683
--------
nle(id0,id1,dist): 71 85 3.3268480687877564
list:
dist: 3.3268480687877564 vs. 3.3268480687877564
--------
nle(id0,id1,dist): 71 82 3.8489482962041284
list:
dist: 3.8489482962041284 vs. 3.8489482962041284
--------
nle(id0,id1,dist): 71 87 4.453779010693322
list:
dist: 4.453779010693322 vs. 4.453779010693322
--------
nle(id0,id1,dist): 77 89 3.2990185620262027
list:
dist: 3.2990185620262027 vs. 3.2990185620262027
--------
nle(id0,id1,dist): 77 84 1.3776591908587028
list:
dist: 1.3776591908587028 vs. 1.3776591908587028
--------
nle(id0,id1,dist): 77 86 0.9543775165627048
list:
dist: 0.9543775165627048 vs. 0.9543775165627048
--------
nle(id0,id1,dist): 77 87 2.2015516173206877
list:
dist: 2.2015516173206877 vs. 2.2015516173206877
--------
nle(id0,id1,dist): 77 81 2.3750925805295124
list:
dist: 2.3750925805295124 vs. 2.3750925805295124
--------
nle(id0,id1,dist): 77 82 2.7726695848587464
list:
dist: 2.7726695848587464 vs. 2.7726695848587464
--------
nle(id0,id1,dist): 77 83 3.5285288537901334
list:
dist: 3.5285288537901334 vs. 3.5285288537901334
--------
nle(id0,id1,dist): 76 87 3.1911844104728195
list:
dist: 3.1911844104728195 vs. 3.1911844104728195
--------
nle(id0,id1,dist): 76 85 2.921287431066611
list:
dist: 2.921287431066611 vs. 2.921287431066611
--------
nle(id0,id1,dist): 76 86 4.294282230351735
list:
dist: 4.294282230351735 vs. 4.294282230351735
--------
nle(id0,id1,dist): 77 79 1.3320237289561825
list:
dist: 1.3320237289561825 vs. 1.3320237289561825
--------
nle(id0,id1,dist): 77 78 2.1097810231418967
list:
dist: 2.1097810231418967 vs. 2.1097810231418967
--------
nle(id0,id1,dist): 76 78 3.2975200384482393
list:
dist: 3.2975200384482393 vs. 3.2975200384482393
--------
nle(id0,id1,dist): 76 77 3.614055360194725
list:
dist: 3.614055360194725 vs. 3.614055360194725
--------
nle(id0,id1,dist): 76 80 3.362846018189348
list:
dist: 3.362846018189348 vs. 3.362846018189348
--------
nle(id0,id1,dist): 76 79 2.8397517379633923
list:
dist: 2.8397517379633923 vs. 2.8397517379633923
--------
nle(id0,id1,dist): 76 82 2.90148103775173
list:
dist: 2.90148103775173 vs. 2.90148103775173
--------
nle(id0,id1,dist): 76 84 4.166946262648602
list:
dist: 4.166946262648602 vs. 4.166946262648602
--------
nle(id0,id1,dist): 75 85 2.6807757955947165
list:
dist: 2.6807757955947165 vs. 2.6807757955947165
--------
nle(id0,id1,dist): 75 84 2.7289722302710984
list:
dist: 2.7289722302710984 vs. 2.7289722302710984
--------
nle(id0,id1,dist): 75 83 2.312241746927148
list:
dist: 2.312241746927148 vs. 2.312241746927148
--------
nle(id0,id1,dist): 75 82 2.094831617840616
list:
dist: 2.094831617840616 vs. 2.094831617840616
--------
nle(id0,id1,dist): 75 89 4.225835923465952
list:
dist: 4.225835923465952 vs. 4.225835923465952
--------
nle(id0,id1,dist): 75 87 2.217072947903588
list:
dist: 2.217072947903588 vs. 2.217072947903588
--------
nle(id0,id1,dist): 75 86 3.0503014194732296
list:
dist: 3.0503014194732296 vs. 3.0503014194732296
--------
nle(id0,id1,dist): 75 77 2.6770561096320775
list:
dist: 2.6770561096320775 vs. 2.6770561096320775
--------
nle(id0,id1,dist): 75 76 1.71221473336417
list:
dist: 1.71221473336417 vs. 1.71221473336417
--------
nle(id0,id1,dist): 75 80 3.2566934749524394
list:
dist: 3.2566934749524394 vs. 3.2566934749524394
--------
nle(id0,id1,dist): 75 79 1.4864144324925943
list:
dist: 1.4864144324925943 vs. 1.4864144324925943
--------
nle(id0,id1,dist): 75 78 1.93256419975864
list:
dist: 1.93256419975864 vs. 1.93256419975864
--------
nle(id0,id1,dist): 120 145 4.747166592339112
list:
dist: 4.747166592339112 vs. 4.747166592339112
--------
nle(id0,id1,dist): 120 146 3.060530158573926
list:
dist: 3.060530158573926 vs. 3.060530158573926
--------
nle(id0,id1,dist): 120 147 4.1960589789720295
list:
dist: 4.1960589789720295 vs. 4.1960589789720295
--------
nle(id0,id1,dist): 120 138 3.8666496840735904
list:
dist: 3.8666496840735904 vs. 3.8666496840735904
--------
nle(id0,id1,dist): 120 139 2.3112136204787723
list:
dist: 2.3112136204787723 vs. 2.3112136204787723
--------
nle(id0,id1,dist): 120 140 3.130926694138933
list:
dist: 3.130926694138933 vs. 3.130926694138933
--------
nle(id0,id1,dist): 120 142 3.958281271029844
list:
dist: 3.958281271029844 vs. 3.958281271029844
--------
nle(id0,id1,dist): 120 143 1.565793756735481
list:
dist: 1.565793756735481 vs. 1.565793756735481
--------
nle(id0,id1,dist): 120 144 3.235928611355448
list:
dist: 3.235928611355448 vs. 3.235928611355448
--------
nle(id0,id1,dist): 120 130 2.0374318469188424
list:
dist: 2.0374318469188424 vs. 2.0374318469188424
--------
nle(id0,id1,dist): 120 132 1.7207428104382025
list:
dist: 1.7207428104382025 vs. 1.7207428104382025
--------
nle(id0,id1,dist): 120 131 2.407985932694802
list:
dist: 2.407985932694802 vs. 2.407985932694802
--------
nle(id0,id1,dist): 120 134 2.1632030932031303
list:
dist: 2.1632030932031303 vs. 2.1632030932031303
--------
nle(id0,id1,dist): 120 133 2.7819113279826517
list:
dist: 2.7819113279826517 vs. 2.7819113279826517
--------
nle(id0,id1,dist): 120 136 4.2868138026655345
list:
dist: 4.2868138026655345 vs. 4.2868138026655345
--------
nle(id0,id1,dist): 120 122 2.6620889850836074
list:
dist: 2.6620889850836074 vs. 2.6620889850836074
--------
nle(id0,id1,dist): 120 121 1.8313722890226527
list:
dist: 1.8313722890226527 vs. 1.8313722890226527
--------
nle(id0,id1,dist): 120 124 2.0423104242510783
list:
dist: 2.0423104242510783 vs. 2.0423104242510783
--------
nle(id0,id1,dist): 120 123 3.0073300578385482
list:
dist: 3.0073300578385482 vs. 3.0073300578385482
--------
nle(id0,id1,dist): 120 126 3.2605999813584683
list:
dist: 3.2605999813584683 vs. 3.2605999813584683
--------
nle(id0,id1,dist): 120 125 2.38846412810787
list:
dist: 2.38846412810787 vs. 2.38846412810787
--------
nle(id0,id1,dist): 120 128 2.9886895360306447
list:
dist: 2.9886895360306447 vs. 2.9886895360306447
--------
nle(id0,id1,dist): 120 127 3.4006529529779295
list:
dist: 3.4006529529779295 vs. 3.4006529529779295
--------
nle(id0,id1,dist): 121 142 3.4034065057473186
list:
dist: 3.4034065057473186 vs. 3.4034065057473186
--------
nle(id0,id1,dist): 121 143 3.0202513554553363
list:
dist: 3.0202513554553363 vs. 3.0202513554553363
--------
nle(id0,id1,dist): 121 140 2.5926743510277706
list:
dist: 2.5926743510277706 vs. 2.5926743510277706
--------
nle(id0,id1,dist): 121 146 3.478268410263257
list:
dist: 3.478268410263257 vs. 3.478268410263257
--------
nle(id0,id1,dist): 121 147 4.441604049148545
list:
dist: 4.441604049148545 vs. 4.441604049148545
--------
nle(id0,id1,dist): 121 144 2.373065359433516
list:
dist: 2.373065359433516 vs. 2.373065359433516
--------
nle(id0,id1,dist): 121 145 4.190303301236418
list:
dist: 4.190303301236418 vs. 4.190303301236418
--------
nle(id0,id1,dist): 121 134 3.0192701298234406
list:
dist: 3.0192701298234406 vs. 3.0192701298234406
--------
nle(id0,id1,dist): 121 132 0.7878923605476708
list:
dist: 0.7878923605476708 vs. 0.7878923605476708
--------
nle(id0,id1,dist): 121 133 1.7169935362269344
list:
dist: 1.7169935362269344 vs. 1.7169935362269344
--------
nle(id0,id1,dist): 121 138 3.965368330954926
list:
dist: 3.965368330954926 vs. 3.965368330954926
--------
nle(id0,id1,dist): 121 139 3.236461886178584
list:
dist: 3.236461886178584 vs. 3.236461886178584
--------
nle(id0,id1,dist): 121 136 3.9790757039762052
list:
dist: 3.9790757039762052 vs. 3.9790757039762052
--------
nle(id0,id1,dist): 121 127 3.0351414715703835
list:
dist: 3.0351414715703835 vs. 3.0351414715703835
--------
nle(id0,id1,dist): 121 126 1.4563649192342423
list:
dist: 1.4563649192342423 vs. 1.4563649192342423
--------
nle(id0,id1,dist): 121 125 2.041512311468042
list:
dist: 2.041512311468042 vs. 2.041512311468042
--------
nle(id0,id1,dist): 121 124 0.8755457416132388
list:
dist: 0.8755457416132388 vs. 0.8755457416132388
--------
nle(id0,id1,dist): 121 131 2.635545910711286
list:
dist: 2.635545910711286 vs. 2.635545910711286
--------
nle(id0,id1,dist): 121 130 1.8779890304539422
list:
dist: 1.8779890304539422 vs. 1.8779890304539422
--------
nle(id0,id1,dist): 121 128 2.6813898460197443
list:
dist: 2.6813898460197443 vs. 2.6813898460197443
--------
nle(id0,id1,dist): 121 123 1.7243901574436777
list:
dist: 1.7243901574436777 vs. 1.7243901574436777
--------
nle(id0,id1,dist): 121 122 1.5110413575700732
list:
dist: 1.5110413575700732 vs. 1.5110413575700732
--------
nle(id0,id1,dist): 122 132 0.9922232414339403
list:
dist: 0.9922232414339403 vs. 0.9922232414339403
--------
nle(id0,id1,dist): 122 131 1.8508879645034102
list:
dist: 1.8508879645034102 vs. 1.8508879645034102
--------
nle(id0,id1,dist): 122 134 2.6683321966041076
list:
dist: 2.6683321966041076 vs. 2.6683321966041076
--------
nle(id0,id1,dist): 122 133 1.2451547861833872
list:
dist: 1.2451547861833872 vs. 1.2451547861833872
--------
nle(id0,id1,dist): 122 128 1.462932361344074
list:
dist: 1.462932361344074 vs. 1.462932361344074
--------
nle(id0,id1,dist): 122 127 1.7631472245357618
list:
dist: 1.7631472245357618 vs. 1.7631472245357618
--------
nle(id0,id1,dist): 122 130 1.2581209159770113
list:
dist: 1.2581209159770113 vs. 1.2581209159770113
--------
nle(id0,id1,dist): 122 129 3.781380946163239
list:
dist: 3.781380946163239 vs. 3.781380946163239
--------
nle(id0,id1,dist): 122 140 1.8342822052204075
list:
dist: 1.8342822052204075 vs. 1.8342822052204075
--------
nle(id0,id1,dist): 122 142 1.9714709659754661
list:
dist: 1.9714709659754661 vs. 1.9714709659754661
--------
nle(id0,id1,dist): 122 136 2.6575499779631326
list:
dist: 2.6575499779631326 vs. 2.6575499779631326
--------
nle(id0,id1,dist): 122 138 2.8107709118251716
list:
dist: 2.8107709118251716 vs. 2.8107709118251716
--------
nle(id0,id1,dist): 122 123 0.6377984860992422
list:
dist: 0.6377984860992422 vs. 0.6377984860992422
--------
nle(id0,id1,dist): 122 124 2.2364012115029084
list:
dist: 2.2364012115029084 vs. 2.2364012115029084
--------
nle(id0,id1,dist): 122 125 1.3724345269872436
list:
dist: 1.3724345269872436 vs. 1.3724345269872436
--------
nle(id0,id1,dist): 122 126 1.5222909645022926
list:
dist: 1.5222909645022926 vs. 1.5222909645022926
--------
nle(id0,id1,dist): 123 129 4.152168234853792
list:
dist: 4.152168234853792 vs. 4.152168234853792
--------
nle(id0,id1,dist): 123 128 1.8386505138704459
list:
dist: 1.8386505138704459 vs. 1.8386505138704459
--------
nle(id0,id1,dist): 123 127 1.805683318865503
list:
dist: 1.805683318865503 vs. 1.805683318865503
--------
nle(id0,id1,dist): 123 126 1.3611844640098119
list:
dist: 1.3611844640098119 vs. 1.3611844640098119
--------
nle(id0,id1,dist): 123 125 1.348482235812501
list:
dist: 1.348482235812501 vs. 1.348482235812501
--------
nle(id0,id1,dist): 123 124 2.255343104232011
list:
dist: 2.255343104232011 vs. 2.255343104232011
--------
nle(id0,id1,dist): 123 136 2.9885293214854536
list:
dist: 2.9885293214854536 vs. 2.9885293214854536
--------
nle(id0,id1,dist): 123 134 2.9291660309689935
list:
dist: 2.9291660309689935 vs. 2.9291660309689935
--------
nle(id0,id1,dist): 123 133 1.8044131442716242
list:
dist: 1.8044131442716242 vs. 1.8044131442716242
--------
nle(id0,id1,dist): 123 132 1.3322382653858114
list:
dist: 1.3322382653858114 vs. 1.3322382653858114
--------
nle(id0,id1,dist): 123 131 2.2712139804823237
list:
dist: 2.2712139804823237 vs. 2.2712139804823237
--------
nle(id0,id1,dist): 123 130 1.8184383142027045
list:
dist: 1.8184383142027045 vs. 1.8184383142027045
--------
nle(id0,id1,dist): 122 149 3.3060340300552857
list:
dist: 3.3060340300552857 vs. 3.3060340300552857
--------
nle(id0,id1,dist): 122 147 3.4313532732742056
list:
dist: 3.4313532732742056 vs. 3.4313532732742056
--------
nle(id0,id1,dist): 122 148 3.6746857329799227
list:
dist: 3.6746857329799227 vs. 3.6746857329799227
--------
nle(id0,id1,dist): 122 145 2.8648825470386092
list:
dist: 2.8648825470386092 vs. 2.8648825470386092
--------
nle(id0,id1,dist): 122 146 2.7447501592033463
list:
dist: 2.7447501592033463 vs. 2.7447501592033463
--------
nle(id0,id1,dist): 122 144 1.1070239498045749
list:
dist: 1.1070239498045749 vs. 1.1070239498045749
--------
nle(id0,id1,dist): 124 126 1.7637645515342726
list:
dist: 1.7637645515342726 vs. 1.7637645515342726
--------
nle(id0,id1,dist): 124 125 2.469895259363548
list:
dist: 2.469895259363548 vs. 2.469895259363548
--------
nle(id0,id1,dist): 124 127 3.6353731914061806
list:
dist: 3.6353731914061806 vs. 3.6353731914061806
--------
nle(id0,id1,dist): 124 130 2.662618609509922
list:
dist: 2.662618609509922 vs. 2.662618609509922
--------
nle(id0,id1,dist): 124 132 1.51372286233113
list:
dist: 1.51372286233113 vs. 1.51372286233113
--------
nle(id0,id1,dist): 124 131 3.330201313172115
list:
dist: 3.330201313172115 vs. 3.330201313172115
--------
nle(id0,id1,dist): 123 138 3.140495411869318
list:
dist: 3.140495411869318 vs. 3.140495411869318
--------
nle(id0,id1,dist): 123 140 2.4326207727453486
list:
dist: 2.4326207727453486 vs. 2.4326207727453486
--------
nle(id0,id1,dist): 123 142 2.2134360939352167
list:
dist: 2.2134360939352167 vs. 2.2134360939352167
--------
nle(id0,id1,dist): 123 144 1.5864995640132418
list:
dist: 1.5864995640132418 vs. 1.5864995640132418
--------
nle(id0,id1,dist): 123 145 3.197500714655039
list:
dist: 3.197500714655039 vs. 3.197500714655039
--------
nle(id0,id1,dist): 123 146 3.2663949982276
list:
dist: 3.2663949982276 vs. 3.2663949982276
--------
nle(id0,id1,dist): 123 147 3.8792265375534214
list:
dist: 3.8792265375534214 vs. 3.8792265375534214
--------
nle(id0,id1,dist): 123 148 3.9331438415719995
list:
dist: 3.9331438415719995 vs. 3.9331438415719995
--------
nle(id0,id1,dist): 123 149 3.532543861687702
list:
dist: 3.532543861687702 vs. 3.532543861687702
--------
nle(id0,id1,dist): 125 127 1.3171841275496354
list:
dist: 1.3171841275496354 vs. 1.3171841275496354
--------
nle(id0,id1,dist): 125 126 2.4926251709910394
list:
dist: 2.4926251709910394 vs. 2.4926251709910394
--------
nle(id0,id1,dist): 124 134 3.460259321304368
list:
dist: 3.460259321304368 vs. 3.460259321304368
--------
nle(id0,id1,dist): 112 119 2.3418547191194845
list:
dist: 2.3418547191194845 vs. 2.3418547191194845
--------
nle(id0,id1,dist): 112 117 1.6387962629770443
list:
dist: 1.6387962629770443 vs. 1.6387962629770443
--------
nle(id0,id1,dist): 112 118 1.0428837900789183
list:
dist: 1.0428837900789183 vs. 1.0428837900789183
--------
nle(id0,id1,dist): 112 115 0.892491063576479
list:
dist: 0.892491063576479 vs. 0.892491063576479
--------
nle(id0,id1,dist): 112 116 2.2282212631067866
list:
dist: 2.2282212631067866 vs. 2.2282212631067866
--------
nle(id0,id1,dist): 112 113 1.111041211930153
list:
dist: 1.111041211930153 vs. 1.111041211930153
--------
nle(id0,id1,dist): 112 114 1.9089199593239776
list:
dist: 1.9089199593239776 vs. 1.9089199593239776
--------
nle(id0,id1,dist): 113 116 2.1263313695660115
list:
dist: 2.1263313695660115 vs. 2.1263313695660115
--------
nle(id0,id1,dist): 113 117 1.1284425021178435
list:
dist: 1.1284425021178435 vs. 1.1284425021178435
--------
nle(id0,id1,dist): 113 118 1.1986010342160396
list:
dist: 1.1986010342160396 vs. 1.1986010342160396
--------
nle(id0,id1,dist): 113 119 2.2883871945826915
list:
dist: 2.2883871945826915 vs. 2.2883871945826915
--------
nle(id0,id1,dist): 113 114 2.479078172493102
list:
dist: 2.479078172493102 vs. 2.479078172493102
--------
nle(id0,id1,dist): 113 115 1.4642364025027466
list:
dist: 1.4642364025027466 vs. 1.4642364025027466
--------
nle(id0,id1,dist): 114 117 2.9486239816267665
list:
dist: 2.9486239816267665 vs. 2.9486239816267665
--------
nle(id0,id1,dist): 114 118 1.3320061203994058
list:
dist: 1.3320061203994058 vs. 1.3320061203994058
--------
nle(id0,id1,dist): 114 115 1.2527353342916538
list:
dist: 1.2527353342916538 vs. 1.2527353342916538
--------
nle(id0,id1,dist): 114 116 2.4927577901771056
list:
dist: 2.4927577901771056 vs. 2.4927577901771056
--------
nle(id0,id1,dist): 114 119 1.3293563923162335
list:
dist: 1.3293563923162335 vs. 1.3293563923162335
--------
nle(id0,id1,dist): 115 118 0.5252872940468493
list:
dist: 0.5252872940468493 vs. 0.5252872940468493
--------
nle(id0,id1,dist): 115 119 1.6342075277818409
list:
dist: 1.6342075277818409 vs. 1.6342075277818409
--------
nle(id0,id1,dist): 115 116 1.6647530626549383
list:
dist: 1.6647530626549383 vs. 1.6647530626549383
--------
nle(id0,id1,dist): 115 117 1.749043105332734
list:
dist: 1.749043105332734 vs. 1.749043105332734
--------
nle(id0,id1,dist): 116 117 1.4855461890053443
list:
dist: 1.4855461890053443 vs. 1.4855461890053443
--------
nle(id0,id1,dist): 116 118 1.7066339659135012
list:
dist: 1.7066339659135012 vs. 1.7066339659135012
--------
nle(id0,id1,dist): 116 119 2.1099974382638105
list:
dist: 2.1099974382638105 vs. 2.1099974382638105
--------
nle(id0,id1,dist): 117 118 1.6864062752627782
list:
dist: 1.6864062752627782 vs. 1.6864062752627782
--------
nle(id0,id1,dist): 117 119 2.6896084170225816
list:
dist: 2.6896084170225816 vs. 2.6896084170225816
--------
nle(id0,id1,dist): 118 119 1.3208508963347159
list:
dist: 1.3208508963347159 vs. 1.3208508963347159
--------
nle(id0,id1,dist): 106 113 2.7489030723287406
list:
dist: 2.7489030723287406 vs. 2.7489030723287406
--------
nle(id0,id1,dist): 106 114 4.976086887171604
list:
dist: 4.976086887171604 vs. 4.976086887171604
--------
nle(id0,id1,dist): 106 111 5.066380246049813
list:
dist: 5.066380246049813 vs. 5.066380246049813
--------
nle(id0,id1,dist): 106 112 3.183906356035589
list:
dist: 3.183906356035589 vs. 3.183906356035589
--------
nle(id0,id1,dist): 106 117 3.100073594401701
list:
dist: 3.100073594401701 vs. 3.100073594401701
--------
nle(id0,id1,dist): 106 118 3.8681950708335058
list:
dist: 3.8681950708335058 vs. 3.8681950708335058
--------
nle(id0,id1,dist): 106 115 3.9808486569915273
list:
dist: 3.9808486569915273 vs. 3.9808486569915273
--------
nle(id0,id1,dist): 106 110 1.9473735087043802
list:
dist: 1.9473735087043802 vs. 1.9473735087043802
--------
nle(id0,id1,dist): 106 109 4.155686878978861
list:
dist: 4.155686878978861 vs. 4.155686878978861
--------
nle(id0,id1,dist): 106 108 1.4763898148965446
list:
dist: 1.4763898148965446 vs. 1.4763898148965446
--------
nle(id0,id1,dist): 106 107 2.6475101788130506
list:
dist: 2.6475101788130506 vs. 2.6475101788130506
--------
nle(id0,id1,dist): 105 116 4.052000458838683
list:
dist: 4.052000458838683 vs. 4.052000458838683
--------
nle(id0,id1,dist): 105 117 2.8396322752849557
list:
dist: 2.8396322752849557 vs. 2.8396322752849557
--------
nle(id0,id1,dist): 105 109 3.4336136515151616
list:
dist: 3.4336136515151616 vs. 3.4336136515151616
--------
nle(id0,id1,dist): 105 108 2.9928404133901965
list:
dist: 2.9928404133901965 vs. 2.9928404133901965
--------
nle(id0,id1,dist): 105 110 3.1869787582601976
list:
dist: 3.1869787582601976 vs. 3.1869787582601976
--------
nle(id0,id1,dist): 105 113 3.47121826358878
list:
dist: 3.47121826358878 vs. 3.47121826358878
--------
nle(id0,id1,dist): 105 107 3.1174873972338912
list:
dist: 3.1174873972338912 vs. 3.1174873972338912
--------
nle(id0,id1,dist): 105 106 2.711726529234102
list:
dist: 2.711726529234102 vs. 2.711726529234102
--------
nle(id0,id1,dist): 108 115 2.5792236368858172
list:
dist: 2.5792236368858172 vs. 2.5792236368858172
--------
nle(id0,id1,dist): 108 116 3.282755111003408
list:
dist: 3.282755111003408 vs. 3.282755111003408
--------
nle(id0,id1,dist): 108 113 1.2956489973023693
list:
dist: 1.2956489973023693 vs. 1.2956489973023693
--------
nle(id0,id1,dist): 108 114 3.5549705277417813
list:
dist: 3.5549705277417813 vs. 3.5549705277417813
--------
nle(id0,id1,dist): 108 112 1.8573738609891606
list:
dist: 1.8573738609891606 vs. 1.8573738609891606
--------
nle(id0,id1,dist): 108 109 3.04908278354104
list:
dist: 3.04908278354104 vs. 3.04908278354104
--------
nle(id0,id1,dist): 108 110 0.743562556473635
list:
dist: 0.743562556473635 vs. 0.743562556473635
--------
nle(id0,id1,dist): 107 118 1.7566661929991385
list:
dist: 1.7566661929991385 vs. 1.7566661929991385
--------
nle(id0,id1,dist): 107 119 2.6117227805131296
list:
dist: 2.6117227805131296 vs. 2.6117227805131296
--------
nle(id0,id1,dist): 107 114 3.070600693825858
list:
dist: 3.070600693825858 vs. 3.070600693825858
--------
nle(id0,id1,dist): 107 115 2.07172587851539
list:
dist: 2.07172587851539 vs. 2.07172587851539
--------
nle(id0,id1,dist): 107 116 2.249971281269174
list:
dist: 2.249971281269174 vs. 2.249971281269174
--------
nle(id0,id1,dist): 107 117 1.1044473214018349
list:
dist: 1.1044473214018349 vs. 1.1044473214018349
--------
nle(id0,id1,dist): 107 110 1.5313882685664968
list:
dist: 1.5313882685664968 vs. 1.5313882685664968
--------
nle(id0,id1,dist): 107 112 1.8122687615211455
list:
dist: 1.8122687615211455 vs. 1.8122687615211455
--------
nle(id0,id1,dist): 107 113 0.7220686313681223
list:
dist: 0.7220686313681223 vs. 0.7220686313681223
--------
nle(id0,id1,dist): 107 108 1.3534437901670036
list:
dist: 1.3534437901670036 vs. 1.3534437901670036
--------
nle(id0,id1,dist): 107 109 2.321438856618436
list:
dist: 2.321438856618436 vs. 2.321438856618436
--------
nle(id0,id1,dist): 109 114 2.9003574139282007
list:
dist: 2.9003574139282007 vs. 2.9003574139282007
--------
nle(id0,id1,dist): 109 115 1.8269534119826432
list:
dist: 1.8269534119826432 vs. 1.8269534119826432
--------
nle(id0,id1,dist): 109 112 2.0786594973920565
list:
dist: 2.0786594973920565 vs. 2.0786594973920565
--------
nle(id0,id1,dist): 109 113 2.154873928613629
list:
dist: 2.154873928613629 vs. 2.154873928613629
--------
nle(id0,id1,dist): 109 118 2.0352266692308074
list:
dist: 2.0352266692308074 vs. 2.0352266692308074
--------
nle(id0,id1,dist): 109 119 2.8552672697157604
list:
dist: 2.8552672697157604 vs. 2.8552672697157604
--------
nle(id0,id1,dist): 109 116 0.9631832344699044
list:
dist: 0.9631832344699044 vs. 0.9631832344699044
--------
nle(id0,id1,dist): 109 117 1.2589542940965974
list:
dist: 1.2589542940965974 vs. 1.2589542940965974
--------
nle(id0,id1,dist): 109 110 2.640460582537156
list:
dist: 2.640460582537156 vs. 2.640460582537156
--------
nle(id0,id1,dist): 108 117 1.9266443689273678
list:
dist: 1.9266443689273678 vs. 1.9266443689273678
--------
nle(id0,id1,dist): 108 118 2.4103263895883105
list:
dist: 2.4103263895883105 vs. 2.4103263895883105
--------
nle(id0,id1,dist): 108 119 3.516681961232694
list:
dist: 3.516681961232694 vs. 3.516681961232694
--------
nle(id0,id1,dist): 110 112 1.236580450871601
list:
dist: 1.236580450871601 vs. 1.236580450871601
--------
nle(id0,id1,dist): 110 113 1.1376422970533344
list:
dist: 1.1376422970533344 vs. 1.1376422970533344
--------
nle(id0,id1,dist): 110 114 3.0717784729711632
list:
dist: 3.0717784729711632 vs. 3.0717784729711632
--------
nle(id0,id1,dist): 110 119 3.2618381791199886
list:
dist: 3.2618381791199886 vs. 3.2618381791199886
--------
nle(id0,id1,dist): 110 115 2.05933620815007
list:
dist: 2.05933620815007 vs. 2.05933620815007
--------
nle(id0,id1,dist): 110 116 2.9589968967961826
list:
dist: 2.9589968967961826 vs. 2.9589968967961826
--------
nle(id0,id1,dist): 110 117 1.7301467971430362
list:
dist: 1.7301467971430362 vs. 1.7301467971430362
--------
nle(id0,id1,dist): 110 118 2.01945676983403
list:
dist: 2.01945676983403 vs. 2.01945676983403
--------
nle(id0,id1,dist): 99 107 1.3065954655001566
list:
dist: 1.3065954655001566 vs. 1.3065954655001566
--------
nle(id0,id1,dist): 99 106 2.192174981896945
list:
dist: 2.192174981896945 vs. 2.192174981896945
--------
nle(id0,id1,dist): 99 109 2.067421261643109
list:
dist: 2.067421261643109 vs. 2.067421261643109
--------
nle(id0,id1,dist): 99 108 1.4191383955859547
list:
dist: 1.4191383955859547 vs. 1.4191383955859547
--------
nle(id0,id1,dist): 99 110 1.4423453047745158
list:
dist: 1.4423453047745158 vs. 1.4423453047745158
--------
nle(id0,id1,dist): 99 113 1.498567754238901
list:
dist: 1.498567754238901 vs. 1.498567754238901
--------
nle(id0,id1,dist): 99 112 2.0614795320828176
list:
dist: 2.0614795320828176 vs. 2.0614795320828176
--------
nle(id0,id1,dist): 99 101 1.8196527077899864
list:
dist: 1.8196527077899864 vs. 1.8196527077899864
--------
nle(id0,id1,dist): 99 100 3.4289917273346835
list:
dist: 3.4289917273346835 vs. 3.4289917273346835
--------
nle(id0,id1,dist): 99 103 0.70267472713053
list:
dist: 0.70267472713053 vs. 0.70267472713053
--------
nle(id0,id1,dist): 99 102 1.3460451739747261
list:
dist: 1.3460451739747261 vs. 1.3460451739747261
--------
nle(id0,id1,dist): 99 105 1.9880153409512287
list:
dist: 1.9880153409512287 vs. 1.9880153409512287
--------
nle(id0,id1,dist): 99 104 1.2294279053414658
list:
dist: 1.2294279053414658 vs. 1.2294279053414658
--------
nle(id0,id1,dist): 99 114 3.752352380170741
list:
dist: 3.752352380170741 vs. 3.752352380170741
--------
nle(id0,id1,dist): 99 115 2.5361778834175346
list:
dist: 2.5361778834175346 vs. 2.5361778834175346
--------
nle(id0,id1,dist): 99 116 2.5169328960563977
list:
dist: 2.5169328960563977 vs. 2.5169328960563977
--------
nle(id0,id1,dist): 99 117 1.0536365558835432
list:
dist: 1.0536365558835432 vs. 1.0536365558835432
--------
nle(id0,id1,dist): 99 118 2.480567504770585
list:
dist: 2.480567504770585 vs. 2.480567504770585
--------
nle(id0,id1,dist): 99 119 3.5945723237768394
list:
dist: 3.5945723237768394 vs. 3.5945723237768394
--------
nle(id0,id1,dist): 98 114 4.100830913321441
list:
dist: 4.100830913321441 vs. 4.100830913321441
--------
nle(id0,id1,dist): 98 113 2.5695674974722484
list:
dist: 2.5695674974722484 vs. 2.5695674974722484
--------
nle(id0,id1,dist): 98 112 2.328470465581558
list:
dist: 2.328470465581558 vs. 2.328470465581558
--------
nle(id0,id1,dist): 98 111 3.711728962874653
list:
dist: 3.711728962874653 vs. 3.711728962874653
--------
nle(id0,id1,dist): 98 118 3.301412093821455
list:
dist: 3.301412093821455 vs. 3.301412093821455
--------
nle(id0,id1,dist): 98 117 2.9968383696925116
list:
dist: 2.9968383696925116 vs. 2.9968383696925116
--------
nle(id0,id1,dist): 98 115 3.217278881840202
list:
dist: 3.217278881840202 vs. 3.217278881840202
--------
nle(id0,id1,dist): 98 106 1.7311942692304683
list:
dist: 1.7311942692304683 vs. 1.7311942692304683
--------
nle(id0,id1,dist): 98 105 3.475633045965908
list:
dist: 3.475633045965908 vs. 3.475633045965908
--------
nle(id0,id1,dist): 98 104 2.326775847802392
list:
dist: 2.326775847802392 vs. 2.326775847802392
--------
nle(id0,id1,dist): 98 103 1.7392141722646992
list:
dist: 1.7392141722646992 vs. 1.7392141722646992
--------
nle(id0,id1,dist): 98 110 1.4335068337062749
list:
dist: 1.4335068337062749 vs. 1.4335068337062749
--------
nle(id0,id1,dist): 98 109 3.697525724843602
list:
dist: 3.697525724843602 vs. 3.697525724843602
--------
nle(id0,id1,dist): 98 108 1.7060852983651047
list:
dist: 1.7060852983651047 vs. 1.7060852983651047
--------
nle(id0,id1,dist): 98 107 2.90658559661409
list:
dist: 2.90658559661409 vs. 2.90658559661409
--------
nle(id0,id1,dist): 101 103 1.7280721935035004
list:
dist: 1.7280721935035004 vs. 1.7280721935035004
--------
nle(id0,id1,dist): 101 102 2.0719104672383173
list:
dist: 2.0719104672383173 vs. 2.0719104672383173
--------
nle(id0,id1,dist): 101 116 4.246946512327914
list:
dist: 4.246946512327914 vs. 4.246946512327914
--------
nle(id0,id1,dist): 101 117 2.7868005018003186
list:
dist: 2.7868005018003186 vs. 2.7868005018003186
--------
nle(id0,id1,dist): 101 113 2.778829133090787
list:
dist: 2.778829133090787 vs. 2.778829133090787
--------
nle(id0,id1,dist): 101 108 1.8248886813134684
list:
dist: 1.8248886813134684 vs. 1.8248886813134684
--------
nle(id0,id1,dist): 101 109 3.874792263307498
list:
dist: 3.874792263307498 vs. 3.874792263307498
--------
nle(id0,id1,dist): 101 110 2.38122231032874
list:
dist: 2.38122231032874 vs. 2.38122231032874
--------
nle(id0,id1,dist): 101 104 1.2821063165949356
list:
dist: 1.2821063165949356 vs. 1.2821063165949356
--------
nle(id0,id1,dist): 101 105 1.8425709485257877
list:
dist: 1.8425709485257877 vs. 1.8425709485257877
--------
nle(id0,id1,dist): 101 106 1.2374029759117207
list:
dist: 1.2374029759117207 vs. 1.2374029759117207
--------
nle(id0,id1,dist): 101 107 2.3885261520165284
list:
dist: 2.3885261520165284 vs. 2.3885261520165284
--------
nle(id0,id1,dist): 100 108 3.5480811176697413
list:
dist: 3.5480811176697413 vs. 3.5480811176697413
--------
nle(id0,id1,dist): 100 107 3.9551440290880153
list:
dist: 3.9551440290880153 vs. 3.9551440290880153
--------
nle(id0,id1,dist): 100 106 2.629650195587698
list:
dist: 2.629650195587698 vs. 2.629650195587698
--------
nle(id0,id1,dist): 100 105 2.4638981607664188
list:
dist: 2.4638981607664188 vs. 2.4638981607664188
--------
nle(id0,id1,dist): 100 104 2.9431368379578737
list:
dist: 2.9431368379578737 vs. 2.9431368379578737
--------
nle(id0,id1,dist): 100 103 3.4655713570773408
list:
dist: 3.4655713570773408 vs. 3.4655713570773408
--------
nle(id0,id1,dist): 100 101 1.758892682017555
list:
dist: 1.758892682017555 vs. 1.758892682017555
--------
nle(id0,id1,dist): 100 110 4.137685700949079
list:
dist: 4.137685700949079 vs. 4.137685700949079
--------
nle(id0,id1,dist): 102 116 3.229848202072193
list:
dist: 3.229848202072193 vs. 3.229848202072193
--------
nle(id0,id1,dist): 102 117 2.068819082124091
list:
dist: 2.068819082124091 vs. 2.068819082124091
--------
nle(id0,id1,dist): 103 105 2.3214146551989536
list:
dist: 2.3214146551989536 vs. 2.3214146551989536
--------
nle(id0,id1,dist): 103 104 1.035982036802642
list:
dist: 1.035982036802642 vs. 1.035982036802642
--------
nle(id0,id1,dist): 103 107 1.4428052365381498
list:
dist: 1.4428052365381498 vs. 1.4428052365381498
--------
nle(id0,id1,dist): 103 106 1.6854885312785826
list:
dist: 1.6854885312785826 vs. 1.6854885312785826
--------
nle(id0,id1,dist): 103 109 2.474111724097143
list:
dist: 2.474111724097143 vs. 2.474111724097143
--------
nle(id0,id1,dist): 103 108 0.8799895858771712
list:
dist: 0.8799895858771712 vs. 0.8799895858771712
--------
nle(id0,id1,dist): 102 106 2.7248848390670735
list:
dist: 2.7248848390670735 vs. 2.7248848390670735
--------
nle(id0,id1,dist): 102 105 0.920564054014461
list:
dist: 0.920564054014461 vs. 0.920564054014461
--------
nle(id0,id1,dist): 102 104 2.28256421966883
list:
dist: 2.28256421966883 vs. 2.28256421966883
--------
nle(id0,id1,dist): 102 103 1.7812084034914708
list:
dist: 1.7812084034914708 vs. 1.7812084034914708
--------
nle(id0,id1,dist): 102 110 2.60810171644992
list:
dist: 2.60810171644992 vs. 2.60810171644992
--------
nle(id0,id1,dist): 102 109 2.5444541744580964
list:
dist: 2.5444541744580964 vs. 2.5444541744580964
--------
nle(id0,id1,dist): 102 108 2.591722708725653
list:
dist: 2.591722708725653 vs. 2.591722708725653
--------
nle(id0,id1,dist): 102 107 2.58364226235274
list:
dist: 2.58364226235274 vs. 2.58364226235274
--------
nle(id0,id1,dist): 102 113 2.8244881630322656
list:
dist: 2.8244881630322656 vs. 2.8244881630322656
--------
nle(id0,id1,dist): 104 109 3.1084535292727415
list:
dist: 3.1084535292727415 vs. 3.1084535292727415
--------
nle(id0,id1,dist): 104 110 1.4189586990713978
list:
dist: 1.4189586990713978 vs. 1.4189586990713978
--------
nle(id0,id1,dist): 104 112 2.400194326270898
list:
dist: 2.400194326270898 vs. 2.400194326270898
--------
nle(id0,id1,dist): 104 105 2.540671170104874
list:
dist: 2.540671170104874 vs. 2.540671170104874
--------
nle(id0,id1,dist): 104 106 1.506781481672217
list:
dist: 1.506781481672217 vs. 1.506781481672217
--------
nle(id0,id1,dist): 104 107 1.2087143713578945
list:
dist: 1.2087143713578945 vs. 1.2087143713578945
--------
nle(id0,id1,dist): 104 108 0.7868722277148374
list:
dist: 0.7868722277148374 vs. 0.7868722277148374
--------
nle(id0,id1,dist): 104 117 1.8859519939584102
list:
dist: 1.8859519939584102 vs. 1.8859519939584102
--------
nle(id0,id1,dist): 104 118 2.7553620170002104
list:
dist: 2.7553620170002104 vs. 2.7553620170002104
--------
nle(id0,id1,dist): 104 119 3.742004846961058
list:
dist: 3.742004846961058 vs. 3.742004846961058
--------
nle(id0,id1,dist): 104 113 1.5568911823838893
list:
dist: 1.5568911823838893 vs. 1.5568911823838893
--------
nle(id0,id1,dist): 104 114 4.014260190984802
list:
dist: 4.014260190984802 vs. 4.014260190984802
--------
nle(id0,id1,dist): 104 115 2.9815685084554784
list:
dist: 2.9815685084554784 vs. 2.9815685084554784
--------
nle(id0,id1,dist): 104 116 3.3056389831620683
list:
dist: 3.3056389831620683 vs. 3.3056389831620683
--------
nle(id0,id1,dist): 103 116 2.9195162343076375
list:
dist: 2.9195162343076375 vs. 2.9195162343076375
--------
nle(id0,id1,dist): 103 117 1.4749245633320842
list:
dist: 1.4749245633320842 vs. 1.4749245633320842
--------
nle(id0,id1,dist): 103 114 3.670484395486894
list:
dist: 3.670484395486894 vs. 3.670484395486894
--------
nle(id0,id1,dist): 103 115 2.513851914725508
list:
dist: 2.513851914725508 vs. 2.513851914725508
--------
nle(id0,id1,dist): 103 112 1.8325644457835617
list:
dist: 1.8325644457835617 vs. 1.8325644457835617
--------
nle(id0,id1,dist): 103 113 1.4230775342740576
list:
dist: 1.4230775342740576 vs. 1.4230775342740576
--------
nle(id0,id1,dist): 103 110 0.8721436305428453
list:
dist: 0.8721436305428453 vs. 0.8721436305428453
--------
nle(id0,id1,dist): 103 118 2.4705353096183833
list:
dist: 2.4705353096183833 vs. 2.4705353096183833
--------
nle(id0,id1,dist): 103 119 3.677556991040107
list:
dist: 3.677556991040107 vs. 3.677556991040107
--------
nle(id0,id1,dist): 147 149 2.036331411436292
list:
dist: 2.036331411436292 vs. 2.036331411436292
--------
nle(id0,id1,dist): 147 148 1.723667645485422
list:
dist: 1.723667645485422 vs. 1.723667645485422
--------
nle(id0,id1,dist): 148 149 0.6169982789071946
list:
dist: 0.6169982789071946 vs. 0.6169982789071946
--------
nle(id0,id1,dist): 146 147 1.1551183745488431
list:
dist: 1.1551183745488431 vs. 1.1551183745488431
--------
nle(id0,id1,dist): 146 148 1.9718397231680647
list:
dist: 1.9718397231680647 vs. 1.9718397231680647
--------
nle(id0,id1,dist): 146 149 1.9467600291897702
list:
dist: 1.9467600291897702 vs. 1.9467600291897702
--------
nle(id0,id1,dist): 144 148 3.3268143165479325
list:
dist: 3.3268143165479325 vs. 3.3268143165479325
--------
nle(id0,id1,dist): 144 147 2.6483599888635982
list:
dist: 2.6483599888635982 vs. 2.6483599888635982
--------
nle(id0,id1,dist): 144 146 2.191786928618678
list:
dist: 2.191786928618678 vs. 2.191786928618678
--------
nle(id0,id1,dist): 144 145 1.8296310108985856
list:
dist: 1.8296310108985856 vs. 1.8296310108985856
--------
nle(id0,id1,dist): 144 149 3.132105773056222
list:
dist: 3.132105773056222 vs. 3.132105773056222
--------
nle(id0,id1,dist): 145 149 3.197758661653819
list:
dist: 3.197758661653819 vs. 3.197758661653819
--------
nle(id0,id1,dist): 145 148 3.0483200324933586
list:
dist: 3.0483200324933586 vs. 3.0483200324933586
--------
nle(id0,id1,dist): 145 147 1.9399574276257607
list:
dist: 1.9399574276257607 vs. 1.9399574276257607
--------
nle(id0,id1,dist): 145 146 2.3826367629369383
list:
dist: 2.3826367629369383 vs. 2.3826367629369383
--------
nle(id0,id1,dist): 142 149 2.4255324917149967
list:
dist: 2.4255324917149967 vs. 2.4255324917149967
--------
nle(id0,id1,dist): 142 147 2.052127881252595
list:
dist: 2.052127881252595 vs. 2.052127881252595
--------
nle(id0,id1,dist): 142 148 2.488609705000616
list:
dist: 2.488609705000616 vs. 2.488609705000616
--------
nle(id0,id1,dist): 142 145 1.2305050873578673
list:
dist: 1.2305050873578673 vs. 1.2305050873578673
--------
nle(id0,id1,dist): 142 146 2.095033684219381
list:
dist: 2.095033684219381 vs. 2.095033684219381
--------
nle(id0,id1,dist): 142 144 1.2624085257196722
list:
dist: 1.2624085257196722 vs. 1.2624085257196722
--------
nle(id0,id1,dist): 143 146 2.4961619395683226
list:
dist: 2.4961619395683226 vs. 2.4961619395683226
--------
nle(id0,id1,dist): 143 147 3.497695016521051
list:
dist: 3.497695016521051 vs. 3.497695016521051
--------
nle(id0,id1,dist): 143 148 3.0280738241774134
list:
dist: 3.0280738241774134 vs. 3.0280738241774134
--------
nle(id0,id1,dist): 143 149 2.5479115291454506
list:
dist: 2.5479115291454506 vs. 2.5479115291454506
--------
nle(id0,id1,dist): 139 143 1.3432125420559506
list:
dist: 1.3432125420559506 vs. 1.3432125420559506
--------
nle(id0,id1,dist): 140 145 1.9893272733384126
list:
dist: 1.9893272733384126 vs. 1.9893272733384126
--------
nle(id0,id1,dist): 140 146 1.859464318072486
list:
dist: 1.859464318072486 vs. 1.859464318072486
--------
nle(id0,id1,dist): 140 147 2.432555248956491
list:
dist: 2.432555248956491 vs. 2.432555248956491
--------
nle(id0,id1,dist): 140 142 1.9077391174141165
list:
dist: 1.9077391174141165 vs. 1.9077391174141165
--------
nle(id0,id1,dist): 140 143 3.4585803961472767
list:
dist: 3.4585803961472767 vs. 3.4585803961472767
--------
nle(id0,id1,dist): 140 144 1.0162165138100612
list:
dist: 1.0162165138100612 vs. 1.0162165138100612
--------
nle(id0,id1,dist): 138 142 1.3867394399116424
list:
dist: 1.3867394399116424 vs. 1.3867394399116424
--------
nle(id0,id1,dist): 138 140 2.427950208446711
list:
dist: 2.427950208446711 vs. 2.427950208446711
--------
nle(id0,id1,dist): 138 149 1.3186662376132114
list:
dist: 1.3186662376132114 vs. 1.3186662376132114
--------
nle(id0,id1,dist): 138 148 1.203839622768647
list:
dist: 1.203839622768647 vs. 1.203839622768647
--------
nle(id0,id1,dist): 138 147 1.0637270797885139
list:
dist: 1.0637270797885139 vs. 1.0637270797885139
--------
nle(id0,id1,dist): 138 146 1.3358166773900715
list:
dist: 1.3358166773900715 vs. 1.3358166773900715
--------
nle(id0,id1,dist): 138 145 1.899376618163088
list:
dist: 1.899376618163088 vs. 1.899376618163088
--------
nle(id0,id1,dist): 138 144 2.2347792068135
list:
dist: 2.2347792068135 vs. 2.2347792068135
--------
nle(id0,id1,dist): 138 143 3.1378750844093175
list:
dist: 3.1378750844093175 vs. 3.1378750844093175
--------
nle(id0,id1,dist): 137 144 1.9957813446853772
list:
dist: 1.9957813446853772 vs. 1.9957813446853772
--------
nle(id0,id1,dist): 137 145 1.0915667942644438
list:
dist: 1.0915667942644438 vs. 1.0915667942644438
--------
nle(id0,id1,dist): 137 146 1.8974272042999385
list:
dist: 1.8974272042999385 vs. 1.8974272042999385
--------
nle(id0,id1,dist): 137 147 1.6055232323171955
list:
dist: 1.6055232323171955 vs. 1.6055232323171955
--------
nle(id0,id1,dist): 137 140 1.5713861375281206
list:
dist: 1.5713861375281206 vs. 1.5713861375281206
--------
nle(id0,id1,dist): 137 142 1.8838780583846213
list:
dist: 1.8838780583846213 vs. 1.8838780583846213
--------
nle(id0,id1,dist): 137 138 2.057495419545134
list:
dist: 2.057495419545134 vs. 2.057495419545134
--------
nle(id0,id1,dist): 137 149 3.3180931866835857
list:
dist: 3.3180931866835857 vs. 3.3180931866835857
--------
nle(id0,id1,dist): 137 148 3.152482082729835
list:
dist: 3.152482082729835 vs. 3.152482082729835
--------
nle(id0,id1,dist): 136 147 1.366028703762293
list:
dist: 1.366028703762293 vs. 1.366028703762293
--------
nle(id0,id1,dist): 136 148 2.1923141712705867
list:
dist: 2.1923141712705867 vs. 2.1923141712705867
--------
nle(id0,id1,dist): 136 145 0.8734856579958417
list:
dist: 0.8734856579958417 vs. 0.8734856579958417
--------
nle(id0,id1,dist): 136 146 1.79991922092996
list:
dist: 1.79991922092996 vs. 1.79991922092996
--------
nle(id0,id1,dist): 136 149 2.325567575465651
list:
dist: 2.325567575465651 vs. 2.325567575465651
--------
nle(id0,id1,dist): 136 140 2.0336935770044406
list:
dist: 2.0336935770044406 vs. 2.0336935770044406
--------
nle(id0,id1,dist): 136 137 1.3814184415010589
list:
dist: 1.3814184415010589 vs. 1.3814184415010589
--------
nle(id0,id1,dist): 136 138 1.0364007853361776
list:
dist: 1.0364007853361776 vs. 1.0364007853361776
--------
nle(id0,id1,dist): 136 143 3.885583115624286
list:
dist: 3.885583115624286 vs. 3.885583115624286
--------
nle(id0,id1,dist): 136 144 1.7864061056799048
list:
dist: 1.7864061056799048 vs. 1.7864061056799048
--------
nle(id0,id1,dist): 136 142 0.8312152860337918
list:
dist: 0.8312152860337918 vs. 0.8312152860337918
--------
nle(id0,id1,dist): 135 142 2.2706785636816114
list:
dist: 2.2706785636816114 vs. 2.2706785636816114
--------
nle(id0,id1,dist): 135 144 2.9854948612507375
list:
dist: 2.9854948612507375 vs. 2.9854948612507375
--------
nle(id0,id1,dist): 135 145 1.1714902049313987
list:
dist: 1.1714902049313987 vs. 1.1714902049313987
--------
nle(id0,id1,dist): 135 146 3.262354706041461
list:
dist: 3.262354706041461 vs. 3.262354706041461
--------
nle(id0,id1,dist): 135 147 2.471915888253288
list:
dist: 2.471915888253288 vs. 2.471915888253288
--------
nle(id0,id1,dist): 135 148 3.613947944534981
list:
dist: 3.613947944534981 vs. 3.613947944534981
--------
nle(id0,id1,dist): 135 149 3.9177976176461358
list:
dist: 3.9177976176461358 vs. 3.9177976176461358
--------
nle(id0,id1,dist): 134 149 1.6299251500123129
list:
dist: 1.6299251500123129 vs. 1.6299251500123129
--------
nle(id0,id1,dist): 134 148 2.18320604505526
list:
dist: 2.18320604505526 vs. 2.18320604505526
--------
nle(id0,id1,dist): 134 147 2.8920550817239796
list:
dist: 2.8920550817239796 vs. 2.8920550817239796
--------
nle(id0,id1,dist): 135 140 3.058515760888893
list:
dist: 3.058515760888893 vs. 3.058515760888893
--------
nle(id0,id1,dist): 135 138 2.658811475472652
list:
dist: 2.658811475472652 vs. 2.658811475472652
--------
nle(id0,id1,dist): 135 136 1.75841398738153
list:
dist: 1.75841398738153 vs. 1.75841398738153
--------
nle(id0,id1,dist): 135 137 1.757864268030714
list:
dist: 1.757864268030714 vs. 1.757864268030714
--------
nle(id0,id1,dist): 134 136 3.0863848064221435
list:
dist: 3.0863848064221435 vs. 3.0863848064221435
--------
nle(id0,id1,dist): 134 138 2.2907746834059948
list:
dist: 2.2907746834059948 vs. 2.2907746834059948
--------
nle(id0,id1,dist): 134 143 1.0587244465991874
list:
dist: 1.0587244465991874 vs. 1.0587244465991874
--------
nle(id0,id1,dist): 134 144 2.935956777946754
list:
dist: 2.935956777946754 vs. 2.935956777946754
--------
nle(id0,id1,dist): 134 145 3.837775218430954
list:
dist: 3.837775218430954 vs. 3.837775218430954
--------
nle(id0,id1,dist): 134 146 2.068412071437141
list:
dist: 2.068412071437141 vs. 2.068412071437141
--------
nle(id0,id1,dist): 134 139 1.0732280801717717
list:
dist: 1.0732280801717717 vs. 1.0732280801717717
--------
nle(id0,id1,dist): 134 140 3.1171275818404127
list:
dist: 3.1171275818404127 vs. 3.1171275818404127
--------
nle(id0,id1,dist): 134 142 2.890881557117219
list:
dist: 2.890881557117219 vs. 2.890881557117219
--------
nle(id0,id1,dist): 133 135 3.8439697934247277
list:
dist: 3.8439697934247277 vs. 3.8439697934247277
--------
nle(id0,id1,dist): 133 134 3.2495115470928124
list:
dist: 3.2495115470928124 vs. 3.2495115470928124
--------
nle(id0,id1,dist): 133 138 3.1103438475882044
list:
dist: 3.1103438475882044 vs. 3.1103438475882044
--------
nle(id0,id1,dist): 133 136 2.7726773197689547
list:
dist: 2.7726773197689547 vs. 2.7726773197689547
--------
nle(id0,id1,dist): 133 137 2.5680921097600824
list:
dist: 2.5680921097600824 vs. 2.5680921097600824
--------
nle(id0,id1,dist): 133 142 2.3459609156037886
list:
dist: 2.3459609156037886 vs. 2.3459609156037886
--------
nle(id0,id1,dist): 133 140 1.048931326392463
list:
dist: 1.048931326392463 vs. 1.048931326392463
--------
nle(id0,id1,dist): 133 146 2.630317027235743
list:
dist: 2.630317027235743 vs. 2.630317027235743
--------
nle(id0,id1,dist): 133 147 3.3537130791567695
list:
dist: 3.3537130791567695 vs. 3.3537130791567695
--------
nle(id0,id1,dist): 133 144 1.0929310399288488
list:
dist: 1.0929310399288488 vs. 1.0929310399288488
--------
nle(id0,id1,dist): 133 145 2.734845677902413
list:
dist: 2.734845677902413 vs. 2.734845677902413
--------
nle(id0,id1,dist): 132 134 2.336141835939924
list:
dist: 2.336141835939924 vs. 2.336141835939924
--------
nle(id0,id1,dist): 132 133 1.5120940857020344
list:
dist: 1.5120940857020344 vs. 1.5120940857020344
--------
nle(id0,id1,dist): 132 136 3.2929930091880415
list:
dist: 3.2929930091880415 vs. 3.2929930091880415
--------
nle(id0,id1,dist): 132 138 3.204507250050557
list:
dist: 3.204507250050557 vs. 3.204507250050557
--------
nle(id0,id1,dist): 132 140 2.1703722993000167
list:
dist: 2.1703722993000167 vs. 2.1703722993000167
--------
nle(id0,id1,dist): 132 139 2.685719376738608
list:
dist: 2.685719376738608 vs. 2.685719376738608
--------
nle(id0,id1,dist): 132 142 2.729223707406804
list:
dist: 2.729223707406804 vs. 2.729223707406804
--------
nle(id0,id1,dist): 132 143 2.5254204246893606
list:
dist: 2.5254204246893606 vs. 2.5254204246893606
--------
nle(id0,id1,dist): 132 144 1.8465949704626223
list:
dist: 1.8465949704626223 vs. 1.8465949704626223
--------
nle(id0,id1,dist): 132 145 3.6057065378675333
list:
dist: 3.6057065378675333 vs. 3.6057065378675333
--------
nle(id0,id1,dist): 132 146 2.8094687599635297
list:
dist: 2.8094687599635297 vs. 2.8094687599635297
--------
nle(id0,id1,dist): 132 147 3.7438742833156664
list:
dist: 3.7438742833156664 vs. 3.7438742833156664
--------
nle(id0,id1,dist): 131 147 2.0581217365256177
list:
dist: 2.0581217365256177 vs. 2.0581217365256177
--------
nle(id0,id1,dist): 131 146 1.2166188723971185
list:
dist: 1.2166188723971185 vs. 1.2166188723971185
--------
nle(id0,id1,dist): 131 149 1.6956383845297325
list:
dist: 1.6956383845297325 vs. 1.6956383845297325
--------
nle(id0,id1,dist): 131 148 2.0573948434615805
list:
dist: 2.0573948434615805 vs. 2.0573948434615805
--------
nle(id0,id1,dist): 131 142 1.7880496327376971
list:
dist: 1.7880496327376971 vs. 1.7880496327376971
--------
nle(id0,id1,dist): 131 143 1.954561645145709
list:
dist: 1.954561645145709 vs. 1.954561645145709
--------
nle(id0,id1,dist): 131 144 1.7621255937077795
list:
dist: 1.7621255937077795 vs. 1.7621255937077795
--------
nle(id0,id1,dist): 131 145 2.649057041301932
list:
dist: 2.649057041301932 vs. 2.649057041301932
--------
nle(id0,id1,dist): 131 138 1.4798948167683812
list:
dist: 1.4798948167683812 vs. 1.4798948167683812
--------
nle(id0,id1,dist): 131 139 2.2192041002887573
list:
dist: 2.2192041002887573 vs. 2.2192041002887573
--------
nle(id0,id1,dist): 131 140 1.9351654618103367
list:
dist: 1.9351654618103367 vs. 1.9351654618103367
--------
nle(id0,id1,dist): 131 134 1.258028022563987
list:
dist: 1.258028022563987 vs. 1.258028022563987
--------
nle(id0,id1,dist): 131 136 1.991424438447007
list:
dist: 1.991424438447007 vs. 1.991424438447007
--------
nle(id0,id1,dist): 131 132 1.8736589327684652
list:
dist: 1.8736589327684652 vs. 1.8736589327684652
--------
nle(id0,id1,dist): 131 133 2.2408009765181016
list:
dist: 2.2408009765181016 vs. 2.2408009765181016
--------
nle(id0,id1,dist): 130 149 2.57302626378552
list:
dist: 2.57302626378552 vs. 2.57302626378552
--------
nle(id0,id1,dist): 130 147 2.5770773244139824
list:
dist: 2.5770773244139824 vs. 2.5770773244139824
--------
nle(id0,id1,dist): 130 148 2.9165135296496607
list:
dist: 2.9165135296496607 vs. 2.9165135296496607
--------
nle(id0,id1,dist): 130 145 2.7274226230450616
list:
dist: 2.7274226230450616 vs. 2.7274226230450616
--------
nle(id0,id1,dist): 130 146 1.6409873183907886
list:
dist: 1.6409873183907886 vs. 1.6409873183907886
--------
nle(id0,id1,dist): 130 143 2.2171357141620502
list:
dist: 2.2171357141620502 vs. 2.2171357141620502
--------
nle(id0,id1,dist): 130 144 1.3133752942998451
list:
dist: 1.3133752942998451 vs. 1.3133752942998451
--------
nle(id0,id1,dist): 130 142 1.9593207978420288
list:
dist: 1.9593207978420288 vs. 1.9593207978420288
--------
nle(id0,id1,dist): 130 139 2.6176354932885477
list:
dist: 2.6176354932885477 vs. 2.6176354932885477
--------
nle(id0,id1,dist): 130 140 1.41495132163952
list:
dist: 1.41495132163952 vs. 1.41495132163952
--------
nle(id0,id1,dist): 130 138 2.1535962677336893
list:
dist: 2.1535962677336893 vs. 2.1535962677336893
--------
nle(id0,id1,dist): 130 136 2.3118630318257267
list:
dist: 2.3118630318257267 vs. 2.3118630318257267
--------
nle(id0,id1,dist): 130 132 1.1801370024368825
list:
dist: 1.1801370024368825 vs. 1.1801370024368825
--------
nle(id0,id1,dist): 130 131 0.8805145083243003
list:
dist: 0.8805145083243003 vs. 0.8805145083243003
--------
nle(id0,id1,dist): 130 134 1.831227401316976
list:
dist: 1.831227401316976 vs. 1.831227401316976
--------
nle(id0,id1,dist): 130 133 1.4318697851950124
list:
dist: 1.4318697851950124 vs. 1.4318697851950124
--------
nle(id0,id1,dist): 129 148 1.303197560072227
list:
dist: 1.303197560072227 vs. 1.303197560072227
--------
nle(id0,id1,dist): 129 149 1.7755113037283097
list:
dist: 1.7755113037283097 vs. 1.7755113037283097
--------
nle(id0,id1,dist): 129 142 2.231134050590822
list:
dist: 2.231134050590822 vs. 2.231134050590822
--------
nle(id0,id1,dist): 129 143 3.7069284812878305
list:
dist: 3.7069284812878305 vs. 3.7069284812878305
--------
nle(id0,id1,dist): 129 144 3.0721101023128563
list:
dist: 3.0721101023128563 vs. 3.0721101023128563
--------
nle(id0,id1,dist): 129 145 2.2261103762248267
list:
dist: 2.2261103762248267 vs. 2.2261103762248267
--------
nle(id0,id1,dist): 129 146 1.6651767593051594
list:
dist: 1.6651767593051594 vs. 1.6651767593051594
--------
nle(id0,id1,dist): 129 147 0.6936363745594246
list:
dist: 0.6936363745594246 vs. 0.6936363745594246
--------
nle(id0,id1,dist): 129 135 2.586564910104431
list:
dist: 2.586564910104431 vs. 2.586564910104431
--------
nle(id0,id1,dist): 129 134 2.9924589141873184
list:
dist: 2.9924589141873184 vs. 2.9924589141873184
--------
nle(id0,id1,dist): 129 138 1.0388873672857053
list:
dist: 1.0388873672857053 vs. 1.0388873672857053
--------
nle(id0,id1,dist): 129 137 2.161308477282041
list:
dist: 2.161308477282041 vs. 2.161308477282041
--------
nle(id0,id1,dist): 129 136 1.5532809313331744
list:
dist: 1.5532809313331744 vs. 1.5532809313331744
--------
nle(id0,id1,dist): 129 131 2.3413048270596053
list:
dist: 2.3413048270596053 vs. 2.3413048270596053
--------
nle(id0,id1,dist): 129 130 3.0010657780183543
list:
dist: 3.0010657780183543 vs. 3.0010657780183543
--------
nle(id0,id1,dist): 128 147 2.062981238395224
list:
dist: 2.062981238395224 vs. 2.062981238395224
--------
nle(id0,id1,dist): 128 148 2.2793624897587024
list:
dist: 2.2793624897587024 vs. 2.2793624897587024
--------
nle(id0,id1,dist): 128 145 2.000086454814689
list:
dist: 2.000086454814689 vs. 2.000086454814689
--------
nle(id0,id1,dist): 128 146 1.5752889575184625
list:
dist: 1.5752889575184625 vs. 1.5752889575184625
--------
nle(id0,id1,dist): 128 149 2.021181726097697
list:
dist: 2.021181726097697 vs. 2.021181726097697
--------
nle(id0,id1,dist): 128 133 1.9501237786137042
list:
dist: 1.9501237786137042 vs. 1.9501237786137042
--------
nle(id0,id1,dist): 128 134 1.9953346606688114
list:
dist: 1.9953346606688114 vs. 1.9953346606688114
--------
nle(id0,id1,dist): 128 135 3.1112918946669903
list:
dist: 3.1112918946669903 vs. 3.1112918946669903
--------
nle(id0,id1,dist): 128 136 1.4379438915736291
list:
dist: 1.4379438915736291 vs. 1.4379438915736291
--------
nle(id0,id1,dist): 128 129 2.3349833963576887
list:
dist: 2.3349833963576887 vs. 2.3349833963576887
--------
nle(id0,id1,dist): 128 130 1.05780951044348
list:
dist: 1.05780951044348 vs. 1.05780951044348
--------
nle(id0,id1,dist): 128 131 0.8494521759810345
list:
dist: 0.8494521759810345 vs. 0.8494521759810345
--------
nle(id0,id1,dist): 128 132 1.9350926367201886
list:
dist: 1.9350926367201886 vs. 1.9350926367201886
--------
nle(id0,id1,dist): 128 142 0.9947858455902006
list:
dist: 0.9947858455902006 vs. 0.9947858455902006
--------
nle(id0,id1,dist): 128 143 2.768721151614146
list:
dist: 2.768721151614146 vs. 2.768721151614146
--------
nle(id0,id1,dist): 128 144 1.1255210200087715
list:
dist: 1.1255210200087715 vs. 1.1255210200087715
--------
nle(id0,id1,dist): 128 137 2.19599983267809
list:
dist: 2.19599983267809 vs. 2.19599983267809
--------
nle(id0,id1,dist): 128 138 1.349772454107737
list:
dist: 1.349772454107737 vs. 1.349772454107737
--------
nle(id0,id1,dist): 128 140 1.648181370316032
list:
dist: 1.648181370316032 vs. 1.648181370316032
--------
nle(id0,id1,dist): 127 140 2.5717468984118956
list:
dist: 2.5717468984118956 vs. 2.5717468984118956
--------
nle(id0,id1,dist): 127 138 1.6464296772824503
list:
dist: 1.6464296772824503 vs. 1.6464296772824503
--------
nle(id0,id1,dist): 127 139 2.62435072044612
list:
dist: 2.62435072044612 vs. 2.62435072044612
--------
nle(id0,id1,dist): 127 136 1.8728454623207726
list:
dist: 1.8728454623207726 vs. 1.8728454623207726
--------
nle(id0,id1,dist): 127 134 2.0628489561988657
list:
dist: 2.0628489561988657 vs. 2.0628489561988657
--------
nle(id0,id1,dist): 127 148 2.245789230836167
list:
dist: 2.245789230836167 vs. 2.245789230836167
--------
nle(id0,id1,dist): 127 149 1.8957183588896322
list:
dist: 1.8957183588896322 vs. 1.8957183588896322
--------
nle(id0,id1,dist): 127 146 2.3476355080485307
list:
dist: 2.3476355080485307 vs. 2.3476355080485307
--------
nle(id0,id1,dist): 127 147 2.639362088456373
list:
dist: 2.639362088456373 vs. 2.639362088456373
--------
nle(id0,id1,dist): 127 144 1.8138091023154645
list:
dist: 1.8138091023154645 vs. 1.8138091023154645
--------
nle(id0,id1,dist): 127 145 2.4969287080638822
list:
dist: 2.4969287080638822 vs. 2.4969287080638822
--------
nle(id0,id1,dist): 127 142 1.2779183412902675
list:
dist: 1.2779183412902675 vs. 1.2779183412902675
--------
nle(id0,id1,dist): 127 143 3.023217775021475
list:
dist: 3.023217775021475 vs. 3.023217775021475
--------
nle(id0,id1,dist): 127 133 2.6746025554757913
list:
dist: 2.6746025554757913 vs. 2.6746025554757913
--------
nle(id0,id1,dist): 127 132 2.291082744497502
list:
dist: 2.291082744497502 vs. 2.291082744497502
--------
nle(id0,id1,dist): 127 131 1.4266358140526236
list:
dist: 1.4266358140526236 vs. 1.4266358140526236
--------
nle(id0,id1,dist): 127 130 1.8000092610812908
list:
dist: 1.8000092610812908 vs. 1.8000092610812908
--------
nle(id0,id1,dist): 127 129 2.671184341759627
list:
dist: 2.671184341759627 vs. 2.671184341759627
--------
nle(id0,id1,dist): 127 128 0.9742737976679717
list:
dist: 0.9742737976679717 vs. 0.9742737976679717
--------
nle(id0,id1,dist): 126 140 2.8839197063299205
list:
dist: 2.8839197063299205 vs. 2.8839197063299205
--------
nle(id0,id1,dist): 126 142 3.3236411371985377
list:
dist: 3.3236411371985377 vs. 3.3236411371985377
--------
nle(id0,id1,dist): 126 144 2.330843195763954
list:
dist: 2.330843195763954 vs. 2.330843195763954
--------
nle(id0,id1,dist): 126 145 4.045691449569827
list:
dist: 4.045691449569827 vs. 4.045691449569827
--------
nle(id0,id1,dist): 126 146 4.176089587775828
list:
dist: 4.176089587775828 vs. 4.176089587775828
--------
nle(id0,id1,dist): 126 147 4.8924793840882606
list:
dist: 4.8924793840882606 vs. 4.8924793840882606
--------
nle(id0,id1,dist): 126 128 2.97912440060033
list:
dist: 2.97912440060033 vs. 2.97912440060033
--------
nle(id0,id1,dist): 126 127 3.148909762690861
list:
dist: 3.148909762690861 vs. 3.148909762690861
--------
nle(id0,id1,dist): 126 130 2.6094532252259266
list:
dist: 2.6094532252259266 vs. 2.6094532252259266
--------
nle(id0,id1,dist): 126 132 1.733538178138201
list:
dist: 1.733538178138201 vs. 1.733538178138201
--------
nle(id0,id1,dist): 126 131 3.3230590252311982
list:
dist: 3.3230590252311982 vs. 3.3230590252311982
--------
nle(id0,id1,dist): 126 134 3.955799900194643
list:
dist: 3.955799900194643 vs. 3.955799900194643
--------
nle(id0,id1,dist): 126 133 1.8963719789115006
list:
dist: 1.8963719789115006 vs. 1.8963719789115006
--------
nle(id0,id1,dist): 126 136 4.041799835998127
list:
dist: 4.041799835998127 vs. 4.041799835998127
--------
nle(id0,id1,dist): 126 138 4.320155693191023
list:
dist: 4.320155693191023 vs. 4.320155693191023
--------
nle(id0,id1,dist): 125 146 2.7545269766667566
list:
dist: 2.7545269766667566 vs. 2.7545269766667566
--------
nle(id0,id1,dist): 125 147 3.4754517647123184
list:
dist: 3.4754517647123184 vs. 3.4754517647123184
--------
nle(id0,id1,dist): 125 144 2.1148726559473285
list:
dist: 2.1148726559473285 vs. 2.1148726559473285
--------
nle(id0,id1,dist): 125 145 3.4853583732826383
list:
dist: 3.4853583732826383 vs. 3.4853583732826383
--------
nle(id0,id1,dist): 125 148 3.063803006531643
list:
dist: 3.063803006531643 vs. 3.063803006531643
--------
nle(id0,id1,dist): 125 149 2.5416217671317023
list:
dist: 2.5416217671317023 vs. 2.5416217671317023
--------
nle(id0,id1,dist): 125 131 1.5443181050553825
list:
dist: 1.5443181050553825 vs. 1.5443181050553825
--------
nle(id0,id1,dist): 125 130 1.529458150064939
list:
dist: 1.529458150064939 vs. 1.529458150064939
--------
nle(id0,id1,dist): 125 129 3.638873870668409
list:
dist: 3.638873870668409 vs. 3.638873870668409
--------
nle(id0,id1,dist): 125 128 1.5690778276321138
list:
dist: 1.5690778276321138 vs. 1.5690778276321138
--------
nle(id0,id1,dist): 125 134 1.707835908405785
list:
dist: 1.707835908405785 vs. 1.707835908405785
--------
nle(id0,id1,dist): 125 133 2.454708237297349
list:
dist: 2.454708237297349 vs. 2.454708237297349
--------
nle(id0,id1,dist): 125 132 1.3623890331509623
list:
dist: 1.3623890331509623 vs. 1.3623890331509623
--------
nle(id0,id1,dist): 125 139 1.9152702358820632
list:
dist: 1.9152702358820632 vs. 1.9152702358820632
--------
nle(id0,id1,dist): 125 138 2.631973741807389
list:
dist: 2.631973741807389 vs. 2.631973741807389
--------
nle(id0,id1,dist): 125 136 2.945618816503364
list:
dist: 2.945618816503364 vs. 2.945618816503364
--------
nle(id0,id1,dist): 125 143 2.3780457044470293
list:
dist: 2.3780457044470293 vs. 2.3780457044470293
--------
nle(id0,id1,dist): 125 142 2.325734830471918
list:
dist: 2.325734830471918 vs. 2.325734830471918
--------
nle(id0,id1,dist): 125 140 2.7610019909222148
list:
dist: 2.7610019909222148 vs. 2.7610019909222148
2. Check the NeighborList query for coordinates against the neighbor list for consistency
list:
dist: 2.973169517562679 vs. 2.973169517562679
list:
dist: 3.193112631249469 vs. 3.193112631249469
list:
dist: 3.8065664902734646 vs. 3.8065664902734646
list:
dist: 1.0485117692093593 vs. 1.0485117692093593
list:
dist: 1.742199867988322 vs. 1.742199867988322
list:
dist: 1.7174776605060156 vs. 1.7174776605060156
list:
dist: 2.070544578612798 vs. 2.070544578612798
list:
dist: 2.9310083910198164 vs. 2.9310083910198164
list:
dist: 3.0042975248599073 vs. 3.0042975248599073
list:
dist: 4.057229549741705 vs. 4.057229549741705
list:
dist: 2.417449735167353 vs. 2.417449735167353
list:
dist: 3.2231515887784443 vs. 3.2231515887784443
list:
dist: 1.824518952247841 vs. 1.824518952247841
list:
dist: 2.1623533562609905 vs. 2.1623533562609905
list:
dist: 3.0974802079584696 vs. 3.0974802079584696
list:
dist: 3.663259306729631 vs. 3.663259306729631
list:
dist: 4.101934725184276 vs. 4.101934725184276
list:
dist: 3.547515099410645 vs. 3.547515099410645
list:
dist: 3.1519669223256948 vs. 3.1519669223256948
list:
dist: 2.2863125816641126 vs. 2.2863125816641126
list:
dist: 2.958222126594765 vs. 2.958222126594765
list:
dist: 0.28549044818050545 vs. 0.28549044818050545
list:
dist: 1.824518952247841 vs. 1.824518952247841
list:
dist: 1.4118486210647814 vs. 1.4118486210647814
list:
dist: 1.9049326674374665 vs. 1.9049326674374665
list:
dist: 2.0642287562121417 vs. 2.0642287562121417
list:
dist: 2.4012037188934348 vs. 2.4012037188934348
list:
dist: 0.674665585528246 vs. 0.674665585528246
list:
dist: 3.6975887436827684 vs. 3.6975887436827684
list:
dist: 1.4609608284067537 vs. 1.4609608284067537
list:
dist: 1.549967604273965 vs. 1.549967604273965
list:
dist: 2.1558093162017022 vs. 2.1558093162017022
list:
dist: 2.4397848985118618 vs. 2.4397848985118618
list:
dist: 1.8194242620410146 vs. 1.8194242620410146
list:
dist: 1.5552413423729874 vs. 1.5552413423729874
list:
dist: 3.5237456828556906 vs. 3.5237456828556906
list:
dist: 2.575621057587053 vs. 2.575621057587053
list:
dist: 1.0881934934371822 vs. 1.0881934934371822
list:
dist: 0.8619976739613308 vs. 0.8619976739613308
list:
dist: 2.7257258378032705 vs. 2.7257258378032705
list:
dist: 3.193112631249469 vs. 3.193112631249469
list:
dist: 2.3220928290517127 vs. 2.3220928290517127
list:
dist: 1.278064446170049 vs. 1.278064446170049
list:
dist: 0.9804493240439399 vs. 0.9804493240439399
list:
dist: 2.768366064304031 vs. 2.768366064304031
list:
dist: 2.532440471653267 vs. 2.532440471653267
list:
dist: 1.0705416685748832 vs. 1.0705416685748832
list:
dist: 0.8619976739613308 vs. 0.8619976739613308
list:
dist: 3.0591456785671918 vs. 3.0591456785671918
list:
dist: 3.8065664902734646 vs. 3.8065664902734646
list:
dist: 2.9352038936931057 vs. 2.9352038936931057
list:
dist: 1.2725596352140358 vs. 1.2725596352140358
list:
dist: 1.2242114080734268 vs. 1.2242114080734268
list:
dist: 2.4688492322392217 vs. 2.4688492322392217
list:
dist: 2.744789924319223 vs. 2.744789924319223
list:
dist: 2.2229056731739743 vs. 2.2229056731739743
list:
dist: 2.1952293265635636 vs. 2.1952293265635636
list:
dist: 3.8014496103140907 vs. 3.8014496103140907
list:
dist: 3.2231515887784443 vs. 3.2231515887784443
list:
dist: 3.8557745229471743 vs. 3.8557745229471743
list:
dist: 3.6975887436827684 vs. 3.6975887436827684
list:
dist: 2.413706227031902 vs. 2.413706227031902
list:
dist: 1.172238162629526 vs. 1.172238162629526
list:
dist: 2.259980875512197 vs. 2.259980875512197
list:
dist: 1.0485117692093593 vs. 1.0485117692093593
list:
dist: 2.551002346914932 vs. 2.551002346914932
list:
dist: 2.2229056731739743 vs. 2.2229056731739743
list:
dist: 2.2863125816641126 vs. 2.2863125816641126
list:
dist: 1.9079532796508565 vs. 1.9079532796508565
list:
dist: 2.385185724409891 vs. 2.385185724409891
list:
dist: 2.7257258378032705 vs. 2.7257258378032705
list:
dist: 3.0591456785671918 vs. 3.0591456785671918
list:
dist: 2.259980875512197 vs. 2.259980875512197
list:
dist: 3.002844755885676 vs. 3.002844755885676
list:
dist: 1.7174776605060156 vs. 1.7174776605060156
list:
dist: 1.5799907237854498 vs. 1.5799907237854498
list:
dist: 1.840862965136803 vs. 1.840862965136803
list:
dist: 2.0664015424686566 vs. 2.0664015424686566
list:
dist: 2.4488408543204763 vs. 2.4488408543204763
list:
dist: 0.7821756363271379 vs. 0.7821756363271379
list:
dist: 3.8014496103140907 vs. 3.8014496103140907
list:
dist: 0.28549044818050545 vs. 0.28549044818050545
list:
dist: 1.6600809141276873 vs. 1.6600809141276873
list:
dist: 1.4738619652930394 vs. 1.4738619652930394
list:
dist: 2.1258149031554994 vs. 2.1258149031554994
list:
dist: 2.452049550643659 vs. 2.452049550643659
list:
dist: 1.9855321498764542 vs. 1.9855321498764542
list:
dist: 1.8011949125269997 vs. 1.8011949125269997
list:
dist: 1.172238162629526 vs. 1.172238162629526
list:
dist: 3.002844755885676 vs. 3.002844755885676
list:
dist: 1.742199867988322 vs. 1.742199867988322
list:
dist: 2.6327613769651164 vs. 2.6327613769651164
list:
dist: 2.1952293265635636 vs. 2.1952293265635636
list:
dist: 2.958222126594765 vs. 2.958222126594765
list:
dist: 2.363798563365623 vs. 2.363798563365623
list:
dist: 1.312410618514651 vs. 1.312410618514651
list:
dist: 0.9804493240439399 vs. 0.9804493240439399
list:
dist: 1.2242114080734268 vs. 1.2242114080734268
list:
dist: 2.0664015424686566 vs. 2.0664015424686566
list:
dist: 3.0042975248599073 vs. 3.0042975248599073
list:
dist: 1.7765538514634702 vs. 1.7765538514634702
list:
dist: 0.6246599929793358 vs. 0.6246599929793358
list:
dist: 1.8961057821239773 vs. 1.8961057821239773
list:
dist: 1.6745118512726698 vs. 1.6745118512726698
list:
dist: 2.0642287562121417 vs. 2.0642287562121417
list:
dist: 3.283870733192677 vs. 3.283870733192677
list:
dist: 2.305838347401896 vs. 2.305838347401896
list:
dist: 3.3433959799044515 vs. 3.3433959799044515
list:
dist: 2.2148573894537043 vs. 2.2148573894537043
list:
dist: 3.0853532544504416 vs. 3.0853532544504416
list:
dist: 2.935247770123466 vs. 2.935247770123466
list:
dist: 2.273843861169073 vs. 2.273843861169073
list:
dist: 1.9079532796508565 vs. 1.9079532796508565
list:
dist: 2.363798563365623 vs. 2.363798563365623
list:
dist: 1.6600809141276873 vs. 1.6600809141276873
list:
dist: 2.1623533562609905 vs. 2.1623533562609905
list:
dist: 1.8650511772595222 vs. 1.8650511772595222
list:
dist: 3.280010151485104 vs. 3.280010151485104
list:
dist: 3.283870733192677 vs. 3.283870733192677
list:
dist: 3.5051670823796997 vs. 3.5051670823796997
list:
dist: 1.9320694243640781 vs. 1.9320694243640781
list:
dist: 2.413706227031902 vs. 2.413706227031902
list:
dist: 1.4609608284067537 vs. 1.4609608284067537
list:
dist: 2.740860208139417 vs. 2.740860208139417
list:
dist: 2.8758555441851756 vs. 2.8758555441851756
list:
dist: 3.566696597792551 vs. 3.566696597792551
list:
dist: 2.050537254388364 vs. 2.050537254388364
list:
dist: 1.4223248938980926 vs. 1.4223248938980926
list:
dist: 3.1758587520191717 vs. 3.1758587520191717
list:
dist: 2.833904880974504 vs. 2.833904880974504
list:
dist: 2.3164977953490373 vs. 2.3164977953490373
list:
dist: 2.532440471653267 vs. 2.532440471653267
list:
dist: 2.744789924319223 vs. 2.744789924319223
list:
dist: 0.7821756363271379 vs. 0.7821756363271379
list:
dist: 2.417449735167353 vs. 2.417449735167353
list:
dist: 1.5286966022735984 vs. 1.5286966022735984
list:
dist: 1.4896603211020651 vs. 1.4896603211020651
list:
dist: 1.6745118512726698 vs. 1.6745118512726698
list:
dist: 1.7325001368510904 vs. 1.7325001368510904
list:
dist: 0.674665585528246 vs. 0.674665585528246
list:
dist: 1.9320694243640781 vs. 1.9320694243640781
list:
dist: 1.1861916340134684 vs. 1.1861916340134684
list:
dist: 1.9607621367620445 vs. 1.9607621367620445
list:
dist: 1.8114126185655892 vs. 1.8114126185655892
list:
dist: 1.5886398468336083 vs. 1.5886398468336083
list:
dist: 1.4830327879667766 vs. 1.4830327879667766
list:
dist: 2.0055789338115977 vs. 2.0055789338115977
list:
dist: 1.0215868481085784 vs. 1.0215868481085784
list:
dist: 1.278064446170049 vs. 1.278064446170049
list:
dist: 1.2725596352140358 vs. 1.2725596352140358
list:
dist: 1.840862965136803 vs. 1.840862965136803
list:
dist: 2.9310083910198164 vs. 2.9310083910198164
list:
dist: 2.0596642237512603 vs. 2.0596642237512603
list:
dist: 0.6246599929793358 vs. 0.6246599929793358
list:
dist: 1.6717113216221178 vs. 1.6717113216221178
list:
dist: 1.4896603211020651 vs. 1.4896603211020651
list:
dist: 1.9049326674374665 vs. 1.9049326674374665
list:
dist: 3.280010151485104 vs. 3.280010151485104
list:
dist: 1.835076110429199 vs. 1.835076110429199
list:
dist: 2.909797461825275 vs. 2.909797461825275
list:
dist: 1.86684315370916 vs. 1.86684315370916
list:
dist: 2.9072039264243883 vs. 2.9072039264243883
list:
dist: 2.8936652203326445 vs. 2.8936652203326445
list:
dist: 2.2333236312729903 vs. 2.2333236312729903
list:
dist: 1.9855321498764542 vs. 1.9855321498764542
list:
dist: 3.547515099410645 vs. 3.547515099410645
list:
dist: 2.686789630010466 vs. 2.686789630010466
list:
dist: 2.9072039264243883 vs. 2.9072039264243883
list:
dist: 3.0853532544504416 vs. 3.0853532544504416
list:
dist: 2.1325076036327104 vs. 2.1325076036327104
list:
dist: 1.5886398468336083 vs. 1.5886398468336083
list:
dist: 1.8194242620410146 vs. 1.8194242620410146
list:
dist: 2.050537254388364 vs. 2.050537254388364
list:
dist: 1.6683519265244513 vs. 1.6683519265244513
list:
dist: 1.4531762985202406 vs. 1.4531762985202406
list:
dist: 2.0578697555739347 vs. 2.0578697555739347
list:
dist: 0.807120330538993 vs. 0.807120330538993
list:
dist: 2.0098497281905403 vs. 2.0098497281905403
list:
dist: 2.039009635483274 vs. 2.039009635483274
list:
dist: 0.8655771692384919 vs. 0.8655771692384919
list:
dist: 2.2661103515138667 vs. 2.2661103515138667
list:
dist: 2.7058710602288567 vs. 2.7058710602288567
list:
dist: 2.1258149031554994 vs. 2.1258149031554994
list:
dist: 3.663259306729631 vs. 3.663259306729631
list:
dist: 3.4329870329772474 vs. 3.4329870329772474
list:
dist: 2.909797461825275 vs. 2.909797461825275
list:
dist: 3.3433959799044515 vs. 3.3433959799044515
list:
dist: 2.255032520000551 vs. 2.255032520000551
list:
dist: 1.9607621367620445 vs. 1.9607621367620445
list:
dist: 2.1558093162017022 vs. 2.1558093162017022
list:
dist: 2.8758555441851756 vs. 2.8758555441851756
list:
dist: 1.0829872784369956 vs. 1.0829872784369956
list:
dist: 1.8885813899165844 vs. 1.8885813899165844
list:
dist: 1.4531762985202406 vs. 1.4531762985202406
list:
dist: 2.119366824663892 vs. 2.119366824663892
list:
dist: 2.565466354912124 vs. 2.565466354912124
list:
dist: 2.3357362383140785 vs. 2.3357362383140785
list:
dist: 1.31652310057222 vs. 1.31652310057222
list:
dist: 2.516307162643462 vs. 2.516307162643462
list:
dist: 3.580732634996426 vs. 3.580732634996426
list:
dist: 2.452049550643659 vs. 2.452049550643659
list:
dist: 4.101934725184276 vs. 4.101934725184276
list:
dist: 3.1125527304943406 vs. 3.1125527304943406
list:
dist: 1.86684315370916 vs. 1.86684315370916
list:
dist: 2.2148573894537043 vs. 2.2148573894537043
list:
dist: 0.5036591300217562 vs. 0.5036591300217562
list:
dist: 1.8114126185655892 vs. 1.8114126185655892
list:
dist: 2.4397848985118618 vs. 2.4397848985118618
list:
dist: 3.566696597792551 vs. 3.566696597792551
list:
dist: 1.2919665325927843 vs. 1.2919665325927843
list:
dist: 1.8885813899165844 vs. 1.8885813899165844
list:
dist: 2.0578697555739347 vs. 2.0578697555739347
list:
dist: 2.518553762061614 vs. 2.518553762061614
list:
dist: 1.1404498938967738 vs. 1.1404498938967738
list:
dist: 3.726147831976064 vs. 3.726147831976064
list:
dist: 2.134675356085837 vs. 2.134675356085837
list:
dist: 2.5449999967747576 vs. 2.5449999967747576
list:
dist: 3.3415640065863723 vs. 3.3415640065863723
list:
dist: 1.0881934934371822 vs. 1.0881934934371822
list:
dist: 1.0705416685748832 vs. 1.0705416685748832
list:
dist: 2.385185724409891 vs. 2.385185724409891
list:
dist: 2.973169517562679 vs. 2.973169517562679
list:
dist: 2.6579842161165605 vs. 2.6579842161165605
list:
dist: 1.0215868481085784 vs. 1.0215868481085784
list:
dist: 1.312410618514651 vs. 1.312410618514651
list:
dist: 2.58024268380835 vs. 2.58024268380835
list:
dist: 2.3164977953490373 vs. 2.3164977953490373
list:
dist: 2.58024268380835 vs. 2.58024268380835
list:
dist: 2.768366064304031 vs. 2.768366064304031
list:
dist: 2.4688492322392217 vs. 2.4688492322392217
list:
dist: 2.4488408543204763 vs. 2.4488408543204763
list:
dist: 4.057229549741705 vs. 4.057229549741705
list:
dist: 2.8438271840828757 vs. 2.8438271840828757
list:
dist: 1.6717113216221178 vs. 1.6717113216221178
list:
dist: 1.8961057821239773 vs. 1.8961057821239773
list:
dist: 1.7325001368510904 vs. 1.7325001368510904
list:
dist: 2.4012037188934348 vs. 2.4012037188934348
list:
dist: 3.5051670823796997 vs. 3.5051670823796997
list:
dist: 1.5614830106213355 vs. 1.5614830106213355
list:
dist: 2.255032520000551 vs. 2.255032520000551
list:
dist: 0.5036591300217562 vs. 0.5036591300217562
list:
dist: 2.1325076036327104 vs. 2.1325076036327104
list:
dist: 2.4549847407351937 vs. 2.4549847407351937
list:
dist: 0.7958129997544223 vs. 0.7958129997544223
list:
dist: 2.2333236312729903 vs. 2.2333236312729903
list:
dist: 2.273843861169073 vs. 2.273843861169073
list:
dist: 0.7958129997544223 vs. 0.7958129997544223
list:
dist: 2.0055789338115977 vs. 2.0055789338115977
list:
dist: 2.0878951089193594 vs. 2.0878951089193594
list:
dist: 2.565466354912124 vs. 2.565466354912124
list:
dist: 1.1404498938967738 vs. 1.1404498938967738
list:
dist: 2.0098497281905403 vs. 2.0098497281905403
list:
dist: 2.2603185433578203 vs. 2.2603185433578203
list:
dist: 3.7866839221446984 vs. 3.7866839221446984
list:
dist: 2.2130288809179604 vs. 2.2130288809179604
list:
dist: 2.404700145007664 vs. 2.404700145007664
list:
dist: 2.6623840776346417 vs. 2.6623840776346417
list:
dist: 2.6579842161165605 vs. 2.6579842161165605
list:
dist: 2.3220928290517127 vs. 2.3220928290517127
list:
dist: 2.9352038936931057 vs. 2.9352038936931057
list:
dist: 2.551002346914932 vs. 2.551002346914932
list:
dist: 2.6327613769651164 vs. 2.6327613769651164
list:
dist: 1.5799907237854498 vs. 1.5799907237854498
list:
dist: 2.070544578612798 vs. 2.070544578612798
list:
dist: 2.0596642237512603 vs. 2.0596642237512603
list:
dist: 1.7765538514634702 vs. 1.7765538514634702
list:
dist: 2.8438271840828757 vs. 2.8438271840828757
list:
dist: 1.5286966022735984 vs. 1.5286966022735984
list:
dist: 3.8557745229471743 vs. 3.8557745229471743
list:
dist: 1.4118486210647814 vs. 1.4118486210647814
list:
dist: 1.8650511772595222 vs. 1.8650511772595222
list:
dist: 2.700983150689007 vs. 2.700983150689007
list:
dist: 3.4329870329772474 vs. 3.4329870329772474
list:
dist: 3.1125527304943406 vs. 3.1125527304943406
list:
dist: 2.686789630010466 vs. 2.686789630010466
list:
dist: 2.1140180763716647 vs. 2.1140180763716647
list:
dist: 1.4738619652930394 vs. 1.4738619652930394
list:
dist: 3.0974802079584696 vs. 3.0974802079584696
list:
dist: 2.700983150689007 vs. 2.700983150689007
list:
dist: 1.835076110429199 vs. 1.835076110429199
list:
dist: 2.305838347401896 vs. 2.305838347401896
list:
dist: 1.5614830106213355 vs. 1.5614830106213355
list:
dist: 1.1861916340134684 vs. 1.1861916340134684
list:
dist: 1.549967604273965 vs. 1.549967604273965
list:
dist: 2.740860208139417 vs. 2.740860208139417
list:
dist: 1.0829872784369956 vs. 1.0829872784369956
list:
dist: 1.2919665325927843 vs. 1.2919665325927843
list:
dist: 1.6683519265244513 vs. 1.6683519265244513
list:
dist: 2.0804362280654005 vs. 2.0804362280654005
list:
dist: 2.0878951089193594 vs. 2.0878951089193594
list:
dist: 3.2421374207548443 vs. 3.2421374207548443
list:
dist: 1.9428650312761577 vs. 1.9428650312761577
list:
dist: 3.0314311892059815 vs. 3.0314311892059815
list:
dist: 3.9090725275880653 vs. 3.9090725275880653
list:
dist: 3.0314311892059815 vs. 3.0314311892059815
list:
dist: 2.516307162643462 vs. 2.516307162643462
list:
dist: 2.5449999967747576 vs. 2.5449999967747576
list:
dist: 2.2661103515138667 vs. 2.2661103515138667
list:
dist: 2.931175072200662 vs. 2.931175072200662
list:
dist: 2.404700145007664 vs. 2.404700145007664
list:
dist: 2.490288297869766 vs. 2.490288297869766
list:
dist: 1.560757611699128 vs. 1.560757611699128
list:
dist: 1.494233025316151 vs. 1.494233025316151
list:
dist: 2.692261492867406 vs. 2.692261492867406
list:
dist: 2.6463591607444945 vs. 2.6463591607444945
list:
dist: 2.575621057587053 vs. 2.575621057587053
list:
dist: 2.833904880974504 vs. 2.833904880974504
list:
dist: 1.9428650312761577 vs. 1.9428650312761577
list:
dist: 1.31652310057222 vs. 1.31652310057222
list:
dist: 2.134675356085837 vs. 2.134675356085837
list:
dist: 0.8655771692384919 vs. 0.8655771692384919
list:
dist: 1.6356221422100792 vs. 1.6356221422100792
list:
dist: 2.2130288809179604 vs. 2.2130288809179604
list:
dist: 1.6189668672088926 vs. 1.6189668672088926
list:
dist: 1.560757611699128 vs. 1.560757611699128
list:
dist: 2.347648701250704 vs. 2.347648701250704
list:
dist: 2.9774633623723865 vs. 2.9774633623723865
list:
dist: 2.6463591607444945 vs. 2.6463591607444945
list:
dist: 2.8378187039248837 vs. 2.8378187039248837
list:
dist: 3.5237456828556906 vs. 3.5237456828556906
list:
dist: 3.1758587520191717 vs. 3.1758587520191717
list:
dist: 3.2421374207548443 vs. 3.2421374207548443
list:
dist: 2.3357362383140785 vs. 2.3357362383140785
list:
dist: 3.726147831976064 vs. 3.726147831976064
list:
dist: 2.039009635483274 vs. 2.039009635483274
list:
dist: 2.469991560337617 vs. 2.469991560337617
list:
dist: 3.7866839221446984 vs. 3.7866839221446984
list:
dist: 1.6189668672088926 vs. 1.6189668672088926
list:
dist: 2.490288297869766 vs. 2.490288297869766
list:
dist: 3.0167590444879564 vs. 3.0167590444879564
list:
dist: 2.1656234875126863 vs. 2.1656234875126863
list:
dist: 1.8011949125269997 vs. 1.8011949125269997
list:
dist: 3.1519669223256948 vs. 3.1519669223256948
list:
dist: 2.1140180763716647 vs. 2.1140180763716647
list:
dist: 2.8936652203326445 vs. 2.8936652203326445
list:
dist: 2.935247770123466 vs. 2.935247770123466
list:
dist: 2.4549847407351937 vs. 2.4549847407351937
list:
dist: 1.4830327879667766 vs. 1.4830327879667766
list:
dist: 1.5552413423729874 vs. 1.5552413423729874
list:
dist: 1.4223248938980926 vs. 1.4223248938980926
list:
dist: 2.0804362280654005 vs. 2.0804362280654005
list:
dist: 2.119366824663892 vs. 2.119366824663892
list:
dist: 2.518553762061614 vs. 2.518553762061614
list:
dist: 0.807120330538993 vs. 0.807120330538993
list:
dist: 2.2603185433578203 vs. 2.2603185433578203
list:
dist: 2.469991560337617 vs. 2.469991560337617
list:
dist: 1.6356221422100792 vs. 1.6356221422100792
list:
dist: 2.931175072200662 vs. 2.931175072200662
list:
dist: 3.0374281435490142 vs. 3.0374281435490142
list:
dist: 2.1656234875126863 vs. 2.1656234875126863
list:
dist: 2.9774633623723865 vs. 2.9774633623723865
list:
dist: 2.692261492867406 vs. 2.692261492867406
list:
dist: 2.4305029314548854 vs. 2.4305029314548854
list:
dist: 3.582098239412831 vs. 3.582098239412831
list:
dist: 3.9090725275880653 vs. 3.9090725275880653
list:
dist: 3.580732634996426 vs. 3.580732634996426
list:
dist: 3.3415640065863723 vs. 3.3415640065863723
list:
dist: 2.7058710602288567 vs. 2.7058710602288567
list:
dist: 3.0374281435490142 vs. 3.0374281435490142
list:
dist: 2.6623840776346417 vs. 2.6623840776346417
list:
dist: 3.0167590444879564 vs. 3.0167590444879564
list:
dist: 2.347648701250704 vs. 2.347648701250704
list:
dist: 1.494233025316151 vs. 1.494233025316151
list:
dist: 2.4305029314548854 vs. 2.4305029314548854
list:
dist: 2.8378187039248837 vs. 2.8378187039248837
list:
dist: 2.166840919944534 vs. 2.166840919944534
list:
dist: 2.703950430423067 vs. 2.703950430423067
list:
dist: 2.908912959918264 vs. 2.908912959918264
list:
dist: 1.5235374991694257 vs. 1.5235374991694257
list:
dist: 2.2577895268740624 vs. 2.2577895268740624
list:
dist: 1.448960406608196 vs. 1.448960406608196
list:
dist: 2.6281897764954283 vs. 2.6281897764954283
list:
dist: 1.6580111373526238 vs. 1.6580111373526238
list:
dist: 1.589086855013029 vs. 1.589086855013029
list:
dist: 1.6289117035233958 vs. 1.6289117035233958
list:
dist: 1.8773501575104412 vs. 1.8773501575104412
list:
dist: 2.08900032136482 vs. 2.08900032136482
list:
dist: 2.063737351814601 vs. 2.063737351814601
list:
dist: 2.701910364087006 vs. 2.701910364087006
list:
dist: 3.3452557859929715 vs. 3.3452557859929715
list:
dist: 2.717658420542506 vs. 2.717658420542506
list:
dist: 2.1518663879002613 vs. 2.1518663879002613
list:
dist: 2.330037548074406 vs. 2.330037548074406
list:
dist: 2.806445746469399 vs. 2.806445746469399
list:
dist: 2.6380587875545434 vs. 2.6380587875545434
list:
dist: 1.2198034665962665 vs. 1.2198034665962665
list:
dist: 2.942659793183823 vs. 2.942659793183823
list:
dist: 1.2700551721508246 vs. 1.2700551721508246
list:
dist: 0.7472636256372669 vs. 0.7472636256372669
list:
dist: 1.3799765686692822 vs. 1.3799765686692822
list:
dist: 1.4993570239147807 vs. 1.4993570239147807
list:
dist: 1.6106141343755342 vs. 1.6106141343755342
list:
dist: 2.7283440337711706 vs. 2.7283440337711706
list:
dist: 2.166840919944534 vs. 2.166840919944534
list:
dist: 2.7221419004643246 vs. 2.7221419004643246
list:
dist: 3.276371968098202 vs. 3.276371968098202
list:
dist: 3.0226183170382535 vs. 3.0226183170382535
list:
dist: 0.9361503148981875 vs. 0.9361503148981875
list:
dist: 2.474228584987229 vs. 2.474228584987229
list:
dist: 2.051710698243481 vs. 2.051710698243481
list:
dist: 2.877505875838926 vs. 2.877505875838926
list:
dist: 2.7437235106399958 vs. 2.7437235106399958
list:
dist: 2.1455911674185053 vs. 2.1455911674185053
list:
dist: 1.8221563482157237 vs. 1.8221563482157237
list:
dist: 3.1519246669496175 vs. 3.1519246669496175
list:
dist: 2.096863963931972 vs. 2.096863963931972
list:
dist: 2.141025442693349 vs. 2.141025442693349
list:
dist: 3.597383729501505 vs. 3.597383729501505
list:
dist: 1.2700551721508246 vs. 1.2700551721508246
list:
dist: 1.3367737378372948 vs. 1.3367737378372948
list:
dist: 1.516854007704258 vs. 1.516854007704258
list:
dist: 2.339899529046792 vs. 2.339899529046792
list:
dist: 2.056416728807369 vs. 2.056416728807369
list:
dist: 2.096917982536314 vs. 2.096917982536314
list:
dist: 2.703950430423067 vs. 2.703950430423067
list:
dist: 2.4322284787359414 vs. 2.4322284787359414
list:
dist: 3.213898737525284 vs. 3.213898737525284
list:
dist: 2.909222870650331 vs. 2.909222870650331
list:
dist: 1.3799765686692822 vs. 1.3799765686692822
list:
dist: 1.516854007704258 vs. 1.516854007704258
list:
dist: 2.0103079556035546 vs. 2.0103079556035546
list:
dist: 2.429699657502125 vs. 2.429699657502125
list:
dist: 1.8198743797209322 vs. 1.8198743797209322
list:
dist: 2.4350542657397134 vs. 2.4350542657397134
list:
dist: 1.5235374991694257 vs. 1.5235374991694257
list:
dist: 1.7727092192054945 vs. 1.7727092192054945
list:
dist: 2.1799849416959596 vs. 2.1799849416959596
list:
dist: 2.2586329612626135 vs. 2.2586329612626135
list:
dist: 2.3774794282961564 vs. 2.3774794282961564
list:
dist: 3.0226183170382535 vs. 3.0226183170382535
list:
dist: 2.909222870650331 vs. 2.909222870650331
list:
dist: 3.649517600539171 vs. 3.649517600539171
list:
dist: 2.2586329612626135 vs. 2.2586329612626135
list:
dist: 2.9703605872343855 vs. 2.9703605872343855
list:
dist: 1.844937294586415 vs. 1.844937294586415
list:
dist: 1.629603946513154 vs. 1.629603946513154
list:
dist: 1.6289117035233958 vs. 1.6289117035233958
list:
dist: 0.7170246878103054 vs. 0.7170246878103054
list:
dist: 0.9567069285852974 vs. 0.9567069285852974
list:
dist: 1.8461977123832536 vs. 1.8461977123832536
list:
dist: 1.6498593010056948 vs. 1.6498593010056948
list:
dist: 1.9026631330322337 vs. 1.9026631330322337
list:
dist: 2.528666667158462 vs. 2.528666667158462
list:
dist: 2.0826814504844045 vs. 2.0826814504844045
list:
dist: 1.7802202685031943 vs. 1.7802202685031943
list:
dist: 0.8579251201688896 vs. 0.8579251201688896
list:
dist: 1.6500915199879307 vs. 1.6500915199879307
list:
dist: 1.9926183154914414 vs. 1.9926183154914414
list:
dist: 1.3657841103419472 vs. 1.3657841103419472
list:
dist: 1.0360553793583136 vs. 1.0360553793583136
list:
dist: 2.598668203022565 vs. 2.598668203022565
list:
dist: 1.852036456112692 vs. 1.852036456112692
list:
dist: 2.3774794282961564 vs. 2.3774794282961564
list:
dist: 1.8773501575104412 vs. 1.8773501575104412
list:
dist: 1.697809370136231 vs. 1.697809370136231
list:
dist: 0.8985920727441843 vs. 0.8985920727441843
list:
dist: 1.8461977123832536 vs. 1.8461977123832536
list:
dist: 3.63113609420474 vs. 3.63113609420474
list:
dist: 3.3765712241663843 vs. 3.3765712241663843
list:
dist: 2.5456032249659826 vs. 2.5456032249659826
list:
dist: 3.048510270234529 vs. 3.048510270234529
list:
dist: 2.7895327240083407 vs. 2.7895327240083407
list:
dist: 3.193628593736632 vs. 3.193628593736632
list:
dist: 2.0418949102117745 vs. 2.0418949102117745
list:
dist: 4.281937717098965 vs. 4.281937717098965
list:
dist: 2.483246221396459 vs. 2.483246221396459
list:
dist: 3.9148876895639764 vs. 3.9148876895639764
list:
dist: 3.050043673862306 vs. 3.050043673862306
list:
dist: 2.590786502415298 vs. 2.590786502415298
list:
dist: 3.3452557859929715 vs. 3.3452557859929715
list:
dist: 2.7162808622091053 vs. 2.7162808622091053
list:
dist: 2.8237032576819843 vs. 2.8237032576819843
list:
dist: 2.0826814504844045 vs. 2.0826814504844045
list:
dist: 3.63113609420474 vs. 3.63113609420474
list:
dist: 1.937222069523534 vs. 1.937222069523534
list:
dist: 2.0895848373002104 vs. 2.0895848373002104
list:
dist: 3.0138992182015465 vs. 3.0138992182015465
list:
dist: 0.8347476037938569 vs. 0.8347476037938569
list:
dist: 1.2578237153397407 vs. 1.2578237153397407
list:
dist: 1.2786497647752058 vs. 1.2786497647752058
list:
dist: 1.5665955063461328 vs. 1.5665955063461328
list:
dist: 1.1988336554333574 vs. 1.1988336554333574
list:
dist: 2.197278001108114 vs. 2.197278001108114
list:
dist: 1.153629681921208 vs. 1.153629681921208
list:
dist: 1.6964648716108728 vs. 1.6964648716108728
list:
dist: 2.2289239710995954 vs. 2.2289239710995954
list:
dist: 1.4711325621733815 vs. 1.4711325621733815
list:
dist: 3.276371968098202 vs. 3.276371968098202
list:
dist: 3.213898737525284 vs. 3.213898737525284
list:
dist: 3.96017926792743 vs. 3.96017926792743
list:
dist: 2.1799849416959596 vs. 2.1799849416959596
list:
dist: 3.512939815393445 vs. 3.512939815393445
list:
dist: 2.4284271131411708 vs. 2.4284271131411708
list:
dist: 2.3755827206436937 vs. 2.3755827206436937
list:
dist: 1.589086855013029 vs. 1.589086855013029
list:
dist: 0.93298777436327 vs. 0.93298777436327
list:
dist: 0.9567069285852974 vs. 0.9567069285852974
list:
dist: 0.8985920727441843 vs. 0.8985920727441843
list:
dist: 2.5115945577486167 vs. 2.5115945577486167
list:
dist: 2.6743242715336657 vs. 2.6743242715336657
list:
dist: 3.3472992628494835 vs. 3.3472992628494835
list:
dist: 2.8237032576819843 vs. 2.8237032576819843
list:
dist: 2.575142256131863 vs. 2.575142256131863
list:
dist: 1.6894946086134262 vs. 1.6894946086134262
list:
dist: 2.321169689401184 vs. 2.321169689401184
list:
dist: 2.2580300969896228 vs. 2.2580300969896228
list:
dist: 2.3004510858556246 vs. 2.3004510858556246
list:
dist: 1.4085643693267185 vs. 1.4085643693267185
list:
dist: 3.4177617442419392 vs. 3.4177617442419392
list:
dist: 1.9710650655092143 vs. 1.9710650655092143
list:
dist: 3.1830082294802073 vs. 3.1830082294802073
list:
dist: 4.736479353249747 vs. 4.736479353249747
list:
dist: 4.226731291649173 vs. 4.226731291649173
list:
dist: 2.7221419004643246 vs. 2.7221419004643246
list:
dist: 2.4322284787359414 vs. 2.4322284787359414
list:
dist: 3.326750799824166 vs. 3.326750799824166
list:
dist: 1.7727092192054945 vs. 1.7727092192054945
list:
dist: 3.0205328559616365 vs. 3.0205328559616365
list:
dist: 1.9192007594153033 vs. 1.9192007594153033
list:
dist: 1.4929017406458351 vs. 1.4929017406458351
list:
dist: 1.6580111373526238 vs. 1.6580111373526238
list:
dist: 0.93298777436327 vs. 0.93298777436327
list:
dist: 0.7170246878103054 vs. 0.7170246878103054
list:
dist: 1.697809370136231 vs. 1.697809370136231
list:
dist: 2.0965757282372572 vs. 2.0965757282372572
list:
dist: 2.394198982066774 vs. 2.394198982066774
list:
dist: 2.64898555601422 vs. 2.64898555601422
list:
dist: 2.7162808622091053 vs. 2.7162808622091053
list:
dist: 2.4512984624594063 vs. 2.4512984624594063
list:
dist: 1.5346552272595269 vs. 1.5346552272595269
list:
dist: 2.3456609216810924 vs. 2.3456609216810924
list:
dist: 2.670383646787362 vs. 2.670383646787362
list:
dist: 1.846862896819074 vs. 1.846862896819074
list:
dist: 1.581892772079313 vs. 1.581892772079313
list:
dist: 3.0441900196542315 vs. 3.0441900196542315
list:
dist: 2.4370371977996066 vs. 2.4370371977996066
list:
dist: 1.6106141343755342 vs. 1.6106141343755342
list:
dist: 2.056416728807369 vs. 2.056416728807369
list:
dist: 2.1693887808759684 vs. 2.1693887808759684
list:
dist: 1.8198743797209322 vs. 1.8198743797209322
list:
dist: 1.129203202976384 vs. 1.129203202976384
list:
dist: 1.8888053288008806 vs. 1.8888053288008806
list:
dist: 1.448960406608196 vs. 1.448960406608196
list:
dist: 1.9192007594153033 vs. 1.9192007594153033
list:
dist: 2.4284271131411708 vs. 2.4284271131411708
list:
dist: 1.844937294586415 vs. 1.844937294586415
list:
dist: 1.9510702301942258 vs. 1.9510702301942258
list:
dist: 1.2233262224647943 vs. 1.2233262224647943
list:
dist: 1.3342950321207951 vs. 1.3342950321207951
list:
dist: 1.278972081592908 vs. 1.278972081592908
list:
dist: 3.050043673862306 vs. 3.050043673862306
list:
dist: 2.3665340582772454 vs. 2.3665340582772454
list:
dist: 2.048349134649268 vs. 2.048349134649268
list:
dist: 2.2136558352971294 vs. 2.2136558352971294
list:
dist: 3.192273636958922 vs. 3.192273636958922
list:
dist: 2.0781341521915255 vs. 2.0781341521915255
list:
dist: 1.6932715619050924 vs. 1.6932715619050924
list:
dist: 3.4284225270989115 vs. 3.4284225270989115
list:
dist: 1.4422373024600168 vs. 1.4422373024600168
list:
dist: 1.278972081592908 vs. 1.278972081592908
list:
dist: 1.774246593225195 vs. 1.774246593225195
list:
dist: 2.701910364087006 vs. 2.701910364087006
list:
dist: 2.64898555601422 vs. 2.64898555601422
list:
dist: 3.3472992628494835 vs. 3.3472992628494835
list:
dist: 2.528666667158462 vs. 2.528666667158462
list:
dist: 0.6860714427684321 vs. 0.6860714427684321
list:
dist: 1.3278648831196742 vs. 1.3278648831196742
list:
dist: 1.584948327255444 vs. 1.584948327255444
list:
dist: 3.0138992182015465 vs. 3.0138992182015465
list:
dist: 2.45725593716938 vs. 2.45725593716938
list:
dist: 2.42558159285447 vs. 2.42558159285447
list:
dist: 2.576451425300293 vs. 2.576451425300293
list:
dist: 3.720540154029043 vs. 3.720540154029043
list:
dist: 2.0121590390408057 vs. 2.0121590390408057
list:
dist: 2.5917155236893366 vs. 2.5917155236893366
list:
dist: 3.0221767560931596 vs. 3.0221767560931596
list:
dist: 2.2457805108477538 vs. 2.2457805108477538
list:
dist: 3.5086404812732916 vs. 3.5086404812732916
list:
dist: 3.039153706930815 vs. 3.039153706930815
list:
dist: 0.7472636256372669 vs. 0.7472636256372669
list:
dist: 1.3367737378372948 vs. 1.3367737378372948
list:
dist: 2.0103079556035546 vs. 2.0103079556035546
list:
dist: 1.7862090958634607 vs. 1.7862090958634607
list:
dist: 2.1693887808759684 vs. 2.1693887808759684
list:
dist: 3.0763473805371833 vs. 3.0763473805371833
list:
dist: 2.908912959918264 vs. 2.908912959918264
list:
dist: 3.326750799824166 vs. 3.326750799824166
list:
dist: 3.96017926792743 vs. 3.96017926792743
list:
dist: 3.649517600539171 vs. 3.649517600539171
list:
dist: 2.7283440337711706 vs. 2.7283440337711706
list:
dist: 2.096917982536314 vs. 2.096917982536314
list:
dist: 3.0763473805371833 vs. 3.0763473805371833
list:
dist: 2.4350542657397134 vs. 2.4350542657397134
list:
dist: 2.7697284204839447 vs. 2.7697284204839447
list:
dist: 1.8888053288008806 vs. 1.8888053288008806
list:
dist: 2.6281897764954283 vs. 2.6281897764954283
list:
dist: 1.4929017406458351 vs. 1.4929017406458351
list:
dist: 2.3755827206436937 vs. 2.3755827206436937
list:
dist: 1.629603946513154 vs. 1.629603946513154
list:
dist: 2.1981160494595136 vs. 2.1981160494595136
list:
dist: 1.8204146348783523 vs. 1.8204146348783523
list:
dist: 2.2889525646456903 vs. 2.2889525646456903
list:
dist: 1.774246593225195 vs. 1.774246593225195
list:
dist: 2.590786502415298 vs. 2.590786502415298
list:
dist: 2.4063959171550553 vs. 2.4063959171550553
list:
dist: 1.8230042101178028 vs. 1.8230042101178028
list:
dist: 2.5923631370842504 vs. 2.5923631370842504
list:
dist: 3.31905678833298 vs. 3.31905678833298
list:
dist: 1.427670220536251 vs. 1.427670220536251
list:
dist: 2.3906118172301287 vs. 2.3906118172301287
list:
dist: 2.3943073828946586 vs. 2.3943073828946586
list:
dist: 1.4993570239147807 vs. 1.4993570239147807
list:
dist: 2.339899529046792 vs. 2.339899529046792
list:
dist: 1.7862090958634607 vs. 1.7862090958634607
list:
dist: 2.429699657502125 vs. 2.429699657502125
list:
dist: 1.129203202976384 vs. 1.129203202976384
list:
dist: 2.7697284204839447 vs. 2.7697284204839447
list:
dist: 2.2577895268740624 vs. 2.2577895268740624
list:
dist: 3.0205328559616365 vs. 3.0205328559616365
list:
dist: 3.512939815393445 vs. 3.512939815393445
list:
dist: 2.9703605872343855 vs. 2.9703605872343855
list:
dist: 1.8663325747617587 vs. 1.8663325747617587
list:
dist: 1.9777549649261075 vs. 1.9777549649261075
list:
dist: 1.9319604011690406 vs. 1.9319604011690406
list:
dist: 1.4422373024600168 vs. 1.4422373024600168
list:
dist: 3.9148876895639764 vs. 3.9148876895639764
list:
dist: 3.174535085047217 vs. 3.174535085047217
list:
dist: 3.0805036143629425 vs. 3.0805036143629425
list:
dist: 3.0339571381361643 vs. 3.0339571381361643
list:
dist: 4.110179611741679 vs. 4.110179611741679
list:
dist: 3.0068355549000216 vs. 3.0068355549000216
list:
dist: 2.6682904395631124 vs. 2.6682904395631124
list:
dist: 1.8663325747617587 vs. 1.8663325747617587
list:
dist: 1.9510702301942258 vs. 1.9510702301942258
list:
dist: 2.1981160494595136 vs. 2.1981160494595136
list:
dist: 1.8214633495354882 vs. 1.8214633495354882
list:
dist: 2.0433710870131208 vs. 2.0433710870131208
list:
dist: 0.6860714427684321 vs. 0.6860714427684321
list:
dist: 1.7303253553952571 vs. 1.7303253553952571
list:
dist: 3.3407946909835884 vs. 3.3407946909835884
list:
dist: 3.0989935287685544 vs. 3.0989935287685544
list:
dist: 2.942659793183823 vs. 2.942659793183823
list:
dist: 2.4370371977996066 vs. 2.4370371977996066
list:
dist: 1.9710650655092143 vs. 1.9710650655092143
list:
dist: 1.852036456112692 vs. 1.852036456112692
list:
dist: 2.483246221396459 vs. 2.483246221396459
list:
dist: 1.6964648716108728 vs. 1.6964648716108728
list:
dist: 1.8501329061173706 vs. 1.8501329061173706
list:
dist: 1.5404543884520683 vs. 1.5404543884520683
list:
dist: 1.7069890552127522 vs. 1.7069890552127522
list:
dist: 0.7542044471956298 vs. 0.7542044471956298
list:
dist: 2.1746283726878928 vs. 2.1746283726878928
list:
dist: 1.873867666803446 vs. 1.873867666803446
list:
dist: 2.6212767373611814 vs. 2.6212767373611814
list:
dist: 3.0339571381361643 vs. 3.0339571381361643
list:
dist: 2.2136558352971294 vs. 2.2136558352971294
list:
dist: 2.5923631370842504 vs. 2.5923631370842504
list:
dist: 2.330037548074406 vs. 2.330037548074406
list:
dist: 2.3456609216810924 vs. 2.3456609216810924
list:
dist: 2.321169689401184 vs. 2.321169689401184
list:
dist: 1.6500915199879307 vs. 1.6500915199879307
list:
dist: 3.048510270234529 vs. 3.048510270234529
list:
dist: 1.2530563988680987 vs. 1.2530563988680987
list:
dist: 1.1626261602744403 vs. 1.1626261602744403
list:
dist: 2.576451425300293 vs. 2.576451425300293
list:
dist: 1.2786497647752058 vs. 1.2786497647752058
list:
dist: 0.5626014773880122 vs. 0.5626014773880122
list:
dist: 0.9666794356620474 vs. 0.9666794356620474
list:
dist: 1.2174649904878634 vs. 1.2174649904878634
list:
dist: 1.3755570556463796 vs. 1.3755570556463796
list:
dist: 1.1747410974634063 vs. 1.1747410974634063
list:
dist: 2.266136068581333 vs. 2.266136068581333
list:
dist: 1.7069890552127522 vs. 1.7069890552127522
list:
dist: 2.8778343872592376 vs. 2.8778343872592376
list:
dist: 1.737866697757102 vs. 1.737866697757102
list:
dist: 3.0805036143629425 vs. 3.0805036143629425
list:
dist: 2.048349134649268 vs. 2.048349134649268
list:
dist: 1.8230042101178028 vs. 1.8230042101178028
list:
dist: 2.1518663879002613 vs. 2.1518663879002613
list:
dist: 1.5346552272595269 vs. 1.5346552272595269
list:
dist: 1.6894946086134262 vs. 1.6894946086134262
list:
dist: 0.8579251201688896 vs. 0.8579251201688896
list:
dist: 2.5456032249659826 vs. 2.5456032249659826
list:
dist: 1.289969289302458 vs. 1.289969289302458
list:
dist: 1.519449283053941 vs. 1.519449283053941
list:
dist: 2.42558159285447 vs. 2.42558159285447
list:
dist: 1.2578237153397407 vs. 1.2578237153397407
list:
dist: 0.9522716479232283 vs. 0.9522716479232283
list:
dist: 0.9666794356620474 vs. 0.9666794356620474
list:
dist: 1.5044523655470619 vs. 1.5044523655470619
list:
dist: 0.7909383220407465 vs. 0.7909383220407465
list:
dist: 1.1217700273893718 vs. 1.1217700273893718
list:
dist: 1.9369929735696396 vs. 1.9369929735696396
list:
dist: 1.5404543884520683 vs. 1.5404543884520683
list:
dist: 3.2172253345603186 vs. 3.2172253345603186
list:
dist: 2.3092999008534703 vs. 2.3092999008534703
list:
dist: 4.110179611741679 vs. 4.110179611741679
list:
dist: 3.192273636958922 vs. 3.192273636958922
list:
dist: 3.31905678833298 vs. 3.31905678833298
list:
dist: 2.806445746469399 vs. 2.806445746469399
list:
dist: 2.670383646787362 vs. 2.670383646787362
list:
dist: 2.2580300969896228 vs. 2.2580300969896228
list:
dist: 1.9926183154914414 vs. 1.9926183154914414
list:
dist: 2.7895327240083407 vs. 2.7895327240083407
list:
dist: 2.4085856551359486 vs. 2.4085856551359486
list:
dist: 2.348868178136092 vs. 2.348868178136092
list:
dist: 3.720540154029043 vs. 3.720540154029043
list:
dist: 1.5665955063461328 vs. 1.5665955063461328
list:
dist: 1.4820863632442765 vs. 1.4820863632442765
list:
dist: 1.5044523655470619 vs. 1.5044523655470619
list:
dist: 1.2174649904878634 vs. 1.2174649904878634
list:
dist: 2.1388429929802184 vs. 2.1388429929802184
list:
dist: 1.643290842785459 vs. 1.643290842785459
list:
dist: 2.6755082195185564 vs. 2.6755082195185564
list:
dist: 0.7542044471956298 vs. 0.7542044471956298
list:
dist: 3.509907631401299 vs. 3.509907631401299
list:
dist: 2.411870793746871 vs. 2.411870793746871
list:
dist: 3.3407946909835884 vs. 3.3407946909835884
list:
dist: 3.0018509525077475 vs. 3.0018509525077475
list:
dist: 3.0505287713261415 vs. 3.0505287713261415
list:
dist: 3.5086404812732916 vs. 3.5086404812732916
list:
dist: 2.2289239710995954 vs. 2.2289239710995954
list:
dist: 2.4086668400441016 vs. 2.4086668400441016
list:
dist: 3.2172253345603186 vs. 3.2172253345603186
list:
dist: 2.8778343872592376 vs. 2.8778343872592376
list:
dist: 3.509907631401299 vs. 3.509907631401299
list:
dist: 2.7586708359681595 vs. 2.7586708359681595
list:
dist: 3.9788440052774376 vs. 3.9788440052774376
list:
dist: 2.056208017038043 vs. 2.056208017038043
list:
dist: 2.1903531390821906 vs. 2.1903531390821906
list:
dist: 1.243532135006174 vs. 1.243532135006174
list:
dist: 2.6682904395631124 vs. 2.6682904395631124
list:
dist: 1.6932715619050924 vs. 1.6932715619050924
list:
dist: 2.3906118172301287 vs. 2.3906118172301287
list:
dist: 1.2198034665962665 vs. 1.2198034665962665
list:
dist: 1.581892772079313 vs. 1.581892772079313
list:
dist: 1.4085643693267185 vs. 1.4085643693267185
list:
dist: 1.0360553793583136 vs. 1.0360553793583136
list:
dist: 2.0418949102117745 vs. 2.0418949102117745
list:
dist: 1.4668779436462487 vs. 1.4668779436462487
list:
dist: 1.4326764547650574 vs. 1.4326764547650574
list:
dist: 2.5917155236893366 vs. 2.5917155236893366
list:
dist: 2.197278001108114 vs. 2.197278001108114
list:
dist: 1.6002822377984944 vs. 1.6002822377984944
list:
dist: 1.1217700273893718 vs. 1.1217700273893718
list:
dist: 1.1747410974634063 vs. 1.1747410974634063
list:
dist: 1.643290842785459 vs. 1.643290842785459
list:
dist: 1.7748530880109643 vs. 1.7748530880109643
list:
dist: 3.0287149996059104 vs. 3.0287149996059104
list:
dist: 1.873867666803446 vs. 1.873867666803446
list:
dist: 3.9788440052774376 vs. 3.9788440052774376
list:
dist: 2.8879604950090987 vs. 2.8879604950090987
list:
dist: 3.174535085047217 vs. 3.174535085047217
list:
dist: 2.3665340582772454 vs. 2.3665340582772454
list:
dist: 2.4063959171550553 vs. 2.4063959171550553
list:
dist: 2.717658420542506 vs. 2.717658420542506
list:
dist: 2.4512984624594063 vs. 2.4512984624594063
list:
dist: 2.575142256131863 vs. 2.575142256131863
list:
dist: 1.7802202685031943 vs. 1.7802202685031943
list:
dist: 3.3765712241663843 vs. 3.3765712241663843
list:
dist: 1.231573580226777 vs. 1.231573580226777
list:
dist: 1.2860624634094955 vs. 1.2860624634094955
list:
dist: 2.45725593716938 vs. 2.45725593716938
list:
dist: 0.8347476037938569 vs. 0.8347476037938569
list:
dist: 0.9522716479232283 vs. 0.9522716479232283
list:
dist: 0.5626014773880122 vs. 0.5626014773880122
list:
dist: 1.4820863632442765 vs. 1.4820863632442765
list:
dist: 1.0378786378085758 vs. 1.0378786378085758
list:
dist: 1.6002822377984944 vs. 1.6002822377984944
list:
dist: 1.7334243402229996 vs. 1.7334243402229996
list:
dist: 1.8501329061173706 vs. 1.8501329061173706
list:
dist: 2.4086668400441016 vs. 2.4086668400441016
list:
dist: 1.3780484330204736 vs. 1.3780484330204736
list:
dist: 1.9319604011690406 vs. 1.9319604011690406
list:
dist: 1.3342950321207951 vs. 1.3342950321207951
list:
dist: 2.2889525646456903 vs. 2.2889525646456903
list:
dist: 2.063737351814601 vs. 2.063737351814601
list:
dist: 2.394198982066774 vs. 2.394198982066774
list:
dist: 2.6743242715336657 vs. 2.6743242715336657
list:
dist: 1.9026631330322337 vs. 1.9026631330322337
list:
dist: 2.0433710870131208 vs. 2.0433710870131208
list:
dist: 0.4830074887051719 vs. 0.4830074887051719
list:
dist: 1.584948327255444 vs. 1.584948327255444
list:
dist: 2.0895848373002104 vs. 2.0895848373002104
list:
dist: 1.2860624634094955 vs. 1.2860624634094955
list:
dist: 1.519449283053941 vs. 1.519449283053941
list:
dist: 1.1626261602744403 vs. 1.1626261602744403
list:
dist: 2.348868178136092 vs. 2.348868178136092
list:
dist: 1.5486387680000147 vs. 1.5486387680000147
list:
dist: 1.4326764547650574 vs. 1.4326764547650574
list:
dist: 2.6907422269877785 vs. 2.6907422269877785
list:
dist: 2.725962554997696 vs. 2.725962554997696
list:
dist: 3.0505287713261415 vs. 3.0505287713261415
list:
dist: 2.089223281621852 vs. 2.089223281621852
list:
dist: 1.7303253553952571 vs. 1.7303253553952571
list:
dist: 2.6381198588081385 vs. 2.6381198588081385
list:
dist: 2.725962554997696 vs. 2.725962554997696
list:
dist: 2.2457805108477538 vs. 2.2457805108477538
list:
dist: 2.1903531390821906 vs. 2.1903531390821906
list:
dist: 2.4906177656721975 vs. 2.4906177656721975
list:
dist: 3.0068355549000216 vs. 3.0068355549000216
list:
dist: 2.0781341521915255 vs. 2.0781341521915255
list:
dist: 1.427670220536251 vs. 1.427670220536251
list:
dist: 2.6380587875545434 vs. 2.6380587875545434
list:
dist: 1.846862896819074 vs. 1.846862896819074
list:
dist: 2.3004510858556246 vs. 2.3004510858556246
list:
dist: 1.3657841103419472 vs. 1.3657841103419472
list:
dist: 3.193628593736632 vs. 3.193628593736632
list:
dist: 1.1631288367086994 vs. 1.1631288367086994
list:
dist: 1.5486387680000147 vs. 1.5486387680000147
list:
dist: 2.0121590390408057 vs. 2.0121590390408057
list:
dist: 1.1988336554333574 vs. 1.1988336554333574
list:
dist: 1.0378786378085758 vs. 1.0378786378085758
list:
dist: 0.7909383220407465 vs. 0.7909383220407465
list:
dist: 1.3755570556463796 vs. 1.3755570556463796
list:
dist: 2.1388429929802184 vs. 2.1388429929802184
list:
dist: 1.7748530880109643 vs. 1.7748530880109643
list:
dist: 1.403793629309037 vs. 1.403793629309037
list:
dist: 2.1746283726878928 vs. 2.1746283726878928
list:
dist: 2.7586708359681595 vs. 2.7586708359681595
list:
dist: 2.097493326169385 vs. 2.097493326169385
list:
dist: 3.0989935287685544 vs. 3.0989935287685544
list:
dist: 2.1530358108453655 vs. 2.1530358108453655
list:
dist: 2.089223281621852 vs. 2.089223281621852
list:
dist: 3.039153706930815 vs. 3.039153706930815
list:
dist: 1.4711325621733815 vs. 1.4711325621733815
list:
dist: 1.3780484330204736 vs. 1.3780484330204736
list:
dist: 2.3092999008534703 vs. 2.3092999008534703
list:
dist: 1.737866697757102 vs. 1.737866697757102
list:
dist: 2.411870793746871 vs. 2.411870793746871
list:
dist: 2.097493326169385 vs. 2.097493326169385
list:
dist: 2.8879604950090987 vs. 2.8879604950090987
list:
dist: 1.9614400197433104 vs. 1.9614400197433104
list:
dist: 2.4906177656721975 vs. 2.4906177656721975
list:
dist: 1.243532135006174 vs. 1.243532135006174
list:
dist: 3.4284225270989115 vs. 3.4284225270989115
list:
dist: 2.3943073828946586 vs. 2.3943073828946586
list:
dist: 3.0441900196542315 vs. 3.0441900196542315
list:
dist: 3.4177617442419392 vs. 3.4177617442419392
list:
dist: 2.598668203022565 vs. 2.598668203022565
list:
dist: 4.281937717098965 vs. 4.281937717098965
list:
dist: 2.3848179217034042 vs. 2.3848179217034042
list:
dist: 2.6907422269877785 vs. 2.6907422269877785
list:
dist: 3.0221767560931596 vs. 3.0221767560931596
list:
dist: 1.153629681921208 vs. 1.153629681921208
list:
dist: 1.7334243402229996 vs. 1.7334243402229996
list:
dist: 1.9369929735696396 vs. 1.9369929735696396
list:
dist: 2.266136068581333 vs. 2.266136068581333
list:
dist: 2.6755082195185564 vs. 2.6755082195185564
list:
dist: 1.403793629309037 vs. 1.403793629309037
list:
dist: 3.0287149996059104 vs. 3.0287149996059104
list:
dist: 2.6212767373611814 vs. 2.6212767373611814
list:
dist: 2.056208017038043 vs. 2.056208017038043
list:
dist: 1.9614400197433104 vs. 1.9614400197433104
list:
dist: 1.9777549649261075 vs. 1.9777549649261075
list:
dist: 1.2233262224647943 vs. 1.2233262224647943
list:
dist: 1.8204146348783523 vs. 1.8204146348783523
list:
dist: 2.08900032136482 vs. 2.08900032136482
list:
dist: 2.0965757282372572 vs. 2.0965757282372572
list:
dist: 2.5115945577486167 vs. 2.5115945577486167
list:
dist: 1.6498593010056948 vs. 1.6498593010056948
list:
dist: 1.8214633495354882 vs. 1.8214633495354882
list:
dist: 0.4830074887051719 vs. 0.4830074887051719
list:
dist: 1.3278648831196742 vs. 1.3278648831196742
list:
dist: 1.937222069523534 vs. 1.937222069523534
list:
dist: 1.231573580226777 vs. 1.231573580226777
list:
dist: 1.289969289302458 vs. 1.289969289302458
list:
dist: 1.2530563988680987 vs. 1.2530563988680987
list:
dist: 2.4085856551359486 vs. 2.4085856551359486
list:
dist: 1.1631288367086994 vs. 1.1631288367086994
list:
dist: 1.4668779436462487 vs. 1.4668779436462487
list:
dist: 2.3848179217034042 vs. 2.3848179217034042
list:
dist: 2.6381198588081385 vs. 2.6381198588081385
list:
dist: 3.0018509525077475 vs. 3.0018509525077475
list:
dist: 2.1530358108453655 vs. 2.1530358108453655
list:
dist: 1.9609117451519802 vs. 1.9609117451519802
list:
dist: 2.877505875838926 vs. 2.877505875838926
list:
dist: 1.4727272889544867 vs. 1.4727272889544867
list:
dist: 1.991801332172273 vs. 1.991801332172273
list:
dist: 1.3505063555238543 vs. 1.3505063555238543
list:
dist: 1.348183307860827 vs. 1.348183307860827
list:
dist: 0.8198883678869209 vs. 0.8198883678869209
list:
dist: 0.8000470275103752 vs. 0.8000470275103752
list:
dist: 1.7672179207332923 vs. 1.7672179207332923
list:
dist: 1.9669803814505527 vs. 1.9669803814505527
list:
dist: 0.9219285268736186 vs. 0.9219285268736186
list:
dist: 2.0267939326692206 vs. 2.0267939326692206
list:
dist: 1.7555547156307025 vs. 1.7555547156307025
list:
dist: 2.849548152701612 vs. 2.849548152701612
list:
dist: 1.0810315909765558 vs. 1.0810315909765558
list:
dist: 2.04814757569613 vs. 2.04814757569613
list:
dist: 1.600686292622514 vs. 1.600686292622514
list:
dist: 1.9332937096809764 vs. 1.9332937096809764
list:
dist: 2.559913100856448 vs. 2.559913100856448
list:
dist: 2.344212632195592 vs. 2.344212632195592
list:
dist: 0.9219285268736186 vs. 0.9219285268736186
list:
dist: 2.517569421188156 vs. 2.517569421188156
list:
dist: 1.9032284042278385 vs. 1.9032284042278385
list:
dist: 1.9702593052309592 vs. 1.9702593052309592
list:
dist: 0.9592107751093932 vs. 0.9592107751093932
list:
dist: 1.4850753412719864 vs. 1.4850753412719864
list:
dist: 1.864536798931724 vs. 1.864536798931724
list:
dist: 1.1769405182065253 vs. 1.1769405182065253
list:
dist: 1.6273959451287694 vs. 1.6273959451287694
list:
dist: 1.3687139805105288 vs. 1.3687139805105288
list:
dist: 2.1761009669333196 vs. 2.1761009669333196
list:
dist: 0.9461083149817675 vs. 0.9461083149817675
list:
dist: 1.4038924867867977 vs. 1.4038924867867977
list:
dist: 1.3708200203332626 vs. 1.3708200203332626
list:
dist: 1.6762594648025178 vs. 1.6762594648025178
list:
dist: 1.996748154130123 vs. 1.996748154130123
list:
dist: 1.9738828340287544 vs. 1.9738828340287544
list:
dist: 4.1595329635715235 vs. 4.1595329635715235
list:
dist: 0.9361503148981875 vs. 0.9361503148981875
list:
dist: 2.8258270416178703 vs. 2.8258270416178703
list:
dist: 1.344556980880034 vs. 1.344556980880034
list:
dist: 1.9609117451519802 vs. 1.9609117451519802
list:
dist: 2.249056689960109 vs. 2.249056689960109
list:
dist: 1.293640786037041 vs. 1.293640786037041
list:
dist: 0.9400056457589892 vs. 0.9400056457589892
list:
dist: 2.2376427839596587 vs. 2.2376427839596587
list:
dist: 1.1842009402799227 vs. 1.1842009402799227
list:
dist: 1.548443465947816 vs. 1.548443465947816
list:
dist: 2.967258320338995 vs. 2.967258320338995
list:
dist: 1.548443465947816 vs. 1.548443465947816
list:
dist: 2.141025442693349 vs. 2.141025442693349
list:
dist: 3.5142121142238767 vs. 3.5142121142238767
list:
dist: 2.2920711254943242 vs. 2.2920711254943242
list:
dist: 1.7672179207332923 vs. 1.7672179207332923
list:
dist: 2.7306688760205318 vs. 2.7306688760205318
list:
dist: 1.3288020931873354 vs. 1.3288020931873354
list:
dist: 1.2149150955225796 vs. 1.2149150955225796
list:
dist: 1.716878753382593 vs. 1.716878753382593
list:
dist: 1.2392175409875137 vs. 1.2392175409875137
list:
dist: 2.0118660429174495 vs. 2.0118660429174495
list:
dist: 2.9237137243087865 vs. 2.9237137243087865
list:
dist: 1.864536798931724 vs. 1.864536798931724
list:
dist: 3.4489741165337002 vs. 3.4489741165337002
list:
dist: 3.1419546049261746 vs. 3.1419546049261746
list:
dist: 2.9953715466704804 vs. 2.9953715466704804
list:
dist: 2.0763955802506517 vs. 2.0763955802506517
list:
dist: 2.8703930775198114 vs. 2.8703930775198114
list:
dist: 1.7573695829292746 vs. 1.7573695829292746
list:
dist: 1.143684338592826 vs. 1.143684338592826
list:
dist: 3.1722440223778188 vs. 3.1722440223778188
list:
dist: 2.5139381709499573 vs. 2.5139381709499573
list:
dist: 2.612204854836612 vs. 2.612204854836612
list:
dist: 3.8516821499225062 vs. 3.8516821499225062
list:
dist: 3.7094498094739468 vs. 3.7094498094739468
list:
dist: 4.16507676340042 vs. 4.16507676340042
list:
dist: 2.967258320338995 vs. 2.967258320338995
list:
dist: 3.597383729501505 vs. 3.597383729501505
list:
dist: 3.6899701890132226 vs. 3.6899701890132226
list:
dist: 4.736479353249747 vs. 4.736479353249747
list:
dist: 1.8941382119882482 vs. 1.8941382119882482
list:
dist: 2.17970377562058 vs. 2.17970377562058
list:
dist: 1.9231568393164336 vs. 1.9231568393164336
list:
dist: 2.5028447638733433 vs. 2.5028447638733433
list:
dist: 2.0118660429174495 vs. 2.0118660429174495
list:
dist: 2.1338155964307854 vs. 2.1338155964307854
list:
dist: 1.9684943039515874 vs. 1.9684943039515874
list:
dist: 2.0088680410674065 vs. 2.0088680410674065
list:
dist: 2.4319959332472996 vs. 2.4319959332472996
list:
dist: 1.2128696475349843 vs. 1.2128696475349843
list:
dist: 1.0842094943204235 vs. 1.0842094943204235
list:
dist: 2.2481075500844705 vs. 2.2481075500844705
list:
dist: 1.0564043840191117 vs. 1.0564043840191117
list:
dist: 0.9163642049318611 vs. 0.9163642049318611
list:
dist: 2.0836846336709676 vs. 2.0836846336709676
list:
dist: 1.7592177985319009 vs. 1.7592177985319009
list:
dist: 2.2614194787129236 vs. 2.2614194787129236
list:
dist: 2.8412738787180984 vs. 2.8412738787180984
list:
dist: 1.600686292622514 vs. 1.600686292622514
list:
dist: 3.5075476898620996 vs. 3.5075476898620996
list:
dist: 1.4709825459854278 vs. 1.4709825459854278
list:
dist: 1.7518897705964902 vs. 1.7518897705964902
list:
dist: 0.8236505731033389 vs. 0.8236505731033389
list:
dist: 1.767464901320257 vs. 1.767464901320257
list:
dist: 1.7573695829292746 vs. 1.7573695829292746
list:
dist: 1.2128696475349843 vs. 1.2128696475349843
list:
dist: 2.2332245782879423 vs. 2.2332245782879423
list:
dist: 1.3708200203332626 vs. 1.3708200203332626
list:
dist: 2.7512108032544678 vs. 2.7512108032544678
list:
dist: 1.964948478481869 vs. 1.964948478481869
list:
dist: 1.5624813194054568 vs. 1.5624813194054568
list:
dist: 0.819782533029167 vs. 0.819782533029167
list:
dist: 1.4184334617923928 vs. 1.4184334617923928
list:
dist: 0.9129620063967135 vs. 0.9129620063967135
list:
dist: 1.5219381188127945 vs. 1.5219381188127945
list:
dist: 1.6767481073602883 vs. 1.6767481073602883
list:
dist: 1.3154921302278757 vs. 1.3154921302278757
list:
dist: 2.6230805878675096 vs. 2.6230805878675096
list:
dist: 2.2921755109718793 vs. 2.2921755109718793
list:
dist: 2.7855981587508327 vs. 2.7855981587508327
list:
dist: 2.2463246738811384 vs. 2.2463246738811384
list:
dist: 3.7890638073412624 vs. 3.7890638073412624
list:
dist: 1.1842009402799227 vs. 1.1842009402799227
list:
dist: 2.096863963931972 vs. 2.096863963931972
list:
dist: 3.7262328746420237 vs. 3.7262328746420237
list:
dist: 1.183396479152734 vs. 1.183396479152734
list:
dist: 0.8000470275103752 vs. 0.8000470275103752
list:
dist: 1.9329160004978454 vs. 1.9329160004978454
list:
dist: 0.8761714739003749 vs. 0.8761714739003749
list:
dist: 0.6850030622028773 vs. 0.6850030622028773
list:
dist: 1.1737168322317084 vs. 1.1737168322317084
list:
dist: 1.2392175409875137 vs. 1.2392175409875137
list:
dist: 2.5028447638733433 vs. 2.5028447638733433
list:
dist: 2.625277581979389 vs. 2.625277581979389
list:
dist: 1.4850753412719864 vs. 1.4850753412719864
list:
dist: 2.7932633498945787 vs. 2.7932633498945787
list:
dist: 2.521390315365192 vs. 2.521390315365192
list:
dist: 3.2112907600877847 vs. 3.2112907600877847
list:
dist: 1.586918945445672 vs. 1.586918945445672
list:
dist: 2.640660249787192 vs. 2.640660249787192
list:
dist: 1.767464901320257 vs. 1.767464901320257
list:
dist: 1.7916886048642762 vs. 1.7916886048642762
list:
dist: 3.0616597245702333 vs. 3.0616597245702333
list:
dist: 3.182400649976993 vs. 3.182400649976993
list:
dist: 3.0059033606814496 vs. 3.0059033606814496
list:
dist: 4.338332392927003 vs. 4.338332392927003
list:
dist: 3.9017436480264074 vs. 3.9017436480264074
list:
dist: 4.509262137020605 vs. 4.509262137020605
list:
dist: 2.249056689960109 vs. 2.249056689960109
list:
dist: 2.7437235106399958 vs. 2.7437235106399958
list:
dist: 1.3666649077966035 vs. 1.3666649077966035
list:
dist: 1.991801332172273 vs. 1.991801332172273
list:
dist: 2.767230008436485 vs. 2.767230008436485
list:
dist: 2.494617761975651 vs. 2.494617761975651
list:
dist: 2.793861521930341 vs. 2.793861521930341
list:
dist: 1.9329160004978454 vs. 1.9329160004978454
list:
dist: 2.7306688760205318 vs. 2.7306688760205318
list:
dist: 3.1392823001647083 vs. 3.1392823001647083
list:
dist: 2.517569421188156 vs. 2.517569421188156
list:
dist: 2.928453846227787 vs. 2.928453846227787
list:
dist: 3.3268480687877564 vs. 3.3268480687877564
list:
dist: 4.678052426746683 vs. 4.678052426746683
list:
dist: 3.0598894143739477 vs. 3.0598894143739477
list:
dist: 3.8489482962041284 vs. 3.8489482962041284
list:
dist: 3.5075476898620996 vs. 3.5075476898620996
list:
dist: 3.5117830415153435 vs. 3.5117830415153435
list:
dist: 4.453779010693322 vs. 4.453779010693322
list:
dist: 1.344556980880034 vs. 1.344556980880034
list:
dist: 2.051710698243481 vs. 2.051710698243481
list:
dist: 1.4727272889544867 vs. 1.4727272889544867
list:
dist: 1.3666649077966035 vs. 1.3666649077966035
list:
dist: 1.7426797107906837 vs. 1.7426797107906837
list:
dist: 1.4932075551145196 vs. 1.4932075551145196
list:
dist: 2.1103918575279237 vs. 2.1103918575279237
list:
dist: 1.183396479152734 vs. 1.183396479152734
list:
dist: 2.2920711254943242 vs. 2.2920711254943242
list:
dist: 3.30163782242021 vs. 3.30163782242021
list:
dist: 2.344212632195592 vs. 2.344212632195592
list:
dist: 3.1304909757014694 vs. 3.1304909757014694
list:
dist: 3.0728425615209147 vs. 3.0728425615209147
list:
dist: 4.266175544731662 vs. 4.266175544731662
list:
dist: 2.4531017425514783 vs. 2.4531017425514783
list:
dist: 3.503527463935973 vs. 3.503527463935973
list:
dist: 2.8412738787180984 vs. 2.8412738787180984
list:
dist: 2.9718652862837875 vs. 2.9718652862837875
list:
dist: 3.9763848115446128 vs. 3.9763848115446128
list:
dist: 2.8258270416178703 vs. 2.8258270416178703
list:
dist: 2.474228584987229 vs. 2.474228584987229
list:
dist: 3.1830082294802073 vs. 3.1830082294802073
list:
dist: 3.1342761172713436 vs. 3.1342761172713436
list:
dist: 3.0844658403516805 vs. 3.0844658403516805
list:
dist: 4.2585510309780785 vs. 4.2585510309780785
list:
dist: 3.7262328746420237 vs. 3.7262328746420237
list:
dist: 3.5142121142238767 vs. 3.5142121142238767
list:
dist: 3.6899701890132226 vs. 3.6899701890132226
list:
dist: 3.2416959903329907 vs. 3.2416959903329907
list:
dist: 2.4531017425514783 vs. 2.4531017425514783
list:
dist: 1.0810315909765558 vs. 1.0810315909765558
list:
dist: 3.0598894143739477 vs. 3.0598894143739477
list:
dist: 1.570301646161605 vs. 1.570301646161605
list:
dist: 1.7989679408633314 vs. 1.7989679408633314
list:
dist: 0.4368786917840302 vs. 0.4368786917840302
list:
dist: 1.586918945445672 vs. 1.586918945445672
list:
dist: 2.0763955802506517 vs. 2.0763955802506517
list:
dist: 2.0088680410674065 vs. 2.0088680410674065
list:
dist: 1.7826448652395241 vs. 1.7826448652395241
list:
dist: 0.9461083149817675 vs. 0.9461083149817675
list:
dist: 2.0604856125625 vs. 2.0604856125625
list:
dist: 1.2680248533488243 vs. 1.2680248533488243
list:
dist: 1.8977302346329066 vs. 1.8977302346329066
list:
dist: 1.1530991419816652 vs. 1.1530991419816652
list:
dist: 0.819782533029167 vs. 0.819782533029167
list:
dist: 1.581183884154258 vs. 1.581183884154258
list:
dist: 1.5263869648773787 vs. 1.5263869648773787
list:
dist: 2.445302162281193 vs. 2.445302162281193
list:
dist: 2.0253610392430934 vs. 2.0253610392430934
list:
dist: 3.247534242786492 vs. 3.247534242786492
list:
dist: 2.8274820648647583 vs. 2.8274820648647583
list:
dist: 3.3458772562040333 vs. 3.3458772562040333
list:
dist: 2.3354940546871474 vs. 2.3354940546871474
list:
dist: 3.905927831090091 vs. 3.905927831090091
list:
dist: 1.293640786037041 vs. 1.293640786037041
list:
dist: 2.1455911674185053 vs. 2.1455911674185053
list:
dist: 3.1342761172713436 vs. 3.1342761172713436
list:
dist: 1.7426797107906837 vs. 1.7426797107906837
list:
dist: 1.3505063555238543 vs. 1.3505063555238543
list:
dist: 2.767230008436485 vs. 2.767230008436485
list:
dist: 0.3720501463773939 vs. 0.3720501463773939
list:
dist: 1.1595824554024674 vs. 1.1595824554024674
list:
dist: 0.8761714739003749 vs. 0.8761714739003749
list:
dist: 1.3288020931873354 vs. 1.3288020931873354
list:
dist: 1.8941382119882482 vs. 1.8941382119882482
list:
dist: 3.0667804507899077 vs. 3.0667804507899077
list:
dist: 1.9032284042278385 vs. 1.9032284042278385
list:
dist: 3.3064305363251445 vs. 3.3064305363251445
list:
dist: 2.753676129837825 vs. 2.753676129837825
list:
dist: 3.0319132914787397 vs. 3.0319132914787397
list:
dist: 1.570301646161605 vs. 1.570301646161605
list:
dist: 2.6714582686525246 vs. 2.6714582686525246
list:
dist: 1.4709825459854278 vs. 1.4709825459854278
list:
dist: 1.548641566103707 vs. 1.548641566103707
list:
dist: 2.9064922571117453 vs. 2.9064922571117453
list:
dist: 2.7703151465953484 vs. 2.7703151465953484
list:
dist: 2.535321314072058 vs. 2.535321314072058
list:
dist: 3.8600314627560306 vs. 3.8600314627560306
list:
dist: 3.257471645814486 vs. 3.257471645814486
list:
dist: 3.957250637856875 vs. 3.957250637856875
list:
dist: 0.9400056457589892 vs. 0.9400056457589892
list:
dist: 1.8221563482157237 vs. 1.8221563482157237
list:
dist: 3.0844658403516805 vs. 3.0844658403516805
list:
dist: 1.4932075551145196 vs. 1.4932075551145196
list:
dist: 1.348183307860827 vs. 1.348183307860827
list:
dist: 2.494617761975651 vs. 2.494617761975651
list:
dist: 0.3720501463773939 vs. 0.3720501463773939
list:
dist: 1.3668582221186454 vs. 1.3668582221186454
list:
dist: 0.6850030622028773 vs. 0.6850030622028773
list:
dist: 1.2149150955225796 vs. 1.2149150955225796
list:
dist: 2.17970377562058 vs. 2.17970377562058
list:
dist: 3.144895928364039 vs. 3.144895928364039
list:
dist: 1.9702593052309592 vs. 1.9702593052309592
list:
dist: 3.362846018189348 vs. 3.362846018189348
list:
dist: 2.921287431066611 vs. 2.921287431066611
list:
dist: 3.2975200384482393 vs. 3.2975200384482393
list:
dist: 1.7989679408633314 vs. 1.7989679408633314
list:
dist: 2.90148103775173 vs. 2.90148103775173
list:
dist: 1.7518897705964902 vs. 1.7518897705964902
list:
dist: 1.71221473336417 vs. 1.71221473336417
list:
dist: 3.1911844104728195 vs. 3.1911844104728195
list:
dist: 3.0189686650933147 vs. 3.0189686650933147
list:
dist: 2.8397517379633923 vs. 2.8397517379633923
list:
dist: 4.166946262648602 vs. 4.166946262648602
list:
dist: 3.614055360194725 vs. 3.614055360194725
list:
dist: 4.294282230351735 vs. 4.294282230351735
list:
dist: 3.257471645814486 vs. 3.257471645814486
list:
dist: 3.614055360194725 vs. 3.614055360194725
list:
dist: 2.974339866105509 vs. 2.974339866105509
list:
dist: 3.9017436480264074 vs. 3.9017436480264074
list:
dist: 3.7094498094739468 vs. 3.7094498094739468
list:
dist: 1.7592177985319009 vs. 1.7592177985319009
list:
dist: 2.3750925805295124 vs. 2.3750925805295124
list:
dist: 2.1097810231418967 vs. 2.1097810231418967
list:
dist: 2.8274820648647583 vs. 2.8274820648647583
list:
dist: 2.7726695848587464 vs. 2.7726695848587464
list:
dist: 2.2921755109718793 vs. 2.2921755109718793
list:
dist: 2.6770561096320775 vs. 2.6770561096320775
list:
dist: 2.2015516173206877 vs. 2.2015516173206877
list:
dist: 1.840058537917416 vs. 1.840058537917416
list:
dist: 1.3320237289561825 vs. 1.3320237289561825
list:
dist: 1.3776591908587028 vs. 1.3776591908587028
list:
dist: 0.9543775165627048 vs. 0.9543775165627048
list:
dist: 3.5285288537901334 vs. 3.5285288537901334
list:
dist: 3.2990185620262027 vs. 3.2990185620262027
list:
dist: 4.266175544731662 vs. 4.266175544731662
list:
dist: 2.849548152701612 vs. 2.849548152701612
list:
dist: 4.678052426746683 vs. 4.678052426746683
list:
dist: 3.0319132914787397 vs. 3.0319132914787397
list:
dist: 3.2975200384482393 vs. 3.2975200384482393
list:
dist: 2.182545459896622 vs. 2.182545459896622
list:
dist: 3.2112907600877847 vs. 3.2112907600877847
list:
dist: 2.9953715466704804 vs. 2.9953715466704804
list:
dist: 1.9684943039515874 vs. 1.9684943039515874
list:
dist: 2.2418696644150984 vs. 2.2418696644150984
list:
dist: 2.1761009669333196 vs. 2.1761009669333196
list:
dist: 2.9793736719102384 vs. 2.9793736719102384
list:
dist: 2.2029623614522467 vs. 2.2029623614522467
list:
dist: 1.8977302346329066 vs. 1.8977302346329066
list:
dist: 1.188487931892538 vs. 1.188487931892538
list:
dist: 1.5624813194054568 vs. 1.5624813194054568
list:
dist: 1.93256419975864 vs. 1.93256419975864
list:
dist: 0.8246616704532407 vs. 0.8246616704532407
list:
dist: 1.4854205298110046 vs. 1.4854205298110046
list:
dist: 1.200253495207577 vs. 1.200253495207577
list:
dist: 1.7471255665271734 vs. 1.7471255665271734
list:
dist: 2.1097810231418967 vs. 2.1097810231418967
list:
dist: 2.0448283470851476 vs. 2.0448283470851476
list:
dist: 1.443702471645689 vs. 1.443702471645689
list:
dist: 2.298431948759948 vs. 2.298431948759948
list:
dist: 2.535321314072058 vs. 2.535321314072058
list:
dist: 2.8397517379633923 vs. 2.8397517379633923
list:
dist: 2.131398902170561 vs. 2.131398902170561
list:
dist: 3.0059033606814496 vs. 3.0059033606814496
list:
dist: 2.612204854836612 vs. 2.612204854836612
list:
dist: 0.9163642049318611 vs. 0.9163642049318611
list:
dist: 2.6135077469247903 vs. 2.6135077469247903
list:
dist: 1.200253495207577 vs. 1.200253495207577
list:
dist: 2.0253610392430934 vs. 2.0253610392430934
list:
dist: 1.9796823315020025 vs. 1.9796823315020025
list:
dist: 1.3154921302278757 vs. 1.3154921302278757
list:
dist: 1.4864144324925943 vs. 1.4864144324925943
list:
dist: 1.6074404013351042 vs. 1.6074404013351042
list:
dist: 0.7049629565534579 vs. 0.7049629565534579
list:
dist: 1.3374706310149742 vs. 1.3374706310149742
list:
dist: 1.3320237289561825 vs. 1.3320237289561825
list:
dist: 1.570651517160416 vs. 1.570651517160416
list:
dist: 2.4048268876452834 vs. 2.4048268876452834
list:
dist: 3.1770187952140603 vs. 3.1770187952140603
list:
dist: 3.30163782242021 vs. 3.30163782242021
list:
dist: 1.9669803814505527 vs. 1.9669803814505527
list:
dist: 3.1392823001647083 vs. 3.1392823001647083
list:
dist: 3.0667804507899077 vs. 3.0667804507899077
list:
dist: 3.144895928364039 vs. 3.144895928364039
list:
dist: 2.0096189049180495 vs. 2.0096189049180495
list:
dist: 2.625277581979389 vs. 2.625277581979389
list:
dist: 2.9237137243087865 vs. 2.9237137243087865
list:
dist: 1.1769405182065253 vs. 1.1769405182065253
list:
dist: 0.9931311910102933 vs. 0.9931311910102933
list:
dist: 1.2107101813576815 vs. 1.2107101813576815
list:
dist: 2.2418696644150984 vs. 2.2418696644150984
list:
dist: 1.7826448652395241 vs. 1.7826448652395241
list:
dist: 1.367160250420594 vs. 1.367160250420594
list:
dist: 2.2332245782879423 vs. 2.2332245782879423
list:
dist: 2.5840746841232307 vs. 2.5840746841232307
list:
dist: 2.0235173316469894 vs. 2.0235173316469894
list:
dist: 1.533970031476855 vs. 1.533970031476855
list:
dist: 3.6601974012861582 vs. 3.6601974012861582
list:
dist: 2.2376427839596587 vs. 2.2376427839596587
list:
dist: 3.1519246669496175 vs. 3.1519246669496175
list:
dist: 4.2585510309780785 vs. 4.2585510309780785
list:
dist: 2.1103918575279237 vs. 2.1103918575279237
list:
dist: 0.8198883678869209 vs. 0.8198883678869209
list:
dist: 2.793861521930341 vs. 2.793861521930341
list:
dist: 1.1595824554024674 vs. 1.1595824554024674
list:
dist: 1.3668582221186454 vs. 1.3668582221186454
list:
dist: 1.1737168322317084 vs. 1.1737168322317084
list:
dist: 1.716878753382593 vs. 1.716878753382593
list:
dist: 1.9231568393164336 vs. 1.9231568393164336
list:
dist: 2.0096189049180495 vs. 2.0096189049180495
list:
dist: 0.9592107751093932 vs. 0.9592107751093932
list:
dist: 2.281504671198973 vs. 2.281504671198973
list:
dist: 1.6259906406062816 vs. 1.6259906406062816
list:
dist: 2.182545459896622 vs. 2.182545459896622
list:
dist: 0.4368786917840302 vs. 0.4368786917840302
list:
dist: 1.5566244921982084 vs. 1.5566244921982084
list:
dist: 0.8236505731033389 vs. 0.8236505731033389
list:
dist: 1.407871430313505 vs. 1.407871430313505
list:
dist: 1.9143261454222702 vs. 1.9143261454222702
list:
dist: 2.48508521274523 vs. 2.48508521274523
list:
dist: 2.131398902170561 vs. 2.131398902170561
list:
dist: 3.423435763410533 vs. 3.423435763410533
list:
dist: 2.974339866105509 vs. 2.974339866105509
list:
dist: 3.541482007626453 vs. 3.541482007626453
list:
dist: 2.7703151465953484 vs. 2.7703151465953484
list:
dist: 3.0189686650933147 vs. 3.0189686650933147
list:
dist: 2.48508521274523 vs. 2.48508521274523
list:
dist: 3.182400649976993 vs. 3.182400649976993
list:
dist: 2.5139381709499573 vs. 2.5139381709499573
list:
dist: 1.0564043840191117 vs. 1.0564043840191117
list:
dist: 2.5700442468582843 vs. 2.5700442468582843
list:
dist: 1.4854205298110046 vs. 1.4854205298110046
list:
dist: 2.445302162281193 vs. 2.445302162281193
list:
dist: 2.391975135103374 vs. 2.391975135103374
list:
dist: 1.6767481073602883 vs. 1.6767481073602883
list:
dist: 1.4367998332182323 vs. 1.4367998332182323
list:
dist: 2.1115526122732247 vs. 2.1115526122732247
list:
dist: 0.7049629565534579 vs. 0.7049629565534579
list:
dist: 1.3846343473742855 vs. 1.3846343473742855
list:
dist: 1.840058537917416 vs. 1.840058537917416
list:
dist: 1.8476069356265519 vs. 1.8476069356265519
list:
dist: 2.3699216878688185 vs. 2.3699216878688185
list:
dist: 3.4147856828752636 vs. 3.4147856828752636
list:
dist: 2.9718652862837875 vs. 2.9718652862837875
list:
dist: 1.9332937096809764 vs. 1.9332937096809764
list:
dist: 3.5117830415153435 vs. 3.5117830415153435
list:
dist: 1.548641566103707 vs. 1.548641566103707
list:
dist: 1.71221473336417 vs. 1.71221473336417
list:
dist: 1.407871430313505 vs. 1.407871430313505
list:
dist: 1.7916886048642762 vs. 1.7916886048642762
list:
dist: 1.143684338592826 vs. 1.143684338592826
list:
dist: 1.0842094943204235 vs. 1.0842094943204235
list:
dist: 2.5840746841232307 vs. 2.5840746841232307
list:
dist: 1.6762594648025178 vs. 1.6762594648025178
list:
dist: 3.2566934749524394 vs. 3.2566934749524394
list:
dist: 2.6807757955947165 vs. 2.6807757955947165
list:
dist: 1.93256419975864 vs. 1.93256419975864
list:
dist: 1.581183884154258 vs. 1.581183884154258
list:
dist: 2.094831617840616 vs. 2.094831617840616
list:
dist: 0.9129620063967135 vs. 0.9129620063967135
list:
dist: 2.217072947903588 vs. 2.217072947903588
list:
dist: 1.4367998332182323 vs. 1.4367998332182323
list:
dist: 1.4864144324925943 vs. 1.4864144324925943
list:
dist: 2.7289722302710984 vs. 2.7289722302710984
list:
dist: 2.6770561096320775 vs. 2.6770561096320775
list:
dist: 3.0503014194732296 vs. 3.0503014194732296
list:
dist: 2.312241746927148 vs. 2.312241746927148
list:
dist: 4.225835923465952 vs. 4.225835923465952
list:
dist: 3.0728425615209147 vs. 3.0728425615209147
list:
dist: 1.7555547156307025 vs. 1.7555547156307025
list:
dist: 3.3268480687877564 vs. 3.3268480687877564
list:
dist: 2.753676129837825 vs. 2.753676129837825
list:
dist: 2.921287431066611 vs. 2.921287431066611
list:
dist: 1.6259906406062816 vs. 1.6259906406062816
list:
dist: 2.521390315365192 vs. 2.521390315365192
list:
dist: 3.1419546049261746 vs. 3.1419546049261746
list:
dist: 1.2107101813576815 vs. 1.2107101813576815
list:
dist: 1.3687139805105288 vs. 1.3687139805105288
list:
dist: 1.088932525918305 vs. 1.088932525918305
list:
dist: 2.2029623614522467 vs. 2.2029623614522467
list:
dist: 1.2680248533488243 vs. 1.2680248533488243
list:
dist: 1.0146338446750724 vs. 1.0146338446750724
list:
dist: 1.964948478481869 vs. 1.964948478481869
list:
dist: 2.6807757955947165 vs. 2.6807757955947165
list:
dist: 1.5856424832250349 vs. 1.5856424832250349
list:
dist: 2.2719293525838578 vs. 2.2719293525838578
list:
dist: 3.5677478714949618 vs. 3.5677478714949618
list:
dist: 3.8600314627560306 vs. 3.8600314627560306
list:
dist: 4.166946262648602 vs. 4.166946262648602
list:
dist: 3.423435763410533 vs. 3.423435763410533
list:
dist: 4.338332392927003 vs. 4.338332392927003
list:
dist: 3.8516821499225062 vs. 3.8516821499225062
list:
dist: 2.0836846336709676 vs. 2.0836846336709676
list:
dist: 2.869134353908582 vs. 2.869134353908582
list:
dist: 1.7471255665271734 vs. 1.7471255665271734
list:
dist: 3.247534242786492 vs. 3.247534242786492
list:
dist: 2.849399626372449 vs. 2.849399626372449
list:
dist: 2.6230805878675096 vs. 2.6230805878675096
list:
dist: 2.7289722302710984 vs. 2.7289722302710984
list:
dist: 2.283236448297954 vs. 2.283236448297954
list:
dist: 1.3846343473742855 vs. 1.3846343473742855
list:
dist: 1.3374706310149742 vs. 1.3374706310149742
list:
dist: 1.3776591908587028 vs. 1.3776591908587028
list:
dist: 0.6831873892306627 vs. 0.6831873892306627
list:
dist: 2.9486489816583052 vs. 2.9486489816583052
list:
dist: 2.6505335747667815 vs. 2.6505335747667815
list:
dist: 3.9763848115446128 vs. 3.9763848115446128
list:
dist: 2.559913100856448 vs. 2.559913100856448
list:
dist: 4.453779010693322 vs. 4.453779010693322
list:
dist: 2.9064922571117453 vs. 2.9064922571117453
list:
dist: 3.1911844104728195 vs. 3.1911844104728195
list:
dist: 1.9143261454222702 vs. 1.9143261454222702
list:
dist: 3.0616597245702333 vs. 3.0616597245702333
list:
dist: 3.1722440223778188 vs. 3.1722440223778188
list:
dist: 2.2481075500844705 vs. 2.2481075500844705
list:
dist: 2.0235173316469894 vs. 2.0235173316469894
list:
dist: 1.996748154130123 vs. 1.996748154130123
list:
dist: 2.52187711241772 vs. 2.52187711241772
list:
dist: 1.5856424832250349 vs. 1.5856424832250349
list:
dist: 0.8246616704532407 vs. 0.8246616704532407
list:
dist: 1.5263869648773787 vs. 1.5263869648773787
list:
dist: 0.6889354884352664 vs. 0.6889354884352664
list:
dist: 1.5219381188127945 vs. 1.5219381188127945
list:
dist: 2.217072947903588 vs. 2.217072947903588
list:
dist: 2.1115526122732247 vs. 2.1115526122732247
list:
dist: 1.6074404013351042 vs. 1.6074404013351042
list:
dist: 2.283236448297954 vs. 2.283236448297954
list:
dist: 2.2015516173206877 vs. 2.2015516173206877
list:
dist: 2.3609410626931058 vs. 2.3609410626931058
list:
dist: 1.8203937147689337 vs. 1.8203937147689337
list:
dist: 2.395030945871689 vs. 2.395030945871689
list:
dist: 3.957250637856875 vs. 3.957250637856875
list:
dist: 4.294282230351735 vs. 4.294282230351735
list:
dist: 3.541482007626453 vs. 3.541482007626453
list:
dist: 4.509262137020605 vs. 4.509262137020605
list:
dist: 4.16507676340042 vs. 4.16507676340042
list:
dist: 2.2614194787129236 vs. 2.2614194787129236
list:
dist: 2.817400978112386 vs. 2.817400978112386
list:
dist: 2.0448283470851476 vs. 2.0448283470851476
list:
dist: 3.3458772562040333 vs. 3.3458772562040333
list:
dist: 2.995139181647956 vs. 2.995139181647956
list:
dist: 2.7855981587508327 vs. 2.7855981587508327
list:
dist: 3.0503014194732296 vs. 3.0503014194732296
list:
dist: 2.3609410626931058 vs. 2.3609410626931058
list:
dist: 1.8476069356265519 vs. 1.8476069356265519
list:
dist: 1.570651517160416 vs. 1.570651517160416
list:
dist: 0.6831873892306627 vs. 0.6831873892306627
list:
dist: 0.9543775165627048 vs. 0.9543775165627048
list:
dist: 3.3932526254215207 vs. 3.3932526254215207
list:
dist: 2.7303333027093615 vs. 2.7303333027093615
list:
dist: 3.2416959903329907 vs. 3.2416959903329907
list:
dist: 4.226731291649173 vs. 4.226731291649173
list:
dist: 2.1338155964307854 vs. 2.1338155964307854
list:
dist: 2.5700442468582843 vs. 2.5700442468582843
list:
dist: 2.6135077469247903 vs. 2.6135077469247903
list:
dist: 2.869134353908582 vs. 2.869134353908582
list:
dist: 2.3750925805295124 vs. 2.3750925805295124
list:
dist: 2.817400978112386 vs. 2.817400978112386
list:
dist: 3.1304909757014694 vs. 3.1304909757014694
list:
dist: 2.0267939326692206 vs. 2.0267939326692206
list:
dist: 2.928453846227787 vs. 2.928453846227787
list:
dist: 3.3064305363251445 vs. 3.3064305363251445
list:
dist: 3.362846018189348 vs. 3.362846018189348
list:
dist: 2.281504671198973 vs. 2.281504671198973
list:
dist: 2.7932633498945787 vs. 2.7932633498945787
list:
dist: 3.4489741165337002 vs. 3.4489741165337002
list:
dist: 0.9931311910102933 vs. 0.9931311910102933
list:
dist: 1.6273959451287694 vs. 1.6273959451287694
list:
dist: 1.088932525918305 vs. 1.088932525918305
list:
dist: 2.9793736719102384 vs. 2.9793736719102384
list:
dist: 2.0604856125625 vs. 2.0604856125625
list:
dist: 1.8705604879918174 vs. 1.8705604879918174
list:
dist: 2.7512108032544678 vs. 2.7512108032544678
list:
dist: 3.2566934749524394 vs. 3.2566934749524394
list:
dist: 2.52187711241772 vs. 2.52187711241772
list:
dist: 2.4964134728325895 vs. 2.4964134728325895
list:
dist: 4.1960427320132085 vs. 4.1960427320132085
list:
dist: 1.533970031476855 vs. 1.533970031476855
list:
dist: 1.9738828340287544 vs. 1.9738828340287544
list:
dist: 2.4964134728325895 vs. 2.4964134728325895
list:
dist: 2.2719293525838578 vs. 2.2719293525838578
list:
dist: 1.443702471645689 vs. 1.443702471645689
list:
dist: 2.3354940546871474 vs. 2.3354940546871474
list:
dist: 1.5818538066244703 vs. 1.5818538066244703
list:
dist: 2.2463246738811384 vs. 2.2463246738811384
list:
dist: 2.312241746927148 vs. 2.312241746927148
list:
dist: 1.8203937147689337 vs. 1.8203937147689337
list:
dist: 2.3699216878688185 vs. 2.3699216878688185
list:
dist: 2.4048268876452834 vs. 2.4048268876452834
list:
dist: 2.9486489816583052 vs. 2.9486489816583052
list:
dist: 3.5285288537901334 vs. 3.5285288537901334
list:
dist: 3.3932526254215207 vs. 3.3932526254215207
list:
dist: 2.8084624592706375 vs. 2.8084624592706375
list:
dist: 3.8273346721654744 vs. 3.8273346721654744
list:
dist: 3.503527463935973 vs. 3.503527463935973
list:
dist: 2.04814757569613 vs. 2.04814757569613
list:
dist: 3.8489482962041284 vs. 3.8489482962041284
list:
dist: 2.6714582686525246 vs. 2.6714582686525246
list:
dist: 2.90148103775173 vs. 2.90148103775173
list:
dist: 1.5566244921982084 vs. 1.5566244921982084
list:
dist: 2.640660249787192 vs. 2.640660249787192
list:
dist: 2.8703930775198114 vs. 2.8703930775198114
list:
dist: 2.4319959332472996 vs. 2.4319959332472996
list:
dist: 1.367160250420594 vs. 1.367160250420594
list:
dist: 1.4038924867867977 vs. 1.4038924867867977
list:
dist: 1.8705604879918174 vs. 1.8705604879918174
list:
dist: 1.0146338446750724 vs. 1.0146338446750724
list:
dist: 1.188487931892538 vs. 1.188487931892538
list:
dist: 1.1530991419816652 vs. 1.1530991419816652
list:
dist: 1.4184334617923928 vs. 1.4184334617923928
list:
dist: 2.094831617840616 vs. 2.094831617840616
list:
dist: 0.6889354884352664 vs. 0.6889354884352664
list:
dist: 2.391975135103374 vs. 2.391975135103374
list:
dist: 1.9796823315020025 vs. 1.9796823315020025
list:
dist: 2.849399626372449 vs. 2.849399626372449
list:
dist: 2.7726695848587464 vs. 2.7726695848587464
list:
dist: 2.995139181647956 vs. 2.995139181647956
list:
dist: 1.5818538066244703 vs. 1.5818538066244703
list:
dist: 2.8452948122763404 vs. 2.8452948122763404
list:
dist: 0.9044226050860495 vs. 0.9044226050860495
list:
dist: 1.6742024566034004 vs. 1.6742024566034004
list:
dist: 1.8152747732907777 vs. 1.8152747732907777
list:
dist: 0.3984673778185597 vs. 0.3984673778185597
list:
dist: 2.413239727178816 vs. 2.413239727178816
list:
dist: 2.1283813048018185 vs. 2.1283813048018185
list:
dist: 1.0262374453694993 vs. 1.0262374453694993
list:
dist: 1.139678563129785 vs. 1.139678563129785
list:
dist: 2.6191182820735612 vs. 2.6191182820735612
list:
dist: 1.1945835503449322 vs. 1.1945835503449322
list:
dist: 1.5922247826370282 vs. 1.5922247826370282
list:
dist: 2.7198234014559026 vs. 2.7198234014559026
list:
dist: 1.8843664384097871 vs. 1.8843664384097871
list:
dist: 1.4100704049705688 vs. 1.4100704049705688
list:
dist: 2.02239870428207 vs. 2.02239870428207
list:
dist: 2.0361738284271 vs. 2.0361738284271
list:
dist: 2.5284728847975457 vs. 2.5284728847975457
list:
dist: 3.049615396675743 vs. 3.049615396675743
list:
dist: 2.9080152319836485 vs. 2.9080152319836485
list:
dist: 2.9500530379784107 vs. 2.9500530379784107
list:
dist: 3.0531830522521215 vs. 3.0531830522521215
list:
dist: 4.084029729785502 vs. 4.084029729785502
list:
dist: 4.520643091932663 vs. 4.520643091932663
list:
dist: 1.246698083445804 vs. 1.246698083445804
list:
dist: 2.77847664182284 vs. 2.77847664182284
list:
dist: 1.832594775141263 vs. 1.832594775141263
list:
dist: 1.357193410573804 vs. 1.357193410573804
list:
dist: 1.1945835503449322 vs. 1.1945835503449322
list:
dist: 1.771409415194663 vs. 1.771409415194663
list:
dist: 1.7422433577357122 vs. 1.7422433577357122
list:
dist: 1.044960862238493 vs. 1.044960862238493
list:
dist: 1.192216462190056 vs. 1.192216462190056
list:
dist: 1.7311113065716333 vs. 1.7311113065716333
list:
dist: 1.764283785720734 vs. 1.764283785720734
list:
dist: 2.6724368927116178 vs. 2.6724368927116178
list:
dist: 1.3379063465604422 vs. 1.3379063465604422
list:
dist: 1.131168080184697 vs. 1.131168080184697
list:
dist: 1.7852465753952924 vs. 1.7852465753952924
list:
dist: 1.6708207051906763 vs. 1.6708207051906763
list:
dist: 1.9386145778930184 vs. 1.9386145778930184
list:
dist: 2.678299344587217 vs. 2.678299344587217
list:
dist: 2.1098956440325325 vs. 2.1098956440325325
list:
dist: 2.56046870126363 vs. 2.56046870126363
list:
dist: 2.7476478009892453 vs. 2.7476478009892453
list:
dist: 3.501940224122426 vs. 3.501940224122426
list:
dist: 5.304718125121401 vs. 5.304718125121401
list:
dist: 4.925767121443795 vs. 4.925767121443795
list:
dist: 3.787323915314419 vs. 3.787323915314419
list:
dist: 3.7792933047546606 vs. 3.7792933047546606
list:
dist: 3.0275447638071746 vs. 3.0275447638071746
list:
dist: 1.7097862626611668 vs. 1.7097862626611668
list:
dist: 2.3103887473145157 vs. 2.3103887473145157
list:
dist: 2.413239727178816 vs. 2.413239727178816
list:
dist: 0.8214587410487203 vs. 0.8214587410487203
list:
dist: 2.6838010278026188 vs. 2.6838010278026188
list:
dist: 2.6427159371521887 vs. 2.6427159371521887
list:
dist: 1.771409415194663 vs. 1.771409415194663
list:
dist: 2.0796567909847363 vs. 2.0796567909847363
list:
dist: 2.1362304813214053 vs. 2.1362304813214053
list:
dist: 1.3160359072267547 vs. 1.3160359072267547
list:
dist: 1.8560073249548221 vs. 1.8560073249548221
list:
dist: 2.183151205818351 vs. 2.183151205818351
list:
dist: 0.9053751781854091 vs. 0.9053751781854091
list:
dist: 2.0099711447388193 vs. 2.0099711447388193
list:
dist: 1.4463908872373563 vs. 1.4463908872373563
list:
dist: 1.2726745355642652 vs. 1.2726745355642652
list:
dist: 1.0284944447877742 vs. 1.0284944447877742
list:
dist: 2.206349088409599 vs. 2.206349088409599
list:
dist: 1.886315286329729 vs. 1.886315286329729
list:
dist: 2.620290577999944 vs. 2.620290577999944
list:
dist: 2.036507154453335 vs. 2.036507154453335
list:
dist: 3.0223130957213584 vs. 3.0223130957213584
list:
dist: 2.394096255225704 vs. 2.394096255225704
list:
dist: 1.2729794361287843 vs. 1.2729794361287843
list:
dist: 1.4100704049705688 vs. 1.4100704049705688
list:
dist: 1.8560073249548221 vs. 1.8560073249548221
list:
dist: 2.1034567259403354 vs. 2.1034567259403354
list:
dist: 1.2889821059058717 vs. 1.2889821059058717
list:
dist: 1.0423715571626948 vs. 1.0423715571626948
list:
dist: 1.6465818200159017 vs. 1.6465818200159017
list:
dist: 1.131168080184697 vs. 1.131168080184697
list:
dist: 0.7586620696441686 vs. 0.7586620696441686
list:
dist: 1.7016799471717057 vs. 1.7016799471717057
list:
dist: 0.6828304783682043 vs. 0.6828304783682043
list:
dist: 0.6901339816242255 vs. 0.6901339816242255
list:
dist: 1.2158957391953418 vs. 1.2158957391953418
list:
dist: 1.1228206496264965 vs. 1.1228206496264965
list:
dist: 2.0607217570470167 vs. 2.0607217570470167
list:
dist: 1.7348479671565065 vs. 1.7348479671565065
list:
dist: 2.1959467591706345 vs. 2.1959467591706345
list:
dist: 1.7884483350758573 vs. 1.7884483350758573
list:
dist: 3.1405146211912593 vs. 3.1405146211912593
list:
dist: 3.5223584970221604 vs. 3.5223584970221604
list:
dist: 4.107969586249333 vs. 4.107969586249333
list:
dist: 2.924327063987749 vs. 2.924327063987749
list:
dist: 3.0333593180134644 vs. 3.0333593180134644
list:
dist: 2.3011582430825097 vs. 2.3011582430825097
list:
dist: 4.0728388908375805 vs. 4.0728388908375805
list:
dist: 3.6601974012861582 vs. 3.6601974012861582
list:
dist: 4.1595329635715235 vs. 4.1595329635715235
list:
dist: 4.1960427320132085 vs. 4.1960427320132085
list:
dist: 3.5677478714949618 vs. 3.5677478714949618
list:
dist: 2.298431948759948 vs. 2.298431948759948
list:
dist: 3.905927831090091 vs. 3.905927831090091
list:
dist: 2.8452948122763404 vs. 2.8452948122763404
list:
dist: 3.7890638073412624 vs. 3.7890638073412624
list:
dist: 4.225835923465952 vs. 4.225835923465952
list:
dist: 2.395030945871689 vs. 2.395030945871689
list:
dist: 3.4147856828752636 vs. 3.4147856828752636
list:
dist: 3.1770187952140603 vs. 3.1770187952140603
list:
dist: 2.6505335747667815 vs. 2.6505335747667815
list:
dist: 3.2990185620262027 vs. 3.2990185620262027
list:
dist: 2.7303333027093615 vs. 2.7303333027093615
list:
dist: 2.8084624592706375 vs. 2.8084624592706375
list:
dist: 1.5311176227935546 vs. 1.5311176227935546
list:
dist: 3.8273346721654744 vs. 3.8273346721654744
list:
dist: 1.5311176227935546 vs. 1.5311176227935546
list:
dist: 1.2834088864588975 vs. 1.2834088864588975
list:
dist: 2.4758813769876067 vs. 2.4758813769876067
list:
dist: 2.5559299103784743 vs. 2.5559299103784743
list:
dist: 1.2494239103636093 vs. 1.2494239103636093
list:
dist: 1.0262374453694993 vs. 1.0262374453694993
list:
dist: 0.40653046918466806 vs. 0.40653046918466806
list:
dist: 1.8435202635279626 vs. 1.8435202635279626
list:
dist: 1.044960862238493 vs. 1.044960862238493
list:
dist: 1.7977842379443574 vs. 1.7977842379443574
list:
dist: 2.943486463262688 vs. 2.943486463262688
list:
dist: 1.871638131452467 vs. 1.871638131452467
list:
dist: 1.2889821059058717 vs. 1.2889821059058717
list:
dist: 1.81605606599821 vs. 1.81605606599821
list:
dist: 2.332882163687204 vs. 2.332882163687204
list:
dist: 2.223354652673548 vs. 2.223354652673548
list:
dist: 5.131616354588951 vs. 5.131616354588951
list:
dist: 1.7747052941817243 vs. 1.7747052941817243
list:
dist: 1.7118558862519164 vs. 1.7118558862519164
list:
dist: 1.2792651576745309 vs. 1.2792651576745309
list:
dist: 0.9044226050860495 vs. 0.9044226050860495
list:
dist: 1.2834088864588975 vs. 1.2834088864588975
list:
dist: 1.613623273231508 vs. 1.613623273231508
list:
dist: 2.813708231009868 vs. 2.813708231009868
list:
dist: 1.246698083445804 vs. 1.246698083445804
list:
dist: 2.4071937588337717 vs. 2.4071937588337717
list:
dist: 3.4776328320194967 vs. 3.4776328320194967
list:
dist: 2.406239948461593 vs. 2.406239948461593
list:
dist: 2.036507154453335 vs. 2.036507154453335
list:
dist: 2.7093865483885224 vs. 2.7093865483885224
list:
dist: 2.5537739169108993 vs. 2.5537739169108993
list:
dist: 3.0696494808767665 vs. 3.0696494808767665
list:
dist: 0.920564054014461 vs. 0.920564054014461
list:
dist: 2.0719104672383173 vs. 2.0719104672383173
list:
dist: 2.1283813048018185 vs. 2.1283813048018185
list:
dist: 0.8214587410487203 vs. 0.8214587410487203
list:
dist: 2.7248848390670735 vs. 2.7248848390670735
list:
dist: 3.0775772735616025 vs. 3.0775772735616025
list:
dist: 1.7422433577357122 vs. 1.7422433577357122
list:
dist: 2.28256421966883 vs. 2.28256421966883
list:
dist: 2.58364226235274 vs. 2.58364226235274
list:
dist: 1.7812084034914708 vs. 1.7812084034914708
list:
dist: 2.1034567259403354 vs. 2.1034567259403354
list:
dist: 2.591722708725653 vs. 2.591722708725653
list:
dist: 1.3460451739747261 vs. 1.3460451739747261
list:
dist: 2.60810171644992 vs. 2.60810171644992
list:
dist: 2.068819082124091 vs. 2.068819082124091
list:
dist: 2.062498905875649 vs. 2.062498905875649
list:
dist: 1.568305379409755 vs. 1.568305379409755
list:
dist: 2.8244881630322656 vs. 2.8244881630322656
list:
dist: 2.5444541744580964 vs. 2.5444541744580964
list:
dist: 3.229848202072193 vs. 3.229848202072193
list:
dist: 2.406239948461593 vs. 2.406239948461593
list:
dist: 3.4655713570773408 vs. 3.4655713570773408
list:
dist: 2.3214146551989536 vs. 2.3214146551989536
list:
dist: 1.7280721935035004 vs. 1.7280721935035004
list:
dist: 1.8843664384097871 vs. 1.8843664384097871
list:
dist: 1.3160359072267547 vs. 1.3160359072267547
list:
dist: 1.7812084034914708 vs. 1.7812084034914708
list:
dist: 1.871638131452467 vs. 1.871638131452467
list:
dist: 1.6854885312785826 vs. 1.6854885312785826
list:
dist: 1.7392141722646992 vs. 1.7392141722646992
list:
dist: 1.3379063465604422 vs. 1.3379063465604422
list:
dist: 1.035982036802642 vs. 1.035982036802642
list:
dist: 1.4428052365381498 vs. 1.4428052365381498
list:
dist: 0.6828304783682043 vs. 0.6828304783682043
list:
dist: 0.8799895858771712 vs. 0.8799895858771712
list:
dist: 0.70267472713053 vs. 0.70267472713053
list:
dist: 0.8721436305428453 vs. 0.8721436305428453
list:
dist: 1.4749245633320842 vs. 1.4749245633320842
list:
dist: 1.085966076207699 vs. 1.085966076207699
list:
dist: 1.601388877955934 vs. 1.601388877955934
list:
dist: 1.4230775342740576 vs. 1.4230775342740576
list:
dist: 2.474111724097143 vs. 2.474111724097143
list:
dist: 2.9195162343076375 vs. 2.9195162343076375
list:
dist: 3.670484395486894 vs. 3.670484395486894
list:
dist: 2.4705353096183833 vs. 2.4705353096183833
list:
dist: 2.513851914725508 vs. 2.513851914725508
list:
dist: 1.8325644457835617 vs. 1.8325644457835617
list:
dist: 3.677556991040107 vs. 3.677556991040107
list:
dist: 1.7747052941817243 vs. 1.7747052941817243
list:
dist: 2.4638981607664188 vs. 2.4638981607664188
list:
dist: 1.758892682017555 vs. 1.758892682017555
list:
dist: 1.6742024566034004 vs. 1.6742024566034004
list:
dist: 2.4758813769876067 vs. 2.4758813769876067
list:
dist: 2.629650195587698 vs. 2.629650195587698
list:
dist: 4.2548416151513155 vs. 4.2548416151513155
list:
dist: 2.77847664182284 vs. 2.77847664182284
list:
dist: 2.9431368379578737 vs. 2.9431368379578737
list:
dist: 3.9551440290880153 vs. 3.9551440290880153
list:
dist: 3.4655713570773408 vs. 3.4655713570773408
list:
dist: 3.0223130957213584 vs. 3.0223130957213584
list:
dist: 3.5480811176697413 vs. 3.5480811176697413
list:
dist: 3.4289917273346835 vs. 3.4289917273346835
list:
dist: 4.137685700949079 vs. 4.137685700949079
list:
dist: 1.2792651576745309 vs. 1.2792651576745309
list:
dist: 1.758892682017555 vs. 1.758892682017555
list:
dist: 1.8425709485257877 vs. 1.8425709485257877
list:
dist: 0.3984673778185597 vs. 0.3984673778185597
list:
dist: 2.3103887473145157 vs. 2.3103887473145157
list:
dist: 2.0719104672383173 vs. 2.0719104672383173
list:
dist: 1.2494239103636093 vs. 1.2494239103636093
list:
dist: 1.2374029759117207 vs. 1.2374029759117207
list:
dist: 2.68729162907232 vs. 2.68729162907232
list:
dist: 1.357193410573804 vs. 1.357193410573804
list:
dist: 1.2821063165949356 vs. 1.2821063165949356
list:
dist: 2.3885261520165284 vs. 2.3885261520165284
list:
dist: 1.7280721935035004 vs. 1.7280721935035004
list:
dist: 1.2729794361287843 vs. 1.2729794361287843
list:
dist: 1.8248886813134684 vs. 1.8248886813134684
list:
dist: 1.8196527077899864 vs. 1.8196527077899864
list:
dist: 2.38122231032874 vs. 2.38122231032874
list:
dist: 2.7868005018003186 vs. 2.7868005018003186
list:
dist: 2.7769241033918184 vs. 2.7769241033918184
list:
dist: 2.7200455691969836 vs. 2.7200455691969836
list:
dist: 2.778829133090787 vs. 2.778829133090787
list:
dist: 3.874792263307498 vs. 3.874792263307498
list:
dist: 4.246946512327914 vs. 4.246946512327914
list:
dist: 2.813708231009868 vs. 2.813708231009868
list:
dist: 4.2548416151513155 vs. 4.2548416151513155
list:
dist: 3.475633045965908 vs. 3.475633045965908
list:
dist: 2.68729162907232 vs. 2.68729162907232
list:
dist: 2.6191182820735612 vs. 2.6191182820735612
list:
dist: 2.6427159371521887 vs. 2.6427159371521887
list:
dist: 3.0775772735616025 vs. 3.0775772735616025
list:
dist: 1.8435202635279626 vs. 1.8435202635279626
list:
dist: 1.7311942692304683 vs. 1.7311942692304683
list:
dist: 1.7311113065716333 vs. 1.7311113065716333
list:
dist: 2.326775847802392 vs. 2.326775847802392
list:
dist: 2.90658559661409 vs. 2.90658559661409
list:
dist: 1.7392141722646992 vs. 1.7392141722646992
list:
dist: 1.6465818200159017 vs. 1.6465818200159017
list:
dist: 1.7060852983651047 vs. 1.7060852983651047
list:
dist: 2.4101306355779446 vs. 2.4101306355779446
list:
dist: 1.4335068337062749 vs. 1.4335068337062749
list:
dist: 2.9968383696925116 vs. 2.9968383696925116
list:
dist: 2.0049583984779007 vs. 2.0049583984779007
list:
dist: 3.175714665006148 vs. 3.175714665006148
list:
dist: 2.5695674974722484 vs. 2.5695674974722484
list:
dist: 3.697525724843602 vs. 3.697525724843602
list:
dist: 3.711728962874653 vs. 3.711728962874653
list:
dist: 4.100830913321441 vs. 4.100830913321441
list:
dist: 3.301412093821455 vs. 3.301412093821455
list:
dist: 3.217278881840202 vs. 3.217278881840202
list:
dist: 2.328470465581558 vs. 2.328470465581558
list:
dist: 2.5537739169108993 vs. 2.5537739169108993
list:
dist: 3.4289917273346835 vs. 3.4289917273346835
list:
dist: 1.9880153409512287 vs. 1.9880153409512287
list:
dist: 1.8196527077899864 vs. 1.8196527077899864
list:
dist: 2.0361738284271 vs. 2.0361738284271
list:
dist: 0.9053751781854091 vs. 0.9053751781854091
list:
dist: 1.3460451739747261 vs. 1.3460451739747261
list:
dist: 2.332882163687204 vs. 2.332882163687204
list:
dist: 2.192174981896945 vs. 2.192174981896945
list:
dist: 2.4101306355779446 vs. 2.4101306355779446
list:
dist: 1.6708207051906763 vs. 1.6708207051906763
list:
dist: 1.2294279053414658 vs. 1.2294279053414658
list:
dist: 1.3065954655001566 vs. 1.3065954655001566
list:
dist: 0.70267472713053 vs. 0.70267472713053
list:
dist: 1.2158957391953418 vs. 1.2158957391953418
list:
dist: 1.4191383955859547 vs. 1.4191383955859547
list:
dist: 1.4423453047745158 vs. 1.4423453047745158
list:
dist: 1.0536365558835432 vs. 1.0536365558835432
list:
dist: 1.1910012069497031 vs. 1.1910012069497031
list:
dist: 0.9971349393151152 vs. 0.9971349393151152
list:
dist: 1.498567754238901 vs. 1.498567754238901
list:
dist: 2.067421261643109 vs. 2.067421261643109
list:
dist: 2.5169328960563977 vs. 2.5169328960563977
list:
dist: 3.752352380170741 vs. 3.752352380170741
list:
dist: 2.480567504770585 vs. 2.480567504770585
list:
dist: 2.5361778834175346 vs. 2.5361778834175346
list:
dist: 2.0614795320828176 vs. 2.0614795320828176
list:
dist: 3.5945723237768394 vs. 3.5945723237768394
list:
dist: 2.3811282842523984 vs. 2.3811282842523984
list:
dist: 2.7200455691969836 vs. 2.7200455691969836
list:
dist: 2.9500530379784107 vs. 2.9500530379784107
list:
dist: 1.0284944447877742 vs. 1.0284944447877742
list:
dist: 1.568305379409755 vs. 1.568305379409755
list:
dist: 3.188316911638552 vs. 3.188316911638552
list:
dist: 3.175714665006148 vs. 3.175714665006148
list:
dist: 2.56046870126363 vs. 2.56046870126363
list:
dist: 2.0965170759548744 vs. 2.0965170759548744
list:
dist: 1.5847839979493619 vs. 1.5847839979493619
list:
dist: 1.601388877955934 vs. 1.601388877955934
list:
dist: 2.1959467591706345 vs. 2.1959467591706345
list:
dist: 2.255830813241866 vs. 2.255830813241866
list:
dist: 0.9971349393151152 vs. 0.9971349393151152
list:
dist: 2.09351202093142 vs. 2.09351202093142
list:
dist: 0.6379322818453713 vs. 0.6379322818453713
list:
dist: 1.374133645749007 vs. 1.374133645749007
list:
dist: 1.72376917180211 vs. 1.72376917180211
list:
dist: 1.2077860355402534 vs. 1.2077860355402534
list:
dist: 1.6956426563752485 vs. 1.6956426563752485
list:
dist: 3.4924488333216033 vs. 3.4924488333216033
list:
dist: 2.2850500338645854 vs. 2.2850500338645854
list:
dist: 2.2758140536346714 vs. 2.2758140536346714
list:
dist: 2.1436029355567343 vs. 2.1436029355567343
list:
dist: 3.2524485649638524 vs. 3.2524485649638524
list:
dist: 2.868593521363111 vs. 2.868593521363111
list:
dist: 2.7769241033918184 vs. 2.7769241033918184
list:
dist: 2.9080152319836485 vs. 2.9080152319836485
list:
dist: 1.2726745355642652 vs. 1.2726745355642652
list:
dist: 2.062498905875649 vs. 2.062498905875649
list:
dist: 2.6660986509498255 vs. 2.6660986509498255
list:
dist: 2.0049583984779007 vs. 2.0049583984779007
list:
dist: 2.1098956440325325 vs. 2.1098956440325325
list:
dist: 2.018509850207943 vs. 2.018509850207943
list:
dist: 1.790489229246174 vs. 1.790489229246174
list:
dist: 1.085966076207699 vs. 1.085966076207699
list:
dist: 1.7348479671565065 vs. 1.7348479671565065
list:
dist: 1.6807968349684201 vs. 1.6807968349684201
list:
dist: 1.1910012069497031 vs. 1.1910012069497031
list:
dist: 1.1266902302625499 vs. 1.1266902302625499
list:
dist: 1.2124453104933477 vs. 1.2124453104933477
list:
dist: 1.374133645749007 vs. 1.374133645749007
list:
dist: 1.4319761114317568 vs. 1.4319761114317568
list:
dist: 1.6950755941128215 vs. 1.6950755941128215
list:
dist: 2.2878157403488038 vs. 2.2878157403488038
list:
dist: 3.0055202335362328 vs. 3.0055202335362328
list:
dist: 1.9651578990469694 vs. 1.9651578990469694
list:
dist: 1.797925853313133 vs. 1.797925853313133
list:
dist: 1.2181721544576198 vs. 1.2181721544576198
list:
dist: 3.252084584547873 vs. 3.252084584547873
list:
dist: 3.0696494808767665 vs. 3.0696494808767665
list:
dist: 4.137685700949079 vs. 4.137685700949079
list:
dist: 3.1869787582601976 vs. 3.1869787582601976
list:
dist: 2.38122231032874 vs. 2.38122231032874
list:
dist: 2.5284728847975457 vs. 2.5284728847975457
list:
dist: 2.0099711447388193 vs. 2.0099711447388193
list:
dist: 2.60810171644992 vs. 2.60810171644992
list:
dist: 2.223354652673548 vs. 2.223354652673548
list:
dist: 1.9473735087043802 vs. 1.9473735087043802
list:
dist: 1.4335068337062749 vs. 1.4335068337062749
list:
dist: 1.9386145778930184 vs. 1.9386145778930184
list:
dist: 1.4189586990713978 vs. 1.4189586990713978
list:
dist: 1.5313882685664968 vs. 1.5313882685664968
list:
dist: 0.8721436305428453 vs. 0.8721436305428453
list:
dist: 1.1228206496264965 vs. 1.1228206496264965
list:
dist: 0.743562556473635 vs. 0.743562556473635
list:
dist: 1.4423453047745158 vs. 1.4423453047745158
list:
dist: 1.7301467971430362 vs. 1.7301467971430362
list:
dist: 1.1266902302625499 vs. 1.1266902302625499
list:
dist: 2.09351202093142 vs. 2.09351202093142
list:
dist: 1.1376422970533344 vs. 1.1376422970533344
list:
dist: 2.640460582537156 vs. 2.640460582537156
list:
dist: 2.9589968967961826 vs. 2.9589968967961826
list:
dist: 3.0717784729711632 vs. 3.0717784729711632
list:
dist: 2.01945676983403 vs. 2.01945676983403
list:
dist: 2.05933620815007 vs. 2.05933620815007
list:
dist: 1.236580450871601 vs. 1.236580450871601
list:
dist: 3.2618381791199886 vs. 3.2618381791199886
list:
dist: 5.131616354588951 vs. 5.131616354588951
list:
dist: 5.066380246049813 vs. 5.066380246049813
list:
dist: 3.711728962874653 vs. 3.711728962874653
list:
dist: 5.304718125121401 vs. 5.304718125121401
list:
dist: 2.7093865483885224 vs. 2.7093865483885224
list:
dist: 3.5480811176697413 vs. 3.5480811176697413
list:
dist: 2.9928404133901965 vs. 2.9928404133901965
list:
dist: 1.8248886813134684 vs. 1.8248886813134684
list:
dist: 2.02239870428207 vs. 2.02239870428207
list:
dist: 2.183151205818351 vs. 2.183151205818351
list:
dist: 2.591722708725653 vs. 2.591722708725653
list:
dist: 1.81605606599821 vs. 1.81605606599821
list:
dist: 1.4763898148965446 vs. 1.4763898148965446
list:
dist: 1.7060852983651047 vs. 1.7060852983651047
list:
dist: 1.7852465753952924 vs. 1.7852465753952924
list:
dist: 0.7868722277148374 vs. 0.7868722277148374
list:
dist: 1.3534437901670036 vs. 1.3534437901670036
list:
dist: 0.8799895858771712 vs. 0.8799895858771712
list:
dist: 0.6901339816242255 vs. 0.6901339816242255
list:
dist: 1.4191383955859547 vs. 1.4191383955859547
list:
dist: 0.743562556473635 vs. 0.743562556473635
list:
dist: 1.9266443689273678 vs. 1.9266443689273678
list:
dist: 1.6807968349684201 vs. 1.6807968349684201
list:
dist: 2.255830813241866 vs. 2.255830813241866
list:
dist: 1.2956489973023693 vs. 1.2956489973023693
list:
dist: 3.04908278354104 vs. 3.04908278354104
list:
dist: 3.282755111003408 vs. 3.282755111003408
list:
dist: 3.5549705277417813 vs. 3.5549705277417813
list:
dist: 2.4103263895883105 vs. 2.4103263895883105
list:
dist: 2.5792236368858172 vs. 2.5792236368858172
list:
dist: 1.8573738609891606 vs. 1.8573738609891606
list:
dist: 3.516681961232694 vs. 3.516681961232694
list:
dist: 3.4336136515151616 vs. 3.4336136515151616
list:
dist: 3.874792263307498 vs. 3.874792263307498
list:
dist: 4.084029729785502 vs. 4.084029729785502
list:
dist: 1.886315286329729 vs. 1.886315286329729
list:
dist: 2.5444541744580964 vs. 2.5444541744580964
list:
dist: 4.155686878978861 vs. 4.155686878978861
list:
dist: 3.697525724843602 vs. 3.697525724843602
list:
dist: 3.501940224122426 vs. 3.501940224122426
list:
dist: 3.1084535292727415 vs. 3.1084535292727415
list:
dist: 2.321438856618436 vs. 2.321438856618436
list:
dist: 2.474111724097143 vs. 2.474111724097143
list:
dist: 3.1405146211912593 vs. 3.1405146211912593
list:
dist: 3.04908278354104 vs. 3.04908278354104
list:
dist: 2.067421261643109 vs. 2.067421261643109
list:
dist: 2.640460582537156 vs. 2.640460582537156
list:
dist: 1.2589542940965974 vs. 1.2589542940965974
list:
dist: 1.6950755941128215 vs. 1.6950755941128215
list:
dist: 1.2077860355402534 vs. 1.2077860355402534
list:
dist: 2.154873928613629 vs. 2.154873928613629
list:
dist: 0.9631832344699044 vs. 0.9631832344699044
list:
dist: 2.9003574139282007 vs. 2.9003574139282007
list:
dist: 2.0352266692308074 vs. 2.0352266692308074
list:
dist: 1.8269534119826432 vs. 1.8269534119826432
list:
dist: 2.0786594973920565 vs. 2.0786594973920565
list:
dist: 2.8552672697157604 vs. 2.8552672697157604
list:
dist: 1.613623273231508 vs. 1.613623273231508
list:
dist: 2.629650195587698 vs. 2.629650195587698
list:
dist: 2.711726529234102 vs. 2.711726529234102
list:
dist: 1.2374029759117207 vs. 1.2374029759117207
list:
dist: 1.139678563129785 vs. 1.139678563129785
list:
dist: 2.6838010278026188 vs. 2.6838010278026188
list:
dist: 2.7248848390670735 vs. 2.7248848390670735
list:
dist: 0.40653046918466806 vs. 0.40653046918466806
list:
dist: 1.7311942692304683 vs. 1.7311942692304683
list:
dist: 1.192216462190056 vs. 1.192216462190056
list:
dist: 1.506781481672217 vs. 1.506781481672217
list:
dist: 2.6475101788130506 vs. 2.6475101788130506
list:
dist: 1.6854885312785826 vs. 1.6854885312785826
list:
dist: 1.0423715571626948 vs. 1.0423715571626948
list:
dist: 1.4763898148965446 vs. 1.4763898148965446
list:
dist: 2.192174981896945 vs. 2.192174981896945
list:
dist: 1.9473735087043802 vs. 1.9473735087043802
list:
dist: 3.100073594401701 vs. 3.100073594401701
list:
dist: 2.6660986509498255 vs. 2.6660986509498255
list:
dist: 3.188316911638552 vs. 3.188316911638552
list:
dist: 2.7489030723287406 vs. 2.7489030723287406
list:
dist: 4.155686878978861 vs. 4.155686878978861
list:
dist: 5.066380246049813 vs. 5.066380246049813
list:
dist: 4.976086887171604 vs. 4.976086887171604
list:
dist: 3.8681950708335058 vs. 3.8681950708335058
list:
dist: 3.9808486569915273 vs. 3.9808486569915273
list:
dist: 3.183906356035589 vs. 3.183906356035589
list:
dist: 3.4776328320194967 vs. 3.4776328320194967
list:
dist: 3.9551440290880153 vs. 3.9551440290880153
list:
dist: 3.1174873972338912 vs. 3.1174873972338912
list:
dist: 2.3885261520165284 vs. 2.3885261520165284
list:
dist: 2.7198234014559026 vs. 2.7198234014559026
list:
dist: 2.1362304813214053 vs. 2.1362304813214053
list:
dist: 2.58364226235274 vs. 2.58364226235274
list:
dist: 2.943486463262688 vs. 2.943486463262688
list:
dist: 2.6475101788130506 vs. 2.6475101788130506
list:
dist: 2.90658559661409 vs. 2.90658559661409
list:
dist: 2.6724368927116178 vs. 2.6724368927116178
list:
dist: 1.2087143713578945 vs. 1.2087143713578945
list:
dist: 1.4428052365381498 vs. 1.4428052365381498
list:
dist: 1.7016799471717057 vs. 1.7016799471717057
list:
dist: 1.3534437901670036 vs. 1.3534437901670036
list:
dist: 1.3065954655001566 vs. 1.3065954655001566
list:
dist: 1.5313882685664968 vs. 1.5313882685664968
list:
dist: 1.1044473214018349 vs. 1.1044473214018349
list:
dist: 1.790489229246174 vs. 1.790489229246174
list:
dist: 1.5847839979493619 vs. 1.5847839979493619
list:
dist: 0.7220686313681223 vs. 0.7220686313681223
list:
dist: 2.321438856618436 vs. 2.321438856618436
list:
dist: 2.249971281269174 vs. 2.249971281269174
list:
dist: 3.070600693825858 vs. 3.070600693825858
list:
dist: 1.7566661929991385 vs. 1.7566661929991385
list:
dist: 2.07172587851539 vs. 2.07172587851539
list:
dist: 1.8122687615211455 vs. 1.8122687615211455
list:
dist: 2.6117227805131296 vs. 2.6117227805131296
list:
dist: 2.4071937588337717 vs. 2.4071937588337717
list:
dist: 2.9431368379578737 vs. 2.9431368379578737
list:
dist: 2.540671170104874 vs. 2.540671170104874
list:
dist: 1.2821063165949356 vs. 1.2821063165949356
list:
dist: 1.5922247826370282 vs. 1.5922247826370282
list:
dist: 2.0796567909847363 vs. 2.0796567909847363
list:
dist: 2.28256421966883 vs. 2.28256421966883
list:
dist: 1.7977842379443574 vs. 1.7977842379443574
list:
dist: 1.506781481672217 vs. 1.506781481672217
list:
dist: 2.326775847802392 vs. 2.326775847802392
list:
dist: 1.764283785720734 vs. 1.764283785720734
list:
dist: 1.2087143713578945 vs. 1.2087143713578945
list:
dist: 1.035982036802642 vs. 1.035982036802642
list:
dist: 0.7586620696441686 vs. 0.7586620696441686
list:
dist: 0.7868722277148374 vs. 0.7868722277148374
list:
dist: 1.2294279053414658 vs. 1.2294279053414658
list:
dist: 1.4189586990713978 vs. 1.4189586990713978
list:
dist: 1.8859519939584102 vs. 1.8859519939584102
list:
dist: 2.018509850207943 vs. 2.018509850207943
list:
dist: 2.0965170759548744 vs. 2.0965170759548744
list:
dist: 1.5568911823838893 vs. 1.5568911823838893
list:
dist: 3.1084535292727415 vs. 3.1084535292727415
list:
dist: 3.3056389831620683 vs. 3.3056389831620683
list:
dist: 4.014260190984802 vs. 4.014260190984802
list:
dist: 2.7553620170002104 vs. 2.7553620170002104
list:
dist: 2.9815685084554784 vs. 2.9815685084554784
list:
dist: 2.400194326270898 vs. 2.400194326270898
list:
dist: 3.742004846961058 vs. 3.742004846961058
list:
dist: 1.7118558862519164 vs. 1.7118558862519164
list:
dist: 2.4638981607664188 vs. 2.4638981607664188
list:
dist: 1.8425709485257877 vs. 1.8425709485257877
list:
dist: 1.8152747732907777 vs. 1.8152747732907777
list:
dist: 1.7097862626611668 vs. 1.7097862626611668
list:
dist: 0.920564054014461 vs. 0.920564054014461
list:
dist: 2.5559299103784743 vs. 2.5559299103784743
list:
dist: 2.711726529234102 vs. 2.711726529234102
list:
dist: 3.475633045965908 vs. 3.475633045965908
list:
dist: 1.832594775141263 vs. 1.832594775141263
list:
dist: 2.540671170104874 vs. 2.540671170104874
list:
dist: 3.1174873972338912 vs. 3.1174873972338912
list:
dist: 2.3214146551989536 vs. 2.3214146551989536
list:
dist: 2.394096255225704 vs. 2.394096255225704
list:
dist: 2.9928404133901965 vs. 2.9928404133901965
list:
dist: 1.9880153409512287 vs. 1.9880153409512287
list:
dist: 3.1869787582601976 vs. 3.1869787582601976
list:
dist: 2.8396322752849557 vs. 2.8396322752849557
list:
dist: 2.868593521363111 vs. 2.868593521363111
list:
dist: 2.3811282842523984 vs. 2.3811282842523984
list:
dist: 3.47121826358878 vs. 3.47121826358878
list:
dist: 3.4336136515151616 vs. 3.4336136515151616
list:
dist: 4.052000458838683 vs. 4.052000458838683
list:
dist: 3.742004846961058 vs. 3.742004846961058
list:
dist: 2.6117227805131296 vs. 2.6117227805131296
list:
dist: 3.677556991040107 vs. 3.677556991040107
list:
dist: 4.0728388908375805 vs. 4.0728388908375805
list:
dist: 3.516681961232694 vs. 3.516681961232694
list:
dist: 3.5945723237768394 vs. 3.5945723237768394
list:
dist: 3.2618381791199886 vs. 3.2618381791199886
list:
dist: 2.6896084170225816 vs. 2.6896084170225816
list:
dist: 3.252084584547873 vs. 3.252084584547873
list:
dist: 3.2524485649638524 vs. 3.2524485649638524
list:
dist: 2.2883871945826915 vs. 2.2883871945826915
list:
dist: 2.8552672697157604 vs. 2.8552672697157604
list:
dist: 2.1099974382638105 vs. 2.1099974382638105
list:
dist: 1.3293563923162335 vs. 1.3293563923162335
list:
dist: 1.3208508963347159 vs. 1.3208508963347159
list:
dist: 1.6342075277818409 vs. 1.6342075277818409
list:
dist: 2.3418547191194845 vs. 2.3418547191194845
list:
dist: 3.8681950708335058 vs. 3.8681950708335058
list:
dist: 3.301412093821455 vs. 3.301412093821455
list:
dist: 3.787323915314419 vs. 3.787323915314419
list:
dist: 2.7553620170002104 vs. 2.7553620170002104
list:
dist: 1.7566661929991385 vs. 1.7566661929991385
list:
dist: 2.4705353096183833 vs. 2.4705353096183833
list:
dist: 2.924327063987749 vs. 2.924327063987749
list:
dist: 2.4103263895883105 vs. 2.4103263895883105
list:
dist: 2.480567504770585 vs. 2.480567504770585
list:
dist: 2.01945676983403 vs. 2.01945676983403
list:
dist: 1.6864062752627782 vs. 1.6864062752627782
list:
dist: 1.9651578990469694 vs. 1.9651578990469694
list:
dist: 2.2850500338645854 vs. 2.2850500338645854
list:
dist: 1.1986010342160396 vs. 1.1986010342160396
list:
dist: 2.0352266692308074 vs. 2.0352266692308074
list:
dist: 1.7066339659135012 vs. 1.7066339659135012
list:
dist: 1.3320061203994058 vs. 1.3320061203994058
list:
dist: 0.5252872940468493 vs. 0.5252872940468493
list:
dist: 1.0428837900789183 vs. 1.0428837900789183
list:
dist: 1.3208508963347159 vs. 1.3208508963347159
list:
dist: 2.8396322752849557 vs. 2.8396322752849557
list:
dist: 2.7868005018003186 vs. 2.7868005018003186
list:
dist: 3.049615396675743 vs. 3.049615396675743
list:
dist: 1.4463908872373563 vs. 1.4463908872373563
list:
dist: 2.068819082124091 vs. 2.068819082124091
list:
dist: 3.100073594401701 vs. 3.100073594401701
list:
dist: 2.9968383696925116 vs. 2.9968383696925116
list:
dist: 2.678299344587217 vs. 2.678299344587217
list:
dist: 1.8859519939584102 vs. 1.8859519939584102
list:
dist: 1.1044473214018349 vs. 1.1044473214018349
list:
dist: 1.4749245633320842 vs. 1.4749245633320842
list:
dist: 2.0607217570470167 vs. 2.0607217570470167
list:
dist: 1.9266443689273678 vs. 1.9266443689273678
list:
dist: 1.0536365558835432 vs. 1.0536365558835432
list:
dist: 1.7301467971430362 vs. 1.7301467971430362
list:
dist: 1.2124453104933477 vs. 1.2124453104933477
list:
dist: 0.6379322818453713 vs. 0.6379322818453713
list:
dist: 1.1284425021178435 vs. 1.1284425021178435
list:
dist: 1.2589542940965974 vs. 1.2589542940965974
list:
dist: 1.4855461890053443 vs. 1.4855461890053443
list:
dist: 2.9486239816267665 vs. 2.9486239816267665
list:
dist: 1.6864062752627782 vs. 1.6864062752627782
list:
dist: 1.749043105332734 vs. 1.749043105332734
list:
dist: 1.6387962629770443 vs. 1.6387962629770443
list:
dist: 2.6896084170225816 vs. 2.6896084170225816
list:
dist: 4.052000458838683 vs. 4.052000458838683
list:
dist: 4.246946512327914 vs. 4.246946512327914
list:
dist: 4.520643091932663 vs. 4.520643091932663
list:
dist: 2.620290577999944 vs. 2.620290577999944
list:
dist: 3.229848202072193 vs. 3.229848202072193
list:
dist: 3.3056389831620683 vs. 3.3056389831620683
list:
dist: 2.249971281269174 vs. 2.249971281269174
list:
dist: 2.9195162343076375 vs. 2.9195162343076375
list:
dist: 3.5223584970221604 vs. 3.5223584970221604
list:
dist: 3.282755111003408 vs. 3.282755111003408
list:
dist: 2.5169328960563977 vs. 2.5169328960563977
list:
dist: 2.9589968967961826 vs. 2.9589968967961826
list:
dist: 1.4855461890053443 vs. 1.4855461890053443
list:
dist: 2.2878157403488038 vs. 2.2878157403488038
list:
dist: 1.6956426563752485 vs. 1.6956426563752485
list:
dist: 2.1263313695660115 vs. 2.1263313695660115
list:
dist: 0.9631832344699044 vs. 0.9631832344699044
list:
dist: 2.4927577901771056 vs. 2.4927577901771056
list:
dist: 1.7066339659135012 vs. 1.7066339659135012
list:
dist: 1.6647530626549383 vs. 1.6647530626549383
list:
dist: 2.2282212631067866 vs. 2.2282212631067866
list:
dist: 2.1099974382638105 vs. 2.1099974382638105
list:
dist: 3.9808486569915273 vs. 3.9808486569915273
list:
dist: 3.217278881840202 vs. 3.217278881840202
list:
dist: 3.7792933047546606 vs. 3.7792933047546606
list:
dist: 2.9815685084554784 vs. 2.9815685084554784
list:
dist: 2.07172587851539 vs. 2.07172587851539
list:
dist: 2.513851914725508 vs. 2.513851914725508
list:
dist: 3.0333593180134644 vs. 3.0333593180134644
list:
dist: 2.5792236368858172 vs. 2.5792236368858172
list:
dist: 2.5361778834175346 vs. 2.5361778834175346
list:
dist: 2.05933620815007 vs. 2.05933620815007
list:
dist: 1.749043105332734 vs. 1.749043105332734
list:
dist: 1.797925853313133 vs. 1.797925853313133
list:
dist: 2.2758140536346714 vs. 2.2758140536346714
list:
dist: 1.4642364025027466 vs. 1.4642364025027466
list:
dist: 1.8269534119826432 vs. 1.8269534119826432
list:
dist: 1.6647530626549383 vs. 1.6647530626549383
list:
dist: 1.2527353342916538 vs. 1.2527353342916538
list:
dist: 0.5252872940468493 vs. 0.5252872940468493
list:
dist: 0.892491063576479 vs. 0.892491063576479
list:
dist: 1.6342075277818409 vs. 1.6342075277818409
list:
dist: 4.976086887171604 vs. 4.976086887171604
list:
dist: 4.100830913321441 vs. 4.100830913321441
list:
dist: 4.925767121443795 vs. 4.925767121443795
list:
dist: 4.014260190984802 vs. 4.014260190984802
list:
dist: 3.070600693825858 vs. 3.070600693825858
list:
dist: 3.670484395486894 vs. 3.670484395486894
list:
dist: 4.107969586249333 vs. 4.107969586249333
list:
dist: 3.5549705277417813 vs. 3.5549705277417813
list:
dist: 3.752352380170741 vs. 3.752352380170741
list:
dist: 3.0717784729711632 vs. 3.0717784729711632
list:
dist: 2.9486239816267665 vs. 2.9486239816267665
list:
dist: 3.0055202335362328 vs. 3.0055202335362328
list:
dist: 3.4924488333216033 vs. 3.4924488333216033
list:
dist: 2.479078172493102 vs. 2.479078172493102
list:
dist: 2.9003574139282007 vs. 2.9003574139282007
list:
dist: 2.4927577901771056 vs. 2.4927577901771056
list:
dist: 1.3320061203994058 vs. 1.3320061203994058
list:
dist: 1.2527353342916538 vs. 1.2527353342916538
list:
dist: 1.9089199593239776 vs. 1.9089199593239776
list:
dist: 1.3293563923162335 vs. 1.3293563923162335
list:
dist: 3.47121826358878 vs. 3.47121826358878
list:
dist: 2.778829133090787 vs. 2.778829133090787
list:
dist: 3.0531830522521215 vs. 3.0531830522521215
list:
dist: 2.206349088409599 vs. 2.206349088409599
list:
dist: 2.8244881630322656 vs. 2.8244881630322656
list:
dist: 2.7489030723287406 vs. 2.7489030723287406
list:
dist: 2.5695674974722484 vs. 2.5695674974722484
list:
dist: 2.7476478009892453 vs. 2.7476478009892453
list:
dist: 1.5568911823838893 vs. 1.5568911823838893
list:
dist: 0.7220686313681223 vs. 0.7220686313681223
list:
dist: 1.4230775342740576 vs. 1.4230775342740576
list:
dist: 1.7884483350758573 vs. 1.7884483350758573
list:
dist: 1.2956489973023693 vs. 1.2956489973023693
list:
dist: 1.498567754238901 vs. 1.498567754238901
list:
dist: 1.1376422970533344 vs. 1.1376422970533344
list:
dist: 1.1284425021178435 vs. 1.1284425021178435
list:
dist: 1.4319761114317568 vs. 1.4319761114317568
list:
dist: 1.72376917180211 vs. 1.72376917180211
list:
dist: 2.154873928613629 vs. 2.154873928613629
list:
dist: 2.1263313695660115 vs. 2.1263313695660115
list:
dist: 2.479078172493102 vs. 2.479078172493102
list:
dist: 1.1986010342160396 vs. 1.1986010342160396
list:
dist: 1.4642364025027466 vs. 1.4642364025027466
list:
dist: 1.111041211930153 vs. 1.111041211930153
list:
dist: 2.2883871945826915 vs. 2.2883871945826915
list:
dist: 3.183906356035589 vs. 3.183906356035589
list:
dist: 2.328470465581558 vs. 2.328470465581558
list:
dist: 3.0275447638071746 vs. 3.0275447638071746
list:
dist: 2.400194326270898 vs. 2.400194326270898
list:
dist: 1.8122687615211455 vs. 1.8122687615211455
list:
dist: 1.8325644457835617 vs. 1.8325644457835617
list:
dist: 2.3011582430825097 vs. 2.3011582430825097
list:
dist: 1.8573738609891606 vs. 1.8573738609891606
list:
dist: 2.0614795320828176 vs. 2.0614795320828176
list:
dist: 1.236580450871601 vs. 1.236580450871601
list:
dist: 1.6387962629770443 vs. 1.6387962629770443
list:
dist: 1.2181721544576198 vs. 1.2181721544576198
list:
dist: 2.1436029355567343 vs. 2.1436029355567343
list:
dist: 1.111041211930153 vs. 1.111041211930153
list:
dist: 2.0786594973920565 vs. 2.0786594973920565
list:
dist: 2.2282212631067866 vs. 2.2282212631067866
list:
dist: 1.9089199593239776 vs. 1.9089199593239776
list:
dist: 1.0428837900789183 vs. 1.0428837900789183
list:
dist: 0.892491063576479 vs. 0.892491063576479
list:
dist: 2.3418547191194845 vs. 2.3418547191194845
list:
dist: 3.6353731914061806 vs. 3.6353731914061806
list:
dist: 3.148909762690861 vs. 3.148909762690861
list:
dist: 2.6746025554757913 vs. 2.6746025554757913
list:
dist: 1.7631472245357618 vs. 1.7631472245357618
list:
dist: 1.805683318865503 vs. 1.805683318865503
list:
dist: 1.2779183412902675 vs. 1.2779183412902675
list:
dist: 1.8138091023154645 vs. 1.8138091023154645
list:
dist: 2.4969287080638822 vs. 2.4969287080638822
list:
dist: 3.4006529529779295 vs. 3.4006529529779295
list:
dist: 2.291082744497502 vs. 2.291082744497502
list:
dist: 3.0351414715703835 vs. 3.0351414715703835
list:
dist: 2.5717468984118956 vs. 2.5717468984118956
list:
dist: 1.3171841275496354 vs. 1.3171841275496354
list:
dist: 1.8000092610812908 vs. 1.8000092610812908
list:
dist: 1.4266358140526236 vs. 1.4266358140526236
list:
dist: 2.0628489561988657 vs. 2.0628489561988657
list:
dist: 2.3476355080485307 vs. 2.3476355080485307
list:
dist: 1.6464296772824503 vs. 1.6464296772824503
list:
dist: 0.9742737976679717 vs. 0.9742737976679717
list:
dist: 2.639362088456373 vs. 2.639362088456373
list:
dist: 1.8728454623207726 vs. 1.8728454623207726
list:
dist: 2.671184341759627 vs. 2.671184341759627
list:
dist: 2.245789230836167 vs. 2.245789230836167
list:
dist: 1.8957183588896322 vs. 1.8957183588896322
list:
dist: 2.62435072044612 vs. 2.62435072044612
list:
dist: 3.023217775021475 vs. 3.023217775021475
list:
dist: 1.7637645515342726 vs. 1.7637645515342726
list:
dist: 1.8963719789115006 vs. 1.8963719789115006
list:
dist: 1.5222909645022926 vs. 1.5222909645022926
list:
dist: 1.3611844640098119 vs. 1.3611844640098119
list:
dist: 3.3236411371985377 vs. 3.3236411371985377
list:
dist: 2.330843195763954 vs. 2.330843195763954
list:
dist: 4.045691449569827 vs. 4.045691449569827
list:
dist: 3.2605999813584683 vs. 3.2605999813584683
list:
dist: 1.733538178138201 vs. 1.733538178138201
list:
dist: 1.4563649192342423 vs. 1.4563649192342423
list:
dist: 2.8839197063299205 vs. 2.8839197063299205
list:
dist: 2.4926251709910394 vs. 2.4926251709910394
list:
dist: 2.6094532252259266 vs. 2.6094532252259266
list:
dist: 3.3230590252311982 vs. 3.3230590252311982
list:
dist: 3.955799900194643 vs. 3.955799900194643
list:
dist: 3.148909762690861 vs. 3.148909762690861
list:
dist: 4.176089587775828 vs. 4.176089587775828
list:
dist: 4.320155693191023 vs. 4.320155693191023
list:
dist: 2.97912440060033 vs. 2.97912440060033
list:
dist: 4.8924793840882606 vs. 4.8924793840882606
list:
dist: 4.041799835998127 vs. 4.041799835998127
list:
dist: 2.469895259363548 vs. 2.469895259363548
list:
dist: 2.4926251709910394 vs. 2.4926251709910394
list:
dist: 2.454708237297349 vs. 2.454708237297349
list:
dist: 1.3724345269872436 vs. 1.3724345269872436
list:
dist: 1.348482235812501 vs. 1.348482235812501
list:
dist: 2.325734830471918 vs. 2.325734830471918
list:
dist: 2.1148726559473285 vs. 2.1148726559473285
list:
dist: 3.4853583732826383 vs. 3.4853583732826383
list:
dist: 2.38846412810787 vs. 2.38846412810787
list:
dist: 1.3623890331509623 vs. 1.3623890331509623
list:
dist: 2.041512311468042 vs. 2.041512311468042
list:
dist: 2.7610019909222148 vs. 2.7610019909222148
list:
dist: 1.529458150064939 vs. 1.529458150064939
list:
dist: 1.5443181050553825 vs. 1.5443181050553825
list:
dist: 1.707835908405785 vs. 1.707835908405785
list:
dist: 1.3171841275496354 vs. 1.3171841275496354
list:
dist: 2.7545269766667566 vs. 2.7545269766667566
list:
dist: 2.631973741807389 vs. 2.631973741807389
list:
dist: 1.5690778276321138 vs. 1.5690778276321138
list:
dist: 3.4754517647123184 vs. 3.4754517647123184
list:
dist: 2.945618816503364 vs. 2.945618816503364
list:
dist: 3.638873870668409 vs. 3.638873870668409
list:
dist: 3.063803006531643 vs. 3.063803006531643
list:
dist: 2.5416217671317023 vs. 2.5416217671317023
list:
dist: 1.9152702358820632 vs. 1.9152702358820632
list:
dist: 2.3780457044470293 vs. 2.3780457044470293
list:
dist: 1.7637645515342726 vs. 1.7637645515342726
list:
dist: 2.2364012115029084 vs. 2.2364012115029084
list:
dist: 2.255343104232011 vs. 2.255343104232011
list:
dist: 2.0423104242510783 vs. 2.0423104242510783
list:
dist: 1.51372286233113 vs. 1.51372286233113
list:
dist: 0.8755457416132388 vs. 0.8755457416132388
list:
dist: 2.469895259363548 vs. 2.469895259363548
list:
dist: 2.662618609509922 vs. 2.662618609509922
list:
dist: 3.330201313172115 vs. 3.330201313172115
list:
dist: 3.460259321304368 vs. 3.460259321304368
list:
dist: 3.6353731914061806 vs. 3.6353731914061806
list:
dist: 2.255343104232011 vs. 2.255343104232011
list:
dist: 1.3611844640098119 vs. 1.3611844640098119
list:
dist: 1.8044131442716242 vs. 1.8044131442716242
list:
dist: 0.6377984860992422 vs. 0.6377984860992422
list:
dist: 2.2134360939352167 vs. 2.2134360939352167
list:
dist: 1.5864995640132418 vs. 1.5864995640132418
list:
dist: 3.197500714655039 vs. 3.197500714655039
list:
dist: 3.0073300578385482 vs. 3.0073300578385482
list:
dist: 1.3322382653858114 vs. 1.3322382653858114
list:
dist: 1.7243901574436777 vs. 1.7243901574436777
list:
dist: 2.4326207727453486 vs. 2.4326207727453486
list:
dist: 1.348482235812501 vs. 1.348482235812501
list:
dist: 1.8184383142027045 vs. 1.8184383142027045
list:
dist: 2.2712139804823237 vs. 2.2712139804823237
list:
dist: 2.9291660309689935 vs. 2.9291660309689935
list:
dist: 1.805683318865503 vs. 1.805683318865503
list:
dist: 3.2663949982276 vs. 3.2663949982276
list:
dist: 3.140495411869318 vs. 3.140495411869318
list:
dist: 1.8386505138704459 vs. 1.8386505138704459
list:
dist: 3.8792265375534214 vs. 3.8792265375534214
list:
dist: 2.9885293214854536 vs. 2.9885293214854536
list:
dist: 4.152168234853792 vs. 4.152168234853792
list:
dist: 3.9331438415719995 vs. 3.9331438415719995
list:
dist: 3.532543861687702 vs. 3.532543861687702
list:
dist: 2.2364012115029084 vs. 2.2364012115029084
list:
dist: 1.5222909645022926 vs. 1.5222909645022926
list:
dist: 1.2451547861833872 vs. 1.2451547861833872
list:
dist: 0.6377984860992422 vs. 0.6377984860992422
list:
dist: 1.9714709659754661 vs. 1.9714709659754661
list:
dist: 1.1070239498045749 vs. 1.1070239498045749
list:
dist: 2.8648825470386092 vs. 2.8648825470386092
list:
dist: 2.6620889850836074 vs. 2.6620889850836074
list:
dist: 0.9922232414339403 vs. 0.9922232414339403
list:
dist: 1.5110413575700732 vs. 1.5110413575700732
list:
dist: 1.8342822052204075 vs. 1.8342822052204075
list:
dist: 1.3724345269872436 vs. 1.3724345269872436
list:
dist: 1.2581209159770113 vs. 1.2581209159770113
list:
dist: 1.8508879645034102 vs. 1.8508879645034102
list:
dist: 2.6683321966041076 vs. 2.6683321966041076
list:
dist: 1.7631472245357618 vs. 1.7631472245357618
list:
dist: 2.7447501592033463 vs. 2.7447501592033463
list:
dist: 2.8107709118251716 vs. 2.8107709118251716
list:
dist: 1.462932361344074 vs. 1.462932361344074
list:
dist: 3.4313532732742056 vs. 3.4313532732742056
list:
dist: 2.6575499779631326 vs. 2.6575499779631326
list:
dist: 3.781380946163239 vs. 3.781380946163239
list:
dist: 3.6746857329799227 vs. 3.6746857329799227
list:
dist: 3.3060340300552857 vs. 3.3060340300552857
list:
dist: 0.8755457416132388 vs. 0.8755457416132388
list:
dist: 1.4563649192342423 vs. 1.4563649192342423
list:
dist: 1.7169935362269344 vs. 1.7169935362269344
list:
dist: 1.5110413575700732 vs. 1.5110413575700732
list:
dist: 1.7243901574436777 vs. 1.7243901574436777
list:
dist: 3.4034065057473186 vs. 3.4034065057473186
list:
dist: 2.373065359433516 vs. 2.373065359433516
list:
dist: 4.190303301236418 vs. 4.190303301236418
list:
dist: 1.8313722890226527 vs. 1.8313722890226527
list:
dist: 0.7878923605476708 vs. 0.7878923605476708
list:
dist: 2.5926743510277706 vs. 2.5926743510277706
list:
dist: 2.041512311468042 vs. 2.041512311468042
list:
dist: 1.8779890304539422 vs. 1.8779890304539422
list:
dist: 2.635545910711286 vs. 2.635545910711286
list:
dist: 3.0192701298234406 vs. 3.0192701298234406
list:
dist: 3.0351414715703835 vs. 3.0351414715703835
list:
dist: 3.478268410263257 vs. 3.478268410263257
list:
dist: 3.965368330954926 vs. 3.965368330954926
list:
dist: 2.6813898460197443 vs. 2.6813898460197443
list:
dist: 4.441604049148545 vs. 4.441604049148545
list:
dist: 3.9790757039762052 vs. 3.9790757039762052
list:
dist: 3.236461886178584 vs. 3.236461886178584
list:
dist: 3.0202513554553363 vs. 3.0202513554553363
list:
dist: 2.0423104242510783 vs. 2.0423104242510783
list:
dist: 3.2605999813584683 vs. 3.2605999813584683
list:
dist: 2.7819113279826517 vs. 2.7819113279826517
list:
dist: 2.6620889850836074 vs. 2.6620889850836074
list:
dist: 3.0073300578385482 vs. 3.0073300578385482
list:
dist: 3.958281271029844 vs. 3.958281271029844
list:
dist: 3.235928611355448 vs. 3.235928611355448
list:
dist: 4.747166592339112 vs. 4.747166592339112
list:
dist: 1.7207428104382025 vs. 1.7207428104382025
list:
dist: 1.8313722890226527 vs. 1.8313722890226527
list:
dist: 3.130926694138933 vs. 3.130926694138933
list:
dist: 2.38846412810787 vs. 2.38846412810787
list:
dist: 2.0374318469188424 vs. 2.0374318469188424
list:
dist: 2.407985932694802 vs. 2.407985932694802
list:
dist: 2.1632030932031303 vs. 2.1632030932031303
list:
dist: 3.4006529529779295 vs. 3.4006529529779295
list:
dist: 3.060530158573926 vs. 3.060530158573926
list:
dist: 3.8666496840735904 vs. 3.8666496840735904
list:
dist: 2.9886895360306447 vs. 2.9886895360306447
list:
dist: 4.1960589789720295 vs. 4.1960589789720295
list:
dist: 4.2868138026655345 vs. 4.2868138026655345
list:
dist: 2.3112136204787723 vs. 2.3112136204787723
list:
dist: 1.565793756735481 vs. 1.565793756735481
list:
dist: 2.5680921097600824 vs. 2.5680921097600824
list:
dist: 1.8838780583846213 vs. 1.8838780583846213
list:
dist: 1.9957813446853772 vs. 1.9957813446853772
list:
dist: 1.0915667942644438 vs. 1.0915667942644438
list:
dist: 1.757864268030714 vs. 1.757864268030714
list:
dist: 1.5713861375281206 vs. 1.5713861375281206
list:
dist: 1.8974272042999385 vs. 1.8974272042999385
list:
dist: 2.057495419545134 vs. 2.057495419545134
list:
dist: 2.19599983267809 vs. 2.19599983267809
list:
dist: 1.6055232323171955 vs. 1.6055232323171955
list:
dist: 1.3814184415010589 vs. 1.3814184415010589
list:
dist: 2.161308477282041 vs. 2.161308477282041
list:
dist: 3.152482082729835 vs. 3.152482082729835
list:
dist: 3.3180931866835857 vs. 3.3180931866835857
list:
dist: 4.041799835998127 vs. 4.041799835998127
list:
dist: 2.7726773197689547 vs. 2.7726773197689547
list:
dist: 2.6575499779631326 vs. 2.6575499779631326
list:
dist: 2.9885293214854536 vs. 2.9885293214854536
list:
dist: 0.8312152860337918 vs. 0.8312152860337918
list:
dist: 1.7864061056799048 vs. 1.7864061056799048
list:
dist: 0.8734856579958417 vs. 0.8734856579958417
list:
dist: 1.75841398738153 vs. 1.75841398738153
list:
dist: 4.2868138026655345 vs. 4.2868138026655345
list:
dist: 3.2929930091880415 vs. 3.2929930091880415
list:
dist: 3.9790757039762052 vs. 3.9790757039762052
list:
dist: 2.0336935770044406 vs. 2.0336935770044406
list:
dist: 2.945618816503364 vs. 2.945618816503364
list:
dist: 2.3118630318257267 vs. 2.3118630318257267
list:
dist: 1.991424438447007 vs. 1.991424438447007
list:
dist: 3.0863848064221435 vs. 3.0863848064221435
list:
dist: 1.8728454623207726 vs. 1.8728454623207726
list:
dist: 1.79991922092996 vs. 1.79991922092996
list:
dist: 1.0364007853361776 vs. 1.0364007853361776
list:
dist: 1.4379438915736291 vs. 1.4379438915736291
list:
dist: 1.366028703762293 vs. 1.366028703762293
list:
dist: 1.3814184415010589 vs. 1.3814184415010589
list:
dist: 1.5532809313331744 vs. 1.5532809313331744
list:
dist: 2.1923141712705867 vs. 2.1923141712705867
list:
dist: 2.325567575465651 vs. 2.325567575465651
list:
dist: 3.885583115624286 vs. 3.885583115624286
list:
dist: 2.3112136204787723 vs. 2.3112136204787723
list:
dist: 2.685719376738608 vs. 2.685719376738608
list:
dist: 3.236461886178584 vs. 3.236461886178584
list:
dist: 1.9152702358820632 vs. 1.9152702358820632
list:
dist: 2.6176354932885477 vs. 2.6176354932885477
list:
dist: 2.2192041002887573 vs. 2.2192041002887573
list:
dist: 1.0732280801717717 vs. 1.0732280801717717
list:
dist: 2.62435072044612 vs. 2.62435072044612
list:
dist: 1.3432125420559506 vs. 1.3432125420559506
list:
dist: 4.320155693191023 vs. 4.320155693191023
list:
dist: 3.1103438475882044 vs. 3.1103438475882044
list:
dist: 2.8107709118251716 vs. 2.8107709118251716
list:
dist: 3.140495411869318 vs. 3.140495411869318
list:
dist: 1.3867394399116424 vs. 1.3867394399116424
list:
dist: 2.2347792068135 vs. 2.2347792068135
list:
dist: 1.899376618163088 vs. 1.899376618163088
list:
dist: 2.658811475472652 vs. 2.658811475472652
list:
dist: 3.8666496840735904 vs. 3.8666496840735904
list:
dist: 3.204507250050557 vs. 3.204507250050557
list:
dist: 3.965368330954926 vs. 3.965368330954926
list:
dist: 2.427950208446711 vs. 2.427950208446711
list:
dist: 2.631973741807389 vs. 2.631973741807389
list:
dist: 2.1535962677336893 vs. 2.1535962677336893
list:
dist: 1.4798948167683812 vs. 1.4798948167683812
list:
dist: 2.2907746834059948 vs. 2.2907746834059948
list:
dist: 1.6464296772824503 vs. 1.6464296772824503
list:
dist: 1.3358166773900715 vs. 1.3358166773900715
list:
dist: 1.349772454107737 vs. 1.349772454107737
list:
dist: 1.0637270797885139 vs. 1.0637270797885139
list:
dist: 1.0364007853361776 vs. 1.0364007853361776
list:
dist: 2.057495419545134 vs. 2.057495419545134
list:
dist: 1.0388873672857053 vs. 1.0388873672857053
list:
dist: 1.203839622768647 vs. 1.203839622768647
list:
dist: 1.3186662376132114 vs. 1.3186662376132114
list:
dist: 3.1378750844093175 vs. 3.1378750844093175
list:
dist: 3.582098239412831 vs. 3.582098239412831
list:
dist: 2.8839197063299205 vs. 2.8839197063299205
list:
dist: 1.048931326392463 vs. 1.048931326392463
list:
dist: 1.8342822052204075 vs. 1.8342822052204075
list:
dist: 2.4326207727453486 vs. 2.4326207727453486
list:
dist: 1.9077391174141165 vs. 1.9077391174141165
list:
dist: 1.0162165138100612 vs. 1.0162165138100612
list:
dist: 1.9893272733384126 vs. 1.9893272733384126
list:
dist: 3.058515760888893 vs. 3.058515760888893
list:
dist: 3.130926694138933 vs. 3.130926694138933
list:
dist: 2.1703722993000167 vs. 2.1703722993000167
list:
dist: 2.5926743510277706 vs. 2.5926743510277706
list:
dist: 2.7610019909222148 vs. 2.7610019909222148
list:
dist: 1.41495132163952 vs. 1.41495132163952
list:
dist: 1.9351654618103367 vs. 1.9351654618103367
list:
dist: 3.1171275818404127 vs. 3.1171275818404127
list:
dist: 2.5717468984118956 vs. 2.5717468984118956
list:
dist: 1.859464318072486 vs. 1.859464318072486
list:
dist: 2.427950208446711 vs. 2.427950208446711
list:
dist: 1.648181370316032 vs. 1.648181370316032
list:
dist: 2.432555248956491 vs. 2.432555248956491
list:
dist: 2.0336935770044406 vs. 2.0336935770044406
list:
dist: 1.5713861375281206 vs. 1.5713861375281206
list:
dist: 3.4585803961472767 vs. 3.4585803961472767
list:
dist: 1.565793756735481 vs. 1.565793756735481
list:
dist: 2.5254204246893606 vs. 2.5254204246893606
list:
dist: 3.0202513554553363 vs. 3.0202513554553363
list:
dist: 3.4585803961472767 vs. 3.4585803961472767
list:
dist: 2.3780457044470293 vs. 2.3780457044470293
list:
dist: 2.2171357141620502 vs. 2.2171357141620502
list:
dist: 1.954561645145709 vs. 1.954561645145709
list:
dist: 1.0587244465991874 vs. 1.0587244465991874
list:
dist: 3.023217775021475 vs. 3.023217775021475
list:
dist: 2.4961619395683226 vs. 2.4961619395683226
list:
dist: 3.1378750844093175 vs. 3.1378750844093175
list:
dist: 2.768721151614146 vs. 2.768721151614146
list:
dist: 3.497695016521051 vs. 3.497695016521051
list:
dist: 3.885583115624286 vs. 3.885583115624286
list:
dist: 3.7069284812878305 vs. 3.7069284812878305
list:
dist: 3.0280738241774134 vs. 3.0280738241774134
list:
dist: 2.5479115291454506 vs. 2.5479115291454506
list:
dist: 1.3432125420559506 vs. 1.3432125420559506
list:
dist: 3.3236411371985377 vs. 3.3236411371985377
list:
dist: 2.3459609156037886 vs. 2.3459609156037886
list:
dist: 1.9714709659754661 vs. 1.9714709659754661
list:
dist: 2.2134360939352167 vs. 2.2134360939352167
list:
dist: 1.2624085257196722 vs. 1.2624085257196722
list:
dist: 1.2305050873578673 vs. 1.2305050873578673
list:
dist: 2.2706785636816114 vs. 2.2706785636816114
list:
dist: 3.958281271029844 vs. 3.958281271029844
list:
dist: 2.729223707406804 vs. 2.729223707406804
list:
dist: 3.4034065057473186 vs. 3.4034065057473186
list:
dist: 1.9077391174141165 vs. 1.9077391174141165
list:
dist: 2.325734830471918 vs. 2.325734830471918
list:
dist: 1.9593207978420288 vs. 1.9593207978420288
list:
dist: 1.7880496327376971 vs. 1.7880496327376971
list:
dist: 2.890881557117219 vs. 2.890881557117219
list:
dist: 1.2779183412902675 vs. 1.2779183412902675
list:
dist: 2.095033684219381 vs. 2.095033684219381
list:
dist: 1.3867394399116424 vs. 1.3867394399116424
list:
dist: 0.9947858455902006 vs. 0.9947858455902006
list:
dist: 2.052127881252595 vs. 2.052127881252595
list:
dist: 0.8312152860337918 vs. 0.8312152860337918
list:
dist: 1.8838780583846213 vs. 1.8838780583846213
list:
dist: 2.231134050590822 vs. 2.231134050590822
list:
dist: 2.488609705000616 vs. 2.488609705000616
list:
dist: 2.4255324917149967 vs. 2.4255324917149967
list:
dist: 3.781380946163239 vs. 3.781380946163239
list:
dist: 4.152168234853792 vs. 4.152168234853792
list:
dist: 2.231134050590822 vs. 2.231134050590822
list:
dist: 3.0721101023128563 vs. 3.0721101023128563
list:
dist: 2.2261103762248267 vs. 2.2261103762248267
list:
dist: 2.586564910104431 vs. 2.586564910104431
list:
dist: 3.638873870668409 vs. 3.638873870668409
list:
dist: 3.0010657780183543 vs. 3.0010657780183543
list:
dist: 2.3413048270596053 vs. 2.3413048270596053
list:
dist: 2.9924589141873184 vs. 2.9924589141873184
list:
dist: 2.671184341759627 vs. 2.671184341759627
list:
dist: 1.6651767593051594 vs. 1.6651767593051594
list:
dist: 1.0388873672857053 vs. 1.0388873672857053
list:
dist: 2.3349833963576887 vs. 2.3349833963576887
list:
dist: 0.6936363745594246 vs. 0.6936363745594246
list:
dist: 1.5532809313331744 vs. 1.5532809313331744
list:
dist: 2.161308477282041 vs. 2.161308477282041
list:
dist: 1.303197560072227 vs. 1.303197560072227
list:
dist: 1.7755113037283097 vs. 1.7755113037283097
list:
dist: 3.7069284812878305 vs. 3.7069284812878305
list:
dist: 2.97912440060033 vs. 2.97912440060033
list:
dist: 1.9501237786137042 vs. 1.9501237786137042
list:
dist: 1.462932361344074 vs. 1.462932361344074
list:
dist: 1.8386505138704459 vs. 1.8386505138704459
list:
dist: 0.9947858455902006 vs. 0.9947858455902006
list:
dist: 1.1255210200087715 vs. 1.1255210200087715
list:
dist: 2.000086454814689 vs. 2.000086454814689
list:
dist: 3.1112918946669903 vs. 3.1112918946669903
list:
dist: 2.9886895360306447 vs. 2.9886895360306447
list:
dist: 1.9350926367201886 vs. 1.9350926367201886
list:
dist: 2.6813898460197443 vs. 2.6813898460197443
list:
dist: 1.648181370316032 vs. 1.648181370316032
list:
dist: 1.5690778276321138 vs. 1.5690778276321138
list:
dist: 1.05780951044348 vs. 1.05780951044348
list:
dist: 0.8494521759810345 vs. 0.8494521759810345
list:
dist: 1.9953346606688114 vs. 1.9953346606688114
list:
dist: 0.9742737976679717 vs. 0.9742737976679717
list:
dist: 1.5752889575184625 vs. 1.5752889575184625
list:
dist: 1.349772454107737 vs. 1.349772454107737
list:
dist: 2.062981238395224 vs. 2.062981238395224
list:
dist: 1.4379438915736291 vs. 1.4379438915736291
list:
dist: 2.19599983267809 vs. 2.19599983267809
list:
dist: 2.3349833963576887 vs. 2.3349833963576887
list:
dist: 2.2793624897587024 vs. 2.2793624897587024
list:
dist: 2.021181726097697 vs. 2.021181726097697
list:
dist: 2.768721151614146 vs. 2.768721151614146
list:
dist: 3.330201313172115 vs. 3.330201313172115
list:
dist: 3.3230590252311982 vs. 3.3230590252311982
list:
dist: 2.2408009765181016 vs. 2.2408009765181016
list:
dist: 1.8508879645034102 vs. 1.8508879645034102
list:
dist: 2.2712139804823237 vs. 2.2712139804823237
list:
dist: 1.7880496327376971 vs. 1.7880496327376971
list:
dist: 1.7621255937077795 vs. 1.7621255937077795
list:
dist: 2.649057041301932 vs. 2.649057041301932
list:
dist: 2.407985932694802 vs. 2.407985932694802
list:
dist: 1.8736589327684652 vs. 1.8736589327684652
list:
dist: 2.635545910711286 vs. 2.635545910711286
list:
dist: 1.9351654618103367 vs. 1.9351654618103367
list:
dist: 1.5443181050553825 vs. 1.5443181050553825
list:
dist: 0.8805145083243003 vs. 0.8805145083243003
list:
dist: 1.258028022563987 vs. 1.258028022563987
list:
dist: 1.4266358140526236 vs. 1.4266358140526236
list:
dist: 1.2166188723971185 vs. 1.2166188723971185
list:
dist: 1.4798948167683812 vs. 1.4798948167683812
list:
dist: 0.8494521759810345 vs. 0.8494521759810345
list:
dist: 2.0581217365256177 vs. 2.0581217365256177
list:
dist: 1.991424438447007 vs. 1.991424438447007
list:
dist: 2.3413048270596053 vs. 2.3413048270596053
list:
dist: 2.0573948434615805 vs. 2.0573948434615805
list:
dist: 1.6956383845297325 vs. 1.6956383845297325
list:
dist: 2.2192041002887573 vs. 2.2192041002887573
list:
dist: 1.954561645145709 vs. 1.954561645145709
list:
dist: 2.662618609509922 vs. 2.662618609509922
list:
dist: 2.6094532252259266 vs. 2.6094532252259266
list:
dist: 1.4318697851950124 vs. 1.4318697851950124
list:
dist: 1.2581209159770113 vs. 1.2581209159770113
list:
dist: 1.8184383142027045 vs. 1.8184383142027045
list:
dist: 1.9593207978420288 vs. 1.9593207978420288
list:
dist: 1.3133752942998451 vs. 1.3133752942998451
list:
dist: 2.7274226230450616 vs. 2.7274226230450616
list:
dist: 2.0374318469188424 vs. 2.0374318469188424
list:
dist: 1.1801370024368825 vs. 1.1801370024368825
list:
dist: 1.8779890304539422 vs. 1.8779890304539422
list:
dist: 1.41495132163952 vs. 1.41495132163952
list:
dist: 1.529458150064939 vs. 1.529458150064939
list:
dist: 0.8805145083243003 vs. 0.8805145083243003
list:
dist: 1.831227401316976 vs. 1.831227401316976
list:
dist: 1.8000092610812908 vs. 1.8000092610812908
list:
dist: 1.6409873183907886 vs. 1.6409873183907886
list:
dist: 2.1535962677336893 vs. 2.1535962677336893
list:
dist: 1.05780951044348 vs. 1.05780951044348
list:
dist: 2.5770773244139824 vs. 2.5770773244139824
list:
dist: 2.3118630318257267 vs. 2.3118630318257267
list:
dist: 3.0010657780183543 vs. 3.0010657780183543
list:
dist: 2.9165135296496607 vs. 2.9165135296496607
list:
dist: 2.57302626378552 vs. 2.57302626378552
list:
dist: 2.6176354932885477 vs. 2.6176354932885477
list:
dist: 2.2171357141620502 vs. 2.2171357141620502
list:
dist: 1.8963719789115006 vs. 1.8963719789115006
list:
dist: 1.2451547861833872 vs. 1.2451547861833872
list:
dist: 1.8044131442716242 vs. 1.8044131442716242
list:
dist: 2.3459609156037886 vs. 2.3459609156037886
list:
dist: 1.0929310399288488 vs. 1.0929310399288488
list:
dist: 2.734845677902413 vs. 2.734845677902413
list:
dist: 3.8439697934247277 vs. 3.8439697934247277
list:
dist: 2.7819113279826517 vs. 2.7819113279826517
list:
dist: 1.5120940857020344 vs. 1.5120940857020344
list:
dist: 1.7169935362269344 vs. 1.7169935362269344
list:
dist: 1.048931326392463 vs. 1.048931326392463
list:
dist: 2.454708237297349 vs. 2.454708237297349
list:
dist: 1.4318697851950124 vs. 1.4318697851950124
list:
dist: 2.2408009765181016 vs. 2.2408009765181016
list:
dist: 3.2495115470928124 vs. 3.2495115470928124
list:
dist: 2.6746025554757913 vs. 2.6746025554757913
list:
dist: 2.630317027235743 vs. 2.630317027235743
list:
dist: 3.1103438475882044 vs. 3.1103438475882044
list:
dist: 1.9501237786137042 vs. 1.9501237786137042
list:
dist: 3.3537130791567695 vs. 3.3537130791567695
list:
dist: 2.7726773197689547 vs. 2.7726773197689547
list:
dist: 2.5680921097600824 vs. 2.5680921097600824
list:
dist: 1.51372286233113 vs. 1.51372286233113
list:
dist: 1.733538178138201 vs. 1.733538178138201
list:
dist: 1.5120940857020344 vs. 1.5120940857020344
list:
dist: 0.9922232414339403 vs. 0.9922232414339403
list:
dist: 1.3322382653858114 vs. 1.3322382653858114
list:
dist: 2.729223707406804 vs. 2.729223707406804
list:
dist: 1.8465949704626223 vs. 1.8465949704626223
list:
dist: 3.6057065378675333 vs. 3.6057065378675333
list:
dist: 1.7207428104382025 vs. 1.7207428104382025
list:
dist: 0.7878923605476708 vs. 0.7878923605476708
list:
dist: 2.1703722993000167 vs. 2.1703722993000167
list:
dist: 1.3623890331509623 vs. 1.3623890331509623
list:
dist: 1.1801370024368825 vs. 1.1801370024368825
list:
dist: 1.8736589327684652 vs. 1.8736589327684652
list:
dist: 2.336141835939924 vs. 2.336141835939924
list:
dist: 2.291082744497502 vs. 2.291082744497502
list:
dist: 2.8094687599635297 vs. 2.8094687599635297
list:
dist: 3.204507250050557 vs. 3.204507250050557
list:
dist: 1.9350926367201886 vs. 1.9350926367201886
list:
dist: 3.7438742833156664 vs. 3.7438742833156664
list:
dist: 3.2929930091880415 vs. 3.2929930091880415
list:
dist: 2.685719376738608 vs. 2.685719376738608
list:
dist: 2.5254204246893606 vs. 2.5254204246893606
list:
dist: 3.8439697934247277 vs. 3.8439697934247277
list:
dist: 2.2706785636816114 vs. 2.2706785636816114
list:
dist: 2.9854948612507375 vs. 2.9854948612507375
list:
dist: 1.1714902049313987 vs. 1.1714902049313987
list:
dist: 3.058515760888893 vs. 3.058515760888893
list:
dist: 3.262354706041461 vs. 3.262354706041461
list:
dist: 2.658811475472652 vs. 2.658811475472652
list:
dist: 3.1112918946669903 vs. 3.1112918946669903
list:
dist: 2.471915888253288 vs. 2.471915888253288
list:
dist: 1.75841398738153 vs. 1.75841398738153
list:
dist: 1.757864268030714 vs. 1.757864268030714
list:
dist: 2.586564910104431 vs. 2.586564910104431
list:
dist: 3.613947944534981 vs. 3.613947944534981
list:
dist: 3.9177976176461358 vs. 3.9177976176461358
list:
dist: 3.460259321304368 vs. 3.460259321304368
list:
dist: 3.955799900194643 vs. 3.955799900194643
list:
dist: 3.2495115470928124 vs. 3.2495115470928124
list:
dist: 2.6683321966041076 vs. 2.6683321966041076
list:
dist: 2.9291660309689935 vs. 2.9291660309689935
list:
dist: 2.890881557117219 vs. 2.890881557117219
list:
dist: 2.935956777946754 vs. 2.935956777946754
list:
dist: 3.837775218430954 vs. 3.837775218430954
list:
dist: 2.1632030932031303 vs. 2.1632030932031303
list:
dist: 2.336141835939924 vs. 2.336141835939924
list:
dist: 3.0192701298234406 vs. 3.0192701298234406
list:
dist: 3.1171275818404127 vs. 3.1171275818404127
list:
dist: 1.707835908405785 vs. 1.707835908405785
list:
dist: 1.831227401316976 vs. 1.831227401316976
list:
dist: 1.258028022563987 vs. 1.258028022563987
list:
dist: 2.0628489561988657 vs. 2.0628489561988657
list:
dist: 2.068412071437141 vs. 2.068412071437141
list:
dist: 2.2907746834059948 vs. 2.2907746834059948
list:
dist: 1.9953346606688114 vs. 1.9953346606688114
list:
dist: 2.8920550817239796 vs. 2.8920550817239796
list:
dist: 3.0863848064221435 vs. 3.0863848064221435
list:
dist: 2.9924589141873184 vs. 2.9924589141873184
list:
dist: 2.18320604505526 vs. 2.18320604505526
list:
dist: 1.6299251500123129 vs. 1.6299251500123129
list:
dist: 1.0732280801717717 vs. 1.0732280801717717
list:
dist: 1.0587244465991874 vs. 1.0587244465991874
list:
dist: 2.330843195763954 vs. 2.330843195763954
list:
dist: 1.0929310399288488 vs. 1.0929310399288488
list:
dist: 1.1070239498045749 vs. 1.1070239498045749
list:
dist: 1.5864995640132418 vs. 1.5864995640132418
list:
dist: 1.2624085257196722 vs. 1.2624085257196722
list:
dist: 1.8296310108985856 vs. 1.8296310108985856
list:
dist: 2.9854948612507375 vs. 2.9854948612507375
list:
dist: 3.235928611355448 vs. 3.235928611355448
list:
dist: 1.8465949704626223 vs. 1.8465949704626223
list:
dist: 2.373065359433516 vs. 2.373065359433516
list:
dist: 1.0162165138100612 vs. 1.0162165138100612
list:
dist: 2.1148726559473285 vs. 2.1148726559473285
list:
dist: 1.3133752942998451 vs. 1.3133752942998451
list:
dist: 1.7621255937077795 vs. 1.7621255937077795
list:
dist: 2.935956777946754 vs. 2.935956777946754
list:
dist: 1.8138091023154645 vs. 1.8138091023154645
list:
dist: 2.191786928618678 vs. 2.191786928618678
list:
dist: 2.2347792068135 vs. 2.2347792068135
list:
dist: 1.1255210200087715 vs. 1.1255210200087715
list:
dist: 2.6483599888635982 vs. 2.6483599888635982
list:
dist: 1.7864061056799048 vs. 1.7864061056799048
list:
dist: 1.9957813446853772 vs. 1.9957813446853772
list:
dist: 3.0721101023128563 vs. 3.0721101023128563
list:
dist: 3.3268143165479325 vs. 3.3268143165479325
list:
dist: 3.132105773056222 vs. 3.132105773056222
list:
dist: 4.045691449569827 vs. 4.045691449569827
list:
dist: 2.734845677902413 vs. 2.734845677902413
list:
dist: 2.8648825470386092 vs. 2.8648825470386092
list:
dist: 3.197500714655039 vs. 3.197500714655039
list:
dist: 1.2305050873578673 vs. 1.2305050873578673
list:
dist: 1.8296310108985856 vs. 1.8296310108985856
list:
dist: 1.1714902049313987 vs. 1.1714902049313987
list:
dist: 4.747166592339112 vs. 4.747166592339112
list:
dist: 3.6057065378675333 vs. 3.6057065378675333
list:
dist: 4.190303301236418 vs. 4.190303301236418
list:
dist: 1.9893272733384126 vs. 1.9893272733384126
list:
dist: 3.4853583732826383 vs. 3.4853583732826383
list:
dist: 2.7274226230450616 vs. 2.7274226230450616
list:
dist: 2.649057041301932 vs. 2.649057041301932
list:
dist: 3.837775218430954 vs. 3.837775218430954
list:
dist: 2.4969287080638822 vs. 2.4969287080638822
list:
dist: 2.3826367629369383 vs. 2.3826367629369383
list:
dist: 1.899376618163088 vs. 1.899376618163088
list:
dist: 2.000086454814689 vs. 2.000086454814689
list:
dist: 1.9399574276257607 vs. 1.9399574276257607
list:
dist: 0.8734856579958417 vs. 0.8734856579958417
list:
dist: 1.0915667942644438 vs. 1.0915667942644438
list:
dist: 2.2261103762248267 vs. 2.2261103762248267
list:
dist: 3.0483200324933586 vs. 3.0483200324933586
list:
dist: 3.197758661653819 vs. 3.197758661653819
list:
dist: 4.176089587775828 vs. 4.176089587775828
list:
dist: 2.630317027235743 vs. 2.630317027235743
list:
dist: 2.7447501592033463 vs. 2.7447501592033463
list:
dist: 3.2663949982276 vs. 3.2663949982276
list:
dist: 2.095033684219381 vs. 2.095033684219381
list:
dist: 2.191786928618678 vs. 2.191786928618678
list:
dist: 2.3826367629369383 vs. 2.3826367629369383
list:
dist: 3.262354706041461 vs. 3.262354706041461
list:
dist: 3.060530158573926 vs. 3.060530158573926
list:
dist: 2.8094687599635297 vs. 2.8094687599635297
list:
dist: 3.478268410263257 vs. 3.478268410263257
list:
dist: 1.859464318072486 vs. 1.859464318072486
list:
dist: 2.7545269766667566 vs. 2.7545269766667566
list:
dist: 1.6409873183907886 vs. 1.6409873183907886
list:
dist: 1.2166188723971185 vs. 1.2166188723971185
list:
dist: 2.068412071437141 vs. 2.068412071437141
list:
dist: 2.3476355080485307 vs. 2.3476355080485307
list:
dist: 1.3358166773900715 vs. 1.3358166773900715
list:
dist: 1.5752889575184625 vs. 1.5752889575184625
list:
dist: 1.1551183745488431 vs. 1.1551183745488431
list:
dist: 1.79991922092996 vs. 1.79991922092996
list:
dist: 1.8974272042999385 vs. 1.8974272042999385
list:
dist: 1.6651767593051594 vs. 1.6651767593051594
list:
dist: 1.9718397231680647 vs. 1.9718397231680647
list:
dist: 1.9467600291897702 vs. 1.9467600291897702
list:
dist: 2.4961619395683226 vs. 2.4961619395683226
list:
dist: 4.8924793840882606 vs. 4.8924793840882606
list:
dist: 3.3537130791567695 vs. 3.3537130791567695
list:
dist: 3.4313532732742056 vs. 3.4313532732742056
list:
dist: 3.8792265375534214 vs. 3.8792265375534214
list:
dist: 2.052127881252595 vs. 2.052127881252595
list:
dist: 2.6483599888635982 vs. 2.6483599888635982
list:
dist: 1.9399574276257607 vs. 1.9399574276257607
list:
dist: 2.471915888253288 vs. 2.471915888253288
list:
dist: 4.1960589789720295 vs. 4.1960589789720295
list:
dist: 3.7438742833156664 vs. 3.7438742833156664
list:
dist: 4.441604049148545 vs. 4.441604049148545
list:
dist: 2.432555248956491 vs. 2.432555248956491
list:
dist: 3.4754517647123184 vs. 3.4754517647123184
list:
dist: 2.5770773244139824 vs. 2.5770773244139824
list:
dist: 2.0581217365256177 vs. 2.0581217365256177
list:
dist: 2.8920550817239796 vs. 2.8920550817239796
list:
dist: 2.639362088456373 vs. 2.639362088456373
list:
dist: 1.1551183745488431 vs. 1.1551183745488431
list:
dist: 1.0637270797885139 vs. 1.0637270797885139
list:
dist: 2.062981238395224 vs. 2.062981238395224
list:
dist: 1.366028703762293 vs. 1.366028703762293
list:
dist: 1.6055232323171955 vs. 1.6055232323171955
list:
dist: 0.6936363745594246 vs. 0.6936363745594246
list:
dist: 1.723667645485422 vs. 1.723667645485422
list:
dist: 2.036331411436292 vs. 2.036331411436292
list:
dist: 3.497695016521051 vs. 3.497695016521051
list:
dist: 3.6746857329799227 vs. 3.6746857329799227
list:
dist: 3.9331438415719995 vs. 3.9331438415719995
list:
dist: 2.488609705000616 vs. 2.488609705000616
list:
dist: 3.3268143165479325 vs. 3.3268143165479325
list:
dist: 3.0483200324933586 vs. 3.0483200324933586
list:
dist: 3.613947944534981 vs. 3.613947944534981
list:
dist: 3.063803006531643 vs. 3.063803006531643
list:
dist: 2.9165135296496607 vs. 2.9165135296496607
list:
dist: 2.0573948434615805 vs. 2.0573948434615805
list:
dist: 2.18320604505526 vs. 2.18320604505526
list:
dist: 2.245789230836167 vs. 2.245789230836167
list:
dist: 1.9718397231680647 vs. 1.9718397231680647
list:
dist: 1.203839622768647 vs. 1.203839622768647
list:
dist: 2.2793624897587024 vs. 2.2793624897587024
list:
dist: 1.723667645485422 vs. 1.723667645485422
list:
dist: 2.1923141712705867 vs. 2.1923141712705867
list:
dist: 3.152482082729835 vs. 3.152482082729835
list:
dist: 1.303197560072227 vs. 1.303197560072227
list:
dist: 0.6169982789071946 vs. 0.6169982789071946
list:
dist: 3.0280738241774134 vs. 3.0280738241774134
list:
dist: 3.3060340300552857 vs. 3.3060340300552857
list:
dist: 3.532543861687702 vs. 3.532543861687702
list:
dist: 2.4255324917149967 vs. 2.4255324917149967
list:
dist: 3.132105773056222 vs. 3.132105773056222
list:
dist: 3.197758661653819 vs. 3.197758661653819
list:
dist: 3.9177976176461358 vs. 3.9177976176461358
list:
dist: 2.5416217671317023 vs. 2.5416217671317023
list:
dist: 2.57302626378552 vs. 2.57302626378552
list:
dist: 1.6956383845297325 vs. 1.6956383845297325
list:
dist: 1.6299251500123129 vs. 1.6299251500123129
list:
dist: 1.8957183588896322 vs. 1.8957183588896322
list:
dist: 1.9467600291897702 vs. 1.9467600291897702
list:
dist: 1.3186662376132114 vs. 1.3186662376132114
list:
dist: 2.021181726097697 vs. 2.021181726097697
list:
dist: 2.036331411436292 vs. 2.036331411436292
list:
dist: 2.325567575465651 vs. 2.325567575465651
list:
dist: 3.3180931866835857 vs. 3.3180931866835857
list:
dist: 1.7755113037283097 vs. 1.7755113037283097
list:
dist: 0.6169982789071946 vs. 0.6169982789071946
list:
dist: 2.5479115291454506 vs. 2.5479115291454506
600
700
Neighbor List consistency Check...
--------
nle(id0,id1,dist): 5 6 2.190445987999891
list:
dist: 2.190445987999891 vs. 2.190445987999891
--------
nle(id0,id1,dist): 5 7 3.7933361881575722
list:
dist: 3.7933361881575722 vs. 3.7933361881575722
--------
nle(id0,id1,dist): 5 18 3.901426552909638
list:
dist: 3.901426552909638 vs. 3.901426552909638
--------
nle(id0,id1,dist): 5 8 3.1182055370859914
list:
dist: 3.1182055370859914 vs. 3.1182055370859914
--------
nle(id0,id1,dist): 5 10 2.266336944509568
list:
dist: 2.266336944509568 vs. 2.266336944509568
--------
nle(id0,id1,dist): 4 11 1.445134937809194
list:
dist: 1.445134937809194 vs. 1.445134937809194
--------
nle(id0,id1,dist): 4 12 1.5945946802627642
list:
dist: 1.5945946802627642 vs. 1.5945946802627642
--------
nle(id0,id1,dist): 4 9 0.9858754278132792
list:
dist: 0.9858754278132792 vs. 0.9858754278132792
--------
nle(id0,id1,dist): 4 10 3.4411178635323845
list:
dist: 3.4411178635323845 vs. 3.4411178635323845
--------
nle(id0,id1,dist): 4 7 1.797753907234658
list:
dist: 1.797753907234658 vs. 1.797753907234658
--------
nle(id0,id1,dist): 4 27 3.7193976137024687
list:
dist: 3.7193976137024687 vs. 3.7193976137024687
--------
nle(id0,id1,dist): 4 21 3.04543196067371
list:
dist: 3.04543196067371 vs. 3.04543196067371
--------
nle(id0,id1,dist): 4 19 3.3713791576719787
list:
dist: 3.3713791576719787 vs. 3.3713791576719787
--------
nle(id0,id1,dist): 4 18 1.6867040776743991
list:
dist: 1.6867040776743991 vs. 1.6867040776743991
--------
nle(id0,id1,dist): 4 17 1.2806709633651203
list:
dist: 1.2806709633651203 vs. 1.2806709633651203
--------
nle(id0,id1,dist): 4 16 2.4308002990113975
list:
dist: 2.4308002990113975 vs. 2.4308002990113975
--------
nle(id0,id1,dist): 4 15 2.194260855976125
list:
dist: 2.194260855976125 vs. 2.194260855976125
--------
nle(id0,id1,dist): 4 14 3.714512143010478
list:
dist: 3.714512143010478 vs. 3.714512143010478
--------
nle(id0,id1,dist): 4 13 3.718462648403082
list:
dist: 3.718462648403082 vs. 3.718462648403082
--------
nle(id0,id1,dist): 7 9 1.8075437783903234
list:
dist: 1.8075437783903234 vs. 1.8075437783903234
--------
nle(id0,id1,dist): 7 8 2.5329438143316323
list:
dist: 2.5329438143316323 vs. 2.5329438143316323
--------
nle(id0,id1,dist): 7 11 1.4242242269536327
list:
dist: 1.4242242269536327 vs. 1.4242242269536327
--------
nle(id0,id1,dist): 7 10 1.7005413018681572
list:
dist: 1.7005413018681572 vs. 1.7005413018681572
--------
nle(id0,id1,dist): 7 13 2.377753756183267
list:
dist: 2.377753756183267 vs. 2.377753756183267
--------
nle(id0,id1,dist): 7 12 1.8078204405429874
list:
dist: 1.8078204405429874 vs. 1.8078204405429874
--------
nle(id0,id1,dist): 5 24 3.6676033681863163
list:
dist: 3.6676033681863163 vs. 3.6676033681863163
--------
nle(id0,id1,dist): 6 18 2.1739787241650683
list:
dist: 2.1739787241650683 vs. 2.1739787241650683
--------
nle(id0,id1,dist): 6 10 1.4977795455645488
list:
dist: 1.4977795455645488 vs. 1.4977795455645488
--------
nle(id0,id1,dist): 6 8 1.7164525574794012
list:
dist: 1.7164525574794012 vs. 1.7164525574794012
--------
nle(id0,id1,dist): 6 7 2.019806790705541
list:
dist: 2.019806790705541 vs. 2.019806790705541
--------
nle(id0,id1,dist): 8 10 2.4208203078288872
list:
dist: 2.4208203078288872 vs. 2.4208203078288872
--------
nle(id0,id1,dist): 8 18 2.5483983178797347
list:
dist: 2.5483983178797347 vs. 2.5483983178797347
--------
nle(id0,id1,dist): 7 21 2.442215598185738
list:
dist: 2.442215598185738 vs. 2.442215598185738
--------
nle(id0,id1,dist): 7 18 0.23729811506541099
list:
dist: 0.23729811506541099 vs. 0.23729811506541099
--------
nle(id0,id1,dist): 7 17 1.9786013405704945
list:
dist: 1.9786013405704945 vs. 1.9786013405704945
--------
nle(id0,id1,dist): 7 16 2.4907909520256726
list:
dist: 2.4907909520256726 vs. 2.4907909520256726
--------
nle(id0,id1,dist): 7 15 2.1343693751716337
list:
dist: 2.1343693751716337 vs. 2.1343693751716337
--------
nle(id0,id1,dist): 7 14 2.4127139967132303
list:
dist: 2.4127139967132303 vs. 2.4127139967132303
--------
nle(id0,id1,dist): 7 27 2.3084207451777785
list:
dist: 2.3084207451777785 vs. 2.3084207451777785
--------
nle(id0,id1,dist): 10 12 3.3204427278563307
list:
dist: 3.3204427278563307 vs. 3.3204427278563307
--------
nle(id0,id1,dist): 10 11 2.8024299551136314
list:
dist: 2.8024299551136314 vs. 2.8024299551136314
--------
nle(id0,id1,dist): 10 14 2.5537385733592273
list:
dist: 2.5537385733592273 vs. 2.5537385733592273
--------
nle(id0,id1,dist): 10 13 2.198444439689774
list:
dist: 2.198444439689774 vs. 2.198444439689774
--------
nle(id0,id1,dist): 10 15 3.4127639488697246
list:
dist: 3.4127639488697246 vs. 3.4127639488697246
--------
nle(id0,id1,dist): 10 16 3.6712434868975357
list:
dist: 3.6712434868975357 vs. 3.6712434868975357
--------
nle(id0,id1,dist): 10 17 3.628016088598849
list:
dist: 3.628016088598849 vs. 3.628016088598849
--------
nle(id0,id1,dist): 10 18 1.7650214144084069
list:
dist: 1.7650214144084069 vs. 1.7650214144084069
--------
nle(id0,id1,dist): 10 21 3.2395128606759886
list:
dist: 3.2395128606759886 vs. 3.2395128606759886
--------
nle(id0,id1,dist): 10 22 4.304381998925878
list:
dist: 4.304381998925878 vs. 4.304381998925878
--------
nle(id0,id1,dist): 10 24 2.901076373530534
list:
dist: 2.901076373530534 vs. 2.901076373530534
--------
nle(id0,id1,dist): 10 27 1.8599644341574093
list:
dist: 1.8599644341574093 vs. 1.8599644341574093
--------
nle(id0,id1,dist): 9 11 1.1135317901015922
list:
dist: 1.1135317901015922 vs. 1.1135317901015922
--------
nle(id0,id1,dist): 9 10 3.1988112546727034
list:
dist: 3.1988112546727034 vs. 3.1988112546727034
--------
nle(id0,id1,dist): 9 15 2.252646614825713
list:
dist: 2.252646614825713 vs. 2.252646614825713
--------
nle(id0,id1,dist): 9 14 3.723926591017954
list:
dist: 3.723926591017954 vs. 3.723926591017954
--------
nle(id0,id1,dist): 9 13 3.3762009588085484
list:
dist: 3.3762009588085484 vs. 3.3762009588085484
--------
nle(id0,id1,dist): 9 12 1.8731754177689024
list:
dist: 1.8731754177689024 vs. 1.8731754177689024
--------
nle(id0,id1,dist): 9 19 2.914158778058083
list:
dist: 2.914158778058083 vs. 2.914158778058083
--------
nle(id0,id1,dist): 9 18 1.6081092543540962
list:
dist: 1.6081092543540962 vs. 1.6081092543540962
--------
nle(id0,id1,dist): 9 17 1.9592511556708339
list:
dist: 1.9592511556708339 vs. 1.9592511556708339
--------
nle(id0,id1,dist): 9 16 2.2701035079583285
list:
dist: 2.2701035079583285 vs. 2.2701035079583285
--------
nle(id0,id1,dist): 9 21 2.9256130725815646
list:
dist: 2.9256130725815646 vs. 2.9256130725815646
--------
nle(id0,id1,dist): 9 27 3.258468697161166
list:
dist: 3.258468697161166 vs. 3.258468697161166
--------
nle(id0,id1,dist): 12 19 2.2652038720233727
list:
dist: 2.2652038720233727 vs. 2.2652038720233727
--------
nle(id0,id1,dist): 12 18 1.8265620168905619
list:
dist: 1.8265620168905619 vs. 1.8265620168905619
--------
nle(id0,id1,dist): 12 17 0.7892020196044595
list:
dist: 0.7892020196044595 vs. 0.7892020196044595
--------
nle(id0,id1,dist): 12 16 1.165156715150392
list:
dist: 1.165156715150392 vs. 1.165156715150392
--------
nle(id0,id1,dist): 12 15 0.676520115963895
list:
dist: 0.676520115963895 vs. 0.676520115963895
--------
nle(id0,id1,dist): 12 14 2.492024193480248
list:
dist: 2.492024193480248 vs. 2.492024193480248
--------
nle(id0,id1,dist): 12 13 2.7263408943588496
list:
dist: 2.7263408943588496 vs. 2.7263408943588496
--------
nle(id0,id1,dist): 11 27 2.448969813240532
list:
dist: 2.448969813240532 vs. 2.448969813240532
--------
nle(id0,id1,dist): 11 19 1.97703297173493
list:
dist: 1.97703297173493 vs. 1.97703297173493
--------
nle(id0,id1,dist): 11 18 1.315413435919708
list:
dist: 1.315413435919708 vs. 1.315413435919708
--------
nle(id0,id1,dist): 11 21 1.8173886114430144
list:
dist: 1.8173886114430144 vs. 1.8173886114430144
--------
nle(id0,id1,dist): 11 15 1.251512781213152
list:
dist: 1.251512781213152 vs. 1.251512781213152
--------
nle(id0,id1,dist): 11 14 2.6973498866798007
list:
dist: 2.6973498866798007 vs. 2.6973498866798007
--------
nle(id0,id1,dist): 11 17 1.5735495750307313
list:
dist: 1.5735495750307313 vs. 1.5735495750307313
--------
nle(id0,id1,dist): 11 16 1.3219406423658056
list:
dist: 1.3219406423658056 vs. 1.3219406423658056
--------
nle(id0,id1,dist): 11 13 2.417932171283083
list:
dist: 2.417932171283083 vs. 2.417932171283083
--------
nle(id0,id1,dist): 11 12 1.0750265244773913
list:
dist: 1.0750265244773913 vs. 1.0750265244773913
--------
nle(id0,id1,dist): 13 27 0.63855733792681
list:
dist: 0.63855733792681 vs. 0.63855733792681
--------
nle(id0,id1,dist): 13 24 1.6661961692466625
list:
dist: 1.6661961692466625 vs. 1.6661961692466625
--------
nle(id0,id1,dist): 13 28 2.5227767011840876
list:
dist: 2.5227767011840876 vs. 2.5227767011840876
--------
nle(id0,id1,dist): 13 18 2.4408318717797144
list:
dist: 2.4408318717797144 vs. 2.4408318717797144
--------
nle(id0,id1,dist): 13 19 1.8330146892879633
list:
dist: 1.8330146892879633 vs. 1.8330146892879633
--------
nle(id0,id1,dist): 13 16 2.414273276314203
list:
dist: 2.414273276314203 vs. 2.414273276314203
--------
nle(id0,id1,dist): 13 17 3.4042617407934963
list:
dist: 3.4042617407934963 vs. 3.4042617407934963
--------
nle(id0,id1,dist): 13 22 2.1446496557681534
list:
dist: 2.1446496557681534 vs. 2.1446496557681534
--------
nle(id0,id1,dist): 13 23 1.7843743826916667
list:
dist: 1.7843743826916667 vs. 1.7843743826916667
--------
nle(id0,id1,dist): 13 21 1.6134283262837887
list:
dist: 1.6134283262837887 vs. 1.6134283262837887
--------
nle(id0,id1,dist): 13 15 2.3594259541297085
list:
dist: 2.3594259541297085 vs. 2.3594259541297085
--------
nle(id0,id1,dist): 13 14 1.3286229296691012
list:
dist: 1.3286229296691012 vs. 1.3286229296691012
--------
nle(id0,id1,dist): 12 21 1.6034095719372978
list:
dist: 1.6034095719372978 vs. 1.6034095719372978
--------
nle(id0,id1,dist): 12 27 2.9787592403837033
list:
dist: 2.9787592403837033 vs. 2.9787592403837033
--------
nle(id0,id1,dist): 15 27 2.6956049712529415
list:
dist: 2.6956049712529415 vs. 2.6956049712529415
--------
nle(id0,id1,dist): 15 21 0.9988580559242116
list:
dist: 0.9988580559242116 vs. 0.9988580559242116
--------
nle(id0,id1,dist): 15 19 1.6937556646790015
list:
dist: 1.6937556646790015 vs. 1.6937556646790015
--------
nle(id0,id1,dist): 15 18 2.1588198766732454
list:
dist: 2.1588198766732454 vs. 2.1588198766732454
--------
nle(id0,id1,dist): 15 17 1.4352660364095333
list:
dist: 1.4352660364095333 vs. 1.4352660364095333
--------
nle(id0,id1,dist): 15 16 0.6355977999777235
list:
dist: 0.6355977999777235 vs. 0.6355977999777235
--------
nle(id0,id1,dist): 14 27 1.8621260134572402
list:
dist: 1.8621260134572402 vs. 1.8621260134572402
--------
nle(id0,id1,dist): 14 28 3.4998660072510255
list:
dist: 3.4998660072510255 vs. 3.4998660072510255
--------
nle(id0,id1,dist): 14 16 2.5427882907226
list:
dist: 2.5427882907226 vs. 2.5427882907226
--------
nle(id0,id1,dist): 14 15 2.2012714005298797
list:
dist: 2.2012714005298797 vs. 2.2012714005298797
--------
nle(id0,id1,dist): 14 18 2.5772727442542034
list:
dist: 2.5772727442542034 vs. 2.5772727442542034
--------
nle(id0,id1,dist): 14 17 3.026478734853821
list:
dist: 3.026478734853821 vs. 3.026478734853821
--------
nle(id0,id1,dist): 14 24 2.199122145445513
list:
dist: 2.199122145445513 vs. 2.199122145445513
--------
nle(id0,id1,dist): 14 23 2.5285985224677074
list:
dist: 2.5285985224677074 vs. 2.5285985224677074
--------
nle(id0,id1,dist): 14 19 2.4949355448008426
list:
dist: 2.4949355448008426 vs. 2.4949355448008426
--------
nle(id0,id1,dist): 14 22 2.4538860374763645
list:
dist: 2.4538860374763645 vs. 2.4538860374763645
--------
nle(id0,id1,dist): 14 21 1.5676110950941147
list:
dist: 1.5676110950941147 vs. 1.5676110950941147
--------
nle(id0,id1,dist): 17 18 2.004382274429984
list:
dist: 2.004382274429984 vs. 2.004382274429984
--------
nle(id0,id1,dist): 17 19 3.046178926836976
list:
dist: 3.046178926836976 vs. 3.046178926836976
--------
nle(id0,id1,dist): 17 21 2.3567658977475188
list:
dist: 2.3567658977475188 vs. 2.3567658977475188
--------
nle(id0,id1,dist): 17 27 3.6232045352677473
list:
dist: 3.6232045352677473 vs. 3.6232045352677473
--------
nle(id0,id1,dist): 16 17 1.9004075111889358
list:
dist: 1.9004075111889358 vs. 1.9004075111889358
--------
nle(id0,id1,dist): 16 18 2.467117821842773
list:
dist: 2.467117821842773 vs. 2.467117821842773
--------
nle(id0,id1,dist): 16 19 1.2513523853327255
list:
dist: 1.2513523853327255 vs. 1.2513523853327255
--------
nle(id0,id1,dist): 16 21 1.0696801725743161
list:
dist: 1.0696801725743161 vs. 1.0696801725743161
--------
nle(id0,id1,dist): 16 27 2.706903497672866
list:
dist: 2.706903497672866 vs. 2.706903497672866
--------
nle(id0,id1,dist): 1 2 1.410802624373438
list:
dist: 1.410802624373438 vs. 1.410802624373438
--------
nle(id0,id1,dist): 1 3 4.025830072281283
list:
dist: 4.025830072281283 vs. 4.025830072281283
--------
nle(id0,id1,dist): 1 4 3.102274295477612
list:
dist: 3.102274295477612 vs. 3.102274295477612
--------
nle(id0,id1,dist): 1 5 2.4320795404784854
list:
dist: 2.4320795404784854 vs. 2.4320795404784854
--------
nle(id0,id1,dist): 1 6 0.676102455129881
list:
dist: 0.676102455129881 vs. 0.676102455129881
--------
nle(id0,id1,dist): 1 7 1.5023230000705645
list:
dist: 1.5023230000705645 vs. 1.5023230000705645
--------
nle(id0,id1,dist): 1 8 1.6060736309909966
list:
dist: 1.6060736309909966 vs. 1.6060736309909966
--------
nle(id0,id1,dist): 1 9 3.130620493308424
list:
dist: 3.130620493308424 vs. 3.130620493308424
--------
nle(id0,id1,dist): 1 10 1.037430414999022
list:
dist: 1.037430414999022 vs. 1.037430414999022
--------
nle(id0,id1,dist): 1 11 2.8979651855682618
list:
dist: 2.8979651855682618 vs. 2.8979651855682618
--------
nle(id0,id1,dist): 2 5 3.425216018208194
list:
dist: 3.425216018208194 vs. 3.425216018208194
--------
nle(id0,id1,dist): 2 6 1.7849864356551226
list:
dist: 1.7849864356551226 vs. 1.7849864356551226
--------
nle(id0,id1,dist): 2 4 2.4335663395810196
list:
dist: 2.4335663395810196 vs. 2.4335663395810196
--------
nle(id0,id1,dist): 1 15 3.5035581992334164
list:
dist: 3.5035581992334164 vs. 3.5035581992334164
--------
nle(id0,id1,dist): 1 14 2.873502883014705
list:
dist: 2.873502883014705 vs. 2.873502883014705
--------
nle(id0,id1,dist): 1 13 2.9135599688255724
list:
dist: 2.9135599688255724 vs. 2.9135599688255724
--------
nle(id0,id1,dist): 1 12 3.228942424429205
list:
dist: 3.228942424429205 vs. 3.228942424429205
--------
nle(id0,id1,dist): 1 18 1.616034531558985
list:
dist: 1.616034531558985 vs. 1.616034531558985
--------
nle(id0,id1,dist): 1 17 3.309337295651493
list:
dist: 3.309337295651493 vs. 3.309337295651493
--------
nle(id0,id1,dist): 1 16 3.8879369468767027
list:
dist: 3.8879369468767027 vs. 3.8879369468767027
--------
nle(id0,id1,dist): 1 21 3.5692768453515917
list:
dist: 3.5692768453515917 vs. 3.5692768453515917
--------
nle(id0,id1,dist): 1 27 2.7155005801188232
list:
dist: 2.7155005801188232 vs. 2.7155005801188232
--------
nle(id0,id1,dist): 2 27 1.9552829097673545
list:
dist: 1.9552829097673545 vs. 1.9552829097673545
--------
nle(id0,id1,dist): 2 24 3.1816834162726066
list:
dist: 3.1816834162726066 vs. 3.1816834162726066
--------
nle(id0,id1,dist): 2 12 1.9754345287404595
list:
dist: 1.9754345287404595 vs. 1.9754345287404595
--------
nle(id0,id1,dist): 2 11 1.8116751324922722
list:
dist: 1.8116751324922722 vs. 1.8116751324922722
--------
nle(id0,id1,dist): 2 14 1.7475484152073548
list:
dist: 1.7475484152073548 vs. 1.7475484152073548
--------
nle(id0,id1,dist): 2 13 1.9155211777013141
list:
dist: 1.9155211777013141 vs. 1.9155211777013141
--------
nle(id0,id1,dist): 2 8 2.8081143794783046
list:
dist: 2.8081143794783046 vs. 2.8081143794783046
--------
nle(id0,id1,dist): 2 7 0.7536868009669513
list:
dist: 0.7536868009669513 vs. 0.7536868009669513
--------
nle(id0,id1,dist): 2 10 1.459353823341708
list:
dist: 1.459353823341708 vs. 1.459353823341708
--------
nle(id0,id1,dist): 2 9 2.4715732034868143
list:
dist: 2.4715732034868143 vs. 2.4715732034868143
--------
nle(id0,id1,dist): 2 22 3.8683461100438574
list:
dist: 3.8683461100438574 vs. 3.8683461100438574
--------
nle(id0,id1,dist): 2 21 2.180991127596304
list:
dist: 2.180991127596304 vs. 2.180991127596304
--------
nle(id0,id1,dist): 2 16 2.5504166391927954
list:
dist: 2.5504166391927954 vs. 2.5504166391927954
--------
nle(id0,id1,dist): 2 15 2.1384558588809566
list:
dist: 2.1384558588809566 vs. 2.1384558588809566
--------
nle(id0,id1,dist): 2 18 0.959602480803382
list:
dist: 0.959602480803382 vs. 0.959602480803382
--------
nle(id0,id1,dist): 2 17 2.262654568587243
list:
dist: 2.262654568587243 vs. 2.262654568587243
--------
nle(id0,id1,dist): 3 18 2.6193814825930968
list:
dist: 2.6193814825930968 vs. 2.6193814825930968
--------
nle(id0,id1,dist): 3 9 1.3916318488982549
list:
dist: 1.3916318488982549 vs. 1.3916318488982549
--------
nle(id0,id1,dist): 3 7 2.7551759416038126
list:
dist: 2.7551759416038126 vs. 2.7551759416038126
--------
nle(id0,id1,dist): 3 4 0.9823971791661061
list:
dist: 0.9823971791661061 vs. 0.9823971791661061
--------
nle(id0,id1,dist): 3 17 1.9110462640766164
list:
dist: 1.9110462640766164 vs. 1.9110462640766164
--------
nle(id0,id1,dist): 3 16 2.9032493350486304
list:
dist: 2.9032493350486304 vs. 2.9032493350486304
--------
nle(id0,id1,dist): 3 15 2.8084154258492546
list:
dist: 2.8084154258492546 vs. 2.8084154258492546
--------
nle(id0,id1,dist): 3 12 2.271618330325211
list:
dist: 2.271618330325211 vs. 2.271618330325211
--------
nle(id0,id1,dist): 3 11 2.1358955093224052
list:
dist: 2.1358955093224052 vs. 2.1358955093224052
--------
nle(id0,id1,dist): 36 55 2.253017275809874
list:
dist: 2.253017275809874 vs. 2.253017275809874
--------
nle(id0,id1,dist): 36 56 2.9341867858334973
list:
dist: 2.9341867858334973 vs. 2.9341867858334973
--------
nle(id0,id1,dist): 36 53 3.4098258627313207
list:
dist: 3.4098258627313207 vs. 3.4098258627313207
--------
nle(id0,id1,dist): 36 54 3.2020369910638107
list:
dist: 3.2020369910638107 vs. 3.2020369910638107
--------
nle(id0,id1,dist): 36 59 2.5805293983415574
list:
dist: 2.5805293983415574 vs. 2.5805293983415574
--------
nle(id0,id1,dist): 36 57 3.7764283731089603
list:
dist: 3.7764283731089603 vs. 3.7764283731089603
--------
nle(id0,id1,dist): 36 47 3.426322728759272
list:
dist: 3.426322728759272 vs. 3.426322728759272
--------
nle(id0,id1,dist): 36 45 1.9684988895719204
list:
dist: 1.9684988895719204 vs. 1.9684988895719204
--------
nle(id0,id1,dist): 36 46 2.4502874511862767
list:
dist: 2.4502874511862767 vs. 2.4502874511862767
--------
nle(id0,id1,dist): 36 51 2.885412392004441
list:
dist: 2.885412392004441 vs. 2.885412392004441
--------
nle(id0,id1,dist): 36 49 2.68024634220355
list:
dist: 2.68024634220355 vs. 2.68024634220355
--------
nle(id0,id1,dist): 36 50 2.2769877114631534
list:
dist: 2.2769877114631534 vs. 2.2769877114631534
--------
nle(id0,id1,dist): 36 40 3.0836369505692587
list:
dist: 3.0836369505692587 vs. 3.0836369505692587
--------
nle(id0,id1,dist): 36 39 3.4318549740617934
list:
dist: 3.4318549740617934 vs. 3.4318549740617934
--------
nle(id0,id1,dist): 36 38 1.5593128492666561
list:
dist: 1.5593128492666561 vs. 1.5593128492666561
--------
nle(id0,id1,dist): 36 43 2.6126732984234247
list:
dist: 2.6126732984234247 vs. 2.6126732984234247
--------
nle(id0,id1,dist): 36 42 0.852713455907749
list:
dist: 0.852713455907749 vs. 0.852713455907749
--------
nle(id0,id1,dist): 36 41 2.625454144880938
list:
dist: 2.625454144880938 vs. 2.625454144880938
--------
nle(id0,id1,dist): 35 55 4.815439321832022
list:
dist: 4.815439321832022 vs. 4.815439321832022
--------
nle(id0,id1,dist): 35 47 2.3094962999138695
list:
dist: 2.3094962999138695 vs. 2.3094962999138695
--------
nle(id0,id1,dist): 35 46 2.988030095398309
list:
dist: 2.988030095398309 vs. 2.988030095398309
--------
nle(id0,id1,dist): 35 43 2.602439483245752
list:
dist: 2.602439483245752 vs. 2.602439483245752
--------
nle(id0,id1,dist): 35 42 3.739386060283942
list:
dist: 3.739386060283942 vs. 3.739386060283942
--------
nle(id0,id1,dist): 34 76 2.49640977940883
list:
dist: 2.49640977940883 vs. 2.49640977940883
--------
nle(id0,id1,dist): 35 41 1.2152546788771177
list:
dist: 1.2152546788771177 vs. 1.2152546788771177
--------
nle(id0,id1,dist): 34 73 3.668006840493748
list:
dist: 3.668006840493748 vs. 3.668006840493748
--------
nle(id0,id1,dist): 35 36 3.507800275474917
list:
dist: 3.507800275474917 vs. 3.507800275474917
--------
nle(id0,id1,dist): 34 69 3.2046573187476057
list:
dist: 3.2046573187476057 vs. 3.2046573187476057
--------
nle(id0,id1,dist): 34 70 2.1997333962453958
list:
dist: 2.1997333962453958 vs. 2.1997333962453958
--------
nle(id0,id1,dist): 34 67 2.8930135820634155
list:
dist: 2.8930135820634155 vs. 2.8930135820634155
--------
nle(id0,id1,dist): 34 68 4.229104691159747
list:
dist: 4.229104691159747 vs. 4.229104691159747
--------
nle(id0,id1,dist): 34 65 2.6688556850933463
list:
dist: 2.6688556850933463 vs. 2.6688556850933463
--------
nle(id0,id1,dist): 34 63 3.1825646738982862
list:
dist: 3.1825646738982862 vs. 3.1825646738982862
--------
nle(id0,id1,dist): 34 64 1.4452383353367177
list:
dist: 1.4452383353367177 vs. 1.4452383353367177
--------
nle(id0,id1,dist): 34 61 1.2862728710481068
list:
dist: 1.2862728710481068 vs. 1.2862728710481068
--------
nle(id0,id1,dist): 34 60 2.532627118900271
list:
dist: 2.532627118900271 vs. 2.532627118900271
--------
nle(id0,id1,dist): 34 37 3.906827663434628
list:
dist: 3.906827663434628 vs. 3.906827663434628
--------
nle(id0,id1,dist): 33 45 1.6693895399889025
list:
dist: 1.6693895399889025 vs. 1.6693895399889025
--------
nle(id0,id1,dist): 33 46 1.0379270812158057
list:
dist: 1.0379270812158057 vs. 1.0379270812158057
--------
nle(id0,id1,dist): 33 47 2.4107966823455875
list:
dist: 2.4107966823455875 vs. 2.4107966823455875
--------
nle(id0,id1,dist): 33 48 4.246890387940428
list:
dist: 4.246890387940428 vs. 4.246890387940428
--------
nle(id0,id1,dist): 33 49 2.16727800270937
list:
dist: 2.16727800270937 vs. 2.16727800270937
--------
nle(id0,id1,dist): 33 50 1.1181163588978753
list:
dist: 1.1181163588978753 vs. 1.1181163588978753
--------
nle(id0,id1,dist): 33 51 1.350931762164773
list:
dist: 1.350931762164773 vs. 1.350931762164773
--------
nle(id0,id1,dist): 33 52 3.6427772125742157
list:
dist: 3.6427772125742157 vs. 3.6427772125742157
--------
nle(id0,id1,dist): 33 53 1.6529290705379334
list:
dist: 1.6529290705379334 vs. 1.6529290705379334
--------
nle(id0,id1,dist): 33 54 1.8587761414417174
list:
dist: 1.8587761414417174 vs. 1.8587761414417174
--------
nle(id0,id1,dist): 33 55 1.9292296142079943
list:
dist: 1.9292296142079943 vs. 1.9292296142079943
--------
nle(id0,id1,dist): 33 56 1.4067773303472018
list:
dist: 1.4067773303472018 vs. 1.4067773303472018
--------
nle(id0,id1,dist): 33 57 2.674129790273303
list:
dist: 2.674129790273303 vs. 2.674129790273303
--------
nle(id0,id1,dist): 33 58 2.9355705362520657
list:
dist: 2.9355705362520657 vs. 2.9355705362520657
--------
nle(id0,id1,dist): 33 59 1.5124571171167858
list:
dist: 1.5124571171167858 vs. 1.5124571171167858
--------
nle(id0,id1,dist): 33 39 1.9103564769740804
list:
dist: 1.9103564769740804 vs. 1.9103564769740804
--------
nle(id0,id1,dist): 33 38 2.7805523751742527
list:
dist: 2.7805523751742527 vs. 2.7805523751742527
--------
nle(id0,id1,dist): 33 36 1.804687636876864
list:
dist: 1.804687636876864 vs. 1.804687636876864
--------
nle(id0,id1,dist): 33 43 1.4265667152397274
list:
dist: 1.4265667152397274 vs. 1.4265667152397274
--------
nle(id0,id1,dist): 33 42 1.4165237720882131
list:
dist: 1.4165237720882131 vs. 1.4165237720882131
--------
nle(id0,id1,dist): 33 40 1.6926281114808908
list:
dist: 1.6926281114808908 vs. 1.6926281114808908
--------
nle(id0,id1,dist): 32 55 2.920093862852207
list:
dist: 2.920093862852207 vs. 2.920093862852207
--------
nle(id0,id1,dist): 32 38 2.005582047203322
list:
dist: 2.005582047203322 vs. 2.005582047203322
--------
nle(id0,id1,dist): 32 36 1.1350450075536203
list:
dist: 1.1350450075536203 vs. 1.1350450075536203
--------
nle(id0,id1,dist): 32 35 2.709136966000963
list:
dist: 2.709136966000963 vs. 2.709136966000963
--------
nle(id0,id1,dist): 32 46 2.7471316852433314
list:
dist: 2.7471316852433314 vs. 2.7471316852433314
--------
nle(id0,id1,dist): 32 47 3.1964207006090857
list:
dist: 3.1964207006090857 vs. 3.1964207006090857
--------
nle(id0,id1,dist): 32 42 1.8450020080910432
list:
dist: 1.8450020080910432 vs. 1.8450020080910432
--------
nle(id0,id1,dist): 32 41 1.650934463198345
list:
dist: 1.650934463198345 vs. 1.650934463198345
--------
nle(id0,id1,dist): 32 43 2.655308320630078
list:
dist: 2.655308320630078 vs. 2.655308320630078
--------
nle(id0,id1,dist): 31 59 2.7462147241547488
list:
dist: 2.7462147241547488 vs. 2.7462147241547488
--------
nle(id0,id1,dist): 31 54 3.049651269984856
list:
dist: 3.049651269984856 vs. 3.049651269984856
--------
nle(id0,id1,dist): 31 55 1.6053745705324964
list:
dist: 1.6053745705324964 vs. 1.6053745705324964
--------
nle(id0,id1,dist): 31 56 2.6141114085533164
list:
dist: 2.6141114085533164 vs. 2.6141114085533164
--------
nle(id0,id1,dist): 31 57 3.9189618485757967
list:
dist: 3.9189618485757967 vs. 3.9189618485757967
--------
nle(id0,id1,dist): 29 141 4.102607739658746
list:
dist: 4.102607739658746 vs. 4.102607739658746
--------
nle(id0,id1,dist): 31 45 2.0938773650541203
list:
dist: 2.0938773650541203 vs. 2.0938773650541203
--------
nle(id0,id1,dist): 31 43 1.722235936854136
list:
dist: 1.722235936854136 vs. 1.722235936854136
--------
nle(id0,id1,dist): 31 42 1.7183774002613488
list:
dist: 1.7183774002613488 vs. 1.7183774002613488
--------
nle(id0,id1,dist): 31 41 2.4078102714503236
list:
dist: 2.4078102714503236 vs. 2.4078102714503236
--------
nle(id0,id1,dist): 31 40 2.3670420262017413
list:
dist: 2.3670420262017413 vs. 2.3670420262017413
--------
nle(id0,id1,dist): 31 39 3.1801198572960154
list:
dist: 3.1801198572960154 vs. 3.1801198572960154
--------
nle(id0,id1,dist): 31 38 1.9534182113443743
list:
dist: 1.9534182113443743 vs. 1.9534182113443743
--------
nle(id0,id1,dist): 31 53 2.5226607790897035
list:
dist: 2.5226607790897035 vs. 2.5226607790897035
--------
nle(id0,id1,dist): 31 51 2.3399888116611907
list:
dist: 2.3399888116611907 vs. 2.3399888116611907
--------
nle(id0,id1,dist): 31 50 2.243812476963011
list:
dist: 2.243812476963011 vs. 2.243812476963011
--------
nle(id0,id1,dist): 31 49 2.466745688955149
list:
dist: 2.466745688955149 vs. 2.466745688955149
--------
nle(id0,id1,dist): 31 47 2.428035394041731
list:
dist: 2.428035394041731 vs. 2.428035394041731
--------
nle(id0,id1,dist): 31 46 1.8568644462435022
list:
dist: 1.8568644462435022 vs. 1.8568644462435022
--------
nle(id0,id1,dist): 31 36 1.3993859880222383
list:
dist: 1.3993859880222383 vs. 1.3993859880222383
--------
nle(id0,id1,dist): 31 35 3.2191706554403665
list:
dist: 3.2191706554403665 vs. 3.2191706554403665
--------
nle(id0,id1,dist): 31 32 1.6136912210879315
list:
dist: 1.6136912210879315 vs. 1.6136912210879315
--------
nle(id0,id1,dist): 31 33 1.3167103520784837
list:
dist: 1.3167103520784837 vs. 1.3167103520784837
--------
nle(id0,id1,dist): 43 59 2.490380167874544
list:
dist: 2.490380167874544 vs. 2.490380167874544
--------
nle(id0,id1,dist): 44 47 1.3167182014919216
list:
dist: 1.3167182014919216 vs. 1.3167182014919216
--------
nle(id0,id1,dist): 44 48 4.054230917420959
list:
dist: 4.054230917420959 vs. 4.054230917420959
--------
nle(id0,id1,dist): 44 46 1.7569036000789329
list:
dist: 1.7569036000789329 vs. 1.7569036000789329
--------
nle(id0,id1,dist): 44 52 2.8614316481690123
list:
dist: 2.8614316481690123 vs. 2.8614316481690123
--------
nle(id0,id1,dist): 43 50 2.4468321082219773
list:
dist: 2.4468321082219773 vs. 2.4468321082219773
--------
nle(id0,id1,dist): 43 51 2.3761270164441397
list:
dist: 2.3761270164441397 vs. 2.3761270164441397
--------
nle(id0,id1,dist): 43 53 1.9556934308458782
list:
dist: 1.9556934308458782 vs. 1.9556934308458782
--------
nle(id0,id1,dist): 43 54 2.961184682658339
list:
dist: 2.961184682658339 vs. 2.961184682658339
--------
nle(id0,id1,dist): 43 55 2.8840272989990123
list:
dist: 2.8840272989990123 vs. 2.8840272989990123
--------
nle(id0,id1,dist): 43 56 1.649570974212483
list:
dist: 1.649570974212483 vs. 1.649570974212483
--------
nle(id0,id1,dist): 43 57 3.138120547677391
list:
dist: 3.138120547677391 vs. 3.138120547677391
--------
nle(id0,id1,dist): 43 44 1.5968495583182647
list:
dist: 1.5968495583182647 vs. 1.5968495583182647
--------
nle(id0,id1,dist): 43 45 3.063248434567046
list:
dist: 3.063248434567046 vs. 3.063248434567046
--------
nle(id0,id1,dist): 43 46 0.7119784868762372
list:
dist: 0.7119784868762372 vs. 0.7119784868762372
--------
nle(id0,id1,dist): 43 47 0.9970615663759316
list:
dist: 0.9970615663759316 vs. 0.9970615663759316
--------
nle(id0,id1,dist): 42 46 2.091423811297841
list:
dist: 2.091423811297841 vs. 2.091423811297841
--------
nle(id0,id1,dist): 42 45 1.6311643877535653
list:
dist: 1.6311643877535653 vs. 1.6311643877535653
--------
nle(id0,id1,dist): 42 43 2.476397660597958
list:
dist: 2.476397660597958 vs. 2.476397660597958
--------
nle(id0,id1,dist): 42 59 1.7714702454888211
list:
dist: 1.7714702454888211 vs. 1.7714702454888211
--------
nle(id0,id1,dist): 42 57 2.97651653218706
list:
dist: 2.97651653218706 vs. 2.97651653218706
--------
nle(id0,id1,dist): 42 55 2.3715358621844986
list:
dist: 2.3715358621844986 vs. 2.3715358621844986
--------
nle(id0,id1,dist): 42 56 2.316252469314769
list:
dist: 2.316252469314769 vs. 2.316252469314769
--------
nle(id0,id1,dist): 42 53 3.0194270842044637
list:
dist: 3.0194270842044637 vs. 3.0194270842044637
--------
nle(id0,id1,dist): 42 54 2.51012154859257
list:
dist: 2.51012154859257 vs. 2.51012154859257
--------
nle(id0,id1,dist): 42 51 2.4060393615146607
list:
dist: 2.4060393615146607 vs. 2.4060393615146607
--------
nle(id0,id1,dist): 42 49 2.4643499254157355
list:
dist: 2.4643499254157355 vs. 2.4643499254157355
--------
nle(id0,id1,dist): 42 50 1.6071718482467354
list:
dist: 1.6071718482467354 vs. 1.6071718482467354
--------
nle(id0,id1,dist): 42 47 3.407970216438535
list:
dist: 3.407970216438535 vs. 3.407970216438535
--------
nle(id0,id1,dist): 41 47 2.5048252938183633
list:
dist: 2.5048252938183633 vs. 2.5048252938183633
--------
nle(id0,id1,dist): 41 46 2.8815321931670095
list:
dist: 2.8815321931670095 vs. 2.8815321931670095
--------
nle(id0,id1,dist): 41 43 2.5001515248735893
list:
dist: 2.5001515248735893 vs. 2.5001515248735893
--------
nle(id0,id1,dist): 41 42 3.08332761656821
list:
dist: 3.08332761656821 vs. 3.08332761656821
--------
nle(id0,id1,dist): 41 55 3.984109910725872
list:
dist: 3.984109910725872 vs. 3.984109910725872
--------
nle(id0,id1,dist): 40 43 0.7342210169735259
list:
dist: 0.7342210169735259 vs. 0.7342210169735259
--------
nle(id0,id1,dist): 40 44 1.0763590459022783
list:
dist: 1.0763590459022783 vs. 1.0763590459022783
--------
nle(id0,id1,dist): 40 42 2.7666114522781737
list:
dist: 2.7666114522781737 vs. 2.7666114522781737
--------
nle(id0,id1,dist): 40 47 1.2341737707251568
list:
dist: 1.2341737707251568 vs. 1.2341737707251568
--------
nle(id0,id1,dist): 40 48 3.9006235474301576
list:
dist: 3.9006235474301576 vs. 3.9006235474301576
--------
nle(id0,id1,dist): 40 45 3.3397877249644576
list:
dist: 3.3397877249644576 vs. 3.3397877249644576
--------
nle(id0,id1,dist): 40 46 0.6910129010324465
list:
dist: 0.6910129010324465 vs. 0.6910129010324465
--------
nle(id0,id1,dist): 40 51 2.4176843879469767
list:
dist: 2.4176843879469767 vs. 2.4176843879469767
--------
nle(id0,id1,dist): 40 52 2.881624096291854
list:
dist: 2.881624096291854 vs. 2.881624096291854
--------
nle(id0,id1,dist): 40 50 2.4826410365661316
list:
dist: 2.4826410365661316 vs. 2.4826410365661316
--------
nle(id0,id1,dist): 40 55 3.3714498157771193
list:
dist: 3.3714498157771193 vs. 3.3714498157771193
--------
nle(id0,id1,dist): 40 56 1.236775697698372
list:
dist: 1.236775697698372 vs. 1.236775697698372
--------
nle(id0,id1,dist): 40 53 1.8923135843017433
list:
dist: 1.8923135843017433 vs. 1.8923135843017433
--------
nle(id0,id1,dist): 40 54 2.8192754702137353
list:
dist: 2.8192754702137353 vs. 2.8192754702137353
--------
nle(id0,id1,dist): 40 59 2.3066377668098115
list:
dist: 2.3066377668098115 vs. 2.3066377668098115
--------
nle(id0,id1,dist): 40 58 2.8235711751169044
list:
dist: 2.8235711751169044 vs. 2.8235711751169044
--------
nle(id0,id1,dist): 40 57 2.651610117433188
list:
dist: 2.651610117433188 vs. 2.651610117433188
--------
nle(id0,id1,dist): 39 46 2.178969799684507
list:
dist: 2.178969799684507 vs. 2.178969799684507
--------
nle(id0,id1,dist): 39 47 3.6147036625079485
list:
dist: 3.6147036625079485 vs. 3.6147036625079485
--------
nle(id0,id1,dist): 39 48 2.5706839494636755
list:
dist: 2.5706839494636755 vs. 2.5706839494636755
--------
nle(id0,id1,dist): 39 49 2.5185409917952377
list:
dist: 2.5185409917952377 vs. 2.5185409917952377
--------
nle(id0,id1,dist): 39 50 1.2200478986665984
list:
dist: 1.2200478986665984 vs. 1.2200478986665984
--------
nle(id0,id1,dist): 39 51 1.1773439161726154
list:
dist: 1.1773439161726154 vs. 1.1773439161726154
--------
nle(id0,id1,dist): 39 52 2.495578338753346
list:
dist: 2.495578338753346 vs. 2.495578338753346
--------
nle(id0,id1,dist): 39 53 1.5982331326673227
list:
dist: 1.5982331326673227 vs. 1.5982331326673227
--------
nle(id0,id1,dist): 39 54 0.5542090636975519
list:
dist: 0.5542090636975519 vs. 0.5542090636975519
--------
nle(id0,id1,dist): 39 55 3.051077140145066
list:
dist: 3.051077140145066 vs. 3.051077140145066
--------
nle(id0,id1,dist): 39 56 1.4515075285823968
list:
dist: 1.4515075285823968 vs. 1.4515075285823968
--------
nle(id0,id1,dist): 39 57 1.8159998521909992
list:
dist: 1.8159998521909992 vs. 1.8159998521909992
--------
nle(id0,id1,dist): 39 58 1.341054724125164
list:
dist: 1.341054724125164 vs. 1.341054724125164
--------
nle(id0,id1,dist): 39 59 1.2435567262512235
list:
dist: 1.2435567262512235 vs. 1.2435567262512235
--------
nle(id0,id1,dist): 38 55 1.8884016109460635
list:
dist: 1.8884016109460635 vs. 1.8884016109460635
--------
nle(id0,id1,dist): 38 54 3.926485601424148
list:
dist: 3.926485601424148 vs. 3.926485601424148
--------
nle(id0,id1,dist): 38 51 3.431916360517321
list:
dist: 3.431916360517321 vs. 3.431916360517321
--------
nle(id0,id1,dist): 38 59 3.7406118066218825
list:
dist: 3.7406118066218825 vs. 3.7406118066218825
--------
nle(id0,id1,dist): 39 45 2.287458648735964
list:
dist: 2.287458648735964 vs. 2.287458648735964
--------
nle(id0,id1,dist): 39 43 2.7761692692970446
list:
dist: 2.7761692692970446 vs. 2.7761692692970446
--------
nle(id0,id1,dist): 39 42 2.727370248302682
list:
dist: 2.727370248302682 vs. 2.727370248302682
--------
nle(id0,id1,dist): 39 40 2.511638343684598
list:
dist: 2.511638343684598 vs. 2.511638343684598
--------
nle(id0,id1,dist): 37 60 4.304489146978382
list:
dist: 4.304489146978382 vs. 4.304489146978382
--------
nle(id0,id1,dist): 37 69 5.349406122255397
list:
dist: 5.349406122255397 vs. 5.349406122255397
--------
nle(id0,id1,dist): 37 64 4.396777112134003
list:
dist: 4.396777112134003 vs. 4.396777112134003
--------
nle(id0,id1,dist): 37 65 2.930286832790186
list:
dist: 2.930286832790186 vs. 2.930286832790186
--------
nle(id0,id1,dist): 37 67 4.2017119565089684
list:
dist: 4.2017119565089684 vs. 4.2017119565089684
--------
nle(id0,id1,dist): 37 76 4.792239854584873
list:
dist: 4.792239854584873 vs. 4.792239854584873
--------
nle(id0,id1,dist): 38 39 4.2837440871159345
list:
dist: 4.2837440871159345 vs. 4.2837440871159345
--------
nle(id0,id1,dist): 38 42 2.1918375018996614
list:
dist: 2.1918375018996614 vs. 2.1918375018996614
--------
nle(id0,id1,dist): 38 50 3.1005031805019025
list:
dist: 3.1005031805019025 vs. 3.1005031805019025
--------
nle(id0,id1,dist): 38 49 2.501556995763223
list:
dist: 2.501556995763223 vs. 2.501556995763223
--------
nle(id0,id1,dist): 37 81 3.4518151207741745
list:
dist: 3.4518151207741745 vs. 3.4518151207741745
--------
nle(id0,id1,dist): 38 45 2.1885317720747364
list:
dist: 2.1885317720747364 vs. 2.1885317720747364
--------
nle(id0,id1,dist): 23 28 1.2778541289980283
list:
dist: 1.2778541289980283 vs. 1.2778541289980283
--------
nle(id0,id1,dist): 23 29 2.882977058212602
list:
dist: 2.882977058212602 vs. 2.882977058212602
--------
nle(id0,id1,dist): 23 27 2.110678375613652
list:
dist: 2.110678375613652 vs. 2.110678375613652
--------
nle(id0,id1,dist): 23 25 2.9840709668039485
list:
dist: 2.9840709668039485 vs. 2.9840709668039485
--------
nle(id0,id1,dist): 21 27 2.090950194614368
list:
dist: 2.090950194614368 vs. 2.090950194614368
--------
nle(id0,id1,dist): 21 24 3.073779579949654
list:
dist: 3.073779579949654 vs. 3.073779579949654
--------
nle(id0,id1,dist): 21 28 3.0748124611351573
list:
dist: 3.0748124611351573 vs. 3.0748124611351573
--------
nle(id0,id1,dist): 21 23 1.8371022668957553
list:
dist: 1.8371022668957553 vs. 1.8371022668957553
--------
nle(id0,id1,dist): 21 22 2.338762935905257
list:
dist: 2.338762935905257 vs. 2.338762935905257
--------
nle(id0,id1,dist): 22 27 2.6082357993275207
list:
dist: 2.6082357993275207 vs. 2.6082357993275207
--------
nle(id0,id1,dist): 22 28 1.6899829111254125
list:
dist: 1.6899829111254125 vs. 1.6899829111254125
--------
nle(id0,id1,dist): 22 29 2.592678802696335
list:
dist: 2.592678802696335 vs. 2.592678802696335
--------
nle(id0,id1,dist): 22 23 1.1787201302738095
list:
dist: 1.1787201302738095 vs. 1.1787201302738095
--------
nle(id0,id1,dist): 22 24 2.2025849996504805
list:
dist: 2.2025849996504805 vs. 2.2025849996504805
--------
nle(id0,id1,dist): 19 22 2.3056800788011813
list:
dist: 2.3056800788011813 vs. 2.3056800788011813
--------
nle(id0,id1,dist): 19 23 1.281279044870376
list:
dist: 1.281279044870376 vs. 1.281279044870376
--------
nle(id0,id1,dist): 19 21 1.1975998863579451
list:
dist: 1.1975998863579451 vs. 1.1975998863579451
--------
nle(id0,id1,dist): 19 28 2.3501050162563644
list:
dist: 2.3501050162563644 vs. 2.3501050162563644
--------
nle(id0,id1,dist): 19 27 2.0776657934573133
list:
dist: 2.0776657934573133 vs. 2.0776657934573133
--------
nle(id0,id1,dist): 18 21 2.4979171452736684
list:
dist: 2.4979171452736684 vs. 2.4979171452736684
--------
nle(id0,id1,dist): 18 27 2.3311919372103156
list:
dist: 2.3311919372103156 vs. 2.3311919372103156
--------
nle(id0,id1,dist): 30 42 3.6987595024582482
list:
dist: 3.6987595024582482 vs. 3.6987595024582482
--------
nle(id0,id1,dist): 30 41 1.0499574982292272
list:
dist: 1.0499574982292272 vs. 1.0499574982292272
--------
nle(id0,id1,dist): 30 36 3.324687295211279
list:
dist: 3.324687295211279 vs. 3.324687295211279
--------
nle(id0,id1,dist): 30 35 1.1599948277142216
list:
dist: 1.1599948277142216 vs. 1.1599948277142216
--------
nle(id0,id1,dist): 30 32 2.492370306619573
list:
dist: 2.492370306619573 vs. 2.492370306619573
--------
nle(id0,id1,dist): 30 31 2.6672663394006415
list:
dist: 2.6672663394006415 vs. 2.6672663394006415
--------
nle(id0,id1,dist): 30 55 4.182790076314861
list:
dist: 4.182790076314861 vs. 4.182790076314861
--------
nle(id0,id1,dist): 30 47 1.9275353367545227
list:
dist: 1.9275353367545227 vs. 1.9275353367545227
--------
nle(id0,id1,dist): 30 46 2.8954740053811925
list:
dist: 2.8954740053811925 vs. 2.8954740053811925
--------
nle(id0,id1,dist): 30 43 2.3226040905780607
list:
dist: 2.3226040905780607 vs. 2.3226040905780607
--------
nle(id0,id1,dist): 28 29 1.7816423579805902
list:
dist: 1.7816423579805902 vs. 1.7816423579805902
--------
nle(id0,id1,dist): 27 28 2.6156083780437256
list:
dist: 2.6156083780437256 vs. 2.6156083780437256
--------
nle(id0,id1,dist): 24 27 1.7665827734594453
list:
dist: 1.7665827734594453 vs. 1.7665827734594453
--------
nle(id0,id1,dist): 24 29 2.9310140272299647
list:
dist: 2.9310140272299647 vs. 2.9310140272299647
--------
nle(id0,id1,dist): 25 28 2.6227899910219477
list:
dist: 2.6227899910219477 vs. 2.6227899910219477
--------
nle(id0,id1,dist): 62 80 1.434380068534589
list:
dist: 1.434380068534589 vs. 1.434380068534589
--------
nle(id0,id1,dist): 62 82 1.7677516992911586
list:
dist: 1.7677516992911586 vs. 1.7677516992911586
--------
nle(id0,id1,dist): 62 75 1.4236944331446997
list:
dist: 1.4236944331446997 vs. 1.4236944331446997
--------
nle(id0,id1,dist): 62 76 1.7230628098136753
list:
dist: 1.7230628098136753 vs. 1.7230628098136753
--------
nle(id0,id1,dist): 62 78 2.493172095106557
list:
dist: 2.493172095106557 vs. 2.493172095106557
--------
nle(id0,id1,dist): 62 89 3.6248584767176184
list:
dist: 3.6248584767176184 vs. 3.6248584767176184
--------
nle(id0,id1,dist): 62 83 1.5656754363459255
list:
dist: 1.5656754363459255 vs. 1.5656754363459255
--------
nle(id0,id1,dist): 62 85 1.7276144269286575
list:
dist: 1.7276144269286575 vs. 1.7276144269286575
--------
nle(id0,id1,dist): 62 63 1.0276437225508126
list:
dist: 1.0276437225508126 vs. 1.0276437225508126
--------
nle(id0,id1,dist): 62 66 1.3347489745889236
list:
dist: 1.3347489745889236 vs. 1.3347489745889236
--------
nle(id0,id1,dist): 62 72 1.201437123664299
list:
dist: 1.201437123664299 vs. 1.201437123664299
--------
nle(id0,id1,dist): 62 71 3.090002574578994
list:
dist: 3.090002574578994 vs. 3.090002574578994
--------
nle(id0,id1,dist): 62 73 1.412243850588291
list:
dist: 1.412243850588291 vs. 1.412243850588291
--------
nle(id0,id1,dist): 62 68 2.3439996452762193
list:
dist: 2.3439996452762193 vs. 2.3439996452762193
--------
nle(id0,id1,dist): 62 67 2.307872874098186
list:
dist: 2.307872874098186 vs. 2.307872874098186
--------
nle(id0,id1,dist): 62 69 1.1149539004238564
list:
dist: 1.1149539004238564 vs. 1.1149539004238564
--------
nle(id0,id1,dist): 61 71 3.3871580307382194
list:
dist: 3.3871580307382194 vs. 3.3871580307382194
--------
nle(id0,id1,dist): 61 70 1.388911552212768
list:
dist: 1.388911552212768 vs. 1.388911552212768
--------
nle(id0,id1,dist): 61 69 2.2473382398191566
list:
dist: 2.2473382398191566 vs. 2.2473382398191566
--------
nle(id0,id1,dist): 61 68 3.7153628356005104
list:
dist: 3.7153628356005104 vs. 3.7153628356005104
--------
nle(id0,id1,dist): 61 67 2.4547082602118184
list:
dist: 2.4547082602118184 vs. 2.4547082602118184
--------
nle(id0,id1,dist): 61 64 1.4254939870670948
list:
dist: 1.4254939870670948 vs. 1.4254939870670948
--------
nle(id0,id1,dist): 61 76 1.5422744580181063
list:
dist: 1.5422744580181063 vs. 1.5422744580181063
--------
nle(id0,id1,dist): 61 73 2.8945168984643654
list:
dist: 2.8945168984643654 vs. 2.8945168984643654
--------
nle(id0,id1,dist): 64 65 2.57215520743162
list:
dist: 2.57215520743162 vs. 2.57215520743162
--------
nle(id0,id1,dist): 64 67 1.8484420330076539
list:
dist: 1.8484420330076539 vs. 1.8484420330076539
--------
nle(id0,id1,dist): 64 68 3.092667914366922
list:
dist: 3.092667914366922 vs. 3.092667914366922
--------
nle(id0,id1,dist): 64 69 2.152741623268839
list:
dist: 2.152741623268839 vs. 2.152741623268839
--------
nle(id0,id1,dist): 64 70 1.336839833883163
list:
dist: 1.336839833883163 vs. 1.336839833883163
--------
nle(id0,id1,dist): 64 73 2.4166982955336698
list:
dist: 2.4166982955336698 vs. 2.4166982955336698
--------
nle(id0,id1,dist): 64 76 1.6473589742838293
list:
dist: 1.6473589742838293 vs. 1.6473589742838293
--------
nle(id0,id1,dist): 63 72 2.206547960317675
list:
dist: 2.206547960317675 vs. 2.206547960317675
--------
nle(id0,id1,dist): 63 73 1.3147877112281903
list:
dist: 1.3147877112281903 vs. 1.3147877112281903
--------
nle(id0,id1,dist): 63 70 1.8821522659751617
list:
dist: 1.8821522659751617 vs. 1.8821522659751617
--------
nle(id0,id1,dist): 63 71 3.0647699187862014
list:
dist: 3.0647699187862014 vs. 3.0647699187862014
--------
nle(id0,id1,dist): 63 76 0.7299812354752075
list:
dist: 0.7299812354752075 vs. 0.7299812354752075
--------
nle(id0,id1,dist): 63 75 1.3950034770394297
list:
dist: 1.3950034770394297 vs. 1.3950034770394297
--------
nle(id0,id1,dist): 63 80 2.0548277726833666
list:
dist: 2.0548277726833666 vs. 2.0548277726833666
--------
nle(id0,id1,dist): 63 78 3.2028126897345395
list:
dist: 3.2028126897345395 vs. 3.2028126897345395
--------
nle(id0,id1,dist): 63 85 2.73362696144122
list:
dist: 2.73362696144122 vs. 2.73362696144122
--------
nle(id0,id1,dist): 63 82 2.6711033826638078
list:
dist: 2.6711033826638078 vs. 2.6711033826638078
--------
nle(id0,id1,dist): 63 83 2.5171778813046397
list:
dist: 2.5171778813046397 vs. 2.5171778813046397
--------
nle(id0,id1,dist): 63 64 2.3464635308196704
list:
dist: 2.3464635308196704 vs. 2.3464635308196704
--------
nle(id0,id1,dist): 63 69 0.5392881287875871
list:
dist: 0.5392881287875871 vs. 0.5392881287875871
--------
nle(id0,id1,dist): 63 68 2.284779387748716
list:
dist: 2.284779387748716 vs. 2.284779387748716
--------
nle(id0,id1,dist): 63 67 1.671261694481315
list:
dist: 1.671261694481315 vs. 1.671261694481315
--------
nle(id0,id1,dist): 63 66 1.6837162194834647
list:
dist: 1.6837162194834647 vs. 1.6837162194834647
--------
nle(id0,id1,dist): 58 59 1.9695359301912216
list:
dist: 1.9695359301912216 vs. 1.9695359301912216
--------
nle(id0,id1,dist): 61 63 2.1041168200510016
list:
dist: 2.1041168200510016 vs. 2.1041168200510016
--------
nle(id0,id1,dist): 60 86 4.002381750565843
list:
dist: 4.002381750565843 vs. 4.002381750565843
--------
nle(id0,id1,dist): 60 85 3.6437188729395507
list:
dist: 3.6437188729395507 vs. 3.6437188729395507
--------
nle(id0,id1,dist): 60 87 3.6256798531115138
list:
dist: 3.6256798531115138 vs. 3.6256798531115138
--------
nle(id0,id1,dist): 60 77 3.63869868278486
list:
dist: 3.63869868278486 vs. 3.63869868278486
--------
nle(id0,id1,dist): 60 78 3.627436939193309
list:
dist: 3.627436939193309 vs. 3.627436939193309
--------
nle(id0,id1,dist): 60 79 3.204025284775643
list:
dist: 3.204025284775643 vs. 3.204025284775643
--------
nle(id0,id1,dist): 60 80 3.0786333416103906
list:
dist: 3.0786333416103906 vs. 3.0786333416103906
--------
nle(id0,id1,dist): 60 82 3.3175060497709192
list:
dist: 3.3175060497709192 vs. 3.3175060497709192
--------
nle(id0,id1,dist): 60 83 3.231028804527727
list:
dist: 3.231028804527727 vs. 3.231028804527727
--------
nle(id0,id1,dist): 60 84 3.6815917091002657
list:
dist: 3.6815917091002657 vs. 3.6815917091002657
--------
nle(id0,id1,dist): 60 69 1.0928214312738236
list:
dist: 1.0928214312738236 vs. 1.0928214312738236
--------
nle(id0,id1,dist): 60 70 1.9842001341373139
list:
dist: 1.9842001341373139 vs. 1.9842001341373139
--------
nle(id0,id1,dist): 60 72 3.024823459309738
list:
dist: 3.024823459309738 vs. 3.024823459309738
--------
nle(id0,id1,dist): 60 73 1.595257410691061
list:
dist: 1.595257410691061 vs. 1.595257410691061
--------
nle(id0,id1,dist): 60 74 2.8229521440013308
list:
dist: 2.8229521440013308 vs. 2.8229521440013308
--------
nle(id0,id1,dist): 60 75 1.4778887148637374
list:
dist: 1.4778887148637374 vs. 1.4778887148637374
--------
nle(id0,id1,dist): 60 76 0.593315880670907
list:
dist: 0.593315880670907 vs. 0.593315880670907
--------
nle(id0,id1,dist): 60 64 1.8057022443560806
list:
dist: 1.8057022443560806 vs. 1.8057022443560806
--------
nle(id0,id1,dist): 60 63 1.0258544404537426
list:
dist: 1.0258544404537426 vs. 1.0258544404537426
--------
nle(id0,id1,dist): 60 62 1.9457995857008556
list:
dist: 1.9457995857008556 vs. 1.9457995857008556
--------
nle(id0,id1,dist): 60 61 1.7562436808332162
list:
dist: 1.7562436808332162 vs. 1.7562436808332162
--------
nle(id0,id1,dist): 60 68 2.073366409314031
list:
dist: 2.073366409314031 vs. 2.073366409314031
--------
nle(id0,id1,dist): 60 67 1.0034306565716415
list:
dist: 1.0034306565716415 vs. 1.0034306565716415
--------
nle(id0,id1,dist): 60 66 2.0965139239332093
list:
dist: 2.0965139239332093 vs. 2.0965139239332093
--------
nle(id0,id1,dist): 69 70 1.7645795975414067
list:
dist: 1.7645795975414067 vs. 1.7645795975414067
--------
nle(id0,id1,dist): 69 78 2.9408689165322457
list:
dist: 2.9408689165322457 vs. 2.9408689165322457
--------
nle(id0,id1,dist): 69 79 3.3335064757923054
list:
dist: 3.3335064757923054 vs. 3.3335064757923054
--------
nle(id0,id1,dist): 69 76 0.7643336719660289
list:
dist: 0.7643336719660289 vs. 0.7643336719660289
--------
nle(id0,id1,dist): 69 77 3.4922325320179395
list:
dist: 3.4922325320179395 vs. 3.4922325320179395
--------
nle(id0,id1,dist): 69 74 2.9626576863627703
list:
dist: 2.9626576863627703 vs. 2.9626576863627703
--------
nle(id0,id1,dist): 69 75 1.4171563748983584
list:
dist: 1.4171563748983584 vs. 1.4171563748983584
--------
nle(id0,id1,dist): 69 72 2.247202871070618
list:
dist: 2.247202871070618 vs. 2.247202871070618
--------
nle(id0,id1,dist): 69 73 0.8164770360834167
list:
dist: 0.8164770360834167 vs. 0.8164770360834167
--------
nle(id0,id1,dist): 69 86 3.468525703550312
list:
dist: 3.468525703550312 vs. 3.468525703550312
--------
nle(id0,id1,dist): 69 87 3.274302206800602
list:
dist: 3.274302206800602 vs. 3.274302206800602
--------
nle(id0,id1,dist): 69 84 3.6172818642177833
list:
dist: 3.6172818642177833 vs. 3.6172818642177833
--------
nle(id0,id1,dist): 69 85 2.818034049201036
list:
dist: 2.818034049201036 vs. 2.818034049201036
--------
nle(id0,id1,dist): 69 82 2.543338965457267
list:
dist: 2.543338965457267 vs. 2.543338965457267
--------
nle(id0,id1,dist): 69 83 2.524790174107107
list:
dist: 2.524790174107107 vs. 2.524790174107107
--------
nle(id0,id1,dist): 69 80 2.2290627644763217
list:
dist: 2.2290627644763217 vs. 2.2290627644763217
--------
nle(id0,id1,dist): 68 74 1.3721894484402122
list:
dist: 1.3721894484402122 vs. 1.3721894484402122
--------
nle(id0,id1,dist): 68 73 1.4074815871472355
list:
dist: 1.4074815871472355 vs. 1.4074815871472355
--------
nle(id0,id1,dist): 68 76 2.314391367265649
list:
dist: 2.314391367265649 vs. 2.314391367265649
--------
nle(id0,id1,dist): 68 75 1.4005642304623862
list:
dist: 1.4005642304623862 vs. 1.4005642304623862
--------
nle(id0,id1,dist): 68 70 3.402819654657898
list:
dist: 3.402819654657898 vs. 3.402819654657898
--------
nle(id0,id1,dist): 68 69 1.9604377972489486
list:
dist: 1.9604377972489486 vs. 1.9604377972489486
--------
nle(id0,id1,dist): 68 72 2.769161143186468
list:
dist: 2.769161143186468 vs. 2.769161143186468
--------
nle(id0,id1,dist): 68 82 2.4178645180968203
list:
dist: 2.4178645180968203 vs. 2.4178645180968203
--------
nle(id0,id1,dist): 68 83 2.685918609782799
list:
dist: 2.685918609782799 vs. 2.685918609782799
--------
nle(id0,id1,dist): 68 84 1.9084518415449876
list:
dist: 1.9084518415449876 vs. 1.9084518415449876
--------
nle(id0,id1,dist): 68 77 1.5840193919937036
list:
dist: 1.5840193919937036 vs. 1.5840193919937036
--------
nle(id0,id1,dist): 68 78 2.128180764063755
list:
dist: 2.128180764063755 vs. 2.128180764063755
--------
nle(id0,id1,dist): 68 79 1.6497729865629156
list:
dist: 1.6497729865629156 vs. 1.6497729865629156
--------
nle(id0,id1,dist): 68 80 3.739115143944748
list:
dist: 3.739115143944748 vs. 3.739115143944748
--------
nle(id0,id1,dist): 68 85 3.5199360811112994
list:
dist: 3.5199360811112994 vs. 3.5199360811112994
--------
nle(id0,id1,dist): 68 86 2.1960209804231066
list:
dist: 2.1960209804231066 vs. 2.1960209804231066
--------
nle(id0,id1,dist): 68 87 1.7014379371828026
list:
dist: 1.7014379371828026 vs. 1.7014379371828026
--------
nle(id0,id1,dist): 71 72 3.7269129172658917
list:
dist: 3.7269129172658917 vs. 3.7269129172658917
--------
nle(id0,id1,dist): 70 71 2.935440029673723
list:
dist: 2.935440029673723 vs. 2.935440029673723
--------
nle(id0,id1,dist): 70 73 2.232709085527728
list:
dist: 2.232709085527728 vs. 2.232709085527728
--------
nle(id0,id1,dist): 70 76 1.4674685846116142
list:
dist: 1.4674685846116142 vs. 1.4674685846116142
--------
nle(id0,id1,dist): 66 69 1.3104630757703972
list:
dist: 1.3104630757703972 vs. 1.3104630757703972
--------
nle(id0,id1,dist): 66 68 1.3217718208902198
list:
dist: 1.3217718208902198 vs. 1.3217718208902198
--------
nle(id0,id1,dist): 66 67 1.8084512783112798
list:
dist: 1.8084512783112798 vs. 1.8084512783112798
--------
nle(id0,id1,dist): 67 76 1.3033713193929437
list:
dist: 1.3033713193929437 vs. 1.3033713193929437
--------
nle(id0,id1,dist): 67 77 2.831605134918644
list:
dist: 2.831605134918644 vs. 2.831605134918644
--------
nle(id0,id1,dist): 67 74 2.3275211157307436
list:
dist: 2.3275211157307436 vs. 2.3275211157307436
--------
nle(id0,id1,dist): 67 75 1.5495197792373447
list:
dist: 1.5495197792373447 vs. 1.5495197792373447
--------
nle(id0,id1,dist): 67 80 3.603065688510497
list:
dist: 3.603065688510497 vs. 3.603065688510497
--------
nle(id0,id1,dist): 67 78 3.241138195557426
list:
dist: 3.241138195557426 vs. 3.241138195557426
--------
nle(id0,id1,dist): 67 79 2.6677399264965826
list:
dist: 2.6677399264965826 vs. 2.6677399264965826
--------
nle(id0,id1,dist): 67 68 1.338230272944089
list:
dist: 1.338230272944089 vs. 1.338230272944089
--------
nle(id0,id1,dist): 67 69 1.3997010026855563
list:
dist: 1.3997010026855563 vs. 1.3997010026855563
--------
nle(id0,id1,dist): 67 72 3.2202440291558188
list:
dist: 3.2202440291558188 vs. 3.2202440291558188
--------
nle(id0,id1,dist): 67 73 1.3260576976352032
list:
dist: 1.3260576976352032 vs. 1.3260576976352032
--------
nle(id0,id1,dist): 67 70 2.3718203080968525
list:
dist: 2.3718203080968525 vs. 2.3718203080968525
--------
nle(id0,id1,dist): 67 85 3.9203824991853025
list:
dist: 3.9203824991853025 vs. 3.9203824991853025
--------
nle(id0,id1,dist): 67 84 3.1228990563732606
list:
dist: 3.1228990563732606 vs. 3.1228990563732606
--------
nle(id0,id1,dist): 67 83 3.3237535503475684
list:
dist: 3.3237535503475684 vs. 3.3237535503475684
--------
nle(id0,id1,dist): 67 82 3.2238748243643784
list:
dist: 3.2238748243643784 vs. 3.2238748243643784
--------
nle(id0,id1,dist): 67 87 3.0305618945958748
list:
dist: 3.0305618945958748 vs. 3.0305618945958748
--------
nle(id0,id1,dist): 67 86 3.475130071799548
list:
dist: 3.475130071799548 vs. 3.475130071799548
--------
nle(id0,id1,dist): 66 79 2.6555826021087228
list:
dist: 2.6555826021087228 vs. 2.6555826021087228
--------
nle(id0,id1,dist): 66 80 2.5602969173065566
list:
dist: 2.5602969173065566 vs. 2.5602969173065566
--------
nle(id0,id1,dist): 66 82 1.5602908929150476
list:
dist: 1.5602908929150476 vs. 1.5602908929150476
--------
nle(id0,id1,dist): 66 83 1.8412021912036658
list:
dist: 1.8412021912036658 vs. 1.8412021912036658
--------
nle(id0,id1,dist): 66 84 2.7058568722599556
list:
dist: 2.7058568722599556 vs. 2.7058568722599556
--------
nle(id0,id1,dist): 66 85 2.4387837868837496
list:
dist: 2.4387837868837496 vs. 2.4387837868837496
--------
nle(id0,id1,dist): 66 86 2.201713348560716
list:
dist: 2.201713348560716 vs. 2.201713348560716
--------
nle(id0,id1,dist): 66 72 1.7668383688764508
list:
dist: 1.7668383688764508 vs. 1.7668383688764508
--------
nle(id0,id1,dist): 66 73 0.6938875603304687
list:
dist: 0.6938875603304687 vs. 0.6938875603304687
--------
nle(id0,id1,dist): 66 74 2.3595760677013033
list:
dist: 2.3595760677013033 vs. 2.3595760677013033
--------
nle(id0,id1,dist): 66 75 1.400306660202228
list:
dist: 1.400306660202228 vs. 1.400306660202228
--------
nle(id0,id1,dist): 66 76 2.009378634421062
list:
dist: 2.009378634421062 vs. 2.009378634421062
--------
nle(id0,id1,dist): 66 77 2.5027089317072915
list:
dist: 2.5027089317072915 vs. 2.5027089317072915
--------
nle(id0,id1,dist): 66 78 1.67586725257093
list:
dist: 1.67586725257093 vs. 1.67586725257093
--------
nle(id0,id1,dist): 66 87 2.115497370721904
list:
dist: 2.115497370721904 vs. 2.115497370721904
--------
nle(id0,id1,dist): 66 89 3.2203834000276683
list:
dist: 3.2203834000276683 vs. 3.2203834000276683
--------
nle(id0,id1,dist): 48 51 3.591847546741817
list:
dist: 3.591847546741817 vs. 3.591847546741817
--------
nle(id0,id1,dist): 48 52 1.4141001579488555
list:
dist: 1.4141001579488555 vs. 1.4141001579488555
--------
nle(id0,id1,dist): 48 50 3.756713043812564
list:
dist: 3.756713043812564 vs. 3.756713043812564
--------
nle(id0,id1,dist): 48 56 3.0951792503933713
list:
dist: 3.0951792503933713 vs. 3.0951792503933713
--------
nle(id0,id1,dist): 48 54 3.022011151629311
list:
dist: 3.022011151629311 vs. 3.022011151629311
--------
nle(id0,id1,dist): 48 59 3.331468804855495
list:
dist: 3.331468804855495 vs. 3.331468804855495
--------
nle(id0,id1,dist): 48 57 2.5377060459518113
list:
dist: 2.5377060459518113 vs. 2.5377060459518113
--------
nle(id0,id1,dist): 48 58 1.3703484762658094
list:
dist: 1.3703484762658094 vs. 1.3703484762658094
--------
nle(id0,id1,dist): 49 50 1.7379479884666353
list:
dist: 1.7379479884666353 vs. 1.7379479884666353
--------
nle(id0,id1,dist): 49 51 1.6245960350468036
list:
dist: 1.6245960350468036 vs. 1.6245960350468036
--------
nle(id0,id1,dist): 49 54 2.050828148087806
list:
dist: 2.050828148087806 vs. 2.050828148087806
--------
nle(id0,id1,dist): 49 55 1.1898220481301938
list:
dist: 1.1898220481301938 vs. 1.1898220481301938
--------
nle(id0,id1,dist): 49 59 2.6899695767389638
list:
dist: 2.6899695767389638 vs. 2.6899695767389638
--------
nle(id0,id1,dist): 50 53 1.856554006702681
list:
dist: 1.856554006702681 vs. 1.856554006702681
--------
nle(id0,id1,dist): 50 54 0.9255809250269075
list:
dist: 0.9255809250269075 vs. 0.9255809250269075
--------
nle(id0,id1,dist): 50 51 1.01049574110757
list:
dist: 1.01049574110757 vs. 1.01049574110757
--------
nle(id0,id1,dist): 50 52 3.4681221143720236
list:
dist: 3.4681221143720236 vs. 3.4681221143720236
--------
nle(id0,id1,dist): 50 59 0.9656801256119393
list:
dist: 0.9656801256119393 vs. 0.9656801256119393
--------
nle(id0,id1,dist): 50 56 1.603817787814885
list:
dist: 1.603817787814885 vs. 1.603817787814885
--------
nle(id0,id1,dist): 50 55 2.159855465262085
list:
dist: 2.159855465262085 vs. 2.159855465262085
--------
nle(id0,id1,dist): 50 58 2.4439986168504686
list:
dist: 2.4439986168504686 vs. 2.4439986168504686
--------
nle(id0,id1,dist): 50 57 2.2803411548386765
list:
dist: 2.2803411548386765 vs. 2.2803411548386765
--------
nle(id0,id1,dist): 45 47 4.011935699560579
list:
dist: 4.011935699560579 vs. 4.011935699560579
--------
nle(id0,id1,dist): 45 46 2.6932094317152244
list:
dist: 2.6932094317152244 vs. 2.6932094317152244
--------
nle(id0,id1,dist): 44 56 2.06392490935764
list:
dist: 2.06392490935764 vs. 2.06392490935764
--------
nle(id0,id1,dist): 44 53 2.650831690046529
list:
dist: 2.650831690046529 vs. 2.650831690046529
--------
nle(id0,id1,dist): 44 57 3.1704476139360773
list:
dist: 3.1704476139360773 vs. 3.1704476139360773
--------
nle(id0,id1,dist): 44 58 3.253764631668479
list:
dist: 3.253764631668479 vs. 3.253764631668479
--------
nle(id0,id1,dist): 45 56 2.7186203535364357
list:
dist: 2.7186203535364357 vs. 2.7186203535364357
--------
nle(id0,id1,dist): 45 57 3.422048895911502
list:
dist: 3.422048895911502 vs. 3.422048895911502
--------
nle(id0,id1,dist): 45 58 3.5887270790979016
list:
dist: 3.5887270790979016 vs. 3.5887270790979016
--------
nle(id0,id1,dist): 45 59 2.0654580220806094
list:
dist: 2.0654580220806094 vs. 2.0654580220806094
--------
nle(id0,id1,dist): 45 48 4.844357319128304
list:
dist: 4.844357319128304 vs. 4.844357319128304
--------
nle(id0,id1,dist): 45 49 0.8751501373192747
list:
dist: 0.8751501373192747 vs. 0.8751501373192747
--------
nle(id0,id1,dist): 45 50 1.2025028532723987
list:
dist: 1.2025028532723987 vs. 1.2025028532723987
--------
nle(id0,id1,dist): 45 51 1.5999826783754754
list:
dist: 1.5999826783754754 vs. 1.5999826783754754
--------
nle(id0,id1,dist): 45 52 4.660129645786308
list:
dist: 4.660129645786308 vs. 4.660129645786308
--------
nle(id0,id1,dist): 45 53 2.548113444037232
list:
dist: 2.548113444037232 vs. 2.548113444037232
--------
nle(id0,id1,dist): 45 54 1.831863257483785
list:
dist: 1.831863257483785 vs. 1.831863257483785
--------
nle(id0,id1,dist): 45 55 1.417456208357867
list:
dist: 1.417456208357867 vs. 1.417456208357867
--------
nle(id0,id1,dist): 46 59 1.795768588396964
list:
dist: 1.795768588396964 vs. 1.795768588396964
--------
nle(id0,id1,dist): 46 57 2.4548504323550513
list:
dist: 2.4548504323550513 vs. 2.4548504323550513
--------
nle(id0,id1,dist): 46 55 2.840453102670566
list:
dist: 2.840453102670566 vs. 2.840453102670566
--------
nle(id0,id1,dist): 46 56 0.9798162204756738
list:
dist: 0.9798162204756738 vs. 0.9798162204756738
--------
nle(id0,id1,dist): 46 53 1.7506925089403393
list:
dist: 1.7506925089403393 vs. 1.7506925089403393
--------
nle(id0,id1,dist): 46 54 2.379404111985303
list:
dist: 2.379404111985303 vs. 2.379404111985303
--------
nle(id0,id1,dist): 46 51 1.9825251795275487
list:
dist: 1.9825251795275487 vs. 1.9825251795275487
--------
nle(id0,id1,dist): 46 50 1.886667162579524
list:
dist: 1.886667162579524 vs. 1.886667162579524
--------
nle(id0,id1,dist): 46 47 1.6363604829417195
list:
dist: 1.6363604829417195 vs. 1.6363604829417195
--------
nle(id0,id1,dist): 47 59 3.4281651924152112
list:
dist: 3.4281651924152112 vs. 3.4281651924152112
--------
nle(id0,id1,dist): 47 55 3.6285052416281434
list:
dist: 3.6285052416281434 vs. 3.6285052416281434
--------
nle(id0,id1,dist): 47 54 3.860778891015792
list:
dist: 3.860778891015792 vs. 3.860778891015792
--------
nle(id0,id1,dist): 47 57 3.8724329828276134
list:
dist: 3.8724329828276134 vs. 3.8724329828276134
--------
nle(id0,id1,dist): 47 56 2.4488108333207994
list:
dist: 2.4488108333207994 vs. 2.4488108333207994
--------
nle(id0,id1,dist): 47 50 3.423872586602185
list:
dist: 3.423872586602185 vs. 3.423872586602185
--------
nle(id0,id1,dist): 47 51 3.2297782688314474
list:
dist: 3.2297782688314474 vs. 3.2297782688314474
--------
nle(id0,id1,dist): 47 53 2.5815549644282956
list:
dist: 2.5815549644282956 vs. 2.5815549644282956
--------
nle(id0,id1,dist): 55 56 3.234408471979359
list:
dist: 3.234408471979359 vs. 3.234408471979359
--------
nle(id0,id1,dist): 55 59 3.0569612880090298
list:
dist: 3.0569612880090298 vs. 3.0569612880090298
--------
nle(id0,id1,dist): 56 58 1.8183604195235317
list:
dist: 1.8183604195235317 vs. 1.8183604195235317
--------
nle(id0,id1,dist): 56 57 1.5525903927473508
list:
dist: 1.5525903927473508 vs. 1.5525903927473508
--------
nle(id0,id1,dist): 56 59 1.1745415732044804
list:
dist: 1.1745415732044804 vs. 1.1745415732044804
--------
nle(id0,id1,dist): 57 59 1.3761527007449232
list:
dist: 1.3761527007449232 vs. 1.3761527007449232
--------
nle(id0,id1,dist): 57 58 1.4051490483288382
list:
dist: 1.4051490483288382 vs. 1.4051490483288382
--------
nle(id0,id1,dist): 51 58 2.4416135069228058
list:
dist: 2.4416135069228058 vs. 2.4416135069228058
--------
nle(id0,id1,dist): 51 59 1.7397534686276
list:
dist: 1.7397534686276 vs. 1.7397534686276
--------
nle(id0,id1,dist): 51 52 3.435581721548177
list:
dist: 3.435581721548177 vs. 3.435581721548177
--------
nle(id0,id1,dist): 51 53 1.0454977385304223
list:
dist: 1.0454977385304223 vs. 1.0454977385304223
--------
nle(id0,id1,dist): 51 54 1.0176552270508508
list:
dist: 1.0176552270508508 vs. 1.0176552270508508
--------
nle(id0,id1,dist): 51 55 1.943297967478206
list:
dist: 1.943297967478206 vs. 1.943297967478206
--------
nle(id0,id1,dist): 51 56 1.8011504688744406
list:
dist: 1.8011504688744406 vs. 1.8011504688744406
--------
nle(id0,id1,dist): 51 57 2.786990898495807
list:
dist: 2.786990898495807 vs. 2.786990898495807
--------
nle(id0,id1,dist): 52 56 2.279623181349691
list:
dist: 2.279623181349691 vs. 2.279623181349691
--------
nle(id0,id1,dist): 52 54 3.0321221234567344
list:
dist: 3.0321221234567344 vs. 3.0321221234567344
--------
nle(id0,id1,dist): 52 59 2.853387516151406
list:
dist: 2.853387516151406 vs. 2.853387516151406
--------
nle(id0,id1,dist): 52 57 1.8764289306405526
list:
dist: 1.8764289306405526 vs. 1.8764289306405526
--------
nle(id0,id1,dist): 52 58 1.2994355056182765
list:
dist: 1.2994355056182765 vs. 1.2994355056182765
--------
nle(id0,id1,dist): 53 54 1.7822379508444124
list:
dist: 1.7822379508444124 vs. 1.7822379508444124
--------
nle(id0,id1,dist): 53 55 2.474251711076975
list:
dist: 2.474251711076975 vs. 2.474251711076975
--------
nle(id0,id1,dist): 53 56 1.7098806999997485
list:
dist: 1.7098806999997485 vs. 1.7098806999997485
--------
nle(id0,id1,dist): 53 59 2.267529790728882
list:
dist: 2.267529790728882 vs. 2.267529790728882
--------
nle(id0,id1,dist): 53 58 2.423087636263288
list:
dist: 2.423087636263288 vs. 2.423087636263288
--------
nle(id0,id1,dist): 54 59 1.2668342388668876
list:
dist: 1.2668342388668876 vs. 1.2668342388668876
--------
nle(id0,id1,dist): 54 58 1.8346680760217613
list:
dist: 1.8346680760217613 vs. 1.8346680760217613
--------
nle(id0,id1,dist): 54 57 2.138592483181633
list:
dist: 2.138592483181633 vs. 2.138592483181633
--------
nle(id0,id1,dist): 54 56 1.7883435228698275
list:
dist: 1.7883435228698275 vs. 1.7883435228698275
--------
nle(id0,id1,dist): 54 55 2.7246445229523815
list:
dist: 2.7246445229523815 vs. 2.7246445229523815
--------
nle(id0,id1,dist): 93 99 2.890107943050121
list:
dist: 2.890107943050121 vs. 2.890107943050121
--------
nle(id0,id1,dist): 93 101 1.0289612432749833
list:
dist: 1.0289612432749833 vs. 1.0289612432749833
--------
nle(id0,id1,dist): 93 100 1.8870307135509472
list:
dist: 1.8870307135509472 vs. 1.8870307135509472
--------
nle(id0,id1,dist): 93 103 3.164853202259286
list:
dist: 3.164853202259286 vs. 3.164853202259286
--------
nle(id0,id1,dist): 93 102 2.6544865251347693
list:
dist: 2.6544865251347693 vs. 2.6544865251347693
--------
nle(id0,id1,dist): 93 105 2.2347763241262837
list:
dist: 2.2347763241262837 vs. 2.2347763241262837
--------
nle(id0,id1,dist): 93 104 2.153577861997532
list:
dist: 2.153577861997532 vs. 2.153577861997532
--------
nle(id0,id1,dist): 93 107 3.5975069785461753
list:
dist: 3.5975069785461753 vs. 3.5975069785461753
--------
nle(id0,id1,dist): 93 106 1.943745827540668
list:
dist: 1.943745827540668 vs. 1.943745827540668
--------
nle(id0,id1,dist): 93 108 2.4988237252206558
list:
dist: 2.4988237252206558 vs. 2.4988237252206558
--------
nle(id0,id1,dist): 94 109 3.8191448322053323
list:
dist: 3.8191448322053323 vs. 3.8191448322053323
--------
nle(id0,id1,dist): 94 110 2.163596922080445
list:
dist: 2.163596922080445 vs. 2.163596922080445
--------
nle(id0,id1,dist): 94 107 2.432869919694025
list:
dist: 2.432869919694025 vs. 2.432869919694025
--------
nle(id0,id1,dist): 94 108 1.7647024713950017
list:
dist: 1.7647024713950017 vs. 1.7647024713950017
--------
nle(id0,id1,dist): 94 113 2.714054309887923
list:
dist: 2.714054309887923 vs. 2.714054309887923
--------
nle(id0,id1,dist): 94 112 2.7614903684844787
list:
dist: 2.7614903684844787 vs. 2.7614903684844787
--------
nle(id0,id1,dist): 94 117 3.200596659916495
list:
dist: 3.200596659916495 vs. 3.200596659916495
--------
nle(id0,id1,dist): 94 118 3.5824768987871263
list:
dist: 3.5824768987871263 vs. 3.5824768987871263
--------
nle(id0,id1,dist): 94 115 2.7601924506057545
list:
dist: 2.7601924506057545 vs. 2.7601924506057545
--------
nle(id0,id1,dist): 94 116 4.153552950482853
list:
dist: 4.153552950482853 vs. 4.153552950482853
--------
nle(id0,id1,dist): 94 119 3.0581689552215368
list:
dist: 3.0581689552215368 vs. 3.0581689552215368
--------
nle(id0,id1,dist): 94 98 3.0180496107574197
list:
dist: 3.0180496107574197 vs. 3.0180496107574197
--------
nle(id0,id1,dist): 94 97 1.987989509541704
list:
dist: 1.987989509541704 vs. 1.987989509541704
--------
nle(id0,id1,dist): 94 96 2.7632941421631143
list:
dist: 2.7632941421631143 vs. 2.7632941421631143
--------
nle(id0,id1,dist): 94 95 1.3862948021265316
list:
dist: 1.3862948021265316 vs. 1.3862948021265316
--------
nle(id0,id1,dist): 94 102 1.7573195585736106
list:
dist: 1.7573195585736106 vs. 1.7573195585736106
--------
nle(id0,id1,dist): 94 101 0.9577068243034688
list:
dist: 0.9577068243034688 vs. 0.9577068243034688
--------
nle(id0,id1,dist): 94 100 3.2051151931862027
list:
dist: 3.2051151931862027 vs. 3.2051151931862027
--------
nle(id0,id1,dist): 94 99 1.6837666990617166
list:
dist: 1.6837666990617166 vs. 1.6837666990617166
--------
nle(id0,id1,dist): 94 106 0.966297218473217
list:
dist: 0.966297218473217 vs. 0.966297218473217
--------
nle(id0,id1,dist): 94 105 1.8741906871836278
list:
dist: 1.8741906871836278 vs. 1.8741906871836278
--------
nle(id0,id1,dist): 94 104 0.8822592171351512
list:
dist: 0.8822592171351512 vs. 0.8822592171351512
--------
nle(id0,id1,dist): 94 103 1.7924443641501215
list:
dist: 1.7924443641501215 vs. 1.7924443641501215
--------
nle(id0,id1,dist): 92 97 1.4641072673716322
list:
dist: 1.4641072673716322 vs. 1.4641072673716322
--------
nle(id0,id1,dist): 92 98 3.6887907497855923
list:
dist: 3.6887907497855923 vs. 3.6887907497855923
--------
nle(id0,id1,dist): 92 99 0.7639846760358395
list:
dist: 0.7639846760358395 vs. 0.7639846760358395
--------
nle(id0,id1,dist): 92 100 3.6016684274597592
list:
dist: 3.6016684274597592 vs. 3.6016684274597592
--------
nle(id0,id1,dist): 92 93 2.135896503155568
list:
dist: 2.135896503155568 vs. 2.135896503155568
--------
nle(id0,id1,dist): 92 94 1.0278289693261276
list:
dist: 1.0278289693261276 vs. 1.0278289693261276
--------
nle(id0,id1,dist): 92 95 0.9980863415423343
list:
dist: 0.9980863415423343 vs. 0.9980863415423343
--------
nle(id0,id1,dist): 92 96 1.7659852094039228
list:
dist: 1.7659852094039228 vs. 1.7659852094039228
--------
nle(id0,id1,dist): 91 110 2.7610662349691744
list:
dist: 2.7610662349691744 vs. 2.7610662349691744
--------
nle(id0,id1,dist): 91 107 3.3093152391334892
list:
dist: 3.3093152391334892 vs. 3.3093152391334892
--------
nle(id0,id1,dist): 91 106 1.0269497604221633
list:
dist: 1.0269497604221633 vs. 1.0269497604221633
--------
nle(id0,id1,dist): 91 108 2.1889198337881326
list:
dist: 2.1889198337881326 vs. 2.1889198337881326
--------
nle(id0,id1,dist): 92 119 2.223987612896497
list:
dist: 2.223987612896497 vs. 2.223987612896497
--------
nle(id0,id1,dist): 92 117 2.2010112045222434
list:
dist: 2.2010112045222434 vs. 2.2010112045222434
--------
nle(id0,id1,dist): 92 118 2.7805062332921366
list:
dist: 2.7805062332921366 vs. 2.7805062332921366
--------
nle(id0,id1,dist): 93 94 1.43736159005865
list:
dist: 1.43736159005865 vs. 1.43736159005865
--------
nle(id0,id1,dist): 93 95 2.2656662244143853
list:
dist: 2.2656662244143853 vs. 2.2656662244143853
--------
nle(id0,id1,dist): 92 108 1.590218659708821
list:
dist: 1.590218659708821 vs. 1.590218659708821
--------
nle(id0,id1,dist): 92 107 1.6809647872784181
list:
dist: 1.6809647872784181 vs. 1.6809647872784181
--------
nle(id0,id1,dist): 92 106 1.740226534898455
list:
dist: 1.740226534898455 vs. 1.740226534898455
--------
nle(id0,id1,dist): 92 105 1.3199125157261296
list:
dist: 1.3199125157261296 vs. 1.3199125157261296
--------
nle(id0,id1,dist): 92 104 1.2599035604784292
list:
dist: 1.2599035604784292 vs. 1.2599035604784292
--------
nle(id0,id1,dist): 92 103 1.2111139369419017
list:
dist: 1.2111139369419017 vs. 1.2111139369419017
--------
nle(id0,id1,dist): 92 102 1.250015293365378
list:
dist: 1.250015293365378 vs. 1.250015293365378
--------
nle(id0,id1,dist): 92 101 1.2183728933812272
list:
dist: 1.2183728933812272 vs. 1.2183728933812272
--------
nle(id0,id1,dist): 92 116 3.2203503725303233
list:
dist: 3.2203503725303233 vs. 3.2203503725303233
--------
nle(id0,id1,dist): 92 115 2.117536967536208
list:
dist: 2.117536967536208 vs. 2.117536967536208
--------
nle(id0,id1,dist): 92 113 1.7541303375836832
list:
dist: 1.7541303375836832 vs. 1.7541303375836832
--------
nle(id0,id1,dist): 92 112 2.1623094402836687
list:
dist: 2.1623094402836687 vs. 2.1623094402836687
--------
nle(id0,id1,dist): 92 110 1.7710479008431634
list:
dist: 1.7710479008431634 vs. 1.7710479008431634
--------
nle(id0,id1,dist): 92 109 2.852115347614945
list:
dist: 2.852115347614945 vs. 2.852115347614945
--------
nle(id0,id1,dist): 97 103 0.30962367251739237
list:
dist: 0.30962367251739237 vs. 0.30962367251739237
--------
nle(id0,id1,dist): 97 102 1.9491082964700452
list:
dist: 1.9491082964700452 vs. 1.9491082964700452
--------
nle(id0,id1,dist): 97 105 2.590345145246798
list:
dist: 2.590345145246798 vs. 2.590345145246798
--------
nle(id0,id1,dist): 97 104 1.5417166179915505
list:
dist: 1.5417166179915505 vs. 1.5417166179915505
--------
nle(id0,id1,dist): 97 107 1.225739146543474
list:
dist: 1.225739146543474 vs. 1.225739146543474
--------
nle(id0,id1,dist): 97 99 0.9558569853714898
list:
dist: 0.9558569853714898 vs. 0.9558569853714898
--------
nle(id0,id1,dist): 96 113 1.0677615318494402
list:
dist: 1.0677615318494402 vs. 1.0677615318494402
--------
nle(id0,id1,dist): 96 114 3.9646195812643024
list:
dist: 3.9646195812643024 vs. 3.9646195812643024
--------
nle(id0,id1,dist): 96 115 2.2414820750085496
list:
dist: 2.2414820750085496 vs. 2.2414820750085496
--------
nle(id0,id1,dist): 96 116 2.0707826254883472
list:
dist: 2.0707826254883472 vs. 2.0707826254883472
--------
nle(id0,id1,dist): 96 117 0.9170976800527305
list:
dist: 0.9170976800527305 vs. 0.9170976800527305
--------
nle(id0,id1,dist): 96 118 2.051668408021894
list:
dist: 2.051668408021894 vs. 2.051668408021894
--------
nle(id0,id1,dist): 96 119 1.5734562057260206
list:
dist: 1.5734562057260206 vs. 1.5734562057260206
--------
nle(id0,id1,dist): 98 101 3.8486004985983424
list:
dist: 3.8486004985983424 vs. 3.8486004985983424
--------
nle(id0,id1,dist): 98 99 3.852732318237553
list:
dist: 3.852732318237553 vs. 3.852732318237553
--------
nle(id0,id1,dist): 97 118 2.084432866116708
list:
dist: 2.084432866116708 vs. 2.084432866116708
--------
nle(id0,id1,dist): 97 119 1.7080481512282262
list:
dist: 1.7080481512282262 vs. 1.7080481512282262
--------
nle(id0,id1,dist): 97 116 2.5881209821454965
list:
dist: 2.5881209821454965 vs. 2.5881209821454965
--------
nle(id0,id1,dist): 97 117 2.0409038851670234
list:
dist: 2.0409038851670234 vs. 2.0409038851670234
--------
nle(id0,id1,dist): 97 110 1.6660205468731668
list:
dist: 1.6660205468731668 vs. 1.6660205468731668
--------
nle(id0,id1,dist): 97 108 2.0922533001217145
list:
dist: 2.0922533001217145 vs. 2.0922533001217145
--------
nle(id0,id1,dist): 97 109 2.2785139610793546
list:
dist: 2.2785139610793546 vs. 2.2785139610793546
--------
nle(id0,id1,dist): 97 114 3.462985720977498
list:
dist: 3.462985720977498 vs. 3.462985720977498
--------
nle(id0,id1,dist): 97 115 0.9301817339033528
list:
dist: 0.9301817339033528 vs. 0.9301817339033528
--------
nle(id0,id1,dist): 97 112 1.328674516638534
list:
dist: 1.328674516638534 vs. 1.328674516638534
--------
nle(id0,id1,dist): 97 113 1.4432559847250788
list:
dist: 1.4432559847250788 vs. 1.4432559847250788
--------
nle(id0,id1,dist): 95 117 2.6668009049587407
list:
dist: 2.6668009049587407 vs. 2.6668009049587407
--------
nle(id0,id1,dist): 95 116 3.7095156670416327
list:
dist: 3.7095156670416327 vs. 3.7095156670416327
--------
nle(id0,id1,dist): 95 113 2.2817371827559763
list:
dist: 2.2817371827559763 vs. 2.2817371827559763
--------
nle(id0,id1,dist): 95 107 2.488286622021101
list:
dist: 2.488286622021101 vs. 2.488286622021101
--------
nle(id0,id1,dist): 95 106 2.2503052185531267
list:
dist: 2.2503052185531267 vs. 2.2503052185531267
--------
nle(id0,id1,dist): 95 109 3.147342562430991
list:
dist: 3.147342562430991 vs. 3.147342562430991
--------
nle(id0,id1,dist): 95 108 2.572201796239423
list:
dist: 2.572201796239423 vs. 2.572201796239423
--------
nle(id0,id1,dist): 95 103 1.8081990356350808
list:
dist: 1.8081990356350808 vs. 1.8081990356350808
--------
nle(id0,id1,dist): 95 102 0.3982547062237033
list:
dist: 0.3982547062237033 vs. 0.3982547062237033
--------
nle(id0,id1,dist): 95 105 1.02662896282594
list:
dist: 1.02662896282594 vs. 1.02662896282594
--------
nle(id0,id1,dist): 95 104 1.9338740895505548
list:
dist: 1.9338740895505548 vs. 1.9338740895505548
--------
nle(id0,id1,dist): 95 99 1.4137943793421572
list:
dist: 1.4137943793421572 vs. 1.4137943793421572
--------
nle(id0,id1,dist): 95 100 3.47869154137683
list:
dist: 3.47869154137683 vs. 3.47869154137683
--------
nle(id0,id1,dist): 95 101 1.638509659201649
list:
dist: 1.638509659201649 vs. 1.638509659201649
--------
nle(id0,id1,dist): 95 96 2.226273200853149
list:
dist: 2.226273200853149 vs. 2.226273200853149
--------
nle(id0,id1,dist): 95 97 1.935690199825723
list:
dist: 1.935690199825723 vs. 1.935690199825723
--------
nle(id0,id1,dist): 96 112 2.2039590749654003
list:
dist: 2.2039590749654003 vs. 2.2039590749654003
--------
nle(id0,id1,dist): 96 110 2.1966012557724515
list:
dist: 2.1966012557724515 vs. 2.1966012557724515
--------
nle(id0,id1,dist): 96 109 1.7945460476434303
list:
dist: 1.7945460476434303 vs. 1.7945460476434303
--------
nle(id0,id1,dist): 96 108 2.302797228761328
list:
dist: 2.302797228761328 vs. 2.302797228761328
--------
nle(id0,id1,dist): 96 107 1.5976614638284214
list:
dist: 1.5976614638284214 vs. 1.5976614638284214
--------
nle(id0,id1,dist): 96 105 1.8533830283101567
list:
dist: 1.8533830283101567 vs. 1.8533830283101567
--------
nle(id0,id1,dist): 96 104 2.8059875490392856
list:
dist: 2.8059875490392856 vs. 2.8059875490392856
--------
nle(id0,id1,dist): 96 103 2.039825482440576
list:
dist: 2.039825482440576 vs. 2.039825482440576
--------
nle(id0,id1,dist): 96 102 2.19378566404924
list:
dist: 2.19378566404924 vs. 2.19378566404924
--------
nle(id0,id1,dist): 96 99 1.4269549469237355
list:
dist: 1.4269549469237355 vs. 1.4269549469237355
--------
nle(id0,id1,dist): 96 97 2.2472519226960697
list:
dist: 2.2472519226960697 vs. 2.2472519226960697
--------
nle(id0,id1,dist): 95 119 2.948144739715187
list:
dist: 2.948144739715187 vs. 2.948144739715187
--------
nle(id0,id1,dist): 87 89 2.346468428640203
list:
dist: 2.346468428640203 vs. 2.346468428640203
--------
nle(id0,id1,dist): 85 89 2.7434614815256544
list:
dist: 2.7434614815256544 vs. 2.7434614815256544
--------
nle(id0,id1,dist): 86 87 0.7261017490224975
list:
dist: 0.7261017490224975 vs. 0.7261017490224975
--------
nle(id0,id1,dist): 86 89 1.746286043766621
list:
dist: 1.746286043766621 vs. 1.746286043766621
--------
nle(id0,id1,dist): 90 93 0.7997240841989021
list:
dist: 0.7997240841989021 vs. 0.7997240841989021
--------
nle(id0,id1,dist): 90 94 1.4657871199235821
list:
dist: 1.4657871199235821 vs. 1.4657871199235821
--------
nle(id0,id1,dist): 90 91 1.4540053528008587
list:
dist: 1.4540053528008587 vs. 1.4540053528008587
--------
nle(id0,id1,dist): 90 92 2.122722153771829
list:
dist: 2.122722153771829 vs. 2.122722153771829
--------
nle(id0,id1,dist): 90 106 2.1445701400427484
list:
dist: 2.1445701400427484 vs. 2.1445701400427484
--------
nle(id0,id1,dist): 90 105 2.0093330318891125
list:
dist: 2.0093330318891125 vs. 2.0093330318891125
--------
nle(id0,id1,dist): 90 104 2.3186904913604574
list:
dist: 2.3186904913604574 vs. 2.3186904913604574
--------
nle(id0,id1,dist): 90 103 3.1547871558523144
list:
dist: 3.1547871558523144 vs. 3.1547871558523144
--------
nle(id0,id1,dist): 90 108 2.9439282516070553
list:
dist: 2.9439282516070553 vs. 2.9439282516070553
--------
nle(id0,id1,dist): 90 107 3.752821992442329
list:
dist: 3.752821992442329 vs. 3.752821992442329
--------
nle(id0,id1,dist): 90 95 1.8911859553838777
list:
dist: 1.8911859553838777 vs. 1.8911859553838777
--------
nle(id0,id1,dist): 90 102 2.244112943602251
list:
dist: 2.244112943602251 vs. 2.244112943602251
--------
nle(id0,id1,dist): 90 101 1.339132651929966
list:
dist: 1.339132651929966 vs. 1.339132651929966
--------
nle(id0,id1,dist): 90 100 1.9970654082434751
list:
dist: 1.9970654082434751 vs. 1.9970654082434751
--------
nle(id0,id1,dist): 90 99 2.8724426968479237
list:
dist: 2.8724426968479237 vs. 2.8724426968479237
--------
nle(id0,id1,dist): 91 99 2.7443931079010775
list:
dist: 2.7443931079010775 vs. 2.7443931079010775
--------
nle(id0,id1,dist): 91 98 2.780094204904563
list:
dist: 2.780094204904563 vs. 2.780094204904563
--------
nle(id0,id1,dist): 91 101 1.4105816140780245
list:
dist: 1.4105816140780245 vs. 1.4105816140780245
--------
nle(id0,id1,dist): 91 100 2.941287351922812
list:
dist: 2.941287351922812 vs. 2.941287351922812
--------
nle(id0,id1,dist): 91 103 2.765502901227329
list:
dist: 2.765502901227329 vs. 2.765502901227329
--------
nle(id0,id1,dist): 91 102 2.804641135335849
list:
dist: 2.804641135335849 vs. 2.804641135335849
--------
nle(id0,id1,dist): 91 105 2.759922298452929
list:
dist: 2.759922298452929 vs. 2.759922298452929
--------
nle(id0,id1,dist): 91 104 1.4808405323798255
list:
dist: 1.4808405323798255 vs. 1.4808405323798255
--------
nle(id0,id1,dist): 91 93 1.097062456347649
list:
dist: 1.097062456347649 vs. 1.097062456347649
--------
nle(id0,id1,dist): 91 92 2.0994106581477276
list:
dist: 2.0994106581477276 vs. 2.0994106581477276
--------
nle(id0,id1,dist): 91 95 2.4191262160535807
list:
dist: 2.4191262160535807 vs. 2.4191262160535807
--------
nle(id0,id1,dist): 91 94 1.1214618432389842
list:
dist: 1.1214618432389842 vs. 1.1214618432389842
--------
nle(id0,id1,dist): 88 89 2.0252608872114215
list:
dist: 2.0252608872114215 vs. 2.0252608872114215
--------
nle(id0,id1,dist): 81 86 4.12343122463634
list:
dist: 4.12343122463634 vs. 4.12343122463634
--------
nle(id0,id1,dist): 81 87 3.4287414471789357
list:
dist: 3.4287414471789357 vs. 3.4287414471789357
--------
nle(id0,id1,dist): 81 84 2.9437431737298163
list:
dist: 2.9437431737298163 vs. 2.9437431737298163
--------
nle(id0,id1,dist): 80 85 1.5547029920507367
list:
dist: 1.5547029920507367 vs. 1.5547029920507367
--------
nle(id0,id1,dist): 80 82 2.5064148300757014
list:
dist: 2.5064148300757014 vs. 2.5064148300757014
--------
nle(id0,id1,dist): 80 83 2.1965667188085276
list:
dist: 2.1965667188085276 vs. 2.1965667188085276
--------
nle(id0,id1,dist): 80 89 4.1648515245865605
list:
dist: 4.1648515245865605 vs. 4.1648515245865605
--------
nle(id0,id1,dist): 79 89 3.52861988629993
list:
dist: 3.52861988629993 vs. 3.52861988629993
--------
nle(id0,id1,dist): 79 86 2.2197726324645686
list:
dist: 2.2197726324645686 vs. 2.2197726324645686
--------
nle(id0,id1,dist): 79 87 1.5276847537412275
list:
dist: 1.5276847537412275 vs. 1.5276847537412275
--------
nle(id0,id1,dist): 79 81 2.447681598646458
list:
dist: 2.447681598646458 vs. 2.447681598646458
--------
nle(id0,id1,dist): 79 84 0.7239160735791663
list:
dist: 0.7239160735791663 vs. 0.7239160735791663
--------
nle(id0,id1,dist): 79 83 3.111633910643159
list:
dist: 3.111633910643159 vs. 3.111633910643159
--------
nle(id0,id1,dist): 79 82 2.9470383170726544
list:
dist: 2.9470383170726544 vs. 2.9470383170726544
--------
nle(id0,id1,dist): 78 80 3.410572764418881
list:
dist: 3.410572764418881 vs. 3.410572764418881
--------
nle(id0,id1,dist): 78 79 2.5460470516867226
list:
dist: 2.5460470516867226 vs. 2.5460470516867226
--------
nle(id0,id1,dist): 78 82 1.0249878207008727
list:
dist: 1.0249878207008727 vs. 1.0249878207008727
--------
nle(id0,id1,dist): 78 84 2.145877164521068
list:
dist: 2.145877164521068 vs. 2.145877164521068
--------
nle(id0,id1,dist): 78 83 1.633548449640632
list:
dist: 1.633548449640632 vs. 1.633548449640632
--------
nle(id0,id1,dist): 78 86 0.7951039924620912
list:
dist: 0.7951039924620912 vs. 0.7951039924620912
--------
nle(id0,id1,dist): 78 85 2.452579495502854
list:
dist: 2.452579495502854 vs. 2.452579495502854
--------
nle(id0,id1,dist): 78 87 1.2490455399760743
list:
dist: 1.2490455399760743 vs. 1.2490455399760743
--------
nle(id0,id1,dist): 78 89 1.6555299845273956
list:
dist: 1.6555299845273956 vs. 1.6555299845273956
--------
nle(id0,id1,dist): 84 89 2.9582683727581656
list:
dist: 2.9582683727581656 vs. 2.9582683727581656
--------
nle(id0,id1,dist): 84 87 1.0229190977315104
list:
dist: 1.0229190977315104 vs. 1.0229190977315104
--------
nle(id0,id1,dist): 84 86 1.6649575895995468
list:
dist: 1.6649575895995468 vs. 1.6649575895995468
--------
nle(id0,id1,dist): 83 86 2.2929349705158937
list:
dist: 2.2929349705158937 vs. 2.2929349705158937
--------
nle(id0,id1,dist): 83 87 2.4918112405819235
list:
dist: 2.4918112405819235 vs. 2.4918112405819235
--------
nle(id0,id1,dist): 83 89 2.1798922579912254
list:
dist: 2.1798922579912254 vs. 2.1798922579912254
--------
nle(id0,id1,dist): 83 84 2.964470303003972
list:
dist: 2.964470303003972 vs. 2.964470303003972
--------
nle(id0,id1,dist): 83 85 1.0300377754419794
list:
dist: 1.0300377754419794 vs. 1.0300377754419794
--------
nle(id0,id1,dist): 82 89 1.867610692724643
list:
dist: 1.867610692724643 vs. 1.867610692724643
--------
nle(id0,id1,dist): 82 87 2.0516370631579406
list:
dist: 2.0516370631579406 vs. 2.0516370631579406
--------
nle(id0,id1,dist): 82 84 2.709532634798867
list:
dist: 2.709532634798867 vs. 2.709532634798867
--------
nle(id0,id1,dist): 82 83 0.6547516956717505
list:
dist: 0.6547516956717505 vs. 0.6547516956717505
--------
nle(id0,id1,dist): 82 86 1.756583670907941
list:
dist: 1.756583670907941 vs. 1.756583670907941
--------
nle(id0,id1,dist): 82 85 1.4454710844539294
list:
dist: 1.4454710844539294 vs. 1.4454710844539294
--------
nle(id0,id1,dist): 74 76 3.2245321246443353
list:
dist: 3.2245321246443353 vs. 3.2245321246443353
--------
nle(id0,id1,dist): 74 75 1.7544086169492155
list:
dist: 1.7544086169492155 vs. 1.7544086169492155
--------
nle(id0,id1,dist): 74 78 2.4516579920755586
list:
dist: 2.4516579920755586 vs. 2.4516579920755586
--------
nle(id0,id1,dist): 74 77 1.5649696457979811
list:
dist: 1.5649696457979811 vs. 1.5649696457979811
--------
nle(id0,id1,dist): 74 83 2.8857621209515836
list:
dist: 2.8857621209515836 vs. 2.8857621209515836
--------
nle(id0,id1,dist): 74 84 0.9817660873627121
list:
dist: 0.9817660873627121 vs. 0.9817660873627121
--------
nle(id0,id1,dist): 74 86 2.2456270522960016
list:
dist: 2.2456270522960016 vs. 2.2456270522960016
--------
nle(id0,id1,dist): 74 79 0.3903300495942931
list:
dist: 0.3903300495942931 vs. 0.3903300495942931
--------
nle(id0,id1,dist): 74 81 2.481709675291937
list:
dist: 2.481709675291937 vs. 2.481709675291937
--------
nle(id0,id1,dist): 74 82 2.7536464374304854
list:
dist: 2.7536464374304854 vs. 2.7536464374304854
--------
nle(id0,id1,dist): 74 87 1.5765070129367131
list:
dist: 1.5765070129367131 vs. 1.5765070129367131
--------
nle(id0,id1,dist): 74 89 3.540291251107723
list:
dist: 3.540291251107723 vs. 3.540291251107723
--------
nle(id0,id1,dist): 73 75 1.4651437822470585
list:
dist: 1.4651437822470585 vs. 1.4651437822470585
--------
nle(id0,id1,dist): 73 74 2.6131908220634323
list:
dist: 2.6131908220634323 vs. 2.6131908220634323
--------
nle(id0,id1,dist): 73 83 2.4006019693414484
list:
dist: 2.4006019693414484 vs. 2.4006019693414484
--------
nle(id0,id1,dist): 73 82 2.213017943023167
list:
dist: 2.213017943023167 vs. 2.213017943023167
--------
nle(id0,id1,dist): 73 80 2.6149202251483756
list:
dist: 2.6149202251483756 vs. 2.6149202251483756
--------
nle(id0,id1,dist): 73 79 2.9432916032109917
list:
dist: 2.9432916032109917 vs. 2.9432916032109917
--------
nle(id0,id1,dist): 73 78 2.357179792298209
list:
dist: 2.357179792298209 vs. 2.357179792298209
--------
nle(id0,id1,dist): 73 77 2.824300583352087
list:
dist: 2.824300583352087 vs. 2.824300583352087
--------
nle(id0,id1,dist): 73 76 1.4390115333586266
list:
dist: 1.4390115333586266 vs. 1.4390115333586266
--------
nle(id0,id1,dist): 73 86 2.827957266130957
list:
dist: 2.827957266130957 vs. 2.827957266130957
--------
nle(id0,id1,dist): 73 87 2.6506012471663984
list:
dist: 2.6506012471663984 vs. 2.6506012471663984
--------
nle(id0,id1,dist): 73 84 3.129327662550771
list:
dist: 3.129327662550771 vs. 3.129327662550771
--------
nle(id0,id1,dist): 73 85 2.8697811739822834
list:
dist: 2.8697811739822834 vs. 2.8697811739822834
--------
nle(id0,id1,dist): 72 73 2.2329545718288575
list:
dist: 2.2329545718288575 vs. 2.2329545718288575
--------
nle(id0,id1,dist): 72 76 2.895013014945282
list:
dist: 2.895013014945282 vs. 2.895013014945282
--------
nle(id0,id1,dist): 72 75 1.9853336694484442
list:
dist: 1.9853336694484442 vs. 1.9853336694484442
--------
nle(id0,id1,dist): 72 78 1.9426254246594306
list:
dist: 1.9426254246594306 vs. 1.9426254246594306
--------
nle(id0,id1,dist): 72 80 1.706774489032465
list:
dist: 1.706774489032465 vs. 1.706774489032465
--------
nle(id0,id1,dist): 72 82 0.9385678371367321
list:
dist: 0.9385678371367321 vs. 0.9385678371367321
--------
nle(id0,id1,dist): 72 83 0.49211964445912215
list:
dist: 0.49211964445912215 vs. 0.49211964445912215
--------
nle(id0,id1,dist): 72 85 0.7644116598821604
list:
dist: 0.7644116598821604 vs. 0.7644116598821604
--------
nle(id0,id1,dist): 72 89 2.6054557500546505
list:
dist: 2.6054557500546505 vs. 2.6054557500546505
--------
nle(id0,id1,dist): 71 80 2.0451098389265865
list:
dist: 2.0451098389265865 vs. 2.0451098389265865
--------
nle(id0,id1,dist): 71 85 3.5611430253667127
list:
dist: 3.5611430253667127 vs. 3.5611430253667127
--------
nle(id0,id1,dist): 77 89 3.3688744088038174
list:
dist: 3.3688744088038174 vs. 3.3688744088038174
--------
nle(id0,id1,dist): 77 84 1.2226545480721724
list:
dist: 1.2226545480721724 vs. 1.2226545480721724
--------
nle(id0,id1,dist): 77 86 1.6625884444063217
list:
dist: 1.6625884444063217 vs. 1.6625884444063217
--------
nle(id0,id1,dist): 77 87 1.060987610895851
list:
dist: 1.060987610895851 vs. 1.060987610895851
--------
nle(id0,id1,dist): 77 81 2.5445610799678877
list:
dist: 2.5445610799678877 vs. 2.5445610799678877
--------
nle(id0,id1,dist): 77 82 2.9637298689113485
list:
dist: 2.9637298689113485 vs. 2.9637298689113485
--------
nle(id0,id1,dist): 77 83 3.3942676036378256
list:
dist: 3.3942676036378256 vs. 3.3942676036378256
--------
nle(id0,id1,dist): 76 87 3.8142217288049376
list:
dist: 3.8142217288049376 vs. 3.8142217288049376
--------
nle(id0,id1,dist): 76 85 3.445479332413129
list:
dist: 3.445479332413129 vs. 3.445479332413129
--------
nle(id0,id1,dist): 76 86 4.099982833878171
list:
dist: 4.099982833878171 vs. 4.099982833878171
--------
nle(id0,id1,dist): 77 79 1.4462240862253357
list:
dist: 1.4462240862253357 vs. 1.4462240862253357
--------
nle(id0,id1,dist): 77 78 2.1689834264197145
list:
dist: 2.1689834264197145 vs. 2.1689834264197145
--------
nle(id0,id1,dist): 76 78 3.6347790485003926
list:
dist: 3.6347790485003926 vs. 3.6347790485003926
--------
nle(id0,id1,dist): 76 77 3.8968751795492054
list:
dist: 3.8968751795492054 vs. 3.8968751795492054
--------
nle(id0,id1,dist): 76 80 2.686091591250193
list:
dist: 2.686091591250193 vs. 2.686091591250193
--------
nle(id0,id1,dist): 76 79 3.606404245653991
list:
dist: 3.606404245653991 vs. 3.606404245653991
--------
nle(id0,id1,dist): 76 82 3.252939194838271
list:
dist: 3.252939194838271 vs. 3.252939194838271
--------
nle(id0,id1,dist): 76 84 4.010232347893751
list:
dist: 4.010232347893751 vs. 4.010232347893751
--------
nle(id0,id1,dist): 76 83 3.174055310997209
list:
dist: 3.174055310997209 vs. 3.174055310997209
--------
nle(id0,id1,dist): 75 85 2.7153328068638487
list:
dist: 2.7153328068638487 vs. 2.7153328068638487
--------
nle(id0,id1,dist): 75 84 2.4750791385323727
list:
dist: 2.4750791385323727 vs. 2.4750791385323727
--------
nle(id0,id1,dist): 75 83 2.0139771950332634
list:
dist: 2.0139771950332634 vs. 2.0139771950332634
--------
nle(id0,id1,dist): 75 82 2.1127289564633824
list:
dist: 2.1127289564633824 vs. 2.1127289564633824
--------
nle(id0,id1,dist): 75 89 3.6922415316705703
list:
dist: 3.6922415316705703 vs. 3.6922415316705703
--------
nle(id0,id1,dist): 75 87 2.4280832587023538
list:
dist: 2.4280832587023538 vs. 2.4280832587023538
--------
nle(id0,id1,dist): 75 86 2.7762202602410215
list:
dist: 2.7762202602410215 vs. 2.7762202602410215
--------
nle(id0,id1,dist): 75 77 2.752918102769528
list:
dist: 2.752918102769528 vs. 2.752918102769528
--------
nle(id0,id1,dist): 75 76 1.7289248778376252
list:
dist: 1.7289248778376252 vs. 1.7289248778376252
--------
nle(id0,id1,dist): 75 80 2.8276422762864786
list:
dist: 2.8276422762864786 vs. 2.8276422762864786
--------
nle(id0,id1,dist): 75 79 2.134820838266903
list:
dist: 2.134820838266903 vs. 2.134820838266903
--------
nle(id0,id1,dist): 75 78 2.4281843109482595
list:
dist: 2.4281843109482595 vs. 2.4281843109482595
--------
nle(id0,id1,dist): 120 145 3.9220466900068334
list:
dist: 3.9220466900068334 vs. 3.9220466900068334
--------
nle(id0,id1,dist): 120 146 2.666449632540558
list:
dist: 2.666449632540558 vs. 2.666449632540558
--------
nle(id0,id1,dist): 120 147 4.155494258755125
list:
dist: 4.155494258755125 vs. 4.155494258755125
--------
nle(id0,id1,dist): 120 149 2.386893606555943
list:
dist: 2.386893606555943 vs. 2.386893606555943
--------
nle(id0,id1,dist): 120 137 3.828403243334862
list:
dist: 3.828403243334862 vs. 3.828403243334862
--------
nle(id0,id1,dist): 120 139 2.1562880035612952
list:
dist: 2.1562880035612952 vs. 2.1562880035612952
--------
nle(id0,id1,dist): 120 140 2.9483771781957007
list:
dist: 2.9483771781957007 vs. 2.9483771781957007
--------
nle(id0,id1,dist): 120 142 3.7810721290303757
list:
dist: 3.7810721290303757 vs. 3.7810721290303757
--------
nle(id0,id1,dist): 120 143 1.934477037608804
list:
dist: 1.934477037608804 vs. 1.934477037608804
--------
nle(id0,id1,dist): 120 144 2.9895834246204305
list:
dist: 2.9895834246204305 vs. 2.9895834246204305
--------
nle(id0,id1,dist): 120 130 1.6405314484304288
list:
dist: 1.6405314484304288 vs. 1.6405314484304288
--------
nle(id0,id1,dist): 120 132 2.0290316734020677
list:
dist: 2.0290316734020677 vs. 2.0290316734020677
--------
nle(id0,id1,dist): 120 131 2.6689326206177872
list:
dist: 2.6689326206177872 vs. 2.6689326206177872
--------
nle(id0,id1,dist): 120 134 1.8403710607138053
list:
dist: 1.8403710607138053 vs. 1.8403710607138053
--------
nle(id0,id1,dist): 120 133 3.1333626335664944
list:
dist: 3.1333626335664944 vs. 3.1333626335664944
--------
nle(id0,id1,dist): 120 136 2.68777328448358
list:
dist: 2.68777328448358 vs. 2.68777328448358
--------
nle(id0,id1,dist): 120 122 1.9064738637859955
list:
dist: 1.9064738637859955 vs. 1.9064738637859955
--------
nle(id0,id1,dist): 120 121 1.375115625356164
list:
dist: 1.375115625356164 vs. 1.375115625356164
--------
nle(id0,id1,dist): 120 124 2.4408047355109748
list:
dist: 2.4408047355109748 vs. 2.4408047355109748
--------
nle(id0,id1,dist): 120 123 2.782005900502174
list:
dist: 2.782005900502174 vs. 2.782005900502174
--------
nle(id0,id1,dist): 120 126 2.8512044675032757
list:
dist: 2.8512044675032757 vs. 2.8512044675032757
--------
nle(id0,id1,dist): 120 125 2.7074745472447783
list:
dist: 2.7074745472447783 vs. 2.7074745472447783
--------
nle(id0,id1,dist): 120 128 2.8750544179589066
list:
dist: 2.8750544179589066 vs. 2.8750544179589066
--------
nle(id0,id1,dist): 120 127 3.018332382105473
list:
dist: 3.018332382105473 vs. 3.018332382105473
--------
nle(id0,id1,dist): 121 142 3.4936382190654993
list:
dist: 3.4936382190654993 vs. 3.4936382190654993
--------
nle(id0,id1,dist): 121 143 3.1193770372603327
list:
dist: 3.1193770372603327 vs. 3.1193770372603327
--------
nle(id0,id1,dist): 121 140 2.4645028325046523
list:
dist: 2.4645028325046523 vs. 2.4645028325046523
--------
nle(id0,id1,dist): 121 146 2.6775022446919348
list:
dist: 2.6775022446919348 vs. 2.6775022446919348
--------
nle(id0,id1,dist): 121 147 4.40997093539941
list:
dist: 4.40997093539941 vs. 4.40997093539941
--------
nle(id0,id1,dist): 121 144 2.68456504526114
list:
dist: 2.68456504526114 vs. 2.68456504526114
--------
nle(id0,id1,dist): 121 145 3.6823838975423264
list:
dist: 3.6823838975423264 vs. 3.6823838975423264
--------
nle(id0,id1,dist): 121 134 2.6628110746705937
list:
dist: 2.6628110746705937 vs. 2.6628110746705937
--------
nle(id0,id1,dist): 121 132 1.455395970199876
list:
dist: 1.455395970199876 vs. 1.455395970199876
--------
nle(id0,id1,dist): 121 133 2.3818586037322484
list:
dist: 2.3818586037322484 vs. 2.3818586037322484
--------
nle(id0,id1,dist): 121 139 3.0242496206840275
list:
dist: 3.0242496206840275 vs. 3.0242496206840275
--------
nle(id0,id1,dist): 121 136 2.714826877396619
list:
dist: 2.714826877396619 vs. 2.714826877396619
--------
nle(id0,id1,dist): 121 137 3.882691097400156
list:
dist: 3.882691097400156 vs. 3.882691097400156
--------
nle(id0,id1,dist): 121 127 3.189909230294577
list:
dist: 3.189909230294577 vs. 3.189909230294577
--------
nle(id0,id1,dist): 121 126 2.2577965142727083
list:
dist: 2.2577965142727083 vs. 2.2577965142727083
--------
nle(id0,id1,dist): 121 125 3.0498529744048035
list:
dist: 3.0498529744048035 vs. 3.0498529744048035
--------
nle(id0,id1,dist): 121 124 1.4375574055262574
list:
dist: 1.4375574055262574 vs. 1.4375574055262574
--------
nle(id0,id1,dist): 121 131 2.76914863291305
list:
dist: 2.76914863291305 vs. 2.76914863291305
--------
nle(id0,id1,dist): 121 130 1.3239889670845626
list:
dist: 1.3239889670845626 vs. 1.3239889670845626
--------
nle(id0,id1,dist): 121 128 3.62520535990435
list:
dist: 3.62520535990435 vs. 3.62520535990435
--------
nle(id0,id1,dist): 121 123 2.1756828908965957
list:
dist: 2.1756828908965957 vs. 2.1756828908965957
--------
nle(id0,id1,dist): 121 122 1.4444248504529733
list:
dist: 1.4444248504529733 vs. 1.4444248504529733
--------
nle(id0,id1,dist): 122 132 0.7412913417420014
list:
dist: 0.7412913417420014 vs. 0.7412913417420014
--------
nle(id0,id1,dist): 122 131 2.5309954059400743
list:
dist: 2.5309954059400743 vs. 2.5309954059400743
--------
nle(id0,id1,dist): 122 133 1.7216239171461016
list:
dist: 1.7216239171461016 vs. 1.7216239171461016
--------
nle(id0,id1,dist): 122 128 3.1585805565815472
list:
dist: 3.1585805565815472 vs. 3.1585805565815472
--------
nle(id0,id1,dist): 122 127 2.1839108534264176
list:
dist: 2.1839108534264176 vs. 2.1839108534264176
--------
nle(id0,id1,dist): 122 130 0.9441351002507397
list:
dist: 0.9441351002507397 vs. 0.9441351002507397
--------
nle(id0,id1,dist): 122 140 2.147912419972229
list:
dist: 2.147912419972229 vs. 2.147912419972229
--------
nle(id0,id1,dist): 122 142 2.7521945023889014
list:
dist: 2.7521945023889014 vs. 2.7521945023889014
--------
nle(id0,id1,dist): 122 136 1.9533685855692564
list:
dist: 1.9533685855692564 vs. 1.9533685855692564
--------
nle(id0,id1,dist): 122 137 3.200466186908339
list:
dist: 3.200466186908339 vs. 3.200466186908339
--------
nle(id0,id1,dist): 121 149 3.3079515788795204
list:
dist: 3.3079515788795204 vs. 3.3079515788795204
--------
nle(id0,id1,dist): 122 123 0.8781229843459356
list:
dist: 0.8781229843459356 vs. 0.8781229843459356
--------
nle(id0,id1,dist): 122 124 1.264549076946739
list:
dist: 1.264549076946739 vs. 1.264549076946739
--------
nle(id0,id1,dist): 122 125 1.8658741925481728
list:
dist: 1.8658741925481728 vs. 1.8658741925481728
--------
nle(id0,id1,dist): 122 126 1.0046663267572682
list:
dist: 1.0046663267572682 vs. 1.0046663267572682
--------
nle(id0,id1,dist): 123 128 3.6368616330216974
list:
dist: 3.6368616330216974 vs. 3.6368616330216974
--------
nle(id0,id1,dist): 123 127 2.2897140915000307
list:
dist: 2.2897140915000307 vs. 2.2897140915000307
--------
nle(id0,id1,dist): 123 126 0.35459492053308084
list:
dist: 0.35459492053308084 vs. 0.35459492053308084
--------
nle(id0,id1,dist): 123 125 2.0073125424374565
list:
dist: 2.0073125424374565 vs. 2.0073125424374565
--------
nle(id0,id1,dist): 123 124 1.4344359246243228
list:
dist: 1.4344359246243228 vs. 1.4344359246243228
--------
nle(id0,id1,dist): 123 137 3.297134040940242
list:
dist: 3.297134040940242 vs. 3.297134040940242
--------
nle(id0,id1,dist): 123 136 2.192955579121123
list:
dist: 2.192955579121123 vs. 2.192955579121123
--------
nle(id0,id1,dist): 123 133 1.5748904423110208
list:
dist: 1.5748904423110208 vs. 1.5748904423110208
--------
nle(id0,id1,dist): 123 132 1.2079583563958403
list:
dist: 1.2079583563958403 vs. 1.2079583563958403
--------
nle(id0,id1,dist): 123 131 2.95806889124595
list:
dist: 2.95806889124595 vs. 2.95806889124595
--------
nle(id0,id1,dist): 123 130 1.6157348185608973
list:
dist: 1.6157348185608973 vs. 1.6157348185608973
--------
nle(id0,id1,dist): 122 149 2.985400907833798
list:
dist: 2.985400907833798 vs. 2.985400907833798
--------
nle(id0,id1,dist): 122 147 3.9143467972240753
list:
dist: 3.9143467972240753 vs. 3.9143467972240753
--------
nle(id0,id1,dist): 122 145 2.818978733549894
list:
dist: 2.818978733549894 vs. 2.818978733549894
--------
nle(id0,id1,dist): 122 146 2.825906506357345
list:
dist: 2.825906506357345 vs. 2.825906506357345
--------
nle(id0,id1,dist): 122 144 1.6955899300771975
list:
dist: 1.6955899300771975 vs. 1.6955899300771975
--------
nle(id0,id1,dist): 124 126 1.3278237165050706
list:
dist: 1.3278237165050706 vs. 1.3278237165050706
--------
nle(id0,id1,dist): 124 125 3.077757097062021
list:
dist: 3.077757097062021 vs. 3.077757097062021
--------
nle(id0,id1,dist): 124 128 4.37038490512178
list:
dist: 4.37038490512178 vs. 4.37038490512178
--------
nle(id0,id1,dist): 124 127 3.4149299698751787
list:
dist: 3.4149299698751787 vs. 3.4149299698751787
--------
nle(id0,id1,dist): 124 130 1.9267923992526117
list:
dist: 1.9267923992526117 vs. 1.9267923992526117
--------
nle(id0,id1,dist): 124 132 1.6819042509042614
list:
dist: 1.6819042509042614 vs. 1.6819042509042614
--------
nle(id0,id1,dist): 124 131 3.572416612748762
list:
dist: 3.572416612748762 vs. 3.572416612748762
--------
nle(id0,id1,dist): 123 140 2.3389159029200948
list:
dist: 2.3389159029200948 vs. 2.3389159029200948
--------
nle(id0,id1,dist): 123 142 2.6790250406191993
list:
dist: 2.6790250406191993 vs. 2.6790250406191993
--------
nle(id0,id1,dist): 123 144 1.6284014293985944
list:
dist: 1.6284014293985944 vs. 1.6284014293985944
--------
nle(id0,id1,dist): 123 145 2.679783989383951
list:
dist: 2.679783989383951 vs. 2.679783989383951
--------
nle(id0,id1,dist): 123 146 3.338932713586279
list:
dist: 3.338932713586279 vs. 3.338932713586279
--------
nle(id0,id1,dist): 123 147 4.137879160140098
list:
dist: 4.137879160140098 vs. 4.137879160140098
--------
nle(id0,id1,dist): 123 149 3.580371195065629
list:
dist: 3.580371195065629 vs. 3.580371195065629
--------
nle(id0,id1,dist): 124 149 4.139678633929066
list:
dist: 4.139678633929066 vs. 4.139678633929066
--------
nle(id0,id1,dist): 125 127 1.0484142029122143
list:
dist: 1.0484142029122143 vs. 1.0484142029122143
--------
nle(id0,id1,dist): 125 126 2.156462354914821
list:
dist: 2.156462354914821 vs. 2.156462354914821
--------
nle(id0,id1,dist): 124 136 3.126211360801633
list:
dist: 3.126211360801633 vs. 3.126211360801633
--------
nle(id0,id1,dist): 124 133 2.3431344875961706
list:
dist: 2.3431344875961706 vs. 2.3431344875961706
--------
nle(id0,id1,dist): 124 140 2.9533615460604827
list:
dist: 2.9533615460604827 vs. 2.9533615460604827
--------
nle(id0,id1,dist): 124 137 4.323799287063548
list:
dist: 4.323799287063548 vs. 4.323799287063548
--------
nle(id0,id1,dist): 124 144 2.742410324612082
list:
dist: 2.742410324612082 vs. 2.742410324612082
--------
nle(id0,id1,dist): 124 142 3.7215201455471916
list:
dist: 3.7215201455471916 vs. 3.7215201455471916
--------
nle(id0,id1,dist): 124 147 5.057949510190547
list:
dist: 5.057949510190547 vs. 5.057949510190547
--------
nle(id0,id1,dist): 124 145 3.8232443301964385
list:
dist: 3.8232443301964385 vs. 3.8232443301964385
--------
nle(id0,id1,dist): 124 146 3.6897253090842157
list:
dist: 3.6897253090842157 vs. 3.6897253090842157
--------
nle(id0,id1,dist): 112 119 0.8705218280856982
list:
dist: 0.8705218280856982 vs. 0.8705218280856982
--------
nle(id0,id1,dist): 112 117 1.7951374140390945
list:
dist: 1.7951374140390945 vs. 1.7951374140390945
--------
nle(id0,id1,dist): 112 118 1.0604686768719056
list:
dist: 1.0604686768719056 vs. 1.0604686768719056
--------
nle(id0,id1,dist): 112 115 0.6766812377263176
list:
dist: 0.6766812377263176 vs. 0.6766812377263176
--------
nle(id0,id1,dist): 112 116 1.9721252306986985
list:
dist: 1.9721252306986985 vs. 1.9721252306986985
--------
nle(id0,id1,dist): 112 113 1.372405553170794
list:
dist: 1.372405553170794 vs. 1.372405553170794
--------
nle(id0,id1,dist): 112 114 2.591924229154229
list:
dist: 2.591924229154229 vs. 2.591924229154229
--------
nle(id0,id1,dist): 113 116 1.4715378646687578
list:
dist: 1.4715378646687578 vs. 1.4715378646687578
--------
nle(id0,id1,dist): 113 117 0.6015332383447181
list:
dist: 0.6015332383447181 vs. 0.6015332383447181
--------
nle(id0,id1,dist): 113 118 1.3038494633141577
list:
dist: 1.3038494633141577 vs. 1.3038494633141577
--------
nle(id0,id1,dist): 113 119 0.8324784055250082
list:
dist: 0.8324784055250082 vs. 0.8324784055250082
--------
nle(id0,id1,dist): 113 114 3.1030155318889983
list:
dist: 3.1030155318889983 vs. 3.1030155318889983
--------
nle(id0,id1,dist): 113 115 1.2312667925762366
list:
dist: 1.2312667925762366 vs. 1.2312667925762366
--------
nle(id0,id1,dist): 114 117 3.10950282875384
list:
dist: 3.10950282875384 vs. 3.10950282875384
--------
nle(id0,id1,dist): 114 118 2.013762326217828
list:
dist: 2.013762326217828 vs. 2.013762326217828
--------
nle(id0,id1,dist): 114 115 2.560994012239948
list:
dist: 2.560994012239948 vs. 2.560994012239948
--------
nle(id0,id1,dist): 114 116 2.0840274060190245
list:
dist: 2.0840274060190245 vs. 2.0840274060190245
--------
nle(id0,id1,dist): 114 119 2.5510627086976485
list:
dist: 2.5510627086976485 vs. 2.5510627086976485
--------
nle(id0,id1,dist): 115 118 1.2680635713379884
list:
dist: 1.2680635713379884 vs. 1.2680635713379884
--------
nle(id0,id1,dist): 115 119 1.0825843276935139
list:
dist: 1.0825843276935139 vs. 1.0825843276935139
--------
nle(id0,id1,dist): 115 116 1.8888271258538836
list:
dist: 1.8888271258538836 vs. 1.8888271258538836
--------
nle(id0,id1,dist): 115 117 1.7264119274673362
list:
dist: 1.7264119274673362 vs. 1.7264119274673362
--------
nle(id0,id1,dist): 116 117 1.1830971194390028
list:
dist: 1.1830971194390028 vs. 1.1830971194390028
--------
nle(id0,id1,dist): 116 118 1.0370766857423204
list:
dist: 1.0370766857423204 vs. 1.0370766857423204
--------
nle(id0,id1,dist): 116 119 1.2732995884113496
list:
dist: 1.2732995884113496 vs. 1.2732995884113496
--------
nle(id0,id1,dist): 117 118 1.3541866441556212
list:
dist: 1.3541866441556212 vs. 1.3541866441556212
--------
nle(id0,id1,dist): 117 119 1.0192483709120348
list:
dist: 1.0192483709120348 vs. 1.0192483709120348
--------
nle(id0,id1,dist): 118 119 0.5721546222633173
list:
dist: 0.5721546222633173 vs. 0.5721546222633173
--------
nle(id0,id1,dist): 106 110 2.0656037088306114
list:
dist: 2.0656037088306114 vs. 2.0656037088306114
--------
nle(id0,id1,dist): 106 108 1.7541942815009317
list:
dist: 1.7541942815009317 vs. 1.7541942815009317
--------
nle(id0,id1,dist): 106 107 2.5830788002662315
list:
dist: 2.5830788002662315 vs. 2.5830788002662315
--------
nle(id0,id1,dist): 105 116 3.7470882074585172
list:
dist: 3.7470882074585172 vs. 3.7470882074585172
--------
nle(id0,id1,dist): 105 117 2.5804671867717275
list:
dist: 2.5804671867717275 vs. 2.5804671867717275
--------
nle(id0,id1,dist): 105 119 3.047592785380479
list:
dist: 3.047592785380479 vs. 3.047592785380479
--------
nle(id0,id1,dist): 105 109 3.236995085344612
list:
dist: 3.236995085344612 vs. 3.236995085344612
--------
nle(id0,id1,dist): 105 108 2.6205821762295725
list:
dist: 2.6205821762295725 vs. 2.6205821762295725
--------
nle(id0,id1,dist): 105 113 2.3865301309415763
list:
dist: 2.3865301309415763 vs. 2.3865301309415763
--------
nle(id0,id1,dist): 105 107 2.692221824916597
list:
dist: 2.692221824916597 vs. 2.692221824916597
--------
nle(id0,id1,dist): 105 106 2.814712335167825
list:
dist: 2.814712335167825 vs. 2.814712335167825
--------
nle(id0,id1,dist): 108 115 2.2620130334349433
list:
dist: 2.2620130334349433 vs. 2.2620130334349433
--------
nle(id0,id1,dist): 108 116 3.368184191834818
list:
dist: 3.368184191834818 vs. 3.368184191834818
--------
nle(id0,id1,dist): 108 113 2.2463672709379496
list:
dist: 2.2463672709379496 vs. 2.2463672709379496
--------
nle(id0,id1,dist): 108 112 1.8344700989643101
list:
dist: 1.8344700989643101 vs. 1.8344700989643101
--------
nle(id0,id1,dist): 108 109 3.391542403629919
list:
dist: 3.391542403629919 vs. 3.391542403629919
--------
nle(id0,id1,dist): 108 110 0.8075422161555074
list:
dist: 0.8075422161555074 vs. 0.8075422161555074
--------
nle(id0,id1,dist): 107 118 1.1513678350139092
list:
dist: 1.1513678350139092 vs. 1.1513678350139092
--------
nle(id0,id1,dist): 107 119 0.6583959158395171
list:
dist: 0.6583959158395171 vs. 0.6583959158395171
--------
nle(id0,id1,dist): 107 115 0.891679891590395
list:
dist: 0.891679891590395 vs. 0.891679891590395
--------
nle(id0,id1,dist): 107 116 1.8848293171795332
list:
dist: 1.8848293171795332 vs. 1.8848293171795332
--------
nle(id0,id1,dist): 107 117 1.3444715129666858
list:
dist: 1.3444715129666858 vs. 1.3444715129666858
--------
nle(id0,id1,dist): 107 110 0.9723001191063715
list:
dist: 0.9723001191063715 vs. 0.9723001191063715
--------
nle(id0,id1,dist): 107 112 0.6321048019127583
list:
dist: 0.6321048019127583 vs. 0.6321048019127583
--------
nle(id0,id1,dist): 107 113 0.8890652121595989
list:
dist: 0.8890652121595989 vs. 0.8890652121595989
--------
nle(id0,id1,dist): 107 108 1.5839537466465146
list:
dist: 1.5839537466465146 vs. 1.5839537466465146
--------
nle(id0,id1,dist): 107 109 1.8974400236631974
list:
dist: 1.8974400236631974 vs. 1.8974400236631974
--------
nle(id0,id1,dist): 109 114 2.660673399650712
list:
dist: 2.660673399650712 vs. 2.660673399650712
--------
nle(id0,id1,dist): 109 115 1.83190377668962
list:
dist: 1.83190377668962 vs. 1.83190377668962
--------
nle(id0,id1,dist): 109 112 2.1272481854535936
list:
dist: 2.1272481854535936 vs. 2.1272481854535936
--------
nle(id0,id1,dist): 109 113 1.1799935964727588
list:
dist: 1.1799935964727588 vs. 1.1799935964727588
--------
nle(id0,id1,dist): 109 118 1.5208085562069582
list:
dist: 1.5208085562069582 vs. 1.5208085562069582
--------
nle(id0,id1,dist): 109 119 1.4766713810795837
list:
dist: 1.4766713810795837 vs. 1.4766713810795837
--------
nle(id0,id1,dist): 109 116 0.8273457419927549
list:
dist: 0.8273457419927549 vs. 0.8273457419927549
--------
nle(id0,id1,dist): 109 117 0.9403954571098706
list:
dist: 0.9403954571098706 vs. 0.9403954571098706
--------
nle(id0,id1,dist): 109 110 2.861745518124748
list:
dist: 2.861745518124748 vs. 2.861745518124748
--------
nle(id0,id1,dist): 108 117 2.621646033663631
list:
dist: 2.621646033663631 vs. 2.621646033663631
--------
nle(id0,id1,dist): 108 118 2.5534426849605323
list:
dist: 2.5534426849605323 vs. 2.5534426849605323
--------
nle(id0,id1,dist): 108 119 2.114199782900986
list:
dist: 2.114199782900986 vs. 2.114199782900986
--------
nle(id0,id1,dist): 110 112 1.0547571759549141
list:
dist: 1.0547571759549141 vs. 1.0547571759549141
--------
nle(id0,id1,dist): 110 113 1.8090539569457584
list:
dist: 1.8090539569457584 vs. 1.8090539569457584
--------
nle(id0,id1,dist): 110 119 1.4844139163507746
list:
dist: 1.4844139163507746 vs. 1.4844139163507746
--------
nle(id0,id1,dist): 110 115 1.5694127678120304
list:
dist: 1.5694127678120304 vs. 1.5694127678120304
--------
nle(id0,id1,dist): 110 116 2.7551952551685184
list:
dist: 2.7551952551685184 vs. 2.7551952551685184
--------
nle(id0,id1,dist): 110 117 2.2199207040873215
list:
dist: 2.2199207040873215 vs. 2.2199207040873215
--------
nle(id0,id1,dist): 110 118 1.8516862857150045
list:
dist: 1.8516862857150045 vs. 1.8516862857150045
--------
nle(id0,id1,dist): 99 107 1.078223214575296
list:
dist: 1.078223214575296 vs. 1.078223214575296
--------
nle(id0,id1,dist): 99 106 2.1622368629536406
list:
dist: 2.1622368629536406 vs. 2.1622368629536406
--------
nle(id0,id1,dist): 99 109 2.138582342561506
list:
dist: 2.138582342561506 vs. 2.138582342561506
--------
nle(id0,id1,dist): 99 108 1.7252290080502666
list:
dist: 1.7252290080502666 vs. 1.7252290080502666
--------
nle(id0,id1,dist): 99 110 1.5487833916507656
list:
dist: 1.5487833916507656 vs. 1.5487833916507656
--------
nle(id0,id1,dist): 99 113 1.0459405054328457
list:
dist: 1.0459405054328457 vs. 1.0459405054328457
--------
nle(id0,id1,dist): 99 112 1.5777699009092863
list:
dist: 1.5777699009092863 vs. 1.5777699009092863
--------
nle(id0,id1,dist): 99 101 1.9451112675778373
list:
dist: 1.9451112675778373 vs. 1.9451112675778373
--------
nle(id0,id1,dist): 99 100 4.329541167392886
list:
dist: 4.329541167392886 vs. 4.329541167392886
--------
nle(id0,id1,dist): 99 103 0.7119628476022133
list:
dist: 0.7119628476022133 vs. 0.7119628476022133
--------
nle(id0,id1,dist): 99 102 1.4699172601837336
list:
dist: 1.4699172601837336 vs. 1.4699172601837336
--------
nle(id0,id1,dist): 99 105 1.757385364113019
list:
dist: 1.757385364113019 vs. 1.757385364113019
--------
nle(id0,id1,dist): 99 104 1.5653687949741812
list:
dist: 1.5653687949741812 vs. 1.5653687949741812
--------
nle(id0,id1,dist): 99 115 1.43849471555027
list:
dist: 1.43849471555027 vs. 1.43849471555027
--------
nle(id0,id1,dist): 99 116 2.499462974740612
list:
dist: 2.499462974740612 vs. 2.499462974740612
--------
nle(id0,id1,dist): 99 117 1.5701611636238455
list:
dist: 1.5701611636238455 vs. 1.5701611636238455
--------
nle(id0,id1,dist): 99 118 2.0993287189438035
list:
dist: 2.0993287189438035 vs. 2.0993287189438035
--------
nle(id0,id1,dist): 99 119 1.561131445087692
list:
dist: 1.561131445087692 vs. 1.561131445087692
--------
nle(id0,id1,dist): 98 106 2.1610652120838485
list:
dist: 2.1610652120838485 vs. 2.1610652120838485
--------
nle(id0,id1,dist): 98 104 2.5144182743901755
list:
dist: 2.5144182743901755 vs. 2.5144182743901755
--------
nle(id0,id1,dist): 98 103 3.3238595937933413
list:
dist: 3.3238595937933413 vs. 3.3238595937933413
--------
nle(id0,id1,dist): 98 110 3.5481072616221465
list:
dist: 3.5481072616221465 vs. 3.5481072616221465
--------
nle(id0,id1,dist): 98 108 3.5642356509210766
list:
dist: 3.5642356509210766 vs. 3.5642356509210766
--------
nle(id0,id1,dist): 98 107 4.0202888274626245
list:
dist: 4.0202888274626245 vs. 4.0202888274626245
--------
nle(id0,id1,dist): 101 103 2.3183040622607
list:
dist: 2.3183040622607 vs. 2.3183040622607
--------
nle(id0,id1,dist): 101 102 2.0152451553596573
list:
dist: 2.0152451553596573 vs. 2.0152451553596573
--------
nle(id0,id1,dist): 101 108 1.7018537533802285
list:
dist: 1.7018537533802285 vs. 1.7018537533802285
--------
nle(id0,id1,dist): 101 110 2.32221325967838
list:
dist: 2.32221325967838 vs. 2.32221325967838
--------
nle(id0,id1,dist): 101 104 1.5922844774778302
list:
dist: 1.5922844774778302 vs. 1.5922844774778302
--------
nle(id0,id1,dist): 101 105 1.528115215954939
list:
dist: 1.528115215954939 vs. 1.528115215954939
--------
nle(id0,id1,dist): 101 106 1.701541766720087
list:
dist: 1.701541766720087 vs. 1.701541766720087
--------
nle(id0,id1,dist): 101 107 2.6303957619119385
list:
dist: 2.6303957619119385 vs. 2.6303957619119385
--------
nle(id0,id1,dist): 100 108 4.041175076009254
list:
dist: 4.041175076009254 vs. 4.041175076009254
--------
nle(id0,id1,dist): 100 107 5.0801301348773205
list:
dist: 5.0801301348773205 vs. 5.0801301348773205
--------
nle(id0,id1,dist): 100 106 3.829635543887089
list:
dist: 3.829635543887089 vs. 3.829635543887089
--------
nle(id0,id1,dist): 100 105 2.9966150003463894
list:
dist: 2.9966150003463894 vs. 2.9966150003463894
--------
nle(id0,id1,dist): 100 104 3.9830677378718695
list:
dist: 3.9830677378718695 vs. 3.9830677378718695
--------
nle(id0,id1,dist): 100 103 4.782460631005306
list:
dist: 4.782460631005306 vs. 4.782460631005306
--------
nle(id0,id1,dist): 100 102 3.7797177963217177
list:
dist: 3.7797177963217177 vs. 3.7797177963217177
--------
nle(id0,id1,dist): 100 101 2.518588096401579
list:
dist: 2.518588096401579 vs. 2.518588096401579
--------
nle(id0,id1,dist): 102 116 3.5747389483602707
list:
dist: 3.5747389483602707 vs. 3.5747389483602707
--------
nle(id0,id1,dist): 102 117 2.5612341643128005
list:
dist: 2.5612341643128005 vs. 2.5612341643128005
--------
nle(id0,id1,dist): 102 119 2.9371454351859883
list:
dist: 2.9371454351859883 vs. 2.9371454351859883
--------
nle(id0,id1,dist): 103 105 2.385250452708598
list:
dist: 2.385250452708598 vs. 2.385250452708598
--------
nle(id0,id1,dist): 103 104 1.3644370854398014
list:
dist: 1.3644370854398014 vs. 1.3644370854398014
--------
nle(id0,id1,dist): 103 107 1.0473450880444677
list:
dist: 1.0473450880444677 vs. 1.0473450880444677
--------
nle(id0,id1,dist): 103 106 1.9635520801208788
list:
dist: 1.9635520801208788 vs. 1.9635520801208788
--------
nle(id0,id1,dist): 103 109 2.294658610057277
list:
dist: 2.294658610057277 vs. 2.294658610057277
--------
nle(id0,id1,dist): 103 108 1.8108887250152215
list:
dist: 1.8108887250152215 vs. 1.8108887250152215
--------
nle(id0,id1,dist): 102 106 2.5758970639416585
list:
dist: 2.5758970639416585 vs. 2.5758970639416585
--------
nle(id0,id1,dist): 102 105 1.1471644264323526
list:
dist: 1.1471644264323526 vs. 1.1471644264323526
--------
nle(id0,id1,dist): 102 104 2.2221502522345027
list:
dist: 2.2221502522345027 vs. 2.2221502522345027
--------
nle(id0,id1,dist): 102 103 1.8639331506058576
list:
dist: 1.8639331506058576 vs. 1.8639331506058576
--------
nle(id0,id1,dist): 102 109 2.9501109987796506
list:
dist: 2.9501109987796506 vs. 2.9501109987796506
--------
nle(id0,id1,dist): 102 108 2.8394105699866934
list:
dist: 2.8394105699866934 vs. 2.8394105699866934
--------
nle(id0,id1,dist): 102 107 2.5396524116297083
list:
dist: 2.5396524116297083 vs. 2.5396524116297083
--------
nle(id0,id1,dist): 102 113 2.207623309113147
list:
dist: 2.207623309113147 vs. 2.207623309113147
--------
nle(id0,id1,dist): 104 109 3.5910359707068857
list:
dist: 3.5910359707068857 vs. 3.5910359707068857
--------
nle(id0,id1,dist): 104 110 1.5529306711332485
list:
dist: 1.5529306711332485 vs. 1.5529306711332485
--------
nle(id0,id1,dist): 104 112 2.1256428923896533
list:
dist: 2.1256428923896533 vs. 2.1256428923896533
--------
nle(id0,id1,dist): 104 105 2.4860541193320747
list:
dist: 2.4860541193320747 vs. 2.4860541193320747
--------
nle(id0,id1,dist): 104 106 0.6280480243482194
list:
dist: 0.6280480243482194 vs. 0.6280480243482194
--------
nle(id0,id1,dist): 104 107 1.9666091991430135
list:
dist: 1.9666091991430135 vs. 1.9666091991430135
--------
nle(id0,id1,dist): 104 108 1.3712133187580873
list:
dist: 1.3712133187580873 vs. 1.3712133187580873
--------
nle(id0,id1,dist): 104 117 3.0326090911705914
list:
dist: 3.0326090911705914 vs. 3.0326090911705914
--------
nle(id0,id1,dist): 104 118 3.0799297701178276
list:
dist: 3.0799297701178276 vs. 3.0799297701178276
--------
nle(id0,id1,dist): 104 119 2.6248926601207194
list:
dist: 2.6248926601207194 vs. 2.6248926601207194
--------
nle(id0,id1,dist): 104 113 2.485961568633896
list:
dist: 2.485961568633896 vs. 2.485961568633896
--------
nle(id0,id1,dist): 104 115 2.192531089741145
list:
dist: 2.192531089741145 vs. 2.192531089741145
--------
nle(id0,id1,dist): 104 116 3.7995445119208013
list:
dist: 3.7995445119208013 vs. 3.7995445119208013
--------
nle(id0,id1,dist): 103 116 2.5784140964020272
list:
dist: 2.5784140964020272 vs. 2.5784140964020272
--------
nle(id0,id1,dist): 103 117 1.9292506209018743
list:
dist: 1.9292506209018743 vs. 1.9292506209018743
--------
nle(id0,id1,dist): 103 115 1.0039957146622052
list:
dist: 1.0039957146622052 vs. 1.0039957146622052
--------
nle(id0,id1,dist): 103 112 1.2583753049712705
list:
dist: 1.2583753049712705 vs. 1.2583753049712705
--------
nle(id0,id1,dist): 103 113 1.3291579264074291
list:
dist: 1.3291579264074291 vs. 1.3291579264074291
--------
nle(id0,id1,dist): 103 110 1.434977899322484
list:
dist: 1.434977899322484 vs. 1.434977899322484
--------
nle(id0,id1,dist): 103 118 2.032411693244334
list:
dist: 2.032411693244334 vs. 2.032411693244334
--------
nle(id0,id1,dist): 103 119 1.5976082393386724
list:
dist: 1.5976082393386724 vs. 1.5976082393386724
--------
nle(id0,id1,dist): 147 149 2.404162453007757
list:
dist: 2.404162453007757 vs. 2.404162453007757
--------
nle(id0,id1,dist): 147 148 1.9063237360080112
list:
dist: 1.9063237360080112 vs. 1.9063237360080112
--------
nle(id0,id1,dist): 148 149 1.0782901238265035
list:
dist: 1.0782901238265035 vs. 1.0782901238265035
--------
nle(id0,id1,dist): 146 147 2.1129440768556407
list:
dist: 2.1129440768556407 vs. 2.1129440768556407
--------
nle(id0,id1,dist): 146 149 2.2442207945921813
list:
dist: 2.2442207945921813 vs. 2.2442207945921813
--------
nle(id0,id1,dist): 144 147 2.5627884644362138
list:
dist: 2.5627884644362138 vs. 2.5627884644362138
--------
nle(id0,id1,dist): 144 146 2.2219270729289966
list:
dist: 2.2219270729289966 vs. 2.2219270729289966
--------
nle(id0,id1,dist): 144 145 1.1251968290398535
list:
dist: 1.1251968290398535 vs. 1.1251968290398535
--------
nle(id0,id1,dist): 144 149 2.7383407465130323
list:
dist: 2.7383407465130323 vs. 2.7383407465130323
--------
nle(id0,id1,dist): 145 149 3.085287789842814
list:
dist: 3.085287789842814 vs. 3.085287789842814
--------
nle(id0,id1,dist): 145 147 1.9294499966912382
list:
dist: 1.9294499966912382 vs. 1.9294499966912382
--------
nle(id0,id1,dist): 145 146 2.3933406379429614
list:
dist: 2.3933406379429614 vs. 2.3933406379429614
--------
nle(id0,id1,dist): 142 149 3.045186763004197
list:
dist: 3.045186763004197 vs. 3.045186763004197
--------
nle(id0,id1,dist): 142 147 1.8897043839392105
list:
dist: 1.8897043839392105 vs. 1.8897043839392105
--------
nle(id0,id1,dist): 142 145 0.352122396496864
list:
dist: 0.352122396496864 vs. 0.352122396496864
--------
nle(id0,id1,dist): 142 146 2.1109839755862665
list:
dist: 2.1109839755862665 vs. 2.1109839755862665
--------
nle(id0,id1,dist): 142 144 1.1058475291900305
list:
dist: 1.1058475291900305 vs. 1.1058475291900305
--------
nle(id0,id1,dist): 143 146 2.7729709110677008
list:
dist: 2.7729709110677008 vs. 2.7729709110677008
--------
nle(id0,id1,dist): 143 147 3.885982923871353
list:
dist: 3.885982923871353 vs. 3.885982923871353
--------
nle(id0,id1,dist): 143 148 2.513629097109993
list:
dist: 2.513629097109993 vs. 2.513629097109993
--------
nle(id0,id1,dist): 143 149 1.8860503547299048
list:
dist: 1.8860503547299048 vs. 1.8860503547299048
--------
nle(id0,id1,dist): 140 149 2.8942589336764466
list:
dist: 2.8942589336764466 vs. 2.8942589336764466
--------
nle(id0,id1,dist): 139 143 1.040228860727387
list:
dist: 1.040228860727387 vs. 1.040228860727387
--------
nle(id0,id1,dist): 139 140 2.99988804104774
list:
dist: 2.99988804104774 vs. 2.99988804104774
--------
nle(id0,id1,dist): 139 148 1.9237936930396455
list:
dist: 1.9237936930396455 vs. 1.9237936930396455
--------
nle(id0,id1,dist): 139 149 1.505383440576555
list:
dist: 1.505383440576555 vs. 1.505383440576555
--------
nle(id0,id1,dist): 139 146 1.8448246376378894
list:
dist: 1.8448246376378894 vs. 1.8448246376378894
--------
nle(id0,id1,dist): 139 147 2.969948097680039
list:
dist: 2.969948097680039 vs. 2.969948097680039
--------
nle(id0,id1,dist): 140 145 1.5092295288232085
list:
dist: 1.5092295288232085 vs. 1.5092295288232085
--------
nle(id0,id1,dist): 140 146 1.3844918355061706
list:
dist: 1.3844918355061706 vs. 1.3844918355061706
--------
nle(id0,id1,dist): 140 147 2.4404032767507835
list:
dist: 2.4404032767507835 vs. 2.4404032767507835
--------
nle(id0,id1,dist): 140 142 1.2053932523495208
list:
dist: 1.2053932523495208 vs. 1.2053932523495208
--------
nle(id0,id1,dist): 140 143 3.762905499879243
list:
dist: 3.762905499879243 vs. 3.762905499879243
--------
nle(id0,id1,dist): 140 144 1.1869531230829744
list:
dist: 1.1869531230829744 vs. 1.1869531230829744
--------
nle(id0,id1,dist): 138 142 2.551102789169575
list:
dist: 2.551102789169575 vs. 2.551102789169575
--------
nle(id0,id1,dist): 138 139 2.969146244086505
list:
dist: 2.969146244086505 vs. 2.969146244086505
--------
nle(id0,id1,dist): 138 149 2.2557520525507946
list:
dist: 2.2557520525507946 vs. 2.2557520525507946
--------
nle(id0,id1,dist): 138 148 1.4832563851925697
list:
dist: 1.4832563851925697 vs. 1.4832563851925697
--------
nle(id0,id1,dist): 138 147 0.7551928923518004
list:
dist: 0.7551928923518004 vs. 0.7551928923518004
--------
nle(id0,id1,dist): 138 145 2.5397480625193714
list:
dist: 2.5397480625193714 vs. 2.5397480625193714
--------
nle(id0,id1,dist): 138 144 3.075538426791395
list:
dist: 3.075538426791395 vs. 3.075538426791395
--------
nle(id0,id1,dist): 138 143 3.801346678021217
list:
dist: 3.801346678021217 vs. 3.801346678021217
--------
nle(id0,id1,dist): 137 144 1.6843367908078137
list:
dist: 1.6843367908078137 vs. 1.6843367908078137
--------
nle(id0,id1,dist): 137 145 0.9947456933240219
list:
dist: 0.9947456933240219 vs. 0.9947456933240219
--------
nle(id0,id1,dist): 137 146 2.0037107401420124
list:
dist: 2.0037107401420124 vs. 2.0037107401420124
--------
nle(id0,id1,dist): 137 147 0.9507033725768961
list:
dist: 0.9507033725768961 vs. 0.9507033725768961
--------
nle(id0,id1,dist): 137 140 1.777894899682274
list:
dist: 1.777894899682274 vs. 1.777894899682274
--------
nle(id0,id1,dist): 137 142 0.9948829932807726
list:
dist: 0.9948829932807726 vs. 0.9948829932807726
--------
nle(id0,id1,dist): 137 143 4.016243245471812
list:
dist: 4.016243245471812 vs. 4.016243245471812
--------
nle(id0,id1,dist): 137 138 1.5611526752484037
list:
dist: 1.5611526752484037 vs. 1.5611526752484037
--------
nle(id0,id1,dist): 137 139 3.164365696610387
list:
dist: 3.164365696610387 vs. 3.164365696610387
--------
nle(id0,id1,dist): 137 149 2.472532085823736
list:
dist: 2.472532085823736 vs. 2.472532085823736
--------
nle(id0,id1,dist): 137 148 2.367558304605185
list:
dist: 2.367558304605185 vs. 2.367558304605185
--------
nle(id0,id1,dist): 136 147 1.9762259051425484
list:
dist: 1.9762259051425484 vs. 1.9762259051425484
--------
nle(id0,id1,dist): 136 148 2.4537417253454734
list:
dist: 2.4537417253454734 vs. 2.4537417253454734
--------
nle(id0,id1,dist): 136 145 1.287750883551564
list:
dist: 1.287750883551564 vs. 1.287750883551564
--------
nle(id0,id1,dist): 136 146 1.6950360961964182
list:
dist: 1.6950360961964182 vs. 1.6950360961964182
--------
nle(id0,id1,dist): 136 149 1.9830922602020242
list:
dist: 1.9830922602020242 vs. 1.9830922602020242
--------
nle(id0,id1,dist): 136 139 2.6702996264729952
list:
dist: 2.6702996264729952 vs. 2.6702996264729952
--------
nle(id0,id1,dist): 136 140 1.2313319855215124
list:
dist: 1.2313319855215124 vs. 1.2313319855215124
--------
nle(id0,id1,dist): 136 137 1.2735746486224113
list:
dist: 1.2735746486224113 vs. 1.2735746486224113
--------
nle(id0,id1,dist): 136 138 2.4115284052152735
list:
dist: 2.4115284052152735 vs. 2.4115284052152735
--------
nle(id0,id1,dist): 136 143 3.3318762172142566
list:
dist: 3.3318762172142566 vs. 3.3318762172142566
--------
nle(id0,id1,dist): 136 144 0.8132623777170385
list:
dist: 0.8132623777170385 vs. 0.8132623777170385
--------
nle(id0,id1,dist): 136 142 1.222106199544051
list:
dist: 1.222106199544051 vs. 1.222106199544051
--------
nle(id0,id1,dist): 135 142 1.634349779752782
list:
dist: 1.634349779752782 vs. 1.634349779752782
--------
nle(id0,id1,dist): 135 144 2.5457093615449486
list:
dist: 2.5457093615449486 vs. 2.5457093615449486
--------
nle(id0,id1,dist): 135 145 1.4914417730484566
list:
dist: 1.4914417730484566 vs. 1.4914417730484566
--------
nle(id0,id1,dist): 135 146 3.559319696584939
list:
dist: 3.559319696584939 vs. 3.559319696584939
--------
nle(id0,id1,dist): 135 147 2.552563983281791
list:
dist: 2.552563983281791 vs. 2.552563983281791
--------
nle(id0,id1,dist): 134 149 1.0468950180473091
list:
dist: 1.0468950180473091 vs. 1.0468950180473091
--------
nle(id0,id1,dist): 134 148 1.7297729379941764
list:
dist: 1.7297729379941764 vs. 1.7297729379941764
--------
nle(id0,id1,dist): 134 147 2.6410655528257783
list:
dist: 2.6410655528257783 vs. 2.6410655528257783
--------
nle(id0,id1,dist): 135 140 2.7352109682621717
list:
dist: 2.7352109682621717 vs. 2.7352109682621717
--------
nle(id0,id1,dist): 135 138 3.13855707490539
list:
dist: 3.13855707490539 vs. 3.13855707490539
--------
nle(id0,id1,dist): 135 136 2.7649009450078004
list:
dist: 2.7649009450078004 vs. 2.7649009450078004
--------
nle(id0,id1,dist): 135 137 1.9566272367223356
list:
dist: 1.9566272367223356 vs. 1.9566272367223356
--------
nle(id0,id1,dist): 134 136 2.0402254766834926
list:
dist: 2.0402254766834926 vs. 2.0402254766834926
--------
nle(id0,id1,dist): 134 137 2.675405901329441
list:
dist: 2.675405901329441 vs. 2.675405901329441
--------
nle(id0,id1,dist): 134 138 2.7026994567693436
list:
dist: 2.7026994567693436 vs. 2.7026994567693436
--------
nle(id0,id1,dist): 134 143 1.358066826780992
list:
dist: 1.358066826780992 vs. 1.358066826780992
--------
nle(id0,id1,dist): 134 146 1.5840742835381372
list:
dist: 1.5840742835381372 vs. 1.5840742835381372
--------
nle(id0,id1,dist): 134 139 0.6829688349513302
list:
dist: 0.6829688349513302 vs. 0.6829688349513302
--------
nle(id0,id1,dist): 134 140 2.515940209074783
list:
dist: 2.515940209074783 vs. 2.515940209074783
--------
nle(id0,id1,dist): 133 135 2.8329235499507845
list:
dist: 2.8329235499507845 vs. 2.8329235499507845
--------
nle(id0,id1,dist): 133 136 1.615519577263851
list:
dist: 1.615519577263851 vs. 1.615519577263851
--------
nle(id0,id1,dist): 133 137 2.367439064946019
list:
dist: 2.367439064946019 vs. 2.367439064946019
--------
nle(id0,id1,dist): 133 142 1.5245625940809426
list:
dist: 1.5245625940809426 vs. 1.5245625940809426
--------
nle(id0,id1,dist): 133 140 1.0120300954998225
list:
dist: 1.0120300954998225 vs. 1.0120300954998225
--------
nle(id0,id1,dist): 133 146 2.3432697103810116
list:
dist: 2.3432697103810116 vs. 2.3432697103810116
--------
nle(id0,id1,dist): 133 147 3.2068131332930863
list:
dist: 3.2068131332930863 vs. 3.2068131332930863
--------
nle(id0,id1,dist): 133 144 1.0084229605743062
list:
dist: 1.0084229605743062 vs. 1.0084229605743062
--------
nle(id0,id1,dist): 133 145 1.6889079193037475
list:
dist: 1.6889079193037475 vs. 1.6889079193037475
--------
nle(id0,id1,dist): 133 149 3.464559079375864
list:
dist: 3.464559079375864 vs. 3.464559079375864
--------
nle(id0,id1,dist): 132 134 2.4845671432154868
list:
dist: 2.4845671432154868 vs. 2.4845671432154868
--------
nle(id0,id1,dist): 132 133 1.1492009799887355
list:
dist: 1.1492009799887355 vs. 1.1492009799887355
--------
nle(id0,id1,dist): 132 136 1.4798408997332833
list:
dist: 1.4798408997332833 vs. 1.4798408997332833
--------
nle(id0,id1,dist): 132 137 2.66744550622519
list:
dist: 2.66744550622519 vs. 2.66744550622519
--------
nle(id0,id1,dist): 132 140 1.4187509956688027
list:
dist: 1.4187509956688027 vs. 1.4187509956688027
--------
nle(id0,id1,dist): 132 139 3.063482666343921
list:
dist: 3.063482666343921 vs. 3.063482666343921
--------
nle(id0,id1,dist): 132 142 2.1699380289675143
list:
dist: 2.1699380289675143 vs. 2.1699380289675143
--------
nle(id0,id1,dist): 132 143 3.4631984600617285
list:
dist: 3.4631984600617285 vs. 3.4631984600617285
--------
nle(id0,id1,dist): 132 144 1.2452826597219708
list:
dist: 1.2452826597219708 vs. 1.2452826597219708
--------
nle(id0,id1,dist): 132 145 2.3039189268809284
list:
dist: 2.3039189268809284 vs. 2.3039189268809284
--------
nle(id0,id1,dist): 132 146 2.1866218001319226
list:
dist: 2.1866218001319226 vs. 2.1866218001319226
--------
nle(id0,id1,dist): 132 147 3.3779755222277292
list:
dist: 3.3779755222277292 vs. 3.3779755222277292
--------
nle(id0,id1,dist): 132 149 2.803099865354581
list:
dist: 2.803099865354581 vs. 2.803099865354581
--------
nle(id0,id1,dist): 131 147 1.6648490763575325
list:
dist: 1.6648490763575325 vs. 1.6648490763575325
--------
nle(id0,id1,dist): 131 146 0.7474204854174139
list:
dist: 0.7474204854174139 vs. 0.7474204854174139
--------
nle(id0,id1,dist): 131 149 1.8613564057460759
list:
dist: 1.8613564057460759 vs. 1.8613564057460759
--------
nle(id0,id1,dist): 131 148 2.142476183246765
list:
dist: 2.142476183246765 vs. 2.142476183246765
--------
nle(id0,id1,dist): 131 142 1.5911570527445047
list:
dist: 1.5911570527445047 vs. 1.5911570527445047
--------
nle(id0,id1,dist): 131 143 2.889394263089543
list:
dist: 2.889394263089543 vs. 2.889394263089543
--------
nle(id0,id1,dist): 131 144 1.6634300373790725
list:
dist: 1.6634300373790725 vs. 1.6634300373790725
--------
nle(id0,id1,dist): 131 145 1.8106198924295862
list:
dist: 1.8106198924295862 vs. 1.8106198924295862
--------
nle(id0,id1,dist): 131 138 2.1378549573611436
list:
dist: 2.1378549573611436 vs. 2.1378549573611436
--------
nle(id0,id1,dist): 131 139 2.0186849323315608
list:
dist: 2.0186849323315608 vs. 2.0186849323315608
--------
nle(id0,id1,dist): 131 140 1.1968664899554429
list:
dist: 1.1968664899554429 vs. 1.1968664899554429
--------
nle(id0,id1,dist): 131 134 1.5473744360298225
list:
dist: 1.5473744360298225 vs. 1.5473744360298225
--------
nle(id0,id1,dist): 131 135 3.094410988179711
list:
dist: 3.094410988179711 vs. 3.094410988179711
--------
nle(id0,id1,dist): 131 136 1.0126618194219734
list:
dist: 1.0126618194219734 vs. 1.0126618194219734
--------
nle(id0,id1,dist): 131 137 1.3828042020095843
list:
dist: 1.3828042020095843 vs. 1.3828042020095843
--------
nle(id0,id1,dist): 131 132 1.9305693702820714
list:
dist: 1.9305693702820714 vs. 1.9305693702820714
--------
nle(id0,id1,dist): 131 133 2.071282901786936
list:
dist: 2.071282901786936 vs. 2.071282901786936
--------
nle(id0,id1,dist): 130 149 2.4156362957255255
list:
dist: 2.4156362957255255 vs. 2.4156362957255255
--------
nle(id0,id1,dist): 130 147 3.2124028670612543
list:
dist: 3.2124028670612543 vs. 3.2124028670612543
--------
nle(id0,id1,dist): 130 145 2.431880381002076
list:
dist: 2.431880381002076 vs. 2.431880381002076
--------
nle(id0,id1,dist): 130 146 1.8908998390544758
list:
dist: 1.8908998390544758 vs. 1.8908998390544758
--------
nle(id0,id1,dist): 130 143 2.9804576794015487
list:
dist: 2.9804576794015487 vs. 2.9804576794015487
--------
nle(id0,id1,dist): 130 144 1.4440123594927754
list:
dist: 1.4440123594927754 vs. 1.4440123594927754
--------
nle(id0,id1,dist): 130 142 2.2786300214520048
list:
dist: 2.2786300214520048 vs. 2.2786300214520048
--------
nle(id0,id1,dist): 130 139 2.5899342120690116
list:
dist: 2.5899342120690116 vs. 2.5899342120690116
--------
nle(id0,id1,dist): 130 140 1.4613821301619603
list:
dist: 1.4613821301619603 vs. 1.4613821301619603
--------
nle(id0,id1,dist): 130 137 2.609903659932668
list:
dist: 2.609903659932668 vs. 2.609903659932668
--------
nle(id0,id1,dist): 130 136 1.3985295889305003
list:
dist: 1.3985295889305003 vs. 1.3985295889305003
--------
nle(id0,id1,dist): 130 132 0.486155258588186
list:
dist: 0.486155258588186 vs. 0.486155258588186
--------
nle(id0,id1,dist): 130 131 1.6770557468176104
list:
dist: 1.6770557468176104 vs. 1.6770557468176104
--------
nle(id0,id1,dist): 130 134 2.0210252718414914
list:
dist: 2.0210252718414914 vs. 2.0210252718414914
--------
nle(id0,id1,dist): 130 133 1.5093131654729712
list:
dist: 1.5093131654729712 vs. 1.5093131654729712
--------
nle(id0,id1,dist): 129 148 2.096257439406114
list:
dist: 2.096257439406114 vs. 2.096257439406114
--------
nle(id0,id1,dist): 129 142 2.4374275580981113
list:
dist: 2.4374275580981113 vs. 2.4374275580981113
--------
nle(id0,id1,dist): 129 144 3.1699032192024417
list:
dist: 3.1699032192024417 vs. 3.1699032192024417
--------
nle(id0,id1,dist): 129 145 2.4383237438852823
list:
dist: 2.4383237438852823 vs. 2.4383237438852823
--------
nle(id0,id1,dist): 129 147 0.6536324092611134
list:
dist: 0.6536324092611134 vs. 0.6536324092611134
--------
nle(id0,id1,dist): 129 135 2.7647764560515107
list:
dist: 2.7647764560515107 vs. 2.7647764560515107
--------
nle(id0,id1,dist): 129 138 0.640445378946224
list:
dist: 0.640445378946224 vs. 0.640445378946224
--------
nle(id0,id1,dist): 129 137 1.5083124121608604
list:
dist: 1.5083124121608604 vs. 1.5083124121608604
--------
nle(id0,id1,dist): 129 136 2.6043887539397943
list:
dist: 2.6043887539397943 vs. 2.6043887539397943
--------
nle(id0,id1,dist): 129 131 2.301186337462509
list:
dist: 2.301186337462509 vs. 2.301186337462509
--------
nle(id0,id1,dist): 128 147 1.8445271615532086
list:
dist: 1.8445271615532086 vs. 1.8445271615532086
--------
nle(id0,id1,dist): 128 148 0.774778669629046
list:
dist: 0.774778669629046 vs. 0.774778669629046
--------
nle(id0,id1,dist): 128 145 2.6888856413822135
list:
dist: 2.6888856413822135 vs. 2.6888856413822135
--------
nle(id0,id1,dist): 128 146 2.1851186625624126
list:
dist: 2.1851186625624126 vs. 2.1851186625624126
--------
nle(id0,id1,dist): 128 149 0.6272540259667964
list:
dist: 0.6272540259667964 vs. 0.6272540259667964
--------
nle(id0,id1,dist): 128 133 3.358461125997234
list:
dist: 3.358461125997234 vs. 3.358461125997234
--------
nle(id0,id1,dist): 128 134 1.425298473082048
list:
dist: 1.425298473082048 vs. 1.425298473082048
--------
nle(id0,id1,dist): 128 135 3.888623050823685
list:
dist: 3.888623050823685 vs. 3.888623050823685
--------
nle(id0,id1,dist): 128 136 1.7727502484129674
list:
dist: 1.7727502484129674 vs. 1.7727502484129674
--------
nle(id0,id1,dist): 128 129 2.22710478170309
list:
dist: 2.22710478170309 vs. 2.22710478170309
--------
nle(id0,id1,dist): 128 130 2.565853987326383
list:
dist: 2.565853987326383 vs. 2.565853987326383
--------
nle(id0,id1,dist): 128 131 1.6816877567526611
list:
dist: 1.6816877567526611 vs. 1.6816877567526611
--------
nle(id0,id1,dist): 128 132 2.8924620591181225
list:
dist: 2.8924620591181225 vs. 2.8924620591181225
--------
nle(id0,id1,dist): 128 142 2.6782515044100164
list:
dist: 2.6782515044100164 vs. 2.6782515044100164
--------
nle(id0,id1,dist): 128 143 2.4470860295148196
list:
dist: 2.4470860295148196 vs. 2.4470860295148196
--------
nle(id0,id1,dist): 128 144 2.5552085326759038
list:
dist: 2.5552085326759038 vs. 2.5552085326759038
--------
nle(id0,id1,dist): 128 137 1.975341360938646
list:
dist: 1.975341360938646 vs. 1.975341360938646
--------
nle(id0,id1,dist): 128 138 1.6648909446913127
list:
dist: 1.6648909446913127 vs. 1.6648909446913127
--------
nle(id0,id1,dist): 128 139 1.879273568890081
list:
dist: 1.879273568890081 vs. 1.879273568890081
--------
nle(id0,id1,dist): 128 140 2.748605580607634
list:
dist: 2.748605580607634 vs. 2.748605580607634
--------
nle(id0,id1,dist): 127 140 1.8913013108981105
list:
dist: 1.8913013108981105 vs. 1.8913013108981105
--------
nle(id0,id1,dist): 127 138 2.3651680658058134
list:
dist: 2.3651680658058134 vs. 2.3651680658058134
--------
nle(id0,id1,dist): 127 139 3.0429877524570537
list:
dist: 3.0429877524570537 vs. 3.0429877524570537
--------
nle(id0,id1,dist): 127 136 0.7147431246253577
list:
dist: 0.7147431246253577 vs. 0.7147431246253577
--------
nle(id0,id1,dist): 127 137 1.3724665339850928
list:
dist: 1.3724665339850928 vs. 1.3724665339850928
--------
nle(id0,id1,dist): 127 134 2.3897397519266748
list:
dist: 2.3897397519266748 vs. 2.3897397519266748
--------
nle(id0,id1,dist): 127 135 2.7504139766914353
list:
dist: 2.7504139766914353 vs. 2.7504139766914353
--------
nle(id0,id1,dist): 127 148 2.426325063847416
list:
dist: 2.426325063847416 vs. 2.426325063847416
--------
nle(id0,id1,dist): 127 149 2.003081634842242
list:
dist: 2.003081634842242 vs. 2.003081634842242
--------
nle(id0,id1,dist): 127 146 2.3433895902109447
list:
dist: 2.3433895902109447 vs. 2.3433895902109447
--------
nle(id0,id1,dist): 127 147 2.0727564056031986
list:
dist: 2.0727564056031986 vs. 2.0727564056031986
--------
nle(id0,id1,dist): 127 144 1.0661802526783626
list:
dist: 1.0661802526783626 vs. 1.0661802526783626
--------
nle(id0,id1,dist): 127 145 1.3819240981463234
list:
dist: 1.3819240981463234 vs. 1.3819240981463234
--------
nle(id0,id1,dist): 127 142 1.495673647497154
list:
dist: 1.495673647497154 vs. 1.495673647497154
--------
nle(id0,id1,dist): 127 143 3.608068030684204
list:
dist: 3.608068030684204 vs. 3.608068030684204
--------
nle(id0,id1,dist): 127 133 2.060076502901671
list:
dist: 2.060076502901671 vs. 2.060076502901671
--------
nle(id0,id1,dist): 127 132 1.914277724539888
list:
dist: 1.914277724539888 vs. 1.914277724539888
--------
nle(id0,id1,dist): 127 131 1.6149443309800284
list:
dist: 1.6149443309800284 vs. 1.6149443309800284
--------
nle(id0,id1,dist): 127 130 1.8827750793811462
list:
dist: 1.8827750793811462 vs. 1.8827750793811462
--------
nle(id0,id1,dist): 127 129 2.6153596050469545
list:
dist: 2.6153596050469545 vs. 2.6153596050469545
--------
nle(id0,id1,dist): 127 128 1.7170674762606335
list:
dist: 1.7170674762606335 vs. 1.7170674762606335
--------
nle(id0,id1,dist): 126 140 2.682886053223669
list:
dist: 2.682886053223669 vs. 2.682886053223669
--------
nle(id0,id1,dist): 126 142 3.0257557922307527
list:
dist: 3.0257557922307527 vs. 3.0257557922307527
--------
nle(id0,id1,dist): 126 144 1.968349111781957
list:
dist: 1.968349111781957 vs. 1.968349111781957
--------
nle(id0,id1,dist): 126 145 3.0147893439677906
list:
dist: 3.0147893439677906 vs. 3.0147893439677906
--------
nle(id0,id1,dist): 126 146 3.64529538922832
list:
dist: 3.64529538922832 vs. 3.64529538922832
--------
nle(id0,id1,dist): 126 147 4.4589332672531174
list:
dist: 4.4589332672531174 vs. 4.4589332672531174
--------
nle(id0,id1,dist): 126 149 3.780483547299662
list:
dist: 3.780483547299662 vs. 3.780483547299662
--------
nle(id0,id1,dist): 126 128 3.870883487197026
list:
dist: 3.870883487197026 vs. 3.870883487197026
--------
nle(id0,id1,dist): 126 127 2.561880691714178
list:
dist: 2.561880691714178 vs. 2.561880691714178
--------
nle(id0,id1,dist): 126 130 1.8593554033391888
list:
dist: 1.8593554033391888 vs. 1.8593554033391888
--------
nle(id0,id1,dist): 126 132 1.4846044346618026
list:
dist: 1.4846044346618026 vs. 1.4846044346618026
--------
nle(id0,id1,dist): 126 131 3.2731634145333124
list:
dist: 3.2731634145333124 vs. 3.2731634145333124
--------
nle(id0,id1,dist): 126 133 1.9143984647776555
list:
dist: 1.9143984647776555 vs. 1.9143984647776555
--------
nle(id0,id1,dist): 126 136 2.5063322860994792
list:
dist: 2.5063322860994792 vs. 2.5063322860994792
--------
nle(id0,id1,dist): 126 137 3.6257036177011446
list:
dist: 3.6257036177011446 vs. 3.6257036177011446
--------
nle(id0,id1,dist): 125 146 3.0186577989980194
list:
dist: 3.0186577989980194 vs. 3.0186577989980194
--------
nle(id0,id1,dist): 125 147 3.0240340110659965
list:
dist: 3.0240340110659965 vs. 3.0240340110659965
--------
nle(id0,id1,dist): 125 144 1.636732995351664
list:
dist: 1.636732995351664 vs. 1.636732995351664
--------
nle(id0,id1,dist): 125 145 2.325964104238228
list:
dist: 2.325964104238228 vs. 2.325964104238228
--------
nle(id0,id1,dist): 125 149 2.1055530678767327
list:
dist: 2.1055530678767327 vs. 2.1055530678767327
--------
nle(id0,id1,dist): 125 131 2.370961657691445
list:
dist: 2.370961657691445 vs. 2.370961657691445
--------
nle(id0,id1,dist): 125 130 1.9495031174794548
list:
dist: 1.9495031174794548 vs. 1.9495031174794548
--------
nle(id0,id1,dist): 125 128 2.066670015673268
list:
dist: 2.066670015673268 vs. 2.066670015673268
--------
nle(id0,id1,dist): 125 133 2.5087879780603037
list:
dist: 2.5087879780603037 vs. 2.5087879780603037
--------
nle(id0,id1,dist): 125 132 1.9783934331236002
list:
dist: 1.9783934331236002 vs. 1.9783934331236002
--------
nle(id0,id1,dist): 125 138 3.1685343070362024
list:
dist: 3.1685343070362024 vs. 3.1685343070362024
--------
nle(id0,id1,dist): 125 137 2.414342708956346
list:
dist: 2.414342708956346 vs. 2.414342708956346
--------
nle(id0,id1,dist): 125 136 1.5045354404496456
list:
dist: 1.5045354404496456 vs. 1.5045354404496456
--------
nle(id0,id1,dist): 125 142 2.449087070772181
list:
dist: 2.449087070772181 vs. 2.449087070772181
--------
nle(id0,id1,dist): 125 140 2.5978196884783533
list:
dist: 2.5978196884783533 vs. 2.5978196884783533
2. Check the NeighborList query for coordinates against the neighbor list for consistency
list:
dist: 4.025830072281283 vs. 4.025830072281283
list:
dist: 0.676102455129881 vs. 0.676102455129881
list:
dist: 1.6060736309909966 vs. 1.6060736309909966
list:
dist: 1.616034531558985 vs. 1.616034531558985
list:
dist: 1.5023230000705645 vs. 1.5023230000705645
list:
dist: 3.228942424429205 vs. 3.228942424429205
list:
dist: 3.309337295651493 vs. 3.309337295651493
list:
dist: 3.5035581992334164 vs. 3.5035581992334164
list:
dist: 3.8879369468767027 vs. 3.8879369468767027
list:
dist: 3.130620493308424 vs. 3.130620493308424
list:
dist: 2.8979651855682618 vs. 2.8979651855682618
list:
dist: 3.102274295477612 vs. 3.102274295477612
list:
dist: 2.4320795404784854 vs. 2.4320795404784854
list:
dist: 1.410802624373438 vs. 1.410802624373438
list:
dist: 1.037430414999022 vs. 1.037430414999022
list:
dist: 3.5692768453515917 vs. 3.5692768453515917
list:
dist: 2.873502883014705 vs. 2.873502883014705
list:
dist: 2.9135599688255724 vs. 2.9135599688255724
list:
dist: 2.7155005801188232 vs. 2.7155005801188232
list:
dist: 1.7849864356551226 vs. 1.7849864356551226
list:
dist: 2.8081143794783046 vs. 2.8081143794783046
list:
dist: 0.959602480803382 vs. 0.959602480803382
list:
dist: 0.7536868009669513 vs. 0.7536868009669513
list:
dist: 1.410802624373438 vs. 1.410802624373438
list:
dist: 1.9754345287404595 vs. 1.9754345287404595
list:
dist: 2.262654568587243 vs. 2.262654568587243
list:
dist: 2.1384558588809566 vs. 2.1384558588809566
list:
dist: 2.5504166391927954 vs. 2.5504166391927954
list:
dist: 2.4715732034868143 vs. 2.4715732034868143
list:
dist: 1.8116751324922722 vs. 1.8116751324922722
list:
dist: 2.4335663395810196 vs. 2.4335663395810196
list:
dist: 3.425216018208194 vs. 3.425216018208194
list:
dist: 1.459353823341708 vs. 1.459353823341708
list:
dist: 2.180991127596304 vs. 2.180991127596304
list:
dist: 1.7475484152073548 vs. 1.7475484152073548
list:
dist: 1.9155211777013141 vs. 1.9155211777013141
list:
dist: 1.9552829097673545 vs. 1.9552829097673545
list:
dist: 3.1816834162726066 vs. 3.1816834162726066
list:
dist: 3.8683461100438574 vs. 3.8683461100438574
list:
dist: 2.6193814825930968 vs. 2.6193814825930968
list:
dist: 2.7551759416038126 vs. 2.7551759416038126
list:
dist: 4.025830072281283 vs. 4.025830072281283
list:
dist: 2.271618330325211 vs. 2.271618330325211
list:
dist: 1.9110462640766164 vs. 1.9110462640766164
list:
dist: 2.8084154258492546 vs. 2.8084154258492546
list:
dist: 2.9032493350486304 vs. 2.9032493350486304
list:
dist: 1.3916318488982549 vs. 1.3916318488982549
list:
dist: 2.1358955093224052 vs. 2.1358955093224052
list:
dist: 0.9823971791661061 vs. 0.9823971791661061
list:
dist: 0.9823971791661061 vs. 0.9823971791661061
list:
dist: 1.6867040776743991 vs. 1.6867040776743991
list:
dist: 1.797753907234658 vs. 1.797753907234658
list:
dist: 3.102274295477612 vs. 3.102274295477612
list:
dist: 1.5945946802627642 vs. 1.5945946802627642
list:
dist: 1.2806709633651203 vs. 1.2806709633651203
list:
dist: 2.194260855976125 vs. 2.194260855976125
list:
dist: 2.4308002990113975 vs. 2.4308002990113975
list:
dist: 0.9858754278132792 vs. 0.9858754278132792
list:
dist: 1.445134937809194 vs. 1.445134937809194
list:
dist: 2.4335663395810196 vs. 2.4335663395810196
list:
dist: 3.4411178635323845 vs. 3.4411178635323845
list:
dist: 3.04543196067371 vs. 3.04543196067371
list:
dist: 3.714512143010478 vs. 3.714512143010478
list:
dist: 3.718462648403082 vs. 3.718462648403082
list:
dist: 3.7193976137024687 vs. 3.7193976137024687
list:
dist: 3.3713791576719787 vs. 3.3713791576719787
list:
dist: 2.190445987999891 vs. 2.190445987999891
list:
dist: 3.1182055370859914 vs. 3.1182055370859914
list:
dist: 3.901426552909638 vs. 3.901426552909638
list:
dist: 3.7933361881575722 vs. 3.7933361881575722
list:
dist: 2.4320795404784854 vs. 2.4320795404784854
list:
dist: 3.425216018208194 vs. 3.425216018208194
list:
dist: 2.266336944509568 vs. 2.266336944509568
list:
dist: 3.6676033681863163 vs. 3.6676033681863163
list:
dist: 1.7164525574794012 vs. 1.7164525574794012
list:
dist: 2.1739787241650683 vs. 2.1739787241650683
list:
dist: 2.019806790705541 vs. 2.019806790705541
list:
dist: 0.676102455129881 vs. 0.676102455129881
list:
dist: 2.190445987999891 vs. 2.190445987999891
list:
dist: 1.7849864356551226 vs. 1.7849864356551226
list:
dist: 1.4977795455645488 vs. 1.4977795455645488
list:
dist: 2.7551759416038126 vs. 2.7551759416038126
list:
dist: 2.019806790705541 vs. 2.019806790705541
list:
dist: 2.5329438143316323 vs. 2.5329438143316323
list:
dist: 0.23729811506541099 vs. 0.23729811506541099
list:
dist: 1.5023230000705645 vs. 1.5023230000705645
list:
dist: 1.8078204405429874 vs. 1.8078204405429874
list:
dist: 1.9786013405704945 vs. 1.9786013405704945
list:
dist: 2.1343693751716337 vs. 2.1343693751716337
list:
dist: 2.4907909520256726 vs. 2.4907909520256726
list:
dist: 1.8075437783903234 vs. 1.8075437783903234
list:
dist: 1.4242242269536327 vs. 1.4242242269536327
list:
dist: 1.797753907234658 vs. 1.797753907234658
list:
dist: 3.7933361881575722 vs. 3.7933361881575722
list:
dist: 0.7536868009669513 vs. 0.7536868009669513
list:
dist: 1.7005413018681572 vs. 1.7005413018681572
list:
dist: 2.442215598185738 vs. 2.442215598185738
list:
dist: 2.4127139967132303 vs. 2.4127139967132303
list:
dist: 2.377753756183267 vs. 2.377753756183267
list:
dist: 2.3084207451777785 vs. 2.3084207451777785
list:
dist: 1.7164525574794012 vs. 1.7164525574794012
list:
dist: 2.5483983178797347 vs. 2.5483983178797347
list:
dist: 2.5329438143316323 vs. 2.5329438143316323
list:
dist: 1.6060736309909966 vs. 1.6060736309909966
list:
dist: 3.1182055370859914 vs. 3.1182055370859914
list:
dist: 2.8081143794783046 vs. 2.8081143794783046
list:
dist: 2.4208203078288872 vs. 2.4208203078288872
list:
dist: 1.3916318488982549 vs. 1.3916318488982549
list:
dist: 1.6081092543540962 vs. 1.6081092543540962
list:
dist: 1.8075437783903234 vs. 1.8075437783903234
list:
dist: 3.130620493308424 vs. 3.130620493308424
list:
dist: 1.8731754177689024 vs. 1.8731754177689024
list:
dist: 1.9592511556708339 vs. 1.9592511556708339
list:
dist: 2.252646614825713 vs. 2.252646614825713
list:
dist: 2.2701035079583285 vs. 2.2701035079583285
list:
dist: 1.1135317901015922 vs. 1.1135317901015922
list:
dist: 0.9858754278132792 vs. 0.9858754278132792
list:
dist: 2.4715732034868143 vs. 2.4715732034868143
list:
dist: 3.1988112546727034 vs. 3.1988112546727034
list:
dist: 2.9256130725815646 vs. 2.9256130725815646
list:
dist: 3.723926591017954 vs. 3.723926591017954
list:
dist: 3.3762009588085484 vs. 3.3762009588085484
list:
dist: 3.258468697161166 vs. 3.258468697161166
list:
dist: 2.914158778058083 vs. 2.914158778058083
list:
dist: 1.4977795455645488 vs. 1.4977795455645488
list:
dist: 2.4208203078288872 vs. 2.4208203078288872
list:
dist: 1.7650214144084069 vs. 1.7650214144084069
list:
dist: 1.7005413018681572 vs. 1.7005413018681572
list:
dist: 1.037430414999022 vs. 1.037430414999022
list:
dist: 3.3204427278563307 vs. 3.3204427278563307
list:
dist: 3.628016088598849 vs. 3.628016088598849
list:
dist: 3.4127639488697246 vs. 3.4127639488697246
list:
dist: 3.6712434868975357 vs. 3.6712434868975357
list:
dist: 3.1988112546727034 vs. 3.1988112546727034
list:
dist: 2.8024299551136314 vs. 2.8024299551136314
list:
dist: 3.4411178635323845 vs. 3.4411178635323845
list:
dist: 2.266336944509568 vs. 2.266336944509568
list:
dist: 1.459353823341708 vs. 1.459353823341708
list:
dist: 3.2395128606759886 vs. 3.2395128606759886
list:
dist: 2.5537385733592273 vs. 2.5537385733592273
list:
dist: 2.198444439689774 vs. 2.198444439689774
list:
dist: 1.8599644341574093 vs. 1.8599644341574093
list:
dist: 2.901076373530534 vs. 2.901076373530534
list:
dist: 4.304381998925878 vs. 4.304381998925878
list:
dist: 2.1358955093224052 vs. 2.1358955093224052
list:
dist: 1.315413435919708 vs. 1.315413435919708
list:
dist: 1.4242242269536327 vs. 1.4242242269536327
list:
dist: 2.8979651855682618 vs. 2.8979651855682618
list:
dist: 1.0750265244773913 vs. 1.0750265244773913
list:
dist: 1.5735495750307313 vs. 1.5735495750307313
list:
dist: 1.251512781213152 vs. 1.251512781213152
list:
dist: 1.3219406423658056 vs. 1.3219406423658056
list:
dist: 1.1135317901015922 vs. 1.1135317901015922
list:
dist: 1.445134937809194 vs. 1.445134937809194
list:
dist: 1.8116751324922722 vs. 1.8116751324922722
list:
dist: 2.8024299551136314 vs. 2.8024299551136314
list:
dist: 1.8173886114430144 vs. 1.8173886114430144
list:
dist: 2.6973498866798007 vs. 2.6973498866798007
list:
dist: 2.417932171283083 vs. 2.417932171283083
list:
dist: 2.448969813240532 vs. 2.448969813240532
list:
dist: 1.97703297173493 vs. 1.97703297173493
list:
dist: 2.271618330325211 vs. 2.271618330325211
list:
dist: 1.8265620168905619 vs. 1.8265620168905619
list:
dist: 1.8078204405429874 vs. 1.8078204405429874
list:
dist: 3.228942424429205 vs. 3.228942424429205
list:
dist: 0.7892020196044595 vs. 0.7892020196044595
list:
dist: 0.676520115963895 vs. 0.676520115963895
list:
dist: 1.165156715150392 vs. 1.165156715150392
list:
dist: 1.8731754177689024 vs. 1.8731754177689024
list:
dist: 1.0750265244773913 vs. 1.0750265244773913
list:
dist: 1.5945946802627642 vs. 1.5945946802627642
list:
dist: 1.9754345287404595 vs. 1.9754345287404595
list:
dist: 3.3204427278563307 vs. 3.3204427278563307
list:
dist: 1.6034095719372978 vs. 1.6034095719372978
list:
dist: 2.492024193480248 vs. 2.492024193480248
list:
dist: 2.7263408943588496 vs. 2.7263408943588496
list:
dist: 2.9787592403837033 vs. 2.9787592403837033
list:
dist: 2.2652038720233727 vs. 2.2652038720233727
list:
dist: 2.4408318717797144 vs. 2.4408318717797144
list:
dist: 2.377753756183267 vs. 2.377753756183267
list:
dist: 2.9135599688255724 vs. 2.9135599688255724
list:
dist: 2.7263408943588496 vs. 2.7263408943588496
list:
dist: 3.4042617407934963 vs. 3.4042617407934963
list:
dist: 2.3594259541297085 vs. 2.3594259541297085
list:
dist: 2.414273276314203 vs. 2.414273276314203
list:
dist: 3.3762009588085484 vs. 3.3762009588085484
list:
dist: 2.417932171283083 vs. 2.417932171283083
list:
dist: 3.718462648403082 vs. 3.718462648403082
list:
dist: 1.9155211777013141 vs. 1.9155211777013141
list:
dist: 2.198444439689774 vs. 2.198444439689774
list:
dist: 1.6134283262837887 vs. 1.6134283262837887
list:
dist: 1.3286229296691012 vs. 1.3286229296691012
list:
dist: 0.63855733792681 vs. 0.63855733792681
list:
dist: 1.8330146892879633 vs. 1.8330146892879633
list:
dist: 1.6661961692466625 vs. 1.6661961692466625
list:
dist: 2.1446496557681534 vs. 2.1446496557681534
list:
dist: 2.5227767011840876 vs. 2.5227767011840876
list:
dist: 1.7843743826916667 vs. 1.7843743826916667
list:
dist: 2.5772727442542034 vs. 2.5772727442542034
list:
dist: 2.4127139967132303 vs. 2.4127139967132303
list:
dist: 2.873502883014705 vs. 2.873502883014705
list:
dist: 2.492024193480248 vs. 2.492024193480248
list:
dist: 3.026478734853821 vs. 3.026478734853821
list:
dist: 2.2012714005298797 vs. 2.2012714005298797
list:
dist: 2.5427882907226 vs. 2.5427882907226
list:
dist: 3.723926591017954 vs. 3.723926591017954
list:
dist: 2.6973498866798007 vs. 2.6973498866798007
list:
dist: 3.714512143010478 vs. 3.714512143010478
list:
dist: 1.7475484152073548 vs. 1.7475484152073548
list:
dist: 2.5537385733592273 vs. 2.5537385733592273
list:
dist: 1.5676110950941147 vs. 1.5676110950941147
list:
dist: 1.3286229296691012 vs. 1.3286229296691012
list:
dist: 1.8621260134572402 vs. 1.8621260134572402
list:
dist: 2.4949355448008426 vs. 2.4949355448008426
list:
dist: 2.199122145445513 vs. 2.199122145445513
list:
dist: 2.4538860374763645 vs. 2.4538860374763645
list:
dist: 3.4998660072510255 vs. 3.4998660072510255
list:
dist: 2.5285985224677074 vs. 2.5285985224677074
list:
dist: 2.8084154258492546 vs. 2.8084154258492546
list:
dist: 2.1588198766732454 vs. 2.1588198766732454
list:
dist: 2.1343693751716337 vs. 2.1343693751716337
list:
dist: 3.5035581992334164 vs. 3.5035581992334164
list:
dist: 0.676520115963895 vs. 0.676520115963895
list:
dist: 1.4352660364095333 vs. 1.4352660364095333
list:
dist: 0.6355977999777235 vs. 0.6355977999777235
list:
dist: 2.252646614825713 vs. 2.252646614825713
list:
dist: 1.251512781213152 vs. 1.251512781213152
list:
dist: 2.194260855976125 vs. 2.194260855976125
list:
dist: 2.1384558588809566 vs. 2.1384558588809566
list:
dist: 3.4127639488697246 vs. 3.4127639488697246
list:
dist: 0.9988580559242116 vs. 0.9988580559242116
list:
dist: 2.2012714005298797 vs. 2.2012714005298797
list:
dist: 2.3594259541297085 vs. 2.3594259541297085
list:
dist: 2.6956049712529415 vs. 2.6956049712529415
list:
dist: 1.6937556646790015 vs. 1.6937556646790015
list:
dist: 1.9110462640766164 vs. 1.9110462640766164
list:
dist: 2.004382274429984 vs. 2.004382274429984
list:
dist: 1.9786013405704945 vs. 1.9786013405704945
list:
dist: 3.309337295651493 vs. 3.309337295651493
list:
dist: 0.7892020196044595 vs. 0.7892020196044595
list:
dist: 1.4352660364095333 vs. 1.4352660364095333
list:
dist: 1.9004075111889358 vs. 1.9004075111889358
list:
dist: 1.9592511556708339 vs. 1.9592511556708339
list:
dist: 1.5735495750307313 vs. 1.5735495750307313
list:
dist: 1.2806709633651203 vs. 1.2806709633651203
list:
dist: 2.262654568587243 vs. 2.262654568587243
list:
dist: 3.628016088598849 vs. 3.628016088598849
list:
dist: 2.3567658977475188 vs. 2.3567658977475188
list:
dist: 3.026478734853821 vs. 3.026478734853821
list:
dist: 3.4042617407934963 vs. 3.4042617407934963
list:
dist: 3.6232045352677473 vs. 3.6232045352677473
list:
dist: 3.046178926836976 vs. 3.046178926836976
list:
dist: 2.9032493350486304 vs. 2.9032493350486304
list:
dist: 2.467117821842773 vs. 2.467117821842773
list:
dist: 2.4907909520256726 vs. 2.4907909520256726
list:
dist: 3.8879369468767027 vs. 3.8879369468767027
list:
dist: 1.165156715150392 vs. 1.165156715150392
list:
dist: 1.9004075111889358 vs. 1.9004075111889358
list:
dist: 0.6355977999777235 vs. 0.6355977999777235
list:
dist: 2.2701035079583285 vs. 2.2701035079583285
list:
dist: 1.3219406423658056 vs. 1.3219406423658056
list:
dist: 2.4308002990113975 vs. 2.4308002990113975
list:
dist: 2.5504166391927954 vs. 2.5504166391927954
list:
dist: 3.6712434868975357 vs. 3.6712434868975357
list:
dist: 1.0696801725743161 vs. 1.0696801725743161
list:
dist: 2.5427882907226 vs. 2.5427882907226
list:
dist: 2.414273276314203 vs. 2.414273276314203
list:
dist: 2.706903497672866 vs. 2.706903497672866
list:
dist: 1.2513523853327255 vs. 1.2513523853327255
list:
dist: 2.2652038720233727 vs. 2.2652038720233727
list:
dist: 3.046178926836976 vs. 3.046178926836976
list:
dist: 1.6937556646790015 vs. 1.6937556646790015
list:
dist: 1.2513523853327255 vs. 1.2513523853327255
list:
dist: 2.914158778058083 vs. 2.914158778058083
list:
dist: 1.97703297173493 vs. 1.97703297173493
list:
dist: 3.3713791576719787 vs. 3.3713791576719787
list:
dist: 1.1975998863579451 vs. 1.1975998863579451
list:
dist: 2.4949355448008426 vs. 2.4949355448008426
list:
dist: 1.8330146892879633 vs. 1.8330146892879633
list:
dist: 2.0776657934573133 vs. 2.0776657934573133
list:
dist: 2.3056800788011813 vs. 2.3056800788011813
list:
dist: 2.3501050162563644 vs. 2.3501050162563644
list:
dist: 1.281279044870376 vs. 1.281279044870376
list:
dist: 2.6193814825930968 vs. 2.6193814825930968
list:
dist: 2.1739787241650683 vs. 2.1739787241650683
list:
dist: 2.5483983178797347 vs. 2.5483983178797347
list:
dist: 0.23729811506541099 vs. 0.23729811506541099
list:
dist: 1.616034531558985 vs. 1.616034531558985
list:
dist: 1.8265620168905619 vs. 1.8265620168905619
list:
dist: 2.004382274429984 vs. 2.004382274429984
list:
dist: 2.1588198766732454 vs. 2.1588198766732454
list:
dist: 2.467117821842773 vs. 2.467117821842773
list:
dist: 1.6081092543540962 vs. 1.6081092543540962
list:
dist: 1.315413435919708 vs. 1.315413435919708
list:
dist: 1.6867040776743991 vs. 1.6867040776743991
list:
dist: 3.901426552909638 vs. 3.901426552909638
list:
dist: 0.959602480803382 vs. 0.959602480803382
list:
dist: 1.7650214144084069 vs. 1.7650214144084069
list:
dist: 2.4979171452736684 vs. 2.4979171452736684
list:
dist: 2.5772727442542034 vs. 2.5772727442542034
list:
dist: 2.4408318717797144 vs. 2.4408318717797144
list:
dist: 2.3311919372103156 vs. 2.3311919372103156
list:
dist: 2.4979171452736684 vs. 2.4979171452736684
list:
dist: 2.442215598185738 vs. 2.442215598185738
list:
dist: 3.5692768453515917 vs. 3.5692768453515917
list:
dist: 1.6034095719372978 vs. 1.6034095719372978
list:
dist: 2.3567658977475188 vs. 2.3567658977475188
list:
dist: 0.9988580559242116 vs. 0.9988580559242116
list:
dist: 1.0696801725743161 vs. 1.0696801725743161
list:
dist: 2.9256130725815646 vs. 2.9256130725815646
list:
dist: 1.8173886114430144 vs. 1.8173886114430144
list:
dist: 3.04543196067371 vs. 3.04543196067371
list:
dist: 2.180991127596304 vs. 2.180991127596304
list:
dist: 3.2395128606759886 vs. 3.2395128606759886
list:
dist: 1.5676110950941147 vs. 1.5676110950941147
list:
dist: 1.6134283262837887 vs. 1.6134283262837887
list:
dist: 2.090950194614368 vs. 2.090950194614368
list:
dist: 1.1975998863579451 vs. 1.1975998863579451
list:
dist: 3.073779579949654 vs. 3.073779579949654
list:
dist: 2.338762935905257 vs. 2.338762935905257
list:
dist: 3.0748124611351573 vs. 3.0748124611351573
list:
dist: 1.8371022668957553 vs. 1.8371022668957553
list:
dist: 1.8371022668957553 vs. 1.8371022668957553
list:
dist: 2.5285985224677074 vs. 2.5285985224677074
list:
dist: 1.7843743826916667 vs. 1.7843743826916667
list:
dist: 2.110678375613652 vs. 2.110678375613652
list:
dist: 1.281279044870376 vs. 1.281279044870376
list:
dist: 1.1787201302738095 vs. 1.1787201302738095
list:
dist: 1.2778541289980283 vs. 1.2778541289980283
list:
dist: 2.882977058212602 vs. 2.882977058212602
list:
dist: 2.9840709668039485 vs. 2.9840709668039485
list:
dist: 3.8683461100438574 vs. 3.8683461100438574
list:
dist: 4.304381998925878 vs. 4.304381998925878
list:
dist: 2.338762935905257 vs. 2.338762935905257
list:
dist: 2.4538860374763645 vs. 2.4538860374763645
list:
dist: 2.1446496557681534 vs. 2.1446496557681534
list:
dist: 2.6082357993275207 vs. 2.6082357993275207
list:
dist: 2.3056800788011813 vs. 2.3056800788011813
list:
dist: 2.2025849996504805 vs. 2.2025849996504805
list:
dist: 1.6899829111254125 vs. 1.6899829111254125
list:
dist: 1.1787201302738095 vs. 1.1787201302738095
list:
dist: 2.592678802696335 vs. 2.592678802696335
list:
dist: 2.6227899910219477 vs. 2.6227899910219477
list:
dist: 2.9840709668039485 vs. 2.9840709668039485
list:
dist: 3.6676033681863163 vs. 3.6676033681863163
list:
dist: 3.1816834162726066 vs. 3.1816834162726066
list:
dist: 2.901076373530534 vs. 2.901076373530534
list:
dist: 3.073779579949654 vs. 3.073779579949654
list:
dist: 2.199122145445513 vs. 2.199122145445513
list:
dist: 1.6661961692466625 vs. 1.6661961692466625
list:
dist: 1.7665827734594453 vs. 1.7665827734594453
list:
dist: 2.2025849996504805 vs. 2.2025849996504805
list:
dist: 2.9310140272299647 vs. 2.9310140272299647
list:
dist: 2.3311919372103156 vs. 2.3311919372103156
list:
dist: 2.3084207451777785 vs. 2.3084207451777785
list:
dist: 2.7155005801188232 vs. 2.7155005801188232
list:
dist: 2.9787592403837033 vs. 2.9787592403837033
list:
dist: 3.6232045352677473 vs. 3.6232045352677473
list:
dist: 2.6956049712529415 vs. 2.6956049712529415
list:
dist: 2.706903497672866 vs. 2.706903497672866
list:
dist: 3.258468697161166 vs. 3.258468697161166
list:
dist: 2.448969813240532 vs. 2.448969813240532
list:
dist: 3.7193976137024687 vs. 3.7193976137024687
list:
dist: 1.9552829097673545 vs. 1.9552829097673545
list:
dist: 1.8599644341574093 vs. 1.8599644341574093
list:
dist: 2.090950194614368 vs. 2.090950194614368
list:
dist: 1.8621260134572402 vs. 1.8621260134572402
list:
dist: 0.63855733792681 vs. 0.63855733792681
list:
dist: 2.0776657934573133 vs. 2.0776657934573133
list:
dist: 1.7665827734594453 vs. 1.7665827734594453
list:
dist: 2.6082357993275207 vs. 2.6082357993275207
list:
dist: 2.6156083780437256 vs. 2.6156083780437256
list:
dist: 2.110678375613652 vs. 2.110678375613652
list:
dist: 2.9310140272299647 vs. 2.9310140272299647
list:
dist: 2.592678802696335 vs. 2.592678802696335
list:
dist: 1.7816423579805902 vs. 1.7816423579805902
list:
dist: 2.882977058212602 vs. 2.882977058212602
list:
dist: 4.102607739658746 vs. 4.102607739658746
list:
dist: 3.0748124611351573 vs. 3.0748124611351573
list:
dist: 3.4998660072510255 vs. 3.4998660072510255
list:
dist: 2.5227767011840876 vs. 2.5227767011840876
list:
dist: 2.6156083780437256 vs. 2.6156083780437256
list:
dist: 2.3501050162563644 vs. 2.3501050162563644
list:
dist: 1.6899829111254125 vs. 1.6899829111254125
list:
dist: 1.2778541289980283 vs. 1.2778541289980283
list:
dist: 1.7816423579805902 vs. 1.7816423579805902
list:
dist: 2.6227899910219477 vs. 2.6227899910219477
list:
dist: 3.2191706554403665 vs. 3.2191706554403665
list:
dist: 2.4078102714503236 vs. 2.4078102714503236
list:
dist: 2.6672663394006415 vs. 2.6672663394006415
list:
dist: 1.6136912210879315 vs. 1.6136912210879315
list:
dist: 1.722235936854136 vs. 1.722235936854136
list:
dist: 2.428035394041731 vs. 2.428035394041731
list:
dist: 1.8568644462435022 vs. 1.8568644462435022
list:
dist: 1.6053745705324964 vs. 1.6053745705324964
list:
dist: 1.7183774002613488 vs. 1.7183774002613488
list:
dist: 1.3993859880222383 vs. 1.3993859880222383
list:
dist: 1.9534182113443743 vs. 1.9534182113443743
list:
dist: 2.5226607790897035 vs. 2.5226607790897035
list:
dist: 2.6141114085533164 vs. 2.6141114085533164
list:
dist: 2.3670420262017413 vs. 2.3670420262017413
list:
dist: 3.9189618485757967 vs. 3.9189618485757967
list:
dist: 2.243812476963011 vs. 2.243812476963011
list:
dist: 2.3399888116611907 vs. 2.3399888116611907
list:
dist: 3.1801198572960154 vs. 3.1801198572960154
list:
dist: 3.049651269984856 vs. 3.049651269984856
list:
dist: 2.7462147241547488 vs. 2.7462147241547488
list:
dist: 2.0938773650541203 vs. 2.0938773650541203
list:
dist: 1.3167103520784837 vs. 1.3167103520784837
list:
dist: 2.466745688955149 vs. 2.466745688955149
list:
dist: 1.1599948277142216 vs. 1.1599948277142216
list:
dist: 1.0499574982292272 vs. 1.0499574982292272
list:
dist: 2.492370306619573 vs. 2.492370306619573
list:
dist: 2.3226040905780607 vs. 2.3226040905780607
list:
dist: 1.9275353367545227 vs. 1.9275353367545227
list:
dist: 2.8954740053811925 vs. 2.8954740053811925
list:
dist: 4.182790076314861 vs. 4.182790076314861
list:
dist: 3.6987595024582482 vs. 3.6987595024582482
list:
dist: 3.324687295211279 vs. 3.324687295211279
list:
dist: 2.6672663394006415 vs. 2.6672663394006415
list:
dist: 2.6688556850933463 vs. 2.6688556850933463
list:
dist: 1.2862728710481068 vs. 1.2862728710481068
list:
dist: 2.1997333962453958 vs. 2.1997333962453958
list:
dist: 1.4452383353367177 vs. 1.4452383353367177
list:
dist: 3.906827663434628 vs. 3.906827663434628
list:
dist: 3.1825646738982862 vs. 3.1825646738982862
list:
dist: 2.8930135820634155 vs. 2.8930135820634155
list:
dist: 2.49640977940883 vs. 2.49640977940883
list:
dist: 2.532627118900271 vs. 2.532627118900271
list:
dist: 3.2046573187476057 vs. 3.2046573187476057
list:
dist: 3.668006840493748 vs. 3.668006840493748
list:
dist: 4.229104691159747 vs. 4.229104691159747
list:
dist: 1.2152546788771177 vs. 1.2152546788771177
list:
dist: 1.1599948277142216 vs. 1.1599948277142216
list:
dist: 2.709136966000963 vs. 2.709136966000963
list:
dist: 2.602439483245752 vs. 2.602439483245752
list:
dist: 2.3094962999138695 vs. 2.3094962999138695
list:
dist: 2.988030095398309 vs. 2.988030095398309
list:
dist: 4.815439321832022 vs. 4.815439321832022
list:
dist: 3.739386060283942 vs. 3.739386060283942
list:
dist: 3.507800275474917 vs. 3.507800275474917
list:
dist: 3.2191706554403665 vs. 3.2191706554403665
list:
dist: 2.709136966000963 vs. 2.709136966000963
list:
dist: 1.650934463198345 vs. 1.650934463198345
list:
dist: 2.492370306619573 vs. 2.492370306619573
list:
dist: 2.655308320630078 vs. 2.655308320630078
list:
dist: 3.1964207006090857 vs. 3.1964207006090857
list:
dist: 2.7471316852433314 vs. 2.7471316852433314
list:
dist: 2.920093862852207 vs. 2.920093862852207
list:
dist: 1.8450020080910432 vs. 1.8450020080910432
list:
dist: 1.1350450075536203 vs. 1.1350450075536203
list:
dist: 1.6136912210879315 vs. 1.6136912210879315
list:
dist: 2.005582047203322 vs. 2.005582047203322
list:
dist: 1.4265667152397274 vs. 1.4265667152397274
list:
dist: 2.4107966823455875 vs. 2.4107966823455875
list:
dist: 1.0379270812158057 vs. 1.0379270812158057
list:
dist: 1.9292296142079943 vs. 1.9292296142079943
list:
dist: 1.4165237720882131 vs. 1.4165237720882131
list:
dist: 1.804687636876864 vs. 1.804687636876864
list:
dist: 1.3167103520784837 vs. 1.3167103520784837
list:
dist: 2.7805523751742527 vs. 2.7805523751742527
list:
dist: 1.6529290705379334 vs. 1.6529290705379334
list:
dist: 1.4067773303472018 vs. 1.4067773303472018
list:
dist: 1.6926281114808908 vs. 1.6926281114808908
list:
dist: 2.674129790273303 vs. 2.674129790273303
list:
dist: 1.1181163588978753 vs. 1.1181163588978753
list:
dist: 1.350931762164773 vs. 1.350931762164773
list:
dist: 1.9103564769740804 vs. 1.9103564769740804
list:
dist: 1.8587761414417174 vs. 1.8587761414417174
list:
dist: 1.5124571171167858 vs. 1.5124571171167858
list:
dist: 1.6693895399889025 vs. 1.6693895399889025
list:
dist: 2.16727800270937 vs. 2.16727800270937
list:
dist: 2.9355705362520657 vs. 2.9355705362520657
list:
dist: 3.6427772125742157 vs. 3.6427772125742157
list:
dist: 4.246890387940428 vs. 4.246890387940428
list:
dist: 2.005582047203322 vs. 2.005582047203322
list:
dist: 1.8884016109460635 vs. 1.8884016109460635
list:
dist: 2.1918375018996614 vs. 2.1918375018996614
list:
dist: 1.5593128492666561 vs. 1.5593128492666561
list:
dist: 1.9534182113443743 vs. 1.9534182113443743
list:
dist: 3.1005031805019025 vs. 3.1005031805019025
list:
dist: 3.431916360517321 vs. 3.431916360517321
list:
dist: 4.2837440871159345 vs. 4.2837440871159345
list:
dist: 3.926485601424148 vs. 3.926485601424148
list:
dist: 3.7406118066218825 vs. 3.7406118066218825
list:
dist: 2.1885317720747364 vs. 2.1885317720747364
list:
dist: 2.7805523751742527 vs. 2.7805523751742527
list:
dist: 2.501556995763223 vs. 2.501556995763223
list:
dist: 2.7761692692970446 vs. 2.7761692692970446
list:
dist: 3.6147036625079485 vs. 3.6147036625079485
list:
dist: 2.178969799684507 vs. 2.178969799684507
list:
dist: 3.051077140145066 vs. 3.051077140145066
list:
dist: 2.727370248302682 vs. 2.727370248302682
list:
dist: 3.4318549740617934 vs. 3.4318549740617934
list:
dist: 3.1801198572960154 vs. 3.1801198572960154
list:
dist: 4.2837440871159345 vs. 4.2837440871159345
list:
dist: 1.5982331326673227 vs. 1.5982331326673227
list:
dist: 1.4515075285823968 vs. 1.4515075285823968
list:
dist: 2.511638343684598 vs. 2.511638343684598
list:
dist: 1.8159998521909992 vs. 1.8159998521909992
list:
dist: 1.2200478986665984 vs. 1.2200478986665984
list:
dist: 1.1773439161726154 vs. 1.1773439161726154
list:
dist: 0.5542090636975519 vs. 0.5542090636975519
list:
dist: 1.2435567262512235 vs. 1.2435567262512235
list:
dist: 2.287458648735964 vs. 2.287458648735964
list:
dist: 1.9103564769740804 vs. 1.9103564769740804
list:
dist: 2.5185409917952377 vs. 2.5185409917952377
list:
dist: 1.341054724125164 vs. 1.341054724125164
list:
dist: 2.495578338753346 vs. 2.495578338753346
list:
dist: 2.5706839494636755 vs. 2.5706839494636755
list:
dist: 3.507800275474917 vs. 3.507800275474917
list:
dist: 2.625454144880938 vs. 2.625454144880938
list:
dist: 3.324687295211279 vs. 3.324687295211279
list:
dist: 1.1350450075536203 vs. 1.1350450075536203
list:
dist: 2.6126732984234247 vs. 2.6126732984234247
list:
dist: 3.426322728759272 vs. 3.426322728759272
list:
dist: 2.4502874511862767 vs. 2.4502874511862767
list:
dist: 2.253017275809874 vs. 2.253017275809874
list:
dist: 0.852713455907749 vs. 0.852713455907749
list:
dist: 1.3993859880222383 vs. 1.3993859880222383
list:
dist: 1.5593128492666561 vs. 1.5593128492666561
list:
dist: 3.4098258627313207 vs. 3.4098258627313207
list:
dist: 2.9341867858334973 vs. 2.9341867858334973
list:
dist: 3.0836369505692587 vs. 3.0836369505692587
list:
dist: 3.7764283731089603 vs. 3.7764283731089603
list:
dist: 2.2769877114631534 vs. 2.2769877114631534
list:
dist: 2.885412392004441 vs. 2.885412392004441
list:
dist: 3.4318549740617934 vs. 3.4318549740617934
list:
dist: 3.2020369910638107 vs. 3.2020369910638107
list:
dist: 2.5805293983415574 vs. 2.5805293983415574
list:
dist: 1.9684988895719204 vs. 1.9684988895719204
list:
dist: 1.804687636876864 vs. 1.804687636876864
list:
dist: 2.68024634220355 vs. 2.68024634220355
list:
dist: 2.930286832790186 vs. 2.930286832790186
list:
dist: 3.906827663434628 vs. 3.906827663434628
list:
dist: 4.396777112134003 vs. 4.396777112134003
list:
dist: 4.2017119565089684 vs. 4.2017119565089684
list:
dist: 4.792239854584873 vs. 4.792239854584873
list:
dist: 4.304489146978382 vs. 4.304489146978382
list:
dist: 5.349406122255397 vs. 5.349406122255397
list:
dist: 3.4518151207741745 vs. 3.4518151207741745
list:
dist: 3.739386060283942 vs. 3.739386060283942
list:
dist: 3.08332761656821 vs. 3.08332761656821
list:
dist: 3.6987595024582482 vs. 3.6987595024582482
list:
dist: 1.8450020080910432 vs. 1.8450020080910432
list:
dist: 2.476397660597958 vs. 2.476397660597958
list:
dist: 3.407970216438535 vs. 3.407970216438535
list:
dist: 2.091423811297841 vs. 2.091423811297841
list:
dist: 2.3715358621844986 vs. 2.3715358621844986
list:
dist: 0.852713455907749 vs. 0.852713455907749
list:
dist: 1.7183774002613488 vs. 1.7183774002613488
list:
dist: 2.1918375018996614 vs. 2.1918375018996614
list:
dist: 3.0194270842044637 vs. 3.0194270842044637
list:
dist: 2.316252469314769 vs. 2.316252469314769
list:
dist: 2.7666114522781737 vs. 2.7666114522781737
list:
dist: 2.97651653218706 vs. 2.97651653218706
list:
dist: 1.6071718482467354 vs. 1.6071718482467354
list:
dist: 2.4060393615146607 vs. 2.4060393615146607
list:
dist: 2.727370248302682 vs. 2.727370248302682
list:
dist: 2.51012154859257 vs. 2.51012154859257
list:
dist: 1.7714702454888211 vs. 1.7714702454888211
list:
dist: 1.6311643877535653 vs. 1.6311643877535653
list:
dist: 1.4165237720882131 vs. 1.4165237720882131
list:
dist: 2.4643499254157355 vs. 2.4643499254157355
list:
dist: 2.602439483245752 vs. 2.602439483245752
list:
dist: 2.5001515248735893 vs. 2.5001515248735893
list:
dist: 2.3226040905780607 vs. 2.3226040905780607
list:
dist: 2.655308320630078 vs. 2.655308320630078
list:
dist: 0.9970615663759316 vs. 0.9970615663759316
list:
dist: 0.7119784868762372 vs. 0.7119784868762372
list:
dist: 2.8840272989990123 vs. 2.8840272989990123
list:
dist: 2.476397660597958 vs. 2.476397660597958
list:
dist: 2.6126732984234247 vs. 2.6126732984234247
list:
dist: 1.722235936854136 vs. 1.722235936854136
list:
dist: 1.5968495583182647 vs. 1.5968495583182647
list:
dist: 1.9556934308458782 vs. 1.9556934308458782
list:
dist: 1.649570974212483 vs. 1.649570974212483
list:
dist: 0.7342210169735259 vs. 0.7342210169735259
list:
dist: 3.138120547677391 vs. 3.138120547677391
list:
dist: 2.4468321082219773 vs. 2.4468321082219773
list:
dist: 2.3761270164441397 vs. 2.3761270164441397
list:
dist: 2.7761692692970446 vs. 2.7761692692970446
list:
dist: 2.961184682658339 vs. 2.961184682658339
list:
dist: 2.490380167874544 vs. 2.490380167874544
list:
dist: 3.063248434567046 vs. 3.063248434567046
list:
dist: 1.4265667152397274 vs. 1.4265667152397274
list:
dist: 0.7342210169735259 vs. 0.7342210169735259
list:
dist: 1.2341737707251568 vs. 1.2341737707251568
list:
dist: 0.6910129010324465 vs. 0.6910129010324465
list:
dist: 3.3714498157771193 vs. 3.3714498157771193
list:
dist: 2.7666114522781737 vs. 2.7666114522781737
list:
dist: 3.0836369505692587 vs. 3.0836369505692587
list:
dist: 2.3670420262017413 vs. 2.3670420262017413
list:
dist: 1.0763590459022783 vs. 1.0763590459022783
list:
dist: 1.8923135843017433 vs. 1.8923135843017433
list:
dist: 1.236775697698372 vs. 1.236775697698372
list:
dist: 2.651610117433188 vs. 2.651610117433188
list:
dist: 2.4826410365661316 vs. 2.4826410365661316
list:
dist: 2.4176843879469767 vs. 2.4176843879469767
list:
dist: 2.511638343684598 vs. 2.511638343684598
list:
dist: 2.8192754702137353 vs. 2.8192754702137353
list:
dist: 2.3066377668098115 vs. 2.3066377668098115
list:
dist: 3.3397877249644576 vs. 3.3397877249644576
list:
dist: 1.6926281114808908 vs. 1.6926281114808908
list:
dist: 2.8235711751169044 vs. 2.8235711751169044
list:
dist: 2.881624096291854 vs. 2.881624096291854
list:
dist: 3.9006235474301576 vs. 3.9006235474301576
list:
dist: 1.2152546788771177 vs. 1.2152546788771177
list:
dist: 1.0499574982292272 vs. 1.0499574982292272
list:
dist: 1.650934463198345 vs. 1.650934463198345
list:
dist: 2.5001515248735893 vs. 2.5001515248735893
list:
dist: 2.5048252938183633 vs. 2.5048252938183633
list:
dist: 2.8815321931670095 vs. 2.8815321931670095
list:
dist: 3.984109910725872 vs. 3.984109910725872
list:
dist: 3.08332761656821 vs. 3.08332761656821
list:
dist: 2.625454144880938 vs. 2.625454144880938
list:
dist: 2.4078102714503236 vs. 2.4078102714503236
list:
dist: 2.988030095398309 vs. 2.988030095398309
list:
dist: 2.8815321931670095 vs. 2.8815321931670095
list:
dist: 2.8954740053811925 vs. 2.8954740053811925
list:
dist: 2.7471316852433314 vs. 2.7471316852433314
list:
dist: 0.7119784868762372 vs. 0.7119784868762372
list:
dist: 1.6363604829417195 vs. 1.6363604829417195
list:
dist: 2.840453102670566 vs. 2.840453102670566
list:
dist: 2.091423811297841 vs. 2.091423811297841
list:
dist: 2.4502874511862767 vs. 2.4502874511862767
list:
dist: 1.8568644462435022 vs. 1.8568644462435022
list:
dist: 1.7569036000789329 vs. 1.7569036000789329
list:
dist: 1.7506925089403393 vs. 1.7506925089403393
list:
dist: 0.9798162204756738 vs. 0.9798162204756738
list:
dist: 0.6910129010324465 vs. 0.6910129010324465
list:
dist: 2.4548504323550513 vs. 2.4548504323550513
list:
dist: 1.886667162579524 vs. 1.886667162579524
list:
dist: 1.9825251795275487 vs. 1.9825251795275487
list:
dist: 2.178969799684507 vs. 2.178969799684507
list:
dist: 2.379404111985303 vs. 2.379404111985303
list:
dist: 1.795768588396964 vs. 1.795768588396964
list:
dist: 2.6932094317152244 vs. 2.6932094317152244
list:
dist: 1.0379270812158057 vs. 1.0379270812158057
list:
dist: 2.3094962999138695 vs. 2.3094962999138695
list:
dist: 2.5048252938183633 vs. 2.5048252938183633
list:
dist: 1.9275353367545227 vs. 1.9275353367545227
list:
dist: 3.1964207006090857 vs. 3.1964207006090857
list:
dist: 0.9970615663759316 vs. 0.9970615663759316
list:
dist: 1.6363604829417195 vs. 1.6363604829417195
list:
dist: 3.6285052416281434 vs. 3.6285052416281434
list:
dist: 3.407970216438535 vs. 3.407970216438535
list:
dist: 3.426322728759272 vs. 3.426322728759272
list:
dist: 2.428035394041731 vs. 2.428035394041731
list:
dist: 1.3167182014919216 vs. 1.3167182014919216
list:
dist: 2.5815549644282956 vs. 2.5815549644282956
list:
dist: 2.4488108333207994 vs. 2.4488108333207994
list:
dist: 1.2341737707251568 vs. 1.2341737707251568
list:
dist: 3.8724329828276134 vs. 3.8724329828276134
list:
dist: 3.423872586602185 vs. 3.423872586602185
list:
dist: 3.2297782688314474 vs. 3.2297782688314474
list:
dist: 3.6147036625079485 vs. 3.6147036625079485
list:
dist: 3.860778891015792 vs. 3.860778891015792
list:
dist: 3.4281651924152112 vs. 3.4281651924152112
list:
dist: 4.011935699560579 vs. 4.011935699560579
list:
dist: 2.4107966823455875 vs. 2.4107966823455875
list:
dist: 1.5968495583182647 vs. 1.5968495583182647
list:
dist: 1.3167182014919216 vs. 1.3167182014919216
list:
dist: 1.7569036000789329 vs. 1.7569036000789329
list:
dist: 2.650831690046529 vs. 2.650831690046529
list:
dist: 2.06392490935764 vs. 2.06392490935764
list:
dist: 1.0763590459022783 vs. 1.0763590459022783
list:
dist: 3.1704476139360773 vs. 3.1704476139360773
list:
dist: 3.253764631668479 vs. 3.253764631668479
list:
dist: 2.8614316481690123 vs. 2.8614316481690123
list:
dist: 4.054230917420959 vs. 4.054230917420959
list:
dist: 3.063248434567046 vs. 3.063248434567046
list:
dist: 4.011935699560579 vs. 4.011935699560579
list:
dist: 2.6932094317152244 vs. 2.6932094317152244
list:
dist: 1.417456208357867 vs. 1.417456208357867
list:
dist: 1.6311643877535653 vs. 1.6311643877535653
list:
dist: 1.9684988895719204 vs. 1.9684988895719204
list:
dist: 2.0938773650541203 vs. 2.0938773650541203
list:
dist: 2.1885317720747364 vs. 2.1885317720747364
list:
dist: 2.548113444037232 vs. 2.548113444037232
list:
dist: 2.7186203535364357 vs. 2.7186203535364357
list:
dist: 3.3397877249644576 vs. 3.3397877249644576
list:
dist: 3.422048895911502 vs. 3.422048895911502
list:
dist: 1.2025028532723987 vs. 1.2025028532723987
list:
dist: 1.5999826783754754 vs. 1.5999826783754754
list:
dist: 2.287458648735964 vs. 2.287458648735964
list:
dist: 1.831863257483785 vs. 1.831863257483785
list:
dist: 2.0654580220806094 vs. 2.0654580220806094
list:
dist: 1.6693895399889025 vs. 1.6693895399889025
list:
dist: 0.8751501373192747 vs. 0.8751501373192747
list:
dist: 3.5887270790979016 vs. 3.5887270790979016
list:
dist: 4.660129645786308 vs. 4.660129645786308
list:
dist: 4.844357319128304 vs. 4.844357319128304
list:
dist: 2.3761270164441397 vs. 2.3761270164441397
list:
dist: 3.2297782688314474 vs. 3.2297782688314474
list:
dist: 1.9825251795275487 vs. 1.9825251795275487
list:
dist: 1.943297967478206 vs. 1.943297967478206
list:
dist: 2.4060393615146607 vs. 2.4060393615146607
list:
dist: 2.885412392004441 vs. 2.885412392004441
list:
dist: 2.3399888116611907 vs. 2.3399888116611907
list:
dist: 3.431916360517321 vs. 3.431916360517321
list:
dist: 1.0454977385304223 vs. 1.0454977385304223
list:
dist: 1.8011504688744406 vs. 1.8011504688744406
list:
dist: 2.4176843879469767 vs. 2.4176843879469767
list:
dist: 2.786990898495807 vs. 2.786990898495807
list:
dist: 1.01049574110757 vs. 1.01049574110757
list:
dist: 1.1773439161726154 vs. 1.1773439161726154
list:
dist: 1.0176552270508508 vs. 1.0176552270508508
list:
dist: 1.7397534686276 vs. 1.7397534686276
list:
dist: 1.5999826783754754 vs. 1.5999826783754754
list:
dist: 1.350931762164773 vs. 1.350931762164773
list:
dist: 1.6245960350468036 vs. 1.6245960350468036
list:
dist: 2.4416135069228058 vs. 2.4416135069228058
list:
dist: 3.435581721548177 vs. 3.435581721548177
list:
dist: 3.591847546741817 vs. 3.591847546741817
list:
dist: 2.4468321082219773 vs. 2.4468321082219773
list:
dist: 3.423872586602185 vs. 3.423872586602185
list:
dist: 1.886667162579524 vs. 1.886667162579524
list:
dist: 2.159855465262085 vs. 2.159855465262085
list:
dist: 1.6071718482467354 vs. 1.6071718482467354
list:
dist: 2.2769877114631534 vs. 2.2769877114631534
list:
dist: 2.243812476963011 vs. 2.243812476963011
list:
dist: 3.1005031805019025 vs. 3.1005031805019025
list:
dist: 1.856554006702681 vs. 1.856554006702681
list:
dist: 1.603817787814885 vs. 1.603817787814885
list:
dist: 2.4826410365661316 vs. 2.4826410365661316
list:
dist: 2.2803411548386765 vs. 2.2803411548386765
list:
dist: 1.01049574110757 vs. 1.01049574110757
list:
dist: 1.2200478986665984 vs. 1.2200478986665984
list:
dist: 0.9255809250269075 vs. 0.9255809250269075
list:
dist: 0.9656801256119393 vs. 0.9656801256119393
list:
dist: 1.2025028532723987 vs. 1.2025028532723987
list:
dist: 1.1181163588978753 vs. 1.1181163588978753
list:
dist: 1.7379479884666353 vs. 1.7379479884666353
list:
dist: 2.4439986168504686 vs. 2.4439986168504686
list:
dist: 3.4681221143720236 vs. 3.4681221143720236
list:
dist: 3.756713043812564 vs. 3.756713043812564
list:
dist: 1.1898220481301938 vs. 1.1898220481301938
list:
dist: 2.4643499254157355 vs. 2.4643499254157355
list:
dist: 2.68024634220355 vs. 2.68024634220355
list:
dist: 2.466745688955149 vs. 2.466745688955149
list:
dist: 2.501556995763223 vs. 2.501556995763223
list:
dist: 1.7379479884666353 vs. 1.7379479884666353
list:
dist: 1.6245960350468036 vs. 1.6245960350468036
list:
dist: 2.5185409917952377 vs. 2.5185409917952377
list:
dist: 2.050828148087806 vs. 2.050828148087806
list:
dist: 2.6899695767389638 vs. 2.6899695767389638
list:
dist: 0.8751501373192747 vs. 0.8751501373192747
list:
dist: 2.16727800270937 vs. 2.16727800270937
list:
dist: 4.054230917420959 vs. 4.054230917420959
list:
dist: 3.0951792503933713 vs. 3.0951792503933713
list:
dist: 3.9006235474301576 vs. 3.9006235474301576
list:
dist: 2.5377060459518113 vs. 2.5377060459518113
list:
dist: 3.756713043812564 vs. 3.756713043812564
list:
dist: 3.591847546741817 vs. 3.591847546741817
list:
dist: 2.5706839494636755 vs. 2.5706839494636755
list:
dist: 3.022011151629311 vs. 3.022011151629311
list:
dist: 3.331468804855495 vs. 3.331468804855495
list:
dist: 4.844357319128304 vs. 4.844357319128304
list:
dist: 4.246890387940428 vs. 4.246890387940428
list:
dist: 1.3703484762658094 vs. 1.3703484762658094
list:
dist: 1.4141001579488555 vs. 1.4141001579488555
list:
dist: 4.815439321832022 vs. 4.815439321832022
list:
dist: 3.984109910725872 vs. 3.984109910725872
list:
dist: 4.182790076314861 vs. 4.182790076314861
list:
dist: 2.920093862852207 vs. 2.920093862852207
list:
dist: 2.8840272989990123 vs. 2.8840272989990123
list:
dist: 3.6285052416281434 vs. 3.6285052416281434
list:
dist: 2.840453102670566 vs. 2.840453102670566
list:
dist: 2.3715358621844986 vs. 2.3715358621844986
list:
dist: 2.253017275809874 vs. 2.253017275809874
list:
dist: 1.6053745705324964 vs. 1.6053745705324964
list:
dist: 1.8884016109460635 vs. 1.8884016109460635
list:
dist: 2.474251711076975 vs. 2.474251711076975
list:
dist: 3.234408471979359 vs. 3.234408471979359
list:
dist: 3.3714498157771193 vs. 3.3714498157771193
list:
dist: 2.159855465262085 vs. 2.159855465262085
list:
dist: 1.943297967478206 vs. 1.943297967478206
list:
dist: 3.051077140145066 vs. 3.051077140145066
list:
dist: 2.7246445229523815 vs. 2.7246445229523815
list:
dist: 3.0569612880090298 vs. 3.0569612880090298
list:
dist: 1.417456208357867 vs. 1.417456208357867
list:
dist: 1.9292296142079943 vs. 1.9292296142079943
list:
dist: 1.1898220481301938 vs. 1.1898220481301938
list:
dist: 2.961184682658339 vs. 2.961184682658339
list:
dist: 3.860778891015792 vs. 3.860778891015792
list:
dist: 2.379404111985303 vs. 2.379404111985303
list:
dist: 2.7246445229523815 vs. 2.7246445229523815
list:
dist: 2.51012154859257 vs. 2.51012154859257
list:
dist: 3.2020369910638107 vs. 3.2020369910638107
list:
dist: 3.049651269984856 vs. 3.049651269984856
list:
dist: 3.926485601424148 vs. 3.926485601424148
list:
dist: 1.7822379508444124 vs. 1.7822379508444124
list:
dist: 1.7883435228698275 vs. 1.7883435228698275
list:
dist: 2.8192754702137353 vs. 2.8192754702137353
list:
dist: 2.138592483181633 vs. 2.138592483181633
list:
dist: 0.9255809250269075 vs. 0.9255809250269075
list:
dist: 1.0176552270508508 vs. 1.0176552270508508
list:
dist: 0.5542090636975519 vs. 0.5542090636975519
list:
dist: 1.2668342388668876 vs. 1.2668342388668876
list:
dist: 1.831863257483785 vs. 1.831863257483785
list:
dist: 1.8587761414417174 vs. 1.8587761414417174
list:
dist: 2.050828148087806 vs. 2.050828148087806
list:
dist: 1.8346680760217613 vs. 1.8346680760217613
list:
dist: 3.0321221234567344 vs. 3.0321221234567344
list:
dist: 3.022011151629311 vs. 3.022011151629311
list:
dist: 1.9556934308458782 vs. 1.9556934308458782
list:
dist: 2.5815549644282956 vs. 2.5815549644282956
list:
dist: 1.7506925089403393 vs. 1.7506925089403393
list:
dist: 2.474251711076975 vs. 2.474251711076975
list:
dist: 3.0194270842044637 vs. 3.0194270842044637
list:
dist: 3.4098258627313207 vs. 3.4098258627313207
list:
dist: 2.5226607790897035 vs. 2.5226607790897035
list:
dist: 2.650831690046529 vs. 2.650831690046529
list:
dist: 1.7098806999997485 vs. 1.7098806999997485
list:
dist: 1.8923135843017433 vs. 1.8923135843017433
list:
dist: 1.856554006702681 vs. 1.856554006702681
list:
dist: 1.0454977385304223 vs. 1.0454977385304223
list:
dist: 1.5982331326673227 vs. 1.5982331326673227
list:
dist: 1.7822379508444124 vs. 1.7822379508444124
list:
dist: 2.267529790728882 vs. 2.267529790728882
list:
dist: 2.548113444037232 vs. 2.548113444037232
list:
dist: 1.6529290705379334 vs. 1.6529290705379334
list:
dist: 2.423087636263288 vs. 2.423087636263288
list:
dist: 2.8614316481690123 vs. 2.8614316481690123
list:
dist: 2.279623181349691 vs. 2.279623181349691
list:
dist: 2.881624096291854 vs. 2.881624096291854
list:
dist: 1.8764289306405526 vs. 1.8764289306405526
list:
dist: 3.4681221143720236 vs. 3.4681221143720236
list:
dist: 3.435581721548177 vs. 3.435581721548177
list:
dist: 2.495578338753346 vs. 2.495578338753346
list:
dist: 3.0321221234567344 vs. 3.0321221234567344
list:
dist: 2.853387516151406 vs. 2.853387516151406
list:
dist: 4.660129645786308 vs. 4.660129645786308
list:
dist: 3.6427772125742157 vs. 3.6427772125742157
list:
dist: 1.2994355056182765 vs. 1.2994355056182765
list:
dist: 1.4141001579488555 vs. 1.4141001579488555
list:
dist: 2.490380167874544 vs. 2.490380167874544
list:
dist: 3.4281651924152112 vs. 3.4281651924152112
list:
dist: 1.795768588396964 vs. 1.795768588396964
list:
dist: 3.0569612880090298 vs. 3.0569612880090298
list:
dist: 1.7714702454888211 vs. 1.7714702454888211
list:
dist: 2.5805293983415574 vs. 2.5805293983415574
list:
dist: 2.7462147241547488 vs. 2.7462147241547488
list:
dist: 3.7406118066218825 vs. 3.7406118066218825
list:
dist: 2.267529790728882 vs. 2.267529790728882
list:
dist: 1.1745415732044804 vs. 1.1745415732044804
list:
dist: 2.3066377668098115 vs. 2.3066377668098115
list:
dist: 1.3761527007449232 vs. 1.3761527007449232
list:
dist: 0.9656801256119393 vs. 0.9656801256119393
list:
dist: 1.7397534686276 vs. 1.7397534686276
list:
dist: 1.2435567262512235 vs. 1.2435567262512235
list:
dist: 1.2668342388668876 vs. 1.2668342388668876
list:
dist: 2.0654580220806094 vs. 2.0654580220806094
list:
dist: 1.5124571171167858 vs. 1.5124571171167858
list:
dist: 2.6899695767389638 vs. 2.6899695767389638
list:
dist: 1.9695359301912216 vs. 1.9695359301912216
list:
dist: 2.853387516151406 vs. 2.853387516151406
list:
dist: 3.331468804855495 vs. 3.331468804855495
list:
dist: 3.253764631668479 vs. 3.253764631668479
list:
dist: 2.423087636263288 vs. 2.423087636263288
list:
dist: 1.8183604195235317 vs. 1.8183604195235317
list:
dist: 2.8235711751169044 vs. 2.8235711751169044
list:
dist: 1.4051490483288382 vs. 1.4051490483288382
list:
dist: 2.4439986168504686 vs. 2.4439986168504686
list:
dist: 2.4416135069228058 vs. 2.4416135069228058
list:
dist: 1.341054724125164 vs. 1.341054724125164
list:
dist: 1.8346680760217613 vs. 1.8346680760217613
list:
dist: 1.9695359301912216 vs. 1.9695359301912216
list:
dist: 3.5887270790979016 vs. 3.5887270790979016
list:
dist: 2.9355705362520657 vs. 2.9355705362520657
list:
dist: 1.2994355056182765 vs. 1.2994355056182765
list:
dist: 1.3703484762658094 vs. 1.3703484762658094
list:
dist: 3.138120547677391 vs. 3.138120547677391
list:
dist: 3.8724329828276134 vs. 3.8724329828276134
list:
dist: 2.4548504323550513 vs. 2.4548504323550513
list:
dist: 2.97651653218706 vs. 2.97651653218706
list:
dist: 3.7764283731089603 vs. 3.7764283731089603
list:
dist: 3.9189618485757967 vs. 3.9189618485757967
list:
dist: 3.1704476139360773 vs. 3.1704476139360773
list:
dist: 1.5525903927473508 vs. 1.5525903927473508
list:
dist: 2.651610117433188 vs. 2.651610117433188
list:
dist: 2.2803411548386765 vs. 2.2803411548386765
list:
dist: 2.786990898495807 vs. 2.786990898495807
list:
dist: 1.8159998521909992 vs. 1.8159998521909992
list:
dist: 2.138592483181633 vs. 2.138592483181633
list:
dist: 1.3761527007449232 vs. 1.3761527007449232
list:
dist: 3.422048895911502 vs. 3.422048895911502
list:
dist: 2.674129790273303 vs. 2.674129790273303
list:
dist: 1.4051490483288382 vs. 1.4051490483288382
list:
dist: 1.8764289306405526 vs. 1.8764289306405526
list:
dist: 2.5377060459518113 vs. 2.5377060459518113
list:
dist: 1.649570974212483 vs. 1.649570974212483
list:
dist: 2.4488108333207994 vs. 2.4488108333207994
list:
dist: 0.9798162204756738 vs. 0.9798162204756738
list:
dist: 3.234408471979359 vs. 3.234408471979359
list:
dist: 2.316252469314769 vs. 2.316252469314769
list:
dist: 2.9341867858334973 vs. 2.9341867858334973
list:
dist: 2.6141114085533164 vs. 2.6141114085533164
list:
dist: 2.06392490935764 vs. 2.06392490935764
list:
dist: 1.7098806999997485 vs. 1.7098806999997485
list:
dist: 1.236775697698372 vs. 1.236775697698372
list:
dist: 1.5525903927473508 vs. 1.5525903927473508
list:
dist: 1.603817787814885 vs. 1.603817787814885
list:
dist: 1.8011504688744406 vs. 1.8011504688744406
list:
dist: 1.4515075285823968 vs. 1.4515075285823968
list:
dist: 1.7883435228698275 vs. 1.7883435228698275
list:
dist: 1.1745415732044804 vs. 1.1745415732044804
list:
dist: 2.7186203535364357 vs. 2.7186203535364357
list:
dist: 1.4067773303472018 vs. 1.4067773303472018
list:
dist: 1.8183604195235317 vs. 1.8183604195235317
list:
dist: 2.279623181349691 vs. 2.279623181349691
list:
dist: 3.0951792503933713 vs. 3.0951792503933713
list:
dist: 2.1041168200510016 vs. 2.1041168200510016
list:
dist: 1.8821522659751617 vs. 1.8821522659751617
list:
dist: 3.1825646738982862 vs. 3.1825646738982862
list:
dist: 2.3464635308196704 vs. 2.3464635308196704
list:
dist: 3.0647699187862014 vs. 3.0647699187862014
list:
dist: 1.671261694481315 vs. 1.671261694481315
list:
dist: 0.7299812354752075 vs. 0.7299812354752075
list:
dist: 1.0258544404537426 vs. 1.0258544404537426
list:
dist: 0.5392881287875871 vs. 0.5392881287875871
list:
dist: 1.3147877112281903 vs. 1.3147877112281903
list:
dist: 2.284779387748716 vs. 2.284779387748716
list:
dist: 2.206547960317675 vs. 2.206547960317675
list:
dist: 1.0276437225508126 vs. 1.0276437225508126
list:
dist: 2.0548277726833666 vs. 2.0548277726833666
list:
dist: 2.73362696144122 vs. 2.73362696144122
list:
dist: 1.3950034770394297 vs. 1.3950034770394297
list:
dist: 2.5171778813046397 vs. 2.5171778813046397
list:
dist: 3.2028126897345395 vs. 3.2028126897345395
list:
dist: 2.6711033826638078 vs. 2.6711033826638078
list:
dist: 1.6837162194834647 vs. 1.6837162194834647
list:
dist: 3.090002574578994 vs. 3.090002574578994
list:
dist: 1.0276437225508126 vs. 1.0276437225508126
list:
dist: 2.307872874098186 vs. 2.307872874098186
list:
dist: 1.7230628098136753 vs. 1.7230628098136753
list:
dist: 1.9457995857008556 vs. 1.9457995857008556
list:
dist: 1.1149539004238564 vs. 1.1149539004238564
list:
dist: 1.412243850588291 vs. 1.412243850588291
list:
dist: 2.3439996452762193 vs. 2.3439996452762193
list:
dist: 1.201437123664299 vs. 1.201437123664299
list:
dist: 1.434380068534589 vs. 1.434380068534589
list:
dist: 1.7276144269286575 vs. 1.7276144269286575
list:
dist: 1.4236944331446997 vs. 1.4236944331446997
list:
dist: 1.5656754363459255 vs. 1.5656754363459255
list:
dist: 2.493172095106557 vs. 2.493172095106557
list:
dist: 1.7677516992911586 vs. 1.7677516992911586
list:
dist: 1.3347489745889236 vs. 1.3347489745889236
list:
dist: 3.6248584767176184 vs. 3.6248584767176184
list:
dist: 1.388911552212768 vs. 1.388911552212768
list:
dist: 1.2862728710481068 vs. 1.2862728710481068
list:
dist: 1.4254939870670948 vs. 1.4254939870670948
list:
dist: 3.3871580307382194 vs. 3.3871580307382194
list:
dist: 2.1041168200510016 vs. 2.1041168200510016
list:
dist: 2.4547082602118184 vs. 2.4547082602118184
list:
dist: 1.5422744580181063 vs. 1.5422744580181063
list:
dist: 1.7562436808332162 vs. 1.7562436808332162
list:
dist: 2.2473382398191566 vs. 2.2473382398191566
list:
dist: 2.8945168984643654 vs. 2.8945168984643654
list:
dist: 3.7153628356005104 vs. 3.7153628356005104
list:
dist: 1.7562436808332162 vs. 1.7562436808332162
list:
dist: 1.9842001341373139 vs. 1.9842001341373139
list:
dist: 2.532627118900271 vs. 2.532627118900271
list:
dist: 1.8057022443560806 vs. 1.8057022443560806
list:
dist: 4.304489146978382 vs. 4.304489146978382
list:
dist: 1.0258544404537426 vs. 1.0258544404537426
list:
dist: 1.0034306565716415 vs. 1.0034306565716415
list:
dist: 0.593315880670907 vs. 0.593315880670907
list:
dist: 1.0928214312738236 vs. 1.0928214312738236
list:
dist: 1.595257410691061 vs. 1.595257410691061
list:
dist: 2.073366409314031 vs. 2.073366409314031
list:
dist: 3.024823459309738 vs. 3.024823459309738
list:
dist: 1.9457995857008556 vs. 1.9457995857008556
list:
dist: 3.0786333416103906 vs. 3.0786333416103906
list:
dist: 3.6437188729395507 vs. 3.6437188729395507
list:
dist: 1.4778887148637374 vs. 1.4778887148637374
list:
dist: 3.231028804527727 vs. 3.231028804527727
list:
dist: 3.627436939193309 vs. 3.627436939193309
list:
dist: 3.3175060497709192 vs. 3.3175060497709192
list:
dist: 2.0965139239332093 vs. 2.0965139239332093
list:
dist: 2.8229521440013308 vs. 2.8229521440013308
list:
dist: 3.204025284775643 vs. 3.204025284775643
list:
dist: 3.63869868278486 vs. 3.63869868278486
list:
dist: 3.6256798531115138 vs. 3.6256798531115138
list:
dist: 3.6815917091002657 vs. 3.6815917091002657
list:
dist: 4.002381750565843 vs. 4.002381750565843
list:
dist: 3.7153628356005104 vs. 3.7153628356005104
list:
dist: 3.402819654657898 vs. 3.402819654657898
list:
dist: 4.229104691159747 vs. 4.229104691159747
list:
dist: 3.092667914366922 vs. 3.092667914366922
list:
dist: 2.284779387748716 vs. 2.284779387748716
list:
dist: 1.338230272944089 vs. 1.338230272944089
list:
dist: 2.314391367265649 vs. 2.314391367265649
list:
dist: 2.073366409314031 vs. 2.073366409314031
list:
dist: 1.9604377972489486 vs. 1.9604377972489486
list:
dist: 1.4074815871472355 vs. 1.4074815871472355
list:
dist: 2.769161143186468 vs. 2.769161143186468
list:
dist: 2.3439996452762193 vs. 2.3439996452762193
list:
dist: 3.739115143944748 vs. 3.739115143944748
list:
dist: 3.5199360811112994 vs. 3.5199360811112994
list:
dist: 1.4005642304623862 vs. 1.4005642304623862
list:
dist: 2.685918609782799 vs. 2.685918609782799
list:
dist: 2.128180764063755 vs. 2.128180764063755
list:
dist: 2.4178645180968203 vs. 2.4178645180968203
list:
dist: 1.3217718208902198 vs. 1.3217718208902198
list:
dist: 1.3721894484402122 vs. 1.3721894484402122
list:
dist: 1.6497729865629156 vs. 1.6497729865629156
list:
dist: 1.5840193919937036 vs. 1.5840193919937036
list:
dist: 1.7014379371828026 vs. 1.7014379371828026
list:
dist: 1.9084518415449876 vs. 1.9084518415449876
list:
dist: 2.1960209804231066 vs. 2.1960209804231066
list:
dist: 2.2473382398191566 vs. 2.2473382398191566
list:
dist: 1.7645795975414067 vs. 1.7645795975414067
list:
dist: 3.2046573187476057 vs. 3.2046573187476057
list:
dist: 2.152741623268839 vs. 2.152741623268839
list:
dist: 5.349406122255397 vs. 5.349406122255397
list:
dist: 0.5392881287875871 vs. 0.5392881287875871
list:
dist: 1.3997010026855563 vs. 1.3997010026855563
list:
dist: 0.7643336719660289 vs. 0.7643336719660289
list:
dist: 1.0928214312738236 vs. 1.0928214312738236
list:
dist: 0.8164770360834167 vs. 0.8164770360834167
list:
dist: 1.9604377972489486 vs. 1.9604377972489486
list:
dist: 2.247202871070618 vs. 2.247202871070618
list:
dist: 1.1149539004238564 vs. 1.1149539004238564
list:
dist: 2.2290627644763217 vs. 2.2290627644763217
list:
dist: 2.818034049201036 vs. 2.818034049201036
list:
dist: 1.4171563748983584 vs. 1.4171563748983584
list:
dist: 2.524790174107107 vs. 2.524790174107107
list:
dist: 2.9408689165322457 vs. 2.9408689165322457
list:
dist: 2.543338965457267 vs. 2.543338965457267
list:
dist: 1.3104630757703972 vs. 1.3104630757703972
list:
dist: 2.9626576863627703 vs. 2.9626576863627703
list:
dist: 3.3335064757923054 vs. 3.3335064757923054
list:
dist: 3.4922325320179395 vs. 3.4922325320179395
list:
dist: 3.274302206800602 vs. 3.274302206800602
list:
dist: 3.6172818642177833 vs. 3.6172818642177833
list:
dist: 3.468525703550312 vs. 3.468525703550312
list:
dist: 1.388911552212768 vs. 1.388911552212768
list:
dist: 2.1997333962453958 vs. 2.1997333962453958
list:
dist: 1.336839833883163 vs. 1.336839833883163
list:
dist: 2.935440029673723 vs. 2.935440029673723
list:
dist: 1.8821522659751617 vs. 1.8821522659751617
list:
dist: 2.3718203080968525 vs. 2.3718203080968525
list:
dist: 1.4674685846116142 vs. 1.4674685846116142
list:
dist: 1.9842001341373139 vs. 1.9842001341373139
list:
dist: 1.7645795975414067 vs. 1.7645795975414067
list:
dist: 2.232709085527728 vs. 2.232709085527728
list:
dist: 3.402819654657898 vs. 3.402819654657898
list:
dist: 3.3871580307382194 vs. 3.3871580307382194
list:
dist: 2.935440029673723 vs. 2.935440029673723
list:
dist: 3.0647699187862014 vs. 3.0647699187862014
list:
dist: 3.7269129172658917 vs. 3.7269129172658917
list:
dist: 3.090002574578994 vs. 3.090002574578994
list:
dist: 2.0451098389265865 vs. 2.0451098389265865
list:
dist: 3.5611430253667127 vs. 3.5611430253667127
list:
dist: 2.57215520743162 vs. 2.57215520743162
list:
dist: 1.4254939870670948 vs. 1.4254939870670948
list:
dist: 1.336839833883163 vs. 1.336839833883163
list:
dist: 1.4452383353367177 vs. 1.4452383353367177
list:
dist: 4.396777112134003 vs. 4.396777112134003
list:
dist: 2.3464635308196704 vs. 2.3464635308196704
list:
dist: 1.8484420330076539 vs. 1.8484420330076539
list:
dist: 1.6473589742838293 vs. 1.6473589742838293
list:
dist: 1.8057022443560806 vs. 1.8057022443560806
list:
dist: 2.152741623268839 vs. 2.152741623268839
list:
dist: 2.4166982955336698 vs. 2.4166982955336698
list:
dist: 3.092667914366922 vs. 3.092667914366922
list:
dist: 2.6688556850933463 vs. 2.6688556850933463
list:
dist: 2.57215520743162 vs. 2.57215520743162
list:
dist: 2.930286832790186 vs. 2.930286832790186
list:
dist: 1.6837162194834647 vs. 1.6837162194834647
list:
dist: 1.8084512783112798 vs. 1.8084512783112798
list:
dist: 2.009378634421062 vs. 2.009378634421062
list:
dist: 2.0965139239332093 vs. 2.0965139239332093
list:
dist: 1.3104630757703972 vs. 1.3104630757703972
list:
dist: 0.6938875603304687 vs. 0.6938875603304687
list:
dist: 1.3217718208902198 vs. 1.3217718208902198
list:
dist: 1.7668383688764508 vs. 1.7668383688764508
list:
dist: 1.3347489745889236 vs. 1.3347489745889236
list:
dist: 2.5602969173065566 vs. 2.5602969173065566
list:
dist: 2.4387837868837496 vs. 2.4387837868837496
list:
dist: 1.400306660202228 vs. 1.400306660202228
list:
dist: 1.8412021912036658 vs. 1.8412021912036658
list:
dist: 1.67586725257093 vs. 1.67586725257093
list:
dist: 1.5602908929150476 vs. 1.5602908929150476
list:
dist: 2.3595760677013033 vs. 2.3595760677013033
list:
dist: 2.6555826021087228 vs. 2.6555826021087228
list:
dist: 2.5027089317072915 vs. 2.5027089317072915
list:
dist: 2.115497370721904 vs. 2.115497370721904
list:
dist: 2.7058568722599556 vs. 2.7058568722599556
list:
dist: 2.201713348560716 vs. 2.201713348560716
list:
dist: 3.2203834000276683 vs. 3.2203834000276683
list:
dist: 2.4547082602118184 vs. 2.4547082602118184
list:
dist: 2.3718203080968525 vs. 2.3718203080968525
list:
dist: 2.8930135820634155 vs. 2.8930135820634155
list:
dist: 1.8484420330076539 vs. 1.8484420330076539
list:
dist: 4.2017119565089684 vs. 4.2017119565089684
list:
dist: 1.671261694481315 vs. 1.671261694481315
list:
dist: 1.3033713193929437 vs. 1.3033713193929437
list:
dist: 1.0034306565716415 vs. 1.0034306565716415
list:
dist: 1.3997010026855563 vs. 1.3997010026855563
list:
dist: 1.3260576976352032 vs. 1.3260576976352032
list:
dist: 1.338230272944089 vs. 1.338230272944089
list:
dist: 3.2202440291558188 vs. 3.2202440291558188
list:
dist: 2.307872874098186 vs. 2.307872874098186
list:
dist: 3.603065688510497 vs. 3.603065688510497
list:
dist: 3.9203824991853025 vs. 3.9203824991853025
list:
dist: 1.5495197792373447 vs. 1.5495197792373447
list:
dist: 3.3237535503475684 vs. 3.3237535503475684
list:
dist: 3.241138195557426 vs. 3.241138195557426
list:
dist: 3.2238748243643784 vs. 3.2238748243643784
list:
dist: 1.8084512783112798 vs. 1.8084512783112798
list:
dist: 2.3275211157307436 vs. 2.3275211157307436
list:
dist: 2.6677399264965826 vs. 2.6677399264965826
list:
dist: 2.831605134918644 vs. 2.831605134918644
list:
dist: 3.0305618945958748 vs. 3.0305618945958748
list:
dist: 3.1228990563732606 vs. 3.1228990563732606
list:
dist: 3.475130071799548 vs. 3.475130071799548
list:
dist: 1.5422744580181063 vs. 1.5422744580181063
list:
dist: 1.4674685846116142 vs. 1.4674685846116142
list:
dist: 2.49640977940883 vs. 2.49640977940883
list:
dist: 1.6473589742838293 vs. 1.6473589742838293
list:
dist: 4.792239854584873 vs. 4.792239854584873
list:
dist: 0.7299812354752075 vs. 0.7299812354752075
list:
dist: 1.3033713193929437 vs. 1.3033713193929437
list:
dist: 0.593315880670907 vs. 0.593315880670907
list:
dist: 0.7643336719660289 vs. 0.7643336719660289
list:
dist: 1.4390115333586266 vs. 1.4390115333586266
list:
dist: 2.314391367265649 vs. 2.314391367265649
list:
dist: 2.895013014945282 vs. 2.895013014945282
list:
dist: 1.7230628098136753 vs. 1.7230628098136753
list:
dist: 2.686091591250193 vs. 2.686091591250193
list:
dist: 3.445479332413129 vs. 3.445479332413129
list:
dist: 1.7289248778376252 vs. 1.7289248778376252
list:
dist: 3.174055310997209 vs. 3.174055310997209
list:
dist: 3.6347790485003926 vs. 3.6347790485003926
list:
dist: 3.252939194838271 vs. 3.252939194838271
list:
dist: 2.009378634421062 vs. 2.009378634421062
list:
dist: 3.2245321246443353 vs. 3.2245321246443353
list:
dist: 3.606404245653991 vs. 3.606404245653991
list:
dist: 3.8968751795492054 vs. 3.8968751795492054
list:
dist: 3.8142217288049376 vs. 3.8142217288049376
list:
dist: 4.010232347893751 vs. 4.010232347893751
list:
dist: 4.099982833878171 vs. 4.099982833878171
list:
dist: 2.831605134918644 vs. 2.831605134918644
list:
dist: 3.8968751795492054 vs. 3.8968751795492054
list:
dist: 3.63869868278486 vs. 3.63869868278486
list:
dist: 3.4922325320179395 vs. 3.4922325320179395
list:
dist: 2.824300583352087 vs. 2.824300583352087
list:
dist: 1.5840193919937036 vs. 1.5840193919937036
list:
dist: 2.5445610799678877 vs. 2.5445610799678877
list:
dist: 2.752918102769528 vs. 2.752918102769528
list:
dist: 3.3942676036378256 vs. 3.3942676036378256
list:
dist: 2.1689834264197145 vs. 2.1689834264197145
list:
dist: 2.9637298689113485 vs. 2.9637298689113485
list:
dist: 2.5027089317072915 vs. 2.5027089317072915
list:
dist: 1.5649696457979811 vs. 1.5649696457979811
list:
dist: 1.4462240862253357 vs. 1.4462240862253357
list:
dist: 1.060987610895851 vs. 1.060987610895851
list:
dist: 1.2226545480721724 vs. 1.2226545480721724
list:
dist: 1.6625884444063217 vs. 1.6625884444063217
list:
dist: 3.3688744088038174 vs. 3.3688744088038174
list:
dist: 3.2028126897345395 vs. 3.2028126897345395
list:
dist: 3.241138195557426 vs. 3.241138195557426
list:
dist: 3.6347790485003926 vs. 3.6347790485003926
list:
dist: 3.627436939193309 vs. 3.627436939193309
list:
dist: 2.9408689165322457 vs. 2.9408689165322457
list:
dist: 2.357179792298209 vs. 2.357179792298209
list:
dist: 2.128180764063755 vs. 2.128180764063755
list:
dist: 1.9426254246594306 vs. 1.9426254246594306
list:
dist: 2.493172095106557 vs. 2.493172095106557
list:
dist: 3.410572764418881 vs. 3.410572764418881
list:
dist: 2.452579495502854 vs. 2.452579495502854
list:
dist: 2.4281843109482595 vs. 2.4281843109482595
list:
dist: 1.633548449640632 vs. 1.633548449640632
list:
dist: 1.0249878207008727 vs. 1.0249878207008727
list:
dist: 1.67586725257093 vs. 1.67586725257093
list:
dist: 2.4516579920755586 vs. 2.4516579920755586
list:
dist: 2.5460470516867226 vs. 2.5460470516867226
list:
dist: 2.1689834264197145 vs. 2.1689834264197145
list:
dist: 1.2490455399760743 vs. 1.2490455399760743
list:
dist: 2.145877164521068 vs. 2.145877164521068
list:
dist: 0.7951039924620912 vs. 0.7951039924620912
list:
dist: 1.6555299845273956 vs. 1.6555299845273956
list:
dist: 2.6677399264965826 vs. 2.6677399264965826
list:
dist: 3.606404245653991 vs. 3.606404245653991
list:
dist: 3.204025284775643 vs. 3.204025284775643
list:
dist: 3.3335064757923054 vs. 3.3335064757923054
list:
dist: 2.9432916032109917 vs. 2.9432916032109917
list:
dist: 1.6497729865629156 vs. 1.6497729865629156
list:
dist: 2.447681598646458 vs. 2.447681598646458
list:
dist: 2.134820838266903 vs. 2.134820838266903
list:
dist: 3.111633910643159 vs. 3.111633910643159
list:
dist: 2.5460470516867226 vs. 2.5460470516867226
list:
dist: 2.9470383170726544 vs. 2.9470383170726544
list:
dist: 2.6555826021087228 vs. 2.6555826021087228
list:
dist: 0.3903300495942931 vs. 0.3903300495942931
list:
dist: 1.4462240862253357 vs. 1.4462240862253357
list:
dist: 1.5276847537412275 vs. 1.5276847537412275
list:
dist: 0.7239160735791663 vs. 0.7239160735791663
list:
dist: 2.2197726324645686 vs. 2.2197726324645686
list:
dist: 3.52861988629993 vs. 3.52861988629993
list:
dist: 3.7269129172658917 vs. 3.7269129172658917
list:
dist: 2.206547960317675 vs. 2.206547960317675
list:
dist: 3.2202440291558188 vs. 3.2202440291558188
list:
dist: 2.895013014945282 vs. 2.895013014945282
list:
dist: 3.024823459309738 vs. 3.024823459309738
list:
dist: 2.247202871070618 vs. 2.247202871070618
list:
dist: 2.2329545718288575 vs. 2.2329545718288575
list:
dist: 2.769161143186468 vs. 2.769161143186468
list:
dist: 1.201437123664299 vs. 1.201437123664299
list:
dist: 1.706774489032465 vs. 1.706774489032465
list:
dist: 0.7644116598821604 vs. 0.7644116598821604
list:
dist: 1.9853336694484442 vs. 1.9853336694484442
list:
dist: 0.49211964445912215 vs. 0.49211964445912215
list:
dist: 1.9426254246594306 vs. 1.9426254246594306
list:
dist: 0.9385678371367321 vs. 0.9385678371367321
list:
dist: 1.7668383688764508 vs. 1.7668383688764508
list:
dist: 2.6054557500546505 vs. 2.6054557500546505
list:
dist: 2.8945168984643654 vs. 2.8945168984643654
list:
dist: 2.232709085527728 vs. 2.232709085527728
list:
dist: 3.668006840493748 vs. 3.668006840493748
list:
dist: 2.4166982955336698 vs. 2.4166982955336698
list:
dist: 1.3147877112281903 vs. 1.3147877112281903
list:
dist: 1.3260576976352032 vs. 1.3260576976352032
list:
dist: 1.4390115333586266 vs. 1.4390115333586266
list:
dist: 1.595257410691061 vs. 1.595257410691061
list:
dist: 0.8164770360834167 vs. 0.8164770360834167
list:
dist: 1.4074815871472355 vs. 1.4074815871472355
list:
dist: 2.2329545718288575 vs. 2.2329545718288575
list:
dist: 1.412243850588291 vs. 1.412243850588291
list:
dist: 2.6149202251483756 vs. 2.6149202251483756
list:
dist: 2.8697811739822834 vs. 2.8697811739822834
list:
dist: 1.4651437822470585 vs. 1.4651437822470585
list:
dist: 2.4006019693414484 vs. 2.4006019693414484
list:
dist: 2.357179792298209 vs. 2.357179792298209
list:
dist: 2.213017943023167 vs. 2.213017943023167
list:
dist: 0.6938875603304687 vs. 0.6938875603304687
list:
dist: 2.6131908220634323 vs. 2.6131908220634323
list:
dist: 2.9432916032109917 vs. 2.9432916032109917
list:
dist: 2.824300583352087 vs. 2.824300583352087
list:
dist: 2.6506012471663984 vs. 2.6506012471663984
list:
dist: 3.129327662550771 vs. 3.129327662550771
list:
dist: 2.827957266130957 vs. 2.827957266130957
list:
dist: 2.3275211157307436 vs. 2.3275211157307436
list:
dist: 3.2245321246443353 vs. 3.2245321246443353
list:
dist: 2.8229521440013308 vs. 2.8229521440013308
list:
dist: 2.9626576863627703 vs. 2.9626576863627703
list:
dist: 2.6131908220634323 vs. 2.6131908220634323
list:
dist: 1.3721894484402122 vs. 1.3721894484402122
list:
dist: 2.481709675291937 vs. 2.481709675291937
list:
dist: 1.7544086169492155 vs. 1.7544086169492155
list:
dist: 2.8857621209515836 vs. 2.8857621209515836
list:
dist: 2.4516579920755586 vs. 2.4516579920755586
list:
dist: 2.7536464374304854 vs. 2.7536464374304854
list:
dist: 2.3595760677013033 vs. 2.3595760677013033
list:
dist: 0.3903300495942931 vs. 0.3903300495942931
list:
dist: 1.5649696457979811 vs. 1.5649696457979811
list:
dist: 1.5765070129367131 vs. 1.5765070129367131
list:
dist: 0.9817660873627121 vs. 0.9817660873627121
list:
dist: 2.2456270522960016 vs. 2.2456270522960016
list:
dist: 3.540291251107723 vs. 3.540291251107723
list:
dist: 1.3950034770394297 vs. 1.3950034770394297
list:
dist: 1.5495197792373447 vs. 1.5495197792373447
list:
dist: 1.7289248778376252 vs. 1.7289248778376252
list:
dist: 1.4778887148637374 vs. 1.4778887148637374
list:
dist: 1.4171563748983584 vs. 1.4171563748983584
list:
dist: 1.4651437822470585 vs. 1.4651437822470585
list:
dist: 1.4005642304623862 vs. 1.4005642304623862
list:
dist: 1.9853336694484442 vs. 1.9853336694484442
list:
dist: 1.4236944331446997 vs. 1.4236944331446997
list:
dist: 2.8276422762864786 vs. 2.8276422762864786
list:
dist: 2.7153328068638487 vs. 2.7153328068638487
list:
dist: 2.0139771950332634 vs. 2.0139771950332634
list:
dist: 2.4281843109482595 vs. 2.4281843109482595
list:
dist: 2.1127289564633824 vs. 2.1127289564633824
list:
dist: 1.400306660202228 vs. 1.400306660202228
list:
dist: 1.7544086169492155 vs. 1.7544086169492155
list:
dist: 2.134820838266903 vs. 2.134820838266903
list:
dist: 2.752918102769528 vs. 2.752918102769528
list:
dist: 2.4280832587023538 vs. 2.4280832587023538
list:
dist: 2.4750791385323727 vs. 2.4750791385323727
list:
dist: 2.7762202602410215 vs. 2.7762202602410215
list:
dist: 3.6922415316705703 vs. 3.6922415316705703
list:
dist: 3.5611430253667127 vs. 3.5611430253667127
list:
dist: 2.73362696144122 vs. 2.73362696144122
list:
dist: 3.9203824991853025 vs. 3.9203824991853025
list:
dist: 3.445479332413129 vs. 3.445479332413129
list:
dist: 3.6437188729395507 vs. 3.6437188729395507
list:
dist: 2.818034049201036 vs. 2.818034049201036
list:
dist: 2.8697811739822834 vs. 2.8697811739822834
list:
dist: 3.5199360811112994 vs. 3.5199360811112994
list:
dist: 0.7644116598821604 vs. 0.7644116598821604
list:
dist: 1.7276144269286575 vs. 1.7276144269286575
list:
dist: 1.5547029920507367 vs. 1.5547029920507367
list:
dist: 2.7153328068638487 vs. 2.7153328068638487
list:
dist: 1.0300377754419794 vs. 1.0300377754419794
list:
dist: 2.452579495502854 vs. 2.452579495502854
list:
dist: 1.4454710844539294 vs. 1.4454710844539294
list:
dist: 2.4387837868837496 vs. 2.4387837868837496
list:
dist: 2.7434614815256544 vs. 2.7434614815256544
list:
dist: 3.1228990563732606 vs. 3.1228990563732606
list:
dist: 4.010232347893751 vs. 4.010232347893751
list:
dist: 3.6815917091002657 vs. 3.6815917091002657
list:
dist: 3.6172818642177833 vs. 3.6172818642177833
list:
dist: 3.129327662550771 vs. 3.129327662550771
list:
dist: 1.9084518415449876 vs. 1.9084518415449876
list:
dist: 2.9437431737298163 vs. 2.9437431737298163
list:
dist: 2.4750791385323727 vs. 2.4750791385323727
list:
dist: 2.964470303003972 vs. 2.964470303003972
list:
dist: 2.145877164521068 vs. 2.145877164521068
list:
dist: 2.709532634798867 vs. 2.709532634798867
list:
dist: 2.7058568722599556 vs. 2.7058568722599556
list:
dist: 0.9817660873627121 vs. 0.9817660873627121
list:
dist: 0.7239160735791663 vs. 0.7239160735791663
list:
dist: 1.2226545480721724 vs. 1.2226545480721724
list:
dist: 1.0229190977315104 vs. 1.0229190977315104
list:
dist: 1.6649575895995468 vs. 1.6649575895995468
list:
dist: 2.9582683727581656 vs. 2.9582683727581656
list:
dist: 3.0305618945958748 vs. 3.0305618945958748
list:
dist: 3.8142217288049376 vs. 3.8142217288049376
list:
dist: 3.6256798531115138 vs. 3.6256798531115138
list:
dist: 3.274302206800602 vs. 3.274302206800602
list:
dist: 2.6506012471663984 vs. 2.6506012471663984
list:
dist: 1.7014379371828026 vs. 1.7014379371828026
list:
dist: 3.4287414471789357 vs. 3.4287414471789357
list:
dist: 2.4280832587023538 vs. 2.4280832587023538
list:
dist: 2.4918112405819235 vs. 2.4918112405819235
list:
dist: 1.2490455399760743 vs. 1.2490455399760743
list:
dist: 2.0516370631579406 vs. 2.0516370631579406
list:
dist: 2.115497370721904 vs. 2.115497370721904
list:
dist: 1.5765070129367131 vs. 1.5765070129367131
list:
dist: 1.5276847537412275 vs. 1.5276847537412275
list:
dist: 1.060987610895851 vs. 1.060987610895851
list:
dist: 1.0229190977315104 vs. 1.0229190977315104
list:
dist: 0.7261017490224975 vs. 0.7261017490224975
list:
dist: 2.346468428640203 vs. 2.346468428640203
list:
dist: 3.475130071799548 vs. 3.475130071799548
list:
dist: 4.099982833878171 vs. 4.099982833878171
list:
dist: 4.002381750565843 vs. 4.002381750565843
list:
dist: 3.468525703550312 vs. 3.468525703550312
list:
dist: 2.827957266130957 vs. 2.827957266130957
list:
dist: 2.1960209804231066 vs. 2.1960209804231066
list:
dist: 4.12343122463634 vs. 4.12343122463634
list:
dist: 2.7762202602410215 vs. 2.7762202602410215
list:
dist: 2.2929349705158937 vs. 2.2929349705158937
list:
dist: 0.7951039924620912 vs. 0.7951039924620912
list:
dist: 1.756583670907941 vs. 1.756583670907941
list:
dist: 2.201713348560716 vs. 2.201713348560716
list:
dist: 2.2456270522960016 vs. 2.2456270522960016
list:
dist: 2.2197726324645686 vs. 2.2197726324645686
list:
dist: 1.6625884444063217 vs. 1.6625884444063217
list:
dist: 0.7261017490224975 vs. 0.7261017490224975
list:
dist: 1.6649575895995468 vs. 1.6649575895995468
list:
dist: 1.746286043766621 vs. 1.746286043766621
list:
dist: 3.4518151207741745 vs. 3.4518151207741745
list:
dist: 2.481709675291937 vs. 2.481709675291937
list:
dist: 2.447681598646458 vs. 2.447681598646458
list:
dist: 2.5445610799678877 vs. 2.5445610799678877
list:
dist: 3.4287414471789357 vs. 3.4287414471789357
list:
dist: 2.9437431737298163 vs. 2.9437431737298163
list:
dist: 4.12343122463634 vs. 4.12343122463634
list:
dist: 2.0451098389265865 vs. 2.0451098389265865
list:
dist: 2.0548277726833666 vs. 2.0548277726833666
list:
dist: 3.603065688510497 vs. 3.603065688510497
list:
dist: 2.686091591250193 vs. 2.686091591250193
list:
dist: 3.0786333416103906 vs. 3.0786333416103906
list:
dist: 2.2290627644763217 vs. 2.2290627644763217
list:
dist: 2.6149202251483756 vs. 2.6149202251483756
list:
dist: 3.739115143944748 vs. 3.739115143944748
list:
dist: 1.706774489032465 vs. 1.706774489032465
list:
dist: 1.434380068534589 vs. 1.434380068534589
list:
dist: 1.5547029920507367 vs. 1.5547029920507367
list:
dist: 2.8276422762864786 vs. 2.8276422762864786
list:
dist: 2.1965667188085276 vs. 2.1965667188085276
list:
dist: 3.410572764418881 vs. 3.410572764418881
list:
dist: 2.5064148300757014 vs. 2.5064148300757014
list:
dist: 2.5602969173065566 vs. 2.5602969173065566
list:
dist: 4.1648515245865605 vs. 4.1648515245865605
list:
dist: 2.5171778813046397 vs. 2.5171778813046397
list:
dist: 3.3237535503475684 vs. 3.3237535503475684
list:
dist: 3.174055310997209 vs. 3.174055310997209
list:
dist: 3.231028804527727 vs. 3.231028804527727
list:
dist: 2.524790174107107 vs. 2.524790174107107
list:
dist: 2.4006019693414484 vs. 2.4006019693414484
list:
dist: 2.685918609782799 vs. 2.685918609782799
list:
dist: 0.49211964445912215 vs. 0.49211964445912215
list:
dist: 1.5656754363459255 vs. 1.5656754363459255
list:
dist: 2.1965667188085276 vs. 2.1965667188085276
list:
dist: 1.0300377754419794 vs. 1.0300377754419794
list:
dist: 2.0139771950332634 vs. 2.0139771950332634
list:
dist: 1.633548449640632 vs. 1.633548449640632
list:
dist: 0.6547516956717505 vs. 0.6547516956717505
list:
dist: 1.8412021912036658 vs. 1.8412021912036658
list:
dist: 2.8857621209515836 vs. 2.8857621209515836
list:
dist: 3.111633910643159 vs. 3.111633910643159
list:
dist: 3.3942676036378256 vs. 3.3942676036378256
list:
dist: 2.4918112405819235 vs. 2.4918112405819235
list:
dist: 2.964470303003972 vs. 2.964470303003972
list:
dist: 2.2929349705158937 vs. 2.2929349705158937
list:
dist: 2.1798922579912254 vs. 2.1798922579912254
list:
dist: 2.6711033826638078 vs. 2.6711033826638078
list:
dist: 3.2238748243643784 vs. 3.2238748243643784
list:
dist: 3.252939194838271 vs. 3.252939194838271
list:
dist: 3.3175060497709192 vs. 3.3175060497709192
list:
dist: 2.543338965457267 vs. 2.543338965457267
list:
dist: 2.213017943023167 vs. 2.213017943023167
list:
dist: 2.4178645180968203 vs. 2.4178645180968203
list:
dist: 0.9385678371367321 vs. 0.9385678371367321
list:
dist: 1.7677516992911586 vs. 1.7677516992911586
list:
dist: 2.5064148300757014 vs. 2.5064148300757014
list:
dist: 1.4454710844539294 vs. 1.4454710844539294
list:
dist: 2.1127289564633824 vs. 2.1127289564633824
list:
dist: 0.6547516956717505 vs. 0.6547516956717505
list:
dist: 1.0249878207008727 vs. 1.0249878207008727
list:
dist: 1.5602908929150476 vs. 1.5602908929150476
list:
dist: 2.7536464374304854 vs. 2.7536464374304854
list:
dist: 2.9470383170726544 vs. 2.9470383170726544
list:
dist: 2.9637298689113485 vs. 2.9637298689113485
list:
dist: 2.0516370631579406 vs. 2.0516370631579406
list:
dist: 2.709532634798867 vs. 2.709532634798867
list:
dist: 1.756583670907941 vs. 1.756583670907941
list:
dist: 1.867610692724643 vs. 1.867610692724643
list:
dist: 0.7997240841989021 vs. 0.7997240841989021
list:
dist: 1.8870307135509472 vs. 1.8870307135509472
list:
dist: 2.2347763241262837 vs. 2.2347763241262837
list:
dist: 2.6544865251347693 vs. 2.6544865251347693
list:
dist: 2.2656662244143853 vs. 2.2656662244143853
list:
dist: 1.097062456347649 vs. 1.097062456347649
list:
dist: 1.0289612432749833 vs. 1.0289612432749833
list:
dist: 1.943745827540668 vs. 1.943745827540668
list:
dist: 2.153577861997532 vs. 2.153577861997532
list:
dist: 3.164853202259286 vs. 3.164853202259286
list:
dist: 2.4988237252206558 vs. 2.4988237252206558
list:
dist: 2.890107943050121 vs. 2.890107943050121
list:
dist: 1.43736159005865 vs. 1.43736159005865
list:
dist: 2.135896503155568 vs. 2.135896503155568
list:
dist: 3.5975069785461753 vs. 3.5975069785461753
list:
dist: 2.135896503155568 vs. 2.135896503155568
list:
dist: 2.122722153771829 vs. 2.122722153771829
list:
dist: 3.6016684274597592 vs. 3.6016684274597592
list:
dist: 1.3199125157261296 vs. 1.3199125157261296
list:
dist: 1.250015293365378 vs. 1.250015293365378
list:
dist: 0.9980863415423343 vs. 0.9980863415423343
list:
dist: 2.0994106581477276 vs. 2.0994106581477276
list:
dist: 1.2183728933812272 vs. 1.2183728933812272
list:
dist: 1.740226534898455 vs. 1.740226534898455
list:
dist: 1.2599035604784292 vs. 1.2599035604784292
list:
dist: 1.2111139369419017 vs. 1.2111139369419017
list:
dist: 1.590218659708821 vs. 1.590218659708821
list:
dist: 0.7639846760358395 vs. 0.7639846760358395
list:
dist: 1.0278289693261276 vs. 1.0278289693261276
list:
dist: 1.6809647872784181 vs. 1.6809647872784181
list:
dist: 1.7541303375836832 vs. 1.7541303375836832
list:
dist: 1.4641072673716322 vs. 1.4641072673716322
list:
dist: 3.2203503725303233 vs. 3.2203503725303233
list:
dist: 2.2010112045222434 vs. 2.2010112045222434
list:
dist: 1.7659852094039228 vs. 1.7659852094039228
list:
dist: 2.852115347614945 vs. 2.852115347614945
list:
dist: 2.223987612896497 vs. 2.223987612896497
list:
dist: 3.6887907497855923 vs. 3.6887907497855923
list:
dist: 1.7710479008431634 vs. 1.7710479008431634
list:
dist: 2.117536967536208 vs. 2.117536967536208
list:
dist: 2.1623094402836687 vs. 2.1623094402836687
list:
dist: 2.7805062332921366 vs. 2.7805062332921366
list:
dist: 2.2656662244143853 vs. 2.2656662244143853
list:
dist: 1.8911859553838777 vs. 1.8911859553838777
list:
dist: 3.47869154137683 vs. 3.47869154137683
list:
dist: 1.02662896282594 vs. 1.02662896282594
list:
dist: 0.3982547062237033 vs. 0.3982547062237033
list:
dist: 2.4191262160535807 vs. 2.4191262160535807
list:
dist: 1.638509659201649 vs. 1.638509659201649
list:
dist: 2.2503052185531267 vs. 2.2503052185531267
list:
dist: 1.9338740895505548 vs. 1.9338740895505548
list:
dist: 1.8081990356350808 vs. 1.8081990356350808
list:
dist: 2.572201796239423 vs. 2.572201796239423
list:
dist: 1.4137943793421572 vs. 1.4137943793421572
list:
dist: 1.3862948021265316 vs. 1.3862948021265316
list:
dist: 0.9980863415423343 vs. 0.9980863415423343
list:
dist: 2.488286622021101 vs. 2.488286622021101
list:
dist: 2.2817371827559763 vs. 2.2817371827559763
list:
dist: 1.935690199825723 vs. 1.935690199825723
list:
dist: 3.7095156670416327 vs. 3.7095156670416327
list:
dist: 2.6668009049587407 vs. 2.6668009049587407
list:
dist: 2.226273200853149 vs. 2.226273200853149
list:
dist: 3.147342562430991 vs. 3.147342562430991
list:
dist: 2.948144739715187 vs. 2.948144739715187
list:
dist: 1.43736159005865 vs. 1.43736159005865
list:
dist: 1.4657871199235821 vs. 1.4657871199235821
list:
dist: 3.2051151931862027 vs. 3.2051151931862027
list:
dist: 1.8741906871836278 vs. 1.8741906871836278
list:
dist: 1.7573195585736106 vs. 1.7573195585736106
list:
dist: 1.3862948021265316 vs. 1.3862948021265316
list:
dist: 1.1214618432389842 vs. 1.1214618432389842
list:
dist: 0.9577068243034688 vs. 0.9577068243034688
list:
dist: 0.966297218473217 vs. 0.966297218473217
list:
dist: 0.8822592171351512 vs. 0.8822592171351512
list:
dist: 1.7924443641501215 vs. 1.7924443641501215
list:
dist: 1.7647024713950017 vs. 1.7647024713950017
list:
dist: 1.6837666990617166 vs. 1.6837666990617166
list:
dist: 1.0278289693261276 vs. 1.0278289693261276
list:
dist: 2.432869919694025 vs. 2.432869919694025
list:
dist: 2.714054309887923 vs. 2.714054309887923
list:
dist: 1.987989509541704 vs. 1.987989509541704
list:
dist: 4.153552950482853 vs. 4.153552950482853
list:
dist: 3.200596659916495 vs. 3.200596659916495
list:
dist: 2.7632941421631143 vs. 2.7632941421631143
list:
dist: 3.8191448322053323 vs. 3.8191448322053323
list:
dist: 3.0581689552215368 vs. 3.0581689552215368
list:
dist: 3.0180496107574197 vs. 3.0180496107574197
list:
dist: 2.163596922080445 vs. 2.163596922080445
list:
dist: 2.7601924506057545 vs. 2.7601924506057545
list:
dist: 2.7614903684844787 vs. 2.7614903684844787
list:
dist: 3.5824768987871263 vs. 3.5824768987871263
list:
dist: 2.6054557500546505 vs. 2.6054557500546505
list:
dist: 3.6248584767176184 vs. 3.6248584767176184
list:
dist: 4.1648515245865605 vs. 4.1648515245865605
list:
dist: 2.7434614815256544 vs. 2.7434614815256544
list:
dist: 3.6922415316705703 vs. 3.6922415316705703
list:
dist: 2.1798922579912254 vs. 2.1798922579912254
list:
dist: 1.6555299845273956 vs. 1.6555299845273956
list:
dist: 1.867610692724643 vs. 1.867610692724643
list:
dist: 3.2203834000276683 vs. 3.2203834000276683
list:
dist: 3.540291251107723 vs. 3.540291251107723
list:
dist: 3.52861988629993 vs. 3.52861988629993
list:
dist: 3.3688744088038174 vs. 3.3688744088038174
list:
dist: 2.346468428640203 vs. 2.346468428640203
list:
dist: 2.9582683727581656 vs. 2.9582683727581656
list:
dist: 1.746286043766621 vs. 1.746286043766621
list:
dist: 2.0252608872114215 vs. 2.0252608872114215
list:
dist: 2.0252608872114215 vs. 2.0252608872114215
list:
dist: 1.097062456347649 vs. 1.097062456347649
list:
dist: 1.4540053528008587 vs. 1.4540053528008587
list:
dist: 2.941287351922812 vs. 2.941287351922812
list:
dist: 2.759922298452929 vs. 2.759922298452929
list:
dist: 2.804641135335849 vs. 2.804641135335849
list:
dist: 2.4191262160535807 vs. 2.4191262160535807
list:
dist: 1.4105816140780245 vs. 1.4105816140780245
list:
dist: 1.0269497604221633 vs. 1.0269497604221633
list:
dist: 1.4808405323798255 vs. 1.4808405323798255
list:
dist: 2.765502901227329 vs. 2.765502901227329
list:
dist: 2.1889198337881326 vs. 2.1889198337881326
list:
dist: 2.7443931079010775 vs. 2.7443931079010775
list:
dist: 1.1214618432389842 vs. 1.1214618432389842
list:
dist: 2.0994106581477276 vs. 2.0994106581477276
list:
dist: 3.3093152391334892 vs. 3.3093152391334892
list:
dist: 2.780094204904563 vs. 2.780094204904563
list:
dist: 2.7610662349691744 vs. 2.7610662349691744
list:
dist: 0.7997240841989021 vs. 0.7997240841989021
list:
dist: 1.9970654082434751 vs. 1.9970654082434751
list:
dist: 2.0093330318891125 vs. 2.0093330318891125
list:
dist: 2.244112943602251 vs. 2.244112943602251
list:
dist: 1.8911859553838777 vs. 1.8911859553838777
list:
dist: 1.4540053528008587 vs. 1.4540053528008587
list:
dist: 1.339132651929966 vs. 1.339132651929966
list:
dist: 2.1445701400427484 vs. 2.1445701400427484
list:
dist: 2.3186904913604574 vs. 2.3186904913604574
list:
dist: 3.1547871558523144 vs. 3.1547871558523144
list:
dist: 2.9439282516070553 vs. 2.9439282516070553
list:
dist: 2.8724426968479237 vs. 2.8724426968479237
list:
dist: 1.4657871199235821 vs. 1.4657871199235821
list:
dist: 2.122722153771829 vs. 2.122722153771829
list:
dist: 3.752821992442329 vs. 3.752821992442329
list:
dist: 2.6544865251347693 vs. 2.6544865251347693
list:
dist: 2.244112943602251 vs. 2.244112943602251
list:
dist: 3.7797177963217177 vs. 3.7797177963217177
list:
dist: 1.1471644264323526 vs. 1.1471644264323526
list:
dist: 0.3982547062237033 vs. 0.3982547062237033
list:
dist: 2.804641135335849 vs. 2.804641135335849
list:
dist: 2.0152451553596573 vs. 2.0152451553596573
list:
dist: 2.5758970639416585 vs. 2.5758970639416585
list:
dist: 2.2221502522345027 vs. 2.2221502522345027
list:
dist: 1.8639331506058576 vs. 1.8639331506058576
list:
dist: 2.8394105699866934 vs. 2.8394105699866934
list:
dist: 1.4699172601837336 vs. 1.4699172601837336
list:
dist: 1.7573195585736106 vs. 1.7573195585736106
list:
dist: 1.250015293365378 vs. 1.250015293365378
list:
dist: 2.5396524116297083 vs. 2.5396524116297083
list:
dist: 2.207623309113147 vs. 2.207623309113147
list:
dist: 1.9491082964700452 vs. 1.9491082964700452
list:
dist: 3.5747389483602707 vs. 3.5747389483602707
list:
dist: 2.5612341643128005 vs. 2.5612341643128005
list:
dist: 2.19378566404924 vs. 2.19378566404924
list:
dist: 2.9501109987796506 vs. 2.9501109987796506
list:
dist: 2.9371454351859883 vs. 2.9371454351859883
list:
dist: 3.164853202259286 vs. 3.164853202259286
list:
dist: 3.1547871558523144 vs. 3.1547871558523144
list:
dist: 4.782460631005306 vs. 4.782460631005306
list:
dist: 2.385250452708598 vs. 2.385250452708598
list:
dist: 1.8639331506058576 vs. 1.8639331506058576
list:
dist: 1.8081990356350808 vs. 1.8081990356350808
list:
dist: 2.765502901227329 vs. 2.765502901227329
list:
dist: 2.3183040622607 vs. 2.3183040622607
list:
dist: 1.9635520801208788 vs. 1.9635520801208788
list:
dist: 1.3644370854398014 vs. 1.3644370854398014
list:
dist: 1.8108887250152215 vs. 1.8108887250152215
list:
dist: 0.7119628476022133 vs. 0.7119628476022133
list:
dist: 1.7924443641501215 vs. 1.7924443641501215
list:
dist: 1.2111139369419017 vs. 1.2111139369419017
list:
dist: 1.0473450880444677 vs. 1.0473450880444677
list:
dist: 1.3291579264074291 vs. 1.3291579264074291
list:
dist: 0.30962367251739237 vs. 0.30962367251739237
list:
dist: 2.5784140964020272 vs. 2.5784140964020272
list:
dist: 1.9292506209018743 vs. 1.9292506209018743
list:
dist: 2.039825482440576 vs. 2.039825482440576
list:
dist: 2.294658610057277 vs. 2.294658610057277
list:
dist: 1.5976082393386724 vs. 1.5976082393386724
list:
dist: 3.3238595937933413 vs. 3.3238595937933413
list:
dist: 1.434977899322484 vs. 1.434977899322484
list:
dist: 1.0039957146622052 vs. 1.0039957146622052
list:
dist: 1.2583753049712705 vs. 1.2583753049712705
list:
dist: 2.032411693244334 vs. 2.032411693244334
list:
dist: 1.8870307135509472 vs. 1.8870307135509472
list:
dist: 1.9970654082434751 vs. 1.9970654082434751
list:
dist: 2.9966150003463894 vs. 2.9966150003463894
list:
dist: 3.7797177963217177 vs. 3.7797177963217177
list:
dist: 3.47869154137683 vs. 3.47869154137683
list:
dist: 2.941287351922812 vs. 2.941287351922812
list:
dist: 2.518588096401579 vs. 2.518588096401579
list:
dist: 3.829635543887089 vs. 3.829635543887089
list:
dist: 3.9830677378718695 vs. 3.9830677378718695
list:
dist: 4.782460631005306 vs. 4.782460631005306
list:
dist: 4.041175076009254 vs. 4.041175076009254
list:
dist: 4.329541167392886 vs. 4.329541167392886
list:
dist: 3.2051151931862027 vs. 3.2051151931862027
list:
dist: 3.6016684274597592 vs. 3.6016684274597592
list:
dist: 5.0801301348773205 vs. 5.0801301348773205
list:
dist: 1.0289612432749833 vs. 1.0289612432749833
list:
dist: 1.339132651929966 vs. 1.339132651929966
list:
dist: 2.518588096401579 vs. 2.518588096401579
list:
dist: 1.528115215954939 vs. 1.528115215954939
list:
dist: 2.0152451553596573 vs. 2.0152451553596573
list:
dist: 1.638509659201649 vs. 1.638509659201649
list:
dist: 1.4105816140780245 vs. 1.4105816140780245
list:
dist: 1.701541766720087 vs. 1.701541766720087
list:
dist: 1.5922844774778302 vs. 1.5922844774778302
list:
dist: 2.3183040622607 vs. 2.3183040622607
list:
dist: 1.7018537533802285 vs. 1.7018537533802285
list:
dist: 1.9451112675778373 vs. 1.9451112675778373
list:
dist: 0.9577068243034688 vs. 0.9577068243034688
list:
dist: 1.2183728933812272 vs. 1.2183728933812272
list:
dist: 2.6303957619119385 vs. 2.6303957619119385
list:
dist: 3.8486004985983424 vs. 3.8486004985983424
list:
dist: 2.32221325967838 vs. 2.32221325967838
list:
dist: 2.780094204904563 vs. 2.780094204904563
list:
dist: 3.8486004985983424 vs. 3.8486004985983424
list:
dist: 2.1610652120838485 vs. 2.1610652120838485
list:
dist: 2.5144182743901755 vs. 2.5144182743901755
list:
dist: 3.3238595937933413 vs. 3.3238595937933413
list:
dist: 3.5642356509210766 vs. 3.5642356509210766
list:
dist: 3.852732318237553 vs. 3.852732318237553
list:
dist: 3.0180496107574197 vs. 3.0180496107574197
list:
dist: 3.6887907497855923 vs. 3.6887907497855923
list:
dist: 4.0202888274626245 vs. 4.0202888274626245
list:
dist: 3.5481072616221465 vs. 3.5481072616221465
list:
dist: 2.890107943050121 vs. 2.890107943050121
list:
dist: 2.8724426968479237 vs. 2.8724426968479237
list:
dist: 4.329541167392886 vs. 4.329541167392886
list:
dist: 1.757385364113019 vs. 1.757385364113019
list:
dist: 1.4699172601837336 vs. 1.4699172601837336
list:
dist: 1.4137943793421572 vs. 1.4137943793421572
list:
dist: 2.7443931079010775 vs. 2.7443931079010775
list:
dist: 1.9451112675778373 vs. 1.9451112675778373
list:
dist: 2.1622368629536406 vs. 2.1622368629536406
list:
dist: 1.5653687949741812 vs. 1.5653687949741812
list:
dist: 0.7119628476022133 vs. 0.7119628476022133
list:
dist: 1.7252290080502666 vs. 1.7252290080502666
list:
dist: 1.6837666990617166 vs. 1.6837666990617166
list:
dist: 0.7639846760358395 vs. 0.7639846760358395
list:
dist: 1.078223214575296 vs. 1.078223214575296
list:
dist: 1.0459405054328457 vs. 1.0459405054328457
list:
dist: 0.9558569853714898 vs. 0.9558569853714898
list:
dist: 2.499462974740612 vs. 2.499462974740612
list:
dist: 1.5701611636238455 vs. 1.5701611636238455
list:
dist: 1.4269549469237355 vs. 1.4269549469237355
list:
dist: 2.138582342561506 vs. 2.138582342561506
list:
dist: 1.561131445087692 vs. 1.561131445087692
list:
dist: 3.852732318237553 vs. 3.852732318237553
list:
dist: 1.5487833916507656 vs. 1.5487833916507656
list:
dist: 1.43849471555027 vs. 1.43849471555027
list:
dist: 1.5777699009092863 vs. 1.5777699009092863
list:
dist: 2.0993287189438035 vs. 2.0993287189438035
list:
dist: 1.8533830283101567 vs. 1.8533830283101567
list:
dist: 2.19378566404924 vs. 2.19378566404924
list:
dist: 2.226273200853149 vs. 2.226273200853149
list:
dist: 2.8059875490392856 vs. 2.8059875490392856
list:
dist: 2.039825482440576 vs. 2.039825482440576
list:
dist: 2.302797228761328 vs. 2.302797228761328
list:
dist: 1.4269549469237355 vs. 1.4269549469237355
list:
dist: 2.7632941421631143 vs. 2.7632941421631143
list:
dist: 1.7659852094039228 vs. 1.7659852094039228
list:
dist: 1.5976614638284214 vs. 1.5976614638284214
list:
dist: 1.0677615318494402 vs. 1.0677615318494402
list:
dist: 2.2472519226960697 vs. 2.2472519226960697
list:
dist: 2.0707826254883472 vs. 2.0707826254883472
list:
dist: 0.9170976800527305 vs. 0.9170976800527305
list:
dist: 1.7945460476434303 vs. 1.7945460476434303
list:
dist: 1.5734562057260206 vs. 1.5734562057260206
list:
dist: 2.1966012557724515 vs. 2.1966012557724515
list:
dist: 2.2414820750085496 vs. 2.2414820750085496
list:
dist: 2.2039590749654003 vs. 2.2039590749654003
list:
dist: 2.051668408021894 vs. 2.051668408021894
list:
dist: 3.9646195812643024 vs. 3.9646195812643024
list:
dist: 2.590345145246798 vs. 2.590345145246798
list:
dist: 1.9491082964700452 vs. 1.9491082964700452
list:
dist: 1.935690199825723 vs. 1.935690199825723
list:
dist: 1.5417166179915505 vs. 1.5417166179915505
list:
dist: 0.30962367251739237 vs. 0.30962367251739237
list:
dist: 2.0922533001217145 vs. 2.0922533001217145
list:
dist: 0.9558569853714898 vs. 0.9558569853714898
list:
dist: 1.987989509541704 vs. 1.987989509541704
list:
dist: 1.4641072673716322 vs. 1.4641072673716322
list:
dist: 1.225739146543474 vs. 1.225739146543474
list:
dist: 1.4432559847250788 vs. 1.4432559847250788
list:
dist: 2.5881209821454965 vs. 2.5881209821454965
list:
dist: 2.0409038851670234 vs. 2.0409038851670234
list:
dist: 2.2472519226960697 vs. 2.2472519226960697
list:
dist: 2.2785139610793546 vs. 2.2785139610793546
list:
dist: 1.7080481512282262 vs. 1.7080481512282262
list:
dist: 1.6660205468731668 vs. 1.6660205468731668
list:
dist: 0.9301817339033528 vs. 0.9301817339033528
list:
dist: 1.328674516638534 vs. 1.328674516638534
list:
dist: 2.084432866116708 vs. 2.084432866116708
list:
dist: 3.462985720977498 vs. 3.462985720977498
list:
dist: 2.7610662349691744 vs. 2.7610662349691744
list:
dist: 2.32221325967838 vs. 2.32221325967838
list:
dist: 2.0656037088306114 vs. 2.0656037088306114
list:
dist: 1.5529306711332485 vs. 1.5529306711332485
list:
dist: 1.434977899322484 vs. 1.434977899322484
list:
dist: 0.8075422161555074 vs. 0.8075422161555074
list:
dist: 1.5487833916507656 vs. 1.5487833916507656
list:
dist: 2.163596922080445 vs. 2.163596922080445
list:
dist: 1.7710479008431634 vs. 1.7710479008431634
list:
dist: 0.9723001191063715 vs. 0.9723001191063715
list:
dist: 1.8090539569457584 vs. 1.8090539569457584
list:
dist: 1.6660205468731668 vs. 1.6660205468731668
list:
dist: 2.7551952551685184 vs. 2.7551952551685184
list:
dist: 2.2199207040873215 vs. 2.2199207040873215
list:
dist: 2.1966012557724515 vs. 2.1966012557724515
list:
dist: 2.861745518124748 vs. 2.861745518124748
list:
dist: 1.4844139163507746 vs. 1.4844139163507746
list:
dist: 3.5481072616221465 vs. 3.5481072616221465
list:
dist: 1.5694127678120304 vs. 1.5694127678120304
list:
dist: 1.0547571759549141 vs. 1.0547571759549141
list:
dist: 1.8516862857150045 vs. 1.8516862857150045
list:
dist: 2.4988237252206558 vs. 2.4988237252206558
list:
dist: 2.9439282516070553 vs. 2.9439282516070553
list:
dist: 4.041175076009254 vs. 4.041175076009254
list:
dist: 2.6205821762295725 vs. 2.6205821762295725
list:
dist: 2.8394105699866934 vs. 2.8394105699866934
list:
dist: 2.572201796239423 vs. 2.572201796239423
list:
dist: 2.1889198337881326 vs. 2.1889198337881326
list:
dist: 1.7018537533802285 vs. 1.7018537533802285
list:
dist: 1.7541942815009317 vs. 1.7541942815009317
list:
dist: 1.3712133187580873 vs. 1.3712133187580873
list:
dist: 1.8108887250152215 vs. 1.8108887250152215
list:
dist: 1.7252290080502666 vs. 1.7252290080502666
list:
dist: 1.7647024713950017 vs. 1.7647024713950017
list:
dist: 1.590218659708821 vs. 1.590218659708821
list:
dist: 1.5839537466465146 vs. 1.5839537466465146
list:
dist: 2.2463672709379496 vs. 2.2463672709379496
list:
dist: 2.0922533001217145 vs. 2.0922533001217145
list:
dist: 3.368184191834818 vs. 3.368184191834818
list:
dist: 2.621646033663631 vs. 2.621646033663631
list:
dist: 2.302797228761328 vs. 2.302797228761328
list:
dist: 3.391542403629919 vs. 3.391542403629919
list:
dist: 2.114199782900986 vs. 2.114199782900986
list:
dist: 3.5642356509210766 vs. 3.5642356509210766
list:
dist: 0.8075422161555074 vs. 0.8075422161555074
list:
dist: 2.2620130334349433 vs. 2.2620130334349433
list:
dist: 1.8344700989643101 vs. 1.8344700989643101
list:
dist: 2.5534426849605323 vs. 2.5534426849605323
list:
dist: 3.236995085344612 vs. 3.236995085344612
list:
dist: 2.9501109987796506 vs. 2.9501109987796506
list:
dist: 3.147342562430991 vs. 3.147342562430991
list:
dist: 3.5910359707068857 vs. 3.5910359707068857
list:
dist: 2.294658610057277 vs. 2.294658610057277
list:
dist: 3.391542403629919 vs. 3.391542403629919
list:
dist: 2.138582342561506 vs. 2.138582342561506
list:
dist: 3.8191448322053323 vs. 3.8191448322053323
list:
dist: 2.852115347614945 vs. 2.852115347614945
list:
dist: 1.8974400236631974 vs. 1.8974400236631974
list:
dist: 1.1799935964727588 vs. 1.1799935964727588
list:
dist: 2.2785139610793546 vs. 2.2785139610793546
list:
dist: 0.8273457419927549 vs. 0.8273457419927549
list:
dist: 0.9403954571098706 vs. 0.9403954571098706
list:
dist: 1.7945460476434303 vs. 1.7945460476434303
list:
dist: 1.4766713810795837 vs. 1.4766713810795837
list:
dist: 2.861745518124748 vs. 2.861745518124748
list:
dist: 1.83190377668962 vs. 1.83190377668962
list:
dist: 2.1272481854535936 vs. 2.1272481854535936
list:
dist: 1.5208085562069582 vs. 1.5208085562069582
list:
dist: 2.660673399650712 vs. 2.660673399650712
list:
dist: 1.943745827540668 vs. 1.943745827540668
list:
dist: 2.1445701400427484 vs. 2.1445701400427484
list:
dist: 3.829635543887089 vs. 3.829635543887089
list:
dist: 2.814712335167825 vs. 2.814712335167825
list:
dist: 2.5758970639416585 vs. 2.5758970639416585
list:
dist: 2.2503052185531267 vs. 2.2503052185531267
list:
dist: 1.0269497604221633 vs. 1.0269497604221633
list:
dist: 1.701541766720087 vs. 1.701541766720087
list:
dist: 0.6280480243482194 vs. 0.6280480243482194
list:
dist: 1.9635520801208788 vs. 1.9635520801208788
list:
dist: 1.7541942815009317 vs. 1.7541942815009317
list:
dist: 2.1622368629536406 vs. 2.1622368629536406
list:
dist: 0.966297218473217 vs. 0.966297218473217
list:
dist: 1.740226534898455 vs. 1.740226534898455
list:
dist: 2.5830788002662315 vs. 2.5830788002662315
list:
dist: 2.1610652120838485 vs. 2.1610652120838485
list:
dist: 2.0656037088306114 vs. 2.0656037088306114
list:
dist: 3.5975069785461753 vs. 3.5975069785461753
list:
dist: 3.752821992442329 vs. 3.752821992442329
list:
dist: 5.0801301348773205 vs. 5.0801301348773205
list:
dist: 2.692221824916597 vs. 2.692221824916597
list:
dist: 2.5396524116297083 vs. 2.5396524116297083
list:
dist: 2.488286622021101 vs. 2.488286622021101
list:
dist: 3.3093152391334892 vs. 3.3093152391334892
list:
dist: 2.6303957619119385 vs. 2.6303957619119385
list:
dist: 2.5830788002662315 vs. 2.5830788002662315
list:
dist: 1.9666091991430135 vs. 1.9666091991430135
list:
dist: 1.0473450880444677 vs. 1.0473450880444677
list:
dist: 1.5839537466465146 vs. 1.5839537466465146
list:
dist: 1.078223214575296 vs. 1.078223214575296
list:
dist: 2.432869919694025 vs. 2.432869919694025
list:
dist: 1.6809647872784181 vs. 1.6809647872784181
list:
dist: 0.8890652121595989 vs. 0.8890652121595989
list:
dist: 1.225739146543474 vs. 1.225739146543474
list:
dist: 1.8848293171795332 vs. 1.8848293171795332
list:
dist: 1.3444715129666858 vs. 1.3444715129666858
list:
dist: 1.5976614638284214 vs. 1.5976614638284214
list:
dist: 1.8974400236631974 vs. 1.8974400236631974
list:
dist: 0.6583959158395171 vs. 0.6583959158395171
list:
dist: 4.0202888274626245 vs. 4.0202888274626245
list:
dist: 0.9723001191063715 vs. 0.9723001191063715
list:
dist: 0.891679891590395 vs. 0.891679891590395
list:
dist: 0.6321048019127583 vs. 0.6321048019127583
list:
dist: 1.1513678350139092 vs. 1.1513678350139092
list:
dist: 2.153577861997532 vs. 2.153577861997532
list:
dist: 2.3186904913604574 vs. 2.3186904913604574
list:
dist: 3.9830677378718695 vs. 3.9830677378718695
list:
dist: 2.4860541193320747 vs. 2.4860541193320747
list:
dist: 2.2221502522345027 vs. 2.2221502522345027
list:
dist: 1.9338740895505548 vs. 1.9338740895505548
list:
dist: 1.4808405323798255 vs. 1.4808405323798255
list:
dist: 1.5922844774778302 vs. 1.5922844774778302
list:
dist: 0.6280480243482194 vs. 0.6280480243482194
list:
dist: 1.3644370854398014 vs. 1.3644370854398014
list:
dist: 1.3712133187580873 vs. 1.3712133187580873
list:
dist: 1.5653687949741812 vs. 1.5653687949741812
list:
dist: 0.8822592171351512 vs. 0.8822592171351512
list:
dist: 1.2599035604784292 vs. 1.2599035604784292
list:
dist: 1.9666091991430135 vs. 1.9666091991430135
list:
dist: 2.485961568633896 vs. 2.485961568633896
list:
dist: 1.5417166179915505 vs. 1.5417166179915505
list:
dist: 3.7995445119208013 vs. 3.7995445119208013
list:
dist: 3.0326090911705914 vs. 3.0326090911705914
list:
dist: 2.8059875490392856 vs. 2.8059875490392856
list:
dist: 3.5910359707068857 vs. 3.5910359707068857
list:
dist: 2.6248926601207194 vs. 2.6248926601207194
list:
dist: 2.5144182743901755 vs. 2.5144182743901755
list:
dist: 1.5529306711332485 vs. 1.5529306711332485
list:
dist: 2.192531089741145 vs. 2.192531089741145
list:
dist: 2.1256428923896533 vs. 2.1256428923896533
list:
dist: 3.0799297701178276 vs. 3.0799297701178276
list:
dist: 2.2347763241262837 vs. 2.2347763241262837
list:
dist: 2.0093330318891125 vs. 2.0093330318891125
list:
dist: 2.9966150003463894 vs. 2.9966150003463894
list:
dist: 1.1471644264323526 vs. 1.1471644264323526
list:
dist: 1.02662896282594 vs. 1.02662896282594
list:
dist: 2.759922298452929 vs. 2.759922298452929
list:
dist: 1.528115215954939 vs. 1.528115215954939
list:
dist: 2.814712335167825 vs. 2.814712335167825
list:
dist: 2.4860541193320747 vs. 2.4860541193320747
list:
dist: 2.385250452708598 vs. 2.385250452708598
list:
dist: 2.6205821762295725 vs. 2.6205821762295725
list:
dist: 1.757385364113019 vs. 1.757385364113019
list:
dist: 1.8741906871836278 vs. 1.8741906871836278
list:
dist: 1.3199125157261296 vs. 1.3199125157261296
list:
dist: 2.692221824916597 vs. 2.692221824916597
list:
dist: 2.3865301309415763 vs. 2.3865301309415763
list:
dist: 2.590345145246798 vs. 2.590345145246798
list:
dist: 3.7470882074585172 vs. 3.7470882074585172
list:
dist: 2.5804671867717275 vs. 2.5804671867717275
list:
dist: 1.8533830283101567 vs. 1.8533830283101567
list:
dist: 3.236995085344612 vs. 3.236995085344612
list:
dist: 3.047592785380479 vs. 3.047592785380479
list:
dist: 3.047592785380479 vs. 3.047592785380479
list:
dist: 2.9371454351859883 vs. 2.9371454351859883
list:
dist: 2.948144739715187 vs. 2.948144739715187
list:
dist: 2.6248926601207194 vs. 2.6248926601207194
list:
dist: 1.5976082393386724 vs. 1.5976082393386724
list:
dist: 2.114199782900986 vs. 2.114199782900986
list:
dist: 1.561131445087692 vs. 1.561131445087692
list:
dist: 3.0581689552215368 vs. 3.0581689552215368
list:
dist: 2.223987612896497 vs. 2.223987612896497
list:
dist: 0.6583959158395171 vs. 0.6583959158395171
list:
dist: 0.8324784055250082 vs. 0.8324784055250082
list:
dist: 1.7080481512282262 vs. 1.7080481512282262
list:
dist: 1.2732995884113496 vs. 1.2732995884113496
list:
dist: 1.0192483709120348 vs. 1.0192483709120348
list:
dist: 1.5734562057260206 vs. 1.5734562057260206
list:
dist: 1.4766713810795837 vs. 1.4766713810795837
list:
dist: 1.4844139163507746 vs. 1.4844139163507746
list:
dist: 1.0825843276935139 vs. 1.0825843276935139
list:
dist: 0.8705218280856982 vs. 0.8705218280856982
list:
dist: 0.5721546222633173 vs. 0.5721546222633173
list:
dist: 2.5510627086976485 vs. 2.5510627086976485
list:
dist: 3.0799297701178276 vs. 3.0799297701178276
list:
dist: 2.032411693244334 vs. 2.032411693244334
list:
dist: 2.5534426849605323 vs. 2.5534426849605323
list:
dist: 2.0993287189438035 vs. 2.0993287189438035
list:
dist: 3.5824768987871263 vs. 3.5824768987871263
list:
dist: 2.7805062332921366 vs. 2.7805062332921366
list:
dist: 1.1513678350139092 vs. 1.1513678350139092
list:
dist: 1.3038494633141577 vs. 1.3038494633141577
list:
dist: 2.084432866116708 vs. 2.084432866116708
list:
dist: 1.0370766857423204 vs. 1.0370766857423204
list:
dist: 1.3541866441556212 vs. 1.3541866441556212
list:
dist: 2.051668408021894 vs. 2.051668408021894
list:
dist: 1.5208085562069582 vs. 1.5208085562069582
list:
dist: 0.5721546222633173 vs. 0.5721546222633173
list:
dist: 1.8516862857150045 vs. 1.8516862857150045
list:
dist: 1.2680635713379884 vs. 1.2680635713379884
list:
dist: 1.0604686768719056 vs. 1.0604686768719056
list:
dist: 2.013762326217828 vs. 2.013762326217828
list:
dist: 2.5804671867717275 vs. 2.5804671867717275
list:
dist: 2.5612341643128005 vs. 2.5612341643128005
list:
dist: 2.6668009049587407 vs. 2.6668009049587407
list:
dist: 3.0326090911705914 vs. 3.0326090911705914
list:
dist: 1.9292506209018743 vs. 1.9292506209018743
list:
dist: 2.621646033663631 vs. 2.621646033663631
list:
dist: 1.5701611636238455 vs. 1.5701611636238455
list:
dist: 3.200596659916495 vs. 3.200596659916495
list:
dist: 2.2010112045222434 vs. 2.2010112045222434
list:
dist: 1.3444715129666858 vs. 1.3444715129666858
list:
dist: 0.6015332383447181 vs. 0.6015332383447181
list:
dist: 2.0409038851670234 vs. 2.0409038851670234
list:
dist: 1.1830971194390028 vs. 1.1830971194390028
list:
dist: 0.9170976800527305 vs. 0.9170976800527305
list:
dist: 0.9403954571098706 vs. 0.9403954571098706
list:
dist: 1.0192483709120348 vs. 1.0192483709120348
list:
dist: 2.2199207040873215 vs. 2.2199207040873215
list:
dist: 1.7264119274673362 vs. 1.7264119274673362
list:
dist: 1.7951374140390945 vs. 1.7951374140390945
list:
dist: 1.3541866441556212 vs. 1.3541866441556212
list:
dist: 3.10950282875384 vs. 3.10950282875384
list:
dist: 3.7470882074585172 vs. 3.7470882074585172
list:
dist: 3.5747389483602707 vs. 3.5747389483602707
list:
dist: 3.7095156670416327 vs. 3.7095156670416327
list:
dist: 3.7995445119208013 vs. 3.7995445119208013
list:
dist: 2.5784140964020272 vs. 2.5784140964020272
list:
dist: 3.368184191834818 vs. 3.368184191834818
list:
dist: 2.499462974740612 vs. 2.499462974740612
list:
dist: 4.153552950482853 vs. 4.153552950482853
list:
dist: 3.2203503725303233 vs. 3.2203503725303233
list:
dist: 1.8848293171795332 vs. 1.8848293171795332
list:
dist: 1.4715378646687578 vs. 1.4715378646687578
list:
dist: 2.5881209821454965 vs. 2.5881209821454965
list:
dist: 1.1830971194390028 vs. 1.1830971194390028
list:
dist: 2.0707826254883472 vs. 2.0707826254883472
list:
dist: 0.8273457419927549 vs. 0.8273457419927549
list:
dist: 1.2732995884113496 vs. 1.2732995884113496
list:
dist: 2.7551952551685184 vs. 2.7551952551685184
list:
dist: 1.8888271258538836 vs. 1.8888271258538836
list:
dist: 1.9721252306986985 vs. 1.9721252306986985
list:
dist: 1.0370766857423204 vs. 1.0370766857423204
list:
dist: 2.0840274060190245 vs. 2.0840274060190245
list:
dist: 2.192531089741145 vs. 2.192531089741145
list:
dist: 1.0039957146622052 vs. 1.0039957146622052
list:
dist: 2.2620130334349433 vs. 2.2620130334349433
list:
dist: 1.43849471555027 vs. 1.43849471555027
list:
dist: 2.7601924506057545 vs. 2.7601924506057545
list:
dist: 2.117536967536208 vs. 2.117536967536208
list:
dist: 0.891679891590395 vs. 0.891679891590395
list:
dist: 1.2312667925762366 vs. 1.2312667925762366
list:
dist: 0.9301817339033528 vs. 0.9301817339033528
list:
dist: 1.8888271258538836 vs. 1.8888271258538836
list:
dist: 1.7264119274673362 vs. 1.7264119274673362
list:
dist: 2.2414820750085496 vs. 2.2414820750085496
list:
dist: 1.83190377668962 vs. 1.83190377668962
list:
dist: 1.0825843276935139 vs. 1.0825843276935139
list:
dist: 1.5694127678120304 vs. 1.5694127678120304
list:
dist: 0.6766812377263176 vs. 0.6766812377263176
list:
dist: 1.2680635713379884 vs. 1.2680635713379884
list:
dist: 2.560994012239948 vs. 2.560994012239948
list:
dist: 3.1030155318889983 vs. 3.1030155318889983
list:
dist: 3.462985720977498 vs. 3.462985720977498
list:
dist: 2.0840274060190245 vs. 2.0840274060190245
list:
dist: 3.10950282875384 vs. 3.10950282875384
list:
dist: 3.9646195812643024 vs. 3.9646195812643024
list:
dist: 2.660673399650712 vs. 2.660673399650712
list:
dist: 2.5510627086976485 vs. 2.5510627086976485
list:
dist: 2.560994012239948 vs. 2.560994012239948
list:
dist: 2.591924229154229 vs. 2.591924229154229
list:
dist: 2.013762326217828 vs. 2.013762326217828
list:
dist: 2.3865301309415763 vs. 2.3865301309415763
list:
dist: 2.207623309113147 vs. 2.207623309113147
list:
dist: 2.2817371827559763 vs. 2.2817371827559763
list:
dist: 2.485961568633896 vs. 2.485961568633896
list:
dist: 1.3291579264074291 vs. 1.3291579264074291
list:
dist: 2.2463672709379496 vs. 2.2463672709379496
list:
dist: 1.0459405054328457 vs. 1.0459405054328457
list:
dist: 2.714054309887923 vs. 2.714054309887923
list:
dist: 1.7541303375836832 vs. 1.7541303375836832
list:
dist: 0.8890652121595989 vs. 0.8890652121595989
list:
dist: 1.4432559847250788 vs. 1.4432559847250788
list:
dist: 1.4715378646687578 vs. 1.4715378646687578
list:
dist: 0.6015332383447181 vs. 0.6015332383447181
list:
dist: 1.0677615318494402 vs. 1.0677615318494402
list:
dist: 1.1799935964727588 vs. 1.1799935964727588
list:
dist: 0.8324784055250082 vs. 0.8324784055250082
list:
dist: 1.8090539569457584 vs. 1.8090539569457584
list:
dist: 1.2312667925762366 vs. 1.2312667925762366
list:
dist: 1.372405553170794 vs. 1.372405553170794
list:
dist: 1.3038494633141577 vs. 1.3038494633141577
list:
dist: 3.1030155318889983 vs. 3.1030155318889983
list:
dist: 2.1256428923896533 vs. 2.1256428923896533
list:
dist: 1.2583753049712705 vs. 1.2583753049712705
list:
dist: 1.8344700989643101 vs. 1.8344700989643101
list:
dist: 1.5777699009092863 vs. 1.5777699009092863
list:
dist: 2.7614903684844787 vs. 2.7614903684844787
list:
dist: 2.1623094402836687 vs. 2.1623094402836687
list:
dist: 0.6321048019127583 vs. 0.6321048019127583
list:
dist: 1.372405553170794 vs. 1.372405553170794
list:
dist: 1.328674516638534 vs. 1.328674516638534
list:
dist: 1.9721252306986985 vs. 1.9721252306986985
list:
dist: 1.7951374140390945 vs. 1.7951374140390945
list:
dist: 2.2039590749654003 vs. 2.2039590749654003
list:
dist: 2.1272481854535936 vs. 2.1272481854535936
list:
dist: 0.8705218280856982 vs. 0.8705218280856982
list:
dist: 1.0547571759549141 vs. 1.0547571759549141
list:
dist: 0.6766812377263176 vs. 0.6766812377263176
list:
dist: 1.0604686768719056 vs. 1.0604686768719056
list:
dist: 2.591924229154229 vs. 2.591924229154229
list:
dist: 2.561880691714178 vs. 2.561880691714178
list:
dist: 2.2897140915000307 vs. 2.2897140915000307
list:
dist: 3.4149299698751787 vs. 3.4149299698751787
list:
dist: 2.1839108534264176 vs. 2.1839108534264176
list:
dist: 2.060076502901671 vs. 2.060076502901671
list:
dist: 1.0484142029122143 vs. 1.0484142029122143
list:
dist: 1.0661802526783626 vs. 1.0661802526783626
list:
dist: 1.3819240981463234 vs. 1.3819240981463234
list:
dist: 1.495673647497154 vs. 1.495673647497154
list:
dist: 2.7504139766914353 vs. 2.7504139766914353
list:
dist: 1.914277724539888 vs. 1.914277724539888
list:
dist: 3.189909230294577 vs. 3.189909230294577
list:
dist: 3.018332382105473 vs. 3.018332382105473
list:
dist: 1.8827750793811462 vs. 1.8827750793811462
list:
dist: 1.8913013108981105 vs. 1.8913013108981105
list:
dist: 2.3433895902109447 vs. 2.3433895902109447
list:
dist: 2.003081634842242 vs. 2.003081634842242
list:
dist: 0.7147431246253577 vs. 0.7147431246253577
list:
dist: 2.0727564056031986 vs. 2.0727564056031986
list:
dist: 1.6149443309800284 vs. 1.6149443309800284
list:
dist: 1.3724665339850928 vs. 1.3724665339850928
list:
dist: 1.7170674762606335 vs. 1.7170674762606335
list:
dist: 2.3651680658058134 vs. 2.3651680658058134
list:
dist: 2.6153596050469545 vs. 2.6153596050469545
list:
dist: 3.608068030684204 vs. 3.608068030684204
list:
dist: 3.0429877524570537 vs. 3.0429877524570537
list:
dist: 2.3897397519266748 vs. 2.3897397519266748
list:
dist: 2.426325063847416 vs. 2.426325063847416
list:
dist: 0.35459492053308084 vs. 0.35459492053308084
list:
dist: 1.3278237165050706 vs. 1.3278237165050706
list:
dist: 1.0046663267572682 vs. 1.0046663267572682
list:
dist: 1.9143984647776555 vs. 1.9143984647776555
list:
dist: 2.156462354914821 vs. 2.156462354914821
list:
dist: 1.968349111781957 vs. 1.968349111781957
list:
dist: 3.0147893439677906 vs. 3.0147893439677906
list:
dist: 3.0257557922307527 vs. 3.0257557922307527
list:
dist: 1.4846044346618026 vs. 1.4846044346618026
list:
dist: 2.2577965142727083 vs. 2.2577965142727083
list:
dist: 2.8512044675032757 vs. 2.8512044675032757
list:
dist: 1.8593554033391888 vs. 1.8593554033391888
list:
dist: 2.682886053223669 vs. 2.682886053223669
list:
dist: 3.64529538922832 vs. 3.64529538922832
list:
dist: 3.780483547299662 vs. 3.780483547299662
list:
dist: 2.5063322860994792 vs. 2.5063322860994792
list:
dist: 4.4589332672531174 vs. 4.4589332672531174
list:
dist: 3.2731634145333124 vs. 3.2731634145333124
list:
dist: 3.6257036177011446 vs. 3.6257036177011446
list:
dist: 3.870883487197026 vs. 3.870883487197026
list:
dist: 2.561880691714178 vs. 2.561880691714178
list:
dist: 2.156462354914821 vs. 2.156462354914821
list:
dist: 2.0073125424374565 vs. 2.0073125424374565
list:
dist: 3.077757097062021 vs. 3.077757097062021
list:
dist: 1.8658741925481728 vs. 1.8658741925481728
list:
dist: 2.5087879780603037 vs. 2.5087879780603037
list:
dist: 1.636732995351664 vs. 1.636732995351664
list:
dist: 2.325964104238228 vs. 2.325964104238228
list:
dist: 2.449087070772181 vs. 2.449087070772181
list:
dist: 1.9783934331236002 vs. 1.9783934331236002
list:
dist: 3.0498529744048035 vs. 3.0498529744048035
list:
dist: 2.7074745472447783 vs. 2.7074745472447783
list:
dist: 1.9495031174794548 vs. 1.9495031174794548
list:
dist: 2.5978196884783533 vs. 2.5978196884783533
list:
dist: 3.0186577989980194 vs. 3.0186577989980194
list:
dist: 2.1055530678767327 vs. 2.1055530678767327
list:
dist: 1.5045354404496456 vs. 1.5045354404496456
list:
dist: 3.0240340110659965 vs. 3.0240340110659965
list:
dist: 2.370961657691445 vs. 2.370961657691445
list:
dist: 2.414342708956346 vs. 2.414342708956346
list:
dist: 2.066670015673268 vs. 2.066670015673268
list:
dist: 1.0484142029122143 vs. 1.0484142029122143
list:
dist: 3.1685343070362024 vs. 3.1685343070362024
list:
dist: 1.3278237165050706 vs. 1.3278237165050706
list:
dist: 1.4344359246243228 vs. 1.4344359246243228
list:
dist: 1.264549076946739 vs. 1.264549076946739
list:
dist: 2.3431344875961706 vs. 2.3431344875961706
list:
dist: 3.077757097062021 vs. 3.077757097062021
list:
dist: 2.742410324612082 vs. 2.742410324612082
list:
dist: 3.8232443301964385 vs. 3.8232443301964385
list:
dist: 3.7215201455471916 vs. 3.7215201455471916
list:
dist: 1.6819042509042614 vs. 1.6819042509042614
list:
dist: 1.4375574055262574 vs. 1.4375574055262574
list:
dist: 2.4408047355109748 vs. 2.4408047355109748
list:
dist: 1.9267923992526117 vs. 1.9267923992526117
list:
dist: 2.9533615460604827 vs. 2.9533615460604827
list:
dist: 3.6897253090842157 vs. 3.6897253090842157
list:
dist: 4.139678633929066 vs. 4.139678633929066
list:
dist: 3.126211360801633 vs. 3.126211360801633
list:
dist: 5.057949510190547 vs. 5.057949510190547
list:
dist: 3.572416612748762 vs. 3.572416612748762
list:
dist: 4.323799287063548 vs. 4.323799287063548
list:
dist: 4.37038490512178 vs. 4.37038490512178
list:
dist: 3.4149299698751787 vs. 3.4149299698751787
list:
dist: 0.35459492053308084 vs. 0.35459492053308084
list:
dist: 1.4344359246243228 vs. 1.4344359246243228
list:
dist: 0.8781229843459356 vs. 0.8781229843459356
list:
dist: 1.5748904423110208 vs. 1.5748904423110208
list:
dist: 2.0073125424374565 vs. 2.0073125424374565
list:
dist: 1.6284014293985944 vs. 1.6284014293985944
list:
dist: 2.679783989383951 vs. 2.679783989383951
list:
dist: 2.6790250406191993 vs. 2.6790250406191993
list:
dist: 1.2079583563958403 vs. 1.2079583563958403
list:
dist: 2.1756828908965957 vs. 2.1756828908965957
list:
dist: 2.782005900502174 vs. 2.782005900502174
list:
dist: 1.6157348185608973 vs. 1.6157348185608973
list:
dist: 2.3389159029200948 vs. 2.3389159029200948
list:
dist: 3.338932713586279 vs. 3.338932713586279
list:
dist: 3.580371195065629 vs. 3.580371195065629
list:
dist: 2.192955579121123 vs. 2.192955579121123
list:
dist: 4.137879160140098 vs. 4.137879160140098
list:
dist: 2.95806889124595 vs. 2.95806889124595
list:
dist: 3.297134040940242 vs. 3.297134040940242
list:
dist: 3.6368616330216974 vs. 3.6368616330216974
list:
dist: 2.2897140915000307 vs. 2.2897140915000307
list:
dist: 1.0046663267572682 vs. 1.0046663267572682
list:
dist: 0.8781229843459356 vs. 0.8781229843459356
list:
dist: 1.264549076946739 vs. 1.264549076946739
list:
dist: 1.7216239171461016 vs. 1.7216239171461016
list:
dist: 1.8658741925481728 vs. 1.8658741925481728
list:
dist: 1.6955899300771975 vs. 1.6955899300771975
list:
dist: 2.818978733549894 vs. 2.818978733549894
list:
dist: 2.7521945023889014 vs. 2.7521945023889014
list:
dist: 0.7412913417420014 vs. 0.7412913417420014
list:
dist: 1.4444248504529733 vs. 1.4444248504529733
list:
dist: 1.9064738637859955 vs. 1.9064738637859955
list:
dist: 0.9441351002507397 vs. 0.9441351002507397
list:
dist: 2.147912419972229 vs. 2.147912419972229
list:
dist: 2.825906506357345 vs. 2.825906506357345
list:
dist: 2.985400907833798 vs. 2.985400907833798
list:
dist: 1.9533685855692564 vs. 1.9533685855692564
list:
dist: 3.9143467972240753 vs. 3.9143467972240753
list:
dist: 2.5309954059400743 vs. 2.5309954059400743
list:
dist: 3.200466186908339 vs. 3.200466186908339
list:
dist: 3.1585805565815472 vs. 3.1585805565815472
list:
dist: 2.1839108534264176 vs. 2.1839108534264176
list:
dist: 2.2577965142727083 vs. 2.2577965142727083
list:
dist: 2.1756828908965957 vs. 2.1756828908965957
list:
dist: 1.4375574055262574 vs. 1.4375574055262574
list:
dist: 1.4444248504529733 vs. 1.4444248504529733
list:
dist: 2.3818586037322484 vs. 2.3818586037322484
list:
dist: 3.0498529744048035 vs. 3.0498529744048035
list:
dist: 2.68456504526114 vs. 2.68456504526114
list:
dist: 3.6823838975423264 vs. 3.6823838975423264
list:
dist: 3.4936382190654993 vs. 3.4936382190654993
list:
dist: 1.455395970199876 vs. 1.455395970199876
list:
dist: 1.375115625356164 vs. 1.375115625356164
list:
dist: 1.3239889670845626 vs. 1.3239889670845626
list:
dist: 2.4645028325046523 vs. 2.4645028325046523
list:
dist: 2.6775022446919348 vs. 2.6775022446919348
list:
dist: 3.3079515788795204 vs. 3.3079515788795204
list:
dist: 2.714826877396619 vs. 2.714826877396619
list:
dist: 4.40997093539941 vs. 4.40997093539941
list:
dist: 2.76914863291305 vs. 2.76914863291305
list:
dist: 3.882691097400156 vs. 3.882691097400156
list:
dist: 3.62520535990435 vs. 3.62520535990435
list:
dist: 3.189909230294577 vs. 3.189909230294577
list:
dist: 3.1193770372603327 vs. 3.1193770372603327
list:
dist: 3.0242496206840275 vs. 3.0242496206840275
list:
dist: 2.6628110746705937 vs. 2.6628110746705937
list:
dist: 2.8512044675032757 vs. 2.8512044675032757
list:
dist: 2.782005900502174 vs. 2.782005900502174
list:
dist: 2.4408047355109748 vs. 2.4408047355109748
list:
dist: 1.9064738637859955 vs. 1.9064738637859955
list:
dist: 3.1333626335664944 vs. 3.1333626335664944
list:
dist: 2.7074745472447783 vs. 2.7074745472447783
list:
dist: 2.9895834246204305 vs. 2.9895834246204305
list:
dist: 3.9220466900068334 vs. 3.9220466900068334
list:
dist: 3.7810721290303757 vs. 3.7810721290303757
list:
dist: 2.0290316734020677 vs. 2.0290316734020677
list:
dist: 1.375115625356164 vs. 1.375115625356164
list:
dist: 1.6405314484304288 vs. 1.6405314484304288
list:
dist: 2.9483771781957007 vs. 2.9483771781957007
list:
dist: 2.666449632540558 vs. 2.666449632540558
list:
dist: 2.386893606555943 vs. 2.386893606555943
list:
dist: 2.68777328448358 vs. 2.68777328448358
list:
dist: 4.155494258755125 vs. 4.155494258755125
list:
dist: 2.6689326206177872 vs. 2.6689326206177872
list:
dist: 3.828403243334862 vs. 3.828403243334862
list:
dist: 2.8750544179589066 vs. 2.8750544179589066
list:
dist: 3.018332382105473 vs. 3.018332382105473
list:
dist: 1.934477037608804 vs. 1.934477037608804
list:
dist: 2.1562880035612952 vs. 2.1562880035612952
list:
dist: 1.8403710607138053 vs. 1.8403710607138053
list:
dist: 3.6257036177011446 vs. 3.6257036177011446
list:
dist: 3.297134040940242 vs. 3.297134040940242
list:
dist: 4.323799287063548 vs. 4.323799287063548
list:
dist: 3.200466186908339 vs. 3.200466186908339
list:
dist: 2.367439064946019 vs. 2.367439064946019
list:
dist: 2.414342708956346 vs. 2.414342708956346
list:
dist: 1.6843367908078137 vs. 1.6843367908078137
list:
dist: 0.9947456933240219 vs. 0.9947456933240219
list:
dist: 0.9948829932807726 vs. 0.9948829932807726
list:
dist: 1.9566272367223356 vs. 1.9566272367223356
list:
dist: 2.66744550622519 vs. 2.66744550622519
list:
dist: 3.882691097400156 vs. 3.882691097400156
list:
dist: 3.828403243334862 vs. 3.828403243334862
list:
dist: 2.609903659932668 vs. 2.609903659932668
list:
dist: 1.777894899682274 vs. 1.777894899682274
list:
dist: 2.0037107401420124 vs. 2.0037107401420124
list:
dist: 2.472532085823736 vs. 2.472532085823736
list:
dist: 1.2735746486224113 vs. 1.2735746486224113
list:
dist: 0.9507033725768961 vs. 0.9507033725768961
list:
dist: 1.3828042020095843 vs. 1.3828042020095843
list:
dist: 1.975341360938646 vs. 1.975341360938646
list:
dist: 1.3724665339850928 vs. 1.3724665339850928
list:
dist: 1.5611526752484037 vs. 1.5611526752484037
list:
dist: 1.5083124121608604 vs. 1.5083124121608604
list:
dist: 4.016243245471812 vs. 4.016243245471812
list:
dist: 3.164365696610387 vs. 3.164365696610387
list:
dist: 2.675405901329441 vs. 2.675405901329441
list:
dist: 2.367558304605185 vs. 2.367558304605185
list:
dist: 2.5063322860994792 vs. 2.5063322860994792
list:
dist: 2.192955579121123 vs. 2.192955579121123
list:
dist: 3.126211360801633 vs. 3.126211360801633
list:
dist: 1.9533685855692564 vs. 1.9533685855692564
list:
dist: 1.615519577263851 vs. 1.615519577263851
list:
dist: 1.5045354404496456 vs. 1.5045354404496456
list:
dist: 0.8132623777170385 vs. 0.8132623777170385
list:
dist: 1.287750883551564 vs. 1.287750883551564
list:
dist: 1.222106199544051 vs. 1.222106199544051
list:
dist: 2.7649009450078004 vs. 2.7649009450078004
list:
dist: 1.4798408997332833 vs. 1.4798408997332833
list:
dist: 2.714826877396619 vs. 2.714826877396619
list:
dist: 2.68777328448358 vs. 2.68777328448358
list:
dist: 1.3985295889305003 vs. 1.3985295889305003
list:
dist: 1.2313319855215124 vs. 1.2313319855215124
list:
dist: 1.6950360961964182 vs. 1.6950360961964182
list:
dist: 1.9830922602020242 vs. 1.9830922602020242
list:
dist: 1.9762259051425484 vs. 1.9762259051425484
list:
dist: 1.0126618194219734 vs. 1.0126618194219734
list:
dist: 1.2735746486224113 vs. 1.2735746486224113
list:
dist: 1.7727502484129674 vs. 1.7727502484129674
list:
dist: 0.7147431246253577 vs. 0.7147431246253577
list:
dist: 2.4115284052152735 vs. 2.4115284052152735
list:
dist: 2.6043887539397943 vs. 2.6043887539397943
list:
dist: 3.3318762172142566 vs. 3.3318762172142566
list:
dist: 2.6702996264729952 vs. 2.6702996264729952
list:
dist: 2.0402254766834926 vs. 2.0402254766834926
list:
dist: 2.4537417253454734 vs. 2.4537417253454734
list:
dist: 3.063482666343921 vs. 3.063482666343921
list:
dist: 3.0242496206840275 vs. 3.0242496206840275
list:
dist: 2.1562880035612952 vs. 2.1562880035612952
list:
dist: 2.5899342120690116 vs. 2.5899342120690116
list:
dist: 2.99988804104774 vs. 2.99988804104774
list:
dist: 1.8448246376378894 vs. 1.8448246376378894
list:
dist: 1.505383440576555 vs. 1.505383440576555
list:
dist: 2.6702996264729952 vs. 2.6702996264729952
list:
dist: 2.969948097680039 vs. 2.969948097680039
list:
dist: 2.0186849323315608 vs. 2.0186849323315608
list:
dist: 3.164365696610387 vs. 3.164365696610387
list:
dist: 1.879273568890081 vs. 1.879273568890081
list:
dist: 3.0429877524570537 vs. 3.0429877524570537
list:
dist: 2.969146244086505 vs. 2.969146244086505
list:
dist: 1.040228860727387 vs. 1.040228860727387
list:
dist: 0.6829688349513302 vs. 0.6829688349513302
list:
dist: 1.9237936930396455 vs. 1.9237936930396455
list:
dist: 3.1685343070362024 vs. 3.1685343070362024
list:
dist: 3.075538426791395 vs. 3.075538426791395
list:
dist: 2.5397480625193714 vs. 2.5397480625193714
list:
dist: 2.551102789169575 vs. 2.551102789169575
list:
dist: 3.13855707490539 vs. 3.13855707490539
list:
dist: 2.2557520525507946 vs. 2.2557520525507946
list:
dist: 2.4115284052152735 vs. 2.4115284052152735
list:
dist: 0.7551928923518004 vs. 0.7551928923518004
list:
dist: 2.1378549573611436 vs. 2.1378549573611436
list:
dist: 1.5611526752484037 vs. 1.5611526752484037
list:
dist: 1.6648909446913127 vs. 1.6648909446913127
list:
dist: 2.3651680658058134 vs. 2.3651680658058134
list:
dist: 0.640445378946224 vs. 0.640445378946224
list:
dist: 3.801346678021217 vs. 3.801346678021217
list:
dist: 2.969146244086505 vs. 2.969146244086505
list:
dist: 2.7026994567693436 vs. 2.7026994567693436
list:
dist: 1.4832563851925697 vs. 1.4832563851925697
list:
dist: 4.102607739658746 vs. 4.102607739658746
list:
dist: 2.682886053223669 vs. 2.682886053223669
list:
dist: 2.3389159029200948 vs. 2.3389159029200948
list:
dist: 2.9533615460604827 vs. 2.9533615460604827
list:
dist: 2.147912419972229 vs. 2.147912419972229
list:
dist: 1.0120300954998225 vs. 1.0120300954998225
list:
dist: 2.5978196884783533 vs. 2.5978196884783533
list:
dist: 1.1869531230829744 vs. 1.1869531230829744
list:
dist: 1.5092295288232085 vs. 1.5092295288232085
list:
dist: 1.2053932523495208 vs. 1.2053932523495208
list:
dist: 2.7352109682621717 vs. 2.7352109682621717
list:
dist: 1.4187509956688027 vs. 1.4187509956688027
list:
dist: 2.4645028325046523 vs. 2.4645028325046523
list:
dist: 2.9483771781957007 vs. 2.9483771781957007
list:
dist: 1.4613821301619603 vs. 1.4613821301619603
list:
dist: 1.3844918355061706 vs. 1.3844918355061706
list:
dist: 2.8942589336764466 vs. 2.8942589336764466
list:
dist: 1.2313319855215124 vs. 1.2313319855215124
list:
dist: 2.4404032767507835 vs. 2.4404032767507835
list:
dist: 1.1968664899554429 vs. 1.1968664899554429
list:
dist: 1.777894899682274 vs. 1.777894899682274
list:
dist: 2.748605580607634 vs. 2.748605580607634
list:
dist: 1.8913013108981105 vs. 1.8913013108981105
list:
dist: 3.762905499879243 vs. 3.762905499879243
list:
dist: 2.99988804104774 vs. 2.99988804104774
list:
dist: 2.515940209074783 vs. 2.515940209074783
list:
dist: 3.4631984600617285 vs. 3.4631984600617285
list:
dist: 3.1193770372603327 vs. 3.1193770372603327
list:
dist: 1.934477037608804 vs. 1.934477037608804
list:
dist: 2.9804576794015487 vs. 2.9804576794015487
list:
dist: 3.762905499879243 vs. 3.762905499879243
list:
dist: 2.7729709110677008 vs. 2.7729709110677008
list:
dist: 1.8860503547299048 vs. 1.8860503547299048
list:
dist: 3.3318762172142566 vs. 3.3318762172142566
list:
dist: 3.885982923871353 vs. 3.885982923871353
list:
dist: 2.889394263089543 vs. 2.889394263089543
list:
dist: 4.016243245471812 vs. 4.016243245471812
list:
dist: 2.4470860295148196 vs. 2.4470860295148196
list:
dist: 3.608068030684204 vs. 3.608068030684204
list:
dist: 3.801346678021217 vs. 3.801346678021217
list:
dist: 1.040228860727387 vs. 1.040228860727387
list:
dist: 1.358066826780992 vs. 1.358066826780992
list:
dist: 2.513629097109993 vs. 2.513629097109993
list:
dist: 3.0257557922307527 vs. 3.0257557922307527
list:
dist: 2.6790250406191993 vs. 2.6790250406191993
list:
dist: 3.7215201455471916 vs. 3.7215201455471916
list:
dist: 2.7521945023889014 vs. 2.7521945023889014
list:
dist: 1.5245625940809426 vs. 1.5245625940809426
list:
dist: 2.449087070772181 vs. 2.449087070772181
list:
dist: 1.1058475291900305 vs. 1.1058475291900305
list:
dist: 0.352122396496864 vs. 0.352122396496864
list:
dist: 1.634349779752782 vs. 1.634349779752782
list:
dist: 2.1699380289675143 vs. 2.1699380289675143
list:
dist: 3.4936382190654993 vs. 3.4936382190654993
list:
dist: 3.7810721290303757 vs. 3.7810721290303757
list:
dist: 2.2786300214520048 vs. 2.2786300214520048
list:
dist: 1.2053932523495208 vs. 1.2053932523495208
list:
dist: 2.1109839755862665 vs. 2.1109839755862665
list:
dist: 3.045186763004197 vs. 3.045186763004197
list:
dist: 1.222106199544051 vs. 1.222106199544051
list:
dist: 1.8897043839392105 vs. 1.8897043839392105
list:
dist: 1.5911570527445047 vs. 1.5911570527445047
list:
dist: 0.9948829932807726 vs. 0.9948829932807726
list:
dist: 2.6782515044100164 vs. 2.6782515044100164
list:
dist: 1.495673647497154 vs. 1.495673647497154
list:
dist: 2.551102789169575 vs. 2.551102789169575
list:
dist: 2.4374275580981113 vs. 2.4374275580981113
list:
dist: 3.1699032192024417 vs. 3.1699032192024417
list:
dist: 2.4383237438852823 vs. 2.4383237438852823
list:
dist: 2.4374275580981113 vs. 2.4374275580981113
list:
dist: 2.7647764560515107 vs. 2.7647764560515107
list:
dist: 2.6043887539397943 vs. 2.6043887539397943
list:
dist: 0.6536324092611134 vs. 0.6536324092611134
list:
dist: 2.301186337462509 vs. 2.301186337462509
list:
dist: 1.5083124121608604 vs. 1.5083124121608604
list:
dist: 2.22710478170309 vs. 2.22710478170309
list:
dist: 2.6153596050469545 vs. 2.6153596050469545
list:
dist: 0.640445378946224 vs. 0.640445378946224
list:
dist: 2.096257439406114 vs. 2.096257439406114
list:
dist: 3.870883487197026 vs. 3.870883487197026
list:
dist: 3.6368616330216974 vs. 3.6368616330216974
list:
dist: 4.37038490512178 vs. 4.37038490512178
list:
dist: 3.1585805565815472 vs. 3.1585805565815472
list:
dist: 3.358461125997234 vs. 3.358461125997234
list:
dist: 2.066670015673268 vs. 2.066670015673268
list:
dist: 2.5552085326759038 vs. 2.5552085326759038
list:
dist: 2.6888856413822135 vs. 2.6888856413822135
list:
dist: 2.6782515044100164 vs. 2.6782515044100164
list:
dist: 3.888623050823685 vs. 3.888623050823685
list:
dist: 2.8924620591181225 vs. 2.8924620591181225
list:
dist: 3.62520535990435 vs. 3.62520535990435
list:
dist: 2.8750544179589066 vs. 2.8750544179589066
list:
dist: 2.565853987326383 vs. 2.565853987326383
list:
dist: 2.748605580607634 vs. 2.748605580607634
list:
dist: 2.1851186625624126 vs. 2.1851186625624126
list:
dist: 0.6272540259667964 vs. 0.6272540259667964
list:
dist: 1.7727502484129674 vs. 1.7727502484129674
list:
dist: 1.8445271615532086 vs. 1.8445271615532086
list:
dist: 1.6816877567526611 vs. 1.6816877567526611
list:
dist: 1.975341360938646 vs. 1.975341360938646
list:
dist: 1.7170674762606335 vs. 1.7170674762606335
list:
dist: 1.6648909446913127 vs. 1.6648909446913127
list:
dist: 2.22710478170309 vs. 2.22710478170309
list:
dist: 2.4470860295148196 vs. 2.4470860295148196
list:
dist: 1.879273568890081 vs. 1.879273568890081
list:
dist: 1.425298473082048 vs. 1.425298473082048
list:
dist: 0.774778669629046 vs. 0.774778669629046
list:
dist: 3.2731634145333124 vs. 3.2731634145333124
list:
dist: 2.95806889124595 vs. 2.95806889124595
list:
dist: 3.572416612748762 vs. 3.572416612748762
list:
dist: 2.5309954059400743 vs. 2.5309954059400743
list:
dist: 2.071282901786936 vs. 2.071282901786936
list:
dist: 2.370961657691445 vs. 2.370961657691445
list:
dist: 1.6634300373790725 vs. 1.6634300373790725
list:
dist: 1.8106198924295862 vs. 1.8106198924295862
list:
dist: 1.5911570527445047 vs. 1.5911570527445047
list:
dist: 3.094410988179711 vs. 3.094410988179711
list:
dist: 1.9305693702820714 vs. 1.9305693702820714
list:
dist: 2.76914863291305 vs. 2.76914863291305
list:
dist: 2.6689326206177872 vs. 2.6689326206177872
list:
dist: 1.6770557468176104 vs. 1.6770557468176104
list:
dist: 1.1968664899554429 vs. 1.1968664899554429
list:
dist: 0.7474204854174139 vs. 0.7474204854174139
list:
dist: 1.8613564057460759 vs. 1.8613564057460759
list:
dist: 1.0126618194219734 vs. 1.0126618194219734
list:
dist: 1.6648490763575325 vs. 1.6648490763575325
list:
dist: 1.3828042020095843 vs. 1.3828042020095843
list:
dist: 1.6816877567526611 vs. 1.6816877567526611
list:
dist: 1.6149443309800284 vs. 1.6149443309800284
list:
dist: 2.1378549573611436 vs. 2.1378549573611436
list:
dist: 2.301186337462509 vs. 2.301186337462509
list:
dist: 2.889394263089543 vs. 2.889394263089543
list:
dist: 2.0186849323315608 vs. 2.0186849323315608
list:
dist: 1.5473744360298225 vs. 1.5473744360298225
list:
dist: 2.142476183246765 vs. 2.142476183246765
list:
dist: 1.8593554033391888 vs. 1.8593554033391888
list:
dist: 1.6157348185608973 vs. 1.6157348185608973
list:
dist: 1.9267923992526117 vs. 1.9267923992526117
list:
dist: 0.9441351002507397 vs. 0.9441351002507397
list:
dist: 1.5093131654729712 vs. 1.5093131654729712
list:
dist: 1.9495031174794548 vs. 1.9495031174794548
list:
dist: 1.4440123594927754 vs. 1.4440123594927754
list:
dist: 2.431880381002076 vs. 2.431880381002076
list:
dist: 2.2786300214520048 vs. 2.2786300214520048
list:
dist: 0.486155258588186 vs. 0.486155258588186
list:
dist: 1.3239889670845626 vs. 1.3239889670845626
list:
dist: 1.6405314484304288 vs. 1.6405314484304288
list:
dist: 1.4613821301619603 vs. 1.4613821301619603
list:
dist: 1.8908998390544758 vs. 1.8908998390544758
list:
dist: 2.4156362957255255 vs. 2.4156362957255255
list:
dist: 1.3985295889305003 vs. 1.3985295889305003
list:
dist: 3.2124028670612543 vs. 3.2124028670612543
list:
dist: 1.6770557468176104 vs. 1.6770557468176104
list:
dist: 2.609903659932668 vs. 2.609903659932668
list:
dist: 2.565853987326383 vs. 2.565853987326383
list:
dist: 1.8827750793811462 vs. 1.8827750793811462
list:
dist: 2.9804576794015487 vs. 2.9804576794015487
list:
dist: 2.5899342120690116 vs. 2.5899342120690116
list:
dist: 2.0210252718414914 vs. 2.0210252718414914
list:
dist: 1.9143984647776555 vs. 1.9143984647776555
list:
dist: 1.5748904423110208 vs. 1.5748904423110208
list:
dist: 2.3431344875961706 vs. 2.3431344875961706
list:
dist: 1.7216239171461016 vs. 1.7216239171461016
list:
dist: 2.5087879780603037 vs. 2.5087879780603037
list:
dist: 1.0084229605743062 vs. 1.0084229605743062
list:
dist: 1.6889079193037475 vs. 1.6889079193037475
list:
dist: 1.5245625940809426 vs. 1.5245625940809426
list:
dist: 2.8329235499507845 vs. 2.8329235499507845
list:
dist: 1.1492009799887355 vs. 1.1492009799887355
list:
dist: 2.3818586037322484 vs. 2.3818586037322484
list:
dist: 3.1333626335664944 vs. 3.1333626335664944
list:
dist: 1.5093131654729712 vs. 1.5093131654729712
list:
dist: 1.0120300954998225 vs. 1.0120300954998225
list:
dist: 2.3432697103810116 vs. 2.3432697103810116
list:
dist: 3.464559079375864 vs. 3.464559079375864
list:
dist: 1.615519577263851 vs. 1.615519577263851
list:
dist: 3.2068131332930863 vs. 3.2068131332930863
list:
dist: 2.071282901786936 vs. 2.071282901786936
list:
dist: 2.367439064946019 vs. 2.367439064946019
list:
dist: 3.358461125997234 vs. 3.358461125997234
list:
dist: 2.060076502901671 vs. 2.060076502901671
list:
dist: 1.4846044346618026 vs. 1.4846044346618026
list:
dist: 1.2079583563958403 vs. 1.2079583563958403
list:
dist: 1.6819042509042614 vs. 1.6819042509042614
list:
dist: 0.7412913417420014 vs. 0.7412913417420014
list:
dist: 1.1492009799887355 vs. 1.1492009799887355
list:
dist: 1.9783934331236002 vs. 1.9783934331236002
list:
dist: 1.2452826597219708 vs. 1.2452826597219708
list:
dist: 2.3039189268809284 vs. 2.3039189268809284
list:
dist: 2.1699380289675143 vs. 2.1699380289675143
list:
dist: 1.455395970199876 vs. 1.455395970199876
list:
dist: 2.0290316734020677 vs. 2.0290316734020677
list:
dist: 0.486155258588186 vs. 0.486155258588186
list:
dist: 1.4187509956688027 vs. 1.4187509956688027
list:
dist: 2.1866218001319226 vs. 2.1866218001319226
list:
dist: 2.803099865354581 vs. 2.803099865354581
list:
dist: 1.4798408997332833 vs. 1.4798408997332833
list:
dist: 3.3779755222277292 vs. 3.3779755222277292
list:
dist: 1.9305693702820714 vs. 1.9305693702820714
list:
dist: 2.66744550622519 vs. 2.66744550622519
list:
dist: 2.8924620591181225 vs. 2.8924620591181225
list:
dist: 1.914277724539888 vs. 1.914277724539888
list:
dist: 3.4631984600617285 vs. 3.4631984600617285
list:
dist: 3.063482666343921 vs. 3.063482666343921
list:
dist: 2.4845671432154868 vs. 2.4845671432154868
list:
dist: 2.8329235499507845 vs. 2.8329235499507845
list:
dist: 2.5457093615449486 vs. 2.5457093615449486
list:
dist: 1.4914417730484566 vs. 1.4914417730484566
list:
dist: 1.634349779752782 vs. 1.634349779752782
list:
dist: 2.7352109682621717 vs. 2.7352109682621717
list:
dist: 3.559319696584939 vs. 3.559319696584939
list:
dist: 2.7649009450078004 vs. 2.7649009450078004
list:
dist: 2.552563983281791 vs. 2.552563983281791
list:
dist: 3.094410988179711 vs. 3.094410988179711
list:
dist: 1.9566272367223356 vs. 1.9566272367223356
list:
dist: 3.888623050823685 vs. 3.888623050823685
list:
dist: 2.7504139766914353 vs. 2.7504139766914353
list:
dist: 3.13855707490539 vs. 3.13855707490539
list:
dist: 2.7647764560515107 vs. 2.7647764560515107
list:
dist: 2.4845671432154868 vs. 2.4845671432154868
list:
dist: 2.6628110746705937 vs. 2.6628110746705937
list:
dist: 1.8403710607138053 vs. 1.8403710607138053
list:
dist: 2.0210252718414914 vs. 2.0210252718414914
list:
dist: 2.515940209074783 vs. 2.515940209074783
list:
dist: 1.5840742835381372 vs. 1.5840742835381372
list:
dist: 1.0468950180473091 vs. 1.0468950180473091
list:
dist: 2.0402254766834926 vs. 2.0402254766834926
list:
dist: 2.6410655528257783 vs. 2.6410655528257783
list:
dist: 1.5473744360298225 vs. 1.5473744360298225
list:
dist: 2.675405901329441 vs. 2.675405901329441
list:
dist: 1.425298473082048 vs. 1.425298473082048
list:
dist: 2.3897397519266748 vs. 2.3897397519266748
list:
dist: 2.7026994567693436 vs. 2.7026994567693436
list:
dist: 1.358066826780992 vs. 1.358066826780992
list:
dist: 0.6829688349513302 vs. 0.6829688349513302
list:
dist: 1.7297729379941764 vs. 1.7297729379941764
list:
dist: 1.968349111781957 vs. 1.968349111781957
list:
dist: 1.6284014293985944 vs. 1.6284014293985944
list:
dist: 2.742410324612082 vs. 2.742410324612082
list:
dist: 1.6955899300771975 vs. 1.6955899300771975
list:
dist: 1.0084229605743062 vs. 1.0084229605743062
list:
dist: 1.636732995351664 vs. 1.636732995351664
list:
dist: 1.1251968290398535 vs. 1.1251968290398535
list:
dist: 1.1058475291900305 vs. 1.1058475291900305
list:
dist: 2.5457093615449486 vs. 2.5457093615449486
list:
dist: 1.2452826597219708 vs. 1.2452826597219708
list:
dist: 2.68456504526114 vs. 2.68456504526114
list:
dist: 2.9895834246204305 vs. 2.9895834246204305
list:
dist: 1.4440123594927754 vs. 1.4440123594927754
list:
dist: 1.1869531230829744 vs. 1.1869531230829744
list:
dist: 2.2219270729289966 vs. 2.2219270729289966
list:
dist: 2.7383407465130323 vs. 2.7383407465130323
list:
dist: 0.8132623777170385 vs. 0.8132623777170385
list:
dist: 2.5627884644362138 vs. 2.5627884644362138
list:
dist: 1.6634300373790725 vs. 1.6634300373790725
list:
dist: 1.6843367908078137 vs. 1.6843367908078137
list:
dist: 2.5552085326759038 vs. 2.5552085326759038
list:
dist: 1.0661802526783626 vs. 1.0661802526783626
list:
dist: 3.075538426791395 vs. 3.075538426791395
list:
dist: 3.1699032192024417 vs. 3.1699032192024417
list:
dist: 3.0147893439677906 vs. 3.0147893439677906
list:
dist: 2.679783989383951 vs. 2.679783989383951
list:
dist: 3.8232443301964385 vs. 3.8232443301964385
list:
dist: 2.818978733549894 vs. 2.818978733549894
list:
dist: 1.6889079193037475 vs. 1.6889079193037475
list:
dist: 2.325964104238228 vs. 2.325964104238228
list:
dist: 1.1251968290398535 vs. 1.1251968290398535
list:
dist: 0.352122396496864 vs. 0.352122396496864
list:
dist: 1.4914417730484566 vs. 1.4914417730484566
list:
dist: 2.3039189268809284 vs. 2.3039189268809284
list:
dist: 3.6823838975423264 vs. 3.6823838975423264
list:
dist: 3.9220466900068334 vs. 3.9220466900068334
list:
dist: 2.431880381002076 vs. 2.431880381002076
list:
dist: 1.5092295288232085 vs. 1.5092295288232085
list:
dist: 2.3933406379429614 vs. 2.3933406379429614
list:
dist: 3.085287789842814 vs. 3.085287789842814
list:
dist: 1.287750883551564 vs. 1.287750883551564
list:
dist: 1.9294499966912382 vs. 1.9294499966912382
list:
dist: 1.8106198924295862 vs. 1.8106198924295862
list:
dist: 0.9947456933240219 vs. 0.9947456933240219
list:
dist: 2.6888856413822135 vs. 2.6888856413822135
list:
dist: 1.3819240981463234 vs. 1.3819240981463234
list:
dist: 2.5397480625193714 vs. 2.5397480625193714
list:
dist: 2.4383237438852823 vs. 2.4383237438852823
list:
dist: 3.64529538922832 vs. 3.64529538922832
list:
dist: 3.338932713586279 vs. 3.338932713586279
list:
dist: 3.6897253090842157 vs. 3.6897253090842157
list:
dist: 2.825906506357345 vs. 2.825906506357345
list:
dist: 2.3432697103810116 vs. 2.3432697103810116
list:
dist: 3.0186577989980194 vs. 3.0186577989980194
list:
dist: 2.2219270729289966 vs. 2.2219270729289966
list:
dist: 2.3933406379429614 vs. 2.3933406379429614
list:
dist: 2.1109839755862665 vs. 2.1109839755862665
list:
dist: 3.559319696584939 vs. 3.559319696584939
list:
dist: 2.1866218001319226 vs. 2.1866218001319226
list:
dist: 2.6775022446919348 vs. 2.6775022446919348
list:
dist: 2.666449632540558 vs. 2.666449632540558
list:
dist: 1.8908998390544758 vs. 1.8908998390544758
list:
dist: 1.3844918355061706 vs. 1.3844918355061706
list:
dist: 2.2442207945921813 vs. 2.2442207945921813
list:
dist: 1.6950360961964182 vs. 1.6950360961964182
list:
dist: 2.1129440768556407 vs. 2.1129440768556407
list:
dist: 0.7474204854174139 vs. 0.7474204854174139
list:
dist: 2.0037107401420124 vs. 2.0037107401420124
list:
dist: 2.1851186625624126 vs. 2.1851186625624126
list:
dist: 2.3433895902109447 vs. 2.3433895902109447
list:
dist: 2.7729709110677008 vs. 2.7729709110677008
list:
dist: 1.8448246376378894 vs. 1.8448246376378894
list:
dist: 1.5840742835381372 vs. 1.5840742835381372
list:
dist: 4.4589332672531174 vs. 4.4589332672531174
list:
dist: 4.137879160140098 vs. 4.137879160140098
list:
dist: 5.057949510190547 vs. 5.057949510190547
list:
dist: 3.9143467972240753 vs. 3.9143467972240753
list:
dist: 3.2068131332930863 vs. 3.2068131332930863
list:
dist: 3.0240340110659965 vs. 3.0240340110659965
list:
dist: 2.5627884644362138 vs. 2.5627884644362138
list:
dist: 1.9294499966912382 vs. 1.9294499966912382
list:
dist: 1.8897043839392105 vs. 1.8897043839392105
list:
dist: 2.552563983281791 vs. 2.552563983281791
list:
dist: 3.3779755222277292 vs. 3.3779755222277292
list:
dist: 4.40997093539941 vs. 4.40997093539941
list:
dist: 4.155494258755125 vs. 4.155494258755125
list:
dist: 3.2124028670612543 vs. 3.2124028670612543
list:
dist: 2.4404032767507835 vs. 2.4404032767507835
list:
dist: 2.1129440768556407 vs. 2.1129440768556407
list:
dist: 2.404162453007757 vs. 2.404162453007757
list:
dist: 1.9762259051425484 vs. 1.9762259051425484
list:
dist: 1.6648490763575325 vs. 1.6648490763575325
list:
dist: 0.9507033725768961 vs. 0.9507033725768961
list:
dist: 1.8445271615532086 vs. 1.8445271615532086
list:
dist: 2.0727564056031986 vs. 2.0727564056031986
list:
dist: 0.7551928923518004 vs. 0.7551928923518004
list:
dist: 0.6536324092611134 vs. 0.6536324092611134
list:
dist: 3.885982923871353 vs. 3.885982923871353
list:
dist: 2.969948097680039 vs. 2.969948097680039
list:
dist: 2.6410655528257783 vs. 2.6410655528257783
list:
dist: 1.9063237360080112 vs. 1.9063237360080112
list:
dist: 1.0782901238265035 vs. 1.0782901238265035
list:
dist: 2.4537417253454734 vs. 2.4537417253454734
list:
dist: 1.9063237360080112 vs. 1.9063237360080112
list:
dist: 2.142476183246765 vs. 2.142476183246765
list:
dist: 2.367558304605185 vs. 2.367558304605185
list:
dist: 0.774778669629046 vs. 0.774778669629046
list:
dist: 2.426325063847416 vs. 2.426325063847416
list:
dist: 1.4832563851925697 vs. 1.4832563851925697
list:
dist: 2.096257439406114 vs. 2.096257439406114
list:
dist: 2.513629097109993 vs. 2.513629097109993
list:
dist: 1.9237936930396455 vs. 1.9237936930396455
list:
dist: 1.7297729379941764 vs. 1.7297729379941764
list:
dist: 3.780483547299662 vs. 3.780483547299662
list:
dist: 3.580371195065629 vs. 3.580371195065629
list:
dist: 4.139678633929066 vs. 4.139678633929066
list:
dist: 2.985400907833798 vs. 2.985400907833798
list:
dist: 3.464559079375864 vs. 3.464559079375864
list:
dist: 2.1055530678767327 vs. 2.1055530678767327
list:
dist: 2.7383407465130323 vs. 2.7383407465130323
list:
dist: 3.085287789842814 vs. 3.085287789842814
list:
dist: 3.045186763004197 vs. 3.045186763004197
list:
dist: 2.803099865354581 vs. 2.803099865354581
list:
dist: 3.3079515788795204 vs. 3.3079515788795204
list:
dist: 2.386893606555943 vs. 2.386893606555943
list:
dist: 2.4156362957255255 vs. 2.4156362957255255
list:
dist: 2.8942589336764466 vs. 2.8942589336764466
list:
dist: 2.2442207945921813 vs. 2.2442207945921813
list:
dist: 1.9830922602020242 vs. 1.9830922602020242
list:
dist: 2.404162453007757 vs. 2.404162453007757
list:
dist: 1.8613564057460759 vs. 1.8613564057460759
list:
dist: 2.472532085823736 vs. 2.472532085823736
list:
dist: 0.6272540259667964 vs. 0.6272540259667964
list:
dist: 2.003081634842242 vs. 2.003081634842242
list:
dist: 2.2557520525507946 vs. 2.2557520525507946
list:
dist: 1.8860503547299048 vs. 1.8860503547299048
list:
dist: 1.505383440576555 vs. 1.505383440576555
list:
dist: 1.0468950180473091 vs. 1.0468950180473091
list:
dist: 1.0782901238265035 vs. 1.0782901238265035
700
rk
<OccurredElementalReaction>
	 elmtlRkId: 4
	 p(id,type,coords) 149 5 15.722813297022965 -4.783132031551032 9.711126297797671
</OccurredElementalReaction>
800
Neighbor List consistency Check...
--------
nle(id0,id1,dist): 5 6 1.88014846029884
list:
dist: 1.88014846029884 vs. 1.88014846029884
--------
nle(id0,id1,dist): 5 7 3.614080105319867
list:
dist: 3.614080105319867 vs. 3.614080105319867
--------
nle(id0,id1,dist): 5 14 3.8637435129304922
list:
dist: 3.8637435129304922 vs. 3.8637435129304922
--------
nle(id0,id1,dist): 5 8 3.3266344680816196
list:
dist: 3.3266344680816196 vs. 3.3266344680816196
--------
nle(id0,id1,dist): 5 10 1.3906288170966459
list:
dist: 1.3906288170966459 vs. 1.3906288170966459
--------
nle(id0,id1,dist): 4 11 1.537776752966341
list:
dist: 1.537776752966341 vs. 1.537776752966341
--------
nle(id0,id1,dist): 4 12 1.7635887968120754
list:
dist: 1.7635887968120754 vs. 1.7635887968120754
--------
nle(id0,id1,dist): 4 9 1.4811681917673583
list:
dist: 1.4811681917673583 vs. 1.4811681917673583
--------
nle(id0,id1,dist): 4 7 2.4038948920758507
list:
dist: 2.4038948920758507 vs. 2.4038948920758507
--------
nle(id0,id1,dist): 4 18 1.8726201360619767
list:
dist: 1.8726201360619767 vs. 1.8726201360619767
--------
nle(id0,id1,dist): 4 17 1.8979659752283136
list:
dist: 1.8979659752283136 vs. 1.8979659752283136
--------
nle(id0,id1,dist): 4 16 2.8731744455317045
list:
dist: 2.8731744455317045 vs. 2.8731744455317045
--------
nle(id0,id1,dist): 6 24 4.156445826214494
list:
dist: 4.156445826214494 vs. 4.156445826214494
--------
nle(id0,id1,dist): 7 9 1.6463441659446454
list:
dist: 1.6463441659446454 vs. 1.6463441659446454
--------
nle(id0,id1,dist): 7 8 2.680957556148395
list:
dist: 2.680957556148395 vs. 2.680957556148395
--------
nle(id0,id1,dist): 7 11 2.2174522277825366
list:
dist: 2.2174522277825366 vs. 2.2174522277825366
--------
nle(id0,id1,dist): 7 10 2.411567955078532
list:
dist: 2.411567955078532 vs. 2.411567955078532
--------
nle(id0,id1,dist): 7 13 2.6178022370458223
list:
dist: 2.6178022370458223 vs. 2.6178022370458223
--------
nle(id0,id1,dist): 7 12 2.3682603980995394
list:
dist: 2.3682603980995394 vs. 2.3682603980995394
--------
nle(id0,id1,dist): 5 24 3.5670852734742624
list:
dist: 3.5670852734742624 vs. 3.5670852734742624
--------
nle(id0,id1,dist): 6 14 3.4962826658168527
list:
dist: 3.4962826658168527 vs. 3.4962826658168527
--------
nle(id0,id1,dist): 6 10 1.1940141348216229
list:
dist: 1.1940141348216229 vs. 1.1940141348216229
--------
nle(id0,id1,dist): 6 8 1.6973529123032554
list:
dist: 1.6973529123032554 vs. 1.6973529123032554
--------
nle(id0,id1,dist): 6 7 2.5597096574235643
list:
dist: 2.5597096574235643 vs. 2.5597096574235643
--------
nle(id0,id1,dist): 8 14 4.495590080726044
list:
dist: 4.495590080726044 vs. 4.495590080726044
--------
nle(id0,id1,dist): 8 10 2.2328315983070666
list:
dist: 2.2328315983070666 vs. 2.2328315983070666
--------
nle(id0,id1,dist): 7 21 1.9119538504208573
list:
dist: 1.9119538504208573 vs. 1.9119538504208573
--------
nle(id0,id1,dist): 7 19 2.9614880903344885
list:
dist: 2.9614880903344885 vs. 2.9614880903344885
--------
nle(id0,id1,dist): 7 18 1.2306512554152396
list:
dist: 1.2306512554152396 vs. 1.2306512554152396
--------
nle(id0,id1,dist): 7 17 2.270901344981789
list:
dist: 2.270901344981789 vs. 2.270901344981789
--------
nle(id0,id1,dist): 7 16 2.439341648963205
list:
dist: 2.439341648963205 vs. 2.439341648963205
--------
nle(id0,id1,dist): 7 15 2.5664090553631564
list:
dist: 2.5664090553631564 vs. 2.5664090553631564
--------
nle(id0,id1,dist): 7 14 2.3619283880855804
list:
dist: 2.3619283880855804 vs. 2.3619283880855804
--------
nle(id0,id1,dist): 7 27 2.21192752256656
list:
dist: 2.21192752256656 vs. 2.21192752256656
--------
nle(id0,id1,dist): 10 14 3.4051960832486654
list:
dist: 3.4051960832486654 vs. 3.4051960832486654
--------
nle(id0,id1,dist): 10 24 3.629758042062965
list:
dist: 3.629758042062965 vs. 3.629758042062965
--------
nle(id0,id1,dist): 9 11 0.6796498958989442
list:
dist: 0.6796498958989442 vs. 0.6796498958989442
--------
nle(id0,id1,dist): 9 15 2.246419512360024
list:
dist: 2.246419512360024 vs. 2.246419512360024
--------
nle(id0,id1,dist): 9 14 3.257195749851361
list:
dist: 3.257195749851361 vs. 3.257195749851361
--------
nle(id0,id1,dist): 9 13 2.764179840639254
list:
dist: 2.764179840639254 vs. 2.764179840639254
--------
nle(id0,id1,dist): 9 12 1.2604130900933743
list:
dist: 1.2604130900933743 vs. 1.2604130900933743
--------
nle(id0,id1,dist): 9 19 2.4601186811906235
list:
dist: 2.4601186811906235 vs. 2.4601186811906235
--------
nle(id0,id1,dist): 9 18 1.0939236286505674
list:
dist: 1.0939236286505674 vs. 1.0939236286505674
--------
nle(id0,id1,dist): 9 17 2.0598774088438456
list:
dist: 2.0598774088438456 vs. 2.0598774088438456
--------
nle(id0,id1,dist): 9 16 1.6687441898326145
list:
dist: 1.6687441898326145 vs. 1.6687441898326145
--------
nle(id0,id1,dist): 9 21 1.76186021617888
list:
dist: 1.76186021617888 vs. 1.76186021617888
--------
nle(id0,id1,dist): 9 27 2.777955399573633
list:
dist: 2.777955399573633 vs. 2.777955399573633
--------
nle(id0,id1,dist): 12 19 2.7256171368018407
list:
dist: 2.7256171368018407 vs. 2.7256171368018407
--------
nle(id0,id1,dist): 12 18 1.1864532909526488
list:
dist: 1.1864532909526488 vs. 1.1864532909526488
--------
nle(id0,id1,dist): 12 17 1.4006830740395455
list:
dist: 1.4006830740395455 vs. 1.4006830740395455
--------
nle(id0,id1,dist): 12 16 1.3332702235387435
list:
dist: 1.3332702235387435 vs. 1.3332702235387435
--------
nle(id0,id1,dist): 12 15 2.1711884455739594
list:
dist: 2.1711884455739594 vs. 2.1711884455739594
--------
nle(id0,id1,dist): 12 14 3.3932364414964065
list:
dist: 3.3932364414964065 vs. 3.3932364414964065
--------
nle(id0,id1,dist): 12 13 3.3127259262367077
list:
dist: 3.3127259262367077 vs. 3.3127259262367077
--------
nle(id0,id1,dist): 11 27 3.1885391723100462
list:
dist: 3.1885391723100462 vs. 3.1885391723100462
--------
nle(id0,id1,dist): 11 19 2.4853019066115842
list:
dist: 2.4853019066115842 vs. 2.4853019066115842
--------
nle(id0,id1,dist): 11 18 1.3177517720370067
list:
dist: 1.3177517720370067 vs. 1.3177517720370067
--------
nle(id0,id1,dist): 11 21 1.9746985111133906
list:
dist: 1.9746985111133906 vs. 1.9746985111133906
--------
nle(id0,id1,dist): 11 15 2.2119909196974374
list:
dist: 2.2119909196974374 vs. 2.2119909196974374
--------
nle(id0,id1,dist): 11 14 3.528505681780081
list:
dist: 3.528505681780081 vs. 3.528505681780081
--------
nle(id0,id1,dist): 11 17 1.9628648138123739
list:
dist: 1.9628648138123739 vs. 1.9628648138123739
--------
nle(id0,id1,dist): 11 16 1.4438530969179508
list:
dist: 1.4438530969179508 vs. 1.4438530969179508
--------
nle(id0,id1,dist): 11 13 3.0460682941916746
list:
dist: 3.0460682941916746 vs. 3.0460682941916746
--------
nle(id0,id1,dist): 11 12 0.786708003048383
list:
dist: 0.786708003048383 vs. 0.786708003048383
--------
nle(id0,id1,dist): 13 27 0.735419657079011
list:
dist: 0.735419657079011 vs. 0.735419657079011
--------
nle(id0,id1,dist): 13 24 2.153024816094358
list:
dist: 2.153024816094358 vs. 2.153024816094358
--------
nle(id0,id1,dist): 13 25 3.5136169282480165
list:
dist: 3.5136169282480165 vs. 3.5136169282480165
--------
nle(id0,id1,dist): 13 28 2.237122633772859
list:
dist: 2.237122633772859 vs. 2.237122633772859
--------
nle(id0,id1,dist): 13 18 2.798045578122304
list:
dist: 2.798045578122304 vs. 2.798045578122304
--------
nle(id0,id1,dist): 13 19 1.1633021935864813
list:
dist: 1.1633021935864813 vs. 1.1633021935864813
--------
nle(id0,id1,dist): 13 16 2.2241730089500424
list:
dist: 2.2241730089500424 vs. 2.2241730089500424
--------
nle(id0,id1,dist): 13 17 4.040530576911199
list:
dist: 4.040530576911199 vs. 4.040530576911199
--------
nle(id0,id1,dist): 13 22 2.480034989905701
list:
dist: 2.480034989905701 vs. 2.480034989905701
--------
nle(id0,id1,dist): 13 23 1.1699935430308397
list:
dist: 1.1699935430308397 vs. 1.1699935430308397
--------
nle(id0,id1,dist): 13 21 1.159268916457954
list:
dist: 1.159268916457954 vs. 1.159268916457954
--------
nle(id0,id1,dist): 13 15 1.5618419960842103
list:
dist: 1.5618419960842103 vs. 1.5618419960842103
--------
nle(id0,id1,dist): 13 14 2.0087293649142053
list:
dist: 2.0087293649142053 vs. 2.0087293649142053
--------
nle(id0,id1,dist): 12 21 2.1626381458346726
list:
dist: 2.1626381458346726 vs. 2.1626381458346726
--------
nle(id0,id1,dist): 12 27 3.445788841037364
list:
dist: 3.445788841037364 vs. 3.445788841037364
--------
nle(id0,id1,dist): 15 28 2.7659192945737185
list:
dist: 2.7659192945737185 vs. 2.7659192945737185
--------
nle(id0,id1,dist): 15 27 1.958605893784196
list:
dist: 1.958605893784196 vs. 1.958605893784196
--------
nle(id0,id1,dist): 15 24 3.1896749409387417
list:
dist: 3.1896749409387417 vs. 3.1896749409387417
--------
nle(id0,id1,dist): 15 25 3.810899322208764
list:
dist: 3.810899322208764 vs. 3.810899322208764
--------
nle(id0,id1,dist): 15 22 2.746431853976308
list:
dist: 2.746431853976308 vs. 2.746431853976308
--------
nle(id0,id1,dist): 15 23 1.9337455261069758
list:
dist: 1.9337455261069758 vs. 1.9337455261069758
--------
nle(id0,id1,dist): 15 21 0.8566267100427739
list:
dist: 0.8566267100427739 vs. 0.8566267100427739
--------
nle(id0,id1,dist): 15 19 1.0084957720435703
list:
dist: 1.0084957720435703 vs. 1.0084957720435703
--------
nle(id0,id1,dist): 15 18 2.0387973056152404
list:
dist: 2.0387973056152404 vs. 2.0387973056152404
--------
nle(id0,id1,dist): 15 17 2.997064986445374
list:
dist: 2.997064986445374 vs. 2.997064986445374
--------
nle(id0,id1,dist): 15 16 0.8804518899190263
list:
dist: 0.8804518899190263 vs. 0.8804518899190263
--------
nle(id0,id1,dist): 14 27 1.7261700957658594
list:
dist: 1.7261700957658594 vs. 1.7261700957658594
--------
nle(id0,id1,dist): 14 16 2.58250332458725
list:
dist: 2.58250332458725 vs. 2.58250332458725
--------
nle(id0,id1,dist): 14 15 2.0011593370843364
list:
dist: 2.0011593370843364 vs. 2.0011593370843364
--------
nle(id0,id1,dist): 14 18 2.565368638120642
list:
dist: 2.565368638120642 vs. 2.565368638120642
--------
nle(id0,id1,dist): 14 17 3.4331522039365647
list:
dist: 3.4331522039365647 vs. 3.4331522039365647
--------
nle(id0,id1,dist): 14 24 1.9408666140663682
list:
dist: 1.9408666140663682 vs. 1.9408666140663682
--------
nle(id0,id1,dist): 14 23 2.1279136277396984
list:
dist: 2.1279136277396984 vs. 2.1279136277396984
--------
nle(id0,id1,dist): 14 19 2.5927381626586
list:
dist: 2.5927381626586 vs. 2.5927381626586
--------
nle(id0,id1,dist): 14 21 1.9283305927980225
list:
dist: 1.9283305927980225 vs. 1.9283305927980225
--------
nle(id0,id1,dist): 17 18 1.3157859847157158
list:
dist: 1.3157859847157158 vs. 1.3157859847157158
--------
nle(id0,id1,dist): 17 19 3.757640105696363
list:
dist: 3.757640105696363 vs. 3.757640105696363
--------
nle(id0,id1,dist): 17 21 2.9239565813791755
list:
dist: 2.9239565813791755 vs. 2.9239565813791755
--------
nle(id0,id1,dist): 17 27 3.9493534483535493
list:
dist: 3.9493534483535493 vs. 3.9493534483535493
--------
nle(id0,id1,dist): 16 17 2.371576235474387
list:
dist: 2.371576235474387 vs. 2.371576235474387
--------
nle(id0,id1,dist): 16 18 1.5627893086832743
list:
dist: 1.5627893086832743 vs. 1.5627893086832743
--------
nle(id0,id1,dist): 16 19 1.5065638984439884
list:
dist: 1.5065638984439884 vs. 1.5065638984439884
--------
nle(id0,id1,dist): 16 21 1.182022068931294
list:
dist: 1.182022068931294 vs. 1.182022068931294
--------
nle(id0,id1,dist): 16 27 2.539770038106165
list:
dist: 2.539770038106165 vs. 2.539770038106165
--------
nle(id0,id1,dist): 1 2 2.02748703153276
list:
dist: 2.02748703153276 vs. 2.02748703153276
--------
nle(id0,id1,dist): 1 5 1.7403270838538993
list:
dist: 1.7403270838538993 vs. 1.7403270838538993
--------
nle(id0,id1,dist): 1 6 1.2786379427126071
list:
dist: 1.2786379427126071 vs. 1.2786379427126071
--------
nle(id0,id1,dist): 1 7 2.2824145640405598
list:
dist: 2.2824145640405598 vs. 2.2824145640405598
--------
nle(id0,id1,dist): 1 8 2.7819291264378285
list:
dist: 2.7819291264378285 vs. 2.7819291264378285
--------
nle(id0,id1,dist): 1 10 1.3746718442783068
list:
dist: 1.3746718442783068 vs. 1.3746718442783068
--------
nle(id0,id1,dist): 2 5 3.497035460097152
list:
dist: 3.497035460097152 vs. 3.497035460097152
--------
nle(id0,id1,dist): 2 6 2.559860673071435
list:
dist: 2.559860673071435 vs. 2.559860673071435
--------
nle(id0,id1,dist): 1 14 2.3899343329353924
list:
dist: 2.3899343329353924 vs. 2.3899343329353924
--------
nle(id0,id1,dist): 1 24 2.914640599029153
list:
dist: 2.914640599029153 vs. 2.914640599029153
--------
nle(id0,id1,dist): 2 27 1.9080187944801168
list:
dist: 1.9080187944801168 vs. 1.9080187944801168
--------
nle(id0,id1,dist): 2 23 3.193478821913984
list:
dist: 3.193478821913984 vs. 3.193478821913984
--------
nle(id0,id1,dist): 2 24 3.1376125600173332
list:
dist: 3.1376125600173332 vs. 3.1376125600173332
--------
nle(id0,id1,dist): 2 12 2.482921246529344
list:
dist: 2.482921246529344 vs. 2.482921246529344
--------
nle(id0,id1,dist): 2 11 2.431660591702766
list:
dist: 2.431660591702766 vs. 2.431660591702766
--------
nle(id0,id1,dist): 2 14 1.8160785304355864
list:
dist: 1.8160785304355864 vs. 1.8160785304355864
--------
nle(id0,id1,dist): 2 13 2.3416521835752038
list:
dist: 2.3416521835752038 vs. 2.3416521835752038
--------
nle(id0,id1,dist): 2 8 2.9849720962315978
list:
dist: 2.9849720962315978 vs. 2.9849720962315978
--------
nle(id0,id1,dist): 2 7 0.552431666532554
list:
dist: 0.552431666532554 vs. 0.552431666532554
--------
nle(id0,id1,dist): 2 10 2.4457583683480753
list:
dist: 2.4457583683480753 vs. 2.4457583683480753
--------
nle(id0,id1,dist): 2 9 1.9359823260876656
list:
dist: 1.9359823260876656 vs. 1.9359823260876656
--------
nle(id0,id1,dist): 2 19 2.7703303004170547
list:
dist: 2.7703303004170547 vs. 2.7703303004170547
--------
nle(id0,id1,dist): 2 21 1.7039545005790446
list:
dist: 1.7039545005790446 vs. 1.7039545005790446
--------
nle(id0,id1,dist): 2 16 2.3186030975240977
list:
dist: 2.3186030975240977 vs. 2.3186030975240977
--------
nle(id0,id1,dist): 2 15 2.290601936060421
list:
dist: 2.290601936060421 vs. 2.290601936060421
--------
nle(id0,id1,dist): 2 18 1.3287289637181972
list:
dist: 1.3287289637181972 vs. 1.3287289637181972
--------
nle(id0,id1,dist): 2 17 2.3823483005153974
list:
dist: 2.3823483005153974 vs. 2.3823483005153974
--------
nle(id0,id1,dist): 3 18 2.2873410550333357
list:
dist: 2.2873410550333357 vs. 2.2873410550333357
--------
nle(id0,id1,dist): 3 9 2.0559232434396817
list:
dist: 2.0559232434396817 vs. 2.0559232434396817
--------
nle(id0,id1,dist): 3 7 3.110363482409073
list:
dist: 3.110363482409073 vs. 3.110363482409073
--------
nle(id0,id1,dist): 3 4 0.9212182912738945
list:
dist: 0.9212182912738945 vs. 0.9212182912738945
--------
nle(id0,id1,dist): 3 17 1.8418517403842065
list:
dist: 1.8418517403842065 vs. 1.8418517403842065
--------
nle(id0,id1,dist): 3 16 3.0398458127585664
list:
dist: 3.0398458127585664 vs. 3.0398458127585664
--------
nle(id0,id1,dist): 3 12 1.7408405225952235
list:
dist: 1.7408405225952235 vs. 1.7408405225952235
--------
nle(id0,id1,dist): 3 11 1.7982594340985536
list:
dist: 1.7982594340985536 vs. 1.7982594340985536
--------
nle(id0,id1,dist): 36 55 0.8917304366163161
list:
dist: 0.8917304366163161 vs. 0.8917304366163161
--------
nle(id0,id1,dist): 36 59 3.339954601221102
list:
dist: 3.339954601221102 vs. 3.339954601221102
--------
nle(id0,id1,dist): 36 45 0.9020934241834978
list:
dist: 0.9020934241834978 vs. 0.9020934241834978
--------
nle(id0,id1,dist): 36 46 2.181656154740653
list:
dist: 2.181656154740653 vs. 2.181656154740653
--------
nle(id0,id1,dist): 36 51 3.0531891459213916
list:
dist: 3.0531891459213916 vs. 3.0531891459213916
--------
nle(id0,id1,dist): 36 49 2.1767392455263015
list:
dist: 2.1767392455263015 vs. 2.1767392455263015
--------
nle(id0,id1,dist): 36 50 2.3107623564830164
list:
dist: 2.3107623564830164 vs. 2.3107623564830164
--------
nle(id0,id1,dist): 36 39 2.9618761265579456
list:
dist: 2.9618761265579456 vs. 2.9618761265579456
--------
nle(id0,id1,dist): 36 38 1.481682504908567
list:
dist: 1.481682504908567 vs. 1.481682504908567
--------
nle(id0,id1,dist): 36 42 2.124380030021601
list:
dist: 2.124380030021601 vs. 2.124380030021601
--------
nle(id0,id1,dist): 35 56 2.9962034502111017
list:
dist: 2.9962034502111017 vs. 2.9962034502111017
--------
nle(id0,id1,dist): 35 57 3.918595873208632
list:
dist: 3.918595873208632 vs. 3.918595873208632
--------
nle(id0,id1,dist): 35 53 3.326004631550799
list:
dist: 3.326004631550799 vs. 3.326004631550799
--------
nle(id0,id1,dist): 35 47 1.6371789450075136
list:
dist: 1.6371789450075136 vs. 1.6371789450075136
--------
nle(id0,id1,dist): 35 43 1.6633865088950988
list:
dist: 1.6633865088950988 vs. 1.6633865088950988
--------
nle(id0,id1,dist): 35 44 2.5663920394328366
list:
dist: 2.5663920394328366 vs. 2.5663920394328366
--------
nle(id0,id1,dist): 35 41 1.1233074453569527
list:
dist: 1.1233074453569527 vs. 1.1233074453569527
--------
nle(id0,id1,dist): 35 40 2.3312409468160085
list:
dist: 2.3312409468160085 vs. 2.3312409468160085
--------
nle(id0,id1,dist): 34 70 2.117359155717339
list:
dist: 2.117359155717339 vs. 2.117359155717339
--------
nle(id0,id1,dist): 34 65 2.8292786952845916
list:
dist: 2.8292786952845916 vs. 2.8292786952845916
--------
nle(id0,id1,dist): 34 64 1.1939710511742836
list:
dist: 1.1939710511742836 vs. 1.1939710511742836
--------
nle(id0,id1,dist): 34 61 1.3936613593517353
list:
dist: 1.3936613593517353 vs. 1.3936613593517353
--------
nle(id0,id1,dist): 33 44 2.5887199593907417
list:
dist: 2.5887199593907417 vs. 2.5887199593907417
--------
nle(id0,id1,dist): 33 46 0.6635230252161026
list:
dist: 0.6635230252161026 vs. 0.6635230252161026
--------
nle(id0,id1,dist): 33 47 2.602918889324077
list:
dist: 2.602918889324077 vs. 2.602918889324077
--------
nle(id0,id1,dist): 33 50 1.4459992649477276
list:
dist: 1.4459992649477276 vs. 1.4459992649477276
--------
nle(id0,id1,dist): 33 51 2.0924093804259614
list:
dist: 2.0924093804259614 vs. 2.0924093804259614
--------
nle(id0,id1,dist): 33 53 1.5378485961083248
list:
dist: 1.5378485961083248 vs. 1.5378485961083248
--------
nle(id0,id1,dist): 33 56 1.2536062309457918
list:
dist: 1.2536062309457918 vs. 1.2536062309457918
--------
nle(id0,id1,dist): 33 57 2.0125138473094712
list:
dist: 2.0125138473094712 vs. 2.0125138473094712
--------
nle(id0,id1,dist): 33 59 2.248220213021019
list:
dist: 2.248220213021019 vs. 2.248220213021019
--------
nle(id0,id1,dist): 33 35 2.6532096151562534
list:
dist: 2.6532096151562534 vs. 2.6532096151562534
--------
nle(id0,id1,dist): 33 39 1.4940256833610528
list:
dist: 1.4940256833610528 vs. 1.4940256833610528
--------
nle(id0,id1,dist): 33 43 0.9948239021349441
list:
dist: 0.9948239021349441 vs. 0.9948239021349441
--------
nle(id0,id1,dist): 33 42 1.3288522160192215
list:
dist: 1.3288522160192215 vs. 1.3288522160192215
--------
nle(id0,id1,dist): 33 41 2.903424903976441
list:
dist: 2.903424903976441 vs. 2.903424903976441
--------
nle(id0,id1,dist): 33 40 1.2476371918502018
list:
dist: 1.2476371918502018 vs. 1.2476371918502018
--------
nle(id0,id1,dist): 32 55 2.2505401648247623
list:
dist: 2.2505401648247623 vs. 2.2505401648247623
--------
nle(id0,id1,dist): 32 38 1.420968493908095
list:
dist: 1.420968493908095 vs. 1.420968493908095
--------
nle(id0,id1,dist): 32 33 2.784345544048961
list:
dist: 2.784345544048961 vs. 2.784345544048961
--------
nle(id0,id1,dist): 32 36 2.196164829226646
list:
dist: 2.196164829226646 vs. 2.196164829226646
--------
nle(id0,id1,dist): 32 46 2.5467456473751615
list:
dist: 2.5467456473751615 vs. 2.5467456473751615
--------
nle(id0,id1,dist): 32 45 3.0901452788555974
list:
dist: 3.0901452788555974 vs. 3.0901452788555974
--------
nle(id0,id1,dist): 32 42 2.9406475934490124
list:
dist: 2.9406475934490124 vs. 2.9406475934490124
--------
nle(id0,id1,dist): 32 41 2.5150017420770094
list:
dist: 2.5150017420770094 vs. 2.5150017420770094
--------
nle(id0,id1,dist): 32 43 2.7700931292638598
list:
dist: 2.7700931292638598 vs. 2.7700931292638598
--------
nle(id0,id1,dist): 31 59 3.3193185014631625
list:
dist: 3.3193185014631625 vs. 3.3193185014631625
--------
nle(id0,id1,dist): 31 55 1.9954819780890045
list:
dist: 1.9954819780890045 vs. 1.9954819780890045
--------
nle(id0,id1,dist): 31 56 2.1444780214711066
list:
dist: 2.1444780214711066 vs. 2.1444780214711066
--------
nle(id0,id1,dist): 31 57 3.5062373708328938
list:
dist: 3.5062373708328938 vs. 3.5062373708328938
--------
nle(id0,id1,dist): 31 45 2.4960950328144205
list:
dist: 2.4960950328144205 vs. 2.4960950328144205
--------
nle(id0,id1,dist): 31 43 1.7845995444784384
list:
dist: 1.7845995444784384 vs. 1.7845995444784384
--------
nle(id0,id1,dist): 31 42 2.1715764618856075
list:
dist: 2.1715764618856075 vs. 2.1715764618856075
--------
nle(id0,id1,dist): 31 41 2.69476650630078
list:
dist: 2.69476650630078 vs. 2.69476650630078
--------
nle(id0,id1,dist): 31 40 2.2563856963770847
list:
dist: 2.2563856963770847 vs. 2.2563856963770847
--------
nle(id0,id1,dist): 31 39 2.6756451885049204
list:
dist: 2.6756451885049204 vs. 2.6756451885049204
--------
nle(id0,id1,dist): 31 38 2.161586816027271
list:
dist: 2.161586816027271 vs. 2.161586816027271
--------
nle(id0,id1,dist): 31 53 2.404436640069281
list:
dist: 2.404436640069281 vs. 2.404436640069281
--------
nle(id0,id1,dist): 31 51 2.658628572863489
list:
dist: 2.658628572863489 vs. 2.658628572863489
--------
nle(id0,id1,dist): 31 50 2.402562475733033
list:
dist: 2.402562475733033 vs. 2.402562475733033
--------
nle(id0,id1,dist): 31 49 2.928357337331439
list:
dist: 2.928357337331439 vs. 2.928357337331439
--------
nle(id0,id1,dist): 31 46 1.0307578624343312
list:
dist: 1.0307578624343312 vs. 1.0307578624343312
--------
nle(id0,id1,dist): 31 36 1.7298870994526756
list:
dist: 1.7298870994526756 vs. 1.7298870994526756
--------
nle(id0,id1,dist): 31 32 1.656912197423099
list:
dist: 1.656912197423099 vs. 1.656912197423099
--------
nle(id0,id1,dist): 31 33 1.5306170616633594
list:
dist: 1.5306170616633594 vs. 1.5306170616633594
--------
nle(id0,id1,dist): 43 59 3.092807649278413
list:
dist: 3.092807649278413 vs. 3.092807649278413
--------
nle(id0,id1,dist): 44 47 1.5752917572616263
list:
dist: 1.5752917572616263 vs. 1.5752917572616263
--------
nle(id0,id1,dist): 44 48 3.635611951791528
list:
dist: 3.635611951791528 vs. 3.635611951791528
--------
nle(id0,id1,dist): 44 52 2.641052736929796
list:
dist: 2.641052736929796 vs. 2.641052736929796
--------
nle(id0,id1,dist): 43 50 2.419800862018125
list:
dist: 2.419800862018125 vs. 2.419800862018125
--------
nle(id0,id1,dist): 43 51 2.794129919011418
list:
dist: 2.794129919011418 vs. 2.794129919011418
--------
nle(id0,id1,dist): 43 53 1.9657998976235715
list:
dist: 1.9657998976235715 vs. 1.9657998976235715
--------
nle(id0,id1,dist): 43 56 1.6165064784398429
list:
dist: 1.6165064784398429 vs. 1.6165064784398429
--------
nle(id0,id1,dist): 43 57 2.51987184205605
list:
dist: 2.51987184205605 vs. 2.51987184205605
--------
nle(id0,id1,dist): 43 44 2.1626821165694325
list:
dist: 2.1626821165694325 vs. 2.1626821165694325
--------
nle(id0,id1,dist): 43 46 1.2406303656372122
list:
dist: 1.2406303656372122 vs. 1.2406303656372122
--------
nle(id0,id1,dist): 43 47 1.8577254271785524
list:
dist: 1.8577254271785524 vs. 1.8577254271785524
--------
nle(id0,id1,dist): 42 46 1.7143176740870583
list:
dist: 1.7143176740870583 vs. 1.7143176740870583
--------
nle(id0,id1,dist): 42 45 2.415865928692023
list:
dist: 2.415865928692023 vs. 2.415865928692023
--------
nle(id0,id1,dist): 42 43 2.1354190146611227
list:
dist: 2.1354190146611227 vs. 2.1354190146611227
--------
nle(id0,id1,dist): 42 59 2.212176450914041
list:
dist: 2.212176450914041 vs. 2.212176450914041
--------
nle(id0,id1,dist): 42 57 2.066272056731476
list:
dist: 2.066272056731476 vs. 2.066272056731476
--------
nle(id0,id1,dist): 42 56 2.3636067885499292
list:
dist: 2.3636067885499292 vs. 2.3636067885499292
--------
nle(id0,id1,dist): 42 53 2.5290310309108897
list:
dist: 2.5290310309108897 vs. 2.5290310309108897
--------
nle(id0,id1,dist): 42 51 2.674616922739831
list:
dist: 2.674616922739831 vs. 2.674616922739831
--------
nle(id0,id1,dist): 42 49 2.776936632138763
list:
dist: 2.776936632138763 vs. 2.776936632138763
--------
nle(id0,id1,dist): 42 50 1.0156436279978664
list:
dist: 1.0156436279978664 vs. 1.0156436279978664
--------
nle(id0,id1,dist): 41 47 2.6717064701249775
list:
dist: 2.6717064701249775 vs. 2.6717064701249775
--------
nle(id0,id1,dist): 41 46 2.926096477786715
list:
dist: 2.926096477786715 vs. 2.926096477786715
--------
nle(id0,id1,dist): 41 43 2.0654593058810558
list:
dist: 2.0654593058810558 vs. 2.0654593058810558
--------
nle(id0,id1,dist): 41 42 3.692366335346708
list:
dist: 3.692366335346708 vs. 3.692366335346708
--------
nle(id0,id1,dist): 40 43 1.1188139384545361
list:
dist: 1.1188139384545361 vs. 1.1188139384545361
--------
nle(id0,id1,dist): 40 44 1.658195372744122
list:
dist: 1.658195372744122 vs. 1.658195372744122
--------
nle(id0,id1,dist): 40 42 2.4994329709749157
list:
dist: 2.4994329709749157 vs. 2.4994329709749157
--------
nle(id0,id1,dist): 40 47 1.5674214327810987
list:
dist: 1.5674214327810987 vs. 1.5674214327810987
--------
nle(id0,id1,dist): 40 48 3.848035686992875
list:
dist: 3.848035686992875 vs. 3.848035686992875
--------
nle(id0,id1,dist): 40 46 1.369062087061862
list:
dist: 1.369062087061862 vs. 1.369062087061862
--------
nle(id0,id1,dist): 40 51 2.0422956234903022
list:
dist: 2.0422956234903022 vs. 2.0422956234903022
--------
nle(id0,id1,dist): 40 52 3.2326021692529623
list:
dist: 3.2326021692529623 vs. 3.2326021692529623
--------
nle(id0,id1,dist): 40 50 2.3097801426084343
list:
dist: 2.3097801426084343 vs. 2.3097801426084343
--------
nle(id0,id1,dist): 40 56 0.7502670146439896
list:
dist: 0.7502670146439896 vs. 0.7502670146439896
--------
nle(id0,id1,dist): 40 53 1.039045239981478
list:
dist: 1.039045239981478 vs. 1.039045239981478
--------
nle(id0,id1,dist): 40 54 3.509578673051254
list:
dist: 3.509578673051254 vs. 3.509578673051254
--------
nle(id0,id1,dist): 40 59 2.5167087475129484
list:
dist: 2.5167087475129484 vs. 2.5167087475129484
--------
nle(id0,id1,dist): 40 58 2.69824012304129
list:
dist: 2.69824012304129 vs. 2.69824012304129
--------
nle(id0,id1,dist): 40 57 2.150651795875923
list:
dist: 2.150651795875923 vs. 2.150651795875923
--------
nle(id0,id1,dist): 39 46 1.7430703704412667
list:
dist: 1.7430703704412667 vs. 1.7430703704412667
--------
nle(id0,id1,dist): 39 48 3.0648457979212305
list:
dist: 3.0648457979212305 vs. 3.0648457979212305
--------
nle(id0,id1,dist): 39 49 2.313536425006113
list:
dist: 2.313536425006113 vs. 2.313536425006113
--------
nle(id0,id1,dist): 39 50 0.8489422285008842
list:
dist: 0.8489422285008842 vs. 0.8489422285008842
--------
nle(id0,id1,dist): 39 51 1.3314281808307595
list:
dist: 1.3314281808307595 vs. 1.3314281808307595
--------
nle(id0,id1,dist): 39 52 2.7324449838538714
list:
dist: 2.7324449838538714 vs. 2.7324449838538714
--------
nle(id0,id1,dist): 39 53 1.3194733621007813
list:
dist: 1.3194733621007813 vs. 1.3194733621007813
--------
nle(id0,id1,dist): 39 54 1.822624185163384
list:
dist: 1.822624185163384 vs. 1.822624185163384
--------
nle(id0,id1,dist): 39 55 3.664524883575704
list:
dist: 3.664524883575704 vs. 3.664524883575704
--------
nle(id0,id1,dist): 39 56 1.3915056677759252
list:
dist: 1.3915056677759252 vs. 1.3915056677759252
--------
nle(id0,id1,dist): 39 57 1.288395538257297
list:
dist: 1.288395538257297 vs. 1.288395538257297
--------
nle(id0,id1,dist): 39 58 2.1893840344965354
list:
dist: 2.1893840344965354 vs. 2.1893840344965354
--------
nle(id0,id1,dist): 39 59 0.7616077471773027
list:
dist: 0.7616077471773027 vs. 0.7616077471773027
--------
nle(id0,id1,dist): 38 55 1.2536581465140741
list:
dist: 1.2536581465140741 vs. 1.2536581465140741
--------
nle(id0,id1,dist): 39 45 3.0069390090078065
list:
dist: 3.0069390090078065 vs. 3.0069390090078065
--------
nle(id0,id1,dist): 39 43 2.3352722931894476
list:
dist: 2.3352722931894476 vs. 2.3352722931894476
--------
nle(id0,id1,dist): 39 42 1.6886685090422375
list:
dist: 1.6886685090422375 vs. 1.6886685090422375
--------
nle(id0,id1,dist): 39 40 1.851269852559894
list:
dist: 1.851269852559894 vs. 1.851269852559894
--------
nle(id0,id1,dist): 37 65 2.4044533217785418
list:
dist: 2.4044533217785418 vs. 2.4044533217785418
--------
nle(id0,id1,dist): 38 42 3.115728473864218
list:
dist: 3.115728473864218 vs. 3.115728473864218
--------
nle(id0,id1,dist): 37 81 1.768146422348035
list:
dist: 1.768146422348035 vs. 1.768146422348035
--------
nle(id0,id1,dist): 38 46 3.0293907548778076
list:
dist: 3.0293907548778076 vs. 3.0293907548778076
--------
nle(id0,id1,dist): 38 45 2.193698293689722
list:
dist: 2.193698293689722 vs. 2.193698293689722
--------
nle(id0,id1,dist): 23 28 1.5982569556015553
list:
dist: 1.5982569556015553 vs. 1.5982569556015553
--------
nle(id0,id1,dist): 23 29 2.1812451573166283
list:
dist: 2.1812451573166283 vs. 2.1812451573166283
--------
nle(id0,id1,dist): 23 27 1.6125314295318884
list:
dist: 1.6125314295318884 vs. 1.6125314295318884
--------
nle(id0,id1,dist): 23 24 1.8715300737610479
list:
dist: 1.8715300737610479 vs. 1.8715300737610479
--------
nle(id0,id1,dist): 23 25 2.7260137267599998
list:
dist: 2.7260137267599998 vs. 2.7260137267599998
--------
nle(id0,id1,dist): 21 27 1.3709936572507042
list:
dist: 1.3709936572507042 vs. 1.3709936572507042
--------
nle(id0,id1,dist): 21 24 2.9591621575647604
list:
dist: 2.9591621575647604 vs. 2.9591621575647604
--------
nle(id0,id1,dist): 21 25 4.179921109836406
list:
dist: 4.179921109836406 vs. 4.179921109836406
--------
nle(id0,id1,dist): 21 28 2.9873732889012414
list:
dist: 2.9873732889012414 vs. 2.9873732889012414
--------
nle(id0,id1,dist): 21 23 2.0219365158085822
list:
dist: 2.0219365158085822 vs. 2.0219365158085822
--------
nle(id0,id1,dist): 21 22 3.1472439578023508
list:
dist: 3.1472439578023508 vs. 3.1472439578023508
--------
nle(id0,id1,dist): 22 27 2.968531809883494
list:
dist: 2.968531809883494 vs. 2.968531809883494
--------
nle(id0,id1,dist): 22 28 1.4056515444584672
list:
dist: 1.4056515444584672 vs. 1.4056515444584672
--------
nle(id0,id1,dist): 22 29 2.314978933877382
list:
dist: 2.314978933877382 vs. 2.314978933877382
--------
nle(id0,id1,dist): 22 23 1.358440560654864
list:
dist: 1.358440560654864 vs. 1.358440560654864
--------
nle(id0,id1,dist): 22 25 1.8696489222297314
list:
dist: 1.8696489222297314 vs. 1.8696489222297314
--------
nle(id0,id1,dist): 19 24 3.1895661710547483
list:
dist: 3.1895661710547483 vs. 3.1895661710547483
--------
nle(id0,id1,dist): 19 25 3.2107317857563356
list:
dist: 3.2107317857563356 vs. 3.2107317857563356
--------
nle(id0,id1,dist): 19 22 2.53037728806993
list:
dist: 2.53037728806993 vs. 2.53037728806993
--------
nle(id0,id1,dist): 19 23 1.6589971253857372
list:
dist: 1.6589971253857372 vs. 1.6589971253857372
--------
nle(id0,id1,dist): 19 21 1.0748484566634395
list:
dist: 1.0748484566634395 vs. 1.0748484566634395
--------
nle(id0,id1,dist): 19 28 2.0690494290292243
list:
dist: 2.0690494290292243 vs. 2.0690494290292243
--------
nle(id0,id1,dist): 19 27 1.8140787672958938
list:
dist: 1.8140787672958938 vs. 1.8140787672958938
--------
nle(id0,id1,dist): 18 21 1.711627879770297
list:
dist: 1.711627879770297 vs. 1.711627879770297
--------
nle(id0,id1,dist): 18 19 2.651700582471265
list:
dist: 2.651700582471265 vs. 2.651700582471265
--------
nle(id0,id1,dist): 18 27 2.691554226539119
list:
dist: 2.691554226539119 vs. 2.691554226539119
--------
nle(id0,id1,dist): 30 42 3.8777525448563237
list:
dist: 3.8777525448563237 vs. 3.8777525448563237
--------
nle(id0,id1,dist): 30 41 0.2890173463386431
list:
dist: 0.2890173463386431 vs. 0.2890173463386431
--------
nle(id0,id1,dist): 30 35 1.2137214263018679
list:
dist: 1.2137214263018679 vs. 1.2137214263018679
--------
nle(id0,id1,dist): 30 33 3.047088585058631
list:
dist: 3.047088585058631 vs. 3.047088585058631
--------
nle(id0,id1,dist): 30 32 2.529807178642798
list:
dist: 2.529807178642798 vs. 2.529807178642798
--------
nle(id0,id1,dist): 30 31 2.723424052615595
list:
dist: 2.723424052615595 vs. 2.723424052615595
--------
nle(id0,id1,dist): 30 47 2.7055228880907163
list:
dist: 2.7055228880907163 vs. 2.7055228880907163
--------
nle(id0,id1,dist): 30 46 3.0123582176174497
list:
dist: 3.0123582176174497 vs. 3.0123582176174497
--------
nle(id0,id1,dist): 30 43 2.215127630880179
list:
dist: 2.215127630880179 vs. 2.215127630880179
--------
nle(id0,id1,dist): 28 29 2.258556514321608
list:
dist: 2.258556514321608 vs. 2.258556514321608
--------
nle(id0,id1,dist): 27 28 2.8885105654273215
list:
dist: 2.8885105654273215 vs. 2.8885105654273215
--------
nle(id0,id1,dist): 24 27 1.822864798155707
list:
dist: 1.822864798155707 vs. 1.822864798155707
--------
nle(id0,id1,dist): 24 29 2.343970922580321
list:
dist: 2.343970922580321 vs. 2.343970922580321
--------
nle(id0,id1,dist): 25 27 4.157966515945923
list:
dist: 4.157966515945923 vs. 4.157966515945923
--------
nle(id0,id1,dist): 25 28 1.2930078985922266
list:
dist: 1.2930078985922266 vs. 1.2930078985922266
--------
nle(id0,id1,dist): 25 29 2.8679956341880475
list:
dist: 2.8679956341880475 vs. 2.8679956341880475
--------
nle(id0,id1,dist): 62 79 3.317251880962148
list:
dist: 3.317251880962148 vs. 3.317251880962148
--------
nle(id0,id1,dist): 62 81 4.784696880641711
list:
dist: 4.784696880641711 vs. 4.784696880641711
--------
nle(id0,id1,dist): 62 82 1.6057752841509445
list:
dist: 1.6057752841509445 vs. 1.6057752841509445
--------
nle(id0,id1,dist): 62 75 1.4597893067440322
list:
dist: 1.4597893067440322 vs. 1.4597893067440322
--------
nle(id0,id1,dist): 62 76 3.1242184173254626
list:
dist: 3.1242184173254626 vs. 3.1242184173254626
--------
nle(id0,id1,dist): 62 77 2.74996833895031
list:
dist: 2.74996833895031 vs. 2.74996833895031
--------
nle(id0,id1,dist): 62 78 1.7843100128330396
list:
dist: 1.7843100128330396 vs. 1.7843100128330396
--------
nle(id0,id1,dist): 62 89 2.322458274668354
list:
dist: 2.322458274668354 vs. 2.322458274668354
--------
nle(id0,id1,dist): 62 83 1.187685453333857
list:
dist: 1.187685453333857 vs. 1.187685453333857
--------
nle(id0,id1,dist): 62 84 3.3965414121746638
list:
dist: 3.3965414121746638 vs. 3.3965414121746638
--------
nle(id0,id1,dist): 62 85 0.9560408563938547
list:
dist: 0.9560408563938547 vs. 0.9560408563938547
--------
nle(id0,id1,dist): 62 86 2.672060918453968
list:
dist: 2.672060918453968 vs. 2.672060918453968
--------
nle(id0,id1,dist): 62 63 1.9251908475863115
list:
dist: 1.9251908475863115 vs. 1.9251908475863115
--------
nle(id0,id1,dist): 62 66 1.4158302784812027
list:
dist: 1.4158302784812027 vs. 1.4158302784812027
--------
nle(id0,id1,dist): 62 72 0.6684771926331559
list:
dist: 0.6684771926331559 vs. 0.6684771926331559
--------
nle(id0,id1,dist): 62 74 2.734601485393884
list:
dist: 2.734601485393884 vs. 2.734601485393884
--------
nle(id0,id1,dist): 62 73 2.0978695551590145
list:
dist: 2.0978695551590145 vs. 2.0978695551590145
--------
nle(id0,id1,dist): 62 68 2.53843351489965
list:
dist: 2.53843351489965 vs. 2.53843351489965
--------
nle(id0,id1,dist): 62 67 2.7205850985336224
list:
dist: 2.7205850985336224 vs. 2.7205850985336224
--------
nle(id0,id1,dist): 62 69 2.162876164377585
list:
dist: 2.162876164377585 vs. 2.162876164377585
--------
nle(id0,id1,dist): 61 81 3.6847498928056894
list:
dist: 3.6847498928056894 vs. 3.6847498928056894
--------
nle(id0,id1,dist): 61 70 1.661651832221091
list:
dist: 1.661651832221091 vs. 1.661651832221091
--------
nle(id0,id1,dist): 61 69 2.4912680125829643
list:
dist: 2.4912680125829643 vs. 2.4912680125829643
--------
nle(id0,id1,dist): 61 68 2.915507059673706
list:
dist: 2.915507059673706 vs. 2.915507059673706
--------
nle(id0,id1,dist): 61 67 1.9024343417771883
list:
dist: 1.9024343417771883 vs. 1.9024343417771883
--------
nle(id0,id1,dist): 61 65 3.6015935065011173
list:
dist: 3.6015935065011173 vs. 3.6015935065011173
--------
nle(id0,id1,dist): 61 64 1.5832236055069937
list:
dist: 1.5832236055069937 vs. 1.5832236055069937
--------
nle(id0,id1,dist): 61 76 1.3325845185530218
list:
dist: 1.3325845185530218 vs. 1.3325845185530218
--------
nle(id0,id1,dist): 61 73 2.8721106741007714
list:
dist: 2.8721106741007714 vs. 2.8721106741007714
--------
nle(id0,id1,dist): 64 67 2.697903280134036
list:
dist: 2.697903280134036 vs. 2.697903280134036
--------
nle(id0,id1,dist): 64 68 3.685485965612712
list:
dist: 3.685485965612712 vs. 3.685485965612712
--------
nle(id0,id1,dist): 64 69 2.9336283824464204
list:
dist: 2.9336283824464204 vs. 2.9336283824464204
--------
nle(id0,id1,dist): 64 70 1.1299818303707172
list:
dist: 1.1299818303707172 vs. 1.1299818303707172
--------
nle(id0,id1,dist): 64 71 4.366970073452084
list:
dist: 4.366970073452084 vs. 4.366970073452084
--------
nle(id0,id1,dist): 64 73 3.2589934337692505
list:
dist: 3.2589934337692505 vs. 3.2589934337692505
--------
nle(id0,id1,dist): 64 76 2.3806032012974296
list:
dist: 2.3806032012974296 vs. 2.3806032012974296
--------
nle(id0,id1,dist): 63 72 2.0879277979830477
list:
dist: 2.0879277979830477 vs. 2.0879277979830477
--------
nle(id0,id1,dist): 63 73 1.1737819334712651
list:
dist: 1.1737819334712651 vs. 1.1737819334712651
--------
nle(id0,id1,dist): 63 70 2.1905003572555195
list:
dist: 2.1905003572555195 vs. 2.1905003572555195
--------
nle(id0,id1,dist): 63 71 3.3614438038743635
list:
dist: 3.3614438038743635 vs. 3.3614438038743635
--------
nle(id0,id1,dist): 63 76 1.4484514304630616
list:
dist: 1.4484514304630616 vs. 1.4484514304630616
--------
nle(id0,id1,dist): 63 75 2.0113859487409544
list:
dist: 2.0113859487409544 vs. 2.0113859487409544
--------
nle(id0,id1,dist): 63 80 2.482136186043123
list:
dist: 2.482136186043123 vs. 2.482136186043123
--------
nle(id0,id1,dist): 63 78 2.5251595798520823
list:
dist: 2.5251595798520823 vs. 2.5251595798520823
--------
nle(id0,id1,dist): 63 85 2.2779386199144604
list:
dist: 2.2779386199144604 vs. 2.2779386199144604
--------
nle(id0,id1,dist): 63 83 2.7776092579699823
list:
dist: 2.7776092579699823 vs. 2.7776092579699823
--------
nle(id0,id1,dist): 63 64 3.062173278370451
list:
dist: 3.062173278370451 vs. 3.062173278370451
--------
nle(id0,id1,dist): 63 69 0.7702936899156672
list:
dist: 0.7702936899156672 vs. 0.7702936899156672
--------
nle(id0,id1,dist): 63 68 1.884686407647823
list:
dist: 1.884686407647823 vs. 1.884686407647823
--------
nle(id0,id1,dist): 63 67 1.2274192054991457
list:
dist: 1.2274192054991457 vs. 1.2274192054991457
--------
nle(id0,id1,dist): 63 66 1.1911172803836965
list:
dist: 1.1911172803836965 vs. 1.1911172803836965
--------
nle(id0,id1,dist): 58 59 2.0554287857127553
list:
dist: 2.0554287857127553 vs. 2.0554287857127553
--------
nle(id0,id1,dist): 61 63 2.4790553103588477
list:
dist: 2.4790553103588477 vs. 2.4790553103588477
--------
nle(id0,id1,dist): 60 86 2.9756181323187403
list:
dist: 2.9756181323187403 vs. 2.9756181323187403
--------
nle(id0,id1,dist): 60 85 2.664475613657427
list:
dist: 2.664475613657427 vs. 2.664475613657427
--------
nle(id0,id1,dist): 60 77 2.5809903680150894
list:
dist: 2.5809903680150894 vs. 2.5809903680150894
--------
nle(id0,id1,dist): 60 78 2.420638086387224
list:
dist: 2.420638086387224 vs. 2.420638086387224
--------
nle(id0,id1,dist): 60 79 3.042574636680565
list:
dist: 3.042574636680565 vs. 3.042574636680565
--------
nle(id0,id1,dist): 60 81 3.310256523094941
list:
dist: 3.310256523094941 vs. 3.310256523094941
--------
nle(id0,id1,dist): 60 83 2.570033064189515
list:
dist: 2.570033064189515 vs. 2.570033064189515
--------
nle(id0,id1,dist): 60 84 3.9667133838334006
list:
dist: 3.9667133838334006 vs. 3.9667133838334006
--------
nle(id0,id1,dist): 60 69 0.8737143010446562
list:
dist: 0.8737143010446562 vs. 0.8737143010446562
--------
nle(id0,id1,dist): 60 70 2.6200492271464153
list:
dist: 2.6200492271464153 vs. 2.6200492271464153
--------
nle(id0,id1,dist): 60 72 2.3913080439839307
list:
dist: 2.3913080439839307 vs. 2.3913080439839307
--------
nle(id0,id1,dist): 60 73 1.1262230625185106
list:
dist: 1.1262230625185106 vs. 1.1262230625185106
--------
nle(id0,id1,dist): 60 74 2.3164160681450725
list:
dist: 2.3164160681450725 vs. 2.3164160681450725
--------
nle(id0,id1,dist): 60 75 1.5512673117712468
list:
dist: 1.5512673117712468 vs. 1.5512673117712468
--------
nle(id0,id1,dist): 60 76 1.10859790334157
list:
dist: 1.10859790334157 vs. 1.10859790334157
--------
nle(id0,id1,dist): 60 64 3.275094892953171
list:
dist: 3.275094892953171 vs. 3.275094892953171
--------
nle(id0,id1,dist): 60 63 0.8240418054199992
list:
dist: 0.8240418054199992 vs. 0.8240418054199992
--------
nle(id0,id1,dist): 60 62 2.035583261998205
list:
dist: 2.035583261998205 vs. 2.035583261998205
--------
nle(id0,id1,dist): 60 61 2.3874404241971647
list:
dist: 2.3874404241971647 vs. 2.3874404241971647
--------
nle(id0,id1,dist): 60 68 1.238977980796884
list:
dist: 1.238977980796884 vs. 1.238977980796884
--------
nle(id0,id1,dist): 60 67 0.7886977710616214
list:
dist: 0.7886977710616214 vs. 0.7886977710616214
--------
nle(id0,id1,dist): 60 66 1.6577478890306008
list:
dist: 1.6577478890306008 vs. 1.6577478890306008
--------
nle(id0,id1,dist): 69 70 2.259630413786909
list:
dist: 2.259630413786909 vs. 2.259630413786909
--------
nle(id0,id1,dist): 69 78 2.148029341466887
list:
dist: 2.148029341466887 vs. 2.148029341466887
--------
nle(id0,id1,dist): 69 79 3.5845834271760246
list:
dist: 3.5845834271760246 vs. 3.5845834271760246
--------
nle(id0,id1,dist): 69 76 1.3445679386810216
list:
dist: 1.3445679386810216 vs. 1.3445679386810216
--------
nle(id0,id1,dist): 69 77 2.685903671411861
list:
dist: 2.685903671411861 vs. 2.685903671411861
--------
nle(id0,id1,dist): 69 74 2.588120788672734
list:
dist: 2.588120788672734 vs. 2.588120788672734
--------
nle(id0,id1,dist): 69 75 1.854684740305814
list:
dist: 1.854684740305814 vs. 1.854684740305814
--------
nle(id0,id1,dist): 69 72 2.2823358747488647
list:
dist: 2.2823358747488647 vs. 2.2823358747488647
--------
nle(id0,id1,dist): 69 73 0.4829400936535558
list:
dist: 0.4829400936535558 vs. 0.4829400936535558
--------
nle(id0,id1,dist): 69 86 2.915584652041692
list:
dist: 2.915584652041692 vs. 2.915584652041692
--------
nle(id0,id1,dist): 69 87 3.21514243740521
list:
dist: 3.21514243740521 vs. 3.21514243740521
--------
nle(id0,id1,dist): 69 84 4.125761823267089
list:
dist: 4.125761823267089 vs. 4.125761823267089
--------
nle(id0,id1,dist): 69 85 2.6699418027488604
list:
dist: 2.6699418027488604 vs. 2.6699418027488604
--------
nle(id0,id1,dist): 69 83 2.773655606551145
list:
dist: 2.773655606551145 vs. 2.773655606551145
--------
nle(id0,id1,dist): 69 81 3.5897179625952775
list:
dist: 3.5897179625952775 vs. 3.5897179625952775
--------
nle(id0,id1,dist): 68 74 1.3908192115387208
list:
dist: 1.3908192115387208 vs. 1.3908192115387208
--------
nle(id0,id1,dist): 68 73 1.1660648666364668
list:
dist: 1.1660648666364668 vs. 1.1660648666364668
--------
nle(id0,id1,dist): 68 76 1.650319466624635
list:
dist: 1.650319466624635 vs. 1.650319466624635
--------
nle(id0,id1,dist): 68 75 1.3681320078310806
list:
dist: 1.3681320078310806 vs. 1.3681320078310806
--------
nle(id0,id1,dist): 68 70 3.321562714415159
list:
dist: 3.321562714415159 vs. 3.321562714415159
--------
nle(id0,id1,dist): 68 69 1.364131785673097
list:
dist: 1.364131785673097 vs. 1.364131785673097
--------
nle(id0,id1,dist): 68 72 2.8724770228061622
list:
dist: 2.8724770228061622 vs. 2.8724770228061622
--------
nle(id0,id1,dist): 68 81 2.3941627588899235
list:
dist: 2.3941627588899235 vs. 2.3941627588899235
--------
nle(id0,id1,dist): 68 83 2.553906792293251
list:
dist: 2.553906792293251 vs. 2.553906792293251
--------
nle(id0,id1,dist): 68 84 3.1951076181836946
list:
dist: 3.1951076181836946 vs. 3.1951076181836946
--------
nle(id0,id1,dist): 68 77 1.609043963672729
list:
dist: 1.609043963672729 vs. 1.609043963672729
--------
nle(id0,id1,dist): 68 78 2.0303872329530277
list:
dist: 2.0303872329530277 vs. 2.0303872329530277
--------
nle(id0,id1,dist): 68 79 2.4397353894232223
list:
dist: 2.4397353894232223 vs. 2.4397353894232223
--------
nle(id0,id1,dist): 68 85 3.3614897443500213
list:
dist: 3.3614897443500213 vs. 3.3614897443500213
--------
nle(id0,id1,dist): 68 86 2.1332559789368775
list:
dist: 2.1332559789368775 vs. 2.1332559789368775
--------
nle(id0,id1,dist): 68 87 2.5948539291220145
list:
dist: 2.5948539291220145 vs. 2.5948539291220145
--------
nle(id0,id1,dist): 71 72 3.9205423785272075
list:
dist: 3.9205423785272075 vs. 3.9205423785272075
--------
nle(id0,id1,dist): 70 71 3.3200070555348016
list:
dist: 3.3200070555348016 vs. 3.3200070555348016
--------
nle(id0,id1,dist): 70 73 2.6586462404048095
list:
dist: 2.6586462404048095 vs. 2.6586462404048095
--------
nle(id0,id1,dist): 70 76 2.00903474705998
list:
dist: 2.00903474705998 vs. 2.00903474705998
--------
nle(id0,id1,dist): 66 69 1.1952541708860138
list:
dist: 1.1952541708860138 vs. 1.1952541708860138
--------
nle(id0,id1,dist): 66 68 2.1747412484217237
list:
dist: 2.1747412484217237 vs. 2.1747412484217237
--------
nle(id0,id1,dist): 66 67 2.0256836667417515
list:
dist: 2.0256836667417515 vs. 2.0256836667417515
--------
nle(id0,id1,dist): 67 76 0.6197449655602957
list:
dist: 0.6197449655602957 vs. 0.6197449655602957
--------
nle(id0,id1,dist): 67 77 2.7075554010574434
list:
dist: 2.7075554010574434 vs. 2.7075554010574434
--------
nle(id0,id1,dist): 67 74 2.4664143181180185
list:
dist: 2.4664143181180185 vs. 2.4664143181180185
--------
nle(id0,id1,dist): 67 75 2.0513054316654853
list:
dist: 2.0513054316654853 vs. 2.0513054316654853
--------
nle(id0,id1,dist): 67 81 2.9235408721076763
list:
dist: 2.9235408721076763 vs. 2.9235408721076763
--------
nle(id0,id1,dist): 67 78 2.69582104272721
list:
dist: 2.69582104272721 vs. 2.69582104272721
--------
nle(id0,id1,dist): 67 79 3.3258840834591763
list:
dist: 3.3258840834591763 vs. 3.3258840834591763
--------
nle(id0,id1,dist): 67 68 1.1165782327941547
list:
dist: 1.1165782327941547 vs. 1.1165782327941547
--------
nle(id0,id1,dist): 67 69 0.8633274184531495
list:
dist: 0.8633274184531495 vs. 0.8633274184531495
--------
nle(id0,id1,dist): 67 72 2.9881239443475653
list:
dist: 2.9881239443475653 vs. 2.9881239443475653
--------
nle(id0,id1,dist): 67 73 1.1060500357295384
list:
dist: 1.1060500357295384 vs. 1.1060500357295384
--------
nle(id0,id1,dist): 67 70 2.2627639828548265
list:
dist: 2.2627639828548265 vs. 2.2627639828548265
--------
nle(id0,id1,dist): 67 85 3.32989031010322
list:
dist: 3.32989031010322 vs. 3.32989031010322
--------
nle(id0,id1,dist): 67 84 4.253331552613999
list:
dist: 4.253331552613999 vs. 4.253331552613999
--------
nle(id0,id1,dist): 67 83 3.1703396058498265
list:
dist: 3.1703396058498265 vs. 3.1703396058498265
--------
nle(id0,id1,dist): 67 86 3.1511188322598924
list:
dist: 3.1511188322598924 vs. 3.1511188322598924
--------
nle(id0,id1,dist): 66 80 2.1830190281918833
list:
dist: 2.1830190281918833 vs. 2.1830190281918833
--------
nle(id0,id1,dist): 66 82 2.3078298203305305
list:
dist: 2.3078298203305305 vs. 2.3078298203305305
--------
nle(id0,id1,dist): 66 83 2.2657868870901963
list:
dist: 2.2657868870901963 vs. 2.2657868870901963
--------
nle(id0,id1,dist): 66 85 1.6748019679952044
list:
dist: 1.6748019679952044 vs. 1.6748019679952044
--------
nle(id0,id1,dist): 66 71 3.645658862245296
list:
dist: 3.645658862245296 vs. 3.645658862245296
--------
nle(id0,id1,dist): 66 72 1.2363328829597149
list:
dist: 1.2363328829597149 vs. 1.2363328829597149
--------
nle(id0,id1,dist): 66 73 1.1645970255187255
list:
dist: 1.1645970255187255 vs. 1.1645970255187255
--------
nle(id0,id1,dist): 66 75 1.8920221965811117
list:
dist: 1.8920221965811117 vs. 1.8920221965811117
--------
nle(id0,id1,dist): 66 76 2.465800992141594
list:
dist: 2.465800992141594 vs. 2.465800992141594
--------
nle(id0,id1,dist): 66 78 1.713712751378506
list:
dist: 1.713712751378506 vs. 1.713712751378506
--------
nle(id0,id1,dist): 66 89 3.26311966912676
list:
dist: 3.26311966912676 vs. 3.26311966912676
--------
nle(id0,id1,dist): 48 51 3.2903985508775406
list:
dist: 3.2903985508775406 vs. 3.2903985508775406
--------
nle(id0,id1,dist): 48 52 1.425552615390599
list:
dist: 1.425552615390599 vs. 1.425552615390599
--------
nle(id0,id1,dist): 48 50 3.7909001010316574
list:
dist: 3.7909001010316574 vs. 3.7909001010316574
--------
nle(id0,id1,dist): 48 56 3.579859818782515
list:
dist: 3.579859818782515 vs. 3.579859818782515
--------
nle(id0,id1,dist): 48 53 3.314605154176094
list:
dist: 3.314605154176094 vs. 3.314605154176094
--------
nle(id0,id1,dist): 48 54 3.1400083709153934
list:
dist: 3.1400083709153934 vs. 3.1400083709153934
--------
nle(id0,id1,dist): 48 59 2.644810334532562
list:
dist: 2.644810334532562 vs. 2.644810334532562
--------
nle(id0,id1,dist): 48 57 2.7624089124041467
list:
dist: 2.7624089124041467 vs. 2.7624089124041467
--------
nle(id0,id1,dist): 48 58 1.2532419581378282
list:
dist: 1.2532419581378282 vs. 1.2532419581378282
--------
nle(id0,id1,dist): 49 50 2.064436488745448
list:
dist: 2.064436488745448 vs. 2.064436488745448
--------
nle(id0,id1,dist): 49 51 1.8818392480557942
list:
dist: 1.8818392480557942 vs. 1.8818392480557942
--------
nle(id0,id1,dist): 49 54 1.614245391387885
list:
dist: 1.614245391387885 vs. 1.614245391387885
--------
nle(id0,id1,dist): 49 55 2.5154857705681013
list:
dist: 2.5154857705681013 vs. 2.5154857705681013
--------
nle(id0,id1,dist): 49 59 2.2025121731268413
list:
dist: 2.2025121731268413 vs. 2.2025121731268413
--------
nle(id0,id1,dist): 50 53 1.9416144657506014
list:
dist: 1.9416144657506014 vs. 1.9416144657506014
--------
nle(id0,id1,dist): 50 54 1.9437811068461608
list:
dist: 1.9437811068461608 vs. 1.9437811068461608
--------
nle(id0,id1,dist): 50 51 1.8247050153526558
list:
dist: 1.8247050153526558 vs. 1.8247050153526558
--------
nle(id0,id1,dist): 50 52 3.4065110711620967
list:
dist: 3.4065110711620967 vs. 3.4065110711620967
--------
nle(id0,id1,dist): 50 59 1.2473702270742495
list:
dist: 1.2473702270742495 vs. 1.2473702270742495
--------
nle(id0,id1,dist): 50 56 1.9125755709742933
list:
dist: 1.9125755709742933 vs. 1.9125755709742933
--------
nle(id0,id1,dist): 50 55 3.1057545106116704
list:
dist: 3.1057545106116704 vs. 3.1057545106116704
--------
nle(id0,id1,dist): 50 58 2.962504258238388
list:
dist: 2.962504258238388 vs. 2.962504258238388
--------
nle(id0,id1,dist): 50 57 1.7097181481848207
list:
dist: 1.7097181481848207 vs. 1.7097181481848207
--------
nle(id0,id1,dist): 45 46 2.7161282260894146
list:
dist: 2.7161282260894146 vs. 2.7161282260894146
--------
nle(id0,id1,dist): 44 56 2.241439138788912
list:
dist: 2.241439138788912 vs. 2.241439138788912
--------
nle(id0,id1,dist): 44 53 2.3644047755108586
list:
dist: 2.3644047755108586 vs. 2.3644047755108586
--------
nle(id0,id1,dist): 44 57 2.3513113067573777
list:
dist: 2.3513113067573777 vs. 2.3513113067573777
--------
nle(id0,id1,dist): 44 58 2.448444954086385
list:
dist: 2.448444954086385 vs. 2.448444954086385
--------
nle(id0,id1,dist): 45 59 3.180740659738672
list:
dist: 3.180740659738672 vs. 3.180740659738672
--------
nle(id0,id1,dist): 45 49 1.6599100796407846
list:
dist: 1.6599100796407846 vs. 1.6599100796407846
--------
nle(id0,id1,dist): 45 50 2.3391805508973755
list:
dist: 2.3391805508973755 vs. 2.3391805508973755
--------
nle(id0,id1,dist): 45 51 3.045930941588083
list:
dist: 3.045930941588083 vs. 3.045930941588083
--------
nle(id0,id1,dist): 45 55 1.3406049577244352
list:
dist: 1.3406049577244352 vs. 1.3406049577244352
--------
nle(id0,id1,dist): 46 59 2.4416857812390607
list:
dist: 2.4416857812390607 vs. 2.4416857812390607
--------
nle(id0,id1,dist): 46 57 2.5456858057577283
list:
dist: 2.5456858057577283 vs. 2.5456858057577283
--------
nle(id0,id1,dist): 46 55 2.6856450890459334
list:
dist: 2.6856450890459334 vs. 2.6856450890459334
--------
nle(id0,id1,dist): 46 56 1.1894198722347007
list:
dist: 1.1894198722347007 vs. 1.1894198722347007
--------
nle(id0,id1,dist): 46 53 1.465052171072608
list:
dist: 1.465052171072608 vs. 1.465052171072608
--------
nle(id0,id1,dist): 46 51 1.892796912236719
list:
dist: 1.892796912236719 vs. 1.892796912236719
--------
nle(id0,id1,dist): 46 49 2.6717800192208743
list:
dist: 2.6717800192208743 vs. 2.6717800192208743
--------
nle(id0,id1,dist): 46 50 1.6915419412483457
list:
dist: 1.6915419412483457 vs. 1.6915419412483457
--------
nle(id0,id1,dist): 47 57 3.41340969990889
list:
dist: 3.41340969990889 vs. 3.41340969990889
--------
nle(id0,id1,dist): 47 56 2.2097350138770606
list:
dist: 2.2097350138770606 vs. 2.2097350138770606
--------
nle(id0,id1,dist): 47 53 2.429086874587926
list:
dist: 2.429086874587926 vs. 2.429086874587926
--------
nle(id0,id1,dist): 55 59 4.026720168121012
list:
dist: 4.026720168121012 vs. 4.026720168121012
--------
nle(id0,id1,dist): 56 58 2.5596679017449677
list:
dist: 2.5596679017449677 vs. 2.5596679017449677
--------
nle(id0,id1,dist): 56 57 2.107454955662589
list:
dist: 2.107454955662589 vs. 2.107454955662589
--------
nle(id0,id1,dist): 56 59 1.989250848405314
list:
dist: 1.989250848405314 vs. 1.989250848405314
--------
nle(id0,id1,dist): 57 59 1.5489779198637728
list:
dist: 1.5489779198637728 vs. 1.5489779198637728
--------
nle(id0,id1,dist): 57 58 1.7144975028416618
list:
dist: 1.7144975028416618 vs. 1.7144975028416618
--------
nle(id0,id1,dist): 51 58 2.6528504705178815
list:
dist: 2.6528504705178815 vs. 2.6528504705178815
--------
nle(id0,id1,dist): 51 59 1.4511224929704383
list:
dist: 1.4511224929704383 vs. 1.4511224929704383
--------
nle(id0,id1,dist): 51 52 3.408818538833352
list:
dist: 3.408818538833352 vs. 3.408818538833352
--------
nle(id0,id1,dist): 51 53 1.0336780174856595
list:
dist: 1.0336780174856595 vs. 1.0336780174856595
--------
nle(id0,id1,dist): 51 54 1.8077513094778936
list:
dist: 1.8077513094778936 vs. 1.8077513094778936
--------
nle(id0,id1,dist): 51 55 3.4847688964884815
list:
dist: 3.4847688964884815 vs. 3.4847688964884815
--------
nle(id0,id1,dist): 51 56 1.2965488170099282
list:
dist: 1.2965488170099282 vs. 1.2965488170099282
--------
nle(id0,id1,dist): 51 57 2.4889912876532887
list:
dist: 2.4889912876532887 vs. 2.4889912876532887
--------
nle(id0,id1,dist): 52 56 3.213287105766637
list:
dist: 3.213287105766637 vs. 3.213287105766637
--------
nle(id0,id1,dist): 52 53 3.069563302880709
list:
dist: 3.069563302880709 vs. 3.069563302880709
--------
nle(id0,id1,dist): 52 54 3.5269116948095447
list:
dist: 3.5269116948095447 vs. 3.5269116948095447
--------
nle(id0,id1,dist): 52 59 2.599913467703845
list:
dist: 2.599913467703845 vs. 2.599913467703845
--------
nle(id0,id1,dist): 52 57 1.888953458415845
list:
dist: 1.888953458415845 vs. 1.888953458415845
--------
nle(id0,id1,dist): 52 58 0.821799501100261
list:
dist: 0.821799501100261 vs. 0.821799501100261
--------
nle(id0,id1,dist): 53 54 2.627868438071537
list:
dist: 2.627868438071537 vs. 2.627868438071537
--------
nle(id0,id1,dist): 53 57 2.105114949213041
list:
dist: 2.105114949213041 vs. 2.105114949213041
--------
nle(id0,id1,dist): 53 56 0.3553501798134763
list:
dist: 0.3553501798134763 vs. 0.3553501798134763
--------
nle(id0,id1,dist): 53 59 1.8074962890947779
list:
dist: 1.8074962890947779 vs. 1.8074962890947779
--------
nle(id0,id1,dist): 53 58 2.3651590567168905
list:
dist: 2.3651590567168905 vs. 2.3651590567168905
--------
nle(id0,id1,dist): 54 59 1.2058770342491552
list:
dist: 1.2058770342491552 vs. 1.2058770342491552
--------
nle(id0,id1,dist): 54 58 2.9710958695954988
list:
dist: 2.9710958695954988 vs. 2.9710958695954988
--------
nle(id0,id1,dist): 54 57 2.7226951125971692
list:
dist: 2.7226951125971692 vs. 2.7226951125971692
--------
nle(id0,id1,dist): 54 56 2.853999286325615
list:
dist: 2.853999286325615 vs. 2.853999286325615
--------
nle(id0,id1,dist): 93 97 3.3321920519045856
list:
dist: 3.3321920519045856 vs. 3.3321920519045856
--------
nle(id0,id1,dist): 93 96 3.575048102615992
list:
dist: 3.575048102615992 vs. 3.575048102615992
--------
nle(id0,id1,dist): 93 99 3.929224275805895
list:
dist: 3.929224275805895 vs. 3.929224275805895
--------
nle(id0,id1,dist): 93 101 1.5950023082209914
list:
dist: 1.5950023082209914 vs. 1.5950023082209914
--------
nle(id0,id1,dist): 93 100 1.6465920740077193
list:
dist: 1.6465920740077193 vs. 1.6465920740077193
--------
nle(id0,id1,dist): 93 102 3.080132393498817
list:
dist: 3.080132393498817 vs. 3.080132393498817
--------
nle(id0,id1,dist): 93 105 2.5889725108075763
list:
dist: 2.5889725108075763 vs. 2.5889725108075763
--------
nle(id0,id1,dist): 93 104 3.2451057141426842
list:
dist: 3.2451057141426842 vs. 3.2451057141426842
--------
nle(id0,id1,dist): 93 107 3.8402423705706545
list:
dist: 3.8402423705706545 vs. 3.8402423705706545
--------
nle(id0,id1,dist): 93 106 2.5052693832170396
list:
dist: 2.5052693832170396 vs. 2.5052693832170396
--------
nle(id0,id1,dist): 93 108 2.9456720776680765
list:
dist: 2.9456720776680765 vs. 2.9456720776680765
--------
nle(id0,id1,dist): 94 110 1.6646341076667575
list:
dist: 1.6646341076667575 vs. 1.6646341076667575
--------
nle(id0,id1,dist): 94 107 1.9421987659738744
list:
dist: 1.9421987659738744 vs. 1.9421987659738744
--------
nle(id0,id1,dist): 94 108 0.7236401361049429
list:
dist: 0.7236401361049429 vs. 0.7236401361049429
--------
nle(id0,id1,dist): 94 97 1.24456893854691
list:
dist: 1.24456893854691 vs. 1.24456893854691
--------
nle(id0,id1,dist): 94 96 2.4784407445804066
list:
dist: 2.4784407445804066 vs. 2.4784407445804066
--------
nle(id0,id1,dist): 94 95 2.0959461318596273
list:
dist: 2.0959461318596273 vs. 2.0959461318596273
--------
nle(id0,id1,dist): 94 102 1.97656207852761
list:
dist: 1.97656207852761 vs. 1.97656207852761
--------
nle(id0,id1,dist): 94 101 0.8550121366724999
list:
dist: 0.8550121366724999 vs. 0.8550121366724999
--------
nle(id0,id1,dist): 94 100 3.753451867183583
list:
dist: 3.753451867183583 vs. 3.753451867183583
--------
nle(id0,id1,dist): 94 99 2.038127526958241
list:
dist: 2.038127526958241 vs. 2.038127526958241
--------
nle(id0,id1,dist): 94 106 1.2745491404083864
list:
dist: 1.2745491404083864 vs. 1.2745491404083864
--------
nle(id0,id1,dist): 94 105 2.0038815946868813
list:
dist: 2.0038815946868813 vs. 2.0038815946868813
--------
nle(id0,id1,dist): 94 104 1.8409214525540043
list:
dist: 1.8409214525540043 vs. 1.8409214525540043
--------
nle(id0,id1,dist): 92 97 1.2054867525767212
list:
dist: 1.2054867525767212 vs. 1.2054867525767212
--------
nle(id0,id1,dist): 92 99 1.4212439145920828
list:
dist: 1.4212439145920828 vs. 1.4212439145920828
--------
nle(id0,id1,dist): 92 93 2.535187459611362
list:
dist: 2.535187459611362 vs. 2.535187459611362
--------
nle(id0,id1,dist): 92 94 1.0945084451134366
list:
dist: 1.0945084451134366 vs. 1.0945084451134366
--------
nle(id0,id1,dist): 92 95 1.008546780348951
list:
dist: 1.008546780348951 vs. 1.008546780348951
--------
nle(id0,id1,dist): 92 96 1.839342875575952
list:
dist: 1.839342875575952 vs. 1.839342875575952
--------
nle(id0,id1,dist): 91 110 2.251586410758966
list:
dist: 2.251586410758966 vs. 2.251586410758966
--------
nle(id0,id1,dist): 91 107 2.467276149163913
list:
dist: 2.467276149163913 vs. 2.467276149163913
--------
nle(id0,id1,dist): 91 106 0.9768506706203507
list:
dist: 0.9768506706203507 vs. 0.9768506706203507
--------
nle(id0,id1,dist): 91 108 1.4202059763393944
list:
dist: 1.4202059763393944 vs. 1.4202059763393944
--------
nle(id0,id1,dist): 92 119 2.335670141205925
list:
dist: 2.335670141205925 vs. 2.335670141205925
--------
nle(id0,id1,dist): 92 117 2.4433876852814844
list:
dist: 2.4433876852814844 vs. 2.4433876852814844
--------
nle(id0,id1,dist): 92 118 3.209122942837045
list:
dist: 3.209122942837045 vs. 3.209122942837045
--------
nle(id0,id1,dist): 93 94 2.224052756849388
list:
dist: 2.224052756849388 vs. 2.224052756849388
--------
nle(id0,id1,dist): 93 95 3.252200752000557
list:
dist: 3.252200752000557 vs. 3.252200752000557
--------
nle(id0,id1,dist): 92 108 1.302174731360927
list:
dist: 1.302174731360927 vs. 1.302174731360927
--------
nle(id0,id1,dist): 92 107 1.609624451228592
list:
dist: 1.609624451228592 vs. 1.609624451228592
--------
nle(id0,id1,dist): 92 106 1.7351598641760753
list:
dist: 1.7351598641760753 vs. 1.7351598641760753
--------
nle(id0,id1,dist): 92 105 1.1344861379334823
list:
dist: 1.1344861379334823 vs. 1.1344861379334823
--------
nle(id0,id1,dist): 92 104 1.541443939693642
list:
dist: 1.541443939693642 vs. 1.541443939693642
--------
nle(id0,id1,dist): 92 103 1.6096030949473095
list:
dist: 1.6096030949473095 vs. 1.6096030949473095
--------
nle(id0,id1,dist): 92 102 0.8960975110071542
list:
dist: 0.8960975110071542 vs. 0.8960975110071542
--------
nle(id0,id1,dist): 92 101 0.9905434672908451
list:
dist: 0.9905434672908451 vs. 0.9905434672908451
--------
nle(id0,id1,dist): 92 116 3.4779595943464057
list:
dist: 3.4779595943464057 vs. 3.4779595943464057
--------
nle(id0,id1,dist): 92 115 2.763852114147585
list:
dist: 2.763852114147585 vs. 2.763852114147585
--------
nle(id0,id1,dist): 92 113 1.854218891700083
list:
dist: 1.854218891700083 vs. 1.854218891700083
--------
nle(id0,id1,dist): 92 112 1.9496871803096494
list:
dist: 1.9496871803096494 vs. 1.9496871803096494
--------
nle(id0,id1,dist): 92 110 1.8769042669421563
list:
dist: 1.8769042669421563 vs. 1.8769042669421563
--------
nle(id0,id1,dist): 92 109 2.5176094465684553
list:
dist: 2.5176094465684553 vs. 2.5176094465684553
--------
nle(id0,id1,dist): 97 101 1.822140299972311
list:
dist: 1.822140299972311 vs. 1.822140299972311
--------
nle(id0,id1,dist): 97 103 1.6248730573174968
list:
dist: 1.6248730573174968 vs. 1.6248730573174968
--------
nle(id0,id1,dist): 97 102 1.7003774757516321
list:
dist: 1.7003774757516321 vs. 1.7003774757516321
--------
nle(id0,id1,dist): 97 105 2.2903358826721623
list:
dist: 2.2903358826721623 vs. 2.2903358826721623
--------
nle(id0,id1,dist): 97 104 1.2542123593106793
list:
dist: 1.2542123593106793 vs. 1.2542123593106793
--------
nle(id0,id1,dist): 97 107 1.5097765485785366
list:
dist: 1.5097765485785366 vs. 1.5097765485785366
--------
nle(id0,id1,dist): 97 106 1.5107015145921934
list:
dist: 1.5107015145921934 vs. 1.5107015145921934
--------
nle(id0,id1,dist): 97 99 1.1844220750843315
list:
dist: 1.1844220750843315 vs. 1.1844220750843315
--------
nle(id0,id1,dist): 96 113 1.4039063020200544
list:
dist: 1.4039063020200544 vs. 1.4039063020200544
--------
nle(id0,id1,dist): 96 115 2.9105706407621406
list:
dist: 2.9105706407621406 vs. 2.9105706407621406
--------
nle(id0,id1,dist): 96 116 2.6959728490454653
list:
dist: 2.6959728490454653 vs. 2.6959728490454653
--------
nle(id0,id1,dist): 96 117 1.3218211210948592
list:
dist: 1.3218211210948592 vs. 1.3218211210948592
--------
nle(id0,id1,dist): 96 118 2.929868719050644
list:
dist: 2.929868719050644 vs. 2.929868719050644
--------
nle(id0,id1,dist): 96 119 2.3768876504611107
list:
dist: 2.3768876504611107 vs. 2.3768876504611107
--------
nle(id0,id1,dist): 97 118 2.575489426738551
list:
dist: 2.575489426738551 vs. 2.575489426738551
--------
nle(id0,id1,dist): 97 119 1.7510608739155018
list:
dist: 1.7510608739155018 vs. 1.7510608739155018
--------
nle(id0,id1,dist): 97 116 3.2205573721434964
list:
dist: 3.2205573721434964 vs. 3.2205573721434964
--------
nle(id0,id1,dist): 97 117 2.6722440623339563
list:
dist: 2.6722440623339563 vs. 2.6722440623339563
--------
nle(id0,id1,dist): 97 110 0.8779681968903635
list:
dist: 0.8779681968903635 vs. 0.8779681968903635
--------
nle(id0,id1,dist): 97 108 0.8115515282544653
list:
dist: 0.8115515282544653 vs. 0.8115515282544653
--------
nle(id0,id1,dist): 97 109 2.4190446371041947
list:
dist: 2.4190446371041947 vs. 2.4190446371041947
--------
nle(id0,id1,dist): 97 115 2.1705795680873248
list:
dist: 2.1705795680873248 vs. 2.1705795680873248
--------
nle(id0,id1,dist): 97 112 1.3762473092986127
list:
dist: 1.3762473092986127 vs. 1.3762473092986127
--------
nle(id0,id1,dist): 97 113 2.003240108398058
list:
dist: 2.003240108398058 vs. 2.003240108398058
--------
nle(id0,id1,dist): 95 115 2.4591726285068103
list:
dist: 2.4591726285068103 vs. 2.4591726285068103
--------
nle(id0,id1,dist): 95 117 1.9463283322812373
list:
dist: 1.9463283322812373 vs. 1.9463283322812373
--------
nle(id0,id1,dist): 95 116 3.059190962406354
list:
dist: 3.059190962406354 vs. 3.059190962406354
--------
nle(id0,id1,dist): 95 110 2.406740094217184
list:
dist: 2.406740094217184 vs. 2.406740094217184
--------
nle(id0,id1,dist): 95 113 1.3673743590165506
list:
dist: 1.3673743590165506 vs. 1.3673743590165506
--------
nle(id0,id1,dist): 95 112 1.9158365059239948
list:
dist: 1.9158365059239948 vs. 1.9158365059239948
--------
nle(id0,id1,dist): 95 107 1.765824376406415
list:
dist: 1.765824376406415 vs. 1.765824376406415
--------
nle(id0,id1,dist): 95 106 2.554801856168331
list:
dist: 2.554801856168331 vs. 2.554801856168331
--------
nle(id0,id1,dist): 95 109 2.0486722080874427
list:
dist: 2.0486722080874427 vs. 2.0486722080874427
--------
nle(id0,id1,dist): 95 108 2.152871558780604
list:
dist: 2.152871558780604 vs. 2.152871558780604
--------
nle(id0,id1,dist): 95 103 1.0715203565645093
list:
dist: 1.0715203565645093 vs. 1.0715203565645093
--------
nle(id0,id1,dist): 95 102 0.31689937662150225
list:
dist: 0.31689937662150225 vs. 0.31689937662150225
--------
nle(id0,id1,dist): 95 105 1.0191712439842904
list:
dist: 1.0191712439842904 vs. 1.0191712439842904
--------
nle(id0,id1,dist): 95 104 1.891152594822398
list:
dist: 1.891152594822398 vs. 1.891152594822398
--------
nle(id0,id1,dist): 95 99 1.3205543174628775
list:
dist: 1.3205543174628775 vs. 1.3205543174628775
--------
nle(id0,id1,dist): 95 101 1.8799553525119435
list:
dist: 1.8799553525119435 vs. 1.8799553525119435
--------
nle(id0,id1,dist): 95 96 1.6498831339501963
list:
dist: 1.6498831339501963 vs. 1.6498831339501963
--------
nle(id0,id1,dist): 95 97 1.7894882188545864
list:
dist: 1.7894882188545864 vs. 1.7894882188545864
--------
nle(id0,id1,dist): 96 112 2.2170261729847094
list:
dist: 2.2170261729847094 vs. 2.2170261729847094
--------
nle(id0,id1,dist): 96 110 2.6904780154701102
list:
dist: 2.6904780154701102 vs. 2.6904780154701102
--------
nle(id0,id1,dist): 96 109 1.9355152581371493
list:
dist: 1.9355152581371493 vs. 1.9355152581371493
--------
nle(id0,id1,dist): 96 108 2.458327139556526
list:
dist: 2.458327139556526 vs. 2.458327139556526
--------
nle(id0,id1,dist): 96 107 1.4388265542024161
list:
dist: 1.4388265542024161 vs. 1.4388265542024161
--------
nle(id0,id1,dist): 96 106 3.515896122095
list:
dist: 3.515896122095 vs. 3.515896122095
--------
nle(id0,id1,dist): 96 105 1.3553162232870883
list:
dist: 1.3553162232870883 vs. 1.3553162232870883
--------
nle(id0,id1,dist): 96 104 3.2524261674925574
list:
dist: 3.2524261674925574 vs. 3.2524261674925574
--------
nle(id0,id1,dist): 96 103 1.943745273812927
list:
dist: 1.943745273812927 vs. 1.943745273812927
--------
nle(id0,id1,dist): 96 102 1.9056191282380652
list:
dist: 1.9056191282380652 vs. 1.9056191282380652
--------
nle(id0,id1,dist): 96 101 2.3207549907481457
list:
dist: 2.3207549907481457 vs. 2.3207549907481457
--------
nle(id0,id1,dist): 96 99 1.8296262656098594
list:
dist: 1.8296262656098594 vs. 1.8296262656098594
--------
nle(id0,id1,dist): 96 97 2.543813900860243
list:
dist: 2.543813900860243 vs. 2.543813900860243
--------
nle(id0,id1,dist): 95 118 3.134528863524173
list:
dist: 3.134528863524173 vs. 3.134528863524173
--------
nle(id0,id1,dist): 95 119 2.250963884670571
list:
dist: 2.250963884670571 vs. 2.250963884670571
--------
nle(id0,id1,dist): 87 89 2.939456689689842
list:
dist: 2.939456689689842 vs. 2.939456689689842
--------
nle(id0,id1,dist): 85 89 2.5251012138845677
list:
dist: 2.5251012138845677 vs. 2.5251012138845677
--------
nle(id0,id1,dist): 86 87 0.7861499241693395
list:
dist: 0.7861499241693395 vs. 0.7861499241693395
--------
nle(id0,id1,dist): 86 89 2.7676350918533053
list:
dist: 2.7676350918533053 vs. 2.7676350918533053
--------
nle(id0,id1,dist): 90 93 0.8958932111425353
list:
dist: 0.8958932111425353 vs. 0.8958932111425353
--------
nle(id0,id1,dist): 90 94 2.5270289617139525
list:
dist: 2.5270289617139525 vs. 2.5270289617139525
--------
nle(id0,id1,dist): 90 91 1.9482858261116978
list:
dist: 1.9482858261116978 vs. 1.9482858261116978
--------
nle(id0,id1,dist): 90 92 2.450190708847018
list:
dist: 2.450190708847018 vs. 2.450190708847018
--------
nle(id0,id1,dist): 90 106 2.7064297225210514
list:
dist: 2.7064297225210514 vs. 2.7064297225210514
--------
nle(id0,id1,dist): 90 105 2.261660822710897
list:
dist: 2.261660822710897 vs. 2.261660822710897
--------
nle(id0,id1,dist): 90 104 3.1339561084984164
list:
dist: 3.1339561084984164 vs. 3.1339561084984164
--------
nle(id0,id1,dist): 90 108 3.224392606658478
list:
dist: 3.224392606658478 vs. 3.224392606658478
--------
nle(id0,id1,dist): 90 107 3.901702334440645
list:
dist: 3.901702334440645 vs. 3.901702334440645
--------
nle(id0,id1,dist): 90 97 3.427293370272514
list:
dist: 3.427293370272514 vs. 3.427293370272514
--------
nle(id0,id1,dist): 90 96 3.4534185381246485
list:
dist: 3.4534185381246485 vs. 3.4534185381246485
--------
nle(id0,id1,dist): 90 95 2.922472109210462
list:
dist: 2.922472109210462 vs. 2.922472109210462
--------
nle(id0,id1,dist): 90 102 2.7399458623514885
list:
dist: 2.7399458623514885 vs. 2.7399458623514885
--------
nle(id0,id1,dist): 90 101 1.7331321447944779
list:
dist: 1.7331321447944779 vs. 1.7331321447944779
--------
nle(id0,id1,dist): 90 100 2.117553437680497
list:
dist: 2.117553437680497 vs. 2.117553437680497
--------
nle(id0,id1,dist): 90 99 3.8586561527229453
list:
dist: 3.8586561527229453 vs. 3.8586561527229453
--------
nle(id0,id1,dist): 91 99 2.3298931981859523
list:
dist: 2.3298931981859523 vs. 2.3298931981859523
--------
nle(id0,id1,dist): 91 101 0.6635082316751553
list:
dist: 0.6635082316751553 vs. 0.6635082316751553
--------
nle(id0,id1,dist): 91 100 3.445340290186098
list:
dist: 3.445340290186098 vs. 3.445340290186098
--------
nle(id0,id1,dist): 91 102 1.743968658784935
list:
dist: 1.743968658784935 vs. 1.743968658784935
--------
nle(id0,id1,dist): 91 105 1.8701973576871502
list:
dist: 1.8701973576871502 vs. 1.8701973576871502
--------
nle(id0,id1,dist): 91 104 1.5077812825164232
list:
dist: 1.5077812825164232 vs. 1.5077812825164232
--------
nle(id0,id1,dist): 91 93 1.8331867320823831
list:
dist: 1.8331867320823831 vs. 1.8331867320823831
--------
nle(id0,id1,dist): 91 92 1.060108483355535
list:
dist: 1.060108483355535 vs. 1.060108483355535
--------
nle(id0,id1,dist): 91 95 1.963464734990557
list:
dist: 1.963464734990557 vs. 1.963464734990557
--------
nle(id0,id1,dist): 91 94 0.8240394423700066
list:
dist: 0.8240394423700066 vs. 0.8240394423700066
--------
nle(id0,id1,dist): 91 97 1.5557373297876687
list:
dist: 1.5557373297876687 vs. 1.5557373297876687
--------
nle(id0,id1,dist): 91 96 2.7639513507308724
list:
dist: 2.7639513507308724 vs. 2.7639513507308724
--------
nle(id0,id1,dist): 88 103 4.828964543559994
list:
dist: 4.828964543559994 vs. 4.828964543559994
--------
nle(id0,id1,dist): 88 89 2.500021381818519
list:
dist: 2.500021381818519 vs. 2.500021381818519
--------
nle(id0,id1,dist): 88 115 4.187187158685741
list:
dist: 4.187187158685741 vs. 4.187187158685741
--------
nle(id0,id1,dist): 81 83 4.483932014591269
list:
dist: 4.483932014591269 vs. 4.483932014591269
--------
nle(id0,id1,dist): 81 86 3.527676742404197
list:
dist: 3.527676742404197 vs. 3.527676742404197
--------
nle(id0,id1,dist): 81 84 4.030010881648098
list:
dist: 4.030010881648098 vs. 4.030010881648098
--------
nle(id0,id1,dist): 80 85 1.7458211773189978
list:
dist: 1.7458211773189978 vs. 1.7458211773189978
--------
nle(id0,id1,dist): 79 89 3.9956307374719833
list:
dist: 3.9956307374719833 vs. 3.9956307374719833
--------
nle(id0,id1,dist): 79 86 2.3667758135190726
list:
dist: 2.3667758135190726 vs. 2.3667758135190726
--------
nle(id0,id1,dist): 79 81 2.7449046862472213
list:
dist: 2.7449046862472213 vs. 2.7449046862472213
--------
nle(id0,id1,dist): 79 84 2.104266717396397
list:
dist: 2.104266717396397 vs. 2.104266717396397
--------
nle(id0,id1,dist): 79 83 2.558164792463616
list:
dist: 2.558164792463616 vs. 2.558164792463616
--------
nle(id0,id1,dist): 79 82 3.2696146709317064
list:
dist: 3.2696146709317064 vs. 3.2696146709317064
--------
nle(id0,id1,dist): 78 79 3.107584231540768
list:
dist: 3.107584231540768 vs. 3.107584231540768
--------
nle(id0,id1,dist): 78 82 1.2147403873120215
list:
dist: 1.2147403873120215 vs. 1.2147403873120215
--------
nle(id0,id1,dist): 78 81 4.117227530326432
list:
dist: 4.117227530326432 vs. 4.117227530326432
--------
nle(id0,id1,dist): 78 84 2.4881013260557525
list:
dist: 2.4881013260557525 vs. 2.4881013260557525
--------
nle(id0,id1,dist): 78 83 1.5384352742775413
list:
dist: 1.5384352742775413 vs. 1.5384352742775413
--------
nle(id0,id1,dist): 78 86 1.2699655983485987
list:
dist: 1.2699655983485987 vs. 1.2699655983485987
--------
nle(id0,id1,dist): 78 85 2.4670213454534955
list:
dist: 2.4670213454534955 vs. 2.4670213454534955
--------
nle(id0,id1,dist): 78 87 1.4231865488171387
list:
dist: 1.4231865488171387 vs. 1.4231865488171387
--------
nle(id0,id1,dist): 78 89 2.3781175413061812
list:
dist: 2.3781175413061812 vs. 2.3781175413061812
--------
nle(id0,id1,dist): 84 89 2.8334679541287335
list:
dist: 2.8334679541287335 vs. 2.8334679541287335
--------
nle(id0,id1,dist): 84 87 1.8618046884967594
list:
dist: 1.8618046884967594 vs. 1.8618046884967594
--------
nle(id0,id1,dist): 84 86 1.4176490688091445
list:
dist: 1.4176490688091445 vs. 1.4176490688091445
--------
nle(id0,id1,dist): 83 86 1.8897823644360834
list:
dist: 1.8897823644360834 vs. 1.8897823644360834
--------
nle(id0,id1,dist): 83 87 2.4434530283524105
list:
dist: 2.4434530283524105 vs. 2.4434530283524105
--------
nle(id0,id1,dist): 83 89 1.7353345030673444
list:
dist: 1.7353345030673444 vs. 1.7353345030673444
--------
nle(id0,id1,dist): 83 84 2.274113616812292
list:
dist: 2.274113616812292 vs. 2.274113616812292
--------
nle(id0,id1,dist): 83 85 1.9879761225952801
list:
dist: 1.9879761225952801 vs. 1.9879761225952801
--------
nle(id0,id1,dist): 82 89 1.181596304949215
list:
dist: 1.181596304949215 vs. 1.181596304949215
--------
nle(id0,id1,dist): 82 87 2.0317568807124395
list:
dist: 2.0317568807124395 vs. 2.0317568807124395
--------
nle(id0,id1,dist): 82 88 3.472271057418444
list:
dist: 3.472271057418444 vs. 3.472271057418444
--------
nle(id0,id1,dist): 82 84 2.3428542442755607
list:
dist: 2.3428542442755607 vs. 2.3428542442755607
--------
nle(id0,id1,dist): 82 83 0.9855403713408059
list:
dist: 0.9855403713408059 vs. 0.9855403713408059
--------
nle(id0,id1,dist): 82 86 1.788835521599413
list:
dist: 1.788835521599413 vs. 1.788835521599413
--------
nle(id0,id1,dist): 82 85 2.139834160664507
list:
dist: 2.139834160664507 vs. 2.139834160664507
--------
nle(id0,id1,dist): 74 76 2.940939890235777
list:
dist: 2.940939890235777 vs. 2.940939890235777
--------
nle(id0,id1,dist): 74 75 1.2962620328801069
list:
dist: 1.2962620328801069 vs. 1.2962620328801069
--------
nle(id0,id1,dist): 74 78 2.010612978914747
list:
dist: 2.010612978914747 vs. 2.010612978914747
--------
nle(id0,id1,dist): 74 77 0.5661172405501497
list:
dist: 0.5661172405501497 vs. 0.5661172405501497
--------
nle(id0,id1,dist): 74 83 2.1174573347128076
list:
dist: 2.1174573347128076 vs. 2.1174573347128076
--------
nle(id0,id1,dist): 74 84 1.9228561709388374
list:
dist: 1.9228561709388374 vs. 1.9228561709388374
--------
nle(id0,id1,dist): 74 86 1.3427243071759158
list:
dist: 1.3427243071759158 vs. 1.3427243071759158
--------
nle(id0,id1,dist): 74 79 1.3278119453004342
list:
dist: 1.3278119453004342 vs. 1.3278119453004342
--------
nle(id0,id1,dist): 74 81 2.454856599681671
list:
dist: 2.454856599681671 vs. 2.454856599681671
--------
nle(id0,id1,dist): 74 82 2.5790066152509814
list:
dist: 2.5790066152509814 vs. 2.5790066152509814
--------
nle(id0,id1,dist): 74 87 2.0417998839969993
list:
dist: 2.0417998839969993 vs. 2.0417998839969993
--------
nle(id0,id1,dist): 74 89 3.579067437444368
list:
dist: 3.579067437444368 vs. 3.579067437444368
--------
nle(id0,id1,dist): 73 75 1.6378313243393412
list:
dist: 1.6378313243393412 vs. 1.6378313243393412
--------
nle(id0,id1,dist): 73 74 2.2895247994392522
list:
dist: 2.2895247994392522 vs. 2.2895247994392522
--------
nle(id0,id1,dist): 73 83 2.5460019296662906
list:
dist: 2.5460019296662906 vs. 2.5460019296662906
--------
nle(id0,id1,dist): 73 81 3.4733988303457553
list:
dist: 3.4733988303457553 vs. 3.4733988303457553
--------
nle(id0,id1,dist): 73 79 3.394736279989978
list:
dist: 3.394736279989978 vs. 3.394736279989978
--------
nle(id0,id1,dist): 73 78 1.7323394058605217
list:
dist: 1.7323394058605217 vs. 1.7323394058605217
--------
nle(id0,id1,dist): 73 77 2.309876663613837
list:
dist: 2.309876663613837 vs. 2.309876663613837
--------
nle(id0,id1,dist): 73 76 1.684262579158301
list:
dist: 1.684262579158301 vs. 1.684262579158301
--------
nle(id0,id1,dist): 73 86 2.4820741824917465
list:
dist: 2.4820741824917465 vs. 2.4820741824917465
--------
nle(id0,id1,dist): 73 87 2.742127802903566
list:
dist: 2.742127802903566 vs. 2.742127802903566
--------
nle(id0,id1,dist): 73 84 3.7468890985895187
list:
dist: 3.7468890985895187 vs. 3.7468890985895187
--------
nle(id0,id1,dist): 73 85 2.6893339316751943
list:
dist: 2.6893339316751943 vs. 2.6893339316751943
--------
nle(id0,id1,dist): 72 73 2.193446300180426
list:
dist: 2.193446300180426 vs. 2.193446300180426
--------
nle(id0,id1,dist): 72 76 3.4146459798977324
list:
dist: 3.4146459798977324 vs. 3.4146459798977324
--------
nle(id0,id1,dist): 72 75 1.9388984048281876
list:
dist: 1.9388984048281876 vs. 1.9388984048281876
--------
nle(id0,id1,dist): 72 78 1.7682376373136206
list:
dist: 1.7682376373136206 vs. 1.7682376373136206
--------
nle(id0,id1,dist): 72 80 2.1384034886275156
list:
dist: 2.1384034886275156 vs. 2.1384034886275156
--------
nle(id0,id1,dist): 72 82 1.5897719767681615
list:
dist: 1.5897719767681615 vs. 1.5897719767681615
--------
nle(id0,id1,dist): 72 83 1.5828461890016707
list:
dist: 1.5828461890016707 vs. 1.5828461890016707
--------
nle(id0,id1,dist): 72 85 0.7097850378058167
list:
dist: 0.7097850378058167 vs. 0.7097850378058167
--------
nle(id0,id1,dist): 72 89 2.237491299813489
list:
dist: 2.237491299813489 vs. 2.237491299813489
--------
nle(id0,id1,dist): 71 80 1.9316365319800346
list:
dist: 1.9316365319800346 vs. 1.9316365319800346
--------
nle(id0,id1,dist): 71 85 3.5014351919074183
list:
dist: 3.5014351919074183 vs. 3.5014351919074183
--------
nle(id0,id1,dist): 77 89 3.3128928125987103
list:
dist: 3.3128928125987103 vs. 3.3128928125987103
--------
nle(id0,id1,dist): 77 84 1.630247013042554
list:
dist: 1.630247013042554 vs. 1.630247013042554
--------
nle(id0,id1,dist): 77 86 0.8061609385190114
list:
dist: 0.8061609385190114 vs. 0.8061609385190114
--------
nle(id0,id1,dist): 77 87 1.4813173527447943
list:
dist: 1.4813173527447943 vs. 1.4813173527447943
--------
nle(id0,id1,dist): 77 81 2.785731491244085
list:
dist: 2.785731491244085 vs. 2.785731491244085
--------
nle(id0,id1,dist): 77 82 2.298264546860822
list:
dist: 2.298264546860822 vs. 2.298264546860822
--------
nle(id0,id1,dist): 77 83 2.051986805273148
list:
dist: 2.051986805273148 vs. 2.051986805273148
--------
nle(id0,id1,dist): 76 85 3.662317739368686
list:
dist: 3.662317739368686 vs. 3.662317739368686
--------
nle(id0,id1,dist): 76 86 3.7370555871581477
list:
dist: 3.7370555871581477 vs. 3.7370555871581477
--------
nle(id0,id1,dist): 77 79 1.7422205320122246
list:
dist: 1.7422205320122246 vs. 1.7422205320122246
--------
nle(id0,id1,dist): 77 78 1.6820509723466974
list:
dist: 1.6820509723466974 vs. 1.6820509723466974
--------
nle(id0,id1,dist): 76 78 3.2967480451353866
list:
dist: 3.2967480451353866 vs. 3.2967480451353866
--------
nle(id0,id1,dist): 76 77 3.243525574635246
list:
dist: 3.243525574635246 vs. 3.243525574635246
--------
nle(id0,id1,dist): 76 79 3.644850527511228
list:
dist: 3.644850527511228 vs. 3.644850527511228
--------
nle(id0,id1,dist): 76 81 3.0433826615221733
list:
dist: 3.0433826615221733 vs. 3.0433826615221733
--------
nle(id0,id1,dist): 76 84 4.7769478437219455
list:
dist: 4.7769478437219455 vs. 4.7769478437219455
--------
nle(id0,id1,dist): 76 83 3.6496300011705016
list:
dist: 3.6496300011705016 vs. 3.6496300011705016
--------
nle(id0,id1,dist): 75 85 2.406178656762288
list:
dist: 2.406178656762288 vs. 2.406178656762288
--------
nle(id0,id1,dist): 75 84 2.4873097184718787
list:
dist: 2.4873097184718787 vs. 2.4873097184718787
--------
nle(id0,id1,dist): 75 83 1.2134472114477837
list:
dist: 1.2134472114477837 vs. 1.2134472114477837
--------
nle(id0,id1,dist): 75 82 1.8441465033885425
list:
dist: 1.8441465033885425 vs. 1.8441465033885425
--------
nle(id0,id1,dist): 75 89 2.8781036653818006
list:
dist: 2.8781036653818006 vs. 2.8781036653818006
--------
nle(id0,id1,dist): 75 86 1.690211019030579
list:
dist: 1.690211019030579 vs. 1.690211019030579
--------
nle(id0,id1,dist): 75 77 1.4296190147718568
list:
dist: 1.4296190147718568 vs. 1.4296190147718568
--------
nle(id0,id1,dist): 75 76 2.5433561170555183
list:
dist: 2.5433561170555183 vs. 2.5433561170555183
--------
nle(id0,id1,dist): 75 81 3.3959806066693683
list:
dist: 3.3959806066693683 vs. 3.3959806066693683
--------
nle(id0,id1,dist): 75 79 2.0626469439503214
list:
dist: 2.0626469439503214 vs. 2.0626469439503214
--------
nle(id0,id1,dist): 75 78 1.4343956991373223
list:
dist: 1.4343956991373223 vs. 1.4343956991373223
--------
nle(id0,id1,dist): 120 145 4.255824282318127
list:
dist: 4.255824282318127 vs. 4.255824282318127
--------
nle(id0,id1,dist): 120 146 2.9325842818710313
list:
dist: 2.9325842818710313 vs. 2.9325842818710313
--------
nle(id0,id1,dist): 120 147 3.9144177640812576
list:
dist: 3.9144177640812576 vs. 3.9144177640812576
--------
nle(id0,id1,dist): 120 148 3.492004607748087
list:
dist: 3.492004607748087 vs. 3.492004607748087
--------
nle(id0,id1,dist): 120 149 2.0986332001307186
list:
dist: 2.0986332001307186 vs. 2.0986332001307186
--------
nle(id0,id1,dist): 120 137 3.9757663269566694
list:
dist: 3.9757663269566694 vs. 3.9757663269566694
--------
nle(id0,id1,dist): 120 139 1.5088774354511256
list:
dist: 1.5088774354511256 vs. 1.5088774354511256
--------
nle(id0,id1,dist): 120 140 3.760903300144025
list:
dist: 3.760903300144025 vs. 3.760903300144025
--------
nle(id0,id1,dist): 120 142 3.575361187252108
list:
dist: 3.575361187252108 vs. 3.575361187252108
--------
nle(id0,id1,dist): 120 143 1.4968993281139602
list:
dist: 1.4968993281139602 vs. 1.4968993281139602
--------
nle(id0,id1,dist): 120 144 2.7147533991905637
list:
dist: 2.7147533991905637 vs. 2.7147533991905637
--------
nle(id0,id1,dist): 120 130 1.5844590940354952
list:
dist: 1.5844590940354952 vs. 1.5844590940354952
--------
nle(id0,id1,dist): 120 132 1.9285151117104862
list:
dist: 1.9285151117104862 vs. 1.9285151117104862
--------
nle(id0,id1,dist): 120 131 2.319297141774073
list:
dist: 2.319297141774073 vs. 2.319297141774073
--------
nle(id0,id1,dist): 120 134 1.73565541691879
list:
dist: 1.73565541691879 vs. 1.73565541691879
--------
nle(id0,id1,dist): 120 133 3.8323629638946124
list:
dist: 3.8323629638946124 vs. 3.8323629638946124
--------
nle(id0,id1,dist): 120 136 2.8879601843755545
list:
dist: 2.8879601843755545 vs. 2.8879601843755545
--------
nle(id0,id1,dist): 120 122 2.5114624013152893
list:
dist: 2.5114624013152893 vs. 2.5114624013152893
--------
nle(id0,id1,dist): 120 121 1.287977271951196
list:
dist: 1.287977271951196 vs. 1.287977271951196
--------
nle(id0,id1,dist): 120 124 2.455564485522462
list:
dist: 2.455564485522462 vs. 2.455564485522462
--------
nle(id0,id1,dist): 120 123 3.1162606189500357
list:
dist: 3.1162606189500357 vs. 3.1162606189500357
--------
nle(id0,id1,dist): 120 126 3.2162906043039454
list:
dist: 3.2162906043039454 vs. 3.2162906043039454
--------
nle(id0,id1,dist): 120 125 1.6254425659897054
list:
dist: 1.6254425659897054 vs. 1.6254425659897054
--------
nle(id0,id1,dist): 120 128 2.673435811808446
list:
dist: 2.673435811808446 vs. 2.673435811808446
--------
nle(id0,id1,dist): 120 127 2.9579572755895924
list:
dist: 2.9579572755895924 vs. 2.9579572755895924
--------
nle(id0,id1,dist): 121 142 3.124744101024851
list:
dist: 3.124744101024851 vs. 3.124744101024851
--------
nle(id0,id1,dist): 121 143 2.31694486876906
list:
dist: 2.31694486876906 vs. 2.31694486876906
--------
nle(id0,id1,dist): 121 140 2.855390346806619
list:
dist: 2.855390346806619 vs. 2.855390346806619
--------
nle(id0,id1,dist): 121 146 2.3146761852667264
list:
dist: 2.3146761852667264 vs. 2.3146761852667264
--------
nle(id0,id1,dist): 121 147 3.938003546249212
list:
dist: 3.938003546249212 vs. 3.938003546249212
--------
nle(id0,id1,dist): 121 144 2.085209736369731
list:
dist: 2.085209736369731 vs. 2.085209736369731
--------
nle(id0,id1,dist): 121 145 3.4663819091270747
list:
dist: 3.4663819091270747 vs. 3.4663819091270747
--------
nle(id0,id1,dist): 121 134 2.014586818658403
list:
dist: 2.014586818658403 vs. 2.014586818658403
--------
nle(id0,id1,dist): 121 132 1.2717879692115635
list:
dist: 1.2717879692115635 vs. 1.2717879692115635
--------
nle(id0,id1,dist): 121 133 2.7941169508057544
list:
dist: 2.7941169508057544 vs. 2.7941169508057544
--------
nle(id0,id1,dist): 121 139 1.8732937144167063
list:
dist: 1.8732937144167063 vs. 1.8732937144167063
--------
nle(id0,id1,dist): 121 136 2.4761246420397787
list:
dist: 2.4761246420397787 vs. 2.4761246420397787
--------
nle(id0,id1,dist): 121 137 3.668489428016062
list:
dist: 3.668489428016062 vs. 3.668489428016062
--------
nle(id0,id1,dist): 121 127 2.8674152251405527
list:
dist: 2.8674152251405527 vs. 2.8674152251405527
--------
nle(id0,id1,dist): 121 126 2.5666017634500173
list:
dist: 2.5666017634500173 vs. 2.5666017634500173
--------
nle(id0,id1,dist): 121 125 1.7190056777808196
list:
dist: 1.7190056777808196 vs. 1.7190056777808196
--------
nle(id0,id1,dist): 121 124 1.5905273467280812
list:
dist: 1.5905273467280812 vs. 1.5905273467280812
--------
nle(id0,id1,dist): 121 131 1.9039078591401113
list:
dist: 1.9039078591401113 vs. 1.9039078591401113
--------
nle(id0,id1,dist): 121 130 1.1435007787077103
list:
dist: 1.1435007787077103 vs. 1.1435007787077103
--------
nle(id0,id1,dist): 121 128 2.967893603398859
list:
dist: 2.967893603398859 vs. 2.967893603398859
--------
nle(id0,id1,dist): 121 123 2.5958876113776075
list:
dist: 2.5958876113776075 vs. 2.5958876113776075
--------
nle(id0,id1,dist): 121 122 1.7625574373875252
list:
dist: 1.7625574373875252 vs. 1.7625574373875252
--------
nle(id0,id1,dist): 122 132 1.5624352453895565
list:
dist: 1.5624352453895565 vs. 1.5624352453895565
--------
nle(id0,id1,dist): 122 131 1.670454022051528
list:
dist: 1.670454022051528 vs. 1.670454022051528
--------
nle(id0,id1,dist): 122 133 1.9933655977069509
list:
dist: 1.9933655977069509 vs. 1.9933655977069509
--------
nle(id0,id1,dist): 122 127 2.393320214808813
list:
dist: 2.393320214808813 vs. 2.393320214808813
--------
nle(id0,id1,dist): 122 130 0.9384956261794223
list:
dist: 0.9384956261794223 vs. 0.9384956261794223
--------
nle(id0,id1,dist): 122 140 1.665288821285055
list:
dist: 1.665288821285055 vs. 1.665288821285055
--------
nle(id0,id1,dist): 122 142 2.1393767639133094
list:
dist: 2.1393767639133094 vs. 2.1393767639133094
--------
nle(id0,id1,dist): 122 136 1.3822512888240723
list:
dist: 1.3822512888240723 vs. 1.3822512888240723
--------
nle(id0,id1,dist): 122 137 2.28877254724373
list:
dist: 2.28877254724373 vs. 2.28877254724373
--------
nle(id0,id1,dist): 121 148 3.8240433749131046
list:
dist: 3.8240433749131046 vs. 3.8240433749131046
--------
nle(id0,id1,dist): 121 149 2.6107060059683223
list:
dist: 2.6107060059683223 vs. 2.6107060059683223
--------
nle(id0,id1,dist): 122 123 0.9547124203505682
list:
dist: 0.9547124203505682 vs. 0.9547124203505682
--------
nle(id0,id1,dist): 122 124 1.9528840885893506
list:
dist: 1.9528840885893506 vs. 1.9528840885893506
--------
nle(id0,id1,dist): 122 125 1.6450434902904714
list:
dist: 1.6450434902904714 vs. 1.6450434902904714
--------
nle(id0,id1,dist): 122 126 1.631505713538319
list:
dist: 1.631505713538319 vs. 1.631505713538319
--------
nle(id0,id1,dist): 123 129 3.5833864352044977
list:
dist: 3.5833864352044977 vs. 3.5833864352044977
--------
nle(id0,id1,dist): 123 127 2.0796659743423622
list:
dist: 2.0796659743423622 vs. 2.0796659743423622
--------
nle(id0,id1,dist): 123 126 2.162351283386013
list:
dist: 2.162351283386013 vs. 2.162351283386013
--------
nle(id0,id1,dist): 123 125 1.8159073688505531
list:
dist: 1.8159073688505531 vs. 1.8159073688505531
--------
nle(id0,id1,dist): 123 124 2.871350877451555
list:
dist: 2.871350877451555 vs. 2.871350877451555
--------
nle(id0,id1,dist): 123 137 1.4014956221659394
list:
dist: 1.4014956221659394 vs. 1.4014956221659394
--------
nle(id0,id1,dist): 123 136 0.9494596006021457
list:
dist: 0.9494596006021457 vs. 0.9494596006021457
--------
nle(id0,id1,dist): 123 135 2.8235056960333242
list:
dist: 2.8235056960333242 vs. 2.8235056960333242
--------
nle(id0,id1,dist): 123 133 2.1216160681870706
list:
dist: 2.1216160681870706 vs. 2.1216160681870706
--------
nle(id0,id1,dist): 123 132 2.0288271177348953
list:
dist: 2.0288271177348953 vs. 2.0288271177348953
--------
nle(id0,id1,dist): 123 131 1.7792907672423517
list:
dist: 1.7792907672423517 vs. 1.7792907672423517
--------
nle(id0,id1,dist): 123 130 1.602563517803696
list:
dist: 1.602563517803696 vs. 1.602563517803696
--------
nle(id0,id1,dist): 122 149 2.343350755457232
list:
dist: 2.343350755457232 vs. 2.343350755457232
--------
nle(id0,id1,dist): 122 147 3.3715423781973435
list:
dist: 3.3715423781973435 vs. 3.3715423781973435
--------
nle(id0,id1,dist): 122 148 3.5243156690072004
list:
dist: 3.5243156690072004 vs. 3.5243156690072004
--------
nle(id0,id1,dist): 122 145 1.8176701461784617
list:
dist: 1.8176701461784617 vs. 1.8176701461784617
--------
nle(id0,id1,dist): 122 146 2.2852262628013205
list:
dist: 2.2852262628013205 vs. 2.2852262628013205
--------
nle(id0,id1,dist): 122 144 1.026995438801037
list:
dist: 1.026995438801037 vs. 1.026995438801037
--------
nle(id0,id1,dist): 124 126 1.5537719077670722
list:
dist: 1.5537719077670722 vs. 1.5537719077670722
--------
nle(id0,id1,dist): 124 125 2.8582287260435884
list:
dist: 2.8582287260435884 vs. 2.8582287260435884
--------
nle(id0,id1,dist): 124 128 4.377915863685009
list:
dist: 4.377915863685009 vs. 4.377915863685009
--------
nle(id0,id1,dist): 124 127 4.034439932219673
list:
dist: 4.034439932219673 vs. 4.034439932219673
--------
nle(id0,id1,dist): 124 130 1.8408944194496435
list:
dist: 1.8408944194496435 vs. 1.8408944194496435
--------
nle(id0,id1,dist): 124 132 2.56457569071379
list:
dist: 2.56457569071379 vs. 2.56457569071379
--------
nle(id0,id1,dist): 124 131 3.095303740241675
list:
dist: 3.095303740241675 vs. 3.095303740241675
--------
nle(id0,id1,dist): 123 138 2.6576608629901255
list:
dist: 2.6576608629901255 vs. 2.6576608629901255
--------
nle(id0,id1,dist): 123 140 1.5297394999422573
list:
dist: 1.5297394999422573 vs. 1.5297394999422573
--------
nle(id0,id1,dist): 123 142 1.6280068777731052
list:
dist: 1.6280068777731052 vs. 1.6280068777731052
--------
nle(id0,id1,dist): 123 144 0.9778131374900434
list:
dist: 0.9778131374900434 vs. 0.9778131374900434
--------
nle(id0,id1,dist): 123 145 1.303453097955276
list:
dist: 1.303453097955276 vs. 1.303453097955276
--------
nle(id0,id1,dist): 123 146 2.430809032027779
list:
dist: 2.430809032027779 vs. 2.430809032027779
--------
nle(id0,id1,dist): 123 147 2.859896447270452
list:
dist: 2.859896447270452 vs. 2.859896447270452
--------
nle(id0,id1,dist): 123 148 3.127308452553841
list:
dist: 3.127308452553841 vs. 3.127308452553841
--------
nle(id0,id1,dist): 123 149 2.2129028817363205
list:
dist: 2.2129028817363205 vs. 2.2129028817363205
--------
nle(id0,id1,dist): 124 149 3.5762171652123618
list:
dist: 3.5762171652123618 vs. 3.5762171652123618
--------
nle(id0,id1,dist): 125 127 1.4578668240305175
list:
dist: 1.4578668240305175 vs. 1.4578668240305175
--------
nle(id0,id1,dist): 125 126 2.9648819875035035
list:
dist: 2.9648819875035035 vs. 2.9648819875035035
--------
nle(id0,id1,dist): 124 136 3.249537708227687
list:
dist: 3.249537708227687 vs. 3.249537708227687
--------
nle(id0,id1,dist): 124 133 3.2286393805255194
list:
dist: 3.2286393805255194 vs. 3.2286393805255194
--------
nle(id0,id1,dist): 124 134 3.6010163375683466
list:
dist: 3.6010163375683466 vs. 3.6010163375683466
--------
nle(id0,id1,dist): 124 139 3.3812403069699752
list:
dist: 3.3812403069699752 vs. 3.3812403069699752
--------
nle(id0,id1,dist): 124 140 3.249819300899573
list:
dist: 3.249819300899573 vs. 3.249819300899573
--------
nle(id0,id1,dist): 124 137 4.236650460199272
list:
dist: 4.236650460199272 vs. 4.236650460199272
--------
nle(id0,id1,dist): 124 143 3.8005508809006336
list:
dist: 3.8005508809006336 vs. 3.8005508809006336
--------
nle(id0,id1,dist): 124 144 2.8192029906738374
list:
dist: 2.8192029906738374 vs. 2.8192029906738374
--------
nle(id0,id1,dist): 124 142 3.9817116925076097
list:
dist: 3.9817116925076097 vs. 3.9817116925076097
--------
nle(id0,id1,dist): 124 147 5.097922156220277
list:
dist: 5.097922156220277 vs. 5.097922156220277
--------
nle(id0,id1,dist): 124 148 5.070272665445114
list:
dist: 5.070272665445114 vs. 5.070272665445114
--------
nle(id0,id1,dist): 124 145 3.4790502223618645
list:
dist: 3.4790502223618645 vs. 3.4790502223618645
--------
nle(id0,id1,dist): 124 146 3.522445875324556
list:
dist: 3.522445875324556 vs. 3.522445875324556
--------
nle(id0,id1,dist): 112 119 0.4072465140601264
list:
dist: 0.4072465140601264 vs. 0.4072465140601264
--------
nle(id0,id1,dist): 112 117 1.6790941307221947
list:
dist: 1.6790941307221947 vs. 1.6790941307221947
--------
nle(id0,id1,dist): 112 118 1.33349877741784
list:
dist: 1.33349877741784 vs. 1.33349877741784
--------
nle(id0,id1,dist): 112 115 0.9932530146219553
list:
dist: 0.9932530146219553 vs. 0.9932530146219553
--------
nle(id0,id1,dist): 112 116 1.8584904150822488
list:
dist: 1.8584904150822488 vs. 1.8584904150822488
--------
nle(id0,id1,dist): 112 113 1.130476413070049
list:
dist: 1.130476413070049 vs. 1.130476413070049
--------
nle(id0,id1,dist): 112 114 2.531612366249183
list:
dist: 2.531612366249183 vs. 2.531612366249183
--------
nle(id0,id1,dist): 113 116 1.713215029525656
list:
dist: 1.713215029525656 vs. 1.713215029525656
--------
nle(id0,id1,dist): 113 117 0.7505464921545998
list:
dist: 0.7505464921545998 vs. 0.7505464921545998
--------
nle(id0,id1,dist): 113 118 1.9490177930049852
list:
dist: 1.9490177930049852 vs. 1.9490177930049852
--------
nle(id0,id1,dist): 113 119 1.2535244623276278
list:
dist: 1.2535244623276278 vs. 1.2535244623276278
--------
nle(id0,id1,dist): 113 114 2.9517316790047796
list:
dist: 2.9517316790047796 vs. 2.9517316790047796
--------
nle(id0,id1,dist): 113 115 1.556285212245716
list:
dist: 1.556285212245716 vs. 1.556285212245716
--------
nle(id0,id1,dist): 114 117 2.972044288745204
list:
dist: 2.972044288745204 vs. 2.972044288745204
--------
nle(id0,id1,dist): 114 118 1.6236553257170134
list:
dist: 1.6236553257170134 vs. 1.6236553257170134
--------
nle(id0,id1,dist): 114 115 1.7428419840979064
list:
dist: 1.7428419840979064 vs. 1.7428419840979064
--------
nle(id0,id1,dist): 114 116 1.6496199694824711
list:
dist: 1.6496199694824711 vs. 1.6496199694824711
--------
nle(id0,id1,dist): 114 119 2.1718790725680823
list:
dist: 2.1718790725680823 vs. 2.1718790725680823
--------
nle(id0,id1,dist): 115 118 1.2767011507077124
list:
dist: 1.2767011507077124 vs. 1.2767011507077124
--------
nle(id0,id1,dist): 115 119 0.8314640813483392
list:
dist: 0.8314640813483392 vs. 0.8314640813483392
--------
nle(id0,id1,dist): 115 116 1.5462107340352675
list:
dist: 1.5462107340352675 vs. 1.5462107340352675
--------
nle(id0,id1,dist): 115 117 1.9692017023337107
list:
dist: 1.9692017023337107 vs. 1.9692017023337107
--------
nle(id0,id1,dist): 116 117 1.439367156580103
list:
dist: 1.439367156580103 vs. 1.439367156580103
--------
nle(id0,id1,dist): 116 118 1.2512012230375136
list:
dist: 1.2512012230375136 vs. 1.2512012230375136
--------
nle(id0,id1,dist): 116 119 1.536726658510698
list:
dist: 1.536726658510698 vs. 1.536726658510698
--------
nle(id0,id1,dist): 117 118 2.029453368804844
list:
dist: 2.029453368804844 vs. 2.029453368804844
--------
nle(id0,id1,dist): 117 119 1.6502252472140475
list:
dist: 1.6502252472140475 vs. 1.6502252472140475
--------
nle(id0,id1,dist): 118 119 0.9372497983393105
list:
dist: 0.9372497983393105 vs. 0.9372497983393105
--------
nle(id0,id1,dist): 106 110 2.1571808902971057
list:
dist: 2.1571808902971057 vs. 2.1571808902971057
--------
nle(id0,id1,dist): 106 108 1.541728222284088
list:
dist: 1.541728222284088 vs. 1.541728222284088
--------
nle(id0,id1,dist): 106 107 2.8587947057341574
list:
dist: 2.8587947057341574 vs. 2.8587947057341574
--------
nle(id0,id1,dist): 105 117 2.297943322893826
list:
dist: 2.297943322893826 vs. 2.297943322893826
--------
nle(id0,id1,dist): 105 109 2.6717649769511778
list:
dist: 2.6717649769511778 vs. 2.6717649769511778
--------
nle(id0,id1,dist): 105 108 2.304489089281481
list:
dist: 2.304489089281481 vs. 2.304489089281481
--------
nle(id0,id1,dist): 105 113 1.9594003557175
list:
dist: 1.9594003557175 vs. 1.9594003557175
--------
nle(id0,id1,dist): 105 112 2.5972499186589646
list:
dist: 2.5972499186589646 vs. 2.5972499186589646
--------
nle(id0,id1,dist): 105 107 2.0573216031668253
list:
dist: 2.0573216031668253 vs. 2.0573216031668253
--------
nle(id0,id1,dist): 105 106 2.7430395054580847
list:
dist: 2.7430395054580847 vs. 2.7430395054580847
--------
nle(id0,id1,dist): 108 115 2.7426739492788736
list:
dist: 2.7426739492788736 vs. 2.7426739492788736
--------
nle(id0,id1,dist): 108 116 3.525684176366077
list:
dist: 3.525684176366077 vs. 3.525684176366077
--------
nle(id0,id1,dist): 108 113 2.331689538262751
list:
dist: 2.331689538262751 vs. 2.331689538262751
--------
nle(id0,id1,dist): 108 112 1.8087431445224125
list:
dist: 1.8087431445224125 vs. 1.8087431445224125
--------
nle(id0,id1,dist): 108 109 2.776886230216373
list:
dist: 2.776886230216373 vs. 2.776886230216373
--------
nle(id0,id1,dist): 108 110 0.9513264009283314
list:
dist: 0.9513264009283314 vs. 0.9513264009283314
--------
nle(id0,id1,dist): 107 118 1.7850842562761928
list:
dist: 1.7850842562761928 vs. 1.7850842562761928
--------
nle(id0,id1,dist): 107 119 1.153526250081608
list:
dist: 1.153526250081608 vs. 1.153526250081608
--------
nle(id0,id1,dist): 107 115 1.892466803593006
list:
dist: 1.892466803593006 vs. 1.892466803593006
--------
nle(id0,id1,dist): 107 116 2.1393829582352253
list:
dist: 2.1393829582352253 vs. 2.1393829582352253
--------
nle(id0,id1,dist): 107 117 1.419320383770382
list:
dist: 1.419320383770382 vs. 1.419320383770382
--------
nle(id0,id1,dist): 107 110 1.3445252923561037
list:
dist: 1.3445252923561037 vs. 1.3445252923561037
--------
nle(id0,id1,dist): 107 112 0.9780383964913553
list:
dist: 0.9780383964913553 vs. 0.9780383964913553
--------
nle(id0,id1,dist): 107 113 1.073571999347021
list:
dist: 1.073571999347021 vs. 1.073571999347021
--------
nle(id0,id1,dist): 107 108 1.51592257988341
list:
dist: 1.51592257988341 vs. 1.51592257988341
--------
nle(id0,id1,dist): 107 109 1.4155702584357395
list:
dist: 1.4155702584357395 vs. 1.4155702584357395
--------
nle(id0,id1,dist): 109 114 2.2947505446561602
list:
dist: 2.2947505446561602 vs. 2.2947505446561602
--------
nle(id0,id1,dist): 109 115 1.2113125204722897
list:
dist: 1.2113125204722897 vs. 1.2113125204722897
--------
nle(id0,id1,dist): 109 112 1.1840400087076213
list:
dist: 1.1840400087076213 vs. 1.1840400087076213
--------
nle(id0,id1,dist): 109 113 0.7187654186504724
list:
dist: 0.7187654186504724 vs. 0.7187654186504724
--------
nle(id0,id1,dist): 109 118 1.4727057677265951
list:
dist: 1.4727057677265951 vs. 1.4727057677265951
--------
nle(id0,id1,dist): 109 119 1.0643003109350677
list:
dist: 1.0643003109350677 vs. 1.0643003109350677
--------
nle(id0,id1,dist): 109 116 1.011032553456981
list:
dist: 1.011032553456981 vs. 1.011032553456981
--------
nle(id0,id1,dist): 109 117 0.7763770465903109
list:
dist: 0.7763770465903109 vs. 0.7763770465903109
--------
nle(id0,id1,dist): 109 110 2.3344402446721646
list:
dist: 2.3344402446721646 vs. 2.3344402446721646
--------
nle(id0,id1,dist): 108 117 2.871440264710635
list:
dist: 2.871440264710635 vs. 2.871440264710635
--------
nle(id0,id1,dist): 108 118 2.81795892497648
list:
dist: 2.81795892497648 vs. 2.81795892497648
--------
nle(id0,id1,dist): 108 119 2.128541980549637
list:
dist: 2.128541980549637 vs. 2.128541980549637
--------
nle(id0,id1,dist): 110 112 1.20667408234596
list:
dist: 1.20667408234596 vs. 1.20667408234596
--------
nle(id0,id1,dist): 110 113 2.1203108360555984
list:
dist: 2.1203108360555984 vs. 2.1203108360555984
--------
nle(id0,id1,dist): 110 119 1.4309788321563628
list:
dist: 1.4309788321563628 vs. 1.4309788321563628
--------
nle(id0,id1,dist): 110 115 2.0338475287518962
list:
dist: 2.0338475287518962 vs. 2.0338475287518962
--------
nle(id0,id1,dist): 110 116 2.916752652048378
list:
dist: 2.916752652048378 vs. 2.916752652048378
--------
nle(id0,id1,dist): 110 117 2.6502955283449072
list:
dist: 2.6502955283449072 vs. 2.6502955283449072
--------
nle(id0,id1,dist): 110 118 2.0164298171944455
list:
dist: 2.0164298171944455 vs. 2.0164298171944455
--------
nle(id0,id1,dist): 99 107 0.8642941811528266
list:
dist: 0.8642941811528266 vs. 0.8642941811528266
--------
nle(id0,id1,dist): 99 106 2.5964169428644674
list:
dist: 2.5964169428644674 vs. 2.5964169428644674
--------
nle(id0,id1,dist): 99 109 1.2589056364231068
list:
dist: 1.2589056364231068 vs. 1.2589056364231068
--------
nle(id0,id1,dist): 99 108 1.6390995926608865
list:
dist: 1.6390995926608865 vs. 1.6390995926608865
--------
nle(id0,id1,dist): 99 110 1.3701889118541013
list:
dist: 1.3701889118541013 vs. 1.3701889118541013
--------
nle(id0,id1,dist): 99 113 0.8486159122598939
list:
dist: 0.8486159122598939 vs. 0.8486159122598939
--------
nle(id0,id1,dist): 99 112 0.6016387908562252
list:
dist: 0.6016387908562252 vs. 0.6016387908562252
--------
nle(id0,id1,dist): 99 101 2.341506334218138
list:
dist: 2.341506334218138 vs. 2.341506334218138
--------
nle(id0,id1,dist): 99 103 0.6562703834043058
list:
dist: 0.6562703834043058 vs. 0.6562703834043058
--------
nle(id0,id1,dist): 99 102 1.446031361276385
list:
dist: 1.446031361276385 vs. 1.446031361276385
--------
nle(id0,id1,dist): 99 105 2.0189356316485063
list:
dist: 2.0189356316485063 vs. 2.0189356316485063
--------
nle(id0,id1,dist): 99 104 1.9813585260171804
list:
dist: 1.9813585260171804 vs. 1.9813585260171804
--------
nle(id0,id1,dist): 99 115 1.384066615135715
list:
dist: 1.384066615135715 vs. 1.384066615135715
--------
nle(id0,id1,dist): 99 116 2.1571090590933992
list:
dist: 2.1571090590933992 vs. 2.1571090590933992
--------
nle(id0,id1,dist): 99 117 1.5449202296073874
list:
dist: 1.5449202296073874 vs. 1.5449202296073874
--------
nle(id0,id1,dist): 99 118 1.8800032982794748
list:
dist: 1.8800032982794748 vs. 1.8800032982794748
--------
nle(id0,id1,dist): 99 119 0.9649827156851094
list:
dist: 0.9649827156851094 vs. 0.9649827156851094
--------
nle(id0,id1,dist): 98 111 3.412472861803523
list:
dist: 3.412472861803523 vs. 3.412472861803523
--------
nle(id0,id1,dist): 101 102 1.7373797574182586
list:
dist: 1.7373797574182586 vs. 1.7373797574182586
--------
nle(id0,id1,dist): 101 108 1.5127530091413748
list:
dist: 1.5127530091413748 vs. 1.5127530091413748
--------
nle(id0,id1,dist): 101 110 2.395573201282803
list:
dist: 2.395573201282803 vs. 2.395573201282803
--------
nle(id0,id1,dist): 101 104 2.0418736932583132
list:
dist: 2.0418736932583132 vs. 2.0418736932583132
--------
nle(id0,id1,dist): 101 105 1.4733320766988023
list:
dist: 1.4733320766988023 vs. 1.4733320766988023
--------
nle(id0,id1,dist): 101 106 1.6085635938731655
list:
dist: 1.6085635938731655 vs. 1.6085635938731655
--------
nle(id0,id1,dist): 101 107 2.295190795132652
list:
dist: 2.295190795132652 vs. 2.295190795132652
--------
nle(id0,id1,dist): 100 106 3.9738667553943454
list:
dist: 3.9738667553943454 vs. 3.9738667553943454
--------
nle(id0,id1,dist): 100 101 3.2092820980377126
list:
dist: 3.2092820980377126 vs. 3.2092820980377126
--------
nle(id0,id1,dist): 102 115 2.5888108179324547
list:
dist: 2.5888108179324547 vs. 2.5888108179324547
--------
nle(id0,id1,dist): 102 116 3.309910352046743
list:
dist: 3.309910352046743 vs. 3.309910352046743
--------
nle(id0,id1,dist): 102 117 2.2457471809030607
list:
dist: 2.2457471809030607 vs. 2.2457471809030607
--------
nle(id0,id1,dist): 102 118 3.307268834344443
list:
dist: 3.307268834344443 vs. 3.307268834344443
--------
nle(id0,id1,dist): 102 119 2.397498688363014
list:
dist: 2.397498688363014 vs. 2.397498688363014
--------
nle(id0,id1,dist): 103 105 1.9779825944245935
list:
dist: 1.9779825944245935 vs. 1.9779825944245935
--------
nle(id0,id1,dist): 103 104 2.0255730179425036
list:
dist: 2.0255730179425036 vs. 2.0255730179425036
--------
nle(id0,id1,dist): 103 107 1.4153208537109674
list:
dist: 1.4153208537109674 vs. 1.4153208537109674
--------
nle(id0,id1,dist): 103 109 1.2142265181193874
list:
dist: 1.2142265181193874 vs. 1.2142265181193874
--------
nle(id0,id1,dist): 103 108 2.1843904688673623
list:
dist: 2.1843904688673623 vs. 2.1843904688673623
--------
nle(id0,id1,dist): 102 106 2.3106537986330737
list:
dist: 2.3106537986330737 vs. 2.3106537986330737
--------
nle(id0,id1,dist): 102 105 1.0865184635665768
list:
dist: 1.0865184635665768 vs. 1.0865184635665768
--------
nle(id0,id1,dist): 102 104 1.6373842129536698
list:
dist: 1.6373842129536698 vs. 1.6373842129536698
--------
nle(id0,id1,dist): 102 103 1.2303187414608738
list:
dist: 1.2303187414608738 vs. 1.2303187414608738
--------
nle(id0,id1,dist): 102 110 2.4054371072010716
list:
dist: 2.4054371072010716 vs. 2.4054371072010716
--------
nle(id0,id1,dist): 102 109 2.2997735607587844
list:
dist: 2.2997735607587844 vs. 2.2997735607587844
--------
nle(id0,id1,dist): 102 108 2.0894332467894925
list:
dist: 2.0894332467894925 vs. 2.0894332467894925
--------
nle(id0,id1,dist): 102 107 1.9327860593963173
list:
dist: 1.9327860593963173 vs. 1.9327860593963173
--------
nle(id0,id1,dist): 102 113 1.6324099063190196
list:
dist: 1.6324099063190196 vs. 1.6324099063190196
--------
nle(id0,id1,dist): 102 112 2.0360350047874043
list:
dist: 2.0360350047874043 vs. 2.0360350047874043
--------
nle(id0,id1,dist): 104 109 3.154222198621227
list:
dist: 3.154222198621227 vs. 3.154222198621227
--------
nle(id0,id1,dist): 104 110 2.08147091568884
list:
dist: 2.08147091568884 vs. 2.08147091568884
--------
nle(id0,id1,dist): 104 112 2.3007232117895744
list:
dist: 2.3007232117895744 vs. 2.3007232117895744
--------
nle(id0,id1,dist): 104 105 2.49679447117889
list:
dist: 2.49679447117889 vs. 2.49679447117889
--------
nle(id0,id1,dist): 104 106 1.2209330558936862
list:
dist: 1.2209330558936862 vs. 1.2209330558936862
--------
nle(id0,id1,dist): 104 107 2.5811763666490526
list:
dist: 2.5811763666490526 vs. 2.5811763666490526
--------
nle(id0,id1,dist): 104 108 1.8495531597869428
list:
dist: 1.8495531597869428 vs. 1.8495531597869428
--------
nle(id0,id1,dist): 104 117 3.4173698669078085
list:
dist: 3.4173698669078085 vs. 3.4173698669078085
--------
nle(id0,id1,dist): 104 118 3.5740601273254695
list:
dist: 3.5740601273254695 vs. 3.5740601273254695
--------
nle(id0,id1,dist): 104 119 2.6846939982833624
list:
dist: 2.6846939982833624 vs. 2.6846939982833624
--------
nle(id0,id1,dist): 104 113 2.6775930586137897
list:
dist: 2.6775930586137897 vs. 2.6775930586137897
--------
nle(id0,id1,dist): 104 115 2.7813750179385575
list:
dist: 2.7813750179385575 vs. 2.7813750179385575
--------
nle(id0,id1,dist): 104 116 4.040610108893719
list:
dist: 4.040610108893719 vs. 4.040610108893719
--------
nle(id0,id1,dist): 103 116 2.1822723639750237
list:
dist: 2.1822723639750237 vs. 2.1822723639750237
--------
nle(id0,id1,dist): 103 117 1.5086473238461882
list:
dist: 1.5086473238461882 vs. 1.5086473238461882
--------
nle(id0,id1,dist): 103 114 3.0536307491704124
list:
dist: 3.0536307491704124 vs. 3.0536307491704124
--------
nle(id0,id1,dist): 103 115 1.3940430209750931
list:
dist: 1.3940430209750931 vs. 1.3940430209750931
--------
nle(id0,id1,dist): 103 112 1.0686609426022398
list:
dist: 1.0686609426022398 vs. 1.0686609426022398
--------
nle(id0,id1,dist): 103 113 0.7799808585771986
list:
dist: 0.7799808585771986 vs. 0.7799808585771986
--------
nle(id0,id1,dist): 103 110 1.9789577903036641
list:
dist: 1.9789577903036641 vs. 1.9789577903036641
--------
nle(id0,id1,dist): 103 118 2.213274750481542
list:
dist: 2.213274750481542 vs. 2.213274750481542
--------
nle(id0,id1,dist): 103 119 1.3374886592519966
list:
dist: 1.3374886592519966 vs. 1.3374886592519966
--------
nle(id0,id1,dist): 147 149 2.4035672748944084
list:
dist: 2.4035672748944084 vs. 2.4035672748944084
--------
nle(id0,id1,dist): 147 148 0.9562239519296172
list:
dist: 0.9562239519296172 vs. 0.9562239519296172
--------
nle(id0,id1,dist): 148 149 1.9089241617878068
list:
dist: 1.9089241617878068 vs. 1.9089241617878068
--------
nle(id0,id1,dist): 146 147 2.3319690972916436
list:
dist: 2.3319690972916436 vs. 2.3319690972916436
--------
nle(id0,id1,dist): 146 148 2.690630529240532
list:
dist: 2.690630529240532 vs. 2.690630529240532
--------
nle(id0,id1,dist): 146 149 2.7865256753544685
list:
dist: 2.7865256753544685 vs. 2.7865256753544685
--------
nle(id0,id1,dist): 144 148 2.745751950170408
list:
dist: 2.745751950170408 vs. 2.745751950170408
--------
nle(id0,id1,dist): 144 147 2.4445229900191463
list:
dist: 2.4445229900191463 vs. 2.4445229900191463
--------
nle(id0,id1,dist): 144 146 1.4618275654615212
list:
dist: 1.4618275654615212 vs. 1.4618275654615212
--------
nle(id0,id1,dist): 144 145 1.7406672837116584
list:
dist: 1.7406672837116584 vs. 1.7406672837116584
--------
nle(id0,id1,dist): 144 149 2.124908900828126
list:
dist: 2.124908900828126 vs. 2.124908900828126
--------
nle(id0,id1,dist): 145 149 3.4671484598489952
list:
dist: 3.4671484598489952 vs. 3.4671484598489952
--------
nle(id0,id1,dist): 145 148 3.98979795532991
list:
dist: 3.98979795532991 vs. 3.98979795532991
--------
nle(id0,id1,dist): 145 147 3.442961394072413
list:
dist: 3.442961394072413 vs. 3.442961394072413
--------
nle(id0,id1,dist): 145 146 2.86092974416853
list:
dist: 2.86092974416853 vs. 2.86092974416853
--------
nle(id0,id1,dist): 142 149 2.464140514039618
list:
dist: 2.464140514039618 vs. 2.464140514039618
--------
nle(id0,id1,dist): 142 147 1.5814973057566624
list:
dist: 1.5814973057566624 vs. 1.5814973057566624
--------
nle(id0,id1,dist): 142 148 2.225906918323918
list:
dist: 2.225906918323918 vs. 2.225906918323918
--------
nle(id0,id1,dist): 142 145 1.9541159329871534
list:
dist: 1.9541159329871534 vs. 1.9541159329871534
--------
nle(id0,id1,dist): 142 146 1.5585815498753408
list:
dist: 1.5585815498753408 vs. 1.5585815498753408
--------
nle(id0,id1,dist): 142 143 3.7461378890893773
list:
dist: 3.7461378890893773 vs. 3.7461378890893773
--------
nle(id0,id1,dist): 142 144 1.164563899289938
list:
dist: 1.164563899289938 vs. 1.164563899289938
--------
nle(id0,id1,dist): 143 146 2.8788873683651675
list:
dist: 2.8788873683651675 vs. 2.8788873683651675
--------
nle(id0,id1,dist): 143 147 3.573814084251867
list:
dist: 3.573814084251867 vs. 3.573814084251867
--------
nle(id0,id1,dist): 143 148 3.0226468062643193
list:
dist: 3.0226468062643193 vs. 3.0226468062643193
--------
nle(id0,id1,dist): 143 149 2.4500978789354866
list:
dist: 2.4500978789354866 vs. 2.4500978789354866
--------
nle(id0,id1,dist): 143 144 3.271857445225855
list:
dist: 3.271857445225855 vs. 3.271857445225855
--------
nle(id0,id1,dist): 140 149 3.2872082513789014
list:
dist: 3.2872082513789014 vs. 3.2872082513789014
--------
nle(id0,id1,dist): 139 144 2.1693478088430496
list:
dist: 2.1693478088430496 vs. 2.1693478088430496
--------
nle(id0,id1,dist): 139 142 2.594264117928001
list:
dist: 2.594264117928001 vs. 2.594264117928001
--------
nle(id0,id1,dist): 139 143 1.1560395132848853
list:
dist: 1.1560395132848853 vs. 1.1560395132848853
--------
nle(id0,id1,dist): 139 148 2.2323680963095245
list:
dist: 2.2323680963095245 vs. 2.2323680963095245
--------
nle(id0,id1,dist): 139 149 1.6941607466128654
list:
dist: 1.6941607466128654 vs. 1.6941607466128654
--------
nle(id0,id1,dist): 139 146 1.8902296191631571
list:
dist: 1.8902296191631571 vs. 1.8902296191631571
--------
nle(id0,id1,dist): 139 147 2.603366272384075
list:
dist: 2.603366272384075 vs. 2.603366272384075
--------
nle(id0,id1,dist): 140 145 1.1613703698392595
list:
dist: 1.1613703698392595 vs. 1.1613703698392595
--------
nle(id0,id1,dist): 140 146 1.823861293407309
list:
dist: 1.823861293407309 vs. 1.823861293407309
--------
nle(id0,id1,dist): 140 147 3.022563730067343
list:
dist: 3.022563730067343 vs. 3.022563730067343
--------
nle(id0,id1,dist): 140 148 3.597600530135663
list:
dist: 3.597600530135663 vs. 3.597600530135663
--------
nle(id0,id1,dist): 140 142 1.4523035725720124
list:
dist: 1.4523035725720124 vs. 1.4523035725720124
--------
nle(id0,id1,dist): 140 144 1.190685364191849
list:
dist: 1.190685364191849 vs. 1.190685364191849
--------
nle(id0,id1,dist): 138 142 1.3526788739853037
list:
dist: 1.3526788739853037 vs. 1.3526788739853037
--------
nle(id0,id1,dist): 138 140 2.74491080758498
list:
dist: 2.74491080758498 vs. 2.74491080758498
--------
nle(id0,id1,dist): 138 148 1.6658184123580555
list:
dist: 1.6658184123580555 vs. 1.6658184123580555
--------
nle(id0,id1,dist): 138 147 0.8028556950233935
list:
dist: 0.8028556950233935 vs. 0.8028556950233935
--------
nle(id0,id1,dist): 138 146 2.554116362562551
list:
dist: 2.554116362562551 vs. 2.554116362562551
--------
nle(id0,id1,dist): 138 145 2.9918300574481025
list:
dist: 2.9918300574481025 vs. 2.9918300574481025
--------
nle(id0,id1,dist): 138 144 2.415977267163016
list:
dist: 2.415977267163016 vs. 2.415977267163016
--------
nle(id0,id1,dist): 137 144 1.6830468466727262
list:
dist: 1.6830468466727262 vs. 1.6830468466727262
--------
nle(id0,id1,dist): 137 145 1.7591421604463093
list:
dist: 1.7591421604463093 vs. 1.7591421604463093
--------
nle(id0,id1,dist): 137 146 2.6467712733337403
list:
dist: 2.6467712733337403 vs. 2.6467712733337403
--------
nle(id0,id1,dist): 137 147 1.9692255549065683
list:
dist: 1.9692255549065683 vs. 1.9692255549065683
--------
nle(id0,id1,dist): 137 140 1.9907405593555174
list:
dist: 1.9907405593555174 vs. 1.9907405593555174
--------
nle(id0,id1,dist): 137 142 1.1540325271286436
list:
dist: 1.1540325271286436 vs. 1.1540325271286436
--------
nle(id0,id1,dist): 137 138 1.4906930462916117
list:
dist: 1.4906930462916117 vs. 1.4906930462916117
--------
nle(id0,id1,dist): 137 149 2.432714669542846
list:
dist: 2.432714669542846 vs. 2.432714669542846
--------
nle(id0,id1,dist): 137 148 2.4772768059855648
list:
dist: 2.4772768059855648 vs. 2.4772768059855648
--------
nle(id0,id1,dist): 136 147 2.017918788722592
list:
dist: 2.017918788722592 vs. 2.017918788722592
--------
nle(id0,id1,dist): 136 148 2.328899552044338
list:
dist: 2.328899552044338 vs. 2.328899552044338
--------
nle(id0,id1,dist): 136 145 1.819663277456292
list:
dist: 1.819663277456292 vs. 1.819663277456292
--------
nle(id0,id1,dist): 136 146 1.6722238387494217
list:
dist: 1.6722238387494217 vs. 1.6722238387494217
--------
nle(id0,id1,dist): 136 149 1.8546422057640768
list:
dist: 1.8546422057640768 vs. 1.8546422057640768
--------
nle(id0,id1,dist): 136 139 2.1991487333516084
list:
dist: 2.1991487333516084 vs. 2.1991487333516084
--------
nle(id0,id1,dist): 136 140 1.479276678349253
list:
dist: 1.479276678349253 vs. 1.479276678349253
--------
nle(id0,id1,dist): 136 137 1.224846079954837
list:
dist: 1.224846079954837 vs. 1.224846079954837
--------
nle(id0,id1,dist): 136 138 1.9588997099161787
list:
dist: 1.9588997099161787 vs. 1.9588997099161787
--------
nle(id0,id1,dist): 136 143 3.3358535636624866
list:
dist: 3.3358535636624866 vs. 3.3358535636624866
--------
nle(id0,id1,dist): 136 144 0.5496004171716815
list:
dist: 0.5496004171716815 vs. 0.5496004171716815
--------
nle(id0,id1,dist): 136 142 0.8745427165791756
list:
dist: 0.8745427165791756 vs. 0.8745427165791756
--------
nle(id0,id1,dist): 135 142 1.803110617433944
list:
dist: 1.803110617433944 vs. 1.803110617433944
--------
nle(id0,id1,dist): 135 144 2.7806650011754375
list:
dist: 2.7806650011754375 vs. 2.7806650011754375
--------
nle(id0,id1,dist): 135 145 2.327332464738877
list:
dist: 2.327332464738877 vs. 2.327332464738877
--------
nle(id0,id1,dist): 135 146 3.0887210422032125
list:
dist: 3.0887210422032125 vs. 3.0887210422032125
--------
nle(id0,id1,dist): 135 147 2.48479781869468
list:
dist: 2.48479781869468 vs. 2.48479781869468
--------
nle(id0,id1,dist): 135 148 3.379226072583564
list:
dist: 3.379226072583564 vs. 3.379226072583564
--------
nle(id0,id1,dist): 134 149 2.3931236464790016
list:
dist: 2.3931236464790016 vs. 2.3931236464790016
--------
nle(id0,id1,dist): 134 148 2.689079842774491
list:
dist: 2.689079842774491 vs. 2.689079842774491
--------
nle(id0,id1,dist): 134 147 3.0177440082079445
list:
dist: 3.0177440082079445 vs. 3.0177440082079445
--------
nle(id0,id1,dist): 135 140 2.3336611319522373
list:
dist: 2.3336611319522373 vs. 2.3336611319522373
--------
nle(id0,id1,dist): 135 138 1.7452335543996502
list:
dist: 1.7452335543996502 vs. 1.7452335543996502
--------
nle(id0,id1,dist): 135 136 2.5173773429995596
list:
dist: 2.5173773429995596 vs. 2.5173773429995596
--------
nle(id0,id1,dist): 135 137 1.78399497378739
list:
dist: 1.78399497378739 vs. 1.78399497378739
--------
nle(id0,id1,dist): 134 136 2.7420889542982305
list:
dist: 2.7420889542982305 vs. 2.7420889542982305
--------
nle(id0,id1,dist): 134 143 0.9300622471210146
list:
dist: 0.9300622471210146 vs. 0.9300622471210146
--------
nle(id0,id1,dist): 134 144 2.63409907844552
list:
dist: 2.63409907844552 vs. 2.63409907844552
--------
nle(id0,id1,dist): 134 146 1.9891658132552101
list:
dist: 1.9891658132552101 vs. 1.9891658132552101
--------
nle(id0,id1,dist): 134 139 0.7063309988450611
list:
dist: 0.7063309988450611 vs. 0.7063309988450611
--------
nle(id0,id1,dist): 134 142 3.0324865857799526
list:
dist: 3.0324865857799526 vs. 3.0324865857799526
--------
nle(id0,id1,dist): 133 135 2.7685112263500913
list:
dist: 2.7685112263500913 vs. 2.7685112263500913
--------
nle(id0,id1,dist): 133 134 3.493199172029071
list:
dist: 3.493199172029071 vs. 3.493199172029071
--------
nle(id0,id1,dist): 133 138 3.1853401634585143
list:
dist: 3.1853401634585143 vs. 3.1853401634585143
--------
nle(id0,id1,dist): 133 139 3.2944279011756423
list:
dist: 3.2944279011756423 vs. 3.2944279011756423
--------
nle(id0,id1,dist): 133 136 1.9740949821224205
list:
dist: 1.9740949821224205 vs. 1.9740949821224205
--------
nle(id0,id1,dist): 133 137 2.6381524108090204
list:
dist: 2.6381524108090204 vs. 2.6381524108090204
--------
nle(id0,id1,dist): 133 142 1.8991109172341682
list:
dist: 1.8991109172341682 vs. 1.8991109172341682
--------
nle(id0,id1,dist): 133 143 4.300142341485688
list:
dist: 4.300142341485688 vs. 4.300142341485688
--------
nle(id0,id1,dist): 133 140 0.6963134847554004
list:
dist: 0.6963134847554004 vs. 0.6963134847554004
--------
nle(id0,id1,dist): 133 146 1.7058436438096296
list:
dist: 1.7058436438096296 vs. 1.7058436438096296
--------
nle(id0,id1,dist): 133 147 3.376523878338626
list:
dist: 3.376523878338626 vs. 3.376523878338626
--------
nle(id0,id1,dist): 133 144 1.5810541152790951
list:
dist: 1.5810541152790951 vs. 1.5810541152790951
--------
nle(id0,id1,dist): 133 145 1.769608427576596
list:
dist: 1.769608427576596 vs. 1.769608427576596
--------
nle(id0,id1,dist): 133 148 3.945076593167281
list:
dist: 3.945076593167281 vs. 3.945076593167281
--------
nle(id0,id1,dist): 133 149 3.686702417938145
list:
dist: 3.686702417938145 vs. 3.686702417938145
--------
nle(id0,id1,dist): 132 134 1.6252424170992756
list:
dist: 1.6252424170992756 vs. 1.6252424170992756
--------
nle(id0,id1,dist): 132 133 2.012748882605382
list:
dist: 2.012748882605382 vs. 2.012748882605382
--------
nle(id0,id1,dist): 132 136 1.5140041408617946
list:
dist: 1.5140041408617946 vs. 1.5140041408617946
--------
nle(id0,id1,dist): 132 137 2.731115017172843
list:
dist: 2.731115017172843 vs. 2.731115017172843
--------
nle(id0,id1,dist): 132 140 2.0140793595801054
list:
dist: 2.0140793595801054 vs. 2.0140793595801054
--------
nle(id0,id1,dist): 132 139 1.3607998071981209
list:
dist: 1.3607998071981209 vs. 1.3607998071981209
--------
nle(id0,id1,dist): 132 142 1.962758422057946
list:
dist: 1.962758422057946 vs. 1.962758422057946
--------
nle(id0,id1,dist): 132 143 2.3215268921336154
list:
dist: 2.3215268921336154 vs. 2.3215268921336154
--------
nle(id0,id1,dist): 132 144 1.1709126600698976
list:
dist: 1.1709126600698976 vs. 1.1709126600698976
--------
nle(id0,id1,dist): 132 145 2.8264249951276157
list:
dist: 2.8264249951276157 vs. 2.8264249951276157
--------
nle(id0,id1,dist): 132 146 1.1069824707934428
list:
dist: 1.1069824707934428 vs. 1.1069824707934428
--------
nle(id0,id1,dist): 132 147 2.7823049123380614
list:
dist: 2.7823049123380614 vs. 2.7823049123380614
--------
nle(id0,id1,dist): 132 148 2.850068914852381
list:
dist: 2.850068914852381 vs. 2.850068914852381
--------
nle(id0,id1,dist): 132 149 2.186565106440794
list:
dist: 2.186565106440794 vs. 2.186565106440794
--------
nle(id0,id1,dist): 131 147 2.1084377354288018
list:
dist: 2.1084377354288018 vs. 2.1084377354288018
--------
nle(id0,id1,dist): 131 146 0.9339661570499509
list:
dist: 0.9339661570499509 vs. 0.9339661570499509
--------
nle(id0,id1,dist): 131 149 1.897771263220227
list:
dist: 1.897771263220227 vs. 1.897771263220227
--------
nle(id0,id1,dist): 131 148 2.262910649581241
list:
dist: 2.262910649581241 vs. 2.262910649581241
--------
nle(id0,id1,dist): 131 142 1.3492931731084123
list:
dist: 1.3492931731084123 vs. 1.3492931731084123
--------
nle(id0,id1,dist): 131 143 2.524891203077859
list:
dist: 2.524891203077859 vs. 2.524891203077859
--------
nle(id0,id1,dist): 131 144 0.8869884324433676
list:
dist: 0.8869884324433676 vs. 0.8869884324433676
--------
nle(id0,id1,dist): 131 145 2.5935070951870935
list:
dist: 2.5935070951870935 vs. 2.5935070951870935
--------
nle(id0,id1,dist): 131 138 2.360241031494263
list:
dist: 2.360241031494263 vs. 2.360241031494263
--------
nle(id0,id1,dist): 131 139 1.396725130199793
list:
dist: 1.396725130199793 vs. 1.396725130199793
--------
nle(id0,id1,dist): 131 140 1.838647084976092
list:
dist: 1.838647084976092 vs. 1.838647084976092
--------
nle(id0,id1,dist): 131 134 1.809352638180236
list:
dist: 1.809352638180236 vs. 1.809352638180236
--------
nle(id0,id1,dist): 131 135 3.1384870718675084
list:
dist: 3.1384870718675084 vs. 3.1384870718675084
--------
nle(id0,id1,dist): 131 136 1.0071948573371872
list:
dist: 1.0071948573371872 vs. 1.0071948573371872
--------
nle(id0,id1,dist): 131 137 2.1567607546188956
list:
dist: 2.1567607546188956 vs. 2.1567607546188956
--------
nle(id0,id1,dist): 131 132 0.6947309037330781
list:
dist: 0.6947309037330781 vs. 0.6947309037330781
--------
nle(id0,id1,dist): 131 133 2.00330075522638
list:
dist: 2.00330075522638 vs. 2.00330075522638
--------
nle(id0,id1,dist): 130 149 1.8113392760509253
list:
dist: 1.8113392760509253 vs. 1.8113392760509253
--------
nle(id0,id1,dist): 130 147 3.3364552794257802
list:
dist: 3.3364552794257802 vs. 3.3364552794257802
--------
nle(id0,id1,dist): 130 148 3.246554022719811
list:
dist: 3.246554022719811 vs. 3.246554022719811
--------
nle(id0,id1,dist): 130 145 2.70269469816385
list:
dist: 2.70269469816385 vs. 2.70269469816385
--------
nle(id0,id1,dist): 130 146 2.289021752051545
list:
dist: 2.289021752051545 vs. 2.289021752051545
--------
nle(id0,id1,dist): 130 143 2.672971874146447
list:
dist: 2.672971874146447 vs. 2.672971874146447
--------
nle(id0,id1,dist): 130 144 1.3946346080911731
list:
dist: 1.3946346080911731 vs. 1.3946346080911731
--------
nle(id0,id1,dist): 130 142 2.469917509231653
list:
dist: 2.469917509231653 vs. 2.469917509231653
--------
nle(id0,id1,dist): 130 139 1.8878724151335426
list:
dist: 1.8878724151335426 vs. 1.8878724151335426
--------
nle(id0,id1,dist): 130 140 2.3839303911305647
list:
dist: 2.3839303911305647 vs. 2.3839303911305647
--------
nle(id0,id1,dist): 130 137 2.7218579192967094
list:
dist: 2.7218579192967094 vs. 2.7218579192967094
--------
nle(id0,id1,dist): 130 136 1.6534703298249782
list:
dist: 1.6534703298249782 vs. 1.6534703298249782
--------
nle(id0,id1,dist): 130 132 1.2665460608358619
list:
dist: 1.2665460608358619 vs. 1.2665460608358619
--------
nle(id0,id1,dist): 130 131 1.5284865908305916
list:
dist: 1.5284865908305916 vs. 1.5284865908305916
--------
nle(id0,id1,dist): 130 134 2.3720810760358177
list:
dist: 2.3720810760358177 vs. 2.3720810760358177
--------
nle(id0,id1,dist): 130 133 2.6073491567603115
list:
dist: 2.6073491567603115 vs. 2.6073491567603115
--------
nle(id0,id1,dist): 129 148 1.555208812896989
list:
dist: 1.555208812896989 vs. 1.555208812896989
--------
nle(id0,id1,dist): 129 140 3.4689896221541177
list:
dist: 3.4689896221541177 vs. 3.4689896221541177
--------
nle(id0,id1,dist): 129 142 2.1069774279736477
list:
dist: 2.1069774279736477 vs. 2.1069774279736477
--------
nle(id0,id1,dist): 129 144 3.0996351725966322
list:
dist: 3.0996351725966322 vs. 3.0996351725966322
--------
nle(id0,id1,dist): 129 145 3.9715364755195597
list:
dist: 3.9715364755195597 vs. 3.9715364755195597
--------
nle(id0,id1,dist): 129 146 2.6856406620636095
list:
dist: 2.6856406620636095 vs. 2.6856406620636095
--------
nle(id0,id1,dist): 129 147 0.8565405849356719
list:
dist: 0.8565405849356719 vs. 0.8565405849356719
--------
nle(id0,id1,dist): 129 135 2.5475317057829208
list:
dist: 2.5475317057829208 vs. 2.5475317057829208
--------
nle(id0,id1,dist): 129 133 3.7358472717493827
list:
dist: 3.7358472717493827 vs. 3.7358472717493827
--------
nle(id0,id1,dist): 129 138 1.1517158425454102
list:
dist: 1.1517158425454102 vs. 1.1517158425454102
--------
nle(id0,id1,dist): 129 137 2.5992967917034266
list:
dist: 2.5992967917034266 vs. 2.5992967917034266
--------
nle(id0,id1,dist): 129 136 2.7295497388058876
list:
dist: 2.7295497388058876 vs. 2.7295497388058876
--------
nle(id0,id1,dist): 129 131 2.7264046168794867
list:
dist: 2.7264046168794867 vs. 2.7264046168794867
--------
nle(id0,id1,dist): 128 147 1.514572656246118
list:
dist: 1.514572656246118 vs. 1.514572656246118
--------
nle(id0,id1,dist): 128 148 1.0861146664454624
list:
dist: 1.0861146664454624 vs. 1.0861146664454624
--------
nle(id0,id1,dist): 128 146 1.9729294485719677
list:
dist: 1.9729294485719677 vs. 1.9729294485719677
--------
nle(id0,id1,dist): 128 149 1.757924211157703
list:
dist: 1.757924211157703 vs. 1.757924211157703
--------
nle(id0,id1,dist): 128 133 3.4799746512804988
list:
dist: 3.4799746512804988 vs. 3.4799746512804988
--------
nle(id0,id1,dist): 128 134 1.614940725439533
list:
dist: 1.614940725439533 vs. 1.614940725439533
--------
nle(id0,id1,dist): 128 136 2.1241061312976375
list:
dist: 2.1241061312976375 vs. 2.1241061312976375
--------
nle(id0,id1,dist): 128 129 2.0523796775345775
list:
dist: 2.0523796775345775 vs. 2.0523796775345775
--------
nle(id0,id1,dist): 128 130 2.658842359277725
list:
dist: 2.658842359277725 vs. 2.658842359277725
--------
nle(id0,id1,dist): 128 131 1.60359646724751
list:
dist: 1.60359646724751 vs. 1.60359646724751
--------
nle(id0,id1,dist): 128 132 2.035902299231881
list:
dist: 2.035902299231881 vs. 2.035902299231881
--------
nle(id0,id1,dist): 128 142 2.1711402611756223
list:
dist: 2.1711402611756223 vs. 2.1711402611756223
--------
nle(id0,id1,dist): 128 143 2.072181001347827
list:
dist: 2.072181001347827 vs. 2.072181001347827
--------
nle(id0,id1,dist): 128 144 2.348929338836866
list:
dist: 2.348929338836866 vs. 2.348929338836866
--------
nle(id0,id1,dist): 128 138 2.2288101645927485
list:
dist: 2.2288101645927485 vs. 2.2288101645927485
--------
nle(id0,id1,dist): 128 139 1.2435692361755162
list:
dist: 1.2435692361755162 vs. 1.2435692361755162
--------
nle(id0,id1,dist): 127 140 2.3135939020759304
list:
dist: 2.3135939020759304 vs. 2.3135939020759304
--------
nle(id0,id1,dist): 127 138 1.4479739724829093
list:
dist: 1.4479739724829093 vs. 1.4479739724829093
--------
nle(id0,id1,dist): 127 139 1.7496270820034492
list:
dist: 1.7496270820034492 vs. 1.7496270820034492
--------
nle(id0,id1,dist): 127 136 1.154493114062447
list:
dist: 1.154493114062447 vs. 1.154493114062447
--------
nle(id0,id1,dist): 127 137 1.7424686576251394
list:
dist: 1.7424686576251394 vs. 1.7424686576251394
--------
nle(id0,id1,dist): 127 134 2.2368487253280347
list:
dist: 2.2368487253280347 vs. 2.2368487253280347
--------
nle(id0,id1,dist): 127 135 2.6946205350780303
list:
dist: 2.6946205350780303 vs. 2.6946205350780303
--------
nle(id0,id1,dist): 127 148 1.3215540545501254
list:
dist: 1.3215540545501254 vs. 1.3215540545501254
--------
nle(id0,id1,dist): 127 149 1.747426525278801
list:
dist: 1.747426525278801 vs. 1.747426525278801
--------
nle(id0,id1,dist): 127 146 1.518363870776168
list:
dist: 1.518363870776168 vs. 1.518363870776168
--------
nle(id0,id1,dist): 127 147 1.0788034932362631
list:
dist: 1.0788034932362631 vs. 1.0788034932362631
--------
nle(id0,id1,dist): 127 144 1.489673043772044
list:
dist: 1.489673043772044 vs. 1.489673043772044
--------
nle(id0,id1,dist): 127 145 2.8624501889646092
list:
dist: 2.8624501889646092 vs. 2.8624501889646092
--------
nle(id0,id1,dist): 127 142 1.0782300830904399
list:
dist: 1.0782300830904399 vs. 1.0782300830904399
--------
nle(id0,id1,dist): 127 143 2.856633586723938
list:
dist: 2.856633586723938 vs. 2.856633586723938
--------
nle(id0,id1,dist): 127 133 2.634694238678893
list:
dist: 2.634694238678893 vs. 2.634694238678893
--------
nle(id0,id1,dist): 127 132 1.725653477249581
list:
dist: 1.725653477249581 vs. 1.725653477249581
--------
nle(id0,id1,dist): 127 131 1.0500740269437003
list:
dist: 1.0500740269437003 vs. 1.0500740269437003
--------
nle(id0,id1,dist): 127 130 2.294654378186375
list:
dist: 2.294654378186375 vs. 2.294654378186375
--------
nle(id0,id1,dist): 127 129 1.7973525315518601
list:
dist: 1.7973525315518601 vs. 1.7973525315518601
--------
nle(id0,id1,dist): 127 128 1.1100020652717184
list:
dist: 1.1100020652717184 vs. 1.1100020652717184
--------
nle(id0,id1,dist): 126 140 2.9705579653537084
list:
dist: 2.9705579653537084 vs. 2.9705579653537084
--------
nle(id0,id1,dist): 126 142 3.6875001212386214
list:
dist: 3.6875001212386214 vs. 3.6875001212386214
--------
nle(id0,id1,dist): 126 144 2.64658957364999
list:
dist: 2.64658957364999 vs. 2.64658957364999
--------
nle(id0,id1,dist): 126 145 2.656073092021435
list:
dist: 2.656073092021435 vs. 2.656073092021435
--------
nle(id0,id1,dist): 126 146 3.8646807692624963
list:
dist: 3.8646807692624963 vs. 3.8646807692624963
--------
nle(id0,id1,dist): 126 147 4.898146242332679
list:
dist: 4.898146242332679 vs. 4.898146242332679
--------
nle(id0,id1,dist): 126 148 4.958670566787275
list:
dist: 4.958670566787275 vs. 4.958670566787275
--------
nle(id0,id1,dist): 126 149 3.4156447803084484
list:
dist: 3.4156447803084484 vs. 3.4156447803084484
--------
nle(id0,id1,dist): 126 127 3.9602599693346066
list:
dist: 3.9602599693346066 vs. 3.9602599693346066
--------
nle(id0,id1,dist): 126 130 2.001705145051133
list:
dist: 2.001705145051133 vs. 2.001705145051133
--------
nle(id0,id1,dist): 126 132 3.0253773040695484
list:
dist: 3.0253773040695484 vs. 3.0253773040695484
--------
nle(id0,id1,dist): 126 131 3.267175597130288
list:
dist: 3.267175597130288 vs. 3.267175597130288
--------
nle(id0,id1,dist): 126 133 3.2386310524078854
list:
dist: 3.2386310524078854 vs. 3.2386310524078854
--------
nle(id0,id1,dist): 126 136 2.9267068543538604
list:
dist: 2.9267068543538604 vs. 2.9267068543538604
--------
nle(id0,id1,dist): 126 137 3.5258916586447215
list:
dist: 3.5258916586447215 vs. 3.5258916586447215
--------
nle(id0,id1,dist): 125 146 1.9416442047982052
list:
dist: 1.9416442047982052 vs. 1.9416442047982052
--------
nle(id0,id1,dist): 125 147 2.451580558253192
list:
dist: 2.451580558253192 vs. 2.451580558253192
--------
nle(id0,id1,dist): 125 144 1.3824856710379583
list:
dist: 1.3824856710379583 vs. 1.3824856710379583
--------
nle(id0,id1,dist): 125 145 2.9956498259306183
list:
dist: 2.9956498259306183 vs. 2.9956498259306183
--------
nle(id0,id1,dist): 125 148 2.229739053610711
list:
dist: 2.229739053610711 vs. 2.229739053610711
--------
nle(id0,id1,dist): 125 149 1.0230555244761916
list:
dist: 1.0230555244761916 vs. 1.0230555244761916
--------
nle(id0,id1,dist): 125 131 1.0422484389479543
list:
dist: 1.0422484389479543 vs. 1.0422484389479543
--------
nle(id0,id1,dist): 125 130 1.0519530227417142
list:
dist: 1.0519530227417142 vs. 1.0519530227417142
--------
nle(id0,id1,dist): 125 128 1.646550032163597
list:
dist: 1.646550032163597 vs. 1.646550032163597
--------
nle(id0,id1,dist): 125 134 1.7901934751166595
list:
dist: 1.7901934751166595 vs. 1.7901934751166595
--------
nle(id0,id1,dist): 125 133 2.84060779358015
list:
dist: 2.84060779358015 vs. 2.84060779358015
--------
nle(id0,id1,dist): 125 132 1.1747444789535304
list:
dist: 1.1747444789535304 vs. 1.1747444789535304
--------
nle(id0,id1,dist): 125 139 1.1333565883518832
list:
dist: 1.1333565883518832 vs. 1.1333565883518832
--------
nle(id0,id1,dist): 125 137 2.382831694901937
list:
dist: 2.382831694901937 vs. 2.382831694901937
--------
nle(id0,id1,dist): 125 136 1.3526481720799617
list:
dist: 1.3526481720799617 vs. 1.3526481720799617
--------
nle(id0,id1,dist): 125 143 2.1290308485930556
list:
dist: 2.1290308485930556 vs. 2.1290308485930556
--------
nle(id0,id1,dist): 125 142 2.0357100666972956
list:
dist: 2.0357100666972956 vs. 2.0357100666972956
--------
nle(id0,id1,dist): 125 140 2.5652532293968897
list:
dist: 2.5652532293968897 vs. 2.5652532293968897
2. Check the NeighborList query for coordinates against the neighbor list for consistency
list:
dist: 2.7819291264378285 vs. 2.7819291264378285
list:
dist: 2.2824145640405598 vs. 2.2824145640405598
list:
dist: 1.2786379427126071 vs. 1.2786379427126071
list:
dist: 1.3746718442783068 vs. 1.3746718442783068
list:
dist: 1.7403270838538993 vs. 1.7403270838538993
list:
dist: 2.02748703153276 vs. 2.02748703153276
list:
dist: 2.3899343329353924 vs. 2.3899343329353924
list:
dist: 2.914640599029153 vs. 2.914640599029153
list:
dist: 2.9849720962315978 vs. 2.9849720962315978
list:
dist: 0.552431666532554 vs. 0.552431666532554
list:
dist: 2.482921246529344 vs. 2.482921246529344
list:
dist: 2.3186030975240977 vs. 2.3186030975240977
list:
dist: 1.3287289637181972 vs. 1.3287289637181972
list:
dist: 2.3823483005153974 vs. 2.3823483005153974
list:
dist: 1.9359823260876656 vs. 1.9359823260876656
list:
dist: 2.431660591702766 vs. 2.431660591702766
list:
dist: 2.02748703153276 vs. 2.02748703153276
list:
dist: 2.559860673071435 vs. 2.559860673071435
list:
dist: 2.4457583683480753 vs. 2.4457583683480753
list:
dist: 3.497035460097152 vs. 3.497035460097152
list:
dist: 1.8160785304355864 vs. 1.8160785304355864
list:
dist: 2.290601936060421 vs. 2.290601936060421
list:
dist: 2.3416521835752038 vs. 2.3416521835752038
list:
dist: 1.9080187944801168 vs. 1.9080187944801168
list:
dist: 1.7039545005790446 vs. 1.7039545005790446
list:
dist: 2.7703303004170547 vs. 2.7703303004170547
list:
dist: 3.1376125600173332 vs. 3.1376125600173332
list:
dist: 3.193478821913984 vs. 3.193478821913984
list:
dist: 0.9212182912738945 vs. 0.9212182912738945
list:
dist: 3.110363482409073 vs. 3.110363482409073
list:
dist: 1.7408405225952235 vs. 1.7408405225952235
list:
dist: 3.0398458127585664 vs. 3.0398458127585664
list:
dist: 2.2873410550333357 vs. 2.2873410550333357
list:
dist: 1.8418517403842065 vs. 1.8418517403842065
list:
dist: 2.0559232434396817 vs. 2.0559232434396817
list:
dist: 1.7982594340985536 vs. 1.7982594340985536
list:
dist: 0.9212182912738945 vs. 0.9212182912738945
list:
dist: 2.4038948920758507 vs. 2.4038948920758507
list:
dist: 1.7635887968120754 vs. 1.7635887968120754
list:
dist: 2.8731744455317045 vs. 2.8731744455317045
list:
dist: 1.8726201360619767 vs. 1.8726201360619767
list:
dist: 1.8979659752283136 vs. 1.8979659752283136
list:
dist: 1.4811681917673583 vs. 1.4811681917673583
list:
dist: 1.537776752966341 vs. 1.537776752966341
list:
dist: 3.3266344680816196 vs. 3.3266344680816196
list:
dist: 3.614080105319867 vs. 3.614080105319867
list:
dist: 1.7403270838538993 vs. 1.7403270838538993
list:
dist: 1.88014846029884 vs. 1.88014846029884
list:
dist: 1.3906288170966459 vs. 1.3906288170966459
list:
dist: 3.497035460097152 vs. 3.497035460097152
list:
dist: 3.8637435129304922 vs. 3.8637435129304922
list:
dist: 3.5670852734742624 vs. 3.5670852734742624
list:
dist: 1.6973529123032554 vs. 1.6973529123032554
list:
dist: 2.5597096574235643 vs. 2.5597096574235643
list:
dist: 1.2786379427126071 vs. 1.2786379427126071
list:
dist: 1.1940141348216229 vs. 1.1940141348216229
list:
dist: 1.88014846029884 vs. 1.88014846029884
list:
dist: 2.559860673071435 vs. 2.559860673071435
list:
dist: 3.4962826658168527 vs. 3.4962826658168527
list:
dist: 4.156445826214494 vs. 4.156445826214494
list:
dist: 3.110363482409073 vs. 3.110363482409073
list:
dist: 2.4038948920758507 vs. 2.4038948920758507
list:
dist: 2.680957556148395 vs. 2.680957556148395
list:
dist: 2.3682603980995394 vs. 2.3682603980995394
list:
dist: 2.439341648963205 vs. 2.439341648963205
list:
dist: 1.2306512554152396 vs. 1.2306512554152396
list:
dist: 2.270901344981789 vs. 2.270901344981789
list:
dist: 1.6463441659446454 vs. 1.6463441659446454
list:
dist: 2.2174522277825366 vs. 2.2174522277825366
list:
dist: 2.2824145640405598 vs. 2.2824145640405598
list:
dist: 2.5597096574235643 vs. 2.5597096574235643
list:
dist: 2.411567955078532 vs. 2.411567955078532
list:
dist: 3.614080105319867 vs. 3.614080105319867
list:
dist: 0.552431666532554 vs. 0.552431666532554
list:
dist: 2.3619283880855804 vs. 2.3619283880855804
list:
dist: 2.5664090553631564 vs. 2.5664090553631564
list:
dist: 2.6178022370458223 vs. 2.6178022370458223
list:
dist: 2.21192752256656 vs. 2.21192752256656
list:
dist: 1.9119538504208573 vs. 1.9119538504208573
list:
dist: 2.9614880903344885 vs. 2.9614880903344885
list:
dist: 2.680957556148395 vs. 2.680957556148395
list:
dist: 2.7819291264378285 vs. 2.7819291264378285
list:
dist: 1.6973529123032554 vs. 1.6973529123032554
list:
dist: 2.2328315983070666 vs. 2.2328315983070666
list:
dist: 3.3266344680816196 vs. 3.3266344680816196
list:
dist: 2.9849720962315978 vs. 2.9849720962315978
list:
dist: 4.495590080726044 vs. 4.495590080726044
list:
dist: 2.0559232434396817 vs. 2.0559232434396817
list:
dist: 1.4811681917673583 vs. 1.4811681917673583
list:
dist: 1.6463441659446454 vs. 1.6463441659446454
list:
dist: 1.2604130900933743 vs. 1.2604130900933743
list:
dist: 1.6687441898326145 vs. 1.6687441898326145
list:
dist: 1.0939236286505674 vs. 1.0939236286505674
list:
dist: 2.0598774088438456 vs. 2.0598774088438456
list:
dist: 0.6796498958989442 vs. 0.6796498958989442
list:
dist: 1.9359823260876656 vs. 1.9359823260876656
list:
dist: 3.257195749851361 vs. 3.257195749851361
list:
dist: 2.246419512360024 vs. 2.246419512360024
list:
dist: 2.764179840639254 vs. 2.764179840639254
list:
dist: 2.777955399573633 vs. 2.777955399573633
list:
dist: 1.76186021617888 vs. 1.76186021617888
list:
dist: 2.4601186811906235 vs. 2.4601186811906235
list:
dist: 2.2328315983070666 vs. 2.2328315983070666
list:
dist: 2.411567955078532 vs. 2.411567955078532
list:
dist: 1.3746718442783068 vs. 1.3746718442783068
list:
dist: 1.1940141348216229 vs. 1.1940141348216229
list:
dist: 1.3906288170966459 vs. 1.3906288170966459
list:
dist: 2.4457583683480753 vs. 2.4457583683480753
list:
dist: 3.4051960832486654 vs. 3.4051960832486654
list:
dist: 3.629758042062965 vs. 3.629758042062965
list:
dist: 1.7982594340985536 vs. 1.7982594340985536
list:
dist: 1.537776752966341 vs. 1.537776752966341
list:
dist: 2.2174522277825366 vs. 2.2174522277825366
list:
dist: 0.786708003048383 vs. 0.786708003048383
list:
dist: 1.4438530969179508 vs. 1.4438530969179508
list:
dist: 1.3177517720370067 vs. 1.3177517720370067
list:
dist: 1.9628648138123739 vs. 1.9628648138123739
list:
dist: 0.6796498958989442 vs. 0.6796498958989442
list:
dist: 2.431660591702766 vs. 2.431660591702766
list:
dist: 3.528505681780081 vs. 3.528505681780081
list:
dist: 2.2119909196974374 vs. 2.2119909196974374
list:
dist: 3.0460682941916746 vs. 3.0460682941916746
list:
dist: 3.1885391723100462 vs. 3.1885391723100462
list:
dist: 1.9746985111133906 vs. 1.9746985111133906
list:
dist: 2.4853019066115842 vs. 2.4853019066115842
list:
dist: 1.7408405225952235 vs. 1.7408405225952235
list:
dist: 1.7635887968120754 vs. 1.7635887968120754
list:
dist: 2.3682603980995394 vs. 2.3682603980995394
list:
dist: 1.3332702235387435 vs. 1.3332702235387435
list:
dist: 1.1864532909526488 vs. 1.1864532909526488
list:
dist: 1.4006830740395455 vs. 1.4006830740395455
list:
dist: 1.2604130900933743 vs. 1.2604130900933743
list:
dist: 0.786708003048383 vs. 0.786708003048383
list:
dist: 2.482921246529344 vs. 2.482921246529344
list:
dist: 3.3932364414964065 vs. 3.3932364414964065
list:
dist: 2.1711884455739594 vs. 2.1711884455739594
list:
dist: 3.3127259262367077 vs. 3.3127259262367077
list:
dist: 3.445788841037364 vs. 3.445788841037364
list:
dist: 2.1626381458346726 vs. 2.1626381458346726
list:
dist: 2.7256171368018407 vs. 2.7256171368018407
list:
dist: 2.6178022370458223 vs. 2.6178022370458223
list:
dist: 3.3127259262367077 vs. 3.3127259262367077
list:
dist: 2.2241730089500424 vs. 2.2241730089500424
list:
dist: 2.798045578122304 vs. 2.798045578122304
list:
dist: 4.040530576911199 vs. 4.040530576911199
list:
dist: 2.764179840639254 vs. 2.764179840639254
list:
dist: 3.0460682941916746 vs. 3.0460682941916746
list:
dist: 2.3416521835752038 vs. 2.3416521835752038
list:
dist: 2.0087293649142053 vs. 2.0087293649142053
list:
dist: 1.5618419960842103 vs. 1.5618419960842103
list:
dist: 0.735419657079011 vs. 0.735419657079011
list:
dist: 1.159268916457954 vs. 1.159268916457954
list:
dist: 1.1633021935864813 vs. 1.1633021935864813
list:
dist: 2.153024816094358 vs. 2.153024816094358
list:
dist: 1.1699935430308397 vs. 1.1699935430308397
list:
dist: 2.480034989905701 vs. 2.480034989905701
list:
dist: 2.237122633772859 vs. 2.237122633772859
list:
dist: 3.5136169282480165 vs. 3.5136169282480165
list:
dist: 4.495590080726044 vs. 4.495590080726044
list:
dist: 2.3619283880855804 vs. 2.3619283880855804
list:
dist: 3.3932364414964065 vs. 3.3932364414964065
list:
dist: 2.58250332458725 vs. 2.58250332458725
list:
dist: 2.565368638120642 vs. 2.565368638120642
list:
dist: 3.4331522039365647 vs. 3.4331522039365647
list:
dist: 3.257195749851361 vs. 3.257195749851361
list:
dist: 3.528505681780081 vs. 3.528505681780081
list:
dist: 2.3899343329353924 vs. 2.3899343329353924
list:
dist: 3.4962826658168527 vs. 3.4962826658168527
list:
dist: 3.4051960832486654 vs. 3.4051960832486654
list:
dist: 3.8637435129304922 vs. 3.8637435129304922
list:
dist: 1.8160785304355864 vs. 1.8160785304355864
list:
dist: 2.0011593370843364 vs. 2.0011593370843364
list:
dist: 2.0087293649142053 vs. 2.0087293649142053
list:
dist: 1.7261700957658594 vs. 1.7261700957658594
list:
dist: 1.9283305927980225 vs. 1.9283305927980225
list:
dist: 2.5927381626586 vs. 2.5927381626586
list:
dist: 1.9408666140663682 vs. 1.9408666140663682
list:
dist: 2.1279136277396984 vs. 2.1279136277396984
list:
dist: 2.5664090553631564 vs. 2.5664090553631564
list:
dist: 2.1711884455739594 vs. 2.1711884455739594
list:
dist: 0.8804518899190263 vs. 0.8804518899190263
list:
dist: 2.0387973056152404 vs. 2.0387973056152404
list:
dist: 2.997064986445374 vs. 2.997064986445374
list:
dist: 2.246419512360024 vs. 2.246419512360024
list:
dist: 2.2119909196974374 vs. 2.2119909196974374
list:
dist: 2.290601936060421 vs. 2.290601936060421
list:
dist: 2.0011593370843364 vs. 2.0011593370843364
list:
dist: 1.5618419960842103 vs. 1.5618419960842103
list:
dist: 1.958605893784196 vs. 1.958605893784196
list:
dist: 0.8566267100427739 vs. 0.8566267100427739
list:
dist: 1.0084957720435703 vs. 1.0084957720435703
list:
dist: 3.1896749409387417 vs. 3.1896749409387417
list:
dist: 1.9337455261069758 vs. 1.9337455261069758
list:
dist: 2.746431853976308 vs. 2.746431853976308
list:
dist: 2.7659192945737185 vs. 2.7659192945737185
list:
dist: 3.810899322208764 vs. 3.810899322208764
list:
dist: 1.8418517403842065 vs. 1.8418517403842065
list:
dist: 1.8979659752283136 vs. 1.8979659752283136
list:
dist: 2.270901344981789 vs. 2.270901344981789
list:
dist: 1.4006830740395455 vs. 1.4006830740395455
list:
dist: 2.371576235474387 vs. 2.371576235474387
list:
dist: 1.3157859847157158 vs. 1.3157859847157158
list:
dist: 2.0598774088438456 vs. 2.0598774088438456
list:
dist: 1.9628648138123739 vs. 1.9628648138123739
list:
dist: 2.3823483005153974 vs. 2.3823483005153974
list:
dist: 3.4331522039365647 vs. 3.4331522039365647
list:
dist: 2.997064986445374 vs. 2.997064986445374
list:
dist: 4.040530576911199 vs. 4.040530576911199
list:
dist: 3.9493534483535493 vs. 3.9493534483535493
list:
dist: 2.9239565813791755 vs. 2.9239565813791755
list:
dist: 3.757640105696363 vs. 3.757640105696363
list:
dist: 3.0398458127585664 vs. 3.0398458127585664
list:
dist: 2.8731744455317045 vs. 2.8731744455317045
list:
dist: 2.439341648963205 vs. 2.439341648963205
list:
dist: 1.3332702235387435 vs. 1.3332702235387435
list:
dist: 1.5627893086832743 vs. 1.5627893086832743
list:
dist: 2.371576235474387 vs. 2.371576235474387
list:
dist: 1.6687441898326145 vs. 1.6687441898326145
list:
dist: 1.4438530969179508 vs. 1.4438530969179508
list:
dist: 2.3186030975240977 vs. 2.3186030975240977
list:
dist: 2.58250332458725 vs. 2.58250332458725
list:
dist: 0.8804518899190263 vs. 0.8804518899190263
list:
dist: 2.2241730089500424 vs. 2.2241730089500424
list:
dist: 2.539770038106165 vs. 2.539770038106165
list:
dist: 1.182022068931294 vs. 1.182022068931294
list:
dist: 1.5065638984439884 vs. 1.5065638984439884
list:
dist: 2.9614880903344885 vs. 2.9614880903344885
list:
dist: 2.7256171368018407 vs. 2.7256171368018407
list:
dist: 1.5065638984439884 vs. 1.5065638984439884
list:
dist: 2.651700582471265 vs. 2.651700582471265
list:
dist: 3.757640105696363 vs. 3.757640105696363
list:
dist: 2.4601186811906235 vs. 2.4601186811906235
list:
dist: 2.4853019066115842 vs. 2.4853019066115842
list:
dist: 2.7703303004170547 vs. 2.7703303004170547
list:
dist: 2.5927381626586 vs. 2.5927381626586
list:
dist: 1.0084957720435703 vs. 1.0084957720435703
list:
dist: 1.1633021935864813 vs. 1.1633021935864813
list:
dist: 1.8140787672958938 vs. 1.8140787672958938
list:
dist: 1.0748484566634395 vs. 1.0748484566634395
list:
dist: 3.1895661710547483 vs. 3.1895661710547483
list:
dist: 1.6589971253857372 vs. 1.6589971253857372
list:
dist: 2.53037728806993 vs. 2.53037728806993
list:
dist: 2.0690494290292243 vs. 2.0690494290292243
list:
dist: 3.2107317857563356 vs. 3.2107317857563356
list:
dist: 2.2873410550333357 vs. 2.2873410550333357
list:
dist: 1.8726201360619767 vs. 1.8726201360619767
list:
dist: 1.2306512554152396 vs. 1.2306512554152396
list:
dist: 1.1864532909526488 vs. 1.1864532909526488
list:
dist: 1.5627893086832743 vs. 1.5627893086832743
list:
dist: 1.3157859847157158 vs. 1.3157859847157158
list:
dist: 1.0939236286505674 vs. 1.0939236286505674
list:
dist: 1.3177517720370067 vs. 1.3177517720370067
list:
dist: 1.3287289637181972 vs. 1.3287289637181972
list:
dist: 2.565368638120642 vs. 2.565368638120642
list:
dist: 2.0387973056152404 vs. 2.0387973056152404
list:
dist: 2.798045578122304 vs. 2.798045578122304
list:
dist: 2.691554226539119 vs. 2.691554226539119
list:
dist: 1.711627879770297 vs. 1.711627879770297
list:
dist: 2.651700582471265 vs. 2.651700582471265
list:
dist: 1.9119538504208573 vs. 1.9119538504208573
list:
dist: 2.1626381458346726 vs. 2.1626381458346726
list:
dist: 1.182022068931294 vs. 1.182022068931294
list:
dist: 1.711627879770297 vs. 1.711627879770297
list:
dist: 2.9239565813791755 vs. 2.9239565813791755
list:
dist: 1.76186021617888 vs. 1.76186021617888
list:
dist: 1.9746985111133906 vs. 1.9746985111133906
list:
dist: 1.7039545005790446 vs. 1.7039545005790446
list:
dist: 1.9283305927980225 vs. 1.9283305927980225
list:
dist: 0.8566267100427739 vs. 0.8566267100427739
list:
dist: 1.159268916457954 vs. 1.159268916457954
list:
dist: 1.3709936572507042 vs. 1.3709936572507042
list:
dist: 1.0748484566634395 vs. 1.0748484566634395
list:
dist: 2.9591621575647604 vs. 2.9591621575647604
list:
dist: 2.0219365158085822 vs. 2.0219365158085822
list:
dist: 3.1472439578023508 vs. 3.1472439578023508
list:
dist: 2.9873732889012414 vs. 2.9873732889012414
list:
dist: 4.179921109836406 vs. 4.179921109836406
list:
dist: 3.193478821913984 vs. 3.193478821913984
list:
dist: 2.1279136277396984 vs. 2.1279136277396984
list:
dist: 1.9337455261069758 vs. 1.9337455261069758
list:
dist: 1.1699935430308397 vs. 1.1699935430308397
list:
dist: 1.6125314295318884 vs. 1.6125314295318884
list:
dist: 2.0219365158085822 vs. 2.0219365158085822
list:
dist: 1.6589971253857372 vs. 1.6589971253857372
list:
dist: 1.8715300737610479 vs. 1.8715300737610479
list:
dist: 1.358440560654864 vs. 1.358440560654864
list:
dist: 1.5982569556015553 vs. 1.5982569556015553
list:
dist: 2.7260137267599998 vs. 2.7260137267599998
list:
dist: 2.1812451573166283 vs. 2.1812451573166283
list:
dist: 2.746431853976308 vs. 2.746431853976308
list:
dist: 2.480034989905701 vs. 2.480034989905701
list:
dist: 2.968531809883494 vs. 2.968531809883494
list:
dist: 3.1472439578023508 vs. 3.1472439578023508
list:
dist: 2.53037728806993 vs. 2.53037728806993
list:
dist: 1.358440560654864 vs. 1.358440560654864
list:
dist: 1.4056515444584672 vs. 1.4056515444584672
list:
dist: 1.8696489222297314 vs. 1.8696489222297314
list:
dist: 2.314978933877382 vs. 2.314978933877382
list:
dist: 3.810899322208764 vs. 3.810899322208764
list:
dist: 3.5136169282480165 vs. 3.5136169282480165
list:
dist: 4.157966515945923 vs. 4.157966515945923
list:
dist: 4.179921109836406 vs. 4.179921109836406
list:
dist: 3.2107317857563356 vs. 3.2107317857563356
list:
dist: 2.7260137267599998 vs. 2.7260137267599998
list:
dist: 1.8696489222297314 vs. 1.8696489222297314
list:
dist: 1.2930078985922266 vs. 1.2930078985922266
list:
dist: 2.8679956341880475 vs. 2.8679956341880475
list:
dist: 2.914640599029153 vs. 2.914640599029153
list:
dist: 4.156445826214494 vs. 4.156445826214494
list:
dist: 3.629758042062965 vs. 3.629758042062965
list:
dist: 3.5670852734742624 vs. 3.5670852734742624
list:
dist: 3.1376125600173332 vs. 3.1376125600173332
list:
dist: 1.9408666140663682 vs. 1.9408666140663682
list:
dist: 3.1896749409387417 vs. 3.1896749409387417
list:
dist: 2.153024816094358 vs. 2.153024816094358
list:
dist: 1.822864798155707 vs. 1.822864798155707
list:
dist: 2.9591621575647604 vs. 2.9591621575647604
list:
dist: 3.1895661710547483 vs. 3.1895661710547483
list:
dist: 1.8715300737610479 vs. 1.8715300737610479
list:
dist: 2.343970922580321 vs. 2.343970922580321
list:
dist: 2.21192752256656 vs. 2.21192752256656
list:
dist: 3.445788841037364 vs. 3.445788841037364
list:
dist: 2.539770038106165 vs. 2.539770038106165
list:
dist: 2.691554226539119 vs. 2.691554226539119
list:
dist: 3.9493534483535493 vs. 3.9493534483535493
list:
dist: 2.777955399573633 vs. 2.777955399573633
list:
dist: 3.1885391723100462 vs. 3.1885391723100462
list:
dist: 1.9080187944801168 vs. 1.9080187944801168
list:
dist: 1.7261700957658594 vs. 1.7261700957658594
list:
dist: 1.958605893784196 vs. 1.958605893784196
list:
dist: 0.735419657079011 vs. 0.735419657079011
list:
dist: 1.3709936572507042 vs. 1.3709936572507042
list:
dist: 1.8140787672958938 vs. 1.8140787672958938
list:
dist: 1.822864798155707 vs. 1.822864798155707
list:
dist: 1.6125314295318884 vs. 1.6125314295318884
list:
dist: 2.968531809883494 vs. 2.968531809883494
list:
dist: 2.8885105654273215 vs. 2.8885105654273215
list:
dist: 4.157966515945923 vs. 4.157966515945923
list:
dist: 2.343970922580321 vs. 2.343970922580321
list:
dist: 2.1812451573166283 vs. 2.1812451573166283
list:
dist: 2.314978933877382 vs. 2.314978933877382
list:
dist: 2.258556514321608 vs. 2.258556514321608
list:
dist: 2.8679956341880475 vs. 2.8679956341880475
list:
dist: 2.7659192945737185 vs. 2.7659192945737185
list:
dist: 2.237122633772859 vs. 2.237122633772859
list:
dist: 2.8885105654273215 vs. 2.8885105654273215
list:
dist: 2.9873732889012414 vs. 2.9873732889012414
list:
dist: 2.0690494290292243 vs. 2.0690494290292243
list:
dist: 1.5982569556015553 vs. 1.5982569556015553
list:
dist: 1.4056515444584672 vs. 1.4056515444584672
list:
dist: 1.2930078985922266 vs. 1.2930078985922266
list:
dist: 2.258556514321608 vs. 2.258556514321608
list:
dist: 2.69476650630078 vs. 2.69476650630078
list:
dist: 2.723424052615595 vs. 2.723424052615595
list:
dist: 1.656912197423099 vs. 1.656912197423099
list:
dist: 2.161586816027271 vs. 2.161586816027271
list:
dist: 1.7845995444784384 vs. 1.7845995444784384
list:
dist: 1.5306170616633594 vs. 1.5306170616633594
list:
dist: 1.0307578624343312 vs. 1.0307578624343312
list:
dist: 2.1715764618856075 vs. 2.1715764618856075
list:
dist: 1.9954819780890045 vs. 1.9954819780890045
list:
dist: 1.7298870994526756 vs. 1.7298870994526756
list:
dist: 2.4960950328144205 vs. 2.4960950328144205
list:
dist: 2.1444780214711066 vs. 2.1444780214711066
list:
dist: 2.404436640069281 vs. 2.404436640069281
list:
dist: 2.2563856963770847 vs. 2.2563856963770847
list:
dist: 3.5062373708328938 vs. 3.5062373708328938
list:
dist: 2.402562475733033 vs. 2.402562475733033
list:
dist: 3.3193185014631625 vs. 3.3193185014631625
list:
dist: 2.6756451885049204 vs. 2.6756451885049204
list:
dist: 2.658628572863489 vs. 2.658628572863489
list:
dist: 2.928357337331439 vs. 2.928357337331439
list:
dist: 0.2890173463386431 vs. 0.2890173463386431
list:
dist: 2.529807178642798 vs. 2.529807178642798
list:
dist: 2.7055228880907163 vs. 2.7055228880907163
list:
dist: 1.2137214263018679 vs. 1.2137214263018679
list:
dist: 2.215127630880179 vs. 2.215127630880179
list:
dist: 3.047088585058631 vs. 3.047088585058631
list:
dist: 3.0123582176174497 vs. 3.0123582176174497
list:
dist: 2.723424052615595 vs. 2.723424052615595
list:
dist: 3.8777525448563237 vs. 3.8777525448563237
list:
dist: 2.8292786952845916 vs. 2.8292786952845916
list:
dist: 1.1939710511742836 vs. 1.1939710511742836
list:
dist: 2.117359155717339 vs. 2.117359155717339
list:
dist: 1.3936613593517353 vs. 1.3936613593517353
list:
dist: 1.1233074453569527 vs. 1.1233074453569527
list:
dist: 1.2137214263018679 vs. 1.2137214263018679
list:
dist: 1.6371789450075136 vs. 1.6371789450075136
list:
dist: 1.6633865088950988 vs. 1.6633865088950988
list:
dist: 2.6532096151562534 vs. 2.6532096151562534
list:
dist: 2.5663920394328366 vs. 2.5663920394328366
list:
dist: 2.9962034502111017 vs. 2.9962034502111017
list:
dist: 3.326004631550799 vs. 3.326004631550799
list:
dist: 2.3312409468160085 vs. 2.3312409468160085
list:
dist: 3.918595873208632 vs. 3.918595873208632
list:
dist: 2.5150017420770094 vs. 2.5150017420770094
list:
dist: 2.529807178642798 vs. 2.529807178642798
list:
dist: 1.420968493908095 vs. 1.420968493908095
list:
dist: 2.7700931292638598 vs. 2.7700931292638598
list:
dist: 2.784345544048961 vs. 2.784345544048961
list:
dist: 2.5467456473751615 vs. 2.5467456473751615
list:
dist: 1.656912197423099 vs. 1.656912197423099
list:
dist: 2.9406475934490124 vs. 2.9406475934490124
list:
dist: 2.2505401648247623 vs. 2.2505401648247623
list:
dist: 2.196164829226646 vs. 2.196164829226646
list:
dist: 3.0901452788555974 vs. 3.0901452788555974
list:
dist: 2.903424903976441 vs. 2.903424903976441
list:
dist: 3.047088585058631 vs. 3.047088585058631
list:
dist: 2.784345544048961 vs. 2.784345544048961
list:
dist: 2.602918889324077 vs. 2.602918889324077
list:
dist: 2.6532096151562534 vs. 2.6532096151562534
list:
dist: 0.9948239021349441 vs. 0.9948239021349441
list:
dist: 0.6635230252161026 vs. 0.6635230252161026
list:
dist: 1.5306170616633594 vs. 1.5306170616633594
list:
dist: 1.3288522160192215 vs. 1.3288522160192215
list:
dist: 2.5887199593907417 vs. 2.5887199593907417
list:
dist: 1.2536062309457918 vs. 1.2536062309457918
list:
dist: 1.5378485961083248 vs. 1.5378485961083248
list:
dist: 1.2476371918502018 vs. 1.2476371918502018
list:
dist: 2.0125138473094712 vs. 2.0125138473094712
list:
dist: 1.4459992649477276 vs. 1.4459992649477276
list:
dist: 2.248220213021019 vs. 2.248220213021019
list:
dist: 1.4940256833610528 vs. 1.4940256833610528
list:
dist: 2.0924093804259614 vs. 2.0924093804259614
list:
dist: 1.420968493908095 vs. 1.420968493908095
list:
dist: 3.0293907548778076 vs. 3.0293907548778076
list:
dist: 2.161586816027271 vs. 2.161586816027271
list:
dist: 3.115728473864218 vs. 3.115728473864218
list:
dist: 1.2536581465140741 vs. 1.2536581465140741
list:
dist: 1.481682504908567 vs. 1.481682504908567
list:
dist: 2.193698293689722 vs. 2.193698293689722
list:
dist: 2.3352722931894476 vs. 2.3352722931894476
list:
dist: 1.4940256833610528 vs. 1.4940256833610528
list:
dist: 1.7430703704412667 vs. 1.7430703704412667
list:
dist: 2.6756451885049204 vs. 2.6756451885049204
list:
dist: 1.6886685090422375 vs. 1.6886685090422375
list:
dist: 3.664524883575704 vs. 3.664524883575704
list:
dist: 2.9618761265579456 vs. 2.9618761265579456
list:
dist: 3.0069390090078065 vs. 3.0069390090078065
list:
dist: 1.3915056677759252 vs. 1.3915056677759252
list:
dist: 1.3194733621007813 vs. 1.3194733621007813
list:
dist: 1.851269852559894 vs. 1.851269852559894
list:
dist: 1.288395538257297 vs. 1.288395538257297
list:
dist: 0.8489422285008842 vs. 0.8489422285008842
list:
dist: 0.7616077471773027 vs. 0.7616077471773027
list:
dist: 1.3314281808307595 vs. 1.3314281808307595
list:
dist: 2.313536425006113 vs. 2.313536425006113
list:
dist: 2.7324449838538714 vs. 2.7324449838538714
list:
dist: 2.1893840344965354 vs. 2.1893840344965354
list:
dist: 3.0648457979212305 vs. 3.0648457979212305
list:
dist: 1.822624185163384 vs. 1.822624185163384
list:
dist: 2.196164829226646 vs. 2.196164829226646
list:
dist: 1.481682504908567 vs. 1.481682504908567
list:
dist: 2.181656154740653 vs. 2.181656154740653
list:
dist: 1.7298870994526756 vs. 1.7298870994526756
list:
dist: 2.124380030021601 vs. 2.124380030021601
list:
dist: 0.8917304366163161 vs. 0.8917304366163161
list:
dist: 0.9020934241834978 vs. 0.9020934241834978
list:
dist: 2.3107623564830164 vs. 2.3107623564830164
list:
dist: 3.339954601221102 vs. 3.339954601221102
list:
dist: 2.9618761265579456 vs. 2.9618761265579456
list:
dist: 3.0531891459213916 vs. 3.0531891459213916
list:
dist: 2.1767392455263015 vs. 2.1767392455263015
list:
dist: 2.4044533217785418 vs. 2.4044533217785418
list:
dist: 1.768146422348035 vs. 1.768146422348035
list:
dist: 3.692366335346708 vs. 3.692366335346708
list:
dist: 3.8777525448563237 vs. 3.8777525448563237
list:
dist: 2.9406475934490124 vs. 2.9406475934490124
list:
dist: 3.115728473864218 vs. 3.115728473864218
list:
dist: 2.1354190146611227 vs. 2.1354190146611227
list:
dist: 1.3288522160192215 vs. 1.3288522160192215
list:
dist: 1.7143176740870583 vs. 1.7143176740870583
list:
dist: 2.1715764618856075 vs. 2.1715764618856075
list:
dist: 2.124380030021601 vs. 2.124380030021601
list:
dist: 2.415865928692023 vs. 2.415865928692023
list:
dist: 2.3636067885499292 vs. 2.3636067885499292
list:
dist: 2.5290310309108897 vs. 2.5290310309108897
list:
dist: 2.4994329709749157 vs. 2.4994329709749157
list:
dist: 2.066272056731476 vs. 2.066272056731476
list:
dist: 1.0156436279978664 vs. 1.0156436279978664
list:
dist: 2.212176450914041 vs. 2.212176450914041
list:
dist: 1.6886685090422375 vs. 1.6886685090422375
list:
dist: 2.674616922739831 vs. 2.674616922739831
list:
dist: 2.776936632138763 vs. 2.776936632138763
list:
dist: 2.0654593058810558 vs. 2.0654593058810558
list:
dist: 2.215127630880179 vs. 2.215127630880179
list:
dist: 2.7700931292638598 vs. 2.7700931292638598
list:
dist: 1.8577254271785524 vs. 1.8577254271785524
list:
dist: 1.6633865088950988 vs. 1.6633865088950988
list:
dist: 0.9948239021349441 vs. 0.9948239021349441
list:
dist: 1.2406303656372122 vs. 1.2406303656372122
list:
dist: 1.7845995444784384 vs. 1.7845995444784384
list:
dist: 2.1354190146611227 vs. 2.1354190146611227
list:
dist: 2.1626821165694325 vs. 2.1626821165694325
list:
dist: 1.6165064784398429 vs. 1.6165064784398429
list:
dist: 1.9657998976235715 vs. 1.9657998976235715
list:
dist: 1.1188139384545361 vs. 1.1188139384545361
list:
dist: 2.51987184205605 vs. 2.51987184205605
list:
dist: 2.419800862018125 vs. 2.419800862018125
list:
dist: 3.092807649278413 vs. 3.092807649278413
list:
dist: 2.3352722931894476 vs. 2.3352722931894476
list:
dist: 2.794129919011418 vs. 2.794129919011418
list:
dist: 1.5674214327810987 vs. 1.5674214327810987
list:
dist: 2.3312409468160085 vs. 2.3312409468160085
list:
dist: 1.1188139384545361 vs. 1.1188139384545361
list:
dist: 1.2476371918502018 vs. 1.2476371918502018
list:
dist: 1.369062087061862 vs. 1.369062087061862
list:
dist: 2.2563856963770847 vs. 2.2563856963770847
list:
dist: 2.4994329709749157 vs. 2.4994329709749157
list:
dist: 1.658195372744122 vs. 1.658195372744122
list:
dist: 0.7502670146439896 vs. 0.7502670146439896
list:
dist: 1.039045239981478 vs. 1.039045239981478
list:
dist: 2.150651795875923 vs. 2.150651795875923
list:
dist: 2.3097801426084343 vs. 2.3097801426084343
list:
dist: 2.5167087475129484 vs. 2.5167087475129484
list:
dist: 1.851269852559894 vs. 1.851269852559894
list:
dist: 2.0422956234903022 vs. 2.0422956234903022
list:
dist: 3.2326021692529623 vs. 3.2326021692529623
list:
dist: 2.69824012304129 vs. 2.69824012304129
list:
dist: 3.848035686992875 vs. 3.848035686992875
list:
dist: 3.509578673051254 vs. 3.509578673051254
list:
dist: 0.2890173463386431 vs. 0.2890173463386431
list:
dist: 2.5150017420770094 vs. 2.5150017420770094
list:
dist: 2.6717064701249775 vs. 2.6717064701249775
list:
dist: 1.1233074453569527 vs. 1.1233074453569527
list:
dist: 2.0654593058810558 vs. 2.0654593058810558
list:
dist: 2.903424903976441 vs. 2.903424903976441
list:
dist: 2.926096477786715 vs. 2.926096477786715
list:
dist: 2.69476650630078 vs. 2.69476650630078
list:
dist: 3.692366335346708 vs. 3.692366335346708
list:
dist: 2.926096477786715 vs. 2.926096477786715
list:
dist: 3.0123582176174497 vs. 3.0123582176174497
list:
dist: 2.5467456473751615 vs. 2.5467456473751615
list:
dist: 3.0293907548778076 vs. 3.0293907548778076
list:
dist: 1.2406303656372122 vs. 1.2406303656372122
list:
dist: 0.6635230252161026 vs. 0.6635230252161026
list:
dist: 1.0307578624343312 vs. 1.0307578624343312
list:
dist: 1.7143176740870583 vs. 1.7143176740870583
list:
dist: 2.6856450890459334 vs. 2.6856450890459334
list:
dist: 2.181656154740653 vs. 2.181656154740653
list:
dist: 2.7161282260894146 vs. 2.7161282260894146
list:
dist: 1.1894198722347007 vs. 1.1894198722347007
list:
dist: 1.465052171072608 vs. 1.465052171072608
list:
dist: 1.369062087061862 vs. 1.369062087061862
list:
dist: 2.5456858057577283 vs. 2.5456858057577283
list:
dist: 1.6915419412483457 vs. 1.6915419412483457
list:
dist: 2.4416857812390607 vs. 2.4416857812390607
list:
dist: 1.7430703704412667 vs. 1.7430703704412667
list:
dist: 1.892796912236719 vs. 1.892796912236719
list:
dist: 2.6717800192208743 vs. 2.6717800192208743
list:
dist: 2.6717064701249775 vs. 2.6717064701249775
list:
dist: 2.7055228880907163 vs. 2.7055228880907163
list:
dist: 1.6371789450075136 vs. 1.6371789450075136
list:
dist: 1.8577254271785524 vs. 1.8577254271785524
list:
dist: 2.602918889324077 vs. 2.602918889324077
list:
dist: 1.5752917572616263 vs. 1.5752917572616263
list:
dist: 2.2097350138770606 vs. 2.2097350138770606
list:
dist: 2.429086874587926 vs. 2.429086874587926
list:
dist: 1.5674214327810987 vs. 1.5674214327810987
list:
dist: 3.41340969990889 vs. 3.41340969990889
list:
dist: 1.5752917572616263 vs. 1.5752917572616263
list:
dist: 2.5663920394328366 vs. 2.5663920394328366
list:
dist: 2.1626821165694325 vs. 2.1626821165694325
list:
dist: 2.5887199593907417 vs. 2.5887199593907417
list:
dist: 2.241439138788912 vs. 2.241439138788912
list:
dist: 2.3644047755108586 vs. 2.3644047755108586
list:
dist: 1.658195372744122 vs. 1.658195372744122
list:
dist: 2.3513113067573777 vs. 2.3513113067573777
list:
dist: 2.641052736929796 vs. 2.641052736929796
list:
dist: 2.448444954086385 vs. 2.448444954086385
list:
dist: 3.635611951791528 vs. 3.635611951791528
list:
dist: 3.0901452788555974 vs. 3.0901452788555974
list:
dist: 2.193698293689722 vs. 2.193698293689722
list:
dist: 2.7161282260894146 vs. 2.7161282260894146
list:
dist: 2.4960950328144205 vs. 2.4960950328144205
list:
dist: 2.415865928692023 vs. 2.415865928692023
list:
dist: 1.3406049577244352 vs. 1.3406049577244352
list:
dist: 0.9020934241834978 vs. 0.9020934241834978
list:
dist: 2.3391805508973755 vs. 2.3391805508973755
list:
dist: 3.180740659738672 vs. 3.180740659738672
list:
dist: 3.0069390090078065 vs. 3.0069390090078065
list:
dist: 3.045930941588083 vs. 3.045930941588083
list:
dist: 1.6599100796407846 vs. 1.6599100796407846
list:
dist: 2.794129919011418 vs. 2.794129919011418
list:
dist: 2.0924093804259614 vs. 2.0924093804259614
list:
dist: 1.892796912236719 vs. 1.892796912236719
list:
dist: 2.658628572863489 vs. 2.658628572863489
list:
dist: 2.674616922739831 vs. 2.674616922739831
list:
dist: 3.4847688964884815 vs. 3.4847688964884815
list:
dist: 3.0531891459213916 vs. 3.0531891459213916
list:
dist: 3.045930941588083 vs. 3.045930941588083
list:
dist: 1.2965488170099282 vs. 1.2965488170099282
list:
dist: 1.0336780174856595 vs. 1.0336780174856595
list:
dist: 2.0422956234903022 vs. 2.0422956234903022
list:
dist: 2.4889912876532887 vs. 2.4889912876532887
list:
dist: 1.8247050153526558 vs. 1.8247050153526558
list:
dist: 1.4511224929704383 vs. 1.4511224929704383
list:
dist: 1.3314281808307595 vs. 1.3314281808307595
list:
dist: 1.8818392480557942 vs. 1.8818392480557942
list:
dist: 3.408818538833352 vs. 3.408818538833352
list:
dist: 2.6528504705178815 vs. 2.6528504705178815
list:
dist: 3.2903985508775406 vs. 3.2903985508775406
list:
dist: 1.8077513094778936 vs. 1.8077513094778936
list:
dist: 2.419800862018125 vs. 2.419800862018125
list:
dist: 1.4459992649477276 vs. 1.4459992649477276
list:
dist: 1.6915419412483457 vs. 1.6915419412483457
list:
dist: 2.402562475733033 vs. 2.402562475733033
list:
dist: 1.0156436279978664 vs. 1.0156436279978664
list:
dist: 3.1057545106116704 vs. 3.1057545106116704
list:
dist: 2.3107623564830164 vs. 2.3107623564830164
list:
dist: 2.3391805508973755 vs. 2.3391805508973755
list:
dist: 1.9125755709742933 vs. 1.9125755709742933
list:
dist: 1.9416144657506014 vs. 1.9416144657506014
list:
dist: 2.3097801426084343 vs. 2.3097801426084343
list:
dist: 1.7097181481848207 vs. 1.7097181481848207
list:
dist: 1.2473702270742495 vs. 1.2473702270742495
list:
dist: 0.8489422285008842 vs. 0.8489422285008842
list:
dist: 1.8247050153526558 vs. 1.8247050153526558
list:
dist: 2.064436488745448 vs. 2.064436488745448
list:
dist: 3.4065110711620967 vs. 3.4065110711620967
list:
dist: 2.962504258238388 vs. 2.962504258238388
list:
dist: 3.7909001010316574 vs. 3.7909001010316574
list:
dist: 1.9437811068461608 vs. 1.9437811068461608
list:
dist: 2.6717800192208743 vs. 2.6717800192208743
list:
dist: 2.928357337331439 vs. 2.928357337331439
list:
dist: 2.776936632138763 vs. 2.776936632138763
list:
dist: 2.5154857705681013 vs. 2.5154857705681013
list:
dist: 2.1767392455263015 vs. 2.1767392455263015
list:
dist: 1.6599100796407846 vs. 1.6599100796407846
list:
dist: 2.064436488745448 vs. 2.064436488745448
list:
dist: 2.2025121731268413 vs. 2.2025121731268413
list:
dist: 2.313536425006113 vs. 2.313536425006113
list:
dist: 1.8818392480557942 vs. 1.8818392480557942
list:
dist: 1.614245391387885 vs. 1.614245391387885
list:
dist: 3.635611951791528 vs. 3.635611951791528
list:
dist: 3.579859818782515 vs. 3.579859818782515
list:
dist: 3.314605154176094 vs. 3.314605154176094
list:
dist: 3.848035686992875 vs. 3.848035686992875
list:
dist: 2.7624089124041467 vs. 2.7624089124041467
list:
dist: 3.7909001010316574 vs. 3.7909001010316574
list:
dist: 2.644810334532562 vs. 2.644810334532562
list:
dist: 3.0648457979212305 vs. 3.0648457979212305
list:
dist: 3.2903985508775406 vs. 3.2903985508775406
list:
dist: 1.425552615390599 vs. 1.425552615390599
list:
dist: 1.2532419581378282 vs. 1.2532419581378282
list:
dist: 3.1400083709153934 vs. 3.1400083709153934
list:
dist: 2.2505401648247623 vs. 2.2505401648247623
list:
dist: 1.2536581465140741 vs. 1.2536581465140741
list:
dist: 2.6856450890459334 vs. 2.6856450890459334
list:
dist: 1.9954819780890045 vs. 1.9954819780890045
list:
dist: 0.8917304366163161 vs. 0.8917304366163161
list:
dist: 1.3406049577244352 vs. 1.3406049577244352
list:
dist: 3.1057545106116704 vs. 3.1057545106116704
list:
dist: 4.026720168121012 vs. 4.026720168121012
list:
dist: 3.664524883575704 vs. 3.664524883575704
list:
dist: 3.4847688964884815 vs. 3.4847688964884815
list:
dist: 2.5154857705681013 vs. 2.5154857705681013
list:
dist: 2.853999286325615 vs. 2.853999286325615
list:
dist: 2.627868438071537 vs. 2.627868438071537
list:
dist: 3.509578673051254 vs. 3.509578673051254
list:
dist: 2.7226951125971692 vs. 2.7226951125971692
list:
dist: 1.9437811068461608 vs. 1.9437811068461608
list:
dist: 1.2058770342491552 vs. 1.2058770342491552
list:
dist: 1.822624185163384 vs. 1.822624185163384
list:
dist: 1.8077513094778936 vs. 1.8077513094778936
list:
dist: 1.614245391387885 vs. 1.614245391387885
list:
dist: 3.5269116948095447 vs. 3.5269116948095447
list:
dist: 2.9710958695954988 vs. 2.9710958695954988
list:
dist: 3.1400083709153934 vs. 3.1400083709153934
list:
dist: 2.429086874587926 vs. 2.429086874587926
list:
dist: 3.326004631550799 vs. 3.326004631550799
list:
dist: 1.9657998976235715 vs. 1.9657998976235715
list:
dist: 1.5378485961083248 vs. 1.5378485961083248
list:
dist: 1.465052171072608 vs. 1.465052171072608
list:
dist: 2.404436640069281 vs. 2.404436640069281
list:
dist: 2.5290310309108897 vs. 2.5290310309108897
list:
dist: 2.3644047755108586 vs. 2.3644047755108586
list:
dist: 0.3553501798134763 vs. 0.3553501798134763
list:
dist: 1.039045239981478 vs. 1.039045239981478
list:
dist: 2.105114949213041 vs. 2.105114949213041
list:
dist: 1.9416144657506014 vs. 1.9416144657506014
list:
dist: 1.8074962890947779 vs. 1.8074962890947779
list:
dist: 1.3194733621007813 vs. 1.3194733621007813
list:
dist: 1.0336780174856595 vs. 1.0336780174856595
list:
dist: 3.069563302880709 vs. 3.069563302880709
list:
dist: 2.3651590567168905 vs. 2.3651590567168905
list:
dist: 3.314605154176094 vs. 3.314605154176094
list:
dist: 2.627868438071537 vs. 2.627868438071537
list:
dist: 2.641052736929796 vs. 2.641052736929796
list:
dist: 3.213287105766637 vs. 3.213287105766637
list:
dist: 3.069563302880709 vs. 3.069563302880709
list:
dist: 3.2326021692529623 vs. 3.2326021692529623
list:
dist: 1.888953458415845 vs. 1.888953458415845
list:
dist: 3.4065110711620967 vs. 3.4065110711620967
list:
dist: 2.599913467703845 vs. 2.599913467703845
list:
dist: 2.7324449838538714 vs. 2.7324449838538714
list:
dist: 3.408818538833352 vs. 3.408818538833352
list:
dist: 0.821799501100261 vs. 0.821799501100261
list:
dist: 1.425552615390599 vs. 1.425552615390599
list:
dist: 3.5269116948095447 vs. 3.5269116948095447
list:
dist: 3.092807649278413 vs. 3.092807649278413
list:
dist: 2.248220213021019 vs. 2.248220213021019
list:
dist: 2.4416857812390607 vs. 2.4416857812390607
list:
dist: 3.3193185014631625 vs. 3.3193185014631625
list:
dist: 2.212176450914041 vs. 2.212176450914041
list:
dist: 4.026720168121012 vs. 4.026720168121012
list:
dist: 3.339954601221102 vs. 3.339954601221102
list:
dist: 3.180740659738672 vs. 3.180740659738672
list:
dist: 1.989250848405314 vs. 1.989250848405314
list:
dist: 1.8074962890947779 vs. 1.8074962890947779
list:
dist: 2.5167087475129484 vs. 2.5167087475129484
list:
dist: 1.5489779198637728 vs. 1.5489779198637728
list:
dist: 1.2473702270742495 vs. 1.2473702270742495
list:
dist: 0.7616077471773027 vs. 0.7616077471773027
list:
dist: 1.4511224929704383 vs. 1.4511224929704383
list:
dist: 2.2025121731268413 vs. 2.2025121731268413
list:
dist: 2.599913467703845 vs. 2.599913467703845
list:
dist: 2.0554287857127553 vs. 2.0554287857127553
list:
dist: 2.644810334532562 vs. 2.644810334532562
list:
dist: 1.2058770342491552 vs. 1.2058770342491552
list:
dist: 2.448444954086385 vs. 2.448444954086385
list:
dist: 2.5596679017449677 vs. 2.5596679017449677
list:
dist: 2.3651590567168905 vs. 2.3651590567168905
list:
dist: 2.69824012304129 vs. 2.69824012304129
list:
dist: 1.7144975028416618 vs. 1.7144975028416618
list:
dist: 2.962504258238388 vs. 2.962504258238388
list:
dist: 2.0554287857127553 vs. 2.0554287857127553
list:
dist: 2.1893840344965354 vs. 2.1893840344965354
list:
dist: 2.6528504705178815 vs. 2.6528504705178815
list:
dist: 0.821799501100261 vs. 0.821799501100261
list:
dist: 1.2532419581378282 vs. 1.2532419581378282
list:
dist: 2.9710958695954988 vs. 2.9710958695954988
list:
dist: 3.41340969990889 vs. 3.41340969990889
list:
dist: 3.918595873208632 vs. 3.918595873208632
list:
dist: 2.51987184205605 vs. 2.51987184205605
list:
dist: 2.0125138473094712 vs. 2.0125138473094712
list:
dist: 2.5456858057577283 vs. 2.5456858057577283
list:
dist: 3.5062373708328938 vs. 3.5062373708328938
list:
dist: 2.066272056731476 vs. 2.066272056731476
list:
dist: 2.3513113067573777 vs. 2.3513113067573777
list:
dist: 2.107454955662589 vs. 2.107454955662589
list:
dist: 2.105114949213041 vs. 2.105114949213041
list:
dist: 2.150651795875923 vs. 2.150651795875923
list:
dist: 1.7097181481848207 vs. 1.7097181481848207
list:
dist: 1.5489779198637728 vs. 1.5489779198637728
list:
dist: 1.288395538257297 vs. 1.288395538257297
list:
dist: 2.4889912876532887 vs. 2.4889912876532887
list:
dist: 1.888953458415845 vs. 1.888953458415845
list:
dist: 1.7144975028416618 vs. 1.7144975028416618
list:
dist: 2.7624089124041467 vs. 2.7624089124041467
list:
dist: 2.7226951125971692 vs. 2.7226951125971692
list:
dist: 2.2097350138770606 vs. 2.2097350138770606
list:
dist: 2.9962034502111017 vs. 2.9962034502111017
list:
dist: 1.6165064784398429 vs. 1.6165064784398429
list:
dist: 1.2536062309457918 vs. 1.2536062309457918
list:
dist: 1.1894198722347007 vs. 1.1894198722347007
list:
dist: 2.1444780214711066 vs. 2.1444780214711066
list:
dist: 2.3636067885499292 vs. 2.3636067885499292
list:
dist: 2.241439138788912 vs. 2.241439138788912
list:
dist: 0.3553501798134763 vs. 0.3553501798134763
list:
dist: 0.7502670146439896 vs. 0.7502670146439896
list:
dist: 2.107454955662589 vs. 2.107454955662589
list:
dist: 1.9125755709742933 vs. 1.9125755709742933
list:
dist: 1.989250848405314 vs. 1.989250848405314
list:
dist: 1.3915056677759252 vs. 1.3915056677759252
list:
dist: 1.2965488170099282 vs. 1.2965488170099282
list:
dist: 3.213287105766637 vs. 3.213287105766637
list:
dist: 2.5596679017449677 vs. 2.5596679017449677
list:
dist: 3.579859818782515 vs. 3.579859818782515
list:
dist: 2.853999286325615 vs. 2.853999286325615
list:
dist: 3.062173278370451 vs. 3.062173278370451
list:
dist: 2.1905003572555195 vs. 2.1905003572555195
list:
dist: 2.4790553103588477 vs. 2.4790553103588477
list:
dist: 3.3614438038743635 vs. 3.3614438038743635
list:
dist: 0.8240418054199992 vs. 0.8240418054199992
list:
dist: 1.4484514304630616 vs. 1.4484514304630616
list:
dist: 1.2274192054991457 vs. 1.2274192054991457
list:
dist: 1.1737819334712651 vs. 1.1737819334712651
list:
dist: 0.7702936899156672 vs. 0.7702936899156672
list:
dist: 1.884686407647823 vs. 1.884686407647823
list:
dist: 2.482136186043123 vs. 2.482136186043123
list:
dist: 2.2779386199144604 vs. 2.2779386199144604
list:
dist: 2.0879277979830477 vs. 2.0879277979830477
list:
dist: 1.1911172803836965 vs. 1.1911172803836965
list:
dist: 2.0113859487409544 vs. 2.0113859487409544
list:
dist: 1.9251908475863115 vs. 1.9251908475863115
list:
dist: 2.5251595798520823 vs. 2.5251595798520823
list:
dist: 2.7776092579699823 vs. 2.7776092579699823
list:
dist: 1.9251908475863115 vs. 1.9251908475863115
list:
dist: 2.035583261998205 vs. 2.035583261998205
list:
dist: 3.1242184173254626 vs. 3.1242184173254626
list:
dist: 2.7205850985336224 vs. 2.7205850985336224
list:
dist: 2.0978695551590145 vs. 2.0978695551590145
list:
dist: 2.162876164377585 vs. 2.162876164377585
list:
dist: 2.53843351489965 vs. 2.53843351489965
list:
dist: 4.784696880641711 vs. 4.784696880641711
list:
dist: 0.9560408563938547 vs. 0.9560408563938547
list:
dist: 0.6684771926331559 vs. 0.6684771926331559
list:
dist: 1.4158302784812027 vs. 1.4158302784812027
list:
dist: 1.4597893067440322 vs. 1.4597893067440322
list:
dist: 1.7843100128330396 vs. 1.7843100128330396
list:
dist: 1.187685453333857 vs. 1.187685453333857
list:
dist: 3.317251880962148 vs. 3.317251880962148
list:
dist: 2.74996833895031 vs. 2.74996833895031
list:
dist: 2.672060918453968 vs. 2.672060918453968
list:
dist: 2.734601485393884 vs. 2.734601485393884
list:
dist: 3.3965414121746638 vs. 3.3965414121746638
list:
dist: 2.322458274668354 vs. 2.322458274668354
list:
dist: 1.6057752841509445 vs. 1.6057752841509445
list:
dist: 1.3936613593517353 vs. 1.3936613593517353
list:
dist: 3.6015935065011173 vs. 3.6015935065011173
list:
dist: 1.5832236055069937 vs. 1.5832236055069937
list:
dist: 1.661651832221091 vs. 1.661651832221091
list:
dist: 2.4790553103588477 vs. 2.4790553103588477
list:
dist: 2.3874404241971647 vs. 2.3874404241971647
list:
dist: 1.3325845185530218 vs. 1.3325845185530218
list:
dist: 1.9024343417771883 vs. 1.9024343417771883
list:
dist: 2.8721106741007714 vs. 2.8721106741007714
list:
dist: 2.4912680125829643 vs. 2.4912680125829643
list:
dist: 2.915507059673706 vs. 2.915507059673706
list:
dist: 3.6847498928056894 vs. 3.6847498928056894
list:
dist: 3.275094892953171 vs. 3.275094892953171
list:
dist: 2.6200492271464153 vs. 2.6200492271464153
list:
dist: 2.3874404241971647 vs. 2.3874404241971647
list:
dist: 0.8240418054199992 vs. 0.8240418054199992
list:
dist: 1.10859790334157 vs. 1.10859790334157
list:
dist: 0.7886977710616214 vs. 0.7886977710616214
list:
dist: 1.1262230625185106 vs. 1.1262230625185106
list:
dist: 0.8737143010446562 vs. 0.8737143010446562
list:
dist: 1.238977980796884 vs. 1.238977980796884
list:
dist: 3.310256523094941 vs. 3.310256523094941
list:
dist: 2.664475613657427 vs. 2.664475613657427
list:
dist: 2.3913080439839307 vs. 2.3913080439839307
list:
dist: 1.6577478890306008 vs. 1.6577478890306008
list:
dist: 1.5512673117712468 vs. 1.5512673117712468
list:
dist: 2.035583261998205 vs. 2.035583261998205
list:
dist: 2.420638086387224 vs. 2.420638086387224
list:
dist: 2.570033064189515 vs. 2.570033064189515
list:
dist: 3.042574636680565 vs. 3.042574636680565
list:
dist: 2.5809903680150894 vs. 2.5809903680150894
list:
dist: 2.9756181323187403 vs. 2.9756181323187403
list:
dist: 2.3164160681450725 vs. 2.3164160681450725
list:
dist: 3.9667133838334006 vs. 3.9667133838334006
list:
dist: 3.685485965612712 vs. 3.685485965612712
list:
dist: 3.321562714415159 vs. 3.321562714415159
list:
dist: 2.915507059673706 vs. 2.915507059673706
list:
dist: 1.884686407647823 vs. 1.884686407647823
list:
dist: 1.238977980796884 vs. 1.238977980796884
list:
dist: 1.650319466624635 vs. 1.650319466624635
list:
dist: 1.1165782327941547 vs. 1.1165782327941547
list:
dist: 1.1660648666364668 vs. 1.1660648666364668
list:
dist: 1.364131785673097 vs. 1.364131785673097
list:
dist: 2.3941627588899235 vs. 2.3941627588899235
list:
dist: 3.3614897443500213 vs. 3.3614897443500213
list:
dist: 2.8724770228061622 vs. 2.8724770228061622
list:
dist: 2.1747412484217237 vs. 2.1747412484217237
list:
dist: 1.3681320078310806 vs. 1.3681320078310806
list:
dist: 2.53843351489965 vs. 2.53843351489965
list:
dist: 2.0303872329530277 vs. 2.0303872329530277
list:
dist: 2.553906792293251 vs. 2.553906792293251
list:
dist: 2.4397353894232223 vs. 2.4397353894232223
list:
dist: 1.609043963672729 vs. 1.609043963672729
list:
dist: 2.1332559789368775 vs. 2.1332559789368775
list:
dist: 1.3908192115387208 vs. 1.3908192115387208
list:
dist: 3.1951076181836946 vs. 3.1951076181836946
list:
dist: 2.5948539291220145 vs. 2.5948539291220145
list:
dist: 2.9336283824464204 vs. 2.9336283824464204
list:
dist: 2.259630413786909 vs. 2.259630413786909
list:
dist: 2.4912680125829643 vs. 2.4912680125829643
list:
dist: 0.7702936899156672 vs. 0.7702936899156672
list:
dist: 0.8737143010446562 vs. 0.8737143010446562
list:
dist: 1.3445679386810216 vs. 1.3445679386810216
list:
dist: 0.8633274184531495 vs. 0.8633274184531495
list:
dist: 0.4829400936535558 vs. 0.4829400936535558
list:
dist: 1.364131785673097 vs. 1.364131785673097
list:
dist: 3.5897179625952775 vs. 3.5897179625952775
list:
dist: 2.6699418027488604 vs. 2.6699418027488604
list:
dist: 2.2823358747488647 vs. 2.2823358747488647
list:
dist: 1.1952541708860138 vs. 1.1952541708860138
list:
dist: 1.854684740305814 vs. 1.854684740305814
list:
dist: 2.162876164377585 vs. 2.162876164377585
list:
dist: 2.148029341466887 vs. 2.148029341466887
list:
dist: 2.773655606551145 vs. 2.773655606551145
list:
dist: 3.5845834271760246 vs. 3.5845834271760246
list:
dist: 2.685903671411861 vs. 2.685903671411861
list:
dist: 2.915584652041692 vs. 2.915584652041692
list:
dist: 2.588120788672734 vs. 2.588120788672734
list:
dist: 4.125761823267089 vs. 4.125761823267089
list:
dist: 3.21514243740521 vs. 3.21514243740521
list:
dist: 2.117359155717339 vs. 2.117359155717339
list:
dist: 1.1299818303707172 vs. 1.1299818303707172
list:
dist: 1.661651832221091 vs. 1.661651832221091
list:
dist: 3.3200070555348016 vs. 3.3200070555348016
list:
dist: 2.1905003572555195 vs. 2.1905003572555195
list:
dist: 2.6200492271464153 vs. 2.6200492271464153
list:
dist: 2.00903474705998 vs. 2.00903474705998
list:
dist: 2.2627639828548265 vs. 2.2627639828548265
list:
dist: 2.6586462404048095 vs. 2.6586462404048095
list:
dist: 2.259630413786909 vs. 2.259630413786909
list:
dist: 3.321562714415159 vs. 3.321562714415159
list:
dist: 4.366970073452084 vs. 4.366970073452084
list:
dist: 3.3200070555348016 vs. 3.3200070555348016
list:
dist: 3.3614438038743635 vs. 3.3614438038743635
list:
dist: 1.9316365319800346 vs. 1.9316365319800346
list:
dist: 3.5014351919074183 vs. 3.5014351919074183
list:
dist: 3.9205423785272075 vs. 3.9205423785272075
list:
dist: 3.645658862245296 vs. 3.645658862245296
list:
dist: 1.1939710511742836 vs. 1.1939710511742836
list:
dist: 1.1299818303707172 vs. 1.1299818303707172
list:
dist: 1.5832236055069937 vs. 1.5832236055069937
list:
dist: 4.366970073452084 vs. 4.366970073452084
list:
dist: 3.062173278370451 vs. 3.062173278370451
list:
dist: 3.275094892953171 vs. 3.275094892953171
list:
dist: 2.3806032012974296 vs. 2.3806032012974296
list:
dist: 2.697903280134036 vs. 2.697903280134036
list:
dist: 3.2589934337692505 vs. 3.2589934337692505
list:
dist: 2.9336283824464204 vs. 2.9336283824464204
list:
dist: 3.685485965612712 vs. 3.685485965612712
list:
dist: 2.8292786952845916 vs. 2.8292786952845916
list:
dist: 3.6015935065011173 vs. 3.6015935065011173
list:
dist: 2.4044533217785418 vs. 2.4044533217785418
list:
dist: 3.645658862245296 vs. 3.645658862245296
list:
dist: 1.1911172803836965 vs. 1.1911172803836965
list:
dist: 1.6577478890306008 vs. 1.6577478890306008
list:
dist: 2.465800992141594 vs. 2.465800992141594
list:
dist: 2.0256836667417515 vs. 2.0256836667417515
list:
dist: 1.1645970255187255 vs. 1.1645970255187255
list:
dist: 1.1952541708860138 vs. 1.1952541708860138
list:
dist: 2.1747412484217237 vs. 2.1747412484217237
list:
dist: 2.1830190281918833 vs. 2.1830190281918833
list:
dist: 1.6748019679952044 vs. 1.6748019679952044
list:
dist: 1.2363328829597149 vs. 1.2363328829597149
list:
dist: 1.8920221965811117 vs. 1.8920221965811117
list:
dist: 1.4158302784812027 vs. 1.4158302784812027
list:
dist: 1.713712751378506 vs. 1.713712751378506
list:
dist: 2.2657868870901963 vs. 2.2657868870901963
list:
dist: 3.26311966912676 vs. 3.26311966912676
list:
dist: 2.3078298203305305 vs. 2.3078298203305305
list:
dist: 2.697903280134036 vs. 2.697903280134036
list:
dist: 2.2627639828548265 vs. 2.2627639828548265
list:
dist: 1.9024343417771883 vs. 1.9024343417771883
list:
dist: 1.2274192054991457 vs. 1.2274192054991457
list:
dist: 0.7886977710616214 vs. 0.7886977710616214
list:
dist: 0.6197449655602957 vs. 0.6197449655602957
list:
dist: 1.1060500357295384 vs. 1.1060500357295384
list:
dist: 0.8633274184531495 vs. 0.8633274184531495
list:
dist: 1.1165782327941547 vs. 1.1165782327941547
list:
dist: 2.9235408721076763 vs. 2.9235408721076763
list:
dist: 3.32989031010322 vs. 3.32989031010322
list:
dist: 2.9881239443475653 vs. 2.9881239443475653
list:
dist: 2.0256836667417515 vs. 2.0256836667417515
list:
dist: 2.0513054316654853 vs. 2.0513054316654853
list:
dist: 2.7205850985336224 vs. 2.7205850985336224
list:
dist: 2.69582104272721 vs. 2.69582104272721
list:
dist: 3.1703396058498265 vs. 3.1703396058498265
list:
dist: 3.3258840834591763 vs. 3.3258840834591763
list:
dist: 2.7075554010574434 vs. 2.7075554010574434
list:
dist: 3.1511188322598924 vs. 3.1511188322598924
list:
dist: 2.4664143181180185 vs. 2.4664143181180185
list:
dist: 4.253331552613999 vs. 4.253331552613999
list:
dist: 2.3806032012974296 vs. 2.3806032012974296
list:
dist: 2.00903474705998 vs. 2.00903474705998
list:
dist: 1.3325845185530218 vs. 1.3325845185530218
list:
dist: 1.4484514304630616 vs. 1.4484514304630616
list:
dist: 1.10859790334157 vs. 1.10859790334157
list:
dist: 0.6197449655602957 vs. 0.6197449655602957
list:
dist: 1.684262579158301 vs. 1.684262579158301
list:
dist: 1.3445679386810216 vs. 1.3445679386810216
list:
dist: 1.650319466624635 vs. 1.650319466624635
list:
dist: 3.0433826615221733 vs. 3.0433826615221733
list:
dist: 3.662317739368686 vs. 3.662317739368686
list:
dist: 3.4146459798977324 vs. 3.4146459798977324
list:
dist: 2.465800992141594 vs. 2.465800992141594
list:
dist: 2.5433561170555183 vs. 2.5433561170555183
list:
dist: 3.1242184173254626 vs. 3.1242184173254626
list:
dist: 3.2967480451353866 vs. 3.2967480451353866
list:
dist: 3.6496300011705016 vs. 3.6496300011705016
list:
dist: 3.644850527511228 vs. 3.644850527511228
list:
dist: 3.243525574635246 vs. 3.243525574635246
list:
dist: 3.7370555871581477 vs. 3.7370555871581477
list:
dist: 2.940939890235777 vs. 2.940939890235777
list:
dist: 4.7769478437219455 vs. 4.7769478437219455
list:
dist: 2.5809903680150894 vs. 2.5809903680150894
list:
dist: 3.243525574635246 vs. 3.243525574635246
list:
dist: 2.7075554010574434 vs. 2.7075554010574434
list:
dist: 2.309876663613837 vs. 2.309876663613837
list:
dist: 2.685903671411861 vs. 2.685903671411861
list:
dist: 1.609043963672729 vs. 1.609043963672729
list:
dist: 2.785731491244085 vs. 2.785731491244085
list:
dist: 1.4296190147718568 vs. 1.4296190147718568
list:
dist: 2.74996833895031 vs. 2.74996833895031
list:
dist: 1.6820509723466974 vs. 1.6820509723466974
list:
dist: 2.051986805273148 vs. 2.051986805273148
list:
dist: 1.7422205320122246 vs. 1.7422205320122246
list:
dist: 0.8061609385190114 vs. 0.8061609385190114
list:
dist: 0.5661172405501497 vs. 0.5661172405501497
list:
dist: 1.630247013042554 vs. 1.630247013042554
list:
dist: 1.4813173527447943 vs. 1.4813173527447943
list:
dist: 3.3128928125987103 vs. 3.3128928125987103
list:
dist: 2.298264546860822 vs. 2.298264546860822
list:
dist: 2.5251595798520823 vs. 2.5251595798520823
list:
dist: 2.420638086387224 vs. 2.420638086387224
list:
dist: 3.2967480451353866 vs. 3.2967480451353866
list:
dist: 2.69582104272721 vs. 2.69582104272721
list:
dist: 1.7323394058605217 vs. 1.7323394058605217
list:
dist: 2.148029341466887 vs. 2.148029341466887
list:
dist: 2.0303872329530277 vs. 2.0303872329530277
list:
dist: 4.117227530326432 vs. 4.117227530326432
list:
dist: 2.4670213454534955 vs. 2.4670213454534955
list:
dist: 1.7682376373136206 vs. 1.7682376373136206
list:
dist: 1.713712751378506 vs. 1.713712751378506
list:
dist: 1.4343956991373223 vs. 1.4343956991373223
list:
dist: 1.7843100128330396 vs. 1.7843100128330396
list:
dist: 1.5384352742775413 vs. 1.5384352742775413
list:
dist: 3.107584231540768 vs. 3.107584231540768
list:
dist: 1.6820509723466974 vs. 1.6820509723466974
list:
dist: 1.2699655983485987 vs. 1.2699655983485987
list:
dist: 2.010612978914747 vs. 2.010612978914747
list:
dist: 2.4881013260557525 vs. 2.4881013260557525
list:
dist: 1.4231865488171387 vs. 1.4231865488171387
list:
dist: 2.3781175413061812 vs. 2.3781175413061812
list:
dist: 1.2147403873120215 vs. 1.2147403873120215
list:
dist: 3.042574636680565 vs. 3.042574636680565
list:
dist: 3.644850527511228 vs. 3.644850527511228
list:
dist: 3.3258840834591763 vs. 3.3258840834591763
list:
dist: 3.394736279989978 vs. 3.394736279989978
list:
dist: 3.5845834271760246 vs. 3.5845834271760246
list:
dist: 2.4397353894232223 vs. 2.4397353894232223
list:
dist: 2.7449046862472213 vs. 2.7449046862472213
list:
dist: 2.0626469439503214 vs. 2.0626469439503214
list:
dist: 3.317251880962148 vs. 3.317251880962148
list:
dist: 3.107584231540768 vs. 3.107584231540768
list:
dist: 2.558164792463616 vs. 2.558164792463616
list:
dist: 1.7422205320122246 vs. 1.7422205320122246
list:
dist: 2.3667758135190726 vs. 2.3667758135190726
list:
dist: 1.3278119453004342 vs. 1.3278119453004342
list:
dist: 2.104266717396397 vs. 2.104266717396397
list:
dist: 3.9956307374719833 vs. 3.9956307374719833
list:
dist: 3.2696146709317064 vs. 3.2696146709317064
list:
dist: 3.9205423785272075 vs. 3.9205423785272075
list:
dist: 2.0879277979830477 vs. 2.0879277979830477
list:
dist: 2.3913080439839307 vs. 2.3913080439839307
list:
dist: 3.4146459798977324 vs. 3.4146459798977324
list:
dist: 2.9881239443475653 vs. 2.9881239443475653
list:
dist: 2.193446300180426 vs. 2.193446300180426
list:
dist: 2.2823358747488647 vs. 2.2823358747488647
list:
dist: 2.8724770228061622 vs. 2.8724770228061622
list:
dist: 2.1384034886275156 vs. 2.1384034886275156
list:
dist: 0.7097850378058167 vs. 0.7097850378058167
list:
dist: 1.2363328829597149 vs. 1.2363328829597149
list:
dist: 1.9388984048281876 vs. 1.9388984048281876
list:
dist: 0.6684771926331559 vs. 0.6684771926331559
list:
dist: 1.7682376373136206 vs. 1.7682376373136206
list:
dist: 1.5828461890016707 vs. 1.5828461890016707
list:
dist: 2.237491299813489 vs. 2.237491299813489
list:
dist: 1.5897719767681615 vs. 1.5897719767681615
list:
dist: 3.2589934337692505 vs. 3.2589934337692505
list:
dist: 2.6586462404048095 vs. 2.6586462404048095
list:
dist: 2.8721106741007714 vs. 2.8721106741007714
list:
dist: 1.1737819334712651 vs. 1.1737819334712651
list:
dist: 1.1262230625185106 vs. 1.1262230625185106
list:
dist: 1.684262579158301 vs. 1.684262579158301
list:
dist: 1.1060500357295384 vs. 1.1060500357295384
list:
dist: 0.4829400936535558 vs. 0.4829400936535558
list:
dist: 1.1660648666364668 vs. 1.1660648666364668
list:
dist: 3.4733988303457553 vs. 3.4733988303457553
list:
dist: 2.6893339316751943 vs. 2.6893339316751943
list:
dist: 2.193446300180426 vs. 2.193446300180426
list:
dist: 1.1645970255187255 vs. 1.1645970255187255
list:
dist: 1.6378313243393412 vs. 1.6378313243393412
list:
dist: 2.0978695551590145 vs. 2.0978695551590145
list:
dist: 1.7323394058605217 vs. 1.7323394058605217
list:
dist: 2.5460019296662906 vs. 2.5460019296662906
list:
dist: 3.394736279989978 vs. 3.394736279989978
list:
dist: 2.309876663613837 vs. 2.309876663613837
list:
dist: 2.4820741824917465 vs. 2.4820741824917465
list:
dist: 2.2895247994392522 vs. 2.2895247994392522
list:
dist: 3.7468890985895187 vs. 3.7468890985895187
list:
dist: 2.742127802903566 vs. 2.742127802903566
list:
dist: 2.3164160681450725 vs. 2.3164160681450725
list:
dist: 2.940939890235777 vs. 2.940939890235777
list:
dist: 2.4664143181180185 vs. 2.4664143181180185
list:
dist: 2.2895247994392522 vs. 2.2895247994392522
list:
dist: 2.588120788672734 vs. 2.588120788672734
list:
dist: 1.3908192115387208 vs. 1.3908192115387208
list:
dist: 2.454856599681671 vs. 2.454856599681671
list:
dist: 1.2962620328801069 vs. 1.2962620328801069
list:
dist: 2.734601485393884 vs. 2.734601485393884
list:
dist: 2.010612978914747 vs. 2.010612978914747
list:
dist: 2.1174573347128076 vs. 2.1174573347128076
list:
dist: 1.3278119453004342 vs. 1.3278119453004342
list:
dist: 0.5661172405501497 vs. 0.5661172405501497
list:
dist: 1.3427243071759158 vs. 1.3427243071759158
list:
dist: 1.9228561709388374 vs. 1.9228561709388374
list:
dist: 2.0417998839969993 vs. 2.0417998839969993
list:
dist: 3.579067437444368 vs. 3.579067437444368
list:
dist: 2.5790066152509814 vs. 2.5790066152509814
list:
dist: 2.0113859487409544 vs. 2.0113859487409544
list:
dist: 1.5512673117712468 vs. 1.5512673117712468
list:
dist: 2.5433561170555183 vs. 2.5433561170555183
list:
dist: 2.0513054316654853 vs. 2.0513054316654853
list:
dist: 1.6378313243393412 vs. 1.6378313243393412
list:
dist: 1.854684740305814 vs. 1.854684740305814
list:
dist: 1.3681320078310806 vs. 1.3681320078310806
list:
dist: 3.3959806066693683 vs. 3.3959806066693683
list:
dist: 2.406178656762288 vs. 2.406178656762288
list:
dist: 1.9388984048281876 vs. 1.9388984048281876
list:
dist: 1.8920221965811117 vs. 1.8920221965811117
list:
dist: 1.4597893067440322 vs. 1.4597893067440322
list:
dist: 1.4343956991373223 vs. 1.4343956991373223
list:
dist: 1.2134472114477837 vs. 1.2134472114477837
list:
dist: 2.0626469439503214 vs. 2.0626469439503214
list:
dist: 1.4296190147718568 vs. 1.4296190147718568
list:
dist: 1.690211019030579 vs. 1.690211019030579
list:
dist: 1.2962620328801069 vs. 1.2962620328801069
list:
dist: 2.4873097184718787 vs. 2.4873097184718787
list:
dist: 2.8781036653818006 vs. 2.8781036653818006
list:
dist: 1.8441465033885425 vs. 1.8441465033885425
list:
dist: 3.5014351919074183 vs. 3.5014351919074183
list:
dist: 2.2779386199144604 vs. 2.2779386199144604
list:
dist: 2.664475613657427 vs. 2.664475613657427
list:
dist: 3.662317739368686 vs. 3.662317739368686
list:
dist: 3.32989031010322 vs. 3.32989031010322
list:
dist: 2.6893339316751943 vs. 2.6893339316751943
list:
dist: 2.6699418027488604 vs. 2.6699418027488604
list:
dist: 3.3614897443500213 vs. 3.3614897443500213
list:
dist: 1.7458211773189978 vs. 1.7458211773189978
list:
dist: 0.7097850378058167 vs. 0.7097850378058167
list:
dist: 1.6748019679952044 vs. 1.6748019679952044
list:
dist: 2.406178656762288 vs. 2.406178656762288
list:
dist: 0.9560408563938547 vs. 0.9560408563938547
list:
dist: 2.4670213454534955 vs. 2.4670213454534955
list:
dist: 1.9879761225952801 vs. 1.9879761225952801
list:
dist: 2.5251012138845677 vs. 2.5251012138845677
list:
dist: 2.139834160664507 vs. 2.139834160664507
list:
dist: 3.9667133838334006 vs. 3.9667133838334006
list:
dist: 4.7769478437219455 vs. 4.7769478437219455
list:
dist: 4.253331552613999 vs. 4.253331552613999
list:
dist: 3.7468890985895187 vs. 3.7468890985895187
list:
dist: 4.125761823267089 vs. 4.125761823267089
list:
dist: 3.1951076181836946 vs. 3.1951076181836946
list:
dist: 4.030010881648098 vs. 4.030010881648098
list:
dist: 2.4873097184718787 vs. 2.4873097184718787
list:
dist: 3.3965414121746638 vs. 3.3965414121746638
list:
dist: 2.4881013260557525 vs. 2.4881013260557525
list:
dist: 2.274113616812292 vs. 2.274113616812292
list:
dist: 2.104266717396397 vs. 2.104266717396397
list:
dist: 1.630247013042554 vs. 1.630247013042554
list:
dist: 1.4176490688091445 vs. 1.4176490688091445
list:
dist: 1.9228561709388374 vs. 1.9228561709388374
list:
dist: 1.8618046884967594 vs. 1.8618046884967594
list:
dist: 2.8334679541287335 vs. 2.8334679541287335
list:
dist: 2.3428542442755607 vs. 2.3428542442755607
list:
dist: 2.742127802903566 vs. 2.742127802903566
list:
dist: 3.21514243740521 vs. 3.21514243740521
list:
dist: 2.5948539291220145 vs. 2.5948539291220145
list:
dist: 1.4231865488171387 vs. 1.4231865488171387
list:
dist: 2.4434530283524105 vs. 2.4434530283524105
list:
dist: 1.4813173527447943 vs. 1.4813173527447943
list:
dist: 0.7861499241693395 vs. 0.7861499241693395
list:
dist: 2.0417998839969993 vs. 2.0417998839969993
list:
dist: 1.8618046884967594 vs. 1.8618046884967594
list:
dist: 2.939456689689842 vs. 2.939456689689842
list:
dist: 2.0317568807124395 vs. 2.0317568807124395
list:
dist: 2.9756181323187403 vs. 2.9756181323187403
list:
dist: 3.7370555871581477 vs. 3.7370555871581477
list:
dist: 3.1511188322598924 vs. 3.1511188322598924
list:
dist: 2.4820741824917465 vs. 2.4820741824917465
list:
dist: 2.915584652041692 vs. 2.915584652041692
list:
dist: 2.1332559789368775 vs. 2.1332559789368775
list:
dist: 3.527676742404197 vs. 3.527676742404197
list:
dist: 1.690211019030579 vs. 1.690211019030579
list:
dist: 2.672060918453968 vs. 2.672060918453968
list:
dist: 1.2699655983485987 vs. 1.2699655983485987
list:
dist: 1.8897823644360834 vs. 1.8897823644360834
list:
dist: 2.3667758135190726 vs. 2.3667758135190726
list:
dist: 0.8061609385190114 vs. 0.8061609385190114
list:
dist: 1.3427243071759158 vs. 1.3427243071759158
list:
dist: 1.4176490688091445 vs. 1.4176490688091445
list:
dist: 0.7861499241693395 vs. 0.7861499241693395
list:
dist: 2.7676350918533053 vs. 2.7676350918533053
list:
dist: 1.788835521599413 vs. 1.788835521599413
list:
dist: 3.6847498928056894 vs. 3.6847498928056894
list:
dist: 1.768146422348035 vs. 1.768146422348035
list:
dist: 3.310256523094941 vs. 3.310256523094941
list:
dist: 3.0433826615221733 vs. 3.0433826615221733
list:
dist: 2.9235408721076763 vs. 2.9235408721076763
list:
dist: 3.4733988303457553 vs. 3.4733988303457553
list:
dist: 3.5897179625952775 vs. 3.5897179625952775
list:
dist: 2.3941627588899235 vs. 2.3941627588899235
list:
dist: 3.3959806066693683 vs. 3.3959806066693683
list:
dist: 4.784696880641711 vs. 4.784696880641711
list:
dist: 4.117227530326432 vs. 4.117227530326432
list:
dist: 4.483932014591269 vs. 4.483932014591269
list:
dist: 2.7449046862472213 vs. 2.7449046862472213
list:
dist: 2.785731491244085 vs. 2.785731491244085
list:
dist: 3.527676742404197 vs. 3.527676742404197
list:
dist: 2.454856599681671 vs. 2.454856599681671
list:
dist: 4.030010881648098 vs. 4.030010881648098
list:
dist: 1.9316365319800346 vs. 1.9316365319800346
list:
dist: 2.482136186043123 vs. 2.482136186043123
list:
dist: 1.7458211773189978 vs. 1.7458211773189978
list:
dist: 2.1384034886275156 vs. 2.1384034886275156
list:
dist: 2.1830190281918833 vs. 2.1830190281918833
list:
dist: 2.7776092579699823 vs. 2.7776092579699823
list:
dist: 2.570033064189515 vs. 2.570033064189515
list:
dist: 3.6496300011705016 vs. 3.6496300011705016
list:
dist: 3.1703396058498265 vs. 3.1703396058498265
list:
dist: 2.5460019296662906 vs. 2.5460019296662906
list:
dist: 2.773655606551145 vs. 2.773655606551145
list:
dist: 2.553906792293251 vs. 2.553906792293251
list:
dist: 4.483932014591269 vs. 4.483932014591269
list:
dist: 1.9879761225952801 vs. 1.9879761225952801
list:
dist: 1.5828461890016707 vs. 1.5828461890016707
list:
dist: 2.2657868870901963 vs. 2.2657868870901963
list:
dist: 1.2134472114477837 vs. 1.2134472114477837
list:
dist: 1.187685453333857 vs. 1.187685453333857
list:
dist: 1.5384352742775413 vs. 1.5384352742775413
list:
dist: 2.558164792463616 vs. 2.558164792463616
list:
dist: 2.051986805273148 vs. 2.051986805273148
list:
dist: 1.8897823644360834 vs. 1.8897823644360834
list:
dist: 2.1174573347128076 vs. 2.1174573347128076
list:
dist: 2.274113616812292 vs. 2.274113616812292
list:
dist: 2.4434530283524105 vs. 2.4434530283524105
list:
dist: 1.7353345030673444 vs. 1.7353345030673444
list:
dist: 0.9855403713408059 vs. 0.9855403713408059
list:
dist: 2.139834160664507 vs. 2.139834160664507
list:
dist: 1.5897719767681615 vs. 1.5897719767681615
list:
dist: 2.3078298203305305 vs. 2.3078298203305305
list:
dist: 1.8441465033885425 vs. 1.8441465033885425
list:
dist: 1.6057752841509445 vs. 1.6057752841509445
list:
dist: 1.2147403873120215 vs. 1.2147403873120215
list:
dist: 0.9855403713408059 vs. 0.9855403713408059
list:
dist: 3.2696146709317064 vs. 3.2696146709317064
list:
dist: 2.298264546860822 vs. 2.298264546860822
list:
dist: 1.788835521599413 vs. 1.788835521599413
list:
dist: 2.5790066152509814 vs. 2.5790066152509814
list:
dist: 2.3428542442755607 vs. 2.3428542442755607
list:
dist: 2.0317568807124395 vs. 2.0317568807124395
list:
dist: 1.181596304949215 vs. 1.181596304949215
list:
dist: 3.472271057418444 vs. 3.472271057418444
list:
dist: 1.6465920740077193 vs. 1.6465920740077193
list:
dist: 0.8958932111425353 vs. 0.8958932111425353
list:
dist: 2.5889725108075763 vs. 2.5889725108075763
list:
dist: 1.8331867320823831 vs. 1.8331867320823831
list:
dist: 2.5052693832170396 vs. 2.5052693832170396
list:
dist: 1.5950023082209914 vs. 1.5950023082209914
list:
dist: 2.224052756849388 vs. 2.224052756849388
list:
dist: 3.2451057141426842 vs. 3.2451057141426842
list:
dist: 2.535187459611362 vs. 2.535187459611362
list:
dist: 3.3321920519045856 vs. 3.3321920519045856
list:
dist: 3.252200752000557 vs. 3.252200752000557
list:
dist: 3.080132393498817 vs. 3.080132393498817
list:
dist: 3.929224275805895 vs. 3.929224275805895
list:
dist: 3.8402423705706545 vs. 3.8402423705706545
list:
dist: 2.9456720776680765 vs. 2.9456720776680765
list:
dist: 3.575048102615992 vs. 3.575048102615992
list:
dist: 2.535187459611362 vs. 2.535187459611362
list:
dist: 2.450190708847018 vs. 2.450190708847018
list:
dist: 1.1344861379334823 vs. 1.1344861379334823
list:
dist: 1.060108483355535 vs. 1.060108483355535
list:
dist: 1.7351598641760753 vs. 1.7351598641760753
list:
dist: 0.9905434672908451 vs. 0.9905434672908451
list:
dist: 1.0945084451134366 vs. 1.0945084451134366
list:
dist: 1.541443939693642 vs. 1.541443939693642
list:
dist: 1.2054867525767212 vs. 1.2054867525767212
list:
dist: 1.008546780348951 vs. 1.008546780348951
list:
dist: 0.8960975110071542 vs. 0.8960975110071542
list:
dist: 1.4212439145920828 vs. 1.4212439145920828
list:
dist: 1.609624451228592 vs. 1.609624451228592
list:
dist: 1.302174731360927 vs. 1.302174731360927
list:
dist: 1.839342875575952 vs. 1.839342875575952
list:
dist: 1.6096030949473095 vs. 1.6096030949473095
list:
dist: 2.4433876852814844 vs. 2.4433876852814844
list:
dist: 2.5176094465684553 vs. 2.5176094465684553
list:
dist: 1.854218891700083 vs. 1.854218891700083
list:
dist: 1.9496871803096494 vs. 1.9496871803096494
list:
dist: 1.8769042669421563 vs. 1.8769042669421563
list:
dist: 2.763852114147585 vs. 2.763852114147585
list:
dist: 3.209122942837045 vs. 3.209122942837045
list:
dist: 2.335670141205925 vs. 2.335670141205925
list:
dist: 3.4779595943464057 vs. 3.4779595943464057
list:
dist: 3.252200752000557 vs. 3.252200752000557
list:
dist: 2.922472109210462 vs. 2.922472109210462
list:
dist: 1.0191712439842904 vs. 1.0191712439842904
list:
dist: 1.963464734990557 vs. 1.963464734990557
list:
dist: 2.554801856168331 vs. 2.554801856168331
list:
dist: 1.8799553525119435 vs. 1.8799553525119435
list:
dist: 2.0959461318596273 vs. 2.0959461318596273
list:
dist: 1.891152594822398 vs. 1.891152594822398
list:
dist: 1.008546780348951 vs. 1.008546780348951
list:
dist: 1.7894882188545864 vs. 1.7894882188545864
list:
dist: 0.31689937662150225 vs. 0.31689937662150225
list:
dist: 1.3205543174628775 vs. 1.3205543174628775
list:
dist: 1.765824376406415 vs. 1.765824376406415
list:
dist: 2.152871558780604 vs. 2.152871558780604
list:
dist: 1.6498831339501963 vs. 1.6498831339501963
list:
dist: 1.0715203565645093 vs. 1.0715203565645093
list:
dist: 1.9463283322812373 vs. 1.9463283322812373
list:
dist: 2.0486722080874427 vs. 2.0486722080874427
list:
dist: 1.3673743590165506 vs. 1.3673743590165506
list:
dist: 1.9158365059239948 vs. 1.9158365059239948
list:
dist: 2.406740094217184 vs. 2.406740094217184
list:
dist: 2.4591726285068103 vs. 2.4591726285068103
list:
dist: 3.134528863524173 vs. 3.134528863524173
list:
dist: 2.250963884670571 vs. 2.250963884670571
list:
dist: 3.059190962406354 vs. 3.059190962406354
list:
dist: 3.753451867183583 vs. 3.753451867183583
list:
dist: 2.224052756849388 vs. 2.224052756849388
list:
dist: 2.5270289617139525 vs. 2.5270289617139525
list:
dist: 2.0038815946868813 vs. 2.0038815946868813
list:
dist: 0.8240394423700066 vs. 0.8240394423700066
list:
dist: 1.2745491404083864 vs. 1.2745491404083864
list:
dist: 0.8550121366724999 vs. 0.8550121366724999
list:
dist: 1.8409214525540043 vs. 1.8409214525540043
list:
dist: 1.0945084451134366 vs. 1.0945084451134366
list:
dist: 1.24456893854691 vs. 1.24456893854691
list:
dist: 2.0959461318596273 vs. 2.0959461318596273
list:
dist: 1.97656207852761 vs. 1.97656207852761
list:
dist: 2.038127526958241 vs. 2.038127526958241
list:
dist: 1.9421987659738744 vs. 1.9421987659738744
list:
dist: 0.7236401361049429 vs. 0.7236401361049429
list:
dist: 2.4784407445804066 vs. 2.4784407445804066
list:
dist: 1.6646341076667575 vs. 1.6646341076667575
list:
dist: 2.5251012138845677 vs. 2.5251012138845677
list:
dist: 2.237491299813489 vs. 2.237491299813489
list:
dist: 3.26311966912676 vs. 3.26311966912676
list:
dist: 2.8781036653818006 vs. 2.8781036653818006
list:
dist: 2.322458274668354 vs. 2.322458274668354
list:
dist: 2.3781175413061812 vs. 2.3781175413061812
list:
dist: 1.7353345030673444 vs. 1.7353345030673444
list:
dist: 3.9956307374719833 vs. 3.9956307374719833
list:
dist: 3.3128928125987103 vs. 3.3128928125987103
list:
dist: 2.7676350918533053 vs. 2.7676350918533053
list:
dist: 3.579067437444368 vs. 3.579067437444368
list:
dist: 2.8334679541287335 vs. 2.8334679541287335
list:
dist: 2.939456689689842 vs. 2.939456689689842
list:
dist: 1.181596304949215 vs. 1.181596304949215
list:
dist: 2.500021381818519 vs. 2.500021381818519
list:
dist: 4.828964543559994 vs. 4.828964543559994
list:
dist: 2.500021381818519 vs. 2.500021381818519
list:
dist: 3.472271057418444 vs. 3.472271057418444
list:
dist: 4.187187158685741 vs. 4.187187158685741
list:
dist: 3.445340290186098 vs. 3.445340290186098
list:
dist: 1.8331867320823831 vs. 1.8331867320823831
list:
dist: 1.9482858261116978 vs. 1.9482858261116978
list:
dist: 1.8701973576871502 vs. 1.8701973576871502
list:
dist: 0.9768506706203507 vs. 0.9768506706203507
list:
dist: 0.6635082316751553 vs. 0.6635082316751553
list:
dist: 0.8240394423700066 vs. 0.8240394423700066
list:
dist: 1.5077812825164232 vs. 1.5077812825164232
list:
dist: 1.060108483355535 vs. 1.060108483355535
list:
dist: 1.5557373297876687 vs. 1.5557373297876687
list:
dist: 1.963464734990557 vs. 1.963464734990557
list:
dist: 1.743968658784935 vs. 1.743968658784935
list:
dist: 2.3298931981859523 vs. 2.3298931981859523
list:
dist: 2.467276149163913 vs. 2.467276149163913
list:
dist: 1.4202059763393944 vs. 1.4202059763393944
list:
dist: 2.7639513507308724 vs. 2.7639513507308724
list:
dist: 2.251586410758966 vs. 2.251586410758966
list:
dist: 2.117553437680497 vs. 2.117553437680497
list:
dist: 0.8958932111425353 vs. 0.8958932111425353
list:
dist: 2.261660822710897 vs. 2.261660822710897
list:
dist: 1.9482858261116978 vs. 1.9482858261116978
list:
dist: 2.7064297225210514 vs. 2.7064297225210514
list:
dist: 1.7331321447944779 vs. 1.7331321447944779
list:
dist: 2.5270289617139525 vs. 2.5270289617139525
list:
dist: 3.1339561084984164 vs. 3.1339561084984164
list:
dist: 2.450190708847018 vs. 2.450190708847018
list:
dist: 3.427293370272514 vs. 3.427293370272514
list:
dist: 2.922472109210462 vs. 2.922472109210462
list:
dist: 2.7399458623514885 vs. 2.7399458623514885
list:
dist: 3.8586561527229453 vs. 3.8586561527229453
list:
dist: 3.901702334440645 vs. 3.901702334440645
list:
dist: 3.224392606658478 vs. 3.224392606658478
list:
dist: 3.4534185381246485 vs. 3.4534185381246485
list:
dist: 3.080132393498817 vs. 3.080132393498817
list:
dist: 2.7399458623514885 vs. 2.7399458623514885
list:
dist: 1.0865184635665768 vs. 1.0865184635665768
list:
dist: 1.743968658784935 vs. 1.743968658784935
list:
dist: 2.3106537986330737 vs. 2.3106537986330737
list:
dist: 1.7373797574182586 vs. 1.7373797574182586
list:
dist: 1.97656207852761 vs. 1.97656207852761
list:
dist: 1.6373842129536698 vs. 1.6373842129536698
list:
dist: 0.8960975110071542 vs. 0.8960975110071542
list:
dist: 1.7003774757516321 vs. 1.7003774757516321
list:
dist: 0.31689937662150225 vs. 0.31689937662150225
list:
dist: 1.446031361276385 vs. 1.446031361276385
list:
dist: 1.9327860593963173 vs. 1.9327860593963173
list:
dist: 2.0894332467894925 vs. 2.0894332467894925
list:
dist: 1.9056191282380652 vs. 1.9056191282380652
list:
dist: 1.2303187414608738 vs. 1.2303187414608738
list:
dist: 2.2457471809030607 vs. 2.2457471809030607
list:
dist: 2.2997735607587844 vs. 2.2997735607587844
list:
dist: 1.6324099063190196 vs. 1.6324099063190196
list:
dist: 2.0360350047874043 vs. 2.0360350047874043
list:
dist: 2.4054371072010716 vs. 2.4054371072010716
list:
dist: 2.5888108179324547 vs. 2.5888108179324547
list:
dist: 3.307268834344443 vs. 3.307268834344443
list:
dist: 2.397498688363014 vs. 2.397498688363014
list:
dist: 3.309910352046743 vs. 3.309910352046743
list:
dist: 1.9779825944245935 vs. 1.9779825944245935
list:
dist: 2.0255730179425036 vs. 2.0255730179425036
list:
dist: 1.6096030949473095 vs. 1.6096030949473095
list:
dist: 1.6248730573174968 vs. 1.6248730573174968
list:
dist: 1.0715203565645093 vs. 1.0715203565645093
list:
dist: 1.2303187414608738 vs. 1.2303187414608738
list:
dist: 0.6562703834043058 vs. 0.6562703834043058
list:
dist: 1.4153208537109674 vs. 1.4153208537109674
list:
dist: 2.1843904688673623 vs. 2.1843904688673623
list:
dist: 1.943745273812927 vs. 1.943745273812927
list:
dist: 1.5086473238461882 vs. 1.5086473238461882
list:
dist: 1.2142265181193874 vs. 1.2142265181193874
list:
dist: 0.7799808585771986 vs. 0.7799808585771986
list:
dist: 1.0686609426022398 vs. 1.0686609426022398
list:
dist: 1.9789577903036641 vs. 1.9789577903036641
list:
dist: 1.3940430209750931 vs. 1.3940430209750931
list:
dist: 2.213274750481542 vs. 2.213274750481542
list:
dist: 1.3374886592519966 vs. 1.3374886592519966
list:
dist: 2.1822723639750237 vs. 2.1822723639750237
list:
dist: 4.828964543559994 vs. 4.828964543559994
list:
dist: 3.0536307491704124 vs. 3.0536307491704124
list:
dist: 1.6465920740077193 vs. 1.6465920740077193
list:
dist: 2.117553437680497 vs. 2.117553437680497
list:
dist: 3.445340290186098 vs. 3.445340290186098
list:
dist: 3.9738667553943454 vs. 3.9738667553943454
list:
dist: 3.2092820980377126 vs. 3.2092820980377126
list:
dist: 3.753451867183583 vs. 3.753451867183583
list:
dist: 3.2092820980377126 vs. 3.2092820980377126
list:
dist: 1.5950023082209914 vs. 1.5950023082209914
list:
dist: 1.7331321447944779 vs. 1.7331321447944779
list:
dist: 1.4733320766988023 vs. 1.4733320766988023
list:
dist: 0.6635082316751553 vs. 0.6635082316751553
list:
dist: 1.6085635938731655 vs. 1.6085635938731655
list:
dist: 0.8550121366724999 vs. 0.8550121366724999
list:
dist: 2.0418736932583132 vs. 2.0418736932583132
list:
dist: 0.9905434672908451 vs. 0.9905434672908451
list:
dist: 1.822140299972311 vs. 1.822140299972311
list:
dist: 1.8799553525119435 vs. 1.8799553525119435
list:
dist: 1.7373797574182586 vs. 1.7373797574182586
list:
dist: 2.341506334218138 vs. 2.341506334218138
list:
dist: 2.295190795132652 vs. 2.295190795132652
list:
dist: 1.5127530091413748 vs. 1.5127530091413748
list:
dist: 2.3207549907481457 vs. 2.3207549907481457
list:
dist: 2.395573201282803 vs. 2.395573201282803
list:
dist: 3.412472861803523 vs. 3.412472861803523
list:
dist: 3.929224275805895 vs. 3.929224275805895
list:
dist: 3.8586561527229453 vs. 3.8586561527229453
list:
dist: 2.0189356316485063 vs. 2.0189356316485063
list:
dist: 2.3298931981859523 vs. 2.3298931981859523
list:
dist: 2.5964169428644674 vs. 2.5964169428644674
list:
dist: 2.341506334218138 vs. 2.341506334218138
list:
dist: 2.038127526958241 vs. 2.038127526958241
list:
dist: 1.9813585260171804 vs. 1.9813585260171804
list:
dist: 1.4212439145920828 vs. 1.4212439145920828
list:
dist: 1.1844220750843315 vs. 1.1844220750843315
list:
dist: 1.3205543174628775 vs. 1.3205543174628775
list:
dist: 1.446031361276385 vs. 1.446031361276385
list:
dist: 0.8642941811528266 vs. 0.8642941811528266
list:
dist: 1.6390995926608865 vs. 1.6390995926608865
list:
dist: 1.8296262656098594 vs. 1.8296262656098594
list:
dist: 0.6562703834043058 vs. 0.6562703834043058
list:
dist: 1.5449202296073874 vs. 1.5449202296073874
list:
dist: 1.2589056364231068 vs. 1.2589056364231068
list:
dist: 0.8486159122598939 vs. 0.8486159122598939
list:
dist: 0.6016387908562252 vs. 0.6016387908562252
list:
dist: 1.3701889118541013 vs. 1.3701889118541013
list:
dist: 1.384066615135715 vs. 1.384066615135715
list:
dist: 1.8800032982794748 vs. 1.8800032982794748
list:
dist: 0.9649827156851094 vs. 0.9649827156851094
list:
dist: 2.1571090590933992 vs. 2.1571090590933992
list:
dist: 3.575048102615992 vs. 3.575048102615992
list:
dist: 3.4534185381246485 vs. 3.4534185381246485
list:
dist: 1.3553162232870883 vs. 1.3553162232870883
list:
dist: 2.7639513507308724 vs. 2.7639513507308724
list:
dist: 3.515896122095 vs. 3.515896122095
list:
dist: 2.3207549907481457 vs. 2.3207549907481457
list:
dist: 2.4784407445804066 vs. 2.4784407445804066
list:
dist: 3.2524261674925574 vs. 3.2524261674925574
list:
dist: 1.839342875575952 vs. 1.839342875575952
list:
dist: 2.543813900860243 vs. 2.543813900860243
list:
dist: 1.6498831339501963 vs. 1.6498831339501963
list:
dist: 1.9056191282380652 vs. 1.9056191282380652
list:
dist: 1.8296262656098594 vs. 1.8296262656098594
list:
dist: 1.4388265542024161 vs. 1.4388265542024161
list:
dist: 2.458327139556526 vs. 2.458327139556526
list:
dist: 1.943745273812927 vs. 1.943745273812927
list:
dist: 1.3218211210948592 vs. 1.3218211210948592
list:
dist: 1.9355152581371493 vs. 1.9355152581371493
list:
dist: 1.4039063020200544 vs. 1.4039063020200544
list:
dist: 2.2170261729847094 vs. 2.2170261729847094
list:
dist: 2.6904780154701102 vs. 2.6904780154701102
list:
dist: 2.9105706407621406 vs. 2.9105706407621406
list:
dist: 2.929868719050644 vs. 2.929868719050644
list:
dist: 2.3768876504611107 vs. 2.3768876504611107
list:
dist: 2.6959728490454653 vs. 2.6959728490454653
list:
dist: 3.3321920519045856 vs. 3.3321920519045856
list:
dist: 3.427293370272514 vs. 3.427293370272514
list:
dist: 2.2903358826721623 vs. 2.2903358826721623
list:
dist: 1.5557373297876687 vs. 1.5557373297876687
list:
dist: 1.5107015145921934 vs. 1.5107015145921934
list:
dist: 1.822140299972311 vs. 1.822140299972311
list:
dist: 1.24456893854691 vs. 1.24456893854691
list:
dist: 1.2542123593106793 vs. 1.2542123593106793
list:
dist: 1.2054867525767212 vs. 1.2054867525767212
list:
dist: 1.7894882188545864 vs. 1.7894882188545864
list:
dist: 1.7003774757516321 vs. 1.7003774757516321
list:
dist: 1.1844220750843315 vs. 1.1844220750843315
list:
dist: 1.5097765485785366 vs. 1.5097765485785366
list:
dist: 0.8115515282544653 vs. 0.8115515282544653
list:
dist: 2.543813900860243 vs. 2.543813900860243
list:
dist: 1.6248730573174968 vs. 1.6248730573174968
list:
dist: 2.6722440623339563 vs. 2.6722440623339563
list:
dist: 2.4190446371041947 vs. 2.4190446371041947
list:
dist: 2.003240108398058 vs. 2.003240108398058
list:
dist: 1.3762473092986127 vs. 1.3762473092986127
list:
dist: 0.8779681968903635 vs. 0.8779681968903635
list:
dist: 2.1705795680873248 vs. 2.1705795680873248
list:
dist: 2.575489426738551 vs. 2.575489426738551
list:
dist: 1.7510608739155018 vs. 1.7510608739155018
list:
dist: 3.2205573721434964 vs. 3.2205573721434964
list:
dist: 2.251586410758966 vs. 2.251586410758966
list:
dist: 2.1571808902971057 vs. 2.1571808902971057
list:
dist: 2.395573201282803 vs. 2.395573201282803
list:
dist: 1.6646341076667575 vs. 1.6646341076667575
list:
dist: 2.08147091568884 vs. 2.08147091568884
list:
dist: 1.8769042669421563 vs. 1.8769042669421563
list:
dist: 0.8779681968903635 vs. 0.8779681968903635
list:
dist: 2.406740094217184 vs. 2.406740094217184
list:
dist: 2.4054371072010716 vs. 2.4054371072010716
list:
dist: 1.3701889118541013 vs. 1.3701889118541013
list:
dist: 1.3445252923561037 vs. 1.3445252923561037
list:
dist: 0.9513264009283314 vs. 0.9513264009283314
list:
dist: 2.6904780154701102 vs. 2.6904780154701102
list:
dist: 1.9789577903036641 vs. 1.9789577903036641
list:
dist: 2.6502955283449072 vs. 2.6502955283449072
list:
dist: 2.3344402446721646 vs. 2.3344402446721646
list:
dist: 2.1203108360555984 vs. 2.1203108360555984
list:
dist: 1.20667408234596 vs. 1.20667408234596
list:
dist: 2.0338475287518962 vs. 2.0338475287518962
list:
dist: 2.0164298171944455 vs. 2.0164298171944455
list:
dist: 1.4309788321563628 vs. 1.4309788321563628
list:
dist: 2.916752652048378 vs. 2.916752652048378
list:
dist: 3.412472861803523 vs. 3.412472861803523
list:
dist: 2.9456720776680765 vs. 2.9456720776680765
list:
dist: 3.224392606658478 vs. 3.224392606658478
list:
dist: 2.304489089281481 vs. 2.304489089281481
list:
dist: 1.4202059763393944 vs. 1.4202059763393944
list:
dist: 1.541728222284088 vs. 1.541728222284088
list:
dist: 1.5127530091413748 vs. 1.5127530091413748
list:
dist: 0.7236401361049429 vs. 0.7236401361049429
list:
dist: 1.8495531597869428 vs. 1.8495531597869428
list:
dist: 1.302174731360927 vs. 1.302174731360927
list:
dist: 0.8115515282544653 vs. 0.8115515282544653
list:
dist: 2.152871558780604 vs. 2.152871558780604
list:
dist: 2.0894332467894925 vs. 2.0894332467894925
list:
dist: 1.6390995926608865 vs. 1.6390995926608865
list:
dist: 1.51592257988341 vs. 1.51592257988341
list:
dist: 2.458327139556526 vs. 2.458327139556526
list:
dist: 2.1843904688673623 vs. 2.1843904688673623
list:
dist: 2.871440264710635 vs. 2.871440264710635
list:
dist: 2.776886230216373 vs. 2.776886230216373
list:
dist: 2.331689538262751 vs. 2.331689538262751
list:
dist: 1.8087431445224125 vs. 1.8087431445224125
list:
dist: 0.9513264009283314 vs. 0.9513264009283314
list:
dist: 2.7426739492788736 vs. 2.7426739492788736
list:
dist: 2.81795892497648 vs. 2.81795892497648
list:
dist: 2.128541980549637 vs. 2.128541980549637
list:
dist: 3.525684176366077 vs. 3.525684176366077
list:
dist: 2.6717649769511778 vs. 2.6717649769511778
list:
dist: 3.154222198621227 vs. 3.154222198621227
list:
dist: 2.5176094465684553 vs. 2.5176094465684553
list:
dist: 2.4190446371041947 vs. 2.4190446371041947
list:
dist: 2.0486722080874427 vs. 2.0486722080874427
list:
dist: 2.2997735607587844 vs. 2.2997735607587844
list:
dist: 1.2589056364231068 vs. 1.2589056364231068
list:
dist: 1.4155702584357395 vs. 1.4155702584357395
list:
dist: 2.776886230216373 vs. 2.776886230216373
list:
dist: 1.9355152581371493 vs. 1.9355152581371493
list:
dist: 1.2142265181193874 vs. 1.2142265181193874
list:
dist: 0.7763770465903109 vs. 0.7763770465903109
list:
dist: 0.7187654186504724 vs. 0.7187654186504724
list:
dist: 1.1840400087076213 vs. 1.1840400087076213
list:
dist: 2.3344402446721646 vs. 2.3344402446721646
list:
dist: 1.2113125204722897 vs. 1.2113125204722897
list:
dist: 1.4727057677265951 vs. 1.4727057677265951
list:
dist: 1.0643003109350677 vs. 1.0643003109350677
list:
dist: 1.011032553456981 vs. 1.011032553456981
list:
dist: 2.2947505446561602 vs. 2.2947505446561602
list:
dist: 3.9738667553943454 vs. 3.9738667553943454
list:
dist: 2.5052693832170396 vs. 2.5052693832170396
list:
dist: 2.7064297225210514 vs. 2.7064297225210514
list:
dist: 2.7430395054580847 vs. 2.7430395054580847
list:
dist: 0.9768506706203507 vs. 0.9768506706203507
list:
dist: 1.6085635938731655 vs. 1.6085635938731655
list:
dist: 1.2745491404083864 vs. 1.2745491404083864
list:
dist: 1.2209330558936862 vs. 1.2209330558936862
list:
dist: 1.7351598641760753 vs. 1.7351598641760753
list:
dist: 1.5107015145921934 vs. 1.5107015145921934
list:
dist: 2.554801856168331 vs. 2.554801856168331
list:
dist: 2.3106537986330737 vs. 2.3106537986330737
list:
dist: 2.5964169428644674 vs. 2.5964169428644674
list:
dist: 2.8587947057341574 vs. 2.8587947057341574
list:
dist: 1.541728222284088 vs. 1.541728222284088
list:
dist: 3.515896122095 vs. 3.515896122095
list:
dist: 2.1571808902971057 vs. 2.1571808902971057
list:
dist: 3.8402423705706545 vs. 3.8402423705706545
list:
dist: 3.901702334440645 vs. 3.901702334440645
list:
dist: 2.0573216031668253 vs. 2.0573216031668253
list:
dist: 2.467276149163913 vs. 2.467276149163913
list:
dist: 2.8587947057341574 vs. 2.8587947057341574
list:
dist: 2.295190795132652 vs. 2.295190795132652
list:
dist: 1.9421987659738744 vs. 1.9421987659738744
list:
dist: 2.5811763666490526 vs. 2.5811763666490526
list:
dist: 1.609624451228592 vs. 1.609624451228592
list:
dist: 1.5097765485785366 vs. 1.5097765485785366
list:
dist: 1.765824376406415 vs. 1.765824376406415
list:
dist: 1.9327860593963173 vs. 1.9327860593963173
list:
dist: 0.8642941811528266 vs. 0.8642941811528266
list:
dist: 1.51592257988341 vs. 1.51592257988341
list:
dist: 1.4388265542024161 vs. 1.4388265542024161
list:
dist: 1.4153208537109674 vs. 1.4153208537109674
list:
dist: 1.419320383770382 vs. 1.419320383770382
list:
dist: 1.4155702584357395 vs. 1.4155702584357395
list:
dist: 1.073571999347021 vs. 1.073571999347021
list:
dist: 0.9780383964913553 vs. 0.9780383964913553
list:
dist: 1.3445252923561037 vs. 1.3445252923561037
list:
dist: 1.892466803593006 vs. 1.892466803593006
list:
dist: 1.7850842562761928 vs. 1.7850842562761928
list:
dist: 1.153526250081608 vs. 1.153526250081608
list:
dist: 2.1393829582352253 vs. 2.1393829582352253
list:
dist: 3.2451057141426842 vs. 3.2451057141426842
list:
dist: 3.1339561084984164 vs. 3.1339561084984164
list:
dist: 2.49679447117889 vs. 2.49679447117889
list:
dist: 1.5077812825164232 vs. 1.5077812825164232
list:
dist: 1.2209330558936862 vs. 1.2209330558936862
list:
dist: 2.0418736932583132 vs. 2.0418736932583132
list:
dist: 1.8409214525540043 vs. 1.8409214525540043
list:
dist: 1.541443939693642 vs. 1.541443939693642
list:
dist: 1.2542123593106793 vs. 1.2542123593106793
list:
dist: 1.891152594822398 vs. 1.891152594822398
list:
dist: 1.6373842129536698 vs. 1.6373842129536698
list:
dist: 1.9813585260171804 vs. 1.9813585260171804
list:
dist: 2.5811763666490526 vs. 2.5811763666490526
list:
dist: 1.8495531597869428 vs. 1.8495531597869428
list:
dist: 3.2524261674925574 vs. 3.2524261674925574
list:
dist: 2.0255730179425036 vs. 2.0255730179425036
list:
dist: 3.4173698669078085 vs. 3.4173698669078085
list:
dist: 3.154222198621227 vs. 3.154222198621227
list:
dist: 2.6775930586137897 vs. 2.6775930586137897
list:
dist: 2.3007232117895744 vs. 2.3007232117895744
list:
dist: 2.08147091568884 vs. 2.08147091568884
list:
dist: 2.7813750179385575 vs. 2.7813750179385575
list:
dist: 3.5740601273254695 vs. 3.5740601273254695
list:
dist: 2.6846939982833624 vs. 2.6846939982833624
list:
dist: 4.040610108893719 vs. 4.040610108893719
list:
dist: 2.5889725108075763 vs. 2.5889725108075763
list:
dist: 2.261660822710897 vs. 2.261660822710897
list:
dist: 1.8701973576871502 vs. 1.8701973576871502
list:
dist: 2.7430395054580847 vs. 2.7430395054580847
list:
dist: 1.4733320766988023 vs. 1.4733320766988023
list:
dist: 2.0038815946868813 vs. 2.0038815946868813
list:
dist: 2.49679447117889 vs. 2.49679447117889
list:
dist: 1.1344861379334823 vs. 1.1344861379334823
list:
dist: 2.2903358826721623 vs. 2.2903358826721623
list:
dist: 1.0191712439842904 vs. 1.0191712439842904
list:
dist: 1.0865184635665768 vs. 1.0865184635665768
list:
dist: 2.0189356316485063 vs. 2.0189356316485063
list:
dist: 2.0573216031668253 vs. 2.0573216031668253
list:
dist: 2.304489089281481 vs. 2.304489089281481
list:
dist: 1.3553162232870883 vs. 1.3553162232870883
list:
dist: 1.9779825944245935 vs. 1.9779825944245935
list:
dist: 2.297943322893826 vs. 2.297943322893826
list:
dist: 2.6717649769511778 vs. 2.6717649769511778
list:
dist: 1.9594003557175 vs. 1.9594003557175
list:
dist: 2.5972499186589646 vs. 2.5972499186589646
list:
dist: 2.6846939982833624 vs. 2.6846939982833624
list:
dist: 2.335670141205925 vs. 2.335670141205925
list:
dist: 1.7510608739155018 vs. 1.7510608739155018
list:
dist: 2.250963884670571 vs. 2.250963884670571
list:
dist: 2.397498688363014 vs. 2.397498688363014
list:
dist: 0.9649827156851094 vs. 0.9649827156851094
list:
dist: 1.153526250081608 vs. 1.153526250081608
list:
dist: 2.128541980549637 vs. 2.128541980549637
list:
dist: 2.3768876504611107 vs. 2.3768876504611107
list:
dist: 1.3374886592519966 vs. 1.3374886592519966
list:
dist: 1.6502252472140475 vs. 1.6502252472140475
list:
dist: 1.0643003109350677 vs. 1.0643003109350677
list:
dist: 1.2535244623276278 vs. 1.2535244623276278
list:
dist: 0.4072465140601264 vs. 0.4072465140601264
list:
dist: 1.4309788321563628 vs. 1.4309788321563628
list:
dist: 0.8314640813483392 vs. 0.8314640813483392
list:
dist: 0.9372497983393105 vs. 0.9372497983393105
list:
dist: 1.536726658510698 vs. 1.536726658510698
list:
dist: 2.1718790725680823 vs. 2.1718790725680823
list:
dist: 3.5740601273254695 vs. 3.5740601273254695
list:
dist: 3.209122942837045 vs. 3.209122942837045
list:
dist: 2.575489426738551 vs. 2.575489426738551
list:
dist: 3.134528863524173 vs. 3.134528863524173
list:
dist: 3.307268834344443 vs. 3.307268834344443
list:
dist: 1.8800032982794748 vs. 1.8800032982794748
list:
dist: 1.7850842562761928 vs. 1.7850842562761928
list:
dist: 2.81795892497648 vs. 2.81795892497648
list:
dist: 2.929868719050644 vs. 2.929868719050644
list:
dist: 2.213274750481542 vs. 2.213274750481542
list:
dist: 2.029453368804844 vs. 2.029453368804844
list:
dist: 1.4727057677265951 vs. 1.4727057677265951
list:
dist: 1.9490177930049852 vs. 1.9490177930049852
list:
dist: 1.33349877741784 vs. 1.33349877741784
list:
dist: 2.0164298171944455 vs. 2.0164298171944455
list:
dist: 1.2767011507077124 vs. 1.2767011507077124
list:
dist: 0.9372497983393105 vs. 0.9372497983393105
list:
dist: 1.2512012230375136 vs. 1.2512012230375136
list:
dist: 1.6236553257170134 vs. 1.6236553257170134
list:
dist: 2.297943322893826 vs. 2.297943322893826
list:
dist: 3.4173698669078085 vs. 3.4173698669078085
list:
dist: 2.4433876852814844 vs. 2.4433876852814844
list:
dist: 2.6722440623339563 vs. 2.6722440623339563
list:
dist: 1.9463283322812373 vs. 1.9463283322812373
list:
dist: 2.2457471809030607 vs. 2.2457471809030607
list:
dist: 1.5449202296073874 vs. 1.5449202296073874
list:
dist: 1.419320383770382 vs. 1.419320383770382
list:
dist: 2.871440264710635 vs. 2.871440264710635
list:
dist: 1.3218211210948592 vs. 1.3218211210948592
list:
dist: 1.5086473238461882 vs. 1.5086473238461882
list:
dist: 0.7763770465903109 vs. 0.7763770465903109
list:
dist: 0.7505464921545998 vs. 0.7505464921545998
list:
dist: 1.6790941307221947 vs. 1.6790941307221947
list:
dist: 2.6502955283449072 vs. 2.6502955283449072
list:
dist: 1.9692017023337107 vs. 1.9692017023337107
list:
dist: 2.029453368804844 vs. 2.029453368804844
list:
dist: 1.6502252472140475 vs. 1.6502252472140475
list:
dist: 1.439367156580103 vs. 1.439367156580103
list:
dist: 2.972044288745204 vs. 2.972044288745204
list:
dist: 4.040610108893719 vs. 4.040610108893719
list:
dist: 3.4779595943464057 vs. 3.4779595943464057
list:
dist: 3.2205573721434964 vs. 3.2205573721434964
list:
dist: 3.059190962406354 vs. 3.059190962406354
list:
dist: 3.309910352046743 vs. 3.309910352046743
list:
dist: 2.1571090590933992 vs. 2.1571090590933992
list:
dist: 2.1393829582352253 vs. 2.1393829582352253
list:
dist: 3.525684176366077 vs. 3.525684176366077
list:
dist: 2.6959728490454653 vs. 2.6959728490454653
list:
dist: 2.1822723639750237 vs. 2.1822723639750237
list:
dist: 1.439367156580103 vs. 1.439367156580103
list:
dist: 1.011032553456981 vs. 1.011032553456981
list:
dist: 1.713215029525656 vs. 1.713215029525656
list:
dist: 1.8584904150822488 vs. 1.8584904150822488
list:
dist: 2.916752652048378 vs. 2.916752652048378
list:
dist: 1.5462107340352675 vs. 1.5462107340352675
list:
dist: 1.2512012230375136 vs. 1.2512012230375136
list:
dist: 1.536726658510698 vs. 1.536726658510698
list:
dist: 1.6496199694824711 vs. 1.6496199694824711
list:
dist: 2.7813750179385575 vs. 2.7813750179385575
list:
dist: 2.763852114147585 vs. 2.763852114147585
list:
dist: 2.1705795680873248 vs. 2.1705795680873248
list:
dist: 2.4591726285068103 vs. 2.4591726285068103
list:
dist: 2.5888108179324547 vs. 2.5888108179324547
list:
dist: 1.384066615135715 vs. 1.384066615135715
list:
dist: 1.892466803593006 vs. 1.892466803593006
list:
dist: 2.7426739492788736 vs. 2.7426739492788736
list:
dist: 2.9105706407621406 vs. 2.9105706407621406
list:
dist: 1.3940430209750931 vs. 1.3940430209750931
list:
dist: 1.9692017023337107 vs. 1.9692017023337107
list:
dist: 1.2113125204722897 vs. 1.2113125204722897
list:
dist: 1.556285212245716 vs. 1.556285212245716
list:
dist: 0.9932530146219553 vs. 0.9932530146219553
list:
dist: 2.0338475287518962 vs. 2.0338475287518962
list:
dist: 1.2767011507077124 vs. 1.2767011507077124
list:
dist: 0.8314640813483392 vs. 0.8314640813483392
list:
dist: 1.5462107340352675 vs. 1.5462107340352675
list:
dist: 4.187187158685741 vs. 4.187187158685741
list:
dist: 1.7428419840979064 vs. 1.7428419840979064
list:
dist: 3.0536307491704124 vs. 3.0536307491704124
list:
dist: 2.972044288745204 vs. 2.972044288745204
list:
dist: 2.2947505446561602 vs. 2.2947505446561602
list:
dist: 2.9517316790047796 vs. 2.9517316790047796
list:
dist: 2.531612366249183 vs. 2.531612366249183
list:
dist: 1.7428419840979064 vs. 1.7428419840979064
list:
dist: 1.6236553257170134 vs. 1.6236553257170134
list:
dist: 2.1718790725680823 vs. 2.1718790725680823
list:
dist: 1.6496199694824711 vs. 1.6496199694824711
list:
dist: 1.9594003557175 vs. 1.9594003557175
list:
dist: 2.6775930586137897 vs. 2.6775930586137897
list:
dist: 1.854218891700083 vs. 1.854218891700083
list:
dist: 2.003240108398058 vs. 2.003240108398058
list:
dist: 1.3673743590165506 vs. 1.3673743590165506
list:
dist: 1.6324099063190196 vs. 1.6324099063190196
list:
dist: 0.8486159122598939 vs. 0.8486159122598939
list:
dist: 1.073571999347021 vs. 1.073571999347021
list:
dist: 2.331689538262751 vs. 2.331689538262751
list:
dist: 1.4039063020200544 vs. 1.4039063020200544
list:
dist: 0.7799808585771986 vs. 0.7799808585771986
list:
dist: 0.7505464921545998 vs. 0.7505464921545998
list:
dist: 0.7187654186504724 vs. 0.7187654186504724
list:
dist: 1.130476413070049 vs. 1.130476413070049
list:
dist: 2.1203108360555984 vs. 2.1203108360555984
list:
dist: 1.556285212245716 vs. 1.556285212245716
list:
dist: 1.9490177930049852 vs. 1.9490177930049852
list:
dist: 1.2535244623276278 vs. 1.2535244623276278
list:
dist: 1.713215029525656 vs. 1.713215029525656
list:
dist: 2.9517316790047796 vs. 2.9517316790047796
list:
dist: 2.5972499186589646 vs. 2.5972499186589646
list:
dist: 2.3007232117895744 vs. 2.3007232117895744
list:
dist: 1.9496871803096494 vs. 1.9496871803096494
list:
dist: 1.3762473092986127 vs. 1.3762473092986127
list:
dist: 1.9158365059239948 vs. 1.9158365059239948
list:
dist: 2.0360350047874043 vs. 2.0360350047874043
list:
dist: 0.6016387908562252 vs. 0.6016387908562252
list:
dist: 0.9780383964913553 vs. 0.9780383964913553
list:
dist: 1.8087431445224125 vs. 1.8087431445224125
list:
dist: 2.2170261729847094 vs. 2.2170261729847094
list:
dist: 1.0686609426022398 vs. 1.0686609426022398
list:
dist: 1.6790941307221947 vs. 1.6790941307221947
list:
dist: 1.1840400087076213 vs. 1.1840400087076213
list:
dist: 1.130476413070049 vs. 1.130476413070049
list:
dist: 1.20667408234596 vs. 1.20667408234596
list:
dist: 0.9932530146219553 vs. 0.9932530146219553
list:
dist: 1.33349877741784 vs. 1.33349877741784
list:
dist: 0.4072465140601264 vs. 0.4072465140601264
list:
dist: 1.8584904150822488 vs. 1.8584904150822488
list:
dist: 2.531612366249183 vs. 2.531612366249183
list:
dist: 3.9602599693346066 vs. 3.9602599693346066
list:
dist: 2.393320214808813 vs. 2.393320214808813
list:
dist: 2.8624501889646092 vs. 2.8624501889646092
list:
dist: 2.3135939020759304 vs. 2.3135939020759304
list:
dist: 2.0796659743423622 vs. 2.0796659743423622
list:
dist: 1.7424686576251394 vs. 1.7424686576251394
list:
dist: 2.6946205350780303 vs. 2.6946205350780303
list:
dist: 1.725653477249581 vs. 1.725653477249581
list:
dist: 2.8674152251405527 vs. 2.8674152251405527
list:
dist: 2.294654378186375 vs. 2.294654378186375
list:
dist: 2.9579572755895924 vs. 2.9579572755895924
list:
dist: 4.034439932219673 vs. 4.034439932219673
list:
dist: 2.634694238678893 vs. 2.634694238678893
list:
dist: 1.0500740269437003 vs. 1.0500740269437003
list:
dist: 1.518363870776168 vs. 1.518363870776168
list:
dist: 1.489673043772044 vs. 1.489673043772044
list:
dist: 1.4578668240305175 vs. 1.4578668240305175
list:
dist: 1.747426525278801 vs. 1.747426525278801
list:
dist: 1.154493114062447 vs. 1.154493114062447
list:
dist: 1.0788034932362631 vs. 1.0788034932362631
list:
dist: 1.3215540545501254 vs. 1.3215540545501254
list:
dist: 1.0782300830904399 vs. 1.0782300830904399
list:
dist: 1.4479739724829093 vs. 1.4479739724829093
list:
dist: 1.7973525315518601 vs. 1.7973525315518601
list:
dist: 2.2368487253280347 vs. 2.2368487253280347
list:
dist: 2.856633586723938 vs. 2.856633586723938
list:
dist: 1.7496270820034492 vs. 1.7496270820034492
list:
dist: 1.1100020652717184 vs. 1.1100020652717184
list:
dist: 1.631505713538319 vs. 1.631505713538319
list:
dist: 2.656073092021435 vs. 2.656073092021435
list:
dist: 2.9705579653537084 vs. 2.9705579653537084
list:
dist: 2.162351283386013 vs. 2.162351283386013
list:
dist: 3.5258916586447215 vs. 3.5258916586447215
list:
dist: 3.0253773040695484 vs. 3.0253773040695484
list:
dist: 2.5666017634500173 vs. 2.5666017634500173
list:
dist: 2.001705145051133 vs. 2.001705145051133
list:
dist: 3.2162906043039454 vs. 3.2162906043039454
list:
dist: 1.5537719077670722 vs. 1.5537719077670722
list:
dist: 3.2386310524078854 vs. 3.2386310524078854
list:
dist: 3.267175597130288 vs. 3.267175597130288
list:
dist: 3.8646807692624963 vs. 3.8646807692624963
list:
dist: 2.64658957364999 vs. 2.64658957364999
list:
dist: 2.9648819875035035 vs. 2.9648819875035035
list:
dist: 3.4156447803084484 vs. 3.4156447803084484
list:
dist: 2.9267068543538604 vs. 2.9267068543538604
list:
dist: 3.9602599693346066 vs. 3.9602599693346066
list:
dist: 4.898146242332679 vs. 4.898146242332679
list:
dist: 4.958670566787275 vs. 4.958670566787275
list:
dist: 3.6875001212386214 vs. 3.6875001212386214
list:
dist: 2.9648819875035035 vs. 2.9648819875035035
list:
dist: 1.6450434902904714 vs. 1.6450434902904714
list:
dist: 2.9956498259306183 vs. 2.9956498259306183
list:
dist: 2.5652532293968897 vs. 2.5652532293968897
list:
dist: 1.8159073688505531 vs. 1.8159073688505531
list:
dist: 2.382831694901937 vs. 2.382831694901937
list:
dist: 1.1747444789535304 vs. 1.1747444789535304
list:
dist: 1.7190056777808196 vs. 1.7190056777808196
list:
dist: 1.0519530227417142 vs. 1.0519530227417142
list:
dist: 1.6254425659897054 vs. 1.6254425659897054
list:
dist: 2.8582287260435884 vs. 2.8582287260435884
list:
dist: 2.84060779358015 vs. 2.84060779358015
list:
dist: 1.0422484389479543 vs. 1.0422484389479543
list:
dist: 1.9416442047982052 vs. 1.9416442047982052
list:
dist: 1.3824856710379583 vs. 1.3824856710379583
list:
dist: 1.0230555244761916 vs. 1.0230555244761916
list:
dist: 1.3526481720799617 vs. 1.3526481720799617
list:
dist: 1.4578668240305175 vs. 1.4578668240305175
list:
dist: 2.451580558253192 vs. 2.451580558253192
list:
dist: 2.229739053610711 vs. 2.229739053610711
list:
dist: 2.0357100666972956 vs. 2.0357100666972956
list:
dist: 1.7901934751166595 vs. 1.7901934751166595
list:
dist: 2.1290308485930556 vs. 2.1290308485930556
list:
dist: 1.1333565883518832 vs. 1.1333565883518832
list:
dist: 1.646550032163597 vs. 1.646550032163597
list:
dist: 1.5537719077670722 vs. 1.5537719077670722
list:
dist: 1.9528840885893506 vs. 1.9528840885893506
list:
dist: 3.4790502223618645 vs. 3.4790502223618645
list:
dist: 3.249819300899573 vs. 3.249819300899573
list:
dist: 2.871350877451555 vs. 2.871350877451555
list:
dist: 4.236650460199272 vs. 4.236650460199272
list:
dist: 2.56457569071379 vs. 2.56457569071379
list:
dist: 1.5905273467280812 vs. 1.5905273467280812
list:
dist: 1.8408944194496435 vs. 1.8408944194496435
list:
dist: 2.455564485522462 vs. 2.455564485522462
list:
dist: 3.2286393805255194 vs. 3.2286393805255194
list:
dist: 3.095303740241675 vs. 3.095303740241675
list:
dist: 3.522445875324556 vs. 3.522445875324556
list:
dist: 2.8192029906738374 vs. 2.8192029906738374
list:
dist: 2.8582287260435884 vs. 2.8582287260435884
list:
dist: 3.5762171652123618 vs. 3.5762171652123618
list:
dist: 3.249537708227687 vs. 3.249537708227687
list:
dist: 4.034439932219673 vs. 4.034439932219673
list:
dist: 5.097922156220277 vs. 5.097922156220277
list:
dist: 5.070272665445114 vs. 5.070272665445114
list:
dist: 3.9817116925076097 vs. 3.9817116925076097
list:
dist: 3.6010163375683466 vs. 3.6010163375683466
list:
dist: 3.8005508809006336 vs. 3.8005508809006336
list:
dist: 3.3812403069699752 vs. 3.3812403069699752
list:
dist: 4.377915863685009 vs. 4.377915863685009
list:
dist: 2.162351283386013 vs. 2.162351283386013
list:
dist: 0.9547124203505682 vs. 0.9547124203505682
list:
dist: 1.303453097955276 vs. 1.303453097955276
list:
dist: 1.5297394999422573 vs. 1.5297394999422573
list:
dist: 1.4014956221659394 vs. 1.4014956221659394
list:
dist: 2.8235056960333242 vs. 2.8235056960333242
list:
dist: 2.0288271177348953 vs. 2.0288271177348953
list:
dist: 2.5958876113776075 vs. 2.5958876113776075
list:
dist: 1.602563517803696 vs. 1.602563517803696
list:
dist: 3.1162606189500357 vs. 3.1162606189500357
list:
dist: 2.871350877451555 vs. 2.871350877451555
list:
dist: 2.1216160681870706 vs. 2.1216160681870706
list:
dist: 1.7792907672423517 vs. 1.7792907672423517
list:
dist: 2.430809032027779 vs. 2.430809032027779
list:
dist: 0.9778131374900434 vs. 0.9778131374900434
list:
dist: 1.8159073688505531 vs. 1.8159073688505531
list:
dist: 2.2129028817363205 vs. 2.2129028817363205
list:
dist: 0.9494596006021457 vs. 0.9494596006021457
list:
dist: 2.0796659743423622 vs. 2.0796659743423622
list:
dist: 2.859896447270452 vs. 2.859896447270452
list:
dist: 3.127308452553841 vs. 3.127308452553841
list:
dist: 1.6280068777731052 vs. 1.6280068777731052
list:
dist: 2.6576608629901255 vs. 2.6576608629901255
list:
dist: 3.5833864352044977 vs. 3.5833864352044977
list:
dist: 1.631505713538319 vs. 1.631505713538319
list:
dist: 1.8176701461784617 vs. 1.8176701461784617
list:
dist: 1.665288821285055 vs. 1.665288821285055
list:
dist: 0.9547124203505682 vs. 0.9547124203505682
list:
dist: 2.28877254724373 vs. 2.28877254724373
list:
dist: 1.5624352453895565 vs. 1.5624352453895565
list:
dist: 1.7625574373875252 vs. 1.7625574373875252
list:
dist: 0.9384956261794223 vs. 0.9384956261794223
list:
dist: 2.5114624013152893 vs. 2.5114624013152893
list:
dist: 1.9528840885893506 vs. 1.9528840885893506
list:
dist: 1.9933655977069509 vs. 1.9933655977069509
list:
dist: 1.670454022051528 vs. 1.670454022051528
list:
dist: 2.2852262628013205 vs. 2.2852262628013205
list:
dist: 1.026995438801037 vs. 1.026995438801037
list:
dist: 1.6450434902904714 vs. 1.6450434902904714
list:
dist: 2.343350755457232 vs. 2.343350755457232
list:
dist: 1.3822512888240723 vs. 1.3822512888240723
list:
dist: 2.393320214808813 vs. 2.393320214808813
list:
dist: 3.3715423781973435 vs. 3.3715423781973435
list:
dist: 3.5243156690072004 vs. 3.5243156690072004
list:
dist: 2.1393767639133094 vs. 2.1393767639133094
list:
dist: 2.5666017634500173 vs. 2.5666017634500173
list:
dist: 1.7625574373875252 vs. 1.7625574373875252
list:
dist: 3.4663819091270747 vs. 3.4663819091270747
list:
dist: 2.855390346806619 vs. 2.855390346806619
list:
dist: 2.5958876113776075 vs. 2.5958876113776075
list:
dist: 3.668489428016062 vs. 3.668489428016062
list:
dist: 1.2717879692115635 vs. 1.2717879692115635
list:
dist: 1.1435007787077103 vs. 1.1435007787077103
list:
dist: 1.287977271951196 vs. 1.287977271951196
list:
dist: 1.5905273467280812 vs. 1.5905273467280812
list:
dist: 2.7941169508057544 vs. 2.7941169508057544
list:
dist: 1.9039078591401113 vs. 1.9039078591401113
list:
dist: 2.3146761852667264 vs. 2.3146761852667264
list:
dist: 2.085209736369731 vs. 2.085209736369731
list:
dist: 1.7190056777808196 vs. 1.7190056777808196
list:
dist: 2.6107060059683223 vs. 2.6107060059683223
list:
dist: 2.4761246420397787 vs. 2.4761246420397787
list:
dist: 2.8674152251405527 vs. 2.8674152251405527
list:
dist: 3.938003546249212 vs. 3.938003546249212
list:
dist: 3.8240433749131046 vs. 3.8240433749131046
list:
dist: 3.124744101024851 vs. 3.124744101024851
list:
dist: 2.014586818658403 vs. 2.014586818658403
list:
dist: 2.31694486876906 vs. 2.31694486876906
list:
dist: 1.8732937144167063 vs. 1.8732937144167063
list:
dist: 2.967893603398859 vs. 2.967893603398859
list:
dist: 3.2162906043039454 vs. 3.2162906043039454
list:
dist: 2.5114624013152893 vs. 2.5114624013152893
list:
dist: 4.255824282318127 vs. 4.255824282318127
list:
dist: 3.760903300144025 vs. 3.760903300144025
list:
dist: 3.1162606189500357 vs. 3.1162606189500357
list:
dist: 3.9757663269566694 vs. 3.9757663269566694
list:
dist: 1.9285151117104862 vs. 1.9285151117104862
list:
dist: 1.287977271951196 vs. 1.287977271951196
list:
dist: 1.5844590940354952 vs. 1.5844590940354952
list:
dist: 2.455564485522462 vs. 2.455564485522462
list:
dist: 3.8323629638946124 vs. 3.8323629638946124
list:
dist: 2.319297141774073 vs. 2.319297141774073
list:
dist: 2.9325842818710313 vs. 2.9325842818710313
list:
dist: 2.7147533991905637 vs. 2.7147533991905637
list:
dist: 1.6254425659897054 vs. 1.6254425659897054
list:
dist: 2.0986332001307186 vs. 2.0986332001307186
list:
dist: 2.8879601843755545 vs. 2.8879601843755545
list:
dist: 2.9579572755895924 vs. 2.9579572755895924
list:
dist: 3.9144177640812576 vs. 3.9144177640812576
list:
dist: 3.492004607748087 vs. 3.492004607748087
list:
dist: 3.575361187252108 vs. 3.575361187252108
list:
dist: 1.73565541691879 vs. 1.73565541691879
list:
dist: 1.4968993281139602 vs. 1.4968993281139602
list:
dist: 1.5088774354511256 vs. 1.5088774354511256
list:
dist: 2.673435811808446 vs. 2.673435811808446
list:
dist: 3.5258916586447215 vs. 3.5258916586447215
list:
dist: 2.28877254724373 vs. 2.28877254724373
list:
dist: 1.7591421604463093 vs. 1.7591421604463093
list:
dist: 1.9907405593555174 vs. 1.9907405593555174
list:
dist: 1.4014956221659394 vs. 1.4014956221659394
list:
dist: 1.78399497378739 vs. 1.78399497378739
list:
dist: 2.731115017172843 vs. 2.731115017172843
list:
dist: 3.668489428016062 vs. 3.668489428016062
list:
dist: 2.7218579192967094 vs. 2.7218579192967094
list:
dist: 3.9757663269566694 vs. 3.9757663269566694
list:
dist: 4.236650460199272 vs. 4.236650460199272
list:
dist: 2.6381524108090204 vs. 2.6381524108090204
list:
dist: 2.1567607546188956 vs. 2.1567607546188956
list:
dist: 2.6467712733337403 vs. 2.6467712733337403
list:
dist: 1.6830468466727262 vs. 1.6830468466727262
list:
dist: 2.382831694901937 vs. 2.382831694901937
list:
dist: 2.432714669542846 vs. 2.432714669542846
list:
dist: 1.224846079954837 vs. 1.224846079954837
list:
dist: 1.7424686576251394 vs. 1.7424686576251394
list:
dist: 1.9692255549065683 vs. 1.9692255549065683
list:
dist: 2.4772768059855648 vs. 2.4772768059855648
list:
dist: 1.1540325271286436 vs. 1.1540325271286436
list:
dist: 1.4906930462916117 vs. 1.4906930462916117
list:
dist: 2.5992967917034266 vs. 2.5992967917034266
list:
dist: 2.9267068543538604 vs. 2.9267068543538604
list:
dist: 1.3822512888240723 vs. 1.3822512888240723
list:
dist: 1.819663277456292 vs. 1.819663277456292
list:
dist: 1.479276678349253 vs. 1.479276678349253
list:
dist: 0.9494596006021457 vs. 0.9494596006021457
list:
dist: 1.224846079954837 vs. 1.224846079954837
list:
dist: 2.5173773429995596 vs. 2.5173773429995596
list:
dist: 1.5140041408617946 vs. 1.5140041408617946
list:
dist: 2.4761246420397787 vs. 2.4761246420397787
list:
dist: 1.6534703298249782 vs. 1.6534703298249782
list:
dist: 2.8879601843755545 vs. 2.8879601843755545
list:
dist: 3.249537708227687 vs. 3.249537708227687
list:
dist: 1.9740949821224205 vs. 1.9740949821224205
list:
dist: 1.0071948573371872 vs. 1.0071948573371872
list:
dist: 1.6722238387494217 vs. 1.6722238387494217
list:
dist: 0.5496004171716815 vs. 0.5496004171716815
list:
dist: 1.3526481720799617 vs. 1.3526481720799617
list:
dist: 1.8546422057640768 vs. 1.8546422057640768
list:
dist: 1.154493114062447 vs. 1.154493114062447
list:
dist: 2.017918788722592 vs. 2.017918788722592
list:
dist: 2.328899552044338 vs. 2.328899552044338
list:
dist: 0.8745427165791756 vs. 0.8745427165791756
list:
dist: 1.9588997099161787 vs. 1.9588997099161787
list:
dist: 2.7295497388058876 vs. 2.7295497388058876
list:
dist: 2.7420889542982305 vs. 2.7420889542982305
list:
dist: 3.3358535636624866 vs. 3.3358535636624866
list:
dist: 2.1991487333516084 vs. 2.1991487333516084
list:
dist: 2.1241061312976375 vs. 2.1241061312976375
list:
dist: 1.3607998071981209 vs. 1.3607998071981209
list:
dist: 1.8732937144167063 vs. 1.8732937144167063
list:
dist: 1.8878724151335426 vs. 1.8878724151335426
list:
dist: 1.5088774354511256 vs. 1.5088774354511256
list:
dist: 3.3812403069699752 vs. 3.3812403069699752
list:
dist: 3.2944279011756423 vs. 3.2944279011756423
list:
dist: 1.396725130199793 vs. 1.396725130199793
list:
dist: 1.8902296191631571 vs. 1.8902296191631571
list:
dist: 2.1693478088430496 vs. 2.1693478088430496
list:
dist: 1.1333565883518832 vs. 1.1333565883518832
list:
dist: 1.6941607466128654 vs. 1.6941607466128654
list:
dist: 2.1991487333516084 vs. 2.1991487333516084
list:
dist: 1.7496270820034492 vs. 1.7496270820034492
list:
dist: 2.603366272384075 vs. 2.603366272384075
list:
dist: 2.2323680963095245 vs. 2.2323680963095245
list:
dist: 2.594264117928001 vs. 2.594264117928001
list:
dist: 0.7063309988450611 vs. 0.7063309988450611
list:
dist: 1.1560395132848853 vs. 1.1560395132848853
list:
dist: 1.2435692361755162 vs. 1.2435692361755162
list:
dist: 2.9918300574481025 vs. 2.9918300574481025
list:
dist: 2.74491080758498 vs. 2.74491080758498
list:
dist: 2.6576608629901255 vs. 2.6576608629901255
list:
dist: 1.4906930462916117 vs. 1.4906930462916117
list:
dist: 1.7452335543996502 vs. 1.7452335543996502
list:
dist: 3.1853401634585143 vs. 3.1853401634585143
list:
dist: 2.360241031494263 vs. 2.360241031494263
list:
dist: 2.554116362562551 vs. 2.554116362562551
list:
dist: 2.415977267163016 vs. 2.415977267163016
list:
dist: 1.9588997099161787 vs. 1.9588997099161787
list:
dist: 1.4479739724829093 vs. 1.4479739724829093
list:
dist: 0.8028556950233935 vs. 0.8028556950233935
list:
dist: 1.6658184123580555 vs. 1.6658184123580555
list:
dist: 1.3526788739853037 vs. 1.3526788739853037
list:
dist: 1.1517158425454102 vs. 1.1517158425454102
list:
dist: 2.2288101645927485 vs. 2.2288101645927485
list:
dist: 2.9705579653537084 vs. 2.9705579653537084
list:
dist: 1.665288821285055 vs. 1.665288821285055
list:
dist: 1.1613703698392595 vs. 1.1613703698392595
list:
dist: 1.5297394999422573 vs. 1.5297394999422573
list:
dist: 1.9907405593555174 vs. 1.9907405593555174
list:
dist: 2.3336611319522373 vs. 2.3336611319522373
list:
dist: 2.0140793595801054 vs. 2.0140793595801054
list:
dist: 2.855390346806619 vs. 2.855390346806619
list:
dist: 2.3839303911305647 vs. 2.3839303911305647
list:
dist: 3.760903300144025 vs. 3.760903300144025
list:
dist: 3.249819300899573 vs. 3.249819300899573
list:
dist: 0.6963134847554004 vs. 0.6963134847554004
list:
dist: 1.838647084976092 vs. 1.838647084976092
list:
dist: 1.823861293407309 vs. 1.823861293407309
list:
dist: 1.190685364191849 vs. 1.190685364191849
list:
dist: 2.5652532293968897 vs. 2.5652532293968897
list:
dist: 3.2872082513789014 vs. 3.2872082513789014
list:
dist: 1.479276678349253 vs. 1.479276678349253
list:
dist: 2.3135939020759304 vs. 2.3135939020759304
list:
dist: 3.022563730067343 vs. 3.022563730067343
list:
dist: 3.597600530135663 vs. 3.597600530135663
list:
dist: 1.4523035725720124 vs. 1.4523035725720124
list:
dist: 2.74491080758498 vs. 2.74491080758498
list:
dist: 3.4689896221541177 vs. 3.4689896221541177
list:
dist: 2.3215268921336154 vs. 2.3215268921336154
list:
dist: 2.31694486876906 vs. 2.31694486876906
list:
dist: 2.672971874146447 vs. 2.672971874146447
list:
dist: 1.4968993281139602 vs. 1.4968993281139602
list:
dist: 3.8005508809006336 vs. 3.8005508809006336
list:
dist: 4.300142341485688 vs. 4.300142341485688
list:
dist: 2.524891203077859 vs. 2.524891203077859
list:
dist: 2.8788873683651675 vs. 2.8788873683651675
list:
dist: 3.271857445225855 vs. 3.271857445225855
list:
dist: 2.1290308485930556 vs. 2.1290308485930556
list:
dist: 2.4500978789354866 vs. 2.4500978789354866
list:
dist: 3.3358535636624866 vs. 3.3358535636624866
list:
dist: 2.856633586723938 vs. 2.856633586723938
list:
dist: 3.573814084251867 vs. 3.573814084251867
list:
dist: 3.0226468062643193 vs. 3.0226468062643193
list:
dist: 3.7461378890893773 vs. 3.7461378890893773
list:
dist: 0.9300622471210146 vs. 0.9300622471210146
list:
dist: 1.1560395132848853 vs. 1.1560395132848853
list:
dist: 2.072181001347827 vs. 2.072181001347827
list:
dist: 3.6875001212386214 vs. 3.6875001212386214
list:
dist: 2.1393767639133094 vs. 2.1393767639133094
list:
dist: 1.9541159329871534 vs. 1.9541159329871534
list:
dist: 1.4523035725720124 vs. 1.4523035725720124
list:
dist: 1.6280068777731052 vs. 1.6280068777731052
list:
dist: 1.1540325271286436 vs. 1.1540325271286436
list:
dist: 1.803110617433944 vs. 1.803110617433944
list:
dist: 1.962758422057946 vs. 1.962758422057946
list:
dist: 3.124744101024851 vs. 3.124744101024851
list:
dist: 2.469917509231653 vs. 2.469917509231653
list:
dist: 3.575361187252108 vs. 3.575361187252108
list:
dist: 3.9817116925076097 vs. 3.9817116925076097
list:
dist: 1.8991109172341682 vs. 1.8991109172341682
list:
dist: 1.3492931731084123 vs. 1.3492931731084123
list:
dist: 1.5585815498753408 vs. 1.5585815498753408
list:
dist: 1.164563899289938 vs. 1.164563899289938
list:
dist: 2.0357100666972956 vs. 2.0357100666972956
list:
dist: 2.464140514039618 vs. 2.464140514039618
list:
dist: 0.8745427165791756 vs. 0.8745427165791756
list:
dist: 1.0782300830904399 vs. 1.0782300830904399
list:
dist: 1.5814973057566624 vs. 1.5814973057566624
list:
dist: 2.225906918323918 vs. 2.225906918323918
list:
dist: 1.3526788739853037 vs. 1.3526788739853037
list:
dist: 2.1069774279736477 vs. 2.1069774279736477
list:
dist: 3.0324865857799526 vs. 3.0324865857799526
list:
dist: 3.7461378890893773 vs. 3.7461378890893773
list:
dist: 2.594264117928001 vs. 2.594264117928001
list:
dist: 2.1711402611756223 vs. 2.1711402611756223
list:
dist: 3.9715364755195597 vs. 3.9715364755195597
list:
dist: 3.4689896221541177 vs. 3.4689896221541177
list:
dist: 3.5833864352044977 vs. 3.5833864352044977
list:
dist: 2.5992967917034266 vs. 2.5992967917034266
list:
dist: 2.5475317057829208 vs. 2.5475317057829208
list:
dist: 3.7358472717493827 vs. 3.7358472717493827
list:
dist: 2.7264046168794867 vs. 2.7264046168794867
list:
dist: 2.6856406620636095 vs. 2.6856406620636095
list:
dist: 3.0996351725966322 vs. 3.0996351725966322
list:
dist: 2.7295497388058876 vs. 2.7295497388058876
list:
dist: 1.7973525315518601 vs. 1.7973525315518601
list:
dist: 0.8565405849356719 vs. 0.8565405849356719
list:
dist: 1.555208812896989 vs. 1.555208812896989
list:
dist: 2.1069774279736477 vs. 2.1069774279736477
list:
dist: 1.1517158425454102 vs. 1.1517158425454102
list:
dist: 2.0523796775345775 vs. 2.0523796775345775
list:
dist: 2.035902299231881 vs. 2.035902299231881
list:
dist: 2.967893603398859 vs. 2.967893603398859
list:
dist: 2.658842359277725 vs. 2.658842359277725
list:
dist: 2.673435811808446 vs. 2.673435811808446
list:
dist: 4.377915863685009 vs. 4.377915863685009
list:
dist: 3.4799746512804988 vs. 3.4799746512804988
list:
dist: 1.60359646724751 vs. 1.60359646724751
list:
dist: 1.9729294485719677 vs. 1.9729294485719677
list:
dist: 2.348929338836866 vs. 2.348929338836866
list:
dist: 1.646550032163597 vs. 1.646550032163597
list:
dist: 1.757924211157703 vs. 1.757924211157703
list:
dist: 2.1241061312976375 vs. 2.1241061312976375
list:
dist: 1.1100020652717184 vs. 1.1100020652717184
list:
dist: 1.514572656246118 vs. 1.514572656246118
list:
dist: 1.0861146664454624 vs. 1.0861146664454624
list:
dist: 2.1711402611756223 vs. 2.1711402611756223
list:
dist: 2.2288101645927485 vs. 2.2288101645927485
list:
dist: 2.0523796775345775 vs. 2.0523796775345775
list:
dist: 1.614940725439533 vs. 1.614940725439533
list:
dist: 2.072181001347827 vs. 2.072181001347827
list:
dist: 1.2435692361755162 vs. 1.2435692361755162
list:
dist: 3.267175597130288 vs. 3.267175597130288
list:
dist: 1.670454022051528 vs. 1.670454022051528
list:
dist: 2.5935070951870935 vs. 2.5935070951870935
list:
dist: 1.838647084976092 vs. 1.838647084976092
list:
dist: 1.7792907672423517 vs. 1.7792907672423517
list:
dist: 2.1567607546188956 vs. 2.1567607546188956
list:
dist: 3.1384870718675084 vs. 3.1384870718675084
list:
dist: 0.6947309037330781 vs. 0.6947309037330781
list:
dist: 1.9039078591401113 vs. 1.9039078591401113
list:
dist: 1.5284865908305916 vs. 1.5284865908305916
list:
dist: 2.319297141774073 vs. 2.319297141774073
list:
dist: 3.095303740241675 vs. 3.095303740241675
list:
dist: 2.00330075522638 vs. 2.00330075522638
list:
dist: 0.9339661570499509 vs. 0.9339661570499509
list:
dist: 0.8869884324433676 vs. 0.8869884324433676
list:
dist: 1.0422484389479543 vs. 1.0422484389479543
list:
dist: 1.897771263220227 vs. 1.897771263220227
list:
dist: 1.0071948573371872 vs. 1.0071948573371872
list:
dist: 1.0500740269437003 vs. 1.0500740269437003
list:
dist: 2.1084377354288018 vs. 2.1084377354288018
list:
dist: 2.262910649581241 vs. 2.262910649581241
list:
dist: 1.3492931731084123 vs. 1.3492931731084123
list:
dist: 2.360241031494263 vs. 2.360241031494263
list:
dist: 2.7264046168794867 vs. 2.7264046168794867
list:
dist: 1.809352638180236 vs. 1.809352638180236
list:
dist: 2.524891203077859 vs. 2.524891203077859
list:
dist: 1.396725130199793 vs. 1.396725130199793
list:
dist: 1.60359646724751 vs. 1.60359646724751
list:
dist: 2.001705145051133 vs. 2.001705145051133
list:
dist: 0.9384956261794223 vs. 0.9384956261794223
list:
dist: 2.70269469816385 vs. 2.70269469816385
list:
dist: 2.3839303911305647 vs. 2.3839303911305647
list:
dist: 1.602563517803696 vs. 1.602563517803696
list:
dist: 2.7218579192967094 vs. 2.7218579192967094
list:
dist: 1.2665460608358619 vs. 1.2665460608358619
list:
dist: 1.1435007787077103 vs. 1.1435007787077103
list:
dist: 1.5844590940354952 vs. 1.5844590940354952
list:
dist: 1.8408944194496435 vs. 1.8408944194496435
list:
dist: 2.6073491567603115 vs. 2.6073491567603115
list:
dist: 1.5284865908305916 vs. 1.5284865908305916
list:
dist: 2.289021752051545 vs. 2.289021752051545
list:
dist: 1.3946346080911731 vs. 1.3946346080911731
list:
dist: 1.0519530227417142 vs. 1.0519530227417142
list:
dist: 1.8113392760509253 vs. 1.8113392760509253
list:
dist: 1.6534703298249782 vs. 1.6534703298249782
list:
dist: 2.294654378186375 vs. 2.294654378186375
list:
dist: 3.3364552794257802 vs. 3.3364552794257802
list:
dist: 3.246554022719811 vs. 3.246554022719811
list:
dist: 2.469917509231653 vs. 2.469917509231653
list:
dist: 2.3720810760358177 vs. 2.3720810760358177
list:
dist: 2.672971874146447 vs. 2.672971874146447
list:
dist: 1.8878724151335426 vs. 1.8878724151335426
list:
dist: 2.658842359277725 vs. 2.658842359277725
list:
dist: 3.2386310524078854 vs. 3.2386310524078854
list:
dist: 1.9933655977069509 vs. 1.9933655977069509
list:
dist: 1.769608427576596 vs. 1.769608427576596
list:
dist: 0.6963134847554004 vs. 0.6963134847554004
list:
dist: 2.1216160681870706 vs. 2.1216160681870706
list:
dist: 2.6381524108090204 vs. 2.6381524108090204
list:
dist: 2.7685112263500913 vs. 2.7685112263500913
list:
dist: 2.012748882605382 vs. 2.012748882605382
list:
dist: 2.7941169508057544 vs. 2.7941169508057544
list:
dist: 2.6073491567603115 vs. 2.6073491567603115
list:
dist: 3.8323629638946124 vs. 3.8323629638946124
list:
dist: 3.2286393805255194 vs. 3.2286393805255194
list:
dist: 2.00330075522638 vs. 2.00330075522638
list:
dist: 1.7058436438096296 vs. 1.7058436438096296
list:
dist: 1.5810541152790951 vs. 1.5810541152790951
list:
dist: 2.84060779358015 vs. 2.84060779358015
list:
dist: 3.686702417938145 vs. 3.686702417938145
list:
dist: 1.9740949821224205 vs. 1.9740949821224205
list:
dist: 2.634694238678893 vs. 2.634694238678893
list:
dist: 3.376523878338626 vs. 3.376523878338626
list:
dist: 3.945076593167281 vs. 3.945076593167281
list:
dist: 1.8991109172341682 vs. 1.8991109172341682
list:
dist: 3.1853401634585143 vs. 3.1853401634585143
list:
dist: 3.7358472717493827 vs. 3.7358472717493827
list:
dist: 3.493199172029071 vs. 3.493199172029071
list:
dist: 4.300142341485688 vs. 4.300142341485688
list:
dist: 3.2944279011756423 vs. 3.2944279011756423
list:
dist: 3.4799746512804988 vs. 3.4799746512804988
list:
dist: 3.0253773040695484 vs. 3.0253773040695484
list:
dist: 1.5624352453895565 vs. 1.5624352453895565
list:
dist: 2.8264249951276157 vs. 2.8264249951276157
list:
dist: 2.0140793595801054 vs. 2.0140793595801054
list:
dist: 2.0288271177348953 vs. 2.0288271177348953
list:
dist: 2.731115017172843 vs. 2.731115017172843
list:
dist: 1.2717879692115635 vs. 1.2717879692115635
list:
dist: 1.2665460608358619 vs. 1.2665460608358619
list:
dist: 1.9285151117104862 vs. 1.9285151117104862
list:
dist: 2.56457569071379 vs. 2.56457569071379
list:
dist: 2.012748882605382 vs. 2.012748882605382
list:
dist: 0.6947309037330781 vs. 0.6947309037330781
list:
dist: 1.1069824707934428 vs. 1.1069824707934428
list:
dist: 1.1709126600698976 vs. 1.1709126600698976
list:
dist: 1.1747444789535304 vs. 1.1747444789535304
list:
dist: 2.186565106440794 vs. 2.186565106440794
list:
dist: 1.5140041408617946 vs. 1.5140041408617946
list:
dist: 1.725653477249581 vs. 1.725653477249581
list:
dist: 2.7823049123380614 vs. 2.7823049123380614
list:
dist: 2.850068914852381 vs. 2.850068914852381
list:
dist: 1.962758422057946 vs. 1.962758422057946
list:
dist: 1.6252424170992756 vs. 1.6252424170992756
list:
dist: 2.3215268921336154 vs. 2.3215268921336154
list:
dist: 1.3607998071981209 vs. 1.3607998071981209
list:
dist: 2.035902299231881 vs. 2.035902299231881
list:
dist: 2.327332464738877 vs. 2.327332464738877
list:
dist: 2.3336611319522373 vs. 2.3336611319522373
list:
dist: 2.8235056960333242 vs. 2.8235056960333242
list:
dist: 1.78399497378739 vs. 1.78399497378739
list:
dist: 2.7685112263500913 vs. 2.7685112263500913
list:
dist: 3.1384870718675084 vs. 3.1384870718675084
list:
dist: 3.0887210422032125 vs. 3.0887210422032125
list:
dist: 2.7806650011754375 vs. 2.7806650011754375
list:
dist: 2.5173773429995596 vs. 2.5173773429995596
list:
dist: 2.6946205350780303 vs. 2.6946205350780303
list:
dist: 2.48479781869468 vs. 2.48479781869468
list:
dist: 3.379226072583564 vs. 3.379226072583564
list:
dist: 1.803110617433944 vs. 1.803110617433944
list:
dist: 1.7452335543996502 vs. 1.7452335543996502
list:
dist: 2.5475317057829208 vs. 2.5475317057829208
list:
dist: 1.6252424170992756 vs. 1.6252424170992756
list:
dist: 2.014586818658403 vs. 2.014586818658403
list:
dist: 2.3720810760358177 vs. 2.3720810760358177
list:
dist: 1.73565541691879 vs. 1.73565541691879
list:
dist: 3.6010163375683466 vs. 3.6010163375683466
list:
dist: 3.493199172029071 vs. 3.493199172029071
list:
dist: 1.809352638180236 vs. 1.809352638180236
list:
dist: 1.9891658132552101 vs. 1.9891658132552101
list:
dist: 2.63409907844552 vs. 2.63409907844552
list:
dist: 1.7901934751166595 vs. 1.7901934751166595
list:
dist: 2.3931236464790016 vs. 2.3931236464790016
list:
dist: 2.7420889542982305 vs. 2.7420889542982305
list:
dist: 2.2368487253280347 vs. 2.2368487253280347
list:
dist: 3.0177440082079445 vs. 3.0177440082079445
list:
dist: 2.689079842774491 vs. 2.689079842774491
list:
dist: 3.0324865857799526 vs. 3.0324865857799526
list:
dist: 0.9300622471210146 vs. 0.9300622471210146
list:
dist: 0.7063309988450611 vs. 0.7063309988450611
list:
dist: 1.614940725439533 vs. 1.614940725439533
list:
dist: 2.64658957364999 vs. 2.64658957364999
list:
dist: 1.026995438801037 vs. 1.026995438801037
list:
dist: 1.7406672837116584 vs. 1.7406672837116584
list:
dist: 1.190685364191849 vs. 1.190685364191849
list:
dist: 0.9778131374900434 vs. 0.9778131374900434
list:
dist: 1.6830468466727262 vs. 1.6830468466727262
list:
dist: 2.7806650011754375 vs. 2.7806650011754375
list:
dist: 1.1709126600698976 vs. 1.1709126600698976
list:
dist: 2.085209736369731 vs. 2.085209736369731
list:
dist: 1.3946346080911731 vs. 1.3946346080911731
list:
dist: 2.7147533991905637 vs. 2.7147533991905637
list:
dist: 2.8192029906738374 vs. 2.8192029906738374
list:
dist: 1.5810541152790951 vs. 1.5810541152790951
list:
dist: 0.8869884324433676 vs. 0.8869884324433676
list:
dist: 1.4618275654615212 vs. 1.4618275654615212
list:
dist: 1.3824856710379583 vs. 1.3824856710379583
list:
dist: 2.124908900828126 vs. 2.124908900828126
list:
dist: 0.5496004171716815 vs. 0.5496004171716815
list:
dist: 1.489673043772044 vs. 1.489673043772044
list:
dist: 2.4445229900191463 vs. 2.4445229900191463
list:
dist: 2.745751950170408 vs. 2.745751950170408
list:
dist: 1.164563899289938 vs. 1.164563899289938
list:
dist: 2.415977267163016 vs. 2.415977267163016
list:
dist: 3.0996351725966322 vs. 3.0996351725966322
list:
dist: 2.63409907844552 vs. 2.63409907844552
list:
dist: 3.271857445225855 vs. 3.271857445225855
list:
dist: 2.1693478088430496 vs. 2.1693478088430496
list:
dist: 2.348929338836866 vs. 2.348929338836866
list:
dist: 2.656073092021435 vs. 2.656073092021435
list:
dist: 1.8176701461784617 vs. 1.8176701461784617
list:
dist: 1.1613703698392595 vs. 1.1613703698392595
list:
dist: 1.303453097955276 vs. 1.303453097955276
list:
dist: 1.7591421604463093 vs. 1.7591421604463093
list:
dist: 2.327332464738877 vs. 2.327332464738877
list:
dist: 2.8264249951276157 vs. 2.8264249951276157
list:
dist: 3.4663819091270747 vs. 3.4663819091270747
list:
dist: 2.70269469816385 vs. 2.70269469816385
list:
dist: 4.255824282318127 vs. 4.255824282318127
list:
dist: 3.4790502223618645 vs. 3.4790502223618645
list:
dist: 1.769608427576596 vs. 1.769608427576596
list:
dist: 2.5935070951870935 vs. 2.5935070951870935
list:
dist: 2.86092974416853 vs. 2.86092974416853
list:
dist: 1.7406672837116584 vs. 1.7406672837116584
list:
dist: 2.9956498259306183 vs. 2.9956498259306183
list:
dist: 3.4671484598489952 vs. 3.4671484598489952
list:
dist: 1.819663277456292 vs. 1.819663277456292
list:
dist: 2.8624501889646092 vs. 2.8624501889646092
list:
dist: 3.442961394072413 vs. 3.442961394072413
list:
dist: 3.98979795532991 vs. 3.98979795532991
list:
dist: 1.9541159329871534 vs. 1.9541159329871534
list:
dist: 2.9918300574481025 vs. 2.9918300574481025
list:
dist: 3.9715364755195597 vs. 3.9715364755195597
list:
dist: 3.8646807692624963 vs. 3.8646807692624963
list:
dist: 2.2852262628013205 vs. 2.2852262628013205
list:
dist: 2.86092974416853 vs. 2.86092974416853
list:
dist: 1.823861293407309 vs. 1.823861293407309
list:
dist: 2.430809032027779 vs. 2.430809032027779
list:
dist: 2.6467712733337403 vs. 2.6467712733337403
list:
dist: 3.0887210422032125 vs. 3.0887210422032125
list:
dist: 1.1069824707934428 vs. 1.1069824707934428
list:
dist: 2.3146761852667264 vs. 2.3146761852667264
list:
dist: 2.289021752051545 vs. 2.289021752051545
list:
dist: 2.9325842818710313 vs. 2.9325842818710313
list:
dist: 3.522445875324556 vs. 3.522445875324556
list:
dist: 1.7058436438096296 vs. 1.7058436438096296
list:
dist: 0.9339661570499509 vs. 0.9339661570499509
list:
dist: 1.4618275654615212 vs. 1.4618275654615212
list:
dist: 1.9416442047982052 vs. 1.9416442047982052
list:
dist: 2.7865256753544685 vs. 2.7865256753544685
list:
dist: 1.6722238387494217 vs. 1.6722238387494217
list:
dist: 1.518363870776168 vs. 1.518363870776168
list:
dist: 2.3319690972916436 vs. 2.3319690972916436
list:
dist: 2.690630529240532 vs. 2.690630529240532
list:
dist: 1.5585815498753408 vs. 1.5585815498753408
list:
dist: 2.554116362562551 vs. 2.554116362562551
list:
dist: 2.6856406620636095 vs. 2.6856406620636095
list:
dist: 1.9891658132552101 vs. 1.9891658132552101
list:
dist: 2.8788873683651675 vs. 2.8788873683651675
list:
dist: 1.8902296191631571 vs. 1.8902296191631571
list:
dist: 1.9729294485719677 vs. 1.9729294485719677
list:
dist: 4.898146242332679 vs. 4.898146242332679
list:
dist: 3.3715423781973435 vs. 3.3715423781973435
list:
dist: 3.442961394072413 vs. 3.442961394072413
list:
dist: 3.022563730067343 vs. 3.022563730067343
list:
dist: 2.859896447270452 vs. 2.859896447270452
list:
dist: 1.9692255549065683 vs. 1.9692255549065683
list:
dist: 2.48479781869468 vs. 2.48479781869468
list:
dist: 2.7823049123380614 vs. 2.7823049123380614
list:
dist: 3.938003546249212 vs. 3.938003546249212
list:
dist: 3.3364552794257802 vs. 3.3364552794257802
list:
dist: 3.9144177640812576 vs. 3.9144177640812576
list:
dist: 5.097922156220277 vs. 5.097922156220277
list:
dist: 3.376523878338626 vs. 3.376523878338626
list:
dist: 2.1084377354288018 vs. 2.1084377354288018
list:
dist: 2.3319690972916436 vs. 2.3319690972916436
list:
dist: 2.4445229900191463 vs. 2.4445229900191463
list:
dist: 2.451580558253192 vs. 2.451580558253192
list:
dist: 2.4035672748944084 vs. 2.4035672748944084
list:
dist: 2.017918788722592 vs. 2.017918788722592
list:
dist: 1.0788034932362631 vs. 1.0788034932362631
list:
dist: 0.9562239519296172 vs. 0.9562239519296172
list:
dist: 1.5814973057566624 vs. 1.5814973057566624
list:
dist: 0.8028556950233935 vs. 0.8028556950233935
list:
dist: 0.8565405849356719 vs. 0.8565405849356719
list:
dist: 3.0177440082079445 vs. 3.0177440082079445
list:
dist: 3.573814084251867 vs. 3.573814084251867
list:
dist: 2.603366272384075 vs. 2.603366272384075
list:
dist: 1.514572656246118 vs. 1.514572656246118
list:
dist: 4.958670566787275 vs. 4.958670566787275
list:
dist: 3.5243156690072004 vs. 3.5243156690072004
list:
dist: 3.98979795532991 vs. 3.98979795532991
list:
dist: 3.597600530135663 vs. 3.597600530135663
list:
dist: 3.127308452553841 vs. 3.127308452553841
list:
dist: 2.4772768059855648 vs. 2.4772768059855648
list:
dist: 3.379226072583564 vs. 3.379226072583564
list:
dist: 2.850068914852381 vs. 2.850068914852381
list:
dist: 3.8240433749131046 vs. 3.8240433749131046
list:
dist: 3.246554022719811 vs. 3.246554022719811
list:
dist: 3.492004607748087 vs. 3.492004607748087
list:
dist: 5.070272665445114 vs. 5.070272665445114
list:
dist: 3.945076593167281 vs. 3.945076593167281
list:
dist: 2.262910649581241 vs. 2.262910649581241
list:
dist: 2.690630529240532 vs. 2.690630529240532
list:
dist: 2.745751950170408 vs. 2.745751950170408
list:
dist: 2.229739053610711 vs. 2.229739053610711
list:
dist: 1.9089241617878068 vs. 1.9089241617878068
list:
dist: 2.328899552044338 vs. 2.328899552044338
list:
dist: 1.3215540545501254 vs. 1.3215540545501254
list:
dist: 0.9562239519296172 vs. 0.9562239519296172
list:
dist: 2.225906918323918 vs. 2.225906918323918
list:
dist: 1.6658184123580555 vs. 1.6658184123580555
list:
dist: 1.555208812896989 vs. 1.555208812896989
list:
dist: 2.689079842774491 vs. 2.689079842774491
list:
dist: 3.0226468062643193 vs. 3.0226468062643193
list:
dist: 2.2323680963095245 vs. 2.2323680963095245
list:
dist: 1.0861146664454624 vs. 1.0861146664454624
list:
dist: 3.4156447803084484 vs. 3.4156447803084484
list:
dist: 2.343350755457232 vs. 2.343350755457232
list:
dist: 3.4671484598489952 vs. 3.4671484598489952
list:
dist: 3.2872082513789014 vs. 3.2872082513789014
list:
dist: 2.2129028817363205 vs. 2.2129028817363205
list:
dist: 2.432714669542846 vs. 2.432714669542846
list:
dist: 2.186565106440794 vs. 2.186565106440794
list:
dist: 2.6107060059683223 vs. 2.6107060059683223
list:
dist: 1.8113392760509253 vs. 1.8113392760509253
list:
dist: 2.0986332001307186 vs. 2.0986332001307186
list:
dist: 3.5762171652123618 vs. 3.5762171652123618
list:
dist: 3.686702417938145 vs. 3.686702417938145
list:
dist: 1.897771263220227 vs. 1.897771263220227
list:
dist: 2.7865256753544685 vs. 2.7865256753544685
list:
dist: 2.124908900828126 vs. 2.124908900828126
list:
dist: 1.0230555244761916 vs. 1.0230555244761916
list:
dist: 1.8546422057640768 vs. 1.8546422057640768
list:
dist: 1.747426525278801 vs. 1.747426525278801
list:
dist: 2.4035672748944084 vs. 2.4035672748944084
list:
dist: 1.9089241617878068 vs. 1.9089241617878068
list:
dist: 2.464140514039618 vs. 2.464140514039618
list:
dist: 2.3931236464790016 vs. 2.3931236464790016
list:
dist: 2.4500978789354866 vs. 2.4500978789354866
list:
dist: 1.6941607466128654 vs. 1.6941607466128654
list:
dist: 1.757924211157703 vs. 1.757924211157703
800
rk
<OccurredElementalReaction>
	 elmtlRkId: 1
	 p(id,type,coords) 45 2 4.263168912068154 8.748517931048546 6.553949423897271
</OccurredElementalReaction>
900
Neighbor List consistency Check...
--------
nle(id0,id1,dist): 5 6 1.9936226979311191
list:
dist: 1.9936226979311191 vs. 1.9936226979311191
--------
nle(id0,id1,dist): 5 8 2.26826519596588
list:
dist: 2.26826519596588 vs. 2.26826519596588
--------
nle(id0,id1,dist): 5 10 2.1269437736119987
list:
dist: 2.1269437736119987 vs. 2.1269437736119987
--------
nle(id0,id1,dist): 4 11 0.736970904618851
list:
dist: 0.736970904618851 vs. 0.736970904618851
--------
nle(id0,id1,dist): 4 12 2.0093685729931408
list:
dist: 2.0093685729931408 vs. 2.0093685729931408
--------
nle(id0,id1,dist): 4 9 2.331687384874409
list:
dist: 2.331687384874409 vs. 2.331687384874409
--------
nle(id0,id1,dist): 4 7 2.0496172437073197
list:
dist: 2.0496172437073197 vs. 2.0496172437073197
--------
nle(id0,id1,dist): 4 18 1.2970121749809542
list:
dist: 1.2970121749809542 vs. 1.2970121749809542
--------
nle(id0,id1,dist): 4 17 1.5441565146665297
list:
dist: 1.5441565146665297 vs. 1.5441565146665297
--------
nle(id0,id1,dist): 4 16 1.944323215974097
list:
dist: 1.944323215974097 vs. 1.944323215974097
--------
nle(id0,id1,dist): 6 27 3.032441745028597
list:
dist: 3.032441745028597 vs. 3.032441745028597
--------
nle(id0,id1,dist): 7 9 0.5746857675587511
list:
dist: 0.5746857675587511 vs. 0.5746857675587511
--------
nle(id0,id1,dist): 7 8 3.249999012340588
list:
dist: 3.249999012340588 vs. 3.249999012340588
--------
nle(id0,id1,dist): 7 11 1.7804924562888191
list:
dist: 1.7804924562888191 vs. 1.7804924562888191
--------
nle(id0,id1,dist): 7 10 2.5235813243659067
list:
dist: 2.5235813243659067 vs. 2.5235813243659067
--------
nle(id0,id1,dist): 7 13 2.5181786004065745
list:
dist: 2.5181786004065745 vs. 2.5181786004065745
--------
nle(id0,id1,dist): 7 12 2.627203511160958
list:
dist: 2.627203511160958 vs. 2.627203511160958
--------
nle(id0,id1,dist): 6 14 3.1128310795896135
list:
dist: 3.1128310795896135 vs. 3.1128310795896135
--------
nle(id0,id1,dist): 6 17 3.2469256372333826
list:
dist: 3.2469256372333826 vs. 3.2469256372333826
--------
nle(id0,id1,dist): 6 10 1.4333850967874882
list:
dist: 1.4333850967874882 vs. 1.4333850967874882
--------
nle(id0,id1,dist): 6 8 1.0838914144526368
list:
dist: 1.0838914144526368 vs. 1.0838914144526368
--------
nle(id0,id1,dist): 6 7 2.6489857654275526
list:
dist: 2.6489857654275526 vs. 2.6489857654275526
--------
nle(id0,id1,dist): 8 14 4.043233206902274
list:
dist: 4.043233206902274 vs. 4.043233206902274
--------
nle(id0,id1,dist): 8 10 1.916730920932565
list:
dist: 1.916730920932565 vs. 1.916730920932565
--------
nle(id0,id1,dist): 8 17 3.721897380920176
list:
dist: 3.721897380920176 vs. 3.721897380920176
--------
nle(id0,id1,dist): 8 27 3.7998495244428816
list:
dist: 3.7998495244428816 vs. 3.7998495244428816
--------
nle(id0,id1,dist): 7 21 1.822343215403519
list:
dist: 1.822343215403519 vs. 1.822343215403519
--------
nle(id0,id1,dist): 7 18 1.2875225533487529
list:
dist: 1.2875225533487529 vs. 1.2875225533487529
--------
nle(id0,id1,dist): 7 17 1.4146749174929663
list:
dist: 1.4146749174929663 vs. 1.4146749174929663
--------
nle(id0,id1,dist): 7 16 1.307673735850055
list:
dist: 1.307673735850055 vs. 1.307673735850055
--------
nle(id0,id1,dist): 7 15 2.1552840279226557
list:
dist: 2.1552840279226557 vs. 2.1552840279226557
--------
nle(id0,id1,dist): 7 14 1.8483366749614378
list:
dist: 1.8483366749614378 vs. 1.8483366749614378
--------
nle(id0,id1,dist): 7 27 2.431793195208148
list:
dist: 2.431793195208148 vs. 2.431793195208148
--------
nle(id0,id1,dist): 10 14 2.63673677514657
list:
dist: 2.63673677514657 vs. 2.63673677514657
--------
nle(id0,id1,dist): 10 17 3.639663185531895
list:
dist: 3.639663185531895 vs. 3.639663185531895
--------
nle(id0,id1,dist): 10 24 3.004374036704726
list:
dist: 3.004374036704726 vs. 3.004374036704726
--------
nle(id0,id1,dist): 10 27 1.9763533518990288
list:
dist: 1.9763533518990288 vs. 1.9763533518990288
--------
nle(id0,id1,dist): 9 11 2.17711242895622
list:
dist: 2.17711242895622 vs. 2.17711242895622
--------
nle(id0,id1,dist): 9 15 1.6612296869609815
list:
dist: 1.6612296869609815 vs. 1.6612296869609815
--------
nle(id0,id1,dist): 9 14 1.6321327142003055
list:
dist: 1.6321327142003055 vs. 1.6321327142003055
--------
nle(id0,id1,dist): 9 13 1.9762750099482633
list:
dist: 1.9762750099482633 vs. 1.9762750099482633
--------
nle(id0,id1,dist): 9 12 2.7104113932637484
list:
dist: 2.7104113932637484 vs. 2.7104113932637484
--------
nle(id0,id1,dist): 9 19 2.2794601771358063
list:
dist: 2.2794601771358063 vs. 2.2794601771358063
--------
nle(id0,id1,dist): 9 18 1.494427013064467
list:
dist: 1.494427013064467 vs. 1.494427013064467
--------
nle(id0,id1,dist): 9 17 1.8936511132149685
list:
dist: 1.8936511132149685 vs. 1.8936511132149685
--------
nle(id0,id1,dist): 9 16 1.0281398573663307
list:
dist: 1.0281398573663307 vs. 1.0281398573663307
--------
nle(id0,id1,dist): 9 21 1.4162578194696878
list:
dist: 1.4162578194696878 vs. 1.4162578194696878
--------
nle(id0,id1,dist): 9 27 2.0951311563078767
list:
dist: 2.0951311563078767 vs. 2.0951311563078767
--------
nle(id0,id1,dist): 12 18 1.3902112350877243
list:
dist: 1.3902112350877243 vs. 1.3902112350877243
--------
nle(id0,id1,dist): 12 17 1.9967659965017293
list:
dist: 1.9967659965017293 vs. 1.9967659965017293
--------
nle(id0,id1,dist): 12 16 2.0118272681262206
list:
dist: 2.0118272681262206 vs. 2.0118272681262206
--------
nle(id0,id1,dist): 11 18 0.9932881651006659
list:
dist: 0.9932881651006659 vs. 0.9932881651006659
--------
nle(id0,id1,dist): 11 17 0.8539574877111208
list:
dist: 0.8539574877111208 vs. 0.8539574877111208
--------
nle(id0,id1,dist): 11 16 1.982894757052673
list:
dist: 1.982894757052673 vs. 1.982894757052673
--------
nle(id0,id1,dist): 11 12 1.8306990595431496
list:
dist: 1.8306990595431496 vs. 1.8306990595431496
--------
nle(id0,id1,dist): 13 27 1.3741186897149278
list:
dist: 1.3741186897149278 vs. 1.3741186897149278
--------
nle(id0,id1,dist): 13 24 1.430733683104279
list:
dist: 1.430733683104279 vs. 1.430733683104279
--------
nle(id0,id1,dist): 13 25 3.11559008881909
list:
dist: 3.11559008881909 vs. 3.11559008881909
--------
nle(id0,id1,dist): 13 28 2.6587795131038656
list:
dist: 2.6587795131038656 vs. 2.6587795131038656
--------
nle(id0,id1,dist): 13 18 3.272722638257193
list:
dist: 3.272722638257193 vs. 3.272722638257193
--------
nle(id0,id1,dist): 13 19 1.485326533381762
list:
dist: 1.485326533381762 vs. 1.485326533381762
--------
nle(id0,id1,dist): 13 16 2.3180587153223615
list:
dist: 2.3180587153223615 vs. 2.3180587153223615
--------
nle(id0,id1,dist): 13 17 3.8200697455141315
list:
dist: 3.8200697455141315 vs. 3.8200697455141315
--------
nle(id0,id1,dist): 13 22 2.433056225431433
list:
dist: 2.433056225431433 vs. 2.433056225431433
--------
nle(id0,id1,dist): 13 23 1.426895384972306
list:
dist: 1.426895384972306 vs. 1.426895384972306
--------
nle(id0,id1,dist): 13 21 1.9499675454705276
list:
dist: 1.9499675454705276 vs. 1.9499675454705276
--------
nle(id0,id1,dist): 13 15 1.098969406492491
list:
dist: 1.098969406492491 vs. 1.098969406492491
--------
nle(id0,id1,dist): 13 14 1.7564429759359865
list:
dist: 1.7564429759359865 vs. 1.7564429759359865
--------
nle(id0,id1,dist): 15 28 3.019299116086277
list:
dist: 3.019299116086277 vs. 3.019299116086277
--------
nle(id0,id1,dist): 15 27 2.0083134723974774
list:
dist: 2.0083134723974774 vs. 2.0083134723974774
--------
nle(id0,id1,dist): 15 24 2.372671542501812
list:
dist: 2.372671542501812 vs. 2.372671542501812
--------
nle(id0,id1,dist): 15 25 3.46724624187273
list:
dist: 3.46724624187273 vs. 3.46724624187273
--------
nle(id0,id1,dist): 15 22 2.5765711208374524
list:
dist: 2.5765711208374524 vs. 2.5765711208374524
--------
nle(id0,id1,dist): 15 23 2.209220882035076
list:
dist: 2.209220882035076 vs. 2.209220882035076
--------
nle(id0,id1,dist): 15 21 1.1445895875367185
list:
dist: 1.1445895875367185 vs. 1.1445895875367185
--------
nle(id0,id1,dist): 15 19 0.9987548967027742
list:
dist: 0.9987548967027742 vs. 0.9987548967027742
--------
nle(id0,id1,dist): 15 18 2.619982825953116
list:
dist: 2.619982825953116 vs. 2.619982825953116
--------
nle(id0,id1,dist): 15 17 3.198098770558557
list:
dist: 3.198098770558557 vs. 3.198098770558557
--------
nle(id0,id1,dist): 15 16 1.833001695338906
list:
dist: 1.833001695338906 vs. 1.833001695338906
--------
nle(id0,id1,dist): 14 27 1.3747352181553614
list:
dist: 1.3747352181553614 vs. 1.3747352181553614
--------
nle(id0,id1,dist): 14 16 2.459338109239107
list:
dist: 2.459338109239107 vs. 2.459338109239107
--------
nle(id0,id1,dist): 14 15 1.497878636740317
list:
dist: 1.497878636740317 vs. 1.497878636740317
--------
nle(id0,id1,dist): 14 18 2.8254105886632668
list:
dist: 2.8254105886632668 vs. 2.8254105886632668
--------
nle(id0,id1,dist): 14 17 2.933921567663149
list:
dist: 2.933921567663149 vs. 2.933921567663149
--------
nle(id0,id1,dist): 14 24 2.317576144894217
list:
dist: 2.317576144894217 vs. 2.317576144894217
--------
nle(id0,id1,dist): 14 23 2.9587848696546586
list:
dist: 2.9587848696546586 vs. 2.9587848696546586
--------
nle(id0,id1,dist): 14 22 3.1200883858507407
list:
dist: 3.1200883858507407 vs. 3.1200883858507407
--------
nle(id0,id1,dist): 14 21 2.2013128129587134
list:
dist: 2.2013128129587134 vs. 2.2013128129587134
--------
nle(id0,id1,dist): 17 18 0.992712030917783
list:
dist: 0.992712030917783 vs. 0.992712030917783
--------
nle(id0,id1,dist): 17 21 2.539655445770732
list:
dist: 2.539655445770732 vs. 2.539655445770732
--------
nle(id0,id1,dist): 17 27 3.7916321027025104
list:
dist: 3.7916321027025104 vs. 3.7916321027025104
--------
nle(id0,id1,dist): 16 17 2.010290955414035
list:
dist: 2.010290955414035 vs. 2.010290955414035
--------
nle(id0,id1,dist): 16 18 1.1445818382785553
list:
dist: 1.1445818382785553 vs. 1.1445818382785553
--------
nle(id0,id1,dist): 16 19 1.9974955328773982
list:
dist: 1.9974955328773982 vs. 1.9974955328773982
--------
nle(id0,id1,dist): 16 21 0.943329360574306
list:
dist: 0.943329360574306 vs. 0.943329360574306
--------
nle(id0,id1,dist): 16 27 2.907466038019323
list:
dist: 2.907466038019323 vs. 2.907466038019323
--------
nle(id0,id1,dist): 1 5 1.9386742796346195
list:
dist: 1.9386742796346195 vs. 1.9386742796346195
--------
nle(id0,id1,dist): 1 6 1.002273367098815
list:
dist: 1.002273367098815 vs. 1.002273367098815
--------
nle(id0,id1,dist): 1 7 2.4273143058067985
list:
dist: 2.4273143058067985 vs. 2.4273143058067985
--------
nle(id0,id1,dist): 1 8 1.8765625515161175
list:
dist: 1.8765625515161175 vs. 1.8765625515161175
--------
nle(id0,id1,dist): 1 10 0.766741232752162
list:
dist: 0.766741232752162 vs. 0.766741232752162
--------
nle(id0,id1,dist): 1 14 2.3974847602845997
list:
dist: 2.3974847602845997 vs. 2.3974847602845997
--------
nle(id0,id1,dist): 1 17 3.3966018130128592
list:
dist: 3.3966018130128592 vs. 3.3966018130128592
--------
nle(id0,id1,dist): 1 27 2.0898123435203515
list:
dist: 2.0898123435203515 vs. 2.0898123435203515
--------
nle(id0,id1,dist): 1 24 3.2411389848213727
list:
dist: 3.2411389848213727 vs. 3.2411389848213727
--------
nle(id0,id1,dist): 2 27 1.9974713252037166
list:
dist: 1.9974713252037166 vs. 1.9974713252037166
--------
nle(id0,id1,dist): 2 28 4.301735633577526
list:
dist: 4.301735633577526 vs. 4.301735633577526
--------
nle(id0,id1,dist): 2 23 3.233130211837033
list:
dist: 3.233130211837033 vs. 3.233130211837033
--------
nle(id0,id1,dist): 2 24 2.939743561956237
list:
dist: 2.939743561956237 vs. 2.939743561956237
--------
nle(id0,id1,dist): 2 25 4.764343169515997
list:
dist: 4.764343169515997 vs. 4.764343169515997
--------
nle(id0,id1,dist): 2 14 1.5862569318369673
list:
dist: 1.5862569318369673 vs. 1.5862569318369673
--------
nle(id0,id1,dist): 2 13 1.8182944051370602
list:
dist: 1.8182944051370602 vs. 1.8182944051370602
--------
nle(id0,id1,dist): 2 7 0.736515592894425
list:
dist: 0.736515592894425 vs. 0.736515592894425
--------
nle(id0,id1,dist): 2 9 0.16334662731905392
list:
dist: 0.16334662731905392 vs. 0.16334662731905392
--------
nle(id0,id1,dist): 2 19 2.144614706895032
list:
dist: 2.144614706895032 vs. 2.144614706895032
--------
nle(id0,id1,dist): 2 22 3.9815914824488052
list:
dist: 3.9815914824488052 vs. 3.9815914824488052
--------
nle(id0,id1,dist): 2 21 1.343258923457626
list:
dist: 1.343258923457626 vs. 1.343258923457626
--------
nle(id0,id1,dist): 2 16 1.0208736065163442
list:
dist: 1.0208736065163442 vs. 1.0208736065163442
--------
nle(id0,id1,dist): 2 15 1.5329107303502763
list:
dist: 1.5329107303502763 vs. 1.5329107303502763
--------
nle(id0,id1,dist): 2 18 1.6055875928507721
list:
dist: 1.6055875928507721 vs. 1.6055875928507721
--------
nle(id0,id1,dist): 2 17 2.0476029094185924
list:
dist: 2.0476029094185924 vs. 2.0476029094185924
--------
nle(id0,id1,dist): 3 18 1.80847471724165
list:
dist: 1.80847471724165 vs. 1.80847471724165
--------
nle(id0,id1,dist): 3 9 3.2616476730374533
list:
dist: 3.2616476730374533 vs. 3.2616476730374533
--------
nle(id0,id1,dist): 3 7 2.945503127295305
list:
dist: 2.945503127295305 vs. 2.945503127295305
--------
nle(id0,id1,dist): 3 4 1.395174517262259
list:
dist: 1.395174517262259 vs. 1.395174517262259
--------
nle(id0,id1,dist): 3 17 1.833801899776207
list:
dist: 1.833801899776207 vs. 1.833801899776207
--------
nle(id0,id1,dist): 3 16 2.7809346518290536
list:
dist: 2.7809346518290536 vs. 2.7809346518290536
--------
nle(id0,id1,dist): 3 12 1.5721523816248126
list:
dist: 1.5721523816248126 vs. 1.5721523816248126
--------
nle(id0,id1,dist): 3 11 1.2593320366785623
list:
dist: 1.2593320366785623 vs. 1.2593320366785623
--------
nle(id0,id1,dist): 36 55 1.210784702396047
list:
dist: 1.210784702396047 vs. 1.210784702396047
--------
nle(id0,id1,dist): 36 56 3.2868529897829273
list:
dist: 3.2868529897829273 vs. 3.2868529897829273
--------
nle(id0,id1,dist): 36 53 3.9423241060442376
list:
dist: 3.9423241060442376 vs. 3.9423241060442376
--------
nle(id0,id1,dist): 36 59 2.9104426756563786
list:
dist: 2.9104426756563786 vs. 2.9104426756563786
--------
nle(id0,id1,dist): 36 57 3.651202493816846
list:
dist: 3.651202493816846 vs. 3.651202493816846
--------
nle(id0,id1,dist): 36 45 2.8445385036637387
list:
dist: 2.8445385036637387 vs. 2.8445385036637387
--------
nle(id0,id1,dist): 36 46 2.5045971386000763
list:
dist: 2.5045971386000763 vs. 2.5045971386000763
--------
nle(id0,id1,dist): 36 51 3.60407809065334
list:
dist: 3.60407809065334 vs. 3.60407809065334
--------
nle(id0,id1,dist): 36 49 2.765397130950829
list:
dist: 2.765397130950829 vs. 2.765397130950829
--------
nle(id0,id1,dist): 36 50 2.2405397493396273
list:
dist: 2.2405397493396273 vs. 2.2405397493396273
--------
nle(id0,id1,dist): 36 40 2.782756021311853
list:
dist: 2.782756021311853 vs. 2.782756021311853
--------
nle(id0,id1,dist): 36 39 4.200720330635759
list:
dist: 4.200720330635759 vs. 4.200720330635759
--------
nle(id0,id1,dist): 36 38 1.4259962940512305
list:
dist: 1.4259962940512305 vs. 1.4259962940512305
--------
nle(id0,id1,dist): 36 43 3.1839305876143875
list:
dist: 3.1839305876143875 vs. 3.1839305876143875
--------
nle(id0,id1,dist): 36 42 1.4776229620459365
list:
dist: 1.4776229620459365 vs. 1.4776229620459365
--------
nle(id0,id1,dist): 36 41 3.369854855666752
list:
dist: 3.369854855666752 vs. 3.369854855666752
--------
nle(id0,id1,dist): 35 56 3.1592087816998866
list:
dist: 3.1592087816998866 vs. 3.1592087816998866
--------
nle(id0,id1,dist): 35 57 3.101430529247616
list:
dist: 3.101430529247616 vs. 3.101430529247616
--------
nle(id0,id1,dist): 35 53 3.529024371776631
list:
dist: 3.529024371776631 vs. 3.529024371776631
--------
nle(id0,id1,dist): 35 47 0.7880916392110334
list:
dist: 0.7880916392110334 vs. 0.7880916392110334
--------
nle(id0,id1,dist): 35 43 1.272991951424124
list:
dist: 1.272991951424124 vs. 1.272991951424124
--------
nle(id0,id1,dist): 35 44 1.7604130654011223
list:
dist: 1.7604130654011223 vs. 1.7604130654011223
--------
nle(id0,id1,dist): 34 81 3.408417292671556
list:
dist: 3.408417292671556 vs. 3.408417292671556
--------
nle(id0,id1,dist): 34 76 2.2716834675468
list:
dist: 2.2716834675468 vs. 2.2716834675468
--------
nle(id0,id1,dist): 35 39 2.8576855848878973
list:
dist: 2.8576855848878973 vs. 2.8576855848878973
--------
nle(id0,id1,dist): 34 75 3.656008907911683
list:
dist: 3.656008907911683 vs. 3.656008907911683
--------
nle(id0,id1,dist): 35 41 2.201385980299365
list:
dist: 2.201385980299365 vs. 2.201385980299365
--------
nle(id0,id1,dist): 35 40 2.6572028506756404
list:
dist: 2.6572028506756404 vs. 2.6572028506756404
--------
nle(id0,id1,dist): 34 73 3.672639420977988
list:
dist: 3.672639420977988 vs. 3.672639420977988
--------
nle(id0,id1,dist): 34 69 2.8346618747223267
list:
dist: 2.8346618747223267 vs. 2.8346618747223267
--------
nle(id0,id1,dist): 34 70 2.215831833622708
list:
dist: 2.215831833622708 vs. 2.215831833622708
--------
nle(id0,id1,dist): 34 67 2.667369053841927
list:
dist: 2.667369053841927 vs. 2.667369053841927
--------
nle(id0,id1,dist): 34 68 3.2176543709445076
list:
dist: 3.2176543709445076 vs. 3.2176543709445076
--------
nle(id0,id1,dist): 34 65 2.727900042636069
list:
dist: 2.727900042636069 vs. 2.727900042636069
--------
nle(id0,id1,dist): 34 66 3.3232386552828164
list:
dist: 3.3232386552828164 vs. 3.3232386552828164
--------
nle(id0,id1,dist): 34 63 3.620856490810544
list:
dist: 3.620856490810544 vs. 3.620856490810544
--------
nle(id0,id1,dist): 34 64 1.116336180798517
list:
dist: 1.116336180798517 vs. 1.116336180798517
--------
nle(id0,id1,dist): 34 61 1.1454221221792333
list:
dist: 1.1454221221792333 vs. 1.1454221221792333
--------
nle(id0,id1,dist): 34 60 3.2475687651921157
list:
dist: 3.2475687651921157 vs. 3.2475687651921157
--------
nle(id0,id1,dist): 33 44 2.7840058811243105
list:
dist: 2.7840058811243105 vs. 2.7840058811243105
--------
nle(id0,id1,dist): 33 45 2.848262693948935
list:
dist: 2.848262693948935 vs. 2.848262693948935
--------
nle(id0,id1,dist): 33 46 1.3269354175899157
list:
dist: 1.3269354175899157 vs. 1.3269354175899157
--------
nle(id0,id1,dist): 33 47 2.2181601591647424
list:
dist: 2.2181601591647424 vs. 2.2181601591647424
--------
nle(id0,id1,dist): 33 50 1.9758743687370113
list:
dist: 1.9758743687370113 vs. 1.9758743687370113
--------
nle(id0,id1,dist): 33 51 2.687266117132988
list:
dist: 2.687266117132988 vs. 2.687266117132988
--------
nle(id0,id1,dist): 33 53 2.4582592590544454
list:
dist: 2.4582592590544454 vs. 2.4582592590544454
--------
nle(id0,id1,dist): 33 56 1.8861098686265516
list:
dist: 1.8861098686265516 vs. 1.8861098686265516
--------
nle(id0,id1,dist): 33 57 1.6445152611664884
list:
dist: 1.6445152611664884 vs. 1.6445152611664884
--------
nle(id0,id1,dist): 33 59 2.607411561153813
list:
dist: 2.607411561153813 vs. 2.607411561153813
--------
nle(id0,id1,dist): 33 35 2.1417289873596514
list:
dist: 2.1417289873596514 vs. 2.1417289873596514
--------
nle(id0,id1,dist): 33 39 1.9214591526404268
list:
dist: 1.9214591526404268 vs. 1.9214591526404268
--------
nle(id0,id1,dist): 33 36 2.6599043316967137
list:
dist: 2.6599043316967137 vs. 2.6599043316967137
--------
nle(id0,id1,dist): 33 43 1.2488951979430207
list:
dist: 1.2488951979430207 vs. 1.2488951979430207
--------
nle(id0,id1,dist): 33 42 1.8095125607388751
list:
dist: 1.8095125607388751 vs. 1.8095125607388751
--------
nle(id0,id1,dist): 33 41 2.5009885843845745
list:
dist: 2.5009885843845745 vs. 2.5009885843845745
--------
nle(id0,id1,dist): 33 40 1.3353863843736251
list:
dist: 1.3353863843736251 vs. 1.3353863843736251
--------
nle(id0,id1,dist): 32 55 2.389287483725598
list:
dist: 2.389287483725598 vs. 2.389287483725598
--------
nle(id0,id1,dist): 32 38 1.6334561668918417
list:
dist: 1.6334561668918417 vs. 1.6334561668918417
--------
nle(id0,id1,dist): 32 33 2.4928036589851597
list:
dist: 2.4928036589851597 vs. 2.4928036589851597
--------
nle(id0,id1,dist): 32 36 1.5662670661572915
list:
dist: 1.5662670661572915 vs. 1.5662670661572915
--------
nle(id0,id1,dist): 32 45 3.2363050353685807
list:
dist: 3.2363050353685807 vs. 3.2363050353685807
--------
nle(id0,id1,dist): 32 42 2.234619257396778
list:
dist: 2.234619257396778 vs. 2.234619257396778
--------
nle(id0,id1,dist): 32 41 1.971885260203676
list:
dist: 1.971885260203676 vs. 1.971885260203676
--------
nle(id0,id1,dist): 32 43 2.3626784160401555
list:
dist: 2.3626784160401555 vs. 2.3626784160401555
--------
nle(id0,id1,dist): 31 59 3.0397005776059136
list:
dist: 3.0397005776059136 vs. 3.0397005776059136
--------
nle(id0,id1,dist): 31 55 2.083337152387037
list:
dist: 2.083337152387037 vs. 2.083337152387037
--------
nle(id0,id1,dist): 31 56 2.7819705407670576
list:
dist: 2.7819705407670576 vs. 2.7819705407670576
--------
nle(id0,id1,dist): 31 57 3.3540911319814173
list:
dist: 3.3540911319814173 vs. 3.3540911319814173
--------
nle(id0,id1,dist): 31 45 3.3041640702322623
list:
dist: 3.3041640702322623 vs. 3.3041640702322623
--------
nle(id0,id1,dist): 31 43 2.2885729136692268
list:
dist: 2.2885729136692268 vs. 2.2885729136692268
--------
nle(id0,id1,dist): 31 42 1.8034277948889348
list:
dist: 1.8034277948889348 vs. 1.8034277948889348
--------
nle(id0,id1,dist): 31 41 2.494707678735537
list:
dist: 2.494707678735537 vs. 2.494707678735537
--------
nle(id0,id1,dist): 31 40 2.1063277325289484
list:
dist: 2.1063277325289484 vs. 2.1063277325289484
--------
nle(id0,id1,dist): 31 39 3.7693139505173336
list:
dist: 3.7693139505173336 vs. 3.7693139505173336
--------
nle(id0,id1,dist): 31 38 1.647116493305786
list:
dist: 1.647116493305786 vs. 1.647116493305786
--------
nle(id0,id1,dist): 31 53 3.4901926771690297
list:
dist: 3.4901926771690297 vs. 3.4901926771690297
--------
nle(id0,id1,dist): 31 51 3.36527497643404
list:
dist: 3.36527497643404 vs. 3.36527497643404
--------
nle(id0,id1,dist): 31 50 2.435069817824825
list:
dist: 2.435069817824825 vs. 2.435069817824825
--------
nle(id0,id1,dist): 31 49 3.3036502428087884
list:
dist: 3.3036502428087884 vs. 3.3036502428087884
--------
nle(id0,id1,dist): 31 46 2.217631288844504
list:
dist: 2.217631288844504 vs. 2.217631288844504
--------
nle(id0,id1,dist): 31 36 1.1106438923952413
list:
dist: 1.1106438923952413 vs. 1.1106438923952413
--------
nle(id0,id1,dist): 31 32 1.1152598356060475
list:
dist: 1.1152598356060475 vs. 1.1152598356060475
--------
nle(id0,id1,dist): 31 33 2.063197552663603
list:
dist: 2.063197552663603 vs. 2.063197552663603
--------
nle(id0,id1,dist): 43 59 3.7696765006311925
list:
dist: 3.7696765006311925 vs. 3.7696765006311925
--------
nle(id0,id1,dist): 44 47 1.3125034101014927
list:
dist: 1.3125034101014927 vs. 1.3125034101014927
--------
nle(id0,id1,dist): 44 52 2.8440907744377397
list:
dist: 2.8440907744377397 vs. 2.8440907744377397
--------
nle(id0,id1,dist): 43 50 3.166718502246525
list:
dist: 3.166718502246525 vs. 3.166718502246525
--------
nle(id0,id1,dist): 43 51 3.6584218135807958
list:
dist: 3.6584218135807958 vs. 3.6584218135807958
--------
nle(id0,id1,dist): 43 53 3.275301272305316
list:
dist: 3.275301272305316 vs. 3.275301272305316
--------
nle(id0,id1,dist): 43 56 2.708797378142398
list:
dist: 2.708797378142398 vs. 2.708797378142398
--------
nle(id0,id1,dist): 43 57 2.734564895586558
list:
dist: 2.734564895586558 vs. 2.734564895586558
--------
nle(id0,id1,dist): 43 44 2.6589137148327024
list:
dist: 2.6589137148327024 vs. 2.6589137148327024
--------
nle(id0,id1,dist): 43 45 3.6688242238969755
list:
dist: 3.6688242238969755 vs. 3.6688242238969755
--------
nle(id0,id1,dist): 43 46 2.4567553622440497
list:
dist: 2.4567553622440497 vs. 2.4567553622440497
--------
nle(id0,id1,dist): 43 47 1.6539922834612886
list:
dist: 1.6539922834612886 vs. 1.6539922834612886
--------
nle(id0,id1,dist): 42 46 1.644487628512422
list:
dist: 1.644487628512422 vs. 1.644487628512422
--------
nle(id0,id1,dist): 42 45 1.7312168348135115
list:
dist: 1.7312168348135115 vs. 1.7312168348135115
--------
nle(id0,id1,dist): 42 43 2.7660722776640263
list:
dist: 2.7660722776640263 vs. 2.7660722776640263
--------
nle(id0,id1,dist): 42 59 2.1352103594618668
list:
dist: 2.1352103594618668 vs. 2.1352103594618668
--------
nle(id0,id1,dist): 42 57 2.441516844633054
list:
dist: 2.441516844633054 vs. 2.441516844633054
--------
nle(id0,id1,dist): 42 55 2.5518852358273025
list:
dist: 2.5518852358273025 vs. 2.5518852358273025
--------
nle(id0,id1,dist): 42 56 2.6803813687522045
list:
dist: 2.6803813687522045 vs. 2.6803813687522045
--------
nle(id0,id1,dist): 42 53 3.2500487646712894
list:
dist: 3.2500487646712894 vs. 3.2500487646712894
--------
nle(id0,id1,dist): 42 51 2.97427534076988
list:
dist: 2.97427534076988 vs. 2.97427534076988
--------
nle(id0,id1,dist): 42 49 2.3591371300165904
list:
dist: 2.3591371300165904 vs. 2.3591371300165904
--------
nle(id0,id1,dist): 42 50 1.1639926355336245
list:
dist: 1.1639926355336245 vs. 1.1639926355336245
--------
nle(id0,id1,dist): 41 45 4.166878786515132
list:
dist: 4.166878786515132 vs. 4.166878786515132
--------
nle(id0,id1,dist): 41 47 2.7677815752822874
list:
dist: 2.7677815752822874 vs. 2.7677815752822874
--------
nle(id0,id1,dist): 41 43 1.455285659363735
list:
dist: 1.455285659363735 vs. 1.455285659363735
--------
nle(id0,id1,dist): 41 42 3.43276546980651
list:
dist: 3.43276546980651 vs. 3.43276546980651
--------
nle(id0,id1,dist): 40 43 2.0133303339409028
list:
dist: 2.0133303339409028 vs. 2.0133303339409028
--------
nle(id0,id1,dist): 40 44 2.9293567216180483
list:
dist: 2.9293567216180483 vs. 2.9293567216180483
--------
nle(id0,id1,dist): 40 42 2.3206731789124673
list:
dist: 2.3206731789124673 vs. 2.3206731789124673
--------
nle(id0,id1,dist): 40 47 2.3442624869663775
list:
dist: 2.3442624869663775 vs. 2.3442624869663775
--------
nle(id0,id1,dist): 40 45 3.7942545075172993
list:
dist: 3.7942545075172993 vs. 3.7942545075172993
--------
nle(id0,id1,dist): 40 46 0.9915270619904374
list:
dist: 0.9915270619904374 vs. 0.9915270619904374
--------
nle(id0,id1,dist): 40 51 1.7200779959446546
list:
dist: 1.7200779959446546 vs. 1.7200779959446546
--------
nle(id0,id1,dist): 40 52 3.606147993631375
list:
dist: 3.606147993631375 vs. 3.606147993631375
--------
nle(id0,id1,dist): 40 50 1.9809586070532805
list:
dist: 1.9809586070532805 vs. 1.9809586070532805
--------
nle(id0,id1,dist): 40 56 0.799238183144264
list:
dist: 0.799238183144264 vs. 0.799238183144264
--------
nle(id0,id1,dist): 40 53 1.4896303433645137
list:
dist: 1.4896303433645137 vs. 1.4896303433645137
--------
nle(id0,id1,dist): 40 54 3.007607397907733
list:
dist: 3.007607397907733 vs. 3.007607397907733
--------
nle(id0,id1,dist): 40 59 2.104867700891555
list:
dist: 2.104867700891555 vs. 2.104867700891555
--------
nle(id0,id1,dist): 40 58 2.7971571705280245
list:
dist: 2.7971571705280245 vs. 2.7971571705280245
--------
nle(id0,id1,dist): 40 57 1.8202373663262963
list:
dist: 1.8202373663262963 vs. 1.8202373663262963
--------
nle(id0,id1,dist): 39 46 1.8158513357615615
list:
dist: 1.8158513357615615 vs. 1.8158513357615615
--------
nle(id0,id1,dist): 39 47 2.5459213739208515
list:
dist: 2.5459213739208515 vs. 2.5459213739208515
--------
nle(id0,id1,dist): 39 50 2.4511608215132092
list:
dist: 2.4511608215132092 vs. 2.4511608215132092
--------
nle(id0,id1,dist): 39 51 2.1653034341512156
list:
dist: 2.1653034341512156 vs. 2.1653034341512156
--------
nle(id0,id1,dist): 39 52 1.831549242826497
list:
dist: 1.831549242826497 vs. 1.831549242826497
--------
nle(id0,id1,dist): 39 53 1.6873587401233252
list:
dist: 1.6873587401233252 vs. 1.6873587401233252
--------
nle(id0,id1,dist): 39 54 3.247516618334154
list:
dist: 3.247516618334154 vs. 3.247516618334154
--------
nle(id0,id1,dist): 39 56 1.743713199828475
list:
dist: 1.743713199828475 vs. 1.743713199828475
--------
nle(id0,id1,dist): 39 57 0.6825177717527549
list:
dist: 0.6825177717527549 vs. 0.6825177717527549
--------
nle(id0,id1,dist): 39 58 1.5801396854823178
list:
dist: 1.5801396854823178 vs. 1.5801396854823178
--------
nle(id0,id1,dist): 39 59 2.5119728056338113
list:
dist: 2.5119728056338113 vs. 2.5119728056338113
--------
nle(id0,id1,dist): 38 55 1.2234653787288041
list:
dist: 1.2234653787288041 vs. 1.2234653787288041
--------
nle(id0,id1,dist): 39 45 3.7665148232524692
list:
dist: 3.7665148232524692 vs. 3.7665148232524692
--------
nle(id0,id1,dist): 39 44 2.140963103475776
list:
dist: 2.140963103475776 vs. 2.140963103475776
--------
nle(id0,id1,dist): 39 43 2.7833310866288703
list:
dist: 2.7833310866288703 vs. 2.7833310866288703
--------
nle(id0,id1,dist): 39 42 3.0576242755803658
list:
dist: 3.0576242755803658 vs. 3.0576242755803658
--------
nle(id0,id1,dist): 39 40 2.0109848876609266
list:
dist: 2.0109848876609266 vs. 2.0109848876609266
--------
nle(id0,id1,dist): 37 68 3.443507174544925
list:
dist: 3.443507174544925 vs. 3.443507174544925
--------
nle(id0,id1,dist): 37 65 1.395415382423202
list:
dist: 1.395415382423202 vs. 1.395415382423202
--------
nle(id0,id1,dist): 38 42 2.8610722927826022
list:
dist: 2.8610722927826022 vs. 2.8610722927826022
--------
nle(id0,id1,dist): 37 81 2.1986988397739653
list:
dist: 2.1986988397739653 vs. 2.1986988397739653
--------
nle(id0,id1,dist): 23 28 1.5058140806339595
list:
dist: 1.5058140806339595 vs. 1.5058140806339595
--------
nle(id0,id1,dist): 23 29 2.637291268321889
list:
dist: 2.637291268321889 vs. 2.637291268321889
--------
nle(id0,id1,dist): 23 27 2.3313190406191002
list:
dist: 2.3313190406191002 vs. 2.3313190406191002
--------
nle(id0,id1,dist): 23 24 1.4106435366427748
list:
dist: 1.4106435366427748 vs. 1.4106435366427748
--------
nle(id0,id1,dist): 23 25 1.907410939366497
list:
dist: 1.907410939366497 vs. 1.907410939366497
--------
nle(id0,id1,dist): 21 27 2.81307193574688
list:
dist: 2.81307193574688 vs. 2.81307193574688
--------
nle(id0,id1,dist): 21 24 3.353756277236534
list:
dist: 3.353756277236534 vs. 3.353756277236534
--------
nle(id0,id1,dist): 21 25 4.144803420263479
list:
dist: 4.144803420263479 vs. 4.144803420263479
--------
nle(id0,id1,dist): 21 28 3.707908000965854
list:
dist: 3.707908000965854 vs. 3.707908000965854
--------
nle(id0,id1,dist): 21 23 3.087693649534038
list:
dist: 3.087693649534038 vs. 3.087693649534038
--------
nle(id0,id1,dist): 21 22 3.613276501328797
list:
dist: 3.613276501328797 vs. 3.613276501328797
--------
nle(id0,id1,dist): 22 27 3.074758644230819
list:
dist: 3.074758644230819 vs. 3.074758644230819
--------
nle(id0,id1,dist): 22 28 1.8796214660207342
list:
dist: 1.8796214660207342 vs. 1.8796214660207342
--------
nle(id0,id1,dist): 22 29 2.7129565439766448
list:
dist: 2.7129565439766448 vs. 2.7129565439766448
--------
nle(id0,id1,dist): 22 23 1.7708300731562951
list:
dist: 1.7708300731562951 vs. 1.7708300731562951
--------
nle(id0,id1,dist): 22 24 2.3330800573660055
list:
dist: 2.3330800573660055 vs. 2.3330800573660055
--------
nle(id0,id1,dist): 22 25 2.1000372094898374
list:
dist: 2.1000372094898374 vs. 2.1000372094898374
--------
nle(id0,id1,dist): 19 25 2.926068521191023
list:
dist: 2.926068521191023 vs. 2.926068521191023
--------
nle(id0,id1,dist): 19 22 2.659110924336533
list:
dist: 2.659110924336533 vs. 2.659110924336533
--------
nle(id0,id1,dist): 19 23 2.11080070706732
list:
dist: 2.11080070706732 vs. 2.11080070706732
--------
nle(id0,id1,dist): 19 21 1.2226062848527843
list:
dist: 1.2226062848527843 vs. 1.2226062848527843
--------
nle(id0,id1,dist): 19 28 2.4955481935239447
list:
dist: 2.4955481935239447 vs. 2.4955481935239447
--------
nle(id0,id1,dist): 18 21 1.7328667807684301
list:
dist: 1.7328667807684301 vs. 1.7328667807684301
--------
nle(id0,id1,dist): 18 19 2.9482235554521217
list:
dist: 2.9482235554521217 vs. 2.9482235554521217
--------
nle(id0,id1,dist): 18 27 3.5768428086896096
list:
dist: 3.5768428086896096 vs. 3.5768428086896096
--------
nle(id0,id1,dist): 30 42 3.5604175333996992
list:
dist: 3.5604175333996992 vs. 3.5604175333996992
--------
nle(id0,id1,dist): 30 41 0.37398455323352703
list:
dist: 0.37398455323352703 vs. 0.37398455323352703
--------
nle(id0,id1,dist): 30 36 3.5926357566082934
list:
dist: 3.5926357566082934 vs. 3.5926357566082934
--------
nle(id0,id1,dist): 30 35 1.862343694165995
list:
dist: 1.862343694165995 vs. 1.862343694165995
--------
nle(id0,id1,dist): 30 33 2.440006399064078
list:
dist: 2.440006399064078 vs. 2.440006399064078
--------
nle(id0,id1,dist): 30 32 2.2695598029008734
list:
dist: 2.2695598029008734 vs. 2.2695598029008734
--------
nle(id0,id1,dist): 30 31 2.672064078813471
list:
dist: 2.672064078813471 vs. 2.672064078813471
--------
nle(id0,id1,dist): 30 47 2.4469439475931565
list:
dist: 2.4469439475931565 vs. 2.4469439475931565
--------
nle(id0,id1,dist): 30 45 4.307812390353461
list:
dist: 4.307812390353461 vs. 4.307812390353461
--------
nle(id0,id1,dist): 30 43 1.283314272070525
list:
dist: 1.283314272070525 vs. 1.283314272070525
--------
nle(id0,id1,dist): 28 29 2.735309860682131
list:
dist: 2.735309860682131 vs. 2.735309860682131
--------
nle(id0,id1,dist): 24 141 4.000521625332933
list:
dist: 4.000521625332933 vs. 4.000521625332933
--------
nle(id0,id1,dist): 24 27 1.2637583627307039
list:
dist: 1.2637583627307039 vs. 1.2637583627307039
--------
nle(id0,id1,dist): 24 29 2.9520647554639736
list:
dist: 2.9520647554639736 vs. 2.9520647554639736
--------
nle(id0,id1,dist): 25 28 0.46331821961040365
list:
dist: 0.46331821961040365 vs. 0.46331821961040365
--------
nle(id0,id1,dist): 25 29 2.6656167591429734
list:
dist: 2.6656167591429734 vs. 2.6656167591429734
--------
nle(id0,id1,dist): 62 79 3.47834344371485
list:
dist: 3.47834344371485 vs. 3.47834344371485
--------
nle(id0,id1,dist): 62 81 4.067658203095316
list:
dist: 4.067658203095316 vs. 4.067658203095316
--------
nle(id0,id1,dist): 62 82 1.1714235258239476
list:
dist: 1.1714235258239476 vs. 1.1714235258239476
--------
nle(id0,id1,dist): 62 75 1.546542276026938
list:
dist: 1.546542276026938 vs. 1.546542276026938
--------
nle(id0,id1,dist): 62 76 3.036431311935493
list:
dist: 3.036431311935493 vs. 3.036431311935493
--------
nle(id0,id1,dist): 62 77 2.215262669476232
list:
dist: 2.215262669476232 vs. 2.215262669476232
--------
nle(id0,id1,dist): 62 78 1.0255778875848263
list:
dist: 1.0255778875848263 vs. 1.0255778875848263
--------
nle(id0,id1,dist): 62 87 2.8054220309089186
list:
dist: 2.8054220309089186 vs. 2.8054220309089186
--------
nle(id0,id1,dist): 62 89 2.5219156959092883
list:
dist: 2.5219156959092883 vs. 2.5219156959092883
--------
nle(id0,id1,dist): 62 83 1.9168639716206302
list:
dist: 1.9168639716206302 vs. 1.9168639716206302
--------
nle(id0,id1,dist): 62 84 2.7793257064381924
list:
dist: 2.7793257064381924 vs. 2.7793257064381924
--------
nle(id0,id1,dist): 62 85 0.6338151177637564
list:
dist: 0.6338151177637564 vs. 0.6338151177637564
--------
nle(id0,id1,dist): 62 86 1.820740656516461
list:
dist: 1.820740656516461 vs. 1.820740656516461
--------
nle(id0,id1,dist): 62 63 2.060352858900132
list:
dist: 2.060352858900132 vs. 2.060352858900132
--------
nle(id0,id1,dist): 62 66 2.1135879920553418
list:
dist: 2.1135879920553418 vs. 2.1135879920553418
--------
nle(id0,id1,dist): 62 72 0.8645249691910989
list:
dist: 0.8645249691910989 vs. 0.8645249691910989
--------
nle(id0,id1,dist): 62 74 2.369082685929095
list:
dist: 2.369082685929095 vs. 2.369082685929095
--------
nle(id0,id1,dist): 62 73 1.3972760083350642
list:
dist: 1.3972760083350642 vs. 1.3972760083350642
--------
nle(id0,id1,dist): 62 68 2.8035170631845263
list:
dist: 2.8035170631845263 vs. 2.8035170631845263
--------
nle(id0,id1,dist): 62 67 2.522849706500825
list:
dist: 2.522849706500825 vs. 2.522849706500825
--------
nle(id0,id1,dist): 62 69 2.2772049082836334
list:
dist: 2.2772049082836334 vs. 2.2772049082836334
--------
nle(id0,id1,dist): 61 81 3.627533163489688
list:
dist: 3.627533163489688 vs. 3.627533163489688
--------
nle(id0,id1,dist): 61 70 1.491369817842706
list:
dist: 1.491369817842706 vs. 1.491369817842706
--------
nle(id0,id1,dist): 61 69 2.678952944904882
list:
dist: 2.678952944904882 vs. 2.678952944904882
--------
nle(id0,id1,dist): 61 68 3.427646373625465
list:
dist: 3.427646373625465 vs. 3.427646373625465
--------
nle(id0,id1,dist): 61 67 2.642320645837044
list:
dist: 2.642320645837044 vs. 2.642320645837044
--------
nle(id0,id1,dist): 61 66 3.454856776431027
list:
dist: 3.454856776431027 vs. 3.454856776431027
--------
nle(id0,id1,dist): 61 65 3.3498769701147895
list:
dist: 3.3498769701147895 vs. 3.3498769701147895
--------
nle(id0,id1,dist): 61 64 1.4136880349969725
list:
dist: 1.4136880349969725 vs. 1.4136880349969725
--------
nle(id0,id1,dist): 61 76 2.194887475637227
list:
dist: 2.194887475637227 vs. 2.194887475637227
--------
nle(id0,id1,dist): 61 75 3.7412095293039815
list:
dist: 3.7412095293039815 vs. 3.7412095293039815
--------
nle(id0,id1,dist): 61 73 3.7439489901959577
list:
dist: 3.7439489901959577 vs. 3.7439489901959577
--------
nle(id0,id1,dist): 64 66 3.050632121087787
list:
dist: 3.050632121087787 vs. 3.050632121087787
--------
nle(id0,id1,dist): 64 67 2.968413644774604
list:
dist: 2.968413644774604 vs. 2.968413644774604
--------
nle(id0,id1,dist): 64 69 2.7584864551645474
list:
dist: 2.7584864551645474 vs. 2.7584864551645474
--------
nle(id0,id1,dist): 64 70 1.7900863787496581
list:
dist: 1.7900863787496581 vs. 1.7900863787496581
--------
nle(id0,id1,dist): 64 71 4.227760973659366
list:
dist: 4.227760973659366 vs. 4.227760973659366
--------
nle(id0,id1,dist): 64 73 3.6477434869325993
list:
dist: 3.6477434869325993 vs. 3.6477434869325993
--------
nle(id0,id1,dist): 64 75 3.8276747177446833
list:
dist: 3.8276747177446833 vs. 3.8276747177446833
--------
nle(id0,id1,dist): 64 76 2.690912076768219
list:
dist: 2.690912076768219 vs. 2.690912076768219
--------
nle(id0,id1,dist): 63 86 2.7451325832377353
list:
dist: 2.7451325832377353 vs. 2.7451325832377353
--------
nle(id0,id1,dist): 63 72 1.2452664914261846
list:
dist: 1.2452664914261846 vs. 1.2452664914261846
--------
nle(id0,id1,dist): 63 73 1.2222866742424563
list:
dist: 1.2222866742424563 vs. 1.2222866742424563
--------
nle(id0,id1,dist): 63 70 2.544094847415399
list:
dist: 2.544094847415399 vs. 2.544094847415399
--------
nle(id0,id1,dist): 63 71 3.1192610229818736
list:
dist: 3.1192610229818736 vs. 3.1192610229818736
--------
nle(id0,id1,dist): 63 76 2.458910789855332
list:
dist: 2.458910789855332 vs. 2.458910789855332
--------
nle(id0,id1,dist): 63 75 1.8550679477793384
list:
dist: 1.8550679477793384 vs. 1.8550679477793384
--------
nle(id0,id1,dist): 63 80 2.121649444240197
list:
dist: 2.121649444240197 vs. 2.121649444240197
--------
nle(id0,id1,dist): 63 78 2.9348076286432367
list:
dist: 2.9348076286432367 vs. 2.9348076286432367
--------
nle(id0,id1,dist): 63 85 2.3039474994231557
list:
dist: 2.3039474994231557 vs. 2.3039474994231557
--------
nle(id0,id1,dist): 63 64 3.2256933637019096
list:
dist: 3.2256933637019096 vs. 3.2256933637019096
--------
nle(id0,id1,dist): 63 69 1.2739996785574563
list:
dist: 1.2739996785574563 vs. 1.2739996785574563
--------
nle(id0,id1,dist): 63 67 2.100013622127958
list:
dist: 2.100013622127958 vs. 2.100013622127958
--------
nle(id0,id1,dist): 63 66 0.5812543763448657
list:
dist: 0.5812543763448657 vs. 0.5812543763448657
--------
nle(id0,id1,dist): 58 59 2.4156605297647094
list:
dist: 2.4156605297647094 vs. 2.4156605297647094
--------
nle(id0,id1,dist): 61 63 3.5991524523546436
list:
dist: 3.5991524523546436 vs. 3.5991524523546436
--------
nle(id0,id1,dist): 60 86 1.9554601538430691
list:
dist: 1.9554601538430691 vs. 1.9554601538430691
--------
nle(id0,id1,dist): 60 85 2.5441867551561312
list:
dist: 2.5441867551561312 vs. 2.5441867551561312
--------
nle(id0,id1,dist): 60 87 3.4030473056063135
list:
dist: 3.4030473056063135 vs. 3.4030473056063135
--------
nle(id0,id1,dist): 60 77 1.7428464928618213
list:
dist: 1.7428464928618213 vs. 1.7428464928618213
--------
nle(id0,id1,dist): 60 78 2.546722918243624
list:
dist: 2.546722918243624 vs. 2.546722918243624
--------
nle(id0,id1,dist): 60 79 2.6004042908200566
list:
dist: 2.6004042908200566 vs. 2.6004042908200566
--------
nle(id0,id1,dist): 60 81 2.3609321297171117
list:
dist: 2.3609321297171117 vs. 2.3609321297171117
--------
nle(id0,id1,dist): 60 69 1.0907266259410018
list:
dist: 1.0907266259410018 vs. 1.0907266259410018
--------
nle(id0,id1,dist): 60 70 2.7724838456545067
list:
dist: 2.7724838456545067 vs. 2.7724838456545067
--------
nle(id0,id1,dist): 60 72 1.6763817000051586
list:
dist: 1.6763817000051586 vs. 1.6763817000051586
--------
nle(id0,id1,dist): 60 73 1.0779671314826218
list:
dist: 1.0779671314826218 vs. 1.0779671314826218
--------
nle(id0,id1,dist): 60 74 1.562498086206403
list:
dist: 1.562498086206403 vs. 1.562498086206403
--------
nle(id0,id1,dist): 60 75 0.6604835181610239
list:
dist: 0.6604835181610239 vs. 0.6604835181610239
--------
nle(id0,id1,dist): 60 76 1.096158243445919
list:
dist: 1.096158243445919 vs. 1.096158243445919
--------
nle(id0,id1,dist): 60 64 3.49580300662656
list:
dist: 3.49580300662656 vs. 3.49580300662656
--------
nle(id0,id1,dist): 60 63 2.0157523879704677
list:
dist: 2.0157523879704677 vs. 2.0157523879704677
--------
nle(id0,id1,dist): 60 62 1.9861607899429825
list:
dist: 1.9861607899429825 vs. 1.9861607899429825
--------
nle(id0,id1,dist): 60 61 3.2149110879424283
list:
dist: 3.2149110879424283 vs. 3.2149110879424283
--------
nle(id0,id1,dist): 60 68 1.1360771688893474
list:
dist: 1.1360771688893474 vs. 1.1360771688893474
--------
nle(id0,id1,dist): 60 67 0.5927325931903257
list:
dist: 0.5927325931903257 vs. 0.5927325931903257
--------
nle(id0,id1,dist): 60 66 1.745929839212495
list:
dist: 1.745929839212495 vs. 1.745929839212495
--------
nle(id0,id1,dist): 69 70 1.8738589055144441
list:
dist: 1.8738589055144441 vs. 1.8738589055144441
--------
nle(id0,id1,dist): 69 78 3.109199296852988
list:
dist: 3.109199296852988 vs. 3.109199296852988
--------
nle(id0,id1,dist): 69 79 3.6813653018994623
list:
dist: 3.6813653018994623 vs. 3.6813653018994623
--------
nle(id0,id1,dist): 69 76 1.241513378704213
list:
dist: 1.241513378704213 vs. 1.241513378704213
--------
nle(id0,id1,dist): 69 77 2.7400597061611127
list:
dist: 2.7400597061611127 vs. 2.7400597061611127
--------
nle(id0,id1,dist): 69 74 2.6180839487805367
list:
dist: 2.6180839487805367 vs. 2.6180839487805367
--------
nle(id0,id1,dist): 69 75 1.3752583099415476
list:
dist: 1.3752583099415476 vs. 1.3752583099415476
--------
nle(id0,id1,dist): 69 72 1.5693604218177994
list:
dist: 1.5693604218177994 vs. 1.5693604218177994
--------
nle(id0,id1,dist): 69 73 1.1669766077529826
list:
dist: 1.1669766077529826 vs. 1.1669766077529826
--------
nle(id0,id1,dist): 69 86 2.6804045001975494
list:
dist: 2.6804045001975494 vs. 2.6804045001975494
--------
nle(id0,id1,dist): 69 87 4.257198510236934
list:
dist: 4.257198510236934 vs. 4.257198510236934
--------
nle(id0,id1,dist): 69 85 2.6899720990856957
list:
dist: 2.6899720990856957 vs. 2.6899720990856957
--------
nle(id0,id1,dist): 69 81 3.1799795530664707
list:
dist: 3.1799795530664707 vs. 3.1799795530664707
--------
nle(id0,id1,dist): 68 74 1.0786218927349294
list:
dist: 1.0786218927349294 vs. 1.0786218927349294
--------
nle(id0,id1,dist): 68 73 1.9447724001590627
list:
dist: 1.9447724001590627 vs. 1.9447724001590627
--------
nle(id0,id1,dist): 68 76 1.3528266171537306
list:
dist: 1.3528266171537306 vs. 1.3528266171537306
--------
nle(id0,id1,dist): 68 75 1.3584095636077327
list:
dist: 1.3584095636077327 vs. 1.3584095636077327
--------
nle(id0,id1,dist): 68 69 2.0621675282234717
list:
dist: 2.0621675282234717 vs. 2.0621675282234717
--------
nle(id0,id1,dist): 68 81 1.3580251104797967
list:
dist: 1.3580251104797967 vs. 1.3580251104797967
--------
nle(id0,id1,dist): 68 77 1.395043041709891
list:
dist: 1.395043041709891 vs. 1.395043041709891
--------
nle(id0,id1,dist): 68 78 3.0231405397314477
list:
dist: 3.0231405397314477 vs. 3.0231405397314477
--------
nle(id0,id1,dist): 68 79 1.8727662981732625
list:
dist: 1.8727662981732625 vs. 1.8727662981732625
--------
nle(id0,id1,dist): 68 86 1.9764331495529637
list:
dist: 1.9764331495529637 vs. 1.9764331495529637
--------
nle(id0,id1,dist): 68 87 3.1996347913105976
list:
dist: 3.1996347913105976 vs. 3.1996347913105976
--------
nle(id0,id1,dist): 71 72 3.7575053886849266
list:
dist: 3.7575053886849266 vs. 3.7575053886849266
--------
nle(id0,id1,dist): 70 71 3.0780669920056747
list:
dist: 3.0780669920056747 vs. 3.0780669920056747
--------
nle(id0,id1,dist): 70 73 3.0169661303165487
list:
dist: 3.0169661303165487 vs. 3.0169661303165487
--------
nle(id0,id1,dist): 70 75 3.2172184289535957
list:
dist: 3.2172184289535957 vs. 3.2172184289535957
--------
nle(id0,id1,dist): 70 76 2.137014158434452
list:
dist: 2.137014158434452 vs. 2.137014158434452
--------
nle(id0,id1,dist): 66 70 2.6210391658934995
list:
dist: 2.6210391658934995 vs. 2.6210391658934995
--------
nle(id0,id1,dist): 66 69 1.1682155459561698
list:
dist: 1.1682155459561698 vs. 1.1682155459561698
--------
nle(id0,id1,dist): 66 67 1.7985647953859485
list:
dist: 1.7985647953859485 vs. 1.7985647953859485
--------
nle(id0,id1,dist): 67 76 0.5309561329782888
list:
dist: 0.5309561329782888 vs. 0.5309561329782888
--------
nle(id0,id1,dist): 67 77 2.1686507337991023
list:
dist: 2.1686507337991023 vs. 2.1686507337991023
--------
nle(id0,id1,dist): 67 74 1.9431587291856804
list:
dist: 1.9431587291856804 vs. 1.9431587291856804
--------
nle(id0,id1,dist): 67 75 1.1556583469370456
list:
dist: 1.1556583469370456 vs. 1.1556583469370456
--------
nle(id0,id1,dist): 67 81 2.222165776338661
list:
dist: 2.222165776338661 vs. 2.222165776338661
--------
nle(id0,id1,dist): 67 78 3.1237316015910475
list:
dist: 3.1237316015910475 vs. 3.1237316015910475
--------
nle(id0,id1,dist): 67 79 2.863546243934616
list:
dist: 2.863546243934616 vs. 2.863546243934616
--------
nle(id0,id1,dist): 67 68 1.1716985676882294
list:
dist: 1.1716985676882294 vs. 1.1716985676882294
--------
nle(id0,id1,dist): 67 69 0.9582947860185206
list:
dist: 0.9582947860185206 vs. 0.9582947860185206
--------
nle(id0,id1,dist): 67 72 2.080941026613754
list:
dist: 2.080941026613754 vs. 2.080941026613754
--------
nle(id0,id1,dist): 67 73 1.4246907049758881
list:
dist: 1.4246907049758881 vs. 1.4246907049758881
--------
nle(id0,id1,dist): 67 70 2.3503692068890527
list:
dist: 2.3503692068890527 vs. 2.3503692068890527
--------
nle(id0,id1,dist): 67 85 3.057426160680281
list:
dist: 3.057426160680281 vs. 3.057426160680281
--------
nle(id0,id1,dist): 67 87 3.8946736715345667
list:
dist: 3.8946736715345667 vs. 3.8946736715345667
--------
nle(id0,id1,dist): 67 86 2.4030565593900324
list:
dist: 2.4030565593900324 vs. 2.4030565593900324
--------
nle(id0,id1,dist): 66 80 2.70168926085083
list:
dist: 2.70168926085083 vs. 2.70168926085083
--------
nle(id0,id1,dist): 66 85 2.4892032151946477
list:
dist: 2.4892032151946477 vs. 2.4892032151946477
--------
nle(id0,id1,dist): 66 86 2.3792958290644473
list:
dist: 2.3792958290644473 vs. 2.3792958290644473
--------
nle(id0,id1,dist): 66 71 3.637142387142821
list:
dist: 3.637142387142821 vs. 3.637142387142821
--------
nle(id0,id1,dist): 66 72 1.4011856561173228
list:
dist: 1.4011856561173228 vs. 1.4011856561173228
--------
nle(id0,id1,dist): 66 73 0.9548296390933038
list:
dist: 0.9548296390933038 vs. 0.9548296390933038
--------
nle(id0,id1,dist): 66 75 1.5401742930712017
list:
dist: 1.5401742930712017 vs. 1.5401742930712017
--------
nle(id0,id1,dist): 66 76 2.1717323880673347
list:
dist: 2.1717323880673347 vs. 2.1717323880673347
--------
nle(id0,id1,dist): 66 78 2.8640363874878294
list:
dist: 2.8640363874878294 vs. 2.8640363874878294
--------
nle(id0,id1,dist): 48 52 1.5629572812667758
list:
dist: 1.5629572812667758 vs. 1.5629572812667758
--------
nle(id0,id1,dist): 48 54 3.7117340244929835
list:
dist: 3.7117340244929835 vs. 3.7117340244929835
--------
nle(id0,id1,dist): 48 58 1.4675618945627014
list:
dist: 1.4675618945627014 vs. 1.4675618945627014
--------
nle(id0,id1,dist): 49 50 1.597597925336765
list:
dist: 1.597597925336765 vs. 1.597597925336765
--------
nle(id0,id1,dist): 49 51 2.349621837807281
list:
dist: 2.349621837807281 vs. 2.349621837807281
--------
nle(id0,id1,dist): 49 54 0.9004246134993932
list:
dist: 0.9004246134993932 vs. 0.9004246134993932
--------
nle(id0,id1,dist): 49 55 3.0957164171858174
list:
dist: 3.0957164171858174 vs. 3.0957164171858174
--------
nle(id0,id1,dist): 49 59 1.2609382654774832
list:
dist: 1.2609382654774832 vs. 1.2609382654774832
--------
nle(id0,id1,dist): 50 53 2.3879672127838703
list:
dist: 2.3879672127838703 vs. 2.3879672127838703
--------
nle(id0,id1,dist): 50 54 1.6822762042085875
list:
dist: 1.6822762042085875 vs. 1.6822762042085875
--------
nle(id0,id1,dist): 50 51 1.9706091959441037
list:
dist: 1.9706091959441037 vs. 1.9706091959441037
--------
nle(id0,id1,dist): 50 52 3.893942130383048
list:
dist: 3.893942130383048 vs. 3.893942130383048
--------
nle(id0,id1,dist): 50 59 1.0066197370056869
list:
dist: 1.0066197370056869 vs. 1.0066197370056869
--------
nle(id0,id1,dist): 50 56 1.9788661082465009
list:
dist: 1.9788661082465009 vs. 1.9788661082465009
--------
nle(id0,id1,dist): 50 55 3.1487292426968843
list:
dist: 3.1487292426968843 vs. 3.1487292426968843
--------
nle(id0,id1,dist): 50 58 2.9215055689237426
list:
dist: 2.9215055689237426 vs. 2.9215055689237426
--------
nle(id0,id1,dist): 50 57 1.795470630665507
list:
dist: 1.795470630665507 vs. 1.795470630665507
--------
nle(id0,id1,dist): 45 46 3.039334637185401
list:
dist: 3.039334637185401 vs. 3.039334637185401
--------
nle(id0,id1,dist): 44 56 2.9843455688203466
list:
dist: 2.9843455688203466 vs. 2.9843455688203466
--------
nle(id0,id1,dist): 44 53 2.9820266895790546
list:
dist: 2.9820266895790546 vs. 2.9820266895790546
--------
nle(id0,id1,dist): 44 57 2.714917938045327
list:
dist: 2.714917938045327 vs. 2.714917938045327
--------
nle(id0,id1,dist): 44 58 3.230473970996912
list:
dist: 3.230473970996912 vs. 3.230473970996912
--------
nle(id0,id1,dist): 45 56 4.0813342904372885
list:
dist: 4.0813342904372885 vs. 4.0813342904372885
--------
nle(id0,id1,dist): 45 57 3.1871512439245704
list:
dist: 3.1871512439245704 vs. 3.1871512439245704
--------
nle(id0,id1,dist): 45 59 3.3604522039643436
list:
dist: 3.3604522039643436 vs. 3.3604522039643436
--------
nle(id0,id1,dist): 45 49 3.4474320435124053
list:
dist: 3.4474320435124053 vs. 3.4474320435124053
--------
nle(id0,id1,dist): 45 50 2.4193223592276047
list:
dist: 2.4193223592276047 vs. 2.4193223592276047
--------
nle(id0,id1,dist): 45 51 4.314859994868888
list:
dist: 4.314859994868888 vs. 4.314859994868888
--------
nle(id0,id1,dist): 45 53 4.532177164027925
list:
dist: 4.532177164027925 vs. 4.532177164027925
--------
nle(id0,id1,dist): 46 59 1.3184077902198896
list:
dist: 1.3184077902198896 vs. 1.3184077902198896
--------
nle(id0,id1,dist): 46 57 1.3172620934931847
list:
dist: 1.3172620934931847 vs. 1.3172620934931847
--------
nle(id0,id1,dist): 46 58 2.5101561624286224
list:
dist: 2.5101561624286224 vs. 2.5101561624286224
--------
nle(id0,id1,dist): 46 55 3.5310654928982945
list:
dist: 3.5310654928982945 vs. 3.5310654928982945
--------
nle(id0,id1,dist): 46 56 1.0612415225321337
list:
dist: 1.0612415225321337 vs. 1.0612415225321337
--------
nle(id0,id1,dist): 46 53 1.6126453989795457
list:
dist: 1.6126453989795457 vs. 1.6126453989795457
--------
nle(id0,id1,dist): 46 54 2.2335968861507096
list:
dist: 2.2335968861507096 vs. 2.2335968861507096
--------
nle(id0,id1,dist): 46 51 1.5000522446978528
list:
dist: 1.5000522446978528 vs. 1.5000522446978528
--------
nle(id0,id1,dist): 46 52 3.425533597770831
list:
dist: 3.425533597770831 vs. 3.425533597770831
--------
nle(id0,id1,dist): 46 49 2.3357354952920546
list:
dist: 2.3357354952920546 vs. 2.3357354952920546
--------
nle(id0,id1,dist): 46 50 1.0287426032461613
list:
dist: 1.0287426032461613 vs. 1.0287426032461613
--------
nle(id0,id1,dist): 47 57 2.884798320373441
list:
dist: 2.884798320373441 vs. 2.884798320373441
--------
nle(id0,id1,dist): 47 56 2.717296204725353
list:
dist: 2.717296204725353 vs. 2.717296204725353
--------
nle(id0,id1,dist): 47 53 2.991320177506231
list:
dist: 2.991320177506231 vs. 2.991320177506231
--------
nle(id0,id1,dist): 55 59 3.627628088928862
list:
dist: 3.627628088928862 vs. 3.627628088928862
--------
nle(id0,id1,dist): 56 58 2.1066286359055324
list:
dist: 2.1066286359055324 vs. 2.1066286359055324
--------
nle(id0,id1,dist): 56 57 1.6027154947643698
list:
dist: 1.6027154947643698 vs. 1.6027154947643698
--------
nle(id0,id1,dist): 56 59 1.7431469474176755
list:
dist: 1.7431469474176755 vs. 1.7431469474176755
--------
nle(id0,id1,dist): 57 59 1.9675053733326604
list:
dist: 1.9675053733326604 vs. 1.9675053733326604
--------
nle(id0,id1,dist): 57 58 1.7508981425295487
list:
dist: 1.7508981425295487 vs. 1.7508981425295487
--------
nle(id0,id1,dist): 51 58 1.7977800374095816
list:
dist: 1.7977800374095816 vs. 1.7977800374095816
--------
nle(id0,id1,dist): 51 59 1.2440874396873502
list:
dist: 1.2440874396873502 vs. 1.2440874396873502
--------
nle(id0,id1,dist): 51 52 3.037368349275955
list:
dist: 3.037368349275955 vs. 3.037368349275955
--------
nle(id0,id1,dist): 51 53 0.8308715975735645
list:
dist: 0.8308715975735645 vs. 0.8308715975735645
--------
nle(id0,id1,dist): 51 54 1.847900733700215
list:
dist: 1.847900733700215 vs. 1.847900733700215
--------
nle(id0,id1,dist): 51 55 4.367669042813838
list:
dist: 4.367669042813838 vs. 4.367669042813838
--------
nle(id0,id1,dist): 51 56 1.002479331982131
list:
dist: 1.002479331982131 vs. 1.002479331982131
--------
nle(id0,id1,dist): 51 57 1.9319487978563197
list:
dist: 1.9319487978563197 vs. 1.9319487978563197
--------
nle(id0,id1,dist): 52 56 3.0637357222030674
list:
dist: 3.0637357222030674 vs. 3.0637357222030674
--------
nle(id0,id1,dist): 52 53 2.575444471945699
list:
dist: 2.575444471945699 vs. 2.575444471945699
--------
nle(id0,id1,dist): 52 54 4.027311457141273
list:
dist: 4.027311457141273 vs. 4.027311457141273
--------
nle(id0,id1,dist): 52 59 3.603126720375897
list:
dist: 3.603126720375897 vs. 3.603126720375897
--------
nle(id0,id1,dist): 52 57 2.3019042153341345
list:
dist: 2.3019042153341345 vs. 2.3019042153341345
--------
nle(id0,id1,dist): 52 58 1.3212712812355067
list:
dist: 1.3212712812355067 vs. 1.3212712812355067
--------
nle(id0,id1,dist): 53 54 2.614762716026907
list:
dist: 2.614762716026907 vs. 2.614762716026907
--------
nle(id0,id1,dist): 53 57 1.7071700679823762
list:
dist: 1.7071700679823762 vs. 1.7071700679823762
--------
nle(id0,id1,dist): 53 56 0.7133131713850064
list:
dist: 0.7133131713850064 vs. 0.7133131713850064
--------
nle(id0,id1,dist): 53 59 1.9147899497287815
list:
dist: 1.9147899497287815 vs. 1.9147899497287815
--------
nle(id0,id1,dist): 53 58 1.551588596586562
list:
dist: 1.551588596586562 vs. 1.551588596586562
--------
nle(id0,id1,dist): 54 59 0.9207361717679191
list:
dist: 0.9207361717679191 vs. 0.9207361717679191
--------
nle(id0,id1,dist): 54 58 2.8068463430951933
list:
dist: 2.8068463430951933 vs. 2.8068463430951933
--------
nle(id0,id1,dist): 54 57 2.717449557974554
list:
dist: 2.717449557974554 vs. 2.717449557974554
--------
nle(id0,id1,dist): 54 56 2.5855978089506135
list:
dist: 2.5855978089506135 vs. 2.5855978089506135
--------
nle(id0,id1,dist): 93 96 3.333867382032685
list:
dist: 3.333867382032685 vs. 3.333867382032685
--------
nle(id0,id1,dist): 93 99 3.2908888498869087
list:
dist: 3.2908888498869087 vs. 3.2908888498869087
--------
nle(id0,id1,dist): 93 101 1.2306362385183376
list:
dist: 1.2306362385183376 vs. 1.2306362385183376
--------
nle(id0,id1,dist): 93 100 2.097850394373757
list:
dist: 2.097850394373757 vs. 2.097850394373757
--------
nle(id0,id1,dist): 93 102 3.1228325474223824
list:
dist: 3.1228325474223824 vs. 3.1228325474223824
--------
nle(id0,id1,dist): 93 105 3.1189110703006495
list:
dist: 3.1189110703006495 vs. 3.1189110703006495
--------
nle(id0,id1,dist): 93 104 2.7614780705482826
list:
dist: 2.7614780705482826 vs. 2.7614780705482826
--------
nle(id0,id1,dist): 93 107 3.3743873385431686
list:
dist: 3.3743873385431686 vs. 3.3743873385431686
--------
nle(id0,id1,dist): 93 108 1.996500243074737
list:
dist: 1.996500243074737 vs. 1.996500243074737
--------
nle(id0,id1,dist): 94 109 2.9160649220055035
list:
dist: 2.9160649220055035 vs. 2.9160649220055035
--------
nle(id0,id1,dist): 94 110 1.3978372393766276
list:
dist: 1.3978372393766276 vs. 1.3978372393766276
--------
nle(id0,id1,dist): 94 107 1.5819280887383862
list:
dist: 1.5819280887383862 vs. 1.5819280887383862
--------
nle(id0,id1,dist): 94 108 0.7572449887467938
list:
dist: 0.7572449887467938 vs. 0.7572449887467938
--------
nle(id0,id1,dist): 94 113 1.6829760621261067
list:
dist: 1.6829760621261067 vs. 1.6829760621261067
--------
nle(id0,id1,dist): 94 112 1.9947031590346558
list:
dist: 1.9947031590346558 vs. 1.9947031590346558
--------
nle(id0,id1,dist): 94 117 3.535300065122686
list:
dist: 3.535300065122686 vs. 3.535300065122686
--------
nle(id0,id1,dist): 94 118 2.461358523907629
list:
dist: 2.461358523907629 vs. 2.461358523907629
--------
nle(id0,id1,dist): 94 115 2.816611632577687
list:
dist: 2.816611632577687 vs. 2.816611632577687
--------
nle(id0,id1,dist): 94 116 3.571583672433727
list:
dist: 3.571583672433727 vs. 3.571583672433727
--------
nle(id0,id1,dist): 94 119 2.544039893191999
list:
dist: 2.544039893191999 vs. 2.544039893191999
--------
nle(id0,id1,dist): 94 97 1.2517666033340367
list:
dist: 1.2517666033340367 vs. 1.2517666033340367
--------
nle(id0,id1,dist): 94 96 2.550305547834724
list:
dist: 2.550305547834724 vs. 2.550305547834724
--------
nle(id0,id1,dist): 94 95 1.149051009937682
list:
dist: 1.149051009937682 vs. 1.149051009937682
--------
nle(id0,id1,dist): 94 102 1.4486244850467012
list:
dist: 1.4486244850467012 vs. 1.4486244850467012
--------
nle(id0,id1,dist): 94 101 1.4626949027058165
list:
dist: 1.4626949027058165 vs. 1.4626949027058165
--------
nle(id0,id1,dist): 94 99 1.1732996305463865
list:
dist: 1.1732996305463865 vs. 1.1732996305463865
--------
nle(id0,id1,dist): 94 106 1.0764484077435446
list:
dist: 1.0764484077435446 vs. 1.0764484077435446
--------
nle(id0,id1,dist): 94 105 2.2137441539714926
list:
dist: 2.2137441539714926 vs. 2.2137441539714926
--------
nle(id0,id1,dist): 94 104 1.0460555609540578
list:
dist: 1.0460555609540578 vs. 1.0460555609540578
--------
nle(id0,id1,dist): 94 103 2.1393734219932408
list:
dist: 2.1393734219932408 vs. 2.1393734219932408
--------
nle(id0,id1,dist): 92 97 2.292869317124614
list:
dist: 2.292869317124614 vs. 2.292869317124614
--------
nle(id0,id1,dist): 92 99 1.512004385691607
list:
dist: 1.512004385691607 vs. 1.512004385691607
--------
nle(id0,id1,dist): 92 93 2.5654076915703805
list:
dist: 2.5654076915703805 vs. 2.5654076915703805
--------
nle(id0,id1,dist): 92 94 1.2553977551825666
list:
dist: 1.2553977551825666 vs. 1.2553977551825666
--------
nle(id0,id1,dist): 92 95 0.9185027405403112
list:
dist: 0.9185027405403112 vs. 0.9185027405403112
--------
nle(id0,id1,dist): 92 96 1.3419886158657715
list:
dist: 1.3419886158657715 vs. 1.3419886158657715
--------
nle(id0,id1,dist): 91 110 1.7870001881660238
list:
dist: 1.7870001881660238 vs. 1.7870001881660238
--------
nle(id0,id1,dist): 91 113 1.9937025444818617
list:
dist: 1.9937025444818617 vs. 1.9937025444818617
--------
nle(id0,id1,dist): 91 112 2.389751063055851
list:
dist: 2.389751063055851 vs. 2.389751063055851
--------
nle(id0,id1,dist): 91 107 1.84039122436356
list:
dist: 1.84039122436356 vs. 1.84039122436356
--------
nle(id0,id1,dist): 91 106 1.257811973659367
list:
dist: 1.257811973659367 vs. 1.257811973659367
--------
nle(id0,id1,dist): 91 109 3.269842141374318
list:
dist: 3.269842141374318 vs. 3.269842141374318
--------
nle(id0,id1,dist): 91 108 0.6851533885237975
list:
dist: 0.6851533885237975 vs. 0.6851533885237975
--------
nle(id0,id1,dist): 91 119 2.906448499161684
list:
dist: 2.906448499161684 vs. 2.906448499161684
--------
nle(id0,id1,dist): 91 118 2.831192993378087
list:
dist: 2.831192993378087 vs. 2.831192993378087
--------
nle(id0,id1,dist): 91 115 3.220227749096905
list:
dist: 3.220227749096905 vs. 3.220227749096905
--------
nle(id0,id1,dist): 91 117 3.8188343986696403
list:
dist: 3.8188343986696403 vs. 3.8188343986696403
--------
nle(id0,id1,dist): 91 116 3.9286035310169063
list:
dist: 3.9286035310169063 vs. 3.9286035310169063
--------
nle(id0,id1,dist): 92 119 2.507053089740309
list:
dist: 2.507053089740309 vs. 2.507053089740309
--------
nle(id0,id1,dist): 92 117 2.7301266709355425
list:
dist: 2.7301266709355425 vs. 2.7301266709355425
--------
nle(id0,id1,dist): 92 118 3.045248984755819
list:
dist: 3.045248984755819 vs. 3.045248984755819
--------
nle(id0,id1,dist): 93 94 2.19571391195584
list:
dist: 2.19571391195584 vs. 2.19571391195584
--------
nle(id0,id1,dist): 93 95 2.7278572380995603
list:
dist: 2.7278572380995603 vs. 2.7278572380995603
--------
nle(id0,id1,dist): 92 108 1.5855097647754053
list:
dist: 1.5855097647754053 vs. 1.5855097647754053
--------
nle(id0,id1,dist): 92 107 1.0107431229792139
list:
dist: 1.0107431229792139 vs. 1.0107431229792139
--------
nle(id0,id1,dist): 92 106 2.270993571200923
list:
dist: 2.270993571200923 vs. 2.270993571200923
--------
nle(id0,id1,dist): 92 105 0.9808514211997404
list:
dist: 0.9808514211997404 vs. 0.9808514211997404
--------
nle(id0,id1,dist): 92 104 1.7934375469627128
list:
dist: 1.7934375469627128 vs. 1.7934375469627128
--------
nle(id0,id1,dist): 92 103 2.0994273768689427
list:
dist: 2.0994273768689427 vs. 2.0994273768689427
--------
nle(id0,id1,dist): 92 102 0.7710139726692081
list:
dist: 0.7710139726692081 vs. 0.7710139726692081
--------
nle(id0,id1,dist): 92 101 1.4431302460166937
list:
dist: 1.4431302460166937 vs. 1.4431302460166937
--------
nle(id0,id1,dist): 92 116 3.18772364397389
list:
dist: 3.18772364397389 vs. 3.18772364397389
--------
nle(id0,id1,dist): 92 115 2.969895196569811
list:
dist: 2.969895196569811 vs. 2.969895196569811
--------
nle(id0,id1,dist): 92 113 1.198510423323432
list:
dist: 1.198510423323432 vs. 1.198510423323432
--------
nle(id0,id1,dist): 92 112 2.1464358663827934
list:
dist: 2.1464358663827934 vs. 2.1464358663827934
--------
nle(id0,id1,dist): 92 110 1.9724778905096343
list:
dist: 1.9724778905096343 vs. 1.9724778905096343
--------
nle(id0,id1,dist): 92 109 2.5040146246530774
list:
dist: 2.5040146246530774 vs. 2.5040146246530774
--------
nle(id0,id1,dist): 97 103 2.2034912428137656
list:
dist: 2.2034912428137656 vs. 2.2034912428137656
--------
nle(id0,id1,dist): 97 102 2.2943765993997074
list:
dist: 2.2943765993997074 vs. 2.2943765993997074
--------
nle(id0,id1,dist): 97 104 1.6170623043986216
list:
dist: 1.6170623043986216 vs. 1.6170623043986216
--------
nle(id0,id1,dist): 97 107 2.0622686681268987
list:
dist: 2.0622686681268987 vs. 2.0622686681268987
--------
nle(id0,id1,dist): 97 106 0.4879578486906602
list:
dist: 0.4879578486906602 vs. 0.4879578486906602
--------
nle(id0,id1,dist): 97 99 1.1396686465959829
list:
dist: 1.1396686465959829 vs. 1.1396686465959829
--------
nle(id0,id1,dist): 96 113 1.9165492045083552
list:
dist: 1.9165492045083552 vs. 1.9165492045083552
--------
nle(id0,id1,dist): 96 116 3.3381479187259386
list:
dist: 3.3381479187259386 vs. 3.3381479187259386
--------
nle(id0,id1,dist): 96 117 2.495271094524456
list:
dist: 2.495271094524456 vs. 2.495271094524456
--------
nle(id0,id1,dist): 97 118 1.496529067845607
list:
dist: 1.496529067845607 vs. 1.496529067845607
--------
nle(id0,id1,dist): 97 119 2.1795908411777067
list:
dist: 2.1795908411777067 vs. 2.1795908411777067
--------
nle(id0,id1,dist): 97 116 3.412350091855646
list:
dist: 3.412350091855646 vs. 3.412350091855646
--------
nle(id0,id1,dist): 97 117 3.8254046327696147
list:
dist: 3.8254046327696147 vs. 3.8254046327696147
--------
nle(id0,id1,dist): 97 110 0.8984678129630411
list:
dist: 0.8984678129630411 vs. 0.8984678129630411
--------
nle(id0,id1,dist): 97 108 1.3111192077215863
list:
dist: 1.3111192077215863 vs. 1.3111192077215863
--------
nle(id0,id1,dist): 97 109 2.92722393375372
list:
dist: 2.92722393375372 vs. 2.92722393375372
--------
nle(id0,id1,dist): 97 115 2.410387147143381
list:
dist: 2.410387147143381 vs. 2.410387147143381
--------
nle(id0,id1,dist): 97 112 1.6910679455859396
list:
dist: 1.6910679455859396 vs. 1.6910679455859396
--------
nle(id0,id1,dist): 97 113 2.113784182301737
list:
dist: 2.113784182301737 vs. 2.113784182301737
--------
nle(id0,id1,dist): 95 115 2.641691222041424
list:
dist: 2.641691222041424 vs. 2.641691222041424
--------
nle(id0,id1,dist): 95 117 2.927139247333108
list:
dist: 2.927139247333108 vs. 2.927139247333108
--------
nle(id0,id1,dist): 95 116 3.268083235774945
list:
dist: 3.268083235774945 vs. 3.268083235774945
--------
nle(id0,id1,dist): 95 110 1.8392429132114942
list:
dist: 1.8392429132114942 vs. 1.8392429132114942
--------
nle(id0,id1,dist): 95 113 1.2904186352997586
list:
dist: 1.2904186352997586 vs. 1.2904186352997586
--------
nle(id0,id1,dist): 95 112 2.0247183253904817
list:
dist: 2.0247183253904817 vs. 2.0247183253904817
--------
nle(id0,id1,dist): 95 107 1.448265704922594
list:
dist: 1.448265704922594 vs. 1.448265704922594
--------
nle(id0,id1,dist): 95 106 2.0956006632052953
list:
dist: 2.0956006632052953 vs. 2.0956006632052953
--------
nle(id0,id1,dist): 95 109 2.506137055492572
list:
dist: 2.506137055492572 vs. 2.506137055492572
--------
nle(id0,id1,dist): 95 108 1.8235209525253773
list:
dist: 1.8235209525253773 vs. 1.8235209525253773
--------
nle(id0,id1,dist): 95 103 1.6868106612076263
list:
dist: 1.6868106612076263 vs. 1.6868106612076263
--------
nle(id0,id1,dist): 95 102 0.6003011771545611
list:
dist: 0.6003011771545611 vs. 0.6003011771545611
--------
nle(id0,id1,dist): 95 105 1.5038020742787626
list:
dist: 1.5038020742787626 vs. 1.5038020742787626
--------
nle(id0,id1,dist): 95 104 1.058682005676405
list:
dist: 1.058682005676405 vs. 1.058682005676405
--------
nle(id0,id1,dist): 95 99 1.5490665564339534
list:
dist: 1.5490665564339534 vs. 1.5490665564339534
--------
nle(id0,id1,dist): 95 101 1.8994394183725802
list:
dist: 1.8994394183725802 vs. 1.8994394183725802
--------
nle(id0,id1,dist): 95 96 2.130754008894311
list:
dist: 2.130754008894311 vs. 2.130754008894311
--------
nle(id0,id1,dist): 95 97 2.1455155593371114
list:
dist: 2.1455155593371114 vs. 2.1455155593371114
--------
nle(id0,id1,dist): 96 109 2.810594526013529
list:
dist: 2.810594526013529 vs. 2.810594526013529
--------
nle(id0,id1,dist): 96 108 2.6592525128277553
list:
dist: 2.6592525128277553 vs. 2.6592525128277553
--------
nle(id0,id1,dist): 96 107 1.6371873580916076
list:
dist: 1.6371873580916076 vs. 1.6371873580916076
--------
nle(id0,id1,dist): 96 105 0.8111301557611671
list:
dist: 0.8111301557611671 vs. 0.8111301557611671
--------
nle(id0,id1,dist): 96 104 3.1144948548691858
list:
dist: 3.1144948548691858 vs. 3.1144948548691858
--------
nle(id0,id1,dist): 96 103 2.9439490957950394
list:
dist: 2.9439490957950394 vs. 2.9439490957950394
--------
nle(id0,id1,dist): 96 102 1.7568824511492516
list:
dist: 1.7568824511492516 vs. 1.7568824511492516
--------
nle(id0,id1,dist): 96 101 2.172839759076854
list:
dist: 2.172839759076854 vs. 2.172839759076854
--------
nle(id0,id1,dist): 96 99 2.5269441445756025
list:
dist: 2.5269441445756025 vs. 2.5269441445756025
--------
nle(id0,id1,dist): 95 118 2.909244044706167
list:
dist: 2.909244044706167 vs. 2.909244044706167
--------
nle(id0,id1,dist): 95 119 2.6290293237100144
list:
dist: 2.6290293237100144 vs. 2.6290293237100144
--------
nle(id0,id1,dist): 87 89 3.2176012124320685
list:
dist: 3.2176012124320685 vs. 3.2176012124320685
--------
nle(id0,id1,dist): 85 86 2.3933260837274144
list:
dist: 2.3933260837274144 vs. 2.3933260837274144
--------
nle(id0,id1,dist): 85 89 2.1669509496621844
list:
dist: 2.1669509496621844 vs. 2.1669509496621844
--------
nle(id0,id1,dist): 86 87 1.6636687706868076
list:
dist: 1.6636687706868076 vs. 1.6636687706868076
--------
nle(id0,id1,dist): 86 89 3.38492419407597
list:
dist: 3.38492419407597 vs. 3.38492419407597
--------
nle(id0,id1,dist): 90 93 0.5271367509776953
list:
dist: 0.5271367509776953 vs. 0.5271367509776953
--------
nle(id0,id1,dist): 90 94 2.378441563216143
list:
dist: 2.378441563216143 vs. 2.378441563216143
--------
nle(id0,id1,dist): 90 91 1.9862383174480902
list:
dist: 1.9862383174480902 vs. 1.9862383174480902
--------
nle(id0,id1,dist): 90 92 2.6874108107844323
list:
dist: 2.6874108107844323 vs. 2.6874108107844323
--------
nle(id0,id1,dist): 90 105 3.151768732866973
list:
dist: 3.151768732866973 vs. 3.151768732866973
--------
nle(id0,id1,dist): 90 104 2.7651218274161726
list:
dist: 2.7651218274161726 vs. 2.7651218274161726
--------
nle(id0,id1,dist): 90 108 2.3327515330456943
list:
dist: 2.3327515330456943 vs. 2.3327515330456943
--------
nle(id0,id1,dist): 90 107 3.571338737318982
list:
dist: 3.571338737318982 vs. 3.571338737318982
--------
nle(id0,id1,dist): 90 96 3.4662555779301205
list:
dist: 3.4662555779301205 vs. 3.4662555779301205
--------
nle(id0,id1,dist): 90 95 2.7296229910562597
list:
dist: 2.7296229910562597 vs. 2.7296229910562597
--------
nle(id0,id1,dist): 90 102 3.173563386553401
list:
dist: 3.173563386553401 vs. 3.173563386553401
--------
nle(id0,id1,dist): 90 101 1.5083106315555355
list:
dist: 1.5083106315555355 vs. 1.5083106315555355
--------
nle(id0,id1,dist): 90 100 2.1879817902309795
list:
dist: 2.1879817902309795 vs. 2.1879817902309795
--------
nle(id0,id1,dist): 90 99 3.5156675744795347
list:
dist: 3.5156675744795347 vs. 3.5156675744795347
--------
nle(id0,id1,dist): 91 99 1.5441650883670603
list:
dist: 1.5441650883670603 vs. 1.5441650883670603
--------
nle(id0,id1,dist): 91 101 1.1314041596784077
list:
dist: 1.1314041596784077 vs. 1.1314041596784077
--------
nle(id0,id1,dist): 91 103 2.5159516413189467
list:
dist: 2.5159516413189467 vs. 2.5159516413189467
--------
nle(id0,id1,dist): 91 102 1.6646943368798612
list:
dist: 1.6646943368798612 vs. 1.6646943368798612
--------
nle(id0,id1,dist): 91 105 2.2427181145554087
list:
dist: 2.2427181145554087 vs. 2.2427181145554087
--------
nle(id0,id1,dist): 91 104 1.2625178705921087
list:
dist: 1.2625178705921087 vs. 1.2625178705921087
--------
nle(id0,id1,dist): 91 93 1.7904332836860057
list:
dist: 1.7904332836860057 vs. 1.7904332836860057
--------
nle(id0,id1,dist): 91 92 1.3233313066757981
list:
dist: 1.3233313066757981 vs. 1.3233313066757981
--------
nle(id0,id1,dist): 91 95 1.3122669954789024
list:
dist: 1.3122669954789024 vs. 1.3122669954789024
--------
nle(id0,id1,dist): 91 94 0.4055096784359106
list:
dist: 0.4055096784359106 vs. 0.4055096784359106
--------
nle(id0,id1,dist): 91 97 1.5326672555957859
list:
dist: 1.5326672555957859 vs. 1.5326672555957859
--------
nle(id0,id1,dist): 91 96 2.5642599535665695
list:
dist: 2.5642599535665695 vs. 2.5642599535665695
--------
nle(id0,id1,dist): 88 89 1.1905487626219347
list:
dist: 1.1905487626219347 vs. 1.1905487626219347
--------
nle(id0,id1,dist): 81 86 3.1496386492109325
list:
dist: 3.1496386492109325 vs. 3.1496386492109325
--------
nle(id0,id1,dist): 81 87 3.997202526267654
list:
dist: 3.997202526267654 vs. 3.997202526267654
--------
nle(id0,id1,dist): 80 85 2.6752122985959943
list:
dist: 2.6752122985959943 vs. 2.6752122985959943
--------
nle(id0,id1,dist): 79 89 5.1896939294495095
list:
dist: 5.1896939294495095 vs. 5.1896939294495095
--------
nle(id0,id1,dist): 79 86 2.593352490078049
list:
dist: 2.593352490078049 vs. 2.593352490078049
--------
nle(id0,id1,dist): 79 87 2.763123341453165
list:
dist: 2.763123341453165 vs. 2.763123341453165
--------
nle(id0,id1,dist): 79 81 1.7726097692945995
list:
dist: 1.7726097692945995 vs. 1.7726097692945995
--------
nle(id0,id1,dist): 79 84 2.483334754716774
list:
dist: 2.483334754716774 vs. 2.483334754716774
--------
nle(id0,id1,dist): 79 83 2.7807027139457694
list:
dist: 2.7807027139457694 vs. 2.7807027139457694
--------
nle(id0,id1,dist): 79 82 3.7395102362605743
list:
dist: 3.7395102362605743 vs. 3.7395102362605743
--------
nle(id0,id1,dist): 78 79 3.234819855749863
list:
dist: 3.234819855749863 vs. 3.234819855749863
--------
nle(id0,id1,dist): 78 82 0.6678589764819577
list:
dist: 0.6678589764819577 vs. 0.6678589764819577
--------
nle(id0,id1,dist): 78 81 4.189139748514491
list:
dist: 4.189139748514491 vs. 4.189139748514491
--------
nle(id0,id1,dist): 78 84 1.888001345867598
list:
dist: 1.888001345867598 vs. 1.888001345867598
--------
nle(id0,id1,dist): 78 83 0.9957893952249466
list:
dist: 0.9957893952249466 vs. 0.9957893952249466
--------
nle(id0,id1,dist): 78 86 1.5401381131093563
list:
dist: 1.5401381131093563 vs. 1.5401381131093563
--------
nle(id0,id1,dist): 78 85 1.277709774632607
list:
dist: 1.277709774632607 vs. 1.277709774632607
--------
nle(id0,id1,dist): 78 87 1.9137693220731866
list:
dist: 1.9137693220731866 vs. 1.9137693220731866
--------
nle(id0,id1,dist): 78 89 2.0601387715952826
list:
dist: 2.0601387715952826 vs. 2.0601387715952826
--------
nle(id0,id1,dist): 84 89 3.1921971599580474
list:
dist: 3.1921971599580474 vs. 3.1921971599580474
--------
nle(id0,id1,dist): 84 87 1.0512145128025423
list:
dist: 1.0512145128025423 vs. 1.0512145128025423
--------
nle(id0,id1,dist): 84 88 3.2820723147763444
list:
dist: 3.2820723147763444 vs. 3.2820723147763444
--------
nle(id0,id1,dist): 84 86 2.17845775368896
list:
dist: 2.17845775368896 vs. 2.17845775368896
--------
nle(id0,id1,dist): 83 86 1.8031947564460027
list:
dist: 1.8031947564460027 vs. 1.8031947564460027
--------
nle(id0,id1,dist): 83 87 1.3375095373356185
list:
dist: 1.3375095373356185 vs. 1.3375095373356185
--------
nle(id0,id1,dist): 83 88 2.8375981041116223
list:
dist: 2.8375981041116223 vs. 2.8375981041116223
--------
nle(id0,id1,dist): 83 89 2.4691957652118233
list:
dist: 2.4691957652118233 vs. 2.4691957652118233
--------
nle(id0,id1,dist): 83 84 0.9241233487265366
list:
dist: 0.9241233487265366 vs. 0.9241233487265366
--------
nle(id0,id1,dist): 82 89 1.5814271472877857
list:
dist: 1.5814271472877857 vs. 1.5814271472877857
--------
nle(id0,id1,dist): 82 87 2.4094062899083504
list:
dist: 2.4094062899083504 vs. 2.4094062899083504
--------
nle(id0,id1,dist): 82 88 2.4279773977655457
list:
dist: 2.4279773977655457 vs. 2.4279773977655457
--------
nle(id0,id1,dist): 82 84 2.2230423202749736
list:
dist: 2.2230423202749736 vs. 2.2230423202749736
--------
nle(id0,id1,dist): 82 83 1.3094602813930574
list:
dist: 1.3094602813930574 vs. 1.3094602813930574
--------
nle(id0,id1,dist): 82 86 2.2009078373625397
list:
dist: 2.2009078373625397 vs. 2.2009078373625397
--------
nle(id0,id1,dist): 82 85 1.0592171970554072
list:
dist: 1.0592171970554072 vs. 1.0592171970554072
--------
nle(id0,id1,dist): 74 76 2.2887872697159386
list:
dist: 2.2887872697159386 vs. 2.2887872697159386
--------
nle(id0,id1,dist): 74 75 1.3949845985734743
list:
dist: 1.3949845985734743 vs. 1.3949845985734743
--------
nle(id0,id1,dist): 74 78 2.248374891862422
list:
dist: 2.248374891862422 vs. 2.248374891862422
--------
nle(id0,id1,dist): 74 77 0.41012400783145936
list:
dist: 0.41012400783145936 vs. 0.41012400783145936
--------
nle(id0,id1,dist): 74 83 2.1652602115775155
list:
dist: 2.1652602115775155 vs. 2.1652602115775155
--------
nle(id0,id1,dist): 74 84 2.260575745263877
list:
dist: 2.260575745263877 vs. 2.260575745263877
--------
nle(id0,id1,dist): 74 86 1.3134723519924378
list:
dist: 1.3134723519924378 vs. 1.3134723519924378
--------
nle(id0,id1,dist): 74 79 1.379781314913405
list:
dist: 1.379781314913405 vs. 1.379781314913405
--------
nle(id0,id1,dist): 74 81 1.9917605856547929
list:
dist: 1.9917605856547929 vs. 1.9917605856547929
--------
nle(id0,id1,dist): 74 82 2.847589686348628
list:
dist: 2.847589686348628 vs. 2.847589686348628
--------
nle(id0,id1,dist): 74 87 2.1829690225242984
list:
dist: 2.1829690225242984 vs. 2.1829690225242984
--------
nle(id0,id1,dist): 74 89 4.293923762520409
list:
dist: 4.293923762520409 vs. 4.293923762520409
--------
nle(id0,id1,dist): 73 75 0.665691878746021
list:
dist: 0.665691878746021 vs. 0.665691878746021
--------
nle(id0,id1,dist): 73 74 2.0309466772624067
list:
dist: 2.0309466772624067 vs. 2.0309466772624067
--------
nle(id0,id1,dist): 73 81 3.2885306736730526
list:
dist: 3.2885306736730526 vs. 3.2885306736730526
--------
nle(id0,id1,dist): 73 79 3.323106775611794
list:
dist: 3.323106775611794 vs. 3.323106775611794
--------
nle(id0,id1,dist): 73 78 2.077391305307604
list:
dist: 2.077391305307604 vs. 2.077391305307604
--------
nle(id0,id1,dist): 73 77 1.9861371372681629
list:
dist: 1.9861371372681629 vs. 1.9861371372681629
--------
nle(id0,id1,dist): 73 76 1.9338218819379132
list:
dist: 1.9338218819379132 vs. 1.9338218819379132
--------
nle(id0,id1,dist): 73 86 1.6400587456583018
list:
dist: 1.6400587456583018 vs. 1.6400587456583018
--------
nle(id0,id1,dist): 73 87 3.218728228094175
list:
dist: 3.218728228094175 vs. 3.218728228094175
--------
nle(id0,id1,dist): 73 85 1.9254233370247127
list:
dist: 1.9254233370247127 vs. 1.9254233370247127
--------
nle(id0,id1,dist): 72 73 0.9308936982650363
list:
dist: 0.9308936982650363 vs. 0.9308936982650363
--------
nle(id0,id1,dist): 72 76 2.563865343326296
list:
dist: 2.563865343326296 vs. 2.563865343326296
--------
nle(id0,id1,dist): 72 75 1.3688137932865132
list:
dist: 1.3688137932865132 vs. 1.3688137932865132
--------
nle(id0,id1,dist): 72 78 1.8470694508817065
list:
dist: 1.8470694508817065 vs. 1.8470694508817065
--------
nle(id0,id1,dist): 72 80 2.337510002497453
list:
dist: 2.337510002497453 vs. 2.337510002497453
--------
nle(id0,id1,dist): 72 82 2.0109172524785097
list:
dist: 2.0109172524785097 vs. 2.0109172524785097
--------
nle(id0,id1,dist): 72 86 2.1411576194520174
list:
dist: 2.1411576194520174 vs. 2.1411576194520174
--------
nle(id0,id1,dist): 72 85 1.1602699804079055
list:
dist: 1.1602699804079055 vs. 1.1602699804079055
--------
nle(id0,id1,dist): 72 89 3.1904815334287395
list:
dist: 3.1904815334287395 vs. 3.1904815334287395
--------
nle(id0,id1,dist): 71 80 1.7876894272506636
list:
dist: 1.7876894272506636 vs. 1.7876894272506636
--------
nle(id0,id1,dist): 71 85 4.3547646533386395
list:
dist: 4.3547646533386395 vs. 4.3547646533386395
--------
nle(id0,id1,dist): 77 89 3.985720935087345
list:
dist: 3.985720935087345 vs. 3.985720935087345
--------
nle(id0,id1,dist): 77 84 2.0082875943179457
list:
dist: 2.0082875943179457 vs. 2.0082875943179457
--------
nle(id0,id1,dist): 77 86 0.9594379358267939
list:
dist: 0.9594379358267939 vs. 0.9594379358267939
--------
nle(id0,id1,dist): 77 87 1.8172568405623972
list:
dist: 1.8172568405623972 vs. 1.8172568405623972
--------
nle(id0,id1,dist): 77 81 2.3615619166878608
list:
dist: 2.3615619166878608 vs. 2.3615619166878608
--------
nle(id0,id1,dist): 77 82 2.6025410058562826
list:
dist: 2.6025410058562826 vs. 2.6025410058562826
--------
nle(id0,id1,dist): 77 83 1.8884301224472837
list:
dist: 1.8884301224472837 vs. 1.8884301224472837
--------
nle(id0,id1,dist): 76 85 3.554135809682061
list:
dist: 3.554135809682061 vs. 3.554135809682061
--------
nle(id0,id1,dist): 76 86 2.878316624441463
list:
dist: 2.878316624441463 vs. 2.878316624441463
--------
nle(id0,id1,dist): 77 79 1.640896207373049
list:
dist: 1.640896207373049 vs. 1.640896207373049
--------
nle(id0,id1,dist): 77 78 1.9720511201551634
list:
dist: 1.9720511201551634 vs. 1.9720511201551634
--------
nle(id0,id1,dist): 76 78 3.641394046246178
list:
dist: 3.641394046246178 vs. 3.641394046246178
--------
nle(id0,id1,dist): 76 77 2.5623984129881774
list:
dist: 2.5623984129881774 vs. 2.5623984129881774
--------
nle(id0,id1,dist): 76 79 3.0264077822282434
list:
dist: 3.0264077822282434 vs. 3.0264077822282434
--------
nle(id0,id1,dist): 76 81 2.0853636460451512
list:
dist: 2.0853636460451512 vs. 2.0853636460451512
--------
nle(id0,id1,dist): 75 85 2.1555580939251726
list:
dist: 2.1555580939251726 vs. 2.1555580939251726
--------
nle(id0,id1,dist): 75 87 2.8920461542197704
list:
dist: 2.8920461542197704 vs. 2.8920461542197704
--------
nle(id0,id1,dist): 75 86 1.3636885428052548
list:
dist: 1.3636885428052548 vs. 1.3636885428052548
--------
nle(id0,id1,dist): 75 77 1.415958357262296
list:
dist: 1.415958357262296 vs. 1.415958357262296
--------
nle(id0,id1,dist): 75 76 1.6804336568476286
list:
dist: 1.6804336568476286 vs. 1.6804336568476286
--------
nle(id0,id1,dist): 75 81 2.7008546640367834
list:
dist: 2.7008546640367834 vs. 2.7008546640367834
--------
nle(id0,id1,dist): 75 79 2.6620658180167296
list:
dist: 2.6620658180167296 vs. 2.6620658180167296
--------
nle(id0,id1,dist): 75 78 2.0139145550257287
list:
dist: 2.0139145550257287 vs. 2.0139145550257287
--------
nle(id0,id1,dist): 120 146 2.8766206460454504
list:
dist: 2.8766206460454504 vs. 2.8766206460454504
--------
nle(id0,id1,dist): 120 147 4.324621639801015
list:
dist: 4.324621639801015 vs. 4.324621639801015
--------
nle(id0,id1,dist): 120 138 4.43477217013555
list:
dist: 4.43477217013555 vs. 4.43477217013555
--------
nle(id0,id1,dist): 120 139 1.6713922180385112
list:
dist: 1.6713922180385112 vs. 1.6713922180385112
--------
nle(id0,id1,dist): 120 140 4.047518077962851
list:
dist: 4.047518077962851 vs. 4.047518077962851
--------
nle(id0,id1,dist): 120 142 4.142243070557299
list:
dist: 4.142243070557299 vs. 4.142243070557299
--------
nle(id0,id1,dist): 120 143 1.2441644877240574
list:
dist: 1.2441644877240574 vs. 1.2441644877240574
--------
nle(id0,id1,dist): 120 144 3.51927938948568
list:
dist: 3.51927938948568 vs. 3.51927938948568
--------
nle(id0,id1,dist): 120 130 2.540634809555422
list:
dist: 2.540634809555422 vs. 2.540634809555422
--------
nle(id0,id1,dist): 120 132 2.0005356063888526
list:
dist: 2.0005356063888526 vs. 2.0005356063888526
--------
nle(id0,id1,dist): 120 131 2.6059448828770173
list:
dist: 2.6059448828770173 vs. 2.6059448828770173
--------
nle(id0,id1,dist): 120 134 1.5790334027159223
list:
dist: 1.5790334027159223 vs. 1.5790334027159223
--------
nle(id0,id1,dist): 120 133 3.8329893188306503
list:
dist: 3.8329893188306503 vs. 3.8329893188306503
--------
nle(id0,id1,dist): 120 136 3.680575461270661
list:
dist: 3.680575461270661 vs. 3.680575461270661
--------
nle(id0,id1,dist): 120 122 3.269287954012036
list:
dist: 3.269287954012036 vs. 3.269287954012036
--------
nle(id0,id1,dist): 120 121 1.111685001012008
list:
dist: 1.111685001012008 vs. 1.111685001012008
--------
nle(id0,id1,dist): 120 125 1.169237453118309
list:
dist: 1.169237453118309 vs. 1.169237453118309
--------
nle(id0,id1,dist): 120 128 3.407576040864612
list:
dist: 3.407576040864612 vs. 3.407576040864612
--------
nle(id0,id1,dist): 120 127 4.527428140774335
list:
dist: 4.527428140774335 vs. 4.527428140774335
--------
nle(id0,id1,dist): 121 142 3.597465817368642
list:
dist: 3.597465817368642 vs. 3.597465817368642
--------
nle(id0,id1,dist): 121 143 1.7335905690693079
list:
dist: 1.7335905690693079 vs. 1.7335905690693079
--------
nle(id0,id1,dist): 121 140 3.3076092071439325
list:
dist: 3.3076092071439325 vs. 3.3076092071439325
--------
nle(id0,id1,dist): 121 146 2.570702754133656
list:
dist: 2.570702754133656 vs. 2.570702754133656
--------
nle(id0,id1,dist): 121 147 4.158981046237376
list:
dist: 4.158981046237376 vs. 4.158981046237376
--------
nle(id0,id1,dist): 121 144 2.9555410364477477
list:
dist: 2.9555410364477477 vs. 2.9555410364477477
--------
nle(id0,id1,dist): 121 145 3.6184096048473817
list:
dist: 3.6184096048473817 vs. 3.6184096048473817
--------
nle(id0,id1,dist): 121 134 1.9691320599335018
list:
dist: 1.9691320599335018 vs. 1.9691320599335018
--------
nle(id0,id1,dist): 121 132 1.0524190238607678
list:
dist: 1.0524190238607678 vs. 1.0524190238607678
--------
nle(id0,id1,dist): 121 133 3.169279560626054
list:
dist: 3.169279560626054 vs. 3.169279560626054
--------
nle(id0,id1,dist): 121 138 4.291161752110206
list:
dist: 4.291161752110206 vs. 4.291161752110206
--------
nle(id0,id1,dist): 121 139 1.8703358933340128
list:
dist: 1.8703358933340128 vs. 1.8703358933340128
--------
nle(id0,id1,dist): 121 136 2.868889536782328
list:
dist: 2.868889536782328 vs. 2.868889536782328
--------
nle(id0,id1,dist): 121 137 4.080815572079854
list:
dist: 4.080815572079854 vs. 4.080815572079854
--------
nle(id0,id1,dist): 121 127 4.240831435435319
list:
dist: 4.240831435435319 vs. 4.240831435435319
--------
nle(id0,id1,dist): 121 126 2.697693276642123
list:
dist: 2.697693276642123 vs. 2.697693276642123
--------
nle(id0,id1,dist): 121 125 1.0993849540086393
list:
dist: 1.0993849540086393 vs. 1.0993849540086393
--------
nle(id0,id1,dist): 121 124 2.1200475632545546
list:
dist: 2.1200475632545546 vs. 2.1200475632545546
--------
nle(id0,id1,dist): 121 131 2.159452635043124
list:
dist: 2.159452635043124 vs. 2.159452635043124
--------
nle(id0,id1,dist): 121 130 1.6770659132175396
list:
dist: 1.6770659132175396 vs. 1.6770659132175396
--------
nle(id0,id1,dist): 121 128 3.452028581713325
list:
dist: 3.452028581713325 vs. 3.452028581713325
--------
nle(id0,id1,dist): 121 123 2.208537240929852
list:
dist: 2.208537240929852 vs. 2.208537240929852
--------
nle(id0,id1,dist): 121 122 2.330595191792085
list:
dist: 2.330595191792085 vs. 2.330595191792085
--------
nle(id0,id1,dist): 122 132 1.2970907324860357
list:
dist: 1.2970907324860357 vs. 1.2970907324860357
--------
nle(id0,id1,dist): 122 131 1.5961338730941488
list:
dist: 1.5961338730941488 vs. 1.5961338730941488
--------
nle(id0,id1,dist): 122 134 2.992131557432969
list:
dist: 2.992131557432969 vs. 2.992131557432969
--------
nle(id0,id1,dist): 122 133 1.3823838821166727
list:
dist: 1.3823838821166727 vs. 1.3823838821166727
--------
nle(id0,id1,dist): 122 128 3.311307572038295
list:
dist: 3.311307572038295 vs. 3.311307572038295
--------
nle(id0,id1,dist): 122 127 3.130969826419873
list:
dist: 3.130969826419873 vs. 3.130969826419873
--------
nle(id0,id1,dist): 122 130 1.5892572492262187
list:
dist: 1.5892572492262187 vs. 1.5892572492262187
--------
nle(id0,id1,dist): 122 129 3.8711606578911355
list:
dist: 3.8711606578911355 vs. 3.8711606578911355
--------
nle(id0,id1,dist): 122 140 1.2648140146834905
list:
dist: 1.2648140146834905 vs. 1.2648140146834905
--------
nle(id0,id1,dist): 122 139 2.8407383524191907
list:
dist: 2.8407383524191907 vs. 2.8407383524191907
--------
nle(id0,id1,dist): 122 142 2.0374449034427373
list:
dist: 2.0374449034427373 vs. 2.0374449034427373
--------
nle(id0,id1,dist): 122 136 0.8234523985397838
list:
dist: 0.8234523985397838 vs. 0.8234523985397838
--------
nle(id0,id1,dist): 122 135 3.587718558384672
list:
dist: 3.587718558384672 vs. 3.587718558384672
--------
nle(id0,id1,dist): 122 138 3.4628207384251177
list:
dist: 3.4628207384251177 vs. 3.4628207384251177
--------
nle(id0,id1,dist): 122 137 2.0270077685466323
list:
dist: 2.0270077685466323 vs. 2.0270077685466323
--------
nle(id0,id1,dist): 121 149 4.540866059873672
list:
dist: 4.540866059873672 vs. 4.540866059873672
--------
nle(id0,id1,dist): 122 123 1.0041841144582146
list:
dist: 1.0041841144582146 vs. 1.0041841144582146
--------
nle(id0,id1,dist): 122 125 2.5888786993426076
list:
dist: 2.5888786993426076 vs. 2.5888786993426076
--------
nle(id0,id1,dist): 122 126 1.5816144893925808
list:
dist: 1.5816144893925808 vs. 1.5816144893925808
--------
nle(id0,id1,dist): 123 127 3.169176713834726
list:
dist: 3.169176713834726 vs. 3.169176713834726
--------
nle(id0,id1,dist): 123 126 1.324547304939831
list:
dist: 1.324547304939831 vs. 1.324547304939831
--------
nle(id0,id1,dist): 123 124 2.241263392408001
list:
dist: 2.241263392408001 vs. 2.241263392408001
--------
nle(id0,id1,dist): 123 137 2.30805666901495
list:
dist: 2.30805666901495 vs. 2.30805666901495
--------
nle(id0,id1,dist): 123 136 1.215192018291289
list:
dist: 1.215192018291289 vs. 1.215192018291289
--------
nle(id0,id1,dist): 123 133 2.2108249207895683
list:
dist: 2.2108249207895683 vs. 2.2108249207895683
--------
nle(id0,id1,dist): 123 132 1.4430137586485798
list:
dist: 1.4430137586485798 vs. 1.4430137586485798
--------
nle(id0,id1,dist): 123 131 1.7460958209819915
list:
dist: 1.7460958209819915 vs. 1.7460958209819915
--------
nle(id0,id1,dist): 123 130 0.8044876922368545
list:
dist: 0.8044876922368545 vs. 0.8044876922368545
--------
nle(id0,id1,dist): 122 147 3.4918404530766063
list:
dist: 3.4918404530766063 vs. 3.4918404530766063
--------
nle(id0,id1,dist): 122 145 1.540450513623446
list:
dist: 1.540450513623446 vs. 1.540450513623446
--------
nle(id0,id1,dist): 122 146 1.9925288950993998
list:
dist: 1.9925288950993998 vs. 1.9925288950993998
--------
nle(id0,id1,dist): 122 143 3.1077427385121497
list:
dist: 3.1077427385121497 vs. 3.1077427385121497
--------
nle(id0,id1,dist): 122 144 1.625508542811107
list:
dist: 1.625508542811107 vs. 1.625508542811107
--------
nle(id0,id1,dist): 124 126 1.4816454703450797
list:
dist: 1.4816454703450797 vs. 1.4816454703450797
--------
nle(id0,id1,dist): 124 130 2.2328551372044627
list:
dist: 2.2328551372044627 vs. 2.2328551372044627
--------
nle(id0,id1,dist): 124 132 1.9426924595964667
list:
dist: 1.9426924595964667 vs. 1.9426924595964667
--------
nle(id0,id1,dist): 123 138 3.499317659431292
list:
dist: 3.499317659431292 vs. 3.499317659431292
--------
nle(id0,id1,dist): 123 140 1.7762300524440144
list:
dist: 1.7762300524440144 vs. 1.7762300524440144
--------
nle(id0,id1,dist): 123 142 2.190109418660507
list:
dist: 2.190109418660507 vs. 2.190109418660507
--------
nle(id0,id1,dist): 123 144 1.6782795188563333
list:
dist: 1.6782795188563333 vs. 1.6782795188563333
--------
nle(id0,id1,dist): 123 145 1.4807634624379782
list:
dist: 1.4807634624379782 vs. 1.4807634624379782
--------
nle(id0,id1,dist): 123 147 3.257674849755673
list:
dist: 3.257674849755673 vs. 3.257674849755673
--------
nle(id0,id1,dist): 123 149 4.1577757140226135
list:
dist: 4.1577757140226135 vs. 4.1577757140226135
--------
nle(id0,id1,dist): 125 127 3.581303541174497
list:
dist: 3.581303541174497 vs. 3.581303541174497
--------
nle(id0,id1,dist): 112 119 0.8043984849773533
list:
dist: 0.8043984849773533 vs. 0.8043984849773533
--------
nle(id0,id1,dist): 112 117 2.298087971054448
list:
dist: 2.298087971054448 vs. 2.298087971054448
--------
nle(id0,id1,dist): 112 118 1.1833667688170328
list:
dist: 1.1833667688170328 vs. 1.1833667688170328
--------
nle(id0,id1,dist): 112 115 1.0065782760737694
list:
dist: 1.0065782760737694 vs. 1.0065782760737694
--------
nle(id0,id1,dist): 112 116 1.7640251612953006
list:
dist: 1.7640251612953006 vs. 1.7640251612953006
--------
nle(id0,id1,dist): 112 113 1.1210504019008298
list:
dist: 1.1210504019008298 vs. 1.1210504019008298
--------
nle(id0,id1,dist): 112 114 3.009446272319379
list:
dist: 3.009446272319379 vs. 3.009446272319379
--------
nle(id0,id1,dist): 113 116 2.045233026927518
list:
dist: 2.045233026927518 vs. 2.045233026927518
--------
nle(id0,id1,dist): 113 117 1.8596752917964188
list:
dist: 1.8596752917964188 vs. 1.8596752917964188
--------
nle(id0,id1,dist): 113 118 2.236560803651649
list:
dist: 2.236560803651649 vs. 2.236560803651649
--------
nle(id0,id1,dist): 113 119 1.470263122138432
list:
dist: 1.470263122138432 vs. 1.470263122138432
--------
nle(id0,id1,dist): 113 114 3.6587034618836034
list:
dist: 3.6587034618836034 vs. 3.6587034618836034
--------
nle(id0,id1,dist): 113 115 1.860494270212235
list:
dist: 1.860494270212235 vs. 1.860494270212235
--------
nle(id0,id1,dist): 114 117 2.908930494096341
list:
dist: 2.908930494096341 vs. 2.908930494096341
--------
nle(id0,id1,dist): 114 115 2.2929826280055052
list:
dist: 2.2929826280055052 vs. 2.2929826280055052
--------
nle(id0,id1,dist): 114 116 1.8486941539178594
list:
dist: 1.8486941539178594 vs. 1.8486941539178594
--------
nle(id0,id1,dist): 114 119 2.713241155067309
list:
dist: 2.713241155067309 vs. 2.713241155067309
--------
nle(id0,id1,dist): 115 118 1.4834217336494342
list:
dist: 1.4834217336494342 vs. 1.4834217336494342
--------
nle(id0,id1,dist): 115 119 1.370989924327357
list:
dist: 1.370989924327357 vs. 1.370989924327357
--------
nle(id0,id1,dist): 115 116 1.6583288407227976
list:
dist: 1.6583288407227976 vs. 1.6583288407227976
--------
nle(id0,id1,dist): 115 117 2.4420292693445167
list:
dist: 2.4420292693445167 vs. 2.4420292693445167
--------
nle(id0,id1,dist): 116 117 1.3051535063835085
list:
dist: 1.3051535063835085 vs. 1.3051535063835085
--------
nle(id0,id1,dist): 116 118 2.473740080740209
list:
dist: 2.473740080740209 vs. 2.473740080740209
--------
nle(id0,id1,dist): 116 119 1.3211841363365606
list:
dist: 1.3211841363365606 vs. 1.3211841363365606
--------
nle(id0,id1,dist): 117 118 3.3439398960951543
list:
dist: 3.3439398960951543 vs. 3.3439398960951543
--------
nle(id0,id1,dist): 117 119 2.079993783465611
list:
dist: 2.079993783465611 vs. 2.079993783465611
--------
nle(id0,id1,dist): 118 119 1.365397782052816
list:
dist: 1.365397782052816 vs. 1.365397782052816
--------
nle(id0,id1,dist): 106 119 2.6115065067431122
list:
dist: 2.6115065067431122 vs. 2.6115065067431122
--------
nle(id0,id1,dist): 106 113 2.3305867666443003
list:
dist: 2.3305867666443003 vs. 2.3305867666443003
--------
nle(id0,id1,dist): 106 112 2.0882054349919663
list:
dist: 2.0882054349919663 vs. 2.0882054349919663
--------
nle(id0,id1,dist): 106 117 4.1261717570029655
list:
dist: 4.1261717570029655 vs. 4.1261717570029655
--------
nle(id0,id1,dist): 106 118 1.9780176338010067
list:
dist: 1.9780176338010067 vs. 1.9780176338010067
--------
nle(id0,id1,dist): 106 115 2.8081477293572994
list:
dist: 2.8081477293572994 vs. 2.8081477293572994
--------
nle(id0,id1,dist): 106 116 3.821172470704371
list:
dist: 3.821172470704371 vs. 3.821172470704371
--------
nle(id0,id1,dist): 106 110 1.29403734049596
list:
dist: 1.29403734049596 vs. 1.29403734049596
--------
nle(id0,id1,dist): 106 109 3.286045524460943
list:
dist: 3.286045524460943 vs. 3.286045524460943
--------
nle(id0,id1,dist): 106 108 1.0996205689495173
list:
dist: 1.0996205689495173 vs. 1.0996205689495173
--------
nle(id0,id1,dist): 106 107 2.2552021610497763
list:
dist: 2.2552021610497763 vs. 2.2552021610497763
--------
nle(id0,id1,dist): 105 116 3.339432667538021
list:
dist: 3.339432667538021 vs. 3.339432667538021
--------
nle(id0,id1,dist): 105 117 2.5033724193743785
list:
dist: 2.5033724193743785 vs. 2.5033724193743785
--------
nle(id0,id1,dist): 105 109 2.6820580423068625
list:
dist: 2.6820580423068625 vs. 2.6820580423068625
--------
nle(id0,id1,dist): 105 108 2.534888890075179
list:
dist: 2.534888890075179 vs. 2.534888890075179
--------
nle(id0,id1,dist): 105 113 1.65451232307426
list:
dist: 1.65451232307426 vs. 1.65451232307426
--------
nle(id0,id1,dist): 105 107 1.562945452997909
list:
dist: 1.562945452997909 vs. 1.562945452997909
--------
nle(id0,id1,dist): 108 115 3.261790875864282
list:
dist: 3.261790875864282 vs. 3.261790875864282
--------
nle(id0,id1,dist): 108 116 3.8599434594926807
list:
dist: 3.8599434594926807 vs. 3.8599434594926807
--------
nle(id0,id1,dist): 108 113 2.1035681789151237
list:
dist: 2.1035681789151237 vs. 2.1035681789151237
--------
nle(id0,id1,dist): 108 112 2.3410866974029148
list:
dist: 2.3410866974029148 vs. 2.3410866974029148
--------
nle(id0,id1,dist): 108 109 3.2933501607379583
list:
dist: 3.2933501607379583 vs. 3.2933501607379583
--------
nle(id0,id1,dist): 108 110 1.6754561784309594
list:
dist: 1.6754561784309594 vs. 1.6754561784309594
--------
nle(id0,id1,dist): 107 118 2.3274236357536218
list:
dist: 2.3274236357536218 vs. 2.3274236357536218
--------
nle(id0,id1,dist): 107 119 1.5323342039143983
list:
dist: 1.5323342039143983 vs. 1.5323342039143983
--------
nle(id0,id1,dist): 107 115 2.242103456432351
list:
dist: 2.242103456432351 vs. 2.242103456432351
--------
nle(id0,id1,dist): 107 116 2.259778587863806
list:
dist: 2.259778587863806 vs. 2.259778587863806
--------
nle(id0,id1,dist): 107 117 2.0549694617149696
list:
dist: 2.0549694617149696 vs. 2.0549694617149696
--------
nle(id0,id1,dist): 107 110 1.4370206548720101
list:
dist: 1.4370206548720101 vs. 1.4370206548720101
--------
nle(id0,id1,dist): 107 112 1.3578320467076002
list:
dist: 1.3578320467076002 vs. 1.3578320467076002
--------
nle(id0,id1,dist): 107 113 0.5290500340874063
list:
dist: 0.5290500340874063 vs. 0.5290500340874063
--------
nle(id0,id1,dist): 107 108 1.8259112703180442
list:
dist: 1.8259112703180442 vs. 1.8259112703180442
--------
nle(id0,id1,dist): 107 109 1.6554593190103644
list:
dist: 1.6554593190103644 vs. 1.6554593190103644
--------
nle(id0,id1,dist): 109 114 2.3925503335326015
list:
dist: 2.3925503335326015 vs. 2.3925503335326015
--------
nle(id0,id1,dist): 109 115 1.3397546795788622
list:
dist: 1.3397546795788622 vs. 1.3397546795788622
--------
nle(id0,id1,dist): 109 112 1.270637997788959
list:
dist: 1.270637997788959 vs. 1.270637997788959
--------
nle(id0,id1,dist): 109 113 1.3367806094892392
list:
dist: 1.3367806094892392 vs. 1.3367806094892392
--------
nle(id0,id1,dist): 109 118 2.270944741838233
list:
dist: 2.270944741838233 vs. 2.270944741838233
--------
nle(id0,id1,dist): 109 119 1.159197075491774
list:
dist: 1.159197075491774 vs. 1.159197075491774
--------
nle(id0,id1,dist): 109 116 0.782443792861015
list:
dist: 0.782443792861015 vs. 0.782443792861015
--------
nle(id0,id1,dist): 109 117 1.1287255749600464
list:
dist: 1.1287255749600464 vs. 1.1287255749600464
--------
nle(id0,id1,dist): 109 110 2.030206944124645
list:
dist: 2.030206944124645 vs. 2.030206944124645
--------
nle(id0,id1,dist): 108 117 3.8775391018170575
list:
dist: 3.8775391018170575 vs. 3.8775391018170575
--------
nle(id0,id1,dist): 108 118 2.6034293098461725
list:
dist: 2.6034293098461725 vs. 2.6034293098461725
--------
nle(id0,id1,dist): 108 119 2.714055719466658
list:
dist: 2.714055719466658 vs. 2.714055719466658
--------
nle(id0,id1,dist): 110 112 0.7997740024814957
list:
dist: 0.7997740024814957 vs. 0.7997740024814957
--------
nle(id0,id1,dist): 110 113 1.3747049332897348
list:
dist: 1.3747049332897348 vs. 1.3747049332897348
--------
nle(id0,id1,dist): 110 119 1.371198385136536
list:
dist: 1.371198385136536 vs. 1.371198385136536
--------
nle(id0,id1,dist): 110 115 1.6333031716751538
list:
dist: 1.6333031716751538 vs. 1.6333031716751538
--------
nle(id0,id1,dist): 110 116 2.5339903545905393
list:
dist: 2.5339903545905393 vs. 2.5339903545905393
--------
nle(id0,id1,dist): 110 117 2.9636824773296455
list:
dist: 2.9636824773296455 vs. 2.9636824773296455
--------
nle(id0,id1,dist): 110 118 1.1123584277244358
list:
dist: 1.1123584277244358 vs. 1.1123584277244358
--------
nle(id0,id1,dist): 99 107 0.9660543132196696
list:
dist: 0.9660543132196696 vs. 0.9660543132196696
--------
nle(id0,id1,dist): 99 106 1.4257577875526843
list:
dist: 1.4257577875526843 vs. 1.4257577875526843
--------
nle(id0,id1,dist): 99 109 1.926399626246771
list:
dist: 1.926399626246771 vs. 1.926399626246771
--------
nle(id0,id1,dist): 99 108 1.43904043094049
list:
dist: 1.43904043094049 vs. 1.43904043094049
--------
nle(id0,id1,dist): 99 110 0.5056240344279461
list:
dist: 0.5056240344279461 vs. 0.5056240344279461
--------
nle(id0,id1,dist): 99 113 1.0124928897326828
list:
dist: 1.0124928897326828 vs. 1.0124928897326828
--------
nle(id0,id1,dist): 99 112 0.9098341482538994
list:
dist: 0.9098341482538994 vs. 0.9098341482538994
--------
nle(id0,id1,dist): 99 101 2.343559437338448
list:
dist: 2.343559437338448 vs. 2.343559437338448
--------
nle(id0,id1,dist): 99 103 1.431354180128289
list:
dist: 1.431354180128289 vs. 1.431354180128289
--------
nle(id0,id1,dist): 99 102 1.4134704529562538
list:
dist: 1.4134704529562538 vs. 1.4134704529562538
--------
nle(id0,id1,dist): 99 105 2.346837798522535
list:
dist: 2.346837798522535 vs. 2.346837798522535
--------
nle(id0,id1,dist): 99 104 1.6191653561368264
list:
dist: 1.6191653561368264 vs. 1.6191653561368264
--------
nle(id0,id1,dist): 99 115 1.873236594330933
list:
dist: 1.873236594330933 vs. 1.873236594330933
--------
nle(id0,id1,dist): 99 116 2.485808376901775
list:
dist: 2.485808376901775 vs. 2.485808376901775
--------
nle(id0,id1,dist): 99 117 2.7151406972215555
list:
dist: 2.7151406972215555 vs. 2.7151406972215555
--------
nle(id0,id1,dist): 99 118 1.5395174968716767
list:
dist: 1.5395174968716767 vs. 1.5395174968716767
--------
nle(id0,id1,dist): 99 119 1.3736533898812913
list:
dist: 1.3736533898812913 vs. 1.3736533898812913
--------
nle(id0,id1,dist): 98 111 3.0253924313356877
list:
dist: 3.0253924313356877 vs. 3.0253924313356877
--------
nle(id0,id1,dist): 101 102 2.121992853533673
list:
dist: 2.121992853533673 vs. 2.121992853533673
--------
nle(id0,id1,dist): 101 108 1.2778588466148293
list:
dist: 1.2778588466148293 vs. 1.2778588466148293
--------
nle(id0,id1,dist): 101 104 2.275697838313411
list:
dist: 2.275697838313411 vs. 2.275697838313411
--------
nle(id0,id1,dist): 101 105 2.0465473993246324
list:
dist: 2.0465473993246324 vs. 2.0465473993246324
--------
nle(id0,id1,dist): 101 107 2.2254601216626066
list:
dist: 2.2254601216626066 vs. 2.2254601216626066
--------
nle(id0,id1,dist): 100 101 2.6868796129347343
list:
dist: 2.6868796129347343 vs. 2.6868796129347343
--------
nle(id0,id1,dist): 102 115 2.4035119903201028
list:
dist: 2.4035119903201028 vs. 2.4035119903201028
--------
nle(id0,id1,dist): 102 116 2.76692241967495
list:
dist: 2.76692241967495 vs. 2.76692241967495
--------
nle(id0,id1,dist): 102 117 2.3440651940990476
list:
dist: 2.3440651940990476 vs. 2.3440651940990476
--------
nle(id0,id1,dist): 102 118 2.796993976884288
list:
dist: 2.796993976884288 vs. 2.796993976884288
--------
nle(id0,id1,dist): 102 119 2.2493718504697933
list:
dist: 2.2493718504697933 vs. 2.2493718504697933
--------
nle(id0,id1,dist): 103 105 2.5293539424273677
list:
dist: 2.5293539424273677 vs. 2.5293539424273677
--------
nle(id0,id1,dist): 103 104 1.8310712899504564
list:
dist: 1.8310712899504564 vs. 1.8310712899504564
--------
nle(id0,id1,dist): 103 107 1.5841193011043448
list:
dist: 1.5841193011043448 vs. 1.5841193011043448
--------
nle(id0,id1,dist): 103 106 2.4818940034805017
list:
dist: 2.4818940034805017 vs. 2.4818940034805017
--------
nle(id0,id1,dist): 103 109 1.2395269679728707
list:
dist: 1.2395269679728707 vs. 1.2395269679728707
--------
nle(id0,id1,dist): 103 108 2.7109500385083853
list:
dist: 2.7109500385083853 vs. 2.7109500385083853
--------
nle(id0,id1,dist): 102 106 2.3540949487941347
list:
dist: 2.3540949487941347 vs. 2.3540949487941347
--------
nle(id0,id1,dist): 102 105 1.2008720775465858
list:
dist: 1.2008720775465858 vs. 1.2008720775465858
--------
nle(id0,id1,dist): 102 104 1.5314164849720957
list:
dist: 1.5314164849720957 vs. 1.5314164849720957
--------
nle(id0,id1,dist): 102 103 1.4411879387902415
list:
dist: 1.4411879387902415 vs. 1.4411879387902415
--------
nle(id0,id1,dist): 102 110 1.7783269372529569
list:
dist: 1.7783269372529569 vs. 1.7783269372529569
--------
nle(id0,id1,dist): 102 109 2.0121592700648074
list:
dist: 2.0121592700648074 vs. 2.0121592700648074
--------
nle(id0,id1,dist): 102 108 2.0132037427201706
list:
dist: 2.0132037427201706 vs. 2.0132037427201706
--------
nle(id0,id1,dist): 102 107 1.0047124423817555
list:
dist: 1.0047124423817555 vs. 1.0047124423817555
--------
nle(id0,id1,dist): 102 113 0.7994972895170992
list:
dist: 0.7994972895170992 vs. 0.7994972895170992
--------
nle(id0,id1,dist): 102 112 1.7605267515242338
list:
dist: 1.7605267515242338 vs. 1.7605267515242338
--------
nle(id0,id1,dist): 104 109 2.9366656234222672
list:
dist: 2.9366656234222672 vs. 2.9366656234222672
--------
nle(id0,id1,dist): 104 110 1.6304218844484408
list:
dist: 1.6304218844484408 vs. 1.6304218844484408
--------
nle(id0,id1,dist): 104 112 2.065911157111225
list:
dist: 2.065911157111225 vs. 2.065911157111225
--------
nle(id0,id1,dist): 104 105 2.550189758335981
list:
dist: 2.550189758335981 vs. 2.550189758335981
--------
nle(id0,id1,dist): 104 106 1.4848672317732372
list:
dist: 1.4848672317732372 vs. 1.4848672317732372
--------
nle(id0,id1,dist): 104 107 2.0837107826809134
list:
dist: 2.0837107826809134 vs. 2.0837107826809134
--------
nle(id0,id1,dist): 104 108 1.767519277806786
list:
dist: 1.767519277806786 vs. 1.767519277806786
--------
nle(id0,id1,dist): 104 117 3.6437076636884207
list:
dist: 3.6437076636884207 vs. 3.6437076636884207
--------
nle(id0,id1,dist): 104 118 2.5698763688676443
list:
dist: 2.5698763688676443 vs. 2.5698763688676443
--------
nle(id0,id1,dist): 104 119 2.8134563183804624
list:
dist: 2.8134563183804624 vs. 2.8134563183804624
--------
nle(id0,id1,dist): 104 113 1.8986306263165915
list:
dist: 1.8986306263165915 vs. 1.8986306263165915
--------
nle(id0,id1,dist): 104 115 2.5547856810491223
list:
dist: 2.5547856810491223 vs. 2.5547856810491223
--------
nle(id0,id1,dist): 104 116 3.651639067566417
list:
dist: 3.651639067566417 vs. 3.651639067566417
--------
nle(id0,id1,dist): 103 116 1.9368539145910444
list:
dist: 1.9368539145910444 vs. 1.9368539145910444
--------
nle(id0,id1,dist): 103 117 2.1328717089138487
list:
dist: 2.1328717089138487 vs. 2.1328717089138487
--------
nle(id0,id1,dist): 103 114 3.0737096704465556
list:
dist: 3.0737096704465556 vs. 3.0737096704465556
--------
nle(id0,id1,dist): 103 115 1.0183297141200949
list:
dist: 1.0183297141200949 vs. 1.0183297141200949
--------
nle(id0,id1,dist): 103 112 0.9294398924497325
list:
dist: 0.9294398924497325 vs. 0.9294398924497325
--------
nle(id0,id1,dist): 103 113 1.0927379432315723
list:
dist: 1.0927379432315723 vs. 1.0927379432315723
--------
nle(id0,id1,dist): 103 110 1.4120214113315055
list:
dist: 1.4120214113315055 vs. 1.4120214113315055
--------
nle(id0,id1,dist): 103 118 1.9464074241526386
list:
dist: 1.9464074241526386 vs. 1.9464074241526386
--------
nle(id0,id1,dist): 103 119 1.5708488834923626
list:
dist: 1.5708488834923626 vs. 1.5708488834923626
--------
nle(id0,id1,dist): 147 148 0.7148697430960919
list:
dist: 0.7148697430960919 vs. 0.7148697430960919
--------
nle(id0,id1,dist): 146 147 2.9692007606035773
list:
dist: 2.9692007606035773 vs. 2.9692007606035773
--------
nle(id0,id1,dist): 144 148 2.2939918884694745
list:
dist: 2.2939918884694745 vs. 2.2939918884694745
--------
nle(id0,id1,dist): 144 147 1.8950782591608875
list:
dist: 1.8950782591608875 vs. 1.8950782591608875
--------
nle(id0,id1,dist): 144 146 1.7262296850983998
list:
dist: 1.7262296850983998 vs. 1.7262296850983998
--------
nle(id0,id1,dist): 144 145 1.785521839636075
list:
dist: 1.785521839636075 vs. 1.785521839636075
--------
nle(id0,id1,dist): 145 147 3.3056994186993736
list:
dist: 3.3056994186993736 vs. 3.3056994186993736
--------
nle(id0,id1,dist): 142 147 1.8178911057119342
list:
dist: 1.8178911057119342 vs. 1.8178911057119342
--------
nle(id0,id1,dist): 142 148 2.357415381275885
list:
dist: 2.357415381275885 vs. 2.357415381275885
--------
nle(id0,id1,dist): 142 145 1.8371063504500436
list:
dist: 1.8371063504500436 vs. 1.8371063504500436
--------
nle(id0,id1,dist): 142 146 2.028759789020113
list:
dist: 2.028759789020113 vs. 2.028759789020113
--------
nle(id0,id1,dist): 142 143 3.3341029037082834
list:
dist: 3.3341029037082834 vs. 3.3341029037082834
--------
nle(id0,id1,dist): 142 144 0.6577558069177762
list:
dist: 0.6577558069177762 vs. 0.6577558069177762
--------
nle(id0,id1,dist): 143 146 2.3154209405822073
list:
dist: 2.3154209405822073 vs. 2.3154209405822073
--------
nle(id0,id1,dist): 143 147 3.1917631587115265
list:
dist: 3.1917631587115265 vs. 3.1917631587115265
--------
nle(id0,id1,dist): 143 148 2.854360063165155
list:
dist: 2.854360063165155 vs. 2.854360063165155
--------
nle(id0,id1,dist): 143 144 2.7670093412172942
list:
dist: 2.7670093412172942 vs. 2.7670093412172942
--------
nle(id0,id1,dist): 139 144 2.306337213796396
list:
dist: 2.306337213796396 vs. 2.306337213796396
--------
nle(id0,id1,dist): 139 142 2.86733071255953
list:
dist: 2.86733071255953 vs. 2.86733071255953
--------
nle(id0,id1,dist): 139 143 0.5460416938722482
list:
dist: 0.5460416938722482 vs. 0.5460416938722482
--------
nle(id0,id1,dist): 139 140 3.1335774172273507
list:
dist: 3.1335774172273507 vs. 3.1335774172273507
--------
nle(id0,id1,dist): 139 148 2.3837400572151544
list:
dist: 2.3837400572151544 vs. 2.3837400572151544
--------
nle(id0,id1,dist): 139 146 2.1448601827095786
list:
dist: 2.1448601827095786 vs. 2.1448601827095786
--------
nle(id0,id1,dist): 139 147 2.678581440028875
list:
dist: 2.678581440028875 vs. 2.678581440028875
--------
nle(id0,id1,dist): 140 145 1.3227930486126236
list:
dist: 1.3227930486126236 vs. 1.3227930486126236
--------
nle(id0,id1,dist): 140 146 1.901577031977955
list:
dist: 1.901577031977955 vs. 1.901577031977955
--------
nle(id0,id1,dist): 140 147 2.7904007018091814
list:
dist: 2.7904007018091814 vs. 2.7904007018091814
--------
nle(id0,id1,dist): 140 142 1.0133872111560827
list:
dist: 1.0133872111560827 vs. 1.0133872111560827
--------
nle(id0,id1,dist): 140 143 3.516398921734543
list:
dist: 3.516398921734543 vs. 3.516398921734543
--------
nle(id0,id1,dist): 140 144 1.0363518835051706
list:
dist: 1.0363518835051706 vs. 1.0363518835051706
--------
nle(id0,id1,dist): 138 142 1.651343581694859
list:
dist: 1.651343581694859 vs. 1.651343581694859
--------
nle(id0,id1,dist): 138 139 2.854240083507018
list:
dist: 2.854240083507018 vs. 2.854240083507018
--------
nle(id0,id1,dist): 138 140 2.5968084306856447
list:
dist: 2.5968084306856447 vs. 2.5968084306856447
--------
nle(id0,id1,dist): 138 148 1.2564602471232174
list:
dist: 1.2564602471232174 vs. 1.2564602471232174
--------
nle(id0,id1,dist): 138 147 0.9356266063630869
list:
dist: 0.9356266063630869 vs. 0.9356266063630869
--------
nle(id0,id1,dist): 138 146 2.542760690210685
list:
dist: 2.542760690210685 vs. 2.542760690210685
--------
nle(id0,id1,dist): 138 145 3.4363763956399156
list:
dist: 3.4363763956399156 vs. 3.4363763956399156
--------
nle(id0,id1,dist): 138 144 1.8819350110922861
list:
dist: 1.8819350110922861 vs. 1.8819350110922861
--------
nle(id0,id1,dist): 138 143 3.3078569921141736
list:
dist: 3.3078569921141736 vs. 3.3078569921141736
--------
nle(id0,id1,dist): 137 144 1.4133972032495732
list:
dist: 1.4133972032495732 vs. 1.4133972032495732
--------
nle(id0,id1,dist): 137 145 1.3153423711071195
list:
dist: 1.3153423711071195 vs. 1.3153423711071195
--------
nle(id0,id1,dist): 137 147 2.687144722555119
list:
dist: 2.687144722555119 vs. 2.687144722555119
--------
nle(id0,id1,dist): 137 140 0.8660847776891996
list:
dist: 0.8660847776891996 vs. 0.8660847776891996
--------
nle(id0,id1,dist): 137 142 0.9980651212612635
list:
dist: 0.9980651212612635 vs. 0.9980651212612635
--------
nle(id0,id1,dist): 137 138 2.5286022064283467
list:
dist: 2.5286022064283467 vs. 2.5286022064283467
--------
nle(id0,id1,dist): 136 147 2.85361865106734
list:
dist: 2.85361865106734 vs. 2.85361865106734
--------
nle(id0,id1,dist): 136 145 1.121042984778856
list:
dist: 1.121042984778856 vs. 1.121042984778856
--------
nle(id0,id1,dist): 136 146 1.947663553664614
list:
dist: 1.947663553664614 vs. 1.947663553664614
--------
nle(id0,id1,dist): 136 139 2.862336524472744
list:
dist: 2.862336524472744 vs. 2.862336524472744
--------
nle(id0,id1,dist): 136 140 0.5630375924841968
list:
dist: 0.5630375924841968 vs. 0.5630375924841968
--------
nle(id0,id1,dist): 136 137 1.2540144347154665
list:
dist: 1.2540144347154665 vs. 1.2540144347154665
--------
nle(id0,id1,dist): 136 138 2.811232752224456
list:
dist: 2.811232752224456 vs. 2.811232752224456
--------
nle(id0,id1,dist): 136 143 3.2378757109990004
list:
dist: 3.2378757109990004 vs. 3.2378757109990004
--------
nle(id0,id1,dist): 136 144 0.98967168373212
list:
dist: 0.98967168373212 vs. 0.98967168373212
--------
nle(id0,id1,dist): 136 142 1.2631427708506888
list:
dist: 1.2631427708506888 vs. 1.2631427708506888
--------
nle(id0,id1,dist): 135 142 2.141859831468646
list:
dist: 2.141859831468646 vs. 2.141859831468646
--------
nle(id0,id1,dist): 135 144 2.769702548914025
list:
dist: 2.769702548914025 vs. 2.769702548914025
--------
nle(id0,id1,dist): 135 145 2.9829807016967536
list:
dist: 2.9829807016967536 vs. 2.9829807016967536
--------
nle(id0,id1,dist): 135 146 3.4762865035717074
list:
dist: 3.4762865035717074 vs. 3.4762865035717074
--------
nle(id0,id1,dist): 135 147 3.2871230712205968
list:
dist: 3.2871230712205968 vs. 3.2871230712205968
--------
nle(id0,id1,dist): 134 147 3.326013942866281
list:
dist: 3.326013942866281 vs. 3.326013942866281
--------
nle(id0,id1,dist): 135 140 2.34257039447253
list:
dist: 2.34257039447253 vs. 2.34257039447253
--------
nle(id0,id1,dist): 135 138 2.777201742932051
list:
dist: 2.777201742932051 vs. 2.777201742932051
--------
nle(id0,id1,dist): 135 136 2.872692025645096
list:
dist: 2.872692025645096 vs. 2.872692025645096
--------
nle(id0,id1,dist): 135 137 1.735886962872424
list:
dist: 1.735886962872424 vs. 1.735886962872424
--------
nle(id0,id1,dist): 134 136 3.1282867116365853
list:
dist: 3.1282867116365853 vs. 3.1282867116365853
--------
nle(id0,id1,dist): 134 138 3.180869695768997
list:
dist: 3.180869695768997 vs. 3.180869695768997
--------
nle(id0,id1,dist): 134 143 0.9139079812238544
list:
dist: 0.9139079812238544 vs. 0.9139079812238544
--------
nle(id0,id1,dist): 134 144 2.7079597911230895
list:
dist: 2.7079597911230895 vs. 2.7079597911230895
--------
nle(id0,id1,dist): 134 146 1.705829690590771
list:
dist: 1.705829690590771 vs. 1.705829690590771
--------
nle(id0,id1,dist): 134 139 1.1419139736007422
list:
dist: 1.1419139736007422 vs. 1.1419139736007422
--------
nle(id0,id1,dist): 134 140 3.3003642400927915
list:
dist: 3.3003642400927915 vs. 3.3003642400927915
--------
nle(id0,id1,dist): 134 142 3.202752751363287
list:
dist: 3.202752751363287 vs. 3.202752751363287
--------
nle(id0,id1,dist): 133 135 2.612518925077162
list:
dist: 2.612518925077162 vs. 2.612518925077162
--------
nle(id0,id1,dist): 133 134 2.9705683276391786
list:
dist: 2.9705683276391786 vs. 2.9705683276391786
--------
nle(id0,id1,dist): 133 138 2.8333103717316903
list:
dist: 2.8333103717316903 vs. 2.8333103717316903
--------
nle(id0,id1,dist): 133 139 3.1181251733430106
list:
dist: 3.1181251733430106 vs. 3.1181251733430106
--------
nle(id0,id1,dist): 133 136 1.1549955496624136
list:
dist: 1.1549955496624136 vs. 1.1549955496624136
--------
nle(id0,id1,dist): 133 137 1.612200888360173
list:
dist: 1.612200888360173 vs. 1.612200888360173
--------
nle(id0,id1,dist): 133 142 1.5809734542148286
list:
dist: 1.5809734542148286 vs. 1.5809734542148286
--------
nle(id0,id1,dist): 133 143 3.3966834422202994
list:
dist: 3.3966834422202994 vs. 3.3966834422202994
--------
nle(id0,id1,dist): 133 140 0.8815313404561573
list:
dist: 0.8815313404561573 vs. 0.8815313404561573
--------
nle(id0,id1,dist): 133 146 1.358947983028906
list:
dist: 1.358947983028906 vs. 1.358947983028906
--------
nle(id0,id1,dist): 133 147 3.222486390229357
list:
dist: 3.222486390229357 vs. 3.222486390229357
--------
nle(id0,id1,dist): 133 144 1.5214736825560942
list:
dist: 1.5214736825560942 vs. 1.5214736825560942
--------
nle(id0,id1,dist): 133 145 2.094465665475985
list:
dist: 2.094465665475985 vs. 2.094465665475985
--------
nle(id0,id1,dist): 132 134 2.0987212685456758
list:
dist: 2.0987212685456758 vs. 2.0987212685456758
--------
nle(id0,id1,dist): 132 133 2.179030819687153
list:
dist: 2.179030819687153 vs. 2.179030819687153
--------
nle(id0,id1,dist): 132 136 1.8787975976799491
list:
dist: 1.8787975976799491 vs. 1.8787975976799491
--------
nle(id0,id1,dist): 132 138 3.7327290540815286
list:
dist: 3.7327290540815286 vs. 3.7327290540815286
--------
nle(id0,id1,dist): 132 137 3.112261392678958
list:
dist: 3.112261392678958 vs. 3.112261392678958
--------
nle(id0,id1,dist): 132 140 2.3088003540211743
list:
dist: 2.3088003540211743 vs. 2.3088003540211743
--------
nle(id0,id1,dist): 132 139 2.026664514996228
list:
dist: 2.026664514996228 vs. 2.026664514996228
--------
nle(id0,id1,dist): 132 142 2.7543008493480095
list:
dist: 2.7543008493480095 vs. 2.7543008493480095
--------
nle(id0,id1,dist): 132 143 2.1162191873589915
list:
dist: 2.1162191873589915 vs. 2.1162191873589915
--------
nle(id0,id1,dist): 132 144 2.1529415575976727
list:
dist: 2.1529415575976727 vs. 2.1529415575976727
--------
nle(id0,id1,dist): 132 145 2.690289275540724
list:
dist: 2.690289275540724 vs. 2.690289275540724
--------
nle(id0,id1,dist): 132 146 1.9049857599681526
list:
dist: 1.9049857599681526 vs. 1.9049857599681526
--------
nle(id0,id1,dist): 132 147 3.6965850010868375
list:
dist: 3.6965850010868375 vs. 3.6965850010868375
--------
nle(id0,id1,dist): 132 149 4.808781246866598
list:
dist: 4.808781246866598 vs. 4.808781246866598
--------
nle(id0,id1,dist): 131 147 2.321458023394855
list:
dist: 2.321458023394855 vs. 2.321458023394855
--------
nle(id0,id1,dist): 131 146 1.0990878794778942
list:
dist: 1.0990878794778942 vs. 1.0990878794778942
--------
nle(id0,id1,dist): 131 142 1.5543835284530363
list:
dist: 1.5543835284530363 vs. 1.5543835284530363
--------
nle(id0,id1,dist): 131 143 1.9040830861930087
list:
dist: 1.9040830861930087 vs. 1.9040830861930087
--------
nle(id0,id1,dist): 131 144 0.9831806713546942
list:
dist: 0.9831806713546942 vs. 0.9831806713546942
--------
nle(id0,id1,dist): 131 145 2.45846664518981
list:
dist: 2.45846664518981 vs. 2.45846664518981
--------
nle(id0,id1,dist): 131 138 2.245718513238767
list:
dist: 2.245718513238767 vs. 2.245718513238767
--------
nle(id0,id1,dist): 131 139 1.5347424509099734
list:
dist: 1.5347424509099734 vs. 1.5347424509099734
--------
nle(id0,id1,dist): 131 140 1.6232269374598964
list:
dist: 1.6232269374598964 vs. 1.6232269374598964
--------
nle(id0,id1,dist): 131 134 1.7625287696912233
list:
dist: 1.7625287696912233 vs. 1.7625287696912233
--------
nle(id0,id1,dist): 131 135 3.530676211553348
list:
dist: 3.530676211553348 vs. 3.530676211553348
--------
nle(id0,id1,dist): 131 136 1.4365608000618526
list:
dist: 1.4365608000618526 vs. 1.4365608000618526
--------
nle(id0,id1,dist): 131 137 2.2812371447116875
list:
dist: 2.2812371447116875 vs. 2.2812371447116875
--------
nle(id0,id1,dist): 131 132 1.4923803398201958
list:
dist: 1.4923803398201958 vs. 1.4923803398201958
--------
nle(id0,id1,dist): 131 133 1.6221752025988483
list:
dist: 1.6221752025988483 vs. 1.6221752025988483
--------
nle(id0,id1,dist): 130 149 3.7175312197433454
list:
dist: 3.7175312197433454 vs. 3.7175312197433454
--------
nle(id0,id1,dist): 130 147 3.2521398652923166
list:
dist: 3.2521398652923166 vs. 3.2521398652923166
--------
nle(id0,id1,dist): 130 145 2.2407668738531132
list:
dist: 2.2407668738531132 vs. 2.2407668738531132
--------
nle(id0,id1,dist): 130 146 2.671300893363619
list:
dist: 2.671300893363619 vs. 2.671300893363619
--------
nle(id0,id1,dist): 130 143 2.393618330570506
list:
dist: 2.393618330570506 vs. 2.393618330570506
--------
nle(id0,id1,dist): 130 144 1.9791319306904156
list:
dist: 1.9791319306904156 vs. 1.9791319306904156
--------
nle(id0,id1,dist): 130 142 2.5908526409238912
list:
dist: 2.5908526409238912 vs. 2.5908526409238912
--------
nle(id0,id1,dist): 130 139 2.103658539043086
list:
dist: 2.103658539043086 vs. 2.103658539043086
--------
nle(id0,id1,dist): 130 140 2.3836074526810647
list:
dist: 2.3836074526810647 vs. 2.3836074526810647
--------
nle(id0,id1,dist): 130 137 2.9427458694517905
list:
dist: 2.9427458694517905 vs. 2.9427458694517905
--------
nle(id0,id1,dist): 130 138 3.593201409379229
list:
dist: 3.593201409379229 vs. 3.593201409379229
--------
nle(id0,id1,dist): 130 136 1.84587791150098
list:
dist: 1.84587791150098 vs. 1.84587791150098
--------
nle(id0,id1,dist): 130 132 1.2851664916663528
list:
dist: 1.2851664916663528 vs. 1.2851664916663528
--------
nle(id0,id1,dist): 130 131 1.7461485280980913
list:
dist: 1.7461485280980913 vs. 1.7461485280980913
--------
nle(id0,id1,dist): 130 134 2.765269748002496
list:
dist: 2.765269748002496 vs. 2.765269748002496
--------
nle(id0,id1,dist): 130 133 2.708303751498107
list:
dist: 2.708303751498107 vs. 2.708303751498107
--------
nle(id0,id1,dist): 129 148 2.4307295983751693
list:
dist: 2.4307295983751693 vs. 2.4307295983751693
--------
nle(id0,id1,dist): 129 140 2.7512842215690188
list:
dist: 2.7512842215690188 vs. 2.7512842215690188
--------
nle(id0,id1,dist): 129 142 1.968612761911605
list:
dist: 1.968612761911605 vs. 1.968612761911605
--------
nle(id0,id1,dist): 129 144 2.465490543328773
list:
dist: 2.465490543328773 vs. 2.465490543328773
--------
nle(id0,id1,dist): 129 145 3.6903968396968647
list:
dist: 3.6903968396968647 vs. 3.6903968396968647
--------
nle(id0,id1,dist): 129 146 2.943202983501663
list:
dist: 2.943202983501663 vs. 2.943202983501663
--------
nle(id0,id1,dist): 129 147 2.0103914174091293
list:
dist: 2.0103914174091293 vs. 2.0103914174091293
--------
nle(id0,id1,dist): 129 135 1.9429238003233267
list:
dist: 1.9429238003233267 vs. 1.9429238003233267
--------
nle(id0,id1,dist): 129 133 2.896833229462622
list:
dist: 2.896833229462622 vs. 2.896833229462622
--------
nle(id0,id1,dist): 129 138 1.2083011087048707
list:
dist: 1.2083011087048707 vs. 1.2083011087048707
--------
nle(id0,id1,dist): 129 137 2.4811988558886715
list:
dist: 2.4811988558886715 vs. 2.4811988558886715
--------
nle(id0,id1,dist): 129 136 3.1593499783235157
list:
dist: 3.1593499783235157 vs. 3.1593499783235157
--------
nle(id0,id1,dist): 129 131 2.970320328511826
list:
dist: 2.970320328511826 vs. 2.970320328511826
--------
nle(id0,id1,dist): 128 147 1.16884434924461
list:
dist: 1.16884434924461 vs. 1.16884434924461
--------
nle(id0,id1,dist): 128 148 0.8449468064962474
list:
dist: 0.8449468064962474 vs. 0.8449468064962474
--------
nle(id0,id1,dist): 128 146 2.2950172411204277
list:
dist: 2.2950172411204277 vs. 2.2950172411204277
--------
nle(id0,id1,dist): 128 133 3.02420038095384
list:
dist: 3.02420038095384 vs. 3.02420038095384
--------
nle(id0,id1,dist): 128 134 2.2609836726899846
list:
dist: 2.2609836726899846 vs. 2.2609836726899846
--------
nle(id0,id1,dist): 128 135 3.8097854590576827
list:
dist: 3.8097854590576827 vs. 3.8097854590576827
--------
nle(id0,id1,dist): 128 136 2.876011384381656
list:
dist: 2.876011384381656 vs. 2.876011384381656
--------
nle(id0,id1,dist): 128 129 2.3766555501829676
list:
dist: 2.3766555501829676 vs. 2.3766555501829676
--------
nle(id0,id1,dist): 128 130 3.018578162900239
list:
dist: 3.018578162900239 vs. 3.018578162900239
--------
nle(id0,id1,dist): 128 131 1.7977237747010861
list:
dist: 1.7977237747010861 vs. 1.7977237747010861
--------
nle(id0,id1,dist): 128 132 3.154682828296616
list:
dist: 3.154682828296616 vs. 3.154682828296616
--------
nle(id0,id1,dist): 128 142 2.1065062729961626
list:
dist: 2.1065062729961626 vs. 2.1065062729961626
--------
nle(id0,id1,dist): 128 143 2.2066126055879187
list:
dist: 2.2066126055879187 vs. 2.2066126055879187
--------
nle(id0,id1,dist): 128 144 1.921039667119991
list:
dist: 1.921039667119991 vs. 1.921039667119991
--------
nle(id0,id1,dist): 128 138 1.2202349676792807
list:
dist: 1.2202349676792807 vs. 1.2202349676792807
--------
nle(id0,id1,dist): 128 139 1.7657830728364419
list:
dist: 1.7657830728364419 vs. 1.7657830728364419
--------
nle(id0,id1,dist): 128 140 2.876246733616739
list:
dist: 2.876246733616739 vs. 2.876246733616739
--------
nle(id0,id1,dist): 127 140 2.167495522934575
list:
dist: 2.167495522934575 vs. 2.167495522934575
--------
nle(id0,id1,dist): 127 138 0.5752478769282436
list:
dist: 0.5752478769282436 vs. 0.5752478769282436
--------
nle(id0,id1,dist): 127 139 2.993351502847063
list:
dist: 2.993351502847063 vs. 2.993351502847063
--------
nle(id0,id1,dist): 127 136 2.4109672759294276
list:
dist: 2.4109672759294276 vs. 2.4109672759294276
--------
nle(id0,id1,dist): 127 137 1.9927972730995134
list:
dist: 1.9927972730995134 vs. 1.9927972730995134
--------
nle(id0,id1,dist): 127 134 3.367043537509274
list:
dist: 3.367043537509274 vs. 3.367043537509274
--------
nle(id0,id1,dist): 127 135 2.3489770330802417
list:
dist: 2.3489770330802417 vs. 2.3489770330802417
--------
nle(id0,id1,dist): 127 148 1.565415898918039
list:
dist: 1.565415898918039 vs. 1.565415898918039
--------
nle(id0,id1,dist): 127 146 2.5142689477201463
list:
dist: 2.5142689477201463 vs. 2.5142689477201463
--------
nle(id0,id1,dist): 127 147 1.0050779075879226
list:
dist: 1.0050779075879226 vs. 1.0050779075879226
--------
nle(id0,id1,dist): 127 144 1.5414924571081636
list:
dist: 1.5414924571081636 vs. 1.5414924571081636
--------
nle(id0,id1,dist): 127 145 2.9336565653445543
list:
dist: 2.9336565653445543 vs. 2.9336565653445543
--------
nle(id0,id1,dist): 127 142 1.1795433128057522
list:
dist: 1.1795433128057522 vs. 1.1795433128057522
--------
nle(id0,id1,dist): 127 143 3.4766291475903848
list:
dist: 3.4766291475903848 vs. 3.4766291475903848
--------
nle(id0,id1,dist): 127 133 2.5312126766304535
list:
dist: 2.5312126766304535 vs. 2.5312126766304535
--------
nle(id0,id1,dist): 127 132 3.5784681725270837
list:
dist: 3.5784681725270837 vs. 3.5784681725270837
--------
nle(id0,id1,dist): 127 131 2.135717449534942
list:
dist: 2.135717449534942 vs. 2.135717449534942
--------
nle(id0,id1,dist): 127 130 3.3699952419158903
list:
dist: 3.3699952419158903 vs. 3.3699952419158903
--------
nle(id0,id1,dist): 127 129 1.1760478510674555
list:
dist: 1.1760478510674555 vs. 1.1760478510674555
--------
nle(id0,id1,dist): 127 128 1.554429023943798
list:
dist: 1.554429023943798 vs. 1.554429023943798
--------
nle(id0,id1,dist): 126 140 2.6077728702121323
list:
dist: 2.6077728702121323 vs. 2.6077728702121323
--------
nle(id0,id1,dist): 126 142 3.304371989889258
list:
dist: 3.304371989889258 vs. 3.304371989889258
--------
nle(id0,id1,dist): 126 144 2.891428801860673
list:
dist: 2.891428801860673 vs. 2.891428801860673
--------
nle(id0,id1,dist): 126 145 1.9509168850994691
list:
dist: 1.9509168850994691 vs. 1.9509168850994691
--------
nle(id0,id1,dist): 126 147 4.555357698431952
list:
dist: 4.555357698431952 vs. 4.555357698431952
--------
nle(id0,id1,dist): 126 149 4.187333160988371
list:
dist: 4.187333160988371 vs. 4.187333160988371
--------
nle(id0,id1,dist): 126 127 4.39044761188407
list:
dist: 4.39044761188407 vs. 4.39044761188407
--------
nle(id0,id1,dist): 126 130 1.763242377752734
list:
dist: 1.763242377752734 vs. 1.763242377752734
--------
nle(id0,id1,dist): 126 132 2.053578768900052
list:
dist: 2.053578768900052 vs. 2.053578768900052
--------
nle(id0,id1,dist): 126 131 2.9256717710436466
list:
dist: 2.9256717710436466 vs. 2.9256717710436466
--------
nle(id0,id1,dist): 126 133 2.9142461950265304
list:
dist: 2.9142461950265304 vs. 2.9142461950265304
--------
nle(id0,id1,dist): 126 136 2.116452672608421
list:
dist: 2.116452672608421 vs. 2.116452672608421
--------
nle(id0,id1,dist): 126 138 4.762337430607484
list:
dist: 4.762337430607484 vs. 4.762337430607484
--------
nle(id0,id1,dist): 126 137 3.0970283622019483
list:
dist: 3.0970283622019483 vs. 3.0970283622019483
--------
nle(id0,id1,dist): 125 146 2.446454554484417
list:
dist: 2.446454554484417 vs. 2.446454554484417
--------
nle(id0,id1,dist): 125 147 3.307445482448263
list:
dist: 3.307445482448263 vs. 3.307445482448263
--------
nle(id0,id1,dist): 125 144 2.553475703044027
list:
dist: 2.553475703044027 vs. 2.553475703044027
--------
nle(id0,id1,dist): 125 148 3.111375708876753
list:
dist: 3.111375708876753 vs. 3.111375708876753
--------
nle(id0,id1,dist): 125 131 1.7756543243043672
list:
dist: 1.7756543243043672 vs. 1.7756543243043672
--------
nle(id0,id1,dist): 125 130 1.600225077611535
list:
dist: 1.600225077611535 vs. 1.600225077611535
--------
nle(id0,id1,dist): 125 128 2.558636269490215
list:
dist: 2.558636269490215 vs. 2.558636269490215
--------
nle(id0,id1,dist): 125 134 1.541266011036646
list:
dist: 1.541266011036646 vs. 1.541266011036646
--------
nle(id0,id1,dist): 125 133 3.2282334858319612
list:
dist: 3.2282334858319612 vs. 3.2282334858319612
--------
nle(id0,id1,dist): 125 132 1.5399191886196608
list:
dist: 1.5399191886196608 vs. 1.5399191886196608
--------
nle(id0,id1,dist): 125 139 0.8908456232173344
list:
dist: 0.8908456232173344 vs. 0.8908456232173344
--------
nle(id0,id1,dist): 125 138 3.550532665612541
list:
dist: 3.550532665612541 vs. 3.550532665612541
--------
nle(id0,id1,dist): 125 136 2.830521506792518
list:
dist: 2.830521506792518 vs. 2.830521506792518
--------
nle(id0,id1,dist): 125 143 0.9008312826654965
list:
dist: 0.9008312826654965 vs. 0.9008312826654965
--------
nle(id0,id1,dist): 125 142 3.192882824095619
list:
dist: 3.192882824095619 vs. 3.192882824095619
--------
nle(id0,id1,dist): 125 140 3.2257556251705184
list:
dist: 3.2257556251705184 vs. 3.2257556251705184
2. Check the NeighborList query for coordinates against the neighbor list for consistency
list:
dist: 1.8765625515161175 vs. 1.8765625515161175
list:
dist: 1.002273367098815 vs. 1.002273367098815
list:
dist: 3.3966018130128592 vs. 3.3966018130128592
list:
dist: 2.4273143058067985 vs. 2.4273143058067985
list:
dist: 1.9386742796346195 vs. 1.9386742796346195
list:
dist: 0.766741232752162 vs. 0.766741232752162
list:
dist: 2.3974847602845997 vs. 2.3974847602845997
list:
dist: 2.0898123435203515 vs. 2.0898123435203515
list:
dist: 3.2411389848213727 vs. 3.2411389848213727
list:
dist: 2.0476029094185924 vs. 2.0476029094185924
list:
dist: 0.736515592894425 vs. 0.736515592894425
list:
dist: 1.6055875928507721 vs. 1.6055875928507721
list:
dist: 1.0208736065163442 vs. 1.0208736065163442
list:
dist: 0.16334662731905392 vs. 0.16334662731905392
list:
dist: 1.5862569318369673 vs. 1.5862569318369673
list:
dist: 1.9974713252037166 vs. 1.9974713252037166
list:
dist: 1.5329107303502763 vs. 1.5329107303502763
list:
dist: 1.343258923457626 vs. 1.343258923457626
list:
dist: 1.8182944051370602 vs. 1.8182944051370602
list:
dist: 2.144614706895032 vs. 2.144614706895032
list:
dist: 2.939743561956237 vs. 2.939743561956237
list:
dist: 3.9815914824488052 vs. 3.9815914824488052
list:
dist: 3.233130211837033 vs. 3.233130211837033
list:
dist: 4.764343169515997 vs. 4.764343169515997
list:
dist: 4.301735633577526 vs. 4.301735633577526
list:
dist: 1.5721523816248126 vs. 1.5721523816248126
list:
dist: 1.395174517262259 vs. 1.395174517262259
list:
dist: 1.2593320366785623 vs. 1.2593320366785623
list:
dist: 1.833801899776207 vs. 1.833801899776207
list:
dist: 2.945503127295305 vs. 2.945503127295305
list:
dist: 1.80847471724165 vs. 1.80847471724165
list:
dist: 2.7809346518290536 vs. 2.7809346518290536
list:
dist: 3.2616476730374533 vs. 3.2616476730374533
list:
dist: 2.0093685729931408 vs. 2.0093685729931408
list:
dist: 0.736970904618851 vs. 0.736970904618851
list:
dist: 1.395174517262259 vs. 1.395174517262259
list:
dist: 1.5441565146665297 vs. 1.5441565146665297
list:
dist: 2.0496172437073197 vs. 2.0496172437073197
list:
dist: 1.2970121749809542 vs. 1.2970121749809542
list:
dist: 1.944323215974097 vs. 1.944323215974097
list:
dist: 2.331687384874409 vs. 2.331687384874409
list:
dist: 2.26826519596588 vs. 2.26826519596588
list:
dist: 1.9936226979311191 vs. 1.9936226979311191
list:
dist: 2.1269437736119987 vs. 2.1269437736119987
list:
dist: 1.9386742796346195 vs. 1.9386742796346195
list:
dist: 1.0838914144526368 vs. 1.0838914144526368
list:
dist: 3.2469256372333826 vs. 3.2469256372333826
list:
dist: 2.6489857654275526 vs. 2.6489857654275526
list:
dist: 1.9936226979311191 vs. 1.9936226979311191
list:
dist: 1.4333850967874882 vs. 1.4333850967874882
list:
dist: 1.002273367098815 vs. 1.002273367098815
list:
dist: 3.1128310795896135 vs. 3.1128310795896135
list:
dist: 3.032441745028597 vs. 3.032441745028597
list:
dist: 2.627203511160958 vs. 2.627203511160958
list:
dist: 2.0496172437073197 vs. 2.0496172437073197
list:
dist: 1.7804924562888191 vs. 1.7804924562888191
list:
dist: 2.945503127295305 vs. 2.945503127295305
list:
dist: 3.249999012340588 vs. 3.249999012340588
list:
dist: 2.6489857654275526 vs. 2.6489857654275526
list:
dist: 1.4146749174929663 vs. 1.4146749174929663
list:
dist: 1.2875225533487529 vs. 1.2875225533487529
list:
dist: 1.307673735850055 vs. 1.307673735850055
list:
dist: 0.5746857675587511 vs. 0.5746857675587511
list:
dist: 2.5235813243659067 vs. 2.5235813243659067
list:
dist: 2.4273143058067985 vs. 2.4273143058067985
list:
dist: 1.8483366749614378 vs. 1.8483366749614378
list:
dist: 2.431793195208148 vs. 2.431793195208148
list:
dist: 2.1552840279226557 vs. 2.1552840279226557
list:
dist: 1.822343215403519 vs. 1.822343215403519
list:
dist: 2.5181786004065745 vs. 2.5181786004065745
list:
dist: 0.736515592894425 vs. 0.736515592894425
list:
dist: 1.0838914144526368 vs. 1.0838914144526368
list:
dist: 3.721897380920176 vs. 3.721897380920176
list:
dist: 3.249999012340588 vs. 3.249999012340588
list:
dist: 2.26826519596588 vs. 2.26826519596588
list:
dist: 1.916730920932565 vs. 1.916730920932565
list:
dist: 1.8765625515161175 vs. 1.8765625515161175
list:
dist: 4.043233206902274 vs. 4.043233206902274
list:
dist: 3.7998495244428816 vs. 3.7998495244428816
list:
dist: 2.7104113932637484 vs. 2.7104113932637484
list:
dist: 2.331687384874409 vs. 2.331687384874409
list:
dist: 2.17711242895622 vs. 2.17711242895622
list:
dist: 3.2616476730374533 vs. 3.2616476730374533
list:
dist: 1.8936511132149685 vs. 1.8936511132149685
list:
dist: 0.5746857675587511 vs. 0.5746857675587511
list:
dist: 1.494427013064467 vs. 1.494427013064467
list:
dist: 1.0281398573663307 vs. 1.0281398573663307
list:
dist: 1.6321327142003055 vs. 1.6321327142003055
list:
dist: 2.0951311563078767 vs. 2.0951311563078767
list:
dist: 1.6612296869609815 vs. 1.6612296869609815
list:
dist: 1.4162578194696878 vs. 1.4162578194696878
list:
dist: 1.9762750099482633 vs. 1.9762750099482633
list:
dist: 0.16334662731905392 vs. 0.16334662731905392
list:
dist: 2.2794601771358063 vs. 2.2794601771358063
list:
dist: 1.916730920932565 vs. 1.916730920932565
list:
dist: 1.4333850967874882 vs. 1.4333850967874882
list:
dist: 3.639663185531895 vs. 3.639663185531895
list:
dist: 2.5235813243659067 vs. 2.5235813243659067
list:
dist: 2.1269437736119987 vs. 2.1269437736119987
list:
dist: 0.766741232752162 vs. 0.766741232752162
list:
dist: 2.63673677514657 vs. 2.63673677514657
list:
dist: 1.9763533518990288 vs. 1.9763533518990288
list:
dist: 3.004374036704726 vs. 3.004374036704726
list:
dist: 1.8306990595431496 vs. 1.8306990595431496
list:
dist: 0.736970904618851 vs. 0.736970904618851
list:
dist: 1.2593320366785623 vs. 1.2593320366785623
list:
dist: 0.8539574877111208 vs. 0.8539574877111208
list:
dist: 1.7804924562888191 vs. 1.7804924562888191
list:
dist: 0.9932881651006659 vs. 0.9932881651006659
list:
dist: 1.982894757052673 vs. 1.982894757052673
list:
dist: 2.17711242895622 vs. 2.17711242895622
list:
dist: 2.0093685729931408 vs. 2.0093685729931408
list:
dist: 1.8306990595431496 vs. 1.8306990595431496
list:
dist: 1.5721523816248126 vs. 1.5721523816248126
list:
dist: 1.9967659965017293 vs. 1.9967659965017293
list:
dist: 2.627203511160958 vs. 2.627203511160958
list:
dist: 1.3902112350877243 vs. 1.3902112350877243
list:
dist: 2.0118272681262206 vs. 2.0118272681262206
list:
dist: 2.7104113932637484 vs. 2.7104113932637484
list:
dist: 3.8200697455141315 vs. 3.8200697455141315
list:
dist: 2.5181786004065745 vs. 2.5181786004065745
list:
dist: 3.272722638257193 vs. 3.272722638257193
list:
dist: 2.3180587153223615 vs. 2.3180587153223615
list:
dist: 1.9762750099482633 vs. 1.9762750099482633
list:
dist: 1.7564429759359865 vs. 1.7564429759359865
list:
dist: 1.3741186897149278 vs. 1.3741186897149278
list:
dist: 1.098969406492491 vs. 1.098969406492491
list:
dist: 1.9499675454705276 vs. 1.9499675454705276
list:
dist: 1.8182944051370602 vs. 1.8182944051370602
list:
dist: 1.485326533381762 vs. 1.485326533381762
list:
dist: 1.430733683104279 vs. 1.430733683104279
list:
dist: 2.433056225431433 vs. 2.433056225431433
list:
dist: 1.426895384972306 vs. 1.426895384972306
list:
dist: 3.11559008881909 vs. 3.11559008881909
list:
dist: 2.6587795131038656 vs. 2.6587795131038656
list:
dist: 4.043233206902274 vs. 4.043233206902274
list:
dist: 3.1128310795896135 vs. 3.1128310795896135
list:
dist: 2.933921567663149 vs. 2.933921567663149
list:
dist: 1.8483366749614378 vs. 1.8483366749614378
list:
dist: 2.8254105886632668 vs. 2.8254105886632668
list:
dist: 2.459338109239107 vs. 2.459338109239107
list:
dist: 1.6321327142003055 vs. 1.6321327142003055
list:
dist: 2.63673677514657 vs. 2.63673677514657
list:
dist: 2.3974847602845997 vs. 2.3974847602845997
list:
dist: 1.3747352181553614 vs. 1.3747352181553614
list:
dist: 1.497878636740317 vs. 1.497878636740317
list:
dist: 2.2013128129587134 vs. 2.2013128129587134
list:
dist: 1.7564429759359865 vs. 1.7564429759359865
list:
dist: 1.5862569318369673 vs. 1.5862569318369673
list:
dist: 2.317576144894217 vs. 2.317576144894217
list:
dist: 3.1200883858507407 vs. 3.1200883858507407
list:
dist: 2.9587848696546586 vs. 2.9587848696546586
list:
dist: 3.198098770558557 vs. 3.198098770558557
list:
dist: 2.1552840279226557 vs. 2.1552840279226557
list:
dist: 2.619982825953116 vs. 2.619982825953116
list:
dist: 1.833001695338906 vs. 1.833001695338906
list:
dist: 1.6612296869609815 vs. 1.6612296869609815
list:
dist: 1.497878636740317 vs. 1.497878636740317
list:
dist: 2.0083134723974774 vs. 2.0083134723974774
list:
dist: 1.1445895875367185 vs. 1.1445895875367185
list:
dist: 1.098969406492491 vs. 1.098969406492491
list:
dist: 1.5329107303502763 vs. 1.5329107303502763
list:
dist: 0.9987548967027742 vs. 0.9987548967027742
list:
dist: 2.372671542501812 vs. 2.372671542501812
list:
dist: 2.5765711208374524 vs. 2.5765711208374524
list:
dist: 2.209220882035076 vs. 2.209220882035076
list:
dist: 3.46724624187273 vs. 3.46724624187273
list:
dist: 3.019299116086277 vs. 3.019299116086277
list:
dist: 1.9967659965017293 vs. 1.9967659965017293
list:
dist: 1.5441565146665297 vs. 1.5441565146665297
list:
dist: 0.8539574877111208 vs. 0.8539574877111208
list:
dist: 1.833801899776207 vs. 1.833801899776207
list:
dist: 3.721897380920176 vs. 3.721897380920176
list:
dist: 3.2469256372333826 vs. 3.2469256372333826
list:
dist: 1.4146749174929663 vs. 1.4146749174929663
list:
dist: 0.992712030917783 vs. 0.992712030917783
list:
dist: 2.010290955414035 vs. 2.010290955414035
list:
dist: 1.8936511132149685 vs. 1.8936511132149685
list:
dist: 3.639663185531895 vs. 3.639663185531895
list:
dist: 3.3966018130128592 vs. 3.3966018130128592
list:
dist: 2.933921567663149 vs. 2.933921567663149
list:
dist: 3.7916321027025104 vs. 3.7916321027025104
list:
dist: 3.198098770558557 vs. 3.198098770558557
list:
dist: 2.539655445770732 vs. 2.539655445770732
list:
dist: 3.8200697455141315 vs. 3.8200697455141315
list:
dist: 2.0476029094185924 vs. 2.0476029094185924
list:
dist: 2.0118272681262206 vs. 2.0118272681262206
list:
dist: 1.944323215974097 vs. 1.944323215974097
list:
dist: 1.982894757052673 vs. 1.982894757052673
list:
dist: 2.7809346518290536 vs. 2.7809346518290536
list:
dist: 2.010290955414035 vs. 2.010290955414035
list:
dist: 1.307673735850055 vs. 1.307673735850055
list:
dist: 1.1445818382785553 vs. 1.1445818382785553
list:
dist: 1.0281398573663307 vs. 1.0281398573663307
list:
dist: 2.459338109239107 vs. 2.459338109239107
list:
dist: 2.907466038019323 vs. 2.907466038019323
list:
dist: 1.833001695338906 vs. 1.833001695338906
list:
dist: 0.943329360574306 vs. 0.943329360574306
list:
dist: 2.3180587153223615 vs. 2.3180587153223615
list:
dist: 1.0208736065163442 vs. 1.0208736065163442
list:
dist: 1.9974955328773982 vs. 1.9974955328773982
list:
dist: 2.9482235554521217 vs. 2.9482235554521217
list:
dist: 1.9974955328773982 vs. 1.9974955328773982
list:
dist: 2.2794601771358063 vs. 2.2794601771358063
list:
dist: 0.9987548967027742 vs. 0.9987548967027742
list:
dist: 1.2226062848527843 vs. 1.2226062848527843
list:
dist: 1.485326533381762 vs. 1.485326533381762
list:
dist: 2.144614706895032 vs. 2.144614706895032
list:
dist: 2.659110924336533 vs. 2.659110924336533
list:
dist: 2.11080070706732 vs. 2.11080070706732
list:
dist: 2.926068521191023 vs. 2.926068521191023
list:
dist: 2.4955481935239447 vs. 2.4955481935239447
list:
dist: 1.3902112350877243 vs. 1.3902112350877243
list:
dist: 1.2970121749809542 vs. 1.2970121749809542
list:
dist: 0.9932881651006659 vs. 0.9932881651006659
list:
dist: 1.80847471724165 vs. 1.80847471724165
list:
dist: 0.992712030917783 vs. 0.992712030917783
list:
dist: 1.2875225533487529 vs. 1.2875225533487529
list:
dist: 1.1445818382785553 vs. 1.1445818382785553
list:
dist: 1.494427013064467 vs. 1.494427013064467
list:
dist: 2.8254105886632668 vs. 2.8254105886632668
list:
dist: 3.5768428086896096 vs. 3.5768428086896096
list:
dist: 2.619982825953116 vs. 2.619982825953116
list:
dist: 1.7328667807684301 vs. 1.7328667807684301
list:
dist: 3.272722638257193 vs. 3.272722638257193
list:
dist: 1.6055875928507721 vs. 1.6055875928507721
list:
dist: 2.9482235554521217 vs. 2.9482235554521217
list:
dist: 2.539655445770732 vs. 2.539655445770732
list:
dist: 1.822343215403519 vs. 1.822343215403519
list:
dist: 1.7328667807684301 vs. 1.7328667807684301
list:
dist: 0.943329360574306 vs. 0.943329360574306
list:
dist: 1.4162578194696878 vs. 1.4162578194696878
list:
dist: 2.2013128129587134 vs. 2.2013128129587134
list:
dist: 2.81307193574688 vs. 2.81307193574688
list:
dist: 1.1445895875367185 vs. 1.1445895875367185
list:
dist: 1.9499675454705276 vs. 1.9499675454705276
list:
dist: 1.343258923457626 vs. 1.343258923457626
list:
dist: 1.2226062848527843 vs. 1.2226062848527843
list:
dist: 3.353756277236534 vs. 3.353756277236534
list:
dist: 3.613276501328797 vs. 3.613276501328797
list:
dist: 3.087693649534038 vs. 3.087693649534038
list:
dist: 4.144803420263479 vs. 4.144803420263479
list:
dist: 3.707908000965854 vs. 3.707908000965854
list:
dist: 2.9587848696546586 vs. 2.9587848696546586
list:
dist: 2.3313190406191002 vs. 2.3313190406191002
list:
dist: 2.209220882035076 vs. 2.209220882035076
list:
dist: 3.087693649534038 vs. 3.087693649534038
list:
dist: 1.426895384972306 vs. 1.426895384972306
list:
dist: 3.233130211837033 vs. 3.233130211837033
list:
dist: 2.11080070706732 vs. 2.11080070706732
list:
dist: 1.4106435366427748 vs. 1.4106435366427748
list:
dist: 1.7708300731562951 vs. 1.7708300731562951
list:
dist: 1.907410939366497 vs. 1.907410939366497
list:
dist: 1.5058140806339595 vs. 1.5058140806339595
list:
dist: 2.637291268321889 vs. 2.637291268321889
list:
dist: 3.1200883858507407 vs. 3.1200883858507407
list:
dist: 3.074758644230819 vs. 3.074758644230819
list:
dist: 2.5765711208374524 vs. 2.5765711208374524
list:
dist: 3.613276501328797 vs. 3.613276501328797
list:
dist: 2.433056225431433 vs. 2.433056225431433
list:
dist: 3.9815914824488052 vs. 3.9815914824488052
list:
dist: 2.659110924336533 vs. 2.659110924336533
list:
dist: 2.3330800573660055 vs. 2.3330800573660055
list:
dist: 1.7708300731562951 vs. 1.7708300731562951
list:
dist: 2.1000372094898374 vs. 2.1000372094898374
list:
dist: 1.8796214660207342 vs. 1.8796214660207342
list:
dist: 2.7129565439766448 vs. 2.7129565439766448
list:
dist: 3.46724624187273 vs. 3.46724624187273
list:
dist: 4.144803420263479 vs. 4.144803420263479
list:
dist: 3.11559008881909 vs. 3.11559008881909
list:
dist: 4.764343169515997 vs. 4.764343169515997
list:
dist: 2.926068521191023 vs. 2.926068521191023
list:
dist: 2.1000372094898374 vs. 2.1000372094898374
list:
dist: 1.907410939366497 vs. 1.907410939366497
list:
dist: 0.46331821961040365 vs. 0.46331821961040365
list:
dist: 2.6656167591429734 vs. 2.6656167591429734
list:
dist: 3.004374036704726 vs. 3.004374036704726
list:
dist: 3.2411389848213727 vs. 3.2411389848213727
list:
dist: 2.317576144894217 vs. 2.317576144894217
list:
dist: 1.2637583627307039 vs. 1.2637583627307039
list:
dist: 2.372671542501812 vs. 2.372671542501812
list:
dist: 3.353756277236534 vs. 3.353756277236534
list:
dist: 1.430733683104279 vs. 1.430733683104279
list:
dist: 2.939743561956237 vs. 2.939743561956237
list:
dist: 2.3330800573660055 vs. 2.3330800573660055
list:
dist: 1.4106435366427748 vs. 1.4106435366427748
list:
dist: 4.000521625332933 vs. 4.000521625332933
list:
dist: 2.9520647554639736 vs. 2.9520647554639736
list:
dist: 3.7998495244428816 vs. 3.7998495244428816
list:
dist: 3.032441745028597 vs. 3.032441745028597
list:
dist: 3.7916321027025104 vs. 3.7916321027025104
list:
dist: 2.431793195208148 vs. 2.431793195208148
list:
dist: 3.5768428086896096 vs. 3.5768428086896096
list:
dist: 2.907466038019323 vs. 2.907466038019323
list:
dist: 2.0951311563078767 vs. 2.0951311563078767
list:
dist: 1.9763533518990288 vs. 1.9763533518990288
list:
dist: 2.0898123435203515 vs. 2.0898123435203515
list:
dist: 1.3747352181553614 vs. 1.3747352181553614
list:
dist: 2.0083134723974774 vs. 2.0083134723974774
list:
dist: 2.81307193574688 vs. 2.81307193574688
list:
dist: 1.3741186897149278 vs. 1.3741186897149278
list:
dist: 1.9974713252037166 vs. 1.9974713252037166
list:
dist: 1.2637583627307039 vs. 1.2637583627307039
list:
dist: 3.074758644230819 vs. 3.074758644230819
list:
dist: 2.3313190406191002 vs. 2.3313190406191002
list:
dist: 2.9520647554639736 vs. 2.9520647554639736
list:
dist: 2.7129565439766448 vs. 2.7129565439766448
list:
dist: 2.637291268321889 vs. 2.637291268321889
list:
dist: 2.6656167591429734 vs. 2.6656167591429734
list:
dist: 2.735309860682131 vs. 2.735309860682131
list:
dist: 3.019299116086277 vs. 3.019299116086277
list:
dist: 3.707908000965854 vs. 3.707908000965854
list:
dist: 2.6587795131038656 vs. 2.6587795131038656
list:
dist: 4.301735633577526 vs. 4.301735633577526
list:
dist: 2.4955481935239447 vs. 2.4955481935239447
list:
dist: 1.8796214660207342 vs. 1.8796214660207342
list:
dist: 1.5058140806339595 vs. 1.5058140806339595
list:
dist: 0.46331821961040365 vs. 0.46331821961040365
list:
dist: 2.735309860682131 vs. 2.735309860682131
list:
dist: 2.494707678735537 vs. 2.494707678735537
list:
dist: 2.672064078813471 vs. 2.672064078813471
list:
dist: 1.1152598356060475 vs. 1.1152598356060475
list:
dist: 1.647116493305786 vs. 1.647116493305786
list:
dist: 2.2885729136692268 vs. 2.2885729136692268
list:
dist: 2.063197552663603 vs. 2.063197552663603
list:
dist: 1.8034277948889348 vs. 1.8034277948889348
list:
dist: 1.1106438923952413 vs. 1.1106438923952413
list:
dist: 3.3041640702322623 vs. 3.3041640702322623
list:
dist: 2.083337152387037 vs. 2.083337152387037
list:
dist: 2.7819705407670576 vs. 2.7819705407670576
list:
dist: 3.4901926771690297 vs. 3.4901926771690297
list:
dist: 2.1063277325289484 vs. 2.1063277325289484
list:
dist: 3.3540911319814173 vs. 3.3540911319814173
list:
dist: 3.7693139505173336 vs. 3.7693139505173336
list:
dist: 3.0397005776059136 vs. 3.0397005776059136
list:
dist: 2.217631288844504 vs. 2.217631288844504
list:
dist: 2.435069817824825 vs. 2.435069817824825
list:
dist: 3.36527497643404 vs. 3.36527497643404
list:
dist: 3.3036502428087884 vs. 3.3036502428087884
list:
dist: 0.37398455323352703 vs. 0.37398455323352703
list:
dist: 2.2695598029008734 vs. 2.2695598029008734
list:
dist: 2.4469439475931565 vs. 2.4469439475931565
list:
dist: 1.862343694165995 vs. 1.862343694165995
list:
dist: 1.283314272070525 vs. 1.283314272070525
list:
dist: 2.440006399064078 vs. 2.440006399064078
list:
dist: 2.672064078813471 vs. 2.672064078813471
list:
dist: 3.5604175333996992 vs. 3.5604175333996992
list:
dist: 3.5926357566082934 vs. 3.5926357566082934
list:
dist: 4.307812390353461 vs. 4.307812390353461
list:
dist: 2.727900042636069 vs. 2.727900042636069
list:
dist: 2.215831833622708 vs. 2.215831833622708
list:
dist: 1.116336180798517 vs. 1.116336180798517
list:
dist: 1.1454221221792333 vs. 1.1454221221792333
list:
dist: 3.3232386552828164 vs. 3.3232386552828164
list:
dist: 3.620856490810544 vs. 3.620856490810544
list:
dist: 2.2716834675468 vs. 2.2716834675468
list:
dist: 2.8346618747223267 vs. 2.8346618747223267
list:
dist: 3.2475687651921157 vs. 3.2475687651921157
list:
dist: 3.672639420977988 vs. 3.672639420977988
list:
dist: 2.667369053841927 vs. 2.667369053841927
list:
dist: 3.656008907911683 vs. 3.656008907911683
list:
dist: 3.2176543709445076 vs. 3.2176543709445076
list:
dist: 3.408417292671556 vs. 3.408417292671556
list:
dist: 2.201385980299365 vs. 2.201385980299365
list:
dist: 1.862343694165995 vs. 1.862343694165995
list:
dist: 0.7880916392110334 vs. 0.7880916392110334
list:
dist: 1.272991951424124 vs. 1.272991951424124
list:
dist: 2.1417289873596514 vs. 2.1417289873596514
list:
dist: 1.7604130654011223 vs. 1.7604130654011223
list:
dist: 3.1592087816998866 vs. 3.1592087816998866
list:
dist: 3.529024371776631 vs. 3.529024371776631
list:
dist: 2.6572028506756404 vs. 2.6572028506756404
list:
dist: 3.101430529247616 vs. 3.101430529247616
list:
dist: 2.8576855848878973 vs. 2.8576855848878973
list:
dist: 1.971885260203676 vs. 1.971885260203676
list:
dist: 2.2695598029008734 vs. 2.2695598029008734
list:
dist: 1.6334561668918417 vs. 1.6334561668918417
list:
dist: 2.3626784160401555 vs. 2.3626784160401555
list:
dist: 2.4928036589851597 vs. 2.4928036589851597
list:
dist: 1.1152598356060475 vs. 1.1152598356060475
list:
dist: 2.234619257396778 vs. 2.234619257396778
list:
dist: 1.5662670661572915 vs. 1.5662670661572915
list:
dist: 3.2363050353685807 vs. 3.2363050353685807
list:
dist: 2.389287483725598 vs. 2.389287483725598
list:
dist: 2.5009885843845745 vs. 2.5009885843845745
list:
dist: 2.440006399064078 vs. 2.440006399064078
list:
dist: 2.4928036589851597 vs. 2.4928036589851597
list:
dist: 2.2181601591647424 vs. 2.2181601591647424
list:
dist: 2.1417289873596514 vs. 2.1417289873596514
list:
dist: 1.2488951979430207 vs. 1.2488951979430207
list:
dist: 2.063197552663603 vs. 2.063197552663603
list:
dist: 1.8095125607388751 vs. 1.8095125607388751
list:
dist: 2.6599043316967137 vs. 2.6599043316967137
list:
dist: 2.848262693948935 vs. 2.848262693948935
list:
dist: 2.7840058811243105 vs. 2.7840058811243105
list:
dist: 1.8861098686265516 vs. 1.8861098686265516
list:
dist: 2.4582592590544454 vs. 2.4582592590544454
list:
dist: 1.3353863843736251 vs. 1.3353863843736251
list:
dist: 1.6445152611664884 vs. 1.6445152611664884
list:
dist: 1.9214591526404268 vs. 1.9214591526404268
list:
dist: 2.607411561153813 vs. 2.607411561153813
list:
dist: 1.3269354175899157 vs. 1.3269354175899157
list:
dist: 1.9758743687370113 vs. 1.9758743687370113
list:
dist: 2.687266117132988 vs. 2.687266117132988
list:
dist: 1.6334561668918417 vs. 1.6334561668918417
list:
dist: 1.647116493305786 vs. 1.647116493305786
list:
dist: 2.8610722927826022 vs. 2.8610722927826022
list:
dist: 1.4259962940512305 vs. 1.4259962940512305
list:
dist: 1.2234653787288041 vs. 1.2234653787288041
list:
dist: 2.5459213739208515 vs. 2.5459213739208515
list:
dist: 2.8576855848878973 vs. 2.8576855848878973
list:
dist: 2.7833310866288703 vs. 2.7833310866288703
list:
dist: 1.9214591526404268 vs. 1.9214591526404268
list:
dist: 3.7693139505173336 vs. 3.7693139505173336
list:
dist: 3.0576242755803658 vs. 3.0576242755803658
list:
dist: 4.200720330635759 vs. 4.200720330635759
list:
dist: 3.7665148232524692 vs. 3.7665148232524692
list:
dist: 2.140963103475776 vs. 2.140963103475776
list:
dist: 1.743713199828475 vs. 1.743713199828475
list:
dist: 1.6873587401233252 vs. 1.6873587401233252
list:
dist: 2.0109848876609266 vs. 2.0109848876609266
list:
dist: 0.6825177717527549 vs. 0.6825177717527549
list:
dist: 2.5119728056338113 vs. 2.5119728056338113
list:
dist: 1.8158513357615615 vs. 1.8158513357615615
list:
dist: 2.4511608215132092 vs. 2.4511608215132092
list:
dist: 2.1653034341512156 vs. 2.1653034341512156
list:
dist: 1.831549242826497 vs. 1.831549242826497
list:
dist: 1.5801396854823178 vs. 1.5801396854823178
list:
dist: 3.247516618334154 vs. 3.247516618334154
list:
dist: 3.369854855666752 vs. 3.369854855666752
list:
dist: 3.5926357566082934 vs. 3.5926357566082934
list:
dist: 1.5662670661572915 vs. 1.5662670661572915
list:
dist: 1.4259962940512305 vs. 1.4259962940512305
list:
dist: 3.1839305876143875 vs. 3.1839305876143875
list:
dist: 2.6599043316967137 vs. 2.6599043316967137
list:
dist: 1.1106438923952413 vs. 1.1106438923952413
list:
dist: 1.4776229620459365 vs. 1.4776229620459365
list:
dist: 2.8445385036637387 vs. 2.8445385036637387
list:
dist: 1.210784702396047 vs. 1.210784702396047
list:
dist: 3.2868529897829273 vs. 3.2868529897829273
list:
dist: 3.9423241060442376 vs. 3.9423241060442376
list:
dist: 2.782756021311853 vs. 2.782756021311853
list:
dist: 3.651202493816846 vs. 3.651202493816846
list:
dist: 4.200720330635759 vs. 4.200720330635759
list:
dist: 2.9104426756563786 vs. 2.9104426756563786
list:
dist: 2.5045971386000763 vs. 2.5045971386000763
list:
dist: 2.2405397493396273 vs. 2.2405397493396273
list:
dist: 3.60407809065334 vs. 3.60407809065334
list:
dist: 2.765397130950829 vs. 2.765397130950829
list:
dist: 1.395415382423202 vs. 1.395415382423202
list:
dist: 3.443507174544925 vs. 3.443507174544925
list:
dist: 2.1986988397739653 vs. 2.1986988397739653
list:
dist: 3.43276546980651 vs. 3.43276546980651
list:
dist: 3.5604175333996992 vs. 3.5604175333996992
list:
dist: 2.234619257396778 vs. 2.234619257396778
list:
dist: 2.8610722927826022 vs. 2.8610722927826022
list:
dist: 2.7660722776640263 vs. 2.7660722776640263
list:
dist: 1.8095125607388751 vs. 1.8095125607388751
list:
dist: 1.8034277948889348 vs. 1.8034277948889348
list:
dist: 1.4776229620459365 vs. 1.4776229620459365
list:
dist: 1.7312168348135115 vs. 1.7312168348135115
list:
dist: 2.5518852358273025 vs. 2.5518852358273025
list:
dist: 2.6803813687522045 vs. 2.6803813687522045
list:
dist: 3.2500487646712894 vs. 3.2500487646712894
list:
dist: 2.3206731789124673 vs. 2.3206731789124673
list:
dist: 2.441516844633054 vs. 2.441516844633054
list:
dist: 3.0576242755803658 vs. 3.0576242755803658
list:
dist: 2.1352103594618668 vs. 2.1352103594618668
list:
dist: 1.644487628512422 vs. 1.644487628512422
list:
dist: 1.1639926355336245 vs. 1.1639926355336245
list:
dist: 2.97427534076988 vs. 2.97427534076988
list:
dist: 2.3591371300165904 vs. 2.3591371300165904
list:
dist: 1.455285659363735 vs. 1.455285659363735
list:
dist: 1.283314272070525 vs. 1.283314272070525
list:
dist: 2.3626784160401555 vs. 2.3626784160401555
list:
dist: 1.6539922834612886 vs. 1.6539922834612886
list:
dist: 1.272991951424124 vs. 1.272991951424124
list:
dist: 1.2488951979430207 vs. 1.2488951979430207
list:
dist: 2.2885729136692268 vs. 2.2885729136692268
list:
dist: 2.7660722776640263 vs. 2.7660722776640263
list:
dist: 3.1839305876143875 vs. 3.1839305876143875
list:
dist: 3.6688242238969755 vs. 3.6688242238969755
list:
dist: 2.6589137148327024 vs. 2.6589137148327024
list:
dist: 2.708797378142398 vs. 2.708797378142398
list:
dist: 3.275301272305316 vs. 3.275301272305316
list:
dist: 2.0133303339409028 vs. 2.0133303339409028
list:
dist: 2.734564895586558 vs. 2.734564895586558
list:
dist: 2.7833310866288703 vs. 2.7833310866288703
list:
dist: 3.7696765006311925 vs. 3.7696765006311925
list:
dist: 2.4567553622440497 vs. 2.4567553622440497
list:
dist: 3.166718502246525 vs. 3.166718502246525
list:
dist: 3.6584218135807958 vs. 3.6584218135807958
list:
dist: 2.3442624869663775 vs. 2.3442624869663775
list:
dist: 2.6572028506756404 vs. 2.6572028506756404
list:
dist: 2.0133303339409028 vs. 2.0133303339409028
list:
dist: 1.3353863843736251 vs. 1.3353863843736251
list:
dist: 2.1063277325289484 vs. 2.1063277325289484
list:
dist: 2.3206731789124673 vs. 2.3206731789124673
list:
dist: 2.782756021311853 vs. 2.782756021311853
list:
dist: 3.7942545075172993 vs. 3.7942545075172993
list:
dist: 2.9293567216180483 vs. 2.9293567216180483
list:
dist: 0.799238183144264 vs. 0.799238183144264
list:
dist: 1.4896303433645137 vs. 1.4896303433645137
list:
dist: 1.8202373663262963 vs. 1.8202373663262963
list:
dist: 2.0109848876609266 vs. 2.0109848876609266
list:
dist: 2.104867700891555 vs. 2.104867700891555
list:
dist: 0.9915270619904374 vs. 0.9915270619904374
list:
dist: 1.9809586070532805 vs. 1.9809586070532805
list:
dist: 1.7200779959446546 vs. 1.7200779959446546
list:
dist: 3.606147993631375 vs. 3.606147993631375
list:
dist: 2.7971571705280245 vs. 2.7971571705280245
list:
dist: 3.007607397907733 vs. 3.007607397907733
list:
dist: 0.37398455323352703 vs. 0.37398455323352703
list:
dist: 1.971885260203676 vs. 1.971885260203676
list:
dist: 2.7677815752822874 vs. 2.7677815752822874
list:
dist: 2.201385980299365 vs. 2.201385980299365
list:
dist: 1.455285659363735 vs. 1.455285659363735
list:
dist: 2.5009885843845745 vs. 2.5009885843845745
list:
dist: 2.494707678735537 vs. 2.494707678735537
list:
dist: 3.43276546980651 vs. 3.43276546980651
list:
dist: 3.369854855666752 vs. 3.369854855666752
list:
dist: 4.166878786515132 vs. 4.166878786515132
list:
dist: 2.4567553622440497 vs. 2.4567553622440497
list:
dist: 1.3269354175899157 vs. 1.3269354175899157
list:
dist: 2.217631288844504 vs. 2.217631288844504
list:
dist: 1.644487628512422 vs. 1.644487628512422
list:
dist: 2.5045971386000763 vs. 2.5045971386000763
list:
dist: 3.039334637185401 vs. 3.039334637185401
list:
dist: 3.5310654928982945 vs. 3.5310654928982945
list:
dist: 1.0612415225321337 vs. 1.0612415225321337
list:
dist: 1.6126453989795457 vs. 1.6126453989795457
list:
dist: 0.9915270619904374 vs. 0.9915270619904374
list:
dist: 1.3172620934931847 vs. 1.3172620934931847
list:
dist: 1.8158513357615615 vs. 1.8158513357615615
list:
dist: 1.3184077902198896 vs. 1.3184077902198896
list:
dist: 1.0287426032461613 vs. 1.0287426032461613
list:
dist: 1.5000522446978528 vs. 1.5000522446978528
list:
dist: 2.3357354952920546 vs. 2.3357354952920546
list:
dist: 3.425533597770831 vs. 3.425533597770831
list:
dist: 2.5101561624286224 vs. 2.5101561624286224
list:
dist: 2.2335968861507096 vs. 2.2335968861507096
list:
dist: 2.7677815752822874 vs. 2.7677815752822874
list:
dist: 2.4469439475931565 vs. 2.4469439475931565
list:
dist: 0.7880916392110334 vs. 0.7880916392110334
list:
dist: 1.6539922834612886 vs. 1.6539922834612886
list:
dist: 2.2181601591647424 vs. 2.2181601591647424
list:
dist: 1.3125034101014927 vs. 1.3125034101014927
list:
dist: 2.717296204725353 vs. 2.717296204725353
list:
dist: 2.991320177506231 vs. 2.991320177506231
list:
dist: 2.3442624869663775 vs. 2.3442624869663775
list:
dist: 2.884798320373441 vs. 2.884798320373441
list:
dist: 2.5459213739208515 vs. 2.5459213739208515
list:
dist: 1.3125034101014927 vs. 1.3125034101014927
list:
dist: 1.7604130654011223 vs. 1.7604130654011223
list:
dist: 2.6589137148327024 vs. 2.6589137148327024
list:
dist: 2.7840058811243105 vs. 2.7840058811243105
list:
dist: 2.9843455688203466 vs. 2.9843455688203466
list:
dist: 2.9820266895790546 vs. 2.9820266895790546
list:
dist: 2.9293567216180483 vs. 2.9293567216180483
list:
dist: 2.714917938045327 vs. 2.714917938045327
list:
dist: 2.140963103475776 vs. 2.140963103475776
list:
dist: 2.8440907744377397 vs. 2.8440907744377397
list:
dist: 3.230473970996912 vs. 3.230473970996912
list:
dist: 4.166878786515132 vs. 4.166878786515132
list:
dist: 4.307812390353461 vs. 4.307812390353461
list:
dist: 3.2363050353685807 vs. 3.2363050353685807
list:
dist: 3.6688242238969755 vs. 3.6688242238969755
list:
dist: 2.848262693948935 vs. 2.848262693948935
list:
dist: 3.3041640702322623 vs. 3.3041640702322623
list:
dist: 1.7312168348135115 vs. 1.7312168348135115
list:
dist: 2.8445385036637387 vs. 2.8445385036637387
list:
dist: 4.0813342904372885 vs. 4.0813342904372885
list:
dist: 4.532177164027925 vs. 4.532177164027925
list:
dist: 3.7942545075172993 vs. 3.7942545075172993
list:
dist: 3.1871512439245704 vs. 3.1871512439245704
list:
dist: 3.7665148232524692 vs. 3.7665148232524692
list:
dist: 3.3604522039643436 vs. 3.3604522039643436
list:
dist: 3.039334637185401 vs. 3.039334637185401
list:
dist: 2.4193223592276047 vs. 2.4193223592276047
list:
dist: 4.314859994868888 vs. 4.314859994868888
list:
dist: 3.4474320435124053 vs. 3.4474320435124053
list:
dist: 3.6584218135807958 vs. 3.6584218135807958
list:
dist: 2.687266117132988 vs. 2.687266117132988
list:
dist: 3.36527497643404 vs. 3.36527497643404
list:
dist: 2.97427534076988 vs. 2.97427534076988
list:
dist: 3.60407809065334 vs. 3.60407809065334
list:
dist: 4.314859994868888 vs. 4.314859994868888
list:
dist: 4.367669042813838 vs. 4.367669042813838
list:
dist: 1.002479331982131 vs. 1.002479331982131
list:
dist: 0.8308715975735645 vs. 0.8308715975735645
list:
dist: 1.7200779959446546 vs. 1.7200779959446546
list:
dist: 1.9319487978563197 vs. 1.9319487978563197
list:
dist: 2.1653034341512156 vs. 2.1653034341512156
list:
dist: 1.2440874396873502 vs. 1.2440874396873502
list:
dist: 1.5000522446978528 vs. 1.5000522446978528
list:
dist: 1.9706091959441037 vs. 1.9706091959441037
list:
dist: 2.349621837807281 vs. 2.349621837807281
list:
dist: 3.037368349275955 vs. 3.037368349275955
list:
dist: 1.7977800374095816 vs. 1.7977800374095816
list:
dist: 1.847900733700215 vs. 1.847900733700215
list:
dist: 3.166718502246525 vs. 3.166718502246525
list:
dist: 1.9758743687370113 vs. 1.9758743687370113
list:
dist: 2.435069817824825 vs. 2.435069817824825
list:
dist: 1.1639926355336245 vs. 1.1639926355336245
list:
dist: 2.2405397493396273 vs. 2.2405397493396273
list:
dist: 2.4193223592276047 vs. 2.4193223592276047
list:
dist: 3.1487292426968843 vs. 3.1487292426968843
list:
dist: 1.9788661082465009 vs. 1.9788661082465009
list:
dist: 2.3879672127838703 vs. 2.3879672127838703
list:
dist: 1.9809586070532805 vs. 1.9809586070532805
list:
dist: 1.795470630665507 vs. 1.795470630665507
list:
dist: 2.4511608215132092 vs. 2.4511608215132092
list:
dist: 1.0066197370056869 vs. 1.0066197370056869
list:
dist: 1.0287426032461613 vs. 1.0287426032461613
list:
dist: 1.9706091959441037 vs. 1.9706091959441037
list:
dist: 1.597597925336765 vs. 1.597597925336765
list:
dist: 3.893942130383048 vs. 3.893942130383048
list:
dist: 2.9215055689237426 vs. 2.9215055689237426
list:
dist: 1.6822762042085875 vs. 1.6822762042085875
list:
dist: 3.3036502428087884 vs. 3.3036502428087884
list:
dist: 2.3591371300165904 vs. 2.3591371300165904
list:
dist: 2.765397130950829 vs. 2.765397130950829
list:
dist: 3.4474320435124053 vs. 3.4474320435124053
list:
dist: 3.0957164171858174 vs. 3.0957164171858174
list:
dist: 1.2609382654774832 vs. 1.2609382654774832
list:
dist: 2.3357354952920546 vs. 2.3357354952920546
list:
dist: 1.597597925336765 vs. 1.597597925336765
list:
dist: 2.349621837807281 vs. 2.349621837807281
list:
dist: 0.9004246134993932 vs. 0.9004246134993932
list:
dist: 1.5629572812667758 vs. 1.5629572812667758
list:
dist: 1.4675618945627014 vs. 1.4675618945627014
list:
dist: 3.7117340244929835 vs. 3.7117340244929835
list:
dist: 2.389287483725598 vs. 2.389287483725598
list:
dist: 1.2234653787288041 vs. 1.2234653787288041
list:
dist: 2.083337152387037 vs. 2.083337152387037
list:
dist: 2.5518852358273025 vs. 2.5518852358273025
list:
dist: 1.210784702396047 vs. 1.210784702396047
list:
dist: 3.627628088928862 vs. 3.627628088928862
list:
dist: 3.5310654928982945 vs. 3.5310654928982945
list:
dist: 3.1487292426968843 vs. 3.1487292426968843
list:
dist: 4.367669042813838 vs. 4.367669042813838
list:
dist: 3.0957164171858174 vs. 3.0957164171858174
list:
dist: 2.5855978089506135 vs. 2.5855978089506135
list:
dist: 2.614762716026907 vs. 2.614762716026907
list:
dist: 3.007607397907733 vs. 3.007607397907733
list:
dist: 2.717449557974554 vs. 2.717449557974554
list:
dist: 3.247516618334154 vs. 3.247516618334154
list:
dist: 0.9207361717679191 vs. 0.9207361717679191
list:
dist: 2.2335968861507096 vs. 2.2335968861507096
list:
dist: 1.6822762042085875 vs. 1.6822762042085875
list:
dist: 1.847900733700215 vs. 1.847900733700215
list:
dist: 0.9004246134993932 vs. 0.9004246134993932
list:
dist: 4.027311457141273 vs. 4.027311457141273
list:
dist: 2.8068463430951933 vs. 2.8068463430951933
list:
dist: 3.7117340244929835 vs. 3.7117340244929835
list:
dist: 2.991320177506231 vs. 2.991320177506231
list:
dist: 3.529024371776631 vs. 3.529024371776631
list:
dist: 3.275301272305316 vs. 3.275301272305316
list:
dist: 2.4582592590544454 vs. 2.4582592590544454
list:
dist: 3.4901926771690297 vs. 3.4901926771690297
list:
dist: 3.2500487646712894 vs. 3.2500487646712894
list:
dist: 3.9423241060442376 vs. 3.9423241060442376
list:
dist: 4.532177164027925 vs. 4.532177164027925
list:
dist: 2.9820266895790546 vs. 2.9820266895790546
list:
dist: 0.7133131713850064 vs. 0.7133131713850064
list:
dist: 1.4896303433645137 vs. 1.4896303433645137
list:
dist: 1.7071700679823762 vs. 1.7071700679823762
list:
dist: 1.6873587401233252 vs. 1.6873587401233252
list:
dist: 1.9147899497287815 vs. 1.9147899497287815
list:
dist: 1.6126453989795457 vs. 1.6126453989795457
list:
dist: 2.3879672127838703 vs. 2.3879672127838703
list:
dist: 0.8308715975735645 vs. 0.8308715975735645
list:
dist: 2.575444471945699 vs. 2.575444471945699
list:
dist: 1.551588596586562 vs. 1.551588596586562
list:
dist: 2.614762716026907 vs. 2.614762716026907
list:
dist: 2.8440907744377397 vs. 2.8440907744377397
list:
dist: 3.0637357222030674 vs. 3.0637357222030674
list:
dist: 2.575444471945699 vs. 2.575444471945699
list:
dist: 3.606147993631375 vs. 3.606147993631375
list:
dist: 2.3019042153341345 vs. 2.3019042153341345
list:
dist: 1.831549242826497 vs. 1.831549242826497
list:
dist: 3.603126720375897 vs. 3.603126720375897
list:
dist: 3.425533597770831 vs. 3.425533597770831
list:
dist: 3.893942130383048 vs. 3.893942130383048
list:
dist: 3.037368349275955 vs. 3.037368349275955
list:
dist: 1.3212712812355067 vs. 1.3212712812355067
list:
dist: 4.027311457141273 vs. 4.027311457141273
list:
dist: 1.5629572812667758 vs. 1.5629572812667758
list:
dist: 3.7696765006311925 vs. 3.7696765006311925
list:
dist: 2.607411561153813 vs. 2.607411561153813
list:
dist: 3.0397005776059136 vs. 3.0397005776059136
list:
dist: 2.1352103594618668 vs. 2.1352103594618668
list:
dist: 2.9104426756563786 vs. 2.9104426756563786
list:
dist: 3.3604522039643436 vs. 3.3604522039643436
list:
dist: 3.627628088928862 vs. 3.627628088928862
list:
dist: 1.7431469474176755 vs. 1.7431469474176755
list:
dist: 1.9147899497287815 vs. 1.9147899497287815
list:
dist: 2.104867700891555 vs. 2.104867700891555
list:
dist: 1.9675053733326604 vs. 1.9675053733326604
list:
dist: 2.5119728056338113 vs. 2.5119728056338113
list:
dist: 1.3184077902198896 vs. 1.3184077902198896
list:
dist: 1.0066197370056869 vs. 1.0066197370056869
list:
dist: 1.2440874396873502 vs. 1.2440874396873502
list:
dist: 1.2609382654774832 vs. 1.2609382654774832
list:
dist: 3.603126720375897 vs. 3.603126720375897
list:
dist: 2.4156605297647094 vs. 2.4156605297647094
list:
dist: 0.9207361717679191 vs. 0.9207361717679191
list:
dist: 3.230473970996912 vs. 3.230473970996912
list:
dist: 2.1066286359055324 vs. 2.1066286359055324
list:
dist: 1.551588596586562 vs. 1.551588596586562
list:
dist: 2.7971571705280245 vs. 2.7971571705280245
list:
dist: 1.7508981425295487 vs. 1.7508981425295487
list:
dist: 1.5801396854823178 vs. 1.5801396854823178
list:
dist: 2.4156605297647094 vs. 2.4156605297647094
list:
dist: 2.5101561624286224 vs. 2.5101561624286224
list:
dist: 2.9215055689237426 vs. 2.9215055689237426
list:
dist: 1.7977800374095816 vs. 1.7977800374095816
list:
dist: 1.3212712812355067 vs. 1.3212712812355067
list:
dist: 2.8068463430951933 vs. 2.8068463430951933
list:
dist: 1.4675618945627014 vs. 1.4675618945627014
list:
dist: 2.884798320373441 vs. 2.884798320373441
list:
dist: 3.101430529247616 vs. 3.101430529247616
list:
dist: 2.734564895586558 vs. 2.734564895586558
list:
dist: 1.6445152611664884 vs. 1.6445152611664884
list:
dist: 3.3540911319814173 vs. 3.3540911319814173
list:
dist: 2.441516844633054 vs. 2.441516844633054
list:
dist: 3.651202493816846 vs. 3.651202493816846
list:
dist: 3.1871512439245704 vs. 3.1871512439245704
list:
dist: 2.714917938045327 vs. 2.714917938045327
list:
dist: 1.6027154947643698 vs. 1.6027154947643698
list:
dist: 1.7071700679823762 vs. 1.7071700679823762
list:
dist: 1.8202373663262963 vs. 1.8202373663262963
list:
dist: 0.6825177717527549 vs. 0.6825177717527549
list:
dist: 1.9675053733326604 vs. 1.9675053733326604
list:
dist: 1.3172620934931847 vs. 1.3172620934931847
list:
dist: 1.795470630665507 vs. 1.795470630665507
list:
dist: 1.9319487978563197 vs. 1.9319487978563197
list:
dist: 2.3019042153341345 vs. 2.3019042153341345
list:
dist: 1.7508981425295487 vs. 1.7508981425295487
list:
dist: 2.717449557974554 vs. 2.717449557974554
list:
dist: 2.717296204725353 vs. 2.717296204725353
list:
dist: 3.1592087816998866 vs. 3.1592087816998866
list:
dist: 2.708797378142398 vs. 2.708797378142398
list:
dist: 1.8861098686265516 vs. 1.8861098686265516
list:
dist: 2.7819705407670576 vs. 2.7819705407670576
list:
dist: 2.6803813687522045 vs. 2.6803813687522045
list:
dist: 3.2868529897829273 vs. 3.2868529897829273
list:
dist: 4.0813342904372885 vs. 4.0813342904372885
list:
dist: 2.9843455688203466 vs. 2.9843455688203466
list:
dist: 0.7133131713850064 vs. 0.7133131713850064
list:
dist: 0.799238183144264 vs. 0.799238183144264
list:
dist: 1.6027154947643698 vs. 1.6027154947643698
list:
dist: 1.743713199828475 vs. 1.743713199828475
list:
dist: 1.7431469474176755 vs. 1.7431469474176755
list:
dist: 1.0612415225321337 vs. 1.0612415225321337
list:
dist: 1.9788661082465009 vs. 1.9788661082465009
list:
dist: 1.002479331982131 vs. 1.002479331982131
list:
dist: 3.0637357222030674 vs. 3.0637357222030674
list:
dist: 2.1066286359055324 vs. 2.1066286359055324
list:
dist: 2.5855978089506135 vs. 2.5855978089506135
list:
dist: 2.544094847415399 vs. 2.544094847415399
list:
dist: 3.2256933637019096 vs. 3.2256933637019096
list:
dist: 3.5991524523546436 vs. 3.5991524523546436
list:
dist: 3.620856490810544 vs. 3.620856490810544
list:
dist: 3.1192610229818736 vs. 3.1192610229818736
list:
dist: 0.5812543763448657 vs. 0.5812543763448657
list:
dist: 2.458910789855332 vs. 2.458910789855332
list:
dist: 1.2739996785574563 vs. 1.2739996785574563
list:
dist: 2.0157523879704677 vs. 2.0157523879704677
list:
dist: 1.2222866742424563 vs. 1.2222866742424563
list:
dist: 2.100013622127958 vs. 2.100013622127958
list:
dist: 1.8550679477793384 vs. 1.8550679477793384
list:
dist: 2.121649444240197 vs. 2.121649444240197
list:
dist: 1.2452664914261846 vs. 1.2452664914261846
list:
dist: 2.3039474994231557 vs. 2.3039474994231557
list:
dist: 2.9348076286432367 vs. 2.9348076286432367
list:
dist: 2.060352858900132 vs. 2.060352858900132
list:
dist: 2.7451325832377353 vs. 2.7451325832377353
list:
dist: 2.1135879920553418 vs. 2.1135879920553418
list:
dist: 2.060352858900132 vs. 2.060352858900132
list:
dist: 3.036431311935493 vs. 3.036431311935493
list:
dist: 2.2772049082836334 vs. 2.2772049082836334
list:
dist: 1.9861607899429825 vs. 1.9861607899429825
list:
dist: 1.3972760083350642 vs. 1.3972760083350642
list:
dist: 2.522849706500825 vs. 2.522849706500825
list:
dist: 1.546542276026938 vs. 1.546542276026938
list:
dist: 2.8035170631845263 vs. 2.8035170631845263
list:
dist: 4.067658203095316 vs. 4.067658203095316
list:
dist: 0.8645249691910989 vs. 0.8645249691910989
list:
dist: 0.6338151177637564 vs. 0.6338151177637564
list:
dist: 1.0255778875848263 vs. 1.0255778875848263
list:
dist: 1.820740656516461 vs. 1.820740656516461
list:
dist: 3.47834344371485 vs. 3.47834344371485
list:
dist: 2.215262669476232 vs. 2.215262669476232
list:
dist: 2.369082685929095 vs. 2.369082685929095
list:
dist: 2.8054220309089186 vs. 2.8054220309089186
list:
dist: 2.5219156959092883 vs. 2.5219156959092883
list:
dist: 1.1714235258239476 vs. 1.1714235258239476
list:
dist: 2.7793257064381924 vs. 2.7793257064381924
list:
dist: 1.9168639716206302 vs. 1.9168639716206302
list:
dist: 3.3498769701147895 vs. 3.3498769701147895
list:
dist: 1.491369817842706 vs. 1.491369817842706
list:
dist: 1.4136880349969725 vs. 1.4136880349969725
list:
dist: 1.1454221221792333 vs. 1.1454221221792333
list:
dist: 3.454856776431027 vs. 3.454856776431027
list:
dist: 3.5991524523546436 vs. 3.5991524523546436
list:
dist: 2.194887475637227 vs. 2.194887475637227
list:
dist: 2.678952944904882 vs. 2.678952944904882
list:
dist: 3.2149110879424283 vs. 3.2149110879424283
list:
dist: 3.7439489901959577 vs. 3.7439489901959577
list:
dist: 2.642320645837044 vs. 2.642320645837044
list:
dist: 3.7412095293039815 vs. 3.7412095293039815
list:
dist: 3.427646373625465 vs. 3.427646373625465
list:
dist: 3.627533163489688 vs. 3.627533163489688
list:
dist: 2.7724838456545067 vs. 2.7724838456545067
list:
dist: 3.49580300662656 vs. 3.49580300662656
list:
dist: 3.2149110879424283 vs. 3.2149110879424283
list:
dist: 3.2475687651921157 vs. 3.2475687651921157
list:
dist: 1.745929839212495 vs. 1.745929839212495
list:
dist: 2.0157523879704677 vs. 2.0157523879704677
list:
dist: 1.096158243445919 vs. 1.096158243445919
list:
dist: 1.0907266259410018 vs. 1.0907266259410018
list:
dist: 1.0779671314826218 vs. 1.0779671314826218
list:
dist: 0.5927325931903257 vs. 0.5927325931903257
list:
dist: 0.6604835181610239 vs. 0.6604835181610239
list:
dist: 1.1360771688893474 vs. 1.1360771688893474
list:
dist: 2.3609321297171117 vs. 2.3609321297171117
list:
dist: 1.6763817000051586 vs. 1.6763817000051586
list:
dist: 2.5441867551561312 vs. 2.5441867551561312
list:
dist: 2.546722918243624 vs. 2.546722918243624
list:
dist: 1.9861607899429825 vs. 1.9861607899429825
list:
dist: 1.9554601538430691 vs. 1.9554601538430691
list:
dist: 2.6004042908200566 vs. 2.6004042908200566
list:
dist: 1.7428464928618213 vs. 1.7428464928618213
list:
dist: 1.562498086206403 vs. 1.562498086206403
list:
dist: 3.4030473056063135 vs. 3.4030473056063135
list:
dist: 3.427646373625465 vs. 3.427646373625465
list:
dist: 3.2176543709445076 vs. 3.2176543709445076
list:
dist: 3.443507174544925 vs. 3.443507174544925
list:
dist: 1.3528266171537306 vs. 1.3528266171537306
list:
dist: 2.0621675282234717 vs. 2.0621675282234717
list:
dist: 1.1360771688893474 vs. 1.1360771688893474
list:
dist: 1.9447724001590627 vs. 1.9447724001590627
list:
dist: 1.1716985676882294 vs. 1.1716985676882294
list:
dist: 1.3584095636077327 vs. 1.3584095636077327
list:
dist: 1.3580251104797967 vs. 1.3580251104797967
list:
dist: 3.0231405397314477 vs. 3.0231405397314477
list:
dist: 2.8035170631845263 vs. 2.8035170631845263
list:
dist: 1.9764331495529637 vs. 1.9764331495529637
list:
dist: 1.8727662981732625 vs. 1.8727662981732625
list:
dist: 1.395043041709891 vs. 1.395043041709891
list:
dist: 1.0786218927349294 vs. 1.0786218927349294
list:
dist: 3.1996347913105976 vs. 3.1996347913105976
list:
dist: 1.8738589055144441 vs. 1.8738589055144441
list:
dist: 2.7584864551645474 vs. 2.7584864551645474
list:
dist: 2.678952944904882 vs. 2.678952944904882
list:
dist: 2.8346618747223267 vs. 2.8346618747223267
list:
dist: 1.1682155459561698 vs. 1.1682155459561698
list:
dist: 1.2739996785574563 vs. 1.2739996785574563
list:
dist: 1.241513378704213 vs. 1.241513378704213
list:
dist: 1.0907266259410018 vs. 1.0907266259410018
list:
dist: 1.1669766077529826 vs. 1.1669766077529826
list:
dist: 0.9582947860185206 vs. 0.9582947860185206
list:
dist: 1.3752583099415476 vs. 1.3752583099415476
list:
dist: 2.0621675282234717 vs. 2.0621675282234717
list:
dist: 3.1799795530664707 vs. 3.1799795530664707
list:
dist: 1.5693604218177994 vs. 1.5693604218177994
list:
dist: 2.6899720990856957 vs. 2.6899720990856957
list:
dist: 3.109199296852988 vs. 3.109199296852988
list:
dist: 2.2772049082836334 vs. 2.2772049082836334
list:
dist: 2.6804045001975494 vs. 2.6804045001975494
list:
dist: 3.6813653018994623 vs. 3.6813653018994623
list:
dist: 2.7400597061611127 vs. 2.7400597061611127
list:
dist: 2.6180839487805367 vs. 2.6180839487805367
list:
dist: 4.257198510236934 vs. 4.257198510236934
list:
dist: 1.7900863787496581 vs. 1.7900863787496581
list:
dist: 1.491369817842706 vs. 1.491369817842706
list:
dist: 2.215831833622708 vs. 2.215831833622708
list:
dist: 3.0780669920056747 vs. 3.0780669920056747
list:
dist: 2.6210391658934995 vs. 2.6210391658934995
list:
dist: 2.544094847415399 vs. 2.544094847415399
list:
dist: 2.137014158434452 vs. 2.137014158434452
list:
dist: 1.8738589055144441 vs. 1.8738589055144441
list:
dist: 2.7724838456545067 vs. 2.7724838456545067
list:
dist: 3.0169661303165487 vs. 3.0169661303165487
list:
dist: 2.3503692068890527 vs. 2.3503692068890527
list:
dist: 3.2172184289535957 vs. 3.2172184289535957
list:
dist: 3.0780669920056747 vs. 3.0780669920056747
list:
dist: 4.227760973659366 vs. 4.227760973659366
list:
dist: 3.637142387142821 vs. 3.637142387142821
list:
dist: 3.1192610229818736 vs. 3.1192610229818736
list:
dist: 1.7876894272506636 vs. 1.7876894272506636
list:
dist: 3.7575053886849266 vs. 3.7575053886849266
list:
dist: 4.3547646533386395 vs. 4.3547646533386395
list:
dist: 1.7900863787496581 vs. 1.7900863787496581
list:
dist: 1.4136880349969725 vs. 1.4136880349969725
list:
dist: 1.116336180798517 vs. 1.116336180798517
list:
dist: 4.227760973659366 vs. 4.227760973659366
list:
dist: 3.050632121087787 vs. 3.050632121087787
list:
dist: 3.2256933637019096 vs. 3.2256933637019096
list:
dist: 2.690912076768219 vs. 2.690912076768219
list:
dist: 2.7584864551645474 vs. 2.7584864551645474
list:
dist: 3.49580300662656 vs. 3.49580300662656
list:
dist: 3.6477434869325993 vs. 3.6477434869325993
list:
dist: 2.968413644774604 vs. 2.968413644774604
list:
dist: 3.8276747177446833 vs. 3.8276747177446833
list:
dist: 3.3498769701147895 vs. 3.3498769701147895
list:
dist: 2.727900042636069 vs. 2.727900042636069
list:
dist: 1.395415382423202 vs. 1.395415382423202
list:
dist: 2.6210391658934995 vs. 2.6210391658934995
list:
dist: 3.050632121087787 vs. 3.050632121087787
list:
dist: 3.454856776431027 vs. 3.454856776431027
list:
dist: 3.3232386552828164 vs. 3.3232386552828164
list:
dist: 3.637142387142821 vs. 3.637142387142821
list:
dist: 0.5812543763448657 vs. 0.5812543763448657
list:
dist: 2.1717323880673347 vs. 2.1717323880673347
list:
dist: 1.1682155459561698 vs. 1.1682155459561698
list:
dist: 1.745929839212495 vs. 1.745929839212495
list:
dist: 0.9548296390933038 vs. 0.9548296390933038
list:
dist: 1.7985647953859485 vs. 1.7985647953859485
list:
dist: 1.5401742930712017 vs. 1.5401742930712017
list:
dist: 2.70168926085083 vs. 2.70168926085083
list:
dist: 1.4011856561173228 vs. 1.4011856561173228
list:
dist: 2.4892032151946477 vs. 2.4892032151946477
list:
dist: 2.8640363874878294 vs. 2.8640363874878294
list:
dist: 2.1135879920553418 vs. 2.1135879920553418
list:
dist: 2.3792958290644473 vs. 2.3792958290644473
list:
dist: 2.3503692068890527 vs. 2.3503692068890527
list:
dist: 2.968413644774604 vs. 2.968413644774604
list:
dist: 2.642320645837044 vs. 2.642320645837044
list:
dist: 2.667369053841927 vs. 2.667369053841927
list:
dist: 1.7985647953859485 vs. 1.7985647953859485
list:
dist: 2.100013622127958 vs. 2.100013622127958
list:
dist: 0.5309561329782888 vs. 0.5309561329782888
list:
dist: 0.9582947860185206 vs. 0.9582947860185206
list:
dist: 0.5927325931903257 vs. 0.5927325931903257
list:
dist: 1.4246907049758881 vs. 1.4246907049758881
list:
dist: 1.1556583469370456 vs. 1.1556583469370456
list:
dist: 1.1716985676882294 vs. 1.1716985676882294
list:
dist: 2.222165776338661 vs. 2.222165776338661
list:
dist: 2.080941026613754 vs. 2.080941026613754
list:
dist: 3.057426160680281 vs. 3.057426160680281
list:
dist: 3.1237316015910475 vs. 3.1237316015910475
list:
dist: 2.522849706500825 vs. 2.522849706500825
list:
dist: 2.4030565593900324 vs. 2.4030565593900324
list:
dist: 2.863546243934616 vs. 2.863546243934616
list:
dist: 2.1686507337991023 vs. 2.1686507337991023
list:
dist: 1.9431587291856804 vs. 1.9431587291856804
list:
dist: 3.8946736715345667 vs. 3.8946736715345667
list:
dist: 2.137014158434452 vs. 2.137014158434452
list:
dist: 2.690912076768219 vs. 2.690912076768219
list:
dist: 2.194887475637227 vs. 2.194887475637227
list:
dist: 2.2716834675468 vs. 2.2716834675468
list:
dist: 2.1717323880673347 vs. 2.1717323880673347
list:
dist: 2.458910789855332 vs. 2.458910789855332
list:
dist: 1.241513378704213 vs. 1.241513378704213
list:
dist: 1.096158243445919 vs. 1.096158243445919
list:
dist: 1.9338218819379132 vs. 1.9338218819379132
list:
dist: 0.5309561329782888 vs. 0.5309561329782888
list:
dist: 1.6804336568476286 vs. 1.6804336568476286
list:
dist: 1.3528266171537306 vs. 1.3528266171537306
list:
dist: 2.0853636460451512 vs. 2.0853636460451512
list:
dist: 2.563865343326296 vs. 2.563865343326296
list:
dist: 3.554135809682061 vs. 3.554135809682061
list:
dist: 3.641394046246178 vs. 3.641394046246178
list:
dist: 3.036431311935493 vs. 3.036431311935493
list:
dist: 2.878316624441463 vs. 2.878316624441463
list:
dist: 3.0264077822282434 vs. 3.0264077822282434
list:
dist: 2.5623984129881774 vs. 2.5623984129881774
list:
dist: 2.2887872697159386 vs. 2.2887872697159386
list:
dist: 2.5623984129881774 vs. 2.5623984129881774
list:
dist: 2.7400597061611127 vs. 2.7400597061611127
list:
dist: 1.7428464928618213 vs. 1.7428464928618213
list:
dist: 1.9861371372681629 vs. 1.9861371372681629
list:
dist: 2.1686507337991023 vs. 2.1686507337991023
list:
dist: 1.415958357262296 vs. 1.415958357262296
list:
dist: 1.395043041709891 vs. 1.395043041709891
list:
dist: 2.3615619166878608 vs. 2.3615619166878608
list:
dist: 1.9720511201551634 vs. 1.9720511201551634
list:
dist: 2.215262669476232 vs. 2.215262669476232
list:
dist: 0.9594379358267939 vs. 0.9594379358267939
list:
dist: 1.640896207373049 vs. 1.640896207373049
list:
dist: 0.41012400783145936 vs. 0.41012400783145936
list:
dist: 1.8172568405623972 vs. 1.8172568405623972
list:
dist: 3.985720935087345 vs. 3.985720935087345
list:
dist: 2.6025410058562826 vs. 2.6025410058562826
list:
dist: 2.0082875943179457 vs. 2.0082875943179457
list:
dist: 1.8884301224472837 vs. 1.8884301224472837
list:
dist: 2.8640363874878294 vs. 2.8640363874878294
list:
dist: 2.9348076286432367 vs. 2.9348076286432367
list:
dist: 3.641394046246178 vs. 3.641394046246178
list:
dist: 3.109199296852988 vs. 3.109199296852988
list:
dist: 2.546722918243624 vs. 2.546722918243624
list:
dist: 2.077391305307604 vs. 2.077391305307604
list:
dist: 3.1237316015910475 vs. 3.1237316015910475
list:
dist: 2.0139145550257287 vs. 2.0139145550257287
list:
dist: 3.0231405397314477 vs. 3.0231405397314477
list:
dist: 4.189139748514491 vs. 4.189139748514491
list:
dist: 1.8470694508817065 vs. 1.8470694508817065
list:
dist: 1.277709774632607 vs. 1.277709774632607
list:
dist: 1.0255778875848263 vs. 1.0255778875848263
list:
dist: 1.5401381131093563 vs. 1.5401381131093563
list:
dist: 3.234819855749863 vs. 3.234819855749863
list:
dist: 1.9720511201551634 vs. 1.9720511201551634
list:
dist: 2.248374891862422 vs. 2.248374891862422
list:
dist: 1.9137693220731866 vs. 1.9137693220731866
list:
dist: 2.0601387715952826 vs. 2.0601387715952826
list:
dist: 0.6678589764819577 vs. 0.6678589764819577
list:
dist: 1.888001345867598 vs. 1.888001345867598
list:
dist: 0.9957893952249466 vs. 0.9957893952249466
list:
dist: 3.0264077822282434 vs. 3.0264077822282434
list:
dist: 3.6813653018994623 vs. 3.6813653018994623
list:
dist: 2.6004042908200566 vs. 2.6004042908200566
list:
dist: 3.323106775611794 vs. 3.323106775611794
list:
dist: 2.863546243934616 vs. 2.863546243934616
list:
dist: 2.6620658180167296 vs. 2.6620658180167296
list:
dist: 1.8727662981732625 vs. 1.8727662981732625
list:
dist: 1.7726097692945995 vs. 1.7726097692945995
list:
dist: 3.234819855749863 vs. 3.234819855749863
list:
dist: 3.47834344371485 vs. 3.47834344371485
list:
dist: 2.593352490078049 vs. 2.593352490078049
list:
dist: 1.640896207373049 vs. 1.640896207373049
list:
dist: 1.379781314913405 vs. 1.379781314913405
list:
dist: 2.763123341453165 vs. 2.763123341453165
list:
dist: 5.1896939294495095 vs. 5.1896939294495095
list:
dist: 3.7395102362605743 vs. 3.7395102362605743
list:
dist: 2.483334754716774 vs. 2.483334754716774
list:
dist: 2.7807027139457694 vs. 2.7807027139457694
list:
dist: 3.7575053886849266 vs. 3.7575053886849266
list:
dist: 1.4011856561173228 vs. 1.4011856561173228
list:
dist: 1.2452664914261846 vs. 1.2452664914261846
list:
dist: 2.563865343326296 vs. 2.563865343326296
list:
dist: 1.5693604218177994 vs. 1.5693604218177994
list:
dist: 1.6763817000051586 vs. 1.6763817000051586
list:
dist: 0.9308936982650363 vs. 0.9308936982650363
list:
dist: 2.080941026613754 vs. 2.080941026613754
list:
dist: 1.3688137932865132 vs. 1.3688137932865132
list:
dist: 2.337510002497453 vs. 2.337510002497453
list:
dist: 1.1602699804079055 vs. 1.1602699804079055
list:
dist: 1.8470694508817065 vs. 1.8470694508817065
list:
dist: 0.8645249691910989 vs. 0.8645249691910989
list:
dist: 2.1411576194520174 vs. 2.1411576194520174
list:
dist: 3.1904815334287395 vs. 3.1904815334287395
list:
dist: 2.0109172524785097 vs. 2.0109172524785097
list:
dist: 3.0169661303165487 vs. 3.0169661303165487
list:
dist: 3.6477434869325993 vs. 3.6477434869325993
list:
dist: 3.7439489901959577 vs. 3.7439489901959577
list:
dist: 3.672639420977988 vs. 3.672639420977988
list:
dist: 0.9548296390933038 vs. 0.9548296390933038
list:
dist: 1.2222866742424563 vs. 1.2222866742424563
list:
dist: 1.9338218819379132 vs. 1.9338218819379132
list:
dist: 1.1669766077529826 vs. 1.1669766077529826
list:
dist: 1.0779671314826218 vs. 1.0779671314826218
list:
dist: 1.4246907049758881 vs. 1.4246907049758881
list:
dist: 0.665691878746021 vs. 0.665691878746021
list:
dist: 1.9447724001590627 vs. 1.9447724001590627
list:
dist: 3.2885306736730526 vs. 3.2885306736730526
list:
dist: 0.9308936982650363 vs. 0.9308936982650363
list:
dist: 1.9254233370247127 vs. 1.9254233370247127
list:
dist: 2.077391305307604 vs. 2.077391305307604
list:
dist: 1.3972760083350642 vs. 1.3972760083350642
list:
dist: 1.6400587456583018 vs. 1.6400587456583018
list:
dist: 3.323106775611794 vs. 3.323106775611794
list:
dist: 1.9861371372681629 vs. 1.9861371372681629
list:
dist: 2.0309466772624067 vs. 2.0309466772624067
list:
dist: 3.218728228094175 vs. 3.218728228094175
list:
dist: 2.2887872697159386 vs. 2.2887872697159386
list:
dist: 2.6180839487805367 vs. 2.6180839487805367
list:
dist: 1.562498086206403 vs. 1.562498086206403
list:
dist: 2.0309466772624067 vs. 2.0309466772624067
list:
dist: 1.9431587291856804 vs. 1.9431587291856804
list:
dist: 1.3949845985734743 vs. 1.3949845985734743
list:
dist: 1.0786218927349294 vs. 1.0786218927349294
list:
dist: 1.9917605856547929 vs. 1.9917605856547929
list:
dist: 2.248374891862422 vs. 2.248374891862422
list:
dist: 2.369082685929095 vs. 2.369082685929095
list:
dist: 1.3134723519924378 vs. 1.3134723519924378
list:
dist: 1.379781314913405 vs. 1.379781314913405
list:
dist: 0.41012400783145936 vs. 0.41012400783145936
list:
dist: 2.1829690225242984 vs. 2.1829690225242984
list:
dist: 4.293923762520409 vs. 4.293923762520409
list:
dist: 2.847589686348628 vs. 2.847589686348628
list:
dist: 2.260575745263877 vs. 2.260575745263877
list:
dist: 2.1652602115775155 vs. 2.1652602115775155
list:
dist: 3.2172184289535957 vs. 3.2172184289535957
list:
dist: 3.8276747177446833 vs. 3.8276747177446833
list:
dist: 3.7412095293039815 vs. 3.7412095293039815
list:
dist: 3.656008907911683 vs. 3.656008907911683
list:
dist: 1.5401742930712017 vs. 1.5401742930712017
list:
dist: 1.8550679477793384 vs. 1.8550679477793384
list:
dist: 1.6804336568476286 vs. 1.6804336568476286
list:
dist: 1.3752583099415476 vs. 1.3752583099415476
list:
dist: 0.6604835181610239 vs. 0.6604835181610239
list:
dist: 0.665691878746021 vs. 0.665691878746021
list:
dist: 1.1556583469370456 vs. 1.1556583469370456
list:
dist: 1.3584095636077327 vs. 1.3584095636077327
list:
dist: 2.7008546640367834 vs. 2.7008546640367834
list:
dist: 1.3688137932865132 vs. 1.3688137932865132
list:
dist: 2.1555580939251726 vs. 2.1555580939251726
list:
dist: 2.0139145550257287 vs. 2.0139145550257287
list:
dist: 1.546542276026938 vs. 1.546542276026938
list:
dist: 1.3636885428052548 vs. 1.3636885428052548
list:
dist: 2.6620658180167296 vs. 2.6620658180167296
list:
dist: 1.415958357262296 vs. 1.415958357262296
list:
dist: 1.3949845985734743 vs. 1.3949845985734743
list:
dist: 2.8920461542197704 vs. 2.8920461542197704
list:
dist: 4.3547646533386395 vs. 4.3547646533386395
list:
dist: 2.4892032151946477 vs. 2.4892032151946477
list:
dist: 2.3039474994231557 vs. 2.3039474994231557
list:
dist: 3.554135809682061 vs. 3.554135809682061
list:
dist: 2.6899720990856957 vs. 2.6899720990856957
list:
dist: 2.5441867551561312 vs. 2.5441867551561312
list:
dist: 1.9254233370247127 vs. 1.9254233370247127
list:
dist: 3.057426160680281 vs. 3.057426160680281
list:
dist: 2.1555580939251726 vs. 2.1555580939251726
list:
dist: 2.6752122985959943 vs. 2.6752122985959943
list:
dist: 1.1602699804079055 vs. 1.1602699804079055
list:
dist: 1.277709774632607 vs. 1.277709774632607
list:
dist: 0.6338151177637564 vs. 0.6338151177637564
list:
dist: 2.3933260837274144 vs. 2.3933260837274144
list:
dist: 2.1669509496621844 vs. 2.1669509496621844
list:
dist: 1.0592171970554072 vs. 1.0592171970554072
list:
dist: 1.888001345867598 vs. 1.888001345867598
list:
dist: 2.7793257064381924 vs. 2.7793257064381924
list:
dist: 2.17845775368896 vs. 2.17845775368896
list:
dist: 2.483334754716774 vs. 2.483334754716774
list:
dist: 2.0082875943179457 vs. 2.0082875943179457
list:
dist: 2.260575745263877 vs. 2.260575745263877
list:
dist: 1.0512145128025423 vs. 1.0512145128025423
list:
dist: 3.1921971599580474 vs. 3.1921971599580474
list:
dist: 2.2230423202749736 vs. 2.2230423202749736
list:
dist: 0.9241233487265366 vs. 0.9241233487265366
list:
dist: 3.2820723147763444 vs. 3.2820723147763444
list:
dist: 4.257198510236934 vs. 4.257198510236934
list:
dist: 3.4030473056063135 vs. 3.4030473056063135
list:
dist: 3.218728228094175 vs. 3.218728228094175
list:
dist: 3.8946736715345667 vs. 3.8946736715345667
list:
dist: 2.8920461542197704 vs. 2.8920461542197704
list:
dist: 3.1996347913105976 vs. 3.1996347913105976
list:
dist: 3.997202526267654 vs. 3.997202526267654
list:
dist: 1.9137693220731866 vs. 1.9137693220731866
list:
dist: 2.8054220309089186 vs. 2.8054220309089186
list:
dist: 1.6636687706868076 vs. 1.6636687706868076
list:
dist: 2.763123341453165 vs. 2.763123341453165
list:
dist: 1.8172568405623972 vs. 1.8172568405623972
list:
dist: 2.1829690225242984 vs. 2.1829690225242984
list:
dist: 3.2176012124320685 vs. 3.2176012124320685
list:
dist: 2.4094062899083504 vs. 2.4094062899083504
list:
dist: 1.0512145128025423 vs. 1.0512145128025423
list:
dist: 1.3375095373356185 vs. 1.3375095373356185
list:
dist: 2.3792958290644473 vs. 2.3792958290644473
list:
dist: 2.7451325832377353 vs. 2.7451325832377353
list:
dist: 2.878316624441463 vs. 2.878316624441463
list:
dist: 2.6804045001975494 vs. 2.6804045001975494
list:
dist: 1.9554601538430691 vs. 1.9554601538430691
list:
dist: 1.6400587456583018 vs. 1.6400587456583018
list:
dist: 2.4030565593900324 vs. 2.4030565593900324
list:
dist: 1.3636885428052548 vs. 1.3636885428052548
list:
dist: 1.9764331495529637 vs. 1.9764331495529637
list:
dist: 3.1496386492109325 vs. 3.1496386492109325
list:
dist: 2.1411576194520174 vs. 2.1411576194520174
list:
dist: 2.3933260837274144 vs. 2.3933260837274144
list:
dist: 1.5401381131093563 vs. 1.5401381131093563
list:
dist: 1.820740656516461 vs. 1.820740656516461
list:
dist: 2.593352490078049 vs. 2.593352490078049
list:
dist: 0.9594379358267939 vs. 0.9594379358267939
list:
dist: 1.3134723519924378 vs. 1.3134723519924378
list:
dist: 1.6636687706868076 vs. 1.6636687706868076
list:
dist: 3.38492419407597 vs. 3.38492419407597
list:
dist: 2.2009078373625397 vs. 2.2009078373625397
list:
dist: 2.17845775368896 vs. 2.17845775368896
list:
dist: 1.8031947564460027 vs. 1.8031947564460027
list:
dist: 3.627533163489688 vs. 3.627533163489688
list:
dist: 3.408417292671556 vs. 3.408417292671556
list:
dist: 2.1986988397739653 vs. 2.1986988397739653
list:
dist: 2.0853636460451512 vs. 2.0853636460451512
list:
dist: 3.1799795530664707 vs. 3.1799795530664707
list:
dist: 2.3609321297171117 vs. 2.3609321297171117
list:
dist: 3.2885306736730526 vs. 3.2885306736730526
list:
dist: 2.222165776338661 vs. 2.222165776338661
list:
dist: 2.7008546640367834 vs. 2.7008546640367834
list:
dist: 1.3580251104797967 vs. 1.3580251104797967
list:
dist: 4.189139748514491 vs. 4.189139748514491
list:
dist: 4.067658203095316 vs. 4.067658203095316
list:
dist: 3.1496386492109325 vs. 3.1496386492109325
list:
dist: 1.7726097692945995 vs. 1.7726097692945995
list:
dist: 2.3615619166878608 vs. 2.3615619166878608
list:
dist: 1.9917605856547929 vs. 1.9917605856547929
list:
dist: 3.997202526267654 vs. 3.997202526267654
list:
dist: 1.7876894272506636 vs. 1.7876894272506636
list:
dist: 2.70168926085083 vs. 2.70168926085083
list:
dist: 2.121649444240197 vs. 2.121649444240197
list:
dist: 2.337510002497453 vs. 2.337510002497453
list:
dist: 2.6752122985959943 vs. 2.6752122985959943
list:
dist: 0.9957893952249466 vs. 0.9957893952249466
list:
dist: 1.9168639716206302 vs. 1.9168639716206302
list:
dist: 1.8031947564460027 vs. 1.8031947564460027
list:
dist: 2.7807027139457694 vs. 2.7807027139457694
list:
dist: 1.8884301224472837 vs. 1.8884301224472837
list:
dist: 2.1652602115775155 vs. 2.1652602115775155
list:
dist: 1.3375095373356185 vs. 1.3375095373356185
list:
dist: 2.4691957652118233 vs. 2.4691957652118233
list:
dist: 1.3094602813930574 vs. 1.3094602813930574
list:
dist: 0.9241233487265366 vs. 0.9241233487265366
list:
dist: 2.8375981041116223 vs. 2.8375981041116223
list:
dist: 2.0109172524785097 vs. 2.0109172524785097
list:
dist: 1.0592171970554072 vs. 1.0592171970554072
list:
dist: 0.6678589764819577 vs. 0.6678589764819577
list:
dist: 1.1714235258239476 vs. 1.1714235258239476
list:
dist: 2.2009078373625397 vs. 2.2009078373625397
list:
dist: 3.7395102362605743 vs. 3.7395102362605743
list:
dist: 2.6025410058562826 vs. 2.6025410058562826
list:
dist: 2.847589686348628 vs. 2.847589686348628
list:
dist: 2.4094062899083504 vs. 2.4094062899083504
list:
dist: 1.5814271472877857 vs. 1.5814271472877857
list:
dist: 2.2230423202749736 vs. 2.2230423202749736
list:
dist: 1.3094602813930574 vs. 1.3094602813930574
list:
dist: 2.4279773977655457 vs. 2.4279773977655457
list:
dist: 2.097850394373757 vs. 2.097850394373757
list:
dist: 0.5271367509776953 vs. 0.5271367509776953
list:
dist: 1.2306362385183376 vs. 1.2306362385183376
list:
dist: 3.1189110703006495 vs. 3.1189110703006495
list:
dist: 3.333867382032685 vs. 3.333867382032685
list:
dist: 2.7614780705482826 vs. 2.7614780705482826
list:
dist: 2.7278572380995603 vs. 2.7278572380995603
list:
dist: 2.19571391195584 vs. 2.19571391195584
list:
dist: 1.7904332836860057 vs. 1.7904332836860057
list:
dist: 3.3743873385431686 vs. 3.3743873385431686
list:
dist: 3.2908888498869087 vs. 3.2908888498869087
list:
dist: 2.5654076915703805 vs. 2.5654076915703805
list:
dist: 3.1228325474223824 vs. 3.1228325474223824
list:
dist: 1.996500243074737 vs. 1.996500243074737
list:
dist: 2.5654076915703805 vs. 2.5654076915703805
list:
dist: 2.6874108107844323 vs. 2.6874108107844323
list:
dist: 1.4431302460166937 vs. 1.4431302460166937
list:
dist: 0.9808514211997404 vs. 0.9808514211997404
list:
dist: 1.3419886158657715 vs. 1.3419886158657715
list:
dist: 1.7934375469627128 vs. 1.7934375469627128
list:
dist: 0.9185027405403112 vs. 0.9185027405403112
list:
dist: 1.2553977551825666 vs. 1.2553977551825666
list:
dist: 1.3233313066757981 vs. 1.3233313066757981
list:
dist: 1.0107431229792139 vs. 1.0107431229792139
list:
dist: 1.512004385691607 vs. 1.512004385691607
list:
dist: 0.7710139726692081 vs. 0.7710139726692081
list:
dist: 1.5855097647754053 vs. 1.5855097647754053
list:
dist: 2.0994273768689427 vs. 2.0994273768689427
list:
dist: 2.7301266709355425 vs. 2.7301266709355425
list:
dist: 2.5040146246530774 vs. 2.5040146246530774
list:
dist: 1.198510423323432 vs. 1.198510423323432
list:
dist: 3.18772364397389 vs. 3.18772364397389
list:
dist: 2.292869317124614 vs. 2.292869317124614
list:
dist: 2.270993571200923 vs. 2.270993571200923
list:
dist: 3.045248984755819 vs. 3.045248984755819
list:
dist: 1.9724778905096343 vs. 1.9724778905096343
list:
dist: 2.507053089740309 vs. 2.507053089740309
list:
dist: 2.1464358663827934 vs. 2.1464358663827934
list:
dist: 2.969895196569811 vs. 2.969895196569811
list:
dist: 2.7278572380995603 vs. 2.7278572380995603
list:
dist: 2.7296229910562597 vs. 2.7296229910562597
list:
dist: 1.8994394183725802 vs. 1.8994394183725802
list:
dist: 1.5038020742787626 vs. 1.5038020742787626
list:
dist: 2.130754008894311 vs. 2.130754008894311
list:
dist: 1.058682005676405 vs. 1.058682005676405
list:
dist: 1.149051009937682 vs. 1.149051009937682
list:
dist: 1.3122669954789024 vs. 1.3122669954789024
list:
dist: 1.448265704922594 vs. 1.448265704922594
list:
dist: 1.5490665564339534 vs. 1.5490665564339534
list:
dist: 0.9185027405403112 vs. 0.9185027405403112
list:
dist: 0.6003011771545611 vs. 0.6003011771545611
list:
dist: 1.8235209525253773 vs. 1.8235209525253773
list:
dist: 1.6868106612076263 vs. 1.6868106612076263
list:
dist: 2.927139247333108 vs. 2.927139247333108
list:
dist: 2.506137055492572 vs. 2.506137055492572
list:
dist: 1.2904186352997586 vs. 1.2904186352997586
list:
dist: 3.268083235774945 vs. 3.268083235774945
list:
dist: 2.1455155593371114 vs. 2.1455155593371114
list:
dist: 2.0956006632052953 vs. 2.0956006632052953
list:
dist: 2.909244044706167 vs. 2.909244044706167
list:
dist: 1.8392429132114942 vs. 1.8392429132114942
list:
dist: 2.6290293237100144 vs. 2.6290293237100144
list:
dist: 2.0247183253904817 vs. 2.0247183253904817
list:
dist: 2.641691222041424 vs. 2.641691222041424
list:
dist: 2.19571391195584 vs. 2.19571391195584
list:
dist: 2.378441563216143 vs. 2.378441563216143
list:
dist: 1.4626949027058165 vs. 1.4626949027058165
list:
dist: 2.2137441539714926 vs. 2.2137441539714926
list:
dist: 2.550305547834724 vs. 2.550305547834724
list:
dist: 1.0460555609540578 vs. 1.0460555609540578
list:
dist: 1.149051009937682 vs. 1.149051009937682
list:
dist: 0.4055096784359106 vs. 0.4055096784359106
list:
dist: 1.5819280887383862 vs. 1.5819280887383862
list:
dist: 1.1732996305463865 vs. 1.1732996305463865
list:
dist: 1.2553977551825666 vs. 1.2553977551825666
list:
dist: 1.4486244850467012 vs. 1.4486244850467012
list:
dist: 0.7572449887467938 vs. 0.7572449887467938
list:
dist: 2.1393734219932408 vs. 2.1393734219932408
list:
dist: 3.535300065122686 vs. 3.535300065122686
list:
dist: 2.9160649220055035 vs. 2.9160649220055035
list:
dist: 1.6829760621261067 vs. 1.6829760621261067
list:
dist: 3.571583672433727 vs. 3.571583672433727
list:
dist: 1.2517666033340367 vs. 1.2517666033340367
list:
dist: 1.0764484077435446 vs. 1.0764484077435446
list:
dist: 2.461358523907629 vs. 2.461358523907629
list:
dist: 1.3978372393766276 vs. 1.3978372393766276
list:
dist: 2.544039893191999 vs. 2.544039893191999
list:
dist: 1.9947031590346558 vs. 1.9947031590346558
list:
dist: 2.816611632577687 vs. 2.816611632577687
list:
dist: 3.1904815334287395 vs. 3.1904815334287395
list:
dist: 2.1669509496621844 vs. 2.1669509496621844
list:
dist: 2.0601387715952826 vs. 2.0601387715952826
list:
dist: 2.5219156959092883 vs. 2.5219156959092883
list:
dist: 3.38492419407597 vs. 3.38492419407597
list:
dist: 5.1896939294495095 vs. 5.1896939294495095
list:
dist: 3.985720935087345 vs. 3.985720935087345
list:
dist: 4.293923762520409 vs. 4.293923762520409
list:
dist: 3.2176012124320685 vs. 3.2176012124320685
list:
dist: 1.5814271472877857 vs. 1.5814271472877857
list:
dist: 3.1921971599580474 vs. 3.1921971599580474
list:
dist: 2.4691957652118233 vs. 2.4691957652118233
list:
dist: 1.1905487626219347 vs. 1.1905487626219347
list:
dist: 1.1905487626219347 vs. 1.1905487626219347
list:
dist: 2.4279773977655457 vs. 2.4279773977655457
list:
dist: 3.2820723147763444 vs. 3.2820723147763444
list:
dist: 2.8375981041116223 vs. 2.8375981041116223
list:
dist: 1.7904332836860057 vs. 1.7904332836860057
list:
dist: 1.9862383174480902 vs. 1.9862383174480902
list:
dist: 1.1314041596784077 vs. 1.1314041596784077
list:
dist: 2.2427181145554087 vs. 2.2427181145554087
list:
dist: 2.5642599535665695 vs. 2.5642599535665695
list:
dist: 1.2625178705921087 vs. 1.2625178705921087
list:
dist: 1.3122669954789024 vs. 1.3122669954789024
list:
dist: 0.4055096784359106 vs. 0.4055096784359106
list:
dist: 1.84039122436356 vs. 1.84039122436356
list:
dist: 1.5441650883670603 vs. 1.5441650883670603
list:
dist: 1.3233313066757981 vs. 1.3233313066757981
list:
dist: 1.6646943368798612 vs. 1.6646943368798612
list:
dist: 0.6851533885237975 vs. 0.6851533885237975
list:
dist: 2.5159516413189467 vs. 2.5159516413189467
list:
dist: 3.8188343986696403 vs. 3.8188343986696403
list:
dist: 3.269842141374318 vs. 3.269842141374318
list:
dist: 1.9937025444818617 vs. 1.9937025444818617
list:
dist: 3.9286035310169063 vs. 3.9286035310169063
list:
dist: 1.5326672555957859 vs. 1.5326672555957859
list:
dist: 1.257811973659367 vs. 1.257811973659367
list:
dist: 2.831192993378087 vs. 2.831192993378087
list:
dist: 1.7870001881660238 vs. 1.7870001881660238
list:
dist: 2.906448499161684 vs. 2.906448499161684
list:
dist: 2.389751063055851 vs. 2.389751063055851
list:
dist: 3.220227749096905 vs. 3.220227749096905
list:
dist: 2.1879817902309795 vs. 2.1879817902309795
list:
dist: 0.5271367509776953 vs. 0.5271367509776953
list:
dist: 1.5083106315555355 vs. 1.5083106315555355
list:
dist: 3.151768732866973 vs. 3.151768732866973
list:
dist: 3.4662555779301205 vs. 3.4662555779301205
list:
dist: 2.7651218274161726 vs. 2.7651218274161726
list:
dist: 2.7296229910562597 vs. 2.7296229910562597
list:
dist: 2.378441563216143 vs. 2.378441563216143
list:
dist: 1.9862383174480902 vs. 1.9862383174480902
list:
dist: 3.571338737318982 vs. 3.571338737318982
list:
dist: 3.5156675744795347 vs. 3.5156675744795347
list:
dist: 2.6874108107844323 vs. 2.6874108107844323
list:
dist: 3.173563386553401 vs. 3.173563386553401
list:
dist: 2.3327515330456943 vs. 2.3327515330456943
list:
dist: 3.1228325474223824 vs. 3.1228325474223824
list:
dist: 3.173563386553401 vs. 3.173563386553401
list:
dist: 2.121992853533673 vs. 2.121992853533673
list:
dist: 1.2008720775465858 vs. 1.2008720775465858
list:
dist: 1.7568824511492516 vs. 1.7568824511492516
list:
dist: 1.5314164849720957 vs. 1.5314164849720957
list:
dist: 0.6003011771545611 vs. 0.6003011771545611
list:
dist: 1.4486244850467012 vs. 1.4486244850467012
list:
dist: 1.6646943368798612 vs. 1.6646943368798612
list:
dist: 1.0047124423817555 vs. 1.0047124423817555
list:
dist: 1.4134704529562538 vs. 1.4134704529562538
list:
dist: 0.7710139726692081 vs. 0.7710139726692081
list:
dist: 2.0132037427201706 vs. 2.0132037427201706
list:
dist: 1.4411879387902415 vs. 1.4411879387902415
list:
dist: 2.3440651940990476 vs. 2.3440651940990476
list:
dist: 2.0121592700648074 vs. 2.0121592700648074
list:
dist: 0.7994972895170992 vs. 0.7994972895170992
list:
dist: 2.76692241967495 vs. 2.76692241967495
list:
dist: 2.2943765993997074 vs. 2.2943765993997074
list:
dist: 2.3540949487941347 vs. 2.3540949487941347
list:
dist: 2.796993976884288 vs. 2.796993976884288
list:
dist: 1.7783269372529569 vs. 1.7783269372529569
list:
dist: 2.2493718504697933 vs. 2.2493718504697933
list:
dist: 1.7605267515242338 vs. 1.7605267515242338
list:
dist: 2.4035119903201028 vs. 2.4035119903201028
list:
dist: 2.5293539424273677 vs. 2.5293539424273677
list:
dist: 2.9439490957950394 vs. 2.9439490957950394
list:
dist: 1.8310712899504564 vs. 1.8310712899504564
list:
dist: 1.6868106612076263 vs. 1.6868106612076263
list:
dist: 2.1393734219932408 vs. 2.1393734219932408
list:
dist: 2.5159516413189467 vs. 2.5159516413189467
list:
dist: 1.5841193011043448 vs. 1.5841193011043448
list:
dist: 1.431354180128289 vs. 1.431354180128289
list:
dist: 2.0994273768689427 vs. 2.0994273768689427
list:
dist: 1.4411879387902415 vs. 1.4411879387902415
list:
dist: 2.7109500385083853 vs. 2.7109500385083853
list:
dist: 2.1328717089138487 vs. 2.1328717089138487
list:
dist: 1.2395269679728707 vs. 1.2395269679728707
list:
dist: 1.0927379432315723 vs. 1.0927379432315723
list:
dist: 1.9368539145910444 vs. 1.9368539145910444
list:
dist: 2.2034912428137656 vs. 2.2034912428137656
list:
dist: 2.4818940034805017 vs. 2.4818940034805017
list:
dist: 1.9464074241526386 vs. 1.9464074241526386
list:
dist: 1.4120214113315055 vs. 1.4120214113315055
list:
dist: 1.5708488834923626 vs. 1.5708488834923626
list:
dist: 0.9294398924497325 vs. 0.9294398924497325
list:
dist: 1.0183297141200949 vs. 1.0183297141200949
list:
dist: 3.0737096704465556 vs. 3.0737096704465556
list:
dist: 2.097850394373757 vs. 2.097850394373757
list:
dist: 2.1879817902309795 vs. 2.1879817902309795
list:
dist: 2.6868796129347343 vs. 2.6868796129347343
list:
dist: 2.6868796129347343 vs. 2.6868796129347343
list:
dist: 1.2306362385183376 vs. 1.2306362385183376
list:
dist: 1.5083106315555355 vs. 1.5083106315555355
list:
dist: 2.0465473993246324 vs. 2.0465473993246324
list:
dist: 2.172839759076854 vs. 2.172839759076854
list:
dist: 2.275697838313411 vs. 2.275697838313411
list:
dist: 1.8994394183725802 vs. 1.8994394183725802
list:
dist: 1.4626949027058165 vs. 1.4626949027058165
list:
dist: 1.1314041596784077 vs. 1.1314041596784077
list:
dist: 2.2254601216626066 vs. 2.2254601216626066
list:
dist: 2.343559437338448 vs. 2.343559437338448
list:
dist: 1.4431302460166937 vs. 1.4431302460166937
list:
dist: 2.121992853533673 vs. 2.121992853533673
list:
dist: 1.2778588466148293 vs. 1.2778588466148293
list:
dist: 3.0253924313356877 vs. 3.0253924313356877
list:
dist: 3.2908888498869087 vs. 3.2908888498869087
list:
dist: 3.5156675744795347 vs. 3.5156675744795347
list:
dist: 2.343559437338448 vs. 2.343559437338448
list:
dist: 2.346837798522535 vs. 2.346837798522535
list:
dist: 2.5269441445756025 vs. 2.5269441445756025
list:
dist: 1.6191653561368264 vs. 1.6191653561368264
list:
dist: 1.5490665564339534 vs. 1.5490665564339534
list:
dist: 1.1732996305463865 vs. 1.1732996305463865
list:
dist: 1.5441650883670603 vs. 1.5441650883670603
list:
dist: 0.9660543132196696 vs. 0.9660543132196696
list:
dist: 1.512004385691607 vs. 1.512004385691607
list:
dist: 1.4134704529562538 vs. 1.4134704529562538
list:
dist: 1.43904043094049 vs. 1.43904043094049
list:
dist: 1.431354180128289 vs. 1.431354180128289
list:
dist: 2.7151406972215555 vs. 2.7151406972215555
list:
dist: 1.926399626246771 vs. 1.926399626246771
list:
dist: 1.0124928897326828 vs. 1.0124928897326828
list:
dist: 2.485808376901775 vs. 2.485808376901775
list:
dist: 1.1396686465959829 vs. 1.1396686465959829
list:
dist: 1.4257577875526843 vs. 1.4257577875526843
list:
dist: 1.5395174968716767 vs. 1.5395174968716767
list:
dist: 0.5056240344279461 vs. 0.5056240344279461
list:
dist: 1.3736533898812913 vs. 1.3736533898812913
list:
dist: 0.9098341482538994 vs. 0.9098341482538994
list:
dist: 1.873236594330933 vs. 1.873236594330933
list:
dist: 3.333867382032685 vs. 3.333867382032685
list:
dist: 3.4662555779301205 vs. 3.4662555779301205
list:
dist: 2.172839759076854 vs. 2.172839759076854
list:
dist: 0.8111301557611671 vs. 0.8111301557611671
list:
dist: 3.1144948548691858 vs. 3.1144948548691858
list:
dist: 2.130754008894311 vs. 2.130754008894311
list:
dist: 2.550305547834724 vs. 2.550305547834724
list:
dist: 2.5642599535665695 vs. 2.5642599535665695
list:
dist: 1.6371873580916076 vs. 1.6371873580916076
list:
dist: 2.5269441445756025 vs. 2.5269441445756025
list:
dist: 1.3419886158657715 vs. 1.3419886158657715
list:
dist: 1.7568824511492516 vs. 1.7568824511492516
list:
dist: 2.6592525128277553 vs. 2.6592525128277553
list:
dist: 2.9439490957950394 vs. 2.9439490957950394
list:
dist: 2.495271094524456 vs. 2.495271094524456
list:
dist: 2.810594526013529 vs. 2.810594526013529
list:
dist: 1.9165492045083552 vs. 1.9165492045083552
list:
dist: 3.3381479187259386 vs. 3.3381479187259386
list:
dist: 1.6170623043986216 vs. 1.6170623043986216
list:
dist: 2.1455155593371114 vs. 2.1455155593371114
list:
dist: 1.2517666033340367 vs. 1.2517666033340367
list:
dist: 1.5326672555957859 vs. 1.5326672555957859
list:
dist: 2.0622686681268987 vs. 2.0622686681268987
list:
dist: 1.1396686465959829 vs. 1.1396686465959829
list:
dist: 2.292869317124614 vs. 2.292869317124614
list:
dist: 2.2943765993997074 vs. 2.2943765993997074
list:
dist: 1.3111192077215863 vs. 1.3111192077215863
list:
dist: 2.2034912428137656 vs. 2.2034912428137656
list:
dist: 3.8254046327696147 vs. 3.8254046327696147
list:
dist: 2.92722393375372 vs. 2.92722393375372
list:
dist: 2.113784182301737 vs. 2.113784182301737
list:
dist: 3.412350091855646 vs. 3.412350091855646
list:
dist: 0.4879578486906602 vs. 0.4879578486906602
list:
dist: 1.496529067845607 vs. 1.496529067845607
list:
dist: 0.8984678129630411 vs. 0.8984678129630411
list:
dist: 2.1795908411777067 vs. 2.1795908411777067
list:
dist: 1.6910679455859396 vs. 1.6910679455859396
list:
dist: 2.410387147143381 vs. 2.410387147143381
list:
dist: 1.6304218844484408 vs. 1.6304218844484408
list:
dist: 1.8392429132114942 vs. 1.8392429132114942
list:
dist: 1.3978372393766276 vs. 1.3978372393766276
list:
dist: 1.7870001881660238 vs. 1.7870001881660238
list:
dist: 1.4370206548720101 vs. 1.4370206548720101
list:
dist: 0.5056240344279461 vs. 0.5056240344279461
list:
dist: 1.9724778905096343 vs. 1.9724778905096343
list:
dist: 1.7783269372529569 vs. 1.7783269372529569
list:
dist: 1.6754561784309594 vs. 1.6754561784309594
list:
dist: 1.4120214113315055 vs. 1.4120214113315055
list:
dist: 2.9636824773296455 vs. 2.9636824773296455
list:
dist: 2.030206944124645 vs. 2.030206944124645
list:
dist: 1.3747049332897348 vs. 1.3747049332897348
list:
dist: 2.5339903545905393 vs. 2.5339903545905393
list:
dist: 0.8984678129630411 vs. 0.8984678129630411
list:
dist: 1.29403734049596 vs. 1.29403734049596
list:
dist: 1.1123584277244358 vs. 1.1123584277244358
list:
dist: 1.371198385136536 vs. 1.371198385136536
list:
dist: 0.7997740024814957 vs. 0.7997740024814957
list:
dist: 1.6333031716751538 vs. 1.6333031716751538
list:
dist: 3.0253924313356877 vs. 3.0253924313356877
list:
dist: 1.996500243074737 vs. 1.996500243074737
list:
dist: 2.3327515330456943 vs. 2.3327515330456943
list:
dist: 1.2778588466148293 vs. 1.2778588466148293
list:
dist: 2.534888890075179 vs. 2.534888890075179
list:
dist: 2.6592525128277553 vs. 2.6592525128277553
list:
dist: 1.767519277806786 vs. 1.767519277806786
list:
dist: 1.8235209525253773 vs. 1.8235209525253773
list:
dist: 0.7572449887467938 vs. 0.7572449887467938
list:
dist: 0.6851533885237975 vs. 0.6851533885237975
list:
dist: 1.8259112703180442 vs. 1.8259112703180442
list:
dist: 1.43904043094049 vs. 1.43904043094049
list:
dist: 1.5855097647754053 vs. 1.5855097647754053
list:
dist: 2.0132037427201706 vs. 2.0132037427201706
list:
dist: 2.7109500385083853 vs. 2.7109500385083853
list:
dist: 3.8775391018170575 vs. 3.8775391018170575
list:
dist: 3.2933501607379583 vs. 3.2933501607379583
list:
dist: 2.1035681789151237 vs. 2.1035681789151237
list:
dist: 3.8599434594926807 vs. 3.8599434594926807
list:
dist: 1.3111192077215863 vs. 1.3111192077215863
list:
dist: 1.0996205689495173 vs. 1.0996205689495173
list:
dist: 2.6034293098461725 vs. 2.6034293098461725
list:
dist: 1.6754561784309594 vs. 1.6754561784309594
list:
dist: 2.714055719466658 vs. 2.714055719466658
list:
dist: 2.3410866974029148 vs. 2.3410866974029148
list:
dist: 3.261790875864282 vs. 3.261790875864282
list:
dist: 2.6820580423068625 vs. 2.6820580423068625
list:
dist: 2.810594526013529 vs. 2.810594526013529
list:
dist: 2.9366656234222672 vs. 2.9366656234222672
list:
dist: 2.506137055492572 vs. 2.506137055492572
list:
dist: 2.9160649220055035 vs. 2.9160649220055035
list:
dist: 3.269842141374318 vs. 3.269842141374318
list:
dist: 1.6554593190103644 vs. 1.6554593190103644
list:
dist: 1.926399626246771 vs. 1.926399626246771
list:
dist: 2.5040146246530774 vs. 2.5040146246530774
list:
dist: 2.0121592700648074 vs. 2.0121592700648074
list:
dist: 3.2933501607379583 vs. 3.2933501607379583
list:
dist: 1.2395269679728707 vs. 1.2395269679728707
list:
dist: 1.1287255749600464 vs. 1.1287255749600464
list:
dist: 1.3367806094892392 vs. 1.3367806094892392
list:
dist: 0.782443792861015 vs. 0.782443792861015
list:
dist: 2.92722393375372 vs. 2.92722393375372
list:
dist: 3.286045524460943 vs. 3.286045524460943
list:
dist: 2.270944741838233 vs. 2.270944741838233
list:
dist: 2.030206944124645 vs. 2.030206944124645
list:
dist: 1.159197075491774 vs. 1.159197075491774
list:
dist: 1.270637997788959 vs. 1.270637997788959
list:
dist: 1.3397546795788622 vs. 1.3397546795788622
list:
dist: 2.3925503335326015 vs. 2.3925503335326015
list:
dist: 1.4848672317732372 vs. 1.4848672317732372
list:
dist: 2.0956006632052953 vs. 2.0956006632052953
list:
dist: 1.0764484077435446 vs. 1.0764484077435446
list:
dist: 1.257811973659367 vs. 1.257811973659367
list:
dist: 2.2552021610497763 vs. 2.2552021610497763
list:
dist: 1.4257577875526843 vs. 1.4257577875526843
list:
dist: 2.270993571200923 vs. 2.270993571200923
list:
dist: 2.3540949487941347 vs. 2.3540949487941347
list:
dist: 1.0996205689495173 vs. 1.0996205689495173
list:
dist: 2.4818940034805017 vs. 2.4818940034805017
list:
dist: 4.1261717570029655 vs. 4.1261717570029655
list:
dist: 3.286045524460943 vs. 3.286045524460943
list:
dist: 2.3305867666443003 vs. 2.3305867666443003
list:
dist: 3.821172470704371 vs. 3.821172470704371
list:
dist: 0.4879578486906602 vs. 0.4879578486906602
list:
dist: 1.9780176338010067 vs. 1.9780176338010067
list:
dist: 1.29403734049596 vs. 1.29403734049596
list:
dist: 2.6115065067431122 vs. 2.6115065067431122
list:
dist: 2.0882054349919663 vs. 2.0882054349919663
list:
dist: 2.8081477293572994 vs. 2.8081477293572994
list:
dist: 3.3743873385431686 vs. 3.3743873385431686
list:
dist: 3.571338737318982 vs. 3.571338737318982
list:
dist: 2.2254601216626066 vs. 2.2254601216626066
list:
dist: 1.562945452997909 vs. 1.562945452997909
list:
dist: 1.6371873580916076 vs. 1.6371873580916076
list:
dist: 2.0837107826809134 vs. 2.0837107826809134
list:
dist: 1.448265704922594 vs. 1.448265704922594
list:
dist: 1.5819280887383862 vs. 1.5819280887383862
list:
dist: 1.84039122436356 vs. 1.84039122436356
list:
dist: 0.9660543132196696 vs. 0.9660543132196696
list:
dist: 1.0107431229792139 vs. 1.0107431229792139
list:
dist: 1.0047124423817555 vs. 1.0047124423817555
list:
dist: 1.8259112703180442 vs. 1.8259112703180442
list:
dist: 1.5841193011043448 vs. 1.5841193011043448
list:
dist: 2.0549694617149696 vs. 2.0549694617149696
list:
dist: 1.6554593190103644 vs. 1.6554593190103644
list:
dist: 0.5290500340874063 vs. 0.5290500340874063
list:
dist: 2.259778587863806 vs. 2.259778587863806
list:
dist: 2.0622686681268987 vs. 2.0622686681268987
list:
dist: 2.2552021610497763 vs. 2.2552021610497763
list:
dist: 2.3274236357536218 vs. 2.3274236357536218
list:
dist: 1.4370206548720101 vs. 1.4370206548720101
list:
dist: 1.5323342039143983 vs. 1.5323342039143983
list:
dist: 1.3578320467076002 vs. 1.3578320467076002
list:
dist: 2.242103456432351 vs. 2.242103456432351
list:
dist: 2.7614780705482826 vs. 2.7614780705482826
list:
dist: 2.7651218274161726 vs. 2.7651218274161726
list:
dist: 2.275697838313411 vs. 2.275697838313411
list:
dist: 2.550189758335981 vs. 2.550189758335981
list:
dist: 3.1144948548691858 vs. 3.1144948548691858
list:
dist: 1.058682005676405 vs. 1.058682005676405
list:
dist: 1.0460555609540578 vs. 1.0460555609540578
list:
dist: 1.2625178705921087 vs. 1.2625178705921087
list:
dist: 2.0837107826809134 vs. 2.0837107826809134
list:
dist: 1.6191653561368264 vs. 1.6191653561368264
list:
dist: 1.7934375469627128 vs. 1.7934375469627128
list:
dist: 1.5314164849720957 vs. 1.5314164849720957
list:
dist: 1.767519277806786 vs. 1.767519277806786
list:
dist: 1.8310712899504564 vs. 1.8310712899504564
list:
dist: 3.6437076636884207 vs. 3.6437076636884207
list:
dist: 2.9366656234222672 vs. 2.9366656234222672
list:
dist: 1.8986306263165915 vs. 1.8986306263165915
list:
dist: 3.651639067566417 vs. 3.651639067566417
list:
dist: 1.6170623043986216 vs. 1.6170623043986216
list:
dist: 1.4848672317732372 vs. 1.4848672317732372
list:
dist: 2.5698763688676443 vs. 2.5698763688676443
list:
dist: 1.6304218844484408 vs. 1.6304218844484408
list:
dist: 2.8134563183804624 vs. 2.8134563183804624
list:
dist: 2.065911157111225 vs. 2.065911157111225
list:
dist: 2.5547856810491223 vs. 2.5547856810491223
list:
dist: 3.1189110703006495 vs. 3.1189110703006495
list:
dist: 3.151768732866973 vs. 3.151768732866973
list:
dist: 2.0465473993246324 vs. 2.0465473993246324
list:
dist: 0.8111301557611671 vs. 0.8111301557611671
list:
dist: 2.550189758335981 vs. 2.550189758335981
list:
dist: 1.5038020742787626 vs. 1.5038020742787626
list:
dist: 2.2137441539714926 vs. 2.2137441539714926
list:
dist: 2.2427181145554087 vs. 2.2427181145554087
list:
dist: 1.562945452997909 vs. 1.562945452997909
list:
dist: 2.346837798522535 vs. 2.346837798522535
list:
dist: 0.9808514211997404 vs. 0.9808514211997404
list:
dist: 1.2008720775465858 vs. 1.2008720775465858
list:
dist: 2.534888890075179 vs. 2.534888890075179
list:
dist: 2.5293539424273677 vs. 2.5293539424273677
list:
dist: 2.5033724193743785 vs. 2.5033724193743785
list:
dist: 2.6820580423068625 vs. 2.6820580423068625
list:
dist: 1.65451232307426 vs. 1.65451232307426
list:
dist: 3.339432667538021 vs. 3.339432667538021
list:
dist: 2.8134563183804624 vs. 2.8134563183804624
list:
dist: 2.6290293237100144 vs. 2.6290293237100144
list:
dist: 2.544039893191999 vs. 2.544039893191999
list:
dist: 2.906448499161684 vs. 2.906448499161684
list:
dist: 1.5323342039143983 vs. 1.5323342039143983
list:
dist: 1.3736533898812913 vs. 1.3736533898812913
list:
dist: 2.507053089740309 vs. 2.507053089740309
list:
dist: 2.2493718504697933 vs. 2.2493718504697933
list:
dist: 2.714055719466658 vs. 2.714055719466658
list:
dist: 1.5708488834923626 vs. 1.5708488834923626
list:
dist: 2.079993783465611 vs. 2.079993783465611
list:
dist: 1.159197075491774 vs. 1.159197075491774
list:
dist: 1.470263122138432 vs. 1.470263122138432
list:
dist: 1.3211841363365606 vs. 1.3211841363365606
list:
dist: 2.1795908411777067 vs. 2.1795908411777067
list:
dist: 2.6115065067431122 vs. 2.6115065067431122
list:
dist: 1.365397782052816 vs. 1.365397782052816
list:
dist: 1.371198385136536 vs. 1.371198385136536
list:
dist: 0.8043984849773533 vs. 0.8043984849773533
list:
dist: 1.370989924327357 vs. 1.370989924327357
list:
dist: 2.713241155067309 vs. 2.713241155067309
list:
dist: 2.5698763688676443 vs. 2.5698763688676443
list:
dist: 2.909244044706167 vs. 2.909244044706167
list:
dist: 2.461358523907629 vs. 2.461358523907629
list:
dist: 2.831192993378087 vs. 2.831192993378087
list:
dist: 2.3274236357536218 vs. 2.3274236357536218
list:
dist: 1.5395174968716767 vs. 1.5395174968716767
list:
dist: 3.045248984755819 vs. 3.045248984755819
list:
dist: 2.796993976884288 vs. 2.796993976884288
list:
dist: 2.6034293098461725 vs. 2.6034293098461725
list:
dist: 1.9464074241526386 vs. 1.9464074241526386
list:
dist: 3.3439398960951543 vs. 3.3439398960951543
list:
dist: 2.270944741838233 vs. 2.270944741838233
list:
dist: 2.236560803651649 vs. 2.236560803651649
list:
dist: 2.473740080740209 vs. 2.473740080740209
list:
dist: 1.496529067845607 vs. 1.496529067845607
list:
dist: 1.9780176338010067 vs. 1.9780176338010067
list:
dist: 1.1123584277244358 vs. 1.1123584277244358
list:
dist: 1.365397782052816 vs. 1.365397782052816
list:
dist: 1.1833667688170328 vs. 1.1833667688170328
list:
dist: 1.4834217336494342 vs. 1.4834217336494342
list:
dist: 2.5033724193743785 vs. 2.5033724193743785
list:
dist: 2.495271094524456 vs. 2.495271094524456
list:
dist: 3.6437076636884207 vs. 3.6437076636884207
list:
dist: 2.927139247333108 vs. 2.927139247333108
list:
dist: 3.535300065122686 vs. 3.535300065122686
list:
dist: 3.8188343986696403 vs. 3.8188343986696403
list:
dist: 2.0549694617149696 vs. 2.0549694617149696
list:
dist: 2.7151406972215555 vs. 2.7151406972215555
list:
dist: 2.7301266709355425 vs. 2.7301266709355425
list:
dist: 2.3440651940990476 vs. 2.3440651940990476
list:
dist: 3.8775391018170575 vs. 3.8775391018170575
list:
dist: 2.1328717089138487 vs. 2.1328717089138487
list:
dist: 1.1287255749600464 vs. 1.1287255749600464
list:
dist: 1.8596752917964188 vs. 1.8596752917964188
list:
dist: 1.3051535063835085 vs. 1.3051535063835085
list:
dist: 3.8254046327696147 vs. 3.8254046327696147
list:
dist: 4.1261717570029655 vs. 4.1261717570029655
list:
dist: 3.3439398960951543 vs. 3.3439398960951543
list:
dist: 2.9636824773296455 vs. 2.9636824773296455
list:
dist: 2.079993783465611 vs. 2.079993783465611
list:
dist: 2.298087971054448 vs. 2.298087971054448
list:
dist: 2.4420292693445167 vs. 2.4420292693445167
list:
dist: 2.908930494096341 vs. 2.908930494096341
list:
dist: 3.339432667538021 vs. 3.339432667538021
list:
dist: 3.3381479187259386 vs. 3.3381479187259386
list:
dist: 3.651639067566417 vs. 3.651639067566417
list:
dist: 3.268083235774945 vs. 3.268083235774945
list:
dist: 3.571583672433727 vs. 3.571583672433727
list:
dist: 3.9286035310169063 vs. 3.9286035310169063
list:
dist: 2.259778587863806 vs. 2.259778587863806
list:
dist: 2.485808376901775 vs. 2.485808376901775
list:
dist: 3.18772364397389 vs. 3.18772364397389
list:
dist: 2.76692241967495 vs. 2.76692241967495
list:
dist: 3.8599434594926807 vs. 3.8599434594926807
list:
dist: 1.9368539145910444 vs. 1.9368539145910444
list:
dist: 1.3051535063835085 vs. 1.3051535063835085
list:
dist: 0.782443792861015 vs. 0.782443792861015
list:
dist: 2.045233026927518 vs. 2.045233026927518
list:
dist: 3.412350091855646 vs. 3.412350091855646
list:
dist: 3.821172470704371 vs. 3.821172470704371
list:
dist: 2.473740080740209 vs. 2.473740080740209
list:
dist: 2.5339903545905393 vs. 2.5339903545905393
list:
dist: 1.3211841363365606 vs. 1.3211841363365606
list:
dist: 1.7640251612953006 vs. 1.7640251612953006
list:
dist: 1.6583288407227976 vs. 1.6583288407227976
list:
dist: 1.8486941539178594 vs. 1.8486941539178594
list:
dist: 2.5547856810491223 vs. 2.5547856810491223
list:
dist: 2.641691222041424 vs. 2.641691222041424
list:
dist: 2.816611632577687 vs. 2.816611632577687
list:
dist: 3.220227749096905 vs. 3.220227749096905
list:
dist: 2.242103456432351 vs. 2.242103456432351
list:
dist: 1.873236594330933 vs. 1.873236594330933
list:
dist: 2.969895196569811 vs. 2.969895196569811
list:
dist: 2.4035119903201028 vs. 2.4035119903201028
list:
dist: 3.261790875864282 vs. 3.261790875864282
list:
dist: 1.0183297141200949 vs. 1.0183297141200949
list:
dist: 2.4420292693445167 vs. 2.4420292693445167
list:
dist: 1.3397546795788622 vs. 1.3397546795788622
list:
dist: 1.860494270212235 vs. 1.860494270212235
list:
dist: 1.6583288407227976 vs. 1.6583288407227976
list:
dist: 2.410387147143381 vs. 2.410387147143381
list:
dist: 2.8081477293572994 vs. 2.8081477293572994
list:
dist: 1.4834217336494342 vs. 1.4834217336494342
list:
dist: 1.6333031716751538 vs. 1.6333031716751538
list:
dist: 1.370989924327357 vs. 1.370989924327357
list:
dist: 1.0065782760737694 vs. 1.0065782760737694
list:
dist: 2.2929826280055052 vs. 2.2929826280055052
list:
dist: 3.0737096704465556 vs. 3.0737096704465556
list:
dist: 2.908930494096341 vs. 2.908930494096341
list:
dist: 2.3925503335326015 vs. 2.3925503335326015
list:
dist: 3.6587034618836034 vs. 3.6587034618836034
list:
dist: 1.8486941539178594 vs. 1.8486941539178594
list:
dist: 2.713241155067309 vs. 2.713241155067309
list:
dist: 3.009446272319379 vs. 3.009446272319379
list:
dist: 2.2929826280055052 vs. 2.2929826280055052
list:
dist: 1.65451232307426 vs. 1.65451232307426
list:
dist: 1.9165492045083552 vs. 1.9165492045083552
list:
dist: 1.8986306263165915 vs. 1.8986306263165915
list:
dist: 1.2904186352997586 vs. 1.2904186352997586
list:
dist: 1.6829760621261067 vs. 1.6829760621261067
list:
dist: 1.9937025444818617 vs. 1.9937025444818617
list:
dist: 0.5290500340874063 vs. 0.5290500340874063
list:
dist: 1.0124928897326828 vs. 1.0124928897326828
list:
dist: 1.198510423323432 vs. 1.198510423323432
list:
dist: 0.7994972895170992 vs. 0.7994972895170992
list:
dist: 2.1035681789151237 vs. 2.1035681789151237
list:
dist: 1.0927379432315723 vs. 1.0927379432315723
list:
dist: 1.8596752917964188 vs. 1.8596752917964188
list:
dist: 1.3367806094892392 vs. 1.3367806094892392
list:
dist: 2.045233026927518 vs. 2.045233026927518
list:
dist: 2.113784182301737 vs. 2.113784182301737
list:
dist: 2.3305867666443003 vs. 2.3305867666443003
list:
dist: 2.236560803651649 vs. 2.236560803651649
list:
dist: 1.3747049332897348 vs. 1.3747049332897348
list:
dist: 1.470263122138432 vs. 1.470263122138432
list:
dist: 1.1210504019008298 vs. 1.1210504019008298
list:
dist: 1.860494270212235 vs. 1.860494270212235
list:
dist: 3.6587034618836034 vs. 3.6587034618836034
list:
dist: 2.065911157111225 vs. 2.065911157111225
list:
dist: 2.0247183253904817 vs. 2.0247183253904817
list:
dist: 1.9947031590346558 vs. 1.9947031590346558
list:
dist: 2.389751063055851 vs. 2.389751063055851
list:
dist: 1.3578320467076002 vs. 1.3578320467076002
list:
dist: 0.9098341482538994 vs. 0.9098341482538994
list:
dist: 2.1464358663827934 vs. 2.1464358663827934
list:
dist: 1.7605267515242338 vs. 1.7605267515242338
list:
dist: 2.3410866974029148 vs. 2.3410866974029148
list:
dist: 0.9294398924497325 vs. 0.9294398924497325
list:
dist: 2.298087971054448 vs. 2.298087971054448
list:
dist: 1.270637997788959 vs. 1.270637997788959
list:
dist: 1.1210504019008298 vs. 1.1210504019008298
list:
dist: 1.7640251612953006 vs. 1.7640251612953006
list:
dist: 1.6910679455859396 vs. 1.6910679455859396
list:
dist: 2.0882054349919663 vs. 2.0882054349919663
list:
dist: 1.1833667688170328 vs. 1.1833667688170328
list:
dist: 0.7997740024814957 vs. 0.7997740024814957
list:
dist: 0.8043984849773533 vs. 0.8043984849773533
list:
dist: 1.0065782760737694 vs. 1.0065782760737694
list:
dist: 3.009446272319379 vs. 3.009446272319379
list:
dist: 4.39044761188407 vs. 4.39044761188407
list:
dist: 3.169176713834726 vs. 3.169176713834726
list:
dist: 2.9336565653445543 vs. 2.9336565653445543
list:
dist: 1.9927972730995134 vs. 1.9927972730995134
list:
dist: 3.3699952419158903 vs. 3.3699952419158903
list:
dist: 3.5784681725270837 vs. 3.5784681725270837
list:
dist: 4.240831435435319 vs. 4.240831435435319
list:
dist: 2.5312126766304535 vs. 2.5312126766304535
list:
dist: 2.167495522934575 vs. 2.167495522934575
list:
dist: 2.135717449534942 vs. 2.135717449534942
list:
dist: 2.4109672759294276 vs. 2.4109672759294276
list:
dist: 3.130969826419873 vs. 3.130969826419873
list:
dist: 2.3489770330802417 vs. 2.3489770330802417
list:
dist: 1.0050779075879226 vs. 1.0050779075879226
list:
dist: 1.1795433128057522 vs. 1.1795433128057522
list:
dist: 1.5414924571081636 vs. 1.5414924571081636
list:
dist: 0.5752478769282436 vs. 0.5752478769282436
list:
dist: 1.1760478510674555 vs. 1.1760478510674555
list:
dist: 3.367043537509274 vs. 3.367043537509274
list:
dist: 4.527428140774335 vs. 4.527428140774335
list:
dist: 2.5142689477201463 vs. 2.5142689477201463
list:
dist: 2.993351502847063 vs. 2.993351502847063
list:
dist: 3.4766291475903848 vs. 3.4766291475903848
list:
dist: 3.581303541174497 vs. 3.581303541174497
list:
dist: 1.554429023943798 vs. 1.554429023943798
list:
dist: 1.565415898918039 vs. 1.565415898918039
list:
dist: 1.4816454703450797 vs. 1.4816454703450797
list:
dist: 1.324547304939831 vs. 1.324547304939831
list:
dist: 1.9509168850994691 vs. 1.9509168850994691
list:
dist: 3.0970283622019483 vs. 3.0970283622019483
list:
dist: 4.187333160988371 vs. 4.187333160988371
list:
dist: 1.763242377752734 vs. 1.763242377752734
list:
dist: 2.053578768900052 vs. 2.053578768900052
list:
dist: 2.697693276642123 vs. 2.697693276642123
list:
dist: 2.9142461950265304 vs. 2.9142461950265304
list:
dist: 2.6077728702121323 vs. 2.6077728702121323
list:
dist: 2.9256717710436466 vs. 2.9256717710436466
list:
dist: 2.116452672608421 vs. 2.116452672608421
list:
dist: 1.5816144893925808 vs. 1.5816144893925808
list:
dist: 4.39044761188407 vs. 4.39044761188407
list:
dist: 4.555357698431952 vs. 4.555357698431952
list:
dist: 3.304371989889258 vs. 3.304371989889258
list:
dist: 2.891428801860673 vs. 2.891428801860673
list:
dist: 4.762337430607484 vs. 4.762337430607484
list:
dist: 1.600225077611535 vs. 1.600225077611535
list:
dist: 1.5399191886196608 vs. 1.5399191886196608
list:
dist: 1.0993849540086393 vs. 1.0993849540086393
list:
dist: 3.2282334858319612 vs. 3.2282334858319612
list:
dist: 3.2257556251705184 vs. 3.2257556251705184
list:
dist: 1.7756543243043672 vs. 1.7756543243043672
list:
dist: 2.830521506792518 vs. 2.830521506792518
list:
dist: 2.5888786993426076 vs. 2.5888786993426076
list:
dist: 3.581303541174497 vs. 3.581303541174497
list:
dist: 3.307445482448263 vs. 3.307445482448263
list:
dist: 3.192882824095619 vs. 3.192882824095619
list:
dist: 2.553475703044027 vs. 2.553475703044027
list:
dist: 3.550532665612541 vs. 3.550532665612541
list:
dist: 1.541266011036646 vs. 1.541266011036646
list:
dist: 1.169237453118309 vs. 1.169237453118309
list:
dist: 2.446454554484417 vs. 2.446454554484417
list:
dist: 0.8908456232173344 vs. 0.8908456232173344
list:
dist: 0.9008312826654965 vs. 0.9008312826654965
list:
dist: 2.558636269490215 vs. 2.558636269490215
list:
dist: 3.111375708876753 vs. 3.111375708876753
list:
dist: 1.4816454703450797 vs. 1.4816454703450797
list:
dist: 2.241263392408001 vs. 2.241263392408001
list:
dist: 2.2328551372044627 vs. 2.2328551372044627
list:
dist: 1.9426924595964667 vs. 1.9426924595964667
list:
dist: 2.1200475632545546 vs. 2.1200475632545546
list:
dist: 2.241263392408001 vs. 2.241263392408001
list:
dist: 1.324547304939831 vs. 1.324547304939831
list:
dist: 1.4807634624379782 vs. 1.4807634624379782
list:
dist: 2.30805666901495 vs. 2.30805666901495
list:
dist: 4.1577757140226135 vs. 4.1577757140226135
list:
dist: 0.8044876922368545 vs. 0.8044876922368545
list:
dist: 1.4430137586485798 vs. 1.4430137586485798
list:
dist: 2.208537240929852 vs. 2.208537240929852
list:
dist: 2.2108249207895683 vs. 2.2108249207895683
list:
dist: 1.7762300524440144 vs. 1.7762300524440144
list:
dist: 1.7460958209819915 vs. 1.7460958209819915
list:
dist: 1.215192018291289 vs. 1.215192018291289
list:
dist: 1.0041841144582146 vs. 1.0041841144582146
list:
dist: 3.169176713834726 vs. 3.169176713834726
list:
dist: 3.257674849755673 vs. 3.257674849755673
list:
dist: 2.190109418660507 vs. 2.190109418660507
list:
dist: 1.6782795188563333 vs. 1.6782795188563333
list:
dist: 3.499317659431292 vs. 3.499317659431292
list:
dist: 1.5816144893925808 vs. 1.5816144893925808
list:
dist: 1.0041841144582146 vs. 1.0041841144582146
list:
dist: 1.540450513623446 vs. 1.540450513623446
list:
dist: 2.0270077685466323 vs. 2.0270077685466323
list:
dist: 1.5892572492262187 vs. 1.5892572492262187
list:
dist: 1.2970907324860357 vs. 1.2970907324860357
list:
dist: 2.330595191792085 vs. 2.330595191792085
list:
dist: 1.3823838821166727 vs. 1.3823838821166727
list:
dist: 1.2648140146834905 vs. 1.2648140146834905
list:
dist: 1.5961338730941488 vs. 1.5961338730941488
list:
dist: 0.8234523985397838 vs. 0.8234523985397838
list:
dist: 3.587718558384672 vs. 3.587718558384672
list:
dist: 3.130969826419873 vs. 3.130969826419873
list:
dist: 3.4918404530766063 vs. 3.4918404530766063
list:
dist: 2.0374449034427373 vs. 2.0374449034427373
list:
dist: 1.625508542811107 vs. 1.625508542811107
list:
dist: 3.4628207384251177 vs. 3.4628207384251177
list:
dist: 3.8711606578911355 vs. 3.8711606578911355
list:
dist: 2.992131557432969 vs. 2.992131557432969
list:
dist: 3.269287954012036 vs. 3.269287954012036
list:
dist: 1.9925288950993998 vs. 1.9925288950993998
list:
dist: 2.8407383524191907 vs. 2.8407383524191907
list:
dist: 3.1077427385121497 vs. 3.1077427385121497
list:
dist: 2.5888786993426076 vs. 2.5888786993426076
list:
dist: 3.311307572038295 vs. 3.311307572038295
list:
dist: 2.1200475632545546 vs. 2.1200475632545546
list:
dist: 2.697693276642123 vs. 2.697693276642123
list:
dist: 2.208537240929852 vs. 2.208537240929852
list:
dist: 3.6184096048473817 vs. 3.6184096048473817
list:
dist: 4.080815572079854 vs. 4.080815572079854
list:
dist: 4.540866059873672 vs. 4.540866059873672
list:
dist: 1.6770659132175396 vs. 1.6770659132175396
list:
dist: 1.0524190238607678 vs. 1.0524190238607678
list:
dist: 3.169279560626054 vs. 3.169279560626054
list:
dist: 3.3076092071439325 vs. 3.3076092071439325
list:
dist: 2.159452635043124 vs. 2.159452635043124
list:
dist: 2.868889536782328 vs. 2.868889536782328
list:
dist: 2.330595191792085 vs. 2.330595191792085
list:
dist: 4.240831435435319 vs. 4.240831435435319
list:
dist: 4.158981046237376 vs. 4.158981046237376
list:
dist: 3.597465817368642 vs. 3.597465817368642
list:
dist: 2.9555410364477477 vs. 2.9555410364477477
list:
dist: 4.291161752110206 vs. 4.291161752110206
list:
dist: 1.9691320599335018 vs. 1.9691320599335018
list:
dist: 1.111685001012008 vs. 1.111685001012008
list:
dist: 2.570702754133656 vs. 2.570702754133656
list:
dist: 1.8703358933340128 vs. 1.8703358933340128
list:
dist: 1.7335905690693079 vs. 1.7335905690693079
list:
dist: 1.0993849540086393 vs. 1.0993849540086393
list:
dist: 3.452028581713325 vs. 3.452028581713325
list:
dist: 2.540634809555422 vs. 2.540634809555422
list:
dist: 2.0005356063888526 vs. 2.0005356063888526
list:
dist: 1.111685001012008 vs. 1.111685001012008
list:
dist: 3.8329893188306503 vs. 3.8329893188306503
list:
dist: 4.047518077962851 vs. 4.047518077962851
list:
dist: 2.6059448828770173 vs. 2.6059448828770173
list:
dist: 3.680575461270661 vs. 3.680575461270661
list:
dist: 3.269287954012036 vs. 3.269287954012036
list:
dist: 4.527428140774335 vs. 4.527428140774335
list:
dist: 4.324621639801015 vs. 4.324621639801015
list:
dist: 4.142243070557299 vs. 4.142243070557299
list:
dist: 3.51927938948568 vs. 3.51927938948568
list:
dist: 4.43477217013555 vs. 4.43477217013555
list:
dist: 1.5790334027159223 vs. 1.5790334027159223
list:
dist: 2.8766206460454504 vs. 2.8766206460454504
list:
dist: 1.6713922180385112 vs. 1.6713922180385112
list:
dist: 1.2441644877240574 vs. 1.2441644877240574
list:
dist: 1.169237453118309 vs. 1.169237453118309
list:
dist: 3.407576040864612 vs. 3.407576040864612
list:
dist: 3.0970283622019483 vs. 3.0970283622019483
list:
dist: 2.30805666901495 vs. 2.30805666901495
list:
dist: 1.3153423711071195 vs. 1.3153423711071195
list:
dist: 2.9427458694517905 vs. 2.9427458694517905
list:
dist: 3.112261392678958 vs. 3.112261392678958
list:
dist: 4.080815572079854 vs. 4.080815572079854
list:
dist: 1.612200888360173 vs. 1.612200888360173
list:
dist: 0.8660847776891996 vs. 0.8660847776891996
list:
dist: 2.2812371447116875 vs. 2.2812371447116875
list:
dist: 1.2540144347154665 vs. 1.2540144347154665
list:
dist: 2.0270077685466323 vs. 2.0270077685466323
list:
dist: 1.735886962872424 vs. 1.735886962872424
list:
dist: 1.9927972730995134 vs. 1.9927972730995134
list:
dist: 2.687144722555119 vs. 2.687144722555119
list:
dist: 0.9980651212612635 vs. 0.9980651212612635
list:
dist: 1.4133972032495732 vs. 1.4133972032495732
list:
dist: 2.5286022064283467 vs. 2.5286022064283467
list:
dist: 2.4811988558886715 vs. 2.4811988558886715
list:
dist: 2.116452672608421 vs. 2.116452672608421
list:
dist: 1.215192018291289 vs. 1.215192018291289
list:
dist: 1.121042984778856 vs. 1.121042984778856
list:
dist: 1.2540144347154665 vs. 1.2540144347154665
list:
dist: 1.84587791150098 vs. 1.84587791150098
list:
dist: 1.8787975976799491 vs. 1.8787975976799491
list:
dist: 2.868889536782328 vs. 2.868889536782328
list:
dist: 1.1549955496624136 vs. 1.1549955496624136
list:
dist: 0.5630375924841968 vs. 0.5630375924841968
list:
dist: 1.4365608000618526 vs. 1.4365608000618526
list:
dist: 0.8234523985397838 vs. 0.8234523985397838
list:
dist: 2.872692025645096 vs. 2.872692025645096
list:
dist: 2.4109672759294276 vs. 2.4109672759294276
list:
dist: 2.85361865106734 vs. 2.85361865106734
list:
dist: 1.2631427708506888 vs. 1.2631427708506888
list:
dist: 0.98967168373212 vs. 0.98967168373212
list:
dist: 2.811232752224456 vs. 2.811232752224456
list:
dist: 3.1593499783235157 vs. 3.1593499783235157
list:
dist: 3.1282867116365853 vs. 3.1282867116365853
list:
dist: 3.680575461270661 vs. 3.680575461270661
list:
dist: 1.947663553664614 vs. 1.947663553664614
list:
dist: 2.862336524472744 vs. 2.862336524472744
list:
dist: 3.2378757109990004 vs. 3.2378757109990004
list:
dist: 2.830521506792518 vs. 2.830521506792518
list:
dist: 2.876011384381656 vs. 2.876011384381656
list:
dist: 2.103658539043086 vs. 2.103658539043086
list:
dist: 2.026664514996228 vs. 2.026664514996228
list:
dist: 1.8703358933340128 vs. 1.8703358933340128
list:
dist: 3.1181251733430106 vs. 3.1181251733430106
list:
dist: 3.1335774172273507 vs. 3.1335774172273507
list:
dist: 1.5347424509099734 vs. 1.5347424509099734
list:
dist: 2.862336524472744 vs. 2.862336524472744
list:
dist: 2.8407383524191907 vs. 2.8407383524191907
list:
dist: 2.993351502847063 vs. 2.993351502847063
list:
dist: 2.678581440028875 vs. 2.678581440028875
list:
dist: 2.86733071255953 vs. 2.86733071255953
list:
dist: 2.306337213796396 vs. 2.306337213796396
list:
dist: 2.854240083507018 vs. 2.854240083507018
list:
dist: 1.1419139736007422 vs. 1.1419139736007422
list:
dist: 1.6713922180385112 vs. 1.6713922180385112
list:
dist: 2.1448601827095786 vs. 2.1448601827095786
list:
dist: 0.5460416938722482 vs. 0.5460416938722482
list:
dist: 0.8908456232173344 vs. 0.8908456232173344
list:
dist: 1.7657830728364419 vs. 1.7657830728364419
list:
dist: 2.3837400572151544 vs. 2.3837400572151544
list:
dist: 4.762337430607484 vs. 4.762337430607484
list:
dist: 3.499317659431292 vs. 3.499317659431292
list:
dist: 3.4363763956399156 vs. 3.4363763956399156
list:
dist: 2.5286022064283467 vs. 2.5286022064283467
list:
dist: 3.593201409379229 vs. 3.593201409379229
list:
dist: 3.7327290540815286 vs. 3.7327290540815286
list:
dist: 4.291161752110206 vs. 4.291161752110206
list:
dist: 2.8333103717316903 vs. 2.8333103717316903
list:
dist: 2.5968084306856447 vs. 2.5968084306856447
list:
dist: 2.245718513238767 vs. 2.245718513238767
list:
dist: 2.811232752224456 vs. 2.811232752224456
list:
dist: 3.4628207384251177 vs. 3.4628207384251177
list:
dist: 2.777201742932051 vs. 2.777201742932051
list:
dist: 0.5752478769282436 vs. 0.5752478769282436
list:
dist: 0.9356266063630869 vs. 0.9356266063630869
list:
dist: 1.651343581694859 vs. 1.651343581694859
list:
dist: 1.8819350110922861 vs. 1.8819350110922861
list:
dist: 1.2083011087048707 vs. 1.2083011087048707
list:
dist: 3.180869695768997 vs. 3.180869695768997
list:
dist: 4.43477217013555 vs. 4.43477217013555
list:
dist: 2.542760690210685 vs. 2.542760690210685
list:
dist: 2.854240083507018 vs. 2.854240083507018
list:
dist: 3.3078569921141736 vs. 3.3078569921141736
list:
dist: 3.550532665612541 vs. 3.550532665612541
list:
dist: 1.2202349676792807 vs. 1.2202349676792807
list:
dist: 1.2564602471232174 vs. 1.2564602471232174
list:
dist: 4.000521625332933 vs. 4.000521625332933
list:
dist: 2.6077728702121323 vs. 2.6077728702121323
list:
dist: 1.7762300524440144 vs. 1.7762300524440144
list:
dist: 1.3227930486126236 vs. 1.3227930486126236
list:
dist: 0.8660847776891996 vs. 0.8660847776891996
list:
dist: 2.3836074526810647 vs. 2.3836074526810647
list:
dist: 2.3088003540211743 vs. 2.3088003540211743
list:
dist: 3.3076092071439325 vs. 3.3076092071439325
list:
dist: 0.8815313404561573 vs. 0.8815313404561573
list:
dist: 1.6232269374598964 vs. 1.6232269374598964
list:
dist: 0.5630375924841968 vs. 0.5630375924841968
list:
dist: 1.2648140146834905 vs. 1.2648140146834905
list:
dist: 2.34257039447253 vs. 2.34257039447253
list:
dist: 2.167495522934575 vs. 2.167495522934575
list:
dist: 2.7904007018091814 vs. 2.7904007018091814
list:
dist: 1.0133872111560827 vs. 1.0133872111560827
list:
dist: 1.0363518835051706 vs. 1.0363518835051706
list:
dist: 2.5968084306856447 vs. 2.5968084306856447
list:
dist: 2.7512842215690188 vs. 2.7512842215690188
list:
dist: 3.3003642400927915 vs. 3.3003642400927915
list:
dist: 4.047518077962851 vs. 4.047518077962851
list:
dist: 1.901577031977955 vs. 1.901577031977955
list:
dist: 3.1335774172273507 vs. 3.1335774172273507
list:
dist: 3.516398921734543 vs. 3.516398921734543
list:
dist: 3.2257556251705184 vs. 3.2257556251705184
list:
dist: 2.876246733616739 vs. 2.876246733616739
list:
dist: 2.393618330570506 vs. 2.393618330570506
list:
dist: 2.1162191873589915 vs. 2.1162191873589915
list:
dist: 1.7335905690693079 vs. 1.7335905690693079
list:
dist: 3.3966834422202994 vs. 3.3966834422202994
list:
dist: 3.516398921734543 vs. 3.516398921734543
list:
dist: 1.9040830861930087 vs. 1.9040830861930087
list:
dist: 3.2378757109990004 vs. 3.2378757109990004
list:
dist: 3.1077427385121497 vs. 3.1077427385121497
list:
dist: 3.4766291475903848 vs. 3.4766291475903848
list:
dist: 3.1917631587115265 vs. 3.1917631587115265
list:
dist: 3.3341029037082834 vs. 3.3341029037082834
list:
dist: 2.7670093412172942 vs. 2.7670093412172942
list:
dist: 3.3078569921141736 vs. 3.3078569921141736
list:
dist: 0.9139079812238544 vs. 0.9139079812238544
list:
dist: 1.2441644877240574 vs. 1.2441644877240574
list:
dist: 2.3154209405822073 vs. 2.3154209405822073
list:
dist: 0.5460416938722482 vs. 0.5460416938722482
list:
dist: 0.9008312826654965 vs. 0.9008312826654965
list:
dist: 2.2066126055879187 vs. 2.2066126055879187
list:
dist: 2.854360063165155 vs. 2.854360063165155
list:
dist: 3.304371989889258 vs. 3.304371989889258
list:
dist: 2.190109418660507 vs. 2.190109418660507
list:
dist: 1.8371063504500436 vs. 1.8371063504500436
list:
dist: 0.9980651212612635 vs. 0.9980651212612635
list:
dist: 2.5908526409238912 vs. 2.5908526409238912
list:
dist: 2.7543008493480095 vs. 2.7543008493480095
list:
dist: 3.597465817368642 vs. 3.597465817368642
list:
dist: 1.5809734542148286 vs. 1.5809734542148286
list:
dist: 1.0133872111560827 vs. 1.0133872111560827
list:
dist: 1.5543835284530363 vs. 1.5543835284530363
list:
dist: 1.2631427708506888 vs. 1.2631427708506888
list:
dist: 2.0374449034427373 vs. 2.0374449034427373
list:
dist: 2.141859831468646 vs. 2.141859831468646
list:
dist: 1.1795433128057522 vs. 1.1795433128057522
list:
dist: 1.8178911057119342 vs. 1.8178911057119342
list:
dist: 0.6577558069177762 vs. 0.6577558069177762
list:
dist: 1.651343581694859 vs. 1.651343581694859
list:
dist: 1.968612761911605 vs. 1.968612761911605
list:
dist: 3.202752751363287 vs. 3.202752751363287
list:
dist: 4.142243070557299 vs. 4.142243070557299
list:
dist: 2.028759789020113 vs. 2.028759789020113
list:
dist: 2.86733071255953 vs. 2.86733071255953
list:
dist: 3.3341029037082834 vs. 3.3341029037082834
list:
dist: 3.192882824095619 vs. 3.192882824095619
list:
dist: 2.1065062729961626 vs. 2.1065062729961626
list:
dist: 2.357415381275885 vs. 2.357415381275885
list:
dist: 3.6903968396968647 vs. 3.6903968396968647
list:
dist: 2.4811988558886715 vs. 2.4811988558886715
list:
dist: 2.896833229462622 vs. 2.896833229462622
list:
dist: 2.7512842215690188 vs. 2.7512842215690188
list:
dist: 2.970320328511826 vs. 2.970320328511826
list:
dist: 3.1593499783235157 vs. 3.1593499783235157
list:
dist: 3.8711606578911355 vs. 3.8711606578911355
list:
dist: 1.9429238003233267 vs. 1.9429238003233267
list:
dist: 1.1760478510674555 vs. 1.1760478510674555
list:
dist: 2.0103914174091293 vs. 2.0103914174091293
list:
dist: 1.968612761911605 vs. 1.968612761911605
list:
dist: 2.465490543328773 vs. 2.465490543328773
list:
dist: 1.2083011087048707 vs. 1.2083011087048707
list:
dist: 2.943202983501663 vs. 2.943202983501663
list:
dist: 2.3766555501829676 vs. 2.3766555501829676
list:
dist: 2.4307295983751693 vs. 2.4307295983751693
list:
dist: 3.018578162900239 vs. 3.018578162900239
list:
dist: 3.154682828296616 vs. 3.154682828296616
list:
dist: 3.452028581713325 vs. 3.452028581713325
list:
dist: 3.02420038095384 vs. 3.02420038095384
list:
dist: 2.876246733616739 vs. 2.876246733616739
list:
dist: 1.7977237747010861 vs. 1.7977237747010861
list:
dist: 2.876011384381656 vs. 2.876011384381656
list:
dist: 3.311307572038295 vs. 3.311307572038295
list:
dist: 3.8097854590576827 vs. 3.8097854590576827
list:
dist: 1.554429023943798 vs. 1.554429023943798
list:
dist: 1.16884434924461 vs. 1.16884434924461
list:
dist: 2.1065062729961626 vs. 2.1065062729961626
list:
dist: 1.921039667119991 vs. 1.921039667119991
list:
dist: 1.2202349676792807 vs. 1.2202349676792807
list:
dist: 2.3766555501829676 vs. 2.3766555501829676
list:
dist: 2.2609836726899846 vs. 2.2609836726899846
list:
dist: 3.407576040864612 vs. 3.407576040864612
list:
dist: 2.2950172411204277 vs. 2.2950172411204277
list:
dist: 1.7657830728364419 vs. 1.7657830728364419
list:
dist: 2.2066126055879187 vs. 2.2066126055879187
list:
dist: 2.558636269490215 vs. 2.558636269490215
list:
dist: 0.8449468064962474 vs. 0.8449468064962474
list:
dist: 2.9256717710436466 vs. 2.9256717710436466
list:
dist: 1.7460958209819915 vs. 1.7460958209819915
list:
dist: 2.45846664518981 vs. 2.45846664518981
list:
dist: 2.2812371447116875 vs. 2.2812371447116875
list:
dist: 1.7461485280980913 vs. 1.7461485280980913
list:
dist: 1.4923803398201958 vs. 1.4923803398201958
list:
dist: 2.159452635043124 vs. 2.159452635043124
list:
dist: 1.6221752025988483 vs. 1.6221752025988483
list:
dist: 1.6232269374598964 vs. 1.6232269374598964
list:
dist: 1.4365608000618526 vs. 1.4365608000618526
list:
dist: 1.5961338730941488 vs. 1.5961338730941488
list:
dist: 3.530676211553348 vs. 3.530676211553348
list:
dist: 2.135717449534942 vs. 2.135717449534942
list:
dist: 2.321458023394855 vs. 2.321458023394855
list:
dist: 1.5543835284530363 vs. 1.5543835284530363
list:
dist: 0.9831806713546942 vs. 0.9831806713546942
list:
dist: 2.245718513238767 vs. 2.245718513238767
list:
dist: 2.970320328511826 vs. 2.970320328511826
list:
dist: 1.7625287696912233 vs. 1.7625287696912233
list:
dist: 2.6059448828770173 vs. 2.6059448828770173
list:
dist: 1.0990878794778942 vs. 1.0990878794778942
list:
dist: 1.5347424509099734 vs. 1.5347424509099734
list:
dist: 1.9040830861930087 vs. 1.9040830861930087
list:
dist: 1.7756543243043672 vs. 1.7756543243043672
list:
dist: 1.7977237747010861 vs. 1.7977237747010861
list:
dist: 2.2328551372044627 vs. 2.2328551372044627
list:
dist: 1.763242377752734 vs. 1.763242377752734
list:
dist: 0.8044876922368545 vs. 0.8044876922368545
list:
dist: 2.2407668738531132 vs. 2.2407668738531132
list:
dist: 2.9427458694517905 vs. 2.9427458694517905
list:
dist: 3.7175312197433454 vs. 3.7175312197433454
list:
dist: 1.2851664916663528 vs. 1.2851664916663528
list:
dist: 1.6770659132175396 vs. 1.6770659132175396
list:
dist: 2.708303751498107 vs. 2.708303751498107
list:
dist: 2.3836074526810647 vs. 2.3836074526810647
list:
dist: 1.7461485280980913 vs. 1.7461485280980913
list:
dist: 1.84587791150098 vs. 1.84587791150098
list:
dist: 1.5892572492262187 vs. 1.5892572492262187
list:
dist: 3.3699952419158903 vs. 3.3699952419158903
list:
dist: 3.2521398652923166 vs. 3.2521398652923166
list:
dist: 2.5908526409238912 vs. 2.5908526409238912
list:
dist: 1.9791319306904156 vs. 1.9791319306904156
list:
dist: 3.593201409379229 vs. 3.593201409379229
list:
dist: 2.765269748002496 vs. 2.765269748002496
list:
dist: 2.540634809555422 vs. 2.540634809555422
list:
dist: 2.671300893363619 vs. 2.671300893363619
list:
dist: 2.103658539043086 vs. 2.103658539043086
list:
dist: 2.393618330570506 vs. 2.393618330570506
list:
dist: 1.600225077611535 vs. 1.600225077611535
list:
dist: 3.018578162900239 vs. 3.018578162900239
list:
dist: 2.9142461950265304 vs. 2.9142461950265304
list:
dist: 2.2108249207895683 vs. 2.2108249207895683
list:
dist: 2.094465665475985 vs. 2.094465665475985
list:
dist: 1.612200888360173 vs. 1.612200888360173
list:
dist: 2.708303751498107 vs. 2.708303751498107
list:
dist: 2.179030819687153 vs. 2.179030819687153
list:
dist: 3.169279560626054 vs. 3.169279560626054
list:
dist: 0.8815313404561573 vs. 0.8815313404561573
list:
dist: 1.6221752025988483 vs. 1.6221752025988483
list:
dist: 1.1549955496624136 vs. 1.1549955496624136
list:
dist: 1.3823838821166727 vs. 1.3823838821166727
list:
dist: 2.612518925077162 vs. 2.612518925077162
list:
dist: 2.5312126766304535 vs. 2.5312126766304535
list:
dist: 3.222486390229357 vs. 3.222486390229357
list:
dist: 1.5809734542148286 vs. 1.5809734542148286
list:
dist: 1.5214736825560942 vs. 1.5214736825560942
list:
dist: 2.8333103717316903 vs. 2.8333103717316903
list:
dist: 2.896833229462622 vs. 2.896833229462622
list:
dist: 2.9705683276391786 vs. 2.9705683276391786
list:
dist: 3.8329893188306503 vs. 3.8329893188306503
list:
dist: 1.358947983028906 vs. 1.358947983028906
list:
dist: 3.1181251733430106 vs. 3.1181251733430106
list:
dist: 3.3966834422202994 vs. 3.3966834422202994
list:
dist: 3.2282334858319612 vs. 3.2282334858319612
list:
dist: 3.02420038095384 vs. 3.02420038095384
list:
dist: 1.9426924595964667 vs. 1.9426924595964667
list:
dist: 2.053578768900052 vs. 2.053578768900052
list:
dist: 1.4430137586485798 vs. 1.4430137586485798
list:
dist: 2.690289275540724 vs. 2.690289275540724
list:
dist: 3.112261392678958 vs. 3.112261392678958
list:
dist: 4.808781246866598 vs. 4.808781246866598
list:
dist: 1.2851664916663528 vs. 1.2851664916663528
list:
dist: 1.0524190238607678 vs. 1.0524190238607678
list:
dist: 2.179030819687153 vs. 2.179030819687153
list:
dist: 2.3088003540211743 vs. 2.3088003540211743
list:
dist: 1.4923803398201958 vs. 1.4923803398201958
list:
dist: 1.8787975976799491 vs. 1.8787975976799491
list:
dist: 1.2970907324860357 vs. 1.2970907324860357
list:
dist: 3.5784681725270837 vs. 3.5784681725270837
list:
dist: 3.6965850010868375 vs. 3.6965850010868375
list:
dist: 2.7543008493480095 vs. 2.7543008493480095
list:
dist: 2.1529415575976727 vs. 2.1529415575976727
list:
dist: 3.7327290540815286 vs. 3.7327290540815286
list:
dist: 2.0987212685456758 vs. 2.0987212685456758
list:
dist: 2.0005356063888526 vs. 2.0005356063888526
list:
dist: 1.9049857599681526 vs. 1.9049857599681526
list:
dist: 2.026664514996228 vs. 2.026664514996228
list:
dist: 2.1162191873589915 vs. 2.1162191873589915
list:
dist: 1.5399191886196608 vs. 1.5399191886196608
list:
dist: 3.154682828296616 vs. 3.154682828296616
list:
dist: 2.9829807016967536 vs. 2.9829807016967536
list:
dist: 1.735886962872424 vs. 1.735886962872424
list:
dist: 2.612518925077162 vs. 2.612518925077162
list:
dist: 2.34257039447253 vs. 2.34257039447253
list:
dist: 3.530676211553348 vs. 3.530676211553348
list:
dist: 2.872692025645096 vs. 2.872692025645096
list:
dist: 3.587718558384672 vs. 3.587718558384672
list:
dist: 2.3489770330802417 vs. 2.3489770330802417
list:
dist: 3.2871230712205968 vs. 3.2871230712205968
list:
dist: 2.141859831468646 vs. 2.141859831468646
list:
dist: 2.769702548914025 vs. 2.769702548914025
list:
dist: 2.777201742932051 vs. 2.777201742932051
list:
dist: 1.9429238003233267 vs. 1.9429238003233267
list:
dist: 3.4762865035717074 vs. 3.4762865035717074
list:
dist: 3.8097854590576827 vs. 3.8097854590576827
list:
dist: 2.765269748002496 vs. 2.765269748002496
list:
dist: 2.0987212685456758 vs. 2.0987212685456758
list:
dist: 1.9691320599335018 vs. 1.9691320599335018
list:
dist: 2.9705683276391786 vs. 2.9705683276391786
list:
dist: 3.3003642400927915 vs. 3.3003642400927915
list:
dist: 1.7625287696912233 vs. 1.7625287696912233
list:
dist: 3.1282867116365853 vs. 3.1282867116365853
list:
dist: 2.992131557432969 vs. 2.992131557432969
list:
dist: 3.367043537509274 vs. 3.367043537509274
list:
dist: 3.326013942866281 vs. 3.326013942866281
list:
dist: 3.202752751363287 vs. 3.202752751363287
list:
dist: 2.7079597911230895 vs. 2.7079597911230895
list:
dist: 3.180869695768997 vs. 3.180869695768997
list:
dist: 1.5790334027159223 vs. 1.5790334027159223
list:
dist: 1.705829690590771 vs. 1.705829690590771
list:
dist: 1.1419139736007422 vs. 1.1419139736007422
list:
dist: 0.9139079812238544 vs. 0.9139079812238544
list:
dist: 1.541266011036646 vs. 1.541266011036646
list:
dist: 2.2609836726899846 vs. 2.2609836726899846
list:
dist: 2.891428801860673 vs. 2.891428801860673
list:
dist: 1.6782795188563333 vs. 1.6782795188563333
list:
dist: 1.785521839636075 vs. 1.785521839636075
list:
dist: 1.4133972032495732 vs. 1.4133972032495732
list:
dist: 1.9791319306904156 vs. 1.9791319306904156
list:
dist: 2.1529415575976727 vs. 2.1529415575976727
list:
dist: 2.9555410364477477 vs. 2.9555410364477477
list:
dist: 1.5214736825560942 vs. 1.5214736825560942
list:
dist: 1.0363518835051706 vs. 1.0363518835051706
list:
dist: 0.9831806713546942 vs. 0.9831806713546942
list:
dist: 0.98967168373212 vs. 0.98967168373212
list:
dist: 1.625508542811107 vs. 1.625508542811107
list:
dist: 2.769702548914025 vs. 2.769702548914025
list:
dist: 1.5414924571081636 vs. 1.5414924571081636
list:
dist: 1.8950782591608875 vs. 1.8950782591608875
list:
dist: 0.6577558069177762 vs. 0.6577558069177762
list:
dist: 1.8819350110922861 vs. 1.8819350110922861
list:
dist: 2.465490543328773 vs. 2.465490543328773
list:
dist: 2.7079597911230895 vs. 2.7079597911230895
list:
dist: 3.51927938948568 vs. 3.51927938948568
list:
dist: 1.7262296850983998 vs. 1.7262296850983998
list:
dist: 2.306337213796396 vs. 2.306337213796396
list:
dist: 2.7670093412172942 vs. 2.7670093412172942
list:
dist: 2.553475703044027 vs. 2.553475703044027
list:
dist: 1.921039667119991 vs. 1.921039667119991
list:
dist: 2.2939918884694745 vs. 2.2939918884694745
list:
dist: 1.9509168850994691 vs. 1.9509168850994691
list:
dist: 1.4807634624379782 vs. 1.4807634624379782
list:
dist: 1.3153423711071195 vs. 1.3153423711071195
list:
dist: 2.2407668738531132 vs. 2.2407668738531132
list:
dist: 2.690289275540724 vs. 2.690289275540724
list:
dist: 3.6184096048473817 vs. 3.6184096048473817
list:
dist: 2.094465665475985 vs. 2.094465665475985
list:
dist: 1.3227930486126236 vs. 1.3227930486126236
list:
dist: 2.45846664518981 vs. 2.45846664518981
list:
dist: 1.121042984778856 vs. 1.121042984778856
list:
dist: 1.540450513623446 vs. 1.540450513623446
list:
dist: 2.9829807016967536 vs. 2.9829807016967536
list:
dist: 2.9336565653445543 vs. 2.9336565653445543
list:
dist: 3.3056994186993736 vs. 3.3056994186993736
list:
dist: 1.8371063504500436 vs. 1.8371063504500436
list:
dist: 1.785521839636075 vs. 1.785521839636075
list:
dist: 3.4363763956399156 vs. 3.4363763956399156
list:
dist: 3.6903968396968647 vs. 3.6903968396968647
list:
dist: 2.671300893363619 vs. 2.671300893363619
list:
dist: 1.9049857599681526 vs. 1.9049857599681526
list:
dist: 2.570702754133656 vs. 2.570702754133656
list:
dist: 1.358947983028906 vs. 1.358947983028906
list:
dist: 1.901577031977955 vs. 1.901577031977955
list:
dist: 1.0990878794778942 vs. 1.0990878794778942
list:
dist: 1.947663553664614 vs. 1.947663553664614
list:
dist: 1.9925288950993998 vs. 1.9925288950993998
list:
dist: 3.4762865035717074 vs. 3.4762865035717074
list:
dist: 2.5142689477201463 vs. 2.5142689477201463
list:
dist: 2.9692007606035773 vs. 2.9692007606035773
list:
dist: 2.028759789020113 vs. 2.028759789020113
list:
dist: 1.7262296850983998 vs. 1.7262296850983998
list:
dist: 2.542760690210685 vs. 2.542760690210685
list:
dist: 2.943202983501663 vs. 2.943202983501663
list:
dist: 1.705829690590771 vs. 1.705829690590771
list:
dist: 2.8766206460454504 vs. 2.8766206460454504
list:
dist: 2.1448601827095786 vs. 2.1448601827095786
list:
dist: 2.3154209405822073 vs. 2.3154209405822073
list:
dist: 2.446454554484417 vs. 2.446454554484417
list:
dist: 2.2950172411204277 vs. 2.2950172411204277
list:
dist: 4.555357698431952 vs. 4.555357698431952
list:
dist: 3.257674849755673 vs. 3.257674849755673
list:
dist: 3.3056994186993736 vs. 3.3056994186993736
list:
dist: 2.687144722555119 vs. 2.687144722555119
list:
dist: 3.2521398652923166 vs. 3.2521398652923166
list:
dist: 3.6965850010868375 vs. 3.6965850010868375
list:
dist: 4.158981046237376 vs. 4.158981046237376
list:
dist: 3.222486390229357 vs. 3.222486390229357
list:
dist: 2.7904007018091814 vs. 2.7904007018091814
list:
dist: 2.321458023394855 vs. 2.321458023394855
list:
dist: 2.85361865106734 vs. 2.85361865106734
list:
dist: 3.4918404530766063 vs. 3.4918404530766063
list:
dist: 3.2871230712205968 vs. 3.2871230712205968
list:
dist: 1.0050779075879226 vs. 1.0050779075879226
list:
dist: 1.8178911057119342 vs. 1.8178911057119342
list:
dist: 1.8950782591608875 vs. 1.8950782591608875
list:
dist: 0.9356266063630869 vs. 0.9356266063630869
list:
dist: 2.0103914174091293 vs. 2.0103914174091293
list:
dist: 3.326013942866281 vs. 3.326013942866281
list:
dist: 4.324621639801015 vs. 4.324621639801015
list:
dist: 2.9692007606035773 vs. 2.9692007606035773
list:
dist: 2.678581440028875 vs. 2.678581440028875
list:
dist: 3.1917631587115265 vs. 3.1917631587115265
list:
dist: 3.307445482448263 vs. 3.307445482448263
list:
dist: 1.16884434924461 vs. 1.16884434924461
list:
dist: 0.7148697430960919 vs. 0.7148697430960919
list:
dist: 1.565415898918039 vs. 1.565415898918039
list:
dist: 0.7148697430960919 vs. 0.7148697430960919
list:
dist: 2.357415381275885 vs. 2.357415381275885
list:
dist: 2.2939918884694745 vs. 2.2939918884694745
list:
dist: 1.2564602471232174 vs. 1.2564602471232174
list:
dist: 2.4307295983751693 vs. 2.4307295983751693
list:
dist: 2.3837400572151544 vs. 2.3837400572151544
list:
dist: 2.854360063165155 vs. 2.854360063165155
list:
dist: 3.111375708876753 vs. 3.111375708876753
list:
dist: 0.8449468064962474 vs. 0.8449468064962474
list:
dist: 4.187333160988371 vs. 4.187333160988371
list:
dist: 4.1577757140226135 vs. 4.1577757140226135
list:
dist: 3.7175312197433454 vs. 3.7175312197433454
list:
dist: 4.808781246866598 vs. 4.808781246866598
list:
dist: 4.540866059873672 vs. 4.540866059873672
900
rk
<OccurredElementalReaction>
	 elmtlRkId: 4
	 p(id,type,coords) 130 5 15.130715778272526 -6.1299894307375515 9.221351142071674
</OccurredElementalReaction>
]]></system-out>
  <system-err><![CDATA[]]></system-err>
</testsuite>
