<?xml version="1.0" encoding="UTF-8" ?>
<testsuite errors="0" failures="0" hostname="Johanness-MacBook-Pro-4.local" name="readdy.impl.sim.core.bd.DiffusionEngineTest" tests="2" time="0.308" timestamp="2014-08-21T12:00:47">
  <properties>
    <property name="netbeans.autoupdate.country" value="US" />
    <property name="nb.wait.for.caches" value="true" />
    <property name="javac.test.classpath" value="lib/colt.jar:lib/statlab.jar:build/classes:/Applications/NetBeans/NetBeans 7.2.1.app/Contents/Resources/NetBeans/platform/modules/ext/junit-4.10.jar" />
    <property name="libs.junit.javadoc" value="/Applications/NetBeans/NetBeans 7.2.1.app/Contents/Resources/NetBeans/java/docs/junit-3.8.2-api.zip" />
    <property name="file.reference.colt.jar" value="lib/colt.jar" />
    <property name="ant.core.lib" value="/Applications/NetBeans/NetBeans 7.2.1.app/Contents/Resources/NetBeans/java/ant/lib/ant.jar" />
    <property name="javadoc.windowtitle" value="" />
    <property name="user.dir" value="/Users/johannesschoeneberg/Desktop/PhD/projects/ReaDDy/gitHub/readdy" />
    <property name="com.apple.mrj.application.apple.menu.about.name" value="NetBeans" />
    <property name="libs.hibernate-persistence.javadoc" value="" />
    <property name="java.vm.version" value="24.51-b03" />
    <property name="libs.MyLibrary.src" value="" />
    <property name="libs.MySQLDriver.classpath" value="/Applications/NetBeans/NetBeans 7.2.1.app/Contents/Resources/NetBeans/ide/modules/ext/mysql-connector-java-5.1.18-bin.jar" />
    <property name="libs.eclipselinkmodelgen.src" value="" />
    <property name="javadoc.notree" value="false" />
    <property name="netbeans.autoupdate.version" value="1.23" />
    <property name="libs.EclipseLink-GlassFish-v3.classpath" value="/Applications/NetBeans/glassfish-3.0.1/glassfish/modules/org.eclipse.persistence.antlr.jar:/Applications/NetBeans/glassfish-3.0.1/glassfish/modules/org.eclipse.persistence.asm.jar:/Applications/NetBeans/glassfish-3.0.1/glassfish/modules/org.eclipse.persistence.core.jar:/Applications/NetBeans/glassfish-3.0.1/glassfish/modules/org.eclipse.persistence.jpa.jar:/Applications/NetBeans/glassfish-3.0.1/glassfish/modules/org.eclipse.persistence.jpa.modelgen.jar:/Applications/NetBeans/glassfish-3.0.1/glassfish/modules/org.eclipse.persistence.oracle.jar:/Applications/NetBeans/glassfish-3.0.1/glassfish/modules/javax.persistence.jar" />
    <property name="libs.hibernate-support.maven-pom" value="" />
    <property name="libs.hibernate-support.javadoc" value="" />
    <property name="jdk.home" value="/Library/Java/JavaVirtualMachines/jdk1.7.0_51.jdk/Contents/Home" />
    <property name="libs.javac-api.src" value="" />
    <property name="javadoc.noindex" value="false" />
    <property name="sun.os.patch.level" value="unknown" />
    <property name="do.archive+manifest.available" value="true" />
    <property name="java.vm.specification.name" value="Java Virtual Machine Specification" />
    <property name="nb.show.statistics.ui" value="usageStatisticsEnabled" />
    <property name="netbeans.autoupdate.variant" value="" />
    <property name="have.tests" value="true" />
    <property name="org.xml.sax.driver" value="com.sun.org.apache.xerces.internal.jaxp.SAXParserImpl$JAXPSAXParser" />
    <property name="libs.javac-api.javadoc" value="" />
    <property name="os.name" value="Mac OS X" />
    <property name="libs.beans-binding.classpath" value="/Applications/NetBeans/NetBeans 7.2.1.app/Contents/Resources/NetBeans/java/modules/ext/beansbinding-1.2.1.jar" />
    <property name="libs.JWSAntTasks.maven-pom" value="" />
    <property name="jnlp.signing.keystore" value="" />
    <property name="libs.testng.src" value="" />
    <property name="java.vendor.url.bug" value="http://bugreport.sun.com/bugreport/" />
    <property name="libs.jaxb.maven-pom" value="" />
    <property name="os.arch" value="x86_64" />
    <property name="libs.eclipselink.src" value="" />
    <property name="user.name" value="johannesschoeneberg" />
    <property name="libs.Comet-GlassFish-v3.javadoc" value="" />
    <property name="copylibs.rebase" value="true" />
    <property name="manifest.available+main.class" value="true" />
    <property name="libs.swing-layout.maven-pom" value="" />
    <property name="sun.java.command" value="org.apache.tools.ant.taskdefs.optional.junit.JUnitTestRunner readdy.impl.sim.core.bd.DiffusionEngineTest filtertrace=true haltOnError=false haltOnFailure=false showoutput=true outputtoformatters=true logfailedtests=true logtestlistenerevents=true formatter=org.apache.tools.ant.taskdefs.optional.junit.BriefJUnitResultFormatter formatter=org.apache.tools.ant.taskdefs.optional.junit.XMLJUnitResultFormatter,/Users/johannesschoeneberg/Desktop/PhD/projects/ReaDDy/gitHub/readdy/build/test/results/TEST-readdy.impl.sim.core.bd.DiffusionEngineTest.xml crashfile=/Users/johannesschoeneberg/Desktop/PhD/projects/ReaDDy/gitHub/readdy/build/junitvmwatcher8379865158847051061.properties propsfile=/Users/johannesschoeneberg/Desktop/PhD/projects/ReaDDy/gitHub/readdy/build/junit1496111767992720283.properties" />
    <property name="build.classes.dir" value="build/classes" />
    <property name="netbeans.accept_license_class" value="org.netbeans.license.AcceptLicense" />
    <property name="jnlp.descriptor" value="application" />
    <property name="build.sysclasspath" value="ignore" />
    <property name="libs.jaxws21.javadoc" value="/Applications/NetBeans/NetBeans 7.2.1.app/Contents/Resources/NetBeans/java/docs/jaxws-api-doc.zip" />
    <property name="includes" value="**" />
    <property name="user.country" value="US" />
    <property name="manifest.file" value="manifest.mf" />
    <property name="javadoc.encoding" value="UTF-8" />
    <property name="javac.classpath" value="lib/colt.jar:lib/statlab.jar" />
    <property name="debug-transport" value="dt_socket" />
    <property name="netbeans.system_http_non_proxy_hosts" value="" />
    <property name="com.sun.mysql.port" value="3306" />
    <property name="netbeans.home" value="/Applications/NetBeans/NetBeans 7.2.1.app/Contents/Resources/NetBeans/platform" />
    <property name="build.compiler.emacs" value="true" />
    <property name="libs.ejb3-persistence.src" value="" />
    <property name="java.endorsed.dirs" value="/Library/Java/JavaVirtualMachines/jdk1.7.0_51.jdk/Contents/Home/jre/lib/endorsed" />
    <property name="libs.Comet-GlassFish-v3.maven-pom" value="" />
    <property name="netbeans.dynamic.classpath" value="/Applications/NetBeans/NetBeans 7.2.1.app/Contents/Resources/NetBeans/platform/core/core.jar:/Applications/NetBeans/NetBeans 7.2.1.app/Contents/Resources/NetBeans/platform/core/org-openide-filesystems.jar:/Applications/NetBeans/NetBeans 7.2.1.app/Contents/Resources/NetBeans/platform/core/locale/core_ja.jar:/Applications/NetBeans/NetBeans 7.2.1.app/Contents/Resources/NetBeans/platform/core/locale/core_pt_BR.jar:/Applications/NetBeans/NetBeans 7.2.1.app/Contents/Resources/NetBeans/platform/core/locale/core_ru.jar:/Applications/NetBeans/NetBeans 7.2.1.app/Contents/Resources/NetBeans/platform/core/locale/core_zh_CN.jar:/Applications/NetBeans/NetBeans 7.2.1.app/Contents/Resources/NetBeans/platform/core/locale/org-openide-filesystems_ja.jar:/Applications/NetBeans/NetBeans 7.2.1.app/Contents/Resources/NetBeans/platform/core/locale/org-openide-filesystems_pt_BR.jar:/Applications/NetBeans/NetBeans 7.2.1.app/Contents/Resources/NetBeans/platform/core/locale/org-openide-filesystems_ru.jar:/Applications/NetBeans/NetBeans 7.2.1.app/Contents/Resources/NetBeans/platform/core/locale/org-openide-filesystems_zh_CN.jar:/Applications/NetBeans/NetBeans 7.2.1.app/Contents/Resources/NetBeans/nb/core/org-netbeans-upgrader.jar:/Applications/NetBeans/NetBeans 7.2.1.app/Contents/Resources/NetBeans/nb/core/locale/core_nb.jar:/Applications/NetBeans/NetBeans 7.2.1.app/Contents/Resources/NetBeans/nb/core/locale/core_nb_ja.jar:/Applications/NetBeans/NetBeans 7.2.1.app/Contents/Resources/NetBeans/nb/core/locale/core_nb_pt_BR.jar:/Applications/NetBeans/NetBeans 7.2.1.app/Contents/Resources/NetBeans/nb/core/locale/core_nb_ru.jar:/Applications/NetBeans/NetBeans 7.2.1.app/Contents/Resources/NetBeans/nb/core/locale/core_nb_zh_CN.jar:/Applications/NetBeans/NetBeans 7.2.1.app/Contents/Resources/NetBeans/nb/core/locale/org-netbeans-upgrader_ja.jar:/Applications/NetBeans/NetBeans 7.2.1.app/Contents/Resources/NetBeans/nb/core/locale/org-netbeans-upgrader_pt_BR.jar:/Applications/NetBeans/NetBeans 7.2.1.app/Contents/Resources/NetBeans/nb/core/locale/org-netbeans-upgrader_ru.jar:/Applications/NetBeans/NetBeans 7.2.1.app/Contents/Resources/NetBeans/nb/core/locale/org-netbeans-upgrader_zh_CN.jar" />
    <property name="jnlp.enabled" value="false" />
    <property name="java.vm.specification.version" value="1.7" />
    <property name="ftp.nonProxyHosts" value="local|*.local|169.254/16|*.169.254/16" />
    <property name="netbeans.productversion" value="NetBeans IDE 7.2.1 (Build 201210100934)" />
    <property name="libs.hibernate-persistence.classpath" value="/Applications/NetBeans/NetBeans 7.2.1.app/Contents/Resources/NetBeans/java/modules/ext/hibernate/antlr-2.7.6.jar:/Applications/NetBeans/NetBeans 7.2.1.app/Contents/Resources/NetBeans/java/modules/ext/hibernate/asm.jar:/Applications/NetBeans/NetBeans 7.2.1.app/Contents/Resources/NetBeans/java/modules/ext/hibernate/asm-attrs.jar:/Applications/NetBeans/NetBeans 7.2.1.app/Contents/Resources/NetBeans/java/modules/ext/hibernate/cglib-2.1.3.jar:/Applications/NetBeans/NetBeans 7.2.1.app/Contents/Resources/NetBeans/java/modules/ext/hibernate/commons-collections-2.1.1.jar:/Applications/NetBeans/NetBeans 7.2.1.app/Contents/Resources/NetBeans/ide/modules/org-apache-commons-logging.jar:/Applications/NetBeans/NetBeans 7.2.1.app/Contents/Resources/NetBeans/java/modules/ext/hibernate/dom4j-1.6.1.jar:/Applications/NetBeans/NetBeans 7.2.1.app/Contents/Resources/NetBeans/java/modules/ext/hibernate/ehcache-1.2.3.jar:/Applications/NetBeans/NetBeans 7.2.1.app/Contents/Resources/NetBeans/java/modules/ext/hibernate/jdbc2_0-stdext.jar:/Applications/NetBeans/NetBeans 7.2.1.app/Contents/Resources/NetBeans/java/modules/ext/hibernate/jta.jar:/Applications/NetBeans/NetBeans 7.2.1.app/Contents/Resources/NetBeans/java/modules/ext/hibernate/hibernate3.jar:/Applications/NetBeans/NetBeans 7.2.1.app/Contents/Resources/NetBeans/java/modules/ext/hibernate/hibernate-tools.jar:/Applications/NetBeans/NetBeans 7.2.1.app/Contents/Resources/NetBeans/java/modules/ext/hibernate/hibernate-annotations.jar:/Applications/NetBeans/NetBeans 7.2.1.app/Contents/Resources/NetBeans/java/modules/ext/hibernate/hibernate-commons-annotations.jar:/Applications/NetBeans/NetBeans 7.2.1.app/Contents/Resources/NetBeans/java/modules/ext/hibernate/hibernate-entitymanager.jar:/Applications/NetBeans/NetBeans 7.2.1.app/Contents/Resources/NetBeans/java/modules/ext/hibernate/javassist.jar:/Applications/NetBeans/NetBeans 7.2.1.app/Contents/Resources/NetBeans/java/modules/ext/hibernate/ejb3-persistence.jar" />
    <property name="libs.jaxws21.src" value="" />
    <property name="application.title" value="ReaDDy" />
    <property name="do.archive" value="true" />
    <property name="netbeans.autoupdate.language" value="en" />
    <property name="java.vendor" value="Oracle Corporation" />
    <property name="sun.font.fontmanager" value="sun.font.CFontManager" />
    <property name="jar.index.metainf" value="false" />
    <property name="javac.debug" value="true" />
    <property name="javadoc.splitindex" value="true" />
    <property name="file.separator" value="/" />
    <property name="libs.junit_4.maven-pom" value="" />
    <property name="mkdist.disabled" value="false" />
    <property name="javac.test.processorpath" value="lib/colt.jar:lib/statlab.jar:build/classes:/Applications/NetBeans/NetBeans 7.2.1.app/Contents/Resources/NetBeans/platform/modules/ext/junit-4.10.jar" />
    <property name="netbeans.buildnumber" value="201210100934" />
    <property name="libs.JWSAntTasks.javadoc" value="" />
    <property name="build.generated.sources.dir" value="build/generated-sources" />
    <property name="libs.eclipselinkmodelgen.classpath" value="/Applications/NetBeans/NetBeans 7.2.1.app/Contents/Resources/NetBeans/java/modules/ext/eclipselink/org.eclipse.persistence.jpa.modelgen.processor-2.3.2.jar" />
    <property name="sun.java.launcher" value="SUN_STANDARD" />
    <property name="libs.junit.classpath" value="/Applications/NetBeans/NetBeans 7.2.1.app/Contents/Resources/NetBeans/java/modules/ext/junit-3.8.2.jar" />
    <property name="libs.jaxb.javadoc" value="/Applications/NetBeans/NetBeans 7.2.1.app/Contents/Resources/NetBeans/ide/docs/jaxb-api-doc.zip" />
    <property name="ant.home" value="/Applications/NetBeans/NetBeans 7.2.1.app/Contents/Resources/NetBeans/java/ant" />
    <property name="libs.junit_4.src" value="/Applications/NetBeans/NetBeans 7.2.1.app/Contents/Resources/NetBeans/java/docs/junit-4.10-sources.jar" />
    <property name="libs.testng.classpath" value="/Applications/NetBeans/NetBeans 7.2.1.app/Contents/Resources/NetBeans/platform/modules/ext/testng-6.5.1-dist.jar" />
    <property name="libs.absolutelayout.maven-pom" value="" />
    <property name="ant.java.version" value="1.7" />
    <property name="java.library.path" value="/Users/johannesschoeneberg/Library/Java/Extensions:/Library/Java/Extensions:/Network/Library/Java/Extensions:/System/Library/Java/Extensions:/usr/lib/java:." />
    <property name="javadoc.author" value="false" />
    <property name="manifest.available+main.class-mkdist.available" value="true" />
    <property name="libs.EclipseLink-GlassFish-v3.src" value="" />
    <property name="java.util.logging.config.class" value="org.netbeans.core.startup.TopLogging" />
    <property name="libs.PostgreSQLDriver.src" value="" />
    <property name="sun.arch.data.model" value="64" />
    <property name="basedir" value="/Users/johannesschoeneberg/Desktop/PhD/projects/ReaDDy/gitHub/readdy" />
    <property name="libs.jpa20-persistence.maven-pom" value="" />
    <property name="jar.compress" value="false" />
    <property name="path.separator" value=":" />
    <property name="ant.junit.enabletestlistenerevents" value="true" />
    <property name="sun.io.unicode.encoding" value="UnicodeBig" />
    <property name="libs.jaxws21.classpath" value="/Applications/NetBeans/NetBeans 7.2.1.app/Contents/Resources/NetBeans/ide/modules/ext/jaxb/jaxb-impl.jar:/Applications/NetBeans/NetBeans 7.2.1.app/Contents/Resources/NetBeans/ide/modules/ext/jaxb/jaxb-xjc.jar:/Applications/NetBeans/NetBeans 7.2.1.app/Contents/Resources/NetBeans/java/modules/ext/jaxws22/FastInfoset.jar:/Applications/NetBeans/NetBeans 7.2.1.app/Contents/Resources/NetBeans/java/modules/ext/jaxws22/gmbal-api-only.jar:/Applications/NetBeans/NetBeans 7.2.1.app/Contents/Resources/NetBeans/java/modules/ext/jaxws22/ha-api.jar:/Applications/NetBeans/NetBeans 7.2.1.app/Contents/Resources/NetBeans/java/modules/ext/jaxws22/javax.mail_1.4.jar:/Applications/NetBeans/NetBeans 7.2.1.app/Contents/Resources/NetBeans/java/modules/ext/jaxws22/jaxws-rt.jar:/Applications/NetBeans/NetBeans 7.2.1.app/Contents/Resources/NetBeans/java/modules/ext/jaxws22/jaxws-tools.jar:/Applications/NetBeans/NetBeans 7.2.1.app/Contents/Resources/NetBeans/java/modules/ext/jaxws22/management-api.jar:/Applications/NetBeans/NetBeans 7.2.1.app/Contents/Resources/NetBeans/java/modules/ext/jaxws22/mimepull.jar:/Applications/NetBeans/NetBeans 7.2.1.app/Contents/Resources/NetBeans/java/modules/ext/jaxws22/policy.jar:/Applications/NetBeans/NetBeans 7.2.1.app/Contents/Resources/NetBeans/java/modules/ext/jaxws22/saaj-impl.jar:/Applications/NetBeans/NetBeans 7.2.1.app/Contents/Resources/NetBeans/java/modules/ext/jaxws22/stax-ex.jar:/Applications/NetBeans/NetBeans 7.2.1.app/Contents/Resources/NetBeans/java/modules/ext/jaxws22/stax2-api.jar:/Applications/NetBeans/NetBeans 7.2.1.app/Contents/Resources/NetBeans/java/modules/ext/jaxws22/streambuffer.jar:/Applications/NetBeans/NetBeans 7.2.1.app/Contents/Resources/NetBeans/java/modules/ext/jaxws22/woodstox-core-asl.jar:/Applications/NetBeans/NetBeans 7.2.1.app/Contents/Resources/NetBeans/java/modules/ext/jaxws22/api/jaxws-api.jar:/Applications/NetBeans/NetBeans 7.2.1.app/Contents/Resources/NetBeans/java/modules/ext/jaxws22/api/jsr181-api.jar:/Applications/NetBeans/NetBeans 7.2.1.app/Contents/Resources/NetBeans/java/modules/ext/jaxws22/api/javax.annotation.jar:/Applications/NetBeans/NetBeans 7.2.1.app/Contents/Resources/NetBeans/java/modules/ext/jaxws22/api/saaj-api.jar:/Applications/NetBeans/NetBeans 7.2.1.app/Contents/Resources/NetBeans/ide/modules/ext/jaxb/activation.jar:/Applications/NetBeans/NetBeans 7.2.1.app/Contents/Resources/NetBeans/ide/modules/ext/jaxb/api/jaxb-api.jar:/Applications/NetBeans/NetBeans 7.2.1.app/Contents/Resources/NetBeans/ide/modules/ext/jaxb/api/jsr173_1.0_api.jar" />
    <property name="compile.on.save" value="true" />
    <property name="ant.file.ReaDDy" value="/Users/johannesschoeneberg/Desktop/PhD/projects/ReaDDy/gitHub/readdy/build.xml" />
    <property name="apple.awt.graphics.UseQuartz" value="true" />
    <property name="user.language" value="en" />
    <property name="testng.mode" value="testng" />
    <property name="libs.JAXB-ENDORSED.maven-pom" value="" />
    <property name="libs.spring-framework.classpath" value="/Applications/NetBeans/NetBeans 7.2.1.app/Contents/Resources/NetBeans/ide/modules/org-apache-commons-logging.jar:/Applications/NetBeans/NetBeans 7.2.1.app/Contents/Resources/NetBeans/java/modules/ext/cglib-2.2.jar:/Applications/NetBeans/NetBeans 7.2.1.app/Contents/Resources/NetBeans/java/modules/ext/spring/spring-2.5.6.SEC03.jar" />
    <property name="libs.eclipselink.maven-pom" value="" />
    <property name="application.vendor" value="Jojo" />
    <property name="manifest.available" value="true" />
    <property name="libs.spring-framework300.maven-pom" value="" />
    <property name="run.test.classpath" value="lib/colt.jar:lib/statlab.jar:build/classes:/Applications/NetBeans/NetBeans 7.2.1.app/Contents/Resources/NetBeans/platform/modules/ext/junit-4.10.jar:build/test/classes" />
    <property name="ant.project.invoked-targets" value="test" />
    <property name="libs.swing-layout.javadoc" value="/Applications/NetBeans/NetBeans 7.2.1.app/Contents/Resources/NetBeans/platform/docs/swing-layout-1.0.4-doc.zip" />
    <property name="libs.ejb3-persistence.maven-pom" value="" />
    <property name="gopherProxySet" value="false" />
    <property name="libs.PostgreSQLDriver.maven-pom" value="" />
    <property name="java.class.version" value="51.0" />
    <property name="netbeans.system_http_proxy" value="DIRECT" />
    <property name="libs.eclipselink.javadoc" value="" />
    <property name="user.properties.file" value="/Users/johannesschoeneberg/Library/Application Support/NetBeans/7.2.1/build.properties" />
    <property name="runtime.encoding" value="UTF-8" />
    <property name="libs.spring-framework.src" value="" />
    <property name="libs.javac-api.maven-pom" value="" />
    <property name="file.encoding.pkg" value="sun.io" />
    <property name="sun.cpu.endian" value="little" />
    <property name="libs.JAXB-ENDORSED.javadoc" value="" />
    <property name="libs.JWSAntTasks.classpath" value="/Applications/NetBeans/NetBeans 7.2.1.app/Contents/Resources/NetBeans/java/ant/extra/org-netbeans-modules-javawebstart-anttasks.jar" />
    <property name="libs.spring-framework300.src" value="" />
    <property name="empty.dir" value="/Users/johannesschoeneberg/Desktop/PhD/projects/ReaDDy/gitHub/readdy/build/empty" />
    <property name="version-output" value="java version &quot;1.7" />
    <property name="javadoc.preview" value="true" />
    <property name="socksNonProxyHosts" value="local|*.local|169.254/16|*.169.254/16" />
    <property name="libs.jpa20-persistence.javadoc" value="" />
    <property name="java.home" value="/Library/Java/JavaVirtualMachines/jdk1.7.0_51.jdk/Contents/Home/jre" />
    <property name="debug.test.classpath" value="lib/colt.jar:lib/statlab.jar:build/classes:/Applications/NetBeans/NetBeans 7.2.1.app/Contents/Resources/NetBeans/platform/modules/ext/junit-4.10.jar:build/test/classes" />
    <property name="netbeans.importclass" value="org.netbeans.upgrade.AutoUpgrade" />
    <property name="ant.project.default-target" value="default" />
    <property name="annotation.processing.run.all.processors" value="true" />
    <property name="libs.MyLibrary.classpath" value="/Users/Jojo/NetBeansProjects/IoTools/dist/IoTools.jar" />
    <property name="jar.archive.disabled" value="false" />
    <property name="jnlp.signing.alias" value="" />
    <property name="libs.PostgreSQLDriver.javadoc" value="" />
    <property name="com.sun.mysql.stopcommand" value="/usr/local/mysql/support-files/mysql-admin.server" />
    <property name="libs.MySQLDriver.maven-pom" value="" />
    <property name="ant.file.type.ReaDDy-impl" value="file" />
    <property name="http.nonProxyHosts" value="local|*.local|169.254/16|*.169.254/16" />
    <property name="libs.junit_4.javadoc" value="/Applications/NetBeans/NetBeans 7.2.1.app/Contents/Resources/NetBeans/java/docs/junit-4.10-javadoc.jar" />
    <property name="libs.EclipseLink-GlassFish-v3.maven-pom" value="" />
    <property name="run.classpath" value="lib/colt.jar:lib/statlab.jar:build/classes" />
    <property name="libs.hibernate-support.src" value="" />
    <property name="jna.boot.library.name" value="jnidispatch-340" />
    <property name="sun.awt.datatransfer.timeout" value="1000" />
    <property name="annotation.processing.enabled.in.editor" value="false" />
    <property name="sun.management.compiler" value="HotSpot 64-Bit Tiered Compilers" />
    <property name="javac.deprecation" value="false" />
    <property name="javadoc.use" value="true" />
    <property name="sun.java2d.noddraw" value="true" />
    <property name="javac.processorpath" value="lib/colt.jar:lib/statlab.jar" />
    <property name="javac.compilerargs" value="" />
    <property name="svnkit.http.methods" value="Basic" />
    <property name="ant.file" value="/Users/johannesschoeneberg/Desktop/PhD/projects/ReaDDy/gitHub/readdy/build.xml" />
    <property name="libs.beans-binding.maven-pom" value="" />
    <property name="jnlp.codebase.type" value="no.codebase" />
    <property name="libs.beans-binding.src" value="" />
    <property name="java.vm.specification.vendor" value="Oracle Corporation" />
    <property name="libs.swing-layout.src" value="/Applications/NetBeans/NetBeans 7.2.1.app/Contents/Resources/NetBeans/platform/docs/swing-layout-1.0.4-src.zip" />
    <property name="org.openide.major.version" value="IDE/1" />
    <property name="java.vm.name" value="Java HotSpot(TM) 64-Bit Server VM" />
    <property name="netbeans.user" value="/Users/johannesschoeneberg/Library/Application Support/NetBeans/7.2.1" />
    <property name="tests.failed" value="true" />
    <property name="javadoc.additionalparam" value="" />
    <property name="jnlp.offline-allowed" value="false" />
    <property name="java.io.tmpdir" value="/var/folders/3g/_bpdg45s3zv2x4ktzdvpvsnw0000gn/T/" />
    <property name="java.vendor.url" value="http://java.oracle.com/" />
    <property name="endorsed.classpath.cmd.line.arg" value="" />
    <property name="junit.available" value="true" />
    <property name="org.openide.awt.ActionReference.completion" value="org.netbeans.modules.apisupport.project.layers.PathCompletions" />
    <property name="sun.boot.library.path" value="/Library/Java/JavaVirtualMachines/jdk1.7.0_51.jdk/Contents/Home/jre/lib" />
    <property name="have.sources" value="true" />
    <property name="debug.classpath" value="lib/colt.jar:lib/statlab.jar:build/classes" />
    <property name="javadoc.private" value="false" />
    <property name="test.src.dir" value="test" />
    <property name="libs.MyLibrary.javadoc" value="" />
    <property name="meta.inf.dir" value="src/META-INF" />
    <property name="javadoc.encoding.used" value="UTF-8" />
    <property name="dist.jar" value="dist/ReaDDy.jar" />
    <property name="java.runtime.name" value="Java(TM) SE Runtime Environment" />
    <property name="ant.project.name" value="ReaDDy" />
    <property name="netbeans.hash.code" value="unique=NB_JAVA056e4f842-5fe4-4f9b-9400-70920d741659_f13b8425-b6a4-4f8b-97bd-90bd6ef862dd" />
    <property name="netbeans.default_userdir_root" value="/Users/johannesschoeneberg/Library/Application Support/NetBeans" />
    <property name="manifest.available-mkdist.available" value="true" />
    <property name="sun.cpu.isalist" value="" />
    <property name="libs.CopyLibs.javadoc" value="" />
    <property name="org.openide.specification.version" value="6.2" />
    <property name="libs.hibernate-support.classpath" value="/Applications/NetBeans/NetBeans 7.2.1.app/Contents/Resources/NetBeans/java/modules/ext/hibernate/antlr-2.7.6.jar:/Applications/NetBeans/NetBeans 7.2.1.app/Contents/Resources/NetBeans/java/modules/ext/hibernate/asm.jar:/Applications/NetBeans/NetBeans 7.2.1.app/Contents/Resources/NetBeans/java/modules/ext/hibernate/asm-attrs.jar:/Applications/NetBeans/NetBeans 7.2.1.app/Contents/Resources/NetBeans/java/modules/ext/hibernate/cglib-2.1.3.jar:/Applications/NetBeans/NetBeans 7.2.1.app/Contents/Resources/NetBeans/java/modules/ext/hibernate/commons-collections-2.1.1.jar:/Applications/NetBeans/NetBeans 7.2.1.app/Contents/Resources/NetBeans/ide/modules/org-apache-commons-logging.jar:/Applications/NetBeans/NetBeans 7.2.1.app/Contents/Resources/NetBeans/java/modules/ext/hibernate/dom4j-1.6.1.jar:/Applications/NetBeans/NetBeans 7.2.1.app/Contents/Resources/NetBeans/java/modules/ext/hibernate/ehcache-1.2.3.jar:/Applications/NetBeans/NetBeans 7.2.1.app/Contents/Resources/NetBeans/java/modules/ext/hibernate/jdbc2_0-stdext.jar:/Applications/NetBeans/NetBeans 7.2.1.app/Contents/Resources/NetBeans/java/modules/ext/hibernate/jta.jar:/Applications/NetBeans/NetBeans 7.2.1.app/Contents/Resources/NetBeans/java/modules/ext/hibernate/hibernate3.jar:/Applications/NetBeans/NetBeans 7.2.1.app/Contents/Resources/NetBeans/java/modules/ext/hibernate/hibernate-tools.jar:/Applications/NetBeans/NetBeans 7.2.1.app/Contents/Resources/NetBeans/java/modules/ext/hibernate/hibernate-annotations.jar:/Applications/NetBeans/NetBeans 7.2.1.app/Contents/Resources/NetBeans/java/modules/ext/hibernate/hibernate-commons-annotations.jar:/Applications/NetBeans/NetBeans 7.2.1.app/Contents/Resources/NetBeans/java/modules/ext/hibernate/hibernate-entitymanager.jar:/Applications/NetBeans/NetBeans 7.2.1.app/Contents/Resources/NetBeans/java/modules/ext/hibernate/javassist.jar" />
    <property name="user.home" value="/Users/johannesschoeneberg" />
    <property name="annotation.processing.processors.list" value="" />
    <property name="debug-args-line" value="-Xdebug" />
    <property name="libs.JWSAntTasks.src" value="" />
    <property name="jar.index" value="false" />
    <property name="libs.CopyLibs.maven-pom" value="" />
    <property name="libs.spring-framework300.javadoc" value="" />
    <property name="libs.hibernate-persistence.maven-pom" value="" />
    <property name="libs.absolutelayout.javadoc" value="" />
    <property name="java.specification.name" value="Java Platform API Specification" />
    <property name="do.archive+main.class.available" value="true" />
    <property name="jnlp.mixed.code" value="default" />
    <property name="java.specification.vendor" value="Oracle Corporation" />
    <property name="libs.javac-api.classpath" value="/Applications/NetBeans/NetBeans 7.2.1.app/Contents/Resources/NetBeans/java/modules/ext/nb-javac-api.jar" />
    <property name="java.version" value="1.7.0_51" />
    <property name="run.jvmargs.ide" value="" />
    <property name="javadoc.version" value="false" />
    <property name="libs.MySQLDriver.javadoc" value="" />
    <property name="org.openide.version" value="deprecated" />
    <property name="ant.file.ReaDDy-impl" value="/Users/johannesschoeneberg/Desktop/PhD/projects/ReaDDy/gitHub/readdy/nbproject/build-impl.xml" />
    <property name="source.encoding" value="UTF-8" />
    <property name="ap.cmd.line.internal" value="" />
    <property name="libs.eclipselinkmodelgen.maven-pom" value="" />
    <property name="libs.junit.maven-pom" value="" />
    <property name="libs.eclipselinkmodelgen.javadoc" value="" />
    <property name="netbeans.home+have.tests" value="true" />
    <property name="annotation.processing.processor.options" value="" />
    <property name="libs.testng.maven-pom" value="" />
    <property name="libs.jaxb.src" value="" />
    <property name="work.dir" value="/Users/johannesschoeneberg/Desktop/PhD/projects/ReaDDy/gitHub/readdy" />
    <property name="libs.jaxb.classpath" value="/Applications/NetBeans/NetBeans 7.2.1.app/Contents/Resources/NetBeans/ide/modules/ext/jaxb/jaxb-impl.jar:/Applications/NetBeans/NetBeans 7.2.1.app/Contents/Resources/NetBeans/ide/modules/ext/jaxb/jaxb-xjc.jar:/Applications/NetBeans/NetBeans 7.2.1.app/Contents/Resources/NetBeans/ide/modules/ext/jaxb/jaxb1-impl.jar:/Applications/NetBeans/NetBeans 7.2.1.app/Contents/Resources/NetBeans/ide/modules/ext/jaxb/activation.jar:/Applications/NetBeans/NetBeans 7.2.1.app/Contents/Resources/NetBeans/ide/modules/ext/jaxb/api/jaxb-api.jar:/Applications/NetBeans/NetBeans 7.2.1.app/Contents/Resources/NetBeans/ide/modules/ext/jaxb/api/jsr173_1.0_api.jar" />
    <property name="do.depend" value="false" />
    <property name="com.sun.mysql.startargs" value="start" />
    <property name="dist.javadoc.dir" value="dist/javadoc" />
    <property name="libs.swing-layout.classpath" value="/Applications/NetBeans/NetBeans 7.2.1.app/Contents/Resources/NetBeans/platform/modules/ext/swing-layout-1.0.4.jar" />
    <property name="build.generated.dir" value="build/generated" />
    <property name="javac.source" value="1.5" />
    <property name="libs.hibernate-persistence.src" value="" />
    <property name="line.separator" value="&#xa;" />
    <property name="java.specification.version" value="1.7" />
    <property name="libs.jaxws21.maven-pom" value="" />
    <property name="java.vm.info" value="mixed mode" />
    <property name="nb.junit.batch" value="true" />
    <property name="junit.forkmode" value="perTest" />
    <property name="libs.spring-framework.maven-pom" value="" />
    <property name="sun.boot.class.path" value="/Library/Java/JavaVirtualMachines/jdk1.7.0_51.jdk/Contents/Home/jre/lib/resources.jar:/Library/Java/JavaVirtualMachines/jdk1.7.0_51.jdk/Contents/Home/jre/lib/rt.jar:/Library/Java/JavaVirtualMachines/jdk1.7.0_51.jdk/Contents/Home/jre/lib/sunrsasign.jar:/Library/Java/JavaVirtualMachines/jdk1.7.0_51.jdk/Contents/Home/jre/lib/jsse.jar:/Library/Java/JavaVirtualMachines/jdk1.7.0_51.jdk/Contents/Home/jre/lib/jce.jar:/Library/Java/JavaVirtualMachines/jdk1.7.0_51.jdk/Contents/Home/jre/lib/charsets.jar:/Library/Java/JavaVirtualMachines/jdk1.7.0_51.jdk/Contents/Home/jre/lib/jfr.jar:/Library/Java/JavaVirtualMachines/jdk1.7.0_51.jdk/Contents/Home/jre/classes" />
    <property name="javac.target" value="1.5" />
    <property name="built-jar.properties" value="/Users/johannesschoeneberg/Desktop/PhD/projects/ReaDDy/gitHub/readdy/build/built-jar.properties" />
    <property name="build.test.classes.dir" value="build/test/classes" />
    <property name="src.dir" value="src" />
    <property name="annotation.processing.enabled" value="true" />
    <property name="com.sun.mysql.startcommand" value="/usr/local/mysql/support-files/mysql-admin.server" />
    <property name="libs.jpa20-persistence.src" value="" />
    <property name="file.reference.statlab.jar" value="lib/statlab.jar" />
    <property name="ignore.failing.tests" value="true" />
    <property name="libs.Comet-GlassFish-v3.classpath" value="/Applications/NetBeans/glassfish-3.0.1/glassfish/modules/grizzly-comet.jar" />
    <property name="dist.dir" value="dist" />
    <property name="do.archive+manifest.available+main.class" value="true" />
    <property name="testng.debug.mode" value="" />
    <property name="javac.fork" value="false" />
    <property name="java.awt.printerjob" value="sun.lwawt.macosx.CPrinterJob" />
    <property name="default.javac.source" value="1.7" />
    <property name="com.sun.mysql.stopargs" value="stop" />
    <property name="debug-transport-by-os" value="dt_socket" />
    <property name="libs.MySQLDriver.src" value="" />
    <property name="sun.jnu.encoding" value="UTF-8" />
    <property name="java.runtime.version" value="1.7.0_51-b13" />
    <property name="build.test.results.dir" value="build/test/results" />
    <property name="libs.ejb3-persistence.javadoc" value="" />
    <property name="manifest.available+main.class+mkdist.available" value="true" />
    <property name="jna.platform.library.path" value="/usr/lib:/usr/lib" />
    <property name="default.javac.target" value="1.7" />
    <property name="libs.junit_4.classpath" value="/Applications/NetBeans/NetBeans 7.2.1.app/Contents/Resources/NetBeans/platform/modules/ext/junit-4.10.jar" />
    <property name="user.timezone" value="" />
    <property name="nb.junit.single" value="false" />
    <property name="do.jar" value="true" />
    <property name="netbeans.dirs" value="/Applications/NetBeans/NetBeans 7.2.1.app/Contents/Resources/NetBeans/nb:/Applications/NetBeans/NetBeans 7.2.1.app/Contents/Resources/NetBeans/ergonomics:/Applications/NetBeans/NetBeans 7.2.1.app/Contents/Resources/NetBeans/ide:/Applications/NetBeans/NetBeans 7.2.1.app/Contents/Resources/NetBeans/java:/Applications/NetBeans/NetBeans 7.2.1.app/Contents/Resources/NetBeans/apisupport:/Applications/NetBeans/NetBeans 7.2.1.app/Contents/Resources/NetBeans/webcommon:/Applications/NetBeans/NetBeans 7.2.1.app/Contents/Resources/NetBeans/websvccommon:/Applications/NetBeans/NetBeans 7.2.1.app/Contents/Resources/NetBeans/enterprise:/Applications/NetBeans/NetBeans 7.2.1.app/Contents/Resources/NetBeans/mobility:/Applications/NetBeans/NetBeans 7.2.1.app/Contents/Resources/NetBeans/profiler:/Applications/NetBeans/NetBeans 7.2.1.app/Contents/Resources/NetBeans/python:/Applications/NetBeans/NetBeans 7.2.1.app/Contents/Resources/NetBeans/php:/Applications/NetBeans/NetBeans 7.2.1.app/Contents/Resources/NetBeans/identity:/Applications/NetBeans/NetBeans 7.2.1.app/Contents/Resources/NetBeans/harness:/Applications/NetBeans/NetBeans 7.2.1.app/Contents/Resources/NetBeans/cnd:/Applications/NetBeans/NetBeans 7.2.1.app/Contents/Resources/NetBeans/dlight:/Applications/NetBeans/NetBeans 7.2.1.app/Contents/Resources/NetBeans/groovy:/Applications/NetBeans/NetBeans 7.2.1.app/Contents/Resources/NetBeans/extra:/Applications/NetBeans/NetBeans 7.2.1.app/Contents/Resources/NetBeans/javacard:/Applications/NetBeans/NetBeans 7.2.1.app/Contents/Resources/NetBeans/javafx:" />
    <property name="java.ext.dirs" value="/Users/johannesschoeneberg/Library/Java/Extensions:/Library/Java/JavaVirtualMachines/jdk1.7.0_51.jdk/Contents/Home/jre/lib/ext:/Library/Java/Extensions:/Network/Library/Java/Extensions:/System/Library/Java/Extensions:/usr/lib/java" />
    <property name="libs.MyLibrary.maven-pom" value="" />
    <property name="endorsed.classpath" value="" />
    <property name="libs.absolutelayout.classpath" value="/Applications/NetBeans/NetBeans 7.2.1.app/Contents/Resources/NetBeans/java/modules/ext/AbsoluteLayout.jar" />
    <property name="excludes" value="" />
    <property name="java.class.path" value="/Users/johannesschoeneberg/Desktop/PhD/projects/ReaDDy/gitHub/readdy/lib/colt.jar:/Users/johannesschoeneberg/Desktop/PhD/projects/ReaDDy/gitHub/readdy/lib/statlab.jar:/Users/johannesschoeneberg/Desktop/PhD/projects/ReaDDy/gitHub/readdy/build/classes:/Applications/NetBeans/NetBeans 7.2.1.app/Contents/Resources/NetBeans/platform/modules/ext/junit-4.10.jar:/Users/johannesschoeneberg/Desktop/PhD/projects/ReaDDy/gitHub/readdy/build/test/classes:/Applications/NetBeans/NetBeans 7.2.1.app/Contents/Resources/NetBeans/java/ant/lib/ant-launcher.jar:/Applications/NetBeans/NetBeans 7.2.1.app/Contents/Resources/NetBeans/java/ant/lib/ant.jar:/Applications/NetBeans/NetBeans 7.2.1.app/Contents/Resources/NetBeans/java/ant/lib/ant-junit.jar:/Applications/NetBeans/NetBeans 7.2.1.app/Contents/Resources/NetBeans/java/ant/lib/ant-junit4.jar" />
    <property name="apple.laf.useScreenMenuBar" value="true" />
    <property name="do.mkdist" value="true" />
    <property name="libs.absolutelayout.src" value="" />
    <property name="libs.jpa20-persistence.classpath" value="/Applications/NetBeans/NetBeans 7.2.1.app/Contents/Resources/NetBeans/java/modules/ext/eclipselink/javax.persistence-2.0.3.jar" />
    <property name="os.version" value="10.9.4" />
    <property name="application.args" value="" />
    <property name="libs.EclipseLink-GlassFish-v3.javadoc" value="/Applications/NetBeans/NetBeans 6.9.app/Contents/Resources/NetBeans/enterprise/docs/javaee6-doc-api.zip" />
    <property name="main.class.available" value="true" />
    <property name="sun.awt.enableExtraMouseButtons" value="true" />
    <property name="libs.Comet-GlassFish-v3.src" value="" />
    <property name="libs.JAXB-ENDORSED.classpath" value="/Applications/NetBeans/NetBeans 7.2.1.app/Contents/Resources/NetBeans/ide/modules/ext/jaxb/api/jaxb-api.jar" />
    <property name="libs.eclipselink.classpath" value="/Applications/NetBeans/NetBeans 7.2.1.app/Contents/Resources/NetBeans/java/modules/ext/eclipselink/eclipselink-2.3.2.jar:/Applications/NetBeans/NetBeans 7.2.1.app/Contents/Resources/NetBeans/java/modules/ext/eclipselink/javax.persistence-2.0.3.jar:/Applications/NetBeans/NetBeans 7.2.1.app/Contents/Resources/NetBeans/java/modules/ext/eclipselink/org.eclipse.persistence.jpa.jpql_1.0.1.jar" />
    <property name="libs.beans-binding.javadoc" value="/Applications/NetBeans/NetBeans 7.2.1.app/Contents/Resources/NetBeans/java/docs/beansbinding-1.2.1-doc.zip" />
    <property name="java.awt.graphicsenv" value="sun.awt.CGraphicsEnvironment" />
    <property name="java.vm.vendor" value="Oracle Corporation" />
    <property name="libs.CopyLibs.classpath" value="/Applications/NetBeans/NetBeans 7.2.1.app/Contents/Resources/NetBeans/java/ant/extra/org-netbeans-modules-java-j2seproject-copylibstask.jar" />
    <property name="libs.spring-framework300.classpath" value="/Applications/NetBeans/NetBeans 7.2.1.app/Contents/Resources/NetBeans/ide/modules/org-apache-commons-logging.jar:/Applications/NetBeans/NetBeans 7.2.1.app/Contents/Resources/NetBeans/java/modules/ext/cglib-2.2.jar:/Applications/NetBeans/NetBeans 7.2.1.app/Contents/Resources/NetBeans/java/modules/ext/spring-3.0/spring-aop-3.1.1.RELEASE.jar:/Applications/NetBeans/NetBeans 7.2.1.app/Contents/Resources/NetBeans/java/modules/ext/spring-3.0/spring-asm-3.1.1.RELEASE.jar:/Applications/NetBeans/NetBeans 7.2.1.app/Contents/Resources/NetBeans/java/modules/ext/spring-3.0/spring-aspects-3.1.1.RELEASE.jar:/Applications/NetBeans/NetBeans 7.2.1.app/Contents/Resources/NetBeans/java/modules/ext/spring-3.0/spring-beans-3.1.1.RELEASE.jar:/Applications/NetBeans/NetBeans 7.2.1.app/Contents/Resources/NetBeans/java/modules/ext/spring-3.0/spring-context-3.1.1.RELEASE.jar:/Applications/NetBeans/NetBeans 7.2.1.app/Contents/Resources/NetBeans/java/modules/ext/spring-3.0/spring-context-support-3.1.1.RELEASE.jar:/Applications/NetBeans/NetBeans 7.2.1.app/Contents/Resources/NetBeans/java/modules/ext/spring-3.0/spring-core-3.1.1.RELEASE.jar:/Applications/NetBeans/NetBeans 7.2.1.app/Contents/Resources/NetBeans/java/modules/ext/spring-3.0/spring-expression-3.1.1.RELEASE.jar:/Applications/NetBeans/NetBeans 7.2.1.app/Contents/Resources/NetBeans/java/modules/ext/spring-3.0/spring-instrument-3.1.1.RELEASE.jar:/Applications/NetBeans/NetBeans 7.2.1.app/Contents/Resources/NetBeans/java/modules/ext/spring-3.0/spring-instrument-tomcat-3.1.1.RELEASE.jar:/Applications/NetBeans/NetBeans 7.2.1.app/Contents/Resources/NetBeans/java/modules/ext/spring-3.0/spring-jdbc-3.1.1.RELEASE.jar:/Applications/NetBeans/NetBeans 7.2.1.app/Contents/Resources/NetBeans/java/modules/ext/spring-3.0/spring-jms-3.1.1.RELEASE.jar:/Applications/NetBeans/NetBeans 7.2.1.app/Contents/Resources/NetBeans/java/modules/ext/spring-3.0/spring-orm-3.1.1.RELEASE.jar:/Applications/NetBeans/NetBeans 7.2.1.app/Contents/Resources/NetBeans/java/modules/ext/spring-3.0/spring-oxm-3.1.1.RELEASE.jar:/Applications/NetBeans/NetBeans 7.2.1.app/Contents/Resources/NetBeans/java/modules/ext/spring-3.0/spring-test-3.1.1.RELEASE.jar:/Applications/NetBeans/NetBeans 7.2.1.app/Contents/Resources/NetBeans/java/modules/ext/spring-3.0/spring-tx-3.1.1.RELEASE.jar:/Applications/NetBeans/NetBeans 7.2.1.app/Contents/Resources/NetBeans/java/modules/ext/spring-3.0/spring-web-3.1.1.RELEASE.jar:/Applications/NetBeans/NetBeans 7.2.1.app/Contents/Resources/NetBeans/java/modules/ext/spring-3.0/spring-webmvc-portlet-3.1.1.RELEASE.jar:/Applications/NetBeans/NetBeans 7.2.1.app/Contents/Resources/NetBeans/java/modules/ext/spring-3.0/spring-webmvc-3.1.1.RELEASE.jar:/Applications/NetBeans/NetBeans 7.2.1.app/Contents/Resources/NetBeans/java/modules/ext/spring-3.0/spring-struts-3.1.1.RELEASE.jar" />
    <property name="run.jvmargs" value="" />
    <property name="libs.ejb3-persistence.classpath" value="/Applications/NetBeans/NetBeans 7.2.1.app/Contents/Resources/NetBeans/java/modules/ext/hibernate/ejb3-persistence.jar" />
    <property name="libs.JAXB-ENDORSED.src" value="" />
    <property name="libs.spring-framework.javadoc" value="" />
    <property name="libs.testng.javadoc" value="/Applications/NetBeans/NetBeans 7.2.1.app/Contents/Resources/NetBeans/platform/docs/testng-6.5.1-javadoc.zip" />
    <property name="libs.PostgreSQLDriver.classpath" value="/Applications/NetBeans/NetBeans 7.2.1.app/Contents/Resources/NetBeans/ide/modules/ext/postgresql-9.1-901.jdbc4.jar" />
    <property name="ant.file.type.ReaDDy" value="file" />
    <property name="jnlp.signing" value="" />
    <property name="libs.junit.src" value="" />
    <property name="annotation.processing.source.output" value="build/generated-sources/ap-source-output" />
    <property name="jnlp.signed" value="false" />
    <property name="main.class" value="readdy.Main" />
    <property name="libs.CopyLibs.src" value="" />
    <property name="build.dir" value="build" />
    <property name="ant.version" value="Apache Ant(TM) version 1.8.3 compiled on February 26 2012" />
    <property name="file.encoding" value="US-ASCII" />
    <property name="build.classes.excludes" value="**/*.java,**/*.form" />
    <property name="jdkBug6558476" value="false" />
    <property name="javadoc.nonavbar" value="false" />
    <property name="platform.active" value="default_platform" />
    <property name="awt.toolkit" value="sun.lwawt.macosx.LWCToolkit" />
  </properties>
  <testcase classname="readdy.impl.sim.core.bd.DiffusionEngineTest" name="testPropagateSingle" time="0.125" />
  <testcase classname="readdy.impl.sim.core.bd.DiffusionEngineTest" name="testPropagatePair" time="0.072" />
  <system-out><![CDATA[ParticleParametersTEST...:

parse globalParameters...
parsing param_global file: /Users/johannesschoeneberg/Desktop/PhD/projects/ReaDDy/gitHub/readdy/./test/testInputFiles/test_default/param_global.xml
... done.
parse ParamParticles
parsing param_particles file: /Users/johannesschoeneberg/Desktop/PhD/projects/ReaDDy/gitHub/readdy/./test/testInputFiles/test_default/param_particles.xml
... done.
parsing tplgy_potentials file: /Users/johannesschoeneberg/Desktop/PhD/projects/ReaDDy/gitHub/readdy/./test/testInputFiles/test_default/tplgy_potentials.xml
... done.
p1 new coords a 15.0, 5.0, 5.0
p1 new coords aa 14.878519976087167, 4.934664921809283, 3.117877126196463
p1 new coords aa 14.945421608096975, 5.012152224437254, 1.7501685735870485
p1 new coords aa 14.533375216025922, 4.846041595263271, 1.0556970816438243
p1 new coords aa 14.67128960737522, 4.7358424603631, 0.22718513357670744
p1 new coords aa 14.420658694138618, 4.735784705857862, 0.05904543248672778
p1 new coords aa 14.331974522682623, 4.774716990805877, -0.08335476327649463
p1 new coords aa 14.197267648320679, 4.741872593137854, -0.4025395807590917
p1 new coords aa 14.250672731512498, 4.697812431175584, -0.18886305303591758
p1 new coords aa 13.905615577612064, 4.627756182586715, 0.011102375144406845
p1 new coords aa 13.768949959260969, 4.497512883295159, 0.125285716030811
p1 new coords aa 13.67716305165011, 4.534431040424722, 0.24901410899246906
p1 new coords aa 13.90582587237182, 4.538026477533522, 0.4233106322281125
p1 new coords aa 13.959082273094596, 4.677096558546557, 0.3589557092814999
p1 new coords aa 14.06831570652676, 4.891107772699949, 0.25500461932697505
p1 new coords aa 14.146215226504017, 4.977654835447147, 0.022846209319257293
p1 new coords aa 14.171622962836178, 4.68257460121372, 0.09441348054364931
p1 new coords aa 14.201754797671287, 4.768749561548576, 0.08657005644008388
p1 new coords aa 14.398218593180733, 4.869296235381438, -0.05733655014069304
p1 new coords aa 14.41981469967256, 4.833395232236084, -0.048138106196688624
p1 new coords aa 14.58069930999151, 4.958014078160421, -0.1071748231312727
p1 new coords aa 14.799860108895292, 4.941440627099166, 0.021382877030313927
p1 new coords aa 14.867890699501258, 4.93989923947875, -0.11603536816444994
p1 new coords aa 14.875612732039194, 4.810391530197836, 0.14549439676852077
p1 new coords aa 14.59692385096762, 4.824158644143213, 0.010776886117989298
p1 new coords aa 14.765410369295534, 4.672504426226805, 0.13987101702548654
p1 new coords aa 14.604439466757022, 4.914093486359209, 0.15632414994238045
p1 new coords aa 14.314776859022361, 4.8313555031961695, -0.14601716992526156
p1 new coords aa 13.960671345256051, 4.691591566577125, -0.10945404408816992
p1 new coords aa 13.855002273302132, 4.65577476140525, -0.4283320040392842
p1 new coords aa 13.72751546856079, 4.58332735290637, -0.3800607487766612
p1 new coords aa 13.751124279755516, 4.828782141083476, -0.3490148179092303
p1 new coords aa 13.74905245847365, 4.66641009613395, -0.28862074358843237
p1 new coords aa 13.736368223482675, 4.673004270924835, -0.39044831916123923
p1 new coords aa 13.770503056398926, 4.333317874429573, -0.3439699595643165
p1 new coords aa 13.80924108710788, 4.277183167326969, -0.29814073714543377
p1 new coords aa 13.754671478889577, 4.261050334594513, -0.05325048510016578
p1 new coords aa 13.912609676261512, 4.163037262901793, 0.10615235538496526
p1 new coords aa 13.651322847678948, 4.168583316441543, 0.17296811857024555
p1 new coords aa 13.448918171015826, 4.184607094734071, 0.23975001505121066
p1 new coords aa 13.742887527712655, 4.252851563105369, 0.16679562017145194
p1 new coords aa 13.882039133102024, 4.416936815250738, 0.3746347632285722
p1 new coords aa 13.741451183404102, 4.468586006721968, 0.1522092903734156
p1 new coords aa 13.706155790626985, 4.379774368808618, 0.0672235964399397
p1 new coords aa 13.816788814984298, 4.434103471330518, -0.021102541004445002
p1 new coords aa 13.879494735368585, 4.2069471908297205, 0.004345609060644465
p1 new coords aa 13.94038446493942, 4.160387379412997, 0.08654343863189083
p1 new coords aa 14.023183667777074, 4.136404399052138, 0.01844551311604392
p1 new coords aa 13.998732417077758, 4.191225958863522, 0.2071539553787033
p1 new coords aa 14.083405219703916, 4.2777986998433954, -0.10817662700190311
p1 new coords aa 14.228262038743122, 4.3960578379586135, -4.046126320914056E-5
p1 new coords aa 14.10142176902423, 4.227429482389794, 0.03634209119674669
p1 new coords aa 13.7987016719373, 4.244180233727027, 0.19530397510126057
p1 new coords aa 13.552950863858873, 4.058804733981128, 0.1583156045384697
p1 new coords aa 13.99059228625668, 3.9047950974897523, -0.09491887759381412
p1 new coords aa 13.823553378251084, 3.851382710084014, -0.052613325158004695
p1 new coords aa 13.671033143134899, 3.90920120503335, -0.1609717397735102
p1 new coords aa 13.443025195387927, 4.0954355260086786, 0.027607693311203163
p1 new coords aa 13.40606984098462, 3.9840587557316405, -0.3182780261485554
p1 new coords aa 13.55742797339211, 3.9747504859409037, -0.3647610176301329
p1 new coords aa 13.517357200334256, 3.820971256493563, -0.4839050406778711
p1 new coords aa 13.518973072383332, 3.7804453066170813, -0.07987826589536928
p1 new coords aa 13.29062041480388, 3.755049048007908, -0.03131610207577517
p1 new coords aa 13.463189475081533, 3.620247783249307, 0.14878717486872234
p1 new coords aa 13.3025735158989, 3.639620673356446, 0.28463893233783577
p1 new coords aa 13.327177815116436, 3.641592246061747, 0.16917661703710318
p1 new coords aa 13.30042716003007, 3.9419623992086876, 0.26020267456320906
p1 new coords aa 13.283933791623301, 4.085878036632787, 0.3480384077213494
p1 new coords aa 13.536167997134182, 4.071284865179892, 0.04494065445540851
p1 new coords aa 13.264058150594426, 3.9943084935076163, -0.1895180893219619
p1 new coords aa 13.171284541054089, 4.061255384770208, -0.02768406411086305
p1 new coords aa 13.180261242410477, 3.8249367695805616, -0.08257277753427854
p1 new coords aa 13.333522521297175, 3.6193877781260957, -0.06236131588707688
p1 new coords aa 13.515493143134298, 3.694032209175496, 0.03946227168472966
p1 new coords aa 13.433969439383452, 3.85076743123856, 0.06598012510654992
p1 new coords aa 13.589309696971117, 3.9808251228356846, 0.040423546470921085
p1 new coords aa 13.557375519690916, 3.670243949109712, 0.2794611835691375
p1 new coords aa 13.771962374672489, 3.8911678715701257, 0.12345607413300047
p1 new coords aa 13.924306579889597, 4.1746192493731975, 0.13690770462350949
p1 new coords aa 13.750950964245035, 4.247612559066159, 0.054452668902341364
p1 new coords aa 13.342541828159812, 4.199764091863136, 0.09566863409790877
p1 new coords aa 13.328005000484309, 4.003895557171389, 0.3722198155736882
p1 new coords aa 13.428308061706984, 3.694471864640552, 0.043240867577681696
p1 new coords aa 13.495195428829602, 3.816864862506406, -0.04892477848238949
p1 new coords aa 13.429224135831921, 3.6779235506066787, 0.021289032644218636
p1 new coords aa 13.25964889666307, 3.5603628353074726, 0.04999107881337869
p1 new coords aa 13.21352529920584, 3.4377170703139033, -0.01988372781994241
p1 new coords aa 13.256480608918825, 3.5003443627835553, -0.0958308006669169
p1 new coords aa 13.577427491409692, 3.5306807942623117, -0.2866591097694034
p1 new coords aa 13.51428760497034, 3.5775920831604147, -0.312834977953446
p1 new coords aa 13.683165803540831, 3.5247956749346545, -0.14694093346717707
p1 new coords aa 13.62784348128217, 3.6656282686821875, -0.24486583670690446
p1 new coords aa 13.644056665500633, 3.499233328641805, -0.1855971308706185
p1 new coords aa 13.647741695633538, 3.3776311885536985, -0.1445596304806664
p1 new coords aa 13.562904729367345, 3.6154028292649576, 0.01396017191858806
p1 new coords aa 13.63260961415381, 3.8950421651218248, -0.13047838912003532
p1 new coords aa 13.6771103579379, 3.9699895429666063, -0.18845149931183702
p1 new coords aa 13.757597898418242, 3.8361565681446064, -0.3350652293067
p1 new coords aa 13.502434545786716, 3.6630998775703096, -0.3298075772948363
p1 new coords aa 13.638788322331916, 3.426516463029367, -0.24319737548264647
p1 new coords aa 13.761688282084146, 3.5610581603917213, -0.15617439213373327
p1 new coords aa 13.519689052591833, 3.533819544546713, -0.17986710080178248
p1 new coords aa 13.675675724926807, 3.4159914099150344, -0.1797001043166085
p1 new coords aa 13.57053012318285, 3.5652677794753136, -0.14484322448420012
p1 new coords aa 13.731362692520028, 3.4794962850579396, 0.09053531015572186
p1 new coords aa 13.764419266868568, 3.5307326551727556, 0.062284708478230214
p1 new coords aa 13.713284116057304, 3.4350243592752223, 0.05049092866196963
p1 new coords aa 13.899541063158008, 3.388889577762339, 0.21279121426940506
p1 new coords aa 13.617796210890894, 3.6401757184597914, -0.019356018959027776
p1 new coords aa 13.48160599084659, 3.465096389847378, -0.1595752029442642
p1 new coords aa 13.608751057229203, 3.533510938580937, -0.2669814540560641
p1 new coords aa 13.58034470449122, 3.6811400645533303, -0.0018235824051250904
p1 new coords aa 13.48210709903181, 3.6020297965294965, 0.007921005003427416
p1 new coords aa 13.542184497862852, 3.5890620037150596, -0.1392359878600192
p1 new coords aa 13.737590944378866, 3.424994059678772, -0.2772628999700695
p1 new coords aa 13.492978263622494, 3.0313300795770277, -0.188097733670001
p1 new coords aa 13.462380178298034, 2.7506302670610014, 0.004868072909325061
p1 new coords aa 13.666790435518411, 2.7763365145436696, 0.07031443047135272
p1 new coords aa 13.940941968272973, 2.7609812629136194, 0.21410572971169026
p1 new coords aa 13.933652683529072, 2.7797786108533757, 0.03415055678478418
p1 new coords aa 13.966842693174208, 2.7593506758690127, -0.05111587047877407
p1 new coords aa 13.897299203094294, 2.828617278121902, -0.09134585149216398
p1 new coords aa 13.981281876968994, 2.6800435486833076, 0.07961770374357155
p1 new coords aa 14.029678310279351, 2.621071006095569, -0.0031086153176325404
p1 new coords aa 14.21759278933908, 2.717091158007819, 0.1578502417479372
p1 new coords aa 14.28598968075891, 2.6276086293921175, 0.07231033854771972
p1 new coords aa 14.1490532949116, 2.728401617500734, 0.11734564497893503
p1 new coords aa 14.203912696521737, 2.747027531183567, 0.21436495862826022
p1 new coords aa 14.203619930571584, 2.5013479965217194, 0.14750032388349305
p1 new coords aa 13.992545352352712, 2.7104472368803565, 0.23316967115400627
p1 new coords aa 14.047859440933244, 2.7922143009151785, -0.11619405308250824
p1 new coords aa 14.028782423226431, 2.7867390259690907, 0.1671710093367177
p1 new coords aa 14.34634824126839, 2.884792290830968, -0.13400863107427563
p1 new coords aa 14.24036139485874, 2.8451022799662518, -0.07374510963747
p1 new coords aa 14.275539555118147, 2.7590367220457237, 0.006202848489132343
p1 new coords aa 14.417877430577029, 3.0923559510985252, -0.18639875511950482
p1 new coords aa 14.499212804629742, 3.4013498192539933, -0.11180824127572078
p1 new coords aa 14.524412646686992, 3.440485497371915, -0.2647879158792056
p1 new coords aa 14.489986511977325, 3.5721265182204536, -0.3839536793735078
p1 new coords aa 14.37703974644342, 3.637694760050302, 0.04936890340230726
p1 new coords aa 14.19540645728805, 3.7324464152588095, 0.2627586880005843
p1 new coords aa 14.051641719781056, 3.828369749010871, 0.33801920529264345
p1 new coords aa 13.717703584884465, 3.956364952599822, 0.2369524783275803
p1 new coords aa 13.803620891479188, 4.008982321747825, 0.6064258554852178
p1 new coords aa 13.786763893045919, 3.8093703708839275, 0.23748884609436838
p1 new coords aa 13.706752201411799, 3.6645340489294336, 0.37656300855888303
p1 new coords aa 13.791931469505156, 3.697054165212304, 0.42132390959372124
p1 new coords aa 13.484884846586747, 3.8431041923241622, 0.02146774198855561
p1 new coords aa 13.38009014790873, 4.133921009063923, -0.10872992542332574
p1 new coords aa 13.646731454416576, 4.202102575074079, 0.07247702049134805
p1 new coords aa 13.837449588936753, 4.112088560366812, 0.12339905140908616
p1 new coords aa 13.63945133280133, 4.0420022411703345, 0.12339392970649667
p1 new coords aa 13.651871016406483, 4.197654188178319, 0.0942946371043937
p1 new coords aa 13.622427492430681, 3.948763515633654, 0.001580010283824651
p1 new coords aa 13.626265316087096, 3.8457396729458315, 0.08114058916589509
p1 new coords aa 13.766533439275353, 4.02845280309475, 0.15475583833619683
p1 new coords aa 13.56415472907127, 4.026478051936485, -0.04396001264052635
p1 new coords aa 13.662224937836381, 4.224976578755703, -0.005894077461715233
p1 new coords aa 13.430090220764209, 4.345683469644957, -0.05525046031785225
p1 new coords aa 13.550635770477246, 4.354368131929247, 0.09420436740949012
p1 new coords aa 13.606710112545882, 4.542589548391784, -0.24516301005520647
p1 new coords aa 13.46336308220855, 4.475481289281078, -0.20887798140546496
p1 new coords aa 13.628324863335315, 4.809195576544461, 0.03662085116455241
p1 new coords aa 13.491024257491471, 4.599213450208943, 0.1536447158988722
p1 new coords aa 13.594391734737021, 4.69295788091883, 0.1426783121666627
p1 new coords aa 13.715574027873641, 4.7363797049167555, -0.14733544508706164
p1 new coords aa 13.77689447823776, 4.860545187753461, -0.1658770493520256
p1 new coords aa 13.901088547742344, 4.911573511317908, -0.08416393762375003
p1 new coords aa 14.060984492379502, 4.763902092586338, 0.0010498882734601978
p1 new coords aa 14.106090172342654, 4.734901837347761, -0.2375740160988473
p1 new coords aa 14.218976037490396, 4.477928437024609, -0.23962703165595223
p1 new coords aa 14.325658980032925, 4.5697163101399125, -0.2191654017846802
p1 new coords aa 14.39752309955504, 4.336892676302552, -0.28786644010689444
p1 new coords aa 14.443887326641942, 4.439790414909786, -0.37541532701390135
p1 new coords aa 14.686738426539135, 4.447199950640658, -0.27085312371637427
p1 new coords aa 14.731155884389695, 4.638573106579357, -0.16049949382177045
p1 new coords aa 14.620118260221274, 4.660345504565357, -0.00609036287453521
p1 new coords aa 14.798971238077442, 4.87794546377526, -0.0806802247097187
p1 new coords aa 14.781243410113998, 4.772971701650004, -0.15014960698813384
p1 new coords aa 14.560916266480534, 4.5973097336319295, -0.2965754291997338
p1 new coords aa 14.395815694779253, 4.649998308229837, -0.13325623667581493
p1 new coords aa 14.432932125532522, 4.5001615849668655, 0.06102618392177117
p1 new coords aa 14.39783534213837, 4.515206625144114, 0.1865678415624217
p1 new coords aa 14.369424220783936, 4.433125682899633, 0.04296890607566972
p1 new coords aa 14.518164778344104, 4.776905804206479, 0.10178547928003484
p1 new coords aa 14.71862161534583, 4.558550252043209, 0.19571219085632272
p1 new coords aa 14.771537123496918, 4.327484054935858, 0.07122775930682268
p1 new coords aa 14.486156084961102, 4.454047157102529, 0.05447930271568647
p1 new coords aa 14.434217890911507, 4.337077500692898, 0.09286925445252778
p1 new coords aa 14.217837653789367, 4.27252299971361, 0.44966470450352203
p1 new coords aa 14.189889368402019, 4.517383203522909, 0.14571066843856517
p1 new coords aa 14.080566160768074, 4.349617840042086, -0.08675101910869315
p1 new coords aa 13.993258949340529, 4.494471514275075, 0.07915419215446823
p1 new coords aa 14.159298251043827, 4.697368645341328, 0.3383472346186767
p1 new coords aa 14.208784141988458, 4.897411157699325, 0.19733193157605183
p1 new coords aa 14.139516005699107, 4.94966187993088, -0.008263851246708531
p1 new coords aa 14.392832134808225, 4.9534926905976535, 0.07462596276397825
p1 new coords aa 14.288397595226517, 4.794563977651181, 0.022086504493783125
p1 new coords aa 13.915336385455353, 4.688351371092827, 0.033315388869981186
p1 new coords aa 13.929241793090847, 4.649712357120171, -0.08504406872014285
p1 new coords aa 14.111908150296294, 4.648926942973215, -0.017432583016946293
p1 new coords aa 13.883074241514853, 4.485749020238796, -0.1009910205040579
p1 new coords aa 14.002063320855985, 4.600802043677079, -0.16700303227324315
p1 new coords aa 14.071756342375378, 4.720801831161681, -0.2427660101530042
p1 new coords aa 14.092907070684868, 4.427333886144498, -0.10003162933864196
p1 new coords aa 14.142108619926583, 4.51751666369431, -0.06704443603564979
p1 new coords aa 14.021534175437516, 4.39580686641473, -0.29679897807175365
p1 new coords aa 14.071758248912941, 4.387350194310868, -0.2476816271975121
p1 new coords aa 14.06821348729826, 4.379978558876372, -0.24888588864493674
p1 new coords aa 14.253639021845252, 4.486072597251508, 0.048511787869052886
p1 new coords aa 13.978796624734253, 4.49961918935314, 0.03672804604323659
p1 new coords aa 14.292880494333847, 4.52841171783414, 0.0587924042024522
p1 new coords aa 14.511500410419375, 4.656948058206177, 0.11818842545681195
p1 new coords aa 14.334620931795786, 4.671298557020333, -0.07767001293911814
p1 new coords aa 14.404777426814332, 4.677533026725705, -0.27148705090302666
p1 new coords aa 14.155944759843358, 4.855399721382792, -0.11749067252264567
p1 new coords aa 14.19796741439024, 4.9890183442630835, -0.2505620897654245
p1 new coords aa 14.139170573795793, 4.963561967171249, -0.04095003378465417
p1 new coords aa 14.149388293885973, 5.052499086143535, -0.1868837535959741
p1 new coords aa 14.28507462108842, 5.031701255372519, -0.0734699116947399
p1 new coords aa 14.456597631110634, 5.107907515417386, -0.007044304797655582
p1 new coords aa 14.327905808087575, 5.106804720508634, -0.06374676290785691
p1 new coords aa 14.337121139627316, 5.212224023218864, -0.33852214946916115
p1 new coords aa 14.345856418061729, 5.161850365255095, -0.45131107202152954
p1 new coords aa 14.175649923755735, 5.009142222456654, -0.39175232109003316
p1 new coords aa 14.41813629094076, 4.675841578940109, -0.5191060123503672
p1 new coords aa 14.543287258912718, 4.878141124239654, -0.1468219298744161
p1 new coords aa 14.808835434265374, 4.728890050911661, -0.2273812881560452
p1 new coords aa 14.814761047631173, 4.663409126741034, -0.27083817468879795
p1 new coords aa 14.818874529834895, 4.530405733341629, -0.13740588030401574
p1 new coords aa 14.771788784171152, 4.301777100042576, 0.23406392730913989
p1 new coords aa 14.643434377462347, 4.152873692021599, 0.19295988549885223
p1 new coords aa 14.424621757367525, 4.160834085114372, 0.21574205292987125
p1 new coords aa 14.278063736837506, 3.8687236926261637, 0.27484264279356896
p1 new coords aa 13.954850543811386, 3.744696064844622, 0.49953859129911427
p1 new coords aa 14.008692612515262, 3.7341016221731396, 0.2945871569650609
p1 new coords aa 13.896716253935255, 3.7503398185546573, 0.24770856738089486
p1 new coords aa 13.975630454363543, 3.759316586182127, 0.02883727547081405
p1 new coords aa 14.020918091154261, 3.8073040700406384, -0.15642871727343424
p1 new coords aa 14.025693444926677, 3.8156541119803578, -0.1496228899321449
p1 new coords aa 14.028377304342508, 3.945787103079867, -0.13362518436721038
p1 new coords aa 13.808835559849296, 3.938848591191087, -0.16439667222543305
p1 new coords aa 13.69789811240183, 3.823781887570787, -0.16041177871890386
p1 new coords aa 13.758559434230444, 3.9745608636264578, -0.1428967030297535
p1 new coords aa 13.61156979206498, 3.966448301375993, 0.05010304379052863
p1 new coords aa 13.619813965973774, 3.99568289064927, 0.030114162834682198
p1 new coords aa 13.533458646918776, 4.269442198649515, 2.3683360901988887E-4
p1 new coords aa 13.46889172793603, 4.132146441313434, -0.03073776163199451
p1 new coords aa 13.545348973348998, 4.2098953267538, 0.011427615086819349
p1 new coords aa 13.52025239392009, 4.280632374038828, 0.24596717491122813
p1 new coords aa 13.624602943341364, 3.9125778118097996, 0.2905338502453219
p1 new coords aa 13.630064911628466, 4.027828594177845, 0.069314034852659
p1 new coords aa 13.47472236918007, 4.0763334800197395, -0.10483634557503876
p1 new coords aa 13.525846093276671, 4.1858493275569515, -0.09595304627021803
p1 new coords aa 13.473042733658366, 4.162403124763552, 0.16714890082739045
p1 new coords aa 13.603192453041729, 4.160135600123714, 0.04683059046847858
p1 new coords aa 13.67744692938146, 4.074528731145576, 0.3141369962667683
p1 new coords aa 13.67254894113439, 4.059986285163876, 0.11255441549321527
p1 new coords aa 13.688159499417669, 4.16594528990783, 0.030681923052500767
p1 new coords aa 13.750935507635925, 4.379388147425488, 0.07755555974803088
p1 new coords aa 13.52853946005819, 4.3171816607066935, -0.10471049860197426
p1 new coords aa 13.465033973840216, 4.371020918854177, 0.01067411505694671
p1 new coords aa 13.48511359282717, 4.189492944057482, 0.296151960599615
p1 new coords aa 13.452394007280681, 4.189391136683765, 0.08994401184504616
p1 new coords aa 13.295557762775047, 4.120854570787996, 0.2658482766743776
p1 new coords aa 13.2518352124422, 4.206085604570333, 0.2137215051716066
p1 new coords aa 13.278406103949528, 4.214480697392716, 0.07593056725234965
p1 new coords aa 13.363536658621728, 4.1982020193041105, 0.24398508775471053
p1 new coords aa 13.413124761811096, 4.255878303371373, 0.16657285812431583
p1 new coords aa 13.344314226218554, 4.575816869991157, -0.0013924735639867514
p1 new coords aa 13.253415183599989, 4.653310253278283, 0.10745612727250342
p1 new coords aa 13.066497962504402, 4.539406055924953, 0.1606890355962981
p1 new coords aa 13.100397260524662, 4.641359583966692, 0.3067655986066379
p1 new coords aa 12.928135771908986, 4.667472472281674, 0.2004777463540418
p1 new coords aa 12.968911345663063, 4.610041079113341, 0.3350504278192736
p1 new coords aa 12.910793401879156, 4.6816895129900455, 0.04871175079306839
p1 new coords aa 12.812917398010054, 4.558415276886777, -0.011499941297831162
p1 new coords aa 12.93967210140753, 4.616401593373425, 0.007898749305305902
p1 new coords aa 12.788188020940003, 4.804248326498666, -0.05943155564605403
p1 new coords aa 12.946588628153995, 4.737304765567922, -0.09933436327062353
p1 new coords aa 12.94452792573765, 4.842489058128368, 0.17210187261925206
p1 new coords aa 12.723433263471994, 4.655063407931608, 0.022450538382925322
p1 new coords aa 13.020756894868153, 4.494728010325586, 0.05887470485423149
p1 new coords aa 13.098204347680747, 4.298679967423022, 0.17799003905144753
p1 new coords aa 13.424058812452008, 4.4253384907530045, 0.002474974486161713
p1 new coords aa 13.443632296045052, 4.291557291650673, 0.1261353465805185
p1 new coords aa 13.480677108707761, 4.036148444920691, 0.0969362234915072
p1 new coords aa 13.148867580397779, 4.062147052168951, 0.0474931727931565
p1 new coords aa 13.208573670191479, 4.018698183678851, 0.029617629823528453
p1 new coords aa 13.2834750064032, 4.002970173231204, -0.0016979546151752317
p1 new coords aa 13.298351621105514, 3.8183076774098637, -0.11095768656609713
p1 new coords aa 13.350105510455835, 3.866652423532754, -0.28121341132795535
p1 new coords aa 13.336526554923267, 3.723315875721676, -0.18237570263128441
p1 new coords aa 13.350945456977675, 3.832422204894511, -0.03368755056141076
p1 new coords aa 13.48486472807094, 3.980189031148239, 0.1643199912143018
p1 new coords aa 13.499807292976488, 3.6523685490323663, -0.15575457737987958
p1 new coords aa 13.456480608750175, 3.7130326343388895, 0.09085722462865611
p1 new coords aa 13.64750484176883, 3.7826200524268265, 0.18983229826187897
p1 new coords aa 13.856589172079367, 3.8605658510380003, -0.08071571401581484
p1 new coords aa 13.74087274363109, 3.9674583801723857, -0.13605674035501558
p1 new coords aa 13.477424831058233, 3.774046813565566, -0.3579093145513834
p1 new coords aa 13.479744925957178, 3.6763218680593774, -0.16900551407870487
p1 new coords aa 13.513692935254868, 3.8552200847898015, -0.07231777319061967
p1 new coords aa 13.4331176297868, 3.8347703075956163, -0.08811651542430729
p1 new coords aa 13.321856343534195, 3.867200171033387, -0.03849891160276545
p1 new coords aa 13.318620336422416, 3.962831694539781, 0.0059246535025389985
p1 new coords aa 13.437604513958407, 3.873970454790148, -0.032828523354127025
p1 new coords aa 13.374402828725543, 3.9025608057988896, 0.1475092841737153
p1 new coords aa 13.307042755512931, 3.967135728302812, 0.19412884617513654
p1 new coords aa 13.302482589789593, 3.8814009879455296, 0.1027987540861442
p1 new coords aa 13.348236593333562, 4.101042878778708, 0.22666498485576236
p1 new coords aa 13.415977936228716, 4.206615116881049, 0.13739352253993017
p1 new coords aa 13.161942501851803, 4.283654942030653, -0.1124295279756595
p1 new coords aa 12.89315485598756, 4.25298871652288, -0.026984791373204364
p1 new coords aa 13.00820982706035, 4.094408524674862, 0.15684727725544395
p1 new coords aa 13.082389427249375, 3.912640236013241, 0.126862245003933
p1 new coords aa 12.913524792396759, 4.013182165790099, 0.030897559230490507
p1 new coords aa 12.874297592604453, 3.8650348492674618, 0.15585403432630895
p1 new coords aa 13.15555073266707, 3.788194440955681, 0.19398003127526264
p1 new coords aa 13.127568461375926, 3.7677832442118233, 0.33774015882622976
p1 new coords aa 12.981715947271296, 3.7003092378302074, -0.008406968073100318
p1 new coords aa 12.935339555554897, 3.5140121327148623, 0.14174292504511407
p1 new coords aa 12.87400493753864, 3.4621010249589856, 0.34895860398665035
p1 new coords aa 12.690073625950115, 3.445445907827216, 0.18258381395337897
p1 new coords aa 12.37114228974145, 3.750602241605927, 0.2764715995896203
p1 new coords aa 12.292030295970251, 3.578166037633658, 0.5178088352825237
p1 new coords aa 12.270484801463997, 3.8457128794346325, 0.3633632663344055
p1 new coords aa 12.339331575980813, 3.4730072297203405, 0.15812134328492194
p1 new coords aa 12.37571887740724, 3.705812098877574, 0.014138435930682314
p1 new coords aa 12.486971301463303, 3.714780231890751, 0.21488735179896704
p1 new coords aa 12.341212892340593, 3.8045116256204436, 0.17823025061640804
p1 new coords aa 12.397438562722488, 3.5347902149366073, 0.3616692923619357
p1 new coords aa 12.253943518640524, 3.6421775116751673, 0.3418739722727594
p1 new coords aa 12.330705352876784, 3.643712693217129, 0.16324250018241482
p1 new coords aa 12.333417935237462, 3.7956064795443614, 0.17322144966753286
p1 new coords aa 12.257421679743787, 3.867771759835631, 0.10821795812218019
p1 new coords aa 12.281491238031782, 3.7871622610418396, 0.09439453482130608
p1 new coords aa 12.010165686680173, 3.768473796304645, -0.10753985766084476
p1 new coords aa 11.787609280198618, 4.034297032964189, -0.060928102365630066
p1 new coords aa 11.651800137915576, 3.884229135719544, -0.1866083147805994
p1 new coords aa 11.853353186724405, 3.9306553613165516, -0.1258610024449776
p1 new coords aa 11.830541888051478, 3.7163117539163073, 0.12740282549273801
p1 new coords aa 11.818647477745271, 3.643108585499151, 0.009313155604155604
p1 new coords aa 11.711081202337724, 3.3944355794821015, 0.03921593839067168
p1 new coords aa 11.81440317870269, 3.291389224798041, -0.05155556927094371
p1 new coords aa 12.014429680173027, 3.3204390041859178, -0.0038471393034592016
p1 new coords aa 11.952927388226044, 3.400357019581242, -0.17288715308610686
p1 new coords aa 11.842040962789579, 3.2760473924142426, 0.16372024836901583
p1 new coords aa 11.912950910252182, 3.0628079853093215, 0.24713126314846062
p1 new coords aa 11.93706355084049, 3.2498703141437577, 0.02831866344397488
p1 new coords aa 11.786229092368258, 3.424105760402756, 0.06059985964515393
p1 new coords aa 11.68140037095933, 3.5438799428497503, 0.002929397702711861
p1 new coords aa 11.757046211063809, 3.425844774668378, 0.15289336488857294
p1 new coords aa 11.914967681540992, 3.270701431258237, 0.2220057542749569
p1 new coords aa 11.790330765773719, 3.4414599113221067, 0.3199981850562321
p1 new coords aa 11.96317630001768, 3.547876486047353, 0.09869634880121084
p1 new coords aa 11.848529637683665, 3.496856302861403, -0.07348836561230451
p1 new coords aa 12.03230806466564, 3.5738361861405328, 0.07888903774532352
p1 new coords aa 11.98642142907375, 3.599315813914202, -0.2250049920297187
p1 new coords aa 11.848659406711349, 4.0576616880447105, -0.15992560387100863
p1 new coords aa 11.912651163378609, 4.037767416498371, -0.16652065928951595
p1 new coords aa 12.1947379005535, 3.846552225774574, -0.04391839690427435
p1 new coords aa 12.102601222383916, 3.6828697379398965, -0.051773585610890044
p1 new coords aa 12.142331576007232, 3.2787694733457386, -0.06949400990699901
p1 new coords aa 12.304846597935704, 3.4170112432396493, -0.14141894210024053
p1 new coords aa 12.511803041185372, 3.715218601533351, -0.18657072007511644
p1 new coords aa 12.21644788124993, 3.676153017508615, -0.26535861836807584
p1 new coords aa 12.253799640018201, 4.255178261162192, 0.027421973433059743
p1 new coords aa 12.15785506132456, 4.22058277317613, -0.05889642700958467
p1 new coords aa 11.98231435205332, 4.077487028239785, -0.09069123258248976
p1 new coords aa 11.930325273389007, 4.225690666289595, -0.045859656924428054
p1 new coords aa 11.774027411150266, 4.159066051303236, -0.23283271782745096
p1 new coords aa 11.894159568793997, 4.065841941371437, 0.2148680809668415
p1 new coords aa 11.733993057150906, 3.6970751626682965, 0.24424374853520345
p1 new coords aa 11.807664049628762, 3.885451788514848, 0.026524434458704088
p1 new coords aa 11.887091879148672, 3.9189476792463984, 0.2633368861119218
p1 new coords aa 11.888207950643448, 4.006250205410484, 0.18552960334998214
p1 new coords aa 12.157046782807123, 3.976054409226457, 0.005551819231548821
p1 new coords aa 12.332943518609477, 3.8491591319844938, -0.09615558290319033
p1 new coords aa 12.484976820536147, 4.000774196029061, -0.24613746412890652
p1 new coords aa 12.524380332746453, 4.124737324052673, -0.15693885149307762
p1 new coords aa 12.488034269321629, 4.008000735081016, -0.17499908763897415
p1 new coords aa 12.52429074568489, 4.099214513731856, -0.04443613539520633
p1 new coords aa 12.677723793562253, 4.0609744285240525, -0.15975276777449882
p1 new coords aa 12.687143352354713, 3.988748296627225, -0.11164725978941577
p1 new coords aa 12.769990013486634, 4.260794111922119, -0.18511322338322572
p1 new coords aa 12.49205461623828, 4.23002179975121, -0.04773817627606142
p1 new coords aa 12.507194555639948, 3.9906857542277, -0.19692653617412853
p1 new coords aa 12.33300151746451, 3.941108127197856, 0.03331417820834476
p1 new coords aa 12.248925654993583, 4.058069717331186, -0.2720826910746602
p1 new coords aa 12.296411677021947, 4.138111503724468, -0.1601388294163072
p1 new coords aa 12.553016035355046, 4.137192042595273, -0.13210005387260698
p1 new coords aa 12.561240312212812, 4.307405184471159, -0.1435735133037522
p1 new coords aa 12.419583430811779, 4.4598552458829275, -0.09775176767727925
p1 new coords aa 12.378190428990452, 4.578903585664124, 0.03808521834843845
p1 new coords aa 12.610867375312777, 4.606604200371982, -0.022619864143874957
p1 new coords aa 12.173983016839852, 4.502385406869111, 0.009561351980571571
p1 new coords aa 12.101825206460315, 4.415513597358862, 0.21577919799295703
p1 new coords aa 12.323704794386241, 4.49082100202687, 0.06708376499634733
p1 new coords aa 12.494123689145878, 4.358389023560997, 0.2025084294128529
p1 new coords aa 12.482610865929354, 4.400939189907472, 0.04855734886597532
p1 new coords aa 12.51648620189486, 4.608174789761513, 0.03006831077134775
p1 new coords aa 12.644392468072802, 4.350212817983892, 0.129590413944857
p1 new coords aa 12.673109205172292, 4.113367521230279, -0.15225380788557288
p1 new coords aa 12.41761891177002, 3.944748809259502, -0.07563820879318153
p1 new coords aa 12.486703457747844, 3.953483294172106, -0.14683613702950502
p1 new coords aa 12.573804915737151, 3.8082491926054662, -0.08415659865771857
p1 new coords aa 12.869543024454728, 3.833393144405862, -0.12604044050971477
p1 new coords aa 12.778131814503816, 3.9590282059250144, 0.009283841771546647
p1 new coords aa 12.52613041908839, 4.0062747753853944, -0.3027168373702439
p1 new coords aa 12.2035953798271, 3.9668466272771807, -0.5126211614735274
p1 new coords aa 12.322424898610032, 4.04847534772844, -0.34977596963333124
p1 new coords aa 12.345511663141627, 4.163429893342156, -0.10758852031227473
p1 new coords aa 12.207180383389158, 4.122530550125147, -0.09378000951591535
p1 new coords aa 12.242426556123498, 3.948279848008789, -0.08654791439733514
p1 new coords aa 12.108513200975443, 3.945681941867669, 0.018659252132091603
p1 new coords aa 12.162898681434974, 3.8616961050592087, 0.18339060376872868
p1 new coords aa 12.249867751281611, 3.785549812312585, 0.07009723656624472
p1 new coords aa 12.179732159108084, 3.786010745484464, -0.06946457190055833
p1 new coords aa 12.032941205019227, 3.7298399714466672, -0.12387015560963137
p1 new coords aa 11.849368537971039, 3.96017407419937, -0.1887490904065971
p1 new coords aa 11.78376578797002, 3.7854373658763834, -0.16921942905345178
p1 new coords aa 11.589929296778987, 3.5884213957586715, -0.4007797601406646
p1 new coords aa 11.573277136982384, 3.3104301214265557, -0.6287375899895604
p1 new coords aa 11.377142508792312, 3.124238347803045, -0.40449276510019566
p1 new coords aa 11.305629001298367, 3.0752788317021023, -0.08111685395417018
p1 new coords aa 11.417659529587866, 2.9526927454187275, -0.012913559227303917
p1 new coords aa 11.320662863515095, 2.9013939426569646, -0.03307113471310859
p1 new coords aa 11.072145226158225, 2.779402552191233, 0.2174464790651438
p1 new coords aa 11.020475211286117, 2.666994643802406, 0.0994670506876465
p1 new coords aa 10.94666182471752, 2.6071744227799467, 0.1202428659795157
p1 new coords aa 11.040545537843746, 2.5367960890594574, -0.09007867334093714
p1 new coords aa 11.014299679285802, 2.5445045927582863, 0.02648446040241073
p1 new coords aa 10.934890222926443, 2.533004007335757, -0.059101660489659424
p1 new coords aa 10.822197647351157, 2.4915451582191626, -0.0954692504255388
p1 new coords aa 10.894938921135177, 2.4634192284718335, -0.07173997923494181
p1 new coords aa 10.943516977810477, 2.541793942788424, 0.012982405979406336
p1 new coords aa 11.20196599493011, 2.8398255823478316, 0.22567890772961924
p1 new coords aa 11.504085608940999, 2.9960689977101076, -0.08058043555947708
p1 new coords aa 11.5102612166817, 2.9565452387524576, 0.12978015921089026
p1 new coords aa 11.250248323546028, 2.8022472612914, 0.2511600513081455
p1 new coords aa 11.435984538270636, 2.9541891804256832, 0.05186589105338024
p1 new coords aa 11.196683529592221, 2.9927963605475076, -0.09014782275395697
p1 new coords aa 11.333407954452587, 2.9499127787045, -0.16208775085350274
p1 new coords aa 11.117684776128945, 3.0658553131399215, -0.09455983252782622
p1 new coords aa 11.219002645852711, 3.161968335005371, -0.16730383532775833
p1 new coords aa 11.003172423056004, 3.123570698949823, -0.20340913246712766
p1 new coords aa 10.942352722797642, 3.014195601522699, -0.2496946033831583
p1 new coords aa 11.031874576137529, 2.9976001013607094, -0.08084739996694423
p1 new coords aa 11.048222729645381, 2.8863241807059987, -0.053601640682167065
p1 new coords aa 11.211611087911933, 2.768386410126448, -0.12081320687142869
p1 new coords aa 11.216873349641002, 2.888659534956566, -0.2906394285151447
p1 new coords aa 11.334388747548552, 2.931272671067497, -0.20178853906840172
p1 new coords aa 11.374284333355359, 2.9391339397342455, -0.2732086067467216
p1 new coords aa 11.417057631285246, 2.981693966627684, -0.48910284787304525
p1 new coords aa 11.641330013713986, 2.9037255267335125, -0.31774531368484243
p1 new coords aa 11.548802834758884, 3.1896407501324413, -0.24584580277554563
p1 new coords aa 11.743408484620138, 3.246936421468588, 0.10800865555244937
p1 new coords aa 11.759587820642498, 3.3864705793871384, -0.10748731237392856
p1 new coords aa 11.774413885925036, 3.383451339198139, 0.03351001099861661
p1 new coords aa 11.795714694947774, 3.503649361268666, -0.06277879396502903
p1 new coords aa 11.719292287956547, 3.5347435340062248, -0.11975280349635091
p1 new coords aa 11.885736075910328, 3.8005830884761527, 0.014088737363489631
p1 new coords aa 11.705041270563191, 3.630930928997055, 0.17969012222060704
p1 new coords aa 11.705607568240412, 3.691781247674261, 0.09347550054378198
p1 new coords aa 11.73396044394674, 3.7027288505273086, -0.05810440886543425
p1 new coords aa 11.43089641924742, 3.5350693775811766, -0.17098405169764966
p1 new coords aa 11.56758702049461, 3.3395346088240494, 0.062088240737618317
p1 new coords aa 11.627250072174867, 3.387660999478196, -0.011065729389374501
p1 new coords aa 11.553103303438844, 3.43859316050379, 0.13486873868897017
p1 new coords aa 11.636092706280046, 3.5538362142372115, 0.043025673983184465
p1 new coords aa 11.518970088373399, 3.515674319919823, 0.010754733245913903
p1 new coords aa 11.332229168214333, 3.5508210068257355, 0.0976133889495047
p1 new coords aa 11.392806448319574, 3.4172521184684754, -0.09277233150094961
p1 new coords aa 11.441052954325365, 3.4560567226506342, -0.1862504580320833
p1 new coords aa 11.278369892608174, 3.3729411525787616, -0.33883036023023605
p1 new coords aa 11.414770131005206, 3.5052537256838883, 0.004431607332788801
p1 new coords aa 11.42552366046767, 3.692958056153461, 0.07384749359613692
p1 new coords aa 11.337962600051792, 3.54232630788853, -0.0909211095251181
p1 new coords aa 11.185754940374927, 3.351439997925912, 0.08803338831597228
p1 new coords aa 11.299593127201007, 3.3551746469147687, -0.3435511704674957
p1 new coords aa 11.385637382116512, 3.110236816739786, -0.05926705961289758
p1 new coords aa 11.371257330039974, 3.1646588414064567, -0.17845362439222917
p1 new coords aa 11.265370155154427, 3.058086580193426, -0.21201848319619776
p1 new coords aa 11.131382420540954, 3.1249404241165633, -0.05935293149149848
p1 new coords aa 11.215996236968804, 3.022260369316519, 0.07492063058515475
p1 new coords aa 11.17015150359847, 3.0319162643233932, -0.1529470492289581
p1 new coords aa 11.068691036010827, 2.9714156513879697, -0.1984475852497446
p1 new coords aa 11.099234589731276, 2.7792152145984765, 0.012003818860186699
p1 new coords aa 11.157166209745737, 2.950012648078843, -0.1859000159788553
p1 new coords aa 11.190409934211269, 2.9280216467862155, -0.2259681319310035
p1 new coords aa 11.057148312448316, 2.916153573105883, -0.3049410578063064
p1 new coords aa 11.02109262827498, 2.835961111961688, -0.18726038608047446
p1 new coords aa 11.02965820429913, 2.8513712477434945, -0.014409602325575421
p1 new coords aa 11.083336712476356, 2.72949884218, 0.17049781612627385
p1 new coords aa 10.912248495187887, 2.72929786186653, 0.0953295678181111
p1 new coords aa 10.719095541149494, 2.9572780324554664, 0.03209653222640062
p1 new coords aa 10.612683314023743, 3.193907304462355, 0.005411204640970186
p1 new coords aa 10.587647873845613, 3.261642546501278, 0.10226158503818948
p1 new coords aa 10.662057521498829, 3.4514586966912075, 0.2256150951487591
p1 new coords aa 10.865079825069193, 3.6113805610231404, 0.24579566553653726
p1 new coords aa 10.769374895337819, 3.402520586576034, 0.2497747951816632
p1 new coords aa 10.776168543925387, 3.2534932622328743, 0.4630213804344664
p1 new coords aa 10.781255823890334, 3.4098419001759006, 0.43328693593754586
p1 new coords aa 10.636550220112078, 3.3697544194804876, 0.3662270463131272
p1 new coords aa 10.868139141756567, 3.360116026546927, 0.3444085494277308
p1 new coords aa 10.81248279616144, 3.2708243416387357, 0.22469162891643452
p1 new coords aa 10.875385374847582, 3.1773084414491377, 0.32829921280330643
p1 new coords aa 10.893952279519167, 3.0859958643456618, 0.17721099216210384
p1 new coords aa 10.924813472262473, 2.6757939404122384, -0.01610025931660866
p1 new coords aa 11.109369430211933, 2.8159884646868054, -0.11316238102162465
p1 new coords aa 10.930149418715674, 2.902959468938049, -0.2110385961768333
p1 new coords aa 10.936903135139156, 2.9389576946595604, -0.26887953005440873
p1 new coords aa 10.912452717339274, 2.952223492063815, 0.040900764732325345
p1 new coords aa 10.889380525285638, 3.208494775314268, -0.09515287847575463
p1 new coords aa 10.818708709793642, 3.3351766205508016, -0.149946405689037
p1 new coords aa 10.785505385444488, 3.426445242027434, -0.03275277309436479
p1 new coords aa 10.664804298672589, 3.1689383905514723, -0.10450712911918741
p1 new coords aa 10.795534563285257, 3.3347864183405784, -0.05698963862481953
p1 new coords aa 10.723098827046735, 3.1720528928202265, -0.08067945178415042
p1 new coords aa 10.86299686151325, 3.1559684331418643, 0.09539206739846073
p1 new coords aa 10.91601356528795, 3.252000683214928, 0.21026374424028238
p1 new coords aa 10.838636595085006, 3.21300162268203, 0.1033095297786448
p1 new coords aa 10.80960479104356, 3.3046733364004113, -0.06906090058691922
p1 new coords aa 10.879647968227502, 3.0639372606054103, -0.12986721465661744
p1 new coords aa 11.002148293817855, 3.2046009203976427, -0.3096034458005357
p1 new coords aa 10.827520034011371, 3.219250750825224, -0.4264967404056656
p1 new coords aa 10.921974929708803, 3.2704650923855363, -0.34076471860929847
p1 new coords aa 10.743509159772316, 3.385012843800053, -0.5865889216144097
p1 new coords aa 10.753403562589932, 3.3133585305459867, -0.608515167488046
p1 new coords aa 10.79064908716673, 3.228550680618496, -0.329445041748024
p1 new coords aa 11.043229208228695, 3.3839464221784437, -0.18878815265650764
p1 new coords aa 10.935371876740351, 3.1258806784066575, -0.156700768029177
p1 new coords aa 11.03387162894648, 3.200449982161784, -0.27268096961810406
p1 new coords aa 11.132370246592407, 3.273429823923848, -0.07120134576685483
p1 new coords aa 11.192360852148417, 3.4042062278582925, -0.14989449342068217
p1 new coords aa 11.494117048751054, 3.392668952908643, -0.24594430776869078
p1 new coords aa 11.655111497196417, 3.4493988714243486, -0.35814388546867315
p1 new coords aa 11.492290179940099, 3.3329325657323077, -0.23026830147191735
p1 new coords aa 11.394778025921925, 3.263905416852693, -0.0737354200385423
p1 new coords aa 11.175280548254607, 3.1253631282925576, -0.05912527172035773
p1 new coords aa 11.157845618227528, 3.2504476350613847, -0.0952939740627792
p1 new coords aa 11.281692764348895, 3.19281174646592, -0.04766666669320472
p1 new coords aa 11.369018859040892, 3.099831811505939, -0.05643636382703361
p1 new coords aa 11.274733813359832, 3.1409718026848084, 0.0017345014507847145
p1 new coords aa 11.387528513398495, 3.286814264378816, -0.14892562577414584
p1 new coords aa 11.173978197148728, 3.217840508962122, -0.3355578494658179
p1 new coords aa 11.125263871953056, 3.1392010271266098, -0.34356156661782133
p1 new coords aa 11.02616447549058, 3.231445947305161, 0.03267977165774233
p1 new coords aa 11.111468574343665, 3.0237936718531695, 2.5611257671804416E-4
p1 new coords aa 10.903152778932789, 3.215781355095956, 0.04045394610050272
p1 new coords aa 10.848690629588585, 3.2703398024430466, 0.06450569181689174
p1 new coords aa 10.742260891965294, 3.2631115568591342, -0.14599505439130173
p1 new coords aa 10.481851197859863, 3.424657840402979, -0.24167956338259883
p1 new coords aa 10.436864053231899, 3.4498627065538687, 0.0045123082410717386
p1 new coords aa 10.53172250249116, 3.8208798979963863, -0.04543008154042964
p1 new coords aa 10.604895299654057, 3.862800546623584, -0.06911883436621138
p1 new coords aa 10.650279706921548, 3.901884644690142, -0.02296312999344119
p1 new coords aa 10.515369588934101, 4.10538313973162, 0.07580077667127218
p1 new coords aa 10.532584021185114, 4.255894526771632, 0.07500780540481522
p1 new coords aa 10.481935531279445, 4.290986831704332, 0.04790072027911162
p1 new coords aa 10.397689918135994, 4.234498226629126, 0.07434980154458627
p1 new coords aa 10.350740694589513, 4.10278929672104, 0.003818245857449623
p1 new coords aa 10.296281500663289, 4.234069562059899, -0.22964760836809334
p1 new coords aa 10.241106060477266, 4.171918903287762, 0.19250641480368075
p1 new coords aa 10.205080364167273, 4.2123248214139855, 0.03794645459212598
p1 new coords aa 10.30008359397697, 4.277209366720711, 0.12403645082134342
p1 new coords aa 10.634589462788073, 4.474328524190648, 0.3128298717589652
p1 new coords aa 10.62530142855115, 4.506971255748311, 0.2827335922422899
p1 new coords aa 10.671160687802976, 4.404745660112829, 0.24128218481542996
p1 new coords aa 10.673796448691542, 4.438091544885673, 0.15713858142118872
p1 new coords aa 10.761915609601127, 4.593640167404101, 0.1132080669947084
p1 new coords aa 10.948726088889027, 4.273422339863278, -0.21751826261381765
p1 new coords aa 10.886174327556478, 4.448388942068721, -0.19430213896145326
p1 new coords aa 10.92662036998447, 4.478746681420326, -0.02462846648924466
p1 new coords aa 10.935115408268738, 4.490233568786885, -0.18746111300816806
p1 new coords aa 10.844412349181011, 4.271411058611818, -0.101220527058866
p1 new coords aa 10.913573362614096, 4.246100478443321, 0.17489982132603302
p1 new coords aa 10.771070718486532, 4.110490814238578, -0.018533607388637324
p1 new coords aa 11.014098182313655, 4.254907424048759, -0.09439048268462699
p1 new coords aa 10.878928486342815, 4.179581882111816, 0.09415939127780479
p1 new coords aa 10.899148280911609, 4.435103106094908, 0.2215430608684734
p1 new coords aa 10.820324528252018, 4.521609365614441, 0.18636724932762047
p1 new coords aa 10.71255294986707, 4.7499572728659665, 0.16627515326464049
p1 new coords aa 10.787304207965553, 4.765162702522914, -0.012081869915402721
p1 new coords aa 10.841775055248885, 4.763700352261794, 0.19657051351415103
p1 new coords aa 11.135631231293534, 4.665117371465782, 0.15015523319160484
p1 new coords aa 11.2407850263855, 4.421784004895583, -0.08872868764463393
p1 new coords aa 11.295735476080937, 4.328592785584837, -0.22646349839300106
p1 new coords aa 11.279950243075453, 4.351307574940631, -0.3850257071443166
p1 new coords aa 11.106207754722375, 4.4172260669972765, 0.03243722734851745
p1 new coords aa 11.06394650678834, 4.2081656454763365, 0.08738836840202424
p1 new coords aa 10.840370212763242, 4.165311790518416, -0.2437260608039244
p1 new coords aa 10.845409016776122, 4.085442482156432, -0.08860738804245977
p1 new coords aa 10.773902790483076, 4.121095965570699, 0.07676666416479719
p1 new coords aa 10.75035608866621, 4.281929565138431, 0.09580553354062918
p1 new coords aa 10.643090760185741, 4.372549548250864, -0.1305275033029291
p1 new coords aa 10.752059454183753, 4.4757390899925555, -0.21585786202292467
p1 new coords aa 10.6839220208267, 4.544146751319545, -0.2036546312262013
p1 new coords aa 10.560887621057368, 4.739770082063091, -0.15835245057162145
p1 new coords aa 10.603586410202196, 4.478446433203649, -0.17566772721979235
p1 new coords aa 10.577509759893449, 4.394424648428444, -0.09207629751287368
p1 new coords aa 10.633372922561044, 4.2662445732846, 0.0653292544243445
p1 new coords aa 10.569025794788397, 4.292074283439891, 0.07821571819044798
p1 new coords aa 10.593045893220584, 4.471479712320057, 0.01037172190190798
p1 new coords aa 10.454568125833044, 4.495905327004495, -0.09041319207887927
p1 new coords aa 10.37041718363591, 4.491126839480848, -0.15078263896444474
p1 new coords aa 10.490110065900643, 4.423264947989533, -0.2844447107659501
p1 new coords aa 10.396268879945106, 4.252628786028222, -0.20074782267217797
p1 new coords aa 10.20121977530931, 4.160397924369816, -0.4086274778427045
p1 new coords aa 10.017500956711224, 4.167184158212932, -0.6523636514685514
p1 new coords aa 9.94858470269936, 4.111538273773509, -0.18436925049898667
p1 new coords aa 9.837435849840503, 4.114907010295511, -0.24501435276541492
p1 new coords aa 9.87034725446671, 3.9904299207561285, -0.15726052681405572
p1 new coords aa 9.718166588594244, 4.112834490022315, -0.08555460267809019
p1 new coords aa 9.822820419286744, 3.9886614696167277, -0.2580362829615107
p1 new coords aa 9.827213233328736, 3.7932122257136625, -0.21061650937658385
p1 new coords aa 9.946439143794123, 3.660918444666165, -0.1994625941977094
p1 new coords aa 9.8403019960093, 3.8631868280662345, -0.32135464063638086
p1 new coords aa 9.866314095727551, 3.666371998674241, -0.30663742690427387
p1 new coords aa 9.888522604478526, 3.6099134026191053, -0.16139460027560404
p1 new coords aa 9.985346512637348, 3.6523077890413247, 0.02817385571906894
p1 new coords aa 10.162866717007399, 3.5353331686592893, 0.0927385628470913
p1 new coords aa 10.138635003200294, 3.250414342167412, 0.1285303271868496
p1 new coords aa 10.131788591904499, 3.0867420215674466, 0.15267144242441993
p1 new coords aa 10.269089846567363, 3.0717036784520637, 0.2069359220355267
p1 new coords aa 10.219633865547154, 3.304636005170497, 0.23541172949141256
p1 new coords aa 10.112195163202495, 3.410334556492159, 0.1973827804817141
p1 new coords aa 9.980792467958466, 3.2809856781495745, 0.23184822090322005
p1 new coords aa 10.039204300489562, 3.4227117485938554, 0.03493010102259464
p1 new coords aa 10.048647970536582, 3.497601542350543, 0.10182778732087618
p1 new coords aa 10.156822746664469, 3.4103652480345916, 0.2408710776360537
p1 new coords aa 10.450621971989172, 3.4735855821543407, 0.26564147042112474
p1 new coords aa 10.49315785979499, 3.6587460709018615, 0.05597694444782153
p1 new coords aa 10.528328582246798, 3.5845778346676265, 0.1251095878267439
p1 new coords aa 10.63714081846616, 3.695400398733245, -0.031188382330868708
p1 new coords aa 10.616212047936463, 3.6967513091729436, 0.13462519522400615
p1 new coords aa 10.604402137132203, 3.6375378977868027, 0.11888039523517688
p1 new coords aa 10.593830191962953, 3.5317436836198213, -0.08967042836396291
p1 new coords aa 10.650292258333355, 3.3276332327246583, 0.05060487871226224
p1 new coords aa 10.86417168717646, 2.998096778026905, -0.07637714733982626
p1 new coords aa 10.922103073022793, 3.019084434366752, -0.04603202435175289
p1 new coords aa 10.883202067876544, 3.2262972491746797, -0.10561872462319377
p1 new coords aa 10.83907525635266, 3.0959614063134326, -0.21431567776718669
p1 new coords aa 11.030009648199375, 2.7588911579829714, 0.09530995469777676
p1 new coords aa 10.802267000416535, 3.105139656533215, -0.2816623951731233
p1 new coords aa 10.697091402698991, 3.0403315501676276, -0.169594430673206
p1 new coords aa 10.635189134161683, 3.156425486812713, -0.1253306237167267
p1 new coords aa 10.748509723450443, 3.1468559463188037, 0.18781653762170447
p1 new coords aa 10.747358174296762, 3.417447122737701, 0.038029682293660355
p1 new coords aa 10.687832988915677, 3.25483770893015, 0.10500204287930143
p1 new coords aa 10.537408526196051, 3.2120471456670274, -0.04593932773333789
p1 new coords aa 10.42223974162234, 3.089355149348131, 0.010045420108217573
p1 new coords aa 10.26904851886478, 3.151408275725817, 0.08619527031938756
p1 new coords aa 10.113647703713779, 3.261959148288019, 0.08435059442883237
p1 new coords aa 9.964475315885773, 3.386710331207781, 0.0657946919207907
p1 new coords aa 10.081087820845363, 3.310441073026049, -0.13094102729863855
p1 new coords aa 9.887871910146895, 3.3256200943259215, -0.04371526484673066
p1 new coords aa 9.945524563690313, 3.2705482442378933, -0.15893923267414628
p1 new coords aa 10.027100500988247, 3.3132375783496504, -0.2403953752767493
p1 new coords aa 10.006991677909054, 3.3584493861009364, -0.3106961119767795
p1 new coords aa 10.342191206748371, 3.2466552400406083, -0.2844766530322295
p1 new coords aa 10.100875373104639, 3.281146122851662, -0.43572915043638916
p1 new coords aa 10.141468941847672, 3.2712190557187752, -0.4642008918089813
p1 new coords aa 10.17838568061277, 3.1368035680006665, -0.2531160782902827
p1 new coords aa 10.256507250339618, 3.136628891486814, -0.19180201477505926
p1 new coords aa 10.348526778667399, 3.0612328385081, -0.02281096637178881
p1 new coords aa 10.514387842965276, 3.193565728576883, -0.09265888896889656
p1 new coords aa 10.49379482032624, 3.1718196952648974, 0.18017924103100857
p1 new coords aa 10.508894908429566, 3.286126748210645, 0.2998535221148895
p1 new coords aa 10.581273073195305, 2.9691055209211825, 0.19269230435948576
p1 new coords aa 10.686567080682213, 3.212141197016916, -0.14045114119648544
p1 new coords aa 10.650232006764876, 3.1917773073996183, 0.2464480888130967
p1 new coords aa 10.795654867001012, 3.4843031492667205, 5.131144699810908E-4
p1 new coords aa 10.934494603708544, 3.4331370833451014, 0.06900388602906334
p1 new coords aa 10.8500876323925, 3.300845273653698, 0.029943675980292468
p1 new coords aa 10.976622403599047, 3.046239343763276, -0.038620051906129084
p1 new coords aa 10.939977212210913, 3.184110518712174, -0.028298955698438683
p1 new coords aa 10.910206742061211, 3.368805983643229, 0.16874610242255694
p1 new coords aa 11.110714350714792, 3.3377467881043414, 0.29017497026904293
p1 new coords aa 11.039438910945103, 3.1747335879802865, 0.40366485627308596
p1 new coords aa 11.275148392394328, 3.2381998103045437, 0.28478294826797457
p1 new coords aa 11.31906925991655, 3.1833920908081907, -0.026750722768628776
p1 new coords aa 11.251128280291853, 3.15558272072067, 0.2935035317602028
p1 new coords aa 11.28758397271926, 3.159017283765262, 0.46079056254450285
p1 new coords aa 11.294897291234204, 2.961765274071438, 0.3683157010574706
p1 new coords aa 11.196907206464022, 2.9747557878744932, 0.25874114320702696
p1 new coords aa 11.110542548308695, 2.802420387838219, 0.026954804009400785
p1 new coords aa 10.956577192959784, 2.8809603658845657, -0.06202438085334033
p1 new coords aa 11.29779042953086, 2.6687436005992313, 0.07097121559535774
p1 new coords aa 11.050619149544593, 2.927783764127547, 0.17810652960006038
p1 new coords aa 11.040743590777625, 2.784526311204463, 0.46920941328855037
p1 new coords aa 11.06352079378674, 2.892626997552654, 0.3240446205186397
p1 new coords aa 10.89299678165289, 2.8344840898931993, 0.3349242535970274
p1 new coords aa 10.832338726215028, 2.847936064871002, 0.08104772009903233
p1 new coords aa 10.924313330720626, 2.7262656391502693, 0.20681742949969667
p1 new coords aa 10.93723781375316, 2.8748179515826546, 0.19454904090054675
p1 new coords aa 11.062937282504915, 2.7399295141526205, 0.05600426665762148
p1 new coords aa 10.89192544463976, 2.7295310323431243, -0.00655225629016605
p1 new coords aa 10.885372525923373, 2.7686864917979723, 0.04798512165642435
p1 new coords aa 10.951502114710676, 2.7733149770364527, 0.07509808750368074
p1 new coords aa 10.989493083748535, 2.8716728586942883, -0.02830986112312639
p1 new coords aa 11.0531921076221, 2.9862288765522345, -0.01941557679052812
p1 new coords aa 11.170970722533651, 2.879143812705273, -0.005474551429502442
p1 new coords aa 11.07462510380708, 2.952240779458946, 0.17085293363857368
p1 new coords aa 11.0373902835408, 2.8106419900249913, 0.01590492012774558
p1 new coords aa 11.265644338491656, 2.876924596282733, 0.1139188172387126
p1 new coords aa 11.169791363301648, 2.937542587446458, 0.18552430916455592
p1 new coords aa 11.052145873523239, 2.855286481855331, 0.036353773789616906
p1 new coords aa 11.055516477885723, 2.621951363833773, 0.044366203162483554
p1 new coords aa 11.163986796292539, 2.614860309644258, -0.015076153083709971
p1 new coords aa 11.247307049251122, 2.4966557645026426, -0.05797665743165968
p1 new coords aa 11.142276168463916, 2.607283634747174, -0.039093951217609474
p1 new coords aa 11.246184872104562, 2.7212830067151508, -0.039478250245992344
p1 new coords aa 11.31677199309815, 2.850145702647733, 0.021264281487240716
p1 new coords aa 11.353233650078044, 3.0205540886373186, -0.09912731990833215
p1 new coords aa 11.501074451909856, 3.170926455466754, -0.15629211195293857
p1 new coords aa 11.495256801786503, 3.0221653192731, 0.044992857670673986
p1 new coords aa 11.601990952315461, 3.060973862172047, 0.08188252031736853
p1 new coords aa 11.523705029403514, 2.9027196890460893, 0.2718841316423284
p1 new coords aa 11.446531857522697, 2.8187350277918117, 0.1321397793799985
p1 new coords aa 11.290205634268906, 2.6441538596675342, -0.2755521741980356
p1 new coords aa 11.301246130117761, 2.666591779950272, -0.30632305015354555
p1 new coords aa 11.378915888965548, 2.501632158337647, -0.2529602617659399
p1 new coords aa 11.209393988535703, 2.5119043955142524, -0.14455953299268642
p1 new coords aa 11.380893215842638, 2.6042308726070127, -0.17144963077032424
p1 new coords aa 11.093491106328345, 2.8147488407052066, -0.07420805464523293
p1 new coords aa 11.326055696480948, 2.6432364415445218, 0.031464688566724894
p1 new coords aa 11.163496119281179, 2.567361121725824, 0.12229251328182796
p1 new coords aa 11.303736372010626, 2.6623151458929053, 0.2059285124522448
p1 new coords aa 11.026670543731946, 2.651540621715629, 0.0877724574313527
p1 new coords aa 10.742413956779579, 2.821482625858424, 0.03173339939314232
p1 new coords aa 10.718567237689802, 3.0221619974607976, -0.10437890392277702
p1 new coords aa 10.750332061490882, 2.9447614584295976, 0.07341339354116172
p1 new coords aa 10.745174612588565, 2.610326853676455, 0.1414675221161673
p1 new coords aa 10.824495880936249, 2.456040289315958, 0.02747564906947536
p1 new coords aa 10.84500505118184, 2.4852857698844955, -0.12109504374453764
p1 new coords aa 10.950610923706323, 2.494496080046539, -0.2936940514784466
p1 new coords aa 11.109401998939777, 2.5210671986647513, -0.1976454290007509
p1 new coords aa 11.259694502463708, 2.7166062773997535, 0.11794383716304194
p1 new coords aa 11.105357154881618, 2.674347818466345, 0.012528640492998316
p1 new coords aa 11.194922722076438, 2.451347708520226, 0.08187350898346987
p1 new coords aa 11.040780960554823, 2.2621877763280382, -0.015590621213985578
p1 new coords aa 11.157432561810394, 2.194547919310526, 0.07749632786355254
p1 new coords aa 11.093351803707705, 2.334635841801732, -0.2298307565668915
p1 new coords aa 11.099210581248034, 2.4064775269737733, -0.2824119857121422
p1 new coords aa 11.03548530708541, 2.382837389219665, -0.29096362508465085
p1 new coords aa 10.76461823933205, 2.4693959512354895, -0.0928395222443881
p1 new coords aa 10.832457664696562, 2.3620064353885013, -0.026586572376901207
p1 new coords aa 10.79909860463283, 2.2401156140706373, -0.11348506231178906
p1 new coords aa 10.873248833464617, 2.1185935013248116, -0.06450062116408278
p1 new coords aa 10.853806530739226, 1.8743859383239614, -0.3004782563695315
p1 new coords aa 10.788163719202235, 1.9360566475751597, -0.2942515823972328
p1 new coords aa 10.861345339153191, 1.9836501319116209, -0.2737554775555591
p1 new coords aa 10.719173663684183, 1.7985285605980916, -0.341340583692392
p1 new coords aa 10.841083965952016, 1.8256719895288538, -0.23126399248197116
p1 new coords aa 10.680598283368292, 1.8680882918972348, -0.28968143498601523
p1 new coords aa 10.534451642348419, 1.8808141302132688, -0.24070450771402452
p1 new coords aa 10.777460822205137, 1.765614584301419, -0.2484115779178288
p1 new coords aa 10.89088782005099, 1.882314631128334, 0.0019631252443293445
p1 new coords aa 10.82620001402038, 2.08218171057357, -0.21482473670065952
p1 new coords aa 10.963133361871538, 2.1797218310312627, -0.3573216260697656
p1 new coords aa 11.028042795579147, 2.2801282753981176, -0.2476015991851372
p1 new coords aa 10.675278291780582, 2.3109521887713944, -0.1656250953781932
p1 new coords aa 10.490386060072685, 2.389295256522127, -0.08473637241342664
p1 new coords aa 10.562859283075728, 2.3301211794839793, -0.2870713394580416
p1 new coords aa 10.689806436656514, 2.4204472266160804, -0.18660689181278714
p1 new coords aa 10.85696519836261, 2.297122971858905, -0.0795086602546516
p1 new coords aa 11.070297351718466, 2.0120793263737635, 0.0010827093803524035
p1 new coords aa 11.019779545267538, 1.9993790477212627, -0.15893946784941088
p1 new coords aa 11.282050382535406, 1.9135841020779438, -0.2903384290743841
p1 new coords aa 11.195494026264264, 1.9322310148732513, -0.17407858757117473
p1 new coords aa 11.119911750865752, 1.784212790581493, -0.1017748793008227
p1 new coords aa 10.98294336322916, 1.9855550766001628, 0.08247857761259343
p1 new coords aa 11.155727805975694, 2.2202208816709916, 0.18211368324135385
p1 new coords aa 11.270672712852706, 2.404802033333528, 0.08672879465826225
p1 new coords aa 11.197147635584662, 2.296565347097743, -0.10364976765761799
p1 new coords aa 11.137778577628486, 2.2593182455491005, 0.17948919288537865
p1 new coords aa 11.298592047861387, 2.363274296210701, 0.15833961137078045
p1 new coords aa 11.057750965055012, 2.453474054282982, 0.2893391175367969
p1 new coords aa 11.113926118783013, 2.1687959198748734, 0.023776110926976624
p1 new coords aa 11.238414886484355, 2.040728236064651, 0.2105291958466531
p1 new coords aa 11.156733358232167, 2.017663967379411, 0.389774617560232
p1 new coords aa 11.592001103714486, 2.0283714806554953, 0.38187054759094663
p1 new coords aa 11.556218188127122, 2.188357795195349, 0.21815480114160637
p1 new coords aa 11.509247958488409, 2.0297815341075855, 0.012687245822176424
p1 new coords aa 11.623863865158675, 2.0204278140508682, 0.3161091664865836
p1 new coords aa 11.749486073031466, 1.9601231675292694, 0.322070031211454
p1 new coords aa 11.884455751788598, 2.082792791051903, 0.2916053647298978
p1 new coords aa 11.67829125218996, 2.270170924485741, 0.1564588558812821
p1 new coords aa 11.58576404554042, 2.2716178765987722, 0.16375467157779922
p1 new coords aa 11.285532747656625, 2.105044982698256, 0.07086778911210029
p1 new coords aa 11.437532442555774, 2.1838005227649178, 0.0588266179305527
p1 new coords aa 11.333947905283138, 2.040434817784727, 0.006292633595946381
p1 new coords aa 11.741171559454664, 2.1547011435020713, -0.2838770661492589
p1 new coords aa 11.625976479206825, 2.1258740595640444, -0.3004118523151291
p1 new coords aa 11.453715458400206, 2.3683358789607594, -0.3459311820622357
p1 new coords aa 11.64465055073508, 2.463049990980022, -0.26142981251432473
p1 new coords aa 11.699121283434728, 2.2889960127160514, 0.03518903654161987
p1 new coords aa 11.690189021369163, 2.0520541974626423, 0.24007170292182312
p1 new coords aa 11.652132495552355, 2.114679697614896, 0.12942795511101912
p1 new coords aa 11.424504296503406, 2.2675407019472753, 0.3328121424506289
p1 new coords aa 11.469477739973092, 2.3664029393863064, 0.27051527090005284
p1 new coords aa 11.409393099595931, 2.275269141820322, 0.23550029984881468
p1 new coords aa 11.50542658463357, 2.494691135224766, 0.03587803215754021
p1 new coords aa 11.448258629158696, 2.4416600638550325, -0.001310750324987689
p1 new coords aa 11.529759393308014, 2.4472086854845507, 0.14398826193257036
p1 new coords aa 11.756686034806718, 2.557354443231546, 0.2031212488102963
p1 new coords aa 11.586279109588954, 2.6407707462041827, -0.1503440348364768
p1 new coords aa 11.672469884147334, 2.6371296855767015, -0.21661850051740955
p1 new coords aa 11.63661926106232, 2.4658486440704093, -0.08449762736424518
p1 new coords aa 11.651186474172462, 2.5962939142004116, 0.0841204916237609
p1 new coords aa 11.718612796803837, 2.4461150271150442, 0.07810666205006742
p1 new coords aa 11.717737778506049, 2.1478094701051376, 0.16720938349171166
p1 new coords aa 11.716763480064364, 2.141567891578933, 0.26133720851314424
p1 new coords aa 11.754583411126458, 2.0021567911593734, 0.13347758518294994
p1 new coords aa 11.783587494199201, 2.1103971294702113, 0.01812119202265053
p1 new coords aa 11.736673049381531, 2.3017526958481658, 0.23103945848366395
p1 new coords aa 11.684962372510855, 2.495712338333949, 0.057574633468936626
p1 new coords aa 11.743688467980647, 2.5244664659140272, -0.08154987868061894
p1 new coords aa 11.80815525340606, 2.2239029321296453, -0.17459777259250547
p1 new coords aa 11.584829989793135, 2.197324356188412, 0.009981681973139173
p1 new coords aa 11.483292228209438, 2.4916202773010756, 0.08335700176719606
p1 new coords aa 11.515179314618193, 2.597444878044343, -0.0188073323636391
p1 new coords aa 11.706353428478668, 2.4662608694666086, 0.21075510628609687
p1 new coords aa 11.61779673712582, 2.473302487826539, 0.1238118639223872
p1 new coords aa 11.626913981449412, 2.385953362258589, 0.12022209150488439
p1 new coords aa 11.53451489332844, 2.5706578406307306, 0.06356144329538249
p1 new coords aa 11.333934054283409, 2.5199553226322493, 0.3459545456005361
p1 new coords aa 11.368662711516128, 2.5488141338815047, 0.14413174371634188
p1 new coords aa 11.309661803314217, 2.5276698791698133, 0.003831170066421613
p1 new coords aa 11.400235173633861, 2.5408093430535286, -0.02331890883640734
p1 new coords aa 11.220688668716546, 2.549885874347598, -0.09362292494740704
p1 new coords aa 11.281568008458704, 2.8002154288774905, -0.07150509694682042
p1 new coords aa 11.285135436415526, 2.7968095924057628, -0.058512999560551095
p1 new coords aa 11.311699572504475, 3.1657890863173157, 0.11645981380042286
p1 new coords aa 11.28400355742798, 2.876481938658787, 0.22085692782772864
p1 new coords aa 11.451856727532226, 2.7540312757206236, 0.32975398162679453
p1 new coords aa 11.355025803402798, 2.618952150651616, 0.025153411234482725
p1 new coords aa 11.48192959381714, 2.6611693056631314, -0.17197113645870704
p1 new coords aa 11.430098287300403, 2.7377717780371773, 0.060691801329842365
p1 new coords aa 11.46859341506535, 2.8405718012440073, 0.26286984747409314
p1 new coords aa 11.322653893449075, 2.8064961619824373, 0.21115811571711554
p1 new coords aa 11.380397708392449, 2.863212932969307, -0.1487035619478386
p1 new coords aa 11.43014583021104, 2.8378627166950525, -0.2246835957080852
p1 new coords aa 11.292514620491607, 2.7716722656508175, -0.14363256615373793
p1 new coords aa 11.372359224940501, 2.7926225323720675, -0.030926448120353223
p1 new coords aa 11.30491340851778, 2.9878874925218066, 0.04329847138187812
p1 new coords aa 11.36606298010424, 2.9031152369471007, 0.2784674143111795
p1 new coords aa 11.200834947969714, 2.8353498032916544, 0.35236082506817273
p1 new coords aa 11.336555181410446, 2.9218853970070935, 0.09939748248286012
p1 new coords aa 11.510171459529309, 2.7828616498989995, -0.17514033346610897
p1 new coords aa 11.443954453561519, 2.4855877187348225, -0.14451506174567144
p1 new coords aa 11.503708741928705, 2.6716336663980473, 0.003734934270556073
p1 new coords aa 11.248751579981887, 2.3072608994362622, 0.09609277557272895
p1 new coords aa 11.165848701083208, 2.1448794865970284, -0.05420641054207541
p1 new coords aa 11.015863599730272, 2.238941686114886, -0.31790376016291877
p1 new coords aa 10.962078119273958, 2.363587850861223, -0.12100804894701947
p1 new coords aa 10.787680808424833, 2.288326189225239, -0.15014404071388004
p1 new coords aa 10.777292562811253, 2.0796343052192787, -0.11492351508985751
p1 new coords aa 10.70602555663686, 2.0704346701455574, -0.16043295132575658
p1 new coords aa 10.740589053738884, 2.094101728841114, -0.060012774223554305
p1 new coords aa 10.547863242576813, 2.1222023777891685, -0.11949938497827206
p1 new coords aa 10.712849207805332, 2.054150853103786, -0.07247439709668299
p1 new coords aa 10.690916727442445, 1.7796028923205267, -0.22377895156364805
p1 new coords aa 10.922526332405237, 1.60787274742545, -0.15905060428137224
p1 new coords aa 11.061717309853869, 1.8042744860997295, 0.15774753658070212
p1 new coords aa 11.185379028954058, 1.7183255043725219, -0.04068500154088661
p1 new coords aa 11.12860786490415, 1.938452847188787, -0.2665364729997439
p1 new coords aa 11.232509893051358, 1.7500186336782018, -0.4404671536820443
p1 new coords aa 11.098949544819739, 1.7428654732350923, -0.3153911154838649
p1 new coords aa 11.178254041130888, 1.6895797586633758, -0.2715547706862506
p1 new coords aa 11.483750631531942, 1.5039305011825603, -0.06827518404333624
p1 new coords aa 11.406725115644035, 1.5485847406124624, -0.14539127505876592
p1 new coords aa 11.293370516030018, 1.4112852563693052, -0.038846430468452486
p1 new coords aa 11.26876855802934, 1.7080563152718657, -0.24113939520270883
p1 new coords aa 11.072048172810359, 1.7695108147650387, -0.23620838672502026
p1 new coords aa 10.980885308445002, 1.995551749613281, -0.07878563698818336
p1 new coords aa 11.007137517577888, 2.0931779860254665, 0.06922778713928532
p1 new coords aa 10.994565730782256, 2.0120755799151837, 0.005710688328852034
p1 new coords aa 10.95090359192109, 1.7616684973219152, -0.12954671725557682
p1 new coords aa 10.99236053831706, 1.8808114153504956, -0.12901480722995234
p1 new coords aa 10.865982729352577, 1.4760118834106055, -0.04841141089200619
p1 new coords aa 11.036304869691493, 1.2897216944636922, 0.13791560650931367
p1 new coords aa 11.059735975110787, 1.2613986993093937, 0.14090614202315213
p1 new coords aa 11.038915129540948, 1.1707229176230425, 0.21998204668734525
p1 new coords aa 10.968533908908062, 1.436684054349359, 0.07446624376534244
p1 new coords aa 10.562386497943471, 1.2398213268780338, 0.10787428824547964
p1 new coords aa 10.234593528348206, 1.1012956049943654, -0.06018340638811605
p1 new coords aa 10.412852599117857, 1.1157229611289536, -0.09442273392307227
p1 new coords aa 10.397383424797779, 0.9287979252965259, -0.04762378804400291
p1 new coords aa 10.472932910032034, 1.3088743066257167, -0.09241552530752606
p1 new coords aa 10.265487193945189, 1.161760623056278, -0.03882563288964769
p1 new coords aa 10.61491758806765, 1.1424887366671004, -0.06262803198381683
p1 new coords aa 10.228817936845905, 1.0539640435978321, 0.02051935709000663
p1 new coords aa 10.401698592422628, 1.2573156317568759, 0.21105012778901755
p1 new coords aa 10.35636149833386, 1.1856136000344495, 0.2953034271488938
p1 new coords aa 10.42288660720827, 1.0414380373796797, 0.3073018662451596
p1 new coords aa 10.207852224293582, 1.2803272950903117, 0.3095287737404821
p1 new coords aa 9.8612169330188, 1.210019989623143, 0.14806578682026142
p1 new coords aa 9.808913650380667, 1.1161974661480938, 0.19173072457833207
p1 new coords aa 9.784212463129, 1.1493322138956599, 0.07229163309923475
p1 new coords aa 9.823337606935151, 1.0743132059595077, 0.12361116585567863
p1 new coords aa 9.779659592123886, 0.7749255942569069, 0.14829939640053919
p1 new coords aa 9.87383862933797, 0.8229146384739154, 0.3420164276530213
p1 new coords aa 9.686300000802074, 0.8667337962576838, -0.004460997318830595
p1 new coords aa 9.71995058114255, 0.915834230094733, 0.053714169201853214
p1 new coords aa 9.807764662081878, 0.8849333708376322, -0.15085039823565874
p1 new coords aa 9.890921059623734, 1.0227715228732164, -0.15454953684120099
p1 new coords aa 10.167603334106143, 0.8396492238659934, 0.08077672349199275
p1 new coords aa 10.484297479800823, 0.6870508651680669, 0.1400366039653938
p1 new coords aa 10.425498195946407, 0.433859348146343, 0.23942405364500366
p1 new coords aa 10.353326782303025, 0.3416166435113095, -0.020700912682770217
p1 new coords aa 10.292056359812369, -0.010231854601976786, -0.07461448662338503
p1 new coords aa 10.386043618718434, -0.04858096122108788, 0.13138674227169067
p1 new coords aa 10.382587184526047, 0.2490261280172418, 0.04432575664289723
p1 new coords aa 10.210765417976493, 0.00826514271128917, -0.21892993628530227
p1 new coords aa 10.332753559962548, -0.08385808159250259, 0.05891640764518957
p1 new coords aa 10.308293058819638, -0.13581854186093106, 0.07967353104624182
p1 new coords aa 10.428321429625047, 0.011763549064798456, -0.09687505144435123
p1 new coords aa 10.49345965365511, 0.29110284423506083, 0.08929873790990973
p1 new coords aa 10.486081844305122, 0.275524569371687, -0.04325192936041665
p1 new coords aa 10.329273843981127, 0.48369171111990705, -0.1549613112205202
p1 new coords aa 10.045887695636972, 0.2674859332584718, 0.14466762699980978
p1 new coords aa 10.320531567866698, 0.4088394058798215, 0.29956918437245783
p1 new coords aa 10.100274496203388, 0.3799392066638468, 0.36463577265774544
p1 new coords aa 10.33061445622745, 0.36996539753624685, 0.09027231214972192
p1 new coords aa 10.042156169363665, 0.4052996289099381, 0.08249462530326858
p1 new coords aa 10.072635752820382, 0.2541449433870876, 0.030590890685676435
p1 new coords aa 10.065842857100037, 0.1446912945849285, -0.03379010677475224
p1 new coords aa 9.975050593994007, 0.2853111007255966, -0.13593535019134884
p1 new coords aa 10.089610512103322, 0.12209944534883099, -0.13864368374871827
p1 new coords aa 10.065484652954074, 0.3759020596496523, -0.10919321799036276
p1 new coords aa 9.934595397166273, 0.3202099787356851, -0.3557936894300599
p1 new coords aa 9.952747220186664, 0.3136726313766177, -0.16186567744003197
p1 new coords aa 10.075730778166896, 0.1731114338369796, -0.02766155626554459
p1 new coords aa 10.207418602208907, 0.14984712860366886, -0.011366423210495288
p1 new coords aa 10.273079927335484, 0.25490090602113946, -0.14638287161866476
p1 new coords aa 10.313601272572953, 0.2938579873712468, -0.032920581816402214
p1 new coords aa 10.182647084785735, 0.40502747896447666, 0.08377372206205816
p1 new coords aa 10.51709874482011, 0.36431676495907206, -0.020116143354263205
p1 new coords aa 10.322154481494048, 0.00662596464145776, -0.01035933594659925
p1 new coords aa 10.218800372288898, 0.22568021703638239, 0.17262513708132465
p1 new coords aa 10.18749793214589, 0.17381587386330022, -0.025851292133342363
p1 new coords aa 10.00332073022648, 0.0672312696826448, -0.059254575642980575
p1 new coords aa 10.012660370134258, 0.1741901288172171, -0.09979466496216947
p1 new coords aa 9.925634294102064, -0.018882858844831624, -0.32024271448600733
p1 new coords aa 9.860657111624288, 0.053678118578385725, -0.25682851544029106
p1 new coords aa 9.662735891223381, -0.03230464925491423, -0.3231776833348806
p1 new coords aa 9.615529738619609, 0.27170485567878366, -0.23822024800431899
p1 new coords aa 9.634510907028089, 0.3284113289810817, 0.06455516338575298
p1 new coords aa 9.43549076674406, 0.08982515385024725, 0.15476787470633652
p1 new coords aa 9.523390752710318, 0.387607158580682, 0.2822819731080499
p1 new coords aa 9.61941614243283, 0.15960778921028576, 0.05043549098328634
p1 new coords aa 9.572222580034937, 0.22056696709509777, 0.2883242924125188
p1 new coords aa 9.521809084787566, 0.08134937862132247, 0.23082432175740017
p1 new coords aa 9.5832979857452, 0.27381512393033103, 0.10435270615818432
p1 new coords aa 9.899624423283136, 0.22565971769866847, 0.09464391960897647
p1 new coords aa 9.717632648862216, 0.3869050633235024, -0.011123986236059064
p1 new coords aa 9.813016154575825, 0.5397664018461839, -0.14576467697875564
p1 new coords aa 9.816139417323846, 0.7600004339059183, 0.022620000251067945
p1 new coords aa 9.942542862506288, 0.6682239838070203, 0.2532178512201998
p1 new coords aa 10.05075537906061, 0.66089652563677, 0.06734431582837602
p1 new coords aa 9.972207707987163, 0.6831573537040116, -0.22987469604313215
p1 new coords aa 9.89935683246788, 0.7548448368447481, -0.1942242004205142
p1 new coords aa 10.11137490809761, 0.752380195395578, 0.04688704544311162
p1 new coords aa 10.270852011026347, 0.9704846454810536, -0.09517596646437543
p1 new coords aa 10.165900805971292, 0.8429888325329101, -0.1820063910212399
p1 new coords aa 10.303200788454138, 0.6023642617881465, -0.2232729327481579
p1 new coords aa 10.35109873193971, 0.6762392169209396, -0.27176505543733254
p1 new coords aa 10.620501596161805, 0.5283072087395644, -0.314859747669066
p1 new coords aa 10.532984482563917, 0.5396056702042354, -0.2856589222895675
p1 new coords aa 10.730182046622824, 0.6840294671014604, -0.042765125779930024
p1 new coords aa 10.54786279397576, 0.6763270920097292, -0.03785220397280496
p1 new coords aa 10.842002826707123, 0.8226993971690876, -0.0921290132269971
p1 new coords aa 10.641048363476049, 0.7593788133456031, -0.21480324023870292
p1 new coords aa 10.632464221389144, 0.6847115739400749, -0.005020658186231597
p1 new coords aa 10.650263422156758, 0.6792090341969091, 0.01723881031481983
p1 new coords aa 10.740430079796559, 0.838540140724654, 0.03521589153364278
p1 new coords aa 10.859293947820559, 0.7848903901283372, 0.16184559778044139
p1 new coords aa 10.59659115045759, 1.0202029496450855, -0.07047671919107035
p1 new coords aa 10.480614445147017, 0.9739715276394896, -0.26459260137016327
p1 new coords aa 10.644743224074523, 1.1899317648802143, -0.23268321223254235
p1 new coords aa 10.629598400985452, 1.250158613340737, -0.0648467519527034
p1 new coords aa 10.526302337988415, 1.473000291359583, -0.03769783250043826
p1 new coords aa 10.427460897852498, 1.3341862964058644, -0.257570148364789
p1 new coords aa 10.7054829870224, 1.2257375428670012, -0.3306083694820741
p1 new coords aa 10.764457609669767, 1.2504282700804032, -0.14606524026266698
p1 new coords aa 10.980151129914358, 1.2360965248766451, -0.21349182149721288
p1 new coords aa 11.214300541847916, 0.9470838705987988, -0.1343410014616262
p1 new coords aa 11.312761555953172, 0.9003373402238426, -0.19640278574883302
p1 new coords aa 11.390927379362614, 0.9163953299085299, -0.23612723990437237
p1 new coords aa 11.40177154009124, 0.9547521645625302, -0.2190410657357085
p1 new coords aa 11.243610302250147, 0.8106700996580167, -0.02620457384740446
p1 new coords aa 11.090845935258498, 0.8388014217741626, -0.24829288399997582
p1 new coords aa 11.266451756090772, 1.0636355336176442, -0.05896570606650353
p1 new coords aa 11.383220454934522, 1.104694686892005, -0.2632876253241201
p1 new coords aa 11.19640769226993, 1.0618964646202835, -0.04465250678767449
p1 new coords aa 11.096168245298808, 1.0984714518100127, 0.13743581048493506
p1 new coords aa 11.191365016531238, 1.0977978655512224, 0.11045652369306591
p1 new coords aa 11.291133513892946, 1.0415623482775265, 0.19035966903584528
propagatePair
dist: 0.17320508075688712
dist: 0.16382285646108122
dist: 0.41293151897333175
dist: 0.6376439455212555
dist: 0.6774866270894846
dist: 0.8251682261441969
dist: 1.0338806343900249
dist: 0.7081485047124259
dist: 0.8849986448090565
dist: 0.7954387728097664
dist: 0.9255380966280071
dist: 1.2417248265547411
dist: 1.4361335793401064
dist: 1.5760995285998218
dist: 1.6823430346278871
dist: 1.6610755830433834
dist: 1.6256376611124344
dist: 1.8075911059425813
dist: 2.089040245915025
dist: 2.1079680306781134
dist: 1.945626975012804
dist: 1.5942697883954526
dist: 1.371406896007612
dist: 1.5926953107032422
dist: 1.8675055391917075
dist: 1.534149340091584
dist: 1.5566267804258063
dist: 1.4321082595125194
dist: 1.1712325427814172
dist: 0.8458978316367013
dist: 1.0479156469430395
dist: 0.8927872150159026
dist: 0.649599761177649
dist: 0.5596448937500688
dist: 0.4309282270772035
dist: 0.1306282775160388
dist: 0.4194140318049345
dist: 0.4916188637703942
dist: 0.4645751986580251
dist: 0.9865216649149048
dist: 0.6830002599701825
dist: 0.5754538718896807
dist: 0.7491809096035815
dist: 0.6264618124389831
dist: 0.6174424810548824
dist: 0.6489809454102199
dist: 0.8821058603568219
dist: 0.5164896735351412
dist: 0.42707362712731023
dist: 0.5626166584859388
dist: 0.4750923556007398
dist: 0.7785411793522302
dist: 0.9359347703510468
dist: 0.9228431090998552
dist: 0.8806822034116569
dist: 0.9933685800111358
dist: 0.8583496122371702
dist: 1.2346346980280924
dist: 1.0435667612394477
dist: 1.1052751991613685
dist: 0.9778545884294911
dist: 1.4458144561189976
dist: 1.7661811847734306
dist: 1.527764757666409
dist: 1.5803652217503832
dist: 1.3765989187194212
dist: 1.5591025472988265
dist: 1.3749418269625897
dist: 1.2273737134314562
dist: 1.1493228353519727
dist: 1.421376313921853
dist: 1.362947615148565
dist: 1.6293178528122547
dist: 1.7459360019785586
dist: 1.8523526683739295
dist: 1.7199141906598572
dist: 1.785882232105378
dist: 1.835914319644877
dist: 1.6769395207016624
dist: 2.106865604432514
dist: 2.603480269885278
dist: 2.613746397394431
dist: 2.582909959691726
dist: 2.4945284927420674
dist: 2.549843882343299
dist: 2.4773218489313886
dist: 2.694183974210214
dist: 2.972866708617027
dist: 2.808728646955475
dist: 2.709568895134855
dist: 2.7642415088098518
dist: 2.6951786263969497
dist: 2.779192782508952
dist: 2.993225506745585
dist: 2.933784004523448
dist: 2.8615376698634565
dist: 3.1128184340365657
dist: 3.249519748467793
dist: 3.8226085664640075
dist: 4.087601322617988
dist: 4.228843955291874
dist: 3.743183693762744
dist: 3.446058074539315
dist: 3.5643565856411663
dist: 3.558824310169002
dist: 3.5767588946381377
dist: 3.3472903611460914
dist: 3.1302753558519134
dist: 3.422247329769384
dist: 3.3190467688819725
dist: 3.5072556497114156
dist: 3.2102858800397462
dist: 3.3826063070690116
dist: 3.6494047980731104
dist: 3.7285903580382804
dist: 4.106404779768433
dist: 4.30825752866855
dist: 4.375161111040989
dist: 4.254888898325781
dist: 4.374246158681367
dist: 4.090748693653908
dist: 3.996651955158118
dist: 3.884121176726389
dist: 4.070298141292449
dist: 3.9810136595545655
dist: 3.8493972724294983
dist: 4.205700969826468
dist: 4.116868481866123
dist: 3.953398208865319
dist: 3.6773487942545184
dist: 3.6146001851122778
dist: 3.5544982456104988
dist: 3.519020357159866
dist: 3.585177722842614
dist: 3.8597653951501076
dist: 3.971655112045316
dist: 3.837205753989545
dist: 3.9661820549250817
dist: 4.205108717146425
dist: 4.051544264485761
dist: 4.159299840493539
dist: 3.8541587014019827
dist: 3.51448399141912
dist: 3.726531745069158
dist: 3.6744781828414483
dist: 4.120033242096014
dist: 3.9721225638695414
dist: 4.064940261648158
dist: 3.8819421094223836
dist: 3.841247052671045
dist: 3.671409683750534
dist: 3.6001935736132364
dist: 3.8964468317293837
dist: 3.372147642395896
dist: 3.4121883179418635
dist: 3.333764734383315
dist: 3.14805682115032
dist: 2.8408510661346895
dist: 2.9637450972397663
dist: 3.0507291025815144
dist: 3.0590325062915764
dist: 3.0427997812441063
dist: 3.127589735271304
dist: 2.856103928179131
dist: 3.0498958293290337
dist: 3.1967573067918784
dist: 2.950516667905244
dist: 3.4045798611863836
dist: 3.465530540528218
dist: 3.78720127391273
dist: 3.7554238039877044
dist: 3.726584496502611
dist: 3.9423643104790504
dist: 4.035125462036943
dist: 3.9043344344808286
dist: 3.8348023857858484
dist: 4.052972186838187
dist: 4.075315897355856
dist: 4.145573338871652
dist: 4.349650281304043
dist: 4.466712975509116
dist: 5.035077444868103
dist: 4.8296673444694465
dist: 4.392521650436801
dist: 4.507757682233649
dist: 4.422534858163811
dist: 4.444142838042261
dist: 4.679117157074178
dist: 4.482685515577274
dist: 4.4107950117910955
dist: 4.359030106330687
dist: 4.606339386820647
dist: 4.680574870111983
dist: 4.604631977407411
dist: 4.3117026065607975
dist: 4.4190726411938765
dist: 4.162674469111315
dist: 3.9210739480792975
dist: 3.649547866932047
dist: 3.6640520748755856
dist: 3.5281678918752384
dist: 3.51857633164232
dist: 3.5473359698181004
dist: 3.322493445276383
dist: 3.2635874779977625
dist: 3.5528289474512493
dist: 3.680704532743685
dist: 3.631062758184905
dist: 3.43113811387038
dist: 3.196160404400674
dist: 3.2200817597160123
dist: 3.1682708977524943
dist: 3.271022742695835
dist: 3.2787761361105248
dist: 3.2063739437656427
dist: 3.6812151965915394
dist: 3.9577935738287096
dist: 4.026451778024042
dist: 4.003053856259562
dist: 4.249688670115837
dist: 4.168345092313045
dist: 4.075116697758981
dist: 3.86328047022332
dist: 3.7638590929631586
dist: 3.412401992336609
dist: 3.2858913591296846
dist: 3.1541604228814872
dist: 3.381337358557836
dist: 3.1737307804913715
dist: 2.924593581792367
dist: 3.0965690714248164
dist: 2.8505840888536333
dist: 3.065132193714607
dist: 2.9770612656060105
dist: 3.0293857447134864
dist: 2.8933774259362632
dist: 2.67963198685532
dist: 2.841126783268156
dist: 2.951900431952427
dist: 3.1599120999521415
dist: 2.9669728156357262
dist: 2.997232723848447
dist: 2.958889430881564
dist: 2.8480393218970113
dist: 3.0618052850212614
dist: 3.246263594101517
dist: 2.6725763259375688
dist: 2.627130348913553
dist: 2.730760639028811
dist: 2.6986915725522613
dist: 2.731047505611481
dist: 3.016069866798838
dist: 3.174939186527625
dist: 2.9278805145156297
dist: 2.731075646398697
dist: 3.180462804978519
dist: 3.4473609290833904
dist: 3.5169631143152307
dist: 3.8203913764092428
dist: 3.847850859249337
dist: 3.9728094823760003
dist: 3.989896349160619
dist: 4.0922734262392915
dist: 3.8313906201301955
dist: 3.8127970170678878
dist: 3.6210519487162913
dist: 3.456025247618331
dist: 3.4405387358173374
dist: 3.7567027353348985
dist: 3.8555682822026114
dist: 3.766585834553323
dist: 3.658103820888418
dist: 3.3638575784185147
dist: 3.2268511826548303
dist: 3.547051179716496
dist: 3.265030918453983
dist: 3.0474307840338364
dist: 2.983059006327953
dist: 3.1847182508176872
dist: 3.4849568928459846
dist: 3.4905750629884458
dist: 3.5713264768666853
dist: 3.387338725023887
dist: 3.14332504110125
dist: 3.242218044095753
dist: 3.0144538595742576
dist: 2.8543731065381905
dist: 2.4227334357736194
dist: 2.383488864820181
dist: 2.571277447784122
dist: 2.394703547264918
dist: 2.182750617763514
dist: 2.2197594346790637
dist: 2.267735655556844
dist: 2.2104582383288465
dist: 1.9837951863346597
dist: 2.122839606740652
dist: 2.235285743620436
dist: 2.4675431706207736
dist: 2.5275269764853023
dist: 2.380174044095234
dist: 2.17288268632133
dist: 2.0925384506430365
dist: 1.9672341281905872
dist: 1.6408379039445533
dist: 1.4317113262167205
dist: 1.3410049079871247
dist: 1.4336526945775354
dist: 1.4584043680260117
dist: 1.6219117872637205
dist: 1.4752662160247938
dist: 1.5456335959127856
dist: 1.7220765629141828
dist: 1.6866555424188456
dist: 1.7375517664869344
dist: 1.7582231806740432
dist: 2.2612485347546416
dist: 2.0191868482684336
dist: 2.025609583558168
dist: 1.947650821887244
dist: 1.7871890434734414
dist: 1.9344616103694112
dist: 2.1977660878343244
dist: 2.3880758361248606
dist: 2.5704528741079438
dist: 2.461551038279091
dist: 2.3089160614878925
dist: 2.458734738040333
dist: 2.1727883503333767
dist: 2.3219715753759202
dist: 2.356745526589815
dist: 2.6253527007668507
dist: 2.391730287798962
dist: 2.44039206719991
dist: 2.4783576071351594
dist: 2.5432674258490056
dist: 2.4559276567100787
dist: 2.7889043346428757
dist: 2.875070985855942
dist: 2.788325640023335
dist: 2.904461460102119
dist: 2.8576292980761013
dist: 2.797032473415084
dist: 2.492525548371967
dist: 2.2922604623994367
dist: 2.341965375583896
dist: 2.537116384324741
dist: 2.2378641344625922
dist: 1.8275329012677555
dist: 1.992020829785435
dist: 1.7224124624603296
dist: 1.8462045638030367
dist: 2.0207795056368294
dist: 2.388496720398906
dist: 2.6850856087605868
dist: 2.6710821102847233
dist: 2.4867522410489253
dist: 2.0090303476038827
dist: 2.2586497006330317
dist: 2.274923258066643
dist: 2.2224089905537774
dist: 2.3243832051832407
dist: 2.516949826271808
dist: 2.358911831676292
dist: 2.21012523987437
dist: 2.3961284113429353
dist: 2.680099136343009
dist: 2.8257943544253408
dist: 3.0453057498333345
dist: 2.762685935828456
dist: 2.5880984248024888
dist: 2.4399815335980373
dist: 2.2656589077333757
dist: 1.6674284588789243
dist: 1.6146521532780234
dist: 1.4960041587963693
dist: 1.7989894877928658
dist: 1.8264370544314565
dist: 1.538695861302702
dist: 1.3324488797848357
dist: 1.4380627394200158
dist: 1.7086701708207779
dist: 1.698130384083659
dist: 1.6771001877659308
dist: 1.7872971209964519
dist: 2.0285999882399115
dist: 1.99032135163433
dist: 1.8595584357980581
dist: 1.3346217584688245
dist: 1.254060722724734
dist: 1.2091872776086012
dist: 1.122351627974747
dist: 1.2012603255552645
dist: 0.9480966857922372
dist: 1.2027940080944655
dist: 1.1650099581693896
dist: 0.8359574774708525
dist: 1.0165807856374558
dist: 1.1295329050686271
dist: 1.2885035842707235
dist: 1.5665161447124027
dist: 1.7003063020769775
dist: 1.9109566135455913
dist: 1.8615615923229667
dist: 1.8424649793800167
dist: 1.681677739955485
dist: 1.5864870341301298
dist: 1.6305738421073364
dist: 1.9502995177135893
dist: 2.0063052027774964
dist: 1.930401236323677
dist: 1.8214085816225998
dist: 1.5696037480535743
dist: 1.541359992821178
dist: 1.6878053272851594
dist: 1.7217285741457093
dist: 1.7195618428635424
dist: 1.6883166840075998
dist: 1.6423252932243613
dist: 1.785018870081591
dist: 1.7360413767821374
dist: 1.8226524456224822
dist: 1.7290120128035977
dist: 1.7597036184997914
dist: 1.7594750923110893
dist: 1.4060205134488193
dist: 1.4344246977799178
dist: 1.2782492388233162
dist: 1.1591849457577146
dist: 1.3454962072989503
dist: 1.6703466848921953
dist: 1.4734863234455435
dist: 1.2239452211066824
dist: 1.241586585043444
dist: 1.3019621996581747
dist: 1.249152337585731
dist: 1.4624256204144879
dist: 1.4697698994164465
dist: 1.6358579338541122
dist: 1.5321040953842857
dist: 1.7836396427550112
dist: 1.6455251961099426
dist: 1.6222488728567135
dist: 1.7022599509444005
dist: 1.9454217511625942
dist: 1.759042021486149
dist: 1.37243280725312
dist: 1.5310663707840064
dist: 1.6820004323712372
dist: 1.6139766501775044
dist: 1.56339433398196
dist: 1.766733473435028
dist: 1.9329261619182303
dist: 2.180118729997555
dist: 2.192693714895939
dist: 1.9762406111780153
dist: 2.180153553865201
dist: 2.0100966437396597
dist: 2.126411353857415
dist: 2.0598205332860853
dist: 2.0633946572822843
dist: 2.2719888710373795
dist: 2.381042627531601
dist: 2.5358897087177654
dist: 2.8290559100172588
dist: 2.723926621203618
dist: 2.876401867051583
dist: 2.7713044450906366
dist: 3.010584512226123
dist: 3.0558252859129844
dist: 3.0707848895356924
dist: 3.46203988824395
dist: 3.537481315956791
dist: 3.7487286752903337
dist: 3.754830822315299
dist: 3.4606449755797466
dist: 3.5269664943966736
dist: 3.8745954597355605
dist: 3.7126693942941453
dist: 3.764815814408378
dist: 3.6844719850207426
dist: 3.7168845617552337
dist: 3.6617047975203687
dist: 4.039682583963838
dist: 3.9909858687441564
dist: 3.8301310410573666
dist: 3.804370357496136
dist: 3.696092786868243
dist: 3.998251647284475
dist: 3.967721418500528
dist: 4.146475717573442
dist: 4.4147981860381735
dist: 4.675567055961633
dist: 5.00754011555203
dist: 4.971596078832088
dist: 4.698915431266034
dist: 4.570805498579087
dist: 4.399737304428845
dist: 4.286785243317477
dist: 4.264664511105687
dist: 4.451282931231573
dist: 4.437886742887604
dist: 4.393481766381589
dist: 4.5951107661906665
dist: 4.5239831085730335
dist: 4.510658651746332
dist: 4.367669984689856
dist: 4.6997587293521095
dist: 4.577001019612851
dist: 4.3951942053813955
dist: 4.355986543625646
dist: 4.4126709101033486
dist: 4.490885075700641
dist: 4.495300039989061
dist: 4.424112025781894
dist: 4.69411657906124
dist: 4.606550119121656
dist: 4.10785103880456
dist: 4.266220129103664
dist: 4.105350088445125
dist: 4.216023143346594
dist: 4.233502242826135
dist: 4.456180367616153
dist: 4.278377662601941
dist: 4.2864160293373885
dist: 4.617297366810102
dist: 4.512740287083421
dist: 4.15753626951084
dist: 4.085571190286007
dist: 4.218018870329267
dist: 3.9484745056742554
dist: 3.6825326618527345
dist: 3.609246025573254
dist: 3.583186713632201
dist: 3.521004352254904
dist: 3.370587953512223
dist: 3.124063609346884
dist: 2.977022857761405
dist: 2.739816772979912
dist: 2.316429454249175
dist: 2.191336433062729
dist: 1.9632001398635033
dist: 1.9810482874755333
dist: 1.9818327320938158
dist: 1.988326172953995
dist: 2.017384526713424
dist: 2.013070525674933
dist: 2.1066038337727164
dist: 2.305587754583265
dist: 2.5098911100906527
dist: 2.553136683912359
dist: 2.7428448215234877
dist: 2.9167357054548275
dist: 2.551710116623175
dist: 2.3589192566011987
dist: 2.388708253784716
dist: 2.0284980607860685
dist: 2.2140084539053158
dist: 2.0196240102683456
dist: 2.480174020781142
dist: 2.723987239921808
dist: 2.5453265718221245
dist: 2.6533328261832954
dist: 2.526808416807119
dist: 2.218689952685362
dist: 1.8608971022760132
dist: 1.843237996868102
dist: 2.130648062078031
dist: 2.4500845952275965
dist: 2.5483255443110355
dist: 2.756350911860106
dist: 2.914466555297829
dist: 3.4216836514187037
dist: 3.7565333764662827
dist: 3.8719034612626935
dist: 4.021717533830608
dist: 3.9766839716352207
dist: 4.075103154578596
dist: 4.066260375542785
dist: 3.821685548446464
dist: 3.768808860938244
dist: 3.7123907841969115
dist: 3.7752964766969734
dist: 3.7328461176706424
dist: 3.5556908886155023
dist: 3.520804878353336
dist: 3.5180179487937804
dist: 3.342627819653266
dist: 3.4421435533482843
dist: 2.9808647135516484
dist: 2.926145383393949
dist: 2.91396377123022
dist: 2.875547669785528
dist: 2.885945880016947
dist: 3.0840442042231984
dist: 3.1302569208734856
dist: 3.1283698056338576
dist: 3.284190713671202
dist: 3.408502761057507
dist: 3.619606645545248
dist: 3.4939201714487935
dist: 3.2760150361671614
dist: 3.181733305266106
dist: 2.847764904489522
dist: 3.0072686385505096
dist: 2.8003309389568734
dist: 2.6107128119372542
dist: 2.7786439126489597
dist: 2.32534377605936
dist: 2.1480904006272423
dist: 2.324231230108862
dist: 2.404466285692214
dist: 2.43182002140114
dist: 2.62558551428869
dist: 2.8812373587508247
dist: 3.1603626839006673
dist: 3.3464753938424403
dist: 3.4899773278241035
dist: 3.4808090213433296
dist: 3.5845895597700728
dist: 4.111393346354371
dist: 4.159320712314992
dist: 4.254557502854876
dist: 4.41537056981441
dist: 4.151445048404222
dist: 4.02498089145888
dist: 3.7246319820358784
dist: 4.309358109720125
dist: 4.583808180698904
dist: 4.628401489840797
dist: 4.548315600266997
dist: 4.36446761216339
dist: 4.412454356457894
dist: 4.197572082758155
dist: 4.276850318468587
dist: 4.0830770317725396
dist: 4.12046825475252
dist: 4.08458481827527
dist: 4.1141220509216145
dist: 4.139038427748768
dist: 4.100244409523455
dist: 4.084312591304073
dist: 3.8908305156508387
dist: 4.216286787568033
dist: 4.15722670382317
dist: 4.237834951652018
dist: 4.374516131226188
dist: 4.51673210032709
dist: 4.502000287592397
dist: 4.723391513684395
dist: 4.8856343155951105
dist: 4.918907623867935
dist: 4.952054800009074
dist: 5.077570797138708
dist: 4.806274971122823
dist: 4.619989084279825
dist: 4.4908873939463385
dist: 4.6485577493070585
dist: 4.672549108371073
dist: 4.955585673124775
dist: 4.89812380014903
dist: 4.748338721470881
dist: 4.434771012489821
dist: 4.739960590739553
dist: 4.684499271471474
dist: 4.4653045353715
dist: 4.376522633311279
dist: 4.528801818692314
dist: 4.366466542783803
dist: 4.304653143328403
dist: 4.423311584746242
dist: 4.372707627854103
dist: 4.250937744078919
dist: 4.241036582717873
dist: 4.531291083948742
dist: 4.546567799302547
dist: 4.348023906293255
dist: 4.283660653036916
dist: 4.044073095489422
dist: 4.029060694192253
dist: 4.2758967693002345
dist: 4.338933536650274
dist: 4.3339925002700035
dist: 4.248344839630271
dist: 3.990035946335918
dist: 4.192646979221053
dist: 4.3040272202195125
dist: 4.0843367961289365
dist: 3.9902856020346094
dist: 3.9432359269427115
dist: 4.44142223391264
dist: 4.448762738972748
dist: 4.4604941468329615
dist: 4.193991526914436
dist: 4.355466661132328
dist: 4.458759879745485
dist: 4.741362388656523
dist: 4.383509586587986
dist: 4.68243899950658
dist: 4.5694558942391765
dist: 4.550039862569081
dist: 4.599902364962195
dist: 4.751762733402368
dist: 5.077498698259506
dist: 5.011491827374736
dist: 5.1507408786396
dist: 4.900622101911
dist: 4.72443371305032
dist: 4.6625223361743755
dist: 4.652619799028478
dist: 4.927647333281584
dist: 5.133486216915489
dist: 5.240530246752502
dist: 5.406390285289822
dist: 5.546453370657487
dist: 5.784798694323469
dist: 5.739560449191639
dist: 5.9717602984122395
dist: 6.190649785000962
dist: 5.853237827286804
dist: 5.778965465857452
dist: 6.020137933673815
dist: 5.881662475866472
dist: 5.787666363266231
dist: 5.714199411746161
dist: 5.722364495053077
dist: 5.896413319955087
dist: 6.297715611798341
dist: 6.4723095618531215
dist: 6.507175194678702
dist: 6.866250056177818
dist: 7.161271493064158
dist: 7.1745113042166
dist: 7.220228006671092
dist: 7.403364976699916
dist: 7.670963708396806
dist: 7.74550692638017
dist: 7.771781961190438
dist: 8.137984844848653
dist: 7.950120841196233
dist: 8.072649086190156
dist: 7.938199107674613
dist: 7.9271287806098565
dist: 8.230074345550307
dist: 8.166415584696383
dist: 8.079881033068027
dist: 8.039721738126046
dist: 8.275107662981915
dist: 8.275372705857949
dist: 8.241858448264582
dist: 8.372837943715334
dist: 8.35392211325973
dist: 8.695525269297763
dist: 8.785240454107178
dist: 8.753011228140688
dist: 8.88573786128806
dist: 8.565553644975079
dist: 8.645992983095386
dist: 8.532554416229514
dist: 8.227532958826146
dist: 8.122501749026439
dist: 8.01636438707952
dist: 7.7609829138524065
dist: 7.741246923765289
dist: 7.82655154512455
dist: 7.669075333540212
dist: 7.471361914897623
dist: 7.513967798172192
dist: 7.392713343333563
dist: 6.955978478494859
dist: 7.068044718228466
dist: 7.180293084789844
dist: 7.54393942994663
dist: 7.646370999391614
dist: 7.278373343463057
dist: 7.162348575538843
dist: 6.952269910725872
dist: 7.058873164859827
dist: 6.943230404664465
dist: 6.932155315760669
dist: 6.763499234166794
dist: 6.837664359108945
dist: 6.564336682525477
dist: 6.759729732224802
dist: 6.426252077058588
dist: 6.536781876706576
dist: 6.713398593728215
dist: 6.3677916102951455
dist: 6.827766533427617
dist: 6.7375612480194995
dist: 6.602001208492102
dist: 6.595854309197492
dist: 6.370262574304317
dist: 6.5326875461260565
dist: 7.277727178546124
dist: 7.447605135466134
dist: 7.305091887748416
dist: 7.267436123327123
dist: 7.649354048168507
dist: 7.782711643029033
dist: 7.960825669774927
dist: 8.157858680018537
dist: 8.335007188810136
dist: 8.474331567907717
dist: 8.549311089822499
dist: 8.477684546017732
dist: 8.677654245713045
dist: 8.98617123961347
dist: 8.875472020309955
dist: 9.215557948251796
dist: 9.483195085336037
dist: 9.690474019491733
dist: 9.663801132063256
dist: 9.790197536467899
dist: 9.933143059225385
dist: 9.875041763149103
dist: 9.91040209716179
dist: 10.000830254850941
dist: 10.027524997785564
dist: 10.23531663933555
dist: 10.221460847038772
dist: 9.780155322119606
dist: 9.965860037232043
dist: 10.01594722903493
dist: 9.919745425148948
dist: 9.92840376297359
dist: 9.83775883648673
dist: 9.836775849312355
dist: 9.892033736476069
dist: 10.02928390554617
dist: 9.724648544936425
dist: 9.829353542712191
dist: 9.860359225090301
dist: 9.938711055092902
dist: 9.978838460568161
dist: 9.902261277577447
dist: 10.097912543366798
dist: 9.951833638334634
dist: 9.549367027533865
dist: 9.431020956833162
dist: 10.087026170701058
dist: 10.016034175633308
dist: 10.010331967944996
dist: 10.215986931711655
dist: 9.928356080846367
dist: 9.647992381422476
dist: 9.503253560586064
dist: 9.50980384278008
dist: 9.38076693451599
dist: 9.106551308001437
dist: 9.12220894315548
dist: 9.31120947942928
dist: 9.103637960291548
dist: 9.088266669703252
dist: 8.958988859285604
dist: 8.77004965813109
dist: 8.752658068069643
dist: 8.508302859363669
dist: 8.607417741339288
dist: 8.479029873808702
dist: 8.522756190297795
dist: 8.48223567506928
dist: 8.388613285839476
dist: 8.47827665714025
dist: 8.494172713163968
dist: 8.152597480740265
dist: 8.416086861020723
dist: 8.538114093866733
dist: 8.313289046727917
dist: 8.234432551681921
dist: 8.141188699273648
dist: 8.329274461822553
dist: 8.10768573855255
dist: 8.276465306934703
dist: 8.403197714641697
dist: 8.425218269657263
dist: 8.481777627181675
dist: 8.568211503798796
dist: 8.594384159118764
dist: 8.552741189227014
dist: 8.125749789645011
dist: 7.851654809624173
dist: 7.997073592736161
dist: 7.983284059916309
dist: 7.840354092398486
dist: 7.706498368900693
dist: 8.044601764451304
dist: 8.08646675328836
dist: 7.901125532635654
dist: 7.941351329610074
dist: 7.695166663703523
dist: 7.378221119292003
dist: 7.765807937809069
dist: 7.61588873159121
dist: 7.582818991886869
dist: 7.545461927984247
dist: 7.622807839924911
dist: 7.518929279557512
dist: 7.500121765900816
dist: 7.513120235116516
dist: 7.387119871620424
dist: 7.5436184175491094
dist: 7.473920902052896
dist: 7.518530505209056
dist: 7.270450402836304
dist: 7.138639978177196
dist: 6.94525197787543
dist: 7.410671672396212
dist: 7.281751465039402
dist: 7.377940026280641
dist: 7.713201187910493
dist: 7.868992440847225
dist: 8.015156709186117
dist: 8.329788120069745
dist: 8.218604427169772
dist: 8.398374083395781
dist: 8.30972160583604
dist: 8.468525868221473
dist: 8.557018195737376
dist: 8.392760281267583
dist: 8.107361657266656
dist: 7.605627317018643
dist: 8.043895447906104
dist: 8.287262721827247
dist: 8.160703269606044
dist: 8.301178543400091
dist: 7.953429252634196
dist: 7.971686550484944
dist: 8.133658348126119
dist: 7.86959550079881
dist: 7.962067808951791
dist: 7.880934690860894
dist: 7.798736218248695
dist: 8.144336490230058
dist: 8.43397662621304
dist: 8.1466402855115
dist: 8.31373826214071
dist: 8.498400917319769
dist: 8.584300389151819
dist: 8.4758839114661
dist: 8.055286010678396
dist: 8.131146279333409
dist: 8.172253697517437
dist: 8.161307369229943
dist: 8.066108939393493
dist: 8.030877500278395
dist: 8.114645394298655
dist: 8.43707668729867
dist: 8.4228016802222
dist: 8.284641122607919
dist: 8.402242766864104
dist: 8.379771984462081
dist: 8.42361676643016
dist: 7.940842004913615
dist: 7.775651834555336
dist: 7.678538465316315
dist: 7.589672934165666
dist: 7.5979684414306625
dist: 7.680510675395971
dist: 7.702429012268892
dist: 7.930563130277769
dist: 8.01310818058328
dist: 7.999703526766792
dist: 8.109025169378134
dist: 7.840167556884634
dist: 7.76749270313818
dist: 8.053418877283587
dist: 8.112111851343451
dist: 8.090427138489082
dist: 7.884307296183462
dist: 8.10832698478751
dist: 8.222239508704
dist: 8.529383771891327
dist: 8.436819816675765
dist: 8.546295030683087
dist: 8.738842343403546
dist: 8.803391259155115
dist: 8.901764531564304
dist: 8.95248933373638
dist: 9.029118486588665
dist: 9.035090047936567
dist: 8.896382476438902
dist: 8.988620499503824
dist: 8.972546281989715
dist: 8.500164173168605
dist: 8.358763250973537
dist: 8.159373934860573
dist: 7.865317363604466
dist: 8.095588950999023
dist: 8.338160267792345
dist: 8.494104962770379
dist: 8.647433505418846
dist: 8.635740117010274
dist: 8.543921485958048
dist: 8.810037669622574
dist: 8.989434118594632
dist: 8.796190120107752
dist: 8.936362160749212
dist: 9.103359491883356
dist: 8.718750457375688
]]></system-out>
  <system-err><![CDATA[]]></system-err>
</testsuite>
