<?xml version="1.0" encoding="UTF-8" ?>
<testsuite errors="0" failures="0" hostname="Johanness-MacBook-Pro-4.local" name="readdy.impl.sim.core.CoreTest" tests="1" time="5.766" timestamp="2014-02-10T16:36:18">
  <properties>
    <property name="netbeans.autoupdate.country" value="US" />
    <property name="nb.wait.for.caches" value="true" />
    <property name="javac.test.classpath" value="lib/colt.jar:lib/statlab.jar:build/classes:/Applications/NetBeans/NetBeans 7.2.1.app/Contents/Resources/NetBeans/platform/modules/ext/junit-4.10.jar" />
    <property name="libs.junit.javadoc" value="/Applications/NetBeans/NetBeans 7.2.1.app/Contents/Resources/NetBeans/java/docs/junit-3.8.2-api.zip" />
    <property name="file.reference.colt.jar" value="lib/colt.jar" />
    <property name="ant.core.lib" value="/Applications/NetBeans/NetBeans 7.2.1.app/Contents/Resources/NetBeans/java/ant/lib/ant.jar" />
    <property name="javadoc.windowtitle" value="" />
    <property name="user.dir" value="/Users/johannesschoeneberg/Desktop/PhD/projects/ReaDDy/gitHub/readdy" />
    <property name="com.apple.mrj.application.apple.menu.about.name" value="NetBeans" />
    <property name="libs.hibernate-persistence.javadoc" value="" />
    <property name="java.vm.version" value="24.51-b03" />
    <property name="libs.MyLibrary.src" value="" />
    <property name="libs.MySQLDriver.classpath" value="/Applications/NetBeans/NetBeans 7.2.1.app/Contents/Resources/NetBeans/ide/modules/ext/mysql-connector-java-5.1.18-bin.jar" />
    <property name="libs.eclipselinkmodelgen.src" value="" />
    <property name="javadoc.notree" value="false" />
    <property name="netbeans.autoupdate.version" value="1.23" />
    <property name="libs.EclipseLink-GlassFish-v3.classpath" value="/Applications/NetBeans/glassfish-3.0.1/glassfish/modules/org.eclipse.persistence.antlr.jar:/Applications/NetBeans/glassfish-3.0.1/glassfish/modules/org.eclipse.persistence.asm.jar:/Applications/NetBeans/glassfish-3.0.1/glassfish/modules/org.eclipse.persistence.core.jar:/Applications/NetBeans/glassfish-3.0.1/glassfish/modules/org.eclipse.persistence.jpa.jar:/Applications/NetBeans/glassfish-3.0.1/glassfish/modules/org.eclipse.persistence.jpa.modelgen.jar:/Applications/NetBeans/glassfish-3.0.1/glassfish/modules/org.eclipse.persistence.oracle.jar:/Applications/NetBeans/glassfish-3.0.1/glassfish/modules/javax.persistence.jar" />
    <property name="libs.hibernate-support.maven-pom" value="" />
    <property name="libs.hibernate-support.javadoc" value="" />
    <property name="jdk.home" value="/Library/Java/JavaVirtualMachines/jdk1.7.0_51.jdk/Contents/Home" />
    <property name="libs.javac-api.src" value="" />
    <property name="javadoc.noindex" value="false" />
    <property name="sun.os.patch.level" value="unknown" />
    <property name="do.archive+manifest.available" value="true" />
    <property name="java.vm.specification.name" value="Java Virtual Machine Specification" />
    <property name="nb.show.statistics.ui" value="usageStatisticsEnabled" />
    <property name="netbeans.autoupdate.variant" value="" />
    <property name="have.tests" value="true" />
    <property name="org.xml.sax.driver" value="com.sun.org.apache.xerces.internal.jaxp.SAXParserImpl$JAXPSAXParser" />
    <property name="libs.javac-api.javadoc" value="" />
    <property name="os.name" value="Mac OS X" />
    <property name="libs.beans-binding.classpath" value="/Applications/NetBeans/NetBeans 7.2.1.app/Contents/Resources/NetBeans/java/modules/ext/beansbinding-1.2.1.jar" />
    <property name="libs.JWSAntTasks.maven-pom" value="" />
    <property name="jnlp.signing.keystore" value="" />
    <property name="libs.testng.src" value="" />
    <property name="java.vendor.url.bug" value="http://bugreport.sun.com/bugreport/" />
    <property name="libs.jaxb.maven-pom" value="" />
    <property name="os.arch" value="x86_64" />
    <property name="libs.eclipselink.src" value="" />
    <property name="user.name" value="johannesschoeneberg" />
    <property name="libs.Comet-GlassFish-v3.javadoc" value="" />
    <property name="copylibs.rebase" value="true" />
    <property name="manifest.available+main.class" value="true" />
    <property name="libs.swing-layout.maven-pom" value="" />
    <property name="sun.java.command" value="org.apache.tools.ant.taskdefs.optional.junit.JUnitTestRunner readdy.impl.sim.core.CoreTest filtertrace=true haltOnError=false haltOnFailure=false showoutput=true outputtoformatters=true logfailedtests=true logtestlistenerevents=true formatter=org.apache.tools.ant.taskdefs.optional.junit.BriefJUnitResultFormatter formatter=org.apache.tools.ant.taskdefs.optional.junit.XMLJUnitResultFormatter,/Users/johannesschoeneberg/Desktop/PhD/projects/ReaDDy/gitHub/readdy/build/test/results/TEST-readdy.impl.sim.core.CoreTest.xml crashfile=/Users/johannesschoeneberg/Desktop/PhD/projects/ReaDDy/gitHub/readdy/build/junitvmwatcher7730333683083031966.properties propsfile=/Users/johannesschoeneberg/Desktop/PhD/projects/ReaDDy/gitHub/readdy/build/junit8082597739156424427.properties" />
    <property name="build.classes.dir" value="build/classes" />
    <property name="netbeans.accept_license_class" value="org.netbeans.license.AcceptLicense" />
    <property name="jnlp.descriptor" value="application" />
    <property name="build.sysclasspath" value="ignore" />
    <property name="libs.jaxws21.javadoc" value="/Applications/NetBeans/NetBeans 7.2.1.app/Contents/Resources/NetBeans/java/docs/jaxws-api-doc.zip" />
    <property name="includes" value="**" />
    <property name="user.country" value="US" />
    <property name="manifest.file" value="manifest.mf" />
    <property name="javadoc.encoding" value="UTF-8" />
    <property name="javac.classpath" value="lib/colt.jar:lib/statlab.jar" />
    <property name="debug-transport" value="dt_socket" />
    <property name="netbeans.system_http_non_proxy_hosts" value="" />
    <property name="com.sun.mysql.port" value="3306" />
    <property name="netbeans.home" value="/Applications/NetBeans/NetBeans 7.2.1.app/Contents/Resources/NetBeans/platform" />
    <property name="build.compiler.emacs" value="true" />
    <property name="libs.ejb3-persistence.src" value="" />
    <property name="java.endorsed.dirs" value="/Library/Java/JavaVirtualMachines/jdk1.7.0_51.jdk/Contents/Home/jre/lib/endorsed" />
    <property name="libs.Comet-GlassFish-v3.maven-pom" value="" />
    <property name="netbeans.dynamic.classpath" value="/Applications/NetBeans/NetBeans 7.2.1.app/Contents/Resources/NetBeans/platform/core/core.jar:/Applications/NetBeans/NetBeans 7.2.1.app/Contents/Resources/NetBeans/platform/core/org-openide-filesystems.jar:/Applications/NetBeans/NetBeans 7.2.1.app/Contents/Resources/NetBeans/platform/core/locale/core_ja.jar:/Applications/NetBeans/NetBeans 7.2.1.app/Contents/Resources/NetBeans/platform/core/locale/core_pt_BR.jar:/Applications/NetBeans/NetBeans 7.2.1.app/Contents/Resources/NetBeans/platform/core/locale/core_ru.jar:/Applications/NetBeans/NetBeans 7.2.1.app/Contents/Resources/NetBeans/platform/core/locale/core_zh_CN.jar:/Applications/NetBeans/NetBeans 7.2.1.app/Contents/Resources/NetBeans/platform/core/locale/org-openide-filesystems_ja.jar:/Applications/NetBeans/NetBeans 7.2.1.app/Contents/Resources/NetBeans/platform/core/locale/org-openide-filesystems_pt_BR.jar:/Applications/NetBeans/NetBeans 7.2.1.app/Contents/Resources/NetBeans/platform/core/locale/org-openide-filesystems_ru.jar:/Applications/NetBeans/NetBeans 7.2.1.app/Contents/Resources/NetBeans/platform/core/locale/org-openide-filesystems_zh_CN.jar:/Applications/NetBeans/NetBeans 7.2.1.app/Contents/Resources/NetBeans/nb/core/org-netbeans-upgrader.jar:/Applications/NetBeans/NetBeans 7.2.1.app/Contents/Resources/NetBeans/nb/core/locale/core_nb.jar:/Applications/NetBeans/NetBeans 7.2.1.app/Contents/Resources/NetBeans/nb/core/locale/core_nb_ja.jar:/Applications/NetBeans/NetBeans 7.2.1.app/Contents/Resources/NetBeans/nb/core/locale/core_nb_pt_BR.jar:/Applications/NetBeans/NetBeans 7.2.1.app/Contents/Resources/NetBeans/nb/core/locale/core_nb_ru.jar:/Applications/NetBeans/NetBeans 7.2.1.app/Contents/Resources/NetBeans/nb/core/locale/core_nb_zh_CN.jar:/Applications/NetBeans/NetBeans 7.2.1.app/Contents/Resources/NetBeans/nb/core/locale/org-netbeans-upgrader_ja.jar:/Applications/NetBeans/NetBeans 7.2.1.app/Contents/Resources/NetBeans/nb/core/locale/org-netbeans-upgrader_pt_BR.jar:/Applications/NetBeans/NetBeans 7.2.1.app/Contents/Resources/NetBeans/nb/core/locale/org-netbeans-upgrader_ru.jar:/Applications/NetBeans/NetBeans 7.2.1.app/Contents/Resources/NetBeans/nb/core/locale/org-netbeans-upgrader_zh_CN.jar" />
    <property name="jnlp.enabled" value="false" />
    <property name="java.vm.specification.version" value="1.7" />
    <property name="ftp.nonProxyHosts" value="local|*.local|169.254/16|*.169.254/16" />
    <property name="netbeans.productversion" value="NetBeans IDE 7.2.1 (Build 201210100934)" />
    <property name="libs.hibernate-persistence.classpath" value="/Applications/NetBeans/NetBeans 7.2.1.app/Contents/Resources/NetBeans/java/modules/ext/hibernate/antlr-2.7.6.jar:/Applications/NetBeans/NetBeans 7.2.1.app/Contents/Resources/NetBeans/java/modules/ext/hibernate/asm.jar:/Applications/NetBeans/NetBeans 7.2.1.app/Contents/Resources/NetBeans/java/modules/ext/hibernate/asm-attrs.jar:/Applications/NetBeans/NetBeans 7.2.1.app/Contents/Resources/NetBeans/java/modules/ext/hibernate/cglib-2.1.3.jar:/Applications/NetBeans/NetBeans 7.2.1.app/Contents/Resources/NetBeans/java/modules/ext/hibernate/commons-collections-2.1.1.jar:/Applications/NetBeans/NetBeans 7.2.1.app/Contents/Resources/NetBeans/ide/modules/org-apache-commons-logging.jar:/Applications/NetBeans/NetBeans 7.2.1.app/Contents/Resources/NetBeans/java/modules/ext/hibernate/dom4j-1.6.1.jar:/Applications/NetBeans/NetBeans 7.2.1.app/Contents/Resources/NetBeans/java/modules/ext/hibernate/ehcache-1.2.3.jar:/Applications/NetBeans/NetBeans 7.2.1.app/Contents/Resources/NetBeans/java/modules/ext/hibernate/jdbc2_0-stdext.jar:/Applications/NetBeans/NetBeans 7.2.1.app/Contents/Resources/NetBeans/java/modules/ext/hibernate/jta.jar:/Applications/NetBeans/NetBeans 7.2.1.app/Contents/Resources/NetBeans/java/modules/ext/hibernate/hibernate3.jar:/Applications/NetBeans/NetBeans 7.2.1.app/Contents/Resources/NetBeans/java/modules/ext/hibernate/hibernate-tools.jar:/Applications/NetBeans/NetBeans 7.2.1.app/Contents/Resources/NetBeans/java/modules/ext/hibernate/hibernate-annotations.jar:/Applications/NetBeans/NetBeans 7.2.1.app/Contents/Resources/NetBeans/java/modules/ext/hibernate/hibernate-commons-annotations.jar:/Applications/NetBeans/NetBeans 7.2.1.app/Contents/Resources/NetBeans/java/modules/ext/hibernate/hibernate-entitymanager.jar:/Applications/NetBeans/NetBeans 7.2.1.app/Contents/Resources/NetBeans/java/modules/ext/hibernate/javassist.jar:/Applications/NetBeans/NetBeans 7.2.1.app/Contents/Resources/NetBeans/java/modules/ext/hibernate/ejb3-persistence.jar" />
    <property name="libs.jaxws21.src" value="" />
    <property name="application.title" value="ReaDDy" />
    <property name="do.archive" value="true" />
    <property name="netbeans.autoupdate.language" value="en" />
    <property name="java.vendor" value="Oracle Corporation" />
    <property name="sun.font.fontmanager" value="sun.font.CFontManager" />
    <property name="jar.index.metainf" value="false" />
    <property name="javac.debug" value="true" />
    <property name="javadoc.splitindex" value="true" />
    <property name="file.separator" value="/" />
    <property name="libs.junit_4.maven-pom" value="" />
    <property name="mkdist.disabled" value="false" />
    <property name="javac.test.processorpath" value="lib/colt.jar:lib/statlab.jar:build/classes:/Applications/NetBeans/NetBeans 7.2.1.app/Contents/Resources/NetBeans/platform/modules/ext/junit-4.10.jar" />
    <property name="netbeans.buildnumber" value="201210100934" />
    <property name="libs.JWSAntTasks.javadoc" value="" />
    <property name="build.generated.sources.dir" value="build/generated-sources" />
    <property name="libs.eclipselinkmodelgen.classpath" value="/Applications/NetBeans/NetBeans 7.2.1.app/Contents/Resources/NetBeans/java/modules/ext/eclipselink/org.eclipse.persistence.jpa.modelgen.processor-2.3.2.jar" />
    <property name="sun.java.launcher" value="SUN_STANDARD" />
    <property name="libs.junit.classpath" value="/Applications/NetBeans/NetBeans 7.2.1.app/Contents/Resources/NetBeans/java/modules/ext/junit-3.8.2.jar" />
    <property name="libs.jaxb.javadoc" value="/Applications/NetBeans/NetBeans 7.2.1.app/Contents/Resources/NetBeans/ide/docs/jaxb-api-doc.zip" />
    <property name="ant.home" value="/Applications/NetBeans/NetBeans 7.2.1.app/Contents/Resources/NetBeans/java/ant" />
    <property name="libs.junit_4.src" value="/Applications/NetBeans/NetBeans 7.2.1.app/Contents/Resources/NetBeans/java/docs/junit-4.10-sources.jar" />
    <property name="libs.testng.classpath" value="/Applications/NetBeans/NetBeans 7.2.1.app/Contents/Resources/NetBeans/platform/modules/ext/testng-6.5.1-dist.jar" />
    <property name="libs.absolutelayout.maven-pom" value="" />
    <property name="ant.java.version" value="1.7" />
    <property name="java.library.path" value="/Users/johannesschoeneberg/Library/Java/Extensions:/Library/Java/Extensions:/Network/Library/Java/Extensions:/System/Library/Java/Extensions:/usr/lib/java:." />
    <property name="javadoc.author" value="false" />
    <property name="manifest.available+main.class-mkdist.available" value="true" />
    <property name="libs.EclipseLink-GlassFish-v3.src" value="" />
    <property name="java.util.logging.config.class" value="org.netbeans.core.startup.TopLogging" />
    <property name="libs.PostgreSQLDriver.src" value="" />
    <property name="sun.arch.data.model" value="64" />
    <property name="basedir" value="/Users/johannesschoeneberg/Desktop/PhD/projects/ReaDDy/gitHub/readdy" />
    <property name="libs.jpa20-persistence.maven-pom" value="" />
    <property name="jar.compress" value="false" />
    <property name="path.separator" value=":" />
    <property name="ant.junit.enabletestlistenerevents" value="true" />
    <property name="sun.io.unicode.encoding" value="UnicodeBig" />
    <property name="libs.jaxws21.classpath" value="/Applications/NetBeans/NetBeans 7.2.1.app/Contents/Resources/NetBeans/ide/modules/ext/jaxb/jaxb-impl.jar:/Applications/NetBeans/NetBeans 7.2.1.app/Contents/Resources/NetBeans/ide/modules/ext/jaxb/jaxb-xjc.jar:/Applications/NetBeans/NetBeans 7.2.1.app/Contents/Resources/NetBeans/java/modules/ext/jaxws22/FastInfoset.jar:/Applications/NetBeans/NetBeans 7.2.1.app/Contents/Resources/NetBeans/java/modules/ext/jaxws22/gmbal-api-only.jar:/Applications/NetBeans/NetBeans 7.2.1.app/Contents/Resources/NetBeans/java/modules/ext/jaxws22/ha-api.jar:/Applications/NetBeans/NetBeans 7.2.1.app/Contents/Resources/NetBeans/java/modules/ext/jaxws22/javax.mail_1.4.jar:/Applications/NetBeans/NetBeans 7.2.1.app/Contents/Resources/NetBeans/java/modules/ext/jaxws22/jaxws-rt.jar:/Applications/NetBeans/NetBeans 7.2.1.app/Contents/Resources/NetBeans/java/modules/ext/jaxws22/jaxws-tools.jar:/Applications/NetBeans/NetBeans 7.2.1.app/Contents/Resources/NetBeans/java/modules/ext/jaxws22/management-api.jar:/Applications/NetBeans/NetBeans 7.2.1.app/Contents/Resources/NetBeans/java/modules/ext/jaxws22/mimepull.jar:/Applications/NetBeans/NetBeans 7.2.1.app/Contents/Resources/NetBeans/java/modules/ext/jaxws22/policy.jar:/Applications/NetBeans/NetBeans 7.2.1.app/Contents/Resources/NetBeans/java/modules/ext/jaxws22/saaj-impl.jar:/Applications/NetBeans/NetBeans 7.2.1.app/Contents/Resources/NetBeans/java/modules/ext/jaxws22/stax-ex.jar:/Applications/NetBeans/NetBeans 7.2.1.app/Contents/Resources/NetBeans/java/modules/ext/jaxws22/stax2-api.jar:/Applications/NetBeans/NetBeans 7.2.1.app/Contents/Resources/NetBeans/java/modules/ext/jaxws22/streambuffer.jar:/Applications/NetBeans/NetBeans 7.2.1.app/Contents/Resources/NetBeans/java/modules/ext/jaxws22/woodstox-core-asl.jar:/Applications/NetBeans/NetBeans 7.2.1.app/Contents/Resources/NetBeans/java/modules/ext/jaxws22/api/jaxws-api.jar:/Applications/NetBeans/NetBeans 7.2.1.app/Contents/Resources/NetBeans/java/modules/ext/jaxws22/api/jsr181-api.jar:/Applications/NetBeans/NetBeans 7.2.1.app/Contents/Resources/NetBeans/java/modules/ext/jaxws22/api/javax.annotation.jar:/Applications/NetBeans/NetBeans 7.2.1.app/Contents/Resources/NetBeans/java/modules/ext/jaxws22/api/saaj-api.jar:/Applications/NetBeans/NetBeans 7.2.1.app/Contents/Resources/NetBeans/ide/modules/ext/jaxb/activation.jar:/Applications/NetBeans/NetBeans 7.2.1.app/Contents/Resources/NetBeans/ide/modules/ext/jaxb/api/jaxb-api.jar:/Applications/NetBeans/NetBeans 7.2.1.app/Contents/Resources/NetBeans/ide/modules/ext/jaxb/api/jsr173_1.0_api.jar" />
    <property name="compile.on.save" value="true" />
    <property name="ant.file.ReaDDy" value="/Users/johannesschoeneberg/Desktop/PhD/projects/ReaDDy/gitHub/readdy/build.xml" />
    <property name="apple.awt.graphics.UseQuartz" value="true" />
    <property name="user.language" value="en" />
    <property name="testng.mode" value="testng" />
    <property name="libs.JAXB-ENDORSED.maven-pom" value="" />
    <property name="libs.spring-framework.classpath" value="/Applications/NetBeans/NetBeans 7.2.1.app/Contents/Resources/NetBeans/ide/modules/org-apache-commons-logging.jar:/Applications/NetBeans/NetBeans 7.2.1.app/Contents/Resources/NetBeans/java/modules/ext/cglib-2.2.jar:/Applications/NetBeans/NetBeans 7.2.1.app/Contents/Resources/NetBeans/java/modules/ext/spring/spring-2.5.6.SEC03.jar" />
    <property name="libs.eclipselink.maven-pom" value="" />
    <property name="application.vendor" value="Jojo" />
    <property name="manifest.available" value="true" />
    <property name="libs.spring-framework300.maven-pom" value="" />
    <property name="run.test.classpath" value="lib/colt.jar:lib/statlab.jar:build/classes:/Applications/NetBeans/NetBeans 7.2.1.app/Contents/Resources/NetBeans/platform/modules/ext/junit-4.10.jar:build/test/classes" />
    <property name="ant.project.invoked-targets" value="test" />
    <property name="libs.swing-layout.javadoc" value="/Applications/NetBeans/NetBeans 7.2.1.app/Contents/Resources/NetBeans/platform/docs/swing-layout-1.0.4-doc.zip" />
    <property name="libs.ejb3-persistence.maven-pom" value="" />
    <property name="gopherProxySet" value="false" />
    <property name="libs.PostgreSQLDriver.maven-pom" value="" />
    <property name="java.class.version" value="51.0" />
    <property name="netbeans.system_http_proxy" value="DIRECT" />
    <property name="libs.eclipselink.javadoc" value="" />
    <property name="user.properties.file" value="/Users/johannesschoeneberg/Library/Application Support/NetBeans/7.2.1/build.properties" />
    <property name="runtime.encoding" value="UTF-8" />
    <property name="libs.spring-framework.src" value="" />
    <property name="libs.javac-api.maven-pom" value="" />
    <property name="file.encoding.pkg" value="sun.io" />
    <property name="sun.cpu.endian" value="little" />
    <property name="libs.JAXB-ENDORSED.javadoc" value="" />
    <property name="libs.JWSAntTasks.classpath" value="/Applications/NetBeans/NetBeans 7.2.1.app/Contents/Resources/NetBeans/java/ant/extra/org-netbeans-modules-javawebstart-anttasks.jar" />
    <property name="libs.spring-framework300.src" value="" />
    <property name="empty.dir" value="/Users/johannesschoeneberg/Desktop/PhD/projects/ReaDDy/gitHub/readdy/build/empty" />
    <property name="version-output" value="java version &quot;1.7" />
    <property name="javadoc.preview" value="true" />
    <property name="socksNonProxyHosts" value="local|*.local|169.254/16|*.169.254/16" />
    <property name="libs.jpa20-persistence.javadoc" value="" />
    <property name="java.home" value="/Library/Java/JavaVirtualMachines/jdk1.7.0_51.jdk/Contents/Home/jre" />
    <property name="debug.test.classpath" value="lib/colt.jar:lib/statlab.jar:build/classes:/Applications/NetBeans/NetBeans 7.2.1.app/Contents/Resources/NetBeans/platform/modules/ext/junit-4.10.jar:build/test/classes" />
    <property name="netbeans.importclass" value="org.netbeans.upgrade.AutoUpgrade" />
    <property name="ant.project.default-target" value="default" />
    <property name="annotation.processing.run.all.processors" value="true" />
    <property name="libs.MyLibrary.classpath" value="/Users/Jojo/NetBeansProjects/IoTools/dist/IoTools.jar" />
    <property name="jar.archive.disabled" value="false" />
    <property name="jnlp.signing.alias" value="" />
    <property name="libs.PostgreSQLDriver.javadoc" value="" />
    <property name="com.sun.mysql.stopcommand" value="/usr/local/mysql/support-files/mysql-admin.server" />
    <property name="libs.MySQLDriver.maven-pom" value="" />
    <property name="ant.file.type.ReaDDy-impl" value="file" />
    <property name="http.nonProxyHosts" value="local|*.local|169.254/16|*.169.254/16" />
    <property name="libs.junit_4.javadoc" value="/Applications/NetBeans/NetBeans 7.2.1.app/Contents/Resources/NetBeans/java/docs/junit-4.10-javadoc.jar" />
    <property name="libs.EclipseLink-GlassFish-v3.maven-pom" value="" />
    <property name="run.classpath" value="lib/colt.jar:lib/statlab.jar:build/classes" />
    <property name="libs.hibernate-support.src" value="" />
    <property name="jna.boot.library.name" value="jnidispatch-340" />
    <property name="sun.awt.datatransfer.timeout" value="1000" />
    <property name="annotation.processing.enabled.in.editor" value="false" />
    <property name="sun.management.compiler" value="HotSpot 64-Bit Tiered Compilers" />
    <property name="javac.deprecation" value="false" />
    <property name="javadoc.use" value="true" />
    <property name="sun.java2d.noddraw" value="true" />
    <property name="javac.processorpath" value="lib/colt.jar:lib/statlab.jar" />
    <property name="javac.compilerargs" value="" />
    <property name="svnkit.http.methods" value="Basic" />
    <property name="ant.file" value="/Users/johannesschoeneberg/Desktop/PhD/projects/ReaDDy/gitHub/readdy/build.xml" />
    <property name="libs.beans-binding.maven-pom" value="" />
    <property name="jnlp.codebase.type" value="no.codebase" />
    <property name="libs.beans-binding.src" value="" />
    <property name="java.vm.specification.vendor" value="Oracle Corporation" />
    <property name="libs.swing-layout.src" value="/Applications/NetBeans/NetBeans 7.2.1.app/Contents/Resources/NetBeans/platform/docs/swing-layout-1.0.4-src.zip" />
    <property name="org.openide.major.version" value="IDE/1" />
    <property name="java.vm.name" value="Java HotSpot(TM) 64-Bit Server VM" />
    <property name="netbeans.user" value="/Users/johannesschoeneberg/Library/Application Support/NetBeans/7.2.1" />
    <property name="javadoc.additionalparam" value="" />
    <property name="jnlp.offline-allowed" value="false" />
    <property name="java.io.tmpdir" value="/var/folders/3g/_bpdg45s3zv2x4ktzdvpvsnw0000gn/T/" />
    <property name="java.vendor.url" value="http://java.oracle.com/" />
    <property name="endorsed.classpath.cmd.line.arg" value="" />
    <property name="junit.available" value="true" />
    <property name="org.openide.awt.ActionReference.completion" value="org.netbeans.modules.apisupport.project.layers.PathCompletions" />
    <property name="sun.boot.library.path" value="/Library/Java/JavaVirtualMachines/jdk1.7.0_51.jdk/Contents/Home/jre/lib" />
    <property name="have.sources" value="true" />
    <property name="debug.classpath" value="lib/colt.jar:lib/statlab.jar:build/classes" />
    <property name="javadoc.private" value="false" />
    <property name="test.src.dir" value="test" />
    <property name="libs.MyLibrary.javadoc" value="" />
    <property name="meta.inf.dir" value="src/META-INF" />
    <property name="javadoc.encoding.used" value="UTF-8" />
    <property name="dist.jar" value="dist/ReaDDy.jar" />
    <property name="java.runtime.name" value="Java(TM) SE Runtime Environment" />
    <property name="ant.project.name" value="ReaDDy" />
    <property name="netbeans.hash.code" value="unique=NB_JAVA056e4f842-5fe4-4f9b-9400-70920d741659_f13b8425-b6a4-4f8b-97bd-90bd6ef862dd" />
    <property name="netbeans.default_userdir_root" value="/Users/johannesschoeneberg/Library/Application Support/NetBeans" />
    <property name="manifest.available-mkdist.available" value="true" />
    <property name="sun.cpu.isalist" value="" />
    <property name="libs.CopyLibs.javadoc" value="" />
    <property name="org.openide.specification.version" value="6.2" />
    <property name="libs.hibernate-support.classpath" value="/Applications/NetBeans/NetBeans 7.2.1.app/Contents/Resources/NetBeans/java/modules/ext/hibernate/antlr-2.7.6.jar:/Applications/NetBeans/NetBeans 7.2.1.app/Contents/Resources/NetBeans/java/modules/ext/hibernate/asm.jar:/Applications/NetBeans/NetBeans 7.2.1.app/Contents/Resources/NetBeans/java/modules/ext/hibernate/asm-attrs.jar:/Applications/NetBeans/NetBeans 7.2.1.app/Contents/Resources/NetBeans/java/modules/ext/hibernate/cglib-2.1.3.jar:/Applications/NetBeans/NetBeans 7.2.1.app/Contents/Resources/NetBeans/java/modules/ext/hibernate/commons-collections-2.1.1.jar:/Applications/NetBeans/NetBeans 7.2.1.app/Contents/Resources/NetBeans/ide/modules/org-apache-commons-logging.jar:/Applications/NetBeans/NetBeans 7.2.1.app/Contents/Resources/NetBeans/java/modules/ext/hibernate/dom4j-1.6.1.jar:/Applications/NetBeans/NetBeans 7.2.1.app/Contents/Resources/NetBeans/java/modules/ext/hibernate/ehcache-1.2.3.jar:/Applications/NetBeans/NetBeans 7.2.1.app/Contents/Resources/NetBeans/java/modules/ext/hibernate/jdbc2_0-stdext.jar:/Applications/NetBeans/NetBeans 7.2.1.app/Contents/Resources/NetBeans/java/modules/ext/hibernate/jta.jar:/Applications/NetBeans/NetBeans 7.2.1.app/Contents/Resources/NetBeans/java/modules/ext/hibernate/hibernate3.jar:/Applications/NetBeans/NetBeans 7.2.1.app/Contents/Resources/NetBeans/java/modules/ext/hibernate/hibernate-tools.jar:/Applications/NetBeans/NetBeans 7.2.1.app/Contents/Resources/NetBeans/java/modules/ext/hibernate/hibernate-annotations.jar:/Applications/NetBeans/NetBeans 7.2.1.app/Contents/Resources/NetBeans/java/modules/ext/hibernate/hibernate-commons-annotations.jar:/Applications/NetBeans/NetBeans 7.2.1.app/Contents/Resources/NetBeans/java/modules/ext/hibernate/hibernate-entitymanager.jar:/Applications/NetBeans/NetBeans 7.2.1.app/Contents/Resources/NetBeans/java/modules/ext/hibernate/javassist.jar" />
    <property name="user.home" value="/Users/johannesschoeneberg" />
    <property name="annotation.processing.processors.list" value="" />
    <property name="debug-args-line" value="-Xdebug" />
    <property name="libs.JWSAntTasks.src" value="" />
    <property name="jar.index" value="false" />
    <property name="libs.CopyLibs.maven-pom" value="" />
    <property name="libs.spring-framework300.javadoc" value="" />
    <property name="libs.hibernate-persistence.maven-pom" value="" />
    <property name="libs.absolutelayout.javadoc" value="" />
    <property name="java.specification.name" value="Java Platform API Specification" />
    <property name="do.archive+main.class.available" value="true" />
    <property name="jnlp.mixed.code" value="default" />
    <property name="java.specification.vendor" value="Oracle Corporation" />
    <property name="libs.javac-api.classpath" value="/Applications/NetBeans/NetBeans 7.2.1.app/Contents/Resources/NetBeans/java/modules/ext/nb-javac-api.jar" />
    <property name="java.version" value="1.7.0_51" />
    <property name="run.jvmargs.ide" value="" />
    <property name="javadoc.version" value="false" />
    <property name="libs.MySQLDriver.javadoc" value="" />
    <property name="org.openide.version" value="deprecated" />
    <property name="ant.file.ReaDDy-impl" value="/Users/johannesschoeneberg/Desktop/PhD/projects/ReaDDy/gitHub/readdy/nbproject/build-impl.xml" />
    <property name="source.encoding" value="UTF-8" />
    <property name="ap.cmd.line.internal" value="" />
    <property name="libs.eclipselinkmodelgen.maven-pom" value="" />
    <property name="libs.junit.maven-pom" value="" />
    <property name="libs.eclipselinkmodelgen.javadoc" value="" />
    <property name="netbeans.home+have.tests" value="true" />
    <property name="annotation.processing.processor.options" value="" />
    <property name="libs.testng.maven-pom" value="" />
    <property name="libs.jaxb.src" value="" />
    <property name="work.dir" value="/Users/johannesschoeneberg/Desktop/PhD/projects/ReaDDy/gitHub/readdy" />
    <property name="libs.jaxb.classpath" value="/Applications/NetBeans/NetBeans 7.2.1.app/Contents/Resources/NetBeans/ide/modules/ext/jaxb/jaxb-impl.jar:/Applications/NetBeans/NetBeans 7.2.1.app/Contents/Resources/NetBeans/ide/modules/ext/jaxb/jaxb-xjc.jar:/Applications/NetBeans/NetBeans 7.2.1.app/Contents/Resources/NetBeans/ide/modules/ext/jaxb/jaxb1-impl.jar:/Applications/NetBeans/NetBeans 7.2.1.app/Contents/Resources/NetBeans/ide/modules/ext/jaxb/activation.jar:/Applications/NetBeans/NetBeans 7.2.1.app/Contents/Resources/NetBeans/ide/modules/ext/jaxb/api/jaxb-api.jar:/Applications/NetBeans/NetBeans 7.2.1.app/Contents/Resources/NetBeans/ide/modules/ext/jaxb/api/jsr173_1.0_api.jar" />
    <property name="do.depend" value="false" />
    <property name="com.sun.mysql.startargs" value="start" />
    <property name="dist.javadoc.dir" value="dist/javadoc" />
    <property name="libs.swing-layout.classpath" value="/Applications/NetBeans/NetBeans 7.2.1.app/Contents/Resources/NetBeans/platform/modules/ext/swing-layout-1.0.4.jar" />
    <property name="build.generated.dir" value="build/generated" />
    <property name="javac.source" value="1.5" />
    <property name="libs.hibernate-persistence.src" value="" />
    <property name="line.separator" value="&#xa;" />
    <property name="java.specification.version" value="1.7" />
    <property name="libs.jaxws21.maven-pom" value="" />
    <property name="java.vm.info" value="mixed mode" />
    <property name="nb.junit.batch" value="true" />
    <property name="junit.forkmode" value="perTest" />
    <property name="libs.spring-framework.maven-pom" value="" />
    <property name="sun.boot.class.path" value="/Library/Java/JavaVirtualMachines/jdk1.7.0_51.jdk/Contents/Home/jre/lib/resources.jar:/Library/Java/JavaVirtualMachines/jdk1.7.0_51.jdk/Contents/Home/jre/lib/rt.jar:/Library/Java/JavaVirtualMachines/jdk1.7.0_51.jdk/Contents/Home/jre/lib/sunrsasign.jar:/Library/Java/JavaVirtualMachines/jdk1.7.0_51.jdk/Contents/Home/jre/lib/jsse.jar:/Library/Java/JavaVirtualMachines/jdk1.7.0_51.jdk/Contents/Home/jre/lib/jce.jar:/Library/Java/JavaVirtualMachines/jdk1.7.0_51.jdk/Contents/Home/jre/lib/charsets.jar:/Library/Java/JavaVirtualMachines/jdk1.7.0_51.jdk/Contents/Home/jre/lib/jfr.jar:/Library/Java/JavaVirtualMachines/jdk1.7.0_51.jdk/Contents/Home/jre/classes" />
    <property name="javac.target" value="1.5" />
    <property name="built-jar.properties" value="/Users/johannesschoeneberg/Desktop/PhD/projects/ReaDDy/gitHub/readdy/build/built-jar.properties" />
    <property name="build.test.classes.dir" value="build/test/classes" />
    <property name="src.dir" value="src" />
    <property name="annotation.processing.enabled" value="true" />
    <property name="com.sun.mysql.startcommand" value="/usr/local/mysql/support-files/mysql-admin.server" />
    <property name="libs.jpa20-persistence.src" value="" />
    <property name="file.reference.statlab.jar" value="lib/statlab.jar" />
    <property name="ignore.failing.tests" value="true" />
    <property name="libs.Comet-GlassFish-v3.classpath" value="/Applications/NetBeans/glassfish-3.0.1/glassfish/modules/grizzly-comet.jar" />
    <property name="dist.dir" value="dist" />
    <property name="do.archive+manifest.available+main.class" value="true" />
    <property name="testng.debug.mode" value="" />
    <property name="javac.fork" value="false" />
    <property name="java.awt.printerjob" value="sun.lwawt.macosx.CPrinterJob" />
    <property name="default.javac.source" value="1.7" />
    <property name="com.sun.mysql.stopargs" value="stop" />
    <property name="debug-transport-by-os" value="dt_socket" />
    <property name="libs.MySQLDriver.src" value="" />
    <property name="sun.jnu.encoding" value="UTF-8" />
    <property name="java.runtime.version" value="1.7.0_51-b13" />
    <property name="build.test.results.dir" value="build/test/results" />
    <property name="libs.ejb3-persistence.javadoc" value="" />
    <property name="manifest.available+main.class+mkdist.available" value="true" />
    <property name="jna.platform.library.path" value="/usr/lib:/usr/lib" />
    <property name="default.javac.target" value="1.7" />
    <property name="libs.junit_4.classpath" value="/Applications/NetBeans/NetBeans 7.2.1.app/Contents/Resources/NetBeans/platform/modules/ext/junit-4.10.jar" />
    <property name="user.timezone" value="" />
    <property name="nb.junit.single" value="false" />
    <property name="do.jar" value="true" />
    <property name="netbeans.dirs" value="/Applications/NetBeans/NetBeans 7.2.1.app/Contents/Resources/NetBeans/nb:/Applications/NetBeans/NetBeans 7.2.1.app/Contents/Resources/NetBeans/ergonomics:/Applications/NetBeans/NetBeans 7.2.1.app/Contents/Resources/NetBeans/ide:/Applications/NetBeans/NetBeans 7.2.1.app/Contents/Resources/NetBeans/java:/Applications/NetBeans/NetBeans 7.2.1.app/Contents/Resources/NetBeans/apisupport:/Applications/NetBeans/NetBeans 7.2.1.app/Contents/Resources/NetBeans/webcommon:/Applications/NetBeans/NetBeans 7.2.1.app/Contents/Resources/NetBeans/websvccommon:/Applications/NetBeans/NetBeans 7.2.1.app/Contents/Resources/NetBeans/enterprise:/Applications/NetBeans/NetBeans 7.2.1.app/Contents/Resources/NetBeans/mobility:/Applications/NetBeans/NetBeans 7.2.1.app/Contents/Resources/NetBeans/profiler:/Applications/NetBeans/NetBeans 7.2.1.app/Contents/Resources/NetBeans/python:/Applications/NetBeans/NetBeans 7.2.1.app/Contents/Resources/NetBeans/php:/Applications/NetBeans/NetBeans 7.2.1.app/Contents/Resources/NetBeans/identity:/Applications/NetBeans/NetBeans 7.2.1.app/Contents/Resources/NetBeans/harness:/Applications/NetBeans/NetBeans 7.2.1.app/Contents/Resources/NetBeans/cnd:/Applications/NetBeans/NetBeans 7.2.1.app/Contents/Resources/NetBeans/dlight:/Applications/NetBeans/NetBeans 7.2.1.app/Contents/Resources/NetBeans/groovy:/Applications/NetBeans/NetBeans 7.2.1.app/Contents/Resources/NetBeans/extra:/Applications/NetBeans/NetBeans 7.2.1.app/Contents/Resources/NetBeans/javacard:/Applications/NetBeans/NetBeans 7.2.1.app/Contents/Resources/NetBeans/javafx:" />
    <property name="java.ext.dirs" value="/Users/johannesschoeneberg/Library/Java/Extensions:/Library/Java/JavaVirtualMachines/jdk1.7.0_51.jdk/Contents/Home/jre/lib/ext:/Library/Java/Extensions:/Network/Library/Java/Extensions:/System/Library/Java/Extensions:/usr/lib/java" />
    <property name="libs.MyLibrary.maven-pom" value="" />
    <property name="endorsed.classpath" value="" />
    <property name="libs.absolutelayout.classpath" value="/Applications/NetBeans/NetBeans 7.2.1.app/Contents/Resources/NetBeans/java/modules/ext/AbsoluteLayout.jar" />
    <property name="excludes" value="" />
    <property name="java.class.path" value="/Users/johannesschoeneberg/Desktop/PhD/projects/ReaDDy/gitHub/readdy/lib/colt.jar:/Users/johannesschoeneberg/Desktop/PhD/projects/ReaDDy/gitHub/readdy/lib/statlab.jar:/Users/johannesschoeneberg/Desktop/PhD/projects/ReaDDy/gitHub/readdy/build/classes:/Applications/NetBeans/NetBeans 7.2.1.app/Contents/Resources/NetBeans/platform/modules/ext/junit-4.10.jar:/Users/johannesschoeneberg/Desktop/PhD/projects/ReaDDy/gitHub/readdy/build/test/classes:/Applications/NetBeans/NetBeans 7.2.1.app/Contents/Resources/NetBeans/java/ant/lib/ant-launcher.jar:/Applications/NetBeans/NetBeans 7.2.1.app/Contents/Resources/NetBeans/java/ant/lib/ant.jar:/Applications/NetBeans/NetBeans 7.2.1.app/Contents/Resources/NetBeans/java/ant/lib/ant-junit.jar:/Applications/NetBeans/NetBeans 7.2.1.app/Contents/Resources/NetBeans/java/ant/lib/ant-junit4.jar" />
    <property name="apple.laf.useScreenMenuBar" value="true" />
    <property name="do.mkdist" value="true" />
    <property name="libs.absolutelayout.src" value="" />
    <property name="libs.jpa20-persistence.classpath" value="/Applications/NetBeans/NetBeans 7.2.1.app/Contents/Resources/NetBeans/java/modules/ext/eclipselink/javax.persistence-2.0.3.jar" />
    <property name="os.version" value="10.9.1" />
    <property name="application.args" value="" />
    <property name="libs.EclipseLink-GlassFish-v3.javadoc" value="/Applications/NetBeans/NetBeans 6.9.app/Contents/Resources/NetBeans/enterprise/docs/javaee6-doc-api.zip" />
    <property name="main.class.available" value="true" />
    <property name="sun.awt.enableExtraMouseButtons" value="true" />
    <property name="libs.Comet-GlassFish-v3.src" value="" />
    <property name="libs.JAXB-ENDORSED.classpath" value="/Applications/NetBeans/NetBeans 7.2.1.app/Contents/Resources/NetBeans/ide/modules/ext/jaxb/api/jaxb-api.jar" />
    <property name="libs.eclipselink.classpath" value="/Applications/NetBeans/NetBeans 7.2.1.app/Contents/Resources/NetBeans/java/modules/ext/eclipselink/eclipselink-2.3.2.jar:/Applications/NetBeans/NetBeans 7.2.1.app/Contents/Resources/NetBeans/java/modules/ext/eclipselink/javax.persistence-2.0.3.jar:/Applications/NetBeans/NetBeans 7.2.1.app/Contents/Resources/NetBeans/java/modules/ext/eclipselink/org.eclipse.persistence.jpa.jpql_1.0.1.jar" />
    <property name="libs.beans-binding.javadoc" value="/Applications/NetBeans/NetBeans 7.2.1.app/Contents/Resources/NetBeans/java/docs/beansbinding-1.2.1-doc.zip" />
    <property name="java.awt.graphicsenv" value="sun.awt.CGraphicsEnvironment" />
    <property name="java.vm.vendor" value="Oracle Corporation" />
    <property name="libs.CopyLibs.classpath" value="/Applications/NetBeans/NetBeans 7.2.1.app/Contents/Resources/NetBeans/java/ant/extra/org-netbeans-modules-java-j2seproject-copylibstask.jar" />
    <property name="libs.spring-framework300.classpath" value="/Applications/NetBeans/NetBeans 7.2.1.app/Contents/Resources/NetBeans/ide/modules/org-apache-commons-logging.jar:/Applications/NetBeans/NetBeans 7.2.1.app/Contents/Resources/NetBeans/java/modules/ext/cglib-2.2.jar:/Applications/NetBeans/NetBeans 7.2.1.app/Contents/Resources/NetBeans/java/modules/ext/spring-3.0/spring-aop-3.1.1.RELEASE.jar:/Applications/NetBeans/NetBeans 7.2.1.app/Contents/Resources/NetBeans/java/modules/ext/spring-3.0/spring-asm-3.1.1.RELEASE.jar:/Applications/NetBeans/NetBeans 7.2.1.app/Contents/Resources/NetBeans/java/modules/ext/spring-3.0/spring-aspects-3.1.1.RELEASE.jar:/Applications/NetBeans/NetBeans 7.2.1.app/Contents/Resources/NetBeans/java/modules/ext/spring-3.0/spring-beans-3.1.1.RELEASE.jar:/Applications/NetBeans/NetBeans 7.2.1.app/Contents/Resources/NetBeans/java/modules/ext/spring-3.0/spring-context-3.1.1.RELEASE.jar:/Applications/NetBeans/NetBeans 7.2.1.app/Contents/Resources/NetBeans/java/modules/ext/spring-3.0/spring-context-support-3.1.1.RELEASE.jar:/Applications/NetBeans/NetBeans 7.2.1.app/Contents/Resources/NetBeans/java/modules/ext/spring-3.0/spring-core-3.1.1.RELEASE.jar:/Applications/NetBeans/NetBeans 7.2.1.app/Contents/Resources/NetBeans/java/modules/ext/spring-3.0/spring-expression-3.1.1.RELEASE.jar:/Applications/NetBeans/NetBeans 7.2.1.app/Contents/Resources/NetBeans/java/modules/ext/spring-3.0/spring-instrument-3.1.1.RELEASE.jar:/Applications/NetBeans/NetBeans 7.2.1.app/Contents/Resources/NetBeans/java/modules/ext/spring-3.0/spring-instrument-tomcat-3.1.1.RELEASE.jar:/Applications/NetBeans/NetBeans 7.2.1.app/Contents/Resources/NetBeans/java/modules/ext/spring-3.0/spring-jdbc-3.1.1.RELEASE.jar:/Applications/NetBeans/NetBeans 7.2.1.app/Contents/Resources/NetBeans/java/modules/ext/spring-3.0/spring-jms-3.1.1.RELEASE.jar:/Applications/NetBeans/NetBeans 7.2.1.app/Contents/Resources/NetBeans/java/modules/ext/spring-3.0/spring-orm-3.1.1.RELEASE.jar:/Applications/NetBeans/NetBeans 7.2.1.app/Contents/Resources/NetBeans/java/modules/ext/spring-3.0/spring-oxm-3.1.1.RELEASE.jar:/Applications/NetBeans/NetBeans 7.2.1.app/Contents/Resources/NetBeans/java/modules/ext/spring-3.0/spring-test-3.1.1.RELEASE.jar:/Applications/NetBeans/NetBeans 7.2.1.app/Contents/Resources/NetBeans/java/modules/ext/spring-3.0/spring-tx-3.1.1.RELEASE.jar:/Applications/NetBeans/NetBeans 7.2.1.app/Contents/Resources/NetBeans/java/modules/ext/spring-3.0/spring-web-3.1.1.RELEASE.jar:/Applications/NetBeans/NetBeans 7.2.1.app/Contents/Resources/NetBeans/java/modules/ext/spring-3.0/spring-webmvc-portlet-3.1.1.RELEASE.jar:/Applications/NetBeans/NetBeans 7.2.1.app/Contents/Resources/NetBeans/java/modules/ext/spring-3.0/spring-webmvc-3.1.1.RELEASE.jar:/Applications/NetBeans/NetBeans 7.2.1.app/Contents/Resources/NetBeans/java/modules/ext/spring-3.0/spring-struts-3.1.1.RELEASE.jar" />
    <property name="run.jvmargs" value="" />
    <property name="libs.ejb3-persistence.classpath" value="/Applications/NetBeans/NetBeans 7.2.1.app/Contents/Resources/NetBeans/java/modules/ext/hibernate/ejb3-persistence.jar" />
    <property name="libs.spring-framework.javadoc" value="" />
    <property name="libs.JAXB-ENDORSED.src" value="" />
    <property name="libs.testng.javadoc" value="/Applications/NetBeans/NetBeans 7.2.1.app/Contents/Resources/NetBeans/platform/docs/testng-6.5.1-javadoc.zip" />
    <property name="libs.PostgreSQLDriver.classpath" value="/Applications/NetBeans/NetBeans 7.2.1.app/Contents/Resources/NetBeans/ide/modules/ext/postgresql-9.1-901.jdbc4.jar" />
    <property name="ant.file.type.ReaDDy" value="file" />
    <property name="jnlp.signing" value="" />
    <property name="libs.junit.src" value="" />
    <property name="annotation.processing.source.output" value="build/generated-sources/ap-source-output" />
    <property name="jnlp.signed" value="false" />
    <property name="main.class" value="readdy.Main" />
    <property name="libs.CopyLibs.src" value="" />
    <property name="build.dir" value="build" />
    <property name="ant.version" value="Apache Ant(TM) version 1.8.3 compiled on February 26 2012" />
    <property name="file.encoding" value="US-ASCII" />
    <property name="build.classes.excludes" value="**/*.java,**/*.form" />
    <property name="jdkBug6558476" value="false" />
    <property name="javadoc.nonavbar" value="false" />
    <property name="platform.active" value="default_platform" />
    <property name="awt.toolkit" value="sun.lwawt.macosx.LWCToolkit" />
  </properties>
  <testcase classname="readdy.impl.sim.core.CoreTest" name="testStep" time="5.559" />
  <system-out><![CDATA[CoreTEST...:

parse param_global...
parsing param_global file: /Users/johannesschoeneberg/Desktop/PhD/projects/ReaDDy/gitHub/readdy/./test/testInputFiles/test_core/coreTest_param_global.xml
... done.
parse ParamParticles
parsing param_particles file: /Users/johannesschoeneberg/Desktop/PhD/projects/ReaDDy/gitHub/readdy/./test/testInputFiles/test_core/coreTest_param_particles.xml
... done.
parsing tplgy_potentials file: /Users/johannesschoeneberg/Desktop/PhD/projects/ReaDDy/gitHub/readdy/./test/testInputFiles/test_core/coreTest_tplgy_potentials.xml
... done.
latticeBoxSize!!! :2.0
parse tplgyCoordinatesFile
parsing tplgy_coordinates file: /Users/johannesschoeneberg/Desktop/PhD/projects/ReaDDy/gitHub/readdy/./test/testInputFiles/test_core/coreTest_tplgy_coordinates.xml
... done.
---------------------------------------
NeighborLattice construction... 
num Dimensions:          3
latice origin:           -50.0 -50.0 -50.0
latice extension:        100.0 100.0 100.0
num boxes per dimension: 50,50,50
box edge length per dim: 2.0 2.0 2.0
total num boxes:         125000
... lattice ready.
---------------------------------------
parse elementalReactions...
parsing react_elmtlRk file: /Users/johannesschoeneberg/Desktop/PhD/projects/ReaDDy/gitHub/readdy/./test/testInputFiles/test_core/coreTest_react_elmtlRk.xml
trimed: 0
trimed: 1
trimed: 2
trimed: 3
trimed: 4
... done.
step
rk
<OccurredElementalReaction>
	 elmtlRkId: 1
	 p(id,type,coords) 39 2 5.189394065944524 4.963349321325166 1.3234474312760824
</OccurredElementalReaction>
rk
<OccurredElementalReaction>
	 elmtlRkId: 1
	 p(id,type,coords) 45 2 5.872393673820019 4.801918623385941 1.6233252452490772
</OccurredElementalReaction>
100
Neighbor List consistency Check...
--------
nle(id0,id1,dist): 5 6 1.2260117234186505
list:
dist: 1.2260117234186505 vs. 1.2260117234186505
--------
nle(id0,id1,dist): 5 7 1.2726602424713915
list:
dist: 1.2726602424713915 vs. 1.2726602424713915
--------
nle(id0,id1,dist): 4 37 5.608127531496139
list:
dist: 5.608127531496139 vs. 5.608127531496139
--------
nle(id0,id1,dist): 4 35 5.115079328279378
list:
dist: 5.115079328279378 vs. 5.115079328279378
--------
nle(id0,id1,dist): 4 29 3.61935848348889
list:
dist: 3.61935848348889 vs. 3.61935848348889
--------
nle(id0,id1,dist): 4 30 4.7716673431341485
list:
dist: 4.7716673431341485 vs. 4.7716673431341485
--------
nle(id0,id1,dist): 4 31 4.221105743867585
list:
dist: 4.221105743867585 vs. 4.221105743867585
--------
nle(id0,id1,dist): 4 32 4.447682238659456
list:
dist: 4.447682238659456 vs. 4.447682238659456
--------
nle(id0,id1,dist): 5 21 2.8062377446500184
list:
dist: 2.8062377446500184 vs. 2.8062377446500184
--------
nle(id0,id1,dist): 5 20 2.553751185018466
list:
dist: 2.553751185018466 vs. 2.553751185018466
--------
nle(id0,id1,dist): 5 23 2.1464731323561077
list:
dist: 2.1464731323561077 vs. 2.1464731323561077
--------
nle(id0,id1,dist): 5 22 3.633866439149562
list:
dist: 3.633866439149562 vs. 3.633866439149562
--------
nle(id0,id1,dist): 5 17 2.279602484276324
list:
dist: 2.279602484276324 vs. 2.279602484276324
--------
nle(id0,id1,dist): 5 16 1.3551718075434647
list:
dist: 1.3551718075434647 vs. 1.3551718075434647
--------
nle(id0,id1,dist): 5 19 1.875515294073923
list:
dist: 1.875515294073923 vs. 1.875515294073923
--------
nle(id0,id1,dist): 5 18 2.1335033417517977
list:
dist: 2.1335033417517977 vs. 2.1335033417517977
--------
nle(id0,id1,dist): 5 13 1.9673203071229148
list:
dist: 1.9673203071229148 vs. 1.9673203071229148
--------
nle(id0,id1,dist): 5 12 1.7266150895024905
list:
dist: 1.7266150895024905 vs. 1.7266150895024905
--------
nle(id0,id1,dist): 5 15 1.8634798121924931
list:
dist: 1.8634798121924931 vs. 1.8634798121924931
--------
nle(id0,id1,dist): 5 14 2.0322645265751134
list:
dist: 2.0322645265751134 vs. 2.0322645265751134
--------
nle(id0,id1,dist): 5 9 0.7604620339498599
list:
dist: 0.7604620339498599 vs. 0.7604620339498599
--------
nle(id0,id1,dist): 5 8 1.7111924315741172
list:
dist: 1.7111924315741172 vs. 1.7111924315741172
--------
nle(id0,id1,dist): 5 11 1.2689573980087092
list:
dist: 1.2689573980087092 vs. 1.2689573980087092
--------
nle(id0,id1,dist): 5 10 1.6930426110437249
list:
dist: 1.6930426110437249 vs. 1.6930426110437249
--------
nle(id0,id1,dist): 4 11 1.39930680831291
list:
dist: 1.39930680831291 vs. 1.39930680831291
--------
nle(id0,id1,dist): 4 12 2.3206408980604025
list:
dist: 2.3206408980604025 vs. 2.3206408980604025
--------
nle(id0,id1,dist): 4 9 1.5916383988954592
list:
dist: 1.5916383988954592 vs. 1.5916383988954592
--------
nle(id0,id1,dist): 4 10 1.757081639302383
list:
dist: 1.757081639302383 vs. 1.757081639302383
--------
nle(id0,id1,dist): 4 7 1.8166201280358927
list:
dist: 1.8166201280358927 vs. 1.8166201280358927
--------
nle(id0,id1,dist): 4 8 1.9162733705082495
list:
dist: 1.9162733705082495 vs. 1.9162733705082495
--------
nle(id0,id1,dist): 4 5 0.8830841912770299
list:
dist: 0.8830841912770299 vs. 0.8830841912770299
--------
nle(id0,id1,dist): 4 6 1.267066096218182
list:
dist: 1.267066096218182 vs. 1.267066096218182
--------
nle(id0,id1,dist): 4 28 3.106464833637943
list:
dist: 3.106464833637943 vs. 3.106464833637943
--------
nle(id0,id1,dist): 4 26 2.791120146300627
list:
dist: 2.791120146300627 vs. 2.791120146300627
--------
nle(id0,id1,dist): 4 25 2.9160993306027825
list:
dist: 2.9160993306027825 vs. 2.9160993306027825
--------
nle(id0,id1,dist): 4 24 3.417431917952729
list:
dist: 3.417431917952729 vs. 3.417431917952729
--------
nle(id0,id1,dist): 4 23 2.716434169899174
list:
dist: 2.716434169899174 vs. 2.716434169899174
--------
nle(id0,id1,dist): 4 22 3.937501038630127
list:
dist: 3.937501038630127 vs. 3.937501038630127
--------
nle(id0,id1,dist): 4 21 3.2725663072839972
list:
dist: 3.2725663072839972 vs. 3.2725663072839972
--------
nle(id0,id1,dist): 4 20 2.77395138892815
list:
dist: 2.77395138892815 vs. 2.77395138892815
--------
nle(id0,id1,dist): 4 19 2.6835435391249325
list:
dist: 2.6835435391249325 vs. 2.6835435391249325
--------
nle(id0,id1,dist): 4 18 2.864756616835801
list:
dist: 2.864756616835801 vs. 2.864756616835801
--------
nle(id0,id1,dist): 4 17 2.5492604187092485
list:
dist: 2.5492604187092485 vs. 2.5492604187092485
--------
nle(id0,id1,dist): 4 16 1.4863521592248945
list:
dist: 1.4863521592248945 vs. 1.4863521592248945
--------
nle(id0,id1,dist): 4 15 2.4856727106815333
list:
dist: 2.4856727106815333 vs. 2.4856727106815333
--------
nle(id0,id1,dist): 4 14 2.3971889387144603
list:
dist: 2.3971889387144603 vs. 2.3971889387144603
--------
nle(id0,id1,dist): 4 13 2.6152303991524364
list:
dist: 2.6152303991524364 vs. 2.6152303991524364
--------
nle(id0,id1,dist): 6 28 3.1609946931559527
list:
dist: 3.1609946931559527 vs. 3.1609946931559527
--------
nle(id0,id1,dist): 6 29 3.614971795030007
list:
dist: 3.614971795030007 vs. 3.614971795030007
--------
nle(id0,id1,dist): 6 19 2.629680975031852
list:
dist: 2.629680975031852 vs. 2.629680975031852
--------
nle(id0,id1,dist): 6 20 2.7431703207297593
list:
dist: 2.7431703207297593 vs. 2.7431703207297593
--------
nle(id0,id1,dist): 6 21 3.45569296924504
list:
dist: 3.45569296924504 vs. 3.45569296924504
--------
nle(id0,id1,dist): 6 23 2.66207790737327
list:
dist: 2.66207790737327 vs. 2.66207790737327
--------
nle(id0,id1,dist): 6 24 3.560459866804545
list:
dist: 3.560459866804545 vs. 3.560459866804545
--------
nle(id0,id1,dist): 6 25 2.8949557160447994
list:
dist: 2.8949557160447994 vs. 2.8949557160447994
--------
nle(id0,id1,dist): 6 26 3.143739267013292
list:
dist: 3.143739267013292 vs. 3.143739267013292
--------
nle(id0,id1,dist): 7 9 1.525344827872739
list:
dist: 1.525344827872739 vs. 1.525344827872739
--------
nle(id0,id1,dist): 7 8 0.873523279878123
list:
dist: 0.873523279878123 vs. 0.873523279878123
--------
nle(id0,id1,dist): 7 11 1.7839672720109545
list:
dist: 1.7839672720109545 vs. 1.7839672720109545
--------
nle(id0,id1,dist): 7 10 1.5546163314544132
list:
dist: 1.5546163314544132 vs. 1.5546163314544132
--------
nle(id0,id1,dist): 7 13 1.3967416356819966
list:
dist: 1.3967416356819966 vs. 1.3967416356819966
--------
nle(id0,id1,dist): 7 12 1.6957137269379308
list:
dist: 1.6957137269379308 vs. 1.6957137269379308
--------
nle(id0,id1,dist): 5 35 4.505591612000915
list:
dist: 4.505591612000915 vs. 4.505591612000915
--------
nle(id0,id1,dist): 5 32 3.705722177900691
list:
dist: 3.705722177900691 vs. 3.705722177900691
--------
nle(id0,id1,dist): 5 37 4.930985063048425
list:
dist: 4.930985063048425 vs. 4.930985063048425
--------
nle(id0,id1,dist): 5 26 2.2688071623884953
list:
dist: 2.2688071623884953 vs. 2.2688071623884953
--------
nle(id0,id1,dist): 5 24 3.0692582207542887
list:
dist: 3.0692582207542887 vs. 3.0692582207542887
--------
nle(id0,id1,dist): 5 25 2.222846058871031
list:
dist: 2.222846058871031 vs. 2.222846058871031
--------
nle(id0,id1,dist): 5 30 4.120210364265958
list:
dist: 4.120210364265958 vs. 4.120210364265958
--------
nle(id0,id1,dist): 5 31 3.642312884140491
list:
dist: 3.642312884140491 vs. 3.642312884140491
--------
nle(id0,id1,dist): 5 28 2.423591605967236
list:
dist: 2.423591605967236 vs. 2.423591605967236
--------
nle(id0,id1,dist): 5 29 3.0109429729833304
list:
dist: 3.0109429729833304 vs. 3.0109429729833304
--------
nle(id0,id1,dist): 6 14 2.581954982264338
list:
dist: 2.581954982264338 vs. 2.581954982264338
--------
nle(id0,id1,dist): 6 13 1.9833932249749278
list:
dist: 1.9833932249749278 vs. 1.9833932249749278
--------
nle(id0,id1,dist): 6 12 2.063509150767716
list:
dist: 2.063509150767716 vs. 2.063509150767716
--------
nle(id0,id1,dist): 6 11 1.5818331209141316
list:
dist: 1.5818331209141316 vs. 1.5818331209141316
--------
nle(id0,id1,dist): 6 18 2.5448375684265057
list:
dist: 2.5448375684265057 vs. 2.5448375684265057
--------
nle(id0,id1,dist): 6 17 3.0678419574145073
list:
dist: 3.0678419574145073 vs. 3.0678419574145073
--------
nle(id0,id1,dist): 6 16 1.6262681227264646
list:
dist: 1.6262681227264646 vs. 1.6262681227264646
--------
nle(id0,id1,dist): 6 15 2.3400777592480684
list:
dist: 2.3400777592480684 vs. 2.3400777592480684
--------
nle(id0,id1,dist): 6 10 1.2671780475449295
list:
dist: 1.2671780475449295 vs. 1.2671780475449295
--------
nle(id0,id1,dist): 6 9 1.8396710509840988
list:
dist: 1.8396710509840988 vs. 1.8396710509840988
--------
nle(id0,id1,dist): 6 8 0.8197083438348085
list:
dist: 0.8197083438348085 vs. 0.8197083438348085
--------
nle(id0,id1,dist): 6 7 0.8949936760650723
list:
dist: 0.8949936760650723 vs. 0.8949936760650723
--------
nle(id0,id1,dist): 8 14 3.208548987735989
list:
dist: 3.208548987735989 vs. 3.208548987735989
--------
nle(id0,id1,dist): 8 13 2.2080385219984477
list:
dist: 2.2080385219984477 vs. 2.2080385219984477
--------
nle(id0,id1,dist): 8 16 2.3630598596826284
list:
dist: 2.3630598596826284 vs. 2.3630598596826284
--------
nle(id0,id1,dist): 8 15 2.78284364572153
list:
dist: 2.78284364572153 vs. 2.78284364572153
--------
nle(id0,id1,dist): 8 10 1.9447485211324076
list:
dist: 1.9447485211324076 vs. 1.9447485211324076
--------
nle(id0,id1,dist): 8 9 2.189169008530547
list:
dist: 2.189169008530547 vs. 2.189169008530547
--------
nle(id0,id1,dist): 8 12 2.5116281176336823
list:
dist: 2.5116281176336823 vs. 2.5116281176336823
--------
nle(id0,id1,dist): 8 11 2.321229453943851
list:
dist: 2.321229453943851 vs. 2.321229453943851
--------
nle(id0,id1,dist): 8 21 4.003864455542352
list:
dist: 4.003864455542352 vs. 4.003864455542352
--------
nle(id0,id1,dist): 8 24 4.163305696100397
list:
dist: 4.163305696100397 vs. 4.163305696100397
--------
nle(id0,id1,dist): 8 23 3.142484773280303
list:
dist: 3.142484773280303 vs. 3.142484773280303
--------
nle(id0,id1,dist): 8 18 2.8224008126833855
list:
dist: 2.8224008126833855 vs. 2.8224008126833855
--------
nle(id0,id1,dist): 8 17 3.7287643953548693
list:
dist: 3.7287643953548693 vs. 3.7287643953548693
--------
nle(id0,id1,dist): 8 20 3.390681179279214
list:
dist: 3.390681179279214 vs. 3.390681179279214
--------
nle(id0,id1,dist): 8 19 2.897464030838432
list:
dist: 2.897464030838432 vs. 2.897464030838432
--------
nle(id0,id1,dist): 8 29 4.038025301261702
list:
dist: 4.038025301261702 vs. 4.038025301261702
--------
nle(id0,id1,dist): 8 25 3.2771346359398086
list:
dist: 3.2771346359398086 vs. 3.2771346359398086
--------
nle(id0,id1,dist): 8 26 3.671283712228204
list:
dist: 3.671283712228204 vs. 3.671283712228204
--------
nle(id0,id1,dist): 8 28 3.550001958117517
list:
dist: 3.550001958117517 vs. 3.550001958117517
--------
nle(id0,id1,dist): 7 21 3.1987758217136433
list:
dist: 3.1987758217136433 vs. 3.1987758217136433
--------
nle(id0,id1,dist): 7 20 2.739258819688365
list:
dist: 2.739258819688365 vs. 2.739258819688365
--------
nle(id0,id1,dist): 7 19 2.0450637771873676
list:
dist: 2.0450637771873676 vs. 2.0450637771873676
--------
nle(id0,id1,dist): 7 18 1.9546124937992584
list:
dist: 1.9546124937992584 vs. 1.9546124937992584
--------
nle(id0,id1,dist): 7 17 3.034110109816036
list:
dist: 3.034110109816036 vs. 3.034110109816036
--------
nle(id0,id1,dist): 7 16 1.8189453637641697
list:
dist: 1.8189453637641697 vs. 1.8189453637641697
--------
nle(id0,id1,dist): 7 15 1.9489277953974369
list:
dist: 1.9489277953974369 vs. 1.9489277953974369
--------
nle(id0,id1,dist): 7 14 2.4775266366683866
list:
dist: 2.4775266366683866 vs. 2.4775266366683866
--------
nle(id0,id1,dist): 7 29 3.18321274428705
list:
dist: 3.18321274428705 vs. 3.18321274428705
--------
nle(id0,id1,dist): 7 28 2.6917505067725584
list:
dist: 2.6917505067725584 vs. 2.6917505067725584
--------
nle(id0,id1,dist): 7 26 2.879658595932168
list:
dist: 2.879658595932168 vs. 2.879658595932168
--------
nle(id0,id1,dist): 7 25 2.4166450888967046
list:
dist: 2.4166450888967046 vs. 2.4166450888967046
--------
nle(id0,id1,dist): 7 24 3.4055449709615564
list:
dist: 3.4055449709615564 vs. 3.4055449709615564
--------
nle(id0,id1,dist): 7 23 2.318590760107646
list:
dist: 2.318590760107646 vs. 2.318590760107646
--------
nle(id0,id1,dist): 9 37 4.200065056178892
list:
dist: 4.200065056178892 vs. 4.200065056178892
--------
nle(id0,id1,dist): 10 12 1.4191669590196703
list:
dist: 1.4191669590196703 vs. 1.4191669590196703
--------
nle(id0,id1,dist): 10 11 0.9040181609095327
list:
dist: 0.9040181609095327 vs. 0.9040181609095327
--------
nle(id0,id1,dist): 10 14 1.7265764770725065
list:
dist: 1.7265764770725065 vs. 1.7265764770725065
--------
nle(id0,id1,dist): 10 13 1.5625194734125176
list:
dist: 1.5625194734125176 vs. 1.5625194734125176
--------
nle(id0,id1,dist): 10 15 1.7081927963538195
list:
dist: 1.7081927963538195 vs. 1.7081927963538195
--------
nle(id0,id1,dist): 10 16 0.8660147512573698
list:
dist: 0.8660147512573698 vs. 0.8660147512573698
--------
nle(id0,id1,dist): 10 17 2.3511594300131167
list:
dist: 2.3511594300131167 vs. 2.3511594300131167
--------
nle(id0,id1,dist): 10 18 2.0770244723822824
list:
dist: 2.0770244723822824 vs. 2.0770244723822824
--------
nle(id0,id1,dist): 10 19 2.416703607840285
list:
dist: 2.416703607840285 vs. 2.416703607840285
--------
nle(id0,id1,dist): 10 20 1.5880796946822993
list:
dist: 1.5880796946822993 vs. 1.5880796946822993
--------
nle(id0,id1,dist): 10 21 2.615675926933293
list:
dist: 2.615675926933293 vs. 2.615675926933293
--------
nle(id0,id1,dist): 10 23 1.9183051387410517
list:
dist: 1.9183051387410517 vs. 1.9183051387410517
--------
nle(id0,id1,dist): 10 24 2.5475644080240714
list:
dist: 2.5475644080240714 vs. 2.5475644080240714
--------
nle(id0,id1,dist): 10 25 2.3665957674474574
list:
dist: 2.3665957674474574 vs. 2.3665957674474574
--------
nle(id0,id1,dist): 10 26 2.5680515110783952
list:
dist: 2.5680515110783952 vs. 2.5680515110783952
--------
nle(id0,id1,dist): 10 28 2.6272736796561698
list:
dist: 2.6272736796561698 vs. 2.6272736796561698
--------
nle(id0,id1,dist): 10 29 2.865246734754944
list:
dist: 2.865246734754944 vs. 2.865246734754944
--------
nle(id0,id1,dist): 9 11 1.513742815283273
list:
dist: 1.513742815283273 vs. 1.513742815283273
--------
nle(id0,id1,dist): 9 10 2.060923061129506
list:
dist: 2.060923061129506 vs. 2.060923061129506
--------
nle(id0,id1,dist): 9 15 1.5082590441925154
list:
dist: 1.5082590441925154 vs. 1.5082590441925154
--------
nle(id0,id1,dist): 9 14 1.8254919708181079
list:
dist: 1.8254919708181079 vs. 1.8254919708181079
--------
nle(id0,id1,dist): 9 13 1.7831188194932395
list:
dist: 1.7831188194932395 vs. 1.7831188194932395
--------
nle(id0,id1,dist): 9 12 1.487501334751301
list:
dist: 1.487501334751301 vs. 1.487501334751301
--------
nle(id0,id1,dist): 9 19 1.216883112221695
list:
dist: 1.216883112221695 vs. 1.216883112221695
--------
nle(id0,id1,dist): 9 18 1.682534539708165
list:
dist: 1.682534539708165 vs. 1.682534539708165
--------
nle(id0,id1,dist): 9 17 2.023546140639427
list:
dist: 2.023546140639427 vs. 2.023546140639427
--------
nle(id0,id1,dist): 9 16 1.5819566714733204
list:
dist: 1.5819566714733204 vs. 1.5819566714733204
--------
nle(id0,id1,dist): 9 22 3.3093853167123037
list:
dist: 3.3093853167123037 vs. 3.3093853167123037
--------
nle(id0,id1,dist): 9 23 1.7717156655816146
list:
dist: 1.7717156655816146 vs. 1.7717156655816146
--------
nle(id0,id1,dist): 9 20 2.5077294612301206
list:
dist: 2.5077294612301206 vs. 2.5077294612301206
--------
nle(id0,id1,dist): 9 21 2.39319272888948
list:
dist: 2.39319272888948 vs. 2.39319272888948
--------
nle(id0,id1,dist): 9 26 1.7693752024543794
list:
dist: 1.7693752024543794 vs. 1.7693752024543794
--------
nle(id0,id1,dist): 9 24 2.782137090016553
list:
dist: 2.782137090016553 vs. 2.782137090016553
--------
nle(id0,id1,dist): 9 25 1.6666729445444752
list:
dist: 1.6666729445444752 vs. 1.6666729445444752
--------
nle(id0,id1,dist): 9 30 3.4193059024676815
list:
dist: 3.4193059024676815 vs. 3.4193059024676815
--------
nle(id0,id1,dist): 9 31 2.983632701580169
list:
dist: 2.983632701580169 vs. 2.983632701580169
--------
nle(id0,id1,dist): 9 28 1.8303961857061362
list:
dist: 1.8303961857061362 vs. 1.8303961857061362
--------
nle(id0,id1,dist): 9 29 2.4936232975925847
list:
dist: 2.4936232975925847 vs. 2.4936232975925847
--------
nle(id0,id1,dist): 9 35 3.8117617607029146
list:
dist: 3.8117617607029146 vs. 3.8117617607029146
--------
nle(id0,id1,dist): 9 32 2.953497101590925
list:
dist: 2.953497101590925 vs. 2.953497101590925
--------
nle(id0,id1,dist): 12 20 1.3258121495029298
list:
dist: 1.3258121495029298 vs. 1.3258121495029298
--------
nle(id0,id1,dist): 12 19 1.1285747245050248
list:
dist: 1.1285747245050248 vs. 1.1285747245050248
--------
nle(id0,id1,dist): 12 18 0.7133645586312084
list:
dist: 0.7133645586312084 vs. 0.7133645586312084
--------
nle(id0,id1,dist): 12 17 1.6990192148326597
list:
dist: 1.6990192148326597 vs. 1.6990192148326597
--------
nle(id0,id1,dist): 12 16 1.1672014584972372
list:
dist: 1.1672014584972372 vs. 1.1672014584972372
--------
nle(id0,id1,dist): 12 15 0.3229603439874097
list:
dist: 0.3229603439874097 vs. 0.3229603439874097
--------
nle(id0,id1,dist): 12 14 0.9870258995041991
list:
dist: 0.9870258995041991 vs. 0.9870258995041991
--------
nle(id0,id1,dist): 12 13 0.7547815650124153
list:
dist: 0.7547815650124153 vs. 0.7547815650124153
--------
nle(id0,id1,dist): 11 31 3.5181732807145534
list:
dist: 3.5181732807145534 vs. 3.5181732807145534
--------
nle(id0,id1,dist): 11 28 2.118514503303999
list:
dist: 2.118514503303999 vs. 2.118514503303999
--------
nle(id0,id1,dist): 11 29 2.4481883638684585
list:
dist: 2.4481883638684585 vs. 2.4481883638684585
--------
nle(id0,id1,dist): 11 26 1.8491302086580912
list:
dist: 1.8491302086580912 vs. 1.8491302086580912
--------
nle(id0,id1,dist): 11 23 1.512887765030887
list:
dist: 1.512887765030887 vs. 1.512887765030887
--------
nle(id0,id1,dist): 11 22 2.7129495983809204
list:
dist: 2.7129495983809204 vs. 2.7129495983809204
--------
nle(id0,id1,dist): 11 25 1.9105999008965522
list:
dist: 1.9105999008965522 vs. 1.9105999008965522
--------
nle(id0,id1,dist): 11 24 2.1058396206970253
list:
dist: 2.1058396206970253 vs. 2.1058396206970253
--------
nle(id0,id1,dist): 11 19 1.9777877772831964
list:
dist: 1.9777877772831964 vs. 1.9777877772831964
--------
nle(id0,id1,dist): 11 18 1.88323677231751
list:
dist: 1.88323677231751 vs. 1.88323677231751
--------
nle(id0,id1,dist): 11 21 2.0682292758105607
list:
dist: 2.0682292758105607 vs. 2.0682292758105607
--------
nle(id0,id1,dist): 11 20 1.381633214623013
list:
dist: 1.381633214623013 vs. 1.381633214623013
--------
nle(id0,id1,dist): 11 15 1.3632035622074679
list:
dist: 1.3632035622074679 vs. 1.3632035622074679
--------
nle(id0,id1,dist): 11 14 1.1223708521333555
list:
dist: 1.1223708521333555 vs. 1.1223708521333555
--------
nle(id0,id1,dist): 11 17 1.5590226458573666
list:
dist: 1.5590226458573666 vs. 1.5590226458573666
--------
nle(id0,id1,dist): 11 16 0.09521440660824729
list:
dist: 0.09521440660824729 vs. 0.09521440660824729
--------
nle(id0,id1,dist): 11 13 1.7106098117493636
list:
dist: 1.7106098117493636 vs. 1.7106098117493636
--------
nle(id0,id1,dist): 11 12 1.1972493571464335
list:
dist: 1.1972493571464335 vs. 1.1972493571464335
--------
nle(id0,id1,dist): 13 41 3.8292709717477194
list:
dist: 3.8292709717477194 vs. 3.8292709717477194
--------
nle(id0,id1,dist): 13 26 2.1565526235331083
list:
dist: 2.1565526235331083 vs. 2.1565526235331083
--------
nle(id0,id1,dist): 13 27 2.749369769755351
list:
dist: 2.749369769755351 vs. 2.749369769755351
--------
nle(id0,id1,dist): 13 24 2.3664798708627695
list:
dist: 2.3664798708627695 vs. 2.3664798708627695
--------
nle(id0,id1,dist): 13 25 1.4387162014769603
list:
dist: 1.4387162014769603 vs. 1.4387162014769603
--------
nle(id0,id1,dist): 13 28 1.7300614572606652
list:
dist: 1.7300614572606652 vs. 1.7300614572606652
--------
nle(id0,id1,dist): 13 29 2.0101451862473416
list:
dist: 2.0101451862473416 vs. 2.0101451862473416
--------
nle(id0,id1,dist): 12 55 4.964123289994865
list:
dist: 4.964123289994865 vs. 4.964123289994865
--------
nle(id0,id1,dist): 13 18 0.8009909301476872
list:
dist: 0.8009909301476872 vs. 0.8009909301476872
--------
nle(id0,id1,dist): 13 19 1.3867093549108132
list:
dist: 1.3867093549108132 vs. 1.3867093549108132
--------
nle(id0,id1,dist): 13 16 1.6857686952795046
list:
dist: 1.6857686952795046 vs. 1.6857686952795046
--------
nle(id0,id1,dist): 13 17 2.4525908109214622
list:
dist: 2.4525908109214622 vs. 2.4525908109214622
--------
nle(id0,id1,dist): 12 54 4.058300727678936
list:
dist: 4.058300727678936 vs. 4.058300727678936
--------
nle(id0,id1,dist): 13 23 1.2838264261378007
list:
dist: 1.2838264261378007 vs. 1.2838264261378007
--------
nle(id0,id1,dist): 12 57 5.139959039445848
list:
dist: 5.139959039445848 vs. 5.139959039445848
--------
nle(id0,id1,dist): 13 20 1.8784951789944173
list:
dist: 1.8784951789944173 vs. 1.8784951789944173
--------
nle(id0,id1,dist): 13 21 2.1881603617315317
list:
dist: 2.1881603617315317 vs. 2.1881603617315317
--------
nle(id0,id1,dist): 12 46 3.434635776625
list:
dist: 3.434635776625 vs. 3.434635776625
--------
nle(id0,id1,dist): 12 45 4.646615242829023
list:
dist: 4.646615242829023 vs. 4.646615242829023
--------
nle(id0,id1,dist): 12 48 4.725907854772125
list:
dist: 4.725907854772125 vs. 4.725907854772125
--------
nle(id0,id1,dist): 12 52 4.828934258499263
list:
dist: 4.828934258499263 vs. 4.828934258499263
--------
nle(id0,id1,dist): 13 15 0.969024611810767
list:
dist: 0.969024611810767 vs. 0.969024611810767
--------
nle(id0,id1,dist): 13 14 1.7297562734932177
list:
dist: 1.7297562734932177 vs. 1.7297562734932177
--------
nle(id0,id1,dist): 12 51 3.738664969934313
list:
dist: 3.738664969934313 vs. 3.738664969934313
--------
nle(id0,id1,dist): 12 37 4.282583598461114
list:
dist: 4.282583598461114 vs. 4.282583598461114
--------
nle(id0,id1,dist): 12 40 3.177846386806994
list:
dist: 3.177846386806994 vs. 3.177846386806994
--------
nle(id0,id1,dist): 12 42 3.3539212207820017
list:
dist: 3.3539212207820017 vs. 3.3539212207820017
--------
nle(id0,id1,dist): 12 41 3.7262170991386663
list:
dist: 3.7262170991386663 vs. 3.7262170991386663
--------
nle(id0,id1,dist): 12 44 4.555231210615908
list:
dist: 4.555231210615908 vs. 4.555231210615908
--------
nle(id0,id1,dist): 12 43 4.051969784618932
list:
dist: 4.051969784618932 vs. 4.051969784618932
--------
nle(id0,id1,dist): 12 29 1.5705423360058237
list:
dist: 1.5705423360058237 vs. 1.5705423360058237
--------
nle(id0,id1,dist): 12 30 3.3225180819303435
list:
dist: 3.3225180819303435 vs. 3.3225180819303435
--------
nle(id0,id1,dist): 12 31 3.0301028756816906
list:
dist: 3.0301028756816906 vs. 3.0301028756816906
--------
nle(id0,id1,dist): 12 32 3.280446337307721
list:
dist: 3.280446337307721 vs. 3.280446337307721
--------
nle(id0,id1,dist): 12 33 3.9156257391244087
list:
dist: 3.9156257391244087 vs. 3.9156257391244087
--------
nle(id0,id1,dist): 12 34 3.553149539404283
list:
dist: 3.553149539404283 vs. 3.553149539404283
--------
nle(id0,id1,dist): 12 35 4.2989543303165725
list:
dist: 4.2989543303165725 vs. 4.2989543303165725
--------
nle(id0,id1,dist): 12 36 4.549949275386554
list:
dist: 4.549949275386554 vs. 4.549949275386554
--------
nle(id0,id1,dist): 12 21 1.5496350377752075
list:
dist: 1.5496350377752075 vs. 1.5496350377752075
--------
nle(id0,id1,dist): 12 22 2.457269140943696
list:
dist: 2.457269140943696 vs. 2.457269140943696
--------
nle(id0,id1,dist): 12 23 0.6483908937908085
list:
dist: 0.6483908937908085 vs. 0.6483908937908085
--------
nle(id0,id1,dist): 12 24 1.7470650521426292
list:
dist: 1.7470650521426292 vs. 1.7470650521426292
--------
nle(id0,id1,dist): 12 25 0.977354820889432
list:
dist: 0.977354820889432 vs. 0.977354820889432
--------
nle(id0,id1,dist): 12 26 1.4803453937210798
list:
dist: 1.4803453937210798 vs. 1.4803453937210798
--------
nle(id0,id1,dist): 12 27 2.3582124598736205
list:
dist: 2.3582124598736205 vs. 2.3582124598736205
--------
nle(id0,id1,dist): 12 28 1.2594630529124964
list:
dist: 1.2594630529124964 vs. 1.2594630529124964
--------
nle(id0,id1,dist): 15 28 0.9415508989536987
list:
dist: 0.9415508989536987 vs. 0.9415508989536987
--------
nle(id0,id1,dist): 15 29 1.2763597714648791
list:
dist: 1.2763597714648791 vs. 1.2763597714648791
--------
nle(id0,id1,dist): 15 26 1.2046580204903008
list:
dist: 1.2046580204903008 vs. 1.2046580204903008
--------
nle(id0,id1,dist): 15 27 2.0597720485242164
list:
dist: 2.0597720485242164 vs. 2.0597720485242164
--------
nle(id0,id1,dist): 15 24 1.5615835002933114
list:
dist: 1.5615835002933114 vs. 1.5615835002933114
--------
nle(id0,id1,dist): 15 25 0.667149846541429
list:
dist: 0.667149846541429 vs. 0.667149846541429
--------
nle(id0,id1,dist): 15 22 2.2394937448288346
list:
dist: 2.2394937448288346 vs. 2.2394937448288346
--------
nle(id0,id1,dist): 15 23 0.37645804605589606
list:
dist: 0.37645804605589606 vs. 0.37645804605589606
--------
nle(id0,id1,dist): 15 36 4.264974575573118
list:
dist: 4.264974575573118 vs. 4.264974575573118
--------
nle(id0,id1,dist): 15 37 3.9717337502600647
list:
dist: 3.9717337502600647 vs. 3.9717337502600647
--------
nle(id0,id1,dist): 15 34 3.2302203018048647
list:
dist: 3.2302203018048647 vs. 3.2302203018048647
--------
nle(id0,id1,dist): 15 35 4.013384396552507
list:
dist: 4.013384396552507 vs. 4.013384396552507
--------
nle(id0,id1,dist): 15 32 3.0047539495030757
list:
dist: 3.0047539495030757 vs. 3.0047539495030757
--------
nle(id0,id1,dist): 15 33 3.6263190050300644
list:
dist: 3.6263190050300644 vs. 3.6263190050300644
--------
nle(id0,id1,dist): 15 30 3.003451798082858
list:
dist: 3.003451798082858 vs. 3.003451798082858
--------
nle(id0,id1,dist): 15 31 2.7183620254354555
list:
dist: 2.7183620254354555 vs. 2.7183620254354555
--------
nle(id0,id1,dist): 15 21 1.2824220578073628
list:
dist: 1.2824220578073628 vs. 1.2824220578073628
--------
nle(id0,id1,dist): 15 20 1.3496503462490355
list:
dist: 1.3496503462490355 vs. 1.3496503462490355
--------
nle(id0,id1,dist): 15 19 0.9456719399638664
list:
dist: 0.9456719399638664 vs. 0.9456719399638664
--------
nle(id0,id1,dist): 15 18 0.6022083704858675
list:
dist: 0.6022083704858675 vs. 0.6022083704858675
--------
nle(id0,id1,dist): 15 17 1.5291133571788182
list:
dist: 1.5291133571788182 vs. 1.5291133571788182
--------
nle(id0,id1,dist): 15 16 1.3365774443836562
list:
dist: 1.3365774443836562 vs. 1.3365774443836562
--------
nle(id0,id1,dist): 14 51 3.648301266819773
list:
dist: 3.648301266819773 vs. 3.648301266819773
--------
nle(id0,id1,dist): 14 31 2.6534335288023376
list:
dist: 2.6534335288023376 vs. 2.6534335288023376
--------
nle(id0,id1,dist): 14 34 3.207440170617271
list:
dist: 3.207440170617271 vs. 3.207440170617271
--------
nle(id0,id1,dist): 14 27 2.140266716639998
list:
dist: 2.140266716639998 vs. 2.140266716639998
--------
nle(id0,id1,dist): 14 28 1.2937081824440282
list:
dist: 1.2937081824440282 vs. 1.2937081824440282
--------
nle(id0,id1,dist): 14 29 1.431775470899456
list:
dist: 1.431775470899456 vs. 1.431775470899456
--------
nle(id0,id1,dist): 14 16 1.0787338080521223
list:
dist: 1.0787338080521223 vs. 1.0787338080521223
--------
nle(id0,id1,dist): 14 15 0.8779711265948598
list:
dist: 0.8779711265948598 vs. 0.8779711265948598
--------
nle(id0,id1,dist): 14 18 1.4606843142728447
list:
dist: 1.4606843142728447 vs. 1.4606843142728447
--------
nle(id0,id1,dist): 14 17 0.8003400506088331
list:
dist: 0.8003400506088331 vs. 0.8003400506088331
--------
nle(id0,id1,dist): 14 24 1.0427816167946788
list:
dist: 1.0427816167946788 vs. 1.0427816167946788
--------
nle(id0,id1,dist): 14 23 0.7086741703823299
list:
dist: 0.7086741703823299 vs. 0.7086741703823299
--------
nle(id0,id1,dist): 14 26 0.9801864008203144
list:
dist: 0.9801864008203144 vs. 0.9801864008203144
--------
nle(id0,id1,dist): 14 25 1.1790587860867752
list:
dist: 1.1790587860867752 vs. 1.1790587860867752
--------
nle(id0,id1,dist): 14 20 0.8496860697857055
list:
dist: 0.8496860697857055 vs. 0.8496860697857055
--------
nle(id0,id1,dist): 14 19 1.602937262941197
list:
dist: 1.602937262941197 vs. 1.602937262941197
--------
nle(id0,id1,dist): 14 22 1.6618356499635911
list:
dist: 1.6618356499635911 vs. 1.6618356499635911
--------
nle(id0,id1,dist): 14 21 0.9519588617521381
list:
dist: 0.9519588617521381 vs. 0.9519588617521381
--------
nle(id0,id1,dist): 17 18 2.057624287747058
list:
dist: 2.057624287747058 vs. 2.057624287747058
--------
nle(id0,id1,dist): 17 19 1.9320933315851987
list:
dist: 1.9320933315851987 vs. 1.9320933315851987
--------
nle(id0,id1,dist): 17 22 1.477536827598469
list:
dist: 1.477536827598469 vs. 1.477536827598469
--------
nle(id0,id1,dist): 17 23 1.3263920078929812
list:
dist: 1.3263920078929812 vs. 1.3263920078929812
--------
nle(id0,id1,dist): 17 20 1.4586527856038485
list:
dist: 1.4586527856038485 vs. 1.4586527856038485
--------
nle(id0,id1,dist): 17 21 1.041657997285438
list:
dist: 1.041657997285438 vs. 1.041657997285438
--------
nle(id0,id1,dist): 17 26 0.8076360013751661
list:
dist: 0.8076360013751661 vs. 0.8076360013751661
--------
nle(id0,id1,dist): 17 27 2.21000575255423
list:
dist: 2.21000575255423 vs. 2.21000575255423
--------
nle(id0,id1,dist): 17 24 1.2207889758490371
list:
dist: 1.2207889758490371 vs. 1.2207889758490371
--------
nle(id0,id1,dist): 17 25 1.5541486447874804
list:
dist: 1.5541486447874804 vs. 1.5541486447874804
--------
nle(id0,id1,dist): 16 17 1.5480455420103179
list:
dist: 1.5480455420103179 vs. 1.5480455420103179
--------
nle(id0,id1,dist): 15 54 3.7834951968676434
list:
dist: 3.7834951968676434 vs. 3.7834951968676434
--------
nle(id0,id1,dist): 16 18 1.8632123773931328
list:
dist: 1.8632123773931328 vs. 1.8632123773931328
--------
nle(id0,id1,dist): 15 55 4.663369995591436
list:
dist: 4.663369995591436 vs. 4.663369995591436
--------
nle(id0,id1,dist): 16 19 1.99181110833781
list:
dist: 1.99181110833781 vs. 1.99181110833781
--------
nle(id0,id1,dist): 16 20 1.2945870008207483
list:
dist: 1.2945870008207483 vs. 1.2945870008207483
--------
nle(id0,id1,dist): 15 57 4.83961492292693
list:
dist: 4.83961492292693 vs. 4.83961492292693
--------
nle(id0,id1,dist): 16 21 2.027985658372485
list:
dist: 2.027985658372485 vs. 2.027985658372485
--------
nle(id0,id1,dist): 16 22 2.6608194918776977
list:
dist: 2.6608194918776977 vs. 2.6608194918776977
--------
nle(id0,id1,dist): 16 23 1.475410344017992
list:
dist: 1.475410344017992 vs. 1.475410344017992
--------
nle(id0,id1,dist): 16 24 2.044672999390695
list:
dist: 2.044672999390695 vs. 2.044672999390695
--------
nle(id0,id1,dist): 16 25 1.8964150427080677
list:
dist: 1.8964150427080677 vs. 1.8964150427080677
--------
nle(id0,id1,dist): 16 26 1.8461344251029153
list:
dist: 1.8461344251029153 vs. 1.8461344251029153
--------
nle(id0,id1,dist): 16 28 2.1057409632993602
list:
dist: 2.1057409632993602 vs. 2.1057409632993602
--------
nle(id0,id1,dist): 16 29 2.4101480516713303
list:
dist: 2.4101480516713303 vs. 2.4101480516713303
--------
nle(id0,id1,dist): 16 31 3.52573186108293
list:
dist: 3.52573186108293 vs. 3.52573186108293
--------
nle(id0,id1,dist): 15 41 3.4539875619041602
list:
dist: 3.4539875619041602 vs. 3.4539875619041602
--------
nle(id0,id1,dist): 15 40 2.888916294661933
list:
dist: 2.888916294661933 vs. 2.888916294661933
--------
nle(id0,id1,dist): 15 43 3.742025841447896
list:
dist: 3.742025841447896 vs. 3.742025841447896
--------
nle(id0,id1,dist): 15 42 3.0379054880786915
list:
dist: 3.0379054880786915 vs. 3.0379054880786915
--------
nle(id0,id1,dist): 15 45 4.375866513857063
list:
dist: 4.375866513857063 vs. 4.375866513857063
--------
nle(id0,id1,dist): 15 44 4.256959668736711
list:
dist: 4.256959668736711 vs. 4.256959668736711
--------
nle(id0,id1,dist): 15 46 3.1513273250780665
list:
dist: 3.1513273250780665 vs. 3.1513273250780665
--------
nle(id0,id1,dist): 15 48 4.421676146670232
list:
dist: 4.421676146670232 vs. 4.421676146670232
--------
nle(id0,id1,dist): 15 51 3.442179287972734
list:
dist: 3.442179287972734 vs. 3.442179287972734
--------
nle(id0,id1,dist): 15 52 4.515802085022472
list:
dist: 4.515802085022472 vs. 4.515802085022472
--------
nle(id0,id1,dist): 1 2 0.953741626349047
list:
dist: 0.953741626349047 vs. 0.953741626349047
--------
nle(id0,id1,dist): 1 3 1.0283121833287516
list:
dist: 1.0283121833287516 vs. 1.0283121833287516
--------
nle(id0,id1,dist): 1 4 1.496555550717659
list:
dist: 1.496555550717659 vs. 1.496555550717659
--------
nle(id0,id1,dist): 1 5 1.7107339475383494
list:
dist: 1.7107339475383494 vs. 1.7107339475383494
--------
nle(id0,id1,dist): 1 6 1.1056632944947524
list:
dist: 1.1056632944947524 vs. 1.1056632944947524
--------
nle(id0,id1,dist): 1 7 1.7105812779682872
list:
dist: 1.7105812779682872 vs. 1.7105812779682872
--------
nle(id0,id1,dist): 1 8 1.8592048491103543
list:
dist: 1.8592048491103543 vs. 1.8592048491103543
--------
nle(id0,id1,dist): 1 9 2.25327579024719
list:
dist: 2.25327579024719 vs. 2.25327579024719
--------
nle(id0,id1,dist): 1 10 0.5734219439764956
list:
dist: 0.5734219439764956 vs. 0.5734219439764956
--------
nle(id0,id1,dist): 1 11 1.114550258632027
list:
dist: 1.114550258632027 vs. 1.114550258632027
--------
nle(id0,id1,dist): 1 28 3.0918525416349127
list:
dist: 3.0918525416349127 vs. 3.0918525416349127
--------
nle(id0,id1,dist): 1 29 3.371432511423406
list:
dist: 3.371432511423406 vs. 3.371432511423406
--------
nle(id0,id1,dist): 2 5 1.3744055351601185
list:
dist: 1.3744055351601185 vs. 1.3744055351601185
--------
nle(id0,id1,dist): 2 6 0.5299137799663053
list:
dist: 0.5299137799663053 vs. 0.5299137799663053
--------
nle(id0,id1,dist): 2 3 1.0102609138244214
list:
dist: 1.0102609138244214 vs. 1.0102609138244214
--------
nle(id0,id1,dist): 2 4 1.042777481087448
list:
dist: 1.042777481087448 vs. 1.042777481087448
--------
nle(id0,id1,dist): 1 15 2.203424216537668
list:
dist: 2.203424216537668 vs. 2.203424216537668
--------
nle(id0,id1,dist): 1 14 2.128545731498885
list:
dist: 2.128545731498885 vs. 2.128545731498885
--------
nle(id0,id1,dist): 1 13 2.0750488292348064
list:
dist: 2.0750488292348064 vs. 2.0750488292348064
--------
nle(id0,id1,dist): 1 12 1.9273677895431907
list:
dist: 1.9273677895431907 vs. 1.9273677895431907
--------
nle(id0,id1,dist): 1 19 2.835185925083007
list:
dist: 2.835185925083007 vs. 2.835185925083007
--------
nle(id0,id1,dist): 1 18 2.5899337452199056
list:
dist: 2.5899337452199056 vs. 2.5899337452199056
--------
nle(id0,id1,dist): 1 17 2.6356119745351245
list:
dist: 2.6356119745351245 vs. 2.6356119745351245
--------
nle(id0,id1,dist): 1 16 1.1094135924450301
list:
dist: 1.1094135924450301 vs. 1.1094135924450301
--------
nle(id0,id1,dist): 1 23 2.413765971363127
list:
dist: 2.413765971363127 vs. 2.413765971363127
--------
nle(id0,id1,dist): 1 21 3.06099509433754
list:
dist: 3.06099509433754 vs. 3.06099509433754
--------
nle(id0,id1,dist): 1 20 2.019722813613007
list:
dist: 2.019722813613007 vs. 2.019722813613007
--------
nle(id0,id1,dist): 1 26 2.9417158861027985
list:
dist: 2.9417158861027985 vs. 2.9417158861027985
--------
nle(id0,id1,dist): 1 25 2.8411676707845706
list:
dist: 2.8411676707845706 vs. 2.8411676707845706
--------
nle(id0,id1,dist): 1 24 2.984477025019676
list:
dist: 2.984477025019676 vs. 2.984477025019676
--------
nle(id0,id1,dist): 2 28 3.432023399870999
list:
dist: 3.432023399870999 vs. 3.432023399870999
--------
nle(id0,id1,dist): 2 29 3.865809157977279
list:
dist: 3.865809157977279 vs. 3.865809157977279
--------
nle(id0,id1,dist): 2 23 2.8975911315303766
list:
dist: 2.8975911315303766 vs. 2.8975911315303766
--------
nle(id0,id1,dist): 2 24 3.6677129019912296
list:
dist: 3.6677129019912296 vs. 3.6677129019912296
--------
nle(id0,id1,dist): 2 25 3.1808568176299614
list:
dist: 3.1808568176299614 vs. 3.1808568176299614
--------
nle(id0,id1,dist): 2 26 3.299322932464014
list:
dist: 3.299322932464014 vs. 3.299322932464014
--------
nle(id0,id1,dist): 2 12 2.348507268873635
list:
dist: 2.348507268873635 vs. 2.348507268873635
--------
nle(id0,id1,dist): 2 11 1.592081400759683
list:
dist: 1.592081400759683 vs. 1.592081400759683
--------
nle(id0,id1,dist): 2 14 2.6891426655364254
list:
dist: 2.6891426655364254 vs. 2.6891426655364254
--------
nle(id0,id1,dist): 2 13 2.388776311991398
list:
dist: 2.388776311991398 vs. 2.388776311991398
--------
nle(id0,id1,dist): 2 8 1.226525901530921
list:
dist: 1.226525901530921 vs. 1.226525901530921
--------
nle(id0,id1,dist): 2 7 1.415182920399468
list:
dist: 1.415182920399468 vs. 1.415182920399468
--------
nle(id0,id1,dist): 2 10 1.335458768382613
list:
dist: 1.335458768382613 vs. 1.335458768382613
--------
nle(id0,id1,dist): 2 9 2.0857761020251258
list:
dist: 2.0857761020251258 vs. 2.0857761020251258
--------
nle(id0,id1,dist): 2 20 2.8118525099773604
list:
dist: 2.8118525099773604 vs. 2.8118525099773604
--------
nle(id0,id1,dist): 2 19 2.9688050728981223
list:
dist: 2.9688050728981223 vs. 2.9688050728981223
--------
nle(id0,id1,dist): 2 21 3.612098161967202
list:
dist: 3.612098161967202 vs. 3.612098161967202
--------
nle(id0,id1,dist): 2 16 1.6405964966939028
list:
dist: 1.6405964966939028 vs. 1.6405964966939028
--------
nle(id0,id1,dist): 2 15 2.6140651432557136
list:
dist: 2.6140651432557136 vs. 2.6140651432557136
--------
nle(id0,id1,dist): 2 18 2.9079683583471074
list:
dist: 2.9079683583471074 vs. 2.9079683583471074
--------
nle(id0,id1,dist): 2 17 3.0979880691817354
list:
dist: 3.0979880691817354 vs. 3.0979880691817354
--------
nle(id0,id1,dist): 3 24 3.493384526952313
list:
dist: 3.493384526952313 vs. 3.493384526952313
--------
nle(id0,id1,dist): 3 25 2.951881406700515
list:
dist: 2.951881406700515 vs. 2.951881406700515
--------
nle(id0,id1,dist): 3 23 2.6442229385509073
list:
dist: 2.6442229385509073 vs. 2.6442229385509073
--------
nle(id0,id1,dist): 3 20 2.5862986700002697
list:
dist: 2.5862986700002697 vs. 2.5862986700002697
--------
nle(id0,id1,dist): 3 21 3.4714463162770937
list:
dist: 3.4714463162770937 vs. 3.4714463162770937
--------
nle(id0,id1,dist): 3 18 2.4943114938901823
list:
dist: 2.4943114938901823 vs. 2.4943114938901823
--------
nle(id0,id1,dist): 3 19 2.7868391814655338
list:
dist: 2.7868391814655338 vs. 2.7868391814655338
--------
nle(id0,id1,dist): 3 28 3.2386526823671122
list:
dist: 3.2386526823671122 vs. 3.2386526823671122
--------
nle(id0,id1,dist): 3 29 3.5797721056376512
list:
dist: 3.5797721056376512 vs. 3.5797721056376512
--------
nle(id0,id1,dist): 3 26 3.3187418844633667
list:
dist: 3.3187418844633667 vs. 3.3187418844633667
--------
nle(id0,id1,dist): 3 9 2.2784192969603745
list:
dist: 2.2784192969603745 vs. 2.2784192969603745
--------
nle(id0,id1,dist): 3 8 1.0492594935217983
list:
dist: 1.0492594935217983 vs. 1.0492594935217983
--------
nle(id0,id1,dist): 3 7 1.0610266165267908
list:
dist: 1.0610266165267908 vs. 1.0610266165267908
--------
nle(id0,id1,dist): 3 6 0.7193594588067727
list:
dist: 0.7193594588067727 vs. 0.7193594588067727
--------
nle(id0,id1,dist): 3 5 1.7959310742301333
list:
dist: 1.7959310742301333 vs. 1.7959310742301333
--------
nle(id0,id1,dist): 3 4 1.8871925816168864
list:
dist: 1.8871925816168864 vs. 1.8871925816168864
--------
nle(id0,id1,dist): 3 17 3.246083766048429
list:
dist: 3.246083766048429 vs. 3.246083766048429
--------
nle(id0,id1,dist): 3 16 1.7449251191814397
list:
dist: 1.7449251191814397 vs. 1.7449251191814397
--------
nle(id0,id1,dist): 3 15 2.3350513873764838
list:
dist: 2.3350513873764838 vs. 2.3350513873764838
--------
nle(id0,id1,dist): 3 14 2.6272782050542496
list:
dist: 2.6272782050542496 vs. 2.6272782050542496
--------
nle(id0,id1,dist): 3 13 1.7894814843180853
list:
dist: 1.7894814843180853 vs. 1.7894814843180853
--------
nle(id0,id1,dist): 3 12 2.0193890878939493
list:
dist: 2.0193890878939493 vs. 2.0193890878939493
--------
nle(id0,id1,dist): 3 11 1.7391481269195954
list:
dist: 1.7391481269195954 vs. 1.7391481269195954
--------
nle(id0,id1,dist): 3 10 1.0536625795141676
list:
dist: 1.0536625795141676 vs. 1.0536625795141676
--------
nle(id0,id1,dist): 37 48 1.3166436110229347
list:
dist: 1.3166436110229347 vs. 1.3166436110229347
--------
nle(id0,id1,dist): 37 49 1.8253124035846218
list:
dist: 1.8253124035846218 vs. 1.8253124035846218
--------
nle(id0,id1,dist): 37 51 1.9128701515348294
list:
dist: 1.9128701515348294 vs. 1.9128701515348294
--------
nle(id0,id1,dist): 37 52 1.3477060151275795
list:
dist: 1.3477060151275795 vs. 1.3477060151275795
--------
nle(id0,id1,dist): 37 54 2.384127534256771
list:
dist: 2.384127534256771 vs. 2.384127534256771
--------
nle(id0,id1,dist): 37 55 1.695243053667461
list:
dist: 1.695243053667461 vs. 1.695243053667461
--------
nle(id0,id1,dist): 37 40 1.7299579536519407
list:
dist: 1.7299579536519407 vs. 1.7299579536519407
--------
nle(id0,id1,dist): 37 41 1.693102836486533
list:
dist: 1.693102836486533 vs. 1.693102836486533
--------
nle(id0,id1,dist): 37 42 1.1827584005306446
list:
dist: 1.1827584005306446 vs. 1.1827584005306446
--------
nle(id0,id1,dist): 37 43 1.3615936014177568
list:
dist: 1.3615936014177568 vs. 1.3615936014177568
--------
nle(id0,id1,dist): 36 80 3.9753685051571654
list:
dist: 3.9753685051571654 vs. 3.9753685051571654
--------
nle(id0,id1,dist): 37 44 1.4272412155731602
list:
dist: 1.4272412155731602 vs. 1.4272412155731602
--------
nle(id0,id1,dist): 37 45 1.8552632616734417
list:
dist: 1.8552632616734417 vs. 1.8552632616734417
--------
nle(id0,id1,dist): 37 46 1.3167935875777919
list:
dist: 1.3167935875777919 vs. 1.3167935875777919
--------
nle(id0,id1,dist): 37 47 1.1428307338519772
list:
dist: 1.1428307338519772 vs. 1.1428307338519772
--------
nle(id0,id1,dist): 36 70 3.981710408443552
list:
dist: 3.981710408443552 vs. 3.981710408443552
--------
nle(id0,id1,dist): 37 38 1.3308793949277478
list:
dist: 1.3308793949277478 vs. 1.3308793949277478
--------
nle(id0,id1,dist): 36 64 2.9136963445217883
list:
dist: 2.9136963445217883 vs. 2.9136963445217883
--------
nle(id0,id1,dist): 36 55 1.3623895215152895
list:
dist: 1.3623895215152895 vs. 1.3623895215152895
--------
nle(id0,id1,dist): 36 56 1.6942794370871923
list:
dist: 1.6942794370871923 vs. 1.6942794370871923
--------
nle(id0,id1,dist): 36 53 2.1187559700737637
list:
dist: 2.1187559700737637 vs. 2.1187559700737637
--------
nle(id0,id1,dist): 36 54 2.122129911132871
list:
dist: 2.122129911132871 vs. 2.122129911132871
--------
nle(id0,id1,dist): 36 59 2.5974078949095913
list:
dist: 2.5974078949095913 vs. 2.5974078949095913
--------
nle(id0,id1,dist): 36 57 1.5529600287589977
list:
dist: 1.5529600287589977 vs. 1.5529600287589977
--------
nle(id0,id1,dist): 36 58 1.6181342231589613
list:
dist: 1.6181342231589613 vs. 1.6181342231589613
--------
nle(id0,id1,dist): 36 47 1.8684900278219565
list:
dist: 1.8684900278219565 vs. 1.8684900278219565
--------
nle(id0,id1,dist): 36 48 1.0705938650892648
list:
dist: 1.0705938650892648 vs. 1.0705938650892648
--------
nle(id0,id1,dist): 36 45 0.7808841397618367
list:
dist: 0.7808841397618367 vs. 0.7808841397618367
--------
nle(id0,id1,dist): 36 46 1.1178511393438386
list:
dist: 1.1178511393438386 vs. 1.1178511393438386
--------
nle(id0,id1,dist): 36 51 1.9465687631104955
list:
dist: 1.9465687631104955 vs. 1.9465687631104955
--------
nle(id0,id1,dist): 36 52 1.5053140230176092
list:
dist: 1.5053140230176092 vs. 1.5053140230176092
--------
nle(id0,id1,dist): 36 49 2.0456930416212913
list:
dist: 2.0456930416212913 vs. 2.0456930416212913
--------
nle(id0,id1,dist): 36 50 2.0694558024635192
list:
dist: 2.0694558024635192 vs. 2.0694558024635192
--------
nle(id0,id1,dist): 36 40 1.6054428194351489
list:
dist: 1.6054428194351489 vs. 1.6054428194351489
--------
nle(id0,id1,dist): 36 38 0.7902259158983793
list:
dist: 0.7902259158983793 vs. 0.7902259158983793
--------
nle(id0,id1,dist): 36 37 1.207078064338595
list:
dist: 1.207078064338595 vs. 1.207078064338595
--------
nle(id0,id1,dist): 36 44 1.0210293488014515
list:
dist: 1.0210293488014515 vs. 1.0210293488014515
--------
nle(id0,id1,dist): 36 43 1.5502646969199687
list:
dist: 1.5502646969199687 vs. 1.5502646969199687
--------
nle(id0,id1,dist): 36 42 1.6532414487939031
list:
dist: 1.6532414487939031 vs. 1.6532414487939031
--------
nle(id0,id1,dist): 36 41 1.07484843357586
list:
dist: 1.07484843357586 vs. 1.07484843357586
--------
nle(id0,id1,dist): 35 54 3.4983041005162048
list:
dist: 3.4983041005162048 vs. 3.4983041005162048
--------
nle(id0,id1,dist): 35 55 2.9007477746155885
list:
dist: 2.9007477746155885 vs. 2.9007477746155885
--------
nle(id0,id1,dist): 35 56 2.5908730770399093
list:
dist: 2.5908730770399093 vs. 2.5908730770399093
--------
nle(id0,id1,dist): 35 57 3.0834968862698626
list:
dist: 3.0834968862698626 vs. 3.0834968862698626
--------
nle(id0,id1,dist): 35 51 2.980651507239404
list:
dist: 2.980651507239404 vs. 2.980651507239404
--------
nle(id0,id1,dist): 35 52 2.5541213966980645
list:
dist: 2.5541213966980645 vs. 2.5541213966980645
--------
nle(id0,id1,dist): 35 47 2.1640092816376644
list:
dist: 2.1640092816376644 vs. 2.1640092816376644
--------
nle(id0,id1,dist): 35 46 1.9362955196198024
list:
dist: 1.9362955196198024 vs. 1.9362955196198024
--------
nle(id0,id1,dist): 35 49 2.8383046857660603
list:
dist: 2.8383046857660603 vs. 2.8383046857660603
--------
nle(id0,id1,dist): 35 48 2.51969556675848
list:
dist: 2.51969556675848 vs. 2.51969556675848
--------
nle(id0,id1,dist): 35 43 2.5097171365778164
list:
dist: 2.5097171365778164 vs. 2.5097171365778164
--------
nle(id0,id1,dist): 35 42 2.0230708854890658
list:
dist: 2.0230708854890658 vs. 2.0230708854890658
--------
nle(id0,id1,dist): 35 45 2.8196977297387
list:
dist: 2.8196977297387 vs. 2.8196977297387
--------
nle(id0,id1,dist): 35 44 2.6101267186247146
list:
dist: 2.6101267186247146 vs. 2.6101267186247146
--------
nle(id0,id1,dist): 35 38 2.202358878318058
list:
dist: 2.202358878318058 vs. 2.202358878318058
--------
nle(id0,id1,dist): 35 41 2.5606663049319716
list:
dist: 2.5606663049319716 vs. 2.5606663049319716
--------
nle(id0,id1,dist): 35 40 2.5552448770978176
list:
dist: 2.5552448770978176 vs. 2.5552448770978176
--------
nle(id0,id1,dist): 35 37 1.2213259861093892
list:
dist: 1.2213259861093892 vs. 1.2213259861093892
--------
nle(id0,id1,dist): 35 36 2.069778420898904
list:
dist: 2.069778420898904 vs. 2.069778420898904
--------
nle(id0,id1,dist): 34 59 3.487155203911215
list:
dist: 3.487155203911215 vs. 3.487155203911215
--------
nle(id0,id1,dist): 34 57 2.179764769705483
list:
dist: 2.179764769705483 vs. 2.179764769705483
--------
nle(id0,id1,dist): 34 58 2.80083043564467
list:
dist: 2.80083043564467 vs. 2.80083043564467
--------
nle(id0,id1,dist): 34 55 2.0254018157117835
list:
dist: 2.0254018157117835 vs. 2.0254018157117835
--------
nle(id0,id1,dist): 34 56 2.053825077594994
list:
dist: 2.053825077594994 vs. 2.053825077594994
--------
nle(id0,id1,dist): 34 54 2.0149947498578267
list:
dist: 2.0149947498578267 vs. 2.0149947498578267
--------
nle(id0,id1,dist): 34 53 2.809983403778577
list:
dist: 2.809983403778577 vs. 2.809983403778577
--------
nle(id0,id1,dist): 34 52 1.580680392070708
list:
dist: 1.580680392070708 vs. 1.580680392070708
--------
nle(id0,id1,dist): 34 51 1.3821670004418305
list:
dist: 1.3821670004418305 vs. 1.3821670004418305
--------
nle(id0,id1,dist): 34 50 2.6330246629151537
list:
dist: 2.6330246629151537 vs. 2.6330246629151537
--------
nle(id0,id1,dist): 34 49 2.3284156383356533
list:
dist: 2.3284156383356533 vs. 2.3284156383356533
--------
nle(id0,id1,dist): 34 48 1.7479008957651336
list:
dist: 1.7479008957651336 vs. 1.7479008957651336
--------
nle(id0,id1,dist): 34 47 1.3664901908779539
list:
dist: 1.3664901908779539 vs. 1.3664901908779539
--------
nle(id0,id1,dist): 34 46 1.6234305798258737
list:
dist: 1.6234305798258737 vs. 1.6234305798258737
--------
nle(id0,id1,dist): 34 45 2.4453952041933307
list:
dist: 2.4453952041933307 vs. 2.4453952041933307
--------
nle(id0,id1,dist): 34 44 1.776545280517532
list:
dist: 1.776545280517532 vs. 1.776545280517532
--------
nle(id0,id1,dist): 33 80 4.521415859092365
list:
dist: 4.521415859092365 vs. 4.521415859092365
--------
nle(id0,id1,dist): 34 43 1.104223537072813
list:
dist: 1.104223537072813 vs. 1.104223537072813
--------
nle(id0,id1,dist): 34 42 0.6685167505267464
list:
dist: 0.6685167505267464 vs. 0.6685167505267464
--------
nle(id0,id1,dist): 34 41 1.9207009430980297
list:
dist: 1.9207009430980297 vs. 1.9207009430980297
--------
nle(id0,id1,dist): 34 40 1.472313333462827
list:
dist: 1.472313333462827 vs. 1.472313333462827
--------
nle(id0,id1,dist): 33 64 3.3479249461448717
list:
dist: 3.3479249461448717 vs. 3.3479249461448717
--------
nle(id0,id1,dist): 33 70 4.324622282153705
list:
dist: 4.324622282153705 vs. 4.324622282153705
--------
nle(id0,id1,dist): 34 36 2.095762503724311
list:
dist: 2.095762503724311 vs. 2.095762503724311
--------
nle(id0,id1,dist): 34 35 1.968970479770759
list:
dist: 1.968970479770759 vs. 1.968970479770759
--------
nle(id0,id1,dist): 34 37 1.2446419489742397
list:
dist: 1.2446419489742397 vs. 1.2446419489742397
--------
nle(id0,id1,dist): 33 44 1.1885568523496837
list:
dist: 1.1885568523496837 vs. 1.1885568523496837
--------
nle(id0,id1,dist): 33 45 1.1674548977849393
list:
dist: 1.1674548977849393 vs. 1.1674548977849393
--------
nle(id0,id1,dist): 33 46 0.5030503025489085
list:
dist: 0.5030503025489085 vs. 0.5030503025489085
--------
nle(id0,id1,dist): 33 47 1.8574107938253193
list:
dist: 1.8574107938253193 vs. 1.8574107938253193
--------
nle(id0,id1,dist): 33 48 1.2800601396156313
list:
dist: 1.2800601396156313 vs. 1.2800601396156313
--------
nle(id0,id1,dist): 33 49 2.3382078416379475
list:
dist: 2.3382078416379475 vs. 2.3382078416379475
--------
nle(id0,id1,dist): 33 50 2.097171425550197
list:
dist: 2.097171425550197 vs. 2.097171425550197
--------
nle(id0,id1,dist): 33 51 1.6888071225834254
list:
dist: 1.6888071225834254 vs. 1.6888071225834254
--------
nle(id0,id1,dist): 33 52 1.6160278194480924
list:
dist: 1.6160278194480924 vs. 1.6160278194480924
--------
nle(id0,id1,dist): 33 53 2.245147306136376
list:
dist: 2.245147306136376 vs. 2.245147306136376
--------
nle(id0,id1,dist): 33 54 2.0087643026785926
list:
dist: 2.0087643026785926 vs. 2.0087643026785926
--------
nle(id0,id1,dist): 33 55 1.630007431621458
list:
dist: 1.630007431621458 vs. 1.630007431621458
--------
nle(id0,id1,dist): 33 56 1.9670685510515769
list:
dist: 1.9670685510515769 vs. 1.9670685510515769
--------
nle(id0,id1,dist): 33 57 1.844660787731918
list:
dist: 1.844660787731918 vs. 1.844660787731918
--------
nle(id0,id1,dist): 33 58 2.101249238454532
list:
dist: 2.101249238454532 vs. 2.101249238454532
--------
nle(id0,id1,dist): 33 59 3.0679013370429615
list:
dist: 3.0679013370429615 vs. 3.0679013370429615
--------
nle(id0,id1,dist): 33 35 1.7645989757226934
list:
dist: 1.7645989757226934 vs. 1.7645989757226934
--------
nle(id0,id1,dist): 33 34 1.6405279059322704
list:
dist: 1.6405279059322704 vs. 1.6405279059322704
--------
nle(id0,id1,dist): 33 38 1.3461537079741641
list:
dist: 1.3461537079741641 vs. 1.3461537079741641
--------
nle(id0,id1,dist): 33 37 0.9833875070575927
list:
dist: 0.9833875070575927 vs. 0.9833875070575927
--------
nle(id0,id1,dist): 33 36 0.6652282362355366
list:
dist: 0.6652282362355366 vs. 0.6652282362355366
--------
nle(id0,id1,dist): 33 43 1.357834334398315
list:
dist: 1.357834334398315 vs. 1.357834334398315
--------
nle(id0,id1,dist): 33 42 1.1337193244373582
list:
dist: 1.1337193244373582 vs. 1.1337193244373582
--------
nle(id0,id1,dist): 33 41 0.8287860754661655
list:
dist: 0.8287860754661655 vs. 0.8287860754661655
--------
nle(id0,id1,dist): 33 40 1.1323065927627427
list:
dist: 1.1323065927627427 vs. 1.1323065927627427
--------
nle(id0,id1,dist): 32 51 2.3597795926594496
list:
dist: 2.3597795926594496 vs. 2.3597795926594496
--------
nle(id0,id1,dist): 32 52 2.5115439524686
list:
dist: 2.5115439524686 vs. 2.5115439524686
--------
nle(id0,id1,dist): 32 49 3.184014161179718
list:
dist: 3.184014161179718 vs. 3.184014161179718
--------
nle(id0,id1,dist): 32 55 2.6785139991677562
list:
dist: 2.6785139991677562 vs. 2.6785139991677562
--------
nle(id0,id1,dist): 32 56 2.838146866149708
list:
dist: 2.838146866149708 vs. 2.838146866149708
--------
nle(id0,id1,dist): 32 54 2.811632022715862
list:
dist: 2.811632022715862 vs. 2.811632022715862
--------
nle(id0,id1,dist): 32 57 2.892846585096667
list:
dist: 2.892846585096667 vs. 2.892846585096667
--------
nle(id0,id1,dist): 32 38 2.2779405954158363
list:
dist: 2.2779405954158363 vs. 2.2779405954158363
--------
nle(id0,id1,dist): 32 37 1.4001774896287833
list:
dist: 1.4001774896287833 vs. 1.4001774896287833
--------
nle(id0,id1,dist): 32 40 1.5988383586564703
list:
dist: 1.5988383586564703 vs. 1.5988383586564703
--------
nle(id0,id1,dist): 32 34 1.7702281783108729
list:
dist: 1.7702281783108729 vs. 1.7702281783108729
--------
nle(id0,id1,dist): 32 33 1.1195558104622787
list:
dist: 1.1195558104622787 vs. 1.1195558104622787
--------
nle(id0,id1,dist): 32 36 1.7026030040726303
list:
dist: 1.7026030040726303 vs. 1.7026030040726303
--------
nle(id0,id1,dist): 32 35 1.3159589013590551
list:
dist: 1.3159589013590551 vs. 1.3159589013590551
--------
nle(id0,id1,dist): 32 46 0.9392918841104765
list:
dist: 0.9392918841104765 vs. 0.9392918841104765
--------
nle(id0,id1,dist): 32 45 2.2421265972557936
list:
dist: 2.2421265972557936 vs. 2.2421265972557936
--------
nle(id0,id1,dist): 32 48 2.307509374133424
list:
dist: 2.307509374133424 vs. 2.307509374133424
--------
nle(id0,id1,dist): 32 47 2.4724786684309596
list:
dist: 2.4724786684309596 vs. 2.4724786684309596
--------
nle(id0,id1,dist): 32 42 1.4347457782898079
list:
dist: 1.4347457782898079 vs. 1.4347457782898079
--------
nle(id0,id1,dist): 32 41 1.6579751006840282
list:
dist: 1.6579751006840282 vs. 1.6579751006840282
--------
nle(id0,id1,dist): 32 44 2.2444581538684023
list:
dist: 2.2444581538684023 vs. 2.2444581538684023
--------
nle(id0,id1,dist): 32 43 2.119938546048382
list:
dist: 2.119938546048382 vs. 2.119938546048382
--------
nle(id0,id1,dist): 31 54 2.79374501014179
list:
dist: 2.79374501014179 vs. 2.79374501014179
--------
nle(id0,id1,dist): 31 55 2.855129967918197
list:
dist: 2.855129967918197 vs. 2.855129967918197
--------
nle(id0,id1,dist): 31 56 2.8447566644823636
list:
dist: 2.8447566644823636 vs. 2.8447566644823636
--------
nle(id0,id1,dist): 31 57 3.036905764635561
list:
dist: 3.036905764635561 vs. 3.036905764635561
--------
nle(id0,id1,dist): 31 45 2.962489611654302
list:
dist: 2.962489611654302 vs. 2.962489611654302
--------
nle(id0,id1,dist): 31 44 2.5208975497237582
list:
dist: 2.5208975497237582 vs. 2.5208975497237582
--------
nle(id0,id1,dist): 31 43 1.97731793344932
list:
dist: 1.97731793344932 vs. 1.97731793344932
--------
nle(id0,id1,dist): 31 42 1.2107898422524859
list:
dist: 1.2107898422524859 vs. 1.2107898422524859
--------
nle(id0,id1,dist): 31 41 2.3023764686259502
list:
dist: 2.3023764686259502 vs. 2.3023764686259502
--------
nle(id0,id1,dist): 31 40 1.8448828022740233
list:
dist: 1.8448828022740233 vs. 1.8448828022740233
--------
nle(id0,id1,dist): 31 52 2.455644560775582
list:
dist: 2.455644560775582 vs. 2.455644560775582
--------
nle(id0,id1,dist): 31 51 2.1771583382237765
list:
dist: 2.1771583382237765 vs. 2.1771583382237765
--------
nle(id0,id1,dist): 31 49 3.128422788865989
list:
dist: 3.128422788865989 vs. 3.128422788865989
--------
nle(id0,id1,dist): 31 48 2.5195023774522034
list:
dist: 2.5195023774522034 vs. 2.5195023774522034
--------
nle(id0,id1,dist): 31 47 2.159220932435484
list:
dist: 2.159220932435484 vs. 2.159220932435484
--------
nle(id0,id1,dist): 31 46 1.7389247606012548
list:
dist: 1.7389247606012548 vs. 1.7389247606012548
--------
nle(id0,id1,dist): 31 36 2.483229356521932
list:
dist: 2.483229356521932 vs. 2.483229356521932
--------
nle(id0,id1,dist): 31 37 1.5795224664161431
list:
dist: 1.5795224664161431 vs. 1.5795224664161431
--------
nle(id0,id1,dist): 31 34 0.9950107846241099
list:
dist: 0.9950107846241099 vs. 0.9950107846241099
--------
nle(id0,id1,dist): 31 35 1.614411118066155
list:
dist: 1.614411118066155 vs. 1.614411118066155
--------
nle(id0,id1,dist): 31 32 1.3661502504210523
list:
dist: 1.3661502504210523 vs. 1.3661502504210523
--------
nle(id0,id1,dist): 31 33 1.8920909205508032
list:
dist: 1.8920909205508032 vs. 1.8920909205508032
--------
nle(id0,id1,dist): 43 70 4.828504272143435
list:
dist: 4.828504272143435 vs. 4.828504272143435
--------
nle(id0,id1,dist): 43 59 2.509948380971536
list:
dist: 2.509948380971536 vs. 2.509948380971536
--------
nle(id0,id1,dist): 43 58 1.8006351047763633
list:
dist: 1.8006351047763633 vs. 1.8006351047763633
--------
nle(id0,id1,dist): 43 64 3.9154673852273216
list:
dist: 3.9154673852273216 vs. 3.9154673852273216
--------
nle(id0,id1,dist): 44 47 1.4342122656169394
list:
dist: 1.4342122656169394 vs. 1.4342122656169394
--------
nle(id0,id1,dist): 44 48 0.29033342263596335
list:
dist: 0.29033342263596335 vs. 0.29033342263596335
--------
nle(id0,id1,dist): 44 45 0.9195463634426171
list:
dist: 0.9195463634426171 vs. 0.9195463634426171
--------
nle(id0,id1,dist): 44 46 1.473110801537489
list:
dist: 1.473110801537489 vs. 1.473110801537489
--------
nle(id0,id1,dist): 44 51 1.1826391409511687
list:
dist: 1.1826391409511687 vs. 1.1826391409511687
--------
nle(id0,id1,dist): 44 52 0.7464675193893027
list:
dist: 0.7464675193893027 vs. 0.7464675193893027
--------
nle(id0,id1,dist): 44 49 1.5864912759608396
list:
dist: 1.5864912759608396 vs. 1.5864912759608396
--------
nle(id0,id1,dist): 44 50 1.4513913764088169
list:
dist: 1.4513913764088169 vs. 1.4513913764088169
--------
nle(id0,id1,dist): 43 80 4.667238376632759
list:
dist: 4.667238376632759 vs. 4.667238376632759
--------
nle(id0,id1,dist): 42 64 4.213812051853151
list:
dist: 4.213812051853151 vs. 4.213812051853151
--------
nle(id0,id1,dist): 42 70 5.095384495507216
list:
dist: 5.095384495507216 vs. 5.095384495507216
--------
nle(id0,id1,dist): 43 50 1.6581722609894378
list:
dist: 1.6581722609894378 vs. 1.6581722609894378
--------
nle(id0,id1,dist): 43 51 0.6307757260365006
list:
dist: 0.6307757260365006 vs. 0.6307757260365006
--------
nle(id0,id1,dist): 43 52 0.8107419692764171
list:
dist: 0.8107419692764171 vs. 0.8107419692764171
--------
nle(id0,id1,dist): 43 53 1.7696713675396936
list:
dist: 1.7696713675396936 vs. 1.7696713675396936
--------
nle(id0,id1,dist): 43 54 1.097054798972301
list:
dist: 1.097054798972301 vs. 1.097054798972301
--------
nle(id0,id1,dist): 43 55 1.0247933073248336
list:
dist: 1.0247933073248336 vs. 1.0247933073248336
--------
nle(id0,id1,dist): 43 56 1.48463777732298
list:
dist: 1.48463777732298 vs. 1.48463777732298
--------
nle(id0,id1,dist): 43 57 1.1761296687677552
list:
dist: 1.1761296687677552 vs. 1.1761296687677552
--------
nle(id0,id1,dist): 42 80 5.22732393130313
list:
dist: 5.22732393130313 vs. 5.22732393130313
--------
nle(id0,id1,dist): 43 44 0.8007280542288017
list:
dist: 0.8007280542288017 vs. 0.8007280542288017
--------
nle(id0,id1,dist): 43 45 1.6008253859426773
list:
dist: 1.6008253859426773 vs. 1.6008253859426773
--------
nle(id0,id1,dist): 43 46 1.4655758318585639
list:
dist: 1.4655758318585639 vs. 1.4655758318585639
--------
nle(id0,id1,dist): 41 120 5.452966927568715
list:
dist: 5.452966927568715 vs. 5.452966927568715
--------
nle(id0,id1,dist): 43 47 1.2305674501302297
list:
dist: 1.2305674501302297 vs. 1.2305674501302297
--------
nle(id0,id1,dist): 41 122 4.738872682764241
list:
dist: 4.738872682764241 vs. 4.738872682764241
--------
nle(id0,id1,dist): 43 48 0.8473036705181831
list:
dist: 0.8473036705181831 vs. 0.8473036705181831
--------
nle(id0,id1,dist): 43 49 1.8053283453407454
list:
dist: 1.8053283453407454 vs. 1.8053283453407454
--------
nle(id0,id1,dist): 42 46 1.0248568390507198
list:
dist: 1.0248568390507198 vs. 1.0248568390507198
--------
nle(id0,id1,dist): 42 45 1.9154385617122047
list:
dist: 1.9154385617122047 vs. 1.9154385617122047
--------
nle(id0,id1,dist): 42 44 1.4067368904739337
list:
dist: 1.4067368904739337 vs. 1.4067368904739337
--------
nle(id0,id1,dist): 41 80 4.163877668624118
list:
dist: 4.163877668624118 vs. 4.163877668624118
--------
nle(id0,id1,dist): 42 43 0.8527497852188763
list:
dist: 0.8527497852188763 vs. 0.8527497852188763
--------
nle(id0,id1,dist): 41 70 3.8296394001544365
list:
dist: 3.8296394001544365 vs. 3.8296394001544365
--------
nle(id0,id1,dist): 42 59 3.3095745284703835
list:
dist: 3.3095745284703835 vs. 3.3095745284703835
--------
nle(id0,id1,dist): 42 57 1.9567274291674877
list:
dist: 1.9567274291674877 vs. 1.9567274291674877
--------
nle(id0,id1,dist): 42 58 2.5031542983565576
list:
dist: 2.5031542983565576 vs. 2.5031542983565576
--------
nle(id0,id1,dist): 42 55 1.7708625870634447
list:
dist: 1.7708625870634447 vs. 1.7708625870634447
--------
nle(id0,id1,dist): 42 56 2.0724607686860606
list:
dist: 2.0724607686860606 vs. 2.0724607686860606
--------
nle(id0,id1,dist): 42 53 2.3271069877205783
list:
dist: 2.3271069877205783 vs. 2.3271069877205783
--------
nle(id0,id1,dist): 42 54 1.6256503470943755
list:
dist: 1.6256503470943755 vs. 1.6256503470943755
--------
nle(id0,id1,dist): 42 51 1.0399787571956214
list:
dist: 1.0399787571956214 vs. 1.0399787571956214
--------
nle(id0,id1,dist): 42 52 1.510277078760244
list:
dist: 1.510277078760244 vs. 1.510277078760244
--------
nle(id0,id1,dist): 42 49 2.4092740272602553
list:
dist: 2.4092740272602553 vs. 2.4092740272602553
--------
nle(id0,id1,dist): 42 50 2.116278494511142
list:
dist: 2.116278494511142 vs. 2.116278494511142
--------
nle(id0,id1,dist): 42 47 1.597984321437872
list:
dist: 1.597984321437872 vs. 1.597984321437872
--------
nle(id0,id1,dist): 42 48 1.4762805577941904
list:
dist: 1.4762805577941904 vs. 1.4762805577941904
--------
nle(id0,id1,dist): 41 48 1.367610645389082
list:
dist: 1.367610645389082 vs. 1.367610645389082
--------
nle(id0,id1,dist): 39 122 4.305812007883258
list:
dist: 4.305812007883258 vs. 4.305812007883258
--------
nle(id0,id1,dist): 41 51 1.3380743135279474
list:
dist: 1.3380743135279474 vs. 1.3380743135279474
--------
nle(id0,id1,dist): 41 50 1.3713339123715738
list:
dist: 1.3713339123715738 vs. 1.3713339123715738
--------
nle(id0,id1,dist): 39 124 4.756883712147155
list:
dist: 4.756883712147155 vs. 4.756883712147155
--------
nle(id0,id1,dist): 41 45 0.9225956021034547
list:
dist: 0.9225956021034547 vs. 0.9225956021034547
--------
nle(id0,id1,dist): 41 44 1.1229942395850157
list:
dist: 1.1229942395850157 vs. 1.1229942395850157
--------
nle(id0,id1,dist): 41 46 0.720896648833018
list:
dist: 0.720896648833018 vs. 0.720896648833018
--------
nle(id0,id1,dist): 39 120 5.335669211085074
list:
dist: 5.335669211085074 vs. 5.335669211085074
--------
nle(id0,id1,dist): 41 43 1.3140176328246473
list:
dist: 1.3140176328246473 vs. 1.3140176328246473
--------
nle(id0,id1,dist): 40 80 4.779808354789624
list:
dist: 4.779808354789624 vs. 4.779808354789624
--------
nle(id0,id1,dist): 41 42 1.2755798074963767
list:
dist: 1.2755798074963767 vs. 1.2755798074963767
--------
nle(id0,id1,dist): 39 111 4.067372114224635
list:
dist: 4.067372114224635 vs. 4.067372114224635
--------
nle(id0,id1,dist): 39 113 4.676472338423022
list:
dist: 4.676472338423022 vs. 4.676472338423022
--------
nle(id0,id1,dist): 41 64 2.983343483245959
list:
dist: 2.983343483245959 vs. 2.983343483245959
--------
nle(id0,id1,dist): 41 60 3.572546410328688
list:
dist: 3.572546410328688 vs. 3.572546410328688
--------
nle(id0,id1,dist): 41 61 3.632062562599041
list:
dist: 3.632062562599041 vs. 3.632062562599041
--------
nle(id0,id1,dist): 41 57 1.7714377101024408
list:
dist: 1.7714377101024408 vs. 1.7714377101024408
--------
nle(id0,id1,dist): 41 58 1.996777503279789
list:
dist: 1.996777503279789 vs. 1.996777503279789
--------
nle(id0,id1,dist): 41 59 2.9564137504873322
list:
dist: 2.9564137504873322 vs. 2.9564137504873322
--------
nle(id0,id1,dist): 41 52 1.7721755563005306
list:
dist: 1.7721755563005306 vs. 1.7721755563005306
--------
nle(id0,id1,dist): 41 53 1.5803049868077874
list:
dist: 1.5803049868077874 vs. 1.5803049868077874
--------
nle(id0,id1,dist): 39 127 4.721071252270077
list:
dist: 4.721071252270077 vs. 4.721071252270077
--------
nle(id0,id1,dist): 41 54 1.4514611287887587
list:
dist: 1.4514611287887587 vs. 1.4514611287887587
--------
nle(id0,id1,dist): 41 55 1.5785227925016467
list:
dist: 1.5785227925016467 vs. 1.5785227925016467
--------
nle(id0,id1,dist): 40 43 1.1262436422062232
list:
dist: 1.1262436422062232 vs. 1.1262436422062232
--------
nle(id0,id1,dist): 39 80 3.608163395431814
list:
dist: 3.608163395431814 vs. 3.608163395431814
--------
nle(id0,id1,dist): 40 44 1.3963247465340218
list:
dist: 1.3963247465340218 vs. 1.3963247465340218
--------
nle(id0,id1,dist): 39 81 3.7843944655643997
list:
dist: 3.7843944655643997 vs. 3.7843944655643997
--------
nle(id0,id1,dist): 40 41 0.7192394059334343
list:
dist: 0.7192394059334343 vs. 0.7192394059334343
--------
nle(id0,id1,dist): 39 78 3.234191316564626
list:
dist: 3.234191316564626 vs. 3.234191316564626
--------
nle(id0,id1,dist): 40 42 0.8227922092179444
list:
dist: 0.8227922092179444 vs. 0.8227922092179444
--------
nle(id0,id1,dist): 39 79 2.8912225348493714
list:
dist: 2.8912225348493714 vs. 2.8912225348493714
--------
nle(id0,id1,dist): 40 47 2.2076437300527267
list:
dist: 2.2076437300527267 vs. 2.2076437300527267
--------
nle(id0,id1,dist): 40 48 1.6055815834031142
list:
dist: 1.6055815834031142 vs. 1.6055815834031142
--------
nle(id0,id1,dist): 39 85 4.142525440530842
list:
dist: 4.142525440530842 vs. 4.142525440530842
--------
nle(id0,id1,dist): 40 45 1.5785001733290154
list:
dist: 1.5785001733290154 vs. 1.5785001733290154
--------
nle(id0,id1,dist): 40 46 0.8270528606388116
list:
dist: 0.8270528606388116 vs. 0.8270528606388116
--------
nle(id0,id1,dist): 39 83 3.1768763614088558
list:
dist: 3.1768763614088558 vs. 3.1768763614088558
--------
nle(id0,id1,dist): 40 51 0.968708711097544
list:
dist: 0.968708711097544 vs. 0.968708711097544
--------
nle(id0,id1,dist): 40 52 1.8395395689275913
list:
dist: 1.8395395689275913 vs. 1.8395395689275913
--------
nle(id0,id1,dist): 40 49 2.8132719784819797
list:
dist: 2.8132719784819797 vs. 2.8132719784819797
--------
nle(id0,id1,dist): 40 50 1.5460647111899999
list:
dist: 1.5460647111899999 vs. 1.5460647111899999
--------
nle(id0,id1,dist): 40 55 1.8253676204099047
list:
dist: 1.8253676204099047 vs. 1.8253676204099047
--------
nle(id0,id1,dist): 40 56 2.452665855049323
list:
dist: 2.452665855049323 vs. 2.452665855049323
--------
nle(id0,id1,dist): 39 93 4.141813232696567
list:
dist: 4.141813232696567 vs. 4.141813232696567
--------
nle(id0,id1,dist): 40 53 1.8245200162749247
list:
dist: 1.8245200162749247 vs. 1.8245200162749247
--------
nle(id0,id1,dist): 39 90 4.038921080552284
list:
dist: 4.038921080552284 vs. 4.038921080552284
--------
nle(id0,id1,dist): 40 54 1.2958586485259767
list:
dist: 1.2958586485259767 vs. 1.2958586485259767
--------
nle(id0,id1,dist): 39 97 2.689309796799589
list:
dist: 2.689309796799589 vs. 2.689309796799589
--------
nle(id0,id1,dist): 40 59 3.3007622551943965
list:
dist: 3.3007622551943965 vs. 3.3007622551943965
--------
nle(id0,id1,dist): 39 96 2.75324038809701
list:
dist: 2.75324038809701 vs. 2.75324038809701
--------
nle(id0,id1,dist): 40 58 2.425087426541164
list:
dist: 2.425087426541164 vs. 2.425087426541164
--------
nle(id0,id1,dist): 39 95 3.3918436027130627
list:
dist: 3.3918436027130627 vs. 3.3918436027130627
--------
nle(id0,id1,dist): 40 57 2.0111260367763153
list:
dist: 2.0111260367763153 vs. 2.0111260367763153
--------
nle(id0,id1,dist): 39 94 3.6106661851834954
list:
dist: 3.6106661851834954 vs. 3.6106661851834954
--------
nle(id0,id1,dist): 40 64 3.6566294405472153
list:
dist: 3.6566294405472153 vs. 3.6566294405472153
--------
nle(id0,id1,dist): 39 99 2.8812753695464504
list:
dist: 2.8812753695464504 vs. 2.8812753695464504
--------
nle(id0,id1,dist): 39 98 3.548682597522507
list:
dist: 3.548682597522507 vs. 3.548682597522507
--------
nle(id0,id1,dist): 39 105 3.7665703513269158
list:
dist: 3.7665703513269158 vs. 3.7665703513269158
--------
nle(id0,id1,dist): 39 103 4.309143524317625
list:
dist: 4.309143524317625 vs. 4.309143524317625
--------
nle(id0,id1,dist): 39 102 4.355517283724811
list:
dist: 4.355517283724811 vs. 4.355517283724811
--------
nle(id0,id1,dist): 40 70 4.428538589787472
list:
dist: 4.428538589787472 vs. 4.428538589787472
--------
nle(id0,id1,dist): 38 83 4.467256217072478
list:
dist: 4.467256217072478 vs. 4.467256217072478
--------
nle(id0,id1,dist): 38 85 5.692942628257187
list:
dist: 5.692942628257187 vs. 5.692942628257187
--------
nle(id0,id1,dist): 39 60 2.602019455144295
list:
dist: 2.602019455144295 vs. 2.602019455144295
--------
nle(id0,id1,dist): 39 61 2.9463840414213616
list:
dist: 2.9463840414213616 vs. 2.9463840414213616
--------
nle(id0,id1,dist): 39 63 2.179875961695471
list:
dist: 2.179875961695471 vs. 2.179875961695471
--------
nle(id0,id1,dist): 39 62 2.6253590805223026
list:
dist: 2.6253590805223026 vs. 2.6253590805223026
--------
nle(id0,id1,dist): 39 65 2.022746152297893
list:
dist: 2.022746152297893 vs. 2.022746152297893
--------
nle(id0,id1,dist): 39 64 2.435358119408265
list:
dist: 2.435358119408265 vs. 2.435358119408265
--------
nle(id0,id1,dist): 39 67 1.9723079238256143
list:
dist: 1.9723079238256143 vs. 1.9723079238256143
--------
nle(id0,id1,dist): 39 66 0.9627730507578589
list:
dist: 0.9627730507578589 vs. 0.9627730507578589
--------
nle(id0,id1,dist): 39 69 2.75080517044213
list:
dist: 2.75080517044213 vs. 2.75080517044213
--------
nle(id0,id1,dist): 39 68 2.071354332826681
list:
dist: 2.071354332826681 vs. 2.071354332826681
--------
nle(id0,id1,dist): 39 71 3.075918544639566
list:
dist: 3.075918544639566 vs. 3.075918544639566
--------
nle(id0,id1,dist): 39 70 3.2062734237136046
list:
dist: 3.2062734237136046 vs. 3.2062734237136046
--------
nle(id0,id1,dist): 39 73 2.6278643602816794
list:
dist: 2.6278643602816794 vs. 2.6278643602816794
--------
nle(id0,id1,dist): 39 72 3.418701492384049
list:
dist: 3.418701492384049 vs. 3.418701492384049
--------
nle(id0,id1,dist): 39 75 2.3024504911473636
list:
dist: 2.3024504911473636 vs. 2.3024504911473636
--------
nle(id0,id1,dist): 39 74 2.666274099885368
list:
dist: 2.666274099885368 vs. 2.666274099885368
--------
nle(id0,id1,dist): 39 77 3.323664454615221
list:
dist: 3.323664454615221 vs. 3.323664454615221
--------
nle(id0,id1,dist): 39 76 3.5464595382414434
list:
dist: 3.5464595382414434 vs. 3.5464595382414434
--------
nle(id0,id1,dist): 38 57 1.4187036077731494
list:
dist: 1.4187036077731494 vs. 1.4187036077731494
--------
nle(id0,id1,dist): 38 58 1.3743264380518414
list:
dist: 1.3743264380518414 vs. 1.3743264380518414
--------
nle(id0,id1,dist): 38 55 1.2959493718057373
list:
dist: 1.2959493718057373 vs. 1.2959493718057373
--------
nle(id0,id1,dist): 38 56 1.2275072455342046
list:
dist: 1.2275072455342046 vs. 1.2275072455342046
--------
nle(id0,id1,dist): 38 53 2.453545662350383
list:
dist: 2.453545662350383 vs. 2.453545662350383
--------
nle(id0,id1,dist): 38 54 2.4951392263209553
list:
dist: 2.4951392263209553 vs. 2.4951392263209553
--------
nle(id0,id1,dist): 38 52 1.383738707096496
list:
dist: 1.383738707096496 vs. 1.383738707096496
--------
nle(id0,id1,dist): 38 65 4.363651927810375
list:
dist: 4.363651927810375 vs. 4.363651927810375
--------
nle(id0,id1,dist): 38 66 3.0418737872702435
list:
dist: 3.0418737872702435 vs. 3.0418737872702435
--------
nle(id0,id1,dist): 38 63 4.280921263711448
list:
dist: 4.280921263711448 vs. 4.280921263711448
--------
nle(id0,id1,dist): 38 64 3.132906088499617
list:
dist: 3.132906088499617 vs. 3.132906088499617
--------
nle(id0,id1,dist): 38 62 4.4822054348160565
list:
dist: 4.4822054348160565 vs. 4.4822054348160565
--------
nle(id0,id1,dist): 38 59 2.2010794850806104
list:
dist: 2.2010794850806104 vs. 2.2010794850806104
--------
nle(id0,id1,dist): 38 74 3.760254762736098
list:
dist: 3.760254762736098 vs. 3.760254762736098
--------
nle(id0,id1,dist): 38 73 4.313072750940013
list:
dist: 4.313072750940013 vs. 4.313072750940013
--------
nle(id0,id1,dist): 38 72 4.356399300373703
list:
dist: 4.356399300373703 vs. 4.356399300373703
--------
nle(id0,id1,dist): 38 71 4.4123210659869345
list:
dist: 4.4123210659869345 vs. 4.4123210659869345
--------
nle(id0,id1,dist): 38 70 4.2856093883961535
list:
dist: 4.2856093883961535 vs. 4.2856093883961535
--------
nle(id0,id1,dist): 38 69 3.7513708035414104
list:
dist: 3.7513708035414104 vs. 3.7513708035414104
--------
nle(id0,id1,dist): 38 68 3.6240966942598556
list:
dist: 3.6240966942598556 vs. 3.6240966942598556
--------
nle(id0,id1,dist): 38 67 3.7152856119916433
list:
dist: 3.7152856119916433 vs. 3.7152856119916433
--------
nle(id0,id1,dist): 38 81 4.990417398446746
list:
dist: 4.990417398446746 vs. 4.990417398446746
--------
nle(id0,id1,dist): 38 80 3.894060374625288
list:
dist: 3.894060374625288 vs. 3.894060374625288
--------
nle(id0,id1,dist): 38 79 4.470080452676614
list:
dist: 4.470080452676614 vs. 4.470080452676614
--------
nle(id0,id1,dist): 38 78 4.960882130351828
list:
dist: 4.960882130351828 vs. 4.960882130351828
--------
nle(id0,id1,dist): 38 77 4.9159076414047655
list:
dist: 4.9159076414047655 vs. 4.9159076414047655
--------
nle(id0,id1,dist): 38 76 4.450427810986773
list:
dist: 4.450427810986773 vs. 4.450427810986773
--------
nle(id0,id1,dist): 38 75 3.61726980546872
list:
dist: 3.61726980546872 vs. 3.61726980546872
--------
nle(id0,id1,dist): 37 56 1.5103671531814666
list:
dist: 1.5103671531814666 vs. 1.5103671531814666
--------
nle(id0,id1,dist): 37 57 1.8783000611221514
list:
dist: 1.8783000611221514 vs. 1.8783000611221514
--------
nle(id0,id1,dist): 38 40 2.2557891331392343
list:
dist: 2.2557891331392343 vs. 2.2557891331392343
--------
nle(id0,id1,dist): 38 39 3.366670097379951
list:
dist: 3.366670097379951 vs. 3.366670097379951
--------
nle(id0,id1,dist): 38 42 2.115343464987731
list:
dist: 2.115343464987731 vs. 2.115343464987731
--------
nle(id0,id1,dist): 38 41 1.7942666578898243
list:
dist: 1.7942666578898243 vs. 1.7942666578898243
--------
nle(id0,id1,dist): 38 48 1.0854705802343751
list:
dist: 1.0854705802343751 vs. 1.0854705802343751
--------
nle(id0,id1,dist): 38 47 1.649492167462484
list:
dist: 1.649492167462484 vs. 1.649492167462484
--------
nle(id0,id1,dist): 38 50 2.5001799239234233
list:
dist: 2.5001799239234233 vs. 2.5001799239234233
--------
nle(id0,id1,dist): 38 49 1.503292910564613
list:
dist: 1.503292910564613 vs. 1.503292910564613
--------
nle(id0,id1,dist): 38 44 1.2166617893279512
list:
dist: 1.2166617893279512 vs. 1.2166617893279512
--------
nle(id0,id1,dist): 38 43 1.8155754672387514
list:
dist: 1.8155754672387514 vs. 1.8155754672387514
--------
nle(id0,id1,dist): 38 46 1.8418024610530122
list:
dist: 1.8418024610530122 vs. 1.8418024610530122
--------
nle(id0,id1,dist): 38 45 1.2458240777957303
list:
dist: 1.2458240777957303 vs. 1.2458240777957303
--------
nle(id0,id1,dist): 23 28 0.7912135165731985
list:
dist: 0.7912135165731985 vs. 0.7912135165731985
--------
nle(id0,id1,dist): 23 29 0.9724479798990466
list:
dist: 0.9724479798990466 vs. 0.9724479798990466
--------
nle(id0,id1,dist): 23 26 1.0013077160971817
list:
dist: 1.0013077160971817 vs. 1.0013077160971817
--------
nle(id0,id1,dist): 23 27 1.7597496689987018
list:
dist: 1.7597496689987018 vs. 1.7597496689987018
--------
nle(id0,id1,dist): 23 24 1.2055573147796415
list:
dist: 1.2055573147796415 vs. 1.2055573147796415
--------
nle(id0,id1,dist): 23 25 0.5952532468571081
list:
dist: 0.5952532468571081 vs. 0.5952532468571081
--------
nle(id0,id1,dist): 22 51 2.997196694896063
list:
dist: 2.997196694896063 vs. 2.997196694896063
--------
nle(id0,id1,dist): 23 54 3.568888769813045
list:
dist: 3.568888769813045 vs. 3.568888769813045
--------
nle(id0,id1,dist): 23 55 4.462617529972391
list:
dist: 4.462617529972391 vs. 4.462617529972391
--------
nle(id0,id1,dist): 23 57 4.632403096270293
list:
dist: 4.632403096270293 vs. 4.632403096270293
--------
nle(id0,id1,dist): 23 51 3.205844908098428
list:
dist: 3.205844908098428 vs. 3.205844908098428
--------
nle(id0,id1,dist): 23 52 4.288894088596787
list:
dist: 4.288894088596787 vs. 4.288894088596787
--------
nle(id0,id1,dist): 23 46 3.054197309132162
list:
dist: 3.054197309132162 vs. 3.054197309132162
--------
nle(id0,id1,dist): 23 48 4.229126466066261
list:
dist: 4.229126466066261 vs. 4.229126466066261
--------
nle(id0,id1,dist): 23 43 3.5123468953672674
list:
dist: 3.5123468953672674 vs. 3.5123468953672674
--------
nle(id0,id1,dist): 23 42 2.8268104591563676
list:
dist: 2.8268104591563676 vs. 2.8268104591563676
--------
nle(id0,id1,dist): 23 45 4.266104325507546
list:
dist: 4.266104325507546 vs. 4.266104325507546
--------
nle(id0,id1,dist): 23 44 4.074590668824303
list:
dist: 4.074590668824303 vs. 4.074590668824303
--------
nle(id0,id1,dist): 23 41 3.3454622051737353
list:
dist: 3.3454622051737353 vs. 3.3454622051737353
--------
nle(id0,id1,dist): 23 40 2.7335105303189136
list:
dist: 2.7335105303189136 vs. 2.7335105303189136
--------
nle(id0,id1,dist): 23 35 3.902022267741771
list:
dist: 3.902022267741771 vs. 3.902022267741771
--------
nle(id0,id1,dist): 23 34 2.9733479173166066
list:
dist: 2.9733479173166066 vs. 2.9733479173166066
--------
nle(id0,id1,dist): 23 37 3.8006469050942817
list:
dist: 3.8006469050942817 vs. 3.8006469050942817
--------
nle(id0,id1,dist): 23 36 4.153668988871309
list:
dist: 4.153668988871309 vs. 4.153668988871309
--------
nle(id0,id1,dist): 23 31 2.5128783213191968
list:
dist: 2.5128783213191968 vs. 2.5128783213191968
--------
nle(id0,id1,dist): 23 30 2.7961869187429165
list:
dist: 2.7961869187429165 vs. 2.7961869187429165
--------
nle(id0,id1,dist): 23 33 3.5133838585794304
list:
dist: 3.5133838585794304 vs. 3.5133838585794304
--------
nle(id0,id1,dist): 23 32 2.943455480957707
list:
dist: 2.943455480957707 vs. 2.943455480957707
--------
nle(id0,id1,dist): 21 34 2.36589351787292
list:
dist: 2.36589351787292 vs. 2.36589351787292
--------
nle(id0,id1,dist): 21 35 3.5752971841945405
list:
dist: 3.5752971841945405 vs. 3.5752971841945405
--------
nle(id0,id1,dist): 21 32 2.830350216632515
list:
dist: 2.830350216632515 vs. 2.830350216632515
--------
nle(id0,id1,dist): 21 33 3.3006608720393533
list:
dist: 3.3006608720393533 vs. 3.3006608720393533
--------
nle(id0,id1,dist): 21 36 3.931632495010288
list:
dist: 3.931632495010288 vs. 3.931632495010288
--------
nle(id0,id1,dist): 21 37 3.383414850781157
list:
dist: 3.383414850781157 vs. 3.383414850781157
--------
nle(id0,id1,dist): 21 26 0.8079730507555118
list:
dist: 0.8079730507555118 vs. 0.8079730507555118
--------
nle(id0,id1,dist): 21 27 1.2534936660535858
list:
dist: 1.2534936660535858 vs. 1.2534936660535858
--------
nle(id0,id1,dist): 21 24 0.6155366763910739
list:
dist: 0.6155366763910739 vs. 0.6155366763910739
--------
nle(id0,id1,dist): 21 25 1.0815724498780381
list:
dist: 1.0815724498780381 vs. 1.0815724498780381
--------
nle(id0,id1,dist): 21 30 2.3268165286381093
list:
dist: 2.3268165286381093 vs. 2.3268165286381093
--------
nle(id0,id1,dist): 21 31 2.0125005468962183
list:
dist: 2.0125005468962183 vs. 2.0125005468962183
--------
nle(id0,id1,dist): 21 28 0.9855614219758885
list:
dist: 0.9855614219758885 vs. 0.9855614219758885
--------
nle(id0,id1,dist): 21 29 0.7332184566104022
list:
dist: 0.7332184566104022 vs. 0.7332184566104022
--------
nle(id0,id1,dist): 21 23 0.9169398635224792
list:
dist: 0.9169398635224792 vs. 0.9169398635224792
--------
nle(id0,id1,dist): 21 22 1.0267015652365383
list:
dist: 1.0267015652365383 vs. 1.0267015652365383
--------
nle(id0,id1,dist): 20 51 3.9995021999743736
list:
dist: 3.9995021999743736 vs. 3.9995021999743736
--------
nle(id0,id1,dist): 22 27 1.6454747008982502
list:
dist: 1.6454747008982502 vs. 1.6454747008982502
--------
nle(id0,id1,dist): 22 28 1.9852820125162707
list:
dist: 1.9852820125162707 vs. 1.9852820125162707
--------
nle(id0,id1,dist): 22 29 1.5494605591631836
list:
dist: 1.5494605591631836 vs. 1.5494605591631836
--------
nle(id0,id1,dist): 22 31 2.384034353423139
list:
dist: 2.384034353423139 vs. 2.384034353423139
--------
nle(id0,id1,dist): 22 34 2.521050702664137
list:
dist: 2.521050702664137 vs. 2.521050702664137
--------
nle(id0,id1,dist): 21 57 4.200897773170541
list:
dist: 4.200897773170541 vs. 4.200897773170541
--------
nle(id0,id1,dist): 22 23 1.8727565658385152
list:
dist: 1.8727565658385152 vs. 1.8727565658385152
--------
nle(id0,id1,dist): 22 24 0.7576432210104818
list:
dist: 0.7576432210104818 vs. 0.7576432210104818
--------
nle(id0,id1,dist): 22 25 2.1059282025709356
list:
dist: 2.1059282025709356 vs. 2.1059282025709356
--------
nle(id0,id1,dist): 22 26 1.6520185923971655
list:
dist: 1.6520185923971655 vs. 1.6520185923971655
--------
nle(id0,id1,dist): 21 48 3.822084189626175
list:
dist: 3.822084189626175 vs. 3.822084189626175
--------
nle(id0,id1,dist): 21 51 2.7730114183885624
list:
dist: 2.7730114183885624 vs. 2.7730114183885624
--------
nle(id0,id1,dist): 21 52 3.780071401043472
list:
dist: 3.780071401043472 vs. 3.780071401043472
--------
nle(id0,id1,dist): 21 55 4.04649711522621
list:
dist: 4.04649711522621 vs. 4.04649711522621
--------
nle(id0,id1,dist): 21 54 3.2220192163029666
list:
dist: 3.2220192163029666 vs. 3.2220192163029666
--------
nle(id0,id1,dist): 21 41 3.213547786289468
list:
dist: 3.213547786289468 vs. 3.213547786289468
--------
nle(id0,id1,dist): 21 40 2.523812861446576
list:
dist: 2.523812861446576 vs. 2.523812861446576
--------
nle(id0,id1,dist): 21 43 3.0366583341912974
list:
dist: 3.0366583341912974 vs. 3.0366583341912974
--------
nle(id0,id1,dist): 21 42 2.394807875625421
list:
dist: 2.394807875625421 vs. 2.394807875625421
--------
nle(id0,id1,dist): 21 45 4.092187295717991
list:
dist: 4.092187295717991 vs. 4.092187295717991
--------
nle(id0,id1,dist): 21 44 3.7119483470844368
list:
dist: 3.7119483470844368 vs. 3.7119483470844368
--------
nle(id0,id1,dist): 21 46 2.914417482821241
list:
dist: 2.914417482821241 vs. 2.914417482821241
--------
nle(id0,id1,dist): 19 41 2.8780753921332747
list:
dist: 2.8780753921332747 vs. 2.8780753921332747
--------
nle(id0,id1,dist): 19 40 2.4364018438078108
list:
dist: 2.4364018438078108 vs. 2.4364018438078108
--------
nle(id0,id1,dist): 19 37 3.3968007658428236
list:
dist: 3.3968007658428236 vs. 3.3968007658428236
--------
nle(id0,id1,dist): 19 36 3.596869507099837
list:
dist: 3.596869507099837 vs. 3.596869507099837
--------
nle(id0,id1,dist): 19 35 3.3414455825257403
list:
dist: 3.3414455825257403 vs. 3.3414455825257403
--------
nle(id0,id1,dist): 19 34 2.9241639278759424
list:
dist: 2.9241639278759424 vs. 2.9241639278759424
--------
nle(id0,id1,dist): 19 48 3.945197647525429
list:
dist: 3.945197647525429 vs. 3.945197647525429
--------
nle(id0,id1,dist): 19 46 2.4865897391906877
list:
dist: 2.4865897391906877 vs. 2.4865897391906877
--------
nle(id0,id1,dist): 19 45 3.772828317416158
list:
dist: 3.772828317416158 vs. 3.772828317416158
--------
nle(id0,id1,dist): 19 44 3.7800781940530133
list:
dist: 3.7800781940530133 vs. 3.7800781940530133
--------
nle(id0,id1,dist): 19 43 3.388623125121274
list:
dist: 3.388623125121274 vs. 3.388623125121274
--------
nle(id0,id1,dist): 19 42 2.626761903124929
list:
dist: 2.626761903124929 vs. 2.626761903124929
--------
nle(id0,id1,dist): 19 24 2.2161657889990707
list:
dist: 2.2161657889990707 vs. 2.2161657889990707
--------
nle(id0,id1,dist): 19 25 0.6809118539962811
list:
dist: 0.6809118539962811 vs. 0.6809118539962811
--------
nle(id0,id1,dist): 19 22 2.7428903001917435
list:
dist: 2.7428903001917435 vs. 2.7428903001917435
--------
nle(id0,id1,dist): 19 23 1.11759602835757
list:
dist: 1.11759602835757 vs. 1.11759602835757
--------
nle(id0,id1,dist): 18 57 4.594331336382968
list:
dist: 4.594331336382968 vs. 4.594331336382968
--------
nle(id0,id1,dist): 19 20 2.2614832654591575
list:
dist: 2.2614832654591575 vs. 2.2614832654591575
--------
nle(id0,id1,dist): 19 21 1.7203152668675985
list:
dist: 1.7203152668675985 vs. 1.7203152668675985
--------
nle(id0,id1,dist): 18 55 4.416639573146736
list:
dist: 4.416639573146736 vs. 4.416639573146736
--------
nle(id0,id1,dist): 19 32 2.240556442568799
list:
dist: 2.240556442568799 vs. 2.240556442568799
--------
nle(id0,id1,dist): 19 33 2.9647960545177336
list:
dist: 2.9647960545177336 vs. 2.9647960545177336
--------
nle(id0,id1,dist): 19 30 2.5623098131306916
list:
dist: 2.5623098131306916 vs. 2.5623098131306916
--------
nle(id0,id1,dist): 19 31 2.3265196048635906
list:
dist: 2.3265196048635906 vs. 2.3265196048635906
--------
nle(id0,id1,dist): 19 28 0.8307510260104796
list:
dist: 0.8307510260104796 vs. 0.8307510260104796
--------
nle(id0,id1,dist): 19 29 1.5009128767588968
list:
dist: 1.5009128767588968 vs. 1.5009128767588968
--------
nle(id0,id1,dist): 19 26 1.2938998298117472
list:
dist: 1.2938998298117472 vs. 1.2938998298117472
--------
nle(id0,id1,dist): 19 27 2.105721524803265
list:
dist: 2.105721524803265 vs. 2.105721524803265
--------
nle(id0,id1,dist): 20 34 3.7422816293560057
list:
dist: 3.7422816293560057 vs. 3.7422816293560057
--------
nle(id0,id1,dist): 20 29 1.7970463569249315
list:
dist: 1.7970463569249315 vs. 1.7970463569249315
--------
nle(id0,id1,dist): 20 31 3.3413654449413293
list:
dist: 3.3413654449413293 vs. 3.3413654449413293
--------
nle(id0,id1,dist): 19 54 3.5478354117398934
list:
dist: 3.5478354117398934 vs. 3.5478354117398934
--------
nle(id0,id1,dist): 19 55 4.225486799609716
list:
dist: 4.225486799609716 vs. 4.225486799609716
--------
nle(id0,id1,dist): 19 57 4.421047791790855
list:
dist: 4.421047791790855 vs. 4.421047791790855
--------
nle(id0,id1,dist): 19 51 3.191116073691369
list:
dist: 3.191116073691369 vs. 3.191116073691369
--------
nle(id0,id1,dist): 19 52 4.110168309326473
list:
dist: 4.110168309326473 vs. 4.110168309326473
--------
nle(id0,id1,dist): 20 25 1.7813685205419367
list:
dist: 1.7813685205419367 vs. 1.7813685205419367
--------
nle(id0,id1,dist): 20 26 1.7642398680217757
list:
dist: 1.7642398680217757 vs. 1.7642398680217757
--------
nle(id0,id1,dist): 20 27 2.463257715683967
list:
dist: 2.463257715683967 vs. 2.463257715683967
--------
nle(id0,id1,dist): 20 28 1.9216598497140118
list:
dist: 1.9216598497140118 vs. 1.9216598497140118
--------
nle(id0,id1,dist): 20 21 1.3791380947041225
list:
dist: 1.3791380947041225 vs. 1.3791380947041225
--------
nle(id0,id1,dist): 20 22 1.7309719667725576
list:
dist: 1.7309719667725576 vs. 1.7309719667725576
--------
nle(id0,id1,dist): 20 23 1.193542918897439
list:
dist: 1.193542918897439 vs. 1.193542918897439
--------
nle(id0,id1,dist): 20 24 1.0546256673105865
list:
dist: 1.0546256673105865 vs. 1.0546256673105865
--------
nle(id0,id1,dist): 17 51 3.635262571362484
list:
dist: 3.635262571362484 vs. 3.635262571362484
--------
nle(id0,id1,dist): 18 22 2.604436095640561
list:
dist: 2.604436095640561 vs. 2.604436095640561
--------
nle(id0,id1,dist): 18 21 1.6178907995240548
list:
dist: 1.6178907995240548 vs. 1.6178907995240548
--------
nle(id0,id1,dist): 18 20 1.8459888717743322
list:
dist: 1.8459888717743322 vs. 1.8459888717743322
--------
nle(id0,id1,dist): 18 19 0.7852556192282989
list:
dist: 0.7852556192282989 vs. 0.7852556192282989
--------
nle(id0,id1,dist): 17 31 2.252007183785031
list:
dist: 2.252007183785031 vs. 2.252007183785031
--------
nle(id0,id1,dist): 17 28 1.530549448264938
list:
dist: 1.530549448264938 vs. 1.530549448264938
--------
nle(id0,id1,dist): 17 29 1.6944034352256192
list:
dist: 1.6944034352256192 vs. 1.6944034352256192
--------
nle(id0,id1,dist): 17 34 2.908170282925676
list:
dist: 2.908170282925676 vs. 2.908170282925676
--------
nle(id0,id1,dist): 18 40 2.6008873252429927
list:
dist: 2.6008873252429927 vs. 2.6008873252429927
--------
nle(id0,id1,dist): 18 42 2.901659706958042
list:
dist: 2.901659706958042 vs. 2.901659706958042
--------
nle(id0,id1,dist): 18 41 3.1013310609431572
list:
dist: 3.1013310609431572 vs. 3.1013310609431572
--------
nle(id0,id1,dist): 18 44 3.9957803545077932
list:
dist: 3.9957803545077932 vs. 3.9957803545077932
--------
nle(id0,id1,dist): 18 43 3.5641399860120124
list:
dist: 3.5641399860120124 vs. 3.5641399860120124
--------
nle(id0,id1,dist): 18 46 2.868259433811243
list:
dist: 2.868259433811243 vs. 2.868259433811243
--------
nle(id0,id1,dist): 18 45 4.01401500534445
list:
dist: 4.01401500534445 vs. 4.01401500534445
--------
nle(id0,id1,dist): 18 48 4.188452978854967
list:
dist: 4.188452978854967 vs. 4.188452978854967
--------
nle(id0,id1,dist): 18 52 4.343450007751785
list:
dist: 4.343450007751785 vs. 4.343450007751785
--------
nle(id0,id1,dist): 18 51 3.234511109022006
list:
dist: 3.234511109022006 vs. 3.234511109022006
--------
nle(id0,id1,dist): 18 54 3.505674666926182
list:
dist: 3.505674666926182 vs. 3.505674666926182
--------
nle(id0,id1,dist): 18 23 0.8098558699431727
list:
dist: 0.8098558699431727 vs. 0.8098558699431727
--------
nle(id0,id1,dist): 18 24 1.9544013564552492
list:
dist: 1.9544013564552492 vs. 1.9544013564552492
--------
nle(id0,id1,dist): 18 25 0.7003393521496092
list:
dist: 0.7003393521496092 vs. 0.7003393521496092
--------
nle(id0,id1,dist): 18 26 1.5574549315644741
list:
dist: 1.5574549315644741 vs. 1.5574549315644741
--------
nle(id0,id1,dist): 18 27 2.0229549007162646
list:
dist: 2.0229549007162646 vs. 2.0229549007162646
--------
nle(id0,id1,dist): 18 28 0.9706462536674184
list:
dist: 0.9706462536674184 vs. 0.9706462536674184
--------
nle(id0,id1,dist): 18 29 1.314026750834686
list:
dist: 1.314026750834686 vs. 1.314026750834686
--------
nle(id0,id1,dist): 18 30 2.9450879251112627
list:
dist: 2.9450879251112627 vs. 2.9450879251112627
--------
nle(id0,id1,dist): 18 31 2.7889022892180524
list:
dist: 2.7889022892180524 vs. 2.7889022892180524
--------
nle(id0,id1,dist): 18 32 2.833906351513567
list:
dist: 2.833906351513567 vs. 2.833906351513567
--------
nle(id0,id1,dist): 18 33 3.3638667388754766
list:
dist: 3.3638667388754766 vs. 3.3638667388754766
--------
nle(id0,id1,dist): 18 34 3.213006467070023
list:
dist: 3.213006467070023 vs. 3.213006467070023
--------
nle(id0,id1,dist): 18 35 3.9733055954486827
list:
dist: 3.9733055954486827 vs. 3.9733055954486827
--------
nle(id0,id1,dist): 18 36 3.972461075386146
list:
dist: 3.972461075386146 vs. 3.972461075386146
--------
nle(id0,id1,dist): 18 37 3.8463184602153278
list:
dist: 3.8463184602153278 vs. 3.8463184602153278
--------
nle(id0,id1,dist): 29 45 3.5152031163465645
list:
dist: 3.5152031163465645 vs. 3.5152031163465645
--------
nle(id0,id1,dist): 29 44 3.216591600859964
list:
dist: 3.216591600859964 vs. 3.216591600859964
--------
nle(id0,id1,dist): 29 46 2.4201530565405114
list:
dist: 2.4201530565405114 vs. 2.4201530565405114
--------
nle(id0,id1,dist): 29 41 2.6197152060931566
list:
dist: 2.6197152060931566 vs. 2.6197152060931566
--------
nle(id0,id1,dist): 29 40 1.9392414081111513
list:
dist: 1.9392414081111513 vs. 1.9392414081111513
--------
nle(id0,id1,dist): 29 43 2.6078096424227994
list:
dist: 2.6078096424227994 vs. 2.6078096424227994
--------
nle(id0,id1,dist): 29 42 2.010435353668699
list:
dist: 2.010435353668699 vs. 2.010435353668699
--------
nle(id0,id1,dist): 29 37 3.099798673569101
list:
dist: 3.099798673569101 vs. 3.099798673569101
--------
nle(id0,id1,dist): 29 36 3.450127482124489
list:
dist: 3.450127482124489 vs. 3.450127482124489
--------
nle(id0,id1,dist): 29 33 2.8411603094670363
list:
dist: 2.8411603094670363 vs. 2.8411603094670363
--------
nle(id0,id1,dist): 29 32 2.522277062183375
list:
dist: 2.522277062183375 vs. 2.522277062183375
--------
nle(id0,id1,dist): 29 35 3.455938214284088
list:
dist: 3.455938214284088 vs. 3.455938214284088
--------
nle(id0,id1,dist): 29 34 2.169626859796107
list:
dist: 2.169626859796107 vs. 2.169626859796107
--------
nle(id0,id1,dist): 29 57 3.7294366850346776
list:
dist: 3.7294366850346776 vs. 3.7294366850346776
--------
nle(id0,id1,dist): 29 52 3.39800085514816
list:
dist: 3.39800085514816 vs. 3.39800085514816
--------
nle(id0,id1,dist): 29 54 2.645103813971327
list:
dist: 2.645103813971327 vs. 2.645103813971327
--------
nle(id0,id1,dist): 29 55 3.572429601256606
list:
dist: 3.572429601256606 vs. 3.572429601256606
--------
nle(id0,id1,dist): 29 48 3.367787536612812
list:
dist: 3.367787536612812 vs. 3.367787536612812
--------
nle(id0,id1,dist): 29 51 2.265790661822712
list:
dist: 2.265790661822712 vs. 2.265790661822712
--------
nle(id0,id1,dist): 30 42 0.5321961334802598
list:
dist: 0.5321961334802598 vs. 0.5321961334802598
--------
nle(id0,id1,dist): 30 41 1.6724959011472817
list:
dist: 1.6724959011472817 vs. 1.6724959011472817
--------
nle(id0,id1,dist): 30 40 1.2721587212182421
list:
dist: 1.2721587212182421 vs. 1.2721587212182421
--------
nle(id0,id1,dist): 30 38 2.251692660462125
list:
dist: 2.251692660462125 vs. 2.251692660462125
--------
nle(id0,id1,dist): 30 37 1.0583088435230654
list:
dist: 1.0583088435230654 vs. 1.0583088435230654
--------
nle(id0,id1,dist): 30 36 1.8515428989279528
list:
dist: 1.8515428989279528 vs. 1.8515428989279528
--------
nle(id0,id1,dist): 30 35 1.6220511169469285
list:
dist: 1.6220511169469285 vs. 1.6220511169469285
--------
nle(id0,id1,dist): 30 34 0.5460005533929929
list:
dist: 0.5460005533929929 vs. 0.5460005533929929
--------
nle(id0,id1,dist): 30 33 1.293324230948875
list:
dist: 1.293324230948875 vs. 1.293324230948875
--------
nle(id0,id1,dist): 30 32 1.228363437619351
list:
dist: 1.228363437619351 vs. 1.228363437619351
--------
nle(id0,id1,dist): 30 31 0.7297096375967584
list:
dist: 0.7297096375967584 vs. 0.7297096375967584
--------
nle(id0,id1,dist): 30 57 2.3222477950623723
list:
dist: 2.3222477950623723 vs. 2.3222477950623723
--------
nle(id0,id1,dist): 30 55 2.1358376892715736
list:
dist: 2.1358376892715736 vs. 2.1358376892715736
--------
nle(id0,id1,dist): 30 56 2.226464805657776
list:
dist: 2.226464805657776 vs. 2.226464805657776
--------
nle(id0,id1,dist): 30 54 2.150433198304504
list:
dist: 2.150433198304504 vs. 2.150433198304504
--------
nle(id0,id1,dist): 30 51 1.5474977373345609
list:
dist: 1.5474977373345609 vs. 1.5474977373345609
--------
nle(id0,id1,dist): 30 52 1.77813342603865
list:
dist: 1.77813342603865 vs. 1.77813342603865
--------
nle(id0,id1,dist): 30 49 2.541499801827351
list:
dist: 2.541499801827351 vs. 2.541499801827351
--------
nle(id0,id1,dist): 30 47 1.629375275862009
list:
dist: 1.629375275862009 vs. 1.629375275862009
--------
nle(id0,id1,dist): 30 48 1.8025080483067932
list:
dist: 1.8025080483067932 vs. 1.8025080483067932
--------
nle(id0,id1,dist): 30 45 2.2772322023955462
list:
dist: 2.2772322023955462 vs. 2.2772322023955462
--------
nle(id0,id1,dist): 30 46 1.2112851870877401
list:
dist: 1.2112851870877401 vs. 1.2112851870877401
--------
nle(id0,id1,dist): 30 43 1.2777935969731515
list:
dist: 1.2777935969731515 vs. 1.2777935969731515
--------
nle(id0,id1,dist): 30 44 1.7925762477773328
list:
dist: 1.7925762477773328 vs. 1.7925762477773328
--------
nle(id0,id1,dist): 27 51 1.5434088719644745
list:
dist: 1.5434088719644745 vs. 1.5434088719644745
--------
nle(id0,id1,dist): 27 50 2.536865584731701
list:
dist: 2.536865584731701 vs. 2.536865584731701
--------
nle(id0,id1,dist): 27 53 2.8324971176535896
list:
dist: 2.8324971176535896 vs. 2.8324971176535896
--------
nle(id0,id1,dist): 27 52 2.6897916853069743
list:
dist: 2.6897916853069743 vs. 2.6897916853069743
--------
nle(id0,id1,dist): 27 55 2.8839240295226793
list:
dist: 2.8839240295226793 vs. 2.8839240295226793
--------
nle(id0,id1,dist): 27 54 1.9707257287610238
list:
dist: 1.9707257287610238 vs. 1.9707257287610238
--------
nle(id0,id1,dist): 27 57 3.0250652888627583
list:
dist: 3.0250652888627583 vs. 3.0250652888627583
--------
nle(id0,id1,dist): 27 43 1.9032637862597321
list:
dist: 1.9032637862597321 vs. 1.9032637862597321
--------
nle(id0,id1,dist): 27 42 1.4461757779596558
list:
dist: 1.4461757779596558 vs. 1.4461757779596558
--------
nle(id0,id1,dist): 27 45 3.0125261247882897
list:
dist: 3.0125261247882897 vs. 3.0125261247882897
--------
nle(id0,id1,dist): 27 44 2.575412204917241
list:
dist: 2.575412204917241 vs. 2.575412204917241
--------
nle(id0,id1,dist): 27 46 2.089018556604461
list:
dist: 2.089018556604461 vs. 2.089018556604461
--------
nle(id0,id1,dist): 27 48 2.7096830726374512
list:
dist: 2.7096830726374512 vs. 2.7096830726374512
--------
nle(id0,id1,dist): 28 29 0.720802767908748
list:
dist: 0.720802767908748 vs. 0.720802767908748
--------
nle(id0,id1,dist): 28 30 2.0660890068708397
list:
dist: 2.0660890068708397 vs. 2.0660890068708397
--------
nle(id0,id1,dist): 28 31 1.8445351059138115
list:
dist: 1.8445351059138115 vs. 1.8445351059138115
--------
nle(id0,id1,dist): 28 32 2.16546709376254
list:
dist: 2.16546709376254 vs. 2.16546709376254
--------
nle(id0,id1,dist): 28 33 2.733222182513608
list:
dist: 2.733222182513608 vs. 2.733222182513608
--------
nle(id0,id1,dist): 28 34 2.314024954584265
list:
dist: 2.314024954584265 vs. 2.314024954584265
--------
nle(id0,id1,dist): 28 35 3.1668646036495893
list:
dist: 3.1668646036495893 vs. 3.1668646036495893
--------
nle(id0,id1,dist): 28 36 3.3806005997473103
list:
dist: 3.3806005997473103 vs. 3.3806005997473103
--------
nle(id0,id1,dist): 27 58 3.6023381828734595
list:
dist: 3.6023381828734595 vs. 3.6023381828734595
--------
nle(id0,id1,dist): 27 59 4.299128961403133
list:
dist: 4.299128961403133 vs. 4.299128961403133
--------
nle(id0,id1,dist): 28 48 3.512372851735144
list:
dist: 3.512372851735144 vs. 3.512372851735144
--------
nle(id0,id1,dist): 28 46 2.2789383057838024
list:
dist: 2.2789383057838024 vs. 2.2789383057838024
--------
nle(id0,id1,dist): 28 45 3.5412931926981375
list:
dist: 3.5412931926981375 vs. 3.5412931926981375
--------
nle(id0,id1,dist): 28 52 3.5978539433748304
list:
dist: 3.5978539433748304 vs. 3.5978539433748304
--------
nle(id0,id1,dist): 28 51 2.607534395567529
list:
dist: 2.607534395567529 vs. 2.607534395567529
--------
nle(id0,id1,dist): 28 40 2.0335597825110403
list:
dist: 2.0335597825110403 vs. 2.0335597825110403
--------
nle(id0,id1,dist): 28 37 3.036710550878579
list:
dist: 3.036710550878579 vs. 3.036710550878579
--------
nle(id0,id1,dist): 28 44 3.364102113656163
list:
dist: 3.364102113656163 vs. 3.364102113656163
--------
nle(id0,id1,dist): 28 43 2.842042748394034
list:
dist: 2.842042748394034 vs. 2.842042748394034
--------
nle(id0,id1,dist): 28 42 2.1055087422166707
list:
dist: 2.1055087422166707 vs. 2.1055087422166707
--------
nle(id0,id1,dist): 28 41 2.6263389312999443
list:
dist: 2.6263389312999443 vs. 2.6263389312999443
--------
nle(id0,id1,dist): 29 30 2.0824976623119564
list:
dist: 2.0824976623119564 vs. 2.0824976623119564
--------
nle(id0,id1,dist): 29 31 1.9836010048801618
list:
dist: 1.9836010048801618 vs. 1.9836010048801618
--------
nle(id0,id1,dist): 28 55 3.7713684823393754
list:
dist: 3.7713684823393754 vs. 3.7713684823393754
--------
nle(id0,id1,dist): 28 54 3.0173741338376243
list:
dist: 3.0173741338376243 vs. 3.0173741338376243
--------
nle(id0,id1,dist): 28 57 3.9528167426737206
list:
dist: 3.9528167426737206 vs. 3.9528167426737206
--------
nle(id0,id1,dist): 25 57 4.203316552770624
list:
dist: 4.203316552770624 vs. 4.203316552770624
--------
nle(id0,id1,dist): 25 52 3.8699756608430276
list:
dist: 3.8699756608430276 vs. 3.8699756608430276
--------
nle(id0,id1,dist): 25 54 3.2227031837643207
list:
dist: 3.2227031837643207 vs. 3.2227031837643207
--------
nle(id0,id1,dist): 25 55 4.022223951918356
list:
dist: 4.022223951918356 vs. 4.022223951918356
--------
nle(id0,id1,dist): 26 27 1.668579352698229
list:
dist: 1.668579352698229 vs. 1.668579352698229
--------
nle(id0,id1,dist): 26 28 0.8035439647349585
list:
dist: 0.8035439647349585 vs. 0.8035439647349585
--------
nle(id0,id1,dist): 26 29 1.1537486347707
list:
dist: 1.1537486347707 vs. 1.1537486347707
--------
nle(id0,id1,dist): 26 30 2.1713186009972576
list:
dist: 2.1713186009972576 vs. 2.1713186009972576
--------
nle(id0,id1,dist): 26 36 3.7622074992987473
list:
dist: 3.7622074992987473 vs. 3.7622074992987473
--------
nle(id0,id1,dist): 26 35 3.106569169550313
list:
dist: 3.106569169550313 vs. 3.106569169550313
--------
nle(id0,id1,dist): 26 37 3.1699771172003723
list:
dist: 3.1699771172003723 vs. 3.1699771172003723
--------
nle(id0,id1,dist): 26 32 2.387721395595962
list:
dist: 2.387721395595962 vs. 2.387721395595962
--------
nle(id0,id1,dist): 26 31 1.6985522053851803
list:
dist: 1.6985522053851803 vs. 1.6985522053851803
--------
nle(id0,id1,dist): 26 34 2.3642681186174017
list:
dist: 2.3642681186174017 vs. 2.3642681186174017
--------
nle(id0,id1,dist): 26 33 3.1008409025968686
list:
dist: 3.1008409025968686 vs. 3.1008409025968686
--------
nle(id0,id1,dist): 26 44 3.7502567692143547
list:
dist: 3.7502567692143547 vs. 3.7502567692143547
--------
nle(id0,id1,dist): 26 43 3.15035975876631
list:
dist: 3.15035975876631 vs. 3.15035975876631
--------
nle(id0,id1,dist): 26 46 2.712009924536066
list:
dist: 2.712009924536066 vs. 2.712009924536066
--------
nle(id0,id1,dist): 26 45 4.042041443713303
list:
dist: 4.042041443713303 vs. 4.042041443713303
--------
nle(id0,id1,dist): 26 40 2.553563195497262
list:
dist: 2.553563195497262 vs. 2.553563195497262
--------
nle(id0,id1,dist): 26 42 2.3721230723824367
list:
dist: 2.3721230723824367 vs. 2.3721230723824367
--------
nle(id0,id1,dist): 26 41 3.1644937353044384
list:
dist: 3.1644937353044384 vs. 3.1644937353044384
--------
nle(id0,id1,dist): 26 54 3.5117742667208156
list:
dist: 3.5117742667208156 vs. 3.5117742667208156
--------
nle(id0,id1,dist): 26 51 3.0111691386652004
list:
dist: 3.0111691386652004 vs. 3.0111691386652004
--------
nle(id0,id1,dist): 26 52 3.84618317356389
list:
dist: 3.84618317356389 vs. 3.84618317356389
--------
nle(id0,id1,dist): 26 48 3.846381035594894
list:
dist: 3.846381035594894 vs. 3.846381035594894
--------
nle(id0,id1,dist): 26 57 4.308439695059242
list:
dist: 4.308439695059242 vs. 4.308439695059242
--------
nle(id0,id1,dist): 26 55 4.129661298416657
list:
dist: 4.129661298416657 vs. 4.129661298416657
--------
nle(id0,id1,dist): 27 33 2.425786208900497
list:
dist: 2.425786208900497 vs. 2.425786208900497
--------
nle(id0,id1,dist): 27 32 2.3788510659339774
list:
dist: 2.3788510659339774 vs. 2.3788510659339774
--------
nle(id0,id1,dist): 27 31 1.748564812714323
list:
dist: 1.748564812714323 vs. 1.748564812714323
--------
nle(id0,id1,dist): 27 30 1.631126976868379
list:
dist: 1.631126976868379 vs. 1.631126976868379
--------
nle(id0,id1,dist): 27 29 0.7913948515384924
list:
dist: 0.7913948515384924 vs. 0.7913948515384924
--------
nle(id0,id1,dist): 27 28 1.3315672968340444
list:
dist: 1.3315672968340444 vs. 1.3315672968340444
--------
nle(id0,id1,dist): 27 41 2.191009030489841
list:
dist: 2.191009030489841 vs. 2.191009030489841
--------
nle(id0,id1,dist): 27 40 1.4728148012955427
list:
dist: 1.4728148012955427 vs. 1.4728148012955427
--------
nle(id0,id1,dist): 27 37 2.603226820875693
list:
dist: 2.603226820875693 vs. 2.603226820875693
--------
nle(id0,id1,dist): 27 36 2.976851249430532
list:
dist: 2.976851249430532 vs. 2.976851249430532
--------
nle(id0,id1,dist): 27 35 3.1919836847582594
list:
dist: 3.1919836847582594 vs. 3.1919836847582594
--------
nle(id0,id1,dist): 27 34 1.578943153990301
list:
dist: 1.578943153990301 vs. 1.578943153990301
--------
nle(id0,id1,dist): 24 25 1.5715989767404561
list:
dist: 1.5715989767404561 vs. 1.5715989767404561
--------
nle(id0,id1,dist): 24 26 1.339752284941351
list:
dist: 1.339752284941351 vs. 1.339752284941351
--------
nle(id0,id1,dist): 24 27 1.6008877232661434
list:
dist: 1.6008877232661434 vs. 1.6008877232661434
--------
nle(id0,id1,dist): 24 28 1.5423795260887245
list:
dist: 1.5423795260887245 vs. 1.5423795260887245
--------
nle(id0,id1,dist): 24 29 1.160018752218261
list:
dist: 1.160018752218261 vs. 1.160018752218261
--------
nle(id0,id1,dist): 24 31 2.5425593905850827
list:
dist: 2.5425593905850827 vs. 2.5425593905850827
--------
nle(id0,id1,dist): 24 34 2.799782640104064
list:
dist: 2.799782640104064 vs. 2.799782640104064
--------
nle(id0,id1,dist): 24 51 3.121534121264153
list:
dist: 3.121534121264153 vs. 3.121534121264153
--------
nle(id0,id1,dist): 25 26 0.9133042566156147
list:
dist: 0.9133042566156147 vs. 0.9133042566156147
--------
nle(id0,id1,dist): 25 27 1.5530270067443852
list:
dist: 1.5530270067443852 vs. 1.5530270067443852
--------
nle(id0,id1,dist): 25 30 2.3553363180975717
list:
dist: 2.3553363180975717 vs. 2.3553363180975717
--------
nle(id0,id1,dist): 25 31 2.1269173943814046
list:
dist: 2.1269173943814046 vs. 2.1269173943814046
--------
nle(id0,id1,dist): 25 28 0.2963100518659063
list:
dist: 0.2963100518659063 vs. 0.2963100518659063
--------
nle(id0,id1,dist): 25 29 0.8561063848243822
list:
dist: 0.8561063848243822 vs. 0.8561063848243822
--------
nle(id0,id1,dist): 25 34 2.6087661562068973
list:
dist: 2.6087661562068973 vs. 2.6087661562068973
--------
nle(id0,id1,dist): 25 35 3.412800613069922
list:
dist: 3.412800613069922 vs. 3.412800613069922
--------
nle(id0,id1,dist): 25 32 2.380553633432049
list:
dist: 2.380553633432049 vs. 2.380553633432049
--------
nle(id0,id1,dist): 25 33 2.966852567783178
list:
dist: 2.966852567783178 vs. 2.966852567783178
--------
nle(id0,id1,dist): 25 37 3.3114454937351097
list:
dist: 3.3114454937351097 vs. 3.3114454937351097
--------
nle(id0,id1,dist): 25 36 3.6091642295064146
list:
dist: 3.6091642295064146 vs. 3.6091642295064146
--------
nle(id0,id1,dist): 25 43 3.1069139776721153
list:
dist: 3.1069139776721153 vs. 3.1069139776721153
--------
nle(id0,id1,dist): 25 42 2.3832644546769974
list:
dist: 2.3832644546769974 vs. 2.3832644546769974
--------
nle(id0,id1,dist): 25 41 2.82553694005257
list:
dist: 2.82553694005257 vs. 2.82553694005257
--------
nle(id0,id1,dist): 25 40 2.254468749074698
list:
dist: 2.254468749074698 vs. 2.254468749074698
--------
nle(id0,id1,dist): 25 46 2.498374749211001
list:
dist: 2.498374749211001 vs. 2.498374749211001
--------
nle(id0,id1,dist): 25 45 3.745494028158144
list:
dist: 3.745494028158144 vs. 3.745494028158144
--------
nle(id0,id1,dist): 25 44 3.610136337519222
list:
dist: 3.610136337519222 vs. 3.610136337519222
--------
nle(id0,id1,dist): 25 51 2.846382936456799
list:
dist: 2.846382936456799 vs. 2.846382936456799
--------
nle(id0,id1,dist): 25 48 3.7690338477491188
list:
dist: 3.7690338477491188 vs. 3.7690338477491188
--------
nle(id0,id1,dist): 62 79 2.456993699413014
list:
dist: 2.456993699413014 vs. 2.456993699413014
--------
nle(id0,id1,dist): 62 80 2.3826733897098484
list:
dist: 2.3826733897098484 vs. 2.3826733897098484
--------
nle(id0,id1,dist): 62 81 1.4752784587931744
list:
dist: 1.4752784587931744 vs. 1.4752784587931744
--------
nle(id0,id1,dist): 62 82 2.6955659087267945
list:
dist: 2.6955659087267945 vs. 2.6955659087267945
--------
nle(id0,id1,dist): 62 75 0.9241099102049195
list:
dist: 0.9241099102049195 vs. 0.9241099102049195
--------
nle(id0,id1,dist): 62 76 2.0274257779821756
list:
dist: 2.0274257779821756 vs. 2.0274257779821756
--------
nle(id0,id1,dist): 62 77 1.4808870126548082
list:
dist: 1.4808870126548082 vs. 1.4808870126548082
--------
nle(id0,id1,dist): 62 78 2.0676957332697805
list:
dist: 2.0676957332697805 vs. 2.0676957332697805
--------
nle(id0,id1,dist): 61 124 2.309309395959587
list:
dist: 2.309309395959587 vs. 2.309309395959587
--------
nle(id0,id1,dist): 62 87 3.306229954378424
list:
dist: 3.306229954378424 vs. 3.306229954378424
--------
nle(id0,id1,dist): 62 88 2.436300601362383
list:
dist: 2.436300601362383 vs. 2.436300601362383
--------
nle(id0,id1,dist): 62 89 3.163544241648693
list:
dist: 3.163544241648693 vs. 3.163544241648693
--------
nle(id0,id1,dist): 61 127 2.6105385717609444
list:
dist: 2.6105385717609444 vs. 2.6105385717609444
--------
nle(id0,id1,dist): 62 83 1.0895078072813102
list:
dist: 1.0895078072813102 vs. 1.0895078072813102
--------
nle(id0,id1,dist): 61 120 2.7893992981077784
list:
dist: 2.7893992981077784 vs. 2.7893992981077784
--------
nle(id0,id1,dist): 62 84 3.1172849122447475
list:
dist: 3.1172849122447475 vs. 3.1172849122447475
--------
nle(id0,id1,dist): 62 85 1.908591895310512
list:
dist: 1.908591895310512 vs. 1.908591895310512
--------
nle(id0,id1,dist): 61 122 1.6227527750027515
list:
dist: 1.6227527750027515 vs. 1.6227527750027515
--------
nle(id0,id1,dist): 62 86 2.9472998809078272
list:
dist: 2.9472998809078272 vs. 2.9472998809078272
--------
nle(id0,id1,dist): 62 64 1.4523868775381326
list:
dist: 1.4523868775381326 vs. 1.4523868775381326
--------
nle(id0,id1,dist): 62 63 0.6710533179543907
list:
dist: 0.6710533179543907 vs. 0.6710533179543907
--------
nle(id0,id1,dist): 62 66 2.006450187349782
list:
dist: 2.006450187349782 vs. 2.006450187349782
--------
nle(id0,id1,dist): 62 65 0.7183932506948703
list:
dist: 0.7183932506948703 vs. 0.7183932506948703
--------
nle(id0,id1,dist): 62 72 1.3200529849057725
list:
dist: 1.3200529849057725 vs. 1.3200529849057725
--------
nle(id0,id1,dist): 62 71 0.708700475807073
list:
dist: 0.708700475807073 vs. 0.708700475807073
--------
nle(id0,id1,dist): 62 74 1.6833746823561888
list:
dist: 1.6833746823561888 vs. 1.6833746823561888
--------
nle(id0,id1,dist): 62 73 1.5762809759237968
list:
dist: 1.5762809759237968 vs. 1.5762809759237968
--------
nle(id0,id1,dist): 62 68 2.2281078642805325
list:
dist: 2.2281078642805325 vs. 2.2281078642805325
--------
nle(id0,id1,dist): 62 67 1.465868290159471
list:
dist: 1.465868290159471 vs. 1.465868290159471
--------
nle(id0,id1,dist): 62 70 0.9656204775088614
list:
dist: 0.9656204775088614 vs. 0.9656204775088614
--------
nle(id0,id1,dist): 62 69 1.4076851235602121
list:
dist: 1.4076851235602121 vs. 1.4076851235602121
--------
nle(id0,id1,dist): 60 124 2.9282285825314958
list:
dist: 2.9282285825314958 vs. 2.9282285825314958
--------
nle(id0,id1,dist): 61 85 3.0736679909948506
list:
dist: 3.0736679909948506 vs. 3.0736679909948506
--------
nle(id0,id1,dist): 60 122 2.27196264848051
list:
dist: 2.27196264848051 vs. 2.27196264848051
--------
nle(id0,id1,dist): 60 120 3.465107071288967
list:
dist: 3.465107071288967 vs. 3.465107071288967
--------
nle(id0,id1,dist): 61 83 2.1988645521160444
list:
dist: 2.1988645521160444 vs. 2.1988645521160444
--------
nle(id0,id1,dist): 61 80 3.2276138235725713
list:
dist: 3.2276138235725713 vs. 3.2276138235725713
--------
nle(id0,id1,dist): 61 81 2.47891598410535
list:
dist: 2.47891598410535 vs. 2.47891598410535
--------
nle(id0,id1,dist): 60 127 3.2207201981217444
list:
dist: 3.2207201981217444 vs. 3.2207201981217444
--------
nle(id0,id1,dist): 61 71 1.6294767256878702
list:
dist: 1.6294767256878702 vs. 1.6294767256878702
--------
nle(id0,id1,dist): 61 70 1.2183761174217802
list:
dist: 1.2183761174217802 vs. 1.2183761174217802
--------
nle(id0,id1,dist): 61 69 2.3446923146712693
list:
dist: 2.3446923146712693 vs. 2.3446923146712693
--------
nle(id0,id1,dist): 61 67 2.505213668179133
list:
dist: 2.505213668179133 vs. 2.505213668179133
--------
nle(id0,id1,dist): 61 66 2.504193174548816
list:
dist: 2.504193174548816 vs. 2.504193174548816
--------
nle(id0,id1,dist): 61 65 1.5689510469906103
list:
dist: 1.5689510469906103 vs. 1.5689510469906103
--------
nle(id0,id1,dist): 61 64 1.6758060301626552
list:
dist: 1.6758060301626552 vs. 1.6758060301626552
--------
nle(id0,id1,dist): 61 78 3.413063910020613
list:
dist: 3.413063910020613 vs. 3.413063910020613
--------
nle(id0,id1,dist): 61 77 2.7877900564859086
list:
dist: 2.7877900564859086 vs. 2.7877900564859086
--------
nle(id0,id1,dist): 61 76 3.122921142370515
list:
dist: 3.122921142370515 vs. 3.122921142370515
--------
nle(id0,id1,dist): 61 75 1.6276343564996927
list:
dist: 1.6276343564996927 vs. 1.6276343564996927
--------
nle(id0,id1,dist): 61 74 2.7182683999387462
list:
dist: 2.7182683999387462 vs. 2.7182683999387462
--------
nle(id0,id1,dist): 61 73 2.8406887340736464
list:
dist: 2.8406887340736464 vs. 2.8406887340736464
--------
nle(id0,id1,dist): 61 72 2.1506681923291624
list:
dist: 2.1506681923291624 vs. 2.1506681923291624
--------
nle(id0,id1,dist): 62 139 3.63046256560471
list:
dist: 3.63046256560471 vs. 3.63046256560471
--------
nle(id0,id1,dist): 64 65 1.6633609208328703
list:
dist: 1.6633609208328703 vs. 1.6633609208328703
--------
nle(id0,id1,dist): 64 66 1.5768459220667952
list:
dist: 1.5768459220667952 vs. 1.5768459220667952
--------
nle(id0,id1,dist): 62 140 3.8590901752698077
list:
dist: 3.8590901752698077 vs. 3.8590901752698077
--------
nle(id0,id1,dist): 62 141 3.6093824276669824
list:
dist: 3.6093824276669824 vs. 3.6093824276669824
--------
nle(id0,id1,dist): 64 67 1.4182719107185329
list:
dist: 1.4182719107185329 vs. 1.4182719107185329
--------
nle(id0,id1,dist): 63 105 3.659822960665306
list:
dist: 3.659822960665306 vs. 3.659822960665306
--------
nle(id0,id1,dist): 62 142 3.6200395155383247
list:
dist: 3.6200395155383247 vs. 3.6200395155383247
--------
nle(id0,id1,dist): 64 68 1.9877889069858077
list:
dist: 1.9877889069858077 vs. 1.9877889069858077
--------
nle(id0,id1,dist): 64 69 1.0696198333625004
list:
dist: 1.0696198333625004 vs. 1.0696198333625004
--------
nle(id0,id1,dist): 64 70 1.201809938581693
list:
dist: 1.201809938581693 vs. 1.201809938581693
--------
nle(id0,id1,dist): 64 71 1.294208017418329
list:
dist: 1.294208017418329 vs. 1.294208017418329
--------
nle(id0,id1,dist): 62 145 3.4404526950583225
list:
dist: 3.4404526950583225 vs. 3.4404526950583225
--------
nle(id0,id1,dist): 64 72 1.404603679086116
list:
dist: 1.404603679086116 vs. 1.404603679086116
--------
nle(id0,id1,dist): 62 147 3.9945641635660296
list:
dist: 3.9945641635660296 vs. 3.9945641635660296
--------
nle(id0,id1,dist): 64 73 1.8641442805711403
list:
dist: 1.8641442805711403 vs. 1.8641442805711403
--------
nle(id0,id1,dist): 64 74 1.3989548270141607
list:
dist: 1.3989548270141607 vs. 1.3989548270141607
--------
nle(id0,id1,dist): 62 148 3.898708209887217
list:
dist: 3.898708209887217 vs. 3.898708209887217
--------
nle(id0,id1,dist): 63 111 2.948161706967279
list:
dist: 2.948161706967279 vs. 2.948161706967279
--------
nle(id0,id1,dist): 64 75 0.6191122059775124
list:
dist: 0.6191122059775124 vs. 0.6191122059775124
--------
nle(id0,id1,dist): 64 76 1.9978430708462531
list:
dist: 1.9978430708462531 vs. 1.9978430708462531
--------
nle(id0,id1,dist): 63 113 3.1983501408465456
list:
dist: 3.1983501408465456 vs. 3.1983501408465456
--------
nle(id0,id1,dist): 64 77 2.1218173512140406
list:
dist: 2.1218173512140406 vs. 2.1218173512140406
--------
nle(id0,id1,dist): 64 78 2.5491554919936568
list:
dist: 2.5491554919936568 vs. 2.5491554919936568
--------
nle(id0,id1,dist): 64 79 2.5663909390909305
list:
dist: 2.5663909390909305 vs. 2.5663909390909305
--------
nle(id0,id1,dist): 64 80 1.831599822787264
list:
dist: 1.831599822787264 vs. 1.831599822787264
--------
nle(id0,id1,dist): 62 124 2.170004051468708
list:
dist: 2.170004051468708 vs. 2.170004051468708
--------
nle(id0,id1,dist): 63 87 3.051794986849205
list:
dist: 3.051794986849205 vs. 3.051794986849205
--------
nle(id0,id1,dist): 62 123 2.6245777016015825
list:
dist: 2.6245777016015825 vs. 2.6245777016015825
--------
nle(id0,id1,dist): 63 86 2.9119179343264046
list:
dist: 2.9119179343264046 vs. 2.9119179343264046
--------
nle(id0,id1,dist): 62 126 2.1165239362028103
list:
dist: 2.1165239362028103 vs. 2.1165239362028103
--------
nle(id0,id1,dist): 63 89 3.0403863832805813
list:
dist: 3.0403863832805813 vs. 3.0403863832805813
--------
nle(id0,id1,dist): 63 88 2.529491323099685
list:
dist: 2.529491323099685 vs. 2.529491323099685
--------
nle(id0,id1,dist): 62 125 2.8148502174444805
list:
dist: 2.8148502174444805 vs. 2.8148502174444805
--------
nle(id0,id1,dist): 62 128 2.2005313315843726
list:
dist: 2.2005313315843726 vs. 2.2005313315843726
--------
nle(id0,id1,dist): 62 127 2.1026443186233252
list:
dist: 2.1026443186233252 vs. 2.1026443186233252
--------
nle(id0,id1,dist): 62 130 2.5756554908570104
list:
dist: 2.5756554908570104 vs. 2.5756554908570104
--------
nle(id0,id1,dist): 62 129 2.836720812945751
list:
dist: 2.836720812945751 vs. 2.836720812945751
--------
nle(id0,id1,dist): 62 134 3.5003912388360177
list:
dist: 3.5003912388360177 vs. 3.5003912388360177
--------
nle(id0,id1,dist): 62 133 3.318809249649422
list:
dist: 3.318809249649422 vs. 3.318809249649422
--------
nle(id0,id1,dist): 62 136 3.748814278116792
list:
dist: 3.748814278116792 vs. 3.748814278116792
--------
nle(id0,id1,dist): 62 135 3.17102924918026
list:
dist: 3.17102924918026 vs. 3.17102924918026
--------
nle(id0,id1,dist): 62 138 2.587888043365102
list:
dist: 2.587888043365102 vs. 2.587888043365102
--------
nle(id0,id1,dist): 62 137 2.821782963158229
list:
dist: 2.821782963158229 vs. 2.821782963158229
--------
nle(id0,id1,dist): 63 72 1.5291800095186814
list:
dist: 1.5291800095186814 vs. 1.5291800095186814
--------
nle(id0,id1,dist): 63 73 1.0901797885577935
list:
dist: 1.0901797885577935 vs. 1.0901797885577935
--------
nle(id0,id1,dist): 63 70 1.4912767126668613
list:
dist: 1.4912767126668613 vs. 1.4912767126668613
--------
nle(id0,id1,dist): 63 71 1.0979439326126141
list:
dist: 1.0979439326126141 vs. 1.0979439326126141
--------
nle(id0,id1,dist): 63 76 1.8668139379028466
list:
dist: 1.8668139379028466 vs. 1.8668139379028466
--------
nle(id0,id1,dist): 62 113 3.4478217654016508
list:
dist: 3.4478217654016508 vs. 3.4478217654016508
--------
nle(id0,id1,dist): 63 77 1.3259700897498776
list:
dist: 1.3259700897498776 vs. 1.3259700897498776
--------
nle(id0,id1,dist): 63 74 1.3361640416124045
list:
dist: 1.3361640416124045 vs. 1.3361640416124045
--------
nle(id0,id1,dist): 62 111 3.315535016551692
list:
dist: 3.315535016551692 vs. 3.315535016551692
--------
nle(id0,id1,dist): 63 75 0.8899649703276791
list:
dist: 0.8899649703276791 vs. 0.8899649703276791
--------
nle(id0,id1,dist): 63 80 2.2503934716476466
list:
dist: 2.2503934716476466 vs. 2.2503934716476466
--------
nle(id0,id1,dist): 63 81 1.69425075576403
list:
dist: 1.69425075576403 vs. 1.69425075576403
--------
nle(id0,id1,dist): 63 78 1.6557408996801142
list:
dist: 1.6557408996801142 vs. 1.6557408996801142
--------
nle(id0,id1,dist): 63 79 1.9062323711345563
list:
dist: 1.9062323711345563 vs. 1.9062323711345563
--------
nle(id0,id1,dist): 62 121 3.0199237470155547
list:
dist: 3.0199237470155547 vs. 3.0199237470155547
--------
nle(id0,id1,dist): 63 84 3.329897139592756
list:
dist: 3.329897139592756 vs. 3.329897139592756
--------
nle(id0,id1,dist): 63 85 2.011272378068606
list:
dist: 2.011272378068606 vs. 2.011272378068606
--------
nle(id0,id1,dist): 62 122 1.8605315943756116
list:
dist: 1.8605315943756116 vs. 1.8605315943756116
--------
nle(id0,id1,dist): 63 82 3.1122859275768544
list:
dist: 3.1122859275768544 vs. 3.1122859275768544
--------
nle(id0,id1,dist): 62 120 2.776691995928964
list:
dist: 2.776691995928964 vs. 2.776691995928964
--------
nle(id0,id1,dist): 63 83 1.169484932593674
list:
dist: 1.169484932593674 vs. 1.169484932593674
--------
nle(id0,id1,dist): 63 65 0.5960273006922931
list:
dist: 0.5960273006922931 vs. 0.5960273006922931
--------
nle(id0,id1,dist): 63 64 1.4966524356676465
list:
dist: 1.4966524356676465 vs. 1.4966524356676465
--------
nle(id0,id1,dist): 63 69 1.2354372010647243
list:
dist: 1.2354372010647243 vs. 1.2354372010647243
--------
nle(id0,id1,dist): 62 105 3.852619457977175
list:
dist: 3.852619457977175 vs. 3.852619457977175
--------
nle(id0,id1,dist): 63 68 1.6326208801498387
list:
dist: 1.6326208801498387 vs. 1.6326208801498387
--------
nle(id0,id1,dist): 63 67 0.9029989337023727
list:
dist: 0.9029989337023727 vs. 0.9029989337023727
--------
nle(id0,id1,dist): 63 66 1.5478740397699438
list:
dist: 1.5478740397699438 vs. 1.5478740397699438
--------
nle(id0,id1,dist): 59 70 4.327382712345838
list:
dist: 4.327382712345838 vs. 4.327382712345838
--------
nle(id0,id1,dist): 59 64 3.3798659985737687
list:
dist: 3.3798659985737687 vs. 3.3798659985737687
--------
nle(id0,id1,dist): 58 80 3.086973766825974
list:
dist: 3.086973766825974 vs. 3.086973766825974
--------
nle(id0,id1,dist): 58 70 3.854690110984812
list:
dist: 3.854690110984812 vs. 3.854690110984812
--------
nle(id0,id1,dist): 58 64 2.8226346977141783
list:
dist: 2.8226346977141783 vs. 2.8226346977141783
--------
nle(id0,id1,dist): 58 59 1.007038095859264
list:
dist: 1.007038095859264 vs. 1.007038095859264
--------
nle(id0,id1,dist): 61 63 1.8920516489404327
list:
dist: 1.8920516489404327 vs. 1.8920516489404327
--------
nle(id0,id1,dist): 61 62 1.37995505016065
list:
dist: 1.37995505016065 vs. 1.37995505016065
--------
nle(id0,id1,dist): 60 85 3.5965948762864834
list:
dist: 3.5965948762864834 vs. 3.5965948762864834
--------
nle(id0,id1,dist): 60 77 3.213156090723885
list:
dist: 3.213156090723885 vs. 3.213156090723885
--------
nle(id0,id1,dist): 60 78 3.7317295917420146
list:
dist: 3.7317295917420146 vs. 3.7317295917420146
--------
nle(id0,id1,dist): 60 80 3.674923730089798
list:
dist: 3.674923730089798 vs. 3.674923730089798
--------
nle(id0,id1,dist): 60 81 3.0523257247915314
list:
dist: 3.0523257247915314 vs. 3.0523257247915314
--------
nle(id0,id1,dist): 60 83 2.690612331748739
list:
dist: 2.690612331748739 vs. 2.690612331748739
--------
nle(id0,id1,dist): 60 69 2.7254388923232042
list:
dist: 2.7254388923232042 vs. 2.7254388923232042
--------
nle(id0,id1,dist): 60 70 1.8412229658592307
list:
dist: 1.8412229658592307 vs. 1.8412229658592307
--------
nle(id0,id1,dist): 60 71 2.1635207477866567
list:
dist: 2.1635207477866567 vs. 2.1635207477866567
--------
nle(id0,id1,dist): 60 72 2.708917851938356
list:
dist: 2.708917851938356 vs. 2.708917851938356
--------
nle(id0,id1,dist): 60 73 3.1190414307553276
list:
dist: 3.1190414307553276 vs. 3.1190414307553276
--------
nle(id0,id1,dist): 60 74 3.0367862729539152
list:
dist: 3.0367862729539152 vs. 3.0367862729539152
--------
nle(id0,id1,dist): 60 75 1.9368186199373674
list:
dist: 1.9368186199373674 vs. 1.9368186199373674
--------
nle(id0,id1,dist): 60 76 3.580679387644172
list:
dist: 3.580679387644172 vs. 3.580679387644172
--------
nle(id0,id1,dist): 60 64 1.9693791052737641
list:
dist: 1.9693791052737641 vs. 1.9693791052737641
--------
nle(id0,id1,dist): 60 63 2.0984663752319697
list:
dist: 2.0984663752319697 vs. 2.0984663752319697
--------
nle(id0,id1,dist): 60 62 1.7502844745407666
list:
dist: 1.7502844745407666 vs. 1.7502844745407666
--------
nle(id0,id1,dist): 60 61 0.7032621009618677
list:
dist: 0.7032621009618677 vs. 0.7032621009618677
--------
nle(id0,id1,dist): 60 67 2.668136683192477
list:
dist: 2.668136683192477 vs. 2.668136683192477
--------
nle(id0,id1,dist): 60 66 2.3801758841342138
list:
dist: 2.3801758841342138 vs. 2.3801758841342138
--------
nle(id0,id1,dist): 60 65 1.6367293219551147
list:
dist: 1.6367293219551147 vs. 1.6367293219551147
--------
nle(id0,id1,dist): 59 80 3.0709300267477153
list:
dist: 3.0709300267477153 vs. 3.0709300267477153
--------
nle(id0,id1,dist): 67 137 3.6483129786572435
list:
dist: 3.6483129786572435 vs. 3.6483129786572435
--------
nle(id0,id1,dist): 67 136 4.339091121277545
list:
dist: 4.339091121277545 vs. 4.339091121277545
--------
nle(id0,id1,dist): 67 135 4.170835461470725
list:
dist: 4.170835461470725 vs. 4.170835461470725
--------
nle(id0,id1,dist): 67 134 4.287808637373254
list:
dist: 4.287808637373254 vs. 4.287808637373254
--------
nle(id0,id1,dist): 67 133 4.065072824764409
list:
dist: 4.065072824764409 vs. 4.065072824764409
--------
nle(id0,id1,dist): 67 130 3.57312099071147
list:
dist: 3.57312099071147 vs. 3.57312099071147
--------
nle(id0,id1,dist): 69 71 1.0571048164636947
list:
dist: 1.0571048164636947 vs. 1.0571048164636947
--------
nle(id0,id1,dist): 67 145 3.9892520004174994
list:
dist: 3.9892520004174994 vs. 3.9892520004174994
--------
nle(id0,id1,dist): 69 70 1.4207767784434
list:
dist: 1.4207767784434 vs. 1.4207767784434
--------
nle(id0,id1,dist): 67 142 4.047191284062929
list:
dist: 4.047191284062929 vs. 4.047191284062929
--------
nle(id0,id1,dist): 67 141 4.363820888941383
list:
dist: 4.363820888941383 vs. 4.363820888941383
--------
nle(id0,id1,dist): 67 140 4.687504159152951
list:
dist: 4.687504159152951 vs. 4.687504159152951
--------
nle(id0,id1,dist): 67 139 4.142657119302875
list:
dist: 4.142657119302875 vs. 4.142657119302875
--------
nle(id0,id1,dist): 67 138 3.1769687584156907
list:
dist: 3.1769687584156907 vs. 3.1769687584156907
--------
nle(id0,id1,dist): 69 78 1.5607876540105512
list:
dist: 1.5607876540105512 vs. 1.5607876540105512
--------
nle(id0,id1,dist): 69 79 1.6682408834946698
list:
dist: 1.6682408834946698 vs. 1.6682408834946698
--------
nle(id0,id1,dist): 69 76 0.9661829106055
list:
dist: 0.9661829106055 vs. 0.9661829106055
--------
nle(id0,id1,dist): 68 113 3.5826734727710856
list:
dist: 3.5826734727710856 vs. 3.5826734727710856
--------
nle(id0,id1,dist): 69 77 1.1982308764522258
list:
dist: 1.1982308764522258 vs. 1.1982308764522258
--------
nle(id0,id1,dist): 69 74 0.45598584676727255
list:
dist: 0.45598584676727255 vs. 0.45598584676727255
--------
nle(id0,id1,dist): 67 148 4.321981979638891
list:
dist: 4.321981979638891 vs. 4.321981979638891
--------
nle(id0,id1,dist): 68 111 3.22544384565782
list:
dist: 3.22544384565782 vs. 3.22544384565782
--------
nle(id0,id1,dist): 69 75 0.8002173105603086
list:
dist: 0.8002173105603086 vs. 0.8002173105603086
--------
nle(id0,id1,dist): 69 72 0.8734290806602056
list:
dist: 0.8734290806602056 vs. 0.8734290806602056
--------
nle(id0,id1,dist): 67 147 4.3211680344207
list:
dist: 4.3211680344207 vs. 4.3211680344207
--------
nle(id0,id1,dist): 69 73 0.9722022963946776
list:
dist: 0.9722022963946776 vs. 0.9722022963946776
--------
nle(id0,id1,dist): 69 86 2.1580728202787176
list:
dist: 2.1580728202787176 vs. 2.1580728202787176
--------
nle(id0,id1,dist): 69 87 2.315380396317963
list:
dist: 2.315380396317963 vs. 2.315380396317963
--------
nle(id0,id1,dist): 69 84 2.634838765337781
list:
dist: 2.634838765337781 vs. 2.634838765337781
--------
nle(id0,id1,dist): 69 85 1.9453143635477281
list:
dist: 1.9453143635477281 vs. 1.9453143635477281
--------
nle(id0,id1,dist): 69 82 2.7067991877860833
list:
dist: 2.7067991877860833 vs. 2.7067991877860833
--------
nle(id0,id1,dist): 69 83 0.7765822336318905
list:
dist: 0.7765822336318905 vs. 0.7765822336318905
--------
nle(id0,id1,dist): 69 80 1.0504121615276183
list:
dist: 1.0504121615276183 vs. 1.0504121615276183
--------
nle(id0,id1,dist): 69 81 1.337274394197684
list:
dist: 1.337274394197684 vs. 1.337274394197684
--------
nle(id0,id1,dist): 67 105 4.1948995270898655
list:
dist: 4.1948995270898655 vs. 4.1948995270898655
--------
nle(id0,id1,dist): 68 74 1.0486271108103014
list:
dist: 1.0486271108103014 vs. 1.0486271108103014
--------
nle(id0,id1,dist): 67 111 3.1600780365259755
list:
dist: 3.1600780365259755 vs. 3.1600780365259755
--------
nle(id0,id1,dist): 68 73 1.031090954822811
list:
dist: 1.031090954822811 vs. 1.031090954822811
--------
nle(id0,id1,dist): 68 76 1.7988579464312386
list:
dist: 1.7988579464312386 vs. 1.7988579464312386
--------
nle(id0,id1,dist): 67 113 3.4582514803624167
list:
dist: 3.4582514803624167 vs. 3.4582514803624167
--------
nle(id0,id1,dist): 68 75 1.7089232168721376
list:
dist: 1.7089232168721376 vs. 1.7089232168721376
--------
nle(id0,id1,dist): 68 70 2.6801470524589432
list:
dist: 2.6801470524589432 vs. 2.6801470524589432
--------
nle(id0,id1,dist): 68 69 1.433504612544554
list:
dist: 1.433504612544554 vs. 1.433504612544554
--------
nle(id0,id1,dist): 68 72 2.2613743587529296
list:
dist: 2.2613743587529296 vs. 2.2613743587529296
--------
nle(id0,id1,dist): 68 71 2.2743855534742
list:
dist: 2.2743855534742 vs. 2.2743855534742
--------
nle(id0,id1,dist): 68 81 2.5293108259892834
list:
dist: 2.5293108259892834 vs. 2.5293108259892834
--------
nle(id0,id1,dist): 68 83 1.9763701246831415
list:
dist: 1.9763701246831415 vs. 1.9763701246831415
--------
nle(id0,id1,dist): 67 120 3.9377358507650557
list:
dist: 3.9377358507650557 vs. 3.9377358507650557
--------
nle(id0,id1,dist): 67 121 4.230836593156386
list:
dist: 4.230836593156386 vs. 4.230836593156386
--------
nle(id0,id1,dist): 68 84 3.7669916490022235
list:
dist: 3.7669916490022235 vs. 3.7669916490022235
--------
nle(id0,id1,dist): 68 77 1.8785386998163587
list:
dist: 1.8785386998163587 vs. 1.8785386998163587
--------
nle(id0,id1,dist): 68 78 1.5235019033315447
list:
dist: 1.5235019033315447 vs. 1.5235019033315447
--------
nle(id0,id1,dist): 68 79 0.9476006140506419
list:
dist: 0.9476006140506419 vs. 0.9476006140506419
--------
nle(id0,id1,dist): 68 80 1.9204256344521362
list:
dist: 1.9204256344521362 vs. 1.9204256344521362
--------
nle(id0,id1,dist): 67 126 2.8785721505651978
list:
dist: 2.8785721505651978 vs. 2.8785721505651978
--------
nle(id0,id1,dist): 68 89 2.9548370032487203
list:
dist: 2.9548370032487203 vs. 2.9548370032487203
--------
nle(id0,id1,dist): 67 127 3.269352709664053
list:
dist: 3.269352709664053 vs. 3.269352709664053
--------
nle(id0,id1,dist): 67 128 2.9361546623370014
list:
dist: 2.9361546623370014 vs. 2.9361546623370014
--------
nle(id0,id1,dist): 67 129 3.3469900497627383
list:
dist: 3.3469900497627383 vs. 3.3469900497627383
--------
nle(id0,id1,dist): 68 85 2.7920822440494173
list:
dist: 2.7920822440494173 vs. 2.7920822440494173
--------
nle(id0,id1,dist): 67 122 3.2092861155037364
list:
dist: 3.2092861155037364 vs. 3.2092861155037364
--------
nle(id0,id1,dist): 67 123 3.758479952977939
list:
dist: 3.758479952977939 vs. 3.758479952977939
--------
nle(id0,id1,dist): 68 86 2.9252168138084986
list:
dist: 2.9252168138084986 vs. 2.9252168138084986
--------
nle(id0,id1,dist): 67 124 3.4813462611487114
list:
dist: 3.4813462611487114 vs. 3.4813462611487114
--------
nle(id0,id1,dist): 68 87 2.530079933072937
list:
dist: 2.530079933072937 vs. 2.530079933072937
--------
nle(id0,id1,dist): 68 88 2.8917778597344164
list:
dist: 2.8917778597344164 vs. 2.8917778597344164
--------
nle(id0,id1,dist): 67 125 3.7592729906241655
list:
dist: 3.7592729906241655 vs. 3.7592729906241655
--------
nle(id0,id1,dist): 69 123 3.293968298751161
list:
dist: 3.293968298751161 vs. 3.293968298751161
--------
nle(id0,id1,dist): 70 86 2.8259433315425304
list:
dist: 2.8259433315425304 vs. 2.8259433315425304
--------
nle(id0,id1,dist): 70 85 2.0808157617904794
list:
dist: 2.0808157617904794 vs. 2.0808157617904794
--------
nle(id0,id1,dist): 69 122 2.7107572042106107
list:
dist: 2.7107572042106107 vs. 2.7107572042106107
--------
nle(id0,id1,dist): 69 121 3.5855990919179614
list:
dist: 3.5855990919179614 vs. 3.5855990919179614
--------
nle(id0,id1,dist): 70 84 2.7155785897414226
list:
dist: 2.7155785897414226 vs. 2.7155785897414226
--------
nle(id0,id1,dist): 69 120 3.258539589195547
list:
dist: 3.258539589195547 vs. 3.258539589195547
--------
nle(id0,id1,dist): 70 83 1.1330363039549105
list:
dist: 1.1330363039549105 vs. 1.1330363039549105
--------
nle(id0,id1,dist): 69 127 2.7784356919784803
list:
dist: 2.7784356919784803 vs. 2.7784356919784803
--------
nle(id0,id1,dist): 69 126 2.228372931591433
list:
dist: 2.228372931591433 vs. 2.228372931591433
--------
nle(id0,id1,dist): 70 89 3.2152982105445456
list:
dist: 3.2152982105445456 vs. 3.2152982105445456
--------
nle(id0,id1,dist): 69 125 2.997294381452955
list:
dist: 2.997294381452955 vs. 2.997294381452955
--------
nle(id0,id1,dist): 70 88 2.2322842353360066
list:
dist: 2.2322842353360066 vs. 2.2322842353360066
--------
nle(id0,id1,dist): 69 124 2.9816492447668366
list:
dist: 2.9816492447668366 vs. 2.9816492447668366
--------
nle(id0,id1,dist): 70 87 3.386190283901801
list:
dist: 3.386190283901801 vs. 3.386190283901801
--------
nle(id0,id1,dist): 69 130 2.9117819833269105
list:
dist: 2.9117819833269105 vs. 2.9117819833269105
--------
nle(id0,id1,dist): 69 129 2.6931214660563563
list:
dist: 2.6931214660563563 vs. 2.6931214660563563
--------
nle(id0,id1,dist): 69 128 2.3078236918096415
list:
dist: 2.3078236918096415 vs. 2.3078236918096415
--------
nle(id0,id1,dist): 69 135 3.8071589610434877
list:
dist: 3.8071589610434877 vs. 3.8071589610434877
--------
nle(id0,id1,dist): 69 134 3.6868846794364187
list:
dist: 3.6868846794364187 vs. 3.6868846794364187
--------
nle(id0,id1,dist): 69 133 3.4250133370288296
list:
dist: 3.4250133370288296 vs. 3.4250133370288296
--------
nle(id0,id1,dist): 69 138 2.7549210714191577
list:
dist: 2.7549210714191577 vs. 2.7549210714191577
--------
nle(id0,id1,dist): 69 139 3.6801987285339672
list:
dist: 3.6801987285339672 vs. 3.6801987285339672
--------
nle(id0,id1,dist): 69 136 3.756269841491308
list:
dist: 3.756269841491308 vs. 3.756269841491308
--------
nle(id0,id1,dist): 69 137 3.4072990282948687
list:
dist: 3.4072990282948687 vs. 3.4072990282948687
--------
nle(id0,id1,dist): 69 142 3.6633782257472656
list:
dist: 3.6633782257472656 vs. 3.6633782257472656
--------
nle(id0,id1,dist): 69 140 4.0798048417643615
list:
dist: 4.0798048417643615 vs. 4.0798048417643615
--------
nle(id0,id1,dist): 69 141 4.125370513799146
list:
dist: 4.125370513799146 vs. 4.125370513799146
--------
nle(id0,id1,dist): 71 72 0.637587536143909
list:
dist: 0.637587536143909 vs. 0.637587536143909
--------
nle(id0,id1,dist): 69 147 3.8407879765845863
list:
dist: 3.8407879765845863 vs. 3.8407879765845863
--------
nle(id0,id1,dist): 71 73 1.5289472650446347
list:
dist: 1.5289472650446347 vs. 1.5289472650446347
--------
nle(id0,id1,dist): 69 145 3.583271480703453
list:
dist: 3.583271480703453 vs. 3.583271480703453
--------
nle(id0,id1,dist): 71 76 1.5557326873359725
list:
dist: 1.5557326873359725 vs. 1.5557326873359725
--------
nle(id0,id1,dist): 71 77 1.242527938350058
list:
dist: 1.242527938350058 vs. 1.242527938350058
--------
nle(id0,id1,dist): 69 148 4.010634885986743
list:
dist: 4.010634885986743 vs. 4.010634885986743
--------
nle(id0,id1,dist): 71 74 1.4382425870822617
list:
dist: 1.4382425870822617 vs. 1.4382425870822617
--------
nle(id0,id1,dist): 71 75 0.8931000561742554
list:
dist: 0.8931000561742554 vs. 0.8931000561742554
--------
nle(id0,id1,dist): 69 89 2.4534714159076554
list:
dist: 2.4534714159076554 vs. 2.4534714159076554
--------
nle(id0,id1,dist): 69 88 1.8598724229327837
list:
dist: 1.8598724229327837 vs. 1.8598724229327837
--------
nle(id0,id1,dist): 69 105 4.867065073545315
list:
dist: 4.867065073545315 vs. 4.867065073545315
--------
nle(id0,id1,dist): 70 71 0.5943942091382038
list:
dist: 0.5943942091382038 vs. 0.5943942091382038
--------
nle(id0,id1,dist): 70 72 0.9625863912535578
list:
dist: 0.9625863912535578 vs. 0.9625863912535578
--------
nle(id0,id1,dist): 70 73 2.064323285651372
list:
dist: 2.064323285651372 vs. 2.064323285651372
--------
nle(id0,id1,dist): 69 111 3.632944300406884
list:
dist: 3.632944300406884 vs. 3.632944300406884
--------
nle(id0,id1,dist): 70 74 1.8556259717712986
list:
dist: 1.8556259717712986 vs. 1.8556259717712986
--------
nle(id0,id1,dist): 70 75 1.0491862226406714
list:
dist: 1.0491862226406714 vs. 1.0491862226406714
--------
nle(id0,id1,dist): 69 113 3.717917448041582
list:
dist: 3.717917448041582 vs. 3.717917448041582
--------
nle(id0,id1,dist): 70 76 2.019992180889977
list:
dist: 2.019992180889977 vs. 2.019992180889977
--------
nle(id0,id1,dist): 70 77 1.830741900880298
list:
dist: 1.830741900880298 vs. 1.830741900880298
--------
nle(id0,id1,dist): 70 78 2.5563514130349945
list:
dist: 2.5563514130349945 vs. 2.5563514130349945
--------
nle(id0,id1,dist): 70 79 2.93355495310061
list:
dist: 2.93355495310061 vs. 2.93355495310061
--------
nle(id0,id1,dist): 70 80 2.1485985017658913
list:
dist: 2.1485985017658913 vs. 2.1485985017658913
--------
nle(id0,id1,dist): 70 81 1.345139622832885
list:
dist: 1.345139622832885 vs. 1.345139622832885
--------
nle(id0,id1,dist): 70 82 2.191858768956214
list:
dist: 2.191858768956214 vs. 2.191858768956214
--------
nle(id0,id1,dist): 65 90 4.0394131251832555
list:
dist: 4.0394131251832555 vs. 4.0394131251832555
--------
nle(id0,id1,dist): 64 127 3.089639575041686
list:
dist: 3.089639575041686 vs. 3.089639575041686
--------
nle(id0,id1,dist): 64 128 2.9014627543241467
list:
dist: 2.9014627543241467 vs. 2.9014627543241467
--------
nle(id0,id1,dist): 64 125 3.247777399755399
list:
dist: 3.247777399755399 vs. 3.247777399755399
--------
nle(id0,id1,dist): 64 126 2.78467937670044
list:
dist: 2.78467937670044 vs. 2.78467937670044
--------
nle(id0,id1,dist): 64 123 3.6627958098294005
list:
dist: 3.6627958098294005 vs. 3.6627958098294005
--------
nle(id0,id1,dist): 64 124 3.069293564447033
list:
dist: 3.069293564447033 vs. 3.069293564447033
--------
nle(id0,id1,dist): 64 121 3.658231844885142
list:
dist: 3.658231844885142 vs. 3.658231844885142
--------
nle(id0,id1,dist): 65 85 2.430829063217841
list:
dist: 2.430829063217841 vs. 2.430829063217841
--------
nle(id0,id1,dist): 64 122 2.5419704116212523
list:
dist: 2.5419704116212523 vs. 2.5419704116212523
--------
nle(id0,id1,dist): 65 83 1.644866215717141
list:
dist: 1.644866215717141 vs. 1.644866215717141
--------
nle(id0,id1,dist): 64 120 3.3288111632490787
list:
dist: 3.3288111632490787 vs. 3.3288111632490787
--------
nle(id0,id1,dist): 65 80 2.7777330006452545
list:
dist: 2.7777330006452545 vs. 2.7777330006452545
--------
nle(id0,id1,dist): 65 81 2.113181185985703
list:
dist: 2.113181185985703 vs. 2.113181185985703
--------
nle(id0,id1,dist): 65 78 2.2154041333913472
list:
dist: 2.2154041333913472 vs. 2.2154041333913472
--------
nle(id0,id1,dist): 65 79 2.4457490359260032
list:
dist: 2.4457490359260032 vs. 2.4457490359260032
--------
nle(id0,id1,dist): 65 76 2.4391558829411375
list:
dist: 2.4391558829411375 vs. 2.4391558829411375
--------
nle(id0,id1,dist): 65 77 1.8671079158335386
list:
dist: 1.8671079158335386 vs. 1.8671079158335386
--------
nle(id0,id1,dist): 66 70 2.459206840704219
list:
dist: 2.459206840704219 vs. 2.459206840704219
--------
nle(id0,id1,dist): 66 69 1.824766867944895
list:
dist: 1.824766867944895 vs. 1.824766867944895
--------
nle(id0,id1,dist): 65 105 3.3377045711361744
list:
dist: 3.3377045711361744 vs. 3.3377045711361744
--------
nle(id0,id1,dist): 66 68 1.3484577760673977
list:
dist: 1.3484577760673977 vs. 1.3484577760673977
--------
nle(id0,id1,dist): 66 67 1.1422267415383571
list:
dist: 1.1422267415383571 vs. 1.1422267415383571
--------
nle(id0,id1,dist): 65 103 4.354092757271782
list:
dist: 4.354092757271782 vs. 4.354092757271782
--------
nle(id0,id1,dist): 64 140 4.64253123894182
list:
dist: 4.64253123894182 vs. 4.64253123894182
--------
nle(id0,id1,dist): 65 102 4.357315378401992
list:
dist: 4.357315378401992 vs. 4.357315378401992
--------
nle(id0,id1,dist): 64 139 4.475923041675643
list:
dist: 4.475923041675643 vs. 4.475923041675643
--------
nle(id0,id1,dist): 64 138 3.5103751086877915
list:
dist: 3.5103751086877915 vs. 3.5103751086877915
--------
nle(id0,id1,dist): 65 99 3.0674265596872243
list:
dist: 3.0674265596872243 vs. 3.0674265596872243
--------
nle(id0,id1,dist): 64 136 4.4752503647010435
list:
dist: 4.4752503647010435 vs. 4.4752503647010435
--------
nle(id0,id1,dist): 65 98 3.759031880456218
list:
dist: 3.759031880456218 vs. 3.759031880456218
--------
nle(id0,id1,dist): 64 135 4.319340361709188
list:
dist: 4.319340361709188 vs. 4.319340361709188
--------
nle(id0,id1,dist): 65 97 3.1350669303355625
list:
dist: 3.1350669303355625 vs. 3.1350669303355625
--------
nle(id0,id1,dist): 64 134 4.280062872382974
list:
dist: 4.280062872382974 vs. 4.280062872382974
--------
nle(id0,id1,dist): 64 133 4.019937979263344
list:
dist: 4.019937979263344 vs. 4.019937979263344
--------
nle(id0,id1,dist): 65 96 3.198529584035241
list:
dist: 3.198529584035241 vs. 3.198529584035241
--------
nle(id0,id1,dist): 65 95 3.8705333900325747
list:
dist: 3.8705333900325747 vs. 3.8705333900325747
--------
nle(id0,id1,dist): 65 94 3.2689063448346367
list:
dist: 3.2689063448346367 vs. 3.2689063448346367
--------
nle(id0,id1,dist): 64 130 3.266050546528914
list:
dist: 3.266050546528914 vs. 3.266050546528914
--------
nle(id0,id1,dist): 65 93 4.255154966286328
list:
dist: 4.255154966286328 vs. 4.255154966286328
--------
nle(id0,id1,dist): 64 129 3.4130098048343855
list:
dist: 3.4130098048343855 vs. 3.4130098048343855
--------
nle(id0,id1,dist): 63 130 3.060232861579848
list:
dist: 3.060232861579848 vs. 3.060232861579848
--------
nle(id0,id1,dist): 63 133 3.6657999759421958
list:
dist: 3.6657999759421958 vs. 3.6657999759421958
--------
nle(id0,id1,dist): 63 126 2.472197856077953
list:
dist: 2.472197856077953 vs. 2.472197856077953
--------
nle(id0,id1,dist): 64 89 3.479621308880617
list:
dist: 3.479621308880617 vs. 3.479621308880617
--------
nle(id0,id1,dist): 63 127 2.611938840213658
list:
dist: 2.611938840213658 vs. 2.611938840213658
--------
nle(id0,id1,dist): 63 128 2.533899631125439
list:
dist: 2.533899631125439 vs. 2.533899631125439
--------
nle(id0,id1,dist): 63 129 3.078834892088208
list:
dist: 3.078834892088208 vs. 3.078834892088208
--------
nle(id0,id1,dist): 64 85 2.754401696919615
list:
dist: 2.754401696919615 vs. 2.754401696919615
--------
nle(id0,id1,dist): 63 122 2.522939448668591
list:
dist: 2.522939448668591 vs. 2.522939448668591
--------
nle(id0,id1,dist): 63 123 3.097794712022111
list:
dist: 3.097794712022111 vs. 3.097794712022111
--------
nle(id0,id1,dist): 64 86 3.112585940794474
list:
dist: 3.112585940794474 vs. 3.112585940794474
--------
nle(id0,id1,dist): 63 124 2.775703360010712
list:
dist: 2.775703360010712 vs. 2.775703360010712
--------
nle(id0,id1,dist): 64 87 3.3575248516773675
list:
dist: 3.3575248516773675 vs. 3.3575248516773675
--------
nle(id0,id1,dist): 64 88 2.7093499056365147
list:
dist: 2.7093499056365147 vs. 2.7093499056365147
--------
nle(id0,id1,dist): 63 125 3.320380859625355
list:
dist: 3.320380859625355 vs. 3.320380859625355
--------
nle(id0,id1,dist): 64 81 2.0169865038139245
list:
dist: 2.0169865038139245 vs. 2.0169865038139245
--------
nle(id0,id1,dist): 64 82 3.1352023752619207
list:
dist: 3.1352023752619207 vs. 3.1352023752619207
--------
nle(id0,id1,dist): 64 83 1.5008278950155363
list:
dist: 1.5008278950155363 vs. 1.5008278950155363
--------
nle(id0,id1,dist): 63 120 3.3697905331828863
list:
dist: 3.3697905331828863 vs. 3.3697905331828863
--------
nle(id0,id1,dist): 63 121 3.6209932784056704
list:
dist: 3.6209932784056704 vs. 3.6209932784056704
--------
nle(id0,id1,dist): 64 84 3.3303318157938473
list:
dist: 3.3303318157938473 vs. 3.3303318157938473
--------
nle(id0,id1,dist): 63 147 4.107549984339164
list:
dist: 4.107549984339164 vs. 4.107549984339164
--------
nle(id0,id1,dist): 65 73 1.6744204206914777
list:
dist: 1.6744204206914777 vs. 1.6744204206914777
--------
nle(id0,id1,dist): 65 72 1.9363212535662435
list:
dist: 1.9363212535662435 vs. 1.9363212535662435
--------
nle(id0,id1,dist): 65 75 1.1521308200642244
list:
dist: 1.1521308200642244 vs. 1.1521308200642244
--------
nle(id0,id1,dist): 65 74 1.8833914660304805
list:
dist: 1.8833914660304805 vs. 1.8833914660304805
--------
nle(id0,id1,dist): 63 148 3.989991916353946
list:
dist: 3.989991916353946 vs. 3.989991916353946
--------
nle(id0,id1,dist): 65 69 1.7348158011331154
list:
dist: 1.7348158011331154 vs. 1.7348158011331154
--------
nle(id0,id1,dist): 63 142 3.7357570807989187
list:
dist: 3.7357570807989187 vs. 3.7357570807989187
--------
nle(id0,id1,dist): 65 68 2.0723774695842643
list:
dist: 2.0723774695842643 vs. 2.0723774695842643
--------
nle(id0,id1,dist): 65 71 1.3818192943282077
list:
dist: 1.3818192943282077 vs. 1.3818192943282077
--------
nle(id0,id1,dist): 63 145 3.6127283021432364
list:
dist: 3.6127283021432364 vs. 3.6127283021432364
--------
nle(id0,id1,dist): 65 70 1.5906253939748916
list:
dist: 1.5906253939748916 vs. 1.5906253939748916
--------
nle(id0,id1,dist): 63 139 3.808925607696783
list:
dist: 3.808925607696783 vs. 3.808925607696783
--------
nle(id0,id1,dist): 63 138 2.7761742081990226
list:
dist: 2.7761742081990226 vs. 2.7761742081990226
--------
nle(id0,id1,dist): 63 141 3.8129617964726985
list:
dist: 3.8129617964726985 vs. 3.8129617964726985
--------
nle(id0,id1,dist): 65 67 1.3683222743469174
list:
dist: 1.3683222743469174 vs. 1.3683222743469174
--------
nle(id0,id1,dist): 65 66 1.5972625638746638
list:
dist: 1.5972625638746638 vs. 1.5972625638746638
--------
nle(id0,id1,dist): 63 140 4.232253354571908
list:
dist: 4.232253354571908 vs. 4.232253354571908
--------
nle(id0,id1,dist): 63 135 3.5330010648433534
list:
dist: 3.5330010648433534 vs. 3.5330010648433534
--------
nle(id0,id1,dist): 63 134 3.8512584137139902
list:
dist: 3.8512584137139902 vs. 3.8512584137139902
--------
nle(id0,id1,dist): 63 137 3.0550641741208864
list:
dist: 3.0550641741208864 vs. 3.0550641741208864
--------
nle(id0,id1,dist): 63 136 4.005412242303256
list:
dist: 4.005412242303256 vs. 4.005412242303256
--------
nle(id0,id1,dist): 66 113 4.339699396864894
list:
dist: 4.339699396864894 vs. 4.339699396864894
--------
nle(id0,id1,dist): 67 76 1.5839531646714895
list:
dist: 1.5839531646714895 vs. 1.5839531646714895
--------
nle(id0,id1,dist): 67 77 1.455507273389252
list:
dist: 1.455507273389252 vs. 1.455507273389252
--------
nle(id0,id1,dist): 66 111 3.874933408574031
list:
dist: 3.874933408574031 vs. 3.874933408574031
--------
nle(id0,id1,dist): 67 74 0.7597367266147956
list:
dist: 0.7597367266147956 vs. 0.7597367266147956
--------
nle(id0,id1,dist): 67 75 1.000257818763903
list:
dist: 1.000257818763903 vs. 1.000257818763903
--------
nle(id0,id1,dist): 67 80 1.7982267993371637
list:
dist: 1.7982267993371637 vs. 1.7982267993371637
--------
nle(id0,id1,dist): 67 81 1.9852357795927926
list:
dist: 1.9852357795927926 vs. 1.9852357795927926
--------
nle(id0,id1,dist): 67 78 1.4459396610178739
list:
dist: 1.4459396610178739 vs. 1.4459396610178739
--------
nle(id0,id1,dist): 67 79 1.302686034532948
list:
dist: 1.302686034532948 vs. 1.302686034532948
--------
nle(id0,id1,dist): 66 105 4.168730461256845
list:
dist: 4.168730461256845 vs. 4.168730461256845
--------
nle(id0,id1,dist): 67 68 0.7693539331542303
list:
dist: 0.7693539331542303 vs. 0.7693539331542303
--------
nle(id0,id1,dist): 67 69 0.9386087605322463
list:
dist: 0.9386087605322463 vs. 0.9386087605322463
--------
nle(id0,id1,dist): 66 103 4.958082498878206
list:
dist: 4.958082498878206 vs. 4.958082498878206
--------
nle(id0,id1,dist): 67 72 1.6859884534600948
list:
dist: 1.6859884534600948 vs. 1.6859884534600948
--------
nle(id0,id1,dist): 67 73 0.7294319901478973
list:
dist: 0.7294319901478973 vs. 0.7294319901478973
--------
nle(id0,id1,dist): 67 70 1.9592684251733528
list:
dist: 1.9592684251733528 vs. 1.9592684251733528
--------
nle(id0,id1,dist): 67 71 1.5655078190439105
list:
dist: 1.5655078190439105 vs. 1.5655078190439105
--------
nle(id0,id1,dist): 66 127 4.071441205187537
list:
dist: 4.071441205187537 vs. 4.071441205187537
--------
nle(id0,id1,dist): 67 85 2.3464130182326586
list:
dist: 2.3464130182326586 vs. 2.3464130182326586
--------
nle(id0,id1,dist): 66 122 3.7014919176331595
list:
dist: 3.7014919176331595 vs. 3.7014919176331595
--------
nle(id0,id1,dist): 67 84 3.4244825151577722
list:
dist: 3.4244825151577722 vs. 3.4244825151577722
--------
nle(id0,id1,dist): 66 120 4.626431970174368
list:
dist: 4.626431970174368 vs. 4.626431970174368
--------
nle(id0,id1,dist): 67 83 1.3812954943466307
list:
dist: 1.3812954943466307 vs. 1.3812954943466307
--------
nle(id0,id1,dist): 67 82 3.4732848490359456
list:
dist: 3.4732848490359456 vs. 3.4732848490359456
--------
nle(id0,id1,dist): 67 89 2.892748846521419
list:
dist: 2.892748846521419 vs. 2.892748846521419
--------
nle(id0,id1,dist): 67 88 2.5671344317724074
list:
dist: 2.5671344317724074 vs. 2.5671344317724074
--------
nle(id0,id1,dist): 66 124 4.142465981816884
list:
dist: 4.142465981816884 vs. 4.142465981816884
--------
nle(id0,id1,dist): 67 87 2.663208736319415
list:
dist: 2.663208736319415 vs. 2.663208736319415
--------
nle(id0,id1,dist): 67 86 2.776751830087284
list:
dist: 2.776751830087284 vs. 2.776751830087284
--------
nle(id0,id1,dist): 66 79 2.2262902654027332
list:
dist: 2.2262902654027332 vs. 2.2262902654027332
--------
nle(id0,id1,dist): 66 80 2.6569432866283225
list:
dist: 2.6569432866283225 vs. 2.6569432866283225
--------
nle(id0,id1,dist): 66 81 2.9658720794672684
list:
dist: 2.9658720794672684 vs. 2.9658720794672684
--------
nle(id0,id1,dist): 66 83 2.3419767961106204
list:
dist: 2.3419767961106204 vs. 2.3419767961106204
--------
nle(id0,id1,dist): 65 120 3.453958797371546
list:
dist: 3.453958797371546 vs. 3.453958797371546
--------
nle(id0,id1,dist): 66 85 3.4107771272472367
list:
dist: 3.4107771272472367 vs. 3.4107771272472367
--------
nle(id0,id1,dist): 65 122 2.452738012227371
list:
dist: 2.452738012227371 vs. 2.452738012227371
--------
nle(id0,id1,dist): 66 71 2.297755316327718
list:
dist: 2.297755316327718 vs. 2.297755316327718
--------
nle(id0,id1,dist): 64 145 4.369586758952807
list:
dist: 4.369586758952807 vs. 4.369586758952807
--------
nle(id0,id1,dist): 66 72 2.5445001203740962
list:
dist: 2.5445001203740962 vs. 2.5445001203740962
--------
nle(id0,id1,dist): 64 147 4.7106010732712065
list:
dist: 4.7106010732712065 vs. 4.7106010732712065
--------
nle(id0,id1,dist): 66 73 1.8614647519676981
list:
dist: 1.8614647519676981 vs. 1.8614647519676981
--------
nle(id0,id1,dist): 66 74 1.754880766885877
list:
dist: 1.754880766885877 vs. 1.754880766885877
--------
nle(id0,id1,dist): 65 111 3.1629444883856355
list:
dist: 3.1629444883856355 vs. 3.1629444883856355
--------
nle(id0,id1,dist): 66 75 1.4603065685003653
list:
dist: 1.4603065685003653 vs. 1.4603065685003653
--------
nle(id0,id1,dist): 66 76 2.65157771116561
list:
dist: 2.65157771116561 vs. 2.65157771116561
--------
nle(id0,id1,dist): 65 113 3.476067717655338
list:
dist: 3.476067717655338 vs. 3.476067717655338
--------
nle(id0,id1,dist): 66 77 2.561273124670593
list:
dist: 2.561273124670593 vs. 2.561273124670593
--------
nle(id0,id1,dist): 66 78 2.5452713993626204
list:
dist: 2.5452713993626204 vs. 2.5452713993626204
--------
nle(id0,id1,dist): 66 96 3.421006238629204
list:
dist: 3.421006238629204 vs. 3.421006238629204
--------
nle(id0,id1,dist): 66 95 4.117344988895364
list:
dist: 4.117344988895364 vs. 4.117344988895364
--------
nle(id0,id1,dist): 66 98 4.231563906353439
list:
dist: 4.231563906353439 vs. 4.231563906353439
--------
nle(id0,id1,dist): 66 97 3.3881682182417663
list:
dist: 3.3881682182417663 vs. 3.3881682182417663
--------
nle(id0,id1,dist): 66 99 3.496270066327456
list:
dist: 3.496270066327456 vs. 3.496270066327456
--------
nle(id0,id1,dist): 66 102 4.989924337350703
list:
dist: 4.989924337350703 vs. 4.989924337350703
--------
nle(id0,id1,dist): 65 124 2.7836072895137836
list:
dist: 2.7836072895137836 vs. 2.7836072895137836
--------
nle(id0,id1,dist): 66 90 4.657225852583897
list:
dist: 4.657225852583897 vs. 4.657225852583897
--------
nle(id0,id1,dist): 65 127 2.729411701839397
list:
dist: 2.729411701839397 vs. 2.729411701839397
--------
nle(id0,id1,dist): 66 94 4.099622238587907
list:
dist: 4.099622238587907 vs. 4.099622238587907
--------
nle(id0,id1,dist): 66 93 4.808389132390709
list:
dist: 4.808389132390709 vs. 4.808389132390709
--------
nle(id0,id1,dist): 48 51 1.3355777103802127
list:
dist: 1.3355777103802127 vs. 1.3355777103802127
--------
nle(id0,id1,dist): 48 52 0.5159463534543146
list:
dist: 0.5159463534543146 vs. 0.5159463534543146
--------
nle(id0,id1,dist): 48 49 1.304372447780979
list:
dist: 1.304372447780979 vs. 1.304372447780979
--------
nle(id0,id1,dist): 48 50 1.7153864531529301
list:
dist: 1.7153864531529301 vs. 1.7153864531529301
--------
nle(id0,id1,dist): 48 55 0.38891627450574096
list:
dist: 0.38891627450574096 vs. 0.38891627450574096
--------
nle(id0,id1,dist): 48 56 0.9498438697354123
list:
dist: 0.9498438697354123 vs. 0.9498438697354123
--------
nle(id0,id1,dist): 48 53 1.6942655323836264
list:
dist: 1.6942655323836264 vs. 1.6942655323836264
--------
nle(id0,id1,dist): 48 54 1.4907839318782616
list:
dist: 1.4907839318782616 vs. 1.4907839318782616
--------
nle(id0,id1,dist): 48 59 1.8922394146736243
list:
dist: 1.8922394146736243 vs. 1.8922394146736243
--------
nle(id0,id1,dist): 48 57 0.5940231666727123
list:
dist: 0.5940231666727123 vs. 0.5940231666727123
--------
nle(id0,id1,dist): 48 58 1.067186127905339
list:
dist: 1.067186127905339 vs. 1.067186127905339
--------
nle(id0,id1,dist): 48 64 3.3763601821936016
list:
dist: 3.3763601821936016 vs. 3.3763601821936016
--------
nle(id0,id1,dist): 49 51 2.3539724415340797
list:
dist: 2.3539724415340797 vs. 2.3539724415340797
--------
nle(id0,id1,dist): 49 52 1.005431537968467
list:
dist: 1.005431537968467 vs. 1.005431537968467
--------
nle(id0,id1,dist): 49 54 2.5398349310584463
list:
dist: 2.5398349310584463 vs. 2.5398349310584463
--------
nle(id0,id1,dist): 49 55 1.2786342695509818
list:
dist: 1.2786342695509818 vs. 1.2786342695509818
--------
nle(id0,id1,dist): 49 56 0.3764440100143596
list:
dist: 0.3764440100143596 vs. 0.3764440100143596
--------
nle(id0,id1,dist): 49 57 1.2303276382608703
list:
dist: 1.2303276382608703 vs. 1.2303276382608703
--------
nle(id0,id1,dist): 49 58 1.5262884486360726
list:
dist: 1.5262884486360726 vs. 1.5262884486360726
--------
nle(id0,id1,dist): 49 59 1.7252761805119132
list:
dist: 1.7252761805119132 vs. 1.7252761805119132
--------
nle(id0,id1,dist): 48 70 4.399324246033438
list:
dist: 4.399324246033438 vs. 4.399324246033438
--------
nle(id0,id1,dist): 48 80 4.029993218079059
list:
dist: 4.029993218079059 vs. 4.029993218079059
--------
nle(id0,id1,dist): 50 53 0.3487132635430564
list:
dist: 0.3487132635430564 vs. 0.3487132635430564
--------
nle(id0,id1,dist): 50 54 0.8115175099122357
list:
dist: 0.8115175099122357 vs. 0.8115175099122357
--------
nle(id0,id1,dist): 50 51 1.340704708049134
list:
dist: 1.340704708049134 vs. 1.340704708049134
--------
nle(id0,id1,dist): 50 52 2.022042768023694
list:
dist: 2.022042768023694 vs. 2.022042768023694
--------
nle(id0,id1,dist): 50 80 3.603277138815989
list:
dist: 3.603277138815989 vs. 3.603277138815989
--------
nle(id0,id1,dist): 50 82 4.763458053254451
list:
dist: 4.763458053254451 vs. 4.763458053254451
--------
nle(id0,id1,dist): 50 60 3.886329532110734
list:
dist: 3.886329532110734 vs. 3.886329532110734
--------
nle(id0,id1,dist): 50 59 2.463489934961735
list:
dist: 2.463489934961735 vs. 2.463489934961735
--------
nle(id0,id1,dist): 50 61 3.6889170515170298
list:
dist: 3.6889170515170298 vs. 3.6889170515170298
--------
nle(id0,id1,dist): 50 55 1.5987048863559965
list:
dist: 1.5987048863559965 vs. 1.5987048863559965
--------
nle(id0,id1,dist): 50 58 1.8027258893157494
list:
dist: 1.8027258893157494 vs. 1.8027258893157494
--------
nle(id0,id1,dist): 50 57 1.654295574763363
list:
dist: 1.654295574763363 vs. 1.654295574763363
--------
nle(id0,id1,dist): 50 70 3.5255516839092462
list:
dist: 3.5255516839092462 vs. 3.5255516839092462
--------
nle(id0,id1,dist): 50 64 2.8807588284369494
list:
dist: 2.8807588284369494 vs. 2.8807588284369494
--------
nle(id0,id1,dist): 44 80 3.9359071951959756
list:
dist: 3.9359071951959756 vs. 3.9359071951959756
--------
nle(id0,id1,dist): 45 47 2.242315352886993
list:
dist: 2.242315352886993 vs. 2.242315352886993
--------
nle(id0,id1,dist): 45 46 1.418007042747191
list:
dist: 1.418007042747191 vs. 1.418007042747191
--------
nle(id0,id1,dist): 44 70 4.1986919477005555
list:
dist: 4.1986919477005555 vs. 4.1986919477005555
--------
nle(id0,id1,dist): 44 64 3.211661654997455
list:
dist: 3.211661654997455 vs. 3.211661654997455
--------
nle(id0,id1,dist): 44 55 0.4743174745910663
list:
dist: 0.4743174745910663 vs. 0.4743174745910663
--------
nle(id0,id1,dist): 44 56 1.2376866174364634
list:
dist: 1.2376866174364634 vs. 1.2376866174364634
--------
nle(id0,id1,dist): 44 53 1.4559374978014579
list:
dist: 1.4559374978014579 vs. 1.4559374978014579
--------
nle(id0,id1,dist): 44 54 1.2843557448941354
list:
dist: 1.2843557448941354 vs. 1.2843557448941354
--------
nle(id0,id1,dist): 44 59 1.9820574717003985
list:
dist: 1.9820574717003985 vs. 1.9820574717003985
--------
nle(id0,id1,dist): 44 57 0.6849924002125894
list:
dist: 0.6849924002125894 vs. 0.6849924002125894
--------
nle(id0,id1,dist): 44 58 1.1010819141665042
list:
dist: 1.1010819141665042 vs. 1.1010819141665042
--------
nle(id0,id1,dist): 45 64 2.3708591023290273
list:
dist: 2.3708591023290273 vs. 2.3708591023290273
--------
nle(id0,id1,dist): 45 70 3.379701891415093
list:
dist: 3.379701891415093 vs. 3.379701891415093
--------
nle(id0,id1,dist): 45 56 1.9298872609817994
list:
dist: 1.9298872609817994 vs. 1.9298872609817994
--------
nle(id0,id1,dist): 45 57 1.3587972617664588
list:
dist: 1.3587972617664588 vs. 1.3587972617664588
--------
nle(id0,id1,dist): 45 58 1.274443917443091
list:
dist: 1.274443917443091 vs. 1.274443917443091
--------
nle(id0,id1,dist): 45 59 2.270860561056825
list:
dist: 2.270860561056825 vs. 2.270860561056825
--------
nle(id0,id1,dist): 45 48 1.112456272229646
list:
dist: 1.112456272229646 vs. 1.112456272229646
--------
nle(id0,id1,dist): 45 49 2.262641800664114
list:
dist: 2.262641800664114 vs. 2.262641800664114
--------
nle(id0,id1,dist): 45 50 1.4386584907534827
list:
dist: 1.4386584907534827 vs. 1.4386584907534827
--------
nle(id0,id1,dist): 45 51 1.800491096343758
list:
dist: 1.800491096343758 vs. 1.800491096343758
--------
nle(id0,id1,dist): 45 52 1.6275839527305205
list:
dist: 1.6275839527305205 vs. 1.6275839527305205
--------
nle(id0,id1,dist): 45 53 1.4425382208521493
list:
dist: 1.4425382208521493 vs. 1.4425382208521493
--------
nle(id0,id1,dist): 45 54 1.732734830963294
list:
dist: 1.732734830963294 vs. 1.732734830963294
--------
nle(id0,id1,dist): 45 55 1.2090317833846664
list:
dist: 1.2090317833846664 vs. 1.2090317833846664
--------
nle(id0,id1,dist): 46 70 4.361128915503771
list:
dist: 4.361128915503771 vs. 4.361128915503771
--------
nle(id0,id1,dist): 46 64 3.4814983979425227
list:
dist: 3.4814983979425227 vs. 3.4814983979425227
--------
nle(id0,id1,dist): 46 59 3.419344267786738
list:
dist: 3.419344267786738 vs. 3.419344267786738
--------
nle(id0,id1,dist): 46 57 2.1566079989479063
list:
dist: 2.1566079989479063 vs. 2.1566079989479063
--------
nle(id0,id1,dist): 46 58 2.4530534373176223
list:
dist: 2.4530534373176223 vs. 2.4530534373176223
--------
nle(id0,id1,dist): 46 55 1.9428464125141673
list:
dist: 1.9428464125141673 vs. 1.9428464125141673
--------
nle(id0,id1,dist): 46 56 2.3786652012014806
list:
dist: 2.3786652012014806 vs. 2.3786652012014806
--------
nle(id0,id1,dist): 46 53 2.2758907641077806
list:
dist: 2.2758907641077806 vs. 2.2758907641077806
--------
nle(id0,id1,dist): 46 54 1.963716918965242
list:
dist: 1.963716918965242 vs. 1.963716918965242
--------
nle(id0,id1,dist): 46 51 1.626994495940339
list:
dist: 1.626994495940339 vs. 1.626994495940339
--------
nle(id0,id1,dist): 46 52 1.931616415635794
list:
dist: 1.931616415635794 vs. 1.931616415635794
--------
nle(id0,id1,dist): 46 49 2.752844336602246
list:
dist: 2.752844336602246 vs. 2.752844336602246
--------
nle(id0,id1,dist): 46 50 2.0596811497892804
list:
dist: 2.0596811497892804 vs. 2.0596811497892804
--------
nle(id0,id1,dist): 46 47 2.1756357472968206
list:
dist: 2.1756357472968206 vs. 2.1756357472968206
--------
nle(id0,id1,dist): 46 48 1.6210005693858014
list:
dist: 1.6210005693858014 vs. 1.6210005693858014
--------
nle(id0,id1,dist): 45 80 3.3806018941365124
list:
dist: 3.3806018941365124 vs. 3.3806018941365124
--------
nle(id0,id1,dist): 47 59 2.5043839147341465
list:
dist: 2.5043839147341465 vs. 2.5043839147341465
--------
nle(id0,id1,dist): 47 58 2.0204731467984622
list:
dist: 2.0204731467984622 vs. 2.0204731467984622
--------
nle(id0,id1,dist): 47 55 1.3861360071106341
list:
dist: 1.3861360071106341 vs. 1.3861360071106341
--------
nle(id0,id1,dist): 47 54 2.241451783562378
list:
dist: 2.241451783562378 vs. 2.241451783562378
--------
nle(id0,id1,dist): 47 57 1.4623454121312958
list:
dist: 1.4623454121312958 vs. 1.4623454121312958
--------
nle(id0,id1,dist): 47 56 0.8232929484472832
list:
dist: 0.8232929484472832 vs. 0.8232929484472832
--------
nle(id0,id1,dist): 47 51 1.8249681743239736
list:
dist: 1.8249681743239736 vs. 1.8249681743239736
--------
nle(id0,id1,dist): 47 52 0.7890781671948394
list:
dist: 0.7890781671948394 vs. 0.7890781671948394
--------
nle(id0,id1,dist): 47 48 1.1952911469650043
list:
dist: 1.1952911469650043 vs. 1.1952911469650043
--------
nle(id0,id1,dist): 47 49 1.0088981191554354
list:
dist: 1.0088981191554354 vs. 1.0088981191554354
--------
nle(id0,id1,dist): 46 80 4.753079453442232
list:
dist: 4.753079453442232 vs. 4.753079453442232
--------
nle(id0,id1,dist): 54 70 4.3251161096286905
list:
dist: 4.3251161096286905 vs. 4.3251161096286905
--------
nle(id0,id1,dist): 54 80 4.268901247906716
list:
dist: 4.268901247906716 vs. 4.268901247906716
--------
nle(id0,id1,dist): 53 120 4.707684225168499
list:
dist: 4.707684225168499 vs. 4.707684225168499
--------
nle(id0,id1,dist): 53 121 5.051278099894068
list:
dist: 5.051278099894068 vs. 5.051278099894068
--------
nle(id0,id1,dist): 53 122 4.314694280543052
list:
dist: 4.314694280543052 vs. 4.314694280543052
--------
nle(id0,id1,dist): 53 125 4.5756182825557365
list:
dist: 4.5756182825557365 vs. 4.5756182825557365
--------
nle(id0,id1,dist): 55 56 0.9887455163263374
list:
dist: 0.9887455163263374 vs. 0.9887455163263374
--------
nle(id0,id1,dist): 55 57 0.2158861843763001
list:
dist: 0.2158861843763001 vs. 0.2158861843763001
--------
nle(id0,id1,dist): 55 58 0.7914324318873943
list:
dist: 0.7914324318873943 vs. 0.7914324318873943
--------
nle(id0,id1,dist): 55 59 1.5477955399431964
list:
dist: 1.5477955399431964 vs. 1.5477955399431964
--------
nle(id0,id1,dist): 55 64 3.311070266729558
list:
dist: 3.311070266729558 vs. 3.311070266729558
--------
nle(id0,id1,dist): 55 70 4.311259124234645
list:
dist: 4.311259124234645 vs. 4.311259124234645
--------
nle(id0,id1,dist): 55 80 3.8071368576594056
list:
dist: 3.8071368576594056 vs. 3.8071368576594056
--------
nle(id0,id1,dist): 56 58 1.3564178330714662
list:
dist: 1.3564178330714662 vs. 1.3564178330714662
--------
nle(id0,id1,dist): 56 57 0.9918597053089524
list:
dist: 0.9918597053089524 vs. 0.9918597053089524
--------
nle(id0,id1,dist): 56 59 1.7724918867253274
list:
dist: 1.7724918867253274 vs. 1.7724918867253274
--------
nle(id0,id1,dist): 57 59 1.3531431378838896
list:
dist: 1.3531431378838896 vs. 1.3531431378838896
--------
nle(id0,id1,dist): 57 58 0.7014017386557677
list:
dist: 0.7014017386557677 vs. 0.7014017386557677
--------
nle(id0,id1,dist): 57 64 3.3500806777267864
list:
dist: 3.3500806777267864 vs. 3.3500806777267864
--------
nle(id0,id1,dist): 57 70 4.342874265753616
list:
dist: 4.342874265753616 vs. 4.342874265753616
--------
nle(id0,id1,dist): 57 80 3.7386560959350867
list:
dist: 3.7386560959350867 vs. 3.7386560959350867
--------
nle(id0,id1,dist): 51 58 2.0951730389775944
list:
dist: 2.0951730389775944 vs. 2.0951730389775944
--------
nle(id0,id1,dist): 51 59 2.761390976338806
list:
dist: 2.761390976338806 vs. 2.761390976338806
--------
nle(id0,id1,dist): 51 52 1.3636434052013664
list:
dist: 1.3636434052013664 vs. 1.3636434052013664
--------
nle(id0,id1,dist): 51 53 1.5290479842529157
list:
dist: 1.5290479842529157 vs. 1.5290479842529157
--------
nle(id0,id1,dist): 51 54 0.6382020296257843
list:
dist: 0.6382020296257843 vs. 0.6382020296257843
--------
nle(id0,id1,dist): 51 55 1.4032277495378407
list:
dist: 1.4032277495378407 vs. 1.4032277495378407
--------
nle(id0,id1,dist): 51 56 2.0538818099189435
list:
dist: 2.0538818099189435 vs. 2.0538818099189435
--------
nle(id0,id1,dist): 51 57 1.519824291636127
list:
dist: 1.519824291636127 vs. 1.519824291636127
--------
nle(id0,id1,dist): 52 55 0.6130267792089826
list:
dist: 0.6130267792089826 vs. 0.6130267792089826
--------
nle(id0,id1,dist): 52 56 0.6903357759945102
list:
dist: 0.6903357759945102 vs. 0.6903357759945102
--------
nle(id0,id1,dist): 52 53 1.9969190997076958
list:
dist: 1.9969190997076958 vs. 1.9969190997076958
--------
nle(id0,id1,dist): 52 54 1.6114506719428672
list:
dist: 1.6114506719428672 vs. 1.6114506719428672
--------
nle(id0,id1,dist): 52 59 1.9257561595609387
list:
dist: 1.9257561595609387 vs. 1.9257561595609387
--------
nle(id0,id1,dist): 52 57 0.7015926703815498
list:
dist: 0.7015926703815498 vs. 0.7015926703815498
--------
nle(id0,id1,dist): 52 58 1.3297174420910969
list:
dist: 1.3297174420910969 vs. 1.3297174420910969
--------
nle(id0,id1,dist): 50 121 5.117514070903586
list:
dist: 5.117514070903586 vs. 5.117514070903586
--------
nle(id0,id1,dist): 50 122 4.3503129064867565
list:
dist: 4.3503129064867565 vs. 4.3503129064867565
--------
nle(id0,id1,dist): 50 120 4.784108213459072
list:
dist: 4.784108213459072 vs. 4.784108213459072
--------
nle(id0,id1,dist): 50 125 4.702062254971036
list:
dist: 4.702062254971036 vs. 4.702062254971036
--------
nle(id0,id1,dist): 52 70 4.882706571007483
list:
dist: 4.882706571007483 vs. 4.882706571007483
--------
nle(id0,id1,dist): 52 64 3.864506573904944
list:
dist: 3.864506573904944 vs. 3.864506573904944
--------
nle(id0,id1,dist): 53 54 0.974793579760899
list:
dist: 0.974793579760899 vs. 0.974793579760899
--------
nle(id0,id1,dist): 53 55 1.5084034266260429
list:
dist: 1.5084034266260429 vs. 1.5084034266260429
--------
nle(id0,id1,dist): 52 80 4.397586825275137
list:
dist: 4.397586825275137 vs. 4.397586825275137
--------
nle(id0,id1,dist): 53 70 3.4336230619747514
list:
dist: 3.4336230619747514 vs. 3.4336230619747514
--------
nle(id0,id1,dist): 53 64 2.7630813173492736
list:
dist: 2.7630813173492736 vs. 2.7630813173492736
--------
nle(id0,id1,dist): 53 61 3.7060655045395077
list:
dist: 3.7060655045395077 vs. 3.7060655045395077
--------
nle(id0,id1,dist): 53 60 3.9383360009925883
list:
dist: 3.9383360009925883 vs. 3.9383360009925883
--------
nle(id0,id1,dist): 53 57 1.5246922469812716
list:
dist: 1.5246922469812716 vs. 1.5246922469812716
--------
nle(id0,id1,dist): 53 59 2.1730865344283425
list:
dist: 2.1730865344283425 vs. 2.1730865344283425
--------
nle(id0,id1,dist): 53 58 1.5855070351546476
list:
dist: 1.5855070351546476 vs. 1.5855070351546476
--------
nle(id0,id1,dist): 53 82 4.6011879842844445
list:
dist: 4.6011879842844445 vs. 4.6011879842844445
--------
nle(id0,id1,dist): 53 80 3.3339217891024213
list:
dist: 3.3339217891024213 vs. 3.3339217891024213
--------
nle(id0,id1,dist): 54 64 3.612618470019407
list:
dist: 3.612618470019407 vs. 3.612618470019407
--------
nle(id0,id1,dist): 54 59 2.517352456214862
list:
dist: 2.517352456214862 vs. 2.517352456214862
--------
nle(id0,id1,dist): 54 58 1.9210033266809907
list:
dist: 1.9210033266809907 vs. 1.9210033266809907
--------
nle(id0,id1,dist): 54 57 1.4753293686911466
list:
dist: 1.4753293686911466 vs. 1.4753293686911466
--------
nle(id0,id1,dist): 54 56 2.2627478901102096
list:
dist: 2.2627478901102096 vs. 2.2627478901102096
--------
nle(id0,id1,dist): 54 55 1.4125503713595704
list:
dist: 1.4125503713595704 vs. 1.4125503713595704
--------
nle(id0,id1,dist): 93 97 1.5522449957007145
list:
dist: 1.5522449957007145 vs. 1.5522449957007145
--------
nle(id0,id1,dist): 93 96 1.7381100391189375
list:
dist: 1.7381100391189375 vs. 1.7381100391189375
--------
nle(id0,id1,dist): 93 99 1.4394035535375096
list:
dist: 1.4394035535375096 vs. 1.4394035535375096
--------
nle(id0,id1,dist): 93 98 0.6013206052288077
list:
dist: 0.6013206052288077 vs. 0.6013206052288077
--------
nle(id0,id1,dist): 93 101 1.0379572074119294
list:
dist: 1.0379572074119294 vs. 1.0379572074119294
--------
nle(id0,id1,dist): 93 100 0.8868083779520909
list:
dist: 0.8868083779520909 vs. 0.8868083779520909
--------
nle(id0,id1,dist): 93 103 0.20185680352741153
list:
dist: 0.20185680352741153 vs. 0.20185680352741153
--------
nle(id0,id1,dist): 93 102 0.2868604128087089
list:
dist: 0.2868604128087089 vs. 0.2868604128087089
--------
nle(id0,id1,dist): 93 105 1.685840238603852
list:
dist: 1.685840238603852 vs. 1.685840238603852
--------
nle(id0,id1,dist): 93 104 0.730517527733046
list:
dist: 0.730517527733046 vs. 0.730517527733046
--------
nle(id0,id1,dist): 93 107 1.7492314519320806
list:
dist: 1.7492314519320806 vs. 1.7492314519320806
--------
nle(id0,id1,dist): 93 106 1.331104784526187
list:
dist: 1.331104784526187 vs. 1.331104784526187
--------
nle(id0,id1,dist): 93 109 1.8232584184965284
list:
dist: 1.8232584184965284 vs. 1.8232584184965284
--------
nle(id0,id1,dist): 93 108 1.752013002398318
list:
dist: 1.752013002398318 vs. 1.752013002398318
--------
nle(id0,id1,dist): 94 109 1.7750004401803463
list:
dist: 1.7750004401803463 vs. 1.7750004401803463
--------
nle(id0,id1,dist): 94 107 2.467045597487359
list:
dist: 2.467045597487359 vs. 2.467045597487359
--------
nle(id0,id1,dist): 94 108 2.1042777883935093
list:
dist: 2.1042777883935093 vs. 2.1042777883935093
--------
nle(id0,id1,dist): 94 98 0.9935424042136961
list:
dist: 0.9935424042136961 vs. 0.9935424042136961
--------
nle(id0,id1,dist): 94 97 1.4558403288611022
list:
dist: 1.4558403288611022 vs. 1.4558403288611022
--------
nle(id0,id1,dist): 94 96 1.664792903322006
list:
dist: 1.664792903322006 vs. 1.664792903322006
--------
nle(id0,id1,dist): 94 95 1.6468547348402431
list:
dist: 1.6468547348402431 vs. 1.6468547348402431
--------
nle(id0,id1,dist): 94 102 1.160927822677699
list:
dist: 1.160927822677699 vs. 1.160927822677699
--------
nle(id0,id1,dist): 94 101 2.038138128370665
list:
dist: 2.038138128370665 vs. 2.038138128370665
--------
nle(id0,id1,dist): 94 100 1.6934433299927019
list:
dist: 1.6934433299927019 vs. 1.6934433299927019
--------
nle(id0,id1,dist): 94 99 1.1706780983300653
list:
dist: 1.1706780983300653 vs. 1.1706780983300653
--------
nle(id0,id1,dist): 94 106 1.6329148263868083
list:
dist: 1.6329148263868083 vs. 1.6329148263868083
--------
nle(id0,id1,dist): 94 105 1.1236667070984308
list:
dist: 1.1236667070984308 vs. 1.1236667070984308
--------
nle(id0,id1,dist): 94 104 1.7508774594672498
list:
dist: 1.7508774594672498 vs. 1.7508774594672498
--------
nle(id0,id1,dist): 94 103 1.1852022478010278
list:
dist: 1.1852022478010278 vs. 1.1852022478010278
--------
nle(id0,id1,dist): 92 97 1.6887673816612956
list:
dist: 1.6887673816612956 vs. 1.6887673816612956
--------
nle(id0,id1,dist): 92 98 0.8698340770344323
list:
dist: 0.8698340770344323 vs. 0.8698340770344323
--------
nle(id0,id1,dist): 92 99 1.77421632687134
list:
dist: 1.77421632687134 vs. 1.77421632687134
--------
nle(id0,id1,dist): 92 100 0.9364725293036944
list:
dist: 0.9364725293036944 vs. 0.9364725293036944
--------
nle(id0,id1,dist): 92 93 1.0107196591698977
list:
dist: 1.0107196591698977 vs. 1.0107196591698977
--------
nle(id0,id1,dist): 92 94 1.6174615210307817
list:
dist: 1.6174615210307817 vs. 1.6174615210307817
--------
nle(id0,id1,dist): 92 95 1.5986336951620137
list:
dist: 1.5986336951620137 vs. 1.5986336951620137
--------
nle(id0,id1,dist): 92 96 2.0251985719928154
list:
dist: 2.0251985719928154 vs. 2.0251985719928154
--------
nle(id0,id1,dist): 91 107 2.8589276033909683
list:
dist: 2.8589276033909683 vs. 2.8589276033909683
--------
nle(id0,id1,dist): 91 106 2.4438494758526166
list:
dist: 2.4438494758526166 vs. 2.4438494758526166
--------
nle(id0,id1,dist): 91 109 2.8591519950844715
list:
dist: 2.8591519950844715 vs. 2.8591519950844715
--------
nle(id0,id1,dist): 91 108 2.882502249387198
list:
dist: 2.882502249387198 vs. 2.882502249387198
--------
nle(id0,id1,dist): 93 94 1.1665159400887009
list:
dist: 1.1665159400887009 vs. 1.1665159400887009
--------
nle(id0,id1,dist): 93 95 1.2112006330786684
list:
dist: 1.2112006330786684 vs. 1.2112006330786684
--------
nle(id0,id1,dist): 92 108 2.490052835537454
list:
dist: 2.490052835537454 vs. 2.490052835537454
--------
nle(id0,id1,dist): 92 107 2.6360349486334114
list:
dist: 2.6360349486334114 vs. 2.6360349486334114
--------
nle(id0,id1,dist): 92 106 2.094321162436177
list:
dist: 2.094321162436177 vs. 2.094321162436177
--------
nle(id0,id1,dist): 92 104 1.578787460907899
list:
dist: 1.578787460907899 vs. 1.578787460907899
--------
nle(id0,id1,dist): 92 103 1.1110201832957567
list:
dist: 1.1110201832957567 vs. 1.1110201832957567
--------
nle(id0,id1,dist): 92 102 1.211648295649863
list:
dist: 1.211648295649863 vs. 1.211648295649863
--------
nle(id0,id1,dist): 92 101 0.922093282973771
list:
dist: 0.922093282973771 vs. 0.922093282973771
--------
nle(id0,id1,dist): 92 109 2.519570676764421
list:
dist: 2.519570676764421 vs. 2.519570676764421
--------
nle(id0,id1,dist): 97 101 1.6842809113635775
list:
dist: 1.6842809113635775 vs. 1.6842809113635775
--------
nle(id0,id1,dist): 97 100 2.284391361314658
list:
dist: 2.284391361314658 vs. 2.284391361314658
--------
nle(id0,id1,dist): 97 103 1.7324257044850946
list:
dist: 1.7324257044850946 vs. 1.7324257044850946
--------
nle(id0,id1,dist): 97 102 1.7757493823160864
list:
dist: 1.7757493823160864 vs. 1.7757493823160864
--------
nle(id0,id1,dist): 97 105 1.611954583066312
list:
dist: 1.611954583066312 vs. 1.611954583066312
--------
nle(id0,id1,dist): 97 104 1.9216163843130467
list:
dist: 1.9216163843130467 vs. 1.9216163843130467
--------
nle(id0,id1,dist): 97 107 2.463010420796295
list:
dist: 2.463010420796295 vs. 2.463010420796295
--------
nle(id0,id1,dist): 97 106 1.2678924933889963
list:
dist: 1.2678924933889963 vs. 1.2678924933889963
--------
nle(id0,id1,dist): 97 99 0.39934640719572273
list:
dist: 0.39934640719572273 vs. 0.39934640719572273
--------
nle(id0,id1,dist): 97 98 1.0315853183783257
list:
dist: 1.0315853183783257 vs. 1.0315853183783257
--------
nle(id0,id1,dist): 98 102 0.8416801658308907
list:
dist: 0.8416801658308907 vs. 0.8416801658308907
--------
nle(id0,id1,dist): 98 101 1.0755930217175287
list:
dist: 1.0755930217175287 vs. 1.0755930217175287
--------
nle(id0,id1,dist): 98 100 1.2596375361206869
list:
dist: 1.2596375361206869 vs. 1.2596375361206869
--------
nle(id0,id1,dist): 98 99 0.9856216543079102
list:
dist: 0.9856216543079102 vs. 0.9856216543079102
--------
nle(id0,id1,dist): 97 108 1.5759059616509212
list:
dist: 1.5759059616509212 vs. 1.5759059616509212
--------
nle(id0,id1,dist): 97 109 1.2924161036942456
list:
dist: 1.2924161036942456 vs. 1.2924161036942456
--------
nle(id0,id1,dist): 95 107 1.7790807002736528
list:
dist: 1.7790807002736528 vs. 1.7790807002736528
--------
nle(id0,id1,dist): 95 106 0.7721105343350129
list:
dist: 0.7721105343350129 vs. 0.7721105343350129
--------
nle(id0,id1,dist): 95 109 1.108295236714539
list:
dist: 1.108295236714539 vs. 1.108295236714539
--------
nle(id0,id1,dist): 95 108 1.0394882399852172
list:
dist: 1.0394882399852172 vs. 1.0394882399852172
--------
nle(id0,id1,dist): 95 103 1.3947265641128703
list:
dist: 1.3947265641128703 vs. 1.3947265641128703
--------
nle(id0,id1,dist): 95 102 1.4395760814440806
list:
dist: 1.4395760814440806 vs. 1.4395760814440806
--------
nle(id0,id1,dist): 95 105 1.6491619449485402
list:
dist: 1.6491619449485402 vs. 1.6491619449485402
--------
nle(id0,id1,dist): 95 104 1.3119339371104592
list:
dist: 1.3119339371104592 vs. 1.3119339371104592
--------
nle(id0,id1,dist): 95 98 0.9467706297284368
list:
dist: 0.9467706297284368 vs. 0.9467706297284368
--------
nle(id0,id1,dist): 95 99 0.8424964709017699
list:
dist: 0.8424964709017699 vs. 0.8424964709017699
--------
nle(id0,id1,dist): 95 100 2.006746607576241
list:
dist: 2.006746607576241 vs. 2.006746607576241
--------
nle(id0,id1,dist): 95 101 1.212889051503309
list:
dist: 1.212889051503309 vs. 1.212889051503309
--------
nle(id0,id1,dist): 95 96 0.7504252926757287
list:
dist: 0.7504252926757287 vs. 0.7504252926757287
--------
nle(id0,id1,dist): 95 97 0.7733488064242579
list:
dist: 0.7733488064242579 vs. 0.7733488064242579
--------
nle(id0,id1,dist): 96 109 0.9849817183851731
list:
dist: 0.9849817183851731 vs. 0.9849817183851731
--------
nle(id0,id1,dist): 96 108 1.3020614917081423
list:
dist: 1.3020614917081423 vs. 1.3020614917081423
--------
nle(id0,id1,dist): 96 107 2.3256575766569942
list:
dist: 2.3256575766569942 vs. 2.3256575766569942
--------
nle(id0,id1,dist): 96 106 1.0856551463395303
list:
dist: 1.0856551463395303 vs. 1.0856551463395303
--------
nle(id0,id1,dist): 96 105 1.529843248971374
list:
dist: 1.529843248971374 vs. 1.529843248971374
--------
nle(id0,id1,dist): 96 104 1.973088349265763
list:
dist: 1.973088349265763 vs. 1.973088349265763
--------
nle(id0,id1,dist): 96 103 1.9113756962714907
list:
dist: 1.9113756962714907 vs. 1.9113756962714907
--------
nle(id0,id1,dist): 96 102 1.941390312771921
list:
dist: 1.941390312771921 vs. 1.941390312771921
--------
nle(id0,id1,dist): 96 101 1.8757886158943355
list:
dist: 1.8757886158943355 vs. 1.8757886158943355
--------
nle(id0,id1,dist): 96 100 2.5425775260041186
list:
dist: 2.5425775260041186 vs. 2.5425775260041186
--------
nle(id0,id1,dist): 96 99 0.4998559537466055
list:
dist: 0.4998559537466055 vs. 0.4998559537466055
--------
nle(id0,id1,dist): 96 98 1.306611928959261
list:
dist: 1.306611928959261 vs. 1.306611928959261
--------
nle(id0,id1,dist): 96 97 0.41206042369991946
list:
dist: 0.41206042369991946 vs. 0.41206042369991946
--------
nle(id0,id1,dist): 85 139 1.819874416425075
list:
dist: 1.819874416425075 vs. 1.819874416425075
--------
nle(id0,id1,dist): 85 138 0.8354731728828195
list:
dist: 0.8354731728828195 vs. 0.8354731728828195
--------
nle(id0,id1,dist): 85 137 1.5760572760410514
list:
dist: 1.5760572760410514 vs. 1.5760572760410514
--------
nle(id0,id1,dist): 85 136 2.0391973524879603
list:
dist: 2.0391973524879603 vs. 2.0391973524879603
--------
nle(id0,id1,dist): 85 142 1.779390200507491
list:
dist: 1.779390200507491 vs. 1.779390200507491
--------
nle(id0,id1,dist): 85 141 2.2183264611732256
list:
dist: 2.2183264611732256 vs. 2.2183264611732256
--------
nle(id0,id1,dist): 85 140 2.427960360535787
list:
dist: 2.427960360535787 vs. 2.427960360535787
--------
nle(id0,id1,dist): 85 147 2.106357520508514
list:
dist: 2.106357520508514 vs. 2.106357520508514
--------
nle(id0,id1,dist): 85 145 1.6672636886907817
list:
dist: 1.6672636886907817 vs. 1.6672636886907817
--------
nle(id0,id1,dist): 86 113 3.349881811505701
list:
dist: 3.349881811505701 vs. 3.349881811505701
--------
nle(id0,id1,dist): 85 148 2.1092752693450274
list:
dist: 2.1092752693450274 vs. 2.1092752693450274
--------
nle(id0,id1,dist): 86 111 3.736738733334211
list:
dist: 3.736738733334211 vs. 3.736738733334211
--------
nle(id0,id1,dist): 86 121 3.5053074443179595
list:
dist: 3.5053074443179595 vs. 3.5053074443179595
--------
nle(id0,id1,dist): 86 122 3.455557641716241
list:
dist: 3.455557641716241 vs. 3.455557641716241
--------
nle(id0,id1,dist): 86 120 3.2403664991727403
list:
dist: 3.2403664991727403 vs. 3.2403664991727403
--------
nle(id0,id1,dist): 87 88 1.6264798027349627
list:
dist: 1.6264798027349627 vs. 1.6264798027349627
--------
nle(id0,id1,dist): 86 125 2.625972175310961
list:
dist: 2.625972175310961 vs. 2.625972175310961
--------
nle(id0,id1,dist): 86 126 1.7789795624036182
list:
dist: 1.7789795624036182 vs. 1.7789795624036182
--------
nle(id0,id1,dist): 87 89 0.8233729746113617
list:
dist: 0.8233729746113617 vs. 0.8233729746113617
--------
nle(id0,id1,dist): 86 123 2.98611579070225
list:
dist: 2.98611579070225 vs. 2.98611579070225
--------
nle(id0,id1,dist): 86 124 3.2517123186331833
list:
dist: 3.2517123186331833 vs. 3.2517123186331833
--------
nle(id0,id1,dist): 86 129 1.4213477515556867
list:
dist: 1.4213477515556867 vs. 1.4213477515556867
--------
nle(id0,id1,dist): 86 130 2.502599416147487
list:
dist: 2.502599416147487 vs. 2.502599416147487
--------
nle(id0,id1,dist): 86 127 2.756590671839897
list:
dist: 2.756590671839897 vs. 2.756590671839897
--------
nle(id0,id1,dist): 86 128 1.7384966108062905
list:
dist: 1.7384966108062905 vs. 1.7384966108062905
--------
nle(id0,id1,dist): 86 134 2.5168627484182315
list:
dist: 2.5168627484182315 vs. 2.5168627484182315
--------
nle(id0,id1,dist): 86 133 2.2579273698774047
list:
dist: 2.2579273698774047 vs. 2.2579273698774047
--------
nle(id0,id1,dist): 86 136 2.24867351109989
list:
dist: 2.24867351109989 vs. 2.24867351109989
--------
nle(id0,id1,dist): 86 135 3.1850492901348084
list:
dist: 3.1850492901348084 vs. 3.1850492901348084
--------
nle(id0,id1,dist): 86 138 1.8273426864786546
list:
dist: 1.8273426864786546 vs. 1.8273426864786546
--------
nle(id0,id1,dist): 86 137 2.8404739015636555
list:
dist: 2.8404739015636555 vs. 2.8404739015636555
--------
nle(id0,id1,dist): 86 140 2.881918208599845
list:
dist: 2.881918208599845 vs. 2.881918208599845
--------
nle(id0,id1,dist): 86 139 2.201400018560235
list:
dist: 2.201400018560235 vs. 2.201400018560235
--------
nle(id0,id1,dist): 86 142 2.2024962710471065
list:
dist: 2.2024962710471065 vs. 2.2024962710471065
--------
nle(id0,id1,dist): 86 141 3.2504745669760005
list:
dist: 3.2504745669760005 vs. 3.2504745669760005
--------
nle(id0,id1,dist): 86 144 3.14424754261017
list:
dist: 3.14424754261017 vs. 3.14424754261017
--------
nle(id0,id1,dist): 86 143 3.0728010718732253
list:
dist: 3.0728010718732253 vs. 3.0728010718732253
--------
nle(id0,id1,dist): 86 146 3.206013067374813
list:
dist: 3.206013067374813 vs. 3.206013067374813
--------
nle(id0,id1,dist): 86 145 2.269794339660359
list:
dist: 2.269794339660359 vs. 2.269794339660359
--------
nle(id0,id1,dist): 86 147 2.062329408670984
list:
dist: 2.062329408670984 vs. 2.062329408670984
--------
nle(id0,id1,dist): 86 148 2.5966760917682494
list:
dist: 2.5966760917682494 vs. 2.5966760917682494
--------
nle(id0,id1,dist): 87 111 3.48535090576582
list:
dist: 3.48535090576582 vs. 3.48535090576582
--------
nle(id0,id1,dist): 86 149 1.9560183197940422
list:
dist: 1.9560183197940422 vs. 1.9560183197940422
--------
nle(id0,id1,dist): 87 113 3.2268042485700423
list:
dist: 3.2268042485700423 vs. 3.2268042485700423
--------
nle(id0,id1,dist): 84 113 3.9840308886908815
list:
dist: 3.9840308886908815 vs. 3.9840308886908815
--------
nle(id0,id1,dist): 84 111 4.461638797107413
list:
dist: 4.461638797107413 vs. 4.461638797107413
--------
nle(id0,id1,dist): 83 148 3.3658904074172424
list:
dist: 3.3658904074172424 vs. 3.3658904074172424
--------
nle(id0,id1,dist): 83 147 3.255117318201063
list:
dist: 3.255117318201063 vs. 3.255117318201063
--------
nle(id0,id1,dist): 84 124 2.645618466133388
list:
dist: 2.645618466133388 vs. 2.645618466133388
--------
nle(id0,id1,dist): 85 87 2.122657855243329
list:
dist: 2.122657855243329 vs. 2.122657855243329
--------
nle(id0,id1,dist): 84 123 2.3991512293486448
list:
dist: 2.3991512293486448 vs. 2.3991512293486448
--------
nle(id0,id1,dist): 85 86 1.5197949284631644
list:
dist: 1.5197949284631644 vs. 1.5197949284631644
--------
nle(id0,id1,dist): 84 122 2.9300649629224447
list:
dist: 2.9300649629224447 vs. 2.9300649629224447
--------
nle(id0,id1,dist): 84 121 2.605129158696744
list:
dist: 2.605129158696744 vs. 2.605129158696744
--------
nle(id0,id1,dist): 84 120 2.3606244189314074
list:
dist: 2.3606244189314074 vs. 2.3606244189314074
--------
nle(id0,id1,dist): 84 129 0.8300256845432136
list:
dist: 0.8300256845432136 vs. 0.8300256845432136
--------
nle(id0,id1,dist): 84 130 1.692155309790302
list:
dist: 1.692155309790302 vs. 1.692155309790302
--------
nle(id0,id1,dist): 84 127 2.233628945308535
list:
dist: 2.233628945308535 vs. 2.233628945308535
--------
nle(id0,id1,dist): 84 128 1.2703916472543815
list:
dist: 1.2703916472543815 vs. 1.2703916472543815
--------
nle(id0,id1,dist): 84 125 1.6582315724481804
list:
dist: 1.6582315724481804 vs. 1.6582315724481804
--------
nle(id0,id1,dist): 85 88 1.0931766450550087
list:
dist: 1.0931766450550087 vs. 1.0931766450550087
--------
nle(id0,id1,dist): 84 126 1.2926771031338151
list:
dist: 1.2926771031338151 vs. 1.2926771031338151
--------
nle(id0,id1,dist): 85 89 1.5884319484975973
list:
dist: 1.5884319484975973 vs. 1.5884319484975973
--------
nle(id0,id1,dist): 84 139 1.9285083970952248
list:
dist: 1.9285083970952248 vs. 1.9285083970952248
--------
nle(id0,id1,dist): 84 140 2.0513284495619946
list:
dist: 2.0513284495619946 vs. 2.0513284495619946
--------
nle(id0,id1,dist): 84 137 2.6999942969544986
list:
dist: 2.6999942969544986 vs. 2.6999942969544986
--------
nle(id0,id1,dist): 84 138 1.7201163871651242
list:
dist: 1.7201163871651242 vs. 1.7201163871651242
--------
nle(id0,id1,dist): 84 135 2.7347346771919026
list:
dist: 2.7347346771919026 vs. 2.7347346771919026
--------
nle(id0,id1,dist): 84 136 1.636488528863432
list:
dist: 1.636488528863432 vs. 1.636488528863432
--------
nle(id0,id1,dist): 84 133 1.4304420140609106
list:
dist: 1.4304420140609106 vs. 1.4304420140609106
--------
nle(id0,id1,dist): 84 134 1.742365856660346
list:
dist: 1.742365856660346 vs. 1.742365856660346
--------
nle(id0,id1,dist): 84 146 3.16758298730025
list:
dist: 3.16758298730025 vs. 3.16758298730025
--------
nle(id0,id1,dist): 84 145 2.077257202401436
list:
dist: 2.077257202401436 vs. 2.077257202401436
--------
nle(id0,id1,dist): 84 148 2.5999946105629457
list:
dist: 2.5999946105629457 vs. 2.5999946105629457
--------
nle(id0,id1,dist): 85 111 2.84582642122044
list:
dist: 2.84582642122044 vs. 2.84582642122044
--------
nle(id0,id1,dist): 84 147 1.922328780395067
list:
dist: 1.922328780395067 vs. 1.922328780395067
--------
nle(id0,id1,dist): 85 105 4.67192550147106
list:
dist: 4.67192550147106 vs. 4.67192550147106
--------
nle(id0,id1,dist): 84 142 2.1441090569228196
list:
dist: 2.1441090569228196 vs. 2.1441090569228196
--------
nle(id0,id1,dist): 84 141 3.0797034090351025
list:
dist: 3.0797034090351025 vs. 3.0797034090351025
--------
nle(id0,id1,dist): 84 144 2.580832022728036
list:
dist: 2.580832022728036 vs. 2.580832022728036
--------
nle(id0,id1,dist): 84 143 2.2621551380385654
list:
dist: 2.2621551380385654 vs. 2.2621551380385654
--------
nle(id0,id1,dist): 85 113 2.4928105084002414
list:
dist: 2.4928105084002414 vs. 2.4928105084002414
--------
nle(id0,id1,dist): 84 149 2.1497452821144107
list:
dist: 2.1497452821144107 vs. 2.1497452821144107
--------
nle(id0,id1,dist): 85 124 2.1420444654147817
list:
dist: 2.1420444654147817 vs. 2.1420444654147817
--------
nle(id0,id1,dist): 86 87 1.0524211050145817
list:
dist: 1.0524211050145817 vs. 1.0524211050145817
--------
nle(id0,id1,dist): 85 125 2.1720673981967416
list:
dist: 2.1720673981967416 vs. 2.1720673981967416
--------
nle(id0,id1,dist): 86 88 0.6857537697371557
list:
dist: 0.6857537697371557 vs. 0.6857537697371557
--------
nle(id0,id1,dist): 85 126 1.0003592807838275
list:
dist: 1.0003592807838275 vs. 1.0003592807838275
--------
nle(id0,id1,dist): 86 89 0.6289095483192221
list:
dist: 0.6289095483192221 vs. 0.6289095483192221
--------
nle(id0,id1,dist): 85 127 1.5828005385734107
list:
dist: 1.5828005385734107 vs. 1.5828005385734107
--------
nle(id0,id1,dist): 85 120 2.517070154615842
list:
dist: 2.517070154615842 vs. 2.517070154615842
--------
nle(id0,id1,dist): 85 121 2.718972375327628
list:
dist: 2.718972375327628 vs. 2.718972375327628
--------
nle(id0,id1,dist): 85 122 2.4457127131625453
list:
dist: 2.4457127131625453 vs. 2.4457127131625453
--------
nle(id0,id1,dist): 85 123 1.8387318144740616
list:
dist: 1.8387318144740616 vs. 1.8387318144740616
--------
nle(id0,id1,dist): 85 133 1.8527581970510127
list:
dist: 1.8527581970510127 vs. 1.8527581970510127
--------
nle(id0,id1,dist): 85 134 2.0254689047933323
list:
dist: 2.0254689047933323 vs. 2.0254689047933323
--------
nle(id0,id1,dist): 85 135 2.0464493320546193
list:
dist: 2.0464493320546193 vs. 2.0464493320546193
--------
nle(id0,id1,dist): 85 128 0.9403277957590925
list:
dist: 0.9403277957590925 vs. 0.9403277957590925
--------
nle(id0,id1,dist): 85 129 1.2201666054687168
list:
dist: 1.2201666054687168 vs. 1.2201666054687168
--------
nle(id0,id1,dist): 85 130 1.756857143363442
list:
dist: 1.756857143363442 vs. 1.756857143363442
--------
nle(id0,id1,dist): 89 126 2.1110648218707353
list:
dist: 2.1110648218707353 vs. 2.1110648218707353
--------
nle(id0,id1,dist): 89 127 3.0065625703724472
list:
dist: 3.0065625703724472 vs. 3.0065625703724472
--------
nle(id0,id1,dist): 89 124 3.5626360830533823
list:
dist: 3.5626360830533823 vs. 3.5626360830533823
--------
nle(id0,id1,dist): 89 125 3.0725083449485813
list:
dist: 3.0725083449485813 vs. 3.0725083449485813
--------
nle(id0,id1,dist): 90 93 1.5390793086801653
list:
dist: 1.5390793086801653 vs. 1.5390793086801653
--------
nle(id0,id1,dist): 89 130 2.8497329599243493
list:
dist: 2.8497329599243493 vs. 2.8497329599243493
--------
nle(id0,id1,dist): 90 94 1.5417097197764693
list:
dist: 1.5417097197764693 vs. 1.5417097197764693
--------
nle(id0,id1,dist): 90 91 0.5341815958925303
list:
dist: 0.5341815958925303 vs. 0.5341815958925303
--------
nle(id0,id1,dist): 89 128 2.038227380794484
list:
dist: 2.038227380794484 vs. 2.038227380794484
--------
nle(id0,id1,dist): 90 92 1.002906851875186
list:
dist: 1.002906851875186 vs. 1.002906851875186
--------
nle(id0,id1,dist): 89 129 1.6856852462325937
list:
dist: 1.6856852462325937 vs. 1.6856852462325937
--------
nle(id0,id1,dist): 89 122 3.831110980206678
list:
dist: 3.831110980206678 vs. 3.831110980206678
--------
nle(id0,id1,dist): 89 123 3.171790336096601
list:
dist: 3.171790336096601 vs. 3.171790336096601
--------
nle(id0,id1,dist): 89 120 3.655601256899152
list:
dist: 3.655601256899152 vs. 3.655601256899152
--------
nle(id0,id1,dist): 89 121 3.888455142092566
list:
dist: 3.888455142092566 vs. 3.888455142092566
--------
nle(id0,id1,dist): 89 143 3.185796271499785
list:
dist: 3.185796271499785 vs. 3.185796271499785
--------
nle(id0,id1,dist): 90 106 2.70478689660463
list:
dist: 2.70478689660463 vs. 2.70478689660463
--------
nle(id0,id1,dist): 90 105 2.6344414557360394
list:
dist: 2.6344414557360394 vs. 2.6344414557360394
--------
nle(id0,id1,dist): 89 142 1.9955203766304266
list:
dist: 1.9955203766304266 vs. 1.9955203766304266
--------
nle(id0,id1,dist): 90 104 2.2227540327808057
list:
dist: 2.2227540327808057 vs. 2.2227540327808057
--------
nle(id0,id1,dist): 89 141 3.085216112345148
list:
dist: 3.085216112345148 vs. 3.085216112345148
--------
nle(id0,id1,dist): 90 103 1.5391737632529698
list:
dist: 1.5391737632529698 vs. 1.5391737632529698
--------
nle(id0,id1,dist): 89 140 3.0353128540386938
list:
dist: 3.0353128540386938 vs. 3.0353128540386938
--------
nle(id0,id1,dist): 89 147 1.8935802626896567
list:
dist: 1.8935802626896567 vs. 1.8935802626896567
--------
nle(id0,id1,dist): 90 109 3.038043786783618
list:
dist: 3.038043786783618 vs. 3.038043786783618
--------
nle(id0,id1,dist): 89 146 2.8910508608335603
list:
dist: 2.8910508608335603 vs. 2.8910508608335603
--------
nle(id0,id1,dist): 90 108 3.1627951614556657
list:
dist: 3.1627951614556657 vs. 3.1627951614556657
--------
nle(id0,id1,dist): 89 145 2.1446286788164537
list:
dist: 2.1446286788164537 vs. 2.1446286788164537
--------
nle(id0,id1,dist): 89 144 3.1095949805685503
list:
dist: 3.1095949805685503 vs. 3.1095949805685503
--------
nle(id0,id1,dist): 90 107 3.2794897572384794
list:
dist: 3.2794897572384794 vs. 3.2794897572384794
--------
nle(id0,id1,dist): 90 98 1.4294294043117757
list:
dist: 1.4294294043117757 vs. 1.4294294043117757
--------
nle(id0,id1,dist): 89 135 3.2130066438659015
list:
dist: 3.2130066438659015 vs. 3.2130066438659015
--------
nle(id0,id1,dist): 90 97 2.2201004699471256
list:
dist: 2.2201004699471256 vs. 2.2201004699471256
--------
nle(id0,id1,dist): 89 134 2.6758508774231506
list:
dist: 2.6758508774231506 vs. 2.6758508774231506
--------
nle(id0,id1,dist): 90 96 2.5916899208023945
list:
dist: 2.5916899208023945 vs. 2.5916899208023945
--------
nle(id0,id1,dist): 89 133 2.47283721295146
list:
dist: 2.47283721295146 vs. 2.47283721295146
--------
nle(id0,id1,dist): 90 95 2.353186662043736
list:
dist: 2.353186662043736 vs. 2.353186662043736
--------
nle(id0,id1,dist): 90 102 1.5918489071579205
list:
dist: 1.5918489071579205 vs. 1.5918489071579205
--------
nle(id0,id1,dist): 89 139 2.1035859443239446
list:
dist: 2.1035859443239446 vs. 2.1035859443239446
--------
nle(id0,id1,dist): 90 101 1.9017774887990917
list:
dist: 1.9017774887990917 vs. 1.9017774887990917
--------
nle(id0,id1,dist): 89 138 1.8256455916376826
list:
dist: 1.8256455916376826 vs. 1.8256455916376826
--------
nle(id0,id1,dist): 90 100 1.2032576145312632
list:
dist: 1.2032576145312632 vs. 1.2032576145312632
--------
nle(id0,id1,dist): 89 137 2.758136342194403
list:
dist: 2.758136342194403 vs. 2.758136342194403
--------
nle(id0,id1,dist): 90 99 2.2016320579275335
list:
dist: 2.2016320579275335 vs. 2.2016320579275335
--------
nle(id0,id1,dist): 89 136 2.3137003524281163
list:
dist: 2.3137003524281163 vs. 2.3137003524281163
--------
nle(id0,id1,dist): 89 148 2.318452288587792
list:
dist: 2.318452288587792 vs. 2.318452288587792
--------
nle(id0,id1,dist): 89 149 1.6317158399873153
list:
dist: 1.6317158399873153 vs. 1.6317158399873153
--------
nle(id0,id1,dist): 91 99 2.149200507315535
list:
dist: 2.149200507315535 vs. 2.149200507315535
--------
nle(id0,id1,dist): 91 98 1.2309713155844801
list:
dist: 1.2309713155844801 vs. 1.2309713155844801
--------
nle(id0,id1,dist): 91 101 1.5211052227735047
list:
dist: 1.5211052227735047 vs. 1.5211052227735047
--------
nle(id0,id1,dist): 91 100 0.6745426226882649
list:
dist: 0.6745426226882649 vs. 0.6745426226882649
--------
nle(id0,id1,dist): 91 103 1.1423717464197964
list:
dist: 1.1423717464197964 vs. 1.1423717464197964
--------
nle(id0,id1,dist): 91 102 1.2036886237458362
list:
dist: 1.2036886237458362 vs. 1.2036886237458362
--------
nle(id0,id1,dist): 91 104 1.7801871650457015
list:
dist: 1.7801871650457015 vs. 1.7801871650457015
--------
nle(id0,id1,dist): 91 93 1.165203401129406
list:
dist: 1.165203401129406 vs. 1.165203401129406
--------
nle(id0,id1,dist): 91 92 0.7391050483927019
list:
dist: 0.7391050483927019 vs. 0.7391050483927019
--------
nle(id0,id1,dist): 91 95 2.1293870622749123
list:
dist: 2.1293870622749123 vs. 2.1293870622749123
--------
nle(id0,id1,dist): 91 94 1.5390626644284544
list:
dist: 1.5390626644284544 vs. 1.5390626644284544
--------
nle(id0,id1,dist): 91 97 2.175982854142351
list:
dist: 2.175982854142351 vs. 2.175982854142351
--------
nle(id0,id1,dist): 91 96 2.510417306836594
list:
dist: 2.510417306836594 vs. 2.510417306836594
--------
nle(id0,id1,dist): 88 89 1.1645444291198488
list:
dist: 1.1645444291198488 vs. 1.1645444291198488
--------
nle(id0,id1,dist): 88 120 2.5883152146541963
list:
dist: 2.5883152146541963 vs. 2.5883152146541963
--------
nle(id0,id1,dist): 88 113 3.3550264208620098
list:
dist: 3.3550264208620098 vs. 3.3550264208620098
--------
nle(id0,id1,dist): 87 149 2.3575708040914893
list:
dist: 2.3575708040914893 vs. 2.3575708040914893
--------
nle(id0,id1,dist): 88 111 3.7170020261525636
list:
dist: 3.7170020261525636 vs. 3.7170020261525636
--------
nle(id0,id1,dist): 88 133 1.8587464054795402
list:
dist: 1.8587464054795402 vs. 1.8587464054795402
--------
nle(id0,id1,dist): 88 134 2.142166888951596
list:
dist: 2.142166888951596 vs. 2.142166888951596
--------
nle(id0,id1,dist): 88 135 2.7403376546597125
list:
dist: 2.7403376546597125 vs. 2.7403376546597125
--------
nle(id0,id1,dist): 88 136 2.0436166529310045
list:
dist: 2.0436166529310045 vs. 2.0436166529310045
--------
nle(id0,id1,dist): 88 129 1.011224061475181
list:
dist: 1.011224061475181 vs. 1.011224061475181
--------
nle(id0,id1,dist): 88 130 1.8813184444765358
list:
dist: 1.8813184444765358 vs. 1.8813184444765358
--------
nle(id0,id1,dist): 88 125 2.0137563014402566
list:
dist: 2.0137563014402566 vs. 2.0137563014402566
--------
nle(id0,id1,dist): 88 126 1.1330343181408984
list:
dist: 1.1330343181408984 vs. 1.1330343181408984
--------
nle(id0,id1,dist): 88 127 2.121728978856996
list:
dist: 2.121728978856996 vs. 2.121728978856996
--------
nle(id0,id1,dist): 88 128 1.1201191581567513
list:
dist: 1.1201191581567513 vs. 1.1201191581567513
--------
nle(id0,id1,dist): 88 121 2.8643249226352037
list:
dist: 2.8643249226352037 vs. 2.8643249226352037
--------
nle(id0,id1,dist): 88 122 2.7725537066839485
list:
dist: 2.7725537066839485 vs. 2.7725537066839485
--------
nle(id0,id1,dist): 88 123 2.4094691730542572
list:
dist: 2.4094691730542572 vs. 2.4094691730542572
--------
nle(id0,id1,dist): 88 124 2.5834667276492325
list:
dist: 2.5834667276492325 vs. 2.5834667276492325
--------
nle(id0,id1,dist): 89 113 2.9048475983296296
list:
dist: 2.9048475983296296 vs. 2.9048475983296296
--------
nle(id0,id1,dist): 88 149 2.2189734149410403
list:
dist: 2.2189734149410403 vs. 2.2189734149410403
--------
nle(id0,id1,dist): 88 146 3.253560990480716
list:
dist: 3.253560990480716 vs. 3.253560990480716
--------
nle(id0,id1,dist): 88 145 2.0914937997418286
list:
dist: 2.0914937997418286 vs. 2.0914937997418286
--------
nle(id0,id1,dist): 88 148 2.5599014123850594
list:
dist: 2.5599014123850594 vs. 2.5599014123850594
--------
nle(id0,id1,dist): 89 111 3.335315745914536
list:
dist: 3.335315745914536 vs. 3.335315745914536
--------
nle(id0,id1,dist): 88 147 2.116304227390005
list:
dist: 2.116304227390005 vs. 2.116304227390005
--------
nle(id0,id1,dist): 88 142 2.1339968402897753
list:
dist: 2.1339968402897753 vs. 2.1339968402897753
--------
nle(id0,id1,dist): 88 141 2.9841640255913635
list:
dist: 2.9841640255913635 vs. 2.9841640255913635
--------
nle(id0,id1,dist): 88 144 2.9655934957994914
list:
dist: 2.9655934957994914 vs. 2.9655934957994914
--------
nle(id0,id1,dist): 88 143 2.79888755625281
list:
dist: 2.79888755625281 vs. 2.79888755625281
--------
nle(id0,id1,dist): 88 138 1.4704562233869891
list:
dist: 1.4704562233869891 vs. 1.4704562233869891
--------
nle(id0,id1,dist): 88 137 2.468012694258349
list:
dist: 2.468012694258349 vs. 2.468012694258349
--------
nle(id0,id1,dist): 88 140 2.527776122698388
list:
dist: 2.527776122698388 vs. 2.527776122698388
--------
nle(id0,id1,dist): 88 139 2.0656524240670735
list:
dist: 2.0656524240670735 vs. 2.0656524240670735
--------
nle(id0,id1,dist): 81 82 1.5143399671442637
list:
dist: 1.5143399671442637 vs. 1.5143399671442637
--------
nle(id0,id1,dist): 81 83 0.6261164664432536
list:
dist: 0.6261164664432536 vs. 0.6261164664432536
--------
nle(id0,id1,dist): 80 120 3.5067459613068173
list:
dist: 3.5067459613068173 vs. 3.5067459613068173
--------
nle(id0,id1,dist): 80 127 3.1950456250754455
list:
dist: 3.1950456250754455 vs. 3.1950456250754455
--------
nle(id0,id1,dist): 80 128 2.4337687640086307
list:
dist: 2.4337687640086307 vs. 2.4337687640086307
--------
nle(id0,id1,dist): 81 88 0.9889103005677519
list:
dist: 0.9889103005677519 vs. 0.9889103005677519
--------
nle(id0,id1,dist): 80 125 3.0540781225704747
list:
dist: 3.0540781225704747 vs. 3.0540781225704747
--------
nle(id0,id1,dist): 80 126 2.3727894153721247
list:
dist: 2.3727894153721247 vs. 2.3727894153721247
--------
nle(id0,id1,dist): 81 89 1.9240219790497435
list:
dist: 1.9240219790497435 vs. 1.9240219790497435
--------
nle(id0,id1,dist): 80 123 3.649627780346283
list:
dist: 3.649627780346283 vs. 3.649627780346283
--------
nle(id0,id1,dist): 81 86 1.5923487328690673
list:
dist: 1.5923487328690673 vs. 1.5923487328690673
--------
nle(id0,id1,dist): 81 87 2.2612014864857417
list:
dist: 2.2612014864857417 vs. 2.2612014864857417
--------
nle(id0,id1,dist): 80 124 3.4673610066410663
list:
dist: 3.4673610066410663 vs. 3.4673610066410663
--------
nle(id0,id1,dist): 80 121 3.853756968568356
list:
dist: 3.853756968568356 vs. 3.853756968568356
--------
nle(id0,id1,dist): 81 84 1.658817011535322
list:
dist: 1.658817011535322 vs. 1.658817011535322
--------
nle(id0,id1,dist): 81 85 0.8518358411643715
list:
dist: 0.8518358411643715 vs. 0.8518358411643715
--------
nle(id0,id1,dist): 80 122 3.293081735754467
list:
dist: 3.293081735754467 vs. 3.293081735754467
--------
nle(id0,id1,dist): 80 85 2.196109142753766
list:
dist: 2.196109142753766 vs. 2.196109142753766
--------
nle(id0,id1,dist): 80 86 1.6225761894278967
list:
dist: 1.6225761894278967 vs. 1.6225761894278967
--------
nle(id0,id1,dist): 80 87 1.7352443483801303
list:
dist: 1.7352443483801303 vs. 1.7352443483801303
--------
nle(id0,id1,dist): 80 88 1.5700539764540788
list:
dist: 1.5700539764540788 vs. 1.5700539764540788
--------
nle(id0,id1,dist): 80 81 1.656080778495886
list:
dist: 1.656080778495886 vs. 1.656080778495886
--------
nle(id0,id1,dist): 80 82 2.671713800463168
list:
dist: 2.671713800463168 vs. 2.671713800463168
--------
nle(id0,id1,dist): 80 83 1.4330521800496792
list:
dist: 1.4330521800496792 vs. 1.4330521800496792
--------
nle(id0,id1,dist): 80 84 2.212172975119668
list:
dist: 2.212172975119668 vs. 2.212172975119668
--------
nle(id0,id1,dist): 80 89 2.0239227278992193
list:
dist: 2.0239227278992193 vs. 2.0239227278992193
--------
nle(id0,id1,dist): 78 145 2.916511659818821
list:
dist: 2.916511659818821 vs. 2.916511659818821
--------
nle(id0,id1,dist): 78 140 3.9133671869653215
list:
dist: 3.9133671869653215 vs. 3.9133671869653215
--------
nle(id0,id1,dist): 78 139 3.0631820382617008
list:
dist: 3.0631820382617008 vs. 3.0631820382617008
--------
nle(id0,id1,dist): 78 142 2.8820046030727062
list:
dist: 2.8820046030727062 vs. 2.8820046030727062
--------
nle(id0,id1,dist): 78 141 3.391788757921708
list:
dist: 3.391788757921708 vs. 3.391788757921708
--------
nle(id0,id1,dist): 78 148 3.110483866382633
list:
dist: 3.110483866382633 vs. 3.110483866382633
--------
nle(id0,id1,dist): 79 111 2.6564854986746247
list:
dist: 2.6564854986746247 vs. 2.6564854986746247
--------
nle(id0,id1,dist): 78 147 3.144953391090868
list:
dist: 3.144953391090868 vs. 3.144953391090868
--------
nle(id0,id1,dist): 79 113 2.877556554518732
list:
dist: 2.877556554518732 vs. 2.877556554518732
--------
nle(id0,id1,dist): 79 88 2.453536450512606
list:
dist: 2.453536450512606 vs. 2.453536450512606
--------
nle(id0,id1,dist): 78 125 3.5294516970360834
list:
dist: 3.5294516970360834 vs. 3.5294516970360834
--------
nle(id0,id1,dist): 78 126 2.4094233302243815
list:
dist: 2.4094233302243815 vs. 2.4094233302243815
--------
nle(id0,id1,dist): 79 89 2.2104102800133134
list:
dist: 2.2104102800133134 vs. 2.2104102800133134
--------
nle(id0,id1,dist): 78 123 3.311589940334572
list:
dist: 3.311589940334572 vs. 3.311589940334572
--------
nle(id0,id1,dist): 79 86 2.343210219500925
list:
dist: 2.343210219500925 vs. 2.343210219500925
--------
nle(id0,id1,dist): 78 124 3.432395971826253
list:
dist: 3.432395971826253 vs. 3.432395971826253
--------
nle(id0,id1,dist): 79 87 1.7929599870672404
list:
dist: 1.7929599870672404 vs. 1.7929599870672404
--------
nle(id0,id1,dist): 78 129 2.563752773350524
list:
dist: 2.563752773350524 vs. 2.563752773350524
--------
nle(id0,id1,dist): 78 130 3.2153284942806026
list:
dist: 3.2153284942806026 vs. 3.2153284942806026
--------
nle(id0,id1,dist): 78 127 2.9815436559924575
list:
dist: 2.9815436559924575 vs. 2.9815436559924575
--------
nle(id0,id1,dist): 78 128 2.3924478780309237
list:
dist: 2.3924478780309237 vs. 2.3924478780309237
--------
nle(id0,id1,dist): 78 133 3.3259290825171237
list:
dist: 3.3259290825171237 vs. 3.3259290825171237
--------
nle(id0,id1,dist): 78 134 3.5105420900828284
list:
dist: 3.5105420900828284 vs. 3.5105420900828284
--------
nle(id0,id1,dist): 78 137 2.819239315278231
list:
dist: 2.819239315278231 vs. 2.819239315278231
--------
nle(id0,id1,dist): 78 138 2.2566150415210475
list:
dist: 2.2566150415210475 vs. 2.2566150415210475
--------
nle(id0,id1,dist): 78 135 3.464655277766299
list:
dist: 3.464655277766299 vs. 3.464655277766299
--------
nle(id0,id1,dist): 78 136 3.3898907463226244
list:
dist: 3.3898907463226244 vs. 3.3898907463226244
--------
nle(id0,id1,dist): 77 147 2.8819105298846948
list:
dist: 2.8819105298846948 vs. 2.8819105298846948
--------
nle(id0,id1,dist): 77 145 2.541308865401252
list:
dist: 2.541308865401252 vs. 2.541308865401252
--------
nle(id0,id1,dist): 78 113 2.3286275496640996
list:
dist: 2.3286275496640996 vs. 2.3286275496640996
--------
nle(id0,id1,dist): 77 148 2.896992307614959
list:
dist: 2.896992307614959 vs. 2.896992307614959
--------
nle(id0,id1,dist): 78 111 2.293663136153044
list:
dist: 2.293663136153044 vs. 2.293663136153044
--------
nle(id0,id1,dist): 79 81 2.3220275769937793
list:
dist: 2.3220275769937793 vs. 2.3220275769937793
--------
nle(id0,id1,dist): 79 80 1.886169671409003
list:
dist: 1.886169671409003 vs. 1.886169671409003
--------
nle(id0,id1,dist): 79 85 2.324988093932091
list:
dist: 2.324988093932091 vs. 2.324988093932091
--------
nle(id0,id1,dist): 78 122 3.4865571265211424
list:
dist: 3.4865571265211424 vs. 3.4865571265211424
--------
nle(id0,id1,dist): 78 121 4.1171950142962634
list:
dist: 4.1171950142962634 vs. 4.1171950142962634
--------
nle(id0,id1,dist): 79 84 3.3443537375708847
list:
dist: 3.3443537375708847 vs. 3.3443537375708847
--------
nle(id0,id1,dist): 79 83 1.9404008686826761
list:
dist: 1.9404008686826761 vs. 1.9404008686826761
--------
nle(id0,id1,dist): 78 120 3.866665050311926
list:
dist: 3.866665050311926 vs. 3.866665050311926
--------
nle(id0,id1,dist): 77 128 1.6604835561062437
list:
dist: 1.6604835561062437 vs. 1.6604835561062437
--------
nle(id0,id1,dist): 77 129 1.9842956123085596
list:
dist: 1.9842956123085596 vs. 1.9842956123085596
--------
nle(id0,id1,dist): 77 130 2.43869230573793
list:
dist: 2.43869230573793 vs. 2.43869230573793
--------
nle(id0,id1,dist): 77 133 2.7084833538764173
list:
dist: 2.7084833538764173 vs. 2.7084833538764173
--------
nle(id0,id1,dist): 77 134 2.912489655259984
list:
dist: 2.912489655259984 vs. 2.912489655259984
--------
nle(id0,id1,dist): 77 135 2.8881811693642296
list:
dist: 2.8881811693642296 vs. 2.8881811693642296
--------
nle(id0,id1,dist): 77 136 2.91101692481779
list:
dist: 2.91101692481779 vs. 2.91101692481779
--------
nle(id0,id1,dist): 77 137 2.3563126414879614
list:
dist: 2.3563126414879614 vs. 2.3563126414879614
--------
nle(id0,id1,dist): 77 138 1.7444929821695985
list:
dist: 1.7444929821695985 vs. 1.7444929821695985
--------
nle(id0,id1,dist): 77 139 2.687691374850524
list:
dist: 2.687691374850524 vs. 2.687691374850524
--------
nle(id0,id1,dist): 77 140 3.3177481214049065
list:
dist: 3.3177481214049065 vs. 3.3177481214049065
--------
nle(id0,id1,dist): 77 141 3.0281383195816445
list:
dist: 3.0281383195816445 vs. 3.0281383195816445
--------
nle(id0,id1,dist): 78 105 4.356614311744874
list:
dist: 4.356614311744874 vs. 4.356614311744874
--------
nle(id0,id1,dist): 77 142 2.599268990155568
list:
dist: 2.599268990155568 vs. 2.599268990155568
--------
nle(id0,id1,dist): 77 113 2.6079635985160694
list:
dist: 2.6079635985160694 vs. 2.6079635985160694
--------
nle(id0,id1,dist): 78 80 1.8628325124602805
list:
dist: 1.8628325124602805 vs. 1.8628325124602805
--------
nle(id0,id1,dist): 78 79 0.8285154856028524
list:
dist: 0.8285154856028524 vs. 0.8285154856028524
--------
nle(id0,id1,dist): 78 82 3.086610763934015
list:
dist: 3.086610763934015 vs. 3.086610763934015
--------
nle(id0,id1,dist): 78 81 1.7061291962680156
list:
dist: 1.7061291962680156 vs. 1.7061291962680156
--------
nle(id0,id1,dist): 77 121 3.303086614308234
list:
dist: 3.303086614308234 vs. 3.303086614308234
--------
nle(id0,id1,dist): 78 84 2.7709549469887187
list:
dist: 2.7709549469887187 vs. 2.7709549469887187
--------
nle(id0,id1,dist): 78 83 1.4733927702106213
list:
dist: 1.4733927702106213 vs. 1.4733927702106213
--------
nle(id0,id1,dist): 77 120 3.0453753634612677
list:
dist: 3.0453753634612677 vs. 3.0453753634612677
--------
nle(id0,id1,dist): 77 123 2.5926169305232594
list:
dist: 2.5926169305232594 vs. 2.5926169305232594
--------
nle(id0,id1,dist): 78 86 1.8697225197763931
list:
dist: 1.8697225197763931 vs. 1.8697225197763931
--------
nle(id0,id1,dist): 78 85 1.5345974374282298
list:
dist: 1.5345974374282298 vs. 1.5345974374282298
--------
nle(id0,id1,dist): 77 122 2.6744986616103645
list:
dist: 2.6744986616103645 vs. 2.6744986616103645
--------
nle(id0,id1,dist): 78 88 1.8736009932338435
list:
dist: 1.8736009932338435 vs. 1.8736009932338435
--------
nle(id0,id1,dist): 77 125 2.742472967458764
list:
dist: 2.742472967458764 vs. 2.742472967458764
--------
nle(id0,id1,dist): 77 124 2.6265919428214106
list:
dist: 2.6265919428214106 vs. 2.6265919428214106
--------
nle(id0,id1,dist): 78 87 1.6213915336336457
list:
dist: 1.6213915336336457 vs. 1.6213915336336457
--------
nle(id0,id1,dist): 77 127 2.205509813774743
list:
dist: 2.205509813774743 vs. 2.205509813774743
--------
nle(id0,id1,dist): 77 126 1.6523507206026036
list:
dist: 1.6523507206026036 vs. 1.6523507206026036
--------
nle(id0,id1,dist): 78 89 1.7153910655382345
list:
dist: 1.7153910655382345 vs. 1.7153910655382345
--------
nle(id0,id1,dist): 83 145 2.898262863111629
list:
dist: 2.898262863111629 vs. 2.898262863111629
--------
nle(id0,id1,dist): 83 142 3.0189052158539487
list:
dist: 3.0189052158539487 vs. 3.0189052158539487
--------
nle(id0,id1,dist): 83 141 3.392164926448218
list:
dist: 3.392164926448218 vs. 3.392164926448218
--------
nle(id0,id1,dist): 83 140 3.3724359201780323
list:
dist: 3.3724359201780323 vs. 3.3724359201780323
--------
nle(id0,id1,dist): 83 139 3.0162854105990164
list:
dist: 3.0162854105990164 vs. 3.0162854105990164
--------
nle(id0,id1,dist): 83 138 2.0447489046512706
list:
dist: 2.0447489046512706 vs. 2.0447489046512706
--------
nle(id0,id1,dist): 83 137 2.660717774163445
list:
dist: 2.660717774163445 vs. 2.660717774163445
--------
nle(id0,id1,dist): 83 136 3.0970660766519598
list:
dist: 3.0970660766519598 vs. 3.0970660766519598
--------
nle(id0,id1,dist): 83 135 3.0330045852191283
list:
dist: 3.0330045852191283 vs. 3.0330045852191283
--------
nle(id0,id1,dist): 83 134 2.9803304209573374
list:
dist: 2.9803304209573374 vs. 2.9803304209573374
--------
nle(id0,id1,dist): 83 133 2.7392102978040422
list:
dist: 2.7392102978040422 vs. 2.7392102978040422
--------
nle(id0,id1,dist): 83 130 2.2134137672600263
list:
dist: 2.2134137672600263 vs. 2.2134137672600263
--------
nle(id0,id1,dist): 83 128 1.5940529380074773
list:
dist: 1.5940529380074773 vs. 1.5940529380074773
--------
nle(id0,id1,dist): 83 129 2.0662161224671127
list:
dist: 2.0662161224671127 vs. 2.0662161224671127
--------
nle(id0,id1,dist): 84 89 1.6728680768607982
list:
dist: 1.6728680768607982 vs. 1.6728680768607982
--------
nle(id0,id1,dist): 83 126 1.5194068154464417
list:
dist: 1.5194068154464417 vs. 1.5194068154464417
--------
nle(id0,id1,dist): 83 127 2.027642924441039
list:
dist: 2.027642924441039 vs. 2.027642924441039
--------
nle(id0,id1,dist): 84 87 2.2296959453186833
list:
dist: 2.2296959453186833 vs. 2.2296959453186833
--------
nle(id0,id1,dist): 83 124 2.296443447939535
list:
dist: 2.296443447939535 vs. 2.296443447939535
--------
nle(id0,id1,dist): 84 88 0.9090645571231023
list:
dist: 0.9090645571231023 vs. 0.9090645571231023
--------
nle(id0,id1,dist): 83 125 2.394299714695665
list:
dist: 2.394299714695665 vs. 2.394299714695665
--------
nle(id0,id1,dist): 84 85 1.7463511131466944
list:
dist: 1.7463511131466944 vs. 1.7463511131466944
--------
nle(id0,id1,dist): 83 122 2.163774189767284
list:
dist: 2.163774189767284 vs. 2.163774189767284
--------
nle(id0,id1,dist): 84 86 1.1845775935235348
list:
dist: 1.1845775935235348 vs. 1.1845775935235348
--------
nle(id0,id1,dist): 83 123 2.5275258475826825
list:
dist: 2.5275258475826825 vs. 2.5275258475826825
--------
nle(id0,id1,dist): 83 120 2.64076714754289
list:
dist: 2.64076714754289 vs. 2.64076714754289
--------
nle(id0,id1,dist): 83 121 2.9412544010288166
list:
dist: 2.9412544010288166 vs. 2.9412544010288166
--------
nle(id0,id1,dist): 83 111 3.3380393453242654
list:
dist: 3.3380393453242654 vs. 3.3380393453242654
--------
nle(id0,id1,dist): 82 147 2.3619335130538195
list:
dist: 2.3619335130538195 vs. 2.3619335130538195
--------
nle(id0,id1,dist): 83 113 3.2944301981608817
list:
dist: 3.2944301981608817 vs. 3.2944301981608817
--------
nle(id0,id1,dist): 82 144 2.4982832209084487
list:
dist: 2.4982832209084487 vs. 2.4982832209084487
--------
nle(id0,id1,dist): 82 143 2.0250022489182795
list:
dist: 2.0250022489182795 vs. 2.0250022489182795
--------
nle(id0,id1,dist): 82 145 2.111297268410567
list:
dist: 2.111297268410567 vs. 2.111297268410567
--------
nle(id0,id1,dist): 82 140 1.6568913704981059
list:
dist: 1.6568913704981059 vs. 1.6568913704981059
--------
nle(id0,id1,dist): 82 139 2.061219032309651
list:
dist: 2.061219032309651 vs. 2.061219032309651
--------
nle(id0,id1,dist): 83 105 4.641054664452067
list:
dist: 4.641054664452067 vs. 4.641054664452067
--------
nle(id0,id1,dist): 82 136 1.7019416012036739
list:
dist: 1.7019416012036739 vs. 1.7019416012036739
--------
nle(id0,id1,dist): 82 135 2.128892071298813
list:
dist: 2.128892071298813 vs. 2.128892071298813
--------
nle(id0,id1,dist): 82 138 1.6280378522429915
list:
dist: 1.6280378522429915 vs. 1.6280378522429915
--------
nle(id0,id1,dist): 82 131 2.2572994006742713
list:
dist: 2.2572994006742713 vs. 2.2572994006742713
--------
nle(id0,id1,dist): 82 132 1.4646239913887447
list:
dist: 1.4646239913887447 vs. 1.4646239913887447
--------
nle(id0,id1,dist): 82 133 1.0834930524153
list:
dist: 1.0834930524153 vs. 1.0834930524153
--------
nle(id0,id1,dist): 82 134 1.374235679377574
list:
dist: 1.374235679377574 vs. 1.374235679377574
--------
nle(id0,id1,dist): 82 127 1.3238697760929912
list:
dist: 1.3238697760929912 vs. 1.3238697760929912
--------
nle(id0,id1,dist): 82 128 0.8189184818181859
list:
dist: 0.8189184818181859 vs. 0.8189184818181859
--------
nle(id0,id1,dist): 82 129 0.9906884725987445
list:
dist: 0.9906884725987445 vs. 0.9906884725987445
--------
nle(id0,id1,dist): 82 130 0.6407646205008092
list:
dist: 0.6407646205008092 vs. 0.6407646205008092
--------
nle(id0,id1,dist): 82 123 1.5288330523999456
list:
dist: 1.5288330523999456 vs. 1.5288330523999456
--------
nle(id0,id1,dist): 83 86 1.8941816173403494
list:
dist: 1.8941816173403494 vs. 1.8941816173403494
--------
nle(id0,id1,dist): 82 124 1.6024351528234957
list:
dist: 1.6024351528234957 vs. 1.6024351528234957
--------
nle(id0,id1,dist): 83 87 2.312506238859781
list:
dist: 2.312506238859781 vs. 2.312506238859781
--------
nle(id0,id1,dist): 83 88 1.423371148941209
list:
dist: 1.423371148941209 vs. 1.423371148941209
--------
nle(id0,id1,dist): 82 125 0.5736073139267602
list:
dist: 0.5736073139267602 vs. 0.5736073139267602
--------
nle(id0,id1,dist): 82 126 0.767223916225755
list:
dist: 0.767223916225755 vs. 0.767223916225755
--------
nle(id0,id1,dist): 83 89 2.182136711673839
list:
dist: 2.182136711673839 vs. 2.182136711673839
--------
nle(id0,id1,dist): 82 120 1.2412372604550868
list:
dist: 1.2412372604550868 vs. 1.2412372604550868
--------
nle(id0,id1,dist): 82 121 1.4861634489367241
list:
dist: 1.4861634489367241 vs. 1.4861634489367241
--------
nle(id0,id1,dist): 83 84 2.1879443300959456
list:
dist: 2.1879443300959456 vs. 2.1879443300959456
--------
nle(id0,id1,dist): 83 85 1.259343990419523
list:
dist: 1.259343990419523 vs. 1.259343990419523
--------
nle(id0,id1,dist): 82 122 1.9486023491261364
list:
dist: 1.9486023491261364 vs. 1.9486023491261364
--------
nle(id0,id1,dist): 81 148 2.8867991775506194
list:
dist: 2.8867991775506194 vs. 2.8867991775506194
--------
nle(id0,id1,dist): 81 142 2.509934433723857
list:
dist: 2.509934433723857 vs. 2.509934433723857
--------
nle(id0,id1,dist): 81 141 2.939479293571166
list:
dist: 2.939479293571166 vs. 2.939479293571166
--------
nle(id0,id1,dist): 81 140 2.7545398130604037
list:
dist: 2.7545398130604037 vs. 2.7545398130604037
--------
nle(id0,id1,dist): 81 147 2.720561623407192
list:
dist: 2.720561623407192 vs. 2.720561623407192
--------
nle(id0,id1,dist): 81 145 2.3653257396828
list:
dist: 2.3653257396828 vs. 2.3653257396828
--------
nle(id0,id1,dist): 81 134 2.362555505422331
list:
dist: 2.362555505422331 vs. 2.362555505422331
--------
nle(id0,id1,dist): 81 135 2.5358052551948314
list:
dist: 2.5358052551948314 vs. 2.5358052551948314
--------
nle(id0,id1,dist): 81 133 2.1149581137230173
list:
dist: 2.1149581137230173 vs. 2.1149581137230173
--------
nle(id0,id1,dist): 81 138 1.5229427367741506
list:
dist: 1.5229427367741506 vs. 1.5229427367741506
--------
nle(id0,id1,dist): 81 139 2.459242475756617
list:
dist: 2.459242475756617 vs. 2.459242475756617
--------
nle(id0,id1,dist): 81 136 2.4900211142496067
list:
dist: 2.4900211142496067 vs. 2.4900211142496067
--------
nle(id0,id1,dist): 81 137 2.2401787499556796
list:
dist: 2.2401787499556796 vs. 2.2401787499556796
--------
nle(id0,id1,dist): 81 126 0.9068534405566909
list:
dist: 0.9068534405566909 vs. 0.9068534405566909
--------
nle(id0,id1,dist): 82 89 2.5048276136379903
list:
dist: 2.5048276136379903 vs. 2.5048276136379903
--------
nle(id0,id1,dist): 81 127 1.5776349475147844
list:
dist: 1.5776349475147844 vs. 1.5776349475147844
--------
nle(id0,id1,dist): 81 124 1.9429369506029779
list:
dist: 1.9429369506029779 vs. 1.9429369506029779
--------
nle(id0,id1,dist): 81 125 1.8736928283038117
list:
dist: 1.8736928283038117 vs. 1.8736928283038117
--------
nle(id0,id1,dist): 82 88 1.4766349806262535
list:
dist: 1.4766349806262535 vs. 1.4766349806262535
--------
nle(id0,id1,dist): 81 130 1.6548301635270926
list:
dist: 1.6548301635270926 vs. 1.6548301635270926
--------
nle(id0,id1,dist): 81 128 0.9764908652564582
list:
dist: 0.9764908652564582 vs. 0.9764908652564582
--------
nle(id0,id1,dist): 81 129 1.4572714636248434
list:
dist: 1.4572714636248434 vs. 1.4572714636248434
--------
nle(id0,id1,dist): 81 121 2.492608599151277
list:
dist: 2.492608599151277 vs. 2.492608599151277
--------
nle(id0,id1,dist): 82 84 1.1264109580075496
list:
dist: 1.1264109580075496 vs. 1.1264109580075496
--------
nle(id0,id1,dist): 81 120 2.2044766553560327
list:
dist: 2.2044766553560327 vs. 2.2044766553560327
--------
nle(id0,id1,dist): 82 83 2.0939160059445157
list:
dist: 2.0939160059445157 vs. 2.0939160059445157
--------
nle(id0,id1,dist): 81 123 2.0337295650871834
list:
dist: 2.0337295650871834 vs. 2.0337295650871834
--------
nle(id0,id1,dist): 82 86 2.068620508321671
list:
dist: 2.068620508321671 vs. 2.068620508321671
--------
nle(id0,id1,dist): 82 85 1.7352001987426995
list:
dist: 1.7352001987426995 vs. 1.7352001987426995
--------
nle(id0,id1,dist): 81 122 1.9908994346535167
list:
dist: 1.9908994346535167 vs. 1.9908994346535167
--------
nle(id0,id1,dist): 80 145 3.6031430435752325
list:
dist: 3.6031430435752325 vs. 3.6031430435752325
--------
nle(id0,id1,dist): 81 111 3.4360026850891687
list:
dist: 3.4360026850891687 vs. 3.4360026850891687
--------
nle(id0,id1,dist): 80 147 3.614132689689674
list:
dist: 3.614132689689674 vs. 3.614132689689674
--------
nle(id0,id1,dist): 81 113 3.2306900880514573
list:
dist: 3.2306900880514573 vs. 3.2306900880514573
--------
nle(id0,id1,dist): 80 138 2.8917934730236596
list:
dist: 2.8917934730236596 vs. 2.8917934730236596
--------
nle(id0,id1,dist): 80 139 3.6100899066786596
list:
dist: 3.6100899066786596 vs. 3.6100899066786596
--------
nle(id0,id1,dist): 80 140 4.045912643253123
list:
dist: 4.045912643253123 vs. 4.045912643253123
--------
nle(id0,id1,dist): 81 105 4.906015762049708
list:
dist: 4.906015762049708 vs. 4.906015762049708
--------
nle(id0,id1,dist): 80 129 2.5583870643955584
list:
dist: 2.5583870643955584 vs. 2.5583870643955584
--------
nle(id0,id1,dist): 80 130 3.0795125184615686
list:
dist: 3.0795125184615686 vs. 3.0795125184615686
--------
nle(id0,id1,dist): 80 133 3.3669421252575558
list:
dist: 3.3669421252575558 vs. 3.3669421252575558
--------
nle(id0,id1,dist): 80 134 3.6649727721603798
list:
dist: 3.6649727721603798 vs. 3.6649727721603798
--------
nle(id0,id1,dist): 80 135 4.119987044657259
list:
dist: 4.119987044657259 vs. 4.119987044657259
--------
nle(id0,id1,dist): 80 136 3.6108127989660534
list:
dist: 3.6108127989660534 vs. 3.6108127989660534
--------
nle(id0,id1,dist): 73 105 4.266734417012824
list:
dist: 4.266734417012824 vs. 4.266734417012824
--------
nle(id0,id1,dist): 72 142 3.1570658507481184
list:
dist: 3.1570658507481184 vs. 3.1570658507481184
--------
nle(id0,id1,dist): 72 141 3.5855032844421846
list:
dist: 3.5855032844421846 vs. 3.5855032844421846
--------
nle(id0,id1,dist): 72 138 2.1827969591975207
list:
dist: 2.1827969591975207 vs. 2.1827969591975207
--------
nle(id0,id1,dist): 72 137 2.8651527941985027
list:
dist: 2.8651527941985027 vs. 2.8651527941985027
--------
nle(id0,id1,dist): 72 140 3.305096358781943
list:
dist: 3.305096358781943 vs. 3.305096358781943
--------
nle(id0,id1,dist): 72 139 3.0970784269615543
list:
dist: 3.0970784269615543 vs. 3.0970784269615543
--------
nle(id0,id1,dist): 74 76 0.9068203958010451
list:
dist: 0.9068203958010451 vs. 0.9068203958010451
--------
nle(id0,id1,dist): 73 113 2.8900898820518917
list:
dist: 2.8900898820518917 vs. 2.8900898820518917
--------
nle(id0,id1,dist): 74 75 1.112880614492999
list:
dist: 1.112880614492999 vs. 1.112880614492999
--------
nle(id0,id1,dist): 74 78 1.2953983113934007
list:
dist: 1.2953983113934007 vs. 1.2953983113934007
--------
nle(id0,id1,dist): 74 77 1.1974625023740346
list:
dist: 1.1974625023740346 vs. 1.1974625023740346
--------
nle(id0,id1,dist): 72 145 3.0190920534724666
list:
dist: 3.0190920534724666 vs. 3.0190920534724666
--------
nle(id0,id1,dist): 72 148 3.5399648222449462
list:
dist: 3.5399648222449462 vs. 3.5399648222449462
--------
nle(id0,id1,dist): 73 111 2.7247518925421543
list:
dist: 2.7247518925421543 vs. 2.7247518925421543
--------
nle(id0,id1,dist): 72 147 3.3244223114011864
list:
dist: 3.3244223114011864 vs. 3.3244223114011864
--------
nle(id0,id1,dist): 74 83 1.0600770272638673
list:
dist: 1.0600770272638673 vs. 1.0600770272638673
--------
nle(id0,id1,dist): 73 120 3.7301579610744864
list:
dist: 3.7301579610744864 vs. 3.7301579610744864
--------
nle(id0,id1,dist): 73 121 4.009602991695506
list:
dist: 4.009602991695506 vs. 4.009602991695506
--------
nle(id0,id1,dist): 74 84 2.8056459805883187
list:
dist: 2.8056459805883187 vs. 2.8056459805883187
--------
nle(id0,id1,dist): 74 85 2.0460862812278777
list:
dist: 2.0460862812278777 vs. 2.0460862812278777
--------
nle(id0,id1,dist): 73 122 3.1783007461962
list:
dist: 3.1783007461962 vs. 3.1783007461962
--------
nle(id0,id1,dist): 73 123 3.3839316053884994
list:
dist: 3.3839316053884994 vs. 3.3839316053884994
--------
nle(id0,id1,dist): 74 86 2.136284900086225
list:
dist: 2.136284900086225 vs. 2.136284900086225
--------
nle(id0,id1,dist): 74 79 1.2440407983258328
list:
dist: 1.2440407983258328 vs. 1.2440407983258328
--------
nle(id0,id1,dist): 74 80 1.0454355974340708
list:
dist: 1.0454355974340708 vs. 1.0454355974340708
--------
nle(id0,id1,dist): 74 81 1.5925622699858297
list:
dist: 1.5925622699858297 vs. 1.5925622699858297
--------
nle(id0,id1,dist): 74 82 3.009535631543015
list:
dist: 3.009535631543015 vs. 3.009535631543015
--------
nle(id0,id1,dist): 73 128 2.481079683398893
list:
dist: 2.481079683398893 vs. 2.481079683398893
--------
nle(id0,id1,dist): 73 129 2.800726574106431
list:
dist: 2.800726574106431 vs. 2.800726574106431
--------
nle(id0,id1,dist): 73 130 3.2200572657147397
list:
dist: 3.2200572657147397 vs. 3.2200572657147397
--------
nle(id0,id1,dist): 73 124 3.2884655270473777
list:
dist: 3.2884655270473777 vs. 3.2884655270473777
--------
nle(id0,id1,dist): 74 87 2.0839339183633303
list:
dist: 2.0839339183633303 vs. 2.0839339183633303
--------
nle(id0,id1,dist): 74 88 1.9719526106101672
list:
dist: 1.9719526106101672 vs. 1.9719526106101672
--------
nle(id0,id1,dist): 73 125 3.4653478822987847
list:
dist: 3.4653478822987847 vs. 3.4653478822987847
--------
nle(id0,id1,dist): 73 126 2.4534906509539782
list:
dist: 2.4534906509539782 vs. 2.4534906509539782
--------
nle(id0,id1,dist): 74 89 2.3407342005940612
list:
dist: 2.3407342005940612 vs. 2.3407342005940612
--------
nle(id0,id1,dist): 73 127 2.954506432872035
list:
dist: 2.954506432872035 vs. 2.954506432872035
--------
nle(id0,id1,dist): 73 75 1.378279826963954
list:
dist: 1.378279826963954 vs. 1.378279826963954
--------
nle(id0,id1,dist): 72 111 3.800374331528591
list:
dist: 3.800374331528591 vs. 3.800374331528591
--------
nle(id0,id1,dist): 73 74 0.7086776419943736
list:
dist: 0.7086776419943736 vs. 0.7086776419943736
--------
nle(id0,id1,dist): 71 148 3.664318129394317
list:
dist: 3.664318129394317 vs. 3.664318129394317
--------
nle(id0,id1,dist): 71 147 3.6022200267830833
list:
dist: 3.6022200267830833 vs. 3.6022200267830833
--------
nle(id0,id1,dist): 71 145 3.150882064580792
list:
dist: 3.150882064580792 vs. 3.150882064580792
--------
nle(id0,id1,dist): 72 105 5.04478135354252
list:
dist: 5.04478135354252 vs. 5.04478135354252
--------
nle(id0,id1,dist): 71 142 3.324842520257093
list:
dist: 3.324842520257093 vs. 3.324842520257093
--------
nle(id0,id1,dist): 72 120 2.4016643818302192
list:
dist: 2.4016643818302192 vs. 2.4016643818302192
--------
nle(id0,id1,dist): 73 83 1.1210596351269706
list:
dist: 1.1210596351269706 vs. 1.1210596351269706
--------
nle(id0,id1,dist): 73 82 3.098276207755886
list:
dist: 3.098276207755886 vs. 3.098276207755886
--------
nle(id0,id1,dist): 73 81 1.5966237646135883
list:
dist: 1.5966237646135883 vs. 1.5966237646135883
--------
nle(id0,id1,dist): 73 80 1.6005014419234775
list:
dist: 1.6005014419234775 vs. 1.6005014419234775
--------
nle(id0,id1,dist): 73 79 0.8939121333377675
list:
dist: 0.8939121333377675 vs. 0.8939121333377675
--------
nle(id0,id1,dist): 73 78 0.7344008695573828
list:
dist: 0.7344008695573828 vs. 0.7344008695573828
--------
nle(id0,id1,dist): 73 77 0.8553790132555631
list:
dist: 0.8553790132555631 vs. 0.8553790132555631
--------
nle(id0,id1,dist): 72 113 3.715214521502413
list:
dist: 3.715214521502413 vs. 3.715214521502413
--------
nle(id0,id1,dist): 73 76 1.1118913354571656
list:
dist: 1.1118913354571656 vs. 1.1118913354571656
--------
nle(id0,id1,dist): 72 127 2.0091694455374425
list:
dist: 2.0091694455374425 vs. 2.0091694455374425
--------
nle(id0,id1,dist): 72 128 1.5445663081791212
list:
dist: 1.5445663081791212 vs. 1.5445663081791212
--------
nle(id0,id1,dist): 72 125 2.125540158101881
list:
dist: 2.125540158101881 vs. 2.125540158101881
--------
nle(id0,id1,dist): 73 88 2.0321663581498264
list:
dist: 2.0321663581498264 vs. 2.0321663581498264
--------
nle(id0,id1,dist): 72 126 1.4395821823655321
list:
dist: 1.4395821823655321 vs. 1.4395821823655321
--------
nle(id0,id1,dist): 73 89 2.2150594528150034
list:
dist: 2.2150594528150034 vs. 2.2150594528150034
--------
nle(id0,id1,dist): 72 123 2.533460565267744
list:
dist: 2.533460565267744 vs. 2.533460565267744
--------
nle(id0,id1,dist): 73 86 2.178821134247672
list:
dist: 2.178821134247672 vs. 2.178821134247672
--------
nle(id0,id1,dist): 72 124 2.2062876078310594
list:
dist: 2.2062876078310594 vs. 2.2062876078310594
--------
nle(id0,id1,dist): 73 87 2.05313872303832
list:
dist: 2.05313872303832 vs. 2.05313872303832
--------
nle(id0,id1,dist): 72 121 2.7328038628586193
list:
dist: 2.7328038628586193 vs. 2.7328038628586193
--------
nle(id0,id1,dist): 73 84 2.931232557882743
list:
dist: 2.931232557882743 vs. 2.931232557882743
--------
nle(id0,id1,dist): 73 85 1.768362738904871
list:
dist: 1.768362738904871 vs. 1.768362738904871
--------
nle(id0,id1,dist): 72 122 2.0084427897640866
list:
dist: 2.0084427897640866 vs. 2.0084427897640866
--------
nle(id0,id1,dist): 72 135 3.1295673714316226
list:
dist: 3.1295673714316226 vs. 3.1295673714316226
--------
nle(id0,id1,dist): 72 136 3.078755371938112
list:
dist: 3.078755371938112 vs. 3.078755371938112
--------
nle(id0,id1,dist): 72 133 2.658888234079688
list:
dist: 2.658888234079688 vs. 2.658888234079688
--------
nle(id0,id1,dist): 72 134 2.927879674107594
list:
dist: 2.927879674107594 vs. 2.927879674107594
--------
nle(id0,id1,dist): 72 129 2.010203925742423
list:
dist: 2.010203925742423 vs. 2.010203925742423
--------
nle(id0,id1,dist): 72 130 2.060809137935948
list:
dist: 2.060809137935948 vs. 2.060809137935948
--------
nle(id0,id1,dist): 72 74 1.2557188255586407
list:
dist: 1.2557188255586407 vs. 1.2557188255586407
--------
nle(id0,id1,dist): 71 111 3.601853954875754
list:
dist: 3.601853954875754 vs. 3.601853954875754
--------
nle(id0,id1,dist): 70 147 3.9878139368052707
list:
dist: 3.9878139368052707 vs. 3.9878139368052707
--------
nle(id0,id1,dist): 72 73 1.5176967348776569
list:
dist: 1.5176967348776569 vs. 1.5176967348776569
--------
nle(id0,id1,dist): 72 76 1.0999794078787957
list:
dist: 1.0999794078787957 vs. 1.0999794078787957
--------
nle(id0,id1,dist): 71 113 3.5992231235859364
list:
dist: 3.5992231235859364 vs. 3.5992231235859364
--------
nle(id0,id1,dist): 72 75 1.1626437060015051
list:
dist: 1.1626437060015051 vs. 1.1626437060015051
--------
nle(id0,id1,dist): 72 78 1.8763623620464862
list:
dist: 1.8763623620464862 vs. 1.8763623620464862
--------
nle(id0,id1,dist): 72 77 1.1625053412778297
list:
dist: 1.1625053412778297 vs. 1.1625053412778297
--------
nle(id0,id1,dist): 72 80 1.318920534690177
list:
dist: 1.318920534690177 vs. 1.318920534690177
--------
nle(id0,id1,dist): 72 79 2.287754785585958
list:
dist: 2.287754785585958 vs. 2.287754785585958
--------
nle(id0,id1,dist): 72 82 1.8625644944292672
list:
dist: 1.8625644944292672 vs. 1.8625644944292672
--------
nle(id0,id1,dist): 72 81 0.6607962891304876
list:
dist: 0.6607962891304876 vs. 0.6607962891304876
--------
nle(id0,id1,dist): 71 121 2.679919380859448
list:
dist: 2.679919380859448 vs. 2.679919380859448
--------
nle(id0,id1,dist): 72 84 1.9976780688997602
list:
dist: 1.9976780688997602 vs. 1.9976780688997602
--------
nle(id0,id1,dist): 72 83 0.4750858010194123
list:
dist: 0.4750858010194123 vs. 0.4750858010194123
--------
nle(id0,id1,dist): 71 120 2.384305972811241
list:
dist: 2.384305972811241 vs. 2.384305972811241
--------
nle(id0,id1,dist): 71 123 2.4153817350020947
list:
dist: 2.4153817350020947 vs. 2.4153817350020947
--------
nle(id0,id1,dist): 72 86 1.895422816568693
list:
dist: 1.895422816568693 vs. 1.895422816568693
--------
nle(id0,id1,dist): 72 85 1.4852929123717615
list:
dist: 1.4852929123717615 vs. 1.4852929123717615
--------
nle(id0,id1,dist): 71 122 1.6960720243231118
list:
dist: 1.6960720243231118 vs. 1.6960720243231118
--------
nle(id0,id1,dist): 72 88 1.3658189862390693
list:
dist: 1.3658189862390693 vs. 1.3658189862390693
--------
nle(id0,id1,dist): 71 125 2.290844305963544
list:
dist: 2.290844305963544 vs. 2.290844305963544
--------
nle(id0,id1,dist): 72 87 2.4416564083523546
list:
dist: 2.4416564083523546 vs. 2.4416564083523546
--------
nle(id0,id1,dist): 71 124 1.9764232075019577
list:
dist: 1.9764232075019577 vs. 1.9764232075019577
--------
nle(id0,id1,dist): 72 89 2.3027180249702925
list:
dist: 2.3027180249702925 vs. 2.3027180249702925
--------
nle(id0,id1,dist): 71 126 1.617971871553116
list:
dist: 1.617971871553116 vs. 1.617971871553116
--------
nle(id0,id1,dist): 71 127 1.8604430873635867
list:
dist: 1.8604430873635867 vs. 1.8604430873635867
--------
nle(id0,id1,dist): 71 128 1.722858865633342
list:
dist: 1.722858865633342 vs. 1.722858865633342
--------
nle(id0,id1,dist): 71 129 2.324797344223185
list:
dist: 2.324797344223185 vs. 2.324797344223185
--------
nle(id0,id1,dist): 71 130 2.13735953405524
list:
dist: 2.13735953405524 vs. 2.13735953405524
--------
nle(id0,id1,dist): 71 133 2.866574954872443
list:
dist: 2.866574954872443 vs. 2.866574954872443
--------
nle(id0,id1,dist): 71 134 3.0931772893111913
list:
dist: 3.0931772893111913 vs. 3.0931772893111913
--------
nle(id0,id1,dist): 71 135 3.0300744140286646
list:
dist: 3.0300744140286646 vs. 3.0300744140286646
--------
nle(id0,id1,dist): 71 136 3.3204690076196606
list:
dist: 3.3204690076196606 vs. 3.3204690076196606
--------
nle(id0,id1,dist): 71 137 2.74937946141251
list:
dist: 2.74937946141251 vs. 2.74937946141251
--------
nle(id0,id1,dist): 71 138 2.2853944982411156
list:
dist: 2.2853944982411156 vs. 2.2853944982411156
--------
nle(id0,id1,dist): 71 139 3.286291796125698
list:
dist: 3.286291796125698 vs. 3.286291796125698
--------
nle(id0,id1,dist): 71 140 3.460563843840247
list:
dist: 3.460563843840247 vs. 3.460563843840247
--------
nle(id0,id1,dist): 71 141 3.520570339961763
list:
dist: 3.520570339961763 vs. 3.520570339961763
--------
nle(id0,id1,dist): 71 81 0.9139546011743801
list:
dist: 0.9139546011743801 vs. 0.9139546011743801
--------
nle(id0,id1,dist): 71 80 1.8528595027379127
list:
dist: 1.8528595027379127 vs. 1.8528595027379127
--------
nle(id0,id1,dist): 71 79 2.405851414109279
list:
dist: 2.405851414109279 vs. 2.405851414109279
--------
nle(id0,id1,dist): 71 78 1.9724602544699987
list:
dist: 1.9724602544699987 vs. 1.9724602544699987
--------
nle(id0,id1,dist): 71 85 1.5913373998851683
list:
dist: 1.5913373998851683 vs. 1.5913373998851683
--------
nle(id0,id1,dist): 70 122 1.375011465898952
list:
dist: 1.375011465898952 vs. 1.375011465898952
--------
nle(id0,id1,dist): 70 121 2.4986462077833504
list:
dist: 2.4986462077833504 vs. 2.4986462077833504
--------
nle(id0,id1,dist): 71 84 2.486761828782394
list:
dist: 2.486761828782394 vs. 2.486761828782394
--------
nle(id0,id1,dist): 71 83 0.5856882568360119
list:
dist: 0.5856882568360119 vs. 0.5856882568360119
--------
nle(id0,id1,dist): 70 120 2.1922268342564095
list:
dist: 2.1922268342564095 vs. 2.1922268342564095
--------
nle(id0,id1,dist): 71 82 2.127249799765188
list:
dist: 2.127249799765188 vs. 2.127249799765188
--------
nle(id0,id1,dist): 70 126 1.853773704696411
list:
dist: 1.853773704696411 vs. 1.853773704696411
--------
nle(id0,id1,dist): 71 89 2.7265251059065156
list:
dist: 2.7265251059065156 vs. 2.7265251059065156
--------
nle(id0,id1,dist): 71 88 1.8539724365897736
list:
dist: 1.8539724365897736 vs. 1.8539724365897736
--------
nle(id0,id1,dist): 70 125 2.2152490380440435
list:
dist: 2.2152490380440435 vs. 2.2152490380440435
--------
nle(id0,id1,dist): 70 124 1.8687485565905697
list:
dist: 1.8687485565905697 vs. 1.8687485565905697
--------
nle(id0,id1,dist): 71 87 2.8945402407909278
list:
dist: 2.8945402407909278 vs. 2.8945402407909278
--------
nle(id0,id1,dist): 70 123 2.526100335111036
list:
dist: 2.526100335111036 vs. 2.526100335111036
--------
nle(id0,id1,dist): 71 86 2.406705529143189
list:
dist: 2.406705529143189 vs. 2.406705529143189
--------
nle(id0,id1,dist): 70 130 2.1774779158057633
list:
dist: 2.1774779158057633 vs. 2.1774779158057633
--------
nle(id0,id1,dist): 70 129 2.6193601782024905
list:
dist: 2.6193601782024905 vs. 2.6193601782024905
--------
nle(id0,id1,dist): 70 128 1.9845569076891225
list:
dist: 1.9845569076891225 vs. 1.9845569076891225
--------
nle(id0,id1,dist): 70 127 1.9454348652744904
list:
dist: 1.9454348652744904 vs. 1.9454348652744904
--------
nle(id0,id1,dist): 70 133 3.058989252114447
list:
dist: 3.058989252114447 vs. 3.058989252114447
--------
nle(id0,id1,dist): 70 134 3.288878844511733
list:
dist: 3.288878844511733 vs. 3.288878844511733
--------
nle(id0,id1,dist): 70 138 2.6808724610968717
list:
dist: 2.6808724610968717 vs. 2.6808724610968717
--------
nle(id0,id1,dist): 70 135 3.251517607295465
list:
dist: 3.251517607295465 vs. 3.251517607295465
--------
nle(id0,id1,dist): 70 136 3.5955065199053218
list:
dist: 3.5955065199053218 vs. 3.5955065199053218
--------
nle(id0,id1,dist): 71 105 4.511212882695363
list:
dist: 4.511212882695363 vs. 4.511212882695363
--------
nle(id0,id1,dist): 70 139 3.645232234205826
list:
dist: 3.645232234205826 vs. 3.645232234205826
--------
nle(id0,id1,dist): 70 140 3.6233226472708107
list:
dist: 3.6233226472708107 vs. 3.6233226472708107
--------
nle(id0,id1,dist): 70 145 3.526262954793657
list:
dist: 3.526262954793657 vs. 3.526262954793657
--------
nle(id0,id1,dist): 76 129 2.090348932237118
list:
dist: 2.090348932237118 vs. 2.090348932237118
--------
nle(id0,id1,dist): 76 130 2.710002911917451
list:
dist: 2.710002911917451 vs. 2.710002911917451
--------
nle(id0,id1,dist): 77 88 1.3643290922301288
list:
dist: 1.3643290922301288 vs. 1.3643290922301288
--------
nle(id0,id1,dist): 76 125 2.8321655581732763
list:
dist: 2.8321655581732763 vs. 2.8321655581732763
--------
nle(id0,id1,dist): 76 126 1.9166169157197255
list:
dist: 1.9166169157197255 vs. 1.9166169157197255
--------
nle(id0,id1,dist): 77 89 1.7318466235275236
list:
dist: 1.7318466235275236 vs. 1.7318466235275236
--------
nle(id0,id1,dist): 76 127 2.7232534476171573
list:
dist: 2.7232534476171573 vs. 2.7232534476171573
--------
nle(id0,id1,dist): 76 128 1.9476022535447834
list:
dist: 1.9476022535447834 vs. 1.9476022535447834
--------
nle(id0,id1,dist): 76 121 3.584458646009969
list:
dist: 3.584458646009969 vs. 3.584458646009969
--------
nle(id0,id1,dist): 77 84 2.2400612325762608
list:
dist: 2.2400612325762608 vs. 2.2400612325762608
--------
nle(id0,id1,dist): 77 85 0.9161210908075983
list:
dist: 0.9161210908075983 vs. 0.9161210908075983
--------
nle(id0,id1,dist): 76 122 3.0496755112683887
list:
dist: 3.0496755112683887 vs. 3.0496755112683887
--------
nle(id0,id1,dist): 76 123 3.1361071172753117
list:
dist: 3.1361071172753117 vs. 3.1361071172753117
--------
nle(id0,id1,dist): 77 86 1.6579438355505296
list:
dist: 1.6579438355505296 vs. 1.6579438355505296
--------
nle(id0,id1,dist): 76 124 3.0944429468257755
list:
dist: 3.0944429468257755 vs. 3.0944429468257755
--------
nle(id0,id1,dist): 77 87 1.8957356651495487
list:
dist: 1.8957356651495487 vs. 1.8957356651495487
--------
nle(id0,id1,dist): 77 80 1.657081184981079
list:
dist: 1.657081184981079 vs. 1.657081184981079
--------
nle(id0,id1,dist): 77 81 0.9002486598190028
list:
dist: 0.9002486598190028 vs. 0.9002486598190028
--------
nle(id0,id1,dist): 77 82 2.343017396588224
list:
dist: 2.343017396588224 vs. 2.343017396588224
--------
nle(id0,id1,dist): 76 120 3.2715156410957555
list:
dist: 3.2715156410957555 vs. 3.2715156410957555
--------
nle(id0,id1,dist): 77 83 0.7469406207757455
list:
dist: 0.7469406207757455 vs. 0.7469406207757455
--------
nle(id0,id1,dist): 76 145 2.965830599507302
list:
dist: 2.965830599507302 vs. 2.965830599507302
--------
nle(id0,id1,dist): 76 148 3.3392392287737187
list:
dist: 3.3392392287737187 vs. 3.3392392287737187
--------
nle(id0,id1,dist): 77 111 2.690912515732633
list:
dist: 2.690912515732633 vs. 2.690912515732633
--------
nle(id0,id1,dist): 76 147 3.059753696933769
list:
dist: 3.059753696933769 vs. 3.059753696933769
--------
nle(id0,id1,dist): 77 105 4.40727864382942
list:
dist: 4.40727864382942 vs. 4.40727864382942
--------
nle(id0,id1,dist): 76 142 2.9783481401342202
list:
dist: 2.9783481401342202 vs. 2.9783481401342202
--------
nle(id0,id1,dist): 76 141 3.690285025328425
list:
dist: 3.690285025328425 vs. 3.690285025328425
--------
nle(id0,id1,dist): 76 138 2.2389683235354183
list:
dist: 2.2389683235354183 vs. 2.2389683235354183
--------
nle(id0,id1,dist): 76 137 3.0760802815161266
list:
dist: 3.0760802815161266 vs. 3.0760802815161266
--------
nle(id0,id1,dist): 76 140 3.5878612886564643
list:
dist: 3.5878612886564643 vs. 3.5878612886564643
--------
nle(id0,id1,dist): 76 139 3.0141675653781643
list:
dist: 3.0141675653781643 vs. 3.0141675653781643
--------
nle(id0,id1,dist): 76 134 3.188316901301959
list:
dist: 3.188316901301959 vs. 3.188316901301959
--------
nle(id0,id1,dist): 76 133 2.9211358941537733
list:
dist: 2.9211358941537733 vs. 2.9211358941537733
--------
nle(id0,id1,dist): 76 136 3.1142510726102293
list:
dist: 3.1142510726102293 vs. 3.1142510726102293
--------
nle(id0,id1,dist): 76 135 3.509385858487172
list:
dist: 3.509385858487172 vs. 3.509385858487172
--------
nle(id0,id1,dist): 75 136 4.138242406493647
list:
dist: 4.138242406493647 vs. 4.138242406493647
--------
nle(id0,id1,dist): 75 137 3.5278606344414642
list:
dist: 3.5278606344414642 vs. 3.5278606344414642
--------
nle(id0,id1,dist): 75 134 3.9588789187213065
list:
dist: 3.9588789187213065 vs. 3.9588789187213065
--------
nle(id0,id1,dist): 75 135 3.8821805308233683
list:
dist: 3.8821805308233683 vs. 3.8821805308233683
--------
nle(id0,id1,dist): 75 133 3.7214813564094285
list:
dist: 3.7214813564094285 vs. 3.7214813564094285
--------
nle(id0,id1,dist): 75 130 3.016760106794857
list:
dist: 3.016760106794857 vs. 3.016760106794857
--------
nle(id0,id1,dist): 75 128 2.5704952958934673
list:
dist: 2.5704952958934673 vs. 2.5704952958934673
--------
nle(id0,id1,dist): 75 129 3.1061811753824187
list:
dist: 3.1061811753824187 vs. 3.1061811753824187
--------
nle(id0,id1,dist): 75 126 2.4707247807313304
list:
dist: 2.4707247807313304 vs. 2.4707247807313304
--------
nle(id0,id1,dist): 76 89 1.5090277861454815
list:
dist: 1.5090277861454815 vs. 1.5090277861454815
--------
nle(id0,id1,dist): 75 127 2.741248596365929
list:
dist: 2.741248596365929 vs. 2.741248596365929
--------
nle(id0,id1,dist): 75 124 2.8015501403596597
list:
dist: 2.8015501403596597 vs. 2.8015501403596597
--------
nle(id0,id1,dist): 76 87 1.400994311323229
list:
dist: 1.400994311323229 vs. 1.400994311323229
--------
nle(id0,id1,dist): 75 125 3.111757976545538
list:
dist: 3.111757976545538 vs. 3.111757976545538
--------
nle(id0,id1,dist): 76 88 1.128163360036747
list:
dist: 1.128163360036747 vs. 1.128163360036747
--------
nle(id0,id1,dist): 76 85 1.5015389914442878
list:
dist: 1.5015389914442878 vs. 1.5015389914442878
--------
nle(id0,id1,dist): 75 122 2.379315390789153
list:
dist: 2.379315390789153 vs. 2.379315390789153
--------
nle(id0,id1,dist): 75 123 3.2957166394650352
list:
dist: 3.2957166394650352 vs. 3.2957166394650352
--------
nle(id0,id1,dist): 76 86 1.2323591776660519
list:
dist: 1.2323591776660519 vs. 1.2323591776660519
--------
nle(id0,id1,dist): 77 79 1.5156581791604216
list:
dist: 1.5156581791604216 vs. 1.5156581791604216
--------
nle(id0,id1,dist): 77 78 0.8321916090481682
list:
dist: 0.8321916090481682 vs. 0.8321916090481682
--------
nle(id0,id1,dist): 76 113 3.3393050429125704
list:
dist: 3.3393050429125704 vs. 3.3393050429125704
--------
nle(id0,id1,dist): 75 148 4.390571224544886
list:
dist: 4.390571224544886 vs. 4.390571224544886
--------
nle(id0,id1,dist): 76 111 3.438821856746723
list:
dist: 3.438821856746723 vs. 3.438821856746723
--------
nle(id0,id1,dist): 75 147 4.327601568568594
list:
dist: 4.327601568568594 vs. 4.327601568568594
--------
nle(id0,id1,dist): 75 145 3.93130697776366
list:
dist: 3.93130697776366 vs. 3.93130697776366
--------
nle(id0,id1,dist): 76 105 5.250391988223747
list:
dist: 5.250391988223747 vs. 5.250391988223747
--------
nle(id0,id1,dist): 75 142 4.0655116046924435
list:
dist: 4.0655116046924435 vs. 4.0655116046924435
--------
nle(id0,id1,dist): 75 141 4.298411154563691
list:
dist: 4.298411154563691 vs. 4.298411154563691
--------
nle(id0,id1,dist): 75 140 4.334235930733334
list:
dist: 4.334235930733334 vs. 4.334235930733334
--------
nle(id0,id1,dist): 75 139 4.068655063617526
list:
dist: 4.068655063617526 vs. 4.068655063617526
--------
nle(id0,id1,dist): 75 138 3.0667791090495933
list:
dist: 3.0667791090495933 vs. 3.0667791090495933
--------
nle(id0,id1,dist): 74 135 4.0044878281305705
list:
dist: 4.0044878281305705 vs. 4.0044878281305705
--------
nle(id0,id1,dist): 74 136 3.8981533258862626
list:
dist: 3.8981533258862626 vs. 3.8981533258862626
--------
nle(id0,id1,dist): 74 137 3.532429168498665
list:
dist: 3.532429168498665 vs. 3.532429168498665
--------
nle(id0,id1,dist): 74 138 2.8704156810515227
list:
dist: 2.8704156810515227 vs. 2.8704156810515227
--------
nle(id0,id1,dist): 74 139 3.765264670167425
list:
dist: 3.765264670167425 vs. 3.765264670167425
--------
nle(id0,id1,dist): 74 140 4.295095286567531
list:
dist: 4.295095286567531 vs. 4.295095286567531
--------
nle(id0,id1,dist): 74 141 4.2201775453725965
list:
dist: 4.2201775453725965 vs. 4.2201775453725965
--------
nle(id0,id1,dist): 75 105 4.46377905536134
list:
dist: 4.46377905536134 vs. 4.46377905536134
--------
nle(id0,id1,dist): 74 142 3.705130674244744
list:
dist: 3.705130674244744 vs. 3.705130674244744
--------
nle(id0,id1,dist): 74 127 3.084723804727467
list:
dist: 3.084723804727467 vs. 3.084723804727467
--------
nle(id0,id1,dist): 74 128 2.5488650679766383
list:
dist: 2.5488650679766383 vs. 2.5488650679766383
--------
nle(id0,id1,dist): 74 129 2.861612388952794
list:
dist: 2.861612388952794 vs. 2.861612388952794
--------
nle(id0,id1,dist): 74 130 3.228922730994501
list:
dist: 3.228922730994501 vs. 3.228922730994501
--------
nle(id0,id1,dist): 74 133 3.638855741285612
list:
dist: 3.638855741285612 vs. 3.638855741285612
--------
nle(id0,id1,dist): 74 134 3.8936259157214486
list:
dist: 3.8936259157214486 vs. 3.8936259157214486
--------
nle(id0,id1,dist): 76 78 1.196560390569326
list:
dist: 1.196560390569326 vs. 1.196560390569326
--------
nle(id0,id1,dist): 76 77 0.9416342294150992
list:
dist: 0.9416342294150992 vs. 0.9416342294150992
--------
nle(id0,id1,dist): 76 80 0.7705455684622031
list:
dist: 0.7705455684622031 vs. 0.7705455684622031
--------
nle(id0,id1,dist): 76 79 1.4971847380748466
list:
dist: 1.4971847380748466 vs. 1.4971847380748466
--------
nle(id0,id1,dist): 76 82 2.392570941023503
list:
dist: 2.392570941023503 vs. 2.392570941023503
--------
nle(id0,id1,dist): 76 81 1.1570185842140341
list:
dist: 1.1570185842140341 vs. 1.1570185842140341
--------
nle(id0,id1,dist): 75 121 3.5011304181452756
list:
dist: 3.5011304181452756 vs. 3.5011304181452756
--------
nle(id0,id1,dist): 76 84 1.9755046080423848
list:
dist: 1.9755046080423848 vs. 1.9755046080423848
--------
nle(id0,id1,dist): 75 120 3.1942375267153182
list:
dist: 3.1942375267153182 vs. 3.1942375267153182
--------
nle(id0,id1,dist): 76 83 0.995080627280194
list:
dist: 0.995080627280194 vs. 0.995080627280194
--------
nle(id0,id1,dist): 74 145 3.665293491466767
list:
dist: 3.665293491466767 vs. 3.665293491466767
--------
nle(id0,id1,dist): 75 111 3.770481173130745
list:
dist: 3.770481173130745 vs. 3.770481173130745
--------
nle(id0,id1,dist): 74 148 4.030042978989172
list:
dist: 4.030042978989172 vs. 4.030042978989172
--------
nle(id0,id1,dist): 74 147 3.8775992894882054
list:
dist: 3.8775992894882054 vs. 3.8775992894882054
--------
nle(id0,id1,dist): 75 113 3.9511678105871
list:
dist: 3.9511678105871 vs. 3.9511678105871
--------
nle(id0,id1,dist): 74 105 4.829133587474451
list:
dist: 4.829133587474451 vs. 4.829133587474451
--------
nle(id0,id1,dist): 73 142 3.3837531011341015
list:
dist: 3.3837531011341015 vs. 3.3837531011341015
--------
nle(id0,id1,dist): 73 140 4.170301569030399
list:
dist: 4.170301569030399 vs. 4.170301569030399
--------
nle(id0,id1,dist): 73 141 3.7950429206139202
list:
dist: 3.7950429206139202 vs. 3.7950429206139202
--------
nle(id0,id1,dist): 73 147 3.6487256044556946
list:
dist: 3.6487256044556946 vs. 3.6487256044556946
--------
nle(id0,id1,dist): 73 145 3.3579252399200765
list:
dist: 3.3579252399200765 vs. 3.3579252399200765
--------
nle(id0,id1,dist): 73 134 3.7646029738076763
list:
dist: 3.7646029738076763 vs. 3.7646029738076763
--------
nle(id0,id1,dist): 73 135 3.697796783790323
list:
dist: 3.697796783790323 vs. 3.697796783790323
--------
nle(id0,id1,dist): 73 133 3.5520578240665275
list:
dist: 3.5520578240665275 vs. 3.5520578240665275
--------
nle(id0,id1,dist): 73 138 2.5881328970835034
list:
dist: 2.5881328970835034 vs. 2.5881328970835034
--------
nle(id0,id1,dist): 73 139 3.5056401660256435
list:
dist: 3.5056401660256435 vs. 3.5056401660256435
--------
nle(id0,id1,dist): 73 136 3.746585807155735
list:
dist: 3.746585807155735 vs. 3.746585807155735
--------
nle(id0,id1,dist): 73 137 3.1265897074828253
list:
dist: 3.1265897074828253 vs. 3.1265897074828253
--------
nle(id0,id1,dist): 75 85 2.2877613571764432
list:
dist: 2.2877613571764432 vs. 2.2877613571764432
--------
nle(id0,id1,dist): 74 122 3.122414682941395
list:
dist: 3.122414682941395 vs. 3.122414682941395
--------
nle(id0,id1,dist): 74 121 3.9662195282068553
list:
dist: 3.9662195282068553 vs. 3.9662195282068553
--------
nle(id0,id1,dist): 75 84 3.1529163275064915
list:
dist: 3.1529163275064915 vs. 3.1529163275064915
--------
nle(id0,id1,dist): 75 83 1.0741241043750567
list:
dist: 1.0741241043750567 vs. 1.0741241043750567
--------
nle(id0,id1,dist): 74 120 3.6466224911589555
list:
dist: 3.6466224911589555 vs. 3.6466224911589555
--------
nle(id0,id1,dist): 75 82 2.949218294312998
list:
dist: 2.949218294312998 vs. 2.949218294312998
--------
nle(id0,id1,dist): 75 89 3.143639180233473
list:
dist: 3.143639180233473 vs. 3.143639180233473
--------
nle(id0,id1,dist): 74 126 2.4905145060533598
list:
dist: 2.4905145060533598 vs. 2.4905145060533598
--------
nle(id0,id1,dist): 75 88 2.4401332790915475
list:
dist: 2.4401332790915475 vs. 2.4401332790915475
--------
nle(id0,id1,dist): 74 125 3.349607150811123
list:
dist: 3.349607150811123 vs. 3.349607150811123
--------
nle(id0,id1,dist): 75 87 3.080952629144773
list:
dist: 3.080952629144773 vs. 3.080952629144773
--------
nle(id0,id1,dist): 74 124 3.343959574005012
list:
dist: 3.343959574005012 vs. 3.343959574005012
--------
nle(id0,id1,dist): 75 86 2.8539497037582615
list:
dist: 2.8539497037582615 vs. 2.8539497037582615
--------
nle(id0,id1,dist): 74 123 3.569297330744273
list:
dist: 3.569297330744273 vs. 3.569297330744273
--------
nle(id0,id1,dist): 75 77 1.6160549874855992
list:
dist: 1.6160549874855992 vs. 1.6160549874855992
--------
nle(id0,id1,dist): 75 76 1.7219484365002533
list:
dist: 1.7219484365002533 vs. 1.7219484365002533
--------
nle(id0,id1,dist): 74 113 3.5589504012603967
list:
dist: 3.5589504012603967 vs. 3.5589504012603967
--------
nle(id0,id1,dist): 74 111 3.431456128852993
list:
dist: 3.431456128852993 vs. 3.431456128852993
--------
nle(id0,id1,dist): 73 148 3.6511349510231295
list:
dist: 3.6511349510231295 vs. 3.6511349510231295
--------
nle(id0,id1,dist): 75 81 1.653277674991015
list:
dist: 1.653277674991015 vs. 1.653277674991015
--------
nle(id0,id1,dist): 75 80 1.8026312755294585
list:
dist: 1.8026312755294585 vs. 1.8026312755294585
--------
nle(id0,id1,dist): 75 79 2.1756481820730245
list:
dist: 2.1756481820730245 vs. 2.1756481820730245
--------
nle(id0,id1,dist): 75 78 2.056249776412031
list:
dist: 2.056249776412031 vs. 2.056249776412031
--------
nle(id0,id1,dist): 118 148 2.7374514665509335
list:
dist: 2.7374514665509335 vs. 2.7374514665509335
--------
nle(id0,id1,dist): 118 142 2.9305956917678144
list:
dist: 2.9305956917678144 vs. 2.9305956917678144
--------
nle(id0,id1,dist): 118 141 2.7631118812877906
list:
dist: 2.7631118812877906 vs. 2.7631118812877906
--------
nle(id0,id1,dist): 118 137 2.705923695514876
list:
dist: 2.705923695514876 vs. 2.705923695514876
--------
nle(id0,id1,dist): 119 148 3.3594924623543725
list:
dist: 3.3594924623543725 vs. 3.3594924623543725
--------
nle(id0,id1,dist): 119 149 3.67390846963481
list:
dist: 3.67390846963481 vs. 3.67390846963481
--------
nle(id0,id1,dist): 119 146 3.5689744356357442
list:
dist: 3.5689744356357442 vs. 3.5689744356357442
--------
nle(id0,id1,dist): 119 142 3.5866918367724603
list:
dist: 3.5866918367724603 vs. 3.5866918367724603
--------
nle(id0,id1,dist): 119 141 3.6639674571021614
list:
dist: 3.6639674571021614 vs. 3.6639674571021614
--------
nle(id0,id1,dist): 119 137 3.717773644350353
list:
dist: 3.717773644350353 vs. 3.717773644350353
--------
nle(id0,id1,dist): 120 145 2.8803964952983283
list:
dist: 2.8803964952983283 vs. 2.8803964952983283
--------
nle(id0,id1,dist): 120 147 3.3514797068335147
list:
dist: 3.3514797068335147 vs. 3.3514797068335147
--------
nle(id0,id1,dist): 120 138 2.4114745117949963
list:
dist: 2.4114745117949963 vs. 2.4114745117949963
--------
nle(id0,id1,dist): 120 139 2.906106411468308
list:
dist: 2.906106411468308 vs. 2.906106411468308
--------
nle(id0,id1,dist): 120 140 2.125321018178476
list:
dist: 2.125321018178476 vs. 2.125321018178476
--------
nle(id0,id1,dist): 120 130 0.8953005519971131
list:
dist: 0.8953005519971131 vs. 0.8953005519971131
--------
nle(id0,id1,dist): 120 129 2.1193724979004136
list:
dist: 2.1193724979004136 vs. 2.1193724979004136
--------
nle(id0,id1,dist): 120 132 0.4326123386066481
list:
dist: 0.4326123386066481 vs. 0.4326123386066481
--------
nle(id0,id1,dist): 120 131 2.1525251970348585
list:
dist: 2.1525251970348585 vs. 2.1525251970348585
--------
nle(id0,id1,dist): 120 134 1.99674370080664
list:
dist: 1.99674370080664 vs. 1.99674370080664
--------
nle(id0,id1,dist): 120 133 1.8646011932996565
list:
dist: 1.8646011932996565 vs. 1.8646011932996565
--------
nle(id0,id1,dist): 120 136 2.5603166883421573
list:
dist: 2.5603166883421573 vs. 2.5603166883421573
--------
nle(id0,id1,dist): 120 135 2.2367440110454355
list:
dist: 2.2367440110454355 vs. 2.2367440110454355
--------
nle(id0,id1,dist): 120 122 1.2155034216609801
list:
dist: 1.2155034216609801 vs. 1.2155034216609801
--------
nle(id0,id1,dist): 120 121 0.3722542177672646
list:
dist: 0.3722542177672646 vs. 0.3722542177672646
--------
nle(id0,id1,dist): 120 124 0.9189525332079702
list:
dist: 0.9189525332079702 vs. 0.9189525332079702
--------
nle(id0,id1,dist): 120 123 1.4111039856041099
list:
dist: 1.4111039856041099 vs. 1.4111039856041099
--------
nle(id0,id1,dist): 120 126 1.589390144325159
list:
dist: 1.589390144325159 vs. 1.589390144325159
--------
nle(id0,id1,dist): 120 125 0.7266034143818818
list:
dist: 0.7266034143818818 vs. 0.7266034143818818
--------
nle(id0,id1,dist): 120 128 1.6750418631622597
list:
dist: 1.6750418631622597 vs. 1.6750418631622597
--------
nle(id0,id1,dist): 120 127 1.2113315430455092
list:
dist: 1.2113315430455092 vs. 1.2113315430455092
--------
nle(id0,id1,dist): 121 143 2.4474148268984743
list:
dist: 2.4474148268984743 vs. 2.4474148268984743
--------
nle(id0,id1,dist): 121 140 2.0532447624440193
list:
dist: 2.0532447624440193 vs. 2.0532447624440193
--------
nle(id0,id1,dist): 121 147 3.4163607117506642
list:
dist: 3.4163607117506642 vs. 3.4163607117506642
--------
nle(id0,id1,dist): 121 144 2.994917442706887
list:
dist: 2.994917442706887 vs. 2.994917442706887
--------
nle(id0,id1,dist): 121 145 2.90855440553703
list:
dist: 2.90855440553703 vs. 2.90855440553703
--------
nle(id0,id1,dist): 121 134 1.9848196711737953
list:
dist: 1.9848196711737953 vs. 1.9848196711737953
--------
nle(id0,id1,dist): 121 135 2.131296002300338
list:
dist: 2.131296002300338 vs. 2.131296002300338
--------
nle(id0,id1,dist): 121 132 0.14506139220405595
list:
dist: 0.14506139220405595 vs. 0.14506139220405595
--------
nle(id0,id1,dist): 121 133 1.9110092804662662
list:
dist: 1.9110092804662662 vs. 1.9110092804662662
--------
nle(id0,id1,dist): 121 138 2.521470592607568
list:
dist: 2.521470592607568 vs. 2.521470592607568
--------
nle(id0,id1,dist): 121 139 2.940118147067812
list:
dist: 2.940118147067812 vs. 2.940118147067812
--------
nle(id0,id1,dist): 121 136 2.5896243271478636
list:
dist: 2.5896243271478636 vs. 2.5896243271478636
--------
nle(id0,id1,dist): 121 127 1.2942019749137625
list:
dist: 1.2942019749137625 vs. 1.2942019749137625
--------
nle(id0,id1,dist): 121 126 1.8210655774173181
list:
dist: 1.8210655774173181 vs. 1.8210655774173181
--------
nle(id0,id1,dist): 121 125 0.9856163464522772
list:
dist: 0.9856163464522772 vs. 0.9856163464522772
--------
nle(id0,id1,dist): 121 124 0.9726745847232103
list:
dist: 0.9726745847232103 vs. 0.9726745847232103
--------
nle(id0,id1,dist): 121 131 1.9333919322743613
list:
dist: 1.9333919322743613 vs. 1.9333919322743613
--------
nle(id0,id1,dist): 121 130 1.0490357116589035
list:
dist: 1.0490357116589035 vs. 1.0490357116589035
--------
nle(id0,id1,dist): 121 129 2.2963551773334685
list:
dist: 2.2963551773334685 vs. 2.2963551773334685
--------
nle(id0,id1,dist): 121 128 1.8855457905560926
list:
dist: 1.8855457905560926 vs. 1.8855457905560926
--------
nle(id0,id1,dist): 121 123 1.3545147259902703
list:
dist: 1.3545147259902703 vs. 1.3545147259902703
--------
nle(id0,id1,dist): 121 122 1.3913993935106965
list:
dist: 1.3913993935106965 vs. 1.3913993935106965
--------
nle(id0,id1,dist): 122 132 1.5281332307331112
list:
dist: 1.5281332307331112 vs. 1.5281332307331112
--------
nle(id0,id1,dist): 122 131 2.851888246342484
list:
dist: 2.851888246342484 vs. 2.851888246342484
--------
nle(id0,id1,dist): 122 134 2.8071886080464634
list:
dist: 2.8071886080464634 vs. 2.8071886080464634
--------
nle(id0,id1,dist): 122 133 2.6658413647740065
list:
dist: 2.6658413647740065 vs. 2.6658413647740065
--------
nle(id0,id1,dist): 122 128 1.9597558233589951
list:
dist: 1.9597558233589951 vs. 1.9597558233589951
--------
nle(id0,id1,dist): 122 127 1.2911686295514966
list:
dist: 1.2911686295514966 vs. 1.2911686295514966
--------
nle(id0,id1,dist): 122 130 1.601133762438452
list:
dist: 1.601133762438452 vs. 1.601133762438452
--------
nle(id0,id1,dist): 122 129 2.636155816231814
list:
dist: 2.636155816231814 vs. 2.636155816231814
--------
nle(id0,id1,dist): 122 140 3.031461348726929
list:
dist: 3.031461348726929 vs. 3.031461348726929
--------
nle(id0,id1,dist): 122 139 3.46415906010441
list:
dist: 3.46415906010441 vs. 3.46415906010441
--------
nle(id0,id1,dist): 122 136 3.3115843956180586
list:
dist: 3.3115843956180586 vs. 3.3115843956180586
--------
nle(id0,id1,dist): 122 135 2.5988992501056756
list:
dist: 2.5988992501056756 vs. 2.5988992501056756
--------
nle(id0,id1,dist): 122 138 2.6534504973750423
list:
dist: 2.6534504973750423 vs. 2.6534504973750423
--------
nle(id0,id1,dist): 122 123 1.7592111381533746
list:
dist: 1.7592111381533746 vs. 1.7592111381533746
--------
nle(id0,id1,dist): 122 124 0.7902371996843215
list:
dist: 0.7902371996843215 vs. 0.7902371996843215
--------
nle(id0,id1,dist): 122 125 1.6670885890011409
list:
dist: 1.6670885890011409 vs. 1.6670885890011409
--------
nle(id0,id1,dist): 122 126 1.8431029799302627
list:
dist: 1.8431029799302627 vs. 1.8431029799302627
--------
nle(id0,id1,dist): 123 129 1.7178087463326295
list:
dist: 1.7178087463326295 vs. 1.7178087463326295
--------
nle(id0,id1,dist): 123 128 1.2979919669123925
list:
dist: 1.2979919669123925 vs. 1.2979919669123925
--------
nle(id0,id1,dist): 123 127 0.5809882542982653
list:
dist: 0.5809882542982653 vs. 0.5809882542982653
--------
nle(id0,id1,dist): 123 126 1.3265699139241576
list:
dist: 1.3265699139241576 vs. 1.3265699139241576
--------
nle(id0,id1,dist): 123 125 1.5036723725733467
list:
dist: 1.5036723725733467 vs. 1.5036723725733467
--------
nle(id0,id1,dist): 123 124 0.9905845826438818
list:
dist: 0.9905845826438818 vs. 0.9905845826438818
--------
nle(id0,id1,dist): 123 137 1.2920466919820575
list:
dist: 1.2920466919820575 vs. 1.2920466919820575
--------
nle(id0,id1,dist): 123 136 1.8861763935484472
list:
dist: 1.8861763935484472 vs. 1.8861763935484472
--------
nle(id0,id1,dist): 123 135 0.8739028317420948
list:
dist: 0.8739028317420948 vs. 0.8739028317420948
--------
nle(id0,id1,dist): 123 134 1.3543968963081716
list:
dist: 1.3543968963081716 vs. 1.3543968963081716
--------
nle(id0,id1,dist): 123 133 1.382848938601159
list:
dist: 1.382848938601159 vs. 1.382848938601159
--------
nle(id0,id1,dist): 123 132 1.3974653739722227
list:
dist: 1.3974653739722227 vs. 1.3974653739722227
--------
nle(id0,id1,dist): 123 131 1.2359090061691922
list:
dist: 1.2359090061691922 vs. 1.2359090061691922
--------
nle(id0,id1,dist): 123 130 0.9323895985475892
list:
dist: 0.9323895985475892 vs. 0.9323895985475892
--------
nle(id0,id1,dist): 122 147 3.942860795727013
list:
dist: 3.942860795727013 vs. 3.942860795727013
--------
nle(id0,id1,dist): 122 145 3.3403064910420865
list:
dist: 3.3403064910420865 vs. 3.3403064910420865
--------
nle(id0,id1,dist): 124 126 1.4877337713918675
list:
dist: 1.4877337713918675 vs. 1.4877337713918675
--------
nle(id0,id1,dist): 124 125 1.351725568369513
list:
dist: 1.351725568369513 vs. 1.351725568369513
--------
nle(id0,id1,dist): 124 128 1.56020436383316
list:
dist: 1.56020436383316 vs. 1.56020436383316
--------
nle(id0,id1,dist): 124 127 0.6434511975324403
list:
dist: 0.6434511975324403 vs. 0.6434511975324403
--------
nle(id0,id1,dist): 124 130 1.0623815639953609
list:
dist: 1.0623815639953609 vs. 1.0623815639953609
--------
nle(id0,id1,dist): 124 129 2.1857014108447514
list:
dist: 2.1857014108447514 vs. 2.1857014108447514
--------
nle(id0,id1,dist): 124 132 1.099884910375466
list:
dist: 1.099884910375466 vs. 1.099884910375466
--------
nle(id0,id1,dist): 124 131 2.067250779933994
list:
dist: 2.067250779933994 vs. 2.067250779933994
--------
nle(id0,id1,dist): 123 138 1.452713751907669
list:
dist: 1.452713751907669 vs. 1.452713751907669
--------
nle(id0,id1,dist): 123 139 1.9636759043736556
list:
dist: 1.9636759043736556 vs. 1.9636759043736556
--------
nle(id0,id1,dist): 123 140 1.5481524847165873
list:
dist: 1.5481524847165873 vs. 1.5481524847165873
--------
nle(id0,id1,dist): 123 141 1.8065897047634352
list:
dist: 1.8065897047634352 vs. 1.8065897047634352
--------
nle(id0,id1,dist): 123 142 2.162463715301445
list:
dist: 2.162463715301445 vs. 2.162463715301445
--------
nle(id0,id1,dist): 123 143 1.971572424085387
list:
dist: 1.971572424085387 vs. 1.971572424085387
--------
nle(id0,id1,dist): 123 144 2.212041022444077
list:
dist: 2.212041022444077 vs. 2.212041022444077
--------
nle(id0,id1,dist): 123 145 1.814926225251671
list:
dist: 1.814926225251671 vs. 1.814926225251671
--------
nle(id0,id1,dist): 123 146 3.049592131338662
list:
dist: 3.049592131338662 vs. 3.049592131338662
--------
nle(id0,id1,dist): 123 147 2.543844309499359
list:
dist: 2.543844309499359 vs. 2.543844309499359
--------
nle(id0,id1,dist): 123 148 2.4040990143381444
list:
dist: 2.4040990143381444 vs. 2.4040990143381444
--------
nle(id0,id1,dist): 123 149 3.1147229788651605
list:
dist: 3.1147229788651605 vs. 3.1147229788651605
--------
nle(id0,id1,dist): 125 127 1.3051554014402091
list:
dist: 1.3051554014402091 vs. 1.3051554014402091
--------
nle(id0,id1,dist): 125 126 1.1724464789495759
list:
dist: 1.1724464789495759 vs. 1.1724464789495759
--------
nle(id0,id1,dist): 124 135 1.8387181572237685
list:
dist: 1.8387181572237685 vs. 1.8387181572237685
--------
nle(id0,id1,dist): 124 136 2.6738714184525465
list:
dist: 2.6738714184525465 vs. 2.6738714184525465
--------
nle(id0,id1,dist): 124 133 2.046532001312947
list:
dist: 2.046532001312947 vs. 2.046532001312947
--------
nle(id0,id1,dist): 124 134 2.130129710140513
list:
dist: 2.130129710140513 vs. 2.130129710140513
--------
nle(id0,id1,dist): 124 139 2.8214542999397962
list:
dist: 2.8214542999397962 vs. 2.8214542999397962
--------
nle(id0,id1,dist): 124 140 2.3293100439377343
list:
dist: 2.3293100439377343 vs. 2.3293100439377343
--------
nle(id0,id1,dist): 124 137 2.1149329507070402
list:
dist: 2.1149329507070402 vs. 2.1149329507070402
--------
nle(id0,id1,dist): 124 138 2.116654215101051
list:
dist: 2.116654215101051 vs. 2.116654215101051
--------
nle(id0,id1,dist): 124 141 2.7451684420307156
list:
dist: 2.7451684420307156 vs. 2.7451684420307156
--------
nle(id0,id1,dist): 124 142 3.017624158637948
list:
dist: 3.017624158637948 vs. 3.017624158637948
--------
nle(id0,id1,dist): 124 147 3.3470153841616654
list:
dist: 3.3470153841616654 vs. 3.3470153841616654
--------
nle(id0,id1,dist): 124 148 3.3066687433157997
list:
dist: 3.3066687433157997 vs. 3.3066687433157997
--------
nle(id0,id1,dist): 124 145 2.6918494395276706
list:
dist: 2.6918494395276706 vs. 2.6918494395276706
--------
nle(id0,id1,dist): 111 148 3.2511100024962056
list:
dist: 3.2511100024962056 vs. 3.2511100024962056
--------
nle(id0,id1,dist): 111 147 3.859937945449575
list:
dist: 3.859937945449575 vs. 3.859937945449575
--------
nle(id0,id1,dist): 111 145 3.4003817638436447
list:
dist: 3.4003817638436447 vs. 3.4003817638436447
--------
nle(id0,id1,dist): 111 142 3.339681479315033
list:
dist: 3.339681479315033 vs. 3.339681479315033
--------
nle(id0,id1,dist): 111 141 3.190462890952368
list:
dist: 3.190462890952368 vs. 3.190462890952368
--------
nle(id0,id1,dist): 111 140 4.684433644383871
list:
dist: 4.684433644383871 vs. 4.684433644383871
--------
nle(id0,id1,dist): 111 139 3.6737613613442233
list:
dist: 3.6737613613442233 vs. 3.6737613613442233
--------
nle(id0,id1,dist): 111 138 3.1050636544607477
list:
dist: 3.1050636544607477 vs. 3.1050636544607477
--------
nle(id0,id1,dist): 111 137 2.9131191753182515
list:
dist: 2.9131191753182515 vs. 2.9131191753182515
--------
nle(id0,id1,dist): 111 136 4.2440392761367915
list:
dist: 4.2440392761367915 vs. 4.2440392761367915
--------
nle(id0,id1,dist): 111 135 3.700524253175391
list:
dist: 3.700524253175391 vs. 3.700524253175391
--------
nle(id0,id1,dist): 111 134 4.364071862125329
list:
dist: 4.364071862125329 vs. 4.364071862125329
--------
nle(id0,id1,dist): 112 119 2.223287332720127
list:
dist: 2.223287332720127 vs. 2.223287332720127
--------
nle(id0,id1,dist): 112 117 2.333266494087886
list:
dist: 2.333266494087886 vs. 2.333266494087886
--------
nle(id0,id1,dist): 112 118 1.3887336582834675
list:
dist: 1.3887336582834675 vs. 1.3887336582834675
--------
nle(id0,id1,dist): 112 115 0.6442769977628977
list:
dist: 0.6442769977628977 vs. 0.6442769977628977
--------
nle(id0,id1,dist): 112 116 1.1667880263215618
list:
dist: 1.1667880263215618 vs. 1.1667880263215618
--------
nle(id0,id1,dist): 112 113 1.6034509918372384
list:
dist: 1.6034509918372384 vs. 1.6034509918372384
--------
nle(id0,id1,dist): 112 114 1.307791976278607
list:
dist: 1.307791976278607 vs. 1.307791976278607
--------
nle(id0,id1,dist): 112 142 3.6774523720199266
list:
dist: 3.6774523720199266 vs. 3.6774523720199266
--------
nle(id0,id1,dist): 112 141 2.9873998236168626
list:
dist: 2.9873998236168626 vs. 2.9873998236168626
--------
nle(id0,id1,dist): 112 137 2.9673120332131138
list:
dist: 2.9673120332131138 vs. 2.9673120332131138
--------
nle(id0,id1,dist): 113 123 3.518923891116285
list:
dist: 3.518923891116285 vs. 3.518923891116285
--------
nle(id0,id1,dist): 113 116 0.8664076003724792
list:
dist: 0.8664076003724792 vs. 0.8664076003724792
--------
nle(id0,id1,dist): 113 118 0.4581009661436257
list:
dist: 0.4581009661436257 vs. 0.4581009661436257
--------
nle(id0,id1,dist): 113 119 1.5058318887344506
list:
dist: 1.5058318887344506 vs. 1.5058318887344506
--------
nle(id0,id1,dist): 113 114 0.9901666895963418
list:
dist: 0.9901666895963418 vs. 0.9901666895963418
--------
nle(id0,id1,dist): 113 115 1.729181678292149
list:
dist: 1.729181678292149 vs. 1.729181678292149
--------
nle(id0,id1,dist): 112 148 3.4416823851891807
list:
dist: 3.4416823851891807 vs. 3.4416823851891807
--------
nle(id0,id1,dist): 113 135 3.1155529315909414
list:
dist: 3.1155529315909414 vs. 3.1155529315909414
--------
nle(id0,id1,dist): 113 134 3.719244730143299
list:
dist: 3.719244730143299 vs. 3.719244730143299
--------
nle(id0,id1,dist): 113 133 3.7377483219793666
list:
dist: 3.7377483219793666 vs. 3.7377483219793666
--------
nle(id0,id1,dist): 113 139 2.932425794665206
list:
dist: 2.932425794665206 vs. 2.932425794665206
--------
nle(id0,id1,dist): 113 138 2.5422035477588905
list:
dist: 2.5422035477588905 vs. 2.5422035477588905
--------
nle(id0,id1,dist): 113 137 2.332072556943468
list:
dist: 2.332072556943468 vs. 2.332072556943468
--------
nle(id0,id1,dist): 113 136 3.5405358940646363
list:
dist: 3.5405358940646363 vs. 3.5405358940646363
--------
nle(id0,id1,dist): 113 127 3.532117625837057
list:
dist: 3.532117625837057 vs. 3.532117625837057
--------
nle(id0,id1,dist): 113 126 3.4023352333090116
list:
dist: 3.4023352333090116 vs. 3.4023352333090116
--------
nle(id0,id1,dist): 113 124 4.078225567407719
list:
dist: 4.078225567407719 vs. 4.078225567407719
--------
nle(id0,id1,dist): 113 130 3.9584720093213828
list:
dist: 3.9584720093213828 vs. 3.9584720093213828
--------
nle(id0,id1,dist): 113 129 3.366834960947304
list:
dist: 3.366834960947304 vs. 3.366834960947304
--------
nle(id0,id1,dist): 113 128 3.3060438242860375
list:
dist: 3.3060438242860375 vs. 3.3060438242860375
--------
nle(id0,id1,dist): 113 148 2.4275406278225584
list:
dist: 2.4275406278225584 vs. 2.4275406278225584
--------
nle(id0,id1,dist): 114 117 2.1393843466460374
list:
dist: 2.1393843466460374 vs. 2.1393843466460374
--------
nle(id0,id1,dist): 114 118 0.8189079267230666
list:
dist: 0.8189079267230666 vs. 0.8189079267230666
--------
nle(id0,id1,dist): 114 115 1.7748531511451093
list:
dist: 1.7748531511451093 vs. 1.7748531511451093
--------
nle(id0,id1,dist): 114 116 0.4759656860106266
list:
dist: 0.4759656860106266 vs. 0.4759656860106266
--------
nle(id0,id1,dist): 113 142 2.5723451729906706
list:
dist: 2.5723451729906706 vs. 2.5723451729906706
--------
nle(id0,id1,dist): 113 140 4.012089101944271
list:
dist: 4.012089101944271 vs. 4.012089101944271
--------
nle(id0,id1,dist): 113 141 2.467050824216248
list:
dist: 2.467050824216248 vs. 2.467050824216248
--------
nle(id0,id1,dist): 113 147 3.0986809241224353
list:
dist: 3.0986809241224353 vs. 3.0986809241224353
--------
nle(id0,id1,dist): 113 145 2.666218979407135
list:
dist: 2.666218979407135 vs. 2.666218979407135
--------
nle(id0,id1,dist): 114 119 1.5755112605135242
list:
dist: 1.5755112605135242 vs. 1.5755112605135242
--------
nle(id0,id1,dist): 114 148 3.400210539075227
list:
dist: 3.400210539075227 vs. 3.400210539075227
--------
nle(id0,id1,dist): 114 137 3.0787458754571073
list:
dist: 3.0787458754571073 vs. 3.0787458754571073
--------
nle(id0,id1,dist): 114 141 3.2865566028926865
list:
dist: 3.2865566028926865 vs. 3.2865566028926865
--------
nle(id0,id1,dist): 114 142 3.534400950740885
list:
dist: 3.534400950740885 vs. 3.534400950740885
--------
nle(id0,id1,dist): 115 118 1.6115494701701303
list:
dist: 1.6115494701701303 vs. 1.6115494701701303
--------
nle(id0,id1,dist): 115 119 2.5151064702303234
list:
dist: 2.5151064702303234 vs. 2.5151064702303234
--------
nle(id0,id1,dist): 115 116 1.5791064077843997
list:
dist: 1.5791064077843997 vs. 1.5791064077843997
--------
nle(id0,id1,dist): 115 117 2.7764029046924565
list:
dist: 2.7764029046924565 vs. 2.7764029046924565
--------
nle(id0,id1,dist): 115 137 2.584742983966408
list:
dist: 2.584742983966408 vs. 2.584742983966408
--------
nle(id0,id1,dist): 115 142 3.340045407601504
list:
dist: 3.340045407601504 vs. 3.340045407601504
--------
nle(id0,id1,dist): 115 141 2.5005097727263634
list:
dist: 2.5005097727263634 vs. 2.5005097727263634
--------
nle(id0,id1,dist): 115 148 3.07399462797949
list:
dist: 3.07399462797949 vs. 3.07399462797949
--------
nle(id0,id1,dist): 116 117 1.8626732681184932
list:
dist: 1.8626732681184932 vs. 1.8626732681184932
--------
nle(id0,id1,dist): 116 118 0.502373302791978
list:
dist: 0.502373302791978 vs. 0.502373302791978
--------
nle(id0,id1,dist): 116 119 1.2410027786783708
list:
dist: 1.2410027786783708 vs. 1.2410027786783708
--------
nle(id0,id1,dist): 116 137 3.0533740936335123
list:
dist: 3.0533740936335123 vs. 3.0533740936335123
--------
nle(id0,id1,dist): 116 141 3.146413725476392
list:
dist: 3.146413725476392 vs. 3.146413725476392
--------
nle(id0,id1,dist): 116 142 3.404337260518631
list:
dist: 3.404337260518631 vs. 3.404337260518631
--------
nle(id0,id1,dist): 116 148 3.215992357339184
list:
dist: 3.215992357339184 vs. 3.215992357339184
--------
nle(id0,id1,dist): 117 118 2.1434389578811546
list:
dist: 2.1434389578811546 vs. 2.1434389578811546
--------
nle(id0,id1,dist): 117 119 1.493930615952483
list:
dist: 1.493930615952483 vs. 1.493930615952483
--------
nle(id0,id1,dist): 118 119 1.1711827649468958
list:
dist: 1.1711827649468958 vs. 1.1711827649468958
--------
nle(id0,id1,dist): 106 109 0.6022192085087635
list:
dist: 0.6022192085087635 vs. 0.6022192085087635
--------
nle(id0,id1,dist): 106 108 0.4797111696587474
list:
dist: 0.4797111696587474 vs. 0.4797111696587474
--------
nle(id0,id1,dist): 106 107 1.2725177566206805
list:
dist: 1.2725177566206805 vs. 1.2725177566206805
--------
nle(id0,id1,dist): 105 124 4.994027991112214
list:
dist: 4.994027991112214 vs. 4.994027991112214
--------
nle(id0,id1,dist): 105 127 4.876532139325018
list:
dist: 4.876532139325018 vs. 4.876532139325018
--------
nle(id0,id1,dist): 105 116 3.296812624456065
list:
dist: 3.296812624456065 vs. 3.296812624456065
--------
nle(id0,id1,dist): 105 118 3.6470276631721523
list:
dist: 3.6470276631721523 vs. 3.6470276631721523
--------
nle(id0,id1,dist): 105 109 1.034871793199327
list:
dist: 1.034871793199327 vs. 1.034871793199327
--------
nle(id0,id1,dist): 105 108 1.5060111135668262
list:
dist: 1.5060111135668262 vs. 1.5060111135668262
--------
nle(id0,id1,dist): 105 111 3.034348615712336
list:
dist: 3.034348615712336 vs. 3.034348615712336
--------
nle(id0,id1,dist): 105 110 2.7981435887490984
list:
dist: 2.7981435887490984 vs. 2.7981435887490984
--------
nle(id0,id1,dist): 105 113 3.669970472817733
list:
dist: 3.669970472817733 vs. 3.669970472817733
--------
nle(id0,id1,dist): 105 112 2.845506108219211
list:
dist: 2.845506108219211 vs. 2.845506108219211
--------
nle(id0,id1,dist): 105 115 3.2102053954154477
list:
dist: 3.2102053954154477 vs. 3.2102053954154477
--------
nle(id0,id1,dist): 105 114 2.9517639277769834
list:
dist: 2.9517639277769834 vs. 2.9517639277769834
--------
nle(id0,id1,dist): 105 107 2.047037606958858
list:
dist: 2.047037606958858 vs. 2.047037606958858
--------
nle(id0,id1,dist): 105 106 1.1797530184853489
list:
dist: 1.1797530184853489 vs. 1.1797530184853489
--------
nle(id0,id1,dist): 108 109 0.6676113761974978
list:
dist: 0.6676113761974978 vs. 0.6676113761974978
--------
nle(id0,id1,dist): 107 108 1.1954152247969614
list:
dist: 1.1954152247969614 vs. 1.1954152247969614
--------
nle(id0,id1,dist): 107 109 1.7187297034934252
list:
dist: 1.7187297034934252 vs. 1.7187297034934252
--------
nle(id0,id1,dist): 111 124 4.359948032419199
list:
dist: 4.359948032419199 vs. 4.359948032419199
--------
nle(id0,id1,dist): 111 123 3.972384469285245
list:
dist: 3.972384469285245 vs. 3.972384469285245
--------
nle(id0,id1,dist): 111 119 1.6944876171036516
list:
dist: 1.6944876171036516 vs. 1.6944876171036516
--------
nle(id0,id1,dist): 111 118 0.8929470368707005
list:
dist: 0.8929470368707005 vs. 0.8929470368707005
--------
nle(id0,id1,dist): 111 133 4.347573166782268
list:
dist: 4.347573166782268 vs. 4.347573166782268
--------
nle(id0,id1,dist): 111 130 4.391128955913602
list:
dist: 4.391128955913602 vs. 4.391128955913602
--------
nle(id0,id1,dist): 111 129 3.899930879945118
list:
dist: 3.899930879945118 vs. 3.899930879945118
--------
nle(id0,id1,dist): 111 128 3.7234793560152535
list:
dist: 3.7234793560152535 vs. 3.7234793560152535
--------
nle(id0,id1,dist): 111 127 3.8855014999239765
list:
dist: 3.8855014999239765 vs. 3.8855014999239765
--------
nle(id0,id1,dist): 111 126 3.7919887464053743
list:
dist: 3.7919887464053743 vs. 3.7919887464053743
--------
nle(id0,id1,dist): 110 141 3.2336127686608602
list:
dist: 3.2336127686608602 vs. 3.2336127686608602
--------
nle(id0,id1,dist): 110 142 3.8309745981750294
list:
dist: 3.8309745981750294 vs. 3.8309745981750294
--------
nle(id0,id1,dist): 111 116 0.758655275041408
list:
dist: 0.758655275041408 vs. 0.758655275041408
--------
nle(id0,id1,dist): 111 114 0.39672441931026664
list:
dist: 0.39672441931026664 vs. 0.39672441931026664
--------
nle(id0,id1,dist): 111 115 1.9949436440309316
list:
dist: 1.9949436440309316 vs. 1.9949436440309316
--------
nle(id0,id1,dist): 111 112 1.6036490032848219
list:
dist: 1.6036490032848219 vs. 1.6036490032848219
--------
nle(id0,id1,dist): 111 113 0.8846900820159477
list:
dist: 0.8846900820159477 vs. 0.8846900820159477
--------
nle(id0,id1,dist): 110 148 3.6049940951564396
list:
dist: 3.6049940951564396 vs. 3.6049940951564396
--------
nle(id0,id1,dist): 110 137 3.185300774709048
list:
dist: 3.185300774709048 vs. 3.185300774709048
--------
nle(id0,id1,dist): 110 111 1.4335173746584107
list:
dist: 1.4335173746584107 vs. 1.4335173746584107
--------
nle(id0,id1,dist): 110 112 0.3440450237468123
list:
dist: 0.3440450237468123 vs. 0.3440450237468123
--------
nle(id0,id1,dist): 110 113 1.5674183448289074
list:
dist: 1.5674183448289074 vs. 1.5674183448289074
--------
nle(id0,id1,dist): 110 114 1.0899594368045762
list:
dist: 1.0899594368045762 vs. 1.0899594368045762
--------
nle(id0,id1,dist): 110 119 2.0286269933293255
list:
dist: 2.0286269933293255 vs. 2.0286269933293255
--------
nle(id0,id1,dist): 110 115 0.9761864417315809
list:
dist: 0.9761864417315809 vs. 0.9761864417315809
--------
nle(id0,id1,dist): 110 116 0.9644232319204821
list:
dist: 0.9644232319204821 vs. 0.9644232319204821
--------
nle(id0,id1,dist): 110 117 2.0653148253589375
list:
dist: 2.0653148253589375 vs. 2.0653148253589375
--------
nle(id0,id1,dist): 110 118 1.2932159256975289
list:
dist: 1.2932159256975289 vs. 1.2932159256975289
--------
nle(id0,id1,dist): 99 107 2.3050333774909677
list:
dist: 2.3050333774909677 vs. 2.3050333774909677
--------
nle(id0,id1,dist): 99 106 1.080056356451778
list:
dist: 1.080056356451778 vs. 1.080056356451778
--------
nle(id0,id1,dist): 99 109 1.056847514972225
list:
dist: 1.056847514972225 vs. 1.056847514972225
--------
nle(id0,id1,dist): 99 108 1.4433023955902293
list:
dist: 1.4433023955902293 vs. 1.4433023955902293
--------
nle(id0,id1,dist): 99 101 1.8107194826578132
list:
dist: 1.8107194826578132 vs. 1.8107194826578132
--------
nle(id0,id1,dist): 99 100 2.2277391185321775
list:
dist: 2.2277391185321775 vs. 2.2277391185321775
--------
nle(id0,id1,dist): 99 103 1.5937933388214003
list:
dist: 1.5937933388214003 vs. 1.5937933388214003
--------
nle(id0,id1,dist): 99 102 1.6147037508900202
list:
dist: 1.6147037508900202 vs. 1.6147037508900202
--------
nle(id0,id1,dist): 99 105 1.2168330202060578
list:
dist: 1.2168330202060578 vs. 1.2168330202060578
--------
nle(id0,id1,dist): 99 104 1.809619142397605
list:
dist: 1.809619142397605 vs. 1.809619142397605
--------
nle(id0,id1,dist): 98 106 1.313758625854887
list:
dist: 1.313758625854887 vs. 1.313758625854887
--------
nle(id0,id1,dist): 98 105 1.619167429262437
list:
dist: 1.619167429262437 vs. 1.619167429262437
--------
nle(id0,id1,dist): 98 104 1.2129350099470788
list:
dist: 1.2129350099470788 vs. 1.2129350099470788
--------
nle(id0,id1,dist): 98 103 0.7752430655542241
list:
dist: 0.7752430655542241 vs. 0.7752430655542241
--------
nle(id0,id1,dist): 98 109 1.6810459579782469
list:
dist: 1.6810459579782469 vs. 1.6810459579782469
--------
nle(id0,id1,dist): 98 108 1.75546955041443
list:
dist: 1.75546955041443 vs. 1.75546955041443
--------
nle(id0,id1,dist): 98 107 2.1152058666985423
list:
dist: 2.1152058666985423 vs. 2.1152058666985423
--------
nle(id0,id1,dist): 101 103 1.178023641198593
list:
dist: 1.178023641198593 vs. 1.178023641198593
--------
nle(id0,id1,dist): 101 102 1.2765459777236186
list:
dist: 1.2765459777236186 vs. 1.2765459777236186
--------
nle(id0,id1,dist): 101 108 1.9825711478341752
list:
dist: 1.9825711478341752 vs. 1.9825711478341752
--------
nle(id0,id1,dist): 101 109 2.236495078806437
list:
dist: 2.236495078806437 vs. 2.236495078806437
--------
nle(id0,id1,dist): 101 104 1.1476114033271119
list:
dist: 1.1476114033271119 vs. 1.1476114033271119
--------
nle(id0,id1,dist): 101 106 1.717902720701651
list:
dist: 1.717902720701651 vs. 1.717902720701651
--------
nle(id0,id1,dist): 101 107 2.045426330284943
list:
dist: 2.045426330284943 vs. 2.045426330284943
--------
nle(id0,id1,dist): 100 108 2.5992897723303408
list:
dist: 2.5992897723303408 vs. 2.5992897723303408
--------
nle(id0,id1,dist): 100 107 2.3429575754763774
list:
dist: 2.3429575754763774 vs. 2.3429575754763774
--------
nle(id0,id1,dist): 100 106 2.205139819977696
list:
dist: 2.205139819977696 vs. 2.205139819977696
--------
nle(id0,id1,dist): 100 104 1.2774946234803142
list:
dist: 1.2774946234803142 vs. 1.2774946234803142
--------
nle(id0,id1,dist): 100 103 0.8004813278322743
list:
dist: 0.8004813278322743 vs. 0.8004813278322743
--------
nle(id0,id1,dist): 100 102 0.8553255811056716
list:
dist: 0.8553255811056716 vs. 0.8553255811056716
--------
nle(id0,id1,dist): 100 101 1.2757191075696668
list:
dist: 1.2757191075696668 vs. 1.2757191075696668
--------
nle(id0,id1,dist): 100 109 2.7097459960620363
list:
dist: 2.7097459960620363 vs. 2.7097459960620363
--------
nle(id0,id1,dist): 103 105 1.7133092428728718
list:
dist: 1.7133092428728718 vs. 1.7133092428728718
--------
nle(id0,id1,dist): 103 104 0.7279482084329267
list:
dist: 0.7279482084329267 vs. 0.7279482084329267
--------
nle(id0,id1,dist): 103 107 1.7451905601412339
list:
dist: 1.7451905601412339 vs. 1.7451905601412339
--------
nle(id0,id1,dist): 103 106 1.4389087835518575
list:
dist: 1.4389087835518575 vs. 1.4389087835518575
--------
nle(id0,id1,dist): 103 109 1.9307711066466122
list:
dist: 1.9307711066466122 vs. 1.9307711066466122
--------
nle(id0,id1,dist): 103 108 1.8557203660254609
list:
dist: 1.8557203660254609 vs. 1.8557203660254609
--------
nle(id0,id1,dist): 102 106 1.427503221195405
list:
dist: 1.427503221195405 vs. 1.427503221195405
--------
nle(id0,id1,dist): 102 105 1.655788116021381
list:
dist: 1.655788116021381 vs. 1.655788116021381
--------
nle(id0,id1,dist): 102 104 0.7275291039604586
list:
dist: 0.7275291039604586 vs. 0.7275291039604586
--------
nle(id0,id1,dist): 102 103 0.108000951745451
list:
dist: 0.108000951745451 vs. 0.108000951745451
--------
nle(id0,id1,dist): 102 109 1.91200026663219
list:
dist: 1.91200026663219 vs. 1.91200026663219
--------
nle(id0,id1,dist): 102 108 1.844933020347078
list:
dist: 1.844933020347078 vs. 1.844933020347078
--------
nle(id0,id1,dist): 102 107 1.7081643674971339
list:
dist: 1.7081643674971339 vs. 1.7081643674971339
--------
nle(id0,id1,dist): 104 109 1.790390559584359
list:
dist: 1.790390559584359 vs. 1.790390559584359
--------
nle(id0,id1,dist): 104 105 1.873409760268234
list:
dist: 1.873409760268234 vs. 1.873409760268234
--------
nle(id0,id1,dist): 104 106 1.2021540035392952
list:
dist: 1.2021540035392952 vs. 1.2021540035392952
--------
nle(id0,id1,dist): 104 107 1.0926723229153696
list:
dist: 1.0926723229153696 vs. 1.0926723229153696
--------
nle(id0,id1,dist): 104 108 1.4744743924206514
list:
dist: 1.4744743924206514 vs. 1.4744743924206514
--------
nle(id0,id1,dist): 147 149 0.6738615564853524
list:
dist: 0.6738615564853524 vs. 0.6738615564853524
--------
nle(id0,id1,dist): 147 148 0.950255463072063
list:
dist: 0.950255463072063 vs. 0.950255463072063
--------
nle(id0,id1,dist): 148 149 1.2647817729465007
list:
dist: 1.2647817729465007 vs. 1.2647817729465007
--------
nle(id0,id1,dist): 146 147 1.2761692975762713
list:
dist: 1.2761692975762713 vs. 1.2761692975762713
--------
nle(id0,id1,dist): 146 148 0.8140770999533745
list:
dist: 0.8140770999533745 vs. 0.8140770999533745
--------
nle(id0,id1,dist): 146 149 1.4615749876341055
list:
dist: 1.4615749876341055 vs. 1.4615749876341055
--------
nle(id0,id1,dist): 144 148 1.4015692140690847
list:
dist: 1.4015692140690847 vs. 1.4015692140690847
--------
nle(id0,id1,dist): 144 147 1.3251017003648642
list:
dist: 1.3251017003648642 vs. 1.3251017003648642
--------
nle(id0,id1,dist): 144 146 1.4383489244032288
list:
dist: 1.4383489244032288 vs. 1.4383489244032288
--------
nle(id0,id1,dist): 144 145 1.2275356578175431
list:
dist: 1.2275356578175431 vs. 1.2275356578175431
--------
nle(id0,id1,dist): 144 149 1.9495669583567095
list:
dist: 1.9495669583567095 vs. 1.9495669583567095
--------
nle(id0,id1,dist): 145 149 1.415599448255273
list:
dist: 1.415599448255273 vs. 1.415599448255273
--------
nle(id0,id1,dist): 145 148 0.6681993916394874
list:
dist: 0.6681993916394874 vs. 0.6681993916394874
--------
nle(id0,id1,dist): 145 147 0.8870024865773027
list:
dist: 0.8870024865773027 vs. 0.8870024865773027
--------
nle(id0,id1,dist): 145 146 1.3765208655075296
list:
dist: 1.3765208655075296 vs. 1.3765208655075296
--------
nle(id0,id1,dist): 142 149 1.1030300627993515
list:
dist: 1.1030300627993515 vs. 1.1030300627993515
--------
nle(id0,id1,dist): 142 147 0.669473065712224
list:
dist: 0.669473065712224 vs. 0.669473065712224
--------
nle(id0,id1,dist): 142 148 0.45718526113091246
list:
dist: 0.45718526113091246 vs. 0.45718526113091246
--------
nle(id0,id1,dist): 142 145 0.3561507397121532
list:
dist: 0.3561507397121532 vs. 0.3561507397121532
--------
nle(id0,id1,dist): 142 146 1.166599745692919
list:
dist: 1.166599745692919 vs. 1.166599745692919
--------
nle(id0,id1,dist): 142 143 1.739873356775088
list:
dist: 1.739873356775088 vs. 1.739873356775088
--------
nle(id0,id1,dist): 142 144 1.3430503794567674
list:
dist: 1.3430503794567674 vs. 1.3430503794567674
--------
nle(id0,id1,dist): 143 146 2.1345116256189023
list:
dist: 2.1345116256189023 vs. 2.1345116256189023
--------
nle(id0,id1,dist): 143 147 1.6429069334455977
list:
dist: 1.6429069334455977 vs. 1.6429069334455977
--------
nle(id0,id1,dist): 143 148 1.947654208944193
list:
dist: 1.947654208944193 vs. 1.947654208944193
--------
nle(id0,id1,dist): 143 149 2.2945838187081486
list:
dist: 2.2945838187081486 vs. 2.2945838187081486
--------
nle(id0,id1,dist): 143 144 0.7364576940690726
list:
dist: 0.7364576940690726 vs. 0.7364576940690726
--------
nle(id0,id1,dist): 143 145 1.5445229141680354
list:
dist: 1.5445229141680354 vs. 1.5445229141680354
--------
nle(id0,id1,dist): 141 142 1.3144095815073633
list:
dist: 1.3144095815073633 vs. 1.3144095815073633
--------
nle(id0,id1,dist): 141 143 2.059826603051803
list:
dist: 2.059826603051803 vs. 2.059826603051803
--------
nle(id0,id1,dist): 140 149 2.357042079189268
list:
dist: 2.357042079189268 vs. 2.357042079189268
--------
nle(id0,id1,dist): 141 145 1.1258461378415259
list:
dist: 1.1258461378415259 vs. 1.1258461378415259
--------
nle(id0,id1,dist): 141 144 1.6371867351389893
list:
dist: 1.6371867351389893 vs. 1.6371867351389893
--------
nle(id0,id1,dist): 141 147 1.9224531543636418
list:
dist: 1.9224531543636418 vs. 1.9224531543636418
--------
nle(id0,id1,dist): 141 146 1.6361719875544845
list:
dist: 1.6361719875544845 vs. 1.6361719875544845
--------
nle(id0,id1,dist): 141 149 2.3828134649168016
list:
dist: 2.3828134649168016 vs. 2.3828134649168016
--------
nle(id0,id1,dist): 141 148 1.1602820765078554
list:
dist: 1.1602820765078554 vs. 1.1602820765078554
--------
nle(id0,id1,dist): 139 144 1.067098745276285
list:
dist: 1.067098745276285 vs. 1.067098745276285
--------
nle(id0,id1,dist): 139 145 0.3333883108035811
list:
dist: 0.3333883108035811 vs. 0.3333883108035811
--------
nle(id0,id1,dist): 139 142 0.4044757869595612
list:
dist: 0.4044757869595612 vs. 0.4044757869595612
--------
nle(id0,id1,dist): 139 143 1.3590298640794118
list:
dist: 1.3590298640794118 vs. 1.3590298640794118
--------
nle(id0,id1,dist): 139 140 1.295950058245935
list:
dist: 1.295950058245935 vs. 1.295950058245935
--------
nle(id0,id1,dist): 139 141 1.402217871569981
list:
dist: 1.402217871569981 vs. 1.402217871569981
--------
nle(id0,id1,dist): 139 148 0.7741025754506746
list:
dist: 0.7741025754506746 vs. 0.7741025754506746
--------
nle(id0,id1,dist): 139 149 1.2339507241131344
list:
dist: 1.2339507241131344 vs. 1.2339507241131344
--------
nle(id0,id1,dist): 139 146 1.344422849425773
list:
dist: 1.344422849425773 vs. 1.344422849425773
--------
nle(id0,id1,dist): 139 147 0.6206613758975382
list:
dist: 0.6206613758975382 vs. 0.6206613758975382
--------
nle(id0,id1,dist): 140 145 1.421619867801386
list:
dist: 1.421619867801386 vs. 1.421619867801386
--------
nle(id0,id1,dist): 140 146 2.2867042838954883
list:
dist: 2.2867042838954883 vs. 2.2867042838954883
--------
nle(id0,id1,dist): 140 147 1.6936036673582664
list:
dist: 1.6936036673582664 vs. 1.6936036673582664
--------
nle(id0,id1,dist): 140 148 1.9417361498052677
list:
dist: 1.9417361498052677 vs. 1.9417361498052677
--------
nle(id0,id1,dist): 140 141 1.9223168207841663
list:
dist: 1.9223168207841663 vs. 1.9223168207841663
--------
nle(id0,id1,dist): 140 142 1.6817570122709369
list:
dist: 1.6817570122709369 vs. 1.6817570122709369
--------
nle(id0,id1,dist): 140 143 0.44361744628167954
list:
dist: 0.44361744628167954 vs. 0.44361744628167954
--------
nle(id0,id1,dist): 140 144 0.9859351437561986
list:
dist: 0.9859351437561986 vs. 0.9859351437561986
--------
nle(id0,id1,dist): 138 141 1.521704555893561
list:
dist: 1.521704555893561 vs. 1.521704555893561
--------
nle(id0,id1,dist): 138 142 1.064309193018915
list:
dist: 1.064309193018915 vs. 1.064309193018915
--------
nle(id0,id1,dist): 138 139 1.0464305661308702
list:
dist: 1.0464305661308702 vs. 1.0464305661308702
--------
nle(id0,id1,dist): 138 140 1.7128050283989504
list:
dist: 1.7128050283989504 vs. 1.7128050283989504
--------
nle(id0,id1,dist): 138 149 1.8596702898544224
list:
dist: 1.8596702898544224 vs. 1.8596702898544224
--------
nle(id0,id1,dist): 138 148 1.4103568338951968
list:
dist: 1.4103568338951968 vs. 1.4103568338951968
--------
nle(id0,id1,dist): 138 147 1.4741914887751173
list:
dist: 1.4741914887751173 vs. 1.4741914887751173
--------
nle(id0,id1,dist): 138 146 2.200074443951922
list:
dist: 2.200074443951922 vs. 2.200074443951922
--------
nle(id0,id1,dist): 138 145 0.8678308850067574
list:
dist: 0.8678308850067574 vs. 0.8678308850067574
--------
nle(id0,id1,dist): 138 144 1.9514657014320946
list:
dist: 1.9514657014320946 vs. 1.9514657014320946
--------
nle(id0,id1,dist): 138 143 2.0062257457652986
list:
dist: 2.0062257457652986 vs. 2.0062257457652986
--------
nle(id0,id1,dist): 137 144 2.0202748988045487
list:
dist: 2.0202748988045487 vs. 2.0202748988045487
--------
nle(id0,id1,dist): 137 145 1.176501754865472
list:
dist: 1.176501754865472 vs. 1.176501754865472
--------
nle(id0,id1,dist): 137 146 2.1985843827450546
list:
dist: 2.1985843827450546 vs. 2.1985843827450546
--------
nle(id0,id1,dist): 137 147 2.0557318501312234
list:
dist: 2.0557318501312234 vs. 2.0557318501312234
--------
nle(id0,id1,dist): 137 140 1.939437056591428
list:
dist: 1.939437056591428 vs. 1.939437056591428
--------
nle(id0,id1,dist): 137 141 0.7915731531258974
list:
dist: 0.7915731531258974 vs. 0.7915731531258974
--------
nle(id0,id1,dist): 137 142 1.436677982025847
list:
dist: 1.436677982025847 vs. 1.436677982025847
--------
nle(id0,id1,dist): 137 143 2.2204854857644465
list:
dist: 2.2204854857644465 vs. 2.2204854857644465
--------
nle(id0,id1,dist): 137 138 1.0367120594176518
list:
dist: 1.0367120594176518 vs. 1.0367120594176518
--------
nle(id0,id1,dist): 137 139 1.4887268838474499
list:
dist: 1.4887268838474499 vs. 1.4887268838474499
--------
nle(id0,id1,dist): 137 149 2.500881957331143
list:
dist: 2.500881957331143 vs. 2.500881957331143
--------
nle(id0,id1,dist): 137 148 1.4990054229037288
list:
dist: 1.4990054229037288 vs. 1.4990054229037288
--------
nle(id0,id1,dist): 136 147 0.9041337107382758
list:
dist: 0.9041337107382758 vs. 0.9041337107382758
--------
nle(id0,id1,dist): 136 148 1.3964823079848367
list:
dist: 1.3964823079848367 vs. 1.3964823079848367
--------
nle(id0,id1,dist): 136 145 0.906949899718052
list:
dist: 0.906949899718052 vs. 0.906949899718052
--------
nle(id0,id1,dist): 136 146 1.8031900092981916
list:
dist: 1.8031900092981916 vs. 1.8031900092981916
--------
nle(id0,id1,dist): 136 149 1.5488660676555253
list:
dist: 1.5488660676555253 vs. 1.5488660676555253
--------
nle(id0,id1,dist): 136 139 0.6475668875350984
list:
dist: 0.6475668875350984 vs. 0.6475668875350984
--------
nle(id0,id1,dist): 136 140 0.8226615818142181
list:
dist: 0.8226615818142181 vs. 0.8226615818142181
--------
nle(id0,id1,dist): 136 137 1.8530565700239172
list:
dist: 1.8530565700239172 vs. 1.8530565700239172
--------
nle(id0,id1,dist): 136 138 1.3196387470353008
list:
dist: 1.3196387470353008 vs. 1.3196387470353008
--------
nle(id0,id1,dist): 136 143 0.8790800231833026
list:
dist: 0.8790800231833026 vs. 0.8790800231833026
--------
nle(id0,id1,dist): 136 144 0.9511209018121658
list:
dist: 0.9511209018121658 vs. 0.9511209018121658
--------
nle(id0,id1,dist): 136 141 1.8359259368179337
list:
dist: 1.8359259368179337 vs. 1.8359259368179337
--------
nle(id0,id1,dist): 136 142 1.0464326789778369
list:
dist: 1.0464326789778369 vs. 1.0464326789778369
--------
nle(id0,id1,dist): 135 142 1.7129841520273992
list:
dist: 1.7129841520273992 vs. 1.7129841520273992
--------
nle(id0,id1,dist): 135 143 1.7478128113633156
list:
dist: 1.7478128113633156 vs. 1.7478128113633156
--------
nle(id0,id1,dist): 135 144 1.7052615408919243
list:
dist: 1.7052615408919243 vs. 1.7052615408919243
--------
nle(id0,id1,dist): 135 145 1.3737779003323634
list:
dist: 1.3737779003323634 vs. 1.3737779003323634
--------
nle(id0,id1,dist): 135 146 2.3682464757509694
list:
dist: 2.3682464757509694 vs. 2.3682464757509694
--------
nle(id0,id1,dist): 135 147 2.2024656644780687
list:
dist: 2.2024656644780687 vs. 2.2024656644780687
--------
nle(id0,id1,dist): 135 148 1.8102258568563907
list:
dist: 1.8102258568563907 vs. 1.8102258568563907
--------
nle(id0,id1,dist): 135 149 2.78602897597786
list:
dist: 2.78602897597786 vs. 2.78602897597786
--------
nle(id0,id1,dist): 134 149 2.153446179299143
list:
dist: 2.153446179299143 vs. 2.153446179299143
--------
nle(id0,id1,dist): 134 148 1.7714583219004232
list:
dist: 1.7714583219004232 vs. 1.7714583219004232
--------
nle(id0,id1,dist): 134 147 1.5090476143096663
list:
dist: 1.5090476143096663 vs. 1.5090476143096663
--------
nle(id0,id1,dist): 135 140 1.443088833037724
list:
dist: 1.443088833037724 vs. 1.443088833037724
--------
nle(id0,id1,dist): 135 141 0.9954090755098944
list:
dist: 0.9954090755098944 vs. 0.9954090755098944
--------
nle(id0,id1,dist): 135 138 1.4019151939121919
list:
dist: 1.4019151939121919 vs. 1.4019151939121919
--------
nle(id0,id1,dist): 135 139 1.5823038224399848
list:
dist: 1.5823038224399848 vs. 1.5823038224399848
--------
nle(id0,id1,dist): 135 136 1.697808701111729
list:
dist: 1.697808701111729 vs. 1.697808701111729
--------
nle(id0,id1,dist): 135 137 0.7982879409453179
list:
dist: 0.7982879409453179 vs. 0.7982879409453179
--------
nle(id0,id1,dist): 134 135 1.3255809986501563
list:
dist: 1.3255809986501563 vs. 1.3255809986501563
--------
nle(id0,id1,dist): 134 136 0.63925507465654
list:
dist: 0.63925507465654 vs. 0.63925507465654
--------
nle(id0,id1,dist): 134 137 1.6965982007349554
list:
dist: 1.6965982007349554 vs. 1.6965982007349554
--------
nle(id0,id1,dist): 134 138 1.3322038722938274
list:
dist: 1.3322038722938274 vs. 1.3322038722938274
--------
nle(id0,id1,dist): 134 143 0.7766477353103269
list:
dist: 0.7766477353103269 vs. 0.7766477353103269
--------
nle(id0,id1,dist): 134 144 1.1437589107558035
list:
dist: 1.1437589107558035 vs. 1.1437589107558035
--------
nle(id0,id1,dist): 134 145 1.1728366998618633
list:
dist: 1.1728366998618633 vs. 1.1728366998618633
--------
nle(id0,id1,dist): 134 146 2.2431231057045915
list:
dist: 2.2431231057045915 vs. 2.2431231057045915
--------
nle(id0,id1,dist): 134 139 1.0714151753760845
list:
dist: 1.0714151753760845 vs. 1.0714151753760845
--------
nle(id0,id1,dist): 134 140 0.4073884180988457
list:
dist: 0.4073884180988457 vs. 0.4073884180988457
--------
nle(id0,id1,dist): 134 141 1.8043739488011956
list:
dist: 1.8043739488011956 vs. 1.8043739488011956
--------
nle(id0,id1,dist): 134 142 1.4493020520700066
list:
dist: 1.4493020520700066 vs. 1.4493020520700066
--------
nle(id0,id1,dist): 133 135 1.5112969252904236
list:
dist: 1.5112969252904236 vs. 1.5112969252904236
--------
nle(id0,id1,dist): 133 134 0.3277257867618573
list:
dist: 0.3277257867618573 vs. 0.3277257867618573
--------
nle(id0,id1,dist): 133 138 1.2526150768888735
list:
dist: 1.2526150768888735 vs. 1.2526150768888735
--------
nle(id0,id1,dist): 133 139 1.153292479237649
list:
dist: 1.153292479237649 vs. 1.153292479237649
--------
nle(id0,id1,dist): 133 136 0.697681308104683
list:
dist: 0.697681308104683 vs. 0.697681308104683
--------
nle(id0,id1,dist): 133 137 1.7957574627999995
list:
dist: 1.7957574627999995 vs. 1.7957574627999995
--------
nle(id0,id1,dist): 133 142 1.5188453100314347
list:
dist: 1.5188453100314347 vs. 1.5188453100314347
--------
nle(id0,id1,dist): 133 143 1.0231061003510669
list:
dist: 1.0231061003510669 vs. 1.0231061003510669
--------
nle(id0,id1,dist): 133 140 0.679206250486235
list:
dist: 0.679206250486235 vs. 0.679206250486235
--------
nle(id0,id1,dist): 133 141 2.0083994811880546
list:
dist: 2.0083994811880546 vs. 2.0083994811880546
--------
nle(id0,id1,dist): 133 146 2.4201474407995622
list:
dist: 2.4201474407995622 vs. 2.4201474407995622
--------
nle(id0,id1,dist): 133 147 1.53015947556335
list:
dist: 1.53015947556335 vs. 1.53015947556335
--------
nle(id0,id1,dist): 133 144 1.4151784395511469
list:
dist: 1.4151784395511469 vs. 1.4151784395511469
--------
nle(id0,id1,dist): 133 145 1.265776841869735
list:
dist: 1.265776841869735 vs. 1.265776841869735
--------
nle(id0,id1,dist): 133 148 1.8961720083795246
list:
dist: 1.8961720083795246 vs. 1.8961720083795246
--------
nle(id0,id1,dist): 133 149 2.128690876000642
list:
dist: 2.128690876000642 vs. 2.128690876000642
--------
nle(id0,id1,dist): 132 134 1.926756010608042
list:
dist: 1.926756010608042 vs. 1.926756010608042
--------
nle(id0,id1,dist): 132 133 1.8565108699588815
list:
dist: 1.8565108699588815 vs. 1.8565108699588815
--------
nle(id0,id1,dist): 132 136 2.5319079510972218
list:
dist: 2.5319079510972218 vs. 2.5319079510972218
--------
nle(id0,id1,dist): 132 135 2.144783574563904
list:
dist: 2.144783574563904 vs. 2.144783574563904
--------
nle(id0,id1,dist): 132 138 2.5375922494498058
list:
dist: 2.5375922494498058 vs. 2.5375922494498058
--------
nle(id0,id1,dist): 132 140 1.9755920228382158
list:
dist: 1.9755920228382158 vs. 1.9755920228382158
--------
nle(id0,id1,dist): 132 139 2.9080375415925386
list:
dist: 2.9080375415925386 vs. 2.9080375415925386
--------
nle(id0,id1,dist): 132 143 2.358797845162745
list:
dist: 2.358797845162745 vs. 2.358797845162745
--------
nle(id0,id1,dist): 132 144 2.927685366991878
list:
dist: 2.927685366991878 vs. 2.927685366991878
--------
nle(id0,id1,dist): 132 145 2.8913199955602313
list:
dist: 2.8913199955602313 vs. 2.8913199955602313
--------
nle(id0,id1,dist): 132 147 3.373756537269129
list:
dist: 3.373756537269129 vs. 3.373756537269129
--------
nle(id0,id1,dist): 131 147 2.5071318815526666
list:
dist: 2.5071318815526666 vs. 2.5071318815526666
--------
nle(id0,id1,dist): 131 146 2.6665041454128793
list:
dist: 2.6665041454128793 vs. 2.6665041454128793
--------
nle(id0,id1,dist): 131 148 2.316399394179375
list:
dist: 2.316399394179375 vs. 2.316399394179375
--------
nle(id0,id1,dist): 131 142 2.2108796451635633
list:
dist: 2.2108796451635633 vs. 2.2108796451635633
--------
nle(id0,id1,dist): 131 143 1.3699060671247922
list:
dist: 1.3699060671247922 vs. 1.3699060671247922
--------
nle(id0,id1,dist): 131 144 1.5544734269523568
list:
dist: 1.5544734269523568 vs. 1.5544734269523568
--------
nle(id0,id1,dist): 131 145 1.8835403066349783
list:
dist: 1.8835403066349783 vs. 1.8835403066349783
--------
nle(id0,id1,dist): 131 138 2.087318269441472
list:
dist: 2.087318269441472 vs. 2.087318269441472
--------
nle(id0,id1,dist): 131 139 1.9503253494051678
list:
dist: 1.9503253494051678 vs. 1.9503253494051678
--------
nle(id0,id1,dist): 131 140 1.1440681121130085
list:
dist: 1.1440681121130085 vs. 1.1440681121130085
--------
nle(id0,id1,dist): 131 141 1.6598009174474682
list:
dist: 1.6598009174474682 vs. 1.6598009174474682
--------
nle(id0,id1,dist): 131 134 1.2948910476083204
list:
dist: 1.2948910476083204 vs. 1.2948910476083204
--------
nle(id0,id1,dist): 131 135 0.9312976374601134
list:
dist: 0.9312976374601134 vs. 0.9312976374601134
--------
nle(id0,id1,dist): 131 136 1.791233664816499
list:
dist: 1.791233664816499 vs. 1.791233664816499
--------
nle(id0,id1,dist): 131 137 1.7167773534106625
list:
dist: 1.7167773534106625 vs. 1.7167773534106625
--------
nle(id0,id1,dist): 131 132 1.8960058124890158
list:
dist: 1.8960058124890158 vs. 1.8960058124890158
--------
nle(id0,id1,dist): 131 133 1.5584370745202183
list:
dist: 1.5584370745202183 vs. 1.5584370745202183
--------
nle(id0,id1,dist): 130 149 3.0162979612710528
list:
dist: 3.0162979612710528 vs. 3.0162979612710528
--------
nle(id0,id1,dist): 130 147 2.487234605158049
list:
dist: 2.487234605158049 vs. 2.487234605158049
--------
nle(id0,id1,dist): 130 148 2.685723692801768
list:
dist: 2.685723692801768 vs. 2.685723692801768
--------
nle(id0,id1,dist): 130 145 2.01978585899896
list:
dist: 2.01978585899896 vs. 2.01978585899896
--------
nle(id0,id1,dist): 130 146 3.3350050650066705
list:
dist: 3.3350050650066705 vs. 3.3350050650066705
--------
nle(id0,id1,dist): 130 143 1.938554376540676
list:
dist: 1.938554376540676 vs. 1.938554376540676
--------
nle(id0,id1,dist): 130 144 2.382073850125037
list:
dist: 2.382073850125037 vs. 2.382073850125037
--------
nle(id0,id1,dist): 130 141 2.4605035635729884
list:
dist: 2.4605035635729884 vs. 2.4605035635729884
--------
nle(id0,id1,dist): 130 142 2.318840639950606
list:
dist: 2.318840639950606 vs. 2.318840639950606
--------
nle(id0,id1,dist): 130 139 2.045515930040932
list:
dist: 2.045515930040932 vs. 2.045515930040932
--------
nle(id0,id1,dist): 130 140 1.5080848545752685
list:
dist: 1.5080848545752685 vs. 1.5080848545752685
--------
nle(id0,id1,dist): 130 137 1.9451569219469902
list:
dist: 1.9451569219469902 vs. 1.9451569219469902
--------
nle(id0,id1,dist): 130 138 1.5429172595651368
list:
dist: 1.5429172595651368 vs. 1.5429172595651368
--------
nle(id0,id1,dist): 130 135 1.648533280616477
list:
dist: 1.648533280616477 vs. 1.648533280616477
--------
nle(id0,id1,dist): 130 136 1.7569588062866357
list:
dist: 1.7569588062866357 vs. 1.7569588062866357
--------
nle(id0,id1,dist): 130 132 1.0554628533527872
list:
dist: 1.0554628533527872 vs. 1.0554628533527872
--------
nle(id0,id1,dist): 130 131 1.7818849508714367
list:
dist: 1.7818849508714367 vs. 1.7818849508714367
--------
nle(id0,id1,dist): 130 134 1.2562910188698075
list:
dist: 1.2562910188698075 vs. 1.2562910188698075
--------
nle(id0,id1,dist): 130 133 1.0799744897652865
list:
dist: 1.0799744897652865 vs. 1.0799744897652865
--------
nle(id0,id1,dist): 129 148 1.9243173393592465
list:
dist: 1.9243173393592465 vs. 1.9243173393592465
--------
nle(id0,id1,dist): 129 149 1.8565245634718721
list:
dist: 1.8565245634718721 vs. 1.8565245634718721
--------
nle(id0,id1,dist): 129 140 1.5193694153835384
list:
dist: 1.5193694153835384 vs. 1.5193694153835384
--------
nle(id0,id1,dist): 129 141 2.263845025652927
list:
dist: 2.263845025652927 vs. 2.263845025652927
--------
nle(id0,id1,dist): 129 142 1.4736321482575787
list:
dist: 1.4736321482575787 vs. 1.4736321482575787
--------
nle(id0,id1,dist): 129 143 1.7979096673480137
list:
dist: 1.7979096673480137 vs. 1.7979096673480137
--------
nle(id0,id1,dist): 129 144 2.008475040392702
list:
dist: 2.008475040392702 vs. 2.008475040392702
--------
nle(id0,id1,dist): 129 145 1.3314072294897952
list:
dist: 1.3314072294897952 vs. 1.3314072294897952
--------
nle(id0,id1,dist): 129 146 2.579067537658304
list:
dist: 2.579067537658304 vs. 2.579067537658304
--------
nle(id0,id1,dist): 129 147 1.4679231825069932
list:
dist: 1.4679231825069932 vs. 1.4679231825069932
--------
nle(id0,id1,dist): 129 135 1.938560121395054
list:
dist: 1.938560121395054 vs. 1.938560121395054
--------
nle(id0,id1,dist): 129 134 1.1344074744895782
list:
dist: 1.1344074744895782 vs. 1.1344074744895782
--------
nle(id0,id1,dist): 129 133 0.8608740110189521
list:
dist: 0.8608740110189521 vs. 0.8608740110189521
--------
nle(id0,id1,dist): 129 132 2.2777080376989876
list:
dist: 2.2777080376989876 vs. 2.2777080376989876
--------
nle(id0,id1,dist): 129 139 1.25731768469732
list:
dist: 1.25731768469732 vs. 1.25731768469732
--------
nle(id0,id1,dist): 129 138 0.9293574968985109
list:
dist: 0.9293574968985109 vs. 0.9293574968985109
--------
nle(id0,id1,dist): 129 137 1.8758091115019577
list:
dist: 1.8758091115019577 vs. 1.8758091115019577
--------
nle(id0,id1,dist): 129 136 1.090847811789739
list:
dist: 1.090847811789739 vs. 1.090847811789739
--------
nle(id0,id1,dist): 129 131 2.293212433663243
list:
dist: 2.293212433663243 vs. 2.293212433663243
--------
nle(id0,id1,dist): 129 130 1.265531303917844
list:
dist: 1.265531303917844 vs. 1.265531303917844
--------
nle(id0,id1,dist): 128 147 2.065161078419119
list:
dist: 2.065161078419119 vs. 2.065161078419119
--------
nle(id0,id1,dist): 128 148 2.2741784960725284
list:
dist: 2.2741784960725284 vs. 2.2741784960725284
--------
nle(id0,id1,dist): 128 145 1.6482873805577238
list:
dist: 1.6482873805577238 vs. 1.6482873805577238
--------
nle(id0,id1,dist): 128 146 3.0121693378379635
list:
dist: 3.0121693378379635 vs. 3.0121693378379635
--------
nle(id0,id1,dist): 128 149 2.4636563945217893
list:
dist: 2.4636563945217893 vs. 2.4636563945217893
--------
nle(id0,id1,dist): 128 133 1.155943251614373
list:
dist: 1.155943251614373 vs. 1.155943251614373
--------
nle(id0,id1,dist): 128 134 1.3953261260593388
list:
dist: 1.3953261260593388 vs. 1.3953261260593388
--------
nle(id0,id1,dist): 128 135 1.7663036348723034
list:
dist: 1.7663036348723034 vs. 1.7663036348723034
--------
nle(id0,id1,dist): 128 136 1.6144916352707555
list:
dist: 1.6144916352707555 vs. 1.6144916352707555
--------
nle(id0,id1,dist): 128 129 0.7209353377882088
list:
dist: 0.7209353377882088 vs. 0.7209353377882088
--------
nle(id0,id1,dist): 128 130 0.8652343762196313
list:
dist: 0.8652343762196313 vs. 0.8652343762196313
--------
nle(id0,id1,dist): 128 131 2.2282460795973273
list:
dist: 2.2282460795973273 vs. 2.2282460795973273
--------
nle(id0,id1,dist): 128 132 1.9089602652037663
list:
dist: 1.9089602652037663 vs. 1.9089602652037663
--------
nle(id0,id1,dist): 128 141 2.2856137120714437
list:
dist: 2.2856137120714437 vs. 2.2856137120714437
--------
nle(id0,id1,dist): 128 142 1.8714609942802862
list:
dist: 1.8714609942802862 vs. 1.8714609942802862
--------
nle(id0,id1,dist): 128 143 2.1631562429967284
list:
dist: 2.1631562429967284 vs. 2.1631562429967284
--------
nle(id0,id1,dist): 128 144 2.410427675072967
list:
dist: 2.410427675072967 vs. 2.410427675072967
--------
nle(id0,id1,dist): 128 137 1.69205304538688
list:
dist: 1.69205304538688 vs. 1.69205304538688
--------
nle(id0,id1,dist): 128 138 0.9345661556835745
list:
dist: 0.9345661556835745 vs. 0.9345661556835745
--------
nle(id0,id1,dist): 128 139 1.7034863480005145
list:
dist: 1.7034863480005145 vs. 1.7034863480005145
--------
nle(id0,id1,dist): 128 140 1.7811308802405552
list:
dist: 1.7811308802405552 vs. 1.7811308802405552
--------
nle(id0,id1,dist): 127 140 1.928897447311884
list:
dist: 1.928897447311884 vs. 1.928897447311884
--------
nle(id0,id1,dist): 127 141 2.20675073285176
list:
dist: 2.20675073285176 vs. 2.20675073285176
--------
nle(id0,id1,dist): 127 138 1.4758469354463968
list:
dist: 1.4758469354463968 vs. 1.4758469354463968
--------
nle(id0,id1,dist): 127 139 2.2183212610642857
list:
dist: 2.2183212610642857 vs. 2.2183212610642857
--------
nle(id0,id1,dist): 127 136 2.1416307167406043
list:
dist: 2.1416307167406043 vs. 2.1416307167406043
--------
nle(id0,id1,dist): 127 137 1.5495586674366613
list:
dist: 1.5495586674366613 vs. 1.5495586674366613
--------
nle(id0,id1,dist): 127 134 1.66233615058558
list:
dist: 1.66233615058558 vs. 1.66233615058558
--------
nle(id0,id1,dist): 127 135 1.381056556460676
list:
dist: 1.381056556460676 vs. 1.381056556460676
--------
nle(id0,id1,dist): 127 148 2.6853083011493504
list:
dist: 2.6853083011493504 vs. 2.6853083011493504
--------
nle(id0,id1,dist): 127 147 2.7457358381769534
list:
dist: 2.7457358381769534 vs. 2.7457358381769534
--------
nle(id0,id1,dist): 127 145 2.0732970839787876
list:
dist: 2.0732970839787876 vs. 2.0732970839787876
--------
nle(id0,id1,dist): 127 142 2.3907739999070827
list:
dist: 2.3907739999070827 vs. 2.3907739999070827
--------
nle(id0,id1,dist): 127 133 1.5766269592495126
list:
dist: 1.5766269592495126 vs. 1.5766269592495126
--------
nle(id0,id1,dist): 127 132 1.3737014436452113
list:
dist: 1.3737014436452113 vs. 1.3737014436452113
--------
nle(id0,id1,dist): 127 131 1.8045403032516945
list:
dist: 1.8045403032516945 vs. 1.8045403032516945
--------
nle(id0,id1,dist): 127 130 0.782159467981475
list:
dist: 0.782159467981475 vs. 0.782159467981475
--------
nle(id0,id1,dist): 127 129 1.650880003542675
list:
dist: 1.650880003542675 vs. 1.650880003542675
--------
nle(id0,id1,dist): 127 128 1.0384720318138774
list:
dist: 1.0384720318138774 vs. 1.0384720318138774
--------
nle(id0,id1,dist): 126 139 1.851372792689904
list:
dist: 1.851372792689904 vs. 1.851372792689904
--------
nle(id0,id1,dist): 126 140 1.8744060530160251
list:
dist: 1.8744060530160251 vs. 1.8744060530160251
--------
nle(id0,id1,dist): 126 141 2.4122887603519296
list:
dist: 2.4122887603519296 vs. 2.4122887603519296
--------
nle(id0,id1,dist): 126 142 2.0219001834868657
list:
dist: 2.0219001834868657 vs. 2.0219001834868657
--------
nle(id0,id1,dist): 126 143 2.2639538240091253
list:
dist: 2.2639538240091253 vs. 2.2639538240091253
--------
nle(id0,id1,dist): 126 144 2.5386861947691894
list:
dist: 2.5386861947691894 vs. 2.5386861947691894
--------
nle(id0,id1,dist): 126 145 1.7976453643504877
list:
dist: 1.7976453643504877 vs. 1.7976453643504877
--------
nle(id0,id1,dist): 126 146 3.1622334482337955
list:
dist: 3.1622334482337955 vs. 3.1622334482337955
--------
nle(id0,id1,dist): 126 147 2.2075025635726497
list:
dist: 2.2075025635726497 vs. 2.2075025635726497
--------
nle(id0,id1,dist): 126 148 2.4241133493279112
list:
dist: 2.4241133493279112 vs. 2.4241133493279112
--------
nle(id0,id1,dist): 126 149 2.5991728361957325
list:
dist: 2.5991728361957325 vs. 2.5991728361957325
--------
nle(id0,id1,dist): 126 128 0.15049964411890862
list:
dist: 0.15049964411890862 vs. 0.15049964411890862
--------
nle(id0,id1,dist): 126 127 1.008975551161424
list:
dist: 1.008975551161424 vs. 1.008975551161424
--------
nle(id0,id1,dist): 126 130 0.8289034412751511
list:
dist: 0.8289034412751511 vs. 0.8289034412751511
--------
nle(id0,id1,dist): 126 129 0.8299100337311865
list:
dist: 0.8299100337311865 vs. 0.8299100337311865
--------
nle(id0,id1,dist): 126 132 1.8500087171072872
list:
dist: 1.8500087171072872 vs. 1.8500087171072872
--------
nle(id0,id1,dist): 126 131 2.3006457013008954
list:
dist: 2.3006457013008954 vs. 2.3006457013008954
--------
nle(id0,id1,dist): 126 134 1.498445557952088
list:
dist: 1.498445557952088 vs. 1.498445557952088
--------
nle(id0,id1,dist): 126 133 1.2517048601162417
list:
dist: 1.2517048601162417 vs. 1.2517048601162417
--------
nle(id0,id1,dist): 126 136 1.7420752352532758
list:
dist: 1.7420752352532758 vs. 1.7420752352532758
--------
nle(id0,id1,dist): 126 135 1.8578274227845544
list:
dist: 1.8578274227845544 vs. 1.8578274227845544
--------
nle(id0,id1,dist): 126 138 1.0756224526376297
list:
dist: 1.0756224526376297 vs. 1.0756224526376297
--------
nle(id0,id1,dist): 126 137 1.7997337588303932
list:
dist: 1.7997337588303932 vs. 1.7997337588303932
--------
nle(id0,id1,dist): 125 147 2.8276407192974364
list:
dist: 2.8276407192974364 vs. 2.8276407192974364
--------
nle(id0,id1,dist): 125 144 2.7385402634675176
list:
dist: 2.7385402634675176 vs. 2.7385402634675176
--------
nle(id0,id1,dist): 125 145 2.5049116613160995
list:
dist: 2.5049116613160995 vs. 2.5049116613160995
--------
nle(id0,id1,dist): 125 131 2.2022138224995933
list:
dist: 2.2022138224995933 vs. 2.2022138224995933
--------
nle(id0,id1,dist): 125 130 0.6130221861163747
list:
dist: 0.6130221861163747 vs. 0.6130221861163747
--------
nle(id0,id1,dist): 125 129 1.5341990292066015
list:
dist: 1.5341990292066015 vs. 1.5341990292066015
--------
nle(id0,id1,dist): 125 128 1.2487458233123205
list:
dist: 1.2487458233123205 vs. 1.2487458233123205
--------
nle(id0,id1,dist): 125 135 2.227454794720092
list:
dist: 2.227454794720092 vs. 2.227454794720092
--------
nle(id0,id1,dist): 125 134 1.6088266011169636
list:
dist: 1.6088266011169636 vs. 1.6088266011169636
--------
nle(id0,id1,dist): 125 133 1.3880337435493082
list:
dist: 1.3880337435493082 vs. 1.3880337435493082
--------
nle(id0,id1,dist): 125 132 0.9561783398792063
list:
dist: 0.9561783398792063 vs. 0.9561783398792063
--------
nle(id0,id1,dist): 125 139 2.4714382633092313
list:
dist: 2.4714382633092313 vs. 2.4714382633092313
--------
nle(id0,id1,dist): 125 138 2.0523471098867563
list:
dist: 2.0523471098867563 vs. 2.0523471098867563
--------
nle(id0,id1,dist): 125 136 2.070688250183686
list:
dist: 2.070688250183686 vs. 2.070688250183686
--------
nle(id0,id1,dist): 125 143 2.1809142882644097
list:
dist: 2.1809142882644097 vs. 2.1809142882644097
--------
nle(id0,id1,dist): 125 140 1.7969035563870406
list:
dist: 1.7969035563870406 vs. 1.7969035563870406
2. Check the NeighborList query for coordinates against the neighbor list for consistency
list:
dist: 1.0283121833287516 vs. 1.0283121833287516
list:
dist: 0.953741626349047 vs. 0.953741626349047
list:
dist: 0.5734219439764956 vs. 0.5734219439764956
list:
dist: 1.1056632944947524 vs. 1.1056632944947524
list:
dist: 1.7105812779682872 vs. 1.7105812779682872
list:
dist: 1.8592048491103543 vs. 1.8592048491103543
list:
dist: 1.114550258632027 vs. 1.114550258632027
list:
dist: 1.1094135924450301 vs. 1.1094135924450301
list:
dist: 1.496555550717659 vs. 1.496555550717659
list:
dist: 2.25327579024719 vs. 2.25327579024719
list:
dist: 1.7107339475383494 vs. 1.7107339475383494
list:
dist: 2.0750488292348064 vs. 2.0750488292348064
list:
dist: 2.019722813613007 vs. 2.019722813613007
list:
dist: 2.984477025019676 vs. 2.984477025019676
list:
dist: 2.128545731498885 vs. 2.128545731498885
list:
dist: 2.6356119745351245 vs. 2.6356119745351245
list:
dist: 2.203424216537668 vs. 2.203424216537668
list:
dist: 2.835185925083007 vs. 2.835185925083007
list:
dist: 2.5899337452199056 vs. 2.5899337452199056
list:
dist: 2.413765971363127 vs. 2.413765971363127
list:
dist: 2.8411676707845706 vs. 2.8411676707845706
list:
dist: 2.9417158861027985 vs. 2.9417158861027985
list:
dist: 3.371432511423406 vs. 3.371432511423406
list:
dist: 3.06099509433754 vs. 3.06099509433754
list:
dist: 3.0918525416349127 vs. 3.0918525416349127
list:
dist: 1.9273677895431907 vs. 1.9273677895431907
list:
dist: 0.953741626349047 vs. 0.953741626349047
list:
dist: 1.0102609138244214 vs. 1.0102609138244214
list:
dist: 1.335458768382613 vs. 1.335458768382613
list:
dist: 0.5299137799663053 vs. 0.5299137799663053
list:
dist: 1.415182920399468 vs. 1.415182920399468
list:
dist: 1.226525901530921 vs. 1.226525901530921
list:
dist: 1.592081400759683 vs. 1.592081400759683
list:
dist: 1.6405964966939028 vs. 1.6405964966939028
list:
dist: 1.042777481087448 vs. 1.042777481087448
list:
dist: 2.0857761020251258 vs. 2.0857761020251258
list:
dist: 1.3744055351601185 vs. 1.3744055351601185
list:
dist: 2.388776311991398 vs. 2.388776311991398
list:
dist: 2.8118525099773604 vs. 2.8118525099773604
list:
dist: 3.6677129019912296 vs. 3.6677129019912296
list:
dist: 2.6891426655364254 vs. 2.6891426655364254
list:
dist: 3.0979880691817354 vs. 3.0979880691817354
list:
dist: 2.6140651432557136 vs. 2.6140651432557136
list:
dist: 2.9688050728981223 vs. 2.9688050728981223
list:
dist: 2.9079683583471074 vs. 2.9079683583471074
list:
dist: 2.8975911315303766 vs. 2.8975911315303766
list:
dist: 3.1808568176299614 vs. 3.1808568176299614
list:
dist: 3.299322932464014 vs. 3.299322932464014
list:
dist: 3.865809157977279 vs. 3.865809157977279
list:
dist: 3.612098161967202 vs. 3.612098161967202
list:
dist: 3.432023399870999 vs. 3.432023399870999
list:
dist: 2.348507268873635 vs. 2.348507268873635
list:
dist: 1.0283121833287516 vs. 1.0283121833287516
list:
dist: 1.0102609138244214 vs. 1.0102609138244214
list:
dist: 1.0536625795141676 vs. 1.0536625795141676
list:
dist: 0.7193594588067727 vs. 0.7193594588067727
list:
dist: 1.0610266165267908 vs. 1.0610266165267908
list:
dist: 1.0492594935217983 vs. 1.0492594935217983
list:
dist: 1.7391481269195954 vs. 1.7391481269195954
list:
dist: 1.7449251191814397 vs. 1.7449251191814397
list:
dist: 1.8871925816168864 vs. 1.8871925816168864
list:
dist: 2.2784192969603745 vs. 2.2784192969603745
list:
dist: 1.7959310742301333 vs. 1.7959310742301333
list:
dist: 1.7894814843180853 vs. 1.7894814843180853
list:
dist: 2.5862986700002697 vs. 2.5862986700002697
list:
dist: 3.493384526952313 vs. 3.493384526952313
list:
dist: 2.6272782050542496 vs. 2.6272782050542496
list:
dist: 3.246083766048429 vs. 3.246083766048429
list:
dist: 2.3350513873764838 vs. 2.3350513873764838
list:
dist: 2.7868391814655338 vs. 2.7868391814655338
list:
dist: 2.4943114938901823 vs. 2.4943114938901823
list:
dist: 2.6442229385509073 vs. 2.6442229385509073
list:
dist: 2.951881406700515 vs. 2.951881406700515
list:
dist: 3.3187418844633667 vs. 3.3187418844633667
list:
dist: 3.5797721056376512 vs. 3.5797721056376512
list:
dist: 3.4714463162770937 vs. 3.4714463162770937
list:
dist: 3.2386526823671122 vs. 3.2386526823671122
list:
dist: 2.0193890878939493 vs. 2.0193890878939493
list:
dist: 1.496555550717659 vs. 1.496555550717659
list:
dist: 1.8871925816168864 vs. 1.8871925816168864
list:
dist: 1.042777481087448 vs. 1.042777481087448
list:
dist: 1.757081639302383 vs. 1.757081639302383
list:
dist: 1.267066096218182 vs. 1.267066096218182
list:
dist: 1.8166201280358927 vs. 1.8166201280358927
list:
dist: 1.9162733705082495 vs. 1.9162733705082495
list:
dist: 1.39930680831291 vs. 1.39930680831291
list:
dist: 1.4863521592248945 vs. 1.4863521592248945
list:
dist: 1.5916383988954592 vs. 1.5916383988954592
list:
dist: 0.8830841912770299 vs. 0.8830841912770299
list:
dist: 2.6152303991524364 vs. 2.6152303991524364
list:
dist: 2.77395138892815 vs. 2.77395138892815
list:
dist: 3.417431917952729 vs. 3.417431917952729
list:
dist: 2.3971889387144603 vs. 2.3971889387144603
list:
dist: 2.5492604187092485 vs. 2.5492604187092485
list:
dist: 2.4856727106815333 vs. 2.4856727106815333
list:
dist: 2.6835435391249325 vs. 2.6835435391249325
list:
dist: 2.864756616835801 vs. 2.864756616835801
list:
dist: 2.716434169899174 vs. 2.716434169899174
list:
dist: 2.9160993306027825 vs. 2.9160993306027825
list:
dist: 2.791120146300627 vs. 2.791120146300627
list:
dist: 3.61935848348889 vs. 3.61935848348889
list:
dist: 3.2725663072839972 vs. 3.2725663072839972
list:
dist: 3.106464833637943 vs. 3.106464833637943
list:
dist: 2.3206408980604025 vs. 2.3206408980604025
list:
dist: 3.937501038630127 vs. 3.937501038630127
list:
dist: 4.221105743867585 vs. 4.221105743867585
list:
dist: 5.115079328279378 vs. 5.115079328279378
list:
dist: 4.447682238659456 vs. 4.447682238659456
list:
dist: 4.7716673431341485 vs. 4.7716673431341485
list:
dist: 5.608127531496139 vs. 5.608127531496139
list:
dist: 1.7107339475383494 vs. 1.7107339475383494
list:
dist: 1.7959310742301333 vs. 1.7959310742301333
list:
dist: 1.3744055351601185 vs. 1.3744055351601185
list:
dist: 1.6930426110437249 vs. 1.6930426110437249
list:
dist: 1.2260117234186505 vs. 1.2260117234186505
list:
dist: 1.2726602424713915 vs. 1.2726602424713915
list:
dist: 1.7111924315741172 vs. 1.7111924315741172
list:
dist: 1.2689573980087092 vs. 1.2689573980087092
list:
dist: 1.3551718075434647 vs. 1.3551718075434647
list:
dist: 0.8830841912770299 vs. 0.8830841912770299
list:
dist: 0.7604620339498599 vs. 0.7604620339498599
list:
dist: 1.9673203071229148 vs. 1.9673203071229148
list:
dist: 2.553751185018466 vs. 2.553751185018466
list:
dist: 3.0692582207542887 vs. 3.0692582207542887
list:
dist: 2.0322645265751134 vs. 2.0322645265751134
list:
dist: 2.279602484276324 vs. 2.279602484276324
list:
dist: 1.8634798121924931 vs. 1.8634798121924931
list:
dist: 1.875515294073923 vs. 1.875515294073923
list:
dist: 2.1335033417517977 vs. 2.1335033417517977
list:
dist: 2.1464731323561077 vs. 2.1464731323561077
list:
dist: 2.222846058871031 vs. 2.222846058871031
list:
dist: 2.2688071623884953 vs. 2.2688071623884953
list:
dist: 3.0109429729833304 vs. 3.0109429729833304
list:
dist: 2.8062377446500184 vs. 2.8062377446500184
list:
dist: 2.423591605967236 vs. 2.423591605967236
list:
dist: 1.7266150895024905 vs. 1.7266150895024905
list:
dist: 3.633866439149562 vs. 3.633866439149562
list:
dist: 3.642312884140491 vs. 3.642312884140491
list:
dist: 4.505591612000915 vs. 4.505591612000915
list:
dist: 3.705722177900691 vs. 3.705722177900691
list:
dist: 4.120210364265958 vs. 4.120210364265958
list:
dist: 4.930985063048425 vs. 4.930985063048425
list:
dist: 1.1056632944947524 vs. 1.1056632944947524
list:
dist: 0.7193594588067727 vs. 0.7193594588067727
list:
dist: 0.5299137799663053 vs. 0.5299137799663053
list:
dist: 1.2671780475449295 vs. 1.2671780475449295
list:
dist: 0.8949936760650723 vs. 0.8949936760650723
list:
dist: 0.8197083438348085 vs. 0.8197083438348085
list:
dist: 1.5818331209141316 vs. 1.5818331209141316
list:
dist: 1.6262681227264646 vs. 1.6262681227264646
list:
dist: 1.267066096218182 vs. 1.267066096218182
list:
dist: 1.8396710509840988 vs. 1.8396710509840988
list:
dist: 1.2260117234186505 vs. 1.2260117234186505
list:
dist: 1.9833932249749278 vs. 1.9833932249749278
list:
dist: 2.7431703207297593 vs. 2.7431703207297593
list:
dist: 3.560459866804545 vs. 3.560459866804545
list:
dist: 2.581954982264338 vs. 2.581954982264338
list:
dist: 3.0678419574145073 vs. 3.0678419574145073
list:
dist: 2.3400777592480684 vs. 2.3400777592480684
list:
dist: 2.629680975031852 vs. 2.629680975031852
list:
dist: 2.5448375684265057 vs. 2.5448375684265057
list:
dist: 2.66207790737327 vs. 2.66207790737327
list:
dist: 2.8949557160447994 vs. 2.8949557160447994
list:
dist: 3.143739267013292 vs. 3.143739267013292
list:
dist: 3.614971795030007 vs. 3.614971795030007
list:
dist: 3.45569296924504 vs. 3.45569296924504
list:
dist: 3.1609946931559527 vs. 3.1609946931559527
list:
dist: 2.063509150767716 vs. 2.063509150767716
list:
dist: 1.7105812779682872 vs. 1.7105812779682872
list:
dist: 1.0610266165267908 vs. 1.0610266165267908
list:
dist: 1.415182920399468 vs. 1.415182920399468
list:
dist: 1.5546163314544132 vs. 1.5546163314544132
list:
dist: 0.8949936760650723 vs. 0.8949936760650723
list:
dist: 0.873523279878123 vs. 0.873523279878123
list:
dist: 1.7839672720109545 vs. 1.7839672720109545
list:
dist: 1.8189453637641697 vs. 1.8189453637641697
list:
dist: 1.8166201280358927 vs. 1.8166201280358927
list:
dist: 1.525344827872739 vs. 1.525344827872739
list:
dist: 1.2726602424713915 vs. 1.2726602424713915
list:
dist: 1.3967416356819966 vs. 1.3967416356819966
list:
dist: 2.739258819688365 vs. 2.739258819688365
list:
dist: 3.4055449709615564 vs. 3.4055449709615564
list:
dist: 2.4775266366683866 vs. 2.4775266366683866
list:
dist: 3.034110109816036 vs. 3.034110109816036
list:
dist: 1.9489277953974369 vs. 1.9489277953974369
list:
dist: 2.0450637771873676 vs. 2.0450637771873676
list:
dist: 1.9546124937992584 vs. 1.9546124937992584
list:
dist: 2.318590760107646 vs. 2.318590760107646
list:
dist: 2.4166450888967046 vs. 2.4166450888967046
list:
dist: 2.879658595932168 vs. 2.879658595932168
list:
dist: 3.18321274428705 vs. 3.18321274428705
list:
dist: 3.1987758217136433 vs. 3.1987758217136433
list:
dist: 2.6917505067725584 vs. 2.6917505067725584
list:
dist: 1.6957137269379308 vs. 1.6957137269379308
list:
dist: 1.8592048491103543 vs. 1.8592048491103543
list:
dist: 1.0492594935217983 vs. 1.0492594935217983
list:
dist: 1.226525901530921 vs. 1.226525901530921
list:
dist: 1.9447485211324076 vs. 1.9447485211324076
list:
dist: 0.8197083438348085 vs. 0.8197083438348085
list:
dist: 0.873523279878123 vs. 0.873523279878123
list:
dist: 2.321229453943851 vs. 2.321229453943851
list:
dist: 2.3630598596826284 vs. 2.3630598596826284
list:
dist: 1.9162733705082495 vs. 1.9162733705082495
list:
dist: 2.189169008530547 vs. 2.189169008530547
list:
dist: 1.7111924315741172 vs. 1.7111924315741172
list:
dist: 2.2080385219984477 vs. 2.2080385219984477
list:
dist: 3.390681179279214 vs. 3.390681179279214
list:
dist: 4.163305696100397 vs. 4.163305696100397
list:
dist: 3.208548987735989 vs. 3.208548987735989
list:
dist: 3.7287643953548693 vs. 3.7287643953548693
list:
dist: 2.78284364572153 vs. 2.78284364572153
list:
dist: 2.897464030838432 vs. 2.897464030838432
list:
dist: 2.8224008126833855 vs. 2.8224008126833855
list:
dist: 3.142484773280303 vs. 3.142484773280303
list:
dist: 3.2771346359398086 vs. 3.2771346359398086
list:
dist: 3.671283712228204 vs. 3.671283712228204
list:
dist: 4.038025301261702 vs. 4.038025301261702
list:
dist: 4.003864455542352 vs. 4.003864455542352
list:
dist: 3.550001958117517 vs. 3.550001958117517
list:
dist: 2.5116281176336823 vs. 2.5116281176336823
list:
dist: 2.25327579024719 vs. 2.25327579024719
list:
dist: 2.2784192969603745 vs. 2.2784192969603745
list:
dist: 2.0857761020251258 vs. 2.0857761020251258
list:
dist: 2.060923061129506 vs. 2.060923061129506
list:
dist: 1.8396710509840988 vs. 1.8396710509840988
list:
dist: 1.525344827872739 vs. 1.525344827872739
list:
dist: 2.189169008530547 vs. 2.189169008530547
list:
dist: 1.513742815283273 vs. 1.513742815283273
list:
dist: 1.5819566714733204 vs. 1.5819566714733204
list:
dist: 1.5916383988954592 vs. 1.5916383988954592
list:
dist: 0.7604620339498599 vs. 0.7604620339498599
list:
dist: 1.7831188194932395 vs. 1.7831188194932395
list:
dist: 2.5077294612301206 vs. 2.5077294612301206
list:
dist: 2.782137090016553 vs. 2.782137090016553
list:
dist: 1.8254919708181079 vs. 1.8254919708181079
list:
dist: 2.023546140639427 vs. 2.023546140639427
list:
dist: 1.5082590441925154 vs. 1.5082590441925154
list:
dist: 1.216883112221695 vs. 1.216883112221695
list:
dist: 1.682534539708165 vs. 1.682534539708165
list:
dist: 1.7717156655816146 vs. 1.7717156655816146
list:
dist: 1.6666729445444752 vs. 1.6666729445444752
list:
dist: 1.7693752024543794 vs. 1.7693752024543794
list:
dist: 2.4936232975925847 vs. 2.4936232975925847
list:
dist: 2.39319272888948 vs. 2.39319272888948
list:
dist: 1.8303961857061362 vs. 1.8303961857061362
list:
dist: 1.487501334751301 vs. 1.487501334751301
list:
dist: 3.3093853167123037 vs. 3.3093853167123037
list:
dist: 2.983632701580169 vs. 2.983632701580169
list:
dist: 3.8117617607029146 vs. 3.8117617607029146
list:
dist: 2.953497101590925 vs. 2.953497101590925
list:
dist: 3.4193059024676815 vs. 3.4193059024676815
list:
dist: 4.200065056178892 vs. 4.200065056178892
list:
dist: 0.5734219439764956 vs. 0.5734219439764956
list:
dist: 1.0536625795141676 vs. 1.0536625795141676
list:
dist: 1.335458768382613 vs. 1.335458768382613
list:
dist: 1.2671780475449295 vs. 1.2671780475449295
list:
dist: 1.5546163314544132 vs. 1.5546163314544132
list:
dist: 1.9447485211324076 vs. 1.9447485211324076
list:
dist: 0.9040181609095327 vs. 0.9040181609095327
list:
dist: 0.8660147512573698 vs. 0.8660147512573698
list:
dist: 1.757081639302383 vs. 1.757081639302383
list:
dist: 2.060923061129506 vs. 2.060923061129506
list:
dist: 1.6930426110437249 vs. 1.6930426110437249
list:
dist: 1.5625194734125176 vs. 1.5625194734125176
list:
dist: 1.5880796946822993 vs. 1.5880796946822993
list:
dist: 2.5475644080240714 vs. 2.5475644080240714
list:
dist: 1.7265764770725065 vs. 1.7265764770725065
list:
dist: 2.3511594300131167 vs. 2.3511594300131167
list:
dist: 1.7081927963538195 vs. 1.7081927963538195
list:
dist: 2.416703607840285 vs. 2.416703607840285
list:
dist: 2.0770244723822824 vs. 2.0770244723822824
list:
dist: 1.9183051387410517 vs. 1.9183051387410517
list:
dist: 2.3665957674474574 vs. 2.3665957674474574
list:
dist: 2.5680515110783952 vs. 2.5680515110783952
list:
dist: 2.865246734754944 vs. 2.865246734754944
list:
dist: 2.615675926933293 vs. 2.615675926933293
list:
dist: 2.6272736796561698 vs. 2.6272736796561698
list:
dist: 1.4191669590196703 vs. 1.4191669590196703
list:
dist: 1.114550258632027 vs. 1.114550258632027
list:
dist: 1.7391481269195954 vs. 1.7391481269195954
list:
dist: 1.592081400759683 vs. 1.592081400759683
list:
dist: 0.9040181609095327 vs. 0.9040181609095327
list:
dist: 1.5818331209141316 vs. 1.5818331209141316
list:
dist: 1.7839672720109545 vs. 1.7839672720109545
list:
dist: 2.321229453943851 vs. 2.321229453943851
list:
dist: 0.09521440660824729 vs. 0.09521440660824729
list:
dist: 1.39930680831291 vs. 1.39930680831291
list:
dist: 1.513742815283273 vs. 1.513742815283273
list:
dist: 1.2689573980087092 vs. 1.2689573980087092
list:
dist: 1.7106098117493636 vs. 1.7106098117493636
list:
dist: 1.381633214623013 vs. 1.381633214623013
list:
dist: 2.1058396206970253 vs. 2.1058396206970253
list:
dist: 1.1223708521333555 vs. 1.1223708521333555
list:
dist: 1.5590226458573666 vs. 1.5590226458573666
list:
dist: 1.3632035622074679 vs. 1.3632035622074679
list:
dist: 1.9777877772831964 vs. 1.9777877772831964
list:
dist: 1.88323677231751 vs. 1.88323677231751
list:
dist: 1.512887765030887 vs. 1.512887765030887
list:
dist: 1.9105999008965522 vs. 1.9105999008965522
list:
dist: 1.8491302086580912 vs. 1.8491302086580912
list:
dist: 2.4481883638684585 vs. 2.4481883638684585
list:
dist: 2.0682292758105607 vs. 2.0682292758105607
list:
dist: 2.118514503303999 vs. 2.118514503303999
list:
dist: 1.1972493571464335 vs. 1.1972493571464335
list:
dist: 2.7129495983809204 vs. 2.7129495983809204
list:
dist: 3.5181732807145534 vs. 3.5181732807145534
list:
dist: 1.9273677895431907 vs. 1.9273677895431907
list:
dist: 2.0193890878939493 vs. 2.0193890878939493
list:
dist: 2.348507268873635 vs. 2.348507268873635
list:
dist: 1.4191669590196703 vs. 1.4191669590196703
list:
dist: 2.063509150767716 vs. 2.063509150767716
list:
dist: 1.6957137269379308 vs. 1.6957137269379308
list:
dist: 2.5116281176336823 vs. 2.5116281176336823
list:
dist: 1.1972493571464335 vs. 1.1972493571464335
list:
dist: 1.1672014584972372 vs. 1.1672014584972372
list:
dist: 2.3206408980604025 vs. 2.3206408980604025
list:
dist: 1.487501334751301 vs. 1.487501334751301
list:
dist: 1.7266150895024905 vs. 1.7266150895024905
list:
dist: 0.7547815650124153 vs. 0.7547815650124153
list:
dist: 1.3258121495029298 vs. 1.3258121495029298
list:
dist: 1.7470650521426292 vs. 1.7470650521426292
list:
dist: 0.9870258995041991 vs. 0.9870258995041991
list:
dist: 1.6990192148326597 vs. 1.6990192148326597
list:
dist: 0.3229603439874097 vs. 0.3229603439874097
list:
dist: 1.1285747245050248 vs. 1.1285747245050248
list:
dist: 0.7133645586312084 vs. 0.7133645586312084
list:
dist: 0.6483908937908085 vs. 0.6483908937908085
list:
dist: 0.977354820889432 vs. 0.977354820889432
list:
dist: 1.4803453937210798 vs. 1.4803453937210798
list:
dist: 1.5705423360058237 vs. 1.5705423360058237
list:
dist: 1.5496350377752075 vs. 1.5496350377752075
list:
dist: 1.2594630529124964 vs. 1.2594630529124964
list:
dist: 2.457269140943696 vs. 2.457269140943696
list:
dist: 3.0301028756816906 vs. 3.0301028756816906
list:
dist: 4.2989543303165725 vs. 4.2989543303165725
list:
dist: 3.280446337307721 vs. 3.280446337307721
list:
dist: 3.3225180819303435 vs. 3.3225180819303435
list:
dist: 4.282583598461114 vs. 4.282583598461114
list:
dist: 2.3582124598736205 vs. 2.3582124598736205
list:
dist: 3.7262170991386663 vs. 3.7262170991386663
list:
dist: 3.553149539404283 vs. 3.553149539404283
list:
dist: 3.738664969934313 vs. 3.738664969934313
list:
dist: 4.725907854772125 vs. 4.725907854772125
list:
dist: 4.555231210615908 vs. 4.555231210615908
list:
dist: 4.549949275386554 vs. 4.549949275386554
list:
dist: 4.828934258499263 vs. 4.828934258499263
list:
dist: 4.964123289994865 vs. 4.964123289994865
list:
dist: 4.646615242829023 vs. 4.646615242829023
list:
dist: 5.139959039445848 vs. 5.139959039445848
list:
dist: 4.051969784618932 vs. 4.051969784618932
list:
dist: 4.058300727678936 vs. 4.058300727678936
list:
dist: 3.9156257391244087 vs. 3.9156257391244087
list:
dist: 3.3539212207820017 vs. 3.3539212207820017
list:
dist: 3.177846386806994 vs. 3.177846386806994
list:
dist: 3.434635776625 vs. 3.434635776625
list:
dist: 2.0750488292348064 vs. 2.0750488292348064
list:
dist: 1.7894814843180853 vs. 1.7894814843180853
list:
dist: 2.388776311991398 vs. 2.388776311991398
list:
dist: 1.5625194734125176 vs. 1.5625194734125176
list:
dist: 1.9833932249749278 vs. 1.9833932249749278
list:
dist: 1.3967416356819966 vs. 1.3967416356819966
list:
dist: 2.2080385219984477 vs. 2.2080385219984477
list:
dist: 1.7106098117493636 vs. 1.7106098117493636
list:
dist: 1.6857686952795046 vs. 1.6857686952795046
list:
dist: 2.6152303991524364 vs. 2.6152303991524364
list:
dist: 1.7831188194932395 vs. 1.7831188194932395
list:
dist: 1.9673203071229148 vs. 1.9673203071229148
list:
dist: 1.8784951789944173 vs. 1.8784951789944173
list:
dist: 2.3664798708627695 vs. 2.3664798708627695
list:
dist: 1.7297562734932177 vs. 1.7297562734932177
list:
dist: 2.4525908109214622 vs. 2.4525908109214622
list:
dist: 0.969024611810767 vs. 0.969024611810767
list:
dist: 1.3867093549108132 vs. 1.3867093549108132
list:
dist: 0.8009909301476872 vs. 0.8009909301476872
list:
dist: 1.2838264261378007 vs. 1.2838264261378007
list:
dist: 1.4387162014769603 vs. 1.4387162014769603
list:
dist: 2.1565526235331083 vs. 2.1565526235331083
list:
dist: 2.0101451862473416 vs. 2.0101451862473416
list:
dist: 2.1881603617315317 vs. 2.1881603617315317
list:
dist: 1.7300614572606652 vs. 1.7300614572606652
list:
dist: 0.7547815650124153 vs. 0.7547815650124153
list:
dist: 2.749369769755351 vs. 2.749369769755351
list:
dist: 3.8292709717477194 vs. 3.8292709717477194
list:
dist: 2.128545731498885 vs. 2.128545731498885
list:
dist: 2.6272782050542496 vs. 2.6272782050542496
list:
dist: 2.6891426655364254 vs. 2.6891426655364254
list:
dist: 1.7265764770725065 vs. 1.7265764770725065
list:
dist: 2.581954982264338 vs. 2.581954982264338
list:
dist: 2.4775266366683866 vs. 2.4775266366683866
list:
dist: 3.208548987735989 vs. 3.208548987735989
list:
dist: 1.1223708521333555 vs. 1.1223708521333555
list:
dist: 1.0787338080521223 vs. 1.0787338080521223
list:
dist: 2.3971889387144603 vs. 2.3971889387144603
list:
dist: 1.8254919708181079 vs. 1.8254919708181079
list:
dist: 2.0322645265751134 vs. 2.0322645265751134
list:
dist: 1.7297562734932177 vs. 1.7297562734932177
list:
dist: 0.8496860697857055 vs. 0.8496860697857055
list:
dist: 1.0427816167946788 vs. 1.0427816167946788
list:
dist: 0.8003400506088331 vs. 0.8003400506088331
list:
dist: 0.8779711265948598 vs. 0.8779711265948598
list:
dist: 1.602937262941197 vs. 1.602937262941197
list:
dist: 1.4606843142728447 vs. 1.4606843142728447
list:
dist: 0.7086741703823299 vs. 0.7086741703823299
list:
dist: 1.1790587860867752 vs. 1.1790587860867752
list:
dist: 0.9801864008203144 vs. 0.9801864008203144
list:
dist: 1.431775470899456 vs. 1.431775470899456
list:
dist: 0.9519588617521381 vs. 0.9519588617521381
list:
dist: 1.2937081824440282 vs. 1.2937081824440282
list:
dist: 0.9870258995041991 vs. 0.9870258995041991
list:
dist: 1.6618356499635911 vs. 1.6618356499635911
list:
dist: 2.6534335288023376 vs. 2.6534335288023376
list:
dist: 2.140266716639998 vs. 2.140266716639998
list:
dist: 3.207440170617271 vs. 3.207440170617271
list:
dist: 3.648301266819773 vs. 3.648301266819773
list:
dist: 2.203424216537668 vs. 2.203424216537668
list:
dist: 2.3350513873764838 vs. 2.3350513873764838
list:
dist: 2.6140651432557136 vs. 2.6140651432557136
list:
dist: 1.7081927963538195 vs. 1.7081927963538195
list:
dist: 2.3400777592480684 vs. 2.3400777592480684
list:
dist: 1.9489277953974369 vs. 1.9489277953974369
list:
dist: 2.78284364572153 vs. 2.78284364572153
list:
dist: 1.3632035622074679 vs. 1.3632035622074679
list:
dist: 1.3365774443836562 vs. 1.3365774443836562
list:
dist: 2.4856727106815333 vs. 2.4856727106815333
list:
dist: 1.5082590441925154 vs. 1.5082590441925154
list:
dist: 1.8634798121924931 vs. 1.8634798121924931
list:
dist: 0.969024611810767 vs. 0.969024611810767
list:
dist: 1.3496503462490355 vs. 1.3496503462490355
list:
dist: 1.5615835002933114 vs. 1.5615835002933114
list:
dist: 0.8779711265948598 vs. 0.8779711265948598
list:
dist: 1.5291133571788182 vs. 1.5291133571788182
list:
dist: 0.9456719399638664 vs. 0.9456719399638664
list:
dist: 0.6022083704858675 vs. 0.6022083704858675
list:
dist: 0.37645804605589606 vs. 0.37645804605589606
list:
dist: 0.667149846541429 vs. 0.667149846541429
list:
dist: 1.2046580204903008 vs. 1.2046580204903008
list:
dist: 1.2763597714648791 vs. 1.2763597714648791
list:
dist: 1.2824220578073628 vs. 1.2824220578073628
list:
dist: 0.9415508989536987 vs. 0.9415508989536987
list:
dist: 0.3229603439874097 vs. 0.3229603439874097
list:
dist: 2.2394937448288346 vs. 2.2394937448288346
list:
dist: 2.7183620254354555 vs. 2.7183620254354555
list:
dist: 4.013384396552507 vs. 4.013384396552507
list:
dist: 3.0047539495030757 vs. 3.0047539495030757
list:
dist: 3.003451798082858 vs. 3.003451798082858
list:
dist: 3.9717337502600647 vs. 3.9717337502600647
list:
dist: 2.0597720485242164 vs. 2.0597720485242164
list:
dist: 3.4539875619041602 vs. 3.4539875619041602
list:
dist: 3.2302203018048647 vs. 3.2302203018048647
list:
dist: 3.442179287972734 vs. 3.442179287972734
list:
dist: 4.421676146670232 vs. 4.421676146670232
list:
dist: 4.256959668736711 vs. 4.256959668736711
list:
dist: 4.264974575573118 vs. 4.264974575573118
list:
dist: 4.515802085022472 vs. 4.515802085022472
list:
dist: 4.663369995591436 vs. 4.663369995591436
list:
dist: 4.375866513857063 vs. 4.375866513857063
list:
dist: 4.83961492292693 vs. 4.83961492292693
list:
dist: 3.742025841447896 vs. 3.742025841447896
list:
dist: 3.7834951968676434 vs. 3.7834951968676434
list:
dist: 3.6263190050300644 vs. 3.6263190050300644
list:
dist: 3.0379054880786915 vs. 3.0379054880786915
list:
dist: 2.888916294661933 vs. 2.888916294661933
list:
dist: 3.1513273250780665 vs. 3.1513273250780665
list:
dist: 2.6356119745351245 vs. 2.6356119745351245
list:
dist: 3.246083766048429 vs. 3.246083766048429
list:
dist: 3.0979880691817354 vs. 3.0979880691817354
list:
dist: 2.3511594300131167 vs. 2.3511594300131167
list:
dist: 3.0678419574145073 vs. 3.0678419574145073
list:
dist: 3.034110109816036 vs. 3.034110109816036
list:
dist: 3.7287643953548693 vs. 3.7287643953548693
list:
dist: 1.5590226458573666 vs. 1.5590226458573666
list:
dist: 1.5480455420103179 vs. 1.5480455420103179
list:
dist: 2.5492604187092485 vs. 2.5492604187092485
list:
dist: 2.023546140639427 vs. 2.023546140639427
list:
dist: 2.279602484276324 vs. 2.279602484276324
list:
dist: 2.4525908109214622 vs. 2.4525908109214622
list:
dist: 1.4586527856038485 vs. 1.4586527856038485
list:
dist: 1.2207889758490371 vs. 1.2207889758490371
list:
dist: 0.8003400506088331 vs. 0.8003400506088331
list:
dist: 1.5291133571788182 vs. 1.5291133571788182
list:
dist: 1.9320933315851987 vs. 1.9320933315851987
list:
dist: 2.057624287747058 vs. 2.057624287747058
list:
dist: 1.3263920078929812 vs. 1.3263920078929812
list:
dist: 1.5541486447874804 vs. 1.5541486447874804
list:
dist: 0.8076360013751661 vs. 0.8076360013751661
list:
dist: 1.6944034352256192 vs. 1.6944034352256192
list:
dist: 1.041657997285438 vs. 1.041657997285438
list:
dist: 1.530549448264938 vs. 1.530549448264938
list:
dist: 1.6990192148326597 vs. 1.6990192148326597
list:
dist: 1.477536827598469 vs. 1.477536827598469
list:
dist: 2.252007183785031 vs. 2.252007183785031
list:
dist: 2.21000575255423 vs. 2.21000575255423
list:
dist: 2.908170282925676 vs. 2.908170282925676
list:
dist: 3.635262571362484 vs. 3.635262571362484
list:
dist: 1.1094135924450301 vs. 1.1094135924450301
list:
dist: 1.7449251191814397 vs. 1.7449251191814397
list:
dist: 1.6405964966939028 vs. 1.6405964966939028
list:
dist: 0.8660147512573698 vs. 0.8660147512573698
list:
dist: 1.6262681227264646 vs. 1.6262681227264646
list:
dist: 1.8189453637641697 vs. 1.8189453637641697
list:
dist: 2.3630598596826284 vs. 2.3630598596826284
list:
dist: 0.09521440660824729 vs. 0.09521440660824729
list:
dist: 1.4863521592248945 vs. 1.4863521592248945
list:
dist: 1.5819566714733204 vs. 1.5819566714733204
list:
dist: 1.3551718075434647 vs. 1.3551718075434647
list:
dist: 1.6857686952795046 vs. 1.6857686952795046
list:
dist: 1.2945870008207483 vs. 1.2945870008207483
list:
dist: 2.044672999390695 vs. 2.044672999390695
list:
dist: 1.0787338080521223 vs. 1.0787338080521223
list:
dist: 1.5480455420103179 vs. 1.5480455420103179
list:
dist: 1.3365774443836562 vs. 1.3365774443836562
list:
dist: 1.99181110833781 vs. 1.99181110833781
list:
dist: 1.8632123773931328 vs. 1.8632123773931328
list:
dist: 1.475410344017992 vs. 1.475410344017992
list:
dist: 1.8964150427080677 vs. 1.8964150427080677
list:
dist: 1.8461344251029153 vs. 1.8461344251029153
list:
dist: 2.4101480516713303 vs. 2.4101480516713303
list:
dist: 2.027985658372485 vs. 2.027985658372485
list:
dist: 2.1057409632993602 vs. 2.1057409632993602
list:
dist: 1.1672014584972372 vs. 1.1672014584972372
list:
dist: 2.6608194918776977 vs. 2.6608194918776977
list:
dist: 3.52573186108293 vs. 3.52573186108293
list:
dist: 2.835185925083007 vs. 2.835185925083007
list:
dist: 2.7868391814655338 vs. 2.7868391814655338
list:
dist: 2.9688050728981223 vs. 2.9688050728981223
list:
dist: 2.416703607840285 vs. 2.416703607840285
list:
dist: 2.629680975031852 vs. 2.629680975031852
list:
dist: 2.0450637771873676 vs. 2.0450637771873676
list:
dist: 2.897464030838432 vs. 2.897464030838432
list:
dist: 1.9777877772831964 vs. 1.9777877772831964
list:
dist: 1.99181110833781 vs. 1.99181110833781
list:
dist: 2.6835435391249325 vs. 2.6835435391249325
list:
dist: 1.216883112221695 vs. 1.216883112221695
list:
dist: 1.875515294073923 vs. 1.875515294073923
list:
dist: 1.3867093549108132 vs. 1.3867093549108132
list:
dist: 2.2614832654591575 vs. 2.2614832654591575
list:
dist: 2.2161657889990707 vs. 2.2161657889990707
list:
dist: 1.602937262941197 vs. 1.602937262941197
list:
dist: 1.9320933315851987 vs. 1.9320933315851987
list:
dist: 0.9456719399638664 vs. 0.9456719399638664
list:
dist: 0.7852556192282989 vs. 0.7852556192282989
list:
dist: 1.11759602835757 vs. 1.11759602835757
list:
dist: 0.6809118539962811 vs. 0.6809118539962811
list:
dist: 1.2938998298117472 vs. 1.2938998298117472
list:
dist: 1.5009128767588968 vs. 1.5009128767588968
list:
dist: 1.7203152668675985 vs. 1.7203152668675985
list:
dist: 0.8307510260104796 vs. 0.8307510260104796
list:
dist: 1.1285747245050248 vs. 1.1285747245050248
list:
dist: 2.7428903001917435 vs. 2.7428903001917435
list:
dist: 2.3265196048635906 vs. 2.3265196048635906
list:
dist: 3.3414455825257403 vs. 3.3414455825257403
list:
dist: 2.240556442568799 vs. 2.240556442568799
list:
dist: 2.5623098131306916 vs. 2.5623098131306916
list:
dist: 3.3968007658428236 vs. 3.3968007658428236
list:
dist: 2.105721524803265 vs. 2.105721524803265
list:
dist: 2.8780753921332747 vs. 2.8780753921332747
list:
dist: 2.9241639278759424 vs. 2.9241639278759424
list:
dist: 3.191116073691369 vs. 3.191116073691369
list:
dist: 3.945197647525429 vs. 3.945197647525429
list:
dist: 3.7800781940530133 vs. 3.7800781940530133
list:
dist: 3.596869507099837 vs. 3.596869507099837
list:
dist: 4.110168309326473 vs. 4.110168309326473
list:
dist: 4.225486799609716 vs. 4.225486799609716
list:
dist: 3.772828317416158 vs. 3.772828317416158
list:
dist: 4.421047791790855 vs. 4.421047791790855
list:
dist: 3.388623125121274 vs. 3.388623125121274
list:
dist: 3.5478354117398934 vs. 3.5478354117398934
list:
dist: 2.9647960545177336 vs. 2.9647960545177336
list:
dist: 2.626761903124929 vs. 2.626761903124929
list:
dist: 2.4364018438078108 vs. 2.4364018438078108
list:
dist: 2.4865897391906877 vs. 2.4865897391906877
list:
dist: 2.5899337452199056 vs. 2.5899337452199056
list:
dist: 2.4943114938901823 vs. 2.4943114938901823
list:
dist: 2.9079683583471074 vs. 2.9079683583471074
list:
dist: 2.0770244723822824 vs. 2.0770244723822824
list:
dist: 2.5448375684265057 vs. 2.5448375684265057
list:
dist: 1.9546124937992584 vs. 1.9546124937992584
list:
dist: 2.8224008126833855 vs. 2.8224008126833855
list:
dist: 1.88323677231751 vs. 1.88323677231751
list:
dist: 1.8632123773931328 vs. 1.8632123773931328
list:
dist: 2.864756616835801 vs. 2.864756616835801
list:
dist: 1.682534539708165 vs. 1.682534539708165
list:
dist: 2.1335033417517977 vs. 2.1335033417517977
list:
dist: 0.8009909301476872 vs. 0.8009909301476872
list:
dist: 1.8459888717743322 vs. 1.8459888717743322
list:
dist: 1.9544013564552492 vs. 1.9544013564552492
list:
dist: 1.4606843142728447 vs. 1.4606843142728447
list:
dist: 2.057624287747058 vs. 2.057624287747058
list:
dist: 0.6022083704858675 vs. 0.6022083704858675
list:
dist: 0.7852556192282989 vs. 0.7852556192282989
list:
dist: 0.8098558699431727 vs. 0.8098558699431727
list:
dist: 0.7003393521496092 vs. 0.7003393521496092
list:
dist: 1.5574549315644741 vs. 1.5574549315644741
list:
dist: 1.314026750834686 vs. 1.314026750834686
list:
dist: 1.6178907995240548 vs. 1.6178907995240548
list:
dist: 0.9706462536674184 vs. 0.9706462536674184
list:
dist: 0.7133645586312084 vs. 0.7133645586312084
list:
dist: 2.604436095640561 vs. 2.604436095640561
list:
dist: 2.7889022892180524 vs. 2.7889022892180524
list:
dist: 3.9733055954486827 vs. 3.9733055954486827
list:
dist: 2.833906351513567 vs. 2.833906351513567
list:
dist: 2.9450879251112627 vs. 2.9450879251112627
list:
dist: 3.8463184602153278 vs. 3.8463184602153278
list:
dist: 2.0229549007162646 vs. 2.0229549007162646
list:
dist: 3.1013310609431572 vs. 3.1013310609431572
list:
dist: 3.213006467070023 vs. 3.213006467070023
list:
dist: 3.234511109022006 vs. 3.234511109022006
list:
dist: 4.188452978854967 vs. 4.188452978854967
list:
dist: 3.9957803545077932 vs. 3.9957803545077932
list:
dist: 3.972461075386146 vs. 3.972461075386146
list:
dist: 4.343450007751785 vs. 4.343450007751785
list:
dist: 4.416639573146736 vs. 4.416639573146736
list:
dist: 4.01401500534445 vs. 4.01401500534445
list:
dist: 4.594331336382968 vs. 4.594331336382968
list:
dist: 3.5641399860120124 vs. 3.5641399860120124
list:
dist: 3.505674666926182 vs. 3.505674666926182
list:
dist: 3.3638667388754766 vs. 3.3638667388754766
list:
dist: 2.901659706958042 vs. 2.901659706958042
list:
dist: 2.6008873252429927 vs. 2.6008873252429927
list:
dist: 2.868259433811243 vs. 2.868259433811243
list:
dist: 3.06099509433754 vs. 3.06099509433754
list:
dist: 3.4714463162770937 vs. 3.4714463162770937
list:
dist: 3.612098161967202 vs. 3.612098161967202
list:
dist: 2.615675926933293 vs. 2.615675926933293
list:
dist: 3.45569296924504 vs. 3.45569296924504
list:
dist: 3.1987758217136433 vs. 3.1987758217136433
list:
dist: 4.003864455542352 vs. 4.003864455542352
list:
dist: 2.0682292758105607 vs. 2.0682292758105607
list:
dist: 2.027985658372485 vs. 2.027985658372485
list:
dist: 3.2725663072839972 vs. 3.2725663072839972
list:
dist: 2.39319272888948 vs. 2.39319272888948
list:
dist: 2.8062377446500184 vs. 2.8062377446500184
list:
dist: 2.1881603617315317 vs. 2.1881603617315317
list:
dist: 1.3791380947041225 vs. 1.3791380947041225
list:
dist: 0.6155366763910739 vs. 0.6155366763910739
list:
dist: 0.9519588617521381 vs. 0.9519588617521381
list:
dist: 1.041657997285438 vs. 1.041657997285438
list:
dist: 1.2824220578073628 vs. 1.2824220578073628
list:
dist: 1.7203152668675985 vs. 1.7203152668675985
list:
dist: 1.6178907995240548 vs. 1.6178907995240548
list:
dist: 0.9169398635224792 vs. 0.9169398635224792
list:
dist: 1.0815724498780381 vs. 1.0815724498780381
list:
dist: 0.8079730507555118 vs. 0.8079730507555118
list:
dist: 0.7332184566104022 vs. 0.7332184566104022
list:
dist: 0.9855614219758885 vs. 0.9855614219758885
list:
dist: 1.5496350377752075 vs. 1.5496350377752075
list:
dist: 1.0267015652365383 vs. 1.0267015652365383
list:
dist: 2.0125005468962183 vs. 2.0125005468962183
list:
dist: 3.5752971841945405 vs. 3.5752971841945405
list:
dist: 2.830350216632515 vs. 2.830350216632515
list:
dist: 2.3268165286381093 vs. 2.3268165286381093
list:
dist: 3.383414850781157 vs. 3.383414850781157
list:
dist: 1.2534936660535858 vs. 1.2534936660535858
list:
dist: 3.213547786289468 vs. 3.213547786289468
list:
dist: 2.36589351787292 vs. 2.36589351787292
list:
dist: 2.7730114183885624 vs. 2.7730114183885624
list:
dist: 3.822084189626175 vs. 3.822084189626175
list:
dist: 3.7119483470844368 vs. 3.7119483470844368
list:
dist: 3.931632495010288 vs. 3.931632495010288
list:
dist: 3.780071401043472 vs. 3.780071401043472
list:
dist: 4.04649711522621 vs. 4.04649711522621
list:
dist: 4.092187295717991 vs. 4.092187295717991
list:
dist: 4.200897773170541 vs. 4.200897773170541
list:
dist: 3.0366583341912974 vs. 3.0366583341912974
list:
dist: 3.2220192163029666 vs. 3.2220192163029666
list:
dist: 3.3006608720393533 vs. 3.3006608720393533
list:
dist: 2.394807875625421 vs. 2.394807875625421
list:
dist: 2.523812861446576 vs. 2.523812861446576
list:
dist: 2.914417482821241 vs. 2.914417482821241
list:
dist: 2.019722813613007 vs. 2.019722813613007
list:
dist: 2.5862986700002697 vs. 2.5862986700002697
list:
dist: 2.8118525099773604 vs. 2.8118525099773604
list:
dist: 1.5880796946822993 vs. 1.5880796946822993
list:
dist: 2.7431703207297593 vs. 2.7431703207297593
list:
dist: 2.739258819688365 vs. 2.739258819688365
list:
dist: 3.390681179279214 vs. 3.390681179279214
list:
dist: 1.381633214623013 vs. 1.381633214623013
list:
dist: 1.2945870008207483 vs. 1.2945870008207483
list:
dist: 2.77395138892815 vs. 2.77395138892815
list:
dist: 2.5077294612301206 vs. 2.5077294612301206
list:
dist: 2.553751185018466 vs. 2.553751185018466
list:
dist: 1.8784951789944173 vs. 1.8784951789944173
list:
dist: 1.0546256673105865 vs. 1.0546256673105865
list:
dist: 0.8496860697857055 vs. 0.8496860697857055
list:
dist: 1.4586527856038485 vs. 1.4586527856038485
list:
dist: 1.3496503462490355 vs. 1.3496503462490355
list:
dist: 2.2614832654591575 vs. 2.2614832654591575
list:
dist: 1.8459888717743322 vs. 1.8459888717743322
list:
dist: 1.193542918897439 vs. 1.193542918897439
list:
dist: 1.7813685205419367 vs. 1.7813685205419367
list:
dist: 1.7642398680217757 vs. 1.7642398680217757
list:
dist: 1.7970463569249315 vs. 1.7970463569249315
list:
dist: 1.3791380947041225 vs. 1.3791380947041225
list:
dist: 1.9216598497140118 vs. 1.9216598497140118
list:
dist: 1.3258121495029298 vs. 1.3258121495029298
list:
dist: 1.7309719667725576 vs. 1.7309719667725576
list:
dist: 3.3413654449413293 vs. 3.3413654449413293
list:
dist: 2.463257715683967 vs. 2.463257715683967
list:
dist: 3.7422816293560057 vs. 3.7422816293560057
list:
dist: 3.9995021999743736 vs. 3.9995021999743736
list:
dist: 2.413765971363127 vs. 2.413765971363127
list:
dist: 2.6442229385509073 vs. 2.6442229385509073
list:
dist: 2.8975911315303766 vs. 2.8975911315303766
list:
dist: 1.9183051387410517 vs. 1.9183051387410517
list:
dist: 2.66207790737327 vs. 2.66207790737327
list:
dist: 2.318590760107646 vs. 2.318590760107646
list:
dist: 3.142484773280303 vs. 3.142484773280303
list:
dist: 1.512887765030887 vs. 1.512887765030887
list:
dist: 1.475410344017992 vs. 1.475410344017992
list:
dist: 2.716434169899174 vs. 2.716434169899174
list:
dist: 1.7717156655816146 vs. 1.7717156655816146
list:
dist: 2.1464731323561077 vs. 2.1464731323561077
list:
dist: 1.2838264261378007 vs. 1.2838264261378007
list:
dist: 1.193542918897439 vs. 1.193542918897439
list:
dist: 1.2055573147796415 vs. 1.2055573147796415
list:
dist: 0.7086741703823299 vs. 0.7086741703823299
list:
dist: 1.3263920078929812 vs. 1.3263920078929812
list:
dist: 0.37645804605589606 vs. 0.37645804605589606
list:
dist: 1.11759602835757 vs. 1.11759602835757
list:
dist: 0.8098558699431727 vs. 0.8098558699431727
list:
dist: 0.5952532468571081 vs. 0.5952532468571081
list:
dist: 1.0013077160971817 vs. 1.0013077160971817
list:
dist: 0.9724479798990466 vs. 0.9724479798990466
list:
dist: 0.9169398635224792 vs. 0.9169398635224792
list:
dist: 0.7912135165731985 vs. 0.7912135165731985
list:
dist: 0.6483908937908085 vs. 0.6483908937908085
list:
dist: 1.8727565658385152 vs. 1.8727565658385152
list:
dist: 2.5128783213191968 vs. 2.5128783213191968
list:
dist: 3.902022267741771 vs. 3.902022267741771
list:
dist: 2.943455480957707 vs. 2.943455480957707
list:
dist: 2.7961869187429165 vs. 2.7961869187429165
list:
dist: 3.8006469050942817 vs. 3.8006469050942817
list:
dist: 1.7597496689987018 vs. 1.7597496689987018
list:
dist: 3.3454622051737353 vs. 3.3454622051737353
list:
dist: 2.9733479173166066 vs. 2.9733479173166066
list:
dist: 3.205844908098428 vs. 3.205844908098428
list:
dist: 4.229126466066261 vs. 4.229126466066261
list:
dist: 4.074590668824303 vs. 4.074590668824303
list:
dist: 4.153668988871309 vs. 4.153668988871309
list:
dist: 4.288894088596787 vs. 4.288894088596787
list:
dist: 4.462617529972391 vs. 4.462617529972391
list:
dist: 4.266104325507546 vs. 4.266104325507546
list:
dist: 4.632403096270293 vs. 4.632403096270293
list:
dist: 3.5123468953672674 vs. 3.5123468953672674
list:
dist: 3.568888769813045 vs. 3.568888769813045
list:
dist: 3.5133838585794304 vs. 3.5133838585794304
list:
dist: 2.8268104591563676 vs. 2.8268104591563676
list:
dist: 2.7335105303189136 vs. 2.7335105303189136
list:
dist: 3.054197309132162 vs. 3.054197309132162
list:
dist: 2.7129495983809204 vs. 2.7129495983809204
list:
dist: 2.6608194918776977 vs. 2.6608194918776977
list:
dist: 3.937501038630127 vs. 3.937501038630127
list:
dist: 3.3093853167123037 vs. 3.3093853167123037
list:
dist: 3.633866439149562 vs. 3.633866439149562
list:
dist: 1.7309719667725576 vs. 1.7309719667725576
list:
dist: 0.7576432210104818 vs. 0.7576432210104818
list:
dist: 1.6618356499635911 vs. 1.6618356499635911
list:
dist: 1.477536827598469 vs. 1.477536827598469
list:
dist: 2.2394937448288346 vs. 2.2394937448288346
list:
dist: 2.7428903001917435 vs. 2.7428903001917435
list:
dist: 2.604436095640561 vs. 2.604436095640561
list:
dist: 1.8727565658385152 vs. 1.8727565658385152
list:
dist: 2.1059282025709356 vs. 2.1059282025709356
list:
dist: 1.6520185923971655 vs. 1.6520185923971655
list:
dist: 1.5494605591631836 vs. 1.5494605591631836
list:
dist: 1.0267015652365383 vs. 1.0267015652365383
list:
dist: 1.9852820125162707 vs. 1.9852820125162707
list:
dist: 2.457269140943696 vs. 2.457269140943696
list:
dist: 2.384034353423139 vs. 2.384034353423139
list:
dist: 1.6454747008982502 vs. 1.6454747008982502
list:
dist: 2.521050702664137 vs. 2.521050702664137
list:
dist: 2.997196694896063 vs. 2.997196694896063
list:
dist: 2.8411676707845706 vs. 2.8411676707845706
list:
dist: 2.951881406700515 vs. 2.951881406700515
list:
dist: 3.1808568176299614 vs. 3.1808568176299614
list:
dist: 2.3665957674474574 vs. 2.3665957674474574
list:
dist: 2.8949557160447994 vs. 2.8949557160447994
list:
dist: 2.4166450888967046 vs. 2.4166450888967046
list:
dist: 3.2771346359398086 vs. 3.2771346359398086
list:
dist: 1.9105999008965522 vs. 1.9105999008965522
list:
dist: 1.8964150427080677 vs. 1.8964150427080677
list:
dist: 2.9160993306027825 vs. 2.9160993306027825
list:
dist: 1.6666729445444752 vs. 1.6666729445444752
list:
dist: 2.222846058871031 vs. 2.222846058871031
list:
dist: 1.4387162014769603 vs. 1.4387162014769603
list:
dist: 1.7813685205419367 vs. 1.7813685205419367
list:
dist: 1.5715989767404561 vs. 1.5715989767404561
list:
dist: 1.1790587860867752 vs. 1.1790587860867752
list:
dist: 1.5541486447874804 vs. 1.5541486447874804
list:
dist: 0.667149846541429 vs. 0.667149846541429
list:
dist: 0.6809118539962811 vs. 0.6809118539962811
list:
dist: 0.7003393521496092 vs. 0.7003393521496092
list:
dist: 0.5952532468571081 vs. 0.5952532468571081
list:
dist: 0.9133042566156147 vs. 0.9133042566156147
list:
dist: 0.8561063848243822 vs. 0.8561063848243822
list:
dist: 1.0815724498780381 vs. 1.0815724498780381
list:
dist: 0.2963100518659063 vs. 0.2963100518659063
list:
dist: 0.977354820889432 vs. 0.977354820889432
list:
dist: 2.1059282025709356 vs. 2.1059282025709356
list:
dist: 2.1269173943814046 vs. 2.1269173943814046
list:
dist: 3.412800613069922 vs. 3.412800613069922
list:
dist: 2.380553633432049 vs. 2.380553633432049
list:
dist: 2.3553363180975717 vs. 2.3553363180975717
list:
dist: 3.3114454937351097 vs. 3.3114454937351097
list:
dist: 1.5530270067443852 vs. 1.5530270067443852
list:
dist: 2.82553694005257 vs. 2.82553694005257
list:
dist: 2.6087661562068973 vs. 2.6087661562068973
list:
dist: 2.846382936456799 vs. 2.846382936456799
list:
dist: 3.7690338477491188 vs. 3.7690338477491188
list:
dist: 3.610136337519222 vs. 3.610136337519222
list:
dist: 3.6091642295064146 vs. 3.6091642295064146
list:
dist: 3.8699756608430276 vs. 3.8699756608430276
list:
dist: 4.022223951918356 vs. 4.022223951918356
list:
dist: 3.745494028158144 vs. 3.745494028158144
list:
dist: 4.203316552770624 vs. 4.203316552770624
list:
dist: 3.1069139776721153 vs. 3.1069139776721153
list:
dist: 3.2227031837643207 vs. 3.2227031837643207
list:
dist: 2.966852567783178 vs. 2.966852567783178
list:
dist: 2.3832644546769974 vs. 2.3832644546769974
list:
dist: 2.254468749074698 vs. 2.254468749074698
list:
dist: 2.498374749211001 vs. 2.498374749211001
list:
dist: 2.984477025019676 vs. 2.984477025019676
list:
dist: 3.493384526952313 vs. 3.493384526952313
list:
dist: 3.6677129019912296 vs. 3.6677129019912296
list:
dist: 2.5475644080240714 vs. 2.5475644080240714
list:
dist: 3.560459866804545 vs. 3.560459866804545
list:
dist: 3.4055449709615564 vs. 3.4055449709615564
list:
dist: 4.163305696100397 vs. 4.163305696100397
list:
dist: 2.1058396206970253 vs. 2.1058396206970253
list:
dist: 2.044672999390695 vs. 2.044672999390695
list:
dist: 3.417431917952729 vs. 3.417431917952729
list:
dist: 2.782137090016553 vs. 2.782137090016553
list:
dist: 3.0692582207542887 vs. 3.0692582207542887
list:
dist: 2.3664798708627695 vs. 2.3664798708627695
list:
dist: 1.0546256673105865 vs. 1.0546256673105865
list:
dist: 1.0427816167946788 vs. 1.0427816167946788
list:
dist: 1.2207889758490371 vs. 1.2207889758490371
list:
dist: 1.5615835002933114 vs. 1.5615835002933114
list:
dist: 2.2161657889990707 vs. 2.2161657889990707
list:
dist: 1.9544013564552492 vs. 1.9544013564552492
list:
dist: 1.2055573147796415 vs. 1.2055573147796415
list:
dist: 1.5715989767404561 vs. 1.5715989767404561
list:
dist: 1.339752284941351 vs. 1.339752284941351
list:
dist: 1.160018752218261 vs. 1.160018752218261
list:
dist: 0.6155366763910739 vs. 0.6155366763910739
list:
dist: 1.5423795260887245 vs. 1.5423795260887245
list:
dist: 1.7470650521426292 vs. 1.7470650521426292
list:
dist: 0.7576432210104818 vs. 0.7576432210104818
list:
dist: 2.5425593905850827 vs. 2.5425593905850827
list:
dist: 1.6008877232661434 vs. 1.6008877232661434
list:
dist: 2.799782640104064 vs. 2.799782640104064
list:
dist: 3.121534121264153 vs. 3.121534121264153
list:
dist: 2.749369769755351 vs. 2.749369769755351
list:
dist: 2.463257715683967 vs. 2.463257715683967
list:
dist: 1.6008877232661434 vs. 1.6008877232661434
list:
dist: 2.140266716639998 vs. 2.140266716639998
list:
dist: 2.21000575255423 vs. 2.21000575255423
list:
dist: 2.0597720485242164 vs. 2.0597720485242164
list:
dist: 2.105721524803265 vs. 2.105721524803265
list:
dist: 2.0229549007162646 vs. 2.0229549007162646
list:
dist: 1.7597496689987018 vs. 1.7597496689987018
list:
dist: 1.5530270067443852 vs. 1.5530270067443852
list:
dist: 1.668579352698229 vs. 1.668579352698229
list:
dist: 0.7913948515384924 vs. 0.7913948515384924
list:
dist: 1.2534936660535858 vs. 1.2534936660535858
list:
dist: 1.3315672968340444 vs. 1.3315672968340444
list:
dist: 2.3582124598736205 vs. 2.3582124598736205
list:
dist: 1.6454747008982502 vs. 1.6454747008982502
list:
dist: 1.748564812714323 vs. 1.748564812714323
list:
dist: 3.1919836847582594 vs. 3.1919836847582594
list:
dist: 2.3788510659339774 vs. 2.3788510659339774
list:
dist: 1.631126976868379 vs. 1.631126976868379
list:
dist: 2.603226820875693 vs. 2.603226820875693
list:
dist: 2.191009030489841 vs. 2.191009030489841
list:
dist: 1.578943153990301 vs. 1.578943153990301
list:
dist: 1.5434088719644745 vs. 1.5434088719644745
list:
dist: 2.7096830726374512 vs. 2.7096830726374512
list:
dist: 2.575412204917241 vs. 2.575412204917241
list:
dist: 2.976851249430532 vs. 2.976851249430532
list:
dist: 2.6897916853069743 vs. 2.6897916853069743
list:
dist: 2.8839240295226793 vs. 2.8839240295226793
list:
dist: 3.0125261247882897 vs. 3.0125261247882897
list:
dist: 3.0250652888627583 vs. 3.0250652888627583
list:
dist: 1.9032637862597321 vs. 1.9032637862597321
list:
dist: 1.9707257287610238 vs. 1.9707257287610238
list:
dist: 2.425786208900497 vs. 2.425786208900497
list:
dist: 1.4461757779596558 vs. 1.4461757779596558
list:
dist: 1.4728148012955427 vs. 1.4728148012955427
list:
dist: 2.089018556604461 vs. 2.089018556604461
list:
dist: 2.8324971176535896 vs. 2.8324971176535896
list:
dist: 2.536865584731701 vs. 2.536865584731701
list:
dist: 4.299128961403133 vs. 4.299128961403133
list:
dist: 3.6023381828734595 vs. 3.6023381828734595
list:
dist: 2.9417158861027985 vs. 2.9417158861027985
list:
dist: 3.3187418844633667 vs. 3.3187418844633667
list:
dist: 3.299322932464014 vs. 3.299322932464014
list:
dist: 2.5680515110783952 vs. 2.5680515110783952
list:
dist: 3.143739267013292 vs. 3.143739267013292
list:
dist: 2.879658595932168 vs. 2.879658595932168
list:
dist: 3.671283712228204 vs. 3.671283712228204
list:
dist: 1.8491302086580912 vs. 1.8491302086580912
list:
dist: 1.8461344251029153 vs. 1.8461344251029153
list:
dist: 2.791120146300627 vs. 2.791120146300627
list:
dist: 1.7693752024543794 vs. 1.7693752024543794
list:
dist: 2.2688071623884953 vs. 2.2688071623884953
list:
dist: 2.1565526235331083 vs. 2.1565526235331083
list:
dist: 1.7642398680217757 vs. 1.7642398680217757
list:
dist: 1.339752284941351 vs. 1.339752284941351
list:
dist: 0.9801864008203144 vs. 0.9801864008203144
list:
dist: 0.8076360013751661 vs. 0.8076360013751661
list:
dist: 1.2046580204903008 vs. 1.2046580204903008
list:
dist: 1.2938998298117472 vs. 1.2938998298117472
list:
dist: 1.5574549315644741 vs. 1.5574549315644741
list:
dist: 1.0013077160971817 vs. 1.0013077160971817
list:
dist: 0.9133042566156147 vs. 0.9133042566156147
list:
dist: 1.1537486347707 vs. 1.1537486347707
list:
dist: 0.8079730507555118 vs. 0.8079730507555118
list:
dist: 0.8035439647349585 vs. 0.8035439647349585
list:
dist: 1.4803453937210798 vs. 1.4803453937210798
list:
dist: 1.6520185923971655 vs. 1.6520185923971655
list:
dist: 1.6985522053851803 vs. 1.6985522053851803
list:
dist: 3.106569169550313 vs. 3.106569169550313
list:
dist: 2.387721395595962 vs. 2.387721395595962
list:
dist: 2.1713186009972576 vs. 2.1713186009972576
list:
dist: 3.1699771172003723 vs. 3.1699771172003723
list:
dist: 1.668579352698229 vs. 1.668579352698229
list:
dist: 3.1644937353044384 vs. 3.1644937353044384
list:
dist: 2.3642681186174017 vs. 2.3642681186174017
list:
dist: 3.0111691386652004 vs. 3.0111691386652004
list:
dist: 3.846381035594894 vs. 3.846381035594894
list:
dist: 3.7502567692143547 vs. 3.7502567692143547
list:
dist: 3.7622074992987473 vs. 3.7622074992987473
list:
dist: 3.84618317356389 vs. 3.84618317356389
list:
dist: 4.129661298416657 vs. 4.129661298416657
list:
dist: 4.042041443713303 vs. 4.042041443713303
list:
dist: 4.308439695059242 vs. 4.308439695059242
list:
dist: 3.15035975876631 vs. 3.15035975876631
list:
dist: 3.5117742667208156 vs. 3.5117742667208156
list:
dist: 3.1008409025968686 vs. 3.1008409025968686
list:
dist: 2.3721230723824367 vs. 2.3721230723824367
list:
dist: 2.553563195497262 vs. 2.553563195497262
list:
dist: 2.712009924536066 vs. 2.712009924536066
list:
dist: 3.371432511423406 vs. 3.371432511423406
list:
dist: 3.5797721056376512 vs. 3.5797721056376512
list:
dist: 3.865809157977279 vs. 3.865809157977279
list:
dist: 2.865246734754944 vs. 2.865246734754944
list:
dist: 3.614971795030007 vs. 3.614971795030007
list:
dist: 3.18321274428705 vs. 3.18321274428705
list:
dist: 4.038025301261702 vs. 4.038025301261702
list:
dist: 2.4481883638684585 vs. 2.4481883638684585
list:
dist: 2.4101480516713303 vs. 2.4101480516713303
list:
dist: 3.61935848348889 vs. 3.61935848348889
list:
dist: 2.4936232975925847 vs. 2.4936232975925847
list:
dist: 3.0109429729833304 vs. 3.0109429729833304
list:
dist: 2.0101451862473416 vs. 2.0101451862473416
list:
dist: 1.7970463569249315 vs. 1.7970463569249315
list:
dist: 1.160018752218261 vs. 1.160018752218261
list:
dist: 1.431775470899456 vs. 1.431775470899456
list:
dist: 1.6944034352256192 vs. 1.6944034352256192
list:
dist: 1.2763597714648791 vs. 1.2763597714648791
list:
dist: 1.5009128767588968 vs. 1.5009128767588968
list:
dist: 1.314026750834686 vs. 1.314026750834686
list:
dist: 0.9724479798990466 vs. 0.9724479798990466
list:
dist: 0.8561063848243822 vs. 0.8561063848243822
list:
dist: 1.1537486347707 vs. 1.1537486347707
list:
dist: 0.7332184566104022 vs. 0.7332184566104022
list:
dist: 0.720802767908748 vs. 0.720802767908748
list:
dist: 1.5705423360058237 vs. 1.5705423360058237
list:
dist: 1.5494605591631836 vs. 1.5494605591631836
list:
dist: 1.9836010048801618 vs. 1.9836010048801618
list:
dist: 3.455938214284088 vs. 3.455938214284088
list:
dist: 2.522277062183375 vs. 2.522277062183375
list:
dist: 2.0824976623119564 vs. 2.0824976623119564
list:
dist: 3.099798673569101 vs. 3.099798673569101
list:
dist: 0.7913948515384924 vs. 0.7913948515384924
list:
dist: 2.6197152060931566 vs. 2.6197152060931566
list:
dist: 2.169626859796107 vs. 2.169626859796107
list:
dist: 2.265790661822712 vs. 2.265790661822712
list:
dist: 3.367787536612812 vs. 3.367787536612812
list:
dist: 3.216591600859964 vs. 3.216591600859964
list:
dist: 3.450127482124489 vs. 3.450127482124489
list:
dist: 3.39800085514816 vs. 3.39800085514816
list:
dist: 3.572429601256606 vs. 3.572429601256606
list:
dist: 3.5152031163465645 vs. 3.5152031163465645
list:
dist: 3.7294366850346776 vs. 3.7294366850346776
list:
dist: 2.6078096424227994 vs. 2.6078096424227994
list:
dist: 2.645103813971327 vs. 2.645103813971327
list:
dist: 2.8411603094670363 vs. 2.8411603094670363
list:
dist: 2.010435353668699 vs. 2.010435353668699
list:
dist: 1.9392414081111513 vs. 1.9392414081111513
list:
dist: 2.4201530565405114 vs. 2.4201530565405114
list:
dist: 3.0918525416349127 vs. 3.0918525416349127
list:
dist: 3.2386526823671122 vs. 3.2386526823671122
list:
dist: 3.432023399870999 vs. 3.432023399870999
list:
dist: 2.6272736796561698 vs. 2.6272736796561698
list:
dist: 3.1609946931559527 vs. 3.1609946931559527
list:
dist: 2.6917505067725584 vs. 2.6917505067725584
list:
dist: 3.550001958117517 vs. 3.550001958117517
list:
dist: 2.118514503303999 vs. 2.118514503303999
list:
dist: 2.1057409632993602 vs. 2.1057409632993602
list:
dist: 3.106464833637943 vs. 3.106464833637943
list:
dist: 1.8303961857061362 vs. 1.8303961857061362
list:
dist: 2.423591605967236 vs. 2.423591605967236
list:
dist: 1.7300614572606652 vs. 1.7300614572606652
list:
dist: 1.9216598497140118 vs. 1.9216598497140118
list:
dist: 1.5423795260887245 vs. 1.5423795260887245
list:
dist: 1.2937081824440282 vs. 1.2937081824440282
list:
dist: 1.530549448264938 vs. 1.530549448264938
list:
dist: 0.9415508989536987 vs. 0.9415508989536987
list:
dist: 0.8307510260104796 vs. 0.8307510260104796
list:
dist: 0.9706462536674184 vs. 0.9706462536674184
list:
dist: 0.7912135165731985 vs. 0.7912135165731985
list:
dist: 0.2963100518659063 vs. 0.2963100518659063
list:
dist: 0.8035439647349585 vs. 0.8035439647349585
list:
dist: 0.720802767908748 vs. 0.720802767908748
list:
dist: 0.9855614219758885 vs. 0.9855614219758885
list:
dist: 1.2594630529124964 vs. 1.2594630529124964
list:
dist: 1.9852820125162707 vs. 1.9852820125162707
list:
dist: 1.8445351059138115 vs. 1.8445351059138115
list:
dist: 3.1668646036495893 vs. 3.1668646036495893
list:
dist: 2.16546709376254 vs. 2.16546709376254
list:
dist: 2.0660890068708397 vs. 2.0660890068708397
list:
dist: 3.036710550878579 vs. 3.036710550878579
list:
dist: 1.3315672968340444 vs. 1.3315672968340444
list:
dist: 2.6263389312999443 vs. 2.6263389312999443
list:
dist: 2.314024954584265 vs. 2.314024954584265
list:
dist: 2.607534395567529 vs. 2.607534395567529
list:
dist: 3.512372851735144 vs. 3.512372851735144
list:
dist: 3.364102113656163 vs. 3.364102113656163
list:
dist: 3.3806005997473103 vs. 3.3806005997473103
list:
dist: 3.5978539433748304 vs. 3.5978539433748304
list:
dist: 3.7713684823393754 vs. 3.7713684823393754
list:
dist: 3.5412931926981375 vs. 3.5412931926981375
list:
dist: 3.9528167426737206 vs. 3.9528167426737206
list:
dist: 2.842042748394034 vs. 2.842042748394034
list:
dist: 3.0173741338376243 vs. 3.0173741338376243
list:
dist: 2.733222182513608 vs. 2.733222182513608
list:
dist: 2.1055087422166707 vs. 2.1055087422166707
list:
dist: 2.0335597825110403 vs. 2.0335597825110403
list:
dist: 2.2789383057838024 vs. 2.2789383057838024
list:
dist: 3.5181732807145534 vs. 3.5181732807145534
list:
dist: 3.52573186108293 vs. 3.52573186108293
list:
dist: 4.221105743867585 vs. 4.221105743867585
list:
dist: 2.983632701580169 vs. 2.983632701580169
list:
dist: 3.642312884140491 vs. 3.642312884140491
list:
dist: 3.3413654449413293 vs. 3.3413654449413293
list:
dist: 2.5425593905850827 vs. 2.5425593905850827
list:
dist: 2.6534335288023376 vs. 2.6534335288023376
list:
dist: 2.252007183785031 vs. 2.252007183785031
list:
dist: 2.7183620254354555 vs. 2.7183620254354555
list:
dist: 2.3265196048635906 vs. 2.3265196048635906
list:
dist: 2.7889022892180524 vs. 2.7889022892180524
list:
dist: 2.5128783213191968 vs. 2.5128783213191968
list:
dist: 2.1269173943814046 vs. 2.1269173943814046
list:
dist: 1.6985522053851803 vs. 1.6985522053851803
list:
dist: 1.9836010048801618 vs. 1.9836010048801618
list:
dist: 2.0125005468962183 vs. 2.0125005468962183
list:
dist: 1.8445351059138115 vs. 1.8445351059138115
list:
dist: 3.0301028756816906 vs. 3.0301028756816906
list:
dist: 2.384034353423139 vs. 2.384034353423139
list:
dist: 1.614411118066155 vs. 1.614411118066155
list:
dist: 1.3661502504210523 vs. 1.3661502504210523
list:
dist: 0.7297096375967584 vs. 0.7297096375967584
list:
dist: 1.5795224664161431 vs. 1.5795224664161431
list:
dist: 1.748564812714323 vs. 1.748564812714323
list:
dist: 2.3023764686259502 vs. 2.3023764686259502
list:
dist: 0.9950107846241099 vs. 0.9950107846241099
list:
dist: 2.1771583382237765 vs. 2.1771583382237765
list:
dist: 2.5195023774522034 vs. 2.5195023774522034
list:
dist: 2.5208975497237582 vs. 2.5208975497237582
list:
dist: 2.483229356521932 vs. 2.483229356521932
list:
dist: 2.455644560775582 vs. 2.455644560775582
list:
dist: 2.855129967918197 vs. 2.855129967918197
list:
dist: 2.962489611654302 vs. 2.962489611654302
list:
dist: 3.036905764635561 vs. 3.036905764635561
list:
dist: 1.97731793344932 vs. 1.97731793344932
list:
dist: 2.79374501014179 vs. 2.79374501014179
list:
dist: 1.8920909205508032 vs. 1.8920909205508032
list:
dist: 1.2107898422524859 vs. 1.2107898422524859
list:
dist: 1.8448828022740233 vs. 1.8448828022740233
list:
dist: 1.7389247606012548 vs. 1.7389247606012548
list:
dist: 3.128422788865989 vs. 3.128422788865989
list:
dist: 2.8447566644823636 vs. 2.8447566644823636
list:
dist: 2.159220932435484 vs. 2.159220932435484
list:
dist: 4.7716673431341485 vs. 4.7716673431341485
list:
dist: 3.4193059024676815 vs. 3.4193059024676815
list:
dist: 4.120210364265958 vs. 4.120210364265958
list:
dist: 3.003451798082858 vs. 3.003451798082858
list:
dist: 2.5623098131306916 vs. 2.5623098131306916
list:
dist: 2.9450879251112627 vs. 2.9450879251112627
list:
dist: 2.7961869187429165 vs. 2.7961869187429165
list:
dist: 2.3553363180975717 vs. 2.3553363180975717
list:
dist: 2.1713186009972576 vs. 2.1713186009972576
list:
dist: 2.0824976623119564 vs. 2.0824976623119564
list:
dist: 2.3268165286381093 vs. 2.3268165286381093
list:
dist: 2.0660890068708397 vs. 2.0660890068708397
list:
dist: 3.3225180819303435 vs. 3.3225180819303435
list:
dist: 0.7297096375967584 vs. 0.7297096375967584
list:
dist: 1.6220511169469285 vs. 1.6220511169469285
list:
dist: 1.228363437619351 vs. 1.228363437619351
list:
dist: 1.0583088435230654 vs. 1.0583088435230654
list:
dist: 1.631126976868379 vs. 1.631126976868379
list:
dist: 1.6724959011472817 vs. 1.6724959011472817
list:
dist: 0.5460005533929929 vs. 0.5460005533929929
list:
dist: 1.5474977373345609 vs. 1.5474977373345609
list:
dist: 1.8025080483067932 vs. 1.8025080483067932
list:
dist: 1.7925762477773328 vs. 1.7925762477773328
list:
dist: 1.8515428989279528 vs. 1.8515428989279528
list:
dist: 1.77813342603865 vs. 1.77813342603865
list:
dist: 2.1358376892715736 vs. 2.1358376892715736
list:
dist: 2.2772322023955462 vs. 2.2772322023955462
list:
dist: 2.3222477950623723 vs. 2.3222477950623723
list:
dist: 1.2777935969731515 vs. 1.2777935969731515
list:
dist: 2.150433198304504 vs. 2.150433198304504
list:
dist: 1.293324230948875 vs. 1.293324230948875
list:
dist: 0.5321961334802598 vs. 0.5321961334802598
list:
dist: 1.2721587212182421 vs. 1.2721587212182421
list:
dist: 1.2112851870877401 vs. 1.2112851870877401
list:
dist: 2.251692660462125 vs. 2.251692660462125
list:
dist: 2.541499801827351 vs. 2.541499801827351
list:
dist: 2.226464805657776 vs. 2.226464805657776
list:
dist: 1.629375275862009 vs. 1.629375275862009
list:
dist: 3.7422816293560057 vs. 3.7422816293560057
list:
dist: 2.799782640104064 vs. 2.799782640104064
list:
dist: 3.207440170617271 vs. 3.207440170617271
list:
dist: 2.908170282925676 vs. 2.908170282925676
list:
dist: 3.2302203018048647 vs. 3.2302203018048647
list:
dist: 2.9241639278759424 vs. 2.9241639278759424
list:
dist: 3.213006467070023 vs. 3.213006467070023
list:
dist: 2.9733479173166066 vs. 2.9733479173166066
list:
dist: 2.6087661562068973 vs. 2.6087661562068973
list:
dist: 2.3642681186174017 vs. 2.3642681186174017
list:
dist: 2.169626859796107 vs. 2.169626859796107
list:
dist: 2.36589351787292 vs. 2.36589351787292
list:
dist: 2.314024954584265 vs. 2.314024954584265
list:
dist: 3.553149539404283 vs. 3.553149539404283
list:
dist: 2.521050702664137 vs. 2.521050702664137
list:
dist: 0.9950107846241099 vs. 0.9950107846241099
list:
dist: 1.968970479770759 vs. 1.968970479770759
list:
dist: 1.7702281783108729 vs. 1.7702281783108729
list:
dist: 0.5460005533929929 vs. 0.5460005533929929
list:
dist: 1.2446419489742397 vs. 1.2446419489742397
list:
dist: 1.578943153990301 vs. 1.578943153990301
list:
dist: 1.9207009430980297 vs. 1.9207009430980297
list:
dist: 1.3821670004418305 vs. 1.3821670004418305
list:
dist: 1.7479008957651336 vs. 1.7479008957651336
list:
dist: 1.776545280517532 vs. 1.776545280517532
list:
dist: 2.095762503724311 vs. 2.095762503724311
list:
dist: 1.580680392070708 vs. 1.580680392070708
list:
dist: 2.0254018157117835 vs. 2.0254018157117835
list:
dist: 2.4453952041933307 vs. 2.4453952041933307
list:
dist: 2.179764769705483 vs. 2.179764769705483
list:
dist: 1.104223537072813 vs. 1.104223537072813
list:
dist: 2.0149947498578267 vs. 2.0149947498578267
list:
dist: 1.6405279059322704 vs. 1.6405279059322704
list:
dist: 0.6685167505267464 vs. 0.6685167505267464
list:
dist: 1.472313333462827 vs. 1.472313333462827
list:
dist: 1.6234305798258737 vs. 1.6234305798258737
list:
dist: 2.3284156383356533 vs. 2.3284156383356533
list:
dist: 2.053825077594994 vs. 2.053825077594994
list:
dist: 1.3664901908779539 vs. 1.3664901908779539
list:
dist: 2.809983403778577 vs. 2.809983403778577
list:
dist: 2.6330246629151537 vs. 2.6330246629151537
list:
dist: 3.487155203911215 vs. 3.487155203911215
list:
dist: 2.80083043564467 vs. 2.80083043564467
list:
dist: 5.115079328279378 vs. 5.115079328279378
list:
dist: 3.8117617607029146 vs. 3.8117617607029146
list:
dist: 4.505591612000915 vs. 4.505591612000915
list:
dist: 4.013384396552507 vs. 4.013384396552507
list:
dist: 3.3414455825257403 vs. 3.3414455825257403
list:
dist: 3.9733055954486827 vs. 3.9733055954486827
list:
dist: 3.902022267741771 vs. 3.902022267741771
list:
dist: 3.412800613069922 vs. 3.412800613069922
list:
dist: 3.106569169550313 vs. 3.106569169550313
list:
dist: 3.455938214284088 vs. 3.455938214284088
list:
dist: 3.5752971841945405 vs. 3.5752971841945405
list:
dist: 3.1668646036495893 vs. 3.1668646036495893
list:
dist: 4.2989543303165725 vs. 4.2989543303165725
list:
dist: 1.614411118066155 vs. 1.614411118066155
list:
dist: 1.3159589013590551 vs. 1.3159589013590551
list:
dist: 1.6220511169469285 vs. 1.6220511169469285
list:
dist: 1.2213259861093892 vs. 1.2213259861093892
list:
dist: 3.1919836847582594 vs. 3.1919836847582594
list:
dist: 2.5606663049319716 vs. 2.5606663049319716
list:
dist: 1.968970479770759 vs. 1.968970479770759
list:
dist: 2.980651507239404 vs. 2.980651507239404
list:
dist: 2.51969556675848 vs. 2.51969556675848
list:
dist: 2.6101267186247146 vs. 2.6101267186247146
list:
dist: 2.069778420898904 vs. 2.069778420898904
list:
dist: 2.5541213966980645 vs. 2.5541213966980645
list:
dist: 2.9007477746155885 vs. 2.9007477746155885
list:
dist: 2.8196977297387 vs. 2.8196977297387
list:
dist: 3.0834968862698626 vs. 3.0834968862698626
list:
dist: 2.5097171365778164 vs. 2.5097171365778164
list:
dist: 3.4983041005162048 vs. 3.4983041005162048
list:
dist: 1.7645989757226934 vs. 1.7645989757226934
list:
dist: 2.0230708854890658 vs. 2.0230708854890658
list:
dist: 2.5552448770978176 vs. 2.5552448770978176
list:
dist: 1.9362955196198024 vs. 1.9362955196198024
list:
dist: 2.202358878318058 vs. 2.202358878318058
list:
dist: 2.8383046857660603 vs. 2.8383046857660603
list:
dist: 2.5908730770399093 vs. 2.5908730770399093
list:
dist: 2.1640092816376644 vs. 2.1640092816376644
list:
dist: 4.447682238659456 vs. 4.447682238659456
list:
dist: 2.953497101590925 vs. 2.953497101590925
list:
dist: 3.705722177900691 vs. 3.705722177900691
list:
dist: 3.0047539495030757 vs. 3.0047539495030757
list:
dist: 2.240556442568799 vs. 2.240556442568799
list:
dist: 2.833906351513567 vs. 2.833906351513567
list:
dist: 2.943455480957707 vs. 2.943455480957707
list:
dist: 2.380553633432049 vs. 2.380553633432049
list:
dist: 2.387721395595962 vs. 2.387721395595962
list:
dist: 2.522277062183375 vs. 2.522277062183375
list:
dist: 2.830350216632515 vs. 2.830350216632515
list:
dist: 2.16546709376254 vs. 2.16546709376254
list:
dist: 3.280446337307721 vs. 3.280446337307721
list:
dist: 1.3661502504210523 vs. 1.3661502504210523
list:
dist: 1.3159589013590551 vs. 1.3159589013590551
list:
dist: 1.228363437619351 vs. 1.228363437619351
list:
dist: 1.4001774896287833 vs. 1.4001774896287833
list:
dist: 2.3788510659339774 vs. 2.3788510659339774
list:
dist: 1.6579751006840282 vs. 1.6579751006840282
list:
dist: 1.7702281783108729 vs. 1.7702281783108729
list:
dist: 2.3597795926594496 vs. 2.3597795926594496
list:
dist: 2.307509374133424 vs. 2.307509374133424
list:
dist: 2.2444581538684023 vs. 2.2444581538684023
list:
dist: 1.7026030040726303 vs. 1.7026030040726303
list:
dist: 2.5115439524686 vs. 2.5115439524686
list:
dist: 2.6785139991677562 vs. 2.6785139991677562
list:
dist: 2.2421265972557936 vs. 2.2421265972557936
list:
dist: 2.892846585096667 vs. 2.892846585096667
list:
dist: 2.119938546048382 vs. 2.119938546048382
list:
dist: 2.811632022715862 vs. 2.811632022715862
list:
dist: 1.1195558104622787 vs. 1.1195558104622787
list:
dist: 1.4347457782898079 vs. 1.4347457782898079
list:
dist: 1.5988383586564703 vs. 1.5988383586564703
list:
dist: 0.9392918841104765 vs. 0.9392918841104765
list:
dist: 2.2779405954158363 vs. 2.2779405954158363
list:
dist: 3.184014161179718 vs. 3.184014161179718
list:
dist: 2.838146866149708 vs. 2.838146866149708
list:
dist: 2.4724786684309596 vs. 2.4724786684309596
list:
dist: 3.6263190050300644 vs. 3.6263190050300644
list:
dist: 2.9647960545177336 vs. 2.9647960545177336
list:
dist: 3.3638667388754766 vs. 3.3638667388754766
list:
dist: 3.5133838585794304 vs. 3.5133838585794304
list:
dist: 2.966852567783178 vs. 2.966852567783178
list:
dist: 3.1008409025968686 vs. 3.1008409025968686
list:
dist: 2.8411603094670363 vs. 2.8411603094670363
list:
dist: 3.3006608720393533 vs. 3.3006608720393533
list:
dist: 2.733222182513608 vs. 2.733222182513608
list:
dist: 3.9156257391244087 vs. 3.9156257391244087
list:
dist: 1.8920909205508032 vs. 1.8920909205508032
list:
dist: 1.7645989757226934 vs. 1.7645989757226934
list:
dist: 1.1195558104622787 vs. 1.1195558104622787
list:
dist: 1.293324230948875 vs. 1.293324230948875
list:
dist: 0.9833875070575927 vs. 0.9833875070575927
list:
dist: 2.425786208900497 vs. 2.425786208900497
list:
dist: 0.8287860754661655 vs. 0.8287860754661655
list:
dist: 1.6405279059322704 vs. 1.6405279059322704
list:
dist: 1.6888071225834254 vs. 1.6888071225834254
list:
dist: 1.2800601396156313 vs. 1.2800601396156313
list:
dist: 1.1885568523496837 vs. 1.1885568523496837
list:
dist: 0.6652282362355366 vs. 0.6652282362355366
list:
dist: 1.6160278194480924 vs. 1.6160278194480924
list:
dist: 1.630007431621458 vs. 1.630007431621458
list:
dist: 1.1674548977849393 vs. 1.1674548977849393
list:
dist: 1.844660787731918 vs. 1.844660787731918
list:
dist: 1.357834334398315 vs. 1.357834334398315
list:
dist: 2.0087643026785926 vs. 2.0087643026785926
list:
dist: 1.1337193244373582 vs. 1.1337193244373582
list:
dist: 1.1323065927627427 vs. 1.1323065927627427
list:
dist: 0.5030503025489085 vs. 0.5030503025489085
list:
dist: 1.3461537079741641 vs. 1.3461537079741641
list:
dist: 2.3382078416379475 vs. 2.3382078416379475
list:
dist: 1.9670685510515769 vs. 1.9670685510515769
list:
dist: 1.8574107938253193 vs. 1.8574107938253193
list:
dist: 2.245147306136376 vs. 2.245147306136376
list:
dist: 2.097171425550197 vs. 2.097171425550197
list:
dist: 4.324622282153705 vs. 4.324622282153705
list:
dist: 3.3479249461448717 vs. 3.3479249461448717
list:
dist: 4.521415859092365 vs. 4.521415859092365
list:
dist: 3.0679013370429615 vs. 3.0679013370429615
list:
dist: 2.101249238454532 vs. 2.101249238454532
list:
dist: 2.202358878318058 vs. 2.202358878318058
list:
dist: 2.2779405954158363 vs. 2.2779405954158363
list:
dist: 2.251692660462125 vs. 2.251692660462125
list:
dist: 1.3308793949277478 vs. 1.3308793949277478
list:
dist: 1.7942666578898243 vs. 1.7942666578898243
list:
dist: 4.363651927810375 vs. 4.363651927810375
list:
dist: 3.366670097379951 vs. 3.366670097379951
list:
dist: 3.0418737872702435 vs. 3.0418737872702435
list:
dist: 1.0854705802343751 vs. 1.0854705802343751
list:
dist: 1.2166617893279512 vs. 1.2166617893279512
list:
dist: 0.7902259158983793 vs. 0.7902259158983793
list:
dist: 1.383738707096496 vs. 1.383738707096496
list:
dist: 1.2959493718057373 vs. 1.2959493718057373
list:
dist: 1.2458240777957303 vs. 1.2458240777957303
list:
dist: 1.4187036077731494 vs. 1.4187036077731494
list:
dist: 1.8155754672387514 vs. 1.8155754672387514
list:
dist: 2.4951392263209553 vs. 2.4951392263209553
list:
dist: 1.3461537079741641 vs. 1.3461537079741641
list:
dist: 2.115343464987731 vs. 2.115343464987731
list:
dist: 2.2557891331392343 vs. 2.2557891331392343
list:
dist: 1.8418024610530122 vs. 1.8418024610530122
list:
dist: 1.503292910564613 vs. 1.503292910564613
list:
dist: 1.2275072455342046 vs. 1.2275072455342046
list:
dist: 1.649492167462484 vs. 1.649492167462484
list:
dist: 2.453545662350383 vs. 2.453545662350383
list:
dist: 2.5001799239234233 vs. 2.5001799239234233
list:
dist: 4.2856093883961535 vs. 4.2856093883961535
list:
dist: 3.132906088499617 vs. 3.132906088499617
list:
dist: 3.894060374625288 vs. 3.894060374625288
list:
dist: 4.960882130351828 vs. 4.960882130351828
list:
dist: 4.9159076414047655 vs. 4.9159076414047655
list:
dist: 3.7152856119916433 vs. 3.7152856119916433
list:
dist: 4.313072750940013 vs. 4.313072750940013
list:
dist: 4.280921263711448 vs. 4.280921263711448
list:
dist: 4.467256217072478 vs. 4.467256217072478
list:
dist: 4.4822054348160565 vs. 4.4822054348160565
list:
dist: 4.450427810986773 vs. 4.450427810986773
list:
dist: 4.4123210659869345 vs. 4.4123210659869345
list:
dist: 3.760254762736098 vs. 3.760254762736098
list:
dist: 3.7513708035414104 vs. 3.7513708035414104
list:
dist: 4.990417398446746 vs. 4.990417398446746
list:
dist: 4.356399300373703 vs. 4.356399300373703
list:
dist: 3.61726980546872 vs. 3.61726980546872
list:
dist: 5.692942628257187 vs. 5.692942628257187
list:
dist: 2.2010794850806104 vs. 2.2010794850806104
list:
dist: 1.3743264380518414 vs. 1.3743264380518414
list:
dist: 4.470080452676614 vs. 4.470080452676614
list:
dist: 3.6240966942598556 vs. 3.6240966942598556
list:
dist: 4.309143524317625 vs. 4.309143524317625
list:
dist: 4.141813232696567 vs. 4.141813232696567
list:
dist: 4.355517283724811 vs. 4.355517283724811
list:
dist: 3.6106661851834954 vs. 3.6106661851834954
list:
dist: 3.548682597522507 vs. 3.548682597522507
list:
dist: 4.038921080552284 vs. 4.038921080552284
list:
dist: 2.75324038809701 vs. 2.75324038809701
list:
dist: 2.8812753695464504 vs. 2.8812753695464504
list:
dist: 2.689309796799589 vs. 2.689309796799589
list:
dist: 3.3918436027130627 vs. 3.3918436027130627
list:
dist: 2.9463840414213616 vs. 2.9463840414213616
list:
dist: 2.602019455144295 vs. 2.602019455144295
list:
dist: 3.7665703513269158 vs. 3.7665703513269158
list:
dist: 2.022746152297893 vs. 2.022746152297893
list:
dist: 0.9627730507578589 vs. 0.9627730507578589
list:
dist: 3.366670097379951 vs. 3.366670097379951
list:
dist: 5.335669211085074 vs. 5.335669211085074
list:
dist: 4.305812007883258 vs. 4.305812007883258
list:
dist: 4.721071252270077 vs. 4.721071252270077
list:
dist: 4.756883712147155 vs. 4.756883712147155
list:
dist: 3.2062734237136046 vs. 3.2062734237136046
list:
dist: 2.435358119408265 vs. 2.435358119408265
list:
dist: 3.608163395431814 vs. 3.608163395431814
list:
dist: 3.234191316564626 vs. 3.234191316564626
list:
dist: 3.323664454615221 vs. 3.323664454615221
list:
dist: 1.9723079238256143 vs. 1.9723079238256143
list:
dist: 2.6278643602816794 vs. 2.6278643602816794
list:
dist: 2.179875961695471 vs. 2.179875961695471
list:
dist: 3.1768763614088558 vs. 3.1768763614088558
list:
dist: 2.6253590805223026 vs. 2.6253590805223026
list:
dist: 3.5464595382414434 vs. 3.5464595382414434
list:
dist: 3.075918544639566 vs. 3.075918544639566
list:
dist: 2.666274099885368 vs. 2.666274099885368
list:
dist: 2.75080517044213 vs. 2.75080517044213
list:
dist: 3.7843944655643997 vs. 3.7843944655643997
list:
dist: 3.418701492384049 vs. 3.418701492384049
list:
dist: 2.3024504911473636 vs. 2.3024504911473636
list:
dist: 4.142525440530842 vs. 4.142525440530842
list:
dist: 4.067372114224635 vs. 4.067372114224635
list:
dist: 4.676472338423022 vs. 4.676472338423022
list:
dist: 2.8912225348493714 vs. 2.8912225348493714
list:
dist: 2.071354332826681 vs. 2.071354332826681
list:
dist: 4.264974575573118 vs. 4.264974575573118
list:
dist: 3.596869507099837 vs. 3.596869507099837
list:
dist: 3.972461075386146 vs. 3.972461075386146
list:
dist: 4.153668988871309 vs. 4.153668988871309
list:
dist: 3.6091642295064146 vs. 3.6091642295064146
list:
dist: 3.7622074992987473 vs. 3.7622074992987473
list:
dist: 3.450127482124489 vs. 3.450127482124489
list:
dist: 3.931632495010288 vs. 3.931632495010288
list:
dist: 3.3806005997473103 vs. 3.3806005997473103
list:
dist: 4.549949275386554 vs. 4.549949275386554
list:
dist: 2.483229356521932 vs. 2.483229356521932
list:
dist: 2.069778420898904 vs. 2.069778420898904
list:
dist: 1.7026030040726303 vs. 1.7026030040726303
list:
dist: 1.8515428989279528 vs. 1.8515428989279528
list:
dist: 1.207078064338595 vs. 1.207078064338595
list:
dist: 2.976851249430532 vs. 2.976851249430532
list:
dist: 1.07484843357586 vs. 1.07484843357586
list:
dist: 2.095762503724311 vs. 2.095762503724311
list:
dist: 1.9465687631104955 vs. 1.9465687631104955
list:
dist: 1.0705938650892648 vs. 1.0705938650892648
list:
dist: 1.0210293488014515 vs. 1.0210293488014515
list:
dist: 1.5053140230176092 vs. 1.5053140230176092
list:
dist: 1.3623895215152895 vs. 1.3623895215152895
list:
dist: 0.7808841397618367 vs. 0.7808841397618367
list:
dist: 1.5529600287589977 vs. 1.5529600287589977
list:
dist: 1.5502646969199687 vs. 1.5502646969199687
list:
dist: 2.122129911132871 vs. 2.122129911132871
list:
dist: 0.6652282362355366 vs. 0.6652282362355366
list:
dist: 1.6532414487939031 vs. 1.6532414487939031
list:
dist: 1.6054428194351489 vs. 1.6054428194351489
list:
dist: 1.1178511393438386 vs. 1.1178511393438386
list:
dist: 0.7902259158983793 vs. 0.7902259158983793
list:
dist: 2.0456930416212913 vs. 2.0456930416212913
list:
dist: 1.6942794370871923 vs. 1.6942794370871923
list:
dist: 1.8684900278219565 vs. 1.8684900278219565
list:
dist: 2.1187559700737637 vs. 2.1187559700737637
list:
dist: 2.0694558024635192 vs. 2.0694558024635192
list:
dist: 3.981710408443552 vs. 3.981710408443552
list:
dist: 2.9136963445217883 vs. 2.9136963445217883
list:
dist: 3.9753685051571654 vs. 3.9753685051571654
list:
dist: 2.5974078949095913 vs. 2.5974078949095913
list:
dist: 1.6181342231589613 vs. 1.6181342231589613
list:
dist: 5.608127531496139 vs. 5.608127531496139
list:
dist: 4.200065056178892 vs. 4.200065056178892
list:
dist: 4.930985063048425 vs. 4.930985063048425
list:
dist: 3.9717337502600647 vs. 3.9717337502600647
list:
dist: 3.3968007658428236 vs. 3.3968007658428236
list:
dist: 3.8463184602153278 vs. 3.8463184602153278
list:
dist: 3.8006469050942817 vs. 3.8006469050942817
list:
dist: 3.3114454937351097 vs. 3.3114454937351097
list:
dist: 3.1699771172003723 vs. 3.1699771172003723
list:
dist: 3.099798673569101 vs. 3.099798673569101
list:
dist: 3.383414850781157 vs. 3.383414850781157
list:
dist: 3.036710550878579 vs. 3.036710550878579
list:
dist: 4.282583598461114 vs. 4.282583598461114
list:
dist: 1.5795224664161431 vs. 1.5795224664161431
list:
dist: 1.2213259861093892 vs. 1.2213259861093892
list:
dist: 1.4001774896287833 vs. 1.4001774896287833
list:
dist: 1.0583088435230654 vs. 1.0583088435230654
list:
dist: 2.603226820875693 vs. 2.603226820875693
list:
dist: 1.693102836486533 vs. 1.693102836486533
list:
dist: 1.2446419489742397 vs. 1.2446419489742397
list:
dist: 1.9128701515348294 vs. 1.9128701515348294
list:
dist: 1.3166436110229347 vs. 1.3166436110229347
list:
dist: 1.4272412155731602 vs. 1.4272412155731602
list:
dist: 1.207078064338595 vs. 1.207078064338595
list:
dist: 1.3477060151275795 vs. 1.3477060151275795
list:
dist: 1.695243053667461 vs. 1.695243053667461
list:
dist: 1.8552632616734417 vs. 1.8552632616734417
list:
dist: 1.8783000611221514 vs. 1.8783000611221514
list:
dist: 1.3615936014177568 vs. 1.3615936014177568
list:
dist: 2.384127534256771 vs. 2.384127534256771
list:
dist: 0.9833875070575927 vs. 0.9833875070575927
list:
dist: 1.1827584005306446 vs. 1.1827584005306446
list:
dist: 1.7299579536519407 vs. 1.7299579536519407
list:
dist: 1.3167935875777919 vs. 1.3167935875777919
list:
dist: 1.3308793949277478 vs. 1.3308793949277478
list:
dist: 1.8253124035846218 vs. 1.8253124035846218
list:
dist: 1.5103671531814666 vs. 1.5103671531814666
list:
dist: 1.1428307338519772 vs. 1.1428307338519772
list:
dist: 3.0379054880786915 vs. 3.0379054880786915
list:
dist: 2.626761903124929 vs. 2.626761903124929
list:
dist: 2.901659706958042 vs. 2.901659706958042
list:
dist: 2.8268104591563676 vs. 2.8268104591563676
list:
dist: 2.3832644546769974 vs. 2.3832644546769974
list:
dist: 2.3721230723824367 vs. 2.3721230723824367
list:
dist: 2.010435353668699 vs. 2.010435353668699
list:
dist: 2.394807875625421 vs. 2.394807875625421
list:
dist: 2.1055087422166707 vs. 2.1055087422166707
list:
dist: 3.3539212207820017 vs. 3.3539212207820017
list:
dist: 1.2107898422524859 vs. 1.2107898422524859
list:
dist: 2.0230708854890658 vs. 2.0230708854890658
list:
dist: 1.4347457782898079 vs. 1.4347457782898079
list:
dist: 0.5321961334802598 vs. 0.5321961334802598
list:
dist: 1.1827584005306446 vs. 1.1827584005306446
list:
dist: 1.4461757779596558 vs. 1.4461757779596558
list:
dist: 1.2755798074963767 vs. 1.2755798074963767
list:
dist: 0.6685167505267464 vs. 0.6685167505267464
list:
dist: 1.0399787571956214 vs. 1.0399787571956214
list:
dist: 1.4762805577941904 vs. 1.4762805577941904
list:
dist: 1.4067368904739337 vs. 1.4067368904739337
list:
dist: 1.6532414487939031 vs. 1.6532414487939031
list:
dist: 1.510277078760244 vs. 1.510277078760244
list:
dist: 1.7708625870634447 vs. 1.7708625870634447
list:
dist: 1.9154385617122047 vs. 1.9154385617122047
list:
dist: 1.9567274291674877 vs. 1.9567274291674877
list:
dist: 0.8527497852188763 vs. 0.8527497852188763
list:
dist: 1.6256503470943755 vs. 1.6256503470943755
list:
dist: 1.1337193244373582 vs. 1.1337193244373582
list:
dist: 0.8227922092179444 vs. 0.8227922092179444
list:
dist: 1.0248568390507198 vs. 1.0248568390507198
list:
dist: 2.115343464987731 vs. 2.115343464987731
list:
dist: 2.4092740272602553 vs. 2.4092740272602553
list:
dist: 2.0724607686860606 vs. 2.0724607686860606
list:
dist: 1.597984321437872 vs. 1.597984321437872
list:
dist: 2.3271069877205783 vs. 2.3271069877205783
list:
dist: 2.116278494511142 vs. 2.116278494511142
list:
dist: 5.095384495507216 vs. 5.095384495507216
list:
dist: 4.213812051853151 vs. 4.213812051853151
list:
dist: 5.22732393130313 vs. 5.22732393130313
list:
dist: 3.3095745284703835 vs. 3.3095745284703835
list:
dist: 2.5031542983565576 vs. 2.5031542983565576
list:
dist: 3.742025841447896 vs. 3.742025841447896
list:
dist: 3.388623125121274 vs. 3.388623125121274
list:
dist: 3.5641399860120124 vs. 3.5641399860120124
list:
dist: 3.5123468953672674 vs. 3.5123468953672674
list:
dist: 3.1069139776721153 vs. 3.1069139776721153
list:
dist: 3.15035975876631 vs. 3.15035975876631
list:
dist: 2.6078096424227994 vs. 2.6078096424227994
list:
dist: 3.0366583341912974 vs. 3.0366583341912974
list:
dist: 2.842042748394034 vs. 2.842042748394034
list:
dist: 4.051969784618932 vs. 4.051969784618932
list:
dist: 1.97731793344932 vs. 1.97731793344932
list:
dist: 2.5097171365778164 vs. 2.5097171365778164
list:
dist: 2.119938546048382 vs. 2.119938546048382
list:
dist: 1.2777935969731515 vs. 1.2777935969731515
list:
dist: 1.3615936014177568 vs. 1.3615936014177568
list:
dist: 1.9032637862597321 vs. 1.9032637862597321
list:
dist: 1.3140176328246473 vs. 1.3140176328246473
list:
dist: 1.104223537072813 vs. 1.104223537072813
list:
dist: 0.6307757260365006 vs. 0.6307757260365006
list:
dist: 0.8473036705181831 vs. 0.8473036705181831
list:
dist: 0.8007280542288017 vs. 0.8007280542288017
list:
dist: 1.5502646969199687 vs. 1.5502646969199687
list:
dist: 0.8107419692764171 vs. 0.8107419692764171
list:
dist: 1.0247933073248336 vs. 1.0247933073248336
list:
dist: 1.6008253859426773 vs. 1.6008253859426773
list:
dist: 1.1761296687677552 vs. 1.1761296687677552
list:
dist: 1.097054798972301 vs. 1.097054798972301
list:
dist: 1.357834334398315 vs. 1.357834334398315
list:
dist: 0.8527497852188763 vs. 0.8527497852188763
list:
dist: 1.1262436422062232 vs. 1.1262436422062232
list:
dist: 1.4655758318585639 vs. 1.4655758318585639
list:
dist: 1.8155754672387514 vs. 1.8155754672387514
list:
dist: 1.8053283453407454 vs. 1.8053283453407454
list:
dist: 1.48463777732298 vs. 1.48463777732298
list:
dist: 1.2305674501302297 vs. 1.2305674501302297
list:
dist: 1.7696713675396936 vs. 1.7696713675396936
list:
dist: 1.6581722609894378 vs. 1.6581722609894378
list:
dist: 4.828504272143435 vs. 4.828504272143435
list:
dist: 3.9154673852273216 vs. 3.9154673852273216
list:
dist: 4.667238376632759 vs. 4.667238376632759
list:
dist: 2.509948380971536 vs. 2.509948380971536
list:
dist: 1.8006351047763633 vs. 1.8006351047763633
list:
dist: 2.888916294661933 vs. 2.888916294661933
list:
dist: 2.4364018438078108 vs. 2.4364018438078108
list:
dist: 2.6008873252429927 vs. 2.6008873252429927
list:
dist: 2.7335105303189136 vs. 2.7335105303189136
list:
dist: 2.254468749074698 vs. 2.254468749074698
list:
dist: 2.553563195497262 vs. 2.553563195497262
list:
dist: 1.9392414081111513 vs. 1.9392414081111513
list:
dist: 2.523812861446576 vs. 2.523812861446576
list:
dist: 2.0335597825110403 vs. 2.0335597825110403
list:
dist: 3.177846386806994 vs. 3.177846386806994
list:
dist: 1.8448828022740233 vs. 1.8448828022740233
list:
dist: 2.5552448770978176 vs. 2.5552448770978176
list:
dist: 1.5988383586564703 vs. 1.5988383586564703
list:
dist: 1.2721587212182421 vs. 1.2721587212182421
list:
dist: 1.7299579536519407 vs. 1.7299579536519407
list:
dist: 1.4728148012955427 vs. 1.4728148012955427
list:
dist: 0.7192394059334343 vs. 0.7192394059334343
list:
dist: 1.472313333462827 vs. 1.472313333462827
list:
dist: 0.968708711097544 vs. 0.968708711097544
list:
dist: 1.6055815834031142 vs. 1.6055815834031142
list:
dist: 1.3963247465340218 vs. 1.3963247465340218
list:
dist: 1.6054428194351489 vs. 1.6054428194351489
list:
dist: 1.8395395689275913 vs. 1.8395395689275913
list:
dist: 1.8253676204099047 vs. 1.8253676204099047
list:
dist: 1.5785001733290154 vs. 1.5785001733290154
list:
dist: 2.0111260367763153 vs. 2.0111260367763153
list:
dist: 1.1262436422062232 vs. 1.1262436422062232
list:
dist: 1.2958586485259767 vs. 1.2958586485259767
list:
dist: 1.1323065927627427 vs. 1.1323065927627427
list:
dist: 0.8227922092179444 vs. 0.8227922092179444
list:
dist: 0.8270528606388116 vs. 0.8270528606388116
list:
dist: 2.2557891331392343 vs. 2.2557891331392343
list:
dist: 2.8132719784819797 vs. 2.8132719784819797
list:
dist: 2.452665855049323 vs. 2.452665855049323
list:
dist: 2.2076437300527267 vs. 2.2076437300527267
list:
dist: 1.8245200162749247 vs. 1.8245200162749247
list:
dist: 1.5460647111899999 vs. 1.5460647111899999
list:
dist: 4.428538589787472 vs. 4.428538589787472
list:
dist: 3.6566294405472153 vs. 3.6566294405472153
list:
dist: 4.779808354789624 vs. 4.779808354789624
list:
dist: 3.3007622551943965 vs. 3.3007622551943965
list:
dist: 2.425087426541164 vs. 2.425087426541164
list:
dist: 3.8292709717477194 vs. 3.8292709717477194
list:
dist: 3.4539875619041602 vs. 3.4539875619041602
list:
dist: 2.8780753921332747 vs. 2.8780753921332747
list:
dist: 3.1013310609431572 vs. 3.1013310609431572
list:
dist: 3.3454622051737353 vs. 3.3454622051737353
list:
dist: 2.82553694005257 vs. 2.82553694005257
list:
dist: 3.1644937353044384 vs. 3.1644937353044384
list:
dist: 2.6197152060931566 vs. 2.6197152060931566
list:
dist: 3.213547786289468 vs. 3.213547786289468
list:
dist: 2.6263389312999443 vs. 2.6263389312999443
list:
dist: 3.7262170991386663 vs. 3.7262170991386663
list:
dist: 2.3023764686259502 vs. 2.3023764686259502
list:
dist: 2.5606663049319716 vs. 2.5606663049319716
list:
dist: 1.6579751006840282 vs. 1.6579751006840282
list:
dist: 1.6724959011472817 vs. 1.6724959011472817
list:
dist: 1.693102836486533 vs. 1.693102836486533
list:
dist: 3.632062562599041 vs. 3.632062562599041
list:
dist: 3.572546410328688 vs. 3.572546410328688
list:
dist: 2.191009030489841 vs. 2.191009030489841
list:
dist: 1.9207009430980297 vs. 1.9207009430980297
list:
dist: 1.3380743135279474 vs. 1.3380743135279474
list:
dist: 1.367610645389082 vs. 1.367610645389082
list:
dist: 1.1229942395850157 vs. 1.1229942395850157
list:
dist: 1.07484843357586 vs. 1.07484843357586
list:
dist: 1.7721755563005306 vs. 1.7721755563005306
list:
dist: 1.5785227925016467 vs. 1.5785227925016467
list:
dist: 0.9225956021034547 vs. 0.9225956021034547
list:
dist: 1.7714377101024408 vs. 1.7714377101024408
list:
dist: 1.3140176328246473 vs. 1.3140176328246473
list:
dist: 1.4514611287887587 vs. 1.4514611287887587
list:
dist: 0.8287860754661655 vs. 0.8287860754661655
list:
dist: 1.2755798074963767 vs. 1.2755798074963767
list:
dist: 0.7192394059334343 vs. 0.7192394059334343
list:
dist: 0.720896648833018 vs. 0.720896648833018
list:
dist: 1.7942666578898243 vs. 1.7942666578898243
list:
dist: 5.452966927568715 vs. 5.452966927568715
list:
dist: 4.738872682764241 vs. 4.738872682764241
list:
dist: 1.5803049868077874 vs. 1.5803049868077874
list:
dist: 1.3713339123715738 vs. 1.3713339123715738
list:
dist: 3.8296394001544365 vs. 3.8296394001544365
list:
dist: 2.983343483245959 vs. 2.983343483245959
list:
dist: 4.163877668624118 vs. 4.163877668624118
list:
dist: 2.9564137504873322 vs. 2.9564137504873322
list:
dist: 1.996777503279789 vs. 1.996777503279789
list:
dist: 3.1513273250780665 vs. 3.1513273250780665
list:
dist: 2.4865897391906877 vs. 2.4865897391906877
list:
dist: 2.868259433811243 vs. 2.868259433811243
list:
dist: 3.054197309132162 vs. 3.054197309132162
list:
dist: 2.498374749211001 vs. 2.498374749211001
list:
dist: 2.712009924536066 vs. 2.712009924536066
list:
dist: 2.4201530565405114 vs. 2.4201530565405114
list:
dist: 2.914417482821241 vs. 2.914417482821241
list:
dist: 2.2789383057838024 vs. 2.2789383057838024
list:
dist: 3.434635776625 vs. 3.434635776625
list:
dist: 1.7389247606012548 vs. 1.7389247606012548
list:
dist: 1.9362955196198024 vs. 1.9362955196198024
list:
dist: 0.9392918841104765 vs. 0.9392918841104765
list:
dist: 1.2112851870877401 vs. 1.2112851870877401
list:
dist: 1.3167935875777919 vs. 1.3167935875777919
list:
dist: 2.089018556604461 vs. 2.089018556604461
list:
dist: 0.720896648833018 vs. 0.720896648833018
list:
dist: 1.6234305798258737 vs. 1.6234305798258737
list:
dist: 1.626994495940339 vs. 1.626994495940339
list:
dist: 1.6210005693858014 vs. 1.6210005693858014
list:
dist: 1.473110801537489 vs. 1.473110801537489
list:
dist: 1.1178511393438386 vs. 1.1178511393438386
list:
dist: 1.931616415635794 vs. 1.931616415635794
list:
dist: 1.9428464125141673 vs. 1.9428464125141673
list:
dist: 1.418007042747191 vs. 1.418007042747191
list:
dist: 2.1566079989479063 vs. 2.1566079989479063
list:
dist: 1.4655758318585639 vs. 1.4655758318585639
list:
dist: 1.963716918965242 vs. 1.963716918965242
list:
dist: 0.5030503025489085 vs. 0.5030503025489085
list:
dist: 1.0248568390507198 vs. 1.0248568390507198
list:
dist: 0.8270528606388116 vs. 0.8270528606388116
list:
dist: 1.8418024610530122 vs. 1.8418024610530122
list:
dist: 2.752844336602246 vs. 2.752844336602246
list:
dist: 2.3786652012014806 vs. 2.3786652012014806
list:
dist: 2.1756357472968206 vs. 2.1756357472968206
list:
dist: 2.2758907641077806 vs. 2.2758907641077806
list:
dist: 2.0596811497892804 vs. 2.0596811497892804
list:
dist: 4.361128915503771 vs. 4.361128915503771
list:
dist: 3.4814983979425227 vs. 3.4814983979425227
list:
dist: 4.753079453442232 vs. 4.753079453442232
list:
dist: 3.419344267786738 vs. 3.419344267786738
list:
dist: 2.4530534373176223 vs. 2.4530534373176223
list:
dist: 2.159220932435484 vs. 2.159220932435484
list:
dist: 2.1640092816376644 vs. 2.1640092816376644
list:
dist: 2.4724786684309596 vs. 2.4724786684309596
list:
dist: 1.629375275862009 vs. 1.629375275862009
list:
dist: 1.1428307338519772 vs. 1.1428307338519772
list:
dist: 1.3664901908779539 vs. 1.3664901908779539
list:
dist: 1.8249681743239736 vs. 1.8249681743239736
list:
dist: 1.1952911469650043 vs. 1.1952911469650043
list:
dist: 1.4342122656169394 vs. 1.4342122656169394
list:
dist: 1.8684900278219565 vs. 1.8684900278219565
list:
dist: 0.7890781671948394 vs. 0.7890781671948394
list:
dist: 1.3861360071106341 vs. 1.3861360071106341
list:
dist: 2.242315352886993 vs. 2.242315352886993
list:
dist: 1.4623454121312958 vs. 1.4623454121312958
list:
dist: 1.2305674501302297 vs. 1.2305674501302297
list:
dist: 2.241451783562378 vs. 2.241451783562378
list:
dist: 1.8574107938253193 vs. 1.8574107938253193
list:
dist: 1.597984321437872 vs. 1.597984321437872
list:
dist: 2.2076437300527267 vs. 2.2076437300527267
list:
dist: 2.1756357472968206 vs. 2.1756357472968206
list:
dist: 1.649492167462484 vs. 1.649492167462484
list:
dist: 1.0088981191554354 vs. 1.0088981191554354
list:
dist: 0.8232929484472832 vs. 0.8232929484472832
list:
dist: 2.5043839147341465 vs. 2.5043839147341465
list:
dist: 2.0204731467984622 vs. 2.0204731467984622
list:
dist: 4.256959668736711 vs. 4.256959668736711
list:
dist: 3.7800781940530133 vs. 3.7800781940530133
list:
dist: 3.9957803545077932 vs. 3.9957803545077932
list:
dist: 4.074590668824303 vs. 4.074590668824303
list:
dist: 3.610136337519222 vs. 3.610136337519222
list:
dist: 3.7502567692143547 vs. 3.7502567692143547
list:
dist: 3.216591600859964 vs. 3.216591600859964
list:
dist: 3.7119483470844368 vs. 3.7119483470844368
list:
dist: 3.364102113656163 vs. 3.364102113656163
list:
dist: 4.555231210615908 vs. 4.555231210615908
list:
dist: 2.5208975497237582 vs. 2.5208975497237582
list:
dist: 2.6101267186247146 vs. 2.6101267186247146
list:
dist: 2.2444581538684023 vs. 2.2444581538684023
list:
dist: 1.7925762477773328 vs. 1.7925762477773328
list:
dist: 1.4272412155731602 vs. 1.4272412155731602
list:
dist: 2.575412204917241 vs. 2.575412204917241
list:
dist: 1.1229942395850157 vs. 1.1229942395850157
list:
dist: 1.776545280517532 vs. 1.776545280517532
list:
dist: 1.1826391409511687 vs. 1.1826391409511687
list:
dist: 0.29033342263596335 vs. 0.29033342263596335
list:
dist: 1.0210293488014515 vs. 1.0210293488014515
list:
dist: 0.7464675193893027 vs. 0.7464675193893027
list:
dist: 0.4743174745910663 vs. 0.4743174745910663
list:
dist: 0.9195463634426171 vs. 0.9195463634426171
list:
dist: 0.6849924002125894 vs. 0.6849924002125894
list:
dist: 0.8007280542288017 vs. 0.8007280542288017
list:
dist: 1.2843557448941354 vs. 1.2843557448941354
list:
dist: 1.1885568523496837 vs. 1.1885568523496837
list:
dist: 1.4067368904739337 vs. 1.4067368904739337
list:
dist: 1.3963247465340218 vs. 1.3963247465340218
list:
dist: 1.473110801537489 vs. 1.473110801537489
list:
dist: 1.2166617893279512 vs. 1.2166617893279512
list:
dist: 1.5864912759608396 vs. 1.5864912759608396
list:
dist: 1.2376866174364634 vs. 1.2376866174364634
list:
dist: 1.4342122656169394 vs. 1.4342122656169394
list:
dist: 1.4559374978014579 vs. 1.4559374978014579
list:
dist: 1.4513913764088169 vs. 1.4513913764088169
list:
dist: 4.1986919477005555 vs. 4.1986919477005555
list:
dist: 3.211661654997455 vs. 3.211661654997455
list:
dist: 3.9359071951959756 vs. 3.9359071951959756
list:
dist: 1.9820574717003985 vs. 1.9820574717003985
list:
dist: 1.1010819141665042 vs. 1.1010819141665042
list:
dist: 4.375866513857063 vs. 4.375866513857063
list:
dist: 3.772828317416158 vs. 3.772828317416158
list:
dist: 4.01401500534445 vs. 4.01401500534445
list:
dist: 4.266104325507546 vs. 4.266104325507546
list:
dist: 3.745494028158144 vs. 3.745494028158144
list:
dist: 4.042041443713303 vs. 4.042041443713303
list:
dist: 3.5152031163465645 vs. 3.5152031163465645
list:
dist: 4.092187295717991 vs. 4.092187295717991
list:
dist: 3.5412931926981375 vs. 3.5412931926981375
list:
dist: 4.646615242829023 vs. 4.646615242829023
list:
dist: 2.962489611654302 vs. 2.962489611654302
list:
dist: 2.8196977297387 vs. 2.8196977297387
list:
dist: 2.2421265972557936 vs. 2.2421265972557936
list:
dist: 2.2772322023955462 vs. 2.2772322023955462
list:
dist: 1.8552632616734417 vs. 1.8552632616734417
list:
dist: 3.0125261247882897 vs. 3.0125261247882897
list:
dist: 0.9225956021034547 vs. 0.9225956021034547
list:
dist: 2.4453952041933307 vs. 2.4453952041933307
list:
dist: 1.800491096343758 vs. 1.800491096343758
list:
dist: 1.112456272229646 vs. 1.112456272229646
list:
dist: 0.9195463634426171 vs. 0.9195463634426171
list:
dist: 0.7808841397618367 vs. 0.7808841397618367
list:
dist: 1.6275839527305205 vs. 1.6275839527305205
list:
dist: 1.2090317833846664 vs. 1.2090317833846664
list:
dist: 1.3587972617664588 vs. 1.3587972617664588
list:
dist: 1.6008253859426773 vs. 1.6008253859426773
list:
dist: 1.732734830963294 vs. 1.732734830963294
list:
dist: 1.1674548977849393 vs. 1.1674548977849393
list:
dist: 1.9154385617122047 vs. 1.9154385617122047
list:
dist: 1.5785001733290154 vs. 1.5785001733290154
list:
dist: 1.418007042747191 vs. 1.418007042747191
list:
dist: 1.2458240777957303 vs. 1.2458240777957303
list:
dist: 2.262641800664114 vs. 2.262641800664114
list:
dist: 1.9298872609817994 vs. 1.9298872609817994
list:
dist: 2.242315352886993 vs. 2.242315352886993
list:
dist: 1.4425382208521493 vs. 1.4425382208521493
list:
dist: 1.4386584907534827 vs. 1.4386584907534827
list:
dist: 3.379701891415093 vs. 3.379701891415093
list:
dist: 2.3708591023290273 vs. 2.3708591023290273
list:
dist: 3.3806018941365124 vs. 3.3806018941365124
list:
dist: 2.270860561056825 vs. 2.270860561056825
list:
dist: 1.274443917443091 vs. 1.274443917443091
list:
dist: 3.9995021999743736 vs. 3.9995021999743736
list:
dist: 3.121534121264153 vs. 3.121534121264153
list:
dist: 3.648301266819773 vs. 3.648301266819773
list:
dist: 3.635262571362484 vs. 3.635262571362484
list:
dist: 3.442179287972734 vs. 3.442179287972734
list:
dist: 3.191116073691369 vs. 3.191116073691369
list:
dist: 3.234511109022006 vs. 3.234511109022006
list:
dist: 3.205844908098428 vs. 3.205844908098428
list:
dist: 2.846382936456799 vs. 2.846382936456799
list:
dist: 3.0111691386652004 vs. 3.0111691386652004
list:
dist: 2.265790661822712 vs. 2.265790661822712
list:
dist: 2.7730114183885624 vs. 2.7730114183885624
list:
dist: 2.607534395567529 vs. 2.607534395567529
list:
dist: 3.738664969934313 vs. 3.738664969934313
list:
dist: 2.997196694896063 vs. 2.997196694896063
list:
dist: 2.1771583382237765 vs. 2.1771583382237765
list:
dist: 2.980651507239404 vs. 2.980651507239404
list:
dist: 2.3597795926594496 vs. 2.3597795926594496
list:
dist: 1.5474977373345609 vs. 1.5474977373345609
list:
dist: 1.9128701515348294 vs. 1.9128701515348294
list:
dist: 1.5434088719644745 vs. 1.5434088719644745
list:
dist: 1.3380743135279474 vs. 1.3380743135279474
list:
dist: 1.3821670004418305 vs. 1.3821670004418305
list:
dist: 1.3355777103802127 vs. 1.3355777103802127
list:
dist: 1.1826391409511687 vs. 1.1826391409511687
list:
dist: 1.9465687631104955 vs. 1.9465687631104955
list:
dist: 1.3636434052013664 vs. 1.3636434052013664
list:
dist: 1.4032277495378407 vs. 1.4032277495378407
list:
dist: 1.800491096343758 vs. 1.800491096343758
list:
dist: 1.519824291636127 vs. 1.519824291636127
list:
dist: 0.6307757260365006 vs. 0.6307757260365006
list:
dist: 0.6382020296257843 vs. 0.6382020296257843
list:
dist: 1.6888071225834254 vs. 1.6888071225834254
list:
dist: 1.0399787571956214 vs. 1.0399787571956214
list:
dist: 0.968708711097544 vs. 0.968708711097544
list:
dist: 1.626994495940339 vs. 1.626994495940339
list:
dist: 2.3539724415340797 vs. 2.3539724415340797
list:
dist: 2.0538818099189435 vs. 2.0538818099189435
list:
dist: 1.8249681743239736 vs. 1.8249681743239736
list:
dist: 1.5290479842529157 vs. 1.5290479842529157
list:
dist: 1.340704708049134 vs. 1.340704708049134
list:
dist: 2.761390976338806 vs. 2.761390976338806
list:
dist: 2.0951730389775944 vs. 2.0951730389775944
list:
dist: 3.6889170515170298 vs. 3.6889170515170298
list:
dist: 3.886329532110734 vs. 3.886329532110734
list:
dist: 2.536865584731701 vs. 2.536865584731701
list:
dist: 1.3713339123715738 vs. 1.3713339123715738
list:
dist: 2.6330246629151537 vs. 2.6330246629151537
list:
dist: 1.340704708049134 vs. 1.340704708049134
list:
dist: 1.7153864531529301 vs. 1.7153864531529301
list:
dist: 1.4513913764088169 vs. 1.4513913764088169
list:
dist: 2.0694558024635192 vs. 2.0694558024635192
list:
dist: 2.022042768023694 vs. 2.022042768023694
list:
dist: 1.5987048863559965 vs. 1.5987048863559965
list:
dist: 1.4386584907534827 vs. 1.4386584907534827
list:
dist: 1.654295574763363 vs. 1.654295574763363
list:
dist: 1.6581722609894378 vs. 1.6581722609894378
list:
dist: 0.8115175099122357 vs. 0.8115175099122357
list:
dist: 2.097171425550197 vs. 2.097171425550197
list:
dist: 2.116278494511142 vs. 2.116278494511142
list:
dist: 1.5460647111899999 vs. 1.5460647111899999
list:
dist: 2.0596811497892804 vs. 2.0596811497892804
list:
dist: 2.5001799239234233 vs. 2.5001799239234233
list:
dist: 4.784108213459072 vs. 4.784108213459072
list:
dist: 4.3503129064867565 vs. 4.3503129064867565
list:
dist: 0.3487132635430564 vs. 0.3487132635430564
list:
dist: 3.5255516839092462 vs. 3.5255516839092462
list:
dist: 2.8807588284369494 vs. 2.8807588284369494
list:
dist: 3.603277138815989 vs. 3.603277138815989
list:
dist: 2.463489934961735 vs. 2.463489934961735
list:
dist: 1.8027258893157494 vs. 1.8027258893157494
list:
dist: 4.763458053254451 vs. 4.763458053254451
list:
dist: 4.702062254971036 vs. 4.702062254971036
list:
dist: 5.117514070903586 vs. 5.117514070903586
list:
dist: 3.128422788865989 vs. 3.128422788865989
list:
dist: 2.8383046857660603 vs. 2.8383046857660603
list:
dist: 3.184014161179718 vs. 3.184014161179718
list:
dist: 2.541499801827351 vs. 2.541499801827351
list:
dist: 1.8253124035846218 vs. 1.8253124035846218
list:
dist: 2.3284156383356533 vs. 2.3284156383356533
list:
dist: 2.3539724415340797 vs. 2.3539724415340797
list:
dist: 1.304372447780979 vs. 1.304372447780979
list:
dist: 1.5864912759608396 vs. 1.5864912759608396
list:
dist: 2.0456930416212913 vs. 2.0456930416212913
list:
dist: 1.005431537968467 vs. 1.005431537968467
list:
dist: 1.2786342695509818 vs. 1.2786342695509818
list:
dist: 2.262641800664114 vs. 2.262641800664114
list:
dist: 1.2303276382608703 vs. 1.2303276382608703
list:
dist: 1.8053283453407454 vs. 1.8053283453407454
list:
dist: 2.5398349310584463 vs. 2.5398349310584463
list:
dist: 2.3382078416379475 vs. 2.3382078416379475
list:
dist: 2.4092740272602553 vs. 2.4092740272602553
list:
dist: 2.8132719784819797 vs. 2.8132719784819797
list:
dist: 2.752844336602246 vs. 2.752844336602246
list:
dist: 1.503292910564613 vs. 1.503292910564613
list:
dist: 0.3764440100143596 vs. 0.3764440100143596
list:
dist: 1.0088981191554354 vs. 1.0088981191554354
list:
dist: 1.7252761805119132 vs. 1.7252761805119132
list:
dist: 1.5262884486360726 vs. 1.5262884486360726
list:
dist: 4.421676146670232 vs. 4.421676146670232
list:
dist: 3.945197647525429 vs. 3.945197647525429
list:
dist: 4.188452978854967 vs. 4.188452978854967
list:
dist: 4.229126466066261 vs. 4.229126466066261
list:
dist: 3.7690338477491188 vs. 3.7690338477491188
list:
dist: 3.846381035594894 vs. 3.846381035594894
list:
dist: 3.367787536612812 vs. 3.367787536612812
list:
dist: 3.822084189626175 vs. 3.822084189626175
list:
dist: 3.512372851735144 vs. 3.512372851735144
list:
dist: 4.725907854772125 vs. 4.725907854772125
list:
dist: 2.5195023774522034 vs. 2.5195023774522034
list:
dist: 2.51969556675848 vs. 2.51969556675848
list:
dist: 2.307509374133424 vs. 2.307509374133424
list:
dist: 1.8025080483067932 vs. 1.8025080483067932
list:
dist: 1.3166436110229347 vs. 1.3166436110229347
list:
dist: 2.7096830726374512 vs. 2.7096830726374512
list:
dist: 1.367610645389082 vs. 1.367610645389082
list:
dist: 1.7479008957651336 vs. 1.7479008957651336
list:
dist: 1.3355777103802127 vs. 1.3355777103802127
list:
dist: 0.29033342263596335 vs. 0.29033342263596335
list:
dist: 1.0705938650892648 vs. 1.0705938650892648
list:
dist: 0.5159463534543146 vs. 0.5159463534543146
list:
dist: 0.38891627450574096 vs. 0.38891627450574096
list:
dist: 1.112456272229646 vs. 1.112456272229646
list:
dist: 0.5940231666727123 vs. 0.5940231666727123
list:
dist: 0.8473036705181831 vs. 0.8473036705181831
list:
dist: 1.4907839318782616 vs. 1.4907839318782616
list:
dist: 1.2800601396156313 vs. 1.2800601396156313
list:
dist: 1.4762805577941904 vs. 1.4762805577941904
list:
dist: 1.6055815834031142 vs. 1.6055815834031142
list:
dist: 1.6210005693858014 vs. 1.6210005693858014
list:
dist: 1.0854705802343751 vs. 1.0854705802343751
list:
dist: 1.304372447780979 vs. 1.304372447780979
list:
dist: 0.9498438697354123 vs. 0.9498438697354123
list:
dist: 1.1952911469650043 vs. 1.1952911469650043
list:
dist: 1.6942655323836264 vs. 1.6942655323836264
list:
dist: 1.7153864531529301 vs. 1.7153864531529301
list:
dist: 4.399324246033438 vs. 4.399324246033438
list:
dist: 3.3763601821936016 vs. 3.3763601821936016
list:
dist: 4.029993218079059 vs. 4.029993218079059
list:
dist: 1.8922394146736243 vs. 1.8922394146736243
list:
dist: 1.067186127905339 vs. 1.067186127905339
list:
dist: 4.663369995591436 vs. 4.663369995591436
list:
dist: 4.225486799609716 vs. 4.225486799609716
list:
dist: 4.416639573146736 vs. 4.416639573146736
list:
dist: 4.462617529972391 vs. 4.462617529972391
list:
dist: 4.022223951918356 vs. 4.022223951918356
list:
dist: 4.129661298416657 vs. 4.129661298416657
list:
dist: 3.572429601256606 vs. 3.572429601256606
list:
dist: 4.04649711522621 vs. 4.04649711522621
list:
dist: 3.7713684823393754 vs. 3.7713684823393754
list:
dist: 4.964123289994865 vs. 4.964123289994865
list:
dist: 2.855129967918197 vs. 2.855129967918197
list:
dist: 2.9007477746155885 vs. 2.9007477746155885
list:
dist: 2.6785139991677562 vs. 2.6785139991677562
list:
dist: 2.1358376892715736 vs. 2.1358376892715736
list:
dist: 1.695243053667461 vs. 1.695243053667461
list:
dist: 2.8839240295226793 vs. 2.8839240295226793
list:
dist: 1.5785227925016467 vs. 1.5785227925016467
list:
dist: 2.0254018157117835 vs. 2.0254018157117835
list:
dist: 1.4032277495378407 vs. 1.4032277495378407
list:
dist: 0.38891627450574096 vs. 0.38891627450574096
list:
dist: 0.4743174745910663 vs. 0.4743174745910663
list:
dist: 1.3623895215152895 vs. 1.3623895215152895
list:
dist: 0.6130267792089826 vs. 0.6130267792089826
list:
dist: 1.2090317833846664 vs. 1.2090317833846664
list:
dist: 0.2158861843763001 vs. 0.2158861843763001
list:
dist: 1.0247933073248336 vs. 1.0247933073248336
list:
dist: 1.4125503713595704 vs. 1.4125503713595704
list:
dist: 1.630007431621458 vs. 1.630007431621458
list:
dist: 1.7708625870634447 vs. 1.7708625870634447
list:
dist: 1.8253676204099047 vs. 1.8253676204099047
list:
dist: 1.9428464125141673 vs. 1.9428464125141673
list:
dist: 1.2959493718057373 vs. 1.2959493718057373
list:
dist: 1.2786342695509818 vs. 1.2786342695509818
list:
dist: 0.9887455163263374 vs. 0.9887455163263374
list:
dist: 1.3861360071106341 vs. 1.3861360071106341
list:
dist: 1.5084034266260429 vs. 1.5084034266260429
list:
dist: 1.5987048863559965 vs. 1.5987048863559965
list:
dist: 4.311259124234645 vs. 4.311259124234645
list:
dist: 3.311070266729558 vs. 3.311070266729558
list:
dist: 3.8071368576594056 vs. 3.8071368576594056
list:
dist: 1.5477955399431964 vs. 1.5477955399431964
list:
dist: 0.7914324318873943 vs. 0.7914324318873943
list:
dist: 3.7834951968676434 vs. 3.7834951968676434
list:
dist: 3.5478354117398934 vs. 3.5478354117398934
list:
dist: 3.505674666926182 vs. 3.505674666926182
list:
dist: 3.568888769813045 vs. 3.568888769813045
list:
dist: 3.2227031837643207 vs. 3.2227031837643207
list:
dist: 3.5117742667208156 vs. 3.5117742667208156
list:
dist: 2.645103813971327 vs. 2.645103813971327
list:
dist: 3.2220192163029666 vs. 3.2220192163029666
list:
dist: 3.0173741338376243 vs. 3.0173741338376243
list:
dist: 4.058300727678936 vs. 4.058300727678936
list:
dist: 2.79374501014179 vs. 2.79374501014179
list:
dist: 3.4983041005162048 vs. 3.4983041005162048
list:
dist: 2.811632022715862 vs. 2.811632022715862
list:
dist: 2.150433198304504 vs. 2.150433198304504
list:
dist: 2.384127534256771 vs. 2.384127534256771
list:
dist: 1.9707257287610238 vs. 1.9707257287610238
list:
dist: 1.4514611287887587 vs. 1.4514611287887587
list:
dist: 2.0149947498578267 vs. 2.0149947498578267
list:
dist: 0.6382020296257843 vs. 0.6382020296257843
list:
dist: 1.4907839318782616 vs. 1.4907839318782616
list:
dist: 1.2843557448941354 vs. 1.2843557448941354
list:
dist: 2.122129911132871 vs. 2.122129911132871
list:
dist: 1.6114506719428672 vs. 1.6114506719428672
list:
dist: 1.4125503713595704 vs. 1.4125503713595704
list:
dist: 1.732734830963294 vs. 1.732734830963294
list:
dist: 1.4753293686911466 vs. 1.4753293686911466
list:
dist: 1.097054798972301 vs. 1.097054798972301
list:
dist: 2.0087643026785926 vs. 2.0087643026785926
list:
dist: 1.6256503470943755 vs. 1.6256503470943755
list:
dist: 1.2958586485259767 vs. 1.2958586485259767
list:
dist: 1.963716918965242 vs. 1.963716918965242
list:
dist: 2.4951392263209553 vs. 2.4951392263209553
list:
dist: 2.5398349310584463 vs. 2.5398349310584463
list:
dist: 2.2627478901102096 vs. 2.2627478901102096
list:
dist: 2.241451783562378 vs. 2.241451783562378
list:
dist: 0.974793579760899 vs. 0.974793579760899
list:
dist: 0.8115175099122357 vs. 0.8115175099122357
list:
dist: 4.3251161096286905 vs. 4.3251161096286905
list:
dist: 3.612618470019407 vs. 3.612618470019407
list:
dist: 4.268901247906716 vs. 4.268901247906716
list:
dist: 2.517352456214862 vs. 2.517352456214862
list:
dist: 1.9210033266809907 vs. 1.9210033266809907
list:
dist: 3.7060655045395077 vs. 3.7060655045395077
list:
dist: 3.9383360009925883 vs. 3.9383360009925883
list:
dist: 2.8324971176535896 vs. 2.8324971176535896
list:
dist: 1.5803049868077874 vs. 1.5803049868077874
list:
dist: 2.809983403778577 vs. 2.809983403778577
list:
dist: 1.5290479842529157 vs. 1.5290479842529157
list:
dist: 1.6942655323836264 vs. 1.6942655323836264
list:
dist: 1.4559374978014579 vs. 1.4559374978014579
list:
dist: 2.1187559700737637 vs. 2.1187559700737637
list:
dist: 1.9969190997076958 vs. 1.9969190997076958
list:
dist: 1.5084034266260429 vs. 1.5084034266260429
list:
dist: 1.4425382208521493 vs. 1.4425382208521493
list:
dist: 1.5246922469812716 vs. 1.5246922469812716
list:
dist: 1.7696713675396936 vs. 1.7696713675396936
list:
dist: 0.974793579760899 vs. 0.974793579760899
list:
dist: 2.245147306136376 vs. 2.245147306136376
list:
dist: 2.3271069877205783 vs. 2.3271069877205783
list:
dist: 1.8245200162749247 vs. 1.8245200162749247
list:
dist: 2.2758907641077806 vs. 2.2758907641077806
list:
dist: 2.453545662350383 vs. 2.453545662350383
list:
dist: 4.707684225168499 vs. 4.707684225168499
list:
dist: 4.314694280543052 vs. 4.314694280543052
list:
dist: 0.3487132635430564 vs. 0.3487132635430564
list:
dist: 3.4336230619747514 vs. 3.4336230619747514
list:
dist: 2.7630813173492736 vs. 2.7630813173492736
list:
dist: 3.3339217891024213 vs. 3.3339217891024213
list:
dist: 2.1730865344283425 vs. 2.1730865344283425
list:
dist: 1.5855070351546476 vs. 1.5855070351546476
list:
dist: 4.6011879842844445 vs. 4.6011879842844445
list:
dist: 4.5756182825557365 vs. 4.5756182825557365
list:
dist: 5.051278099894068 vs. 5.051278099894068
list:
dist: 4.515802085022472 vs. 4.515802085022472
list:
dist: 4.110168309326473 vs. 4.110168309326473
list:
dist: 4.343450007751785 vs. 4.343450007751785
list:
dist: 4.288894088596787 vs. 4.288894088596787
list:
dist: 3.8699756608430276 vs. 3.8699756608430276
list:
dist: 3.84618317356389 vs. 3.84618317356389
list:
dist: 3.39800085514816 vs. 3.39800085514816
list:
dist: 3.780071401043472 vs. 3.780071401043472
list:
dist: 3.5978539433748304 vs. 3.5978539433748304
list:
dist: 4.828934258499263 vs. 4.828934258499263
list:
dist: 2.455644560775582 vs. 2.455644560775582
list:
dist: 2.5541213966980645 vs. 2.5541213966980645
list:
dist: 2.5115439524686 vs. 2.5115439524686
list:
dist: 1.77813342603865 vs. 1.77813342603865
list:
dist: 1.3477060151275795 vs. 1.3477060151275795
list:
dist: 2.6897916853069743 vs. 2.6897916853069743
list:
dist: 1.7721755563005306 vs. 1.7721755563005306
list:
dist: 1.580680392070708 vs. 1.580680392070708
list:
dist: 1.3636434052013664 vs. 1.3636434052013664
list:
dist: 0.5159463534543146 vs. 0.5159463534543146
list:
dist: 0.7464675193893027 vs. 0.7464675193893027
list:
dist: 1.5053140230176092 vs. 1.5053140230176092
list:
dist: 0.6130267792089826 vs. 0.6130267792089826
list:
dist: 1.6275839527305205 vs. 1.6275839527305205
list:
dist: 0.7015926703815498 vs. 0.7015926703815498
list:
dist: 0.8107419692764171 vs. 0.8107419692764171
list:
dist: 1.6114506719428672 vs. 1.6114506719428672
list:
dist: 1.6160278194480924 vs. 1.6160278194480924
list:
dist: 1.510277078760244 vs. 1.510277078760244
list:
dist: 1.8395395689275913 vs. 1.8395395689275913
list:
dist: 1.931616415635794 vs. 1.931616415635794
list:
dist: 1.383738707096496 vs. 1.383738707096496
list:
dist: 1.005431537968467 vs. 1.005431537968467
list:
dist: 0.6903357759945102 vs. 0.6903357759945102
list:
dist: 0.7890781671948394 vs. 0.7890781671948394
list:
dist: 1.9969190997076958 vs. 1.9969190997076958
list:
dist: 2.022042768023694 vs. 2.022042768023694
list:
dist: 4.882706571007483 vs. 4.882706571007483
list:
dist: 3.864506573904944 vs. 3.864506573904944
list:
dist: 4.397586825275137 vs. 4.397586825275137
list:
dist: 1.9257561595609387 vs. 1.9257561595609387
list:
dist: 1.3297174420910969 vs. 1.3297174420910969
list:
dist: 4.299128961403133 vs. 4.299128961403133
list:
dist: 2.9564137504873322 vs. 2.9564137504873322
list:
dist: 3.487155203911215 vs. 3.487155203911215
list:
dist: 2.761390976338806 vs. 2.761390976338806
list:
dist: 1.8922394146736243 vs. 1.8922394146736243
list:
dist: 1.9820574717003985 vs. 1.9820574717003985
list:
dist: 2.5974078949095913 vs. 2.5974078949095913
list:
dist: 1.9257561595609387 vs. 1.9257561595609387
list:
dist: 1.5477955399431964 vs. 1.5477955399431964
list:
dist: 2.270860561056825 vs. 2.270860561056825
list:
dist: 1.3531431378838896 vs. 1.3531431378838896
list:
dist: 2.509948380971536 vs. 2.509948380971536
list:
dist: 2.517352456214862 vs. 2.517352456214862
list:
dist: 3.0679013370429615 vs. 3.0679013370429615
list:
dist: 3.3095745284703835 vs. 3.3095745284703835
list:
dist: 3.3007622551943965 vs. 3.3007622551943965
list:
dist: 3.419344267786738 vs. 3.419344267786738
list:
dist: 2.2010794850806104 vs. 2.2010794850806104
list:
dist: 1.7252761805119132 vs. 1.7252761805119132
list:
dist: 1.7724918867253274 vs. 1.7724918867253274
list:
dist: 2.5043839147341465 vs. 2.5043839147341465
list:
dist: 2.1730865344283425 vs. 2.1730865344283425
list:
dist: 2.463489934961735 vs. 2.463489934961735
list:
dist: 4.327382712345838 vs. 4.327382712345838
list:
dist: 3.3798659985737687 vs. 3.3798659985737687
list:
dist: 3.0709300267477153 vs. 3.0709300267477153
list:
dist: 1.007038095859264 vs. 1.007038095859264
list:
dist: 3.6023381828734595 vs. 3.6023381828734595
list:
dist: 1.996777503279789 vs. 1.996777503279789
list:
dist: 2.80083043564467 vs. 2.80083043564467
list:
dist: 2.0951730389775944 vs. 2.0951730389775944
list:
dist: 1.067186127905339 vs. 1.067186127905339
list:
dist: 1.1010819141665042 vs. 1.1010819141665042
list:
dist: 1.6181342231589613 vs. 1.6181342231589613
list:
dist: 1.3297174420910969 vs. 1.3297174420910969
list:
dist: 0.7914324318873943 vs. 0.7914324318873943
list:
dist: 1.274443917443091 vs. 1.274443917443091
list:
dist: 0.7014017386557677 vs. 0.7014017386557677
list:
dist: 1.8006351047763633 vs. 1.8006351047763633
list:
dist: 1.9210033266809907 vs. 1.9210033266809907
list:
dist: 2.101249238454532 vs. 2.101249238454532
list:
dist: 2.5031542983565576 vs. 2.5031542983565576
list:
dist: 2.425087426541164 vs. 2.425087426541164
list:
dist: 2.4530534373176223 vs. 2.4530534373176223
list:
dist: 1.3743264380518414 vs. 1.3743264380518414
list:
dist: 1.5262884486360726 vs. 1.5262884486360726
list:
dist: 1.3564178330714662 vs. 1.3564178330714662
list:
dist: 2.0204731467984622 vs. 2.0204731467984622
list:
dist: 1.5855070351546476 vs. 1.5855070351546476
list:
dist: 1.8027258893157494 vs. 1.8027258893157494
list:
dist: 3.854690110984812 vs. 3.854690110984812
list:
dist: 2.8226346977141783 vs. 2.8226346977141783
list:
dist: 3.086973766825974 vs. 3.086973766825974
list:
dist: 1.007038095859264 vs. 1.007038095859264
list:
dist: 4.83961492292693 vs. 4.83961492292693
list:
dist: 4.421047791790855 vs. 4.421047791790855
list:
dist: 4.594331336382968 vs. 4.594331336382968
list:
dist: 4.632403096270293 vs. 4.632403096270293
list:
dist: 4.203316552770624 vs. 4.203316552770624
list:
dist: 4.308439695059242 vs. 4.308439695059242
list:
dist: 3.7294366850346776 vs. 3.7294366850346776
list:
dist: 4.200897773170541 vs. 4.200897773170541
list:
dist: 3.9528167426737206 vs. 3.9528167426737206
list:
dist: 5.139959039445848 vs. 5.139959039445848
list:
dist: 3.036905764635561 vs. 3.036905764635561
list:
dist: 3.0834968862698626 vs. 3.0834968862698626
list:
dist: 2.892846585096667 vs. 2.892846585096667
list:
dist: 2.3222477950623723 vs. 2.3222477950623723
list:
dist: 1.8783000611221514 vs. 1.8783000611221514
list:
dist: 3.0250652888627583 vs. 3.0250652888627583
list:
dist: 1.7714377101024408 vs. 1.7714377101024408
list:
dist: 2.179764769705483 vs. 2.179764769705483
list:
dist: 1.519824291636127 vs. 1.519824291636127
list:
dist: 0.5940231666727123 vs. 0.5940231666727123
list:
dist: 0.6849924002125894 vs. 0.6849924002125894
list:
dist: 1.5529600287589977 vs. 1.5529600287589977
list:
dist: 0.7015926703815498 vs. 0.7015926703815498
list:
dist: 0.2158861843763001 vs. 0.2158861843763001
list:
dist: 1.3587972617664588 vs. 1.3587972617664588
list:
dist: 1.1761296687677552 vs. 1.1761296687677552
list:
dist: 1.4753293686911466 vs. 1.4753293686911466
list:
dist: 1.844660787731918 vs. 1.844660787731918
list:
dist: 1.9567274291674877 vs. 1.9567274291674877
list:
dist: 2.0111260367763153 vs. 2.0111260367763153
list:
dist: 2.1566079989479063 vs. 2.1566079989479063
list:
dist: 1.4187036077731494 vs. 1.4187036077731494
list:
dist: 1.2303276382608703 vs. 1.2303276382608703
list:
dist: 0.9918597053089524 vs. 0.9918597053089524
list:
dist: 1.4623454121312958 vs. 1.4623454121312958
list:
dist: 1.5246922469812716 vs. 1.5246922469812716
list:
dist: 1.654295574763363 vs. 1.654295574763363
list:
dist: 4.342874265753616 vs. 4.342874265753616
list:
dist: 3.3500806777267864 vs. 3.3500806777267864
list:
dist: 3.7386560959350867 vs. 3.7386560959350867
list:
dist: 1.3531431378838896 vs. 1.3531431378838896
list:
dist: 0.7014017386557677 vs. 0.7014017386557677
list:
dist: 2.8447566644823636 vs. 2.8447566644823636
list:
dist: 2.5908730770399093 vs. 2.5908730770399093
list:
dist: 2.838146866149708 vs. 2.838146866149708
list:
dist: 2.226464805657776 vs. 2.226464805657776
list:
dist: 1.5103671531814666 vs. 1.5103671531814666
list:
dist: 2.053825077594994 vs. 2.053825077594994
list:
dist: 2.0538818099189435 vs. 2.0538818099189435
list:
dist: 0.9498438697354123 vs. 0.9498438697354123
list:
dist: 1.2376866174364634 vs. 1.2376866174364634
list:
dist: 1.6942794370871923 vs. 1.6942794370871923
list:
dist: 0.6903357759945102 vs. 0.6903357759945102
list:
dist: 0.9887455163263374 vs. 0.9887455163263374
list:
dist: 1.9298872609817994 vs. 1.9298872609817994
list:
dist: 0.9918597053089524 vs. 0.9918597053089524
list:
dist: 1.48463777732298 vs. 1.48463777732298
list:
dist: 2.2627478901102096 vs. 2.2627478901102096
list:
dist: 1.9670685510515769 vs. 1.9670685510515769
list:
dist: 2.0724607686860606 vs. 2.0724607686860606
list:
dist: 2.452665855049323 vs. 2.452665855049323
list:
dist: 2.3786652012014806 vs. 2.3786652012014806
list:
dist: 1.2275072455342046 vs. 1.2275072455342046
list:
dist: 0.3764440100143596 vs. 0.3764440100143596
list:
dist: 0.8232929484472832 vs. 0.8232929484472832
list:
dist: 1.7724918867253274 vs. 1.7724918867253274
list:
dist: 1.3564178330714662 vs. 1.3564178330714662
list:
dist: 1.8920516489404327 vs. 1.8920516489404327
list:
dist: 2.0984663752319697 vs. 2.0984663752319697
list:
dist: 3.659822960665306 vs. 3.659822960665306
list:
dist: 0.5960273006922931 vs. 0.5960273006922931
list:
dist: 2.179875961695471 vs. 2.179875961695471
list:
dist: 1.5478740397699438 vs. 1.5478740397699438
list:
dist: 4.280921263711448 vs. 4.280921263711448
list:
dist: 3.3697905331828863 vs. 3.3697905331828863
list:
dist: 2.522939448668591 vs. 2.522939448668591
list:
dist: 2.611938840213658 vs. 2.611938840213658
list:
dist: 2.775703360010712 vs. 2.775703360010712
list:
dist: 1.4912767126668613 vs. 1.4912767126668613
list:
dist: 1.4966524356676465 vs. 1.4966524356676465
list:
dist: 2.2503934716476466 vs. 2.2503934716476466
list:
dist: 1.6557408996801142 vs. 1.6557408996801142
list:
dist: 1.3259700897498776 vs. 1.3259700897498776
list:
dist: 0.9029989337023727 vs. 0.9029989337023727
list:
dist: 1.0901797885577935 vs. 1.0901797885577935
list:
dist: 1.169484932593674 vs. 1.169484932593674
list:
dist: 0.6710533179543907 vs. 0.6710533179543907
list:
dist: 1.8668139379028466 vs. 1.8668139379028466
list:
dist: 1.0979439326126141 vs. 1.0979439326126141
list:
dist: 1.3361640416124045 vs. 1.3361640416124045
list:
dist: 1.2354372010647243 vs. 1.2354372010647243
list:
dist: 1.69425075576403 vs. 1.69425075576403
list:
dist: 1.5291800095186814 vs. 1.5291800095186814
list:
dist: 0.8899649703276791 vs. 0.8899649703276791
list:
dist: 2.011272378068606 vs. 2.011272378068606
list:
dist: 2.948161706967279 vs. 2.948161706967279
list:
dist: 3.1983501408465456 vs. 3.1983501408465456
list:
dist: 1.9062323711345563 vs. 1.9062323711345563
list:
dist: 1.6326208801498387 vs. 1.6326208801498387
list:
dist: 3.1122859275768544 vs. 3.1122859275768544
list:
dist: 3.320380859625355 vs. 3.320380859625355
list:
dist: 3.6209932784056704 vs. 3.6209932784056704
list:
dist: 4.232253354571908 vs. 4.232253354571908
list:
dist: 3.8512584137139902 vs. 3.8512584137139902
list:
dist: 3.6127283021432364 vs. 3.6127283021432364
list:
dist: 3.5330010648433534 vs. 3.5330010648433534
list:
dist: 4.005412242303256 vs. 4.005412242303256
list:
dist: 3.808925607696783 vs. 3.808925607696783
list:
dist: 3.6657999759421958 vs. 3.6657999759421958
list:
dist: 2.7761742081990226 vs. 2.7761742081990226
list:
dist: 2.533899631125439 vs. 2.533899631125439
list:
dist: 2.472197856077953 vs. 2.472197856077953
list:
dist: 3.078834892088208 vs. 3.078834892088208
list:
dist: 3.060232861579848 vs. 3.060232861579848
list:
dist: 3.097794712022111 vs. 3.097794712022111
list:
dist: 4.107549984339164 vs. 4.107549984339164
list:
dist: 3.8129617964726985 vs. 3.8129617964726985
list:
dist: 3.989991916353946 vs. 3.989991916353946
list:
dist: 3.0550641741208864 vs. 3.0550641741208864
list:
dist: 3.7357570807989187 vs. 3.7357570807989187
list:
dist: 3.0403863832805813 vs. 3.0403863832805813
list:
dist: 2.9119179343264046 vs. 2.9119179343264046
list:
dist: 2.529491323099685 vs. 2.529491323099685
list:
dist: 3.329897139592756 vs. 3.329897139592756
list:
dist: 3.051794986849205 vs. 3.051794986849205
list:
dist: 1.37995505016065 vs. 1.37995505016065
list:
dist: 1.7502844745407666 vs. 1.7502844745407666
list:
dist: 3.852619457977175 vs. 3.852619457977175
list:
dist: 0.7183932506948703 vs. 0.7183932506948703
list:
dist: 2.6253590805223026 vs. 2.6253590805223026
list:
dist: 2.006450187349782 vs. 2.006450187349782
list:
dist: 4.4822054348160565 vs. 4.4822054348160565
list:
dist: 2.776691995928964 vs. 2.776691995928964
list:
dist: 1.8605315943756116 vs. 1.8605315943756116
list:
dist: 2.1026443186233252 vs. 2.1026443186233252
list:
dist: 2.170004051468708 vs. 2.170004051468708
list:
dist: 0.9656204775088614 vs. 0.9656204775088614
list:
dist: 1.4523868775381326 vs. 1.4523868775381326
list:
dist: 2.3826733897098484 vs. 2.3826733897098484
list:
dist: 2.0676957332697805 vs. 2.0676957332697805
list:
dist: 1.4808870126548082 vs. 1.4808870126548082
list:
dist: 1.465868290159471 vs. 1.465868290159471
list:
dist: 1.5762809759237968 vs. 1.5762809759237968
list:
dist: 0.6710533179543907 vs. 0.6710533179543907
list:
dist: 1.0895078072813102 vs. 1.0895078072813102
list:
dist: 2.0274257779821756 vs. 2.0274257779821756
list:
dist: 0.708700475807073 vs. 0.708700475807073
list:
dist: 1.6833746823561888 vs. 1.6833746823561888
list:
dist: 1.4076851235602121 vs. 1.4076851235602121
list:
dist: 1.4752784587931744 vs. 1.4752784587931744
list:
dist: 1.3200529849057725 vs. 1.3200529849057725
list:
dist: 0.9241099102049195 vs. 0.9241099102049195
list:
dist: 1.908591895310512 vs. 1.908591895310512
list:
dist: 3.315535016551692 vs. 3.315535016551692
list:
dist: 3.4478217654016508 vs. 3.4478217654016508
list:
dist: 2.456993699413014 vs. 2.456993699413014
list:
dist: 2.2281078642805325 vs. 2.2281078642805325
list:
dist: 2.6955659087267945 vs. 2.6955659087267945
list:
dist: 2.8148502174444805 vs. 2.8148502174444805
list:
dist: 3.0199237470155547 vs. 3.0199237470155547
list:
dist: 3.8590901752698077 vs. 3.8590901752698077
list:
dist: 3.5003912388360177 vs. 3.5003912388360177
list:
dist: 3.4404526950583225 vs. 3.4404526950583225
list:
dist: 3.17102924918026 vs. 3.17102924918026
list:
dist: 3.748814278116792 vs. 3.748814278116792
list:
dist: 3.63046256560471 vs. 3.63046256560471
list:
dist: 3.318809249649422 vs. 3.318809249649422
list:
dist: 2.587888043365102 vs. 2.587888043365102
list:
dist: 2.2005313315843726 vs. 2.2005313315843726
list:
dist: 2.1165239362028103 vs. 2.1165239362028103
list:
dist: 2.836720812945751 vs. 2.836720812945751
list:
dist: 2.5756554908570104 vs. 2.5756554908570104
list:
dist: 2.6245777016015825 vs. 2.6245777016015825
list:
dist: 3.9945641635660296 vs. 3.9945641635660296
list:
dist: 3.6093824276669824 vs. 3.6093824276669824
list:
dist: 3.898708209887217 vs. 3.898708209887217
list:
dist: 2.821782963158229 vs. 2.821782963158229
list:
dist: 3.6200395155383247 vs. 3.6200395155383247
list:
dist: 3.163544241648693 vs. 3.163544241648693
list:
dist: 2.9472998809078272 vs. 2.9472998809078272
list:
dist: 2.436300601362383 vs. 2.436300601362383
list:
dist: 3.1172849122447475 vs. 3.1172849122447475
list:
dist: 3.306229954378424 vs. 3.306229954378424
list:
dist: 0.7032621009618677 vs. 0.7032621009618677
list:
dist: 3.632062562599041 vs. 3.632062562599041
list:
dist: 1.5689510469906103 vs. 1.5689510469906103
list:
dist: 2.9463840414213616 vs. 2.9463840414213616
list:
dist: 2.504193174548816 vs. 2.504193174548816
list:
dist: 2.7893992981077784 vs. 2.7893992981077784
list:
dist: 1.6227527750027515 vs. 1.6227527750027515
list:
dist: 2.6105385717609444 vs. 2.6105385717609444
list:
dist: 2.309309395959587 vs. 2.309309395959587
list:
dist: 3.7060655045395077 vs. 3.7060655045395077
list:
dist: 3.6889170515170298 vs. 3.6889170515170298
list:
dist: 1.2183761174217802 vs. 1.2183761174217802
list:
dist: 1.6758060301626552 vs. 1.6758060301626552
list:
dist: 3.2276138235725713 vs. 3.2276138235725713
list:
dist: 3.413063910020613 vs. 3.413063910020613
list:
dist: 2.7877900564859086 vs. 2.7877900564859086
list:
dist: 2.505213668179133 vs. 2.505213668179133
list:
dist: 2.8406887340736464 vs. 2.8406887340736464
list:
dist: 1.8920516489404327 vs. 1.8920516489404327
list:
dist: 2.1988645521160444 vs. 2.1988645521160444
list:
dist: 1.37995505016065 vs. 1.37995505016065
list:
dist: 3.122921142370515 vs. 3.122921142370515
list:
dist: 1.6294767256878702 vs. 1.6294767256878702
list:
dist: 2.7182683999387462 vs. 2.7182683999387462
list:
dist: 2.3446923146712693 vs. 2.3446923146712693
list:
dist: 2.47891598410535 vs. 2.47891598410535
list:
dist: 2.1506681923291624 vs. 2.1506681923291624
list:
dist: 1.6276343564996927 vs. 1.6276343564996927
list:
dist: 3.0736679909948506 vs. 3.0736679909948506
list:
dist: 0.7032621009618677 vs. 0.7032621009618677
list:
dist: 3.572546410328688 vs. 3.572546410328688
list:
dist: 1.6367293219551147 vs. 1.6367293219551147
list:
dist: 2.602019455144295 vs. 2.602019455144295
list:
dist: 2.3801758841342138 vs. 2.3801758841342138
list:
dist: 3.465107071288967 vs. 3.465107071288967
list:
dist: 2.27196264848051 vs. 2.27196264848051
list:
dist: 3.2207201981217444 vs. 3.2207201981217444
list:
dist: 2.9282285825314958 vs. 2.9282285825314958
list:
dist: 3.9383360009925883 vs. 3.9383360009925883
list:
dist: 3.886329532110734 vs. 3.886329532110734
list:
dist: 1.8412229658592307 vs. 1.8412229658592307
list:
dist: 1.9693791052737641 vs. 1.9693791052737641
list:
dist: 3.674923730089798 vs. 3.674923730089798
list:
dist: 3.7317295917420146 vs. 3.7317295917420146
list:
dist: 3.213156090723885 vs. 3.213156090723885
list:
dist: 2.668136683192477 vs. 2.668136683192477
list:
dist: 3.1190414307553276 vs. 3.1190414307553276
list:
dist: 2.0984663752319697 vs. 2.0984663752319697
list:
dist: 2.690612331748739 vs. 2.690612331748739
list:
dist: 1.7502844745407666 vs. 1.7502844745407666
list:
dist: 3.580679387644172 vs. 3.580679387644172
list:
dist: 2.1635207477866567 vs. 2.1635207477866567
list:
dist: 3.0367862729539152 vs. 3.0367862729539152
list:
dist: 2.7254388923232042 vs. 2.7254388923232042
list:
dist: 3.0523257247915314 vs. 3.0523257247915314
list:
dist: 2.708917851938356 vs. 2.708917851938356
list:
dist: 1.9368186199373674 vs. 1.9368186199373674
list:
dist: 3.5965948762864834 vs. 3.5965948762864834
list:
dist: 2.0723774695842643 vs. 2.0723774695842643
list:
dist: 2.071354332826681 vs. 2.071354332826681
list:
dist: 1.3484577760673977 vs. 1.3484577760673977
list:
dist: 3.6240966942598556 vs. 3.6240966942598556
list:
dist: 2.6801470524589432 vs. 2.6801470524589432
list:
dist: 1.9877889069858077 vs. 1.9877889069858077
list:
dist: 1.9204256344521362 vs. 1.9204256344521362
list:
dist: 1.5235019033315447 vs. 1.5235019033315447
list:
dist: 1.8785386998163587 vs. 1.8785386998163587
list:
dist: 0.7693539331542303 vs. 0.7693539331542303
list:
dist: 1.031090954822811 vs. 1.031090954822811
list:
dist: 1.6326208801498387 vs. 1.6326208801498387
list:
dist: 1.9763701246831415 vs. 1.9763701246831415
list:
dist: 2.2281078642805325 vs. 2.2281078642805325
list:
dist: 1.7988579464312386 vs. 1.7988579464312386
list:
dist: 2.2743855534742 vs. 2.2743855534742
list:
dist: 1.0486271108103014 vs. 1.0486271108103014
list:
dist: 1.433504612544554 vs. 1.433504612544554
list:
dist: 2.5293108259892834 vs. 2.5293108259892834
list:
dist: 2.2613743587529296 vs. 2.2613743587529296
list:
dist: 1.7089232168721376 vs. 1.7089232168721376
list:
dist: 2.7920822440494173 vs. 2.7920822440494173
list:
dist: 3.22544384565782 vs. 3.22544384565782
list:
dist: 3.5826734727710856 vs. 3.5826734727710856
list:
dist: 0.9476006140506419 vs. 0.9476006140506419
list:
dist: 2.9548370032487203 vs. 2.9548370032487203
list:
dist: 2.9252168138084986 vs. 2.9252168138084986
list:
dist: 2.8917778597344164 vs. 2.8917778597344164
list:
dist: 3.7669916490022235 vs. 3.7669916490022235
list:
dist: 2.530079933072937 vs. 2.530079933072937
list:
dist: 2.3446923146712693 vs. 2.3446923146712693
list:
dist: 2.7254388923232042 vs. 2.7254388923232042
list:
dist: 4.867065073545315 vs. 4.867065073545315
list:
dist: 1.7348158011331154 vs. 1.7348158011331154
list:
dist: 2.75080517044213 vs. 2.75080517044213
list:
dist: 1.824766867944895 vs. 1.824766867944895
list:
dist: 3.7513708035414104 vs. 3.7513708035414104
list:
dist: 3.258539589195547 vs. 3.258539589195547
list:
dist: 2.7107572042106107 vs. 2.7107572042106107
list:
dist: 2.7784356919784803 vs. 2.7784356919784803
list:
dist: 2.9816492447668366 vs. 2.9816492447668366
list:
dist: 1.4207767784434 vs. 1.4207767784434
list:
dist: 1.0696198333625004 vs. 1.0696198333625004
list:
dist: 1.0504121615276183 vs. 1.0504121615276183
list:
dist: 1.5607876540105512 vs. 1.5607876540105512
list:
dist: 1.1982308764522258 vs. 1.1982308764522258
list:
dist: 0.9386087605322463 vs. 0.9386087605322463
list:
dist: 0.9722022963946776 vs. 0.9722022963946776
list:
dist: 1.2354372010647243 vs. 1.2354372010647243
list:
dist: 0.7765822336318905 vs. 0.7765822336318905
list:
dist: 1.4076851235602121 vs. 1.4076851235602121
list:
dist: 0.9661829106055 vs. 0.9661829106055
list:
dist: 1.0571048164636947 vs. 1.0571048164636947
list:
dist: 0.45598584676727255 vs. 0.45598584676727255
list:
dist: 1.337274394197684 vs. 1.337274394197684
list:
dist: 0.8734290806602056 vs. 0.8734290806602056
list:
dist: 0.8002173105603086 vs. 0.8002173105603086
list:
dist: 1.9453143635477281 vs. 1.9453143635477281
list:
dist: 3.632944300406884 vs. 3.632944300406884
list:
dist: 3.717917448041582 vs. 3.717917448041582
list:
dist: 1.6682408834946698 vs. 1.6682408834946698
list:
dist: 1.433504612544554 vs. 1.433504612544554
list:
dist: 2.7067991877860833 vs. 2.7067991877860833
list:
dist: 2.997294381452955 vs. 2.997294381452955
list:
dist: 3.5855990919179614 vs. 3.5855990919179614
list:
dist: 4.0798048417643615 vs. 4.0798048417643615
list:
dist: 3.6868846794364187 vs. 3.6868846794364187
list:
dist: 3.583271480703453 vs. 3.583271480703453
list:
dist: 3.8071589610434877 vs. 3.8071589610434877
list:
dist: 3.756269841491308 vs. 3.756269841491308
list:
dist: 3.6801987285339672 vs. 3.6801987285339672
list:
dist: 3.4250133370288296 vs. 3.4250133370288296
list:
dist: 2.7549210714191577 vs. 2.7549210714191577
list:
dist: 2.3078236918096415 vs. 2.3078236918096415
list:
dist: 2.228372931591433 vs. 2.228372931591433
list:
dist: 2.6931214660563563 vs. 2.6931214660563563
list:
dist: 2.9117819833269105 vs. 2.9117819833269105
list:
dist: 3.293968298751161 vs. 3.293968298751161
list:
dist: 3.8407879765845863 vs. 3.8407879765845863
list:
dist: 4.125370513799146 vs. 4.125370513799146
list:
dist: 4.010634885986743 vs. 4.010634885986743
list:
dist: 3.4072990282948687 vs. 3.4072990282948687
list:
dist: 3.6633782257472656 vs. 3.6633782257472656
list:
dist: 2.4534714159076554 vs. 2.4534714159076554
list:
dist: 2.1580728202787176 vs. 2.1580728202787176
list:
dist: 1.8598724229327837 vs. 1.8598724229327837
list:
dist: 2.634838765337781 vs. 2.634838765337781
list:
dist: 2.315380396317963 vs. 2.315380396317963
list:
dist: 1.2183761174217802 vs. 1.2183761174217802
list:
dist: 1.8412229658592307 vs. 1.8412229658592307
list:
dist: 3.8296394001544365 vs. 3.8296394001544365
list:
dist: 1.5906253939748916 vs. 1.5906253939748916
list:
dist: 3.2062734237136046 vs. 3.2062734237136046
list:
dist: 2.459206840704219 vs. 2.459206840704219
list:
dist: 4.399324246033438 vs. 4.399324246033438
list:
dist: 4.1986919477005555 vs. 4.1986919477005555
list:
dist: 3.981710408443552 vs. 3.981710408443552
list:
dist: 4.882706571007483 vs. 4.882706571007483
list:
dist: 4.311259124234645 vs. 4.311259124234645
list:
dist: 3.379701891415093 vs. 3.379701891415093
list:
dist: 4.342874265753616 vs. 4.342874265753616
list:
dist: 4.828504272143435 vs. 4.828504272143435
list:
dist: 4.3251161096286905 vs. 4.3251161096286905
list:
dist: 4.324622282153705 vs. 4.324622282153705
list:
dist: 5.095384495507216 vs. 5.095384495507216
list:
dist: 4.428538589787472 vs. 4.428538589787472
list:
dist: 4.361128915503771 vs. 4.361128915503771
list:
dist: 4.2856093883961535 vs. 4.2856093883961535
list:
dist: 2.1922268342564095 vs. 2.1922268342564095
list:
dist: 1.375011465898952 vs. 1.375011465898952
list:
dist: 1.9454348652744904 vs. 1.9454348652744904
list:
dist: 1.8687485565905697 vs. 1.8687485565905697
list:
dist: 3.4336230619747514 vs. 3.4336230619747514
list:
dist: 3.5255516839092462 vs. 3.5255516839092462
list:
dist: 1.201809938581693 vs. 1.201809938581693
list:
dist: 2.1485985017658913 vs. 2.1485985017658913
list:
dist: 2.5563514130349945 vs. 2.5563514130349945
list:
dist: 1.830741900880298 vs. 1.830741900880298
list:
dist: 1.9592684251733528 vs. 1.9592684251733528
list:
dist: 2.064323285651372 vs. 2.064323285651372
list:
dist: 1.4912767126668613 vs. 1.4912767126668613
list:
dist: 1.1330363039549105 vs. 1.1330363039549105
list:
dist: 0.9656204775088614 vs. 0.9656204775088614
list:
dist: 2.019992180889977 vs. 2.019992180889977
list:
dist: 0.5943942091382038 vs. 0.5943942091382038
list:
dist: 1.8556259717712986 vs. 1.8556259717712986
list:
dist: 1.4207767784434 vs. 1.4207767784434
list:
dist: 1.345139622832885 vs. 1.345139622832885
list:
dist: 0.9625863912535578 vs. 0.9625863912535578
list:
dist: 1.0491862226406714 vs. 1.0491862226406714
list:
dist: 2.0808157617904794 vs. 2.0808157617904794
list:
dist: 4.327382712345838 vs. 4.327382712345838
list:
dist: 3.854690110984812 vs. 3.854690110984812
list:
dist: 2.93355495310061 vs. 2.93355495310061
list:
dist: 2.6801470524589432 vs. 2.6801470524589432
list:
dist: 2.191858768956214 vs. 2.191858768956214
list:
dist: 2.2152490380440435 vs. 2.2152490380440435
list:
dist: 2.4986462077833504 vs. 2.4986462077833504
list:
dist: 3.6233226472708107 vs. 3.6233226472708107
list:
dist: 3.288878844511733 vs. 3.288878844511733
list:
dist: 3.526262954793657 vs. 3.526262954793657
list:
dist: 3.251517607295465 vs. 3.251517607295465
list:
dist: 3.5955065199053218 vs. 3.5955065199053218
list:
dist: 3.645232234205826 vs. 3.645232234205826
list:
dist: 3.058989252114447 vs. 3.058989252114447
list:
dist: 2.6808724610968717 vs. 2.6808724610968717
list:
dist: 1.9845569076891225 vs. 1.9845569076891225
list:
dist: 1.853773704696411 vs. 1.853773704696411
list:
dist: 2.6193601782024905 vs. 2.6193601782024905
list:
dist: 2.1774779158057633 vs. 2.1774779158057633
list:
dist: 2.526100335111036 vs. 2.526100335111036
list:
dist: 3.9878139368052707 vs. 3.9878139368052707
list:
dist: 3.2152982105445456 vs. 3.2152982105445456
list:
dist: 2.8259433315425304 vs. 2.8259433315425304
list:
dist: 2.2322842353360066 vs. 2.2322842353360066
list:
dist: 2.7155785897414226 vs. 2.7155785897414226
list:
dist: 3.386190283901801 vs. 3.386190283901801
list:
dist: 1.6294767256878702 vs. 1.6294767256878702
list:
dist: 2.1635207477866567 vs. 2.1635207477866567
list:
dist: 4.511212882695363 vs. 4.511212882695363
list:
dist: 1.3818192943282077 vs. 1.3818192943282077
list:
dist: 3.075918544639566 vs. 3.075918544639566
list:
dist: 2.297755316327718 vs. 2.297755316327718
list:
dist: 4.4123210659869345 vs. 4.4123210659869345
list:
dist: 2.384305972811241 vs. 2.384305972811241
list:
dist: 1.6960720243231118 vs. 1.6960720243231118
list:
dist: 1.8604430873635867 vs. 1.8604430873635867
list:
dist: 1.9764232075019577 vs. 1.9764232075019577
list:
dist: 0.5943942091382038 vs. 0.5943942091382038
list:
dist: 1.294208017418329 vs. 1.294208017418329
list:
dist: 1.8528595027379127 vs. 1.8528595027379127
list:
dist: 1.9724602544699987 vs. 1.9724602544699987
list:
dist: 1.242527938350058 vs. 1.242527938350058
list:
dist: 1.5655078190439105 vs. 1.5655078190439105
list:
dist: 1.5289472650446347 vs. 1.5289472650446347
list:
dist: 1.0979439326126141 vs. 1.0979439326126141
list:
dist: 0.5856882568360119 vs. 0.5856882568360119
list:
dist: 0.708700475807073 vs. 0.708700475807073
list:
dist: 1.5557326873359725 vs. 1.5557326873359725
list:
dist: 1.4382425870822617 vs. 1.4382425870822617
list:
dist: 1.0571048164636947 vs. 1.0571048164636947
list:
dist: 0.9139546011743801 vs. 0.9139546011743801
list:
dist: 0.637587536143909 vs. 0.637587536143909
list:
dist: 0.8931000561742554 vs. 0.8931000561742554
list:
dist: 1.5913373998851683 vs. 1.5913373998851683
list:
dist: 3.601853954875754 vs. 3.601853954875754
list:
dist: 3.5992231235859364 vs. 3.5992231235859364
list:
dist: 2.405851414109279 vs. 2.405851414109279
list:
dist: 2.2743855534742 vs. 2.2743855534742
list:
dist: 2.127249799765188 vs. 2.127249799765188
list:
dist: 2.290844305963544 vs. 2.290844305963544
list:
dist: 2.679919380859448 vs. 2.679919380859448
list:
dist: 3.460563843840247 vs. 3.460563843840247
list:
dist: 3.0931772893111913 vs. 3.0931772893111913
list:
dist: 3.150882064580792 vs. 3.150882064580792
list:
dist: 3.0300744140286646 vs. 3.0300744140286646
list:
dist: 3.3204690076196606 vs. 3.3204690076196606
list:
dist: 3.286291796125698 vs. 3.286291796125698
list:
dist: 2.866574954872443 vs. 2.866574954872443
list:
dist: 2.2853944982411156 vs. 2.2853944982411156
list:
dist: 1.722858865633342 vs. 1.722858865633342
list:
dist: 1.617971871553116 vs. 1.617971871553116
list:
dist: 2.324797344223185 vs. 2.324797344223185
list:
dist: 2.13735953405524 vs. 2.13735953405524
list:
dist: 2.4153817350020947 vs. 2.4153817350020947
list:
dist: 3.6022200267830833 vs. 3.6022200267830833
list:
dist: 3.520570339961763 vs. 3.520570339961763
list:
dist: 3.664318129394317 vs. 3.664318129394317
list:
dist: 2.74937946141251 vs. 2.74937946141251
list:
dist: 3.324842520257093 vs. 3.324842520257093
list:
dist: 2.7265251059065156 vs. 2.7265251059065156
list:
dist: 2.406705529143189 vs. 2.406705529143189
list:
dist: 1.8539724365897736 vs. 1.8539724365897736
list:
dist: 2.486761828782394 vs. 2.486761828782394
list:
dist: 2.8945402407909278 vs. 2.8945402407909278
list:
dist: 1.6758060301626552 vs. 1.6758060301626552
list:
dist: 1.9693791052737641 vs. 1.9693791052737641
list:
dist: 2.983343483245959 vs. 2.983343483245959
list:
dist: 1.6633609208328703 vs. 1.6633609208328703
list:
dist: 2.435358119408265 vs. 2.435358119408265
list:
dist: 1.5768459220667952 vs. 1.5768459220667952
list:
dist: 3.3763601821936016 vs. 3.3763601821936016
list:
dist: 3.211661654997455 vs. 3.211661654997455
list:
dist: 2.9136963445217883 vs. 2.9136963445217883
list:
dist: 3.864506573904944 vs. 3.864506573904944
list:
dist: 3.311070266729558 vs. 3.311070266729558
list:
dist: 2.3708591023290273 vs. 2.3708591023290273
list:
dist: 3.3500806777267864 vs. 3.3500806777267864
list:
dist: 3.9154673852273216 vs. 3.9154673852273216
list:
dist: 3.612618470019407 vs. 3.612618470019407
list:
dist: 3.3479249461448717 vs. 3.3479249461448717
list:
dist: 4.213812051853151 vs. 4.213812051853151
list:
dist: 3.6566294405472153 vs. 3.6566294405472153
list:
dist: 3.4814983979425227 vs. 3.4814983979425227
list:
dist: 3.132906088499617 vs. 3.132906088499617
list:
dist: 3.3288111632490787 vs. 3.3288111632490787
list:
dist: 2.5419704116212523 vs. 2.5419704116212523
list:
dist: 3.089639575041686 vs. 3.089639575041686
list:
dist: 3.069293564447033 vs. 3.069293564447033
list:
dist: 2.7630813173492736 vs. 2.7630813173492736
list:
dist: 2.8807588284369494 vs. 2.8807588284369494
list:
dist: 1.201809938581693 vs. 1.201809938581693
list:
dist: 1.831599822787264 vs. 1.831599822787264
list:
dist: 2.5491554919936568 vs. 2.5491554919936568
list:
dist: 2.1218173512140406 vs. 2.1218173512140406
list:
dist: 1.4182719107185329 vs. 1.4182719107185329
list:
dist: 1.8641442805711403 vs. 1.8641442805711403
list:
dist: 1.4966524356676465 vs. 1.4966524356676465
list:
dist: 1.5008278950155363 vs. 1.5008278950155363
list:
dist: 1.4523868775381326 vs. 1.4523868775381326
list:
dist: 1.9978430708462531 vs. 1.9978430708462531
list:
dist: 1.294208017418329 vs. 1.294208017418329
list:
dist: 1.3989548270141607 vs. 1.3989548270141607
list:
dist: 1.0696198333625004 vs. 1.0696198333625004
list:
dist: 2.0169865038139245 vs. 2.0169865038139245
list:
dist: 1.404603679086116 vs. 1.404603679086116
list:
dist: 0.6191122059775124 vs. 0.6191122059775124
list:
dist: 2.754401696919615 vs. 2.754401696919615
list:
dist: 3.3798659985737687 vs. 3.3798659985737687
list:
dist: 2.8226346977141783 vs. 2.8226346977141783
list:
dist: 2.5663909390909305 vs. 2.5663909390909305
list:
dist: 1.9877889069858077 vs. 1.9877889069858077
list:
dist: 3.1352023752619207 vs. 3.1352023752619207
list:
dist: 3.247777399755399 vs. 3.247777399755399
list:
dist: 3.658231844885142 vs. 3.658231844885142
list:
dist: 4.64253123894182 vs. 4.64253123894182
list:
dist: 4.280062872382974 vs. 4.280062872382974
list:
dist: 4.369586758952807 vs. 4.369586758952807
list:
dist: 4.319340361709188 vs. 4.319340361709188
list:
dist: 4.4752503647010435 vs. 4.4752503647010435
list:
dist: 4.475923041675643 vs. 4.475923041675643
list:
dist: 4.019937979263344 vs. 4.019937979263344
list:
dist: 3.5103751086877915 vs. 3.5103751086877915
list:
dist: 2.9014627543241467 vs. 2.9014627543241467
list:
dist: 2.78467937670044 vs. 2.78467937670044
list:
dist: 3.4130098048343855 vs. 3.4130098048343855
list:
dist: 3.266050546528914 vs. 3.266050546528914
list:
dist: 3.6627958098294005 vs. 3.6627958098294005
list:
dist: 4.7106010732712065 vs. 4.7106010732712065
list:
dist: 3.479621308880617 vs. 3.479621308880617
list:
dist: 3.112585940794474 vs. 3.112585940794474
list:
dist: 2.7093499056365147 vs. 2.7093499056365147
list:
dist: 3.3303318157938473 vs. 3.3303318157938473
list:
dist: 3.3575248516773675 vs. 3.3575248516773675
list:
dist: 4.354092757271782 vs. 4.354092757271782
list:
dist: 4.255154966286328 vs. 4.255154966286328
list:
dist: 4.357315378401992 vs. 4.357315378401992
list:
dist: 3.2689063448346367 vs. 3.2689063448346367
list:
dist: 3.759031880456218 vs. 3.759031880456218
list:
dist: 4.0394131251832555 vs. 4.0394131251832555
list:
dist: 3.198529584035241 vs. 3.198529584035241
list:
dist: 3.0674265596872243 vs. 3.0674265596872243
list:
dist: 3.1350669303355625 vs. 3.1350669303355625
list:
dist: 3.8705333900325747 vs. 3.8705333900325747
list:
dist: 1.5689510469906103 vs. 1.5689510469906103
list:
dist: 1.6367293219551147 vs. 1.6367293219551147
list:
dist: 3.3377045711361744 vs. 3.3377045711361744
list:
dist: 2.022746152297893 vs. 2.022746152297893
list:
dist: 1.5972625638746638 vs. 1.5972625638746638
list:
dist: 4.363651927810375 vs. 4.363651927810375
list:
dist: 3.453958797371546 vs. 3.453958797371546
list:
dist: 2.452738012227371 vs. 2.452738012227371
list:
dist: 2.729411701839397 vs. 2.729411701839397
list:
dist: 2.7836072895137836 vs. 2.7836072895137836
list:
dist: 1.5906253939748916 vs. 1.5906253939748916
list:
dist: 1.6633609208328703 vs. 1.6633609208328703
list:
dist: 2.7777330006452545 vs. 2.7777330006452545
list:
dist: 2.2154041333913472 vs. 2.2154041333913472
list:
dist: 1.8671079158335386 vs. 1.8671079158335386
list:
dist: 1.3683222743469174 vs. 1.3683222743469174
list:
dist: 1.6744204206914777 vs. 1.6744204206914777
list:
dist: 0.5960273006922931 vs. 0.5960273006922931
list:
dist: 1.644866215717141 vs. 1.644866215717141
list:
dist: 0.7183932506948703 vs. 0.7183932506948703
list:
dist: 2.4391558829411375 vs. 2.4391558829411375
list:
dist: 1.3818192943282077 vs. 1.3818192943282077
list:
dist: 1.8833914660304805 vs. 1.8833914660304805
list:
dist: 1.7348158011331154 vs. 1.7348158011331154
list:
dist: 2.113181185985703 vs. 2.113181185985703
list:
dist: 1.9363212535662435 vs. 1.9363212535662435
list:
dist: 1.1521308200642244 vs. 1.1521308200642244
list:
dist: 2.430829063217841 vs. 2.430829063217841
list:
dist: 3.1629444883856355 vs. 3.1629444883856355
list:
dist: 3.476067717655338 vs. 3.476067717655338
list:
dist: 2.4457490359260032 vs. 2.4457490359260032
list:
dist: 2.0723774695842643 vs. 2.0723774695842643
list:
dist: 4.958082498878206 vs. 4.958082498878206
list:
dist: 4.808389132390709 vs. 4.808389132390709
list:
dist: 4.989924337350703 vs. 4.989924337350703
list:
dist: 4.099622238587907 vs. 4.099622238587907
list:
dist: 4.231563906353439 vs. 4.231563906353439
list:
dist: 4.657225852583897 vs. 4.657225852583897
list:
dist: 3.421006238629204 vs. 3.421006238629204
list:
dist: 3.496270066327456 vs. 3.496270066327456
list:
dist: 3.3881682182417663 vs. 3.3881682182417663
list:
dist: 4.117344988895364 vs. 4.117344988895364
list:
dist: 2.504193174548816 vs. 2.504193174548816
list:
dist: 2.3801758841342138 vs. 2.3801758841342138
list:
dist: 4.168730461256845 vs. 4.168730461256845
list:
dist: 1.5972625638746638 vs. 1.5972625638746638
list:
dist: 0.9627730507578589 vs. 0.9627730507578589
list:
dist: 3.0418737872702435 vs. 3.0418737872702435
list:
dist: 4.626431970174368 vs. 4.626431970174368
list:
dist: 3.7014919176331595 vs. 3.7014919176331595
list:
dist: 4.071441205187537 vs. 4.071441205187537
list:
dist: 4.142465981816884 vs. 4.142465981816884
list:
dist: 2.459206840704219 vs. 2.459206840704219
list:
dist: 1.5768459220667952 vs. 1.5768459220667952
list:
dist: 2.6569432866283225 vs. 2.6569432866283225
list:
dist: 2.5452713993626204 vs. 2.5452713993626204
list:
dist: 2.561273124670593 vs. 2.561273124670593
list:
dist: 1.1422267415383571 vs. 1.1422267415383571
list:
dist: 1.8614647519676981 vs. 1.8614647519676981
list:
dist: 1.5478740397699438 vs. 1.5478740397699438
list:
dist: 2.3419767961106204 vs. 2.3419767961106204
list:
dist: 2.006450187349782 vs. 2.006450187349782
list:
dist: 2.65157771116561 vs. 2.65157771116561
list:
dist: 2.297755316327718 vs. 2.297755316327718
list:
dist: 1.754880766885877 vs. 1.754880766885877
list:
dist: 1.824766867944895 vs. 1.824766867944895
list:
dist: 2.9658720794672684 vs. 2.9658720794672684
list:
dist: 2.5445001203740962 vs. 2.5445001203740962
list:
dist: 1.4603065685003653 vs. 1.4603065685003653
list:
dist: 3.4107771272472367 vs. 3.4107771272472367
list:
dist: 3.874933408574031 vs. 3.874933408574031
list:
dist: 4.339699396864894 vs. 4.339699396864894
list:
dist: 2.2262902654027332 vs. 2.2262902654027332
list:
dist: 1.3484577760673977 vs. 1.3484577760673977
list:
dist: 2.505213668179133 vs. 2.505213668179133
list:
dist: 2.668136683192477 vs. 2.668136683192477
list:
dist: 4.1948995270898655 vs. 4.1948995270898655
list:
dist: 1.3683222743469174 vs. 1.3683222743469174
list:
dist: 1.9723079238256143 vs. 1.9723079238256143
list:
dist: 1.1422267415383571 vs. 1.1422267415383571
list:
dist: 3.7152856119916433 vs. 3.7152856119916433
list:
dist: 3.9377358507650557 vs. 3.9377358507650557
list:
dist: 3.2092861155037364 vs. 3.2092861155037364
list:
dist: 3.269352709664053 vs. 3.269352709664053
list:
dist: 3.4813462611487114 vs. 3.4813462611487114
list:
dist: 1.9592684251733528 vs. 1.9592684251733528
list:
dist: 1.4182719107185329 vs. 1.4182719107185329
list:
dist: 1.7982267993371637 vs. 1.7982267993371637
list:
dist: 1.4459396610178739 vs. 1.4459396610178739
list:
dist: 1.455507273389252 vs. 1.455507273389252
list:
dist: 0.7294319901478973 vs. 0.7294319901478973
list:
dist: 0.9029989337023727 vs. 0.9029989337023727
list:
dist: 1.3812954943466307 vs. 1.3812954943466307
list:
dist: 1.465868290159471 vs. 1.465868290159471
list:
dist: 1.5839531646714895 vs. 1.5839531646714895
list:
dist: 1.5655078190439105 vs. 1.5655078190439105
list:
dist: 0.7597367266147956 vs. 0.7597367266147956
list:
dist: 0.9386087605322463 vs. 0.9386087605322463
list:
dist: 1.9852357795927926 vs. 1.9852357795927926
list:
dist: 1.6859884534600948 vs. 1.6859884534600948
list:
dist: 1.000257818763903 vs. 1.000257818763903
list:
dist: 2.3464130182326586 vs. 2.3464130182326586
list:
dist: 3.1600780365259755 vs. 3.1600780365259755
list:
dist: 3.4582514803624167 vs. 3.4582514803624167
list:
dist: 1.302686034532948 vs. 1.302686034532948
list:
dist: 0.7693539331542303 vs. 0.7693539331542303
list:
dist: 3.4732848490359456 vs. 3.4732848490359456
list:
dist: 3.7592729906241655 vs. 3.7592729906241655
list:
dist: 4.230836593156386 vs. 4.230836593156386
list:
dist: 4.687504159152951 vs. 4.687504159152951
list:
dist: 4.287808637373254 vs. 4.287808637373254
list:
dist: 3.9892520004174994 vs. 3.9892520004174994
list:
dist: 4.170835461470725 vs. 4.170835461470725
list:
dist: 4.339091121277545 vs. 4.339091121277545
list:
dist: 4.142657119302875 vs. 4.142657119302875
list:
dist: 4.065072824764409 vs. 4.065072824764409
list:
dist: 3.1769687584156907 vs. 3.1769687584156907
list:
dist: 2.9361546623370014 vs. 2.9361546623370014
list:
dist: 2.8785721505651978 vs. 2.8785721505651978
list:
dist: 3.3469900497627383 vs. 3.3469900497627383
list:
dist: 3.57312099071147 vs. 3.57312099071147
list:
dist: 3.758479952977939 vs. 3.758479952977939
list:
dist: 4.3211680344207 vs. 4.3211680344207
list:
dist: 4.363820888941383 vs. 4.363820888941383
list:
dist: 4.321981979638891 vs. 4.321981979638891
list:
dist: 3.6483129786572435 vs. 3.6483129786572435
list:
dist: 4.047191284062929 vs. 4.047191284062929
list:
dist: 2.892748846521419 vs. 2.892748846521419
list:
dist: 2.776751830087284 vs. 2.776751830087284
list:
dist: 2.5671344317724074 vs. 2.5671344317724074
list:
dist: 3.4244825151577722 vs. 3.4244825151577722
list:
dist: 2.663208736319415 vs. 2.663208736319415
list:
dist: 3.122921142370515 vs. 3.122921142370515
list:
dist: 3.580679387644172 vs. 3.580679387644172
list:
dist: 5.250391988223747 vs. 5.250391988223747
list:
dist: 2.4391558829411375 vs. 2.4391558829411375
list:
dist: 3.5464595382414434 vs. 3.5464595382414434
list:
dist: 2.65157771116561 vs. 2.65157771116561
list:
dist: 4.450427810986773 vs. 4.450427810986773
list:
dist: 3.2715156410957555 vs. 3.2715156410957555
list:
dist: 3.0496755112683887 vs. 3.0496755112683887
list:
dist: 2.7232534476171573 vs. 2.7232534476171573
list:
dist: 3.0944429468257755 vs. 3.0944429468257755
list:
dist: 2.019992180889977 vs. 2.019992180889977
list:
dist: 1.9978430708462531 vs. 1.9978430708462531
list:
dist: 0.7705455684622031 vs. 0.7705455684622031
list:
dist: 1.196560390569326 vs. 1.196560390569326
list:
dist: 0.9416342294150992 vs. 0.9416342294150992
list:
dist: 1.5839531646714895 vs. 1.5839531646714895
list:
dist: 1.1118913354571656 vs. 1.1118913354571656
list:
dist: 1.8668139379028466 vs. 1.8668139379028466
list:
dist: 0.995080627280194 vs. 0.995080627280194
list:
dist: 2.0274257779821756 vs. 2.0274257779821756
list:
dist: 1.5557326873359725 vs. 1.5557326873359725
list:
dist: 0.9068203958010451 vs. 0.9068203958010451
list:
dist: 0.9661829106055 vs. 0.9661829106055
list:
dist: 1.1570185842140341 vs. 1.1570185842140341
list:
dist: 1.0999794078787957 vs. 1.0999794078787957
list:
dist: 1.7219484365002533 vs. 1.7219484365002533
list:
dist: 1.5015389914442878 vs. 1.5015389914442878
list:
dist: 3.438821856746723 vs. 3.438821856746723
list:
dist: 3.3393050429125704 vs. 3.3393050429125704
list:
dist: 1.4971847380748466 vs. 1.4971847380748466
list:
dist: 1.7988579464312386 vs. 1.7988579464312386
list:
dist: 2.392570941023503 vs. 2.392570941023503
list:
dist: 2.8321655581732763 vs. 2.8321655581732763
list:
dist: 3.584458646009969 vs. 3.584458646009969
list:
dist: 3.5878612886564643 vs. 3.5878612886564643
list:
dist: 3.188316901301959 vs. 3.188316901301959
list:
dist: 2.965830599507302 vs. 2.965830599507302
list:
dist: 3.509385858487172 vs. 3.509385858487172
list:
dist: 3.1142510726102293 vs. 3.1142510726102293
list:
dist: 3.0141675653781643 vs. 3.0141675653781643
list:
dist: 2.9211358941537733 vs. 2.9211358941537733
list:
dist: 2.2389683235354183 vs. 2.2389683235354183
list:
dist: 1.9476022535447834 vs. 1.9476022535447834
list:
dist: 1.9166169157197255 vs. 1.9166169157197255
list:
dist: 2.090348932237118 vs. 2.090348932237118
list:
dist: 2.710002911917451 vs. 2.710002911917451
list:
dist: 3.1361071172753117 vs. 3.1361071172753117
list:
dist: 3.059753696933769 vs. 3.059753696933769
list:
dist: 3.690285025328425 vs. 3.690285025328425
list:
dist: 3.3392392287737187 vs. 3.3392392287737187
list:
dist: 3.0760802815161266 vs. 3.0760802815161266
list:
dist: 2.9783481401342202 vs. 2.9783481401342202
list:
dist: 1.5090277861454815 vs. 1.5090277861454815
list:
dist: 1.2323591776660519 vs. 1.2323591776660519
list:
dist: 1.128163360036747 vs. 1.128163360036747
list:
dist: 1.9755046080423848 vs. 1.9755046080423848
list:
dist: 1.400994311323229 vs. 1.400994311323229
list:
dist: 2.7877900564859086 vs. 2.7877900564859086
list:
dist: 3.213156090723885 vs. 3.213156090723885
list:
dist: 4.40727864382942 vs. 4.40727864382942
list:
dist: 1.8671079158335386 vs. 1.8671079158335386
list:
dist: 3.323664454615221 vs. 3.323664454615221
list:
dist: 2.561273124670593 vs. 2.561273124670593
list:
dist: 4.9159076414047655 vs. 4.9159076414047655
list:
dist: 3.0453753634612677 vs. 3.0453753634612677
list:
dist: 2.6744986616103645 vs. 2.6744986616103645
list:
dist: 2.205509813774743 vs. 2.205509813774743
list:
dist: 2.6265919428214106 vs. 2.6265919428214106
list:
dist: 1.830741900880298 vs. 1.830741900880298
list:
dist: 2.1218173512140406 vs. 2.1218173512140406
list:
dist: 1.657081184981079 vs. 1.657081184981079
list:
dist: 0.8321916090481682 vs. 0.8321916090481682
list:
dist: 1.455507273389252 vs. 1.455507273389252
list:
dist: 0.8553790132555631 vs. 0.8553790132555631
list:
dist: 1.3259700897498776 vs. 1.3259700897498776
list:
dist: 0.7469406207757455 vs. 0.7469406207757455
list:
dist: 1.4808870126548082 vs. 1.4808870126548082
list:
dist: 0.9416342294150992 vs. 0.9416342294150992
list:
dist: 1.242527938350058 vs. 1.242527938350058
list:
dist: 1.1974625023740346 vs. 1.1974625023740346
list:
dist: 1.1982308764522258 vs. 1.1982308764522258
list:
dist: 0.9002486598190028 vs. 0.9002486598190028
list:
dist: 1.1625053412778297 vs. 1.1625053412778297
list:
dist: 1.6160549874855992 vs. 1.6160549874855992
list:
dist: 0.9161210908075983 vs. 0.9161210908075983
list:
dist: 2.690912515732633 vs. 2.690912515732633
list:
dist: 2.6079635985160694 vs. 2.6079635985160694
list:
dist: 1.5156581791604216 vs. 1.5156581791604216
list:
dist: 1.8785386998163587 vs. 1.8785386998163587
list:
dist: 2.343017396588224 vs. 2.343017396588224
list:
dist: 2.742472967458764 vs. 2.742472967458764
list:
dist: 3.303086614308234 vs. 3.303086614308234
list:
dist: 3.3177481214049065 vs. 3.3177481214049065
list:
dist: 2.912489655259984 vs. 2.912489655259984
list:
dist: 2.541308865401252 vs. 2.541308865401252
list:
dist: 2.8881811693642296 vs. 2.8881811693642296
list:
dist: 2.91101692481779 vs. 2.91101692481779
list:
dist: 2.687691374850524 vs. 2.687691374850524
list:
dist: 2.7084833538764173 vs. 2.7084833538764173
list:
dist: 1.7444929821695985 vs. 1.7444929821695985
list:
dist: 1.6604835561062437 vs. 1.6604835561062437
list:
dist: 1.6523507206026036 vs. 1.6523507206026036
list:
dist: 1.9842956123085596 vs. 1.9842956123085596
list:
dist: 2.43869230573793 vs. 2.43869230573793
list:
dist: 2.5926169305232594 vs. 2.5926169305232594
list:
dist: 2.8819105298846948 vs. 2.8819105298846948
list:
dist: 3.0281383195816445 vs. 3.0281383195816445
list:
dist: 2.896992307614959 vs. 2.896992307614959
list:
dist: 2.3563126414879614 vs. 2.3563126414879614
list:
dist: 2.599268990155568 vs. 2.599268990155568
list:
dist: 1.7318466235275236 vs. 1.7318466235275236
list:
dist: 1.6579438355505296 vs. 1.6579438355505296
list:
dist: 1.3643290922301288 vs. 1.3643290922301288
list:
dist: 2.2400612325762608 vs. 2.2400612325762608
list:
dist: 1.8957356651495487 vs. 1.8957356651495487
list:
dist: 3.413063910020613 vs. 3.413063910020613
list:
dist: 3.7317295917420146 vs. 3.7317295917420146
list:
dist: 4.356614311744874 vs. 4.356614311744874
list:
dist: 2.2154041333913472 vs. 2.2154041333913472
list:
dist: 3.234191316564626 vs. 3.234191316564626
list:
dist: 2.5452713993626204 vs. 2.5452713993626204
list:
dist: 4.960882130351828 vs. 4.960882130351828
list:
dist: 3.866665050311926 vs. 3.866665050311926
list:
dist: 3.4865571265211424 vs. 3.4865571265211424
list:
dist: 2.9815436559924575 vs. 2.9815436559924575
list:
dist: 3.432395971826253 vs. 3.432395971826253
list:
dist: 2.5563514130349945 vs. 2.5563514130349945
list:
dist: 2.5491554919936568 vs. 2.5491554919936568
list:
dist: 1.8628325124602805 vs. 1.8628325124602805
list:
dist: 0.8321916090481682 vs. 0.8321916090481682
list:
dist: 1.4459396610178739 vs. 1.4459396610178739
list:
dist: 0.7344008695573828 vs. 0.7344008695573828
list:
dist: 1.6557408996801142 vs. 1.6557408996801142
list:
dist: 1.4733927702106213 vs. 1.4733927702106213
list:
dist: 2.0676957332697805 vs. 2.0676957332697805
list:
dist: 1.196560390569326 vs. 1.196560390569326
list:
dist: 1.9724602544699987 vs. 1.9724602544699987
list:
dist: 1.2953983113934007 vs. 1.2953983113934007
list:
dist: 1.5607876540105512 vs. 1.5607876540105512
list:
dist: 1.7061291962680156 vs. 1.7061291962680156
list:
dist: 1.8763623620464862 vs. 1.8763623620464862
list:
dist: 2.056249776412031 vs. 2.056249776412031
list:
dist: 1.5345974374282298 vs. 1.5345974374282298
list:
dist: 2.293663136153044 vs. 2.293663136153044
list:
dist: 2.3286275496640996 vs. 2.3286275496640996
list:
dist: 0.8285154856028524 vs. 0.8285154856028524
list:
dist: 1.5235019033315447 vs. 1.5235019033315447
list:
dist: 3.086610763934015 vs. 3.086610763934015
list:
dist: 3.5294516970360834 vs. 3.5294516970360834
list:
dist: 4.1171950142962634 vs. 4.1171950142962634
list:
dist: 3.9133671869653215 vs. 3.9133671869653215
list:
dist: 3.5105420900828284 vs. 3.5105420900828284
list:
dist: 2.916511659818821 vs. 2.916511659818821
list:
dist: 3.464655277766299 vs. 3.464655277766299
list:
dist: 3.3898907463226244 vs. 3.3898907463226244
list:
dist: 3.0631820382617008 vs. 3.0631820382617008
list:
dist: 3.3259290825171237 vs. 3.3259290825171237
list:
dist: 2.2566150415210475 vs. 2.2566150415210475
list:
dist: 2.3924478780309237 vs. 2.3924478780309237
list:
dist: 2.4094233302243815 vs. 2.4094233302243815
list:
dist: 2.563752773350524 vs. 2.563752773350524
list:
dist: 3.2153284942806026 vs. 3.2153284942806026
list:
dist: 3.311589940334572 vs. 3.311589940334572
list:
dist: 3.144953391090868 vs. 3.144953391090868
list:
dist: 3.391788757921708 vs. 3.391788757921708
list:
dist: 3.110483866382633 vs. 3.110483866382633
list:
dist: 2.819239315278231 vs. 2.819239315278231
list:
dist: 2.8820046030727062 vs. 2.8820046030727062
list:
dist: 1.7153910655382345 vs. 1.7153910655382345
list:
dist: 1.8697225197763931 vs. 1.8697225197763931
list:
dist: 1.8736009932338435 vs. 1.8736009932338435
list:
dist: 2.7709549469887187 vs. 2.7709549469887187
list:
dist: 1.6213915336336457 vs. 1.6213915336336457
list:
dist: 2.4457490359260032 vs. 2.4457490359260032
list:
dist: 2.8912225348493714 vs. 2.8912225348493714
list:
dist: 2.2262902654027332 vs. 2.2262902654027332
list:
dist: 4.470080452676614 vs. 4.470080452676614
list:
dist: 2.93355495310061 vs. 2.93355495310061
list:
dist: 2.5663909390909305 vs. 2.5663909390909305
list:
dist: 1.886169671409003 vs. 1.886169671409003
list:
dist: 0.8285154856028524 vs. 0.8285154856028524
list:
dist: 1.5156581791604216 vs. 1.5156581791604216
list:
dist: 1.302686034532948 vs. 1.302686034532948
list:
dist: 0.8939121333377675 vs. 0.8939121333377675
list:
dist: 1.9062323711345563 vs. 1.9062323711345563
list:
dist: 1.9404008686826761 vs. 1.9404008686826761
list:
dist: 2.456993699413014 vs. 2.456993699413014
list:
dist: 1.4971847380748466 vs. 1.4971847380748466
list:
dist: 2.405851414109279 vs. 2.405851414109279
list:
dist: 1.2440407983258328 vs. 1.2440407983258328
list:
dist: 1.6682408834946698 vs. 1.6682408834946698
list:
dist: 2.3220275769937793 vs. 2.3220275769937793
list:
dist: 2.287754785585958 vs. 2.287754785585958
list:
dist: 2.1756481820730245 vs. 2.1756481820730245
list:
dist: 2.324988093932091 vs. 2.324988093932091
list:
dist: 2.6564854986746247 vs. 2.6564854986746247
list:
dist: 2.877556554518732 vs. 2.877556554518732
list:
dist: 0.9476006140506419 vs. 0.9476006140506419
list:
dist: 2.2104102800133134 vs. 2.2104102800133134
list:
dist: 2.343210219500925 vs. 2.343210219500925
list:
dist: 2.453536450512606 vs. 2.453536450512606
list:
dist: 3.3443537375708847 vs. 3.3443537375708847
list:
dist: 1.7929599870672404 vs. 1.7929599870672404
list:
dist: 2.1506681923291624 vs. 2.1506681923291624
list:
dist: 2.708917851938356 vs. 2.708917851938356
list:
dist: 5.04478135354252 vs. 5.04478135354252
list:
dist: 1.9363212535662435 vs. 1.9363212535662435
list:
dist: 3.418701492384049 vs. 3.418701492384049
list:
dist: 2.5445001203740962 vs. 2.5445001203740962
list:
dist: 4.356399300373703 vs. 4.356399300373703
list:
dist: 2.4016643818302192 vs. 2.4016643818302192
list:
dist: 2.0084427897640866 vs. 2.0084427897640866
list:
dist: 2.0091694455374425 vs. 2.0091694455374425
list:
dist: 2.2062876078310594 vs. 2.2062876078310594
list:
dist: 0.9625863912535578 vs. 0.9625863912535578
list:
dist: 1.404603679086116 vs. 1.404603679086116
list:
dist: 1.318920534690177 vs. 1.318920534690177
list:
dist: 1.8763623620464862 vs. 1.8763623620464862
list:
dist: 1.1625053412778297 vs. 1.1625053412778297
list:
dist: 1.6859884534600948 vs. 1.6859884534600948
list:
dist: 1.5176967348776569 vs. 1.5176967348776569
list:
dist: 1.5291800095186814 vs. 1.5291800095186814
list:
dist: 0.4750858010194123 vs. 0.4750858010194123
list:
dist: 1.3200529849057725 vs. 1.3200529849057725
list:
dist: 1.0999794078787957 vs. 1.0999794078787957
list:
dist: 0.637587536143909 vs. 0.637587536143909
list:
dist: 1.2557188255586407 vs. 1.2557188255586407
list:
dist: 0.8734290806602056 vs. 0.8734290806602056
list:
dist: 0.6607962891304876 vs. 0.6607962891304876
list:
dist: 1.1626437060015051 vs. 1.1626437060015051
list:
dist: 1.4852929123717615 vs. 1.4852929123717615
list:
dist: 3.800374331528591 vs. 3.800374331528591
list:
dist: 3.715214521502413 vs. 3.715214521502413
list:
dist: 2.287754785585958 vs. 2.287754785585958
list:
dist: 2.2613743587529296 vs. 2.2613743587529296
list:
dist: 1.8625644944292672 vs. 1.8625644944292672
list:
dist: 2.125540158101881 vs. 2.125540158101881
list:
dist: 2.7328038628586193 vs. 2.7328038628586193
list:
dist: 3.305096358781943 vs. 3.305096358781943
list:
dist: 2.927879674107594 vs. 2.927879674107594
list:
dist: 3.0190920534724666 vs. 3.0190920534724666
list:
dist: 3.1295673714316226 vs. 3.1295673714316226
list:
dist: 3.078755371938112 vs. 3.078755371938112
list:
dist: 3.0970784269615543 vs. 3.0970784269615543
list:
dist: 2.658888234079688 vs. 2.658888234079688
list:
dist: 2.1827969591975207 vs. 2.1827969591975207
list:
dist: 1.5445663081791212 vs. 1.5445663081791212
list:
dist: 1.4395821823655321 vs. 1.4395821823655321
list:
dist: 2.010203925742423 vs. 2.010203925742423
list:
dist: 2.060809137935948 vs. 2.060809137935948
list:
dist: 2.533460565267744 vs. 2.533460565267744
list:
dist: 3.3244223114011864 vs. 3.3244223114011864
list:
dist: 3.5855032844421846 vs. 3.5855032844421846
list:
dist: 3.5399648222449462 vs. 3.5399648222449462
list:
dist: 2.8651527941985027 vs. 2.8651527941985027
list:
dist: 3.1570658507481184 vs. 3.1570658507481184
list:
dist: 2.3027180249702925 vs. 2.3027180249702925
list:
dist: 1.895422816568693 vs. 1.895422816568693
list:
dist: 1.3658189862390693 vs. 1.3658189862390693
list:
dist: 1.9976780688997602 vs. 1.9976780688997602
list:
dist: 2.4416564083523546 vs. 2.4416564083523546
list:
dist: 2.8406887340736464 vs. 2.8406887340736464
list:
dist: 3.1190414307553276 vs. 3.1190414307553276
list:
dist: 4.266734417012824 vs. 4.266734417012824
list:
dist: 1.6744204206914777 vs. 1.6744204206914777
list:
dist: 2.6278643602816794 vs. 2.6278643602816794
list:
dist: 1.8614647519676981 vs. 1.8614647519676981
list:
dist: 4.313072750940013 vs. 4.313072750940013
list:
dist: 3.7301579610744864 vs. 3.7301579610744864
list:
dist: 3.1783007461962 vs. 3.1783007461962
list:
dist: 2.954506432872035 vs. 2.954506432872035
list:
dist: 3.2884655270473777 vs. 3.2884655270473777
list:
dist: 2.064323285651372 vs. 2.064323285651372
list:
dist: 1.8641442805711403 vs. 1.8641442805711403
list:
dist: 1.6005014419234775 vs. 1.6005014419234775
list:
dist: 0.7344008695573828 vs. 0.7344008695573828
list:
dist: 0.8553790132555631 vs. 0.8553790132555631
list:
dist: 0.7294319901478973 vs. 0.7294319901478973
list:
dist: 1.0901797885577935 vs. 1.0901797885577935
list:
dist: 1.1210596351269706 vs. 1.1210596351269706
list:
dist: 1.5762809759237968 vs. 1.5762809759237968
list:
dist: 1.1118913354571656 vs. 1.1118913354571656
list:
dist: 1.5289472650446347 vs. 1.5289472650446347
list:
dist: 0.7086776419943736 vs. 0.7086776419943736
list:
dist: 0.9722022963946776 vs. 0.9722022963946776
list:
dist: 1.5966237646135883 vs. 1.5966237646135883
list:
dist: 1.5176967348776569 vs. 1.5176967348776569
list:
dist: 1.378279826963954 vs. 1.378279826963954
list:
dist: 1.768362738904871 vs. 1.768362738904871
list:
dist: 2.7247518925421543 vs. 2.7247518925421543
list:
dist: 2.8900898820518917 vs. 2.8900898820518917
list:
dist: 0.8939121333377675 vs. 0.8939121333377675
list:
dist: 1.031090954822811 vs. 1.031090954822811
list:
dist: 3.098276207755886 vs. 3.098276207755886
list:
dist: 3.4653478822987847 vs. 3.4653478822987847
list:
dist: 4.009602991695506 vs. 4.009602991695506
list:
dist: 4.170301569030399 vs. 4.170301569030399
list:
dist: 3.7646029738076763 vs. 3.7646029738076763
list:
dist: 3.3579252399200765 vs. 3.3579252399200765
list:
dist: 3.697796783790323 vs. 3.697796783790323
list:
dist: 3.746585807155735 vs. 3.746585807155735
list:
dist: 3.5056401660256435 vs. 3.5056401660256435
list:
dist: 3.5520578240665275 vs. 3.5520578240665275
list:
dist: 2.5881328970835034 vs. 2.5881328970835034
list:
dist: 2.481079683398893 vs. 2.481079683398893
list:
dist: 2.4534906509539782 vs. 2.4534906509539782
list:
dist: 2.800726574106431 vs. 2.800726574106431
list:
dist: 3.2200572657147397 vs. 3.2200572657147397
list:
dist: 3.3839316053884994 vs. 3.3839316053884994
list:
dist: 3.6487256044556946 vs. 3.6487256044556946
list:
dist: 3.7950429206139202 vs. 3.7950429206139202
list:
dist: 3.6511349510231295 vs. 3.6511349510231295
list:
dist: 3.1265897074828253 vs. 3.1265897074828253
list:
dist: 3.3837531011341015 vs. 3.3837531011341015
list:
dist: 2.2150594528150034 vs. 2.2150594528150034
list:
dist: 2.178821134247672 vs. 2.178821134247672
list:
dist: 2.0321663581498264 vs. 2.0321663581498264
list:
dist: 2.931232557882743 vs. 2.931232557882743
list:
dist: 2.05313872303832 vs. 2.05313872303832
list:
dist: 2.7182683999387462 vs. 2.7182683999387462
list:
dist: 3.0367862729539152 vs. 3.0367862729539152
list:
dist: 4.829133587474451 vs. 4.829133587474451
list:
dist: 1.8833914660304805 vs. 1.8833914660304805
list:
dist: 2.666274099885368 vs. 2.666274099885368
list:
dist: 1.754880766885877 vs. 1.754880766885877
list:
dist: 3.760254762736098 vs. 3.760254762736098
list:
dist: 3.6466224911589555 vs. 3.6466224911589555
list:
dist: 3.122414682941395 vs. 3.122414682941395
list:
dist: 3.084723804727467 vs. 3.084723804727467
list:
dist: 3.343959574005012 vs. 3.343959574005012
list:
dist: 1.8556259717712986 vs. 1.8556259717712986
list:
dist: 1.3989548270141607 vs. 1.3989548270141607
list:
dist: 1.0454355974340708 vs. 1.0454355974340708
list:
dist: 1.2953983113934007 vs. 1.2953983113934007
list:
dist: 1.1974625023740346 vs. 1.1974625023740346
list:
dist: 0.7597367266147956 vs. 0.7597367266147956
list:
dist: 0.7086776419943736 vs. 0.7086776419943736
list:
dist: 1.3361640416124045 vs. 1.3361640416124045
list:
dist: 1.0600770272638673 vs. 1.0600770272638673
list:
dist: 1.6833746823561888 vs. 1.6833746823561888
list:
dist: 0.9068203958010451 vs. 0.9068203958010451
list:
dist: 1.4382425870822617 vs. 1.4382425870822617
list:
dist: 0.45598584676727255 vs. 0.45598584676727255
list:
dist: 1.5925622699858297 vs. 1.5925622699858297
list:
dist: 1.2557188255586407 vs. 1.2557188255586407
list:
dist: 1.112880614492999 vs. 1.112880614492999
list:
dist: 2.0460862812278777 vs. 2.0460862812278777
list:
dist: 3.431456128852993 vs. 3.431456128852993
list:
dist: 3.5589504012603967 vs. 3.5589504012603967
list:
dist: 1.2440407983258328 vs. 1.2440407983258328
list:
dist: 1.0486271108103014 vs. 1.0486271108103014
list:
dist: 3.009535631543015 vs. 3.009535631543015
list:
dist: 3.349607150811123 vs. 3.349607150811123
list:
dist: 3.9662195282068553 vs. 3.9662195282068553
list:
dist: 4.295095286567531 vs. 4.295095286567531
list:
dist: 3.8936259157214486 vs. 3.8936259157214486
list:
dist: 3.665293491466767 vs. 3.665293491466767
list:
dist: 4.0044878281305705 vs. 4.0044878281305705
list:
dist: 3.8981533258862626 vs. 3.8981533258862626
list:
dist: 3.765264670167425 vs. 3.765264670167425
list:
dist: 3.638855741285612 vs. 3.638855741285612
list:
dist: 2.8704156810515227 vs. 2.8704156810515227
list:
dist: 2.5488650679766383 vs. 2.5488650679766383
list:
dist: 2.4905145060533598 vs. 2.4905145060533598
list:
dist: 2.861612388952794 vs. 2.861612388952794
list:
dist: 3.228922730994501 vs. 3.228922730994501
list:
dist: 3.569297330744273 vs. 3.569297330744273
list:
dist: 3.8775992894882054 vs. 3.8775992894882054
list:
dist: 4.2201775453725965 vs. 4.2201775453725965
list:
dist: 4.030042978989172 vs. 4.030042978989172
list:
dist: 3.532429168498665 vs. 3.532429168498665
list:
dist: 3.705130674244744 vs. 3.705130674244744
list:
dist: 2.3407342005940612 vs. 2.3407342005940612
list:
dist: 2.136284900086225 vs. 2.136284900086225
list:
dist: 1.9719526106101672 vs. 1.9719526106101672
list:
dist: 2.8056459805883187 vs. 2.8056459805883187
list:
dist: 2.0839339183633303 vs. 2.0839339183633303
list:
dist: 1.6276343564996927 vs. 1.6276343564996927
list:
dist: 1.9368186199373674 vs. 1.9368186199373674
list:
dist: 4.46377905536134 vs. 4.46377905536134
list:
dist: 1.1521308200642244 vs. 1.1521308200642244
list:
dist: 2.3024504911473636 vs. 2.3024504911473636
list:
dist: 1.4603065685003653 vs. 1.4603065685003653
list:
dist: 3.61726980546872 vs. 3.61726980546872
list:
dist: 3.1942375267153182 vs. 3.1942375267153182
list:
dist: 2.379315390789153 vs. 2.379315390789153
list:
dist: 2.741248596365929 vs. 2.741248596365929
list:
dist: 2.8015501403596597 vs. 2.8015501403596597
list:
dist: 1.0491862226406714 vs. 1.0491862226406714
list:
dist: 0.6191122059775124 vs. 0.6191122059775124
list:
dist: 1.8026312755294585 vs. 1.8026312755294585
list:
dist: 2.056249776412031 vs. 2.056249776412031
list:
dist: 1.6160549874855992 vs. 1.6160549874855992
list:
dist: 1.000257818763903 vs. 1.000257818763903
list:
dist: 1.378279826963954 vs. 1.378279826963954
list:
dist: 0.8899649703276791 vs. 0.8899649703276791
list:
dist: 1.0741241043750567 vs. 1.0741241043750567
list:
dist: 0.9241099102049195 vs. 0.9241099102049195
list:
dist: 1.7219484365002533 vs. 1.7219484365002533
list:
dist: 0.8931000561742554 vs. 0.8931000561742554
list:
dist: 1.112880614492999 vs. 1.112880614492999
list:
dist: 0.8002173105603086 vs. 0.8002173105603086
list:
dist: 1.653277674991015 vs. 1.653277674991015
list:
dist: 1.1626437060015051 vs. 1.1626437060015051
list:
dist: 2.2877613571764432 vs. 2.2877613571764432
list:
dist: 3.770481173130745 vs. 3.770481173130745
list:
dist: 3.9511678105871 vs. 3.9511678105871
list:
dist: 2.1756481820730245 vs. 2.1756481820730245
list:
dist: 1.7089232168721376 vs. 1.7089232168721376
list:
dist: 2.949218294312998 vs. 2.949218294312998
list:
dist: 3.111757976545538 vs. 3.111757976545538
list:
dist: 3.5011304181452756 vs. 3.5011304181452756
list:
dist: 4.334235930733334 vs. 4.334235930733334
list:
dist: 3.9588789187213065 vs. 3.9588789187213065
list:
dist: 3.93130697776366 vs. 3.93130697776366
list:
dist: 3.8821805308233683 vs. 3.8821805308233683
list:
dist: 4.138242406493647 vs. 4.138242406493647
list:
dist: 4.068655063617526 vs. 4.068655063617526
list:
dist: 3.7214813564094285 vs. 3.7214813564094285
list:
dist: 3.0667791090495933 vs. 3.0667791090495933
list:
dist: 2.5704952958934673 vs. 2.5704952958934673
list:
dist: 2.4707247807313304 vs. 2.4707247807313304
list:
dist: 3.1061811753824187 vs. 3.1061811753824187
list:
dist: 3.016760106794857 vs. 3.016760106794857
list:
dist: 3.2957166394650352 vs. 3.2957166394650352
list:
dist: 4.327601568568594 vs. 4.327601568568594
list:
dist: 4.298411154563691 vs. 4.298411154563691
list:
dist: 4.390571224544886 vs. 4.390571224544886
list:
dist: 3.5278606344414642 vs. 3.5278606344414642
list:
dist: 4.0655116046924435 vs. 4.0655116046924435
list:
dist: 3.143639180233473 vs. 3.143639180233473
list:
dist: 2.8539497037582615 vs. 2.8539497037582615
list:
dist: 2.4401332790915475 vs. 2.4401332790915475
list:
dist: 3.1529163275064915 vs. 3.1529163275064915
list:
dist: 3.080952629144773 vs. 3.080952629144773
list:
dist: 3.0736679909948506 vs. 3.0736679909948506
list:
dist: 3.5965948762864834 vs. 3.5965948762864834
list:
dist: 4.67192550147106 vs. 4.67192550147106
list:
dist: 2.430829063217841 vs. 2.430829063217841
list:
dist: 4.142525440530842 vs. 4.142525440530842
list:
dist: 3.4107771272472367 vs. 3.4107771272472367
list:
dist: 5.692942628257187 vs. 5.692942628257187
list:
dist: 2.517070154615842 vs. 2.517070154615842
list:
dist: 2.4457127131625453 vs. 2.4457127131625453
list:
dist: 1.5828005385734107 vs. 1.5828005385734107
list:
dist: 2.1420444654147817 vs. 2.1420444654147817
list:
dist: 2.0808157617904794 vs. 2.0808157617904794
list:
dist: 2.754401696919615 vs. 2.754401696919615
list:
dist: 2.196109142753766 vs. 2.196109142753766
list:
dist: 1.5345974374282298 vs. 1.5345974374282298
list:
dist: 0.9161210908075983 vs. 0.9161210908075983
list:
dist: 2.3464130182326586 vs. 2.3464130182326586
list:
dist: 1.768362738904871 vs. 1.768362738904871
list:
dist: 2.011272378068606 vs. 2.011272378068606
list:
dist: 1.259343990419523 vs. 1.259343990419523
list:
dist: 1.908591895310512 vs. 1.908591895310512
list:
dist: 1.5015389914442878 vs. 1.5015389914442878
list:
dist: 1.5913373998851683 vs. 1.5913373998851683
list:
dist: 2.0460862812278777 vs. 2.0460862812278777
list:
dist: 1.9453143635477281 vs. 1.9453143635477281
list:
dist: 0.8518358411643715 vs. 0.8518358411643715
list:
dist: 1.4852929123717615 vs. 1.4852929123717615
list:
dist: 2.2877613571764432 vs. 2.2877613571764432
list:
dist: 2.84582642122044 vs. 2.84582642122044
list:
dist: 2.4928105084002414 vs. 2.4928105084002414
list:
dist: 2.324988093932091 vs. 2.324988093932091
list:
dist: 2.7920822440494173 vs. 2.7920822440494173
list:
dist: 1.7352001987426995 vs. 1.7352001987426995
list:
dist: 2.1720673981967416 vs. 2.1720673981967416
list:
dist: 2.718972375327628 vs. 2.718972375327628
list:
dist: 2.427960360535787 vs. 2.427960360535787
list:
dist: 2.0254689047933323 vs. 2.0254689047933323
list:
dist: 1.6672636886907817 vs. 1.6672636886907817
list:
dist: 2.0464493320546193 vs. 2.0464493320546193
list:
dist: 2.0391973524879603 vs. 2.0391973524879603
list:
dist: 1.819874416425075 vs. 1.819874416425075
list:
dist: 1.8527581970510127 vs. 1.8527581970510127
list:
dist: 0.8354731728828195 vs. 0.8354731728828195
list:
dist: 0.9403277957590925 vs. 0.9403277957590925
list:
dist: 1.0003592807838275 vs. 1.0003592807838275
list:
dist: 1.2201666054687168 vs. 1.2201666054687168
list:
dist: 1.756857143363442 vs. 1.756857143363442
list:
dist: 1.8387318144740616 vs. 1.8387318144740616
list:
dist: 2.106357520508514 vs. 2.106357520508514
list:
dist: 2.2183264611732256 vs. 2.2183264611732256
list:
dist: 2.1092752693450274 vs. 2.1092752693450274
list:
dist: 1.5760572760410514 vs. 1.5760572760410514
list:
dist: 1.779390200507491 vs. 1.779390200507491
list:
dist: 1.5884319484975973 vs. 1.5884319484975973
list:
dist: 1.5197949284631644 vs. 1.5197949284631644
list:
dist: 1.0931766450550087 vs. 1.0931766450550087
list:
dist: 1.7463511131466944 vs. 1.7463511131466944
list:
dist: 2.122657855243329 vs. 2.122657855243329
list:
dist: 2.3606244189314074 vs. 2.3606244189314074
list:
dist: 2.9300649629224447 vs. 2.9300649629224447
list:
dist: 2.233628945308535 vs. 2.233628945308535
list:
dist: 2.645618466133388 vs. 2.645618466133388
list:
dist: 2.7155785897414226 vs. 2.7155785897414226
list:
dist: 3.3303318157938473 vs. 3.3303318157938473
list:
dist: 2.212172975119668 vs. 2.212172975119668
list:
dist: 2.7709549469887187 vs. 2.7709549469887187
list:
dist: 2.2400612325762608 vs. 2.2400612325762608
list:
dist: 3.4244825151577722 vs. 3.4244825151577722
list:
dist: 2.931232557882743 vs. 2.931232557882743
list:
dist: 3.329897139592756 vs. 3.329897139592756
list:
dist: 2.1879443300959456 vs. 2.1879443300959456
list:
dist: 3.1172849122447475 vs. 3.1172849122447475
list:
dist: 1.9755046080423848 vs. 1.9755046080423848
list:
dist: 2.486761828782394 vs. 2.486761828782394
list:
dist: 2.8056459805883187 vs. 2.8056459805883187
list:
dist: 2.634838765337781 vs. 2.634838765337781
list:
dist: 1.658817011535322 vs. 1.658817011535322
list:
dist: 1.9976780688997602 vs. 1.9976780688997602
list:
dist: 3.1529163275064915 vs. 3.1529163275064915
list:
dist: 1.7463511131466944 vs. 1.7463511131466944
list:
dist: 4.461638797107413 vs. 4.461638797107413
list:
dist: 3.9840308886908815 vs. 3.9840308886908815
list:
dist: 3.3443537375708847 vs. 3.3443537375708847
list:
dist: 3.7669916490022235 vs. 3.7669916490022235
list:
dist: 1.1264109580075496 vs. 1.1264109580075496
list:
dist: 1.6582315724481804 vs. 1.6582315724481804
list:
dist: 2.605129158696744 vs. 2.605129158696744
list:
dist: 2.0513284495619946 vs. 2.0513284495619946
list:
dist: 1.742365856660346 vs. 1.742365856660346
list:
dist: 2.077257202401436 vs. 2.077257202401436
list:
dist: 2.7347346771919026 vs. 2.7347346771919026
list:
dist: 1.636488528863432 vs. 1.636488528863432
list:
dist: 1.9285083970952248 vs. 1.9285083970952248
list:
dist: 1.4304420140609106 vs. 1.4304420140609106
list:
dist: 1.7201163871651242 vs. 1.7201163871651242
list:
dist: 1.2703916472543815 vs. 1.2703916472543815
list:
dist: 1.2926771031338151 vs. 1.2926771031338151
list:
dist: 0.8300256845432136 vs. 0.8300256845432136
list:
dist: 1.692155309790302 vs. 1.692155309790302
list:
dist: 2.3991512293486448 vs. 2.3991512293486448
list:
dist: 1.922328780395067 vs. 1.922328780395067
list:
dist: 3.0797034090351025 vs. 3.0797034090351025
list:
dist: 2.5999946105629457 vs. 2.5999946105629457
list:
dist: 2.6999942969544986 vs. 2.6999942969544986
list:
dist: 2.1441090569228196 vs. 2.1441090569228196
list:
dist: 1.6728680768607982 vs. 1.6728680768607982
list:
dist: 1.1845775935235348 vs. 1.1845775935235348
list:
dist: 0.9090645571231023 vs. 0.9090645571231023
list:
dist: 2.2296959453186833 vs. 2.2296959453186833
list:
dist: 2.580832022728036 vs. 2.580832022728036
list:
dist: 2.2621551380385654 vs. 2.2621551380385654
list:
dist: 3.16758298730025 vs. 3.16758298730025
list:
dist: 2.1497452821144107 vs. 2.1497452821144107
list:
dist: 3.386190283901801 vs. 3.386190283901801
list:
dist: 3.3575248516773675 vs. 3.3575248516773675
list:
dist: 1.7352443483801303 vs. 1.7352443483801303
list:
dist: 1.6213915336336457 vs. 1.6213915336336457
list:
dist: 1.8957356651495487 vs. 1.8957356651495487
list:
dist: 2.663208736319415 vs. 2.663208736319415
list:
dist: 2.05313872303832 vs. 2.05313872303832
list:
dist: 3.051794986849205 vs. 3.051794986849205
list:
dist: 2.312506238859781 vs. 2.312506238859781
list:
dist: 3.306229954378424 vs. 3.306229954378424
list:
dist: 1.400994311323229 vs. 1.400994311323229
list:
dist: 2.8945402407909278 vs. 2.8945402407909278
list:
dist: 2.0839339183633303 vs. 2.0839339183633303
list:
dist: 2.315380396317963 vs. 2.315380396317963
list:
dist: 2.2612014864857417 vs. 2.2612014864857417
list:
dist: 2.4416564083523546 vs. 2.4416564083523546
list:
dist: 3.080952629144773 vs. 3.080952629144773
list:
dist: 2.122657855243329 vs. 2.122657855243329
list:
dist: 3.48535090576582 vs. 3.48535090576582
list:
dist: 3.2268042485700423 vs. 3.2268042485700423
list:
dist: 1.7929599870672404 vs. 1.7929599870672404
list:
dist: 2.530079933072937 vs. 2.530079933072937
list:
dist: 0.8233729746113617 vs. 0.8233729746113617
list:
dist: 1.0524211050145817 vs. 1.0524211050145817
list:
dist: 1.6264798027349627 vs. 1.6264798027349627
list:
dist: 2.2296959453186833 vs. 2.2296959453186833
list:
dist: 2.3575708040914893 vs. 2.3575708040914893
list:
dist: 3.2403664991727403 vs. 3.2403664991727403
list:
dist: 3.455557641716241 vs. 3.455557641716241
list:
dist: 2.756590671839897 vs. 2.756590671839897
list:
dist: 3.2517123186331833 vs. 3.2517123186331833
list:
dist: 2.8259433315425304 vs. 2.8259433315425304
list:
dist: 3.112585940794474 vs. 3.112585940794474
list:
dist: 1.6225761894278967 vs. 1.6225761894278967
list:
dist: 1.8697225197763931 vs. 1.8697225197763931
list:
dist: 1.6579438355505296 vs. 1.6579438355505296
list:
dist: 2.776751830087284 vs. 2.776751830087284
list:
dist: 2.178821134247672 vs. 2.178821134247672
list:
dist: 2.9119179343264046 vs. 2.9119179343264046
list:
dist: 1.8941816173403494 vs. 1.8941816173403494
list:
dist: 2.9472998809078272 vs. 2.9472998809078272
list:
dist: 1.2323591776660519 vs. 1.2323591776660519
list:
dist: 2.406705529143189 vs. 2.406705529143189
list:
dist: 2.136284900086225 vs. 2.136284900086225
list:
dist: 2.1580728202787176 vs. 2.1580728202787176
list:
dist: 1.5923487328690673 vs. 1.5923487328690673
list:
dist: 1.895422816568693 vs. 1.895422816568693
list:
dist: 2.8539497037582615 vs. 2.8539497037582615
list:
dist: 1.5197949284631644 vs. 1.5197949284631644
list:
dist: 3.736738733334211 vs. 3.736738733334211
list:
dist: 3.349881811505701 vs. 3.349881811505701
list:
dist: 2.343210219500925 vs. 2.343210219500925
list:
dist: 2.9252168138084986 vs. 2.9252168138084986
list:
dist: 2.068620508321671 vs. 2.068620508321671
list:
dist: 2.625972175310961 vs. 2.625972175310961
list:
dist: 3.5053074443179595 vs. 3.5053074443179595
list:
dist: 2.881918208599845 vs. 2.881918208599845
list:
dist: 2.5168627484182315 vs. 2.5168627484182315
list:
dist: 2.269794339660359 vs. 2.269794339660359
list:
dist: 3.1850492901348084 vs. 3.1850492901348084
list:
dist: 2.24867351109989 vs. 2.24867351109989
list:
dist: 2.201400018560235 vs. 2.201400018560235
list:
dist: 2.2579273698774047 vs. 2.2579273698774047
list:
dist: 1.8273426864786546 vs. 1.8273426864786546
list:
dist: 1.7384966108062905 vs. 1.7384966108062905
list:
dist: 1.7789795624036182 vs. 1.7789795624036182
list:
dist: 1.4213477515556867 vs. 1.4213477515556867
list:
dist: 2.502599416147487 vs. 2.502599416147487
list:
dist: 2.98611579070225 vs. 2.98611579070225
list:
dist: 2.062329408670984 vs. 2.062329408670984
list:
dist: 3.2504745669760005 vs. 3.2504745669760005
list:
dist: 2.5966760917682494 vs. 2.5966760917682494
list:
dist: 2.8404739015636555 vs. 2.8404739015636555
list:
dist: 2.2024962710471065 vs. 2.2024962710471065
list:
dist: 0.6289095483192221 vs. 0.6289095483192221
list:
dist: 0.6857537697371557 vs. 0.6857537697371557
list:
dist: 1.1845775935235348 vs. 1.1845775935235348
list:
dist: 1.0524211050145817 vs. 1.0524211050145817
list:
dist: 3.14424754261017 vs. 3.14424754261017
list:
dist: 3.0728010718732253 vs. 3.0728010718732253
list:
dist: 3.206013067374813 vs. 3.206013067374813
list:
dist: 1.9560183197940422 vs. 1.9560183197940422
list:
dist: 2.47891598410535 vs. 2.47891598410535
list:
dist: 3.0523257247915314 vs. 3.0523257247915314
list:
dist: 4.906015762049708 vs. 4.906015762049708
list:
dist: 2.113181185985703 vs. 2.113181185985703
list:
dist: 3.7843944655643997 vs. 3.7843944655643997
list:
dist: 2.9658720794672684 vs. 2.9658720794672684
list:
dist: 4.990417398446746 vs. 4.990417398446746
list:
dist: 2.2044766553560327 vs. 2.2044766553560327
list:
dist: 1.9908994346535167 vs. 1.9908994346535167
list:
dist: 1.5776349475147844 vs. 1.5776349475147844
list:
dist: 1.9429369506029779 vs. 1.9429369506029779
list:
dist: 1.345139622832885 vs. 1.345139622832885
list:
dist: 2.0169865038139245 vs. 2.0169865038139245
list:
dist: 1.656080778495886 vs. 1.656080778495886
list:
dist: 1.7061291962680156 vs. 1.7061291962680156
list:
dist: 0.9002486598190028 vs. 0.9002486598190028
list:
dist: 1.9852357795927926 vs. 1.9852357795927926
list:
dist: 1.5966237646135883 vs. 1.5966237646135883
list:
dist: 1.69425075576403 vs. 1.69425075576403
list:
dist: 0.6261164664432536 vs. 0.6261164664432536
list:
dist: 1.4752784587931744 vs. 1.4752784587931744
list:
dist: 1.1570185842140341 vs. 1.1570185842140341
list:
dist: 0.9139546011743801 vs. 0.9139546011743801
list:
dist: 1.5925622699858297 vs. 1.5925622699858297
list:
dist: 1.337274394197684 vs. 1.337274394197684
list:
dist: 0.6607962891304876 vs. 0.6607962891304876
list:
dist: 1.653277674991015 vs. 1.653277674991015
list:
dist: 0.8518358411643715 vs. 0.8518358411643715
list:
dist: 3.4360026850891687 vs. 3.4360026850891687
list:
dist: 3.2306900880514573 vs. 3.2306900880514573
list:
dist: 2.3220275769937793 vs. 2.3220275769937793
list:
dist: 2.5293108259892834 vs. 2.5293108259892834
list:
dist: 1.5143399671442637 vs. 1.5143399671442637
list:
dist: 1.8736928283038117 vs. 1.8736928283038117
list:
dist: 2.492608599151277 vs. 2.492608599151277
list:
dist: 2.7545398130604037 vs. 2.7545398130604037
list:
dist: 2.362555505422331 vs. 2.362555505422331
list:
dist: 2.3653257396828 vs. 2.3653257396828
list:
dist: 2.5358052551948314 vs. 2.5358052551948314
list:
dist: 2.4900211142496067 vs. 2.4900211142496067
list:
dist: 2.459242475756617 vs. 2.459242475756617
list:
dist: 2.1149581137230173 vs. 2.1149581137230173
list:
dist: 1.5229427367741506 vs. 1.5229427367741506
list:
dist: 0.9764908652564582 vs. 0.9764908652564582
list:
dist: 0.9068534405566909 vs. 0.9068534405566909
list:
dist: 1.4572714636248434 vs. 1.4572714636248434
list:
dist: 1.6548301635270926 vs. 1.6548301635270926
list:
dist: 2.0337295650871834 vs. 2.0337295650871834
list:
dist: 2.720561623407192 vs. 2.720561623407192
list:
dist: 2.939479293571166 vs. 2.939479293571166
list:
dist: 2.8867991775506194 vs. 2.8867991775506194
list:
dist: 2.2401787499556796 vs. 2.2401787499556796
list:
dist: 2.509934433723857 vs. 2.509934433723857
list:
dist: 1.9240219790497435 vs. 1.9240219790497435
list:
dist: 1.5923487328690673 vs. 1.5923487328690673
list:
dist: 0.9889103005677519 vs. 0.9889103005677519
list:
dist: 1.658817011535322 vs. 1.658817011535322
list:
dist: 2.2612014864857417 vs. 2.2612014864857417
list:
dist: 3.2276138235725713 vs. 3.2276138235725713
list:
dist: 3.674923730089798 vs. 3.674923730089798
list:
dist: 4.163877668624118 vs. 4.163877668624118
list:
dist: 2.7777330006452545 vs. 2.7777330006452545
list:
dist: 3.608163395431814 vs. 3.608163395431814
list:
dist: 2.6569432866283225 vs. 2.6569432866283225
list:
dist: 4.029993218079059 vs. 4.029993218079059
list:
dist: 3.9359071951959756 vs. 3.9359071951959756
list:
dist: 3.9753685051571654 vs. 3.9753685051571654
list:
dist: 4.397586825275137 vs. 4.397586825275137
list:
dist: 3.8071368576594056 vs. 3.8071368576594056
list:
dist: 3.3806018941365124 vs. 3.3806018941365124
list:
dist: 3.7386560959350867 vs. 3.7386560959350867
list:
dist: 4.667238376632759 vs. 4.667238376632759
list:
dist: 4.268901247906716 vs. 4.268901247906716
list:
dist: 4.521415859092365 vs. 4.521415859092365
list:
dist: 5.22732393130313 vs. 5.22732393130313
list:
dist: 4.779808354789624 vs. 4.779808354789624
list:
dist: 4.753079453442232 vs. 4.753079453442232
list:
dist: 3.894060374625288 vs. 3.894060374625288
list:
dist: 3.5067459613068173 vs. 3.5067459613068173
list:
dist: 3.293081735754467 vs. 3.293081735754467
list:
dist: 3.1950456250754455 vs. 3.1950456250754455
list:
dist: 3.4673610066410663 vs. 3.4673610066410663
list:
dist: 3.3339217891024213 vs. 3.3339217891024213
list:
dist: 3.603277138815989 vs. 3.603277138815989
list:
dist: 2.1485985017658913 vs. 2.1485985017658913
list:
dist: 1.831599822787264 vs. 1.831599822787264
list:
dist: 1.8628325124602805 vs. 1.8628325124602805
list:
dist: 1.657081184981079 vs. 1.657081184981079
list:
dist: 1.7982267993371637 vs. 1.7982267993371637
list:
dist: 1.6005014419234775 vs. 1.6005014419234775
list:
dist: 2.2503934716476466 vs. 2.2503934716476466
list:
dist: 1.4330521800496792 vs. 1.4330521800496792
list:
dist: 2.3826733897098484 vs. 2.3826733897098484
list:
dist: 0.7705455684622031 vs. 0.7705455684622031
list:
dist: 1.8528595027379127 vs. 1.8528595027379127
list:
dist: 1.0454355974340708 vs. 1.0454355974340708
list:
dist: 1.0504121615276183 vs. 1.0504121615276183
list:
dist: 1.656080778495886 vs. 1.656080778495886
list:
dist: 1.318920534690177 vs. 1.318920534690177
list:
dist: 1.8026312755294585 vs. 1.8026312755294585
list:
dist: 2.196109142753766 vs. 2.196109142753766
list:
dist: 3.0709300267477153 vs. 3.0709300267477153
list:
dist: 3.086973766825974 vs. 3.086973766825974
list:
dist: 1.886169671409003 vs. 1.886169671409003
list:
dist: 1.9204256344521362 vs. 1.9204256344521362
list:
dist: 2.671713800463168 vs. 2.671713800463168
list:
dist: 3.0540781225704747 vs. 3.0540781225704747
list:
dist: 3.853756968568356 vs. 3.853756968568356
list:
dist: 4.045912643253123 vs. 4.045912643253123
list:
dist: 3.6649727721603798 vs. 3.6649727721603798
list:
dist: 3.6031430435752325 vs. 3.6031430435752325
list:
dist: 4.119987044657259 vs. 4.119987044657259
list:
dist: 3.6108127989660534 vs. 3.6108127989660534
list:
dist: 3.6100899066786596 vs. 3.6100899066786596
list:
dist: 3.3669421252575558 vs. 3.3669421252575558
list:
dist: 2.8917934730236596 vs. 2.8917934730236596
list:
dist: 2.4337687640086307 vs. 2.4337687640086307
list:
dist: 2.3727894153721247 vs. 2.3727894153721247
list:
dist: 2.5583870643955584 vs. 2.5583870643955584
list:
dist: 3.0795125184615686 vs. 3.0795125184615686
list:
dist: 3.649627780346283 vs. 3.649627780346283
list:
dist: 3.614132689689674 vs. 3.614132689689674
list:
dist: 2.0239227278992193 vs. 2.0239227278992193
list:
dist: 1.6225761894278967 vs. 1.6225761894278967
list:
dist: 1.5700539764540788 vs. 1.5700539764540788
list:
dist: 2.212172975119668 vs. 2.212172975119668
list:
dist: 1.7352443483801303 vs. 1.7352443483801303
list:
dist: 2.1988645521160444 vs. 2.1988645521160444
list:
dist: 2.690612331748739 vs. 2.690612331748739
list:
dist: 4.641054664452067 vs. 4.641054664452067
list:
dist: 1.644866215717141 vs. 1.644866215717141
list:
dist: 3.1768763614088558 vs. 3.1768763614088558
list:
dist: 2.3419767961106204 vs. 2.3419767961106204
list:
dist: 4.467256217072478 vs. 4.467256217072478
list:
dist: 2.64076714754289 vs. 2.64076714754289
list:
dist: 2.163774189767284 vs. 2.163774189767284
list:
dist: 2.027642924441039 vs. 2.027642924441039
list:
dist: 2.296443447939535 vs. 2.296443447939535
list:
dist: 1.1330363039549105 vs. 1.1330363039549105
list:
dist: 1.5008278950155363 vs. 1.5008278950155363
list:
dist: 1.4330521800496792 vs. 1.4330521800496792
list:
dist: 1.4733927702106213 vs. 1.4733927702106213
list:
dist: 0.7469406207757455 vs. 0.7469406207757455
list:
dist: 1.3812954943466307 vs. 1.3812954943466307
list:
dist: 1.1210596351269706 vs. 1.1210596351269706
list:
dist: 1.169484932593674 vs. 1.169484932593674
list:
dist: 1.0895078072813102 vs. 1.0895078072813102
list:
dist: 0.995080627280194 vs. 0.995080627280194
list:
dist: 0.5856882568360119 vs. 0.5856882568360119
list:
dist: 1.0600770272638673 vs. 1.0600770272638673
list:
dist: 0.7765822336318905 vs. 0.7765822336318905
list:
dist: 0.6261164664432536 vs. 0.6261164664432536
list:
dist: 0.4750858010194123 vs. 0.4750858010194123
list:
dist: 1.0741241043750567 vs. 1.0741241043750567
list:
dist: 1.259343990419523 vs. 1.259343990419523
list:
dist: 3.3380393453242654 vs. 3.3380393453242654
list:
dist: 3.2944301981608817 vs. 3.2944301981608817
list:
dist: 1.9404008686826761 vs. 1.9404008686826761
list:
dist: 1.9763701246831415 vs. 1.9763701246831415
list:
dist: 2.0939160059445157 vs. 2.0939160059445157
list:
dist: 2.394299714695665 vs. 2.394299714695665
list:
dist: 2.9412544010288166 vs. 2.9412544010288166
list:
dist: 3.3724359201780323 vs. 3.3724359201780323
list:
dist: 2.9803304209573374 vs. 2.9803304209573374
list:
dist: 2.898262863111629 vs. 2.898262863111629
list:
dist: 3.0330045852191283 vs. 3.0330045852191283
list:
dist: 3.0970660766519598 vs. 3.0970660766519598
list:
dist: 3.0162854105990164 vs. 3.0162854105990164
list:
dist: 2.7392102978040422 vs. 2.7392102978040422
list:
dist: 2.0447489046512706 vs. 2.0447489046512706
list:
dist: 1.5940529380074773 vs. 1.5940529380074773
list:
dist: 1.5194068154464417 vs. 1.5194068154464417
list:
dist: 2.0662161224671127 vs. 2.0662161224671127
list:
dist: 2.2134137672600263 vs. 2.2134137672600263
list:
dist: 2.5275258475826825 vs. 2.5275258475826825
list:
dist: 3.255117318201063 vs. 3.255117318201063
list:
dist: 3.392164926448218 vs. 3.392164926448218
list:
dist: 3.3658904074172424 vs. 3.3658904074172424
list:
dist: 2.660717774163445 vs. 2.660717774163445
list:
dist: 3.0189052158539487 vs. 3.0189052158539487
list:
dist: 2.182136711673839 vs. 2.182136711673839
list:
dist: 1.8941816173403494 vs. 1.8941816173403494
list:
dist: 1.423371148941209 vs. 1.423371148941209
list:
dist: 2.1879443300959456 vs. 2.1879443300959456
list:
dist: 2.312506238859781 vs. 2.312506238859781
list:
dist: 1.2412372604550868 vs. 1.2412372604550868
list:
dist: 1.9486023491261364 vs. 1.9486023491261364
list:
dist: 1.3238697760929912 vs. 1.3238697760929912
list:
dist: 1.6024351528234957 vs. 1.6024351528234957
list:
dist: 4.6011879842844445 vs. 4.6011879842844445
list:
dist: 4.763458053254451 vs. 4.763458053254451
list:
dist: 2.191858768956214 vs. 2.191858768956214
list:
dist: 3.1352023752619207 vs. 3.1352023752619207
list:
dist: 2.671713800463168 vs. 2.671713800463168
list:
dist: 3.086610763934015 vs. 3.086610763934015
list:
dist: 2.343017396588224 vs. 2.343017396588224
list:
dist: 3.4732848490359456 vs. 3.4732848490359456
list:
dist: 3.098276207755886 vs. 3.098276207755886
list:
dist: 3.1122859275768544 vs. 3.1122859275768544
list:
dist: 2.0939160059445157 vs. 2.0939160059445157
list:
dist: 2.6955659087267945 vs. 2.6955659087267945
list:
dist: 2.392570941023503 vs. 2.392570941023503
list:
dist: 2.127249799765188 vs. 2.127249799765188
list:
dist: 3.009535631543015 vs. 3.009535631543015
list:
dist: 2.7067991877860833 vs. 2.7067991877860833
list:
dist: 1.5143399671442637 vs. 1.5143399671442637
list:
dist: 1.8625644944292672 vs. 1.8625644944292672
list:
dist: 2.949218294312998 vs. 2.949218294312998
list:
dist: 1.7352001987426995 vs. 1.7352001987426995
list:
dist: 1.4646239913887447 vs. 1.4646239913887447
list:
dist: 2.2572994006742713 vs. 2.2572994006742713
list:
dist: 0.5736073139267602 vs. 0.5736073139267602
list:
dist: 1.4861634489367241 vs. 1.4861634489367241
list:
dist: 1.6568913704981059 vs. 1.6568913704981059
list:
dist: 1.374235679377574 vs. 1.374235679377574
list:
dist: 2.111297268410567 vs. 2.111297268410567
list:
dist: 2.128892071298813 vs. 2.128892071298813
list:
dist: 1.7019416012036739 vs. 1.7019416012036739
list:
dist: 2.061219032309651 vs. 2.061219032309651
list:
dist: 1.0834930524153 vs. 1.0834930524153
list:
dist: 1.6280378522429915 vs. 1.6280378522429915
list:
dist: 0.8189184818181859 vs. 0.8189184818181859
list:
dist: 0.767223916225755 vs. 0.767223916225755
list:
dist: 0.9906884725987445 vs. 0.9906884725987445
list:
dist: 0.6407646205008092 vs. 0.6407646205008092
list:
dist: 1.5288330523999456 vs. 1.5288330523999456
list:
dist: 2.3619335130538195 vs. 2.3619335130538195
list:
dist: 2.5048276136379903 vs. 2.5048276136379903
list:
dist: 2.068620508321671 vs. 2.068620508321671
list:
dist: 1.4766349806262535 vs. 1.4766349806262535
list:
dist: 1.1264109580075496 vs. 1.1264109580075496
list:
dist: 2.4982832209084487 vs. 2.4982832209084487
list:
dist: 2.0250022489182795 vs. 2.0250022489182795
list:
dist: 0.8868083779520909 vs. 0.8868083779520909
list:
dist: 1.165203401129406 vs. 1.165203401129406
list:
dist: 1.0107196591698977 vs. 1.0107196591698977
list:
dist: 1.0379572074119294 vs. 1.0379572074119294
list:
dist: 0.20185680352741153 vs. 0.20185680352741153
list:
dist: 0.2868604128087089 vs. 0.2868604128087089
list:
dist: 1.1665159400887009 vs. 1.1665159400887009
list:
dist: 0.6013206052288077 vs. 0.6013206052288077
list:
dist: 1.5390793086801653 vs. 1.5390793086801653
list:
dist: 1.7492314519320806 vs. 1.7492314519320806
list:
dist: 0.730517527733046 vs. 0.730517527733046
list:
dist: 1.7381100391189375 vs. 1.7381100391189375
list:
dist: 1.4394035535375096 vs. 1.4394035535375096
list:
dist: 1.5522449957007145 vs. 1.5522449957007145
list:
dist: 1.2112006330786684 vs. 1.2112006330786684
list:
dist: 1.752013002398318 vs. 1.752013002398318
list:
dist: 1.8232584184965284 vs. 1.8232584184965284
list:
dist: 1.331104784526187 vs. 1.331104784526187
list:
dist: 1.685840238603852 vs. 1.685840238603852
list:
dist: 4.255154966286328 vs. 4.255154966286328
list:
dist: 4.141813232696567 vs. 4.141813232696567
list:
dist: 4.808389132390709 vs. 4.808389132390709
list:
dist: 0.9364725293036944 vs. 0.9364725293036944
list:
dist: 0.7391050483927019 vs. 0.7391050483927019
list:
dist: 0.922093282973771 vs. 0.922093282973771
list:
dist: 1.1110201832957567 vs. 1.1110201832957567
list:
dist: 1.0107196591698977 vs. 1.0107196591698977
list:
dist: 1.211648295649863 vs. 1.211648295649863
list:
dist: 1.6174615210307817 vs. 1.6174615210307817
list:
dist: 0.8698340770344323 vs. 0.8698340770344323
list:
dist: 1.002906851875186 vs. 1.002906851875186
list:
dist: 2.6360349486334114 vs. 2.6360349486334114
list:
dist: 1.578787460907899 vs. 1.578787460907899
list:
dist: 2.0251985719928154 vs. 2.0251985719928154
list:
dist: 1.77421632687134 vs. 1.77421632687134
list:
dist: 1.6887673816612956 vs. 1.6887673816612956
list:
dist: 1.5986336951620137 vs. 1.5986336951620137
list:
dist: 2.490052835537454 vs. 2.490052835537454
list:
dist: 2.519570676764421 vs. 2.519570676764421
list:
dist: 2.094321162436177 vs. 2.094321162436177
list:
dist: 2.006746607576241 vs. 2.006746607576241
list:
dist: 2.1293870622749123 vs. 2.1293870622749123
list:
dist: 1.5986336951620137 vs. 1.5986336951620137
list:
dist: 1.212889051503309 vs. 1.212889051503309
list:
dist: 1.3947265641128703 vs. 1.3947265641128703
list:
dist: 1.2112006330786684 vs. 1.2112006330786684
list:
dist: 1.4395760814440806 vs. 1.4395760814440806
list:
dist: 1.6468547348402431 vs. 1.6468547348402431
list:
dist: 0.9467706297284368 vs. 0.9467706297284368
list:
dist: 2.353186662043736 vs. 2.353186662043736
list:
dist: 1.7790807002736528 vs. 1.7790807002736528
list:
dist: 1.3119339371104592 vs. 1.3119339371104592
list:
dist: 0.7504252926757287 vs. 0.7504252926757287
list:
dist: 0.8424964709017699 vs. 0.8424964709017699
list:
dist: 0.7733488064242579 vs. 0.7733488064242579
list:
dist: 1.0394882399852172 vs. 1.0394882399852172
list:
dist: 1.108295236714539 vs. 1.108295236714539
list:
dist: 0.7721105343350129 vs. 0.7721105343350129
list:
dist: 1.6491619449485402 vs. 1.6491619449485402
list:
dist: 3.8705333900325747 vs. 3.8705333900325747
list:
dist: 3.3918436027130627 vs. 3.3918436027130627
list:
dist: 4.117344988895364 vs. 4.117344988895364
list:
dist: 1.6934433299927019 vs. 1.6934433299927019
list:
dist: 1.5390626644284544 vs. 1.5390626644284544
list:
dist: 1.6174615210307817 vs. 1.6174615210307817
list:
dist: 2.038138128370665 vs. 2.038138128370665
list:
dist: 1.1852022478010278 vs. 1.1852022478010278
list:
dist: 1.1665159400887009 vs. 1.1665159400887009
list:
dist: 1.160927822677699 vs. 1.160927822677699
list:
dist: 0.9935424042136961 vs. 0.9935424042136961
list:
dist: 1.5417097197764693 vs. 1.5417097197764693
list:
dist: 2.467045597487359 vs. 2.467045597487359
list:
dist: 1.7508774594672498 vs. 1.7508774594672498
list:
dist: 1.664792903322006 vs. 1.664792903322006
list:
dist: 1.1706780983300653 vs. 1.1706780983300653
list:
dist: 1.4558403288611022 vs. 1.4558403288611022
list:
dist: 1.6468547348402431 vs. 1.6468547348402431
list:
dist: 2.1042777883935093 vs. 2.1042777883935093
list:
dist: 1.7750004401803463 vs. 1.7750004401803463
list:
dist: 1.6329148263868083 vs. 1.6329148263868083
list:
dist: 1.1236667070984308 vs. 1.1236667070984308
list:
dist: 3.2689063448346367 vs. 3.2689063448346367
list:
dist: 3.6106661851834954 vs. 3.6106661851834954
list:
dist: 4.099622238587907 vs. 4.099622238587907
list:
dist: 3.655601256899152 vs. 3.655601256899152
list:
dist: 3.831110980206678 vs. 3.831110980206678
list:
dist: 3.0065625703724472 vs. 3.0065625703724472
list:
dist: 3.5626360830533823 vs. 3.5626360830533823
list:
dist: 3.2152982105445456 vs. 3.2152982105445456
list:
dist: 3.479621308880617 vs. 3.479621308880617
list:
dist: 2.0239227278992193 vs. 2.0239227278992193
list:
dist: 1.7153910655382345 vs. 1.7153910655382345
list:
dist: 1.7318466235275236 vs. 1.7318466235275236
list:
dist: 2.892748846521419 vs. 2.892748846521419
list:
dist: 2.2150594528150034 vs. 2.2150594528150034
list:
dist: 3.0403863832805813 vs. 3.0403863832805813
list:
dist: 2.182136711673839 vs. 2.182136711673839
list:
dist: 3.163544241648693 vs. 3.163544241648693
list:
dist: 1.5090277861454815 vs. 1.5090277861454815
list:
dist: 2.7265251059065156 vs. 2.7265251059065156
list:
dist: 2.3407342005940612 vs. 2.3407342005940612
list:
dist: 2.4534714159076554 vs. 2.4534714159076554
list:
dist: 1.9240219790497435 vs. 1.9240219790497435
list:
dist: 2.3027180249702925 vs. 2.3027180249702925
list:
dist: 3.143639180233473 vs. 3.143639180233473
list:
dist: 1.5884319484975973 vs. 1.5884319484975973
list:
dist: 3.335315745914536 vs. 3.335315745914536
list:
dist: 2.9048475983296296 vs. 2.9048475983296296
list:
dist: 2.2104102800133134 vs. 2.2104102800133134
list:
dist: 2.9548370032487203 vs. 2.9548370032487203
list:
dist: 2.5048276136379903 vs. 2.5048276136379903
list:
dist: 3.0725083449485813 vs. 3.0725083449485813
list:
dist: 3.888455142092566 vs. 3.888455142092566
list:
dist: 3.0353128540386938 vs. 3.0353128540386938
list:
dist: 2.6758508774231506 vs. 2.6758508774231506
list:
dist: 2.1446286788164537 vs. 2.1446286788164537
list:
dist: 3.2130066438659015 vs. 3.2130066438659015
list:
dist: 2.3137003524281163 vs. 2.3137003524281163
list:
dist: 2.1035859443239446 vs. 2.1035859443239446
list:
dist: 2.47283721295146 vs. 2.47283721295146
list:
dist: 1.8256455916376826 vs. 1.8256455916376826
list:
dist: 2.038227380794484 vs. 2.038227380794484
list:
dist: 2.1110648218707353 vs. 2.1110648218707353
list:
dist: 1.6856852462325937 vs. 1.6856852462325937
list:
dist: 2.8497329599243493 vs. 2.8497329599243493
list:
dist: 3.171790336096601 vs. 3.171790336096601
list:
dist: 1.8935802626896567 vs. 1.8935802626896567
list:
dist: 3.085216112345148 vs. 3.085216112345148
list:
dist: 2.318452288587792 vs. 2.318452288587792
list:
dist: 2.758136342194403 vs. 2.758136342194403
list:
dist: 1.9955203766304266 vs. 1.9955203766304266
list:
dist: 0.6289095483192221 vs. 0.6289095483192221
list:
dist: 1.1645444291198488 vs. 1.1645444291198488
list:
dist: 1.6728680768607982 vs. 1.6728680768607982
list:
dist: 0.8233729746113617 vs. 0.8233729746113617
list:
dist: 3.1095949805685503 vs. 3.1095949805685503
list:
dist: 3.185796271499785 vs. 3.185796271499785
list:
dist: 2.8910508608335603 vs. 2.8910508608335603
list:
dist: 1.6317158399873153 vs. 1.6317158399873153
list:
dist: 2.5883152146541963 vs. 2.5883152146541963
list:
dist: 2.7725537066839485 vs. 2.7725537066839485
list:
dist: 2.121728978856996 vs. 2.121728978856996
list:
dist: 2.5834667276492325 vs. 2.5834667276492325
list:
dist: 2.2322842353360066 vs. 2.2322842353360066
list:
dist: 2.7093499056365147 vs. 2.7093499056365147
list:
dist: 1.5700539764540788 vs. 1.5700539764540788
list:
dist: 1.8736009932338435 vs. 1.8736009932338435
list:
dist: 1.3643290922301288 vs. 1.3643290922301288
list:
dist: 2.5671344317724074 vs. 2.5671344317724074
list:
dist: 2.0321663581498264 vs. 2.0321663581498264
list:
dist: 2.529491323099685 vs. 2.529491323099685
list:
dist: 1.423371148941209 vs. 1.423371148941209
list:
dist: 2.436300601362383 vs. 2.436300601362383
list:
dist: 1.128163360036747 vs. 1.128163360036747
list:
dist: 1.8539724365897736 vs. 1.8539724365897736
list:
dist: 1.9719526106101672 vs. 1.9719526106101672
list:
dist: 1.8598724229327837 vs. 1.8598724229327837
list:
dist: 0.9889103005677519 vs. 0.9889103005677519
list:
dist: 1.3658189862390693 vs. 1.3658189862390693
list:
dist: 2.4401332790915475 vs. 2.4401332790915475
list:
dist: 1.0931766450550087 vs. 1.0931766450550087
list:
dist: 3.7170020261525636 vs. 3.7170020261525636
list:
dist: 3.3550264208620098 vs. 3.3550264208620098
list:
dist: 2.453536450512606 vs. 2.453536450512606
list:
dist: 2.8917778597344164 vs. 2.8917778597344164
list:
dist: 1.4766349806262535 vs. 1.4766349806262535
list:
dist: 2.0137563014402566 vs. 2.0137563014402566
list:
dist: 2.8643249226352037 vs. 2.8643249226352037
list:
dist: 2.527776122698388 vs. 2.527776122698388
list:
dist: 2.142166888951596 vs. 2.142166888951596
list:
dist: 2.0914937997418286 vs. 2.0914937997418286
list:
dist: 2.7403376546597125 vs. 2.7403376546597125
list:
dist: 2.0436166529310045 vs. 2.0436166529310045
list:
dist: 2.0656524240670735 vs. 2.0656524240670735
list:
dist: 1.8587464054795402 vs. 1.8587464054795402
list:
dist: 1.4704562233869891 vs. 1.4704562233869891
list:
dist: 1.1201191581567513 vs. 1.1201191581567513
list:
dist: 1.1330343181408984 vs. 1.1330343181408984
list:
dist: 1.011224061475181 vs. 1.011224061475181
list:
dist: 1.8813184444765358 vs. 1.8813184444765358
list:
dist: 2.4094691730542572 vs. 2.4094691730542572
list:
dist: 2.116304227390005 vs. 2.116304227390005
list:
dist: 2.9841640255913635 vs. 2.9841640255913635
list:
dist: 2.5599014123850594 vs. 2.5599014123850594
list:
dist: 2.468012694258349 vs. 2.468012694258349
list:
dist: 2.1339968402897753 vs. 2.1339968402897753
list:
dist: 1.1645444291198488 vs. 1.1645444291198488
list:
dist: 0.6857537697371557 vs. 0.6857537697371557
list:
dist: 0.9090645571231023 vs. 0.9090645571231023
list:
dist: 1.6264798027349627 vs. 1.6264798027349627
list:
dist: 2.9655934957994914 vs. 2.9655934957994914
list:
dist: 2.79888755625281 vs. 2.79888755625281
list:
dist: 3.253560990480716 vs. 3.253560990480716
list:
dist: 2.2189734149410403 vs. 2.2189734149410403
list:
dist: 0.6745426226882649 vs. 0.6745426226882649
list:
dist: 0.7391050483927019 vs. 0.7391050483927019
list:
dist: 1.5211052227735047 vs. 1.5211052227735047
list:
dist: 1.1423717464197964 vs. 1.1423717464197964
list:
dist: 1.165203401129406 vs. 1.165203401129406
list:
dist: 1.2036886237458362 vs. 1.2036886237458362
list:
dist: 1.5390626644284544 vs. 1.5390626644284544
list:
dist: 1.2309713155844801 vs. 1.2309713155844801
list:
dist: 0.5341815958925303 vs. 0.5341815958925303
list:
dist: 2.8589276033909683 vs. 2.8589276033909683
list:
dist: 1.7801871650457015 vs. 1.7801871650457015
list:
dist: 2.510417306836594 vs. 2.510417306836594
list:
dist: 2.149200507315535 vs. 2.149200507315535
list:
dist: 2.175982854142351 vs. 2.175982854142351
list:
dist: 2.1293870622749123 vs. 2.1293870622749123
list:
dist: 2.882502249387198 vs. 2.882502249387198
list:
dist: 2.8591519950844715 vs. 2.8591519950844715
list:
dist: 2.4438494758526166 vs. 2.4438494758526166
list:
dist: 1.2032576145312632 vs. 1.2032576145312632
list:
dist: 0.5341815958925303 vs. 0.5341815958925303
list:
dist: 1.002906851875186 vs. 1.002906851875186
list:
dist: 1.9017774887990917 vs. 1.9017774887990917
list:
dist: 1.5391737632529698 vs. 1.5391737632529698
list:
dist: 1.5390793086801653 vs. 1.5390793086801653
list:
dist: 1.5918489071579205 vs. 1.5918489071579205
list:
dist: 1.5417097197764693 vs. 1.5417097197764693
list:
dist: 1.4294294043117757 vs. 1.4294294043117757
list:
dist: 3.2794897572384794 vs. 3.2794897572384794
list:
dist: 2.2227540327808057 vs. 2.2227540327808057
list:
dist: 2.5916899208023945 vs. 2.5916899208023945
list:
dist: 2.2016320579275335 vs. 2.2016320579275335
list:
dist: 2.2201004699471256 vs. 2.2201004699471256
list:
dist: 2.353186662043736 vs. 2.353186662043736
list:
dist: 3.1627951614556657 vs. 3.1627951614556657
list:
dist: 3.038043786783618 vs. 3.038043786783618
list:
dist: 2.70478689660463 vs. 2.70478689660463
list:
dist: 2.6344414557360394 vs. 2.6344414557360394
list:
dist: 4.0394131251832555 vs. 4.0394131251832555
list:
dist: 4.038921080552284 vs. 4.038921080552284
list:
dist: 4.657225852583897 vs. 4.657225852583897
list:
dist: 0.8553255811056716 vs. 0.8553255811056716
list:
dist: 1.2036886237458362 vs. 1.2036886237458362
list:
dist: 1.211648295649863 vs. 1.211648295649863
list:
dist: 1.2765459777236186 vs. 1.2765459777236186
list:
dist: 0.108000951745451 vs. 0.108000951745451
list:
dist: 0.2868604128087089 vs. 0.2868604128087089
list:
dist: 1.160927822677699 vs. 1.160927822677699
list:
dist: 0.8416801658308907 vs. 0.8416801658308907
list:
dist: 1.5918489071579205 vs. 1.5918489071579205
list:
dist: 1.7081643674971339 vs. 1.7081643674971339
list:
dist: 0.7275291039604586 vs. 0.7275291039604586
list:
dist: 1.941390312771921 vs. 1.941390312771921
list:
dist: 1.6147037508900202 vs. 1.6147037508900202
list:
dist: 1.7757493823160864 vs. 1.7757493823160864
list:
dist: 1.4395760814440806 vs. 1.4395760814440806
list:
dist: 1.844933020347078 vs. 1.844933020347078
list:
dist: 1.91200026663219 vs. 1.91200026663219
list:
dist: 1.427503221195405 vs. 1.427503221195405
list:
dist: 1.655788116021381 vs. 1.655788116021381
list:
dist: 4.357315378401992 vs. 4.357315378401992
list:
dist: 4.355517283724811 vs. 4.355517283724811
list:
dist: 4.989924337350703 vs. 4.989924337350703
list:
dist: 0.8004813278322743 vs. 0.8004813278322743
list:
dist: 1.1423717464197964 vs. 1.1423717464197964
list:
dist: 1.1110201832957567 vs. 1.1110201832957567
list:
dist: 1.178023641198593 vs. 1.178023641198593
list:
dist: 0.20185680352741153 vs. 0.20185680352741153
list:
dist: 0.108000951745451 vs. 0.108000951745451
list:
dist: 1.1852022478010278 vs. 1.1852022478010278
list:
dist: 0.7752430655542241 vs. 0.7752430655542241
list:
dist: 1.5391737632529698 vs. 1.5391737632529698
list:
dist: 1.7451905601412339 vs. 1.7451905601412339
list:
dist: 0.7279482084329267 vs. 0.7279482084329267
list:
dist: 1.9113756962714907 vs. 1.9113756962714907
list:
dist: 1.5937933388214003 vs. 1.5937933388214003
list:
dist: 1.7324257044850946 vs. 1.7324257044850946
list:
dist: 1.3947265641128703 vs. 1.3947265641128703
list:
dist: 1.8557203660254609 vs. 1.8557203660254609
list:
dist: 1.9307711066466122 vs. 1.9307711066466122
list:
dist: 1.4389087835518575 vs. 1.4389087835518575
list:
dist: 1.7133092428728718 vs. 1.7133092428728718
list:
dist: 4.354092757271782 vs. 4.354092757271782
list:
dist: 4.309143524317625 vs. 4.309143524317625
list:
dist: 4.958082498878206 vs. 4.958082498878206
list:
dist: 0.6745426226882649 vs. 0.6745426226882649
list:
dist: 0.9364725293036944 vs. 0.9364725293036944
list:
dist: 1.2757191075696668 vs. 1.2757191075696668
list:
dist: 0.8004813278322743 vs. 0.8004813278322743
list:
dist: 0.8868083779520909 vs. 0.8868083779520909
list:
dist: 0.8553255811056716 vs. 0.8553255811056716
list:
dist: 1.6934433299927019 vs. 1.6934433299927019
list:
dist: 1.2596375361206869 vs. 1.2596375361206869
list:
dist: 1.2032576145312632 vs. 1.2032576145312632
list:
dist: 2.3429575754763774 vs. 2.3429575754763774
list:
dist: 1.2774946234803142 vs. 1.2774946234803142
list:
dist: 2.5425775260041186 vs. 2.5425775260041186
list:
dist: 2.2277391185321775 vs. 2.2277391185321775
list:
dist: 2.284391361314658 vs. 2.284391361314658
list:
dist: 2.006746607576241 vs. 2.006746607576241
list:
dist: 2.5992897723303408 vs. 2.5992897723303408
list:
dist: 2.7097459960620363 vs. 2.7097459960620363
list:
dist: 2.205139819977696 vs. 2.205139819977696
list:
dist: 1.2757191075696668 vs. 1.2757191075696668
list:
dist: 1.5211052227735047 vs. 1.5211052227735047
list:
dist: 0.922093282973771 vs. 0.922093282973771
list:
dist: 1.178023641198593 vs. 1.178023641198593
list:
dist: 1.0379572074119294 vs. 1.0379572074119294
list:
dist: 1.2765459777236186 vs. 1.2765459777236186
list:
dist: 2.038138128370665 vs. 2.038138128370665
list:
dist: 1.0755930217175287 vs. 1.0755930217175287
list:
dist: 1.9017774887990917 vs. 1.9017774887990917
list:
dist: 2.045426330284943 vs. 2.045426330284943
list:
dist: 1.1476114033271119 vs. 1.1476114033271119
list:
dist: 1.8757886158943355 vs. 1.8757886158943355
list:
dist: 1.8107194826578132 vs. 1.8107194826578132
list:
dist: 1.6842809113635775 vs. 1.6842809113635775
list:
dist: 1.212889051503309 vs. 1.212889051503309
list:
dist: 1.9825711478341752 vs. 1.9825711478341752
list:
dist: 2.236495078806437 vs. 2.236495078806437
list:
dist: 1.717902720701651 vs. 1.717902720701651
list:
dist: 1.2596375361206869 vs. 1.2596375361206869
list:
dist: 1.2309713155844801 vs. 1.2309713155844801
list:
dist: 0.8698340770344323 vs. 0.8698340770344323
list:
dist: 1.0755930217175287 vs. 1.0755930217175287
list:
dist: 0.7752430655542241 vs. 0.7752430655542241
list:
dist: 0.6013206052288077 vs. 0.6013206052288077
list:
dist: 0.8416801658308907 vs. 0.8416801658308907
list:
dist: 0.9935424042136961 vs. 0.9935424042136961
list:
dist: 1.4294294043117757 vs. 1.4294294043117757
list:
dist: 2.1152058666985423 vs. 2.1152058666985423
list:
dist: 1.2129350099470788 vs. 1.2129350099470788
list:
dist: 1.306611928959261 vs. 1.306611928959261
list:
dist: 0.9856216543079102 vs. 0.9856216543079102
list:
dist: 1.0315853183783257 vs. 1.0315853183783257
list:
dist: 0.9467706297284368 vs. 0.9467706297284368
list:
dist: 1.75546955041443 vs. 1.75546955041443
list:
dist: 1.6810459579782469 vs. 1.6810459579782469
list:
dist: 1.313758625854887 vs. 1.313758625854887
list:
dist: 1.619167429262437 vs. 1.619167429262437
list:
dist: 3.759031880456218 vs. 3.759031880456218
list:
dist: 3.548682597522507 vs. 3.548682597522507
list:
dist: 4.231563906353439 vs. 4.231563906353439
list:
dist: 2.2277391185321775 vs. 2.2277391185321775
list:
dist: 2.149200507315535 vs. 2.149200507315535
list:
dist: 1.77421632687134 vs. 1.77421632687134
list:
dist: 1.8107194826578132 vs. 1.8107194826578132
list:
dist: 1.5937933388214003 vs. 1.5937933388214003
list:
dist: 1.4394035535375096 vs. 1.4394035535375096
list:
dist: 1.6147037508900202 vs. 1.6147037508900202
list:
dist: 1.1706780983300653 vs. 1.1706780983300653
list:
dist: 0.9856216543079102 vs. 0.9856216543079102
list:
dist: 2.2016320579275335 vs. 2.2016320579275335
list:
dist: 2.3050333774909677 vs. 2.3050333774909677
list:
dist: 1.809619142397605 vs. 1.809619142397605
list:
dist: 0.4998559537466055 vs. 0.4998559537466055
list:
dist: 0.39934640719572273 vs. 0.39934640719572273
list:
dist: 0.8424964709017699 vs. 0.8424964709017699
list:
dist: 1.4433023955902293 vs. 1.4433023955902293
list:
dist: 1.056847514972225 vs. 1.056847514972225
list:
dist: 1.080056356451778 vs. 1.080056356451778
list:
dist: 1.2168330202060578 vs. 1.2168330202060578
list:
dist: 3.0674265596872243 vs. 3.0674265596872243
list:
dist: 2.8812753695464504 vs. 2.8812753695464504
list:
dist: 3.496270066327456 vs. 3.496270066327456
list:
dist: 2.5425775260041186 vs. 2.5425775260041186
list:
dist: 2.510417306836594 vs. 2.510417306836594
list:
dist: 2.0251985719928154 vs. 2.0251985719928154
list:
dist: 1.8757886158943355 vs. 1.8757886158943355
list:
dist: 1.9113756962714907 vs. 1.9113756962714907
list:
dist: 1.7381100391189375 vs. 1.7381100391189375
list:
dist: 1.941390312771921 vs. 1.941390312771921
list:
dist: 1.664792903322006 vs. 1.664792903322006
list:
dist: 1.306611928959261 vs. 1.306611928959261
list:
dist: 2.5916899208023945 vs. 2.5916899208023945
list:
dist: 2.3256575766569942 vs. 2.3256575766569942
list:
dist: 1.973088349265763 vs. 1.973088349265763
list:
dist: 0.4998559537466055 vs. 0.4998559537466055
list:
dist: 0.41206042369991946 vs. 0.41206042369991946
list:
dist: 0.7504252926757287 vs. 0.7504252926757287
list:
dist: 1.3020614917081423 vs. 1.3020614917081423
list:
dist: 0.9849817183851731 vs. 0.9849817183851731
list:
dist: 1.0856551463395303 vs. 1.0856551463395303
list:
dist: 1.529843248971374 vs. 1.529843248971374
list:
dist: 3.198529584035241 vs. 3.198529584035241
list:
dist: 2.75324038809701 vs. 2.75324038809701
list:
dist: 3.421006238629204 vs. 3.421006238629204
list:
dist: 2.284391361314658 vs. 2.284391361314658
list:
dist: 2.175982854142351 vs. 2.175982854142351
list:
dist: 1.6887673816612956 vs. 1.6887673816612956
list:
dist: 1.6842809113635775 vs. 1.6842809113635775
list:
dist: 1.7324257044850946 vs. 1.7324257044850946
list:
dist: 1.5522449957007145 vs. 1.5522449957007145
list:
dist: 1.7757493823160864 vs. 1.7757493823160864
list:
dist: 1.4558403288611022 vs. 1.4558403288611022
list:
dist: 1.0315853183783257 vs. 1.0315853183783257
list:
dist: 2.2201004699471256 vs. 2.2201004699471256
list:
dist: 2.463010420796295 vs. 2.463010420796295
list:
dist: 1.9216163843130467 vs. 1.9216163843130467
list:
dist: 0.41206042369991946 vs. 0.41206042369991946
list:
dist: 0.39934640719572273 vs. 0.39934640719572273
list:
dist: 0.7733488064242579 vs. 0.7733488064242579
list:
dist: 1.5759059616509212 vs. 1.5759059616509212
list:
dist: 1.2924161036942456 vs. 1.2924161036942456
list:
dist: 1.2678924933889963 vs. 1.2678924933889963
list:
dist: 1.611954583066312 vs. 1.611954583066312
list:
dist: 3.1350669303355625 vs. 3.1350669303355625
list:
dist: 2.689309796799589 vs. 2.689309796799589
list:
dist: 3.3881682182417663 vs. 3.3881682182417663
list:
dist: 2.7981435887490984 vs. 2.7981435887490984
list:
dist: 0.3440450237468123 vs. 0.3440450237468123
list:
dist: 0.9761864417315809 vs. 0.9761864417315809
list:
dist: 1.4335173746584107 vs. 1.4335173746584107
list:
dist: 1.5674183448289074 vs. 1.5674183448289074
list:
dist: 1.2932159256975289 vs. 1.2932159256975289
list:
dist: 0.9644232319204821 vs. 0.9644232319204821
list:
dist: 1.0899594368045762 vs. 1.0899594368045762
list:
dist: 2.0653148253589375 vs. 2.0653148253589375
list:
dist: 3.2336127686608602 vs. 3.2336127686608602
list:
dist: 3.6049940951564396 vs. 3.6049940951564396
list:
dist: 3.185300774709048 vs. 3.185300774709048
list:
dist: 3.8309745981750294 vs. 3.8309745981750294
list:
dist: 2.0286269933293255 vs. 2.0286269933293255
list:
dist: 3.034348615712336 vs. 3.034348615712336
list:
dist: 3.1629444883856355 vs. 3.1629444883856355
list:
dist: 4.067372114224635 vs. 4.067372114224635
list:
dist: 3.874933408574031 vs. 3.874933408574031
list:
dist: 3.8855014999239765 vs. 3.8855014999239765
list:
dist: 4.359948032419199 vs. 4.359948032419199
list:
dist: 1.6036490032848219 vs. 1.6036490032848219
list:
dist: 1.4335173746584107 vs. 1.4335173746584107
list:
dist: 1.9949436440309316 vs. 1.9949436440309316
list:
dist: 2.293663136153044 vs. 2.293663136153044
list:
dist: 2.690912515732633 vs. 2.690912515732633
list:
dist: 3.1600780365259755 vs. 3.1600780365259755
list:
dist: 2.7247518925421543 vs. 2.7247518925421543
list:
dist: 2.948161706967279 vs. 2.948161706967279
list:
dist: 3.3380393453242654 vs. 3.3380393453242654
list:
dist: 3.315535016551692 vs. 3.315535016551692
list:
dist: 3.438821856746723 vs. 3.438821856746723
list:
dist: 3.601853954875754 vs. 3.601853954875754
list:
dist: 3.431456128852993 vs. 3.431456128852993
list:
dist: 3.632944300406884 vs. 3.632944300406884
list:
dist: 3.4360026850891687 vs. 3.4360026850891687
list:
dist: 3.800374331528591 vs. 3.800374331528591
list:
dist: 3.770481173130745 vs. 3.770481173130745
list:
dist: 2.84582642122044 vs. 2.84582642122044
list:
dist: 0.8846900820159477 vs. 0.8846900820159477
list:
dist: 0.8929470368707005 vs. 0.8929470368707005
list:
dist: 0.758655275041408 vs. 0.758655275041408
list:
dist: 0.39672441931026664 vs. 0.39672441931026664
list:
dist: 2.6564854986746247 vs. 2.6564854986746247
list:
dist: 3.22544384565782 vs. 3.22544384565782
list:
dist: 4.684433644383871 vs. 4.684433644383871
list:
dist: 4.364071862125329 vs. 4.364071862125329
list:
dist: 3.4003817638436447 vs. 3.4003817638436447
list:
dist: 3.700524253175391 vs. 3.700524253175391
list:
dist: 4.2440392761367915 vs. 4.2440392761367915
list:
dist: 3.6737613613442233 vs. 3.6737613613442233
list:
dist: 4.347573166782268 vs. 4.347573166782268
list:
dist: 3.1050636544607477 vs. 3.1050636544607477
list:
dist: 3.7234793560152535 vs. 3.7234793560152535
list:
dist: 3.7919887464053743 vs. 3.7919887464053743
list:
dist: 3.899930879945118 vs. 3.899930879945118
list:
dist: 4.391128955913602 vs. 4.391128955913602
list:
dist: 3.972384469285245 vs. 3.972384469285245
list:
dist: 3.859937945449575 vs. 3.859937945449575
list:
dist: 3.190462890952368 vs. 3.190462890952368
list:
dist: 3.2511100024962056 vs. 3.2511100024962056
list:
dist: 2.9131191753182515 vs. 2.9131191753182515
list:
dist: 3.339681479315033 vs. 3.339681479315033
list:
dist: 3.335315745914536 vs. 3.335315745914536
list:
dist: 3.736738733334211 vs. 3.736738733334211
list:
dist: 3.7170020261525636 vs. 3.7170020261525636
list:
dist: 4.461638797107413 vs. 4.461638797107413
list:
dist: 1.6944876171036516 vs. 1.6944876171036516
list:
dist: 3.48535090576582 vs. 3.48535090576582
list:
dist: 2.5992897723303408 vs. 2.5992897723303408
list:
dist: 2.882502249387198 vs. 2.882502249387198
list:
dist: 2.490052835537454 vs. 2.490052835537454
list:
dist: 1.9825711478341752 vs. 1.9825711478341752
list:
dist: 1.8557203660254609 vs. 1.8557203660254609
list:
dist: 1.752013002398318 vs. 1.752013002398318
list:
dist: 1.844933020347078 vs. 1.844933020347078
list:
dist: 2.1042777883935093 vs. 2.1042777883935093
list:
dist: 1.75546955041443 vs. 1.75546955041443
list:
dist: 3.1627951614556657 vs. 3.1627951614556657
list:
dist: 1.1954152247969614 vs. 1.1954152247969614
list:
dist: 1.4744743924206514 vs. 1.4744743924206514
list:
dist: 1.3020614917081423 vs. 1.3020614917081423
list:
dist: 1.4433023955902293 vs. 1.4433023955902293
list:
dist: 1.5759059616509212 vs. 1.5759059616509212
list:
dist: 1.0394882399852172 vs. 1.0394882399852172
list:
dist: 0.6676113761974978 vs. 0.6676113761974978
list:
dist: 0.4797111696587474 vs. 0.4797111696587474
list:
dist: 1.5060111135668262 vs. 1.5060111135668262
list:
dist: 2.7097459960620363 vs. 2.7097459960620363
list:
dist: 2.8591519950844715 vs. 2.8591519950844715
list:
dist: 2.519570676764421 vs. 2.519570676764421
list:
dist: 2.236495078806437 vs. 2.236495078806437
list:
dist: 1.9307711066466122 vs. 1.9307711066466122
list:
dist: 1.8232584184965284 vs. 1.8232584184965284
list:
dist: 1.91200026663219 vs. 1.91200026663219
list:
dist: 1.7750004401803463 vs. 1.7750004401803463
list:
dist: 1.6810459579782469 vs. 1.6810459579782469
list:
dist: 3.038043786783618 vs. 3.038043786783618
list:
dist: 1.7187297034934252 vs. 1.7187297034934252
list:
dist: 1.790390559584359 vs. 1.790390559584359
list:
dist: 0.9849817183851731 vs. 0.9849817183851731
list:
dist: 1.056847514972225 vs. 1.056847514972225
list:
dist: 1.2924161036942456 vs. 1.2924161036942456
list:
dist: 1.108295236714539 vs. 1.108295236714539
list:
dist: 0.6676113761974978 vs. 0.6676113761974978
list:
dist: 0.6022192085087635 vs. 0.6022192085087635
list:
dist: 1.034871793199327 vs. 1.034871793199327
list:
dist: 2.205139819977696 vs. 2.205139819977696
list:
dist: 2.4438494758526166 vs. 2.4438494758526166
list:
dist: 2.094321162436177 vs. 2.094321162436177
list:
dist: 1.717902720701651 vs. 1.717902720701651
list:
dist: 1.4389087835518575 vs. 1.4389087835518575
list:
dist: 1.331104784526187 vs. 1.331104784526187
list:
dist: 1.427503221195405 vs. 1.427503221195405
list:
dist: 1.6329148263868083 vs. 1.6329148263868083
list:
dist: 1.313758625854887 vs. 1.313758625854887
list:
dist: 2.70478689660463 vs. 2.70478689660463
list:
dist: 1.2725177566206805 vs. 1.2725177566206805
list:
dist: 1.2021540035392952 vs. 1.2021540035392952
list:
dist: 1.0856551463395303 vs. 1.0856551463395303
list:
dist: 1.080056356451778 vs. 1.080056356451778
list:
dist: 1.2678924933889963 vs. 1.2678924933889963
list:
dist: 0.7721105343350129 vs. 0.7721105343350129
list:
dist: 0.4797111696587474 vs. 0.4797111696587474
list:
dist: 0.6022192085087635 vs. 0.6022192085087635
list:
dist: 1.1797530184853489 vs. 1.1797530184853489
list:
dist: 2.3429575754763774 vs. 2.3429575754763774
list:
dist: 2.8589276033909683 vs. 2.8589276033909683
list:
dist: 2.6360349486334114 vs. 2.6360349486334114
list:
dist: 2.045426330284943 vs. 2.045426330284943
list:
dist: 1.7451905601412339 vs. 1.7451905601412339
list:
dist: 1.7492314519320806 vs. 1.7492314519320806
list:
dist: 1.7081643674971339 vs. 1.7081643674971339
list:
dist: 2.467045597487359 vs. 2.467045597487359
list:
dist: 2.1152058666985423 vs. 2.1152058666985423
list:
dist: 3.2794897572384794 vs. 3.2794897572384794
list:
dist: 1.0926723229153696 vs. 1.0926723229153696
list:
dist: 2.3256575766569942 vs. 2.3256575766569942
list:
dist: 2.3050333774909677 vs. 2.3050333774909677
list:
dist: 2.463010420796295 vs. 2.463010420796295
list:
dist: 1.7790807002736528 vs. 1.7790807002736528
list:
dist: 1.1954152247969614 vs. 1.1954152247969614
list:
dist: 1.7187297034934252 vs. 1.7187297034934252
list:
dist: 1.2725177566206805 vs. 1.2725177566206805
list:
dist: 2.047037606958858 vs. 2.047037606958858
list:
dist: 1.2774946234803142 vs. 1.2774946234803142
list:
dist: 1.7801871650457015 vs. 1.7801871650457015
list:
dist: 1.578787460907899 vs. 1.578787460907899
list:
dist: 1.1476114033271119 vs. 1.1476114033271119
list:
dist: 0.7279482084329267 vs. 0.7279482084329267
list:
dist: 0.730517527733046 vs. 0.730517527733046
list:
dist: 0.7275291039604586 vs. 0.7275291039604586
list:
dist: 1.7508774594672498 vs. 1.7508774594672498
list:
dist: 1.2129350099470788 vs. 1.2129350099470788
list:
dist: 2.2227540327808057 vs. 2.2227540327808057
list:
dist: 1.0926723229153696 vs. 1.0926723229153696
list:
dist: 1.973088349265763 vs. 1.973088349265763
list:
dist: 1.809619142397605 vs. 1.809619142397605
list:
dist: 1.9216163843130467 vs. 1.9216163843130467
list:
dist: 1.3119339371104592 vs. 1.3119339371104592
list:
dist: 1.4744743924206514 vs. 1.4744743924206514
list:
dist: 1.790390559584359 vs. 1.790390559584359
list:
dist: 1.2021540035392952 vs. 1.2021540035392952
list:
dist: 1.873409760268234 vs. 1.873409760268234
list:
dist: 1.7133092428728718 vs. 1.7133092428728718
list:
dist: 1.685840238603852 vs. 1.685840238603852
list:
dist: 1.655788116021381 vs. 1.655788116021381
list:
dist: 1.1236667070984308 vs. 1.1236667070984308
list:
dist: 1.619167429262437 vs. 1.619167429262437
list:
dist: 2.6344414557360394 vs. 2.6344414557360394
list:
dist: 2.047037606958858 vs. 2.047037606958858
list:
dist: 1.873409760268234 vs. 1.873409760268234
list:
dist: 1.529843248971374 vs. 1.529843248971374
list:
dist: 1.2168330202060578 vs. 1.2168330202060578
list:
dist: 1.611954583066312 vs. 1.611954583066312
list:
dist: 1.6491619449485402 vs. 1.6491619449485402
list:
dist: 1.5060111135668262 vs. 1.5060111135668262
list:
dist: 1.034871793199327 vs. 1.034871793199327
list:
dist: 1.1797530184853489 vs. 1.1797530184853489
list:
dist: 3.3377045711361744 vs. 3.3377045711361744
list:
dist: 3.7665703513269158 vs. 3.7665703513269158
list:
dist: 4.168730461256845 vs. 4.168730461256845
list:
dist: 4.876532139325018 vs. 4.876532139325018
list:
dist: 4.994027991112214 vs. 4.994027991112214
list:
dist: 2.845506108219211 vs. 2.845506108219211
list:
dist: 2.7981435887490984 vs. 2.7981435887490984
list:
dist: 3.2102053954154477 vs. 3.2102053954154477
list:
dist: 4.356614311744874 vs. 4.356614311744874
list:
dist: 4.40727864382942 vs. 4.40727864382942
list:
dist: 4.1948995270898655 vs. 4.1948995270898655
list:
dist: 4.266734417012824 vs. 4.266734417012824
list:
dist: 3.659822960665306 vs. 3.659822960665306
list:
dist: 4.641054664452067 vs. 4.641054664452067
list:
dist: 3.852619457977175 vs. 3.852619457977175
list:
dist: 5.250391988223747 vs. 5.250391988223747
list:
dist: 4.511212882695363 vs. 4.511212882695363
list:
dist: 4.829133587474451 vs. 4.829133587474451
list:
dist: 4.867065073545315 vs. 4.867065073545315
list:
dist: 4.906015762049708 vs. 4.906015762049708
list:
dist: 5.04478135354252 vs. 5.04478135354252
list:
dist: 4.46377905536134 vs. 4.46377905536134
list:
dist: 4.67192550147106 vs. 4.67192550147106
list:
dist: 3.034348615712336 vs. 3.034348615712336
list:
dist: 3.669970472817733 vs. 3.669970472817733
list:
dist: 3.6470276631721523 vs. 3.6470276631721523
list:
dist: 3.296812624456065 vs. 3.296812624456065
list:
dist: 2.9517639277769834 vs. 2.9517639277769834
list:
dist: 2.223287332720127 vs. 2.223287332720127
list:
dist: 2.0286269933293255 vs. 2.0286269933293255
list:
dist: 2.5151064702303234 vs. 2.5151064702303234
list:
dist: 1.6944876171036516 vs. 1.6944876171036516
list:
dist: 1.5058318887344506 vs. 1.5058318887344506
list:
dist: 1.1711827649468958 vs. 1.1711827649468958
list:
dist: 1.2410027786783708 vs. 1.2410027786783708
list:
dist: 1.5755112605135242 vs. 1.5755112605135242
list:
dist: 1.493930615952483 vs. 1.493930615952483
list:
dist: 3.6639674571021614 vs. 3.6639674571021614
list:
dist: 3.3594924623543725 vs. 3.3594924623543725
list:
dist: 3.717773644350353 vs. 3.717773644350353
list:
dist: 3.5866918367724603 vs. 3.5866918367724603
list:
dist: 3.5689744356357442 vs. 3.5689744356357442
list:
dist: 3.67390846963481 vs. 3.67390846963481
list:
dist: 3.6470276631721523 vs. 3.6470276631721523
list:
dist: 1.3887336582834675 vs. 1.3887336582834675
list:
dist: 1.2932159256975289 vs. 1.2932159256975289
list:
dist: 1.6115494701701303 vs. 1.6115494701701303
list:
dist: 0.8929470368707005 vs. 0.8929470368707005
list:
dist: 0.4581009661436257 vs. 0.4581009661436257
list:
dist: 0.502373302791978 vs. 0.502373302791978
list:
dist: 0.8189079267230666 vs. 0.8189079267230666
list:
dist: 2.1434389578811546 vs. 2.1434389578811546
list:
dist: 2.7631118812877906 vs. 2.7631118812877906
list:
dist: 2.7374514665509335 vs. 2.7374514665509335
list:
dist: 2.705923695514876 vs. 2.705923695514876
list:
dist: 2.9305956917678144 vs. 2.9305956917678144
list:
dist: 1.1711827649468958 vs. 1.1711827649468958
list:
dist: 2.333266494087886 vs. 2.333266494087886
list:
dist: 2.0653148253589375 vs. 2.0653148253589375
list:
dist: 2.7764029046924565 vs. 2.7764029046924565
list:
dist: 2.1434389578811546 vs. 2.1434389578811546
list:
dist: 1.8626732681184932 vs. 1.8626732681184932
list:
dist: 2.1393843466460374 vs. 2.1393843466460374
list:
dist: 1.493930615952483 vs. 1.493930615952483
list:
dist: 3.296812624456065 vs. 3.296812624456065
list:
dist: 1.1667880263215618 vs. 1.1667880263215618
list:
dist: 0.9644232319204821 vs. 0.9644232319204821
list:
dist: 1.5791064077843997 vs. 1.5791064077843997
list:
dist: 0.758655275041408 vs. 0.758655275041408
list:
dist: 0.8664076003724792 vs. 0.8664076003724792
list:
dist: 0.502373302791978 vs. 0.502373302791978
list:
dist: 0.4759656860106266 vs. 0.4759656860106266
list:
dist: 1.8626732681184932 vs. 1.8626732681184932
list:
dist: 3.146413725476392 vs. 3.146413725476392
list:
dist: 3.215992357339184 vs. 3.215992357339184
list:
dist: 3.0533740936335123 vs. 3.0533740936335123
list:
dist: 3.404337260518631 vs. 3.404337260518631
list:
dist: 1.2410027786783708 vs. 1.2410027786783708
list:
dist: 3.2102053954154477 vs. 3.2102053954154477
list:
dist: 0.6442769977628977 vs. 0.6442769977628977
list:
dist: 0.9761864417315809 vs. 0.9761864417315809
list:
dist: 1.9949436440309316 vs. 1.9949436440309316
list:
dist: 1.729181678292149 vs. 1.729181678292149
list:
dist: 1.6115494701701303 vs. 1.6115494701701303
list:
dist: 1.5791064077843997 vs. 1.5791064077843997
list:
dist: 1.7748531511451093 vs. 1.7748531511451093
list:
dist: 2.7764029046924565 vs. 2.7764029046924565
list:
dist: 2.5005097727263634 vs. 2.5005097727263634
list:
dist: 3.07399462797949 vs. 3.07399462797949
list:
dist: 2.584742983966408 vs. 2.584742983966408
list:
dist: 3.340045407601504 vs. 3.340045407601504
list:
dist: 2.5151064702303234 vs. 2.5151064702303234
list:
dist: 2.9517639277769834 vs. 2.9517639277769834
list:
dist: 1.307791976278607 vs. 1.307791976278607
list:
dist: 1.0899594368045762 vs. 1.0899594368045762
list:
dist: 1.7748531511451093 vs. 1.7748531511451093
list:
dist: 0.39672441931026664 vs. 0.39672441931026664
list:
dist: 0.9901666895963418 vs. 0.9901666895963418
list:
dist: 0.8189079267230666 vs. 0.8189079267230666
list:
dist: 0.4759656860106266 vs. 0.4759656860106266
list:
dist: 2.1393843466460374 vs. 2.1393843466460374
list:
dist: 3.2865566028926865 vs. 3.2865566028926865
list:
dist: 3.400210539075227 vs. 3.400210539075227
list:
dist: 3.0787458754571073 vs. 3.0787458754571073
list:
dist: 3.534400950740885 vs. 3.534400950740885
list:
dist: 1.5755112605135242 vs. 1.5755112605135242
list:
dist: 3.669970472817733 vs. 3.669970472817733
list:
dist: 3.476067717655338 vs. 3.476067717655338
list:
dist: 4.676472338423022 vs. 4.676472338423022
list:
dist: 4.339699396864894 vs. 4.339699396864894
list:
dist: 3.532117625837057 vs. 3.532117625837057
list:
dist: 4.078225567407719 vs. 4.078225567407719
list:
dist: 1.6034509918372384 vs. 1.6034509918372384
list:
dist: 1.5674183448289074 vs. 1.5674183448289074
list:
dist: 1.729181678292149 vs. 1.729181678292149
list:
dist: 2.3286275496640996 vs. 2.3286275496640996
list:
dist: 2.6079635985160694 vs. 2.6079635985160694
list:
dist: 3.4582514803624167 vs. 3.4582514803624167
list:
dist: 2.8900898820518917 vs. 2.8900898820518917
list:
dist: 3.1983501408465456 vs. 3.1983501408465456
list:
dist: 3.2944301981608817 vs. 3.2944301981608817
list:
dist: 3.4478217654016508 vs. 3.4478217654016508
list:
dist: 3.3393050429125704 vs. 3.3393050429125704
list:
dist: 3.5992231235859364 vs. 3.5992231235859364
list:
dist: 3.5589504012603967 vs. 3.5589504012603967
list:
dist: 3.717917448041582 vs. 3.717917448041582
list:
dist: 3.2306900880514573 vs. 3.2306900880514573
list:
dist: 3.715214521502413 vs. 3.715214521502413
list:
dist: 3.9511678105871 vs. 3.9511678105871
list:
dist: 2.4928105084002414 vs. 2.4928105084002414
list:
dist: 0.8846900820159477 vs. 0.8846900820159477
list:
dist: 0.4581009661436257 vs. 0.4581009661436257
list:
dist: 0.8664076003724792 vs. 0.8664076003724792
list:
dist: 0.9901666895963418 vs. 0.9901666895963418
list:
dist: 2.877556554518732 vs. 2.877556554518732
list:
dist: 3.5826734727710856 vs. 3.5826734727710856
list:
dist: 4.012089101944271 vs. 4.012089101944271
list:
dist: 3.719244730143299 vs. 3.719244730143299
list:
dist: 2.666218979407135 vs. 2.666218979407135
list:
dist: 3.1155529315909414 vs. 3.1155529315909414
list:
dist: 3.5405358940646363 vs. 3.5405358940646363
list:
dist: 2.932425794665206 vs. 2.932425794665206
list:
dist: 3.7377483219793666 vs. 3.7377483219793666
list:
dist: 2.5422035477588905 vs. 2.5422035477588905
list:
dist: 3.3060438242860375 vs. 3.3060438242860375
list:
dist: 3.4023352333090116 vs. 3.4023352333090116
list:
dist: 3.366834960947304 vs. 3.366834960947304
list:
dist: 3.9584720093213828 vs. 3.9584720093213828
list:
dist: 3.518923891116285 vs. 3.518923891116285
list:
dist: 3.0986809241224353 vs. 3.0986809241224353
list:
dist: 2.467050824216248 vs. 2.467050824216248
list:
dist: 2.4275406278225584 vs. 2.4275406278225584
list:
dist: 2.332072556943468 vs. 2.332072556943468
list:
dist: 2.5723451729906706 vs. 2.5723451729906706
list:
dist: 2.9048475983296296 vs. 2.9048475983296296
list:
dist: 3.349881811505701 vs. 3.349881811505701
list:
dist: 3.3550264208620098 vs. 3.3550264208620098
list:
dist: 3.9840308886908815 vs. 3.9840308886908815
list:
dist: 1.5058318887344506 vs. 1.5058318887344506
list:
dist: 3.2268042485700423 vs. 3.2268042485700423
list:
dist: 2.845506108219211 vs. 2.845506108219211
list:
dist: 0.3440450237468123 vs. 0.3440450237468123
list:
dist: 0.6442769977628977 vs. 0.6442769977628977
list:
dist: 1.6036490032848219 vs. 1.6036490032848219
list:
dist: 1.6034509918372384 vs. 1.6034509918372384
list:
dist: 1.3887336582834675 vs. 1.3887336582834675
list:
dist: 1.1667880263215618 vs. 1.1667880263215618
list:
dist: 1.307791976278607 vs. 1.307791976278607
list:
dist: 2.333266494087886 vs. 2.333266494087886
list:
dist: 2.9873998236168626 vs. 2.9873998236168626
list:
dist: 3.4416823851891807 vs. 3.4416823851891807
list:
dist: 2.9673120332131138 vs. 2.9673120332131138
list:
dist: 3.6774523720199266 vs. 3.6774523720199266
list:
dist: 2.223287332720127 vs. 2.223287332720127
list:
dist: 2.6105385717609444 vs. 2.6105385717609444
list:
dist: 3.2207201981217444 vs. 3.2207201981217444
list:
dist: 4.876532139325018 vs. 4.876532139325018
list:
dist: 2.729411701839397 vs. 2.729411701839397
list:
dist: 4.721071252270077 vs. 4.721071252270077
list:
dist: 4.071441205187537 vs. 4.071441205187537
list:
dist: 1.2113315430455092 vs. 1.2113315430455092
list:
dist: 1.2911686295514966 vs. 1.2911686295514966
list:
dist: 0.6434511975324403 vs. 0.6434511975324403
list:
dist: 1.9454348652744904 vs. 1.9454348652744904
list:
dist: 3.089639575041686 vs. 3.089639575041686
list:
dist: 3.1950456250754455 vs. 3.1950456250754455
list:
dist: 2.9815436559924575 vs. 2.9815436559924575
list:
dist: 2.205509813774743 vs. 2.205509813774743
list:
dist: 3.269352709664053 vs. 3.269352709664053
list:
dist: 2.954506432872035 vs. 2.954506432872035
list:
dist: 2.611938840213658 vs. 2.611938840213658
list:
dist: 2.027642924441039 vs. 2.027642924441039
list:
dist: 2.1026443186233252 vs. 2.1026443186233252
list:
dist: 2.7232534476171573 vs. 2.7232534476171573
list:
dist: 1.8604430873635867 vs. 1.8604430873635867
list:
dist: 3.084723804727467 vs. 3.084723804727467
list:
dist: 2.7784356919784803 vs. 2.7784356919784803
list:
dist: 1.5776349475147844 vs. 1.5776349475147844
list:
dist: 2.0091694455374425 vs. 2.0091694455374425
list:
dist: 2.741248596365929 vs. 2.741248596365929
list:
dist: 1.5828005385734107 vs. 1.5828005385734107
list:
dist: 3.8855014999239765 vs. 3.8855014999239765
list:
dist: 3.532117625837057 vs. 3.532117625837057
list:
dist: 1.3737014436452113 vs. 1.3737014436452113
list:
dist: 1.8045403032516945 vs. 1.8045403032516945
list:
dist: 1.3238697760929912 vs. 1.3238697760929912
list:
dist: 1.3051554014402091 vs. 1.3051554014402091
list:
dist: 1.2942019749137625 vs. 1.2942019749137625
list:
dist: 1.928897447311884 vs. 1.928897447311884
list:
dist: 1.66233615058558 vs. 1.66233615058558
list:
dist: 2.0732970839787876 vs. 2.0732970839787876
list:
dist: 1.381056556460676 vs. 1.381056556460676
list:
dist: 2.1416307167406043 vs. 2.1416307167406043
list:
dist: 2.2183212610642857 vs. 2.2183212610642857
list:
dist: 1.5766269592495126 vs. 1.5766269592495126
list:
dist: 1.4758469354463968 vs. 1.4758469354463968
list:
dist: 1.0384720318138774 vs. 1.0384720318138774
list:
dist: 1.008975551161424 vs. 1.008975551161424
list:
dist: 1.650880003542675 vs. 1.650880003542675
list:
dist: 0.782159467981475 vs. 0.782159467981475
list:
dist: 0.5809882542982653 vs. 0.5809882542982653
list:
dist: 2.7457358381769534 vs. 2.7457358381769534
list:
dist: 2.20675073285176 vs. 2.20675073285176
list:
dist: 2.6853083011493504 vs. 2.6853083011493504
list:
dist: 1.5495586674366613 vs. 1.5495586674366613
list:
dist: 2.3907739999070827 vs. 2.3907739999070827
list:
dist: 3.0065625703724472 vs. 3.0065625703724472
list:
dist: 2.756590671839897 vs. 2.756590671839897
list:
dist: 2.121728978856996 vs. 2.121728978856996
list:
dist: 2.233628945308535 vs. 2.233628945308535
list:
dist: 1.589390144325159 vs. 1.589390144325159
list:
dist: 1.8431029799302627 vs. 1.8431029799302627
list:
dist: 1.008975551161424 vs. 1.008975551161424
list:
dist: 1.4877337713918675 vs. 1.4877337713918675
list:
dist: 1.853773704696411 vs. 1.853773704696411
list:
dist: 2.78467937670044 vs. 2.78467937670044
list:
dist: 2.3727894153721247 vs. 2.3727894153721247
list:
dist: 2.4094233302243815 vs. 2.4094233302243815
list:
dist: 1.6523507206026036 vs. 1.6523507206026036
list:
dist: 2.8785721505651978 vs. 2.8785721505651978
list:
dist: 2.4534906509539782 vs. 2.4534906509539782
list:
dist: 2.472197856077953 vs. 2.472197856077953
list:
dist: 1.5194068154464417 vs. 1.5194068154464417
list:
dist: 2.1165239362028103 vs. 2.1165239362028103
list:
dist: 1.9166169157197255 vs. 1.9166169157197255
list:
dist: 1.617971871553116 vs. 1.617971871553116
list:
dist: 2.4905145060533598 vs. 2.4905145060533598
list:
dist: 2.228372931591433 vs. 2.228372931591433
list:
dist: 0.9068534405566909 vs. 0.9068534405566909
list:
dist: 1.4395821823655321 vs. 1.4395821823655321
list:
dist: 2.4707247807313304 vs. 2.4707247807313304
list:
dist: 1.0003592807838275 vs. 1.0003592807838275
list:
dist: 3.7919887464053743 vs. 3.7919887464053743
list:
dist: 3.4023352333090116 vs. 3.4023352333090116
list:
dist: 1.8500087171072872 vs. 1.8500087171072872
list:
dist: 2.3006457013008954 vs. 2.3006457013008954
list:
dist: 0.767223916225755 vs. 0.767223916225755
list:
dist: 1.1724464789495759 vs. 1.1724464789495759
list:
dist: 1.8210655774173181 vs. 1.8210655774173181
list:
dist: 1.8744060530160251 vs. 1.8744060530160251
list:
dist: 1.498445557952088 vs. 1.498445557952088
list:
dist: 1.7976453643504877 vs. 1.7976453643504877
list:
dist: 1.8578274227845544 vs. 1.8578274227845544
list:
dist: 1.7420752352532758 vs. 1.7420752352532758
list:
dist: 1.851372792689904 vs. 1.851372792689904
list:
dist: 1.2517048601162417 vs. 1.2517048601162417
list:
dist: 1.0756224526376297 vs. 1.0756224526376297
list:
dist: 0.15049964411890862 vs. 0.15049964411890862
list:
dist: 0.8299100337311865 vs. 0.8299100337311865
list:
dist: 0.8289034412751511 vs. 0.8289034412751511
list:
dist: 1.3265699139241576 vs. 1.3265699139241576
list:
dist: 2.2075025635726497 vs. 2.2075025635726497
list:
dist: 2.4122887603519296 vs. 2.4122887603519296
list:
dist: 2.4241133493279112 vs. 2.4241133493279112
list:
dist: 1.7997337588303932 vs. 1.7997337588303932
list:
dist: 2.0219001834868657 vs. 2.0219001834868657
list:
dist: 2.1110648218707353 vs. 2.1110648218707353
list:
dist: 1.7789795624036182 vs. 1.7789795624036182
list:
dist: 1.1330343181408984 vs. 1.1330343181408984
list:
dist: 1.2926771031338151 vs. 1.2926771031338151
list:
dist: 2.5386861947691894 vs. 2.5386861947691894
list:
dist: 2.2639538240091253 vs. 2.2639538240091253
list:
dist: 3.1622334482337955 vs. 3.1622334482337955
list:
dist: 2.5991728361957325 vs. 2.5991728361957325
list:
dist: 0.7266034143818818 vs. 0.7266034143818818
list:
dist: 1.6670885890011409 vs. 1.6670885890011409
list:
dist: 1.3051554014402091 vs. 1.3051554014402091
list:
dist: 1.351725568369513 vs. 1.351725568369513
list:
dist: 4.5756182825557365 vs. 4.5756182825557365
list:
dist: 4.702062254971036 vs. 4.702062254971036
list:
dist: 2.2152490380440435 vs. 2.2152490380440435
list:
dist: 3.247777399755399 vs. 3.247777399755399
list:
dist: 3.0540781225704747 vs. 3.0540781225704747
list:
dist: 3.5294516970360834 vs. 3.5294516970360834
list:
dist: 2.742472967458764 vs. 2.742472967458764
list:
dist: 3.7592729906241655 vs. 3.7592729906241655
list:
dist: 3.4653478822987847 vs. 3.4653478822987847
list:
dist: 3.320380859625355 vs. 3.320380859625355
list:
dist: 2.394299714695665 vs. 2.394299714695665
list:
dist: 2.8148502174444805 vs. 2.8148502174444805
list:
dist: 2.8321655581732763 vs. 2.8321655581732763
list:
dist: 2.290844305963544 vs. 2.290844305963544
list:
dist: 3.349607150811123 vs. 3.349607150811123
list:
dist: 2.997294381452955 vs. 2.997294381452955
list:
dist: 1.8736928283038117 vs. 1.8736928283038117
list:
dist: 2.125540158101881 vs. 2.125540158101881
list:
dist: 3.111757976545538 vs. 3.111757976545538
list:
dist: 2.1720673981967416 vs. 2.1720673981967416
list:
dist: 0.9561783398792063 vs. 0.9561783398792063
list:
dist: 2.2022138224995933 vs. 2.2022138224995933
list:
dist: 0.5736073139267602 vs. 0.5736073139267602
list:
dist: 0.9856163464522772 vs. 0.9856163464522772
list:
dist: 1.7969035563870406 vs. 1.7969035563870406
list:
dist: 1.6088266011169636 vs. 1.6088266011169636
list:
dist: 2.5049116613160995 vs. 2.5049116613160995
list:
dist: 2.227454794720092 vs. 2.227454794720092
list:
dist: 2.070688250183686 vs. 2.070688250183686
list:
dist: 2.4714382633092313 vs. 2.4714382633092313
list:
dist: 1.3880337435493082 vs. 1.3880337435493082
list:
dist: 2.0523471098867563 vs. 2.0523471098867563
list:
dist: 1.2487458233123205 vs. 1.2487458233123205
list:
dist: 1.1724464789495759 vs. 1.1724464789495759
list:
dist: 1.5341990292066015 vs. 1.5341990292066015
list:
dist: 0.6130221861163747 vs. 0.6130221861163747
list:
dist: 1.5036723725733467 vs. 1.5036723725733467
list:
dist: 2.8276407192974364 vs. 2.8276407192974364
list:
dist: 3.0725083449485813 vs. 3.0725083449485813
list:
dist: 2.625972175310961 vs. 2.625972175310961
list:
dist: 2.0137563014402566 vs. 2.0137563014402566
list:
dist: 1.6582315724481804 vs. 1.6582315724481804
list:
dist: 2.7385402634675176 vs. 2.7385402634675176
list:
dist: 2.1809142882644097 vs. 2.1809142882644097
list:
dist: 2.309309395959587 vs. 2.309309395959587
list:
dist: 2.9282285825314958 vs. 2.9282285825314958
list:
dist: 4.994027991112214 vs. 4.994027991112214
list:
dist: 2.7836072895137836 vs. 2.7836072895137836
list:
dist: 4.756883712147155 vs. 4.756883712147155
list:
dist: 4.142465981816884 vs. 4.142465981816884
list:
dist: 0.9189525332079702 vs. 0.9189525332079702
list:
dist: 0.7902371996843215 vs. 0.7902371996843215
list:
dist: 0.6434511975324403 vs. 0.6434511975324403
list:
dist: 1.8687485565905697 vs. 1.8687485565905697
list:
dist: 3.069293564447033 vs. 3.069293564447033
list:
dist: 3.4673610066410663 vs. 3.4673610066410663
list:
dist: 3.432395971826253 vs. 3.432395971826253
list:
dist: 2.6265919428214106 vs. 2.6265919428214106
list:
dist: 3.4813462611487114 vs. 3.4813462611487114
list:
dist: 3.2884655270473777 vs. 3.2884655270473777
list:
dist: 2.775703360010712 vs. 2.775703360010712
list:
dist: 2.296443447939535 vs. 2.296443447939535
list:
dist: 2.170004051468708 vs. 2.170004051468708
list:
dist: 3.0944429468257755 vs. 3.0944429468257755
list:
dist: 1.9764232075019577 vs. 1.9764232075019577
list:
dist: 3.343959574005012 vs. 3.343959574005012
list:
dist: 2.9816492447668366 vs. 2.9816492447668366
list:
dist: 1.9429369506029779 vs. 1.9429369506029779
list:
dist: 2.2062876078310594 vs. 2.2062876078310594
list:
dist: 2.8015501403596597 vs. 2.8015501403596597
list:
dist: 2.1420444654147817 vs. 2.1420444654147817
list:
dist: 4.359948032419199 vs. 4.359948032419199
list:
dist: 4.078225567407719 vs. 4.078225567407719
list:
dist: 1.099884910375466 vs. 1.099884910375466
list:
dist: 2.067250779933994 vs. 2.067250779933994
list:
dist: 1.6024351528234957 vs. 1.6024351528234957
list:
dist: 1.351725568369513 vs. 1.351725568369513
list:
dist: 0.9726745847232103 vs. 0.9726745847232103
list:
dist: 2.3293100439377343 vs. 2.3293100439377343
list:
dist: 2.130129710140513 vs. 2.130129710140513
list:
dist: 2.6918494395276706 vs. 2.6918494395276706
list:
dist: 1.8387181572237685 vs. 1.8387181572237685
list:
dist: 2.6738714184525465 vs. 2.6738714184525465
list:
dist: 2.8214542999397962 vs. 2.8214542999397962
list:
dist: 2.046532001312947 vs. 2.046532001312947
list:
dist: 2.116654215101051 vs. 2.116654215101051
list:
dist: 1.56020436383316 vs. 1.56020436383316
list:
dist: 1.4877337713918675 vs. 1.4877337713918675
list:
dist: 2.1857014108447514 vs. 2.1857014108447514
list:
dist: 1.0623815639953609 vs. 1.0623815639953609
list:
dist: 0.9905845826438818 vs. 0.9905845826438818
list:
dist: 3.3470153841616654 vs. 3.3470153841616654
list:
dist: 2.7451684420307156 vs. 2.7451684420307156
list:
dist: 3.3066687433157997 vs. 3.3066687433157997
list:
dist: 2.1149329507070402 vs. 2.1149329507070402
list:
dist: 3.017624158637948 vs. 3.017624158637948
list:
dist: 3.5626360830533823 vs. 3.5626360830533823
list:
dist: 3.2517123186331833 vs. 3.2517123186331833
list:
dist: 2.5834667276492325 vs. 2.5834667276492325
list:
dist: 2.645618466133388 vs. 2.645618466133388
list:
dist: 1.4111039856041099 vs. 1.4111039856041099
list:
dist: 1.7592111381533746 vs. 1.7592111381533746
list:
dist: 0.5809882542982653 vs. 0.5809882542982653
list:
dist: 0.9905845826438818 vs. 0.9905845826438818
list:
dist: 2.526100335111036 vs. 2.526100335111036
list:
dist: 3.6627958098294005 vs. 3.6627958098294005
list:
dist: 3.649627780346283 vs. 3.649627780346283
list:
dist: 3.311589940334572 vs. 3.311589940334572
list:
dist: 2.5926169305232594 vs. 2.5926169305232594
list:
dist: 3.758479952977939 vs. 3.758479952977939
list:
dist: 3.3839316053884994 vs. 3.3839316053884994
list:
dist: 3.097794712022111 vs. 3.097794712022111
list:
dist: 2.5275258475826825 vs. 2.5275258475826825
list:
dist: 2.6245777016015825 vs. 2.6245777016015825
list:
dist: 3.1361071172753117 vs. 3.1361071172753117
list:
dist: 2.4153817350020947 vs. 2.4153817350020947
list:
dist: 3.569297330744273 vs. 3.569297330744273
list:
dist: 3.293968298751161 vs. 3.293968298751161
list:
dist: 2.0337295650871834 vs. 2.0337295650871834
list:
dist: 2.533460565267744 vs. 2.533460565267744
list:
dist: 3.2957166394650352 vs. 3.2957166394650352
list:
dist: 1.8387318144740616 vs. 1.8387318144740616
list:
dist: 3.972384469285245 vs. 3.972384469285245
list:
dist: 3.518923891116285 vs. 3.518923891116285
list:
dist: 1.3974653739722227 vs. 1.3974653739722227
list:
dist: 1.2359090061691922 vs. 1.2359090061691922
list:
dist: 1.5288330523999456 vs. 1.5288330523999456
list:
dist: 1.5036723725733467 vs. 1.5036723725733467
list:
dist: 1.3545147259902703 vs. 1.3545147259902703
list:
dist: 1.5481524847165873 vs. 1.5481524847165873
list:
dist: 1.3543968963081716 vs. 1.3543968963081716
list:
dist: 1.814926225251671 vs. 1.814926225251671
list:
dist: 0.8739028317420948 vs. 0.8739028317420948
list:
dist: 1.8861763935484472 vs. 1.8861763935484472
list:
dist: 1.9636759043736556 vs. 1.9636759043736556
list:
dist: 1.382848938601159 vs. 1.382848938601159
list:
dist: 1.452713751907669 vs. 1.452713751907669
list:
dist: 1.2979919669123925 vs. 1.2979919669123925
list:
dist: 1.3265699139241576 vs. 1.3265699139241576
list:
dist: 1.7178087463326295 vs. 1.7178087463326295
list:
dist: 0.9323895985475892 vs. 0.9323895985475892
list:
dist: 2.543844309499359 vs. 2.543844309499359
list:
dist: 1.8065897047634352 vs. 1.8065897047634352
list:
dist: 2.4040990143381444 vs. 2.4040990143381444
list:
dist: 1.2920466919820575 vs. 1.2920466919820575
list:
dist: 2.162463715301445 vs. 2.162463715301445
list:
dist: 3.171790336096601 vs. 3.171790336096601
list:
dist: 2.98611579070225 vs. 2.98611579070225
list:
dist: 2.4094691730542572 vs. 2.4094691730542572
list:
dist: 2.3991512293486448 vs. 2.3991512293486448
list:
dist: 2.212041022444077 vs. 2.212041022444077
list:
dist: 1.971572424085387 vs. 1.971572424085387
list:
dist: 3.049592131338662 vs. 3.049592131338662
list:
dist: 3.1147229788651605 vs. 3.1147229788651605
list:
dist: 1.6227527750027515 vs. 1.6227527750027515
list:
dist: 2.27196264848051 vs. 2.27196264848051
list:
dist: 4.738872682764241 vs. 4.738872682764241
list:
dist: 2.452738012227371 vs. 2.452738012227371
list:
dist: 4.305812007883258 vs. 4.305812007883258
list:
dist: 3.7014919176331595 vs. 3.7014919176331595
list:
dist: 1.2155034216609801 vs. 1.2155034216609801
list:
dist: 1.2911686295514966 vs. 1.2911686295514966
list:
dist: 0.7902371996843215 vs. 0.7902371996843215
list:
dist: 4.314694280543052 vs. 4.314694280543052
list:
dist: 4.3503129064867565 vs. 4.3503129064867565
list:
dist: 1.375011465898952 vs. 1.375011465898952
list:
dist: 2.5419704116212523 vs. 2.5419704116212523
list:
dist: 3.293081735754467 vs. 3.293081735754467
list:
dist: 3.4865571265211424 vs. 3.4865571265211424
list:
dist: 2.6744986616103645 vs. 2.6744986616103645
list:
dist: 3.2092861155037364 vs. 3.2092861155037364
list:
dist: 3.1783007461962 vs. 3.1783007461962
list:
dist: 2.522939448668591 vs. 2.522939448668591
list:
dist: 2.163774189767284 vs. 2.163774189767284
list:
dist: 1.8605315943756116 vs. 1.8605315943756116
list:
dist: 3.0496755112683887 vs. 3.0496755112683887
list:
dist: 1.6960720243231118 vs. 1.6960720243231118
list:
dist: 3.122414682941395 vs. 3.122414682941395
list:
dist: 2.7107572042106107 vs. 2.7107572042106107
list:
dist: 1.9908994346535167 vs. 1.9908994346535167
list:
dist: 2.0084427897640866 vs. 2.0084427897640866
list:
dist: 2.379315390789153 vs. 2.379315390789153
list:
dist: 2.4457127131625453 vs. 2.4457127131625453
list:
dist: 1.5281332307331112 vs. 1.5281332307331112
list:
dist: 2.851888246342484 vs. 2.851888246342484
list:
dist: 1.9486023491261364 vs. 1.9486023491261364
list:
dist: 1.6670885890011409 vs. 1.6670885890011409
list:
dist: 1.3913993935106965 vs. 1.3913993935106965
list:
dist: 3.031461348726929 vs. 3.031461348726929
list:
dist: 2.8071886080464634 vs. 2.8071886080464634
list:
dist: 3.3403064910420865 vs. 3.3403064910420865
list:
dist: 2.5988992501056756 vs. 2.5988992501056756
list:
dist: 3.3115843956180586 vs. 3.3115843956180586
list:
dist: 3.46415906010441 vs. 3.46415906010441
list:
dist: 2.6658413647740065 vs. 2.6658413647740065
list:
dist: 2.6534504973750423 vs. 2.6534504973750423
list:
dist: 1.9597558233589951 vs. 1.9597558233589951
list:
dist: 1.8431029799302627 vs. 1.8431029799302627
list:
dist: 2.636155816231814 vs. 2.636155816231814
list:
dist: 1.601133762438452 vs. 1.601133762438452
list:
dist: 1.7592111381533746 vs. 1.7592111381533746
list:
dist: 3.942860795727013 vs. 3.942860795727013
list:
dist: 3.831110980206678 vs. 3.831110980206678
list:
dist: 3.455557641716241 vs. 3.455557641716241
list:
dist: 2.7725537066839485 vs. 2.7725537066839485
list:
dist: 2.9300649629224447 vs. 2.9300649629224447
list:
dist: 0.3722542177672646 vs. 0.3722542177672646
list:
dist: 1.3913993935106965 vs. 1.3913993935106965
list:
dist: 1.2942019749137625 vs. 1.2942019749137625
list:
dist: 0.9726745847232103 vs. 0.9726745847232103
list:
dist: 5.051278099894068 vs. 5.051278099894068
list:
dist: 5.117514070903586 vs. 5.117514070903586
list:
dist: 2.4986462077833504 vs. 2.4986462077833504
list:
dist: 3.658231844885142 vs. 3.658231844885142
list:
dist: 3.853756968568356 vs. 3.853756968568356
list:
dist: 4.1171950142962634 vs. 4.1171950142962634
list:
dist: 3.303086614308234 vs. 3.303086614308234
list:
dist: 4.230836593156386 vs. 4.230836593156386
list:
dist: 4.009602991695506 vs. 4.009602991695506
list:
dist: 3.6209932784056704 vs. 3.6209932784056704
list:
dist: 2.9412544010288166 vs. 2.9412544010288166
list:
dist: 3.0199237470155547 vs. 3.0199237470155547
list:
dist: 3.584458646009969 vs. 3.584458646009969
list:
dist: 2.679919380859448 vs. 2.679919380859448
list:
dist: 3.9662195282068553 vs. 3.9662195282068553
list:
dist: 3.5855990919179614 vs. 3.5855990919179614
list:
dist: 2.492608599151277 vs. 2.492608599151277
list:
dist: 2.7328038628586193 vs. 2.7328038628586193
list:
dist: 3.5011304181452756 vs. 3.5011304181452756
list:
dist: 2.718972375327628 vs. 2.718972375327628
list:
dist: 0.14506139220405595 vs. 0.14506139220405595
list:
dist: 1.9333919322743613 vs. 1.9333919322743613
list:
dist: 1.4861634489367241 vs. 1.4861634489367241
list:
dist: 0.9856163464522772 vs. 0.9856163464522772
list:
dist: 2.0532447624440193 vs. 2.0532447624440193
list:
dist: 1.9848196711737953 vs. 1.9848196711737953
list:
dist: 2.90855440553703 vs. 2.90855440553703
list:
dist: 2.131296002300338 vs. 2.131296002300338
list:
dist: 2.5896243271478636 vs. 2.5896243271478636
list:
dist: 2.940118147067812 vs. 2.940118147067812
list:
dist: 1.9110092804662662 vs. 1.9110092804662662
list:
dist: 2.521470592607568 vs. 2.521470592607568
list:
dist: 1.8855457905560926 vs. 1.8855457905560926
list:
dist: 1.8210655774173181 vs. 1.8210655774173181
list:
dist: 2.2963551773334685 vs. 2.2963551773334685
list:
dist: 1.0490357116589035 vs. 1.0490357116589035
list:
dist: 1.3545147259902703 vs. 1.3545147259902703
list:
dist: 3.4163607117506642 vs. 3.4163607117506642
list:
dist: 3.888455142092566 vs. 3.888455142092566
list:
dist: 3.5053074443179595 vs. 3.5053074443179595
list:
dist: 2.8643249226352037 vs. 2.8643249226352037
list:
dist: 2.605129158696744 vs. 2.605129158696744
list:
dist: 2.994917442706887 vs. 2.994917442706887
list:
dist: 2.4474148268984743 vs. 2.4474148268984743
list:
dist: 2.7893992981077784 vs. 2.7893992981077784
list:
dist: 3.465107071288967 vs. 3.465107071288967
list:
dist: 5.452966927568715 vs. 5.452966927568715
list:
dist: 3.453958797371546 vs. 3.453958797371546
list:
dist: 5.335669211085074 vs. 5.335669211085074
list:
dist: 4.626431970174368 vs. 4.626431970174368
list:
dist: 1.2155034216609801 vs. 1.2155034216609801
list:
dist: 1.2113315430455092 vs. 1.2113315430455092
list:
dist: 0.9189525332079702 vs. 0.9189525332079702
list:
dist: 4.707684225168499 vs. 4.707684225168499
list:
dist: 4.784108213459072 vs. 4.784108213459072
list:
dist: 2.1922268342564095 vs. 2.1922268342564095
list:
dist: 3.3288111632490787 vs. 3.3288111632490787
list:
dist: 3.5067459613068173 vs. 3.5067459613068173
list:
dist: 3.866665050311926 vs. 3.866665050311926
list:
dist: 3.0453753634612677 vs. 3.0453753634612677
list:
dist: 3.9377358507650557 vs. 3.9377358507650557
list:
dist: 3.7301579610744864 vs. 3.7301579610744864
list:
dist: 3.3697905331828863 vs. 3.3697905331828863
list:
dist: 2.64076714754289 vs. 2.64076714754289
list:
dist: 2.776691995928964 vs. 2.776691995928964
list:
dist: 3.2715156410957555 vs. 3.2715156410957555
list:
dist: 2.384305972811241 vs. 2.384305972811241
list:
dist: 3.6466224911589555 vs. 3.6466224911589555
list:
dist: 3.258539589195547 vs. 3.258539589195547
list:
dist: 2.2044766553560327 vs. 2.2044766553560327
list:
dist: 2.4016643818302192 vs. 2.4016643818302192
list:
dist: 3.1942375267153182 vs. 3.1942375267153182
list:
dist: 2.517070154615842 vs. 2.517070154615842
list:
dist: 0.4326123386066481 vs. 0.4326123386066481
list:
dist: 2.1525251970348585 vs. 2.1525251970348585
list:
dist: 1.2412372604550868 vs. 1.2412372604550868
list:
dist: 0.7266034143818818 vs. 0.7266034143818818
list:
dist: 0.3722542177672646 vs. 0.3722542177672646
list:
dist: 2.125321018178476 vs. 2.125321018178476
list:
dist: 1.99674370080664 vs. 1.99674370080664
list:
dist: 2.8803964952983283 vs. 2.8803964952983283
list:
dist: 2.2367440110454355 vs. 2.2367440110454355
list:
dist: 2.5603166883421573 vs. 2.5603166883421573
list:
dist: 2.906106411468308 vs. 2.906106411468308
list:
dist: 1.8646011932996565 vs. 1.8646011932996565
list:
dist: 2.4114745117949963 vs. 2.4114745117949963
list:
dist: 1.6750418631622597 vs. 1.6750418631622597
list:
dist: 1.589390144325159 vs. 1.589390144325159
list:
dist: 2.1193724979004136 vs. 2.1193724979004136
list:
dist: 0.8953005519971131 vs. 0.8953005519971131
list:
dist: 1.4111039856041099 vs. 1.4111039856041099
list:
dist: 3.3514797068335147 vs. 3.3514797068335147
list:
dist: 3.655601256899152 vs. 3.655601256899152
list:
dist: 3.2403664991727403 vs. 3.2403664991727403
list:
dist: 2.5883152146541963 vs. 2.5883152146541963
list:
dist: 2.3606244189314074 vs. 2.3606244189314074
list:
dist: 1.5495586674366613 vs. 1.5495586674366613
list:
dist: 2.1149329507070402 vs. 2.1149329507070402
list:
dist: 2.9673120332131138 vs. 2.9673120332131138
list:
dist: 3.185300774709048 vs. 3.185300774709048
list:
dist: 2.584742983966408 vs. 2.584742983966408
list:
dist: 2.819239315278231 vs. 2.819239315278231
list:
dist: 2.3563126414879614 vs. 2.3563126414879614
list:
dist: 3.6483129786572435 vs. 3.6483129786572435
list:
dist: 3.1265897074828253 vs. 3.1265897074828253
list:
dist: 3.0550641741208864 vs. 3.0550641741208864
list:
dist: 2.660717774163445 vs. 2.660717774163445
list:
dist: 2.821782963158229 vs. 2.821782963158229
list:
dist: 3.0760802815161266 vs. 3.0760802815161266
list:
dist: 2.74937946141251 vs. 2.74937946141251
list:
dist: 3.532429168498665 vs. 3.532429168498665
list:
dist: 3.4072990282948687 vs. 3.4072990282948687
list:
dist: 2.2401787499556796 vs. 2.2401787499556796
list:
dist: 2.8651527941985027 vs. 2.8651527941985027
list:
dist: 3.5278606344414642 vs. 3.5278606344414642
list:
dist: 1.5760572760410514 vs. 1.5760572760410514
list:
dist: 2.9131191753182515 vs. 2.9131191753182515
list:
dist: 2.332072556943468 vs. 2.332072556943468
list:
dist: 2.705923695514876 vs. 2.705923695514876
list:
dist: 3.0533740936335123 vs. 3.0533740936335123
list:
dist: 3.0787458754571073 vs. 3.0787458754571073
list:
dist: 1.7167773534106625 vs. 1.7167773534106625
list:
dist: 1.939437056591428 vs. 1.939437056591428
list:
dist: 1.6965982007349554 vs. 1.6965982007349554
list:
dist: 1.176501754865472 vs. 1.176501754865472
list:
dist: 0.7982879409453179 vs. 0.7982879409453179
list:
dist: 1.8530565700239172 vs. 1.8530565700239172
list:
dist: 1.4887268838474499 vs. 1.4887268838474499
list:
dist: 1.7957574627999995 vs. 1.7957574627999995
list:
dist: 1.0367120594176518 vs. 1.0367120594176518
list:
dist: 1.69205304538688 vs. 1.69205304538688
list:
dist: 1.7997337588303932 vs. 1.7997337588303932
list:
dist: 1.8758091115019577 vs. 1.8758091115019577
list:
dist: 1.9451569219469902 vs. 1.9451569219469902
list:
dist: 1.2920466919820575 vs. 1.2920466919820575
list:
dist: 2.0557318501312234 vs. 2.0557318501312234
list:
dist: 0.7915731531258974 vs. 0.7915731531258974
list:
dist: 1.4990054229037288 vs. 1.4990054229037288
list:
dist: 1.436677982025847 vs. 1.436677982025847
list:
dist: 2.758136342194403 vs. 2.758136342194403
list:
dist: 2.8404739015636555 vs. 2.8404739015636555
list:
dist: 2.468012694258349 vs. 2.468012694258349
list:
dist: 2.6999942969544986 vs. 2.6999942969544986
list:
dist: 3.717773644350353 vs. 3.717773644350353
list:
dist: 2.0202748988045487 vs. 2.0202748988045487
list:
dist: 2.2204854857644465 vs. 2.2204854857644465
list:
dist: 2.1985843827450546 vs. 2.1985843827450546
list:
dist: 2.500881957331143 vs. 2.500881957331143
list:
dist: 2.5603166883421573 vs. 2.5603166883421573
list:
dist: 3.3115843956180586 vs. 3.3115843956180586
list:
dist: 2.1416307167406043 vs. 2.1416307167406043
list:
dist: 2.6738714184525465 vs. 2.6738714184525465
list:
dist: 3.5955065199053218 vs. 3.5955065199053218
list:
dist: 4.4752503647010435 vs. 4.4752503647010435
list:
dist: 3.6108127989660534 vs. 3.6108127989660534
list:
dist: 3.3898907463226244 vs. 3.3898907463226244
list:
dist: 2.91101692481779 vs. 2.91101692481779
list:
dist: 4.339091121277545 vs. 4.339091121277545
list:
dist: 3.746585807155735 vs. 3.746585807155735
list:
dist: 4.005412242303256 vs. 4.005412242303256
list:
dist: 3.0970660766519598 vs. 3.0970660766519598
list:
dist: 3.748814278116792 vs. 3.748814278116792
list:
dist: 3.1142510726102293 vs. 3.1142510726102293
list:
dist: 3.3204690076196606 vs. 3.3204690076196606
list:
dist: 3.8981533258862626 vs. 3.8981533258862626
list:
dist: 3.756269841491308 vs. 3.756269841491308
list:
dist: 2.4900211142496067 vs. 2.4900211142496067
list:
dist: 3.078755371938112 vs. 3.078755371938112
list:
dist: 4.138242406493647 vs. 4.138242406493647
list:
dist: 2.0391973524879603 vs. 2.0391973524879603
list:
dist: 4.2440392761367915 vs. 4.2440392761367915
list:
dist: 3.5405358940646363 vs. 3.5405358940646363
list:
dist: 2.5319079510972218 vs. 2.5319079510972218
list:
dist: 1.791233664816499 vs. 1.791233664816499
list:
dist: 1.7019416012036739 vs. 1.7019416012036739
list:
dist: 2.070688250183686 vs. 2.070688250183686
list:
dist: 2.5896243271478636 vs. 2.5896243271478636
list:
dist: 0.8226615818142181 vs. 0.8226615818142181
list:
dist: 0.63925507465654 vs. 0.63925507465654
list:
dist: 0.906949899718052 vs. 0.906949899718052
list:
dist: 1.697808701111729 vs. 1.697808701111729
list:
dist: 0.6475668875350984 vs. 0.6475668875350984
list:
dist: 0.697681308104683 vs. 0.697681308104683
list:
dist: 1.3196387470353008 vs. 1.3196387470353008
list:
dist: 1.6144916352707555 vs. 1.6144916352707555
list:
dist: 1.7420752352532758 vs. 1.7420752352532758
list:
dist: 1.090847811789739 vs. 1.090847811789739
list:
dist: 1.7569588062866357 vs. 1.7569588062866357
list:
dist: 1.8861763935484472 vs. 1.8861763935484472
list:
dist: 0.9041337107382758 vs. 0.9041337107382758
list:
dist: 1.8359259368179337 vs. 1.8359259368179337
list:
dist: 1.3964823079848367 vs. 1.3964823079848367
list:
dist: 1.8530565700239172 vs. 1.8530565700239172
list:
dist: 1.0464326789778369 vs. 1.0464326789778369
list:
dist: 2.3137003524281163 vs. 2.3137003524281163
list:
dist: 2.24867351109989 vs. 2.24867351109989
list:
dist: 2.0436166529310045 vs. 2.0436166529310045
list:
dist: 1.636488528863432 vs. 1.636488528863432
list:
dist: 0.9511209018121658 vs. 0.9511209018121658
list:
dist: 0.8790800231833026 vs. 0.8790800231833026
list:
dist: 1.8031900092981916 vs. 1.8031900092981916
list:
dist: 1.5488660676555253 vs. 1.5488660676555253
list:
dist: 2.906106411468308 vs. 2.906106411468308
list:
dist: 3.46415906010441 vs. 3.46415906010441
list:
dist: 2.2183212610642857 vs. 2.2183212610642857
list:
dist: 2.8214542999397962 vs. 2.8214542999397962
list:
dist: 3.645232234205826 vs. 3.645232234205826
list:
dist: 4.475923041675643 vs. 4.475923041675643
list:
dist: 3.6100899066786596 vs. 3.6100899066786596
list:
dist: 3.0631820382617008 vs. 3.0631820382617008
list:
dist: 2.687691374850524 vs. 2.687691374850524
list:
dist: 4.142657119302875 vs. 4.142657119302875
list:
dist: 3.5056401660256435 vs. 3.5056401660256435
list:
dist: 3.808925607696783 vs. 3.808925607696783
list:
dist: 3.0162854105990164 vs. 3.0162854105990164
list:
dist: 3.63046256560471 vs. 3.63046256560471
list:
dist: 3.0141675653781643 vs. 3.0141675653781643
list:
dist: 3.286291796125698 vs. 3.286291796125698
list:
dist: 3.765264670167425 vs. 3.765264670167425
list:
dist: 3.6801987285339672 vs. 3.6801987285339672
list:
dist: 2.459242475756617 vs. 2.459242475756617
list:
dist: 3.0970784269615543 vs. 3.0970784269615543
list:
dist: 4.068655063617526 vs. 4.068655063617526
list:
dist: 1.819874416425075 vs. 1.819874416425075
list:
dist: 3.6737613613442233 vs. 3.6737613613442233
list:
dist: 2.932425794665206 vs. 2.932425794665206
list:
dist: 2.9080375415925386 vs. 2.9080375415925386
list:
dist: 1.9503253494051678 vs. 1.9503253494051678
list:
dist: 2.061219032309651 vs. 2.061219032309651
list:
dist: 2.4714382633092313 vs. 2.4714382633092313
list:
dist: 2.940118147067812 vs. 2.940118147067812
list:
dist: 1.295950058245935 vs. 1.295950058245935
list:
dist: 1.0714151753760845 vs. 1.0714151753760845
list:
dist: 0.3333883108035811 vs. 0.3333883108035811
list:
dist: 1.5823038224399848 vs. 1.5823038224399848
list:
dist: 0.6475668875350984 vs. 0.6475668875350984
list:
dist: 1.153292479237649 vs. 1.153292479237649
list:
dist: 1.0464305661308702 vs. 1.0464305661308702
list:
dist: 1.7034863480005145 vs. 1.7034863480005145
list:
dist: 1.851372792689904 vs. 1.851372792689904
list:
dist: 1.25731768469732 vs. 1.25731768469732
list:
dist: 2.045515930040932 vs. 2.045515930040932
list:
dist: 1.9636759043736556 vs. 1.9636759043736556
list:
dist: 0.6206613758975382 vs. 0.6206613758975382
list:
dist: 1.402217871569981 vs. 1.402217871569981
list:
dist: 0.7741025754506746 vs. 0.7741025754506746
list:
dist: 1.4887268838474499 vs. 1.4887268838474499
list:
dist: 0.4044757869595612 vs. 0.4044757869595612
list:
dist: 2.1035859443239446 vs. 2.1035859443239446
list:
dist: 2.201400018560235 vs. 2.201400018560235
list:
dist: 2.0656524240670735 vs. 2.0656524240670735
list:
dist: 1.9285083970952248 vs. 1.9285083970952248
list:
dist: 1.067098745276285 vs. 1.067098745276285
list:
dist: 1.3590298640794118 vs. 1.3590298640794118
list:
dist: 1.344422849425773 vs. 1.344422849425773
list:
dist: 1.2339507241131344 vs. 1.2339507241131344
list:
dist: 2.4114745117949963 vs. 2.4114745117949963
list:
dist: 2.6534504973750423 vs. 2.6534504973750423
list:
dist: 1.4758469354463968 vs. 1.4758469354463968
list:
dist: 2.116654215101051 vs. 2.116654215101051
list:
dist: 2.6808724610968717 vs. 2.6808724610968717
list:
dist: 3.5103751086877915 vs. 3.5103751086877915
list:
dist: 2.8917934730236596 vs. 2.8917934730236596
list:
dist: 2.2566150415210475 vs. 2.2566150415210475
list:
dist: 1.7444929821695985 vs. 1.7444929821695985
list:
dist: 3.1769687584156907 vs. 3.1769687584156907
list:
dist: 2.5881328970835034 vs. 2.5881328970835034
list:
dist: 2.7761742081990226 vs. 2.7761742081990226
list:
dist: 2.0447489046512706 vs. 2.0447489046512706
list:
dist: 2.587888043365102 vs. 2.587888043365102
list:
dist: 2.2389683235354183 vs. 2.2389683235354183
list:
dist: 2.2853944982411156 vs. 2.2853944982411156
list:
dist: 2.8704156810515227 vs. 2.8704156810515227
list:
dist: 2.7549210714191577 vs. 2.7549210714191577
list:
dist: 1.5229427367741506 vs. 1.5229427367741506
list:
dist: 2.1827969591975207 vs. 2.1827969591975207
list:
dist: 3.0667791090495933 vs. 3.0667791090495933
list:
dist: 0.8354731728828195 vs. 0.8354731728828195
list:
dist: 3.1050636544607477 vs. 3.1050636544607477
list:
dist: 2.5422035477588905 vs. 2.5422035477588905
list:
dist: 2.5375922494498058 vs. 2.5375922494498058
list:
dist: 2.087318269441472 vs. 2.087318269441472
list:
dist: 1.6280378522429915 vs. 1.6280378522429915
list:
dist: 2.0523471098867563 vs. 2.0523471098867563
list:
dist: 2.521470592607568 vs. 2.521470592607568
list:
dist: 1.7128050283989504 vs. 1.7128050283989504
list:
dist: 1.3322038722938274 vs. 1.3322038722938274
list:
dist: 0.8678308850067574 vs. 0.8678308850067574
list:
dist: 1.4019151939121919 vs. 1.4019151939121919
list:
dist: 1.3196387470353008 vs. 1.3196387470353008
list:
dist: 1.0464305661308702 vs. 1.0464305661308702
list:
dist: 1.2526150768888735 vs. 1.2526150768888735
list:
dist: 0.9345661556835745 vs. 0.9345661556835745
list:
dist: 1.0756224526376297 vs. 1.0756224526376297
list:
dist: 0.9293574968985109 vs. 0.9293574968985109
list:
dist: 1.5429172595651368 vs. 1.5429172595651368
list:
dist: 1.452713751907669 vs. 1.452713751907669
list:
dist: 1.4741914887751173 vs. 1.4741914887751173
list:
dist: 1.521704555893561 vs. 1.521704555893561
list:
dist: 1.4103568338951968 vs. 1.4103568338951968
list:
dist: 1.0367120594176518 vs. 1.0367120594176518
list:
dist: 1.064309193018915 vs. 1.064309193018915
list:
dist: 1.8256455916376826 vs. 1.8256455916376826
list:
dist: 1.8273426864786546 vs. 1.8273426864786546
list:
dist: 1.4704562233869891 vs. 1.4704562233869891
list:
dist: 1.7201163871651242 vs. 1.7201163871651242
list:
dist: 1.9514657014320946 vs. 1.9514657014320946
list:
dist: 2.0062257457652986 vs. 2.0062257457652986
list:
dist: 2.200074443951922 vs. 2.200074443951922
list:
dist: 1.8596702898544224 vs. 1.8596702898544224
list:
dist: 2.20675073285176 vs. 2.20675073285176
list:
dist: 2.7451684420307156 vs. 2.7451684420307156
list:
dist: 2.9873998236168626 vs. 2.9873998236168626
list:
dist: 3.2336127686608602 vs. 3.2336127686608602
list:
dist: 2.5005097727263634 vs. 2.5005097727263634
list:
dist: 3.391788757921708 vs. 3.391788757921708
list:
dist: 3.0281383195816445 vs. 3.0281383195816445
list:
dist: 4.363820888941383 vs. 4.363820888941383
list:
dist: 3.7950429206139202 vs. 3.7950429206139202
list:
dist: 3.8129617964726985 vs. 3.8129617964726985
list:
dist: 3.392164926448218 vs. 3.392164926448218
list:
dist: 3.6093824276669824 vs. 3.6093824276669824
list:
dist: 3.690285025328425 vs. 3.690285025328425
list:
dist: 3.520570339961763 vs. 3.520570339961763
list:
dist: 4.2201775453725965 vs. 4.2201775453725965
list:
dist: 4.125370513799146 vs. 4.125370513799146
list:
dist: 2.939479293571166 vs. 2.939479293571166
list:
dist: 3.5855032844421846 vs. 3.5855032844421846
list:
dist: 4.298411154563691 vs. 4.298411154563691
list:
dist: 2.2183264611732256 vs. 2.2183264611732256
list:
dist: 3.190462890952368 vs. 3.190462890952368
list:
dist: 2.467050824216248 vs. 2.467050824216248
list:
dist: 2.7631118812877906 vs. 2.7631118812877906
list:
dist: 3.146413725476392 vs. 3.146413725476392
list:
dist: 3.2865566028926865 vs. 3.2865566028926865
list:
dist: 1.6598009174474682 vs. 1.6598009174474682
list:
dist: 1.9223168207841663 vs. 1.9223168207841663
list:
dist: 1.8043739488011956 vs. 1.8043739488011956
list:
dist: 1.1258461378415259 vs. 1.1258461378415259
list:
dist: 0.9954090755098944 vs. 0.9954090755098944
list:
dist: 1.8359259368179337 vs. 1.8359259368179337
list:
dist: 1.402217871569981 vs. 1.402217871569981
list:
dist: 2.0083994811880546 vs. 2.0083994811880546
list:
dist: 1.521704555893561 vs. 1.521704555893561
list:
dist: 2.2856137120714437 vs. 2.2856137120714437
list:
dist: 2.4122887603519296 vs. 2.4122887603519296
list:
dist: 2.263845025652927 vs. 2.263845025652927
list:
dist: 2.4605035635729884 vs. 2.4605035635729884
list:
dist: 1.8065897047634352 vs. 1.8065897047634352
list:
dist: 1.9224531543636418 vs. 1.9224531543636418
list:
dist: 1.1602820765078554 vs. 1.1602820765078554
list:
dist: 0.7915731531258974 vs. 0.7915731531258974
list:
dist: 1.3144095815073633 vs. 1.3144095815073633
list:
dist: 3.085216112345148 vs. 3.085216112345148
list:
dist: 3.2504745669760005 vs. 3.2504745669760005
list:
dist: 2.9841640255913635 vs. 2.9841640255913635
list:
dist: 3.0797034090351025 vs. 3.0797034090351025
list:
dist: 3.6639674571021614 vs. 3.6639674571021614
list:
dist: 1.6371867351389893 vs. 1.6371867351389893
list:
dist: 2.059826603051803 vs. 2.059826603051803
list:
dist: 1.6361719875544845 vs. 1.6361719875544845
list:
dist: 2.3828134649168016 vs. 2.3828134649168016
list:
dist: 2.125321018178476 vs. 2.125321018178476
list:
dist: 3.031461348726929 vs. 3.031461348726929
list:
dist: 1.928897447311884 vs. 1.928897447311884
list:
dist: 2.3293100439377343 vs. 2.3293100439377343
list:
dist: 3.6233226472708107 vs. 3.6233226472708107
list:
dist: 4.64253123894182 vs. 4.64253123894182
list:
dist: 4.045912643253123 vs. 4.045912643253123
list:
dist: 3.9133671869653215 vs. 3.9133671869653215
list:
dist: 3.3177481214049065 vs. 3.3177481214049065
list:
dist: 4.687504159152951 vs. 4.687504159152951
list:
dist: 4.170301569030399 vs. 4.170301569030399
list:
dist: 4.232253354571908 vs. 4.232253354571908
list:
dist: 3.3724359201780323 vs. 3.3724359201780323
list:
dist: 3.8590901752698077 vs. 3.8590901752698077
list:
dist: 3.5878612886564643 vs. 3.5878612886564643
list:
dist: 3.460563843840247 vs. 3.460563843840247
list:
dist: 4.295095286567531 vs. 4.295095286567531
list:
dist: 4.0798048417643615 vs. 4.0798048417643615
list:
dist: 2.7545398130604037 vs. 2.7545398130604037
list:
dist: 3.305096358781943 vs. 3.305096358781943
list:
dist: 4.334235930733334 vs. 4.334235930733334
list:
dist: 2.427960360535787 vs. 2.427960360535787
list:
dist: 4.684433644383871 vs. 4.684433644383871
list:
dist: 4.012089101944271 vs. 4.012089101944271
list:
dist: 1.9755920228382158 vs. 1.9755920228382158
list:
dist: 1.1440681121130085 vs. 1.1440681121130085
list:
dist: 1.6568913704981059 vs. 1.6568913704981059
list:
dist: 1.7969035563870406 vs. 1.7969035563870406
list:
dist: 2.0532447624440193 vs. 2.0532447624440193
list:
dist: 0.4073884180988457 vs. 0.4073884180988457
list:
dist: 1.421619867801386 vs. 1.421619867801386
list:
dist: 1.443088833037724 vs. 1.443088833037724
list:
dist: 0.8226615818142181 vs. 0.8226615818142181
list:
dist: 1.295950058245935 vs. 1.295950058245935
list:
dist: 0.679206250486235 vs. 0.679206250486235
list:
dist: 1.7128050283989504 vs. 1.7128050283989504
list:
dist: 1.7811308802405552 vs. 1.7811308802405552
list:
dist: 1.8744060530160251 vs. 1.8744060530160251
list:
dist: 1.5193694153835384 vs. 1.5193694153835384
list:
dist: 1.5080848545752685 vs. 1.5080848545752685
list:
dist: 1.5481524847165873 vs. 1.5481524847165873
list:
dist: 1.6936036673582664 vs. 1.6936036673582664
list:
dist: 1.9223168207841663 vs. 1.9223168207841663
list:
dist: 1.9417361498052677 vs. 1.9417361498052677
list:
dist: 1.939437056591428 vs. 1.939437056591428
list:
dist: 1.6817570122709369 vs. 1.6817570122709369
list:
dist: 3.0353128540386938 vs. 3.0353128540386938
list:
dist: 2.881918208599845 vs. 2.881918208599845
list:
dist: 2.527776122698388 vs. 2.527776122698388
list:
dist: 2.0513284495619946 vs. 2.0513284495619946
list:
dist: 0.9859351437561986 vs. 0.9859351437561986
list:
dist: 0.44361744628167954 vs. 0.44361744628167954
list:
dist: 2.2867042838954883 vs. 2.2867042838954883
list:
dist: 2.357042079189268 vs. 2.357042079189268
list:
dist: 2.358797845162745 vs. 2.358797845162745
list:
dist: 1.3699060671247922 vs. 1.3699060671247922
list:
dist: 2.0250022489182795 vs. 2.0250022489182795
list:
dist: 2.1809142882644097 vs. 2.1809142882644097
list:
dist: 2.4474148268984743 vs. 2.4474148268984743
list:
dist: 0.44361744628167954 vs. 0.44361744628167954
list:
dist: 0.7766477353103269 vs. 0.7766477353103269
list:
dist: 1.5445229141680354 vs. 1.5445229141680354
list:
dist: 1.7478128113633156 vs. 1.7478128113633156
list:
dist: 0.8790800231833026 vs. 0.8790800231833026
list:
dist: 1.3590298640794118 vs. 1.3590298640794118
list:
dist: 1.0231061003510669 vs. 1.0231061003510669
list:
dist: 2.0062257457652986 vs. 2.0062257457652986
list:
dist: 2.1631562429967284 vs. 2.1631562429967284
list:
dist: 2.2639538240091253 vs. 2.2639538240091253
list:
dist: 1.7979096673480137 vs. 1.7979096673480137
list:
dist: 1.938554376540676 vs. 1.938554376540676
list:
dist: 1.971572424085387 vs. 1.971572424085387
list:
dist: 1.6429069334455977 vs. 1.6429069334455977
list:
dist: 2.059826603051803 vs. 2.059826603051803
list:
dist: 1.947654208944193 vs. 1.947654208944193
list:
dist: 2.2204854857644465 vs. 2.2204854857644465
list:
dist: 1.739873356775088 vs. 1.739873356775088
list:
dist: 3.185796271499785 vs. 3.185796271499785
list:
dist: 3.0728010718732253 vs. 3.0728010718732253
list:
dist: 2.79888755625281 vs. 2.79888755625281
list:
dist: 2.2621551380385654 vs. 2.2621551380385654
list:
dist: 0.7364576940690726 vs. 0.7364576940690726
list:
dist: 2.1345116256189023 vs. 2.1345116256189023
list:
dist: 2.2945838187081486 vs. 2.2945838187081486
list:
dist: 2.3907739999070827 vs. 2.3907739999070827
list:
dist: 3.017624158637948 vs. 3.017624158637948
list:
dist: 3.6774523720199266 vs. 3.6774523720199266
list:
dist: 3.8309745981750294 vs. 3.8309745981750294
list:
dist: 3.340045407601504 vs. 3.340045407601504
list:
dist: 2.8820046030727062 vs. 2.8820046030727062
list:
dist: 2.599268990155568 vs. 2.599268990155568
list:
dist: 4.047191284062929 vs. 4.047191284062929
list:
dist: 3.3837531011341015 vs. 3.3837531011341015
list:
dist: 3.7357570807989187 vs. 3.7357570807989187
list:
dist: 3.0189052158539487 vs. 3.0189052158539487
list:
dist: 3.6200395155383247 vs. 3.6200395155383247
list:
dist: 2.9783481401342202 vs. 2.9783481401342202
list:
dist: 3.324842520257093 vs. 3.324842520257093
list:
dist: 3.705130674244744 vs. 3.705130674244744
list:
dist: 3.6633782257472656 vs. 3.6633782257472656
list:
dist: 2.509934433723857 vs. 2.509934433723857
list:
dist: 3.1570658507481184 vs. 3.1570658507481184
list:
dist: 4.0655116046924435 vs. 4.0655116046924435
list:
dist: 1.779390200507491 vs. 1.779390200507491
list:
dist: 3.339681479315033 vs. 3.339681479315033
list:
dist: 2.5723451729906706 vs. 2.5723451729906706
list:
dist: 2.9305956917678144 vs. 2.9305956917678144
list:
dist: 3.404337260518631 vs. 3.404337260518631
list:
dist: 3.534400950740885 vs. 3.534400950740885
list:
dist: 2.2108796451635633 vs. 2.2108796451635633
list:
dist: 1.6817570122709369 vs. 1.6817570122709369
list:
dist: 1.4493020520700066 vs. 1.4493020520700066
list:
dist: 0.3561507397121532 vs. 0.3561507397121532
list:
dist: 1.7129841520273992 vs. 1.7129841520273992
list:
dist: 1.0464326789778369 vs. 1.0464326789778369
list:
dist: 0.4044757869595612 vs. 0.4044757869595612
list:
dist: 1.5188453100314347 vs. 1.5188453100314347
list:
dist: 1.064309193018915 vs. 1.064309193018915
list:
dist: 1.8714609942802862 vs. 1.8714609942802862
list:
dist: 2.0219001834868657 vs. 2.0219001834868657
list:
dist: 1.4736321482575787 vs. 1.4736321482575787
list:
dist: 2.318840639950606 vs. 2.318840639950606
list:
dist: 2.162463715301445 vs. 2.162463715301445
list:
dist: 0.669473065712224 vs. 0.669473065712224
list:
dist: 1.3144095815073633 vs. 1.3144095815073633
list:
dist: 0.45718526113091246 vs. 0.45718526113091246
list:
dist: 1.436677982025847 vs. 1.436677982025847
list:
dist: 1.9955203766304266 vs. 1.9955203766304266
list:
dist: 2.2024962710471065 vs. 2.2024962710471065
list:
dist: 2.1339968402897753 vs. 2.1339968402897753
list:
dist: 2.1441090569228196 vs. 2.1441090569228196
list:
dist: 3.5866918367724603 vs. 3.5866918367724603
list:
dist: 1.3430503794567674 vs. 1.3430503794567674
list:
dist: 1.739873356775088 vs. 1.739873356775088
list:
dist: 1.166599745692919 vs. 1.166599745692919
list:
dist: 1.1030300627993515 vs. 1.1030300627993515
list:
dist: 2.1193724979004136 vs. 2.1193724979004136
list:
dist: 2.636155816231814 vs. 2.636155816231814
list:
dist: 1.650880003542675 vs. 1.650880003542675
list:
dist: 2.1857014108447514 vs. 2.1857014108447514
list:
dist: 2.6193601782024905 vs. 2.6193601782024905
list:
dist: 3.4130098048343855 vs. 3.4130098048343855
list:
dist: 2.5583870643955584 vs. 2.5583870643955584
list:
dist: 2.563752773350524 vs. 2.563752773350524
list:
dist: 1.9842956123085596 vs. 1.9842956123085596
list:
dist: 3.3469900497627383 vs. 3.3469900497627383
list:
dist: 2.800726574106431 vs. 2.800726574106431
list:
dist: 3.078834892088208 vs. 3.078834892088208
list:
dist: 2.0662161224671127 vs. 2.0662161224671127
list:
dist: 2.836720812945751 vs. 2.836720812945751
list:
dist: 2.090348932237118 vs. 2.090348932237118
list:
dist: 2.324797344223185 vs. 2.324797344223185
list:
dist: 2.861612388952794 vs. 2.861612388952794
list:
dist: 2.6931214660563563 vs. 2.6931214660563563
list:
dist: 1.4572714636248434 vs. 1.4572714636248434
list:
dist: 2.010203925742423 vs. 2.010203925742423
list:
dist: 3.1061811753824187 vs. 3.1061811753824187
list:
dist: 1.2201666054687168 vs. 1.2201666054687168
list:
dist: 3.899930879945118 vs. 3.899930879945118
list:
dist: 3.366834960947304 vs. 3.366834960947304
list:
dist: 2.2777080376989876 vs. 2.2777080376989876
list:
dist: 2.293212433663243 vs. 2.293212433663243
list:
dist: 0.9906884725987445 vs. 0.9906884725987445
list:
dist: 1.5341990292066015 vs. 1.5341990292066015
list:
dist: 2.2963551773334685 vs. 2.2963551773334685
list:
dist: 1.5193694153835384 vs. 1.5193694153835384
list:
dist: 1.1344074744895782 vs. 1.1344074744895782
list:
dist: 1.3314072294897952 vs. 1.3314072294897952
list:
dist: 1.938560121395054 vs. 1.938560121395054
list:
dist: 1.090847811789739 vs. 1.090847811789739
list:
dist: 1.25731768469732 vs. 1.25731768469732
list:
dist: 0.8608740110189521 vs. 0.8608740110189521
list:
dist: 0.9293574968985109 vs. 0.9293574968985109
list:
dist: 0.7209353377882088 vs. 0.7209353377882088
list:
dist: 0.8299100337311865 vs. 0.8299100337311865
list:
dist: 1.265531303917844 vs. 1.265531303917844
list:
dist: 1.7178087463326295 vs. 1.7178087463326295
list:
dist: 1.4679231825069932 vs. 1.4679231825069932
list:
dist: 2.263845025652927 vs. 2.263845025652927
list:
dist: 1.9243173393592465 vs. 1.9243173393592465
list:
dist: 1.8758091115019577 vs. 1.8758091115019577
list:
dist: 1.4736321482575787 vs. 1.4736321482575787
list:
dist: 1.6856852462325937 vs. 1.6856852462325937
list:
dist: 1.4213477515556867 vs. 1.4213477515556867
list:
dist: 1.011224061475181 vs. 1.011224061475181
list:
dist: 0.8300256845432136 vs. 0.8300256845432136
list:
dist: 2.008475040392702 vs. 2.008475040392702
list:
dist: 1.7979096673480137 vs. 1.7979096673480137
list:
dist: 2.579067537658304 vs. 2.579067537658304
list:
dist: 1.8565245634718721 vs. 1.8565245634718721
list:
dist: 1.6750418631622597 vs. 1.6750418631622597
list:
dist: 1.9597558233589951 vs. 1.9597558233589951
list:
dist: 1.0384720318138774 vs. 1.0384720318138774
list:
dist: 1.56020436383316 vs. 1.56020436383316
list:
dist: 1.9845569076891225 vs. 1.9845569076891225
list:
dist: 2.9014627543241467 vs. 2.9014627543241467
list:
dist: 2.4337687640086307 vs. 2.4337687640086307
list:
dist: 2.3924478780309237 vs. 2.3924478780309237
list:
dist: 1.6604835561062437 vs. 1.6604835561062437
list:
dist: 2.9361546623370014 vs. 2.9361546623370014
list:
dist: 2.481079683398893 vs. 2.481079683398893
list:
dist: 2.533899631125439 vs. 2.533899631125439
list:
dist: 1.5940529380074773 vs. 1.5940529380074773
list:
dist: 2.2005313315843726 vs. 2.2005313315843726
list:
dist: 1.9476022535447834 vs. 1.9476022535447834
list:
dist: 1.722858865633342 vs. 1.722858865633342
list:
dist: 2.5488650679766383 vs. 2.5488650679766383
list:
dist: 2.3078236918096415 vs. 2.3078236918096415
list:
dist: 0.9764908652564582 vs. 0.9764908652564582
list:
dist: 1.5445663081791212 vs. 1.5445663081791212
list:
dist: 2.5704952958934673 vs. 2.5704952958934673
list:
dist: 0.9403277957590925 vs. 0.9403277957590925
list:
dist: 3.7234793560152535 vs. 3.7234793560152535
list:
dist: 3.3060438242860375 vs. 3.3060438242860375
list:
dist: 1.9089602652037663 vs. 1.9089602652037663
list:
dist: 2.2282460795973273 vs. 2.2282460795973273
list:
dist: 0.8189184818181859 vs. 0.8189184818181859
list:
dist: 1.2487458233123205 vs. 1.2487458233123205
list:
dist: 1.8855457905560926 vs. 1.8855457905560926
list:
dist: 1.7811308802405552 vs. 1.7811308802405552
list:
dist: 1.3953261260593388 vs. 1.3953261260593388
list:
dist: 1.6482873805577238 vs. 1.6482873805577238
list:
dist: 1.7663036348723034 vs. 1.7663036348723034
list:
dist: 1.6144916352707555 vs. 1.6144916352707555
list:
dist: 1.7034863480005145 vs. 1.7034863480005145
list:
dist: 1.155943251614373 vs. 1.155943251614373
list:
dist: 0.9345661556835745 vs. 0.9345661556835745
list:
dist: 0.15049964411890862 vs. 0.15049964411890862
list:
dist: 0.7209353377882088 vs. 0.7209353377882088
list:
dist: 0.8652343762196313 vs. 0.8652343762196313
list:
dist: 1.2979919669123925 vs. 1.2979919669123925
list:
dist: 2.065161078419119 vs. 2.065161078419119
list:
dist: 2.2856137120714437 vs. 2.2856137120714437
list:
dist: 2.2741784960725284 vs. 2.2741784960725284
list:
dist: 1.69205304538688 vs. 1.69205304538688
list:
dist: 1.8714609942802862 vs. 1.8714609942802862
list:
dist: 2.038227380794484 vs. 2.038227380794484
list:
dist: 1.7384966108062905 vs. 1.7384966108062905
list:
dist: 1.1201191581567513 vs. 1.1201191581567513
list:
dist: 1.2703916472543815 vs. 1.2703916472543815
list:
dist: 2.410427675072967 vs. 2.410427675072967
list:
dist: 2.1631562429967284 vs. 2.1631562429967284
list:
dist: 3.0121693378379635 vs. 3.0121693378379635
list:
dist: 2.4636563945217893 vs. 2.4636563945217893
list:
dist: 2.1525251970348585 vs. 2.1525251970348585
list:
dist: 2.851888246342484 vs. 2.851888246342484
list:
dist: 1.8045403032516945 vs. 1.8045403032516945
list:
dist: 2.067250779933994 vs. 2.067250779933994
list:
dist: 1.8960058124890158 vs. 1.8960058124890158
list:
dist: 2.2572994006742713 vs. 2.2572994006742713
list:
dist: 2.2022138224995933 vs. 2.2022138224995933
list:
dist: 1.9333919322743613 vs. 1.9333919322743613
list:
dist: 1.1440681121130085 vs. 1.1440681121130085
list:
dist: 1.2948910476083204 vs. 1.2948910476083204
list:
dist: 1.8835403066349783 vs. 1.8835403066349783
list:
dist: 0.9312976374601134 vs. 0.9312976374601134
list:
dist: 1.791233664816499 vs. 1.791233664816499
list:
dist: 1.9503253494051678 vs. 1.9503253494051678
list:
dist: 1.5584370745202183 vs. 1.5584370745202183
list:
dist: 2.087318269441472 vs. 2.087318269441472
list:
dist: 2.2282460795973273 vs. 2.2282460795973273
list:
dist: 2.3006457013008954 vs. 2.3006457013008954
list:
dist: 2.293212433663243 vs. 2.293212433663243
list:
dist: 1.7818849508714367 vs. 1.7818849508714367
list:
dist: 1.2359090061691922 vs. 1.2359090061691922
list:
dist: 2.5071318815526666 vs. 2.5071318815526666
list:
dist: 1.6598009174474682 vs. 1.6598009174474682
list:
dist: 2.316399394179375 vs. 2.316399394179375
list:
dist: 1.7167773534106625 vs. 1.7167773534106625
list:
dist: 2.2108796451635633 vs. 2.2108796451635633
list:
dist: 1.5544734269523568 vs. 1.5544734269523568
list:
dist: 1.3699060671247922 vs. 1.3699060671247922
list:
dist: 2.6665041454128793 vs. 2.6665041454128793
list:
dist: 0.8953005519971131 vs. 0.8953005519971131
list:
dist: 1.601133762438452 vs. 1.601133762438452
list:
dist: 0.782159467981475 vs. 0.782159467981475
list:
dist: 1.0623815639953609 vs. 1.0623815639953609
list:
dist: 2.1774779158057633 vs. 2.1774779158057633
list:
dist: 3.266050546528914 vs. 3.266050546528914
list:
dist: 3.0795125184615686 vs. 3.0795125184615686
list:
dist: 3.2153284942806026 vs. 3.2153284942806026
list:
dist: 2.43869230573793 vs. 2.43869230573793
list:
dist: 3.57312099071147 vs. 3.57312099071147
list:
dist: 3.2200572657147397 vs. 3.2200572657147397
list:
dist: 3.060232861579848 vs. 3.060232861579848
list:
dist: 2.2134137672600263 vs. 2.2134137672600263
list:
dist: 2.5756554908570104 vs. 2.5756554908570104
list:
dist: 2.710002911917451 vs. 2.710002911917451
list:
dist: 2.13735953405524 vs. 2.13735953405524
list:
dist: 3.228922730994501 vs. 3.228922730994501
list:
dist: 2.9117819833269105 vs. 2.9117819833269105
list:
dist: 1.6548301635270926 vs. 1.6548301635270926
list:
dist: 2.060809137935948 vs. 2.060809137935948
list:
dist: 3.016760106794857 vs. 3.016760106794857
list:
dist: 1.756857143363442 vs. 1.756857143363442
list:
dist: 4.391128955913602 vs. 4.391128955913602
list:
dist: 3.9584720093213828 vs. 3.9584720093213828
list:
dist: 1.0554628533527872 vs. 1.0554628533527872
list:
dist: 1.7818849508714367 vs. 1.7818849508714367
list:
dist: 0.6407646205008092 vs. 0.6407646205008092
list:
dist: 0.6130221861163747 vs. 0.6130221861163747
list:
dist: 1.0490357116589035 vs. 1.0490357116589035
list:
dist: 1.5080848545752685 vs. 1.5080848545752685
list:
dist: 1.2562910188698075 vs. 1.2562910188698075
list:
dist: 2.01978585899896 vs. 2.01978585899896
list:
dist: 1.648533280616477 vs. 1.648533280616477
list:
dist: 1.7569588062866357 vs. 1.7569588062866357
list:
dist: 2.045515930040932 vs. 2.045515930040932
list:
dist: 1.0799744897652865 vs. 1.0799744897652865
list:
dist: 1.5429172595651368 vs. 1.5429172595651368
list:
dist: 0.8652343762196313 vs. 0.8652343762196313
list:
dist: 0.8289034412751511 vs. 0.8289034412751511
list:
dist: 1.265531303917844 vs. 1.265531303917844
list:
dist: 0.9323895985475892 vs. 0.9323895985475892
list:
dist: 2.487234605158049 vs. 2.487234605158049
list:
dist: 2.4605035635729884 vs. 2.4605035635729884
list:
dist: 2.685723692801768 vs. 2.685723692801768
list:
dist: 1.9451569219469902 vs. 1.9451569219469902
list:
dist: 2.318840639950606 vs. 2.318840639950606
list:
dist: 2.8497329599243493 vs. 2.8497329599243493
list:
dist: 2.502599416147487 vs. 2.502599416147487
list:
dist: 1.8813184444765358 vs. 1.8813184444765358
list:
dist: 1.692155309790302 vs. 1.692155309790302
list:
dist: 2.382073850125037 vs. 2.382073850125037
list:
dist: 1.938554376540676 vs. 1.938554376540676
list:
dist: 3.3350050650066705 vs. 3.3350050650066705
list:
dist: 3.0162979612710528 vs. 3.0162979612710528
list:
dist: 1.8646011932996565 vs. 1.8646011932996565
list:
dist: 2.6658413647740065 vs. 2.6658413647740065
list:
dist: 1.5766269592495126 vs. 1.5766269592495126
list:
dist: 2.046532001312947 vs. 2.046532001312947
list:
dist: 3.058989252114447 vs. 3.058989252114447
list:
dist: 4.019937979263344 vs. 4.019937979263344
list:
dist: 3.3669421252575558 vs. 3.3669421252575558
list:
dist: 3.3259290825171237 vs. 3.3259290825171237
list:
dist: 2.7084833538764173 vs. 2.7084833538764173
list:
dist: 4.065072824764409 vs. 4.065072824764409
list:
dist: 3.5520578240665275 vs. 3.5520578240665275
list:
dist: 3.6657999759421958 vs. 3.6657999759421958
list:
dist: 2.7392102978040422 vs. 2.7392102978040422
list:
dist: 3.318809249649422 vs. 3.318809249649422
list:
dist: 2.9211358941537733 vs. 2.9211358941537733
list:
dist: 2.866574954872443 vs. 2.866574954872443
list:
dist: 3.638855741285612 vs. 3.638855741285612
list:
dist: 3.4250133370288296 vs. 3.4250133370288296
list:
dist: 2.1149581137230173 vs. 2.1149581137230173
list:
dist: 2.658888234079688 vs. 2.658888234079688
list:
dist: 3.7214813564094285 vs. 3.7214813564094285
list:
dist: 1.8527581970510127 vs. 1.8527581970510127
list:
dist: 4.347573166782268 vs. 4.347573166782268
list:
dist: 3.7377483219793666 vs. 3.7377483219793666
list:
dist: 1.8565108699588815 vs. 1.8565108699588815
list:
dist: 1.5584370745202183 vs. 1.5584370745202183
list:
dist: 1.0834930524153 vs. 1.0834930524153
list:
dist: 1.3880337435493082 vs. 1.3880337435493082
list:
dist: 1.9110092804662662 vs. 1.9110092804662662
list:
dist: 0.679206250486235 vs. 0.679206250486235
list:
dist: 0.3277257867618573 vs. 0.3277257867618573
list:
dist: 1.265776841869735 vs. 1.265776841869735
list:
dist: 1.5112969252904236 vs. 1.5112969252904236
list:
dist: 0.697681308104683 vs. 0.697681308104683
list:
dist: 1.153292479237649 vs. 1.153292479237649
list:
dist: 1.2526150768888735 vs. 1.2526150768888735
list:
dist: 1.155943251614373 vs. 1.155943251614373
list:
dist: 1.2517048601162417 vs. 1.2517048601162417
list:
dist: 0.8608740110189521 vs. 0.8608740110189521
list:
dist: 1.0799744897652865 vs. 1.0799744897652865
list:
dist: 1.382848938601159 vs. 1.382848938601159
list:
dist: 1.53015947556335 vs. 1.53015947556335
list:
dist: 2.0083994811880546 vs. 2.0083994811880546
list:
dist: 1.8961720083795246 vs. 1.8961720083795246
list:
dist: 1.7957574627999995 vs. 1.7957574627999995
list:
dist: 1.5188453100314347 vs. 1.5188453100314347
list:
dist: 2.47283721295146 vs. 2.47283721295146
list:
dist: 2.2579273698774047 vs. 2.2579273698774047
list:
dist: 1.8587464054795402 vs. 1.8587464054795402
list:
dist: 1.4304420140609106 vs. 1.4304420140609106
list:
dist: 1.4151784395511469 vs. 1.4151784395511469
list:
dist: 1.0231061003510669 vs. 1.0231061003510669
list:
dist: 2.4201474407995622 vs. 2.4201474407995622
list:
dist: 2.128690876000642 vs. 2.128690876000642
list:
dist: 0.4326123386066481 vs. 0.4326123386066481
list:
dist: 1.5281332307331112 vs. 1.5281332307331112
list:
dist: 1.3737014436452113 vs. 1.3737014436452113
list:
dist: 1.099884910375466 vs. 1.099884910375466
list:
dist: 1.8960058124890158 vs. 1.8960058124890158
list:
dist: 1.4646239913887447 vs. 1.4646239913887447
list:
dist: 0.9561783398792063 vs. 0.9561783398792063
list:
dist: 0.14506139220405595 vs. 0.14506139220405595
list:
dist: 1.9755920228382158 vs. 1.9755920228382158
list:
dist: 1.926756010608042 vs. 1.926756010608042
list:
dist: 2.8913199955602313 vs. 2.8913199955602313
list:
dist: 2.144783574563904 vs. 2.144783574563904
list:
dist: 2.5319079510972218 vs. 2.5319079510972218
list:
dist: 2.9080375415925386 vs. 2.9080375415925386
list:
dist: 1.8565108699588815 vs. 1.8565108699588815
list:
dist: 2.5375922494498058 vs. 2.5375922494498058
list:
dist: 1.9089602652037663 vs. 1.9089602652037663
list:
dist: 1.8500087171072872 vs. 1.8500087171072872
list:
dist: 2.2777080376989876 vs. 2.2777080376989876
list:
dist: 1.0554628533527872 vs. 1.0554628533527872
list:
dist: 1.3974653739722227 vs. 1.3974653739722227
list:
dist: 3.373756537269129 vs. 3.373756537269129
list:
dist: 2.927685366991878 vs. 2.927685366991878
list:
dist: 2.358797845162745 vs. 2.358797845162745
list:
dist: 2.2367440110454355 vs. 2.2367440110454355
list:
dist: 2.5988992501056756 vs. 2.5988992501056756
list:
dist: 1.381056556460676 vs. 1.381056556460676
list:
dist: 1.8387181572237685 vs. 1.8387181572237685
list:
dist: 3.251517607295465 vs. 3.251517607295465
list:
dist: 4.319340361709188 vs. 4.319340361709188
list:
dist: 4.119987044657259 vs. 4.119987044657259
list:
dist: 3.464655277766299 vs. 3.464655277766299
list:
dist: 2.8881811693642296 vs. 2.8881811693642296
list:
dist: 4.170835461470725 vs. 4.170835461470725
list:
dist: 3.697796783790323 vs. 3.697796783790323
list:
dist: 3.5330010648433534 vs. 3.5330010648433534
list:
dist: 3.0330045852191283 vs. 3.0330045852191283
list:
dist: 3.17102924918026 vs. 3.17102924918026
list:
dist: 3.509385858487172 vs. 3.509385858487172
list:
dist: 3.0300744140286646 vs. 3.0300744140286646
list:
dist: 4.0044878281305705 vs. 4.0044878281305705
list:
dist: 3.8071589610434877 vs. 3.8071589610434877
list:
dist: 2.5358052551948314 vs. 2.5358052551948314
list:
dist: 3.1295673714316226 vs. 3.1295673714316226
list:
dist: 3.8821805308233683 vs. 3.8821805308233683
list:
dist: 2.0464493320546193 vs. 2.0464493320546193
list:
dist: 3.700524253175391 vs. 3.700524253175391
list:
dist: 3.1155529315909414 vs. 3.1155529315909414
list:
dist: 2.144783574563904 vs. 2.144783574563904
list:
dist: 0.9312976374601134 vs. 0.9312976374601134
list:
dist: 2.128892071298813 vs. 2.128892071298813
list:
dist: 2.227454794720092 vs. 2.227454794720092
list:
dist: 2.131296002300338 vs. 2.131296002300338
list:
dist: 1.443088833037724 vs. 1.443088833037724
list:
dist: 1.3255809986501563 vs. 1.3255809986501563
list:
dist: 1.3737779003323634 vs. 1.3737779003323634
list:
dist: 1.697808701111729 vs. 1.697808701111729
list:
dist: 1.5823038224399848 vs. 1.5823038224399848
list:
dist: 1.5112969252904236 vs. 1.5112969252904236
list:
dist: 1.4019151939121919 vs. 1.4019151939121919
list:
dist: 1.7663036348723034 vs. 1.7663036348723034
list:
dist: 1.8578274227845544 vs. 1.8578274227845544
list:
dist: 1.938560121395054 vs. 1.938560121395054
list:
dist: 1.648533280616477 vs. 1.648533280616477
list:
dist: 0.8739028317420948 vs. 0.8739028317420948
list:
dist: 2.2024656644780687 vs. 2.2024656644780687
list:
dist: 0.9954090755098944 vs. 0.9954090755098944
list:
dist: 1.8102258568563907 vs. 1.8102258568563907
list:
dist: 0.7982879409453179 vs. 0.7982879409453179
list:
dist: 1.7129841520273992 vs. 1.7129841520273992
list:
dist: 3.2130066438659015 vs. 3.2130066438659015
list:
dist: 3.1850492901348084 vs. 3.1850492901348084
list:
dist: 2.7403376546597125 vs. 2.7403376546597125
list:
dist: 2.7347346771919026 vs. 2.7347346771919026
list:
dist: 1.7052615408919243 vs. 1.7052615408919243
list:
dist: 1.7478128113633156 vs. 1.7478128113633156
list:
dist: 2.3682464757509694 vs. 2.3682464757509694
list:
dist: 2.78602897597786 vs. 2.78602897597786
list:
dist: 1.99674370080664 vs. 1.99674370080664
list:
dist: 2.8071886080464634 vs. 2.8071886080464634
list:
dist: 1.66233615058558 vs. 1.66233615058558
list:
dist: 2.130129710140513 vs. 2.130129710140513
list:
dist: 3.288878844511733 vs. 3.288878844511733
list:
dist: 4.280062872382974 vs. 4.280062872382974
list:
dist: 3.6649727721603798 vs. 3.6649727721603798
list:
dist: 3.5105420900828284 vs. 3.5105420900828284
list:
dist: 2.912489655259984 vs. 2.912489655259984
list:
dist: 4.287808637373254 vs. 4.287808637373254
list:
dist: 3.7646029738076763 vs. 3.7646029738076763
list:
dist: 3.8512584137139902 vs. 3.8512584137139902
list:
dist: 2.9803304209573374 vs. 2.9803304209573374
list:
dist: 3.5003912388360177 vs. 3.5003912388360177
list:
dist: 3.188316901301959 vs. 3.188316901301959
list:
dist: 3.0931772893111913 vs. 3.0931772893111913
list:
dist: 3.8936259157214486 vs. 3.8936259157214486
list:
dist: 3.6868846794364187 vs. 3.6868846794364187
list:
dist: 2.362555505422331 vs. 2.362555505422331
list:
dist: 2.927879674107594 vs. 2.927879674107594
list:
dist: 3.9588789187213065 vs. 3.9588789187213065
list:
dist: 2.0254689047933323 vs. 2.0254689047933323
list:
dist: 4.364071862125329 vs. 4.364071862125329
list:
dist: 3.719244730143299 vs. 3.719244730143299
list:
dist: 1.926756010608042 vs. 1.926756010608042
list:
dist: 1.2948910476083204 vs. 1.2948910476083204
list:
dist: 1.374235679377574 vs. 1.374235679377574
list:
dist: 1.6088266011169636 vs. 1.6088266011169636
list:
dist: 1.9848196711737953 vs. 1.9848196711737953
list:
dist: 0.4073884180988457 vs. 0.4073884180988457
list:
dist: 1.1728366998618633 vs. 1.1728366998618633
list:
dist: 1.3255809986501563 vs. 1.3255809986501563
list:
dist: 0.63925507465654 vs. 0.63925507465654
list:
dist: 1.0714151753760845 vs. 1.0714151753760845
list:
dist: 0.3277257867618573 vs. 0.3277257867618573
list:
dist: 1.3322038722938274 vs. 1.3322038722938274
list:
dist: 1.3953261260593388 vs. 1.3953261260593388
list:
dist: 1.498445557952088 vs. 1.498445557952088
list:
dist: 1.1344074744895782 vs. 1.1344074744895782
list:
dist: 1.2562910188698075 vs. 1.2562910188698075
list:
dist: 1.3543968963081716 vs. 1.3543968963081716
list:
dist: 1.5090476143096663 vs. 1.5090476143096663
list:
dist: 1.8043739488011956 vs. 1.8043739488011956
list:
dist: 1.7714583219004232 vs. 1.7714583219004232
list:
dist: 1.6965982007349554 vs. 1.6965982007349554
list:
dist: 1.4493020520700066 vs. 1.4493020520700066
list:
dist: 2.6758508774231506 vs. 2.6758508774231506
list:
dist: 2.5168627484182315 vs. 2.5168627484182315
list:
dist: 2.142166888951596 vs. 2.142166888951596
list:
dist: 1.742365856660346 vs. 1.742365856660346
list:
dist: 1.1437589107558035 vs. 1.1437589107558035
list:
dist: 0.7766477353103269 vs. 0.7766477353103269
list:
dist: 2.2431231057045915 vs. 2.2431231057045915
list:
dist: 2.153446179299143 vs. 2.153446179299143
list:
dist: 2.927685366991878 vs. 2.927685366991878
list:
dist: 1.5544734269523568 vs. 1.5544734269523568
list:
dist: 2.4982832209084487 vs. 2.4982832209084487
list:
dist: 2.7385402634675176 vs. 2.7385402634675176
list:
dist: 2.994917442706887 vs. 2.994917442706887
list:
dist: 0.9859351437561986 vs. 0.9859351437561986
list:
dist: 1.1437589107558035 vs. 1.1437589107558035
list:
dist: 1.2275356578175431 vs. 1.2275356578175431
list:
dist: 1.7052615408919243 vs. 1.7052615408919243
list:
dist: 0.9511209018121658 vs. 0.9511209018121658
list:
dist: 1.067098745276285 vs. 1.067098745276285
list:
dist: 1.4151784395511469 vs. 1.4151784395511469
list:
dist: 1.9514657014320946 vs. 1.9514657014320946
list:
dist: 2.410427675072967 vs. 2.410427675072967
list:
dist: 2.5386861947691894 vs. 2.5386861947691894
list:
dist: 2.008475040392702 vs. 2.008475040392702
list:
dist: 2.382073850125037 vs. 2.382073850125037
list:
dist: 2.212041022444077 vs. 2.212041022444077
list:
dist: 1.3251017003648642 vs. 1.3251017003648642
list:
dist: 1.6371867351389893 vs. 1.6371867351389893
list:
dist: 1.4015692140690847 vs. 1.4015692140690847
list:
dist: 2.0202748988045487 vs. 2.0202748988045487
list:
dist: 1.3430503794567674 vs. 1.3430503794567674
list:
dist: 3.1095949805685503 vs. 3.1095949805685503
list:
dist: 3.14424754261017 vs. 3.14424754261017
list:
dist: 2.9655934957994914 vs. 2.9655934957994914
list:
dist: 2.580832022728036 vs. 2.580832022728036
list:
dist: 0.7364576940690726 vs. 0.7364576940690726
list:
dist: 1.4383489244032288 vs. 1.4383489244032288
list:
dist: 1.9495669583567095 vs. 1.9495669583567095
list:
dist: 2.8803964952983283 vs. 2.8803964952983283
list:
dist: 3.3403064910420865 vs. 3.3403064910420865
list:
dist: 2.0732970839787876 vs. 2.0732970839787876
list:
dist: 2.6918494395276706 vs. 2.6918494395276706
list:
dist: 3.526262954793657 vs. 3.526262954793657
list:
dist: 4.369586758952807 vs. 4.369586758952807
list:
dist: 3.6031430435752325 vs. 3.6031430435752325
list:
dist: 2.916511659818821 vs. 2.916511659818821
list:
dist: 2.541308865401252 vs. 2.541308865401252
list:
dist: 3.9892520004174994 vs. 3.9892520004174994
list:
dist: 3.3579252399200765 vs. 3.3579252399200765
list:
dist: 3.6127283021432364 vs. 3.6127283021432364
list:
dist: 2.898262863111629 vs. 2.898262863111629
list:
dist: 3.4404526950583225 vs. 3.4404526950583225
list:
dist: 2.965830599507302 vs. 2.965830599507302
list:
dist: 3.150882064580792 vs. 3.150882064580792
list:
dist: 3.665293491466767 vs. 3.665293491466767
list:
dist: 3.583271480703453 vs. 3.583271480703453
list:
dist: 2.3653257396828 vs. 2.3653257396828
list:
dist: 3.0190920534724666 vs. 3.0190920534724666
list:
dist: 3.93130697776366 vs. 3.93130697776366
list:
dist: 1.6672636886907817 vs. 1.6672636886907817
list:
dist: 3.4003817638436447 vs. 3.4003817638436447
list:
dist: 2.666218979407135 vs. 2.666218979407135
list:
dist: 2.8913199955602313 vs. 2.8913199955602313
list:
dist: 1.8835403066349783 vs. 1.8835403066349783
list:
dist: 2.111297268410567 vs. 2.111297268410567
list:
dist: 2.5049116613160995 vs. 2.5049116613160995
list:
dist: 2.90855440553703 vs. 2.90855440553703
list:
dist: 1.421619867801386 vs. 1.421619867801386
list:
dist: 1.1728366998618633 vs. 1.1728366998618633
list:
dist: 1.3737779003323634 vs. 1.3737779003323634
list:
dist: 0.906949899718052 vs. 0.906949899718052
list:
dist: 0.3333883108035811 vs. 0.3333883108035811
list:
dist: 1.265776841869735 vs. 1.265776841869735
list:
dist: 0.8678308850067574 vs. 0.8678308850067574
list:
dist: 1.6482873805577238 vs. 1.6482873805577238
list:
dist: 1.7976453643504877 vs. 1.7976453643504877
list:
dist: 1.3314072294897952 vs. 1.3314072294897952
list:
dist: 2.01978585899896 vs. 2.01978585899896
list:
dist: 1.814926225251671 vs. 1.814926225251671
list:
dist: 0.8870024865773027 vs. 0.8870024865773027
list:
dist: 1.1258461378415259 vs. 1.1258461378415259
list:
dist: 0.6681993916394874 vs. 0.6681993916394874
list:
dist: 1.176501754865472 vs. 1.176501754865472
list:
dist: 0.3561507397121532 vs. 0.3561507397121532
list:
dist: 2.1446286788164537 vs. 2.1446286788164537
list:
dist: 2.269794339660359 vs. 2.269794339660359
list:
dist: 2.0914937997418286 vs. 2.0914937997418286
list:
dist: 2.077257202401436 vs. 2.077257202401436
list:
dist: 1.2275356578175431 vs. 1.2275356578175431
list:
dist: 1.5445229141680354 vs. 1.5445229141680354
list:
dist: 1.3765208655075296 vs. 1.3765208655075296
list:
dist: 1.415599448255273 vs. 1.415599448255273
list:
dist: 2.6665041454128793 vs. 2.6665041454128793
list:
dist: 2.2867042838954883 vs. 2.2867042838954883
list:
dist: 2.2431231057045915 vs. 2.2431231057045915
list:
dist: 1.3765208655075296 vs. 1.3765208655075296
list:
dist: 2.3682464757509694 vs. 2.3682464757509694
list:
dist: 1.8031900092981916 vs. 1.8031900092981916
list:
dist: 1.344422849425773 vs. 1.344422849425773
list:
dist: 2.4201474407995622 vs. 2.4201474407995622
list:
dist: 2.200074443951922 vs. 2.200074443951922
list:
dist: 3.0121693378379635 vs. 3.0121693378379635
list:
dist: 3.1622334482337955 vs. 3.1622334482337955
list:
dist: 2.579067537658304 vs. 2.579067537658304
list:
dist: 3.3350050650066705 vs. 3.3350050650066705
list:
dist: 3.049592131338662 vs. 3.049592131338662
list:
dist: 1.2761692975762713 vs. 1.2761692975762713
list:
dist: 1.6361719875544845 vs. 1.6361719875544845
list:
dist: 0.8140770999533745 vs. 0.8140770999533745
list:
dist: 2.1985843827450546 vs. 2.1985843827450546
list:
dist: 1.166599745692919 vs. 1.166599745692919
list:
dist: 2.8910508608335603 vs. 2.8910508608335603
list:
dist: 3.206013067374813 vs. 3.206013067374813
list:
dist: 3.253560990480716 vs. 3.253560990480716
list:
dist: 3.16758298730025 vs. 3.16758298730025
list:
dist: 3.5689744356357442 vs. 3.5689744356357442
list:
dist: 1.4383489244032288 vs. 1.4383489244032288
list:
dist: 2.1345116256189023 vs. 2.1345116256189023
list:
dist: 1.4615749876341055 vs. 1.4615749876341055
list:
dist: 3.3514797068335147 vs. 3.3514797068335147
list:
dist: 3.942860795727013 vs. 3.942860795727013
list:
dist: 2.7457358381769534 vs. 2.7457358381769534
list:
dist: 3.3470153841616654 vs. 3.3470153841616654
list:
dist: 3.9878139368052707 vs. 3.9878139368052707
list:
dist: 4.7106010732712065 vs. 4.7106010732712065
list:
dist: 3.614132689689674 vs. 3.614132689689674
list:
dist: 3.144953391090868 vs. 3.144953391090868
list:
dist: 2.8819105298846948 vs. 2.8819105298846948
list:
dist: 4.3211680344207 vs. 4.3211680344207
list:
dist: 3.6487256044556946 vs. 3.6487256044556946
list:
dist: 4.107549984339164 vs. 4.107549984339164
list:
dist: 3.255117318201063 vs. 3.255117318201063
list:
dist: 3.9945641635660296 vs. 3.9945641635660296
list:
dist: 3.059753696933769 vs. 3.059753696933769
list:
dist: 3.6022200267830833 vs. 3.6022200267830833
list:
dist: 3.8775992894882054 vs. 3.8775992894882054
list:
dist: 3.8407879765845863 vs. 3.8407879765845863
list:
dist: 2.720561623407192 vs. 2.720561623407192
list:
dist: 3.3244223114011864 vs. 3.3244223114011864
list:
dist: 4.327601568568594 vs. 4.327601568568594
list:
dist: 2.106357520508514 vs. 2.106357520508514
list:
dist: 3.859937945449575 vs. 3.859937945449575
list:
dist: 3.0986809241224353 vs. 3.0986809241224353
list:
dist: 3.373756537269129 vs. 3.373756537269129
list:
dist: 2.5071318815526666 vs. 2.5071318815526666
list:
dist: 2.3619335130538195 vs. 2.3619335130538195
list:
dist: 2.8276407192974364 vs. 2.8276407192974364
list:
dist: 3.4163607117506642 vs. 3.4163607117506642
list:
dist: 1.6936036673582664 vs. 1.6936036673582664
list:
dist: 1.5090476143096663 vs. 1.5090476143096663
list:
dist: 0.8870024865773027 vs. 0.8870024865773027
list:
dist: 2.2024656644780687 vs. 2.2024656644780687
list:
dist: 0.9041337107382758 vs. 0.9041337107382758
list:
dist: 0.6206613758975382 vs. 0.6206613758975382
list:
dist: 1.53015947556335 vs. 1.53015947556335
list:
dist: 1.4741914887751173 vs. 1.4741914887751173
list:
dist: 2.065161078419119 vs. 2.065161078419119
list:
dist: 2.2075025635726497 vs. 2.2075025635726497
list:
dist: 1.4679231825069932 vs. 1.4679231825069932
list:
dist: 2.487234605158049 vs. 2.487234605158049
list:
dist: 2.543844309499359 vs. 2.543844309499359
list:
dist: 1.9224531543636418 vs. 1.9224531543636418
list:
dist: 0.950255463072063 vs. 0.950255463072063
list:
dist: 2.0557318501312234 vs. 2.0557318501312234
list:
dist: 0.669473065712224 vs. 0.669473065712224
list:
dist: 1.8935802626896567 vs. 1.8935802626896567
list:
dist: 2.062329408670984 vs. 2.062329408670984
list:
dist: 2.116304227390005 vs. 2.116304227390005
list:
dist: 1.922328780395067 vs. 1.922328780395067
list:
dist: 1.3251017003648642 vs. 1.3251017003648642
list:
dist: 1.6429069334455977 vs. 1.6429069334455977
list:
dist: 1.2761692975762713 vs. 1.2761692975762713
list:
dist: 0.6738615564853524 vs. 0.6738615564853524
list:
dist: 2.6853083011493504 vs. 2.6853083011493504
list:
dist: 3.3066687433157997 vs. 3.3066687433157997
list:
dist: 3.4416823851891807 vs. 3.4416823851891807
list:
dist: 3.6049940951564396 vs. 3.6049940951564396
list:
dist: 3.07399462797949 vs. 3.07399462797949
list:
dist: 3.110483866382633 vs. 3.110483866382633
list:
dist: 2.896992307614959 vs. 2.896992307614959
list:
dist: 4.321981979638891 vs. 4.321981979638891
list:
dist: 3.6511349510231295 vs. 3.6511349510231295
list:
dist: 3.989991916353946 vs. 3.989991916353946
list:
dist: 3.3658904074172424 vs. 3.3658904074172424
list:
dist: 3.898708209887217 vs. 3.898708209887217
list:
dist: 3.3392392287737187 vs. 3.3392392287737187
list:
dist: 3.664318129394317 vs. 3.664318129394317
list:
dist: 4.030042978989172 vs. 4.030042978989172
list:
dist: 4.010634885986743 vs. 4.010634885986743
list:
dist: 2.8867991775506194 vs. 2.8867991775506194
list:
dist: 3.5399648222449462 vs. 3.5399648222449462
list:
dist: 4.390571224544886 vs. 4.390571224544886
list:
dist: 2.1092752693450274 vs. 2.1092752693450274
list:
dist: 3.2511100024962056 vs. 3.2511100024962056
list:
dist: 2.4275406278225584 vs. 2.4275406278225584
list:
dist: 2.7374514665509335 vs. 2.7374514665509335
list:
dist: 3.215992357339184 vs. 3.215992357339184
list:
dist: 3.400210539075227 vs. 3.400210539075227
list:
dist: 2.316399394179375 vs. 2.316399394179375
list:
dist: 1.9417361498052677 vs. 1.9417361498052677
list:
dist: 1.7714583219004232 vs. 1.7714583219004232
list:
dist: 0.6681993916394874 vs. 0.6681993916394874
list:
dist: 1.8102258568563907 vs. 1.8102258568563907
list:
dist: 1.3964823079848367 vs. 1.3964823079848367
list:
dist: 0.7741025754506746 vs. 0.7741025754506746
list:
dist: 1.8961720083795246 vs. 1.8961720083795246
list:
dist: 1.4103568338951968 vs. 1.4103568338951968
list:
dist: 2.2741784960725284 vs. 2.2741784960725284
list:
dist: 2.4241133493279112 vs. 2.4241133493279112
list:
dist: 1.9243173393592465 vs. 1.9243173393592465
list:
dist: 2.685723692801768 vs. 2.685723692801768
list:
dist: 2.4040990143381444 vs. 2.4040990143381444
list:
dist: 0.950255463072063 vs. 0.950255463072063
list:
dist: 1.1602820765078554 vs. 1.1602820765078554
list:
dist: 1.4990054229037288 vs. 1.4990054229037288
list:
dist: 0.45718526113091246 vs. 0.45718526113091246
list:
dist: 2.318452288587792 vs. 2.318452288587792
list:
dist: 2.5966760917682494 vs. 2.5966760917682494
list:
dist: 2.5599014123850594 vs. 2.5599014123850594
list:
dist: 2.5999946105629457 vs. 2.5999946105629457
list:
dist: 3.3594924623543725 vs. 3.3594924623543725
list:
dist: 1.4015692140690847 vs. 1.4015692140690847
list:
dist: 1.947654208944193 vs. 1.947654208944193
list:
dist: 0.8140770999533745 vs. 0.8140770999533745
list:
dist: 1.2647817729465007 vs. 1.2647817729465007
list:
dist: 2.357042079189268 vs. 2.357042079189268
list:
dist: 2.153446179299143 vs. 2.153446179299143
list:
dist: 1.415599448255273 vs. 1.415599448255273
list:
dist: 2.78602897597786 vs. 2.78602897597786
list:
dist: 1.5488660676555253 vs. 1.5488660676555253
list:
dist: 1.2339507241131344 vs. 1.2339507241131344
list:
dist: 2.128690876000642 vs. 2.128690876000642
list:
dist: 1.8596702898544224 vs. 1.8596702898544224
list:
dist: 2.4636563945217893 vs. 2.4636563945217893
list:
dist: 2.5991728361957325 vs. 2.5991728361957325
list:
dist: 1.8565245634718721 vs. 1.8565245634718721
list:
dist: 3.0162979612710528 vs. 3.0162979612710528
list:
dist: 3.1147229788651605 vs. 3.1147229788651605
list:
dist: 0.6738615564853524 vs. 0.6738615564853524
list:
dist: 2.3828134649168016 vs. 2.3828134649168016
list:
dist: 1.2647817729465007 vs. 1.2647817729465007
list:
dist: 2.500881957331143 vs. 2.500881957331143
list:
dist: 1.1030300627993515 vs. 1.1030300627993515
list:
dist: 1.6317158399873153 vs. 1.6317158399873153
list:
dist: 1.9560183197940422 vs. 1.9560183197940422
list:
dist: 2.2189734149410403 vs. 2.2189734149410403
list:
dist: 2.1497452821144107 vs. 2.1497452821144107
list:
dist: 3.67390846963481 vs. 3.67390846963481
list:
dist: 2.3575708040914893 vs. 2.3575708040914893
list:
dist: 1.9495669583567095 vs. 1.9495669583567095
list:
dist: 2.2945838187081486 vs. 2.2945838187081486
list:
dist: 1.4615749876341055 vs. 1.4615749876341055
100
200
Neighbor List consistency Check...
--------
nle(id0,id1,dist): 5 6 1.4471624419947875
list:
dist: 1.4471624419947875 vs. 1.4471624419947875
--------
nle(id0,id1,dist): 5 7 1.5093979544574163
list:
dist: 1.5093979544574163 vs. 1.5093979544574163
--------
nle(id0,id1,dist): 4 34 4.786066629900672
list:
dist: 4.786066629900672 vs. 4.786066629900672
--------
nle(id0,id1,dist): 4 30 5.655909082439832
list:
dist: 5.655909082439832 vs. 5.655909082439832
--------
nle(id0,id1,dist): 4 31 5.099549010214102
list:
dist: 5.099549010214102 vs. 5.099549010214102
--------
nle(id0,id1,dist): 5 21 3.123383560763172
list:
dist: 3.123383560763172 vs. 3.123383560763172
--------
nle(id0,id1,dist): 5 20 2.681958273254
list:
dist: 2.681958273254 vs. 2.681958273254
--------
nle(id0,id1,dist): 5 23 2.4986037840266166
list:
dist: 2.4986037840266166 vs. 2.4986037840266166
--------
nle(id0,id1,dist): 5 17 2.2537810935574725
list:
dist: 2.2537810935574725 vs. 2.2537810935574725
--------
nle(id0,id1,dist): 5 16 1.1299270693930612
list:
dist: 1.1299270693930612 vs. 1.1299270693930612
--------
nle(id0,id1,dist): 5 19 2.790281364396048
list:
dist: 2.790281364396048 vs. 2.790281364396048
--------
nle(id0,id1,dist): 5 18 2.3232832153113527
list:
dist: 2.3232832153113527 vs. 2.3232832153113527
--------
nle(id0,id1,dist): 5 13 1.8156078980014747
list:
dist: 1.8156078980014747 vs. 1.8156078980014747
--------
nle(id0,id1,dist): 5 12 0.8021004187106339
list:
dist: 0.8021004187106339 vs. 0.8021004187106339
--------
nle(id0,id1,dist): 5 15 1.9600531860802644
list:
dist: 1.9600531860802644 vs. 1.9600531860802644
--------
nle(id0,id1,dist): 4 51 5.4968427756680605
list:
dist: 5.4968427756680605 vs. 5.4968427756680605
--------
nle(id0,id1,dist): 5 9 1.0900720654313123
list:
dist: 1.0900720654313123 vs. 1.0900720654313123
--------
nle(id0,id1,dist): 5 8 1.8090526898117811
list:
dist: 1.8090526898117811 vs. 1.8090526898117811
--------
nle(id0,id1,dist): 5 11 1.0290093432320666
list:
dist: 1.0290093432320666 vs. 1.0290093432320666
--------
nle(id0,id1,dist): 5 10 1.45719352433056
list:
dist: 1.45719352433056 vs. 1.45719352433056
--------
nle(id0,id1,dist): 4 11 1.2515797035457559
list:
dist: 1.2515797035457559 vs. 1.2515797035457559
--------
nle(id0,id1,dist): 4 12 2.260357338796557
list:
dist: 2.260357338796557 vs. 2.260357338796557
--------
nle(id0,id1,dist): 4 9 1.8091502631160823
list:
dist: 1.8091502631160823 vs. 1.8091502631160823
--------
nle(id0,id1,dist): 4 10 2.5923843982944987
list:
dist: 2.5923843982944987 vs. 2.5923843982944987
--------
nle(id0,id1,dist): 4 7 2.5170414964150605
list:
dist: 2.5170414964150605 vs. 2.5170414964150605
--------
nle(id0,id1,dist): 4 8 2.1203587812207463
list:
dist: 2.1203587812207463 vs. 2.1203587812207463
--------
nle(id0,id1,dist): 4 5 1.5433942447963591
list:
dist: 1.5433942447963591 vs. 1.5433942447963591
--------
nle(id0,id1,dist): 4 6 1.8798065836666764
list:
dist: 1.8798065836666764 vs. 1.8798065836666764
--------
nle(id0,id1,dist): 4 28 2.903929703415152
list:
dist: 2.903929703415152 vs. 2.903929703415152
--------
nle(id0,id1,dist): 4 26 2.8705949784762503
list:
dist: 2.8705949784762503 vs. 2.8705949784762503
--------
nle(id0,id1,dist): 4 25 1.892330695265765
list:
dist: 1.892330695265765 vs. 1.892330695265765
--------
nle(id0,id1,dist): 4 24 3.759694579362982
list:
dist: 3.759694579362982 vs. 3.759694579362982
--------
nle(id0,id1,dist): 4 23 3.32859152730754
list:
dist: 3.32859152730754 vs. 3.32859152730754
--------
nle(id0,id1,dist): 4 22 4.026192574648401
list:
dist: 4.026192574648401 vs. 4.026192574648401
--------
nle(id0,id1,dist): 4 21 3.421997202799285
list:
dist: 3.421997202799285 vs. 3.421997202799285
--------
nle(id0,id1,dist): 4 20 3.2561134429395246
list:
dist: 3.2561134429395246 vs. 3.2561134429395246
--------
nle(id0,id1,dist): 4 19 3.3532042836598834
list:
dist: 3.3532042836598834 vs. 3.3532042836598834
--------
nle(id0,id1,dist): 4 18 2.9485458804807663
list:
dist: 2.9485458804807663 vs. 2.9485458804807663
--------
nle(id0,id1,dist): 4 17 1.8796522061651366
list:
dist: 1.8796522061651366 vs. 1.8796522061651366
--------
nle(id0,id1,dist): 4 16 0.9661443936972908
list:
dist: 0.9661443936972908 vs. 0.9661443936972908
--------
nle(id0,id1,dist): 4 15 2.762617845920129
list:
dist: 2.762617845920129 vs. 2.762617845920129
--------
nle(id0,id1,dist): 4 13 3.1512585379557203
list:
dist: 3.1512585379557203 vs. 3.1512585379557203
--------
nle(id0,id1,dist): 6 28 3.1930240570855535
list:
dist: 3.1930240570855535 vs. 3.1930240570855535
--------
nle(id0,id1,dist): 6 19 3.4285420539340423
list:
dist: 3.4285420539340423 vs. 3.4285420539340423
--------
nle(id0,id1,dist): 6 20 3.9915242024619797
list:
dist: 3.9915242024619797 vs. 3.9915242024619797
--------
nle(id0,id1,dist): 6 21 3.9388626429735902
list:
dist: 3.9388626429735902 vs. 3.9388626429735902
--------
nle(id0,id1,dist): 6 23 3.332159607827642
list:
dist: 3.332159607827642 vs. 3.332159607827642
--------
nle(id0,id1,dist): 6 25 2.7459936718337197
list:
dist: 2.7459936718337197 vs. 2.7459936718337197
--------
nle(id0,id1,dist): 7 9 2.033730630514912
list:
dist: 2.033730630514912 vs. 2.033730630514912
--------
nle(id0,id1,dist): 7 8 1.0156858926261054
list:
dist: 1.0156858926261054 vs. 1.0156858926261054
--------
nle(id0,id1,dist): 7 11 2.368378239465835
list:
dist: 2.368378239465835 vs. 2.368378239465835
--------
nle(id0,id1,dist): 7 10 2.452510793783161
list:
dist: 2.452510793783161 vs. 2.452510793783161
--------
nle(id0,id1,dist): 7 13 1.7425543943843118
list:
dist: 1.7425543943843118 vs. 1.7425543943843118
--------
nle(id0,id1,dist): 7 12 1.5712595770162834
list:
dist: 1.5712595770162834 vs. 1.5712595770162834
--------
nle(id0,id1,dist): 5 25 1.7510490112026902
list:
dist: 1.7510490112026902 vs. 1.7510490112026902
--------
nle(id0,id1,dist): 5 28 2.4318201069155045
list:
dist: 2.4318201069155045 vs. 2.4318201069155045
--------
nle(id0,id1,dist): 6 13 2.2606019932160426
list:
dist: 2.2606019932160426 vs. 2.2606019932160426
--------
nle(id0,id1,dist): 6 12 1.8447514815752633
list:
dist: 1.8447514815752633 vs. 1.8447514815752633
--------
nle(id0,id1,dist): 6 11 2.0885288525134946
list:
dist: 2.0885288525134946 vs. 2.0885288525134946
--------
nle(id0,id1,dist): 6 18 2.685259596621316
list:
dist: 2.685259596621316 vs. 2.685259596621316
--------
nle(id0,id1,dist): 6 17 2.9386482985037468
list:
dist: 2.9386482985037468 vs. 2.9386482985037468
--------
nle(id0,id1,dist): 6 16 2.1710314362599394
list:
dist: 2.1710314362599394 vs. 2.1710314362599394
--------
nle(id0,id1,dist): 6 15 2.8921401370859288
list:
dist: 2.8921401370859288 vs. 2.8921401370859288
--------
nle(id0,id1,dist): 6 10 2.644862917904081
list:
dist: 2.644862917904081 vs. 2.644862917904081
--------
nle(id0,id1,dist): 6 9 1.9288334978306982
list:
dist: 1.9288334978306982 vs. 1.9288334978306982
--------
nle(id0,id1,dist): 6 8 0.4568334157125334
list:
dist: 0.4568334157125334 vs. 0.4568334157125334
--------
nle(id0,id1,dist): 6 7 0.8487370530790528
list:
dist: 0.8487370530790528 vs. 0.8487370530790528
--------
nle(id0,id1,dist): 8 13 2.6294448714715966
list:
dist: 2.6294448714715966 vs. 2.6294448714715966
--------
nle(id0,id1,dist): 8 16 2.519804445242505
list:
dist: 2.519804445242505 vs. 2.519804445242505
--------
nle(id0,id1,dist): 8 15 3.3452258492584477
list:
dist: 3.3452258492584477 vs. 3.3452258492584477
--------
nle(id0,id1,dist): 8 10 3.0681133349304055
list:
dist: 3.0681133349304055 vs. 3.0681133349304055
--------
nle(id0,id1,dist): 8 9 2.3803133034000634
list:
dist: 2.3803133034000634 vs. 2.3803133034000634
--------
nle(id0,id1,dist): 8 12 2.2356058230052707
list:
dist: 2.2356058230052707 vs. 2.2356058230052707
--------
nle(id0,id1,dist): 8 11 2.490627637424823
list:
dist: 2.490627637424823 vs. 2.490627637424823
--------
nle(id0,id1,dist): 8 21 4.392796236631779
list:
dist: 4.392796236631779 vs. 4.392796236631779
--------
nle(id0,id1,dist): 8 23 3.7821498076869835
list:
dist: 3.7821498076869835 vs. 3.7821498076869835
--------
nle(id0,id1,dist): 8 18 3.1226766394956913
list:
dist: 3.1226766394956913 vs. 3.1226766394956913
--------
nle(id0,id1,dist): 8 17 3.3466336212878893
list:
dist: 3.3466336212878893 vs. 3.3466336212878893
--------
nle(id0,id1,dist): 8 20 4.416436718437565
list:
dist: 4.416436718437565 vs. 4.416436718437565
--------
nle(id0,id1,dist): 8 19 3.8791018866253233
list:
dist: 3.8791018866253233 vs. 3.8791018866253233
--------
nle(id0,id1,dist): 8 25 3.1771046477356117
list:
dist: 3.1771046477356117 vs. 3.1771046477356117
--------
nle(id0,id1,dist): 8 28 3.648858068327722
list:
dist: 3.648858068327722 vs. 3.648858068327722
--------
nle(id0,id1,dist): 7 21 4.012781789816648
list:
dist: 4.012781789816648 vs. 4.012781789816648
--------
nle(id0,id1,dist): 7 20 3.9513222297362933
list:
dist: 3.9513222297362933 vs. 3.9513222297362933
--------
nle(id0,id1,dist): 7 19 3.3938308427979256
list:
dist: 3.3938308427979256 vs. 3.3938308427979256
--------
nle(id0,id1,dist): 7 18 2.6543910727875857
list:
dist: 2.6543910727875857 vs. 2.6543910727875857
--------
nle(id0,id1,dist): 7 17 3.3284991543869924
list:
dist: 3.3284991543869924 vs. 3.3284991543869924
--------
nle(id0,id1,dist): 7 16 2.5301624154214593
list:
dist: 2.5301624154214593 vs. 2.5301624154214593
--------
nle(id0,id1,dist): 7 15 2.807130964749304
list:
dist: 2.807130964749304 vs. 2.807130964749304
--------
nle(id0,id1,dist): 7 28 3.232067656302841
list:
dist: 3.232067656302841 vs. 3.232067656302841
--------
nle(id0,id1,dist): 7 25 2.970725159810008
list:
dist: 2.970725159810008 vs. 2.970725159810008
--------
nle(id0,id1,dist): 7 23 3.174091330350237
list:
dist: 3.174091330350237 vs. 3.174091330350237
--------
nle(id0,id1,dist): 10 12 0.9136736505075409
list:
dist: 0.9136736505075409 vs. 0.9136736505075409
--------
nle(id0,id1,dist): 10 11 1.3954829284244061
list:
dist: 1.3954829284244061 vs. 1.3954829284244061
--------
nle(id0,id1,dist): 9 51 4.5038997032570816
list:
dist: 4.5038997032570816 vs. 4.5038997032570816
--------
nle(id0,id1,dist): 10 14 1.9895135048236636
list:
dist: 1.9895135048236636 vs. 1.9895135048236636
--------
nle(id0,id1,dist): 10 13 1.3983476827461687
list:
dist: 1.3983476827461687 vs. 1.3983476827461687
--------
nle(id0,id1,dist): 10 15 0.8315589864034808
list:
dist: 0.8315589864034808 vs. 0.8315589864034808
--------
nle(id0,id1,dist): 10 16 1.7654702089617353
list:
dist: 1.7654702089617353 vs. 1.7654702089617353
--------
nle(id0,id1,dist): 9 54 5.579756011092544
list:
dist: 5.579756011092544 vs. 5.579756011092544
--------
nle(id0,id1,dist): 10 17 2.117323696751205
list:
dist: 2.117323696751205 vs. 2.117323696751205
--------
nle(id0,id1,dist): 10 18 1.716205086866823
list:
dist: 1.716205086866823 vs. 1.716205086866823
--------
nle(id0,id1,dist): 10 19 1.7983060577609213
list:
dist: 1.7983060577609213 vs. 1.7983060577609213
--------
nle(id0,id1,dist): 10 20 1.556832719570164
list:
dist: 1.556832719570164 vs. 1.556832719570164
--------
nle(id0,id1,dist): 10 21 2.1101787968028956
list:
dist: 2.1101787968028956 vs. 2.1101787968028956
--------
nle(id0,id1,dist): 10 23 1.2682376055632836
list:
dist: 1.2682376055632836 vs. 1.2682376055632836
--------
nle(id0,id1,dist): 10 25 1.379161329226523
list:
dist: 1.379161329226523 vs. 1.379161329226523
--------
nle(id0,id1,dist): 10 28 1.5069492150610795
list:
dist: 1.5069492150610795 vs. 1.5069492150610795
--------
nle(id0,id1,dist): 10 29 2.6798333276923603
list:
dist: 2.6798333276923603 vs. 2.6798333276923603
--------
nle(id0,id1,dist): 9 11 0.7848236599717234
list:
dist: 0.7848236599717234 vs. 0.7848236599717234
--------
nle(id0,id1,dist): 9 10 1.0481754093440792
list:
dist: 1.0481754093440792 vs. 1.0481754093440792
--------
nle(id0,id1,dist): 9 15 1.0510017010844357
list:
dist: 1.0510017010844357 vs. 1.0510017010844357
--------
nle(id0,id1,dist): 9 14 2.398859600771401
list:
dist: 2.398859600771401 vs. 2.398859600771401
--------
nle(id0,id1,dist): 9 13 1.5814819417967088
list:
dist: 1.5814819417967088 vs. 1.5814819417967088
--------
nle(id0,id1,dist): 9 12 1.0109003728313262
list:
dist: 1.0109003728313262 vs. 1.0109003728313262
--------
nle(id0,id1,dist): 9 19 1.7427286997243916
list:
dist: 1.7427286997243916 vs. 1.7427286997243916
--------
nle(id0,id1,dist): 9 18 1.3320905928987947
list:
dist: 1.3320905928987947 vs. 1.3320905928987947
--------
nle(id0,id1,dist): 9 17 1.4619907408229733
list:
dist: 1.4619907408229733 vs. 1.4619907408229733
--------
nle(id0,id1,dist): 9 16 1.248778861870056
list:
dist: 1.248778861870056 vs. 1.248778861870056
--------
nle(id0,id1,dist): 9 22 2.84695516392894
list:
dist: 2.84695516392894 vs. 2.84695516392894
--------
nle(id0,id1,dist): 9 23 1.5900043269466717
list:
dist: 1.5900043269466717 vs. 1.5900043269466717
--------
nle(id0,id1,dist): 9 20 2.166476575975791
list:
dist: 2.166476575975791 vs. 2.166476575975791
--------
nle(id0,id1,dist): 9 21 2.0971217028056754
list:
dist: 2.0971217028056754 vs. 2.0971217028056754
--------
nle(id0,id1,dist): 9 26 2.152727464757718
list:
dist: 2.152727464757718 vs. 2.152727464757718
--------
nle(id0,id1,dist): 9 27 3.403618913672952
list:
dist: 3.403618913672952 vs. 3.403618913672952
--------
nle(id0,id1,dist): 9 24 2.8240133403793877
list:
dist: 2.8240133403793877 vs. 2.8240133403793877
--------
nle(id0,id1,dist): 9 25 0.9782903161106107
list:
dist: 0.9782903161106107 vs. 0.9782903161106107
--------
nle(id0,id1,dist): 9 30 4.788217511707513
list:
dist: 4.788217511707513 vs. 4.788217511707513
--------
nle(id0,id1,dist): 9 31 4.4863627152646375
list:
dist: 4.4863627152646375 vs. 4.4863627152646375
--------
nle(id0,id1,dist): 9 28 1.3767477974845324
list:
dist: 1.3767477974845324 vs. 1.3767477974845324
--------
nle(id0,id1,dist): 9 29 2.9816192477958516
list:
dist: 2.9816192477958516 vs. 2.9816192477958516
--------
nle(id0,id1,dist): 9 34 4.075094016202895
list:
dist: 4.075094016202895 vs. 4.075094016202895
--------
nle(id0,id1,dist): 9 33 4.653652638164198
list:
dist: 4.653652638164198 vs. 4.653652638164198
--------
nle(id0,id1,dist): 12 20 2.4107496565186763
list:
dist: 2.4107496565186763 vs. 2.4107496565186763
--------
nle(id0,id1,dist): 12 19 2.3579339172850364
list:
dist: 2.3579339172850364 vs. 2.3579339172850364
--------
nle(id0,id1,dist): 12 18 1.92923168071328
list:
dist: 1.92923168071328 vs. 1.92923168071328
--------
nle(id0,id1,dist): 12 17 2.423355657549656
list:
dist: 2.423355657549656 vs. 2.423355657549656
--------
nle(id0,id1,dist): 12 16 1.671699680112282
list:
dist: 1.671699680112282 vs. 1.671699680112282
--------
nle(id0,id1,dist): 12 15 1.5004353525273035
list:
dist: 1.5004353525273035 vs. 1.5004353525273035
--------
nle(id0,id1,dist): 12 14 2.8091309355741134
list:
dist: 2.8091309355741134 vs. 2.8091309355741134
--------
nle(id0,id1,dist): 12 13 1.0983402859184705
list:
dist: 1.0983402859184705 vs. 1.0983402859184705
--------
nle(id0,id1,dist): 11 28 1.8259505225992652
list:
dist: 1.8259505225992652 vs. 1.8259505225992652
--------
nle(id0,id1,dist): 11 26 2.0859567939261345
list:
dist: 2.0859567939261345 vs. 2.0859567939261345
--------
nle(id0,id1,dist): 11 23 2.151159749020402
list:
dist: 2.151159749020402 vs. 2.151159749020402
--------
nle(id0,id1,dist): 11 22 3.022773110399858
list:
dist: 3.022773110399858 vs. 3.022773110399858
--------
nle(id0,id1,dist): 11 25 0.8215922344038451
list:
dist: 0.8215922344038451 vs. 0.8215922344038451
--------
nle(id0,id1,dist): 11 24 2.7578084614505296
list:
dist: 2.7578084614505296 vs. 2.7578084614505296
--------
nle(id0,id1,dist): 11 19 2.29867945663765
list:
dist: 2.29867945663765 vs. 2.29867945663765
--------
nle(id0,id1,dist): 11 18 2.04232710587222
list:
dist: 2.04232710587222 vs. 2.04232710587222
--------
nle(id0,id1,dist): 11 21 2.3856078065583226
list:
dist: 2.3856078065583226 vs. 2.3856078065583226
--------
nle(id0,id1,dist): 11 20 2.1020451133699316
list:
dist: 2.1020451133699316 vs. 2.1020451133699316
--------
nle(id0,id1,dist): 11 15 1.5670241891999706
list:
dist: 1.5670241891999706 vs. 1.5670241891999706
--------
nle(id0,id1,dist): 11 17 1.27990369817922
list:
dist: 1.27990369817922 vs. 1.27990369817922
--------
nle(id0,id1,dist): 11 16 0.482106794435072
list:
dist: 0.482106794435072 vs. 0.482106794435072
--------
nle(id0,id1,dist): 11 13 2.2583524300549525
list:
dist: 2.2583524300549525 vs. 2.2583524300549525
--------
nle(id0,id1,dist): 11 12 1.378688161997601
list:
dist: 1.378688161997601 vs. 1.378688161997601
--------
nle(id0,id1,dist): 13 25 2.4179836245051183
list:
dist: 2.4179836245051183 vs. 2.4179836245051183
--------
nle(id0,id1,dist): 13 28 2.132733833252034
list:
dist: 2.132733833252034 vs. 2.132733833252034
--------
nle(id0,id1,dist): 13 29 3.1799933120492665
list:
dist: 3.1799933120492665 vs. 3.1799933120492665
--------
nle(id0,id1,dist): 13 18 1.6204190677040278
list:
dist: 1.6204190677040278 vs. 1.6204190677040278
--------
nle(id0,id1,dist): 13 19 2.134905080907661
list:
dist: 2.134905080907661 vs. 2.134905080907661
--------
nle(id0,id1,dist): 13 16 2.6478104709793953
list:
dist: 2.6478104709793953 vs. 2.6478104709793953
--------
nle(id0,id1,dist): 13 17 2.9594140594199603
list:
dist: 2.9594140594199603 vs. 2.9594140594199603
--------
nle(id0,id1,dist): 13 23 1.738915169947959
list:
dist: 1.738915169947959 vs. 1.738915169947959
--------
nle(id0,id1,dist): 13 20 2.8823254190905776
list:
dist: 2.8823254190905776 vs. 2.8823254190905776
--------
nle(id0,id1,dist): 13 21 2.861551413684947
list:
dist: 2.861551413684947 vs. 2.861551413684947
--------
nle(id0,id1,dist): 13 15 1.6086118436778887
list:
dist: 1.6086118436778887 vs. 1.6086118436778887
--------
nle(id0,id1,dist): 13 14 2.6653372433027105
list:
dist: 2.6653372433027105 vs. 2.6653372433027105
--------
nle(id0,id1,dist): 12 29 3.4530338665616513
list:
dist: 3.4530338665616513 vs. 3.4530338665616513
--------
nle(id0,id1,dist): 12 21 2.8202991698427073
list:
dist: 2.8202991698427073 vs. 2.8202991698427073
--------
nle(id0,id1,dist): 12 23 1.9443476972343159
list:
dist: 1.9443476972343159 vs. 1.9443476972343159
--------
nle(id0,id1,dist): 12 25 1.7969819541792462
list:
dist: 1.7969819541792462 vs. 1.7969819541792462
--------
nle(id0,id1,dist): 12 28 2.09850718597018
list:
dist: 2.09850718597018 vs. 2.09850718597018
--------
nle(id0,id1,dist): 15 28 0.6952713395506367
list:
dist: 0.6952713395506367 vs. 0.6952713395506367
--------
nle(id0,id1,dist): 15 29 1.999180443280533
list:
dist: 1.999180443280533 vs. 1.999180443280533
--------
nle(id0,id1,dist): 15 26 1.8686703838793286
list:
dist: 1.8686703838793286 vs. 1.8686703838793286
--------
nle(id0,id1,dist): 15 27 2.4915706936893853
list:
dist: 2.4915706936893853 vs. 2.4915706936893853
--------
nle(id0,id1,dist): 15 24 2.168853396837606
list:
dist: 2.168853396837606 vs. 2.168853396837606
--------
nle(id0,id1,dist): 15 25 1.1619149350650546
list:
dist: 1.1619149350650546 vs. 1.1619149350650546
--------
nle(id0,id1,dist): 15 22 2.07524434329656
list:
dist: 2.07524434329656 vs. 2.07524434329656
--------
nle(id0,id1,dist): 15 23 0.5887064249780197
list:
dist: 0.5887064249780197 vs. 0.5887064249780197
--------
nle(id0,id1,dist): 15 34 3.798157650871725
list:
dist: 3.798157650871725 vs. 3.798157650871725
--------
nle(id0,id1,dist): 15 33 4.18638487528546
list:
dist: 4.18638487528546 vs. 4.18638487528546
--------
nle(id0,id1,dist): 15 30 4.410396727523268
list:
dist: 4.410396727523268 vs. 4.410396727523268
--------
nle(id0,id1,dist): 15 31 4.3389997601562404
list:
dist: 4.3389997601562404 vs. 4.3389997601562404
--------
nle(id0,id1,dist): 15 21 1.3537188074699658
list:
dist: 1.3537188074699658 vs. 1.3537188074699658
--------
nle(id0,id1,dist): 15 20 1.5665825380444691
list:
dist: 1.5665825380444691 vs. 1.5665825380444691
--------
nle(id0,id1,dist): 15 19 0.9784658867556721
list:
dist: 0.9784658867556721 vs. 0.9784658867556721
--------
nle(id0,id1,dist): 15 18 1.0866421926394625
list:
dist: 1.0866421926394625 vs. 1.0866421926394625
--------
nle(id0,id1,dist): 15 17 1.7303883420724475
list:
dist: 1.7303883420724475 vs. 1.7303883420724475
--------
nle(id0,id1,dist): 14 54 4.090550221454206
list:
dist: 4.090550221454206 vs. 4.090550221454206
--------
nle(id0,id1,dist): 15 16 2.023467735403071
list:
dist: 2.023467735403071 vs. 2.023467735403071
--------
nle(id0,id1,dist): 14 51 3.5055779766490978
list:
dist: 3.5055779766490978 vs. 3.5055779766490978
--------
nle(id0,id1,dist): 14 31 4.189961302344838
list:
dist: 4.189961302344838 vs. 4.189961302344838
--------
nle(id0,id1,dist): 14 33 3.6687910235799093
list:
dist: 3.6687910235799093 vs. 3.6687910235799093
--------
nle(id0,id1,dist): 14 34 3.492158607916673
list:
dist: 3.492158607916673 vs. 3.492158607916673
--------
nle(id0,id1,dist): 14 27 1.2517160293297498
list:
dist: 1.2517160293297498 vs. 1.2517160293297498
--------
nle(id0,id1,dist): 14 28 1.2118214239625245
list:
dist: 1.2118214239625245 vs. 1.2118214239625245
--------
nle(id0,id1,dist): 14 29 0.7253983779826115
list:
dist: 0.7253983779826115 vs. 0.7253983779826115
--------
nle(id0,id1,dist): 14 30 3.938162473001565
list:
dist: 3.938162473001565 vs. 3.938162473001565
--------
nle(id0,id1,dist): 14 15 1.3767795066132567
list:
dist: 1.3767795066132567 vs. 1.3767795066132567
--------
nle(id0,id1,dist): 14 18 1.8822702136272447
list:
dist: 1.8822702136272447 vs. 1.8822702136272447
--------
nle(id0,id1,dist): 14 24 1.6392314624704898
list:
dist: 1.6392314624704898 vs. 1.6392314624704898
--------
nle(id0,id1,dist): 14 23 0.9650006236372426
list:
dist: 0.9650006236372426 vs. 0.9650006236372426
--------
nle(id0,id1,dist): 14 26 1.9525731702960736
list:
dist: 1.9525731702960736 vs. 1.9525731702960736
--------
nle(id0,id1,dist): 14 25 2.1204662289340845
list:
dist: 2.1204662289340845 vs. 2.1204662289340845
--------
nle(id0,id1,dist): 14 20 1.6485040897794636
list:
dist: 1.6485040897794636 vs. 1.6485040897794636
--------
nle(id0,id1,dist): 14 19 1.0923768034891332
list:
dist: 1.0923768034891332 vs. 1.0923768034891332
--------
nle(id0,id1,dist): 14 22 1.2153066900363403
list:
dist: 1.2153066900363403 vs. 1.2153066900363403
--------
nle(id0,id1,dist): 14 21 0.9637180831431957
list:
dist: 0.9637180831431957 vs. 0.9637180831431957
--------
nle(id0,id1,dist): 17 18 1.936893750025828
list:
dist: 1.936893750025828 vs. 1.936893750025828
--------
nle(id0,id1,dist): 17 19 1.9274492580075704
list:
dist: 1.9274492580075704 vs. 1.9274492580075704
--------
nle(id0,id1,dist): 17 22 2.2239714612203545
list:
dist: 2.2239714612203545 vs. 2.2239714612203545
--------
nle(id0,id1,dist): 17 23 2.1382568008949314
list:
dist: 2.1382568008949314 vs. 2.1382568008949314
--------
nle(id0,id1,dist): 17 20 2.2085550147986615
list:
dist: 2.2085550147986615 vs. 2.2085550147986615
--------
nle(id0,id1,dist): 17 21 1.6954687854953647
list:
dist: 1.6954687854953647 vs. 1.6954687854953647
--------
nle(id0,id1,dist): 17 26 1.0399004489616104
list:
dist: 1.0399004489616104 vs. 1.0399004489616104
--------
nle(id0,id1,dist): 17 24 2.1894861879869234
list:
dist: 2.1894861879869234 vs. 2.1894861879869234
--------
nle(id0,id1,dist): 17 25 0.778940895147878
list:
dist: 0.778940895147878 vs. 0.778940895147878
--------
nle(id0,id1,dist): 16 17 1.505865053153795
list:
dist: 1.505865053153795 vs. 1.505865053153795
--------
nle(id0,id1,dist): 15 54 4.9205491509209685
list:
dist: 4.9205491509209685 vs. 4.9205491509209685
--------
nle(id0,id1,dist): 16 18 2.51752852628626
list:
dist: 2.51752852628626 vs. 2.51752852628626
--------
nle(id0,id1,dist): 16 19 2.762129508021814
list:
dist: 2.762129508021814 vs. 2.762129508021814
--------
nle(id0,id1,dist): 16 20 2.320189777448042
list:
dist: 2.320189777448042 vs. 2.320189777448042
--------
nle(id0,id1,dist): 16 21 2.775164693440943
list:
dist: 2.775164693440943 vs. 2.775164693440943
--------
nle(id0,id1,dist): 16 22 3.3549775208604538
list:
dist: 3.3549775208604538 vs. 3.3549775208604538
--------
nle(id0,id1,dist): 16 23 2.609274931851849
list:
dist: 2.609274931851849 vs. 2.609274931851849
--------
nle(id0,id1,dist): 16 24 2.977745345089262
list:
dist: 2.977745345089262 vs. 2.977745345089262
--------
nle(id0,id1,dist): 16 25 1.1667278881393734
list:
dist: 1.1667278881393734 vs. 1.1667278881393734
--------
nle(id0,id1,dist): 16 26 2.3314758703965035
list:
dist: 2.3314758703965035 vs. 2.3314758703965035
--------
nle(id0,id1,dist): 16 28 2.2741620489717884
list:
dist: 2.2741620489717884 vs. 2.2741620489717884
--------
nle(id0,id1,dist): 15 51 4.049764817270647
list:
dist: 4.049764817270647 vs. 4.049764817270647
--------
nle(id0,id1,dist): 1 2 1.2885042995515485
list:
dist: 1.2885042995515485 vs. 1.2885042995515485
--------
nle(id0,id1,dist): 1 3 1.352213452487763
list:
dist: 1.352213452487763 vs. 1.352213452487763
--------
nle(id0,id1,dist): 1 4 1.7151995613695197
list:
dist: 1.7151995613695197 vs. 1.7151995613695197
--------
nle(id0,id1,dist): 1 5 0.6852914017464738
list:
dist: 0.6852914017464738 vs. 0.6852914017464738
--------
nle(id0,id1,dist): 1 6 2.118670977495658
list:
dist: 2.118670977495658 vs. 2.118670977495658
--------
nle(id0,id1,dist): 1 7 2.146284160490451
list:
dist: 2.146284160490451 vs. 2.146284160490451
--------
nle(id0,id1,dist): 1 8 2.4573097983197028
list:
dist: 2.4573097983197028 vs. 2.4573097983197028
--------
nle(id0,id1,dist): 1 9 1.2977391432859418
list:
dist: 1.2977391432859418 vs. 1.2977391432859418
--------
nle(id0,id1,dist): 1 10 1.2912351835242961
list:
dist: 1.2912351835242961 vs. 1.2912351835242961
--------
nle(id0,id1,dist): 1 11 0.9792464405416392
list:
dist: 0.9792464405416392 vs. 0.9792464405416392
--------
nle(id0,id1,dist): 1 28 2.4301605209265973
list:
dist: 2.4301605209265973 vs. 2.4301605209265973
--------
nle(id0,id1,dist): 2 5 0.7476501050876142
list:
dist: 0.7476501050876142 vs. 0.7476501050876142
--------
nle(id0,id1,dist): 2 6 0.9868873322963666
list:
dist: 0.9868873322963666 vs. 0.9868873322963666
--------
nle(id0,id1,dist): 2 3 1.3621182084949444
list:
dist: 1.3621182084949444 vs. 1.3621182084949444
--------
nle(id0,id1,dist): 2 4 1.4621023649064788
list:
dist: 1.4621023649064788 vs. 1.4621023649064788
--------
nle(id0,id1,dist): 1 15 1.9183767233454732
list:
dist: 1.9183767233454732 vs. 1.9183767233454732
--------
nle(id0,id1,dist): 1 13 2.1184021919411657
list:
dist: 2.1184021919411657 vs. 2.1184021919411657
--------
nle(id0,id1,dist): 1 12 1.02697315711126
list:
dist: 1.02697315711126 vs. 1.02697315711126
--------
nle(id0,id1,dist): 1 19 2.8447432022010815
list:
dist: 2.8447432022010815 vs. 2.8447432022010815
--------
nle(id0,id1,dist): 1 18 2.57334802184068
list:
dist: 2.57334802184068 vs. 2.57334802184068
--------
nle(id0,id1,dist): 1 17 2.227272584090991
list:
dist: 2.227272584090991 vs. 2.227272584090991
--------
nle(id0,id1,dist): 1 16 0.9785680334136978
list:
dist: 0.9785680334136978 vs. 0.9785680334136978
--------
nle(id0,id1,dist): 1 23 2.472729817641917
list:
dist: 2.472729817641917 vs. 2.472729817641917
--------
nle(id0,id1,dist): 1 21 3.0207466339575886
list:
dist: 3.0207466339575886 vs. 3.0207466339575886
--------
nle(id0,id1,dist): 1 20 2.2145549043108352
list:
dist: 2.2145549043108352 vs. 2.2145549043108352
--------
nle(id0,id1,dist): 1 25 1.6059739670324777
list:
dist: 1.6059739670324777 vs. 1.6059739670324777
--------
nle(id0,id1,dist): 2 28 3.06494567564941
list:
dist: 3.06494567564941 vs. 3.06494567564941
--------
nle(id0,id1,dist): 2 23 3.1759397173645785
list:
dist: 3.1759397173645785 vs. 3.1759397173645785
--------
nle(id0,id1,dist): 2 25 2.355261811936693
list:
dist: 2.355261811936693 vs. 2.355261811936693
--------
nle(id0,id1,dist): 2 12 1.4252371384667533
list:
dist: 1.4252371384667533 vs. 1.4252371384667533
--------
nle(id0,id1,dist): 2 11 1.5669806222099847
list:
dist: 1.5669806222099847 vs. 1.5669806222099847
--------
nle(id0,id1,dist): 2 13 2.2691548852271173
list:
dist: 2.2691548852271173 vs. 2.2691548852271173
--------
nle(id0,id1,dist): 2 8 1.218308085906112
list:
dist: 1.218308085906112 vs. 1.218308085906112
--------
nle(id0,id1,dist): 2 7 1.255664597271125
list:
dist: 1.255664597271125 vs. 1.255664597271125
--------
nle(id0,id1,dist): 2 10 2.1931716025391625
list:
dist: 2.1931716025391625 vs. 2.1931716025391625
--------
nle(id0,id1,dist): 2 9 1.688219448852978
list:
dist: 1.688219448852978 vs. 1.688219448852978
--------
nle(id0,id1,dist): 2 20 3.4076417461874304
list:
dist: 3.4076417461874304 vs. 3.4076417461874304
--------
nle(id0,id1,dist): 2 19 3.4047210949288016
list:
dist: 3.4047210949288016 vs. 3.4047210949288016
--------
nle(id0,id1,dist): 2 21 3.7694813622034693
list:
dist: 3.7694813622034693 vs. 3.7694813622034693
--------
nle(id0,id1,dist): 2 16 1.5171635803106318
list:
dist: 1.5171635803106318 vs. 1.5171635803106318
--------
nle(id0,id1,dist): 2 15 2.6510724131603967
list:
dist: 2.6510724131603967 vs. 2.6510724131603967
--------
nle(id0,id1,dist): 2 18 2.8290779294734723
list:
dist: 2.8290779294734723 vs. 2.8290779294734723
--------
nle(id0,id1,dist): 2 17 2.709533419771336
list:
dist: 2.709533419771336 vs. 2.709533419771336
--------
nle(id0,id1,dist): 3 25 2.3523368974239602
list:
dist: 2.3523368974239602 vs. 2.3523368974239602
--------
nle(id0,id1,dist): 3 23 2.398342554522582
list:
dist: 2.398342554522582 vs. 2.398342554522582
--------
nle(id0,id1,dist): 3 20 2.929634168624111
list:
dist: 2.929634168624111 vs. 2.929634168624111
--------
nle(id0,id1,dist): 3 21 3.35210180098483
list:
dist: 3.35210180098483 vs. 3.35210180098483
--------
nle(id0,id1,dist): 3 18 2.303481401149879
list:
dist: 2.303481401149879 vs. 2.303481401149879
--------
nle(id0,id1,dist): 3 19 2.817400786474735
list:
dist: 2.817400786474735 vs. 2.817400786474735
--------
nle(id0,id1,dist): 3 28 2.6127245522548694
list:
dist: 2.6127245522548694 vs. 2.6127245522548694
--------
nle(id0,id1,dist): 3 29 3.914240858914041
list:
dist: 3.914240858914041 vs. 3.914240858914041
--------
nle(id0,id1,dist): 3 9 1.5093713220803608
list:
dist: 1.5093713220803608 vs. 1.5093713220803608
--------
nle(id0,id1,dist): 3 8 2.021125736960894
list:
dist: 2.021125736960894 vs. 2.021125736960894
--------
nle(id0,id1,dist): 3 7 1.208556876134591
list:
dist: 1.208556876134591 vs. 1.208556876134591
--------
nle(id0,id1,dist): 3 6 1.701974981644023
list:
dist: 1.701974981644023 vs. 1.701974981644023
--------
nle(id0,id1,dist): 3 5 1.0061002829722885
list:
dist: 1.0061002829722885 vs. 1.0061002829722885
--------
nle(id0,id1,dist): 3 4 2.5220852128560325
list:
dist: 2.5220852128560325 vs. 2.5220852128560325
--------
nle(id0,id1,dist): 3 17 2.942746064099533
list:
dist: 2.942746064099533 vs. 2.942746064099533
--------
nle(id0,id1,dist): 3 16 2.0773978998471714
list:
dist: 2.0773978998471714 vs. 2.0773978998471714
--------
nle(id0,id1,dist): 3 15 2.0170732232802604
list:
dist: 2.0170732232802604 vs. 2.0170732232802604
--------
nle(id0,id1,dist): 3 14 3.288988661979731
list:
dist: 3.288988661979731 vs. 3.288988661979731
--------
nle(id0,id1,dist): 3 13 1.1059443494289323
list:
dist: 1.1059443494289323 vs. 1.1059443494289323
--------
nle(id0,id1,dist): 3 12 0.5716915563779267
list:
dist: 0.5716915563779267 vs. 0.5716915563779267
--------
nle(id0,id1,dist): 3 11 1.8532185343121952
list:
dist: 1.8532185343121952 vs. 1.8532185343121952
--------
nle(id0,id1,dist): 3 10 1.4272314940214497
list:
dist: 1.4272314940214497 vs. 1.4272314940214497
--------
nle(id0,id1,dist): 37 48 1.4314677905391007
list:
dist: 1.4314677905391007 vs. 1.4314677905391007
--------
nle(id0,id1,dist): 37 49 2.442490556121266
list:
dist: 2.442490556121266 vs. 2.442490556121266
--------
nle(id0,id1,dist): 37 51 1.1623581372184648
list:
dist: 1.1623581372184648 vs. 1.1623581372184648
--------
nle(id0,id1,dist): 37 52 1.7144779435204422
list:
dist: 1.7144779435204422 vs. 1.7144779435204422
--------
nle(id0,id1,dist): 37 54 2.3910855073807835
list:
dist: 2.3910855073807835 vs. 2.3910855073807835
--------
nle(id0,id1,dist): 37 55 1.3949242508094992
list:
dist: 1.3949242508094992 vs. 1.3949242508094992
--------
nle(id0,id1,dist): 37 40 1.667252642724776
list:
dist: 1.667252642724776 vs. 1.667252642724776
--------
nle(id0,id1,dist): 37 41 2.477417176547965
list:
dist: 2.477417176547965 vs. 2.477417176547965
--------
nle(id0,id1,dist): 37 42 0.9669718117501211
list:
dist: 0.9669718117501211 vs. 0.9669718117501211
--------
nle(id0,id1,dist): 37 43 2.4978259372450626
list:
dist: 2.4978259372450626 vs. 2.4978259372450626
--------
nle(id0,id1,dist): 37 44 2.106952916033862
list:
dist: 2.106952916033862 vs. 2.106952916033862
--------
nle(id0,id1,dist): 37 46 1.5484363355735822
list:
dist: 1.5484363355735822 vs. 1.5484363355735822
--------
nle(id0,id1,dist): 37 47 1.2204183113555815
list:
dist: 1.2204183113555815 vs. 1.2204183113555815
--------
nle(id0,id1,dist): 37 38 2.000596078791387
list:
dist: 2.000596078791387 vs. 2.000596078791387
--------
nle(id0,id1,dist): 36 55 1.2156208888852642
list:
dist: 1.2156208888852642 vs. 1.2156208888852642
--------
nle(id0,id1,dist): 36 56 0.8177505930851043
list:
dist: 0.8177505930851043 vs. 0.8177505930851043
--------
nle(id0,id1,dist): 36 54 2.3270519743337883
list:
dist: 2.3270519743337883 vs. 2.3270519743337883
--------
nle(id0,id1,dist): 36 57 2.017597472966124
list:
dist: 2.017597472966124 vs. 2.017597472966124
--------
nle(id0,id1,dist): 36 58 1.7194085263907184
list:
dist: 1.7194085263907184 vs. 1.7194085263907184
--------
nle(id0,id1,dist): 36 47 1.9013442003902947
list:
dist: 1.9013442003902947 vs. 1.9013442003902947
--------
nle(id0,id1,dist): 36 48 1.3987364450334159
list:
dist: 1.3987364450334159 vs. 1.3987364450334159
--------
nle(id0,id1,dist): 36 46 1.5223804577397837
list:
dist: 1.5223804577397837 vs. 1.5223804577397837
--------
nle(id0,id1,dist): 36 51 2.057549400297144
list:
dist: 2.057549400297144 vs. 2.057549400297144
--------
nle(id0,id1,dist): 36 52 1.6848168922648508
list:
dist: 1.6848168922648508 vs. 1.6848168922648508
--------
nle(id0,id1,dist): 36 49 2.302258312992288
list:
dist: 2.302258312992288 vs. 2.302258312992288
--------
nle(id0,id1,dist): 36 40 1.8176118826492966
list:
dist: 1.8176118826492966 vs. 1.8176118826492966
--------
nle(id0,id1,dist): 36 38 0.8335222530792152
list:
dist: 0.8335222530792152 vs. 0.8335222530792152
--------
nle(id0,id1,dist): 36 37 1.3643282179780394
list:
dist: 1.3643282179780394 vs. 1.3643282179780394
--------
nle(id0,id1,dist): 36 44 1.5124229307053818
list:
dist: 1.5124229307053818 vs. 1.5124229307053818
--------
nle(id0,id1,dist): 36 43 2.1635538564748265
list:
dist: 2.1635538564748265 vs. 2.1635538564748265
--------
nle(id0,id1,dist): 36 42 1.2429009123847397
list:
dist: 1.2429009123847397 vs. 1.2429009123847397
--------
nle(id0,id1,dist): 36 41 2.1856506509600884
list:
dist: 2.1856506509600884 vs. 2.1856506509600884
--------
nle(id0,id1,dist): 35 58 3.0193321948042815
list:
dist: 3.0193321948042815 vs. 3.0193321948042815
--------
nle(id0,id1,dist): 35 54 3.2875788183858328
list:
dist: 3.2875788183858328 vs. 3.2875788183858328
--------
nle(id0,id1,dist): 35 55 2.2793443855051736
list:
dist: 2.2793443855051736 vs. 2.2793443855051736
--------
nle(id0,id1,dist): 35 56 1.9818630787081875
list:
dist: 1.9818630787081875 vs. 1.9818630787081875
--------
nle(id0,id1,dist): 35 57 3.568681141054627
list:
dist: 3.568681141054627 vs. 3.568681141054627
--------
nle(id0,id1,dist): 35 51 1.8571864613269036
list:
dist: 1.8571864613269036 vs. 1.8571864613269036
--------
nle(id0,id1,dist): 35 52 2.5164558641029102
list:
dist: 2.5164558641029102 vs. 2.5164558641029102
--------
nle(id0,id1,dist): 35 47 1.9009730783290324
list:
dist: 1.9009730783290324 vs. 1.9009730783290324
--------
nle(id0,id1,dist): 35 46 1.879918976337345
list:
dist: 1.879918976337345 vs. 1.879918976337345
--------
nle(id0,id1,dist): 35 49 3.059185994623421
list:
dist: 3.059185994623421 vs. 3.059185994623421
--------
nle(id0,id1,dist): 35 48 2.3350860555025545
list:
dist: 2.3350860555025545 vs. 2.3350860555025545
--------
nle(id0,id1,dist): 35 43 3.320565132626931
list:
dist: 3.320565132626931 vs. 3.320565132626931
--------
nle(id0,id1,dist): 35 42 1.486846852315264
list:
dist: 1.486846852315264 vs. 1.486846852315264
--------
nle(id0,id1,dist): 35 44 2.962654238706621
list:
dist: 2.962654238706621 vs. 2.962654238706621
--------
nle(id0,id1,dist): 35 38 2.6567171058733554
list:
dist: 2.6567171058733554 vs. 2.6567171058733554
--------
nle(id0,id1,dist): 35 41 3.2066570230109717
list:
dist: 3.2066570230109717 vs. 3.2066570230109717
--------
nle(id0,id1,dist): 35 40 2.1200094997644032
list:
dist: 2.1200094997644032 vs. 2.1200094997644032
--------
nle(id0,id1,dist): 35 37 0.9166329669863169
list:
dist: 0.9166329669863169 vs. 0.9166329669863169
--------
nle(id0,id1,dist): 35 36 1.9075372438394955
list:
dist: 1.9075372438394955 vs. 1.9075372438394955
--------
nle(id0,id1,dist): 34 57 3.6003771767963455
list:
dist: 3.6003771767963455 vs. 3.6003771767963455
--------
nle(id0,id1,dist): 34 58 3.0466114062870777
list:
dist: 3.0466114062870777 vs. 3.0466114062870777
--------
nle(id0,id1,dist): 34 55 2.196182944628699
list:
dist: 2.196182944628699 vs. 2.196182944628699
--------
nle(id0,id1,dist): 34 56 2.672712611683727
list:
dist: 2.672712611683727 vs. 2.672712611683727
--------
nle(id0,id1,dist): 34 54 2.760873825578396
list:
dist: 2.760873825578396 vs. 2.760873825578396
--------
nle(id0,id1,dist): 34 52 2.6695073860726124
list:
dist: 2.6695073860726124 vs. 2.6695073860726124
--------
nle(id0,id1,dist): 34 51 1.0222630372611285
list:
dist: 1.0222630372611285 vs. 1.0222630372611285
--------
nle(id0,id1,dist): 34 49 3.4585964534010722
list:
dist: 3.4585964534010722 vs. 3.4585964534010722
--------
nle(id0,id1,dist): 34 48 2.1471430270357064
list:
dist: 2.1471430270357064 vs. 2.1471430270357064
--------
nle(id0,id1,dist): 34 47 1.9849841348493447
list:
dist: 1.9849841348493447 vs. 1.9849841348493447
--------
nle(id0,id1,dist): 34 46 1.9748770921082692
list:
dist: 1.9748770921082692 vs. 1.9748770921082692
--------
nle(id0,id1,dist): 34 44 3.0632718046709946
list:
dist: 3.0632718046709946 vs. 3.0632718046709946
--------
nle(id0,id1,dist): 34 43 3.413534566215561
list:
dist: 3.413534566215561 vs. 3.413534566215561
--------
nle(id0,id1,dist): 34 42 1.5841687567816694
list:
dist: 1.5841687567816694 vs. 1.5841687567816694
--------
nle(id0,id1,dist): 34 41 2.789586826926969
list:
dist: 2.789586826926969 vs. 2.789586826926969
--------
nle(id0,id1,dist): 34 40 1.8372316989773472
list:
dist: 1.8372316989773472 vs. 1.8372316989773472
--------
nle(id0,id1,dist): 34 36 2.571933206790757
list:
dist: 2.571933206790757 vs. 2.571933206790757
--------
nle(id0,id1,dist): 34 35 1.452362967018228
list:
dist: 1.452362967018228 vs. 1.452362967018228
--------
nle(id0,id1,dist): 34 38 3.195363305392166
list:
dist: 3.195363305392166 vs. 3.195363305392166
--------
nle(id0,id1,dist): 34 37 1.3116473501580135
list:
dist: 1.3116473501580135 vs. 1.3116473501580135
--------
nle(id0,id1,dist): 33 44 1.8853643853092659
list:
dist: 1.8853643853092659 vs. 1.8853643853092659
--------
nle(id0,id1,dist): 33 46 1.2723994546372175
list:
dist: 1.2723994546372175 vs. 1.2723994546372175
--------
nle(id0,id1,dist): 33 47 1.966561198273997
list:
dist: 1.966561198273997 vs. 1.966561198273997
--------
nle(id0,id1,dist): 33 48 0.9258739033627125
list:
dist: 0.9258739033627125 vs. 0.9258739033627125
--------
nle(id0,id1,dist): 33 49 3.0377950944703387
list:
dist: 3.0377950944703387 vs. 3.0377950944703387
--------
nle(id0,id1,dist): 33 50 2.5792029139180217
list:
dist: 2.5792029139180217 vs. 2.5792029139180217
--------
nle(id0,id1,dist): 33 51 0.7316144762569449
list:
dist: 0.7316144762569449 vs. 0.7316144762569449
--------
nle(id0,id1,dist): 33 52 2.042235322600022
list:
dist: 2.042235322600022 vs. 2.042235322600022
--------
nle(id0,id1,dist): 33 53 2.3860223079585996
list:
dist: 2.3860223079585996 vs. 2.3860223079585996
--------
nle(id0,id1,dist): 33 54 1.352388919493793
list:
dist: 1.352388919493793 vs. 1.352388919493793
--------
nle(id0,id1,dist): 33 55 0.957309410869155
list:
dist: 0.957309410869155 vs. 0.957309410869155
--------
nle(id0,id1,dist): 33 56 2.129366756816456
list:
dist: 2.129366756816456 vs. 2.129366756816456
--------
nle(id0,id1,dist): 33 57 2.2867307437225706
list:
dist: 2.2867307437225706 vs. 2.2867307437225706
--------
nle(id0,id1,dist): 33 58 1.9397035035547479
list:
dist: 1.9397035035547479 vs. 1.9397035035547479
--------
nle(id0,id1,dist): 33 59 3.772166247174121
list:
dist: 3.772166247174121 vs. 3.772166247174121
--------
nle(id0,id1,dist): 33 35 2.1989788501393623
list:
dist: 2.1989788501393623 vs. 2.1989788501393623
--------
nle(id0,id1,dist): 33 34 1.6314133827479933
list:
dist: 1.6314133827479933 vs. 1.6314133827479933
--------
nle(id0,id1,dist): 33 38 2.180597862539151
list:
dist: 2.180597862539151 vs. 2.180597862539151
--------
nle(id0,id1,dist): 33 37 1.4479690377410803
list:
dist: 1.4479690377410803 vs. 1.4479690377410803
--------
nle(id0,id1,dist): 33 36 1.8076576871567618
list:
dist: 1.8076576871567618 vs. 1.8076576871567618
--------
nle(id0,id1,dist): 33 43 2.5224445806011113
list:
dist: 2.5224445806011113 vs. 2.5224445806011113
--------
nle(id0,id1,dist): 33 42 0.9781669173068595
list:
dist: 0.9781669173068595 vs. 0.9781669173068595
--------
nle(id0,id1,dist): 33 41 1.1980346291914878
list:
dist: 1.1980346291914878 vs. 1.1980346291914878
--------
nle(id0,id1,dist): 33 40 0.9263236833978972
list:
dist: 0.9263236833978972 vs. 0.9263236833978972
--------
nle(id0,id1,dist): 32 51 1.3563294138005784
list:
dist: 1.3563294138005784 vs. 1.3563294138005784
--------
nle(id0,id1,dist): 32 52 2.6584126463730064
list:
dist: 2.6584126463730064 vs. 2.6584126463730064
--------
nle(id0,id1,dist): 32 49 3.491952585313597
list:
dist: 3.491952585313597 vs. 3.491952585313597
--------
nle(id0,id1,dist): 32 55 1.7958296444021988
list:
dist: 1.7958296444021988 vs. 1.7958296444021988
--------
nle(id0,id1,dist): 32 56 2.2164658064222005
list:
dist: 2.2164658064222005 vs. 2.2164658064222005
--------
nle(id0,id1,dist): 32 54 2.6386268399663897
list:
dist: 2.6386268399663897 vs. 2.6386268399663897
--------
nle(id0,id1,dist): 32 57 3.2055234786012208
list:
dist: 3.2055234786012208 vs. 3.2055234786012208
--------
nle(id0,id1,dist): 32 58 2.8082372766874717
list:
dist: 2.8082372766874717 vs. 2.8082372766874717
--------
nle(id0,id1,dist): 32 38 2.482863998917879
list:
dist: 2.482863998917879 vs. 2.482863998917879
--------
nle(id0,id1,dist): 32 37 1.1535241892633177
list:
dist: 1.1535241892633177 vs. 1.1535241892633177
--------
nle(id0,id1,dist): 32 40 0.8713649217539533
list:
dist: 0.8713649217539533 vs. 0.8713649217539533
--------
nle(id0,id1,dist): 32 34 1.353437043870063
list:
dist: 1.353437043870063 vs. 1.353437043870063
--------
nle(id0,id1,dist): 32 33 1.3332195320086222
list:
dist: 1.3332195320086222 vs. 1.3332195320086222
--------
nle(id0,id1,dist): 32 36 1.7299420278668338
list:
dist: 1.7299420278668338 vs. 1.7299420278668338
--------
nle(id0,id1,dist): 32 35 1.3070052875029323
list:
dist: 1.3070052875029323 vs. 1.3070052875029323
--------
nle(id0,id1,dist): 32 46 0.714514651292225
list:
dist: 0.714514651292225 vs. 0.714514651292225
--------
nle(id0,id1,dist): 32 48 1.8730126124683517
list:
dist: 1.8730126124683517 vs. 1.8730126124683517
--------
nle(id0,id1,dist): 32 47 2.31528089976346
list:
dist: 2.31528089976346 vs. 2.31528089976346
--------
nle(id0,id1,dist): 32 42 0.5970635778045286
list:
dist: 0.5970635778045286 vs. 0.5970635778045286
--------
nle(id0,id1,dist): 32 41 2.145801635460272
list:
dist: 2.145801635460272 vs. 2.145801635460272
--------
nle(id0,id1,dist): 32 44 2.692894809517293
list:
dist: 2.692894809517293 vs. 2.692894809517293
--------
nle(id0,id1,dist): 32 43 3.329400686668204
list:
dist: 3.329400686668204 vs. 3.329400686668204
--------
nle(id0,id1,dist): 31 58 2.9602543639990246
list:
dist: 2.9602543639990246 vs. 2.9602543639990246
--------
nle(id0,id1,dist): 31 54 2.8964217620424524
list:
dist: 2.8964217620424524 vs. 2.8964217620424524
--------
nle(id0,id1,dist): 31 55 2.035689248558005
list:
dist: 2.035689248558005 vs. 2.035689248558005
--------
nle(id0,id1,dist): 31 56 2.2480884015826104
list:
dist: 2.2480884015826104 vs. 2.2480884015826104
--------
nle(id0,id1,dist): 31 57 3.462826059749573
list:
dist: 3.462826059749573 vs. 3.462826059749573
--------
nle(id0,id1,dist): 31 44 2.8968162170686003
list:
dist: 2.8968162170686003 vs. 2.8968162170686003
--------
nle(id0,id1,dist): 31 43 3.381604463824023
list:
dist: 3.381604463824023 vs. 3.381604463824023
--------
nle(id0,id1,dist): 31 42 1.0412265016070217
list:
dist: 1.0412265016070217 vs. 1.0412265016070217
--------
nle(id0,id1,dist): 31 41 2.6610966473546296
list:
dist: 2.6610966473546296 vs. 2.6610966473546296
--------
nle(id0,id1,dist): 31 40 1.4751006874308359
list:
dist: 1.4751006874308359 vs. 1.4751006874308359
--------
nle(id0,id1,dist): 31 38 2.737139425184064
list:
dist: 2.737139425184064 vs. 2.737139425184064
--------
nle(id0,id1,dist): 31 52 2.620521593002491
list:
dist: 2.620521593002491 vs. 2.620521593002491
--------
nle(id0,id1,dist): 31 51 1.3332404900478607
list:
dist: 1.3332404900478607 vs. 1.3332404900478607
--------
nle(id0,id1,dist): 31 49 3.372068108656446
list:
dist: 3.372068108656446 vs. 3.372068108656446
--------
nle(id0,id1,dist): 31 48 2.073815544521329
list:
dist: 2.073815544521329 vs. 2.073815544521329
--------
nle(id0,id1,dist): 31 47 2.064097030453309
list:
dist: 2.064097030453309 vs. 2.064097030453309
--------
nle(id0,id1,dist): 31 46 1.3697882882505998
list:
dist: 1.3697882882505998 vs. 1.3697882882505998
--------
nle(id0,id1,dist): 31 36 1.9806540856161203
list:
dist: 1.9806540856161203 vs. 1.9806540856161203
--------
nle(id0,id1,dist): 31 37 0.9332319481750093
list:
dist: 0.9332319481750093 vs. 0.9332319481750093
--------
nle(id0,id1,dist): 31 34 0.9192063344172198
list:
dist: 0.9192063344172198 vs. 0.9192063344172198
--------
nle(id0,id1,dist): 31 35 0.8150812792750677
list:
dist: 0.8150812792750677 vs. 0.8150812792750677
--------
nle(id0,id1,dist): 31 32 0.6700561742672586
list:
dist: 0.6700561742672586 vs. 0.6700561742672586
--------
nle(id0,id1,dist): 31 33 1.6377643546737102
list:
dist: 1.6377643546737102 vs. 1.6377643546737102
--------
nle(id0,id1,dist): 43 59 1.577453463138324
list:
dist: 1.577453463138324 vs. 1.577453463138324
--------
nle(id0,id1,dist): 43 58 0.6793265261281825
list:
dist: 0.6793265261281825 vs. 0.6793265261281825
--------
nle(id0,id1,dist): 44 47 1.7924930849474687
list:
dist: 1.7924930849474687 vs. 1.7924930849474687
--------
nle(id0,id1,dist): 44 48 0.990036857166161
list:
dist: 0.990036857166161 vs. 0.990036857166161
--------
nle(id0,id1,dist): 44 46 2.4656287711506812
list:
dist: 2.4656287711506812 vs. 2.4656287711506812
--------
nle(id0,id1,dist): 44 51 2.1806183360314795
list:
dist: 2.1806183360314795 vs. 2.1806183360314795
--------
nle(id0,id1,dist): 44 52 1.0009604000906855
list:
dist: 1.0009604000906855 vs. 1.0009604000906855
--------
nle(id0,id1,dist): 44 49 1.7163703538625017
list:
dist: 1.7163703538625017 vs. 1.7163703538625017
--------
nle(id0,id1,dist): 44 50 2.435080864406085
list:
dist: 2.435080864406085 vs. 2.435080864406085
--------
nle(id0,id1,dist): 43 51 2.608503549823847
list:
dist: 2.608503549823847 vs. 2.608503549823847
--------
nle(id0,id1,dist): 43 52 0.8295078080426487
list:
dist: 0.8295078080426487 vs. 0.8295078080426487
--------
nle(id0,id1,dist): 43 53 2.1190752436938842
list:
dist: 2.1190752436938842 vs. 2.1190752436938842
--------
nle(id0,id1,dist): 43 54 1.8457592878098674
list:
dist: 1.8457592878098674 vs. 1.8457592878098674
--------
nle(id0,id1,dist): 43 55 1.6600163021527206
list:
dist: 1.6600163021527206 vs. 1.6600163021527206
--------
nle(id0,id1,dist): 43 56 1.6566428421869892
list:
dist: 1.6566428421869892 vs. 1.6566428421869892
--------
nle(id0,id1,dist): 43 57 1.05749574880954
list:
dist: 1.05749574880954 vs. 1.05749574880954
--------
nle(id0,id1,dist): 43 44 0.9053414865981213
list:
dist: 0.9053414865981213 vs. 0.9053414865981213
--------
nle(id0,id1,dist): 43 46 3.2366379543068184
list:
dist: 3.2366379543068184 vs. 3.2366379543068184
--------
nle(id0,id1,dist): 43 47 1.7110596846972326
list:
dist: 1.7110596846972326 vs. 1.7110596846972326
--------
nle(id0,id1,dist): 43 48 1.6116961907550629
list:
dist: 1.6116961907550629 vs. 1.6116961907550629
--------
nle(id0,id1,dist): 43 49 1.0956006255608208
list:
dist: 1.0956006255608208 vs. 1.0956006255608208
--------
nle(id0,id1,dist): 42 46 0.6087775203769721
list:
dist: 0.6087775203769721 vs. 0.6087775203769721
--------
nle(id0,id1,dist): 42 44 2.1068832945535836
list:
dist: 2.1068832945535836 vs. 2.1068832945535836
--------
nle(id0,id1,dist): 42 43 2.784723924794325
list:
dist: 2.784723924794325 vs. 2.784723924794325
--------
nle(id0,id1,dist): 42 57 2.612800939969809
list:
dist: 2.612800939969809 vs. 2.612800939969809
--------
nle(id0,id1,dist): 42 58 2.2373901950291626
list:
dist: 2.2373901950291626 vs. 2.2373901950291626
--------
nle(id0,id1,dist): 42 55 1.2278400098915636
list:
dist: 1.2278400098915636 vs. 1.2278400098915636
--------
nle(id0,id1,dist): 42 56 1.7534479981014732
list:
dist: 1.7534479981014732 vs. 1.7534479981014732
--------
nle(id0,id1,dist): 42 54 2.152836879972379
list:
dist: 2.152836879972379 vs. 2.152836879972379
--------
nle(id0,id1,dist): 42 51 1.186529987165652
list:
dist: 1.186529987165652 vs. 1.186529987165652
--------
nle(id0,id1,dist): 42 52 2.1681959395677324
list:
dist: 2.1681959395677324 vs. 2.1681959395677324
--------
nle(id0,id1,dist): 42 49 3.0355869853990542
list:
dist: 3.0355869853990542 vs. 3.0355869853990542
--------
nle(id0,id1,dist): 42 47 1.9909047836864937
list:
dist: 1.9909047836864937 vs. 1.9909047836864937
--------
nle(id0,id1,dist): 42 48 1.330815344272309
list:
dist: 1.330815344272309 vs. 1.330815344272309
--------
nle(id0,id1,dist): 41 48 1.4805151249578727
list:
dist: 1.4805151249578727 vs. 1.4805151249578727
--------
nle(id0,id1,dist): 41 51 1.918058468874496
list:
dist: 1.918058468874496 vs. 1.918058468874496
--------
nle(id0,id1,dist): 41 50 1.4952508667944877
list:
dist: 1.4952508667944877 vs. 1.4952508667944877
--------
nle(id0,id1,dist): 41 44 1.9969517301040796
list:
dist: 1.9969517301040796 vs. 1.9969517301040796
--------
nle(id0,id1,dist): 41 46 1.6658432792557067
list:
dist: 1.6658432792557067 vs. 1.6658432792557067
--------
nle(id0,id1,dist): 41 42 1.7466302104511056
list:
dist: 1.7466302104511056 vs. 1.7466302104511056
--------
nle(id0,id1,dist): 41 57 2.1071128331992517
list:
dist: 2.1071128331992517 vs. 2.1071128331992517
--------
nle(id0,id1,dist): 41 58 2.13565781305914
list:
dist: 2.13565781305914 vs. 2.13565781305914
--------
nle(id0,id1,dist): 41 53 1.672143616663859
list:
dist: 1.672143616663859 vs. 1.672143616663859
--------
nle(id0,id1,dist): 41 54 1.3124160082046699
list:
dist: 1.3124160082046699 vs. 1.3124160082046699
--------
nle(id0,id1,dist): 41 55 1.4452889982062556
list:
dist: 1.4452889982062556 vs. 1.4452889982062556
--------
nle(id0,id1,dist): 40 43 3.209443331355432
list:
dist: 3.209443331355432 vs. 3.209443331355432
--------
nle(id0,id1,dist): 40 44 2.4484508707082133
list:
dist: 2.4484508707082133 vs. 2.4484508707082133
--------
nle(id0,id1,dist): 40 41 1.3429428954219957
list:
dist: 1.3429428954219957 vs. 1.3429428954219957
--------
nle(id0,id1,dist): 39 78 2.6369261845752026
list:
dist: 2.6369261845752026 vs. 2.6369261845752026
--------
nle(id0,id1,dist): 40 42 0.7552835661355615
list:
dist: 0.7552835661355615 vs. 0.7552835661355615
--------
nle(id0,id1,dist): 39 79 2.880058668070571
list:
dist: 2.880058668070571 vs. 2.880058668070571
--------
nle(id0,id1,dist): 40 47 2.595937490337293
list:
dist: 2.595937490337293 vs. 2.595937490337293
--------
nle(id0,id1,dist): 40 48 1.6277620152417154
list:
dist: 1.6277620152417154 vs. 1.6277620152417154
--------
nle(id0,id1,dist): 40 46 0.5197774275215975
list:
dist: 0.5197774275215975 vs. 0.5197774275215975
--------
nle(id0,id1,dist): 40 51 1.3845713884092297
list:
dist: 1.3845713884092297 vs. 1.3845713884092297
--------
nle(id0,id1,dist): 40 52 2.701876814974253
list:
dist: 2.701876814974253 vs. 2.701876814974253
--------
nle(id0,id1,dist): 40 49 3.639061742100608
list:
dist: 3.639061742100608 vs. 3.639061742100608
--------
nle(id0,id1,dist): 40 55 1.5502521660379145
list:
dist: 1.5502521660379145 vs. 1.5502521660379145
--------
nle(id0,id1,dist): 40 56 2.4132561174157643
list:
dist: 2.4132561174157643 vs. 2.4132561174157643
--------
nle(id0,id1,dist): 40 54 2.129120823972063
list:
dist: 2.129120823972063 vs. 2.129120823972063
--------
nle(id0,id1,dist): 40 58 2.5888631180959076
list:
dist: 2.5888631180959076 vs. 2.5888631180959076
--------
nle(id0,id1,dist): 40 57 2.8413083237476595
list:
dist: 2.8413083237476595 vs. 2.8413083237476595
--------
nle(id0,id1,dist): 39 99 3.6656779827513186
list:
dist: 3.6656779827513186 vs. 3.6656779827513186
--------
nle(id0,id1,dist): 39 60 3.153847573138034
list:
dist: 3.153847573138034 vs. 3.153847573138034
--------
nle(id0,id1,dist): 39 63 2.634931603049558
list:
dist: 2.634931603049558 vs. 2.634931603049558
--------
nle(id0,id1,dist): 39 62 3.1073236987626944
list:
dist: 3.1073236987626944 vs. 3.1073236987626944
--------
nle(id0,id1,dist): 39 65 2.7087189002012146
list:
dist: 2.7087189002012146 vs. 2.7087189002012146
--------
nle(id0,id1,dist): 39 64 2.1046558660062287
list:
dist: 2.1046558660062287 vs. 2.1046558660062287
--------
nle(id0,id1,dist): 39 67 1.946836447927474
list:
dist: 1.946836447927474 vs. 1.946836447927474
--------
nle(id0,id1,dist): 39 66 1.1438158922963746
list:
dist: 1.1438158922963746 vs. 1.1438158922963746
--------
nle(id0,id1,dist): 39 69 2.861499391171193
list:
dist: 2.861499391171193 vs. 2.861499391171193
--------
nle(id0,id1,dist): 39 68 1.9669701515927616
list:
dist: 1.9669701515927616 vs. 1.9669701515927616
--------
nle(id0,id1,dist): 39 71 3.948601284647131
list:
dist: 3.948601284647131 vs. 3.948601284647131
--------
nle(id0,id1,dist): 39 73 2.471776820945695
list:
dist: 2.471776820945695 vs. 2.471776820945695
--------
nle(id0,id1,dist): 39 75 3.357031839732658
list:
dist: 3.357031839732658 vs. 3.357031839732658
--------
nle(id0,id1,dist): 39 74 2.3767789836603925
list:
dist: 2.3767789836603925 vs. 2.3767789836603925
--------
nle(id0,id1,dist): 39 77 2.9557403916599525
list:
dist: 2.9557403916599525 vs. 2.9557403916599525
--------
nle(id0,id1,dist): 38 57 1.3859910425505468
list:
dist: 1.3859910425505468 vs. 1.3859910425505468
--------
nle(id0,id1,dist): 38 58 1.2671989773750296
list:
dist: 1.2671989773750296 vs. 1.2671989773750296
--------
nle(id0,id1,dist): 38 55 1.3198367263077873
list:
dist: 1.3198367263077873 vs. 1.3198367263077873
--------
nle(id0,id1,dist): 38 56 0.9102234895815142
list:
dist: 0.9102234895815142 vs. 0.9102234895815142
--------
nle(id0,id1,dist): 38 53 2.200142845409406
list:
dist: 2.200142845409406 vs. 2.200142845409406
--------
nle(id0,id1,dist): 38 54 2.1858084188719493
list:
dist: 2.1858084188719493 vs. 2.1858084188719493
--------
nle(id0,id1,dist): 38 51 2.5035324690753087
list:
dist: 2.5035324690753087 vs. 2.5035324690753087
--------
nle(id0,id1,dist): 38 52 1.4914967935946848
list:
dist: 1.4914967935946848 vs. 1.4914967935946848
--------
nle(id0,id1,dist): 38 59 2.667280626019704
list:
dist: 2.667280626019704 vs. 2.667280626019704
--------
nle(id0,id1,dist): 39 45 3.2283241325956857
list:
dist: 3.2283241325956857 vs. 3.2283241325956857
--------
nle(id0,id1,dist): 37 56 1.391059278069865
list:
dist: 1.391059278069865 vs. 1.391059278069865
--------
nle(id0,id1,dist): 37 57 2.7083822353439047
list:
dist: 2.7083822353439047 vs. 2.7083822353439047
--------
nle(id0,id1,dist): 37 58 2.146514604940031
list:
dist: 2.146514604940031 vs. 2.146514604940031
--------
nle(id0,id1,dist): 38 40 2.3846479731485952
list:
dist: 2.3846479731485952 vs. 2.3846479731485952
--------
nle(id0,id1,dist): 38 42 1.9291983295590147
list:
dist: 1.9291983295590147 vs. 1.9291983295590147
--------
nle(id0,id1,dist): 38 41 2.2854598285237713
list:
dist: 2.2854598285237713 vs. 2.2854598285237713
--------
nle(id0,id1,dist): 38 48 1.4787005637873212
list:
dist: 1.4787005637873212 vs. 1.4787005637873212
--------
nle(id0,id1,dist): 38 47 2.0866072589869664
list:
dist: 2.0866072589869664 vs. 2.0866072589869664
--------
nle(id0,id1,dist): 38 50 2.8793517930641994
list:
dist: 2.8793517930641994 vs. 2.8793517930641994
--------
nle(id0,id1,dist): 38 49 1.9658771143479923
list:
dist: 1.9658771143479923 vs. 1.9658771143479923
--------
nle(id0,id1,dist): 38 44 1.017988389573758
list:
dist: 1.017988389573758 vs. 1.017988389573758
--------
nle(id0,id1,dist): 38 43 1.647306933044279
list:
dist: 1.647306933044279 vs. 1.647306933044279
--------
nle(id0,id1,dist): 38 46 2.189342256716835
list:
dist: 2.189342256716835 vs. 2.189342256716835
--------
nle(id0,id1,dist): 23 28 0.7563153047977375
list:
dist: 0.7563153047977375 vs. 0.7563153047977375
--------
nle(id0,id1,dist): 23 29 1.522043679073381
list:
dist: 1.522043679073381 vs. 1.522043679073381
--------
nle(id0,id1,dist): 23 26 2.055923798257593
list:
dist: 2.055923798257593 vs. 2.055923798257593
--------
nle(id0,id1,dist): 23 27 2.1186159327644796
list:
dist: 2.1186159327644796 vs. 2.1186159327644796
--------
nle(id0,id1,dist): 23 24 2.1969713396093296
list:
dist: 2.1969713396093296 vs. 2.1969713396093296
--------
nle(id0,id1,dist): 23 25 1.6738913209676185
list:
dist: 1.6738913209676185 vs. 1.6738913209676185
--------
nle(id0,id1,dist): 22 54 3.835069065340215
list:
dist: 3.835069065340215 vs. 3.835069065340215
--------
nle(id0,id1,dist): 22 51 2.9375149309805493
list:
dist: 2.9375149309805493 vs. 2.9375149309805493
--------
nle(id0,id1,dist): 22 47 4.076770870275217
list:
dist: 4.076770870275217 vs. 4.076770870275217
--------
nle(id0,id1,dist): 23 54 4.480093399196227
list:
dist: 4.480093399196227 vs. 4.480093399196227
--------
nle(id0,id1,dist): 23 51 3.775870150457435
list:
dist: 3.775870150457435 vs. 3.775870150457435
--------
nle(id0,id1,dist): 23 34 3.6677410770229932
list:
dist: 3.6677410770229932 vs. 3.6677410770229932
--------
nle(id0,id1,dist): 23 31 4.222934442809971
list:
dist: 4.222934442809971 vs. 4.222934442809971
--------
nle(id0,id1,dist): 23 30 4.174760448612069
list:
dist: 4.174760448612069 vs. 4.174760448612069
--------
nle(id0,id1,dist): 23 33 3.8590246634501497
list:
dist: 3.8590246634501497 vs. 3.8590246634501497
--------
nle(id0,id1,dist): 21 34 2.7498871233975035
list:
dist: 2.7498871233975035 vs. 2.7498871233975035
--------
nle(id0,id1,dist): 21 33 3.2840885915517726
list:
dist: 3.2840885915517726 vs. 3.2840885915517726
--------
nle(id0,id1,dist): 21 26 1.0972253945507924
list:
dist: 1.0972253945507924 vs. 1.0972253945507924
--------
nle(id0,id1,dist): 21 27 1.3667946476945847
list:
dist: 1.3667946476945847 vs. 1.3667946476945847
--------
nle(id0,id1,dist): 21 24 1.4246685778746435
list:
dist: 1.4246685778746435 vs. 1.4246685778746435
--------
nle(id0,id1,dist): 21 25 1.609974142859122
list:
dist: 1.609974142859122 vs. 1.609974142859122
--------
nle(id0,id1,dist): 21 30 3.3646776777858665
list:
dist: 3.3646776777858665 vs. 3.3646776777858665
--------
nle(id0,id1,dist): 21 31 3.4658842764099336
list:
dist: 3.4658842764099336 vs. 3.4658842764099336
--------
nle(id0,id1,dist): 21 28 0.784674182376554
list:
dist: 0.784674182376554 vs. 0.784674182376554
--------
nle(id0,id1,dist): 21 29 1.2180802950431757
list:
dist: 1.2180802950431757 vs. 1.2180802950431757
--------
nle(id0,id1,dist): 21 23 1.2240802293273576
list:
dist: 1.2240802293273576 vs. 1.2240802293273576
--------
nle(id0,id1,dist): 21 22 0.8099148613955223
list:
dist: 0.8099148613955223 vs. 0.8099148613955223
--------
nle(id0,id1,dist): 22 27 0.8609520231157529
list:
dist: 0.8609520231157529 vs. 0.8609520231157529
--------
nle(id0,id1,dist): 22 28 1.5860534576841092
list:
dist: 1.5860534576841092 vs. 1.5860534576841092
--------
nle(id0,id1,dist): 22 29 1.1854623280862508
list:
dist: 1.1854623280862508 vs. 1.1854623280862508
--------
nle(id0,id1,dist): 22 30 3.310117899298997
list:
dist: 3.310117899298997 vs. 3.310117899298997
--------
nle(id0,id1,dist): 22 31 3.5855881217151886
list:
dist: 3.5855881217151886 vs. 3.5855881217151886
--------
nle(id0,id1,dist): 22 33 3.326130434266866
list:
dist: 3.326130434266866 vs. 3.326130434266866
--------
nle(id0,id1,dist): 22 34 2.7487833255723073
list:
dist: 2.7487833255723073 vs. 2.7487833255723073
--------
nle(id0,id1,dist): 22 23 1.894262592290751
list:
dist: 1.894262592290751 vs. 1.894262592290751
--------
nle(id0,id1,dist): 22 24 1.0853241209693867
list:
dist: 1.0853241209693867 vs. 1.0853241209693867
--------
nle(id0,id1,dist): 22 25 2.2086669899783375
list:
dist: 2.2086669899783375 vs. 2.2086669899783375
--------
nle(id0,id1,dist): 22 26 1.302345311062042
list:
dist: 1.302345311062042 vs. 1.302345311062042
--------
nle(id0,id1,dist): 21 51 2.9951692168289523
list:
dist: 2.9951692168289523 vs. 2.9951692168289523
--------
nle(id0,id1,dist): 21 54 3.96998415386983
list:
dist: 3.96998415386983 vs. 3.96998415386983
--------
nle(id0,id1,dist): 19 34 2.9941695299910216
list:
dist: 2.9941695299910216 vs. 2.9941695299910216
--------
nle(id0,id1,dist): 19 24 2.2178013597238504
list:
dist: 2.2178013597238504 vs. 2.2178013597238504
--------
nle(id0,id1,dist): 19 25 1.7211698401846853
list:
dist: 1.7211698401846853 vs. 1.7211698401846853
--------
nle(id0,id1,dist): 19 22 1.6357158048048774
list:
dist: 1.6357158048048774 vs. 1.6357158048048774
--------
nle(id0,id1,dist): 19 23 0.6896425832806563
list:
dist: 0.6896425832806563 vs. 0.6896425832806563
--------
nle(id0,id1,dist): 19 20 2.148887451214271
list:
dist: 2.148887451214271 vs. 2.148887451214271
--------
nle(id0,id1,dist): 19 21 0.8921921670059247
list:
dist: 0.8921921670059247 vs. 0.8921921670059247
--------
nle(id0,id1,dist): 19 33 3.223027980450135
list:
dist: 3.223027980450135 vs. 3.223027980450135
--------
nle(id0,id1,dist): 19 30 3.5050285193327735
list:
dist: 3.5050285193327735 vs. 3.5050285193327735
--------
nle(id0,id1,dist): 19 31 3.533879660970379
list:
dist: 3.533879660970379 vs. 3.533879660970379
--------
nle(id0,id1,dist): 19 28 0.5302671374371922
list:
dist: 0.5302671374371922 vs. 0.5302671374371922
--------
nle(id0,id1,dist): 19 29 1.3856559547813259
list:
dist: 1.3856559547813259 vs. 1.3856559547813259
--------
nle(id0,id1,dist): 19 26 1.7817422278066783
list:
dist: 1.7817422278066783 vs. 1.7817422278066783
--------
nle(id0,id1,dist): 19 27 1.8861298778662887
list:
dist: 1.8861298778662887 vs. 1.8861298778662887
--------
nle(id0,id1,dist): 20 29 2.303812797250613
list:
dist: 2.303812797250613 vs. 2.303812797250613
--------
nle(id0,id1,dist): 19 54 3.948638420533078
list:
dist: 3.948638420533078 vs. 3.948638420533078
--------
nle(id0,id1,dist): 19 51 3.1205084670014167
list:
dist: 3.1205084670014167 vs. 3.1205084670014167
--------
nle(id0,id1,dist): 20 25 1.6079178054104106
list:
dist: 1.6079178054104106 vs. 1.6079178054104106
--------
nle(id0,id1,dist): 20 26 1.9065176378205126
list:
dist: 1.9065176378205126 vs. 1.9065176378205126
--------
nle(id0,id1,dist): 20 27 2.488180243580668
list:
dist: 2.488180243580668 vs. 2.488180243580668
--------
nle(id0,id1,dist): 20 28 1.7999903235846177
list:
dist: 1.7999903235846177 vs. 1.7999903235846177
--------
nle(id0,id1,dist): 20 21 1.795146315092795
list:
dist: 1.795146315092795 vs. 1.795146315092795
--------
nle(id0,id1,dist): 20 22 1.9770877689960569
list:
dist: 1.9770877689960569 vs. 1.9770877689960569
--------
nle(id0,id1,dist): 20 23 1.7605560333086892
list:
dist: 1.7605560333086892 vs. 1.7605560333086892
--------
nle(id0,id1,dist): 20 24 1.2885634018909795
list:
dist: 1.2885634018909795 vs. 1.2885634018909795
--------
nle(id0,id1,dist): 17 51 3.8281097992660063
list:
dist: 3.8281097992660063 vs. 3.8281097992660063
--------
nle(id0,id1,dist): 18 22 2.4320871434216293
list:
dist: 2.4320871434216293 vs. 2.4320871434216293
--------
nle(id0,id1,dist): 18 21 1.6377073223158678
list:
dist: 1.6377073223158678 vs. 1.6377073223158678
--------
nle(id0,id1,dist): 18 20 2.608579561863401
list:
dist: 2.608579561863401 vs. 2.608579561863401
--------
nle(id0,id1,dist): 18 19 0.8555757955296474
list:
dist: 0.8555757955296474 vs. 0.8555757955296474
--------
nle(id0,id1,dist): 17 30 4.037396929707851
list:
dist: 4.037396929707851 vs. 4.037396929707851
--------
nle(id0,id1,dist): 17 31 3.6937515376960186
list:
dist: 3.6937515376960186 vs. 3.6937515376960186
--------
nle(id0,id1,dist): 17 28 1.4581596601325486
list:
dist: 1.4581596601325486 vs. 1.4581596601325486
--------
nle(id0,id1,dist): 17 34 3.165534874471573
list:
dist: 3.165534874471573 vs. 3.165534874471573
--------
nle(id0,id1,dist): 18 51 3.4767544517898457
list:
dist: 3.4767544517898457 vs. 3.4767544517898457
--------
nle(id0,id1,dist): 18 54 4.366800391173006
list:
dist: 4.366800391173006 vs. 4.366800391173006
--------
nle(id0,id1,dist): 18 23 1.0925869457501047
list:
dist: 1.0925869457501047 vs. 1.0925869457501047
--------
nle(id0,id1,dist): 18 24 2.9028832581775847
list:
dist: 2.9028832581775847 vs. 2.9028832581775847
--------
nle(id0,id1,dist): 18 25 1.7459726305812395
list:
dist: 1.7459726305812395 vs. 1.7459726305812395
--------
nle(id0,id1,dist): 18 26 2.220349282695651
list:
dist: 2.220349282695651 vs. 2.220349282695651
--------
nle(id0,id1,dist): 18 27 2.7328616434018533
list:
dist: 2.7328616434018533 vs. 2.7328616434018533
--------
nle(id0,id1,dist): 18 28 0.9605857143022591
list:
dist: 0.9605857143022591 vs. 0.9605857143022591
--------
nle(id0,id1,dist): 18 29 2.211298489341162
list:
dist: 2.211298489341162 vs. 2.211298489341162
--------
nle(id0,id1,dist): 18 30 3.806018160048723
list:
dist: 3.806018160048723 vs. 3.806018160048723
--------
nle(id0,id1,dist): 18 31 3.635086665195219
list:
dist: 3.635086665195219 vs. 3.635086665195219
--------
nle(id0,id1,dist): 18 33 3.494674059929109
list:
dist: 3.494674059929109 vs. 3.494674059929109
--------
nle(id0,id1,dist): 18 34 3.278696426285383
list:
dist: 3.278696426285383 vs. 3.278696426285383
--------
nle(id0,id1,dist): 29 33 3.155363471803583
list:
dist: 3.155363471803583 vs. 3.155363471803583
--------
nle(id0,id1,dist): 29 34 3.1730505445450894
list:
dist: 3.1730505445450894 vs. 3.1730505445450894
--------
nle(id0,id1,dist): 29 54 3.4313675537458956
list:
dist: 3.4313675537458956 vs. 3.4313675537458956
--------
nle(id0,id1,dist): 29 51 3.017375013487001
list:
dist: 3.017375013487001 vs. 3.017375013487001
--------
nle(id0,id1,dist): 30 42 0.9838501545674417
list:
dist: 0.9838501545674417 vs. 0.9838501545674417
--------
nle(id0,id1,dist): 30 41 2.134431220013822
list:
dist: 2.134431220013822 vs. 2.134431220013822
--------
nle(id0,id1,dist): 30 40 1.4398994033339865
list:
dist: 1.4398994033339865 vs. 1.4398994033339865
--------
nle(id0,id1,dist): 30 38 2.265934168116857
list:
dist: 2.265934168116857 vs. 2.265934168116857
--------
nle(id0,id1,dist): 30 37 0.6798594358824734
list:
dist: 0.6798594358824734 vs. 0.6798594358824734
--------
nle(id0,id1,dist): 30 36 1.7414247450506906
list:
dist: 1.7414247450506906 vs. 1.7414247450506906
--------
nle(id0,id1,dist): 30 35 1.4180386083343766
list:
dist: 1.4180386083343766 vs. 1.4180386083343766
--------
nle(id0,id1,dist): 30 34 0.971215164749584
list:
dist: 0.971215164749584 vs. 0.971215164749584
--------
nle(id0,id1,dist): 30 33 0.964601559677429
list:
dist: 0.964601559677429 vs. 0.964601559677429
--------
nle(id0,id1,dist): 30 32 1.1696198456375289
list:
dist: 1.1696198456375289 vs. 1.1696198456375289
--------
nle(id0,id1,dist): 30 31 1.037519115879255
list:
dist: 1.037519115879255 vs. 1.037519115879255
--------
nle(id0,id1,dist): 30 57 2.644658238149877
list:
dist: 2.644658238149877 vs. 2.644658238149877
--------
nle(id0,id1,dist): 30 58 2.0954000695446795
list:
dist: 2.0954000695446795 vs. 2.0954000695446795
--------
nle(id0,id1,dist): 30 55 1.245667577500098
list:
dist: 1.245667577500098 vs. 1.245667577500098
--------
nle(id0,id1,dist): 30 56 1.8164205917315108
list:
dist: 1.8164205917315108 vs. 1.8164205917315108
--------
nle(id0,id1,dist): 30 54 1.9777231836501725
list:
dist: 1.9777231836501725 vs. 1.9777231836501725
--------
nle(id0,id1,dist): 30 51 0.48680591575346777
list:
dist: 0.48680591575346777 vs. 0.48680591575346777
--------
nle(id0,id1,dist): 30 52 1.7875056389861952
list:
dist: 1.7875056389861952 vs. 1.7875056389861952
--------
nle(id0,id1,dist): 30 49 2.6652203402859174
list:
dist: 2.6652203402859174 vs. 2.6652203402859174
--------
nle(id0,id1,dist): 30 47 1.310296136890458
list:
dist: 1.310296136890458 vs. 1.310296136890458
--------
nle(id0,id1,dist): 30 48 1.2056139910679606
list:
dist: 1.2056139910679606 vs. 1.2056139910679606
--------
nle(id0,id1,dist): 30 46 1.5454625832821907
list:
dist: 1.5454625832821907 vs. 1.5454625832821907
--------
nle(id0,id1,dist): 30 43 2.5055492407622997
list:
dist: 2.5055492407622997 vs. 2.5055492407622997
--------
nle(id0,id1,dist): 30 44 2.0963677818574338
list:
dist: 2.0963677818574338 vs. 2.0963677818574338
--------
nle(id0,id1,dist): 27 51 2.8041918079452435
list:
dist: 2.8041918079452435 vs. 2.8041918079452435
--------
nle(id0,id1,dist): 27 54 3.3102902111119676
list:
dist: 3.3102902111119676 vs. 3.3102902111119676
--------
nle(id0,id1,dist): 27 47 3.918152366107194
list:
dist: 3.918152366107194 vs. 3.918152366107194
--------
nle(id0,id1,dist): 28 29 1.6678845448354087
list:
dist: 1.6678845448354087 vs. 1.6678845448354087
--------
nle(id0,id1,dist): 28 30 3.737455085402162
list:
dist: 3.737455085402162 vs. 3.737455085402162
--------
nle(id0,id1,dist): 28 31 3.681658556533343
list:
dist: 3.681658556533343 vs. 3.681658556533343
--------
nle(id0,id1,dist): 28 33 3.5722134328003583
list:
dist: 3.5722134328003583 vs. 3.5722134328003583
--------
nle(id0,id1,dist): 28 34 3.1091388625961414
list:
dist: 3.1091388625961414 vs. 3.1091388625961414
--------
nle(id0,id1,dist): 28 51 3.3862826990418555
list:
dist: 3.3862826990418555 vs. 3.3862826990418555
--------
nle(id0,id1,dist): 29 30 3.47657275458821
list:
dist: 3.47657275458821 vs. 3.47657275458821
--------
nle(id0,id1,dist): 29 31 3.881969392477291
list:
dist: 3.881969392477291 vs. 3.881969392477291
--------
nle(id0,id1,dist): 28 54 4.361776728658887
list:
dist: 4.361776728658887 vs. 4.361776728658887
--------
nle(id0,id1,dist): 25 54 5.422773698323051
list:
dist: 5.422773698323051 vs. 5.422773698323051
--------
nle(id0,id1,dist): 26 27 2.1436453318063373
list:
dist: 2.1436453318063373 vs. 2.1436453318063373
--------
nle(id0,id1,dist): 26 28 1.4025812906944994
list:
dist: 1.4025812906944994 vs. 1.4025812906944994
--------
nle(id0,id1,dist): 26 29 2.24988260828478
list:
dist: 2.24988260828478 vs. 2.24988260828478
--------
nle(id0,id1,dist): 26 30 3.601503045216178
list:
dist: 3.601503045216178 vs. 3.601503045216178
--------
nle(id0,id1,dist): 26 31 3.5024755223528174
list:
dist: 3.5024755223528174 vs. 3.5024755223528174
--------
nle(id0,id1,dist): 26 34 2.772144387163976
list:
dist: 2.772144387163976 vs. 2.772144387163976
--------
nle(id0,id1,dist): 26 33 3.7919140261963804
list:
dist: 3.7919140261963804 vs. 3.7919140261963804
--------
nle(id0,id1,dist): 26 54 4.640206777147275
list:
dist: 4.640206777147275 vs. 4.640206777147275
--------
nle(id0,id1,dist): 26 51 3.3456985745846968
list:
dist: 3.3456985745846968 vs. 3.3456985745846968
--------
nle(id0,id1,dist): 26 47 4.492829037528497
list:
dist: 4.492829037528497 vs. 4.492829037528497
--------
nle(id0,id1,dist): 27 33 3.0856411324645245
list:
dist: 3.0856411324645245 vs. 3.0856411324645245
--------
nle(id0,id1,dist): 27 31 3.7301610838913324
list:
dist: 3.7301610838913324 vs. 3.7301610838913324
--------
nle(id0,id1,dist): 27 30 3.2386361115624243
list:
dist: 3.2386361115624243 vs. 3.2386361115624243
--------
nle(id0,id1,dist): 27 29 0.7543058226260835
list:
dist: 0.7543058226260835 vs. 0.7543058226260835
--------
nle(id0,id1,dist): 27 28 2.0551493415412376
list:
dist: 2.0551493415412376 vs. 2.0551493415412376
--------
nle(id0,id1,dist): 27 34 2.9209979434682998
list:
dist: 2.9209979434682998 vs. 2.9209979434682998
--------
nle(id0,id1,dist): 24 25 2.006956762276887
list:
dist: 2.006956762276887 vs. 2.006956762276887
--------
nle(id0,id1,dist): 24 26 1.3375878757851067
list:
dist: 1.3375878757851067 vs. 1.3375878757851067
--------
nle(id0,id1,dist): 24 27 1.736483592249184
list:
dist: 1.736483592249184 vs. 1.736483592249184
--------
nle(id0,id1,dist): 24 28 1.943332938775848
list:
dist: 1.943332938775848 vs. 1.943332938775848
--------
nle(id0,id1,dist): 24 29 1.9605723569290834
list:
dist: 1.9605723569290834 vs. 1.9605723569290834
--------
nle(id0,id1,dist): 25 26 1.3057613812207454
list:
dist: 1.3057613812207454 vs. 1.3057613812207454
--------
nle(id0,id1,dist): 25 27 2.922470643679732
list:
dist: 2.922470643679732 vs. 2.922470643679732
--------
nle(id0,id1,dist): 25 30 4.503422296888503
list:
dist: 4.503422296888503 vs. 4.503422296888503
--------
nle(id0,id1,dist): 25 31 4.26370544856451
list:
dist: 4.26370544856451 vs. 4.26370544856451
--------
nle(id0,id1,dist): 25 28 1.196666028674411
list:
dist: 1.196666028674411 vs. 1.196666028674411
--------
nle(id0,id1,dist): 25 29 2.695374127372965
list:
dist: 2.695374127372965 vs. 2.695374127372965
--------
nle(id0,id1,dist): 25 34 3.703832166143383
list:
dist: 3.703832166143383 vs. 3.703832166143383
--------
nle(id0,id1,dist): 25 33 4.521245157871149
list:
dist: 4.521245157871149 vs. 4.521245157871149
--------
nle(id0,id1,dist): 25 51 4.228958244961096
list:
dist: 4.228958244961096 vs. 4.228958244961096
--------
nle(id0,id1,dist): 62 79 1.9900718768631807
list:
dist: 1.9900718768631807 vs. 1.9900718768631807
--------
nle(id0,id1,dist): 62 80 1.7943939903601966
list:
dist: 1.7943939903601966 vs. 1.7943939903601966
--------
nle(id0,id1,dist): 62 81 2.0380120307409797
list:
dist: 2.0380120307409797 vs. 2.0380120307409797
--------
nle(id0,id1,dist): 62 82 2.978255523636241
list:
dist: 2.978255523636241 vs. 2.978255523636241
--------
nle(id0,id1,dist): 62 75 0.5577882850779613
list:
dist: 0.5577882850779613 vs. 0.5577882850779613
--------
nle(id0,id1,dist): 62 76 1.7816849210119547
list:
dist: 1.7816849210119547 vs. 1.7816849210119547
--------
nle(id0,id1,dist): 62 77 0.8655681782942304
list:
dist: 0.8655681782942304 vs. 0.8655681782942304
--------
nle(id0,id1,dist): 62 78 1.02376068270749
list:
dist: 1.02376068270749 vs. 1.02376068270749
--------
nle(id0,id1,dist): 62 87 3.132687502910144
list:
dist: 3.132687502910144 vs. 3.132687502910144
--------
nle(id0,id1,dist): 62 88 2.0782639486268195
list:
dist: 2.0782639486268195 vs. 2.0782639486268195
--------
nle(id0,id1,dist): 62 90 4.112964483850323
list:
dist: 4.112964483850323 vs. 4.112964483850323
--------
nle(id0,id1,dist): 62 83 1.362002614152621
list:
dist: 1.362002614152621 vs. 1.362002614152621
--------
nle(id0,id1,dist): 62 85 1.4135773009128845
list:
dist: 1.4135773009128845 vs. 1.4135773009128845
--------
nle(id0,id1,dist): 62 64 2.2771738515859545
list:
dist: 2.2771738515859545 vs. 2.2771738515859545
--------
nle(id0,id1,dist): 62 63 1.1781368792967286
list:
dist: 1.1781368792967286 vs. 1.1781368792967286
--------
nle(id0,id1,dist): 62 66 2.0707565858480326
list:
dist: 2.0707565858480326 vs. 2.0707565858480326
--------
nle(id0,id1,dist): 62 65 1.0861950940629517
list:
dist: 1.0861950940629517 vs. 1.0861950940629517
--------
nle(id0,id1,dist): 61 99 2.9435588187518933
list:
dist: 2.9435588187518933 vs. 2.9435588187518933
--------
nle(id0,id1,dist): 61 98 3.679298124597132
list:
dist: 3.679298124597132 vs. 3.679298124597132
--------
nle(id0,id1,dist): 62 72 1.3093763287671463
list:
dist: 1.3093763287671463 vs. 1.3093763287671463
--------
nle(id0,id1,dist): 62 71 1.2626565771741842
list:
dist: 1.2626565771741842 vs. 1.2626565771741842
--------
nle(id0,id1,dist): 62 74 2.36537267503107
list:
dist: 2.36537267503107 vs. 2.36537267503107
--------
nle(id0,id1,dist): 62 73 1.4894627521640778
list:
dist: 1.4894627521640778 vs. 1.4894627521640778
--------
nle(id0,id1,dist): 62 68 2.6405320008101465
list:
dist: 2.6405320008101465 vs. 2.6405320008101465
--------
nle(id0,id1,dist): 62 67 1.6022349496773656
list:
dist: 1.6022349496773656 vs. 1.6022349496773656
--------
nle(id0,id1,dist): 62 70 1.847906790521123
list:
dist: 1.847906790521123 vs. 1.847906790521123
--------
nle(id0,id1,dist): 62 69 1.6194850508065162
list:
dist: 1.6194850508065162 vs. 1.6194850508065162
--------
nle(id0,id1,dist): 61 85 3.1156999536853434
list:
dist: 3.1156999536853434 vs. 3.1156999536853434
--------
nle(id0,id1,dist): 61 82 3.7675867653064747
list:
dist: 3.7675867653064747 vs. 3.7675867653064747
--------
nle(id0,id1,dist): 61 83 2.956967211384156
list:
dist: 2.956967211384156 vs. 2.956967211384156
--------
nle(id0,id1,dist): 61 94 3.794208443722775
list:
dist: 3.794208443722775 vs. 3.794208443722775
--------
nle(id0,id1,dist): 61 92 3.543652917721663
list:
dist: 3.543652917721663 vs. 3.543652917721663
--------
nle(id0,id1,dist): 61 90 3.567586777991026
list:
dist: 3.567586777991026 vs. 3.567586777991026
--------
nle(id0,id1,dist): 61 91 4.20196499030294
list:
dist: 4.20196499030294 vs. 4.20196499030294
--------
nle(id0,id1,dist): 61 88 4.175311588982321
list:
dist: 4.175311588982321 vs. 4.175311588982321
--------
nle(id0,id1,dist): 61 71 1.6152290345291482
list:
dist: 1.6152290345291482 vs. 1.6152290345291482
--------
nle(id0,id1,dist): 61 70 2.79749576526349
list:
dist: 2.79749576526349 vs. 2.79749576526349
--------
nle(id0,id1,dist): 61 65 1.7921768680149706
list:
dist: 1.7921768680149706 vs. 1.7921768680149706
--------
nle(id0,id1,dist): 61 75 2.5523635853266837
list:
dist: 2.5523635853266837 vs. 2.5523635853266837
--------
nle(id0,id1,dist): 61 72 2.870934666767442
list:
dist: 2.870934666767442 vs. 2.870934666767442
--------
nle(id0,id1,dist): 64 65 1.370778231817918
list:
dist: 1.370778231817918 vs. 1.370778231817918
--------
nle(id0,id1,dist): 64 66 1.297863705721336
list:
dist: 1.297863705721336 vs. 1.297863705721336
--------
nle(id0,id1,dist): 64 67 2.0298163746205486
list:
dist: 2.0298163746205486 vs. 2.0298163746205486
--------
nle(id0,id1,dist): 64 68 2.687561932318434
list:
dist: 2.687561932318434 vs. 2.687561932318434
--------
nle(id0,id1,dist): 64 69 1.9698412337739362
list:
dist: 1.9698412337739362 vs. 1.9698412337739362
--------
nle(id0,id1,dist): 64 70 2.712611744986865
list:
dist: 2.712611744986865 vs. 2.712611744986865
--------
nle(id0,id1,dist): 64 71 2.5604274389155526
list:
dist: 2.5604274389155526 vs. 2.5604274389155526
--------
nle(id0,id1,dist): 64 72 3.419390903460259
list:
dist: 3.419390903460259 vs. 3.419390903460259
--------
nle(id0,id1,dist): 64 73 2.1998944147982487
list:
dist: 2.1998944147982487 vs. 2.1998944147982487
--------
nle(id0,id1,dist): 64 74 2.129019119923879
list:
dist: 2.129019119923879 vs. 2.129019119923879
--------
nle(id0,id1,dist): 64 75 2.238378441463258
list:
dist: 2.238378441463258 vs. 2.238378441463258
--------
nle(id0,id1,dist): 64 76 3.672202945994716
list:
dist: 3.672202945994716 vs. 3.672202945994716
--------
nle(id0,id1,dist): 64 77 2.5797869852351556
list:
dist: 2.5797869852351556 vs. 2.5797869852351556
--------
nle(id0,id1,dist): 64 78 2.4438161907668103
list:
dist: 2.4438161907668103 vs. 2.4438161907668103
--------
nle(id0,id1,dist): 64 80 2.238654835088104
list:
dist: 2.238654835088104 vs. 2.238654835088104
--------
nle(id0,id1,dist): 63 87 2.726515410008803
list:
dist: 2.726515410008803 vs. 2.726515410008803
--------
nle(id0,id1,dist): 63 88 2.379107186247859
list:
dist: 2.379107186247859 vs. 2.379107186247859
--------
nle(id0,id1,dist): 63 99 3.4320726471924035
list:
dist: 3.4320726471924035 vs. 3.4320726471924035
--------
nle(id0,id1,dist): 63 72 2.2123482156279466
list:
dist: 2.2123482156279466 vs. 2.2123482156279466
--------
nle(id0,id1,dist): 63 73 0.9857304366336573
list:
dist: 0.9857304366336573 vs. 0.9857304366336573
--------
nle(id0,id1,dist): 63 70 1.8076179942225872
list:
dist: 1.8076179942225872 vs. 1.8076179942225872
--------
nle(id0,id1,dist): 63 71 1.92810922598637
list:
dist: 1.92810922598637 vs. 1.92810922598637
--------
nle(id0,id1,dist): 63 76 2.1813292570373712
list:
dist: 2.1813292570373712 vs. 2.1813292570373712
--------
nle(id0,id1,dist): 63 77 1.2558439994709214
list:
dist: 1.2558439994709214 vs. 1.2558439994709214
--------
nle(id0,id1,dist): 63 74 1.4045175093326767
list:
dist: 1.4045175093326767 vs. 1.4045175093326767
--------
nle(id0,id1,dist): 63 75 0.985427234674945
list:
dist: 0.985427234674945 vs. 0.985427234674945
--------
nle(id0,id1,dist): 63 80 0.9815046130056014
list:
dist: 0.9815046130056014 vs. 0.9815046130056014
--------
nle(id0,id1,dist): 63 81 1.9107164843797537
list:
dist: 1.9107164843797537 vs. 1.9107164843797537
--------
nle(id0,id1,dist): 63 78 1.242793513620391
list:
dist: 1.242793513620391 vs. 1.242793513620391
--------
nle(id0,id1,dist): 63 79 2.1661872948186196
list:
dist: 2.1661872948186196 vs. 2.1661872948186196
--------
nle(id0,id1,dist): 63 85 2.4806509819674307
list:
dist: 2.4806509819674307 vs. 2.4806509819674307
--------
nle(id0,id1,dist): 63 83 1.3589375021396075
list:
dist: 1.3589375021396075 vs. 1.3589375021396075
--------
nle(id0,id1,dist): 62 94 3.544556042733553
list:
dist: 3.544556042733553 vs. 3.544556042733553
--------
nle(id0,id1,dist): 62 92 3.6187405930396443
list:
dist: 3.6187405930396443 vs. 3.6187405930396443
--------
nle(id0,id1,dist): 62 91 4.9900827996184605
list:
dist: 4.9900827996184605 vs. 4.9900827996184605
--------
nle(id0,id1,dist): 62 98 3.3188518760157013
list:
dist: 3.3188518760157013 vs. 3.3188518760157013
--------
nle(id0,id1,dist): 63 65 1.122805396425488
list:
dist: 1.122805396425488 vs. 1.122805396425488
--------
nle(id0,id1,dist): 63 64 1.5199039709385886
list:
dist: 1.5199039709385886 vs. 1.5199039709385886
--------
nle(id0,id1,dist): 62 99 2.474095150131271
list:
dist: 2.474095150131271 vs. 2.474095150131271
--------
nle(id0,id1,dist): 63 69 0.664880001710332
list:
dist: 0.664880001710332 vs. 0.664880001710332
--------
nle(id0,id1,dist): 63 68 2.072617276043653
list:
dist: 2.072617276043653 vs. 2.072617276043653
--------
nle(id0,id1,dist): 63 67 1.1907209139644503
list:
dist: 1.1907209139644503 vs. 1.1907209139644503
--------
nle(id0,id1,dist): 63 66 1.4964284353658337
list:
dist: 1.4964284353658337 vs. 1.4964284353658337
--------
nle(id0,id1,dist): 58 59 1.9226998478151518
list:
dist: 1.9226998478151518 vs. 1.9226998478151518
--------
nle(id0,id1,dist): 61 62 2.4202267678888454
list:
dist: 2.4202267678888454 vs. 2.4202267678888454
--------
nle(id0,id1,dist): 60 77 3.6599087166771525
list:
dist: 3.6599087166771525 vs. 3.6599087166771525
--------
nle(id0,id1,dist): 60 78 3.5816819839870764
list:
dist: 3.5816819839870764 vs. 3.5816819839870764
--------
nle(id0,id1,dist): 60 69 3.414557753351774
list:
dist: 3.414557753351774 vs. 3.414557753351774
--------
nle(id0,id1,dist): 60 71 2.675376296038074
list:
dist: 2.675376296038074 vs. 2.675376296038074
--------
nle(id0,id1,dist): 60 73 3.6104700457029746
list:
dist: 3.6104700457029746 vs. 3.6104700457029746
--------
nle(id0,id1,dist): 60 74 3.768728197040725
list:
dist: 3.768728197040725 vs. 3.768728197040725
--------
nle(id0,id1,dist): 60 75 3.074375449591672
list:
dist: 3.074375449591672 vs. 3.074375449591672
--------
nle(id0,id1,dist): 60 64 1.6779576307475619
list:
dist: 1.6779576307475619 vs. 1.6779576307475619
--------
nle(id0,id1,dist): 60 63 2.8187949631456544
list:
dist: 2.8187949631456544 vs. 2.8187949631456544
--------
nle(id0,id1,dist): 60 62 3.029279440247291
list:
dist: 3.029279440247291 vs. 3.029279440247291
--------
nle(id0,id1,dist): 60 61 1.739323839714497
list:
dist: 1.739323839714497 vs. 1.739323839714497
--------
nle(id0,id1,dist): 60 68 4.211254276427374
list:
dist: 4.211254276427374 vs. 4.211254276427374
--------
nle(id0,id1,dist): 60 67 3.4063759618116283
list:
dist: 3.4063759618116283 vs. 3.4063759618116283
--------
nle(id0,id1,dist): 60 66 2.6409940758180968
list:
dist: 2.6409940758180968 vs. 2.6409940758180968
--------
nle(id0,id1,dist): 60 65 1.9649815129257517
list:
dist: 1.9649815129257517 vs. 1.9649815129257517
--------
nle(id0,id1,dist): 68 99 3.9149758983300216
list:
dist: 3.9149758983300216 vs. 3.9149758983300216
--------
nle(id0,id1,dist): 69 71 2.4439907620343155
list:
dist: 2.4439907620343155 vs. 2.4439907620343155
--------
nle(id0,id1,dist): 69 70 2.0005560020389157
list:
dist: 2.0005560020389157 vs. 2.0005560020389157
--------
nle(id0,id1,dist): 69 78 1.3688595712883773
list:
dist: 1.3688595712883773 vs. 1.3688595712883773
--------
nle(id0,id1,dist): 69 79 2.063169322064512
list:
dist: 2.063169322064512 vs. 2.063169322064512
--------
nle(id0,id1,dist): 69 76 2.001875561708348
list:
dist: 2.001875561708348 vs. 2.001875561708348
--------
nle(id0,id1,dist): 69 77 1.3671313046159972
list:
dist: 1.3671313046159972 vs. 1.3671313046159972
--------
nle(id0,id1,dist): 69 74 0.9903262732141254
list:
dist: 0.9903262732141254 vs. 0.9903262732141254
--------
nle(id0,id1,dist): 69 75 1.35477895096295
list:
dist: 1.35477895096295 vs. 1.35477895096295
--------
nle(id0,id1,dist): 69 72 2.4477521632311556
list:
dist: 2.4477521632311556 vs. 2.4477521632311556
--------
nle(id0,id1,dist): 69 73 0.8123491712129554
list:
dist: 0.8123491712129554 vs. 0.8123491712129554
--------
nle(id0,id1,dist): 69 87 2.1290440346990187
list:
dist: 2.1290440346990187 vs. 2.1290440346990187
--------
nle(id0,id1,dist): 69 85 2.7092195717457224
list:
dist: 2.7092195717457224 vs. 2.7092195717457224
--------
nle(id0,id1,dist): 69 83 1.4762370018728619
list:
dist: 1.4762370018728619 vs. 1.4762370018728619
--------
nle(id0,id1,dist): 69 80 0.6038929518333085
list:
dist: 0.6038929518333085 vs. 0.6038929518333085
--------
nle(id0,id1,dist): 69 81 1.5239475385235015
list:
dist: 1.5239475385235015 vs. 1.5239475385235015
--------
nle(id0,id1,dist): 67 99 3.1194508894450177
list:
dist: 3.1194508894450177 vs. 3.1194508894450177
--------
nle(id0,id1,dist): 68 74 1.1235356814199242
list:
dist: 1.1235356814199242 vs. 1.1235356814199242
--------
nle(id0,id1,dist): 68 73 1.2730380264407388
list:
dist: 1.2730380264407388 vs. 1.2730380264407388
--------
nle(id0,id1,dist): 68 76 2.723565758450207
list:
dist: 2.723565758450207 vs. 2.723565758450207
--------
nle(id0,id1,dist): 68 75 2.7517158450094947
list:
dist: 2.7517158450094947 vs. 2.7517158450094947
--------
nle(id0,id1,dist): 68 70 3.780190227109926
list:
dist: 3.780190227109926 vs. 3.780190227109926
--------
nle(id0,id1,dist): 68 69 1.8402093689322372
list:
dist: 1.8402093689322372 vs. 1.8402093689322372
--------
nle(id0,id1,dist): 68 72 3.6880271638165625
list:
dist: 3.6880271638165625 vs. 3.6880271638165625
--------
nle(id0,id1,dist): 68 71 3.802951998390055
list:
dist: 3.802951998390055 vs. 3.802951998390055
--------
nle(id0,id1,dist): 68 81 2.7588239035938886
list:
dist: 2.7588239035938886 vs. 2.7588239035938886
--------
nle(id0,id1,dist): 68 83 3.188432625874371
list:
dist: 3.188432625874371 vs. 3.188432625874371
--------
nle(id0,id1,dist): 68 77 2.002718819690148
list:
dist: 2.002718819690148 vs. 2.002718819690148
--------
nle(id0,id1,dist): 68 78 1.7275293631322066
list:
dist: 1.7275293631322066 vs. 1.7275293631322066
--------
nle(id0,id1,dist): 68 79 1.544103035231969
list:
dist: 1.544103035231969 vs. 1.544103035231969
--------
nle(id0,id1,dist): 68 80 2.4097581840939006
list:
dist: 2.4097581840939006 vs. 2.4097581840939006
--------
nle(id0,id1,dist): 68 85 3.579979837408071
list:
dist: 3.579979837408071 vs. 3.579979837408071
--------
nle(id0,id1,dist): 68 87 2.3117893533965743
list:
dist: 2.3117893533965743 vs. 2.3117893533965743
--------
nle(id0,id1,dist): 68 88 3.375342585731706
list:
dist: 3.375342585731706 vs. 3.375342585731706
--------
nle(id0,id1,dist): 70 86 3.017512168832687
list:
dist: 3.017512168832687 vs. 3.017512168832687
--------
nle(id0,id1,dist): 70 85 2.4212500251977085
list:
dist: 2.4212500251977085 vs. 2.4212500251977085
--------
nle(id0,id1,dist): 70 84 3.2713250805388023
list:
dist: 3.2713250805388023 vs. 3.2713250805388023
--------
nle(id0,id1,dist): 70 83 0.7015155558688585
list:
dist: 0.7015155558688585 vs. 0.7015155558688585
--------
nle(id0,id1,dist): 70 89 3.2277013219913235
list:
dist: 3.2277013219913235 vs. 3.2277013219913235
--------
nle(id0,id1,dist): 70 88 2.0724084177822446
list:
dist: 2.0724084177822446 vs. 2.0724084177822446
--------
nle(id0,id1,dist): 70 87 3.485696343556683
list:
dist: 3.485696343556683 vs. 3.485696343556683
--------
nle(id0,id1,dist): 71 72 1.3531401263065401
list:
dist: 1.3531401263065401 vs. 1.3531401263065401
--------
nle(id0,id1,dist): 71 73 2.6240757200722196
list:
dist: 2.6240757200722196 vs. 2.6240757200722196
--------
nle(id0,id1,dist): 71 76 2.685686607691676
list:
dist: 2.685686607691676 vs. 2.685686607691676
--------
nle(id0,id1,dist): 71 77 2.0995325848014716
list:
dist: 2.0995325848014716 vs. 2.0995325848014716
--------
nle(id0,id1,dist): 71 74 3.3217618476712576
list:
dist: 3.3217618476712576 vs. 3.3217618476712576
--------
nle(id0,id1,dist): 71 75 1.1896515822303024
list:
dist: 1.1896515822303024 vs. 1.1896515822303024
--------
nle(id0,id1,dist): 69 88 2.1793512310378715
list:
dist: 2.1793512310378715 vs. 2.1793512310378715
--------
nle(id0,id1,dist): 69 99 3.8909059175745706
list:
dist: 3.8909059175745706 vs. 3.8909059175745706
--------
nle(id0,id1,dist): 70 71 1.4281743767061486
list:
dist: 1.4281743767061486 vs. 1.4281743767061486
--------
nle(id0,id1,dist): 70 72 1.7140142397603555
list:
dist: 1.7140142397603555 vs. 1.7140142397603555
--------
nle(id0,id1,dist): 70 73 2.553087349357383
list:
dist: 2.553087349357383 vs. 2.553087349357383
--------
nle(id0,id1,dist): 70 74 2.9704652293067126
list:
dist: 2.9704652293067126 vs. 2.9704652293067126
--------
nle(id0,id1,dist): 70 75 1.3338834034855824
list:
dist: 1.3338834034855824 vs. 1.3338834034855824
--------
nle(id0,id1,dist): 70 76 2.543918497876265
list:
dist: 2.543918497876265 vs. 2.543918497876265
--------
nle(id0,id1,dist): 70 77 2.329631981844481
list:
dist: 2.329631981844481 vs. 2.329631981844481
--------
nle(id0,id1,dist): 70 78 2.5588900638002485
list:
dist: 2.5588900638002485 vs. 2.5588900638002485
--------
nle(id0,id1,dist): 70 80 1.5812231812364672
list:
dist: 1.5812231812364672 vs. 1.5812231812364672
--------
nle(id0,id1,dist): 70 81 2.0377492113232214
list:
dist: 2.0377492113232214 vs. 2.0377492113232214
--------
nle(id0,id1,dist): 70 82 1.8680022579707913
list:
dist: 1.8680022579707913 vs. 1.8680022579707913
--------
nle(id0,id1,dist): 65 90 4.279305136348581
list:
dist: 4.279305136348581 vs. 4.279305136348581
--------
nle(id0,id1,dist): 65 91 5.0922763708100085
list:
dist: 5.0922763708100085 vs. 5.0922763708100085
--------
nle(id0,id1,dist): 65 88 2.9663427094515904
list:
dist: 2.9663427094515904 vs. 2.9663427094515904
--------
nle(id0,id1,dist): 65 87 3.773821473949633
list:
dist: 3.773821473949633 vs. 3.773821473949633
--------
nle(id0,id1,dist): 65 85 2.4081902075915087
list:
dist: 2.4081902075915087 vs. 2.4081902075915087
--------
nle(id0,id1,dist): 65 82 3.4565146105136453
list:
dist: 3.4565146105136453 vs. 3.4565146105136453
--------
nle(id0,id1,dist): 65 83 1.7390986933816914
list:
dist: 1.7390986933816914 vs. 1.7390986933816914
--------
nle(id0,id1,dist): 65 80 1.9704054670995568
list:
dist: 1.9704054670995568 vs. 1.9704054670995568
--------
nle(id0,id1,dist): 65 81 2.762883183335014
list:
dist: 2.762883183335014 vs. 2.762883183335014
--------
nle(id0,id1,dist): 65 78 1.7257068901630994
list:
dist: 1.7257068901630994 vs. 1.7257068901630994
--------
nle(id0,id1,dist): 65 79 2.731217209858798
list:
dist: 2.731217209858798 vs. 2.731217209858798
--------
nle(id0,id1,dist): 65 76 2.785384559675757
list:
dist: 2.785384559675757 vs. 2.785384559675757
--------
nle(id0,id1,dist): 65 77 1.7340270093318748
list:
dist: 1.7340270093318748 vs. 1.7340270093318748
--------
nle(id0,id1,dist): 66 70 3.2283486001546704
list:
dist: 3.2283486001546704 vs. 3.2283486001546704
--------
nle(id0,id1,dist): 66 69 1.8009175602986984
list:
dist: 1.8009175602986984 vs. 1.8009175602986984
--------
nle(id0,id1,dist): 66 68 1.6113795788858798
list:
dist: 1.6113795788858798 vs. 1.6113795788858798
--------
nle(id0,id1,dist): 66 67 1.0740994810176678
list:
dist: 1.0740994810176678 vs. 1.0740994810176678
--------
nle(id0,id1,dist): 65 99 2.839340228444203
list:
dist: 2.839340228444203 vs. 2.839340228444203
--------
nle(id0,id1,dist): 65 98 3.766407033462535
list:
dist: 3.766407033462535 vs. 3.766407033462535
--------
nle(id0,id1,dist): 65 94 4.077829830112382
list:
dist: 4.077829830112382 vs. 4.077829830112382
--------
nle(id0,id1,dist): 65 92 3.8228646606090546
list:
dist: 3.8228646606090546 vs. 3.8228646606090546
--------
nle(id0,id1,dist): 64 85 3.684646957796315
list:
dist: 3.684646957796315 vs. 3.684646957796315
--------
nle(id0,id1,dist): 64 87 4.028156016965154
list:
dist: 4.028156016965154 vs. 4.028156016965154
--------
nle(id0,id1,dist): 64 88 3.871302977366789
list:
dist: 3.871302977366789 vs. 3.871302977366789
--------
nle(id0,id1,dist): 64 81 3.4008496287937438
list:
dist: 3.4008496287937438 vs. 3.4008496287937438
--------
nle(id0,id1,dist): 64 83 2.5937342415786153
list:
dist: 2.5937342415786153 vs. 2.5937342415786153
--------
nle(id0,id1,dist): 65 73 1.8842846340380675
list:
dist: 1.8842846340380675 vs. 1.8842846340380675
--------
nle(id0,id1,dist): 65 72 2.158250906465926
list:
dist: 2.158250906465926 vs. 2.158250906465926
--------
nle(id0,id1,dist): 65 75 1.16023829802857
list:
dist: 1.16023829802857 vs. 1.16023829802857
--------
nle(id0,id1,dist): 65 74 2.412874330555121
list:
dist: 2.412874330555121 vs. 2.412874330555121
--------
nle(id0,id1,dist): 65 69 1.7860304904114754
list:
dist: 1.7860304904114754 vs. 1.7860304904114754
--------
nle(id0,id1,dist): 65 68 2.8465678737461233
list:
dist: 2.8465678737461233 vs. 2.8465678737461233
--------
nle(id0,id1,dist): 65 71 1.2868236245866986
list:
dist: 1.2868236245866986 vs. 1.2868236245866986
--------
nle(id0,id1,dist): 65 70 1.9274065509023672
list:
dist: 1.9274065509023672 vs. 1.9274065509023672
--------
nle(id0,id1,dist): 65 67 1.8282979729538291
list:
dist: 1.8282979729538291 vs. 1.8282979729538291
--------
nle(id0,id1,dist): 65 66 1.6812967856180314
list:
dist: 1.6812967856180314 vs. 1.6812967856180314
--------
nle(id0,id1,dist): 67 76 2.180719585952569
list:
dist: 2.180719585952569 vs. 2.180719585952569
--------
nle(id0,id1,dist): 67 77 1.1244776223447033
list:
dist: 1.1244776223447033 vs. 1.1244776223447033
--------
nle(id0,id1,dist): 67 74 1.1694379918847504
list:
dist: 1.1694379918847504 vs. 1.1694379918847504
--------
nle(id0,id1,dist): 67 75 1.7678447223245677
list:
dist: 1.7678447223245677 vs. 1.7678447223245677
--------
nle(id0,id1,dist): 67 80 1.8279096650545834
list:
dist: 1.8279096650545834 vs. 1.8279096650545834
--------
nle(id0,id1,dist): 67 81 2.291639541388866
list:
dist: 2.291639541388866 vs. 2.291639541388866
--------
nle(id0,id1,dist): 67 78 0.8265391720623468
list:
dist: 0.8265391720623468 vs. 0.8265391720623468
--------
nle(id0,id1,dist): 67 79 1.2958269809262937
list:
dist: 1.2958269809262937 vs. 1.2958269809262937
--------
nle(id0,id1,dist): 67 68 1.0676676173273671
list:
dist: 1.0676676173273671 vs. 1.0676676173273671
--------
nle(id0,id1,dist): 67 69 1.2430810244670538
list:
dist: 1.2430810244670538 vs. 1.2430810244670538
--------
nle(id0,id1,dist): 67 72 2.756431697090866
list:
dist: 2.756431697090866 vs. 2.756431697090866
--------
nle(id0,id1,dist): 67 73 0.5686988815847615
list:
dist: 0.5686988815847615 vs. 0.5686988815847615
--------
nle(id0,id1,dist): 67 70 2.91175668906005
list:
dist: 2.91175668906005 vs. 2.91175668906005
--------
nle(id0,id1,dist): 67 71 2.7530327515256108
list:
dist: 2.7530327515256108 vs. 2.7530327515256108
--------
nle(id0,id1,dist): 67 85 2.6957670951868087
list:
dist: 2.6957670951868087 vs. 2.6957670951868087
--------
nle(id0,id1,dist): 67 83 2.3367276855367924
list:
dist: 2.3367276855367924 vs. 2.3367276855367924
--------
nle(id0,id1,dist): 67 88 2.7783937786781325
list:
dist: 2.7783937786781325 vs. 2.7783937786781325
--------
nle(id0,id1,dist): 67 87 2.511044973958952
list:
dist: 2.511044973958952 vs. 2.511044973958952
--------
nle(id0,id1,dist): 66 79 2.2835084573772586
list:
dist: 2.2835084573772586 vs. 2.2835084573772586
--------
nle(id0,id1,dist): 66 80 2.3361216140574372
list:
dist: 2.3361216140574372 vs. 2.3361216140574372
--------
nle(id0,id1,dist): 66 81 3.1733718667375275
list:
dist: 3.1733718667375275 vs. 3.1733718667375275
--------
nle(id0,id1,dist): 66 83 2.828993472523311
list:
dist: 2.828993472523311 vs. 2.828993472523311
--------
nle(id0,id1,dist): 66 85 3.3812408782617953
list:
dist: 3.3812408782617953 vs. 3.3812408782617953
--------
nle(id0,id1,dist): 66 71 2.9148242965145474
list:
dist: 2.9148242965145474 vs. 2.9148242965145474
--------
nle(id0,id1,dist): 66 72 3.367384452305819
list:
dist: 3.367384452305819 vs. 3.367384452305819
--------
nle(id0,id1,dist): 66 73 1.5200183765157256
list:
dist: 1.5200183765157256 vs. 1.5200183765157256
--------
nle(id0,id1,dist): 66 74 1.6010177215881256
list:
dist: 1.6010177215881256 vs. 1.6010177215881256
--------
nle(id0,id1,dist): 66 75 2.2466410568678685
list:
dist: 2.2466410568678685 vs. 2.2466410568678685
--------
nle(id0,id1,dist): 66 76 3.171849099259541
list:
dist: 3.171849099259541 vs. 3.171849099259541
--------
nle(id0,id1,dist): 66 77 1.995880690230067
list:
dist: 1.995880690230067 vs. 1.995880690230067
--------
nle(id0,id1,dist): 66 78 1.7220222571751644
list:
dist: 1.7220222571751644 vs. 1.7220222571751644
--------
nle(id0,id1,dist): 66 99 3.278013838927135
list:
dist: 3.278013838927135 vs. 3.278013838927135
--------
nle(id0,id1,dist): 66 88 3.6645235523458597
list:
dist: 3.6645235523458597 vs. 3.6645235523458597
--------
nle(id0,id1,dist): 66 87 3.456138130201607
list:
dist: 3.456138130201607 vs. 3.456138130201607
--------
nle(id0,id1,dist): 48 51 1.2132686112031126
list:
dist: 1.2132686112031126 vs. 1.2132686112031126
--------
nle(id0,id1,dist): 48 52 1.2032450586679733
list:
dist: 1.2032450586679733 vs. 1.2032450586679733
--------
nle(id0,id1,dist): 48 49 2.196732671709869
list:
dist: 2.196732671709869 vs. 2.196732671709869
--------
nle(id0,id1,dist): 48 50 2.475845156320631
list:
dist: 2.475845156320631 vs. 2.475845156320631
--------
nle(id0,id1,dist): 48 55 0.20330599135643612
list:
dist: 0.20330599135643612 vs. 0.20330599135643612
--------
nle(id0,id1,dist): 48 56 1.4702049310333027
list:
dist: 1.4702049310333027 vs. 1.4702049310333027
--------
nle(id0,id1,dist): 48 53 1.923280525754175
list:
dist: 1.923280525754175 vs. 1.923280525754175
--------
nle(id0,id1,dist): 48 54 1.0270995252173458
list:
dist: 1.0270995252173458 vs. 1.0270995252173458
--------
nle(id0,id1,dist): 48 59 2.913723606294889
list:
dist: 2.913723606294889 vs. 2.913723606294889
--------
nle(id0,id1,dist): 48 57 1.4671254570816743
list:
dist: 1.4671254570816743 vs. 1.4671254570816743
--------
nle(id0,id1,dist): 48 58 1.0264505262319887
list:
dist: 1.0264505262319887 vs. 1.0264505262319887
--------
nle(id0,id1,dist): 49 51 2.9204421532335383
list:
dist: 2.9204421532335383 vs. 2.9204421532335383
--------
nle(id0,id1,dist): 49 52 1.0066227848268128
list:
dist: 1.0066227848268128 vs. 1.0066227848268128
--------
nle(id0,id1,dist): 49 53 3.1681289274996143
list:
dist: 3.1681289274996143 vs. 3.1681289274996143
--------
nle(id0,id1,dist): 49 54 2.750156064174808
list:
dist: 2.750156064174808 vs. 2.750156064174808
--------
nle(id0,id1,dist): 49 55 2.2188712552255803
list:
dist: 2.2188712552255803 vs. 2.2188712552255803
--------
nle(id0,id1,dist): 49 56 1.524061902264994
list:
dist: 1.524061902264994 vs. 1.524061902264994
--------
nle(id0,id1,dist): 49 57 2.0514716511473963
list:
dist: 2.0514716511473963 vs. 2.0514716511473963
--------
nle(id0,id1,dist): 49 58 1.5720054626666655
list:
dist: 1.5720054626666655 vs. 1.5720054626666655
--------
nle(id0,id1,dist): 49 59 2.318007368017933
list:
dist: 2.318007368017933 vs. 2.318007368017933
--------
nle(id0,id1,dist): 50 53 1.0400682819468523
list:
dist: 1.0400682819468523 vs. 1.0400682819468523
--------
nle(id0,id1,dist): 50 54 1.8359189867587544
list:
dist: 1.8359189867587544 vs. 1.8359189867587544
--------
nle(id0,id1,dist): 50 55 2.4605357505584218
list:
dist: 2.4605357505584218 vs. 2.4605357505584218
--------
nle(id0,id1,dist): 50 58 2.5546291798780105
list:
dist: 2.5546291798780105 vs. 2.5546291798780105
--------
nle(id0,id1,dist): 50 57 2.1308740836381945
list:
dist: 2.1308740836381945 vs. 2.1308740836381945
--------
nle(id0,id1,dist): 44 55 0.9610331306088616
list:
dist: 0.9610331306088616 vs. 0.9610331306088616
--------
nle(id0,id1,dist): 44 56 1.3484292535257691
list:
dist: 1.3484292535257691 vs. 1.3484292535257691
--------
nle(id0,id1,dist): 44 53 1.5733377238057862
list:
dist: 1.5733377238057862 vs. 1.5733377238057862
--------
nle(id0,id1,dist): 44 54 1.3658855461406492
list:
dist: 1.3658855461406492 vs. 1.3658855461406492
--------
nle(id0,id1,dist): 44 59 2.0327019436777274
list:
dist: 2.0327019436777274 vs. 2.0327019436777274
--------
nle(id0,id1,dist): 44 57 0.6161344752838812
list:
dist: 0.6161344752838812 vs. 0.6161344752838812
--------
nle(id0,id1,dist): 44 58 0.29455774918837946
list:
dist: 0.29455774918837946 vs. 0.29455774918837946
--------
nle(id0,id1,dist): 45 73 3.271079703758915
list:
dist: 3.271079703758915 vs. 3.271079703758915
--------
nle(id0,id1,dist): 45 72 4.651041717218212
list:
dist: 4.651041717218212 vs. 4.651041717218212
--------
nle(id0,id1,dist): 45 75 3.4717496156694
list:
dist: 3.4717496156694 vs. 3.4717496156694
--------
nle(id0,id1,dist): 45 74 2.6807873344864275
list:
dist: 2.6807873344864275 vs. 2.6807873344864275
--------
nle(id0,id1,dist): 45 77 3.8869229039694093
list:
dist: 3.8869229039694093 vs. 3.8869229039694093
--------
nle(id0,id1,dist): 45 76 4.72692412148856
list:
dist: 4.72692412148856 vs. 4.72692412148856
--------
nle(id0,id1,dist): 45 78 3.786446221311571
list:
dist: 3.786446221311571 vs. 3.786446221311571
--------
nle(id0,id1,dist): 45 65 2.933983980590802
list:
dist: 2.933983980590802 vs. 2.933983980590802
--------
nle(id0,id1,dist): 45 64 1.7578562830370619
list:
dist: 1.7578562830370619 vs. 1.7578562830370619
--------
nle(id0,id1,dist): 45 67 3.2692430863196873
list:
dist: 3.2692430863196873 vs. 3.2692430863196873
--------
nle(id0,id1,dist): 45 66 2.692117301291677
list:
dist: 2.692117301291677 vs. 2.692117301291677
--------
nle(id0,id1,dist): 45 69 2.746722701009509
list:
dist: 2.746722701009509 vs. 2.746722701009509
--------
nle(id0,id1,dist): 45 68 3.5389627844709093
list:
dist: 3.5389627844709093 vs. 3.5389627844709093
--------
nle(id0,id1,dist): 45 71 3.863193457808887
list:
dist: 3.863193457808887 vs. 3.863193457808887
--------
nle(id0,id1,dist): 45 70 3.409216925001553
list:
dist: 3.409216925001553 vs. 3.409216925001553
--------
nle(id0,id1,dist): 45 60 2.763014346742755
list:
dist: 2.763014346742755 vs. 2.763014346742755
--------
nle(id0,id1,dist): 45 62 3.716359247919657
list:
dist: 3.716359247919657 vs. 3.716359247919657
--------
nle(id0,id1,dist): 45 63 2.6613622971032127
list:
dist: 2.6613622971032127 vs. 2.6613622971032127
--------
nle(id0,id1,dist): 46 57 2.896167507610616
list:
dist: 2.896167507610616 vs. 2.896167507610616
--------
nle(id0,id1,dist): 46 58 2.638257477246215
list:
dist: 2.638257477246215 vs. 2.638257477246215
--------
nle(id0,id1,dist): 46 55 1.6320740010704717
list:
dist: 1.6320740010704717 vs. 1.6320740010704717
--------
nle(id0,id1,dist): 46 56 2.19747983021378
list:
dist: 2.19747983021378 vs. 2.19747983021378
--------
nle(id0,id1,dist): 46 54 2.4279436880284337
list:
dist: 2.4279436880284337 vs. 2.4279436880284337
--------
nle(id0,id1,dist): 46 51 1.647229053175961
list:
dist: 1.647229053175961 vs. 1.647229053175961
--------
nle(id0,id1,dist): 45 88 4.724547986924408
list:
dist: 4.724547986924408 vs. 4.724547986924408
--------
nle(id0,id1,dist): 46 52 2.695721024860499
list:
dist: 2.695721024860499 vs. 2.695721024860499
--------
nle(id0,id1,dist): 46 49 3.5595767172183495
list:
dist: 3.5595767172183495 vs. 3.5595767172183495
--------
nle(id0,id1,dist): 45 87 4.47945320683521
list:
dist: 4.47945320683521 vs. 4.47945320683521
--------
nle(id0,id1,dist): 46 47 2.5942589506121374
list:
dist: 2.5942589506121374 vs. 2.5942589506121374
--------
nle(id0,id1,dist): 45 85 5.065455776329107
list:
dist: 5.065455776329107 vs. 5.065455776329107
--------
nle(id0,id1,dist): 46 48 1.7561834331069912
list:
dist: 1.7561834331069912 vs. 1.7561834331069912
--------
nle(id0,id1,dist): 45 83 3.454222881810204
list:
dist: 3.454222881810204 vs. 3.454222881810204
--------
nle(id0,id1,dist): 45 80 2.793899251063013
list:
dist: 2.793899251063013 vs. 2.793899251063013
--------
nle(id0,id1,dist): 45 81 4.089983686740324
list:
dist: 4.089983686740324 vs. 4.089983686740324
--------
nle(id0,id1,dist): 47 59 3.2797143097279595
list:
dist: 3.2797143097279595 vs. 3.2797143097279595
--------
nle(id0,id1,dist): 47 58 1.6707007208857456
list:
dist: 1.6707007208857456 vs. 1.6707007208857456
--------
nle(id0,id1,dist): 47 55 1.540118875063323
list:
dist: 1.540118875063323 vs. 1.540118875063323
--------
nle(id0,id1,dist): 47 54 2.2273255275165047
list:
dist: 2.2273255275165047 vs. 2.2273255275165047
--------
nle(id0,id1,dist): 47 57 2.3520087927006568
list:
dist: 2.3520087927006568 vs. 2.3520087927006568
--------
nle(id0,id1,dist): 47 56 1.381286355079321
list:
dist: 1.381286355079321 vs. 1.381286355079321
--------
nle(id0,id1,dist): 47 51 1.5940864932836223
list:
dist: 1.5940864932836223 vs. 1.5940864932836223
--------
nle(id0,id1,dist): 47 52 0.9179536695207593
list:
dist: 0.9179536695207593 vs. 0.9179536695207593
--------
nle(id0,id1,dist): 47 53 3.1871567032273957
list:
dist: 3.1871567032273957 vs. 3.1871567032273957
--------
nle(id0,id1,dist): 47 48 1.4686551877118328
list:
dist: 1.4686551877118328 vs. 1.4686551877118328
--------
nle(id0,id1,dist): 47 49 1.4945393668374025
list:
dist: 1.4945393668374025 vs. 1.4945393668374025
--------
nle(id0,id1,dist): 55 56 1.3617881635309503
list:
dist: 1.3617881635309503 vs. 1.3617881635309503
--------
nle(id0,id1,dist): 55 57 1.4544774526878084
list:
dist: 1.4544774526878084 vs. 1.4544774526878084
--------
nle(id0,id1,dist): 55 58 1.0527294590322227
list:
dist: 1.0527294590322227 vs. 1.0527294590322227
--------
nle(id0,id1,dist): 55 59 2.9470136331499015
list:
dist: 2.9470136331499015 vs. 2.9470136331499015
--------
nle(id0,id1,dist): 56 58 1.4505561864735512
list:
dist: 1.4505561864735512 vs. 1.4505561864735512
--------
nle(id0,id1,dist): 56 57 1.908766811435324
list:
dist: 1.908766811435324 vs. 1.908766811435324
--------
nle(id0,id1,dist): 56 59 3.035651454146224
list:
dist: 3.035651454146224 vs. 3.035651454146224
--------
nle(id0,id1,dist): 57 59 1.6018440706221702
list:
dist: 1.6018440706221702 vs. 1.6018440706221702
--------
nle(id0,id1,dist): 57 58 0.6838203201778668
list:
dist: 0.6838203201778668 vs. 0.6838203201778668
--------
nle(id0,id1,dist): 51 58 2.1607722751655225
list:
dist: 2.1607722751655225 vs. 2.1607722751655225
--------
nle(id0,id1,dist): 51 52 1.9827250350921062
list:
dist: 1.9827250350921062 vs. 1.9827250350921062
--------
nle(id0,id1,dist): 51 54 1.740253902578028
list:
dist: 1.740253902578028 vs. 1.740253902578028
--------
nle(id0,id1,dist): 51 55 1.3002413268020596
list:
dist: 1.3002413268020596 vs. 1.3002413268020596
--------
nle(id0,id1,dist): 51 56 2.177155629810731
list:
dist: 2.177155629810731 vs. 2.177155629810731
--------
nle(id0,id1,dist): 51 57 2.661549858560645
list:
dist: 2.661549858560645 vs. 2.661549858560645
--------
nle(id0,id1,dist): 52 55 1.2504834931293072
list:
dist: 1.2504834931293072 vs. 1.2504834931293072
--------
nle(id0,id1,dist): 52 56 1.1060530104433006
list:
dist: 1.1060530104433006 vs. 1.1060530104433006
--------
nle(id0,id1,dist): 52 53 2.486559916767246
list:
dist: 2.486559916767246 vs. 2.486559916767246
--------
nle(id0,id1,dist): 52 54 1.8342301321418795
list:
dist: 1.8342301321418795 vs. 1.8342301321418795
--------
nle(id0,id1,dist): 52 59 2.405665603156987
list:
dist: 2.405665603156987 vs. 2.405665603156987
--------
nle(id0,id1,dist): 52 57 1.5087671989437994
list:
dist: 1.5087671989437994 vs. 1.5087671989437994
--------
nle(id0,id1,dist): 52 58 0.846871237577443
list:
dist: 0.846871237577443 vs. 0.846871237577443
--------
nle(id0,id1,dist): 53 54 1.3441510289414187
list:
dist: 1.3441510289414187 vs. 1.3441510289414187
--------
nle(id0,id1,dist): 53 55 1.924048153156854
list:
dist: 1.924048153156854 vs. 1.924048153156854
--------
nle(id0,id1,dist): 53 57 1.1487578350465522
list:
dist: 1.1487578350465522 vs. 1.1487578350465522
--------
nle(id0,id1,dist): 53 56 2.837246465367707
list:
dist: 2.837246465367707 vs. 2.837246465367707
--------
nle(id0,id1,dist): 53 59 2.2109743800559016
list:
dist: 2.2109743800559016 vs. 2.2109743800559016
--------
nle(id0,id1,dist): 53 58 1.6561803214170576
list:
dist: 1.6561803214170576 vs. 1.6561803214170576
--------
nle(id0,id1,dist): 54 59 2.698076776408289
list:
dist: 2.698076776408289 vs. 2.698076776408289
--------
nle(id0,id1,dist): 54 58 1.318089496155065
list:
dist: 1.318089496155065 vs. 1.318089496155065
--------
nle(id0,id1,dist): 54 57 1.4358915838889392
list:
dist: 1.4358915838889392 vs. 1.4358915838889392
--------
nle(id0,id1,dist): 54 56 2.4030916746916686
list:
dist: 2.4030916746916686 vs. 2.4030916746916686
--------
nle(id0,id1,dist): 54 55 1.1547959319213936
list:
dist: 1.1547959319213936 vs. 1.1547959319213936
--------
nle(id0,id1,dist): 93 97 3.1900550417515605
list:
dist: 3.1900550417515605 vs. 3.1900550417515605
--------
nle(id0,id1,dist): 93 96 2.9625206235341275
list:
dist: 2.9625206235341275 vs. 2.9625206235341275
--------
nle(id0,id1,dist): 93 99 2.550601806515999
list:
dist: 2.550601806515999 vs. 2.550601806515999
--------
nle(id0,id1,dist): 93 98 1.9293805744290586
list:
dist: 1.9293805744290586 vs. 1.9293805744290586
--------
nle(id0,id1,dist): 93 101 2.257733030558258
list:
dist: 2.257733030558258 vs. 2.257733030558258
--------
nle(id0,id1,dist): 93 100 0.6846287978407364
list:
dist: 0.6846287978407364 vs. 0.6846287978407364
--------
nle(id0,id1,dist): 93 103 0.9385585221852011
list:
dist: 0.9385585221852011 vs. 0.9385585221852011
--------
nle(id0,id1,dist): 93 102 2.2577853188832107
list:
dist: 2.2577853188832107 vs. 2.2577853188832107
--------
nle(id0,id1,dist): 93 105 2.440478126354943
list:
dist: 2.440478126354943 vs. 2.440478126354943
--------
nle(id0,id1,dist): 93 104 1.3742554080130311
list:
dist: 1.3742554080130311 vs. 1.3742554080130311
--------
nle(id0,id1,dist): 93 107 1.8646164734862531
list:
dist: 1.8646164734862531 vs. 1.8646164734862531
--------
nle(id0,id1,dist): 93 106 2.878260445550383
list:
dist: 2.878260445550383 vs. 2.878260445550383
--------
nle(id0,id1,dist): 93 108 2.9413868024723584
list:
dist: 2.9413868024723584 vs. 2.9413868024723584
--------
nle(id0,id1,dist): 94 109 2.3351841818431933
list:
dist: 2.3351841818431933 vs. 2.3351841818431933
--------
nle(id0,id1,dist): 94 110 3.171116489748458
list:
dist: 3.171116489748458 vs. 3.171116489748458
--------
nle(id0,id1,dist): 94 107 2.2989903515265038
list:
dist: 2.2989903515265038 vs. 2.2989903515265038
--------
nle(id0,id1,dist): 94 108 2.705433427773545
list:
dist: 2.705433427773545 vs. 2.705433427773545
--------
nle(id0,id1,dist): 94 113 3.3768363415592293
list:
dist: 3.3768363415592293 vs. 3.3768363415592293
--------
nle(id0,id1,dist): 94 114 3.290316317992836
list:
dist: 3.290316317992836 vs. 3.290316317992836
--------
nle(id0,id1,dist): 94 111 2.9721883639433178
list:
dist: 2.9721883639433178 vs. 2.9721883639433178
--------
nle(id0,id1,dist): 94 112 2.3364668467269305
list:
dist: 2.3364668467269305 vs. 2.3364668467269305
--------
nle(id0,id1,dist): 94 118 3.1071913973175835
list:
dist: 3.1071913973175835 vs. 3.1071913973175835
--------
nle(id0,id1,dist): 94 116 3.6998782656908533
list:
dist: 3.6998782656908533 vs. 3.6998782656908533
--------
nle(id0,id1,dist): 94 98 0.9249053267263587
list:
dist: 0.9249053267263587 vs. 0.9249053267263587
--------
nle(id0,id1,dist): 94 97 2.9401064960128873
list:
dist: 2.9401064960128873 vs. 2.9401064960128873
--------
nle(id0,id1,dist): 94 96 1.7857909775315433
list:
dist: 1.7857909775315433 vs. 1.7857909775315433
--------
nle(id0,id1,dist): 94 95 1.2233501623111345
list:
dist: 1.2233501623111345 vs. 1.2233501623111345
--------
nle(id0,id1,dist): 94 102 1.7489350375751107
list:
dist: 1.7489350375751107 vs. 1.7489350375751107
--------
nle(id0,id1,dist): 94 101 2.586159243412383
list:
dist: 2.586159243412383 vs. 2.586159243412383
--------
nle(id0,id1,dist): 94 100 2.5125000140758504
list:
dist: 2.5125000140758504 vs. 2.5125000140758504
--------
nle(id0,id1,dist): 94 99 1.5886683763562282
list:
dist: 1.5886683763562282 vs. 1.5886683763562282
--------
nle(id0,id1,dist): 94 106 2.481886114606932
list:
dist: 2.481886114606932 vs. 2.481886114606932
--------
nle(id0,id1,dist): 94 105 1.6267198655702453
list:
dist: 1.6267198655702453 vs. 1.6267198655702453
--------
nle(id0,id1,dist): 94 104 1.5301288060686573
list:
dist: 1.5301288060686573 vs. 1.5301288060686573
--------
nle(id0,id1,dist): 94 103 1.679300943286782
list:
dist: 1.679300943286782 vs. 1.679300943286782
--------
nle(id0,id1,dist): 92 97 2.3594020334797876
list:
dist: 2.3594020334797876 vs. 2.3594020334797876
--------
nle(id0,id1,dist): 92 98 0.8887531695759938
list:
dist: 0.8887531695759938 vs. 0.8887531695759938
--------
nle(id0,id1,dist): 92 99 1.1843071189789616
list:
dist: 1.1843071189789616 vs. 1.1843071189789616
--------
nle(id0,id1,dist): 92 100 1.794276446563263
list:
dist: 1.794276446563263 vs. 1.794276446563263
--------
nle(id0,id1,dist): 92 93 1.3823455245413683
list:
dist: 1.3823455245413683 vs. 1.3823455245413683
--------
nle(id0,id1,dist): 92 94 1.608303681068096
list:
dist: 1.608303681068096 vs. 1.608303681068096
--------
nle(id0,id1,dist): 92 95 1.4661519611636302
list:
dist: 1.4661519611636302 vs. 1.4661519611636302
--------
nle(id0,id1,dist): 92 96 2.012497437339943
list:
dist: 2.012497437339943 vs. 2.012497437339943
--------
nle(id0,id1,dist): 91 107 2.8344728367606016
list:
dist: 2.8344728367606016 vs. 2.8344728367606016
--------
nle(id0,id1,dist): 91 106 3.723907956348867
list:
dist: 3.723907956348867 vs. 3.723907956348867
--------
nle(id0,id1,dist): 91 108 3.81757598090496
list:
dist: 3.81757598090496 vs. 3.81757598090496
--------
nle(id0,id1,dist): 93 94 2.3168249907692466
list:
dist: 2.3168249907692466 vs. 2.3168249907692466
--------
nle(id0,id1,dist): 93 95 1.5640931468441446
list:
dist: 1.5640931468441446 vs. 1.5640931468441446
--------
nle(id0,id1,dist): 92 108 2.77333827543645
list:
dist: 2.77333827543645 vs. 2.77333827543645
--------
nle(id0,id1,dist): 92 107 2.0044959031351484
list:
dist: 2.0044959031351484 vs. 2.0044959031351484
--------
nle(id0,id1,dist): 92 106 2.179787080955901
list:
dist: 2.179787080955901 vs. 2.179787080955901
--------
nle(id0,id1,dist): 92 105 2.005409330770131
list:
dist: 2.005409330770131 vs. 2.005409330770131
--------
nle(id0,id1,dist): 92 104 1.0590254232215048
list:
dist: 1.0590254232215048 vs. 1.0590254232215048
--------
nle(id0,id1,dist): 92 103 1.1340111867300833
list:
dist: 1.1340111867300833 vs. 1.1340111867300833
--------
nle(id0,id1,dist): 92 102 2.1856394234366903
list:
dist: 2.1856394234366903 vs. 2.1856394234366903
--------
nle(id0,id1,dist): 92 101 1.8066769343969342
list:
dist: 1.8066769343969342 vs. 1.8066769343969342
--------
nle(id0,id1,dist): 97 101 1.0614166435123613
list:
dist: 1.0614166435123613 vs. 1.0614166435123613
--------
nle(id0,id1,dist): 97 100 3.833101247066114
list:
dist: 3.833101247066114 vs. 3.833101247066114
--------
nle(id0,id1,dist): 97 103 2.528219708752685
list:
dist: 2.528219708752685 vs. 2.528219708752685
--------
nle(id0,id1,dist): 97 102 2.4770544498913445
list:
dist: 2.4770544498913445 vs. 2.4770544498913445
--------
nle(id0,id1,dist): 97 105 1.9542809638767298
list:
dist: 1.9542809638767298 vs. 1.9542809638767298
--------
nle(id0,id1,dist): 97 104 2.086054803923527
list:
dist: 2.086054803923527 vs. 2.086054803923527
--------
nle(id0,id1,dist): 97 107 2.131730947101387
list:
dist: 2.131730947101387 vs. 2.131730947101387
--------
nle(id0,id1,dist): 97 106 0.7219744092774142
list:
dist: 0.7219744092774142 vs. 0.7219744092774142
--------
nle(id0,id1,dist): 97 99 2.08949228398497
list:
dist: 2.08949228398497 vs. 2.08949228398497
--------
nle(id0,id1,dist): 97 98 2.1524711206115765
list:
dist: 2.1524711206115765 vs. 2.1524711206115765
--------
nle(id0,id1,dist): 96 113 2.6218019489365934
list:
dist: 2.6218019489365934 vs. 2.6218019489365934
--------
nle(id0,id1,dist): 96 114 1.8395950870154667
list:
dist: 1.8395950870154667 vs. 1.8395950870154667
--------
nle(id0,id1,dist): 96 116 2.818271567845102
list:
dist: 2.818271567845102 vs. 2.818271567845102
--------
nle(id0,id1,dist): 96 117 3.64073537522525
list:
dist: 3.64073537522525 vs. 3.64073537522525
--------
nle(id0,id1,dist): 96 118 2.1723566653160344
list:
dist: 2.1723566653160344 vs. 2.1723566653160344
--------
nle(id0,id1,dist): 98 102 1.665714897984459
list:
dist: 1.665714897984459 vs. 1.665714897984459
--------
nle(id0,id1,dist): 98 101 1.7826135577037026
list:
dist: 1.7826135577037026 vs. 1.7826135577037026
--------
nle(id0,id1,dist): 98 100 2.3279463357756285
list:
dist: 2.3279463357756285 vs. 2.3279463357756285
--------
nle(id0,id1,dist): 98 99 0.9555219096298957
list:
dist: 0.9555219096298957 vs. 0.9555219096298957
--------
nle(id0,id1,dist): 97 118 3.1129137871416726
list:
dist: 3.1129137871416726 vs. 3.1129137871416726
--------
nle(id0,id1,dist): 97 116 3.6815320088139276
list:
dist: 3.6815320088139276 vs. 3.6815320088139276
--------
nle(id0,id1,dist): 97 117 3.86665155618948
list:
dist: 3.86665155618948 vs. 3.86665155618948
--------
nle(id0,id1,dist): 97 110 3.380738264086655
list:
dist: 3.380738264086655 vs. 3.380738264086655
--------
nle(id0,id1,dist): 97 111 3.5458156356331787
list:
dist: 3.5458156356331787 vs. 3.5458156356331787
--------
nle(id0,id1,dist): 97 108 1.9439757435296867
list:
dist: 1.9439757435296867 vs. 1.9439757435296867
--------
nle(id0,id1,dist): 97 109 2.331043277874261
list:
dist: 2.331043277874261 vs. 2.331043277874261
--------
nle(id0,id1,dist): 97 114 2.371390088395719
list:
dist: 2.371390088395719 vs. 2.371390088395719
--------
nle(id0,id1,dist): 97 112 3.588239061427149
list:
dist: 3.588239061427149 vs. 3.588239061427149
--------
nle(id0,id1,dist): 97 113 3.6232222999362156
list:
dist: 3.6232222999362156 vs. 3.6232222999362156
--------
nle(id0,id1,dist): 95 114 3.30220892137592
list:
dist: 3.30220892137592 vs. 3.30220892137592
--------
nle(id0,id1,dist): 95 116 3.8496876302625016
list:
dist: 3.8496876302625016 vs. 3.8496876302625016
--------
nle(id0,id1,dist): 95 111 3.3210965185923342
list:
dist: 3.3210965185923342 vs. 3.3210965185923342
--------
nle(id0,id1,dist): 95 110 3.1960002581461695
list:
dist: 3.1960002581461695 vs. 3.1960002581461695
--------
nle(id0,id1,dist): 95 113 3.71829133559945
list:
dist: 3.71829133559945 vs. 3.71829133559945
--------
nle(id0,id1,dist): 95 112 2.3755198691517023
list:
dist: 2.3755198691517023 vs. 2.3755198691517023
--------
nle(id0,id1,dist): 95 107 1.1701573757457524
list:
dist: 1.1701573757457524 vs. 1.1701573757457524
--------
nle(id0,id1,dist): 95 106 2.0123721420363623
list:
dist: 2.0123721420363623 vs. 2.0123721420363623
--------
nle(id0,id1,dist): 95 109 2.009564131830265
list:
dist: 2.009564131830265 vs. 2.009564131830265
--------
nle(id0,id1,dist): 95 108 1.8738681778187212
list:
dist: 1.8738681778187212 vs. 1.8738681778187212
--------
nle(id0,id1,dist): 95 103 0.7032152535150803
list:
dist: 0.7032152535150803 vs. 0.7032152535150803
--------
nle(id0,id1,dist): 95 102 0.8626799172575137
list:
dist: 0.8626799172575137 vs. 0.8626799172575137
--------
nle(id0,id1,dist): 95 105 1.0474573969619736
list:
dist: 1.0474573969619736 vs. 1.0474573969619736
--------
nle(id0,id1,dist): 95 104 0.6611357458277409
list:
dist: 0.6611357458277409 vs. 0.6611357458277409
--------
nle(id0,id1,dist): 95 98 1.0987720916050072
list:
dist: 1.0987720916050072 vs. 1.0987720916050072
--------
nle(id0,id1,dist): 95 99 2.047781418321966
list:
dist: 2.047781418321966 vs. 2.047781418321966
--------
nle(id0,id1,dist): 95 100 1.957084303201545
list:
dist: 1.957084303201545 vs. 1.957084303201545
--------
nle(id0,id1,dist): 95 101 1.8559125889729469
list:
dist: 1.8559125889729469 vs. 1.8559125889729469
--------
nle(id0,id1,dist): 95 96 1.8010633309524007
list:
dist: 1.8010633309524007 vs. 1.8010633309524007
--------
nle(id0,id1,dist): 95 97 2.580166451976792
list:
dist: 2.580166451976792 vs. 2.580166451976792
--------
nle(id0,id1,dist): 96 112 2.399612297742821
list:
dist: 2.399612297742821 vs. 2.399612297742821
--------
nle(id0,id1,dist): 96 111 2.420763937619323
list:
dist: 2.420763937619323 vs. 2.420763937619323
--------
nle(id0,id1,dist): 96 110 2.4316760900126155
list:
dist: 2.4316760900126155 vs. 2.4316760900126155
--------
nle(id0,id1,dist): 96 109 1.451036447379201
list:
dist: 1.451036447379201 vs. 1.451036447379201
--------
nle(id0,id1,dist): 96 108 1.736629452704701
list:
dist: 1.736629452704701 vs. 1.736629452704701
--------
nle(id0,id1,dist): 96 107 1.9388904657228865
list:
dist: 1.9388904657228865 vs. 1.9388904657228865
--------
nle(id0,id1,dist): 96 106 0.9691669499654919
list:
dist: 0.9691669499654919 vs. 0.9691669499654919
--------
nle(id0,id1,dist): 96 105 1.0762793230392422
list:
dist: 1.0762793230392422 vs. 1.0762793230392422
--------
nle(id0,id1,dist): 96 104 1.621918355819031
list:
dist: 1.621918355819031 vs. 1.621918355819031
--------
nle(id0,id1,dist): 96 103 2.104725631752197
list:
dist: 2.104725631752197 vs. 2.104725631752197
--------
nle(id0,id1,dist): 96 102 1.6992628930591085
list:
dist: 1.6992628930591085 vs. 1.6992628930591085
--------
nle(id0,id1,dist): 96 101 1.5827615965265374
list:
dist: 1.5827615965265374 vs. 1.5827615965265374
--------
nle(id0,id1,dist): 96 100 3.4846730346219177
list:
dist: 3.4846730346219177 vs. 3.4846730346219177
--------
nle(id0,id1,dist): 96 99 1.5242827020035372
list:
dist: 1.5242827020035372 vs. 1.5242827020035372
--------
nle(id0,id1,dist): 96 98 1.3168344348663525
list:
dist: 1.3168344348663525 vs. 1.3168344348663525
--------
nle(id0,id1,dist): 96 97 1.3911009745464793
list:
dist: 1.3911009745464793 vs. 1.3911009745464793
--------
nle(id0,id1,dist): 95 118 3.284959479917099
list:
dist: 3.284959479917099 vs. 3.284959479917099
--------
nle(id0,id1,dist): 87 88 2.201578611097774
list:
dist: 2.201578611097774 vs. 2.201578611097774
--------
nle(id0,id1,dist): 87 89 2.155335409758146
list:
dist: 2.155335409758146 vs. 2.155335409758146
--------
nle(id0,id1,dist): 87 99 4.983292574543461
list:
dist: 4.983292574543461 vs. 4.983292574543461
--------
nle(id0,id1,dist): 85 87 3.4472460775646794
list:
dist: 3.4472460775646794 vs. 3.4472460775646794
--------
nle(id0,id1,dist): 85 86 2.7427763163404544
list:
dist: 2.7427763163404544 vs. 2.7427763163404544
--------
nle(id0,id1,dist): 85 94 2.85359530813307
list:
dist: 2.85359530813307 vs. 2.85359530813307
--------
nle(id0,id1,dist): 85 88 1.7626528712595344
list:
dist: 1.7626528712595344 vs. 1.7626528712595344
--------
nle(id0,id1,dist): 85 89 2.3473979696505114
list:
dist: 2.3473979696505114 vs. 2.3473979696505114
--------
nle(id0,id1,dist): 85 98 2.9439975693194658
list:
dist: 2.9439975693194658 vs. 2.9439975693194658
--------
nle(id0,id1,dist): 85 99 2.4250153534793415
list:
dist: 2.4250153534793415 vs. 2.4250153534793415
--------
nle(id0,id1,dist): 86 87 1.6273911995907577
list:
dist: 1.6273911995907577 vs. 1.6273911995907577
--------
nle(id0,id1,dist): 86 88 1.1378245138602916
list:
dist: 1.1378245138602916 vs. 1.1378245138602916
--------
nle(id0,id1,dist): 86 89 0.7885930142359935
list:
dist: 0.7885930142359935 vs. 0.7885930142359935
--------
nle(id0,id1,dist): 90 93 1.3346941591750476
list:
dist: 1.3346941591750476 vs. 1.3346941591750476
--------
nle(id0,id1,dist): 90 94 1.4950654159007666
list:
dist: 1.4950654159007666 vs. 1.4950654159007666
--------
nle(id0,id1,dist): 90 91 0.8998635567979014
list:
dist: 0.8998635567979014 vs. 0.8998635567979014
--------
nle(id0,id1,dist): 90 92 1.0789284376385542
list:
dist: 1.0789284376385542 vs. 1.0789284376385542
--------
nle(id0,id1,dist): 90 106 3.072570389526891
list:
dist: 3.072570389526891 vs. 3.072570389526891
--------
nle(id0,id1,dist): 90 105 2.4919969144511955
list:
dist: 2.4919969144511955 vs. 2.4919969144511955
--------
nle(id0,id1,dist): 90 104 1.6139291476906519
list:
dist: 1.6139291476906519 vs. 1.6139291476906519
--------
nle(id0,id1,dist): 90 103 1.4133985080517149
list:
dist: 1.4133985080517149 vs. 1.4133985080517149
--------
nle(id0,id1,dist): 90 108 3.3762078505067246
list:
dist: 3.3762078505067246 vs. 3.3762078505067246
--------
nle(id0,id1,dist): 90 107 2.5162233748378036
list:
dist: 2.5162233748378036 vs. 2.5162233748378036
--------
nle(id0,id1,dist): 90 98 1.423579397754774
list:
dist: 1.423579397754774 vs. 1.423579397754774
--------
nle(id0,id1,dist): 90 97 3.372356087422598
list:
dist: 3.372356087422598 vs. 3.372356087422598
--------
nle(id0,id1,dist): 90 96 2.7359577822117505
list:
dist: 2.7359577822117505 vs. 2.7359577822117505
--------
nle(id0,id1,dist): 90 95 1.6019105297872032
list:
dist: 1.6019105297872032 vs. 1.6019105297872032
--------
nle(id0,id1,dist): 90 102 2.4623348770677422
list:
dist: 2.4623348770677422 vs. 2.4623348770677422
--------
nle(id0,id1,dist): 90 101 2.739724632075363
list:
dist: 2.739724632075363 vs. 2.739724632075363
--------
nle(id0,id1,dist): 90 100 1.2966294194547345
list:
dist: 1.2966294194547345 vs. 1.2966294194547345
--------
nle(id0,id1,dist): 90 99 1.8890472858405563
list:
dist: 1.8890472858405563 vs. 1.8890472858405563
--------
nle(id0,id1,dist): 91 99 2.7723918444348294
list:
dist: 2.7723918444348294 vs. 2.7723918444348294
--------
nle(id0,id1,dist): 91 98 2.2314542471717136
list:
dist: 2.2314542471717136 vs. 2.2314542471717136
--------
nle(id0,id1,dist): 91 101 3.2719978441176005
list:
dist: 3.2719978441176005 vs. 3.2719978441176005
--------
nle(id0,id1,dist): 91 100 0.7536373578855806
list:
dist: 0.7536373578855806 vs. 0.7536373578855806
--------
nle(id0,id1,dist): 91 103 1.7499872200941644
list:
dist: 1.7499872200941644 vs. 1.7499872200941644
--------
nle(id0,id1,dist): 91 102 2.8584147949315266
list:
dist: 2.8584147949315266 vs. 2.8584147949315266
--------
nle(id0,id1,dist): 91 105 3.0556720906760244
list:
dist: 3.0556720906760244 vs. 3.0556720906760244
--------
nle(id0,id1,dist): 91 104 2.131419305469728
list:
dist: 2.131419305469728 vs. 2.131419305469728
--------
nle(id0,id1,dist): 91 93 1.247390862854583
list:
dist: 1.247390862854583 vs. 1.247390862854583
--------
nle(id0,id1,dist): 91 92 1.80606582928344
list:
dist: 1.80606582928344 vs. 1.80606582928344
--------
nle(id0,id1,dist): 91 95 2.036054175201367
list:
dist: 2.036054175201367 vs. 2.036054175201367
--------
nle(id0,id1,dist): 91 94 2.2072009893070064
list:
dist: 2.2072009893070064 vs. 2.2072009893070064
--------
nle(id0,id1,dist): 91 97 4.05873160717187
list:
dist: 4.05873160717187 vs. 4.05873160717187
--------
nle(id0,id1,dist): 91 96 3.501399236912722
list:
dist: 3.501399236912722 vs. 3.501399236912722
--------
nle(id0,id1,dist): 88 99 4.026788763321372
list:
dist: 4.026788763321372 vs. 4.026788763321372
--------
nle(id0,id1,dist): 88 98 4.61648694401274
list:
dist: 4.61648694401274 vs. 4.61648694401274
--------
nle(id0,id1,dist): 88 94 4.582596975960285
list:
dist: 4.582596975960285 vs. 4.582596975960285
--------
nle(id0,id1,dist): 88 89 1.1575940702469683
list:
dist: 1.1575940702469683 vs. 1.1575940702469683
--------
nle(id0,id1,dist): 81 83 1.4367455311700326
list:
dist: 1.4367455311700326 vs. 1.4367455311700326
--------
nle(id0,id1,dist): 81 88 0.8428584688702291
list:
dist: 0.8428584688702291 vs. 0.8428584688702291
--------
nle(id0,id1,dist): 81 89 1.603926362275077
list:
dist: 1.603926362275077 vs. 1.603926362275077
--------
nle(id0,id1,dist): 81 86 1.1969023858434769
list:
dist: 1.1969023858434769 vs. 1.1969023858434769
--------
nle(id0,id1,dist): 81 87 1.5686716674141035
list:
dist: 1.5686716674141035 vs. 1.5686716674141035
--------
nle(id0,id1,dist): 81 84 2.288607642171729
list:
dist: 2.288607642171729 vs. 2.288607642171729
--------
nle(id0,id1,dist): 81 85 2.2563022174835856
list:
dist: 2.2563022174835856 vs. 2.2563022174835856
--------
nle(id0,id1,dist): 80 85 2.7381524425798442
list:
dist: 2.7381524425798442 vs. 2.7381524425798442
--------
nle(id0,id1,dist): 80 86 2.4740945696061067
list:
dist: 2.4740945696061067 vs. 2.4740945696061067
--------
nle(id0,id1,dist): 80 87 2.2003148059556654
list:
dist: 2.2003148059556654 vs. 2.2003148059556654
--------
nle(id0,id1,dist): 80 88 1.9515226066435483
list:
dist: 1.9515226066435483 vs. 1.9515226066435483
--------
nle(id0,id1,dist): 79 118 3.447311865348395
list:
dist: 3.447311865348395 vs. 3.447311865348395
--------
nle(id0,id1,dist): 80 81 1.3063611864773386
list:
dist: 1.3063611864773386 vs. 1.3063611864773386
--------
nle(id0,id1,dist): 80 83 1.1315745832088893
list:
dist: 1.1315745832088893 vs. 1.1315745832088893
--------
nle(id0,id1,dist): 80 84 3.2554263835585053
list:
dist: 3.2554263835585053 vs. 3.2554263835585053
--------
nle(id0,id1,dist): 80 89 2.8975860938569213
list:
dist: 2.8975860938569213 vs. 2.8975860938569213
--------
nle(id0,id1,dist): 79 107 4.555543816523027
list:
dist: 4.555543816523027 vs. 4.555543816523027
--------
nle(id0,id1,dist): 79 106 3.075058483469342
list:
dist: 3.075058483469342 vs. 3.075058483469342
--------
nle(id0,id1,dist): 79 109 3.8279199370141668
list:
dist: 3.8279199370141668 vs. 3.8279199370141668
--------
nle(id0,id1,dist): 79 108 4.188329233479592
list:
dist: 4.188329233479592 vs. 4.188329233479592
--------
nle(id0,id1,dist): 79 105 3.839526708946023
list:
dist: 3.839526708946023 vs. 3.839526708946023
--------
nle(id0,id1,dist): 79 114 2.82800644056633
list:
dist: 2.82800644056633 vs. 2.82800644056633
--------
nle(id0,id1,dist): 79 116 3.897977100570622
list:
dist: 3.897977100570622 vs. 3.897977100570622
--------
nle(id0,id1,dist): 79 111 3.746789763576365
list:
dist: 3.746789763576365 vs. 3.746789763576365
--------
nle(id0,id1,dist): 79 110 4.073931917223578
list:
dist: 4.073931917223578 vs. 4.073931917223578
--------
nle(id0,id1,dist): 79 113 3.5753827635567754
list:
dist: 3.5753827635567754 vs. 3.5753827635567754
--------
nle(id0,id1,dist): 79 88 2.4952492300891334
list:
dist: 2.4952492300891334 vs. 2.4952492300891334
--------
nle(id0,id1,dist): 79 87 2.2075267531798315
list:
dist: 2.2075267531798315 vs. 2.2075267531798315
--------
nle(id0,id1,dist): 79 96 2.7719210772660383
list:
dist: 2.7719210772660383 vs. 2.7719210772660383
--------
nle(id0,id1,dist): 79 97 2.7014110048966558
list:
dist: 2.7014110048966558 vs. 2.7014110048966558
--------
nle(id0,id1,dist): 79 101 3.6631215741115315
list:
dist: 3.6631215741115315 vs. 3.6631215741115315
--------
nle(id0,id1,dist): 79 99 2.951162754800842
list:
dist: 2.951162754800842 vs. 2.951162754800842
--------
nle(id0,id1,dist): 79 81 2.2318840034111393
list:
dist: 2.2318840034111393 vs. 2.2318840034111393
--------
nle(id0,id1,dist): 79 85 2.3630619752567266
list:
dist: 2.3630619752567266 vs. 2.3630619752567266
--------
nle(id0,id1,dist): 79 83 2.784892257463444
list:
dist: 2.784892257463444 vs. 2.784892257463444
--------
nle(id0,id1,dist): 78 99 2.676866304929467
list:
dist: 2.676866304929467 vs. 2.676866304929467
--------
nle(id0,id1,dist): 78 80 1.7933477377846727
list:
dist: 1.7933477377846727 vs. 1.7933477377846727
--------
nle(id0,id1,dist): 78 79 1.0294655951149647
list:
dist: 1.0294655951149647 vs. 1.0294655951149647
--------
nle(id0,id1,dist): 78 81 1.885607296307619
list:
dist: 1.885607296307619 vs. 1.885607296307619
--------
nle(id0,id1,dist): 78 83 1.9248226899593315
list:
dist: 1.9248226899593315 vs. 1.9248226899593315
--------
nle(id0,id1,dist): 78 85 1.8836117610627776
list:
dist: 1.8836117610627776 vs. 1.8836117610627776
--------
nle(id0,id1,dist): 78 88 2.1591705249903326
list:
dist: 2.1591705249903326 vs. 2.1591705249903326
--------
nle(id0,id1,dist): 78 87 2.460314756319604
list:
dist: 2.460314756319604 vs. 2.460314756319604
--------
nle(id0,id1,dist): 84 89 2.040042152877097
list:
dist: 2.040042152877097 vs. 2.040042152877097
--------
nle(id0,id1,dist): 84 87 2.957594639258857
list:
dist: 2.957594639258857 vs. 2.957594639258857
--------
nle(id0,id1,dist): 84 88 2.080323576240715
list:
dist: 2.080323576240715 vs. 2.080323576240715
--------
nle(id0,id1,dist): 84 85 3.7167370601057446
list:
dist: 3.7167370601057446 vs. 3.7167370601057446
--------
nle(id0,id1,dist): 84 86 1.6487977044525322
list:
dist: 1.6487977044525322 vs. 1.6487977044525322
--------
nle(id0,id1,dist): 83 99 3.7715357846800144
list:
dist: 3.7715357846800144 vs. 3.7715357846800144
--------
nle(id0,id1,dist): 83 98 4.556354342432812
list:
dist: 4.556354342432812 vs. 4.556354342432812
--------
nle(id0,id1,dist): 83 94 4.619553080222327
list:
dist: 4.619553080222327 vs. 4.619553080222327
--------
nle(id0,id1,dist): 82 127 3.219383891854368
list:
dist: 3.219383891854368 vs. 3.219383891854368
--------
nle(id0,id1,dist): 83 86 2.497053630835481
list:
dist: 2.497053630835481 vs. 2.497053630835481
--------
nle(id0,id1,dist): 83 87 2.8788099752810536
list:
dist: 2.8788099752810536 vs. 2.8788099752810536
--------
nle(id0,id1,dist): 82 124 2.9984389357236445
list:
dist: 2.9984389357236445 vs. 2.9984389357236445
--------
nle(id0,id1,dist): 83 88 1.5459632192650488
list:
dist: 1.5459632192650488 vs. 1.5459632192650488
--------
nle(id0,id1,dist): 83 89 2.691742578039673
list:
dist: 2.691742578039673 vs. 2.691742578039673
--------
nle(id0,id1,dist): 83 84 3.0715140402218917
list:
dist: 3.0715140402218917 vs. 3.0715140402218917
--------
nle(id0,id1,dist): 83 85 1.9847441295721961
list:
dist: 1.9847441295721961 vs. 1.9847441295721961
--------
nle(id0,id1,dist): 82 122 3.525684925550004
list:
dist: 3.525684925550004 vs. 3.525684925550004
--------
nle(id0,id1,dist): 82 88 2.2265375058873307
list:
dist: 2.2265375058873307 vs. 2.2265375058873307
--------
nle(id0,id1,dist): 82 83 2.1085618837471207
list:
dist: 2.1085618837471207 vs. 2.1085618837471207
--------
nle(id0,id1,dist): 82 85 2.536292721535623
list:
dist: 2.536292721535623 vs. 2.536292721535623
--------
nle(id0,id1,dist): 81 99 4.224536819119648
list:
dist: 4.224536819119648 vs. 4.224536819119648
--------
nle(id0,id1,dist): 74 76 2.582248498326759
list:
dist: 2.582248498326759 vs. 2.582248498326759
--------
nle(id0,id1,dist): 74 75 2.252981382326896
list:
dist: 2.252981382326896 vs. 2.252981382326896
--------
nle(id0,id1,dist): 74 78 1.7525819634364204
list:
dist: 1.7525819634364204 vs. 1.7525819634364204
--------
nle(id0,id1,dist): 74 77 1.9113234229380751
list:
dist: 1.9113234229380751 vs. 1.9113234229380751
--------
nle(id0,id1,dist): 74 83 2.4662734797970276
list:
dist: 2.4662734797970276 vs. 2.4662734797970276
--------
nle(id0,id1,dist): 74 85 3.4668907316073456
list:
dist: 3.4668907316073456 vs. 3.4668907316073456
--------
nle(id0,id1,dist): 74 79 2.0709243721521218
list:
dist: 2.0709243721521218 vs. 2.0709243721521218
--------
nle(id0,id1,dist): 74 80 1.4791025082229963
list:
dist: 1.4791025082229963 vs. 1.4791025082229963
--------
nle(id0,id1,dist): 74 81 2.204171069957477
list:
dist: 2.204171069957477 vs. 2.204171069957477
--------
nle(id0,id1,dist): 74 87 2.0809485287076175
list:
dist: 2.0809485287076175 vs. 2.0809485287076175
--------
nle(id0,id1,dist): 74 88 2.9461535425195158
list:
dist: 2.9461535425195158 vs. 2.9461535425195158
--------
nle(id0,id1,dist): 73 75 1.5035881066349897
list:
dist: 1.5035881066349897 vs. 1.5035881066349897
--------
nle(id0,id1,dist): 73 74 1.0105991280998137
list:
dist: 1.0105991280998137 vs. 1.0105991280998137
--------
nle(id0,id1,dist): 73 83 1.9342776743900203
list:
dist: 1.9342776743900203 vs. 1.9342776743900203
--------
nle(id0,id1,dist): 73 81 1.7369176815269551
list:
dist: 1.7369176815269551 vs. 1.7369176815269551
--------
nle(id0,id1,dist): 73 80 1.3598080521275528
list:
dist: 1.3598080521275528 vs. 1.3598080521275528
--------
nle(id0,id1,dist): 73 79 1.2987600512863011
list:
dist: 1.2987600512863011 vs. 1.2987600512863011
--------
nle(id0,id1,dist): 73 78 0.7530674624010705
list:
dist: 0.7530674624010705 vs. 0.7530674624010705
--------
nle(id0,id1,dist): 73 77 0.9083418006285221
list:
dist: 0.9083418006285221 vs. 0.9083418006285221
--------
nle(id0,id1,dist): 73 76 1.7687253729304848
list:
dist: 1.7687253729304848 vs. 1.7687253729304848
--------
nle(id0,id1,dist): 73 88 2.284522358405322
list:
dist: 2.284522358405322 vs. 2.284522358405322
--------
nle(id0,id1,dist): 73 87 2.0589616831894904
list:
dist: 2.0589616831894904 vs. 2.0589616831894904
--------
nle(id0,id1,dist): 73 85 2.4972690528807124
list:
dist: 2.4972690528807124 vs. 2.4972690528807124
--------
nle(id0,id1,dist): 73 99 3.3773217255752197
list:
dist: 3.3773217255752197 vs. 3.3773217255752197
--------
nle(id0,id1,dist): 72 74 3.338778159103893
list:
dist: 3.338778159103893 vs. 3.338778159103893
--------
nle(id0,id1,dist): 72 73 2.4723380242705626
list:
dist: 2.4723380242705626 vs. 2.4723380242705626
--------
nle(id0,id1,dist): 72 76 1.6519755644161067
list:
dist: 1.6519755644161067 vs. 1.6519755644161067
--------
nle(id0,id1,dist): 72 75 1.2395290455990045
list:
dist: 1.2395290455990045 vs. 1.2395290455990045
--------
nle(id0,id1,dist): 72 78 2.0185030923954685
list:
dist: 2.0185030923954685 vs. 2.0185030923954685
--------
nle(id0,id1,dist): 72 77 1.7065911281807005
list:
dist: 1.7065911281807005 vs. 1.7065911281807005
--------
nle(id0,id1,dist): 72 80 2.3315496147957337
list:
dist: 2.3315496147957337 vs. 2.3315496147957337
--------
nle(id0,id1,dist): 72 79 2.705488303710802
list:
dist: 2.705488303710802 vs. 2.705488303710802
--------
nle(id0,id1,dist): 72 82 1.8937574018515904
list:
dist: 1.8937574018515904 vs. 1.8937574018515904
--------
nle(id0,id1,dist): 72 81 1.987855958926624
list:
dist: 1.987855958926624 vs. 1.987855958926624
--------
nle(id0,id1,dist): 72 84 3.351378777203722
list:
dist: 3.351378777203722 vs. 3.351378777203722
--------
nle(id0,id1,dist): 72 83 1.380488358784811
list:
dist: 1.380488358784811 vs. 1.380488358784811
--------
nle(id0,id1,dist): 72 86 2.629520431147941
list:
dist: 2.629520431147941 vs. 2.629520431147941
--------
nle(id0,id1,dist): 72 85 0.7579030777612773
list:
dist: 0.7579030777612773 vs. 0.7579030777612773
--------
nle(id0,id1,dist): 72 88 1.5100913324296183
list:
dist: 1.5100913324296183 vs. 1.5100913324296183
--------
nle(id0,id1,dist): 72 87 3.408020050182428
list:
dist: 3.408020050182428 vs. 3.408020050182428
--------
nle(id0,id1,dist): 72 89 2.3997732527867286
list:
dist: 2.3997732527867286 vs. 2.3997732527867286
--------
nle(id0,id1,dist): 72 94 3.4337938204976557
list:
dist: 3.4337938204976557 vs. 3.4337938204976557
--------
nle(id0,id1,dist): 72 98 3.546799825346969
list:
dist: 3.546799825346969 vs. 3.546799825346969
--------
nle(id0,id1,dist): 72 99 2.9428891978475136
list:
dist: 2.9428891978475136 vs. 2.9428891978475136
--------
nle(id0,id1,dist): 71 81 2.7354263657460725
list:
dist: 2.7354263657460725 vs. 2.7354263657460725
--------
nle(id0,id1,dist): 71 80 2.3612251105012243
list:
dist: 2.3612251105012243 vs. 2.3612251105012243
--------
nle(id0,id1,dist): 71 79 3.2444160681468763
list:
dist: 3.2444160681468763 vs. 3.2444160681468763
--------
nle(id0,id1,dist): 71 78 2.28158908947246
list:
dist: 2.28158908947246 vs. 2.28158908947246
--------
nle(id0,id1,dist): 71 85 1.8204521017920896
list:
dist: 1.8204521017920896 vs. 1.8204521017920896
--------
nle(id0,id1,dist): 71 83 1.467240418263992
list:
dist: 1.467240418263992 vs. 1.467240418263992
--------
nle(id0,id1,dist): 71 82 2.3812811426479303
list:
dist: 2.3812811426479303 vs. 2.3812811426479303
--------
nle(id0,id1,dist): 71 88 2.5878761577623424
list:
dist: 2.5878761577623424 vs. 2.5878761577623424
--------
nle(id0,id1,dist): 71 87 4.11390024706093
list:
dist: 4.11390024706093 vs. 4.11390024706093
--------
nle(id0,id1,dist): 70 124 4.198272173595445
list:
dist: 4.198272173595445 vs. 4.198272173595445
--------
nle(id0,id1,dist): 71 92 3.8974515513634715
list:
dist: 3.8974515513634715 vs. 3.8974515513634715
--------
nle(id0,id1,dist): 71 91 4.877684393933025
list:
dist: 4.877684393933025 vs. 4.877684393933025
--------
nle(id0,id1,dist): 71 90 4.081203917913244
list:
dist: 4.081203917913244 vs. 4.081203917913244
--------
nle(id0,id1,dist): 71 94 3.6793553529374647
list:
dist: 3.6793553529374647 vs. 3.6793553529374647
--------
nle(id0,id1,dist): 71 98 3.670789526383599
list:
dist: 3.670789526383599 vs. 3.670789526383599
--------
nle(id0,id1,dist): 71 99 2.9049669202968227
list:
dist: 2.9049669202968227 vs. 2.9049669202968227
--------
nle(id0,id1,dist): 77 88 1.8458081055400255
list:
dist: 1.8458081055400255 vs. 1.8458081055400255
--------
nle(id0,id1,dist): 77 85 1.6074143454224643
list:
dist: 1.6074143454224643 vs. 1.6074143454224643
--------
nle(id0,id1,dist): 77 87 2.4093357818851087
list:
dist: 2.4093357818851087 vs. 2.4093357818851087
--------
nle(id0,id1,dist): 77 80 1.6892618090986888
list:
dist: 1.6892618090986888 vs. 1.6892618090986888
--------
nle(id0,id1,dist): 77 81 1.6474363121794162
list:
dist: 1.6474363121794162 vs. 1.6474363121794162
--------
nle(id0,id1,dist): 77 83 1.6775058075732654
list:
dist: 1.6775058075732654 vs. 1.6775058075732654
--------
nle(id0,id1,dist): 77 99 2.7190461343563075
list:
dist: 2.7190461343563075 vs. 2.7190461343563075
--------
nle(id0,id1,dist): 76 99 3.440357305540384
list:
dist: 3.440357305540384 vs. 3.440357305540384
--------
nle(id0,id1,dist): 76 89 1.2764176054403296
list:
dist: 1.2764176054403296 vs. 1.2764176054403296
--------
nle(id0,id1,dist): 76 87 1.9405218265936761
list:
dist: 1.9405218265936761 vs. 1.9405218265936761
--------
nle(id0,id1,dist): 76 88 0.9286595244274229
list:
dist: 0.9286595244274229 vs. 0.9286595244274229
--------
nle(id0,id1,dist): 76 85 1.5391216592823658
list:
dist: 1.5391216592823658 vs. 1.5391216592823658
--------
nle(id0,id1,dist): 76 86 1.4395682440689828
list:
dist: 1.4395682440689828 vs. 1.4395682440689828
--------
nle(id0,id1,dist): 77 79 1.1814338203353365
list:
dist: 1.1814338203353365 vs. 1.1814338203353365
--------
nle(id0,id1,dist): 77 78 0.33988782452065824
list:
dist: 0.33988782452065824 vs. 0.33988782452065824
--------
nle(id0,id1,dist): 75 98 3.843232554579057
list:
dist: 3.843232554579057 vs. 3.843232554579057
--------
nle(id0,id1,dist): 75 99 3.015263265138383
list:
dist: 3.015263265138383 vs. 3.015263265138383
--------
nle(id0,id1,dist): 75 90 4.59748431997381
list:
dist: 4.59748431997381 vs. 4.59748431997381
--------
nle(id0,id1,dist): 75 91 5.464771163548445
list:
dist: 5.464771163548445 vs. 5.464771163548445
--------
nle(id0,id1,dist): 75 92 4.1542541237127955
list:
dist: 4.1542541237127955 vs. 4.1542541237127955
--------
nle(id0,id1,dist): 75 94 4.00655526654552
list:
dist: 4.00655526654552 vs. 4.00655526654552
--------
nle(id0,id1,dist): 76 78 1.5102202007045056
list:
dist: 1.5102202007045056 vs. 1.5102202007045056
--------
nle(id0,id1,dist): 76 77 1.2422291122294813
list:
dist: 1.2422291122294813 vs. 1.2422291122294813
--------
nle(id0,id1,dist): 76 80 2.044334292477715
list:
dist: 2.044334292477715 vs. 2.044334292477715
--------
nle(id0,id1,dist): 76 79 1.6150766663737381
list:
dist: 1.6150766663737381 vs. 1.6150766663737381
--------
nle(id0,id1,dist): 76 81 1.08153878037181
list:
dist: 1.08153878037181 vs. 1.08153878037181
--------
nle(id0,id1,dist): 76 84 2.852737233095809
list:
dist: 2.852737233095809 vs. 2.852737233095809
--------
nle(id0,id1,dist): 76 83 1.8821701344551254
list:
dist: 1.8821701344551254 vs. 1.8821701344551254
--------
nle(id0,id1,dist): 74 99 4.2696865833286415
list:
dist: 4.2696865833286415 vs. 4.2696865833286415
--------
nle(id0,id1,dist): 75 85 1.6035811779328157
list:
dist: 1.6035811779328157 vs. 1.6035811779328157
--------
nle(id0,id1,dist): 75 83 0.8141124420196735
list:
dist: 0.8141124420196735 vs. 0.8141124420196735
--------
nle(id0,id1,dist): 75 82 2.629084733513946
list:
dist: 2.629084733513946 vs. 2.629084733513946
--------
nle(id0,id1,dist): 75 88 1.8080850579800862
list:
dist: 1.8080850579800862 vs. 1.8080850579800862
--------
nle(id0,id1,dist): 75 87 2.9515162294376283
list:
dist: 2.9515162294376283 vs. 2.9515162294376283
--------
nle(id0,id1,dist): 75 77 1.0683228945375656
list:
dist: 1.0683228945375656 vs. 1.0683228945375656
--------
nle(id0,id1,dist): 75 76 1.7389024223483005
list:
dist: 1.7389024223483005 vs. 1.7389024223483005
--------
nle(id0,id1,dist): 75 81 1.7061693308800534
list:
dist: 1.7061693308800534 vs. 1.7061693308800534
--------
nle(id0,id1,dist): 75 80 1.3624195979209075
list:
dist: 1.3624195979209075 vs. 1.3624195979209075
--------
nle(id0,id1,dist): 75 79 2.2468461030626856
list:
dist: 2.2468461030626856 vs. 2.2468461030626856
--------
nle(id0,id1,dist): 75 78 1.2805829569250675
list:
dist: 1.2805829569250675 vs. 1.2805829569250675
--------
nle(id0,id1,dist): 120 145 3.0127804558057587
list:
dist: 3.0127804558057587 vs. 3.0127804558057587
--------
nle(id0,id1,dist): 120 147 3.5508021322490313
list:
dist: 3.5508021322490313 vs. 3.5508021322490313
--------
nle(id0,id1,dist): 120 149 3.831468221858937
list:
dist: 3.831468221858937 vs. 3.831468221858937
--------
nle(id0,id1,dist): 120 137 1.728972310208952
list:
dist: 1.728972310208952 vs. 1.728972310208952
--------
nle(id0,id1,dist): 120 138 1.6683355082274742
list:
dist: 1.6683355082274742 vs. 1.6683355082274742
--------
nle(id0,id1,dist): 120 139 2.6866796736531127
list:
dist: 2.6866796736531127 vs. 2.6866796736531127
--------
nle(id0,id1,dist): 120 140 2.292483604417063
list:
dist: 2.292483604417063 vs. 2.292483604417063
--------
nle(id0,id1,dist): 120 141 2.1278324291061153
list:
dist: 2.1278324291061153 vs. 2.1278324291061153
--------
nle(id0,id1,dist): 120 143 2.1766467817195427
list:
dist: 2.1766467817195427 vs. 2.1766467817195427
--------
nle(id0,id1,dist): 120 144 2.6828091592385754
list:
dist: 2.6828091592385754 vs. 2.6828091592385754
--------
nle(id0,id1,dist): 120 130 1.8374077274830054
list:
dist: 1.8374077274830054 vs. 1.8374077274830054
--------
nle(id0,id1,dist): 120 129 3.083719569171304
list:
dist: 3.083719569171304 vs. 3.083719569171304
--------
nle(id0,id1,dist): 120 132 1.2581723374922658
list:
dist: 1.2581723374922658 vs. 1.2581723374922658
--------
nle(id0,id1,dist): 120 131 0.9827660363126846
list:
dist: 0.9827660363126846 vs. 0.9827660363126846
--------
nle(id0,id1,dist): 120 134 2.016595593092308
list:
dist: 2.016595593092308 vs. 2.016595593092308
--------
nle(id0,id1,dist): 120 133 1.2691161093424064
list:
dist: 1.2691161093424064 vs. 1.2691161093424064
--------
nle(id0,id1,dist): 120 136 2.7512198519559656
list:
dist: 2.7512198519559656 vs. 2.7512198519559656
--------
nle(id0,id1,dist): 120 135 1.2477947006397185
list:
dist: 1.2477947006397185 vs. 1.2477947006397185
--------
nle(id0,id1,dist): 120 122 0.9089036799198937
list:
dist: 0.9089036799198937 vs. 0.9089036799198937
--------
nle(id0,id1,dist): 120 121 1.701851603195106
list:
dist: 1.701851603195106 vs. 1.701851603195106
--------
nle(id0,id1,dist): 120 124 2.025159529291322
list:
dist: 2.025159529291322 vs. 2.025159529291322
--------
nle(id0,id1,dist): 120 123 0.7065620617027152
list:
dist: 0.7065620617027152 vs. 0.7065620617027152
--------
nle(id0,id1,dist): 120 126 2.3664806679487556
list:
dist: 2.3664806679487556 vs. 2.3664806679487556
--------
nle(id0,id1,dist): 120 125 2.136052325591183
list:
dist: 2.136052325591183 vs. 2.136052325591183
--------
nle(id0,id1,dist): 120 128 1.9835467301608736
list:
dist: 1.9835467301608736 vs. 1.9835467301608736
--------
nle(id0,id1,dist): 120 127 0.9787096813697779
list:
dist: 0.9787096813697779 vs. 0.9787096813697779
--------
nle(id0,id1,dist): 121 143 2.7773120709494243
list:
dist: 2.7773120709494243 vs. 2.7773120709494243
--------
nle(id0,id1,dist): 121 140 1.946292064506562
list:
dist: 1.946292064506562 vs. 1.946292064506562
--------
nle(id0,id1,dist): 121 141 3.3020947562486587
list:
dist: 3.3020947562486587 vs. 3.3020947562486587
--------
nle(id0,id1,dist): 121 147 3.5517224894123887
list:
dist: 3.5517224894123887 vs. 3.5517224894123887
--------
nle(id0,id1,dist): 121 144 2.9984429760999975
list:
dist: 2.9984429760999975 vs. 2.9984429760999975
--------
nle(id0,id1,dist): 121 145 3.418964230113202
list:
dist: 3.418964230113202 vs. 3.418964230113202
--------
nle(id0,id1,dist): 121 134 2.3608191878725004
list:
dist: 2.3608191878725004 vs. 2.3608191878725004
--------
nle(id0,id1,dist): 121 135 2.43059119855042
list:
dist: 2.43059119855042 vs. 2.43059119855042
--------
nle(id0,id1,dist): 121 132 1.1933085208100318
list:
dist: 1.1933085208100318 vs. 1.1933085208100318
--------
nle(id0,id1,dist): 121 133 0.9182977155023273
list:
dist: 0.9182977155023273 vs. 0.9182977155023273
--------
nle(id0,id1,dist): 121 138 2.2436400623519543
list:
dist: 2.2436400623519543 vs. 2.2436400623519543
--------
nle(id0,id1,dist): 121 139 3.441163818318841
list:
dist: 3.441163818318841 vs. 3.441163818318841
--------
nle(id0,id1,dist): 121 136 2.3677243908535828
list:
dist: 2.3677243908535828 vs. 2.3677243908535828
--------
nle(id0,id1,dist): 121 137 2.69244351352853
list:
dist: 2.69244351352853 vs. 2.69244351352853
--------
nle(id0,id1,dist): 121 127 2.325722944978511
list:
dist: 2.325722944978511 vs. 2.325722944978511
--------
nle(id0,id1,dist): 121 126 1.7400750318418536
list:
dist: 1.7400750318418536 vs. 1.7400750318418536
--------
nle(id0,id1,dist): 121 125 1.1287218600188635
list:
dist: 1.1287218600188635 vs. 1.1287218600188635
--------
nle(id0,id1,dist): 121 124 1.9263898526122396
list:
dist: 1.9263898526122396 vs. 1.9263898526122396
--------
nle(id0,id1,dist): 121 131 1.1656888392175866
list:
dist: 1.1656888392175866 vs. 1.1656888392175866
--------
nle(id0,id1,dist): 121 130 1.0910787481816508
list:
dist: 1.0910787481816508 vs. 1.0910787481816508
--------
nle(id0,id1,dist): 121 129 2.9913160235127156
list:
dist: 2.9913160235127156 vs. 2.9913160235127156
--------
nle(id0,id1,dist): 121 128 1.5634902175416991
list:
dist: 1.5634902175416991 vs. 1.5634902175416991
--------
nle(id0,id1,dist): 121 123 1.9153581131216197
list:
dist: 1.9153581131216197 vs. 1.9153581131216197
--------
nle(id0,id1,dist): 121 122 2.2488364278077277
list:
dist: 2.2488364278077277 vs. 2.2488364278077277
--------
nle(id0,id1,dist): 122 132 1.6565042873588522
list:
dist: 1.6565042873588522 vs. 1.6565042873588522
--------
nle(id0,id1,dist): 122 131 1.774425302775003
list:
dist: 1.774425302775003 vs. 1.774425302775003
--------
nle(id0,id1,dist): 122 134 2.5098415242103376
list:
dist: 2.5098415242103376 vs. 2.5098415242103376
--------
nle(id0,id1,dist): 122 133 2.0274733355543373
list:
dist: 2.0274733355543373 vs. 2.0274733355543373
--------
nle(id0,id1,dist): 122 128 2.6693415154092333
list:
dist: 2.6693415154092333 vs. 2.6693415154092333
--------
nle(id0,id1,dist): 122 127 1.123484003623457
list:
dist: 1.123484003623457 vs. 1.123484003623457
--------
nle(id0,id1,dist): 122 130 2.4615001557997624
list:
dist: 2.4615001557997624 vs. 2.4615001557997624
--------
nle(id0,id1,dist): 122 140 3.0602445289627305
list:
dist: 3.0602445289627305 vs. 3.0602445289627305
--------
nle(id0,id1,dist): 122 139 3.1105090857012465
list:
dist: 3.1105090857012465 vs. 3.1105090857012465
--------
nle(id0,id1,dist): 122 141 2.422842044484445
list:
dist: 2.422842044484445 vs. 2.422842044484445
--------
nle(id0,id1,dist): 122 136 3.4095046186118485
list:
dist: 3.4095046186118485 vs. 3.4095046186118485
--------
nle(id0,id1,dist): 122 135 1.7263699867723878
list:
dist: 1.7263699867723878 vs. 1.7263699867723878
--------
nle(id0,id1,dist): 122 138 2.135593614660344
list:
dist: 2.135593614660344 vs. 2.135593614660344
--------
nle(id0,id1,dist): 122 137 1.8511592207150591
list:
dist: 1.8511592207150591 vs. 1.8511592207150591
--------
nle(id0,id1,dist): 121 149 3.893711255063375
list:
dist: 3.893711255063375 vs. 3.893711255063375
--------
nle(id0,id1,dist): 122 123 1.5142214520367994
list:
dist: 1.5142214520367994 vs. 1.5142214520367994
--------
nle(id0,id1,dist): 122 124 2.0608803644510134
list:
dist: 2.0608803644510134 vs. 2.0608803644510134
--------
nle(id0,id1,dist): 122 125 2.796443796496423
list:
dist: 2.796443796496423 vs. 2.796443796496423
--------
nle(id0,id1,dist): 122 126 2.7909268770030558
list:
dist: 2.7909268770030558 vs. 2.7909268770030558
--------
nle(id0,id1,dist): 123 129 2.5812355188068716
list:
dist: 2.5812355188068716 vs. 2.5812355188068716
--------
nle(id0,id1,dist): 123 128 1.6772089048040153
list:
dist: 1.6772089048040153 vs. 1.6772089048040153
--------
nle(id0,id1,dist): 123 127 0.985353620740514
list:
dist: 0.985353620740514 vs. 0.985353620740514
--------
nle(id0,id1,dist): 123 126 2.2785400368605813
list:
dist: 2.2785400368605813 vs. 2.2785400368605813
--------
nle(id0,id1,dist): 123 125 1.9984853695041698
list:
dist: 1.9984853695041698 vs. 1.9984853695041698
--------
nle(id0,id1,dist): 123 124 2.210735187290548
list:
dist: 2.210735187290548 vs. 2.210735187290548
--------
nle(id0,id1,dist): 123 137 1.5585215883467407
list:
dist: 1.5585215883467407 vs. 1.5585215883467407
--------
nle(id0,id1,dist): 123 136 2.3342084051714767
list:
dist: 2.3342084051714767 vs. 2.3342084051714767
--------
nle(id0,id1,dist): 123 135 0.7945926762533984
list:
dist: 0.7945926762533984 vs. 0.7945926762533984
--------
nle(id0,id1,dist): 123 134 1.6230837766468607
list:
dist: 1.6230837766468607 vs. 1.6230837766468607
--------
nle(id0,id1,dist): 123 133 1.1703063068910875
list:
dist: 1.1703063068910875 vs. 1.1703063068910875
--------
nle(id0,id1,dist): 123 132 1.7443308147325514
list:
dist: 1.7443308147325514 vs. 1.7443308147325514
--------
nle(id0,id1,dist): 123 131 0.8404675735282712
list:
dist: 0.8404675735282712 vs. 0.8404675735282712
--------
nle(id0,id1,dist): 123 130 1.724025775880835
list:
dist: 1.724025775880835 vs. 1.724025775880835
--------
nle(id0,id1,dist): 122 145 3.4456815112263
list:
dist: 3.4456815112263 vs. 3.4456815112263
--------
nle(id0,id1,dist): 122 143 2.867030006594595
list:
dist: 2.867030006594595 vs. 2.867030006594595
--------
nle(id0,id1,dist): 124 126 1.1524475929356188
list:
dist: 1.1524475929356188 vs. 1.1524475929356188
--------
nle(id0,id1,dist): 124 125 1.8210345209155039
list:
dist: 1.8210345209155039 vs. 1.8210345209155039
--------
nle(id0,id1,dist): 124 128 1.7563889681385145
list:
dist: 1.7563889681385145 vs. 1.7563889681385145
--------
nle(id0,id1,dist): 124 127 1.7613264511382005
list:
dist: 1.7613264511382005 vs. 1.7613264511382005
--------
nle(id0,id1,dist): 124 130 1.5073390015560502
list:
dist: 1.5073390015560502 vs. 1.5073390015560502
--------
nle(id0,id1,dist): 124 132 2.489445761126533
list:
dist: 2.489445761126533 vs. 2.489445761126533
--------
nle(id0,id1,dist): 124 131 1.7603416818014106
list:
dist: 1.7603416818014106 vs. 1.7603416818014106
--------
nle(id0,id1,dist): 123 138 1.3064431059701274
list:
dist: 1.3064431059701274 vs. 1.3064431059701274
--------
nle(id0,id1,dist): 123 139 2.150037340539751
list:
dist: 2.150037340539751 vs. 2.150037340539751
--------
nle(id0,id1,dist): 123 140 1.8446895774740673
list:
dist: 1.8446895774740673 vs. 1.8446895774740673
--------
nle(id0,id1,dist): 123 141 1.6728640317066423
list:
dist: 1.6728640317066423 vs. 1.6728640317066423
--------
nle(id0,id1,dist): 123 142 3.1590167524230903
list:
dist: 3.1590167524230903 vs. 3.1590167524230903
--------
nle(id0,id1,dist): 123 143 1.510493255609949
list:
dist: 1.510493255609949 vs. 1.510493255609949
--------
nle(id0,id1,dist): 123 144 2.0025188095334014
list:
dist: 2.0025188095334014 vs. 2.0025188095334014
--------
nle(id0,id1,dist): 123 145 2.528001287689251
list:
dist: 2.528001287689251 vs. 2.528001287689251
--------
nle(id0,id1,dist): 123 146 3.435219449222054
list:
dist: 3.435219449222054 vs. 3.435219449222054
--------
nle(id0,id1,dist): 123 147 2.941735709920421
list:
dist: 2.941735709920421 vs. 2.941735709920421
--------
nle(id0,id1,dist): 123 148 2.2023989263677177
list:
dist: 2.2023989263677177 vs. 2.2023989263677177
--------
nle(id0,id1,dist): 123 149 3.246147275393541
list:
dist: 3.246147275393541 vs. 3.246147275393541
--------
nle(id0,id1,dist): 125 127 2.3845053163717873
list:
dist: 2.3845053163717873 vs. 2.3845053163717873
--------
nle(id0,id1,dist): 125 126 0.9905377517420845
list:
dist: 0.9905377517420845 vs. 0.9905377517420845
--------
nle(id0,id1,dist): 124 135 2.0744917604555893
list:
dist: 2.0744917604555893 vs. 2.0744917604555893
--------
nle(id0,id1,dist): 124 136 2.2512545588466586
list:
dist: 2.2512545588466586 vs. 2.2512545588466586
--------
nle(id0,id1,dist): 124 133 1.7742339804173655
list:
dist: 1.7742339804173655 vs. 1.7742339804173655
--------
nle(id0,id1,dist): 124 134 1.6661655197421108
list:
dist: 1.6661655197421108 vs. 1.6661655197421108
--------
nle(id0,id1,dist): 124 139 2.6921734559751656
list:
dist: 2.6921734559751656 vs. 2.6921734559751656
--------
nle(id0,id1,dist): 124 140 2.3015451921893444
list:
dist: 2.3015451921893444 vs. 2.3015451921893444
--------
nle(id0,id1,dist): 124 137 1.6046438234237446
list:
dist: 1.6046438234237446 vs. 1.6046438234237446
--------
nle(id0,id1,dist): 124 138 1.571319283166583
list:
dist: 1.571319283166583 vs. 1.571319283166583
--------
nle(id0,id1,dist): 124 143 2.6974898307321524
list:
dist: 2.6974898307321524 vs. 2.6974898307321524
--------
nle(id0,id1,dist): 124 141 2.606576999079472
list:
dist: 2.606576999079472 vs. 2.606576999079472
--------
nle(id0,id1,dist): 124 145 2.5382325430722297
list:
dist: 2.5382325430722297 vs. 2.5382325430722297
--------
nle(id0,id1,dist): 112 119 2.687117946818265
list:
dist: 2.687117946818265 vs. 2.687117946818265
--------
nle(id0,id1,dist): 112 118 1.739872711646127
list:
dist: 1.739872711646127 vs. 1.739872711646127
--------
nle(id0,id1,dist): 112 115 1.4106015442620388
list:
dist: 1.4106015442620388 vs. 1.4106015442620388
--------
nle(id0,id1,dist): 112 116 2.0192090902406914
list:
dist: 2.0192090902406914 vs. 2.0192090902406914
--------
nle(id0,id1,dist): 112 113 1.9821065708304717
list:
dist: 1.9821065708304717 vs. 1.9821065708304717
--------
nle(id0,id1,dist): 112 114 2.430210323151223
list:
dist: 2.430210323151223 vs. 2.430210323151223
--------
nle(id0,id1,dist): 113 116 0.6357425772966747
list:
dist: 0.6357425772966747 vs. 0.6357425772966747
--------
nle(id0,id1,dist): 113 117 2.663894010921719
list:
dist: 2.663894010921719 vs. 2.663894010921719
--------
nle(id0,id1,dist): 113 118 0.6111523668664296
list:
dist: 0.6111523668664296 vs. 0.6111523668664296
--------
nle(id0,id1,dist): 113 119 1.4133261813699178
list:
dist: 1.4133261813699178 vs. 1.4133261813699178
--------
nle(id0,id1,dist): 113 114 1.4738927878650896
list:
dist: 1.4738927878650896 vs. 1.4738927878650896
--------
nle(id0,id1,dist): 113 115 1.9552241377541468
list:
dist: 1.9552241377541468 vs. 1.9552241377541468
--------
nle(id0,id1,dist): 114 117 2.1723118089752678
list:
dist: 2.1723118089752678 vs. 2.1723118089752678
--------
nle(id0,id1,dist): 114 118 1.0014750156308387
list:
dist: 1.0014750156308387 vs. 1.0014750156308387
--------
nle(id0,id1,dist): 114 115 3.097252198658543
list:
dist: 3.097252198658543 vs. 3.097252198658543
--------
nle(id0,id1,dist): 114 116 1.4087057313583855
list:
dist: 1.4087057313583855 vs. 1.4087057313583855
--------
nle(id0,id1,dist): 114 119 1.6034400354472809
list:
dist: 1.6034400354472809 vs. 1.6034400354472809
--------
nle(id0,id1,dist): 115 118 2.1241261885043263
list:
dist: 2.1241261885043263 vs. 2.1241261885043263
--------
nle(id0,id1,dist): 115 119 2.7178921640311393
list:
dist: 2.7178921640311393 vs. 2.7178921640311393
--------
nle(id0,id1,dist): 115 116 2.0416533536262738
list:
dist: 2.0416533536262738 vs. 2.0416533536262738
--------
nle(id0,id1,dist): 116 117 2.064294957473822
list:
dist: 2.064294957473822 vs. 2.064294957473822
--------
nle(id0,id1,dist): 116 118 0.6574977366263188
list:
dist: 0.6574977366263188 vs. 0.6574977366263188
--------
nle(id0,id1,dist): 116 119 0.8439012625245056
list:
dist: 0.8439012625245056 vs. 0.8439012625245056
--------
nle(id0,id1,dist): 117 118 2.3189695327743105
list:
dist: 2.3189695327743105 vs. 2.3189695327743105
--------
nle(id0,id1,dist): 117 119 1.451562814039783
list:
dist: 1.451562814039783 vs. 1.451562814039783
--------
nle(id0,id1,dist): 118 119 1.342993501280658
list:
dist: 1.342993501280658 vs. 1.342993501280658
--------
nle(id0,id1,dist): 106 113 3.213549213677118
list:
dist: 3.213549213677118 vs. 3.213549213677118
--------
nle(id0,id1,dist): 106 114 2.0754606956633332
list:
dist: 2.0754606956633332 vs. 2.0754606956633332
--------
nle(id0,id1,dist): 106 111 3.0654139189145884
list:
dist: 3.0654139189145884 vs. 3.0654139189145884
--------
nle(id0,id1,dist): 106 112 2.922325324302375
list:
dist: 2.922325324302375 vs. 2.922325324302375
--------
nle(id0,id1,dist): 106 117 3.486313295919805
list:
dist: 3.486313295919805 vs. 3.486313295919805
--------
nle(id0,id1,dist): 106 118 2.6677698586023175
list:
dist: 2.6677698586023175 vs. 2.6677698586023175
--------
nle(id0,id1,dist): 106 116 3.243597685322826
list:
dist: 3.243597685322826 vs. 3.243597685322826
--------
nle(id0,id1,dist): 106 110 2.834280404577432
list:
dist: 2.834280404577432 vs. 2.834280404577432
--------
nle(id0,id1,dist): 106 109 1.6652453035132628
list:
dist: 1.6652453035132628 vs. 1.6652453035132628
--------
nle(id0,id1,dist): 106 108 1.2870876364551094
list:
dist: 1.2870876364551094 vs. 1.2870876364551094
--------
nle(id0,id1,dist): 106 107 1.5609057025361213
list:
dist: 1.5609057025361213 vs. 1.5609057025361213
--------
nle(id0,id1,dist): 105 116 2.9532428236543304
list:
dist: 2.9532428236543304 vs. 2.9532428236543304
--------
nle(id0,id1,dist): 105 117 3.5288575021512867
list:
dist: 3.5288575021512867 vs. 3.5288575021512867
--------
nle(id0,id1,dist): 105 118 2.383971491501756
list:
dist: 2.383971491501756 vs. 2.383971491501756
--------
nle(id0,id1,dist): 105 109 1.0457687583778763
list:
dist: 1.0457687583778763 vs. 1.0457687583778763
--------
nle(id0,id1,dist): 105 108 1.085677158913208
list:
dist: 1.085677158913208 vs. 1.085677158913208
--------
nle(id0,id1,dist): 105 111 2.561803386255203
list:
dist: 2.561803386255203 vs. 2.561803386255203
--------
nle(id0,id1,dist): 105 110 2.336325171521804
list:
dist: 2.336325171521804 vs. 2.336325171521804
--------
nle(id0,id1,dist): 105 113 2.890313033507235
list:
dist: 2.890313033507235 vs. 2.890313033507235
--------
nle(id0,id1,dist): 105 112 1.8969543360164953
list:
dist: 1.8969543360164953 vs. 1.8969543360164953
--------
nle(id0,id1,dist): 105 114 2.290352981043757
list:
dist: 2.290352981043757 vs. 2.290352981043757
--------
nle(id0,id1,dist): 105 107 1.1195873597710209
list:
dist: 1.1195873597710209 vs. 1.1195873597710209
--------
nle(id0,id1,dist): 105 106 1.2646879894038037
list:
dist: 1.2646879894038037 vs. 1.2646879894038037
--------
nle(id0,id1,dist): 108 116 3.021324910437285
list:
dist: 3.021324910437285 vs. 3.021324910437285
--------
nle(id0,id1,dist): 108 113 3.1735533352278984
list:
dist: 3.1735533352278984 vs. 3.1735533352278984
--------
nle(id0,id1,dist): 108 114 2.269443702378249
list:
dist: 2.269443702378249 vs. 2.269443702378249
--------
nle(id0,id1,dist): 108 111 2.9419247082961166
list:
dist: 2.9419247082961166 vs. 2.9419247082961166
--------
nle(id0,id1,dist): 108 112 2.3446438693647487
list:
dist: 2.3446438693647487 vs. 2.3446438693647487
--------
nle(id0,id1,dist): 108 109 1.1606664787893628
list:
dist: 1.1606664787893628 vs. 1.1606664787893628
--------
nle(id0,id1,dist): 108 110 2.4229207723809
list:
dist: 2.4229207723809 vs. 2.4229207723809
--------
nle(id0,id1,dist): 107 118 3.381063083696932
list:
dist: 3.381063083696932 vs. 3.381063083696932
--------
nle(id0,id1,dist): 107 114 3.149351759987485
list:
dist: 3.149351759987485 vs. 3.149351759987485
--------
nle(id0,id1,dist): 107 116 3.896726926579871
list:
dist: 3.896726926579871 vs. 3.896726926579871
--------
nle(id0,id1,dist): 107 117 3.996666935782926
list:
dist: 3.996666935782926 vs. 3.996666935782926
--------
nle(id0,id1,dist): 107 110 3.248260745401377
list:
dist: 3.248260745401377 vs. 3.248260745401377
--------
nle(id0,id1,dist): 107 111 3.615973824571949
list:
dist: 3.615973824571949 vs. 3.615973824571949
--------
nle(id0,id1,dist): 107 112 2.762687740715878
list:
dist: 2.762687740715878 vs. 2.762687740715878
--------
nle(id0,id1,dist): 107 113 3.929491380333902
list:
dist: 3.929491380333902 vs. 3.929491380333902
--------
nle(id0,id1,dist): 107 108 1.1011419747674225
list:
dist: 1.1011419747674225 vs. 1.1011419747674225
--------
nle(id0,id1,dist): 107 109 1.9050771617984112
list:
dist: 1.9050771617984112 vs. 1.9050771617984112
--------
nle(id0,id1,dist): 109 114 1.5529181153309843
list:
dist: 1.5529181153309843 vs. 1.5529181153309843
--------
nle(id0,id1,dist): 109 115 2.616173328065985
list:
dist: 2.616173328065985 vs. 2.616173328065985
--------
nle(id0,id1,dist): 109 112 1.3779088832548692
list:
dist: 1.3779088832548692 vs. 1.3779088832548692
--------
nle(id0,id1,dist): 109 113 2.0716899535158246
list:
dist: 2.0716899535158246 vs. 2.0716899535158246
--------
nle(id0,id1,dist): 109 118 1.5115960807410667
list:
dist: 1.5115960807410667 vs. 1.5115960807410667
--------
nle(id0,id1,dist): 109 119 2.428366847922176
list:
dist: 2.428366847922176 vs. 2.428366847922176
--------
nle(id0,id1,dist): 109 116 1.9947323462633504
list:
dist: 1.9947323462633504 vs. 1.9947323462633504
--------
nle(id0,id1,dist): 109 117 2.569529031454223
list:
dist: 2.569529031454223 vs. 2.569529031454223
--------
nle(id0,id1,dist): 109 111 1.792359217488206
list:
dist: 1.792359217488206 vs. 1.792359217488206
--------
nle(id0,id1,dist): 109 110 1.3566407498702655
list:
dist: 1.3566407498702655 vs. 1.3566407498702655
--------
nle(id0,id1,dist): 108 117 2.904830890455153
list:
dist: 2.904830890455153 vs. 2.904830890455153
--------
nle(id0,id1,dist): 108 118 2.5785570480468296
list:
dist: 2.5785570480468296 vs. 2.5785570480468296
--------
nle(id0,id1,dist): 111 119 1.728516515382536
list:
dist: 1.728516515382536 vs. 1.728516515382536
--------
nle(id0,id1,dist): 111 118 0.6511618027916394
list:
dist: 0.6511618027916394 vs. 0.6511618027916394
--------
nle(id0,id1,dist): 111 116 0.8874502653997217
list:
dist: 0.8874502653997217 vs. 0.8874502653997217
--------
nle(id0,id1,dist): 111 117 2.815316322298012
list:
dist: 2.815316322298012 vs. 2.815316322298012
--------
nle(id0,id1,dist): 111 114 1.61864825636569
list:
dist: 1.61864825636569 vs. 1.61864825636569
--------
nle(id0,id1,dist): 111 115 1.5962766623464066
list:
dist: 1.5962766623464066 vs. 1.5962766623464066
--------
nle(id0,id1,dist): 111 112 1.5046811631202799
list:
dist: 1.5046811631202799 vs. 1.5046811631202799
--------
nle(id0,id1,dist): 111 113 0.5085239938742643
list:
dist: 0.5085239938742643 vs. 0.5085239938742643
--------
nle(id0,id1,dist): 110 111 0.8514790636112428
list:
dist: 0.8514790636112428 vs. 0.8514790636112428
--------
nle(id0,id1,dist): 110 112 1.335593330543829
list:
dist: 1.335593330543829 vs. 1.335593330543829
--------
nle(id0,id1,dist): 110 113 1.0278229162246288
list:
dist: 1.0278229162246288 vs. 1.0278229162246288
--------
nle(id0,id1,dist): 110 114 1.4480449203042853
list:
dist: 1.4480449203042853 vs. 1.4480449203042853
--------
nle(id0,id1,dist): 110 119 1.3644133096546813
list:
dist: 1.3644133096546813 vs. 1.3644133096546813
--------
nle(id0,id1,dist): 110 115 1.763369586853186
list:
dist: 1.763369586853186 vs. 1.763369586853186
--------
nle(id0,id1,dist): 110 116 0.7633939004752079
list:
dist: 0.7633939004752079 vs. 0.7633939004752079
--------
nle(id0,id1,dist): 110 117 2.0946751026947226
list:
dist: 2.0946751026947226 vs. 2.0946751026947226
--------
nle(id0,id1,dist): 110 118 0.6755825287709458
list:
dist: 0.6755825287709458 vs. 0.6755825287709458
--------
nle(id0,id1,dist): 99 107 2.603673082263698
list:
dist: 2.603673082263698 vs. 2.603673082263698
--------
nle(id0,id1,dist): 99 106 2.043153104955299
list:
dist: 2.043153104955299 vs. 2.043153104955299
--------
nle(id0,id1,dist): 99 109 2.8589291596913173
list:
dist: 2.8589291596913173 vs. 2.8589291596913173
--------
nle(id0,id1,dist): 99 108 2.965838351980524
list:
dist: 2.965838351980524 vs. 2.965838351980524
--------
nle(id0,id1,dist): 99 111 3.5728191140334293
list:
dist: 3.5728191140334293 vs. 3.5728191140334293
--------
nle(id0,id1,dist): 99 110 3.794485403672563
list:
dist: 3.794485403672563 vs. 3.794485403672563
--------
nle(id0,id1,dist): 99 113 3.807136278830439
list:
dist: 3.807136278830439 vs. 3.807136278830439
--------
nle(id0,id1,dist): 99 112 3.453591113155234
list:
dist: 3.453591113155234 vs. 3.453591113155234
--------
nle(id0,id1,dist): 99 101 2.102424071877899
list:
dist: 2.102424071877899 vs. 2.102424071877899
--------
nle(id0,id1,dist): 99 100 2.928412504049165
list:
dist: 2.928412504049165 vs. 2.928412504049165
--------
nle(id0,id1,dist): 99 103 2.0612078715557
list:
dist: 2.0612078715557 vs. 2.0612078715557
--------
nle(id0,id1,dist): 99 102 2.5399181184997426
list:
dist: 2.5399181184997426 vs. 2.5399181184997426
--------
nle(id0,id1,dist): 99 105 2.106739229829643
list:
dist: 2.106739229829643 vs. 2.106739229829643
--------
nle(id0,id1,dist): 99 104 1.7428634977965918
list:
dist: 1.7428634977965918 vs. 1.7428634977965918
--------
nle(id0,id1,dist): 99 114 3.2525710174959137
list:
dist: 3.2525710174959137 vs. 3.2525710174959137
--------
nle(id0,id1,dist): 99 116 4.151266731151371
list:
dist: 4.151266731151371 vs. 4.151266731151371
--------
nle(id0,id1,dist): 99 118 3.4948184793932016
list:
dist: 3.4948184793932016 vs. 3.4948184793932016
--------
nle(id0,id1,dist): 98 114 3.1101380891122536
list:
dist: 3.1101380891122536 vs. 3.1101380891122536
--------
nle(id0,id1,dist): 98 113 3.590278246853355
list:
dist: 3.590278246853355 vs. 3.590278246853355
--------
nle(id0,id1,dist): 98 112 2.7816061633492217
list:
dist: 2.7816061633492217 vs. 2.7816061633492217
--------
nle(id0,id1,dist): 98 111 3.264081842180694
list:
dist: 3.264081842180694 vs. 3.264081842180694
--------
nle(id0,id1,dist): 98 118 3.216741819225869
list:
dist: 3.216741819225869 vs. 3.216741819225869
--------
nle(id0,id1,dist): 98 116 3.8560015260547673
list:
dist: 3.8560015260547673 vs. 3.8560015260547673
--------
nle(id0,id1,dist): 98 106 1.8029241706333838
list:
dist: 1.8029241706333838 vs. 1.8029241706333838
--------
nle(id0,id1,dist): 98 105 1.3675271130034707
list:
dist: 1.3675271130034707 vs. 1.3675271130034707
--------
nle(id0,id1,dist): 98 104 0.9376341270741473
list:
dist: 0.9376341270741473 vs. 0.9376341270741473
--------
nle(id0,id1,dist): 98 103 1.2477213024344775
list:
dist: 1.2477213024344775 vs. 1.2477213024344775
--------
nle(id0,id1,dist): 98 110 3.353056058171522
list:
dist: 3.353056058171522 vs. 3.353056058171522
--------
nle(id0,id1,dist): 98 109 2.277833463797541
list:
dist: 2.277833463797541 vs. 2.277833463797541
--------
nle(id0,id1,dist): 98 108 2.3344172101997254
list:
dist: 2.3344172101997254 vs. 2.3344172101997254
--------
nle(id0,id1,dist): 98 107 1.8414420673807361
list:
dist: 1.8414420673807361 vs. 1.8414420673807361
--------
nle(id0,id1,dist): 101 103 1.6428496731456936
list:
dist: 1.6428496731456936 vs. 1.6428496731456936
--------
nle(id0,id1,dist): 101 102 1.845612039006291
list:
dist: 1.845612039006291 vs. 1.845612039006291
--------
nle(id0,id1,dist): 101 108 1.517250738474109
list:
dist: 1.517250738474109 vs. 1.517250738474109
--------
nle(id0,id1,dist): 101 104 1.293487751302671
list:
dist: 1.293487751302671 vs. 1.293487751302671
--------
nle(id0,id1,dist): 101 105 1.5310254946862236
list:
dist: 1.5310254946862236 vs. 1.5310254946862236
--------
nle(id0,id1,dist): 101 106 0.8556705945466684
list:
dist: 0.8556705945466684 vs. 0.8556705945466684
--------
nle(id0,id1,dist): 101 107 1.2154221922622492
list:
dist: 1.2154221922622492 vs. 1.2154221922622492
--------
nle(id0,id1,dist): 100 108 3.5225522410291266
list:
dist: 3.5225522410291266 vs. 3.5225522410291266
--------
nle(id0,id1,dist): 100 107 2.4558420975653648
list:
dist: 2.4558420975653648 vs. 2.4558420975653648
--------
nle(id0,id1,dist): 100 106 3.5083694777872694
list:
dist: 3.5083694777872694 vs. 3.5083694777872694
--------
nle(id0,id1,dist): 100 105 2.9441150894470827
list:
dist: 2.9441150894470827 vs. 2.9441150894470827
--------
nle(id0,id1,dist): 100 104 1.93306304086938
list:
dist: 1.93306304086938 vs. 1.93306304086938
--------
nle(id0,id1,dist): 100 103 1.4775416947859679
list:
dist: 1.4775416947859679 vs. 1.4775416947859679
--------
nle(id0,id1,dist): 100 102 2.702307785052002
list:
dist: 2.702307785052002 vs. 2.702307785052002
--------
nle(id0,id1,dist): 100 101 2.9294792695699083
list:
dist: 2.9294792695699083 vs. 2.9294792695699083
--------
nle(id0,id1,dist): 102 116 3.2390896657482795
list:
dist: 3.2390896657482795 vs. 3.2390896657482795
--------
nle(id0,id1,dist): 102 118 2.735304208509114
list:
dist: 2.735304208509114 vs. 2.735304208509114
--------
nle(id0,id1,dist): 103 105 1.5028091187550134
list:
dist: 1.5028091187550134 vs. 1.5028091187550134
--------
nle(id0,id1,dist): 103 104 0.4922988761298191
list:
dist: 0.4922988761298191 vs. 0.4922988761298191
--------
nle(id0,id1,dist): 103 107 1.1238363215131517
list:
dist: 1.1238363215131517 vs. 1.1238363215131517
--------
nle(id0,id1,dist): 103 106 2.0874116150440774
list:
dist: 2.0874116150440774 vs. 2.0874116150440774
--------
nle(id0,id1,dist): 103 108 2.1060219015981083
list:
dist: 2.1060219015981083 vs. 2.1060219015981083
--------
nle(id0,id1,dist): 102 106 1.7842826349659273
list:
dist: 1.7842826349659273 vs. 1.7842826349659273
--------
nle(id0,id1,dist): 102 105 0.62868924377446
list:
dist: 0.62868924377446 vs. 0.62868924377446
--------
nle(id0,id1,dist): 102 104 1.1876729646692483
list:
dist: 1.1876729646692483 vs. 1.1876729646692483
--------
nle(id0,id1,dist): 102 103 1.371960327936165
list:
dist: 1.371960327936165 vs. 1.371960327936165
--------
nle(id0,id1,dist): 102 110 2.541639589739676
list:
dist: 2.541639589739676 vs. 2.541639589739676
--------
nle(id0,id1,dist): 102 109 1.308695230035739
list:
dist: 1.308695230035739 vs. 1.308695230035739
--------
nle(id0,id1,dist): 102 108 1.1825460983498517
list:
dist: 1.1825460983498517 vs. 1.1825460983498517
--------
nle(id0,id1,dist): 102 107 0.9574287237119705
list:
dist: 0.9574287237119705 vs. 0.9574287237119705
--------
nle(id0,id1,dist): 102 114 2.768238783193476
list:
dist: 2.768238783193476 vs. 2.768238783193476
--------
nle(id0,id1,dist): 102 113 3.2267199528539363
list:
dist: 3.2267199528539363 vs. 3.2267199528539363
--------
nle(id0,id1,dist): 102 112 1.8432366833138836
list:
dist: 1.8432366833138836 vs. 1.8432366833138836
--------
nle(id0,id1,dist): 102 111 2.8466431219575976
list:
dist: 2.8466431219575976 vs. 2.8466431219575976
--------
nle(id0,id1,dist): 104 109 2.1696781401819565
list:
dist: 2.1696781401819565 vs. 2.1696781401819565
--------
nle(id0,id1,dist): 104 110 3.4492138937168098
list:
dist: 3.4492138937168098 vs. 3.4492138937168098
--------
nle(id0,id1,dist): 104 111 3.585539650201712
list:
dist: 3.585539650201712 vs. 3.585539650201712
--------
nle(id0,id1,dist): 104 112 2.8396460123723495
list:
dist: 2.8396460123723495 vs. 2.8396460123723495
--------
nle(id0,id1,dist): 104 105 1.1258215665869367
list:
dist: 1.1258215665869367 vs. 1.1258215665869367
--------
nle(id0,id1,dist): 104 106 1.6268966119905404
list:
dist: 1.6268966119905404 vs. 1.6268966119905404
--------
nle(id0,id1,dist): 104 107 0.9926710200931195
list:
dist: 0.9926710200931195 vs. 0.9926710200931195
--------
nle(id0,id1,dist): 104 108 1.8035185649343994
list:
dist: 1.8035185649343994 vs. 1.8035185649343994
--------
nle(id0,id1,dist): 104 118 3.4519674671658818
list:
dist: 3.4519674671658818 vs. 3.4519674671658818
--------
nle(id0,id1,dist): 104 113 3.92368815889939
list:
dist: 3.92368815889939 vs. 3.92368815889939
--------
nle(id0,id1,dist): 104 114 3.276348814564627
list:
dist: 3.276348814564627 vs. 3.276348814564627
--------
nle(id0,id1,dist): 104 116 4.049753702594305
list:
dist: 4.049753702594305 vs. 4.049753702594305
--------
nle(id0,id1,dist): 147 149 0.5780991093550018
list:
dist: 0.5780991093550018 vs. 0.5780991093550018
--------
nle(id0,id1,dist): 147 148 2.4514382906724443
list:
dist: 2.4514382906724443 vs. 2.4514382906724443
--------
nle(id0,id1,dist): 148 149 2.4549566818316286
list:
dist: 2.4549566818316286 vs. 2.4549566818316286
--------
nle(id0,id1,dist): 146 147 2.1161289397374445
list:
dist: 2.1161289397374445 vs. 2.1161289397374445
--------
nle(id0,id1,dist): 146 148 1.5708576171223099
list:
dist: 1.5708576171223099 vs. 1.5708576171223099
--------
nle(id0,id1,dist): 146 149 1.7689254111515753
list:
dist: 1.7689254111515753 vs. 1.7689254111515753
--------
nle(id0,id1,dist): 144 148 2.0170333815425234
list:
dist: 2.0170333815425234 vs. 2.0170333815425234
--------
nle(id0,id1,dist): 144 147 1.325428903780728
list:
dist: 1.325428903780728 vs. 1.325428903780728
--------
nle(id0,id1,dist): 144 146 2.558445990064625
list:
dist: 2.558445990064625 vs. 2.558445990064625
--------
nle(id0,id1,dist): 144 145 1.9820633568762005
list:
dist: 1.9820633568762005 vs. 1.9820633568762005
--------
nle(id0,id1,dist): 144 149 1.8015417385387584
list:
dist: 1.8015417385387584 vs. 1.8015417385387584
--------
nle(id0,id1,dist): 145 149 1.3146500134960284
list:
dist: 1.3146500134960284 vs. 1.3146500134960284
--------
nle(id0,id1,dist): 145 148 1.6872591365929366
list:
dist: 1.6872591365929366 vs. 1.6872591365929366
--------
nle(id0,id1,dist): 145 147 1.5271369575185645
list:
dist: 1.5271369575185645 vs. 1.5271369575185645
--------
nle(id0,id1,dist): 145 146 1.4134918546899977
list:
dist: 1.4134918546899977 vs. 1.4134918546899977
--------
nle(id0,id1,dist): 142 149 1.3214360993755974
list:
dist: 1.3214360993755974 vs. 1.3214360993755974
--------
nle(id0,id1,dist): 142 147 1.7025052955147872
list:
dist: 1.7025052955147872 vs. 1.7025052955147872
--------
nle(id0,id1,dist): 142 148 1.6659684185032846
list:
dist: 1.6659684185032846 vs. 1.6659684185032846
--------
nle(id0,id1,dist): 142 145 0.8557281711132946
list:
dist: 0.8557281711132946 vs. 0.8557281711132946
--------
nle(id0,id1,dist): 142 146 0.6196528055740622
list:
dist: 0.6196528055740622 vs. 0.6196528055740622
--------
nle(id0,id1,dist): 142 143 1.8812169070062659
list:
dist: 1.8812169070062659 vs. 1.8812169070062659
--------
nle(id0,id1,dist): 142 144 2.298666040812583
list:
dist: 2.298666040812583 vs. 2.298666040812583
--------
nle(id0,id1,dist): 143 146 2.172732260026118
list:
dist: 2.172732260026118 vs. 2.172732260026118
--------
nle(id0,id1,dist): 143 147 1.5509781700549843
list:
dist: 1.5509781700549843 vs. 1.5509781700549843
--------
nle(id0,id1,dist): 143 148 1.4089918391711895
list:
dist: 1.4089918391711895 vs. 1.4089918391711895
--------
nle(id0,id1,dist): 143 149 1.8319792438722382
list:
dist: 1.8319792438722382 vs. 1.8319792438722382
--------
nle(id0,id1,dist): 143 144 0.8417326564855059
list:
dist: 0.8417326564855059 vs. 0.8417326564855059
--------
nle(id0,id1,dist): 143 145 1.4212767623123879
list:
dist: 1.4212767623123879 vs. 1.4212767623123879
--------
nle(id0,id1,dist): 141 142 1.914206154813678
list:
dist: 1.914206154813678 vs. 1.914206154813678
--------
nle(id0,id1,dist): 141 143 1.319348330183116
list:
dist: 1.319348330183116 vs. 1.319348330183116
--------
nle(id0,id1,dist): 140 149 1.99846767301807
list:
dist: 1.99846767301807 vs. 1.99846767301807
--------
nle(id0,id1,dist): 141 145 1.5964509143011685
list:
dist: 1.5964509143011685 vs. 1.5964509143011685
--------
nle(id0,id1,dist): 141 144 2.1129850714478047
list:
dist: 2.1129850714478047 vs. 2.1129850714478047
--------
nle(id0,id1,dist): 141 147 2.5962562689474207
list:
dist: 2.5962562689474207 vs. 2.5962562689474207
--------
nle(id0,id1,dist): 141 146 2.0179958467628465
list:
dist: 2.0179958467628465 vs. 2.0179958467628465
--------
nle(id0,id1,dist): 141 149 2.630501282558482
list:
dist: 2.630501282558482 vs. 2.630501282558482
--------
nle(id0,id1,dist): 141 148 0.7638970026694335
list:
dist: 0.7638970026694335 vs. 0.7638970026694335
--------
nle(id0,id1,dist): 139 144 1.7862377957562445
list:
dist: 1.7862377957562445 vs. 1.7862377957562445
--------
nle(id0,id1,dist): 139 145 0.745612336507912
list:
dist: 0.745612336507912 vs. 0.745612336507912
--------
nle(id0,id1,dist): 139 142 1.045490734975952
list:
dist: 1.045490734975952 vs. 1.045490734975952
--------
nle(id0,id1,dist): 139 143 1.0858744975667094
list:
dist: 1.0858744975667094 vs. 1.0858744975667094
--------
nle(id0,id1,dist): 139 140 2.07189958629398
list:
dist: 2.07189958629398 vs. 2.07189958629398
--------
nle(id0,id1,dist): 139 141 0.9329964903267742
list:
dist: 0.9329964903267742 vs. 0.9329964903267742
--------
nle(id0,id1,dist): 139 148 0.9526059840120115
list:
dist: 0.9526059840120115 vs. 0.9526059840120115
--------
nle(id0,id1,dist): 139 149 1.741661504686881
list:
dist: 1.741661504686881 vs. 1.741661504686881
--------
nle(id0,id1,dist): 139 146 1.3211298472894413
list:
dist: 1.3211298472894413 vs. 1.3211298472894413
--------
nle(id0,id1,dist): 139 147 1.814716576987825
list:
dist: 1.814716576987825 vs. 1.814716576987825
--------
nle(id0,id1,dist): 140 145 1.9194046209576348
list:
dist: 1.9194046209576348 vs. 1.9194046209576348
--------
nle(id0,id1,dist): 140 147 1.6091770094752582
list:
dist: 1.6091770094752582 vs. 1.6091770094752582
--------
nle(id0,id1,dist): 140 141 2.408867432944059
list:
dist: 2.408867432944059 vs. 2.408867432944059
--------
nle(id0,id1,dist): 140 143 1.3353926699089627
list:
dist: 1.3353926699089627 vs. 1.3353926699089627
--------
nle(id0,id1,dist): 140 144 1.3700144002719024
list:
dist: 1.3700144002719024 vs. 1.3700144002719024
--------
nle(id0,id1,dist): 138 141 1.2562537253739317
list:
dist: 1.2562537253739317 vs. 1.2562537253739317
--------
nle(id0,id1,dist): 138 142 2.14340890016663
list:
dist: 2.14340890016663 vs. 2.14340890016663
--------
nle(id0,id1,dist): 138 139 1.2659807170111828
list:
dist: 1.2659807170111828 vs. 1.2659807170111828
--------
nle(id0,id1,dist): 138 140 1.4438908546392801
list:
dist: 1.4438908546392801 vs. 1.4438908546392801
--------
nle(id0,id1,dist): 138 149 2.3452785512191805
list:
dist: 2.3452785512191805 vs. 2.3452785512191805
--------
nle(id0,id1,dist): 138 148 1.8399036535157203
list:
dist: 1.8399036535157203 vs. 1.8399036535157203
--------
nle(id0,id1,dist): 138 147 2.22745623954839
list:
dist: 2.22745623954839 vs. 2.22745623954839
--------
nle(id0,id1,dist): 138 146 2.5567764708386647
list:
dist: 2.5567764708386647 vs. 2.5567764708386647
--------
nle(id0,id1,dist): 138 145 1.3751488326081902
list:
dist: 1.3751488326081902 vs. 1.3751488326081902
--------
nle(id0,id1,dist): 138 144 1.9153684494002217
list:
dist: 1.9153684494002217 vs. 1.9153684494002217
--------
nle(id0,id1,dist): 138 143 1.169770431061488
list:
dist: 1.169770431061488 vs. 1.169770431061488
--------
nle(id0,id1,dist): 137 144 2.559000284958492
list:
dist: 2.559000284958492 vs. 2.559000284958492
--------
nle(id0,id1,dist): 137 145 1.7013668129862085
list:
dist: 1.7013668129862085 vs. 1.7013668129862085
--------
nle(id0,id1,dist): 137 146 2.639670708136182
list:
dist: 2.639670708136182 vs. 2.639670708136182
--------
nle(id0,id1,dist): 137 147 2.8811623023900617
list:
dist: 2.8811623023900617 vs. 2.8811623023900617
--------
nle(id0,id1,dist): 137 140 2.2442725157056853
list:
dist: 2.2442725157056853 vs. 2.2442725157056853
--------
nle(id0,id1,dist): 137 141 1.0525502097308348
list:
dist: 1.0525502097308348 vs. 1.0525502097308348
--------
nle(id0,id1,dist): 137 142 2.334725210858638
list:
dist: 2.334725210858638 vs. 2.334725210858638
--------
nle(id0,id1,dist): 137 143 1.734747537538694
list:
dist: 1.734747537538694 vs. 1.734747537538694
--------
nle(id0,id1,dist): 137 138 0.8024978326078005
list:
dist: 0.8024978326078005 vs. 0.8024978326078005
--------
nle(id0,id1,dist): 137 139 1.4413962833579377
list:
dist: 1.4413962833579377 vs. 1.4413962833579377
--------
nle(id0,id1,dist): 137 149 2.9018574044547574
list:
dist: 2.9018574044547574 vs. 2.9018574044547574
--------
nle(id0,id1,dist): 137 148 1.7880617021233638
list:
dist: 1.7880617021233638 vs. 1.7880617021233638
--------
nle(id0,id1,dist): 136 147 1.3715031503780986
list:
dist: 1.3715031503780986 vs. 1.3715031503780986
--------
nle(id0,id1,dist): 136 145 1.574424352190327
list:
dist: 1.574424352190327 vs. 1.574424352190327
--------
nle(id0,id1,dist): 136 149 1.6022462540684128
list:
dist: 1.6022462540684128 vs. 1.6022462540684128
--------
nle(id0,id1,dist): 136 139 1.9691730491900212
list:
dist: 1.9691730491900212 vs. 1.9691730491900212
--------
nle(id0,id1,dist): 136 140 0.6949627738753549
list:
dist: 0.6949627738753549 vs. 0.6949627738753549
--------
nle(id0,id1,dist): 136 137 2.2801456707220398
list:
dist: 2.2801456707220398 vs. 2.2801456707220398
--------
nle(id0,id1,dist): 136 138 1.5219070303962658
list:
dist: 1.5219070303962658 vs. 1.5219070303962658
--------
nle(id0,id1,dist): 136 143 1.5817669080307772
list:
dist: 1.5817669080307772 vs. 1.5817669080307772
--------
nle(id0,id1,dist): 136 144 1.7142802454081232
list:
dist: 1.7142802454081232 vs. 1.7142802454081232
--------
nle(id0,id1,dist): 136 141 2.5132917286096252
list:
dist: 2.5132917286096252 vs. 2.5132917286096252
--------
nle(id0,id1,dist): 135 142 2.505446065848494
list:
dist: 2.505446065848494 vs. 2.505446065848494
--------
nle(id0,id1,dist): 135 143 1.2102411562984894
list:
dist: 1.2102411562984894 vs. 1.2102411562984894
--------
nle(id0,id1,dist): 135 144 1.957887791570963
list:
dist: 1.957887791570963 vs. 1.957887791570963
--------
nle(id0,id1,dist): 135 145 1.9201227848823301
list:
dist: 1.9201227848823301 vs. 1.9201227848823301
--------
nle(id0,id1,dist): 135 146 2.7563110887315263
list:
dist: 2.7563110887315263 vs. 2.7563110887315263
--------
nle(id0,id1,dist): 135 147 2.6682200728093135
list:
dist: 2.6682200728093135 vs. 2.6682200728093135
--------
nle(id0,id1,dist): 135 148 1.5557141585730592
list:
dist: 1.5557141585730592 vs. 1.5557141585730592
--------
nle(id0,id1,dist): 135 149 2.8487391216734728
list:
dist: 2.8487391216734728 vs. 2.8487391216734728
--------
nle(id0,id1,dist): 134 149 2.006737073006319
list:
dist: 2.006737073006319 vs. 2.006737073006319
--------
nle(id0,id1,dist): 134 148 1.9198387357426467
list:
dist: 1.9198387357426467 vs. 1.9198387357426467
--------
nle(id0,id1,dist): 134 147 1.918398762581443
list:
dist: 1.918398762581443 vs. 1.918398762581443
--------
nle(id0,id1,dist): 135 140 1.9154727016635082
list:
dist: 1.9154727016635082 vs. 1.9154727016635082
--------
nle(id0,id1,dist): 135 141 0.9184557913997226
list:
dist: 0.9184557913997226 vs. 0.9184557913997226
--------
nle(id0,id1,dist): 135 138 0.8359554539991548
list:
dist: 0.8359554539991548 vs. 0.8359554539991548
--------
nle(id0,id1,dist): 135 139 1.4685257286200766
list:
dist: 1.4685257286200766 vs. 1.4685257286200766
--------
nle(id0,id1,dist): 135 136 2.2014971135644172
list:
dist: 2.2014971135644172 vs. 2.2014971135644172
--------
nle(id0,id1,dist): 135 137 0.8989603164230142
list:
dist: 0.8989603164230142 vs. 0.8989603164230142
--------
nle(id0,id1,dist): 134 135 1.1851201862641552
list:
dist: 1.1851201862641552 vs. 1.1851201862641552
--------
nle(id0,id1,dist): 134 136 1.200152212514028
list:
dist: 1.200152212514028 vs. 1.200152212514028
--------
nle(id0,id1,dist): 134 137 1.089661592571124
list:
dist: 1.089661592571124 vs. 1.089661592571124
--------
nle(id0,id1,dist): 134 138 0.3928392062838683
list:
dist: 0.3928392062838683 vs. 0.3928392062838683
--------
nle(id0,id1,dist): 134 143 1.139898523208024
list:
dist: 1.139898523208024 vs. 1.139898523208024
--------
nle(id0,id1,dist): 134 144 1.8205241966513517
list:
dist: 1.8205241966513517 vs. 1.8205241966513517
--------
nle(id0,id1,dist): 134 145 1.094365964024187
list:
dist: 1.094365964024187 vs. 1.094365964024187
--------
nle(id0,id1,dist): 134 146 2.3905100620413062
list:
dist: 2.3905100620413062 vs. 2.3905100620413062
--------
nle(id0,id1,dist): 134 139 1.1787665976257988
list:
dist: 1.1787665976257988 vs. 1.1787665976257988
--------
nle(id0,id1,dist): 134 140 1.2684488626092165
list:
dist: 1.2684488626092165 vs. 1.2684488626092165
--------
nle(id0,id1,dist): 134 141 1.4483520437302684
list:
dist: 1.4483520437302684 vs. 1.4483520437302684
--------
nle(id0,id1,dist): 134 142 1.9139815119520993
list:
dist: 1.9139815119520993 vs. 1.9139815119520993
--------
nle(id0,id1,dist): 133 135 1.613757344139753
list:
dist: 1.613757344139753 vs. 1.613757344139753
--------
nle(id0,id1,dist): 133 134 1.5749363611243556
list:
dist: 1.5749363611243556 vs. 1.5749363611243556
--------
nle(id0,id1,dist): 133 138 1.4449262698231955
list:
dist: 1.4449262698231955 vs. 1.4449262698231955
--------
nle(id0,id1,dist): 133 139 2.5701111068475093
list:
dist: 2.5701111068475093 vs. 2.5701111068475093
--------
nle(id0,id1,dist): 133 136 1.7495820722142927
list:
dist: 1.7495820722142927 vs. 1.7495820722142927
--------
nle(id0,id1,dist): 133 137 2.0047995082316445
list:
dist: 2.0047995082316445 vs. 2.0047995082316445
--------
nle(id0,id1,dist): 133 143 1.8633039092994053
list:
dist: 1.8633039092994053 vs. 1.8633039092994053
--------
nle(id0,id1,dist): 133 140 1.2457576375626696
list:
dist: 1.2457576375626696 vs. 1.2457576375626696
--------
nle(id0,id1,dist): 133 141 2.4564709818681063
list:
dist: 2.4564709818681063 vs. 2.4564709818681063
--------
nle(id0,id1,dist): 133 147 2.7865861000712018
list:
dist: 2.7865861000712018 vs. 2.7865861000712018
--------
nle(id0,id1,dist): 133 144 2.1525610158268313
list:
dist: 2.1525610158268313 vs. 2.1525610158268313
--------
nle(id0,id1,dist): 133 145 2.6214206868971175
list:
dist: 2.6214206868971175 vs. 2.6214206868971175
--------
nle(id0,id1,dist): 133 149 3.1298327058588042
list:
dist: 3.1298327058588042 vs. 3.1298327058588042
--------
nle(id0,id1,dist): 132 134 2.895964152730866
list:
dist: 2.895964152730866 vs. 2.895964152730866
--------
nle(id0,id1,dist): 132 133 1.4979928129644915
list:
dist: 1.4979928129644915 vs. 1.4979928129644915
--------
nle(id0,id1,dist): 132 136 3.24416448912109
list:
dist: 3.24416448912109 vs. 3.24416448912109
--------
nle(id0,id1,dist): 132 135 2.4312399561003515
list:
dist: 2.4312399561003515 vs. 2.4312399561003515
--------
nle(id0,id1,dist): 132 138 2.635487916771249
list:
dist: 2.635487916771249 vs. 2.635487916771249
--------
nle(id0,id1,dist): 132 137 2.852607916788182
list:
dist: 2.852607916788182 vs. 2.852607916788182
--------
nle(id0,id1,dist): 132 140 2.7153957671036046
list:
dist: 2.7153957671036046 vs. 2.7153957671036046
--------
nle(id0,id1,dist): 132 139 3.773825524341665
list:
dist: 3.773825524341665 vs. 3.773825524341665
--------
nle(id0,id1,dist): 132 141 3.343509072270687
list:
dist: 3.343509072270687 vs. 3.343509072270687
--------
nle(id0,id1,dist): 132 143 3.0909983689438993
list:
dist: 3.0909983689438993 vs. 3.0909983689438993
--------
nle(id0,id1,dist): 132 144 3.368801768862851
list:
dist: 3.368801768862851 vs. 3.368801768862851
--------
nle(id0,id1,dist): 132 145 3.971154237742462
list:
dist: 3.971154237742462 vs. 3.971154237742462
--------
nle(id0,id1,dist): 132 147 4.233302104651009
list:
dist: 4.233302104651009 vs. 4.233302104651009
--------
nle(id0,id1,dist): 132 149 4.594266102361618
list:
dist: 4.594266102361618 vs. 4.594266102361618
--------
nle(id0,id1,dist): 131 147 2.7986670586426268
list:
dist: 2.7986670586426268 vs. 2.7986670586426268
--------
nle(id0,id1,dist): 131 149 3.123554658539193
list:
dist: 3.123554658539193 vs. 3.123554658539193
--------
nle(id0,id1,dist): 131 143 1.7033980549833365
list:
dist: 1.7033980549833365 vs. 1.7033980549833365
--------
nle(id0,id1,dist): 131 144 2.0847176786134827
list:
dist: 2.0847176786134827 vs. 2.0847176786134827
--------
nle(id0,id1,dist): 131 145 2.5174670086381012
list:
dist: 2.5174670086381012 vs. 2.5174670086381012
--------
nle(id0,id1,dist): 131 138 1.261941527828591
list:
dist: 1.261941527828591 vs. 1.261941527828591
--------
nle(id0,id1,dist): 131 139 2.3823871515324853
list:
dist: 2.3823871515324853 vs. 2.3823871515324853
--------
nle(id0,id1,dist): 131 140 1.3630159858708175
list:
dist: 1.3630159858708175 vs. 1.3630159858708175
--------
nle(id0,id1,dist): 131 141 2.175085379861801
list:
dist: 2.175085379861801 vs. 2.175085379861801
--------
nle(id0,id1,dist): 131 134 1.4638806984627857
list:
dist: 1.4638806984627857 vs. 1.4638806984627857
--------
nle(id0,id1,dist): 131 135 1.3024492755213597
list:
dist: 1.3024492755213597 vs. 1.3024492755213597
--------
nle(id0,id1,dist): 131 136 1.8590122277730563
list:
dist: 1.8590122277730563 vs. 1.8590122277730563
--------
nle(id0,id1,dist): 131 137 1.757355877313629
list:
dist: 1.757355877313629 vs. 1.757355877313629
--------
nle(id0,id1,dist): 131 132 1.4841425455918913
list:
dist: 1.4841425455918913 vs. 1.4841425455918913
--------
nle(id0,id1,dist): 131 133 0.3422838917417326
list:
dist: 0.3422838917417326 vs. 0.3422838917417326
--------
nle(id0,id1,dist): 130 149 2.8522029204378274
list:
dist: 2.8522029204378274 vs. 2.8522029204378274
--------
nle(id0,id1,dist): 130 147 2.569616102747499
list:
dist: 2.569616102747499 vs. 2.569616102747499
--------
nle(id0,id1,dist): 130 145 2.3986689191688626
list:
dist: 2.3986689191688626 vs. 2.3986689191688626
--------
nle(id0,id1,dist): 130 143 1.9943317102115525
list:
dist: 1.9943317102115525 vs. 1.9943317102115525
--------
nle(id0,id1,dist): 130 144 2.283778445435997
list:
dist: 2.283778445435997 vs. 2.283778445435997
--------
nle(id0,id1,dist): 130 141 2.638872975190431
list:
dist: 2.638872975190431 vs. 2.638872975190431
--------
nle(id0,id1,dist): 130 139 2.545582254183837
list:
dist: 2.545582254183837 vs. 2.545582254183837
--------
nle(id0,id1,dist): 130 140 1.0411608666703387
list:
dist: 1.0411608666703387 vs. 1.0411608666703387
--------
nle(id0,id1,dist): 130 137 2.0698967205918937
list:
dist: 2.0698967205918937 vs. 2.0698967205918937
--------
nle(id0,id1,dist): 130 138 1.4356344915703034
list:
dist: 1.4356344915703034 vs. 1.4356344915703034
--------
nle(id0,id1,dist): 130 135 1.9266630443366684
list:
dist: 1.9266630443366684 vs. 1.9266630443366684
--------
nle(id0,id1,dist): 130 136 1.313088960101852
list:
dist: 1.313088960101852 vs. 1.313088960101852
--------
nle(id0,id1,dist): 130 132 2.036567183513756
list:
dist: 2.036567183513756 vs. 2.036567183513756
--------
nle(id0,id1,dist): 130 131 0.932124931779447
list:
dist: 0.932124931779447 vs. 0.932124931779447
--------
nle(id0,id1,dist): 130 134 1.41467635812031
list:
dist: 1.41467635812031 vs. 1.41467635812031
--------
nle(id0,id1,dist): 130 133 0.6900835892781575
list:
dist: 0.6900835892781575 vs. 0.6900835892781575
--------
nle(id0,id1,dist): 129 148 2.415563373387553
list:
dist: 2.415563373387553 vs. 2.415563373387553
--------
nle(id0,id1,dist): 129 149 0.9513912551057122
list:
dist: 0.9513912551057122 vs. 0.9513912551057122
--------
nle(id0,id1,dist): 129 140 1.1985059024346087
list:
dist: 1.1985059024346087 vs. 1.1985059024346087
--------
nle(id0,id1,dist): 129 141 2.309027967109291
list:
dist: 2.309027967109291 vs. 2.309027967109291
--------
nle(id0,id1,dist): 129 142 1.6464792614171164
list:
dist: 1.6464792614171164 vs. 1.6464792614171164
--------
nle(id0,id1,dist): 129 143 1.450256828528288
list:
dist: 1.450256828528288 vs. 1.450256828528288
--------
nle(id0,id1,dist): 129 144 1.6181887867145035
list:
dist: 1.6181887867145035 vs. 1.6181887867145035
--------
nle(id0,id1,dist): 129 145 1.0698665920658454
list:
dist: 1.0698665920658454 vs. 1.0698665920658454
--------
nle(id0,id1,dist): 129 146 2.211933108311146
list:
dist: 2.211933108311146 vs. 2.211933108311146
--------
nle(id0,id1,dist): 129 147 0.8828678917656522
list:
dist: 0.8828678917656522 vs. 0.8828678917656522
--------
nle(id0,id1,dist): 129 135 2.2630824487623764
list:
dist: 2.2630824487623764 vs. 2.2630824487623764
--------
nle(id0,id1,dist): 129 134 1.2425816731649586
list:
dist: 1.2425816731649586 vs. 1.2425816731649586
--------
nle(id0,id1,dist): 129 133 2.274265279181831
list:
dist: 2.274265279181831 vs. 2.274265279181831
--------
nle(id0,id1,dist): 129 132 3.762299693156211
list:
dist: 3.762299693156211 vs. 3.762299693156211
--------
nle(id0,id1,dist): 129 139 1.564110331861913
list:
dist: 1.564110331861913 vs. 1.564110331861913
--------
nle(id0,id1,dist): 129 138 1.6141705824888575
list:
dist: 1.6141705824888575 vs. 1.6141705824888575
--------
nle(id0,id1,dist): 129 137 2.2830570493486744
list:
dist: 2.2830570493486744 vs. 2.2830570493486744
--------
nle(id0,id1,dist): 129 136 0.6953457731283065
list:
dist: 0.6953457731283065 vs. 0.6953457731283065
--------
nle(id0,id1,dist): 129 131 2.302336384999523
list:
dist: 2.302336384999523 vs. 2.302336384999523
--------
nle(id0,id1,dist): 129 130 1.924703286348717
list:
dist: 1.924703286348717 vs. 1.924703286348717
--------
nle(id0,id1,dist): 128 147 2.0435771717008633
list:
dist: 2.0435771717008633 vs. 2.0435771717008633
--------
nle(id0,id1,dist): 128 145 1.9663529378723779
list:
dist: 1.9663529378723779 vs. 1.9663529378723779
--------
nle(id0,id1,dist): 128 149 2.33763333897595
list:
dist: 2.33763333897595 vs. 2.33763333897595
--------
nle(id0,id1,dist): 128 133 0.9043896888436452
list:
dist: 0.9043896888436452 vs. 0.9043896888436452
--------
nle(id0,id1,dist): 128 134 1.0771416785151398
list:
dist: 1.0771416785151398 vs. 1.0771416785151398
--------
nle(id0,id1,dist): 128 135 1.7511947399887422
list:
dist: 1.7511947399887422 vs. 1.7511947399887422
--------
nle(id0,id1,dist): 128 136 0.85526253128102
list:
dist: 0.85526253128102 vs. 0.85526253128102
--------
nle(id0,id1,dist): 128 129 1.430091678802461
list:
dist: 1.430091678802461 vs. 1.430091678802461
--------
nle(id0,id1,dist): 128 130 0.5328733512743182
list:
dist: 0.5328733512743182 vs. 0.5328733512743182
--------
nle(id0,id1,dist): 128 131 1.0460910093072844
list:
dist: 1.0460910093072844 vs. 1.0460910093072844
--------
nle(id0,id1,dist): 128 132 2.393045580514765
list:
dist: 2.393045580514765 vs. 2.393045580514765
--------
nle(id0,id1,dist): 128 141 2.349422003019024
list:
dist: 2.349422003019024 vs. 2.349422003019024
--------
nle(id0,id1,dist): 128 143 1.5497598250398839
list:
dist: 1.5497598250398839 vs. 1.5497598250398839
--------
nle(id0,id1,dist): 128 144 1.8175554040343525
list:
dist: 1.8175554040343525 vs. 1.8175554040343525
--------
nle(id0,id1,dist): 128 137 1.9464148620057231
list:
dist: 1.9464148620057231 vs. 1.9464148620057231
--------
nle(id0,id1,dist): 128 138 1.193495450077975
list:
dist: 1.193495450077975 vs. 1.193495450077975
--------
nle(id0,id1,dist): 128 139 2.1300105179329547
list:
dist: 2.1300105179329547 vs. 2.1300105179329547
--------
nle(id0,id1,dist): 128 140 0.564525223234887
list:
dist: 0.564525223234887 vs. 0.564525223234887
--------
nle(id0,id1,dist): 127 140 2.3304898163180834
list:
dist: 2.3304898163180834 vs. 2.3304898163180834
--------
nle(id0,id1,dist): 127 141 1.3475072185376051
list:
dist: 1.3475072185376051 vs. 1.3475072185376051
--------
nle(id0,id1,dist): 127 138 1.135285947726308
list:
dist: 1.135285947726308 vs. 1.135285947726308
--------
nle(id0,id1,dist): 127 139 1.9879840652249894
list:
dist: 1.9879840652249894 vs. 1.9879840652249894
--------
nle(id0,id1,dist): 127 136 2.5888922029640766
list:
dist: 2.5888922029640766 vs. 2.5888922029640766
--------
nle(id0,id1,dist): 127 137 0.8252038965888647
list:
dist: 0.8252038965888647 vs. 0.8252038965888647
--------
nle(id0,id1,dist): 127 134 1.5265492118964863
list:
dist: 1.5265492118964863 vs. 1.5265492118964863
--------
nle(id0,id1,dist): 127 135 0.6890777363018076
list:
dist: 0.6890777363018076 vs. 0.6890777363018076
--------
nle(id0,id1,dist): 127 148 2.0801272499034935
list:
dist: 2.0801272499034935 vs. 2.0801272499034935
--------
nle(id0,id1,dist): 127 146 3.2542562017652603
list:
dist: 3.2542562017652603 vs. 3.2542562017652603
--------
nle(id0,id1,dist): 127 145 2.3588307106144044
list:
dist: 2.3588307106144044 vs. 2.3588307106144044
--------
nle(id0,id1,dist): 127 142 2.9915428430710187
list:
dist: 2.9915428430710187 vs. 2.9915428430710187
--------
nle(id0,id1,dist): 127 143 1.8763492029309419
list:
dist: 1.8763492029309419 vs. 1.8763492029309419
--------
nle(id0,id1,dist): 127 133 1.7003617344770823
list:
dist: 1.7003617344770823 vs. 1.7003617344770823
--------
nle(id0,id1,dist): 127 132 2.1867434633742286
list:
dist: 2.1867434633742286 vs. 2.1867434633742286
--------
nle(id0,id1,dist): 127 131 1.386966898908427
list:
dist: 1.386966898908427 vs. 1.386966898908427
--------
nle(id0,id1,dist): 127 130 2.0213830599511895
list:
dist: 2.0213830599511895 vs. 2.0213830599511895
--------
nle(id0,id1,dist): 127 128 2.0160741446591692
list:
dist: 2.0160741446591692 vs. 2.0160741446591692
--------
nle(id0,id1,dist): 126 139 2.4903308420984387
list:
dist: 2.4903308420984387 vs. 2.4903308420984387
--------
nle(id0,id1,dist): 126 140 1.4345091629020832
list:
dist: 1.4345091629020832 vs. 1.4345091629020832
--------
nle(id0,id1,dist): 126 141 2.7320559658834807
list:
dist: 2.7320559658834807 vs. 2.7320559658834807
--------
nle(id0,id1,dist): 126 143 2.2809766756874494
list:
dist: 2.2809766756874494 vs. 2.2809766756874494
--------
nle(id0,id1,dist): 126 144 2.6856158690985517
list:
dist: 2.6856158690985517 vs. 2.6856158690985517
--------
nle(id0,id1,dist): 126 145 2.1480230683657973
list:
dist: 2.1480230683657973 vs. 2.1480230683657973
--------
nle(id0,id1,dist): 126 147 2.590071809147256
list:
dist: 2.590071809147256 vs. 2.590071809147256
--------
nle(id0,id1,dist): 126 149 2.712510775916322
list:
dist: 2.712510775916322 vs. 2.712510775916322
--------
nle(id0,id1,dist): 126 128 0.953216072868758
list:
dist: 0.953216072868758 vs. 0.953216072868758
--------
nle(id0,id1,dist): 126 127 2.2478039082462664
list:
dist: 2.2478039082462664 vs. 2.2478039082462664
--------
nle(id0,id1,dist): 126 130 0.838127863524526
list:
dist: 0.838127863524526 vs. 0.838127863524526
--------
nle(id0,id1,dist): 126 129 1.770797503457123
list:
dist: 1.770797503457123 vs. 1.770797503457123
--------
nle(id0,id1,dist): 126 132 2.699449676394373
list:
dist: 2.699449676394373 vs. 2.699449676394373
--------
nle(id0,id1,dist): 126 131 1.610829125188878
list:
dist: 1.610829125188878 vs. 1.610829125188878
--------
nle(id0,id1,dist): 126 134 1.3459052404156704
list:
dist: 1.3459052404156704 vs. 1.3459052404156704
--------
nle(id0,id1,dist): 126 133 1.4665613345752717
list:
dist: 1.4665613345752717 vs. 1.4665613345752717
--------
nle(id0,id1,dist): 126 136 1.2584638529784264
list:
dist: 1.2584638529784264 vs. 1.2584638529784264
--------
nle(id0,id1,dist): 126 135 2.21333652737016
list:
dist: 2.21333652737016 vs. 2.21333652737016
--------
nle(id0,id1,dist): 126 138 1.487691548042263
list:
dist: 1.487691548042263 vs. 1.487691548042263
--------
nle(id0,id1,dist): 126 137 2.0109647263048895
list:
dist: 2.0109647263048895 vs. 2.0109647263048895
--------
nle(id0,id1,dist): 125 147 2.551230352306115
list:
dist: 2.551230352306115 vs. 2.551230352306115
--------
nle(id0,id1,dist): 125 144 2.3193642636103817
list:
dist: 2.3193642636103817 vs. 2.3193642636103817
--------
nle(id0,id1,dist): 125 145 2.5856067404354963
list:
dist: 2.5856067404354963 vs. 2.5856067404354963
--------
nle(id0,id1,dist): 125 149 2.8696447591038297
list:
dist: 2.8696447591038297 vs. 2.8696447591038297
--------
nle(id0,id1,dist): 125 131 1.19734100341945
list:
dist: 1.19734100341945 vs. 1.19734100341945
--------
nle(id0,id1,dist): 125 130 0.38110449886680703
list:
dist: 0.38110449886680703 vs. 0.38110449886680703
--------
nle(id0,id1,dist): 125 129 1.9600995151855034
list:
dist: 1.9600995151855034 vs. 1.9600995151855034
--------
nle(id0,id1,dist): 125 128 0.6538928979019671
list:
dist: 0.6538928979019671 vs. 0.6538928979019671
--------
nle(id0,id1,dist): 125 135 2.2465128645219172
list:
dist: 2.2465128645219172 vs. 2.2465128645219172
--------
nle(id0,id1,dist): 125 134 1.6833959968898233
list:
dist: 1.6833959968898233 vs. 1.6833959968898233
--------
nle(id0,id1,dist): 125 133 0.8988131612155603
list:
dist: 0.8988131612155603 vs. 0.8988131612155603
--------
nle(id0,id1,dist): 125 132 2.1823918689982627
list:
dist: 2.1823918689982627 vs. 2.1823918689982627
--------
nle(id0,id1,dist): 125 139 2.7792483312679868
list:
dist: 2.7792483312679868 vs. 2.7792483312679868
--------
nle(id0,id1,dist): 125 138 1.7543161738744926
list:
dist: 1.7543161738744926 vs. 1.7543161738744926
--------
nle(id0,id1,dist): 125 137 2.4292894749305334
list:
dist: 2.4292894749305334 vs. 2.4292894749305334
--------
nle(id0,id1,dist): 125 136 1.2892127838373992
list:
dist: 1.2892127838373992 vs. 1.2892127838373992
--------
nle(id0,id1,dist): 125 143 2.1617746009388457
list:
dist: 2.1617746009388457 vs. 2.1617746009388457
--------
nle(id0,id1,dist): 125 141 2.941454668594987
list:
dist: 2.941454668594987 vs. 2.941454668594987
--------
nle(id0,id1,dist): 125 140 1.0075132620524723
list:
dist: 1.0075132620524723 vs. 1.0075132620524723
2. Check the NeighborList query for coordinates against the neighbor list for consistency
list:
dist: 0.6852914017464738 vs. 0.6852914017464738
list:
dist: 2.118670977495658 vs. 2.118670977495658
list:
dist: 2.146284160490451 vs. 2.146284160490451
list:
dist: 2.4573097983197028 vs. 2.4573097983197028
list:
dist: 1.2885042995515485 vs. 1.2885042995515485
list:
dist: 0.9785680334136978 vs. 0.9785680334136978
list:
dist: 0.9792464405416392 vs. 0.9792464405416392
list:
dist: 1.7151995613695197 vs. 1.7151995613695197
list:
dist: 2.227272584090991 vs. 2.227272584090991
list:
dist: 1.2912351835242961 vs. 1.2912351835242961
list:
dist: 1.02697315711126 vs. 1.02697315711126
list:
dist: 2.1184021919411657 vs. 2.1184021919411657
list:
dist: 1.352213452487763 vs. 1.352213452487763
list:
dist: 2.2145549043108352 vs. 2.2145549043108352
list:
dist: 1.9183767233454732 vs. 1.9183767233454732
list:
dist: 2.8447432022010815 vs. 2.8447432022010815
list:
dist: 2.57334802184068 vs. 2.57334802184068
list:
dist: 2.4301605209265973 vs. 2.4301605209265973
list:
dist: 2.472729817641917 vs. 2.472729817641917
list:
dist: 3.0207466339575886 vs. 3.0207466339575886
list:
dist: 1.6059739670324777 vs. 1.6059739670324777
list:
dist: 1.2977391432859418 vs. 1.2977391432859418
list:
dist: 1.2885042995515485 vs. 1.2885042995515485
list:
dist: 0.7476501050876142 vs. 0.7476501050876142
list:
dist: 0.9868873322963666 vs. 0.9868873322963666
list:
dist: 1.255664597271125 vs. 1.255664597271125
list:
dist: 1.218308085906112 vs. 1.218308085906112
list:
dist: 1.5171635803106318 vs. 1.5171635803106318
list:
dist: 1.5669806222099847 vs. 1.5669806222099847
list:
dist: 1.4621023649064788 vs. 1.4621023649064788
list:
dist: 2.709533419771336 vs. 2.709533419771336
list:
dist: 2.1931716025391625 vs. 2.1931716025391625
list:
dist: 1.4252371384667533 vs. 1.4252371384667533
list:
dist: 2.2691548852271173 vs. 2.2691548852271173
list:
dist: 1.3621182084949444 vs. 1.3621182084949444
list:
dist: 3.4076417461874304 vs. 3.4076417461874304
list:
dist: 2.6510724131603967 vs. 2.6510724131603967
list:
dist: 3.4047210949288016 vs. 3.4047210949288016
list:
dist: 2.8290779294734723 vs. 2.8290779294734723
list:
dist: 3.06494567564941 vs. 3.06494567564941
list:
dist: 3.1759397173645785 vs. 3.1759397173645785
list:
dist: 3.7694813622034693 vs. 3.7694813622034693
list:
dist: 2.355261811936693 vs. 2.355261811936693
list:
dist: 1.688219448852978 vs. 1.688219448852978
list:
dist: 1.352213452487763 vs. 1.352213452487763
list:
dist: 1.0061002829722885 vs. 1.0061002829722885
list:
dist: 1.701974981644023 vs. 1.701974981644023
list:
dist: 1.208556876134591 vs. 1.208556876134591
list:
dist: 2.021125736960894 vs. 2.021125736960894
list:
dist: 1.3621182084949444 vs. 1.3621182084949444
list:
dist: 2.0773978998471714 vs. 2.0773978998471714
list:
dist: 1.8532185343121952 vs. 1.8532185343121952
list:
dist: 2.5220852128560325 vs. 2.5220852128560325
list:
dist: 2.942746064099533 vs. 2.942746064099533
list:
dist: 1.4272314940214497 vs. 1.4272314940214497
list:
dist: 0.5716915563779267 vs. 0.5716915563779267
list:
dist: 1.1059443494289323 vs. 1.1059443494289323
list:
dist: 2.929634168624111 vs. 2.929634168624111
list:
dist: 2.0170732232802604 vs. 2.0170732232802604
list:
dist: 2.817400786474735 vs. 2.817400786474735
list:
dist: 2.303481401149879 vs. 2.303481401149879
list:
dist: 2.6127245522548694 vs. 2.6127245522548694
list:
dist: 2.398342554522582 vs. 2.398342554522582
list:
dist: 3.35210180098483 vs. 3.35210180098483
list:
dist: 2.3523368974239602 vs. 2.3523368974239602
list:
dist: 1.5093713220803608 vs. 1.5093713220803608
list:
dist: 3.914240858914041 vs. 3.914240858914041
list:
dist: 3.288988661979731 vs. 3.288988661979731
list:
dist: 1.7151995613695197 vs. 1.7151995613695197
list:
dist: 1.5433942447963591 vs. 1.5433942447963591
list:
dist: 1.8798065836666764 vs. 1.8798065836666764
list:
dist: 2.5170414964150605 vs. 2.5170414964150605
list:
dist: 2.1203587812207463 vs. 2.1203587812207463
list:
dist: 1.4621023649064788 vs. 1.4621023649064788
list:
dist: 0.9661443936972908 vs. 0.9661443936972908
list:
dist: 1.2515797035457559 vs. 1.2515797035457559
list:
dist: 1.8796522061651366 vs. 1.8796522061651366
list:
dist: 2.5923843982944987 vs. 2.5923843982944987
list:
dist: 2.260357338796557 vs. 2.260357338796557
list:
dist: 3.1512585379557203 vs. 3.1512585379557203
list:
dist: 2.5220852128560325 vs. 2.5220852128560325
list:
dist: 3.2561134429395246 vs. 3.2561134429395246
list:
dist: 2.762617845920129 vs. 2.762617845920129
list:
dist: 3.3532042836598834 vs. 3.3532042836598834
list:
dist: 2.9485458804807663 vs. 2.9485458804807663
list:
dist: 2.903929703415152 vs. 2.903929703415152
list:
dist: 3.32859152730754 vs. 3.32859152730754
list:
dist: 3.421997202799285 vs. 3.421997202799285
list:
dist: 1.892330695265765 vs. 1.892330695265765
list:
dist: 1.8091502631160823 vs. 1.8091502631160823
list:
dist: 3.759694579362982 vs. 3.759694579362982
list:
dist: 2.8705949784762503 vs. 2.8705949784762503
list:
dist: 4.026192574648401 vs. 4.026192574648401
list:
dist: 5.655909082439832 vs. 5.655909082439832
list:
dist: 5.099549010214102 vs. 5.099549010214102
list:
dist: 4.786066629900672 vs. 4.786066629900672
list:
dist: 5.4968427756680605 vs. 5.4968427756680605
list:
dist: 0.6852914017464738 vs. 0.6852914017464738
list:
dist: 1.4471624419947875 vs. 1.4471624419947875
list:
dist: 1.5093979544574163 vs. 1.5093979544574163
list:
dist: 1.8090526898117811 vs. 1.8090526898117811
list:
dist: 0.7476501050876142 vs. 0.7476501050876142
list:
dist: 1.1299270693930612 vs. 1.1299270693930612
list:
dist: 1.0290093432320666 vs. 1.0290093432320666
list:
dist: 1.5433942447963591 vs. 1.5433942447963591
list:
dist: 2.2537810935574725 vs. 2.2537810935574725
list:
dist: 1.45719352433056 vs. 1.45719352433056
list:
dist: 0.8021004187106339 vs. 0.8021004187106339
list:
dist: 1.8156078980014747 vs. 1.8156078980014747
list:
dist: 1.0061002829722885 vs. 1.0061002829722885
list:
dist: 2.681958273254 vs. 2.681958273254
list:
dist: 1.9600531860802644 vs. 1.9600531860802644
list:
dist: 2.790281364396048 vs. 2.790281364396048
list:
dist: 2.3232832153113527 vs. 2.3232832153113527
list:
dist: 2.4318201069155045 vs. 2.4318201069155045
list:
dist: 2.4986037840266166 vs. 2.4986037840266166
list:
dist: 3.123383560763172 vs. 3.123383560763172
list:
dist: 1.7510490112026902 vs. 1.7510490112026902
list:
dist: 1.0900720654313123 vs. 1.0900720654313123
list:
dist: 2.118670977495658 vs. 2.118670977495658
list:
dist: 1.4471624419947875 vs. 1.4471624419947875
list:
dist: 0.8487370530790528 vs. 0.8487370530790528
list:
dist: 0.4568334157125334 vs. 0.4568334157125334
list:
dist: 0.9868873322963666 vs. 0.9868873322963666
list:
dist: 2.1710314362599394 vs. 2.1710314362599394
list:
dist: 2.0885288525134946 vs. 2.0885288525134946
list:
dist: 1.8798065836666764 vs. 1.8798065836666764
list:
dist: 2.9386482985037468 vs. 2.9386482985037468
list:
dist: 2.644862917904081 vs. 2.644862917904081
list:
dist: 1.8447514815752633 vs. 1.8447514815752633
list:
dist: 2.2606019932160426 vs. 2.2606019932160426
list:
dist: 1.701974981644023 vs. 1.701974981644023
list:
dist: 3.9915242024619797 vs. 3.9915242024619797
list:
dist: 2.8921401370859288 vs. 2.8921401370859288
list:
dist: 3.4285420539340423 vs. 3.4285420539340423
list:
dist: 2.685259596621316 vs. 2.685259596621316
list:
dist: 3.1930240570855535 vs. 3.1930240570855535
list:
dist: 3.332159607827642 vs. 3.332159607827642
list:
dist: 3.9388626429735902 vs. 3.9388626429735902
list:
dist: 2.7459936718337197 vs. 2.7459936718337197
list:
dist: 1.9288334978306982 vs. 1.9288334978306982
list:
dist: 2.146284160490451 vs. 2.146284160490451
list:
dist: 1.5093979544574163 vs. 1.5093979544574163
list:
dist: 0.8487370530790528 vs. 0.8487370530790528
list:
dist: 1.0156858926261054 vs. 1.0156858926261054
list:
dist: 1.255664597271125 vs. 1.255664597271125
list:
dist: 2.5301624154214593 vs. 2.5301624154214593
list:
dist: 2.368378239465835 vs. 2.368378239465835
list:
dist: 2.5170414964150605 vs. 2.5170414964150605
list:
dist: 3.3284991543869924 vs. 3.3284991543869924
list:
dist: 2.452510793783161 vs. 2.452510793783161
list:
dist: 1.5712595770162834 vs. 1.5712595770162834
list:
dist: 1.7425543943843118 vs. 1.7425543943843118
list:
dist: 1.208556876134591 vs. 1.208556876134591
list:
dist: 3.9513222297362933 vs. 3.9513222297362933
list:
dist: 2.807130964749304 vs. 2.807130964749304
list:
dist: 3.3938308427979256 vs. 3.3938308427979256
list:
dist: 2.6543910727875857 vs. 2.6543910727875857
list:
dist: 3.232067656302841 vs. 3.232067656302841
list:
dist: 3.174091330350237 vs. 3.174091330350237
list:
dist: 4.012781789816648 vs. 4.012781789816648
list:
dist: 2.970725159810008 vs. 2.970725159810008
list:
dist: 2.033730630514912 vs. 2.033730630514912
list:
dist: 2.4573097983197028 vs. 2.4573097983197028
list:
dist: 1.8090526898117811 vs. 1.8090526898117811
list:
dist: 0.4568334157125334 vs. 0.4568334157125334
list:
dist: 1.0156858926261054 vs. 1.0156858926261054
list:
dist: 1.218308085906112 vs. 1.218308085906112
list:
dist: 2.519804445242505 vs. 2.519804445242505
list:
dist: 2.490627637424823 vs. 2.490627637424823
list:
dist: 2.1203587812207463 vs. 2.1203587812207463
list:
dist: 3.3466336212878893 vs. 3.3466336212878893
list:
dist: 3.0681133349304055 vs. 3.0681133349304055
list:
dist: 2.2356058230052707 vs. 2.2356058230052707
list:
dist: 2.6294448714715966 vs. 2.6294448714715966
list:
dist: 2.021125736960894 vs. 2.021125736960894
list:
dist: 4.416436718437565 vs. 4.416436718437565
list:
dist: 3.3452258492584477 vs. 3.3452258492584477
list:
dist: 3.8791018866253233 vs. 3.8791018866253233
list:
dist: 3.1226766394956913 vs. 3.1226766394956913
list:
dist: 3.648858068327722 vs. 3.648858068327722
list:
dist: 3.7821498076869835 vs. 3.7821498076869835
list:
dist: 4.392796236631779 vs. 4.392796236631779
list:
dist: 3.1771046477356117 vs. 3.1771046477356117
list:
dist: 2.3803133034000634 vs. 2.3803133034000634
list:
dist: 1.2977391432859418 vs. 1.2977391432859418
list:
dist: 1.0900720654313123 vs. 1.0900720654313123
list:
dist: 1.9288334978306982 vs. 1.9288334978306982
list:
dist: 2.033730630514912 vs. 2.033730630514912
list:
dist: 2.3803133034000634 vs. 2.3803133034000634
list:
dist: 1.688219448852978 vs. 1.688219448852978
list:
dist: 1.248778861870056 vs. 1.248778861870056
list:
dist: 0.7848236599717234 vs. 0.7848236599717234
list:
dist: 1.8091502631160823 vs. 1.8091502631160823
list:
dist: 1.4619907408229733 vs. 1.4619907408229733
list:
dist: 1.0481754093440792 vs. 1.0481754093440792
list:
dist: 1.0109003728313262 vs. 1.0109003728313262
list:
dist: 1.5814819417967088 vs. 1.5814819417967088
list:
dist: 1.5093713220803608 vs. 1.5093713220803608
list:
dist: 2.166476575975791 vs. 2.166476575975791
list:
dist: 1.0510017010844357 vs. 1.0510017010844357
list:
dist: 1.7427286997243916 vs. 1.7427286997243916
list:
dist: 1.3320905928987947 vs. 1.3320905928987947
list:
dist: 1.3767477974845324 vs. 1.3767477974845324
list:
dist: 1.5900043269466717 vs. 1.5900043269466717
list:
dist: 2.0971217028056754 vs. 2.0971217028056754
list:
dist: 0.9782903161106107 vs. 0.9782903161106107
list:
dist: 2.8240133403793877 vs. 2.8240133403793877
list:
dist: 2.152727464757718 vs. 2.152727464757718
list:
dist: 2.84695516392894 vs. 2.84695516392894
list:
dist: 4.788217511707513 vs. 4.788217511707513
list:
dist: 4.4863627152646375 vs. 4.4863627152646375
list:
dist: 4.075094016202895 vs. 4.075094016202895
list:
dist: 4.5038997032570816 vs. 4.5038997032570816
list:
dist: 2.9816192477958516 vs. 2.9816192477958516
list:
dist: 2.398859600771401 vs. 2.398859600771401
list:
dist: 3.403618913672952 vs. 3.403618913672952
list:
dist: 5.579756011092544 vs. 5.579756011092544
list:
dist: 4.653652638164198 vs. 4.653652638164198
list:
dist: 1.2912351835242961 vs. 1.2912351835242961
list:
dist: 1.45719352433056 vs. 1.45719352433056
list:
dist: 2.644862917904081 vs. 2.644862917904081
list:
dist: 2.452510793783161 vs. 2.452510793783161
list:
dist: 3.0681133349304055 vs. 3.0681133349304055
list:
dist: 2.1931716025391625 vs. 2.1931716025391625
list:
dist: 1.7654702089617353 vs. 1.7654702089617353
list:
dist: 1.3954829284244061 vs. 1.3954829284244061
list:
dist: 2.5923843982944987 vs. 2.5923843982944987
list:
dist: 2.117323696751205 vs. 2.117323696751205
list:
dist: 0.9136736505075409 vs. 0.9136736505075409
list:
dist: 1.3983476827461687 vs. 1.3983476827461687
list:
dist: 1.4272314940214497 vs. 1.4272314940214497
list:
dist: 1.556832719570164 vs. 1.556832719570164
list:
dist: 0.8315589864034808 vs. 0.8315589864034808
list:
dist: 1.7983060577609213 vs. 1.7983060577609213
list:
dist: 1.716205086866823 vs. 1.716205086866823
list:
dist: 1.5069492150610795 vs. 1.5069492150610795
list:
dist: 1.2682376055632836 vs. 1.2682376055632836
list:
dist: 2.1101787968028956 vs. 2.1101787968028956
list:
dist: 1.379161329226523 vs. 1.379161329226523
list:
dist: 1.0481754093440792 vs. 1.0481754093440792
list:
dist: 2.6798333276923603 vs. 2.6798333276923603
list:
dist: 1.9895135048236636 vs. 1.9895135048236636
list:
dist: 0.9792464405416392 vs. 0.9792464405416392
list:
dist: 1.0290093432320666 vs. 1.0290093432320666
list:
dist: 2.0885288525134946 vs. 2.0885288525134946
list:
dist: 2.368378239465835 vs. 2.368378239465835
list:
dist: 2.490627637424823 vs. 2.490627637424823
list:
dist: 1.5669806222099847 vs. 1.5669806222099847
list:
dist: 0.482106794435072 vs. 0.482106794435072
list:
dist: 1.2515797035457559 vs. 1.2515797035457559
list:
dist: 1.27990369817922 vs. 1.27990369817922
list:
dist: 1.3954829284244061 vs. 1.3954829284244061
list:
dist: 1.378688161997601 vs. 1.378688161997601
list:
dist: 2.2583524300549525 vs. 2.2583524300549525
list:
dist: 1.8532185343121952 vs. 1.8532185343121952
list:
dist: 2.1020451133699316 vs. 2.1020451133699316
list:
dist: 1.5670241891999706 vs. 1.5670241891999706
list:
dist: 2.29867945663765 vs. 2.29867945663765
list:
dist: 2.04232710587222 vs. 2.04232710587222
list:
dist: 1.8259505225992652 vs. 1.8259505225992652
list:
dist: 2.151159749020402 vs. 2.151159749020402
list:
dist: 2.3856078065583226 vs. 2.3856078065583226
list:
dist: 0.8215922344038451 vs. 0.8215922344038451
list:
dist: 0.7848236599717234 vs. 0.7848236599717234
list:
dist: 2.7578084614505296 vs. 2.7578084614505296
list:
dist: 2.0859567939261345 vs. 2.0859567939261345
list:
dist: 3.022773110399858 vs. 3.022773110399858
list:
dist: 1.02697315711126 vs. 1.02697315711126
list:
dist: 0.8021004187106339 vs. 0.8021004187106339
list:
dist: 1.8447514815752633 vs. 1.8447514815752633
list:
dist: 1.5712595770162834 vs. 1.5712595770162834
list:
dist: 2.2356058230052707 vs. 2.2356058230052707
list:
dist: 1.4252371384667533 vs. 1.4252371384667533
list:
dist: 1.671699680112282 vs. 1.671699680112282
list:
dist: 1.378688161997601 vs. 1.378688161997601
list:
dist: 2.260357338796557 vs. 2.260357338796557
list:
dist: 2.423355657549656 vs. 2.423355657549656
list:
dist: 0.9136736505075409 vs. 0.9136736505075409
list:
dist: 1.0983402859184705 vs. 1.0983402859184705
list:
dist: 0.5716915563779267 vs. 0.5716915563779267
list:
dist: 2.4107496565186763 vs. 2.4107496565186763
list:
dist: 1.5004353525273035 vs. 1.5004353525273035
list:
dist: 2.3579339172850364 vs. 2.3579339172850364
list:
dist: 1.92923168071328 vs. 1.92923168071328
list:
dist: 2.09850718597018 vs. 2.09850718597018
list:
dist: 1.9443476972343159 vs. 1.9443476972343159
list:
dist: 2.8202991698427073 vs. 2.8202991698427073
list:
dist: 1.7969819541792462 vs. 1.7969819541792462
list:
dist: 1.0109003728313262 vs. 1.0109003728313262
list:
dist: 3.4530338665616513 vs. 3.4530338665616513
list:
dist: 2.8091309355741134 vs. 2.8091309355741134
list:
dist: 2.1184021919411657 vs. 2.1184021919411657
list:
dist: 1.8156078980014747 vs. 1.8156078980014747
list:
dist: 2.2606019932160426 vs. 2.2606019932160426
list:
dist: 1.7425543943843118 vs. 1.7425543943843118
list:
dist: 2.6294448714715966 vs. 2.6294448714715966
list:
dist: 2.2691548852271173 vs. 2.2691548852271173
list:
dist: 2.6478104709793953 vs. 2.6478104709793953
list:
dist: 2.2583524300549525 vs. 2.2583524300549525
list:
dist: 3.1512585379557203 vs. 3.1512585379557203
list:
dist: 2.9594140594199603 vs. 2.9594140594199603
list:
dist: 1.3983476827461687 vs. 1.3983476827461687
list:
dist: 1.0983402859184705 vs. 1.0983402859184705
list:
dist: 1.1059443494289323 vs. 1.1059443494289323
list:
dist: 2.8823254190905776 vs. 2.8823254190905776
list:
dist: 1.6086118436778887 vs. 1.6086118436778887
list:
dist: 2.134905080907661 vs. 2.134905080907661
list:
dist: 1.6204190677040278 vs. 1.6204190677040278
list:
dist: 2.132733833252034 vs. 2.132733833252034
list:
dist: 1.738915169947959 vs. 1.738915169947959
list:
dist: 2.861551413684947 vs. 2.861551413684947
list:
dist: 2.4179836245051183 vs. 2.4179836245051183
list:
dist: 1.5814819417967088 vs. 1.5814819417967088
list:
dist: 3.1799933120492665 vs. 3.1799933120492665
list:
dist: 2.6653372433027105 vs. 2.6653372433027105
list:
dist: 1.9895135048236636 vs. 1.9895135048236636
list:
dist: 2.8091309355741134 vs. 2.8091309355741134
list:
dist: 2.6653372433027105 vs. 2.6653372433027105
list:
dist: 3.288988661979731 vs. 3.288988661979731
list:
dist: 1.6485040897794636 vs. 1.6485040897794636
list:
dist: 1.3767795066132567 vs. 1.3767795066132567
list:
dist: 1.0923768034891332 vs. 1.0923768034891332
list:
dist: 1.8822702136272447 vs. 1.8822702136272447
list:
dist: 1.2118214239625245 vs. 1.2118214239625245
list:
dist: 0.9650006236372426 vs. 0.9650006236372426
list:
dist: 0.9637180831431957 vs. 0.9637180831431957
list:
dist: 2.1204662289340845 vs. 2.1204662289340845
list:
dist: 2.398859600771401 vs. 2.398859600771401
list:
dist: 1.6392314624704898 vs. 1.6392314624704898
list:
dist: 1.9525731702960736 vs. 1.9525731702960736
list:
dist: 1.2153066900363403 vs. 1.2153066900363403
list:
dist: 3.938162473001565 vs. 3.938162473001565
list:
dist: 4.189961302344838 vs. 4.189961302344838
list:
dist: 3.492158607916673 vs. 3.492158607916673
list:
dist: 3.5055779766490978 vs. 3.5055779766490978
list:
dist: 0.7253983779826115 vs. 0.7253983779826115
list:
dist: 1.2517160293297498 vs. 1.2517160293297498
list:
dist: 4.090550221454206 vs. 4.090550221454206
list:
dist: 3.6687910235799093 vs. 3.6687910235799093
list:
dist: 1.9183767233454732 vs. 1.9183767233454732
list:
dist: 1.9600531860802644 vs. 1.9600531860802644
list:
dist: 2.8921401370859288 vs. 2.8921401370859288
list:
dist: 2.807130964749304 vs. 2.807130964749304
list:
dist: 3.3452258492584477 vs. 3.3452258492584477
list:
dist: 2.6510724131603967 vs. 2.6510724131603967
list:
dist: 2.023467735403071 vs. 2.023467735403071
list:
dist: 1.5670241891999706 vs. 1.5670241891999706
list:
dist: 2.762617845920129 vs. 2.762617845920129
list:
dist: 1.7303883420724475 vs. 1.7303883420724475
list:
dist: 0.8315589864034808 vs. 0.8315589864034808
list:
dist: 1.5004353525273035 vs. 1.5004353525273035
list:
dist: 1.6086118436778887 vs. 1.6086118436778887
list:
dist: 2.0170732232802604 vs. 2.0170732232802604
list:
dist: 1.5665825380444691 vs. 1.5665825380444691
list:
dist: 0.9784658867556721 vs. 0.9784658867556721
list:
dist: 1.0866421926394625 vs. 1.0866421926394625
list:
dist: 0.6952713395506367 vs. 0.6952713395506367
list:
dist: 0.5887064249780197 vs. 0.5887064249780197
list:
dist: 1.3537188074699658 vs. 1.3537188074699658
list:
dist: 1.1619149350650546 vs. 1.1619149350650546
list:
dist: 1.0510017010844357 vs. 1.0510017010844357
list:
dist: 2.168853396837606 vs. 2.168853396837606
list:
dist: 1.8686703838793286 vs. 1.8686703838793286
list:
dist: 2.07524434329656 vs. 2.07524434329656
list:
dist: 4.410396727523268 vs. 4.410396727523268
list:
dist: 4.3389997601562404 vs. 4.3389997601562404
list:
dist: 3.798157650871725 vs. 3.798157650871725
list:
dist: 4.049764817270647 vs. 4.049764817270647
list:
dist: 1.999180443280533 vs. 1.999180443280533
list:
dist: 1.3767795066132567 vs. 1.3767795066132567
list:
dist: 2.4915706936893853 vs. 2.4915706936893853
list:
dist: 4.9205491509209685 vs. 4.9205491509209685
list:
dist: 4.18638487528546 vs. 4.18638487528546
list:
dist: 2.227272584090991 vs. 2.227272584090991
list:
dist: 2.2537810935574725 vs. 2.2537810935574725
list:
dist: 2.9386482985037468 vs. 2.9386482985037468
list:
dist: 3.3284991543869924 vs. 3.3284991543869924
list:
dist: 3.3466336212878893 vs. 3.3466336212878893
list:
dist: 2.709533419771336 vs. 2.709533419771336
list:
dist: 1.505865053153795 vs. 1.505865053153795
list:
dist: 1.27990369817922 vs. 1.27990369817922
list:
dist: 1.8796522061651366 vs. 1.8796522061651366
list:
dist: 2.117323696751205 vs. 2.117323696751205
list:
dist: 2.423355657549656 vs. 2.423355657549656
list:
dist: 2.9594140594199603 vs. 2.9594140594199603
list:
dist: 2.942746064099533 vs. 2.942746064099533
list:
dist: 2.2085550147986615 vs. 2.2085550147986615
list:
dist: 1.7303883420724475 vs. 1.7303883420724475
list:
dist: 1.9274492580075704 vs. 1.9274492580075704
list:
dist: 1.936893750025828 vs. 1.936893750025828
list:
dist: 1.4581596601325486 vs. 1.4581596601325486
list:
dist: 2.1382568008949314 vs. 2.1382568008949314
list:
dist: 1.6954687854953647 vs. 1.6954687854953647
list:
dist: 0.778940895147878 vs. 0.778940895147878
list:
dist: 1.4619907408229733 vs. 1.4619907408229733
list:
dist: 2.1894861879869234 vs. 2.1894861879869234
list:
dist: 1.0399004489616104 vs. 1.0399004489616104
list:
dist: 2.2239714612203545 vs. 2.2239714612203545
list:
dist: 4.037396929707851 vs. 4.037396929707851
list:
dist: 3.6937515376960186 vs. 3.6937515376960186
list:
dist: 3.165534874471573 vs. 3.165534874471573
list:
dist: 3.8281097992660063 vs. 3.8281097992660063
list:
dist: 0.9785680334136978 vs. 0.9785680334136978
list:
dist: 1.1299270693930612 vs. 1.1299270693930612
list:
dist: 2.1710314362599394 vs. 2.1710314362599394
list:
dist: 2.5301624154214593 vs. 2.5301624154214593
list:
dist: 2.519804445242505 vs. 2.519804445242505
list:
dist: 1.5171635803106318 vs. 1.5171635803106318
list:
dist: 0.482106794435072 vs. 0.482106794435072
list:
dist: 0.9661443936972908 vs. 0.9661443936972908
list:
dist: 1.505865053153795 vs. 1.505865053153795
list:
dist: 1.7654702089617353 vs. 1.7654702089617353
list:
dist: 1.671699680112282 vs. 1.671699680112282
list:
dist: 2.6478104709793953 vs. 2.6478104709793953
list:
dist: 2.0773978998471714 vs. 2.0773978998471714
list:
dist: 2.320189777448042 vs. 2.320189777448042
list:
dist: 2.023467735403071 vs. 2.023467735403071
list:
dist: 2.762129508021814 vs. 2.762129508021814
list:
dist: 2.51752852628626 vs. 2.51752852628626
list:
dist: 2.2741620489717884 vs. 2.2741620489717884
list:
dist: 2.609274931851849 vs. 2.609274931851849
list:
dist: 2.775164693440943 vs. 2.775164693440943
list:
dist: 1.1667278881393734 vs. 1.1667278881393734
list:
dist: 1.248778861870056 vs. 1.248778861870056
list:
dist: 2.977745345089262 vs. 2.977745345089262
list:
dist: 2.3314758703965035 vs. 2.3314758703965035
list:
dist: 3.3549775208604538 vs. 3.3549775208604538
list:
dist: 2.8447432022010815 vs. 2.8447432022010815
list:
dist: 2.790281364396048 vs. 2.790281364396048
list:
dist: 3.4285420539340423 vs. 3.4285420539340423
list:
dist: 3.3938308427979256 vs. 3.3938308427979256
list:
dist: 3.8791018866253233 vs. 3.8791018866253233
list:
dist: 3.4047210949288016 vs. 3.4047210949288016
list:
dist: 2.762129508021814 vs. 2.762129508021814
list:
dist: 2.29867945663765 vs. 2.29867945663765
list:
dist: 3.3532042836598834 vs. 3.3532042836598834
list:
dist: 1.9274492580075704 vs. 1.9274492580075704
list:
dist: 1.7983060577609213 vs. 1.7983060577609213
list:
dist: 2.3579339172850364 vs. 2.3579339172850364
list:
dist: 2.134905080907661 vs. 2.134905080907661
list:
dist: 2.817400786474735 vs. 2.817400786474735
list:
dist: 2.148887451214271 vs. 2.148887451214271
list:
dist: 0.9784658867556721 vs. 0.9784658867556721
list:
dist: 0.8555757955296474 vs. 0.8555757955296474
list:
dist: 0.5302671374371922 vs. 0.5302671374371922
list:
dist: 0.6896425832806563 vs. 0.6896425832806563
list:
dist: 0.8921921670059247 vs. 0.8921921670059247
list:
dist: 1.7211698401846853 vs. 1.7211698401846853
list:
dist: 1.7427286997243916 vs. 1.7427286997243916
list:
dist: 2.2178013597238504 vs. 2.2178013597238504
list:
dist: 1.7817422278066783 vs. 1.7817422278066783
list:
dist: 1.6357158048048774 vs. 1.6357158048048774
list:
dist: 3.5050285193327735 vs. 3.5050285193327735
list:
dist: 3.533879660970379 vs. 3.533879660970379
list:
dist: 2.9941695299910216 vs. 2.9941695299910216
list:
dist: 3.1205084670014167 vs. 3.1205084670014167
list:
dist: 1.3856559547813259 vs. 1.3856559547813259
list:
dist: 1.0923768034891332 vs. 1.0923768034891332
list:
dist: 1.8861298778662887 vs. 1.8861298778662887
list:
dist: 3.948638420533078 vs. 3.948638420533078
list:
dist: 3.223027980450135 vs. 3.223027980450135
list:
dist: 2.57334802184068 vs. 2.57334802184068
list:
dist: 2.3232832153113527 vs. 2.3232832153113527
list:
dist: 2.685259596621316 vs. 2.685259596621316
list:
dist: 2.6543910727875857 vs. 2.6543910727875857
list:
dist: 3.1226766394956913 vs. 3.1226766394956913
list:
dist: 2.8290779294734723 vs. 2.8290779294734723
list:
dist: 2.51752852628626 vs. 2.51752852628626
list:
dist: 2.04232710587222 vs. 2.04232710587222
list:
dist: 2.9485458804807663 vs. 2.9485458804807663
list:
dist: 1.936893750025828 vs. 1.936893750025828
list:
dist: 1.716205086866823 vs. 1.716205086866823
list:
dist: 1.92923168071328 vs. 1.92923168071328
list:
dist: 1.6204190677040278 vs. 1.6204190677040278
list:
dist: 2.303481401149879 vs. 2.303481401149879
list:
dist: 2.608579561863401 vs. 2.608579561863401
list:
dist: 1.0866421926394625 vs. 1.0866421926394625
list:
dist: 0.8555757955296474 vs. 0.8555757955296474
list:
dist: 0.9605857143022591 vs. 0.9605857143022591
list:
dist: 1.0925869457501047 vs. 1.0925869457501047
list:
dist: 1.6377073223158678 vs. 1.6377073223158678
list:
dist: 1.7459726305812395 vs. 1.7459726305812395
list:
dist: 1.3320905928987947 vs. 1.3320905928987947
list:
dist: 2.9028832581775847 vs. 2.9028832581775847
list:
dist: 2.220349282695651 vs. 2.220349282695651
list:
dist: 2.4320871434216293 vs. 2.4320871434216293
list:
dist: 3.806018160048723 vs. 3.806018160048723
list:
dist: 3.635086665195219 vs. 3.635086665195219
list:
dist: 3.278696426285383 vs. 3.278696426285383
list:
dist: 3.4767544517898457 vs. 3.4767544517898457
list:
dist: 2.211298489341162 vs. 2.211298489341162
list:
dist: 1.8822702136272447 vs. 1.8822702136272447
list:
dist: 2.7328616434018533 vs. 2.7328616434018533
list:
dist: 4.366800391173006 vs. 4.366800391173006
list:
dist: 3.494674059929109 vs. 3.494674059929109
list:
dist: 3.0207466339575886 vs. 3.0207466339575886
list:
dist: 3.123383560763172 vs. 3.123383560763172
list:
dist: 3.9388626429735902 vs. 3.9388626429735902
list:
dist: 4.012781789816648 vs. 4.012781789816648
list:
dist: 4.392796236631779 vs. 4.392796236631779
list:
dist: 3.7694813622034693 vs. 3.7694813622034693
list:
dist: 2.775164693440943 vs. 2.775164693440943
list:
dist: 2.3856078065583226 vs. 2.3856078065583226
list:
dist: 3.421997202799285 vs. 3.421997202799285
list:
dist: 1.6954687854953647 vs. 1.6954687854953647
list:
dist: 2.1101787968028956 vs. 2.1101787968028956
list:
dist: 2.8202991698427073 vs. 2.8202991698427073
list:
dist: 2.861551413684947 vs. 2.861551413684947
list:
dist: 3.35210180098483 vs. 3.35210180098483
list:
dist: 1.795146315092795 vs. 1.795146315092795
list:
dist: 1.3537188074699658 vs. 1.3537188074699658
list:
dist: 0.8921921670059247 vs. 0.8921921670059247
list:
dist: 1.6377073223158678 vs. 1.6377073223158678
list:
dist: 0.784674182376554 vs. 0.784674182376554
list:
dist: 1.2240802293273576 vs. 1.2240802293273576
list:
dist: 1.609974142859122 vs. 1.609974142859122
list:
dist: 2.0971217028056754 vs. 2.0971217028056754
list:
dist: 1.4246685778746435 vs. 1.4246685778746435
list:
dist: 1.0972253945507924 vs. 1.0972253945507924
list:
dist: 0.8099148613955223 vs. 0.8099148613955223
list:
dist: 3.3646776777858665 vs. 3.3646776777858665
list:
dist: 3.4658842764099336 vs. 3.4658842764099336
list:
dist: 2.7498871233975035 vs. 2.7498871233975035
list:
dist: 2.9951692168289523 vs. 2.9951692168289523
list:
dist: 1.2180802950431757 vs. 1.2180802950431757
list:
dist: 0.9637180831431957 vs. 0.9637180831431957
list:
dist: 1.3667946476945847 vs. 1.3667946476945847
list:
dist: 3.96998415386983 vs. 3.96998415386983
list:
dist: 3.2840885915517726 vs. 3.2840885915517726
list:
dist: 2.2145549043108352 vs. 2.2145549043108352
list:
dist: 2.681958273254 vs. 2.681958273254
list:
dist: 3.9915242024619797 vs. 3.9915242024619797
list:
dist: 3.9513222297362933 vs. 3.9513222297362933
list:
dist: 4.416436718437565 vs. 4.416436718437565
list:
dist: 3.4076417461874304 vs. 3.4076417461874304
list:
dist: 2.320189777448042 vs. 2.320189777448042
list:
dist: 2.1020451133699316 vs. 2.1020451133699316
list:
dist: 3.2561134429395246 vs. 3.2561134429395246
list:
dist: 2.2085550147986615 vs. 2.2085550147986615
list:
dist: 1.556832719570164 vs. 1.556832719570164
list:
dist: 2.4107496565186763 vs. 2.4107496565186763
list:
dist: 2.8823254190905776 vs. 2.8823254190905776
list:
dist: 2.929634168624111 vs. 2.929634168624111
list:
dist: 1.5665825380444691 vs. 1.5665825380444691
list:
dist: 2.148887451214271 vs. 2.148887451214271
list:
dist: 2.608579561863401 vs. 2.608579561863401
list:
dist: 1.7999903235846177 vs. 1.7999903235846177
list:
dist: 1.7605560333086892 vs. 1.7605560333086892
list:
dist: 1.795146315092795 vs. 1.795146315092795
list:
dist: 1.6079178054104106 vs. 1.6079178054104106
list:
dist: 2.166476575975791 vs. 2.166476575975791
list:
dist: 1.2885634018909795 vs. 1.2885634018909795
list:
dist: 1.9065176378205126 vs. 1.9065176378205126
list:
dist: 1.9770877689960569 vs. 1.9770877689960569
list:
dist: 2.303812797250613 vs. 2.303812797250613
list:
dist: 1.6485040897794636 vs. 1.6485040897794636
list:
dist: 2.488180243580668 vs. 2.488180243580668
list:
dist: 2.472729817641917 vs. 2.472729817641917
list:
dist: 2.4986037840266166 vs. 2.4986037840266166
list:
dist: 3.332159607827642 vs. 3.332159607827642
list:
dist: 3.174091330350237 vs. 3.174091330350237
list:
dist: 3.7821498076869835 vs. 3.7821498076869835
list:
dist: 3.1759397173645785 vs. 3.1759397173645785
list:
dist: 2.609274931851849 vs. 2.609274931851849
list:
dist: 2.151159749020402 vs. 2.151159749020402
list:
dist: 3.32859152730754 vs. 3.32859152730754
list:
dist: 2.1382568008949314 vs. 2.1382568008949314
list:
dist: 1.2682376055632836 vs. 1.2682376055632836
list:
dist: 1.9443476972343159 vs. 1.9443476972343159
list:
dist: 1.738915169947959 vs. 1.738915169947959
list:
dist: 2.398342554522582 vs. 2.398342554522582
list:
dist: 1.7605560333086892 vs. 1.7605560333086892
list:
dist: 0.5887064249780197 vs. 0.5887064249780197
list:
dist: 0.6896425832806563 vs. 0.6896425832806563
list:
dist: 1.0925869457501047 vs. 1.0925869457501047
list:
dist: 0.7563153047977375 vs. 0.7563153047977375
list:
dist: 1.2240802293273576 vs. 1.2240802293273576
list:
dist: 1.6738913209676185 vs. 1.6738913209676185
list:
dist: 1.5900043269466717 vs. 1.5900043269466717
list:
dist: 2.1969713396093296 vs. 2.1969713396093296
list:
dist: 2.055923798257593 vs. 2.055923798257593
list:
dist: 1.894262592290751 vs. 1.894262592290751
list:
dist: 4.174760448612069 vs. 4.174760448612069
list:
dist: 4.222934442809971 vs. 4.222934442809971
list:
dist: 3.6677410770229932 vs. 3.6677410770229932
list:
dist: 3.775870150457435 vs. 3.775870150457435
list:
dist: 1.522043679073381 vs. 1.522043679073381
list:
dist: 0.9650006236372426 vs. 0.9650006236372426
list:
dist: 2.1186159327644796 vs. 2.1186159327644796
list:
dist: 4.480093399196227 vs. 4.480093399196227
list:
dist: 3.8590246634501497 vs. 3.8590246634501497
list:
dist: 3.3549775208604538 vs. 3.3549775208604538
list:
dist: 3.022773110399858 vs. 3.022773110399858
list:
dist: 4.026192574648401 vs. 4.026192574648401
list:
dist: 2.2239714612203545 vs. 2.2239714612203545
list:
dist: 1.9770877689960569 vs. 1.9770877689960569
list:
dist: 2.07524434329656 vs. 2.07524434329656
list:
dist: 1.6357158048048774 vs. 1.6357158048048774
list:
dist: 2.4320871434216293 vs. 2.4320871434216293
list:
dist: 1.5860534576841092 vs. 1.5860534576841092
list:
dist: 1.894262592290751 vs. 1.894262592290751
list:
dist: 0.8099148613955223 vs. 0.8099148613955223
list:
dist: 2.2086669899783375 vs. 2.2086669899783375
list:
dist: 2.84695516392894 vs. 2.84695516392894
list:
dist: 1.0853241209693867 vs. 1.0853241209693867
list:
dist: 1.302345311062042 vs. 1.302345311062042
list:
dist: 3.310117899298997 vs. 3.310117899298997
list:
dist: 3.5855881217151886 vs. 3.5855881217151886
list:
dist: 2.7487833255723073 vs. 2.7487833255723073
list:
dist: 2.9375149309805493 vs. 2.9375149309805493
list:
dist: 1.1854623280862508 vs. 1.1854623280862508
list:
dist: 1.2153066900363403 vs. 1.2153066900363403
list:
dist: 0.8609520231157529 vs. 0.8609520231157529
list:
dist: 3.835069065340215 vs. 3.835069065340215
list:
dist: 3.326130434266866 vs. 3.326130434266866
list:
dist: 4.076770870275217 vs. 4.076770870275217
list:
dist: 1.6059739670324777 vs. 1.6059739670324777
list:
dist: 1.7510490112026902 vs. 1.7510490112026902
list:
dist: 2.7459936718337197 vs. 2.7459936718337197
list:
dist: 2.970725159810008 vs. 2.970725159810008
list:
dist: 3.1771046477356117 vs. 3.1771046477356117
list:
dist: 2.355261811936693 vs. 2.355261811936693
list:
dist: 1.1667278881393734 vs. 1.1667278881393734
list:
dist: 0.8215922344038451 vs. 0.8215922344038451
list:
dist: 1.892330695265765 vs. 1.892330695265765
list:
dist: 0.778940895147878 vs. 0.778940895147878
list:
dist: 1.379161329226523 vs. 1.379161329226523
list:
dist: 1.7969819541792462 vs. 1.7969819541792462
list:
dist: 2.4179836245051183 vs. 2.4179836245051183
list:
dist: 2.3523368974239602 vs. 2.3523368974239602
list:
dist: 1.6079178054104106 vs. 1.6079178054104106
list:
dist: 1.1619149350650546 vs. 1.1619149350650546
list:
dist: 1.7211698401846853 vs. 1.7211698401846853
list:
dist: 1.7459726305812395 vs. 1.7459726305812395
list:
dist: 1.196666028674411 vs. 1.196666028674411
list:
dist: 1.6738913209676185 vs. 1.6738913209676185
list:
dist: 1.609974142859122 vs. 1.609974142859122
list:
dist: 0.9782903161106107 vs. 0.9782903161106107
list:
dist: 2.006956762276887 vs. 2.006956762276887
list:
dist: 1.3057613812207454 vs. 1.3057613812207454
list:
dist: 2.2086669899783375 vs. 2.2086669899783375
list:
dist: 4.503422296888503 vs. 4.503422296888503
list:
dist: 4.26370544856451 vs. 4.26370544856451
list:
dist: 3.703832166143383 vs. 3.703832166143383
list:
dist: 4.228958244961096 vs. 4.228958244961096
list:
dist: 2.695374127372965 vs. 2.695374127372965
list:
dist: 2.1204662289340845 vs. 2.1204662289340845
list:
dist: 2.922470643679732 vs. 2.922470643679732
list:
dist: 5.422773698323051 vs. 5.422773698323051
list:
dist: 4.521245157871149 vs. 4.521245157871149
list:
dist: 2.977745345089262 vs. 2.977745345089262
list:
dist: 2.7578084614505296 vs. 2.7578084614505296
list:
dist: 3.759694579362982 vs. 3.759694579362982
list:
dist: 2.1894861879869234 vs. 2.1894861879869234
list:
dist: 1.2885634018909795 vs. 1.2885634018909795
list:
dist: 2.168853396837606 vs. 2.168853396837606
list:
dist: 2.2178013597238504 vs. 2.2178013597238504
list:
dist: 2.9028832581775847 vs. 2.9028832581775847
list:
dist: 1.943332938775848 vs. 1.943332938775848
list:
dist: 2.1969713396093296 vs. 2.1969713396093296
list:
dist: 1.4246685778746435 vs. 1.4246685778746435
list:
dist: 2.006956762276887 vs. 2.006956762276887
list:
dist: 2.8240133403793877 vs. 2.8240133403793877
list:
dist: 1.3375878757851067 vs. 1.3375878757851067
list:
dist: 1.0853241209693867 vs. 1.0853241209693867
list:
dist: 1.9605723569290834 vs. 1.9605723569290834
list:
dist: 1.6392314624704898 vs. 1.6392314624704898
list:
dist: 1.736483592249184 vs. 1.736483592249184
list:
dist: 2.488180243580668 vs. 2.488180243580668
list:
dist: 2.4915706936893853 vs. 2.4915706936893853
list:
dist: 1.8861298778662887 vs. 1.8861298778662887
list:
dist: 2.7328616434018533 vs. 2.7328616434018533
list:
dist: 2.0551493415412376 vs. 2.0551493415412376
list:
dist: 2.1186159327644796 vs. 2.1186159327644796
list:
dist: 1.3667946476945847 vs. 1.3667946476945847
list:
dist: 2.922470643679732 vs. 2.922470643679732
list:
dist: 3.403618913672952 vs. 3.403618913672952
list:
dist: 1.736483592249184 vs. 1.736483592249184
list:
dist: 2.1436453318063373 vs. 2.1436453318063373
list:
dist: 0.8609520231157529 vs. 0.8609520231157529
list:
dist: 3.2386361115624243 vs. 3.2386361115624243
list:
dist: 3.7301610838913324 vs. 3.7301610838913324
list:
dist: 2.9209979434682998 vs. 2.9209979434682998
list:
dist: 2.8041918079452435 vs. 2.8041918079452435
list:
dist: 0.7543058226260835 vs. 0.7543058226260835
list:
dist: 1.2517160293297498 vs. 1.2517160293297498
list:
dist: 3.3102902111119676 vs. 3.3102902111119676
list:
dist: 3.0856411324645245 vs. 3.0856411324645245
list:
dist: 3.918152366107194 vs. 3.918152366107194
list:
dist: 2.3314758703965035 vs. 2.3314758703965035
list:
dist: 2.0859567939261345 vs. 2.0859567939261345
list:
dist: 2.8705949784762503 vs. 2.8705949784762503
list:
dist: 1.0399004489616104 vs. 1.0399004489616104
list:
dist: 1.9065176378205126 vs. 1.9065176378205126
list:
dist: 1.8686703838793286 vs. 1.8686703838793286
list:
dist: 1.7817422278066783 vs. 1.7817422278066783
list:
dist: 2.220349282695651 vs. 2.220349282695651
list:
dist: 1.4025812906944994 vs. 1.4025812906944994
list:
dist: 2.055923798257593 vs. 2.055923798257593
list:
dist: 1.0972253945507924 vs. 1.0972253945507924
list:
dist: 1.3057613812207454 vs. 1.3057613812207454
list:
dist: 2.152727464757718 vs. 2.152727464757718
list:
dist: 1.3375878757851067 vs. 1.3375878757851067
list:
dist: 1.302345311062042 vs. 1.302345311062042
list:
dist: 3.601503045216178 vs. 3.601503045216178
list:
dist: 3.5024755223528174 vs. 3.5024755223528174
list:
dist: 2.772144387163976 vs. 2.772144387163976
list:
dist: 3.3456985745846968 vs. 3.3456985745846968
list:
dist: 2.24988260828478 vs. 2.24988260828478
list:
dist: 1.9525731702960736 vs. 1.9525731702960736
list:
dist: 2.1436453318063373 vs. 2.1436453318063373
list:
dist: 4.640206777147275 vs. 4.640206777147275
list:
dist: 3.7919140261963804 vs. 3.7919140261963804
list:
dist: 4.492829037528497 vs. 4.492829037528497
list:
dist: 2.6798333276923603 vs. 2.6798333276923603
list:
dist: 3.4530338665616513 vs. 3.4530338665616513
list:
dist: 3.1799933120492665 vs. 3.1799933120492665
list:
dist: 3.914240858914041 vs. 3.914240858914041
list:
dist: 2.303812797250613 vs. 2.303812797250613
list:
dist: 1.999180443280533 vs. 1.999180443280533
list:
dist: 1.3856559547813259 vs. 1.3856559547813259
list:
dist: 2.211298489341162 vs. 2.211298489341162
list:
dist: 1.6678845448354087 vs. 1.6678845448354087
list:
dist: 1.522043679073381 vs. 1.522043679073381
list:
dist: 1.2180802950431757 vs. 1.2180802950431757
list:
dist: 2.695374127372965 vs. 2.695374127372965
list:
dist: 2.9816192477958516 vs. 2.9816192477958516
list:
dist: 1.9605723569290834 vs. 1.9605723569290834
list:
dist: 2.24988260828478 vs. 2.24988260828478
list:
dist: 1.1854623280862508 vs. 1.1854623280862508
list:
dist: 3.47657275458821 vs. 3.47657275458821
list:
dist: 3.881969392477291 vs. 3.881969392477291
list:
dist: 3.1730505445450894 vs. 3.1730505445450894
list:
dist: 3.017375013487001 vs. 3.017375013487001
list:
dist: 0.7253983779826115 vs. 0.7253983779826115
list:
dist: 0.7543058226260835 vs. 0.7543058226260835
list:
dist: 3.4313675537458956 vs. 3.4313675537458956
list:
dist: 3.155363471803583 vs. 3.155363471803583
list:
dist: 2.4301605209265973 vs. 2.4301605209265973
list:
dist: 2.4318201069155045 vs. 2.4318201069155045
list:
dist: 3.1930240570855535 vs. 3.1930240570855535
list:
dist: 3.232067656302841 vs. 3.232067656302841
list:
dist: 3.648858068327722 vs. 3.648858068327722
list:
dist: 3.06494567564941 vs. 3.06494567564941
list:
dist: 2.2741620489717884 vs. 2.2741620489717884
list:
dist: 1.8259505225992652 vs. 1.8259505225992652
list:
dist: 2.903929703415152 vs. 2.903929703415152
list:
dist: 1.4581596601325486 vs. 1.4581596601325486
list:
dist: 1.5069492150610795 vs. 1.5069492150610795
list:
dist: 2.09850718597018 vs. 2.09850718597018
list:
dist: 2.132733833252034 vs. 2.132733833252034
list:
dist: 2.6127245522548694 vs. 2.6127245522548694
list:
dist: 1.7999903235846177 vs. 1.7999903235846177
list:
dist: 0.6952713395506367 vs. 0.6952713395506367
list:
dist: 0.5302671374371922 vs. 0.5302671374371922
list:
dist: 0.9605857143022591 vs. 0.9605857143022591
list:
dist: 0.7563153047977375 vs. 0.7563153047977375
list:
dist: 0.784674182376554 vs. 0.784674182376554
list:
dist: 1.196666028674411 vs. 1.196666028674411
list:
dist: 1.3767477974845324 vs. 1.3767477974845324
list:
dist: 1.943332938775848 vs. 1.943332938775848
list:
dist: 1.4025812906944994 vs. 1.4025812906944994
list:
dist: 1.5860534576841092 vs. 1.5860534576841092
list:
dist: 3.737455085402162 vs. 3.737455085402162
list:
dist: 3.681658556533343 vs. 3.681658556533343
list:
dist: 3.1091388625961414 vs. 3.1091388625961414
list:
dist: 3.3862826990418555 vs. 3.3862826990418555
list:
dist: 1.6678845448354087 vs. 1.6678845448354087
list:
dist: 1.2118214239625245 vs. 1.2118214239625245
list:
dist: 2.0551493415412376 vs. 2.0551493415412376
list:
dist: 4.361776728658887 vs. 4.361776728658887
list:
dist: 3.5722134328003583 vs. 3.5722134328003583
list:
dist: 5.099549010214102 vs. 5.099549010214102
list:
dist: 3.6937515376960186 vs. 3.6937515376960186
list:
dist: 4.3389997601562404 vs. 4.3389997601562404
list:
dist: 3.533879660970379 vs. 3.533879660970379
list:
dist: 3.635086665195219 vs. 3.635086665195219
list:
dist: 3.681658556533343 vs. 3.681658556533343
list:
dist: 4.222934442809971 vs. 4.222934442809971
list:
dist: 3.4658842764099336 vs. 3.4658842764099336
list:
dist: 4.26370544856451 vs. 4.26370544856451
list:
dist: 4.4863627152646375 vs. 4.4863627152646375
list:
dist: 3.5024755223528174 vs. 3.5024755223528174
list:
dist: 3.5855881217151886 vs. 3.5855881217151886
list:
dist: 1.037519115879255 vs. 1.037519115879255
list:
dist: 0.9192063344172198 vs. 0.9192063344172198
list:
dist: 1.3332404900478607 vs. 1.3332404900478607
list:
dist: 0.9332319481750093 vs. 0.9332319481750093
list:
dist: 1.0412265016070217 vs. 1.0412265016070217
list:
dist: 0.8150812792750677 vs. 0.8150812792750677
list:
dist: 1.3697882882505998 vs. 1.3697882882505998
list:
dist: 0.6700561742672586 vs. 0.6700561742672586
list:
dist: 1.9806540856161203 vs. 1.9806540856161203
list:
dist: 1.4751006874308359 vs. 1.4751006874308359
list:
dist: 3.881969392477291 vs. 3.881969392477291
list:
dist: 4.189961302344838 vs. 4.189961302344838
list:
dist: 2.6610966473546296 vs. 2.6610966473546296
list:
dist: 3.7301610838913324 vs. 3.7301610838913324
list:
dist: 2.8964217620424524 vs. 2.8964217620424524
list:
dist: 1.6377643546737102 vs. 1.6377643546737102
list:
dist: 2.737139425184064 vs. 2.737139425184064
list:
dist: 2.8968162170686003 vs. 2.8968162170686003
list:
dist: 3.462826059749573 vs. 3.462826059749573
list:
dist: 2.073815544521329 vs. 2.073815544521329
list:
dist: 2.9602543639990246 vs. 2.9602543639990246
list:
dist: 2.035689248558005 vs. 2.035689248558005
list:
dist: 2.064097030453309 vs. 2.064097030453309
list:
dist: 3.372068108656446 vs. 3.372068108656446
list:
dist: 2.2480884015826104 vs. 2.2480884015826104
list:
dist: 3.381604463824023 vs. 3.381604463824023
list:
dist: 2.620521593002491 vs. 2.620521593002491
list:
dist: 5.655909082439832 vs. 5.655909082439832
list:
dist: 4.037396929707851 vs. 4.037396929707851
list:
dist: 4.410396727523268 vs. 4.410396727523268
list:
dist: 3.5050285193327735 vs. 3.5050285193327735
list:
dist: 3.806018160048723 vs. 3.806018160048723
list:
dist: 3.737455085402162 vs. 3.737455085402162
list:
dist: 4.174760448612069 vs. 4.174760448612069
list:
dist: 3.3646776777858665 vs. 3.3646776777858665
list:
dist: 4.503422296888503 vs. 4.503422296888503
list:
dist: 4.788217511707513 vs. 4.788217511707513
list:
dist: 3.601503045216178 vs. 3.601503045216178
list:
dist: 3.310117899298997 vs. 3.310117899298997
list:
dist: 1.037519115879255 vs. 1.037519115879255
list:
dist: 0.971215164749584 vs. 0.971215164749584
list:
dist: 0.48680591575346777 vs. 0.48680591575346777
list:
dist: 0.6798594358824734 vs. 0.6798594358824734
list:
dist: 0.9838501545674417 vs. 0.9838501545674417
list:
dist: 1.4180386083343766 vs. 1.4180386083343766
list:
dist: 1.5454625832821907 vs. 1.5454625832821907
list:
dist: 1.1696198456375289 vs. 1.1696198456375289
list:
dist: 1.7414247450506906 vs. 1.7414247450506906
list:
dist: 1.4398994033339865 vs. 1.4398994033339865
list:
dist: 3.47657275458821 vs. 3.47657275458821
list:
dist: 3.938162473001565 vs. 3.938162473001565
list:
dist: 2.134431220013822 vs. 2.134431220013822
list:
dist: 3.2386361115624243 vs. 3.2386361115624243
list:
dist: 1.9777231836501725 vs. 1.9777231836501725
list:
dist: 0.964601559677429 vs. 0.964601559677429
list:
dist: 2.265934168116857 vs. 2.265934168116857
list:
dist: 2.0963677818574338 vs. 2.0963677818574338
list:
dist: 2.644658238149877 vs. 2.644658238149877
list:
dist: 1.2056139910679606 vs. 1.2056139910679606
list:
dist: 2.0954000695446795 vs. 2.0954000695446795
list:
dist: 1.245667577500098 vs. 1.245667577500098
list:
dist: 1.310296136890458 vs. 1.310296136890458
list:
dist: 2.6652203402859174 vs. 2.6652203402859174
list:
dist: 1.8164205917315108 vs. 1.8164205917315108
list:
dist: 2.5055492407622997 vs. 2.5055492407622997
list:
dist: 1.7875056389861952 vs. 1.7875056389861952
list:
dist: 4.786066629900672 vs. 4.786066629900672
list:
dist: 3.165534874471573 vs. 3.165534874471573
list:
dist: 3.798157650871725 vs. 3.798157650871725
list:
dist: 2.9941695299910216 vs. 2.9941695299910216
list:
dist: 3.278696426285383 vs. 3.278696426285383
list:
dist: 3.1091388625961414 vs. 3.1091388625961414
list:
dist: 3.6677410770229932 vs. 3.6677410770229932
list:
dist: 2.7498871233975035 vs. 2.7498871233975035
list:
dist: 3.703832166143383 vs. 3.703832166143383
list:
dist: 4.075094016202895 vs. 4.075094016202895
list:
dist: 2.772144387163976 vs. 2.772144387163976
list:
dist: 2.7487833255723073 vs. 2.7487833255723073
list:
dist: 0.971215164749584 vs. 0.971215164749584
list:
dist: 0.9192063344172198 vs. 0.9192063344172198
list:
dist: 1.0222630372611285 vs. 1.0222630372611285
list:
dist: 1.3116473501580135 vs. 1.3116473501580135
list:
dist: 1.5841687567816694 vs. 1.5841687567816694
list:
dist: 1.452362967018228 vs. 1.452362967018228
list:
dist: 1.9748770921082692 vs. 1.9748770921082692
list:
dist: 1.353437043870063 vs. 1.353437043870063
list:
dist: 2.571933206790757 vs. 2.571933206790757
list:
dist: 1.8372316989773472 vs. 1.8372316989773472
list:
dist: 3.1730505445450894 vs. 3.1730505445450894
list:
dist: 3.492158607916673 vs. 3.492158607916673
list:
dist: 2.789586826926969 vs. 2.789586826926969
list:
dist: 2.9209979434682998 vs. 2.9209979434682998
list:
dist: 2.760873825578396 vs. 2.760873825578396
list:
dist: 1.6314133827479933 vs. 1.6314133827479933
list:
dist: 3.195363305392166 vs. 3.195363305392166
list:
dist: 3.0632718046709946 vs. 3.0632718046709946
list:
dist: 3.6003771767963455 vs. 3.6003771767963455
list:
dist: 2.1471430270357064 vs. 2.1471430270357064
list:
dist: 3.0466114062870777 vs. 3.0466114062870777
list:
dist: 2.196182944628699 vs. 2.196182944628699
list:
dist: 1.9849841348493447 vs. 1.9849841348493447
list:
dist: 3.4585964534010722 vs. 3.4585964534010722
list:
dist: 2.672712611683727 vs. 2.672712611683727
list:
dist: 3.413534566215561 vs. 3.413534566215561
list:
dist: 2.6695073860726124 vs. 2.6695073860726124
list:
dist: 1.4180386083343766 vs. 1.4180386083343766
list:
dist: 0.8150812792750677 vs. 0.8150812792750677
list:
dist: 1.452362967018228 vs. 1.452362967018228
list:
dist: 1.8571864613269036 vs. 1.8571864613269036
list:
dist: 0.9166329669863169 vs. 0.9166329669863169
list:
dist: 1.486846852315264 vs. 1.486846852315264
list:
dist: 1.879918976337345 vs. 1.879918976337345
list:
dist: 1.3070052875029323 vs. 1.3070052875029323
list:
dist: 1.9075372438394955 vs. 1.9075372438394955
list:
dist: 2.1200094997644032 vs. 2.1200094997644032
list:
dist: 3.2066570230109717 vs. 3.2066570230109717
list:
dist: 3.2875788183858328 vs. 3.2875788183858328
list:
dist: 2.1989788501393623 vs. 2.1989788501393623
list:
dist: 2.6567171058733554 vs. 2.6567171058733554
list:
dist: 2.962654238706621 vs. 2.962654238706621
list:
dist: 3.568681141054627 vs. 3.568681141054627
list:
dist: 2.3350860555025545 vs. 2.3350860555025545
list:
dist: 3.0193321948042815 vs. 3.0193321948042815
list:
dist: 2.2793443855051736 vs. 2.2793443855051736
list:
dist: 1.9009730783290324 vs. 1.9009730783290324
list:
dist: 3.059185994623421 vs. 3.059185994623421
list:
dist: 1.9818630787081875 vs. 1.9818630787081875
list:
dist: 3.320565132626931 vs. 3.320565132626931
list:
dist: 2.5164558641029102 vs. 2.5164558641029102
list:
dist: 1.1696198456375289 vs. 1.1696198456375289
list:
dist: 0.6700561742672586 vs. 0.6700561742672586
list:
dist: 1.353437043870063 vs. 1.353437043870063
list:
dist: 1.3563294138005784 vs. 1.3563294138005784
list:
dist: 1.1535241892633177 vs. 1.1535241892633177
list:
dist: 0.5970635778045286 vs. 0.5970635778045286
list:
dist: 1.3070052875029323 vs. 1.3070052875029323
list:
dist: 0.714514651292225 vs. 0.714514651292225
list:
dist: 1.7299420278668338 vs. 1.7299420278668338
list:
dist: 0.8713649217539533 vs. 0.8713649217539533
list:
dist: 2.145801635460272 vs. 2.145801635460272
list:
dist: 2.6386268399663897 vs. 2.6386268399663897
list:
dist: 1.3332195320086222 vs. 1.3332195320086222
list:
dist: 2.482863998917879 vs. 2.482863998917879
list:
dist: 2.692894809517293 vs. 2.692894809517293
list:
dist: 3.2055234786012208 vs. 3.2055234786012208
list:
dist: 1.8730126124683517 vs. 1.8730126124683517
list:
dist: 2.8082372766874717 vs. 2.8082372766874717
list:
dist: 1.7958296444021988 vs. 1.7958296444021988
list:
dist: 2.31528089976346 vs. 2.31528089976346
list:
dist: 3.491952585313597 vs. 3.491952585313597
list:
dist: 2.2164658064222005 vs. 2.2164658064222005
list:
dist: 3.329400686668204 vs. 3.329400686668204
list:
dist: 2.6584126463730064 vs. 2.6584126463730064
list:
dist: 4.18638487528546 vs. 4.18638487528546
list:
dist: 3.223027980450135 vs. 3.223027980450135
list:
dist: 3.494674059929109 vs. 3.494674059929109
list:
dist: 3.5722134328003583 vs. 3.5722134328003583
list:
dist: 3.8590246634501497 vs. 3.8590246634501497
list:
dist: 3.2840885915517726 vs. 3.2840885915517726
list:
dist: 4.521245157871149 vs. 4.521245157871149
list:
dist: 4.653652638164198 vs. 4.653652638164198
list:
dist: 3.7919140261963804 vs. 3.7919140261963804
list:
dist: 3.326130434266866 vs. 3.326130434266866
list:
dist: 0.964601559677429 vs. 0.964601559677429
list:
dist: 1.6377643546737102 vs. 1.6377643546737102
list:
dist: 1.6314133827479933 vs. 1.6314133827479933
list:
dist: 0.7316144762569449 vs. 0.7316144762569449
list:
dist: 1.4479690377410803 vs. 1.4479690377410803
list:
dist: 0.9781669173068595 vs. 0.9781669173068595
list:
dist: 2.1989788501393623 vs. 2.1989788501393623
list:
dist: 1.2723994546372175 vs. 1.2723994546372175
list:
dist: 1.3332195320086222 vs. 1.3332195320086222
list:
dist: 1.8076576871567618 vs. 1.8076576871567618
list:
dist: 0.9263236833978972 vs. 0.9263236833978972
list:
dist: 3.155363471803583 vs. 3.155363471803583
list:
dist: 3.6687910235799093 vs. 3.6687910235799093
list:
dist: 1.1980346291914878 vs. 1.1980346291914878
list:
dist: 3.0856411324645245 vs. 3.0856411324645245
list:
dist: 1.352388919493793 vs. 1.352388919493793
list:
dist: 2.180597862539151 vs. 2.180597862539151
list:
dist: 1.8853643853092659 vs. 1.8853643853092659
list:
dist: 2.2867307437225706 vs. 2.2867307437225706
list:
dist: 0.9258739033627125 vs. 0.9258739033627125
list:
dist: 1.9397035035547479 vs. 1.9397035035547479
list:
dist: 0.957309410869155 vs. 0.957309410869155
list:
dist: 1.966561198273997 vs. 1.966561198273997
list:
dist: 3.0377950944703387 vs. 3.0377950944703387
list:
dist: 2.129366756816456 vs. 2.129366756816456
list:
dist: 2.5224445806011113 vs. 2.5224445806011113
list:
dist: 2.042235322600022 vs. 2.042235322600022
list:
dist: 2.5792029139180217 vs. 2.5792029139180217
list:
dist: 2.3860223079585996 vs. 2.3860223079585996
list:
dist: 3.772166247174121 vs. 3.772166247174121
list:
dist: 2.265934168116857 vs. 2.265934168116857
list:
dist: 2.737139425184064 vs. 2.737139425184064
list:
dist: 3.195363305392166 vs. 3.195363305392166
list:
dist: 2.5035324690753087 vs. 2.5035324690753087
list:
dist: 2.000596078791387 vs. 2.000596078791387
list:
dist: 1.9291983295590147 vs. 1.9291983295590147
list:
dist: 2.6567171058733554 vs. 2.6567171058733554
list:
dist: 2.189342256716835 vs. 2.189342256716835
list:
dist: 2.482863998917879 vs. 2.482863998917879
list:
dist: 0.8335222530792152 vs. 0.8335222530792152
list:
dist: 2.3846479731485952 vs. 2.3846479731485952
list:
dist: 2.2854598285237713 vs. 2.2854598285237713
list:
dist: 2.1858084188719493 vs. 2.1858084188719493
list:
dist: 2.180597862539151 vs. 2.180597862539151
list:
dist: 1.017988389573758 vs. 1.017988389573758
list:
dist: 1.3859910425505468 vs. 1.3859910425505468
list:
dist: 1.4787005637873212 vs. 1.4787005637873212
list:
dist: 1.2671989773750296 vs. 1.2671989773750296
list:
dist: 1.3198367263077873 vs. 1.3198367263077873
list:
dist: 2.0866072589869664 vs. 2.0866072589869664
list:
dist: 1.9658771143479923 vs. 1.9658771143479923
list:
dist: 0.9102234895815142 vs. 0.9102234895815142
list:
dist: 1.647306933044279 vs. 1.647306933044279
list:
dist: 1.4914967935946848 vs. 1.4914967935946848
list:
dist: 2.8793517930641994 vs. 2.8793517930641994
list:
dist: 2.200142845409406 vs. 2.200142845409406
list:
dist: 2.667280626019704 vs. 2.667280626019704
list:
dist: 3.153847573138034 vs. 3.153847573138034
list:
dist: 3.1073236987626944 vs. 3.1073236987626944
list:
dist: 3.948601284647131 vs. 3.948601284647131
list:
dist: 3.357031839732658 vs. 3.357031839732658
list:
dist: 2.7087189002012146 vs. 2.7087189002012146
list:
dist: 3.6656779827513186 vs. 3.6656779827513186
list:
dist: 2.1046558660062287 vs. 2.1046558660062287
list:
dist: 3.2283241325956857 vs. 3.2283241325956857
list:
dist: 1.946836447927474 vs. 1.946836447927474
list:
dist: 2.471776820945695 vs. 2.471776820945695
list:
dist: 2.6369261845752026 vs. 2.6369261845752026
list:
dist: 2.634931603049558 vs. 2.634931603049558
list:
dist: 2.3767789836603925 vs. 2.3767789836603925
list:
dist: 1.1438158922963746 vs. 1.1438158922963746
list:
dist: 2.9557403916599525 vs. 2.9557403916599525
list:
dist: 2.861499391171193 vs. 2.861499391171193
list:
dist: 1.9669701515927616 vs. 1.9669701515927616
list:
dist: 2.880058668070571 vs. 2.880058668070571
list:
dist: 1.7414247450506906 vs. 1.7414247450506906
list:
dist: 1.9806540856161203 vs. 1.9806540856161203
list:
dist: 2.571933206790757 vs. 2.571933206790757
list:
dist: 2.057549400297144 vs. 2.057549400297144
list:
dist: 1.3643282179780394 vs. 1.3643282179780394
list:
dist: 1.2429009123847397 vs. 1.2429009123847397
list:
dist: 1.9075372438394955 vs. 1.9075372438394955
list:
dist: 1.5223804577397837 vs. 1.5223804577397837
list:
dist: 1.7299420278668338 vs. 1.7299420278668338
list:
dist: 1.8176118826492966 vs. 1.8176118826492966
list:
dist: 2.1856506509600884 vs. 2.1856506509600884
list:
dist: 2.3270519743337883 vs. 2.3270519743337883
list:
dist: 1.8076576871567618 vs. 1.8076576871567618
list:
dist: 0.8335222530792152 vs. 0.8335222530792152
list:
dist: 1.5124229307053818 vs. 1.5124229307053818
list:
dist: 2.017597472966124 vs. 2.017597472966124
list:
dist: 1.3987364450334159 vs. 1.3987364450334159
list:
dist: 1.7194085263907184 vs. 1.7194085263907184
list:
dist: 1.2156208888852642 vs. 1.2156208888852642
list:
dist: 1.9013442003902947 vs. 1.9013442003902947
list:
dist: 2.302258312992288 vs. 2.302258312992288
list:
dist: 0.8177505930851043 vs. 0.8177505930851043
list:
dist: 2.1635538564748265 vs. 2.1635538564748265
list:
dist: 1.6848168922648508 vs. 1.6848168922648508
list:
dist: 0.6798594358824734 vs. 0.6798594358824734
list:
dist: 0.9332319481750093 vs. 0.9332319481750093
list:
dist: 1.3116473501580135 vs. 1.3116473501580135
list:
dist: 1.1623581372184648 vs. 1.1623581372184648
list:
dist: 0.9669718117501211 vs. 0.9669718117501211
list:
dist: 0.9166329669863169 vs. 0.9166329669863169
list:
dist: 1.5484363355735822 vs. 1.5484363355735822
list:
dist: 1.1535241892633177 vs. 1.1535241892633177
list:
dist: 1.3643282179780394 vs. 1.3643282179780394
list:
dist: 1.667252642724776 vs. 1.667252642724776
list:
dist: 2.477417176547965 vs. 2.477417176547965
list:
dist: 2.3910855073807835 vs. 2.3910855073807835
list:
dist: 1.4479690377410803 vs. 1.4479690377410803
list:
dist: 2.000596078791387 vs. 2.000596078791387
list:
dist: 2.106952916033862 vs. 2.106952916033862
list:
dist: 2.7083822353439047 vs. 2.7083822353439047
list:
dist: 1.4314677905391007 vs. 1.4314677905391007
list:
dist: 2.146514604940031 vs. 2.146514604940031
list:
dist: 1.3949242508094992 vs. 1.3949242508094992
list:
dist: 1.2204183113555815 vs. 1.2204183113555815
list:
dist: 2.442490556121266 vs. 2.442490556121266
list:
dist: 1.391059278069865 vs. 1.391059278069865
list:
dist: 2.4978259372450626 vs. 2.4978259372450626
list:
dist: 1.7144779435204422 vs. 1.7144779435204422
list:
dist: 0.9838501545674417 vs. 0.9838501545674417
list:
dist: 1.0412265016070217 vs. 1.0412265016070217
list:
dist: 1.5841687567816694 vs. 1.5841687567816694
list:
dist: 1.186529987165652 vs. 1.186529987165652
list:
dist: 0.9669718117501211 vs. 0.9669718117501211
list:
dist: 1.486846852315264 vs. 1.486846852315264
list:
dist: 0.6087775203769721 vs. 0.6087775203769721
list:
dist: 0.5970635778045286 vs. 0.5970635778045286
list:
dist: 1.2429009123847397 vs. 1.2429009123847397
list:
dist: 0.7552835661355615 vs. 0.7552835661355615
list:
dist: 1.7466302104511056 vs. 1.7466302104511056
list:
dist: 2.152836879972379 vs. 2.152836879972379
list:
dist: 0.9781669173068595 vs. 0.9781669173068595
list:
dist: 1.9291983295590147 vs. 1.9291983295590147
list:
dist: 2.1068832945535836 vs. 2.1068832945535836
list:
dist: 2.612800939969809 vs. 2.612800939969809
list:
dist: 1.330815344272309 vs. 1.330815344272309
list:
dist: 2.2373901950291626 vs. 2.2373901950291626
list:
dist: 1.2278400098915636 vs. 1.2278400098915636
list:
dist: 1.9909047836864937 vs. 1.9909047836864937
list:
dist: 3.0355869853990542 vs. 3.0355869853990542
list:
dist: 1.7534479981014732 vs. 1.7534479981014732
list:
dist: 2.784723924794325 vs. 2.784723924794325
list:
dist: 2.1681959395677324 vs. 2.1681959395677324
list:
dist: 2.5055492407622997 vs. 2.5055492407622997
list:
dist: 3.381604463824023 vs. 3.381604463824023
list:
dist: 3.413534566215561 vs. 3.413534566215561
list:
dist: 2.608503549823847 vs. 2.608503549823847
list:
dist: 2.4978259372450626 vs. 2.4978259372450626
list:
dist: 2.784723924794325 vs. 2.784723924794325
list:
dist: 3.320565132626931 vs. 3.320565132626931
list:
dist: 3.2366379543068184 vs. 3.2366379543068184
list:
dist: 3.329400686668204 vs. 3.329400686668204
list:
dist: 2.1635538564748265 vs. 2.1635538564748265
list:
dist: 3.209443331355432 vs. 3.209443331355432
list:
dist: 1.8457592878098674 vs. 1.8457592878098674
list:
dist: 2.5224445806011113 vs. 2.5224445806011113
list:
dist: 1.647306933044279 vs. 1.647306933044279
list:
dist: 0.9053414865981213 vs. 0.9053414865981213
list:
dist: 1.05749574880954 vs. 1.05749574880954
list:
dist: 1.6116961907550629 vs. 1.6116961907550629
list:
dist: 0.6793265261281825 vs. 0.6793265261281825
list:
dist: 1.6600163021527206 vs. 1.6600163021527206
list:
dist: 1.7110596846972326 vs. 1.7110596846972326
list:
dist: 1.0956006255608208 vs. 1.0956006255608208
list:
dist: 1.6566428421869892 vs. 1.6566428421869892
list:
dist: 0.8295078080426487 vs. 0.8295078080426487
list:
dist: 2.1190752436938842 vs. 2.1190752436938842
list:
dist: 1.577453463138324 vs. 1.577453463138324
list:
dist: 1.4398994033339865 vs. 1.4398994033339865
list:
dist: 1.4751006874308359 vs. 1.4751006874308359
list:
dist: 1.8372316989773472 vs. 1.8372316989773472
list:
dist: 1.3845713884092297 vs. 1.3845713884092297
list:
dist: 1.667252642724776 vs. 1.667252642724776
list:
dist: 0.7552835661355615 vs. 0.7552835661355615
list:
dist: 2.1200094997644032 vs. 2.1200094997644032
list:
dist: 0.5197774275215975 vs. 0.5197774275215975
list:
dist: 0.8713649217539533 vs. 0.8713649217539533
list:
dist: 1.8176118826492966 vs. 1.8176118826492966
list:
dist: 1.3429428954219957 vs. 1.3429428954219957
list:
dist: 2.129120823972063 vs. 2.129120823972063
list:
dist: 0.9263236833978972 vs. 0.9263236833978972
list:
dist: 2.3846479731485952 vs. 2.3846479731485952
list:
dist: 2.4484508707082133 vs. 2.4484508707082133
list:
dist: 2.8413083237476595 vs. 2.8413083237476595
list:
dist: 1.6277620152417154 vs. 1.6277620152417154
list:
dist: 2.5888631180959076 vs. 2.5888631180959076
list:
dist: 1.5502521660379145 vs. 1.5502521660379145
list:
dist: 2.595937490337293 vs. 2.595937490337293
list:
dist: 3.639061742100608 vs. 3.639061742100608
list:
dist: 2.4132561174157643 vs. 2.4132561174157643
list:
dist: 3.209443331355432 vs. 3.209443331355432
list:
dist: 2.701876814974253 vs. 2.701876814974253
list:
dist: 2.134431220013822 vs. 2.134431220013822
list:
dist: 2.6610966473546296 vs. 2.6610966473546296
list:
dist: 2.789586826926969 vs. 2.789586826926969
list:
dist: 1.918058468874496 vs. 1.918058468874496
list:
dist: 2.477417176547965 vs. 2.477417176547965
list:
dist: 1.7466302104511056 vs. 1.7466302104511056
list:
dist: 3.2066570230109717 vs. 3.2066570230109717
list:
dist: 1.6658432792557067 vs. 1.6658432792557067
list:
dist: 2.145801635460272 vs. 2.145801635460272
list:
dist: 2.1856506509600884 vs. 2.1856506509600884
list:
dist: 1.3429428954219957 vs. 1.3429428954219957
list:
dist: 1.3124160082046699 vs. 1.3124160082046699
list:
dist: 1.1980346291914878 vs. 1.1980346291914878
list:
dist: 2.2854598285237713 vs. 2.2854598285237713
list:
dist: 1.9969517301040796 vs. 1.9969517301040796
list:
dist: 2.1071128331992517 vs. 2.1071128331992517
list:
dist: 1.4805151249578727 vs. 1.4805151249578727
list:
dist: 2.13565781305914 vs. 2.13565781305914
list:
dist: 1.4452889982062556 vs. 1.4452889982062556
list:
dist: 1.4952508667944877 vs. 1.4952508667944877
list:
dist: 1.672143616663859 vs. 1.672143616663859
list:
dist: 1.5454625832821907 vs. 1.5454625832821907
list:
dist: 1.3697882882505998 vs. 1.3697882882505998
list:
dist: 1.9748770921082692 vs. 1.9748770921082692
list:
dist: 1.647229053175961 vs. 1.647229053175961
list:
dist: 1.5484363355735822 vs. 1.5484363355735822
list:
dist: 0.6087775203769721 vs. 0.6087775203769721
list:
dist: 1.879918976337345 vs. 1.879918976337345
list:
dist: 0.714514651292225 vs. 0.714514651292225
list:
dist: 1.5223804577397837 vs. 1.5223804577397837
list:
dist: 0.5197774275215975 vs. 0.5197774275215975
list:
dist: 1.6658432792557067 vs. 1.6658432792557067
list:
dist: 2.4279436880284337 vs. 2.4279436880284337
list:
dist: 1.2723994546372175 vs. 1.2723994546372175
list:
dist: 2.189342256716835 vs. 2.189342256716835
list:
dist: 2.4656287711506812 vs. 2.4656287711506812
list:
dist: 2.896167507610616 vs. 2.896167507610616
list:
dist: 1.7561834331069912 vs. 1.7561834331069912
list:
dist: 2.638257477246215 vs. 2.638257477246215
list:
dist: 1.6320740010704717 vs. 1.6320740010704717
list:
dist: 2.5942589506121374 vs. 2.5942589506121374
list:
dist: 3.5595767172183495 vs. 3.5595767172183495
list:
dist: 2.19747983021378 vs. 2.19747983021378
list:
dist: 3.2366379543068184 vs. 3.2366379543068184
list:
dist: 2.695721024860499 vs. 2.695721024860499
list:
dist: 4.492829037528497 vs. 4.492829037528497
list:
dist: 4.076770870275217 vs. 4.076770870275217
list:
dist: 1.310296136890458 vs. 1.310296136890458
list:
dist: 2.064097030453309 vs. 2.064097030453309
list:
dist: 1.9849841348493447 vs. 1.9849841348493447
list:
dist: 1.5940864932836223 vs. 1.5940864932836223
list:
dist: 1.2204183113555815 vs. 1.2204183113555815
list:
dist: 1.9909047836864937 vs. 1.9909047836864937
list:
dist: 1.9009730783290324 vs. 1.9009730783290324
list:
dist: 2.5942589506121374 vs. 2.5942589506121374
list:
dist: 2.31528089976346 vs. 2.31528089976346
list:
dist: 1.9013442003902947 vs. 1.9013442003902947
list:
dist: 2.595937490337293 vs. 2.595937490337293
list:
dist: 3.918152366107194 vs. 3.918152366107194
list:
dist: 2.2273255275165047 vs. 2.2273255275165047
list:
dist: 1.966561198273997 vs. 1.966561198273997
list:
dist: 2.0866072589869664 vs. 2.0866072589869664
list:
dist: 1.7924930849474687 vs. 1.7924930849474687
list:
dist: 2.3520087927006568 vs. 2.3520087927006568
list:
dist: 1.4686551877118328 vs. 1.4686551877118328
list:
dist: 1.6707007208857456 vs. 1.6707007208857456
list:
dist: 1.540118875063323 vs. 1.540118875063323
list:
dist: 1.4945393668374025 vs. 1.4945393668374025
list:
dist: 1.381286355079321 vs. 1.381286355079321
list:
dist: 1.7110596846972326 vs. 1.7110596846972326
list:
dist: 0.9179536695207593 vs. 0.9179536695207593
list:
dist: 3.1871567032273957 vs. 3.1871567032273957
list:
dist: 3.2797143097279595 vs. 3.2797143097279595
list:
dist: 2.0963677818574338 vs. 2.0963677818574338
list:
dist: 2.8968162170686003 vs. 2.8968162170686003
list:
dist: 3.0632718046709946 vs. 3.0632718046709946
list:
dist: 2.1806183360314795 vs. 2.1806183360314795
list:
dist: 2.106952916033862 vs. 2.106952916033862
list:
dist: 2.1068832945535836 vs. 2.1068832945535836
list:
dist: 2.962654238706621 vs. 2.962654238706621
list:
dist: 2.4656287711506812 vs. 2.4656287711506812
list:
dist: 2.692894809517293 vs. 2.692894809517293
list:
dist: 1.5124229307053818 vs. 1.5124229307053818
list:
dist: 2.4484508707082133 vs. 2.4484508707082133
list:
dist: 1.9969517301040796 vs. 1.9969517301040796
list:
dist: 1.3658855461406492 vs. 1.3658855461406492
list:
dist: 1.8853643853092659 vs. 1.8853643853092659
list:
dist: 1.017988389573758 vs. 1.017988389573758
list:
dist: 0.6161344752838812 vs. 0.6161344752838812
list:
dist: 0.990036857166161 vs. 0.990036857166161
list:
dist: 0.29455774918837946 vs. 0.29455774918837946
list:
dist: 0.9610331306088616 vs. 0.9610331306088616
list:
dist: 1.7924930849474687 vs. 1.7924930849474687
list:
dist: 1.7163703538625017 vs. 1.7163703538625017
list:
dist: 1.3484292535257691 vs. 1.3484292535257691
list:
dist: 0.9053414865981213 vs. 0.9053414865981213
list:
dist: 1.0009604000906855 vs. 1.0009604000906855
list:
dist: 2.435080864406085 vs. 2.435080864406085
list:
dist: 1.5733377238057862 vs. 1.5733377238057862
list:
dist: 2.0327019436777274 vs. 2.0327019436777274
list:
dist: 2.763014346742755 vs. 2.763014346742755
list:
dist: 3.2283241325956857 vs. 3.2283241325956857
list:
dist: 3.716359247919657 vs. 3.716359247919657
list:
dist: 3.863193457808887 vs. 3.863193457808887
list:
dist: 3.4717496156694 vs. 3.4717496156694
list:
dist: 2.933983980590802 vs. 2.933983980590802
list:
dist: 1.7578562830370619 vs. 1.7578562830370619
list:
dist: 3.2692430863196873 vs. 3.2692430863196873
list:
dist: 3.271079703758915 vs. 3.271079703758915
list:
dist: 3.786446221311571 vs. 3.786446221311571
list:
dist: 2.6613622971032127 vs. 2.6613622971032127
list:
dist: 2.6807873344864275 vs. 2.6807873344864275
list:
dist: 2.692117301291677 vs. 2.692117301291677
list:
dist: 3.8869229039694093 vs. 3.8869229039694093
list:
dist: 2.746722701009509 vs. 2.746722701009509
list:
dist: 3.5389627844709093 vs. 3.5389627844709093
list:
dist: 3.409216925001553 vs. 3.409216925001553
list:
dist: 5.065455776329107 vs. 5.065455776329107
list:
dist: 4.651041717218212 vs. 4.651041717218212
list:
dist: 4.724547986924408 vs. 4.724547986924408
list:
dist: 3.454222881810204 vs. 3.454222881810204
list:
dist: 2.793899251063013 vs. 2.793899251063013
list:
dist: 4.72692412148856 vs. 4.72692412148856
list:
dist: 4.089983686740324 vs. 4.089983686740324
list:
dist: 4.47945320683521 vs. 4.47945320683521
list:
dist: 5.4968427756680605 vs. 5.4968427756680605
list:
dist: 3.8281097992660063 vs. 3.8281097992660063
list:
dist: 4.049764817270647 vs. 4.049764817270647
list:
dist: 3.1205084670014167 vs. 3.1205084670014167
list:
dist: 3.4767544517898457 vs. 3.4767544517898457
list:
dist: 3.3862826990418555 vs. 3.3862826990418555
list:
dist: 3.775870150457435 vs. 3.775870150457435
list:
dist: 2.9951692168289523 vs. 2.9951692168289523
list:
dist: 4.228958244961096 vs. 4.228958244961096
list:
dist: 4.5038997032570816 vs. 4.5038997032570816
list:
dist: 3.3456985745846968 vs. 3.3456985745846968
list:
dist: 2.9375149309805493 vs. 2.9375149309805493
list:
dist: 0.48680591575346777 vs. 0.48680591575346777
list:
dist: 1.3332404900478607 vs. 1.3332404900478607
list:
dist: 1.0222630372611285 vs. 1.0222630372611285
list:
dist: 1.1623581372184648 vs. 1.1623581372184648
list:
dist: 1.186529987165652 vs. 1.186529987165652
list:
dist: 1.8571864613269036 vs. 1.8571864613269036
list:
dist: 1.647229053175961 vs. 1.647229053175961
list:
dist: 1.3563294138005784 vs. 1.3563294138005784
list:
dist: 2.057549400297144 vs. 2.057549400297144
list:
dist: 1.3845713884092297 vs. 1.3845713884092297
list:
dist: 3.017375013487001 vs. 3.017375013487001
list:
dist: 3.5055779766490978 vs. 3.5055779766490978
list:
dist: 1.918058468874496 vs. 1.918058468874496
list:
dist: 2.8041918079452435 vs. 2.8041918079452435
list:
dist: 1.740253902578028 vs. 1.740253902578028
list:
dist: 0.7316144762569449 vs. 0.7316144762569449
list:
dist: 2.5035324690753087 vs. 2.5035324690753087
list:
dist: 2.1806183360314795 vs. 2.1806183360314795
list:
dist: 2.661549858560645 vs. 2.661549858560645
list:
dist: 1.2132686112031126 vs. 1.2132686112031126
list:
dist: 2.1607722751655225 vs. 2.1607722751655225
list:
dist: 1.3002413268020596 vs. 1.3002413268020596
list:
dist: 1.5940864932836223 vs. 1.5940864932836223
list:
dist: 2.9204421532335383 vs. 2.9204421532335383
list:
dist: 2.177155629810731 vs. 2.177155629810731
list:
dist: 2.608503549823847 vs. 2.608503549823847
list:
dist: 1.9827250350921062 vs. 1.9827250350921062
list:
dist: 1.4952508667944877 vs. 1.4952508667944877
list:
dist: 1.8359189867587544 vs. 1.8359189867587544
list:
dist: 2.5792029139180217 vs. 2.5792029139180217
list:
dist: 2.8793517930641994 vs. 2.8793517930641994
list:
dist: 2.435080864406085 vs. 2.435080864406085
list:
dist: 2.1308740836381945 vs. 2.1308740836381945
list:
dist: 2.475845156320631 vs. 2.475845156320631
list:
dist: 2.5546291798780105 vs. 2.5546291798780105
list:
dist: 2.4605357505584218 vs. 2.4605357505584218
list:
dist: 1.0400682819468523 vs. 1.0400682819468523
list:
dist: 2.6652203402859174 vs. 2.6652203402859174
list:
dist: 3.372068108656446 vs. 3.372068108656446
list:
dist: 3.4585964534010722 vs. 3.4585964534010722
list:
dist: 2.9204421532335383 vs. 2.9204421532335383
list:
dist: 2.442490556121266 vs. 2.442490556121266
list:
dist: 3.0355869853990542 vs. 3.0355869853990542
list:
dist: 3.059185994623421 vs. 3.059185994623421
list:
dist: 3.5595767172183495 vs. 3.5595767172183495
list:
dist: 3.491952585313597 vs. 3.491952585313597
list:
dist: 2.302258312992288 vs. 2.302258312992288
list:
dist: 3.639061742100608 vs. 3.639061742100608
list:
dist: 2.750156064174808 vs. 2.750156064174808
list:
dist: 3.0377950944703387 vs. 3.0377950944703387
list:
dist: 1.9658771143479923 vs. 1.9658771143479923
list:
dist: 1.7163703538625017 vs. 1.7163703538625017
list:
dist: 2.0514716511473963 vs. 2.0514716511473963
list:
dist: 2.196732671709869 vs. 2.196732671709869
list:
dist: 1.5720054626666655 vs. 1.5720054626666655
list:
dist: 2.2188712552255803 vs. 2.2188712552255803
list:
dist: 1.4945393668374025 vs. 1.4945393668374025
list:
dist: 1.524061902264994 vs. 1.524061902264994
list:
dist: 1.0956006255608208 vs. 1.0956006255608208
list:
dist: 1.0066227848268128 vs. 1.0066227848268128
list:
dist: 3.1681289274996143 vs. 3.1681289274996143
list:
dist: 2.318007368017933 vs. 2.318007368017933
list:
dist: 1.2056139910679606 vs. 1.2056139910679606
list:
dist: 2.073815544521329 vs. 2.073815544521329
list:
dist: 2.1471430270357064 vs. 2.1471430270357064
list:
dist: 1.2132686112031126 vs. 1.2132686112031126
list:
dist: 1.4314677905391007 vs. 1.4314677905391007
list:
dist: 1.330815344272309 vs. 1.330815344272309
list:
dist: 2.3350860555025545 vs. 2.3350860555025545
list:
dist: 1.7561834331069912 vs. 1.7561834331069912
list:
dist: 1.8730126124683517 vs. 1.8730126124683517
list:
dist: 1.3987364450334159 vs. 1.3987364450334159
list:
dist: 1.6277620152417154 vs. 1.6277620152417154
list:
dist: 1.4805151249578727 vs. 1.4805151249578727
list:
dist: 1.0270995252173458 vs. 1.0270995252173458
list:
dist: 0.9258739033627125 vs. 0.9258739033627125
list:
dist: 1.4787005637873212 vs. 1.4787005637873212
list:
dist: 0.990036857166161 vs. 0.990036857166161
list:
dist: 1.4671254570816743 vs. 1.4671254570816743
list:
dist: 1.0264505262319887 vs. 1.0264505262319887
list:
dist: 0.20330599135643612 vs. 0.20330599135643612
list:
dist: 1.4686551877118328 vs. 1.4686551877118328
list:
dist: 2.196732671709869 vs. 2.196732671709869
list:
dist: 1.4702049310333027 vs. 1.4702049310333027
list:
dist: 1.6116961907550629 vs. 1.6116961907550629
list:
dist: 1.2032450586679733 vs. 1.2032450586679733
list:
dist: 2.475845156320631 vs. 2.475845156320631
list:
dist: 1.923280525754175 vs. 1.923280525754175
list:
dist: 2.913723606294889 vs. 2.913723606294889
list:
dist: 1.245667577500098 vs. 1.245667577500098
list:
dist: 2.035689248558005 vs. 2.035689248558005
list:
dist: 2.196182944628699 vs. 2.196182944628699
list:
dist: 1.3002413268020596 vs. 1.3002413268020596
list:
dist: 1.3949242508094992 vs. 1.3949242508094992
list:
dist: 1.2278400098915636 vs. 1.2278400098915636
list:
dist: 2.2793443855051736 vs. 2.2793443855051736
list:
dist: 1.6320740010704717 vs. 1.6320740010704717
list:
dist: 1.7958296444021988 vs. 1.7958296444021988
list:
dist: 1.2156208888852642 vs. 1.2156208888852642
list:
dist: 1.5502521660379145 vs. 1.5502521660379145
list:
dist: 1.4452889982062556 vs. 1.4452889982062556
list:
dist: 1.1547959319213936 vs. 1.1547959319213936
list:
dist: 0.957309410869155 vs. 0.957309410869155
list:
dist: 1.3198367263077873 vs. 1.3198367263077873
list:
dist: 0.9610331306088616 vs. 0.9610331306088616
list:
dist: 1.4544774526878084 vs. 1.4544774526878084
list:
dist: 0.20330599135643612 vs. 0.20330599135643612
list:
dist: 1.0527294590322227 vs. 1.0527294590322227
list:
dist: 1.540118875063323 vs. 1.540118875063323
list:
dist: 2.2188712552255803 vs. 2.2188712552255803
list:
dist: 1.3617881635309503 vs. 1.3617881635309503
list:
dist: 1.6600163021527206 vs. 1.6600163021527206
list:
dist: 1.2504834931293072 vs. 1.2504834931293072
list:
dist: 2.4605357505584218 vs. 2.4605357505584218
list:
dist: 1.924048153156854 vs. 1.924048153156854
list:
dist: 2.9470136331499015 vs. 2.9470136331499015
list:
dist: 4.9205491509209685 vs. 4.9205491509209685
list:
dist: 3.948638420533078 vs. 3.948638420533078
list:
dist: 4.366800391173006 vs. 4.366800391173006
list:
dist: 4.361776728658887 vs. 4.361776728658887
list:
dist: 4.480093399196227 vs. 4.480093399196227
list:
dist: 3.96998415386983 vs. 3.96998415386983
list:
dist: 5.422773698323051 vs. 5.422773698323051
list:
dist: 5.579756011092544 vs. 5.579756011092544
list:
dist: 4.640206777147275 vs. 4.640206777147275
list:
dist: 3.835069065340215 vs. 3.835069065340215
list:
dist: 1.9777231836501725 vs. 1.9777231836501725
list:
dist: 2.8964217620424524 vs. 2.8964217620424524
list:
dist: 2.760873825578396 vs. 2.760873825578396
list:
dist: 1.740253902578028 vs. 1.740253902578028
list:
dist: 2.3910855073807835 vs. 2.3910855073807835
list:
dist: 2.152836879972379 vs. 2.152836879972379
list:
dist: 3.2875788183858328 vs. 3.2875788183858328
list:
dist: 2.4279436880284337 vs. 2.4279436880284337
list:
dist: 2.6386268399663897 vs. 2.6386268399663897
list:
dist: 2.3270519743337883 vs. 2.3270519743337883
list:
dist: 2.129120823972063 vs. 2.129120823972063
list:
dist: 3.4313675537458956 vs. 3.4313675537458956
list:
dist: 4.090550221454206 vs. 4.090550221454206
list:
dist: 1.3124160082046699 vs. 1.3124160082046699
list:
dist: 3.3102902111119676 vs. 3.3102902111119676
list:
dist: 1.352388919493793 vs. 1.352388919493793
list:
dist: 2.1858084188719493 vs. 2.1858084188719493
list:
dist: 1.3658855461406492 vs. 1.3658855461406492
list:
dist: 1.4358915838889392 vs. 1.4358915838889392
list:
dist: 1.0270995252173458 vs. 1.0270995252173458
list:
dist: 1.318089496155065 vs. 1.318089496155065
list:
dist: 1.1547959319213936 vs. 1.1547959319213936
list:
dist: 2.2273255275165047 vs. 2.2273255275165047
list:
dist: 2.750156064174808 vs. 2.750156064174808
list:
dist: 2.4030916746916686 vs. 2.4030916746916686
list:
dist: 1.8457592878098674 vs. 1.8457592878098674
list:
dist: 1.8342301321418795 vs. 1.8342301321418795
list:
dist: 1.8359189867587544 vs. 1.8359189867587544
list:
dist: 1.3441510289414187 vs. 1.3441510289414187
list:
dist: 2.698076776408289 vs. 2.698076776408289
list:
dist: 1.672143616663859 vs. 1.672143616663859
list:
dist: 1.3441510289414187 vs. 1.3441510289414187
list:
dist: 2.3860223079585996 vs. 2.3860223079585996
list:
dist: 2.200142845409406 vs. 2.200142845409406
list:
dist: 1.5733377238057862 vs. 1.5733377238057862
list:
dist: 1.1487578350465522 vs. 1.1487578350465522
list:
dist: 1.923280525754175 vs. 1.923280525754175
list:
dist: 1.6561803214170576 vs. 1.6561803214170576
list:
dist: 1.924048153156854 vs. 1.924048153156854
list:
dist: 3.1871567032273957 vs. 3.1871567032273957
list:
dist: 3.1681289274996143 vs. 3.1681289274996143
list:
dist: 2.837246465367707 vs. 2.837246465367707
list:
dist: 2.1190752436938842 vs. 2.1190752436938842
list:
dist: 2.486559916767246 vs. 2.486559916767246
list:
dist: 1.0400682819468523 vs. 1.0400682819468523
list:
dist: 2.2109743800559016 vs. 2.2109743800559016
list:
dist: 1.7875056389861952 vs. 1.7875056389861952
list:
dist: 2.620521593002491 vs. 2.620521593002491
list:
dist: 2.6695073860726124 vs. 2.6695073860726124
list:
dist: 1.9827250350921062 vs. 1.9827250350921062
list:
dist: 1.7144779435204422 vs. 1.7144779435204422
list:
dist: 2.1681959395677324 vs. 2.1681959395677324
list:
dist: 2.5164558641029102 vs. 2.5164558641029102
list:
dist: 2.695721024860499 vs. 2.695721024860499
list:
dist: 2.6584126463730064 vs. 2.6584126463730064
list:
dist: 1.6848168922648508 vs. 1.6848168922648508
list:
dist: 2.701876814974253 vs. 2.701876814974253
list:
dist: 1.8342301321418795 vs. 1.8342301321418795
list:
dist: 2.042235322600022 vs. 2.042235322600022
list:
dist: 1.4914967935946848 vs. 1.4914967935946848
list:
dist: 1.0009604000906855 vs. 1.0009604000906855
list:
dist: 1.5087671989437994 vs. 1.5087671989437994
list:
dist: 1.2032450586679733 vs. 1.2032450586679733
list:
dist: 0.846871237577443 vs. 0.846871237577443
list:
dist: 1.2504834931293072 vs. 1.2504834931293072
list:
dist: 0.9179536695207593 vs. 0.9179536695207593
list:
dist: 1.0066227848268128 vs. 1.0066227848268128
list:
dist: 1.1060530104433006 vs. 1.1060530104433006
list:
dist: 0.8295078080426487 vs. 0.8295078080426487
list:
dist: 2.486559916767246 vs. 2.486559916767246
list:
dist: 2.405665603156987 vs. 2.405665603156987
list:
dist: 2.698076776408289 vs. 2.698076776408289
list:
dist: 3.772166247174121 vs. 3.772166247174121
list:
dist: 2.667280626019704 vs. 2.667280626019704
list:
dist: 2.0327019436777274 vs. 2.0327019436777274
list:
dist: 1.6018440706221702 vs. 1.6018440706221702
list:
dist: 2.913723606294889 vs. 2.913723606294889
list:
dist: 1.9226998478151518 vs. 1.9226998478151518
list:
dist: 2.9470136331499015 vs. 2.9470136331499015
list:
dist: 3.2797143097279595 vs. 3.2797143097279595
list:
dist: 2.318007368017933 vs. 2.318007368017933
list:
dist: 3.035651454146224 vs. 3.035651454146224
list:
dist: 1.577453463138324 vs. 1.577453463138324
list:
dist: 2.405665603156987 vs. 2.405665603156987
list:
dist: 2.2109743800559016 vs. 2.2109743800559016
list:
dist: 2.0954000695446795 vs. 2.0954000695446795
list:
dist: 2.9602543639990246 vs. 2.9602543639990246
list:
dist: 3.0466114062870777 vs. 3.0466114062870777
list:
dist: 2.1607722751655225 vs. 2.1607722751655225
list:
dist: 2.146514604940031 vs. 2.146514604940031
list:
dist: 2.2373901950291626 vs. 2.2373901950291626
list:
dist: 3.0193321948042815 vs. 3.0193321948042815
list:
dist: 2.638257477246215 vs. 2.638257477246215
list:
dist: 2.8082372766874717 vs. 2.8082372766874717
list:
dist: 1.7194085263907184 vs. 1.7194085263907184
list:
dist: 2.5888631180959076 vs. 2.5888631180959076
list:
dist: 2.13565781305914 vs. 2.13565781305914
list:
dist: 1.318089496155065 vs. 1.318089496155065
list:
dist: 1.9397035035547479 vs. 1.9397035035547479
list:
dist: 1.2671989773750296 vs. 1.2671989773750296
list:
dist: 0.29455774918837946 vs. 0.29455774918837946
list:
dist: 0.6838203201778668 vs. 0.6838203201778668
list:
dist: 1.0264505262319887 vs. 1.0264505262319887
list:
dist: 1.0527294590322227 vs. 1.0527294590322227
list:
dist: 1.6707007208857456 vs. 1.6707007208857456
list:
dist: 1.5720054626666655 vs. 1.5720054626666655
list:
dist: 1.4505561864735512 vs. 1.4505561864735512
list:
dist: 0.6793265261281825 vs. 0.6793265261281825
list:
dist: 0.846871237577443 vs. 0.846871237577443
list:
dist: 2.5546291798780105 vs. 2.5546291798780105
list:
dist: 1.6561803214170576 vs. 1.6561803214170576
list:
dist: 1.9226998478151518 vs. 1.9226998478151518
list:
dist: 2.644658238149877 vs. 2.644658238149877
list:
dist: 3.462826059749573 vs. 3.462826059749573
list:
dist: 3.6003771767963455 vs. 3.6003771767963455
list:
dist: 2.661549858560645 vs. 2.661549858560645
list:
dist: 2.7083822353439047 vs. 2.7083822353439047
list:
dist: 2.612800939969809 vs. 2.612800939969809
list:
dist: 3.568681141054627 vs. 3.568681141054627
list:
dist: 2.896167507610616 vs. 2.896167507610616
list:
dist: 3.2055234786012208 vs. 3.2055234786012208
list:
dist: 2.017597472966124 vs. 2.017597472966124
list:
dist: 2.8413083237476595 vs. 2.8413083237476595
list:
dist: 2.1071128331992517 vs. 2.1071128331992517
list:
dist: 1.4358915838889392 vs. 1.4358915838889392
list:
dist: 2.2867307437225706 vs. 2.2867307437225706
list:
dist: 1.3859910425505468 vs. 1.3859910425505468
list:
dist: 0.6161344752838812 vs. 0.6161344752838812
list:
dist: 1.4671254570816743 vs. 1.4671254570816743
list:
dist: 0.6838203201778668 vs. 0.6838203201778668
list:
dist: 1.4544774526878084 vs. 1.4544774526878084
list:
dist: 2.3520087927006568 vs. 2.3520087927006568
list:
dist: 2.0514716511473963 vs. 2.0514716511473963
list:
dist: 1.908766811435324 vs. 1.908766811435324
list:
dist: 1.05749574880954 vs. 1.05749574880954
list:
dist: 1.5087671989437994 vs. 1.5087671989437994
list:
dist: 2.1308740836381945 vs. 2.1308740836381945
list:
dist: 1.1487578350465522 vs. 1.1487578350465522
list:
dist: 1.6018440706221702 vs. 1.6018440706221702
list:
dist: 1.8164205917315108 vs. 1.8164205917315108
list:
dist: 2.2480884015826104 vs. 2.2480884015826104
list:
dist: 2.672712611683727 vs. 2.672712611683727
list:
dist: 2.177155629810731 vs. 2.177155629810731
list:
dist: 1.391059278069865 vs. 1.391059278069865
list:
dist: 1.7534479981014732 vs. 1.7534479981014732
list:
dist: 1.9818630787081875 vs. 1.9818630787081875
list:
dist: 2.19747983021378 vs. 2.19747983021378
list:
dist: 2.2164658064222005 vs. 2.2164658064222005
list:
dist: 0.8177505930851043 vs. 0.8177505930851043
list:
dist: 2.4132561174157643 vs. 2.4132561174157643
list:
dist: 2.4030916746916686 vs. 2.4030916746916686
list:
dist: 2.129366756816456 vs. 2.129366756816456
list:
dist: 0.9102234895815142 vs. 0.9102234895815142
list:
dist: 1.3484292535257691 vs. 1.3484292535257691
list:
dist: 1.908766811435324 vs. 1.908766811435324
list:
dist: 1.4702049310333027 vs. 1.4702049310333027
list:
dist: 1.4505561864735512 vs. 1.4505561864735512
list:
dist: 1.3617881635309503 vs. 1.3617881635309503
list:
dist: 1.381286355079321 vs. 1.381286355079321
list:
dist: 1.524061902264994 vs. 1.524061902264994
list:
dist: 1.6566428421869892 vs. 1.6566428421869892
list:
dist: 1.1060530104433006 vs. 1.1060530104433006
list:
dist: 2.837246465367707 vs. 2.837246465367707
list:
dist: 3.035651454146224 vs. 3.035651454146224
list:
dist: 2.8187949631456544 vs. 2.8187949631456544
list:
dist: 2.634931603049558 vs. 2.634931603049558
list:
dist: 1.1781368792967286 vs. 1.1781368792967286
list:
dist: 1.92810922598637 vs. 1.92810922598637
list:
dist: 0.985427234674945 vs. 0.985427234674945
list:
dist: 1.122805396425488 vs. 1.122805396425488
list:
dist: 3.4320726471924035 vs. 3.4320726471924035
list:
dist: 1.5199039709385886 vs. 1.5199039709385886
list:
dist: 2.6613622971032127 vs. 2.6613622971032127
list:
dist: 1.1907209139644503 vs. 1.1907209139644503
list:
dist: 0.9857304366336573 vs. 0.9857304366336573
list:
dist: 1.242793513620391 vs. 1.242793513620391
list:
dist: 1.4045175093326767 vs. 1.4045175093326767
list:
dist: 1.4964284353658337 vs. 1.4964284353658337
list:
dist: 1.2558439994709214 vs. 1.2558439994709214
list:
dist: 0.664880001710332 vs. 0.664880001710332
list:
dist: 2.072617276043653 vs. 2.072617276043653
list:
dist: 2.1661872948186196 vs. 2.1661872948186196
list:
dist: 1.8076179942225872 vs. 1.8076179942225872
list:
dist: 2.4806509819674307 vs. 2.4806509819674307
list:
dist: 2.2123482156279466 vs. 2.2123482156279466
list:
dist: 2.379107186247859 vs. 2.379107186247859
list:
dist: 1.3589375021396075 vs. 1.3589375021396075
list:
dist: 0.9815046130056014 vs. 0.9815046130056014
list:
dist: 2.1813292570373712 vs. 2.1813292570373712
list:
dist: 1.9107164843797537 vs. 1.9107164843797537
list:
dist: 2.726515410008803 vs. 2.726515410008803
list:
dist: 4.9900827996184605 vs. 4.9900827996184605
list:
dist: 4.112964483850323 vs. 4.112964483850323
list:
dist: 3.6187405930396443 vs. 3.6187405930396443
list:
dist: 3.029279440247291 vs. 3.029279440247291
list:
dist: 3.1073236987626944 vs. 3.1073236987626944
list:
dist: 2.4202267678888454 vs. 2.4202267678888454
list:
dist: 3.544556042733553 vs. 3.544556042733553
list:
dist: 3.3188518760157013 vs. 3.3188518760157013
list:
dist: 1.2626565771741842 vs. 1.2626565771741842
list:
dist: 0.5577882850779613 vs. 0.5577882850779613
list:
dist: 1.0861950940629517 vs. 1.0861950940629517
list:
dist: 2.474095150131271 vs. 2.474095150131271
list:
dist: 2.2771738515859545 vs. 2.2771738515859545
list:
dist: 3.716359247919657 vs. 3.716359247919657
list:
dist: 1.6022349496773656 vs. 1.6022349496773656
list:
dist: 1.4894627521640778 vs. 1.4894627521640778
list:
dist: 1.02376068270749 vs. 1.02376068270749
list:
dist: 1.1781368792967286 vs. 1.1781368792967286
list:
dist: 2.36537267503107 vs. 2.36537267503107
list:
dist: 2.0707565858480326 vs. 2.0707565858480326
list:
dist: 0.8655681782942304 vs. 0.8655681782942304
list:
dist: 1.6194850508065162 vs. 1.6194850508065162
list:
dist: 2.6405320008101465 vs. 2.6405320008101465
list:
dist: 1.9900718768631807 vs. 1.9900718768631807
list:
dist: 2.978255523636241 vs. 2.978255523636241
list:
dist: 1.847906790521123 vs. 1.847906790521123
list:
dist: 1.4135773009128845 vs. 1.4135773009128845
list:
dist: 1.3093763287671463 vs. 1.3093763287671463
list:
dist: 2.0782639486268195 vs. 2.0782639486268195
list:
dist: 1.362002614152621 vs. 1.362002614152621
list:
dist: 1.7943939903601966 vs. 1.7943939903601966
list:
dist: 1.7816849210119547 vs. 1.7816849210119547
list:
dist: 2.0380120307409797 vs. 2.0380120307409797
list:
dist: 3.132687502910144 vs. 3.132687502910144
list:
dist: 4.20196499030294 vs. 4.20196499030294
list:
dist: 3.567586777991026 vs. 3.567586777991026
list:
dist: 3.543652917721663 vs. 3.543652917721663
list:
dist: 1.739323839714497 vs. 1.739323839714497
list:
dist: 3.794208443722775 vs. 3.794208443722775
list:
dist: 3.679298124597132 vs. 3.679298124597132
list:
dist: 2.4202267678888454 vs. 2.4202267678888454
list:
dist: 1.6152290345291482 vs. 1.6152290345291482
list:
dist: 2.5523635853266837 vs. 2.5523635853266837
list:
dist: 1.7921768680149706 vs. 1.7921768680149706
list:
dist: 2.9435588187518933 vs. 2.9435588187518933
list:
dist: 3.7675867653064747 vs. 3.7675867653064747
list:
dist: 2.79749576526349 vs. 2.79749576526349
list:
dist: 3.1156999536853434 vs. 3.1156999536853434
list:
dist: 2.870934666767442 vs. 2.870934666767442
list:
dist: 4.175311588982321 vs. 4.175311588982321
list:
dist: 2.956967211384156 vs. 2.956967211384156
list:
dist: 3.153847573138034 vs. 3.153847573138034
list:
dist: 1.739323839714497 vs. 1.739323839714497
list:
dist: 3.029279440247291 vs. 3.029279440247291
list:
dist: 2.675376296038074 vs. 2.675376296038074
list:
dist: 3.074375449591672 vs. 3.074375449591672
list:
dist: 1.9649815129257517 vs. 1.9649815129257517
list:
dist: 1.6779576307475619 vs. 1.6779576307475619
list:
dist: 2.763014346742755 vs. 2.763014346742755
list:
dist: 3.4063759618116283 vs. 3.4063759618116283
list:
dist: 3.6104700457029746 vs. 3.6104700457029746
list:
dist: 3.5816819839870764 vs. 3.5816819839870764
list:
dist: 2.8187949631456544 vs. 2.8187949631456544
list:
dist: 3.768728197040725 vs. 3.768728197040725
list:
dist: 2.6409940758180968 vs. 2.6409940758180968
list:
dist: 3.6599087166771525 vs. 3.6599087166771525
list:
dist: 3.414557753351774 vs. 3.414557753351774
list:
dist: 4.211254276427374 vs. 4.211254276427374
list:
dist: 4.211254276427374 vs. 4.211254276427374
list:
dist: 1.9669701515927616 vs. 1.9669701515927616
list:
dist: 2.6405320008101465 vs. 2.6405320008101465
list:
dist: 3.802951998390055 vs. 3.802951998390055
list:
dist: 2.7517158450094947 vs. 2.7517158450094947
list:
dist: 2.8465678737461233 vs. 2.8465678737461233
list:
dist: 3.9149758983300216 vs. 3.9149758983300216
list:
dist: 2.687561932318434 vs. 2.687561932318434
list:
dist: 3.5389627844709093 vs. 3.5389627844709093
list:
dist: 1.0676676173273671 vs. 1.0676676173273671
list:
dist: 1.2730380264407388 vs. 1.2730380264407388
list:
dist: 1.7275293631322066 vs. 1.7275293631322066
list:
dist: 2.072617276043653 vs. 2.072617276043653
list:
dist: 1.1235356814199242 vs. 1.1235356814199242
list:
dist: 1.6113795788858798 vs. 1.6113795788858798
list:
dist: 2.002718819690148 vs. 2.002718819690148
list:
dist: 1.8402093689322372 vs. 1.8402093689322372
list:
dist: 1.544103035231969 vs. 1.544103035231969
list:
dist: 3.780190227109926 vs. 3.780190227109926
list:
dist: 3.579979837408071 vs. 3.579979837408071
list:
dist: 3.6880271638165625 vs. 3.6880271638165625
list:
dist: 3.375342585731706 vs. 3.375342585731706
list:
dist: 3.188432625874371 vs. 3.188432625874371
list:
dist: 2.4097581840939006 vs. 2.4097581840939006
list:
dist: 2.723565758450207 vs. 2.723565758450207
list:
dist: 2.7588239035938886 vs. 2.7588239035938886
list:
dist: 2.3117893533965743 vs. 2.3117893533965743
list:
dist: 3.414557753351774 vs. 3.414557753351774
list:
dist: 2.861499391171193 vs. 2.861499391171193
list:
dist: 1.6194850508065162 vs. 1.6194850508065162
list:
dist: 2.4439907620343155 vs. 2.4439907620343155
list:
dist: 1.35477895096295 vs. 1.35477895096295
list:
dist: 1.7860304904114754 vs. 1.7860304904114754
list:
dist: 3.8909059175745706 vs. 3.8909059175745706
list:
dist: 1.9698412337739362 vs. 1.9698412337739362
list:
dist: 2.746722701009509 vs. 2.746722701009509
list:
dist: 1.2430810244670538 vs. 1.2430810244670538
list:
dist: 0.8123491712129554 vs. 0.8123491712129554
list:
dist: 1.3688595712883773 vs. 1.3688595712883773
list:
dist: 0.664880001710332 vs. 0.664880001710332
list:
dist: 0.9903262732141254 vs. 0.9903262732141254
list:
dist: 1.8009175602986984 vs. 1.8009175602986984
list:
dist: 1.3671313046159972 vs. 1.3671313046159972
list:
dist: 1.8402093689322372 vs. 1.8402093689322372
list:
dist: 2.063169322064512 vs. 2.063169322064512
list:
dist: 2.0005560020389157 vs. 2.0005560020389157
list:
dist: 2.7092195717457224 vs. 2.7092195717457224
list:
dist: 2.4477521632311556 vs. 2.4477521632311556
list:
dist: 2.1793512310378715 vs. 2.1793512310378715
list:
dist: 1.4762370018728619 vs. 1.4762370018728619
list:
dist: 0.6038929518333085 vs. 0.6038929518333085
list:
dist: 2.001875561708348 vs. 2.001875561708348
list:
dist: 1.5239475385235015 vs. 1.5239475385235015
list:
dist: 2.1290440346990187 vs. 2.1290440346990187
list:
dist: 2.79749576526349 vs. 2.79749576526349
list:
dist: 1.847906790521123 vs. 1.847906790521123
list:
dist: 1.4281743767061486 vs. 1.4281743767061486
list:
dist: 1.3338834034855824 vs. 1.3338834034855824
list:
dist: 1.9274065509023672 vs. 1.9274065509023672
list:
dist: 2.712611744986865 vs. 2.712611744986865
list:
dist: 3.409216925001553 vs. 3.409216925001553
list:
dist: 2.91175668906005 vs. 2.91175668906005
list:
dist: 2.553087349357383 vs. 2.553087349357383
list:
dist: 2.5588900638002485 vs. 2.5588900638002485
list:
dist: 1.8076179942225872 vs. 1.8076179942225872
list:
dist: 2.9704652293067126 vs. 2.9704652293067126
list:
dist: 3.2283486001546704 vs. 3.2283486001546704
list:
dist: 2.329631981844481 vs. 2.329631981844481
list:
dist: 2.0005560020389157 vs. 2.0005560020389157
list:
dist: 3.780190227109926 vs. 3.780190227109926
list:
dist: 1.8680022579707913 vs. 1.8680022579707913
list:
dist: 2.4212500251977085 vs. 2.4212500251977085
list:
dist: 1.7140142397603555 vs. 1.7140142397603555
list:
dist: 2.0724084177822446 vs. 2.0724084177822446
list:
dist: 0.7015155558688585 vs. 0.7015155558688585
list:
dist: 1.5812231812364672 vs. 1.5812231812364672
list:
dist: 2.543918497876265 vs. 2.543918497876265
list:
dist: 2.0377492113232214 vs. 2.0377492113232214
list:
dist: 3.485696343556683 vs. 3.485696343556683
list:
dist: 4.198272173595445 vs. 4.198272173595445
list:
dist: 3.017512168832687 vs. 3.017512168832687
list:
dist: 3.2277013219913235 vs. 3.2277013219913235
list:
dist: 3.2713250805388023 vs. 3.2713250805388023
list:
dist: 4.877684393933025 vs. 4.877684393933025
list:
dist: 4.081203917913244 vs. 4.081203917913244
list:
dist: 3.8974515513634715 vs. 3.8974515513634715
list:
dist: 2.675376296038074 vs. 2.675376296038074
list:
dist: 3.948601284647131 vs. 3.948601284647131
list:
dist: 1.6152290345291482 vs. 1.6152290345291482
list:
dist: 3.6793553529374647 vs. 3.6793553529374647
list:
dist: 3.670789526383599 vs. 3.670789526383599
list:
dist: 1.2626565771741842 vs. 1.2626565771741842
list:
dist: 1.1896515822303024 vs. 1.1896515822303024
list:
dist: 1.2868236245866986 vs. 1.2868236245866986
list:
dist: 2.9049669202968227 vs. 2.9049669202968227
list:
dist: 2.5604274389155526 vs. 2.5604274389155526
list:
dist: 3.863193457808887 vs. 3.863193457808887
list:
dist: 2.7530327515256108 vs. 2.7530327515256108
list:
dist: 2.6240757200722196 vs. 2.6240757200722196
list:
dist: 2.28158908947246 vs. 2.28158908947246
list:
dist: 1.92810922598637 vs. 1.92810922598637
list:
dist: 3.3217618476712576 vs. 3.3217618476712576
list:
dist: 2.9148242965145474 vs. 2.9148242965145474
list:
dist: 2.0995325848014716 vs. 2.0995325848014716
list:
dist: 2.4439907620343155 vs. 2.4439907620343155
list:
dist: 3.802951998390055 vs. 3.802951998390055
list:
dist: 3.2444160681468763 vs. 3.2444160681468763
list:
dist: 2.3812811426479303 vs. 2.3812811426479303
list:
dist: 1.4281743767061486 vs. 1.4281743767061486
list:
dist: 1.8204521017920896 vs. 1.8204521017920896
list:
dist: 1.3531401263065401 vs. 1.3531401263065401
list:
dist: 2.5878761577623424 vs. 2.5878761577623424
list:
dist: 1.467240418263992 vs. 1.467240418263992
list:
dist: 2.3612251105012243 vs. 2.3612251105012243
list:
dist: 2.685686607691676 vs. 2.685686607691676
list:
dist: 2.7354263657460725 vs. 2.7354263657460725
list:
dist: 4.11390024706093 vs. 4.11390024706093
list:
dist: 1.6779576307475619 vs. 1.6779576307475619
list:
dist: 2.1046558660062287 vs. 2.1046558660062287
list:
dist: 2.2771738515859545 vs. 2.2771738515859545
list:
dist: 2.5604274389155526 vs. 2.5604274389155526
list:
dist: 2.238378441463258 vs. 2.238378441463258
list:
dist: 1.370778231817918 vs. 1.370778231817918
list:
dist: 1.7578562830370619 vs. 1.7578562830370619
list:
dist: 2.0298163746205486 vs. 2.0298163746205486
list:
dist: 2.1998944147982487 vs. 2.1998944147982487
list:
dist: 2.4438161907668103 vs. 2.4438161907668103
list:
dist: 1.5199039709385886 vs. 1.5199039709385886
list:
dist: 2.129019119923879 vs. 2.129019119923879
list:
dist: 1.297863705721336 vs. 1.297863705721336
list:
dist: 2.5797869852351556 vs. 2.5797869852351556
list:
dist: 1.9698412337739362 vs. 1.9698412337739362
list:
dist: 2.687561932318434 vs. 2.687561932318434
list:
dist: 2.712611744986865 vs. 2.712611744986865
list:
dist: 3.684646957796315 vs. 3.684646957796315
list:
dist: 3.419390903460259 vs. 3.419390903460259
list:
dist: 3.871302977366789 vs. 3.871302977366789
list:
dist: 2.5937342415786153 vs. 2.5937342415786153
list:
dist: 2.238654835088104 vs. 2.238654835088104
list:
dist: 3.672202945994716 vs. 3.672202945994716
list:
dist: 3.4008496287937438 vs. 3.4008496287937438
list:
dist: 4.028156016965154 vs. 4.028156016965154
list:
dist: 5.0922763708100085 vs. 5.0922763708100085
list:
dist: 4.279305136348581 vs. 4.279305136348581
list:
dist: 3.8228646606090546 vs. 3.8228646606090546
list:
dist: 1.9649815129257517 vs. 1.9649815129257517
list:
dist: 2.7087189002012146 vs. 2.7087189002012146
list:
dist: 1.7921768680149706 vs. 1.7921768680149706
list:
dist: 4.077829830112382 vs. 4.077829830112382
list:
dist: 3.766407033462535 vs. 3.766407033462535
list:
dist: 1.0861950940629517 vs. 1.0861950940629517
list:
dist: 1.2868236245866986 vs. 1.2868236245866986
list:
dist: 1.16023829802857 vs. 1.16023829802857
list:
dist: 2.839340228444203 vs. 2.839340228444203
list:
dist: 1.370778231817918 vs. 1.370778231817918
list:
dist: 2.933983980590802 vs. 2.933983980590802
list:
dist: 1.8282979729538291 vs. 1.8282979729538291
list:
dist: 1.8842846340380675 vs. 1.8842846340380675
list:
dist: 1.7257068901630994 vs. 1.7257068901630994
list:
dist: 1.122805396425488 vs. 1.122805396425488
list:
dist: 2.412874330555121 vs. 2.412874330555121
list:
dist: 1.6812967856180314 vs. 1.6812967856180314
list:
dist: 1.7340270093318748 vs. 1.7340270093318748
list:
dist: 1.7860304904114754 vs. 1.7860304904114754
list:
dist: 2.8465678737461233 vs. 2.8465678737461233
list:
dist: 2.731217209858798 vs. 2.731217209858798
list:
dist: 3.4565146105136453 vs. 3.4565146105136453
list:
dist: 1.9274065509023672 vs. 1.9274065509023672
list:
dist: 2.4081902075915087 vs. 2.4081902075915087
list:
dist: 2.158250906465926 vs. 2.158250906465926
list:
dist: 2.9663427094515904 vs. 2.9663427094515904
list:
dist: 1.7390986933816914 vs. 1.7390986933816914
list:
dist: 1.9704054670995568 vs. 1.9704054670995568
list:
dist: 2.785384559675757 vs. 2.785384559675757
list:
dist: 2.762883183335014 vs. 2.762883183335014
list:
dist: 3.773821473949633 vs. 3.773821473949633
list:
dist: 2.6409940758180968 vs. 2.6409940758180968
list:
dist: 1.1438158922963746 vs. 1.1438158922963746
list:
dist: 2.0707565858480326 vs. 2.0707565858480326
list:
dist: 2.9148242965145474 vs. 2.9148242965145474
list:
dist: 2.2466410568678685 vs. 2.2466410568678685
list:
dist: 1.6812967856180314 vs. 1.6812967856180314
list:
dist: 3.278013838927135 vs. 3.278013838927135
list:
dist: 1.297863705721336 vs. 1.297863705721336
list:
dist: 2.692117301291677 vs. 2.692117301291677
list:
dist: 1.0740994810176678 vs. 1.0740994810176678
list:
dist: 1.5200183765157256 vs. 1.5200183765157256
list:
dist: 1.7220222571751644 vs. 1.7220222571751644
list:
dist: 1.4964284353658337 vs. 1.4964284353658337
list:
dist: 1.6010177215881256 vs. 1.6010177215881256
list:
dist: 1.995880690230067 vs. 1.995880690230067
list:
dist: 1.8009175602986984 vs. 1.8009175602986984
list:
dist: 1.6113795788858798 vs. 1.6113795788858798
list:
dist: 2.2835084573772586 vs. 2.2835084573772586
list:
dist: 3.2283486001546704 vs. 3.2283486001546704
list:
dist: 3.3812408782617953 vs. 3.3812408782617953
list:
dist: 3.367384452305819 vs. 3.367384452305819
list:
dist: 3.6645235523458597 vs. 3.6645235523458597
list:
dist: 2.828993472523311 vs. 2.828993472523311
list:
dist: 2.3361216140574372 vs. 2.3361216140574372
list:
dist: 3.171849099259541 vs. 3.171849099259541
list:
dist: 3.1733718667375275 vs. 3.1733718667375275
list:
dist: 3.456138130201607 vs. 3.456138130201607
list:
dist: 3.4063759618116283 vs. 3.4063759618116283
list:
dist: 1.946836447927474 vs. 1.946836447927474
list:
dist: 1.6022349496773656 vs. 1.6022349496773656
list:
dist: 2.7530327515256108 vs. 2.7530327515256108
list:
dist: 1.7678447223245677 vs. 1.7678447223245677
list:
dist: 1.8282979729538291 vs. 1.8282979729538291
list:
dist: 3.1194508894450177 vs. 3.1194508894450177
list:
dist: 2.0298163746205486 vs. 2.0298163746205486
list:
dist: 3.2692430863196873 vs. 3.2692430863196873
list:
dist: 0.5686988815847615 vs. 0.5686988815847615
list:
dist: 0.8265391720623468 vs. 0.8265391720623468
list:
dist: 1.1907209139644503 vs. 1.1907209139644503
list:
dist: 1.1694379918847504 vs. 1.1694379918847504
list:
dist: 1.0740994810176678 vs. 1.0740994810176678
list:
dist: 1.1244776223447033 vs. 1.1244776223447033
list:
dist: 1.2430810244670538 vs. 1.2430810244670538
list:
dist: 1.0676676173273671 vs. 1.0676676173273671
list:
dist: 1.2958269809262937 vs. 1.2958269809262937
list:
dist: 2.91175668906005 vs. 2.91175668906005
list:
dist: 2.6957670951868087 vs. 2.6957670951868087
list:
dist: 2.756431697090866 vs. 2.756431697090866
list:
dist: 2.7783937786781325 vs. 2.7783937786781325
list:
dist: 2.3367276855367924 vs. 2.3367276855367924
list:
dist: 1.8279096650545834 vs. 1.8279096650545834
list:
dist: 2.180719585952569 vs. 2.180719585952569
list:
dist: 2.291639541388866 vs. 2.291639541388866
list:
dist: 2.511044973958952 vs. 2.511044973958952
list:
dist: 1.7816849210119547 vs. 1.7816849210119547
list:
dist: 2.685686607691676 vs. 2.685686607691676
list:
dist: 1.7389024223483005 vs. 1.7389024223483005
list:
dist: 2.785384559675757 vs. 2.785384559675757
list:
dist: 3.440357305540384 vs. 3.440357305540384
list:
dist: 3.672202945994716 vs. 3.672202945994716
list:
dist: 4.72692412148856 vs. 4.72692412148856
list:
dist: 2.180719585952569 vs. 2.180719585952569
list:
dist: 1.7687253729304848 vs. 1.7687253729304848
list:
dist: 1.5102202007045056 vs. 1.5102202007045056
list:
dist: 2.1813292570373712 vs. 2.1813292570373712
list:
dist: 2.582248498326759 vs. 2.582248498326759
list:
dist: 3.171849099259541 vs. 3.171849099259541
list:
dist: 1.2422291122294813 vs. 1.2422291122294813
list:
dist: 2.001875561708348 vs. 2.001875561708348
list:
dist: 2.723565758450207 vs. 2.723565758450207
list:
dist: 1.6150766663737381 vs. 1.6150766663737381
list:
dist: 2.543918497876265 vs. 2.543918497876265
list:
dist: 1.5391216592823658 vs. 1.5391216592823658
list:
dist: 1.6519755644161067 vs. 1.6519755644161067
list:
dist: 0.9286595244274229 vs. 0.9286595244274229
list:
dist: 1.8821701344551254 vs. 1.8821701344551254
list:
dist: 2.044334292477715 vs. 2.044334292477715
list:
dist: 1.08153878037181 vs. 1.08153878037181
list:
dist: 1.9405218265936761 vs. 1.9405218265936761
list:
dist: 1.4395682440689828 vs. 1.4395682440689828
list:
dist: 1.2764176054403296 vs. 1.2764176054403296
list:
dist: 2.852737233095809 vs. 2.852737233095809
list:
dist: 3.6599087166771525 vs. 3.6599087166771525
list:
dist: 2.9557403916599525 vs. 2.9557403916599525
list:
dist: 0.8655681782942304 vs. 0.8655681782942304
list:
dist: 2.0995325848014716 vs. 2.0995325848014716
list:
dist: 1.0683228945375656 vs. 1.0683228945375656
list:
dist: 1.7340270093318748 vs. 1.7340270093318748
list:
dist: 2.7190461343563075 vs. 2.7190461343563075
list:
dist: 2.5797869852351556 vs. 2.5797869852351556
list:
dist: 3.8869229039694093 vs. 3.8869229039694093
list:
dist: 1.1244776223447033 vs. 1.1244776223447033
list:
dist: 0.9083418006285221 vs. 0.9083418006285221
list:
dist: 0.33988782452065824 vs. 0.33988782452065824
list:
dist: 1.2558439994709214 vs. 1.2558439994709214
list:
dist: 1.9113234229380751 vs. 1.9113234229380751
list:
dist: 1.995880690230067 vs. 1.995880690230067
list:
dist: 1.3671313046159972 vs. 1.3671313046159972
list:
dist: 2.002718819690148 vs. 2.002718819690148
list:
dist: 1.1814338203353365 vs. 1.1814338203353365
list:
dist: 2.329631981844481 vs. 2.329631981844481
list:
dist: 1.6074143454224643 vs. 1.6074143454224643
list:
dist: 1.7065911281807005 vs. 1.7065911281807005
list:
dist: 1.8458081055400255 vs. 1.8458081055400255
list:
dist: 1.6775058075732654 vs. 1.6775058075732654
list:
dist: 1.6892618090986888 vs. 1.6892618090986888
list:
dist: 1.2422291122294813 vs. 1.2422291122294813
list:
dist: 1.6474363121794162 vs. 1.6474363121794162
list:
dist: 2.4093357818851087 vs. 2.4093357818851087
list:
dist: 3.5816819839870764 vs. 3.5816819839870764
list:
dist: 2.6369261845752026 vs. 2.6369261845752026
list:
dist: 1.02376068270749 vs. 1.02376068270749
list:
dist: 2.28158908947246 vs. 2.28158908947246
list:
dist: 1.2805829569250675 vs. 1.2805829569250675
list:
dist: 1.7257068901630994 vs. 1.7257068901630994
list:
dist: 2.676866304929467 vs. 2.676866304929467
list:
dist: 2.4438161907668103 vs. 2.4438161907668103
list:
dist: 3.786446221311571 vs. 3.786446221311571
list:
dist: 0.8265391720623468 vs. 0.8265391720623468
list:
dist: 0.7530674624010705 vs. 0.7530674624010705
list:
dist: 1.242793513620391 vs. 1.242793513620391
list:
dist: 1.7525819634364204 vs. 1.7525819634364204
list:
dist: 1.7220222571751644 vs. 1.7220222571751644
list:
dist: 0.33988782452065824 vs. 0.33988782452065824
list:
dist: 1.3688595712883773 vs. 1.3688595712883773
list:
dist: 1.7275293631322066 vs. 1.7275293631322066
list:
dist: 1.0294655951149647 vs. 1.0294655951149647
list:
dist: 2.5588900638002485 vs. 2.5588900638002485
list:
dist: 1.8836117610627776 vs. 1.8836117610627776
list:
dist: 2.0185030923954685 vs. 2.0185030923954685
list:
dist: 2.1591705249903326 vs. 2.1591705249903326
list:
dist: 1.9248226899593315 vs. 1.9248226899593315
list:
dist: 1.7933477377846727 vs. 1.7933477377846727
list:
dist: 1.5102202007045056 vs. 1.5102202007045056
list:
dist: 1.885607296307619 vs. 1.885607296307619
list:
dist: 2.460314756319604 vs. 2.460314756319604
list:
dist: 3.6631215741115315 vs. 3.6631215741115315
list:
dist: 2.880058668070571 vs. 2.880058668070571
list:
dist: 1.9900718768631807 vs. 1.9900718768631807
list:
dist: 3.2444160681468763 vs. 3.2444160681468763
list:
dist: 2.2468461030626856 vs. 2.2468461030626856
list:
dist: 2.731217209858798 vs. 2.731217209858798
list:
dist: 2.951162754800842 vs. 2.951162754800842
list:
dist: 4.188329233479592 vs. 4.188329233479592
list:
dist: 3.839526708946023 vs. 3.839526708946023
list:
dist: 3.075058483469342 vs. 3.075058483469342
list:
dist: 4.555543816523027 vs. 4.555543816523027
list:
dist: 2.7719210772660383 vs. 2.7719210772660383
list:
dist: 2.7014110048966558 vs. 2.7014110048966558
list:
dist: 1.2958269809262937 vs. 1.2958269809262937
list:
dist: 1.2987600512863011 vs. 1.2987600512863011
list:
dist: 1.0294655951149647 vs. 1.0294655951149647
list:
dist: 2.1661872948186196 vs. 2.1661872948186196
list:
dist: 2.0709243721521218 vs. 2.0709243721521218
list:
dist: 2.2835084573772586 vs. 2.2835084573772586
list:
dist: 1.1814338203353365 vs. 1.1814338203353365
list:
dist: 2.063169322064512 vs. 2.063169322064512
list:
dist: 1.544103035231969 vs. 1.544103035231969
list:
dist: 2.3630619752567266 vs. 2.3630619752567266
list:
dist: 2.705488303710802 vs. 2.705488303710802
list:
dist: 2.4952492300891334 vs. 2.4952492300891334
list:
dist: 2.784892257463444 vs. 2.784892257463444
list:
dist: 4.073931917223578 vs. 4.073931917223578
list:
dist: 3.897977100570622 vs. 3.897977100570622
list:
dist: 3.447311865348395 vs. 3.447311865348395
list:
dist: 3.746789763576365 vs. 3.746789763576365
list:
dist: 2.82800644056633 vs. 2.82800644056633
list:
dist: 3.5753827635567754 vs. 3.5753827635567754
list:
dist: 3.8279199370141668 vs. 3.8279199370141668
list:
dist: 1.6150766663737381 vs. 1.6150766663737381
list:
dist: 2.2318840034111393 vs. 2.2318840034111393
list:
dist: 2.2075267531798315 vs. 2.2075267531798315
list:
dist: 2.870934666767442 vs. 2.870934666767442
list:
dist: 3.4337938204976557 vs. 3.4337938204976557
list:
dist: 3.546799825346969 vs. 3.546799825346969
list:
dist: 1.3093763287671463 vs. 1.3093763287671463
list:
dist: 1.3531401263065401 vs. 1.3531401263065401
list:
dist: 1.2395290455990045 vs. 1.2395290455990045
list:
dist: 2.158250906465926 vs. 2.158250906465926
list:
dist: 2.9428891978475136 vs. 2.9428891978475136
list:
dist: 3.419390903460259 vs. 3.419390903460259
list:
dist: 4.651041717218212 vs. 4.651041717218212
list:
dist: 2.756431697090866 vs. 2.756431697090866
list:
dist: 2.4723380242705626 vs. 2.4723380242705626
list:
dist: 2.0185030923954685 vs. 2.0185030923954685
list:
dist: 2.2123482156279466 vs. 2.2123482156279466
list:
dist: 3.338778159103893 vs. 3.338778159103893
list:
dist: 3.367384452305819 vs. 3.367384452305819
list:
dist: 1.7065911281807005 vs. 1.7065911281807005
list:
dist: 2.4477521632311556 vs. 2.4477521632311556
list:
dist: 3.6880271638165625 vs. 3.6880271638165625
list:
dist: 2.705488303710802 vs. 2.705488303710802
list:
dist: 1.8937574018515904 vs. 1.8937574018515904
list:
dist: 1.7140142397603555 vs. 1.7140142397603555
list:
dist: 0.7579030777612773 vs. 0.7579030777612773
list:
dist: 1.5100913324296183 vs. 1.5100913324296183
list:
dist: 1.380488358784811 vs. 1.380488358784811
list:
dist: 2.3315496147957337 vs. 2.3315496147957337
list:
dist: 1.6519755644161067 vs. 1.6519755644161067
list:
dist: 1.987855958926624 vs. 1.987855958926624
list:
dist: 3.408020050182428 vs. 3.408020050182428
list:
dist: 2.629520431147941 vs. 2.629520431147941
list:
dist: 2.3997732527867286 vs. 2.3997732527867286
list:
dist: 3.351378777203722 vs. 3.351378777203722
list:
dist: 3.6104700457029746 vs. 3.6104700457029746
list:
dist: 2.471776820945695 vs. 2.471776820945695
list:
dist: 1.4894627521640778 vs. 1.4894627521640778
list:
dist: 2.6240757200722196 vs. 2.6240757200722196
list:
dist: 1.5035881066349897 vs. 1.5035881066349897
list:
dist: 1.8842846340380675 vs. 1.8842846340380675
list:
dist: 3.3773217255752197 vs. 3.3773217255752197
list:
dist: 2.1998944147982487 vs. 2.1998944147982487
list:
dist: 3.271079703758915 vs. 3.271079703758915
list:
dist: 0.5686988815847615 vs. 0.5686988815847615
list:
dist: 0.7530674624010705 vs. 0.7530674624010705
list:
dist: 0.9857304366336573 vs. 0.9857304366336573
list:
dist: 1.0105991280998137 vs. 1.0105991280998137
list:
dist: 1.5200183765157256 vs. 1.5200183765157256
list:
dist: 0.9083418006285221 vs. 0.9083418006285221
list:
dist: 0.8123491712129554 vs. 0.8123491712129554
list:
dist: 1.2730380264407388 vs. 1.2730380264407388
list:
dist: 1.2987600512863011 vs. 1.2987600512863011
list:
dist: 2.553087349357383 vs. 2.553087349357383
list:
dist: 2.4972690528807124 vs. 2.4972690528807124
list:
dist: 2.4723380242705626 vs. 2.4723380242705626
list:
dist: 2.284522358405322 vs. 2.284522358405322
list:
dist: 1.9342776743900203 vs. 1.9342776743900203
list:
dist: 1.3598080521275528 vs. 1.3598080521275528
list:
dist: 1.7687253729304848 vs. 1.7687253729304848
list:
dist: 1.7369176815269551 vs. 1.7369176815269551
list:
dist: 2.0589616831894904 vs. 2.0589616831894904
list:
dist: 3.768728197040725 vs. 3.768728197040725
list:
dist: 2.3767789836603925 vs. 2.3767789836603925
list:
dist: 2.36537267503107 vs. 2.36537267503107
list:
dist: 3.3217618476712576 vs. 3.3217618476712576
list:
dist: 2.252981382326896 vs. 2.252981382326896
list:
dist: 2.412874330555121 vs. 2.412874330555121
list:
dist: 4.2696865833286415 vs. 4.2696865833286415
list:
dist: 2.129019119923879 vs. 2.129019119923879
list:
dist: 2.6807873344864275 vs. 2.6807873344864275
list:
dist: 1.1694379918847504 vs. 1.1694379918847504
list:
dist: 1.0105991280998137 vs. 1.0105991280998137
list:
dist: 1.7525819634364204 vs. 1.7525819634364204
list:
dist: 1.4045175093326767 vs. 1.4045175093326767
list:
dist: 1.6010177215881256 vs. 1.6010177215881256
list:
dist: 1.9113234229380751 vs. 1.9113234229380751
list:
dist: 0.9903262732141254 vs. 0.9903262732141254
list:
dist: 1.1235356814199242 vs. 1.1235356814199242
list:
dist: 2.0709243721521218 vs. 2.0709243721521218
list:
dist: 2.9704652293067126 vs. 2.9704652293067126
list:
dist: 3.4668907316073456 vs. 3.4668907316073456
list:
dist: 3.338778159103893 vs. 3.338778159103893
list:
dist: 2.9461535425195158 vs. 2.9461535425195158
list:
dist: 2.4662734797970276 vs. 2.4662734797970276
list:
dist: 1.4791025082229963 vs. 1.4791025082229963
list:
dist: 2.582248498326759 vs. 2.582248498326759
list:
dist: 2.204171069957477 vs. 2.204171069957477
list:
dist: 2.0809485287076175 vs. 2.0809485287076175
list:
dist: 5.464771163548445 vs. 5.464771163548445
list:
dist: 4.59748431997381 vs. 4.59748431997381
list:
dist: 4.1542541237127955 vs. 4.1542541237127955
list:
dist: 3.074375449591672 vs. 3.074375449591672
list:
dist: 3.357031839732658 vs. 3.357031839732658
list:
dist: 2.5523635853266837 vs. 2.5523635853266837
list:
dist: 4.00655526654552 vs. 4.00655526654552
list:
dist: 3.843232554579057 vs. 3.843232554579057
list:
dist: 0.5577882850779613 vs. 0.5577882850779613
list:
dist: 1.1896515822303024 vs. 1.1896515822303024
list:
dist: 1.16023829802857 vs. 1.16023829802857
list:
dist: 3.015263265138383 vs. 3.015263265138383
list:
dist: 2.238378441463258 vs. 2.238378441463258
list:
dist: 3.4717496156694 vs. 3.4717496156694
list:
dist: 1.7678447223245677 vs. 1.7678447223245677
list:
dist: 1.5035881066349897 vs. 1.5035881066349897
list:
dist: 1.2805829569250675 vs. 1.2805829569250675
list:
dist: 0.985427234674945 vs. 0.985427234674945
list:
dist: 2.252981382326896 vs. 2.252981382326896
list:
dist: 2.2466410568678685 vs. 2.2466410568678685
list:
dist: 1.0683228945375656 vs. 1.0683228945375656
list:
dist: 1.35477895096295 vs. 1.35477895096295
list:
dist: 2.7517158450094947 vs. 2.7517158450094947
list:
dist: 2.2468461030626856 vs. 2.2468461030626856
list:
dist: 2.629084733513946 vs. 2.629084733513946
list:
dist: 1.3338834034855824 vs. 1.3338834034855824
list:
dist: 1.6035811779328157 vs. 1.6035811779328157
list:
dist: 1.2395290455990045 vs. 1.2395290455990045
list:
dist: 1.8080850579800862 vs. 1.8080850579800862
list:
dist: 0.8141124420196735 vs. 0.8141124420196735
list:
dist: 1.3624195979209075 vs. 1.3624195979209075
list:
dist: 1.7389024223483005 vs. 1.7389024223483005
list:
dist: 1.7061693308800534 vs. 1.7061693308800534
list:
dist: 2.9515162294376283 vs. 2.9515162294376283
list:
dist: 3.1156999536853434 vs. 3.1156999536853434
list:
dist: 2.85359530813307 vs. 2.85359530813307
list:
dist: 2.9439975693194658 vs. 2.9439975693194658
list:
dist: 1.4135773009128845 vs. 1.4135773009128845
list:
dist: 1.8204521017920896 vs. 1.8204521017920896
list:
dist: 1.6035811779328157 vs. 1.6035811779328157
list:
dist: 2.4081902075915087 vs. 2.4081902075915087
list:
dist: 2.4250153534793415 vs. 2.4250153534793415
list:
dist: 3.684646957796315 vs. 3.684646957796315
list:
dist: 5.065455776329107 vs. 5.065455776329107
list:
dist: 2.6957670951868087 vs. 2.6957670951868087
list:
dist: 2.4972690528807124 vs. 2.4972690528807124
list:
dist: 1.8836117610627776 vs. 1.8836117610627776
list:
dist: 2.4806509819674307 vs. 2.4806509819674307
list:
dist: 3.4668907316073456 vs. 3.4668907316073456
list:
dist: 3.3812408782617953 vs. 3.3812408782617953
list:
dist: 1.6074143454224643 vs. 1.6074143454224643
list:
dist: 2.7092195717457224 vs. 2.7092195717457224
list:
dist: 3.579979837408071 vs. 3.579979837408071
list:
dist: 2.3630619752567266 vs. 2.3630619752567266
list:
dist: 2.536292721535623 vs. 2.536292721535623
list:
dist: 2.4212500251977085 vs. 2.4212500251977085
list:
dist: 0.7579030777612773 vs. 0.7579030777612773
list:
dist: 1.7626528712595344 vs. 1.7626528712595344
list:
dist: 1.9847441295721961 vs. 1.9847441295721961
list:
dist: 2.7381524425798442 vs. 2.7381524425798442
list:
dist: 1.5391216592823658 vs. 1.5391216592823658
list:
dist: 2.2563022174835856 vs. 2.2563022174835856
list:
dist: 3.4472460775646794 vs. 3.4472460775646794
list:
dist: 2.7427763163404544 vs. 2.7427763163404544
list:
dist: 2.3473979696505114 vs. 2.3473979696505114
list:
dist: 3.7167370601057446 vs. 3.7167370601057446
list:
dist: 3.2713250805388023 vs. 3.2713250805388023
list:
dist: 3.7167370601057446 vs. 3.7167370601057446
list:
dist: 3.351378777203722 vs. 3.351378777203722
list:
dist: 2.080323576240715 vs. 2.080323576240715
list:
dist: 3.0715140402218917 vs. 3.0715140402218917
list:
dist: 3.2554263835585053 vs. 3.2554263835585053
list:
dist: 2.852737233095809 vs. 2.852737233095809
list:
dist: 2.288607642171729 vs. 2.288607642171729
list:
dist: 2.957594639258857 vs. 2.957594639258857
list:
dist: 1.6487977044525322 vs. 1.6487977044525322
list:
dist: 2.040042152877097 vs. 2.040042152877097
list:
dist: 3.132687502910144 vs. 3.132687502910144
list:
dist: 4.11390024706093 vs. 4.11390024706093
list:
dist: 2.9515162294376283 vs. 2.9515162294376283
list:
dist: 3.773821473949633 vs. 3.773821473949633
list:
dist: 4.983292574543461 vs. 4.983292574543461
list:
dist: 4.028156016965154 vs. 4.028156016965154
list:
dist: 4.47945320683521 vs. 4.47945320683521
list:
dist: 2.511044973958952 vs. 2.511044973958952
list:
dist: 2.0589616831894904 vs. 2.0589616831894904
list:
dist: 2.460314756319604 vs. 2.460314756319604
list:
dist: 2.726515410008803 vs. 2.726515410008803
list:
dist: 2.0809485287076175 vs. 2.0809485287076175
list:
dist: 3.456138130201607 vs. 3.456138130201607
list:
dist: 2.4093357818851087 vs. 2.4093357818851087
list:
dist: 2.1290440346990187 vs. 2.1290440346990187
list:
dist: 2.3117893533965743 vs. 2.3117893533965743
list:
dist: 2.2075267531798315 vs. 2.2075267531798315
list:
dist: 3.485696343556683 vs. 3.485696343556683
list:
dist: 3.4472460775646794 vs. 3.4472460775646794
list:
dist: 3.408020050182428 vs. 3.408020050182428
list:
dist: 2.201578611097774 vs. 2.201578611097774
list:
dist: 2.8788099752810536 vs. 2.8788099752810536
list:
dist: 2.2003148059556654 vs. 2.2003148059556654
list:
dist: 1.9405218265936761 vs. 1.9405218265936761
list:
dist: 1.5686716674141035 vs. 1.5686716674141035
list:
dist: 1.6273911995907577 vs. 1.6273911995907577
list:
dist: 2.155335409758146 vs. 2.155335409758146
list:
dist: 2.957594639258857 vs. 2.957594639258857
list:
dist: 3.017512168832687 vs. 3.017512168832687
list:
dist: 2.7427763163404544 vs. 2.7427763163404544
list:
dist: 2.629520431147941 vs. 2.629520431147941
list:
dist: 1.1378245138602916 vs. 1.1378245138602916
list:
dist: 2.497053630835481 vs. 2.497053630835481
list:
dist: 2.4740945696061067 vs. 2.4740945696061067
list:
dist: 1.4395682440689828 vs. 1.4395682440689828
list:
dist: 1.1969023858434769 vs. 1.1969023858434769
list:
dist: 1.6273911995907577 vs. 1.6273911995907577
list:
dist: 0.7885930142359935 vs. 0.7885930142359935
list:
dist: 1.6487977044525322 vs. 1.6487977044525322
list:
dist: 2.0380120307409797 vs. 2.0380120307409797
list:
dist: 2.7354263657460725 vs. 2.7354263657460725
list:
dist: 1.7061693308800534 vs. 1.7061693308800534
list:
dist: 2.762883183335014 vs. 2.762883183335014
list:
dist: 4.224536819119648 vs. 4.224536819119648
list:
dist: 3.4008496287937438 vs. 3.4008496287937438
list:
dist: 4.089983686740324 vs. 4.089983686740324
list:
dist: 2.291639541388866 vs. 2.291639541388866
list:
dist: 1.7369176815269551 vs. 1.7369176815269551
list:
dist: 1.885607296307619 vs. 1.885607296307619
list:
dist: 1.9107164843797537 vs. 1.9107164843797537
list:
dist: 2.204171069957477 vs. 2.204171069957477
list:
dist: 3.1733718667375275 vs. 3.1733718667375275
list:
dist: 1.6474363121794162 vs. 1.6474363121794162
list:
dist: 1.5239475385235015 vs. 1.5239475385235015
list:
dist: 2.7588239035938886 vs. 2.7588239035938886
list:
dist: 2.2318840034111393 vs. 2.2318840034111393
list:
dist: 2.0377492113232214 vs. 2.0377492113232214
list:
dist: 2.2563022174835856 vs. 2.2563022174835856
list:
dist: 1.987855958926624 vs. 1.987855958926624
list:
dist: 0.8428584688702291 vs. 0.8428584688702291
list:
dist: 1.4367455311700326 vs. 1.4367455311700326
list:
dist: 1.3063611864773386 vs. 1.3063611864773386
list:
dist: 1.08153878037181 vs. 1.08153878037181
list:
dist: 1.5686716674141035 vs. 1.5686716674141035
list:
dist: 1.1969023858434769 vs. 1.1969023858434769
list:
dist: 1.603926362275077 vs. 1.603926362275077
list:
dist: 2.288607642171729 vs. 2.288607642171729
list:
dist: 1.7943939903601966 vs. 1.7943939903601966
list:
dist: 2.3612251105012243 vs. 2.3612251105012243
list:
dist: 1.3624195979209075 vs. 1.3624195979209075
list:
dist: 1.9704054670995568 vs. 1.9704054670995568
list:
dist: 2.238654835088104 vs. 2.238654835088104
list:
dist: 2.793899251063013 vs. 2.793899251063013
list:
dist: 1.8279096650545834 vs. 1.8279096650545834
list:
dist: 1.3598080521275528 vs. 1.3598080521275528
list:
dist: 1.7933477377846727 vs. 1.7933477377846727
list:
dist: 0.9815046130056014 vs. 0.9815046130056014
list:
dist: 1.4791025082229963 vs. 1.4791025082229963
list:
dist: 2.3361216140574372 vs. 2.3361216140574372
list:
dist: 1.6892618090986888 vs. 1.6892618090986888
list:
dist: 0.6038929518333085 vs. 0.6038929518333085
list:
dist: 2.4097581840939006 vs. 2.4097581840939006
list:
dist: 1.5812231812364672 vs. 1.5812231812364672
list:
dist: 2.7381524425798442 vs. 2.7381524425798442
list:
dist: 2.3315496147957337 vs. 2.3315496147957337
list:
dist: 1.9515226066435483 vs. 1.9515226066435483
list:
dist: 1.1315745832088893 vs. 1.1315745832088893
list:
dist: 2.044334292477715 vs. 2.044334292477715
list:
dist: 1.3063611864773386 vs. 1.3063611864773386
list:
dist: 2.2003148059556654 vs. 2.2003148059556654
list:
dist: 2.4740945696061067 vs. 2.4740945696061067
list:
dist: 2.8975860938569213 vs. 2.8975860938569213
list:
dist: 3.2554263835585053 vs. 3.2554263835585053
list:
dist: 2.956967211384156 vs. 2.956967211384156
list:
dist: 4.619553080222327 vs. 4.619553080222327
list:
dist: 4.556354342432812 vs. 4.556354342432812
list:
dist: 1.362002614152621 vs. 1.362002614152621
list:
dist: 1.467240418263992 vs. 1.467240418263992
list:
dist: 0.8141124420196735 vs. 0.8141124420196735
list:
dist: 1.7390986933816914 vs. 1.7390986933816914
list:
dist: 3.7715357846800144 vs. 3.7715357846800144
list:
dist: 2.5937342415786153 vs. 2.5937342415786153
list:
dist: 3.454222881810204 vs. 3.454222881810204
list:
dist: 2.3367276855367924 vs. 2.3367276855367924
list:
dist: 1.9342776743900203 vs. 1.9342776743900203
list:
dist: 1.9248226899593315 vs. 1.9248226899593315
list:
dist: 1.3589375021396075 vs. 1.3589375021396075
list:
dist: 2.4662734797970276 vs. 2.4662734797970276
list:
dist: 2.828993472523311 vs. 2.828993472523311
list:
dist: 1.6775058075732654 vs. 1.6775058075732654
list:
dist: 1.4762370018728619 vs. 1.4762370018728619
list:
dist: 3.188432625874371 vs. 3.188432625874371
list:
dist: 2.784892257463444 vs. 2.784892257463444
list:
dist: 2.1085618837471207 vs. 2.1085618837471207
list:
dist: 0.7015155558688585 vs. 0.7015155558688585
list:
dist: 1.9847441295721961 vs. 1.9847441295721961
list:
dist: 1.380488358784811 vs. 1.380488358784811
list:
dist: 1.5459632192650488 vs. 1.5459632192650488
list:
dist: 1.1315745832088893 vs. 1.1315745832088893
list:
dist: 1.8821701344551254 vs. 1.8821701344551254
list:
dist: 1.4367455311700326 vs. 1.4367455311700326
list:
dist: 2.8788099752810536 vs. 2.8788099752810536
list:
dist: 2.497053630835481 vs. 2.497053630835481
list:
dist: 2.691742578039673 vs. 2.691742578039673
list:
dist: 3.0715140402218917 vs. 3.0715140402218917
list:
dist: 3.7675867653064747 vs. 3.7675867653064747
list:
dist: 2.978255523636241 vs. 2.978255523636241
list:
dist: 2.3812811426479303 vs. 2.3812811426479303
list:
dist: 2.629084733513946 vs. 2.629084733513946
list:
dist: 3.4565146105136453 vs. 3.4565146105136453
list:
dist: 1.8680022579707913 vs. 1.8680022579707913
list:
dist: 2.536292721535623 vs. 2.536292721535623
list:
dist: 1.8937574018515904 vs. 1.8937574018515904
list:
dist: 2.2265375058873307 vs. 2.2265375058873307
list:
dist: 2.1085618837471207 vs. 2.1085618837471207
list:
dist: 3.525684925550004 vs. 3.525684925550004
list:
dist: 3.219383891854368 vs. 3.219383891854368
list:
dist: 2.9984389357236445 vs. 2.9984389357236445
list:
dist: 1.247390862854583 vs. 1.247390862854583
list:
dist: 1.3346941591750476 vs. 1.3346941591750476
list:
dist: 1.3823455245413683 vs. 1.3823455245413683
list:
dist: 0.9385585221852011 vs. 0.9385585221852011
list:
dist: 0.6846287978407364 vs. 0.6846287978407364
list:
dist: 2.257733030558258 vs. 2.257733030558258
list:
dist: 2.3168249907692466 vs. 2.3168249907692466
list:
dist: 1.9293805744290586 vs. 1.9293805744290586
list:
dist: 1.5640931468441446 vs. 1.5640931468441446
list:
dist: 2.2577853188832107 vs. 2.2577853188832107
list:
dist: 1.3742554080130311 vs. 1.3742554080130311
list:
dist: 2.550601806515999 vs. 2.550601806515999
list:
dist: 2.9413868024723584 vs. 2.9413868024723584
list:
dist: 2.440478126354943 vs. 2.440478126354943
list:
dist: 2.878260445550383 vs. 2.878260445550383
list:
dist: 1.8646164734862531 vs. 1.8646164734862531
list:
dist: 2.9625206235341275 vs. 2.9625206235341275
list:
dist: 3.1900550417515605 vs. 3.1900550417515605
list:
dist: 1.80606582928344 vs. 1.80606582928344
list:
dist: 1.0789284376385542 vs. 1.0789284376385542
list:
dist: 1.3823455245413683 vs. 1.3823455245413683
list:
dist: 1.1340111867300833 vs. 1.1340111867300833
list:
dist: 1.794276446563263 vs. 1.794276446563263
list:
dist: 1.8066769343969342 vs. 1.8066769343969342
list:
dist: 3.543652917721663 vs. 3.543652917721663
list:
dist: 1.608303681068096 vs. 1.608303681068096
list:
dist: 0.8887531695759938 vs. 0.8887531695759938
list:
dist: 1.4661519611636302 vs. 1.4661519611636302
list:
dist: 2.1856394234366903 vs. 2.1856394234366903
list:
dist: 1.0590254232215048 vs. 1.0590254232215048
list:
dist: 3.6187405930396443 vs. 3.6187405930396443
list:
dist: 3.8974515513634715 vs. 3.8974515513634715
list:
dist: 4.1542541237127955 vs. 4.1542541237127955
list:
dist: 3.8228646606090546 vs. 3.8228646606090546
list:
dist: 1.1843071189789616 vs. 1.1843071189789616
list:
dist: 2.77333827543645 vs. 2.77333827543645
list:
dist: 2.005409330770131 vs. 2.005409330770131
list:
dist: 2.179787080955901 vs. 2.179787080955901
list:
dist: 2.0044959031351484 vs. 2.0044959031351484
list:
dist: 2.012497437339943 vs. 2.012497437339943
list:
dist: 2.3594020334797876 vs. 2.3594020334797876
list:
dist: 2.036054175201367 vs. 2.036054175201367
list:
dist: 1.6019105297872032 vs. 1.6019105297872032
list:
dist: 1.4661519611636302 vs. 1.4661519611636302
list:
dist: 1.5640931468441446 vs. 1.5640931468441446
list:
dist: 0.7032152535150803 vs. 0.7032152535150803
list:
dist: 1.957084303201545 vs. 1.957084303201545
list:
dist: 1.8559125889729469 vs. 1.8559125889729469
list:
dist: 1.2233501623111345 vs. 1.2233501623111345
list:
dist: 1.0987720916050072 vs. 1.0987720916050072
list:
dist: 0.8626799172575137 vs. 0.8626799172575137
list:
dist: 0.6611357458277409 vs. 0.6611357458277409
list:
dist: 2.047781418321966 vs. 2.047781418321966
list:
dist: 1.8738681778187212 vs. 1.8738681778187212
list:
dist: 1.0474573969619736 vs. 1.0474573969619736
list:
dist: 2.0123721420363623 vs. 2.0123721420363623
list:
dist: 1.1701573757457524 vs. 1.1701573757457524
list:
dist: 1.8010633309524007 vs. 1.8010633309524007
list:
dist: 2.580166451976792 vs. 2.580166451976792
list:
dist: 2.3755198691517023 vs. 2.3755198691517023
list:
dist: 3.1960002581461695 vs. 3.1960002581461695
list:
dist: 3.8496876302625016 vs. 3.8496876302625016
list:
dist: 3.284959479917099 vs. 3.284959479917099
list:
dist: 3.3210965185923342 vs. 3.3210965185923342
list:
dist: 3.30220892137592 vs. 3.30220892137592
list:
dist: 3.71829133559945 vs. 3.71829133559945
list:
dist: 2.009564131830265 vs. 2.009564131830265
list:
dist: 2.2072009893070064 vs. 2.2072009893070064
list:
dist: 1.4950654159007666 vs. 1.4950654159007666
list:
dist: 1.608303681068096 vs. 1.608303681068096
list:
dist: 2.3168249907692466 vs. 2.3168249907692466
list:
dist: 1.679300943286782 vs. 1.679300943286782
list:
dist: 2.5125000140758504 vs. 2.5125000140758504
list:
dist: 2.586159243412383 vs. 2.586159243412383
list:
dist: 3.794208443722775 vs. 3.794208443722775
list:
dist: 0.9249053267263587 vs. 0.9249053267263587
list:
dist: 1.2233501623111345 vs. 1.2233501623111345
list:
dist: 1.7489350375751107 vs. 1.7489350375751107
list:
dist: 1.5301288060686573 vs. 1.5301288060686573
list:
dist: 3.544556042733553 vs. 3.544556042733553
list:
dist: 3.6793553529374647 vs. 3.6793553529374647
list:
dist: 4.00655526654552 vs. 4.00655526654552
list:
dist: 4.077829830112382 vs. 4.077829830112382
list:
dist: 1.5886683763562282 vs. 1.5886683763562282
list:
dist: 2.705433427773545 vs. 2.705433427773545
list:
dist: 1.6267198655702453 vs. 1.6267198655702453
list:
dist: 2.481886114606932 vs. 2.481886114606932
list:
dist: 2.2989903515265038 vs. 2.2989903515265038
list:
dist: 1.7857909775315433 vs. 1.7857909775315433
list:
dist: 2.9401064960128873 vs. 2.9401064960128873
list:
dist: 2.3364668467269305 vs. 2.3364668467269305
list:
dist: 2.85359530813307 vs. 2.85359530813307
list:
dist: 3.4337938204976557 vs. 3.4337938204976557
list:
dist: 4.582596975960285 vs. 4.582596975960285
list:
dist: 4.619553080222327 vs. 4.619553080222327
list:
dist: 3.171116489748458 vs. 3.171116489748458
list:
dist: 3.6998782656908533 vs. 3.6998782656908533
list:
dist: 3.1071913973175835 vs. 3.1071913973175835
list:
dist: 2.9721883639433178 vs. 2.9721883639433178
list:
dist: 3.290316317992836 vs. 3.290316317992836
list:
dist: 3.3768363415592293 vs. 3.3768363415592293
list:
dist: 2.3351841818431933 vs. 2.3351841818431933
list:
dist: 3.2277013219913235 vs. 3.2277013219913235
list:
dist: 2.3473979696505114 vs. 2.3473979696505114
list:
dist: 2.3997732527867286 vs. 2.3997732527867286
list:
dist: 1.1575940702469683 vs. 1.1575940702469683
list:
dist: 2.691742578039673 vs. 2.691742578039673
list:
dist: 2.8975860938569213 vs. 2.8975860938569213
list:
dist: 1.2764176054403296 vs. 1.2764176054403296
list:
dist: 1.603926362275077 vs. 1.603926362275077
list:
dist: 2.155335409758146 vs. 2.155335409758146
list:
dist: 0.7885930142359935 vs. 0.7885930142359935
list:
dist: 2.040042152877097 vs. 2.040042152877097
list:
dist: 4.175311588982321 vs. 4.175311588982321
list:
dist: 4.582596975960285 vs. 4.582596975960285
list:
dist: 4.61648694401274 vs. 4.61648694401274
list:
dist: 2.0782639486268195 vs. 2.0782639486268195
list:
dist: 2.5878761577623424 vs. 2.5878761577623424
list:
dist: 1.8080850579800862 vs. 1.8080850579800862
list:
dist: 2.9663427094515904 vs. 2.9663427094515904
list:
dist: 4.026788763321372 vs. 4.026788763321372
list:
dist: 3.871302977366789 vs. 3.871302977366789
list:
dist: 4.724547986924408 vs. 4.724547986924408
list:
dist: 2.7783937786781325 vs. 2.7783937786781325
list:
dist: 2.284522358405322 vs. 2.284522358405322
list:
dist: 2.1591705249903326 vs. 2.1591705249903326
list:
dist: 2.379107186247859 vs. 2.379107186247859
list:
dist: 2.9461535425195158 vs. 2.9461535425195158
list:
dist: 3.6645235523458597 vs. 3.6645235523458597
list:
dist: 1.8458081055400255 vs. 1.8458081055400255
list:
dist: 2.1793512310378715 vs. 2.1793512310378715
list:
dist: 3.375342585731706 vs. 3.375342585731706
list:
dist: 2.4952492300891334 vs. 2.4952492300891334
list:
dist: 2.2265375058873307 vs. 2.2265375058873307
list:
dist: 2.0724084177822446 vs. 2.0724084177822446
list:
dist: 1.7626528712595344 vs. 1.7626528712595344
list:
dist: 1.5100913324296183 vs. 1.5100913324296183
list:
dist: 1.5459632192650488 vs. 1.5459632192650488
list:
dist: 1.9515226066435483 vs. 1.9515226066435483
list:
dist: 0.9286595244274229 vs. 0.9286595244274229
list:
dist: 0.8428584688702291 vs. 0.8428584688702291
list:
dist: 2.201578611097774 vs. 2.201578611097774
list:
dist: 1.1378245138602916 vs. 1.1378245138602916
list:
dist: 1.1575940702469683 vs. 1.1575940702469683
list:
dist: 2.080323576240715 vs. 2.080323576240715
list:
dist: 0.8998635567979014 vs. 0.8998635567979014
list:
dist: 1.80606582928344 vs. 1.80606582928344
list:
dist: 1.247390862854583 vs. 1.247390862854583
list:
dist: 1.7499872200941644 vs. 1.7499872200941644
list:
dist: 0.7536373578855806 vs. 0.7536373578855806
list:
dist: 3.2719978441176005 vs. 3.2719978441176005
list:
dist: 4.20196499030294 vs. 4.20196499030294
list:
dist: 2.2072009893070064 vs. 2.2072009893070064
list:
dist: 2.2314542471717136 vs. 2.2314542471717136
list:
dist: 2.036054175201367 vs. 2.036054175201367
list:
dist: 2.8584147949315266 vs. 2.8584147949315266
list:
dist: 2.131419305469728 vs. 2.131419305469728
list:
dist: 4.9900827996184605 vs. 4.9900827996184605
list:
dist: 4.877684393933025 vs. 4.877684393933025
list:
dist: 5.464771163548445 vs. 5.464771163548445
list:
dist: 5.0922763708100085 vs. 5.0922763708100085
list:
dist: 2.7723918444348294 vs. 2.7723918444348294
list:
dist: 3.81757598090496 vs. 3.81757598090496
list:
dist: 3.0556720906760244 vs. 3.0556720906760244
list:
dist: 3.723907956348867 vs. 3.723907956348867
list:
dist: 2.8344728367606016 vs. 2.8344728367606016
list:
dist: 3.501399236912722 vs. 3.501399236912722
list:
dist: 4.05873160717187 vs. 4.05873160717187
list:
dist: 0.8998635567979014 vs. 0.8998635567979014
list:
dist: 1.0789284376385542 vs. 1.0789284376385542
list:
dist: 1.3346941591750476 vs. 1.3346941591750476
list:
dist: 1.4133985080517149 vs. 1.4133985080517149
list:
dist: 1.2966294194547345 vs. 1.2966294194547345
list:
dist: 2.739724632075363 vs. 2.739724632075363
list:
dist: 3.567586777991026 vs. 3.567586777991026
list:
dist: 1.4950654159007666 vs. 1.4950654159007666
list:
dist: 1.423579397754774 vs. 1.423579397754774
list:
dist: 1.6019105297872032 vs. 1.6019105297872032
list:
dist: 2.4623348770677422 vs. 2.4623348770677422
list:
dist: 1.6139291476906519 vs. 1.6139291476906519
list:
dist: 4.112964483850323 vs. 4.112964483850323
list:
dist: 4.081203917913244 vs. 4.081203917913244
list:
dist: 4.59748431997381 vs. 4.59748431997381
list:
dist: 4.279305136348581 vs. 4.279305136348581
list:
dist: 1.8890472858405563 vs. 1.8890472858405563
list:
dist: 3.3762078505067246 vs. 3.3762078505067246
list:
dist: 2.4919969144511955 vs. 2.4919969144511955
list:
dist: 3.072570389526891 vs. 3.072570389526891
list:
dist: 2.5162233748378036 vs. 2.5162233748378036
list:
dist: 2.7359577822117505 vs. 2.7359577822117505
list:
dist: 3.372356087422598 vs. 3.372356087422598
list:
dist: 2.8584147949315266 vs. 2.8584147949315266
list:
dist: 2.4623348770677422 vs. 2.4623348770677422
list:
dist: 2.1856394234366903 vs. 2.1856394234366903
list:
dist: 2.2577853188832107 vs. 2.2577853188832107
list:
dist: 1.371960327936165 vs. 1.371960327936165
list:
dist: 2.702307785052002 vs. 2.702307785052002
list:
dist: 1.845612039006291 vs. 1.845612039006291
list:
dist: 1.7489350375751107 vs. 1.7489350375751107
list:
dist: 1.665714897984459 vs. 1.665714897984459
list:
dist: 0.8626799172575137 vs. 0.8626799172575137
list:
dist: 1.1876729646692483 vs. 1.1876729646692483
list:
dist: 2.5399181184997426 vs. 2.5399181184997426
list:
dist: 1.1825460983498517 vs. 1.1825460983498517
list:
dist: 0.62868924377446 vs. 0.62868924377446
list:
dist: 1.7842826349659273 vs. 1.7842826349659273
list:
dist: 0.9574287237119705 vs. 0.9574287237119705
list:
dist: 1.6992628930591085 vs. 1.6992628930591085
list:
dist: 2.4770544498913445 vs. 2.4770544498913445
list:
dist: 1.8432366833138836 vs. 1.8432366833138836
list:
dist: 2.541639589739676 vs. 2.541639589739676
list:
dist: 3.2390896657482795 vs. 3.2390896657482795
list:
dist: 2.735304208509114 vs. 2.735304208509114
list:
dist: 2.8466431219575976 vs. 2.8466431219575976
list:
dist: 2.768238783193476 vs. 2.768238783193476
list:
dist: 3.2267199528539363 vs. 3.2267199528539363
list:
dist: 1.308695230035739 vs. 1.308695230035739
list:
dist: 1.7499872200941644 vs. 1.7499872200941644
list:
dist: 1.4133985080517149 vs. 1.4133985080517149
list:
dist: 1.1340111867300833 vs. 1.1340111867300833
list:
dist: 0.9385585221852011 vs. 0.9385585221852011
list:
dist: 1.4775416947859679 vs. 1.4775416947859679
list:
dist: 1.6428496731456936 vs. 1.6428496731456936
list:
dist: 1.679300943286782 vs. 1.679300943286782
list:
dist: 1.2477213024344775 vs. 1.2477213024344775
list:
dist: 0.7032152535150803 vs. 0.7032152535150803
list:
dist: 1.371960327936165 vs. 1.371960327936165
list:
dist: 0.4922988761298191 vs. 0.4922988761298191
list:
dist: 2.0612078715557 vs. 2.0612078715557
list:
dist: 2.1060219015981083 vs. 2.1060219015981083
list:
dist: 1.5028091187550134 vs. 1.5028091187550134
list:
dist: 2.0874116150440774 vs. 2.0874116150440774
list:
dist: 1.1238363215131517 vs. 1.1238363215131517
list:
dist: 2.104725631752197 vs. 2.104725631752197
list:
dist: 2.528219708752685 vs. 2.528219708752685
list:
dist: 0.7536373578855806 vs. 0.7536373578855806
list:
dist: 1.2966294194547345 vs. 1.2966294194547345
list:
dist: 1.794276446563263 vs. 1.794276446563263
list:
dist: 0.6846287978407364 vs. 0.6846287978407364
list:
dist: 1.4775416947859679 vs. 1.4775416947859679
list:
dist: 2.9294792695699083 vs. 2.9294792695699083
list:
dist: 2.5125000140758504 vs. 2.5125000140758504
list:
dist: 2.3279463357756285 vs. 2.3279463357756285
list:
dist: 1.957084303201545 vs. 1.957084303201545
list:
dist: 2.702307785052002 vs. 2.702307785052002
list:
dist: 1.93306304086938 vs. 1.93306304086938
list:
dist: 2.928412504049165 vs. 2.928412504049165
list:
dist: 3.5225522410291266 vs. 3.5225522410291266
list:
dist: 2.9441150894470827 vs. 2.9441150894470827
list:
dist: 3.5083694777872694 vs. 3.5083694777872694
list:
dist: 2.4558420975653648 vs. 2.4558420975653648
list:
dist: 3.4846730346219177 vs. 3.4846730346219177
list:
dist: 3.833101247066114 vs. 3.833101247066114
list:
dist: 3.2719978441176005 vs. 3.2719978441176005
list:
dist: 2.739724632075363 vs. 2.739724632075363
list:
dist: 1.8066769343969342 vs. 1.8066769343969342
list:
dist: 2.257733030558258 vs. 2.257733030558258
list:
dist: 1.6428496731456936 vs. 1.6428496731456936
list:
dist: 2.9294792695699083 vs. 2.9294792695699083
list:
dist: 2.586159243412383 vs. 2.586159243412383
list:
dist: 1.7826135577037026 vs. 1.7826135577037026
list:
dist: 1.8559125889729469 vs. 1.8559125889729469
list:
dist: 1.845612039006291 vs. 1.845612039006291
list:
dist: 1.293487751302671 vs. 1.293487751302671
list:
dist: 2.102424071877899 vs. 2.102424071877899
list:
dist: 1.517250738474109 vs. 1.517250738474109
list:
dist: 1.5310254946862236 vs. 1.5310254946862236
list:
dist: 0.8556705945466684 vs. 0.8556705945466684
list:
dist: 1.2154221922622492 vs. 1.2154221922622492
list:
dist: 1.5827615965265374 vs. 1.5827615965265374
list:
dist: 1.0614166435123613 vs. 1.0614166435123613
list:
dist: 3.6631215741115315 vs. 3.6631215741115315
list:
dist: 2.2314542471717136 vs. 2.2314542471717136
list:
dist: 1.423579397754774 vs. 1.423579397754774
list:
dist: 0.8887531695759938 vs. 0.8887531695759938
list:
dist: 1.9293805744290586 vs. 1.9293805744290586
list:
dist: 1.2477213024344775 vs. 1.2477213024344775
list:
dist: 2.3279463357756285 vs. 2.3279463357756285
list:
dist: 1.7826135577037026 vs. 1.7826135577037026
list:
dist: 3.679298124597132 vs. 3.679298124597132
list:
dist: 0.9249053267263587 vs. 0.9249053267263587
list:
dist: 1.0987720916050072 vs. 1.0987720916050072
list:
dist: 1.665714897984459 vs. 1.665714897984459
list:
dist: 0.9376341270741473 vs. 0.9376341270741473
list:
dist: 3.3188518760157013 vs. 3.3188518760157013
list:
dist: 3.670789526383599 vs. 3.670789526383599
list:
dist: 3.843232554579057 vs. 3.843232554579057
list:
dist: 3.766407033462535 vs. 3.766407033462535
list:
dist: 0.9555219096298957 vs. 0.9555219096298957
list:
dist: 2.3344172101997254 vs. 2.3344172101997254
list:
dist: 1.3675271130034707 vs. 1.3675271130034707
list:
dist: 1.8029241706333838 vs. 1.8029241706333838
list:
dist: 1.8414420673807361 vs. 1.8414420673807361
list:
dist: 1.3168344348663525 vs. 1.3168344348663525
list:
dist: 2.1524711206115765 vs. 2.1524711206115765
list:
dist: 2.7816061633492217 vs. 2.7816061633492217
list:
dist: 2.9439975693194658 vs. 2.9439975693194658
list:
dist: 3.546799825346969 vs. 3.546799825346969
list:
dist: 4.61648694401274 vs. 4.61648694401274
list:
dist: 4.556354342432812 vs. 4.556354342432812
list:
dist: 3.353056058171522 vs. 3.353056058171522
list:
dist: 3.8560015260547673 vs. 3.8560015260547673
list:
dist: 3.216741819225869 vs. 3.216741819225869
list:
dist: 3.264081842180694 vs. 3.264081842180694
list:
dist: 3.1101380891122536 vs. 3.1101380891122536
list:
dist: 3.590278246853355 vs. 3.590278246853355
list:
dist: 2.277833463797541 vs. 2.277833463797541
list:
dist: 2.7723918444348294 vs. 2.7723918444348294
list:
dist: 1.8890472858405563 vs. 1.8890472858405563
list:
dist: 1.1843071189789616 vs. 1.1843071189789616
list:
dist: 2.550601806515999 vs. 2.550601806515999
list:
dist: 2.0612078715557 vs. 2.0612078715557
list:
dist: 2.928412504049165 vs. 2.928412504049165
list:
dist: 2.102424071877899 vs. 2.102424071877899
list:
dist: 3.6656779827513186 vs. 3.6656779827513186
list:
dist: 2.9435588187518933 vs. 2.9435588187518933
list:
dist: 1.5886683763562282 vs. 1.5886683763562282
list:
dist: 0.9555219096298957 vs. 0.9555219096298957
list:
dist: 2.047781418321966 vs. 2.047781418321966
list:
dist: 2.5399181184997426 vs. 2.5399181184997426
list:
dist: 1.7428634977965918 vs. 1.7428634977965918
list:
dist: 2.474095150131271 vs. 2.474095150131271
list:
dist: 2.9049669202968227 vs. 2.9049669202968227
list:
dist: 3.015263265138383 vs. 3.015263265138383
list:
dist: 2.839340228444203 vs. 2.839340228444203
list:
dist: 2.965838351980524 vs. 2.965838351980524
list:
dist: 2.106739229829643 vs. 2.106739229829643
list:
dist: 2.043153104955299 vs. 2.043153104955299
list:
dist: 2.603673082263698 vs. 2.603673082263698
list:
dist: 1.5242827020035372 vs. 1.5242827020035372
list:
dist: 2.08949228398497 vs. 2.08949228398497
list:
dist: 3.1194508894450177 vs. 3.1194508894450177
list:
dist: 3.3773217255752197 vs. 3.3773217255752197
list:
dist: 2.676866304929467 vs. 2.676866304929467
list:
dist: 3.4320726471924035 vs. 3.4320726471924035
list:
dist: 4.2696865833286415 vs. 4.2696865833286415
list:
dist: 3.278013838927135 vs. 3.278013838927135
list:
dist: 2.7190461343563075 vs. 2.7190461343563075
list:
dist: 3.8909059175745706 vs. 3.8909059175745706
list:
dist: 3.9149758983300216 vs. 3.9149758983300216
list:
dist: 2.951162754800842 vs. 2.951162754800842
list:
dist: 3.453591113155234 vs. 3.453591113155234
list:
dist: 2.4250153534793415 vs. 2.4250153534793415
list:
dist: 2.9428891978475136 vs. 2.9428891978475136
list:
dist: 4.026788763321372 vs. 4.026788763321372
list:
dist: 3.7715357846800144 vs. 3.7715357846800144
list:
dist: 3.794485403672563 vs. 3.794485403672563
list:
dist: 4.151266731151371 vs. 4.151266731151371
list:
dist: 3.4948184793932016 vs. 3.4948184793932016
list:
dist: 3.5728191140334293 vs. 3.5728191140334293
list:
dist: 3.2525710174959137 vs. 3.2525710174959137
list:
dist: 3.807136278830439 vs. 3.807136278830439
list:
dist: 2.8589291596913173 vs. 2.8589291596913173
list:
dist: 3.440357305540384 vs. 3.440357305540384
list:
dist: 4.224536819119648 vs. 4.224536819119648
list:
dist: 4.983292574543461 vs. 4.983292574543461
list:
dist: 3.501399236912722 vs. 3.501399236912722
list:
dist: 2.7359577822117505 vs. 2.7359577822117505
list:
dist: 2.012497437339943 vs. 2.012497437339943
list:
dist: 2.9625206235341275 vs. 2.9625206235341275
list:
dist: 2.104725631752197 vs. 2.104725631752197
list:
dist: 3.4846730346219177 vs. 3.4846730346219177
list:
dist: 1.5827615965265374 vs. 1.5827615965265374
list:
dist: 1.7857909775315433 vs. 1.7857909775315433
list:
dist: 1.3168344348663525 vs. 1.3168344348663525
list:
dist: 1.8010633309524007 vs. 1.8010633309524007
list:
dist: 1.6992628930591085 vs. 1.6992628930591085
list:
dist: 1.621918355819031 vs. 1.621918355819031
list:
dist: 1.5242827020035372 vs. 1.5242827020035372
list:
dist: 1.736629452704701 vs. 1.736629452704701
list:
dist: 1.0762793230392422 vs. 1.0762793230392422
list:
dist: 0.9691669499654919 vs. 0.9691669499654919
list:
dist: 1.9388904657228865 vs. 1.9388904657228865
list:
dist: 1.3911009745464793 vs. 1.3911009745464793
list:
dist: 2.7719210772660383 vs. 2.7719210772660383
list:
dist: 2.399612297742821 vs. 2.399612297742821
list:
dist: 2.4316760900126155 vs. 2.4316760900126155
list:
dist: 2.818271567845102 vs. 2.818271567845102
list:
dist: 2.1723566653160344 vs. 2.1723566653160344
list:
dist: 2.420763937619323 vs. 2.420763937619323
list:
dist: 1.8395950870154667 vs. 1.8395950870154667
list:
dist: 2.6218019489365934 vs. 2.6218019489365934
list:
dist: 1.451036447379201 vs. 1.451036447379201
list:
dist: 3.64073537522525 vs. 3.64073537522525
list:
dist: 4.05873160717187 vs. 4.05873160717187
list:
dist: 3.372356087422598 vs. 3.372356087422598
list:
dist: 2.3594020334797876 vs. 2.3594020334797876
list:
dist: 3.1900550417515605 vs. 3.1900550417515605
list:
dist: 2.528219708752685 vs. 2.528219708752685
list:
dist: 3.833101247066114 vs. 3.833101247066114
list:
dist: 1.0614166435123613 vs. 1.0614166435123613
list:
dist: 2.9401064960128873 vs. 2.9401064960128873
list:
dist: 2.1524711206115765 vs. 2.1524711206115765
list:
dist: 2.580166451976792 vs. 2.580166451976792
list:
dist: 2.4770544498913445 vs. 2.4770544498913445
list:
dist: 2.086054803923527 vs. 2.086054803923527
list:
dist: 2.08949228398497 vs. 2.08949228398497
list:
dist: 1.9439757435296867 vs. 1.9439757435296867
list:
dist: 1.9542809638767298 vs. 1.9542809638767298
list:
dist: 0.7219744092774142 vs. 0.7219744092774142
list:
dist: 2.131730947101387 vs. 2.131730947101387
list:
dist: 1.3911009745464793 vs. 1.3911009745464793
list:
dist: 2.7014110048966558 vs. 2.7014110048966558
list:
dist: 3.588239061427149 vs. 3.588239061427149
list:
dist: 3.380738264086655 vs. 3.380738264086655
list:
dist: 3.6815320088139276 vs. 3.6815320088139276
list:
dist: 3.1129137871416726 vs. 3.1129137871416726
list:
dist: 3.5458156356331787 vs. 3.5458156356331787
list:
dist: 2.371390088395719 vs. 2.371390088395719
list:
dist: 3.6232222999362156 vs. 3.6232222999362156
list:
dist: 2.331043277874261 vs. 2.331043277874261
list:
dist: 3.86665155618948 vs. 3.86665155618948
list:
dist: 3.171116489748458 vs. 3.171116489748458
list:
dist: 3.353056058171522 vs. 3.353056058171522
list:
dist: 3.1960002581461695 vs. 3.1960002581461695
list:
dist: 2.541639589739676 vs. 2.541639589739676
list:
dist: 3.4492138937168098 vs. 3.4492138937168098
list:
dist: 3.794485403672563 vs. 3.794485403672563
list:
dist: 2.4229207723809 vs. 2.4229207723809
list:
dist: 2.336325171521804 vs. 2.336325171521804
list:
dist: 2.834280404577432 vs. 2.834280404577432
list:
dist: 3.248260745401377 vs. 3.248260745401377
list:
dist: 2.4316760900126155 vs. 2.4316760900126155
list:
dist: 3.380738264086655 vs. 3.380738264086655
list:
dist: 4.073931917223578 vs. 4.073931917223578
list:
dist: 1.335593330543829 vs. 1.335593330543829
list:
dist: 0.7633939004752079 vs. 0.7633939004752079
list:
dist: 0.6755825287709458 vs. 0.6755825287709458
list:
dist: 0.8514790636112428 vs. 0.8514790636112428
list:
dist: 1.4480449203042853 vs. 1.4480449203042853
list:
dist: 1.0278229162246288 vs. 1.0278229162246288
list:
dist: 1.3566407498702655 vs. 1.3566407498702655
list:
dist: 2.0946751026947226 vs. 2.0946751026947226
list:
dist: 1.763369586853186 vs. 1.763369586853186
list:
dist: 1.3644133096546813 vs. 1.3644133096546813
list:
dist: 2.9721883639433178 vs. 2.9721883639433178
list:
dist: 3.264081842180694 vs. 3.264081842180694
list:
dist: 3.3210965185923342 vs. 3.3210965185923342
list:
dist: 2.8466431219575976 vs. 2.8466431219575976
list:
dist: 3.585539650201712 vs. 3.585539650201712
list:
dist: 3.5728191140334293 vs. 3.5728191140334293
list:
dist: 2.9419247082961166 vs. 2.9419247082961166
list:
dist: 2.561803386255203 vs. 2.561803386255203
list:
dist: 3.0654139189145884 vs. 3.0654139189145884
list:
dist: 3.615973824571949 vs. 3.615973824571949
list:
dist: 2.420763937619323 vs. 2.420763937619323
list:
dist: 3.5458156356331787 vs. 3.5458156356331787
list:
dist: 3.746789763576365 vs. 3.746789763576365
list:
dist: 1.5046811631202799 vs. 1.5046811631202799
list:
dist: 0.8514790636112428 vs. 0.8514790636112428
list:
dist: 0.8874502653997217 vs. 0.8874502653997217
list:
dist: 0.6511618027916394 vs. 0.6511618027916394
list:
dist: 1.61864825636569 vs. 1.61864825636569
list:
dist: 0.5085239938742643 vs. 0.5085239938742643
list:
dist: 1.792359217488206 vs. 1.792359217488206
list:
dist: 2.815316322298012 vs. 2.815316322298012
list:
dist: 1.5962766623464066 vs. 1.5962766623464066
list:
dist: 1.728516515382536 vs. 1.728516515382536
list:
dist: 3.81757598090496 vs. 3.81757598090496
list:
dist: 3.3762078505067246 vs. 3.3762078505067246
list:
dist: 2.77333827543645 vs. 2.77333827543645
list:
dist: 2.9413868024723584 vs. 2.9413868024723584
list:
dist: 2.1060219015981083 vs. 2.1060219015981083
list:
dist: 3.5225522410291266 vs. 3.5225522410291266
list:
dist: 1.517250738474109 vs. 1.517250738474109
list:
dist: 2.705433427773545 vs. 2.705433427773545
list:
dist: 2.3344172101997254 vs. 2.3344172101997254
list:
dist: 1.8738681778187212 vs. 1.8738681778187212
list:
dist: 1.1825460983498517 vs. 1.1825460983498517
list:
dist: 1.8035185649343994 vs. 1.8035185649343994
list:
dist: 2.965838351980524 vs. 2.965838351980524
list:
dist: 1.085677158913208 vs. 1.085677158913208
list:
dist: 1.2870876364551094 vs. 1.2870876364551094
list:
dist: 1.1011419747674225 vs. 1.1011419747674225
list:
dist: 1.736629452704701 vs. 1.736629452704701
list:
dist: 1.9439757435296867 vs. 1.9439757435296867
list:
dist: 4.188329233479592 vs. 4.188329233479592
list:
dist: 2.3446438693647487 vs. 2.3446438693647487
list:
dist: 2.4229207723809 vs. 2.4229207723809
list:
dist: 3.021324910437285 vs. 3.021324910437285
list:
dist: 2.5785570480468296 vs. 2.5785570480468296
list:
dist: 2.9419247082961166 vs. 2.9419247082961166
list:
dist: 2.269443702378249 vs. 2.269443702378249
list:
dist: 3.1735533352278984 vs. 3.1735533352278984
list:
dist: 1.1606664787893628 vs. 1.1606664787893628
list:
dist: 2.904830890455153 vs. 2.904830890455153
list:
dist: 2.3351841818431933 vs. 2.3351841818431933
list:
dist: 2.277833463797541 vs. 2.277833463797541
list:
dist: 2.009564131830265 vs. 2.009564131830265
list:
dist: 1.308695230035739 vs. 1.308695230035739
list:
dist: 2.1696781401819565 vs. 2.1696781401819565
list:
dist: 2.8589291596913173 vs. 2.8589291596913173
list:
dist: 1.1606664787893628 vs. 1.1606664787893628
list:
dist: 1.0457687583778763 vs. 1.0457687583778763
list:
dist: 1.6652453035132628 vs. 1.6652453035132628
list:
dist: 1.9050771617984112 vs. 1.9050771617984112
list:
dist: 1.451036447379201 vs. 1.451036447379201
list:
dist: 2.331043277874261 vs. 2.331043277874261
list:
dist: 3.8279199370141668 vs. 3.8279199370141668
list:
dist: 1.3779088832548692 vs. 1.3779088832548692
list:
dist: 1.3566407498702655 vs. 1.3566407498702655
list:
dist: 1.9947323462633504 vs. 1.9947323462633504
list:
dist: 1.5115960807410667 vs. 1.5115960807410667
list:
dist: 1.792359217488206 vs. 1.792359217488206
list:
dist: 1.5529181153309843 vs. 1.5529181153309843
list:
dist: 2.0716899535158246 vs. 2.0716899535158246
list:
dist: 2.569529031454223 vs. 2.569529031454223
list:
dist: 2.616173328065985 vs. 2.616173328065985
list:
dist: 2.428366847922176 vs. 2.428366847922176
list:
dist: 3.723907956348867 vs. 3.723907956348867
list:
dist: 3.072570389526891 vs. 3.072570389526891
list:
dist: 2.179787080955901 vs. 2.179787080955901
list:
dist: 2.878260445550383 vs. 2.878260445550383
list:
dist: 2.0874116150440774 vs. 2.0874116150440774
list:
dist: 3.5083694777872694 vs. 3.5083694777872694
list:
dist: 0.8556705945466684 vs. 0.8556705945466684
list:
dist: 2.481886114606932 vs. 2.481886114606932
list:
dist: 1.8029241706333838 vs. 1.8029241706333838
list:
dist: 2.0123721420363623 vs. 2.0123721420363623
list:
dist: 1.7842826349659273 vs. 1.7842826349659273
list:
dist: 1.6268966119905404 vs. 1.6268966119905404
list:
dist: 2.043153104955299 vs. 2.043153104955299
list:
dist: 1.2870876364551094 vs. 1.2870876364551094
list:
dist: 1.2646879894038037 vs. 1.2646879894038037
list:
dist: 1.5609057025361213 vs. 1.5609057025361213
list:
dist: 0.9691669499654919 vs. 0.9691669499654919
list:
dist: 0.7219744092774142 vs. 0.7219744092774142
list:
dist: 3.075058483469342 vs. 3.075058483469342
list:
dist: 2.922325324302375 vs. 2.922325324302375
list:
dist: 2.834280404577432 vs. 2.834280404577432
list:
dist: 3.243597685322826 vs. 3.243597685322826
list:
dist: 2.6677698586023175 vs. 2.6677698586023175
list:
dist: 3.0654139189145884 vs. 3.0654139189145884
list:
dist: 2.0754606956633332 vs. 2.0754606956633332
list:
dist: 3.213549213677118 vs. 3.213549213677118
list:
dist: 1.6652453035132628 vs. 1.6652453035132628
list:
dist: 3.486313295919805 vs. 3.486313295919805
list:
dist: 2.8344728367606016 vs. 2.8344728367606016
list:
dist: 2.5162233748378036 vs. 2.5162233748378036
list:
dist: 2.0044959031351484 vs. 2.0044959031351484
list:
dist: 1.8646164734862531 vs. 1.8646164734862531
list:
dist: 1.1238363215131517 vs. 1.1238363215131517
list:
dist: 2.4558420975653648 vs. 2.4558420975653648
list:
dist: 1.2154221922622492 vs. 1.2154221922622492
list:
dist: 2.2989903515265038 vs. 2.2989903515265038
list:
dist: 1.8414420673807361 vs. 1.8414420673807361
list:
dist: 1.1701573757457524 vs. 1.1701573757457524
list:
dist: 0.9574287237119705 vs. 0.9574287237119705
list:
dist: 0.9926710200931195 vs. 0.9926710200931195
list:
dist: 2.603673082263698 vs. 2.603673082263698
list:
dist: 1.1011419747674225 vs. 1.1011419747674225
list:
dist: 1.1195873597710209 vs. 1.1195873597710209
list:
dist: 1.5609057025361213 vs. 1.5609057025361213
list:
dist: 1.9388904657228865 vs. 1.9388904657228865
list:
dist: 2.131730947101387 vs. 2.131730947101387
list:
dist: 4.555543816523027 vs. 4.555543816523027
list:
dist: 2.762687740715878 vs. 2.762687740715878
list:
dist: 3.248260745401377 vs. 3.248260745401377
list:
dist: 3.896726926579871 vs. 3.896726926579871
list:
dist: 3.381063083696932 vs. 3.381063083696932
list:
dist: 3.615973824571949 vs. 3.615973824571949
list:
dist: 3.149351759987485 vs. 3.149351759987485
list:
dist: 3.929491380333902 vs. 3.929491380333902
list:
dist: 1.9050771617984112 vs. 1.9050771617984112
list:
dist: 3.996666935782926 vs. 3.996666935782926
list:
dist: 2.131419305469728 vs. 2.131419305469728
list:
dist: 1.6139291476906519 vs. 1.6139291476906519
list:
dist: 1.0590254232215048 vs. 1.0590254232215048
list:
dist: 1.3742554080130311 vs. 1.3742554080130311
list:
dist: 0.4922988761298191 vs. 0.4922988761298191
list:
dist: 1.93306304086938 vs. 1.93306304086938
list:
dist: 1.293487751302671 vs. 1.293487751302671
list:
dist: 1.5301288060686573 vs. 1.5301288060686573
list:
dist: 0.9376341270741473 vs. 0.9376341270741473
list:
dist: 0.6611357458277409 vs. 0.6611357458277409
list:
dist: 1.1876729646692483 vs. 1.1876729646692483
list:
dist: 1.7428634977965918 vs. 1.7428634977965918
list:
dist: 1.8035185649343994 vs. 1.8035185649343994
list:
dist: 1.1258215665869367 vs. 1.1258215665869367
list:
dist: 1.6268966119905404 vs. 1.6268966119905404
list:
dist: 0.9926710200931195 vs. 0.9926710200931195
list:
dist: 1.621918355819031 vs. 1.621918355819031
list:
dist: 2.086054803923527 vs. 2.086054803923527
list:
dist: 2.8396460123723495 vs. 2.8396460123723495
list:
dist: 3.4492138937168098 vs. 3.4492138937168098
list:
dist: 4.049753702594305 vs. 4.049753702594305
list:
dist: 3.4519674671658818 vs. 3.4519674671658818
list:
dist: 3.585539650201712 vs. 3.585539650201712
list:
dist: 3.276348814564627 vs. 3.276348814564627
list:
dist: 3.92368815889939 vs. 3.92368815889939
list:
dist: 2.1696781401819565 vs. 2.1696781401819565
list:
dist: 3.0556720906760244 vs. 3.0556720906760244
list:
dist: 2.4919969144511955 vs. 2.4919969144511955
list:
dist: 2.005409330770131 vs. 2.005409330770131
list:
dist: 2.440478126354943 vs. 2.440478126354943
list:
dist: 1.5028091187550134 vs. 1.5028091187550134
list:
dist: 2.9441150894470827 vs. 2.9441150894470827
list:
dist: 1.5310254946862236 vs. 1.5310254946862236
list:
dist: 1.6267198655702453 vs. 1.6267198655702453
list:
dist: 1.3675271130034707 vs. 1.3675271130034707
list:
dist: 1.0474573969619736 vs. 1.0474573969619736
list:
dist: 0.62868924377446 vs. 0.62868924377446
list:
dist: 1.1258215665869367 vs. 1.1258215665869367
list:
dist: 2.106739229829643 vs. 2.106739229829643
list:
dist: 1.085677158913208 vs. 1.085677158913208
list:
dist: 1.2646879894038037 vs. 1.2646879894038037
list:
dist: 1.1195873597710209 vs. 1.1195873597710209
list:
dist: 1.0762793230392422 vs. 1.0762793230392422
list:
dist: 1.9542809638767298 vs. 1.9542809638767298
list:
dist: 3.839526708946023 vs. 3.839526708946023
list:
dist: 1.8969543360164953 vs. 1.8969543360164953
list:
dist: 2.336325171521804 vs. 2.336325171521804
list:
dist: 2.9532428236543304 vs. 2.9532428236543304
list:
dist: 2.383971491501756 vs. 2.383971491501756
list:
dist: 2.561803386255203 vs. 2.561803386255203
list:
dist: 2.290352981043757 vs. 2.290352981043757
list:
dist: 2.890313033507235 vs. 2.890313033507235
list:
dist: 1.0457687583778763 vs. 1.0457687583778763
list:
dist: 3.5288575021512867 vs. 3.5288575021512867
list:
dist: 2.687117946818265 vs. 2.687117946818265
list:
dist: 1.3644133096546813 vs. 1.3644133096546813
list:
dist: 0.8439012625245056 vs. 0.8439012625245056
list:
dist: 1.342993501280658 vs. 1.342993501280658
list:
dist: 1.728516515382536 vs. 1.728516515382536
list:
dist: 1.6034400354472809 vs. 1.6034400354472809
list:
dist: 1.4133261813699178 vs. 1.4133261813699178
list:
dist: 2.428366847922176 vs. 2.428366847922176
list:
dist: 1.451562814039783 vs. 1.451562814039783
list:
dist: 2.7178921640311393 vs. 2.7178921640311393
list:
dist: 3.1071913973175835 vs. 3.1071913973175835
list:
dist: 3.216741819225869 vs. 3.216741819225869
list:
dist: 3.284959479917099 vs. 3.284959479917099
list:
dist: 2.735304208509114 vs. 2.735304208509114
list:
dist: 3.4519674671658818 vs. 3.4519674671658818
list:
dist: 3.4948184793932016 vs. 3.4948184793932016
list:
dist: 2.5785570480468296 vs. 2.5785570480468296
list:
dist: 2.383971491501756 vs. 2.383971491501756
list:
dist: 2.6677698586023175 vs. 2.6677698586023175
list:
dist: 3.381063083696932 vs. 3.381063083696932
list:
dist: 2.1723566653160344 vs. 2.1723566653160344
list:
dist: 3.1129137871416726 vs. 3.1129137871416726
list:
dist: 3.447311865348395 vs. 3.447311865348395
list:
dist: 1.739872711646127 vs. 1.739872711646127
list:
dist: 0.6755825287709458 vs. 0.6755825287709458
list:
dist: 0.6574977366263188 vs. 0.6574977366263188
list:
dist: 0.6511618027916394 vs. 0.6511618027916394
list:
dist: 1.0014750156308387 vs. 1.0014750156308387
list:
dist: 0.6111523668664296 vs. 0.6111523668664296
list:
dist: 1.5115960807410667 vs. 1.5115960807410667
list:
dist: 2.3189695327743105 vs. 2.3189695327743105
list:
dist: 2.1241261885043263 vs. 2.1241261885043263
list:
dist: 1.342993501280658 vs. 1.342993501280658
list:
dist: 2.904830890455153 vs. 2.904830890455153
list:
dist: 3.5288575021512867 vs. 3.5288575021512867
list:
dist: 3.486313295919805 vs. 3.486313295919805
list:
dist: 3.996666935782926 vs. 3.996666935782926
list:
dist: 3.64073537522525 vs. 3.64073537522525
list:
dist: 3.86665155618948 vs. 3.86665155618948
list:
dist: 2.0946751026947226 vs. 2.0946751026947226
list:
dist: 2.064294957473822 vs. 2.064294957473822
list:
dist: 2.3189695327743105 vs. 2.3189695327743105
list:
dist: 2.815316322298012 vs. 2.815316322298012
list:
dist: 2.1723118089752678 vs. 2.1723118089752678
list:
dist: 2.663894010921719 vs. 2.663894010921719
list:
dist: 2.569529031454223 vs. 2.569529031454223
list:
dist: 1.451562814039783 vs. 1.451562814039783
list:
dist: 3.6998782656908533 vs. 3.6998782656908533
list:
dist: 3.8560015260547673 vs. 3.8560015260547673
list:
dist: 3.8496876302625016 vs. 3.8496876302625016
list:
dist: 3.2390896657482795 vs. 3.2390896657482795
list:
dist: 4.049753702594305 vs. 4.049753702594305
list:
dist: 4.151266731151371 vs. 4.151266731151371
list:
dist: 3.021324910437285 vs. 3.021324910437285
list:
dist: 2.9532428236543304 vs. 2.9532428236543304
list:
dist: 3.243597685322826 vs. 3.243597685322826
list:
dist: 3.896726926579871 vs. 3.896726926579871
list:
dist: 2.818271567845102 vs. 2.818271567845102
list:
dist: 3.6815320088139276 vs. 3.6815320088139276
list:
dist: 3.897977100570622 vs. 3.897977100570622
list:
dist: 2.0192090902406914 vs. 2.0192090902406914
list:
dist: 0.7633939004752079 vs. 0.7633939004752079
list:
dist: 0.6574977366263188 vs. 0.6574977366263188
list:
dist: 0.8874502653997217 vs. 0.8874502653997217
list:
dist: 1.4087057313583855 vs. 1.4087057313583855
list:
dist: 0.6357425772966747 vs. 0.6357425772966747
list:
dist: 1.9947323462633504 vs. 1.9947323462633504
list:
dist: 2.064294957473822 vs. 2.064294957473822
list:
dist: 2.0416533536262738 vs. 2.0416533536262738
list:
dist: 0.8439012625245056 vs. 0.8439012625245056
list:
dist: 1.4106015442620388 vs. 1.4106015442620388
list:
dist: 1.763369586853186 vs. 1.763369586853186
list:
dist: 2.0416533536262738 vs. 2.0416533536262738
list:
dist: 2.1241261885043263 vs. 2.1241261885043263
list:
dist: 1.5962766623464066 vs. 1.5962766623464066
list:
dist: 3.097252198658543 vs. 3.097252198658543
list:
dist: 1.9552241377541468 vs. 1.9552241377541468
list:
dist: 2.616173328065985 vs. 2.616173328065985
list:
dist: 2.7178921640311393 vs. 2.7178921640311393
list:
dist: 3.290316317992836 vs. 3.290316317992836
list:
dist: 3.1101380891122536 vs. 3.1101380891122536
list:
dist: 3.30220892137592 vs. 3.30220892137592
list:
dist: 2.768238783193476 vs. 2.768238783193476
list:
dist: 3.276348814564627 vs. 3.276348814564627
list:
dist: 3.2525710174959137 vs. 3.2525710174959137
list:
dist: 2.269443702378249 vs. 2.269443702378249
list:
dist: 2.290352981043757 vs. 2.290352981043757
list:
dist: 2.0754606956633332 vs. 2.0754606956633332
list:
dist: 3.149351759987485 vs. 3.149351759987485
list:
dist: 1.8395950870154667 vs. 1.8395950870154667
list:
dist: 2.371390088395719 vs. 2.371390088395719
list:
dist: 2.82800644056633 vs. 2.82800644056633
list:
dist: 2.430210323151223 vs. 2.430210323151223
list:
dist: 1.4480449203042853 vs. 1.4480449203042853
list:
dist: 1.4087057313583855 vs. 1.4087057313583855
list:
dist: 1.0014750156308387 vs. 1.0014750156308387
list:
dist: 1.61864825636569 vs. 1.61864825636569
list:
dist: 1.4738927878650896 vs. 1.4738927878650896
list:
dist: 1.5529181153309843 vs. 1.5529181153309843
list:
dist: 2.1723118089752678 vs. 2.1723118089752678
list:
dist: 3.097252198658543 vs. 3.097252198658543
list:
dist: 1.6034400354472809 vs. 1.6034400354472809
list:
dist: 3.3768363415592293 vs. 3.3768363415592293
list:
dist: 3.590278246853355 vs. 3.590278246853355
list:
dist: 3.71829133559945 vs. 3.71829133559945
list:
dist: 3.2267199528539363 vs. 3.2267199528539363
list:
dist: 3.92368815889939 vs. 3.92368815889939
list:
dist: 3.807136278830439 vs. 3.807136278830439
list:
dist: 3.1735533352278984 vs. 3.1735533352278984
list:
dist: 2.890313033507235 vs. 2.890313033507235
list:
dist: 3.213549213677118 vs. 3.213549213677118
list:
dist: 3.929491380333902 vs. 3.929491380333902
list:
dist: 2.6218019489365934 vs. 2.6218019489365934
list:
dist: 3.6232222999362156 vs. 3.6232222999362156
list:
dist: 3.5753827635567754 vs. 3.5753827635567754
list:
dist: 1.9821065708304717 vs. 1.9821065708304717
list:
dist: 1.0278229162246288 vs. 1.0278229162246288
list:
dist: 0.6357425772966747 vs. 0.6357425772966747
list:
dist: 0.6111523668664296 vs. 0.6111523668664296
list:
dist: 0.5085239938742643 vs. 0.5085239938742643
list:
dist: 1.4738927878650896 vs. 1.4738927878650896
list:
dist: 2.0716899535158246 vs. 2.0716899535158246
list:
dist: 2.663894010921719 vs. 2.663894010921719
list:
dist: 1.9552241377541468 vs. 1.9552241377541468
list:
dist: 1.4133261813699178 vs. 1.4133261813699178
list:
dist: 2.3364668467269305 vs. 2.3364668467269305
list:
dist: 2.7816061633492217 vs. 2.7816061633492217
list:
dist: 2.3755198691517023 vs. 2.3755198691517023
list:
dist: 1.8432366833138836 vs. 1.8432366833138836
list:
dist: 2.8396460123723495 vs. 2.8396460123723495
list:
dist: 3.453591113155234 vs. 3.453591113155234
list:
dist: 2.3446438693647487 vs. 2.3446438693647487
list:
dist: 1.8969543360164953 vs. 1.8969543360164953
list:
dist: 2.922325324302375 vs. 2.922325324302375
list:
dist: 2.762687740715878 vs. 2.762687740715878
list:
dist: 2.399612297742821 vs. 2.399612297742821
list:
dist: 3.588239061427149 vs. 3.588239061427149
list:
dist: 1.335593330543829 vs. 1.335593330543829
list:
dist: 2.0192090902406914 vs. 2.0192090902406914
list:
dist: 1.739872711646127 vs. 1.739872711646127
list:
dist: 1.5046811631202799 vs. 1.5046811631202799
list:
dist: 2.430210323151223 vs. 2.430210323151223
list:
dist: 1.9821065708304717 vs. 1.9821065708304717
list:
dist: 1.3779088832548692 vs. 1.3779088832548692
list:
dist: 1.4106015442620388 vs. 1.4106015442620388
list:
dist: 2.687117946818265 vs. 2.687117946818265
list:
dist: 3.219383891854368 vs. 3.219383891854368
list:
dist: 1.123484003623457 vs. 1.123484003623457
list:
dist: 1.7613264511382005 vs. 1.7613264511382005
list:
dist: 2.1867434633742286 vs. 2.1867434633742286
list:
dist: 0.9787096813697779 vs. 0.9787096813697779
list:
dist: 1.386966898908427 vs. 1.386966898908427
list:
dist: 0.985353620740514 vs. 0.985353620740514
list:
dist: 0.6890777363018076 vs. 0.6890777363018076
list:
dist: 2.3304898163180834 vs. 2.3304898163180834
list:
dist: 1.7003617344770823 vs. 1.7003617344770823
list:
dist: 2.0160741446591692 vs. 2.0160741446591692
list:
dist: 2.0213830599511895 vs. 2.0213830599511895
list:
dist: 2.3845053163717873 vs. 2.3845053163717873
list:
dist: 2.325722944978511 vs. 2.325722944978511
list:
dist: 2.5888922029640766 vs. 2.5888922029640766
list:
dist: 2.2478039082462664 vs. 2.2478039082462664
list:
dist: 1.8763492029309419 vs. 1.8763492029309419
list:
dist: 1.9879840652249894 vs. 1.9879840652249894
list:
dist: 1.5265492118964863 vs. 1.5265492118964863
list:
dist: 2.3588307106144044 vs. 2.3588307106144044
list:
dist: 1.3475072185376051 vs. 1.3475072185376051
list:
dist: 1.135285947726308 vs. 1.135285947726308
list:
dist: 0.8252038965888647 vs. 0.8252038965888647
list:
dist: 3.2542562017652603 vs. 3.2542562017652603
list:
dist: 2.9915428430710187 vs. 2.9915428430710187
list:
dist: 2.0801272499034935 vs. 2.0801272499034935
list:
dist: 2.7909268770030558 vs. 2.7909268770030558
list:
dist: 2.2478039082462664 vs. 2.2478039082462664
list:
dist: 1.1524475929356188 vs. 1.1524475929356188
list:
dist: 2.699449676394373 vs. 2.699449676394373
list:
dist: 2.3664806679487556 vs. 2.3664806679487556
list:
dist: 1.610829125188878 vs. 1.610829125188878
list:
dist: 2.2785400368605813 vs. 2.2785400368605813
list:
dist: 2.21333652737016 vs. 2.21333652737016
list:
dist: 1.4345091629020832 vs. 1.4345091629020832
list:
dist: 1.4665613345752717 vs. 1.4665613345752717
list:
dist: 0.953216072868758 vs. 0.953216072868758
list:
dist: 0.838127863524526 vs. 0.838127863524526
list:
dist: 0.9905377517420845 vs. 0.9905377517420845
list:
dist: 1.7400750318418536 vs. 1.7400750318418536
list:
dist: 1.2584638529784264 vs. 1.2584638529784264
list:
dist: 2.2809766756874494 vs. 2.2809766756874494
list:
dist: 2.4903308420984387 vs. 2.4903308420984387
list:
dist: 1.3459052404156704 vs. 1.3459052404156704
list:
dist: 2.1480230683657973 vs. 2.1480230683657973
list:
dist: 2.7320559658834807 vs. 2.7320559658834807
list:
dist: 1.487691548042263 vs. 1.487691548042263
list:
dist: 2.0109647263048895 vs. 2.0109647263048895
list:
dist: 2.6856158690985517 vs. 2.6856158690985517
list:
dist: 2.712510775916322 vs. 2.712510775916322
list:
dist: 2.590071809147256 vs. 2.590071809147256
list:
dist: 1.770797503457123 vs. 1.770797503457123
list:
dist: 2.796443796496423 vs. 2.796443796496423
list:
dist: 2.3845053163717873 vs. 2.3845053163717873
list:
dist: 1.8210345209155039 vs. 1.8210345209155039
list:
dist: 2.1823918689982627 vs. 2.1823918689982627
list:
dist: 2.136052325591183 vs. 2.136052325591183
list:
dist: 1.19734100341945 vs. 1.19734100341945
list:
dist: 1.9984853695041698 vs. 1.9984853695041698
list:
dist: 2.2465128645219172 vs. 2.2465128645219172
list:
dist: 1.0075132620524723 vs. 1.0075132620524723
list:
dist: 0.8988131612155603 vs. 0.8988131612155603
list:
dist: 0.6538928979019671 vs. 0.6538928979019671
list:
dist: 0.38110449886680703 vs. 0.38110449886680703
list:
dist: 1.1287218600188635 vs. 1.1287218600188635
list:
dist: 1.2892127838373992 vs. 1.2892127838373992
list:
dist: 0.9905377517420845 vs. 0.9905377517420845
list:
dist: 2.1617746009388457 vs. 2.1617746009388457
list:
dist: 2.7792483312679868 vs. 2.7792483312679868
list:
dist: 1.6833959968898233 vs. 1.6833959968898233
list:
dist: 2.5856067404354963 vs. 2.5856067404354963
list:
dist: 2.941454668594987 vs. 2.941454668594987
list:
dist: 1.7543161738744926 vs. 1.7543161738744926
list:
dist: 2.4292894749305334 vs. 2.4292894749305334
list:
dist: 2.3193642636103817 vs. 2.3193642636103817
list:
dist: 2.8696447591038297 vs. 2.8696447591038297
list:
dist: 2.551230352306115 vs. 2.551230352306115
list:
dist: 1.9600995151855034 vs. 1.9600995151855034
list:
dist: 2.9984389357236445 vs. 2.9984389357236445
list:
dist: 4.198272173595445 vs. 4.198272173595445
list:
dist: 2.0608803644510134 vs. 2.0608803644510134
list:
dist: 1.7613264511382005 vs. 1.7613264511382005
list:
dist: 2.489445761126533 vs. 2.489445761126533
list:
dist: 2.025159529291322 vs. 2.025159529291322
list:
dist: 1.7603416818014106 vs. 1.7603416818014106
list:
dist: 2.210735187290548 vs. 2.210735187290548
list:
dist: 2.0744917604555893 vs. 2.0744917604555893
list:
dist: 2.3015451921893444 vs. 2.3015451921893444
list:
dist: 1.7742339804173655 vs. 1.7742339804173655
list:
dist: 1.7563889681385145 vs. 1.7563889681385145
list:
dist: 1.5073390015560502 vs. 1.5073390015560502
list:
dist: 1.8210345209155039 vs. 1.8210345209155039
list:
dist: 1.9263898526122396 vs. 1.9263898526122396
list:
dist: 2.2512545588466586 vs. 2.2512545588466586
list:
dist: 1.1524475929356188 vs. 1.1524475929356188
list:
dist: 2.6974898307321524 vs. 2.6974898307321524
list:
dist: 2.6921734559751656 vs. 2.6921734559751656
list:
dist: 1.6661655197421108 vs. 1.6661655197421108
list:
dist: 2.5382325430722297 vs. 2.5382325430722297
list:
dist: 2.606576999079472 vs. 2.606576999079472
list:
dist: 1.571319283166583 vs. 1.571319283166583
list:
dist: 1.6046438234237446 vs. 1.6046438234237446
list:
dist: 1.5142214520367994 vs. 1.5142214520367994
list:
dist: 0.985353620740514 vs. 0.985353620740514
list:
dist: 2.210735187290548 vs. 2.210735187290548
list:
dist: 1.7443308147325514 vs. 1.7443308147325514
list:
dist: 0.7065620617027152 vs. 0.7065620617027152
list:
dist: 0.8404675735282712 vs. 0.8404675735282712
list:
dist: 0.7945926762533984 vs. 0.7945926762533984
list:
dist: 1.8446895774740673 vs. 1.8446895774740673
list:
dist: 1.1703063068910875 vs. 1.1703063068910875
list:
dist: 1.6772089048040153 vs. 1.6772089048040153
list:
dist: 1.724025775880835 vs. 1.724025775880835
list:
dist: 1.9984853695041698 vs. 1.9984853695041698
list:
dist: 1.9153581131216197 vs. 1.9153581131216197
list:
dist: 2.3342084051714767 vs. 2.3342084051714767
list:
dist: 2.2785400368605813 vs. 2.2785400368605813
list:
dist: 1.510493255609949 vs. 1.510493255609949
list:
dist: 2.150037340539751 vs. 2.150037340539751
list:
dist: 1.6230837766468607 vs. 1.6230837766468607
list:
dist: 2.528001287689251 vs. 2.528001287689251
list:
dist: 1.6728640317066423 vs. 1.6728640317066423
list:
dist: 1.3064431059701274 vs. 1.3064431059701274
list:
dist: 1.5585215883467407 vs. 1.5585215883467407
list:
dist: 3.435219449222054 vs. 3.435219449222054
list:
dist: 3.1590167524230903 vs. 3.1590167524230903
list:
dist: 2.2023989263677177 vs. 2.2023989263677177
list:
dist: 2.0025188095334014 vs. 2.0025188095334014
list:
dist: 3.246147275393541 vs. 3.246147275393541
list:
dist: 2.941735709920421 vs. 2.941735709920421
list:
dist: 2.5812355188068716 vs. 2.5812355188068716
list:
dist: 3.525684925550004 vs. 3.525684925550004
list:
dist: 1.123484003623457 vs. 1.123484003623457
list:
dist: 2.0608803644510134 vs. 2.0608803644510134
list:
dist: 1.6565042873588522 vs. 1.6565042873588522
list:
dist: 0.9089036799198937 vs. 0.9089036799198937
list:
dist: 1.774425302775003 vs. 1.774425302775003
list:
dist: 1.5142214520367994 vs. 1.5142214520367994
list:
dist: 1.7263699867723878 vs. 1.7263699867723878
list:
dist: 3.0602445289627305 vs. 3.0602445289627305
list:
dist: 2.0274733355543373 vs. 2.0274733355543373
list:
dist: 2.6693415154092333 vs. 2.6693415154092333
list:
dist: 2.4615001557997624 vs. 2.4615001557997624
list:
dist: 2.796443796496423 vs. 2.796443796496423
list:
dist: 2.2488364278077277 vs. 2.2488364278077277
list:
dist: 3.4095046186118485 vs. 3.4095046186118485
list:
dist: 2.7909268770030558 vs. 2.7909268770030558
list:
dist: 2.867030006594595 vs. 2.867030006594595
list:
dist: 3.1105090857012465 vs. 3.1105090857012465
list:
dist: 2.5098415242103376 vs. 2.5098415242103376
list:
dist: 3.4456815112263 vs. 3.4456815112263
list:
dist: 2.422842044484445 vs. 2.422842044484445
list:
dist: 2.135593614660344 vs. 2.135593614660344
list:
dist: 1.8511592207150591 vs. 1.8511592207150591
list:
dist: 2.2488364278077277 vs. 2.2488364278077277
list:
dist: 2.325722944978511 vs. 2.325722944978511
list:
dist: 1.9263898526122396 vs. 1.9263898526122396
list:
dist: 1.1933085208100318 vs. 1.1933085208100318
list:
dist: 1.701851603195106 vs. 1.701851603195106
list:
dist: 1.1656888392175866 vs. 1.1656888392175866
list:
dist: 1.9153581131216197 vs. 1.9153581131216197
list:
dist: 2.43059119855042 vs. 2.43059119855042
list:
dist: 1.946292064506562 vs. 1.946292064506562
list:
dist: 0.9182977155023273 vs. 0.9182977155023273
list:
dist: 1.5634902175416991 vs. 1.5634902175416991
list:
dist: 1.0910787481816508 vs. 1.0910787481816508
list:
dist: 1.1287218600188635 vs. 1.1287218600188635
list:
dist: 2.3677243908535828 vs. 2.3677243908535828
list:
dist: 1.7400750318418536 vs. 1.7400750318418536
list:
dist: 2.7773120709494243 vs. 2.7773120709494243
list:
dist: 3.441163818318841 vs. 3.441163818318841
list:
dist: 2.3608191878725004 vs. 2.3608191878725004
list:
dist: 3.418964230113202 vs. 3.418964230113202
list:
dist: 3.3020947562486587 vs. 3.3020947562486587
list:
dist: 2.2436400623519543 vs. 2.2436400623519543
list:
dist: 2.69244351352853 vs. 2.69244351352853
list:
dist: 2.9984429760999975 vs. 2.9984429760999975
list:
dist: 3.893711255063375 vs. 3.893711255063375
list:
dist: 3.5517224894123887 vs. 3.5517224894123887
list:
dist: 2.9913160235127156 vs. 2.9913160235127156
list:
dist: 0.9089036799198937 vs. 0.9089036799198937
list:
dist: 0.9787096813697779 vs. 0.9787096813697779
list:
dist: 2.025159529291322 vs. 2.025159529291322
list:
dist: 1.2581723374922658 vs. 1.2581723374922658
list:
dist: 0.9827660363126846 vs. 0.9827660363126846
list:
dist: 0.7065620617027152 vs. 0.7065620617027152
list:
dist: 1.2477947006397185 vs. 1.2477947006397185
list:
dist: 2.292483604417063 vs. 2.292483604417063
list:
dist: 1.2691161093424064 vs. 1.2691161093424064
list:
dist: 1.9835467301608736 vs. 1.9835467301608736
list:
dist: 1.8374077274830054 vs. 1.8374077274830054
list:
dist: 2.136052325591183 vs. 2.136052325591183
list:
dist: 1.701851603195106 vs. 1.701851603195106
list:
dist: 2.7512198519559656 vs. 2.7512198519559656
list:
dist: 2.3664806679487556 vs. 2.3664806679487556
list:
dist: 2.1766467817195427 vs. 2.1766467817195427
list:
dist: 2.6866796736531127 vs. 2.6866796736531127
list:
dist: 2.016595593092308 vs. 2.016595593092308
list:
dist: 3.0127804558057587 vs. 3.0127804558057587
list:
dist: 2.1278324291061153 vs. 2.1278324291061153
list:
dist: 1.6683355082274742 vs. 1.6683355082274742
list:
dist: 1.728972310208952 vs. 1.728972310208952
list:
dist: 2.6828091592385754 vs. 2.6828091592385754
list:
dist: 3.831468221858937 vs. 3.831468221858937
list:
dist: 3.5508021322490313 vs. 3.5508021322490313
list:
dist: 3.083719569171304 vs. 3.083719569171304
list:
dist: 1.8511592207150591 vs. 1.8511592207150591
list:
dist: 0.8252038965888647 vs. 0.8252038965888647
list:
dist: 1.6046438234237446 vs. 1.6046438234237446
list:
dist: 2.852607916788182 vs. 2.852607916788182
list:
dist: 1.728972310208952 vs. 1.728972310208952
list:
dist: 1.757355877313629 vs. 1.757355877313629
list:
dist: 1.5585215883467407 vs. 1.5585215883467407
list:
dist: 0.8989603164230142 vs. 0.8989603164230142
list:
dist: 2.2442725157056853 vs. 2.2442725157056853
list:
dist: 2.0047995082316445 vs. 2.0047995082316445
list:
dist: 1.9464148620057231 vs. 1.9464148620057231
list:
dist: 2.0698967205918937 vs. 2.0698967205918937
list:
dist: 2.4292894749305334 vs. 2.4292894749305334
list:
dist: 2.69244351352853 vs. 2.69244351352853
list:
dist: 2.2801456707220398 vs. 2.2801456707220398
list:
dist: 2.0109647263048895 vs. 2.0109647263048895
list:
dist: 1.734747537538694 vs. 1.734747537538694
list:
dist: 1.4413962833579377 vs. 1.4413962833579377
list:
dist: 1.089661592571124 vs. 1.089661592571124
list:
dist: 1.7013668129862085 vs. 1.7013668129862085
list:
dist: 1.0525502097308348 vs. 1.0525502097308348
list:
dist: 0.8024978326078005 vs. 0.8024978326078005
list:
dist: 2.639670708136182 vs. 2.639670708136182
list:
dist: 2.334725210858638 vs. 2.334725210858638
list:
dist: 1.7880617021233638 vs. 1.7880617021233638
list:
dist: 2.559000284958492 vs. 2.559000284958492
list:
dist: 2.9018574044547574 vs. 2.9018574044547574
list:
dist: 2.8811623023900617 vs. 2.8811623023900617
list:
dist: 2.2830570493486744 vs. 2.2830570493486744
list:
dist: 3.4095046186118485 vs. 3.4095046186118485
list:
dist: 2.5888922029640766 vs. 2.5888922029640766
list:
dist: 2.2512545588466586 vs. 2.2512545588466586
list:
dist: 3.24416448912109 vs. 3.24416448912109
list:
dist: 2.7512198519559656 vs. 2.7512198519559656
list:
dist: 1.8590122277730563 vs. 1.8590122277730563
list:
dist: 2.3342084051714767 vs. 2.3342084051714767
list:
dist: 2.2014971135644172 vs. 2.2014971135644172
list:
dist: 0.6949627738753549 vs. 0.6949627738753549
list:
dist: 1.7495820722142927 vs. 1.7495820722142927
list:
dist: 0.85526253128102 vs. 0.85526253128102
list:
dist: 1.313088960101852 vs. 1.313088960101852
list:
dist: 1.2892127838373992 vs. 1.2892127838373992
list:
dist: 2.3677243908535828 vs. 2.3677243908535828
list:
dist: 1.2584638529784264 vs. 1.2584638529784264
list:
dist: 1.5817669080307772 vs. 1.5817669080307772
list:
dist: 1.9691730491900212 vs. 1.9691730491900212
list:
dist: 1.200152212514028 vs. 1.200152212514028
list:
dist: 1.574424352190327 vs. 1.574424352190327
list:
dist: 2.5132917286096252 vs. 2.5132917286096252
list:
dist: 1.5219070303962658 vs. 1.5219070303962658
list:
dist: 2.2801456707220398 vs. 2.2801456707220398
list:
dist: 1.7142802454081232 vs. 1.7142802454081232
list:
dist: 1.6022462540684128 vs. 1.6022462540684128
list:
dist: 1.3715031503780986 vs. 1.3715031503780986
list:
dist: 0.6953457731283065 vs. 0.6953457731283065
list:
dist: 3.1105090857012465 vs. 3.1105090857012465
list:
dist: 1.9879840652249894 vs. 1.9879840652249894
list:
dist: 2.6921734559751656 vs. 2.6921734559751656
list:
dist: 3.773825524341665 vs. 3.773825524341665
list:
dist: 2.6866796736531127 vs. 2.6866796736531127
list:
dist: 2.3823871515324853 vs. 2.3823871515324853
list:
dist: 2.150037340539751 vs. 2.150037340539751
list:
dist: 1.4685257286200766 vs. 1.4685257286200766
list:
dist: 2.07189958629398 vs. 2.07189958629398
list:
dist: 2.5701111068475093 vs. 2.5701111068475093
list:
dist: 2.1300105179329547 vs. 2.1300105179329547
list:
dist: 2.545582254183837 vs. 2.545582254183837
list:
dist: 2.7792483312679868 vs. 2.7792483312679868
list:
dist: 3.441163818318841 vs. 3.441163818318841
list:
dist: 1.9691730491900212 vs. 1.9691730491900212
list:
dist: 2.4903308420984387 vs. 2.4903308420984387
list:
dist: 1.0858744975667094 vs. 1.0858744975667094
list:
dist: 1.1787665976257988 vs. 1.1787665976257988
list:
dist: 0.745612336507912 vs. 0.745612336507912
list:
dist: 0.9329964903267742 vs. 0.9329964903267742
list:
dist: 1.2659807170111828 vs. 1.2659807170111828
list:
dist: 1.4413962833579377 vs. 1.4413962833579377
list:
dist: 1.3211298472894413 vs. 1.3211298472894413
list:
dist: 1.045490734975952 vs. 1.045490734975952
list:
dist: 0.9526059840120115 vs. 0.9526059840120115
list:
dist: 1.7862377957562445 vs. 1.7862377957562445
list:
dist: 1.741661504686881 vs. 1.741661504686881
list:
dist: 1.814716576987825 vs. 1.814716576987825
list:
dist: 1.564110331861913 vs. 1.564110331861913
list:
dist: 2.135593614660344 vs. 2.135593614660344
list:
dist: 1.135285947726308 vs. 1.135285947726308
list:
dist: 1.571319283166583 vs. 1.571319283166583
list:
dist: 2.635487916771249 vs. 2.635487916771249
list:
dist: 1.6683355082274742 vs. 1.6683355082274742
list:
dist: 1.261941527828591 vs. 1.261941527828591
list:
dist: 1.3064431059701274 vs. 1.3064431059701274
list:
dist: 0.8359554539991548 vs. 0.8359554539991548
list:
dist: 1.4438908546392801 vs. 1.4438908546392801
list:
dist: 1.4449262698231955 vs. 1.4449262698231955
list:
dist: 1.193495450077975 vs. 1.193495450077975
list:
dist: 1.4356344915703034 vs. 1.4356344915703034
list:
dist: 1.7543161738744926 vs. 1.7543161738744926
list:
dist: 2.2436400623519543 vs. 2.2436400623519543
list:
dist: 1.5219070303962658 vs. 1.5219070303962658
list:
dist: 1.487691548042263 vs. 1.487691548042263
list:
dist: 1.169770431061488 vs. 1.169770431061488
list:
dist: 1.2659807170111828 vs. 1.2659807170111828
list:
dist: 0.3928392062838683 vs. 0.3928392062838683
list:
dist: 1.3751488326081902 vs. 1.3751488326081902
list:
dist: 1.2562537253739317 vs. 1.2562537253739317
list:
dist: 0.8024978326078005 vs. 0.8024978326078005
list:
dist: 2.5567764708386647 vs. 2.5567764708386647
list:
dist: 2.14340890016663 vs. 2.14340890016663
list:
dist: 1.8399036535157203 vs. 1.8399036535157203
list:
dist: 1.9153684494002217 vs. 1.9153684494002217
list:
dist: 2.3452785512191805 vs. 2.3452785512191805
list:
dist: 2.22745623954839 vs. 2.22745623954839
list:
dist: 1.6141705824888575 vs. 1.6141705824888575
list:
dist: 2.422842044484445 vs. 2.422842044484445
list:
dist: 1.3475072185376051 vs. 1.3475072185376051
list:
dist: 2.606576999079472 vs. 2.606576999079472
list:
dist: 3.343509072270687 vs. 3.343509072270687
list:
dist: 2.1278324291061153 vs. 2.1278324291061153
list:
dist: 2.175085379861801 vs. 2.175085379861801
list:
dist: 1.6728640317066423 vs. 1.6728640317066423
list:
dist: 0.9184557913997226 vs. 0.9184557913997226
list:
dist: 2.408867432944059 vs. 2.408867432944059
list:
dist: 2.4564709818681063 vs. 2.4564709818681063
list:
dist: 2.349422003019024 vs. 2.349422003019024
list:
dist: 2.638872975190431 vs. 2.638872975190431
list:
dist: 2.941454668594987 vs. 2.941454668594987
list:
dist: 3.3020947562486587 vs. 3.3020947562486587
list:
dist: 2.5132917286096252 vs. 2.5132917286096252
list:
dist: 2.7320559658834807 vs. 2.7320559658834807
list:
dist: 1.319348330183116 vs. 1.319348330183116
list:
dist: 0.9329964903267742 vs. 0.9329964903267742
list:
dist: 1.4483520437302684 vs. 1.4483520437302684
list:
dist: 1.5964509143011685 vs. 1.5964509143011685
list:
dist: 1.2562537253739317 vs. 1.2562537253739317
list:
dist: 1.0525502097308348 vs. 1.0525502097308348
list:
dist: 2.0179958467628465 vs. 2.0179958467628465
list:
dist: 1.914206154813678 vs. 1.914206154813678
list:
dist: 0.7638970026694335 vs. 0.7638970026694335
list:
dist: 2.1129850714478047 vs. 2.1129850714478047
list:
dist: 2.630501282558482 vs. 2.630501282558482
list:
dist: 2.5962562689474207 vs. 2.5962562689474207
list:
dist: 2.309027967109291 vs. 2.309027967109291
list:
dist: 3.0602445289627305 vs. 3.0602445289627305
list:
dist: 2.3304898163180834 vs. 2.3304898163180834
list:
dist: 2.3015451921893444 vs. 2.3015451921893444
list:
dist: 2.7153957671036046 vs. 2.7153957671036046
list:
dist: 2.292483604417063 vs. 2.292483604417063
list:
dist: 1.3630159858708175 vs. 1.3630159858708175
list:
dist: 1.8446895774740673 vs. 1.8446895774740673
list:
dist: 1.9154727016635082 vs. 1.9154727016635082
list:
dist: 1.2457576375626696 vs. 1.2457576375626696
list:
dist: 0.564525223234887 vs. 0.564525223234887
list:
dist: 1.0411608666703387 vs. 1.0411608666703387
list:
dist: 1.0075132620524723 vs. 1.0075132620524723
list:
dist: 1.946292064506562 vs. 1.946292064506562
list:
dist: 0.6949627738753549 vs. 0.6949627738753549
list:
dist: 1.4345091629020832 vs. 1.4345091629020832
list:
dist: 1.3353926699089627 vs. 1.3353926699089627
list:
dist: 2.07189958629398 vs. 2.07189958629398
list:
dist: 1.2684488626092165 vs. 1.2684488626092165
list:
dist: 1.9194046209576348 vs. 1.9194046209576348
list:
dist: 2.408867432944059 vs. 2.408867432944059
list:
dist: 1.4438908546392801 vs. 1.4438908546392801
list:
dist: 2.2442725157056853 vs. 2.2442725157056853
list:
dist: 1.3700144002719024 vs. 1.3700144002719024
list:
dist: 1.99846767301807 vs. 1.99846767301807
list:
dist: 1.6091770094752582 vs. 1.6091770094752582
list:
dist: 1.1985059024346087 vs. 1.1985059024346087
list:
dist: 2.867030006594595 vs. 2.867030006594595
list:
dist: 1.8763492029309419 vs. 1.8763492029309419
list:
dist: 2.6974898307321524 vs. 2.6974898307321524
list:
dist: 3.0909983689438993 vs. 3.0909983689438993
list:
dist: 2.1766467817195427 vs. 2.1766467817195427
list:
dist: 1.7033980549833365 vs. 1.7033980549833365
list:
dist: 1.510493255609949 vs. 1.510493255609949
list:
dist: 1.2102411562984894 vs. 1.2102411562984894
list:
dist: 1.3353926699089627 vs. 1.3353926699089627
list:
dist: 1.8633039092994053 vs. 1.8633039092994053
list:
dist: 1.5497598250398839 vs. 1.5497598250398839
list:
dist: 1.9943317102115525 vs. 1.9943317102115525
list:
dist: 2.1617746009388457 vs. 2.1617746009388457
list:
dist: 2.7773120709494243 vs. 2.7773120709494243
list:
dist: 1.5817669080307772 vs. 1.5817669080307772
list:
dist: 2.2809766756874494 vs. 2.2809766756874494
list:
dist: 1.0858744975667094 vs. 1.0858744975667094
list:
dist: 1.139898523208024 vs. 1.139898523208024
list:
dist: 1.4212767623123879 vs. 1.4212767623123879
list:
dist: 1.319348330183116 vs. 1.319348330183116
list:
dist: 1.169770431061488 vs. 1.169770431061488
list:
dist: 1.734747537538694 vs. 1.734747537538694
list:
dist: 2.172732260026118 vs. 2.172732260026118
list:
dist: 1.8812169070062659 vs. 1.8812169070062659
list:
dist: 1.4089918391711895 vs. 1.4089918391711895
list:
dist: 0.8417326564855059 vs. 0.8417326564855059
list:
dist: 1.8319792438722382 vs. 1.8319792438722382
list:
dist: 1.5509781700549843 vs. 1.5509781700549843
list:
dist: 1.450256828528288 vs. 1.450256828528288
list:
dist: 2.9915428430710187 vs. 2.9915428430710187
list:
dist: 3.1590167524230903 vs. 3.1590167524230903
list:
dist: 2.505446065848494 vs. 2.505446065848494
list:
dist: 1.8812169070062659 vs. 1.8812169070062659
list:
dist: 1.045490734975952 vs. 1.045490734975952
list:
dist: 1.9139815119520993 vs. 1.9139815119520993
list:
dist: 0.8557281711132946 vs. 0.8557281711132946
list:
dist: 1.914206154813678 vs. 1.914206154813678
list:
dist: 2.14340890016663 vs. 2.14340890016663
list:
dist: 2.334725210858638 vs. 2.334725210858638
list:
dist: 0.6196528055740622 vs. 0.6196528055740622
list:
dist: 1.6659684185032846 vs. 1.6659684185032846
list:
dist: 2.298666040812583 vs. 2.298666040812583
list:
dist: 1.3214360993755974 vs. 1.3214360993755974
list:
dist: 1.7025052955147872 vs. 1.7025052955147872
list:
dist: 1.6464792614171164 vs. 1.6464792614171164
list:
dist: 3.762299693156211 vs. 3.762299693156211
list:
dist: 3.083719569171304 vs. 3.083719569171304
list:
dist: 2.302336384999523 vs. 2.302336384999523
list:
dist: 2.5812355188068716 vs. 2.5812355188068716
list:
dist: 2.2630824487623764 vs. 2.2630824487623764
list:
dist: 1.1985059024346087 vs. 1.1985059024346087
list:
dist: 2.274265279181831 vs. 2.274265279181831
list:
dist: 1.430091678802461 vs. 1.430091678802461
list:
dist: 1.924703286348717 vs. 1.924703286348717
list:
dist: 1.9600995151855034 vs. 1.9600995151855034
list:
dist: 2.9913160235127156 vs. 2.9913160235127156
list:
dist: 0.6953457731283065 vs. 0.6953457731283065
list:
dist: 1.770797503457123 vs. 1.770797503457123
list:
dist: 1.450256828528288 vs. 1.450256828528288
list:
dist: 1.564110331861913 vs. 1.564110331861913
list:
dist: 1.2425816731649586 vs. 1.2425816731649586
list:
dist: 1.0698665920658454 vs. 1.0698665920658454
list:
dist: 2.309027967109291 vs. 2.309027967109291
list:
dist: 1.6141705824888575 vs. 1.6141705824888575
list:
dist: 2.2830570493486744 vs. 2.2830570493486744
list:
dist: 2.211933108311146 vs. 2.211933108311146
list:
dist: 1.6464792614171164 vs. 1.6464792614171164
list:
dist: 2.415563373387553 vs. 2.415563373387553
list:
dist: 1.6181887867145035 vs. 1.6181887867145035
list:
dist: 0.9513912551057122 vs. 0.9513912551057122
list:
dist: 0.8828678917656522 vs. 0.8828678917656522
list:
dist: 2.6693415154092333 vs. 2.6693415154092333
list:
dist: 2.0160741446591692 vs. 2.0160741446591692
list:
dist: 1.7563889681385145 vs. 1.7563889681385145
list:
dist: 2.393045580514765 vs. 2.393045580514765
list:
dist: 1.9835467301608736 vs. 1.9835467301608736
list:
dist: 1.0460910093072844 vs. 1.0460910093072844
list:
dist: 1.6772089048040153 vs. 1.6772089048040153
list:
dist: 1.7511947399887422 vs. 1.7511947399887422
list:
dist: 0.564525223234887 vs. 0.564525223234887
list:
dist: 0.9043896888436452 vs. 0.9043896888436452
list:
dist: 0.5328733512743182 vs. 0.5328733512743182
list:
dist: 0.6538928979019671 vs. 0.6538928979019671
list:
dist: 1.5634902175416991 vs. 1.5634902175416991
list:
dist: 0.85526253128102 vs. 0.85526253128102
list:
dist: 0.953216072868758 vs. 0.953216072868758
list:
dist: 1.5497598250398839 vs. 1.5497598250398839
list:
dist: 2.1300105179329547 vs. 2.1300105179329547
list:
dist: 1.0771416785151398 vs. 1.0771416785151398
list:
dist: 1.9663529378723779 vs. 1.9663529378723779
list:
dist: 2.349422003019024 vs. 2.349422003019024
list:
dist: 1.193495450077975 vs. 1.193495450077975
list:
dist: 1.9464148620057231 vs. 1.9464148620057231
list:
dist: 1.8175554040343525 vs. 1.8175554040343525
list:
dist: 2.33763333897595 vs. 2.33763333897595
list:
dist: 2.0435771717008633 vs. 2.0435771717008633
list:
dist: 1.430091678802461 vs. 1.430091678802461
list:
dist: 1.774425302775003 vs. 1.774425302775003
list:
dist: 1.386966898908427 vs. 1.386966898908427
list:
dist: 1.7603416818014106 vs. 1.7603416818014106
list:
dist: 1.4841425455918913 vs. 1.4841425455918913
list:
dist: 0.9827660363126846 vs. 0.9827660363126846
list:
dist: 0.8404675735282712 vs. 0.8404675735282712
list:
dist: 1.3024492755213597 vs. 1.3024492755213597
list:
dist: 1.3630159858708175 vs. 1.3630159858708175
list:
dist: 0.3422838917417326 vs. 0.3422838917417326
list:
dist: 1.0460910093072844 vs. 1.0460910093072844
list:
dist: 0.932124931779447 vs. 0.932124931779447
list:
dist: 1.19734100341945 vs. 1.19734100341945
list:
dist: 1.1656888392175866 vs. 1.1656888392175866
list:
dist: 1.8590122277730563 vs. 1.8590122277730563
list:
dist: 1.610829125188878 vs. 1.610829125188878
list:
dist: 1.7033980549833365 vs. 1.7033980549833365
list:
dist: 2.3823871515324853 vs. 2.3823871515324853
list:
dist: 1.4638806984627857 vs. 1.4638806984627857
list:
dist: 2.5174670086381012 vs. 2.5174670086381012
list:
dist: 2.175085379861801 vs. 2.175085379861801
list:
dist: 1.261941527828591 vs. 1.261941527828591
list:
dist: 1.757355877313629 vs. 1.757355877313629
list:
dist: 2.0847176786134827 vs. 2.0847176786134827
list:
dist: 3.123554658539193 vs. 3.123554658539193
list:
dist: 2.7986670586426268 vs. 2.7986670586426268
list:
dist: 2.302336384999523 vs. 2.302336384999523
list:
dist: 2.4615001557997624 vs. 2.4615001557997624
list:
dist: 2.0213830599511895 vs. 2.0213830599511895
list:
dist: 1.5073390015560502 vs. 1.5073390015560502
list:
dist: 2.036567183513756 vs. 2.036567183513756
list:
dist: 1.8374077274830054 vs. 1.8374077274830054
list:
dist: 0.932124931779447 vs. 0.932124931779447
list:
dist: 1.724025775880835 vs. 1.724025775880835
list:
dist: 1.9266630443366684 vs. 1.9266630443366684
list:
dist: 1.0411608666703387 vs. 1.0411608666703387
list:
dist: 0.6900835892781575 vs. 0.6900835892781575
list:
dist: 0.5328733512743182 vs. 0.5328733512743182
list:
dist: 0.38110449886680703 vs. 0.38110449886680703
list:
dist: 1.0910787481816508 vs. 1.0910787481816508
list:
dist: 1.313088960101852 vs. 1.313088960101852
list:
dist: 0.838127863524526 vs. 0.838127863524526
list:
dist: 1.9943317102115525 vs. 1.9943317102115525
list:
dist: 2.545582254183837 vs. 2.545582254183837
list:
dist: 1.41467635812031 vs. 1.41467635812031
list:
dist: 2.3986689191688626 vs. 2.3986689191688626
list:
dist: 2.638872975190431 vs. 2.638872975190431
list:
dist: 1.4356344915703034 vs. 1.4356344915703034
list:
dist: 2.0698967205918937 vs. 2.0698967205918937
list:
dist: 2.283778445435997 vs. 2.283778445435997
list:
dist: 2.8522029204378274 vs. 2.8522029204378274
list:
dist: 2.569616102747499 vs. 2.569616102747499
list:
dist: 1.924703286348717 vs. 1.924703286348717
list:
dist: 2.0274733355543373 vs. 2.0274733355543373
list:
dist: 1.7003617344770823 vs. 1.7003617344770823
list:
dist: 1.7742339804173655 vs. 1.7742339804173655
list:
dist: 1.4979928129644915 vs. 1.4979928129644915
list:
dist: 1.2691161093424064 vs. 1.2691161093424064
list:
dist: 0.3422838917417326 vs. 0.3422838917417326
list:
dist: 1.1703063068910875 vs. 1.1703063068910875
list:
dist: 1.613757344139753 vs. 1.613757344139753
list:
dist: 1.2457576375626696 vs. 1.2457576375626696
list:
dist: 0.9043896888436452 vs. 0.9043896888436452
list:
dist: 0.6900835892781575 vs. 0.6900835892781575
list:
dist: 0.8988131612155603 vs. 0.8988131612155603
list:
dist: 0.9182977155023273 vs. 0.9182977155023273
list:
dist: 1.7495820722142927 vs. 1.7495820722142927
list:
dist: 1.4665613345752717 vs. 1.4665613345752717
list:
dist: 1.8633039092994053 vs. 1.8633039092994053
list:
dist: 2.5701111068475093 vs. 2.5701111068475093
list:
dist: 1.5749363611243556 vs. 1.5749363611243556
list:
dist: 2.6214206868971175 vs. 2.6214206868971175
list:
dist: 2.4564709818681063 vs. 2.4564709818681063
list:
dist: 1.4449262698231955 vs. 1.4449262698231955
list:
dist: 2.0047995082316445 vs. 2.0047995082316445
list:
dist: 2.1525610158268313 vs. 2.1525610158268313
list:
dist: 3.1298327058588042 vs. 3.1298327058588042
list:
dist: 2.7865861000712018 vs. 2.7865861000712018
list:
dist: 2.274265279181831 vs. 2.274265279181831
list:
dist: 1.6565042873588522 vs. 1.6565042873588522
list:
dist: 2.1867434633742286 vs. 2.1867434633742286
list:
dist: 2.489445761126533 vs. 2.489445761126533
list:
dist: 1.2581723374922658 vs. 1.2581723374922658
list:
dist: 1.4841425455918913 vs. 1.4841425455918913
list:
dist: 1.7443308147325514 vs. 1.7443308147325514
list:
dist: 2.4312399561003515 vs. 2.4312399561003515
list:
dist: 2.7153957671036046 vs. 2.7153957671036046
list:
dist: 1.4979928129644915 vs. 1.4979928129644915
list:
dist: 2.393045580514765 vs. 2.393045580514765
list:
dist: 2.036567183513756 vs. 2.036567183513756
list:
dist: 2.1823918689982627 vs. 2.1823918689982627
list:
dist: 1.1933085208100318 vs. 1.1933085208100318
list:
dist: 3.24416448912109 vs. 3.24416448912109
list:
dist: 2.699449676394373 vs. 2.699449676394373
list:
dist: 3.0909983689438993 vs. 3.0909983689438993
list:
dist: 3.773825524341665 vs. 3.773825524341665
list:
dist: 2.895964152730866 vs. 2.895964152730866
list:
dist: 3.971154237742462 vs. 3.971154237742462
list:
dist: 3.343509072270687 vs. 3.343509072270687
list:
dist: 2.635487916771249 vs. 2.635487916771249
list:
dist: 2.852607916788182 vs. 2.852607916788182
list:
dist: 3.368801768862851 vs. 3.368801768862851
list:
dist: 4.594266102361618 vs. 4.594266102361618
list:
dist: 4.233302104651009 vs. 4.233302104651009
list:
dist: 3.762299693156211 vs. 3.762299693156211
list:
dist: 1.7263699867723878 vs. 1.7263699867723878
list:
dist: 0.6890777363018076 vs. 0.6890777363018076
list:
dist: 2.0744917604555893 vs. 2.0744917604555893
list:
dist: 2.4312399561003515 vs. 2.4312399561003515
list:
dist: 1.2477947006397185 vs. 1.2477947006397185
list:
dist: 1.3024492755213597 vs. 1.3024492755213597
list:
dist: 0.7945926762533984 vs. 0.7945926762533984
list:
dist: 1.9154727016635082 vs. 1.9154727016635082
list:
dist: 1.613757344139753 vs. 1.613757344139753
list:
dist: 1.7511947399887422 vs. 1.7511947399887422
list:
dist: 1.9266630443366684 vs. 1.9266630443366684
list:
dist: 2.2465128645219172 vs. 2.2465128645219172
list:
dist: 2.43059119855042 vs. 2.43059119855042
list:
dist: 2.2014971135644172 vs. 2.2014971135644172
list:
dist: 2.21333652737016 vs. 2.21333652737016
list:
dist: 1.2102411562984894 vs. 1.2102411562984894
list:
dist: 1.4685257286200766 vs. 1.4685257286200766
list:
dist: 1.1851201862641552 vs. 1.1851201862641552
list:
dist: 1.9201227848823301 vs. 1.9201227848823301
list:
dist: 0.9184557913997226 vs. 0.9184557913997226
list:
dist: 0.8359554539991548 vs. 0.8359554539991548
list:
dist: 0.8989603164230142 vs. 0.8989603164230142
list:
dist: 2.7563110887315263 vs. 2.7563110887315263
list:
dist: 2.505446065848494 vs. 2.505446065848494
list:
dist: 1.5557141585730592 vs. 1.5557141585730592
list:
dist: 1.957887791570963 vs. 1.957887791570963
list:
dist: 2.8487391216734728 vs. 2.8487391216734728
list:
dist: 2.6682200728093135 vs. 2.6682200728093135
list:
dist: 2.2630824487623764 vs. 2.2630824487623764
list:
dist: 2.5098415242103376 vs. 2.5098415242103376
list:
dist: 1.5265492118964863 vs. 1.5265492118964863
list:
dist: 1.6661655197421108 vs. 1.6661655197421108
list:
dist: 2.895964152730866 vs. 2.895964152730866
list:
dist: 2.016595593092308 vs. 2.016595593092308
list:
dist: 1.4638806984627857 vs. 1.4638806984627857
list:
dist: 1.6230837766468607 vs. 1.6230837766468607
list:
dist: 1.1851201862641552 vs. 1.1851201862641552
list:
dist: 1.2684488626092165 vs. 1.2684488626092165
list:
dist: 1.5749363611243556 vs. 1.5749363611243556
list:
dist: 1.0771416785151398 vs. 1.0771416785151398
list:
dist: 1.41467635812031 vs. 1.41467635812031
list:
dist: 1.6833959968898233 vs. 1.6833959968898233
list:
dist: 2.3608191878725004 vs. 2.3608191878725004
list:
dist: 1.200152212514028 vs. 1.200152212514028
list:
dist: 1.3459052404156704 vs. 1.3459052404156704
list:
dist: 1.139898523208024 vs. 1.139898523208024
list:
dist: 1.1787665976257988 vs. 1.1787665976257988
list:
dist: 1.094365964024187 vs. 1.094365964024187
list:
dist: 1.4483520437302684 vs. 1.4483520437302684
list:
dist: 0.3928392062838683 vs. 0.3928392062838683
list:
dist: 1.089661592571124 vs. 1.089661592571124
list:
dist: 2.3905100620413062 vs. 2.3905100620413062
list:
dist: 1.9139815119520993 vs. 1.9139815119520993
list:
dist: 1.9198387357426467 vs. 1.9198387357426467
list:
dist: 1.8205241966513517 vs. 1.8205241966513517
list:
dist: 2.006737073006319 vs. 2.006737073006319
list:
dist: 1.918398762581443 vs. 1.918398762581443
list:
dist: 1.2425816731649586 vs. 1.2425816731649586
list:
dist: 3.368801768862851 vs. 3.368801768862851
list:
dist: 2.6828091592385754 vs. 2.6828091592385754
list:
dist: 2.0847176786134827 vs. 2.0847176786134827
list:
dist: 2.0025188095334014 vs. 2.0025188095334014
list:
dist: 1.957887791570963 vs. 1.957887791570963
list:
dist: 1.3700144002719024 vs. 1.3700144002719024
list:
dist: 2.1525610158268313 vs. 2.1525610158268313
list:
dist: 1.8175554040343525 vs. 1.8175554040343525
list:
dist: 2.283778445435997 vs. 2.283778445435997
list:
dist: 2.3193642636103817 vs. 2.3193642636103817
list:
dist: 2.9984429760999975 vs. 2.9984429760999975
list:
dist: 1.7142802454081232 vs. 1.7142802454081232
list:
dist: 2.6856158690985517 vs. 2.6856158690985517
list:
dist: 0.8417326564855059 vs. 0.8417326564855059
list:
dist: 1.7862377957562445 vs. 1.7862377957562445
list:
dist: 1.8205241966513517 vs. 1.8205241966513517
list:
dist: 1.9820633568762005 vs. 1.9820633568762005
list:
dist: 2.1129850714478047 vs. 2.1129850714478047
list:
dist: 1.9153684494002217 vs. 1.9153684494002217
list:
dist: 2.559000284958492 vs. 2.559000284958492
list:
dist: 2.558445990064625 vs. 2.558445990064625
list:
dist: 2.298666040812583 vs. 2.298666040812583
list:
dist: 2.0170333815425234 vs. 2.0170333815425234
list:
dist: 1.8015417385387584 vs. 1.8015417385387584
list:
dist: 1.325428903780728 vs. 1.325428903780728
list:
dist: 1.6181887867145035 vs. 1.6181887867145035
list:
dist: 3.4456815112263 vs. 3.4456815112263
list:
dist: 2.3588307106144044 vs. 2.3588307106144044
list:
dist: 2.5382325430722297 vs. 2.5382325430722297
list:
dist: 3.971154237742462 vs. 3.971154237742462
list:
dist: 3.0127804558057587 vs. 3.0127804558057587
list:
dist: 2.5174670086381012 vs. 2.5174670086381012
list:
dist: 2.528001287689251 vs. 2.528001287689251
list:
dist: 1.9201227848823301 vs. 1.9201227848823301
list:
dist: 1.9194046209576348 vs. 1.9194046209576348
list:
dist: 2.6214206868971175 vs. 2.6214206868971175
list:
dist: 1.9663529378723779 vs. 1.9663529378723779
list:
dist: 2.3986689191688626 vs. 2.3986689191688626
list:
dist: 2.5856067404354963 vs. 2.5856067404354963
list:
dist: 3.418964230113202 vs. 3.418964230113202
list:
dist: 1.574424352190327 vs. 1.574424352190327
list:
dist: 2.1480230683657973 vs. 2.1480230683657973
list:
dist: 1.4212767623123879 vs. 1.4212767623123879
list:
dist: 0.745612336507912 vs. 0.745612336507912
list:
dist: 1.094365964024187 vs. 1.094365964024187
list:
dist: 1.5964509143011685 vs. 1.5964509143011685
list:
dist: 1.3751488326081902 vs. 1.3751488326081902
list:
dist: 1.7013668129862085 vs. 1.7013668129862085
list:
dist: 1.4134918546899977 vs. 1.4134918546899977
list:
dist: 0.8557281711132946 vs. 0.8557281711132946
list:
dist: 1.6872591365929366 vs. 1.6872591365929366
list:
dist: 1.9820633568762005 vs. 1.9820633568762005
list:
dist: 1.3146500134960284 vs. 1.3146500134960284
list:
dist: 1.5271369575185645 vs. 1.5271369575185645
list:
dist: 1.0698665920658454 vs. 1.0698665920658454
list:
dist: 3.2542562017652603 vs. 3.2542562017652603
list:
dist: 3.435219449222054 vs. 3.435219449222054
list:
dist: 2.7563110887315263 vs. 2.7563110887315263
list:
dist: 2.172732260026118 vs. 2.172732260026118
list:
dist: 1.3211298472894413 vs. 1.3211298472894413
list:
dist: 2.3905100620413062 vs. 2.3905100620413062
list:
dist: 1.4134918546899977 vs. 1.4134918546899977
list:
dist: 2.0179958467628465 vs. 2.0179958467628465
list:
dist: 2.5567764708386647 vs. 2.5567764708386647
list:
dist: 2.639670708136182 vs. 2.639670708136182
list:
dist: 0.6196528055740622 vs. 0.6196528055740622
list:
dist: 1.5708576171223099 vs. 1.5708576171223099
list:
dist: 2.558445990064625 vs. 2.558445990064625
list:
dist: 1.7689254111515753 vs. 1.7689254111515753
list:
dist: 2.1161289397374445 vs. 2.1161289397374445
list:
dist: 2.211933108311146 vs. 2.211933108311146
list:
dist: 4.233302104651009 vs. 4.233302104651009
list:
dist: 3.5508021322490313 vs. 3.5508021322490313
list:
dist: 2.7986670586426268 vs. 2.7986670586426268
list:
dist: 2.941735709920421 vs. 2.941735709920421
list:
dist: 2.6682200728093135 vs. 2.6682200728093135
list:
dist: 1.6091770094752582 vs. 1.6091770094752582
list:
dist: 2.7865861000712018 vs. 2.7865861000712018
list:
dist: 2.0435771717008633 vs. 2.0435771717008633
list:
dist: 2.569616102747499 vs. 2.569616102747499
list:
dist: 2.551230352306115 vs. 2.551230352306115
list:
dist: 3.5517224894123887 vs. 3.5517224894123887
list:
dist: 1.3715031503780986 vs. 1.3715031503780986
list:
dist: 2.590071809147256 vs. 2.590071809147256
list:
dist: 1.5509781700549843 vs. 1.5509781700549843
list:
dist: 1.814716576987825 vs. 1.814716576987825
list:
dist: 1.918398762581443 vs. 1.918398762581443
list:
dist: 1.5271369575185645 vs. 1.5271369575185645
list:
dist: 2.5962562689474207 vs. 2.5962562689474207
list:
dist: 2.22745623954839 vs. 2.22745623954839
list:
dist: 2.8811623023900617 vs. 2.8811623023900617
list:
dist: 2.1161289397374445 vs. 2.1161289397374445
list:
dist: 1.7025052955147872 vs. 1.7025052955147872
list:
dist: 2.4514382906724443 vs. 2.4514382906724443
list:
dist: 1.325428903780728 vs. 1.325428903780728
list:
dist: 0.5780991093550018 vs. 0.5780991093550018
list:
dist: 0.8828678917656522 vs. 0.8828678917656522
list:
dist: 2.0801272499034935 vs. 2.0801272499034935
list:
dist: 2.2023989263677177 vs. 2.2023989263677177
list:
dist: 1.5557141585730592 vs. 1.5557141585730592
list:
dist: 1.4089918391711895 vs. 1.4089918391711895
list:
dist: 0.9526059840120115 vs. 0.9526059840120115
list:
dist: 1.9198387357426467 vs. 1.9198387357426467
list:
dist: 1.6872591365929366 vs. 1.6872591365929366
list:
dist: 0.7638970026694335 vs. 0.7638970026694335
list:
dist: 1.8399036535157203 vs. 1.8399036535157203
list:
dist: 1.7880617021233638 vs. 1.7880617021233638
list:
dist: 1.5708576171223099 vs. 1.5708576171223099
list:
dist: 1.6659684185032846 vs. 1.6659684185032846
list:
dist: 2.0170333815425234 vs. 2.0170333815425234
list:
dist: 2.4549566818316286 vs. 2.4549566818316286
list:
dist: 2.4514382906724443 vs. 2.4514382906724443
list:
dist: 2.415563373387553 vs. 2.415563373387553
list:
dist: 4.594266102361618 vs. 4.594266102361618
list:
dist: 3.831468221858937 vs. 3.831468221858937
list:
dist: 3.123554658539193 vs. 3.123554658539193
list:
dist: 3.246147275393541 vs. 3.246147275393541
list:
dist: 2.8487391216734728 vs. 2.8487391216734728
list:
dist: 1.99846767301807 vs. 1.99846767301807
list:
dist: 3.1298327058588042 vs. 3.1298327058588042
list:
dist: 2.33763333897595 vs. 2.33763333897595
list:
dist: 2.8522029204378274 vs. 2.8522029204378274
list:
dist: 2.8696447591038297 vs. 2.8696447591038297
list:
dist: 3.893711255063375 vs. 3.893711255063375
list:
dist: 1.6022462540684128 vs. 1.6022462540684128
list:
dist: 2.712510775916322 vs. 2.712510775916322
list:
dist: 1.8319792438722382 vs. 1.8319792438722382
list:
dist: 1.741661504686881 vs. 1.741661504686881
list:
dist: 2.006737073006319 vs. 2.006737073006319
list:
dist: 1.3146500134960284 vs. 1.3146500134960284
list:
dist: 2.630501282558482 vs. 2.630501282558482
list:
dist: 2.3452785512191805 vs. 2.3452785512191805
list:
dist: 2.9018574044547574 vs. 2.9018574044547574
list:
dist: 1.7689254111515753 vs. 1.7689254111515753
list:
dist: 1.3214360993755974 vs. 1.3214360993755974
list:
dist: 2.4549566818316286 vs. 2.4549566818316286
list:
dist: 1.8015417385387584 vs. 1.8015417385387584
list:
dist: 0.5780991093550018 vs. 0.5780991093550018
list:
dist: 0.9513912551057122 vs. 0.9513912551057122
200
rk
<OccurredElementalReaction>
	 elmtlRkId: 4
	 p(id,type,coords) 133 5 11.116532589853165 -1.9726817632419762 7.079306479692838
</OccurredElementalReaction>
rk
<OccurredElementalReaction>
	 elmtlRkId: 4
	 p(id,type,coords) 142 5 12.079425731446944 -1.0660383286189123 10.72300199066577
</OccurredElementalReaction>
300
Neighbor List consistency Check...
--------
nle(id0,id1,dist): 5 6 2.31991518034258
list:
dist: 2.31991518034258 vs. 2.31991518034258
--------
nle(id0,id1,dist): 5 7 1.0899817964754452
list:
dist: 1.0899817964754452 vs. 1.0899817964754452
--------
nle(id0,id1,dist): 5 21 2.723196836338257
list:
dist: 2.723196836338257 vs. 2.723196836338257
--------
nle(id0,id1,dist): 5 20 2.6791087916354974
list:
dist: 2.6791087916354974 vs. 2.6791087916354974
--------
nle(id0,id1,dist): 5 23 1.0824308623574326
list:
dist: 1.0824308623574326 vs. 1.0824308623574326
--------
nle(id0,id1,dist): 5 17 1.9208145206392218
list:
dist: 1.9208145206392218 vs. 1.9208145206392218
--------
nle(id0,id1,dist): 5 16 1.073607026605864
list:
dist: 1.073607026605864 vs. 1.073607026605864
--------
nle(id0,id1,dist): 5 19 1.6969405573679106
list:
dist: 1.6969405573679106 vs. 1.6969405573679106
--------
nle(id0,id1,dist): 5 18 1.906787218161969
list:
dist: 1.906787218161969 vs. 1.906787218161969
--------
nle(id0,id1,dist): 5 13 1.6795247251173724
list:
dist: 1.6795247251173724 vs. 1.6795247251173724
--------
nle(id0,id1,dist): 5 12 1.253572303462907
list:
dist: 1.253572303462907 vs. 1.253572303462907
--------
nle(id0,id1,dist): 5 15 1.5969565784759183
list:
dist: 1.5969565784759183 vs. 1.5969565784759183
--------
nle(id0,id1,dist): 5 14 3.304867083661894
list:
dist: 3.304867083661894 vs. 3.304867083661894
--------
nle(id0,id1,dist): 5 9 0.5922877530699218
list:
dist: 0.5922877530699218 vs. 0.5922877530699218
--------
nle(id0,id1,dist): 5 8 2.219787809894065
list:
dist: 2.219787809894065 vs. 2.219787809894065
--------
nle(id0,id1,dist): 5 11 1.4272053694001359
list:
dist: 1.4272053694001359 vs. 1.4272053694001359
--------
nle(id0,id1,dist): 5 10 0.8035811317227859
list:
dist: 0.8035811317227859 vs. 0.8035811317227859
--------
nle(id0,id1,dist): 4 11 2.2531760396121654
list:
dist: 2.2531760396121654 vs. 2.2531760396121654
--------
nle(id0,id1,dist): 4 7 1.5983269982276
list:
dist: 1.5983269982276 vs. 1.5983269982276
--------
nle(id0,id1,dist): 4 8 2.0410481462475776
list:
dist: 2.0410481462475776 vs. 2.0410481462475776
--------
nle(id0,id1,dist): 4 6 1.3660656353786635
list:
dist: 1.3660656353786635 vs. 1.3660656353786635
--------
nle(id0,id1,dist): 4 17 2.5038253007369353
list:
dist: 2.5038253007369353 vs. 2.5038253007369353
--------
nle(id0,id1,dist): 4 16 1.4726493920923454
list:
dist: 1.4726493920923454 vs. 1.4726493920923454
--------
nle(id0,id1,dist): 6 28 4.149730573775023
list:
dist: 4.149730573775023 vs. 4.149730573775023
--------
nle(id0,id1,dist): 6 19 4.014961616913248
list:
dist: 4.014961616913248 vs. 4.014961616913248
--------
nle(id0,id1,dist): 6 20 4.79514822236972
list:
dist: 4.79514822236972 vs. 4.79514822236972
--------
nle(id0,id1,dist): 6 21 4.612440002868727
list:
dist: 4.612440002868727 vs. 4.612440002868727
--------
nle(id0,id1,dist): 6 23 3.3603485059306695
list:
dist: 3.3603485059306695 vs. 3.3603485059306695
--------
nle(id0,id1,dist): 6 25 3.9081308036616678
list:
dist: 3.9081308036616678 vs. 3.9081308036616678
--------
nle(id0,id1,dist): 7 9 1.6022079040575608
list:
dist: 1.6022079040575608 vs. 1.6022079040575608
--------
nle(id0,id1,dist): 7 8 1.283085477244474
list:
dist: 1.283085477244474 vs. 1.283085477244474
--------
nle(id0,id1,dist): 7 11 2.1898591340391595
list:
dist: 2.1898591340391595 vs. 2.1898591340391595
--------
nle(id0,id1,dist): 7 10 1.7582850163363826
list:
dist: 1.7582850163363826 vs. 1.7582850163363826
--------
nle(id0,id1,dist): 7 13 2.077477003933389
list:
dist: 2.077477003933389 vs. 2.077477003933389
--------
nle(id0,id1,dist): 7 12 1.372944311407105
list:
dist: 1.372944311407105 vs. 1.372944311407105
--------
nle(id0,id1,dist): 5 25 2.0268430331780465
list:
dist: 2.0268430331780465 vs. 2.0268430331780465
--------
nle(id0,id1,dist): 5 28 1.953435279499147
list:
dist: 1.953435279499147 vs. 1.953435279499147
--------
nle(id0,id1,dist): 5 29 3.695690711986236
list:
dist: 3.695690711986236 vs. 3.695690711986236
--------
nle(id0,id1,dist): 6 13 3.186841408106497
list:
dist: 3.186841408106497 vs. 3.186841408106497
--------
nle(id0,id1,dist): 6 12 2.3922713036009284
list:
dist: 2.3922713036009284 vs. 2.3922713036009284
--------
nle(id0,id1,dist): 6 11 3.119146256436956
list:
dist: 3.119146256436956 vs. 3.119146256436956
--------
nle(id0,id1,dist): 6 18 4.00527934082612
list:
dist: 4.00527934082612 vs. 4.00527934082612
--------
nle(id0,id1,dist): 6 17 3.504533707825468
list:
dist: 3.504533707825468 vs. 3.504533707825468
--------
nle(id0,id1,dist): 6 16 2.1283961884354854
list:
dist: 2.1283961884354854 vs. 2.1283961884354854
--------
nle(id0,id1,dist): 6 15 3.883292096232477
list:
dist: 3.883292096232477 vs. 3.883292096232477
--------
nle(id0,id1,dist): 6 10 3.0180091322847975
list:
dist: 3.0180091322847975 vs. 3.0180091322847975
--------
nle(id0,id1,dist): 6 9 2.747424706470495
list:
dist: 2.747424706470495 vs. 2.747424706470495
--------
nle(id0,id1,dist): 6 8 0.9762926102803408
list:
dist: 0.9762926102803408 vs. 0.9762926102803408
--------
nle(id0,id1,dist): 6 7 1.2727804927477064
list:
dist: 1.2727804927477064 vs. 1.2727804927477064
--------
nle(id0,id1,dist): 8 13 2.6181381202181573
list:
dist: 2.6181381202181573 vs. 2.6181381202181573
--------
nle(id0,id1,dist): 8 16 2.4763569540003574
list:
dist: 2.4763569540003574 vs. 2.4763569540003574
--------
nle(id0,id1,dist): 8 10 2.9087547766341357
list:
dist: 2.9087547766341357 vs. 2.9087547766341357
--------
nle(id0,id1,dist): 8 9 2.646966055536002
list:
dist: 2.646966055536002 vs. 2.646966055536002
--------
nle(id0,id1,dist): 8 12 2.575492510036689
list:
dist: 2.575492510036689 vs. 2.575492510036689
--------
nle(id0,id1,dist): 8 18 3.544680630649476
list:
dist: 3.544680630649476 vs. 3.544680630649476
--------
nle(id0,id1,dist): 7 21 3.6528305434981605
list:
dist: 3.6528305434981605 vs. 3.6528305434981605
--------
nle(id0,id1,dist): 7 20 3.6514131380719834
list:
dist: 3.6514131380719834 vs. 3.6514131380719834
--------
nle(id0,id1,dist): 7 19 2.7746346184646034
list:
dist: 2.7746346184646034 vs. 2.7746346184646034
--------
nle(id0,id1,dist): 7 18 2.8194861732447927
list:
dist: 2.8194861732447927 vs. 2.8194861732447927
--------
nle(id0,id1,dist): 7 17 2.6555222062115056
list:
dist: 2.6555222062115056 vs. 2.6555222062115056
--------
nle(id0,id1,dist): 7 16 1.2900333543408937
list:
dist: 1.2900333543408937 vs. 1.2900333543408937
--------
nle(id0,id1,dist): 7 15 2.6841357023494887
list:
dist: 2.6841357023494887 vs. 2.6841357023494887
--------
nle(id0,id1,dist): 7 28 3.0129225732316374
list:
dist: 3.0129225732316374 vs. 3.0129225732316374
--------
nle(id0,id1,dist): 7 25 2.9248430900710205
list:
dist: 2.9248430900710205 vs. 2.9248430900710205
--------
nle(id0,id1,dist): 7 23 2.167378007592382
list:
dist: 2.167378007592382 vs. 2.167378007592382
--------
nle(id0,id1,dist): 10 12 1.229412398564336
list:
dist: 1.229412398564336 vs. 1.229412398564336
--------
nle(id0,id1,dist): 10 11 1.5615365442076312
list:
dist: 1.5615365442076312 vs. 1.5615365442076312
--------
nle(id0,id1,dist): 10 14 2.6437966840425293
list:
dist: 2.6437966840425293 vs. 2.6437966840425293
--------
nle(id0,id1,dist): 10 13 1.5789481301320343
list:
dist: 1.5789481301320343 vs. 1.5789481301320343
--------
nle(id0,id1,dist): 10 15 1.2275613446295697
list:
dist: 1.2275613446295697 vs. 1.2275613446295697
--------
nle(id0,id1,dist): 10 16 1.519012259078222
list:
dist: 1.519012259078222 vs. 1.519012259078222
--------
nle(id0,id1,dist): 10 17 2.0097171726931
list:
dist: 2.0097171726931 vs. 2.0097171726931
--------
nle(id0,id1,dist): 10 18 1.6550551593358895
list:
dist: 1.6550551593358895 vs. 1.6550551593358895
--------
nle(id0,id1,dist): 10 19 1.117420890969271
list:
dist: 1.117420890969271 vs. 1.117420890969271
--------
nle(id0,id1,dist): 10 20 2.0784328257935254
list:
dist: 2.0784328257935254 vs. 2.0784328257935254
--------
nle(id0,id1,dist): 10 21 2.56299809157553
list:
dist: 2.56299809157553 vs. 2.56299809157553
--------
nle(id0,id1,dist): 10 23 0.8292283451240562
list:
dist: 0.8292283451240562 vs. 0.8292283451240562
--------
nle(id0,id1,dist): 10 25 1.8887347808895099
list:
dist: 1.8887347808895099 vs. 1.8887347808895099
--------
nle(id0,id1,dist): 10 28 1.6172228702664637
list:
dist: 1.6172228702664637 vs. 1.6172228702664637
--------
nle(id0,id1,dist): 10 29 3.072572570795346
list:
dist: 3.072572570795346 vs. 3.072572570795346
--------
nle(id0,id1,dist): 9 11 1.0750763441175597
list:
dist: 1.0750763441175597 vs. 1.0750763441175597
--------
nle(id0,id1,dist): 9 10 0.9175675180751691
list:
dist: 0.9175675180751691 vs. 0.9175675180751691
--------
nle(id0,id1,dist): 9 15 1.1499162081198893
list:
dist: 1.1499162081198893 vs. 1.1499162081198893
--------
nle(id0,id1,dist): 9 14 2.9610821007156742
list:
dist: 2.9610821007156742 vs. 2.9610821007156742
--------
nle(id0,id1,dist): 9 13 1.9484519624835275
list:
dist: 1.9484519624835275 vs. 1.9484519624835275
--------
nle(id0,id1,dist): 9 12 1.7128288753777638
list:
dist: 1.7128288753777638 vs. 1.7128288753777638
--------
nle(id0,id1,dist): 9 19 1.37542671002837
list:
dist: 1.37542671002837 vs. 1.37542671002837
--------
nle(id0,id1,dist): 9 18 1.66560117779034
list:
dist: 1.66560117779034 vs. 1.66560117779034
--------
nle(id0,id1,dist): 9 17 1.5244320012780528
list:
dist: 1.5244320012780528 vs. 1.5244320012780528
--------
nle(id0,id1,dist): 9 16 1.2375330990989797
list:
dist: 1.2375330990989797 vs. 1.2375330990989797
--------
nle(id0,id1,dist): 9 23 0.6520436166033049
list:
dist: 0.6520436166033049 vs. 0.6520436166033049
--------
nle(id0,id1,dist): 9 20 2.3931056415822374
list:
dist: 2.3931056415822374 vs. 2.3931056415822374
--------
nle(id0,id1,dist): 9 21 2.203241992556486
list:
dist: 2.203241992556486 vs. 2.203241992556486
--------
nle(id0,id1,dist): 9 25 1.5807906708923862
list:
dist: 1.5807906708923862 vs. 1.5807906708923862
--------
nle(id0,id1,dist): 9 28 1.4586048124336783
list:
dist: 1.4586048124336783 vs. 1.4586048124336783
--------
nle(id0,id1,dist): 9 29 3.310661516200747
list:
dist: 3.310661516200747 vs. 3.310661516200747
--------
nle(id0,id1,dist): 12 20 2.760336581693697
list:
dist: 2.760336581693697 vs. 2.760336581693697
--------
nle(id0,id1,dist): 12 19 2.2811263862786064
list:
dist: 2.2811263862786064 vs. 2.2811263862786064
--------
nle(id0,id1,dist): 12 18 2.8253859590272157
list:
dist: 2.8253859590272157 vs. 2.8253859590272157
--------
nle(id0,id1,dist): 12 17 2.452670947590078
list:
dist: 2.452670947590078 vs. 2.452670947590078
--------
nle(id0,id1,dist): 12 16 1.2671889807170642
list:
dist: 1.2671889807170642 vs. 1.2671889807170642
--------
nle(id0,id1,dist): 12 15 2.397881075995306
list:
dist: 2.397881075995306 vs. 2.397881075995306
--------
nle(id0,id1,dist): 12 14 3.610541351912905
list:
dist: 3.610541351912905 vs. 3.610541351912905
--------
nle(id0,id1,dist): 12 13 2.166798201597301
list:
dist: 2.166798201597301 vs. 2.166798201597301
--------
nle(id0,id1,dist): 11 28 1.3271916725939787
list:
dist: 1.3271916725939787 vs. 1.3271916725939787
--------
nle(id0,id1,dist): 11 26 1.6949082775707733
list:
dist: 1.6949082775707733 vs. 1.6949082775707733
--------
nle(id0,id1,dist): 11 27 2.2666981834492126
list:
dist: 2.2666981834492126 vs. 2.2666981834492126
--------
nle(id0,id1,dist): 11 23 1.1466505673419296
list:
dist: 1.1466505673419296 vs. 1.1466505673419296
--------
nle(id0,id1,dist): 11 22 2.121914364918411
list:
dist: 2.121914364918411 vs. 2.121914364918411
--------
nle(id0,id1,dist): 11 25 0.7933014779003661
list:
dist: 0.7933014779003661 vs. 0.7933014779003661
--------
nle(id0,id1,dist): 11 24 2.564990394134315
list:
dist: 2.564990394134315 vs. 2.564990394134315
--------
nle(id0,id1,dist): 11 19 1.7334191222120574
list:
dist: 1.7334191222120574 vs. 1.7334191222120574
--------
nle(id0,id1,dist): 11 18 2.5089997383958336
list:
dist: 2.5089997383958336 vs. 2.5089997383958336
--------
nle(id0,id1,dist): 11 21 1.5241141218599603
list:
dist: 1.5241141218599603 vs. 1.5241141218599603
--------
nle(id0,id1,dist): 11 20 2.0340580868039924
list:
dist: 2.0340580868039924 vs. 2.0340580868039924
--------
nle(id0,id1,dist): 11 15 1.522420131555869
list:
dist: 1.522420131555869 vs. 1.522420131555869
--------
nle(id0,id1,dist): 11 17 0.4983426486749205
list:
dist: 0.4983426486749205 vs. 0.4983426486749205
--------
nle(id0,id1,dist): 11 16 1.1061813525052517
list:
dist: 1.1061813525052517 vs. 1.1061813525052517
--------
nle(id0,id1,dist): 11 13 2.962855911662334
list:
dist: 2.962855911662334 vs. 2.962855911662334
--------
nle(id0,id1,dist): 11 12 2.0058458678686995
list:
dist: 2.0058458678686995 vs. 2.0058458678686995
--------
nle(id0,id1,dist): 13 25 3.3274043657192416
list:
dist: 3.3274043657192416 vs. 3.3274043657192416
--------
nle(id0,id1,dist): 13 28 2.8304555184534217
list:
dist: 2.8304555184534217 vs. 2.8304555184534217
--------
nle(id0,id1,dist): 13 29 3.8536285898982294
list:
dist: 3.8536285898982294 vs. 3.8536285898982294
--------
nle(id0,id1,dist): 13 18 1.5549271818882615
list:
dist: 1.5549271818882615 vs. 1.5549271818882615
--------
nle(id0,id1,dist): 13 19 2.135729042164764
list:
dist: 2.135729042164764 vs. 2.135729042164764
--------
nle(id0,id1,dist): 13 16 2.707463763762511
list:
dist: 2.707463763762511 vs. 2.707463763762511
--------
nle(id0,id1,dist): 13 17 3.423527962946698
list:
dist: 3.423527962946698 vs. 3.423527962946698
--------
nle(id0,id1,dist): 13 23 2.0408142938165206
list:
dist: 2.0408142938165206 vs. 2.0408142938165206
--------
nle(id0,id1,dist): 13 20 3.429498080274192
list:
dist: 3.429498080274192 vs. 3.429498080274192
--------
nle(id0,id1,dist): 13 21 3.88077785481978
list:
dist: 3.88077785481978 vs. 3.88077785481978
--------
nle(id0,id1,dist): 13 15 2.213085013725141
list:
dist: 2.213085013725141 vs. 2.213085013725141
--------
nle(id0,id1,dist): 13 14 3.5509952506620244
list:
dist: 3.5509952506620244 vs. 3.5509952506620244
--------
nle(id0,id1,dist): 12 29 4.104225123020556
list:
dist: 4.104225123020556 vs. 4.104225123020556
--------
nle(id0,id1,dist): 12 21 3.3296527708721797
list:
dist: 3.3296527708721797 vs. 3.3296527708721797
--------
nle(id0,id1,dist): 12 23 1.9181347496685075
list:
dist: 1.9181347496685075 vs. 1.9181347496685075
--------
nle(id0,id1,dist): 12 25 2.5370148595343367
list:
dist: 2.5370148595343367 vs. 2.5370148595343367
--------
nle(id0,id1,dist): 12 28 2.6276283878678863
list:
dist: 2.6276283878678863 vs. 2.6276283878678863
--------
nle(id0,id1,dist): 15 28 0.6494894766849586
list:
dist: 0.6494894766849586 vs. 0.6494894766849586
--------
nle(id0,id1,dist): 15 29 2.1840167068727636
list:
dist: 2.1840167068727636 vs. 2.1840167068727636
--------
nle(id0,id1,dist): 15 26 2.2818133768748665
list:
dist: 2.2818133768748665 vs. 2.2818133768748665
--------
nle(id0,id1,dist): 15 27 2.0521949870281926
list:
dist: 2.0521949870281926 vs. 2.0521949870281926
--------
nle(id0,id1,dist): 15 24 2.6516418674885185
list:
dist: 2.6516418674885185 vs. 2.6516418674885185
--------
nle(id0,id1,dist): 15 25 1.4005259121885678
list:
dist: 1.4005259121885678 vs. 1.4005259121885678
--------
nle(id0,id1,dist): 15 22 2.1061308378507175
list:
dist: 2.1061308378507175 vs. 2.1061308378507175
--------
nle(id0,id1,dist): 15 23 0.5497715749988672
list:
dist: 0.5497715749988672 vs. 0.5497715749988672
--------
nle(id0,id1,dist): 15 21 1.7348629837395084
list:
dist: 1.7348629837395084 vs. 1.7348629837395084
--------
nle(id0,id1,dist): 15 20 1.6887950786834407
list:
dist: 1.6887950786834407 vs. 1.6887950786834407
--------
nle(id0,id1,dist): 15 19 0.4536942167934052
list:
dist: 0.4536942167934052 vs. 0.4536942167934052
--------
nle(id0,id1,dist): 15 18 1.1926620386049216
list:
dist: 1.1926620386049216 vs. 1.1926620386049216
--------
nle(id0,id1,dist): 15 17 1.7536999859852864
list:
dist: 1.7536999859852864 vs. 1.7536999859852864
--------
nle(id0,id1,dist): 15 16 2.1907416205241397
list:
dist: 2.1907416205241397 vs. 2.1907416205241397
--------
nle(id0,id1,dist): 14 27 1.7073584523414274
list:
dist: 1.7073584523414274 vs. 1.7073584523414274
--------
nle(id0,id1,dist): 14 28 1.716816296918928
list:
dist: 1.716816296918928 vs. 1.716816296918928
--------
nle(id0,id1,dist): 14 29 0.5531376165919712
list:
dist: 0.5531376165919712 vs. 0.5531376165919712
--------
nle(id0,id1,dist): 14 15 1.8905264734813396
list:
dist: 1.8905264734813396 vs. 1.8905264734813396
--------
nle(id0,id1,dist): 14 18 2.5168616284966285
list:
dist: 2.5168616284966285 vs. 2.5168616284966285
--------
nle(id0,id1,dist): 14 24 1.9754451873664076
list:
dist: 1.9754451873664076 vs. 1.9754451873664076
--------
nle(id0,id1,dist): 14 23 2.3095124075682754
list:
dist: 2.3095124075682754 vs. 2.3095124075682754
--------
nle(id0,id1,dist): 14 26 2.90803285606199
list:
dist: 2.90803285606199 vs. 2.90803285606199
--------
nle(id0,id1,dist): 14 25 2.3391748773841274
list:
dist: 2.3391748773841274 vs. 2.3391748773841274
--------
nle(id0,id1,dist): 14 20 1.2585988710030795
list:
dist: 1.2585988710030795 vs. 1.2585988710030795
--------
nle(id0,id1,dist): 14 19 1.64452704062477
list:
dist: 1.64452704062477 vs. 1.64452704062477
--------
nle(id0,id1,dist): 14 22 1.7582897563161948
list:
dist: 1.7582897563161948 vs. 1.7582897563161948
--------
nle(id0,id1,dist): 14 21 2.252820701967215
list:
dist: 2.252820701967215 vs. 2.252820701967215
--------
nle(id0,id1,dist): 17 18 2.8201953146390712
list:
dist: 2.8201953146390712 vs. 2.8201953146390712
--------
nle(id0,id1,dist): 17 19 1.983339711291585
list:
dist: 1.983339711291585 vs. 1.983339711291585
--------
nle(id0,id1,dist): 17 22 1.8477089137744174
list:
dist: 1.8477089137744174 vs. 1.8477089137744174
--------
nle(id0,id1,dist): 17 23 1.500757940156509
list:
dist: 1.500757940156509 vs. 1.500757940156509
--------
nle(id0,id1,dist): 17 20 2.026882396797393
list:
dist: 2.026882396797393 vs. 2.026882396797393
--------
nle(id0,id1,dist): 17 21 1.188727924711705
list:
dist: 1.188727924711705 vs. 1.188727924711705
--------
nle(id0,id1,dist): 17 26 1.241479910935482
list:
dist: 1.241479910935482 vs. 1.241479910935482
--------
nle(id0,id1,dist): 17 27 1.9904700472372652
list:
dist: 1.9904700472372652 vs. 1.9904700472372652
--------
nle(id0,id1,dist): 17 24 2.301121894536632
list:
dist: 2.301121894536632 vs. 2.301121894536632
--------
nle(id0,id1,dist): 17 25 0.5972907045695036
list:
dist: 0.5972907045695036 vs. 0.5972907045695036
--------
nle(id0,id1,dist): 16 17 1.5146498292614354
list:
dist: 1.5146498292614354 vs. 1.5146498292614354
--------
nle(id0,id1,dist): 16 18 2.8643799632317357
list:
dist: 2.8643799632317357 vs. 2.8643799632317357
--------
nle(id0,id1,dist): 16 19 2.300758984920227
list:
dist: 2.300758984920227 vs. 2.300758984920227
--------
nle(id0,id1,dist): 16 20 2.750574867611273
list:
dist: 2.750574867611273 vs. 2.750574867611273
--------
nle(id0,id1,dist): 16 21 2.624932852718333
list:
dist: 2.624932852718333 vs. 2.624932852718333
--------
nle(id0,id1,dist): 16 23 1.654585808038847
list:
dist: 1.654585808038847 vs. 1.654585808038847
--------
nle(id0,id1,dist): 16 25 1.8566877357069949
list:
dist: 1.8566877357069949 vs. 1.8566877357069949
--------
nle(id0,id1,dist): 16 28 2.245197390276718
list:
dist: 2.245197390276718 vs. 2.245197390276718
--------
nle(id0,id1,dist): 1 2 1.5805428976629872
list:
dist: 1.5805428976629872 vs. 1.5805428976629872
--------
nle(id0,id1,dist): 1 3 2.06134732996908
list:
dist: 2.06134732996908 vs. 2.06134732996908
--------
nle(id0,id1,dist): 1 4 1.9989627427638095
list:
dist: 1.9989627427638095 vs. 1.9989627427638095
--------
nle(id0,id1,dist): 1 5 0.945262590129343
list:
dist: 0.945262590129343 vs. 0.945262590129343
--------
nle(id0,id1,dist): 1 6 2.218100472726989
list:
dist: 2.218100472726989 vs. 2.218100472726989
--------
nle(id0,id1,dist): 1 7 1.1731703524412869
list:
dist: 1.1731703524412869 vs. 1.1731703524412869
--------
nle(id0,id1,dist): 1 8 2.4498438166418803
list:
dist: 2.4498438166418803 vs. 2.4498438166418803
--------
nle(id0,id1,dist): 1 9 1.3455618930407767
list:
dist: 1.3455618930407767 vs. 1.3455618930407767
--------
nle(id0,id1,dist): 1 10 1.1421215329358112
list:
dist: 1.1421215329358112 vs. 1.1421215329358112
--------
nle(id0,id1,dist): 1 11 1.5496196648791116
list:
dist: 1.5496196648791116 vs. 1.5496196648791116
--------
nle(id0,id1,dist): 1 28 2.3498691438149133
list:
dist: 2.3498691438149133 vs. 2.3498691438149133
--------
nle(id0,id1,dist): 2 5 1.7961908180293424
list:
dist: 1.7961908180293424 vs. 1.7961908180293424
--------
nle(id0,id1,dist): 2 6 0.6929594346445627
list:
dist: 0.6929594346445627 vs. 0.6929594346445627
--------
nle(id0,id1,dist): 2 3 2.3935206297347786
list:
dist: 2.3935206297347786 vs. 2.3935206297347786
--------
nle(id0,id1,dist): 2 4 0.9991763686457815
list:
dist: 0.9991763686457815 vs. 0.9991763686457815
--------
nle(id0,id1,dist): 1 15 2.1711690443833964
list:
dist: 2.1711690443833964 vs. 2.1711690443833964
--------
nle(id0,id1,dist): 1 13 2.266341164046628
list:
dist: 2.266341164046628 vs. 2.266341164046628
--------
nle(id0,id1,dist): 1 12 0.525331869616312
list:
dist: 0.525331869616312 vs. 0.525331869616312
--------
nle(id0,id1,dist): 1 19 2.145663741952834
list:
dist: 2.145663741952834 vs. 2.145663741952834
--------
nle(id0,id1,dist): 1 18 2.7066961295640333
list:
dist: 2.7066961295640333 vs. 2.7066961295640333
--------
nle(id0,id1,dist): 1 17 2.0044577710457463
list:
dist: 2.0044577710457463 vs. 2.0044577710457463
--------
nle(id0,id1,dist): 1 16 0.7488476405955043
list:
dist: 0.7488476405955043 vs. 0.7488476405955043
--------
nle(id0,id1,dist): 1 23 1.645530623242816
list:
dist: 1.645530623242816 vs. 1.645530623242816
--------
nle(id0,id1,dist): 1 21 2.964032975951626
list:
dist: 2.964032975951626 vs. 2.964032975951626
--------
nle(id0,id1,dist): 1 20 2.6548924161353082
list:
dist: 2.6548924161353082 vs. 2.6548924161353082
--------
nle(id0,id1,dist): 1 25 2.1660752984618337
list:
dist: 2.1660752984618337 vs. 2.1660752984618337
--------
nle(id0,id1,dist): 2 28 3.5547755129698215
list:
dist: 3.5547755129698215 vs. 3.5547755129698215
--------
nle(id0,id1,dist): 2 23 2.7996508560193964
list:
dist: 2.7996508560193964 vs. 2.7996508560193964
--------
nle(id0,id1,dist): 2 25 3.2669022959731806
list:
dist: 3.2669022959731806 vs. 3.2669022959731806
--------
nle(id0,id1,dist): 2 12 1.8219304194545727
list:
dist: 1.8219304194545727 vs. 1.8219304194545727
--------
nle(id0,id1,dist): 2 11 2.481979833452055
list:
dist: 2.481979833452055 vs. 2.481979833452055
--------
nle(id0,id1,dist): 2 13 2.932768945160574
list:
dist: 2.932768945160574 vs. 2.932768945160574
--------
nle(id0,id1,dist): 2 8 1.3507020082429255
list:
dist: 1.3507020082429255 vs. 1.3507020082429255
--------
nle(id0,id1,dist): 2 7 0.8606500396820504
list:
dist: 0.8606500396820504 vs. 0.8606500396820504
--------
nle(id0,id1,dist): 2 10 2.4685866075407055
list:
dist: 2.4685866075407055 vs. 2.4685866075407055
--------
nle(id0,id1,dist): 2 9 2.21327607218033
list:
dist: 2.21327607218033 vs. 2.21327607218033
--------
nle(id0,id1,dist): 2 20 4.139297335967043
list:
dist: 4.139297335967043 vs. 4.139297335967043
--------
nle(id0,id1,dist): 2 19 3.45777233460909
list:
dist: 3.45777233460909 vs. 3.45777233460909
--------
nle(id0,id1,dist): 2 21 3.9952805711726347
list:
dist: 3.9952805711726347 vs. 3.9952805711726347
--------
nle(id0,id1,dist): 2 16 1.450655453784016
list:
dist: 1.450655453784016 vs. 1.450655453784016
--------
nle(id0,id1,dist): 2 15 3.3394664280335142
list:
dist: 3.3394664280335142 vs. 3.3394664280335142
--------
nle(id0,id1,dist): 2 18 3.615733041339733
list:
dist: 3.615733041339733 vs. 3.615733041339733
--------
nle(id0,id1,dist): 2 17 2.870868782303639
list:
dist: 2.870868782303639 vs. 2.870868782303639
--------
nle(id0,id1,dist): 3 25 3.3560523554614554
list:
dist: 3.3560523554614554 vs. 3.3560523554614554
--------
nle(id0,id1,dist): 3 23 2.1294253403019288
list:
dist: 2.1294253403019288 vs. 2.1294253403019288
--------
nle(id0,id1,dist): 3 20 3.7032582232516464
list:
dist: 3.7032582232516464 vs. 3.7032582232516464
--------
nle(id0,id1,dist): 3 21 3.9580161584160964
list:
dist: 3.9580161584160964 vs. 3.9580161584160964
--------
nle(id0,id1,dist): 3 18 1.8991439090624538
list:
dist: 1.8991439090624538 vs. 1.8991439090624538
--------
nle(id0,id1,dist): 3 19 2.432769186950615
list:
dist: 2.432769186950615 vs. 2.432769186950615
--------
nle(id0,id1,dist): 3 28 2.999605152807179
list:
dist: 2.999605152807179 vs. 2.999605152807179
--------
nle(id0,id1,dist): 3 29 4.300717311058051
list:
dist: 4.300717311058051 vs. 4.300717311058051
--------
nle(id0,id1,dist): 3 9 1.8297188622999514
list:
dist: 1.8297188622999514 vs. 1.8297188622999514
--------
nle(id0,id1,dist): 3 8 1.9593123760055895
list:
dist: 1.9593123760055895 vs. 1.9593123760055895
--------
nle(id0,id1,dist): 3 7 1.56246328166676
list:
dist: 1.56246328166676 vs. 1.56246328166676
--------
nle(id0,id1,dist): 3 6 2.5767678209795846
list:
dist: 2.5767678209795846 vs. 2.5767678209795846
--------
nle(id0,id1,dist): 3 5 1.459011529445356
list:
dist: 1.459011529445356 vs. 1.459011529445356
--------
nle(id0,id1,dist): 3 17 3.334971482160216
list:
dist: 3.334971482160216 vs. 3.334971482160216
--------
nle(id0,id1,dist): 3 16 2.426246192898443
list:
dist: 2.426246192898443 vs. 2.426246192898443
--------
nle(id0,id1,dist): 3 15 2.421299346073285
list:
dist: 2.421299346073285 vs. 2.421299346073285
--------
nle(id0,id1,dist): 3 14 3.9798262080824975
list:
dist: 3.9798262080824975 vs. 3.9798262080824975
--------
nle(id0,id1,dist): 3 13 0.6630172029568185
list:
dist: 0.6630172029568185 vs. 0.6630172029568185
--------
nle(id0,id1,dist): 3 12 2.028494811854832
list:
dist: 2.028494811854832 vs. 2.028494811854832
--------
nle(id0,id1,dist): 3 11 2.855214292820062
list:
dist: 2.855214292820062 vs. 2.855214292820062
--------
nle(id0,id1,dist): 3 10 1.6778662900702945
list:
dist: 1.6778662900702945 vs. 1.6778662900702945
--------
nle(id0,id1,dist): 37 48 1.733468200164996
list:
dist: 1.733468200164996 vs. 1.733468200164996
--------
nle(id0,id1,dist): 37 49 2.404616490576116
list:
dist: 2.404616490576116 vs. 2.404616490576116
--------
nle(id0,id1,dist): 37 50 3.155954214274418
list:
dist: 3.155954214274418 vs. 3.155954214274418
--------
nle(id0,id1,dist): 37 51 0.6074401134707942
list:
dist: 0.6074401134707942 vs. 0.6074401134707942
--------
nle(id0,id1,dist): 37 52 1.9854105064771765
list:
dist: 1.9854105064771765 vs. 1.9854105064771765
--------
nle(id0,id1,dist): 37 53 2.8289176636326427
list:
dist: 2.8289176636326427 vs. 2.8289176636326427
--------
nle(id0,id1,dist): 37 54 2.302955035798706
list:
dist: 2.302955035798706 vs. 2.302955035798706
--------
nle(id0,id1,dist): 37 55 1.6780584841549755
list:
dist: 1.6780584841549755 vs. 1.6780584841549755
--------
nle(id0,id1,dist): 37 40 2.3471949113800656
list:
dist: 2.3471949113800656 vs. 2.3471949113800656
--------
nle(id0,id1,dist): 37 41 2.5930485452410363
list:
dist: 2.5930485452410363 vs. 2.5930485452410363
--------
nle(id0,id1,dist): 37 42 1.5584532062151906
list:
dist: 1.5584532062151906 vs. 1.5584532062151906
--------
nle(id0,id1,dist): 37 44 2.2429825636112444
list:
dist: 2.2429825636112444 vs. 2.2429825636112444
--------
nle(id0,id1,dist): 37 46 1.4614817139066527
list:
dist: 1.4614817139066527 vs. 1.4614817139066527
--------
nle(id0,id1,dist): 37 47 0.341266691173507
list:
dist: 0.341266691173507 vs. 0.341266691173507
--------
nle(id0,id1,dist): 37 38 3.2896546113212675
list:
dist: 3.2896546113212675 vs. 3.2896546113212675
--------
nle(id0,id1,dist): 36 55 1.0240475392867796
list:
dist: 1.0240475392867796 vs. 1.0240475392867796
--------
nle(id0,id1,dist): 36 56 0.8788100419532461
list:
dist: 0.8788100419532461 vs. 0.8788100419532461
--------
nle(id0,id1,dist): 36 53 1.8898344906623783
list:
dist: 1.8898344906623783 vs. 1.8898344906623783
--------
nle(id0,id1,dist): 36 54 1.5068007925052032
list:
dist: 1.5068007925052032 vs. 1.5068007925052032
--------
nle(id0,id1,dist): 36 59 3.4790351054197988
list:
dist: 3.4790351054197988 vs. 3.4790351054197988
--------
nle(id0,id1,dist): 36 57 1.6521126698517146
list:
dist: 1.6521126698517146 vs. 1.6521126698517146
--------
nle(id0,id1,dist): 36 58 1.4677778104550714
list:
dist: 1.4677778104550714 vs. 1.4677778104550714
--------
nle(id0,id1,dist): 36 47 1.4042915722496876
list:
dist: 1.4042915722496876 vs. 1.4042915722496876
--------
nle(id0,id1,dist): 36 48 1.0295379491734689
list:
dist: 1.0295379491734689 vs. 1.0295379491734689
--------
nle(id0,id1,dist): 36 46 1.3737509291977656
list:
dist: 1.3737509291977656 vs. 1.3737509291977656
--------
nle(id0,id1,dist): 36 51 1.3912674568014383
list:
dist: 1.3912674568014383 vs. 1.3912674568014383
--------
nle(id0,id1,dist): 36 52 1.642470479465448
list:
dist: 1.642470479465448 vs. 1.642470479465448
--------
nle(id0,id1,dist): 36 49 2.21500550760962
list:
dist: 2.21500550760962 vs. 2.21500550760962
--------
nle(id0,id1,dist): 36 50 2.0045459450237217
list:
dist: 2.0045459450237217 vs. 2.0045459450237217
--------
nle(id0,id1,dist): 36 40 2.4596675151049725
list:
dist: 2.4596675151049725 vs. 2.4596675151049725
--------
nle(id0,id1,dist): 36 38 1.9572363028994286
list:
dist: 1.9572363028994286 vs. 1.9572363028994286
--------
nle(id0,id1,dist): 36 37 1.3841210087270215
list:
dist: 1.3841210087270215 vs. 1.3841210087270215
--------
nle(id0,id1,dist): 36 44 1.7242968337541327
list:
dist: 1.7242968337541327 vs. 1.7242968337541327
--------
nle(id0,id1,dist): 36 43 2.283220061342883
list:
dist: 2.283220061342883 vs. 2.283220061342883
--------
nle(id0,id1,dist): 36 42 1.567769964166829
list:
dist: 1.567769964166829 vs. 1.567769964166829
--------
nle(id0,id1,dist): 36 41 1.9917868737326336
list:
dist: 1.9917868737326336 vs. 1.9917868737326336
--------
nle(id0,id1,dist): 35 58 2.506653533261107
list:
dist: 2.506653533261107 vs. 2.506653533261107
--------
nle(id0,id1,dist): 35 54 2.364769855244259
list:
dist: 2.364769855244259 vs. 2.364769855244259
--------
nle(id0,id1,dist): 35 55 0.9371225223710833
list:
dist: 0.9371225223710833 vs. 0.9371225223710833
--------
nle(id0,id1,dist): 35 56 1.398124146100558
list:
dist: 1.398124146100558 vs. 1.398124146100558
--------
nle(id0,id1,dist): 35 57 2.6795480392600757
list:
dist: 2.6795480392600757 vs. 2.6795480392600757
--------
nle(id0,id1,dist): 35 50 2.7485346930338777
list:
dist: 2.7485346930338777 vs. 2.7485346930338777
--------
nle(id0,id1,dist): 35 51 0.8638297866432871
list:
dist: 0.8638297866432871 vs. 0.8638297866432871
--------
nle(id0,id1,dist): 35 52 2.372154881389245
list:
dist: 2.372154881389245 vs. 2.372154881389245
--------
nle(id0,id1,dist): 35 53 2.7539024079246945
list:
dist: 2.7539024079246945 vs. 2.7539024079246945
--------
nle(id0,id1,dist): 35 47 1.353699830025517
list:
dist: 1.353699830025517 vs. 1.353699830025517
--------
nle(id0,id1,dist): 35 46 0.7305434083389334
list:
dist: 0.7305434083389334 vs. 0.7305434083389334
--------
nle(id0,id1,dist): 35 49 2.9683664086076855
list:
dist: 2.9683664086076855 vs. 2.9683664086076855
--------
nle(id0,id1,dist): 35 48 1.835194631728177
list:
dist: 1.835194631728177 vs. 1.835194631728177
--------
nle(id0,id1,dist): 35 42 1.0860801527076822
list:
dist: 1.0860801527076822 vs. 1.0860801527076822
--------
nle(id0,id1,dist): 35 44 2.6483897612657734
list:
dist: 2.6483897612657734 vs. 2.6483897612657734
--------
nle(id0,id1,dist): 35 38 2.662587878962296
list:
dist: 2.662587878962296 vs. 2.662587878962296
--------
nle(id0,id1,dist): 35 41 2.1634930958075285
list:
dist: 2.1634930958075285 vs. 2.1634930958075285
--------
nle(id0,id1,dist): 35 40 1.7294051180727945
list:
dist: 1.7294051180727945 vs. 1.7294051180727945
--------
nle(id0,id1,dist): 35 37 1.0889705529768265
list:
dist: 1.0889705529768265 vs. 1.0889705529768265
--------
nle(id0,id1,dist): 35 36 1.0667962509365791
list:
dist: 1.0667962509365791 vs. 1.0667962509365791
--------
nle(id0,id1,dist): 34 57 3.946965046815854
list:
dist: 3.946965046815854 vs. 3.946965046815854
--------
nle(id0,id1,dist): 34 58 3.7018254878999803
list:
dist: 3.7018254878999803 vs. 3.7018254878999803
--------
nle(id0,id1,dist): 34 55 1.9516160554179152
list:
dist: 1.9516160554179152 vs. 1.9516160554179152
--------
nle(id0,id1,dist): 34 56 2.5915918514210716
list:
dist: 2.5915918514210716 vs. 2.5915918514210716
--------
nle(id0,id1,dist): 34 54 3.2788002770330515
list:
dist: 3.2788002770330515 vs. 3.2788002770330515
--------
nle(id0,id1,dist): 34 53 3.700036154472872
list:
dist: 3.700036154472872 vs. 3.700036154472872
--------
nle(id0,id1,dist): 34 52 3.461978391014103
list:
dist: 3.461978391014103 vs. 3.461978391014103
--------
nle(id0,id1,dist): 34 51 1.1262251705938642
list:
dist: 1.1262251705938642 vs. 1.1262251705938642
--------
nle(id0,id1,dist): 34 50 3.7882902544703256
list:
dist: 3.7882902544703256 vs. 3.7882902544703256
--------
nle(id0,id1,dist): 34 49 3.9176531659282565
list:
dist: 3.9176531659282565 vs. 3.9176531659282565
--------
nle(id0,id1,dist): 34 48 2.7677039419486857
list:
dist: 2.7677039419486857 vs. 2.7677039419486857
--------
nle(id0,id1,dist): 34 47 1.8059995541598413
list:
dist: 1.8059995541598413 vs. 1.8059995541598413
--------
nle(id0,id1,dist): 34 46 1.3571553268175578
list:
dist: 1.3571553268175578 vs. 1.3571553268175578
--------
nle(id0,id1,dist): 34 44 3.669373511627474
list:
dist: 3.669373511627474 vs. 3.669373511627474
--------
nle(id0,id1,dist): 34 42 1.3672337011890783
list:
dist: 1.3672337011890783 vs. 1.3672337011890783
--------
nle(id0,id1,dist): 34 41 2.686742765164942
list:
dist: 2.686742765164942 vs. 2.686742765164942
--------
nle(id0,id1,dist): 34 40 1.4149097092824474
list:
dist: 1.4149097092824474 vs. 1.4149097092824474
--------
nle(id0,id1,dist): 34 36 2.394397765085862
list:
dist: 2.394397765085862 vs. 2.394397765085862
--------
nle(id0,id1,dist): 34 35 1.4728498124401823
list:
dist: 1.4728498124401823 vs. 1.4728498124401823
--------
nle(id0,id1,dist): 34 38 3.9114787592428613
list:
dist: 3.9114787592428613 vs. 3.9114787592428613
--------
nle(id0,id1,dist): 34 37 1.5150386297245044
list:
dist: 1.5150386297245044 vs. 1.5150386297245044
--------
nle(id0,id1,dist): 33 44 2.3319960287678625
list:
dist: 2.3319960287678625 vs. 2.3319960287678625
--------
nle(id0,id1,dist): 33 46 1.661978590744895
list:
dist: 1.661978590744895 vs. 1.661978590744895
--------
nle(id0,id1,dist): 33 47 2.2992602942533176
list:
dist: 2.2992602942533176 vs. 2.2992602942533176
--------
nle(id0,id1,dist): 33 48 1.0203630279579181
list:
dist: 1.0203630279579181 vs. 1.0203630279579181
--------
nle(id0,id1,dist): 33 49 3.1344268019089485
list:
dist: 3.1344268019089485 vs. 3.1344268019089485
--------
nle(id0,id1,dist): 33 50 1.029494835153732
list:
dist: 1.029494835153732 vs. 1.029494835153732
--------
nle(id0,id1,dist): 33 51 2.0056879264530285
list:
dist: 2.0056879264530285 vs. 2.0056879264530285
--------
nle(id0,id1,dist): 33 52 2.793612503053913
list:
dist: 2.793612503053913 vs. 2.793612503053913
--------
nle(id0,id1,dist): 33 53 1.051966617975628
list:
dist: 1.051966617975628 vs. 1.051966617975628
--------
nle(id0,id1,dist): 33 54 1.0018863214936993
list:
dist: 1.0018863214936993 vs. 1.0018863214936993
--------
nle(id0,id1,dist): 33 55 1.1894120432106157
list:
dist: 1.1894120432106157 vs. 1.1894120432106157
--------
nle(id0,id1,dist): 33 56 2.295672816931129
list:
dist: 2.295672816931129 vs. 2.295672816931129
--------
nle(id0,id1,dist): 33 57 1.6594553302686976
list:
dist: 1.6594553302686976 vs. 1.6594553302686976
--------
nle(id0,id1,dist): 33 58 2.038188900991619
list:
dist: 2.038188900991619 vs. 2.038188900991619
--------
nle(id0,id1,dist): 33 59 3.6134597133060344
list:
dist: 3.6134597133060344 vs. 3.6134597133060344
--------
nle(id0,id1,dist): 33 35 2.0109795622242164
list:
dist: 2.0109795622242164 vs. 2.0109795622242164
--------
nle(id0,id1,dist): 33 34 2.8366352878016694
list:
dist: 2.8366352878016694 vs. 2.8366352878016694
--------
nle(id0,id1,dist): 33 38 1.6056541651197722
list:
dist: 1.6056541651197722 vs. 1.6056541651197722
--------
nle(id0,id1,dist): 33 37 2.3160817773179554
list:
dist: 2.3160817773179554 vs. 2.3160817773179554
--------
nle(id0,id1,dist): 33 36 1.4861618641258665
list:
dist: 1.4861618641258665 vs. 1.4861618641258665
--------
nle(id0,id1,dist): 33 43 2.7423217797769674
list:
dist: 2.7423217797769674 vs. 2.7423217797769674
--------
nle(id0,id1,dist): 33 42 1.5251663651618275
list:
dist: 1.5251663651618275 vs. 1.5251663651618275
--------
nle(id0,id1,dist): 33 41 0.756666875101226
list:
dist: 0.756666875101226 vs. 0.756666875101226
--------
nle(id0,id1,dist): 33 40 2.29891895782416
list:
dist: 2.29891895782416 vs. 2.29891895782416
--------
nle(id0,id1,dist): 32 51 1.407855493921436
list:
dist: 1.407855493921436 vs. 1.407855493921436
--------
nle(id0,id1,dist): 32 52 3.7221299186374455
list:
dist: 3.7221299186374455 vs. 3.7221299186374455
--------
nle(id0,id1,dist): 32 49 4.19783768587613
list:
dist: 4.19783768587613 vs. 4.19783768587613
--------
nle(id0,id1,dist): 32 50 3.1340924732800586
list:
dist: 3.1340924732800586 vs. 3.1340924732800586
--------
nle(id0,id1,dist): 32 55 1.4582484534331857
list:
dist: 1.4582484534331857 vs. 1.4582484534331857
--------
nle(id0,id1,dist): 32 56 2.8301077723664774
list:
dist: 2.8301077723664774 vs. 2.8301077723664774
--------
nle(id0,id1,dist): 32 53 3.2229963529715544
list:
dist: 3.2229963529715544 vs. 3.2229963529715544
--------
nle(id0,id1,dist): 32 54 2.9339409454654457
list:
dist: 2.9339409454654457 vs. 2.9339409454654457
--------
nle(id0,id1,dist): 32 57 3.5991495069173127
list:
dist: 3.5991495069173127 vs. 3.5991495069173127
--------
nle(id0,id1,dist): 32 58 3.625909782483122
list:
dist: 3.625909782483122 vs. 3.625909782483122
--------
nle(id0,id1,dist): 32 38 3.3079559798651905
list:
dist: 3.3079559798651905 vs. 3.3079559798651905
--------
nle(id0,id1,dist): 32 37 2.0025940558663966
list:
dist: 2.0025940558663966 vs. 2.0025940558663966
--------
nle(id0,id1,dist): 32 40 0.4263943608975731
list:
dist: 0.4263943608975731 vs. 0.4263943608975731
--------
nle(id0,id1,dist): 32 34 1.0743681255443505
list:
dist: 1.0743681255443505 vs. 1.0743681255443505
--------
nle(id0,id1,dist): 32 33 2.2197003657809624
list:
dist: 2.2197003657809624 vs. 2.2197003657809624
--------
nle(id0,id1,dist): 32 36 2.2948724214634786
list:
dist: 2.2948724214634786 vs. 2.2948724214634786
--------
nle(id0,id1,dist): 32 35 1.550007438594803
list:
dist: 1.550007438594803 vs. 1.550007438594803
--------
nle(id0,id1,dist): 32 46 0.9487423603261498
list:
dist: 0.9487423603261498 vs. 0.9487423603261498
--------
nle(id0,id1,dist): 32 48 2.5363044794403664
list:
dist: 2.5363044794403664 vs. 2.5363044794403664
--------
nle(id0,id1,dist): 32 47 2.2481894262377993
list:
dist: 2.2481894262377993 vs. 2.2481894262377993
--------
nle(id0,id1,dist): 32 42 0.7808632088063815
list:
dist: 0.7808632088063815 vs. 0.7808632088063815
--------
nle(id0,id1,dist): 32 41 1.8443551886802676
list:
dist: 1.8443551886802676 vs. 1.8443551886802676
--------
nle(id0,id1,dist): 32 44 3.730271108738888
list:
dist: 3.730271108738888 vs. 3.730271108738888
--------
nle(id0,id1,dist): 31 55 2.309443641604129
list:
dist: 2.309443641604129 vs. 2.309443641604129
--------
nle(id0,id1,dist): 31 42 1.6681014900507283
list:
dist: 1.6681014900507283 vs. 1.6681014900507283
--------
nle(id0,id1,dist): 31 40 1.4084273451808282
list:
dist: 1.4084273451808282 vs. 1.4084273451808282
--------
nle(id0,id1,dist): 31 51 1.6101881517813192
list:
dist: 1.6101881517813192 vs. 1.6101881517813192
--------
nle(id0,id1,dist): 31 47 2.2973263272735087
list:
dist: 2.2973263272735087 vs. 2.2973263272735087
--------
nle(id0,id1,dist): 31 46 1.7023042334824217
list:
dist: 1.7023042334824217 vs. 1.7023042334824217
--------
nle(id0,id1,dist): 31 37 2.01574534221807
list:
dist: 2.01574534221807 vs. 2.01574534221807
--------
nle(id0,id1,dist): 31 34 0.5066230537282065
list:
dist: 0.5066230537282065 vs. 0.5066230537282065
--------
nle(id0,id1,dist): 31 35 1.916875480037232
list:
dist: 1.916875480037232 vs. 1.916875480037232
--------
nle(id0,id1,dist): 31 32 1.1369096378235672
list:
dist: 1.1369096378235672 vs. 1.1369096378235672
--------
nle(id0,id1,dist): 43 59 1.3843942138127323
list:
dist: 1.3843942138127323 vs. 1.3843942138127323
--------
nle(id0,id1,dist): 43 58 0.8803356824646551
list:
dist: 0.8803356824646551 vs. 0.8803356824646551
--------
nle(id0,id1,dist): 44 47 1.9824539996451505
list:
dist: 1.9824539996451505 vs. 1.9824539996451505
--------
nle(id0,id1,dist): 44 48 1.377630807160189
list:
dist: 1.377630807160189 vs. 1.377630807160189
--------
nle(id0,id1,dist): 44 46 2.9413214181782603
list:
dist: 2.9413214181782603 vs. 2.9413214181782603
--------
nle(id0,id1,dist): 44 51 2.5502987978986837
list:
dist: 2.5502987978986837 vs. 2.5502987978986837
--------
nle(id0,id1,dist): 44 52 0.9747718887091708
list:
dist: 0.9747718887091708 vs. 0.9747718887091708
--------
nle(id0,id1,dist): 44 49 0.8964680784294148
list:
dist: 0.8964680784294148 vs. 0.8964680784294148
--------
nle(id0,id1,dist): 44 50 2.5322160382111156
list:
dist: 2.5322160382111156 vs. 2.5322160382111156
--------
nle(id0,id1,dist): 43 50 2.472844209324509
list:
dist: 2.472844209324509 vs. 2.472844209324509
--------
nle(id0,id1,dist): 43 52 1.630184573113933
list:
dist: 1.630184573113933 vs. 1.630184573113933
--------
nle(id0,id1,dist): 43 53 2.0347219424634
list:
dist: 2.0347219424634 vs. 2.0347219424634
--------
nle(id0,id1,dist): 43 54 1.948128915271667
list:
dist: 1.948128915271667 vs. 1.948128915271667
--------
nle(id0,id1,dist): 43 56 2.216653191532033
list:
dist: 2.216653191532033 vs. 2.216653191532033
--------
nle(id0,id1,dist): 43 57 1.2811003363543336
list:
dist: 1.2811003363543336 vs. 1.2811003363543336
--------
nle(id0,id1,dist): 43 44 1.1809495146565492
list:
dist: 1.1809495146565492 vs. 1.1809495146565492
--------
nle(id0,id1,dist): 43 48 2.079635914000725
list:
dist: 2.079635914000725 vs. 2.079635914000725
--------
nle(id0,id1,dist): 43 49 1.6144516359019847
list:
dist: 1.6144516359019847 vs. 1.6144516359019847
--------
nle(id0,id1,dist): 42 46 0.4151982468095263
list:
dist: 0.4151982468095263 vs. 0.4151982468095263
--------
nle(id0,id1,dist): 42 44 2.988126417174
list:
dist: 2.988126417174 vs. 2.988126417174
--------
nle(id0,id1,dist): 42 57 2.831470249937128
list:
dist: 2.831470249937128 vs. 2.831470249937128
--------
nle(id0,id1,dist): 42 58 2.85495803146587
list:
dist: 2.85495803146587 vs. 2.85495803146587
--------
nle(id0,id1,dist): 42 55 0.7682884772278736
list:
dist: 0.7682884772278736 vs. 0.7682884772278736
--------
nle(id0,id1,dist): 42 56 2.1915904575198417
list:
dist: 2.1915904575198417 vs. 2.1915904575198417
--------
nle(id0,id1,dist): 42 53 2.491913577330832
list:
dist: 2.491913577330832 vs. 2.491913577330832
--------
nle(id0,id1,dist): 42 54 2.181617393087438
list:
dist: 2.181617393087438 vs. 2.181617393087438
--------
nle(id0,id1,dist): 42 51 0.9799669243833787
list:
dist: 0.9799669243833787 vs. 0.9799669243833787
--------
nle(id0,id1,dist): 42 52 3.0422563715117086
list:
dist: 3.0422563715117086 vs. 3.0422563715117086
--------
nle(id0,id1,dist): 42 49 3.5133809643727987
list:
dist: 3.5133809643727987 vs. 3.5133809643727987
--------
nle(id0,id1,dist): 42 50 2.460154309555037
list:
dist: 2.460154309555037 vs. 2.460154309555037
--------
nle(id0,id1,dist): 42 47 1.7494306799873873
list:
dist: 1.7494306799873873 vs. 1.7494306799873873
--------
nle(id0,id1,dist): 42 48 1.7713272106615878
list:
dist: 1.7713272106615878 vs. 1.7713272106615878
--------
nle(id0,id1,dist): 41 49 3.819786928977547
list:
dist: 3.819786928977547 vs. 3.819786928977547
--------
nle(id0,id1,dist): 41 48 1.6889060795668374
list:
dist: 1.6889060795668374 vs. 1.6889060795668374
--------
nle(id0,id1,dist): 41 51 2.132448530278643
list:
dist: 2.132448530278643 vs. 2.132448530278643
--------
nle(id0,id1,dist): 41 50 1.4883866246301953
list:
dist: 1.4883866246301953 vs. 1.4883866246301953
--------
nle(id0,id1,dist): 41 44 3.0506092302333823
list:
dist: 3.0506092302333823 vs. 3.0506092302333823
--------
nle(id0,id1,dist): 41 47 2.6471502851720015
list:
dist: 2.6471502851720015 vs. 2.6471502851720015
--------
nle(id0,id1,dist): 41 46 1.5886699210891442
list:
dist: 1.5886699210891442 vs. 1.5886699210891442
--------
nle(id0,id1,dist): 41 43 3.4950996668347902
list:
dist: 3.4950996668347902 vs. 3.4950996668347902
--------
nle(id0,id1,dist): 41 42 1.3527700753184415
list:
dist: 1.3527700753184415 vs. 1.3527700753184415
--------
nle(id0,id1,dist): 41 56 2.8264062238892302
list:
dist: 2.8264062238892302 vs. 2.8264062238892302
--------
nle(id0,id1,dist): 41 57 2.3693953119117483
list:
dist: 2.3693953119117483 vs. 2.3693953119117483
--------
nle(id0,id1,dist): 41 58 2.7821475805807188
list:
dist: 2.7821475805807188 vs. 2.7821475805807188
--------
nle(id0,id1,dist): 41 59 4.32048566355682
list:
dist: 4.32048566355682 vs. 4.32048566355682
--------
nle(id0,id1,dist): 41 52 3.450047472762476
list:
dist: 3.450047472762476 vs. 3.450047472762476
--------
nle(id0,id1,dist): 41 53 1.7200245593693764
list:
dist: 1.7200245593693764 vs. 1.7200245593693764
--------
nle(id0,id1,dist): 41 54 1.7204470673884058
list:
dist: 1.7204470673884058 vs. 1.7204470673884058
--------
nle(id0,id1,dist): 41 55 1.2804212274250624
list:
dist: 1.2804212274250624 vs. 1.2804212274250624
--------
nle(id0,id1,dist): 39 80 3.6095191390813057
list:
dist: 3.6095191390813057 vs. 3.6095191390813057
--------
nle(id0,id1,dist): 40 44 3.9786106073423877
list:
dist: 3.9786106073423877 vs. 3.9786106073423877
--------
nle(id0,id1,dist): 39 78 2.663038946005607
list:
dist: 2.663038946005607 vs. 2.663038946005607
--------
nle(id0,id1,dist): 40 41 1.8398836284619273
list:
dist: 1.8398836284619273 vs. 1.8398836284619273
--------
nle(id0,id1,dist): 40 42 0.9972867802891753
list:
dist: 0.9972867802891753 vs. 0.9972867802891753
--------
nle(id0,id1,dist): 40 47 2.6002273177784354
list:
dist: 2.6002273177784354 vs. 2.6002273177784354
--------
nle(id0,id1,dist): 40 48 2.7473740595850256
list:
dist: 2.7473740595850256 vs. 2.7473740595850256
--------
nle(id0,id1,dist): 39 83 3.39248658879178
list:
dist: 3.39248658879178 vs. 3.39248658879178
--------
nle(id0,id1,dist): 40 46 1.100692052261674
list:
dist: 1.100692052261674 vs. 1.100692052261674
--------
nle(id0,id1,dist): 40 51 1.7579872083917993
list:
dist: 1.7579872083917993 vs. 1.7579872083917993
--------
nle(id0,id1,dist): 40 52 3.9711596350706286
list:
dist: 3.9711596350706286 vs. 3.9711596350706286
--------
nle(id0,id1,dist): 40 49 4.478107403228827
list:
dist: 4.478107403228827 vs. 4.478107403228827
--------
nle(id0,id1,dist): 40 50 3.131580859905823
list:
dist: 3.131580859905823 vs. 3.131580859905823
--------
nle(id0,id1,dist): 40 55 1.526919693374527
list:
dist: 1.526919693374527 vs. 1.526919693374527
--------
nle(id0,id1,dist): 40 56 3.057660027848143
list:
dist: 3.057660027848143 vs. 3.057660027848143
--------
nle(id0,id1,dist): 40 53 3.337990293763166
list:
dist: 3.337990293763166 vs. 3.337990293763166
--------
nle(id0,id1,dist): 40 54 3.1085081193607023
list:
dist: 3.1085081193607023 vs. 3.1085081193607023
--------
nle(id0,id1,dist): 39 97 4.958497160708726
list:
dist: 4.958497160708726 vs. 4.958497160708726
--------
nle(id0,id1,dist): 40 58 3.8136192191000062
list:
dist: 3.8136192191000062 vs. 3.8136192191000062
--------
nle(id0,id1,dist): 40 57 3.685752569884139
list:
dist: 3.685752569884139 vs. 3.685752569884139
--------
nle(id0,id1,dist): 39 60 3.3858142455763693
list:
dist: 3.3858142455763693 vs. 3.3858142455763693
--------
nle(id0,id1,dist): 39 63 3.1854424776515122
list:
dist: 3.1854424776515122 vs. 3.1854424776515122
--------
nle(id0,id1,dist): 39 62 3.2244495312015005
list:
dist: 3.2244495312015005 vs. 3.2244495312015005
--------
nle(id0,id1,dist): 39 65 3.777604645269313
list:
dist: 3.777604645269313 vs. 3.777604645269313
--------
nle(id0,id1,dist): 39 64 2.119383961022104
list:
dist: 2.119383961022104 vs. 2.119383961022104
--------
nle(id0,id1,dist): 39 67 1.8219266050817533
list:
dist: 1.8219266050817533 vs. 1.8219266050817533
--------
nle(id0,id1,dist): 39 66 1.186145798359071
list:
dist: 1.186145798359071 vs. 1.186145798359071
--------
nle(id0,id1,dist): 39 69 2.335811253176441
list:
dist: 2.335811253176441 vs. 2.335811253176441
--------
nle(id0,id1,dist): 39 68 2.0220673861024427
list:
dist: 2.0220673861024427 vs. 2.0220673861024427
--------
nle(id0,id1,dist): 39 71 3.900278481799155
list:
dist: 3.900278481799155 vs. 3.900278481799155
--------
nle(id0,id1,dist): 39 70 4.13792421564897
list:
dist: 4.13792421564897 vs. 4.13792421564897
--------
nle(id0,id1,dist): 39 73 2.212386553327913
list:
dist: 2.212386553327913 vs. 2.212386553327913
--------
nle(id0,id1,dist): 39 75 3.546908985693778
list:
dist: 3.546908985693778 vs. 3.546908985693778
--------
nle(id0,id1,dist): 39 74 1.5472948088619691
list:
dist: 1.5472948088619691 vs. 1.5472948088619691
--------
nle(id0,id1,dist): 38 57 1.265195084271332
list:
dist: 1.265195084271332 vs. 1.265195084271332
--------
nle(id0,id1,dist): 38 58 2.16001997903133
list:
dist: 2.16001997903133 vs. 2.16001997903133
--------
nle(id0,id1,dist): 38 55 1.9616935344104873
list:
dist: 1.9616935344104873 vs. 1.9616935344104873
--------
nle(id0,id1,dist): 38 56 2.6717914077366465
list:
dist: 2.6717914077366465 vs. 2.6717914077366465
--------
nle(id0,id1,dist): 38 53 1.6657285243120499
list:
dist: 1.6657285243120499 vs. 1.6657285243120499
--------
nle(id0,id1,dist): 38 54 1.914610929310434
list:
dist: 1.914610929310434 vs. 1.914610929310434
--------
nle(id0,id1,dist): 38 51 3.1020205950622093
list:
dist: 3.1020205950622093 vs. 3.1020205950622093
--------
nle(id0,id1,dist): 38 52 3.043931821501057
list:
dist: 3.043931821501057 vs. 3.043931821501057
--------
nle(id0,id1,dist): 38 59 2.921647177512083
list:
dist: 2.921647177512083 vs. 2.921647177512083
--------
nle(id0,id1,dist): 37 56 1.253824608607487
list:
dist: 1.253824608607487 vs. 1.253824608607487
--------
nle(id0,id1,dist): 37 57 2.894439582840296
list:
dist: 2.894439582840296 vs. 2.894439582840296
--------
nle(id0,id1,dist): 37 58 2.378665739485146
list:
dist: 2.378665739485146 vs. 2.378665739485146
--------
nle(id0,id1,dist): 38 40 3.2451964672494014
list:
dist: 3.2451964672494014 vs. 3.2451964672494014
--------
nle(id0,id1,dist): 38 42 2.6596018775153545
list:
dist: 2.6596018775153545 vs. 2.6596018775153545
--------
nle(id0,id1,dist): 38 41 1.9978064335738521
list:
dist: 1.9978064335738521 vs. 1.9978064335738521
--------
nle(id0,id1,dist): 38 48 2.041590872018026
list:
dist: 2.041590872018026 vs. 2.041590872018026
--------
nle(id0,id1,dist): 38 47 3.3028211688312283
list:
dist: 3.3028211688312283 vs. 3.3028211688312283
--------
nle(id0,id1,dist): 38 50 0.9307187851842301
list:
dist: 0.9307187851842301 vs. 0.9307187851842301
--------
nle(id0,id1,dist): 38 49 3.486532844993415
list:
dist: 3.486532844993415 vs. 3.486532844993415
--------
nle(id0,id1,dist): 38 44 2.7527423395521637
list:
dist: 2.7527423395521637 vs. 2.7527423395521637
--------
nle(id0,id1,dist): 38 43 2.4835274386743547
list:
dist: 2.4835274386743547 vs. 2.4835274386743547
--------
nle(id0,id1,dist): 38 46 2.5646940676728436
list:
dist: 2.5646940676728436 vs. 2.5646940676728436
--------
nle(id0,id1,dist): 23 28 0.9032048177102229
list:
dist: 0.9032048177102229 vs. 0.9032048177102229
--------
nle(id0,id1,dist): 23 29 2.6644084751988846
list:
dist: 2.6644084751988846 vs. 2.6644084751988846
--------
nle(id0,id1,dist): 23 26 2.3145323577144397
list:
dist: 2.3145323577144397 vs. 2.3145323577144397
--------
nle(id0,id1,dist): 23 27 2.3293061954888112
list:
dist: 2.3293061954888112 vs. 2.3293061954888112
--------
nle(id0,id1,dist): 23 24 2.7967659699170375
list:
dist: 2.7967659699170375 vs. 2.7967659699170375
--------
nle(id0,id1,dist): 23 25 1.3024985107729272
list:
dist: 1.3024985107729272 vs. 1.3024985107729272
--------
nle(id0,id1,dist): 21 26 0.6698778706252787
list:
dist: 0.6698778706252787 vs. 0.6698778706252787
--------
nle(id0,id1,dist): 21 27 0.9003755689254779
list:
dist: 0.9003755689254779 vs. 0.9003755689254779
--------
nle(id0,id1,dist): 21 24 1.6427890388392812
list:
dist: 1.6427890388392812 vs. 1.6427890388392812
--------
nle(id0,id1,dist): 21 25 0.8067375945855466
list:
dist: 0.8067375945855466 vs. 0.8067375945855466
--------
nle(id0,id1,dist): 21 28 1.1161196900130959
list:
dist: 1.1161196900130959 vs. 1.1161196900130959
--------
nle(id0,id1,dist): 21 29 2.4594452738197585
list:
dist: 2.4594452738197585 vs. 2.4594452738197585
--------
nle(id0,id1,dist): 21 23 1.8564618986543466
list:
dist: 1.8564618986543466 vs. 1.8564618986543466
--------
nle(id0,id1,dist): 21 22 0.9852789644770829
list:
dist: 0.9852789644770829 vs. 0.9852789644770829
--------
nle(id0,id1,dist): 22 27 0.4954776419981294
list:
dist: 0.4954776419981294 vs. 0.4954776419981294
--------
nle(id0,id1,dist): 22 28 1.4833185948385688
list:
dist: 1.4833185948385688 vs. 1.4833185948385688
--------
nle(id0,id1,dist): 22 29 2.0079606489611184
list:
dist: 2.0079606489611184 vs. 2.0079606489611184
--------
nle(id0,id1,dist): 22 23 2.2963597069404593
list:
dist: 2.2963597069404593 vs. 2.2963597069404593
--------
nle(id0,id1,dist): 22 24 0.709343980986887
list:
dist: 0.709343980986887 vs. 0.709343980986887
--------
nle(id0,id1,dist): 22 25 1.3401782143559346
list:
dist: 1.3401782143559346 vs. 1.3401782143559346
--------
nle(id0,id1,dist): 22 26 1.446756786629867
list:
dist: 1.446756786629867 vs. 1.446756786629867
--------
nle(id0,id1,dist): 19 24 2.576174188466405
list:
dist: 2.576174188466405 vs. 2.576174188466405
--------
nle(id0,id1,dist): 19 25 1.5786210962507086
list:
dist: 1.5786210962507086 vs. 1.5786210962507086
--------
nle(id0,id1,dist): 19 22 2.1205207091403824
list:
dist: 2.1205207091403824 vs. 2.1205207091403824
--------
nle(id0,id1,dist): 19 23 0.7452543552654578
list:
dist: 0.7452543552654578 vs. 0.7452543552654578
--------
nle(id0,id1,dist): 19 20 1.4610654705819706
list:
dist: 1.4610654705819706 vs. 1.4610654705819706
--------
nle(id0,id1,dist): 19 21 1.9543731275682708
list:
dist: 1.9543731275682708 vs. 1.9543731275682708
--------
nle(id0,id1,dist): 19 28 0.845887703929799
list:
dist: 0.845887703929799 vs. 0.845887703929799
--------
nle(id0,id1,dist): 19 29 2.0063387466875553
list:
dist: 2.0063387466875553 vs. 2.0063387466875553
--------
nle(id0,id1,dist): 19 26 2.548791898034118
list:
dist: 2.548791898034118 vs. 2.548791898034118
--------
nle(id0,id1,dist): 19 27 2.1266982565525874
list:
dist: 2.1266982565525874 vs. 2.1266982565525874
--------
nle(id0,id1,dist): 20 29 1.7624200106082348
list:
dist: 1.7624200106082348 vs. 1.7624200106082348
--------
nle(id0,id1,dist): 20 25 1.490157622554056
list:
dist: 1.490157622554056 vs. 1.490157622554056
--------
nle(id0,id1,dist): 20 26 2.2940130143465214
list:
dist: 2.2940130143465214 vs. 2.2940130143465214
--------
nle(id0,id1,dist): 20 27 1.4612019350025716
list:
dist: 1.4612019350025716 vs. 1.4612019350025716
--------
nle(id0,id1,dist): 20 28 1.3211442531576723
list:
dist: 1.3211442531576723 vs. 1.3211442531576723
--------
nle(id0,id1,dist): 20 21 1.7039470294509769
list:
dist: 1.7039470294509769 vs. 1.7039470294509769
--------
nle(id0,id1,dist): 20 22 1.1739480650078968
list:
dist: 1.1739480650078968 vs. 1.1739480650078968
--------
nle(id0,id1,dist): 20 23 1.8309300899469916
list:
dist: 1.8309300899469916 vs. 1.8309300899469916
--------
nle(id0,id1,dist): 20 24 1.2809942747679004
list:
dist: 1.2809942747679004 vs. 1.2809942747679004
--------
nle(id0,id1,dist): 18 21 2.8385102138966696
list:
dist: 2.8385102138966696 vs. 2.8385102138966696
--------
nle(id0,id1,dist): 18 20 2.7156948244183137
list:
dist: 2.7156948244183137 vs. 2.7156948244183137
--------
nle(id0,id1,dist): 18 19 1.276035120826923
list:
dist: 1.276035120826923 vs. 1.276035120826923
--------
nle(id0,id1,dist): 17 28 1.3820931586095044
list:
dist: 1.3820931586095044 vs. 1.3820931586095044
--------
nle(id0,id1,dist): 18 23 1.4111093776924628
list:
dist: 1.4111093776924628 vs. 1.4111093776924628
--------
nle(id0,id1,dist): 18 25 2.5636831165273217
list:
dist: 2.5636831165273217 vs. 2.5636831165273217
--------
nle(id0,id1,dist): 18 28 1.8118644287331285
list:
dist: 1.8118644287331285 vs. 1.8118644287331285
--------
nle(id0,id1,dist): 18 29 2.6745641090099457
list:
dist: 2.6745641090099457 vs. 2.6745641090099457
--------
nle(id0,id1,dist): 30 42 0.995094321421076
list:
dist: 0.995094321421076 vs. 0.995094321421076
--------
nle(id0,id1,dist): 30 41 1.8488911007078652
list:
dist: 1.8488911007078652 vs. 1.8488911007078652
--------
nle(id0,id1,dist): 30 40 1.8477518467286511
list:
dist: 1.8477518467286511 vs. 1.8477518467286511
--------
nle(id0,id1,dist): 30 38 3.082652962863402
list:
dist: 3.082652962863402 vs. 3.082652962863402
--------
nle(id0,id1,dist): 30 37 0.9860337030811156
list:
dist: 0.9860337030811156 vs. 0.9860337030811156
--------
nle(id0,id1,dist): 30 36 1.5672241221601189
list:
dist: 1.5672241221601189 vs. 1.5672241221601189
--------
nle(id0,id1,dist): 30 35 1.3611573105434094
list:
dist: 1.3611573105434094 vs. 1.3611573105434094
--------
nle(id0,id1,dist): 30 34 1.447439338094638
list:
dist: 1.447439338094638 vs. 1.447439338094638
--------
nle(id0,id1,dist): 30 33 1.737004293211168
list:
dist: 1.737004293211168 vs. 1.737004293211168
--------
nle(id0,id1,dist): 30 32 1.4792053696343728
list:
dist: 1.4792053696343728 vs. 1.4792053696343728
--------
nle(id0,id1,dist): 30 31 1.8504919943665665
list:
dist: 1.8504919943665665 vs. 1.8504919943665665
--------
nle(id0,id1,dist): 30 57 2.826390122985859
list:
dist: 2.826390122985859 vs. 2.826390122985859
--------
nle(id0,id1,dist): 30 58 2.5434007570636217
list:
dist: 2.5434007570636217 vs. 2.5434007570636217
--------
nle(id0,id1,dist): 30 55 1.3931642996850495
list:
dist: 1.3931642996850495 vs. 1.3931642996850495
--------
nle(id0,id1,dist): 30 56 1.9041739526436312
list:
dist: 1.9041739526436312 vs. 1.9041739526436312
--------
nle(id0,id1,dist): 30 53 2.405797773160583
list:
dist: 2.405797773160583 vs. 2.405797773160583
--------
nle(id0,id1,dist): 30 54 1.9383955485807076
list:
dist: 1.9383955485807076 vs. 1.9383955485807076
--------
nle(id0,id1,dist): 30 51 0.6136336594406911
list:
dist: 0.6136336594406911 vs. 0.6136336594406911
--------
nle(id0,id1,dist): 30 52 2.574490408465639
list:
dist: 2.574490408465639 vs. 2.574490408465639
--------
nle(id0,id1,dist): 30 49 2.9023891052669284
list:
dist: 2.9023891052669284 vs. 2.9023891052669284
--------
nle(id0,id1,dist): 30 50 2.7276952660360387
list:
dist: 2.7276952660360387 vs. 2.7276952660360387
--------
nle(id0,id1,dist): 30 47 1.03156773048483
list:
dist: 1.03156773048483 vs. 1.03156773048483
--------
nle(id0,id1,dist): 30 48 1.464278109541792
list:
dist: 1.464278109541792 vs. 1.464278109541792
--------
nle(id0,id1,dist): 30 46 1.1816403439186525
list:
dist: 1.1816403439186525 vs. 1.1816403439186525
--------
nle(id0,id1,dist): 30 44 2.4636784758021624
list:
dist: 2.4636784758021624 vs. 2.4636784758021624
--------
nle(id0,id1,dist): 28 29 2.0202267178522724
list:
dist: 2.0202267178522724 vs. 2.0202267178522724
--------
nle(id0,id1,dist): 26 27 1.3870095284873127
list:
dist: 1.3870095284873127 vs. 1.3870095284873127
--------
nle(id0,id1,dist): 26 28 1.712047384926804
list:
dist: 1.712047384926804 vs. 1.712047384926804
--------
nle(id0,id1,dist): 26 29 3.0895415176356495
list:
dist: 3.0895415176356495 vs. 3.0895415176356495
--------
nle(id0,id1,dist): 27 29 1.834706937690819
list:
dist: 1.834706937690819 vs. 1.834706937690819
--------
nle(id0,id1,dist): 27 28 1.4426072275382065
list:
dist: 1.4426072275382065 vs. 1.4426072275382065
--------
nle(id0,id1,dist): 24 25 1.8482278080954808
list:
dist: 1.8482278080954808 vs. 1.8482278080954808
--------
nle(id0,id1,dist): 24 26 1.9913901286702913
list:
dist: 1.9913901286702913 vs. 1.9913901286702913
--------
nle(id0,id1,dist): 24 27 1.12667798562018
list:
dist: 1.12667798562018 vs. 1.12667798562018
--------
nle(id0,id1,dist): 24 28 2.0695368953076683
list:
dist: 2.0695368953076683 vs. 2.0695368953076683
--------
nle(id0,id1,dist): 24 29 2.2643416130763243
list:
dist: 2.2643416130763243 vs. 2.2643416130763243
--------
nle(id0,id1,dist): 25 26 1.1715139877403382
list:
dist: 1.1715139877403382 vs. 1.1715139877403382
--------
nle(id0,id1,dist): 25 27 1.4783774519520285
list:
dist: 1.4783774519520285 vs. 1.4783774519520285
--------
nle(id0,id1,dist): 25 28 0.8927049348464592
list:
dist: 0.8927049348464592 vs. 0.8927049348464592
--------
nle(id0,id1,dist): 25 29 2.685598492325355
list:
dist: 2.685598492325355 vs. 2.685598492325355
--------
nle(id0,id1,dist): 62 79 2.7796216309932404
list:
dist: 2.7796216309932404 vs. 2.7796216309932404
--------
nle(id0,id1,dist): 62 80 1.4882216693829713
list:
dist: 1.4882216693829713 vs. 1.4882216693829713
--------
nle(id0,id1,dist): 62 81 2.1165371197234877
list:
dist: 2.1165371197234877 vs. 2.1165371197234877
--------
nle(id0,id1,dist): 62 82 2.755500865515626
list:
dist: 2.755500865515626 vs. 2.755500865515626
--------
nle(id0,id1,dist): 62 75 0.4986411112753204
list:
dist: 0.4986411112753204 vs. 0.4986411112753204
--------
nle(id0,id1,dist): 62 76 2.475545065727929
list:
dist: 2.475545065727929 vs. 2.475545065727929
--------
nle(id0,id1,dist): 62 77 1.6132896346687957
list:
dist: 1.6132896346687957 vs. 1.6132896346687957
--------
nle(id0,id1,dist): 62 78 1.7636824975023413
list:
dist: 1.7636824975023413 vs. 1.7636824975023413
--------
nle(id0,id1,dist): 62 87 3.025368721371704
list:
dist: 3.025368721371704 vs. 3.025368721371704
--------
nle(id0,id1,dist): 62 88 2.3609248441510187
list:
dist: 2.3609248441510187 vs. 2.3609248441510187
--------
nle(id0,id1,dist): 62 89 2.931143911959265
list:
dist: 2.931143911959265 vs. 2.931143911959265
--------
nle(id0,id1,dist): 62 83 1.1129825397771609
list:
dist: 1.1129825397771609 vs. 1.1129825397771609
--------
nle(id0,id1,dist): 62 85 2.191047099048418
list:
dist: 2.191047099048418 vs. 2.191047099048418
--------
nle(id0,id1,dist): 62 64 2.371070313580339
list:
dist: 2.371070313580339 vs. 2.371070313580339
--------
nle(id0,id1,dist): 62 63 0.9747579570813812
list:
dist: 0.9747579570813812 vs. 0.9747579570813812
--------
nle(id0,id1,dist): 62 66 2.5492112159612756
list:
dist: 2.5492112159612756 vs. 2.5492112159612756
--------
nle(id0,id1,dist): 62 65 1.8402488841339417
list:
dist: 1.8402488841339417 vs. 1.8402488841339417
--------
nle(id0,id1,dist): 62 72 1.2240465331520671
list:
dist: 1.2240465331520671 vs. 1.2240465331520671
--------
nle(id0,id1,dist): 62 71 1.2341047378774792
list:
dist: 1.2341047378774792 vs. 1.2341047378774792
--------
nle(id0,id1,dist): 62 74 1.905271966986878
list:
dist: 1.905271966986878 vs. 1.905271966986878
--------
nle(id0,id1,dist): 62 73 1.7239035685059394
list:
dist: 1.7239035685059394 vs. 1.7239035685059394
--------
nle(id0,id1,dist): 62 68 3.007111935557752
list:
dist: 3.007111935557752 vs. 3.007111935557752
--------
nle(id0,id1,dist): 62 67 1.434129335354795
list:
dist: 1.434129335354795 vs. 1.434129335354795
--------
nle(id0,id1,dist): 62 70 1.2990539438917295
list:
dist: 1.2990539438917295 vs. 1.2990539438917295
--------
nle(id0,id1,dist): 62 69 1.3906981930929072
list:
dist: 1.3906981930929072 vs. 1.3906981930929072
--------
nle(id0,id1,dist): 61 83 3.0501878688551973
list:
dist: 3.0501878688551973 vs. 3.0501878688551973
--------
nle(id0,id1,dist): 61 80 2.9890742843205644
list:
dist: 2.9890742843205644 vs. 2.9890742843205644
--------
nle(id0,id1,dist): 61 71 1.1067781121028624
list:
dist: 1.1067781121028624 vs. 1.1067781121028624
--------
nle(id0,id1,dist): 61 70 1.9953485635220236
list:
dist: 1.9953485635220236 vs. 1.9953485635220236
--------
nle(id0,id1,dist): 61 65 1.1383351116180342
list:
dist: 1.1383351116180342 vs. 1.1383351116180342
--------
nle(id0,id1,dist): 61 75 2.2259085268133973
list:
dist: 2.2259085268133973 vs. 2.2259085268133973
--------
nle(id0,id1,dist): 64 65 1.9114713597461792
list:
dist: 1.9114713597461792 vs. 1.9114713597461792
--------
nle(id0,id1,dist): 64 66 1.799136381235076
list:
dist: 1.799136381235076 vs. 1.799136381235076
--------
nle(id0,id1,dist): 64 67 1.6545418844140782
list:
dist: 1.6545418844140782 vs. 1.6545418844140782
--------
nle(id0,id1,dist): 64 68 3.2566869301416292
list:
dist: 3.2566869301416292 vs. 3.2566869301416292
--------
nle(id0,id1,dist): 64 69 1.356207852381045
list:
dist: 1.356207852381045 vs. 1.356207852381045
--------
nle(id0,id1,dist): 64 70 2.7895388881411636
list:
dist: 2.7895388881411636 vs. 2.7895388881411636
--------
nle(id0,id1,dist): 64 71 2.376741003744379
list:
dist: 2.376741003744379 vs. 2.376741003744379
--------
nle(id0,id1,dist): 64 73 2.290719395923223
list:
dist: 2.290719395923223 vs. 2.290719395923223
--------
nle(id0,id1,dist): 64 74 1.0389652212544707
list:
dist: 1.0389652212544707 vs. 1.0389652212544707
--------
nle(id0,id1,dist): 64 75 2.7348349798065925
list:
dist: 2.7348349798065925 vs. 2.7348349798065925
--------
nle(id0,id1,dist): 64 78 3.1041187769747136
list:
dist: 3.1041187769747136 vs. 3.1041187769747136
--------
nle(id0,id1,dist): 64 80 2.6590513315973614
list:
dist: 2.6590513315973614 vs. 2.6590513315973614
--------
nle(id0,id1,dist): 63 87 3.4362521726516224
list:
dist: 3.4362521726516224 vs. 3.4362521726516224
--------
nle(id0,id1,dist): 63 89 3.697516583769197
list:
dist: 3.697516583769197 vs. 3.697516583769197
--------
nle(id0,id1,dist): 63 88 3.039003021104875
list:
dist: 3.039003021104875 vs. 3.039003021104875
--------
nle(id0,id1,dist): 63 72 1.9811373965612344
list:
dist: 1.9811373965612344 vs. 1.9811373965612344
--------
nle(id0,id1,dist): 63 73 2.0611346300827558
list:
dist: 2.0611346300827558 vs. 2.0611346300827558
--------
nle(id0,id1,dist): 63 70 1.221846491591456
list:
dist: 1.221846491591456 vs. 1.221846491591456
--------
nle(id0,id1,dist): 63 71 0.7927652399354392
list:
dist: 0.7927652399354392 vs. 0.7927652399354392
--------
nle(id0,id1,dist): 63 76 3.3775451973862887
list:
dist: 3.3775451973862887 vs. 3.3775451973862887
--------
nle(id0,id1,dist): 63 77 2.4054624405172222
list:
dist: 2.4054624405172222 vs. 2.4054624405172222
--------
nle(id0,id1,dist): 63 74 1.6871020948782178
list:
dist: 1.6871020948782178 vs. 1.6871020948782178
--------
nle(id0,id1,dist): 63 75 1.2825081839619692
list:
dist: 1.2825081839619692 vs. 1.2825081839619692
--------
nle(id0,id1,dist): 63 80 1.5987419602163748
list:
dist: 1.5987419602163748 vs. 1.5987419602163748
--------
nle(id0,id1,dist): 63 81 2.7049779239641487
list:
dist: 2.7049779239641487 vs. 2.7049779239641487
--------
nle(id0,id1,dist): 63 78 2.5348868079302025
list:
dist: 2.5348868079302025 vs. 2.5348868079302025
--------
nle(id0,id1,dist): 63 79 3.425345272342362
list:
dist: 3.425345272342362 vs. 3.425345272342362
--------
nle(id0,id1,dist): 63 85 2.823076776854234
list:
dist: 2.823076776854234 vs. 2.823076776854234
--------
nle(id0,id1,dist): 63 82 3.0703107854315883
list:
dist: 3.0703107854315883 vs. 3.0703107854315883
--------
nle(id0,id1,dist): 63 83 1.5795995154844853
list:
dist: 1.5795995154844853 vs. 1.5795995154844853
--------
nle(id0,id1,dist): 63 65 0.9566617829311692
list:
dist: 0.9566617829311692 vs. 0.9566617829311692
--------
nle(id0,id1,dist): 63 64 1.7104674838724025
list:
dist: 1.7104674838724025 vs. 1.7104674838724025
--------
nle(id0,id1,dist): 63 69 1.1436159078295578
list:
dist: 1.1436159078295578 vs. 1.1436159078295578
--------
nle(id0,id1,dist): 63 68 3.438652028803092
list:
dist: 3.438652028803092 vs. 3.438652028803092
--------
nle(id0,id1,dist): 63 67 1.5974206792174868
list:
dist: 1.5974206792174868 vs. 1.5974206792174868
--------
nle(id0,id1,dist): 63 66 2.526659160717179
list:
dist: 2.526659160717179 vs. 2.526659160717179
--------
nle(id0,id1,dist): 58 59 2.18836223761921
list:
dist: 2.18836223761921 vs. 2.18836223761921
--------
nle(id0,id1,dist): 61 63 1.7881665892459209
list:
dist: 1.7881665892459209 vs. 1.7881665892459209
--------
nle(id0,id1,dist): 61 62 2.316881080197804
list:
dist: 2.316881080197804 vs. 2.316881080197804
--------
nle(id0,id1,dist): 60 78 3.98539894877105
list:
dist: 3.98539894877105 vs. 3.98539894877105
--------
nle(id0,id1,dist): 60 80 3.6563307581826328
list:
dist: 3.6563307581826328 vs. 3.6563307581826328
--------
nle(id0,id1,dist): 60 83 3.639395821564064
list:
dist: 3.639395821564064 vs. 3.639395821564064
--------
nle(id0,id1,dist): 60 69 2.6445176841270954
list:
dist: 2.6445176841270954 vs. 2.6445176841270954
--------
nle(id0,id1,dist): 60 70 3.2191348790035574
list:
dist: 3.2191348790035574 vs. 3.2191348790035574
--------
nle(id0,id1,dist): 60 71 2.2331023938821803
list:
dist: 2.2331023938821803 vs. 2.2331023938821803
--------
nle(id0,id1,dist): 60 73 3.619384838028291
list:
dist: 3.619384838028291 vs. 3.619384838028291
--------
nle(id0,id1,dist): 60 74 2.4872269476933937
list:
dist: 2.4872269476933937 vs. 2.4872269476933937
--------
nle(id0,id1,dist): 60 75 2.9207813533947884
list:
dist: 2.9207813533947884 vs. 2.9207813533947884
--------
nle(id0,id1,dist): 60 64 1.768349343598766
list:
dist: 1.768349343598766 vs. 1.768349343598766
--------
nle(id0,id1,dist): 60 63 2.116507912481906
list:
dist: 2.116507912481906 vs. 2.116507912481906
--------
nle(id0,id1,dist): 60 62 2.826680460922739
list:
dist: 2.826680460922739 vs. 2.826680460922739
--------
nle(id0,id1,dist): 60 61 2.2333995497140253
list:
dist: 2.2333995497140253 vs. 2.2333995497140253
--------
nle(id0,id1,dist): 60 68 4.638086078169669
list:
dist: 4.638086078169669 vs. 4.638086078169669
--------
nle(id0,id1,dist): 60 67 2.800374546859557
list:
dist: 2.800374546859557 vs. 2.800374546859557
--------
nle(id0,id1,dist): 60 66 2.5212286379486413
list:
dist: 2.5212286379486413 vs. 2.5212286379486413
--------
nle(id0,id1,dist): 60 65 1.6673722471159425
list:
dist: 1.6673722471159425 vs. 1.6673722471159425
--------
nle(id0,id1,dist): 68 97 4.151516322981937
list:
dist: 4.151516322981937 vs. 4.151516322981937
--------
nle(id0,id1,dist): 68 96 4.493135617153491
list:
dist: 4.493135617153491 vs. 4.493135617153491
--------
nle(id0,id1,dist): 69 71 1.9246223974182404
list:
dist: 1.9246223974182404 vs. 1.9246223974182404
--------
nle(id0,id1,dist): 69 70 1.853480282604402
list:
dist: 1.853480282604402 vs. 1.853480282604402
--------
nle(id0,id1,dist): 69 78 2.0796160293537858
list:
dist: 2.0796160293537858 vs. 2.0796160293537858
--------
nle(id0,id1,dist): 68 116 5.129127307927846
list:
dist: 5.129127307927846 vs. 5.129127307927846
--------
nle(id0,id1,dist): 69 79 2.6574351787712662
list:
dist: 2.6574351787712662 vs. 2.6574351787712662
--------
nle(id0,id1,dist): 69 76 3.2389373909070045
list:
dist: 3.2389373909070045 vs. 3.2389373909070045
--------
nle(id0,id1,dist): 69 77 2.486900999487419
list:
dist: 2.486900999487419 vs. 2.486900999487419
--------
nle(id0,id1,dist): 69 74 0.8347884385330478
list:
dist: 0.8347884385330478 vs. 0.8347884385330478
--------
nle(id0,id1,dist): 69 75 1.8709217468819832
list:
dist: 1.8709217468819832 vs. 1.8709217468819832
--------
nle(id0,id1,dist): 69 72 2.365585509409253
list:
dist: 2.365585509409253 vs. 2.365585509409253
--------
nle(id0,id1,dist): 69 73 1.1386407822007387
list:
dist: 1.1386407822007387 vs. 1.1386407822007387
--------
nle(id0,id1,dist): 69 87 2.672584042798849
list:
dist: 2.672584042798849 vs. 2.672584042798849
--------
nle(id0,id1,dist): 69 83 1.3821389195619112
list:
dist: 1.3821389195619112 vs. 1.3821389195619112
--------
nle(id0,id1,dist): 69 80 1.4161324020327701
list:
dist: 1.4161324020327701 vs. 1.4161324020327701
--------
nle(id0,id1,dist): 68 118 5.1233776120123675
list:
dist: 5.1233776120123675 vs. 5.1233776120123675
--------
nle(id0,id1,dist): 69 81 2.136971333559053
list:
dist: 2.136971333559053 vs. 2.136971333559053
--------
nle(id0,id1,dist): 68 74 2.248163028830838
list:
dist: 2.248163028830838 vs. 2.248163028830838
--------
nle(id0,id1,dist): 68 73 1.4639762630124262
list:
dist: 1.4639762630124262 vs. 1.4639762630124262
--------
nle(id0,id1,dist): 68 76 3.02352709428275
list:
dist: 3.02352709428275 vs. 3.02352709428275
--------
nle(id0,id1,dist): 68 75 3.325393906686411
list:
dist: 3.325393906686411 vs. 3.325393906686411
--------
nle(id0,id1,dist): 68 70 3.86095183618436
list:
dist: 3.86095183618436 vs. 3.86095183618436
--------
nle(id0,id1,dist): 68 69 2.478861653459826
list:
dist: 2.478861653459826 vs. 2.478861653459826
--------
nle(id0,id1,dist): 68 72 3.517127731269209
list:
dist: 3.517127731269209 vs. 3.517127731269209
--------
nle(id0,id1,dist): 68 71 4.106441302646594
list:
dist: 4.106441302646594 vs. 4.106441302646594
--------
nle(id0,id1,dist): 68 81 2.106667073769919
list:
dist: 2.106667073769919 vs. 2.106667073769919
--------
nle(id0,id1,dist): 68 83 2.6749570848424606
list:
dist: 2.6749570848424606 vs. 2.6749570848424606
--------
nle(id0,id1,dist): 68 77 3.192202080391515
list:
dist: 3.192202080391515 vs. 3.192202080391515
--------
nle(id0,id1,dist): 68 78 1.6452395934340507
list:
dist: 1.6452395934340507 vs. 1.6452395934340507
--------
nle(id0,id1,dist): 68 79 1.2081775428537775
list:
dist: 1.2081775428537775 vs. 1.2081775428537775
--------
nle(id0,id1,dist): 68 80 3.020594623032648
list:
dist: 3.020594623032648 vs. 3.020594623032648
--------
nle(id0,id1,dist): 68 89 4.238537463539995
list:
dist: 4.238537463539995 vs. 4.238537463539995
--------
nle(id0,id1,dist): 68 87 2.244098952078414
list:
dist: 2.244098952078414 vs. 2.244098952078414
--------
nle(id0,id1,dist): 68 88 3.3356546295489555
list:
dist: 3.3356546295489555 vs. 3.3356546295489555
--------
nle(id0,id1,dist): 70 85 2.081863740858908
list:
dist: 2.081863740858908 vs. 2.081863740858908
--------
nle(id0,id1,dist): 70 83 1.2742759718223562
list:
dist: 1.2742759718223562 vs. 1.2742759718223562
--------
nle(id0,id1,dist): 70 89 2.84537663945945
list:
dist: 2.84537663945945 vs. 2.84537663945945
--------
nle(id0,id1,dist): 70 88 2.2708547758140547
list:
dist: 2.2708547758140547 vs. 2.2708547758140547
--------
nle(id0,id1,dist): 70 87 3.12529485310947
list:
dist: 3.12529485310947 vs. 3.12529485310947
--------
nle(id0,id1,dist): 71 72 1.9032600245190046
list:
dist: 1.9032600245190046 vs. 1.9032600245190046
--------
nle(id0,id1,dist): 71 73 2.7370908939372223
list:
dist: 2.7370908939372223 vs. 2.7370908939372223
--------
nle(id0,id1,dist): 71 76 3.529918999370241
list:
dist: 3.529918999370241 vs. 3.529918999370241
--------
nle(id0,id1,dist): 71 77 2.490048951034443
list:
dist: 2.490048951034443 vs. 2.490048951034443
--------
nle(id0,id1,dist): 71 74 2.450168423475797
list:
dist: 2.450168423475797 vs. 2.450168423475797
--------
nle(id0,id1,dist): 71 75 1.2557498405382932
list:
dist: 1.2557498405382932 vs. 1.2557498405382932
--------
nle(id0,id1,dist): 69 89 3.8518425963848397
list:
dist: 3.8518425963848397 vs. 3.8518425963848397
--------
nle(id0,id1,dist): 69 88 2.935024223172639
list:
dist: 2.935024223172639 vs. 2.935024223172639
--------
nle(id0,id1,dist): 70 71 1.1570619369115316
list:
dist: 1.1570619369115316 vs. 1.1570619369115316
--------
nle(id0,id1,dist): 70 72 1.3682002911084494
list:
dist: 1.3682002911084494 vs. 1.3682002911084494
--------
nle(id0,id1,dist): 70 73 2.4232677353245577
list:
dist: 2.4232677353245577 vs. 2.4232677353245577
--------
nle(id0,id1,dist): 70 74 2.6323531068966024
list:
dist: 2.6323531068966024 vs. 2.6323531068966024
--------
nle(id0,id1,dist): 70 75 1.4976768272385008
list:
dist: 1.4976768272385008 vs. 1.4976768272385008
--------
nle(id0,id1,dist): 70 76 2.93760808434215
list:
dist: 2.93760808434215 vs. 2.93760808434215
--------
nle(id0,id1,dist): 70 77 1.7850179211026622
list:
dist: 1.7850179211026622 vs. 1.7850179211026622
--------
nle(id0,id1,dist): 70 78 2.845473982751408
list:
dist: 2.845473982751408 vs. 2.845473982751408
--------
nle(id0,id1,dist): 70 79 3.4660141687024386
list:
dist: 3.4660141687024386 vs. 3.4660141687024386
--------
nle(id0,id1,dist): 70 80 1.107023915074672
list:
dist: 1.107023915074672 vs. 1.107023915074672
--------
nle(id0,id1,dist): 70 81 2.4133036292787664
list:
dist: 2.4133036292787664 vs. 2.4133036292787664
--------
nle(id0,id1,dist): 70 82 1.9651229812114885
list:
dist: 1.9651229812114885 vs. 1.9651229812114885
--------
nle(id0,id1,dist): 65 83 2.4529697104068355
list:
dist: 2.4529697104068355 vs. 2.4529697104068355
--------
nle(id0,id1,dist): 65 80 2.3345290594908983
list:
dist: 2.3345290594908983 vs. 2.3345290594908983
--------
nle(id0,id1,dist): 65 78 3.4644697275202296
list:
dist: 3.4644697275202296 vs. 3.4644697275202296
--------
nle(id0,id1,dist): 66 70 3.6088476587163703
list:
dist: 3.6088476587163703 vs. 3.6088476587163703
--------
nle(id0,id1,dist): 66 69 2.073622350158591
list:
dist: 2.073622350158591 vs. 2.073622350158591
--------
nle(id0,id1,dist): 66 68 2.5183543339106196
list:
dist: 2.5183543339106196 vs. 2.5183543339106196
--------
nle(id0,id1,dist): 66 67 1.4610051586819506
list:
dist: 1.4610051586819506 vs. 1.4610051586819506
--------
nle(id0,id1,dist): 64 83 2.706708977451985
list:
dist: 2.706708977451985 vs. 2.706708977451985
--------
nle(id0,id1,dist): 65 73 2.973318998572799
list:
dist: 2.973318998572799 vs. 2.973318998572799
--------
nle(id0,id1,dist): 65 75 1.990040964727071
list:
dist: 1.990040964727071 vs. 1.990040964727071
--------
nle(id0,id1,dist): 65 74 2.3401020836084143
list:
dist: 2.3401020836084143 vs. 2.3401020836084143
--------
nle(id0,id1,dist): 65 69 1.9307721395590296
list:
dist: 1.9307721395590296 vs. 1.9307721395590296
--------
nle(id0,id1,dist): 65 68 4.330547849093136
list:
dist: 4.330547849093136 vs. 4.330547849093136
--------
nle(id0,id1,dist): 65 71 0.8578323576459661
list:
dist: 0.8578323576459661 vs. 0.8578323576459661
--------
nle(id0,id1,dist): 65 70 1.664862040088681
list:
dist: 1.664862040088681 vs. 1.664862040088681
--------
nle(id0,id1,dist): 65 67 2.4399650358543865
list:
dist: 2.4399650358543865 vs. 2.4399650358543865
--------
nle(id0,id1,dist): 65 66 3.0512003730277546
list:
dist: 3.0512003730277546 vs. 3.0512003730277546
--------
nle(id0,id1,dist): 67 76 3.0171765766363814
list:
dist: 3.0171765766363814 vs. 3.0171765766363814
--------
nle(id0,id1,dist): 67 77 2.521850233472849
list:
dist: 2.521850233472849 vs. 2.521850233472849
--------
nle(id0,id1,dist): 67 74 0.7093238379268809
list:
dist: 0.7093238379268809 vs. 0.7093238379268809
--------
nle(id0,id1,dist): 67 75 1.8167740356104867
list:
dist: 1.8167740356104867 vs. 1.8167740356104867
--------
nle(id0,id1,dist): 67 80 1.9589464484879624
list:
dist: 1.9589464484879624 vs. 1.9589464484879624
--------
nle(id0,id1,dist): 67 81 2.1297076483808786
list:
dist: 2.1297076483808786 vs. 2.1297076483808786
--------
nle(id0,id1,dist): 67 78 1.4552354924615363
list:
dist: 1.4552354924615363 vs. 1.4552354924615363
--------
nle(id0,id1,dist): 67 79 2.272777939896431
list:
dist: 2.272777939896431 vs. 2.272777939896431
--------
nle(id0,id1,dist): 67 68 1.931994515253642
list:
dist: 1.931994515253642 vs. 1.931994515253642
--------
nle(id0,id1,dist): 67 69 0.8549325927999427
list:
dist: 0.8549325927999427 vs. 0.8549325927999427
--------
nle(id0,id1,dist): 67 72 2.4566192766744805
list:
dist: 2.4566192766744805 vs. 2.4566192766744805
--------
nle(id0,id1,dist): 67 73 0.9039582997470252
list:
dist: 0.9039582997470252 vs. 0.9039582997470252
--------
nle(id0,id1,dist): 67 70 2.386640397555296
list:
dist: 2.386640397555296 vs. 2.386640397555296
--------
nle(id0,id1,dist): 67 71 2.2949613747334094
list:
dist: 2.2949613747334094 vs. 2.2949613747334094
--------
nle(id0,id1,dist): 67 83 1.655255541282089
list:
dist: 1.655255541282089 vs. 1.655255541282089
--------
nle(id0,id1,dist): 67 89 3.8838492284411794
list:
dist: 3.8838492284411794 vs. 3.8838492284411794
--------
nle(id0,id1,dist): 67 88 3.0432773897849903
list:
dist: 3.0432773897849903 vs. 3.0432773897849903
--------
nle(id0,id1,dist): 67 87 2.7643998613875134
list:
dist: 2.7643998613875134 vs. 2.7643998613875134
--------
nle(id0,id1,dist): 66 80 3.380581398589503
list:
dist: 3.380581398589503 vs. 3.380581398589503
--------
nle(id0,id1,dist): 66 83 3.0891183225205516
list:
dist: 3.0891183225205516 vs. 3.0891183225205516
--------
nle(id0,id1,dist): 66 71 3.1091317144939215
list:
dist: 3.1091317144939215 vs. 3.1091317144939215
--------
nle(id0,id1,dist): 66 73 2.2331512408914844
list:
dist: 2.2331512408914844 vs. 2.2331512408914844
--------
nle(id0,id1,dist): 66 74 1.344350351243154
list:
dist: 1.344350351243154 vs. 1.344350351243154
--------
nle(id0,id1,dist): 66 75 2.7588342534192765
list:
dist: 2.7588342534192765 vs. 2.7588342534192765
--------
nle(id0,id1,dist): 66 78 2.357803895450843
list:
dist: 2.357803895450843 vs. 2.357803895450843
--------
nle(id0,id1,dist): 66 97 4.309931799835216
list:
dist: 4.309931799835216 vs. 4.309931799835216
--------
nle(id0,id1,dist): 48 51 1.6929876125629983
list:
dist: 1.6929876125629983 vs. 1.6929876125629983
--------
nle(id0,id1,dist): 48 52 1.8645287984522019
list:
dist: 1.8645287984522019 vs. 1.8645287984522019
--------
nle(id0,id1,dist): 48 49 2.141987936294332
list:
dist: 2.141987936294332 vs. 2.141987936294332
--------
nle(id0,id1,dist): 48 50 1.6226592986588657
list:
dist: 1.6226592986588657 vs. 1.6226592986588657
--------
nle(id0,id1,dist): 48 55 1.4499531719965162
list:
dist: 1.4499531719965162 vs. 1.4499531719965162
--------
nle(id0,id1,dist): 48 56 1.5468307998544062
list:
dist: 1.5468307998544062 vs. 1.5468307998544062
--------
nle(id0,id1,dist): 48 53 1.1035853325893923
list:
dist: 1.1035853325893923 vs. 1.1035853325893923
--------
nle(id0,id1,dist): 48 54 0.5769402322498445
list:
dist: 0.5769402322498445 vs. 0.5769402322498445
--------
nle(id0,id1,dist): 48 59 3.2192039710551397
list:
dist: 3.2192039710551397 vs. 3.2192039710551397
--------
nle(id0,id1,dist): 48 57 1.4249968073249384
list:
dist: 1.4249968073249384 vs. 1.4249968073249384
--------
nle(id0,id1,dist): 48 58 1.2526360296247372
list:
dist: 1.2526360296247372 vs. 1.2526360296247372
--------
nle(id0,id1,dist): 49 50 3.384630851113264
list:
dist: 3.384630851113264 vs. 3.384630851113264
--------
nle(id0,id1,dist): 49 51 2.8709747019826697
list:
dist: 2.8709747019826697 vs. 2.8709747019826697
--------
nle(id0,id1,dist): 49 52 0.7160768659226503
list:
dist: 0.7160768659226503 vs. 0.7160768659226503
--------
nle(id0,id1,dist): 49 53 2.7631336333416217
list:
dist: 2.7631336333416217 vs. 2.7631336333416217
--------
nle(id0,id1,dist): 49 54 2.3439402684513957
list:
dist: 2.3439402684513957 vs. 2.3439402684513957
--------
nle(id0,id1,dist): 49 55 3.1869799474240144
list:
dist: 3.1869799474240144 vs. 3.1869799474240144
--------
nle(id0,id1,dist): 49 56 1.6403009590223196
list:
dist: 1.6403009590223196 vs. 1.6403009590223196
--------
nle(id0,id1,dist): 49 57 2.3740385615380326
list:
dist: 2.3740385615380326 vs. 2.3740385615380326
--------
nle(id0,id1,dist): 49 58 1.3716490128802092
list:
dist: 1.3716490128802092 vs. 1.3716490128802092
--------
nle(id0,id1,dist): 49 59 2.9056849429623255
list:
dist: 2.9056849429623255 vs. 2.9056849429623255
--------
nle(id0,id1,dist): 50 53 0.9150005807941702
list:
dist: 0.9150005807941702 vs. 0.9150005807941702
--------
nle(id0,id1,dist): 50 54 1.3118068845316453
list:
dist: 1.3118068845316453 vs. 1.3118068845316453
--------
nle(id0,id1,dist): 50 51 2.929002848537153
list:
dist: 2.929002848537153 vs. 2.929002848537153
--------
nle(id0,id1,dist): 50 52 3.0736524969168295
list:
dist: 3.0736524969168295 vs. 3.0736524969168295
--------
nle(id0,id1,dist): 50 59 2.977822708129967
list:
dist: 2.977822708129967 vs. 2.977822708129967
--------
nle(id0,id1,dist): 50 56 2.7672389713797982
list:
dist: 2.7672389713797982 vs. 2.7672389713797982
--------
nle(id0,id1,dist): 50 55 1.930959746250908
list:
dist: 1.930959746250908 vs. 1.930959746250908
--------
nle(id0,id1,dist): 50 58 2.057448712732164
list:
dist: 2.057448712732164 vs. 2.057448712732164
--------
nle(id0,id1,dist): 50 57 1.229987445999268
list:
dist: 1.229987445999268 vs. 1.229987445999268
--------
nle(id0,id1,dist): 44 55 2.614630477677942
list:
dist: 2.614630477677942 vs. 2.614630477677942
--------
nle(id0,id1,dist): 44 56 1.5240402405729292
list:
dist: 1.5240402405729292 vs. 1.5240402405729292
--------
nle(id0,id1,dist): 44 53 1.8692335395395432
list:
dist: 1.8692335395395432 vs. 1.8692335395395432
--------
nle(id0,id1,dist): 44 54 1.4737324597910793
list:
dist: 1.4737324597910793 vs. 1.4737324597910793
--------
nle(id0,id1,dist): 44 59 2.5191582745329266
list:
dist: 2.5191582745329266 vs. 2.5191582745329266
--------
nle(id0,id1,dist): 44 57 1.6045731303213007
list:
dist: 1.6045731303213007 vs. 1.6045731303213007
--------
nle(id0,id1,dist): 44 58 0.6421044620909514
list:
dist: 0.6421044620909514 vs. 0.6421044620909514
--------
nle(id0,id1,dist): 45 73 2.7921657956672443
list:
dist: 2.7921657956672443 vs. 2.7921657956672443
--------
nle(id0,id1,dist): 45 75 3.7518309353133636
list:
dist: 3.7518309353133636 vs. 3.7518309353133636
--------
nle(id0,id1,dist): 45 74 1.84794788167454
list:
dist: 1.84794788167454 vs. 1.84794788167454
--------
nle(id0,id1,dist): 45 65 2.7456311750356552
list:
dist: 2.7456311750356552 vs. 2.7456311750356552
--------
nle(id0,id1,dist): 45 64 1.2739391188138591
list:
dist: 1.2739391188138591 vs. 1.2739391188138591
--------
nle(id0,id1,dist): 45 67 2.5077136960687967
list:
dist: 2.5077136960687967 vs. 2.5077136960687967
--------
nle(id0,id1,dist): 45 69 2.0203155854404895
list:
dist: 2.0203155854404895 vs. 2.0203155854404895
--------
nle(id0,id1,dist): 45 71 3.3025050641382263
list:
dist: 3.3025050641382263 vs. 3.3025050641382263
--------
nle(id0,id1,dist): 45 70 3.402677784501694
list:
dist: 3.402677784501694 vs. 3.402677784501694
--------
nle(id0,id1,dist): 45 60 2.78308505615098
list:
dist: 2.78308505615098 vs. 2.78308505615098
--------
nle(id0,id1,dist): 45 62 3.3152074795965034
list:
dist: 3.3152074795965034 vs. 3.3152074795965034
--------
nle(id0,id1,dist): 45 63 2.6266679879752433
list:
dist: 2.6266679879752433 vs. 2.6266679879752433
--------
nle(id0,id1,dist): 46 57 2.7644725934473753
list:
dist: 2.7644725934473753 vs. 2.7644725934473753
--------
nle(id0,id1,dist): 46 58 2.771978237327535
list:
dist: 2.771978237327535 vs. 2.771978237327535
--------
nle(id0,id1,dist): 46 55 0.6104787251359798
list:
dist: 0.6104787251359798 vs. 0.6104787251359798
--------
nle(id0,id1,dist): 46 56 1.9679586672692657
list:
dist: 1.9679586672692657 vs. 1.9679586672692657
--------
nle(id0,id1,dist): 46 53 2.5927263178618762
list:
dist: 2.5927263178618762 vs. 2.5927263178618762
--------
nle(id0,id1,dist): 46 54 2.2739610986047896
list:
dist: 2.2739610986047896 vs. 2.2739610986047896
--------
nle(id0,id1,dist): 46 51 0.9452669560299835
list:
dist: 0.9452669560299835 vs. 0.9452669560299835
--------
nle(id0,id1,dist): 46 52 2.880579183351036
list:
dist: 2.880579183351036 vs. 2.880579183351036
--------
nle(id0,id1,dist): 46 49 3.413631649138827
list:
dist: 3.413631649138827 vs. 3.413631649138827
--------
nle(id0,id1,dist): 46 50 2.5083641924110673
list:
dist: 2.5083641924110673 vs. 2.5083641924110673
--------
nle(id0,id1,dist): 46 47 1.6942299199227826
list:
dist: 1.6942299199227826 vs. 1.6942299199227826
--------
nle(id0,id1,dist): 46 48 1.822228385073453
list:
dist: 1.822228385073453 vs. 1.822228385073453
--------
nle(id0,id1,dist): 45 83 3.273077141577865
list:
dist: 3.273077141577865 vs. 3.273077141577865
--------
nle(id0,id1,dist): 45 80 3.038224202147296
list:
dist: 3.038224202147296 vs. 3.038224202147296
--------
nle(id0,id1,dist): 47 58 2.18795553447376
list:
dist: 2.18795553447376 vs. 2.18795553447376
--------
nle(id0,id1,dist): 47 55 1.8288854902511142
list:
dist: 1.8288854902511142 vs. 1.8288854902511142
--------
nle(id0,id1,dist): 47 54 2.1475097386697612
list:
dist: 2.1475097386697612 vs. 2.1475097386697612
--------
nle(id0,id1,dist): 47 57 2.7830486942791164
list:
dist: 2.7830486942791164 vs. 2.7830486942791164
--------
nle(id0,id1,dist): 47 56 1.2006123083742664
list:
dist: 1.2006123083742664 vs. 1.2006123083742664
--------
nle(id0,id1,dist): 47 50 3.1146780863877415
list:
dist: 3.1146780863877415 vs. 3.1146780863877415
--------
nle(id0,id1,dist): 47 51 0.8450789253606734
list:
dist: 0.8450789253606734 vs. 0.8450789253606734
--------
nle(id0,id1,dist): 47 52 1.7865462983878646
list:
dist: 1.7865462983878646 vs. 1.7865462983878646
--------
nle(id0,id1,dist): 47 53 2.6964898962102897
list:
dist: 2.6964898962102897 vs. 2.6964898962102897
--------
nle(id0,id1,dist): 47 48 1.5953525704702864
list:
dist: 1.5953525704702864 vs. 1.5953525704702864
--------
nle(id0,id1,dist): 47 49 2.1351594643917258
list:
dist: 2.1351594643917258 vs. 2.1351594643917258
--------
nle(id0,id1,dist): 55 56 1.8109899344179292
list:
dist: 1.8109899344179292 vs. 1.8109899344179292
--------
nle(id0,id1,dist): 55 57 2.2007467349107945
list:
dist: 2.2007467349107945 vs. 2.2007467349107945
--------
nle(id0,id1,dist): 55 58 2.344326143334027
list:
dist: 2.344326143334027 vs. 2.344326143334027
--------
nle(id0,id1,dist): 56 58 1.4866418614055137
list:
dist: 1.4866418614055137 vs. 1.4866418614055137
--------
nle(id0,id1,dist): 56 57 2.0916714061288406
list:
dist: 2.0916714061288406 vs. 2.0916714061288406
--------
nle(id0,id1,dist): 56 59 3.5394905936872876
list:
dist: 3.5394905936872876 vs. 3.5394905936872876
--------
nle(id0,id1,dist): 57 59 2.023310579276913
list:
dist: 2.023310579276913 vs. 2.023310579276913
--------
nle(id0,id1,dist): 57 58 1.0064757229255947
list:
dist: 1.0064757229255947 vs. 1.0064757229255947
--------
nle(id0,id1,dist): 51 58 2.5888740638707857
list:
dist: 2.5888740638707857 vs. 2.5888740638707857
--------
nle(id0,id1,dist): 51 52 2.430962544520948
list:
dist: 2.430962544520948 vs. 2.430962544520948
--------
nle(id0,id1,dist): 51 53 2.7104976281275546
list:
dist: 2.7104976281275546 vs. 2.7104976281275546
--------
nle(id0,id1,dist): 51 54 2.2384649885669727
list:
dist: 2.2384649885669727 vs. 2.2384649885669727
--------
nle(id0,id1,dist): 51 55 1.2819182440260493
list:
dist: 1.2819182440260493 vs. 1.2819182440260493
--------
nle(id0,id1,dist): 51 56 1.61204883972517
list:
dist: 1.61204883972517 vs. 1.61204883972517
--------
nle(id0,id1,dist): 51 57 2.9093217517141348
list:
dist: 2.9093217517141348 vs. 2.9093217517141348
--------
nle(id0,id1,dist): 52 55 2.6513358312286393
list:
dist: 2.6513358312286393 vs. 2.6513358312286393
--------
nle(id0,id1,dist): 52 56 0.9873413094853466
list:
dist: 0.9873413094853466 vs. 0.9873413094853466
--------
nle(id0,id1,dist): 52 53 2.606254572495412
list:
dist: 2.606254572495412 vs. 2.606254572495412
--------
nle(id0,id1,dist): 52 54 2.1761884352267837
list:
dist: 2.1761884352267837 vs. 2.1761884352267837
--------
nle(id0,id1,dist): 52 59 2.9845640621112666
list:
dist: 2.9845640621112666 vs. 2.9845640621112666
--------
nle(id0,id1,dist): 52 57 2.0932073896722376
list:
dist: 2.0932073896722376 vs. 2.0932073896722376
--------
nle(id0,id1,dist): 52 58 1.1702612471556244
list:
dist: 1.1702612471556244 vs. 1.1702612471556244
--------
nle(id0,id1,dist): 53 54 0.5695249275769333
list:
dist: 0.5695249275769333 vs. 0.5695249275769333
--------
nle(id0,id1,dist): 53 55 2.0890415782201726
list:
dist: 2.0890415782201726 vs. 2.0890415782201726
--------
nle(id0,id1,dist): 53 57 1.109449907205981
list:
dist: 1.109449907205981 vs. 1.109449907205981
--------
nle(id0,id1,dist): 53 56 2.491070648931867
list:
dist: 2.491070648931867 vs. 2.491070648931867
--------
nle(id0,id1,dist): 53 59 2.739957537181683
list:
dist: 2.739957537181683 vs. 2.739957537181683
--------
nle(id0,id1,dist): 53 58 1.5600161296555022
list:
dist: 1.5600161296555022 vs. 1.5600161296555022
--------
nle(id0,id1,dist): 54 59 2.913073446291951
list:
dist: 2.913073446291951 vs. 2.913073446291951
--------
nle(id0,id1,dist): 54 58 1.281509328274887
list:
dist: 1.281509328274887 vs. 1.281509328274887
--------
nle(id0,id1,dist): 54 57 1.2101696250163128
list:
dist: 1.2101696250163128 vs. 1.2101696250163128
--------
nle(id0,id1,dist): 54 56 2.033570157644815
list:
dist: 2.033570157644815 vs. 2.033570157644815
--------
nle(id0,id1,dist): 54 55 1.835078288473013
list:
dist: 1.835078288473013 vs. 1.835078288473013
--------
nle(id0,id1,dist): 93 112 3.1002377076465373
list:
dist: 3.1002377076465373 vs. 3.1002377076465373
--------
nle(id0,id1,dist): 93 99 2.49065171759836
list:
dist: 2.49065171759836 vs. 2.49065171759836
--------
nle(id0,id1,dist): 93 98 1.6915394360894656
list:
dist: 1.6915394360894656 vs. 1.6915394360894656
--------
nle(id0,id1,dist): 93 101 1.7003797224776507
list:
dist: 1.7003797224776507 vs. 1.7003797224776507
--------
nle(id0,id1,dist): 93 100 1.8140901936284186
list:
dist: 1.8140901936284186 vs. 1.8140901936284186
--------
nle(id0,id1,dist): 93 103 0.3310778920941077
list:
dist: 0.3310778920941077 vs. 0.3310778920941077
--------
nle(id0,id1,dist): 93 102 1.890900555789351
list:
dist: 1.890900555789351 vs. 1.890900555789351
--------
nle(id0,id1,dist): 93 105 2.3299906958885956
list:
dist: 2.3299906958885956 vs. 2.3299906958885956
--------
nle(id0,id1,dist): 93 104 1.2978037580494126
list:
dist: 1.2978037580494126 vs. 1.2978037580494126
--------
nle(id0,id1,dist): 93 108 2.1897834777120524
list:
dist: 2.1897834777120524 vs. 2.1897834777120524
--------
nle(id0,id1,dist): 93 111 3.9239470262281286
list:
dist: 3.9239470262281286 vs. 3.9239470262281286
--------
nle(id0,id1,dist): 93 110 3.190871648542402
list:
dist: 3.190871648542402 vs. 3.190871648542402
--------
nle(id0,id1,dist): 94 109 2.810018814786504
list:
dist: 2.810018814786504 vs. 2.810018814786504
--------
nle(id0,id1,dist): 94 110 1.9101359524901165
list:
dist: 1.9101359524901165 vs. 1.9101359524901165
--------
nle(id0,id1,dist): 94 107 2.3090128271049855
list:
dist: 2.3090128271049855 vs. 2.3090128271049855
--------
nle(id0,id1,dist): 94 108 1.5098390878872001
list:
dist: 1.5098390878872001 vs. 1.5098390878872001
--------
nle(id0,id1,dist): 94 114 2.7230815723847455
list:
dist: 2.7230815723847455 vs. 2.7230815723847455
--------
nle(id0,id1,dist): 94 111 2.492759796611537
list:
dist: 2.492759796611537 vs. 2.492759796611537
--------
nle(id0,id1,dist): 94 112 1.9166785478116688
list:
dist: 1.9166785478116688 vs. 1.9166785478116688
--------
nle(id0,id1,dist): 94 117 4.0763391236974655
list:
dist: 4.0763391236974655 vs. 4.0763391236974655
--------
nle(id0,id1,dist): 94 118 2.867275976526911
list:
dist: 2.867275976526911 vs. 2.867275976526911
--------
nle(id0,id1,dist): 94 116 2.8164929350834633
list:
dist: 2.8164929350834633 vs. 2.8164929350834633
--------
nle(id0,id1,dist): 94 98 1.0480023246683419
list:
dist: 1.0480023246683419 vs. 1.0480023246683419
--------
nle(id0,id1,dist): 94 97 2.4561172118727375
list:
dist: 2.4561172118727375 vs. 2.4561172118727375
--------
nle(id0,id1,dist): 94 96 2.1229195094889897
list:
dist: 2.1229195094889897 vs. 2.1229195094889897
--------
nle(id0,id1,dist): 94 95 0.5614070997594901
list:
dist: 0.5614070997594901 vs. 0.5614070997594901
--------
nle(id0,id1,dist): 94 102 0.8886900773733013
list:
dist: 0.8886900773733013 vs. 0.8886900773733013
--------
nle(id0,id1,dist): 94 101 0.9961776075902254
list:
dist: 0.9961776075902254 vs. 0.9961776075902254
--------
nle(id0,id1,dist): 94 100 3.188030850015566
list:
dist: 3.188030850015566 vs. 3.188030850015566
--------
nle(id0,id1,dist): 94 99 1.605457646764986
list:
dist: 1.605457646764986 vs. 1.605457646764986
--------
nle(id0,id1,dist): 94 106 2.6118079476446687
list:
dist: 2.6118079476446687 vs. 2.6118079476446687
--------
nle(id0,id1,dist): 94 105 1.034418070030458
list:
dist: 1.034418070030458 vs. 1.034418070030458
--------
nle(id0,id1,dist): 94 104 1.4469477067061995
list:
dist: 1.4469477067061995 vs. 1.4469477067061995
--------
nle(id0,id1,dist): 94 103 1.6238922740277242
list:
dist: 1.6238922740277242 vs. 1.6238922740277242
--------
nle(id0,id1,dist): 92 97 2.737394735264335
list:
dist: 2.737394735264335 vs. 2.737394735264335
--------
nle(id0,id1,dist): 92 98 1.1210309608098772
list:
dist: 1.1210309608098772 vs. 1.1210309608098772
--------
nle(id0,id1,dist): 92 99 1.6929743237489776
list:
dist: 1.6929743237489776 vs. 1.6929743237489776
--------
nle(id0,id1,dist): 92 100 2.5701693476199527
list:
dist: 2.5701693476199527 vs. 2.5701693476199527
--------
nle(id0,id1,dist): 92 93 1.532020303780048
list:
dist: 1.532020303780048 vs. 1.532020303780048
--------
nle(id0,id1,dist): 92 94 1.2679509674598606
list:
dist: 1.2679509674598606 vs. 1.2679509674598606
--------
nle(id0,id1,dist): 92 95 1.5813385839106973
list:
dist: 1.5813385839106973 vs. 1.5813385839106973
--------
nle(id0,id1,dist): 92 96 2.570815630259582
list:
dist: 2.570815630259582 vs. 2.570815630259582
--------
nle(id0,id1,dist): 91 111 4.842997770028109
list:
dist: 4.842997770028109 vs. 4.842997770028109
--------
nle(id0,id1,dist): 91 110 4.287595941454631
list:
dist: 4.287595941454631 vs. 4.287595941454631
--------
nle(id0,id1,dist): 91 112 4.0391874264012
list:
dist: 4.0391874264012 vs. 4.0391874264012
--------
nle(id0,id1,dist): 91 108 3.5117318939653406
list:
dist: 3.5117318939653406 vs. 3.5117318939653406
--------
nle(id0,id1,dist): 92 117 5.053557380777954
list:
dist: 5.053557380777954 vs. 5.053557380777954
--------
nle(id0,id1,dist): 92 118 3.5782122370417886
list:
dist: 3.5782122370417886 vs. 3.5782122370417886
--------
nle(id0,id1,dist): 93 94 1.5665239315517192
list:
dist: 1.5665239315517192 vs. 1.5665239315517192
--------
nle(id0,id1,dist): 93 95 1.2756250778684042
list:
dist: 1.2756250778684042 vs. 1.2756250778684042
--------
nle(id0,id1,dist): 92 108 2.3929856218940624
list:
dist: 2.3929856218940624 vs. 2.3929856218940624
--------
nle(id0,id1,dist): 92 107 3.2250521516847717
list:
dist: 3.2250521516847717 vs. 3.2250521516847717
--------
nle(id0,id1,dist): 92 106 3.4373333671040864
list:
dist: 3.4373333671040864 vs. 3.4373333671040864
--------
nle(id0,id1,dist): 92 105 1.7112212916035996
list:
dist: 1.7112212916035996 vs. 1.7112212916035996
--------
nle(id0,id1,dist): 92 104 1.6602737749261556
list:
dist: 1.6602737749261556 vs. 1.6602737749261556
--------
nle(id0,id1,dist): 92 103 1.4056723495903674
list:
dist: 1.4056723495903674 vs. 1.4056723495903674
--------
nle(id0,id1,dist): 92 102 2.1085297843517674
list:
dist: 2.1085297843517674 vs. 2.1085297843517674
--------
nle(id0,id1,dist): 92 101 1.4025066418096697
list:
dist: 1.4025066418096697 vs. 1.4025066418096697
--------
nle(id0,id1,dist): 92 116 3.6702251231357037
list:
dist: 3.6702251231357037 vs. 3.6702251231357037
--------
nle(id0,id1,dist): 92 114 3.5800743546399456
list:
dist: 3.5800743546399456 vs. 3.5800743546399456
--------
nle(id0,id1,dist): 92 112 3.151704496421727
list:
dist: 3.151704496421727 vs. 3.151704496421727
--------
nle(id0,id1,dist): 92 111 3.595501789188751
list:
dist: 3.595501789188751 vs. 3.595501789188751
--------
nle(id0,id1,dist): 92 110 3.0570840356800137
list:
dist: 3.0570840356800137 vs. 3.0570840356800137
--------
nle(id0,id1,dist): 92 109 3.7997421359487724
list:
dist: 3.7997421359487724 vs. 3.7997421359487724
--------
nle(id0,id1,dist): 97 101 1.558684934057403
list:
dist: 1.558684934057403 vs. 1.558684934057403
--------
nle(id0,id1,dist): 97 102 2.436198209436014
list:
dist: 2.436198209436014 vs. 2.436198209436014
--------
nle(id0,id1,dist): 97 105 1.6112678395413882
list:
dist: 1.6112678395413882 vs. 1.6112678395413882
--------
nle(id0,id1,dist): 97 104 1.8550333780944743
list:
dist: 1.8550333780944743 vs. 1.8550333780944743
--------
nle(id0,id1,dist): 97 107 1.803154314107576
list:
dist: 1.803154314107576 vs. 1.803154314107576
--------
nle(id0,id1,dist): 97 106 1.562881789584348
list:
dist: 1.562881789584348 vs. 1.562881789584348
--------
nle(id0,id1,dist): 97 99 1.161234161697615
list:
dist: 1.161234161697615 vs. 1.161234161697615
--------
nle(id0,id1,dist): 97 98 1.6741286139011773
list:
dist: 1.6741286139011773 vs. 1.6741286139011773
--------
nle(id0,id1,dist): 96 113 2.5080465292085763
list:
dist: 2.5080465292085763 vs. 2.5080465292085763
--------
nle(id0,id1,dist): 96 114 1.3393750670633164
list:
dist: 1.3393750670633164 vs. 1.3393750670633164
--------
nle(id0,id1,dist): 96 116 1.3767903069391034
list:
dist: 1.3767903069391034 vs. 1.3767903069391034
--------
nle(id0,id1,dist): 96 117 3.172900645874514
list:
dist: 3.172900645874514 vs. 3.172900645874514
--------
nle(id0,id1,dist): 96 118 1.4083440396977125
list:
dist: 1.4083440396977125 vs. 1.4083440396977125
--------
nle(id0,id1,dist): 96 119 3.016994917647935
list:
dist: 3.016994917647935 vs. 3.016994917647935
--------
nle(id0,id1,dist): 98 102 1.542660041281757
list:
dist: 1.542660041281757 vs. 1.542660041281757
--------
nle(id0,id1,dist): 98 101 0.3489555773880354
list:
dist: 0.3489555773880354 vs. 0.3489555773880354
--------
nle(id0,id1,dist): 98 100 3.2304911932462907
list:
dist: 3.2304911932462907 vs. 3.2304911932462907
--------
nle(id0,id1,dist): 98 99 0.8023306046760106
list:
dist: 0.8023306046760106 vs. 0.8023306046760106
--------
nle(id0,id1,dist): 97 118 2.424057922578109
list:
dist: 2.424057922578109 vs. 2.424057922578109
--------
nle(id0,id1,dist): 97 116 1.9978965193483882
list:
dist: 1.9978965193483882 vs. 1.9978965193483882
--------
nle(id0,id1,dist): 97 117 2.998377991405537
list:
dist: 2.998377991405537 vs. 2.998377991405537
--------
nle(id0,id1,dist): 97 110 2.350095571739992
list:
dist: 2.350095571739992 vs. 2.350095571739992
--------
nle(id0,id1,dist): 97 111 3.05098285926545
list:
dist: 3.05098285926545 vs. 3.05098285926545
--------
nle(id0,id1,dist): 97 108 1.582065431217045
list:
dist: 1.582065431217045 vs. 1.582065431217045
--------
nle(id0,id1,dist): 97 109 2.0655756462148216
list:
dist: 2.0655756462148216 vs. 2.0655756462148216
--------
nle(id0,id1,dist): 97 114 1.762421412664542
list:
dist: 1.762421412664542 vs. 1.762421412664542
--------
nle(id0,id1,dist): 97 112 3.4136968511135937
list:
dist: 3.4136968511135937 vs. 3.4136968511135937
--------
nle(id0,id1,dist): 95 114 2.8734189598064996
list:
dist: 2.8734189598064996 vs. 2.8734189598064996
--------
nle(id0,id1,dist): 95 117 3.971075114897002
list:
dist: 3.971075114897002 vs. 3.971075114897002
--------
nle(id0,id1,dist): 95 116 3.014622204798156
list:
dist: 3.014622204798156 vs. 3.014622204798156
--------
nle(id0,id1,dist): 95 111 2.6590168106926533
list:
dist: 2.6590168106926533 vs. 2.6590168106926533
--------
nle(id0,id1,dist): 95 110 1.9814997868416375
list:
dist: 1.9814997868416375 vs. 1.9814997868416375
--------
nle(id0,id1,dist): 95 112 1.8742311086624126
list:
dist: 1.8742311086624126 vs. 1.8742311086624126
--------
nle(id0,id1,dist): 95 107 2.1369012999375046
list:
dist: 2.1369012999375046 vs. 2.1369012999375046
--------
nle(id0,id1,dist): 95 106 2.514050167657901
list:
dist: 2.514050167657901 vs. 2.514050167657901
--------
nle(id0,id1,dist): 95 109 2.8234900049116036
list:
dist: 2.8234900049116036 vs. 2.8234900049116036
--------
nle(id0,id1,dist): 95 108 1.3942935846038869
list:
dist: 1.3942935846038869 vs. 1.3942935846038869
--------
nle(id0,id1,dist): 95 103 1.4099658822133718
list:
dist: 1.4099658822133718 vs. 1.4099658822133718
--------
nle(id0,id1,dist): 95 102 0.6807261740156432
list:
dist: 0.6807261740156432 vs. 0.6807261740156432
--------
nle(id0,id1,dist): 95 105 1.4113241921026276
list:
dist: 1.4113241921026276 vs. 1.4113241921026276
--------
nle(id0,id1,dist): 95 104 1.3166793506353902
list:
dist: 1.3166793506353902 vs. 1.3166793506353902
--------
nle(id0,id1,dist): 95 98 1.3087423870775843
list:
dist: 1.3087423870775843 vs. 1.3087423870775843
--------
nle(id0,id1,dist): 95 99 1.9557221968176255
list:
dist: 1.9557221968176255 vs. 1.9557221968176255
--------
nle(id0,id1,dist): 95 100 3.002078475631938
list:
dist: 3.002078475631938 vs. 3.002078475631938
--------
nle(id0,id1,dist): 95 101 1.1629213971475076
list:
dist: 1.1629213971475076 vs. 1.1629213971475076
--------
nle(id0,id1,dist): 95 96 2.4653740411175593
list:
dist: 2.4653740411175593 vs. 2.4653740411175593
--------
nle(id0,id1,dist): 95 97 2.6213463673878694
list:
dist: 2.6213463673878694 vs. 2.6213463673878694
--------
nle(id0,id1,dist): 96 112 2.82405667969829
list:
dist: 2.82405667969829 vs. 2.82405667969829
--------
nle(id0,id1,dist): 96 111 2.230097690086731
list:
dist: 2.230097690086731 vs. 2.230097690086731
--------
nle(id0,id1,dist): 96 110 1.7902749850450719
list:
dist: 1.7902749850450719 vs. 1.7902749850450719
--------
nle(id0,id1,dist): 96 109 1.8971018605016972
list:
dist: 1.8971018605016972 vs. 1.8971018605016972
--------
nle(id0,id1,dist): 96 108 1.7471442840233915
list:
dist: 1.7471442840233915 vs. 1.7471442840233915
--------
nle(id0,id1,dist): 96 107 2.1164533099260834
list:
dist: 2.1164533099260834 vs. 2.1164533099260834
--------
nle(id0,id1,dist): 96 106 1.9805656409692198
list:
dist: 1.9805656409692198 vs. 1.9805656409692198
--------
nle(id0,id1,dist): 96 105 1.088532419243297
list:
dist: 1.088532419243297 vs. 1.088532419243297
--------
nle(id0,id1,dist): 96 104 2.2706235204166307
list:
dist: 2.2706235204166307 vs. 2.2706235204166307
--------
nle(id0,id1,dist): 96 102 2.196870158452295
list:
dist: 2.196870158452295 vs. 2.196870158452295
--------
nle(id0,id1,dist): 96 101 1.6066183714279199
list:
dist: 1.6066183714279199 vs. 1.6066183714279199
--------
nle(id0,id1,dist): 96 99 1.0009796865805747
list:
dist: 1.0009796865805747 vs. 1.0009796865805747
--------
nle(id0,id1,dist): 96 98 1.6784964076786006
list:
dist: 1.6784964076786006 vs. 1.6784964076786006
--------
nle(id0,id1,dist): 96 97 1.1430142696303476
list:
dist: 1.1430142696303476 vs. 1.1430142696303476
--------
nle(id0,id1,dist): 95 118 3.2131690911020625
list:
dist: 3.2131690911020625 vs. 3.2131690911020625
--------
nle(id0,id1,dist): 86 113 4.363380073582163
list:
dist: 4.363380073582163 vs. 4.363380073582163
--------
nle(id0,id1,dist): 86 118 3.597074351926264
list:
dist: 3.597074351926264 vs. 3.597074351926264
--------
nle(id0,id1,dist): 86 116 4.15244685091372
list:
dist: 4.15244685091372 vs. 4.15244685091372
--------
nle(id0,id1,dist): 87 88 1.9407233965452892
list:
dist: 1.9407233965452892 vs. 1.9407233965452892
--------
nle(id0,id1,dist): 87 89 3.0433688587119803
list:
dist: 3.0433688587119803 vs. 3.0433688587119803
--------
nle(id0,id1,dist): 85 88 2.148239841832844
list:
dist: 2.148239841832844 vs. 2.148239841832844
--------
nle(id0,id1,dist): 85 89 1.7184137928789056
list:
dist: 1.7184137928789056 vs. 1.7184137928789056
--------
nle(id0,id1,dist): 86 87 1.7331039197154794
list:
dist: 1.7331039197154794 vs. 1.7331039197154794
--------
nle(id0,id1,dist): 86 88 1.3807478957878334
list:
dist: 1.3807478957878334 vs. 1.3807478957878334
--------
nle(id0,id1,dist): 86 89 1.9084297829395187
list:
dist: 1.9084297829395187 vs. 1.9084297829395187
--------
nle(id0,id1,dist): 86 96 3.8681076142327457
list:
dist: 3.8681076142327457 vs. 3.8681076142327457
--------
nle(id0,id1,dist): 90 93 1.0957703477090586
list:
dist: 1.0957703477090586 vs. 1.0957703477090586
--------
nle(id0,id1,dist): 90 94 1.2481561468209914
list:
dist: 1.2481561468209914 vs. 1.2481561468209914
--------
nle(id0,id1,dist): 90 91 1.15339227880789
list:
dist: 1.15339227880789 vs. 1.15339227880789
--------
nle(id0,id1,dist): 90 92 0.7033801802894355
list:
dist: 0.7033801802894355 vs. 0.7033801802894355
--------
nle(id0,id1,dist): 89 118 2.854147855737624
list:
dist: 2.854147855737624 vs. 2.854147855737624
--------
nle(id0,id1,dist): 89 116 3.6594942555652676
list:
dist: 3.6594942555652676 vs. 3.6594942555652676
--------
nle(id0,id1,dist): 90 105 2.048417551578085
list:
dist: 2.048417551578085 vs. 2.048417551578085
--------
nle(id0,id1,dist): 90 104 1.7520795247043803
list:
dist: 1.7520795247043803 vs. 1.7520795247043803
--------
nle(id0,id1,dist): 90 103 0.8862354707514266
list:
dist: 0.8862354707514266 vs. 0.8862354707514266
--------
nle(id0,id1,dist): 90 110 3.1570593078355076
list:
dist: 3.1570593078355076 vs. 3.1570593078355076
--------
nle(id0,id1,dist): 90 108 2.4932442670927784
list:
dist: 2.4932442670927784 vs. 2.4932442670927784
--------
nle(id0,id1,dist): 90 98 1.5103721725796366
list:
dist: 1.5103721725796366 vs. 1.5103721725796366
--------
nle(id0,id1,dist): 90 95 1.3581707106889969
list:
dist: 1.3581707106889969 vs. 1.3581707106889969
--------
nle(id0,id1,dist): 90 102 2.00429692816991
list:
dist: 2.00429692816991 vs. 2.00429692816991
--------
nle(id0,id1,dist): 90 101 1.680869871779253
list:
dist: 1.680869871779253 vs. 1.680869871779253
--------
nle(id0,id1,dist): 90 100 2.1067009494596656
list:
dist: 2.1067009494596656 vs. 2.1067009494596656
--------
nle(id0,id1,dist): 90 99 2.2218477604508404
list:
dist: 2.2218477604508404 vs. 2.2218477604508404
--------
nle(id0,id1,dist): 90 111 3.709086123463622
list:
dist: 3.709086123463622 vs. 3.709086123463622
--------
nle(id0,id1,dist): 90 112 3.0090577151508393
list:
dist: 3.0090577151508393 vs. 3.0090577151508393
--------
nle(id0,id1,dist): 91 99 3.216474510550144
list:
dist: 3.216474510550144 vs. 3.216474510550144
--------
nle(id0,id1,dist): 91 98 2.5151237913276656
list:
dist: 2.5151237913276656 vs. 2.5151237913276656
--------
nle(id0,id1,dist): 91 101 2.7100856858346827
list:
dist: 2.7100856858346827 vs. 2.7100856858346827
--------
nle(id0,id1,dist): 91 100 1.20146236332994
list:
dist: 1.20146236332994 vs. 1.20146236332994
--------
nle(id0,id1,dist): 91 103 1.2183231357098512
list:
dist: 1.2183231357098512 vs. 1.2183231357098512
--------
nle(id0,id1,dist): 91 102 3.064267008456639
list:
dist: 3.064267008456639 vs. 3.064267008456639
--------
nle(id0,id1,dist): 91 105 3.174496934222915
list:
dist: 3.174496934222915 vs. 3.174496934222915
--------
nle(id0,id1,dist): 91 104 2.558502093533573
list:
dist: 2.558502093533573 vs. 2.558502093533573
--------
nle(id0,id1,dist): 91 93 1.5425372919550946
list:
dist: 1.5425372919550946 vs. 1.5425372919550946
--------
nle(id0,id1,dist): 91 92 1.5904737169780447
list:
dist: 1.5904737169780447 vs. 1.5904737169780447
--------
nle(id0,id1,dist): 91 95 2.3862189724850045
list:
dist: 2.3862189724850045 vs. 2.3862189724850045
--------
nle(id0,id1,dist): 91 94 2.387776654387674
list:
dist: 2.387776654387674 vs. 2.387776654387674
--------
nle(id0,id1,dist): 88 89 1.163811116906409
list:
dist: 1.163811116906409 vs. 1.163811116906409
--------
nle(id0,id1,dist): 89 96 3.0343054184444718
list:
dist: 3.0343054184444718 vs. 3.0343054184444718
--------
nle(id0,id1,dist): 89 97 3.8485973614439457
list:
dist: 3.8485973614439457 vs. 3.8485973614439457
--------
nle(id0,id1,dist): 89 98 4.103825986320471
list:
dist: 4.103825986320471 vs. 4.103825986320471
--------
nle(id0,id1,dist): 89 99 3.4396757843751833
list:
dist: 3.4396757843751833 vs. 3.4396757843751833
--------
nle(id0,id1,dist): 89 92 4.329009588871575
list:
dist: 4.329009588871575 vs. 4.329009588871575
--------
nle(id0,id1,dist): 89 94 4.442337383906802
list:
dist: 4.442337383906802 vs. 4.442337383906802
--------
nle(id0,id1,dist): 89 113 3.813358409426966
list:
dist: 3.813358409426966 vs. 3.813358409426966
--------
nle(id0,id1,dist): 89 105 3.6754764693207376
list:
dist: 3.6754764693207376 vs. 3.6754764693207376
--------
nle(id0,id1,dist): 89 104 4.954784709502611
list:
dist: 4.954784709502611 vs. 4.954784709502611
--------
nle(id0,id1,dist): 89 101 4.244013355276403
list:
dist: 4.244013355276403 vs. 4.244013355276403
--------
nle(id0,id1,dist): 81 83 1.1928253903657398
list:
dist: 1.1928253903657398 vs. 1.1928253903657398
--------
nle(id0,id1,dist): 81 88 1.301342182914147
list:
dist: 1.301342182914147 vs. 1.301342182914147
--------
nle(id0,id1,dist): 81 89 2.3816133420490035
list:
dist: 2.3816133420490035 vs. 2.3816133420490035
--------
nle(id0,id1,dist): 81 86 1.6839097773106089
list:
dist: 1.6839097773106089 vs. 1.6839097773106089
--------
nle(id0,id1,dist): 81 87 1.0203792289578952
list:
dist: 1.0203792289578952 vs. 1.0203792289578952
--------
nle(id0,id1,dist): 81 84 2.626055711706065
list:
dist: 2.626055711706065 vs. 2.626055711706065
--------
nle(id0,id1,dist): 80 85 2.6610584257087915
list:
dist: 2.6610584257087915 vs. 2.6610584257087915
--------
nle(id0,id1,dist): 80 87 2.0677461184546706
list:
dist: 2.0677461184546706 vs. 2.0677461184546706
--------
nle(id0,id1,dist): 80 88 1.8117211124199426
list:
dist: 1.8117211124199426 vs. 1.8117211124199426
--------
nle(id0,id1,dist): 80 81 1.5074233938244765
list:
dist: 1.5074233938244765 vs. 1.5074233938244765
--------
nle(id0,id1,dist): 79 118 4.206885951616859
list:
dist: 4.206885951616859 vs. 4.206885951616859
--------
nle(id0,id1,dist): 80 82 2.6191773472702877
list:
dist: 2.6191773472702877 vs. 2.6191773472702877
--------
nle(id0,id1,dist): 80 83 0.6111510572331723
list:
dist: 0.6111510572331723 vs. 0.6111510572331723
--------
nle(id0,id1,dist): 80 89 2.771025971874503
list:
dist: 2.771025971874503 vs. 2.771025971874503
--------
nle(id0,id1,dist): 79 116 4.365062721140424
list:
dist: 4.365062721140424 vs. 4.365062721140424
--------
nle(id0,id1,dist): 79 113 5.162073545829134
list:
dist: 5.162073545829134 vs. 5.162073545829134
--------
nle(id0,id1,dist): 79 88 2.316367874349959
list:
dist: 2.316367874349959 vs. 2.316367874349959
--------
nle(id0,id1,dist): 79 89 3.172517431891408
list:
dist: 3.172517431891408 vs. 3.172517431891408
--------
nle(id0,id1,dist): 79 86 2.1057268650589345
list:
dist: 2.1057268650589345 vs. 2.1057268650589345
--------
nle(id0,id1,dist): 79 87 1.4936781617805321
list:
dist: 1.4936781617805321 vs. 1.4936781617805321
--------
nle(id0,id1,dist): 79 96 3.820645962367604
list:
dist: 3.820645962367604 vs. 3.820645962367604
--------
nle(id0,id1,dist): 79 97 3.7721376867652845
list:
dist: 3.7721376867652845 vs. 3.7721376867652845
--------
nle(id0,id1,dist): 78 118 3.919660143519699
list:
dist: 3.919660143519699 vs. 3.919660143519699
--------
nle(id0,id1,dist): 79 81 1.2424823967611234
list:
dist: 1.2424823967611234 vs. 1.2424823967611234
--------
nle(id0,id1,dist): 79 80 2.599270734408866
list:
dist: 2.599270734408866 vs. 2.599270734408866
--------
nle(id0,id1,dist): 78 116 4.029980884779355
list:
dist: 4.029980884779355 vs. 4.029980884779355
--------
nle(id0,id1,dist): 79 84 3.2676801636766037
list:
dist: 3.2676801636766037 vs. 3.2676801636766037
--------
nle(id0,id1,dist): 79 83 2.1959635379996767
list:
dist: 2.1959635379996767 vs. 2.1959635379996767
--------
nle(id0,id1,dist): 78 96 3.1112248525842126
list:
dist: 3.1112248525842126 vs. 3.1112248525842126
--------
nle(id0,id1,dist): 78 97 2.895325421366656
list:
dist: 2.895325421366656 vs. 2.895325421366656
--------
nle(id0,id1,dist): 78 80 2.364493429561852
list:
dist: 2.364493429561852 vs. 2.364493429561852
--------
nle(id0,id1,dist): 78 79 1.4121481309057218
list:
dist: 1.4121481309057218 vs. 1.4121481309057218
--------
nle(id0,id1,dist): 78 81 1.6612765320162501
list:
dist: 1.6612765320162501 vs. 1.6612765320162501
--------
nle(id0,id1,dist): 78 83 1.7965608619915567
list:
dist: 1.7965608619915567 vs. 1.7965608619915567
--------
nle(id0,id1,dist): 78 88 2.4282434318959676
list:
dist: 2.4282434318959676 vs. 2.4282434318959676
--------
nle(id0,id1,dist): 78 87 2.4791915635337234
list:
dist: 2.4791915635337234 vs. 2.4791915635337234
--------
nle(id0,id1,dist): 78 89 3.068569406477433
list:
dist: 3.068569406477433 vs. 3.068569406477433
--------
nle(id0,id1,dist): 84 89 2.254385723075695
list:
dist: 2.254385723075695 vs. 2.254385723075695
--------
nle(id0,id1,dist): 84 87 2.4440847110873034
list:
dist: 2.4440847110873034 vs. 2.4440847110873034
--------
nle(id0,id1,dist): 84 88 1.9832444036863506
list:
dist: 1.9832444036863506 vs. 1.9832444036863506
--------
nle(id0,id1,dist): 84 86 1.2453369967070904
list:
dist: 1.2453369967070904 vs. 1.2453369967070904
--------
nle(id0,id1,dist): 83 87 2.0064758250287693
list:
dist: 2.0064758250287693 vs. 2.0064758250287693
--------
nle(id0,id1,dist): 83 88 1.5750437247481222
list:
dist: 1.5750437247481222 vs. 1.5750437247481222
--------
nle(id0,id1,dist): 83 89 2.4924132462258872
list:
dist: 2.4924132462258872 vs. 2.4924132462258872
--------
nle(id0,id1,dist): 83 85 2.3960154803709988
list:
dist: 2.3960154803709988 vs. 2.3960154803709988
--------
nle(id0,id1,dist): 82 89 2.0680226600204494
list:
dist: 2.0680226600204494 vs. 2.0680226600204494
--------
nle(id0,id1,dist): 82 88 2.3316059070810367
list:
dist: 2.3316059070810367 vs. 2.3316059070810367
--------
nle(id0,id1,dist): 82 83 2.6437554639310954
list:
dist: 2.6437554639310954 vs. 2.6437554639310954
--------
nle(id0,id1,dist): 82 85 1.2825465973853172
list:
dist: 1.2825465973853172 vs. 1.2825465973853172
--------
nle(id0,id1,dist): 74 75 2.3111861209341016
list:
dist: 2.3111861209341016 vs. 2.3111861209341016
--------
nle(id0,id1,dist): 74 78 2.143170510198102
list:
dist: 2.143170510198102 vs. 2.143170510198102
--------
nle(id0,id1,dist): 74 83 2.0991493131518615
list:
dist: 2.0991493131518615 vs. 2.0991493131518615
--------
nle(id0,id1,dist): 74 80 2.2261168315594246
list:
dist: 2.2261168315594246 vs. 2.2261168315594246
--------
nle(id0,id1,dist): 73 75 2.144366089677409
list:
dist: 2.144366089677409 vs. 2.144366089677409
--------
nle(id0,id1,dist): 73 74 1.3405307420108894
list:
dist: 1.3405307420108894 vs. 1.3405307420108894
--------
nle(id0,id1,dist): 73 83 1.3225132272665157
list:
dist: 1.3225132272665157 vs. 1.3225132272665157
--------
nle(id0,id1,dist): 73 81 1.346727526789557
list:
dist: 1.346727526789557 vs. 1.346727526789557
--------
nle(id0,id1,dist): 73 80 1.627457443451583
list:
dist: 1.627457443451583 vs. 1.627457443451583
--------
nle(id0,id1,dist): 73 79 1.5328349832993642
list:
dist: 1.5328349832993642 vs. 1.5328349832993642
--------
nle(id0,id1,dist): 73 78 1.2939508266941544
list:
dist: 1.2939508266941544 vs. 1.2939508266941544
--------
nle(id0,id1,dist): 73 77 2.1765313347136965
list:
dist: 2.1765313347136965 vs. 2.1765313347136965
--------
nle(id0,id1,dist): 73 76 2.5440414878279056
list:
dist: 2.5440414878279056 vs. 2.5440414878279056
--------
nle(id0,id1,dist): 73 88 2.4728947374698107
list:
dist: 2.4728947374698107 vs. 2.4728947374698107
--------
nle(id0,id1,dist): 73 89 3.455974113042623
list:
dist: 3.455974113042623 vs. 3.455974113042623
--------
nle(id0,id1,dist): 73 87 1.8710098803129023
list:
dist: 1.8710098803129023 vs. 1.8710098803129023
--------
nle(id0,id1,dist): 72 73 2.3514682042153385
list:
dist: 2.3514682042153385 vs. 2.3514682042153385
--------
nle(id0,id1,dist): 72 76 1.7360221548855816
list:
dist: 1.7360221548855816 vs. 1.7360221548855816
--------
nle(id0,id1,dist): 72 75 1.1418623840547522
list:
dist: 1.1418623840547522 vs. 1.1418623840547522
--------
nle(id0,id1,dist): 72 78 2.1437111662598936
list:
dist: 2.1437111662598936 vs. 2.1437111662598936
--------
nle(id0,id1,dist): 72 77 0.6901135403235696
list:
dist: 0.6901135403235696 vs. 0.6901135403235696
--------
nle(id0,id1,dist): 72 80 1.6115409800988538
list:
dist: 1.6115409800988538 vs. 1.6115409800988538
--------
nle(id0,id1,dist): 72 79 2.8509156356768957
list:
dist: 2.8509156356768957 vs. 2.8509156356768957
--------
nle(id0,id1,dist): 72 82 1.8067975151439204
list:
dist: 1.8067975151439204 vs. 1.8067975151439204
--------
nle(id0,id1,dist): 72 81 1.9516157839612245
list:
dist: 1.9516157839612245 vs. 1.9516157839612245
--------
nle(id0,id1,dist): 72 84 3.4403894739471483
list:
dist: 3.4403894739471483 vs. 3.4403894739471483
--------
nle(id0,id1,dist): 72 83 1.2400361743924684
list:
dist: 1.2400361743924684 vs. 1.2400361743924684
--------
nle(id0,id1,dist): 72 86 2.7774176266985817
list:
dist: 2.7774176266985817 vs. 2.7774176266985817
--------
nle(id0,id1,dist): 72 85 1.1789101333586287
list:
dist: 1.1789101333586287 vs. 1.1789101333586287
--------
nle(id0,id1,dist): 72 88 1.4807829140044604
list:
dist: 1.4807829140044604 vs. 1.4807829140044604
--------
nle(id0,id1,dist): 72 87 2.8979124971460637
list:
dist: 2.8979124971460637 vs. 2.8979124971460637
--------
nle(id0,id1,dist): 72 89 1.7629135315693414
list:
dist: 1.7629135315693414 vs. 1.7629135315693414
--------
nle(id0,id1,dist): 71 81 3.157364774600423
list:
dist: 3.157364774600423 vs. 3.157364774600423
--------
nle(id0,id1,dist): 71 80 2.005321248346664
list:
dist: 2.005321248346664 vs. 2.005321248346664
--------
nle(id0,id1,dist): 71 79 3.9632673501468725
list:
dist: 3.9632673501468725 vs. 3.9632673501468725
--------
nle(id0,id1,dist): 71 78 2.981853030471708
list:
dist: 2.981853030471708 vs. 2.981853030471708
--------
nle(id0,id1,dist): 71 85 2.426010341978689
list:
dist: 2.426010341978689 vs. 2.426010341978689
--------
nle(id0,id1,dist): 71 83 1.9823684008837976
list:
dist: 1.9823684008837976 vs. 1.9823684008837976
--------
nle(id0,id1,dist): 71 82 2.646512346942489
list:
dist: 2.646512346942489 vs. 2.646512346942489
--------
nle(id0,id1,dist): 71 89 3.6188035268029157
list:
dist: 3.6188035268029157 vs. 3.6188035268029157
--------
nle(id0,id1,dist): 71 88 3.18428660303939
list:
dist: 3.18428660303939 vs. 3.18428660303939
--------
nle(id0,id1,dist): 71 87 3.9627467424462717
list:
dist: 3.9627467424462717 vs. 3.9627467424462717
--------
nle(id0,id1,dist): 77 88 0.8558173690310034
list:
dist: 0.8558173690310034 vs. 0.8558173690310034
--------
nle(id0,id1,dist): 77 89 1.3820355735580985
list:
dist: 1.3820355735580985 vs. 1.3820355735580985
--------
nle(id0,id1,dist): 77 84 2.830919060536052
list:
dist: 2.830919060536052 vs. 2.830919060536052
--------
nle(id0,id1,dist): 77 85 1.5928319521504053
list:
dist: 1.5928319521504053 vs. 1.5928319521504053
--------
nle(id0,id1,dist): 77 86 2.091596273728699
list:
dist: 2.091596273728699 vs. 2.091596273728699
--------
nle(id0,id1,dist): 77 87 2.3551606685893254
list:
dist: 2.3551606685893254 vs. 2.3551606685893254
--------
nle(id0,id1,dist): 77 80 1.5949639414914305
list:
dist: 1.5949639414914305 vs. 1.5949639414914305
--------
nle(id0,id1,dist): 76 118 2.652684716359659
list:
dist: 2.652684716359659 vs. 2.652684716359659
--------
nle(id0,id1,dist): 77 81 1.4286017618176539
list:
dist: 1.4286017618176539 vs. 1.4286017618176539
--------
nle(id0,id1,dist): 77 82 2.1142522439919897
list:
dist: 2.1142522439919897 vs. 2.1142522439919897
--------
nle(id0,id1,dist): 77 83 1.1745664588382203
list:
dist: 1.1745664588382203 vs. 1.1745664588382203
--------
nle(id0,id1,dist): 76 99 2.969354398815078
list:
dist: 2.969354398815078 vs. 2.969354398815078
--------
nle(id0,id1,dist): 76 97 2.9943657008111138
list:
dist: 2.9943657008111138 vs. 2.9943657008111138
--------
nle(id0,id1,dist): 76 98 3.7460167729763127
list:
dist: 3.7460167729763127 vs. 3.7460167729763127
--------
nle(id0,id1,dist): 76 96 2.4915866037981518
list:
dist: 2.4915866037981518 vs. 2.4915866037981518
--------
nle(id0,id1,dist): 76 94 4.3281342858400444
list:
dist: 4.3281342858400444 vs. 4.3281342858400444
--------
nle(id0,id1,dist): 76 92 4.255012014044973
list:
dist: 4.255012014044973 vs. 4.255012014044973
--------
nle(id0,id1,dist): 76 89 1.3689587340822793
list:
dist: 1.3689587340822793 vs. 1.3689587340822793
--------
nle(id0,id1,dist): 76 87 2.396331002945487
list:
dist: 2.396331002945487 vs. 2.396331002945487
--------
nle(id0,id1,dist): 76 88 1.205272243479697
list:
dist: 1.205272243479697 vs. 1.205272243479697
--------
nle(id0,id1,dist): 76 85 2.2934261127540037
list:
dist: 2.2934261127540037 vs. 2.2934261127540037
--------
nle(id0,id1,dist): 76 86 1.5601491660169866
list:
dist: 1.5601491660169866 vs. 1.5601491660169866
--------
nle(id0,id1,dist): 77 79 2.3531103517220076
list:
dist: 2.3531103517220076 vs. 2.3531103517220076
--------
nle(id0,id1,dist): 76 116 3.1535492385343997
list:
dist: 3.1535492385343997 vs. 3.1535492385343997
--------
nle(id0,id1,dist): 77 78 1.9536748986332533
list:
dist: 1.9536748986332533 vs. 1.9536748986332533
--------
nle(id0,id1,dist): 76 113 3.7238813094917607
list:
dist: 3.7238813094917607 vs. 3.7238813094917607
--------
nle(id0,id1,dist): 76 105 3.3944764451046034
list:
dist: 3.3944764451046034 vs. 3.3944764451046034
--------
nle(id0,id1,dist): 76 104 4.456351420558389
list:
dist: 4.456351420558389 vs. 4.456351420558389
--------
nle(id0,id1,dist): 76 101 3.8423235732397316
list:
dist: 3.8423235732397316 vs. 3.8423235732397316
--------
nle(id0,id1,dist): 76 78 1.889214449381476
list:
dist: 1.889214449381476 vs. 1.889214449381476
--------
nle(id0,id1,dist): 76 77 1.1674313399410756
list:
dist: 1.1674313399410756 vs. 1.1674313399410756
--------
nle(id0,id1,dist): 76 80 2.5590238657360294
list:
dist: 2.5590238657360294 vs. 2.5590238657360294
--------
nle(id0,id1,dist): 76 79 1.9713970458187604
list:
dist: 1.9713970458187604 vs. 1.9713970458187604
--------
nle(id0,id1,dist): 76 82 3.0178669511076186
list:
dist: 3.0178669511076186 vs. 3.0178669511076186
--------
nle(id0,id1,dist): 76 81 1.6073137742420713
list:
dist: 1.6073137742420713 vs. 1.6073137742420713
--------
nle(id0,id1,dist): 76 84 2.583323566798015
list:
dist: 2.583323566798015 vs. 2.583323566798015
--------
nle(id0,id1,dist): 76 83 2.0715437444580553
list:
dist: 2.0715437444580553 vs. 2.0715437444580553
--------
nle(id0,id1,dist): 75 85 1.89565477513047
list:
dist: 1.89565477513047 vs. 1.89565477513047
--------
nle(id0,id1,dist): 75 83 1.493251731080175
list:
dist: 1.493251731080175 vs. 1.493251731080175
--------
nle(id0,id1,dist): 75 82 2.632459515399086
list:
dist: 2.632459515399086 vs. 2.632459515399086
--------
nle(id0,id1,dist): 75 89 2.8492635148670913
list:
dist: 2.8492635148670913 vs. 2.8492635148670913
--------
nle(id0,id1,dist): 75 88 2.4781849705888397
list:
dist: 2.4781849705888397 vs. 2.4781849705888397
--------
nle(id0,id1,dist): 75 87 3.3863022355390533
list:
dist: 3.3863022355390533 vs. 3.3863022355390533
--------
nle(id0,id1,dist): 75 77 1.652414465297088
list:
dist: 1.652414465297088 vs. 1.652414465297088
--------
nle(id0,id1,dist): 75 76 2.4638588603525196
list:
dist: 2.4638588603525196 vs. 2.4638588603525196
--------
nle(id0,id1,dist): 75 81 2.423702981698707
list:
dist: 2.423702981698707 vs. 2.423702981698707
--------
nle(id0,id1,dist): 75 80 1.891528458005394
list:
dist: 1.891528458005394 vs. 1.891528458005394
--------
nle(id0,id1,dist): 75 79 3.0427686649735612
list:
dist: 3.0427686649735612 vs. 3.0427686649735612
--------
nle(id0,id1,dist): 75 78 1.9121785938469735
list:
dist: 1.9121785938469735 vs. 1.9121785938469735
--------
nle(id0,id1,dist): 120 145 2.8854588651015094
list:
dist: 2.8854588651015094 vs. 2.8854588651015094
--------
nle(id0,id1,dist): 120 149 3.5412088577157976
list:
dist: 3.5412088577157976 vs. 3.5412088577157976
--------
nle(id0,id1,dist): 120 137 2.4998107980675606
list:
dist: 2.4998107980675606 vs. 2.4998107980675606
--------
nle(id0,id1,dist): 120 138 1.9565508671162228
list:
dist: 1.9565508671162228 vs. 1.9565508671162228
--------
nle(id0,id1,dist): 120 140 2.959864901512248
list:
dist: 2.959864901512248 vs. 2.959864901512248
--------
nle(id0,id1,dist): 120 141 2.3261188910985258
list:
dist: 2.3261188910985258 vs. 2.3261188910985258
--------
nle(id0,id1,dist): 120 143 3.0476667556531685
list:
dist: 3.0476667556531685 vs. 3.0476667556531685
--------
nle(id0,id1,dist): 120 144 2.1641354999451243
list:
dist: 2.1641354999451243 vs. 2.1641354999451243
--------
nle(id0,id1,dist): 120 130 0.5982754964781923
list:
dist: 0.5982754964781923 vs. 0.5982754964781923
--------
nle(id0,id1,dist): 120 132 0.9713407998863971
list:
dist: 0.9713407998863971 vs. 0.9713407998863971
--------
nle(id0,id1,dist): 120 131 1.6933257362001128
list:
dist: 1.6933257362001128 vs. 1.6933257362001128
--------
nle(id0,id1,dist): 120 134 2.284120131894129
list:
dist: 2.284120131894129 vs. 2.284120131894129
--------
nle(id0,id1,dist): 120 133 3.4498319628536644
list:
dist: 3.4498319628536644 vs. 3.4498319628536644
--------
nle(id0,id1,dist): 120 135 1.467023801207233
list:
dist: 1.467023801207233 vs. 1.467023801207233
--------
nle(id0,id1,dist): 120 122 1.5404125364531254
list:
dist: 1.5404125364531254 vs. 1.5404125364531254
--------
nle(id0,id1,dist): 120 121 2.007464075214932
list:
dist: 2.007464075214932 vs. 2.007464075214932
--------
nle(id0,id1,dist): 120 124 1.3957222198700938
list:
dist: 1.3957222198700938 vs. 1.3957222198700938
--------
nle(id0,id1,dist): 120 123 0.8231885209620335
list:
dist: 0.8231885209620335 vs. 0.8231885209620335
--------
nle(id0,id1,dist): 120 126 2.653957699678946
list:
dist: 2.653957699678946 vs. 2.653957699678946
--------
nle(id0,id1,dist): 120 125 2.3687076583945483
list:
dist: 2.3687076583945483 vs. 2.3687076583945483
--------
nle(id0,id1,dist): 120 128 2.3535823946088477
list:
dist: 2.3535823946088477 vs. 2.3535823946088477
--------
nle(id0,id1,dist): 120 127 2.15981265403756
list:
dist: 2.15981265403756 vs. 2.15981265403756
--------
nle(id0,id1,dist): 121 142 3.128327190805839
list:
dist: 3.128327190805839 vs. 3.128327190805839
--------
nle(id0,id1,dist): 121 143 2.994607796854428
list:
dist: 2.994607796854428 vs. 2.994607796854428
--------
nle(id0,id1,dist): 121 140 1.8417598729628069
list:
dist: 1.8417598729628069 vs. 1.8417598729628069
--------
nle(id0,id1,dist): 121 141 3.3971140187591042
list:
dist: 3.3971140187591042 vs. 3.3971140187591042
--------
nle(id0,id1,dist): 121 147 3.13983298679551
list:
dist: 3.13983298679551 vs. 3.13983298679551
--------
nle(id0,id1,dist): 121 144 1.8598790059252777
list:
dist: 1.8598790059252777 vs. 1.8598790059252777
--------
nle(id0,id1,dist): 121 145 2.899309540621832
list:
dist: 2.899309540621832 vs. 2.899309540621832
--------
nle(id0,id1,dist): 121 134 2.9834048798443034
list:
dist: 2.9834048798443034 vs. 2.9834048798443034
--------
nle(id0,id1,dist): 121 135 3.3261066739085767
list:
dist: 3.3261066739085767 vs. 3.3261066739085767
--------
nle(id0,id1,dist): 121 132 1.7687357080616182
list:
dist: 1.7687357080616182 vs. 1.7687357080616182
--------
nle(id0,id1,dist): 121 133 3.083706934818084
list:
dist: 3.083706934818084 vs. 3.083706934818084
--------
nle(id0,id1,dist): 121 138 2.6309353062990914
list:
dist: 2.6309353062990914 vs. 2.6309353062990914
--------
nle(id0,id1,dist): 121 136 2.339664921416995
list:
dist: 2.339664921416995 vs. 2.339664921416995
--------
nle(id0,id1,dist): 121 137 3.5958970167232542
list:
dist: 3.5958970167232542 vs. 3.5958970167232542
--------
nle(id0,id1,dist): 121 127 3.735372667240016
list:
dist: 3.735372667240016 vs. 3.735372667240016
--------
nle(id0,id1,dist): 121 126 2.2113523568708793
list:
dist: 2.2113523568708793 vs. 2.2113523568708793
--------
nle(id0,id1,dist): 121 125 1.0412343988094994
list:
dist: 1.0412343988094994 vs. 1.0412343988094994
--------
nle(id0,id1,dist): 121 124 2.0223236476789745
list:
dist: 2.0223236476789745 vs. 2.0223236476789745
--------
nle(id0,id1,dist): 121 131 1.7365837817276848
list:
dist: 1.7365837817276848 vs. 1.7365837817276848
--------
nle(id0,id1,dist): 121 130 1.63945775004426
list:
dist: 1.63945775004426 vs. 1.63945775004426
--------
nle(id0,id1,dist): 121 129 3.04620962574624
list:
dist: 3.04620962574624 vs. 3.04620962574624
--------
nle(id0,id1,dist): 121 128 1.6558674788349237
list:
dist: 1.6558674788349237 vs. 1.6558674788349237
--------
nle(id0,id1,dist): 121 123 1.6590984237861752
list:
dist: 1.6590984237861752 vs. 1.6590984237861752
--------
nle(id0,id1,dist): 121 122 3.269943950344098
list:
dist: 3.269943950344098 vs. 3.269943950344098
--------
nle(id0,id1,dist): 122 132 2.4262773096181025
list:
dist: 2.4262773096181025 vs. 2.4262773096181025
--------
nle(id0,id1,dist): 122 131 2.067924469432956
list:
dist: 2.067924469432956 vs. 2.067924469432956
--------
nle(id0,id1,dist): 122 134 1.720293277314591
list:
dist: 1.720293277314591 vs. 1.720293277314591
--------
nle(id0,id1,dist): 122 128 2.8245291795784944
list:
dist: 2.8245291795784944 vs. 2.8245291795784944
--------
nle(id0,id1,dist): 122 127 0.7958423623201195
list:
dist: 0.7958423623201195 vs. 0.7958423623201195
--------
nle(id0,id1,dist): 122 130 1.8501458020715065
list:
dist: 1.8501458020715065 vs. 1.8501458020715065
--------
nle(id0,id1,dist): 122 140 3.481636122691688
list:
dist: 3.481636122691688 vs. 3.481636122691688
--------
nle(id0,id1,dist): 122 139 2.517331581670355
list:
dist: 2.517331581670355 vs. 2.517331581670355
--------
nle(id0,id1,dist): 122 141 1.2818844557144304
list:
dist: 1.2818844557144304 vs. 1.2818844557144304
--------
nle(id0,id1,dist): 122 135 0.3571869254350097
list:
dist: 0.3571869254350097 vs. 0.3571869254350097
--------
nle(id0,id1,dist): 122 138 1.6289607028945863
list:
dist: 1.6289607028945863 vs. 1.6289607028945863
--------
nle(id0,id1,dist): 122 137 1.4484997462535676
list:
dist: 1.4484997462535676 vs. 1.4484997462535676
--------
nle(id0,id1,dist): 121 149 3.119977338341593
list:
dist: 3.119977338341593 vs. 3.119977338341593
--------
nle(id0,id1,dist): 122 123 1.6181718415917858
list:
dist: 1.6181718415917858 vs. 1.6181718415917858
--------
nle(id0,id1,dist): 122 124 1.795124071878501
list:
dist: 1.795124071878501 vs. 1.795124071878501
--------
nle(id0,id1,dist): 122 125 3.3217449530161494
list:
dist: 3.3217449530161494 vs. 3.3217449530161494
--------
nle(id0,id1,dist): 122 126 2.8797192326801127
list:
dist: 2.8797192326801127 vs. 2.8797192326801127
--------
nle(id0,id1,dist): 123 129 2.9209193543568164
list:
dist: 2.9209193543568164 vs. 2.9209193543568164
--------
nle(id0,id1,dist): 123 128 1.5607595682202666
list:
dist: 1.5607595682202666 vs. 1.5607595682202666
--------
nle(id0,id1,dist): 123 127 2.107803525527794
list:
dist: 2.107803525527794 vs. 2.107803525527794
--------
nle(id0,id1,dist): 123 126 1.9001095565808002
list:
dist: 1.9001095565808002 vs. 1.9001095565808002
--------
nle(id0,id1,dist): 123 125 1.8276850756843714
list:
dist: 1.8276850756843714 vs. 1.8276850756843714
--------
nle(id0,id1,dist): 123 124 0.9700495869216313
list:
dist: 0.9700495869216313 vs. 0.9700495869216313
--------
nle(id0,id1,dist): 123 137 2.130018246602615
list:
dist: 2.130018246602615 vs. 2.130018246602615
--------
nle(id0,id1,dist): 123 136 2.46924779055525
list:
dist: 2.46924779055525 vs. 2.46924779055525
--------
nle(id0,id1,dist): 123 135 1.715217867833367
list:
dist: 1.715217867833367 vs. 1.715217867833367
--------
nle(id0,id1,dist): 123 134 1.7192378041400505
list:
dist: 1.7192378041400505 vs. 1.7192378041400505
--------
nle(id0,id1,dist): 123 132 1.4517168741527373
list:
dist: 1.4517168741527373 vs. 1.4517168741527373
--------
nle(id0,id1,dist): 123 131 0.8948387102106435
list:
dist: 0.8948387102106435 vs. 0.8948387102106435
--------
nle(id0,id1,dist): 123 130 0.7142478143107625
list:
dist: 0.7142478143107625 vs. 0.7142478143107625
--------
nle(id0,id1,dist): 122 149 3.414873261744602
list:
dist: 3.414873261744602 vs. 3.414873261744602
--------
nle(id0,id1,dist): 122 148 2.274292231218122
list:
dist: 2.274292231218122 vs. 2.274292231218122
--------
nle(id0,id1,dist): 122 145 2.6221665532879137
list:
dist: 2.6221665532879137 vs. 2.6221665532879137
--------
nle(id0,id1,dist): 122 146 3.26252247919321
list:
dist: 3.26252247919321 vs. 3.26252247919321
--------
nle(id0,id1,dist): 122 143 2.774820799652323
list:
dist: 2.774820799652323 vs. 2.774820799652323
--------
nle(id0,id1,dist): 122 144 2.5409617253233954
list:
dist: 2.5409617253233954 vs. 2.5409617253233954
--------
nle(id0,id1,dist): 124 126 1.494401781457297
list:
dist: 1.494401781457297 vs. 1.494401781457297
--------
nle(id0,id1,dist): 124 125 1.6876935688140615
list:
dist: 1.6876935688140615 vs. 1.6876935688140615
--------
nle(id0,id1,dist): 124 128 1.5440810260047297
list:
dist: 1.5440810260047297 vs. 1.5440810260047297
--------
nle(id0,id1,dist): 124 127 2.4038283302166117
list:
dist: 2.4038283302166117 vs. 2.4038283302166117
--------
nle(id0,id1,dist): 124 130 0.988276861989475
list:
dist: 0.988276861989475 vs. 0.988276861989475
--------
nle(id0,id1,dist): 124 129 2.6764822171905305
list:
dist: 2.6764822171905305 vs. 2.6764822171905305
--------
nle(id0,id1,dist): 124 132 2.1610257906167
list:
dist: 2.1610257906167 vs. 2.1610257906167
--------
nle(id0,id1,dist): 124 131 0.9168141490863048
list:
dist: 0.9168141490863048 vs. 0.9168141490863048
--------
nle(id0,id1,dist): 123 138 1.3719889512026433
list:
dist: 1.3719889512026433 vs. 1.3719889512026433
--------
nle(id0,id1,dist): 123 139 2.742791399708455
list:
dist: 2.742791399708455 vs. 2.742791399708455
--------
nle(id0,id1,dist): 123 140 2.1806322455273417
list:
dist: 2.1806322455273417 vs. 2.1806322455273417
--------
nle(id0,id1,dist): 123 141 1.896924508704026
list:
dist: 1.896924508704026 vs. 1.896924508704026
--------
nle(id0,id1,dist): 123 142 2.60342869710989
list:
dist: 2.60342869710989 vs. 2.60342869710989
--------
nle(id0,id1,dist): 123 143 2.268418850224648
list:
dist: 2.268418850224648 vs. 2.268418850224648
--------
nle(id0,id1,dist): 123 144 1.4243335740513579
list:
dist: 1.4243335740513579 vs. 1.4243335740513579
--------
nle(id0,id1,dist): 123 145 2.125737319438179
list:
dist: 2.125737319438179 vs. 2.125737319438179
--------
nle(id0,id1,dist): 123 146 3.2863927406477877
list:
dist: 3.2863927406477877 vs. 3.2863927406477877
--------
nle(id0,id1,dist): 123 147 3.1946168948218916
list:
dist: 3.1946168948218916 vs. 3.1946168948218916
--------
nle(id0,id1,dist): 123 148 2.351146724292927
list:
dist: 2.351146724292927 vs. 2.351146724292927
--------
nle(id0,id1,dist): 123 149 2.727925458492538
list:
dist: 2.727925458492538 vs. 2.727925458492538
--------
nle(id0,id1,dist): 124 149 2.6281254299575374
list:
dist: 2.6281254299575374 vs. 2.6281254299575374
--------
nle(id0,id1,dist): 125 127 3.8112337883547376
list:
dist: 3.8112337883547376 vs. 3.8112337883547376
--------
nle(id0,id1,dist): 125 126 1.440098044275167
list:
dist: 1.440098044275167 vs. 1.440098044275167
--------
nle(id0,id1,dist): 124 135 1.8631804395898508
list:
dist: 1.8631804395898508 vs. 1.8631804395898508
--------
nle(id0,id1,dist): 124 136 2.285529865083983
list:
dist: 2.285529865083983 vs. 2.285529865083983
--------
nle(id0,id1,dist): 124 134 1.2965397317164633
list:
dist: 1.2965397317164633 vs. 1.2965397317164633
--------
nle(id0,id1,dist): 124 139 2.6241967828790447
list:
dist: 2.6241967828790447 vs. 2.6241967828790447
--------
nle(id0,id1,dist): 124 140 2.2918170050264046
list:
dist: 2.2918170050264046 vs. 2.2918170050264046
--------
nle(id0,id1,dist): 124 137 1.7766842320973721
list:
dist: 1.7766842320973721 vs. 1.7766842320973721
--------
nle(id0,id1,dist): 124 138 0.9377683123558329
list:
dist: 0.9377683123558329 vs. 0.9377683123558329
--------
nle(id0,id1,dist): 124 143 2.338952983727237
list:
dist: 2.338952983727237 vs. 2.338952983727237
--------
nle(id0,id1,dist): 124 144 1.985729438512744
list:
dist: 1.985729438512744 vs. 1.985729438512744
--------
nle(id0,id1,dist): 124 141 1.8276484253533654
list:
dist: 1.8276484253533654 vs. 1.8276484253533654
--------
nle(id0,id1,dist): 124 142 1.6451627261642652
list:
dist: 1.6451627261642652 vs. 1.6451627261642652
--------
nle(id0,id1,dist): 124 148 2.5287477187100595
list:
dist: 2.5287477187100595 vs. 2.5287477187100595
--------
nle(id0,id1,dist): 124 145 1.8479991370241922
list:
dist: 1.8479991370241922 vs. 1.8479991370241922
--------
nle(id0,id1,dist): 124 146 3.0580936012038555
list:
dist: 3.0580936012038555 vs. 3.0580936012038555
--------
nle(id0,id1,dist): 112 119 2.6233639045130857
list:
dist: 2.6233639045130857 vs. 2.6233639045130857
--------
nle(id0,id1,dist): 112 117 3.4761701778513965
list:
dist: 3.4761701778513965 vs. 3.4761701778513965
--------
nle(id0,id1,dist): 112 118 2.6712903021304677
list:
dist: 2.6712903021304677 vs. 2.6712903021304677
--------
nle(id0,id1,dist): 112 115 1.4178695684782616
list:
dist: 1.4178695684782616 vs. 1.4178695684782616
--------
nle(id0,id1,dist): 112 116 2.53371789759167
list:
dist: 2.53371789759167 vs. 2.53371789759167
--------
nle(id0,id1,dist): 112 113 2.585052205299852
list:
dist: 2.585052205299852 vs. 2.585052205299852
--------
nle(id0,id1,dist): 112 114 2.54017326435087
list:
dist: 2.54017326435087 vs. 2.54017326435087
--------
nle(id0,id1,dist): 113 116 1.42509617177448
list:
dist: 1.42509617177448 vs. 1.42509617177448
--------
nle(id0,id1,dist): 113 117 2.9363113111359067
list:
dist: 2.9363113111359067 vs. 2.9363113111359067
--------
nle(id0,id1,dist): 113 118 1.2360161123756774
list:
dist: 1.2360161123756774 vs. 1.2360161123756774
--------
nle(id0,id1,dist): 113 119 1.199840236927792
list:
dist: 1.199840236927792 vs. 1.199840236927792
--------
nle(id0,id1,dist): 113 114 1.746140946025328
list:
dist: 1.746140946025328 vs. 1.746140946025328
--------
nle(id0,id1,dist): 114 117 1.962125095260402
list:
dist: 1.962125095260402 vs. 1.962125095260402
--------
nle(id0,id1,dist): 114 118 1.2986659929519262
list:
dist: 1.2986659929519262 vs. 1.2986659929519262
--------
nle(id0,id1,dist): 114 116 0.36286643269988583
list:
dist: 0.36286643269988583 vs. 0.36286643269988583
--------
nle(id0,id1,dist): 114 119 1.8191274207269295
list:
dist: 1.8191274207269295 vs. 1.8191274207269295
--------
nle(id0,id1,dist): 116 117 2.185039419152505
list:
dist: 2.185039419152505 vs. 2.185039419152505
--------
nle(id0,id1,dist): 116 118 0.9782390399383069
list:
dist: 0.9782390399383069 vs. 0.9782390399383069
--------
nle(id0,id1,dist): 116 119 1.6837999468438156
list:
dist: 1.6837999468438156 vs. 1.6837999468438156
--------
nle(id0,id1,dist): 117 118 3.138199330249221
list:
dist: 3.138199330249221 vs. 3.138199330249221
--------
nle(id0,id1,dist): 117 119 2.0685311039861487
list:
dist: 2.0685311039861487 vs. 2.0685311039861487
--------
nle(id0,id1,dist): 118 119 2.12657542301623
list:
dist: 2.12657542301623 vs. 2.12657542301623
--------
nle(id0,id1,dist): 106 114 1.4186115182561794
list:
dist: 1.4186115182561794 vs. 1.4186115182561794
--------
nle(id0,id1,dist): 106 111 2.562996411243863
list:
dist: 2.562996411243863 vs. 2.562996411243863
--------
nle(id0,id1,dist): 106 112 2.7685959881499858
list:
dist: 2.7685959881499858 vs. 2.7685959881499858
--------
nle(id0,id1,dist): 106 117 1.7127648114600311
list:
dist: 1.7127648114600311 vs. 1.7127648114600311
--------
nle(id0,id1,dist): 106 118 2.637777106454697
list:
dist: 2.637777106454697 vs. 2.637777106454697
--------
nle(id0,id1,dist): 106 116 1.7756702319778768
list:
dist: 1.7756702319778768 vs. 1.7756702319778768
--------
nle(id0,id1,dist): 106 110 1.736515314143262
list:
dist: 1.736515314143262 vs. 1.736515314143262
--------
nle(id0,id1,dist): 106 109 1.0781624125838956
list:
dist: 1.0781624125838956 vs. 1.0781624125838956
--------
nle(id0,id1,dist): 106 108 1.1331117795307328
list:
dist: 1.1331117795307328 vs. 1.1331117795307328
--------
nle(id0,id1,dist): 106 107 0.4932944192018569
list:
dist: 0.4932944192018569 vs. 0.4932944192018569
--------
nle(id0,id1,dist): 105 116 1.9635676368576997
list:
dist: 1.9635676368576997 vs. 1.9635676368576997
--------
nle(id0,id1,dist): 105 117 3.5021414021502544
list:
dist: 3.5021414021502544 vs. 3.5021414021502544
--------
nle(id0,id1,dist): 105 118 2.0142133087668888
list:
dist: 2.0142133087668888 vs. 2.0142133087668888
--------
nle(id0,id1,dist): 105 119 3.2979336951859635
list:
dist: 3.2979336951859635 vs. 3.2979336951859635
--------
nle(id0,id1,dist): 105 109 2.158024410113848
list:
dist: 2.158024410113848 vs. 2.158024410113848
--------
nle(id0,id1,dist): 105 108 1.2314230807021893
list:
dist: 1.2314230807021893 vs. 1.2314230807021893
--------
nle(id0,id1,dist): 105 111 2.1158271731088787
list:
dist: 2.1158271731088787 vs. 2.1158271731088787
--------
nle(id0,id1,dist): 105 110 1.5151336738535992
list:
dist: 1.5151336738535992 vs. 1.5151336738535992
--------
nle(id0,id1,dist): 105 113 2.887555958830477
list:
dist: 2.887555958830477 vs. 2.887555958830477
--------
nle(id0,id1,dist): 105 112 2.1527827728836137
list:
dist: 2.1527827728836137 vs. 2.1527827728836137
--------
nle(id0,id1,dist): 105 115 3.243726418464472
list:
dist: 3.243726418464472 vs. 3.243726418464472
--------
nle(id0,id1,dist): 105 114 1.8809868900277449
list:
dist: 1.8809868900277449 vs. 1.8809868900277449
--------
nle(id0,id1,dist): 105 107 1.9411906898712206
list:
dist: 1.9411906898712206 vs. 1.9411906898712206
--------
nle(id0,id1,dist): 105 106 2.0641877122285575
list:
dist: 2.0641877122285575 vs. 2.0641877122285575
--------
nle(id0,id1,dist): 108 116 2.0633881073189397
list:
dist: 2.0633881073189397 vs. 2.0633881073189397
--------
nle(id0,id1,dist): 108 114 1.8021651415412396
list:
dist: 1.8021651415412396 vs. 1.8021651415412396
--------
nle(id0,id1,dist): 108 111 2.3455721565363072
list:
dist: 2.3455721565363072 vs. 2.3455721565363072
--------
nle(id0,id1,dist): 108 112 2.1495507443182693
list:
dist: 2.1495507443182693 vs. 2.1495507443182693
--------
nle(id0,id1,dist): 108 109 1.6697393177956985
list:
dist: 1.6697393177956985 vs. 1.6697393177956985
--------
nle(id0,id1,dist): 108 110 1.4291905989847464
list:
dist: 1.4291905989847464 vs. 1.4291905989847464
--------
nle(id0,id1,dist): 107 118 2.7614208595249123
list:
dist: 2.7614208595249123 vs. 2.7614208595249123
--------
nle(id0,id1,dist): 107 114 1.6349462166194084
list:
dist: 1.6349462166194084 vs. 1.6349462166194084
--------
nle(id0,id1,dist): 107 116 1.9622255526652455
list:
dist: 1.9622255526652455 vs. 1.9622255526652455
--------
nle(id0,id1,dist): 107 117 1.9503803419869465
list:
dist: 1.9503803419869465 vs. 1.9503803419869465
--------
nle(id0,id1,dist): 107 110 1.5542930896400442
list:
dist: 1.5542930896400442 vs. 1.5542930896400442
--------
nle(id0,id1,dist): 107 111 2.4436245760590576
list:
dist: 2.4436245760590576 vs. 2.4436245760590576
--------
nle(id0,id1,dist): 107 112 2.422442650144376
list:
dist: 2.422442650144376 vs. 2.422442650144376
--------
nle(id0,id1,dist): 107 108 0.8360264050292674
list:
dist: 0.8360264050292674 vs. 0.8360264050292674
--------
nle(id0,id1,dist): 107 109 1.2296745775224651
list:
dist: 1.2296745775224651 vs. 1.2296745775224651
--------
nle(id0,id1,dist): 109 114 0.7078001924480655
list:
dist: 0.7078001924480655 vs. 0.7078001924480655
--------
nle(id0,id1,dist): 109 112 2.3769009897328743
list:
dist: 2.3769009897328743 vs. 2.3769009897328743
--------
nle(id0,id1,dist): 109 113 2.013503182782051
list:
dist: 2.013503182782051 vs. 2.013503182782051
--------
nle(id0,id1,dist): 109 118 1.9076165695759353
list:
dist: 1.9076165695759353 vs. 1.9076165695759353
--------
nle(id0,id1,dist): 109 119 1.6518945995523557
list:
dist: 1.6518945995523557 vs. 1.6518945995523557
--------
nle(id0,id1,dist): 109 116 0.9689909113934245
list:
dist: 0.9689909113934245 vs. 0.9689909113934245
--------
nle(id0,id1,dist): 109 117 1.4199515366636686
list:
dist: 1.4199515366636686 vs. 1.4199515366636686
--------
nle(id0,id1,dist): 109 111 1.745260789042562
list:
dist: 1.745260789042562 vs. 1.745260789042562
--------
nle(id0,id1,dist): 109 110 1.208913817189591
list:
dist: 1.208913817189591 vs. 1.208913817189591
--------
nle(id0,id1,dist): 108 117 2.7204181520960375
list:
dist: 2.7204181520960375 vs. 2.7204181520960375
--------
nle(id0,id1,dist): 108 118 2.6140815741076184
list:
dist: 2.6140815741076184 vs. 2.6140815741076184
--------
nle(id0,id1,dist): 111 119 1.5955237510120515
list:
dist: 1.5955237510120515 vs. 1.5955237510120515
--------
nle(id0,id1,dist): 111 118 1.5162088080380136
list:
dist: 1.5162088080380136 vs. 1.5162088080380136
--------
nle(id0,id1,dist): 111 116 1.5086610314102382
list:
dist: 1.5086610314102382 vs. 1.5086610314102382
--------
nle(id0,id1,dist): 111 117 2.9413304539864655
list:
dist: 2.9413304539864655 vs. 2.9413304539864655
--------
nle(id0,id1,dist): 111 114 1.6754064255064007
list:
dist: 1.6754064255064007 vs. 1.6754064255064007
--------
nle(id0,id1,dist): 111 115 1.613341189150656
list:
dist: 1.613341189150656 vs. 1.613341189150656
--------
nle(id0,id1,dist): 111 112 1.3507362200659763
list:
dist: 1.3507362200659763 vs. 1.3507362200659763
--------
nle(id0,id1,dist): 111 113 1.2431043399859922
list:
dist: 1.2431043399859922 vs. 1.2431043399859922
--------
nle(id0,id1,dist): 110 111 0.9305725976929824
list:
dist: 0.9305725976929824 vs. 0.9305725976929824
--------
nle(id0,id1,dist): 110 112 1.260665201522384
list:
dist: 1.260665201522384 vs. 1.260665201522384
--------
nle(id0,id1,dist): 110 113 1.8993984630134961
list:
dist: 1.8993984630134961 vs. 1.8993984630134961
--------
nle(id0,id1,dist): 110 114 1.287180089069176
list:
dist: 1.287180089069176 vs. 1.287180089069176
--------
nle(id0,id1,dist): 110 119 1.9451666761148323
list:
dist: 1.9451666761148323 vs. 1.9451666761148323
--------
nle(id0,id1,dist): 110 115 2.2278552830293155
list:
dist: 2.2278552830293155 vs. 2.2278552830293155
--------
nle(id0,id1,dist): 110 116 1.330296742566463
list:
dist: 1.330296742566463 vs. 1.330296742566463
--------
nle(id0,id1,dist): 110 117 2.521117110877714
list:
dist: 2.521117110877714 vs. 2.521117110877714
--------
nle(id0,id1,dist): 110 118 1.732183897177731
list:
dist: 1.732183897177731 vs. 1.732183897177731
--------
nle(id0,id1,dist): 99 107 2.2402625130097684
list:
dist: 2.2402625130097684 vs. 2.2402625130097684
--------
nle(id0,id1,dist): 99 106 2.232566591584264
list:
dist: 2.232566591584264 vs. 2.232566591584264
--------
nle(id0,id1,dist): 99 109 2.5307158915089873
list:
dist: 2.5307158915089873 vs. 2.5307158915089873
--------
nle(id0,id1,dist): 99 108 1.5922726850985895
list:
dist: 1.5922726850985895 vs. 1.5922726850985895
--------
nle(id0,id1,dist): 99 111 2.819097317748536
list:
dist: 2.819097317748536 vs. 2.819097317748536
--------
nle(id0,id1,dist): 99 110 2.2138637060261477
list:
dist: 2.2138637060261477 vs. 2.2138637060261477
--------
nle(id0,id1,dist): 99 112 2.975911540352214
list:
dist: 2.975911540352214 vs. 2.975911540352214
--------
nle(id0,id1,dist): 99 101 0.8862670937895197
list:
dist: 0.8862670937895197 vs. 0.8862670937895197
--------
nle(id0,id1,dist): 99 100 3.9795110142699692
list:
dist: 3.9795110142699692 vs. 3.9795110142699692
--------
nle(id0,id1,dist): 99 103 2.5883388746517713
list:
dist: 2.5883388746517713 vs. 2.5883388746517713
--------
nle(id0,id1,dist): 99 102 1.9669392948789683
list:
dist: 1.9669392948789683 vs. 1.9669392948789683
--------
nle(id0,id1,dist): 99 105 0.8283423319884744
list:
dist: 0.8283423319884744 vs. 0.8283423319884744
--------
nle(id0,id1,dist): 99 104 1.52540369789302
list:
dist: 1.52540369789302 vs. 1.52540369789302
--------
nle(id0,id1,dist): 99 114 2.158799219738421
list:
dist: 2.158799219738421 vs. 2.158799219738421
--------
nle(id0,id1,dist): 99 116 2.2741560962819776
list:
dist: 2.2741560962819776 vs. 2.2741560962819776
--------
nle(id0,id1,dist): 99 117 3.764626038023235
list:
dist: 3.764626038023235 vs. 3.764626038023235
--------
nle(id0,id1,dist): 99 118 2.3202683874991368
list:
dist: 2.3202683874991368 vs. 2.3202683874991368
--------
nle(id0,id1,dist): 98 114 2.591649076583557
list:
dist: 2.591649076583557 vs. 2.591649076583557
--------
nle(id0,id1,dist): 98 112 2.7565412831291396
list:
dist: 2.7565412831291396 vs. 2.7565412831291396
--------
nle(id0,id1,dist): 98 111 2.975248447286124
list:
dist: 2.975248447286124 vs. 2.975248447286124
--------
nle(id0,id1,dist): 98 118 2.8608683444212315
list:
dist: 2.8608683444212315 vs. 2.8608683444212315
--------
nle(id0,id1,dist): 98 117 3.9938615200745997
list:
dist: 3.9938615200745997 vs. 3.9938615200745997
--------
nle(id0,id1,dist): 98 116 2.7420666268076483
list:
dist: 2.7420666268076483 vs. 2.7420666268076483
--------
nle(id0,id1,dist): 98 106 2.353171820986054
list:
dist: 2.353171820986054 vs. 2.353171820986054
--------
nle(id0,id1,dist): 98 105 0.9002014548537867
list:
dist: 0.9002014548537867 vs. 0.9002014548537867
--------
nle(id0,id1,dist): 98 104 0.9192894410978151
list:
dist: 0.9192894410978151 vs. 0.9192894410978151
--------
nle(id0,id1,dist): 98 103 1.7900599235486006
list:
dist: 1.7900599235486006 vs. 1.7900599235486006
--------
nle(id0,id1,dist): 98 110 2.2791779089065938
list:
dist: 2.2791779089065938 vs. 2.2791779089065938
--------
nle(id0,id1,dist): 98 109 2.7908118320886968
list:
dist: 2.7908118320886968 vs. 2.7908118320886968
--------
nle(id0,id1,dist): 98 108 1.4041206547836294
list:
dist: 1.4041206547836294 vs. 1.4041206547836294
--------
nle(id0,id1,dist): 98 107 2.202417629995385
list:
dist: 2.202417629995385 vs. 2.202417629995385
--------
nle(id0,id1,dist): 101 103 1.85228647192365
list:
dist: 1.85228647192365 vs. 1.85228647192365
--------
nle(id0,id1,dist): 101 102 1.2862336496666298
list:
dist: 1.2862336496666298 vs. 1.2862336496666298
--------
nle(id0,id1,dist): 101 116 2.535165445076943
list:
dist: 2.535165445076943 vs. 2.535165445076943
--------
nle(id0,id1,dist): 101 117 3.6788118043789404
list:
dist: 3.6788118043789404 vs. 3.6788118043789404
--------
nle(id0,id1,dist): 101 118 2.752711160546486
list:
dist: 2.752711160546486 vs. 2.752711160546486
--------
nle(id0,id1,dist): 101 112 2.5412757080922272
list:
dist: 2.5412757080922272 vs. 2.5412757080922272
--------
nle(id0,id1,dist): 101 114 2.359269624802845
list:
dist: 2.359269624802845 vs. 2.359269624802845
--------
nle(id0,id1,dist): 101 108 1.0563588660608239
list:
dist: 1.0563588660608239 vs. 1.0563588660608239
--------
nle(id0,id1,dist): 101 109 2.4974707128362135
list:
dist: 2.4974707128362135 vs. 2.4974707128362135
--------
nle(id0,id1,dist): 101 110 2.0159590118724773
list:
dist: 2.0159590118724773 vs. 2.0159590118724773
--------
nle(id0,id1,dist): 101 111 2.77232207260553
list:
dist: 2.77232207260553 vs. 2.77232207260553
--------
nle(id0,id1,dist): 101 104 0.7843602142402435
list:
dist: 0.7843602142402435 vs. 0.7843602142402435
--------
nle(id0,id1,dist): 101 105 0.7983748840726415
list:
dist: 0.7983748840726415 vs. 0.7983748840726415
--------
nle(id0,id1,dist): 101 106 2.0376263102033536
list:
dist: 2.0376263102033536 vs. 2.0376263102033536
--------
nle(id0,id1,dist): 101 107 1.8619436109142138
list:
dist: 1.8619436109142138 vs. 1.8619436109142138
--------
nle(id0,id1,dist): 100 108 3.985589040090456
list:
dist: 3.985589040090456 vs. 3.985589040090456
--------
nle(id0,id1,dist): 100 104 2.933199131825584
list:
dist: 2.933199131825584 vs. 2.933199131825584
--------
nle(id0,id1,dist): 100 103 1.60672114553238
list:
dist: 1.60672114553238 vs. 1.60672114553238
--------
nle(id0,id1,dist): 100 101 3.358371079897889
list:
dist: 3.358371079897889 vs. 3.358371079897889
--------
nle(id0,id1,dist): 102 115 2.767490747361388
list:
dist: 2.767490747361388 vs. 2.767490747361388
--------
nle(id0,id1,dist): 102 116 2.468258632554039
list:
dist: 2.468258632554039 vs. 2.468258632554039
--------
nle(id0,id1,dist): 102 117 3.368191119341942
list:
dist: 3.368191119341942 vs. 3.368191119341942
--------
nle(id0,id1,dist): 102 118 2.765242319735088
list:
dist: 2.765242319735088 vs. 2.765242319735088
--------
nle(id0,id1,dist): 102 119 3.2475274220544583
list:
dist: 3.2475274220544583 vs. 3.2475274220544583
--------
nle(id0,id1,dist): 103 105 2.437645322864702
list:
dist: 2.437645322864702 vs. 2.437645322864702
--------
nle(id0,id1,dist): 103 104 1.537842710382547
list:
dist: 1.537842710382547 vs. 1.537842710382547
--------
nle(id0,id1,dist): 103 108 2.4396880874659383
list:
dist: 2.4396880874659383 vs. 2.4396880874659383
--------
nle(id0,id1,dist): 102 106 2.048270454160856
list:
dist: 2.048270454160856 vs. 2.048270454160856
--------
nle(id0,id1,dist): 102 105 1.2733370850547325
list:
dist: 1.2733370850547325 vs. 1.2733370850547325
--------
nle(id0,id1,dist): 102 104 1.5699642652845918
list:
dist: 1.5699642652845918 vs. 1.5699642652845918
--------
nle(id0,id1,dist): 102 103 2.0673833037470293
list:
dist: 2.0673833037470293 vs. 2.0673833037470293
--------
nle(id0,id1,dist): 102 110 1.3420802666831202
list:
dist: 1.3420802666831202 vs. 1.3420802666831202
--------
nle(id0,id1,dist): 102 109 2.210641238986714
list:
dist: 2.210641238986714 vs. 2.210641238986714
--------
nle(id0,id1,dist): 102 108 1.0338830173811249
list:
dist: 1.0338830173811249 vs. 1.0338830173811249
--------
nle(id0,id1,dist): 102 107 1.657469379154695
list:
dist: 1.657469379154695 vs. 1.657469379154695
--------
nle(id0,id1,dist): 102 114 2.3265729950965417
list:
dist: 2.3265729950965417 vs. 2.3265729950965417
--------
nle(id0,id1,dist): 102 113 3.190106155491835
list:
dist: 3.190106155491835 vs. 3.190106155491835
--------
nle(id0,id1,dist): 102 112 1.381503519226414
list:
dist: 1.381503519226414 vs. 1.381503519226414
--------
nle(id0,id1,dist): 102 111 2.0776646234792637
list:
dist: 2.0776646234792637 vs. 2.0776646234792637
--------
nle(id0,id1,dist): 104 109 2.8502652874160854
list:
dist: 2.8502652874160854 vs. 2.8502652874160854
--------
nle(id0,id1,dist): 104 110 2.516460429042029
list:
dist: 2.516460429042029 vs. 2.516460429042029
--------
nle(id0,id1,dist): 104 111 3.362620905295844
list:
dist: 3.362620905295844 vs. 3.362620905295844
--------
nle(id0,id1,dist): 104 112 2.947110248671113
list:
dist: 2.947110248671113 vs. 2.947110248671113
--------
nle(id0,id1,dist): 104 105 1.56563438285648
list:
dist: 1.56563438285648 vs. 1.56563438285648
--------
nle(id0,id1,dist): 104 106 2.127056225921212
list:
dist: 2.127056225921212 vs. 2.127056225921212
--------
nle(id0,id1,dist): 104 107 1.9029037484511815
list:
dist: 1.9029037484511815 vs. 1.9029037484511815
--------
nle(id0,id1,dist): 104 108 1.2211541411804718
list:
dist: 1.2211541411804718 vs. 1.2211541411804718
--------
nle(id0,id1,dist): 104 117 3.821256263141102
list:
dist: 3.821256263141102 vs. 3.821256263141102
--------
nle(id0,id1,dist): 104 118 3.4567801145438777
list:
dist: 3.4567801145438777 vs. 3.4567801145438777
--------
nle(id0,id1,dist): 104 114 2.856870410372938
list:
dist: 2.856870410372938 vs. 2.856870410372938
--------
nle(id0,id1,dist): 104 116 3.0955042431605486
list:
dist: 3.0955042431605486 vs. 3.0955042431605486
--------
nle(id0,id1,dist): 103 112 3.2154075741873633
list:
dist: 3.2154075741873633 vs. 3.2154075741873633
--------
nle(id0,id1,dist): 103 110 3.3657924851513505
list:
dist: 3.3657924851513505 vs. 3.3657924851513505
--------
nle(id0,id1,dist): 103 111 4.052188566998898
list:
dist: 4.052188566998898 vs. 4.052188566998898
--------
nle(id0,id1,dist): 147 149 1.2106483480028922
list:
dist: 1.2106483480028922 vs. 1.2106483480028922
--------
nle(id0,id1,dist): 147 148 2.3695912083338913
list:
dist: 2.3695912083338913 vs. 2.3695912083338913
--------
nle(id0,id1,dist): 148 149 1.7101600776538464
list:
dist: 1.7101600776538464 vs. 1.7101600776538464
--------
nle(id0,id1,dist): 146 147 2.463525392907485
list:
dist: 2.463525392907485 vs. 2.463525392907485
--------
nle(id0,id1,dist): 146 148 1.4465088480182782
list:
dist: 1.4465088480182782 vs. 1.4465088480182782
--------
nle(id0,id1,dist): 146 149 1.448669503055174
list:
dist: 1.448669503055174 vs. 1.448669503055174
--------
nle(id0,id1,dist): 144 148 1.7883255906297848
list:
dist: 1.7883255906297848 vs. 1.7883255906297848
--------
nle(id0,id1,dist): 144 147 1.8977999909372947
list:
dist: 1.8977999909372947 vs. 1.8977999909372947
--------
nle(id0,id1,dist): 144 146 2.7412817504824742
list:
dist: 2.7412817504824742 vs. 2.7412817504824742
--------
nle(id0,id1,dist): 144 145 1.7385114621976978
list:
dist: 1.7385114621976978 vs. 1.7385114621976978
--------
nle(id0,id1,dist): 144 149 1.8295385141009741
list:
dist: 1.8295385141009741 vs. 1.8295385141009741
--------
nle(id0,id1,dist): 145 149 0.9424486052154499
list:
dist: 0.9424486052154499 vs. 0.9424486052154499
--------
nle(id0,id1,dist): 145 148 1.4281987078723974
list:
dist: 1.4281987078723974 vs. 1.4281987078723974
--------
nle(id0,id1,dist): 145 147 2.045892576851381
list:
dist: 2.045892576851381 vs. 2.045892576851381
--------
nle(id0,id1,dist): 145 146 1.3600462565520128
list:
dist: 1.3600462565520128 vs. 1.3600462565520128
--------
nle(id0,id1,dist): 142 149 3.3579085800226975
list:
dist: 3.3579085800226975 vs. 3.3579085800226975
--------
nle(id0,id1,dist): 142 148 3.679961740092581
list:
dist: 3.679961740092581 vs. 3.679961740092581
--------
nle(id0,id1,dist): 142 145 2.593752532101791
list:
dist: 2.593752532101791 vs. 2.593752532101791
--------
nle(id0,id1,dist): 142 146 3.5987787597155467
list:
dist: 3.5987787597155467 vs. 3.5987787597155467
--------
nle(id0,id1,dist): 142 143 3.3704886659111057
list:
dist: 3.3704886659111057 vs. 3.3704886659111057
--------
nle(id0,id1,dist): 142 144 3.4318385234470816
list:
dist: 3.4318385234470816 vs. 3.4318385234470816
--------
nle(id0,id1,dist): 143 146 1.3768848339097954
list:
dist: 1.3768848339097954 vs. 1.3768848339097954
--------
nle(id0,id1,dist): 143 147 1.5324210030296377
list:
dist: 1.5324210030296377 vs. 1.5324210030296377
--------
nle(id0,id1,dist): 143 148 0.978678471893058
list:
dist: 0.978678471893058 vs. 0.978678471893058
--------
nle(id0,id1,dist): 143 149 0.7819633506112386
list:
dist: 0.7819633506112386 vs. 0.7819633506112386
--------
nle(id0,id1,dist): 143 144 1.3937684321061177
list:
dist: 1.3937684321061177 vs. 1.3937684321061177
--------
nle(id0,id1,dist): 143 145 0.838310874338678
list:
dist: 0.838310874338678 vs. 0.838310874338678
--------
nle(id0,id1,dist): 141 142 2.885351012334112
list:
dist: 2.885351012334112 vs. 2.885351012334112
--------
nle(id0,id1,dist): 141 143 1.763731764965621
list:
dist: 1.763731764965621 vs. 1.763731764965621
--------
nle(id0,id1,dist): 140 149 1.4520317767307762
list:
dist: 1.4520317767307762 vs. 1.4520317767307762
--------
nle(id0,id1,dist): 141 145 1.6012361032524387
list:
dist: 1.6012361032524387 vs. 1.6012361032524387
--------
nle(id0,id1,dist): 141 144 2.1741990903899526
list:
dist: 2.1741990903899526 vs. 2.1741990903899526
--------
nle(id0,id1,dist): 141 146 1.9866300255427167
list:
dist: 1.9866300255427167 vs. 1.9866300255427167
--------
nle(id0,id1,dist): 141 149 2.380248653416509
list:
dist: 2.380248653416509 vs. 2.380248653416509
--------
nle(id0,id1,dist): 141 148 1.225189419271652
list:
dist: 1.225189419271652 vs. 1.225189419271652
--------
nle(id0,id1,dist): 139 144 2.3694018951593434
list:
dist: 2.3694018951593434 vs. 2.3694018951593434
--------
nle(id0,id1,dist): 139 145 1.2702478733389484
list:
dist: 1.2702478733389484 vs. 1.2702478733389484
--------
nle(id0,id1,dist): 139 142 3.4223292339495512
list:
dist: 3.4223292339495512 vs. 3.4223292339495512
--------
nle(id0,id1,dist): 139 143 1.2218484381646961
list:
dist: 1.2218484381646961 vs. 1.2218484381646961
--------
nle(id0,id1,dist): 139 140 2.7816933835093165
list:
dist: 2.7816933835093165 vs. 2.7816933835093165
--------
nle(id0,id1,dist): 139 141 1.247701409825642
list:
dist: 1.247701409825642 vs. 1.247701409825642
--------
nle(id0,id1,dist): 139 148 0.8231841724148294
list:
dist: 0.8231841724148294 vs. 0.8231841724148294
--------
nle(id0,id1,dist): 139 149 1.6842885972707315
list:
dist: 1.6842885972707315 vs. 1.6842885972707315
--------
nle(id0,id1,dist): 139 146 0.8019369100618567
list:
dist: 0.8019369100618567 vs. 0.8019369100618567
--------
nle(id0,id1,dist): 139 147 2.6480059409845715
list:
dist: 2.6480059409845715 vs. 2.6480059409845715
--------
nle(id0,id1,dist): 140 145 1.7069989982256781
list:
dist: 1.7069989982256781 vs. 1.7069989982256781
--------
nle(id0,id1,dist): 140 146 2.8136415984124987
list:
dist: 2.8136415984124987 vs. 2.8136415984124987
--------
nle(id0,id1,dist): 140 147 1.396251962472515
list:
dist: 1.396251962472515 vs. 1.396251962472515
--------
nle(id0,id1,dist): 140 148 2.500396568185464
list:
dist: 2.500396568185464 vs. 2.500396568185464
--------
nle(id0,id1,dist): 140 141 2.907802251339742
list:
dist: 2.907802251339742 vs. 2.907802251339742
--------
nle(id0,id1,dist): 140 142 3.235579508553329
list:
dist: 3.235579508553329 vs. 3.235579508553329
--------
nle(id0,id1,dist): 140 143 1.6368300744725077
list:
dist: 1.6368300744725077 vs. 1.6368300744725077
--------
nle(id0,id1,dist): 140 144 1.276412090867804
list:
dist: 1.276412090867804 vs. 1.276412090867804
--------
nle(id0,id1,dist): 138 141 1.033618690256638
list:
dist: 1.033618690256638 vs. 1.033618690256638
--------
nle(id0,id1,dist): 138 142 2.0181966065478063
list:
dist: 2.0181966065478063 vs. 2.0181966065478063
--------
nle(id0,id1,dist): 138 139 1.6986037193124734
list:
dist: 1.6986037193124734 vs. 1.6986037193124734
--------
nle(id0,id1,dist): 138 140 2.2429189590371563
list:
dist: 2.2429189590371563 vs. 2.2429189590371563
--------
nle(id0,id1,dist): 138 149 2.045725947259733
list:
dist: 2.045725947259733 vs. 2.045725947259733
--------
nle(id0,id1,dist): 138 148 1.7197893361543204
list:
dist: 1.7197893361543204 vs. 1.7197893361543204
--------
nle(id0,id1,dist): 138 146 2.1733789530527297
list:
dist: 2.1733789530527297 vs. 2.1733789530527297
--------
nle(id0,id1,dist): 138 145 1.147800316627601
list:
dist: 1.147800316627601 vs. 1.147800316627601
--------
nle(id0,id1,dist): 138 144 1.8400177241252744
list:
dist: 1.8400177241252744 vs. 1.8400177241252744
--------
nle(id0,id1,dist): 138 143 1.6589370531211656
list:
dist: 1.6589370531211656 vs. 1.6589370531211656
--------
nle(id0,id1,dist): 137 144 2.595713352692089
list:
dist: 2.595713352692089 vs. 2.595713352692089
--------
nle(id0,id1,dist): 137 145 1.7003706580106388
list:
dist: 1.7003706580106388 vs. 1.7003706580106388
--------
nle(id0,id1,dist): 137 146 2.0730364670273635
list:
dist: 2.0730364670273635 vs. 2.0730364670273635
--------
nle(id0,id1,dist): 137 140 3.147055903398606
list:
dist: 3.147055903398606 vs. 3.147055903398606
--------
nle(id0,id1,dist): 137 141 0.6074552708390992
list:
dist: 0.6074552708390992 vs. 0.6074552708390992
--------
nle(id0,id1,dist): 137 142 2.4966829985643875
list:
dist: 2.4966829985643875 vs. 2.4966829985643875
--------
nle(id0,id1,dist): 137 143 2.1017641391284094
list:
dist: 2.1017641391284094 vs. 2.1017641391284094
--------
nle(id0,id1,dist): 137 138 1.0154741456847651
list:
dist: 1.0154741456847651 vs. 1.0154741456847651
--------
nle(id0,id1,dist): 137 139 1.4624724642161908
list:
dist: 1.4624724642161908 vs. 1.4624724642161908
--------
nle(id0,id1,dist): 137 149 2.58066162149486
list:
dist: 2.58066162149486 vs. 2.58066162149486
--------
nle(id0,id1,dist): 137 148 1.7145204378168597
list:
dist: 1.7145204378168597 vs. 1.7145204378168597
--------
nle(id0,id1,dist): 136 147 1.5271007756568638
list:
dist: 1.5271007756568638 vs. 1.5271007756568638
--------
nle(id0,id1,dist): 136 148 2.507737828306977
list:
dist: 2.507737828306977 vs. 2.507737828306977
--------
nle(id0,id1,dist): 136 145 1.36801874501968
list:
dist: 1.36801874501968 vs. 1.36801874501968
--------
nle(id0,id1,dist): 136 146 2.4328563688773808
list:
dist: 2.4328563688773808 vs. 2.4328563688773808
--------
nle(id0,id1,dist): 136 149 1.1178133562463841
list:
dist: 1.1178133562463841 vs. 1.1178133562463841
--------
nle(id0,id1,dist): 136 139 2.556773928554751
list:
dist: 2.556773928554751 vs. 2.556773928554751
--------
nle(id0,id1,dist): 136 140 0.7550143103226531
list:
dist: 0.7550143103226531 vs. 0.7550143103226531
--------
nle(id0,id1,dist): 136 137 2.9591206627076314
list:
dist: 2.9591206627076314 vs. 2.9591206627076314
--------
nle(id0,id1,dist): 136 138 2.1121457945446482
list:
dist: 2.1121457945446482 vs. 2.1121457945446482
--------
nle(id0,id1,dist): 136 143 1.5741646983979594
list:
dist: 1.5741646983979594 vs. 1.5741646983979594
--------
nle(id0,id1,dist): 136 144 1.7847086003160488
list:
dist: 1.7847086003160488 vs. 1.7847086003160488
--------
nle(id0,id1,dist): 136 141 2.839726977147135
list:
dist: 2.839726977147135 vs. 2.839726977147135
--------
nle(id0,id1,dist): 136 142 2.884926059651152
list:
dist: 2.884926059651152 vs. 2.884926059651152
--------
nle(id0,id1,dist): 135 143 3.094359217615138
list:
dist: 3.094359217615138 vs. 3.094359217615138
--------
nle(id0,id1,dist): 135 144 2.782126155672485
list:
dist: 2.782126155672485 vs. 2.782126155672485
--------
nle(id0,id1,dist): 135 145 2.901049551646992
list:
dist: 2.901049551646992 vs. 2.901049551646992
--------
nle(id0,id1,dist): 135 146 3.5866756368651314
list:
dist: 3.5866756368651314 vs. 3.5866756368651314
--------
nle(id0,id1,dist): 135 148 2.627780604878031
list:
dist: 2.627780604878031 vs. 2.627780604878031
--------
nle(id0,id1,dist): 135 149 3.712600963087587
list:
dist: 3.712600963087587 vs. 3.712600963087587
--------
nle(id0,id1,dist): 134 149 1.9793782845339216
list:
dist: 1.9793782845339216 vs. 1.9793782845339216
--------
nle(id0,id1,dist): 134 148 1.5605366354790673
list:
dist: 1.5605366354790673 vs. 1.5605366354790673
--------
nle(id0,id1,dist): 135 140 3.700780084602187
list:
dist: 3.700780084602187 vs. 3.700780084602187
--------
nle(id0,id1,dist): 135 141 1.6091911101727385
list:
dist: 1.6091911101727385 vs. 1.6091911101727385
--------
nle(id0,id1,dist): 135 138 1.8485931337609574
list:
dist: 1.8485931337609574 vs. 1.8485931337609574
--------
nle(id0,id1,dist): 135 139 2.8534726702608673
list:
dist: 2.8534726702608673 vs. 2.8534726702608673
--------
nle(id0,id1,dist): 135 137 1.6957656690225495
list:
dist: 1.6957656690225495 vs. 1.6957656690225495
--------
nle(id0,id1,dist): 134 135 1.9690895805077946
list:
dist: 1.9690895805077946 vs. 1.9690895805077946
--------
nle(id0,id1,dist): 134 136 2.2166349293887553
list:
dist: 2.2166349293887553 vs. 2.2166349293887553
--------
nle(id0,id1,dist): 134 137 0.758635202170011
list:
dist: 0.758635202170011 vs. 0.758635202170011
--------
nle(id0,id1,dist): 134 138 0.3783724916019552
list:
dist: 0.3783724916019552 vs. 0.3783724916019552
--------
nle(id0,id1,dist): 134 143 1.588711984460284
list:
dist: 1.588711984460284 vs. 1.588711984460284
--------
nle(id0,id1,dist): 134 144 2.039100596983072
list:
dist: 2.039100596983072 vs. 2.039100596983072
--------
nle(id0,id1,dist): 134 145 1.0528135290305434
list:
dist: 1.0528135290305434 vs. 1.0528135290305434
--------
nle(id0,id1,dist): 134 146 1.876323743331012
list:
dist: 1.876323743331012 vs. 1.876323743331012
--------
nle(id0,id1,dist): 134 139 1.3965234762645762
list:
dist: 1.3965234762645762 vs. 1.3965234762645762
--------
nle(id0,id1,dist): 134 140 2.420884952920259
list:
dist: 2.420884952920259 vs. 2.420884952920259
--------
nle(id0,id1,dist): 134 141 0.8517849305972606
list:
dist: 0.8517849305972606 vs. 0.8517849305972606
--------
nle(id0,id1,dist): 134 142 2.156015733284814
list:
dist: 2.156015733284814 vs. 2.156015733284814
--------
nle(id0,id1,dist): 132 134 3.1388284815821366
list:
dist: 3.1388284815821366 vs. 3.1388284815821366
--------
nle(id0,id1,dist): 132 133 3.3553643461298384
list:
dist: 3.3553643461298384 vs. 3.3553643461298384
--------
nle(id0,id1,dist): 132 135 2.34412700166401
list:
dist: 2.34412700166401 vs. 2.34412700166401
--------
nle(id0,id1,dist): 132 138 2.7922300457963467
list:
dist: 2.7922300457963467 vs. 2.7922300457963467
--------
nle(id0,id1,dist): 132 137 3.4299498023277692
list:
dist: 3.4299498023277692 vs. 3.4299498023277692
--------
nle(id0,id1,dist): 132 140 3.1705648337729655
list:
dist: 3.1705648337729655 vs. 3.1705648337729655
--------
nle(id0,id1,dist): 132 141 3.191932636034514
list:
dist: 3.191932636034514 vs. 3.191932636034514
--------
nle(id0,id1,dist): 132 143 3.6011006189078847
list:
dist: 3.6011006189078847 vs. 3.6011006189078847
--------
nle(id0,id1,dist): 132 144 2.423059159781346
list:
dist: 2.423059159781346 vs. 2.423059159781346
--------
nle(id0,id1,dist): 132 145 3.554837194237626
list:
dist: 3.554837194237626 vs. 3.554837194237626
--------
nle(id0,id1,dist): 132 149 4.051175054671463
list:
dist: 4.051175054671463 vs. 4.051175054671463
--------
nle(id0,id1,dist): 131 147 2.4984244235892508
list:
dist: 2.4984244235892508 vs. 2.4984244235892508
--------
nle(id0,id1,dist): 131 146 2.6075237668714633
list:
dist: 2.6075237668714633 vs. 2.6075237668714633
--------
nle(id0,id1,dist): 131 149 1.900289754165706
list:
dist: 1.900289754165706 vs. 1.900289754165706
--------
nle(id0,id1,dist): 131 148 1.9654781361133453
list:
dist: 1.9654781361133453 vs. 1.9654781361133453
--------
nle(id0,id1,dist): 131 142 2.319440244666569
list:
dist: 2.319440244666569 vs. 2.319440244666569
--------
nle(id0,id1,dist): 131 143 1.585815007522238
list:
dist: 1.585815007522238 vs. 1.585815007522238
--------
nle(id0,id1,dist): 131 144 1.1214954233670136
list:
dist: 1.1214954233670136 vs. 1.1214954233670136
--------
nle(id0,id1,dist): 131 145 1.322683206941965
list:
dist: 1.322683206941965 vs. 1.322683206941965
--------
nle(id0,id1,dist): 131 138 0.9564540699891629
list:
dist: 0.9564540699891629 vs. 0.9564540699891629
--------
nle(id0,id1,dist): 131 139 2.224226323076383
list:
dist: 2.224226323076383 vs. 2.224226323076383
--------
nle(id0,id1,dist): 131 140 1.4876727768843292
list:
dist: 1.4876727768843292 vs. 1.4876727768843292
--------
nle(id0,id1,dist): 131 141 1.7452568336702965
list:
dist: 1.7452568336702965 vs. 1.7452568336702965
--------
nle(id0,id1,dist): 131 134 1.2734424974364593
list:
dist: 1.2734424974364593 vs. 1.2734424974364593
--------
nle(id0,id1,dist): 131 135 2.2557024874478038
list:
dist: 2.2557024874478038 vs. 2.2557024874478038
--------
nle(id0,id1,dist): 131 136 1.6202783522072994
list:
dist: 1.6202783522072994 vs. 1.6202783522072994
--------
nle(id0,id1,dist): 131 137 1.9313117646542177
list:
dist: 1.9313117646542177 vs. 1.9313117646542177
--------
nle(id0,id1,dist): 131 132 2.263363765904525
list:
dist: 2.263363765904525 vs. 2.263363765904525
--------
nle(id0,id1,dist): 130 149 3.2891680195657047
list:
dist: 3.2891680195657047 vs. 3.2891680195657047
--------
nle(id0,id1,dist): 130 145 2.6352614628803797
list:
dist: 2.6352614628803797 vs. 2.6352614628803797
--------
nle(id0,id1,dist): 130 143 2.909444180979972
list:
dist: 2.909444180979972 vs. 2.909444180979972
--------
nle(id0,id1,dist): 130 144 2.0719050777921506
list:
dist: 2.0719050777921506 vs. 2.0719050777921506
--------
nle(id0,id1,dist): 130 141 2.382954909970829
list:
dist: 2.382954909970829 vs. 2.382954909970829
--------
nle(id0,id1,dist): 130 142 2.378161655846599
list:
dist: 2.378161655846599 vs. 2.378161655846599
--------
nle(id0,id1,dist): 130 140 2.620787109685069
list:
dist: 2.620787109685069 vs. 2.620787109685069
--------
nle(id0,id1,dist): 130 137 2.4777690218698503
list:
dist: 2.4777690218698503 vs. 2.4777690218698503
--------
nle(id0,id1,dist): 130 138 1.7569184944817657
list:
dist: 1.7569184944817657 vs. 1.7569184944817657
--------
nle(id0,id1,dist): 130 135 1.8105097954520595
list:
dist: 1.8105097954520595 vs. 1.8105097954520595
--------
nle(id0,id1,dist): 130 136 2.865773363557446
list:
dist: 2.865773363557446 vs. 2.865773363557446
--------
nle(id0,id1,dist): 130 132 1.19816330790929
list:
dist: 1.19816330790929 vs. 1.19816330790929
--------
nle(id0,id1,dist): 130 131 1.3888894215441314
list:
dist: 1.3888894215441314 vs. 1.3888894215441314
--------
nle(id0,id1,dist): 130 134 2.1219930437129064
list:
dist: 2.1219930437129064 vs. 2.1219930437129064
--------
nle(id0,id1,dist): 130 133 3.0270076598797373
list:
dist: 3.0270076598797373 vs. 3.0270076598797373
--------
nle(id0,id1,dist): 129 148 2.3332491605382657
list:
dist: 2.3332491605382657 vs. 2.3332491605382657
--------
nle(id0,id1,dist): 129 149 0.6784499359442027
list:
dist: 0.6784499359442027 vs. 0.6784499359442027
--------
nle(id0,id1,dist): 129 140 1.3588284031552538
list:
dist: 1.3588284031552538 vs. 1.3588284031552538
--------
nle(id0,id1,dist): 129 141 2.809366494065727
list:
dist: 2.809366494065727 vs. 2.809366494065727
--------
nle(id0,id1,dist): 129 142 3.141679249073119
list:
dist: 3.141679249073119 vs. 3.141679249073119
--------
nle(id0,id1,dist): 129 143 1.3985752459061043
list:
dist: 1.3985752459061043 vs. 1.3985752459061043
--------
nle(id0,id1,dist): 129 144 2.1555915898759848
list:
dist: 2.1555915898759848 vs. 2.1555915898759848
--------
nle(id0,id1,dist): 129 145 1.218463000616426
list:
dist: 1.218463000616426 vs. 1.218463000616426
--------
nle(id0,id1,dist): 129 146 1.8945562207040028
list:
dist: 1.8945562207040028 vs. 1.8945562207040028
--------
nle(id0,id1,dist): 129 147 1.4186503490370448
list:
dist: 1.4186503490370448 vs. 1.4186503490370448
--------
nle(id0,id1,dist): 129 134 2.234431318894728
list:
dist: 2.234431318894728 vs. 2.234431318894728
--------
nle(id0,id1,dist): 129 139 2.218304002489561
list:
dist: 2.218304002489561 vs. 2.218304002489561
--------
nle(id0,id1,dist): 129 138 2.255301491873993
list:
dist: 2.255301491873993 vs. 2.255301491873993
--------
nle(id0,id1,dist): 129 137 2.9051764418803128
list:
dist: 2.9051764418803128 vs. 2.9051764418803128
--------
nle(id0,id1,dist): 129 136 0.7395745801729376
list:
dist: 0.7395745801729376 vs. 0.7395745801729376
--------
nle(id0,id1,dist): 129 131 2.036309812780868
list:
dist: 2.036309812780868 vs. 2.036309812780868
--------
nle(id0,id1,dist): 129 130 3.3791720524361657
list:
dist: 3.3791720524361657 vs. 3.3791720524361657
--------
nle(id0,id1,dist): 128 147 1.9332523692643047
list:
dist: 1.9332523692643047 vs. 1.9332523692643047
--------
nle(id0,id1,dist): 128 148 2.2069354388923266
list:
dist: 2.2069354388923266 vs. 2.2069354388923266
--------
nle(id0,id1,dist): 128 145 1.30158997779145
list:
dist: 1.30158997779145 vs. 1.30158997779145
--------
nle(id0,id1,dist): 128 146 2.603818020590121
list:
dist: 2.603818020590121 vs. 2.603818020590121
--------
nle(id0,id1,dist): 128 149 1.5099614507880383
list:
dist: 1.5099614507880383 vs. 1.5099614507880383
--------
nle(id0,id1,dist): 128 134 1.7695692502168805
list:
dist: 1.7695692502168805 vs. 1.7695692502168805
--------
nle(id0,id1,dist): 128 135 3.0255336309470238
list:
dist: 3.0255336309470238 vs. 3.0255336309470238
--------
nle(id0,id1,dist): 128 136 0.9204775343717699
list:
dist: 0.9204775343717699 vs. 0.9204775343717699
--------
nle(id0,id1,dist): 128 129 1.48813568918831
list:
dist: 1.48813568918831 vs. 1.48813568918831
--------
nle(id0,id1,dist): 128 130 1.9856766173086953
list:
dist: 1.9856766173086953 vs. 1.9856766173086953
--------
nle(id0,id1,dist): 128 131 0.7728512660456467
list:
dist: 0.7728512660456467 vs. 0.7728512660456467
--------
nle(id0,id1,dist): 128 132 2.730676519636049
list:
dist: 2.730676519636049 vs. 2.730676519636049
--------
nle(id0,id1,dist): 128 141 2.3217122790892097
list:
dist: 2.3217122790892097 vs. 2.3217122790892097
--------
nle(id0,id1,dist): 128 142 2.5881339705172746
list:
dist: 2.5881339705172746 vs. 2.5881339705172746
--------
nle(id0,id1,dist): 128 143 1.4889002048479973
list:
dist: 1.4889002048479973 vs. 1.4889002048479973
--------
nle(id0,id1,dist): 128 144 1.1172828777840818
list:
dist: 1.1172828777840818 vs. 1.1172828777840818
--------
nle(id0,id1,dist): 128 137 2.5040858003278297
list:
dist: 2.5040858003278297 vs. 2.5040858003278297
--------
nle(id0,id1,dist): 128 138 1.5414998386644845
list:
dist: 1.5414998386644845 vs. 1.5414998386644845
--------
nle(id0,id1,dist): 128 139 2.434251143678884
list:
dist: 2.434251143678884 vs. 2.434251143678884
--------
nle(id0,id1,dist): 128 140 0.7552521664562746
list:
dist: 0.7552521664562746 vs. 0.7552521664562746
--------
nle(id0,id1,dist): 127 140 3.6842113582534464
list:
dist: 3.6842113582534464 vs. 3.6842113582534464
--------
nle(id0,id1,dist): 127 141 1.2189882545052118
list:
dist: 1.2189882545052118 vs. 1.2189882545052118
--------
nle(id0,id1,dist): 127 138 1.9817185409963871
list:
dist: 1.9817185409963871 vs. 1.9817185409963871
--------
nle(id0,id1,dist): 127 139 2.2743394656916878
list:
dist: 2.2743394656916878 vs. 2.2743394656916878
--------
nle(id0,id1,dist): 127 137 1.5780334853319795
list:
dist: 1.5780334853319795 vs. 1.5780334853319795
--------
nle(id0,id1,dist): 127 134 1.9613937857798045
list:
dist: 1.9613937857798045 vs. 1.9613937857798045
--------
nle(id0,id1,dist): 127 135 1.0683481055794917
list:
dist: 1.0683481055794917 vs. 1.0683481055794917
--------
nle(id0,id1,dist): 127 148 1.9526972485891068
list:
dist: 1.9526972485891068 vs. 1.9526972485891068
--------
nle(id0,id1,dist): 127 149 3.410946762061634
list:
dist: 3.410946762061634 vs. 3.410946762061634
--------
nle(id0,id1,dist): 127 146 3.0722213985064157
list:
dist: 3.0722213985064157 vs. 3.0722213985064157
--------
nle(id0,id1,dist): 127 144 2.6306912551003694
list:
dist: 2.6306912551003694 vs. 2.6306912551003694
--------
nle(id0,id1,dist): 127 145 2.7249956211315327
list:
dist: 2.7249956211315327 vs. 2.7249956211315327
--------
nle(id0,id1,dist): 127 143 2.6878622606741502
list:
dist: 2.6878622606741502 vs. 2.6878622606741502
--------
nle(id0,id1,dist): 127 132 2.935226972599569
list:
dist: 2.935226972599569 vs. 2.935226972599569
--------
nle(id0,id1,dist): 127 131 2.433190757855769
list:
dist: 2.433190757855769 vs. 2.433190757855769
--------
nle(id0,id1,dist): 127 130 2.505773924223225
list:
dist: 2.505773924223225 vs. 2.505773924223225
--------
nle(id0,id1,dist): 127 128 3.1165863308254598
list:
dist: 3.1165863308254598 vs. 3.1165863308254598
--------
nle(id0,id1,dist): 126 139 2.2083354693184365
list:
dist: 2.2083354693184365 vs. 2.2083354693184365
--------
nle(id0,id1,dist): 126 140 1.2487600002865045
list:
dist: 1.2487600002865045 vs. 1.2487600002865045
--------
nle(id0,id1,dist): 126 141 2.203671263711683
list:
dist: 2.203671263711683 vs. 2.203671263711683
--------
nle(id0,id1,dist): 126 142 2.12013344915078
list:
dist: 2.12013344915078 vs. 2.12013344915078
--------
nle(id0,id1,dist): 126 143 1.5207642907321604
list:
dist: 1.5207642907321604 vs. 1.5207642907321604
--------
nle(id0,id1,dist): 126 144 1.7169912216196364
list:
dist: 1.7169912216196364 vs. 1.7169912216196364
--------
nle(id0,id1,dist): 126 145 0.9522945600113354
list:
dist: 0.9522945600113354 vs. 0.9522945600113354
--------
nle(id0,id1,dist): 126 146 2.265616417573901
list:
dist: 2.265616417573901 vs. 2.265616417573901
--------
nle(id0,id1,dist): 126 147 2.1812582898237696
list:
dist: 2.1812582898237696 vs. 2.1812582898237696
--------
nle(id0,id1,dist): 126 148 2.238416688412797
list:
dist: 2.238416688412797 vs. 2.238416688412797
--------
nle(id0,id1,dist): 126 149 1.378386451425241
list:
dist: 1.378386451425241 vs. 1.378386451425241
--------
nle(id0,id1,dist): 126 128 0.7246106224686194
list:
dist: 0.7246106224686194 vs. 0.7246106224686194
--------
nle(id0,id1,dist): 126 127 3.196849381582207
list:
dist: 3.196849381582207 vs. 3.196849381582207
--------
nle(id0,id1,dist): 126 130 2.240552713397795
list:
dist: 2.240552713397795 vs. 2.240552713397795
--------
nle(id0,id1,dist): 126 129 1.21653367048295
list:
dist: 1.21653367048295 vs. 1.21653367048295
--------
nle(id0,id1,dist): 126 132 3.1956595783195603
list:
dist: 3.1956595783195603 vs. 3.1956595783195603
--------
nle(id0,id1,dist): 126 131 1.0285690154873248
list:
dist: 1.0285690154873248 vs. 1.0285690154873248
--------
nle(id0,id1,dist): 126 134 1.4713142889061175
list:
dist: 1.4713142889061175 vs. 1.4713142889061175
--------
nle(id0,id1,dist): 126 136 0.8714186412027676
list:
dist: 0.8714186412027676 vs. 0.8714186412027676
--------
nle(id0,id1,dist): 126 135 3.0815135488123833
list:
dist: 3.0815135488123833 vs. 3.0815135488123833
--------
nle(id0,id1,dist): 126 138 1.3289116210801042
list:
dist: 1.3289116210801042 vs. 1.3289116210801042
--------
nle(id0,id1,dist): 126 137 2.226901542049244
list:
dist: 2.226901542049244 vs. 2.226901542049244
--------
nle(id0,id1,dist): 125 147 2.8387814903495032
list:
dist: 2.8387814903495032 vs. 2.8387814903495032
--------
nle(id0,id1,dist): 125 144 1.9698984373581359
list:
dist: 1.9698984373581359 vs. 1.9698984373581359
--------
nle(id0,id1,dist): 125 145 2.3187824233455436
list:
dist: 2.3187824233455436 vs. 2.3187824233455436
--------
nle(id0,id1,dist): 125 149 2.57006865812127
list:
dist: 2.57006865812127 vs. 2.57006865812127
--------
nle(id0,id1,dist): 125 131 1.4482777537512828
list:
dist: 1.4482777537512828 vs. 1.4482777537512828
--------
nle(id0,id1,dist): 125 130 1.841523279959081
list:
dist: 1.841523279959081 vs. 1.841523279959081
--------
nle(id0,id1,dist): 125 129 2.328224294689579
list:
dist: 2.328224294689579 vs. 2.328224294689579
--------
nle(id0,id1,dist): 125 128 1.1540788240687059
list:
dist: 1.1540788240687059 vs. 1.1540788240687059
--------
nle(id0,id1,dist): 125 135 3.412339332598859
list:
dist: 3.412339332598859 vs. 3.412339332598859
--------
nle(id0,id1,dist): 125 134 2.532395547405842
list:
dist: 2.532395547405842 vs. 2.532395547405842
--------
nle(id0,id1,dist): 125 133 3.017918520673882
list:
dist: 3.017918520673882 vs. 3.017918520673882
--------
nle(id0,id1,dist): 125 132 2.5096046820798303
list:
dist: 2.5096046820798303 vs. 2.5096046820798303
--------
nle(id0,id1,dist): 125 138 2.219548851175253
list:
dist: 2.219548851175253 vs. 2.219548851175253
--------
nle(id0,id1,dist): 125 137 3.2314156910120655
list:
dist: 3.2314156910120655 vs. 3.2314156910120655
--------
nle(id0,id1,dist): 125 136 1.6220845650294728
list:
dist: 1.6220845650294728 vs. 1.6220845650294728
--------
nle(id0,id1,dist): 125 143 2.6410211548705975
list:
dist: 2.6410211548705975 vs. 2.6410211548705975
--------
nle(id0,id1,dist): 125 142 2.388361558366732
list:
dist: 2.388361558366732 vs. 2.388361558366732
--------
nle(id0,id1,dist): 125 141 3.161415922318063
list:
dist: 3.161415922318063 vs. 3.161415922318063
--------
nle(id0,id1,dist): 125 140 1.4463110321068555
list:
dist: 1.4463110321068555 vs. 1.4463110321068555
2. Check the NeighborList query for coordinates against the neighbor list for consistency
list:
dist: 1.9989627427638095 vs. 1.9989627427638095
list:
dist: 2.4498438166418803 vs. 2.4498438166418803
list:
dist: 1.5805428976629872 vs. 1.5805428976629872
list:
dist: 1.1731703524412869 vs. 1.1731703524412869
list:
dist: 2.218100472726989 vs. 2.218100472726989
list:
dist: 0.7488476405955043 vs. 0.7488476405955043
list:
dist: 1.5496196648791116 vs. 1.5496196648791116
list:
dist: 2.0044577710457463 vs. 2.0044577710457463
list:
dist: 1.1421215329358112 vs. 1.1421215329358112
list:
dist: 0.525331869616312 vs. 0.525331869616312
list:
dist: 2.266341164046628 vs. 2.266341164046628
list:
dist: 2.7066961295640333 vs. 2.7066961295640333
list:
dist: 0.945262590129343 vs. 0.945262590129343
list:
dist: 1.3455618930407767 vs. 1.3455618930407767
list:
dist: 2.06134732996908 vs. 2.06134732996908
list:
dist: 2.6548924161353082 vs. 2.6548924161353082
list:
dist: 2.145663741952834 vs. 2.145663741952834
list:
dist: 2.3498691438149133 vs. 2.3498691438149133
list:
dist: 2.1711690443833964 vs. 2.1711690443833964
list:
dist: 1.645530623242816 vs. 1.645530623242816
list:
dist: 2.1660752984618337 vs. 2.1660752984618337
list:
dist: 2.964032975951626 vs. 2.964032975951626
list:
dist: 0.9991763686457815 vs. 0.9991763686457815
list:
dist: 1.3507020082429255 vs. 1.3507020082429255
list:
dist: 1.5805428976629872 vs. 1.5805428976629872
list:
dist: 0.8606500396820504 vs. 0.8606500396820504
list:
dist: 0.6929594346445627 vs. 0.6929594346445627
list:
dist: 1.450655453784016 vs. 1.450655453784016
list:
dist: 2.481979833452055 vs. 2.481979833452055
list:
dist: 2.870868782303639 vs. 2.870868782303639
list:
dist: 2.4685866075407055 vs. 2.4685866075407055
list:
dist: 1.8219304194545727 vs. 1.8219304194545727
list:
dist: 2.932768945160574 vs. 2.932768945160574
list:
dist: 3.615733041339733 vs. 3.615733041339733
list:
dist: 1.7961908180293424 vs. 1.7961908180293424
list:
dist: 2.21327607218033 vs. 2.21327607218033
list:
dist: 2.3935206297347786 vs. 2.3935206297347786
list:
dist: 4.139297335967043 vs. 4.139297335967043
list:
dist: 3.45777233460909 vs. 3.45777233460909
list:
dist: 3.5547755129698215 vs. 3.5547755129698215
list:
dist: 3.3394664280335142 vs. 3.3394664280335142
list:
dist: 2.7996508560193964 vs. 2.7996508560193964
list:
dist: 3.2669022959731806 vs. 3.2669022959731806
list:
dist: 3.9952805711726347 vs. 3.9952805711726347
list:
dist: 1.9593123760055895 vs. 1.9593123760055895
list:
dist: 2.06134732996908 vs. 2.06134732996908
list:
dist: 2.3935206297347786 vs. 2.3935206297347786
list:
dist: 1.56246328166676 vs. 1.56246328166676
list:
dist: 2.5767678209795846 vs. 2.5767678209795846
list:
dist: 2.426246192898443 vs. 2.426246192898443
list:
dist: 2.855214292820062 vs. 2.855214292820062
list:
dist: 3.334971482160216 vs. 3.334971482160216
list:
dist: 1.6778662900702945 vs. 1.6778662900702945
list:
dist: 2.028494811854832 vs. 2.028494811854832
list:
dist: 0.6630172029568185 vs. 0.6630172029568185
list:
dist: 1.8991439090624538 vs. 1.8991439090624538
list:
dist: 1.459011529445356 vs. 1.459011529445356
list:
dist: 1.8297188622999514 vs. 1.8297188622999514
list:
dist: 3.7032582232516464 vs. 3.7032582232516464
list:
dist: 2.432769186950615 vs. 2.432769186950615
list:
dist: 2.999605152807179 vs. 2.999605152807179
list:
dist: 2.421299346073285 vs. 2.421299346073285
list:
dist: 2.1294253403019288 vs. 2.1294253403019288
list:
dist: 3.3560523554614554 vs. 3.3560523554614554
list:
dist: 3.9580161584160964 vs. 3.9580161584160964
list:
dist: 3.9798262080824975 vs. 3.9798262080824975
list:
dist: 4.300717311058051 vs. 4.300717311058051
list:
dist: 2.0410481462475776 vs. 2.0410481462475776
list:
dist: 1.9989627427638095 vs. 1.9989627427638095
list:
dist: 0.9991763686457815 vs. 0.9991763686457815
list:
dist: 1.5983269982276 vs. 1.5983269982276
list:
dist: 1.3660656353786635 vs. 1.3660656353786635
list:
dist: 1.4726493920923454 vs. 1.4726493920923454
list:
dist: 2.2531760396121654 vs. 2.2531760396121654
list:
dist: 2.5038253007369353 vs. 2.5038253007369353
list:
dist: 2.219787809894065 vs. 2.219787809894065
list:
dist: 0.945262590129343 vs. 0.945262590129343
list:
dist: 1.7961908180293424 vs. 1.7961908180293424
list:
dist: 1.0899817964754452 vs. 1.0899817964754452
list:
dist: 2.31991518034258 vs. 2.31991518034258
list:
dist: 1.073607026605864 vs. 1.073607026605864
list:
dist: 1.4272053694001359 vs. 1.4272053694001359
list:
dist: 1.9208145206392218 vs. 1.9208145206392218
list:
dist: 0.8035811317227859 vs. 0.8035811317227859
list:
dist: 1.253572303462907 vs. 1.253572303462907
list:
dist: 1.6795247251173724 vs. 1.6795247251173724
list:
dist: 1.906787218161969 vs. 1.906787218161969
list:
dist: 0.5922877530699218 vs. 0.5922877530699218
list:
dist: 1.459011529445356 vs. 1.459011529445356
list:
dist: 2.6791087916354974 vs. 2.6791087916354974
list:
dist: 1.6969405573679106 vs. 1.6969405573679106
list:
dist: 1.953435279499147 vs. 1.953435279499147
list:
dist: 1.5969565784759183 vs. 1.5969565784759183
list:
dist: 1.0824308623574326 vs. 1.0824308623574326
list:
dist: 2.0268430331780465 vs. 2.0268430331780465
list:
dist: 2.723196836338257 vs. 2.723196836338257
list:
dist: 3.304867083661894 vs. 3.304867083661894
list:
dist: 3.695690711986236 vs. 3.695690711986236
list:
dist: 1.3660656353786635 vs. 1.3660656353786635
list:
dist: 0.9762926102803408 vs. 0.9762926102803408
list:
dist: 2.218100472726989 vs. 2.218100472726989
list:
dist: 0.6929594346445627 vs. 0.6929594346445627
list:
dist: 1.2727804927477064 vs. 1.2727804927477064
list:
dist: 2.1283961884354854 vs. 2.1283961884354854
list:
dist: 3.119146256436956 vs. 3.119146256436956
list:
dist: 3.504533707825468 vs. 3.504533707825468
list:
dist: 3.0180091322847975 vs. 3.0180091322847975
list:
dist: 2.3922713036009284 vs. 2.3922713036009284
list:
dist: 3.186841408106497 vs. 3.186841408106497
list:
dist: 4.00527934082612 vs. 4.00527934082612
list:
dist: 2.31991518034258 vs. 2.31991518034258
list:
dist: 2.747424706470495 vs. 2.747424706470495
list:
dist: 2.5767678209795846 vs. 2.5767678209795846
list:
dist: 4.79514822236972 vs. 4.79514822236972
list:
dist: 4.014961616913248 vs. 4.014961616913248
list:
dist: 4.149730573775023 vs. 4.149730573775023
list:
dist: 3.883292096232477 vs. 3.883292096232477
list:
dist: 3.3603485059306695 vs. 3.3603485059306695
list:
dist: 3.9081308036616678 vs. 3.9081308036616678
list:
dist: 4.612440002868727 vs. 4.612440002868727
list:
dist: 1.5983269982276 vs. 1.5983269982276
list:
dist: 1.283085477244474 vs. 1.283085477244474
list:
dist: 1.1731703524412869 vs. 1.1731703524412869
list:
dist: 0.8606500396820504 vs. 0.8606500396820504
list:
dist: 1.2727804927477064 vs. 1.2727804927477064
list:
dist: 1.2900333543408937 vs. 1.2900333543408937
list:
dist: 2.1898591340391595 vs. 2.1898591340391595
list:
dist: 2.6555222062115056 vs. 2.6555222062115056
list:
dist: 1.7582850163363826 vs. 1.7582850163363826
list:
dist: 1.372944311407105 vs. 1.372944311407105
list:
dist: 2.077477003933389 vs. 2.077477003933389
list:
dist: 2.8194861732447927 vs. 2.8194861732447927
list:
dist: 1.0899817964754452 vs. 1.0899817964754452
list:
dist: 1.6022079040575608 vs. 1.6022079040575608
list:
dist: 1.56246328166676 vs. 1.56246328166676
list:
dist: 3.6514131380719834 vs. 3.6514131380719834
list:
dist: 2.7746346184646034 vs. 2.7746346184646034
list:
dist: 3.0129225732316374 vs. 3.0129225732316374
list:
dist: 2.6841357023494887 vs. 2.6841357023494887
list:
dist: 2.167378007592382 vs. 2.167378007592382
list:
dist: 2.9248430900710205 vs. 2.9248430900710205
list:
dist: 3.6528305434981605 vs. 3.6528305434981605
list:
dist: 2.0410481462475776 vs. 2.0410481462475776
list:
dist: 2.4498438166418803 vs. 2.4498438166418803
list:
dist: 1.3507020082429255 vs. 1.3507020082429255
list:
dist: 1.283085477244474 vs. 1.283085477244474
list:
dist: 0.9762926102803408 vs. 0.9762926102803408
list:
dist: 2.4763569540003574 vs. 2.4763569540003574
list:
dist: 2.9087547766341357 vs. 2.9087547766341357
list:
dist: 2.575492510036689 vs. 2.575492510036689
list:
dist: 2.6181381202181573 vs. 2.6181381202181573
list:
dist: 3.544680630649476 vs. 3.544680630649476
list:
dist: 2.219787809894065 vs. 2.219787809894065
list:
dist: 2.646966055536002 vs. 2.646966055536002
list:
dist: 1.9593123760055895 vs. 1.9593123760055895
list:
dist: 2.646966055536002 vs. 2.646966055536002
list:
dist: 1.3455618930407767 vs. 1.3455618930407767
list:
dist: 2.21327607218033 vs. 2.21327607218033
list:
dist: 1.6022079040575608 vs. 1.6022079040575608
list:
dist: 2.747424706470495 vs. 2.747424706470495
list:
dist: 1.2375330990989797 vs. 1.2375330990989797
list:
dist: 1.0750763441175597 vs. 1.0750763441175597
list:
dist: 1.5244320012780528 vs. 1.5244320012780528
list:
dist: 0.9175675180751691 vs. 0.9175675180751691
list:
dist: 1.7128288753777638 vs. 1.7128288753777638
list:
dist: 1.9484519624835275 vs. 1.9484519624835275
list:
dist: 1.66560117779034 vs. 1.66560117779034
list:
dist: 0.5922877530699218 vs. 0.5922877530699218
list:
dist: 1.8297188622999514 vs. 1.8297188622999514
list:
dist: 2.3931056415822374 vs. 2.3931056415822374
list:
dist: 1.37542671002837 vs. 1.37542671002837
list:
dist: 1.4586048124336783 vs. 1.4586048124336783
list:
dist: 1.1499162081198893 vs. 1.1499162081198893
list:
dist: 0.6520436166033049 vs. 0.6520436166033049
list:
dist: 1.5807906708923862 vs. 1.5807906708923862
list:
dist: 2.203241992556486 vs. 2.203241992556486
list:
dist: 2.9610821007156742 vs. 2.9610821007156742
list:
dist: 3.310661516200747 vs. 3.310661516200747
list:
dist: 2.9087547766341357 vs. 2.9087547766341357
list:
dist: 1.1421215329358112 vs. 1.1421215329358112
list:
dist: 2.4685866075407055 vs. 2.4685866075407055
list:
dist: 1.7582850163363826 vs. 1.7582850163363826
list:
dist: 3.0180091322847975 vs. 3.0180091322847975
list:
dist: 1.519012259078222 vs. 1.519012259078222
list:
dist: 1.5615365442076312 vs. 1.5615365442076312
list:
dist: 2.0097171726931 vs. 2.0097171726931
list:
dist: 1.229412398564336 vs. 1.229412398564336
list:
dist: 1.5789481301320343 vs. 1.5789481301320343
list:
dist: 1.6550551593358895 vs. 1.6550551593358895
list:
dist: 0.8035811317227859 vs. 0.8035811317227859
list:
dist: 0.9175675180751691 vs. 0.9175675180751691
list:
dist: 1.6778662900702945 vs. 1.6778662900702945
list:
dist: 2.0784328257935254 vs. 2.0784328257935254
list:
dist: 1.117420890969271 vs. 1.117420890969271
list:
dist: 1.6172228702664637 vs. 1.6172228702664637
list:
dist: 1.2275613446295697 vs. 1.2275613446295697
list:
dist: 0.8292283451240562 vs. 0.8292283451240562
list:
dist: 1.8887347808895099 vs. 1.8887347808895099
list:
dist: 2.56299809157553 vs. 2.56299809157553
list:
dist: 2.6437966840425293 vs. 2.6437966840425293
list:
dist: 3.072572570795346 vs. 3.072572570795346
list:
dist: 2.2531760396121654 vs. 2.2531760396121654
list:
dist: 1.5496196648791116 vs. 1.5496196648791116
list:
dist: 2.481979833452055 vs. 2.481979833452055
list:
dist: 2.1898591340391595 vs. 2.1898591340391595
list:
dist: 3.119146256436956 vs. 3.119146256436956
list:
dist: 1.1061813525052517 vs. 1.1061813525052517
list:
dist: 0.4983426486749205 vs. 0.4983426486749205
list:
dist: 1.5615365442076312 vs. 1.5615365442076312
list:
dist: 2.0058458678686995 vs. 2.0058458678686995
list:
dist: 2.962855911662334 vs. 2.962855911662334
list:
dist: 2.5089997383958336 vs. 2.5089997383958336
list:
dist: 1.4272053694001359 vs. 1.4272053694001359
list:
dist: 1.0750763441175597 vs. 1.0750763441175597
list:
dist: 2.855214292820062 vs. 2.855214292820062
list:
dist: 2.0340580868039924 vs. 2.0340580868039924
list:
dist: 1.7334191222120574 vs. 1.7334191222120574
list:
dist: 1.3271916725939787 vs. 1.3271916725939787
list:
dist: 1.522420131555869 vs. 1.522420131555869
list:
dist: 1.1466505673419296 vs. 1.1466505673419296
list:
dist: 0.7933014779003661 vs. 0.7933014779003661
list:
dist: 1.5241141218599603 vs. 1.5241141218599603
list:
dist: 2.564990394134315 vs. 2.564990394134315
list:
dist: 2.121914364918411 vs. 2.121914364918411
list:
dist: 2.2666981834492126 vs. 2.2666981834492126
list:
dist: 1.6949082775707733 vs. 1.6949082775707733
list:
dist: 2.575492510036689 vs. 2.575492510036689
list:
dist: 0.525331869616312 vs. 0.525331869616312
list:
dist: 1.8219304194545727 vs. 1.8219304194545727
list:
dist: 1.372944311407105 vs. 1.372944311407105
list:
dist: 2.3922713036009284 vs. 2.3922713036009284
list:
dist: 1.2671889807170642 vs. 1.2671889807170642
list:
dist: 2.0058458678686995 vs. 2.0058458678686995
list:
dist: 2.452670947590078 vs. 2.452670947590078
list:
dist: 1.229412398564336 vs. 1.229412398564336
list:
dist: 2.166798201597301 vs. 2.166798201597301
list:
dist: 2.8253859590272157 vs. 2.8253859590272157
list:
dist: 1.253572303462907 vs. 1.253572303462907
list:
dist: 1.7128288753777638 vs. 1.7128288753777638
list:
dist: 2.028494811854832 vs. 2.028494811854832
list:
dist: 2.760336581693697 vs. 2.760336581693697
list:
dist: 2.2811263862786064 vs. 2.2811263862786064
list:
dist: 2.6276283878678863 vs. 2.6276283878678863
list:
dist: 2.397881075995306 vs. 2.397881075995306
list:
dist: 1.9181347496685075 vs. 1.9181347496685075
list:
dist: 2.5370148595343367 vs. 2.5370148595343367
list:
dist: 3.3296527708721797 vs. 3.3296527708721797
list:
dist: 3.610541351912905 vs. 3.610541351912905
list:
dist: 4.104225123020556 vs. 4.104225123020556
list:
dist: 2.6181381202181573 vs. 2.6181381202181573
list:
dist: 2.266341164046628 vs. 2.266341164046628
list:
dist: 2.932768945160574 vs. 2.932768945160574
list:
dist: 2.077477003933389 vs. 2.077477003933389
list:
dist: 3.186841408106497 vs. 3.186841408106497
list:
dist: 2.707463763762511 vs. 2.707463763762511
list:
dist: 2.962855911662334 vs. 2.962855911662334
list:
dist: 3.423527962946698 vs. 3.423527962946698
list:
dist: 1.5789481301320343 vs. 1.5789481301320343
list:
dist: 2.166798201597301 vs. 2.166798201597301
list:
dist: 1.5549271818882615 vs. 1.5549271818882615
list:
dist: 1.6795247251173724 vs. 1.6795247251173724
list:
dist: 1.9484519624835275 vs. 1.9484519624835275
list:
dist: 0.6630172029568185 vs. 0.6630172029568185
list:
dist: 3.429498080274192 vs. 3.429498080274192
list:
dist: 2.135729042164764 vs. 2.135729042164764
list:
dist: 2.8304555184534217 vs. 2.8304555184534217
list:
dist: 2.213085013725141 vs. 2.213085013725141
list:
dist: 2.0408142938165206 vs. 2.0408142938165206
list:
dist: 3.3274043657192416 vs. 3.3274043657192416
list:
dist: 3.88077785481978 vs. 3.88077785481978
list:
dist: 3.5509952506620244 vs. 3.5509952506620244
list:
dist: 3.8536285898982294 vs. 3.8536285898982294
list:
dist: 2.6437966840425293 vs. 2.6437966840425293
list:
dist: 3.610541351912905 vs. 3.610541351912905
list:
dist: 3.5509952506620244 vs. 3.5509952506620244
list:
dist: 2.5168616284966285 vs. 2.5168616284966285
list:
dist: 3.304867083661894 vs. 3.304867083661894
list:
dist: 2.9610821007156742 vs. 2.9610821007156742
list:
dist: 3.9798262080824975 vs. 3.9798262080824975
list:
dist: 1.2585988710030795 vs. 1.2585988710030795
list:
dist: 1.64452704062477 vs. 1.64452704062477
list:
dist: 1.716816296918928 vs. 1.716816296918928
list:
dist: 1.8905264734813396 vs. 1.8905264734813396
list:
dist: 2.3095124075682754 vs. 2.3095124075682754
list:
dist: 2.3391748773841274 vs. 2.3391748773841274
list:
dist: 2.252820701967215 vs. 2.252820701967215
list:
dist: 1.9754451873664076 vs. 1.9754451873664076
list:
dist: 1.7582897563161948 vs. 1.7582897563161948
list:
dist: 1.7073584523414274 vs. 1.7073584523414274
list:
dist: 2.90803285606199 vs. 2.90803285606199
list:
dist: 0.5531376165919712 vs. 0.5531376165919712
list:
dist: 2.1711690443833964 vs. 2.1711690443833964
list:
dist: 3.3394664280335142 vs. 3.3394664280335142
list:
dist: 2.6841357023494887 vs. 2.6841357023494887
list:
dist: 3.883292096232477 vs. 3.883292096232477
list:
dist: 2.1907416205241397 vs. 2.1907416205241397
list:
dist: 1.522420131555869 vs. 1.522420131555869
list:
dist: 1.7536999859852864 vs. 1.7536999859852864
list:
dist: 1.2275613446295697 vs. 1.2275613446295697
list:
dist: 2.397881075995306 vs. 2.397881075995306
list:
dist: 2.213085013725141 vs. 2.213085013725141
list:
dist: 1.1926620386049216 vs. 1.1926620386049216
list:
dist: 1.5969565784759183 vs. 1.5969565784759183
list:
dist: 1.1499162081198893 vs. 1.1499162081198893
list:
dist: 2.421299346073285 vs. 2.421299346073285
list:
dist: 1.6887950786834407 vs. 1.6887950786834407
list:
dist: 0.4536942167934052 vs. 0.4536942167934052
list:
dist: 0.6494894766849586 vs. 0.6494894766849586
list:
dist: 0.5497715749988672 vs. 0.5497715749988672
list:
dist: 1.4005259121885678 vs. 1.4005259121885678
list:
dist: 1.7348629837395084 vs. 1.7348629837395084
list:
dist: 2.6516418674885185 vs. 2.6516418674885185
list:
dist: 2.1061308378507175 vs. 2.1061308378507175
list:
dist: 2.0521949870281926 vs. 2.0521949870281926
list:
dist: 2.2818133768748665 vs. 2.2818133768748665
list:
dist: 1.8905264734813396 vs. 1.8905264734813396
list:
dist: 2.1840167068727636 vs. 2.1840167068727636
list:
dist: 2.5038253007369353 vs. 2.5038253007369353
list:
dist: 2.0044577710457463 vs. 2.0044577710457463
list:
dist: 2.870868782303639 vs. 2.870868782303639
list:
dist: 2.6555222062115056 vs. 2.6555222062115056
list:
dist: 3.504533707825468 vs. 3.504533707825468
list:
dist: 1.5146498292614354 vs. 1.5146498292614354
list:
dist: 0.4983426486749205 vs. 0.4983426486749205
list:
dist: 2.0097171726931 vs. 2.0097171726931
list:
dist: 2.452670947590078 vs. 2.452670947590078
list:
dist: 3.423527962946698 vs. 3.423527962946698
list:
dist: 2.8201953146390712 vs. 2.8201953146390712
list:
dist: 1.9208145206392218 vs. 1.9208145206392218
list:
dist: 1.5244320012780528 vs. 1.5244320012780528
list:
dist: 3.334971482160216 vs. 3.334971482160216
list:
dist: 2.026882396797393 vs. 2.026882396797393
list:
dist: 1.983339711291585 vs. 1.983339711291585
list:
dist: 1.3820931586095044 vs. 1.3820931586095044
list:
dist: 1.7536999859852864 vs. 1.7536999859852864
list:
dist: 1.500757940156509 vs. 1.500757940156509
list:
dist: 0.5972907045695036 vs. 0.5972907045695036
list:
dist: 1.188727924711705 vs. 1.188727924711705
list:
dist: 2.301121894536632 vs. 2.301121894536632
list:
dist: 1.8477089137744174 vs. 1.8477089137744174
list:
dist: 1.9904700472372652 vs. 1.9904700472372652
list:
dist: 1.241479910935482 vs. 1.241479910935482
list:
dist: 1.4726493920923454 vs. 1.4726493920923454
list:
dist: 2.4763569540003574 vs. 2.4763569540003574
list:
dist: 0.7488476405955043 vs. 0.7488476405955043
list:
dist: 1.450655453784016 vs. 1.450655453784016
list:
dist: 1.2900333543408937 vs. 1.2900333543408937
list:
dist: 2.1283961884354854 vs. 2.1283961884354854
list:
dist: 1.1061813525052517 vs. 1.1061813525052517
list:
dist: 1.5146498292614354 vs. 1.5146498292614354
list:
dist: 1.519012259078222 vs. 1.519012259078222
list:
dist: 1.2671889807170642 vs. 1.2671889807170642
list:
dist: 2.707463763762511 vs. 2.707463763762511
list:
dist: 2.8643799632317357 vs. 2.8643799632317357
list:
dist: 1.073607026605864 vs. 1.073607026605864
list:
dist: 1.2375330990989797 vs. 1.2375330990989797
list:
dist: 2.426246192898443 vs. 2.426246192898443
list:
dist: 2.750574867611273 vs. 2.750574867611273
list:
dist: 2.300758984920227 vs. 2.300758984920227
list:
dist: 2.245197390276718 vs. 2.245197390276718
list:
dist: 2.1907416205241397 vs. 2.1907416205241397
list:
dist: 1.654585808038847 vs. 1.654585808038847
list:
dist: 1.8566877357069949 vs. 1.8566877357069949
list:
dist: 2.624932852718333 vs. 2.624932852718333
list:
dist: 2.145663741952834 vs. 2.145663741952834
list:
dist: 3.45777233460909 vs. 3.45777233460909
list:
dist: 2.7746346184646034 vs. 2.7746346184646034
list:
dist: 4.014961616913248 vs. 4.014961616913248
list:
dist: 2.300758984920227 vs. 2.300758984920227
list:
dist: 1.7334191222120574 vs. 1.7334191222120574
list:
dist: 1.983339711291585 vs. 1.983339711291585
list:
dist: 1.117420890969271 vs. 1.117420890969271
list:
dist: 2.2811263862786064 vs. 2.2811263862786064
list:
dist: 2.135729042164764 vs. 2.135729042164764
list:
dist: 1.276035120826923 vs. 1.276035120826923
list:
dist: 1.6969405573679106 vs. 1.6969405573679106
list:
dist: 1.37542671002837 vs. 1.37542671002837
list:
dist: 2.432769186950615 vs. 2.432769186950615
list:
dist: 1.4610654705819706 vs. 1.4610654705819706
list:
dist: 0.845887703929799 vs. 0.845887703929799
list:
dist: 0.4536942167934052 vs. 0.4536942167934052
list:
dist: 0.7452543552654578 vs. 0.7452543552654578
list:
dist: 1.5786210962507086 vs. 1.5786210962507086
list:
dist: 1.9543731275682708 vs. 1.9543731275682708
list:
dist: 2.576174188466405 vs. 2.576174188466405
list:
dist: 2.1205207091403824 vs. 2.1205207091403824
list:
dist: 2.1266982565525874 vs. 2.1266982565525874
list:
dist: 2.548791898034118 vs. 2.548791898034118
list:
dist: 1.64452704062477 vs. 1.64452704062477
list:
dist: 2.0063387466875553 vs. 2.0063387466875553
list:
dist: 3.544680630649476 vs. 3.544680630649476
list:
dist: 2.7066961295640333 vs. 2.7066961295640333
list:
dist: 3.615733041339733 vs. 3.615733041339733
list:
dist: 2.8194861732447927 vs. 2.8194861732447927
list:
dist: 4.00527934082612 vs. 4.00527934082612
list:
dist: 2.8643799632317357 vs. 2.8643799632317357
list:
dist: 2.5089997383958336 vs. 2.5089997383958336
list:
dist: 2.8201953146390712 vs. 2.8201953146390712
list:
dist: 1.6550551593358895 vs. 1.6550551593358895
list:
dist: 2.8253859590272157 vs. 2.8253859590272157
list:
dist: 1.5549271818882615 vs. 1.5549271818882615
list:
dist: 1.906787218161969 vs. 1.906787218161969
list:
dist: 1.66560117779034 vs. 1.66560117779034
list:
dist: 1.8991439090624538 vs. 1.8991439090624538
list:
dist: 2.7156948244183137 vs. 2.7156948244183137
list:
dist: 1.276035120826923 vs. 1.276035120826923
list:
dist: 1.8118644287331285 vs. 1.8118644287331285
list:
dist: 1.1926620386049216 vs. 1.1926620386049216
list:
dist: 1.4111093776924628 vs. 1.4111093776924628
list:
dist: 2.5636831165273217 vs. 2.5636831165273217
list:
dist: 2.8385102138966696 vs. 2.8385102138966696
list:
dist: 2.5168616284966285 vs. 2.5168616284966285
list:
dist: 2.6745641090099457 vs. 2.6745641090099457
list:
dist: 2.964032975951626 vs. 2.964032975951626
list:
dist: 3.9952805711726347 vs. 3.9952805711726347
list:
dist: 3.6528305434981605 vs. 3.6528305434981605
list:
dist: 4.612440002868727 vs. 4.612440002868727
list:
dist: 2.624932852718333 vs. 2.624932852718333
list:
dist: 1.5241141218599603 vs. 1.5241141218599603
list:
dist: 1.188727924711705 vs. 1.188727924711705
list:
dist: 2.56299809157553 vs. 2.56299809157553
list:
dist: 3.3296527708721797 vs. 3.3296527708721797
list:
dist: 3.88077785481978 vs. 3.88077785481978
list:
dist: 2.8385102138966696 vs. 2.8385102138966696
list:
dist: 2.723196836338257 vs. 2.723196836338257
list:
dist: 2.203241992556486 vs. 2.203241992556486
list:
dist: 3.9580161584160964 vs. 3.9580161584160964
list:
dist: 1.7039470294509769 vs. 1.7039470294509769
list:
dist: 1.9543731275682708 vs. 1.9543731275682708
list:
dist: 1.1161196900130959 vs. 1.1161196900130959
list:
dist: 1.7348629837395084 vs. 1.7348629837395084
list:
dist: 1.8564618986543466 vs. 1.8564618986543466
list:
dist: 0.8067375945855466 vs. 0.8067375945855466
list:
dist: 1.6427890388392812 vs. 1.6427890388392812
list:
dist: 0.9852789644770829 vs. 0.9852789644770829
list:
dist: 0.9003755689254779 vs. 0.9003755689254779
list:
dist: 0.6698778706252787 vs. 0.6698778706252787
list:
dist: 2.252820701967215 vs. 2.252820701967215
list:
dist: 2.4594452738197585 vs. 2.4594452738197585
list:
dist: 2.6548924161353082 vs. 2.6548924161353082
list:
dist: 4.139297335967043 vs. 4.139297335967043
list:
dist: 3.6514131380719834 vs. 3.6514131380719834
list:
dist: 4.79514822236972 vs. 4.79514822236972
list:
dist: 2.750574867611273 vs. 2.750574867611273
list:
dist: 2.0340580868039924 vs. 2.0340580868039924
list:
dist: 2.026882396797393 vs. 2.026882396797393
list:
dist: 2.0784328257935254 vs. 2.0784328257935254
list:
dist: 2.760336581693697 vs. 2.760336581693697
list:
dist: 3.429498080274192 vs. 3.429498080274192
list:
dist: 2.7156948244183137 vs. 2.7156948244183137
list:
dist: 2.6791087916354974 vs. 2.6791087916354974
list:
dist: 2.3931056415822374 vs. 2.3931056415822374
list:
dist: 3.7032582232516464 vs. 3.7032582232516464
list:
dist: 1.4610654705819706 vs. 1.4610654705819706
list:
dist: 1.3211442531576723 vs. 1.3211442531576723
list:
dist: 1.6887950786834407 vs. 1.6887950786834407
list:
dist: 1.8309300899469916 vs. 1.8309300899469916
list:
dist: 1.490157622554056 vs. 1.490157622554056
list:
dist: 1.7039470294509769 vs. 1.7039470294509769
list:
dist: 1.2809942747679004 vs. 1.2809942747679004
list:
dist: 1.1739480650078968 vs. 1.1739480650078968
list:
dist: 1.4612019350025716 vs. 1.4612019350025716
list:
dist: 2.2940130143465214 vs. 2.2940130143465214
list:
dist: 1.2585988710030795 vs. 1.2585988710030795
list:
dist: 1.7624200106082348 vs. 1.7624200106082348
list:
dist: 1.645530623242816 vs. 1.645530623242816
list:
dist: 2.7996508560193964 vs. 2.7996508560193964
list:
dist: 2.167378007592382 vs. 2.167378007592382
list:
dist: 3.3603485059306695 vs. 3.3603485059306695
list:
dist: 1.654585808038847 vs. 1.654585808038847
list:
dist: 1.1466505673419296 vs. 1.1466505673419296
list:
dist: 1.500757940156509 vs. 1.500757940156509
list:
dist: 0.8292283451240562 vs. 0.8292283451240562
list:
dist: 1.9181347496685075 vs. 1.9181347496685075
list:
dist: 2.0408142938165206 vs. 2.0408142938165206
list:
dist: 1.4111093776924628 vs. 1.4111093776924628
list:
dist: 1.0824308623574326 vs. 1.0824308623574326
list:
dist: 0.6520436166033049 vs. 0.6520436166033049
list:
dist: 2.1294253403019288 vs. 2.1294253403019288
list:
dist: 1.8309300899469916 vs. 1.8309300899469916
list:
dist: 0.7452543552654578 vs. 0.7452543552654578
list:
dist: 0.9032048177102229 vs. 0.9032048177102229
list:
dist: 0.5497715749988672 vs. 0.5497715749988672
list:
dist: 1.3024985107729272 vs. 1.3024985107729272
list:
dist: 1.8564618986543466 vs. 1.8564618986543466
list:
dist: 2.7967659699170375 vs. 2.7967659699170375
list:
dist: 2.2963597069404593 vs. 2.2963597069404593
list:
dist: 2.3293061954888112 vs. 2.3293061954888112
list:
dist: 2.3145323577144397 vs. 2.3145323577144397
list:
dist: 2.3095124075682754 vs. 2.3095124075682754
list:
dist: 2.6644084751988846 vs. 2.6644084751988846
list:
dist: 2.121914364918411 vs. 2.121914364918411
list:
dist: 1.8477089137744174 vs. 1.8477089137744174
list:
dist: 1.1739480650078968 vs. 1.1739480650078968
list:
dist: 2.1205207091403824 vs. 2.1205207091403824
list:
dist: 1.4833185948385688 vs. 1.4833185948385688
list:
dist: 2.1061308378507175 vs. 2.1061308378507175
list:
dist: 2.2963597069404593 vs. 2.2963597069404593
list:
dist: 1.3401782143559346 vs. 1.3401782143559346
list:
dist: 0.9852789644770829 vs. 0.9852789644770829
list:
dist: 0.709343980986887 vs. 0.709343980986887
list:
dist: 0.4954776419981294 vs. 0.4954776419981294
list:
dist: 1.446756786629867 vs. 1.446756786629867
list:
dist: 1.7582897563161948 vs. 1.7582897563161948
list:
dist: 2.0079606489611184 vs. 2.0079606489611184
list:
dist: 2.1660752984618337 vs. 2.1660752984618337
list:
dist: 3.2669022959731806 vs. 3.2669022959731806
list:
dist: 2.9248430900710205 vs. 2.9248430900710205
list:
dist: 3.9081308036616678 vs. 3.9081308036616678
list:
dist: 1.8566877357069949 vs. 1.8566877357069949
list:
dist: 0.7933014779003661 vs. 0.7933014779003661
list:
dist: 0.5972907045695036 vs. 0.5972907045695036
list:
dist: 1.8887347808895099 vs. 1.8887347808895099
list:
dist: 2.5370148595343367 vs. 2.5370148595343367
list:
dist: 3.3274043657192416 vs. 3.3274043657192416
list:
dist: 2.5636831165273217 vs. 2.5636831165273217
list:
dist: 2.0268430331780465 vs. 2.0268430331780465
list:
dist: 1.5807906708923862 vs. 1.5807906708923862
list:
dist: 3.3560523554614554 vs. 3.3560523554614554
list:
dist: 1.490157622554056 vs. 1.490157622554056
list:
dist: 1.5786210962507086 vs. 1.5786210962507086
list:
dist: 0.8927049348464592 vs. 0.8927049348464592
list:
dist: 1.4005259121885678 vs. 1.4005259121885678
list:
dist: 1.3024985107729272 vs. 1.3024985107729272
list:
dist: 0.8067375945855466 vs. 0.8067375945855466
list:
dist: 1.8482278080954808 vs. 1.8482278080954808
list:
dist: 1.3401782143559346 vs. 1.3401782143559346
list:
dist: 1.4783774519520285 vs. 1.4783774519520285
list:
dist: 1.1715139877403382 vs. 1.1715139877403382
list:
dist: 2.3391748773841274 vs. 2.3391748773841274
list:
dist: 2.685598492325355 vs. 2.685598492325355
list:
dist: 2.564990394134315 vs. 2.564990394134315
list:
dist: 2.301121894536632 vs. 2.301121894536632
list:
dist: 1.2809942747679004 vs. 1.2809942747679004
list:
dist: 2.576174188466405 vs. 2.576174188466405
list:
dist: 2.0695368953076683 vs. 2.0695368953076683
list:
dist: 2.6516418674885185 vs. 2.6516418674885185
list:
dist: 2.7967659699170375 vs. 2.7967659699170375
list:
dist: 1.8482278080954808 vs. 1.8482278080954808
list:
dist: 1.6427890388392812 vs. 1.6427890388392812
list:
dist: 0.709343980986887 vs. 0.709343980986887
list:
dist: 1.12667798562018 vs. 1.12667798562018
list:
dist: 1.9913901286702913 vs. 1.9913901286702913
list:
dist: 1.9754451873664076 vs. 1.9754451873664076
list:
dist: 2.2643416130763243 vs. 2.2643416130763243
list:
dist: 2.2666981834492126 vs. 2.2666981834492126
list:
dist: 1.9904700472372652 vs. 1.9904700472372652
list:
dist: 1.4612019350025716 vs. 1.4612019350025716
list:
dist: 2.1266982565525874 vs. 2.1266982565525874
list:
dist: 1.4426072275382065 vs. 1.4426072275382065
list:
dist: 2.0521949870281926 vs. 2.0521949870281926
list:
dist: 2.3293061954888112 vs. 2.3293061954888112
list:
dist: 1.4783774519520285 vs. 1.4783774519520285
list:
dist: 0.9003755689254779 vs. 0.9003755689254779
list:
dist: 1.12667798562018 vs. 1.12667798562018
list:
dist: 0.4954776419981294 vs. 0.4954776419981294
list:
dist: 1.3870095284873127 vs. 1.3870095284873127
list:
dist: 1.7073584523414274 vs. 1.7073584523414274
list:
dist: 1.834706937690819 vs. 1.834706937690819
list:
dist: 1.6949082775707733 vs. 1.6949082775707733
list:
dist: 1.241479910935482 vs. 1.241479910935482
list:
dist: 2.2940130143465214 vs. 2.2940130143465214
list:
dist: 2.548791898034118 vs. 2.548791898034118
list:
dist: 1.712047384926804 vs. 1.712047384926804
list:
dist: 2.2818133768748665 vs. 2.2818133768748665
list:
dist: 2.3145323577144397 vs. 2.3145323577144397
list:
dist: 1.1715139877403382 vs. 1.1715139877403382
list:
dist: 0.6698778706252787 vs. 0.6698778706252787
list:
dist: 1.9913901286702913 vs. 1.9913901286702913
list:
dist: 1.446756786629867 vs. 1.446756786629867
list:
dist: 1.3870095284873127 vs. 1.3870095284873127
list:
dist: 2.90803285606199 vs. 2.90803285606199
list:
dist: 3.0895415176356495 vs. 3.0895415176356495
list:
dist: 3.072572570795346 vs. 3.072572570795346
list:
dist: 4.104225123020556 vs. 4.104225123020556
list:
dist: 3.8536285898982294 vs. 3.8536285898982294
list:
dist: 2.6745641090099457 vs. 2.6745641090099457
list:
dist: 3.695690711986236 vs. 3.695690711986236
list:
dist: 3.310661516200747 vs. 3.310661516200747
list:
dist: 4.300717311058051 vs. 4.300717311058051
list:
dist: 1.7624200106082348 vs. 1.7624200106082348
list:
dist: 2.0063387466875553 vs. 2.0063387466875553
list:
dist: 2.0202267178522724 vs. 2.0202267178522724
list:
dist: 2.1840167068727636 vs. 2.1840167068727636
list:
dist: 2.6644084751988846 vs. 2.6644084751988846
list:
dist: 2.685598492325355 vs. 2.685598492325355
list:
dist: 2.4594452738197585 vs. 2.4594452738197585
list:
dist: 2.2643416130763243 vs. 2.2643416130763243
list:
dist: 2.0079606489611184 vs. 2.0079606489611184
list:
dist: 1.834706937690819 vs. 1.834706937690819
list:
dist: 3.0895415176356495 vs. 3.0895415176356495
list:
dist: 0.5531376165919712 vs. 0.5531376165919712
list:
dist: 2.3498691438149133 vs. 2.3498691438149133
list:
dist: 3.5547755129698215 vs. 3.5547755129698215
list:
dist: 3.0129225732316374 vs. 3.0129225732316374
list:
dist: 4.149730573775023 vs. 4.149730573775023
list:
dist: 2.245197390276718 vs. 2.245197390276718
list:
dist: 1.3271916725939787 vs. 1.3271916725939787
list:
dist: 1.3820931586095044 vs. 1.3820931586095044
list:
dist: 1.6172228702664637 vs. 1.6172228702664637
list:
dist: 2.6276283878678863 vs. 2.6276283878678863
list:
dist: 2.8304555184534217 vs. 2.8304555184534217
list:
dist: 1.8118644287331285 vs. 1.8118644287331285
list:
dist: 1.953435279499147 vs. 1.953435279499147
list:
dist: 1.4586048124336783 vs. 1.4586048124336783
list:
dist: 2.999605152807179 vs. 2.999605152807179
list:
dist: 1.3211442531576723 vs. 1.3211442531576723
list:
dist: 0.845887703929799 vs. 0.845887703929799
list:
dist: 0.6494894766849586 vs. 0.6494894766849586
list:
dist: 0.9032048177102229 vs. 0.9032048177102229
list:
dist: 0.8927049348464592 vs. 0.8927049348464592
list:
dist: 1.1161196900130959 vs. 1.1161196900130959
list:
dist: 2.0695368953076683 vs. 2.0695368953076683
list:
dist: 1.4833185948385688 vs. 1.4833185948385688
list:
dist: 1.4426072275382065 vs. 1.4426072275382065
list:
dist: 1.712047384926804 vs. 1.712047384926804
list:
dist: 1.716816296918928 vs. 1.716816296918928
list:
dist: 2.0202267178522724 vs. 2.0202267178522724
list:
dist: 1.6681014900507283 vs. 1.6681014900507283
list:
dist: 1.7023042334824217 vs. 1.7023042334824217
list:
dist: 1.8504919943665665 vs. 1.8504919943665665
list:
dist: 1.916875480037232 vs. 1.916875480037232
list:
dist: 1.6101881517813192 vs. 1.6101881517813192
list:
dist: 1.1369096378235672 vs. 1.1369096378235672
list:
dist: 2.309443641604129 vs. 2.309443641604129
list:
dist: 1.4084273451808282 vs. 1.4084273451808282
list:
dist: 0.5066230537282065 vs. 0.5066230537282065
list:
dist: 2.01574534221807 vs. 2.01574534221807
list:
dist: 2.2973263272735087 vs. 2.2973263272735087
list:
dist: 1.8504919943665665 vs. 1.8504919943665665
list:
dist: 0.995094321421076 vs. 0.995094321421076
list:
dist: 1.1816403439186525 vs. 1.1816403439186525
list:
dist: 1.3611573105434094 vs. 1.3611573105434094
list:
dist: 0.6136336594406911 vs. 0.6136336594406911
list:
dist: 1.4792053696343728 vs. 1.4792053696343728
list:
dist: 1.3931642996850495 vs. 1.3931642996850495
list:
dist: 1.8477518467286511 vs. 1.8477518467286511
list:
dist: 1.447439338094638 vs. 1.447439338094638
list:
dist: 0.9860337030811156 vs. 0.9860337030811156
list:
dist: 1.03156773048483 vs. 1.03156773048483
list:
dist: 1.464278109541792 vs. 1.464278109541792
list:
dist: 1.9383955485807076 vs. 1.9383955485807076
list:
dist: 1.737004293211168 vs. 1.737004293211168
list:
dist: 1.5672241221601189 vs. 1.5672241221601189
list:
dist: 2.405797773160583 vs. 2.405797773160583
list:
dist: 1.8488911007078652 vs. 1.8488911007078652
list:
dist: 3.082652962863402 vs. 3.082652962863402
list:
dist: 2.826390122985859 vs. 2.826390122985859
list:
dist: 2.7276952660360387 vs. 2.7276952660360387
list:
dist: 2.9023891052669284 vs. 2.9023891052669284
list:
dist: 2.574490408465639 vs. 2.574490408465639
list:
dist: 2.4636784758021624 vs. 2.4636784758021624
list:
dist: 2.5434007570636217 vs. 2.5434007570636217
list:
dist: 1.9041739526436312 vs. 1.9041739526436312
list:
dist: 0.5066230537282065 vs. 0.5066230537282065
list:
dist: 1.3672337011890783 vs. 1.3672337011890783
list:
dist: 1.3571553268175578 vs. 1.3571553268175578
list:
dist: 1.447439338094638 vs. 1.447439338094638
list:
dist: 1.4728498124401823 vs. 1.4728498124401823
list:
dist: 1.1262251705938642 vs. 1.1262251705938642
list:
dist: 1.0743681255443505 vs. 1.0743681255443505
list:
dist: 1.9516160554179152 vs. 1.9516160554179152
list:
dist: 1.4149097092824474 vs. 1.4149097092824474
list:
dist: 1.5150386297245044 vs. 1.5150386297245044
list:
dist: 1.8059995541598413 vs. 1.8059995541598413
list:
dist: 2.7677039419486857 vs. 2.7677039419486857
list:
dist: 3.2788002770330515 vs. 3.2788002770330515
list:
dist: 2.8366352878016694 vs. 2.8366352878016694
list:
dist: 2.394397765085862 vs. 2.394397765085862
list:
dist: 3.700036154472872 vs. 3.700036154472872
list:
dist: 2.686742765164942 vs. 2.686742765164942
list:
dist: 3.9114787592428613 vs. 3.9114787592428613
list:
dist: 3.946965046815854 vs. 3.946965046815854
list:
dist: 3.7882902544703256 vs. 3.7882902544703256
list:
dist: 3.9176531659282565 vs. 3.9176531659282565
list:
dist: 3.461978391014103 vs. 3.461978391014103
list:
dist: 3.669373511627474 vs. 3.669373511627474
list:
dist: 3.7018254878999803 vs. 3.7018254878999803
list:
dist: 2.5915918514210716 vs. 2.5915918514210716
list:
dist: 1.916875480037232 vs. 1.916875480037232
list:
dist: 1.0860801527076822 vs. 1.0860801527076822
list:
dist: 0.7305434083389334 vs. 0.7305434083389334
list:
dist: 1.3611573105434094 vs. 1.3611573105434094
list:
dist: 0.8638297866432871 vs. 0.8638297866432871
list:
dist: 1.550007438594803 vs. 1.550007438594803
list:
dist: 0.9371225223710833 vs. 0.9371225223710833
list:
dist: 1.7294051180727945 vs. 1.7294051180727945
list:
dist: 1.4728498124401823 vs. 1.4728498124401823
list:
dist: 1.0889705529768265 vs. 1.0889705529768265
list:
dist: 1.353699830025517 vs. 1.353699830025517
list:
dist: 1.835194631728177 vs. 1.835194631728177
list:
dist: 2.364769855244259 vs. 2.364769855244259
list:
dist: 2.0109795622242164 vs. 2.0109795622242164
list:
dist: 1.0667962509365791 vs. 1.0667962509365791
list:
dist: 2.7539024079246945 vs. 2.7539024079246945
list:
dist: 2.1634930958075285 vs. 2.1634930958075285
list:
dist: 2.662587878962296 vs. 2.662587878962296
list:
dist: 2.6795480392600757 vs. 2.6795480392600757
list:
dist: 2.7485346930338777 vs. 2.7485346930338777
list:
dist: 2.9683664086076855 vs. 2.9683664086076855
list:
dist: 2.372154881389245 vs. 2.372154881389245
list:
dist: 2.6483897612657734 vs. 2.6483897612657734
list:
dist: 2.506653533261107 vs. 2.506653533261107
list:
dist: 1.398124146100558 vs. 1.398124146100558
list:
dist: 1.1369096378235672 vs. 1.1369096378235672
list:
dist: 0.7808632088063815 vs. 0.7808632088063815
list:
dist: 0.9487423603261498 vs. 0.9487423603261498
list:
dist: 1.4792053696343728 vs. 1.4792053696343728
list:
dist: 1.550007438594803 vs. 1.550007438594803
list:
dist: 1.407855493921436 vs. 1.407855493921436
list:
dist: 1.4582484534331857 vs. 1.4582484534331857
list:
dist: 0.4263943608975731 vs. 0.4263943608975731
list:
dist: 1.0743681255443505 vs. 1.0743681255443505
list:
dist: 2.0025940558663966 vs. 2.0025940558663966
list:
dist: 2.2481894262377993 vs. 2.2481894262377993
list:
dist: 2.5363044794403664 vs. 2.5363044794403664
list:
dist: 2.9339409454654457 vs. 2.9339409454654457
list:
dist: 2.2197003657809624 vs. 2.2197003657809624
list:
dist: 2.2948724214634786 vs. 2.2948724214634786
list:
dist: 3.2229963529715544 vs. 3.2229963529715544
list:
dist: 1.8443551886802676 vs. 1.8443551886802676
list:
dist: 3.3079559798651905 vs. 3.3079559798651905
list:
dist: 3.5991495069173127 vs. 3.5991495069173127
list:
dist: 3.1340924732800586 vs. 3.1340924732800586
list:
dist: 4.19783768587613 vs. 4.19783768587613
list:
dist: 3.7221299186374455 vs. 3.7221299186374455
list:
dist: 3.730271108738888 vs. 3.730271108738888
list:
dist: 3.625909782483122 vs. 3.625909782483122
list:
dist: 2.8301077723664774 vs. 2.8301077723664774
list:
dist: 1.5251663651618275 vs. 1.5251663651618275
list:
dist: 1.661978590744895 vs. 1.661978590744895
list:
dist: 1.737004293211168 vs. 1.737004293211168
list:
dist: 2.0109795622242164 vs. 2.0109795622242164
list:
dist: 2.0056879264530285 vs. 2.0056879264530285
list:
dist: 2.2197003657809624 vs. 2.2197003657809624
list:
dist: 1.1894120432106157 vs. 1.1894120432106157
list:
dist: 2.29891895782416 vs. 2.29891895782416
list:
dist: 2.8366352878016694 vs. 2.8366352878016694
list:
dist: 2.3160817773179554 vs. 2.3160817773179554
list:
dist: 2.2992602942533176 vs. 2.2992602942533176
list:
dist: 1.0203630279579181 vs. 1.0203630279579181
list:
dist: 1.0018863214936993 vs. 1.0018863214936993
list:
dist: 1.4861618641258665 vs. 1.4861618641258665
list:
dist: 1.051966617975628 vs. 1.051966617975628
list:
dist: 0.756666875101226 vs. 0.756666875101226
list:
dist: 1.6056541651197722 vs. 1.6056541651197722
list:
dist: 1.6594553302686976 vs. 1.6594553302686976
list:
dist: 1.029494835153732 vs. 1.029494835153732
list:
dist: 3.1344268019089485 vs. 3.1344268019089485
list:
dist: 2.793612503053913 vs. 2.793612503053913
list:
dist: 2.3319960287678625 vs. 2.3319960287678625
list:
dist: 2.038188900991619 vs. 2.038188900991619
list:
dist: 2.295672816931129 vs. 2.295672816931129
list:
dist: 2.7423217797769674 vs. 2.7423217797769674
list:
dist: 3.6134597133060344 vs. 3.6134597133060344
list:
dist: 2.6596018775153545 vs. 2.6596018775153545
list:
dist: 2.5646940676728436 vs. 2.5646940676728436
list:
dist: 3.082652962863402 vs. 3.082652962863402
list:
dist: 2.662587878962296 vs. 2.662587878962296
list:
dist: 3.1020205950622093 vs. 3.1020205950622093
list:
dist: 3.3079559798651905 vs. 3.3079559798651905
list:
dist: 1.9616935344104873 vs. 1.9616935344104873
list:
dist: 3.2451964672494014 vs. 3.2451964672494014
list:
dist: 3.9114787592428613 vs. 3.9114787592428613
list:
dist: 3.2896546113212675 vs. 3.2896546113212675
list:
dist: 3.3028211688312283 vs. 3.3028211688312283
list:
dist: 2.041590872018026 vs. 2.041590872018026
list:
dist: 1.914610929310434 vs. 1.914610929310434
list:
dist: 1.6056541651197722 vs. 1.6056541651197722
list:
dist: 1.9572363028994286 vs. 1.9572363028994286
list:
dist: 1.6657285243120499 vs. 1.6657285243120499
list:
dist: 1.9978064335738521 vs. 1.9978064335738521
list:
dist: 1.265195084271332 vs. 1.265195084271332
list:
dist: 0.9307187851842301 vs. 0.9307187851842301
list:
dist: 3.486532844993415 vs. 3.486532844993415
list:
dist: 3.043931821501057 vs. 3.043931821501057
list:
dist: 2.7527423395521637 vs. 2.7527423395521637
list:
dist: 2.16001997903133 vs. 2.16001997903133
list:
dist: 2.6717914077366465 vs. 2.6717914077366465
list:
dist: 2.4835274386743547 vs. 2.4835274386743547
list:
dist: 2.921647177512083 vs. 2.921647177512083
list:
dist: 3.3858142455763693 vs. 3.3858142455763693
list:
dist: 3.777604645269313 vs. 3.777604645269313
list:
dist: 1.5472948088619691 vs. 1.5472948088619691
list:
dist: 2.119383961022104 vs. 2.119383961022104
list:
dist: 1.186145798359071 vs. 1.186145798359071
list:
dist: 3.2244495312015005 vs. 3.2244495312015005
list:
dist: 3.900278481799155 vs. 3.900278481799155
list:
dist: 3.1854424776515122 vs. 3.1854424776515122
list:
dist: 3.39248658879178 vs. 3.39248658879178
list:
dist: 4.13792421564897 vs. 4.13792421564897
list:
dist: 3.6095191390813057 vs. 3.6095191390813057
list:
dist: 3.546908985693778 vs. 3.546908985693778
list:
dist: 4.958497160708726 vs. 4.958497160708726
list:
dist: 1.8219266050817533 vs. 1.8219266050817533
list:
dist: 2.212386553327913 vs. 2.212386553327913
list:
dist: 2.335811253176441 vs. 2.335811253176441
list:
dist: 2.0220673861024427 vs. 2.0220673861024427
list:
dist: 2.663038946005607 vs. 2.663038946005607
list:
dist: 1.567769964166829 vs. 1.567769964166829
list:
dist: 1.3737509291977656 vs. 1.3737509291977656
list:
dist: 1.5672241221601189 vs. 1.5672241221601189
list:
dist: 1.0667962509365791 vs. 1.0667962509365791
list:
dist: 1.3912674568014383 vs. 1.3912674568014383
list:
dist: 2.2948724214634786 vs. 2.2948724214634786
list:
dist: 1.0240475392867796 vs. 1.0240475392867796
list:
dist: 2.4596675151049725 vs. 2.4596675151049725
list:
dist: 2.394397765085862 vs. 2.394397765085862
list:
dist: 1.3841210087270215 vs. 1.3841210087270215
list:
dist: 1.4042915722496876 vs. 1.4042915722496876
list:
dist: 1.0295379491734689 vs. 1.0295379491734689
list:
dist: 1.5068007925052032 vs. 1.5068007925052032
list:
dist: 1.4861618641258665 vs. 1.4861618641258665
list:
dist: 1.8898344906623783 vs. 1.8898344906623783
list:
dist: 1.9917868737326336 vs. 1.9917868737326336
list:
dist: 1.9572363028994286 vs. 1.9572363028994286
list:
dist: 1.6521126698517146 vs. 1.6521126698517146
list:
dist: 2.0045459450237217 vs. 2.0045459450237217
list:
dist: 2.21500550760962 vs. 2.21500550760962
list:
dist: 1.642470479465448 vs. 1.642470479465448
list:
dist: 1.7242968337541327 vs. 1.7242968337541327
list:
dist: 1.4677778104550714 vs. 1.4677778104550714
list:
dist: 0.8788100419532461 vs. 0.8788100419532461
list:
dist: 2.283220061342883 vs. 2.283220061342883
list:
dist: 3.4790351054197988 vs. 3.4790351054197988
list:
dist: 2.01574534221807 vs. 2.01574534221807
list:
dist: 1.5584532062151906 vs. 1.5584532062151906
list:
dist: 1.4614817139066527 vs. 1.4614817139066527
list:
dist: 0.9860337030811156 vs. 0.9860337030811156
list:
dist: 1.0889705529768265 vs. 1.0889705529768265
list:
dist: 0.6074401134707942 vs. 0.6074401134707942
list:
dist: 2.0025940558663966 vs. 2.0025940558663966
list:
dist: 1.6780584841549755 vs. 1.6780584841549755
list:
dist: 2.3471949113800656 vs. 2.3471949113800656
list:
dist: 1.5150386297245044 vs. 1.5150386297245044
list:
dist: 0.341266691173507 vs. 0.341266691173507
list:
dist: 1.733468200164996 vs. 1.733468200164996
list:
dist: 2.302955035798706 vs. 2.302955035798706
list:
dist: 2.3160817773179554 vs. 2.3160817773179554
list:
dist: 1.3841210087270215 vs. 1.3841210087270215
list:
dist: 2.8289176636326427 vs. 2.8289176636326427
list:
dist: 2.5930485452410363 vs. 2.5930485452410363
list:
dist: 3.2896546113212675 vs. 3.2896546113212675
list:
dist: 2.894439582840296 vs. 2.894439582840296
list:
dist: 3.155954214274418 vs. 3.155954214274418
list:
dist: 2.404616490576116 vs. 2.404616490576116
list:
dist: 1.9854105064771765 vs. 1.9854105064771765
list:
dist: 2.2429825636112444 vs. 2.2429825636112444
list:
dist: 2.378665739485146 vs. 2.378665739485146
list:
dist: 1.253824608607487 vs. 1.253824608607487
list:
dist: 1.6681014900507283 vs. 1.6681014900507283
list:
dist: 0.4151982468095263 vs. 0.4151982468095263
list:
dist: 0.995094321421076 vs. 0.995094321421076
list:
dist: 1.0860801527076822 vs. 1.0860801527076822
list:
dist: 0.9799669243833787 vs. 0.9799669243833787
list:
dist: 0.7808632088063815 vs. 0.7808632088063815
list:
dist: 0.7682884772278736 vs. 0.7682884772278736
list:
dist: 0.9972867802891753 vs. 0.9972867802891753
list:
dist: 1.3672337011890783 vs. 1.3672337011890783
list:
dist: 1.5584532062151906 vs. 1.5584532062151906
list:
dist: 1.7494306799873873 vs. 1.7494306799873873
list:
dist: 1.7713272106615878 vs. 1.7713272106615878
list:
dist: 2.181617393087438 vs. 2.181617393087438
list:
dist: 1.5251663651618275 vs. 1.5251663651618275
list:
dist: 1.567769964166829 vs. 1.567769964166829
list:
dist: 2.491913577330832 vs. 2.491913577330832
list:
dist: 1.3527700753184415 vs. 1.3527700753184415
list:
dist: 2.6596018775153545 vs. 2.6596018775153545
list:
dist: 2.831470249937128 vs. 2.831470249937128
list:
dist: 2.460154309555037 vs. 2.460154309555037
list:
dist: 3.5133809643727987 vs. 3.5133809643727987
list:
dist: 3.0422563715117086 vs. 3.0422563715117086
list:
dist: 2.988126417174 vs. 2.988126417174
list:
dist: 2.85495803146587 vs. 2.85495803146587
list:
dist: 2.1915904575198417 vs. 2.1915904575198417
list:
dist: 2.079635914000725 vs. 2.079635914000725
list:
dist: 1.948128915271667 vs. 1.948128915271667
list:
dist: 2.7423217797769674 vs. 2.7423217797769674
list:
dist: 2.283220061342883 vs. 2.283220061342883
list:
dist: 2.0347219424634 vs. 2.0347219424634
list:
dist: 3.4950996668347902 vs. 3.4950996668347902
list:
dist: 2.4835274386743547 vs. 2.4835274386743547
list:
dist: 1.2811003363543336 vs. 1.2811003363543336
list:
dist: 2.472844209324509 vs. 2.472844209324509
list:
dist: 1.6144516359019847 vs. 1.6144516359019847
list:
dist: 1.630184573113933 vs. 1.630184573113933
list:
dist: 1.1809495146565492 vs. 1.1809495146565492
list:
dist: 0.8803356824646551 vs. 0.8803356824646551
list:
dist: 2.216653191532033 vs. 2.216653191532033
list:
dist: 1.3843942138127323 vs. 1.3843942138127323
list:
dist: 1.4084273451808282 vs. 1.4084273451808282
list:
dist: 0.9972867802891753 vs. 0.9972867802891753
list:
dist: 1.100692052261674 vs. 1.100692052261674
list:
dist: 1.8477518467286511 vs. 1.8477518467286511
list:
dist: 1.7294051180727945 vs. 1.7294051180727945
list:
dist: 1.7579872083917993 vs. 1.7579872083917993
list:
dist: 0.4263943608975731 vs. 0.4263943608975731
list:
dist: 1.526919693374527 vs. 1.526919693374527
list:
dist: 1.4149097092824474 vs. 1.4149097092824474
list:
dist: 2.3471949113800656 vs. 2.3471949113800656
list:
dist: 2.6002273177784354 vs. 2.6002273177784354
list:
dist: 2.7473740595850256 vs. 2.7473740595850256
list:
dist: 3.1085081193607023 vs. 3.1085081193607023
list:
dist: 2.29891895782416 vs. 2.29891895782416
list:
dist: 2.4596675151049725 vs. 2.4596675151049725
list:
dist: 3.337990293763166 vs. 3.337990293763166
list:
dist: 1.8398836284619273 vs. 1.8398836284619273
list:
dist: 3.2451964672494014 vs. 3.2451964672494014
list:
dist: 3.685752569884139 vs. 3.685752569884139
list:
dist: 3.131580859905823 vs. 3.131580859905823
list:
dist: 4.478107403228827 vs. 4.478107403228827
list:
dist: 3.9711596350706286 vs. 3.9711596350706286
list:
dist: 3.9786106073423877 vs. 3.9786106073423877
list:
dist: 3.8136192191000062 vs. 3.8136192191000062
list:
dist: 3.057660027848143 vs. 3.057660027848143
list:
dist: 1.3527700753184415 vs. 1.3527700753184415
list:
dist: 1.5886699210891442 vs. 1.5886699210891442
list:
dist: 1.8488911007078652 vs. 1.8488911007078652
list:
dist: 2.1634930958075285 vs. 2.1634930958075285
list:
dist: 2.132448530278643 vs. 2.132448530278643
list:
dist: 1.8443551886802676 vs. 1.8443551886802676
list:
dist: 1.2804212274250624 vs. 1.2804212274250624
list:
dist: 1.8398836284619273 vs. 1.8398836284619273
list:
dist: 2.686742765164942 vs. 2.686742765164942
list:
dist: 2.5930485452410363 vs. 2.5930485452410363
list:
dist: 2.6471502851720015 vs. 2.6471502851720015
list:
dist: 1.6889060795668374 vs. 1.6889060795668374
list:
dist: 1.7204470673884058 vs. 1.7204470673884058
list:
dist: 0.756666875101226 vs. 0.756666875101226
list:
dist: 1.9917868737326336 vs. 1.9917868737326336
list:
dist: 1.7200245593693764 vs. 1.7200245593693764
list:
dist: 1.9978064335738521 vs. 1.9978064335738521
list:
dist: 2.3693953119117483 vs. 2.3693953119117483
list:
dist: 1.4883866246301953 vs. 1.4883866246301953
list:
dist: 3.819786928977547 vs. 3.819786928977547
list:
dist: 3.450047472762476 vs. 3.450047472762476
list:
dist: 3.0506092302333823 vs. 3.0506092302333823
list:
dist: 2.7821475805807188 vs. 2.7821475805807188
list:
dist: 2.8264062238892302 vs. 2.8264062238892302
list:
dist: 3.4950996668347902 vs. 3.4950996668347902
list:
dist: 4.32048566355682 vs. 4.32048566355682
list:
dist: 1.7023042334824217 vs. 1.7023042334824217
list:
dist: 0.4151982468095263 vs. 0.4151982468095263
list:
dist: 1.1816403439186525 vs. 1.1816403439186525
list:
dist: 0.7305434083389334 vs. 0.7305434083389334
list:
dist: 0.9452669560299835 vs. 0.9452669560299835
list:
dist: 0.9487423603261498 vs. 0.9487423603261498
list:
dist: 0.6104787251359798 vs. 0.6104787251359798
list:
dist: 1.100692052261674 vs. 1.100692052261674
list:
dist: 1.3571553268175578 vs. 1.3571553268175578
list:
dist: 1.4614817139066527 vs. 1.4614817139066527
list:
dist: 1.6942299199227826 vs. 1.6942299199227826
list:
dist: 1.822228385073453 vs. 1.822228385073453
list:
dist: 2.2739610986047896 vs. 2.2739610986047896
list:
dist: 1.661978590744895 vs. 1.661978590744895
list:
dist: 1.3737509291977656 vs. 1.3737509291977656
list:
dist: 2.5927263178618762 vs. 2.5927263178618762
list:
dist: 1.5886699210891442 vs. 1.5886699210891442
list:
dist: 2.5646940676728436 vs. 2.5646940676728436
list:
dist: 2.7644725934473753 vs. 2.7644725934473753
list:
dist: 2.5083641924110673 vs. 2.5083641924110673
list:
dist: 3.413631649138827 vs. 3.413631649138827
list:
dist: 2.880579183351036 vs. 2.880579183351036
list:
dist: 2.9413214181782603 vs. 2.9413214181782603
list:
dist: 2.771978237327535 vs. 2.771978237327535
list:
dist: 1.9679586672692657 vs. 1.9679586672692657
list:
dist: 2.2973263272735087 vs. 2.2973263272735087
list:
dist: 1.7494306799873873 vs. 1.7494306799873873
list:
dist: 1.6942299199227826 vs. 1.6942299199227826
list:
dist: 1.03156773048483 vs. 1.03156773048483
list:
dist: 1.353699830025517 vs. 1.353699830025517
list:
dist: 0.8450789253606734 vs. 0.8450789253606734
list:
dist: 2.2481894262377993 vs. 2.2481894262377993
list:
dist: 1.8288854902511142 vs. 1.8288854902511142
list:
dist: 2.6002273177784354 vs. 2.6002273177784354
list:
dist: 1.8059995541598413 vs. 1.8059995541598413
list:
dist: 0.341266691173507 vs. 0.341266691173507
list:
dist: 1.5953525704702864 vs. 1.5953525704702864
list:
dist: 2.1475097386697612 vs. 2.1475097386697612
list:
dist: 2.2992602942533176 vs. 2.2992602942533176
list:
dist: 1.4042915722496876 vs. 1.4042915722496876
list:
dist: 2.6964898962102897 vs. 2.6964898962102897
list:
dist: 2.6471502851720015 vs. 2.6471502851720015
list:
dist: 3.3028211688312283 vs. 3.3028211688312283
list:
dist: 2.7830486942791164 vs. 2.7830486942791164
list:
dist: 3.1146780863877415 vs. 3.1146780863877415
list:
dist: 2.1351594643917258 vs. 2.1351594643917258
list:
dist: 1.7865462983878646 vs. 1.7865462983878646
list:
dist: 1.9824539996451505 vs. 1.9824539996451505
list:
dist: 2.18795553447376 vs. 2.18795553447376
list:
dist: 1.2006123083742664 vs. 1.2006123083742664
list:
dist: 2.988126417174 vs. 2.988126417174
list:
dist: 2.9413214181782603 vs. 2.9413214181782603
list:
dist: 2.4636784758021624 vs. 2.4636784758021624
list:
dist: 2.6483897612657734 vs. 2.6483897612657734
list:
dist: 2.5502987978986837 vs. 2.5502987978986837
list:
dist: 3.730271108738888 vs. 3.730271108738888
list:
dist: 2.614630477677942 vs. 2.614630477677942
list:
dist: 3.9786106073423877 vs. 3.9786106073423877
list:
dist: 3.669373511627474 vs. 3.669373511627474
list:
dist: 2.2429825636112444 vs. 2.2429825636112444
list:
dist: 1.9824539996451505 vs. 1.9824539996451505
list:
dist: 1.377630807160189 vs. 1.377630807160189
list:
dist: 1.4737324597910793 vs. 1.4737324597910793
list:
dist: 2.3319960287678625 vs. 2.3319960287678625
list:
dist: 1.7242968337541327 vs. 1.7242968337541327
list:
dist: 1.8692335395395432 vs. 1.8692335395395432
list:
dist: 3.0506092302333823 vs. 3.0506092302333823
list:
dist: 2.7527423395521637 vs. 2.7527423395521637
list:
dist: 1.6045731303213007 vs. 1.6045731303213007
list:
dist: 2.5322160382111156 vs. 2.5322160382111156
list:
dist: 0.8964680784294148 vs. 0.8964680784294148
list:
dist: 0.9747718887091708 vs. 0.9747718887091708
list:
dist: 0.6421044620909514 vs. 0.6421044620909514
list:
dist: 1.5240402405729292 vs. 1.5240402405729292
list:
dist: 1.1809495146565492 vs. 1.1809495146565492
list:
dist: 2.5191582745329266 vs. 2.5191582745329266
list:
dist: 2.78308505615098 vs. 2.78308505615098
list:
dist: 2.7456311750356552 vs. 2.7456311750356552
list:
dist: 1.84794788167454 vs. 1.84794788167454
list:
dist: 1.2739391188138591 vs. 1.2739391188138591
list:
dist: 3.3152074795965034 vs. 3.3152074795965034
list:
dist: 3.3025050641382263 vs. 3.3025050641382263
list:
dist: 2.6266679879752433 vs. 2.6266679879752433
list:
dist: 3.273077141577865 vs. 3.273077141577865
list:
dist: 3.402677784501694 vs. 3.402677784501694
list:
dist: 3.038224202147296 vs. 3.038224202147296
list:
dist: 3.7518309353133636 vs. 3.7518309353133636
list:
dist: 2.5077136960687967 vs. 2.5077136960687967
list:
dist: 2.7921657956672443 vs. 2.7921657956672443
list:
dist: 2.0203155854404895 vs. 2.0203155854404895
list:
dist: 1.6101881517813192 vs. 1.6101881517813192
list:
dist: 0.9799669243833787 vs. 0.9799669243833787
list:
dist: 0.9452669560299835 vs. 0.9452669560299835
list:
dist: 0.6136336594406911 vs. 0.6136336594406911
list:
dist: 0.8638297866432871 vs. 0.8638297866432871
list:
dist: 1.407855493921436 vs. 1.407855493921436
list:
dist: 1.2819182440260493 vs. 1.2819182440260493
list:
dist: 1.7579872083917993 vs. 1.7579872083917993
list:
dist: 1.1262251705938642 vs. 1.1262251705938642
list:
dist: 0.6074401134707942 vs. 0.6074401134707942
list:
dist: 0.8450789253606734 vs. 0.8450789253606734
list:
dist: 1.6929876125629983 vs. 1.6929876125629983
list:
dist: 2.2384649885669727 vs. 2.2384649885669727
list:
dist: 2.0056879264530285 vs. 2.0056879264530285
list:
dist: 1.3912674568014383 vs. 1.3912674568014383
list:
dist: 2.7104976281275546 vs. 2.7104976281275546
list:
dist: 2.132448530278643 vs. 2.132448530278643
list:
dist: 3.1020205950622093 vs. 3.1020205950622093
list:
dist: 2.9093217517141348 vs. 2.9093217517141348
list:
dist: 2.929002848537153 vs. 2.929002848537153
list:
dist: 2.8709747019826697 vs. 2.8709747019826697
list:
dist: 2.430962544520948 vs. 2.430962544520948
list:
dist: 2.5502987978986837 vs. 2.5502987978986837
list:
dist: 2.5888740638707857 vs. 2.5888740638707857
list:
dist: 1.61204883972517 vs. 1.61204883972517
list:
dist: 2.460154309555037 vs. 2.460154309555037
list:
dist: 2.5083641924110673 vs. 2.5083641924110673
list:
dist: 2.7276952660360387 vs. 2.7276952660360387
list:
dist: 2.7485346930338777 vs. 2.7485346930338777
list:
dist: 2.929002848537153 vs. 2.929002848537153
list:
dist: 3.1340924732800586 vs. 3.1340924732800586
list:
dist: 1.930959746250908 vs. 1.930959746250908
list:
dist: 3.131580859905823 vs. 3.131580859905823
list:
dist: 3.7882902544703256 vs. 3.7882902544703256
list:
dist: 3.155954214274418 vs. 3.155954214274418
list:
dist: 3.1146780863877415 vs. 3.1146780863877415
list:
dist: 1.6226592986588657 vs. 1.6226592986588657
list:
dist: 1.3118068845316453 vs. 1.3118068845316453
list:
dist: 1.029494835153732 vs. 1.029494835153732
list:
dist: 2.0045459450237217 vs. 2.0045459450237217
list:
dist: 0.9150005807941702 vs. 0.9150005807941702
list:
dist: 1.4883866246301953 vs. 1.4883866246301953
list:
dist: 0.9307187851842301 vs. 0.9307187851842301
list:
dist: 1.229987445999268 vs. 1.229987445999268
list:
dist: 3.384630851113264 vs. 3.384630851113264
list:
dist: 3.0736524969168295 vs. 3.0736524969168295
list:
dist: 2.5322160382111156 vs. 2.5322160382111156
list:
dist: 2.057448712732164 vs. 2.057448712732164
list:
dist: 2.7672389713797982 vs. 2.7672389713797982
list:
dist: 2.472844209324509 vs. 2.472844209324509
list:
dist: 2.977822708129967 vs. 2.977822708129967
list:
dist: 3.5133809643727987 vs. 3.5133809643727987
list:
dist: 3.413631649138827 vs. 3.413631649138827
list:
dist: 2.9023891052669284 vs. 2.9023891052669284
list:
dist: 2.9683664086076855 vs. 2.9683664086076855
list:
dist: 2.8709747019826697 vs. 2.8709747019826697
list:
dist: 4.19783768587613 vs. 4.19783768587613
list:
dist: 3.1869799474240144 vs. 3.1869799474240144
list:
dist: 4.478107403228827 vs. 4.478107403228827
list:
dist: 3.9176531659282565 vs. 3.9176531659282565
list:
dist: 2.404616490576116 vs. 2.404616490576116
list:
dist: 2.1351594643917258 vs. 2.1351594643917258
list:
dist: 2.141987936294332 vs. 2.141987936294332
list:
dist: 2.3439402684513957 vs. 2.3439402684513957
list:
dist: 3.1344268019089485 vs. 3.1344268019089485
list:
dist: 2.21500550760962 vs. 2.21500550760962
list:
dist: 2.7631336333416217 vs. 2.7631336333416217
list:
dist: 3.819786928977547 vs. 3.819786928977547
list:
dist: 3.486532844993415 vs. 3.486532844993415
list:
dist: 2.3740385615380326 vs. 2.3740385615380326
list:
dist: 3.384630851113264 vs. 3.384630851113264
list:
dist: 0.7160768659226503 vs. 0.7160768659226503
list:
dist: 0.8964680784294148 vs. 0.8964680784294148
list:
dist: 1.3716490128802092 vs. 1.3716490128802092
list:
dist: 1.6403009590223196 vs. 1.6403009590223196
list:
dist: 1.6144516359019847 vs. 1.6144516359019847
list:
dist: 2.9056849429623255 vs. 2.9056849429623255
list:
dist: 1.7713272106615878 vs. 1.7713272106615878
list:
dist: 1.822228385073453 vs. 1.822228385073453
list:
dist: 1.464278109541792 vs. 1.464278109541792
list:
dist: 1.835194631728177 vs. 1.835194631728177
list:
dist: 1.6929876125629983 vs. 1.6929876125629983
list:
dist: 2.5363044794403664 vs. 2.5363044794403664
list:
dist: 1.4499531719965162 vs. 1.4499531719965162
list:
dist: 2.7473740595850256 vs. 2.7473740595850256
list:
dist: 2.7677039419486857 vs. 2.7677039419486857
list:
dist: 1.733468200164996 vs. 1.733468200164996
list:
dist: 1.5953525704702864 vs. 1.5953525704702864
list:
dist: 0.5769402322498445 vs. 0.5769402322498445
list:
dist: 1.0203630279579181 vs. 1.0203630279579181
list:
dist: 1.0295379491734689 vs. 1.0295379491734689
list:
dist: 1.1035853325893923 vs. 1.1035853325893923
list:
dist: 1.6889060795668374 vs. 1.6889060795668374
list:
dist: 2.041590872018026 vs. 2.041590872018026
list:
dist: 1.4249968073249384 vs. 1.4249968073249384
list:
dist: 1.6226592986588657 vs. 1.6226592986588657
list:
dist: 2.141987936294332 vs. 2.141987936294332
list:
dist: 1.8645287984522019 vs. 1.8645287984522019
list:
dist: 1.377630807160189 vs. 1.377630807160189
list:
dist: 1.2526360296247372 vs. 1.2526360296247372
list:
dist: 1.5468307998544062 vs. 1.5468307998544062
list:
dist: 2.079635914000725 vs. 2.079635914000725
list:
dist: 3.2192039710551397 vs. 3.2192039710551397
list:
dist: 2.309443641604129 vs. 2.309443641604129
list:
dist: 0.7682884772278736 vs. 0.7682884772278736
list:
dist: 0.6104787251359798 vs. 0.6104787251359798
list:
dist: 1.3931642996850495 vs. 1.3931642996850495
list:
dist: 0.9371225223710833 vs. 0.9371225223710833
list:
dist: 1.2819182440260493 vs. 1.2819182440260493
list:
dist: 1.4582484534331857 vs. 1.4582484534331857
list:
dist: 1.526919693374527 vs. 1.526919693374527
list:
dist: 1.9516160554179152 vs. 1.9516160554179152
list:
dist: 1.6780584841549755 vs. 1.6780584841549755
list:
dist: 1.8288854902511142 vs. 1.8288854902511142
list:
dist: 1.4499531719965162 vs. 1.4499531719965162
list:
dist: 1.835078288473013 vs. 1.835078288473013
list:
dist: 1.1894120432106157 vs. 1.1894120432106157
list:
dist: 1.0240475392867796 vs. 1.0240475392867796
list:
dist: 2.0890415782201726 vs. 2.0890415782201726
list:
dist: 1.2804212274250624 vs. 1.2804212274250624
list:
dist: 1.9616935344104873 vs. 1.9616935344104873
list:
dist: 2.2007467349107945 vs. 2.2007467349107945
list:
dist: 1.930959746250908 vs. 1.930959746250908
list:
dist: 3.1869799474240144 vs. 3.1869799474240144
list:
dist: 2.6513358312286393 vs. 2.6513358312286393
list:
dist: 2.614630477677942 vs. 2.614630477677942
list:
dist: 2.344326143334027 vs. 2.344326143334027
list:
dist: 1.8109899344179292 vs. 1.8109899344179292
list:
dist: 2.181617393087438 vs. 2.181617393087438
list:
dist: 2.2739610986047896 vs. 2.2739610986047896
list:
dist: 1.9383955485807076 vs. 1.9383955485807076
list:
dist: 2.364769855244259 vs. 2.364769855244259
list:
dist: 2.2384649885669727 vs. 2.2384649885669727
list:
dist: 2.9339409454654457 vs. 2.9339409454654457
list:
dist: 1.835078288473013 vs. 1.835078288473013
list:
dist: 3.1085081193607023 vs. 3.1085081193607023
list:
dist: 3.2788002770330515 vs. 3.2788002770330515
list:
dist: 2.302955035798706 vs. 2.302955035798706
list:
dist: 2.1475097386697612 vs. 2.1475097386697612
list:
dist: 0.5769402322498445 vs. 0.5769402322498445
list:
dist: 1.0018863214936993 vs. 1.0018863214936993
list:
dist: 1.5068007925052032 vs. 1.5068007925052032
list:
dist: 0.5695249275769333 vs. 0.5695249275769333
list:
dist: 1.7204470673884058 vs. 1.7204470673884058
list:
dist: 1.914610929310434 vs. 1.914610929310434
list:
dist: 1.2101696250163128 vs. 1.2101696250163128
list:
dist: 1.3118068845316453 vs. 1.3118068845316453
list:
dist: 2.3439402684513957 vs. 2.3439402684513957
list:
dist: 2.1761884352267837 vs. 2.1761884352267837
list:
dist: 1.4737324597910793 vs. 1.4737324597910793
list:
dist: 1.281509328274887 vs. 1.281509328274887
list:
dist: 2.033570157644815 vs. 2.033570157644815
list:
dist: 1.948128915271667 vs. 1.948128915271667
list:
dist: 2.913073446291951 vs. 2.913073446291951
list:
dist: 2.491913577330832 vs. 2.491913577330832
list:
dist: 2.5927263178618762 vs. 2.5927263178618762
list:
dist: 2.405797773160583 vs. 2.405797773160583
list:
dist: 2.7539024079246945 vs. 2.7539024079246945
list:
dist: 2.7104976281275546 vs. 2.7104976281275546
list:
dist: 3.2229963529715544 vs. 3.2229963529715544
list:
dist: 2.0890415782201726 vs. 2.0890415782201726
list:
dist: 3.337990293763166 vs. 3.337990293763166
list:
dist: 3.700036154472872 vs. 3.700036154472872
list:
dist: 2.8289176636326427 vs. 2.8289176636326427
list:
dist: 2.6964898962102897 vs. 2.6964898962102897
list:
dist: 1.1035853325893923 vs. 1.1035853325893923
list:
dist: 0.5695249275769333 vs. 0.5695249275769333
list:
dist: 1.051966617975628 vs. 1.051966617975628
list:
dist: 1.8898344906623783 vs. 1.8898344906623783
list:
dist: 1.7200245593693764 vs. 1.7200245593693764
list:
dist: 1.6657285243120499 vs. 1.6657285243120499
list:
dist: 1.109449907205981 vs. 1.109449907205981
list:
dist: 0.9150005807941702 vs. 0.9150005807941702
list:
dist: 2.7631336333416217 vs. 2.7631336333416217
list:
dist: 2.606254572495412 vs. 2.606254572495412
list:
dist: 1.8692335395395432 vs. 1.8692335395395432
list:
dist: 1.5600161296555022 vs. 1.5600161296555022
list:
dist: 2.491070648931867 vs. 2.491070648931867
list:
dist: 2.0347219424634 vs. 2.0347219424634
list:
dist: 2.739957537181683 vs. 2.739957537181683
list:
dist: 3.0422563715117086 vs. 3.0422563715117086
list:
dist: 2.880579183351036 vs. 2.880579183351036
list:
dist: 2.574490408465639 vs. 2.574490408465639
list:
dist: 2.372154881389245 vs. 2.372154881389245
list:
dist: 2.430962544520948 vs. 2.430962544520948
list:
dist: 3.7221299186374455 vs. 3.7221299186374455
list:
dist: 2.6513358312286393 vs. 2.6513358312286393
list:
dist: 3.9711596350706286 vs. 3.9711596350706286
list:
dist: 3.461978391014103 vs. 3.461978391014103
list:
dist: 1.9854105064771765 vs. 1.9854105064771765
list:
dist: 1.7865462983878646 vs. 1.7865462983878646
list:
dist: 1.8645287984522019 vs. 1.8645287984522019
list:
dist: 2.1761884352267837 vs. 2.1761884352267837
list:
dist: 2.793612503053913 vs. 2.793612503053913
list:
dist: 1.642470479465448 vs. 1.642470479465448
list:
dist: 2.606254572495412 vs. 2.606254572495412
list:
dist: 3.450047472762476 vs. 3.450047472762476
list:
dist: 3.043931821501057 vs. 3.043931821501057
list:
dist: 2.0932073896722376 vs. 2.0932073896722376
list:
dist: 3.0736524969168295 vs. 3.0736524969168295
list:
dist: 0.7160768659226503 vs. 0.7160768659226503
list:
dist: 0.9747718887091708 vs. 0.9747718887091708
list:
dist: 1.1702612471556244 vs. 1.1702612471556244
list:
dist: 0.9873413094853466 vs. 0.9873413094853466
list:
dist: 1.630184573113933 vs. 1.630184573113933
list:
dist: 2.9845640621112666 vs. 2.9845640621112666
list:
dist: 3.2192039710551397 vs. 3.2192039710551397
list:
dist: 2.913073446291951 vs. 2.913073446291951
list:
dist: 3.6134597133060344 vs. 3.6134597133060344
list:
dist: 3.4790351054197988 vs. 3.4790351054197988
list:
dist: 2.739957537181683 vs. 2.739957537181683
list:
dist: 4.32048566355682 vs. 4.32048566355682
list:
dist: 2.921647177512083 vs. 2.921647177512083
list:
dist: 2.023310579276913 vs. 2.023310579276913
list:
dist: 2.977822708129967 vs. 2.977822708129967
list:
dist: 2.9056849429623255 vs. 2.9056849429623255
list:
dist: 2.9845640621112666 vs. 2.9845640621112666
list:
dist: 2.5191582745329266 vs. 2.5191582745329266
list:
dist: 2.18836223761921 vs. 2.18836223761921
list:
dist: 3.5394905936872876 vs. 3.5394905936872876
list:
dist: 1.3843942138127323 vs. 1.3843942138127323
list:
dist: 2.85495803146587 vs. 2.85495803146587
list:
dist: 2.771978237327535 vs. 2.771978237327535
list:
dist: 2.5434007570636217 vs. 2.5434007570636217
list:
dist: 2.506653533261107 vs. 2.506653533261107
list:
dist: 2.5888740638707857 vs. 2.5888740638707857
list:
dist: 3.625909782483122 vs. 3.625909782483122
list:
dist: 2.344326143334027 vs. 2.344326143334027
list:
dist: 3.8136192191000062 vs. 3.8136192191000062
list:
dist: 3.7018254878999803 vs. 3.7018254878999803
list:
dist: 2.378665739485146 vs. 2.378665739485146
list:
dist: 2.18795553447376 vs. 2.18795553447376
list:
dist: 1.2526360296247372 vs. 1.2526360296247372
list:
dist: 1.281509328274887 vs. 1.281509328274887
list:
dist: 2.038188900991619 vs. 2.038188900991619
list:
dist: 1.4677778104550714 vs. 1.4677778104550714
list:
dist: 1.5600161296555022 vs. 1.5600161296555022
list:
dist: 2.7821475805807188 vs. 2.7821475805807188
list:
dist: 2.16001997903133 vs. 2.16001997903133
list:
dist: 1.0064757229255947 vs. 1.0064757229255947
list:
dist: 2.057448712732164 vs. 2.057448712732164
list:
dist: 1.3716490128802092 vs. 1.3716490128802092
list:
dist: 1.1702612471556244 vs. 1.1702612471556244
list:
dist: 0.6421044620909514 vs. 0.6421044620909514
list:
dist: 1.4866418614055137 vs. 1.4866418614055137
list:
dist: 0.8803356824646551 vs. 0.8803356824646551
list:
dist: 2.18836223761921 vs. 2.18836223761921
list:
dist: 2.831470249937128 vs. 2.831470249937128
list:
dist: 2.7644725934473753 vs. 2.7644725934473753
list:
dist: 2.826390122985859 vs. 2.826390122985859
list:
dist: 2.6795480392600757 vs. 2.6795480392600757
list:
dist: 2.9093217517141348 vs. 2.9093217517141348
list:
dist: 3.5991495069173127 vs. 3.5991495069173127
list:
dist: 2.2007467349107945 vs. 2.2007467349107945
list:
dist: 3.685752569884139 vs. 3.685752569884139
list:
dist: 3.946965046815854 vs. 3.946965046815854
list:
dist: 2.894439582840296 vs. 2.894439582840296
list:
dist: 2.7830486942791164 vs. 2.7830486942791164
list:
dist: 1.4249968073249384 vs. 1.4249968073249384
list:
dist: 1.2101696250163128 vs. 1.2101696250163128
list:
dist: 1.6594553302686976 vs. 1.6594553302686976
list:
dist: 1.6521126698517146 vs. 1.6521126698517146
list:
dist: 1.109449907205981 vs. 1.109449907205981
list:
dist: 2.3693953119117483 vs. 2.3693953119117483
list:
dist: 1.265195084271332 vs. 1.265195084271332
list:
dist: 1.229987445999268 vs. 1.229987445999268
list:
dist: 2.3740385615380326 vs. 2.3740385615380326
list:
dist: 2.0932073896722376 vs. 2.0932073896722376
list:
dist: 1.6045731303213007 vs. 1.6045731303213007
list:
dist: 1.0064757229255947 vs. 1.0064757229255947
list:
dist: 2.0916714061288406 vs. 2.0916714061288406
list:
dist: 1.2811003363543336 vs. 1.2811003363543336
list:
dist: 2.023310579276913 vs. 2.023310579276913
list:
dist: 2.1915904575198417 vs. 2.1915904575198417
list:
dist: 1.9679586672692657 vs. 1.9679586672692657
list:
dist: 1.9041739526436312 vs. 1.9041739526436312
list:
dist: 1.398124146100558 vs. 1.398124146100558
list:
dist: 1.61204883972517 vs. 1.61204883972517
list:
dist: 2.8301077723664774 vs. 2.8301077723664774
list:
dist: 1.8109899344179292 vs. 1.8109899344179292
list:
dist: 3.057660027848143 vs. 3.057660027848143
list:
dist: 2.5915918514210716 vs. 2.5915918514210716
list:
dist: 1.253824608607487 vs. 1.253824608607487
list:
dist: 1.2006123083742664 vs. 1.2006123083742664
list:
dist: 1.5468307998544062 vs. 1.5468307998544062
list:
dist: 2.033570157644815 vs. 2.033570157644815
list:
dist: 2.295672816931129 vs. 2.295672816931129
list:
dist: 0.8788100419532461 vs. 0.8788100419532461
list:
dist: 2.491070648931867 vs. 2.491070648931867
list:
dist: 2.8264062238892302 vs. 2.8264062238892302
list:
dist: 2.6717914077366465 vs. 2.6717914077366465
list:
dist: 2.0916714061288406 vs. 2.0916714061288406
list:
dist: 2.7672389713797982 vs. 2.7672389713797982
list:
dist: 1.6403009590223196 vs. 1.6403009590223196
list:
dist: 0.9873413094853466 vs. 0.9873413094853466
list:
dist: 1.5240402405729292 vs. 1.5240402405729292
list:
dist: 1.4866418614055137 vs. 1.4866418614055137
list:
dist: 2.216653191532033 vs. 2.216653191532033
list:
dist: 3.5394905936872876 vs. 3.5394905936872876
list:
dist: 1.7881665892459209 vs. 1.7881665892459209
list:
dist: 2.116507912481906 vs. 2.116507912481906
list:
dist: 0.9566617829311692 vs. 0.9566617829311692
list:
dist: 2.6266679879752433 vs. 2.6266679879752433
list:
dist: 1.6871020948782178 vs. 1.6871020948782178
list:
dist: 1.7104674838724025 vs. 1.7104674838724025
list:
dist: 2.526659160717179 vs. 2.526659160717179
list:
dist: 3.1854424776515122 vs. 3.1854424776515122
list:
dist: 0.9747579570813812 vs. 0.9747579570813812
list:
dist: 0.7927652399354392 vs. 0.7927652399354392
list:
dist: 1.5795995154844853 vs. 1.5795995154844853
list:
dist: 1.221846491591456 vs. 1.221846491591456
list:
dist: 1.5987419602163748 vs. 1.5987419602163748
list:
dist: 1.2825081839619692 vs. 1.2825081839619692
list:
dist: 1.5974206792174868 vs. 1.5974206792174868
list:
dist: 2.0611346300827558 vs. 2.0611346300827558
list:
dist: 1.1436159078295578 vs. 1.1436159078295578
list:
dist: 3.438652028803092 vs. 3.438652028803092
list:
dist: 2.5348868079302025 vs. 2.5348868079302025
list:
dist: 3.0703107854315883 vs. 3.0703107854315883
list:
dist: 2.823076776854234 vs. 2.823076776854234
list:
dist: 3.039003021104875 vs. 3.039003021104875
list:
dist: 2.4054624405172222 vs. 2.4054624405172222
list:
dist: 1.9811373965612344 vs. 1.9811373965612344
list:
dist: 3.3775451973862887 vs. 3.3775451973862887
list:
dist: 3.697516583769197 vs. 3.697516583769197
list:
dist: 3.4362521726516224 vs. 3.4362521726516224
list:
dist: 2.7049779239641487 vs. 2.7049779239641487
list:
dist: 3.425345272342362 vs. 3.425345272342362
list:
dist: 2.316881080197804 vs. 2.316881080197804
list:
dist: 2.826680460922739 vs. 2.826680460922739
list:
dist: 1.8402488841339417 vs. 1.8402488841339417
list:
dist: 3.3152074795965034 vs. 3.3152074795965034
list:
dist: 1.905271966986878 vs. 1.905271966986878
list:
dist: 2.371070313580339 vs. 2.371070313580339
list:
dist: 2.5492112159612756 vs. 2.5492112159612756
list:
dist: 3.2244495312015005 vs. 3.2244495312015005
list:
dist: 1.2341047378774792 vs. 1.2341047378774792
list:
dist: 0.9747579570813812 vs. 0.9747579570813812
list:
dist: 1.1129825397771609 vs. 1.1129825397771609
list:
dist: 1.2990539438917295 vs. 1.2990539438917295
list:
dist: 1.4882216693829713 vs. 1.4882216693829713
list:
dist: 0.4986411112753204 vs. 0.4986411112753204
list:
dist: 1.434129335354795 vs. 1.434129335354795
list:
dist: 1.7239035685059394 vs. 1.7239035685059394
list:
dist: 1.3906981930929072 vs. 1.3906981930929072
list:
dist: 3.007111935557752 vs. 3.007111935557752
list:
dist: 1.7636824975023413 vs. 1.7636824975023413
list:
dist: 2.755500865515626 vs. 2.755500865515626
list:
dist: 2.191047099048418 vs. 2.191047099048418
list:
dist: 2.3609248441510187 vs. 2.3609248441510187
list:
dist: 1.6132896346687957 vs. 1.6132896346687957
list:
dist: 1.2240465331520671 vs. 1.2240465331520671
list:
dist: 2.475545065727929 vs. 2.475545065727929
list:
dist: 2.931143911959265 vs. 2.931143911959265
list:
dist: 3.025368721371704 vs. 3.025368721371704
list:
dist: 2.1165371197234877 vs. 2.1165371197234877
list:
dist: 2.7796216309932404 vs. 2.7796216309932404
list:
dist: 2.2333995497140253 vs. 2.2333995497140253
list:
dist: 1.1383351116180342 vs. 1.1383351116180342
list:
dist: 2.316881080197804 vs. 2.316881080197804
list:
dist: 1.1067781121028624 vs. 1.1067781121028624
list:
dist: 1.7881665892459209 vs. 1.7881665892459209
list:
dist: 3.0501878688551973 vs. 3.0501878688551973
list:
dist: 1.9953485635220236 vs. 1.9953485635220236
list:
dist: 2.9890742843205644 vs. 2.9890742843205644
list:
dist: 2.2259085268133973 vs. 2.2259085268133973
list:
dist: 2.2333995497140253 vs. 2.2333995497140253
list:
dist: 1.6673722471159425 vs. 1.6673722471159425
list:
dist: 2.78308505615098 vs. 2.78308505615098
list:
dist: 2.4872269476933937 vs. 2.4872269476933937
list:
dist: 1.768349343598766 vs. 1.768349343598766
list:
dist: 2.5212286379486413 vs. 2.5212286379486413
list:
dist: 3.3858142455763693 vs. 3.3858142455763693
list:
dist: 2.826680460922739 vs. 2.826680460922739
list:
dist: 2.2331023938821803 vs. 2.2331023938821803
list:
dist: 2.116507912481906 vs. 2.116507912481906
list:
dist: 3.639395821564064 vs. 3.639395821564064
list:
dist: 3.2191348790035574 vs. 3.2191348790035574
list:
dist: 3.6563307581826328 vs. 3.6563307581826328
list:
dist: 2.9207813533947884 vs. 2.9207813533947884
list:
dist: 2.800374546859557 vs. 2.800374546859557
list:
dist: 3.619384838028291 vs. 3.619384838028291
list:
dist: 2.6445176841270954 vs. 2.6445176841270954
list:
dist: 4.638086078169669 vs. 4.638086078169669
list:
dist: 3.98539894877105 vs. 3.98539894877105
list:
dist: 4.638086078169669 vs. 4.638086078169669
list:
dist: 4.330547849093136 vs. 4.330547849093136
list:
dist: 2.248163028830838 vs. 2.248163028830838
list:
dist: 3.2566869301416292 vs. 3.2566869301416292
list:
dist: 2.5183543339106196 vs. 2.5183543339106196
list:
dist: 2.0220673861024427 vs. 2.0220673861024427
list:
dist: 3.007111935557752 vs. 3.007111935557752
list:
dist: 4.106441302646594 vs. 4.106441302646594
list:
dist: 3.438652028803092 vs. 3.438652028803092
list:
dist: 2.6749570848424606 vs. 2.6749570848424606
list:
dist: 3.86095183618436 vs. 3.86095183618436
list:
dist: 3.020594623032648 vs. 3.020594623032648
list:
dist: 3.325393906686411 vs. 3.325393906686411
list:
dist: 4.151516322981937 vs. 4.151516322981937
list:
dist: 1.931994515253642 vs. 1.931994515253642
list:
dist: 1.4639762630124262 vs. 1.4639762630124262
list:
dist: 2.478861653459826 vs. 2.478861653459826
list:
dist: 1.6452395934340507 vs. 1.6452395934340507
list:
dist: 3.3356546295489555 vs. 3.3356546295489555
list:
dist: 3.192202080391515 vs. 3.192202080391515
list:
dist: 3.517127731269209 vs. 3.517127731269209
list:
dist: 3.02352709428275 vs. 3.02352709428275
list:
dist: 4.238537463539995 vs. 4.238537463539995
list:
dist: 5.1233776120123675 vs. 5.1233776120123675
list:
dist: 5.129127307927846 vs. 5.129127307927846
list:
dist: 4.493135617153491 vs. 4.493135617153491
list:
dist: 2.244098952078414 vs. 2.244098952078414
list:
dist: 2.106667073769919 vs. 2.106667073769919
list:
dist: 1.2081775428537775 vs. 1.2081775428537775
list:
dist: 2.6445176841270954 vs. 2.6445176841270954
list:
dist: 1.9307721395590296 vs. 1.9307721395590296
list:
dist: 2.0203155854404895 vs. 2.0203155854404895
list:
dist: 0.8347884385330478 vs. 0.8347884385330478
list:
dist: 1.356207852381045 vs. 1.356207852381045
list:
dist: 2.073622350158591 vs. 2.073622350158591
list:
dist: 2.335811253176441 vs. 2.335811253176441
list:
dist: 1.3906981930929072 vs. 1.3906981930929072
list:
dist: 1.9246223974182404 vs. 1.9246223974182404
list:
dist: 1.1436159078295578 vs. 1.1436159078295578
list:
dist: 1.3821389195619112 vs. 1.3821389195619112
list:
dist: 1.853480282604402 vs. 1.853480282604402
list:
dist: 1.4161324020327701 vs. 1.4161324020327701
list:
dist: 1.8709217468819832 vs. 1.8709217468819832
list:
dist: 0.8549325927999427 vs. 0.8549325927999427
list:
dist: 1.1386407822007387 vs. 1.1386407822007387
list:
dist: 2.478861653459826 vs. 2.478861653459826
list:
dist: 2.0796160293537858 vs. 2.0796160293537858
list:
dist: 2.935024223172639 vs. 2.935024223172639
list:
dist: 2.486900999487419 vs. 2.486900999487419
list:
dist: 2.365585509409253 vs. 2.365585509409253
list:
dist: 3.2389373909070045 vs. 3.2389373909070045
list:
dist: 3.8518425963848397 vs. 3.8518425963848397
list:
dist: 2.672584042798849 vs. 2.672584042798849
list:
dist: 2.136971333559053 vs. 2.136971333559053
list:
dist: 2.6574351787712662 vs. 2.6574351787712662
list:
dist: 1.9953485635220236 vs. 1.9953485635220236
list:
dist: 3.2191348790035574 vs. 3.2191348790035574
list:
dist: 1.664862040088681 vs. 1.664862040088681
list:
dist: 3.402677784501694 vs. 3.402677784501694
list:
dist: 2.6323531068966024 vs. 2.6323531068966024
list:
dist: 2.7895388881411636 vs. 2.7895388881411636
list:
dist: 3.6088476587163703 vs. 3.6088476587163703
list:
dist: 4.13792421564897 vs. 4.13792421564897
list:
dist: 1.2990539438917295 vs. 1.2990539438917295
list:
dist: 1.1570619369115316 vs. 1.1570619369115316
list:
dist: 1.221846491591456 vs. 1.221846491591456
list:
dist: 1.2742759718223562 vs. 1.2742759718223562
list:
dist: 1.107023915074672 vs. 1.107023915074672
list:
dist: 1.4976768272385008 vs. 1.4976768272385008
list:
dist: 2.386640397555296 vs. 2.386640397555296
list:
dist: 2.4232677353245577 vs. 2.4232677353245577
list:
dist: 1.853480282604402 vs. 1.853480282604402
list:
dist: 3.86095183618436 vs. 3.86095183618436
list:
dist: 2.845473982751408 vs. 2.845473982751408
list:
dist: 1.9651229812114885 vs. 1.9651229812114885
list:
dist: 2.081863740858908 vs. 2.081863740858908
list:
dist: 2.2708547758140547 vs. 2.2708547758140547
list:
dist: 1.7850179211026622 vs. 1.7850179211026622
list:
dist: 1.3682002911084494 vs. 1.3682002911084494
list:
dist: 2.93760808434215 vs. 2.93760808434215
list:
dist: 2.84537663945945 vs. 2.84537663945945
list:
dist: 3.12529485310947 vs. 3.12529485310947
list:
dist: 2.4133036292787664 vs. 2.4133036292787664
list:
dist: 3.4660141687024386 vs. 3.4660141687024386
list:
dist: 1.1067781121028624 vs. 1.1067781121028624
list:
dist: 2.2331023938821803 vs. 2.2331023938821803
list:
dist: 0.8578323576459661 vs. 0.8578323576459661
list:
dist: 3.3025050641382263 vs. 3.3025050641382263
list:
dist: 2.450168423475797 vs. 2.450168423475797
list:
dist: 2.376741003744379 vs. 2.376741003744379
list:
dist: 3.1091317144939215 vs. 3.1091317144939215
list:
dist: 3.900278481799155 vs. 3.900278481799155
list:
dist: 1.2341047378774792 vs. 1.2341047378774792
list:
dist: 0.7927652399354392 vs. 0.7927652399354392
list:
dist: 1.9823684008837976 vs. 1.9823684008837976
list:
dist: 1.1570619369115316 vs. 1.1570619369115316
list:
dist: 2.005321248346664 vs. 2.005321248346664
list:
dist: 1.2557498405382932 vs. 1.2557498405382932
list:
dist: 2.2949613747334094 vs. 2.2949613747334094
list:
dist: 2.7370908939372223 vs. 2.7370908939372223
list:
dist: 1.9246223974182404 vs. 1.9246223974182404
list:
dist: 4.106441302646594 vs. 4.106441302646594
list:
dist: 2.981853030471708 vs. 2.981853030471708
list:
dist: 2.646512346942489 vs. 2.646512346942489
list:
dist: 2.426010341978689 vs. 2.426010341978689
list:
dist: 3.18428660303939 vs. 3.18428660303939
list:
dist: 2.490048951034443 vs. 2.490048951034443
list:
dist: 1.9032600245190046 vs. 1.9032600245190046
list:
dist: 3.529918999370241 vs. 3.529918999370241
list:
dist: 3.6188035268029157 vs. 3.6188035268029157
list:
dist: 3.9627467424462717 vs. 3.9627467424462717
list:
dist: 3.157364774600423 vs. 3.157364774600423
list:
dist: 3.9632673501468725 vs. 3.9632673501468725
list:
dist: 1.768349343598766 vs. 1.768349343598766
list:
dist: 1.9114713597461792 vs. 1.9114713597461792
list:
dist: 1.2739391188138591 vs. 1.2739391188138591
list:
dist: 1.0389652212544707 vs. 1.0389652212544707
list:
dist: 1.799136381235076 vs. 1.799136381235076
list:
dist: 2.119383961022104 vs. 2.119383961022104
list:
dist: 2.371070313580339 vs. 2.371070313580339
list:
dist: 2.376741003744379 vs. 2.376741003744379
list:
dist: 1.7104674838724025 vs. 1.7104674838724025
list:
dist: 2.706708977451985 vs. 2.706708977451985
list:
dist: 2.7895388881411636 vs. 2.7895388881411636
list:
dist: 2.6590513315973614 vs. 2.6590513315973614
list:
dist: 2.7348349798065925 vs. 2.7348349798065925
list:
dist: 1.6545418844140782 vs. 1.6545418844140782
list:
dist: 2.290719395923223 vs. 2.290719395923223
list:
dist: 1.356207852381045 vs. 1.356207852381045
list:
dist: 3.2566869301416292 vs. 3.2566869301416292
list:
dist: 3.1041187769747136 vs. 3.1041187769747136
list:
dist: 1.1383351116180342 vs. 1.1383351116180342
list:
dist: 1.6673722471159425 vs. 1.6673722471159425
list:
dist: 2.7456311750356552 vs. 2.7456311750356552
list:
dist: 2.3401020836084143 vs. 2.3401020836084143
list:
dist: 1.9114713597461792 vs. 1.9114713597461792
list:
dist: 3.0512003730277546 vs. 3.0512003730277546
list:
dist: 3.777604645269313 vs. 3.777604645269313
list:
dist: 1.8402488841339417 vs. 1.8402488841339417
list:
dist: 0.8578323576459661 vs. 0.8578323576459661
list:
dist: 0.9566617829311692 vs. 0.9566617829311692
list:
dist: 2.4529697104068355 vs. 2.4529697104068355
list:
dist: 1.664862040088681 vs. 1.664862040088681
list:
dist: 2.3345290594908983 vs. 2.3345290594908983
list:
dist: 1.990040964727071 vs. 1.990040964727071
list:
dist: 2.4399650358543865 vs. 2.4399650358543865
list:
dist: 2.973318998572799 vs. 2.973318998572799
list:
dist: 1.9307721395590296 vs. 1.9307721395590296
list:
dist: 4.330547849093136 vs. 4.330547849093136
list:
dist: 3.4644697275202296 vs. 3.4644697275202296
list:
dist: 2.5212286379486413 vs. 2.5212286379486413
list:
dist: 3.0512003730277546 vs. 3.0512003730277546
list:
dist: 1.344350351243154 vs. 1.344350351243154
list:
dist: 1.799136381235076 vs. 1.799136381235076
list:
dist: 1.186145798359071 vs. 1.186145798359071
list:
dist: 2.5492112159612756 vs. 2.5492112159612756
list:
dist: 3.1091317144939215 vs. 3.1091317144939215
list:
dist: 2.526659160717179 vs. 2.526659160717179
list:
dist: 3.0891183225205516 vs. 3.0891183225205516
list:
dist: 3.6088476587163703 vs. 3.6088476587163703
list:
dist: 3.380581398589503 vs. 3.380581398589503
list:
dist: 2.7588342534192765 vs. 2.7588342534192765
list:
dist: 4.309931799835216 vs. 4.309931799835216
list:
dist: 1.4610051586819506 vs. 1.4610051586819506
list:
dist: 2.2331512408914844 vs. 2.2331512408914844
list:
dist: 2.073622350158591 vs. 2.073622350158591
list:
dist: 2.5183543339106196 vs. 2.5183543339106196
list:
dist: 2.357803895450843 vs. 2.357803895450843
list:
dist: 2.800374546859557 vs. 2.800374546859557
list:
dist: 2.4399650358543865 vs. 2.4399650358543865
list:
dist: 2.5077136960687967 vs. 2.5077136960687967
list:
dist: 0.7093238379268809 vs. 0.7093238379268809
list:
dist: 1.6545418844140782 vs. 1.6545418844140782
list:
dist: 1.4610051586819506 vs. 1.4610051586819506
list:
dist: 1.8219266050817533 vs. 1.8219266050817533
list:
dist: 1.434129335354795 vs. 1.434129335354795
list:
dist: 2.2949613747334094 vs. 2.2949613747334094
list:
dist: 1.5974206792174868 vs. 1.5974206792174868
list:
dist: 1.655255541282089 vs. 1.655255541282089
list:
dist: 2.386640397555296 vs. 2.386640397555296
list:
dist: 1.9589464484879624 vs. 1.9589464484879624
list:
dist: 1.8167740356104867 vs. 1.8167740356104867
list:
dist: 0.9039582997470252 vs. 0.9039582997470252
list:
dist: 0.8549325927999427 vs. 0.8549325927999427
list:
dist: 1.931994515253642 vs. 1.931994515253642
list:
dist: 1.4552354924615363 vs. 1.4552354924615363
list:
dist: 3.0432773897849903 vs. 3.0432773897849903
list:
dist: 2.521850233472849 vs. 2.521850233472849
list:
dist: 2.4566192766744805 vs. 2.4566192766744805
list:
dist: 3.0171765766363814 vs. 3.0171765766363814
list:
dist: 3.8838492284411794 vs. 3.8838492284411794
list:
dist: 2.7643998613875134 vs. 2.7643998613875134
list:
dist: 2.1297076483808786 vs. 2.1297076483808786
list:
dist: 2.272777939896431 vs. 2.272777939896431
list:
dist: 4.456351420558389 vs. 4.456351420558389
list:
dist: 3.8423235732397316 vs. 3.8423235732397316
list:
dist: 3.7460167729763127 vs. 3.7460167729763127
list:
dist: 4.3281342858400444 vs. 4.3281342858400444
list:
dist: 2.969354398815078 vs. 2.969354398815078
list:
dist: 4.255012014044973 vs. 4.255012014044973
list:
dist: 2.475545065727929 vs. 2.475545065727929
list:
dist: 3.529918999370241 vs. 3.529918999370241
list:
dist: 3.3775451973862887 vs. 3.3775451973862887
list:
dist: 2.0715437444580553 vs. 2.0715437444580553
list:
dist: 2.93760808434215 vs. 2.93760808434215
list:
dist: 2.5590238657360294 vs. 2.5590238657360294
list:
dist: 2.4638588603525196 vs. 2.4638588603525196
list:
dist: 2.9943657008111138 vs. 2.9943657008111138
list:
dist: 3.0171765766363814 vs. 3.0171765766363814
list:
dist: 2.5440414878279056 vs. 2.5440414878279056
list:
dist: 3.2389373909070045 vs. 3.2389373909070045
list:
dist: 3.02352709428275 vs. 3.02352709428275
list:
dist: 1.889214449381476 vs. 1.889214449381476
list:
dist: 3.0178669511076186 vs. 3.0178669511076186
list:
dist: 2.2934261127540037 vs. 2.2934261127540037
list:
dist: 3.3944764451046034 vs. 3.3944764451046034
list:
dist: 1.205272243479697 vs. 1.205272243479697
list:
dist: 1.1674313399410756 vs. 1.1674313399410756
list:
dist: 1.7360221548855816 vs. 1.7360221548855816
list:
dist: 1.3689587340822793 vs. 1.3689587340822793
list:
dist: 2.652684716359659 vs. 2.652684716359659
list:
dist: 3.1535492385343997 vs. 3.1535492385343997
list:
dist: 2.4915866037981518 vs. 2.4915866037981518
list:
dist: 2.396331002945487 vs. 2.396331002945487
list:
dist: 1.6073137742420713 vs. 1.6073137742420713
list:
dist: 1.9713970458187604 vs. 1.9713970458187604
list:
dist: 3.7238813094917607 vs. 3.7238813094917607
list:
dist: 2.583323566798015 vs. 2.583323566798015
list:
dist: 1.5601491660169866 vs. 1.5601491660169866
list:
dist: 1.6132896346687957 vs. 1.6132896346687957
list:
dist: 2.490048951034443 vs. 2.490048951034443
list:
dist: 2.4054624405172222 vs. 2.4054624405172222
list:
dist: 1.1745664588382203 vs. 1.1745664588382203
list:
dist: 1.7850179211026622 vs. 1.7850179211026622
list:
dist: 1.5949639414914305 vs. 1.5949639414914305
list:
dist: 1.652414465297088 vs. 1.652414465297088
list:
dist: 2.521850233472849 vs. 2.521850233472849
list:
dist: 2.1765313347136965 vs. 2.1765313347136965
list:
dist: 2.486900999487419 vs. 2.486900999487419
list:
dist: 3.192202080391515 vs. 3.192202080391515
list:
dist: 1.9536748986332533 vs. 1.9536748986332533
list:
dist: 2.1142522439919897 vs. 2.1142522439919897
list:
dist: 1.5928319521504053 vs. 1.5928319521504053
list:
dist: 0.8558173690310034 vs. 0.8558173690310034
list:
dist: 0.6901135403235696 vs. 0.6901135403235696
list:
dist: 1.1674313399410756 vs. 1.1674313399410756
list:
dist: 1.3820355735580985 vs. 1.3820355735580985
list:
dist: 2.3551606685893254 vs. 2.3551606685893254
list:
dist: 1.4286017618176539 vs. 1.4286017618176539
list:
dist: 2.3531103517220076 vs. 2.3531103517220076
list:
dist: 2.830919060536052 vs. 2.830919060536052
list:
dist: 2.091596273728699 vs. 2.091596273728699
list:
dist: 3.98539894877105 vs. 3.98539894877105
list:
dist: 3.4644697275202296 vs. 3.4644697275202296
list:
dist: 2.143170510198102 vs. 2.143170510198102
list:
dist: 3.1041187769747136 vs. 3.1041187769747136
list:
dist: 2.357803895450843 vs. 2.357803895450843
list:
dist: 2.663038946005607 vs. 2.663038946005607
list:
dist: 1.7636824975023413 vs. 1.7636824975023413
list:
dist: 2.981853030471708 vs. 2.981853030471708
list:
dist: 2.5348868079302025 vs. 2.5348868079302025
list:
dist: 1.7965608619915567 vs. 1.7965608619915567
list:
dist: 2.845473982751408 vs. 2.845473982751408
list:
dist: 2.364493429561852 vs. 2.364493429561852
list:
dist: 1.9121785938469735 vs. 1.9121785938469735
list:
dist: 2.895325421366656 vs. 2.895325421366656
list:
dist: 1.4552354924615363 vs. 1.4552354924615363
list:
dist: 1.2939508266941544 vs. 1.2939508266941544
list:
dist: 2.0796160293537858 vs. 2.0796160293537858
list:
dist: 1.6452395934340507 vs. 1.6452395934340507
list:
dist: 2.4282434318959676 vs. 2.4282434318959676
list:
dist: 1.9536748986332533 vs. 1.9536748986332533
list:
dist: 2.1437111662598936 vs. 2.1437111662598936
list:
dist: 1.889214449381476 vs. 1.889214449381476
list:
dist: 3.068569406477433 vs. 3.068569406477433
list:
dist: 3.919660143519699 vs. 3.919660143519699
list:
dist: 4.029980884779355 vs. 4.029980884779355
list:
dist: 3.1112248525842126 vs. 3.1112248525842126
list:
dist: 2.4791915635337234 vs. 2.4791915635337234
list:
dist: 1.6612765320162501 vs. 1.6612765320162501
list:
dist: 1.4121481309057218 vs. 1.4121481309057218
list:
dist: 2.7796216309932404 vs. 2.7796216309932404
list:
dist: 3.9632673501468725 vs. 3.9632673501468725
list:
dist: 3.425345272342362 vs. 3.425345272342362
list:
dist: 2.1959635379996767 vs. 2.1959635379996767
list:
dist: 3.4660141687024386 vs. 3.4660141687024386
list:
dist: 2.599270734408866 vs. 2.599270734408866
list:
dist: 3.0427686649735612 vs. 3.0427686649735612
list:
dist: 3.7721376867652845 vs. 3.7721376867652845
list:
dist: 2.272777939896431 vs. 2.272777939896431
list:
dist: 1.5328349832993642 vs. 1.5328349832993642
list:
dist: 2.6574351787712662 vs. 2.6574351787712662
list:
dist: 1.2081775428537775 vs. 1.2081775428537775
list:
dist: 1.4121481309057218 vs. 1.4121481309057218
list:
dist: 2.316367874349959 vs. 2.316367874349959
list:
dist: 2.3531103517220076 vs. 2.3531103517220076
list:
dist: 2.8509156356768957 vs. 2.8509156356768957
list:
dist: 1.9713970458187604 vs. 1.9713970458187604
list:
dist: 3.172517431891408 vs. 3.172517431891408
list:
dist: 4.206885951616859 vs. 4.206885951616859
list:
dist: 4.365062721140424 vs. 4.365062721140424
list:
dist: 3.820645962367604 vs. 3.820645962367604
list:
dist: 1.4936781617805321 vs. 1.4936781617805321
list:
dist: 1.2424823967611234 vs. 1.2424823967611234
list:
dist: 5.162073545829134 vs. 5.162073545829134
list:
dist: 3.2676801636766037 vs. 3.2676801636766037
list:
dist: 2.1057268650589345 vs. 2.1057268650589345
list:
dist: 1.2240465331520671 vs. 1.2240465331520671
list:
dist: 1.9032600245190046 vs. 1.9032600245190046
list:
dist: 1.9811373965612344 vs. 1.9811373965612344
list:
dist: 1.2400361743924684 vs. 1.2400361743924684
list:
dist: 1.3682002911084494 vs. 1.3682002911084494
list:
dist: 1.6115409800988538 vs. 1.6115409800988538
list:
dist: 1.1418623840547522 vs. 1.1418623840547522
list:
dist: 2.4566192766744805 vs. 2.4566192766744805
list:
dist: 2.3514682042153385 vs. 2.3514682042153385
list:
dist: 2.365585509409253 vs. 2.365585509409253
list:
dist: 3.517127731269209 vs. 3.517127731269209
list:
dist: 2.1437111662598936 vs. 2.1437111662598936
list:
dist: 1.8067975151439204 vs. 1.8067975151439204
list:
dist: 1.1789101333586287 vs. 1.1789101333586287
list:
dist: 1.4807829140044604 vs. 1.4807829140044604
list:
dist: 0.6901135403235696 vs. 0.6901135403235696
list:
dist: 1.7360221548855816 vs. 1.7360221548855816
list:
dist: 1.7629135315693414 vs. 1.7629135315693414
list:
dist: 2.8979124971460637 vs. 2.8979124971460637
list:
dist: 1.9516157839612245 vs. 1.9516157839612245
list:
dist: 2.8509156356768957 vs. 2.8509156356768957
list:
dist: 3.4403894739471483 vs. 3.4403894739471483
list:
dist: 2.7774176266985817 vs. 2.7774176266985817
list:
dist: 3.619384838028291 vs. 3.619384838028291
list:
dist: 2.973318998572799 vs. 2.973318998572799
list:
dist: 2.7921657956672443 vs. 2.7921657956672443
list:
dist: 1.3405307420108894 vs. 1.3405307420108894
list:
dist: 2.290719395923223 vs. 2.290719395923223
list:
dist: 2.2331512408914844 vs. 2.2331512408914844
list:
dist: 2.212386553327913 vs. 2.212386553327913
list:
dist: 1.7239035685059394 vs. 1.7239035685059394
list:
dist: 2.7370908939372223 vs. 2.7370908939372223
list:
dist: 2.0611346300827558 vs. 2.0611346300827558
list:
dist: 1.3225132272665157 vs. 1.3225132272665157
list:
dist: 2.4232677353245577 vs. 2.4232677353245577
list:
dist: 1.627457443451583 vs. 1.627457443451583
list:
dist: 2.144366089677409 vs. 2.144366089677409
list:
dist: 0.9039582997470252 vs. 0.9039582997470252
list:
dist: 1.1386407822007387 vs. 1.1386407822007387
list:
dist: 1.4639762630124262 vs. 1.4639762630124262
list:
dist: 1.2939508266941544 vs. 1.2939508266941544
list:
dist: 2.4728947374698107 vs. 2.4728947374698107
list:
dist: 2.1765313347136965 vs. 2.1765313347136965
list:
dist: 2.3514682042153385 vs. 2.3514682042153385
list:
dist: 2.5440414878279056 vs. 2.5440414878279056
list:
dist: 3.455974113042623 vs. 3.455974113042623
list:
dist: 1.8710098803129023 vs. 1.8710098803129023
list:
dist: 1.346727526789557 vs. 1.346727526789557
list:
dist: 1.5328349832993642 vs. 1.5328349832993642
list:
dist: 2.4872269476933937 vs. 2.4872269476933937
list:
dist: 2.3401020836084143 vs. 2.3401020836084143
list:
dist: 1.84794788167454 vs. 1.84794788167454
list:
dist: 1.0389652212544707 vs. 1.0389652212544707
list:
dist: 1.344350351243154 vs. 1.344350351243154
list:
dist: 1.5472948088619691 vs. 1.5472948088619691
list:
dist: 1.905271966986878 vs. 1.905271966986878
list:
dist: 2.450168423475797 vs. 2.450168423475797
list:
dist: 1.6871020948782178 vs. 1.6871020948782178
list:
dist: 2.0991493131518615 vs. 2.0991493131518615
list:
dist: 2.6323531068966024 vs. 2.6323531068966024
list:
dist: 2.2261168315594246 vs. 2.2261168315594246
list:
dist: 2.3111861209341016 vs. 2.3111861209341016
list:
dist: 0.7093238379268809 vs. 0.7093238379268809
list:
dist: 1.3405307420108894 vs. 1.3405307420108894
list:
dist: 0.8347884385330478 vs. 0.8347884385330478
list:
dist: 2.248163028830838 vs. 2.248163028830838
list:
dist: 2.143170510198102 vs. 2.143170510198102
list:
dist: 2.2259085268133973 vs. 2.2259085268133973
list:
dist: 2.9207813533947884 vs. 2.9207813533947884
list:
dist: 1.990040964727071 vs. 1.990040964727071
list:
dist: 3.7518309353133636 vs. 3.7518309353133636
list:
dist: 2.3111861209341016 vs. 2.3111861209341016
list:
dist: 2.7348349798065925 vs. 2.7348349798065925
list:
dist: 2.7588342534192765 vs. 2.7588342534192765
list:
dist: 3.546908985693778 vs. 3.546908985693778
list:
dist: 0.4986411112753204 vs. 0.4986411112753204
list:
dist: 1.2557498405382932 vs. 1.2557498405382932
list:
dist: 1.2825081839619692 vs. 1.2825081839619692
list:
dist: 1.493251731080175 vs. 1.493251731080175
list:
dist: 1.4976768272385008 vs. 1.4976768272385008
list:
dist: 1.891528458005394 vs. 1.891528458005394
list:
dist: 1.8167740356104867 vs. 1.8167740356104867
list:
dist: 2.144366089677409 vs. 2.144366089677409
list:
dist: 1.8709217468819832 vs. 1.8709217468819832
list:
dist: 3.325393906686411 vs. 3.325393906686411
list:
dist: 1.9121785938469735 vs. 1.9121785938469735
list:
dist: 2.632459515399086 vs. 2.632459515399086
list:
dist: 1.89565477513047 vs. 1.89565477513047
list:
dist: 2.4781849705888397 vs. 2.4781849705888397
list:
dist: 1.652414465297088 vs. 1.652414465297088
list:
dist: 1.1418623840547522 vs. 1.1418623840547522
list:
dist: 2.4638588603525196 vs. 2.4638588603525196
list:
dist: 2.8492635148670913 vs. 2.8492635148670913
list:
dist: 3.3863022355390533 vs. 3.3863022355390533
list:
dist: 2.423702981698707 vs. 2.423702981698707
list:
dist: 3.0427686649735612 vs. 3.0427686649735612
list:
dist: 2.191047099048418 vs. 2.191047099048418
list:
dist: 2.426010341978689 vs. 2.426010341978689
list:
dist: 2.823076776854234 vs. 2.823076776854234
list:
dist: 2.3960154803709988 vs. 2.3960154803709988
list:
dist: 2.081863740858908 vs. 2.081863740858908
list:
dist: 2.6610584257087915 vs. 2.6610584257087915
list:
dist: 1.89565477513047 vs. 1.89565477513047
list:
dist: 1.2825465973853172 vs. 1.2825465973853172
list:
dist: 2.148239841832844 vs. 2.148239841832844
list:
dist: 1.5928319521504053 vs. 1.5928319521504053
list:
dist: 1.1789101333586287 vs. 1.1789101333586287
list:
dist: 2.2934261127540037 vs. 2.2934261127540037
list:
dist: 1.7184137928789056 vs. 1.7184137928789056
list:
dist: 1.9832444036863506 vs. 1.9832444036863506
list:
dist: 2.830919060536052 vs. 2.830919060536052
list:
dist: 3.4403894739471483 vs. 3.4403894739471483
list:
dist: 2.583323566798015 vs. 2.583323566798015
list:
dist: 2.254385723075695 vs. 2.254385723075695
list:
dist: 2.4440847110873034 vs. 2.4440847110873034
list:
dist: 2.626055711706065 vs. 2.626055711706065
list:
dist: 3.2676801636766037 vs. 3.2676801636766037
list:
dist: 1.2453369967070904 vs. 1.2453369967070904
list:
dist: 3.025368721371704 vs. 3.025368721371704
list:
dist: 3.9627467424462717 vs. 3.9627467424462717
list:
dist: 3.4362521726516224 vs. 3.4362521726516224
list:
dist: 2.0064758250287693 vs. 2.0064758250287693
list:
dist: 3.12529485310947 vs. 3.12529485310947
list:
dist: 2.0677461184546706 vs. 2.0677461184546706
list:
dist: 3.3863022355390533 vs. 3.3863022355390533
list:
dist: 2.7643998613875134 vs. 2.7643998613875134
list:
dist: 1.8710098803129023 vs. 1.8710098803129023
list:
dist: 2.672584042798849 vs. 2.672584042798849
list:
dist: 2.244098952078414 vs. 2.244098952078414
list:
dist: 2.4791915635337234 vs. 2.4791915635337234
list:
dist: 1.9407233965452892 vs. 1.9407233965452892
list:
dist: 2.3551606685893254 vs. 2.3551606685893254
list:
dist: 2.8979124971460637 vs. 2.8979124971460637
list:
dist: 2.396331002945487 vs. 2.396331002945487
list:
dist: 3.0433688587119803 vs. 3.0433688587119803
list:
dist: 1.0203792289578952 vs. 1.0203792289578952
list:
dist: 1.4936781617805321 vs. 1.4936781617805321
list:
dist: 2.4440847110873034 vs. 2.4440847110873034
list:
dist: 1.7331039197154794 vs. 1.7331039197154794
list:
dist: 1.3807478957878334 vs. 1.3807478957878334
list:
dist: 2.091596273728699 vs. 2.091596273728699
list:
dist: 2.7774176266985817 vs. 2.7774176266985817
list:
dist: 1.5601491660169866 vs. 1.5601491660169866
list:
dist: 1.9084297829395187 vs. 1.9084297829395187
list:
dist: 3.597074351926264 vs. 3.597074351926264
list:
dist: 4.15244685091372 vs. 4.15244685091372
list:
dist: 3.8681076142327457 vs. 3.8681076142327457
list:
dist: 1.7331039197154794 vs. 1.7331039197154794
list:
dist: 1.6839097773106089 vs. 1.6839097773106089
list:
dist: 2.1057268650589345 vs. 2.1057268650589345
list:
dist: 4.363380073582163 vs. 4.363380073582163
list:
dist: 1.2453369967070904 vs. 1.2453369967070904
list:
dist: 2.1165371197234877 vs. 2.1165371197234877
list:
dist: 3.157364774600423 vs. 3.157364774600423
list:
dist: 2.7049779239641487 vs. 2.7049779239641487
list:
dist: 1.1928253903657398 vs. 1.1928253903657398
list:
dist: 2.4133036292787664 vs. 2.4133036292787664
list:
dist: 1.5074233938244765 vs. 1.5074233938244765
list:
dist: 2.423702981698707 vs. 2.423702981698707
list:
dist: 2.1297076483808786 vs. 2.1297076483808786
list:
dist: 1.346727526789557 vs. 1.346727526789557
list:
dist: 2.136971333559053 vs. 2.136971333559053
list:
dist: 2.106667073769919 vs. 2.106667073769919
list:
dist: 1.6612765320162501 vs. 1.6612765320162501
list:
dist: 1.301342182914147 vs. 1.301342182914147
list:
dist: 1.4286017618176539 vs. 1.4286017618176539
list:
dist: 1.9516157839612245 vs. 1.9516157839612245
list:
dist: 1.6073137742420713 vs. 1.6073137742420713
list:
dist: 2.3816133420490035 vs. 2.3816133420490035
list:
dist: 1.0203792289578952 vs. 1.0203792289578952
list:
dist: 1.2424823967611234 vs. 1.2424823967611234
list:
dist: 2.626055711706065 vs. 2.626055711706065
list:
dist: 1.6839097773106089 vs. 1.6839097773106089
list:
dist: 2.9890742843205644 vs. 2.9890742843205644
list:
dist: 3.6563307581826328 vs. 3.6563307581826328
list:
dist: 2.3345290594908983 vs. 2.3345290594908983
list:
dist: 3.038224202147296 vs. 3.038224202147296
list:
dist: 2.2261168315594246 vs. 2.2261168315594246
list:
dist: 2.6590513315973614 vs. 2.6590513315973614
list:
dist: 3.380581398589503 vs. 3.380581398589503
list:
dist: 3.6095191390813057 vs. 3.6095191390813057
list:
dist: 1.4882216693829713 vs. 1.4882216693829713
list:
dist: 2.005321248346664 vs. 2.005321248346664
list:
dist: 1.5987419602163748 vs. 1.5987419602163748
list:
dist: 0.6111510572331723 vs. 0.6111510572331723
list:
dist: 1.107023915074672 vs. 1.107023915074672
list:
dist: 1.891528458005394 vs. 1.891528458005394
list:
dist: 1.9589464484879624 vs. 1.9589464484879624
list:
dist: 1.627457443451583 vs. 1.627457443451583
list:
dist: 1.4161324020327701 vs. 1.4161324020327701
list:
dist: 3.020594623032648 vs. 3.020594623032648
list:
dist: 2.364493429561852 vs. 2.364493429561852
list:
dist: 2.6191773472702877 vs. 2.6191773472702877
list:
dist: 2.6610584257087915 vs. 2.6610584257087915
list:
dist: 1.8117211124199426 vs. 1.8117211124199426
list:
dist: 1.5949639414914305 vs. 1.5949639414914305
list:
dist: 1.6115409800988538 vs. 1.6115409800988538
list:
dist: 2.5590238657360294 vs. 2.5590238657360294
list:
dist: 2.771025971874503 vs. 2.771025971874503
list:
dist: 2.0677461184546706 vs. 2.0677461184546706
list:
dist: 1.5074233938244765 vs. 1.5074233938244765
list:
dist: 2.599270734408866 vs. 2.599270734408866
list:
dist: 3.0501878688551973 vs. 3.0501878688551973
list:
dist: 3.639395821564064 vs. 3.639395821564064
list:
dist: 2.4529697104068355 vs. 2.4529697104068355
list:
dist: 3.273077141577865 vs. 3.273077141577865
list:
dist: 2.0991493131518615 vs. 2.0991493131518615
list:
dist: 2.706708977451985 vs. 2.706708977451985
list:
dist: 3.0891183225205516 vs. 3.0891183225205516
list:
dist: 3.39248658879178 vs. 3.39248658879178
list:
dist: 1.1129825397771609 vs. 1.1129825397771609
list:
dist: 1.9823684008837976 vs. 1.9823684008837976
list:
dist: 1.5795995154844853 vs. 1.5795995154844853
list:
dist: 1.2742759718223562 vs. 1.2742759718223562
list:
dist: 0.6111510572331723 vs. 0.6111510572331723
list:
dist: 1.493251731080175 vs. 1.493251731080175
list:
dist: 1.655255541282089 vs. 1.655255541282089
list:
dist: 1.3225132272665157 vs. 1.3225132272665157
list:
dist: 1.3821389195619112 vs. 1.3821389195619112
list:
dist: 2.6749570848424606 vs. 2.6749570848424606
list:
dist: 1.7965608619915567 vs. 1.7965608619915567
list:
dist: 2.6437554639310954 vs. 2.6437554639310954
list:
dist: 2.3960154803709988 vs. 2.3960154803709988
list:
dist: 1.5750437247481222 vs. 1.5750437247481222
list:
dist: 1.1745664588382203 vs. 1.1745664588382203
list:
dist: 1.2400361743924684 vs. 1.2400361743924684
list:
dist: 2.0715437444580553 vs. 2.0715437444580553
list:
dist: 2.4924132462258872 vs. 2.4924132462258872
list:
dist: 2.0064758250287693 vs. 2.0064758250287693
list:
dist: 1.1928253903657398 vs. 1.1928253903657398
list:
dist: 2.1959635379996767 vs. 2.1959635379996767
list:
dist: 2.755500865515626 vs. 2.755500865515626
list:
dist: 2.646512346942489 vs. 2.646512346942489
list:
dist: 3.0703107854315883 vs. 3.0703107854315883
list:
dist: 2.6437554639310954 vs. 2.6437554639310954
list:
dist: 1.9651229812114885 vs. 1.9651229812114885
list:
dist: 2.6191773472702877 vs. 2.6191773472702877
list:
dist: 2.632459515399086 vs. 2.632459515399086
list:
dist: 1.2825465973853172 vs. 1.2825465973853172
list:
dist: 2.3316059070810367 vs. 2.3316059070810367
list:
dist: 2.1142522439919897 vs. 2.1142522439919897
list:
dist: 1.8067975151439204 vs. 1.8067975151439204
list:
dist: 3.0178669511076186 vs. 3.0178669511076186
list:
dist: 2.0680226600204494 vs. 2.0680226600204494
list:
dist: 1.8140901936284186 vs. 1.8140901936284186
list:
dist: 1.0957703477090586 vs. 1.0957703477090586
list:
dist: 0.3310778920941077 vs. 0.3310778920941077
list:
dist: 1.5425372919550946 vs. 1.5425372919550946
list:
dist: 1.2978037580494126 vs. 1.2978037580494126
list:
dist: 1.7003797224776507 vs. 1.7003797224776507
list:
dist: 1.6915394360894656 vs. 1.6915394360894656
list:
dist: 1.5665239315517192 vs. 1.5665239315517192
list:
dist: 2.49065171759836 vs. 2.49065171759836
list:
dist: 1.532020303780048 vs. 1.532020303780048
list:
dist: 2.1897834777120524 vs. 2.1897834777120524
list:
dist: 1.2756250778684042 vs. 1.2756250778684042
list:
dist: 2.3299906958885956 vs. 2.3299906958885956
list:
dist: 3.190871648542402 vs. 3.190871648542402
list:
dist: 1.890900555789351 vs. 1.890900555789351
list:
dist: 3.1002377076465373 vs. 3.1002377076465373
list:
dist: 3.9239470262281286 vs. 3.9239470262281286
list:
dist: 2.5701693476199527 vs. 2.5701693476199527
list:
dist: 0.7033801802894355 vs. 0.7033801802894355
list:
dist: 1.4056723495903674 vs. 1.4056723495903674
list:
dist: 1.532020303780048 vs. 1.532020303780048
list:
dist: 1.5904737169780447 vs. 1.5904737169780447
list:
dist: 1.6602737749261556 vs. 1.6602737749261556
list:
dist: 1.4025066418096697 vs. 1.4025066418096697
list:
dist: 1.1210309608098772 vs. 1.1210309608098772
list:
dist: 1.2679509674598606 vs. 1.2679509674598606
list:
dist: 1.6929743237489776 vs. 1.6929743237489776
list:
dist: 2.3929856218940624 vs. 2.3929856218940624
list:
dist: 1.5813385839106973 vs. 1.5813385839106973
list:
dist: 2.737394735264335 vs. 2.737394735264335
list:
dist: 3.2250521516847717 vs. 3.2250521516847717
list:
dist: 3.4373333671040864 vs. 3.4373333671040864
list:
dist: 1.7112212916035996 vs. 1.7112212916035996
list:
dist: 3.0570840356800137 vs. 3.0570840356800137
list:
dist: 2.1085297843517674 vs. 2.1085297843517674
list:
dist: 3.151704496421727 vs. 3.151704496421727
list:
dist: 3.595501789188751 vs. 3.595501789188751
list:
dist: 4.255012014044973 vs. 4.255012014044973
list:
dist: 4.329009588871575 vs. 4.329009588871575
list:
dist: 3.5782122370417886 vs. 3.5782122370417886
list:
dist: 3.6702251231357037 vs. 3.6702251231357037
list:
dist: 2.570815630259582 vs. 2.570815630259582
list:
dist: 5.053557380777954 vs. 5.053557380777954
list:
dist: 3.7997421359487724 vs. 3.7997421359487724
list:
dist: 3.5800743546399456 vs. 3.5800743546399456
list:
dist: 3.002078475631938 vs. 3.002078475631938
list:
dist: 1.3581707106889969 vs. 1.3581707106889969
list:
dist: 1.4099658822133718 vs. 1.4099658822133718
list:
dist: 1.2756250778684042 vs. 1.2756250778684042
list:
dist: 2.3862189724850045 vs. 2.3862189724850045
list:
dist: 1.3166793506353902 vs. 1.3166793506353902
list:
dist: 1.1629213971475076 vs. 1.1629213971475076
list:
dist: 1.3087423870775843 vs. 1.3087423870775843
list:
dist: 0.5614070997594901 vs. 0.5614070997594901
list:
dist: 1.9557221968176255 vs. 1.9557221968176255
list:
dist: 1.5813385839106973 vs. 1.5813385839106973
list:
dist: 1.3942935846038869 vs. 1.3942935846038869
list:
dist: 2.6213463673878694 vs. 2.6213463673878694
list:
dist: 2.1369012999375046 vs. 2.1369012999375046
list:
dist: 2.514050167657901 vs. 2.514050167657901
list:
dist: 1.4113241921026276 vs. 1.4113241921026276
list:
dist: 1.9814997868416375 vs. 1.9814997868416375
list:
dist: 0.6807261740156432 vs. 0.6807261740156432
list:
dist: 1.8742311086624126 vs. 1.8742311086624126
list:
dist: 2.6590168106926533 vs. 2.6590168106926533
list:
dist: 3.2131690911020625 vs. 3.2131690911020625
list:
dist: 3.014622204798156 vs. 3.014622204798156
list:
dist: 2.4653740411175593 vs. 2.4653740411175593
list:
dist: 3.971075114897002 vs. 3.971075114897002
list:
dist: 2.8234900049116036 vs. 2.8234900049116036
list:
dist: 2.8734189598064996 vs. 2.8734189598064996
list:
dist: 3.188030850015566 vs. 3.188030850015566
list:
dist: 1.2481561468209914 vs. 1.2481561468209914
list:
dist: 1.6238922740277242 vs. 1.6238922740277242
list:
dist: 1.5665239315517192 vs. 1.5665239315517192
list:
dist: 2.387776654387674 vs. 2.387776654387674
list:
dist: 1.4469477067061995 vs. 1.4469477067061995
list:
dist: 0.9961776075902254 vs. 0.9961776075902254
list:
dist: 1.0480023246683419 vs. 1.0480023246683419
list:
dist: 1.605457646764986 vs. 1.605457646764986
list:
dist: 1.2679509674598606 vs. 1.2679509674598606
list:
dist: 1.5098390878872001 vs. 1.5098390878872001
list:
dist: 0.5614070997594901 vs. 0.5614070997594901
list:
dist: 2.4561172118727375 vs. 2.4561172118727375
list:
dist: 2.3090128271049855 vs. 2.3090128271049855
list:
dist: 2.6118079476446687 vs. 2.6118079476446687
list:
dist: 1.034418070030458 vs. 1.034418070030458
list:
dist: 1.9101359524901165 vs. 1.9101359524901165
list:
dist: 0.8886900773733013 vs. 0.8886900773733013
list:
dist: 1.9166785478116688 vs. 1.9166785478116688
list:
dist: 2.492759796611537 vs. 2.492759796611537
list:
dist: 4.3281342858400444 vs. 4.3281342858400444
list:
dist: 4.442337383906802 vs. 4.442337383906802
list:
dist: 2.867275976526911 vs. 2.867275976526911
list:
dist: 2.8164929350834633 vs. 2.8164929350834633
list:
dist: 2.1229195094889897 vs. 2.1229195094889897
list:
dist: 4.0763391236974655 vs. 4.0763391236974655
list:
dist: 2.810018814786504 vs. 2.810018814786504
list:
dist: 2.7230815723847455 vs. 2.7230815723847455
list:
dist: 4.954784709502611 vs. 4.954784709502611
list:
dist: 4.244013355276403 vs. 4.244013355276403
list:
dist: 4.103825986320471 vs. 4.103825986320471
list:
dist: 4.442337383906802 vs. 4.442337383906802
list:
dist: 3.4396757843751833 vs. 3.4396757843751833
list:
dist: 4.329009588871575 vs. 4.329009588871575
list:
dist: 2.931143911959265 vs. 2.931143911959265
list:
dist: 3.6188035268029157 vs. 3.6188035268029157
list:
dist: 3.697516583769197 vs. 3.697516583769197
list:
dist: 2.4924132462258872 vs. 2.4924132462258872
list:
dist: 2.84537663945945 vs. 2.84537663945945
list:
dist: 2.771025971874503 vs. 2.771025971874503
list:
dist: 2.8492635148670913 vs. 2.8492635148670913
list:
dist: 3.8485973614439457 vs. 3.8485973614439457
list:
dist: 3.8838492284411794 vs. 3.8838492284411794
list:
dist: 3.455974113042623 vs. 3.455974113042623
list:
dist: 3.8518425963848397 vs. 3.8518425963848397
list:
dist: 4.238537463539995 vs. 4.238537463539995
list:
dist: 3.068569406477433 vs. 3.068569406477433
list:
dist: 2.0680226600204494 vs. 2.0680226600204494
list:
dist: 1.7184137928789056 vs. 1.7184137928789056
list:
dist: 3.6754764693207376 vs. 3.6754764693207376
list:
dist: 1.163811116906409 vs. 1.163811116906409
list:
dist: 1.3820355735580985 vs. 1.3820355735580985
list:
dist: 1.7629135315693414 vs. 1.7629135315693414
list:
dist: 1.3689587340822793 vs. 1.3689587340822793
list:
dist: 2.854147855737624 vs. 2.854147855737624
list:
dist: 3.6594942555652676 vs. 3.6594942555652676
list:
dist: 3.0343054184444718 vs. 3.0343054184444718
list:
dist: 3.0433688587119803 vs. 3.0433688587119803
list:
dist: 2.3816133420490035 vs. 2.3816133420490035
list:
dist: 3.172517431891408 vs. 3.172517431891408
list:
dist: 3.813358409426966 vs. 3.813358409426966
list:
dist: 2.254385723075695 vs. 2.254385723075695
list:
dist: 1.9084297829395187 vs. 1.9084297829395187
list:
dist: 2.3609248441510187 vs. 2.3609248441510187
list:
dist: 3.18428660303939 vs. 3.18428660303939
list:
dist: 3.039003021104875 vs. 3.039003021104875
list:
dist: 1.5750437247481222 vs. 1.5750437247481222
list:
dist: 2.2708547758140547 vs. 2.2708547758140547
list:
dist: 1.8117211124199426 vs. 1.8117211124199426
list:
dist: 2.4781849705888397 vs. 2.4781849705888397
list:
dist: 3.0432773897849903 vs. 3.0432773897849903
list:
dist: 2.4728947374698107 vs. 2.4728947374698107
list:
dist: 2.935024223172639 vs. 2.935024223172639
list:
dist: 3.3356546295489555 vs. 3.3356546295489555
list:
dist: 2.4282434318959676 vs. 2.4282434318959676
list:
dist: 2.3316059070810367 vs. 2.3316059070810367
list:
dist: 2.148239841832844 vs. 2.148239841832844
list:
dist: 0.8558173690310034 vs. 0.8558173690310034
list:
dist: 1.4807829140044604 vs. 1.4807829140044604
list:
dist: 1.205272243479697 vs. 1.205272243479697
list:
dist: 1.163811116906409 vs. 1.163811116906409
list:
dist: 1.9407233965452892 vs. 1.9407233965452892
list:
dist: 1.301342182914147 vs. 1.301342182914147
list:
dist: 2.316367874349959 vs. 2.316367874349959
list:
dist: 1.9832444036863506 vs. 1.9832444036863506
list:
dist: 1.3807478957878334 vs. 1.3807478957878334
list:
dist: 1.20146236332994 vs. 1.20146236332994
list:
dist: 1.15339227880789 vs. 1.15339227880789
list:
dist: 1.2183231357098512 vs. 1.2183231357098512
list:
dist: 1.5425372919550946 vs. 1.5425372919550946
list:
dist: 2.558502093533573 vs. 2.558502093533573
list:
dist: 2.7100856858346827 vs. 2.7100856858346827
list:
dist: 2.5151237913276656 vs. 2.5151237913276656
list:
dist: 2.387776654387674 vs. 2.387776654387674
list:
dist: 3.216474510550144 vs. 3.216474510550144
list:
dist: 1.5904737169780447 vs. 1.5904737169780447
list:
dist: 3.5117318939653406 vs. 3.5117318939653406
list:
dist: 2.3862189724850045 vs. 2.3862189724850045
list:
dist: 3.174496934222915 vs. 3.174496934222915
list:
dist: 4.287595941454631 vs. 4.287595941454631
list:
dist: 3.064267008456639 vs. 3.064267008456639
list:
dist: 4.0391874264012 vs. 4.0391874264012
list:
dist: 4.842997770028109 vs. 4.842997770028109
list:
dist: 2.1067009494596656 vs. 2.1067009494596656
list:
dist: 0.8862354707514266 vs. 0.8862354707514266
list:
dist: 1.0957703477090586 vs. 1.0957703477090586
list:
dist: 1.15339227880789 vs. 1.15339227880789
list:
dist: 1.7520795247043803 vs. 1.7520795247043803
list:
dist: 1.680869871779253 vs. 1.680869871779253
list:
dist: 1.5103721725796366 vs. 1.5103721725796366
list:
dist: 1.2481561468209914 vs. 1.2481561468209914
list:
dist: 2.2218477604508404 vs. 2.2218477604508404
list:
dist: 0.7033801802894355 vs. 0.7033801802894355
list:
dist: 2.4932442670927784 vs. 2.4932442670927784
list:
dist: 1.3581707106889969 vs. 1.3581707106889969
list:
dist: 2.048417551578085 vs. 2.048417551578085
list:
dist: 3.1570593078355076 vs. 3.1570593078355076
list:
dist: 2.00429692816991 vs. 2.00429692816991
list:
dist: 3.0090577151508393 vs. 3.0090577151508393
list:
dist: 3.709086123463622 vs. 3.709086123463622
list:
dist: 2.00429692816991 vs. 2.00429692816991
list:
dist: 2.0673833037470293 vs. 2.0673833037470293
list:
dist: 1.890900555789351 vs. 1.890900555789351
list:
dist: 3.064267008456639 vs. 3.064267008456639
list:
dist: 1.5699642652845918 vs. 1.5699642652845918
list:
dist: 1.2862336496666298 vs. 1.2862336496666298
list:
dist: 1.542660041281757 vs. 1.542660041281757
list:
dist: 0.8886900773733013 vs. 0.8886900773733013
list:
dist: 1.9669392948789683 vs. 1.9669392948789683
list:
dist: 2.1085297843517674 vs. 2.1085297843517674
list:
dist: 1.0338830173811249 vs. 1.0338830173811249
list:
dist: 0.6807261740156432 vs. 0.6807261740156432
list:
dist: 2.436198209436014 vs. 2.436198209436014
list:
dist: 1.657469379154695 vs. 1.657469379154695
list:
dist: 2.048270454160856 vs. 2.048270454160856
list:
dist: 1.2733370850547325 vs. 1.2733370850547325
list:
dist: 1.3420802666831202 vs. 1.3420802666831202
list:
dist: 1.381503519226414 vs. 1.381503519226414
list:
dist: 2.0776646234792637 vs. 2.0776646234792637
list:
dist: 2.765242319735088 vs. 2.765242319735088
list:
dist: 2.468258632554039 vs. 2.468258632554039
list:
dist: 2.196870158452295 vs. 2.196870158452295
list:
dist: 3.368191119341942 vs. 3.368191119341942
list:
dist: 2.210641238986714 vs. 2.210641238986714
list:
dist: 2.3265729950965417 vs. 2.3265729950965417
list:
dist: 2.767490747361388 vs. 2.767490747361388
list:
dist: 3.190106155491835 vs. 3.190106155491835
list:
dist: 3.2475274220544583 vs. 3.2475274220544583
list:
dist: 1.60672114553238 vs. 1.60672114553238
list:
dist: 0.8862354707514266 vs. 0.8862354707514266
list:
dist: 0.3310778920941077 vs. 0.3310778920941077
list:
dist: 1.2183231357098512 vs. 1.2183231357098512
list:
dist: 1.537842710382547 vs. 1.537842710382547
list:
dist: 1.85228647192365 vs. 1.85228647192365
list:
dist: 1.7900599235486006 vs. 1.7900599235486006
list:
dist: 1.6238922740277242 vs. 1.6238922740277242
list:
dist: 2.5883388746517713 vs. 2.5883388746517713
list:
dist: 1.4056723495903674 vs. 1.4056723495903674
list:
dist: 2.4396880874659383 vs. 2.4396880874659383
list:
dist: 1.4099658822133718 vs. 1.4099658822133718
list:
dist: 2.437645322864702 vs. 2.437645322864702
list:
dist: 3.3657924851513505 vs. 3.3657924851513505
list:
dist: 2.0673833037470293 vs. 2.0673833037470293
list:
dist: 3.2154075741873633 vs. 3.2154075741873633
list:
dist: 4.052188566998898 vs. 4.052188566998898
list:
dist: 2.1067009494596656 vs. 2.1067009494596656
list:
dist: 1.60672114553238 vs. 1.60672114553238
list:
dist: 1.8140901936284186 vs. 1.8140901936284186
list:
dist: 1.20146236332994 vs. 1.20146236332994
list:
dist: 2.933199131825584 vs. 2.933199131825584
list:
dist: 3.358371079897889 vs. 3.358371079897889
list:
dist: 3.2304911932462907 vs. 3.2304911932462907
list:
dist: 3.188030850015566 vs. 3.188030850015566
list:
dist: 3.9795110142699692 vs. 3.9795110142699692
list:
dist: 2.5701693476199527 vs. 2.5701693476199527
list:
dist: 3.985589040090456 vs. 3.985589040090456
list:
dist: 3.002078475631938 vs. 3.002078475631938
list:
dist: 3.358371079897889 vs. 3.358371079897889
list:
dist: 1.680869871779253 vs. 1.680869871779253
list:
dist: 1.85228647192365 vs. 1.85228647192365
list:
dist: 1.7003797224776507 vs. 1.7003797224776507
list:
dist: 2.7100856858346827 vs. 2.7100856858346827
list:
dist: 0.7843602142402435 vs. 0.7843602142402435
list:
dist: 0.3489555773880354 vs. 0.3489555773880354
list:
dist: 0.9961776075902254 vs. 0.9961776075902254
list:
dist: 0.8862670937895197 vs. 0.8862670937895197
list:
dist: 1.4025066418096697 vs. 1.4025066418096697
list:
dist: 1.0563588660608239 vs. 1.0563588660608239
list:
dist: 1.1629213971475076 vs. 1.1629213971475076
list:
dist: 1.558684934057403 vs. 1.558684934057403
list:
dist: 1.8619436109142138 vs. 1.8619436109142138
list:
dist: 2.0376263102033536 vs. 2.0376263102033536
list:
dist: 0.7983748840726415 vs. 0.7983748840726415
list:
dist: 2.0159590118724773 vs. 2.0159590118724773
list:
dist: 1.2862336496666298 vs. 1.2862336496666298
list:
dist: 2.5412757080922272 vs. 2.5412757080922272
list:
dist: 2.77232207260553 vs. 2.77232207260553
list:
dist: 3.8423235732397316 vs. 3.8423235732397316
list:
dist: 4.244013355276403 vs. 4.244013355276403
list:
dist: 2.752711160546486 vs. 2.752711160546486
list:
dist: 2.535165445076943 vs. 2.535165445076943
list:
dist: 1.6066183714279199 vs. 1.6066183714279199
list:
dist: 3.6788118043789404 vs. 3.6788118043789404
list:
dist: 2.4974707128362135 vs. 2.4974707128362135
list:
dist: 2.359269624802845 vs. 2.359269624802845
list:
dist: 3.2304911932462907 vs. 3.2304911932462907
list:
dist: 1.5103721725796366 vs. 1.5103721725796366
list:
dist: 1.7900599235486006 vs. 1.7900599235486006
list:
dist: 1.6915394360894656 vs. 1.6915394360894656
list:
dist: 2.5151237913276656 vs. 2.5151237913276656
list:
dist: 0.9192894410978151 vs. 0.9192894410978151
list:
dist: 0.3489555773880354 vs. 0.3489555773880354
list:
dist: 1.0480023246683419 vs. 1.0480023246683419
list:
dist: 0.8023306046760106 vs. 0.8023306046760106
list:
dist: 1.1210309608098772 vs. 1.1210309608098772
list:
dist: 1.4041206547836294 vs. 1.4041206547836294
list:
dist: 1.3087423870775843 vs. 1.3087423870775843
list:
dist: 1.6741286139011773 vs. 1.6741286139011773
list:
dist: 2.202417629995385 vs. 2.202417629995385
list:
dist: 2.353171820986054 vs. 2.353171820986054
list:
dist: 0.9002014548537867 vs. 0.9002014548537867
list:
dist: 2.2791779089065938 vs. 2.2791779089065938
list:
dist: 1.542660041281757 vs. 1.542660041281757
list:
dist: 2.7565412831291396 vs. 2.7565412831291396
list:
dist: 2.975248447286124 vs. 2.975248447286124
list:
dist: 3.7460167729763127 vs. 3.7460167729763127
list:
dist: 4.103825986320471 vs. 4.103825986320471
list:
dist: 2.8608683444212315 vs. 2.8608683444212315
list:
dist: 2.7420666268076483 vs. 2.7420666268076483
list:
dist: 1.6784964076786006 vs. 1.6784964076786006
list:
dist: 3.9938615200745997 vs. 3.9938615200745997
list:
dist: 2.7908118320886968 vs. 2.7908118320886968
list:
dist: 2.591649076583557 vs. 2.591649076583557
list:
dist: 3.9795110142699692 vs. 3.9795110142699692
list:
dist: 2.2218477604508404 vs. 2.2218477604508404
list:
dist: 2.5883388746517713 vs. 2.5883388746517713
list:
dist: 2.49065171759836 vs. 2.49065171759836
list:
dist: 3.216474510550144 vs. 3.216474510550144
list:
dist: 1.52540369789302 vs. 1.52540369789302
list:
dist: 0.8862670937895197 vs. 0.8862670937895197
list:
dist: 0.8023306046760106 vs. 0.8023306046760106
list:
dist: 1.605457646764986 vs. 1.605457646764986
list:
dist: 1.6929743237489776 vs. 1.6929743237489776
list:
dist: 1.5922726850985895 vs. 1.5922726850985895
list:
dist: 1.9557221968176255 vs. 1.9557221968176255
list:
dist: 1.161234161697615 vs. 1.161234161697615
list:
dist: 2.2402625130097684 vs. 2.2402625130097684
list:
dist: 2.232566591584264 vs. 2.232566591584264
list:
dist: 0.8283423319884744 vs. 0.8283423319884744
list:
dist: 2.2138637060261477 vs. 2.2138637060261477
list:
dist: 1.9669392948789683 vs. 1.9669392948789683
list:
dist: 2.975911540352214 vs. 2.975911540352214
list:
dist: 2.819097317748536 vs. 2.819097317748536
list:
dist: 2.969354398815078 vs. 2.969354398815078
list:
dist: 3.4396757843751833 vs. 3.4396757843751833
list:
dist: 2.3202683874991368 vs. 2.3202683874991368
list:
dist: 2.2741560962819776 vs. 2.2741560962819776
list:
dist: 1.0009796865805747 vs. 1.0009796865805747
list:
dist: 3.764626038023235 vs. 3.764626038023235
list:
dist: 2.5307158915089873 vs. 2.5307158915089873
list:
dist: 2.158799219738421 vs. 2.158799219738421
list:
dist: 2.2706235204166307 vs. 2.2706235204166307
list:
dist: 1.6066183714279199 vs. 1.6066183714279199
list:
dist: 1.6784964076786006 vs. 1.6784964076786006
list:
dist: 2.1229195094889897 vs. 2.1229195094889897
list:
dist: 1.0009796865805747 vs. 1.0009796865805747
list:
dist: 2.570815630259582 vs. 2.570815630259582
list:
dist: 1.7471442840233915 vs. 1.7471442840233915
list:
dist: 2.4653740411175593 vs. 2.4653740411175593
list:
dist: 1.1430142696303476 vs. 1.1430142696303476
list:
dist: 2.1164533099260834 vs. 2.1164533099260834
list:
dist: 1.9805656409692198 vs. 1.9805656409692198
list:
dist: 4.493135617153491 vs. 4.493135617153491
list:
dist: 3.1112248525842126 vs. 3.1112248525842126
list:
dist: 1.088532419243297 vs. 1.088532419243297
list:
dist: 1.7902749850450719 vs. 1.7902749850450719
list:
dist: 2.196870158452295 vs. 2.196870158452295
list:
dist: 2.82405667969829 vs. 2.82405667969829
list:
dist: 2.230097690086731 vs. 2.230097690086731
list:
dist: 2.4915866037981518 vs. 2.4915866037981518
list:
dist: 3.0343054184444718 vs. 3.0343054184444718
list:
dist: 1.4083440396977125 vs. 1.4083440396977125
list:
dist: 1.3767903069391034 vs. 1.3767903069391034
list:
dist: 3.172900645874514 vs. 3.172900645874514
list:
dist: 1.8971018605016972 vs. 1.8971018605016972
list:
dist: 1.3393750670633164 vs. 1.3393750670633164
list:
dist: 3.820645962367604 vs. 3.820645962367604
list:
dist: 2.5080465292085763 vs. 2.5080465292085763
list:
dist: 3.016994917647935 vs. 3.016994917647935
list:
dist: 3.8681076142327457 vs. 3.8681076142327457
list:
dist: 4.309931799835216 vs. 4.309931799835216
list:
dist: 4.958497160708726 vs. 4.958497160708726
list:
dist: 1.8550333780944743 vs. 1.8550333780944743
list:
dist: 1.558684934057403 vs. 1.558684934057403
list:
dist: 1.6741286139011773 vs. 1.6741286139011773
list:
dist: 2.4561172118727375 vs. 2.4561172118727375
list:
dist: 1.161234161697615 vs. 1.161234161697615
list:
dist: 2.737394735264335 vs. 2.737394735264335
list:
dist: 1.582065431217045 vs. 1.582065431217045
list:
dist: 2.6213463673878694 vs. 2.6213463673878694
list:
dist: 1.803154314107576 vs. 1.803154314107576
list:
dist: 1.562881789584348 vs. 1.562881789584348
list:
dist: 4.151516322981937 vs. 4.151516322981937
list:
dist: 2.895325421366656 vs. 2.895325421366656
list:
dist: 1.6112678395413882 vs. 1.6112678395413882
list:
dist: 2.350095571739992 vs. 2.350095571739992
list:
dist: 2.436198209436014 vs. 2.436198209436014
list:
dist: 3.4136968511135937 vs. 3.4136968511135937
list:
dist: 3.05098285926545 vs. 3.05098285926545
list:
dist: 2.9943657008111138 vs. 2.9943657008111138
list:
dist: 3.8485973614439457 vs. 3.8485973614439457
list:
dist: 2.424057922578109 vs. 2.424057922578109
list:
dist: 1.9978965193483882 vs. 1.9978965193483882
list:
dist: 1.1430142696303476 vs. 1.1430142696303476
list:
dist: 2.998377991405537 vs. 2.998377991405537
list:
dist: 2.0655756462148216 vs. 2.0655756462148216
list:
dist: 1.762421412664542 vs. 1.762421412664542
list:
dist: 3.7721376867652845 vs. 3.7721376867652845
list:
dist: 3.1570593078355076 vs. 3.1570593078355076
list:
dist: 3.3657924851513505 vs. 3.3657924851513505
list:
dist: 3.190871648542402 vs. 3.190871648542402
list:
dist: 4.287595941454631 vs. 4.287595941454631
list:
dist: 2.516460429042029 vs. 2.516460429042029
list:
dist: 2.0159590118724773 vs. 2.0159590118724773
list:
dist: 2.2791779089065938 vs. 2.2791779089065938
list:
dist: 1.9101359524901165 vs. 1.9101359524901165
list:
dist: 2.2138637060261477 vs. 2.2138637060261477
list:
dist: 3.0570840356800137 vs. 3.0570840356800137
list:
dist: 1.4291905989847464 vs. 1.4291905989847464
list:
dist: 1.9814997868416375 vs. 1.9814997868416375
list:
dist: 2.350095571739992 vs. 2.350095571739992
list:
dist: 1.5542930896400442 vs. 1.5542930896400442
list:
dist: 1.736515314143262 vs. 1.736515314143262
list:
dist: 1.5151336738535992 vs. 1.5151336738535992
list:
dist: 1.3420802666831202 vs. 1.3420802666831202
list:
dist: 1.260665201522384 vs. 1.260665201522384
list:
dist: 0.9305725976929824 vs. 0.9305725976929824
list:
dist: 1.732183897177731 vs. 1.732183897177731
list:
dist: 1.330296742566463 vs. 1.330296742566463
list:
dist: 1.7902749850450719 vs. 1.7902749850450719
list:
dist: 2.521117110877714 vs. 2.521117110877714
list:
dist: 1.208913817189591 vs. 1.208913817189591
list:
dist: 1.287180089069176 vs. 1.287180089069176
list:
dist: 2.2278552830293155 vs. 2.2278552830293155
list:
dist: 1.8993984630134961 vs. 1.8993984630134961
list:
dist: 1.9451666761148323 vs. 1.9451666761148323
list:
dist: 3.709086123463622 vs. 3.709086123463622
list:
dist: 4.052188566998898 vs. 4.052188566998898
list:
dist: 3.9239470262281286 vs. 3.9239470262281286
list:
dist: 4.842997770028109 vs. 4.842997770028109
list:
dist: 3.362620905295844 vs. 3.362620905295844
list:
dist: 2.77232207260553 vs. 2.77232207260553
list:
dist: 2.975248447286124 vs. 2.975248447286124
list:
dist: 2.492759796611537 vs. 2.492759796611537
list:
dist: 2.819097317748536 vs. 2.819097317748536
list:
dist: 3.595501789188751 vs. 3.595501789188751
list:
dist: 2.3455721565363072 vs. 2.3455721565363072
list:
dist: 2.6590168106926533 vs. 2.6590168106926533
list:
dist: 3.05098285926545 vs. 3.05098285926545
list:
dist: 2.4436245760590576 vs. 2.4436245760590576
list:
dist: 2.562996411243863 vs. 2.562996411243863
list:
dist: 2.1158271731088787 vs. 2.1158271731088787
list:
dist: 0.9305725976929824 vs. 0.9305725976929824
list:
dist: 2.0776646234792637 vs. 2.0776646234792637
list:
dist: 1.3507362200659763 vs. 1.3507362200659763
list:
dist: 1.5162088080380136 vs. 1.5162088080380136
list:
dist: 1.5086610314102382 vs. 1.5086610314102382
list:
dist: 2.230097690086731 vs. 2.230097690086731
list:
dist: 2.9413304539864655 vs. 2.9413304539864655
list:
dist: 1.745260789042562 vs. 1.745260789042562
list:
dist: 1.6754064255064007 vs. 1.6754064255064007
list:
dist: 1.613341189150656 vs. 1.613341189150656
list:
dist: 1.2431043399859922 vs. 1.2431043399859922
list:
dist: 1.5955237510120515 vs. 1.5955237510120515
list:
dist: 3.985589040090456 vs. 3.985589040090456
list:
dist: 2.4932442670927784 vs. 2.4932442670927784
list:
dist: 2.4396880874659383 vs. 2.4396880874659383
list:
dist: 2.1897834777120524 vs. 2.1897834777120524
list:
dist: 3.5117318939653406 vs. 3.5117318939653406
list:
dist: 1.2211541411804718 vs. 1.2211541411804718
list:
dist: 1.0563588660608239 vs. 1.0563588660608239
list:
dist: 1.4041206547836294 vs. 1.4041206547836294
list:
dist: 1.5098390878872001 vs. 1.5098390878872001
list:
dist: 1.5922726850985895 vs. 1.5922726850985895
list:
dist: 2.3929856218940624 vs. 2.3929856218940624
list:
dist: 1.3942935846038869 vs. 1.3942935846038869
list:
dist: 1.582065431217045 vs. 1.582065431217045
list:
dist: 0.8360264050292674 vs. 0.8360264050292674
list:
dist: 1.1331117795307328 vs. 1.1331117795307328
list:
dist: 1.2314230807021893 vs. 1.2314230807021893
list:
dist: 1.4291905989847464 vs. 1.4291905989847464
list:
dist: 1.0338830173811249 vs. 1.0338830173811249
list:
dist: 2.1495507443182693 vs. 2.1495507443182693
list:
dist: 2.3455721565363072 vs. 2.3455721565363072
list:
dist: 2.6140815741076184 vs. 2.6140815741076184
list:
dist: 2.0633881073189397 vs. 2.0633881073189397
list:
dist: 1.7471442840233915 vs. 1.7471442840233915
list:
dist: 2.7204181520960375 vs. 2.7204181520960375
list:
dist: 1.6697393177956985 vs. 1.6697393177956985
list:
dist: 1.8021651415412396 vs. 1.8021651415412396
list:
dist: 2.8502652874160854 vs. 2.8502652874160854
list:
dist: 2.4974707128362135 vs. 2.4974707128362135
list:
dist: 2.7908118320886968 vs. 2.7908118320886968
list:
dist: 2.810018814786504 vs. 2.810018814786504
list:
dist: 2.5307158915089873 vs. 2.5307158915089873
list:
dist: 3.7997421359487724 vs. 3.7997421359487724
list:
dist: 1.6697393177956985 vs. 1.6697393177956985
list:
dist: 2.8234900049116036 vs. 2.8234900049116036
list:
dist: 2.0655756462148216 vs. 2.0655756462148216
list:
dist: 1.2296745775224651 vs. 1.2296745775224651
list:
dist: 1.0781624125838956 vs. 1.0781624125838956
list:
dist: 2.158024410113848 vs. 2.158024410113848
list:
dist: 1.208913817189591 vs. 1.208913817189591
list:
dist: 2.210641238986714 vs. 2.210641238986714
list:
dist: 2.3769009897328743 vs. 2.3769009897328743
list:
dist: 1.745260789042562 vs. 1.745260789042562
list:
dist: 1.9076165695759353 vs. 1.9076165695759353
list:
dist: 0.9689909113934245 vs. 0.9689909113934245
list:
dist: 1.8971018605016972 vs. 1.8971018605016972
list:
dist: 1.4199515366636686 vs. 1.4199515366636686
list:
dist: 0.7078001924480655 vs. 0.7078001924480655
list:
dist: 2.013503182782051 vs. 2.013503182782051
list:
dist: 1.6518945995523557 vs. 1.6518945995523557
list:
dist: 2.127056225921212 vs. 2.127056225921212
list:
dist: 2.0376263102033536 vs. 2.0376263102033536
list:
dist: 2.353171820986054 vs. 2.353171820986054
list:
dist: 2.6118079476446687 vs. 2.6118079476446687
list:
dist: 2.232566591584264 vs. 2.232566591584264
list:
dist: 3.4373333671040864 vs. 3.4373333671040864
list:
dist: 1.1331117795307328 vs. 1.1331117795307328
list:
dist: 2.514050167657901 vs. 2.514050167657901
list:
dist: 1.562881789584348 vs. 1.562881789584348
list:
dist: 0.4932944192018569 vs. 0.4932944192018569
list:
dist: 2.0641877122285575 vs. 2.0641877122285575
list:
dist: 1.736515314143262 vs. 1.736515314143262
list:
dist: 2.048270454160856 vs. 2.048270454160856
list:
dist: 2.7685959881499858 vs. 2.7685959881499858
list:
dist: 2.562996411243863 vs. 2.562996411243863
list:
dist: 2.637777106454697 vs. 2.637777106454697
list:
dist: 1.7756702319778768 vs. 1.7756702319778768
list:
dist: 1.9805656409692198 vs. 1.9805656409692198
list:
dist: 1.7127648114600311 vs. 1.7127648114600311
list:
dist: 1.0781624125838956 vs. 1.0781624125838956
list:
dist: 1.4186115182561794 vs. 1.4186115182561794
list:
dist: 1.9029037484511815 vs. 1.9029037484511815
list:
dist: 1.8619436109142138 vs. 1.8619436109142138
list:
dist: 2.202417629995385 vs. 2.202417629995385
list:
dist: 2.3090128271049855 vs. 2.3090128271049855
list:
dist: 2.2402625130097684 vs. 2.2402625130097684
list:
dist: 3.2250521516847717 vs. 3.2250521516847717
list:
dist: 0.8360264050292674 vs. 0.8360264050292674
list:
dist: 2.1369012999375046 vs. 2.1369012999375046
list:
dist: 1.803154314107576 vs. 1.803154314107576
list:
dist: 0.4932944192018569 vs. 0.4932944192018569
list:
dist: 1.9411906898712206 vs. 1.9411906898712206
list:
dist: 1.5542930896400442 vs. 1.5542930896400442
list:
dist: 1.657469379154695 vs. 1.657469379154695
list:
dist: 2.422442650144376 vs. 2.422442650144376
list:
dist: 2.4436245760590576 vs. 2.4436245760590576
list:
dist: 2.7614208595249123 vs. 2.7614208595249123
list:
dist: 1.9622255526652455 vs. 1.9622255526652455
list:
dist: 2.1164533099260834 vs. 2.1164533099260834
list:
dist: 1.9503803419869465 vs. 1.9503803419869465
list:
dist: 1.2296745775224651 vs. 1.2296745775224651
list:
dist: 1.6349462166194084 vs. 1.6349462166194084
list:
dist: 2.933199131825584 vs. 2.933199131825584
list:
dist: 1.7520795247043803 vs. 1.7520795247043803
list:
dist: 1.537842710382547 vs. 1.537842710382547
list:
dist: 1.2978037580494126 vs. 1.2978037580494126
list:
dist: 2.558502093533573 vs. 2.558502093533573
list:
dist: 0.7843602142402435 vs. 0.7843602142402435
list:
dist: 0.9192894410978151 vs. 0.9192894410978151
list:
dist: 1.4469477067061995 vs. 1.4469477067061995
list:
dist: 1.52540369789302 vs. 1.52540369789302
list:
dist: 1.6602737749261556 vs. 1.6602737749261556
list:
dist: 1.2211541411804718 vs. 1.2211541411804718
list:
dist: 1.3166793506353902 vs. 1.3166793506353902
list:
dist: 1.8550333780944743 vs. 1.8550333780944743
list:
dist: 1.9029037484511815 vs. 1.9029037484511815
list:
dist: 2.127056225921212 vs. 2.127056225921212
list:
dist: 1.56563438285648 vs. 1.56563438285648
list:
dist: 2.516460429042029 vs. 2.516460429042029
list:
dist: 1.5699642652845918 vs. 1.5699642652845918
list:
dist: 2.947110248671113 vs. 2.947110248671113
list:
dist: 3.362620905295844 vs. 3.362620905295844
list:
dist: 4.456351420558389 vs. 4.456351420558389
list:
dist: 4.954784709502611 vs. 4.954784709502611
list:
dist: 3.4567801145438777 vs. 3.4567801145438777
list:
dist: 3.0955042431605486 vs. 3.0955042431605486
list:
dist: 2.2706235204166307 vs. 2.2706235204166307
list:
dist: 3.821256263141102 vs. 3.821256263141102
list:
dist: 2.8502652874160854 vs. 2.8502652874160854
list:
dist: 2.856870410372938 vs. 2.856870410372938
list:
dist: 2.048417551578085 vs. 2.048417551578085
list:
dist: 2.437645322864702 vs. 2.437645322864702
list:
dist: 2.3299906958885956 vs. 2.3299906958885956
list:
dist: 3.174496934222915 vs. 3.174496934222915
list:
dist: 1.56563438285648 vs. 1.56563438285648
list:
dist: 0.7983748840726415 vs. 0.7983748840726415
list:
dist: 0.9002014548537867 vs. 0.9002014548537867
list:
dist: 1.034418070030458 vs. 1.034418070030458
list:
dist: 0.8283423319884744 vs. 0.8283423319884744
list:
dist: 1.7112212916035996 vs. 1.7112212916035996
list:
dist: 1.2314230807021893 vs. 1.2314230807021893
list:
dist: 1.4113241921026276 vs. 1.4113241921026276
list:
dist: 1.6112678395413882 vs. 1.6112678395413882
list:
dist: 1.9411906898712206 vs. 1.9411906898712206
list:
dist: 2.0641877122285575 vs. 2.0641877122285575
list:
dist: 1.5151336738535992 vs. 1.5151336738535992
list:
dist: 1.2733370850547325 vs. 1.2733370850547325
list:
dist: 2.1527827728836137 vs. 2.1527827728836137
list:
dist: 2.1158271731088787 vs. 2.1158271731088787
list:
dist: 3.3944764451046034 vs. 3.3944764451046034
list:
dist: 3.6754764693207376 vs. 3.6754764693207376
list:
dist: 2.0142133087668888 vs. 2.0142133087668888
list:
dist: 1.9635676368576997 vs. 1.9635676368576997
list:
dist: 1.088532419243297 vs. 1.088532419243297
list:
dist: 3.5021414021502544 vs. 3.5021414021502544
list:
dist: 2.158024410113848 vs. 2.158024410113848
list:
dist: 1.8809868900277449 vs. 1.8809868900277449
list:
dist: 3.243726418464472 vs. 3.243726418464472
list:
dist: 2.887555958830477 vs. 2.887555958830477
list:
dist: 3.2979336951859635 vs. 3.2979336951859635
list:
dist: 3.2979336951859635 vs. 3.2979336951859635
list:
dist: 1.9451666761148323 vs. 1.9451666761148323
list:
dist: 3.2475274220544583 vs. 3.2475274220544583
list:
dist: 2.6233639045130857 vs. 2.6233639045130857
list:
dist: 1.5955237510120515 vs. 1.5955237510120515
list:
dist: 2.12657542301623 vs. 2.12657542301623
list:
dist: 1.6837999468438156 vs. 1.6837999468438156
list:
dist: 3.016994917647935 vs. 3.016994917647935
list:
dist: 2.0685311039861487 vs. 2.0685311039861487
list:
dist: 1.6518945995523557 vs. 1.6518945995523557
list:
dist: 1.8191274207269295 vs. 1.8191274207269295
list:
dist: 1.199840236927792 vs. 1.199840236927792
list:
dist: 3.4567801145438777 vs. 3.4567801145438777
list:
dist: 2.752711160546486 vs. 2.752711160546486
list:
dist: 2.8608683444212315 vs. 2.8608683444212315
list:
dist: 2.867275976526911 vs. 2.867275976526911
list:
dist: 2.3202683874991368 vs. 2.3202683874991368
list:
dist: 3.5782122370417886 vs. 3.5782122370417886
list:
dist: 2.6140815741076184 vs. 2.6140815741076184
list:
dist: 3.2131690911020625 vs. 3.2131690911020625
list:
dist: 2.424057922578109 vs. 2.424057922578109
list:
dist: 2.7614208595249123 vs. 2.7614208595249123
list:
dist: 2.637777106454697 vs. 2.637777106454697
list:
dist: 5.1233776120123675 vs. 5.1233776120123675
list:
dist: 3.919660143519699 vs. 3.919660143519699
list:
dist: 2.0142133087668888 vs. 2.0142133087668888
list:
dist: 1.732183897177731 vs. 1.732183897177731
list:
dist: 2.765242319735088 vs. 2.765242319735088
list:
dist: 2.6712903021304677 vs. 2.6712903021304677
list:
dist: 1.5162088080380136 vs. 1.5162088080380136
list:
dist: 2.652684716359659 vs. 2.652684716359659
list:
dist: 2.854147855737624 vs. 2.854147855737624
list:
dist: 0.9782390399383069 vs. 0.9782390399383069
list:
dist: 1.4083440396977125 vs. 1.4083440396977125
list:
dist: 3.138199330249221 vs. 3.138199330249221
list:
dist: 1.9076165695759353 vs. 1.9076165695759353
list:
dist: 1.2986659929519262 vs. 1.2986659929519262
list:
dist: 4.206885951616859 vs. 4.206885951616859
list:
dist: 1.2360161123756774 vs. 1.2360161123756774
list:
dist: 2.12657542301623 vs. 2.12657542301623
list:
dist: 3.597074351926264 vs. 3.597074351926264
list:
dist: 3.821256263141102 vs. 3.821256263141102
list:
dist: 3.6788118043789404 vs. 3.6788118043789404
list:
dist: 3.9938615200745997 vs. 3.9938615200745997
list:
dist: 4.0763391236974655 vs. 4.0763391236974655
list:
dist: 3.764626038023235 vs. 3.764626038023235
list:
dist: 5.053557380777954 vs. 5.053557380777954
list:
dist: 2.7204181520960375 vs. 2.7204181520960375
list:
dist: 3.971075114897002 vs. 3.971075114897002
list:
dist: 2.998377991405537 vs. 2.998377991405537
list:
dist: 1.9503803419869465 vs. 1.9503803419869465
list:
dist: 1.7127648114600311 vs. 1.7127648114600311
list:
dist: 3.5021414021502544 vs. 3.5021414021502544
list:
dist: 2.521117110877714 vs. 2.521117110877714
list:
dist: 3.368191119341942 vs. 3.368191119341942
list:
dist: 3.4761701778513965 vs. 3.4761701778513965
list:
dist: 2.9413304539864655 vs. 2.9413304539864655
list:
dist: 3.138199330249221 vs. 3.138199330249221
list:
dist: 2.185039419152505 vs. 2.185039419152505
list:
dist: 3.172900645874514 vs. 3.172900645874514
list:
dist: 1.4199515366636686 vs. 1.4199515366636686
list:
dist: 1.962125095260402 vs. 1.962125095260402
list:
dist: 2.9363113111359067 vs. 2.9363113111359067
list:
dist: 2.0685311039861487 vs. 2.0685311039861487
list:
dist: 3.0955042431605486 vs. 3.0955042431605486
list:
dist: 2.535165445076943 vs. 2.535165445076943
list:
dist: 2.7420666268076483 vs. 2.7420666268076483
list:
dist: 2.8164929350834633 vs. 2.8164929350834633
list:
dist: 2.2741560962819776 vs. 2.2741560962819776
list:
dist: 3.6702251231357037 vs. 3.6702251231357037
list:
dist: 2.0633881073189397 vs. 2.0633881073189397
list:
dist: 3.014622204798156 vs. 3.014622204798156
list:
dist: 1.9978965193483882 vs. 1.9978965193483882
list:
dist: 1.9622255526652455 vs. 1.9622255526652455
list:
dist: 1.7756702319778768 vs. 1.7756702319778768
list:
dist: 5.129127307927846 vs. 5.129127307927846
list:
dist: 4.029980884779355 vs. 4.029980884779355
list:
dist: 1.9635676368576997 vs. 1.9635676368576997
list:
dist: 1.330296742566463 vs. 1.330296742566463
list:
dist: 2.468258632554039 vs. 2.468258632554039
list:
dist: 2.53371789759167 vs. 2.53371789759167
list:
dist: 1.5086610314102382 vs. 1.5086610314102382
list:
dist: 3.1535492385343997 vs. 3.1535492385343997
list:
dist: 3.6594942555652676 vs. 3.6594942555652676
list:
dist: 0.9782390399383069 vs. 0.9782390399383069
list:
dist: 1.3767903069391034 vs. 1.3767903069391034
list:
dist: 2.185039419152505 vs. 2.185039419152505
list:
dist: 0.9689909113934245 vs. 0.9689909113934245
list:
dist: 0.36286643269988583 vs. 0.36286643269988583
list:
dist: 4.365062721140424 vs. 4.365062721140424
list:
dist: 1.42509617177448 vs. 1.42509617177448
list:
dist: 1.6837999468438156 vs. 1.6837999468438156
list:
dist: 4.15244685091372 vs. 4.15244685091372
list:
dist: 3.243726418464472 vs. 3.243726418464472
list:
dist: 2.2278552830293155 vs. 2.2278552830293155
list:
dist: 2.767490747361388 vs. 2.767490747361388
list:
dist: 1.4178695684782616 vs. 1.4178695684782616
list:
dist: 1.613341189150656 vs. 1.613341189150656
list:
dist: 2.856870410372938 vs. 2.856870410372938
list:
dist: 2.359269624802845 vs. 2.359269624802845
list:
dist: 2.591649076583557 vs. 2.591649076583557
list:
dist: 2.7230815723847455 vs. 2.7230815723847455
list:
dist: 2.158799219738421 vs. 2.158799219738421
list:
dist: 3.5800743546399456 vs. 3.5800743546399456
list:
dist: 1.8021651415412396 vs. 1.8021651415412396
list:
dist: 2.8734189598064996 vs. 2.8734189598064996
list:
dist: 1.762421412664542 vs. 1.762421412664542
list:
dist: 1.6349462166194084 vs. 1.6349462166194084
list:
dist: 1.4186115182561794 vs. 1.4186115182561794
list:
dist: 1.8809868900277449 vs. 1.8809868900277449
list:
dist: 1.287180089069176 vs. 1.287180089069176
list:
dist: 2.3265729950965417 vs. 2.3265729950965417
list:
dist: 2.54017326435087 vs. 2.54017326435087
list:
dist: 1.6754064255064007 vs. 1.6754064255064007
list:
dist: 1.2986659929519262 vs. 1.2986659929519262
list:
dist: 0.36286643269988583 vs. 0.36286643269988583
list:
dist: 1.3393750670633164 vs. 1.3393750670633164
list:
dist: 1.962125095260402 vs. 1.962125095260402
list:
dist: 0.7078001924480655 vs. 0.7078001924480655
list:
dist: 1.746140946025328 vs. 1.746140946025328
list:
dist: 1.8191274207269295 vs. 1.8191274207269295
list:
dist: 2.887555958830477 vs. 2.887555958830477
list:
dist: 1.8993984630134961 vs. 1.8993984630134961
list:
dist: 3.190106155491835 vs. 3.190106155491835
list:
dist: 2.585052205299852 vs. 2.585052205299852
list:
dist: 1.2431043399859922 vs. 1.2431043399859922
list:
dist: 3.7238813094917607 vs. 3.7238813094917607
list:
dist: 3.813358409426966 vs. 3.813358409426966
list:
dist: 1.2360161123756774 vs. 1.2360161123756774
list:
dist: 1.42509617177448 vs. 1.42509617177448
list:
dist: 2.5080465292085763 vs. 2.5080465292085763
list:
dist: 2.9363113111359067 vs. 2.9363113111359067
list:
dist: 2.013503182782051 vs. 2.013503182782051
list:
dist: 1.746140946025328 vs. 1.746140946025328
list:
dist: 5.162073545829134 vs. 5.162073545829134
list:
dist: 1.199840236927792 vs. 1.199840236927792
list:
dist: 4.363380073582163 vs. 4.363380073582163
list:
dist: 3.0090577151508393 vs. 3.0090577151508393
list:
dist: 3.2154075741873633 vs. 3.2154075741873633
list:
dist: 3.1002377076465373 vs. 3.1002377076465373
list:
dist: 4.0391874264012 vs. 4.0391874264012
list:
dist: 2.947110248671113 vs. 2.947110248671113
list:
dist: 2.5412757080922272 vs. 2.5412757080922272
list:
dist: 2.7565412831291396 vs. 2.7565412831291396
list:
dist: 1.9166785478116688 vs. 1.9166785478116688
list:
dist: 2.975911540352214 vs. 2.975911540352214
list:
dist: 3.151704496421727 vs. 3.151704496421727
list:
dist: 2.1495507443182693 vs. 2.1495507443182693
list:
dist: 1.8742311086624126 vs. 1.8742311086624126
list:
dist: 3.4136968511135937 vs. 3.4136968511135937
list:
dist: 2.422442650144376 vs. 2.422442650144376
list:
dist: 2.7685959881499858 vs. 2.7685959881499858
list:
dist: 2.1527827728836137 vs. 2.1527827728836137
list:
dist: 1.260665201522384 vs. 1.260665201522384
list:
dist: 1.381503519226414 vs. 1.381503519226414
list:
dist: 1.3507362200659763 vs. 1.3507362200659763
list:
dist: 2.6712903021304677 vs. 2.6712903021304677
list:
dist: 2.53371789759167 vs. 2.53371789759167
list:
dist: 2.82405667969829 vs. 2.82405667969829
list:
dist: 3.4761701778513965 vs. 3.4761701778513965
list:
dist: 2.3769009897328743 vs. 2.3769009897328743
list:
dist: 2.54017326435087 vs. 2.54017326435087
list:
dist: 1.4178695684782616 vs. 1.4178695684782616
list:
dist: 2.585052205299852 vs. 2.585052205299852
list:
dist: 2.6233639045130857 vs. 2.6233639045130857
list:
dist: 2.935226972599569 vs. 2.935226972599569
list:
dist: 2.15981265403756 vs. 2.15981265403756
list:
dist: 0.7958423623201195 vs. 0.7958423623201195
list:
dist: 1.0683481055794917 vs. 1.0683481055794917
list:
dist: 2.505773924223225 vs. 2.505773924223225
list:
dist: 1.2189882545052118 vs. 1.2189882545052118
list:
dist: 1.9817185409963871 vs. 1.9817185409963871
list:
dist: 1.9613937857798045 vs. 1.9613937857798045
list:
dist: 2.4038283302166117 vs. 2.4038283302166117
list:
dist: 1.5780334853319795 vs. 1.5780334853319795
list:
dist: 3.735372667240016 vs. 3.735372667240016
list:
dist: 3.8112337883547376 vs. 3.8112337883547376
list:
dist: 2.6306912551003694 vs. 2.6306912551003694
list:
dist: 2.6878622606741502 vs. 2.6878622606741502
list:
dist: 2.433190757855769 vs. 2.433190757855769
list:
dist: 2.7249956211315327 vs. 2.7249956211315327
list:
dist: 3.1165863308254598 vs. 3.1165863308254598
list:
dist: 3.6842113582534464 vs. 3.6842113582534464
list:
dist: 3.410946762061634 vs. 3.410946762061634
list:
dist: 2.107803525527794 vs. 2.107803525527794
list:
dist: 3.196849381582207 vs. 3.196849381582207
list:
dist: 1.9526972485891068 vs. 1.9526972485891068
list:
dist: 2.2743394656916878 vs. 2.2743394656916878
list:
dist: 3.0722213985064157 vs. 3.0722213985064157
list:
dist: 3.1956595783195603 vs. 3.1956595783195603
list:
dist: 2.653957699678946 vs. 2.653957699678946
list:
dist: 3.196849381582207 vs. 3.196849381582207
list:
dist: 2.8797192326801127 vs. 2.8797192326801127
list:
dist: 3.0815135488123833 vs. 3.0815135488123833
list:
dist: 2.240552713397795 vs. 2.240552713397795
list:
dist: 2.203671263711683 vs. 2.203671263711683
list:
dist: 1.3289116210801042 vs. 1.3289116210801042
list:
dist: 1.4713142889061175 vs. 1.4713142889061175
list:
dist: 1.494401781457297 vs. 1.494401781457297
list:
dist: 2.226901542049244 vs. 2.226901542049244
list:
dist: 2.12013344915078 vs. 2.12013344915078
list:
dist: 2.2113523568708793 vs. 2.2113523568708793
list:
dist: 1.440098044275167 vs. 1.440098044275167
list:
dist: 1.7169912216196364 vs. 1.7169912216196364
list:
dist: 1.5207642907321604 vs. 1.5207642907321604
list:
dist: 1.0285690154873248 vs. 1.0285690154873248
list:
dist: 0.9522945600113354 vs. 0.9522945600113354
list:
dist: 0.7246106224686194 vs. 0.7246106224686194
list:
dist: 1.2487600002865045 vs. 1.2487600002865045
list:
dist: 1.378386451425241 vs. 1.378386451425241
list:
dist: 1.9001095565808002 vs. 1.9001095565808002
list:
dist: 2.238416688412797 vs. 2.238416688412797
list:
dist: 2.2083354693184365 vs. 2.2083354693184365
list:
dist: 2.265616417573901 vs. 2.265616417573901
list:
dist: 1.21653367048295 vs. 1.21653367048295
list:
dist: 0.8714186412027676 vs. 0.8714186412027676
list:
dist: 2.1812582898237696 vs. 2.1812582898237696
list:
dist: 2.5096046820798303 vs. 2.5096046820798303
list:
dist: 2.3687076583945483 vs. 2.3687076583945483
list:
dist: 3.8112337883547376 vs. 3.8112337883547376
list:
dist: 3.3217449530161494 vs. 3.3217449530161494
list:
dist: 3.412339332598859 vs. 3.412339332598859
list:
dist: 3.017918520673882 vs. 3.017918520673882
list:
dist: 1.841523279959081 vs. 1.841523279959081
list:
dist: 3.161415922318063 vs. 3.161415922318063
list:
dist: 2.219548851175253 vs. 2.219548851175253
list:
dist: 2.532395547405842 vs. 2.532395547405842
list:
dist: 1.6876935688140615 vs. 1.6876935688140615
list:
dist: 3.2314156910120655 vs. 3.2314156910120655
list:
dist: 2.388361558366732 vs. 2.388361558366732
list:
dist: 1.0412343988094994 vs. 1.0412343988094994
list:
dist: 1.9698984373581359 vs. 1.9698984373581359
list:
dist: 2.6410211548705975 vs. 2.6410211548705975
list:
dist: 1.4482777537512828 vs. 1.4482777537512828
list:
dist: 2.3187824233455436 vs. 2.3187824233455436
list:
dist: 1.1540788240687059 vs. 1.1540788240687059
list:
dist: 1.4463110321068555 vs. 1.4463110321068555
list:
dist: 2.57006865812127 vs. 2.57006865812127
list:
dist: 1.8276850756843714 vs. 1.8276850756843714
list:
dist: 1.440098044275167 vs. 1.440098044275167
list:
dist: 2.328224294689579 vs. 2.328224294689579
list:
dist: 1.6220845650294728 vs. 1.6220845650294728
list:
dist: 2.8387814903495032 vs. 2.8387814903495032
list:
dist: 2.1610257906167 vs. 2.1610257906167
list:
dist: 1.3957222198700938 vs. 1.3957222198700938
list:
dist: 2.4038283302166117 vs. 2.4038283302166117
list:
dist: 1.795124071878501 vs. 1.795124071878501
list:
dist: 1.8631804395898508 vs. 1.8631804395898508
list:
dist: 0.988276861989475 vs. 0.988276861989475
list:
dist: 1.8276484253533654 vs. 1.8276484253533654
list:
dist: 0.9377683123558329 vs. 0.9377683123558329
list:
dist: 1.2965397317164633 vs. 1.2965397317164633
list:
dist: 1.7766842320973721 vs. 1.7766842320973721
list:
dist: 1.6451627261642652 vs. 1.6451627261642652
list:
dist: 2.0223236476789745 vs. 2.0223236476789745
list:
dist: 1.6876935688140615 vs. 1.6876935688140615
list:
dist: 1.985729438512744 vs. 1.985729438512744
list:
dist: 2.338952983727237 vs. 2.338952983727237
list:
dist: 0.9168141490863048 vs. 0.9168141490863048
list:
dist: 1.8479991370241922 vs. 1.8479991370241922
list:
dist: 1.5440810260047297 vs. 1.5440810260047297
list:
dist: 2.2918170050264046 vs. 2.2918170050264046
list:
dist: 2.6281254299575374 vs. 2.6281254299575374
list:
dist: 0.9700495869216313 vs. 0.9700495869216313
list:
dist: 1.494401781457297 vs. 1.494401781457297
list:
dist: 2.5287477187100595 vs. 2.5287477187100595
list:
dist: 2.6241967828790447 vs. 2.6241967828790447
list:
dist: 3.0580936012038555 vs. 3.0580936012038555
list:
dist: 2.6764822171905305 vs. 2.6764822171905305
list:
dist: 2.285529865083983 vs. 2.285529865083983
list:
dist: 1.4517168741527373 vs. 1.4517168741527373
list:
dist: 0.8231885209620335 vs. 0.8231885209620335
list:
dist: 2.107803525527794 vs. 2.107803525527794
list:
dist: 1.6181718415917858 vs. 1.6181718415917858
list:
dist: 1.715217867833367 vs. 1.715217867833367
list:
dist: 0.7142478143107625 vs. 0.7142478143107625
list:
dist: 1.896924508704026 vs. 1.896924508704026
list:
dist: 1.3719889512026433 vs. 1.3719889512026433
list:
dist: 1.7192378041400505 vs. 1.7192378041400505
list:
dist: 0.9700495869216313 vs. 0.9700495869216313
list:
dist: 2.130018246602615 vs. 2.130018246602615
list:
dist: 2.60342869710989 vs. 2.60342869710989
list:
dist: 1.6590984237861752 vs. 1.6590984237861752
list:
dist: 1.8276850756843714 vs. 1.8276850756843714
list:
dist: 1.4243335740513579 vs. 1.4243335740513579
list:
dist: 2.268418850224648 vs. 2.268418850224648
list:
dist: 0.8948387102106435 vs. 0.8948387102106435
list:
dist: 2.125737319438179 vs. 2.125737319438179
list:
dist: 1.5607595682202666 vs. 1.5607595682202666
list:
dist: 2.1806322455273417 vs. 2.1806322455273417
list:
dist: 2.727925458492538 vs. 2.727925458492538
list:
dist: 1.9001095565808002 vs. 1.9001095565808002
list:
dist: 2.351146724292927 vs. 2.351146724292927
list:
dist: 2.742791399708455 vs. 2.742791399708455
list:
dist: 3.2863927406477877 vs. 3.2863927406477877
list:
dist: 2.9209193543568164 vs. 2.9209193543568164
list:
dist: 2.46924779055525 vs. 2.46924779055525
list:
dist: 3.1946168948218916 vs. 3.1946168948218916
list:
dist: 2.4262773096181025 vs. 2.4262773096181025
list:
dist: 1.5404125364531254 vs. 1.5404125364531254
list:
dist: 0.7958423623201195 vs. 0.7958423623201195
list:
dist: 0.3571869254350097 vs. 0.3571869254350097
list:
dist: 1.8501458020715065 vs. 1.8501458020715065
list:
dist: 1.2818844557144304 vs. 1.2818844557144304
list:
dist: 1.6289607028945863 vs. 1.6289607028945863
list:
dist: 1.720293277314591 vs. 1.720293277314591
list:
dist: 1.795124071878501 vs. 1.795124071878501
list:
dist: 1.4484997462535676 vs. 1.4484997462535676
list:
dist: 3.269943950344098 vs. 3.269943950344098
list:
dist: 3.3217449530161494 vs. 3.3217449530161494
list:
dist: 2.5409617253233954 vs. 2.5409617253233954
list:
dist: 2.774820799652323 vs. 2.774820799652323
list:
dist: 2.067924469432956 vs. 2.067924469432956
list:
dist: 2.6221665532879137 vs. 2.6221665532879137
list:
dist: 2.8245291795784944 vs. 2.8245291795784944
list:
dist: 3.481636122691688 vs. 3.481636122691688
list:
dist: 3.414873261744602 vs. 3.414873261744602
list:
dist: 1.6181718415917858 vs. 1.6181718415917858
list:
dist: 2.8797192326801127 vs. 2.8797192326801127
list:
dist: 2.274292231218122 vs. 2.274292231218122
list:
dist: 2.517331581670355 vs. 2.517331581670355
list:
dist: 3.26252247919321 vs. 3.26252247919321
list:
dist: 1.7687357080616182 vs. 1.7687357080616182
list:
dist: 2.007464075214932 vs. 2.007464075214932
list:
dist: 3.735372667240016 vs. 3.735372667240016
list:
dist: 3.269943950344098 vs. 3.269943950344098
list:
dist: 3.3261066739085767 vs. 3.3261066739085767
list:
dist: 3.083706934818084 vs. 3.083706934818084
list:
dist: 1.63945775004426 vs. 1.63945775004426
list:
dist: 3.3971140187591042 vs. 3.3971140187591042
list:
dist: 2.6309353062990914 vs. 2.6309353062990914
list:
dist: 2.9834048798443034 vs. 2.9834048798443034
list:
dist: 2.0223236476789745 vs. 2.0223236476789745
list:
dist: 3.5958970167232542 vs. 3.5958970167232542
list:
dist: 3.128327190805839 vs. 3.128327190805839
list:
dist: 1.0412343988094994 vs. 1.0412343988094994
list:
dist: 1.8598790059252777 vs. 1.8598790059252777
list:
dist: 2.994607796854428 vs. 2.994607796854428
list:
dist: 1.7365837817276848 vs. 1.7365837817276848
list:
dist: 2.899309540621832 vs. 2.899309540621832
list:
dist: 1.6558674788349237 vs. 1.6558674788349237
list:
dist: 1.8417598729628069 vs. 1.8417598729628069
list:
dist: 3.119977338341593 vs. 3.119977338341593
list:
dist: 1.6590984237861752 vs. 1.6590984237861752
list:
dist: 2.2113523568708793 vs. 2.2113523568708793
list:
dist: 3.04620962574624 vs. 3.04620962574624
list:
dist: 2.339664921416995 vs. 2.339664921416995
list:
dist: 3.13983298679551 vs. 3.13983298679551
list:
dist: 0.9713407998863971 vs. 0.9713407998863971
list:
dist: 2.15981265403756 vs. 2.15981265403756
list:
dist: 1.5404125364531254 vs. 1.5404125364531254
list:
dist: 1.467023801207233 vs. 1.467023801207233
list:
dist: 3.4498319628536644 vs. 3.4498319628536644
list:
dist: 0.5982754964781923 vs. 0.5982754964781923
list:
dist: 2.3261188910985258 vs. 2.3261188910985258
list:
dist: 1.9565508671162228 vs. 1.9565508671162228
list:
dist: 2.284120131894129 vs. 2.284120131894129
list:
dist: 1.3957222198700938 vs. 1.3957222198700938
list:
dist: 2.4998107980675606 vs. 2.4998107980675606
list:
dist: 2.007464075214932 vs. 2.007464075214932
list:
dist: 2.3687076583945483 vs. 2.3687076583945483
list:
dist: 2.1641354999451243 vs. 2.1641354999451243
list:
dist: 3.0476667556531685 vs. 3.0476667556531685
list:
dist: 1.6933257362001128 vs. 1.6933257362001128
list:
dist: 2.8854588651015094 vs. 2.8854588651015094
list:
dist: 2.3535823946088477 vs. 2.3535823946088477
list:
dist: 2.959864901512248 vs. 2.959864901512248
list:
dist: 3.5412088577157976 vs. 3.5412088577157976
list:
dist: 0.8231885209620335 vs. 0.8231885209620335
list:
dist: 2.653957699678946 vs. 2.653957699678946
list:
dist: 3.4299498023277692 vs. 3.4299498023277692
list:
dist: 2.4998107980675606 vs. 2.4998107980675606
list:
dist: 1.5780334853319795 vs. 1.5780334853319795
list:
dist: 1.4484997462535676 vs. 1.4484997462535676
list:
dist: 1.6957656690225495 vs. 1.6957656690225495
list:
dist: 2.4777690218698503 vs. 2.4777690218698503
list:
dist: 0.6074552708390992 vs. 0.6074552708390992
list:
dist: 1.0154741456847651 vs. 1.0154741456847651
list:
dist: 0.758635202170011 vs. 0.758635202170011
list:
dist: 1.7766842320973721 vs. 1.7766842320973721
list:
dist: 2.4966829985643875 vs. 2.4966829985643875
list:
dist: 3.5958970167232542 vs. 3.5958970167232542
list:
dist: 3.2314156910120655 vs. 3.2314156910120655
list:
dist: 2.595713352692089 vs. 2.595713352692089
list:
dist: 2.1017641391284094 vs. 2.1017641391284094
list:
dist: 1.9313117646542177 vs. 1.9313117646542177
list:
dist: 1.7003706580106388 vs. 1.7003706580106388
list:
dist: 2.5040858003278297 vs. 2.5040858003278297
list:
dist: 3.147055903398606 vs. 3.147055903398606
list:
dist: 2.58066162149486 vs. 2.58066162149486
list:
dist: 2.130018246602615 vs. 2.130018246602615
list:
dist: 2.226901542049244 vs. 2.226901542049244
list:
dist: 1.7145204378168597 vs. 1.7145204378168597
list:
dist: 1.4624724642161908 vs. 1.4624724642161908
list:
dist: 2.0730364670273635 vs. 2.0730364670273635
list:
dist: 2.9051764418803128 vs. 2.9051764418803128
list:
dist: 2.9591206627076314 vs. 2.9591206627076314
list:
dist: 2.865773363557446 vs. 2.865773363557446
list:
dist: 2.839726977147135 vs. 2.839726977147135
list:
dist: 2.1121457945446482 vs. 2.1121457945446482
list:
dist: 2.2166349293887553 vs. 2.2166349293887553
list:
dist: 2.285529865083983 vs. 2.285529865083983
list:
dist: 2.9591206627076314 vs. 2.9591206627076314
list:
dist: 2.884926059651152 vs. 2.884926059651152
list:
dist: 2.339664921416995 vs. 2.339664921416995
list:
dist: 1.6220845650294728 vs. 1.6220845650294728
list:
dist: 1.7847086003160488 vs. 1.7847086003160488
list:
dist: 1.5741646983979594 vs. 1.5741646983979594
list:
dist: 1.6202783522072994 vs. 1.6202783522072994
list:
dist: 1.36801874501968 vs. 1.36801874501968
list:
dist: 0.9204775343717699 vs. 0.9204775343717699
list:
dist: 0.7550143103226531 vs. 0.7550143103226531
list:
dist: 1.1178133562463841 vs. 1.1178133562463841
list:
dist: 2.46924779055525 vs. 2.46924779055525
list:
dist: 0.8714186412027676 vs. 0.8714186412027676
list:
dist: 2.507737828306977 vs. 2.507737828306977
list:
dist: 2.556773928554751 vs. 2.556773928554751
list:
dist: 2.4328563688773808 vs. 2.4328563688773808
list:
dist: 0.7395745801729376 vs. 0.7395745801729376
list:
dist: 1.5271007756568638 vs. 1.5271007756568638
list:
dist: 2.2743394656916878 vs. 2.2743394656916878
list:
dist: 2.517331581670355 vs. 2.517331581670355
list:
dist: 2.8534726702608673 vs. 2.8534726702608673
list:
dist: 1.247701409825642 vs. 1.247701409825642
list:
dist: 1.6986037193124734 vs. 1.6986037193124734
list:
dist: 1.3965234762645762 vs. 1.3965234762645762
list:
dist: 2.6241967828790447 vs. 2.6241967828790447
list:
dist: 1.4624724642161908 vs. 1.4624724642161908
list:
dist: 3.4223292339495512 vs. 3.4223292339495512
list:
dist: 2.3694018951593434 vs. 2.3694018951593434
list:
dist: 1.2218484381646961 vs. 1.2218484381646961
list:
dist: 2.224226323076383 vs. 2.224226323076383
list:
dist: 1.2702478733389484 vs. 1.2702478733389484
list:
dist: 2.434251143678884 vs. 2.434251143678884
list:
dist: 2.7816933835093165 vs. 2.7816933835093165
list:
dist: 1.6842885972707315 vs. 1.6842885972707315
list:
dist: 2.742791399708455 vs. 2.742791399708455
list:
dist: 2.2083354693184365 vs. 2.2083354693184365
list:
dist: 0.8231841724148294 vs. 0.8231841724148294
list:
dist: 0.8019369100618567 vs. 0.8019369100618567
list:
dist: 2.218304002489561 vs. 2.218304002489561
list:
dist: 2.556773928554751 vs. 2.556773928554751
list:
dist: 2.6480059409845715 vs. 2.6480059409845715
list:
dist: 2.7922300457963467 vs. 2.7922300457963467
list:
dist: 1.9565508671162228 vs. 1.9565508671162228
list:
dist: 1.9817185409963871 vs. 1.9817185409963871
list:
dist: 1.6289607028945863 vs. 1.6289607028945863
list:
dist: 1.8485931337609574 vs. 1.8485931337609574
list:
dist: 1.7569184944817657 vs. 1.7569184944817657
list:
dist: 1.033618690256638 vs. 1.033618690256638
list:
dist: 0.3783724916019552 vs. 0.3783724916019552
list:
dist: 0.9377683123558329 vs. 0.9377683123558329
list:
dist: 1.0154741456847651 vs. 1.0154741456847651
list:
dist: 2.0181966065478063 vs. 2.0181966065478063
list:
dist: 2.6309353062990914 vs. 2.6309353062990914
list:
dist: 2.219548851175253 vs. 2.219548851175253
list:
dist: 1.8400177241252744 vs. 1.8400177241252744
list:
dist: 1.6589370531211656 vs. 1.6589370531211656
list:
dist: 0.9564540699891629 vs. 0.9564540699891629
list:
dist: 1.147800316627601 vs. 1.147800316627601
list:
dist: 1.5414998386644845 vs. 1.5414998386644845
list:
dist: 2.2429189590371563 vs. 2.2429189590371563
list:
dist: 2.045725947259733 vs. 2.045725947259733
list:
dist: 1.3719889512026433 vs. 1.3719889512026433
list:
dist: 1.3289116210801042 vs. 1.3289116210801042
list:
dist: 1.7197893361543204 vs. 1.7197893361543204
list:
dist: 1.6986037193124734 vs. 1.6986037193124734
list:
dist: 2.1733789530527297 vs. 2.1733789530527297
list:
dist: 2.255301491873993 vs. 2.255301491873993
list:
dist: 2.1121457945446482 vs. 2.1121457945446482
list:
dist: 3.191932636034514 vs. 3.191932636034514
list:
dist: 2.3261188910985258 vs. 2.3261188910985258
list:
dist: 1.2189882545052118 vs. 1.2189882545052118
list:
dist: 1.2818844557144304 vs. 1.2818844557144304
list:
dist: 1.6091911101727385 vs. 1.6091911101727385
list:
dist: 2.382954909970829 vs. 2.382954909970829
list:
dist: 1.033618690256638 vs. 1.033618690256638
list:
dist: 0.8517849305972606 vs. 0.8517849305972606
list:
dist: 1.8276484253533654 vs. 1.8276484253533654
list:
dist: 0.6074552708390992 vs. 0.6074552708390992
list:
dist: 2.885351012334112 vs. 2.885351012334112
list:
dist: 3.3971140187591042 vs. 3.3971140187591042
list:
dist: 3.161415922318063 vs. 3.161415922318063
list:
dist: 2.1741990903899526 vs. 2.1741990903899526
list:
dist: 1.763731764965621 vs. 1.763731764965621
list:
dist: 1.7452568336702965 vs. 1.7452568336702965
list:
dist: 1.6012361032524387 vs. 1.6012361032524387
list:
dist: 2.3217122790892097 vs. 2.3217122790892097
list:
dist: 2.907802251339742 vs. 2.907802251339742
list:
dist: 2.380248653416509 vs. 2.380248653416509
list:
dist: 1.896924508704026 vs. 1.896924508704026
list:
dist: 2.203671263711683 vs. 2.203671263711683
list:
dist: 1.225189419271652 vs. 1.225189419271652
list:
dist: 1.247701409825642 vs. 1.247701409825642
list:
dist: 1.9866300255427167 vs. 1.9866300255427167
list:
dist: 2.809366494065727 vs. 2.809366494065727
list:
dist: 2.839726977147135 vs. 2.839726977147135
list:
dist: 3.1705648337729655 vs. 3.1705648337729655
list:
dist: 2.959864901512248 vs. 2.959864901512248
list:
dist: 3.6842113582534464 vs. 3.6842113582534464
list:
dist: 3.481636122691688 vs. 3.481636122691688
list:
dist: 3.700780084602187 vs. 3.700780084602187
list:
dist: 2.620787109685069 vs. 2.620787109685069
list:
dist: 2.907802251339742 vs. 2.907802251339742
list:
dist: 2.2429189590371563 vs. 2.2429189590371563
list:
dist: 2.420884952920259 vs. 2.420884952920259
list:
dist: 2.2918170050264046 vs. 2.2918170050264046
list:
dist: 3.147055903398606 vs. 3.147055903398606
list:
dist: 3.235579508553329 vs. 3.235579508553329
list:
dist: 1.8417598729628069 vs. 1.8417598729628069
list:
dist: 1.4463110321068555 vs. 1.4463110321068555
list:
dist: 1.276412090867804 vs. 1.276412090867804
list:
dist: 1.6368300744725077 vs. 1.6368300744725077
list:
dist: 1.4876727768843292 vs. 1.4876727768843292
list:
dist: 1.7069989982256781 vs. 1.7069989982256781
list:
dist: 0.7552521664562746 vs. 0.7552521664562746
list:
dist: 1.4520317767307762 vs. 1.4520317767307762
list:
dist: 2.1806322455273417 vs. 2.1806322455273417
list:
dist: 1.2487600002865045 vs. 1.2487600002865045
list:
dist: 2.500396568185464 vs. 2.500396568185464
list:
dist: 2.7816933835093165 vs. 2.7816933835093165
list:
dist: 2.8136415984124987 vs. 2.8136415984124987
list:
dist: 1.3588284031552538 vs. 1.3588284031552538
list:
dist: 0.7550143103226531 vs. 0.7550143103226531
list:
dist: 1.396251962472515 vs. 1.396251962472515
list:
dist: 3.6011006189078847 vs. 3.6011006189078847
list:
dist: 3.0476667556531685 vs. 3.0476667556531685
list:
dist: 2.6878622606741502 vs. 2.6878622606741502
list:
dist: 2.774820799652323 vs. 2.774820799652323
list:
dist: 3.094359217615138 vs. 3.094359217615138
list:
dist: 2.909444180979972 vs. 2.909444180979972
list:
dist: 1.763731764965621 vs. 1.763731764965621
list:
dist: 1.6589370531211656 vs. 1.6589370531211656
list:
dist: 1.588711984460284 vs. 1.588711984460284
list:
dist: 2.338952983727237 vs. 2.338952983727237
list:
dist: 2.1017641391284094 vs. 2.1017641391284094
list:
dist: 3.3704886659111057 vs. 3.3704886659111057
list:
dist: 2.994607796854428 vs. 2.994607796854428
list:
dist: 2.6410211548705975 vs. 2.6410211548705975
list:
dist: 1.3937684321061177 vs. 1.3937684321061177
list:
dist: 1.585815007522238 vs. 1.585815007522238
list:
dist: 0.838310874338678 vs. 0.838310874338678
list:
dist: 1.4889002048479973 vs. 1.4889002048479973
list:
dist: 1.6368300744725077 vs. 1.6368300744725077
list:
dist: 0.7819633506112386 vs. 0.7819633506112386
list:
dist: 2.268418850224648 vs. 2.268418850224648
list:
dist: 1.5207642907321604 vs. 1.5207642907321604
list:
dist: 0.978678471893058 vs. 0.978678471893058
list:
dist: 1.2218484381646961 vs. 1.2218484381646961
list:
dist: 1.3768848339097954 vs. 1.3768848339097954
list:
dist: 1.3985752459061043 vs. 1.3985752459061043
list:
dist: 1.5741646983979594 vs. 1.5741646983979594
list:
dist: 1.5324210030296377 vs. 1.5324210030296377
list:
dist: 2.378161655846599 vs. 2.378161655846599
list:
dist: 2.885351012334112 vs. 2.885351012334112
list:
dist: 2.0181966065478063 vs. 2.0181966065478063
list:
dist: 2.156015733284814 vs. 2.156015733284814
list:
dist: 1.6451627261642652 vs. 1.6451627261642652
list:
dist: 2.4966829985643875 vs. 2.4966829985643875
list:
dist: 3.128327190805839 vs. 3.128327190805839
list:
dist: 2.388361558366732 vs. 2.388361558366732
list:
dist: 3.4318385234470816 vs. 3.4318385234470816
list:
dist: 3.3704886659111057 vs. 3.3704886659111057
list:
dist: 2.319440244666569 vs. 2.319440244666569
list:
dist: 2.593752532101791 vs. 2.593752532101791
list:
dist: 2.5881339705172746 vs. 2.5881339705172746
list:
dist: 3.235579508553329 vs. 3.235579508553329
list:
dist: 3.3579085800226975 vs. 3.3579085800226975
list:
dist: 2.60342869710989 vs. 2.60342869710989
list:
dist: 2.12013344915078 vs. 2.12013344915078
list:
dist: 3.679961740092581 vs. 3.679961740092581
list:
dist: 3.4223292339495512 vs. 3.4223292339495512
list:
dist: 3.5987787597155467 vs. 3.5987787597155467
list:
dist: 3.141679249073119 vs. 3.141679249073119
list:
dist: 2.884926059651152 vs. 2.884926059651152
list:
dist: 3.3791720524361657 vs. 3.3791720524361657
list:
dist: 2.809366494065727 vs. 2.809366494065727
list:
dist: 2.255301491873993 vs. 2.255301491873993
list:
dist: 2.234431318894728 vs. 2.234431318894728
list:
dist: 2.6764822171905305 vs. 2.6764822171905305
list:
dist: 2.9051764418803128 vs. 2.9051764418803128
list:
dist: 3.141679249073119 vs. 3.141679249073119
list:
dist: 3.04620962574624 vs. 3.04620962574624
list:
dist: 2.328224294689579 vs. 2.328224294689579
list:
dist: 2.1555915898759848 vs. 2.1555915898759848
list:
dist: 1.3985752459061043 vs. 1.3985752459061043
list:
dist: 2.036309812780868 vs. 2.036309812780868
list:
dist: 1.218463000616426 vs. 1.218463000616426
list:
dist: 1.48813568918831 vs. 1.48813568918831
list:
dist: 1.3588284031552538 vs. 1.3588284031552538
list:
dist: 0.6784499359442027 vs. 0.6784499359442027
list:
dist: 2.9209193543568164 vs. 2.9209193543568164
list:
dist: 1.21653367048295 vs. 1.21653367048295
list:
dist: 2.3332491605382657 vs. 2.3332491605382657
list:
dist: 2.218304002489561 vs. 2.218304002489561
list:
dist: 1.8945562207040028 vs. 1.8945562207040028
list:
dist: 0.7395745801729376 vs. 0.7395745801729376
list:
dist: 1.4186503490370448 vs. 1.4186503490370448
list:
dist: 2.730676519636049 vs. 2.730676519636049
list:
dist: 2.3535823946088477 vs. 2.3535823946088477
list:
dist: 3.1165863308254598 vs. 3.1165863308254598
list:
dist: 2.8245291795784944 vs. 2.8245291795784944
list:
dist: 3.0255336309470238 vs. 3.0255336309470238
list:
dist: 1.9856766173086953 vs. 1.9856766173086953
list:
dist: 2.3217122790892097 vs. 2.3217122790892097
list:
dist: 1.5414998386644845 vs. 1.5414998386644845
list:
dist: 1.7695692502168805 vs. 1.7695692502168805
list:
dist: 1.5440810260047297 vs. 1.5440810260047297
list:
dist: 2.5040858003278297 vs. 2.5040858003278297
list:
dist: 2.5881339705172746 vs. 2.5881339705172746
list:
dist: 1.6558674788349237 vs. 1.6558674788349237
list:
dist: 1.1540788240687059 vs. 1.1540788240687059
list:
dist: 1.1172828777840818 vs. 1.1172828777840818
list:
dist: 1.4889002048479973 vs. 1.4889002048479973
list:
dist: 0.7728512660456467 vs. 0.7728512660456467
list:
dist: 1.30158997779145 vs. 1.30158997779145
list:
dist: 0.7552521664562746 vs. 0.7552521664562746
list:
dist: 1.5099614507880383 vs. 1.5099614507880383
list:
dist: 1.5607595682202666 vs. 1.5607595682202666
list:
dist: 0.7246106224686194 vs. 0.7246106224686194
list:
dist: 2.2069354388923266 vs. 2.2069354388923266
list:
dist: 2.434251143678884 vs. 2.434251143678884
list:
dist: 2.603818020590121 vs. 2.603818020590121
list:
dist: 1.48813568918831 vs. 1.48813568918831
list:
dist: 0.9204775343717699 vs. 0.9204775343717699
list:
dist: 1.9332523692643047 vs. 1.9332523692643047
list:
dist: 2.263363765904525 vs. 2.263363765904525
list:
dist: 1.6933257362001128 vs. 1.6933257362001128
list:
dist: 2.433190757855769 vs. 2.433190757855769
list:
dist: 2.067924469432956 vs. 2.067924469432956
list:
dist: 2.2557024874478038 vs. 2.2557024874478038
list:
dist: 1.3888894215441314 vs. 1.3888894215441314
list:
dist: 1.7452568336702965 vs. 1.7452568336702965
list:
dist: 0.9564540699891629 vs. 0.9564540699891629
list:
dist: 1.2734424974364593 vs. 1.2734424974364593
list:
dist: 0.9168141490863048 vs. 0.9168141490863048
list:
dist: 1.9313117646542177 vs. 1.9313117646542177
list:
dist: 2.319440244666569 vs. 2.319440244666569
list:
dist: 1.7365837817276848 vs. 1.7365837817276848
list:
dist: 1.4482777537512828 vs. 1.4482777537512828
list:
dist: 1.1214954233670136 vs. 1.1214954233670136
list:
dist: 1.585815007522238 vs. 1.585815007522238
list:
dist: 1.322683206941965 vs. 1.322683206941965
list:
dist: 0.7728512660456467 vs. 0.7728512660456467
list:
dist: 1.4876727768843292 vs. 1.4876727768843292
list:
dist: 1.900289754165706 vs. 1.900289754165706
list:
dist: 0.8948387102106435 vs. 0.8948387102106435
list:
dist: 1.0285690154873248 vs. 1.0285690154873248
list:
dist: 1.9654781361133453 vs. 1.9654781361133453
list:
dist: 2.224226323076383 vs. 2.224226323076383
list:
dist: 2.6075237668714633 vs. 2.6075237668714633
list:
dist: 2.036309812780868 vs. 2.036309812780868
list:
dist: 1.6202783522072994 vs. 1.6202783522072994
list:
dist: 2.4984244235892508 vs. 2.4984244235892508
list:
dist: 1.19816330790929 vs. 1.19816330790929
list:
dist: 0.5982754964781923 vs. 0.5982754964781923
list:
dist: 2.505773924223225 vs. 2.505773924223225
list:
dist: 1.8501458020715065 vs. 1.8501458020715065
list:
dist: 1.8105097954520595 vs. 1.8105097954520595
list:
dist: 3.0270076598797373 vs. 3.0270076598797373
list:
dist: 2.382954909970829 vs. 2.382954909970829
list:
dist: 1.7569184944817657 vs. 1.7569184944817657
list:
dist: 2.1219930437129064 vs. 2.1219930437129064
list:
dist: 0.988276861989475 vs. 0.988276861989475
list:
dist: 2.4777690218698503 vs. 2.4777690218698503
list:
dist: 2.378161655846599 vs. 2.378161655846599
list:
dist: 1.63945775004426 vs. 1.63945775004426
list:
dist: 1.841523279959081 vs. 1.841523279959081
list:
dist: 2.0719050777921506 vs. 2.0719050777921506
list:
dist: 2.909444180979972 vs. 2.909444180979972
list:
dist: 1.3888894215441314 vs. 1.3888894215441314
list:
dist: 2.6352614628803797 vs. 2.6352614628803797
list:
dist: 1.9856766173086953 vs. 1.9856766173086953
list:
dist: 2.620787109685069 vs. 2.620787109685069
list:
dist: 3.2891680195657047 vs. 3.2891680195657047
list:
dist: 0.7142478143107625 vs. 0.7142478143107625
list:
dist: 2.240552713397795 vs. 2.240552713397795
list:
dist: 3.3791720524361657 vs. 3.3791720524361657
list:
dist: 2.865773363557446 vs. 2.865773363557446
list:
dist: 3.3553643461298384 vs. 3.3553643461298384
list:
dist: 3.4498319628536644 vs. 3.4498319628536644
list:
dist: 3.0270076598797373 vs. 3.0270076598797373
list:
dist: 3.083706934818084 vs. 3.083706934818084
list:
dist: 3.017918520673882 vs. 3.017918520673882
list:
dist: 0.9713407998863971 vs. 0.9713407998863971
list:
dist: 2.935226972599569 vs. 2.935226972599569
list:
dist: 2.4262773096181025 vs. 2.4262773096181025
list:
dist: 2.34412700166401 vs. 2.34412700166401
list:
dist: 3.3553643461298384 vs. 3.3553643461298384
list:
dist: 1.19816330790929 vs. 1.19816330790929
list:
dist: 3.191932636034514 vs. 3.191932636034514
list:
dist: 2.7922300457963467 vs. 2.7922300457963467
list:
dist: 3.1388284815821366 vs. 3.1388284815821366
list:
dist: 2.1610257906167 vs. 2.1610257906167
list:
dist: 3.4299498023277692 vs. 3.4299498023277692
list:
dist: 1.7687357080616182 vs. 1.7687357080616182
list:
dist: 2.5096046820798303 vs. 2.5096046820798303
list:
dist: 2.423059159781346 vs. 2.423059159781346
list:
dist: 3.6011006189078847 vs. 3.6011006189078847
list:
dist: 2.263363765904525 vs. 2.263363765904525
list:
dist: 3.554837194237626 vs. 3.554837194237626
list:
dist: 2.730676519636049 vs. 2.730676519636049
list:
dist: 3.1705648337729655 vs. 3.1705648337729655
list:
dist: 4.051175054671463 vs. 4.051175054671463
list:
dist: 1.4517168741527373 vs. 1.4517168741527373
list:
dist: 3.1956595783195603 vs. 3.1956595783195603
list:
dist: 2.34412700166401 vs. 2.34412700166401
list:
dist: 1.467023801207233 vs. 1.467023801207233
list:
dist: 1.0683481055794917 vs. 1.0683481055794917
list:
dist: 0.3571869254350097 vs. 0.3571869254350097
list:
dist: 1.8105097954520595 vs. 1.8105097954520595
list:
dist: 1.6091911101727385 vs. 1.6091911101727385
list:
dist: 1.8485931337609574 vs. 1.8485931337609574
list:
dist: 1.9690895805077946 vs. 1.9690895805077946
list:
dist: 1.8631804395898508 vs. 1.8631804395898508
list:
dist: 1.6957656690225495 vs. 1.6957656690225495
list:
dist: 3.3261066739085767 vs. 3.3261066739085767
list:
dist: 3.412339332598859 vs. 3.412339332598859
list:
dist: 2.782126155672485 vs. 2.782126155672485
list:
dist: 3.094359217615138 vs. 3.094359217615138
list:
dist: 2.2557024874478038 vs. 2.2557024874478038
list:
dist: 2.901049551646992 vs. 2.901049551646992
list:
dist: 3.0255336309470238 vs. 3.0255336309470238
list:
dist: 3.700780084602187 vs. 3.700780084602187
list:
dist: 3.712600963087587 vs. 3.712600963087587
list:
dist: 1.715217867833367 vs. 1.715217867833367
list:
dist: 3.0815135488123833 vs. 3.0815135488123833
list:
dist: 2.627780604878031 vs. 2.627780604878031
list:
dist: 2.8534726702608673 vs. 2.8534726702608673
list:
dist: 3.5866756368651314 vs. 3.5866756368651314
list:
dist: 3.1388284815821366 vs. 3.1388284815821366
list:
dist: 2.284120131894129 vs. 2.284120131894129
list:
dist: 1.9613937857798045 vs. 1.9613937857798045
list:
dist: 1.720293277314591 vs. 1.720293277314591
list:
dist: 1.9690895805077946 vs. 1.9690895805077946
list:
dist: 2.1219930437129064 vs. 2.1219930437129064
list:
dist: 0.8517849305972606 vs. 0.8517849305972606
list:
dist: 0.3783724916019552 vs. 0.3783724916019552
list:
dist: 1.2965397317164633 vs. 1.2965397317164633
list:
dist: 0.758635202170011 vs. 0.758635202170011
list:
dist: 2.156015733284814 vs. 2.156015733284814
list:
dist: 2.9834048798443034 vs. 2.9834048798443034
list:
dist: 2.532395547405842 vs. 2.532395547405842
list:
dist: 2.039100596983072 vs. 2.039100596983072
list:
dist: 1.588711984460284 vs. 1.588711984460284
list:
dist: 1.2734424974364593 vs. 1.2734424974364593
list:
dist: 1.0528135290305434 vs. 1.0528135290305434
list:
dist: 1.7695692502168805 vs. 1.7695692502168805
list:
dist: 2.420884952920259 vs. 2.420884952920259
list:
dist: 1.9793782845339216 vs. 1.9793782845339216
list:
dist: 1.7192378041400505 vs. 1.7192378041400505
list:
dist: 1.4713142889061175 vs. 1.4713142889061175
list:
dist: 1.5605366354790673 vs. 1.5605366354790673
list:
dist: 1.3965234762645762 vs. 1.3965234762645762
list:
dist: 1.876323743331012 vs. 1.876323743331012
list:
dist: 2.234431318894728 vs. 2.234431318894728
list:
dist: 2.2166349293887553 vs. 2.2166349293887553
list:
dist: 2.423059159781346 vs. 2.423059159781346
list:
dist: 2.1641354999451243 vs. 2.1641354999451243
list:
dist: 2.6306912551003694 vs. 2.6306912551003694
list:
dist: 2.5409617253233954 vs. 2.5409617253233954
list:
dist: 2.782126155672485 vs. 2.782126155672485
list:
dist: 2.0719050777921506 vs. 2.0719050777921506
list:
dist: 2.1741990903899526 vs. 2.1741990903899526
list:
dist: 1.8400177241252744 vs. 1.8400177241252744
list:
dist: 2.039100596983072 vs. 2.039100596983072
list:
dist: 1.985729438512744 vs. 1.985729438512744
list:
dist: 2.595713352692089 vs. 2.595713352692089
list:
dist: 3.4318385234470816 vs. 3.4318385234470816
list:
dist: 1.8598790059252777 vs. 1.8598790059252777
list:
dist: 1.9698984373581359 vs. 1.9698984373581359
list:
dist: 1.3937684321061177 vs. 1.3937684321061177
list:
dist: 1.1214954233670136 vs. 1.1214954233670136
list:
dist: 1.7385114621976978 vs. 1.7385114621976978
list:
dist: 1.1172828777840818 vs. 1.1172828777840818
list:
dist: 1.276412090867804 vs. 1.276412090867804
list:
dist: 1.8295385141009741 vs. 1.8295385141009741
list:
dist: 1.4243335740513579 vs. 1.4243335740513579
list:
dist: 1.7169912216196364 vs. 1.7169912216196364
list:
dist: 1.7883255906297848 vs. 1.7883255906297848
list:
dist: 2.3694018951593434 vs. 2.3694018951593434
list:
dist: 2.7412817504824742 vs. 2.7412817504824742
list:
dist: 2.1555915898759848 vs. 2.1555915898759848
list:
dist: 1.7847086003160488 vs. 1.7847086003160488
list:
dist: 1.8977999909372947 vs. 1.8977999909372947
list:
dist: 3.554837194237626 vs. 3.554837194237626
list:
dist: 2.8854588651015094 vs. 2.8854588651015094
list:
dist: 2.7249956211315327 vs. 2.7249956211315327
list:
dist: 2.6221665532879137 vs. 2.6221665532879137
list:
dist: 2.901049551646992 vs. 2.901049551646992
list:
dist: 2.6352614628803797 vs. 2.6352614628803797
list:
dist: 1.6012361032524387 vs. 1.6012361032524387
list:
dist: 1.147800316627601 vs. 1.147800316627601
list:
dist: 1.0528135290305434 vs. 1.0528135290305434
list:
dist: 1.8479991370241922 vs. 1.8479991370241922
list:
dist: 1.7003706580106388 vs. 1.7003706580106388
list:
dist: 2.593752532101791 vs. 2.593752532101791
list:
dist: 2.899309540621832 vs. 2.899309540621832
list:
dist: 2.3187824233455436 vs. 2.3187824233455436
list:
dist: 1.7385114621976978 vs. 1.7385114621976978
list:
dist: 0.838310874338678 vs. 0.838310874338678
list:
dist: 1.322683206941965 vs. 1.322683206941965
list:
dist: 1.30158997779145 vs. 1.30158997779145
list:
dist: 1.7069989982256781 vs. 1.7069989982256781
list:
dist: 0.9424486052154499 vs. 0.9424486052154499
list:
dist: 2.125737319438179 vs. 2.125737319438179
list:
dist: 0.9522945600113354 vs. 0.9522945600113354
list:
dist: 1.4281987078723974 vs. 1.4281987078723974
list:
dist: 1.2702478733389484 vs. 1.2702478733389484
list:
dist: 1.3600462565520128 vs. 1.3600462565520128
list:
dist: 1.218463000616426 vs. 1.218463000616426
list:
dist: 1.36801874501968 vs. 1.36801874501968
list:
dist: 2.045892576851381 vs. 2.045892576851381
list:
dist: 3.0722213985064157 vs. 3.0722213985064157
list:
dist: 3.26252247919321 vs. 3.26252247919321
list:
dist: 3.5866756368651314 vs. 3.5866756368651314
list:
dist: 1.9866300255427167 vs. 1.9866300255427167
list:
dist: 2.1733789530527297 vs. 2.1733789530527297
list:
dist: 1.876323743331012 vs. 1.876323743331012
list:
dist: 3.0580936012038555 vs. 3.0580936012038555
list:
dist: 2.0730364670273635 vs. 2.0730364670273635
list:
dist: 3.5987787597155467 vs. 3.5987787597155467
list:
dist: 2.7412817504824742 vs. 2.7412817504824742
list:
dist: 1.3768848339097954 vs. 1.3768848339097954
list:
dist: 2.6075237668714633 vs. 2.6075237668714633
list:
dist: 1.3600462565520128 vs. 1.3600462565520128
list:
dist: 2.603818020590121 vs. 2.603818020590121
list:
dist: 2.8136415984124987 vs. 2.8136415984124987
list:
dist: 1.448669503055174 vs. 1.448669503055174
list:
dist: 3.2863927406477877 vs. 3.2863927406477877
list:
dist: 2.265616417573901 vs. 2.265616417573901
list:
dist: 1.4465088480182782 vs. 1.4465088480182782
list:
dist: 0.8019369100618567 vs. 0.8019369100618567
list:
dist: 1.8945562207040028 vs. 1.8945562207040028
list:
dist: 2.4328563688773808 vs. 2.4328563688773808
list:
dist: 2.463525392907485 vs. 2.463525392907485
list:
dist: 3.13983298679551 vs. 3.13983298679551
list:
dist: 2.8387814903495032 vs. 2.8387814903495032
list:
dist: 1.8977999909372947 vs. 1.8977999909372947
list:
dist: 1.5324210030296377 vs. 1.5324210030296377
list:
dist: 2.4984244235892508 vs. 2.4984244235892508
list:
dist: 2.045892576851381 vs. 2.045892576851381
list:
dist: 1.9332523692643047 vs. 1.9332523692643047
list:
dist: 1.396251962472515 vs. 1.396251962472515
list:
dist: 1.2106483480028922 vs. 1.2106483480028922
list:
dist: 3.1946168948218916 vs. 3.1946168948218916
list:
dist: 2.1812582898237696 vs. 2.1812582898237696
list:
dist: 2.3695912083338913 vs. 2.3695912083338913
list:
dist: 2.6480059409845715 vs. 2.6480059409845715
list:
dist: 2.463525392907485 vs. 2.463525392907485
list:
dist: 1.4186503490370448 vs. 1.4186503490370448
list:
dist: 1.5271007756568638 vs. 1.5271007756568638
list:
dist: 1.9526972485891068 vs. 1.9526972485891068
list:
dist: 2.274292231218122 vs. 2.274292231218122
list:
dist: 2.627780604878031 vs. 2.627780604878031
list:
dist: 1.225189419271652 vs. 1.225189419271652
list:
dist: 1.7197893361543204 vs. 1.7197893361543204
list:
dist: 1.5605366354790673 vs. 1.5605366354790673
list:
dist: 2.5287477187100595 vs. 2.5287477187100595
list:
dist: 1.7145204378168597 vs. 1.7145204378168597
list:
dist: 3.679961740092581 vs. 3.679961740092581
list:
dist: 1.7883255906297848 vs. 1.7883255906297848
list:
dist: 0.978678471893058 vs. 0.978678471893058
list:
dist: 1.9654781361133453 vs. 1.9654781361133453
list:
dist: 1.4281987078723974 vs. 1.4281987078723974
list:
dist: 2.2069354388923266 vs. 2.2069354388923266
list:
dist: 2.500396568185464 vs. 2.500396568185464
list:
dist: 1.7101600776538464 vs. 1.7101600776538464
list:
dist: 2.351146724292927 vs. 2.351146724292927
list:
dist: 2.238416688412797 vs. 2.238416688412797
list:
dist: 0.8231841724148294 vs. 0.8231841724148294
list:
dist: 1.4465088480182782 vs. 1.4465088480182782
list:
dist: 2.3332491605382657 vs. 2.3332491605382657
list:
dist: 2.507737828306977 vs. 2.507737828306977
list:
dist: 2.3695912083338913 vs. 2.3695912083338913
list:
dist: 4.051175054671463 vs. 4.051175054671463
list:
dist: 3.5412088577157976 vs. 3.5412088577157976
list:
dist: 3.410946762061634 vs. 3.410946762061634
list:
dist: 3.414873261744602 vs. 3.414873261744602
list:
dist: 3.712600963087587 vs. 3.712600963087587
list:
dist: 3.2891680195657047 vs. 3.2891680195657047
list:
dist: 2.380248653416509 vs. 2.380248653416509
list:
dist: 2.045725947259733 vs. 2.045725947259733
list:
dist: 1.9793782845339216 vs. 1.9793782845339216
list:
dist: 2.6281254299575374 vs. 2.6281254299575374
list:
dist: 2.58066162149486 vs. 2.58066162149486
list:
dist: 3.3579085800226975 vs. 3.3579085800226975
list:
dist: 3.119977338341593 vs. 3.119977338341593
list:
dist: 2.57006865812127 vs. 2.57006865812127
list:
dist: 1.8295385141009741 vs. 1.8295385141009741
list:
dist: 0.7819633506112386 vs. 0.7819633506112386
list:
dist: 1.900289754165706 vs. 1.900289754165706
list:
dist: 0.9424486052154499 vs. 0.9424486052154499
list:
dist: 1.5099614507880383 vs. 1.5099614507880383
list:
dist: 1.4520317767307762 vs. 1.4520317767307762
list:
dist: 2.727925458492538 vs. 2.727925458492538
list:
dist: 1.378386451425241 vs. 1.378386451425241
list:
dist: 1.7101600776538464 vs. 1.7101600776538464
list:
dist: 1.6842885972707315 vs. 1.6842885972707315
list:
dist: 1.448669503055174 vs. 1.448669503055174
list:
dist: 0.6784499359442027 vs. 0.6784499359442027
list:
dist: 1.1178133562463841 vs. 1.1178133562463841
list:
dist: 1.2106483480028922 vs. 1.2106483480028922
300
rk
<OccurredElementalReaction>
	 elmtlRkId: 3
	 p(id,type,coords) 90 4 5.979916466427304 -3.1020433527322666 19.34207827736589
</OccurredElementalReaction>
rk
<OccurredElementalReaction>
	 elmtlRkId: 2
	 p(id,type,coords) 75 3 3.9079995396365224 0.43109831555516914 15.656162448138858
</OccurredElementalReaction>
<OccurredElementalReaction>
	 elmtlRkId: 0
	 p(id,type,coords) 2 1 0.34151189875400095 0.8600534003961147 0.12851255993211336
</OccurredElementalReaction>
rk
<OccurredElementalReaction>
	 elmtlRkId: 1
	 p(id,type,coords) 59 2 6.796791260996332 6.244097225610568 6.88464026135423
</OccurredElementalReaction>
400
Neighbor List consistency Check...
--------
nle(id0,id1,dist): 5 6 2.3785610331055724
list:
dist: 2.3785610331055724 vs. 2.3785610331055724
--------
nle(id0,id1,dist): 5 7 1.6828696746312193
list:
dist: 1.6828696746312193 vs. 1.6828696746312193
--------
nle(id0,id1,dist): 5 21 1.9141299118704445
list:
dist: 1.9141299118704445 vs. 1.9141299118704445
--------
nle(id0,id1,dist): 5 20 2.8169170032386157
list:
dist: 2.8169170032386157 vs. 2.8169170032386157
--------
nle(id0,id1,dist): 5 23 0.790421872025837
list:
dist: 0.790421872025837 vs. 0.790421872025837
--------
nle(id0,id1,dist): 5 22 3.3936814678608607
list:
dist: 3.3936814678608607 vs. 3.3936814678608607
--------
nle(id0,id1,dist): 5 17 1.8427855458262985
list:
dist: 1.8427855458262985 vs. 1.8427855458262985
--------
nle(id0,id1,dist): 5 16 1.299822305465407
list:
dist: 1.299822305465407 vs. 1.299822305465407
--------
nle(id0,id1,dist): 5 19 2.472538498710869
list:
dist: 2.472538498710869 vs. 2.472538498710869
--------
nle(id0,id1,dist): 5 18 1.902799735624075
list:
dist: 1.902799735624075 vs. 1.902799735624075
--------
nle(id0,id1,dist): 5 12 2.446334135788822
list:
dist: 2.446334135788822 vs. 2.446334135788822
--------
nle(id0,id1,dist): 5 15 1.2722463709031036
list:
dist: 1.2722463709031036 vs. 1.2722463709031036
--------
nle(id0,id1,dist): 5 9 0.9131111006913296
list:
dist: 0.9131111006913296 vs. 0.9131111006913296
--------
nle(id0,id1,dist): 5 11 1.586426388976532
list:
dist: 1.586426388976532 vs. 1.586426388976532
--------
nle(id0,id1,dist): 5 10 2.546065321569559
list:
dist: 2.546065321569559 vs. 2.546065321569559
--------
nle(id0,id1,dist): 4 9 2.417383271365552
list:
dist: 2.417383271365552 vs. 2.417383271365552
--------
nle(id0,id1,dist): 4 7 2.582745455037412
list:
dist: 2.582745455037412 vs. 2.582745455037412
--------
nle(id0,id1,dist): 4 8 2.5961691831644798
list:
dist: 2.5961691831644798 vs. 2.5961691831644798
--------
nle(id0,id1,dist): 4 5 1.9014698889302184
list:
dist: 1.9014698889302184 vs. 1.9014698889302184
--------
nle(id0,id1,dist): 4 6 1.6085718154515356
list:
dist: 1.6085718154515356 vs. 1.6085718154515356
--------
nle(id0,id1,dist): 4 23 2.5137504977701277
list:
dist: 2.5137504977701277 vs. 2.5137504977701277
--------
nle(id0,id1,dist): 4 17 2.973597927031894
list:
dist: 2.973597927031894 vs. 2.973597927031894
--------
nle(id0,id1,dist): 4 16 1.0170822247938573
list:
dist: 1.0170822247938573 vs. 1.0170822247938573
--------
nle(id0,id1,dist): 6 23 2.7143615989287113
list:
dist: 2.7143615989287113 vs. 2.7143615989287113
--------
nle(id0,id1,dist): 7 9 1.9139292479952408
list:
dist: 1.9139292479952408 vs. 1.9139292479952408
--------
nle(id0,id1,dist): 7 8 1.61894448365803
list:
dist: 1.61894448365803 vs. 1.61894448365803
--------
nle(id0,id1,dist): 7 11 2.325468777915699
list:
dist: 2.325468777915699 vs. 2.325468777915699
--------
nle(id0,id1,dist): 7 10 2.586765387219805
list:
dist: 2.586765387219805 vs. 2.586765387219805
--------
nle(id0,id1,dist): 7 13 2.3535285217050315
list:
dist: 2.3535285217050315 vs. 2.3535285217050315
--------
nle(id0,id1,dist): 7 12 1.6391401374387355
list:
dist: 1.6391401374387355 vs. 1.6391401374387355
--------
nle(id0,id1,dist): 5 26 3.4505453070580834
list:
dist: 3.4505453070580834 vs. 3.4505453070580834
--------
nle(id0,id1,dist): 5 27 3.505801855730806
list:
dist: 3.505801855730806 vs. 3.505801855730806
--------
nle(id0,id1,dist): 5 24 3.874585836349698
list:
dist: 3.874585836349698 vs. 3.874585836349698
--------
nle(id0,id1,dist): 5 25 1.4937623902529078
list:
dist: 1.4937623902529078 vs. 1.4937623902529078
--------
nle(id0,id1,dist): 5 28 2.5711959285429398
list:
dist: 2.5711959285429398 vs. 2.5711959285429398
--------
nle(id0,id1,dist): 6 17 3.8730381307943094
list:
dist: 3.8730381307943094 vs. 3.8730381307943094
--------
nle(id0,id1,dist): 6 16 2.1567192112252234
list:
dist: 2.1567192112252234 vs. 2.1567192112252234
--------
nle(id0,id1,dist): 6 9 2.7950322593004637
list:
dist: 2.7950322593004637 vs. 2.7950322593004637
--------
nle(id0,id1,dist): 6 8 1.1220676702919092
list:
dist: 1.1220676702919092 vs. 1.1220676702919092
--------
nle(id0,id1,dist): 6 7 1.818391598283797
list:
dist: 1.818391598283797 vs. 1.818391598283797
--------
nle(id0,id1,dist): 8 13 3.4555370169088886
list:
dist: 3.4555370169088886 vs. 3.4555370169088886
--------
nle(id0,id1,dist): 8 10 3.943913078985659
list:
dist: 3.943913078985659 vs. 3.943913078985659
--------
nle(id0,id1,dist): 8 12 1.8758748121136808
list:
dist: 1.8758748121136808 vs. 1.8758748121136808
--------
nle(id0,id1,dist): 8 23 2.8476081517960288
list:
dist: 2.8476081517960288 vs. 2.8476081517960288
--------
nle(id0,id1,dist): 8 18 3.3929949873129193
list:
dist: 3.3929949873129193 vs. 3.3929949873129193
--------
nle(id0,id1,dist): 7 21 3.1193801047496477
list:
dist: 3.1193801047496477 vs. 3.1193801047496477
--------
nle(id0,id1,dist): 7 20 3.4775531086675975
list:
dist: 3.4775531086675975 vs. 3.4775531086675975
--------
nle(id0,id1,dist): 7 19 2.6744250146715443
list:
dist: 2.6744250146715443 vs. 2.6744250146715443
--------
nle(id0,id1,dist): 7 18 1.8034604942161305
list:
dist: 1.8034604942161305 vs. 1.8034604942161305
--------
nle(id0,id1,dist): 7 17 3.259969726841972
list:
dist: 3.259969726841972 vs. 3.259969726841972
--------
nle(id0,id1,dist): 7 16 2.4421257732487627
list:
dist: 2.4421257732487627 vs. 2.4421257732487627
--------
nle(id0,id1,dist): 7 15 2.021722755135597
list:
dist: 2.021722755135597 vs. 2.021722755135597
--------
nle(id0,id1,dist): 7 28 3.6686200150059913
list:
dist: 3.6686200150059913 vs. 3.6686200150059913
--------
nle(id0,id1,dist): 7 25 2.546444177886778
list:
dist: 2.546444177886778 vs. 2.546444177886778
--------
nle(id0,id1,dist): 7 23 1.5844695019046602
list:
dist: 1.5844695019046602 vs. 1.5844695019046602
--------
nle(id0,id1,dist): 10 12 2.489010061495525
list:
dist: 2.489010061495525 vs. 2.489010061495525
--------
nle(id0,id1,dist): 10 11 1.2701352748682297
list:
dist: 1.2701352748682297 vs. 1.2701352748682297
--------
nle(id0,id1,dist): 10 14 0.7680479155661146
list:
dist: 0.7680479155661146 vs. 0.7680479155661146
--------
nle(id0,id1,dist): 10 13 2.5061076497081842
list:
dist: 2.5061076497081842 vs. 2.5061076497081842
--------
nle(id0,id1,dist): 10 15 1.5159345974597709
list:
dist: 1.5159345974597709 vs. 1.5159345974597709
--------
nle(id0,id1,dist): 10 16 3.5623909753953953
list:
dist: 3.5623909753953953 vs. 3.5623909753953953
--------
nle(id0,id1,dist): 10 17 2.68683548431768
list:
dist: 2.68683548431768 vs. 2.68683548431768
--------
nle(id0,id1,dist): 10 18 1.2778312219041175
list:
dist: 1.2778312219041175 vs. 1.2778312219041175
--------
nle(id0,id1,dist): 10 19 0.6337179287242949
list:
dist: 0.6337179287242949 vs. 0.6337179287242949
--------
nle(id0,id1,dist): 10 20 1.2760568605775047
list:
dist: 1.2760568605775047 vs. 1.2760568605775047
--------
nle(id0,id1,dist): 10 21 1.9101331961382257
list:
dist: 1.9101331961382257 vs. 1.9101331961382257
--------
nle(id0,id1,dist): 10 23 1.8123051495331153
list:
dist: 1.8123051495331153 vs. 1.8123051495331153
--------
nle(id0,id1,dist): 10 25 1.7577357485274236
list:
dist: 1.7577357485274236 vs. 1.7577357485274236
--------
nle(id0,id1,dist): 10 28 2.4434890853852513
list:
dist: 2.4434890853852513 vs. 2.4434890853852513
--------
nle(id0,id1,dist): 10 29 2.575076387469747
list:
dist: 2.575076387469747 vs. 2.575076387469747
--------
nle(id0,id1,dist): 9 11 2.037106537848062
list:
dist: 2.037106537848062 vs. 2.037106537848062
--------
nle(id0,id1,dist): 9 10 2.7131308219139907
list:
dist: 2.7131308219139907 vs. 2.7131308219139907
--------
nle(id0,id1,dist): 9 15 1.2452201100165359
list:
dist: 1.2452201100165359 vs. 1.2452201100165359
--------
nle(id0,id1,dist): 9 12 3.0848856099897586
list:
dist: 3.0848856099897586 vs. 3.0848856099897586
--------
nle(id0,id1,dist): 9 19 2.4361730768465453
list:
dist: 2.4361730768465453 vs. 2.4361730768465453
--------
nle(id0,id1,dist): 9 18 1.7381294448496798
list:
dist: 1.7381294448496798 vs. 1.7381294448496798
--------
nle(id0,id1,dist): 9 17 2.414562353885465
list:
dist: 2.414562353885465 vs. 2.414562353885465
--------
nle(id0,id1,dist): 9 16 2.053533337889167
list:
dist: 2.053533337889167 vs. 2.053533337889167
--------
nle(id0,id1,dist): 9 22 3.6886673741964673
list:
dist: 3.6886673741964673 vs. 3.6886673741964673
--------
nle(id0,id1,dist): 9 23 1.3828249799689951
list:
dist: 1.3828249799689951 vs. 1.3828249799689951
--------
nle(id0,id1,dist): 9 20 3.081098584228104
list:
dist: 3.081098584228104 vs. 3.081098584228104
--------
nle(id0,id1,dist): 9 21 2.0672291336825395
list:
dist: 2.0672291336825395 vs. 2.0672291336825395
--------
nle(id0,id1,dist): 9 26 3.4106176895748876
list:
dist: 3.4106176895748876 vs. 3.4106176895748876
--------
nle(id0,id1,dist): 9 27 3.527360877562353
list:
dist: 3.527360877562353 vs. 3.527360877562353
--------
nle(id0,id1,dist): 9 24 4.016695995513109
list:
dist: 4.016695995513109 vs. 4.016695995513109
--------
nle(id0,id1,dist): 9 25 2.051024399136537
list:
dist: 2.051024399136537 vs. 2.051024399136537
--------
nle(id0,id1,dist): 9 28 2.2502055726235253
list:
dist: 2.2502055726235253 vs. 2.2502055726235253
--------
nle(id0,id1,dist): 12 20 3.218236802366658
list:
dist: 3.218236802366658 vs. 3.218236802366658
--------
nle(id0,id1,dist): 12 19 2.9222678688996564
list:
dist: 2.9222678688996564 vs. 2.9222678688996564
--------
nle(id0,id1,dist): 12 18 2.5401296675309935
list:
dist: 2.5401296675309935 vs. 2.5401296675309935
--------
nle(id0,id1,dist): 12 17 3.197289430932637
list:
dist: 3.197289430932637 vs. 3.197289430932637
--------
nle(id0,id1,dist): 12 16 2.7580396900351576
list:
dist: 2.7580396900351576 vs. 2.7580396900351576
--------
nle(id0,id1,dist): 12 15 2.655691359669102
list:
dist: 2.655691359669102 vs. 2.655691359669102
--------
nle(id0,id1,dist): 12 14 3.255374044712229
list:
dist: 3.255374044712229 vs. 3.255374044712229
--------
nle(id0,id1,dist): 12 13 2.933670597965453
list:
dist: 2.933670597965453 vs. 2.933670597965453
--------
nle(id0,id1,dist): 11 28 2.1297590766601693
list:
dist: 2.1297590766601693 vs. 2.1297590766601693
--------
nle(id0,id1,dist): 11 29 3.390500863980132
list:
dist: 3.390500863980132 vs. 3.390500863980132
--------
nle(id0,id1,dist): 11 26 3.0889514926565877
list:
dist: 3.0889514926565877 vs. 3.0889514926565877
--------
nle(id0,id1,dist): 11 27 2.5121527714709546
list:
dist: 2.5121527714709546 vs. 2.5121527714709546
--------
nle(id0,id1,dist): 11 23 0.9013339377273462
list:
dist: 0.9013339377273462 vs. 0.9013339377273462
--------
nle(id0,id1,dist): 11 22 2.371717313954118
list:
dist: 2.371717313954118 vs. 2.371717313954118
--------
nle(id0,id1,dist): 11 25 0.5040962485307429
list:
dist: 0.5040962485307429 vs. 0.5040962485307429
--------
nle(id0,id1,dist): 11 24 2.82195999488888
list:
dist: 2.82195999488888 vs. 2.82195999488888
--------
nle(id0,id1,dist): 11 19 1.4024920127852356
list:
dist: 1.4024920127852356 vs. 1.4024920127852356
--------
nle(id0,id1,dist): 11 18 1.5607152712617975
list:
dist: 1.5607152712617975 vs. 1.5607152712617975
--------
nle(id0,id1,dist): 11 21 1.1050382346926888
list:
dist: 1.1050382346926888 vs. 1.1050382346926888
--------
nle(id0,id1,dist): 11 20 1.2928919774766667
list:
dist: 1.2928919774766667 vs. 1.2928919774766667
--------
nle(id0,id1,dist): 11 15 1.0053793165628744
list:
dist: 1.0053793165628744 vs. 1.0053793165628744
--------
nle(id0,id1,dist): 11 14 1.7584754062344115
list:
dist: 1.7584754062344115 vs. 1.7584754062344115
--------
nle(id0,id1,dist): 11 17 1.4743708642896736
list:
dist: 1.4743708642896736 vs. 1.4743708642896736
--------
nle(id0,id1,dist): 11 16 2.4148909088914023
list:
dist: 2.4148909088914023 vs. 2.4148909088914023
--------
nle(id0,id1,dist): 11 12 2.271076952448643
list:
dist: 2.271076952448643 vs. 2.271076952448643
--------
nle(id0,id1,dist): 13 18 2.010811780913877
list:
dist: 2.010811780913877 vs. 2.010811780913877
--------
nle(id0,id1,dist): 13 23 3.1132346673831366
list:
dist: 3.1132346673831366 vs. 3.1132346673831366
--------
nle(id0,id1,dist): 12 29 5.050628533902059
list:
dist: 5.050628533902059 vs. 5.050628533902059
--------
nle(id0,id1,dist): 12 21 3.3507291228105824
list:
dist: 3.3507291228105824 vs. 3.3507291228105824
--------
nle(id0,id1,dist): 12 23 1.9712421365518433
list:
dist: 1.9712421365518433 vs. 1.9712421365518433
--------
nle(id0,id1,dist): 12 25 2.473642623079416
list:
dist: 2.473642623079416 vs. 2.473642623079416
--------
nle(id0,id1,dist): 12 28 4.267965516619744
list:
dist: 4.267965516619744 vs. 4.267965516619744
--------
nle(id0,id1,dist): 15 28 1.6851415854554006
list:
dist: 1.6851415854554006 vs. 1.6851415854554006
--------
nle(id0,id1,dist): 15 29 3.390994500669489
list:
dist: 3.390994500669489 vs. 3.390994500669489
--------
nle(id0,id1,dist): 15 26 3.079769982949151
list:
dist: 3.079769982949151 vs. 3.079769982949151
--------
nle(id0,id1,dist): 15 27 2.694601608662064
list:
dist: 2.694601608662064 vs. 2.694601608662064
--------
nle(id0,id1,dist): 15 24 3.184024255709833
list:
dist: 3.184024255709833 vs. 3.184024255709833
--------
nle(id0,id1,dist): 15 25 1.2437325649727062
list:
dist: 1.2437325649727062 vs. 1.2437325649727062
--------
nle(id0,id1,dist): 15 22 2.8904568017001178
list:
dist: 2.8904568017001178 vs. 2.8904568017001178
--------
nle(id0,id1,dist): 15 23 0.8965832523615884
list:
dist: 0.8965832523615884 vs. 0.8965832523615884
--------
nle(id0,id1,dist): 15 21 1.2301039879689257
list:
dist: 1.2301039879689257 vs. 1.2301039879689257
--------
nle(id0,id1,dist): 15 20 1.8928636607820117
list:
dist: 1.8928636607820117 vs. 1.8928636607820117
--------
nle(id0,id1,dist): 15 19 1.2579418255723265
list:
dist: 1.2579418255723265 vs. 1.2579418255723265
--------
nle(id0,id1,dist): 15 18 0.9350846323205172
list:
dist: 0.9350846323205172 vs. 0.9350846323205172
--------
nle(id0,id1,dist): 15 17 1.9798161750414514
list:
dist: 1.9798161750414514 vs. 1.9798161750414514
--------
nle(id0,id1,dist): 15 16 2.488687941231191
list:
dist: 2.488687941231191 vs. 2.488687941231191
--------
nle(id0,id1,dist): 14 27 2.47613177193411
list:
dist: 2.47613177193411 vs. 2.47613177193411
--------
nle(id0,id1,dist): 14 28 2.1735773938541523
list:
dist: 2.1735773938541523 vs. 2.1735773938541523
--------
nle(id0,id1,dist): 14 29 1.8254198348316069
list:
dist: 1.8254198348316069 vs. 1.8254198348316069
--------
nle(id0,id1,dist): 14 15 1.818807803458037
list:
dist: 1.818807803458037 vs. 1.818807803458037
--------
nle(id0,id1,dist): 14 18 1.5940519857385274
list:
dist: 1.5940519857385274 vs. 1.5940519857385274
--------
nle(id0,id1,dist): 14 24 2.931012251317776
list:
dist: 2.931012251317776 vs. 2.931012251317776
--------
nle(id0,id1,dist): 14 26 3.6210101667265695
list:
dist: 3.6210101667265695 vs. 3.6210101667265695
--------
nle(id0,id1,dist): 14 25 2.1835897550790744
list:
dist: 2.1835897550790744 vs. 2.1835897550790744
--------
nle(id0,id1,dist): 14 20 1.2521486545837397
list:
dist: 1.2521486545837397 vs. 1.2521486545837397
--------
nle(id0,id1,dist): 14 19 0.6017237749753417
list:
dist: 0.6017237749753417 vs. 0.6017237749753417
--------
nle(id0,id1,dist): 14 22 2.913282837517648
list:
dist: 2.913282837517648 vs. 2.913282837517648
--------
nle(id0,id1,dist): 14 21 1.9784787923811524
list:
dist: 1.9784787923811524 vs. 1.9784787923811524
--------
nle(id0,id1,dist): 17 18 2.8445857880070413
list:
dist: 2.8445857880070413 vs. 2.8445857880070413
--------
nle(id0,id1,dist): 17 19 2.7129765509182935
list:
dist: 2.7129765509182935 vs. 2.7129765509182935
--------
nle(id0,id1,dist): 17 22 1.796697631015229
list:
dist: 1.796697631015229 vs. 1.796697631015229
--------
nle(id0,id1,dist): 17 23 1.7277286377099246
list:
dist: 1.7277286377099246 vs. 1.7277286377099246
--------
nle(id0,id1,dist): 17 20 2.0753721003963186
list:
dist: 2.0753721003963186 vs. 2.0753721003963186
--------
nle(id0,id1,dist): 17 21 1.2629237620591744
list:
dist: 1.2629237620591744 vs. 1.2629237620591744
--------
nle(id0,id1,dist): 17 26 2.3242849665473986
list:
dist: 2.3242849665473986 vs. 2.3242849665473986
--------
nle(id0,id1,dist): 17 27 2.3801335866688382
list:
dist: 2.3801335866688382 vs. 2.3801335866688382
--------
nle(id0,id1,dist): 17 24 2.4636193513906575
list:
dist: 2.4636193513906575 vs. 2.4636193513906575
--------
nle(id0,id1,dist): 17 25 0.9770226338006516
list:
dist: 0.9770226338006516 vs. 0.9770226338006516
--------
nle(id0,id1,dist): 16 17 1.9712034852393712
list:
dist: 1.9712034852393712 vs. 1.9712034852393712
--------
nle(id0,id1,dist): 16 18 3.148036328240729
list:
dist: 3.148036328240729 vs. 3.148036328240729
--------
nle(id0,id1,dist): 16 19 3.614623666061862
list:
dist: 3.614623666061862 vs. 3.614623666061862
--------
nle(id0,id1,dist): 16 20 3.6044022310686787
list:
dist: 3.6044022310686787 vs. 3.6044022310686787
--------
nle(id0,id1,dist): 16 21 2.7227665525357185
list:
dist: 2.7227665525357185 vs. 2.7227665525357185
--------
nle(id0,id1,dist): 16 22 3.76456044030879
list:
dist: 3.76456044030879 vs. 3.76456044030879
--------
nle(id0,id1,dist): 16 23 1.7924342531943664
list:
dist: 1.7924342531943664 vs. 1.7924342531943664
--------
nle(id0,id1,dist): 16 24 4.394902544701438
list:
dist: 4.394902544701438 vs. 4.394902544701438
--------
nle(id0,id1,dist): 16 25 2.115232414463167
list:
dist: 2.115232414463167 vs. 2.115232414463167
--------
nle(id0,id1,dist): 16 26 3.8765307108931433
list:
dist: 3.8765307108931433 vs. 3.8765307108931433
--------
nle(id0,id1,dist): 16 27 4.195106076410026
list:
dist: 4.195106076410026 vs. 4.195106076410026
--------
nle(id0,id1,dist): 16 28 3.5636145066825433
list:
dist: 3.5636145066825433 vs. 3.5636145066825433
--------
nle(id0,id1,dist): 1 3 1.970846412939874
list:
dist: 1.970846412939874 vs. 1.970846412939874
--------
nle(id0,id1,dist): 1 4 2.6872818427720517
list:
dist: 2.6872818427720517 vs. 2.6872818427720517
--------
nle(id0,id1,dist): 1 5 1.6717832324972532
list:
dist: 1.6717832324972532 vs. 1.6717832324972532
--------
nle(id0,id1,dist): 1 6 2.2391540484884556
list:
dist: 2.2391540484884556 vs. 2.2391540484884556
--------
nle(id0,id1,dist): 1 7 1.0938847938299918
list:
dist: 1.0938847938299918 vs. 1.0938847938299918
--------
nle(id0,id1,dist): 1 8 1.936897738980475
list:
dist: 1.936897738980475 vs. 1.936897738980475
--------
nle(id0,id1,dist): 1 9 2.281289450930071
list:
dist: 2.281289450930071 vs. 2.281289450930071
--------
nle(id0,id1,dist): 1 10 2.1113577258364646
list:
dist: 2.1113577258364646 vs. 2.1113577258364646
--------
nle(id0,id1,dist): 1 11 1.6993561609590382
list:
dist: 1.6993561609590382 vs. 1.6993561609590382
--------
nle(id0,id1,dist): 1 28 3.564248558367313
list:
dist: 3.564248558367313 vs. 3.564248558367313
--------
nle(id0,id1,dist): 1 15 1.9157603003390005
list:
dist: 1.9157603003390005 vs. 1.9157603003390005
--------
nle(id0,id1,dist): 1 13 2.7453895629322718
list:
dist: 2.7453895629322718 vs. 2.7453895629322718
--------
nle(id0,id1,dist): 1 12 0.8065121113953089
list:
dist: 0.8065121113953089 vs. 0.8065121113953089
--------
nle(id0,id1,dist): 1 19 2.4127847399659963
list:
dist: 2.4127847399659963 vs. 2.4127847399659963
--------
nle(id0,id1,dist): 1 18 1.9072525468091672
list:
dist: 1.9072525468091672 vs. 1.9072525468091672
--------
nle(id0,id1,dist): 1 17 2.653457041310096
list:
dist: 2.653457041310096 vs. 2.653457041310096
--------
nle(id0,id1,dist): 1 16 2.2168492341680484
list:
dist: 2.2168492341680484 vs. 2.2168492341680484
--------
nle(id0,id1,dist): 1 23 1.211600895590789
list:
dist: 1.211600895590789 vs. 1.211600895590789
--------
nle(id0,id1,dist): 1 21 2.7105420819372132
list:
dist: 2.7105420819372132 vs. 2.7105420819372132
--------
nle(id0,id1,dist): 1 20 2.824787278832881
list:
dist: 2.824787278832881 vs. 2.824787278832881
--------
nle(id0,id1,dist): 1 25 1.8997027117937109
list:
dist: 1.8997027117937109 vs. 1.8997027117937109
--------
nle(id0,id1,dist): 3 23 2.381190943231725
list:
dist: 2.381190943231725 vs. 2.381190943231725
--------
nle(id0,id1,dist): 3 18 1.6696202762634784
list:
dist: 1.6696202762634784 vs. 1.6696202762634784
--------
nle(id0,id1,dist): 3 8 2.469355121452049
list:
dist: 2.469355121452049 vs. 2.469355121452049
--------
nle(id0,id1,dist): 3 7 1.2783365367157014
list:
dist: 1.2783365367157014 vs. 1.2783365367157014
--------
nle(id0,id1,dist): 3 13 1.1475616872004932
list:
dist: 1.1475616872004932 vs. 1.1475616872004932
--------
nle(id0,id1,dist): 3 12 2.310230926970388
list:
dist: 2.310230926970388 vs. 2.310230926970388
--------
nle(id0,id1,dist): 3 10 2.5139175429961504
list:
dist: 2.5139175429961504 vs. 2.5139175429961504
--------
nle(id0,id1,dist): 37 48 1.592277951934517
list:
dist: 1.592277951934517 vs. 1.592277951934517
--------
nle(id0,id1,dist): 37 49 2.1662005862861338
list:
dist: 2.1662005862861338 vs. 2.1662005862861338
--------
nle(id0,id1,dist): 37 50 2.759079549181016
list:
dist: 2.759079549181016 vs. 2.759079549181016
--------
nle(id0,id1,dist): 37 51 0.8270885452479145
list:
dist: 0.8270885452479145 vs. 0.8270885452479145
--------
nle(id0,id1,dist): 37 52 1.3721469249972833
list:
dist: 1.3721469249972833 vs. 1.3721469249972833
--------
nle(id0,id1,dist): 37 54 2.1208550440660603
list:
dist: 2.1208550440660603 vs. 2.1208550440660603
--------
nle(id0,id1,dist): 37 55 1.597706832752977
list:
dist: 1.597706832752977 vs. 1.597706832752977
--------
nle(id0,id1,dist): 37 40 2.759037558900368
list:
dist: 2.759037558900368 vs. 2.759037558900368
--------
nle(id0,id1,dist): 37 41 2.3944475043347078
list:
dist: 2.3944475043347078 vs. 2.3944475043347078
--------
nle(id0,id1,dist): 37 42 2.8435339241801203
list:
dist: 2.8435339241801203 vs. 2.8435339241801203
--------
nle(id0,id1,dist): 37 43 2.3128343691986704
list:
dist: 2.3128343691986704 vs. 2.3128343691986704
--------
nle(id0,id1,dist): 37 44 2.0790409216976684
list:
dist: 2.0790409216976684 vs. 2.0790409216976684
--------
nle(id0,id1,dist): 37 46 1.683259004909983
list:
dist: 1.683259004909983 vs. 1.683259004909983
--------
nle(id0,id1,dist): 37 47 0.7308176918374136
list:
dist: 0.7308176918374136 vs. 0.7308176918374136
--------
nle(id0,id1,dist): 37 38 3.443611566827158
list:
dist: 3.443611566827158 vs. 3.443611566827158
--------
nle(id0,id1,dist): 36 55 1.780874872173871
list:
dist: 1.780874872173871 vs. 1.780874872173871
--------
nle(id0,id1,dist): 36 56 1.1752380598459977
list:
dist: 1.1752380598459977 vs. 1.1752380598459977
--------
nle(id0,id1,dist): 36 54 1.692639068055262
list:
dist: 1.692639068055262 vs. 1.692639068055262
--------
nle(id0,id1,dist): 36 59 2.5147234795431705
list:
dist: 2.5147234795431705 vs. 2.5147234795431705
--------
nle(id0,id1,dist): 36 57 1.9040217024215098
list:
dist: 1.9040217024215098 vs. 1.9040217024215098
--------
nle(id0,id1,dist): 36 58 0.6635473594073231
list:
dist: 0.6635473594073231 vs. 0.6635473594073231
--------
nle(id0,id1,dist): 36 47 1.8617652562737999
list:
dist: 1.8617652562737999 vs. 1.8617652562737999
--------
nle(id0,id1,dist): 36 48 1.0980564930988845
list:
dist: 1.0980564930988845 vs. 1.0980564930988845
--------
nle(id0,id1,dist): 36 46 2.1172616215681597
list:
dist: 2.1172616215681597 vs. 2.1172616215681597
--------
nle(id0,id1,dist): 36 51 1.6250477601721653
list:
dist: 1.6250477601721653 vs. 1.6250477601721653
--------
nle(id0,id1,dist): 36 52 0.6445436593883015
list:
dist: 0.6445436593883015 vs. 0.6445436593883015
--------
nle(id0,id1,dist): 36 49 1.8324396442657531
list:
dist: 1.8324396442657531 vs. 1.8324396442657531
--------
nle(id0,id1,dist): 36 50 2.151032842869408
list:
dist: 2.151032842869408 vs. 2.151032842869408
--------
nle(id0,id1,dist): 36 40 2.975650319389529
list:
dist: 2.975650319389529 vs. 2.975650319389529
--------
nle(id0,id1,dist): 36 38 2.6793337953286147
list:
dist: 2.6793337953286147 vs. 2.6793337953286147
--------
nle(id0,id1,dist): 36 37 1.161166049777487
list:
dist: 1.161166049777487 vs. 1.161166049777487
--------
nle(id0,id1,dist): 36 44 1.5844861448123602
list:
dist: 1.5844861448123602 vs. 1.5844861448123602
--------
nle(id0,id1,dist): 36 43 1.4688150119242067
list:
dist: 1.4688150119242067 vs. 1.4688150119242067
--------
nle(id0,id1,dist): 36 42 2.7458780826303446
list:
dist: 2.7458780826303446 vs. 2.7458780826303446
--------
nle(id0,id1,dist): 36 41 2.2037135656073406
list:
dist: 2.2037135656073406 vs. 2.2037135656073406
--------
nle(id0,id1,dist): 35 55 2.0743860673022634
list:
dist: 2.0743860673022634 vs. 2.0743860673022634
--------
nle(id0,id1,dist): 35 56 2.108479082973177
list:
dist: 2.108479082973177 vs. 2.108479082973177
--------
nle(id0,id1,dist): 35 51 1.6969240796286518
list:
dist: 1.6969240796286518 vs. 1.6969240796286518
--------
nle(id0,id1,dist): 35 47 1.546584045977401
list:
dist: 1.546584045977401 vs. 1.546584045977401
--------
nle(id0,id1,dist): 35 46 1.223303776551409
list:
dist: 1.223303776551409 vs. 1.223303776551409
--------
nle(id0,id1,dist): 35 42 2.6757693558224935
list:
dist: 2.6757693558224935 vs. 2.6757693558224935
--------
nle(id0,id1,dist): 35 41 3.087754302452742
list:
dist: 3.087754302452742 vs. 3.087754302452742
--------
nle(id0,id1,dist): 35 40 2.218566226066437
list:
dist: 2.218566226066437 vs. 2.218566226066437
--------
nle(id0,id1,dist): 35 37 1.9109690703414899
list:
dist: 1.9109690703414899 vs. 1.9109690703414899
--------
nle(id0,id1,dist): 34 57 4.044937644595659
list:
dist: 4.044937644595659 vs. 4.044937644595659
--------
nle(id0,id1,dist): 34 58 3.2883405707226583
list:
dist: 3.2883405707226583 vs. 3.2883405707226583
--------
nle(id0,id1,dist): 34 55 1.2440397357648387
list:
dist: 1.2440397357648387 vs. 1.2440397357648387
--------
nle(id0,id1,dist): 34 56 2.107083274055543
list:
dist: 2.107083274055543 vs. 2.107083274055543
--------
nle(id0,id1,dist): 34 54 2.771410951061384
list:
dist: 2.771410951061384 vs. 2.771410951061384
--------
nle(id0,id1,dist): 34 52 3.1945550036200343
list:
dist: 3.1945550036200343 vs. 3.1945550036200343
--------
nle(id0,id1,dist): 34 51 1.4953267425950179
list:
dist: 1.4953267425950179 vs. 1.4953267425950179
--------
nle(id0,id1,dist): 34 50 2.9948856403932496
list:
dist: 2.9948856403932496 vs. 2.9948856403932496
--------
nle(id0,id1,dist): 34 49 4.2130668443451125
list:
dist: 4.2130668443451125 vs. 4.2130668443451125
--------
nle(id0,id1,dist): 34 48 2.734272750147592
list:
dist: 2.734272750147592 vs. 2.734272750147592
--------
nle(id0,id1,dist): 34 47 2.177038091479294
list:
dist: 2.177038091479294 vs. 2.177038091479294
--------
nle(id0,id1,dist): 34 46 0.939254597359991
list:
dist: 0.939254597359991 vs. 0.939254597359991
--------
nle(id0,id1,dist): 34 44 4.011936524621521
list:
dist: 4.011936524621521 vs. 4.011936524621521
--------
nle(id0,id1,dist): 34 43 3.9937700394733544
list:
dist: 3.9937700394733544 vs. 3.9937700394733544
--------
nle(id0,id1,dist): 34 42 1.615144255340348
list:
dist: 1.615144255340348 vs. 1.615144255340348
--------
nle(id0,id1,dist): 34 41 1.9657398057155215
list:
dist: 1.9657398057155215 vs. 1.9657398057155215
--------
nle(id0,id1,dist): 34 40 0.9646168233107459
list:
dist: 0.9646168233107459 vs. 0.9646168233107459
--------
nle(id0,id1,dist): 34 36 2.8610017972629906
list:
dist: 2.8610017972629906 vs. 2.8610017972629906
--------
nle(id0,id1,dist): 34 35 1.7673603102156912
list:
dist: 1.7673603102156912 vs. 1.7673603102156912
--------
nle(id0,id1,dist): 34 38 3.557512128148124
list:
dist: 3.557512128148124 vs. 3.557512128148124
--------
nle(id0,id1,dist): 34 37 2.2818548673549706
list:
dist: 2.2818548673549706 vs. 2.2818548673549706
--------
nle(id0,id1,dist): 33 44 3.0383290365376174
list:
dist: 3.0383290365376174 vs. 3.0383290365376174
--------
nle(id0,id1,dist): 33 46 2.2223729696824908
list:
dist: 2.2223729696824908 vs. 2.2223729696824908
--------
nle(id0,id1,dist): 33 47 3.182098090434441
list:
dist: 3.182098090434441 vs. 3.182098090434441
--------
nle(id0,id1,dist): 33 48 1.5652799298166
list:
dist: 1.5652799298166 vs. 1.5652799298166
--------
nle(id0,id1,dist): 33 49 3.4144367169258105
list:
dist: 3.4144367169258105 vs. 3.4144367169258105
--------
nle(id0,id1,dist): 33 50 0.7161110869194557
list:
dist: 0.7161110869194557 vs. 0.7161110869194557
--------
nle(id0,id1,dist): 33 51 2.2744375987378085
list:
dist: 2.2744375987378085 vs. 2.2744375987378085
--------
nle(id0,id1,dist): 33 52 2.760963549866054
list:
dist: 2.760963549866054 vs. 2.760963549866054
--------
nle(id0,id1,dist): 33 53 2.1798624272322167
list:
dist: 2.1798624272322167 vs. 2.1798624272322167
--------
nle(id0,id1,dist): 33 54 1.1960311845249718
list:
dist: 1.1960311845249718 vs. 1.1960311845249718
--------
nle(id0,id1,dist): 33 55 1.425074247822659
list:
dist: 1.425074247822659 vs. 1.425074247822659
--------
nle(id0,id1,dist): 33 56 1.6417190009709959
list:
dist: 1.6417190009709959 vs. 1.6417190009709959
--------
nle(id0,id1,dist): 33 57 2.10629494145651
list:
dist: 2.10629494145651 vs. 2.10629494145651
--------
nle(id0,id1,dist): 33 58 2.4087899813536082
list:
dist: 2.4087899813536082 vs. 2.4087899813536082
--------
nle(id0,id1,dist): 33 59 2.9922841793007997
list:
dist: 2.9922841793007997 vs. 2.9922841793007997
--------
nle(id0,id1,dist): 33 34 2.4271620464140455
list:
dist: 2.4271620464140455 vs. 2.4271620464140455
--------
nle(id0,id1,dist): 33 38 1.1358828606193472
list:
dist: 1.1358828606193472 vs. 1.1358828606193472
--------
nle(id0,id1,dist): 33 37 2.65687415424924
list:
dist: 2.65687415424924 vs. 2.65687415424924
--------
nle(id0,id1,dist): 33 36 2.212386943286193
list:
dist: 2.212386943286193 vs. 2.212386943286193
--------
nle(id0,id1,dist): 33 43 2.6071199807849386
list:
dist: 2.6071199807849386 vs. 2.6071199807849386
--------
nle(id0,id1,dist): 33 42 1.4157763945364534
list:
dist: 1.4157763945364534 vs. 1.4157763945364534
--------
nle(id0,id1,dist): 33 41 0.5574701600278199
list:
dist: 0.5574701600278199 vs. 0.5574701600278199
--------
nle(id0,id1,dist): 33 40 2.0284642254301257
list:
dist: 2.0284642254301257 vs. 2.0284642254301257
--------
nle(id0,id1,dist): 32 51 1.9842598067327657
list:
dist: 1.9842598067327657 vs. 1.9842598067327657
--------
nle(id0,id1,dist): 32 52 3.3274187527482053
list:
dist: 3.3274187527482053 vs. 3.3274187527482053
--------
nle(id0,id1,dist): 32 49 4.248516271612672
list:
dist: 4.248516271612672 vs. 4.248516271612672
--------
nle(id0,id1,dist): 32 50 2.2067591737924994
list:
dist: 2.2067591737924994 vs. 2.2067591737924994
--------
nle(id0,id1,dist): 32 55 1.148777478804403
list:
dist: 1.148777478804403 vs. 1.148777478804403
--------
nle(id0,id1,dist): 32 56 1.9870011016745828
list:
dist: 1.9870011016745828 vs. 1.9870011016745828
--------
nle(id0,id1,dist): 32 54 2.2747156670195006
list:
dist: 2.2747156670195006 vs. 2.2747156670195006
--------
nle(id0,id1,dist): 32 57 3.521158440132374
list:
dist: 3.521158440132374 vs. 3.521158440132374
--------
nle(id0,id1,dist): 32 58 3.2419867249825964
list:
dist: 3.2419867249825964 vs. 3.2419867249825964
--------
nle(id0,id1,dist): 32 38 2.6387072704134242
list:
dist: 2.6387072704134242 vs. 2.6387072704134242
--------
nle(id0,id1,dist): 32 37 2.7175326101825745
list:
dist: 2.7175326101825745 vs. 2.7175326101825745
--------
nle(id0,id1,dist): 32 40 0.7249528220623824
list:
dist: 0.7249528220623824 vs. 0.7249528220623824
--------
nle(id0,id1,dist): 32 34 1.1541729528848437
list:
dist: 1.1541729528848437 vs. 1.1541729528848437
--------
nle(id0,id1,dist): 32 33 1.5505220425603397
list:
dist: 1.5505220425603397 vs. 1.5505220425603397
--------
nle(id0,id1,dist): 32 36 2.872886754379048
list:
dist: 2.872886754379048 vs. 2.872886754379048
--------
nle(id0,id1,dist): 32 35 2.6606377947150532
list:
dist: 2.6606377947150532 vs. 2.6606377947150532
--------
nle(id0,id1,dist): 32 46 1.492951579291978
list:
dist: 1.492951579291978 vs. 1.492951579291978
--------
nle(id0,id1,dist): 32 48 2.467940319589064
list:
dist: 2.467940319589064 vs. 2.467940319589064
--------
nle(id0,id1,dist): 32 47 2.901497169620989
list:
dist: 2.901497169620989 vs. 2.901497169620989
--------
nle(id0,id1,dist): 32 42 0.798247565555064
list:
dist: 0.798247565555064 vs. 0.798247565555064
--------
nle(id0,id1,dist): 32 41 1.1589377269479215
list:
dist: 1.1589377269479215 vs. 1.1589377269479215
--------
nle(id0,id1,dist): 32 44 3.9571280340767747
list:
dist: 3.9571280340767747 vs. 3.9571280340767747
--------
nle(id0,id1,dist): 32 43 3.749599565775964
list:
dist: 3.749599565775964 vs. 3.749599565775964
--------
nle(id0,id1,dist): 31 55 2.068326853490403
list:
dist: 2.068326853490403 vs. 2.068326853490403
--------
nle(id0,id1,dist): 31 56 2.5483420402858656
list:
dist: 2.5483420402858656 vs. 2.5483420402858656
--------
nle(id0,id1,dist): 31 42 2.2557260132069348
list:
dist: 2.2557260132069348 vs. 2.2557260132069348
--------
nle(id0,id1,dist): 31 41 2.9185680887829872
list:
dist: 2.9185680887829872 vs. 2.9185680887829872
--------
nle(id0,id1,dist): 31 40 1.5363868445122861
list:
dist: 1.5363868445122861 vs. 1.5363868445122861
--------
nle(id0,id1,dist): 31 51 2.0641857219278537
list:
dist: 2.0641857219278537 vs. 2.0641857219278537
--------
nle(id0,id1,dist): 31 47 2.3474284204071028
list:
dist: 2.3474284204071028 vs. 2.3474284204071028
--------
nle(id0,id1,dist): 31 46 1.2727578691298926
list:
dist: 1.2727578691298926 vs. 1.2727578691298926
--------
nle(id0,id1,dist): 31 37 2.663525792362965
list:
dist: 2.663525792362965 vs. 2.663525792362965
--------
nle(id0,id1,dist): 31 34 1.0780877846518193
list:
dist: 1.0780877846518193 vs. 1.0780877846518193
--------
nle(id0,id1,dist): 31 35 1.24951836347079
list:
dist: 1.24951836347079 vs. 1.24951836347079
--------
nle(id0,id1,dist): 31 32 2.070613198046207
list:
dist: 2.070613198046207 vs. 2.070613198046207
--------
nle(id0,id1,dist): 43 59 1.158955223040912
list:
dist: 1.158955223040912 vs. 1.158955223040912
--------
nle(id0,id1,dist): 43 58 0.8976590618372042
list:
dist: 0.8976590618372042 vs. 0.8976590618372042
--------
nle(id0,id1,dist): 44 47 2.7088137184475864
list:
dist: 2.7088137184475864 vs. 2.7088137184475864
--------
nle(id0,id1,dist): 44 48 1.5270164418291554
list:
dist: 1.5270164418291554 vs. 1.5270164418291554
--------
nle(id0,id1,dist): 44 46 3.4741706424605203
list:
dist: 3.4741706424605203 vs. 3.4741706424605203
--------
nle(id0,id1,dist): 44 51 2.620941199061227
list:
dist: 2.620941199061227 vs. 2.620941199061227
--------
nle(id0,id1,dist): 44 52 1.8657468495516338
list:
dist: 1.8657468495516338 vs. 1.8657468495516338
--------
nle(id0,id1,dist): 44 49 0.4165238547612078
list:
dist: 0.4165238547612078 vs. 0.4165238547612078
--------
nle(id0,id1,dist): 44 50 2.62188020420582
list:
dist: 2.62188020420582 vs. 2.62188020420582
--------
nle(id0,id1,dist): 43 50 2.1243268801759494
list:
dist: 2.1243268801759494 vs. 2.1243268801759494
--------
nle(id0,id1,dist): 43 51 2.7456666919497463
list:
dist: 2.7456666919497463 vs. 2.7456666919497463
--------
nle(id0,id1,dist): 43 52 1.8124445650825503
list:
dist: 1.8124445650825503 vs. 1.8124445650825503
--------
nle(id0,id1,dist): 43 54 1.675716893940261
list:
dist: 1.675716893940261 vs. 1.675716893940261
--------
nle(id0,id1,dist): 43 55 2.800178671224866
list:
dist: 2.800178671224866 vs. 2.800178671224866
--------
nle(id0,id1,dist): 43 56 2.4120402872300777
list:
dist: 2.4120402872300777 vs. 2.4120402872300777
--------
nle(id0,id1,dist): 43 57 1.0043955569019614
list:
dist: 1.0043955569019614 vs. 1.0043955569019614
--------
nle(id0,id1,dist): 43 44 0.7564202885486104
list:
dist: 0.7564202885486104 vs. 0.7564202885486104
--------
nle(id0,id1,dist): 43 46 3.419597216956966
list:
dist: 3.419597216956966 vs. 3.419597216956966
--------
nle(id0,id1,dist): 43 47 3.0209869674941654
list:
dist: 3.0209869674941654 vs. 3.0209869674941654
--------
nle(id0,id1,dist): 43 48 1.3182211428831279
list:
dist: 1.3182211428831279 vs. 1.3182211428831279
--------
nle(id0,id1,dist): 43 49 1.1503161439305027
list:
dist: 1.1503161439305027 vs. 1.1503161439305027
--------
nle(id0,id1,dist): 42 46 1.5439484570764281
list:
dist: 1.5439484570764281 vs. 1.5439484570764281
--------
nle(id0,id1,dist): 42 44 4.002125280152872
list:
dist: 4.002125280152872 vs. 4.002125280152872
--------
nle(id0,id1,dist): 42 43 3.682116572964865
list:
dist: 3.682116572964865 vs. 3.682116572964865
--------
nle(id0,id1,dist): 42 57 3.3544656662697463
list:
dist: 3.3544656662697463 vs. 3.3544656662697463
--------
nle(id0,id1,dist): 42 58 3.197874640004785
list:
dist: 3.197874640004785 vs. 3.197874640004785
--------
nle(id0,id1,dist): 42 55 1.3324632557599236
list:
dist: 1.3324632557599236 vs. 1.3324632557599236
--------
nle(id0,id1,dist): 42 56 1.6759951331099678
list:
dist: 1.6759951331099678 vs. 1.6759951331099678
--------
nle(id0,id1,dist): 42 54 2.3817440495710076
list:
dist: 2.3817440495710076 vs. 2.3817440495710076
--------
nle(id0,id1,dist): 42 51 2.2518148046580766
list:
dist: 2.2518148046580766 vs. 2.2518148046580766
--------
nle(id0,id1,dist): 42 52 3.1257341092588202
list:
dist: 3.1257341092588202 vs. 3.1257341092588202
--------
nle(id0,id1,dist): 42 49 4.323838135265521
list:
dist: 4.323838135265521 vs. 4.323838135265521
--------
nle(id0,id1,dist): 42 50 2.1262953807122433
list:
dist: 2.1262953807122433 vs. 2.1262953807122433
--------
nle(id0,id1,dist): 42 47 3.1112599911132905
list:
dist: 3.1112599911132905 vs. 3.1112599911132905
--------
nle(id0,id1,dist): 42 48 2.522686555883477
list:
dist: 2.522686555883477 vs. 2.522686555883477
--------
nle(id0,id1,dist): 41 49 3.3813939409407894
list:
dist: 3.3813939409407894 vs. 3.3813939409407894
--------
nle(id0,id1,dist): 41 48 1.517952000443219
list:
dist: 1.517952000443219 vs. 1.517952000443219
--------
nle(id0,id1,dist): 41 51 1.8869349391705283
list:
dist: 1.8869349391705283 vs. 1.8869349391705283
--------
nle(id0,id1,dist): 41 50 1.0735629454828872
list:
dist: 1.0735629454828872 vs. 1.0735629454828872
--------
nle(id0,id1,dist): 41 44 3.0408044579570706
list:
dist: 3.0408044579570706 vs. 3.0408044579570706
--------
nle(id0,id1,dist): 41 47 2.841502538557167
list:
dist: 2.841502538557167 vs. 2.841502538557167
--------
nle(id0,id1,dist): 41 46 1.8924423610742744
list:
dist: 1.8924423610742744 vs. 1.8924423610742744
--------
nle(id0,id1,dist): 41 43 2.737824396596468
list:
dist: 2.737824396596468 vs. 2.737824396596468
--------
nle(id0,id1,dist): 41 42 1.29568010994289
list:
dist: 1.29568010994289 vs. 1.29568010994289
--------
nle(id0,id1,dist): 41 56 1.6279651074267043
list:
dist: 1.6279651074267043 vs. 1.6279651074267043
--------
nle(id0,id1,dist): 41 57 2.4125853337201346
list:
dist: 2.4125853337201346 vs. 2.4125853337201346
--------
nle(id0,id1,dist): 41 58 2.41423474495229
list:
dist: 2.41423474495229 vs. 2.41423474495229
--------
nle(id0,id1,dist): 41 52 2.7735490379444565
list:
dist: 2.7735490379444565 vs. 2.7735490379444565
--------
nle(id0,id1,dist): 41 54 1.18170641920915
list:
dist: 1.18170641920915 vs. 1.18170641920915
--------
nle(id0,id1,dist): 41 55 1.0347541805478766
list:
dist: 1.0347541805478766 vs. 1.0347541805478766
--------
nle(id0,id1,dist): 40 43 4.066380500518154
list:
dist: 4.066380500518154 vs. 4.066380500518154
--------
nle(id0,id1,dist): 40 44 4.258405076885487
list:
dist: 4.258405076885487 vs. 4.258405076885487
--------
nle(id0,id1,dist): 40 41 1.719829185550359
list:
dist: 1.719829185550359 vs. 1.719829185550359
--------
nle(id0,id1,dist): 40 42 0.7932406949730162
list:
dist: 0.7932406949730162 vs. 0.7932406949730162
--------
nle(id0,id1,dist): 40 47 2.838438711559976
list:
dist: 2.838438711559976 vs. 2.838438711559976
--------
nle(id0,id1,dist): 40 48 2.832336186663546
list:
dist: 2.832336186663546 vs. 2.832336186663546
--------
nle(id0,id1,dist): 40 46 1.1982337810822195
list:
dist: 1.1982337810822195 vs. 1.1982337810822195
--------
nle(id0,id1,dist): 40 51 2.056307519316866
list:
dist: 2.056307519316866 vs. 2.056307519316866
--------
nle(id0,id1,dist): 40 52 3.3125943964775546
list:
dist: 3.3125943964775546 vs. 3.3125943964775546
--------
nle(id0,id1,dist): 40 49 4.529170182108729
list:
dist: 4.529170182108729 vs. 4.529170182108729
--------
nle(id0,id1,dist): 40 50 2.71256722673915
list:
dist: 2.71256722673915 vs. 2.71256722673915
--------
nle(id0,id1,dist): 40 55 1.3496861934321844
list:
dist: 1.3496861934321844 vs. 1.3496861934321844
--------
nle(id0,id1,dist): 40 56 1.9489201526090232
list:
dist: 1.9489201526090232 vs. 1.9489201526090232
--------
nle(id0,id1,dist): 40 54 2.7693600517341777
list:
dist: 2.7693600517341777 vs. 2.7693600517341777
--------
nle(id0,id1,dist): 40 58 3.4567455806031746
list:
dist: 3.4567455806031746 vs. 3.4567455806031746
--------
nle(id0,id1,dist): 40 57 3.899454139068681
list:
dist: 3.899454139068681 vs. 3.899454139068681
--------
nle(id0,id1,dist): 39 63 2.951489528766542
list:
dist: 2.951489528766542 vs. 2.951489528766542
--------
nle(id0,id1,dist): 39 62 3.2599784345056952
list:
dist: 3.2599784345056952 vs. 3.2599784345056952
--------
nle(id0,id1,dist): 39 64 1.642831580212707
list:
dist: 1.642831580212707 vs. 1.642831580212707
--------
nle(id0,id1,dist): 39 67 2.155851697729192
list:
dist: 2.155851697729192 vs. 2.155851697729192
--------
nle(id0,id1,dist): 39 66 1.7816587863788216
list:
dist: 1.7816587863788216 vs. 1.7816587863788216
--------
nle(id0,id1,dist): 39 69 2.1921112070139896
list:
dist: 2.1921112070139896 vs. 2.1921112070139896
--------
nle(id0,id1,dist): 39 74 1.8433109002966168
list:
dist: 1.8433109002966168 vs. 1.8433109002966168
--------
nle(id0,id1,dist): 38 57 1.6950756421662305
list:
dist: 1.6950756421662305 vs. 1.6950756421662305
--------
nle(id0,id1,dist): 38 58 2.7202563399082527
list:
dist: 2.7202563399082527 vs. 2.7202563399082527
--------
nle(id0,id1,dist): 38 55 2.5000618174422384
list:
dist: 2.5000618174422384 vs. 2.5000618174422384
--------
nle(id0,id1,dist): 38 56 2.370836364547297
list:
dist: 2.370836364547297 vs. 2.370836364547297
--------
nle(id0,id1,dist): 38 53 1.6036806358918396
list:
dist: 1.6036806358918396 vs. 1.6036806358918396
--------
nle(id0,id1,dist): 38 54 1.6398523322047138
list:
dist: 1.6398523322047138 vs. 1.6398523322047138
--------
nle(id0,id1,dist): 38 51 3.2497053625012007
list:
dist: 3.2497053625012007 vs. 3.2497053625012007
--------
nle(id0,id1,dist): 38 52 3.176662953824289
list:
dist: 3.176662953824289 vs. 3.176662953824289
--------
nle(id0,id1,dist): 38 59 2.482629404577468
list:
dist: 2.482629404577468 vs. 2.482629404577468
--------
nle(id0,id1,dist): 39 45 2.5566345653956972
list:
dist: 2.5566345653956972 vs. 2.5566345653956972
--------
nle(id0,id1,dist): 37 56 1.5954184572187862
list:
dist: 1.5954184572187862 vs. 1.5954184572187862
--------
nle(id0,id1,dist): 37 57 2.871010036250844
list:
dist: 2.871010036250844 vs. 2.871010036250844
--------
nle(id0,id1,dist): 37 58 1.4407273604443407
list:
dist: 1.4407273604443407 vs. 1.4407273604443407
--------
nle(id0,id1,dist): 38 40 3.081980094567533
list:
dist: 3.081980094567533 vs. 3.081980094567533
--------
nle(id0,id1,dist): 38 42 2.364619462777607
list:
dist: 2.364619462777607 vs. 2.364619462777607
--------
nle(id0,id1,dist): 38 41 1.661684914825917
list:
dist: 1.661684914825917 vs. 1.661684914825917
--------
nle(id0,id1,dist): 38 48 2.0449615364327403
list:
dist: 2.0449615364327403 vs. 2.0449615364327403
--------
nle(id0,id1,dist): 38 47 4.071367635556077
list:
dist: 4.071367635556077 vs. 4.071367635556077
--------
nle(id0,id1,dist): 38 50 0.8199743718734096
list:
dist: 0.8199743718734096 vs. 0.8199743718734096
--------
nle(id0,id1,dist): 38 49 3.5939901198267923
list:
dist: 3.5939901198267923 vs. 3.5939901198267923
--------
nle(id0,id1,dist): 38 44 3.1800845163082694
list:
dist: 3.1800845163082694 vs. 3.1800845163082694
--------
nle(id0,id1,dist): 38 43 2.5563269140231064
list:
dist: 2.5563269140231064 vs. 2.5563269140231064
--------
nle(id0,id1,dist): 38 46 3.2658086462517577
list:
dist: 3.2658086462517577 vs. 3.2658086462517577
--------
nle(id0,id1,dist): 23 28 2.4410582741508366
list:
dist: 2.4410582741508366 vs. 2.4410582741508366
--------
nle(id0,id1,dist): 23 25 0.9943867158737346
list:
dist: 0.9943867158737346 vs. 0.9943867158737346
--------
nle(id0,id1,dist): 21 26 2.016005906854239
list:
dist: 2.016005906854239 vs. 2.016005906854239
--------
nle(id0,id1,dist): 21 27 1.6073931057454818
list:
dist: 1.6073931057454818 vs. 1.6073931057454818
--------
nle(id0,id1,dist): 21 24 2.0123514706866477
list:
dist: 2.0123514706866477 vs. 2.0123514706866477
--------
nle(id0,id1,dist): 21 25 0.9904205576257793
list:
dist: 0.9904205576257793 vs. 0.9904205576257793
--------
nle(id0,id1,dist): 21 28 1.2232019389788904
list:
dist: 1.2232019389788904 vs. 1.2232019389788904
--------
nle(id0,id1,dist): 21 29 3.1386268075626207
list:
dist: 3.1386268075626207 vs. 3.1386268075626207
--------
nle(id0,id1,dist): 21 23 1.6105645370204185
list:
dist: 1.6105645370204185 vs. 1.6105645370204185
--------
nle(id0,id1,dist): 21 22 1.6877277198625689
list:
dist: 1.6877277198625689 vs. 1.6877277198625689
--------
nle(id0,id1,dist): 22 27 1.1257562147434497
list:
dist: 1.1257562147434497 vs. 1.1257562147434497
--------
nle(id0,id1,dist): 22 28 2.3072197553141787
list:
dist: 2.3072197553141787 vs. 2.3072197553141787
--------
nle(id0,id1,dist): 22 29 3.388781219048033
list:
dist: 3.388781219048033 vs. 3.388781219048033
--------
nle(id0,id1,dist): 22 24 0.7796560287750088
list:
dist: 0.7796560287750088 vs. 0.7796560287750088
--------
nle(id0,id1,dist): 22 25 2.130148142659665
list:
dist: 2.130148142659665 vs. 2.130148142659665
--------
nle(id0,id1,dist): 22 26 1.7014275151494918
list:
dist: 1.7014275151494918 vs. 1.7014275151494918
--------
nle(id0,id1,dist): 19 24 3.067897561687013
list:
dist: 3.067897561687013 vs. 3.067897561687013
--------
nle(id0,id1,dist): 19 25 1.850887759730816
list:
dist: 1.850887759730816 vs. 1.850887759730816
--------
nle(id0,id1,dist): 19 22 2.9596656766857254
list:
dist: 2.9596656766857254 vs. 2.9596656766857254
--------
nle(id0,id1,dist): 19 23 1.8559543572473323
list:
dist: 1.8559543572473323 vs. 1.8559543572473323
--------
nle(id0,id1,dist): 19 20 1.389403622297978
list:
dist: 1.389403622297978 vs. 1.389403622297978
--------
nle(id0,id1,dist): 19 21 1.7045223035233084
list:
dist: 1.7045223035233084 vs. 1.7045223035233084
--------
nle(id0,id1,dist): 19 28 1.9433087200338803
list:
dist: 1.9433087200338803 vs. 1.9433087200338803
--------
nle(id0,id1,dist): 19 29 2.3249057764131438
list:
dist: 2.3249057764131438 vs. 2.3249057764131438
--------
nle(id0,id1,dist): 19 26 3.5019237538940002
list:
dist: 3.5019237538940002 vs. 3.5019237538940002
--------
nle(id0,id1,dist): 19 27 2.5688875137371854
list:
dist: 2.5688875137371854 vs. 2.5688875137371854
--------
nle(id0,id1,dist): 20 29 2.3805319402762755
list:
dist: 2.3805319402762755 vs. 2.3805319402762755
--------
nle(id0,id1,dist): 20 25 1.489329318936029
list:
dist: 1.489329318936029 vs. 1.489329318936029
--------
nle(id0,id1,dist): 20 26 2.899499836352548
list:
dist: 2.899499836352548 vs. 2.899499836352548
--------
nle(id0,id1,dist): 20 27 1.763911052159697
list:
dist: 1.763911052159697 vs. 1.763911052159697
--------
nle(id0,id1,dist): 20 28 2.0815348865306604
list:
dist: 2.0815348865306604 vs. 2.0815348865306604
--------
nle(id0,id1,dist): 20 21 1.3506419665870308
list:
dist: 1.3506419665870308 vs. 1.3506419665870308
--------
nle(id0,id1,dist): 20 22 1.7923260940454082
list:
dist: 1.7923260940454082 vs. 1.7923260940454082
--------
nle(id0,id1,dist): 20 23 2.177881289455549
list:
dist: 2.177881289455549 vs. 2.177881289455549
--------
nle(id0,id1,dist): 20 24 2.0089464328787527
list:
dist: 2.0089464328787527 vs. 2.0089464328787527
--------
nle(id0,id1,dist): 18 21 2.032662653302352
list:
dist: 2.032662653302352 vs. 2.032662653302352
--------
nle(id0,id1,dist): 18 20 2.2183237671115568
list:
dist: 2.2183237671115568 vs. 2.2183237671115568
--------
nle(id0,id1,dist): 18 19 1.0189990478938842
list:
dist: 1.0189990478938842 vs. 1.0189990478938842
--------
nle(id0,id1,dist): 17 28 2.3641232759500523
list:
dist: 2.3641232759500523 vs. 2.3641232759500523
--------
nle(id0,id1,dist): 18 23 1.4434958038024426
list:
dist: 1.4434958038024426 vs. 1.4434958038024426
--------
nle(id0,id1,dist): 18 25 1.973706611395804
list:
dist: 1.973706611395804 vs. 1.973706611395804
--------
nle(id0,id1,dist): 18 28 2.245366388452387
list:
dist: 2.245366388452387 vs. 2.245366388452387
--------
nle(id0,id1,dist): 18 29 3.2395803231555784
list:
dist: 3.2395803231555784 vs. 3.2395803231555784
--------
nle(id0,id1,dist): 30 42 2.4041115245878673
list:
dist: 2.4041115245878673 vs. 2.4041115245878673
--------
nle(id0,id1,dist): 30 41 2.038701147268911
list:
dist: 2.038701147268911 vs. 2.038701147268911
--------
nle(id0,id1,dist): 30 40 2.21728973740932
list:
dist: 2.21728973740932 vs. 2.21728973740932
--------
nle(id0,id1,dist): 30 38 3.342334400311685
list:
dist: 3.342334400311685 vs. 3.342334400311685
--------
nle(id0,id1,dist): 30 37 0.6471105410935808
list:
dist: 0.6471105410935808 vs. 0.6471105410935808
--------
nle(id0,id1,dist): 30 36 1.5414731277303546
list:
dist: 1.5414731277303546 vs. 1.5414731277303546
--------
nle(id0,id1,dist): 30 35 1.6646005056354891
list:
dist: 1.6646005056354891 vs. 1.6646005056354891
--------
nle(id0,id1,dist): 30 34 1.6570470647657376
list:
dist: 1.6570470647657376 vs. 1.6570470647657376
--------
nle(id0,id1,dist): 30 33 2.40130129097693
list:
dist: 2.40130129097693 vs. 2.40130129097693
--------
nle(id0,id1,dist): 30 32 2.1695032749852787
list:
dist: 2.1695032749852787 vs. 2.1695032749852787
--------
nle(id0,id1,dist): 30 31 2.1490581867641176
list:
dist: 2.1490581867641176 vs. 2.1490581867641176
--------
nle(id0,id1,dist): 30 57 3.083486416781813
list:
dist: 3.083486416781813 vs. 3.083486416781813
--------
nle(id0,id1,dist): 30 58 1.8708464713559705
list:
dist: 1.8708464713559705 vs. 1.8708464713559705
--------
nle(id0,id1,dist): 30 55 1.1325786521129029
list:
dist: 1.1325786521129029 vs. 1.1325786521129029
--------
nle(id0,id1,dist): 30 56 1.5285850764377353
list:
dist: 1.5285850764377353 vs. 1.5285850764377353
--------
nle(id0,id1,dist): 30 54 2.052579750233456
list:
dist: 2.052579750233456 vs. 2.052579750233456
--------
nle(id0,id1,dist): 30 51 0.1964082031046312
list:
dist: 0.1964082031046312 vs. 0.1964082031046312
--------
nle(id0,id1,dist): 30 52 1.857862365293085
list:
dist: 1.857862365293085 vs. 1.857862365293085
--------
nle(id0,id1,dist): 30 49 2.66329766874779
list:
dist: 2.66329766874779 vs. 2.66329766874779
--------
nle(id0,id1,dist): 30 50 2.635008173032845
list:
dist: 2.635008173032845 vs. 2.635008173032845
--------
nle(id0,id1,dist): 30 47 0.805360860669387
list:
dist: 0.805360860669387 vs. 0.805360860669387
--------
nle(id0,id1,dist): 30 48 1.6751961826903379
list:
dist: 1.6751961826903379 vs. 1.6751961826903379
--------
nle(id0,id1,dist): 30 46 1.20265946642907
list:
dist: 1.20265946642907 vs. 1.20265946642907
--------
nle(id0,id1,dist): 30 43 2.6892813861397453
list:
dist: 2.6892813861397453 vs. 2.6892813861397453
--------
nle(id0,id1,dist): 30 44 2.531737740022219
list:
dist: 2.531737740022219 vs. 2.531737740022219
--------
nle(id0,id1,dist): 28 29 2.80319542599642
list:
dist: 2.80319542599642 vs. 2.80319542599642
--------
nle(id0,id1,dist): 26 27 1.4871526251599096
list:
dist: 1.4871526251599096 vs. 1.4871526251599096
--------
nle(id0,id1,dist): 26 28 1.8619253389744943
list:
dist: 1.8619253389744943 vs. 1.8619253389744943
--------
nle(id0,id1,dist): 26 29 3.9389577186815603
list:
dist: 3.9389577186815603 vs. 3.9389577186815603
--------
nle(id0,id1,dist): 27 29 2.5819887324997337
list:
dist: 2.5819887324997337 vs. 2.5819887324997337
--------
nle(id0,id1,dist): 27 28 1.5770640637730595
list:
dist: 1.5770640637730595 vs. 1.5770640637730595
--------
nle(id0,id1,dist): 24 25 2.673554142336731
list:
dist: 2.673554142336731 vs. 2.673554142336731
--------
nle(id0,id1,dist): 24 26 1.6240941987031032
list:
dist: 1.6240941987031032 vs. 1.6240941987031032
--------
nle(id0,id1,dist): 24 27 0.6858211995997942
list:
dist: 0.6858211995997942 vs. 0.6858211995997942
--------
nle(id0,id1,dist): 24 28 2.2232440574735928
list:
dist: 2.2232440574735928 vs. 2.2232440574735928
--------
nle(id0,id1,dist): 24 29 2.9785690501225446
list:
dist: 2.9785690501225446 vs. 2.9785690501225446
--------
nle(id0,id1,dist): 25 26 2.818542413699129
list:
dist: 2.818542413699129 vs. 2.818542413699129
--------
nle(id0,id1,dist): 25 27 2.43256277031086
list:
dist: 2.43256277031086 vs. 2.43256277031086
--------
nle(id0,id1,dist): 25 28 2.156741872400325
list:
dist: 2.156741872400325 vs. 2.156741872400325
--------
nle(id0,id1,dist): 25 29 3.6963782422530653
list:
dist: 3.6963782422530653 vs. 3.6963782422530653
--------
nle(id0,id1,dist): 62 80 2.317138653294282
list:
dist: 2.317138653294282 vs. 2.317138653294282
--------
nle(id0,id1,dist): 62 75 0.5183863063758618
list:
dist: 0.5183863063758618 vs. 0.5183863063758618
--------
nle(id0,id1,dist): 62 78 1.6489259579073317
list:
dist: 1.6489259579073317 vs. 1.6489259579073317
--------
nle(id0,id1,dist): 62 83 2.0231732439282335
list:
dist: 2.0231732439282335 vs. 2.0231732439282335
--------
nle(id0,id1,dist): 62 85 3.1186780231990983
list:
dist: 3.1186780231990983 vs. 3.1186780231990983
--------
nle(id0,id1,dist): 62 64 2.5840970936190004
list:
dist: 2.5840970936190004 vs. 2.5840970936190004
--------
nle(id0,id1,dist): 62 63 1.7114305890527595
list:
dist: 1.7114305890527595 vs. 1.7114305890527595
--------
nle(id0,id1,dist): 62 66 1.8074785252869394
list:
dist: 1.8074785252869394 vs. 1.8074785252869394
--------
nle(id0,id1,dist): 62 65 1.8319263201086127
list:
dist: 1.8319263201086127 vs. 1.8319263201086127
--------
nle(id0,id1,dist): 62 72 1.635172823740944
list:
dist: 1.635172823740944 vs. 1.635172823740944
--------
nle(id0,id1,dist): 62 71 0.9567745717880257
list:
dist: 0.9567745717880257 vs. 0.9567745717880257
--------
nle(id0,id1,dist): 62 74 1.7638077577161781
list:
dist: 1.7638077577161781 vs. 1.7638077577161781
--------
nle(id0,id1,dist): 62 73 1.655216947472858
list:
dist: 1.655216947472858 vs. 1.655216947472858
--------
nle(id0,id1,dist): 62 68 2.062793794545053
list:
dist: 2.062793794545053 vs. 2.062793794545053
--------
nle(id0,id1,dist): 62 67 1.4404140640229746
list:
dist: 1.4404140640229746 vs. 1.4404140640229746
--------
nle(id0,id1,dist): 62 70 2.3128893265125265
list:
dist: 2.3128893265125265 vs. 2.3128893265125265
--------
nle(id0,id1,dist): 62 69 1.967936366546083
list:
dist: 1.967936366546083 vs. 1.967936366546083
--------
nle(id0,id1,dist): 61 85 2.444559250820293
list:
dist: 2.444559250820293 vs. 2.444559250820293
--------
nle(id0,id1,dist): 61 83 3.511062945423881
list:
dist: 3.511062945423881 vs. 3.511062945423881
--------
nle(id0,id1,dist): 61 80 3.262729220423009
list:
dist: 3.262729220423009 vs. 3.262729220423009
--------
nle(id0,id1,dist): 61 71 2.0045284852107126
list:
dist: 2.0045284852107126 vs. 2.0045284852107126
--------
nle(id0,id1,dist): 61 70 2.0925238493796265
list:
dist: 2.0925238493796265 vs. 2.0925238493796265
--------
nle(id0,id1,dist): 61 67 3.5658747408421885
list:
dist: 3.5658747408421885 vs. 3.5658747408421885
--------
nle(id0,id1,dist): 61 66 3.231799667823334
list:
dist: 3.231799667823334 vs. 3.231799667823334
--------
nle(id0,id1,dist): 61 65 1.4099492184344309
list:
dist: 1.4099492184344309 vs. 1.4099492184344309
--------
nle(id0,id1,dist): 61 78 3.7617484293272416
list:
dist: 3.7617484293272416 vs. 3.7617484293272416
--------
nle(id0,id1,dist): 61 75 2.2885985414208854
list:
dist: 2.2885985414208854 vs. 2.2885985414208854
--------
nle(id0,id1,dist): 61 74 3.4163275916013798
list:
dist: 3.4163275916013798 vs. 3.4163275916013798
--------
nle(id0,id1,dist): 61 73 3.669677158548416
list:
dist: 3.669677158548416 vs. 3.669677158548416
--------
nle(id0,id1,dist): 61 72 1.4419752499399598
list:
dist: 1.4419752499399598 vs. 1.4419752499399598
--------
nle(id0,id1,dist): 64 66 0.9590503844135825
list:
dist: 0.9590503844135825 vs. 0.9590503844135825
--------
nle(id0,id1,dist): 64 67 1.6876424667042857
list:
dist: 1.6876424667042857 vs. 1.6876424667042857
--------
nle(id0,id1,dist): 64 68 2.7776438174875895
list:
dist: 2.7776438174875895 vs. 2.7776438174875895
--------
nle(id0,id1,dist): 64 69 1.2858716214574228
list:
dist: 1.2858716214574228 vs. 1.2858716214574228
--------
nle(id0,id1,dist): 64 70 3.294622022755778
list:
dist: 3.294622022755778 vs. 3.294622022755778
--------
nle(id0,id1,dist): 64 71 2.595593286879667
list:
dist: 2.595593286879667 vs. 2.595593286879667
--------
nle(id0,id1,dist): 64 73 2.359028074605326
list:
dist: 2.359028074605326 vs. 2.359028074605326
--------
nle(id0,id1,dist): 64 74 0.8414386755877519
list:
dist: 0.8414386755877519 vs. 0.8414386755877519
--------
nle(id0,id1,dist): 64 75 3.004747397615419
list:
dist: 3.004747397615419 vs. 3.004747397615419
--------
nle(id0,id1,dist): 64 78 2.9771048008474845
list:
dist: 2.9771048008474845 vs. 2.9771048008474845
--------
nle(id0,id1,dist): 64 80 2.8250475873530956
list:
dist: 2.8250475873530956 vs. 2.8250475873530956
--------
nle(id0,id1,dist): 63 72 2.1475127677370764
list:
dist: 2.1475127677370764 vs. 2.1475127677370764
--------
nle(id0,id1,dist): 63 73 2.589632132952065
list:
dist: 2.589632132952065 vs. 2.589632132952065
--------
nle(id0,id1,dist): 63 70 2.09156699979332
list:
dist: 2.09156699979332 vs. 2.09156699979332
--------
nle(id0,id1,dist): 63 71 1.5194241647318327
list:
dist: 1.5194241647318327 vs. 1.5194241647318327
--------
nle(id0,id1,dist): 63 74 1.4841102882077377
list:
dist: 1.4841102882077377 vs. 1.4841102882077377
--------
nle(id0,id1,dist): 63 75 2.129979721588334
list:
dist: 2.129979721588334 vs. 2.129979721588334
--------
nle(id0,id1,dist): 63 80 2.504235794417741
list:
dist: 2.504235794417741 vs. 2.504235794417741
--------
nle(id0,id1,dist): 63 78 3.0279674584683676
list:
dist: 3.0279674584683676 vs. 3.0279674584683676
--------
nle(id0,id1,dist): 63 85 4.02895776297133
list:
dist: 4.02895776297133 vs. 4.02895776297133
--------
nle(id0,id1,dist): 63 83 2.8262194212781258
list:
dist: 2.8262194212781258 vs. 2.8262194212781258
--------
nle(id0,id1,dist): 63 65 0.8280437722666004
list:
dist: 0.8280437722666004 vs. 0.8280437722666004
--------
nle(id0,id1,dist): 63 64 1.86054307559768
list:
dist: 1.86054307559768 vs. 1.86054307559768
--------
nle(id0,id1,dist): 63 69 2.1838469169162287
list:
dist: 2.1838469169162287 vs. 2.1838469169162287
--------
nle(id0,id1,dist): 63 68 3.212905443651984
list:
dist: 3.212905443651984 vs. 3.212905443651984
--------
nle(id0,id1,dist): 63 67 2.1058886616629544
list:
dist: 2.1058886616629544 vs. 2.1058886616629544
--------
nle(id0,id1,dist): 63 66 1.2268159972417039
list:
dist: 1.2268159972417039 vs. 1.2268159972417039
--------
nle(id0,id1,dist): 58 59 2.0328851630146203
list:
dist: 2.0328851630146203 vs. 2.0328851630146203
--------
nle(id0,id1,dist): 61 63 2.1910532300458803
list:
dist: 2.1910532300458803 vs. 2.1910532300458803
--------
nle(id0,id1,dist): 61 62 2.2555303681115055
list:
dist: 2.2555303681115055 vs. 2.2555303681115055
--------
nle(id0,id1,dist): 60 85 4.214860912253814
list:
dist: 4.214860912253814 vs. 4.214860912253814
--------
nle(id0,id1,dist): 60 78 3.836193833318467
list:
dist: 3.836193833318467 vs. 3.836193833318467
--------
nle(id0,id1,dist): 60 80 3.8135144757679487
list:
dist: 3.8135144757679487 vs. 3.8135144757679487
--------
nle(id0,id1,dist): 60 83 3.989601816908841
list:
dist: 3.989601816908841 vs. 3.989601816908841
--------
nle(id0,id1,dist): 60 70 3.1021387300016756
list:
dist: 3.1021387300016756 vs. 3.1021387300016756
--------
nle(id0,id1,dist): 60 71 2.4659390243061803
list:
dist: 2.4659390243061803 vs. 2.4659390243061803
--------
nle(id0,id1,dist): 60 72 2.7333750783185904
list:
dist: 2.7333750783185904 vs. 2.7333750783185904
--------
nle(id0,id1,dist): 60 73 3.658826688069324
list:
dist: 3.658826688069324 vs. 3.658826688069324
--------
nle(id0,id1,dist): 60 74 2.55708488817985
list:
dist: 2.55708488817985 vs. 2.55708488817985
--------
nle(id0,id1,dist): 60 75 2.656890622740856
list:
dist: 2.656890622740856 vs. 2.656890622740856
--------
nle(id0,id1,dist): 60 63 1.4735827209266192
list:
dist: 1.4735827209266192 vs. 1.4735827209266192
--------
nle(id0,id1,dist): 60 62 2.254184121761044
list:
dist: 2.254184121761044 vs. 2.254184121761044
--------
nle(id0,id1,dist): 60 61 1.9774917981503242
list:
dist: 1.9774917981503242 vs. 1.9774917981503242
--------
nle(id0,id1,dist): 60 67 2.9696348251685603
list:
dist: 2.9696348251685603 vs. 2.9696348251685603
--------
nle(id0,id1,dist): 60 66 2.1408283958728425
list:
dist: 2.1408283958728425 vs. 2.1408283958728425
--------
nle(id0,id1,dist): 60 65 1.2778062599883941
list:
dist: 1.2778062599883941 vs. 1.2778062599883941
--------
nle(id0,id1,dist): 68 97 4.390714103248972
list:
dist: 4.390714103248972 vs. 4.390714103248972
--------
nle(id0,id1,dist): 69 71 2.060470576771496
list:
dist: 2.060470576771496 vs. 2.060470576771496
--------
nle(id0,id1,dist): 69 70 3.006265762096093
list:
dist: 3.006265762096093 vs. 3.006265762096093
--------
nle(id0,id1,dist): 69 78 1.7666302256958082
list:
dist: 1.7666302256958082 vs. 1.7666302256958082
--------
nle(id0,id1,dist): 68 114 4.463795878930042
list:
dist: 4.463795878930042 vs. 4.463795878930042
--------
nle(id0,id1,dist): 69 74 0.875242439810564
list:
dist: 0.875242439810564 vs. 0.875242439810564
--------
nle(id0,id1,dist): 69 75 2.2376932868977946
list:
dist: 2.2376932868977946 vs. 2.2376932868977946
--------
nle(id0,id1,dist): 69 73 1.130407725480443
list:
dist: 1.130407725480443 vs. 1.130407725480443
--------
nle(id0,id1,dist): 69 83 1.9168455668111923
list:
dist: 1.9168455668111923 vs. 1.9168455668111923
--------
nle(id0,id1,dist): 69 80 2.156385503659055
list:
dist: 2.156385503659055 vs. 2.156385503659055
--------
nle(id0,id1,dist): 68 74 2.1773587652468884
list:
dist: 2.1773587652468884 vs. 2.1773587652468884
--------
nle(id0,id1,dist): 68 73 0.8228250515858132
list:
dist: 0.8228250515858132 vs. 0.8228250515858132
--------
nle(id0,id1,dist): 68 76 1.8819261937403688
list:
dist: 1.8819261937403688 vs. 1.8819261937403688
--------
nle(id0,id1,dist): 68 75 2.0263676771473724
list:
dist: 2.0263676771473724 vs. 2.0263676771473724
--------
nle(id0,id1,dist): 68 69 1.5181786507497472
list:
dist: 1.5181786507497472 vs. 1.5181786507497472
--------
nle(id0,id1,dist): 68 71 2.395339907345268
list:
dist: 2.395339907345268 vs. 2.395339907345268
--------
nle(id0,id1,dist): 68 81 2.373557950218058
list:
dist: 2.373557950218058 vs. 2.373557950218058
--------
nle(id0,id1,dist): 68 83 1.681923393092645
list:
dist: 1.681923393092645 vs. 1.681923393092645
--------
nle(id0,id1,dist): 68 77 2.8635096560060047
list:
dist: 2.8635096560060047 vs. 2.8635096560060047
--------
nle(id0,id1,dist): 68 78 0.6245343931749623
list:
dist: 0.6245343931749623 vs. 0.6245343931749623
--------
nle(id0,id1,dist): 68 79 1.697918260308672
list:
dist: 1.697918260308672 vs. 1.697918260308672
--------
nle(id0,id1,dist): 68 80 2.5127686784669216
list:
dist: 2.5127686784669216 vs. 2.5127686784669216
--------
nle(id0,id1,dist): 68 86 3.1022169384182883
list:
dist: 3.1022169384182883 vs. 3.1022169384182883
--------
nle(id0,id1,dist): 68 87 2.266038973678583
list:
dist: 2.266038973678583 vs. 2.266038973678583
--------
nle(id0,id1,dist): 68 88 2.747384008286517
list:
dist: 2.747384008286517 vs. 2.747384008286517
--------
nle(id0,id1,dist): 70 86 4.044482948812349
list:
dist: 4.044482948812349 vs. 4.044482948812349
--------
nle(id0,id1,dist): 70 85 2.795700696477088
list:
dist: 2.795700696477088 vs. 2.795700696477088
--------
nle(id0,id1,dist): 70 83 2.139376726467906
list:
dist: 2.139376726467906 vs. 2.139376726467906
--------
nle(id0,id1,dist): 70 88 3.096965141829309
list:
dist: 3.096965141829309 vs. 3.096965141829309
--------
nle(id0,id1,dist): 70 87 3.4309105124979555
list:
dist: 3.4309105124979555 vs. 3.4309105124979555
--------
nle(id0,id1,dist): 71 72 1.0099105930050056
list:
dist: 1.0099105930050056 vs. 1.0099105930050056
--------
nle(id0,id1,dist): 71 73 1.7108133856873848
list:
dist: 1.7108133856873848 vs. 1.7108133856873848
--------
nle(id0,id1,dist): 71 76 2.579099863308395
list:
dist: 2.579099863308395 vs. 2.579099863308395
--------
nle(id0,id1,dist): 71 77 1.9044854838601313
list:
dist: 1.9044854838601313 vs. 1.9044854838601313
--------
nle(id0,id1,dist): 71 74 1.9200098272702375
list:
dist: 1.9200098272702375 vs. 1.9200098272702375
--------
nle(id0,id1,dist): 71 75 0.9950333463806795
list:
dist: 0.9950333463806795 vs. 0.9950333463806795
--------
nle(id0,id1,dist): 70 71 1.372385382204871
list:
dist: 1.372385382204871 vs. 1.372385382204871
--------
nle(id0,id1,dist): 70 72 1.1799568199607466
list:
dist: 1.1799568199607466 vs. 1.1799568199607466
--------
nle(id0,id1,dist): 70 73 2.718919909557086
list:
dist: 2.718919909557086 vs. 2.718919909557086
--------
nle(id0,id1,dist): 70 74 2.8806073164420285
list:
dist: 2.8806073164420285 vs. 2.8806073164420285
--------
nle(id0,id1,dist): 70 75 2.2716275909922063
list:
dist: 2.2716275909922063 vs. 2.2716275909922063
--------
nle(id0,id1,dist): 70 77 1.932318793039567
list:
dist: 1.932318793039567 vs. 1.932318793039567
--------
nle(id0,id1,dist): 70 80 1.4553298430074877
list:
dist: 1.4553298430074877 vs. 1.4553298430074877
--------
nle(id0,id1,dist): 70 81 2.1586968525773593
list:
dist: 2.1586968525773593 vs. 2.1586968525773593
--------
nle(id0,id1,dist): 70 82 2.434107338367989
list:
dist: 2.434107338367989 vs. 2.434107338367989
--------
nle(id0,id1,dist): 65 85 3.486196518730632
list:
dist: 3.486196518730632 vs. 3.486196518730632
--------
nle(id0,id1,dist): 65 83 3.068855364476737
list:
dist: 3.068855364476737 vs. 3.068855364476737
--------
nle(id0,id1,dist): 65 80 2.7025227523503244
list:
dist: 2.7025227523503244 vs. 2.7025227523503244
--------
nle(id0,id1,dist): 65 78 3.348399670143515
list:
dist: 3.348399670143515 vs. 3.348399670143515
--------
nle(id0,id1,dist): 66 70 2.958592171734551
list:
dist: 2.958592171734551 vs. 2.958592171734551
--------
nle(id0,id1,dist): 66 69 1.3675786937588723
list:
dist: 1.3675786937588723 vs. 1.3675786937588723
--------
nle(id0,id1,dist): 66 68 2.579653117856724
list:
dist: 2.579653117856724 vs. 2.579653117856724
--------
nle(id0,id1,dist): 66 67 1.287048703594566
list:
dist: 1.287048703594566 vs. 1.287048703594566
--------
nle(id0,id1,dist): 64 83 2.9608122357397724
list:
dist: 2.9608122357397724 vs. 2.9608122357397724
--------
nle(id0,id1,dist): 65 73 3.0203525173162595
list:
dist: 3.0203525173162595 vs. 3.0203525173162595
--------
nle(id0,id1,dist): 65 72 1.7358159471816794
list:
dist: 1.7358159471816794 vs. 1.7358159471816794
--------
nle(id0,id1,dist): 65 75 2.135533736867898
list:
dist: 2.135533736867898 vs. 2.135533736867898
--------
nle(id0,id1,dist): 65 74 2.2455374114789994
list:
dist: 2.2455374114789994 vs. 2.2455374114789994
--------
nle(id0,id1,dist): 65 71 1.5302523712500455
list:
dist: 1.5302523712500455 vs. 1.5302523712500455
--------
nle(id0,id1,dist): 65 70 1.8421878783285213
list:
dist: 1.8421878783285213 vs. 1.8421878783285213
--------
nle(id0,id1,dist): 65 67 2.69173610120219
list:
dist: 2.69173610120219 vs. 2.69173610120219
--------
nle(id0,id1,dist): 65 66 2.004048592475967
list:
dist: 2.004048592475967 vs. 2.004048592475967
--------
nle(id0,id1,dist): 67 74 0.9575897616120865
list:
dist: 0.9575897616120865 vs. 0.9575897616120865
--------
nle(id0,id1,dist): 67 75 1.7457720746124648
list:
dist: 1.7457720746124648 vs. 1.7457720746124648
--------
nle(id0,id1,dist): 67 80 2.482818528346872
list:
dist: 2.482818528346872 vs. 2.482818528346872
--------
nle(id0,id1,dist): 67 78 1.4151370251942716
list:
dist: 1.4151370251942716 vs. 1.4151370251942716
--------
nle(id0,id1,dist): 67 68 1.3207927065328087
list:
dist: 1.3207927065328087 vs. 1.3207927065328087
--------
nle(id0,id1,dist): 67 69 0.7994605977039542
list:
dist: 0.7994605977039542 vs. 0.7994605977039542
--------
nle(id0,id1,dist): 67 72 2.855928381408593
list:
dist: 2.855928381408593 vs. 2.855928381408593
--------
nle(id0,id1,dist): 67 73 1.1382876089887919
list:
dist: 1.1382876089887919 vs. 1.1382876089887919
--------
nle(id0,id1,dist): 67 70 3.104230382770499
list:
dist: 3.104230382770499 vs. 3.104230382770499
--------
nle(id0,id1,dist): 67 71 1.8906123768910907
list:
dist: 1.8906123768910907 vs. 1.8906123768910907
--------
nle(id0,id1,dist): 67 85 4.424887336888351
list:
dist: 4.424887336888351 vs. 4.424887336888351
--------
nle(id0,id1,dist): 67 83 2.07043481490095
list:
dist: 2.07043481490095 vs. 2.07043481490095
--------
nle(id0,id1,dist): 66 80 2.767097347631826
list:
dist: 2.767097347631826 vs. 2.767097347631826
--------
nle(id0,id1,dist): 66 83 2.801973893977651
list:
dist: 2.801973893977651 vs. 2.801973893977651
--------
nle(id0,id1,dist): 66 85 4.759425904239387
list:
dist: 4.759425904239387 vs. 4.759425904239387
--------
nle(id0,id1,dist): 66 71 2.019244316045838
list:
dist: 2.019244316045838 vs. 2.019244316045838
--------
nle(id0,id1,dist): 66 72 2.9359190288424495
list:
dist: 2.9359190288424495 vs. 2.9359190288424495
--------
nle(id0,id1,dist): 66 73 2.1625735032289612
list:
dist: 2.1625735032289612 vs. 2.1625735032289612
--------
nle(id0,id1,dist): 66 74 0.4952311434789268
list:
dist: 0.4952311434789268 vs. 0.4952311434789268
--------
nle(id0,id1,dist): 66 75 2.2906716279101125
list:
dist: 2.2906716279101125 vs. 2.2906716279101125
--------
nle(id0,id1,dist): 66 78 2.6067070017824774
list:
dist: 2.6067070017824774 vs. 2.6067070017824774
--------
nle(id0,id1,dist): 48 51 1.6586222578205827
list:
dist: 1.6586222578205827 vs. 1.6586222578205827
--------
nle(id0,id1,dist): 48 52 1.7383839523318663
list:
dist: 1.7383839523318663 vs. 1.7383839523318663
--------
nle(id0,id1,dist): 48 49 1.8730948642198961
list:
dist: 1.8730948642198961 vs. 1.8730948642198961
--------
nle(id0,id1,dist): 48 50 1.3277089977452725
list:
dist: 1.3277089977452725 vs. 1.3277089977452725
--------
nle(id0,id1,dist): 48 55 1.5409376183568038
list:
dist: 1.5409376183568038 vs. 1.5409376183568038
--------
nle(id0,id1,dist): 48 56 1.5383796982315432
list:
dist: 1.5383796982315432 vs. 1.5383796982315432
--------
nle(id0,id1,dist): 48 53 2.4866420829071445
list:
dist: 2.4866420829071445 vs. 2.4866420829071445
--------
nle(id0,id1,dist): 48 54 0.6348823642365913
list:
dist: 0.6348823642365913 vs. 0.6348823642365913
--------
nle(id0,id1,dist): 48 59 2.1609167263970965
list:
dist: 2.1609167263970965 vs. 2.1609167263970965
--------
nle(id0,id1,dist): 48 57 1.4658923233320749
list:
dist: 1.4658923233320749 vs. 1.4658923233320749
--------
nle(id0,id1,dist): 48 58 0.9752929077547996
list:
dist: 0.9752929077547996 vs. 0.9752929077547996
--------
nle(id0,id1,dist): 49 50 3.0192194443295435
list:
dist: 3.0192194443295435 vs. 3.0192194443295435
--------
nle(id0,id1,dist): 49 51 2.771961601570498
list:
dist: 2.771961601570498 vs. 2.771961601570498
--------
nle(id0,id1,dist): 49 52 2.025699594790276
list:
dist: 2.025699594790276 vs. 2.025699594790276
--------
nle(id0,id1,dist): 49 54 2.33842788952759
list:
dist: 2.33842788952759 vs. 2.33842788952759
--------
nle(id0,id1,dist): 49 55 3.1889436317713766
list:
dist: 3.1889436317713766 vs. 3.1889436317713766
--------
nle(id0,id1,dist): 49 56 2.962126441033664
list:
dist: 2.962126441033664 vs. 2.962126441033664
--------
nle(id0,id1,dist): 49 57 2.1348209725010703
list:
dist: 2.1348209725010703 vs. 2.1348209725010703
--------
nle(id0,id1,dist): 49 58 1.216793979490954
list:
dist: 1.216793979490954 vs. 1.216793979490954
--------
nle(id0,id1,dist): 49 59 2.0562188811612385
list:
dist: 2.0562188811612385 vs. 2.0562188811612385
--------
nle(id0,id1,dist): 50 53 1.5929835902793597
list:
dist: 1.5929835902793597 vs. 1.5929835902793597
--------
nle(id0,id1,dist): 50 54 0.8444994346894309
list:
dist: 0.8444994346894309 vs. 0.8444994346894309
--------
nle(id0,id1,dist): 50 51 2.539566576907436
list:
dist: 2.539566576907436 vs. 2.539566576907436
--------
nle(id0,id1,dist): 50 52 2.7333433020021265
list:
dist: 2.7333433020021265 vs. 2.7333433020021265
--------
nle(id0,id1,dist): 50 59 2.3466724491368907
list:
dist: 2.3466724491368907 vs. 2.3466724491368907
--------
nle(id0,id1,dist): 50 56 1.956489510828877
list:
dist: 1.956489510828877 vs. 1.956489510828877
--------
nle(id0,id1,dist): 50 55 1.8773010254920954
list:
dist: 1.8773010254920954 vs. 1.8773010254920954
--------
nle(id0,id1,dist): 50 58 2.1564179743688303
list:
dist: 2.1564179743688303 vs. 2.1564179743688303
--------
nle(id0,id1,dist): 50 57 1.5082446460190462
list:
dist: 1.5082446460190462 vs. 1.5082446460190462
--------
nle(id0,id1,dist): 44 55 2.9248089593699214
list:
dist: 2.9248089593699214 vs. 2.9248089593699214
--------
nle(id0,id1,dist): 44 56 2.675882563644908
list:
dist: 2.675882563644908 vs. 2.675882563644908
--------
nle(id0,id1,dist): 44 54 1.9763882919915898
list:
dist: 1.9763882919915898 vs. 1.9763882919915898
--------
nle(id0,id1,dist): 44 59 1.7416567708714945
list:
dist: 1.7416567708714945 vs. 1.7416567708714945
--------
nle(id0,id1,dist): 44 57 1.7299395267328088
list:
dist: 1.7299395267328088 vs. 1.7299395267328088
--------
nle(id0,id1,dist): 44 58 0.9280168421425395
list:
dist: 0.9280168421425395 vs. 0.9280168421425395
--------
nle(id0,id1,dist): 45 73 2.73074129366758
list:
dist: 2.73074129366758 vs. 2.73074129366758
--------
nle(id0,id1,dist): 45 72 3.0053082653980105
list:
dist: 3.0053082653980105 vs. 3.0053082653980105
--------
nle(id0,id1,dist): 45 75 2.9167641307532515
list:
dist: 2.9167641307532515 vs. 2.9167641307532515
--------
nle(id0,id1,dist): 45 74 1.327947241022359
list:
dist: 1.327947241022359 vs. 1.327947241022359
--------
nle(id0,id1,dist): 45 65 1.866660829243503
list:
dist: 1.866660829243503 vs. 1.866660829243503
--------
nle(id0,id1,dist): 45 64 1.1249121502572323
list:
dist: 1.1249121502572323 vs. 1.1249121502572323
--------
nle(id0,id1,dist): 45 67 2.245123414817153
list:
dist: 2.245123414817153 vs. 2.245123414817153
--------
nle(id0,id1,dist): 45 66 1.1946210411912106
list:
dist: 1.1946210411912106 vs. 1.1946210411912106
--------
nle(id0,id1,dist): 45 69 1.956808589752989
list:
dist: 1.956808589752989 vs. 1.956808589752989
--------
nle(id0,id1,dist): 45 71 2.2343422781315927
list:
dist: 2.2343422781315927 vs. 2.2343422781315927
--------
nle(id0,id1,dist): 45 70 2.5840010071255004
list:
dist: 2.5840010071255004 vs. 2.5840010071255004
--------
nle(id0,id1,dist): 45 60 2.386836731840786
list:
dist: 2.386836731840786 vs. 2.386836731840786
--------
nle(id0,id1,dist): 45 61 3.253355242595082
list:
dist: 3.253355242595082 vs. 3.253355242595082
--------
nle(id0,id1,dist): 45 62 2.502868912127815
list:
dist: 2.502868912127815 vs. 2.502868912127815
--------
nle(id0,id1,dist): 45 63 1.125966865752695
list:
dist: 1.125966865752695 vs. 1.125966865752695
--------
nle(id0,id1,dist): 46 57 3.5304078122749036
list:
dist: 3.5304078122749036 vs. 3.5304078122749036
--------
nle(id0,id1,dist): 46 58 2.6498416878699054
list:
dist: 2.6498416878699054 vs. 2.6498416878699054
--------
nle(id0,id1,dist): 46 55 0.9286223697749804
list:
dist: 0.9286223697749804 vs. 0.9286223697749804
--------
nle(id0,id1,dist): 46 56 1.3134242290244045
list:
dist: 1.3134242290244045 vs. 1.3134242290244045
--------
nle(id0,id1,dist): 46 54 2.496302646881258
list:
dist: 2.496302646881258 vs. 2.496302646881258
--------
nle(id0,id1,dist): 46 51 1.1033289711387353
list:
dist: 1.1033289711387353 vs. 1.1033289711387353
--------
nle(id0,id1,dist): 46 52 2.353378041517877
list:
dist: 2.353378041517877 vs. 2.353378041517877
--------
nle(id0,id1,dist): 46 49 3.679870699885718
list:
dist: 3.679870699885718 vs. 3.679870699885718
--------
nle(id0,id1,dist): 46 50 2.735838650169483
list:
dist: 2.735838650169483 vs. 2.735838650169483
--------
nle(id0,id1,dist): 46 47 1.7038471550993786
list:
dist: 1.7038471550993786 vs. 1.7038471550993786
--------
nle(id0,id1,dist): 46 48 2.2918643499162092
list:
dist: 2.2918643499162092 vs. 2.2918643499162092
--------
nle(id0,id1,dist): 45 85 4.945657820749409
list:
dist: 4.945657820749409 vs. 4.945657820749409
--------
nle(id0,id1,dist): 45 83 3.0215265583578663
list:
dist: 3.0215265583578663 vs. 3.0215265583578663
--------
nle(id0,id1,dist): 45 80 2.5845212577911436
list:
dist: 2.5845212577911436 vs. 2.5845212577911436
--------
nle(id0,id1,dist): 47 58 2.1544006100168835
list:
dist: 2.1544006100168835 vs. 2.1544006100168835
--------
nle(id0,id1,dist): 47 55 1.911976800918847
list:
dist: 1.911976800918847 vs. 1.911976800918847
--------
nle(id0,id1,dist): 47 54 2.7424797250428155
list:
dist: 2.7424797250428155 vs. 2.7424797250428155
--------
nle(id0,id1,dist): 47 57 3.597935759462969
list:
dist: 3.597935759462969 vs. 3.597935759462969
--------
nle(id0,id1,dist): 47 56 2.0828226266825336
list:
dist: 2.0828226266825336 vs. 2.0828226266825336
--------
nle(id0,id1,dist): 47 50 3.374507962816718
list:
dist: 3.374507962816718 vs. 3.374507962816718
--------
nle(id0,id1,dist): 47 51 0.9765317250896661
list:
dist: 0.9765317250896661 vs. 0.9765317250896661
--------
nle(id0,id1,dist): 47 52 1.9458539439657463
list:
dist: 1.9458539439657463 vs. 1.9458539439657463
--------
nle(id0,id1,dist): 47 48 2.272209765560583
list:
dist: 2.272209765560583 vs. 2.272209765560583
--------
nle(id0,id1,dist): 47 49 2.725797518661095
list:
dist: 2.725797518661095 vs. 2.725797518661095
--------
nle(id0,id1,dist): 55 56 1.118582555313755
list:
dist: 1.118582555313755 vs. 1.118582555313755
--------
nle(id0,id1,dist): 55 57 2.8036140802280842
list:
dist: 2.8036140802280842 vs. 2.8036140802280842
--------
nle(id0,id1,dist): 55 58 2.1684577452537224
list:
dist: 2.1684577452537224 vs. 2.1684577452537224
--------
nle(id0,id1,dist): 56 58 1.763093170633234
list:
dist: 1.763093170633234 vs. 1.763093170633234
--------
nle(id0,id1,dist): 56 57 2.4115878885095237
list:
dist: 2.4115878885095237 vs. 2.4115878885095237
--------
nle(id0,id1,dist): 57 59 0.9186366836058592
list:
dist: 0.9186366836058592 vs. 0.9186366836058592
--------
nle(id0,id1,dist): 57 58 1.590748851239896
list:
dist: 1.590748851239896 vs. 1.590748851239896
--------
nle(id0,id1,dist): 51 58 1.9550566825469895
list:
dist: 1.9550566825469895 vs. 1.9550566825469895
--------
nle(id0,id1,dist): 51 52 1.9806746877474268
list:
dist: 1.9806746877474268 vs. 1.9806746877474268
--------
nle(id0,id1,dist): 51 54 1.9817999141831175
list:
dist: 1.9817999141831175 vs. 1.9817999141831175
--------
nle(id0,id1,dist): 51 55 0.9732517230289981
list:
dist: 0.9732517230289981 vs. 0.9732517230289981
--------
nle(id0,id1,dist): 51 56 1.504782023550372
list:
dist: 1.504782023550372 vs. 1.504782023550372
--------
nle(id0,id1,dist): 51 57 3.0832859914071125
list:
dist: 3.0832859914071125 vs. 3.0832859914071125
--------
nle(id0,id1,dist): 52 55 2.2434687792144237
list:
dist: 2.2434687792144237 vs. 2.2434687792144237
--------
nle(id0,id1,dist): 52 56 1.4556235844832457
list:
dist: 1.4556235844832457 vs. 1.4556235844832457
--------
nle(id0,id1,dist): 52 54 2.3317125481366268
list:
dist: 2.3317125481366268 vs. 2.3317125481366268
--------
nle(id0,id1,dist): 52 59 2.8360540217472
list:
dist: 2.8360540217472 vs. 2.8360540217472
--------
nle(id0,id1,dist): 52 57 2.325911744636069
list:
dist: 2.325911744636069 vs. 2.325911744636069
--------
nle(id0,id1,dist): 52 58 1.0754081005147198
list:
dist: 1.0754081005147198 vs. 1.0754081005147198
--------
nle(id0,id1,dist): 53 54 1.9380229001441436
list:
dist: 1.9380229001441436 vs. 1.9380229001441436
--------
nle(id0,id1,dist): 53 57 2.0247112591464282
list:
dist: 2.0247112591464282 vs. 2.0247112591464282
--------
nle(id0,id1,dist): 54 59 2.2198543005454243
list:
dist: 2.2198543005454243 vs. 2.2198543005454243
--------
nle(id0,id1,dist): 54 58 1.5773836337992322
list:
dist: 1.5773836337992322 vs. 1.5773836337992322
--------
nle(id0,id1,dist): 54 57 1.4831902294068473
list:
dist: 1.4831902294068473 vs. 1.4831902294068473
--------
nle(id0,id1,dist): 54 56 1.8360590180557248
list:
dist: 1.8360590180557248 vs. 1.8360590180557248
--------
nle(id0,id1,dist): 54 55 1.6134221295319584
list:
dist: 1.6134221295319584 vs. 1.6134221295319584
--------
nle(id0,id1,dist): 93 112 2.576674082633253
list:
dist: 2.576674082633253 vs. 2.576674082633253
--------
nle(id0,id1,dist): 93 116 4.018256081574536
list:
dist: 4.018256081574536 vs. 4.018256081574536
--------
nle(id0,id1,dist): 93 118 3.8734105408565815
list:
dist: 3.8734105408565815 vs. 3.8734105408565815
--------
nle(id0,id1,dist): 93 119 3.9890226720438897
list:
dist: 3.9890226720438897 vs. 3.9890226720438897
--------
nle(id0,id1,dist): 93 96 3.384133998580282
list:
dist: 3.384133998580282 vs. 3.384133998580282
--------
nle(id0,id1,dist): 93 99 2.332665065761841
list:
dist: 2.332665065761841 vs. 2.332665065761841
--------
nle(id0,id1,dist): 93 98 2.2166319488395265
list:
dist: 2.2166319488395265 vs. 2.2166319488395265
--------
nle(id0,id1,dist): 93 101 1.9852768771621465
list:
dist: 1.9852768771621465 vs. 1.9852768771621465
--------
nle(id0,id1,dist): 93 100 2.179926052982744
list:
dist: 2.179926052982744 vs. 2.179926052982744
--------
nle(id0,id1,dist): 93 103 1.8680575083165587
list:
dist: 1.8680575083165587 vs. 1.8680575083165587
--------
nle(id0,id1,dist): 93 102 3.1069329709506386
list:
dist: 3.1069329709506386 vs. 3.1069329709506386
--------
nle(id0,id1,dist): 93 105 3.2365507585640843
list:
dist: 3.2365507585640843 vs. 3.2365507585640843
--------
nle(id0,id1,dist): 93 104 1.2209684878631935
list:
dist: 1.2209684878631935 vs. 1.2209684878631935
--------
nle(id0,id1,dist): 93 107 2.941339377381829
list:
dist: 2.941339377381829 vs. 2.941339377381829
--------
nle(id0,id1,dist): 93 106 2.607372138293651
list:
dist: 2.607372138293651 vs. 2.607372138293651
--------
nle(id0,id1,dist): 93 108 2.1901884192773093
list:
dist: 2.1901884192773093 vs. 2.1901884192773093
--------
nle(id0,id1,dist): 93 110 3.3033063279955854
list:
dist: 3.3033063279955854 vs. 3.3033063279955854
--------
nle(id0,id1,dist): 94 110 1.7817723145810498
list:
dist: 1.7817723145810498 vs. 1.7817723145810498
--------
nle(id0,id1,dist): 94 107 1.6809318322917501
list:
dist: 1.6809318322917501 vs. 1.6809318322917501
--------
nle(id0,id1,dist): 94 108 0.6581171663639915
list:
dist: 0.6581171663639915 vs. 0.6581171663639915
--------
nle(id0,id1,dist): 94 111 2.1081055177172834
list:
dist: 2.1081055177172834 vs. 2.1081055177172834
--------
nle(id0,id1,dist): 94 112 1.3791952006627295
list:
dist: 1.3791952006627295 vs. 1.3791952006627295
--------
nle(id0,id1,dist): 94 118 2.222251930753385
list:
dist: 2.222251930753385 vs. 2.222251930753385
--------
nle(id0,id1,dist): 94 115 2.2919289568071255
list:
dist: 2.2919289568071255 vs. 2.2919289568071255
--------
nle(id0,id1,dist): 94 116 2.478099866640674
list:
dist: 2.478099866640674 vs. 2.478099866640674
--------
nle(id0,id1,dist): 94 119 2.493592807677282
list:
dist: 2.493592807677282 vs. 2.493592807677282
--------
nle(id0,id1,dist): 94 98 1.286256960118694
list:
dist: 1.286256960118694 vs. 1.286256960118694
--------
nle(id0,id1,dist): 94 96 1.9627475060183603
list:
dist: 1.9627475060183603 vs. 1.9627475060183603
--------
nle(id0,id1,dist): 94 95 0.7868273093304059
list:
dist: 0.7868273093304059 vs. 0.7868273093304059
--------
nle(id0,id1,dist): 94 102 1.4639214581760855
list:
dist: 1.4639214581760855 vs. 1.4639214581760855
--------
nle(id0,id1,dist): 94 101 0.6240397464841578
list:
dist: 0.6240397464841578 vs. 0.6240397464841578
--------
nle(id0,id1,dist): 94 99 0.9411370826626916
list:
dist: 0.9411370826626916 vs. 0.9411370826626916
--------
nle(id0,id1,dist): 94 106 1.8233797327030377
list:
dist: 1.8233797327030377 vs. 1.8233797327030377
--------
nle(id0,id1,dist): 94 105 1.5722521552925892
list:
dist: 1.5722521552925892 vs. 1.5722521552925892
--------
nle(id0,id1,dist): 94 104 0.7824219879555241
list:
dist: 0.7824219879555241 vs. 0.7824219879555241
--------
nle(id0,id1,dist): 94 103 2.4179772312516485
list:
dist: 2.4179772312516485 vs. 2.4179772312516485
--------
nle(id0,id1,dist): 92 98 0.4141131409190449
list:
dist: 0.4141131409190449 vs. 0.4141131409190449
--------
nle(id0,id1,dist): 92 99 1.2392504668833846
list:
dist: 1.2392504668833846 vs. 1.2392504668833846
--------
nle(id0,id1,dist): 92 100 3.2653947979471765
list:
dist: 3.2653947979471765 vs. 3.2653947979471765
--------
nle(id0,id1,dist): 92 93 2.2359907638408743
list:
dist: 2.2359907638408743 vs. 2.2359907638408743
--------
nle(id0,id1,dist): 92 94 1.5811513040803353
list:
dist: 1.5811513040803353 vs. 1.5811513040803353
--------
nle(id0,id1,dist): 92 95 1.487824184447672
list:
dist: 1.487824184447672 vs. 1.487824184447672
--------
nle(id0,id1,dist): 92 96 2.449890749484238
list:
dist: 2.449890749484238 vs. 2.449890749484238
--------
nle(id0,id1,dist): 91 110 3.884596863343431
list:
dist: 3.884596863343431 vs. 3.884596863343431
--------
nle(id0,id1,dist): 91 112 2.1495325901676297
list:
dist: 2.1495325901676297 vs. 2.1495325901676297
--------
nle(id0,id1,dist): 91 107 3.7973055281250163
list:
dist: 3.7973055281250163 vs. 3.7973055281250163
--------
nle(id0,id1,dist): 91 106 3.783889467797169
list:
dist: 3.783889467797169 vs. 3.783889467797169
--------
nle(id0,id1,dist): 91 108 2.7822024429691337
list:
dist: 2.7822024429691337 vs. 2.7822024429691337
--------
nle(id0,id1,dist): 91 119 4.516802546042313
list:
dist: 4.516802546042313 vs. 4.516802546042313
--------
nle(id0,id1,dist): 91 118 4.209676834485974
list:
dist: 4.209676834485974 vs. 4.209676834485974
--------
nle(id0,id1,dist): 91 116 4.354707726058932
list:
dist: 4.354707726058932 vs. 4.354707726058932
--------
nle(id0,id1,dist): 92 119 3.737100484742762
list:
dist: 3.737100484742762 vs. 3.737100484742762
--------
nle(id0,id1,dist): 92 118 3.151190598959566
list:
dist: 3.151190598959566 vs. 3.151190598959566
--------
nle(id0,id1,dist): 93 94 1.727752668083551
list:
dist: 1.727752668083551 vs. 1.727752668083551
--------
nle(id0,id1,dist): 93 95 1.3265465345973921
list:
dist: 1.3265465345973921 vs. 1.3265465345973921
--------
nle(id0,id1,dist): 92 108 2.1052399078026975
list:
dist: 2.1052399078026975 vs. 2.1052399078026975
--------
nle(id0,id1,dist): 92 107 3.031984791861642
list:
dist: 3.031984791861642 vs. 3.031984791861642
--------
nle(id0,id1,dist): 92 106 3.2279395023682658
list:
dist: 3.2279395023682658 vs. 3.2279395023682658
--------
nle(id0,id1,dist): 92 105 1.872520172894111
list:
dist: 1.872520172894111 vs. 1.872520172894111
--------
nle(id0,id1,dist): 92 104 1.8211471648960207
list:
dist: 1.8211471648960207 vs. 1.8211471648960207
--------
nle(id0,id1,dist): 92 103 1.932514926831583
list:
dist: 1.932514926831583 vs. 1.932514926831583
--------
nle(id0,id1,dist): 92 102 2.272358392935057
list:
dist: 2.272358392935057 vs. 2.272358392935057
--------
nle(id0,id1,dist): 92 101 1.6693780706534749
list:
dist: 1.6693780706534749 vs. 1.6693780706534749
--------
nle(id0,id1,dist): 92 116 2.919109678894159
list:
dist: 2.919109678894159 vs. 2.919109678894159
--------
nle(id0,id1,dist): 92 112 2.148999306744705
list:
dist: 2.148999306744705 vs. 2.148999306744705
--------
nle(id0,id1,dist): 92 110 2.976426808461867
list:
dist: 2.976426808461867 vs. 2.976426808461867
--------
nle(id0,id1,dist): 97 101 1.784784844825402
list:
dist: 1.784784844825402 vs. 1.784784844825402
--------
nle(id0,id1,dist): 97 105 1.8454646182011833
list:
dist: 1.8454646182011833 vs. 1.8454646182011833
--------
nle(id0,id1,dist): 97 104 2.468225078132603
list:
dist: 2.468225078132603 vs. 2.468225078132603
--------
nle(id0,id1,dist): 97 107 1.7206836710057236
list:
dist: 1.7206836710057236 vs. 1.7206836710057236
--------
nle(id0,id1,dist): 97 106 2.16892795554963
list:
dist: 2.16892795554963 vs. 2.16892795554963
--------
nle(id0,id1,dist): 97 99 1.720169547658845
list:
dist: 1.720169547658845 vs. 1.720169547658845
--------
nle(id0,id1,dist): 96 113 1.8482907085227833
list:
dist: 1.8482907085227833 vs. 1.8482907085227833
--------
nle(id0,id1,dist): 96 114 1.6593626242713975
list:
dist: 1.6593626242713975 vs. 1.6593626242713975
--------
nle(id0,id1,dist): 96 115 2.534216014884979
list:
dist: 2.534216014884979 vs. 2.534216014884979
--------
nle(id0,id1,dist): 96 116 0.696428683185611
list:
dist: 0.696428683185611 vs. 0.696428683185611
--------
nle(id0,id1,dist): 96 118 1.3673778821408509
list:
dist: 1.3673778821408509 vs. 1.3673778821408509
--------
nle(id0,id1,dist): 96 119 2.0595772991540584
list:
dist: 2.0595772991540584 vs. 2.0595772991540584
--------
nle(id0,id1,dist): 98 102 1.985882790694028
list:
dist: 1.985882790694028 vs. 1.985882790694028
--------
nle(id0,id1,dist): 98 101 1.298353612170511
list:
dist: 1.298353612170511 vs. 1.298353612170511
--------
nle(id0,id1,dist): 98 100 3.499485120761579
list:
dist: 3.499485120761579 vs. 3.499485120761579
--------
nle(id0,id1,dist): 98 99 0.8262508603268232
list:
dist: 0.8262508603268232 vs. 0.8262508603268232
--------
nle(id0,id1,dist): 97 118 1.6108045253637142
list:
dist: 1.6108045253637142 vs. 1.6108045253637142
--------
nle(id0,id1,dist): 97 119 2.223653182796514
list:
dist: 2.223653182796514 vs. 2.223653182796514
--------
nle(id0,id1,dist): 97 116 0.7961828016172987
list:
dist: 0.7961828016172987 vs. 0.7961828016172987
--------
nle(id0,id1,dist): 97 110 1.5625119814486406
list:
dist: 1.5625119814486406 vs. 1.5625119814486406
--------
nle(id0,id1,dist): 97 111 2.176431327278318
list:
dist: 2.176431327278318 vs. 2.176431327278318
--------
nle(id0,id1,dist): 97 108 1.9742209194522582
list:
dist: 1.9742209194522582 vs. 1.9742209194522582
--------
nle(id0,id1,dist): 97 109 2.0774762445026984
list:
dist: 2.0774762445026984 vs. 2.0774762445026984
--------
nle(id0,id1,dist): 97 114 1.2480804404546895
list:
dist: 1.2480804404546895 vs. 1.2480804404546895
--------
nle(id0,id1,dist): 97 113 1.833104447686877
list:
dist: 1.833104447686877 vs. 1.833104447686877
--------
nle(id0,id1,dist): 95 116 3.2091278647252657
list:
dist: 3.2091278647252657 vs. 3.2091278647252657
--------
nle(id0,id1,dist): 95 110 2.535306904350359
list:
dist: 2.535306904350359 vs. 2.535306904350359
--------
nle(id0,id1,dist): 95 112 1.3132897707528983
list:
dist: 1.3132897707528983 vs. 1.3132897707528983
--------
nle(id0,id1,dist): 95 107 2.4138878620581656
list:
dist: 2.4138878620581656 vs. 2.4138878620581656
--------
nle(id0,id1,dist): 95 106 2.4386918292859865
list:
dist: 2.4386918292859865 vs. 2.4386918292859865
--------
nle(id0,id1,dist): 95 108 1.4096346032014409
list:
dist: 1.4096346032014409 vs. 1.4096346032014409
--------
nle(id0,id1,dist): 95 103 1.6758536459101105
list:
dist: 1.6758536459101105 vs. 1.6758536459101105
--------
nle(id0,id1,dist): 95 102 1.8699533763698473
list:
dist: 1.8699533763698473 vs. 1.8699533763698473
--------
nle(id0,id1,dist): 95 105 2.1110713684294358
list:
dist: 2.1110713684294358 vs. 2.1110713684294358
--------
nle(id0,id1,dist): 95 104 1.0668251537145756
list:
dist: 1.0668251537145756 vs. 1.0668251537145756
--------
nle(id0,id1,dist): 95 98 1.3906739957472887
list:
dist: 1.3906739957472887 vs. 1.3906739957472887
--------
nle(id0,id1,dist): 95 99 1.500104200574342
list:
dist: 1.500104200574342 vs. 1.500104200574342
--------
nle(id0,id1,dist): 95 100 2.732615956183048
list:
dist: 2.732615956183048 vs. 2.732615956183048
--------
nle(id0,id1,dist): 95 101 1.3387993967721359
list:
dist: 1.3387993967721359 vs. 1.3387993967721359
--------
nle(id0,id1,dist): 95 96 2.6981785240656366
list:
dist: 2.6981785240656366 vs. 2.6981785240656366
--------
nle(id0,id1,dist): 96 112 2.837699174317329
list:
dist: 2.837699174317329 vs. 2.837699174317329
--------
nle(id0,id1,dist): 96 111 1.857409812425352
list:
dist: 1.857409812425352 vs. 1.857409812425352
--------
nle(id0,id1,dist): 96 110 1.3290988006636382
list:
dist: 1.3290988006636382 vs. 1.3290988006636382
--------
nle(id0,id1,dist): 96 109 2.221321783044842
list:
dist: 2.221321783044842 vs. 2.221321783044842
--------
nle(id0,id1,dist): 96 108 1.6183591910232276
list:
dist: 1.6183591910232276 vs. 1.6183591910232276
--------
nle(id0,id1,dist): 96 107 1.5645034523302637
list:
dist: 1.5645034523302637 vs. 1.5645034523302637
--------
nle(id0,id1,dist): 96 106 2.082812141519726
list:
dist: 2.082812141519726 vs. 2.082812141519726
--------
nle(id0,id1,dist): 96 105 1.3783368224394512
list:
dist: 1.3783368224394512 vs. 1.3783368224394512
--------
nle(id0,id1,dist): 96 104 2.190201131423425
list:
dist: 2.190201131423425 vs. 2.190201131423425
--------
nle(id0,id1,dist): 96 103 4.112985052827405
list:
dist: 4.112985052827405 vs. 4.112985052827405
--------
nle(id0,id1,dist): 96 102 2.0913108404055625
list:
dist: 2.0913108404055625 vs. 2.0913108404055625
--------
nle(id0,id1,dist): 96 101 1.4413687167181817
list:
dist: 1.4413687167181817 vs. 1.4413687167181817
--------
nle(id0,id1,dist): 96 99 1.3111620513888833
list:
dist: 1.3111620513888833 vs. 1.3111620513888833
--------
nle(id0,id1,dist): 96 98 2.0512311774424687
list:
dist: 2.0512311774424687 vs. 2.0512311774424687
--------
nle(id0,id1,dist): 96 97 0.4769149044549666
list:
dist: 0.4769149044549666 vs. 0.4769149044549666
--------
nle(id0,id1,dist): 95 118 2.9456822128525357
list:
dist: 2.9456822128525357 vs. 2.9456822128525357
--------
nle(id0,id1,dist): 95 119 3.181028481238714
list:
dist: 3.181028481238714 vs. 3.181028481238714
--------
nle(id0,id1,dist): 87 88 0.950343527712278
list:
dist: 0.950343527712278 vs. 0.950343527712278
--------
nle(id0,id1,dist): 85 88 3.313362131682839
list:
dist: 3.313362131682839 vs. 3.313362131682839
--------
nle(id0,id1,dist): 85 89 2.0031682718702513
list:
dist: 2.0031682718702513 vs. 2.0031682718702513
--------
nle(id0,id1,dist): 86 87 0.9452322493211216
list:
dist: 0.9452322493211216 vs. 0.9452322493211216
--------
nle(id0,id1,dist): 86 88 1.0394026980974156
list:
dist: 1.0394026980974156 vs. 1.0394026980974156
--------
nle(id0,id1,dist): 90 93 3.0302392148877053
list:
dist: 3.0302392148877053 vs. 3.0302392148877053
--------
nle(id0,id1,dist): 90 94 1.996654513360021
list:
dist: 1.996654513360021 vs. 1.996654513360021
--------
nle(id0,id1,dist): 90 91 1.9522505718489198
list:
dist: 1.9522505718489198 vs. 1.9522505718489198
--------
nle(id0,id1,dist): 90 92 1.748603652398376
list:
dist: 1.748603652398376 vs. 1.748603652398376
--------
nle(id0,id1,dist): 89 116 2.7815583563312845
list:
dist: 2.7815583563312845 vs. 2.7815583563312845
--------
nle(id0,id1,dist): 90 106 3.709392030987136
list:
dist: 3.709392030987136 vs. 3.709392030987136
--------
nle(id0,id1,dist): 90 105 1.877542019234283
list:
dist: 1.877542019234283 vs. 1.877542019234283
--------
nle(id0,id1,dist): 90 104 2.6615665762386205
list:
dist: 2.6615665762386205 vs. 2.6615665762386205
--------
nle(id0,id1,dist): 90 103 2.2024294572834924
list:
dist: 2.2024294572834924 vs. 2.2024294572834924
--------
nle(id0,id1,dist): 90 110 3.0909222901161013
list:
dist: 3.0909222901161013 vs. 3.0909222901161013
--------
nle(id0,id1,dist): 90 108 2.4020676074519565
list:
dist: 2.4020676074519565 vs. 2.4020676074519565
--------
nle(id0,id1,dist): 90 107 3.335560815862382
list:
dist: 3.335560815862382 vs. 3.335560815862382
--------
nle(id0,id1,dist): 90 98 1.7769457502323385
list:
dist: 1.7769457502323385 vs. 1.7769457502323385
--------
nle(id0,id1,dist): 90 96 3.1425196513438904
list:
dist: 3.1425196513438904 vs. 3.1425196513438904
--------
nle(id0,id1,dist): 90 95 1.776521260532567
list:
dist: 1.776521260532567 vs. 1.776521260532567
--------
nle(id0,id1,dist): 90 102 1.6126803996485168
list:
dist: 1.6126803996485168 vs. 1.6126803996485168
--------
nle(id0,id1,dist): 90 101 2.4216915272631927
list:
dist: 2.4216915272631927 vs. 2.4216915272631927
--------
nle(id0,id1,dist): 90 99 2.111551046385207
list:
dist: 2.111551046385207 vs. 2.111551046385207
--------
nle(id0,id1,dist): 90 119 3.5428201445362766
list:
dist: 3.5428201445362766 vs. 3.5428201445362766
--------
nle(id0,id1,dist): 90 111 2.759079301860183
list:
dist: 2.759079301860183 vs. 2.759079301860183
--------
nle(id0,id1,dist): 90 112 1.1974291647587312
list:
dist: 1.1974291647587312 vs. 1.1974291647587312
--------
nle(id0,id1,dist): 90 115 1.8884190313815248
list:
dist: 1.8884190313815248 vs. 1.8884190313815248
--------
nle(id0,id1,dist): 90 116 3.3533883098879604
list:
dist: 3.3533883098879604 vs. 3.3533883098879604
--------
nle(id0,id1,dist): 90 118 3.0870531165088924
list:
dist: 3.0870531165088924 vs. 3.0870531165088924
--------
nle(id0,id1,dist): 91 99 2.5522147449043153
list:
dist: 2.5522147449043153 vs. 2.5522147449043153
--------
nle(id0,id1,dist): 91 98 1.9851794553517697
list:
dist: 1.9851794553517697 vs. 1.9851794553517697
--------
nle(id0,id1,dist): 91 101 2.600536227057826
list:
dist: 2.600536227057826 vs. 2.600536227057826
--------
nle(id0,id1,dist): 91 100 1.7120034639499062
list:
dist: 1.7120034639499062 vs. 1.7120034639499062
--------
nle(id0,id1,dist): 91 103 0.3124286879699177
list:
dist: 0.3124286879699177 vs. 0.3124286879699177
--------
nle(id0,id1,dist): 91 102 2.927879950488338
list:
dist: 2.927879950488338 vs. 2.927879950488338
--------
nle(id0,id1,dist): 91 105 3.1090570676640876
list:
dist: 3.1090570676640876 vs. 3.1090570676640876
--------
nle(id0,id1,dist): 91 104 2.24750366564855
list:
dist: 2.24750366564855 vs. 2.24750366564855
--------
nle(id0,id1,dist): 91 93 1.7503838060819554
list:
dist: 1.7503838060819554 vs. 1.7503838060819554
--------
nle(id0,id1,dist): 91 92 1.7549237301283074
list:
dist: 1.7549237301283074 vs. 1.7549237301283074
--------
nle(id0,id1,dist): 91 95 1.388237485275463
list:
dist: 1.388237485275463 vs. 1.388237485275463
--------
nle(id0,id1,dist): 91 94 2.1345454456247976
list:
dist: 2.1345454456247976 vs. 2.1345454456247976
--------
nle(id0,id1,dist): 91 96 3.858745205551199
list:
dist: 3.858745205551199 vs. 3.858745205551199
--------
nle(id0,id1,dist): 88 89 2.303593650317197
list:
dist: 2.303593650317197 vs. 2.303593650317197
--------
nle(id0,id1,dist): 89 96 2.9353791160565885
list:
dist: 2.9353791160565885 vs. 2.9353791160565885
--------
nle(id0,id1,dist): 89 97 3.0313829972538353
list:
dist: 3.0313829972538353 vs. 3.0313829972538353
--------
nle(id0,id1,dist): 89 98 3.125025499452725
list:
dist: 3.125025499452725 vs. 3.125025499452725
--------
nle(id0,id1,dist): 89 99 3.165765985630254
list:
dist: 3.165765985630254 vs. 3.165765985630254
--------
nle(id0,id1,dist): 89 92 3.2180241548727424
list:
dist: 3.2180241548727424 vs. 3.2180241548727424
--------
nle(id0,id1,dist): 89 90 3.8864308944027925
list:
dist: 3.8864308944027925 vs. 3.8864308944027925
--------
nle(id0,id1,dist): 89 91 4.905167503407991
list:
dist: 4.905167503407991 vs. 4.905167503407991
--------
nle(id0,id1,dist): 89 113 3.4410419667724694
list:
dist: 3.4410419667724694 vs. 3.4410419667724694
--------
nle(id0,id1,dist): 89 114 3.719212927931859
list:
dist: 3.719212927931859 vs. 3.719212927931859
--------
nle(id0,id1,dist): 89 105 2.8934889565615958
list:
dist: 2.8934889565615958 vs. 2.8934889565615958
--------
nle(id0,id1,dist): 89 103 5.06134993671335
list:
dist: 5.06134993671335 vs. 5.06134993671335
--------
nle(id0,id1,dist): 81 82 3.009097626992315
list:
dist: 3.009097626992315 vs. 3.009097626992315
--------
nle(id0,id1,dist): 81 83 0.8258074989872646
list:
dist: 0.8258074989872646 vs. 0.8258074989872646
--------
nle(id0,id1,dist): 81 88 1.0401375433307203
list:
dist: 1.0401375433307203 vs. 1.0401375433307203
--------
nle(id0,id1,dist): 81 89 2.7808384697542965
list:
dist: 2.7808384697542965 vs. 2.7808384697542965
--------
nle(id0,id1,dist): 81 86 1.9128216208466913
list:
dist: 1.9128216208466913 vs. 1.9128216208466913
--------
nle(id0,id1,dist): 81 87 1.3009522194533454
list:
dist: 1.3009522194533454 vs. 1.3009522194533454
--------
nle(id0,id1,dist): 81 84 2.2831290005207383
list:
dist: 2.2831290005207383 vs. 2.2831290005207383
--------
nle(id0,id1,dist): 81 85 3.1139632453878816
list:
dist: 3.1139632453878816 vs. 3.1139632453878816
--------
nle(id0,id1,dist): 80 85 3.4967174308966174
list:
dist: 3.4967174308966174 vs. 3.4967174308966174
--------
nle(id0,id1,dist): 80 86 2.9601769659635226
list:
dist: 2.9601769659635226 vs. 2.9601769659635226
--------
nle(id0,id1,dist): 80 87 2.204671241439556
list:
dist: 2.204671241439556 vs. 2.204671241439556
--------
nle(id0,id1,dist): 80 88 2.203071440328773
list:
dist: 2.203071440328773 vs. 2.203071440328773
--------
nle(id0,id1,dist): 80 81 1.175076025829186
list:
dist: 1.175076025829186 vs. 1.175076025829186
--------
nle(id0,id1,dist): 80 82 3.27786361701297
list:
dist: 3.27786361701297 vs. 3.27786361701297
--------
nle(id0,id1,dist): 80 83 0.9841497113301558
list:
dist: 0.9841497113301558 vs. 0.9841497113301558
--------
nle(id0,id1,dist): 80 89 3.7402398623367246
list:
dist: 3.7402398623367246 vs. 3.7402398623367246
--------
nle(id0,id1,dist): 79 114 4.18860998469916
list:
dist: 4.18860998469916 vs. 4.18860998469916
--------
nle(id0,id1,dist): 79 113 5.218799984764484
list:
dist: 5.218799984764484 vs. 5.218799984764484
--------
nle(id0,id1,dist): 79 88 2.408222717090325
list:
dist: 2.408222717090325 vs. 2.408222717090325
--------
nle(id0,id1,dist): 79 86 2.138189321166642
list:
dist: 2.138189321166642 vs. 2.138189321166642
--------
nle(id0,id1,dist): 79 87 1.5528981425119381
list:
dist: 1.5528981425119381 vs. 1.5528981425119381
--------
nle(id0,id1,dist): 79 97 4.520224668402988
list:
dist: 4.520224668402988 vs. 4.520224668402988
--------
nle(id0,id1,dist): 78 114 4.234834651574032
list:
dist: 4.234834651574032 vs. 4.234834651574032
--------
nle(id0,id1,dist): 79 81 2.541349556918789
list:
dist: 2.541349556918789 vs. 2.541349556918789
--------
nle(id0,id1,dist): 79 80 3.0679738755347654
list:
dist: 3.0679738755347654 vs. 3.0679738755347654
--------
nle(id0,id1,dist): 78 116 4.448286685543364
list:
dist: 4.448286685543364 vs. 4.448286685543364
--------
nle(id0,id1,dist): 79 84 2.658179725130963
list:
dist: 2.658179725130963 vs. 2.658179725130963
--------
nle(id0,id1,dist): 79 83 2.2496204418921293
list:
dist: 2.2496204418921293 vs. 2.2496204418921293
--------
nle(id0,id1,dist): 78 96 4.266401506497296
list:
dist: 4.266401506497296 vs. 4.266401506497296
--------
nle(id0,id1,dist): 78 97 4.01134745597947
list:
dist: 4.01134745597947 vs. 4.01134745597947
--------
nle(id0,id1,dist): 78 99 4.711369741494645
list:
dist: 4.711369741494645 vs. 4.711369741494645
--------
nle(id0,id1,dist): 78 105 5.164896961872656
list:
dist: 5.164896961872656 vs. 5.164896961872656
--------
nle(id0,id1,dist): 78 80 2.339970059347166
list:
dist: 2.339970059347166 vs. 2.339970059347166
--------
nle(id0,id1,dist): 78 79 2.0300391654912193
list:
dist: 2.0300391654912193 vs. 2.0300391654912193
--------
nle(id0,id1,dist): 78 82 4.0816231258039455
list:
dist: 4.0816231258039455 vs. 4.0816231258039455
--------
nle(id0,id1,dist): 78 81 2.0973859975110294
list:
dist: 2.0973859975110294 vs. 2.0973859975110294
--------
nle(id0,id1,dist): 78 83 1.4708081152785997
list:
dist: 1.4708081152785997 vs. 1.4708081152785997
--------
nle(id0,id1,dist): 78 86 3.002975030112468
list:
dist: 3.002975030112468 vs. 3.002975030112468
--------
nle(id0,id1,dist): 78 85 3.756647711974022
list:
dist: 3.756647711974022 vs. 3.756647711974022
--------
nle(id0,id1,dist): 78 88 2.480630470856513
list:
dist: 2.480630470856513 vs. 2.480630470856513
--------
nle(id0,id1,dist): 78 87 2.2165735799350252
list:
dist: 2.2165735799350252 vs. 2.2165735799350252
--------
nle(id0,id1,dist): 78 89 3.5709772562714597
list:
dist: 3.5709772562714597 vs. 3.5709772562714597
--------
nle(id0,id1,dist): 84 87 1.4713883109140946
list:
dist: 1.4713883109140946 vs. 1.4713883109140946
--------
nle(id0,id1,dist): 84 88 1.5295479851987026
list:
dist: 1.5295479851987026 vs. 1.5295479851987026
--------
nle(id0,id1,dist): 84 86 0.7645051783428418
list:
dist: 0.7645051783428418 vs. 0.7645051783428418
--------
nle(id0,id1,dist): 83 86 2.3873039821962716
list:
dist: 2.3873039821962716 vs. 2.3873039821962716
--------
nle(id0,id1,dist): 83 87 1.5389187214642148
list:
dist: 1.5389187214642148 vs. 1.5389187214642148
--------
nle(id0,id1,dist): 83 88 1.669909461691436
list:
dist: 1.669909461691436 vs. 1.669909461691436
--------
nle(id0,id1,dist): 83 89 3.298718477792447
list:
dist: 3.298718477792447 vs. 3.298718477792447
--------
nle(id0,id1,dist): 83 85 3.412240463723829
list:
dist: 3.412240463723829 vs. 3.412240463723829
--------
nle(id0,id1,dist): 82 89 2.332049289097806
list:
dist: 2.332049289097806 vs. 2.332049289097806
--------
nle(id0,id1,dist): 82 88 3.293409427370391
list:
dist: 3.293409427370391 vs. 3.293409427370391
--------
nle(id0,id1,dist): 82 83 3.4161498001131774
list:
dist: 3.4161498001131774 vs. 3.4161498001131774
--------
nle(id0,id1,dist): 82 85 0.877476617653006
list:
dist: 0.877476617653006 vs. 0.877476617653006
--------
nle(id0,id1,dist): 74 75 2.1891613277156154
list:
dist: 2.1891613277156154 vs. 2.1891613277156154
--------
nle(id0,id1,dist): 74 78 2.2645004910716433
list:
dist: 2.2645004910716433 vs. 2.2645004910716433
--------
nle(id0,id1,dist): 74 83 2.4254446701174723
list:
dist: 2.4254446701174723 vs. 2.4254446701174723
--------
nle(id0,id1,dist): 74 85 4.711439945007006
list:
dist: 4.711439945007006 vs. 4.711439945007006
--------
nle(id0,id1,dist): 74 80 2.4565919995921344
list:
dist: 2.4565919995921344 vs. 2.4565919995921344
--------
nle(id0,id1,dist): 73 75 1.6482210838014777
list:
dist: 1.6482210838014777 vs. 1.6482210838014777
--------
nle(id0,id1,dist): 73 74 1.7451495349120731
list:
dist: 1.7451495349120731 vs. 1.7451495349120731
--------
nle(id0,id1,dist): 73 83 1.0321532517599548
list:
dist: 1.0321532517599548 vs. 1.0321532517599548
--------
nle(id0,id1,dist): 73 82 4.109959727918923
list:
dist: 4.109959727918923 vs. 4.109959727918923
--------
nle(id0,id1,dist): 73 81 1.8337865692321391
list:
dist: 1.8337865692321391 vs. 1.8337865692321391
--------
nle(id0,id1,dist): 73 80 1.7292092227319384
list:
dist: 1.7292092227319384 vs. 1.7292092227319384
--------
nle(id0,id1,dist): 73 79 2.067145206180577
list:
dist: 2.067145206180577 vs. 2.067145206180577
--------
nle(id0,id1,dist): 73 78 0.82061366650335
list:
dist: 0.82061366650335 vs. 0.82061366650335
--------
nle(id0,id1,dist): 73 77 2.350367413754059
list:
dist: 2.350367413754059 vs. 2.350367413754059
--------
nle(id0,id1,dist): 73 76 1.8231573305337743
list:
dist: 1.8231573305337743 vs. 1.8231573305337743
--------
nle(id0,id1,dist): 73 88 2.4831362307271982
list:
dist: 2.4831362307271982 vs. 2.4831362307271982
--------
nle(id0,id1,dist): 73 89 3.9231428910784287
list:
dist: 3.9231428910784287 vs. 3.9231428910784287
--------
nle(id0,id1,dist): 73 86 3.027504713321417
list:
dist: 3.027504713321417 vs. 3.027504713321417
--------
nle(id0,id1,dist): 73 87 2.119756481351386
list:
dist: 2.119756481351386 vs. 2.119756481351386
--------
nle(id0,id1,dist): 73 85 3.948075992149111
list:
dist: 3.948075992149111 vs. 3.948075992149111
--------
nle(id0,id1,dist): 72 74 2.9032250323019655
list:
dist: 2.9032250323019655 vs. 2.9032250323019655
--------
nle(id0,id1,dist): 72 73 2.559049267353176
list:
dist: 2.559049267353176 vs. 2.559049267353176
--------
nle(id0,id1,dist): 72 76 2.8344742004464387
list:
dist: 2.8344742004464387 vs. 2.8344742004464387
--------
nle(id0,id1,dist): 72 75 1.4505573088651902
list:
dist: 1.4505573088651902 vs. 1.4505573088651902
--------
nle(id0,id1,dist): 72 78 2.692531793507031
list:
dist: 2.692531793507031 vs. 2.692531793507031
--------
nle(id0,id1,dist): 72 77 1.6489669875137054
list:
dist: 1.6489669875137054 vs. 1.6489669875137054
--------
nle(id0,id1,dist): 72 80 2.0037262873123547
list:
dist: 2.0037262873123547 vs. 2.0037262873123547
--------
nle(id0,id1,dist): 72 82 1.9406049316897276
list:
dist: 1.9406049316897276 vs. 1.9406049316897276
--------
nle(id0,id1,dist): 72 81 2.247781039911903
list:
dist: 2.247781039911903 vs. 2.247781039911903
--------
nle(id0,id1,dist): 72 83 2.1662043295778726
list:
dist: 2.1662043295778726 vs. 2.1662043295778726
--------
nle(id0,id1,dist): 72 85 1.9426670407427702
list:
dist: 1.9426670407427702 vs. 1.9426670407427702
--------
nle(id0,id1,dist): 72 88 3.0117452693809454
list:
dist: 3.0117452693809454 vs. 3.0117452693809454
--------
nle(id0,id1,dist): 72 89 3.1421548675525255
list:
dist: 3.1421548675525255 vs. 3.1421548675525255
--------
nle(id0,id1,dist): 71 81 2.0479709880661603
list:
dist: 2.0479709880661603 vs. 2.0479709880661603
--------
nle(id0,id1,dist): 71 80 1.546315736498209
list:
dist: 1.546315736498209 vs. 1.546315736498209
--------
nle(id0,id1,dist): 71 79 3.6528234381926126
list:
dist: 3.6528234381926126 vs. 3.6528234381926126
--------
nle(id0,id1,dist): 71 78 2.0059029108421047
list:
dist: 2.0059029108421047 vs. 2.0059029108421047
--------
nle(id0,id1,dist): 71 85 2.834477016962077
list:
dist: 2.834477016962077 vs. 2.834477016962077
--------
nle(id0,id1,dist): 71 83 1.6082660519755867
list:
dist: 1.6082660519755867 vs. 1.6082660519755867
--------
nle(id0,id1,dist): 71 82 2.8961427874035666
list:
dist: 2.8961427874035666 vs. 2.8961427874035666
--------
nle(id0,id1,dist): 71 89 3.646274495325397
list:
dist: 3.646274495325397 vs. 3.646274495325397
--------
nle(id0,id1,dist): 71 88 2.9458173357394863
list:
dist: 2.9458173357394863 vs. 2.9458173357394863
--------
nle(id0,id1,dist): 71 87 3.100108892826062
list:
dist: 3.100108892826062 vs. 3.100108892826062
--------
nle(id0,id1,dist): 71 86 3.857009290084089
list:
dist: 3.857009290084089 vs. 3.857009290084089
--------
nle(id0,id1,dist): 77 88 1.4345827765646808
list:
dist: 1.4345827765646808 vs. 1.4345827765646808
--------
nle(id0,id1,dist): 77 89 2.0466714155868875
list:
dist: 2.0466714155868875 vs. 2.0466714155868875
--------
nle(id0,id1,dist): 77 84 2.880036594812223
list:
dist: 2.880036594812223 vs. 2.880036594812223
--------
nle(id0,id1,dist): 77 85 2.0990170111053854
list:
dist: 2.0990170111053854 vs. 2.0990170111053854
--------
nle(id0,id1,dist): 77 86 2.473904659468309
list:
dist: 2.473904659468309 vs. 2.473904659468309
--------
nle(id0,id1,dist): 77 87 2.1072471037396223
list:
dist: 2.1072471037396223 vs. 2.1072471037396223
--------
nle(id0,id1,dist): 77 80 1.7115585359821175
list:
dist: 1.7115585359821175 vs. 1.7115585359821175
--------
nle(id0,id1,dist): 77 81 1.0204380398664779
list:
dist: 1.0204380398664779 vs. 1.0204380398664779
--------
nle(id0,id1,dist): 77 82 2.0394505198951633
list:
dist: 2.0394505198951633 vs. 2.0394505198951633
--------
nle(id0,id1,dist): 77 83 1.5079331269632599
list:
dist: 1.5079331269632599 vs. 1.5079331269632599
--------
nle(id0,id1,dist): 76 99 4.362218077434204
list:
dist: 4.362218077434204 vs. 4.362218077434204
--------
nle(id0,id1,dist): 76 97 3.5004756059587203
list:
dist: 3.5004756059587203 vs. 3.5004756059587203
--------
nle(id0,id1,dist): 76 96 3.7252610040077743
list:
dist: 3.7252610040077743 vs. 3.7252610040077743
--------
nle(id0,id1,dist): 76 89 2.433156655289272
list:
dist: 2.433156655289272 vs. 2.433156655289272
--------
nle(id0,id1,dist): 76 87 1.1345959730237172
list:
dist: 1.1345959730237172 vs. 1.1345959730237172
--------
nle(id0,id1,dist): 76 88 1.0516536696318366
list:
dist: 1.0516536696318366 vs. 1.0516536696318366
--------
nle(id0,id1,dist): 76 85 3.294330796412807
list:
dist: 3.294330796412807 vs. 3.294330796412807
--------
nle(id0,id1,dist): 76 86 1.6128478788874687
list:
dist: 1.6128478788874687 vs. 1.6128478788874687
--------
nle(id0,id1,dist): 76 116 3.677399403644566
list:
dist: 3.677399403644566 vs. 3.677399403644566
--------
nle(id0,id1,dist): 77 79 3.318012286323878
list:
dist: 3.318012286323878 vs. 3.318012286323878
--------
nle(id0,id1,dist): 77 78 2.3947891926855993
list:
dist: 2.3947891926855993 vs. 2.3947891926855993
--------
nle(id0,id1,dist): 76 114 3.653905874631532
list:
dist: 3.653905874631532 vs. 3.653905874631532
--------
nle(id0,id1,dist): 76 113 4.3007538955915825
list:
dist: 4.3007538955915825 vs. 4.3007538955915825
--------
nle(id0,id1,dist): 76 105 4.485676495489032
list:
dist: 4.485676495489032 vs. 4.485676495489032
--------
nle(id0,id1,dist): 76 78 1.5578677144500777
list:
dist: 1.5578677144500777 vs. 1.5578677144500777
--------
nle(id0,id1,dist): 76 77 1.6132157237078713
list:
dist: 1.6132157237078713 vs. 1.6132157237078713
--------
nle(id0,id1,dist): 76 80 2.2943265472297143
list:
dist: 2.2943265472297143 vs. 2.2943265472297143
--------
nle(id0,id1,dist): 76 79 1.9065924136054067
list:
dist: 1.9065924136054067 vs. 1.9065924136054067
--------
nle(id0,id1,dist): 76 82 3.510104665288014
list:
dist: 3.510104665288014 vs. 3.510104665288014
--------
nle(id0,id1,dist): 76 81 1.3148429511033841
list:
dist: 1.3148429511033841 vs. 1.3148429511033841
--------
nle(id0,id1,dist): 76 84 2.316159837929568
list:
dist: 2.316159837929568 vs. 2.316159837929568
--------
nle(id0,id1,dist): 76 83 1.4109640152504355
list:
dist: 1.4109640152504355 vs. 1.4109640152504355
--------
nle(id0,id1,dist): 75 85 2.7166128754710654
list:
dist: 2.7166128754710654 vs. 2.7166128754710654
--------
nle(id0,id1,dist): 75 83 1.8399059638124664
list:
dist: 1.8399059638124664 vs. 1.8399059638124664
--------
nle(id0,id1,dist): 75 82 3.0668628445632415
list:
dist: 3.0668628445632415 vs. 3.0668628445632415
--------
nle(id0,id1,dist): 75 89 3.3300952569832565
list:
dist: 3.3300952569832565 vs. 3.3300952569832565
--------
nle(id0,id1,dist): 75 88 2.948462418751018
list:
dist: 2.948462418751018 vs. 2.948462418751018
--------
nle(id0,id1,dist): 75 87 3.102596751109333
list:
dist: 3.102596751109333 vs. 3.102596751109333
--------
nle(id0,id1,dist): 75 86 3.810260741761386
list:
dist: 3.810260741761386 vs. 3.810260741761386
--------
nle(id0,id1,dist): 75 77 2.048516425953203
list:
dist: 2.048516425953203 vs. 2.048516425953203
--------
nle(id0,id1,dist): 75 76 2.2867408342641737
list:
dist: 2.2867408342641737 vs. 2.2867408342641737
--------
nle(id0,id1,dist): 75 81 2.3060481679060683
list:
dist: 2.3060481679060683 vs. 2.3060481679060683
--------
nle(id0,id1,dist): 75 80 2.245056683707233
list:
dist: 2.245056683707233 vs. 2.245056683707233
--------
nle(id0,id1,dist): 75 79 3.4396459552303567
list:
dist: 3.4396459552303567 vs. 3.4396459552303567
--------
nle(id0,id1,dist): 75 78 1.4996065853094476
list:
dist: 1.4996065853094476 vs. 1.4996065853094476
--------
nle(id0,id1,dist): 120 145 2.8082417341934067
list:
dist: 2.8082417341934067 vs. 2.8082417341934067
--------
nle(id0,id1,dist): 120 147 3.630632278879584
list:
dist: 3.630632278879584 vs. 3.630632278879584
--------
nle(id0,id1,dist): 120 148 2.381829051720312
list:
dist: 2.381829051720312 vs. 2.381829051720312
--------
nle(id0,id1,dist): 120 138 2.94987956242986
list:
dist: 2.94987956242986 vs. 2.94987956242986
--------
nle(id0,id1,dist): 120 140 2.9463773304621776
list:
dist: 2.9463773304621776 vs. 2.9463773304621776
--------
nle(id0,id1,dist): 120 144 2.445504533382955
list:
dist: 2.445504533382955 vs. 2.445504533382955
--------
nle(id0,id1,dist): 120 130 0.4922746321154843
list:
dist: 0.4922746321154843 vs. 0.4922746321154843
--------
nle(id0,id1,dist): 120 132 0.5708186958602338
list:
dist: 0.5708186958602338 vs. 0.5708186958602338
--------
nle(id0,id1,dist): 120 131 2.783134994656309
list:
dist: 2.783134994656309 vs. 2.783134994656309
--------
nle(id0,id1,dist): 120 136 3.525746565776793
list:
dist: 3.525746565776793 vs. 3.525746565776793
--------
nle(id0,id1,dist): 120 135 2.6772995074284176
list:
dist: 2.6772995074284176 vs. 2.6772995074284176
--------
nle(id0,id1,dist): 120 122 2.0625983674907973
list:
dist: 2.0625983674907973 vs. 2.0625983674907973
--------
nle(id0,id1,dist): 120 121 2.365106091562362
list:
dist: 2.365106091562362 vs. 2.365106091562362
--------
nle(id0,id1,dist): 120 124 1.5102927958634622
list:
dist: 1.5102927958634622 vs. 1.5102927958634622
--------
nle(id0,id1,dist): 120 123 2.03837924102168
list:
dist: 2.03837924102168 vs. 2.03837924102168
--------
nle(id0,id1,dist): 120 126 3.004506466526513
list:
dist: 3.004506466526513 vs. 3.004506466526513
--------
nle(id0,id1,dist): 120 125 1.7836257812469989
list:
dist: 1.7836257812469989 vs. 1.7836257812469989
--------
nle(id0,id1,dist): 120 128 2.3368444394133148
list:
dist: 2.3368444394133148 vs. 2.3368444394133148
--------
nle(id0,id1,dist): 121 140 1.1004771542887335
list:
dist: 1.1004771542887335 vs. 1.1004771542887335
--------
nle(id0,id1,dist): 121 147 2.147628624298973
list:
dist: 2.147628624298973 vs. 2.147628624298973
--------
nle(id0,id1,dist): 121 144 2.3840197842760724
list:
dist: 2.3840197842760724 vs. 2.3840197842760724
--------
nle(id0,id1,dist): 121 145 2.148793403310492
list:
dist: 2.148793403310492 vs. 2.148793403310492
--------
nle(id0,id1,dist): 121 132 2.417471077350579
list:
dist: 2.417471077350579 vs. 2.417471077350579
--------
nle(id0,id1,dist): 121 138 3.3742444957254034
list:
dist: 3.3742444957254034 vs. 3.3742444957254034
--------
nle(id0,id1,dist): 121 136 2.1525466611117428
list:
dist: 2.1525466611117428 vs. 2.1525466611117428
--------
nle(id0,id1,dist): 121 126 1.3382163449477817
list:
dist: 1.3382163449477817 vs. 1.3382163449477817
--------
nle(id0,id1,dist): 121 125 0.6157686003657636
list:
dist: 0.6157686003657636 vs. 0.6157686003657636
--------
nle(id0,id1,dist): 121 124 1.8359468423340335
list:
dist: 1.8359468423340335 vs. 1.8359468423340335
--------
nle(id0,id1,dist): 121 131 2.2752274478106136
list:
dist: 2.2752274478106136 vs. 2.2752274478106136
--------
nle(id0,id1,dist): 121 130 2.496653258101849
list:
dist: 2.496653258101849 vs. 2.496653258101849
--------
nle(id0,id1,dist): 121 128 1.5592118833506396
list:
dist: 1.5592118833506396 vs. 1.5592118833506396
--------
nle(id0,id1,dist): 121 123 2.5463689123511797
list:
dist: 2.5463689123511797 vs. 2.5463689123511797
--------
nle(id0,id1,dist): 121 122 3.235294247237765
list:
dist: 3.235294247237765 vs. 3.235294247237765
--------
nle(id0,id1,dist): 122 132 2.525766594777444
list:
dist: 2.525766594777444 vs. 2.525766594777444
--------
nle(id0,id1,dist): 122 131 1.8617583872382886
list:
dist: 1.8617583872382886 vs. 1.8617583872382886
--------
nle(id0,id1,dist): 122 134 1.7539903790054814
list:
dist: 1.7539903790054814 vs. 1.7539903790054814
--------
nle(id0,id1,dist): 122 128 2.2322704007615983
list:
dist: 2.2322704007615983 vs. 2.2322704007615983
--------
nle(id0,id1,dist): 122 127 1.024262839946949
list:
dist: 1.024262839946949 vs. 1.024262839946949
--------
nle(id0,id1,dist): 122 130 2.28267111561329
list:
dist: 2.28267111561329 vs. 2.28267111561329
--------
nle(id0,id1,dist): 122 129 3.2186929904770203
list:
dist: 3.2186929904770203 vs. 3.2186929904770203
--------
nle(id0,id1,dist): 122 140 3.152311405912783
list:
dist: 3.152311405912783 vs. 3.152311405912783
--------
nle(id0,id1,dist): 122 139 2.954034172991141
list:
dist: 2.954034172991141 vs. 2.954034172991141
--------
nle(id0,id1,dist): 122 141 1.8361479371603167
list:
dist: 1.8361479371603167 vs. 1.8361479371603167
--------
nle(id0,id1,dist): 122 136 2.9722755118290136
list:
dist: 2.9722755118290136 vs. 2.9722755118290136
--------
nle(id0,id1,dist): 122 135 0.9710580626836797
list:
dist: 0.9710580626836797 vs. 0.9710580626836797
--------
nle(id0,id1,dist): 122 138 1.4595062839206894
list:
dist: 1.4595062839206894 vs. 1.4595062839206894
--------
nle(id0,id1,dist): 122 137 2.110596064580945
list:
dist: 2.110596064580945 vs. 2.110596064580945
--------
nle(id0,id1,dist): 121 148 3.053996248362347
list:
dist: 3.053996248362347 vs. 3.053996248362347
--------
nle(id0,id1,dist): 122 123 1.2728309689184456
list:
dist: 1.2728309689184456 vs. 1.2728309689184456
--------
nle(id0,id1,dist): 122 124 1.7664069071196986
list:
dist: 1.7664069071196986 vs. 1.7664069071196986
--------
nle(id0,id1,dist): 122 125 2.680385388303849
list:
dist: 2.680385388303849 vs. 2.680385388303849
--------
nle(id0,id1,dist): 122 126 2.953029916342044
list:
dist: 2.953029916342044 vs. 2.953029916342044
--------
nle(id0,id1,dist): 123 129 2.6418579384662415
list:
dist: 2.6418579384662415 vs. 2.6418579384662415
--------
nle(id0,id1,dist): 123 128 2.0334362113923854
list:
dist: 2.0334362113923854 vs. 2.0334362113923854
--------
nle(id0,id1,dist): 123 127 1.550404939881763
list:
dist: 1.550404939881763 vs. 1.550404939881763
--------
nle(id0,id1,dist): 123 126 2.187557889917
list:
dist: 2.187557889917 vs. 2.187557889917
--------
nle(id0,id1,dist): 123 125 2.0618915505470157
list:
dist: 2.0618915505470157 vs. 2.0618915505470157
--------
nle(id0,id1,dist): 123 124 1.8663258180329962
list:
dist: 1.8663258180329962 vs. 1.8663258180329962
--------
nle(id0,id1,dist): 123 137 2.552153416321154
list:
dist: 2.552153416321154 vs. 2.552153416321154
--------
nle(id0,id1,dist): 123 136 2.272995070166438
list:
dist: 2.272995070166438 vs. 2.272995070166438
--------
nle(id0,id1,dist): 123 135 2.166491926966228
list:
dist: 2.166491926966228 vs. 2.166491926966228
--------
nle(id0,id1,dist): 123 134 1.8161300801469256
list:
dist: 1.8161300801469256 vs. 1.8161300801469256
--------
nle(id0,id1,dist): 123 132 2.296057256447337
list:
dist: 2.296057256447337 vs. 2.296057256447337
--------
nle(id0,id1,dist): 123 131 1.420051551542501
list:
dist: 1.420051551542501 vs. 1.420051551542501
--------
nle(id0,id1,dist): 123 130 2.43543976167924
list:
dist: 2.43543976167924 vs. 2.43543976167924
--------
nle(id0,id1,dist): 122 149 3.3914328097291317
list:
dist: 3.3914328097291317 vs. 3.3914328097291317
--------
nle(id0,id1,dist): 122 147 3.285909965680209
list:
dist: 3.285909965680209 vs. 3.285909965680209
--------
nle(id0,id1,dist): 122 148 0.9178059247687683
list:
dist: 0.9178059247687683 vs. 0.9178059247687683
--------
nle(id0,id1,dist): 122 145 2.0161211247651516
list:
dist: 2.0161211247651516 vs. 2.0161211247651516
--------
nle(id0,id1,dist): 122 146 2.093108461911318
list:
dist: 2.093108461911318 vs. 2.093108461911318
--------
nle(id0,id1,dist): 122 143 2.674103922491474
list:
dist: 2.674103922491474 vs. 2.674103922491474
--------
nle(id0,id1,dist): 122 144 2.1507355774082457
list:
dist: 2.1507355774082457 vs. 2.1507355774082457
--------
nle(id0,id1,dist): 124 126 2.03279752975339
list:
dist: 2.03279752975339 vs. 2.03279752975339
--------
nle(id0,id1,dist): 124 125 1.3459981573019402
list:
dist: 1.3459981573019402 vs. 1.3459981573019402
--------
nle(id0,id1,dist): 124 128 0.9487874985427404
list:
dist: 0.9487874985427404 vs. 0.9487874985427404
--------
nle(id0,id1,dist): 124 127 2.5524167207025013
list:
dist: 2.5524167207025013 vs. 2.5524167207025013
--------
nle(id0,id1,dist): 124 130 1.5209826204435106
list:
dist: 1.5209826204435106 vs. 1.5209826204435106
--------
nle(id0,id1,dist): 124 129 2.9792561676980993
list:
dist: 2.9792561676980993 vs. 2.9792561676980993
--------
nle(id0,id1,dist): 124 132 1.9784515229104611
list:
dist: 1.9784515229104611 vs. 1.9784515229104611
--------
nle(id0,id1,dist): 124 131 1.7174422929721633
list:
dist: 1.7174422929721633 vs. 1.7174422929721633
--------
nle(id0,id1,dist): 123 138 2.2241328638279625
list:
dist: 2.2241328638279625 vs. 2.2241328638279625
--------
nle(id0,id1,dist): 123 139 3.0364952188569077
list:
dist: 3.0364952188569077 vs. 3.0364952188569077
--------
nle(id0,id1,dist): 123 140 2.2552802027829846
list:
dist: 2.2552802027829846 vs. 2.2552802027829846
--------
nle(id0,id1,dist): 123 141 2.0534681457252018
list:
dist: 2.0534681457252018 vs. 2.0534681457252018
--------
nle(id0,id1,dist): 123 143 1.8744469293811525
list:
dist: 1.8744469293811525 vs. 1.8744469293811525
--------
nle(id0,id1,dist): 123 144 0.8779831587349145
list:
dist: 0.8779831587349145 vs. 0.8779831587349145
--------
nle(id0,id1,dist): 123 145 1.4219607644973682
list:
dist: 1.4219607644973682 vs. 1.4219607644973682
--------
nle(id0,id1,dist): 123 146 2.071676304320584
list:
dist: 2.071676304320584 vs. 2.071676304320584
--------
nle(id0,id1,dist): 123 147 2.3080161948155182
list:
dist: 2.3080161948155182 vs. 2.3080161948155182
--------
nle(id0,id1,dist): 123 148 0.6344678607367776
list:
dist: 0.6344678607367776 vs. 0.6344678607367776
--------
nle(id0,id1,dist): 123 149 2.6485495435691613
list:
dist: 2.6485495435691613 vs. 2.6485495435691613
--------
nle(id0,id1,dist): 124 149 3.4393435509647414
list:
dist: 3.4393435509647414 vs. 3.4393435509647414
--------
nle(id0,id1,dist): 125 126 1.4579532125206718
list:
dist: 1.4579532125206718 vs. 1.4579532125206718
--------
nle(id0,id1,dist): 124 135 2.0649434328806464
list:
dist: 2.0649434328806464 vs. 2.0649434328806464
--------
nle(id0,id1,dist): 124 136 2.445873065512637
list:
dist: 2.445873065512637 vs. 2.445873065512637
--------
nle(id0,id1,dist): 124 134 2.5599794864359535
list:
dist: 2.5599794864359535 vs. 2.5599794864359535
--------
nle(id0,id1,dist): 124 139 3.680933705730122
list:
dist: 3.680933705730122 vs. 3.680933705730122
--------
nle(id0,id1,dist): 124 140 2.1990630701481018
list:
dist: 2.1990630701481018 vs. 2.1990630701481018
--------
nle(id0,id1,dist): 124 137 2.5676375041264117
list:
dist: 2.5676375041264117 vs. 2.5676375041264117
--------
nle(id0,id1,dist): 124 138 1.8406900986648733
list:
dist: 1.8406900986648733 vs. 1.8406900986648733
--------
nle(id0,id1,dist): 124 143 2.8573732397527074
list:
dist: 2.8573732397527074 vs. 2.8573732397527074
--------
nle(id0,id1,dist): 124 144 2.379784541548235
list:
dist: 2.379784541548235 vs. 2.379784541548235
--------
nle(id0,id1,dist): 124 141 2.7448377664900567
list:
dist: 2.7448377664900567 vs. 2.7448377664900567
--------
nle(id0,id1,dist): 124 147 2.837426492418612
list:
dist: 2.837426492418612 vs. 2.837426492418612
--------
nle(id0,id1,dist): 124 148 2.0731208784666846
list:
dist: 2.0731208784666846 vs. 2.0731208784666846
--------
nle(id0,id1,dist): 124 145 1.7953042902228713
list:
dist: 1.7953042902228713 vs. 1.7953042902228713
--------
nle(id0,id1,dist): 124 146 2.858774479949164
list:
dist: 2.858774479949164 vs. 2.858774479949164
--------
nle(id0,id1,dist): 112 119 2.698794454118726
list:
dist: 2.698794454118726 vs. 2.698794454118726
--------
nle(id0,id1,dist): 112 118 2.509240736220795
list:
dist: 2.509240736220795 vs. 2.509240736220795
--------
nle(id0,id1,dist): 112 115 1.5823966962000546
list:
dist: 1.5823966962000546 vs. 1.5823966962000546
--------
nle(id0,id1,dist): 112 116 3.0966181554734953
list:
dist: 3.0966181554734953 vs. 3.0966181554734953
--------
nle(id0,id1,dist): 113 116 1.2081389984213076
list:
dist: 1.2081389984213076 vs. 1.2081389984213076
--------
nle(id0,id1,dist): 113 118 1.2877768833254417
list:
dist: 1.2877768833254417 vs. 1.2877768833254417
--------
nle(id0,id1,dist): 113 119 1.8164202645918734
list:
dist: 1.8164202645918734 vs. 1.8164202645918734
--------
nle(id0,id1,dist): 113 114 1.6777076867386391
list:
dist: 1.6777076867386391 vs. 1.6777076867386391
--------
nle(id0,id1,dist): 114 118 2.0911690744171914
list:
dist: 2.0911690744171914 vs. 2.0911690744171914
--------
nle(id0,id1,dist): 114 116 1.49028740016426
list:
dist: 1.49028740016426 vs. 1.49028740016426
--------
nle(id0,id1,dist): 114 119 2.4384756597917323
list:
dist: 2.4384756597917323 vs. 2.4384756597917323
--------
nle(id0,id1,dist): 115 118 1.7228418220369826
list:
dist: 1.7228418220369826 vs. 1.7228418220369826
--------
nle(id0,id1,dist): 115 119 2.105571094029375
list:
dist: 2.105571094029375 vs. 2.105571094029375
--------
nle(id0,id1,dist): 115 116 2.4089688619123244
list:
dist: 2.4089688619123244 vs. 2.4089688619123244
--------
nle(id0,id1,dist): 116 118 1.146324904359762
list:
dist: 1.146324904359762 vs. 1.146324904359762
--------
nle(id0,id1,dist): 116 119 1.9521376061513183
list:
dist: 1.9521376061513183 vs. 1.9521376061513183
--------
nle(id0,id1,dist): 117 118 2.8009150398471476
list:
dist: 2.8009150398471476 vs. 2.8009150398471476
--------
nle(id0,id1,dist): 117 119 2.15486495817322
list:
dist: 2.15486495817322 vs. 2.15486495817322
--------
nle(id0,id1,dist): 118 119 0.9021028352399636
list:
dist: 0.9021028352399636 vs. 0.9021028352399636
--------
nle(id0,id1,dist): 106 119 1.9088132860393932
list:
dist: 1.9088132860393932 vs. 1.9088132860393932
--------
nle(id0,id1,dist): 106 113 3.13270277290734
list:
dist: 3.13270277290734 vs. 3.13270277290734
--------
nle(id0,id1,dist): 106 114 2.683430596939212
list:
dist: 2.683430596939212 vs. 2.683430596939212
--------
nle(id0,id1,dist): 106 111 2.2459721960945553
list:
dist: 2.2459721960945553 vs. 2.2459721960945553
--------
nle(id0,id1,dist): 106 112 2.800220407118369
list:
dist: 2.800220407118369 vs. 2.800220407118369
--------
nle(id0,id1,dist): 106 117 2.2430904517148784
list:
dist: 2.2430904517148784 vs. 2.2430904517148784
--------
nle(id0,id1,dist): 106 118 2.14084726824007
list:
dist: 2.14084726824007 vs. 2.14084726824007
--------
nle(id0,id1,dist): 106 115 3.1985407124459977
list:
dist: 3.1985407124459977 vs. 3.1985407124459977
--------
nle(id0,id1,dist): 106 116 2.53712078214528
list:
dist: 2.53712078214528 vs. 2.53712078214528
--------
nle(id0,id1,dist): 106 110 1.4114418029247158
list:
dist: 1.4114418029247158 vs. 1.4114418029247158
--------
nle(id0,id1,dist): 106 109 2.42432713031583
list:
dist: 2.42432713031583 vs. 2.42432713031583
--------
nle(id0,id1,dist): 106 108 1.3221677456794187
list:
dist: 1.3221677456794187 vs. 1.3221677456794187
--------
nle(id0,id1,dist): 106 107 0.7665309505944422
list:
dist: 0.7665309505944422 vs. 0.7665309505944422
--------
nle(id0,id1,dist): 105 116 1.4775777462961999
list:
dist: 1.4775777462961999 vs. 1.4775777462961999
--------
nle(id0,id1,dist): 105 118 1.4376641576176539
list:
dist: 1.4376641576176539 vs. 1.4376641576176539
--------
nle(id0,id1,dist): 105 119 2.176544890355552
list:
dist: 2.176544890355552 vs. 2.176544890355552
--------
nle(id0,id1,dist): 105 109 2.9871357938211354
list:
dist: 2.9871357938211354 vs. 2.9871357938211354
--------
nle(id0,id1,dist): 105 108 1.4886178311928717
list:
dist: 1.4886178311928717 vs. 1.4886178311928717
--------
nle(id0,id1,dist): 105 111 1.4561886695612059
list:
dist: 1.4561886695612059 vs. 1.4561886695612059
--------
nle(id0,id1,dist): 105 110 1.6046516600425178
list:
dist: 1.6046516600425178 vs. 1.6046516600425178
--------
nle(id0,id1,dist): 105 113 2.2740846061649145
list:
dist: 2.2740846061649145 vs. 2.2740846061649145
--------
nle(id0,id1,dist): 105 112 1.7817435345054435
list:
dist: 1.7817435345054435 vs. 1.7817435345054435
--------
nle(id0,id1,dist): 105 115 1.3812208858457342
list:
dist: 1.3812208858457342 vs. 1.3812208858457342
--------
nle(id0,id1,dist): 105 114 2.8991807995939807
list:
dist: 2.8991807995939807 vs. 2.8991807995939807
--------
nle(id0,id1,dist): 105 107 2.027425084542827
list:
dist: 2.027425084542827 vs. 2.027425084542827
--------
nle(id0,id1,dist): 105 106 2.626026760888584
list:
dist: 2.626026760888584 vs. 2.626026760888584
--------
nle(id0,id1,dist): 108 115 2.1485108810042086
list:
dist: 2.1485108810042086 vs. 2.1485108810042086
--------
nle(id0,id1,dist): 108 116 2.0862686620997466
list:
dist: 2.0862686620997466 vs. 2.0862686620997466
--------
nle(id0,id1,dist): 108 113 2.883897394367041
list:
dist: 2.883897394367041 vs. 2.883897394367041
--------
nle(id0,id1,dist): 108 114 2.947180382808994
list:
dist: 2.947180382808994 vs. 2.947180382808994
--------
nle(id0,id1,dist): 108 111 1.6270000441634747
list:
dist: 1.6270000441634747 vs. 1.6270000441634747
--------
nle(id0,id1,dist): 108 112 1.6235936178243096
list:
dist: 1.6235936178243096 vs. 1.6235936178243096
--------
nle(id0,id1,dist): 108 109 2.823276454811511
list:
dist: 2.823276454811511 vs. 2.823276454811511
--------
nle(id0,id1,dist): 108 110 1.1533765195827026
list:
dist: 1.1533765195827026 vs. 1.1533765195827026
--------
nle(id0,id1,dist): 107 118 1.3748534503393266
list:
dist: 1.3748534503393266 vs. 1.3748534503393266
--------
nle(id0,id1,dist): 107 119 1.2478749071404276
list:
dist: 1.2478749071404276 vs. 1.2478749071404276
--------
nle(id0,id1,dist): 107 114 2.2862841254523776
list:
dist: 2.2862841254523776 vs. 2.2862841254523776
--------
nle(id0,id1,dist): 107 115 2.5534796151438934
list:
dist: 2.5534796151438934 vs. 2.5534796151438934
--------
nle(id0,id1,dist): 107 116 1.8969066640943073
list:
dist: 1.8969066640943073 vs. 1.8969066640943073
--------
nle(id0,id1,dist): 107 117 2.2361638991364825
list:
dist: 2.2361638991364825 vs. 2.2361638991364825
--------
nle(id0,id1,dist): 107 110 0.6457484880320248
list:
dist: 0.6457484880320248 vs. 0.6457484880320248
--------
nle(id0,id1,dist): 107 111 1.5193033136303293
list:
dist: 1.5193033136303293 vs. 1.5193033136303293
--------
nle(id0,id1,dist): 107 112 2.481593590298336
list:
dist: 2.481593590298336 vs. 2.481593590298336
--------
nle(id0,id1,dist): 107 113 2.4252270991861726
list:
dist: 2.4252270991861726 vs. 2.4252270991861726
--------
nle(id0,id1,dist): 107 108 1.036584034493374
list:
dist: 1.036584034493374 vs. 1.036584034493374
--------
nle(id0,id1,dist): 107 109 1.9245459271484566
list:
dist: 1.9245459271484566 vs. 1.9245459271484566
--------
nle(id0,id1,dist): 109 114 1.5006803204837187
list:
dist: 1.5006803204837187 vs. 1.5006803204837187
--------
nle(id0,id1,dist): 109 113 1.4786794306085687
list:
dist: 1.4786794306085687 vs. 1.4786794306085687
--------
nle(id0,id1,dist): 109 118 1.6272478169553868
list:
dist: 1.6272478169553868 vs. 1.6272478169553868
--------
nle(id0,id1,dist): 109 119 1.426732377216414
list:
dist: 1.426732377216414 vs. 1.426732377216414
--------
nle(id0,id1,dist): 109 116 1.9568507843859226
list:
dist: 1.9568507843859226 vs. 1.9568507843859226
--------
nle(id0,id1,dist): 109 117 1.6711636169244288
list:
dist: 1.6711636169244288 vs. 1.6711636169244288
--------
nle(id0,id1,dist): 109 111 2.072690377446964
list:
dist: 2.072690377446964 vs. 2.072690377446964
--------
nle(id0,id1,dist): 109 110 1.7123417709557225
list:
dist: 1.7123417709557225 vs. 1.7123417709557225
--------
nle(id0,id1,dist): 108 117 3.2544218761915826
list:
dist: 3.2544218761915826 vs. 3.2544218761915826
--------
nle(id0,id1,dist): 108 118 1.6900964006680008
list:
dist: 1.6900964006680008 vs. 1.6900964006680008
--------
nle(id0,id1,dist): 108 119 1.8767147371294686
list:
dist: 1.8767147371294686 vs. 1.8767147371294686
--------
nle(id0,id1,dist): 111 119 0.8770617030982641
list:
dist: 0.8770617030982641 vs. 0.8770617030982641
--------
nle(id0,id1,dist): 111 118 0.6508782949438356
list:
dist: 0.6508782949438356 vs. 0.6508782949438356
--------
nle(id0,id1,dist): 111 116 1.7277960131966599
list:
dist: 1.7277960131966599 vs. 1.7277960131966599
--------
nle(id0,id1,dist): 111 117 3.013178058534422
list:
dist: 3.013178058534422 vs. 3.013178058534422
--------
nle(id0,id1,dist): 111 114 2.7293532445672573
list:
dist: 2.7293532445672573 vs. 2.7293532445672573
--------
nle(id0,id1,dist): 111 115 1.2543614531832994
list:
dist: 1.2543614531832994 vs. 1.2543614531832994
--------
nle(id0,id1,dist): 111 112 2.067077944699012
list:
dist: 2.067077944699012 vs. 2.067077944699012
--------
nle(id0,id1,dist): 111 113 1.8036191943019928
list:
dist: 1.8036191943019928 vs. 1.8036191943019928
--------
nle(id0,id1,dist): 110 111 0.9397589777926859
list:
dist: 0.9397589777926859 vs. 0.9397589777926859
--------
nle(id0,id1,dist): 110 112 2.3333637693209566
list:
dist: 2.3333637693209566 vs. 2.3333637693209566
--------
nle(id0,id1,dist): 110 113 1.889964721106391
list:
dist: 1.889964721106391 vs. 1.889964721106391
--------
nle(id0,id1,dist): 110 114 2.1503277543795014
list:
dist: 2.1503277543795014 vs. 2.1503277543795014
--------
nle(id0,id1,dist): 110 119 0.8610454938918454
list:
dist: 0.8610454938918454 vs. 0.8610454938918454
--------
nle(id0,id1,dist): 110 115 2.0444700121367814
list:
dist: 2.0444700121367814 vs. 2.0444700121367814
--------
nle(id0,id1,dist): 110 116 1.4648695956393254
list:
dist: 1.4648695956393254 vs. 1.4648695956393254
--------
nle(id0,id1,dist): 110 117 2.46174454172851
list:
dist: 2.46174454172851 vs. 2.46174454172851
--------
nle(id0,id1,dist): 110 118 0.7356144969797864
list:
dist: 0.7356144969797864 vs. 0.7356144969797864
--------
nle(id0,id1,dist): 99 107 1.8571217269855982
list:
dist: 1.8571217269855982 vs. 1.8571217269855982
--------
nle(id0,id1,dist): 99 106 2.1730331768954887
list:
dist: 2.1730331768954887 vs. 2.1730331768954887
--------
nle(id0,id1,dist): 99 109 3.2833536863075166
list:
dist: 3.2833536863075166 vs. 3.2833536863075166
--------
nle(id0,id1,dist): 99 108 1.0986148798113047
list:
dist: 1.0986148798113047 vs. 1.0986148798113047
--------
nle(id0,id1,dist): 99 111 2.12631563826448
list:
dist: 2.12631563826448 vs. 2.12631563826448
--------
nle(id0,id1,dist): 99 110 1.7819197099886375
list:
dist: 1.7819197099886375 vs. 1.7819197099886375
--------
nle(id0,id1,dist): 99 113 2.927273339064396
list:
dist: 2.927273339064396 vs. 2.927273339064396
--------
nle(id0,id1,dist): 99 112 1.9301449091136513
list:
dist: 1.9301449091136513 vs. 1.9301449091136513
--------
nle(id0,id1,dist): 99 101 0.6526648539781524
list:
dist: 0.6526648539781524 vs. 0.6526648539781524
--------
nle(id0,id1,dist): 99 103 2.804090009168181
list:
dist: 2.804090009168181 vs. 2.804090009168181
--------
nle(id0,id1,dist): 99 102 1.611274149093823
list:
dist: 1.611274149093823 vs. 1.611274149093823
--------
nle(id0,id1,dist): 99 105 1.0902159213429776
list:
dist: 1.0902159213429776 vs. 1.0902159213429776
--------
nle(id0,id1,dist): 99 104 1.3015130610649315
list:
dist: 1.3015130610649315 vs. 1.3015130610649315
--------
nle(id0,id1,dist): 99 114 2.94175931899915
list:
dist: 2.94175931899915 vs. 2.94175931899915
--------
nle(id0,id1,dist): 99 115 2.3048481056917742
list:
dist: 2.3048481056917742 vs. 2.3048481056917742
--------
nle(id0,id1,dist): 99 116 1.8460773915295117
list:
dist: 1.8460773915295117 vs. 1.8460773915295117
--------
nle(id0,id1,dist): 99 118 2.018822989292725
list:
dist: 2.018822989292725 vs. 2.018822989292725
--------
nle(id0,id1,dist): 99 119 2.5910346086183136
list:
dist: 2.5910346086183136 vs. 2.5910346086183136
--------
nle(id0,id1,dist): 98 112 1.9971754985116184
list:
dist: 1.9971754985116184 vs. 1.9971754985116184
--------
nle(id0,id1,dist): 98 118 2.7567815791383254
list:
dist: 2.7567815791383254 vs. 2.7567815791383254
--------
nle(id0,id1,dist): 98 116 2.5338474357136103
list:
dist: 2.5338474357136103 vs. 2.5338474357136103
--------
nle(id0,id1,dist): 98 106 2.871492001201963
list:
dist: 2.871492001201963 vs. 2.871492001201963
--------
nle(id0,id1,dist): 98 105 1.5328202821673138
list:
dist: 1.5328202821673138 vs. 1.5328202821673138
--------
nle(id0,id1,dist): 98 104 1.5806676551953787
list:
dist: 1.5806676551953787 vs. 1.5806676551953787
--------
nle(id0,id1,dist): 98 103 2.198491579066859
list:
dist: 2.198491579066859 vs. 2.198491579066859
--------
nle(id0,id1,dist): 98 110 2.5732917331754175
list:
dist: 2.5732917331754175 vs. 2.5732917331754175
--------
nle(id0,id1,dist): 98 108 1.7447171814307383
list:
dist: 1.7447171814307383 vs. 1.7447171814307383
--------
nle(id0,id1,dist): 98 107 2.6393939183236164
list:
dist: 2.6393939183236164 vs. 2.6393939183236164
--------
nle(id0,id1,dist): 98 119 3.3460207158063087
list:
dist: 3.3460207158063087 vs. 3.3460207158063087
--------
nle(id0,id1,dist): 101 103 2.860421373407136
list:
dist: 2.860421373407136 vs. 2.860421373407136
--------
nle(id0,id1,dist): 101 102 1.7003219448423603
list:
dist: 1.7003219448423603 vs. 1.7003219448423603
--------
nle(id0,id1,dist): 101 116 2.0396671598295084
list:
dist: 2.0396671598295084 vs. 2.0396671598295084
--------
nle(id0,id1,dist): 101 117 3.602952704904178
list:
dist: 3.602952704904178 vs. 3.602952704904178
--------
nle(id0,id1,dist): 101 118 1.9955561496008123
list:
dist: 1.9955561496008123 vs. 1.9955561496008123
--------
nle(id0,id1,dist): 101 119 2.355633793055487
list:
dist: 2.355633793055487 vs. 2.355633793055487
--------
nle(id0,id1,dist): 101 112 1.9149458952590592
list:
dist: 1.9149458952590592 vs. 1.9149458952590592
--------
nle(id0,id1,dist): 101 113 3.03913313259206
list:
dist: 3.03913313259206 vs. 3.03913313259206
--------
nle(id0,id1,dist): 101 114 2.9006100250419014
list:
dist: 2.9006100250419014 vs. 2.9006100250419014
--------
nle(id0,id1,dist): 101 115 2.4824168946628316
list:
dist: 2.4824168946628316 vs. 2.4824168946628316
--------
nle(id0,id1,dist): 101 108 0.627288412933155
list:
dist: 0.627288412933155 vs. 0.627288412933155
--------
nle(id0,id1,dist): 101 109 3.0913000072421535
list:
dist: 3.0913000072421535 vs. 3.0913000072421535
--------
nle(id0,id1,dist): 101 110 1.5338580677463411
list:
dist: 1.5338580677463411 vs. 1.5338580677463411
--------
nle(id0,id1,dist): 101 111 2.0693636839067246
list:
dist: 2.0693636839067246 vs. 2.0693636839067246
--------
nle(id0,id1,dist): 101 104 0.8010868972592808
list:
dist: 0.8010868972592808 vs. 0.8010868972592808
--------
nle(id0,id1,dist): 101 105 1.4879688819776626
list:
dist: 1.4879688819776626 vs. 1.4879688819776626
--------
nle(id0,id1,dist): 101 106 1.5754289902807748
list:
dist: 1.5754289902807748 vs. 1.5754289902807748
--------
nle(id0,id1,dist): 101 107 1.4033151421717915
list:
dist: 1.4033151421717915 vs. 1.4033151421717915
--------
nle(id0,id1,dist): 100 103 1.4903227691568326
list:
dist: 1.4903227691568326 vs. 1.4903227691568326
--------
nle(id0,id1,dist): 102 115 0.8313353190450068
list:
dist: 0.8313353190450068 vs. 0.8313353190450068
--------
nle(id0,id1,dist): 102 116 2.1942603832007994
list:
dist: 2.1942603832007994 vs. 2.1942603832007994
--------
nle(id0,id1,dist): 102 118 1.5657742646536588
list:
dist: 1.5657742646536588 vs. 1.5657742646536588
--------
nle(id0,id1,dist): 102 119 1.9347581529065254
list:
dist: 1.9347581529065254 vs. 1.9347581529065254
--------
nle(id0,id1,dist): 103 105 3.3882008249062396
list:
dist: 3.3882008249062396 vs. 3.3882008249062396
--------
nle(id0,id1,dist): 103 104 2.475862987788022
list:
dist: 2.475862987788022 vs. 2.475862987788022
--------
nle(id0,id1,dist): 103 107 4.078177860660895
list:
dist: 4.078177860660895 vs. 4.078177860660895
--------
nle(id0,id1,dist): 103 106 4.039168291765692
list:
dist: 4.039168291765692 vs. 4.039168291765692
--------
nle(id0,id1,dist): 103 108 3.0689871886249063
list:
dist: 3.0689871886249063 vs. 3.0689871886249063
--------
nle(id0,id1,dist): 102 106 2.5289137394739156
list:
dist: 2.5289137394739156 vs. 2.5289137394739156
--------
nle(id0,id1,dist): 102 105 0.9971162071311261
list:
dist: 0.9971162071311261 vs. 0.9971162071311261
--------
nle(id0,id1,dist): 102 104 2.227394096295199
list:
dist: 2.227394096295199 vs. 2.227394096295199
--------
nle(id0,id1,dist): 102 103 3.235131679021259
list:
dist: 3.235131679021259 vs. 3.235131679021259
--------
nle(id0,id1,dist): 102 110 1.596313687261194
list:
dist: 1.596313687261194 vs. 1.596313687261194
--------
nle(id0,id1,dist): 102 108 1.3631212109378543
list:
dist: 1.3631212109378543 vs. 1.3631212109378543
--------
nle(id0,id1,dist): 102 107 1.9706843066098558
list:
dist: 1.9706843066098558 vs. 1.9706843066098558
--------
nle(id0,id1,dist): 102 112 1.0203351248451058
list:
dist: 1.0203351248451058 vs. 1.0203351248451058
--------
nle(id0,id1,dist): 102 111 1.1593293355654515
list:
dist: 1.1593293355654515 vs. 1.1593293355654515
--------
nle(id0,id1,dist): 104 110 2.1407080885445535
list:
dist: 2.1407080885445535 vs. 2.1407080885445535
--------
nle(id0,id1,dist): 104 112 2.0849762109664307
list:
dist: 2.0849762109664307 vs. 2.0849762109664307
--------
nle(id0,id1,dist): 104 105 2.2148800475462456
list:
dist: 2.2148800475462456 vs. 2.2148800475462456
--------
nle(id0,id1,dist): 104 106 1.6481097696285225
list:
dist: 1.6481097696285225 vs. 1.6481097696285225
--------
nle(id0,id1,dist): 104 107 1.8178985200780344
list:
dist: 1.8178985200780344 vs. 1.8178985200780344
--------
nle(id0,id1,dist): 104 108 1.0758542937503561
list:
dist: 1.0758542937503561 vs. 1.0758542937503561
--------
nle(id0,id1,dist): 104 117 3.8747332806429746
list:
dist: 3.8747332806429746 vs. 3.8747332806429746
--------
nle(id0,id1,dist): 104 118 2.7063311689725618
list:
dist: 2.7063311689725618 vs. 2.7063311689725618
--------
nle(id0,id1,dist): 104 119 2.897506587838613
list:
dist: 2.897506587838613 vs. 2.897506587838613
--------
nle(id0,id1,dist): 104 114 3.516543168094265
list:
dist: 3.516543168094265 vs. 3.516543168094265
--------
nle(id0,id1,dist): 104 116 2.81932948437437
list:
dist: 2.81932948437437 vs. 2.81932948437437
--------
nle(id0,id1,dist): 103 116 4.619591790284142
list:
dist: 4.619591790284142 vs. 4.619591790284142
--------
nle(id0,id1,dist): 103 112 2.456960310466157
list:
dist: 2.456960310466157 vs. 2.456960310466157
--------
nle(id0,id1,dist): 103 110 4.178757871177546
list:
dist: 4.178757871177546 vs. 4.178757871177546
--------
nle(id0,id1,dist): 103 118 4.507755614437849
list:
dist: 4.507755614437849 vs. 4.507755614437849
--------
nle(id0,id1,dist): 103 119 4.82170920148467
list:
dist: 4.82170920148467 vs. 4.82170920148467
--------
nle(id0,id1,dist): 147 149 1.2692519747913706
list:
dist: 1.2692519747913706 vs. 1.2692519747913706
--------
nle(id0,id1,dist): 147 148 2.632648890970366
list:
dist: 2.632648890970366 vs. 2.632648890970366
--------
nle(id0,id1,dist): 148 149 2.688436408003172
list:
dist: 2.688436408003172 vs. 2.688436408003172
--------
nle(id0,id1,dist): 146 147 2.53022004234302
list:
dist: 2.53022004234302 vs. 2.53022004234302
--------
nle(id0,id1,dist): 146 148 1.6745870036058834
list:
dist: 1.6745870036058834 vs. 1.6745870036058834
--------
nle(id0,id1,dist): 146 149 1.8591195439852966
list:
dist: 1.8591195439852966 vs. 1.8591195439852966
--------
nle(id0,id1,dist): 144 148 1.4086167297919712
list:
dist: 1.4086167297919712 vs. 1.4086167297919712
--------
nle(id0,id1,dist): 144 147 1.8686450934405991
list:
dist: 1.8686450934405991 vs. 1.8686450934405991
--------
nle(id0,id1,dist): 144 146 2.478724357573883
list:
dist: 2.478724357573883 vs. 2.478724357573883
--------
nle(id0,id1,dist): 144 145 1.5941860643590884
list:
dist: 1.5941860643590884 vs. 1.5941860643590884
--------
nle(id0,id1,dist): 144 149 2.419691036314109
list:
dist: 2.419691036314109 vs. 2.419691036314109
--------
nle(id0,id1,dist): 145 149 1.6563882159625865
list:
dist: 1.6563882159625865 vs. 1.6563882159625865
--------
nle(id0,id1,dist): 145 148 1.5558421729716736
list:
dist: 1.5558421729716736 vs. 1.5558421729716736
--------
nle(id0,id1,dist): 145 147 1.3865514139026611
list:
dist: 1.3865514139026611 vs. 1.3865514139026611
--------
nle(id0,id1,dist): 145 146 1.565368830799834
list:
dist: 1.565368830799834 vs. 1.565368830799834
--------
nle(id0,id1,dist): 143 146 1.4740896175850422
list:
dist: 1.4740896175850422 vs. 1.4740896175850422
--------
nle(id0,id1,dist): 143 147 1.1719064574660814
list:
dist: 1.1719064574660814 vs. 1.1719064574660814
--------
nle(id0,id1,dist): 143 148 1.9311166886539144
list:
dist: 1.9311166886539144 vs. 1.9311166886539144
--------
nle(id0,id1,dist): 143 149 0.7784349366126478
list:
dist: 0.7784349366126478 vs. 0.7784349366126478
--------
nle(id0,id1,dist): 143 144 1.710112181831673
list:
dist: 1.710112181831673 vs. 1.710112181831673
--------
nle(id0,id1,dist): 143 145 1.084301285251567
list:
dist: 1.084301285251567 vs. 1.084301285251567
--------
nle(id0,id1,dist): 141 143 1.8105448845657328
list:
dist: 1.8105448845657328 vs. 1.8105448845657328
--------
nle(id0,id1,dist): 140 149 2.233561952752287
list:
dist: 2.233561952752287 vs. 2.233561952752287
--------
nle(id0,id1,dist): 141 145 1.7095936214132923
list:
dist: 1.7095936214132923 vs. 1.7095936214132923
--------
nle(id0,id1,dist): 141 144 2.5904152678339534
list:
dist: 2.5904152678339534 vs. 2.5904152678339534
--------
nle(id0,id1,dist): 141 147 2.822061630330613
list:
dist: 2.822061630330613 vs. 2.822061630330613
--------
nle(id0,id1,dist): 141 146 0.4071865732129459
list:
dist: 0.4071865732129459 vs. 0.4071865732129459
--------
nle(id0,id1,dist): 141 149 2.247666310344742
list:
dist: 2.247666310344742 vs. 2.247666310344742
--------
nle(id0,id1,dist): 141 148 1.5760517075686
list:
dist: 1.5760517075686 vs. 1.5760517075686
--------
nle(id0,id1,dist): 139 144 3.3890181443952687
list:
dist: 3.3890181443952687 vs. 3.3890181443952687
--------
nle(id0,id1,dist): 139 145 2.3737319750983614
list:
dist: 2.3737319750983614 vs. 2.3737319750983614
--------
nle(id0,id1,dist): 139 143 2.0944304682555943
list:
dist: 2.0944304682555943 vs. 2.0944304682555943
--------
nle(id0,id1,dist): 139 140 3.7379177691853234
list:
dist: 3.7379177691853234 vs. 3.7379177691853234
--------
nle(id0,id1,dist): 139 141 1.1185420508191528
list:
dist: 1.1185420508191528 vs. 1.1185420508191528
--------
nle(id0,id1,dist): 139 148 2.619414869868259
list:
dist: 2.619414869868259 vs. 2.619414869868259
--------
nle(id0,id1,dist): 139 149 2.1468983126330707
list:
dist: 2.1468983126330707 vs. 2.1468983126330707
--------
nle(id0,id1,dist): 139 146 0.9667767208012276
list:
dist: 0.9667767208012276 vs. 0.9667767208012276
--------
nle(id0,id1,dist): 139 147 3.1251215965445147
list:
dist: 3.1251215965445147 vs. 3.1251215965445147
--------
nle(id0,id1,dist): 140 145 1.4991614670294864
list:
dist: 1.4991614670294864 vs. 1.4991614670294864
--------
nle(id0,id1,dist): 140 146 3.0195814590806846
list:
dist: 3.0195814590806846 vs. 3.0195814590806846
--------
nle(id0,id1,dist): 140 147 1.0529327546418246
list:
dist: 1.0529327546418246 vs. 1.0529327546418246
--------
nle(id0,id1,dist): 140 148 2.7113167579908173
list:
dist: 2.7113167579908173 vs. 2.7113167579908173
--------
nle(id0,id1,dist): 140 141 3.203928472553115
list:
dist: 3.203928472553115 vs. 3.203928472553115
--------
nle(id0,id1,dist): 140 143 1.9499737661331633
list:
dist: 1.9499737661331633 vs. 1.9499737661331633
--------
nle(id0,id1,dist): 140 144 1.9196014756308812
list:
dist: 1.9196014756308812 vs. 1.9196014756308812
--------
nle(id0,id1,dist): 138 141 1.4463736486646432
list:
dist: 1.4463736486646432 vs. 1.4463736486646432
--------
nle(id0,id1,dist): 138 139 2.3013285777431425
list:
dist: 2.3013285777431425 vs. 2.3013285777431425
--------
nle(id0,id1,dist): 138 140 3.197881654466243
list:
dist: 3.197881654466243 vs. 3.197881654466243
--------
nle(id0,id1,dist): 138 149 3.1579705578278032
list:
dist: 3.1579705578278032 vs. 3.1579705578278032
--------
nle(id0,id1,dist): 138 148 1.8793175020034076
list:
dist: 1.8793175020034076 vs. 1.8793175020034076
--------
nle(id0,id1,dist): 138 147 3.275782312207788
list:
dist: 3.275782312207788 vs. 3.275782312207788
--------
nle(id0,id1,dist): 138 146 1.7380292103621715
list:
dist: 1.7380292103621715 vs. 1.7380292103621715
--------
nle(id0,id1,dist): 138 145 1.9099332176317765
list:
dist: 1.9099332176317765 vs. 1.9099332176317765
--------
nle(id0,id1,dist): 138 144 2.9691998753290556
list:
dist: 2.9691998753290556 vs. 2.9691998753290556
--------
nle(id0,id1,dist): 138 143 2.6684106727163797
list:
dist: 2.6684106727163797 vs. 2.6684106727163797
--------
nle(id0,id1,dist): 137 144 3.141284075252763
list:
dist: 3.141284075252763 vs. 3.141284075252763
--------
nle(id0,id1,dist): 137 145 1.8803581573074442
list:
dist: 1.8803581573074442 vs. 1.8803581573074442
--------
nle(id0,id1,dist): 137 146 1.1257071919186734
list:
dist: 1.1257071919186734 vs. 1.1257071919186734
--------
nle(id0,id1,dist): 137 147 3.071736650573697
list:
dist: 3.071736650573697 vs. 3.071736650573697
--------
nle(id0,id1,dist): 137 140 3.286313854635672
list:
dist: 3.286313854635672 vs. 3.286313854635672
--------
nle(id0,id1,dist): 137 141 0.929505665467695
list:
dist: 0.929505665467695 vs. 0.929505665467695
--------
nle(id0,id1,dist): 137 143 2.2916414993104826
list:
dist: 2.2916414993104826 vs. 2.2916414993104826
--------
nle(id0,id1,dist): 137 138 0.988202857079538
list:
dist: 0.988202857079538 vs. 0.988202857079538
--------
nle(id0,id1,dist): 137 139 1.3862711989362089
list:
dist: 1.3862711989362089 vs. 1.3862711989362089
--------
nle(id0,id1,dist): 137 149 2.599864924479639
list:
dist: 2.599864924479639 vs. 2.599864924479639
--------
nle(id0,id1,dist): 137 148 2.158860562480242
list:
dist: 2.158860562480242 vs. 2.158860562480242
--------
nle(id0,id1,dist): 136 147 0.805635193057656
list:
dist: 0.805635193057656 vs. 0.805635193057656
--------
nle(id0,id1,dist): 136 148 2.471085589384389
list:
dist: 2.471085589384389 vs. 2.471085589384389
--------
nle(id0,id1,dist): 136 145 0.957914284933158
list:
dist: 0.957914284933158 vs. 0.957914284933158
--------
nle(id0,id1,dist): 136 146 2.0980548375028785
list:
dist: 2.0980548375028785 vs. 2.0980548375028785
--------
nle(id0,id1,dist): 136 149 1.2402938970600481
list:
dist: 1.2402938970600481 vs. 1.2402938970600481
--------
nle(id0,id1,dist): 136 139 2.6466841384538973
list:
dist: 2.6466841384538973 vs. 2.6466841384538973
--------
nle(id0,id1,dist): 136 140 1.2090469399944879
list:
dist: 1.2090469399944879 vs. 1.2090469399944879
--------
nle(id0,id1,dist): 136 137 2.410823488999716
list:
dist: 2.410823488999716 vs. 2.410823488999716
--------
nle(id0,id1,dist): 136 138 2.6554504114375725
list:
dist: 2.6554504114375725 vs. 2.6554504114375725
--------
nle(id0,id1,dist): 136 143 1.1394997938105642
list:
dist: 1.1394997938105642 vs. 1.1394997938105642
--------
nle(id0,id1,dist): 136 144 2.141440677029485
list:
dist: 2.141440677029485 vs. 2.141440677029485
--------
nle(id0,id1,dist): 136 141 2.3562098714121795
list:
dist: 2.3562098714121795 vs. 2.3562098714121795
--------
nle(id0,id1,dist): 135 145 2.4590223565226426
list:
dist: 2.4590223565226426 vs. 2.4590223565226426
--------
nle(id0,id1,dist): 135 146 2.1952659958828984
list:
dist: 2.1952659958828984 vs. 2.1952659958828984
--------
nle(id0,id1,dist): 135 148 1.7355166406506006
list:
dist: 1.7355166406506006 vs. 1.7355166406506006
--------
nle(id0,id1,dist): 134 149 2.033538949729507
list:
dist: 2.033538949729507 vs. 2.033538949729507
--------
nle(id0,id1,dist): 134 148 1.395532172222378
list:
dist: 1.395532172222378 vs. 1.395532172222378
--------
nle(id0,id1,dist): 134 147 2.5351881415621644
list:
dist: 2.5351881415621644 vs. 2.5351881415621644
--------
nle(id0,id1,dist): 135 141 1.8321426848455515
list:
dist: 1.8321426848455515 vs. 1.8321426848455515
--------
nle(id0,id1,dist): 135 138 0.9685430631584926
list:
dist: 0.9685430631584926 vs. 0.9685430631584926
--------
nle(id0,id1,dist): 135 139 2.8352731561677063
list:
dist: 2.8352731561677063 vs. 2.8352731561677063
--------
nle(id0,id1,dist): 135 137 1.757363348136551
list:
dist: 1.757363348136551 vs. 1.757363348136551
--------
nle(id0,id1,dist): 134 135 1.8802151921323051
list:
dist: 1.8802151921323051 vs. 1.8802151921323051
--------
nle(id0,id1,dist): 134 136 2.0913046424822133
list:
dist: 2.0913046424822133 vs. 2.0913046424822133
--------
nle(id0,id1,dist): 134 137 1.0357066369260506
list:
dist: 1.0357066369260506 vs. 1.0357066369260506
--------
nle(id0,id1,dist): 134 138 1.463349631822874
list:
dist: 1.463349631822874 vs. 1.463349631822874
--------
nle(id0,id1,dist): 134 143 1.5434290954299308
list:
dist: 1.5434290954299308 vs. 1.5434290954299308
--------
nle(id0,id1,dist): 134 144 2.3157852388550952
list:
dist: 2.3157852388550952 vs. 2.3157852388550952
--------
nle(id0,id1,dist): 134 145 1.4212745713360548
list:
dist: 1.4212745713360548 vs. 1.4212745713360548
--------
nle(id0,id1,dist): 134 146 0.3471395851032725
list:
dist: 0.3471395851032725 vs. 0.3471395851032725
--------
nle(id0,id1,dist): 134 139 1.2659454309993359
list:
dist: 1.2659454309993359 vs. 1.2659454309993359
--------
nle(id0,id1,dist): 134 140 2.9121372926323907
list:
dist: 2.9121372926323907 vs. 2.9121372926323907
--------
nle(id0,id1,dist): 134 141 0.3034404559953914
list:
dist: 0.3034404559953914 vs. 0.3034404559953914
--------
nle(id0,id1,dist): 133 142 2.1846791462900947
list:
dist: 2.1846791462900947 vs. 2.1846791462900947
--------
nle(id0,id1,dist): 132 136 3.782168777893073
list:
dist: 3.782168777893073 vs. 3.782168777893073
--------
nle(id0,id1,dist): 132 135 3.212395787654569
list:
dist: 3.212395787654569 vs. 3.212395787654569
--------
nle(id0,id1,dist): 132 138 3.484550707105819
list:
dist: 3.484550707105819 vs. 3.484550707105819
--------
nle(id0,id1,dist): 132 140 3.057645109569088
list:
dist: 3.057645109569088 vs. 3.057645109569088
--------
nle(id0,id1,dist): 132 144 2.52888692706333
list:
dist: 2.52888692706333 vs. 2.52888692706333
--------
nle(id0,id1,dist): 132 145 3.131890658644938
list:
dist: 3.131890658644938 vs. 3.131890658644938
--------
nle(id0,id1,dist): 132 147 3.7763370516725763
list:
dist: 3.7763370516725763 vs. 3.7763370516725763
--------
nle(id0,id1,dist): 132 148 2.720802230066967
list:
dist: 2.720802230066967 vs. 2.720802230066967
--------
nle(id0,id1,dist): 131 147 1.6128561174040348
list:
dist: 1.6128561174040348 vs. 1.6128561174040348
--------
nle(id0,id1,dist): 131 146 1.4311512415885823
list:
dist: 1.4311512415885823 vs. 1.4311512415885823
--------
nle(id0,id1,dist): 131 149 1.7758408235937602
list:
dist: 1.7758408235937602 vs. 1.7758408235937602
--------
nle(id0,id1,dist): 131 148 1.4720874642568818
list:
dist: 1.4720874642568818 vs. 1.4720874642568818
--------
nle(id0,id1,dist): 131 143 1.2075034401971159
list:
dist: 1.2075034401971159 vs. 1.2075034401971159
--------
nle(id0,id1,dist): 131 144 1.7160591691140297
list:
dist: 1.7160591691140297 vs. 1.7160591691140297
--------
nle(id0,id1,dist): 131 145 0.23594532378611202
list:
dist: 0.23594532378611202 vs. 0.23594532378611202
--------
nle(id0,id1,dist): 131 138 1.6763869841659882
list:
dist: 1.6763869841659882 vs. 1.6763869841659882
--------
nle(id0,id1,dist): 131 139 2.2512583195809173
list:
dist: 2.2512583195809173 vs. 2.2512583195809173
--------
nle(id0,id1,dist): 131 140 1.699652888030005
list:
dist: 1.699652888030005 vs. 1.699652888030005
--------
nle(id0,id1,dist): 131 141 1.535532808995813
list:
dist: 1.535532808995813 vs. 1.535532808995813
--------
nle(id0,id1,dist): 131 134 1.258006912695721
list:
dist: 1.258006912695721 vs. 1.258006912695721
--------
nle(id0,id1,dist): 131 135 2.246390764969541
list:
dist: 2.246390764969541 vs. 2.246390764969541
--------
nle(id0,id1,dist): 131 136 1.1247290802593173
list:
dist: 1.1247290802593173 vs. 1.1247290802593173
--------
nle(id0,id1,dist): 131 137 1.6658009958610558
list:
dist: 1.6658009958610558 vs. 1.6658009958610558
--------
nle(id0,id1,dist): 131 132 3.1423783520719875
list:
dist: 3.1423783520719875 vs. 3.1423783520719875
--------
nle(id0,id1,dist): 130 147 3.9316283912957015
list:
dist: 3.9316283912957015 vs. 3.9316283912957015
--------
nle(id0,id1,dist): 130 148 2.726255424342465
list:
dist: 2.726255424342465 vs. 2.726255424342465
--------
nle(id0,id1,dist): 130 145 3.0628417204466425
list:
dist: 3.0628417204466425 vs. 3.0628417204466425
--------
nle(id0,id1,dist): 130 144 2.8862191340584475
list:
dist: 2.8862191340584475 vs. 2.8862191340584475
--------
nle(id0,id1,dist): 130 140 3.185777269519518
list:
dist: 3.185777269519518 vs. 3.185777269519518
--------
nle(id0,id1,dist): 130 138 3.0022022560087347
list:
dist: 3.0022022560087347 vs. 3.0022022560087347
--------
nle(id0,id1,dist): 130 135 2.740589130744673
list:
dist: 2.740589130744673 vs. 2.740589130744673
--------
nle(id0,id1,dist): 130 136 3.757323438276615
list:
dist: 3.757323438276615 vs. 3.757323438276615
--------
nle(id0,id1,dist): 130 132 0.8642013467448352
list:
dist: 0.8642013467448352 vs. 0.8642013467448352
--------
nle(id0,id1,dist): 130 131 3.018979091842152
list:
dist: 3.018979091842152 vs. 3.018979091842152
--------
nle(id0,id1,dist): 129 148 2.6858145155732074
list:
dist: 2.6858145155732074 vs. 2.6858145155732074
--------
nle(id0,id1,dist): 129 149 0.791357432502745
list:
dist: 0.791357432502745 vs. 0.791357432502745
--------
nle(id0,id1,dist): 129 140 1.9445706568081422
list:
dist: 1.9445706568081422 vs. 1.9445706568081422
--------
nle(id0,id1,dist): 129 141 2.141355943825088
list:
dist: 2.141355943825088 vs. 2.141355943825088
--------
nle(id0,id1,dist): 129 143 1.060791463612771
list:
dist: 1.060791463612771 vs. 1.060791463612771
--------
nle(id0,id1,dist): 129 144 2.5689278585778546
list:
dist: 2.5689278585778546 vs. 2.5689278585778546
--------
nle(id0,id1,dist): 129 145 1.336709426399752
list:
dist: 1.336709426399752 vs. 1.336709426399752
--------
nle(id0,id1,dist): 129 146 1.8150153804359315
list:
dist: 1.8150153804359315 vs. 1.8150153804359315
--------
nle(id0,id1,dist): 129 147 1.258001939536309
list:
dist: 1.258001939536309 vs. 1.258001939536309
--------
nle(id0,id1,dist): 129 134 1.9278245728421686
list:
dist: 1.9278245728421686 vs. 1.9278245728421686
--------
nle(id0,id1,dist): 129 139 2.122200008406707
list:
dist: 2.122200008406707 vs. 2.122200008406707
--------
nle(id0,id1,dist): 129 138 2.727623295080033
list:
dist: 2.727623295080033 vs. 2.727623295080033
--------
nle(id0,id1,dist): 129 137 2.210593244619454
list:
dist: 2.210593244619454 vs. 2.210593244619454
--------
nle(id0,id1,dist): 129 136 0.7494006227516464
list:
dist: 0.7494006227516464 vs. 0.7494006227516464
--------
nle(id0,id1,dist): 129 131 1.424662977741045
list:
dist: 1.424662977741045 vs. 1.424662977741045
--------
nle(id0,id1,dist): 128 147 2.1452908936151958
list:
dist: 2.1452908936151958 vs. 2.1452908936151958
--------
nle(id0,id1,dist): 128 148 2.2457136027090967
list:
dist: 2.2457136027090967 vs. 2.2457136027090967
--------
nle(id0,id1,dist): 128 145 1.2508672956025706
list:
dist: 1.2508672956025706 vs. 1.2508672956025706
--------
nle(id0,id1,dist): 128 146 2.5241104696587273
list:
dist: 2.5241104696587273 vs. 2.5241104696587273
--------
nle(id0,id1,dist): 128 149 2.7394633822954453
list:
dist: 2.7394633822954453 vs. 2.7394633822954453
--------
nle(id0,id1,dist): 128 134 2.3050816233428506
list:
dist: 2.3050816233428506 vs. 2.3050816233428506
--------
nle(id0,id1,dist): 128 135 2.4762838618731156
list:
dist: 2.4762838618731156 vs. 2.4762838618731156
--------
nle(id0,id1,dist): 128 136 1.6278017422440039
list:
dist: 1.6278017422440039 vs. 1.6278017422440039
--------
nle(id0,id1,dist): 128 129 2.1729653313662505
list:
dist: 2.1729653313662505 vs. 2.1729653313662505
--------
nle(id0,id1,dist): 128 130 2.4086022315916034
list:
dist: 2.4086022315916034 vs. 2.4086022315916034
--------
nle(id0,id1,dist): 128 131 1.2172619064797177
list:
dist: 1.2172619064797177 vs. 1.2172619064797177
--------
nle(id0,id1,dist): 128 132 2.71496788725575
list:
dist: 2.71496788725575 vs. 2.71496788725575
--------
nle(id0,id1,dist): 128 141 2.5233573787212733
list:
dist: 2.5233573787212733 vs. 2.5233573787212733
--------
nle(id0,id1,dist): 128 143 2.304750441178826
list:
dist: 2.304750441178826 vs. 2.304750441178826
--------
nle(id0,id1,dist): 128 144 2.3447772243604326
list:
dist: 2.3447772243604326 vs. 2.3447772243604326
--------
nle(id0,id1,dist): 128 137 2.2729983477677576
list:
dist: 2.2729983477677576 vs. 2.2729983477677576
--------
nle(id0,id1,dist): 128 138 1.8869885596990277
list:
dist: 1.8869885596990277 vs. 1.8869885596990277
--------
nle(id0,id1,dist): 128 139 3.250600645577916
list:
dist: 3.250600645577916 vs. 3.250600645577916
--------
nle(id0,id1,dist): 128 140 1.5802210438859956
list:
dist: 1.5802210438859956 vs. 1.5802210438859956
--------
nle(id0,id1,dist): 127 140 3.425669887332269
list:
dist: 3.425669887332269 vs. 3.425669887332269
--------
nle(id0,id1,dist): 127 141 1.115388766668372
list:
dist: 1.115388766668372 vs. 1.115388766668372
--------
nle(id0,id1,dist): 127 138 1.594452517225618
list:
dist: 1.594452517225618 vs. 1.594452517225618
--------
nle(id0,id1,dist): 127 139 2.161205609424038
list:
dist: 2.161205609424038 vs. 2.161205609424038
--------
nle(id0,id1,dist): 127 136 2.924539955057329
list:
dist: 2.924539955057329 vs. 2.924539955057329
--------
nle(id0,id1,dist): 127 137 1.7448108173552759
list:
dist: 1.7448108173552759 vs. 1.7448108173552759
--------
nle(id0,id1,dist): 127 134 1.1238238668699216
list:
dist: 1.1238238668699216 vs. 1.1238238668699216
--------
nle(id0,id1,dist): 127 135 1.332813936370468
list:
dist: 1.332813936370468 vs. 1.332813936370468
--------
nle(id0,id1,dist): 127 148 0.918737590929563
list:
dist: 0.918737590929563 vs. 0.918737590929563
--------
nle(id0,id1,dist): 127 149 2.964410741958793
list:
dist: 2.964410741958793 vs. 2.964410741958793
--------
nle(id0,id1,dist): 127 146 1.3883600474532332
list:
dist: 1.3883600474532332 vs. 1.3883600474532332
--------
nle(id0,id1,dist): 127 147 3.2342270084107874
list:
dist: 3.2342270084107874 vs. 3.2342270084107874
--------
nle(id0,id1,dist): 127 144 2.2850721677190955
list:
dist: 2.2850721677190955 vs. 2.2850721677190955
--------
nle(id0,id1,dist): 127 145 2.042853716881954
list:
dist: 2.042853716881954 vs. 2.042853716881954
--------
nle(id0,id1,dist): 127 143 2.3139920422772096
list:
dist: 2.3139920422772096 vs. 2.3139920422772096
--------
nle(id0,id1,dist): 127 131 1.8835770802531597
list:
dist: 1.8835770802531597 vs. 1.8835770802531597
--------
nle(id0,id1,dist): 127 129 2.9401406640478966
list:
dist: 2.9401406640478966 vs. 2.9401406640478966
--------
nle(id0,id1,dist): 127 128 2.7066878095180504
list:
dist: 2.7066878095180504 vs. 2.7066878095180504
--------
nle(id0,id1,dist): 126 139 3.336604893582634
list:
dist: 3.336604893582634 vs. 3.336604893582634
--------
nle(id0,id1,dist): 126 140 0.49037188973722307
list:
dist: 0.49037188973722307 vs. 0.49037188973722307
--------
nle(id0,id1,dist): 126 141 2.839817804149503
list:
dist: 2.839817804149503 vs. 2.839817804149503
--------
nle(id0,id1,dist): 126 143 1.718282611288107
list:
dist: 1.718282611288107 vs. 1.718282611288107
--------
nle(id0,id1,dist): 126 144 2.005105342361867
list:
dist: 2.005105342361867 vs. 2.005105342361867
--------
nle(id0,id1,dist): 126 145 1.1600202306168657
list:
dist: 1.1600202306168657 vs. 1.1600202306168657
--------
nle(id0,id1,dist): 126 146 2.658086269634447
list:
dist: 2.658086269634447 vs. 2.658086269634447
--------
nle(id0,id1,dist): 126 147 1.0017528738777015
list:
dist: 1.0017528738777015 vs. 1.0017528738777015
--------
nle(id0,id1,dist): 126 148 2.5503052107468034
list:
dist: 2.5503052107468034 vs. 2.5503052107468034
--------
nle(id0,id1,dist): 126 149 1.982414999330285
list:
dist: 1.982414999330285 vs. 1.982414999330285
--------
nle(id0,id1,dist): 126 128 1.2712717566404916
list:
dist: 1.2712717566404916 vs. 1.2712717566404916
--------
nle(id0,id1,dist): 126 127 3.1704612363845914
list:
dist: 3.1704612363845914 vs. 3.1704612363845914
--------
nle(id0,id1,dist): 126 130 3.215814160817523
list:
dist: 3.215814160817523 vs. 3.215814160817523
--------
nle(id0,id1,dist): 126 129 1.5653272532886535
list:
dist: 1.5653272532886535 vs. 1.5653272532886535
--------
nle(id0,id1,dist): 126 132 3.202094648353694
list:
dist: 3.202094648353694 vs. 3.202094648353694
--------
nle(id0,id1,dist): 126 131 1.3418936464887825
list:
dist: 1.3418936464887825 vs. 1.3418936464887825
--------
nle(id0,id1,dist): 126 134 2.5591208850189866
list:
dist: 2.5591208850189866 vs. 2.5591208850189866
--------
nle(id0,id1,dist): 126 136 0.8183905308780461
list:
dist: 0.8183905308780461 vs. 0.8183905308780461
--------
nle(id0,id1,dist): 126 138 2.8184707495064627
list:
dist: 2.8184707495064627 vs. 2.8184707495064627
--------
nle(id0,id1,dist): 126 137 2.849695508672492
list:
dist: 2.849695508672492 vs. 2.849695508672492
--------
nle(id0,id1,dist): 125 147 2.2487136954706908
list:
dist: 2.2487136954706908 vs. 2.2487136954706908
--------
nle(id0,id1,dist): 125 144 2.0399141290542273
list:
dist: 2.0399141290542273 vs. 2.0399141290542273
--------
nle(id0,id1,dist): 125 145 1.9188120893675682
list:
dist: 1.9188120893675682 vs. 1.9188120893675682
--------
nle(id0,id1,dist): 125 148 2.566174517195624
list:
dist: 2.566174517195624 vs. 2.566174517195624
--------
nle(id0,id1,dist): 125 131 2.009721987534079
list:
dist: 2.009721987534079 vs. 2.009721987534079
--------
nle(id0,id1,dist): 125 130 1.9511512322543574
list:
dist: 1.9511512322543574 vs. 1.9511512322543574
--------
nle(id0,id1,dist): 125 128 1.3296590948663158
list:
dist: 1.3296590948663158 vs. 1.3296590948663158
--------
nle(id0,id1,dist): 125 135 3.2557052339544503
list:
dist: 3.2557052339544503 vs. 3.2557052339544503
--------
nle(id0,id1,dist): 125 132 1.8929782589938875
list:
dist: 1.8929782589938875 vs. 1.8929782589938875
--------
nle(id0,id1,dist): 125 138 2.9710819032916898
list:
dist: 2.9710819032916898 vs. 2.9710819032916898
--------
nle(id0,id1,dist): 125 136 2.196401350438676
list:
dist: 2.196401350438676 vs. 2.196401350438676
--------
nle(id0,id1,dist): 125 140 1.3111877556126617
list:
dist: 1.3111877556126617 vs. 1.3111877556126617
2. Check the NeighborList query for coordinates against the neighbor list for consistency
list:
dist: 2.6872818427720517 vs. 2.6872818427720517
list:
dist: 2.2391540484884556 vs. 2.2391540484884556
list:
dist: 1.936897738980475 vs. 1.936897738980475
list:
dist: 1.0938847938299918 vs. 1.0938847938299918
list:
dist: 1.211600895590789 vs. 1.211600895590789
list:
dist: 2.653457041310096 vs. 2.653457041310096
list:
dist: 2.2168492341680484 vs. 2.2168492341680484
list:
dist: 2.281289450930071 vs. 2.281289450930071
list:
dist: 1.6717832324972532 vs. 1.6717832324972532
list:
dist: 2.7453895629322718 vs. 2.7453895629322718
list:
dist: 1.970846412939874 vs. 1.970846412939874
list:
dist: 0.8065121113953089 vs. 0.8065121113953089
list:
dist: 2.1113577258364646 vs. 2.1113577258364646
list:
dist: 1.9072525468091672 vs. 1.9072525468091672
list:
dist: 2.824787278832881 vs. 2.824787278832881
list:
dist: 1.6993561609590382 vs. 1.6993561609590382
list:
dist: 1.8997027117937109 vs. 1.8997027117937109
list:
dist: 3.564248558367313 vs. 3.564248558367313
list:
dist: 1.9157603003390005 vs. 1.9157603003390005
list:
dist: 2.7105420819372132 vs. 2.7105420819372132
list:
dist: 2.4127847399659963 vs. 2.4127847399659963
list:
dist: 2.469355121452049 vs. 2.469355121452049
list:
dist: 1.970846412939874 vs. 1.970846412939874
list:
dist: 1.2783365367157014 vs. 1.2783365367157014
list:
dist: 2.381190943231725 vs. 2.381190943231725
list:
dist: 1.1475616872004932 vs. 1.1475616872004932
list:
dist: 2.310230926970388 vs. 2.310230926970388
list:
dist: 2.5139175429961504 vs. 2.5139175429961504
list:
dist: 1.6696202762634784 vs. 1.6696202762634784
list:
dist: 1.6085718154515356 vs. 1.6085718154515356
list:
dist: 2.5961691831644798 vs. 2.5961691831644798
list:
dist: 2.6872818427720517 vs. 2.6872818427720517
list:
dist: 2.582745455037412 vs. 2.582745455037412
list:
dist: 2.5137504977701277 vs. 2.5137504977701277
list:
dist: 2.973597927031894 vs. 2.973597927031894
list:
dist: 1.0170822247938573 vs. 1.0170822247938573
list:
dist: 2.417383271365552 vs. 2.417383271365552
list:
dist: 1.9014698889302184 vs. 1.9014698889302184
list:
dist: 1.9014698889302184 vs. 1.9014698889302184
list:
dist: 2.3785610331055724 vs. 2.3785610331055724
list:
dist: 1.6717832324972532 vs. 1.6717832324972532
list:
dist: 1.6828696746312193 vs. 1.6828696746312193
list:
dist: 0.790421872025837 vs. 0.790421872025837
list:
dist: 1.8427855458262985 vs. 1.8427855458262985
list:
dist: 1.299822305465407 vs. 1.299822305465407
list:
dist: 0.9131111006913296 vs. 0.9131111006913296
list:
dist: 2.446334135788822 vs. 2.446334135788822
list:
dist: 2.546065321569559 vs. 2.546065321569559
list:
dist: 1.902799735624075 vs. 1.902799735624075
list:
dist: 2.8169170032386157 vs. 2.8169170032386157
list:
dist: 1.586426388976532 vs. 1.586426388976532
list:
dist: 1.4937623902529078 vs. 1.4937623902529078
list:
dist: 2.5711959285429398 vs. 2.5711959285429398
list:
dist: 1.2722463709031036 vs. 1.2722463709031036
list:
dist: 1.9141299118704445 vs. 1.9141299118704445
list:
dist: 2.472538498710869 vs. 2.472538498710869
list:
dist: 3.874585836349698 vs. 3.874585836349698
list:
dist: 3.3936814678608607 vs. 3.3936814678608607
list:
dist: 3.4505453070580834 vs. 3.4505453070580834
list:
dist: 3.505801855730806 vs. 3.505801855730806
list:
dist: 1.6085718154515356 vs. 1.6085718154515356
list:
dist: 1.1220676702919092 vs. 1.1220676702919092
list:
dist: 2.2391540484884556 vs. 2.2391540484884556
list:
dist: 1.818391598283797 vs. 1.818391598283797
list:
dist: 2.7143615989287113 vs. 2.7143615989287113
list:
dist: 3.8730381307943094 vs. 3.8730381307943094
list:
dist: 2.1567192112252234 vs. 2.1567192112252234
list:
dist: 2.7950322593004637 vs. 2.7950322593004637
list:
dist: 2.3785610331055724 vs. 2.3785610331055724
list:
dist: 2.582745455037412 vs. 2.582745455037412
list:
dist: 1.818391598283797 vs. 1.818391598283797
list:
dist: 1.61894448365803 vs. 1.61894448365803
list:
dist: 1.0938847938299918 vs. 1.0938847938299918
list:
dist: 1.5844695019046602 vs. 1.5844695019046602
list:
dist: 3.259969726841972 vs. 3.259969726841972
list:
dist: 2.4421257732487627 vs. 2.4421257732487627
list:
dist: 1.9139292479952408 vs. 1.9139292479952408
list:
dist: 1.6828696746312193 vs. 1.6828696746312193
list:
dist: 2.3535285217050315 vs. 2.3535285217050315
list:
dist: 1.2783365367157014 vs. 1.2783365367157014
list:
dist: 1.6391401374387355 vs. 1.6391401374387355
list:
dist: 2.586765387219805 vs. 2.586765387219805
list:
dist: 1.8034604942161305 vs. 1.8034604942161305
list:
dist: 3.4775531086675975 vs. 3.4775531086675975
list:
dist: 2.325468777915699 vs. 2.325468777915699
list:
dist: 2.546444177886778 vs. 2.546444177886778
list:
dist: 3.6686200150059913 vs. 3.6686200150059913
list:
dist: 2.021722755135597 vs. 2.021722755135597
list:
dist: 3.1193801047496477 vs. 3.1193801047496477
list:
dist: 2.6744250146715443 vs. 2.6744250146715443
list:
dist: 2.5961691831644798 vs. 2.5961691831644798
list:
dist: 1.1220676702919092 vs. 1.1220676702919092
list:
dist: 1.936897738980475 vs. 1.936897738980475
list:
dist: 1.61894448365803 vs. 1.61894448365803
list:
dist: 2.8476081517960288 vs. 2.8476081517960288
list:
dist: 3.4555370169088886 vs. 3.4555370169088886
list:
dist: 2.469355121452049 vs. 2.469355121452049
list:
dist: 1.8758748121136808 vs. 1.8758748121136808
list:
dist: 3.943913078985659 vs. 3.943913078985659
list:
dist: 3.3929949873129193 vs. 3.3929949873129193
list:
dist: 2.417383271365552 vs. 2.417383271365552
list:
dist: 2.7950322593004637 vs. 2.7950322593004637
list:
dist: 2.281289450930071 vs. 2.281289450930071
list:
dist: 1.9139292479952408 vs. 1.9139292479952408
list:
dist: 1.3828249799689951 vs. 1.3828249799689951
list:
dist: 2.414562353885465 vs. 2.414562353885465
list:
dist: 2.053533337889167 vs. 2.053533337889167
list:
dist: 0.9131111006913296 vs. 0.9131111006913296
list:
dist: 3.0848856099897586 vs. 3.0848856099897586
list:
dist: 2.7131308219139907 vs. 2.7131308219139907
list:
dist: 1.7381294448496798 vs. 1.7381294448496798
list:
dist: 3.081098584228104 vs. 3.081098584228104
list:
dist: 2.037106537848062 vs. 2.037106537848062
list:
dist: 2.051024399136537 vs. 2.051024399136537
list:
dist: 2.2502055726235253 vs. 2.2502055726235253
list:
dist: 1.2452201100165359 vs. 1.2452201100165359
list:
dist: 2.0672291336825395 vs. 2.0672291336825395
list:
dist: 2.4361730768465453 vs. 2.4361730768465453
list:
dist: 4.016695995513109 vs. 4.016695995513109
list:
dist: 3.6886673741964673 vs. 3.6886673741964673
list:
dist: 3.4106176895748876 vs. 3.4106176895748876
list:
dist: 3.527360877562353 vs. 3.527360877562353
list:
dist: 3.943913078985659 vs. 3.943913078985659
list:
dist: 2.1113577258364646 vs. 2.1113577258364646
list:
dist: 2.586765387219805 vs. 2.586765387219805
list:
dist: 1.8123051495331153 vs. 1.8123051495331153
list:
dist: 2.68683548431768 vs. 2.68683548431768
list:
dist: 3.5623909753953953 vs. 3.5623909753953953
list:
dist: 2.7131308219139907 vs. 2.7131308219139907
list:
dist: 2.546065321569559 vs. 2.546065321569559
list:
dist: 2.5061076497081842 vs. 2.5061076497081842
list:
dist: 2.5139175429961504 vs. 2.5139175429961504
list:
dist: 2.489010061495525 vs. 2.489010061495525
list:
dist: 1.2778312219041175 vs. 1.2778312219041175
list:
dist: 1.2760568605775047 vs. 1.2760568605775047
list:
dist: 1.2701352748682297 vs. 1.2701352748682297
list:
dist: 1.7577357485274236 vs. 1.7577357485274236
list:
dist: 2.4434890853852513 vs. 2.4434890853852513
list:
dist: 1.5159345974597709 vs. 1.5159345974597709
list:
dist: 1.9101331961382257 vs. 1.9101331961382257
list:
dist: 0.6337179287242949 vs. 0.6337179287242949
list:
dist: 2.575076387469747 vs. 2.575076387469747
list:
dist: 0.7680479155661146 vs. 0.7680479155661146
list:
dist: 1.6993561609590382 vs. 1.6993561609590382
list:
dist: 2.325468777915699 vs. 2.325468777915699
list:
dist: 0.9013339377273462 vs. 0.9013339377273462
list:
dist: 1.4743708642896736 vs. 1.4743708642896736
list:
dist: 2.4148909088914023 vs. 2.4148909088914023
list:
dist: 2.037106537848062 vs. 2.037106537848062
list:
dist: 1.586426388976532 vs. 1.586426388976532
list:
dist: 2.271076952448643 vs. 2.271076952448643
list:
dist: 1.2701352748682297 vs. 1.2701352748682297
list:
dist: 1.5607152712617975 vs. 1.5607152712617975
list:
dist: 1.2928919774766667 vs. 1.2928919774766667
list:
dist: 0.5040962485307429 vs. 0.5040962485307429
list:
dist: 2.1297590766601693 vs. 2.1297590766601693
list:
dist: 1.0053793165628744 vs. 1.0053793165628744
list:
dist: 1.1050382346926888 vs. 1.1050382346926888
list:
dist: 1.4024920127852356 vs. 1.4024920127852356
list:
dist: 2.82195999488888 vs. 2.82195999488888
list:
dist: 2.371717313954118 vs. 2.371717313954118
list:
dist: 3.0889514926565877 vs. 3.0889514926565877
list:
dist: 2.5121527714709546 vs. 2.5121527714709546
list:
dist: 3.390500863980132 vs. 3.390500863980132
list:
dist: 1.7584754062344115 vs. 1.7584754062344115
list:
dist: 1.8758748121136808 vs. 1.8758748121136808
list:
dist: 0.8065121113953089 vs. 0.8065121113953089
list:
dist: 1.6391401374387355 vs. 1.6391401374387355
list:
dist: 1.9712421365518433 vs. 1.9712421365518433
list:
dist: 3.197289430932637 vs. 3.197289430932637
list:
dist: 2.7580396900351576 vs. 2.7580396900351576
list:
dist: 3.0848856099897586 vs. 3.0848856099897586
list:
dist: 2.446334135788822 vs. 2.446334135788822
list:
dist: 2.933670597965453 vs. 2.933670597965453
list:
dist: 2.310230926970388 vs. 2.310230926970388
list:
dist: 2.489010061495525 vs. 2.489010061495525
list:
dist: 2.5401296675309935 vs. 2.5401296675309935
list:
dist: 3.218236802366658 vs. 3.218236802366658
list:
dist: 2.271076952448643 vs. 2.271076952448643
list:
dist: 2.473642623079416 vs. 2.473642623079416
list:
dist: 4.267965516619744 vs. 4.267965516619744
list:
dist: 2.655691359669102 vs. 2.655691359669102
list:
dist: 3.3507291228105824 vs. 3.3507291228105824
list:
dist: 2.9222678688996564 vs. 2.9222678688996564
list:
dist: 5.050628533902059 vs. 5.050628533902059
list:
dist: 3.255374044712229 vs. 3.255374044712229
list:
dist: 3.4555370169088886 vs. 3.4555370169088886
list:
dist: 2.7453895629322718 vs. 2.7453895629322718
list:
dist: 2.3535285217050315 vs. 2.3535285217050315
list:
dist: 3.1132346673831366 vs. 3.1132346673831366
list:
dist: 1.1475616872004932 vs. 1.1475616872004932
list:
dist: 2.933670597965453 vs. 2.933670597965453
list:
dist: 2.5061076497081842 vs. 2.5061076497081842
list:
dist: 2.010811780913877 vs. 2.010811780913877
list:
dist: 3.255374044712229 vs. 3.255374044712229
list:
dist: 0.7680479155661146 vs. 0.7680479155661146
list:
dist: 1.5940519857385274 vs. 1.5940519857385274
list:
dist: 1.2521486545837397 vs. 1.2521486545837397
list:
dist: 1.7584754062344115 vs. 1.7584754062344115
list:
dist: 2.1835897550790744 vs. 2.1835897550790744
list:
dist: 2.1735773938541523 vs. 2.1735773938541523
list:
dist: 1.818807803458037 vs. 1.818807803458037
list:
dist: 1.9784787923811524 vs. 1.9784787923811524
list:
dist: 0.6017237749753417 vs. 0.6017237749753417
list:
dist: 2.931012251317776 vs. 2.931012251317776
list:
dist: 2.913282837517648 vs. 2.913282837517648
list:
dist: 3.6210101667265695 vs. 3.6210101667265695
list:
dist: 2.47613177193411 vs. 2.47613177193411
list:
dist: 1.8254198348316069 vs. 1.8254198348316069
list:
dist: 1.9157603003390005 vs. 1.9157603003390005
list:
dist: 2.021722755135597 vs. 2.021722755135597
list:
dist: 0.8965832523615884 vs. 0.8965832523615884
list:
dist: 1.9798161750414514 vs. 1.9798161750414514
list:
dist: 2.488687941231191 vs. 2.488687941231191
list:
dist: 1.2452201100165359 vs. 1.2452201100165359
list:
dist: 1.2722463709031036 vs. 1.2722463709031036
list:
dist: 2.655691359669102 vs. 2.655691359669102
list:
dist: 1.5159345974597709 vs. 1.5159345974597709
list:
dist: 0.9350846323205172 vs. 0.9350846323205172
list:
dist: 1.8928636607820117 vs. 1.8928636607820117
list:
dist: 1.0053793165628744 vs. 1.0053793165628744
list:
dist: 1.2437325649727062 vs. 1.2437325649727062
list:
dist: 1.6851415854554006 vs. 1.6851415854554006
list:
dist: 1.2301039879689257 vs. 1.2301039879689257
list:
dist: 1.2579418255723265 vs. 1.2579418255723265
list:
dist: 3.184024255709833 vs. 3.184024255709833
list:
dist: 2.8904568017001178 vs. 2.8904568017001178
list:
dist: 3.079769982949151 vs. 3.079769982949151
list:
dist: 2.694601608662064 vs. 2.694601608662064
list:
dist: 3.390994500669489 vs. 3.390994500669489
list:
dist: 1.818807803458037 vs. 1.818807803458037
list:
dist: 2.973597927031894 vs. 2.973597927031894
list:
dist: 3.8730381307943094 vs. 3.8730381307943094
list:
dist: 2.653457041310096 vs. 2.653457041310096
list:
dist: 3.259969726841972 vs. 3.259969726841972
list:
dist: 1.7277286377099246 vs. 1.7277286377099246
list:
dist: 1.9712034852393712 vs. 1.9712034852393712
list:
dist: 2.414562353885465 vs. 2.414562353885465
list:
dist: 1.8427855458262985 vs. 1.8427855458262985
list:
dist: 3.197289430932637 vs. 3.197289430932637
list:
dist: 2.68683548431768 vs. 2.68683548431768
list:
dist: 2.8445857880070413 vs. 2.8445857880070413
list:
dist: 2.0753721003963186 vs. 2.0753721003963186
list:
dist: 1.4743708642896736 vs. 1.4743708642896736
list:
dist: 0.9770226338006516 vs. 0.9770226338006516
list:
dist: 2.3641232759500523 vs. 2.3641232759500523
list:
dist: 1.9798161750414514 vs. 1.9798161750414514
list:
dist: 1.2629237620591744 vs. 1.2629237620591744
list:
dist: 2.7129765509182935 vs. 2.7129765509182935
list:
dist: 2.4636193513906575 vs. 2.4636193513906575
list:
dist: 1.796697631015229 vs. 1.796697631015229
list:
dist: 2.3242849665473986 vs. 2.3242849665473986
list:
dist: 2.3801335866688382 vs. 2.3801335866688382
list:
dist: 1.0170822247938573 vs. 1.0170822247938573
list:
dist: 2.1567192112252234 vs. 2.1567192112252234
list:
dist: 2.2168492341680484 vs. 2.2168492341680484
list:
dist: 2.4421257732487627 vs. 2.4421257732487627
list:
dist: 1.7924342531943664 vs. 1.7924342531943664
list:
dist: 1.9712034852393712 vs. 1.9712034852393712
list:
dist: 2.053533337889167 vs. 2.053533337889167
list:
dist: 1.299822305465407 vs. 1.299822305465407
list:
dist: 2.7580396900351576 vs. 2.7580396900351576
list:
dist: 3.5623909753953953 vs. 3.5623909753953953
list:
dist: 3.148036328240729 vs. 3.148036328240729
list:
dist: 3.6044022310686787 vs. 3.6044022310686787
list:
dist: 2.4148909088914023 vs. 2.4148909088914023
list:
dist: 2.115232414463167 vs. 2.115232414463167
list:
dist: 3.5636145066825433 vs. 3.5636145066825433
list:
dist: 2.488687941231191 vs. 2.488687941231191
list:
dist: 2.7227665525357185 vs. 2.7227665525357185
list:
dist: 3.614623666061862 vs. 3.614623666061862
list:
dist: 4.394902544701438 vs. 4.394902544701438
list:
dist: 3.76456044030879 vs. 3.76456044030879
list:
dist: 3.8765307108931433 vs. 3.8765307108931433
list:
dist: 4.195106076410026 vs. 4.195106076410026
list:
dist: 2.4127847399659963 vs. 2.4127847399659963
list:
dist: 2.6744250146715443 vs. 2.6744250146715443
list:
dist: 1.8559543572473323 vs. 1.8559543572473323
list:
dist: 2.7129765509182935 vs. 2.7129765509182935
list:
dist: 3.614623666061862 vs. 3.614623666061862
list:
dist: 2.4361730768465453 vs. 2.4361730768465453
list:
dist: 2.472538498710869 vs. 2.472538498710869
list:
dist: 2.9222678688996564 vs. 2.9222678688996564
list:
dist: 0.6337179287242949 vs. 0.6337179287242949
list:
dist: 1.0189990478938842 vs. 1.0189990478938842
list:
dist: 1.389403622297978 vs. 1.389403622297978
list:
dist: 1.4024920127852356 vs. 1.4024920127852356
list:
dist: 1.850887759730816 vs. 1.850887759730816
list:
dist: 1.9433087200338803 vs. 1.9433087200338803
list:
dist: 1.2579418255723265 vs. 1.2579418255723265
list:
dist: 1.7045223035233084 vs. 1.7045223035233084
list:
dist: 3.067897561687013 vs. 3.067897561687013
list:
dist: 2.9596656766857254 vs. 2.9596656766857254
list:
dist: 3.5019237538940002 vs. 3.5019237538940002
list:
dist: 2.5688875137371854 vs. 2.5688875137371854
list:
dist: 2.3249057764131438 vs. 2.3249057764131438
list:
dist: 0.6017237749753417 vs. 0.6017237749753417
list:
dist: 3.3929949873129193 vs. 3.3929949873129193
list:
dist: 1.9072525468091672 vs. 1.9072525468091672
list:
dist: 1.8034604942161305 vs. 1.8034604942161305
list:
dist: 1.4434958038024426 vs. 1.4434958038024426
list:
dist: 2.8445857880070413 vs. 2.8445857880070413
list:
dist: 3.148036328240729 vs. 3.148036328240729
list:
dist: 1.7381294448496798 vs. 1.7381294448496798
list:
dist: 1.902799735624075 vs. 1.902799735624075
list:
dist: 2.010811780913877 vs. 2.010811780913877
list:
dist: 1.6696202762634784 vs. 1.6696202762634784
list:
dist: 2.5401296675309935 vs. 2.5401296675309935
list:
dist: 1.2778312219041175 vs. 1.2778312219041175
list:
dist: 2.2183237671115568 vs. 2.2183237671115568
list:
dist: 1.5607152712617975 vs. 1.5607152712617975
list:
dist: 1.973706611395804 vs. 1.973706611395804
list:
dist: 2.245366388452387 vs. 2.245366388452387
list:
dist: 0.9350846323205172 vs. 0.9350846323205172
list:
dist: 2.032662653302352 vs. 2.032662653302352
list:
dist: 1.0189990478938842 vs. 1.0189990478938842
list:
dist: 3.2395803231555784 vs. 3.2395803231555784
list:
dist: 1.5940519857385274 vs. 1.5940519857385274
list:
dist: 2.7105420819372132 vs. 2.7105420819372132
list:
dist: 3.1193801047496477 vs. 3.1193801047496477
list:
dist: 1.6105645370204185 vs. 1.6105645370204185
list:
dist: 1.2629237620591744 vs. 1.2629237620591744
list:
dist: 2.7227665525357185 vs. 2.7227665525357185
list:
dist: 2.0672291336825395 vs. 2.0672291336825395
list:
dist: 1.9141299118704445 vs. 1.9141299118704445
list:
dist: 3.3507291228105824 vs. 3.3507291228105824
list:
dist: 1.9101331961382257 vs. 1.9101331961382257
list:
dist: 2.032662653302352 vs. 2.032662653302352
list:
dist: 1.3506419665870308 vs. 1.3506419665870308
list:
dist: 1.1050382346926888 vs. 1.1050382346926888
list:
dist: 0.9904205576257793 vs. 0.9904205576257793
list:
dist: 1.2232019389788904 vs. 1.2232019389788904
list:
dist: 1.2301039879689257 vs. 1.2301039879689257
list:
dist: 1.7045223035233084 vs. 1.7045223035233084
list:
dist: 2.0123514706866477 vs. 2.0123514706866477
list:
dist: 1.6877277198625689 vs. 1.6877277198625689
list:
dist: 2.016005906854239 vs. 2.016005906854239
list:
dist: 1.6073931057454818 vs. 1.6073931057454818
list:
dist: 3.1386268075626207 vs. 3.1386268075626207
list:
dist: 1.9784787923811524 vs. 1.9784787923811524
list:
dist: 2.824787278832881 vs. 2.824787278832881
list:
dist: 3.4775531086675975 vs. 3.4775531086675975
list:
dist: 2.177881289455549 vs. 2.177881289455549
list:
dist: 2.0753721003963186 vs. 2.0753721003963186
list:
dist: 3.6044022310686787 vs. 3.6044022310686787
list:
dist: 3.081098584228104 vs. 3.081098584228104
list:
dist: 2.8169170032386157 vs. 2.8169170032386157
list:
dist: 3.218236802366658 vs. 3.218236802366658
list:
dist: 1.2760568605775047 vs. 1.2760568605775047
list:
dist: 2.2183237671115568 vs. 2.2183237671115568
list:
dist: 1.2928919774766667 vs. 1.2928919774766667
list:
dist: 1.489329318936029 vs. 1.489329318936029
list:
dist: 2.0815348865306604 vs. 2.0815348865306604
list:
dist: 1.8928636607820117 vs. 1.8928636607820117
list:
dist: 1.3506419665870308 vs. 1.3506419665870308
list:
dist: 1.389403622297978 vs. 1.389403622297978
list:
dist: 2.0089464328787527 vs. 2.0089464328787527
list:
dist: 1.7923260940454082 vs. 1.7923260940454082
list:
dist: 2.899499836352548 vs. 2.899499836352548
list:
dist: 1.763911052159697 vs. 1.763911052159697
list:
dist: 2.3805319402762755 vs. 2.3805319402762755
list:
dist: 1.2521486545837397 vs. 1.2521486545837397
list:
dist: 2.5137504977701277 vs. 2.5137504977701277
list:
dist: 2.7143615989287113 vs. 2.7143615989287113
list:
dist: 2.8476081517960288 vs. 2.8476081517960288
list:
dist: 1.211600895590789 vs. 1.211600895590789
list:
dist: 1.5844695019046602 vs. 1.5844695019046602
list:
dist: 1.7277286377099246 vs. 1.7277286377099246
list:
dist: 1.7924342531943664 vs. 1.7924342531943664
list:
dist: 1.3828249799689951 vs. 1.3828249799689951
list:
dist: 0.790421872025837 vs. 0.790421872025837
list:
dist: 3.1132346673831366 vs. 3.1132346673831366
list:
dist: 2.381190943231725 vs. 2.381190943231725
list:
dist: 1.9712421365518433 vs. 1.9712421365518433
list:
dist: 1.8123051495331153 vs. 1.8123051495331153
list:
dist: 1.4434958038024426 vs. 1.4434958038024426
list:
dist: 2.177881289455549 vs. 2.177881289455549
list:
dist: 0.9013339377273462 vs. 0.9013339377273462
list:
dist: 0.9943867158737346 vs. 0.9943867158737346
list:
dist: 2.4410582741508366 vs. 2.4410582741508366
list:
dist: 0.8965832523615884 vs. 0.8965832523615884
list:
dist: 1.6105645370204185 vs. 1.6105645370204185
list:
dist: 1.8559543572473323 vs. 1.8559543572473323
list:
dist: 1.796697631015229 vs. 1.796697631015229
list:
dist: 3.76456044030879 vs. 3.76456044030879
list:
dist: 3.6886673741964673 vs. 3.6886673741964673
list:
dist: 3.3936814678608607 vs. 3.3936814678608607
list:
dist: 1.7923260940454082 vs. 1.7923260940454082
list:
dist: 2.371717313954118 vs. 2.371717313954118
list:
dist: 2.130148142659665 vs. 2.130148142659665
list:
dist: 2.3072197553141787 vs. 2.3072197553141787
list:
dist: 2.8904568017001178 vs. 2.8904568017001178
list:
dist: 1.6877277198625689 vs. 1.6877277198625689
list:
dist: 2.9596656766857254 vs. 2.9596656766857254
list:
dist: 0.7796560287750088 vs. 0.7796560287750088
list:
dist: 1.7014275151494918 vs. 1.7014275151494918
list:
dist: 1.1257562147434497 vs. 1.1257562147434497
list:
dist: 3.388781219048033 vs. 3.388781219048033
list:
dist: 2.913282837517648 vs. 2.913282837517648
list:
dist: 1.8997027117937109 vs. 1.8997027117937109
list:
dist: 2.546444177886778 vs. 2.546444177886778
list:
dist: 0.9943867158737346 vs. 0.9943867158737346
list:
dist: 0.9770226338006516 vs. 0.9770226338006516
list:
dist: 2.115232414463167 vs. 2.115232414463167
list:
dist: 2.051024399136537 vs. 2.051024399136537
list:
dist: 1.4937623902529078 vs. 1.4937623902529078
list:
dist: 2.473642623079416 vs. 2.473642623079416
list:
dist: 1.7577357485274236 vs. 1.7577357485274236
list:
dist: 1.973706611395804 vs. 1.973706611395804
list:
dist: 1.489329318936029 vs. 1.489329318936029
list:
dist: 0.5040962485307429 vs. 0.5040962485307429
list:
dist: 2.156741872400325 vs. 2.156741872400325
list:
dist: 1.2437325649727062 vs. 1.2437325649727062
list:
dist: 0.9904205576257793 vs. 0.9904205576257793
list:
dist: 1.850887759730816 vs. 1.850887759730816
list:
dist: 2.673554142336731 vs. 2.673554142336731
list:
dist: 2.130148142659665 vs. 2.130148142659665
list:
dist: 2.818542413699129 vs. 2.818542413699129
list:
dist: 2.43256277031086 vs. 2.43256277031086
list:
dist: 3.6963782422530653 vs. 3.6963782422530653
list:
dist: 2.1835897550790744 vs. 2.1835897550790744
list:
dist: 2.4636193513906575 vs. 2.4636193513906575
list:
dist: 4.394902544701438 vs. 4.394902544701438
list:
dist: 4.016695995513109 vs. 4.016695995513109
list:
dist: 3.874585836349698 vs. 3.874585836349698
list:
dist: 2.0089464328787527 vs. 2.0089464328787527
list:
dist: 2.82195999488888 vs. 2.82195999488888
list:
dist: 2.673554142336731 vs. 2.673554142336731
list:
dist: 2.2232440574735928 vs. 2.2232440574735928
list:
dist: 3.184024255709833 vs. 3.184024255709833
list:
dist: 2.0123514706866477 vs. 2.0123514706866477
list:
dist: 3.067897561687013 vs. 3.067897561687013
list:
dist: 0.7796560287750088 vs. 0.7796560287750088
list:
dist: 1.6240941987031032 vs. 1.6240941987031032
list:
dist: 0.6858211995997942 vs. 0.6858211995997942
list:
dist: 2.9785690501225446 vs. 2.9785690501225446
list:
dist: 2.931012251317776 vs. 2.931012251317776
list:
dist: 2.3801335866688382 vs. 2.3801335866688382
list:
dist: 4.195106076410026 vs. 4.195106076410026
list:
dist: 3.527360877562353 vs. 3.527360877562353
list:
dist: 3.505801855730806 vs. 3.505801855730806
list:
dist: 1.763911052159697 vs. 1.763911052159697
list:
dist: 2.5121527714709546 vs. 2.5121527714709546
list:
dist: 2.43256277031086 vs. 2.43256277031086
list:
dist: 1.5770640637730595 vs. 1.5770640637730595
list:
dist: 2.694601608662064 vs. 2.694601608662064
list:
dist: 1.6073931057454818 vs. 1.6073931057454818
list:
dist: 2.5688875137371854 vs. 2.5688875137371854
list:
dist: 0.6858211995997942 vs. 0.6858211995997942
list:
dist: 1.1257562147434497 vs. 1.1257562147434497
list:
dist: 1.4871526251599096 vs. 1.4871526251599096
list:
dist: 2.5819887324997337 vs. 2.5819887324997337
list:
dist: 2.47613177193411 vs. 2.47613177193411
list:
dist: 2.3242849665473986 vs. 2.3242849665473986
list:
dist: 3.8765307108931433 vs. 3.8765307108931433
list:
dist: 3.4106176895748876 vs. 3.4106176895748876
list:
dist: 3.4505453070580834 vs. 3.4505453070580834
list:
dist: 2.899499836352548 vs. 2.899499836352548
list:
dist: 3.0889514926565877 vs. 3.0889514926565877
list:
dist: 2.818542413699129 vs. 2.818542413699129
list:
dist: 1.8619253389744943 vs. 1.8619253389744943
list:
dist: 3.079769982949151 vs. 3.079769982949151
list:
dist: 2.016005906854239 vs. 2.016005906854239
list:
dist: 3.5019237538940002 vs. 3.5019237538940002
list:
dist: 1.6240941987031032 vs. 1.6240941987031032
list:
dist: 1.7014275151494918 vs. 1.7014275151494918
list:
dist: 1.4871526251599096 vs. 1.4871526251599096
list:
dist: 3.9389577186815603 vs. 3.9389577186815603
list:
dist: 3.6210101667265695 vs. 3.6210101667265695
list:
dist: 5.050628533902059 vs. 5.050628533902059
list:
dist: 2.575076387469747 vs. 2.575076387469747
list:
dist: 3.2395803231555784 vs. 3.2395803231555784
list:
dist: 2.3805319402762755 vs. 2.3805319402762755
list:
dist: 3.390500863980132 vs. 3.390500863980132
list:
dist: 3.6963782422530653 vs. 3.6963782422530653
list:
dist: 2.80319542599642 vs. 2.80319542599642
list:
dist: 3.390994500669489 vs. 3.390994500669489
list:
dist: 3.1386268075626207 vs. 3.1386268075626207
list:
dist: 2.3249057764131438 vs. 2.3249057764131438
list:
dist: 2.9785690501225446 vs. 2.9785690501225446
list:
dist: 3.388781219048033 vs. 3.388781219048033
list:
dist: 3.9389577186815603 vs. 3.9389577186815603
list:
dist: 2.5819887324997337 vs. 2.5819887324997337
list:
dist: 1.8254198348316069 vs. 1.8254198348316069
list:
dist: 3.564248558367313 vs. 3.564248558367313
list:
dist: 3.6686200150059913 vs. 3.6686200150059913
list:
dist: 2.4410582741508366 vs. 2.4410582741508366
list:
dist: 2.3641232759500523 vs. 2.3641232759500523
list:
dist: 3.5636145066825433 vs. 3.5636145066825433
list:
dist: 2.2502055726235253 vs. 2.2502055726235253
list:
dist: 2.5711959285429398 vs. 2.5711959285429398
list:
dist: 4.267965516619744 vs. 4.267965516619744
list:
dist: 2.4434890853852513 vs. 2.4434890853852513
list:
dist: 2.245366388452387 vs. 2.245366388452387
list:
dist: 2.0815348865306604 vs. 2.0815348865306604
list:
dist: 2.1297590766601693 vs. 2.1297590766601693
list:
dist: 2.156741872400325 vs. 2.156741872400325
list:
dist: 1.6851415854554006 vs. 1.6851415854554006
list:
dist: 1.2232019389788904 vs. 1.2232019389788904
list:
dist: 1.9433087200338803 vs. 1.9433087200338803
list:
dist: 2.2232440574735928 vs. 2.2232440574735928
list:
dist: 2.3072197553141787 vs. 2.3072197553141787
list:
dist: 1.8619253389744943 vs. 1.8619253389744943
list:
dist: 1.5770640637730595 vs. 1.5770640637730595
list:
dist: 2.80319542599642 vs. 2.80319542599642
list:
dist: 2.1735773938541523 vs. 2.1735773938541523
list:
dist: 1.24951836347079 vs. 1.24951836347079
list:
dist: 1.2727578691298926 vs. 1.2727578691298926
list:
dist: 2.070613198046207 vs. 2.070613198046207
list:
dist: 2.068326853490403 vs. 2.068326853490403
list:
dist: 1.0780877846518193 vs. 1.0780877846518193
list:
dist: 2.0641857219278537 vs. 2.0641857219278537
list:
dist: 1.5363868445122861 vs. 1.5363868445122861
list:
dist: 2.2557260132069348 vs. 2.2557260132069348
list:
dist: 2.9185680887829872 vs. 2.9185680887829872
list:
dist: 2.663525792362965 vs. 2.663525792362965
list:
dist: 2.3474284204071028 vs. 2.3474284204071028
list:
dist: 2.1490581867641176 vs. 2.1490581867641176
list:
dist: 2.5483420402858656 vs. 2.5483420402858656
list:
dist: 2.1490581867641176 vs. 2.1490581867641176
list:
dist: 1.6646005056354891 vs. 1.6646005056354891
list:
dist: 1.20265946642907 vs. 1.20265946642907
list:
dist: 2.1695032749852787 vs. 2.1695032749852787
list:
dist: 1.1325786521129029 vs. 1.1325786521129029
list:
dist: 1.6570470647657376 vs. 1.6570470647657376
list:
dist: 0.1964082031046312 vs. 0.1964082031046312
list:
dist: 2.21728973740932 vs. 2.21728973740932
list:
dist: 2.4041115245878673 vs. 2.4041115245878673
list:
dist: 2.038701147268911 vs. 2.038701147268911
list:
dist: 0.6471105410935808 vs. 0.6471105410935808
list:
dist: 0.805360860669387 vs. 0.805360860669387
list:
dist: 1.5285850764377353 vs. 1.5285850764377353
list:
dist: 1.6751961826903379 vs. 1.6751961826903379
list:
dist: 2.052579750233456 vs. 2.052579750233456
list:
dist: 3.342334400311685 vs. 3.342334400311685
list:
dist: 2.635008173032845 vs. 2.635008173032845
list:
dist: 2.40130129097693 vs. 2.40130129097693
list:
dist: 3.083486416781813 vs. 3.083486416781813
list:
dist: 2.531737740022219 vs. 2.531737740022219
list:
dist: 2.66329766874779 vs. 2.66329766874779
list:
dist: 1.5414731277303546 vs. 1.5414731277303546
list:
dist: 2.6892813861397453 vs. 2.6892813861397453
list:
dist: 1.857862365293085 vs. 1.857862365293085
list:
dist: 1.8708464713559705 vs. 1.8708464713559705
list:
dist: 1.0780877846518193 vs. 1.0780877846518193
list:
dist: 1.7673603102156912 vs. 1.7673603102156912
list:
dist: 0.939254597359991 vs. 0.939254597359991
list:
dist: 1.1541729528848437 vs. 1.1541729528848437
list:
dist: 1.2440397357648387 vs. 1.2440397357648387
list:
dist: 1.4953267425950179 vs. 1.4953267425950179
list:
dist: 0.9646168233107459 vs. 0.9646168233107459
list:
dist: 1.615144255340348 vs. 1.615144255340348
list:
dist: 1.9657398057155215 vs. 1.9657398057155215
list:
dist: 2.2818548673549706 vs. 2.2818548673549706
list:
dist: 2.177038091479294 vs. 2.177038091479294
list:
dist: 1.6570470647657376 vs. 1.6570470647657376
list:
dist: 2.107083274055543 vs. 2.107083274055543
list:
dist: 2.734272750147592 vs. 2.734272750147592
list:
dist: 2.771410951061384 vs. 2.771410951061384
list:
dist: 3.557512128148124 vs. 3.557512128148124
list:
dist: 2.9948856403932496 vs. 2.9948856403932496
list:
dist: 2.4271620464140455 vs. 2.4271620464140455
list:
dist: 4.044937644595659 vs. 4.044937644595659
list:
dist: 4.011936524621521 vs. 4.011936524621521
list:
dist: 4.2130668443451125 vs. 4.2130668443451125
list:
dist: 2.8610017972629906 vs. 2.8610017972629906
list:
dist: 3.9937700394733544 vs. 3.9937700394733544
list:
dist: 3.1945550036200343 vs. 3.1945550036200343
list:
dist: 3.2883405707226583 vs. 3.2883405707226583
list:
dist: 1.24951836347079 vs. 1.24951836347079
list:
dist: 1.223303776551409 vs. 1.223303776551409
list:
dist: 2.6606377947150532 vs. 2.6606377947150532
list:
dist: 2.0743860673022634 vs. 2.0743860673022634
list:
dist: 1.7673603102156912 vs. 1.7673603102156912
list:
dist: 1.6969240796286518 vs. 1.6969240796286518
list:
dist: 2.218566226066437 vs. 2.218566226066437
list:
dist: 2.6757693558224935 vs. 2.6757693558224935
list:
dist: 3.087754302452742 vs. 3.087754302452742
list:
dist: 1.9109690703414899 vs. 1.9109690703414899
list:
dist: 1.546584045977401 vs. 1.546584045977401
list:
dist: 1.6646005056354891 vs. 1.6646005056354891
list:
dist: 2.108479082973177 vs. 2.108479082973177
list:
dist: 2.070613198046207 vs. 2.070613198046207
list:
dist: 2.6606377947150532 vs. 2.6606377947150532
list:
dist: 1.492951579291978 vs. 1.492951579291978
list:
dist: 1.148777478804403 vs. 1.148777478804403
list:
dist: 1.1541729528848437 vs. 1.1541729528848437
list:
dist: 1.9842598067327657 vs. 1.9842598067327657
list:
dist: 0.7249528220623824 vs. 0.7249528220623824
list:
dist: 0.798247565555064 vs. 0.798247565555064
list:
dist: 1.1589377269479215 vs. 1.1589377269479215
list:
dist: 2.7175326101825745 vs. 2.7175326101825745
list:
dist: 2.901497169620989 vs. 2.901497169620989
list:
dist: 2.1695032749852787 vs. 2.1695032749852787
list:
dist: 1.9870011016745828 vs. 1.9870011016745828
list:
dist: 2.467940319589064 vs. 2.467940319589064
list:
dist: 2.2747156670195006 vs. 2.2747156670195006
list:
dist: 2.6387072704134242 vs. 2.6387072704134242
list:
dist: 2.2067591737924994 vs. 2.2067591737924994
list:
dist: 1.5505220425603397 vs. 1.5505220425603397
list:
dist: 3.521158440132374 vs. 3.521158440132374
list:
dist: 3.9571280340767747 vs. 3.9571280340767747
list:
dist: 4.248516271612672 vs. 4.248516271612672
list:
dist: 2.872886754379048 vs. 2.872886754379048
list:
dist: 3.749599565775964 vs. 3.749599565775964
list:
dist: 3.3274187527482053 vs. 3.3274187527482053
list:
dist: 3.2419867249825964 vs. 3.2419867249825964
list:
dist: 2.2223729696824908 vs. 2.2223729696824908
list:
dist: 1.5505220425603397 vs. 1.5505220425603397
list:
dist: 1.425074247822659 vs. 1.425074247822659
list:
dist: 2.4271620464140455 vs. 2.4271620464140455
list:
dist: 2.2744375987378085 vs. 2.2744375987378085
list:
dist: 2.0284642254301257 vs. 2.0284642254301257
list:
dist: 1.4157763945364534 vs. 1.4157763945364534
list:
dist: 0.5574701600278199 vs. 0.5574701600278199
list:
dist: 2.65687415424924 vs. 2.65687415424924
list:
dist: 3.182098090434441 vs. 3.182098090434441
list:
dist: 2.40130129097693 vs. 2.40130129097693
list:
dist: 1.6417190009709959 vs. 1.6417190009709959
list:
dist: 1.5652799298166 vs. 1.5652799298166
list:
dist: 1.1960311845249718 vs. 1.1960311845249718
list:
dist: 1.1358828606193472 vs. 1.1358828606193472
list:
dist: 0.7161110869194557 vs. 0.7161110869194557
list:
dist: 2.10629494145651 vs. 2.10629494145651
list:
dist: 3.0383290365376174 vs. 3.0383290365376174
list:
dist: 3.4144367169258105 vs. 3.4144367169258105
list:
dist: 2.212386943286193 vs. 2.212386943286193
list:
dist: 2.6071199807849386 vs. 2.6071199807849386
list:
dist: 2.760963549866054 vs. 2.760963549866054
list:
dist: 2.4087899813536082 vs. 2.4087899813536082
list:
dist: 2.1798624272322167 vs. 2.1798624272322167
list:
dist: 2.9922841793007997 vs. 2.9922841793007997
list:
dist: 3.2658086462517577 vs. 3.2658086462517577
list:
dist: 2.6387072704134242 vs. 2.6387072704134242
list:
dist: 2.5000618174422384 vs. 2.5000618174422384
list:
dist: 3.557512128148124 vs. 3.557512128148124
list:
dist: 3.2497053625012007 vs. 3.2497053625012007
list:
dist: 3.081980094567533 vs. 3.081980094567533
list:
dist: 2.364619462777607 vs. 2.364619462777607
list:
dist: 1.661684914825917 vs. 1.661684914825917
list:
dist: 3.443611566827158 vs. 3.443611566827158
list:
dist: 4.071367635556077 vs. 4.071367635556077
list:
dist: 3.342334400311685 vs. 3.342334400311685
list:
dist: 2.370836364547297 vs. 2.370836364547297
list:
dist: 2.0449615364327403 vs. 2.0449615364327403
list:
dist: 1.6398523322047138 vs. 1.6398523322047138
list:
dist: 0.8199743718734096 vs. 0.8199743718734096
list:
dist: 1.1358828606193472 vs. 1.1358828606193472
list:
dist: 1.6950756421662305 vs. 1.6950756421662305
list:
dist: 3.1800845163082694 vs. 3.1800845163082694
list:
dist: 3.5939901198267923 vs. 3.5939901198267923
list:
dist: 2.6793337953286147 vs. 2.6793337953286147
list:
dist: 2.5563269140231064 vs. 2.5563269140231064
list:
dist: 3.176662953824289 vs. 3.176662953824289
list:
dist: 2.7202563399082527 vs. 2.7202563399082527
list:
dist: 1.6036806358918396 vs. 1.6036806358918396
list:
dist: 2.482629404577468 vs. 2.482629404577468
list:
dist: 2.5566345653956972 vs. 2.5566345653956972
list:
dist: 1.7816587863788216 vs. 1.7816587863788216
list:
dist: 1.8433109002966168 vs. 1.8433109002966168
list:
dist: 2.951489528766542 vs. 2.951489528766542
list:
dist: 2.155851697729192 vs. 2.155851697729192
list:
dist: 3.2599784345056952 vs. 3.2599784345056952
list:
dist: 2.1921112070139896 vs. 2.1921112070139896
list:
dist: 1.642831580212707 vs. 1.642831580212707
list:
dist: 2.1172616215681597 vs. 2.1172616215681597
list:
dist: 2.872886754379048 vs. 2.872886754379048
list:
dist: 1.780874872173871 vs. 1.780874872173871
list:
dist: 2.8610017972629906 vs. 2.8610017972629906
list:
dist: 1.6250477601721653 vs. 1.6250477601721653
list:
dist: 2.975650319389529 vs. 2.975650319389529
list:
dist: 2.7458780826303446 vs. 2.7458780826303446
list:
dist: 2.2037135656073406 vs. 2.2037135656073406
list:
dist: 1.161166049777487 vs. 1.161166049777487
list:
dist: 1.8617652562737999 vs. 1.8617652562737999
list:
dist: 1.5414731277303546 vs. 1.5414731277303546
list:
dist: 1.1752380598459977 vs. 1.1752380598459977
list:
dist: 1.0980564930988845 vs. 1.0980564930988845
list:
dist: 1.692639068055262 vs. 1.692639068055262
list:
dist: 2.6793337953286147 vs. 2.6793337953286147
list:
dist: 2.151032842869408 vs. 2.151032842869408
list:
dist: 2.212386943286193 vs. 2.212386943286193
list:
dist: 1.9040217024215098 vs. 1.9040217024215098
list:
dist: 1.5844861448123602 vs. 1.5844861448123602
list:
dist: 1.8324396442657531 vs. 1.8324396442657531
list:
dist: 1.4688150119242067 vs. 1.4688150119242067
list:
dist: 0.6445436593883015 vs. 0.6445436593883015
list:
dist: 0.6635473594073231 vs. 0.6635473594073231
list:
dist: 2.5147234795431705 vs. 2.5147234795431705
list:
dist: 2.663525792362965 vs. 2.663525792362965
list:
dist: 1.9109690703414899 vs. 1.9109690703414899
list:
dist: 1.683259004909983 vs. 1.683259004909983
list:
dist: 2.7175326101825745 vs. 2.7175326101825745
list:
dist: 1.597706832752977 vs. 1.597706832752977
list:
dist: 2.2818548673549706 vs. 2.2818548673549706
list:
dist: 0.8270885452479145 vs. 0.8270885452479145
list:
dist: 2.759037558900368 vs. 2.759037558900368
list:
dist: 2.8435339241801203 vs. 2.8435339241801203
list:
dist: 2.3944475043347078 vs. 2.3944475043347078
list:
dist: 0.7308176918374136 vs. 0.7308176918374136
list:
dist: 0.6471105410935808 vs. 0.6471105410935808
list:
dist: 1.5954184572187862 vs. 1.5954184572187862
list:
dist: 1.592277951934517 vs. 1.592277951934517
list:
dist: 2.1208550440660603 vs. 2.1208550440660603
list:
dist: 3.443611566827158 vs. 3.443611566827158
list:
dist: 2.759079549181016 vs. 2.759079549181016
list:
dist: 2.65687415424924 vs. 2.65687415424924
list:
dist: 2.871010036250844 vs. 2.871010036250844
list:
dist: 2.0790409216976684 vs. 2.0790409216976684
list:
dist: 2.1662005862861338 vs. 2.1662005862861338
list:
dist: 1.161166049777487 vs. 1.161166049777487
list:
dist: 2.3128343691986704 vs. 2.3128343691986704
list:
dist: 1.3721469249972833 vs. 1.3721469249972833
list:
dist: 1.4407273604443407 vs. 1.4407273604443407
list:
dist: 2.2557260132069348 vs. 2.2557260132069348
list:
dist: 2.6757693558224935 vs. 2.6757693558224935
list:
dist: 1.5439484570764281 vs. 1.5439484570764281
list:
dist: 0.798247565555064 vs. 0.798247565555064
list:
dist: 1.3324632557599236 vs. 1.3324632557599236
list:
dist: 1.615144255340348 vs. 1.615144255340348
list:
dist: 2.2518148046580766 vs. 2.2518148046580766
list:
dist: 0.7932406949730162 vs. 0.7932406949730162
list:
dist: 1.29568010994289 vs. 1.29568010994289
list:
dist: 2.8435339241801203 vs. 2.8435339241801203
list:
dist: 3.1112599911132905 vs. 3.1112599911132905
list:
dist: 2.4041115245878673 vs. 2.4041115245878673
list:
dist: 1.6759951331099678 vs. 1.6759951331099678
list:
dist: 2.522686555883477 vs. 2.522686555883477
list:
dist: 2.3817440495710076 vs. 2.3817440495710076
list:
dist: 2.364619462777607 vs. 2.364619462777607
list:
dist: 2.1262953807122433 vs. 2.1262953807122433
list:
dist: 1.4157763945364534 vs. 1.4157763945364534
list:
dist: 3.3544656662697463 vs. 3.3544656662697463
list:
dist: 4.002125280152872 vs. 4.002125280152872
list:
dist: 4.323838135265521 vs. 4.323838135265521
list:
dist: 2.7458780826303446 vs. 2.7458780826303446
list:
dist: 3.682116572964865 vs. 3.682116572964865
list:
dist: 3.1257341092588202 vs. 3.1257341092588202
list:
dist: 3.197874640004785 vs. 3.197874640004785
list:
dist: 3.419597216956966 vs. 3.419597216956966
list:
dist: 3.749599565775964 vs. 3.749599565775964
list:
dist: 2.800178671224866 vs. 2.800178671224866
list:
dist: 3.9937700394733544 vs. 3.9937700394733544
list:
dist: 2.7456666919497463 vs. 2.7456666919497463
list:
dist: 4.066380500518154 vs. 4.066380500518154
list:
dist: 3.682116572964865 vs. 3.682116572964865
list:
dist: 2.737824396596468 vs. 2.737824396596468
list:
dist: 2.3128343691986704 vs. 2.3128343691986704
list:
dist: 3.0209869674941654 vs. 3.0209869674941654
list:
dist: 2.6892813861397453 vs. 2.6892813861397453
list:
dist: 2.4120402872300777 vs. 2.4120402872300777
list:
dist: 1.3182211428831279 vs. 1.3182211428831279
list:
dist: 1.675716893940261 vs. 1.675716893940261
list:
dist: 2.5563269140231064 vs. 2.5563269140231064
list:
dist: 2.1243268801759494 vs. 2.1243268801759494
list:
dist: 2.6071199807849386 vs. 2.6071199807849386
list:
dist: 1.0043955569019614 vs. 1.0043955569019614
list:
dist: 0.7564202885486104 vs. 0.7564202885486104
list:
dist: 1.1503161439305027 vs. 1.1503161439305027
list:
dist: 1.4688150119242067 vs. 1.4688150119242067
list:
dist: 1.8124445650825503 vs. 1.8124445650825503
list:
dist: 0.8976590618372042 vs. 0.8976590618372042
list:
dist: 1.158955223040912 vs. 1.158955223040912
list:
dist: 1.5363868445122861 vs. 1.5363868445122861
list:
dist: 2.218566226066437 vs. 2.218566226066437
list:
dist: 1.1982337810822195 vs. 1.1982337810822195
list:
dist: 0.7249528220623824 vs. 0.7249528220623824
list:
dist: 1.3496861934321844 vs. 1.3496861934321844
list:
dist: 0.9646168233107459 vs. 0.9646168233107459
list:
dist: 2.056307519316866 vs. 2.056307519316866
list:
dist: 0.7932406949730162 vs. 0.7932406949730162
list:
dist: 1.719829185550359 vs. 1.719829185550359
list:
dist: 2.759037558900368 vs. 2.759037558900368
list:
dist: 2.838438711559976 vs. 2.838438711559976
list:
dist: 2.21728973740932 vs. 2.21728973740932
list:
dist: 1.9489201526090232 vs. 1.9489201526090232
list:
dist: 2.832336186663546 vs. 2.832336186663546
list:
dist: 2.7693600517341777 vs. 2.7693600517341777
list:
dist: 3.081980094567533 vs. 3.081980094567533
list:
dist: 2.71256722673915 vs. 2.71256722673915
list:
dist: 2.0284642254301257 vs. 2.0284642254301257
list:
dist: 3.899454139068681 vs. 3.899454139068681
list:
dist: 4.258405076885487 vs. 4.258405076885487
list:
dist: 4.529170182108729 vs. 4.529170182108729
list:
dist: 2.975650319389529 vs. 2.975650319389529
list:
dist: 4.066380500518154 vs. 4.066380500518154
list:
dist: 3.3125943964775546 vs. 3.3125943964775546
list:
dist: 3.4567455806031746 vs. 3.4567455806031746
list:
dist: 2.9185680887829872 vs. 2.9185680887829872
list:
dist: 3.087754302452742 vs. 3.087754302452742
list:
dist: 1.8924423610742744 vs. 1.8924423610742744
list:
dist: 1.1589377269479215 vs. 1.1589377269479215
list:
dist: 1.0347541805478766 vs. 1.0347541805478766
list:
dist: 1.9657398057155215 vs. 1.9657398057155215
list:
dist: 1.8869349391705283 vs. 1.8869349391705283
list:
dist: 1.719829185550359 vs. 1.719829185550359
list:
dist: 1.29568010994289 vs. 1.29568010994289
list:
dist: 2.3944475043347078 vs. 2.3944475043347078
list:
dist: 2.841502538557167 vs. 2.841502538557167
list:
dist: 2.038701147268911 vs. 2.038701147268911
list:
dist: 1.6279651074267043 vs. 1.6279651074267043
list:
dist: 1.517952000443219 vs. 1.517952000443219
list:
dist: 1.18170641920915 vs. 1.18170641920915
list:
dist: 1.661684914825917 vs. 1.661684914825917
list:
dist: 1.0735629454828872 vs. 1.0735629454828872
list:
dist: 0.5574701600278199 vs. 0.5574701600278199
list:
dist: 2.4125853337201346 vs. 2.4125853337201346
list:
dist: 3.0408044579570706 vs. 3.0408044579570706
list:
dist: 3.3813939409407894 vs. 3.3813939409407894
list:
dist: 2.2037135656073406 vs. 2.2037135656073406
list:
dist: 2.737824396596468 vs. 2.737824396596468
list:
dist: 2.7735490379444565 vs. 2.7735490379444565
list:
dist: 2.41423474495229 vs. 2.41423474495229
list:
dist: 1.2727578691298926 vs. 1.2727578691298926
list:
dist: 1.223303776551409 vs. 1.223303776551409
list:
dist: 1.492951579291978 vs. 1.492951579291978
list:
dist: 0.9286223697749804 vs. 0.9286223697749804
list:
dist: 0.939254597359991 vs. 0.939254597359991
list:
dist: 1.1033289711387353 vs. 1.1033289711387353
list:
dist: 1.1982337810822195 vs. 1.1982337810822195
list:
dist: 1.5439484570764281 vs. 1.5439484570764281
list:
dist: 1.8924423610742744 vs. 1.8924423610742744
list:
dist: 1.683259004909983 vs. 1.683259004909983
list:
dist: 1.7038471550993786 vs. 1.7038471550993786
list:
dist: 1.20265946642907 vs. 1.20265946642907
list:
dist: 1.3134242290244045 vs. 1.3134242290244045
list:
dist: 2.2918643499162092 vs. 2.2918643499162092
list:
dist: 2.496302646881258 vs. 2.496302646881258
list:
dist: 3.2658086462517577 vs. 3.2658086462517577
list:
dist: 2.735838650169483 vs. 2.735838650169483
list:
dist: 2.2223729696824908 vs. 2.2223729696824908
list:
dist: 3.5304078122749036 vs. 3.5304078122749036
list:
dist: 3.4741706424605203 vs. 3.4741706424605203
list:
dist: 3.679870699885718 vs. 3.679870699885718
list:
dist: 2.1172616215681597 vs. 2.1172616215681597
list:
dist: 3.419597216956966 vs. 3.419597216956966
list:
dist: 2.353378041517877 vs. 2.353378041517877
list:
dist: 2.6498416878699054 vs. 2.6498416878699054
list:
dist: 2.3474284204071028 vs. 2.3474284204071028
list:
dist: 1.546584045977401 vs. 1.546584045977401
list:
dist: 1.7038471550993786 vs. 1.7038471550993786
list:
dist: 2.901497169620989 vs. 2.901497169620989
list:
dist: 1.911976800918847 vs. 1.911976800918847
list:
dist: 2.177038091479294 vs. 2.177038091479294
list:
dist: 0.9765317250896661 vs. 0.9765317250896661
list:
dist: 2.838438711559976 vs. 2.838438711559976
list:
dist: 3.1112599911132905 vs. 3.1112599911132905
list:
dist: 2.841502538557167 vs. 2.841502538557167
list:
dist: 0.7308176918374136 vs. 0.7308176918374136
list:
dist: 0.805360860669387 vs. 0.805360860669387
list:
dist: 2.0828226266825336 vs. 2.0828226266825336
list:
dist: 2.272209765560583 vs. 2.272209765560583
list:
dist: 2.7424797250428155 vs. 2.7424797250428155
list:
dist: 4.071367635556077 vs. 4.071367635556077
list:
dist: 3.374507962816718 vs. 3.374507962816718
list:
dist: 3.182098090434441 vs. 3.182098090434441
list:
dist: 3.597935759462969 vs. 3.597935759462969
list:
dist: 2.7088137184475864 vs. 2.7088137184475864
list:
dist: 2.725797518661095 vs. 2.725797518661095
list:
dist: 1.8617652562737999 vs. 1.8617652562737999
list:
dist: 3.0209869674941654 vs. 3.0209869674941654
list:
dist: 1.9458539439657463 vs. 1.9458539439657463
list:
dist: 2.1544006100168835 vs. 2.1544006100168835
list:
dist: 3.4741706424605203 vs. 3.4741706424605203
list:
dist: 3.9571280340767747 vs. 3.9571280340767747
list:
dist: 2.9248089593699214 vs. 2.9248089593699214
list:
dist: 4.011936524621521 vs. 4.011936524621521
list:
dist: 2.620941199061227 vs. 2.620941199061227
list:
dist: 4.258405076885487 vs. 4.258405076885487
list:
dist: 4.002125280152872 vs. 4.002125280152872
list:
dist: 3.0408044579570706 vs. 3.0408044579570706
list:
dist: 2.0790409216976684 vs. 2.0790409216976684
list:
dist: 2.7088137184475864 vs. 2.7088137184475864
list:
dist: 2.531737740022219 vs. 2.531737740022219
list:
dist: 2.675882563644908 vs. 2.675882563644908
list:
dist: 1.5270164418291554 vs. 1.5270164418291554
list:
dist: 1.9763882919915898 vs. 1.9763882919915898
list:
dist: 3.1800845163082694 vs. 3.1800845163082694
list:
dist: 2.62188020420582 vs. 2.62188020420582
list:
dist: 3.0383290365376174 vs. 3.0383290365376174
list:
dist: 1.7299395267328088 vs. 1.7299395267328088
list:
dist: 0.4165238547612078 vs. 0.4165238547612078
list:
dist: 1.5844861448123602 vs. 1.5844861448123602
list:
dist: 0.7564202885486104 vs. 0.7564202885486104
list:
dist: 1.8657468495516338 vs. 1.8657468495516338
list:
dist: 0.9280168421425395 vs. 0.9280168421425395
list:
dist: 1.7416567708714945 vs. 1.7416567708714945
list:
dist: 2.5566345653956972 vs. 2.5566345653956972
list:
dist: 3.253355242595082 vs. 3.253355242595082
list:
dist: 2.386836731840786 vs. 2.386836731840786
list:
dist: 1.866660829243503 vs. 1.866660829243503
list:
dist: 1.1946210411912106 vs. 1.1946210411912106
list:
dist: 1.327947241022359 vs. 1.327947241022359
list:
dist: 1.125966865752695 vs. 1.125966865752695
list:
dist: 2.245123414817153 vs. 2.245123414817153
list:
dist: 2.502868912127815 vs. 2.502868912127815
list:
dist: 1.956808589752989 vs. 1.956808589752989
list:
dist: 1.1249121502572323 vs. 1.1249121502572323
list:
dist: 3.0053082653980105 vs. 3.0053082653980105
list:
dist: 4.945657820749409 vs. 4.945657820749409
list:
dist: 2.5840010071255004 vs. 2.5840010071255004
list:
dist: 3.0215265583578663 vs. 3.0215265583578663
list:
dist: 2.5845212577911436 vs. 2.5845212577911436
list:
dist: 2.2343422781315927 vs. 2.2343422781315927
list:
dist: 2.9167641307532515 vs. 2.9167641307532515
list:
dist: 2.73074129366758 vs. 2.73074129366758
list:
dist: 2.0641857219278537 vs. 2.0641857219278537
list:
dist: 1.6969240796286518 vs. 1.6969240796286518
list:
dist: 1.1033289711387353 vs. 1.1033289711387353
list:
dist: 1.9842598067327657 vs. 1.9842598067327657
list:
dist: 0.9732517230289981 vs. 0.9732517230289981
list:
dist: 1.4953267425950179 vs. 1.4953267425950179
list:
dist: 2.056307519316866 vs. 2.056307519316866
list:
dist: 2.2518148046580766 vs. 2.2518148046580766
list:
dist: 1.8869349391705283 vs. 1.8869349391705283
list:
dist: 0.8270885452479145 vs. 0.8270885452479145
list:
dist: 0.9765317250896661 vs. 0.9765317250896661
list:
dist: 0.1964082031046312 vs. 0.1964082031046312
list:
dist: 1.504782023550372 vs. 1.504782023550372
list:
dist: 1.6586222578205827 vs. 1.6586222578205827
list:
dist: 1.9817999141831175 vs. 1.9817999141831175
list:
dist: 3.2497053625012007 vs. 3.2497053625012007
list:
dist: 2.539566576907436 vs. 2.539566576907436
list:
dist: 2.2744375987378085 vs. 2.2744375987378085
list:
dist: 3.0832859914071125 vs. 3.0832859914071125
list:
dist: 2.620941199061227 vs. 2.620941199061227
list:
dist: 2.771961601570498 vs. 2.771961601570498
list:
dist: 1.6250477601721653 vs. 1.6250477601721653
list:
dist: 2.7456666919497463 vs. 2.7456666919497463
list:
dist: 1.9806746877474268 vs. 1.9806746877474268
list:
dist: 1.9550566825469895 vs. 1.9550566825469895
list:
dist: 2.735838650169483 vs. 2.735838650169483
list:
dist: 2.2067591737924994 vs. 2.2067591737924994
list:
dist: 1.8773010254920954 vs. 1.8773010254920954
list:
dist: 2.9948856403932496 vs. 2.9948856403932496
list:
dist: 2.539566576907436 vs. 2.539566576907436
list:
dist: 2.71256722673915 vs. 2.71256722673915
list:
dist: 2.1262953807122433 vs. 2.1262953807122433
list:
dist: 1.0735629454828872 vs. 1.0735629454828872
list:
dist: 2.759079549181016 vs. 2.759079549181016
list:
dist: 3.374507962816718 vs. 3.374507962816718
list:
dist: 2.635008173032845 vs. 2.635008173032845
list:
dist: 1.956489510828877 vs. 1.956489510828877
list:
dist: 1.3277089977452725 vs. 1.3277089977452725
list:
dist: 0.8444994346894309 vs. 0.8444994346894309
list:
dist: 0.8199743718734096 vs. 0.8199743718734096
list:
dist: 0.7161110869194557 vs. 0.7161110869194557
list:
dist: 1.5082446460190462 vs. 1.5082446460190462
list:
dist: 2.62188020420582 vs. 2.62188020420582
list:
dist: 3.0192194443295435 vs. 3.0192194443295435
list:
dist: 2.151032842869408 vs. 2.151032842869408
list:
dist: 2.1243268801759494 vs. 2.1243268801759494
list:
dist: 2.7333433020021265 vs. 2.7333433020021265
list:
dist: 2.1564179743688303 vs. 2.1564179743688303
list:
dist: 1.5929835902793597 vs. 1.5929835902793597
list:
dist: 2.3466724491368907 vs. 2.3466724491368907
list:
dist: 3.679870699885718 vs. 3.679870699885718
list:
dist: 4.248516271612672 vs. 4.248516271612672
list:
dist: 3.1889436317713766 vs. 3.1889436317713766
list:
dist: 4.2130668443451125 vs. 4.2130668443451125
list:
dist: 2.771961601570498 vs. 2.771961601570498
list:
dist: 4.529170182108729 vs. 4.529170182108729
list:
dist: 4.323838135265521 vs. 4.323838135265521
list:
dist: 3.3813939409407894 vs. 3.3813939409407894
list:
dist: 2.1662005862861338 vs. 2.1662005862861338
list:
dist: 2.725797518661095 vs. 2.725797518661095
list:
dist: 2.66329766874779 vs. 2.66329766874779
list:
dist: 2.962126441033664 vs. 2.962126441033664
list:
dist: 1.8730948642198961 vs. 1.8730948642198961
list:
dist: 2.33842788952759 vs. 2.33842788952759
list:
dist: 3.5939901198267923 vs. 3.5939901198267923
list:
dist: 3.0192194443295435 vs. 3.0192194443295435
list:
dist: 3.4144367169258105 vs. 3.4144367169258105
list:
dist: 2.1348209725010703 vs. 2.1348209725010703
list:
dist: 0.4165238547612078 vs. 0.4165238547612078
list:
dist: 1.8324396442657531 vs. 1.8324396442657531
list:
dist: 1.1503161439305027 vs. 1.1503161439305027
list:
dist: 2.025699594790276 vs. 2.025699594790276
list:
dist: 1.216793979490954 vs. 1.216793979490954
list:
dist: 2.0562188811612385 vs. 2.0562188811612385
list:
dist: 2.2918643499162092 vs. 2.2918643499162092
list:
dist: 2.467940319589064 vs. 2.467940319589064
list:
dist: 1.5409376183568038 vs. 1.5409376183568038
list:
dist: 2.734272750147592 vs. 2.734272750147592
list:
dist: 1.6586222578205827 vs. 1.6586222578205827
list:
dist: 2.832336186663546 vs. 2.832336186663546
list:
dist: 2.522686555883477 vs. 2.522686555883477
list:
dist: 1.517952000443219 vs. 1.517952000443219
list:
dist: 1.592277951934517 vs. 1.592277951934517
list:
dist: 2.272209765560583 vs. 2.272209765560583
list:
dist: 1.6751961826903379 vs. 1.6751961826903379
list:
dist: 1.5383796982315432 vs. 1.5383796982315432
list:
dist: 0.6348823642365913 vs. 0.6348823642365913
list:
dist: 2.0449615364327403 vs. 2.0449615364327403
list:
dist: 1.3277089977452725 vs. 1.3277089977452725
list:
dist: 1.5652799298166 vs. 1.5652799298166
list:
dist: 1.4658923233320749 vs. 1.4658923233320749
list:
dist: 1.5270164418291554 vs. 1.5270164418291554
list:
dist: 1.8730948642198961 vs. 1.8730948642198961
list:
dist: 1.0980564930988845 vs. 1.0980564930988845
list:
dist: 1.3182211428831279 vs. 1.3182211428831279
list:
dist: 1.7383839523318663 vs. 1.7383839523318663
list:
dist: 0.9752929077547996 vs. 0.9752929077547996
list:
dist: 2.4866420829071445 vs. 2.4866420829071445
list:
dist: 2.1609167263970965 vs. 2.1609167263970965
list:
dist: 2.068326853490403 vs. 2.068326853490403
list:
dist: 2.0743860673022634 vs. 2.0743860673022634
list:
dist: 0.9286223697749804 vs. 0.9286223697749804
list:
dist: 1.148777478804403 vs. 1.148777478804403
list:
dist: 1.2440397357648387 vs. 1.2440397357648387
list:
dist: 0.9732517230289981 vs. 0.9732517230289981
list:
dist: 1.3496861934321844 vs. 1.3496861934321844
list:
dist: 1.3324632557599236 vs. 1.3324632557599236
list:
dist: 1.0347541805478766 vs. 1.0347541805478766
list:
dist: 1.597706832752977 vs. 1.597706832752977
list:
dist: 1.911976800918847 vs. 1.911976800918847
list:
dist: 1.1325786521129029 vs. 1.1325786521129029
list:
dist: 1.118582555313755 vs. 1.118582555313755
list:
dist: 1.5409376183568038 vs. 1.5409376183568038
list:
dist: 1.6134221295319584 vs. 1.6134221295319584
list:
dist: 2.5000618174422384 vs. 2.5000618174422384
list:
dist: 1.8773010254920954 vs. 1.8773010254920954
list:
dist: 1.425074247822659 vs. 1.425074247822659
list:
dist: 2.8036140802280842 vs. 2.8036140802280842
list:
dist: 2.9248089593699214 vs. 2.9248089593699214
list:
dist: 3.1889436317713766 vs. 3.1889436317713766
list:
dist: 1.780874872173871 vs. 1.780874872173871
list:
dist: 2.800178671224866 vs. 2.800178671224866
list:
dist: 2.2434687792144237 vs. 2.2434687792144237
list:
dist: 2.1684577452537224 vs. 2.1684577452537224
list:
dist: 2.496302646881258 vs. 2.496302646881258
list:
dist: 2.2747156670195006 vs. 2.2747156670195006
list:
dist: 1.6134221295319584 vs. 1.6134221295319584
list:
dist: 2.771410951061384 vs. 2.771410951061384
list:
dist: 1.9817999141831175 vs. 1.9817999141831175
list:
dist: 2.7693600517341777 vs. 2.7693600517341777
list:
dist: 2.3817440495710076 vs. 2.3817440495710076
list:
dist: 1.18170641920915 vs. 1.18170641920915
list:
dist: 2.1208550440660603 vs. 2.1208550440660603
list:
dist: 2.7424797250428155 vs. 2.7424797250428155
list:
dist: 2.052579750233456 vs. 2.052579750233456
list:
dist: 1.8360590180557248 vs. 1.8360590180557248
list:
dist: 0.6348823642365913 vs. 0.6348823642365913
list:
dist: 1.6398523322047138 vs. 1.6398523322047138
list:
dist: 0.8444994346894309 vs. 0.8444994346894309
list:
dist: 1.1960311845249718 vs. 1.1960311845249718
list:
dist: 1.4831902294068473 vs. 1.4831902294068473
list:
dist: 1.9763882919915898 vs. 1.9763882919915898
list:
dist: 2.33842788952759 vs. 2.33842788952759
list:
dist: 1.692639068055262 vs. 1.692639068055262
list:
dist: 1.675716893940261 vs. 1.675716893940261
list:
dist: 2.3317125481366268 vs. 2.3317125481366268
list:
dist: 1.5773836337992322 vs. 1.5773836337992322
list:
dist: 1.9380229001441436 vs. 1.9380229001441436
list:
dist: 2.2198543005454243 vs. 2.2198543005454243
list:
dist: 2.4866420829071445 vs. 2.4866420829071445
list:
dist: 1.9380229001441436 vs. 1.9380229001441436
list:
dist: 1.6036806358918396 vs. 1.6036806358918396
list:
dist: 1.5929835902793597 vs. 1.5929835902793597
list:
dist: 2.1798624272322167 vs. 2.1798624272322167
list:
dist: 2.0247112591464282 vs. 2.0247112591464282
list:
dist: 2.353378041517877 vs. 2.353378041517877
list:
dist: 3.3274187527482053 vs. 3.3274187527482053
list:
dist: 2.2434687792144237 vs. 2.2434687792144237
list:
dist: 3.1945550036200343 vs. 3.1945550036200343
list:
dist: 1.9806746877474268 vs. 1.9806746877474268
list:
dist: 3.3125943964775546 vs. 3.3125943964775546
list:
dist: 3.1257341092588202 vs. 3.1257341092588202
list:
dist: 2.7735490379444565 vs. 2.7735490379444565
list:
dist: 1.3721469249972833 vs. 1.3721469249972833
list:
dist: 1.9458539439657463 vs. 1.9458539439657463
list:
dist: 1.857862365293085 vs. 1.857862365293085
list:
dist: 1.4556235844832457 vs. 1.4556235844832457
list:
dist: 1.7383839523318663 vs. 1.7383839523318663
list:
dist: 2.3317125481366268 vs. 2.3317125481366268
list:
dist: 3.176662953824289 vs. 3.176662953824289
list:
dist: 2.7333433020021265 vs. 2.7333433020021265
list:
dist: 2.760963549866054 vs. 2.760963549866054
list:
dist: 2.325911744636069 vs. 2.325911744636069
list:
dist: 1.8657468495516338 vs. 1.8657468495516338
list:
dist: 2.025699594790276 vs. 2.025699594790276
list:
dist: 0.6445436593883015 vs. 0.6445436593883015
list:
dist: 1.8124445650825503 vs. 1.8124445650825503
list:
dist: 1.0754081005147198 vs. 1.0754081005147198
list:
dist: 2.8360540217472 vs. 2.8360540217472
list:
dist: 2.1609167263970965 vs. 2.1609167263970965
list:
dist: 2.2198543005454243 vs. 2.2198543005454243
list:
dist: 2.482629404577468 vs. 2.482629404577468
list:
dist: 2.3466724491368907 vs. 2.3466724491368907
list:
dist: 2.9922841793007997 vs. 2.9922841793007997
list:
dist: 0.9186366836058592 vs. 0.9186366836058592
list:
dist: 1.7416567708714945 vs. 1.7416567708714945
list:
dist: 2.0562188811612385 vs. 2.0562188811612385
list:
dist: 2.5147234795431705 vs. 2.5147234795431705
list:
dist: 1.158955223040912 vs. 1.158955223040912
list:
dist: 2.8360540217472 vs. 2.8360540217472
list:
dist: 2.0328851630146203 vs. 2.0328851630146203
list:
dist: 2.6498416878699054 vs. 2.6498416878699054
list:
dist: 3.2419867249825964 vs. 3.2419867249825964
list:
dist: 2.1684577452537224 vs. 2.1684577452537224
list:
dist: 3.2883405707226583 vs. 3.2883405707226583
list:
dist: 1.9550566825469895 vs. 1.9550566825469895
list:
dist: 3.4567455806031746 vs. 3.4567455806031746
list:
dist: 3.197874640004785 vs. 3.197874640004785
list:
dist: 2.41423474495229 vs. 2.41423474495229
list:
dist: 1.4407273604443407 vs. 1.4407273604443407
list:
dist: 2.1544006100168835 vs. 2.1544006100168835
list:
dist: 1.8708464713559705 vs. 1.8708464713559705
list:
dist: 1.763093170633234 vs. 1.763093170633234
list:
dist: 0.9752929077547996 vs. 0.9752929077547996
list:
dist: 1.5773836337992322 vs. 1.5773836337992322
list:
dist: 2.7202563399082527 vs. 2.7202563399082527
list:
dist: 2.1564179743688303 vs. 2.1564179743688303
list:
dist: 2.4087899813536082 vs. 2.4087899813536082
list:
dist: 1.590748851239896 vs. 1.590748851239896
list:
dist: 0.9280168421425395 vs. 0.9280168421425395
list:
dist: 1.216793979490954 vs. 1.216793979490954
list:
dist: 0.6635473594073231 vs. 0.6635473594073231
list:
dist: 0.8976590618372042 vs. 0.8976590618372042
list:
dist: 1.0754081005147198 vs. 1.0754081005147198
list:
dist: 2.0328851630146203 vs. 2.0328851630146203
list:
dist: 3.5304078122749036 vs. 3.5304078122749036
list:
dist: 3.521158440132374 vs. 3.521158440132374
list:
dist: 2.8036140802280842 vs. 2.8036140802280842
list:
dist: 4.044937644595659 vs. 4.044937644595659
list:
dist: 3.0832859914071125 vs. 3.0832859914071125
list:
dist: 3.899454139068681 vs. 3.899454139068681
list:
dist: 3.3544656662697463 vs. 3.3544656662697463
list:
dist: 2.4125853337201346 vs. 2.4125853337201346
list:
dist: 2.871010036250844 vs. 2.871010036250844
list:
dist: 3.597935759462969 vs. 3.597935759462969
list:
dist: 3.083486416781813 vs. 3.083486416781813
list:
dist: 2.4115878885095237 vs. 2.4115878885095237
list:
dist: 1.4658923233320749 vs. 1.4658923233320749
list:
dist: 1.4831902294068473 vs. 1.4831902294068473
list:
dist: 1.6950756421662305 vs. 1.6950756421662305
list:
dist: 1.5082446460190462 vs. 1.5082446460190462
list:
dist: 2.10629494145651 vs. 2.10629494145651
list:
dist: 1.7299395267328088 vs. 1.7299395267328088
list:
dist: 2.1348209725010703 vs. 2.1348209725010703
list:
dist: 1.9040217024215098 vs. 1.9040217024215098
list:
dist: 1.0043955569019614 vs. 1.0043955569019614
list:
dist: 2.325911744636069 vs. 2.325911744636069
list:
dist: 1.590748851239896 vs. 1.590748851239896
list:
dist: 2.0247112591464282 vs. 2.0247112591464282
list:
dist: 0.9186366836058592 vs. 0.9186366836058592
list:
dist: 2.5483420402858656 vs. 2.5483420402858656
list:
dist: 2.108479082973177 vs. 2.108479082973177
list:
dist: 1.3134242290244045 vs. 1.3134242290244045
list:
dist: 1.9870011016745828 vs. 1.9870011016745828
list:
dist: 1.118582555313755 vs. 1.118582555313755
list:
dist: 2.107083274055543 vs. 2.107083274055543
list:
dist: 1.504782023550372 vs. 1.504782023550372
list:
dist: 1.9489201526090232 vs. 1.9489201526090232
list:
dist: 1.6759951331099678 vs. 1.6759951331099678
list:
dist: 1.6279651074267043 vs. 1.6279651074267043
list:
dist: 1.5954184572187862 vs. 1.5954184572187862
list:
dist: 2.0828226266825336 vs. 2.0828226266825336
list:
dist: 1.5285850764377353 vs. 1.5285850764377353
list:
dist: 1.5383796982315432 vs. 1.5383796982315432
list:
dist: 1.8360590180557248 vs. 1.8360590180557248
list:
dist: 2.370836364547297 vs. 2.370836364547297
list:
dist: 1.956489510828877 vs. 1.956489510828877
list:
dist: 1.6417190009709959 vs. 1.6417190009709959
list:
dist: 2.4115878885095237 vs. 2.4115878885095237
list:
dist: 2.675882563644908 vs. 2.675882563644908
list:
dist: 2.962126441033664 vs. 2.962126441033664
list:
dist: 1.1752380598459977 vs. 1.1752380598459977
list:
dist: 2.4120402872300777 vs. 2.4120402872300777
list:
dist: 1.4556235844832457 vs. 1.4556235844832457
list:
dist: 1.763093170633234 vs. 1.763093170633234
list:
dist: 2.951489528766542 vs. 2.951489528766542
list:
dist: 2.1910532300458803 vs. 2.1910532300458803
list:
dist: 1.4735827209266192 vs. 1.4735827209266192
list:
dist: 0.8280437722666004 vs. 0.8280437722666004
list:
dist: 1.125966865752695 vs. 1.125966865752695
list:
dist: 1.2268159972417039 vs. 1.2268159972417039
list:
dist: 1.4841102882077377 vs. 1.4841102882077377
list:
dist: 2.1058886616629544 vs. 2.1058886616629544
list:
dist: 1.7114305890527595 vs. 1.7114305890527595
list:
dist: 2.1838469169162287 vs. 2.1838469169162287
list:
dist: 1.86054307559768 vs. 1.86054307559768
list:
dist: 2.1475127677370764 vs. 2.1475127677370764
list:
dist: 4.02895776297133 vs. 4.02895776297133
list:
dist: 2.09156699979332 vs. 2.09156699979332
list:
dist: 2.8262194212781258 vs. 2.8262194212781258
list:
dist: 2.504235794417741 vs. 2.504235794417741
list:
dist: 1.5194241647318327 vs. 1.5194241647318327
list:
dist: 2.129979721588334 vs. 2.129979721588334
list:
dist: 2.589632132952065 vs. 2.589632132952065
list:
dist: 3.0279674584683676 vs. 3.0279674584683676
list:
dist: 3.212905443651984 vs. 3.212905443651984
list:
dist: 3.2599784345056952 vs. 3.2599784345056952
list:
dist: 2.2555303681115055 vs. 2.2555303681115055
list:
dist: 2.254184121761044 vs. 2.254184121761044
list:
dist: 1.8319263201086127 vs. 1.8319263201086127
list:
dist: 2.502868912127815 vs. 2.502868912127815
list:
dist: 1.8074785252869394 vs. 1.8074785252869394
list:
dist: 1.7638077577161781 vs. 1.7638077577161781
list:
dist: 1.7114305890527595 vs. 1.7114305890527595
list:
dist: 1.4404140640229746 vs. 1.4404140640229746
list:
dist: 1.967936366546083 vs. 1.967936366546083
list:
dist: 2.5840970936190004 vs. 2.5840970936190004
list:
dist: 1.635172823740944 vs. 1.635172823740944
list:
dist: 3.1186780231990983 vs. 3.1186780231990983
list:
dist: 2.3128893265125265 vs. 2.3128893265125265
list:
dist: 2.0231732439282335 vs. 2.0231732439282335
list:
dist: 2.317138653294282 vs. 2.317138653294282
list:
dist: 0.9567745717880257 vs. 0.9567745717880257
list:
dist: 0.5183863063758618 vs. 0.5183863063758618
list:
dist: 1.655216947472858 vs. 1.655216947472858
list:
dist: 1.6489259579073317 vs. 1.6489259579073317
list:
dist: 2.062793794545053 vs. 2.062793794545053
list:
dist: 1.9774917981503242 vs. 1.9774917981503242
list:
dist: 1.4099492184344309 vs. 1.4099492184344309
list:
dist: 3.253355242595082 vs. 3.253355242595082
list:
dist: 3.231799667823334 vs. 3.231799667823334
list:
dist: 3.4163275916013798 vs. 3.4163275916013798
list:
dist: 2.1910532300458803 vs. 2.1910532300458803
list:
dist: 3.5658747408421885 vs. 3.5658747408421885
list:
dist: 2.2555303681115055 vs. 2.2555303681115055
list:
dist: 1.4419752499399598 vs. 1.4419752499399598
list:
dist: 2.444559250820293 vs. 2.444559250820293
list:
dist: 2.0925238493796265 vs. 2.0925238493796265
list:
dist: 3.511062945423881 vs. 3.511062945423881
list:
dist: 3.262729220423009 vs. 3.262729220423009
list:
dist: 2.0045284852107126 vs. 2.0045284852107126
list:
dist: 2.2885985414208854 vs. 2.2885985414208854
list:
dist: 3.669677158548416 vs. 3.669677158548416
list:
dist: 3.7617484293272416 vs. 3.7617484293272416
list:
dist: 1.9774917981503242 vs. 1.9774917981503242
list:
dist: 1.2778062599883941 vs. 1.2778062599883941
list:
dist: 2.386836731840786 vs. 2.386836731840786
list:
dist: 2.1408283958728425 vs. 2.1408283958728425
list:
dist: 2.55708488817985 vs. 2.55708488817985
list:
dist: 1.4735827209266192 vs. 1.4735827209266192
list:
dist: 2.9696348251685603 vs. 2.9696348251685603
list:
dist: 2.254184121761044 vs. 2.254184121761044
list:
dist: 2.7333750783185904 vs. 2.7333750783185904
list:
dist: 4.214860912253814 vs. 4.214860912253814
list:
dist: 3.1021387300016756 vs. 3.1021387300016756
list:
dist: 3.989601816908841 vs. 3.989601816908841
list:
dist: 3.8135144757679487 vs. 3.8135144757679487
list:
dist: 2.4659390243061803 vs. 2.4659390243061803
list:
dist: 2.656890622740856 vs. 2.656890622740856
list:
dist: 3.658826688069324 vs. 3.658826688069324
list:
dist: 3.836193833318467 vs. 3.836193833318467
list:
dist: 2.579653117856724 vs. 2.579653117856724
list:
dist: 2.1773587652468884 vs. 2.1773587652468884
list:
dist: 3.212905443651984 vs. 3.212905443651984
list:
dist: 1.3207927065328087 vs. 1.3207927065328087
list:
dist: 2.062793794545053 vs. 2.062793794545053
list:
dist: 1.5181786507497472 vs. 1.5181786507497472
list:
dist: 2.7776438174875895 vs. 2.7776438174875895
list:
dist: 1.681923393092645 vs. 1.681923393092645
list:
dist: 2.5127686784669216 vs. 2.5127686784669216
list:
dist: 2.395339907345268 vs. 2.395339907345268
list:
dist: 2.0263676771473724 vs. 2.0263676771473724
list:
dist: 0.8228250515858132 vs. 0.8228250515858132
list:
dist: 0.6245343931749623 vs. 0.6245343931749623
list:
dist: 2.747384008286517 vs. 2.747384008286517
list:
dist: 2.8635096560060047 vs. 2.8635096560060047
list:
dist: 2.373557950218058 vs. 2.373557950218058
list:
dist: 1.8819261937403688 vs. 1.8819261937403688
list:
dist: 4.463795878930042 vs. 4.463795878930042
list:
dist: 4.390714103248972 vs. 4.390714103248972
list:
dist: 2.266038973678583 vs. 2.266038973678583
list:
dist: 3.1022169384182883 vs. 3.1022169384182883
list:
dist: 1.697918260308672 vs. 1.697918260308672
list:
dist: 2.1921112070139896 vs. 2.1921112070139896
list:
dist: 1.956808589752989 vs. 1.956808589752989
list:
dist: 1.3675786937588723 vs. 1.3675786937588723
list:
dist: 0.875242439810564 vs. 0.875242439810564
list:
dist: 2.1838469169162287 vs. 2.1838469169162287
list:
dist: 0.7994605977039542 vs. 0.7994605977039542
list:
dist: 1.967936366546083 vs. 1.967936366546083
list:
dist: 1.2858716214574228 vs. 1.2858716214574228
list:
dist: 3.006265762096093 vs. 3.006265762096093
list:
dist: 1.9168455668111923 vs. 1.9168455668111923
list:
dist: 2.156385503659055 vs. 2.156385503659055
list:
dist: 2.060470576771496 vs. 2.060470576771496
list:
dist: 2.2376932868977946 vs. 2.2376932868977946
list:
dist: 1.130407725480443 vs. 1.130407725480443
list:
dist: 1.7666302256958082 vs. 1.7666302256958082
list:
dist: 1.5181786507497472 vs. 1.5181786507497472
list:
dist: 2.0925238493796265 vs. 2.0925238493796265
list:
dist: 3.1021387300016756 vs. 3.1021387300016756
list:
dist: 1.8421878783285213 vs. 1.8421878783285213
list:
dist: 2.5840010071255004 vs. 2.5840010071255004
list:
dist: 2.958592171734551 vs. 2.958592171734551
list:
dist: 2.8806073164420285 vs. 2.8806073164420285
list:
dist: 2.09156699979332 vs. 2.09156699979332
list:
dist: 3.104230382770499 vs. 3.104230382770499
list:
dist: 2.3128893265125265 vs. 2.3128893265125265
list:
dist: 3.006265762096093 vs. 3.006265762096093
list:
dist: 3.294622022755778 vs. 3.294622022755778
list:
dist: 1.1799568199607466 vs. 1.1799568199607466
list:
dist: 2.795700696477088 vs. 2.795700696477088
list:
dist: 2.139376726467906 vs. 2.139376726467906
list:
dist: 1.4553298430074877 vs. 1.4553298430074877
list:
dist: 1.372385382204871 vs. 1.372385382204871
list:
dist: 2.2716275909922063 vs. 2.2716275909922063
list:
dist: 2.718919909557086 vs. 2.718919909557086
list:
dist: 2.434107338367989 vs. 2.434107338367989
list:
dist: 3.096965141829309 vs. 3.096965141829309
list:
dist: 1.932318793039567 vs. 1.932318793039567
list:
dist: 2.1586968525773593 vs. 2.1586968525773593
list:
dist: 3.4309105124979555 vs. 3.4309105124979555
list:
dist: 4.044482948812349 vs. 4.044482948812349
list:
dist: 2.0045284852107126 vs. 2.0045284852107126
list:
dist: 2.4659390243061803 vs. 2.4659390243061803
list:
dist: 1.5302523712500455 vs. 1.5302523712500455
list:
dist: 2.2343422781315927 vs. 2.2343422781315927
list:
dist: 2.019244316045838 vs. 2.019244316045838
list:
dist: 1.9200098272702375 vs. 1.9200098272702375
list:
dist: 1.5194241647318327 vs. 1.5194241647318327
list:
dist: 1.8906123768910907 vs. 1.8906123768910907
list:
dist: 0.9567745717880257 vs. 0.9567745717880257
list:
dist: 2.060470576771496 vs. 2.060470576771496
list:
dist: 2.595593286879667 vs. 2.595593286879667
list:
dist: 1.0099105930050056 vs. 1.0099105930050056
list:
dist: 2.834477016962077 vs. 2.834477016962077
list:
dist: 1.372385382204871 vs. 1.372385382204871
list:
dist: 1.6082660519755867 vs. 1.6082660519755867
list:
dist: 1.546315736498209 vs. 1.546315736498209
list:
dist: 0.9950333463806795 vs. 0.9950333463806795
list:
dist: 1.7108133856873848 vs. 1.7108133856873848
list:
dist: 2.0059029108421047 vs. 2.0059029108421047
list:
dist: 2.395339907345268 vs. 2.395339907345268
list:
dist: 2.8961427874035666 vs. 2.8961427874035666
list:
dist: 3.646274495325397 vs. 3.646274495325397
list:
dist: 2.9458173357394863 vs. 2.9458173357394863
list:
dist: 1.9044854838601313 vs. 1.9044854838601313
list:
dist: 2.0479709880661603 vs. 2.0479709880661603
list:
dist: 2.579099863308395 vs. 2.579099863308395
list:
dist: 3.100108892826062 vs. 3.100108892826062
list:
dist: 3.857009290084089 vs. 3.857009290084089
list:
dist: 3.6528234381926126 vs. 3.6528234381926126
list:
dist: 1.642831580212707 vs. 1.642831580212707
list:
dist: 1.1249121502572323 vs. 1.1249121502572323
list:
dist: 0.9590503844135825 vs. 0.9590503844135825
list:
dist: 0.8414386755877519 vs. 0.8414386755877519
list:
dist: 1.86054307559768 vs. 1.86054307559768
list:
dist: 1.6876424667042857 vs. 1.6876424667042857
list:
dist: 2.5840970936190004 vs. 2.5840970936190004
list:
dist: 1.2858716214574228 vs. 1.2858716214574228
list:
dist: 3.294622022755778 vs. 3.294622022755778
list:
dist: 2.9608122357397724 vs. 2.9608122357397724
list:
dist: 2.8250475873530956 vs. 2.8250475873530956
list:
dist: 2.595593286879667 vs. 2.595593286879667
list:
dist: 3.004747397615419 vs. 3.004747397615419
list:
dist: 2.359028074605326 vs. 2.359028074605326
list:
dist: 2.9771048008474845 vs. 2.9771048008474845
list:
dist: 2.7776438174875895 vs. 2.7776438174875895
list:
dist: 1.4099492184344309 vs. 1.4099492184344309
list:
dist: 1.2778062599883941 vs. 1.2778062599883941
list:
dist: 1.866660829243503 vs. 1.866660829243503
list:
dist: 2.004048592475967 vs. 2.004048592475967
list:
dist: 2.2455374114789994 vs. 2.2455374114789994
list:
dist: 0.8280437722666004 vs. 0.8280437722666004
list:
dist: 2.69173610120219 vs. 2.69173610120219
list:
dist: 1.8319263201086127 vs. 1.8319263201086127
list:
dist: 1.7358159471816794 vs. 1.7358159471816794
list:
dist: 3.486196518730632 vs. 3.486196518730632
list:
dist: 1.8421878783285213 vs. 1.8421878783285213
list:
dist: 3.068855364476737 vs. 3.068855364476737
list:
dist: 2.7025227523503244 vs. 2.7025227523503244
list:
dist: 1.5302523712500455 vs. 1.5302523712500455
list:
dist: 2.135533736867898 vs. 2.135533736867898
list:
dist: 3.0203525173162595 vs. 3.0203525173162595
list:
dist: 3.348399670143515 vs. 3.348399670143515
list:
dist: 1.7816587863788216 vs. 1.7816587863788216
list:
dist: 3.231799667823334 vs. 3.231799667823334
list:
dist: 2.1408283958728425 vs. 2.1408283958728425
list:
dist: 2.004048592475967 vs. 2.004048592475967
list:
dist: 1.1946210411912106 vs. 1.1946210411912106
list:
dist: 0.4952311434789268 vs. 0.4952311434789268
list:
dist: 1.2268159972417039 vs. 1.2268159972417039
list:
dist: 1.287048703594566 vs. 1.287048703594566
list:
dist: 1.8074785252869394 vs. 1.8074785252869394
list:
dist: 1.3675786937588723 vs. 1.3675786937588723
list:
dist: 0.9590503844135825 vs. 0.9590503844135825
list:
dist: 2.9359190288424495 vs. 2.9359190288424495
list:
dist: 4.759425904239387 vs. 4.759425904239387
list:
dist: 2.958592171734551 vs. 2.958592171734551
list:
dist: 2.801973893977651 vs. 2.801973893977651
list:
dist: 2.767097347631826 vs. 2.767097347631826
list:
dist: 2.019244316045838 vs. 2.019244316045838
list:
dist: 2.2906716279101125 vs. 2.2906716279101125
list:
dist: 2.1625735032289612 vs. 2.1625735032289612
list:
dist: 2.6067070017824774 vs. 2.6067070017824774
list:
dist: 2.579653117856724 vs. 2.579653117856724
list:
dist: 2.155851697729192 vs. 2.155851697729192
list:
dist: 3.5658747408421885 vs. 3.5658747408421885
list:
dist: 2.9696348251685603 vs. 2.9696348251685603
list:
dist: 2.69173610120219 vs. 2.69173610120219
list:
dist: 2.245123414817153 vs. 2.245123414817153
list:
dist: 1.287048703594566 vs. 1.287048703594566
list:
dist: 0.9575897616120865 vs. 0.9575897616120865
list:
dist: 2.1058886616629544 vs. 2.1058886616629544
list:
dist: 1.4404140640229746 vs. 1.4404140640229746
list:
dist: 0.7994605977039542 vs. 0.7994605977039542
list:
dist: 1.6876424667042857 vs. 1.6876424667042857
list:
dist: 2.855928381408593 vs. 2.855928381408593
list:
dist: 4.424887336888351 vs. 4.424887336888351
list:
dist: 3.104230382770499 vs. 3.104230382770499
list:
dist: 2.07043481490095 vs. 2.07043481490095
list:
dist: 2.482818528346872 vs. 2.482818528346872
list:
dist: 1.8906123768910907 vs. 1.8906123768910907
list:
dist: 1.7457720746124648 vs. 1.7457720746124648
list:
dist: 1.1382876089887919 vs. 1.1382876089887919
list:
dist: 1.4151370251942716 vs. 1.4151370251942716
list:
dist: 1.3207927065328087 vs. 1.3207927065328087
list:
dist: 2.8344742004464387 vs. 2.8344742004464387
list:
dist: 3.294330796412807 vs. 3.294330796412807
list:
dist: 1.4109640152504355 vs. 1.4109640152504355
list:
dist: 2.2943265472297143 vs. 2.2943265472297143
list:
dist: 2.579099863308395 vs. 2.579099863308395
list:
dist: 2.2867408342641737 vs. 2.2867408342641737
list:
dist: 1.8231573305337743 vs. 1.8231573305337743
list:
dist: 1.5578677144500777 vs. 1.5578677144500777
list:
dist: 1.8819261937403688 vs. 1.8819261937403688
list:
dist: 3.510104665288014 vs. 3.510104665288014
list:
dist: 2.433156655289272 vs. 2.433156655289272
list:
dist: 4.485676495489032 vs. 4.485676495489032
list:
dist: 3.7252610040077743 vs. 3.7252610040077743
list:
dist: 4.362218077434204 vs. 4.362218077434204
list:
dist: 3.677399403644566 vs. 3.677399403644566
list:
dist: 1.0516536696318366 vs. 1.0516536696318366
list:
dist: 1.6132157237078713 vs. 1.6132157237078713
list:
dist: 1.3148429511033841 vs. 1.3148429511033841
list:
dist: 3.653905874631532 vs. 3.653905874631532
list:
dist: 3.5004756059587203 vs. 3.5004756059587203
list:
dist: 1.1345959730237172 vs. 1.1345959730237172
list:
dist: 1.6128478788874687 vs. 1.6128478788874687
list:
dist: 1.9065924136054067 vs. 1.9065924136054067
list:
dist: 4.3007538955915825 vs. 4.3007538955915825
list:
dist: 2.316159837929568 vs. 2.316159837929568
list:
dist: 1.6489669875137054 vs. 1.6489669875137054
list:
dist: 2.0990170111053854 vs. 2.0990170111053854
list:
dist: 1.932318793039567 vs. 1.932318793039567
list:
dist: 1.5079331269632599 vs. 1.5079331269632599
list:
dist: 1.7115585359821175 vs. 1.7115585359821175
list:
dist: 1.9044854838601313 vs. 1.9044854838601313
list:
dist: 2.048516425953203 vs. 2.048516425953203
list:
dist: 2.350367413754059 vs. 2.350367413754059
list:
dist: 2.3947891926855993 vs. 2.3947891926855993
list:
dist: 2.8635096560060047 vs. 2.8635096560060047
list:
dist: 2.0394505198951633 vs. 2.0394505198951633
list:
dist: 2.0466714155868875 vs. 2.0466714155868875
list:
dist: 1.4345827765646808 vs. 1.4345827765646808
list:
dist: 1.0204380398664779 vs. 1.0204380398664779
list:
dist: 1.6132157237078713 vs. 1.6132157237078713
list:
dist: 2.1072471037396223 vs. 2.1072471037396223
list:
dist: 2.473904659468309 vs. 2.473904659468309
list:
dist: 3.318012286323878 vs. 3.318012286323878
list:
dist: 2.880036594812223 vs. 2.880036594812223
list:
dist: 3.7617484293272416 vs. 3.7617484293272416
list:
dist: 3.836193833318467 vs. 3.836193833318467
list:
dist: 3.348399670143515 vs. 3.348399670143515
list:
dist: 2.6067070017824774 vs. 2.6067070017824774
list:
dist: 2.2645004910716433 vs. 2.2645004910716433
list:
dist: 3.0279674584683676 vs. 3.0279674584683676
list:
dist: 1.4151370251942716 vs. 1.4151370251942716
list:
dist: 1.6489259579073317 vs. 1.6489259579073317
list:
dist: 1.7666302256958082 vs. 1.7666302256958082
list:
dist: 2.9771048008474845 vs. 2.9771048008474845
list:
dist: 2.692531793507031 vs. 2.692531793507031
list:
dist: 3.756647711974022 vs. 3.756647711974022
list:
dist: 1.4708081152785997 vs. 1.4708081152785997
list:
dist: 2.339970059347166 vs. 2.339970059347166
list:
dist: 2.0059029108421047 vs. 2.0059029108421047
list:
dist: 1.4996065853094476 vs. 1.4996065853094476
list:
dist: 0.82061366650335 vs. 0.82061366650335
list:
dist: 0.6245343931749623 vs. 0.6245343931749623
list:
dist: 4.0816231258039455 vs. 4.0816231258039455
list:
dist: 3.5709772562714597 vs. 3.5709772562714597
list:
dist: 5.164896961872656 vs. 5.164896961872656
list:
dist: 4.266401506497296 vs. 4.266401506497296
list:
dist: 4.711369741494645 vs. 4.711369741494645
list:
dist: 4.448286685543364 vs. 4.448286685543364
list:
dist: 2.480630470856513 vs. 2.480630470856513
list:
dist: 2.3947891926855993 vs. 2.3947891926855993
list:
dist: 2.0973859975110294 vs. 2.0973859975110294
list:
dist: 1.5578677144500777 vs. 1.5578677144500777
list:
dist: 4.234834651574032 vs. 4.234834651574032
list:
dist: 4.01134745597947 vs. 4.01134745597947
list:
dist: 2.2165735799350252 vs. 2.2165735799350252
list:
dist: 3.002975030112468 vs. 3.002975030112468
list:
dist: 2.0300391654912193 vs. 2.0300391654912193
list:
dist: 2.2496204418921293 vs. 2.2496204418921293
list:
dist: 3.0679738755347654 vs. 3.0679738755347654
list:
dist: 3.6528234381926126 vs. 3.6528234381926126
list:
dist: 3.4396459552303567 vs. 3.4396459552303567
list:
dist: 2.067145206180577 vs. 2.067145206180577
list:
dist: 2.0300391654912193 vs. 2.0300391654912193
list:
dist: 1.697918260308672 vs. 1.697918260308672
list:
dist: 2.408222717090325 vs. 2.408222717090325
list:
dist: 3.318012286323878 vs. 3.318012286323878
list:
dist: 2.541349556918789 vs. 2.541349556918789
list:
dist: 1.9065924136054067 vs. 1.9065924136054067
list:
dist: 4.18860998469916 vs. 4.18860998469916
list:
dist: 4.520224668402988 vs. 4.520224668402988
list:
dist: 1.5528981425119381 vs. 1.5528981425119381
list:
dist: 2.138189321166642 vs. 2.138189321166642
list:
dist: 5.218799984764484 vs. 5.218799984764484
list:
dist: 2.658179725130963 vs. 2.658179725130963
list:
dist: 1.4419752499399598 vs. 1.4419752499399598
list:
dist: 2.7333750783185904 vs. 2.7333750783185904
list:
dist: 1.7358159471816794 vs. 1.7358159471816794
list:
dist: 3.0053082653980105 vs. 3.0053082653980105
list:
dist: 2.9359190288424495 vs. 2.9359190288424495
list:
dist: 2.9032250323019655 vs. 2.9032250323019655
list:
dist: 2.1475127677370764 vs. 2.1475127677370764
list:
dist: 2.855928381408593 vs. 2.855928381408593
list:
dist: 1.635172823740944 vs. 1.635172823740944
list:
dist: 1.9426670407427702 vs. 1.9426670407427702
list:
dist: 1.1799568199607466 vs. 1.1799568199607466
list:
dist: 2.1662043295778726 vs. 2.1662043295778726
list:
dist: 2.0037262873123547 vs. 2.0037262873123547
list:
dist: 1.0099105930050056 vs. 1.0099105930050056
list:
dist: 1.4505573088651902 vs. 1.4505573088651902
list:
dist: 2.559049267353176 vs. 2.559049267353176
list:
dist: 2.692531793507031 vs. 2.692531793507031
list:
dist: 1.9406049316897276 vs. 1.9406049316897276
list:
dist: 3.1421548675525255 vs. 3.1421548675525255
list:
dist: 3.0117452693809454 vs. 3.0117452693809454
list:
dist: 1.6489669875137054 vs. 1.6489669875137054
list:
dist: 2.247781039911903 vs. 2.247781039911903
list:
dist: 2.8344742004464387 vs. 2.8344742004464387
list:
dist: 3.669677158548416 vs. 3.669677158548416
list:
dist: 3.658826688069324 vs. 3.658826688069324
list:
dist: 3.0203525173162595 vs. 3.0203525173162595
list:
dist: 2.73074129366758 vs. 2.73074129366758
list:
dist: 2.1625735032289612 vs. 2.1625735032289612
list:
dist: 1.7451495349120731 vs. 1.7451495349120731
list:
dist: 2.589632132952065 vs. 2.589632132952065
list:
dist: 1.1382876089887919 vs. 1.1382876089887919
list:
dist: 1.655216947472858 vs. 1.655216947472858
list:
dist: 1.130407725480443 vs. 1.130407725480443
list:
dist: 2.359028074605326 vs. 2.359028074605326
list:
dist: 2.559049267353176 vs. 2.559049267353176
list:
dist: 3.948075992149111 vs. 3.948075992149111
list:
dist: 2.718919909557086 vs. 2.718919909557086
list:
dist: 1.0321532517599548 vs. 1.0321532517599548
list:
dist: 1.7292092227319384 vs. 1.7292092227319384
list:
dist: 1.7108133856873848 vs. 1.7108133856873848
list:
dist: 1.6482210838014777 vs. 1.6482210838014777
list:
dist: 0.82061366650335 vs. 0.82061366650335
list:
dist: 0.8228250515858132 vs. 0.8228250515858132
list:
dist: 4.109959727918923 vs. 4.109959727918923
list:
dist: 3.9231428910784287 vs. 3.9231428910784287
list:
dist: 2.4831362307271982 vs. 2.4831362307271982
list:
dist: 2.350367413754059 vs. 2.350367413754059
list:
dist: 1.8337865692321391 vs. 1.8337865692321391
list:
dist: 1.8231573305337743 vs. 1.8231573305337743
list:
dist: 2.119756481351386 vs. 2.119756481351386
list:
dist: 3.027504713321417 vs. 3.027504713321417
list:
dist: 2.067145206180577 vs. 2.067145206180577
list:
dist: 1.8433109002966168 vs. 1.8433109002966168
list:
dist: 3.4163275916013798 vs. 3.4163275916013798
list:
dist: 2.55708488817985 vs. 2.55708488817985
list:
dist: 2.2455374114789994 vs. 2.2455374114789994
list:
dist: 1.327947241022359 vs. 1.327947241022359
list:
dist: 0.4952311434789268 vs. 0.4952311434789268
list:
dist: 1.4841102882077377 vs. 1.4841102882077377
list:
dist: 0.9575897616120865 vs. 0.9575897616120865
list:
dist: 1.7638077577161781 vs. 1.7638077577161781
list:
dist: 0.875242439810564 vs. 0.875242439810564
list:
dist: 0.8414386755877519 vs. 0.8414386755877519
list:
dist: 2.9032250323019655 vs. 2.9032250323019655
list:
dist: 4.711439945007006 vs. 4.711439945007006
list:
dist: 2.8806073164420285 vs. 2.8806073164420285
list:
dist: 2.4254446701174723 vs. 2.4254446701174723
list:
dist: 2.4565919995921344 vs. 2.4565919995921344
list:
dist: 1.9200098272702375 vs. 1.9200098272702375
list:
dist: 2.1891613277156154 vs. 2.1891613277156154
list:
dist: 1.7451495349120731 vs. 1.7451495349120731
list:
dist: 2.2645004910716433 vs. 2.2645004910716433
list:
dist: 2.1773587652468884 vs. 2.1773587652468884
list:
dist: 2.2885985414208854 vs. 2.2885985414208854
list:
dist: 2.656890622740856 vs. 2.656890622740856
list:
dist: 2.135533736867898 vs. 2.135533736867898
list:
dist: 2.9167641307532515 vs. 2.9167641307532515
list:
dist: 2.2906716279101125 vs. 2.2906716279101125
list:
dist: 2.1891613277156154 vs. 2.1891613277156154
list:
dist: 2.129979721588334 vs. 2.129979721588334
list:
dist: 1.7457720746124648 vs. 1.7457720746124648
list:
dist: 0.5183863063758618 vs. 0.5183863063758618
list:
dist: 2.2376932868977946 vs. 2.2376932868977946
list:
dist: 3.004747397615419 vs. 3.004747397615419
list:
dist: 1.4505573088651902 vs. 1.4505573088651902
list:
dist: 2.7166128754710654 vs. 2.7166128754710654
list:
dist: 2.2716275909922063 vs. 2.2716275909922063
list:
dist: 1.8399059638124664 vs. 1.8399059638124664
list:
dist: 2.245056683707233 vs. 2.245056683707233
list:
dist: 0.9950333463806795 vs. 0.9950333463806795
list:
dist: 1.6482210838014777 vs. 1.6482210838014777
list:
dist: 1.4996065853094476 vs. 1.4996065853094476
list:
dist: 2.0263676771473724 vs. 2.0263676771473724
list:
dist: 3.0668628445632415 vs. 3.0668628445632415
list:
dist: 3.3300952569832565 vs. 3.3300952569832565
list:
dist: 2.948462418751018 vs. 2.948462418751018
list:
dist: 2.048516425953203 vs. 2.048516425953203
list:
dist: 2.3060481679060683 vs. 2.3060481679060683
list:
dist: 2.2867408342641737 vs. 2.2867408342641737
list:
dist: 3.102596751109333 vs. 3.102596751109333
list:
dist: 3.810260741761386 vs. 3.810260741761386
list:
dist: 3.4396459552303567 vs. 3.4396459552303567
list:
dist: 2.444559250820293 vs. 2.444559250820293
list:
dist: 4.214860912253814 vs. 4.214860912253814
list:
dist: 3.486196518730632 vs. 3.486196518730632
list:
dist: 4.945657820749409 vs. 4.945657820749409
list:
dist: 4.759425904239387 vs. 4.759425904239387
list:
dist: 4.711439945007006 vs. 4.711439945007006
list:
dist: 4.02895776297133 vs. 4.02895776297133
list:
dist: 4.424887336888351 vs. 4.424887336888351
list:
dist: 3.1186780231990983 vs. 3.1186780231990983
list:
dist: 1.9426670407427702 vs. 1.9426670407427702
list:
dist: 2.795700696477088 vs. 2.795700696477088
list:
dist: 3.412240463723829 vs. 3.412240463723829
list:
dist: 3.4967174308966174 vs. 3.4967174308966174
list:
dist: 2.834477016962077 vs. 2.834477016962077
list:
dist: 2.7166128754710654 vs. 2.7166128754710654
list:
dist: 3.948075992149111 vs. 3.948075992149111
list:
dist: 3.756647711974022 vs. 3.756647711974022
list:
dist: 0.877476617653006 vs. 0.877476617653006
list:
dist: 2.0031682718702513 vs. 2.0031682718702513
list:
dist: 3.313362131682839 vs. 3.313362131682839
list:
dist: 2.0990170111053854 vs. 2.0990170111053854
list:
dist: 3.1139632453878816 vs. 3.1139632453878816
list:
dist: 3.294330796412807 vs. 3.294330796412807
list:
dist: 1.5295479851987026 vs. 1.5295479851987026
list:
dist: 2.880036594812223 vs. 2.880036594812223
list:
dist: 2.2831290005207383 vs. 2.2831290005207383
list:
dist: 2.316159837929568 vs. 2.316159837929568
list:
dist: 1.4713883109140946 vs. 1.4713883109140946
list:
dist: 0.7645051783428418 vs. 0.7645051783428418
list:
dist: 2.658179725130963 vs. 2.658179725130963
list:
dist: 3.4309105124979555 vs. 3.4309105124979555
list:
dist: 1.5389187214642148 vs. 1.5389187214642148
list:
dist: 2.204671241439556 vs. 2.204671241439556
list:
dist: 3.100108892826062 vs. 3.100108892826062
list:
dist: 3.102596751109333 vs. 3.102596751109333
list:
dist: 2.119756481351386 vs. 2.119756481351386
list:
dist: 2.2165735799350252 vs. 2.2165735799350252
list:
dist: 2.266038973678583 vs. 2.266038973678583
list:
dist: 0.950343527712278 vs. 0.950343527712278
list:
dist: 2.1072471037396223 vs. 2.1072471037396223
list:
dist: 1.3009522194533454 vs. 1.3009522194533454
list:
dist: 1.1345959730237172 vs. 1.1345959730237172
list:
dist: 0.9452322493211216 vs. 0.9452322493211216
list:
dist: 1.5528981425119381 vs. 1.5528981425119381
list:
dist: 1.4713883109140946 vs. 1.4713883109140946
list:
dist: 4.044482948812349 vs. 4.044482948812349
list:
dist: 2.3873039821962716 vs. 2.3873039821962716
list:
dist: 2.9601769659635226 vs. 2.9601769659635226
list:
dist: 3.857009290084089 vs. 3.857009290084089
list:
dist: 3.810260741761386 vs. 3.810260741761386
list:
dist: 3.027504713321417 vs. 3.027504713321417
list:
dist: 3.002975030112468 vs. 3.002975030112468
list:
dist: 3.1022169384182883 vs. 3.1022169384182883
list:
dist: 1.0394026980974156 vs. 1.0394026980974156
list:
dist: 2.473904659468309 vs. 2.473904659468309
list:
dist: 1.9128216208466913 vs. 1.9128216208466913
list:
dist: 1.6128478788874687 vs. 1.6128478788874687
list:
dist: 0.9452322493211216 vs. 0.9452322493211216
list:
dist: 2.138189321166642 vs. 2.138189321166642
list:
dist: 0.7645051783428418 vs. 0.7645051783428418
list:
dist: 2.247781039911903 vs. 2.247781039911903
list:
dist: 3.1139632453878816 vs. 3.1139632453878816
list:
dist: 2.1586968525773593 vs. 2.1586968525773593
list:
dist: 0.8258074989872646 vs. 0.8258074989872646
list:
dist: 1.175076025829186 vs. 1.175076025829186
list:
dist: 2.0479709880661603 vs. 2.0479709880661603
list:
dist: 2.3060481679060683 vs. 2.3060481679060683
list:
dist: 1.8337865692321391 vs. 1.8337865692321391
list:
dist: 2.0973859975110294 vs. 2.0973859975110294
list:
dist: 2.373557950218058 vs. 2.373557950218058
list:
dist: 3.009097626992315 vs. 3.009097626992315
list:
dist: 2.7808384697542965 vs. 2.7808384697542965
list:
dist: 1.0401375433307203 vs. 1.0401375433307203
list:
dist: 1.0204380398664779 vs. 1.0204380398664779
list:
dist: 1.3148429511033841 vs. 1.3148429511033841
list:
dist: 1.3009522194533454 vs. 1.3009522194533454
list:
dist: 1.9128216208466913 vs. 1.9128216208466913
list:
dist: 2.541349556918789 vs. 2.541349556918789
list:
dist: 2.2831290005207383 vs. 2.2831290005207383
list:
dist: 3.262729220423009 vs. 3.262729220423009
list:
dist: 3.8135144757679487 vs. 3.8135144757679487
list:
dist: 2.7025227523503244 vs. 2.7025227523503244
list:
dist: 2.5845212577911436 vs. 2.5845212577911436
list:
dist: 2.767097347631826 vs. 2.767097347631826
list:
dist: 2.4565919995921344 vs. 2.4565919995921344
list:
dist: 2.504235794417741 vs. 2.504235794417741
list:
dist: 2.482818528346872 vs. 2.482818528346872
list:
dist: 2.317138653294282 vs. 2.317138653294282
list:
dist: 2.156385503659055 vs. 2.156385503659055
list:
dist: 2.8250475873530956 vs. 2.8250475873530956
list:
dist: 2.0037262873123547 vs. 2.0037262873123547
list:
dist: 3.4967174308966174 vs. 3.4967174308966174
list:
dist: 1.4553298430074877 vs. 1.4553298430074877
list:
dist: 0.9841497113301558 vs. 0.9841497113301558
list:
dist: 1.546315736498209 vs. 1.546315736498209
list:
dist: 2.245056683707233 vs. 2.245056683707233
list:
dist: 1.7292092227319384 vs. 1.7292092227319384
list:
dist: 2.339970059347166 vs. 2.339970059347166
list:
dist: 2.5127686784669216 vs. 2.5127686784669216
list:
dist: 3.27786361701297 vs. 3.27786361701297
list:
dist: 3.7402398623367246 vs. 3.7402398623367246
list:
dist: 2.203071440328773 vs. 2.203071440328773
list:
dist: 1.7115585359821175 vs. 1.7115585359821175
list:
dist: 1.175076025829186 vs. 1.175076025829186
list:
dist: 2.2943265472297143 vs. 2.2943265472297143
list:
dist: 2.204671241439556 vs. 2.204671241439556
list:
dist: 2.9601769659635226 vs. 2.9601769659635226
list:
dist: 3.0679738755347654 vs. 3.0679738755347654
list:
dist: 3.511062945423881 vs. 3.511062945423881
list:
dist: 3.989601816908841 vs. 3.989601816908841
list:
dist: 3.068855364476737 vs. 3.068855364476737
list:
dist: 3.0215265583578663 vs. 3.0215265583578663
list:
dist: 2.801973893977651 vs. 2.801973893977651
list:
dist: 2.4254446701174723 vs. 2.4254446701174723
list:
dist: 2.8262194212781258 vs. 2.8262194212781258
list:
dist: 2.07043481490095 vs. 2.07043481490095
list:
dist: 2.0231732439282335 vs. 2.0231732439282335
list:
dist: 1.9168455668111923 vs. 1.9168455668111923
list:
dist: 2.9608122357397724 vs. 2.9608122357397724
list:
dist: 2.1662043295778726 vs. 2.1662043295778726
list:
dist: 3.412240463723829 vs. 3.412240463723829
list:
dist: 2.139376726467906 vs. 2.139376726467906
list:
dist: 0.9841497113301558 vs. 0.9841497113301558
list:
dist: 1.6082660519755867 vs. 1.6082660519755867
list:
dist: 1.8399059638124664 vs. 1.8399059638124664
list:
dist: 1.0321532517599548 vs. 1.0321532517599548
list:
dist: 1.4708081152785997 vs. 1.4708081152785997
list:
dist: 1.681923393092645 vs. 1.681923393092645
list:
dist: 3.4161498001131774 vs. 3.4161498001131774
list:
dist: 3.298718477792447 vs. 3.298718477792447
list:
dist: 1.669909461691436 vs. 1.669909461691436
list:
dist: 1.5079331269632599 vs. 1.5079331269632599
list:
dist: 0.8258074989872646 vs. 0.8258074989872646
list:
dist: 1.4109640152504355 vs. 1.4109640152504355
list:
dist: 1.5389187214642148 vs. 1.5389187214642148
list:
dist: 2.3873039821962716 vs. 2.3873039821962716
list:
dist: 2.2496204418921293 vs. 2.2496204418921293
list:
dist: 1.9406049316897276 vs. 1.9406049316897276
list:
dist: 0.877476617653006 vs. 0.877476617653006
list:
dist: 2.434107338367989 vs. 2.434107338367989
list:
dist: 3.4161498001131774 vs. 3.4161498001131774
list:
dist: 3.27786361701297 vs. 3.27786361701297
list:
dist: 2.8961427874035666 vs. 2.8961427874035666
list:
dist: 3.0668628445632415 vs. 3.0668628445632415
list:
dist: 4.109959727918923 vs. 4.109959727918923
list:
dist: 4.0816231258039455 vs. 4.0816231258039455
list:
dist: 2.332049289097806 vs. 2.332049289097806
list:
dist: 3.293409427370391 vs. 3.293409427370391
list:
dist: 2.0394505198951633 vs. 2.0394505198951633
list:
dist: 3.009097626992315 vs. 3.009097626992315
list:
dist: 3.510104665288014 vs. 3.510104665288014
list:
dist: 2.179926052982744 vs. 2.179926052982744
list:
dist: 1.7503838060819554 vs. 1.7503838060819554
list:
dist: 2.2359907638408743 vs. 2.2359907638408743
list:
dist: 2.2166319488395265 vs. 2.2166319488395265
list:
dist: 1.8680575083165587 vs. 1.8680575083165587
list:
dist: 1.3265465345973921 vs. 1.3265465345973921
list:
dist: 1.2209684878631935 vs. 1.2209684878631935
list:
dist: 3.0302392148877053 vs. 3.0302392148877053
list:
dist: 2.576674082633253 vs. 2.576674082633253
list:
dist: 3.1069329709506386 vs. 3.1069329709506386
list:
dist: 1.727752668083551 vs. 1.727752668083551
list:
dist: 3.2365507585640843 vs. 3.2365507585640843
list:
dist: 3.384133998580282 vs. 3.384133998580282
list:
dist: 2.332665065761841 vs. 2.332665065761841
list:
dist: 4.018256081574536 vs. 4.018256081574536
list:
dist: 3.3033063279955854 vs. 3.3033063279955854
list:
dist: 2.941339377381829 vs. 2.941339377381829
list:
dist: 3.9890226720438897 vs. 3.9890226720438897
list:
dist: 2.1901884192773093 vs. 2.1901884192773093
list:
dist: 3.8734105408565815 vs. 3.8734105408565815
list:
dist: 2.607372138293651 vs. 2.607372138293651
list:
dist: 1.9852768771621465 vs. 1.9852768771621465
list:
dist: 3.2653947979471765 vs. 3.2653947979471765
list:
dist: 1.7549237301283074 vs. 1.7549237301283074
list:
dist: 0.4141131409190449 vs. 0.4141131409190449
list:
dist: 1.932514926831583 vs. 1.932514926831583
list:
dist: 2.2359907638408743 vs. 2.2359907638408743
list:
dist: 1.487824184447672 vs. 1.487824184447672
list:
dist: 1.8211471648960207 vs. 1.8211471648960207
list:
dist: 1.748603652398376 vs. 1.748603652398376
list:
dist: 2.148999306744705 vs. 2.148999306744705
list:
dist: 2.272358392935057 vs. 2.272358392935057
list:
dist: 1.5811513040803353 vs. 1.5811513040803353
list:
dist: 3.2180241548727424 vs. 3.2180241548727424
list:
dist: 1.872520172894111 vs. 1.872520172894111
list:
dist: 2.449890749484238 vs. 2.449890749484238
list:
dist: 1.2392504668833846 vs. 1.2392504668833846
list:
dist: 2.919109678894159 vs. 2.919109678894159
list:
dist: 2.976426808461867 vs. 2.976426808461867
list:
dist: 3.031984791861642 vs. 3.031984791861642
list:
dist: 3.737100484742762 vs. 3.737100484742762
list:
dist: 2.1052399078026975 vs. 2.1052399078026975
list:
dist: 3.151190598959566 vs. 3.151190598959566
list:
dist: 3.2279395023682658 vs. 3.2279395023682658
list:
dist: 1.6693780706534749 vs. 1.6693780706534749
list:
dist: 2.732615956183048 vs. 2.732615956183048
list:
dist: 1.388237485275463 vs. 1.388237485275463
list:
dist: 1.487824184447672 vs. 1.487824184447672
list:
dist: 1.3906739957472887 vs. 1.3906739957472887
list:
dist: 1.6758536459101105 vs. 1.6758536459101105
list:
dist: 1.3265465345973921 vs. 1.3265465345973921
list:
dist: 1.0668251537145756 vs. 1.0668251537145756
list:
dist: 1.776521260532567 vs. 1.776521260532567
list:
dist: 1.3132897707528983 vs. 1.3132897707528983
list:
dist: 1.8699533763698473 vs. 1.8699533763698473
list:
dist: 0.7868273093304059 vs. 0.7868273093304059
list:
dist: 2.1110713684294358 vs. 2.1110713684294358
list:
dist: 2.6981785240656366 vs. 2.6981785240656366
list:
dist: 1.500104200574342 vs. 1.500104200574342
list:
dist: 3.2091278647252657 vs. 3.2091278647252657
list:
dist: 2.535306904350359 vs. 2.535306904350359
list:
dist: 2.4138878620581656 vs. 2.4138878620581656
list:
dist: 3.181028481238714 vs. 3.181028481238714
list:
dist: 1.4096346032014409 vs. 1.4096346032014409
list:
dist: 2.9456822128525357 vs. 2.9456822128525357
list:
dist: 2.4386918292859865 vs. 2.4386918292859865
list:
dist: 1.3387993967721359 vs. 1.3387993967721359
list:
dist: 2.1345454456247976 vs. 2.1345454456247976
list:
dist: 1.5811513040803353 vs. 1.5811513040803353
list:
dist: 1.286256960118694 vs. 1.286256960118694
list:
dist: 2.4179772312516485 vs. 2.4179772312516485
list:
dist: 1.727752668083551 vs. 1.727752668083551
list:
dist: 0.7868273093304059 vs. 0.7868273093304059
list:
dist: 0.7824219879555241 vs. 0.7824219879555241
list:
dist: 1.996654513360021 vs. 1.996654513360021
list:
dist: 1.3791952006627295 vs. 1.3791952006627295
list:
dist: 1.4639214581760855 vs. 1.4639214581760855
list:
dist: 1.5722521552925892 vs. 1.5722521552925892
list:
dist: 1.9627475060183603 vs. 1.9627475060183603
list:
dist: 0.9411370826626916 vs. 0.9411370826626916
list:
dist: 2.478099866640674 vs. 2.478099866640674
list:
dist: 1.7817723145810498 vs. 1.7817723145810498
list:
dist: 1.6809318322917501 vs. 1.6809318322917501
list:
dist: 2.493592807677282 vs. 2.493592807677282
list:
dist: 0.6581171663639915 vs. 0.6581171663639915
list:
dist: 2.222251930753385 vs. 2.222251930753385
list:
dist: 1.8233797327030377 vs. 1.8233797327030377
list:
dist: 0.6240397464841578 vs. 0.6240397464841578
list:
dist: 2.2919289568071255 vs. 2.2919289568071255
list:
dist: 2.1081055177172834 vs. 2.1081055177172834
list:
dist: 4.905167503407991 vs. 4.905167503407991
list:
dist: 3.2180241548727424 vs. 3.2180241548727424
list:
dist: 3.125025499452725 vs. 3.125025499452725
list:
dist: 5.06134993671335 vs. 5.06134993671335
list:
dist: 3.1421548675525255 vs. 3.1421548675525255
list:
dist: 2.0031682718702513 vs. 2.0031682718702513
list:
dist: 3.298718477792447 vs. 3.298718477792447
list:
dist: 3.7402398623367246 vs. 3.7402398623367246
list:
dist: 3.646274495325397 vs. 3.646274495325397
list:
dist: 3.3300952569832565 vs. 3.3300952569832565
list:
dist: 3.9231428910784287 vs. 3.9231428910784287
list:
dist: 3.5709772562714597 vs. 3.5709772562714597
list:
dist: 3.8864308944027925 vs. 3.8864308944027925
list:
dist: 2.332049289097806 vs. 2.332049289097806
list:
dist: 2.8934889565615958 vs. 2.8934889565615958
list:
dist: 2.9353791160565885 vs. 2.9353791160565885
list:
dist: 3.165765985630254 vs. 3.165765985630254
list:
dist: 2.7815583563312845 vs. 2.7815583563312845
list:
dist: 2.303593650317197 vs. 2.303593650317197
list:
dist: 2.0466714155868875 vs. 2.0466714155868875
list:
dist: 2.7808384697542965 vs. 2.7808384697542965
list:
dist: 2.433156655289272 vs. 2.433156655289272
list:
dist: 3.719212927931859 vs. 3.719212927931859
list:
dist: 3.0313829972538353 vs. 3.0313829972538353
list:
dist: 3.4410419667724694 vs. 3.4410419667724694
list:
dist: 3.0117452693809454 vs. 3.0117452693809454
list:
dist: 3.313362131682839 vs. 3.313362131682839
list:
dist: 3.096965141829309 vs. 3.096965141829309
list:
dist: 1.669909461691436 vs. 1.669909461691436
list:
dist: 2.203071440328773 vs. 2.203071440328773
list:
dist: 2.9458173357394863 vs. 2.9458173357394863
list:
dist: 2.948462418751018 vs. 2.948462418751018
list:
dist: 2.4831362307271982 vs. 2.4831362307271982
list:
dist: 2.480630470856513 vs. 2.480630470856513
list:
dist: 2.747384008286517 vs. 2.747384008286517
list:
dist: 3.293409427370391 vs. 3.293409427370391
list:
dist: 2.303593650317197 vs. 2.303593650317197
list:
dist: 1.4345827765646808 vs. 1.4345827765646808
list:
dist: 1.0401375433307203 vs. 1.0401375433307203
list:
dist: 1.0516536696318366 vs. 1.0516536696318366
list:
dist: 0.950343527712278 vs. 0.950343527712278
list:
dist: 1.0394026980974156 vs. 1.0394026980974156
list:
dist: 2.408222717090325 vs. 2.408222717090325
list:
dist: 1.5295479851987026 vs. 1.5295479851987026
list:
dist: 1.7120034639499062 vs. 1.7120034639499062
list:
dist: 1.7549237301283074 vs. 1.7549237301283074
list:
dist: 1.9851794553517697 vs. 1.9851794553517697
list:
dist: 0.3124286879699177 vs. 0.3124286879699177
list:
dist: 1.7503838060819554 vs. 1.7503838060819554
list:
dist: 1.388237485275463 vs. 1.388237485275463
list:
dist: 2.24750366564855 vs. 2.24750366564855
list:
dist: 1.9522505718489198 vs. 1.9522505718489198
list:
dist: 2.1495325901676297 vs. 2.1495325901676297
list:
dist: 2.927879950488338 vs. 2.927879950488338
list:
dist: 2.1345454456247976 vs. 2.1345454456247976
list:
dist: 4.905167503407991 vs. 4.905167503407991
list:
dist: 3.1090570676640876 vs. 3.1090570676640876
list:
dist: 3.858745205551199 vs. 3.858745205551199
list:
dist: 2.5522147449043153 vs. 2.5522147449043153
list:
dist: 4.354707726058932 vs. 4.354707726058932
list:
dist: 3.884596863343431 vs. 3.884596863343431
list:
dist: 3.7973055281250163 vs. 3.7973055281250163
list:
dist: 4.516802546042313 vs. 4.516802546042313
list:
dist: 2.7822024429691337 vs. 2.7822024429691337
list:
dist: 4.209676834485974 vs. 4.209676834485974
list:
dist: 3.783889467797169 vs. 3.783889467797169
list:
dist: 2.600536227057826 vs. 2.600536227057826
list:
dist: 1.9522505718489198 vs. 1.9522505718489198
list:
dist: 1.748603652398376 vs. 1.748603652398376
list:
dist: 1.7769457502323385 vs. 1.7769457502323385
list:
dist: 2.2024294572834924 vs. 2.2024294572834924
list:
dist: 3.0302392148877053 vs. 3.0302392148877053
list:
dist: 1.776521260532567 vs. 1.776521260532567
list:
dist: 2.6615665762386205 vs. 2.6615665762386205
list:
dist: 1.1974291647587312 vs. 1.1974291647587312
list:
dist: 1.6126803996485168 vs. 1.6126803996485168
list:
dist: 1.996654513360021 vs. 1.996654513360021
list:
dist: 3.8864308944027925 vs. 3.8864308944027925
list:
dist: 1.877542019234283 vs. 1.877542019234283
list:
dist: 3.1425196513438904 vs. 3.1425196513438904
list:
dist: 2.111551046385207 vs. 2.111551046385207
list:
dist: 3.3533883098879604 vs. 3.3533883098879604
list:
dist: 3.0909222901161013 vs. 3.0909222901161013
list:
dist: 3.335560815862382 vs. 3.335560815862382
list:
dist: 3.5428201445362766 vs. 3.5428201445362766
list:
dist: 2.4020676074519565 vs. 2.4020676074519565
list:
dist: 3.0870531165088924 vs. 3.0870531165088924
list:
dist: 3.709392030987136 vs. 3.709392030987136
list:
dist: 2.4216915272631927 vs. 2.4216915272631927
list:
dist: 1.8884190313815248 vs. 1.8884190313815248
list:
dist: 2.759079301860183 vs. 2.759079301860183
list:
dist: 2.927879950488338 vs. 2.927879950488338
list:
dist: 2.272358392935057 vs. 2.272358392935057
list:
dist: 1.985882790694028 vs. 1.985882790694028
list:
dist: 3.235131679021259 vs. 3.235131679021259
list:
dist: 3.1069329709506386 vs. 3.1069329709506386
list:
dist: 1.8699533763698473 vs. 1.8699533763698473
list:
dist: 2.227394096295199 vs. 2.227394096295199
list:
dist: 1.6126803996485168 vs. 1.6126803996485168
list:
dist: 1.0203351248451058 vs. 1.0203351248451058
list:
dist: 1.4639214581760855 vs. 1.4639214581760855
list:
dist: 0.9971162071311261 vs. 0.9971162071311261
list:
dist: 2.0913108404055625 vs. 2.0913108404055625
list:
dist: 1.611274149093823 vs. 1.611274149093823
list:
dist: 2.1942603832007994 vs. 2.1942603832007994
list:
dist: 1.596313687261194 vs. 1.596313687261194
list:
dist: 1.9706843066098558 vs. 1.9706843066098558
list:
dist: 1.9347581529065254 vs. 1.9347581529065254
list:
dist: 1.3631212109378543 vs. 1.3631212109378543
list:
dist: 1.5657742646536588 vs. 1.5657742646536588
list:
dist: 2.5289137394739156 vs. 2.5289137394739156
list:
dist: 1.7003219448423603 vs. 1.7003219448423603
list:
dist: 0.8313353190450068 vs. 0.8313353190450068
list:
dist: 1.1593293355654515 vs. 1.1593293355654515
list:
dist: 1.4903227691568326 vs. 1.4903227691568326
list:
dist: 0.3124286879699177 vs. 0.3124286879699177
list:
dist: 1.932514926831583 vs. 1.932514926831583
list:
dist: 2.198491579066859 vs. 2.198491579066859
list:
dist: 1.8680575083165587 vs. 1.8680575083165587
list:
dist: 1.6758536459101105 vs. 1.6758536459101105
list:
dist: 2.475862987788022 vs. 2.475862987788022
list:
dist: 2.2024294572834924 vs. 2.2024294572834924
list:
dist: 2.456960310466157 vs. 2.456960310466157
list:
dist: 3.235131679021259 vs. 3.235131679021259
list:
dist: 2.4179772312516485 vs. 2.4179772312516485
list:
dist: 5.06134993671335 vs. 5.06134993671335
list:
dist: 3.3882008249062396 vs. 3.3882008249062396
list:
dist: 4.112985052827405 vs. 4.112985052827405
list:
dist: 2.804090009168181 vs. 2.804090009168181
list:
dist: 4.619591790284142 vs. 4.619591790284142
list:
dist: 4.178757871177546 vs. 4.178757871177546
list:
dist: 4.078177860660895 vs. 4.078177860660895
list:
dist: 4.82170920148467 vs. 4.82170920148467
list:
dist: 3.0689871886249063 vs. 3.0689871886249063
list:
dist: 4.507755614437849 vs. 4.507755614437849
list:
dist: 4.039168291765692 vs. 4.039168291765692
list:
dist: 2.860421373407136 vs. 2.860421373407136
list:
dist: 1.7120034639499062 vs. 1.7120034639499062
list:
dist: 3.2653947979471765 vs. 3.2653947979471765
list:
dist: 3.499485120761579 vs. 3.499485120761579
list:
dist: 1.4903227691568326 vs. 1.4903227691568326
list:
dist: 2.179926052982744 vs. 2.179926052982744
list:
dist: 2.732615956183048 vs. 2.732615956183048
list:
dist: 2.600536227057826 vs. 2.600536227057826
list:
dist: 1.6693780706534749 vs. 1.6693780706534749
list:
dist: 1.298353612170511 vs. 1.298353612170511
list:
dist: 2.860421373407136 vs. 2.860421373407136
list:
dist: 1.9852768771621465 vs. 1.9852768771621465
list:
dist: 1.3387993967721359 vs. 1.3387993967721359
list:
dist: 0.8010868972592808 vs. 0.8010868972592808
list:
dist: 2.4216915272631927 vs. 2.4216915272631927
list:
dist: 1.9149458952590592 vs. 1.9149458952590592
list:
dist: 1.7003219448423603 vs. 1.7003219448423603
list:
dist: 0.6240397464841578 vs. 0.6240397464841578
list:
dist: 1.4879688819776626 vs. 1.4879688819776626
list:
dist: 1.4413687167181817 vs. 1.4413687167181817
list:
dist: 0.6526648539781524 vs. 0.6526648539781524
list:
dist: 2.0396671598295084 vs. 2.0396671598295084
list:
dist: 1.5338580677463411 vs. 1.5338580677463411
list:
dist: 1.4033151421717915 vs. 1.4033151421717915
list:
dist: 2.355633793055487 vs. 2.355633793055487
list:
dist: 0.627288412933155 vs. 0.627288412933155
list:
dist: 1.9955561496008123 vs. 1.9955561496008123
list:
dist: 1.5754289902807748 vs. 1.5754289902807748
list:
dist: 2.9006100250419014 vs. 2.9006100250419014
list:
dist: 1.784784844825402 vs. 1.784784844825402
list:
dist: 3.602952704904178 vs. 3.602952704904178
list:
dist: 2.4824168946628316 vs. 2.4824168946628316
list:
dist: 2.0693636839067246 vs. 2.0693636839067246
list:
dist: 3.03913313259206 vs. 3.03913313259206
list:
dist: 3.0913000072421535 vs. 3.0913000072421535
list:
dist: 3.499485120761579 vs. 3.499485120761579
list:
dist: 1.9851794553517697 vs. 1.9851794553517697
list:
dist: 0.4141131409190449 vs. 0.4141131409190449
list:
dist: 2.198491579066859 vs. 2.198491579066859
list:
dist: 2.2166319488395265 vs. 2.2166319488395265
list:
dist: 1.3906739957472887 vs. 1.3906739957472887
list:
dist: 1.5806676551953787 vs. 1.5806676551953787
list:
dist: 1.7769457502323385 vs. 1.7769457502323385
list:
dist: 1.9971754985116184 vs. 1.9971754985116184
list:
dist: 1.985882790694028 vs. 1.985882790694028
list:
dist: 1.286256960118694 vs. 1.286256960118694
list:
dist: 3.125025499452725 vs. 3.125025499452725
list:
dist: 1.5328202821673138 vs. 1.5328202821673138
list:
dist: 2.0512311774424687 vs. 2.0512311774424687
list:
dist: 0.8262508603268232 vs. 0.8262508603268232
list:
dist: 2.5338474357136103 vs. 2.5338474357136103
list:
dist: 2.5732917331754175 vs. 2.5732917331754175
list:
dist: 2.6393939183236164 vs. 2.6393939183236164
list:
dist: 3.3460207158063087 vs. 3.3460207158063087
list:
dist: 1.7447171814307383 vs. 1.7447171814307383
list:
dist: 2.7567815791383254 vs. 2.7567815791383254
list:
dist: 2.871492001201963 vs. 2.871492001201963
list:
dist: 1.298353612170511 vs. 1.298353612170511
list:
dist: 2.5522147449043153 vs. 2.5522147449043153
list:
dist: 1.2392504668833846 vs. 1.2392504668833846
list:
dist: 0.8262508603268232 vs. 0.8262508603268232
list:
dist: 2.804090009168181 vs. 2.804090009168181
list:
dist: 2.332665065761841 vs. 2.332665065761841
list:
dist: 1.500104200574342 vs. 1.500104200574342
list:
dist: 1.3015130610649315 vs. 1.3015130610649315
list:
dist: 4.711369741494645 vs. 4.711369741494645
list:
dist: 2.111551046385207 vs. 2.111551046385207
list:
dist: 1.9301449091136513 vs. 1.9301449091136513
list:
dist: 1.611274149093823 vs. 1.611274149093823
list:
dist: 0.9411370826626916 vs. 0.9411370826626916
list:
dist: 3.165765985630254 vs. 3.165765985630254
list:
dist: 1.0902159213429776 vs. 1.0902159213429776
list:
dist: 1.3111620513888833 vs. 1.3111620513888833
list:
dist: 1.8460773915295117 vs. 1.8460773915295117
list:
dist: 1.7819197099886375 vs. 1.7819197099886375
list:
dist: 1.8571217269855982 vs. 1.8571217269855982
list:
dist: 2.5910346086183136 vs. 2.5910346086183136
list:
dist: 1.0986148798113047 vs. 1.0986148798113047
list:
dist: 2.018822989292725 vs. 2.018822989292725
list:
dist: 2.1730331768954887 vs. 2.1730331768954887
list:
dist: 0.6526648539781524 vs. 0.6526648539781524
list:
dist: 4.362218077434204 vs. 4.362218077434204
list:
dist: 2.94175931899915 vs. 2.94175931899915
list:
dist: 1.720169547658845 vs. 1.720169547658845
list:
dist: 2.3048481056917742 vs. 2.3048481056917742
list:
dist: 2.12631563826448 vs. 2.12631563826448
list:
dist: 2.927273339064396 vs. 2.927273339064396
list:
dist: 3.2833536863075166 vs. 3.2833536863075166
list:
dist: 3.858745205551199 vs. 3.858745205551199
list:
dist: 2.449890749484238 vs. 2.449890749484238
list:
dist: 2.0512311774424687 vs. 2.0512311774424687
list:
dist: 4.112985052827405 vs. 4.112985052827405
list:
dist: 3.384133998580282 vs. 3.384133998580282
list:
dist: 2.6981785240656366 vs. 2.6981785240656366
list:
dist: 2.190201131423425 vs. 2.190201131423425
list:
dist: 4.266401506497296 vs. 4.266401506497296
list:
dist: 3.1425196513438904 vs. 3.1425196513438904
list:
dist: 2.837699174317329 vs. 2.837699174317329
list:
dist: 2.0913108404055625 vs. 2.0913108404055625
list:
dist: 1.9627475060183603 vs. 1.9627475060183603
list:
dist: 2.9353791160565885 vs. 2.9353791160565885
list:
dist: 1.3783368224394512 vs. 1.3783368224394512
list:
dist: 1.3111620513888833 vs. 1.3111620513888833
list:
dist: 0.696428683185611 vs. 0.696428683185611
list:
dist: 1.3290988006636382 vs. 1.3290988006636382
list:
dist: 1.5645034523302637 vs. 1.5645034523302637
list:
dist: 2.0595772991540584 vs. 2.0595772991540584
list:
dist: 1.6183591910232276 vs. 1.6183591910232276
list:
dist: 1.3673778821408509 vs. 1.3673778821408509
list:
dist: 2.082812141519726 vs. 2.082812141519726
list:
dist: 1.4413687167181817 vs. 1.4413687167181817
list:
dist: 3.7252610040077743 vs. 3.7252610040077743
list:
dist: 1.6593626242713975 vs. 1.6593626242713975
list:
dist: 0.4769149044549666 vs. 0.4769149044549666
list:
dist: 2.534216014884979 vs. 2.534216014884979
list:
dist: 1.857409812425352 vs. 1.857409812425352
list:
dist: 1.8482907085227833 vs. 1.8482907085227833
list:
dist: 2.221321783044842 vs. 2.221321783044842
list:
dist: 2.468225078132603 vs. 2.468225078132603
list:
dist: 4.01134745597947 vs. 4.01134745597947
list:
dist: 4.390714103248972 vs. 4.390714103248972
list:
dist: 3.0313829972538353 vs. 3.0313829972538353
list:
dist: 1.8454646182011833 vs. 1.8454646182011833
list:
dist: 0.4769149044549666 vs. 0.4769149044549666
list:
dist: 1.720169547658845 vs. 1.720169547658845
list:
dist: 0.7961828016172987 vs. 0.7961828016172987
list:
dist: 1.5625119814486406 vs. 1.5625119814486406
list:
dist: 1.7206836710057236 vs. 1.7206836710057236
list:
dist: 2.223653182796514 vs. 2.223653182796514
list:
dist: 1.9742209194522582 vs. 1.9742209194522582
list:
dist: 1.6108045253637142 vs. 1.6108045253637142
list:
dist: 2.16892795554963 vs. 2.16892795554963
list:
dist: 1.784784844825402 vs. 1.784784844825402
list:
dist: 3.5004756059587203 vs. 3.5004756059587203
list:
dist: 1.2480804404546895 vs. 1.2480804404546895
list:
dist: 4.520224668402988 vs. 4.520224668402988
list:
dist: 2.176431327278318 vs. 2.176431327278318
list:
dist: 1.833104447686877 vs. 1.833104447686877
list:
dist: 2.0774762445026984 vs. 2.0774762445026984
list:
dist: 3.884596863343431 vs. 3.884596863343431
list:
dist: 2.976426808461867 vs. 2.976426808461867
list:
dist: 2.5732917331754175 vs. 2.5732917331754175
list:
dist: 4.178757871177546 vs. 4.178757871177546
list:
dist: 3.3033063279955854 vs. 3.3033063279955854
list:
dist: 2.535306904350359 vs. 2.535306904350359
list:
dist: 2.1407080885445535 vs. 2.1407080885445535
list:
dist: 3.0909222901161013 vs. 3.0909222901161013
list:
dist: 2.3333637693209566 vs. 2.3333637693209566
list:
dist: 1.596313687261194 vs. 1.596313687261194
list:
dist: 1.7817723145810498 vs. 1.7817723145810498
list:
dist: 1.6046516600425178 vs. 1.6046516600425178
list:
dist: 1.3290988006636382 vs. 1.3290988006636382
list:
dist: 1.7819197099886375 vs. 1.7819197099886375
list:
dist: 1.4648695956393254 vs. 1.4648695956393254
list:
dist: 0.6457484880320248 vs. 0.6457484880320248
list:
dist: 0.8610454938918454 vs. 0.8610454938918454
list:
dist: 1.1533765195827026 vs. 1.1533765195827026
list:
dist: 0.7356144969797864 vs. 0.7356144969797864
list:
dist: 1.4114418029247158 vs. 1.4114418029247158
list:
dist: 1.5338580677463411 vs. 1.5338580677463411
list:
dist: 2.1503277543795014 vs. 2.1503277543795014
list:
dist: 1.5625119814486406 vs. 1.5625119814486406
list:
dist: 2.46174454172851 vs. 2.46174454172851
list:
dist: 2.0444700121367814 vs. 2.0444700121367814
list:
dist: 0.9397589777926859 vs. 0.9397589777926859
list:
dist: 1.889964721106391 vs. 1.889964721106391
list:
dist: 1.7123417709557225 vs. 1.7123417709557225
list:
dist: 2.759079301860183 vs. 2.759079301860183
list:
dist: 2.067077944699012 vs. 2.067077944699012
list:
dist: 1.1593293355654515 vs. 1.1593293355654515
list:
dist: 2.1081055177172834 vs. 2.1081055177172834
list:
dist: 1.4561886695612059 vs. 1.4561886695612059
list:
dist: 1.857409812425352 vs. 1.857409812425352
list:
dist: 2.12631563826448 vs. 2.12631563826448
list:
dist: 1.7277960131966599 vs. 1.7277960131966599
list:
dist: 0.9397589777926859 vs. 0.9397589777926859
list:
dist: 1.5193033136303293 vs. 1.5193033136303293
list:
dist: 0.8770617030982641 vs. 0.8770617030982641
list:
dist: 1.6270000441634747 vs. 1.6270000441634747
list:
dist: 0.6508782949438356 vs. 0.6508782949438356
list:
dist: 2.2459721960945553 vs. 2.2459721960945553
list:
dist: 2.0693636839067246 vs. 2.0693636839067246
list:
dist: 2.7293532445672573 vs. 2.7293532445672573
list:
dist: 2.176431327278318 vs. 2.176431327278318
list:
dist: 3.013178058534422 vs. 3.013178058534422
list:
dist: 1.2543614531832994 vs. 1.2543614531832994
list:
dist: 1.8036191943019928 vs. 1.8036191943019928
list:
dist: 2.072690377446964 vs. 2.072690377446964
list:
dist: 2.7822024429691337 vs. 2.7822024429691337
list:
dist: 2.1052399078026975 vs. 2.1052399078026975
list:
dist: 1.7447171814307383 vs. 1.7447171814307383
list:
dist: 3.0689871886249063 vs. 3.0689871886249063
list:
dist: 2.1901884192773093 vs. 2.1901884192773093
list:
dist: 1.4096346032014409 vs. 1.4096346032014409
list:
dist: 1.0758542937503561 vs. 1.0758542937503561
list:
dist: 2.4020676074519565 vs. 2.4020676074519565
list:
dist: 1.6235936178243096 vs. 1.6235936178243096
list:
dist: 1.3631212109378543 vs. 1.3631212109378543
list:
dist: 0.6581171663639915 vs. 0.6581171663639915
list:
dist: 1.4886178311928717 vs. 1.4886178311928717
list:
dist: 1.6183591910232276 vs. 1.6183591910232276
list:
dist: 1.0986148798113047 vs. 1.0986148798113047
list:
dist: 2.0862686620997466 vs. 2.0862686620997466
list:
dist: 1.1533765195827026 vs. 1.1533765195827026
list:
dist: 1.036584034493374 vs. 1.036584034493374
list:
dist: 1.8767147371294686 vs. 1.8767147371294686
list:
dist: 1.6900964006680008 vs. 1.6900964006680008
list:
dist: 1.3221677456794187 vs. 1.3221677456794187
list:
dist: 0.627288412933155 vs. 0.627288412933155
list:
dist: 2.947180382808994 vs. 2.947180382808994
list:
dist: 1.9742209194522582 vs. 1.9742209194522582
list:
dist: 3.2544218761915826 vs. 3.2544218761915826
list:
dist: 2.1485108810042086 vs. 2.1485108810042086
list:
dist: 1.6270000441634747 vs. 1.6270000441634747
list:
dist: 2.883897394367041 vs. 2.883897394367041
list:
dist: 2.823276454811511 vs. 2.823276454811511
list:
dist: 2.9871357938211354 vs. 2.9871357938211354
list:
dist: 2.221321783044842 vs. 2.221321783044842
list:
dist: 3.2833536863075166 vs. 3.2833536863075166
list:
dist: 1.9568507843859226 vs. 1.9568507843859226
list:
dist: 1.7123417709557225 vs. 1.7123417709557225
list:
dist: 1.9245459271484566 vs. 1.9245459271484566
list:
dist: 1.426732377216414 vs. 1.426732377216414
list:
dist: 2.823276454811511 vs. 2.823276454811511
list:
dist: 1.6272478169553868 vs. 1.6272478169553868
list:
dist: 2.42432713031583 vs. 2.42432713031583
list:
dist: 3.0913000072421535 vs. 3.0913000072421535
list:
dist: 1.5006803204837187 vs. 1.5006803204837187
list:
dist: 2.0774762445026984 vs. 2.0774762445026984
list:
dist: 1.6711636169244288 vs. 1.6711636169244288
list:
dist: 2.072690377446964 vs. 2.072690377446964
list:
dist: 1.4786794306085687 vs. 1.4786794306085687
list:
dist: 3.783889467797169 vs. 3.783889467797169
list:
dist: 3.2279395023682658 vs. 3.2279395023682658
list:
dist: 2.871492001201963 vs. 2.871492001201963
list:
dist: 4.039168291765692 vs. 4.039168291765692
list:
dist: 2.607372138293651 vs. 2.607372138293651
list:
dist: 2.4386918292859865 vs. 2.4386918292859865
list:
dist: 1.6481097696285225 vs. 1.6481097696285225
list:
dist: 3.709392030987136 vs. 3.709392030987136
list:
dist: 2.800220407118369 vs. 2.800220407118369
list:
dist: 2.5289137394739156 vs. 2.5289137394739156
list:
dist: 1.8233797327030377 vs. 1.8233797327030377
list:
dist: 2.626026760888584 vs. 2.626026760888584
list:
dist: 2.082812141519726 vs. 2.082812141519726
list:
dist: 2.1730331768954887 vs. 2.1730331768954887
list:
dist: 2.53712078214528 vs. 2.53712078214528
list:
dist: 1.4114418029247158 vs. 1.4114418029247158
list:
dist: 0.7665309505944422 vs. 0.7665309505944422
list:
dist: 1.9088132860393932 vs. 1.9088132860393932
list:
dist: 1.3221677456794187 vs. 1.3221677456794187
list:
dist: 2.14084726824007 vs. 2.14084726824007
list:
dist: 1.5754289902807748 vs. 1.5754289902807748
list:
dist: 2.683430596939212 vs. 2.683430596939212
list:
dist: 2.16892795554963 vs. 2.16892795554963
list:
dist: 2.2430904517148784 vs. 2.2430904517148784
list:
dist: 3.1985407124459977 vs. 3.1985407124459977
list:
dist: 2.2459721960945553 vs. 2.2459721960945553
list:
dist: 3.13270277290734 vs. 3.13270277290734
list:
dist: 2.42432713031583 vs. 2.42432713031583
list:
dist: 3.7973055281250163 vs. 3.7973055281250163
list:
dist: 3.031984791861642 vs. 3.031984791861642
list:
dist: 2.6393939183236164 vs. 2.6393939183236164
list:
dist: 4.078177860660895 vs. 4.078177860660895
list:
dist: 2.941339377381829 vs. 2.941339377381829
list:
dist: 2.4138878620581656 vs. 2.4138878620581656
list:
dist: 1.8178985200780344 vs. 1.8178985200780344
list:
dist: 3.335560815862382 vs. 3.335560815862382
list:
dist: 2.481593590298336 vs. 2.481593590298336
list:
dist: 1.9706843066098558 vs. 1.9706843066098558
list:
dist: 1.6809318322917501 vs. 1.6809318322917501
list:
dist: 2.027425084542827 vs. 2.027425084542827
list:
dist: 1.5645034523302637 vs. 1.5645034523302637
list:
dist: 1.8571217269855982 vs. 1.8571217269855982
list:
dist: 1.8969066640943073 vs. 1.8969066640943073
list:
dist: 0.6457484880320248 vs. 0.6457484880320248
list:
dist: 1.2478749071404276 vs. 1.2478749071404276
list:
dist: 1.036584034493374 vs. 1.036584034493374
list:
dist: 1.3748534503393266 vs. 1.3748534503393266
list:
dist: 0.7665309505944422 vs. 0.7665309505944422
list:
dist: 1.4033151421717915 vs. 1.4033151421717915
list:
dist: 2.2862841254523776 vs. 2.2862841254523776
list:
dist: 1.7206836710057236 vs. 1.7206836710057236
list:
dist: 2.2361638991364825 vs. 2.2361638991364825
list:
dist: 2.5534796151438934 vs. 2.5534796151438934
list:
dist: 1.5193033136303293 vs. 1.5193033136303293
list:
dist: 2.4252270991861726 vs. 2.4252270991861726
list:
dist: 1.9245459271484566 vs. 1.9245459271484566
list:
dist: 2.24750366564855 vs. 2.24750366564855
list:
dist: 1.8211471648960207 vs. 1.8211471648960207
list:
dist: 1.5806676551953787 vs. 1.5806676551953787
list:
dist: 2.475862987788022 vs. 2.475862987788022
list:
dist: 1.2209684878631935 vs. 1.2209684878631935
list:
dist: 1.0668251537145756 vs. 1.0668251537145756
list:
dist: 2.6615665762386205 vs. 2.6615665762386205
list:
dist: 2.0849762109664307 vs. 2.0849762109664307
list:
dist: 2.227394096295199 vs. 2.227394096295199
list:
dist: 0.7824219879555241 vs. 0.7824219879555241
list:
dist: 2.2148800475462456 vs. 2.2148800475462456
list:
dist: 2.190201131423425 vs. 2.190201131423425
list:
dist: 1.3015130610649315 vs. 1.3015130610649315
list:
dist: 2.81932948437437 vs. 2.81932948437437
list:
dist: 2.1407080885445535 vs. 2.1407080885445535
list:
dist: 1.8178985200780344 vs. 1.8178985200780344
list:
dist: 2.897506587838613 vs. 2.897506587838613
list:
dist: 1.0758542937503561 vs. 1.0758542937503561
list:
dist: 2.7063311689725618 vs. 2.7063311689725618
list:
dist: 1.6481097696285225 vs. 1.6481097696285225
list:
dist: 0.8010868972592808 vs. 0.8010868972592808
list:
dist: 3.516543168094265 vs. 3.516543168094265
list:
dist: 2.468225078132603 vs. 2.468225078132603
list:
dist: 3.8747332806429746 vs. 3.8747332806429746
list:
dist: 3.1090570676640876 vs. 3.1090570676640876
list:
dist: 1.872520172894111 vs. 1.872520172894111
list:
dist: 1.5328202821673138 vs. 1.5328202821673138
list:
dist: 3.3882008249062396 vs. 3.3882008249062396
list:
dist: 3.2365507585640843 vs. 3.2365507585640843
list:
dist: 2.1110713684294358 vs. 2.1110713684294358
list:
dist: 2.2148800475462456 vs. 2.2148800475462456
list:
dist: 5.164896961872656 vs. 5.164896961872656
list:
dist: 1.877542019234283 vs. 1.877542019234283
list:
dist: 1.7817435345054435 vs. 1.7817435345054435
list:
dist: 0.9971162071311261 vs. 0.9971162071311261
list:
dist: 1.5722521552925892 vs. 1.5722521552925892
list:
dist: 2.8934889565615958 vs. 2.8934889565615958
list:
dist: 1.3783368224394512 vs. 1.3783368224394512
list:
dist: 1.0902159213429776 vs. 1.0902159213429776
list:
dist: 1.4775777462961999 vs. 1.4775777462961999
list:
dist: 1.6046516600425178 vs. 1.6046516600425178
list:
dist: 2.027425084542827 vs. 2.027425084542827
list:
dist: 2.176544890355552 vs. 2.176544890355552
list:
dist: 1.4886178311928717 vs. 1.4886178311928717
list:
dist: 1.4376641576176539 vs. 1.4376641576176539
list:
dist: 2.626026760888584 vs. 2.626026760888584
list:
dist: 1.4879688819776626 vs. 1.4879688819776626
list:
dist: 4.485676495489032 vs. 4.485676495489032
list:
dist: 2.8991807995939807 vs. 2.8991807995939807
list:
dist: 1.8454646182011833 vs. 1.8454646182011833
list:
dist: 1.3812208858457342 vs. 1.3812208858457342
list:
dist: 1.4561886695612059 vs. 1.4561886695612059
list:
dist: 2.2740846061649145 vs. 2.2740846061649145
list:
dist: 2.9871357938211354 vs. 2.9871357938211354
list:
dist: 4.516802546042313 vs. 4.516802546042313
list:
dist: 3.737100484742762 vs. 3.737100484742762
list:
dist: 3.3460207158063087 vs. 3.3460207158063087
list:
dist: 4.82170920148467 vs. 4.82170920148467
list:
dist: 3.9890226720438897 vs. 3.9890226720438897
list:
dist: 3.181028481238714 vs. 3.181028481238714
list:
dist: 2.897506587838613 vs. 2.897506587838613
list:
dist: 3.5428201445362766 vs. 3.5428201445362766
list:
dist: 2.698794454118726 vs. 2.698794454118726
list:
dist: 1.9347581529065254 vs. 1.9347581529065254
list:
dist: 2.493592807677282 vs. 2.493592807677282
list:
dist: 2.176544890355552 vs. 2.176544890355552
list:
dist: 2.0595772991540584 vs. 2.0595772991540584
list:
dist: 2.5910346086183136 vs. 2.5910346086183136
list:
dist: 1.9521376061513183 vs. 1.9521376061513183
list:
dist: 0.8610454938918454 vs. 0.8610454938918454
list:
dist: 1.2478749071404276 vs. 1.2478749071404276
list:
dist: 1.8767147371294686 vs. 1.8767147371294686
list:
dist: 0.9021028352399636 vs. 0.9021028352399636
list:
dist: 1.9088132860393932 vs. 1.9088132860393932
list:
dist: 2.355633793055487 vs. 2.355633793055487
list:
dist: 2.4384756597917323 vs. 2.4384756597917323
list:
dist: 2.223653182796514 vs. 2.223653182796514
list:
dist: 2.15486495817322 vs. 2.15486495817322
list:
dist: 2.105571094029375 vs. 2.105571094029375
list:
dist: 0.8770617030982641 vs. 0.8770617030982641
list:
dist: 1.8164202645918734 vs. 1.8164202645918734
list:
dist: 1.426732377216414 vs. 1.426732377216414
list:
dist: 4.209676834485974 vs. 4.209676834485974
list:
dist: 3.151190598959566 vs. 3.151190598959566
list:
dist: 2.7567815791383254 vs. 2.7567815791383254
list:
dist: 4.507755614437849 vs. 4.507755614437849
list:
dist: 3.8734105408565815 vs. 3.8734105408565815
list:
dist: 2.9456822128525357 vs. 2.9456822128525357
list:
dist: 2.7063311689725618 vs. 2.7063311689725618
list:
dist: 3.0870531165088924 vs. 3.0870531165088924
list:
dist: 2.509240736220795 vs. 2.509240736220795
list:
dist: 1.5657742646536588 vs. 1.5657742646536588
list:
dist: 2.222251930753385 vs. 2.222251930753385
list:
dist: 1.4376641576176539 vs. 1.4376641576176539
list:
dist: 1.3673778821408509 vs. 1.3673778821408509
list:
dist: 2.018822989292725 vs. 2.018822989292725
list:
dist: 1.146324904359762 vs. 1.146324904359762
list:
dist: 0.7356144969797864 vs. 0.7356144969797864
list:
dist: 1.3748534503393266 vs. 1.3748534503393266
list:
dist: 0.9021028352399636 vs. 0.9021028352399636
list:
dist: 1.6900964006680008 vs. 1.6900964006680008
list:
dist: 2.14084726824007 vs. 2.14084726824007
list:
dist: 1.9955561496008123 vs. 1.9955561496008123
list:
dist: 2.0911690744171914 vs. 2.0911690744171914
list:
dist: 1.6108045253637142 vs. 1.6108045253637142
list:
dist: 2.8009150398471476 vs. 2.8009150398471476
list:
dist: 1.7228418220369826 vs. 1.7228418220369826
list:
dist: 0.6508782949438356 vs. 0.6508782949438356
list:
dist: 1.2877768833254417 vs. 1.2877768833254417
list:
dist: 1.6272478169553868 vs. 1.6272478169553868
list:
dist: 3.8747332806429746 vs. 3.8747332806429746
list:
dist: 2.46174454172851 vs. 2.46174454172851
list:
dist: 2.2361638991364825 vs. 2.2361638991364825
list:
dist: 2.15486495817322 vs. 2.15486495817322
list:
dist: 3.2544218761915826 vs. 3.2544218761915826
list:
dist: 2.8009150398471476 vs. 2.8009150398471476
list:
dist: 2.2430904517148784 vs. 2.2430904517148784
list:
dist: 3.602952704904178 vs. 3.602952704904178
list:
dist: 3.013178058534422 vs. 3.013178058534422
list:
dist: 1.6711636169244288 vs. 1.6711636169244288
list:
dist: 4.354707726058932 vs. 4.354707726058932
list:
dist: 2.919109678894159 vs. 2.919109678894159
list:
dist: 2.5338474357136103 vs. 2.5338474357136103
list:
dist: 4.619591790284142 vs. 4.619591790284142
list:
dist: 4.018256081574536 vs. 4.018256081574536
list:
dist: 3.2091278647252657 vs. 3.2091278647252657
list:
dist: 2.81932948437437 vs. 2.81932948437437
list:
dist: 4.448286685543364 vs. 4.448286685543364
list:
dist: 3.3533883098879604 vs. 3.3533883098879604
list:
dist: 3.0966181554734953 vs. 3.0966181554734953
list:
dist: 2.1942603832007994 vs. 2.1942603832007994
list:
dist: 2.478099866640674 vs. 2.478099866640674
list:
dist: 2.7815583563312845 vs. 2.7815583563312845
list:
dist: 1.4775777462961999 vs. 1.4775777462961999
list:
dist: 0.696428683185611 vs. 0.696428683185611
list:
dist: 1.8460773915295117 vs. 1.8460773915295117
list:
dist: 1.4648695956393254 vs. 1.4648695956393254
list:
dist: 1.8969066640943073 vs. 1.8969066640943073
list:
dist: 1.9521376061513183 vs. 1.9521376061513183
list:
dist: 2.0862686620997466 vs. 2.0862686620997466
list:
dist: 1.146324904359762 vs. 1.146324904359762
list:
dist: 2.53712078214528 vs. 2.53712078214528
list:
dist: 2.0396671598295084 vs. 2.0396671598295084
list:
dist: 3.677399403644566 vs. 3.677399403644566
list:
dist: 1.49028740016426 vs. 1.49028740016426
list:
dist: 0.7961828016172987 vs. 0.7961828016172987
list:
dist: 2.4089688619123244 vs. 2.4089688619123244
list:
dist: 1.7277960131966599 vs. 1.7277960131966599
list:
dist: 1.2081389984213076 vs. 1.2081389984213076
list:
dist: 1.9568507843859226 vs. 1.9568507843859226
list:
dist: 1.8884190313815248 vs. 1.8884190313815248
list:
dist: 1.5823966962000546 vs. 1.5823966962000546
list:
dist: 0.8313353190450068 vs. 0.8313353190450068
list:
dist: 2.2919289568071255 vs. 2.2919289568071255
list:
dist: 1.3812208858457342 vs. 1.3812208858457342
list:
dist: 2.534216014884979 vs. 2.534216014884979
list:
dist: 2.3048481056917742 vs. 2.3048481056917742
list:
dist: 2.4089688619123244 vs. 2.4089688619123244
list:
dist: 2.0444700121367814 vs. 2.0444700121367814
list:
dist: 2.5534796151438934 vs. 2.5534796151438934
list:
dist: 2.105571094029375 vs. 2.105571094029375
list:
dist: 2.1485108810042086 vs. 2.1485108810042086
list:
dist: 1.7228418220369826 vs. 1.7228418220369826
list:
dist: 3.1985407124459977 vs. 3.1985407124459977
list:
dist: 2.4824168946628316 vs. 2.4824168946628316
list:
dist: 1.2543614531832994 vs. 1.2543614531832994
list:
dist: 3.516543168094265 vs. 3.516543168094265
list:
dist: 4.234834651574032 vs. 4.234834651574032
list:
dist: 4.463795878930042 vs. 4.463795878930042
list:
dist: 3.719212927931859 vs. 3.719212927931859
list:
dist: 2.8991807995939807 vs. 2.8991807995939807
list:
dist: 1.6593626242713975 vs. 1.6593626242713975
list:
dist: 2.94175931899915 vs. 2.94175931899915
list:
dist: 1.49028740016426 vs. 1.49028740016426
list:
dist: 2.1503277543795014 vs. 2.1503277543795014
list:
dist: 2.2862841254523776 vs. 2.2862841254523776
list:
dist: 2.4384756597917323 vs. 2.4384756597917323
list:
dist: 2.947180382808994 vs. 2.947180382808994
list:
dist: 2.0911690744171914 vs. 2.0911690744171914
list:
dist: 2.683430596939212 vs. 2.683430596939212
list:
dist: 2.9006100250419014 vs. 2.9006100250419014
list:
dist: 3.653905874631532 vs. 3.653905874631532
list:
dist: 1.2480804404546895 vs. 1.2480804404546895
list:
dist: 4.18860998469916 vs. 4.18860998469916
list:
dist: 2.7293532445672573 vs. 2.7293532445672573
list:
dist: 1.6777076867386391 vs. 1.6777076867386391
list:
dist: 1.5006803204837187 vs. 1.5006803204837187
list:
dist: 3.4410419667724694 vs. 3.4410419667724694
list:
dist: 2.2740846061649145 vs. 2.2740846061649145
list:
dist: 1.8482907085227833 vs. 1.8482907085227833
list:
dist: 2.927273339064396 vs. 2.927273339064396
list:
dist: 1.2081389984213076 vs. 1.2081389984213076
list:
dist: 1.889964721106391 vs. 1.889964721106391
list:
dist: 2.4252270991861726 vs. 2.4252270991861726
list:
dist: 1.8164202645918734 vs. 1.8164202645918734
list:
dist: 2.883897394367041 vs. 2.883897394367041
list:
dist: 1.2877768833254417 vs. 1.2877768833254417
list:
dist: 3.13270277290734 vs. 3.13270277290734
list:
dist: 3.03913313259206 vs. 3.03913313259206
list:
dist: 4.3007538955915825 vs. 4.3007538955915825
list:
dist: 1.6777076867386391 vs. 1.6777076867386391
list:
dist: 1.833104447686877 vs. 1.833104447686877
list:
dist: 5.218799984764484 vs. 5.218799984764484
list:
dist: 1.8036191943019928 vs. 1.8036191943019928
list:
dist: 1.4786794306085687 vs. 1.4786794306085687
list:
dist: 2.1495325901676297 vs. 2.1495325901676297
list:
dist: 2.148999306744705 vs. 2.148999306744705
list:
dist: 1.9971754985116184 vs. 1.9971754985116184
list:
dist: 2.456960310466157 vs. 2.456960310466157
list:
dist: 2.576674082633253 vs. 2.576674082633253
list:
dist: 1.3132897707528983 vs. 1.3132897707528983
list:
dist: 2.0849762109664307 vs. 2.0849762109664307
list:
dist: 1.1974291647587312 vs. 1.1974291647587312
list:
dist: 1.0203351248451058 vs. 1.0203351248451058
list:
dist: 1.3791952006627295 vs. 1.3791952006627295
list:
dist: 1.7817435345054435 vs. 1.7817435345054435
list:
dist: 2.837699174317329 vs. 2.837699174317329
list:
dist: 1.9301449091136513 vs. 1.9301449091136513
list:
dist: 3.0966181554734953 vs. 3.0966181554734953
list:
dist: 2.3333637693209566 vs. 2.3333637693209566
list:
dist: 2.481593590298336 vs. 2.481593590298336
list:
dist: 2.698794454118726 vs. 2.698794454118726
list:
dist: 1.6235936178243096 vs. 1.6235936178243096
list:
dist: 2.509240736220795 vs. 2.509240736220795
list:
dist: 2.800220407118369 vs. 2.800220407118369
list:
dist: 1.9149458952590592 vs. 1.9149458952590592
list:
dist: 1.5823966962000546 vs. 1.5823966962000546
list:
dist: 2.067077944699012 vs. 2.067077944699012
list:
dist: 1.332813936370468 vs. 1.332813936370468
list:
dist: 1.550404939881763 vs. 1.550404939881763
list:
dist: 1.024262839946949 vs. 1.024262839946949
list:
dist: 0.918737590929563 vs. 0.918737590929563
list:
dist: 2.5524167207025013 vs. 2.5524167207025013
list:
dist: 1.594452517225618 vs. 1.594452517225618
list:
dist: 1.1238238668699216 vs. 1.1238238668699216
list:
dist: 1.115388766668372 vs. 1.115388766668372
list:
dist: 1.3883600474532332 vs. 1.3883600474532332
list:
dist: 1.8835770802531597 vs. 1.8835770802531597
list:
dist: 2.042853716881954 vs. 2.042853716881954
list:
dist: 2.7066878095180504 vs. 2.7066878095180504
list:
dist: 2.161205609424038 vs. 2.161205609424038
list:
dist: 1.7448108173552759 vs. 1.7448108173552759
list:
dist: 2.2850721677190955 vs. 2.2850721677190955
list:
dist: 3.2342270084107874 vs. 3.2342270084107874
list:
dist: 3.425669887332269 vs. 3.425669887332269
list:
dist: 3.1704612363845914 vs. 3.1704612363845914
list:
dist: 2.924539955057329 vs. 2.924539955057329
list:
dist: 2.964410741958793 vs. 2.964410741958793
list:
dist: 2.3139920422772096 vs. 2.3139920422772096
list:
dist: 2.9401406640478966 vs. 2.9401406640478966
list:
dist: 3.202094648353694 vs. 3.202094648353694
list:
dist: 3.215814160817523 vs. 3.215814160817523
list:
dist: 3.004506466526513 vs. 3.004506466526513
list:
dist: 1.4579532125206718 vs. 1.4579532125206718
list:
dist: 2.187557889917 vs. 2.187557889917
list:
dist: 2.953029916342044 vs. 2.953029916342044
list:
dist: 2.5503052107468034 vs. 2.5503052107468034
list:
dist: 2.03279752975339 vs. 2.03279752975339
list:
dist: 2.8184707495064627 vs. 2.8184707495064627
list:
dist: 3.1704612363845914 vs. 3.1704612363845914
list:
dist: 2.5591208850189866 vs. 2.5591208850189866
list:
dist: 2.839817804149503 vs. 2.839817804149503
list:
dist: 2.658086269634447 vs. 2.658086269634447
list:
dist: 1.3418936464887825 vs. 1.3418936464887825
list:
dist: 1.1600202306168657 vs. 1.1600202306168657
list:
dist: 1.2712717566404916 vs. 1.2712717566404916
list:
dist: 3.336604893582634 vs. 3.336604893582634
list:
dist: 2.849695508672492 vs. 2.849695508672492
list:
dist: 2.005105342361867 vs. 2.005105342361867
list:
dist: 1.3382163449477817 vs. 1.3382163449477817
list:
dist: 1.0017528738777015 vs. 1.0017528738777015
list:
dist: 0.49037188973722307 vs. 0.49037188973722307
list:
dist: 0.8183905308780461 vs. 0.8183905308780461
list:
dist: 1.982414999330285 vs. 1.982414999330285
list:
dist: 1.718282611288107 vs. 1.718282611288107
list:
dist: 1.5653272532886535 vs. 1.5653272532886535
list:
dist: 3.2557052339544503 vs. 3.2557052339544503
list:
dist: 1.8929782589938875 vs. 1.8929782589938875
list:
dist: 1.9511512322543574 vs. 1.9511512322543574
list:
dist: 1.7836257812469989 vs. 1.7836257812469989
list:
dist: 2.0618915505470157 vs. 2.0618915505470157
list:
dist: 2.680385388303849 vs. 2.680385388303849
list:
dist: 2.566174517195624 vs. 2.566174517195624
list:
dist: 1.3459981573019402 vs. 1.3459981573019402
list:
dist: 2.9710819032916898 vs. 2.9710819032916898
list:
dist: 2.009721987534079 vs. 2.009721987534079
list:
dist: 1.9188120893675682 vs. 1.9188120893675682
list:
dist: 1.3296590948663158 vs. 1.3296590948663158
list:
dist: 2.0399141290542273 vs. 2.0399141290542273
list:
dist: 0.6157686003657636 vs. 0.6157686003657636
list:
dist: 2.2487136954706908 vs. 2.2487136954706908
list:
dist: 1.3111877556126617 vs. 1.3111877556126617
list:
dist: 1.4579532125206718 vs. 1.4579532125206718
list:
dist: 2.196401350438676 vs. 2.196401350438676
list:
dist: 2.0649434328806464 vs. 2.0649434328806464
list:
dist: 1.9784515229104611 vs. 1.9784515229104611
list:
dist: 1.5209826204435106 vs. 1.5209826204435106
list:
dist: 1.5102927958634622 vs. 1.5102927958634622
list:
dist: 1.3459981573019402 vs. 1.3459981573019402
list:
dist: 1.8663258180329962 vs. 1.8663258180329962
list:
dist: 1.7664069071196986 vs. 1.7664069071196986
list:
dist: 2.0731208784666846 vs. 2.0731208784666846
list:
dist: 1.8406900986648733 vs. 1.8406900986648733
list:
dist: 2.5524167207025013 vs. 2.5524167207025013
list:
dist: 2.5599794864359535 vs. 2.5599794864359535
list:
dist: 2.7448377664900567 vs. 2.7448377664900567
list:
dist: 2.858774479949164 vs. 2.858774479949164
list:
dist: 1.7174422929721633 vs. 1.7174422929721633
list:
dist: 1.7953042902228713 vs. 1.7953042902228713
list:
dist: 0.9487874985427404 vs. 0.9487874985427404
list:
dist: 3.680933705730122 vs. 3.680933705730122
list:
dist: 2.5676375041264117 vs. 2.5676375041264117
list:
dist: 2.379784541548235 vs. 2.379784541548235
list:
dist: 1.8359468423340335 vs. 1.8359468423340335
list:
dist: 2.837426492418612 vs. 2.837426492418612
list:
dist: 2.1990630701481018 vs. 2.1990630701481018
list:
dist: 2.03279752975339 vs. 2.03279752975339
list:
dist: 2.445873065512637 vs. 2.445873065512637
list:
dist: 3.4393435509647414 vs. 3.4393435509647414
list:
dist: 2.8573732397527074 vs. 2.8573732397527074
list:
dist: 2.9792561676980993 vs. 2.9792561676980993
list:
dist: 2.166491926966228 vs. 2.166491926966228
list:
dist: 2.296057256447337 vs. 2.296057256447337
list:
dist: 2.43543976167924 vs. 2.43543976167924
list:
dist: 2.03837924102168 vs. 2.03837924102168
list:
dist: 2.0618915505470157 vs. 2.0618915505470157
list:
dist: 1.2728309689184456 vs. 1.2728309689184456
list:
dist: 0.6344678607367776 vs. 0.6344678607367776
list:
dist: 1.8663258180329962 vs. 1.8663258180329962
list:
dist: 2.2241328638279625 vs. 2.2241328638279625
list:
dist: 1.550404939881763 vs. 1.550404939881763
list:
dist: 1.8161300801469256 vs. 1.8161300801469256
list:
dist: 2.0534681457252018 vs. 2.0534681457252018
list:
dist: 2.071676304320584 vs. 2.071676304320584
list:
dist: 1.420051551542501 vs. 1.420051551542501
list:
dist: 1.4219607644973682 vs. 1.4219607644973682
list:
dist: 2.0334362113923854 vs. 2.0334362113923854
list:
dist: 3.0364952188569077 vs. 3.0364952188569077
list:
dist: 2.552153416321154 vs. 2.552153416321154
list:
dist: 0.8779831587349145 vs. 0.8779831587349145
list:
dist: 2.5463689123511797 vs. 2.5463689123511797
list:
dist: 2.3080161948155182 vs. 2.3080161948155182
list:
dist: 2.2552802027829846 vs. 2.2552802027829846
list:
dist: 2.187557889917 vs. 2.187557889917
list:
dist: 2.272995070166438 vs. 2.272995070166438
list:
dist: 2.6485495435691613 vs. 2.6485495435691613
list:
dist: 1.8744469293811525 vs. 1.8744469293811525
list:
dist: 2.6418579384662415 vs. 2.6418579384662415
list:
dist: 0.9710580626836797 vs. 0.9710580626836797
list:
dist: 2.525766594777444 vs. 2.525766594777444
list:
dist: 2.28267111561329 vs. 2.28267111561329
list:
dist: 2.0625983674907973 vs. 2.0625983674907973
list:
dist: 2.680385388303849 vs. 2.680385388303849
list:
dist: 1.2728309689184456 vs. 1.2728309689184456
list:
dist: 0.9178059247687683 vs. 0.9178059247687683
list:
dist: 1.7664069071196986 vs. 1.7664069071196986
list:
dist: 1.4595062839206894 vs. 1.4595062839206894
list:
dist: 1.024262839946949 vs. 1.024262839946949
list:
dist: 1.7539903790054814 vs. 1.7539903790054814
list:
dist: 1.8361479371603167 vs. 1.8361479371603167
list:
dist: 2.093108461911318 vs. 2.093108461911318
list:
dist: 1.8617583872382886 vs. 1.8617583872382886
list:
dist: 2.0161211247651516 vs. 2.0161211247651516
list:
dist: 2.2322704007615983 vs. 2.2322704007615983
list:
dist: 2.954034172991141 vs. 2.954034172991141
list:
dist: 2.110596064580945 vs. 2.110596064580945
list:
dist: 2.1507355774082457 vs. 2.1507355774082457
list:
dist: 3.235294247237765 vs. 3.235294247237765
list:
dist: 3.285909965680209 vs. 3.285909965680209
list:
dist: 3.152311405912783 vs. 3.152311405912783
list:
dist: 2.953029916342044 vs. 2.953029916342044
list:
dist: 2.9722755118290136 vs. 2.9722755118290136
list:
dist: 3.3914328097291317 vs. 3.3914328097291317
list:
dist: 2.674103922491474 vs. 2.674103922491474
list:
dist: 3.2186929904770203 vs. 3.2186929904770203
list:
dist: 2.417471077350579 vs. 2.417471077350579
list:
dist: 2.496653258101849 vs. 2.496653258101849
list:
dist: 2.365106091562362 vs. 2.365106091562362
list:
dist: 0.6157686003657636 vs. 0.6157686003657636
list:
dist: 2.5463689123511797 vs. 2.5463689123511797
list:
dist: 3.235294247237765 vs. 3.235294247237765
list:
dist: 3.053996248362347 vs. 3.053996248362347
list:
dist: 1.8359468423340335 vs. 1.8359468423340335
list:
dist: 3.3742444957254034 vs. 3.3742444957254034
list:
dist: 2.2752274478106136 vs. 2.2752274478106136
list:
dist: 2.148793403310492 vs. 2.148793403310492
list:
dist: 1.5592118833506396 vs. 1.5592118833506396
list:
dist: 2.3840197842760724 vs. 2.3840197842760724
list:
dist: 2.147628624298973 vs. 2.147628624298973
list:
dist: 1.1004771542887335 vs. 1.1004771542887335
list:
dist: 1.3382163449477817 vs. 1.3382163449477817
list:
dist: 2.1525466611117428 vs. 2.1525466611117428
list:
dist: 2.6772995074284176 vs. 2.6772995074284176
list:
dist: 0.5708186958602338 vs. 0.5708186958602338
list:
dist: 0.4922746321154843 vs. 0.4922746321154843
list:
dist: 1.7836257812469989 vs. 1.7836257812469989
list:
dist: 2.03837924102168 vs. 2.03837924102168
list:
dist: 2.0625983674907973 vs. 2.0625983674907973
list:
dist: 2.381829051720312 vs. 2.381829051720312
list:
dist: 1.5102927958634622 vs. 1.5102927958634622
list:
dist: 2.94987956242986 vs. 2.94987956242986
list:
dist: 2.783134994656309 vs. 2.783134994656309
list:
dist: 2.8082417341934067 vs. 2.8082417341934067
list:
dist: 2.3368444394133148 vs. 2.3368444394133148
list:
dist: 2.445504533382955 vs. 2.445504533382955
list:
dist: 2.365106091562362 vs. 2.365106091562362
list:
dist: 3.630632278879584 vs. 3.630632278879584
list:
dist: 2.9463773304621776 vs. 2.9463773304621776
list:
dist: 3.004506466526513 vs. 3.004506466526513
list:
dist: 3.525746565776793 vs. 3.525746565776793
list:
dist: 1.757363348136551 vs. 1.757363348136551
list:
dist: 2.552153416321154 vs. 2.552153416321154
list:
dist: 2.110596064580945 vs. 2.110596064580945
list:
dist: 2.158860562480242 vs. 2.158860562480242
list:
dist: 2.5676375041264117 vs. 2.5676375041264117
list:
dist: 0.988202857079538 vs. 0.988202857079538
list:
dist: 1.7448108173552759 vs. 1.7448108173552759
list:
dist: 1.0357066369260506 vs. 1.0357066369260506
list:
dist: 0.929505665467695 vs. 0.929505665467695
list:
dist: 1.1257071919186734 vs. 1.1257071919186734
list:
dist: 1.6658009958610558 vs. 1.6658009958610558
list:
dist: 1.8803581573074442 vs. 1.8803581573074442
list:
dist: 2.2729983477677576 vs. 2.2729983477677576
list:
dist: 1.3862711989362089 vs. 1.3862711989362089
list:
dist: 3.141284075252763 vs. 3.141284075252763
list:
dist: 3.071736650573697 vs. 3.071736650573697
list:
dist: 3.286313854635672 vs. 3.286313854635672
list:
dist: 2.849695508672492 vs. 2.849695508672492
list:
dist: 2.410823488999716 vs. 2.410823488999716
list:
dist: 2.599864924479639 vs. 2.599864924479639
list:
dist: 2.2916414993104826 vs. 2.2916414993104826
list:
dist: 2.210593244619454 vs. 2.210593244619454
list:
dist: 3.782168777893073 vs. 3.782168777893073
list:
dist: 3.757323438276615 vs. 3.757323438276615
list:
dist: 3.525746565776793 vs. 3.525746565776793
list:
dist: 2.196401350438676 vs. 2.196401350438676
list:
dist: 2.272995070166438 vs. 2.272995070166438
list:
dist: 2.9722755118290136 vs. 2.9722755118290136
list:
dist: 2.471085589384389 vs. 2.471085589384389
list:
dist: 2.445873065512637 vs. 2.445873065512637
list:
dist: 2.6554504114375725 vs. 2.6554504114375725
list:
dist: 2.924539955057329 vs. 2.924539955057329
list:
dist: 2.0913046424822133 vs. 2.0913046424822133
list:
dist: 2.3562098714121795 vs. 2.3562098714121795
list:
dist: 2.0980548375028785 vs. 2.0980548375028785
list:
dist: 1.1247290802593173 vs. 1.1247290802593173
list:
dist: 0.957914284933158 vs. 0.957914284933158
list:
dist: 1.6278017422440039 vs. 1.6278017422440039
list:
dist: 2.6466841384538973 vs. 2.6466841384538973
list:
dist: 2.410823488999716 vs. 2.410823488999716
list:
dist: 2.141440677029485 vs. 2.141440677029485
list:
dist: 2.1525466611117428 vs. 2.1525466611117428
list:
dist: 0.805635193057656 vs. 0.805635193057656
list:
dist: 1.2090469399944879 vs. 1.2090469399944879
list:
dist: 0.8183905308780461 vs. 0.8183905308780461
list:
dist: 1.2402938970600481 vs. 1.2402938970600481
list:
dist: 1.1394997938105642 vs. 1.1394997938105642
list:
dist: 0.7494006227516464 vs. 0.7494006227516464
list:
dist: 2.8352731561677063 vs. 2.8352731561677063
list:
dist: 3.0364952188569077 vs. 3.0364952188569077
list:
dist: 2.954034172991141 vs. 2.954034172991141
list:
dist: 2.619414869868259 vs. 2.619414869868259
list:
dist: 3.680933705730122 vs. 3.680933705730122
list:
dist: 2.3013285777431425 vs. 2.3013285777431425
list:
dist: 2.161205609424038 vs. 2.161205609424038
list:
dist: 1.2659454309993359 vs. 1.2659454309993359
list:
dist: 1.1185420508191528 vs. 1.1185420508191528
list:
dist: 0.9667767208012276 vs. 0.9667767208012276
list:
dist: 2.2512583195809173 vs. 2.2512583195809173
list:
dist: 2.3737319750983614 vs. 2.3737319750983614
list:
dist: 3.250600645577916 vs. 3.250600645577916
list:
dist: 1.3862711989362089 vs. 1.3862711989362089
list:
dist: 3.3890181443952687 vs. 3.3890181443952687
list:
dist: 3.1251215965445147 vs. 3.1251215965445147
list:
dist: 3.7379177691853234 vs. 3.7379177691853234
list:
dist: 3.336604893582634 vs. 3.336604893582634
list:
dist: 2.6466841384538973 vs. 2.6466841384538973
list:
dist: 2.1468983126330707 vs. 2.1468983126330707
list:
dist: 2.0944304682555943 vs. 2.0944304682555943
list:
dist: 2.122200008406707 vs. 2.122200008406707
list:
dist: 0.9685430631584926 vs. 0.9685430631584926
list:
dist: 3.484550707105819 vs. 3.484550707105819
list:
dist: 3.0022022560087347 vs. 3.0022022560087347
list:
dist: 2.94987956242986 vs. 2.94987956242986
list:
dist: 2.9710819032916898 vs. 2.9710819032916898
list:
dist: 2.2241328638279625 vs. 2.2241328638279625
list:
dist: 1.4595062839206894 vs. 1.4595062839206894
list:
dist: 1.8793175020034076 vs. 1.8793175020034076
list:
dist: 1.8406900986648733 vs. 1.8406900986648733
list:
dist: 1.594452517225618 vs. 1.594452517225618
list:
dist: 1.463349631822874 vs. 1.463349631822874
list:
dist: 1.4463736486646432 vs. 1.4463736486646432
list:
dist: 1.7380292103621715 vs. 1.7380292103621715
list:
dist: 1.6763869841659882 vs. 1.6763869841659882
list:
dist: 1.9099332176317765 vs. 1.9099332176317765
list:
dist: 1.8869885596990277 vs. 1.8869885596990277
list:
dist: 2.3013285777431425 vs. 2.3013285777431425
list:
dist: 0.988202857079538 vs. 0.988202857079538
list:
dist: 2.9691998753290556 vs. 2.9691998753290556
list:
dist: 3.3742444957254034 vs. 3.3742444957254034
list:
dist: 3.275782312207788 vs. 3.275782312207788
list:
dist: 3.197881654466243 vs. 3.197881654466243
list:
dist: 2.8184707495064627 vs. 2.8184707495064627
list:
dist: 2.6554504114375725 vs. 2.6554504114375725
list:
dist: 3.1579705578278032 vs. 3.1579705578278032
list:
dist: 2.6684106727163797 vs. 2.6684106727163797
list:
dist: 2.727623295080033 vs. 2.727623295080033
list:
dist: 1.8321426848455515 vs. 1.8321426848455515
list:
dist: 2.0534681457252018 vs. 2.0534681457252018
list:
dist: 1.8361479371603167 vs. 1.8361479371603167
list:
dist: 1.5760517075686 vs. 1.5760517075686
list:
dist: 2.7448377664900567 vs. 2.7448377664900567
list:
dist: 1.4463736486646432 vs. 1.4463736486646432
list:
dist: 1.115388766668372 vs. 1.115388766668372
list:
dist: 0.3034404559953914 vs. 0.3034404559953914
list:
dist: 0.4071865732129459 vs. 0.4071865732129459
list:
dist: 1.535532808995813 vs. 1.535532808995813
list:
dist: 1.7095936214132923 vs. 1.7095936214132923
list:
dist: 2.5233573787212733 vs. 2.5233573787212733
list:
dist: 1.1185420508191528 vs. 1.1185420508191528
list:
dist: 0.929505665467695 vs. 0.929505665467695
list:
dist: 2.5904152678339534 vs. 2.5904152678339534
list:
dist: 2.822061630330613 vs. 2.822061630330613
list:
dist: 3.203928472553115 vs. 3.203928472553115
list:
dist: 2.839817804149503 vs. 2.839817804149503
list:
dist: 2.3562098714121795 vs. 2.3562098714121795
list:
dist: 2.247666310344742 vs. 2.247666310344742
list:
dist: 1.8105448845657328 vs. 1.8105448845657328
list:
dist: 2.141355943825088 vs. 2.141355943825088
list:
dist: 3.057645109569088 vs. 3.057645109569088
list:
dist: 3.185777269519518 vs. 3.185777269519518
list:
dist: 2.9463773304621776 vs. 2.9463773304621776
list:
dist: 1.3111877556126617 vs. 1.3111877556126617
list:
dist: 2.2552802027829846 vs. 2.2552802027829846
list:
dist: 3.152311405912783 vs. 3.152311405912783
list:
dist: 2.7113167579908173 vs. 2.7113167579908173
list:
dist: 2.1990630701481018 vs. 2.1990630701481018
list:
dist: 3.197881654466243 vs. 3.197881654466243
list:
dist: 3.425669887332269 vs. 3.425669887332269
list:
dist: 2.9121372926323907 vs. 2.9121372926323907
list:
dist: 3.203928472553115 vs. 3.203928472553115
list:
dist: 3.0195814590806846 vs. 3.0195814590806846
list:
dist: 1.699652888030005 vs. 1.699652888030005
list:
dist: 1.4991614670294864 vs. 1.4991614670294864
list:
dist: 1.5802210438859956 vs. 1.5802210438859956
list:
dist: 3.7379177691853234 vs. 3.7379177691853234
list:
dist: 3.286313854635672 vs. 3.286313854635672
list:
dist: 1.9196014756308812 vs. 1.9196014756308812
list:
dist: 1.1004771542887335 vs. 1.1004771542887335
list:
dist: 1.0529327546418246 vs. 1.0529327546418246
list:
dist: 0.49037188973722307 vs. 0.49037188973722307
list:
dist: 1.2090469399944879 vs. 1.2090469399944879
list:
dist: 2.233561952752287 vs. 2.233561952752287
list:
dist: 1.9499737661331633 vs. 1.9499737661331633
list:
dist: 1.9445706568081422 vs. 1.9445706568081422
list:
dist: 1.8744469293811525 vs. 1.8744469293811525
list:
dist: 2.674103922491474 vs. 2.674103922491474
list:
dist: 1.9311166886539144 vs. 1.9311166886539144
list:
dist: 2.8573732397527074 vs. 2.8573732397527074
list:
dist: 2.6684106727163797 vs. 2.6684106727163797
list:
dist: 2.3139920422772096 vs. 2.3139920422772096
list:
dist: 1.5434290954299308 vs. 1.5434290954299308
list:
dist: 1.8105448845657328 vs. 1.8105448845657328
list:
dist: 1.4740896175850422 vs. 1.4740896175850422
list:
dist: 1.2075034401971159 vs. 1.2075034401971159
list:
dist: 1.084301285251567 vs. 1.084301285251567
list:
dist: 2.304750441178826 vs. 2.304750441178826
list:
dist: 2.0944304682555943 vs. 2.0944304682555943
list:
dist: 2.2916414993104826 vs. 2.2916414993104826
list:
dist: 1.710112181831673 vs. 1.710112181831673
list:
dist: 1.1719064574660814 vs. 1.1719064574660814
list:
dist: 1.9499737661331633 vs. 1.9499737661331633
list:
dist: 1.718282611288107 vs. 1.718282611288107
list:
dist: 1.1394997938105642 vs. 1.1394997938105642
list:
dist: 0.7784349366126478 vs. 0.7784349366126478
list:
dist: 1.060791463612771 vs. 1.060791463612771
list:
dist: 2.1846791462900947 vs. 2.1846791462900947
list:
dist: 2.6418579384662415 vs. 2.6418579384662415
list:
dist: 3.2186929904770203 vs. 3.2186929904770203
list:
dist: 2.6858145155732074 vs. 2.6858145155732074
list:
dist: 2.9792561676980993 vs. 2.9792561676980993
list:
dist: 2.727623295080033 vs. 2.727623295080033
list:
dist: 2.9401406640478966 vs. 2.9401406640478966
list:
dist: 1.9278245728421686 vs. 1.9278245728421686
list:
dist: 2.141355943825088 vs. 2.141355943825088
list:
dist: 1.8150153804359315 vs. 1.8150153804359315
list:
dist: 1.424662977741045 vs. 1.424662977741045
list:
dist: 1.336709426399752 vs. 1.336709426399752
list:
dist: 2.1729653313662505 vs. 2.1729653313662505
list:
dist: 2.122200008406707 vs. 2.122200008406707
list:
dist: 2.210593244619454 vs. 2.210593244619454
list:
dist: 2.5689278585778546 vs. 2.5689278585778546
list:
dist: 1.258001939536309 vs. 1.258001939536309
list:
dist: 1.9445706568081422 vs. 1.9445706568081422
list:
dist: 1.5653272532886535 vs. 1.5653272532886535
list:
dist: 0.7494006227516464 vs. 0.7494006227516464
list:
dist: 0.791357432502745 vs. 0.791357432502745
list:
dist: 1.060791463612771 vs. 1.060791463612771
list:
dist: 2.4762838618731156 vs. 2.4762838618731156
list:
dist: 2.71496788725575 vs. 2.71496788725575
list:
dist: 2.4086022315916034 vs. 2.4086022315916034
list:
dist: 2.3368444394133148 vs. 2.3368444394133148
list:
dist: 1.3296590948663158 vs. 1.3296590948663158
list:
dist: 2.0334362113923854 vs. 2.0334362113923854
list:
dist: 2.2322704007615983 vs. 2.2322704007615983
list:
dist: 2.2457136027090967 vs. 2.2457136027090967
list:
dist: 0.9487874985427404 vs. 0.9487874985427404
list:
dist: 1.8869885596990277 vs. 1.8869885596990277
list:
dist: 2.7066878095180504 vs. 2.7066878095180504
list:
dist: 2.3050816233428506 vs. 2.3050816233428506
list:
dist: 2.5233573787212733 vs. 2.5233573787212733
list:
dist: 2.5241104696587273 vs. 2.5241104696587273
list:
dist: 1.2172619064797177 vs. 1.2172619064797177
list:
dist: 1.2508672956025706 vs. 1.2508672956025706
list:
dist: 3.250600645577916 vs. 3.250600645577916
list:
dist: 2.2729983477677576 vs. 2.2729983477677576
list:
dist: 2.3447772243604326 vs. 2.3447772243604326
list:
dist: 1.5592118833506396 vs. 1.5592118833506396
list:
dist: 2.1452908936151958 vs. 2.1452908936151958
list:
dist: 1.5802210438859956 vs. 1.5802210438859956
list:
dist: 1.2712717566404916 vs. 1.2712717566404916
list:
dist: 1.6278017422440039 vs. 1.6278017422440039
list:
dist: 2.7394633822954453 vs. 2.7394633822954453
list:
dist: 2.304750441178826 vs. 2.304750441178826
list:
dist: 2.1729653313662505 vs. 2.1729653313662505
list:
dist: 2.246390764969541 vs. 2.246390764969541
list:
dist: 3.1423783520719875 vs. 3.1423783520719875
list:
dist: 3.018979091842152 vs. 3.018979091842152
list:
dist: 2.783134994656309 vs. 2.783134994656309
list:
dist: 2.009721987534079 vs. 2.009721987534079
list:
dist: 1.420051551542501 vs. 1.420051551542501
list:
dist: 1.8617583872382886 vs. 1.8617583872382886
list:
dist: 1.4720874642568818 vs. 1.4720874642568818
list:
dist: 1.7174422929721633 vs. 1.7174422929721633
list:
dist: 1.6763869841659882 vs. 1.6763869841659882
list:
dist: 1.8835770802531597 vs. 1.8835770802531597
list:
dist: 1.258006912695721 vs. 1.258006912695721
list:
dist: 1.535532808995813 vs. 1.535532808995813
list:
dist: 1.4311512415885823 vs. 1.4311512415885823
list:
dist: 0.23594532378611202 vs. 0.23594532378611202
list:
dist: 1.2172619064797177 vs. 1.2172619064797177
list:
dist: 2.2512583195809173 vs. 2.2512583195809173
list:
dist: 1.6658009958610558 vs. 1.6658009958610558
list:
dist: 1.7160591691140297 vs. 1.7160591691140297
list:
dist: 2.2752274478106136 vs. 2.2752274478106136
list:
dist: 1.6128561174040348 vs. 1.6128561174040348
list:
dist: 1.699652888030005 vs. 1.699652888030005
list:
dist: 1.3418936464887825 vs. 1.3418936464887825
list:
dist: 1.1247290802593173 vs. 1.1247290802593173
list:
dist: 1.7758408235937602 vs. 1.7758408235937602
list:
dist: 1.2075034401971159 vs. 1.2075034401971159
list:
dist: 1.424662977741045 vs. 1.424662977741045
list:
dist: 2.740589130744673 vs. 2.740589130744673
list:
dist: 0.8642013467448352 vs. 0.8642013467448352
list:
dist: 0.4922746321154843 vs. 0.4922746321154843
list:
dist: 1.9511512322543574 vs. 1.9511512322543574
list:
dist: 2.43543976167924 vs. 2.43543976167924
list:
dist: 2.28267111561329 vs. 2.28267111561329
list:
dist: 2.726255424342465 vs. 2.726255424342465
list:
dist: 1.5209826204435106 vs. 1.5209826204435106
list:
dist: 3.0022022560087347 vs. 3.0022022560087347
list:
dist: 3.018979091842152 vs. 3.018979091842152
list:
dist: 3.0628417204466425 vs. 3.0628417204466425
list:
dist: 2.4086022315916034 vs. 2.4086022315916034
list:
dist: 2.8862191340584475 vs. 2.8862191340584475
list:
dist: 2.496653258101849 vs. 2.496653258101849
list:
dist: 3.9316283912957015 vs. 3.9316283912957015
list:
dist: 3.185777269519518 vs. 3.185777269519518
list:
dist: 3.215814160817523 vs. 3.215814160817523
list:
dist: 3.757323438276615 vs. 3.757323438276615
list:
dist: 2.1846791462900947 vs. 2.1846791462900947
list:
dist: 3.212395787654569 vs. 3.212395787654569
list:
dist: 0.8642013467448352 vs. 0.8642013467448352
list:
dist: 0.5708186958602338 vs. 0.5708186958602338
list:
dist: 1.8929782589938875 vs. 1.8929782589938875
list:
dist: 2.296057256447337 vs. 2.296057256447337
list:
dist: 2.525766594777444 vs. 2.525766594777444
list:
dist: 2.720802230066967 vs. 2.720802230066967
list:
dist: 1.9784515229104611 vs. 1.9784515229104611
list:
dist: 3.484550707105819 vs. 3.484550707105819
list:
dist: 3.1423783520719875 vs. 3.1423783520719875
list:
dist: 3.131890658644938 vs. 3.131890658644938
list:
dist: 2.71496788725575 vs. 2.71496788725575
list:
dist: 2.52888692706333 vs. 2.52888692706333
list:
dist: 2.417471077350579 vs. 2.417471077350579
list:
dist: 3.7763370516725763 vs. 3.7763370516725763
list:
dist: 3.057645109569088 vs. 3.057645109569088
list:
dist: 3.202094648353694 vs. 3.202094648353694
list:
dist: 3.782168777893073 vs. 3.782168777893073
list:
dist: 3.212395787654569 vs. 3.212395787654569
list:
dist: 2.740589130744673 vs. 2.740589130744673
list:
dist: 2.6772995074284176 vs. 2.6772995074284176
list:
dist: 3.2557052339544503 vs. 3.2557052339544503
list:
dist: 2.166491926966228 vs. 2.166491926966228
list:
dist: 0.9710580626836797 vs. 0.9710580626836797
list:
dist: 1.7355166406506006 vs. 1.7355166406506006
list:
dist: 2.0649434328806464 vs. 2.0649434328806464
list:
dist: 0.9685430631584926 vs. 0.9685430631584926
list:
dist: 1.332813936370468 vs. 1.332813936370468
list:
dist: 1.8802151921323051 vs. 1.8802151921323051
list:
dist: 1.8321426848455515 vs. 1.8321426848455515
list:
dist: 2.1952659958828984 vs. 2.1952659958828984
list:
dist: 2.246390764969541 vs. 2.246390764969541
list:
dist: 2.4590223565226426 vs. 2.4590223565226426
list:
dist: 2.4762838618731156 vs. 2.4762838618731156
list:
dist: 2.8352731561677063 vs. 2.8352731561677063
list:
dist: 1.757363348136551 vs. 1.757363348136551
list:
dist: 1.8802151921323051 vs. 1.8802151921323051
list:
dist: 1.8161300801469256 vs. 1.8161300801469256
list:
dist: 1.7539903790054814 vs. 1.7539903790054814
list:
dist: 1.395532172222378 vs. 1.395532172222378
list:
dist: 2.5599794864359535 vs. 2.5599794864359535
list:
dist: 1.463349631822874 vs. 1.463349631822874
list:
dist: 1.1238238668699216 vs. 1.1238238668699216
list:
dist: 0.3034404559953914 vs. 0.3034404559953914
list:
dist: 0.3471395851032725 vs. 0.3471395851032725
list:
dist: 1.258006912695721 vs. 1.258006912695721
list:
dist: 1.4212745713360548 vs. 1.4212745713360548
list:
dist: 2.3050816233428506 vs. 2.3050816233428506
list:
dist: 1.2659454309993359 vs. 1.2659454309993359
list:
dist: 1.0357066369260506 vs. 1.0357066369260506
list:
dist: 2.3157852388550952 vs. 2.3157852388550952
list:
dist: 2.5351881415621644 vs. 2.5351881415621644
list:
dist: 2.9121372926323907 vs. 2.9121372926323907
list:
dist: 2.5591208850189866 vs. 2.5591208850189866
list:
dist: 2.0913046424822133 vs. 2.0913046424822133
list:
dist: 2.033538949729507 vs. 2.033538949729507
list:
dist: 1.5434290954299308 vs. 1.5434290954299308
list:
dist: 1.9278245728421686 vs. 1.9278245728421686
list:
dist: 2.52888692706333 vs. 2.52888692706333
list:
dist: 2.8862191340584475 vs. 2.8862191340584475
list:
dist: 2.445504533382955 vs. 2.445504533382955
list:
dist: 2.0399141290542273 vs. 2.0399141290542273
list:
dist: 0.8779831587349145 vs. 0.8779831587349145
list:
dist: 2.1507355774082457 vs. 2.1507355774082457
list:
dist: 1.4086167297919712 vs. 1.4086167297919712
list:
dist: 2.379784541548235 vs. 2.379784541548235
list:
dist: 2.9691998753290556 vs. 2.9691998753290556
list:
dist: 2.2850721677190955 vs. 2.2850721677190955
list:
dist: 2.3157852388550952 vs. 2.3157852388550952
list:
dist: 2.5904152678339534 vs. 2.5904152678339534
list:
dist: 2.478724357573883 vs. 2.478724357573883
list:
dist: 1.7160591691140297 vs. 1.7160591691140297
list:
dist: 1.5941860643590884 vs. 1.5941860643590884
list:
dist: 2.3447772243604326 vs. 2.3447772243604326
list:
dist: 3.3890181443952687 vs. 3.3890181443952687
list:
dist: 3.141284075252763 vs. 3.141284075252763
list:
dist: 2.3840197842760724 vs. 2.3840197842760724
list:
dist: 1.8686450934405991 vs. 1.8686450934405991
list:
dist: 1.9196014756308812 vs. 1.9196014756308812
list:
dist: 2.005105342361867 vs. 2.005105342361867
list:
dist: 2.141440677029485 vs. 2.141440677029485
list:
dist: 2.419691036314109 vs. 2.419691036314109
list:
dist: 1.710112181831673 vs. 1.710112181831673
list:
dist: 2.5689278585778546 vs. 2.5689278585778546
list:
dist: 2.4590223565226426 vs. 2.4590223565226426
list:
dist: 3.131890658644938 vs. 3.131890658644938
list:
dist: 3.0628417204466425 vs. 3.0628417204466425
list:
dist: 2.8082417341934067 vs. 2.8082417341934067
list:
dist: 1.9188120893675682 vs. 1.9188120893675682
list:
dist: 1.4219607644973682 vs. 1.4219607644973682
list:
dist: 2.0161211247651516 vs. 2.0161211247651516
list:
dist: 1.5558421729716736 vs. 1.5558421729716736
list:
dist: 1.7953042902228713 vs. 1.7953042902228713
list:
dist: 1.9099332176317765 vs. 1.9099332176317765
list:
dist: 2.042853716881954 vs. 2.042853716881954
list:
dist: 1.4212745713360548 vs. 1.4212745713360548
list:
dist: 1.7095936214132923 vs. 1.7095936214132923
list:
dist: 1.565368830799834 vs. 1.565368830799834
list:
dist: 0.23594532378611202 vs. 0.23594532378611202
list:
dist: 1.2508672956025706 vs. 1.2508672956025706
list:
dist: 2.3737319750983614 vs. 2.3737319750983614
list:
dist: 1.8803581573074442 vs. 1.8803581573074442
list:
dist: 1.5941860643590884 vs. 1.5941860643590884
list:
dist: 2.148793403310492 vs. 2.148793403310492
list:
dist: 1.3865514139026611 vs. 1.3865514139026611
list:
dist: 1.4991614670294864 vs. 1.4991614670294864
list:
dist: 1.1600202306168657 vs. 1.1600202306168657
list:
dist: 0.957914284933158 vs. 0.957914284933158
list:
dist: 1.6563882159625865 vs. 1.6563882159625865
list:
dist: 1.084301285251567 vs. 1.084301285251567
list:
dist: 1.336709426399752 vs. 1.336709426399752
list:
dist: 2.1952659958828984 vs. 2.1952659958828984
list:
dist: 2.071676304320584 vs. 2.071676304320584
list:
dist: 2.093108461911318 vs. 2.093108461911318
list:
dist: 1.6745870036058834 vs. 1.6745870036058834
list:
dist: 2.858774479949164 vs. 2.858774479949164
list:
dist: 1.7380292103621715 vs. 1.7380292103621715
list:
dist: 1.3883600474532332 vs. 1.3883600474532332
list:
dist: 0.3471395851032725 vs. 0.3471395851032725
list:
dist: 0.4071865732129459 vs. 0.4071865732129459
list:
dist: 1.4311512415885823 vs. 1.4311512415885823
list:
dist: 1.565368830799834 vs. 1.565368830799834
list:
dist: 2.5241104696587273 vs. 2.5241104696587273
list:
dist: 0.9667767208012276 vs. 0.9667767208012276
list:
dist: 1.1257071919186734 vs. 1.1257071919186734
list:
dist: 2.478724357573883 vs. 2.478724357573883
list:
dist: 2.53022004234302 vs. 2.53022004234302
list:
dist: 3.0195814590806846 vs. 3.0195814590806846
list:
dist: 2.658086269634447 vs. 2.658086269634447
list:
dist: 2.0980548375028785 vs. 2.0980548375028785
list:
dist: 1.8591195439852966 vs. 1.8591195439852966
list:
dist: 1.4740896175850422 vs. 1.4740896175850422
list:
dist: 1.8150153804359315 vs. 1.8150153804359315
list:
dist: 3.7763370516725763 vs. 3.7763370516725763
list:
dist: 3.9316283912957015 vs. 3.9316283912957015
list:
dist: 3.630632278879584 vs. 3.630632278879584
list:
dist: 2.2487136954706908 vs. 2.2487136954706908
list:
dist: 2.3080161948155182 vs. 2.3080161948155182
list:
dist: 3.285909965680209 vs. 3.285909965680209
list:
dist: 2.632648890970366 vs. 2.632648890970366
list:
dist: 2.837426492418612 vs. 2.837426492418612
list:
dist: 3.275782312207788 vs. 3.275782312207788
list:
dist: 3.2342270084107874 vs. 3.2342270084107874
list:
dist: 2.5351881415621644 vs. 2.5351881415621644
list:
dist: 2.822061630330613 vs. 2.822061630330613
list:
dist: 2.53022004234302 vs. 2.53022004234302
list:
dist: 1.6128561174040348 vs. 1.6128561174040348
list:
dist: 1.3865514139026611 vs. 1.3865514139026611
list:
dist: 2.1452908936151958 vs. 2.1452908936151958
list:
dist: 3.1251215965445147 vs. 3.1251215965445147
list:
dist: 3.071736650573697 vs. 3.071736650573697
list:
dist: 1.8686450934405991 vs. 1.8686450934405991
list:
dist: 2.147628624298973 vs. 2.147628624298973
list:
dist: 1.0529327546418246 vs. 1.0529327546418246
list:
dist: 1.0017528738777015 vs. 1.0017528738777015
list:
dist: 0.805635193057656 vs. 0.805635193057656
list:
dist: 1.2692519747913706 vs. 1.2692519747913706
list:
dist: 1.1719064574660814 vs. 1.1719064574660814
list:
dist: 1.258001939536309 vs. 1.258001939536309
list:
dist: 1.7355166406506006 vs. 1.7355166406506006
list:
dist: 2.720802230066967 vs. 2.720802230066967
list:
dist: 2.726255424342465 vs. 2.726255424342465
list:
dist: 2.381829051720312 vs. 2.381829051720312
list:
dist: 2.566174517195624 vs. 2.566174517195624
list:
dist: 0.6344678607367776 vs. 0.6344678607367776
list:
dist: 0.9178059247687683 vs. 0.9178059247687683
list:
dist: 2.0731208784666846 vs. 2.0731208784666846
list:
dist: 1.8793175020034076 vs. 1.8793175020034076
list:
dist: 0.918737590929563 vs. 0.918737590929563
list:
dist: 1.395532172222378 vs. 1.395532172222378
list:
dist: 1.5760517075686 vs. 1.5760517075686
list:
dist: 1.6745870036058834 vs. 1.6745870036058834
list:
dist: 1.4720874642568818 vs. 1.4720874642568818
list:
dist: 1.5558421729716736 vs. 1.5558421729716736
list:
dist: 2.2457136027090967 vs. 2.2457136027090967
list:
dist: 2.619414869868259 vs. 2.619414869868259
list:
dist: 2.158860562480242 vs. 2.158860562480242
list:
dist: 1.4086167297919712 vs. 1.4086167297919712
list:
dist: 3.053996248362347 vs. 3.053996248362347
list:
dist: 2.632648890970366 vs. 2.632648890970366
list:
dist: 2.7113167579908173 vs. 2.7113167579908173
list:
dist: 2.5503052107468034 vs. 2.5503052107468034
list:
dist: 2.471085589384389 vs. 2.471085589384389
list:
dist: 2.688436408003172 vs. 2.688436408003172
list:
dist: 1.9311166886539144 vs. 1.9311166886539144
list:
dist: 2.6858145155732074 vs. 2.6858145155732074
list:
dist: 2.6485495435691613 vs. 2.6485495435691613
list:
dist: 3.3914328097291317 vs. 3.3914328097291317
list:
dist: 2.688436408003172 vs. 2.688436408003172
list:
dist: 3.4393435509647414 vs. 3.4393435509647414
list:
dist: 3.1579705578278032 vs. 3.1579705578278032
list:
dist: 2.964410741958793 vs. 2.964410741958793
list:
dist: 2.033538949729507 vs. 2.033538949729507
list:
dist: 2.247666310344742 vs. 2.247666310344742
list:
dist: 1.8591195439852966 vs. 1.8591195439852966
list:
dist: 1.7758408235937602 vs. 1.7758408235937602
list:
dist: 1.6563882159625865 vs. 1.6563882159625865
list:
dist: 2.7394633822954453 vs. 2.7394633822954453
list:
dist: 2.1468983126330707 vs. 2.1468983126330707
list:
dist: 2.599864924479639 vs. 2.599864924479639
list:
dist: 2.419691036314109 vs. 2.419691036314109
list:
dist: 1.2692519747913706 vs. 1.2692519747913706
list:
dist: 2.233561952752287 vs. 2.233561952752287
list:
dist: 1.982414999330285 vs. 1.982414999330285
list:
dist: 1.2402938970600481 vs. 1.2402938970600481
list:
dist: 0.7784349366126478 vs. 0.7784349366126478
list:
dist: 0.791357432502745 vs. 0.791357432502745
400
rk
<OccurredElementalReaction>
	 elmtlRkId: 3
	 p(id,type,coords) 75 4 5.082309661553533 0.19745064802138684 17.057892039518293
</OccurredElementalReaction>
rk
<OccurredElementalReaction>
	 elmtlRkId: 1
	 p(id,type,coords) 40 2 2.2540457189468976 5.062081674521279 6.072649398042024
</OccurredElementalReaction>
500
Neighbor List consistency Check...
--------
nle(id0,id1,dist): 5 7 1.9765789495642476
list:
dist: 1.9765789495642476 vs. 1.9765789495642476
--------
nle(id0,id1,dist): 5 21 2.2732090077935627
list:
dist: 2.2732090077935627 vs. 2.2732090077935627
--------
nle(id0,id1,dist): 5 20 3.343885636227248
list:
dist: 3.343885636227248 vs. 3.343885636227248
--------
nle(id0,id1,dist): 5 23 1.5689624222257108
list:
dist: 1.5689624222257108 vs. 1.5689624222257108
--------
nle(id0,id1,dist): 5 22 3.316443052738357
list:
dist: 3.316443052738357 vs. 3.316443052738357
--------
nle(id0,id1,dist): 5 17 2.359206819994823
list:
dist: 2.359206819994823 vs. 2.359206819994823
--------
nle(id0,id1,dist): 5 16 1.5337427097810852
list:
dist: 1.5337427097810852 vs. 1.5337427097810852
--------
nle(id0,id1,dist): 5 18 2.713441115444619
list:
dist: 2.713441115444619 vs. 2.713441115444619
--------
nle(id0,id1,dist): 5 13 3.139480744783256
list:
dist: 3.139480744783256 vs. 3.139480744783256
--------
nle(id0,id1,dist): 5 12 2.6763497689997853
list:
dist: 2.6763497689997853 vs. 2.6763497689997853
--------
nle(id0,id1,dist): 5 15 1.911431397902171
list:
dist: 1.911431397902171 vs. 1.911431397902171
--------
nle(id0,id1,dist): 5 9 0.9106025579700444
list:
dist: 0.9106025579700444 vs. 0.9106025579700444
--------
nle(id0,id1,dist): 5 11 2.0564852150637973
list:
dist: 2.0564852150637973 vs. 2.0564852150637973
--------
nle(id0,id1,dist): 5 10 2.8010401801221656
list:
dist: 2.8010401801221656 vs. 2.8010401801221656
--------
nle(id0,id1,dist): 4 12 2.2600076326965315
list:
dist: 2.2600076326965315 vs. 2.2600076326965315
--------
nle(id0,id1,dist): 4 9 1.4537069389516961
list:
dist: 1.4537069389516961 vs. 1.4537069389516961
--------
nle(id0,id1,dist): 4 8 3.106163801922248
list:
dist: 3.106163801922248 vs. 3.106163801922248
--------
nle(id0,id1,dist): 4 5 1.5157357507872204
list:
dist: 1.5157357507872204 vs. 1.5157357507872204
--------
nle(id0,id1,dist): 4 6 1.6085443139777784
list:
dist: 1.6085443139777784 vs. 1.6085443139777784
--------
nle(id0,id1,dist): 4 23 2.055914908912602
list:
dist: 2.055914908912602 vs. 2.055914908912602
--------
nle(id0,id1,dist): 4 16 1.3615795837260964
list:
dist: 1.3615795837260964 vs. 1.3615795837260964
--------
nle(id0,id1,dist): 7 9 1.10008175340516
list:
dist: 1.10008175340516 vs. 1.10008175340516
--------
nle(id0,id1,dist): 7 8 2.373805947009418
list:
dist: 2.373805947009418 vs. 2.373805947009418
--------
nle(id0,id1,dist): 7 11 1.7419853389833309
list:
dist: 1.7419853389833309 vs. 1.7419853389833309
--------
nle(id0,id1,dist): 7 10 1.8527702771011885
list:
dist: 1.8527702771011885 vs. 1.8527702771011885
--------
nle(id0,id1,dist): 7 13 1.2838531438868106
list:
dist: 1.2838531438868106 vs. 1.2838531438868106
--------
nle(id0,id1,dist): 7 12 1.35722675124599
list:
dist: 1.35722675124599 vs. 1.35722675124599
--------
nle(id0,id1,dist): 5 26 3.271808021276546
list:
dist: 3.271808021276546 vs. 3.271808021276546
--------
nle(id0,id1,dist): 5 27 4.100694238303323
list:
dist: 4.100694238303323 vs. 4.100694238303323
--------
nle(id0,id1,dist): 5 24 4.138987770375211
list:
dist: 4.138987770375211 vs. 4.138987770375211
--------
nle(id0,id1,dist): 5 25 2.1101100102351533
list:
dist: 2.1101100102351533 vs. 2.1101100102351533
--------
nle(id0,id1,dist): 5 28 2.1988175616990815
list:
dist: 2.1988175616990815 vs. 2.1988175616990815
--------
nle(id0,id1,dist): 6 12 2.234449323486847
list:
dist: 2.234449323486847 vs. 2.234449323486847
--------
nle(id0,id1,dist): 6 9 2.2100163504895214
list:
dist: 2.2100163504895214 vs. 2.2100163504895214
--------
nle(id0,id1,dist): 6 8 1.965066500938458
list:
dist: 1.965066500938458 vs. 1.965066500938458
--------
nle(id0,id1,dist): 8 13 2.6102620427251897
list:
dist: 2.6102620427251897 vs. 2.6102620427251897
--------
nle(id0,id1,dist): 8 10 3.9592539283866084
list:
dist: 3.9592539283866084 vs. 3.9592539283866084
--------
nle(id0,id1,dist): 8 9 3.0047247495865896
list:
dist: 3.0047247495865896 vs. 3.0047247495865896
--------
nle(id0,id1,dist): 8 12 1.8094024112889717
list:
dist: 1.8094024112889717 vs. 1.8094024112889717
--------
nle(id0,id1,dist): 8 18 3.5981797352530775
list:
dist: 3.5981797352530775 vs. 3.5981797352530775
--------
nle(id0,id1,dist): 7 21 3.187807693742732
list:
dist: 3.187807693742732 vs. 3.187807693742732
--------
nle(id0,id1,dist): 7 20 2.834453507727347
list:
dist: 2.834453507727347 vs. 2.834453507727347
--------
nle(id0,id1,dist): 7 19 2.2368549980279617
list:
dist: 2.2368549980279617 vs. 2.2368549980279617
--------
nle(id0,id1,dist): 7 18 1.5156714372978353
list:
dist: 1.5156714372978353 vs. 1.5156714372978353
--------
nle(id0,id1,dist): 7 17 3.157492158764373
list:
dist: 3.157492158764373 vs. 3.157492158764373
--------
nle(id0,id1,dist): 7 16 2.137272149806285
list:
dist: 2.137272149806285 vs. 2.137272149806285
--------
nle(id0,id1,dist): 7 15 1.9945307512559873
list:
dist: 1.9945307512559873 vs. 1.9945307512559873
--------
nle(id0,id1,dist): 7 14 3.0907131428674783
list:
dist: 3.0907131428674783 vs. 3.0907131428674783
--------
nle(id0,id1,dist): 7 29 4.288207325047044
list:
dist: 4.288207325047044 vs. 4.288207325047044
--------
nle(id0,id1,dist): 7 25 2.631218431617094
list:
dist: 2.631218431617094 vs. 2.631218431617094
--------
nle(id0,id1,dist): 7 23 2.080620805495159
list:
dist: 2.080620805495159 vs. 2.080620805495159
--------
nle(id0,id1,dist): 10 12 2.6409497671038924
list:
dist: 2.6409497671038924 vs. 2.6409497671038924
--------
nle(id0,id1,dist): 10 11 1.5163887395184095
list:
dist: 1.5163887395184095 vs. 1.5163887395184095
--------
nle(id0,id1,dist): 10 14 1.5073024695504704
list:
dist: 1.5073024695504704 vs. 1.5073024695504704
--------
nle(id0,id1,dist): 10 13 1.7237766559611227
list:
dist: 1.7237766559611227 vs. 1.7237766559611227
--------
nle(id0,id1,dist): 10 15 1.307697241236731
list:
dist: 1.307697241236731 vs. 1.307697241236731
--------
nle(id0,id1,dist): 10 16 2.9667627901271003
list:
dist: 2.9667627901271003 vs. 2.9667627901271003
--------
nle(id0,id1,dist): 10 17 2.711350850024364
list:
dist: 2.711350850024364 vs. 2.711350850024364
--------
nle(id0,id1,dist): 10 18 0.47124677182740915
list:
dist: 0.47124677182740915 vs. 0.47124677182740915
--------
nle(id0,id1,dist): 10 19 0.5326381768716221
list:
dist: 0.5326381768716221 vs. 0.5326381768716221
--------
nle(id0,id1,dist): 10 20 1.5868134407758063
list:
dist: 1.5868134407758063 vs. 1.5868134407758063
--------
nle(id0,id1,dist): 10 21 2.446884336964312
list:
dist: 2.446884336964312 vs. 2.446884336964312
--------
nle(id0,id1,dist): 10 23 2.356534304917472
list:
dist: 2.356534304917472 vs. 2.356534304917472
--------
nle(id0,id1,dist): 10 25 1.968051637393235
list:
dist: 1.968051637393235 vs. 1.968051637393235
--------
nle(id0,id1,dist): 10 29 2.4454573479695014
list:
dist: 2.4454573479695014 vs. 2.4454573479695014
--------
nle(id0,id1,dist): 9 11 1.6987429153570806
list:
dist: 1.6987429153570806 vs. 1.6987429153570806
--------
nle(id0,id1,dist): 9 10 2.340925848343399
list:
dist: 2.340925848343399 vs. 2.340925848343399
--------
nle(id0,id1,dist): 9 15 1.8049438023980442
list:
dist: 1.8049438023980442 vs. 1.8049438023980442
--------
nle(id0,id1,dist): 9 13 2.3379315797421216
list:
dist: 2.3379315797421216 vs. 2.3379315797421216
--------
nle(id0,id1,dist): 9 12 1.8516827574143466
list:
dist: 1.8516827574143466 vs. 1.8516827574143466
--------
nle(id0,id1,dist): 9 18 2.152914010264032
list:
dist: 2.152914010264032 vs. 2.152914010264032
--------
nle(id0,id1,dist): 9 17 2.615050168564404
list:
dist: 2.615050168564404 vs. 2.615050168564404
--------
nle(id0,id1,dist): 9 16 1.4422189579698497
list:
dist: 1.4422189579698497 vs. 1.4422189579698497
--------
nle(id0,id1,dist): 9 23 1.519965081076572
list:
dist: 1.519965081076572 vs. 1.519965081076572
--------
nle(id0,id1,dist): 9 20 3.043811576839921
list:
dist: 3.043811576839921 vs. 3.043811576839921
--------
nle(id0,id1,dist): 9 21 2.6583310208787334
list:
dist: 2.6583310208787334 vs. 2.6583310208787334
--------
nle(id0,id1,dist): 9 25 2.2377545243393664
list:
dist: 2.2377545243393664 vs. 2.2377545243393664
--------
nle(id0,id1,dist): 12 20 2.978409172269419
list:
dist: 2.978409172269419 vs. 2.978409172269419
--------
nle(id0,id1,dist): 12 18 2.4301771385701496
list:
dist: 2.4301771385701496 vs. 2.4301771385701496
--------
nle(id0,id1,dist): 12 17 3.361015354692317
list:
dist: 3.361015354692317 vs. 3.361015354692317
--------
nle(id0,id1,dist): 12 16 1.9593269756931297
list:
dist: 1.9593269756931297 vs. 1.9593269756931297
--------
nle(id0,id1,dist): 12 15 2.6479373691338566
list:
dist: 2.6479373691338566 vs. 2.6479373691338566
--------
nle(id0,id1,dist): 12 13 2.0810449230379886
list:
dist: 2.0810449230379886 vs. 2.0810449230379886
--------
nle(id0,id1,dist): 11 28 2.415230197837502
list:
dist: 2.415230197837502 vs. 2.415230197837502
--------
nle(id0,id1,dist): 11 29 3.3145466432915835
list:
dist: 3.3145466432915835 vs. 3.3145466432915835
--------
nle(id0,id1,dist): 11 26 2.6630073936636083
list:
dist: 2.6630073936636083 vs. 2.6630073936636083
--------
nle(id0,id1,dist): 11 27 3.5501166014246217
list:
dist: 3.5501166014246217 vs. 3.5501166014246217
--------
nle(id0,id1,dist): 11 23 0.9353076285226528
list:
dist: 0.9353076285226528 vs. 0.9353076285226528
--------
nle(id0,id1,dist): 11 22 2.439371923886175
list:
dist: 2.439371923886175 vs. 2.439371923886175
--------
nle(id0,id1,dist): 11 25 1.1686111640923094
list:
dist: 1.1686111640923094 vs. 1.1686111640923094
--------
nle(id0,id1,dist): 11 24 3.2964172337780258
list:
dist: 3.2964172337780258 vs. 3.2964172337780258
--------
nle(id0,id1,dist): 11 19 1.9467740351891445
list:
dist: 1.9467740351891445 vs. 1.9467740351891445
--------
nle(id0,id1,dist): 11 18 1.665440641300269
list:
dist: 1.665440641300269 vs. 1.665440641300269
--------
nle(id0,id1,dist): 11 21 1.9888286536924602
list:
dist: 1.9888286536924602 vs. 1.9888286536924602
--------
nle(id0,id1,dist): 11 20 1.3975644100148883
list:
dist: 1.3975644100148883 vs. 1.3975644100148883
--------
nle(id0,id1,dist): 11 15 0.851648456157642
list:
dist: 0.851648456157642 vs. 0.851648456157642
--------
nle(id0,id1,dist): 11 14 1.7860314766739438
list:
dist: 1.7860314766739438 vs. 1.7860314766739438
--------
nle(id0,id1,dist): 11 17 1.606117040153677
list:
dist: 1.606117040153677 vs. 1.606117040153677
--------
nle(id0,id1,dist): 11 16 1.5934125815867206
list:
dist: 1.5934125815867206 vs. 1.5934125815867206
--------
nle(id0,id1,dist): 11 13 2.455645697640138
list:
dist: 2.455645697640138 vs. 2.455645697640138
--------
nle(id0,id1,dist): 11 12 1.9647313121163963
list:
dist: 1.9647313121163963 vs. 1.9647313121163963
--------
nle(id0,id1,dist): 13 25 3.3305685951393977
list:
dist: 3.3305685951393977 vs. 3.3305685951393977
--------
nle(id0,id1,dist): 13 29 3.9920728664327436
list:
dist: 3.9920728664327436 vs. 3.9920728664327436
--------
nle(id0,id1,dist): 13 18 1.280448080103544
list:
dist: 1.280448080103544 vs. 1.280448080103544
--------
nle(id0,id1,dist): 13 19 1.806901529483787
list:
dist: 1.806901529483787 vs. 1.806901529483787
--------
nle(id0,id1,dist): 13 16 3.3271390353532246
list:
dist: 3.3271390353532246 vs. 3.3271390353532246
--------
nle(id0,id1,dist): 13 17 3.983601961734042
list:
dist: 3.983601961734042 vs. 3.983601961734042
--------
nle(id0,id1,dist): 13 23 3.112399193148408
list:
dist: 3.112399193148408 vs. 3.112399193148408
--------
nle(id0,id1,dist): 13 20 3.006148128141051
list:
dist: 3.006148128141051 vs. 3.006148128141051
--------
nle(id0,id1,dist): 13 21 3.863345228700391
list:
dist: 3.863345228700391 vs. 3.863345228700391
--------
nle(id0,id1,dist): 13 15 2.6064631258240025
list:
dist: 2.6064631258240025 vs. 2.6064631258240025
--------
nle(id0,id1,dist): 13 14 3.151900430291089
list:
dist: 3.151900430291089 vs. 3.151900430291089
--------
nle(id0,id1,dist): 12 21 3.8340561165314013
list:
dist: 3.8340561165314013 vs. 3.8340561165314013
--------
nle(id0,id1,dist): 12 23 2.1712824207560013
list:
dist: 2.1712824207560013 vs. 2.1712824207560013
--------
nle(id0,id1,dist): 12 25 3.0817354292810237
list:
dist: 3.0817354292810237 vs. 3.0817354292810237
--------
nle(id0,id1,dist): 15 28 1.7233178184173283
list:
dist: 1.7233178184173283 vs. 1.7233178184173283
--------
nle(id0,id1,dist): 15 29 2.893384960310709
list:
dist: 2.893384960310709 vs. 2.893384960310709
--------
nle(id0,id1,dist): 15 26 2.0688333281517393
list:
dist: 2.0688333281517393 vs. 2.0688333281517393
--------
nle(id0,id1,dist): 15 27 2.993195386686983
list:
dist: 2.993195386686983 vs. 2.993195386686983
--------
nle(id0,id1,dist): 15 24 2.9118565059651784
list:
dist: 2.9118565059651784 vs. 2.9118565059651784
--------
nle(id0,id1,dist): 15 25 0.7465969202864324
list:
dist: 0.7465969202864324 vs. 0.7465969202864324
--------
nle(id0,id1,dist): 15 22 2.1530325753614408
list:
dist: 2.1530325753614408 vs. 2.1530325753614408
--------
nle(id0,id1,dist): 15 23 1.3023691646941973
list:
dist: 1.3023691646941973 vs. 1.3023691646941973
--------
nle(id0,id1,dist): 15 21 1.3243339059820953
list:
dist: 1.3243339059820953 vs. 1.3243339059820953
--------
nle(id0,id1,dist): 15 20 1.5434385676392275
list:
dist: 1.5434385676392275 vs. 1.5434385676392275
--------
nle(id0,id1,dist): 15 19 1.7880514902307203
list:
dist: 1.7880514902307203 vs. 1.7880514902307203
--------
nle(id0,id1,dist): 15 18 1.5377720625074889
list:
dist: 1.5377720625074889 vs. 1.5377720625074889
--------
nle(id0,id1,dist): 15 17 1.4967352202325066
list:
dist: 1.4967352202325066 vs. 1.4967352202325066
--------
nle(id0,id1,dist): 15 16 2.0509565281342486
list:
dist: 2.0509565281342486 vs. 2.0509565281342486
--------
nle(id0,id1,dist): 14 27 2.817781704311232
list:
dist: 2.817781704311232 vs. 2.817781704311232
--------
nle(id0,id1,dist): 14 28 2.6381479854418552
list:
dist: 2.6381479854418552 vs. 2.6381479854418552
--------
nle(id0,id1,dist): 14 29 1.6059320529501437
list:
dist: 1.6059320529501437 vs. 1.6059320529501437
--------
nle(id0,id1,dist): 14 15 1.571184777420971
list:
dist: 1.571184777420971 vs. 1.571184777420971
--------
nle(id0,id1,dist): 14 18 1.972789515770928
list:
dist: 1.972789515770928 vs. 1.972789515770928
--------
nle(id0,id1,dist): 14 17 2.1803093186391584
list:
dist: 2.1803093186391584 vs. 2.1803093186391584
--------
nle(id0,id1,dist): 14 24 2.5824095350400715
list:
dist: 2.5824095350400715 vs. 2.5824095350400715
--------
nle(id0,id1,dist): 14 26 2.110913213592668
list:
dist: 2.110913213592668 vs. 2.110913213592668
--------
nle(id0,id1,dist): 14 25 1.6549171513578105
list:
dist: 1.6549171513578105 vs. 1.6549171513578105
--------
nle(id0,id1,dist): 14 20 0.7069101369264338
list:
dist: 0.7069101369264338 vs. 0.7069101369264338
--------
nle(id0,id1,dist): 14 19 1.5309185700255716
list:
dist: 1.5309185700255716 vs. 1.5309185700255716
--------
nle(id0,id1,dist): 14 22 2.160684006372006
list:
dist: 2.160684006372006 vs. 2.160684006372006
--------
nle(id0,id1,dist): 14 21 2.1024909836445067
list:
dist: 2.1024909836445067 vs. 2.1024909836445067
--------
nle(id0,id1,dist): 17 18 2.993087720977435
list:
dist: 2.993087720977435 vs. 2.993087720977435
--------
nle(id0,id1,dist): 17 19 3.113494335102078
list:
dist: 3.113494335102078 vs. 3.113494335102078
--------
nle(id0,id1,dist): 17 22 1.0961492337414744
list:
dist: 1.0961492337414744 vs. 1.0961492337414744
--------
nle(id0,id1,dist): 17 23 1.2810964523311734
list:
dist: 1.2810964523311734 vs. 1.2810964523311734
--------
nle(id0,id1,dist): 17 20 2.0207838551134114
list:
dist: 2.0207838551134114 vs. 2.0207838551134114
--------
nle(id0,id1,dist): 17 21 1.1949345023471842
list:
dist: 1.1949345023471842 vs. 1.1949345023471842
--------
nle(id0,id1,dist): 17 26 1.632033148855414
list:
dist: 1.632033148855414 vs. 1.632033148855414
--------
nle(id0,id1,dist): 17 27 2.3529085740584326
list:
dist: 2.3529085740584326 vs. 2.3529085740584326
--------
nle(id0,id1,dist): 17 24 2.038760117461938
list:
dist: 2.038760117461938 vs. 2.038760117461938
--------
nle(id0,id1,dist): 17 25 0.7966814396530403
list:
dist: 0.7966814396530403 vs. 0.7966814396530403
--------
nle(id0,id1,dist): 16 17 1.972547032641721
list:
dist: 1.972547032641721 vs. 1.972547032641721
--------
nle(id0,id1,dist): 16 18 2.959867489924257
list:
dist: 2.959867489924257 vs. 2.959867489924257
--------
nle(id0,id1,dist): 16 20 2.882821066242443
list:
dist: 2.882821066242443 vs. 2.882821066242443
--------
nle(id0,id1,dist): 16 21 2.6379366660003196
list:
dist: 2.6379366660003196 vs. 2.6379366660003196
--------
nle(id0,id1,dist): 16 22 3.0658222601500205
list:
dist: 3.0658222601500205 vs. 3.0658222601500205
--------
nle(id0,id1,dist): 16 23 0.8287984060768507
list:
dist: 0.8287984060768507 vs. 0.8287984060768507
--------
nle(id0,id1,dist): 16 24 4.011174345511482
list:
dist: 4.011174345511482 vs. 4.011174345511482
--------
nle(id0,id1,dist): 16 25 2.0515348845705748
list:
dist: 2.0515348845705748 vs. 2.0515348845705748
--------
nle(id0,id1,dist): 16 26 3.4645197050931866
list:
dist: 3.4645197050931866 vs. 3.4645197050931866
--------
nle(id0,id1,dist): 16 27 4.267398211409368
list:
dist: 4.267398211409368 vs. 4.267398211409368
--------
nle(id0,id1,dist): 16 28 2.833624709736895
list:
dist: 2.833624709736895 vs. 2.833624709736895
--------
nle(id0,id1,dist): 1 3 1.959979535739087
list:
dist: 1.959979535739087 vs. 1.959979535739087
--------
nle(id0,id1,dist): 1 4 1.5193309237734933
list:
dist: 1.5193309237734933 vs. 1.5193309237734933
--------
nle(id0,id1,dist): 1 5 2.208536388582235
list:
dist: 2.208536388582235 vs. 2.208536388582235
--------
nle(id0,id1,dist): 1 6 1.3265182357876397
list:
dist: 1.3265182357876397 vs. 1.3265182357876397
--------
nle(id0,id1,dist): 1 7 1.3371940465291874
list:
dist: 1.3371940465291874 vs. 1.3371940465291874
--------
nle(id0,id1,dist): 1 8 1.7257105515110884
list:
dist: 1.7257105515110884 vs. 1.7257105515110884
--------
nle(id0,id1,dist): 1 9 1.4369609245622537
list:
dist: 1.4369609245622537 vs. 1.4369609245622537
--------
nle(id0,id1,dist): 1 10 3.054876579757625
list:
dist: 3.054876579757625 vs. 3.054876579757625
--------
nle(id0,id1,dist): 1 11 2.349505210625616
list:
dist: 2.349505210625616 vs. 2.349505210625616
--------
nle(id0,id1,dist): 1 15 2.860651452992495
list:
dist: 2.860651452992495 vs. 2.860651452992495
--------
nle(id0,id1,dist): 1 13 2.3794570623444784
list:
dist: 2.3794570623444784 vs. 2.3794570623444784
--------
nle(id0,id1,dist): 1 12 0.9625106737834798
list:
dist: 0.9625106737834798 vs. 0.9625106737834798
--------
nle(id0,id1,dist): 1 18 2.786913607520195
list:
dist: 2.786913607520195 vs. 2.786913607520195
--------
nle(id0,id1,dist): 1 17 3.5410020436218574
list:
dist: 3.5410020436218574 vs. 3.5410020436218574
--------
nle(id0,id1,dist): 1 16 1.8211835869216573
list:
dist: 1.8211835869216573 vs. 1.8211835869216573
--------
nle(id0,id1,dist): 1 23 2.2642030352068137
list:
dist: 2.2642030352068137 vs. 2.2642030352068137
--------
nle(id0,id1,dist): 1 21 3.9037829326106417
list:
dist: 3.9037829326106417 vs. 3.9037829326106417
--------
nle(id0,id1,dist): 1 20 3.6016210347260316
list:
dist: 3.6016210347260316 vs. 3.6016210347260316
--------
nle(id0,id1,dist): 1 25 3.285242669645395
list:
dist: 3.285242669645395 vs. 3.285242669645395
--------
nle(id0,id1,dist): 3 18 1.6418031327378078
list:
dist: 1.6418031327378078 vs. 1.6418031327378078
--------
nle(id0,id1,dist): 3 19 2.157069655868753
list:
dist: 2.157069655868753 vs. 2.157069655868753
--------
nle(id0,id1,dist): 3 9 2.2662799749100695
list:
dist: 2.2662799749100695 vs. 2.2662799749100695
--------
nle(id0,id1,dist): 3 8 2.0677799247324833
list:
dist: 2.0677799247324833 vs. 2.0677799247324833
--------
nle(id0,id1,dist): 3 7 1.170070452692497
list:
dist: 1.170070452692497 vs. 1.170070452692497
--------
nle(id0,id1,dist): 3 13 0.626284773293464
list:
dist: 0.626284773293464 vs. 0.626284773293464
--------
nle(id0,id1,dist): 3 12 1.5642643489695454
list:
dist: 1.5642643489695454 vs. 1.5642643489695454
--------
nle(id0,id1,dist): 3 10 2.033591464873853
list:
dist: 2.033591464873853 vs. 2.033591464873853
--------
nle(id0,id1,dist): 37 48 1.1513733765983232
list:
dist: 1.1513733765983232 vs. 1.1513733765983232
--------
nle(id0,id1,dist): 37 49 2.28267700950816
list:
dist: 2.28267700950816 vs. 2.28267700950816
--------
nle(id0,id1,dist): 37 50 2.3119707119441633
list:
dist: 2.3119707119441633 vs. 2.3119707119441633
--------
nle(id0,id1,dist): 37 51 1.2345284696348955
list:
dist: 1.2345284696348955 vs. 1.2345284696348955
--------
nle(id0,id1,dist): 37 52 1.3228334631846814
list:
dist: 1.3228334631846814 vs. 1.3228334631846814
--------
nle(id0,id1,dist): 37 54 1.4973186497064876
list:
dist: 1.4973186497064876 vs. 1.4973186497064876
--------
nle(id0,id1,dist): 37 55 2.7314159622549243
list:
dist: 2.7314159622549243 vs. 2.7314159622549243
--------
nle(id0,id1,dist): 37 41 1.9973059915598634
list:
dist: 1.9973059915598634 vs. 1.9973059915598634
--------
nle(id0,id1,dist): 37 42 3.241343867693317
list:
dist: 3.241343867693317 vs. 3.241343867693317
--------
nle(id0,id1,dist): 37 43 2.770270990557613
list:
dist: 2.770270990557613 vs. 2.770270990557613
--------
nle(id0,id1,dist): 37 44 2.0034304780714023
list:
dist: 2.0034304780714023 vs. 2.0034304780714023
--------
nle(id0,id1,dist): 37 46 2.214315435559355
list:
dist: 2.214315435559355 vs. 2.214315435559355
--------
nle(id0,id1,dist): 37 47 1.1750475724994378
list:
dist: 1.1750475724994378 vs. 1.1750475724994378
--------
nle(id0,id1,dist): 36 55 2.468695894181844
list:
dist: 2.468695894181844 vs. 2.468695894181844
--------
nle(id0,id1,dist): 36 56 1.8782056001498826
list:
dist: 1.8782056001498826 vs. 1.8782056001498826
--------
nle(id0,id1,dist): 36 53 3.3744413914959077
list:
dist: 3.3744413914959077 vs. 3.3744413914959077
--------
nle(id0,id1,dist): 36 54 1.6320541818477958
list:
dist: 1.6320541818477958 vs. 1.6320541818477958
--------
nle(id0,id1,dist): 36 57 2.0081043631644806
list:
dist: 2.0081043631644806 vs. 2.0081043631644806
--------
nle(id0,id1,dist): 36 58 1.052561198184519
list:
dist: 1.052561198184519 vs. 1.052561198184519
--------
nle(id0,id1,dist): 36 47 2.3639812706701
list:
dist: 2.3639812706701 vs. 2.3639812706701
--------
nle(id0,id1,dist): 36 48 0.8784909012793344
list:
dist: 0.8784909012793344 vs. 0.8784909012793344
--------
nle(id0,id1,dist): 36 46 2.148010939463469
list:
dist: 2.148010939463469 vs. 2.148010939463469
--------
nle(id0,id1,dist): 36 51 2.624005477846277
list:
dist: 2.624005477846277 vs. 2.624005477846277
--------
nle(id0,id1,dist): 36 52 1.6692272850727614
list:
dist: 1.6692272850727614 vs. 1.6692272850727614
--------
nle(id0,id1,dist): 36 49 2.4965014422380816
list:
dist: 2.4965014422380816 vs. 2.4965014422380816
--------
nle(id0,id1,dist): 36 50 1.8911929133257586
list:
dist: 1.8911929133257586 vs. 1.8911929133257586
--------
nle(id0,id1,dist): 36 38 3.204020244208309
list:
dist: 3.204020244208309 vs. 3.204020244208309
--------
nle(id0,id1,dist): 36 37 1.769436010268047
list:
dist: 1.769436010268047 vs. 1.769436010268047
--------
nle(id0,id1,dist): 36 44 1.7008349590034915
list:
dist: 1.7008349590034915 vs. 1.7008349590034915
--------
nle(id0,id1,dist): 36 43 1.3667751537712554
list:
dist: 1.3667751537712554 vs. 1.3667751537712554
--------
nle(id0,id1,dist): 36 42 2.5248901727000574
list:
dist: 2.5248901727000574 vs. 2.5248901727000574
--------
nle(id0,id1,dist): 36 41 1.7473087739258422
list:
dist: 1.7473087739258422 vs. 1.7473087739258422
--------
nle(id0,id1,dist): 35 55 2.478932071028206
list:
dist: 2.478932071028206 vs. 2.478932071028206
--------
nle(id0,id1,dist): 35 56 1.8437445743293148
list:
dist: 1.8437445743293148 vs. 1.8437445743293148
--------
nle(id0,id1,dist): 35 51 2.3480346045674763
list:
dist: 2.3480346045674763 vs. 2.3480346045674763
--------
nle(id0,id1,dist): 35 52 1.9419997501440462
list:
dist: 1.9419997501440462 vs. 1.9419997501440462
--------
nle(id0,id1,dist): 35 47 2.099655272461395
list:
dist: 2.099655272461395 vs. 2.099655272461395
--------
nle(id0,id1,dist): 35 46 1.2460163710085417
list:
dist: 1.2460163710085417 vs. 1.2460163710085417
--------
nle(id0,id1,dist): 35 42 3.1063720239061463
list:
dist: 3.1063720239061463 vs. 3.1063720239061463
--------
nle(id0,id1,dist): 35 40 2.7466950540733066
list:
dist: 2.7466950540733066 vs. 2.7466950540733066
--------
nle(id0,id1,dist): 35 37 2.7282818535490065
list:
dist: 2.7282818535490065 vs. 2.7282818535490065
--------
nle(id0,id1,dist): 34 57 3.007417582579336
list:
dist: 3.007417582579336 vs. 3.007417582579336
--------
nle(id0,id1,dist): 34 58 2.685899154698552
list:
dist: 2.685899154698552 vs. 2.685899154698552
--------
nle(id0,id1,dist): 34 55 0.7281305306812992
list:
dist: 0.7281305306812992 vs. 0.7281305306812992
--------
nle(id0,id1,dist): 34 56 1.4179223012635267
list:
dist: 1.4179223012635267 vs. 1.4179223012635267
--------
nle(id0,id1,dist): 34 54 1.5035992619325431
list:
dist: 1.5035992619325431 vs. 1.5035992619325431
--------
nle(id0,id1,dist): 34 52 2.5498220113482875
list:
dist: 2.5498220113482875 vs. 2.5498220113482875
--------
nle(id0,id1,dist): 34 51 1.7462474265267054
list:
dist: 1.7462474265267054 vs. 1.7462474265267054
--------
nle(id0,id1,dist): 34 50 2.529566816181196
list:
dist: 2.529566816181196 vs. 2.529566816181196
--------
nle(id0,id1,dist): 34 49 3.9519381737683736
list:
dist: 3.9519381737683736 vs. 3.9519381737683736
--------
nle(id0,id1,dist): 34 48 1.7906582728452949
list:
dist: 1.7906582728452949 vs. 1.7906582728452949
--------
nle(id0,id1,dist): 34 47 2.5180916830913405
list:
dist: 2.5180916830913405 vs. 2.5180916830913405
--------
nle(id0,id1,dist): 34 46 1.1234502101513724
list:
dist: 1.1234502101513724 vs. 1.1234502101513724
--------
nle(id0,id1,dist): 34 44 3.3197410135231453
list:
dist: 3.3197410135231453 vs. 3.3197410135231453
--------
nle(id0,id1,dist): 34 43 2.9887448154840373
list:
dist: 2.9887448154840373 vs. 2.9887448154840373
--------
nle(id0,id1,dist): 34 42 1.5060028297627415
list:
dist: 1.5060028297627415 vs. 1.5060028297627415
--------
nle(id0,id1,dist): 34 41 0.9452631388998337
list:
dist: 0.9452631388998337 vs. 0.9452631388998337
--------
nle(id0,id1,dist): 34 40 3.0379113185346704
list:
dist: 3.0379113185346704 vs. 3.0379113185346704
--------
nle(id0,id1,dist): 34 36 2.2595054660814826
list:
dist: 2.2595054660814826 vs. 2.2595054660814826
--------
nle(id0,id1,dist): 34 35 2.341740337720977
list:
dist: 2.341740337720977 vs. 2.341740337720977
--------
nle(id0,id1,dist): 34 38 3.153363452948462
list:
dist: 3.153363452948462 vs. 3.153363452948462
--------
nle(id0,id1,dist): 34 37 2.0996390669812075
list:
dist: 2.0996390669812075 vs. 2.0996390669812075
--------
nle(id0,id1,dist): 33 44 2.430000632102008
list:
dist: 2.430000632102008 vs. 2.430000632102008
--------
nle(id0,id1,dist): 33 46 2.291206503260469
list:
dist: 2.291206503260469 vs. 2.291206503260469
--------
nle(id0,id1,dist): 33 47 3.284723719162077
list:
dist: 3.284723719162077 vs. 3.284723719162077
--------
nle(id0,id1,dist): 33 48 1.401348408563751
list:
dist: 1.401348408563751 vs. 1.401348408563751
--------
nle(id0,id1,dist): 33 49 3.236473904932644
list:
dist: 3.236473904932644 vs. 3.236473904932644
--------
nle(id0,id1,dist): 33 50 1.2393691384328298
list:
dist: 1.2393691384328298 vs. 1.2393691384328298
--------
nle(id0,id1,dist): 33 51 2.849752316025407
list:
dist: 2.849752316025407 vs. 2.849752316025407
--------
nle(id0,id1,dist): 33 52 2.958715471371337
list:
dist: 2.958715471371337 vs. 2.958715471371337
--------
nle(id0,id1,dist): 33 53 2.014510417999242
list:
dist: 2.014510417999242 vs. 2.014510417999242
--------
nle(id0,id1,dist): 33 54 1.071654864879058
list:
dist: 1.071654864879058 vs. 1.071654864879058
--------
nle(id0,id1,dist): 33 55 1.651332945385034
list:
dist: 1.651332945385034 vs. 1.651332945385034
--------
nle(id0,id1,dist): 33 56 1.856539330757227
list:
dist: 1.856539330757227 vs. 1.856539330757227
--------
nle(id0,id1,dist): 33 57 1.412518496945411
list:
dist: 1.412518496945411 vs. 1.412518496945411
--------
nle(id0,id1,dist): 33 58 2.191292620823472
list:
dist: 2.191292620823472 vs. 2.191292620823472
--------
nle(id0,id1,dist): 33 34 1.646780944549277
list:
dist: 1.646780944549277 vs. 1.646780944549277
--------
nle(id0,id1,dist): 33 38 1.8119746735538338
list:
dist: 1.8119746735538338 vs. 1.8119746735538338
--------
nle(id0,id1,dist): 33 37 2.414686758055372
list:
dist: 2.414686758055372 vs. 2.414686758055372
--------
nle(id0,id1,dist): 33 36 1.68513908018602
list:
dist: 1.68513908018602 vs. 1.68513908018602
--------
nle(id0,id1,dist): 33 43 1.59320461966871
list:
dist: 1.59320461966871 vs. 1.59320461966871
--------
nle(id0,id1,dist): 33 42 1.393096529723626
list:
dist: 1.393096529723626 vs. 1.393096529723626
--------
nle(id0,id1,dist): 33 41 0.7380853858533005
list:
dist: 0.7380853858533005 vs. 0.7380853858533005
--------
nle(id0,id1,dist): 32 50 3.586104027412161
list:
dist: 3.586104027412161 vs. 3.586104027412161
--------
nle(id0,id1,dist): 32 55 1.1422747640051945
list:
dist: 1.1422747640051945 vs. 1.1422747640051945
--------
nle(id0,id1,dist): 32 56 2.185229064377233
list:
dist: 2.185229064377233 vs. 2.185229064377233
--------
nle(id0,id1,dist): 32 54 2.7334714936146285
list:
dist: 2.7334714936146285 vs. 2.7334714936146285
--------
nle(id0,id1,dist): 32 57 3.9498536053634985
list:
dist: 3.9498536053634985 vs. 3.9498536053634985
--------
nle(id0,id1,dist): 32 38 3.3984192222584757
list:
dist: 3.3984192222584757 vs. 3.3984192222584757
--------
nle(id0,id1,dist): 32 40 3.0562295951478298
list:
dist: 3.0562295951478298 vs. 3.0562295951478298
--------
nle(id0,id1,dist): 32 34 1.4277913073594006
list:
dist: 1.4277913073594006 vs. 1.4277913073594006
--------
nle(id0,id1,dist): 32 33 2.5612778349892666
list:
dist: 2.5612778349892666 vs. 2.5612778349892666
--------
nle(id0,id1,dist): 32 46 2.0505874932463257
list:
dist: 2.0505874932463257 vs. 2.0505874932463257
--------
nle(id0,id1,dist): 32 42 1.6715065786839498
list:
dist: 1.6715065786839498 vs. 1.6715065786839498
--------
nle(id0,id1,dist): 32 41 2.0617062438176994
list:
dist: 2.0617062438176994 vs. 2.0617062438176994
--------
nle(id0,id1,dist): 31 55 3.1696281206333383
list:
dist: 3.1696281206333383 vs. 3.1696281206333383
--------
nle(id0,id1,dist): 31 56 2.975836981527303
list:
dist: 2.975836981527303 vs. 2.975836981527303
--------
nle(id0,id1,dist): 31 42 3.959527009388408
list:
dist: 3.959527009388408 vs. 3.959527009388408
--------
nle(id0,id1,dist): 31 52 3.055929356617117
list:
dist: 3.055929356617117 vs. 3.055929356617117
--------
nle(id0,id1,dist): 31 51 2.7035600031684335
list:
dist: 2.7035600031684335 vs. 2.7035600031684335
--------
nle(id0,id1,dist): 31 47 2.771227667078318
list:
dist: 2.771227667078318 vs. 2.771227667078318
--------
nle(id0,id1,dist): 31 46 2.175593457909354
list:
dist: 2.175593457909354 vs. 2.175593457909354
--------
nle(id0,id1,dist): 31 37 3.571295250431144
list:
dist: 3.571295250431144 vs. 3.571295250431144
--------
nle(id0,id1,dist): 31 34 2.990531391309781
list:
dist: 2.990531391309781 vs. 2.990531391309781
--------
nle(id0,id1,dist): 31 35 1.4850577356359844
list:
dist: 1.4850577356359844 vs. 1.4850577356359844
--------
nle(id0,id1,dist): 43 58 1.7759964987978138
list:
dist: 1.7759964987978138 vs. 1.7759964987978138
--------
nle(id0,id1,dist): 44 47 2.959660289167536
list:
dist: 2.959660289167536 vs. 2.959660289167536
--------
nle(id0,id1,dist): 44 48 1.5682539167392024
list:
dist: 1.5682539167392024 vs. 1.5682539167392024
--------
nle(id0,id1,dist): 44 46 3.567380031400781
list:
dist: 3.567380031400781 vs. 3.567380031400781
--------
nle(id0,id1,dist): 44 51 3.1984555869889237
list:
dist: 3.1984555869889237 vs. 3.1984555869889237
--------
nle(id0,id1,dist): 44 52 2.5398663630728606
list:
dist: 2.5398663630728606 vs. 2.5398663630728606
--------
nle(id0,id1,dist): 44 49 0.9056261103590335
list:
dist: 0.9056261103590335 vs. 0.9056261103590335
--------
nle(id0,id1,dist): 44 50 1.5767982357397001
list:
dist: 1.5767982357397001 vs. 1.5767982357397001
--------
nle(id0,id1,dist): 43 50 1.4012083936366757
list:
dist: 1.4012083936366757 vs. 1.4012083936366757
--------
nle(id0,id1,dist): 43 51 3.692359834530817
list:
dist: 3.692359834530817 vs. 3.692359834530817
--------
nle(id0,id1,dist): 43 52 2.9985993499814487
list:
dist: 2.9985993499814487 vs. 2.9985993499814487
--------
nle(id0,id1,dist): 43 53 2.544761345808426
list:
dist: 2.544761345808426 vs. 2.544761345808426
--------
nle(id0,id1,dist): 43 54 1.9935825050011882
list:
dist: 1.9935825050011882 vs. 1.9935825050011882
--------
nle(id0,id1,dist): 43 55 3.036724220219577
list:
dist: 3.036724220219577 vs. 3.036724220219577
--------
nle(id0,id1,dist): 43 56 2.6753830899075375
list:
dist: 2.6753830899075375 vs. 2.6753830899075375
--------
nle(id0,id1,dist): 43 57 0.8992164458480078
list:
dist: 0.8992164458480078 vs. 0.8992164458480078
--------
nle(id0,id1,dist): 43 44 1.6541068055468586
list:
dist: 1.6541068055468586 vs. 1.6541068055468586
--------
nle(id0,id1,dist): 43 46 3.2179556527532927
list:
dist: 3.2179556527532927 vs. 3.2179556527532927
--------
nle(id0,id1,dist): 43 47 3.628139120238441
list:
dist: 3.628139120238441 vs. 3.628139120238441
--------
nle(id0,id1,dist): 43 48 1.69190006212951
list:
dist: 1.69190006212951 vs. 1.69190006212951
--------
nle(id0,id1,dist): 43 49 2.5420208612567654
list:
dist: 2.5420208612567654 vs. 2.5420208612567654
--------
nle(id0,id1,dist): 42 46 1.9763622721947023
list:
dist: 1.9763622721947023 vs. 1.9763622721947023
--------
nle(id0,id1,dist): 42 44 3.732026855185244
list:
dist: 3.732026855185244 vs. 3.732026855185244
--------
nle(id0,id1,dist): 42 43 2.701628766522355
list:
dist: 2.701628766522355 vs. 2.701628766522355
--------
nle(id0,id1,dist): 42 57 2.6480407468844556
list:
dist: 2.6480407468844556 vs. 2.6480407468844556
--------
nle(id0,id1,dist): 42 58 3.2933716996523144
list:
dist: 3.2933716996523144 vs. 3.2933716996523144
--------
nle(id0,id1,dist): 42 55 0.9056700019125871
list:
dist: 0.9056700019125871 vs. 0.9056700019125871
--------
nle(id0,id1,dist): 42 56 1.3656384739745315
list:
dist: 1.3656384739745315 vs. 1.3656384739745315
--------
nle(id0,id1,dist): 42 54 2.156837667675978
list:
dist: 2.156837667675978 vs. 2.156837667675978
--------
nle(id0,id1,dist): 42 51 3.213750324460437
list:
dist: 3.213750324460437 vs. 3.213750324460437
--------
nle(id0,id1,dist): 42 52 3.4930488190731896
list:
dist: 3.4930488190731896 vs. 3.4930488190731896
--------
nle(id0,id1,dist): 42 49 4.545667360445311
list:
dist: 4.545667360445311 vs. 4.545667360445311
--------
nle(id0,id1,dist): 42 50 2.6243058760091875
list:
dist: 2.6243058760091875 vs. 2.6243058760091875
--------
nle(id0,id1,dist): 42 47 3.771179801254055
list:
dist: 3.771179801254055 vs. 3.771179801254055
--------
nle(id0,id1,dist): 42 48 2.4210913703483783
list:
dist: 2.4210913703483783 vs. 2.4210913703483783
--------
nle(id0,id1,dist): 41 49 3.336543397764574
list:
dist: 3.336543397764574 vs. 3.336543397764574
--------
nle(id0,id1,dist): 41 48 1.248272969875428
list:
dist: 1.248272969875428 vs. 1.248272969875428
--------
nle(id0,id1,dist): 41 51 2.186417416221689
list:
dist: 2.186417416221689 vs. 2.186417416221689
--------
nle(id0,id1,dist): 41 50 1.628972611284471
list:
dist: 1.628972611284471 vs. 1.628972611284471
--------
nle(id0,id1,dist): 41 44 2.6190180978538087
list:
dist: 2.6190180978538087 vs. 2.6190180978538087
--------
nle(id0,id1,dist): 41 47 2.7701727094499873
list:
dist: 2.7701727094499873 vs. 2.7701727094499873
--------
nle(id0,id1,dist): 41 46 1.7334388207584133
list:
dist: 1.7334388207584133 vs. 1.7334388207584133
--------
nle(id0,id1,dist): 41 43 2.1439254680193907
list:
dist: 2.1439254680193907 vs. 2.1439254680193907
--------
nle(id0,id1,dist): 41 42 1.3594215688708484
list:
dist: 1.3594215688708484 vs. 1.3594215688708484
--------
nle(id0,id1,dist): 41 56 1.5859842558377117
list:
dist: 1.5859842558377117 vs. 1.5859842558377117
--------
nle(id0,id1,dist): 41 57 2.0676057179388954
list:
dist: 2.0676057179388954 vs. 2.0676057179388954
--------
nle(id0,id1,dist): 41 58 2.171404579876537
list:
dist: 2.171404579876537 vs. 2.171404579876537
--------
nle(id0,id1,dist): 41 52 2.601950412638619
list:
dist: 2.601950412638619 vs. 2.601950412638619
--------
nle(id0,id1,dist): 41 53 2.5042986078818004
list:
dist: 2.5042986078818004 vs. 2.5042986078818004
--------
nle(id0,id1,dist): 41 54 0.8179066553603316
list:
dist: 0.8179066553603316 vs. 0.8179066553603316
--------
nle(id0,id1,dist): 41 55 1.1729958974218246
list:
dist: 1.1729958974218246 vs. 1.1729958974218246
--------
nle(id0,id1,dist): 40 42 2.295411881026422
list:
dist: 2.295411881026422 vs. 2.295411881026422
--------
nle(id0,id1,dist): 40 46 2.485616463319645
list:
dist: 2.485616463319645 vs. 2.485616463319645
--------
nle(id0,id1,dist): 40 55 2.4689592142558605
list:
dist: 2.4689592142558605 vs. 2.4689592142558605
--------
nle(id0,id1,dist): 40 56 1.822800860932913
list:
dist: 1.822800860932913 vs. 1.822800860932913
--------
nle(id0,id1,dist): 39 63 3.21151642666637
list:
dist: 3.21151642666637 vs. 3.21151642666637
--------
nle(id0,id1,dist): 39 65 2.9797763242712287
list:
dist: 2.9797763242712287 vs. 2.9797763242712287
--------
nle(id0,id1,dist): 39 64 1.9105642278165156
list:
dist: 1.9105642278165156 vs. 1.9105642278165156
--------
nle(id0,id1,dist): 39 67 2.7116683160783377
list:
dist: 2.7116683160783377 vs. 2.7116683160783377
--------
nle(id0,id1,dist): 39 66 2.4191104706352045
list:
dist: 2.4191104706352045 vs. 2.4191104706352045
--------
nle(id0,id1,dist): 39 69 2.1880510252670726
list:
dist: 2.1880510252670726 vs. 2.1880510252670726
--------
nle(id0,id1,dist): 39 74 1.5409313656672838
list:
dist: 1.5409313656672838 vs. 1.5409313656672838
--------
nle(id0,id1,dist): 38 57 1.8616566446475482
list:
dist: 1.8616566446475482 vs. 1.8616566446475482
--------
nle(id0,id1,dist): 38 58 3.7716425646676464
list:
dist: 3.7716425646676464 vs. 3.7716425646676464
--------
nle(id0,id1,dist): 38 55 2.8245736863119446
list:
dist: 2.8245736863119446 vs. 2.8245736863119446
--------
nle(id0,id1,dist): 38 56 3.108091759695112
list:
dist: 3.108091759695112 vs. 3.108091759695112
--------
nle(id0,id1,dist): 38 53 1.6645204217204126
list:
dist: 1.6645204217204126 vs. 1.6645204217204126
--------
nle(id0,id1,dist): 38 59 2.9903565075536735
list:
dist: 2.9903565075536735 vs. 2.9903565075536735
--------
nle(id0,id1,dist): 39 45 1.725685384184311
list:
dist: 1.725685384184311 vs. 1.725685384184311
--------
nle(id0,id1,dist): 37 56 2.6548767554173396
list:
dist: 2.6548767554173396 vs. 2.6548767554173396
--------
nle(id0,id1,dist): 37 57 3.0061486804115276
list:
dist: 3.0061486804115276 vs. 3.0061486804115276
--------
nle(id0,id1,dist): 37 58 1.275106045764899
list:
dist: 1.275106045764899 vs. 1.275106045764899
--------
nle(id0,id1,dist): 38 42 2.0405213780847244
list:
dist: 2.0405213780847244 vs. 2.0405213780847244
--------
nle(id0,id1,dist): 38 41 2.4272557269021706
list:
dist: 2.4272557269021706 vs. 2.4272557269021706
--------
nle(id0,id1,dist): 38 48 3.1489150936163237
list:
dist: 3.1489150936163237 vs. 3.1489150936163237
--------
nle(id0,id1,dist): 38 50 2.3284284607240604
list:
dist: 2.3284284607240604 vs. 2.3284284607240604
--------
nle(id0,id1,dist): 38 44 3.7019134751074483
list:
dist: 3.7019134751074483 vs. 3.7019134751074483
--------
nle(id0,id1,dist): 38 43 2.39041595419523
list:
dist: 2.39041595419523 vs. 2.39041595419523
--------
nle(id0,id1,dist): 38 46 3.80817372560232
list:
dist: 3.80817372560232 vs. 3.80817372560232
--------
nle(id0,id1,dist): 23 28 2.2189153942834032
list:
dist: 2.2189153942834032 vs. 2.2189153942834032
--------
nle(id0,id1,dist): 23 26 2.7058269408444735
list:
dist: 2.7058269408444735 vs. 2.7058269408444735
--------
nle(id0,id1,dist): 23 27 3.541962502801758
list:
dist: 3.541962502801758 vs. 3.541962502801758
--------
nle(id0,id1,dist): 23 24 3.290436507247094
list:
dist: 3.290436507247094 vs. 3.290436507247094
--------
nle(id0,id1,dist): 23 25 1.2396654194148102
list:
dist: 1.2396654194148102 vs. 1.2396654194148102
--------
nle(id0,id1,dist): 21 26 1.003097954048001
list:
dist: 1.003097954048001 vs. 1.003097954048001
--------
nle(id0,id1,dist): 21 27 1.872838371692911
list:
dist: 1.872838371692911 vs. 1.872838371692911
--------
nle(id0,id1,dist): 21 24 1.9875516531953257
list:
dist: 1.9875516531953257 vs. 1.9875516531953257
--------
nle(id0,id1,dist): 21 25 0.8719293704013539
list:
dist: 0.8719293704013539 vs. 0.8719293704013539
--------
nle(id0,id1,dist): 21 28 0.5779438456822268
list:
dist: 0.5779438456822268 vs. 0.5779438456822268
--------
nle(id0,id1,dist): 21 29 3.076890696208987
list:
dist: 3.076890696208987 vs. 3.076890696208987
--------
nle(id0,id1,dist): 21 23 1.918354555832644
list:
dist: 1.918354555832644 vs. 1.918354555832644
--------
nle(id0,id1,dist): 21 22 1.3894046764261017
list:
dist: 1.3894046764261017 vs. 1.3894046764261017
--------
nle(id0,id1,dist): 22 27 1.4237500571936788
list:
dist: 1.4237500571936788 vs. 1.4237500571936788
--------
nle(id0,id1,dist): 22 28 1.7944671468645201
list:
dist: 1.7944671468645201 vs. 1.7944671468645201
--------
nle(id0,id1,dist): 22 29 3.16524115240819
list:
dist: 3.16524115240819 vs. 3.16524115240819
--------
nle(id0,id1,dist): 22 23 2.3531636719593902
list:
dist: 2.3531636719593902 vs. 2.3531636719593902
--------
nle(id0,id1,dist): 22 24 0.9505589023898755
list:
dist: 0.9505589023898755 vs. 0.9505589023898755
--------
nle(id0,id1,dist): 22 25 1.4462922308696862
list:
dist: 1.4462922308696862 vs. 1.4462922308696862
--------
nle(id0,id1,dist): 22 26 1.002221852017218
list:
dist: 1.002221852017218 vs. 1.002221852017218
--------
nle(id0,id1,dist): 19 25 2.387071875716482
list:
dist: 2.387071875716482 vs. 2.387071875716482
--------
nle(id0,id1,dist): 19 20 1.6774135241781474
list:
dist: 1.6774135241781474 vs. 1.6774135241781474
--------
nle(id0,id1,dist): 19 21 2.8451202777425424
list:
dist: 2.8451202777425424 vs. 2.8451202777425424
--------
nle(id0,id1,dist): 19 29 2.196771311348428
list:
dist: 2.196771311348428 vs. 2.196771311348428
--------
nle(id0,id1,dist): 20 29 2.2503259094133856
list:
dist: 2.2503259094133856 vs. 2.2503259094133856
--------
nle(id0,id1,dist): 20 25 1.6175147717920668
list:
dist: 1.6175147717920668 vs. 1.6175147717920668
--------
nle(id0,id1,dist): 20 26 2.454079289352101
list:
dist: 2.454079289352101 vs. 2.454079289352101
--------
nle(id0,id1,dist): 20 27 3.191045041012806
list:
dist: 3.191045041012806 vs. 3.191045041012806
--------
nle(id0,id1,dist): 20 28 2.8617730155116545
list:
dist: 2.8617730155116545 vs. 2.8617730155116545
--------
nle(id0,id1,dist): 20 21 2.3016591516118527
list:
dist: 2.3016591516118527 vs. 2.3016591516118527
--------
nle(id0,id1,dist): 20 22 2.2308236080580097
list:
dist: 2.2308236080580097 vs. 2.2308236080580097
--------
nle(id0,id1,dist): 20 23 2.1537877218983983
list:
dist: 2.1537877218983983 vs. 2.1537877218983983
--------
nle(id0,id1,dist): 20 24 2.823754387752549
list:
dist: 2.823754387752549 vs. 2.823754387752549
--------
nle(id0,id1,dist): 18 21 2.7330466980765173
list:
dist: 2.7330466980765173 vs. 2.7330466980765173
--------
nle(id0,id1,dist): 18 20 1.9855374128207972
list:
dist: 1.9855374128207972 vs. 1.9855374128207972
--------
nle(id0,id1,dist): 18 19 0.7674925432966163
list:
dist: 0.7674925432966163 vs. 0.7674925432966163
--------
nle(id0,id1,dist): 17 28 1.6050258873108205
list:
dist: 1.6050258873108205 vs. 1.6050258873108205
--------
nle(id0,id1,dist): 17 29 3.5471862854263634
list:
dist: 3.5471862854263634 vs. 3.5471862854263634
--------
nle(id0,id1,dist): 18 23 2.4539174928415424
list:
dist: 2.4539174928415424 vs. 2.4539174928415424
--------
nle(id0,id1,dist): 18 25 2.2580866453178494
list:
dist: 2.2580866453178494 vs. 2.2580866453178494
--------
nle(id0,id1,dist): 18 29 2.8576401485262646
list:
dist: 2.8576401485262646 vs. 2.8576401485262646
--------
nle(id0,id1,dist): 30 42 2.600545784166678
list:
dist: 2.600545784166678 vs. 2.600545784166678
--------
nle(id0,id1,dist): 30 41 1.561854294087647
list:
dist: 1.561854294087647 vs. 1.561854294087647
--------
nle(id0,id1,dist): 30 40 3.5962113800925013
list:
dist: 3.5962113800925013 vs. 3.5962113800925013
--------
nle(id0,id1,dist): 30 38 3.7246981806106954
list:
dist: 3.7246981806106954 vs. 3.7246981806106954
--------
nle(id0,id1,dist): 30 37 0.8916250148073402
list:
dist: 0.8916250148073402 vs. 0.8916250148073402
--------
nle(id0,id1,dist): 30 36 1.0944614130816914
list:
dist: 1.0944614130816914 vs. 1.0944614130816914
--------
nle(id0,id1,dist): 30 35 2.1535453458165397
list:
dist: 2.1535453458165397 vs. 2.1535453458165397
--------
nle(id0,id1,dist): 30 34 1.686174487619332
list:
dist: 1.686174487619332 vs. 1.686174487619332
--------
nle(id0,id1,dist): 30 33 1.9404350002031663
list:
dist: 1.9404350002031663 vs. 1.9404350002031663
--------
nle(id0,id1,dist): 30 31 3.2605821341214853
list:
dist: 3.2605821341214853 vs. 3.2605821341214853
--------
nle(id0,id1,dist): 30 57 2.692876151233471
list:
dist: 2.692876151233471 vs. 2.692876151233471
--------
nle(id0,id1,dist): 30 58 1.218177741697334
list:
dist: 1.218177741697334 vs. 1.218177741697334
--------
nle(id0,id1,dist): 30 55 2.163947618882093
list:
dist: 2.163947618882093 vs. 2.163947618882093
--------
nle(id0,id1,dist): 30 56 1.8355941916112413
list:
dist: 1.8355941916112413 vs. 1.8355941916112413
--------
nle(id0,id1,dist): 30 54 1.3787403542856564
list:
dist: 1.3787403542856564 vs. 1.3787403542856564
--------
nle(id0,id1,dist): 30 51 1.5414727498050067
list:
dist: 1.5414727498050067 vs. 1.5414727498050067
--------
nle(id0,id1,dist): 30 52 1.059600404653235
list:
dist: 1.059600404653235 vs. 1.059600404653235
--------
nle(id0,id1,dist): 30 49 2.656281812905348
list:
dist: 2.656281812905348 vs. 2.656281812905348
--------
nle(id0,id1,dist): 30 50 2.208068928112044
list:
dist: 2.208068928112044 vs. 2.208068928112044
--------
nle(id0,id1,dist): 30 47 1.4047750707168767
list:
dist: 1.4047750707168767 vs. 1.4047750707168767
--------
nle(id0,id1,dist): 30 48 0.7634669693647922
list:
dist: 0.7634669693647922 vs. 0.7634669693647922
--------
nle(id0,id1,dist): 30 46 1.5675320537313282
list:
dist: 1.5675320537313282 vs. 1.5675320537313282
--------
nle(id0,id1,dist): 30 43 2.307247679365946
list:
dist: 2.307247679365946 vs. 2.307247679365946
--------
nle(id0,id1,dist): 30 44 2.094603699816142
list:
dist: 2.094603699816142 vs. 2.094603699816142
--------
nle(id0,id1,dist): 28 29 3.4795719145707045
list:
dist: 3.4795719145707045 vs. 3.4795719145707045
--------
nle(id0,id1,dist): 26 27 0.9268826850313406
list:
dist: 0.9268826850313406 vs. 0.9268826850313406
--------
nle(id0,id1,dist): 26 28 1.2849032945124774
list:
dist: 1.2849032945124774 vs. 1.2849032945124774
--------
nle(id0,id1,dist): 26 29 2.7377053412307304
list:
dist: 2.7377053412307304 vs. 2.7377053412307304
--------
nle(id0,id1,dist): 27 29 3.1197504405913796
list:
dist: 3.1197504405913796 vs. 3.1197504405913796
--------
nle(id0,id1,dist): 27 28 1.9962648412960062
list:
dist: 1.9962648412960062 vs. 1.9962648412960062
--------
nle(id0,id1,dist): 24 25 2.2740146049147305
list:
dist: 2.2740146049147305 vs. 2.2740146049147305
--------
nle(id0,id1,dist): 24 26 1.113521575492621
list:
dist: 1.113521575492621 vs. 1.113521575492621
--------
nle(id0,id1,dist): 24 27 0.8028057625934315
list:
dist: 0.8028057625934315 vs. 0.8028057625934315
--------
nle(id0,id1,dist): 24 28 2.2763558856770905
list:
dist: 2.2763558856770905 vs. 2.2763558856770905
--------
nle(id0,id1,dist): 24 29 3.12296562169371
list:
dist: 3.12296562169371 vs. 3.12296562169371
--------
nle(id0,id1,dist): 25 26 1.5390850381213237
list:
dist: 1.5390850381213237 vs. 1.5390850381213237
--------
nle(id0,id1,dist): 25 27 2.4313553876244174
list:
dist: 2.4313553876244174 vs. 2.4313553876244174
--------
nle(id0,id1,dist): 25 28 1.3782716474989893
list:
dist: 1.3782716474989893 vs. 1.3782716474989893
--------
nle(id0,id1,dist): 25 29 3.005809694878821
list:
dist: 3.005809694878821 vs. 3.005809694878821
--------
nle(id0,id1,dist): 62 79 3.3926496047725037
list:
dist: 3.3926496047725037 vs. 3.3926496047725037
--------
nle(id0,id1,dist): 62 80 1.0092610237695054
list:
dist: 1.0092610237695054 vs. 1.0092610237695054
--------
nle(id0,id1,dist): 62 81 1.9430861691080783
list:
dist: 1.9430861691080783 vs. 1.9430861691080783
--------
nle(id0,id1,dist): 62 82 3.4691170640055766
list:
dist: 3.4691170640055766 vs. 3.4691170640055766
--------
nle(id0,id1,dist): 62 75 3.292591912601588
list:
dist: 3.292591912601588 vs. 3.292591912601588
--------
nle(id0,id1,dist): 62 76 2.516853811799889
list:
dist: 2.516853811799889 vs. 2.516853811799889
--------
nle(id0,id1,dist): 62 77 1.380050688844178
list:
dist: 1.380050688844178 vs. 1.380050688844178
--------
nle(id0,id1,dist): 62 78 1.5664127173066862
list:
dist: 1.5664127173066862 vs. 1.5664127173066862
--------
nle(id0,id1,dist): 62 87 3.4764972821997633
list:
dist: 3.4764972821997633 vs. 3.4764972821997633
--------
nle(id0,id1,dist): 62 88 3.174710904754179
list:
dist: 3.174710904754179 vs. 3.174710904754179
--------
nle(id0,id1,dist): 62 89 3.7268618590755294
list:
dist: 3.7268618590755294 vs. 3.7268618590755294
--------
nle(id0,id1,dist): 62 83 1.3168589691292045
list:
dist: 1.3168589691292045 vs. 1.3168589691292045
--------
nle(id0,id1,dist): 62 85 2.681058402718286
list:
dist: 2.681058402718286 vs. 2.681058402718286
--------
nle(id0,id1,dist): 62 86 3.5970828079850294
list:
dist: 3.5970828079850294 vs. 3.5970828079850294
--------
nle(id0,id1,dist): 62 64 1.929045566009304
list:
dist: 1.929045566009304 vs. 1.929045566009304
--------
nle(id0,id1,dist): 62 63 1.2251931536803482
list:
dist: 1.2251931536803482 vs. 1.2251931536803482
--------
nle(id0,id1,dist): 62 66 1.547109178971766
list:
dist: 1.547109178971766 vs. 1.547109178971766
--------
nle(id0,id1,dist): 62 65 2.0232223076801437
list:
dist: 2.0232223076801437 vs. 2.0232223076801437
--------
nle(id0,id1,dist): 62 72 1.4774510930628102
list:
dist: 1.4774510930628102 vs. 1.4774510930628102
--------
nle(id0,id1,dist): 62 71 0.7306884515905918
list:
dist: 0.7306884515905918 vs. 0.7306884515905918
--------
nle(id0,id1,dist): 62 74 2.398696639733293
list:
dist: 2.398696639733293 vs. 2.398696639733293
--------
nle(id0,id1,dist): 62 73 1.8738395316567857
list:
dist: 1.8738395316567857 vs. 1.8738395316567857
--------
nle(id0,id1,dist): 62 68 2.7304560396525686
list:
dist: 2.7304560396525686 vs. 2.7304560396525686
--------
nle(id0,id1,dist): 62 67 1.2714874263395355
list:
dist: 1.2714874263395355 vs. 1.2714874263395355
--------
nle(id0,id1,dist): 62 70 1.1204857874257177
list:
dist: 1.1204857874257177 vs. 1.1204857874257177
--------
nle(id0,id1,dist): 62 69 1.4392497234483184
list:
dist: 1.4392497234483184 vs. 1.4392497234483184
--------
nle(id0,id1,dist): 61 85 1.4634867330666914
list:
dist: 1.4634867330666914 vs. 1.4634867330666914
--------
nle(id0,id1,dist): 61 83 3.5257105068111914
list:
dist: 3.5257105068111914 vs. 3.5257105068111914
--------
nle(id0,id1,dist): 61 80 2.817123217236521
list:
dist: 2.817123217236521 vs. 2.817123217236521
--------
nle(id0,id1,dist): 61 71 2.419258655860374
list:
dist: 2.419258655860374 vs. 2.419258655860374
--------
nle(id0,id1,dist): 61 70 1.504687432616124
list:
dist: 1.504687432616124 vs. 1.504687432616124
--------
nle(id0,id1,dist): 61 69 3.4766710962645964
list:
dist: 3.4766710962645964 vs. 3.4766710962645964
--------
nle(id0,id1,dist): 61 67 2.851962367254177
list:
dist: 2.851962367254177 vs. 2.851962367254177
--------
nle(id0,id1,dist): 61 66 2.6700889113738984
list:
dist: 2.6700889113738984 vs. 2.6700889113738984
--------
nle(id0,id1,dist): 61 65 2.1405488947074933
list:
dist: 2.1405488947074933 vs. 2.1405488947074933
--------
nle(id0,id1,dist): 61 78 3.746103592879985
list:
dist: 3.746103592879985 vs. 3.746103592879985
--------
nle(id0,id1,dist): 61 77 2.3410811175571147
list:
dist: 2.3410811175571147 vs. 2.3410811175571147
--------
nle(id0,id1,dist): 61 72 1.2485983822234665
list:
dist: 1.2485983822234665 vs. 1.2485983822234665
--------
nle(id0,id1,dist): 64 65 1.895216946339126
list:
dist: 1.895216946339126 vs. 1.895216946339126
--------
nle(id0,id1,dist): 64 66 1.272883466579153
list:
dist: 1.272883466579153 vs. 1.272883466579153
--------
nle(id0,id1,dist): 64 67 1.6886490302693702
list:
dist: 1.6886490302693702 vs. 1.6886490302693702
--------
nle(id0,id1,dist): 64 69 0.8400817968013085
list:
dist: 0.8400817968013085 vs. 0.8400817968013085
--------
nle(id0,id1,dist): 64 71 2.1254437630232728
list:
dist: 2.1254437630232728 vs. 2.1254437630232728
--------
nle(id0,id1,dist): 64 73 1.9485707336453812
list:
dist: 1.9485707336453812 vs. 1.9485707336453812
--------
nle(id0,id1,dist): 64 74 1.107387316638534
list:
dist: 1.107387316638534 vs. 1.107387316638534
--------
nle(id0,id1,dist): 64 78 2.8928409260453867
list:
dist: 2.8928409260453867 vs. 2.8928409260453867
--------
nle(id0,id1,dist): 64 79 3.630093863965167
list:
dist: 3.630093863965167 vs. 3.630093863965167
--------
nle(id0,id1,dist): 64 80 2.4727954393752487
list:
dist: 2.4727954393752487 vs. 2.4727954393752487
--------
nle(id0,id1,dist): 63 72 1.5504987042732359
list:
dist: 1.5504987042732359 vs. 1.5504987042732359
--------
nle(id0,id1,dist): 63 73 2.6665694478174538
list:
dist: 2.6665694478174538 vs. 2.6665694478174538
--------
nle(id0,id1,dist): 63 70 1.2901690786287654
list:
dist: 1.2901690786287654 vs. 1.2901690786287654
--------
nle(id0,id1,dist): 63 71 1.410025858015145
list:
dist: 1.410025858015145 vs. 1.410025858015145
--------
nle(id0,id1,dist): 63 77 2.248233230754681
list:
dist: 2.248233230754681 vs. 2.248233230754681
--------
nle(id0,id1,dist): 63 74 2.521831907889437
list:
dist: 2.521831907889437 vs. 2.521831907889437
--------
nle(id0,id1,dist): 63 80 1.953759731462448
list:
dist: 1.953759731462448 vs. 1.953759731462448
--------
nle(id0,id1,dist): 63 78 2.7620124739317085
list:
dist: 2.7620124739317085 vs. 2.7620124739317085
--------
nle(id0,id1,dist): 63 79 4.383940719887104
list:
dist: 4.383940719887104 vs. 4.383940719887104
--------
nle(id0,id1,dist): 63 85 2.7596389609007512
list:
dist: 2.7596389609007512 vs. 2.7596389609007512
--------
nle(id0,id1,dist): 63 83 2.5315667968437214
list:
dist: 2.5315667968437214 vs. 2.5315667968437214
--------
nle(id0,id1,dist): 63 65 0.8744923053446699
list:
dist: 0.8744923053446699 vs. 0.8744923053446699
--------
nle(id0,id1,dist): 63 64 1.661011332663957
list:
dist: 1.661011332663957 vs. 1.661011332663957
--------
nle(id0,id1,dist): 63 69 1.6253228007301257
list:
dist: 1.6253228007301257 vs. 1.6253228007301257
--------
nle(id0,id1,dist): 63 67 1.3686367444146108
list:
dist: 1.3686367444146108 vs. 1.3686367444146108
--------
nle(id0,id1,dist): 63 66 0.909478048903433
list:
dist: 0.909478048903433 vs. 0.909478048903433
--------
nle(id0,id1,dist): 61 63 1.9447089661997237
list:
dist: 1.9447089661997237 vs. 1.9447089661997237
--------
nle(id0,id1,dist): 61 62 2.4442669628811147
list:
dist: 2.4442669628811147 vs. 2.4442669628811147
--------
nle(id0,id1,dist): 60 85 2.4696617673545216
list:
dist: 2.4696617673545216 vs. 2.4696617673545216
--------
nle(id0,id1,dist): 60 77 3.135998191191949
list:
dist: 3.135998191191949 vs. 3.135998191191949
--------
nle(id0,id1,dist): 60 78 3.9600411045580133
list:
dist: 3.9600411045580133 vs. 3.9600411045580133
--------
nle(id0,id1,dist): 60 80 3.26578149507004
list:
dist: 3.26578149507004 vs. 3.26578149507004
--------
nle(id0,id1,dist): 60 83 3.774502751846459
list:
dist: 3.774502751846459 vs. 3.774502751846459
--------
nle(id0,id1,dist): 60 69 2.940176055485297
list:
dist: 2.940176055485297 vs. 2.940176055485297
--------
nle(id0,id1,dist): 60 70 2.1300336192484597
list:
dist: 2.1300336192484597 vs. 2.1300336192484597
--------
nle(id0,id1,dist): 60 71 2.745199794599646
list:
dist: 2.745199794599646 vs. 2.745199794599646
--------
nle(id0,id1,dist): 60 72 2.129256157727687
list:
dist: 2.129256157727687 vs. 2.129256157727687
--------
nle(id0,id1,dist): 60 63 1.5240525751389586
list:
dist: 1.5240525751389586 vs. 1.5240525751389586
--------
nle(id0,id1,dist): 60 62 2.5288673143401668
list:
dist: 2.5288673143401668 vs. 2.5288673143401668
--------
nle(id0,id1,dist): 60 61 1.4658732328214934
list:
dist: 1.4658732328214934 vs. 1.4658732328214934
--------
nle(id0,id1,dist): 60 67 2.2901934773763712
list:
dist: 2.2901934773763712 vs. 2.2901934773763712
--------
nle(id0,id1,dist): 60 66 1.8434296254132516
list:
dist: 1.8434296254132516 vs. 1.8434296254132516
--------
nle(id0,id1,dist): 60 65 1.0643805116542524
list:
dist: 1.0643805116542524 vs. 1.0643805116542524
--------
nle(id0,id1,dist): 69 71 1.8666487376212244
list:
dist: 1.8666487376212244 vs. 1.8666487376212244
--------
nle(id0,id1,dist): 69 70 2.4084335299005453
list:
dist: 2.4084335299005453 vs. 2.4084335299005453
--------
nle(id0,id1,dist): 69 78 2.160548963820005
list:
dist: 2.160548963820005 vs. 2.160548963820005
--------
nle(id0,id1,dist): 69 79 3.041426075560139
list:
dist: 3.041426075560139 vs. 3.041426075560139
--------
nle(id0,id1,dist): 69 77 2.7975826680502114
list:
dist: 2.7975826680502114 vs. 2.7975826680502114
--------
nle(id0,id1,dist): 68 114 3.8285983053939696
list:
dist: 3.8285983053939696 vs. 3.8285983053939696
--------
nle(id0,id1,dist): 69 74 0.9879293966709237
list:
dist: 0.9879293966709237 vs. 0.9879293966709237
--------
nle(id0,id1,dist): 69 72 2.7709437854167365
list:
dist: 2.7709437854167365 vs. 2.7709437854167365
--------
nle(id0,id1,dist): 69 73 1.2674617067359597
list:
dist: 1.2674617067359597 vs. 1.2674617067359597
--------
nle(id0,id1,dist): 69 85 3.8971569804359736
list:
dist: 3.8971569804359736 vs. 3.8971569804359736
--------
nle(id0,id1,dist): 69 83 2.036014528148532
list:
dist: 2.036014528148532 vs. 2.036014528148532
--------
nle(id0,id1,dist): 69 80 2.1237001209867863
list:
dist: 2.1237001209867863 vs. 2.1237001209867863
--------
nle(id0,id1,dist): 68 74 2.841734548381379
list:
dist: 2.841734548381379 vs. 2.841734548381379
--------
nle(id0,id1,dist): 68 73 1.5783076521098043
list:
dist: 1.5783076521098043 vs. 1.5783076521098043
--------
nle(id0,id1,dist): 68 76 1.5833680888372683
list:
dist: 1.5833680888372683 vs. 1.5833680888372683
--------
nle(id0,id1,dist): 68 69 2.653524911168322
list:
dist: 2.653524911168322 vs. 2.653524911168322
--------
nle(id0,id1,dist): 68 81 2.664317381436912
list:
dist: 2.664317381436912 vs. 2.664317381436912
--------
nle(id0,id1,dist): 68 83 1.7445154927989628
list:
dist: 1.7445154927989628 vs. 1.7445154927989628
--------
nle(id0,id1,dist): 68 78 1.4460986546620234
list:
dist: 1.4460986546620234 vs. 1.4460986546620234
--------
nle(id0,id1,dist): 68 79 1.4648842217093607
list:
dist: 1.4648842217093607 vs. 1.4648842217093607
--------
nle(id0,id1,dist): 68 86 2.9669914639458392
list:
dist: 2.9669914639458392 vs. 2.9669914639458392
--------
nle(id0,id1,dist): 68 87 3.1288259582199838
list:
dist: 3.1288259582199838 vs. 3.1288259582199838
--------
nle(id0,id1,dist): 68 88 2.6073852172951324
list:
dist: 2.6073852172951324 vs. 2.6073852172951324
--------
nle(id0,id1,dist): 70 85 1.9926530497587083
list:
dist: 1.9926530497587083 vs. 1.9926530497587083
--------
nle(id0,id1,dist): 70 83 2.1524152542520913
list:
dist: 2.1524152542520913 vs. 2.1524152542520913
--------
nle(id0,id1,dist): 70 89 3.51811617824114
list:
dist: 3.51811617824114 vs. 3.51811617824114
--------
nle(id0,id1,dist): 70 88 3.5427389256003523
list:
dist: 3.5427389256003523 vs. 3.5427389256003523
--------
nle(id0,id1,dist): 70 87 3.846585257684658
list:
dist: 3.846585257684658 vs. 3.846585257684658
--------
nle(id0,id1,dist): 71 72 1.2819627761890855
list:
dist: 1.2819627761890855 vs. 1.2819627761890855
--------
nle(id0,id1,dist): 71 73 2.278248121567221
list:
dist: 2.278248121567221 vs. 2.278248121567221
--------
nle(id0,id1,dist): 71 76 2.747932019283347
list:
dist: 2.747932019283347 vs. 2.747932019283347
--------
nle(id0,id1,dist): 71 77 1.2630748761563846
list:
dist: 1.2630748761563846 vs. 1.2630748761563846
--------
nle(id0,id1,dist): 71 74 2.760765619166357
list:
dist: 2.760765619166357 vs. 2.760765619166357
--------
nle(id0,id1,dist): 71 75 3.329459139599945
list:
dist: 3.329459139599945 vs. 3.329459139599945
--------
nle(id0,id1,dist): 70 71 0.9432979822796137
list:
dist: 0.9432979822796137 vs. 0.9432979822796137
--------
nle(id0,id1,dist): 70 72 0.3743161360277784
list:
dist: 0.3743161360277784 vs. 0.3743161360277784
--------
nle(id0,id1,dist): 70 75 2.7933896286120232
list:
dist: 2.7933896286120232 vs. 2.7933896286120232
--------
nle(id0,id1,dist): 70 76 3.1716983017015337
list:
dist: 3.1716983017015337 vs. 3.1716983017015337
--------
nle(id0,id1,dist): 70 77 1.1392989021537665
list:
dist: 1.1392989021537665 vs. 1.1392989021537665
--------
nle(id0,id1,dist): 70 78 2.422798670420546
list:
dist: 2.422798670420546 vs. 2.422798670420546
--------
nle(id0,id1,dist): 70 80 1.3153697522331909
list:
dist: 1.3153697522331909 vs. 1.3153697522331909
--------
nle(id0,id1,dist): 70 81 2.2597638089308054
list:
dist: 2.2597638089308054 vs. 2.2597638089308054
--------
nle(id0,id1,dist): 70 82 2.5678513091917
list:
dist: 2.5678513091917 vs. 2.5678513091917
--------
nle(id0,id1,dist): 65 85 3.0732909087948164
list:
dist: 3.0732909087948164 vs. 3.0732909087948164
--------
nle(id0,id1,dist): 65 83 3.284487094640741
list:
dist: 3.284487094640741 vs. 3.284487094640741
--------
nle(id0,id1,dist): 65 80 2.825302790987563
list:
dist: 2.825302790987563 vs. 2.825302790987563
--------
nle(id0,id1,dist): 65 78 3.4752772762342525
list:
dist: 3.4752772762342525 vs. 3.4752772762342525
--------
nle(id0,id1,dist): 65 79 4.969185572992904
list:
dist: 4.969185572992904 vs. 4.969185572992904
--------
nle(id0,id1,dist): 65 77 3.039625067376886
list:
dist: 3.039625067376886 vs. 3.039625067376886
--------
nle(id0,id1,dist): 66 70 2.0715659400995707
list:
dist: 2.0715659400995707 vs. 2.0715659400995707
--------
nle(id0,id1,dist): 66 69 1.1494734917182885
list:
dist: 1.1494734917182885 vs. 1.1494734917182885
--------
nle(id0,id1,dist): 66 68 3.435392256003541
list:
dist: 3.435392256003541 vs. 3.435392256003541
--------
nle(id0,id1,dist): 66 67 0.8564980273448328
list:
dist: 0.8564980273448328 vs. 0.8564980273448328
--------
nle(id0,id1,dist): 64 83 2.719201060526945
list:
dist: 2.719201060526945 vs. 2.719201060526945
--------
nle(id0,id1,dist): 65 73 3.196910092426108
list:
dist: 3.196910092426108 vs. 3.196910092426108
--------
nle(id0,id1,dist): 65 72 2.2196623715447905
list:
dist: 2.2196623715447905 vs. 2.2196623715447905
--------
nle(id0,id1,dist): 65 74 2.7329429069548894
list:
dist: 2.7329429069548894 vs. 2.7329429069548894
--------
nle(id0,id1,dist): 65 69 2.0135749577651376
list:
dist: 2.0135749577651376 vs. 2.0135749577651376
--------
nle(id0,id1,dist): 65 71 2.2843415807476033
list:
dist: 2.2843415807476033 vs. 2.2843415807476033
--------
nle(id0,id1,dist): 65 70 2.044451768655934
list:
dist: 2.044451768655934 vs. 2.044451768655934
--------
nle(id0,id1,dist): 65 67 1.6335908451017687
list:
dist: 1.6335908451017687 vs. 1.6335908451017687
--------
nle(id0,id1,dist): 65 66 0.9184446480883643
list:
dist: 0.9184446480883643 vs. 0.9184446480883643
--------
nle(id0,id1,dist): 67 77 2.487002377404221
list:
dist: 2.487002377404221 vs. 2.487002377404221
--------
nle(id0,id1,dist): 67 74 1.8931985615462765
list:
dist: 1.8931985615462765 vs. 1.8931985615462765
--------
nle(id0,id1,dist): 67 80 2.2577042103057
list:
dist: 2.2577042103057 vs. 2.2577042103057
--------
nle(id0,id1,dist): 67 78 2.1343422986427156
list:
dist: 2.1343422986427156 vs. 2.1343422986427156
--------
nle(id0,id1,dist): 67 79 3.526955042231774
list:
dist: 3.526955042231774 vs. 3.526955042231774
--------
nle(id0,id1,dist): 67 68 2.6715963739616733
list:
dist: 2.6715963739616733 vs. 2.6715963739616733
--------
nle(id0,id1,dist): 67 69 1.0780005084854574
list:
dist: 1.0780005084854574 vs. 1.0780005084854574
--------
nle(id0,id1,dist): 67 72 2.36936968885001
list:
dist: 2.36936968885001 vs. 2.36936968885001
--------
nle(id0,id1,dist): 67 73 1.8372718149607117
list:
dist: 1.8372718149607117 vs. 1.8372718149607117
--------
nle(id0,id1,dist): 67 70 2.0708527826794576
list:
dist: 2.0708527826794576 vs. 2.0708527826794576
--------
nle(id0,id1,dist): 67 71 1.9426797245462375
list:
dist: 1.9426797245462375 vs. 1.9426797245462375
--------
nle(id0,id1,dist): 67 85 3.069066658773397
list:
dist: 3.069066658773397 vs. 3.069066658773397
--------
nle(id0,id1,dist): 67 83 2.0530702072882976
list:
dist: 2.0530702072882976 vs. 2.0530702072882976
--------
nle(id0,id1,dist): 66 79 4.0984319993415355
list:
dist: 4.0984319993415355 vs. 4.0984319993415355
--------
nle(id0,id1,dist): 66 80 2.452895768421775
list:
dist: 2.452895768421775 vs. 2.452895768421775
--------
nle(id0,id1,dist): 66 83 2.63734473748341
list:
dist: 2.63734473748341 vs. 2.63734473748341
--------
nle(id0,id1,dist): 66 85 3.2865884025681886
list:
dist: 3.2865884025681886 vs. 3.2865884025681886
--------
nle(id0,id1,dist): 66 71 1.9946135533699205
list:
dist: 1.9946135533699205 vs. 1.9946135533699205
--------
nle(id0,id1,dist): 66 72 2.3573814874073427
list:
dist: 2.3573814874073427 vs. 2.3573814874073427
--------
nle(id0,id1,dist): 66 73 2.3214716316006996
list:
dist: 2.3214716316006996 vs. 2.3214716316006996
--------
nle(id0,id1,dist): 66 74 1.9012217939743106
list:
dist: 1.9012217939743106 vs. 1.9012217939743106
--------
nle(id0,id1,dist): 66 77 2.8191261951210125
list:
dist: 2.8191261951210125 vs. 2.8191261951210125
--------
nle(id0,id1,dist): 66 78 2.790093868816489
list:
dist: 2.790093868816489 vs. 2.790093868816489
--------
nle(id0,id1,dist): 48 51 2.0082707382769946
list:
dist: 2.0082707382769946 vs. 2.0082707382769946
--------
nle(id0,id1,dist): 48 52 1.7135556767263336
list:
dist: 1.7135556767263336 vs. 1.7135556767263336
--------
nle(id0,id1,dist): 48 49 2.263367878857949
list:
dist: 2.263367878857949 vs. 2.263367878857949
--------
nle(id0,id1,dist): 48 50 1.45260486203119
list:
dist: 1.45260486203119 vs. 1.45260486203119
--------
nle(id0,id1,dist): 48 55 2.201100160798653
list:
dist: 2.201100160798653 vs. 2.201100160798653
--------
nle(id0,id1,dist): 48 56 2.0234412200956973
list:
dist: 2.0234412200956973 vs. 2.0234412200956973
--------
nle(id0,id1,dist): 48 53 2.9806551364453795
list:
dist: 2.9806551364453795 vs. 2.9806551364453795
--------
nle(id0,id1,dist): 48 54 0.8468162149102707
list:
dist: 0.8468162149102707 vs. 0.8468162149102707
--------
nle(id0,id1,dist): 48 57 1.9617797015015803
list:
dist: 1.9617797015015803 vs. 1.9617797015015803
--------
nle(id0,id1,dist): 48 58 0.9318336997545801
list:
dist: 0.9318336997545801 vs. 0.9318336997545801
--------
nle(id0,id1,dist): 49 50 2.2705815177686977
list:
dist: 2.2705815177686977 vs. 2.2705815177686977
--------
nle(id0,id1,dist): 49 51 3.4737975426698586
list:
dist: 3.4737975426698586 vs. 3.4737975426698586
--------
nle(id0,id1,dist): 49 52 2.900841589293267
list:
dist: 2.900841589293267 vs. 2.900841589293267
--------
nle(id0,id1,dist): 49 53 3.709356635615732
list:
dist: 3.709356635615732 vs. 3.709356635615732
--------
nle(id0,id1,dist): 49 54 2.59691324817663
list:
dist: 2.59691324817663 vs. 2.59691324817663
--------
nle(id0,id1,dist): 49 55 4.427149695893381
list:
dist: 4.427149695893381 vs. 4.427149695893381
--------
nle(id0,id1,dist): 49 56 4.238089115488721
list:
dist: 4.238089115488721 vs. 4.238089115488721
--------
nle(id0,id1,dist): 49 57 2.7032189823947084
list:
dist: 2.7032189823947084 vs. 2.7032189823947084
--------
nle(id0,id1,dist): 49 58 1.5321059404412343
list:
dist: 1.5321059404412343 vs. 1.5321059404412343
--------
nle(id0,id1,dist): 50 53 1.6589147245658613
list:
dist: 1.6589147245658613 vs. 1.6589147245658613
--------
nle(id0,id1,dist): 50 54 1.1474090586241625
list:
dist: 1.1474090586241625 vs. 1.1474090586241625
--------
nle(id0,id1,dist): 50 51 3.1108307137928346
list:
dist: 3.1108307137928346 vs. 3.1108307137928346
--------
nle(id0,id1,dist): 50 52 3.135569909804164
list:
dist: 3.135569909804164 vs. 3.135569909804164
--------
nle(id0,id1,dist): 50 56 2.9250536425171165
list:
dist: 2.9250536425171165 vs. 2.9250536425171165
--------
nle(id0,id1,dist): 50 55 2.7742783663681125
list:
dist: 2.7742783663681125 vs. 2.7742783663681125
--------
nle(id0,id1,dist): 50 58 1.8072524608228453
list:
dist: 1.8072524608228453 vs. 1.8072524608228453
--------
nle(id0,id1,dist): 50 57 0.9210108642229726
list:
dist: 0.9210108642229726 vs. 0.9210108642229726
--------
nle(id0,id1,dist): 44 55 3.703687256607218
list:
dist: 3.703687256607218 vs. 3.703687256607218
--------
nle(id0,id1,dist): 44 56 3.4612098082998926
list:
dist: 3.4612098082998926 vs. 3.4612098082998926
--------
nle(id0,id1,dist): 44 53 3.133881228533951
list:
dist: 3.133881228533951 vs. 3.133881228533951
--------
nle(id0,id1,dist): 44 54 1.9736073874480546
list:
dist: 1.9736073874480546 vs. 1.9736073874480546
--------
nle(id0,id1,dist): 44 57 1.9068320617665075
list:
dist: 1.9068320617665075 vs. 1.9068320617665075
--------
nle(id0,id1,dist): 44 58 0.941180652044312
list:
dist: 0.941180652044312 vs. 0.941180652044312
--------
nle(id0,id1,dist): 45 74 1.8838722069123337
list:
dist: 1.8838722069123337 vs. 1.8838722069123337
--------
nle(id0,id1,dist): 45 65 1.3935086701888815
list:
dist: 1.3935086701888815 vs. 1.3935086701888815
--------
nle(id0,id1,dist): 45 64 1.1607165097450578
list:
dist: 1.1607165097450578 vs. 1.1607165097450578
--------
nle(id0,id1,dist): 45 67 1.9556011575332604
list:
dist: 1.9556011575332604 vs. 1.9556011575332604
--------
nle(id0,id1,dist): 45 66 1.2042254488940676
list:
dist: 1.2042254488940676 vs. 1.2042254488940676
--------
nle(id0,id1,dist): 45 69 1.682976681353216
list:
dist: 1.682976681353216 vs. 1.682976681353216
--------
nle(id0,id1,dist): 45 60 2.4142388484454336
list:
dist: 2.4142388484454336 vs. 2.4142388484454336
--------
nle(id0,id1,dist): 45 61 3.488253944777489
list:
dist: 3.488253944777489 vs. 3.488253944777489
--------
nle(id0,id1,dist): 45 63 1.7501192951446034
list:
dist: 1.7501192951446034 vs. 1.7501192951446034
--------
nle(id0,id1,dist): 46 57 3.528449223753452
list:
dist: 3.528449223753452 vs. 3.528449223753452
--------
nle(id0,id1,dist): 46 58 2.7426493016865723
list:
dist: 2.7426493016865723 vs. 2.7426493016865723
--------
nle(id0,id1,dist): 46 55 1.2714663789998466
list:
dist: 1.2714663789998466 vs. 1.2714663789998466
--------
nle(id0,id1,dist): 46 56 0.9696254288782107
list:
dist: 0.9696254288782107 vs. 0.9696254288782107
--------
nle(id0,id1,dist): 46 54 2.204560667479076
list:
dist: 2.204560667479076 vs. 2.204560667479076
--------
nle(id0,id1,dist): 46 51 1.8520342608032399
list:
dist: 1.8520342608032399 vs. 1.8520342608032399
--------
nle(id0,id1,dist): 46 52 2.022839157024293
list:
dist: 2.022839157024293 vs. 2.022839157024293
--------
nle(id0,id1,dist): 46 49 4.2043899667014175
list:
dist: 4.2043899667014175 vs. 4.2043899667014175
--------
nle(id0,id1,dist): 46 50 3.1846555736055313
list:
dist: 3.1846555736055313 vs. 3.1846555736055313
--------
nle(id0,id1,dist): 46 47 2.146048259535224
list:
dist: 2.146048259535224 vs. 2.146048259535224
--------
nle(id0,id1,dist): 46 48 2.0331961196485766
list:
dist: 2.0331961196485766 vs. 2.0331961196485766
--------
nle(id0,id1,dist): 47 58 2.1025239976054415
list:
dist: 2.1025239976054415 vs. 2.1025239976054415
--------
nle(id0,id1,dist): 47 55 3.1090441893567506
list:
dist: 3.1090441893567506 vs. 3.1090441893567506
--------
nle(id0,id1,dist): 47 54 2.5208960114923427
list:
dist: 2.5208960114923427 vs. 2.5208960114923427
--------
nle(id0,id1,dist): 47 57 4.021837523079931
list:
dist: 4.021837523079931 vs. 4.021837523079931
--------
nle(id0,id1,dist): 47 56 2.8362514114262933
list:
dist: 2.8362514114262933 vs. 2.8362514114262933
--------
nle(id0,id1,dist): 47 50 3.422199326547006
list:
dist: 3.422199326547006 vs. 3.422199326547006
--------
nle(id0,id1,dist): 47 51 1.2200111096870065
list:
dist: 1.2200111096870065 vs. 1.2200111096870065
--------
nle(id0,id1,dist): 47 52 0.9326441502728555
list:
dist: 0.9326441502728555 vs. 0.9326441502728555
--------
nle(id0,id1,dist): 47 48 2.06903744553497
list:
dist: 2.06903744553497 vs. 2.06903744553497
--------
nle(id0,id1,dist): 47 49 3.1572099586658413
list:
dist: 3.1572099586658413 vs. 3.1572099586658413
--------
nle(id0,id1,dist): 55 56 1.1406951327876345
list:
dist: 1.1406951327876345 vs. 1.1406951327876345
--------
nle(id0,id1,dist): 55 57 3.054848907772662
list:
dist: 3.054848907772662 vs. 3.054848907772662
--------
nle(id0,id1,dist): 55 58 3.1092526488135146
list:
dist: 3.1092526488135146 vs. 3.1092526488135146
--------
nle(id0,id1,dist): 56 58 2.7556100643021324
list:
dist: 2.7556100643021324 vs. 2.7556100643021324
--------
nle(id0,id1,dist): 56 57 3.0224376161362905
list:
dist: 3.0224376161362905 vs. 3.0224376161362905
--------
nle(id0,id1,dist): 57 58 2.220723236063396
list:
dist: 2.220723236063396 vs. 2.220723236063396
--------
nle(id0,id1,dist): 51 58 2.457886555773451
list:
dist: 2.457886555773451 vs. 2.457886555773451
--------
nle(id0,id1,dist): 51 52 1.861071505768213
list:
dist: 1.861071505768213 vs. 1.861071505768213
--------
nle(id0,id1,dist): 51 54 2.020513107521911
list:
dist: 2.020513107521911 vs. 2.020513107521911
--------
nle(id0,id1,dist): 51 55 2.443305935230308
list:
dist: 2.443305935230308 vs. 2.443305935230308
--------
nle(id0,id1,dist): 51 56 2.6405415512027637
list:
dist: 2.6405415512027637 vs. 2.6405415512027637
--------
nle(id0,id1,dist): 51 57 3.836131138746475
list:
dist: 3.836131138746475 vs. 3.836131138746475
--------
nle(id0,id1,dist): 52 55 3.0008041645801353
list:
dist: 3.0008041645801353 vs. 3.0008041645801353
--------
nle(id0,id1,dist): 52 56 2.4331562431728666
list:
dist: 2.4331562431728666 vs. 2.4331562431728666
--------
nle(id0,id1,dist): 52 54 2.410327906861463
list:
dist: 2.410327906861463 vs. 2.410327906861463
--------
nle(id0,id1,dist): 52 57 3.5540827833752826
list:
dist: 3.5540827833752826 vs. 3.5540827833752826
--------
nle(id0,id1,dist): 52 58 1.616321512539739
list:
dist: 1.616321512539739 vs. 1.616321512539739
--------
nle(id0,id1,dist): 53 54 2.3936489446279645
list:
dist: 2.3936489446279645 vs. 2.3936489446279645
--------
nle(id0,id1,dist): 53 57 1.665003280485543
list:
dist: 1.665003280485543 vs. 1.665003280485543
--------
nle(id0,id1,dist): 53 58 3.4646831104320306
list:
dist: 3.4646831104320306 vs. 3.4646831104320306
--------
nle(id0,id1,dist): 54 58 1.6363005423447758
list:
dist: 1.6363005423447758 vs. 1.6363005423447758
--------
nle(id0,id1,dist): 54 57 1.8734761474200234
list:
dist: 1.8734761474200234 vs. 1.8734761474200234
--------
nle(id0,id1,dist): 54 56 2.217195306117332
list:
dist: 2.217195306117332 vs. 2.217195306117332
--------
nle(id0,id1,dist): 54 55 1.945806967279058
list:
dist: 1.945806967279058 vs. 1.945806967279058
--------
nle(id0,id1,dist): 93 112 2.561025711546658
list:
dist: 2.561025711546658 vs. 2.561025711546658
--------
nle(id0,id1,dist): 93 115 3.1929403560593563
list:
dist: 3.1929403560593563 vs. 3.1929403560593563
--------
nle(id0,id1,dist): 93 116 3.707564186211151
list:
dist: 3.707564186211151 vs. 3.707564186211151
--------
nle(id0,id1,dist): 93 97 3.8360003698049705
list:
dist: 3.8360003698049705 vs. 3.8360003698049705
--------
nle(id0,id1,dist): 93 96 3.6693306805932044
list:
dist: 3.6693306805932044 vs. 3.6693306805932044
--------
nle(id0,id1,dist): 93 99 2.4722390656399997
list:
dist: 2.4722390656399997 vs. 2.4722390656399997
--------
nle(id0,id1,dist): 93 98 2.6842128463192814
list:
dist: 2.6842128463192814 vs. 2.6842128463192814
--------
nle(id0,id1,dist): 93 101 2.6116713005716914
list:
dist: 2.6116713005716914 vs. 2.6116713005716914
--------
nle(id0,id1,dist): 93 100 2.2440370488179977
list:
dist: 2.2440370488179977 vs. 2.2440370488179977
--------
nle(id0,id1,dist): 93 103 2.569983082039326
list:
dist: 2.569983082039326 vs. 2.569983082039326
--------
nle(id0,id1,dist): 93 102 2.040322747643256
list:
dist: 2.040322747643256 vs. 2.040322747643256
--------
nle(id0,id1,dist): 93 105 3.4752101584717443
list:
dist: 3.4752101584717443 vs. 3.4752101584717443
--------
nle(id0,id1,dist): 93 104 1.6546211699154914
list:
dist: 1.6546211699154914 vs. 1.6546211699154914
--------
nle(id0,id1,dist): 93 107 3.0977093451009647
list:
dist: 3.0977093451009647 vs. 3.0977093451009647
--------
nle(id0,id1,dist): 93 106 3.22592722135056
list:
dist: 3.22592722135056 vs. 3.22592722135056
--------
nle(id0,id1,dist): 93 108 2.565517146394075
list:
dist: 2.565517146394075 vs. 2.565517146394075
--------
nle(id0,id1,dist): 93 110 3.4208776207817633
list:
dist: 3.4208776207817633 vs. 3.4208776207817633
--------
nle(id0,id1,dist): 94 110 2.2125305091360588
list:
dist: 2.2125305091360588 vs. 2.2125305091360588
--------
nle(id0,id1,dist): 94 107 2.359104401142257
list:
dist: 2.359104401142257 vs. 2.359104401142257
--------
nle(id0,id1,dist): 94 108 1.2374925815794608
list:
dist: 1.2374925815794608 vs. 1.2374925815794608
--------
nle(id0,id1,dist): 94 111 2.2661977384803667
list:
dist: 2.2661977384803667 vs. 2.2661977384803667
--------
nle(id0,id1,dist): 94 112 0.9854007597232205
list:
dist: 0.9854007597232205 vs. 0.9854007597232205
--------
nle(id0,id1,dist): 94 118 2.07600597540725
list:
dist: 2.07600597540725 vs. 2.07600597540725
--------
nle(id0,id1,dist): 94 115 1.5663046782196395
list:
dist: 1.5663046782196395 vs. 1.5663046782196395
--------
nle(id0,id1,dist): 94 116 2.345183425423557
list:
dist: 2.345183425423557 vs. 2.345183425423557
--------
nle(id0,id1,dist): 94 119 2.8558045073350673
list:
dist: 2.8558045073350673 vs. 2.8558045073350673
--------
nle(id0,id1,dist): 94 98 1.2495197856437792
list:
dist: 1.2495197856437792 vs. 1.2495197856437792
--------
nle(id0,id1,dist): 94 97 2.8181878016861903
list:
dist: 2.8181878016861903 vs. 2.8181878016861903
--------
nle(id0,id1,dist): 94 96 2.5878387572270354
list:
dist: 2.5878387572270354 vs. 2.5878387572270354
--------
nle(id0,id1,dist): 94 95 0.6692565567490623
list:
dist: 0.6692565567490623 vs. 0.6692565567490623
--------
nle(id0,id1,dist): 94 102 0.405821233190472
list:
dist: 0.405821233190472 vs. 0.405821233190472
--------
nle(id0,id1,dist): 94 101 1.4571021595566276
list:
dist: 1.4571021595566276 vs. 1.4571021595566276
--------
nle(id0,id1,dist): 94 100 3.447253163386542
list:
dist: 3.447253163386542 vs. 3.447253163386542
--------
nle(id0,id1,dist): 94 99 1.177492756834277
list:
dist: 1.177492756834277 vs. 1.177492756834277
--------
nle(id0,id1,dist): 94 106 2.603858683400804
list:
dist: 2.603858683400804 vs. 2.603858683400804
--------
nle(id0,id1,dist): 94 105 1.9588314946856455
list:
dist: 1.9588314946856455 vs. 1.9588314946856455
--------
nle(id0,id1,dist): 94 104 1.5330881787212456
list:
dist: 1.5330881787212456 vs. 1.5330881787212456
--------
nle(id0,id1,dist): 94 103 2.7412655033849886
list:
dist: 2.7412655033849886 vs. 2.7412655033849886
--------
nle(id0,id1,dist): 92 97 2.826328275246214
list:
dist: 2.826328275246214 vs. 2.826328275246214
--------
nle(id0,id1,dist): 92 98 0.9376153604129033
list:
dist: 0.9376153604129033 vs. 0.9376153604129033
--------
nle(id0,id1,dist): 92 99 1.3067704253745185
list:
dist: 1.3067704253745185 vs. 1.3067704253745185
--------
nle(id0,id1,dist): 92 100 3.544760904959584
list:
dist: 3.544760904959584 vs. 3.544760904959584
--------
nle(id0,id1,dist): 92 93 2.315242067334963
list:
dist: 2.315242067334963 vs. 2.315242067334963
--------
nle(id0,id1,dist): 92 94 1.4423893729013981
list:
dist: 1.4423893729013981 vs. 1.4423893729013981
--------
nle(id0,id1,dist): 92 95 0.9084994712464766
list:
dist: 0.9084994712464766 vs. 0.9084994712464766
--------
nle(id0,id1,dist): 92 96 2.478998831930102
list:
dist: 2.478998831930102 vs. 2.478998831930102
--------
nle(id0,id1,dist): 91 112 1.9281848554381513
list:
dist: 1.9281848554381513 vs. 1.9281848554381513
--------
nle(id0,id1,dist): 91 108 2.7515623592639478
list:
dist: 2.7515623592639478 vs. 2.7515623592639478
--------
nle(id0,id1,dist): 91 115 2.8557186994675168
list:
dist: 2.8557186994675168 vs. 2.8557186994675168
--------
nle(id0,id1,dist): 93 94 1.6408448442782937
list:
dist: 1.6408448442782937 vs. 1.6408448442782937
--------
nle(id0,id1,dist): 93 95 1.8313814627641207
list:
dist: 1.8313814627641207 vs. 1.8313814627641207
--------
nle(id0,id1,dist): 92 108 2.342726708007036
list:
dist: 2.342726708007036 vs. 2.342726708007036
--------
nle(id0,id1,dist): 92 107 2.9967167945796804
list:
dist: 2.9967167945796804 vs. 2.9967167945796804
--------
nle(id0,id1,dist): 92 106 3.068192586621925
list:
dist: 3.068192586621925 vs. 3.068192586621925
--------
nle(id0,id1,dist): 92 105 2.030176172787479
list:
dist: 2.030176172787479 vs. 2.030176172787479
--------
nle(id0,id1,dist): 92 104 1.6258715111033208
list:
dist: 1.6258715111033208 vs. 1.6258715111033208
--------
nle(id0,id1,dist): 92 103 2.19738559100635
list:
dist: 2.19738559100635 vs. 2.19738559100635
--------
nle(id0,id1,dist): 92 102 1.3710440409780404
list:
dist: 1.3710440409780404 vs. 1.3710440409780404
--------
nle(id0,id1,dist): 92 101 1.7776939558250677
list:
dist: 1.7776939558250677 vs. 1.7776939558250677
--------
nle(id0,id1,dist): 92 116 2.5092538861965967
list:
dist: 2.5092538861965967 vs. 2.5092538861965967
--------
nle(id0,id1,dist): 92 115 2.1000786958871585
list:
dist: 2.1000786958871585 vs. 2.1000786958871585
--------
nle(id0,id1,dist): 92 112 1.3632992253507765
list:
dist: 1.3632992253507765 vs. 1.3632992253507765
--------
nle(id0,id1,dist): 92 110 2.525703825640646
list:
dist: 2.525703825640646 vs. 2.525703825640646
--------
nle(id0,id1,dist): 97 101 1.3619713316371111
list:
dist: 1.3619713316371111 vs. 1.3619713316371111
--------
nle(id0,id1,dist): 97 102 2.635865550421716
list:
dist: 2.635865550421716 vs. 2.635865550421716
--------
nle(id0,id1,dist): 97 105 1.6378566569227735
list:
dist: 1.6378566569227735 vs. 1.6378566569227735
--------
nle(id0,id1,dist): 97 104 2.3484372314806303
list:
dist: 2.3484372314806303 vs. 2.3484372314806303
--------
nle(id0,id1,dist): 97 107 1.3744866784136087
list:
dist: 1.3744866784136087 vs. 1.3744866784136087
--------
nle(id0,id1,dist): 97 106 1.2434757266430665
list:
dist: 1.2434757266430665 vs. 1.2434757266430665
--------
nle(id0,id1,dist): 97 99 1.7381950352943125
list:
dist: 1.7381950352943125 vs. 1.7381950352943125
--------
nle(id0,id1,dist): 97 98 2.352059963201292
list:
dist: 2.352059963201292 vs. 2.352059963201292
--------
nle(id0,id1,dist): 96 113 2.089236835269738
list:
dist: 2.089236835269738 vs. 2.089236835269738
--------
nle(id0,id1,dist): 96 114 1.52384311005889
list:
dist: 1.52384311005889 vs. 1.52384311005889
--------
nle(id0,id1,dist): 96 115 2.1161304069372715
list:
dist: 2.1161304069372715 vs. 2.1161304069372715
--------
nle(id0,id1,dist): 96 116 0.8741142169379311
list:
dist: 0.8741142169379311 vs. 0.8741142169379311
--------
nle(id0,id1,dist): 96 118 1.7655282945933441
list:
dist: 1.7655282945933441 vs. 1.7655282945933441
--------
nle(id0,id1,dist): 96 119 2.459950881257988
list:
dist: 2.459950881257988 vs. 2.459950881257988
--------
nle(id0,id1,dist): 98 102 0.9338473208968793
list:
dist: 0.9338473208968793 vs. 0.9338473208968793
--------
nle(id0,id1,dist): 98 101 1.2968177758496295
list:
dist: 1.2968177758496295 vs. 1.2968177758496295
--------
nle(id0,id1,dist): 98 100 4.2125765799441295
list:
dist: 4.2125765799441295 vs. 4.2125765799441295
--------
nle(id0,id1,dist): 98 99 0.8047345838281621
list:
dist: 0.8047345838281621 vs. 0.8047345838281621
--------
nle(id0,id1,dist): 97 118 1.9327994614144488
list:
dist: 1.9327994614144488 vs. 1.9327994614144488
--------
nle(id0,id1,dist): 97 119 2.3034334293739276
list:
dist: 2.3034334293739276 vs. 2.3034334293739276
--------
nle(id0,id1,dist): 97 116 1.0220779817632164
list:
dist: 1.0220779817632164 vs. 1.0220779817632164
--------
nle(id0,id1,dist): 97 110 0.8185319950587756
list:
dist: 0.8185319950587756 vs. 0.8185319950587756
--------
nle(id0,id1,dist): 97 111 2.311313438463276
list:
dist: 2.311313438463276 vs. 2.311313438463276
--------
nle(id0,id1,dist): 97 108 2.2737199002738944
list:
dist: 2.2737199002738944 vs. 2.2737199002738944
--------
nle(id0,id1,dist): 97 109 1.6665926129919888
list:
dist: 1.6665926129919888 vs. 1.6665926129919888
--------
nle(id0,id1,dist): 97 114 1.3922209268003432
list:
dist: 1.3922209268003432 vs. 1.3922209268003432
--------
nle(id0,id1,dist): 97 115 2.342927711772977
list:
dist: 2.342927711772977 vs. 2.342927711772977
--------
nle(id0,id1,dist): 97 112 2.8158502709051936
list:
dist: 2.8158502709051936 vs. 2.8158502709051936
--------
nle(id0,id1,dist): 97 113 1.8503317902213519
list:
dist: 1.8503317902213519 vs. 1.8503317902213519
--------
nle(id0,id1,dist): 95 115 1.6483146891400293
list:
dist: 1.6483146891400293 vs. 1.6483146891400293
--------
nle(id0,id1,dist): 95 116 2.10641657451328
list:
dist: 2.10641657451328 vs. 2.10641657451328
--------
nle(id0,id1,dist): 95 111 2.489662688977116
list:
dist: 2.489662688977116 vs. 2.489662688977116
--------
nle(id0,id1,dist): 95 110 1.9926801551735638
list:
dist: 1.9926801551735638 vs. 1.9926801551735638
--------
nle(id0,id1,dist): 95 112 1.068852102552199
list:
dist: 1.068852102552199 vs. 1.068852102552199
--------
nle(id0,id1,dist): 95 107 2.266996043878899
list:
dist: 2.266996043878899 vs. 2.266996043878899
--------
nle(id0,id1,dist): 95 106 2.415466495969088
list:
dist: 2.415466495969088 vs. 2.415466495969088
--------
nle(id0,id1,dist): 95 108 1.52752522081086
list:
dist: 1.52752522081086 vs. 1.52752522081086
--------
nle(id0,id1,dist): 95 103 2.6632249799685774
list:
dist: 2.6632249799685774 vs. 2.6632249799685774
--------
nle(id0,id1,dist): 95 102 0.6773165366578223
list:
dist: 0.6773165366578223 vs. 0.6773165366578223
--------
nle(id0,id1,dist): 95 105 1.7351238049647495
list:
dist: 1.7351238049647495 vs. 1.7351238049647495
--------
nle(id0,id1,dist): 95 104 1.1495706778522592
list:
dist: 1.1495706778522592 vs. 1.1495706778522592
--------
nle(id0,id1,dist): 95 98 0.8892476008773064
list:
dist: 0.8892476008773064 vs. 0.8892476008773064
--------
nle(id0,id1,dist): 95 99 0.7685454799380526
list:
dist: 0.7685454799380526 vs. 0.7685454799380526
--------
nle(id0,id1,dist): 95 100 3.5702511067783
list:
dist: 3.5702511067783 vs. 3.5702511067783
--------
nle(id0,id1,dist): 95 101 1.1574115077316005
list:
dist: 1.1574115077316005 vs. 1.1574115077316005
--------
nle(id0,id1,dist): 95 96 2.1768376981528377
list:
dist: 2.1768376981528377 vs. 2.1768376981528377
--------
nle(id0,id1,dist): 95 97 2.453831077457506
list:
dist: 2.453831077457506 vs. 2.453831077457506
--------
nle(id0,id1,dist): 96 112 2.5202887949853117
list:
dist: 2.5202887949853117 vs. 2.5202887949853117
--------
nle(id0,id1,dist): 96 111 2.3132418652997093
list:
dist: 2.3132418652997093 vs. 2.3132418652997093
--------
nle(id0,id1,dist): 96 110 0.7795270144521197
list:
dist: 0.7795270144521197 vs. 0.7795270144521197
--------
nle(id0,id1,dist): 96 109 1.9973885658650075
list:
dist: 1.9973885658650075 vs. 1.9973885658650075
--------
nle(id0,id1,dist): 96 108 2.164459646288423
list:
dist: 2.164459646288423 vs. 2.164459646288423
--------
nle(id0,id1,dist): 96 107 1.5341032834791957
list:
dist: 1.5341032834791957 vs. 1.5341032834791957
--------
nle(id0,id1,dist): 96 106 1.4476260729418708
list:
dist: 1.4476260729418708 vs. 1.4476260729418708
--------
nle(id0,id1,dist): 96 105 1.3640756500422773
list:
dist: 1.3640756500422773 vs. 1.3640756500422773
--------
nle(id0,id1,dist): 96 104 2.176013702165381
list:
dist: 2.176013702165381 vs. 2.176013702165381
--------
nle(id0,id1,dist): 96 102 2.383783717925642
list:
dist: 2.383783717925642 vs. 2.383783717925642
--------
nle(id0,id1,dist): 96 101 1.1583340048694468
list:
dist: 1.1583340048694468 vs. 1.1583340048694468
--------
nle(id0,id1,dist): 96 99 1.452703282059987
list:
dist: 1.452703282059987 vs. 1.452703282059987
--------
nle(id0,id1,dist): 96 98 2.0097039613524035
list:
dist: 2.0097039613524035 vs. 2.0097039613524035
--------
nle(id0,id1,dist): 96 97 0.39000475337382035
list:
dist: 0.39000475337382035 vs. 0.39000475337382035
--------
nle(id0,id1,dist): 95 118 2.0574847068779794
list:
dist: 2.0574847068779794 vs. 2.0574847068779794
--------
nle(id0,id1,dist): 95 119 3.032829347675772
list:
dist: 3.032829347675772 vs. 3.032829347675772
--------
nle(id0,id1,dist): 87 88 1.2536112977721632
list:
dist: 1.2536112977721632 vs. 1.2536112977721632
--------
nle(id0,id1,dist): 87 89 2.7142137378281497
list:
dist: 2.7142137378281497 vs. 2.7142137378281497
--------
nle(id0,id1,dist): 85 87 4.766367164267483
list:
dist: 4.766367164267483 vs. 4.766367164267483
--------
nle(id0,id1,dist): 85 88 4.009884725620503
list:
dist: 4.009884725620503 vs. 4.009884725620503
--------
nle(id0,id1,dist): 85 89 3.1783697611735016
list:
dist: 3.1783697611735016 vs. 3.1783697611735016
--------
nle(id0,id1,dist): 86 87 0.5247378506785301
list:
dist: 0.5247378506785301 vs. 0.5247378506785301
--------
nle(id0,id1,dist): 86 88 1.53905703024692
list:
dist: 1.53905703024692 vs. 1.53905703024692
--------
nle(id0,id1,dist): 90 94 3.2674774449678994
list:
dist: 3.2674774449678994 vs. 3.2674774449678994
--------
nle(id0,id1,dist): 90 91 3.171431343017568
list:
dist: 3.171431343017568 vs. 3.171431343017568
--------
nle(id0,id1,dist): 90 92 2.8824750672368533
list:
dist: 2.8824750672368533 vs. 2.8824750672368533
--------
nle(id0,id1,dist): 90 103 3.185711618820748
list:
dist: 3.185711618820748 vs. 3.185711618820748
--------
nle(id0,id1,dist): 90 98 2.6655359237027545
list:
dist: 2.6655359237027545 vs. 2.6655359237027545
--------
nle(id0,id1,dist): 90 95 3.2761478335061502
list:
dist: 3.2761478335061502 vs. 3.2761478335061502
--------
nle(id0,id1,dist): 90 102 3.0184124930915193
list:
dist: 3.0184124930915193 vs. 3.0184124930915193
--------
nle(id0,id1,dist): 90 99 3.4527554363166106
list:
dist: 3.4527554363166106 vs. 3.4527554363166106
--------
nle(id0,id1,dist): 90 112 2.4294758421170175
list:
dist: 2.4294758421170175 vs. 2.4294758421170175
--------
nle(id0,id1,dist): 90 115 2.905952618692831
list:
dist: 2.905952618692831 vs. 2.905952618692831
--------
nle(id0,id1,dist): 91 99 2.3763205804600247
list:
dist: 2.3763205804600247 vs. 2.3763205804600247
--------
nle(id0,id1,dist): 91 98 2.1111499986946907
list:
dist: 2.1111499986946907 vs. 2.1111499986946907
--------
nle(id0,id1,dist): 91 100 2.1460369570299482
list:
dist: 2.1460369570299482 vs. 2.1460369570299482
--------
nle(id0,id1,dist): 91 103 1.3078418700160186
list:
dist: 1.3078418700160186 vs. 1.3078418700160186
--------
nle(id0,id1,dist): 91 102 1.7559146396248821
list:
dist: 1.7559146396248821 vs. 1.7559146396248821
--------
nle(id0,id1,dist): 91 104 2.1673406848975887
list:
dist: 2.1673406848975887 vs. 2.1673406848975887
--------
nle(id0,id1,dist): 91 93 1.4755892484994808
list:
dist: 1.4755892484994808 vs. 1.4755892484994808
--------
nle(id0,id1,dist): 91 92 1.5930172085227758
list:
dist: 1.5930172085227758 vs. 1.5930172085227758
--------
nle(id0,id1,dist): 91 95 1.6178595155418052
list:
dist: 1.6178595155418052 vs. 1.6178595155418052
--------
nle(id0,id1,dist): 91 94 1.5219292394360637
list:
dist: 1.5219292394360637 vs. 1.5219292394360637
--------
nle(id0,id1,dist): 88 89 1.9328885055059983
list:
dist: 1.9328885055059983 vs. 1.9328885055059983
--------
nle(id0,id1,dist): 81 82 3.1143929196520768
list:
dist: 3.1143929196520768 vs. 3.1143929196520768
--------
nle(id0,id1,dist): 81 83 1.167205262538516
list:
dist: 1.167205262538516 vs. 1.167205262538516
--------
nle(id0,id1,dist): 81 88 1.539190635958624
list:
dist: 1.539190635958624 vs. 1.539190635958624
--------
nle(id0,id1,dist): 81 89 2.454007208782954
list:
dist: 2.454007208782954 vs. 2.454007208782954
--------
nle(id0,id1,dist): 81 86 1.8521517615701886
list:
dist: 1.8521517615701886 vs. 1.8521517615701886
--------
nle(id0,id1,dist): 81 87 1.5981016997467417
list:
dist: 1.5981016997467417 vs. 1.5981016997467417
--------
nle(id0,id1,dist): 81 84 2.4543455785664494
list:
dist: 2.4543455785664494 vs. 2.4543455785664494
--------
nle(id0,id1,dist): 81 85 3.370841412821398
list:
dist: 3.370841412821398 vs. 3.370841412821398
--------
nle(id0,id1,dist): 80 85 3.027459872471212
list:
dist: 3.027459872471212 vs. 3.027459872471212
--------
nle(id0,id1,dist): 80 86 2.9177587817744386
list:
dist: 2.9177587817744386 vs. 2.9177587817744386
--------
nle(id0,id1,dist): 80 87 2.754378735184777
list:
dist: 2.754378735184777 vs. 2.754378735184777
--------
nle(id0,id1,dist): 80 88 2.735982824147943
list:
dist: 2.735982824147943 vs. 2.735982824147943
--------
nle(id0,id1,dist): 80 81 1.2463281704468456
list:
dist: 1.2463281704468456 vs. 1.2463281704468456
--------
nle(id0,id1,dist): 80 82 3.093846273905647
list:
dist: 3.093846273905647 vs. 3.093846273905647
--------
nle(id0,id1,dist): 80 83 1.2784873363889016
list:
dist: 1.2784873363889016 vs. 1.2784873363889016
--------
nle(id0,id1,dist): 80 89 3.328460027396559
list:
dist: 3.328460027396559 vs. 3.328460027396559
--------
nle(id0,id1,dist): 79 88 3.088626002169757
list:
dist: 3.088626002169757 vs. 3.088626002169757
--------
nle(id0,id1,dist): 79 86 2.6605830687484846
list:
dist: 2.6605830687484846 vs. 2.6605830687484846
--------
nle(id0,id1,dist): 79 87 3.032096361600196
list:
dist: 3.032096361600196 vs. 3.032096361600196
--------
nle(id0,id1,dist): 79 81 3.0224909044767787
list:
dist: 3.0224909044767787 vs. 3.0224909044767787
--------
nle(id0,id1,dist): 79 80 3.3628309961017813
list:
dist: 3.3628309961017813 vs. 3.3628309961017813
--------
nle(id0,id1,dist): 79 83 2.3768374576735725
list:
dist: 2.3768374576735725 vs. 2.3768374576735725
--------
nle(id0,id1,dist): 78 80 1.6057470663237032
list:
dist: 1.6057470663237032 vs. 1.6057470663237032
--------
nle(id0,id1,dist): 78 79 2.194837349879399
list:
dist: 2.194837349879399 vs. 2.194837349879399
--------
nle(id0,id1,dist): 78 82 3.9877453706418198
list:
dist: 3.9877453706418198 vs. 3.9877453706418198
--------
nle(id0,id1,dist): 78 81 1.3423592898009455
list:
dist: 1.3423592898009455 vs. 1.3423592898009455
--------
nle(id0,id1,dist): 78 83 0.32833798758812194
list:
dist: 0.32833798758812194 vs. 0.32833798758812194
--------
nle(id0,id1,dist): 78 86 2.421826978511382
list:
dist: 2.421826978511382 vs. 2.421826978511382
--------
nle(id0,id1,dist): 78 85 3.436207445833588
list:
dist: 3.436207445833588 vs. 3.436207445833588
--------
nle(id0,id1,dist): 78 88 1.9471990682464417
list:
dist: 1.9471990682464417 vs. 1.9471990682464417
--------
nle(id0,id1,dist): 78 87 2.3946214548253484
list:
dist: 2.3946214548253484 vs. 2.3946214548253484
--------
nle(id0,id1,dist): 78 89 3.177456832390638
list:
dist: 3.177456832390638 vs. 3.177456832390638
--------
nle(id0,id1,dist): 84 89 2.7068043713934893
list:
dist: 2.7068043713934893 vs. 2.7068043713934893
--------
nle(id0,id1,dist): 84 87 1.0537548252780105
list:
dist: 1.0537548252780105 vs. 1.0537548252780105
--------
nle(id0,id1,dist): 84 88 1.3490317441520892
list:
dist: 1.3490317441520892 vs. 1.3490317441520892
--------
nle(id0,id1,dist): 84 86 1.194545462708001
list:
dist: 1.194545462708001 vs. 1.194545462708001
--------
nle(id0,id1,dist): 83 86 2.4501250482010875
list:
dist: 2.4501250482010875 vs. 2.4501250482010875
--------
nle(id0,id1,dist): 83 87 2.3938810007787032
list:
dist: 2.3938810007787032 vs. 2.3938810007787032
--------
nle(id0,id1,dist): 83 88 2.047598273132313
list:
dist: 2.047598273132313 vs. 2.047598273132313
--------
nle(id0,id1,dist): 83 89 3.1658689084526612
list:
dist: 3.1658689084526612 vs. 3.1658689084526612
--------
nle(id0,id1,dist): 83 85 3.30991033961298
list:
dist: 3.30991033961298 vs. 3.30991033961298
--------
nle(id0,id1,dist): 82 89 2.5044811261705417
list:
dist: 2.5044811261705417 vs. 2.5044811261705417
--------
nle(id0,id1,dist): 82 87 4.130079600147776
list:
dist: 4.130079600147776 vs. 4.130079600147776
--------
nle(id0,id1,dist): 82 88 3.7882581250637504
list:
dist: 3.7882581250637504 vs. 3.7882581250637504
--------
nle(id0,id1,dist): 82 84 4.6404240422921275
list:
dist: 4.6404240422921275 vs. 4.6404240422921275
--------
nle(id0,id1,dist): 82 83 3.7853009742245605
list:
dist: 3.7853009742245605 vs. 3.7853009742245605
--------
nle(id0,id1,dist): 82 85 2.252052251654963
list:
dist: 2.252052251654963 vs. 2.252052251654963
--------
nle(id0,id1,dist): 74 78 2.7709930323288017
list:
dist: 2.7709930323288017 vs. 2.7709930323288017
--------
nle(id0,id1,dist): 74 83 2.7111078396749115
list:
dist: 2.7111078396749115 vs. 2.7111078396749115
--------
nle(id0,id1,dist): 74 79 2.900968748775998
list:
dist: 2.900968748775998 vs. 2.900968748775998
--------
nle(id0,id1,dist): 74 80 2.94731908781941
list:
dist: 2.94731908781941 vs. 2.94731908781941
--------
nle(id0,id1,dist): 73 74 1.4177188379014496
list:
dist: 1.4177188379014496 vs. 1.4177188379014496
--------
nle(id0,id1,dist): 73 83 1.500255674346723
list:
dist: 1.500255674346723 vs. 1.500255674346723
--------
nle(id0,id1,dist): 73 81 2.5338299533152497
list:
dist: 2.5338299533152497 vs. 2.5338299533152497
--------
nle(id0,id1,dist): 73 80 2.211802339513038
list:
dist: 2.211802339513038 vs. 2.211802339513038
--------
nle(id0,id1,dist): 73 79 1.7832937237526216
list:
dist: 1.7832937237526216 vs. 1.7832937237526216
--------
nle(id0,id1,dist): 73 78 1.477968989333802
list:
dist: 1.477968989333802 vs. 1.477968989333802
--------
nle(id0,id1,dist): 73 76 2.321727892891558
list:
dist: 2.321727892891558 vs. 2.321727892891558
--------
nle(id0,id1,dist): 73 88 3.30193076834933
list:
dist: 3.30193076834933 vs. 3.30193076834933
--------
nle(id0,id1,dist): 73 86 3.2872589258637763
list:
dist: 3.2872589258637763 vs. 3.2872589258637763
--------
nle(id0,id1,dist): 73 87 3.4414119330569317
list:
dist: 3.4414119330569317 vs. 3.4414119330569317
--------
nle(id0,id1,dist): 72 76 3.3714214767071793
list:
dist: 3.3714214767071793 vs. 3.3714214767071793
--------
nle(id0,id1,dist): 72 75 2.5957016518929326
list:
dist: 2.5957016518929326 vs. 2.5957016518929326
--------
nle(id0,id1,dist): 72 78 2.694674909030055
list:
dist: 2.694674909030055 vs. 2.694674909030055
--------
nle(id0,id1,dist): 72 77 1.2090454536199664
list:
dist: 1.2090454536199664 vs. 1.2090454536199664
--------
nle(id0,id1,dist): 72 80 1.5959613249103592
list:
dist: 1.5959613249103592 vs. 1.5959613249103592
--------
nle(id0,id1,dist): 72 82 2.264387313049926
list:
dist: 2.264387313049926 vs. 2.264387313049926
--------
nle(id0,id1,dist): 72 81 2.430442698196808
list:
dist: 2.430442698196808 vs. 2.430442698196808
--------
nle(id0,id1,dist): 72 83 2.4335710265757813
list:
dist: 2.4335710265757813 vs. 2.4335710265757813
--------
nle(id0,id1,dist): 72 85 1.749258246252366
list:
dist: 1.749258246252366 vs. 1.749258246252366
--------
nle(id0,id1,dist): 72 88 3.6568702223356975
list:
dist: 3.6568702223356975 vs. 3.6568702223356975
--------
nle(id0,id1,dist): 72 87 3.9927390823185624
list:
dist: 3.9927390823185624 vs. 3.9927390823185624
--------
nle(id0,id1,dist): 72 89 3.428990142542875
list:
dist: 3.428990142542875 vs. 3.428990142542875
--------
nle(id0,id1,dist): 71 81 1.7828084044376242
list:
dist: 1.7828084044376242 vs. 1.7828084044376242
--------
nle(id0,id1,dist): 71 80 0.5636521545257641
list:
dist: 0.5636521545257641 vs. 0.5636521545257641
--------
nle(id0,id1,dist): 71 79 3.6649068028894427
list:
dist: 3.6649068028894427 vs. 3.6649068028894427
--------
nle(id0,id1,dist): 71 78 1.907725912892249
list:
dist: 1.907725912892249 vs. 1.907725912892249
--------
nle(id0,id1,dist): 71 85 2.8401308102959835
list:
dist: 2.8401308102959835 vs. 2.8401308102959835
--------
nle(id0,id1,dist): 71 83 1.5928350331655636
list:
dist: 1.5928350331655636 vs. 1.5928350331655636
--------
nle(id0,id1,dist): 71 82 3.1510640783104487
list:
dist: 3.1510640783104487 vs. 3.1510640783104487
--------
nle(id0,id1,dist): 71 89 3.681845924990432
list:
dist: 3.681845924990432 vs. 3.681845924990432
--------
nle(id0,id1,dist): 71 88 3.226628408236661
list:
dist: 3.226628408236661 vs. 3.226628408236661
--------
nle(id0,id1,dist): 71 87 3.3152053102293797
list:
dist: 3.3152053102293797 vs. 3.3152053102293797
--------
nle(id0,id1,dist): 71 86 3.4709640570516385
list:
dist: 3.4709640570516385 vs. 3.4709640570516385
--------
nle(id0,id1,dist): 77 88 2.4488671643220896
list:
dist: 2.4488671643220896 vs. 2.4488671643220896
--------
nle(id0,id1,dist): 77 89 2.4681295766037783
list:
dist: 2.4681295766037783 vs. 2.4681295766037783
--------
nle(id0,id1,dist): 77 85 2.111222321102005
list:
dist: 2.111222321102005 vs. 2.111222321102005
--------
nle(id0,id1,dist): 77 87 2.8580152585199934
list:
dist: 2.8580152585199934 vs. 2.8580152585199934
--------
nle(id0,id1,dist): 77 80 1.1029915269110933
list:
dist: 1.1029915269110933 vs. 1.1029915269110933
--------
nle(id0,id1,dist): 77 81 1.3259613687370553
list:
dist: 1.3259613687370553 vs. 1.3259613687370553
--------
nle(id0,id1,dist): 77 82 2.256245228320773
list:
dist: 2.256245228320773 vs. 2.256245228320773
--------
nle(id0,id1,dist): 77 83 1.5689034333598249
list:
dist: 1.5689034333598249 vs. 1.5689034333598249
--------
nle(id0,id1,dist): 76 89 2.667660974451018
list:
dist: 2.667660974451018 vs. 2.667660974451018
--------
nle(id0,id1,dist): 76 87 1.7887154171851347
list:
dist: 1.7887154171851347 vs. 1.7887154171851347
--------
nle(id0,id1,dist): 76 88 1.060304703905534
list:
dist: 1.060304703905534 vs. 1.060304703905534
--------
nle(id0,id1,dist): 76 85 3.8440272600144283
list:
dist: 3.8440272600144283 vs. 3.8440272600144283
--------
nle(id0,id1,dist): 76 86 1.8405641796012766
list:
dist: 1.8405641796012766 vs. 1.8405641796012766
--------
nle(id0,id1,dist): 77 78 1.8009660512750634
list:
dist: 1.8009660512750634 vs. 1.8009660512750634
--------
nle(id0,id1,dist): 76 78 1.0375704750139845
list:
dist: 1.0375704750139845 vs. 1.0375704750139845
--------
nle(id0,id1,dist): 76 77 2.256602016131072
list:
dist: 2.256602016131072 vs. 2.256602016131072
--------
nle(id0,id1,dist): 76 80 2.328338149312676
list:
dist: 2.328338149312676 vs. 2.328338149312676
--------
nle(id0,id1,dist): 76 79 2.265563641167155
list:
dist: 2.265563641167155 vs. 2.265563641167155
--------
nle(id0,id1,dist): 76 82 4.121435742812197
list:
dist: 4.121435742812197 vs. 4.121435742812197
--------
nle(id0,id1,dist): 76 81 1.4384863628804725
list:
dist: 1.4384863628804725 vs. 1.4384863628804725
--------
nle(id0,id1,dist): 76 84 2.1562070691423734
list:
dist: 2.1562070691423734 vs. 2.1562070691423734
--------
nle(id0,id1,dist): 76 83 1.2539886887667613
list:
dist: 1.2539886887667613 vs. 1.2539886887667613
--------
nle(id0,id1,dist): 75 85 1.758558665156214
list:
dist: 1.758558665156214 vs. 1.758558665156214
--------
nle(id0,id1,dist): 75 84 4.055967092463994
list:
dist: 4.055967092463994 vs. 4.055967092463994
--------
nle(id0,id1,dist): 75 83 3.265541611861826
list:
dist: 3.265541611861826 vs. 3.265541611861826
--------
nle(id0,id1,dist): 75 82 1.7776248523842082
list:
dist: 1.7776248523842082 vs. 1.7776248523842082
--------
nle(id0,id1,dist): 75 89 1.5468431254151518
list:
dist: 1.5468431254151518 vs. 1.5468431254151518
--------
nle(id0,id1,dist): 75 88 2.9669455203652553
list:
dist: 2.9669455203652553 vs. 2.9669455203652553
--------
nle(id0,id1,dist): 75 87 3.8120559889500276
list:
dist: 3.8120559889500276 vs. 3.8120559889500276
--------
nle(id0,id1,dist): 75 77 2.1093470707036865
list:
dist: 2.1093470707036865 vs. 2.1093470707036865
--------
nle(id0,id1,dist): 75 76 3.2507061949319587
list:
dist: 3.2507061949319587 vs. 3.2507061949319587
--------
nle(id0,id1,dist): 75 81 2.879696093747548
list:
dist: 2.879696093747548 vs. 2.879696093747548
--------
nle(id0,id1,dist): 75 80 3.2054620887194294
list:
dist: 3.2054620887194294 vs. 3.2054620887194294
--------
nle(id0,id1,dist): 75 78 3.3323160671979983
list:
dist: 3.3323160671979983 vs. 3.3323160671979983
--------
nle(id0,id1,dist): 120 148 3.386355907838749
list:
dist: 3.386355907838749 vs. 3.386355907838749
--------
nle(id0,id1,dist): 120 140 3.0291906604501637
list:
dist: 3.0291906604501637 vs. 3.0291906604501637
--------
nle(id0,id1,dist): 120 144 2.858341842840794
list:
dist: 2.858341842840794 vs. 2.858341842840794
--------
nle(id0,id1,dist): 120 130 0.38384548070678115
list:
dist: 0.38384548070678115 vs. 0.38384548070678115
--------
nle(id0,id1,dist): 120 132 0.8002831160825659
list:
dist: 0.8002831160825659 vs. 0.8002831160825659
--------
nle(id0,id1,dist): 120 122 3.0499605675678727
list:
dist: 3.0499605675678727 vs. 3.0499605675678727
--------
nle(id0,id1,dist): 120 121 3.3743249097479353
list:
dist: 3.3743249097479353 vs. 3.3743249097479353
--------
nle(id0,id1,dist): 120 124 3.1775638282281053
list:
dist: 3.1775638282281053 vs. 3.1775638282281053
--------
nle(id0,id1,dist): 120 123 2.91771254331107
list:
dist: 2.91771254331107 vs. 2.91771254331107
--------
nle(id0,id1,dist): 120 126 2.9981335195417818
list:
dist: 2.9981335195417818 vs. 2.9981335195417818
--------
nle(id0,id1,dist): 120 125 2.4454818381946177
list:
dist: 2.4454818381946177 vs. 2.4454818381946177
--------
nle(id0,id1,dist): 120 128 2.7311749264469443
list:
dist: 2.7311749264469443 vs. 2.7311749264469443
--------
nle(id0,id1,dist): 121 143 3.1753548697274203
list:
dist: 3.1753548697274203 vs. 3.1753548697274203
--------
nle(id0,id1,dist): 121 140 0.7543985473757746
list:
dist: 0.7543985473757746 vs. 0.7543985473757746
--------
nle(id0,id1,dist): 121 141 4.293426410115226
list:
dist: 4.293426410115226 vs. 4.293426410115226
--------
nle(id0,id1,dist): 121 146 3.078215613711905
list:
dist: 3.078215613711905 vs. 3.078215613711905
--------
nle(id0,id1,dist): 121 147 1.6026557146542557
list:
dist: 1.6026557146542557 vs. 1.6026557146542557
--------
nle(id0,id1,dist): 121 144 1.7354956594470121
list:
dist: 1.7354956594470121 vs. 1.7354956594470121
--------
nle(id0,id1,dist): 121 145 1.7635038192691854
list:
dist: 1.7635038192691854 vs. 1.7635038192691854
--------
nle(id0,id1,dist): 121 134 3.004847846778326
list:
dist: 3.004847846778326 vs. 3.004847846778326
--------
nle(id0,id1,dist): 121 132 3.4654930656150795
list:
dist: 3.4654930656150795 vs. 3.4654930656150795
--------
nle(id0,id1,dist): 121 138 3.884055579864479
list:
dist: 3.884055579864479 vs. 3.884055579864479
--------
nle(id0,id1,dist): 121 136 1.4285916426771463
list:
dist: 1.4285916426771463 vs. 1.4285916426771463
--------
nle(id0,id1,dist): 121 137 3.3575829575379585
list:
dist: 3.3575829575379585 vs. 3.3575829575379585
--------
nle(id0,id1,dist): 121 127 3.4771114310590003
list:
dist: 3.4771114310590003 vs. 3.4771114310590003
--------
nle(id0,id1,dist): 121 126 0.864136569173611
list:
dist: 0.864136569173611 vs. 0.864136569173611
--------
nle(id0,id1,dist): 121 125 0.9754573975550326
list:
dist: 0.9754573975550326 vs. 0.9754573975550326
--------
nle(id0,id1,dist): 121 124 2.59723654050866
list:
dist: 2.59723654050866 vs. 2.59723654050866
--------
nle(id0,id1,dist): 121 131 2.373422041621007
list:
dist: 2.373422041621007 vs. 2.373422041621007
--------
nle(id0,id1,dist): 121 130 3.6151579686081012
list:
dist: 3.6151579686081012 vs. 3.6151579686081012
--------
nle(id0,id1,dist): 121 129 2.523638194664395
list:
dist: 2.523638194664395 vs. 2.523638194664395
--------
nle(id0,id1,dist): 121 128 2.3812105275493702
list:
dist: 2.3812105275493702 vs. 2.3812105275493702
--------
nle(id0,id1,dist): 121 123 2.059764200246053
list:
dist: 2.059764200246053 vs. 2.059764200246053
--------
nle(id0,id1,dist): 121 122 3.884593904993489
list:
dist: 3.884593904993489 vs. 3.884593904993489
--------
nle(id0,id1,dist): 122 132 2.5278724987466394
list:
dist: 2.5278724987466394 vs. 2.5278724987466394
--------
nle(id0,id1,dist): 122 131 2.8363140133627587
list:
dist: 2.8363140133627587 vs. 2.8363140133627587
--------
nle(id0,id1,dist): 122 134 1.550261475100902
list:
dist: 1.550261475100902 vs. 1.550261475100902
--------
nle(id0,id1,dist): 122 128 1.5459319498481496
list:
dist: 1.5459319498481496 vs. 1.5459319498481496
--------
nle(id0,id1,dist): 122 127 0.9854334077632787
list:
dist: 0.9854334077632787 vs. 0.9854334077632787
--------
nle(id0,id1,dist): 122 130 3.103310608083487
list:
dist: 3.103310608083487 vs. 3.103310608083487
--------
nle(id0,id1,dist): 122 129 2.8184220563276736
list:
dist: 2.8184220563276736 vs. 2.8184220563276736
--------
nle(id0,id1,dist): 122 140 3.1665180947236102
list:
dist: 3.1665180947236102 vs. 3.1665180947236102
--------
nle(id0,id1,dist): 122 141 2.1561844863601887
list:
dist: 2.1561844863601887 vs. 2.1561844863601887
--------
nle(id0,id1,dist): 122 136 3.423016393557073
list:
dist: 3.423016393557073 vs. 3.423016393557073
--------
nle(id0,id1,dist): 122 135 1.0662391295983893
list:
dist: 1.0662391295983893 vs. 1.0662391295983893
--------
nle(id0,id1,dist): 122 138 0.8598845202086437
list:
dist: 0.8598845202086437 vs. 0.8598845202086437
--------
nle(id0,id1,dist): 122 137 2.358660499928325
list:
dist: 2.358660499928325 vs. 2.358660499928325
--------
nle(id0,id1,dist): 121 148 2.3168157698232177
list:
dist: 2.3168157698232177 vs. 2.3168157698232177
--------
nle(id0,id1,dist): 121 149 2.9589065484576995
list:
dist: 2.9589065484576995 vs. 2.9589065484576995
--------
nle(id0,id1,dist): 122 123 2.3833683701328146
list:
dist: 2.3833683701328146 vs. 2.3833683701328146
--------
nle(id0,id1,dist): 122 124 1.4960541736760573
list:
dist: 1.4960541736760573 vs. 1.4960541736760573
--------
nle(id0,id1,dist): 122 125 3.1414271726949883
list:
dist: 3.1414271726949883 vs. 3.1414271726949883
--------
nle(id0,id1,dist): 122 126 3.601612071827324
list:
dist: 3.601612071827324 vs. 3.601612071827324
--------
nle(id0,id1,dist): 123 129 1.9975572234421024
list:
dist: 1.9975572234421024 vs. 1.9975572234421024
--------
nle(id0,id1,dist): 123 128 1.4289154067743206
list:
dist: 1.4289154067743206 vs. 1.4289154067743206
--------
nle(id0,id1,dist): 123 127 1.8575505171802087
list:
dist: 1.8575505171802087 vs. 1.8575505171802087
--------
nle(id0,id1,dist): 123 126 2.3047628782305893
list:
dist: 2.3047628782305893 vs. 2.3047628782305893
--------
nle(id0,id1,dist): 123 125 1.6574202110163911
list:
dist: 1.6574202110163911 vs. 1.6574202110163911
--------
nle(id0,id1,dist): 123 124 1.473019154340676
list:
dist: 1.473019154340676 vs. 1.473019154340676
--------
nle(id0,id1,dist): 123 137 2.016987411552174
list:
dist: 2.016987411552174 vs. 2.016987411552174
--------
nle(id0,id1,dist): 123 136 2.017958909528011
list:
dist: 2.017958909528011 vs. 2.017958909528011
--------
nle(id0,id1,dist): 123 134 1.8055355335894046
list:
dist: 1.8055355335894046 vs. 1.8055355335894046
--------
nle(id0,id1,dist): 123 132 2.5132104320990654
list:
dist: 2.5132104320990654 vs. 2.5132104320990654
--------
nle(id0,id1,dist): 123 131 2.0963845702905566
list:
dist: 2.0963845702905566 vs. 2.0963845702905566
--------
nle(id0,id1,dist): 123 130 3.2058536705933083
list:
dist: 3.2058536705933083 vs. 3.2058536705933083
--------
nle(id0,id1,dist): 122 149 3.2045701485550344
list:
dist: 3.2045701485550344 vs. 3.2045701485550344
--------
nle(id0,id1,dist): 122 147 4.013656882807121
list:
dist: 4.013656882807121 vs. 4.013656882807121
--------
nle(id0,id1,dist): 122 148 2.3674962271857694
list:
dist: 2.3674962271857694 vs. 2.3674962271857694
--------
nle(id0,id1,dist): 122 145 2.7161598621552625
list:
dist: 2.7161598621552625 vs. 2.7161598621552625
--------
nle(id0,id1,dist): 122 146 2.2438852497200634
list:
dist: 2.2438852497200634 vs. 2.2438852497200634
--------
nle(id0,id1,dist): 122 143 2.969935710301633
list:
dist: 2.969935710301633 vs. 2.969935710301633
--------
nle(id0,id1,dist): 122 144 2.809284881780439
list:
dist: 2.809284881780439 vs. 2.809284881780439
--------
nle(id0,id1,dist): 124 126 2.4201400807332134
list:
dist: 2.4201400807332134 vs. 2.4201400807332134
--------
nle(id0,id1,dist): 124 125 2.08631042125736
list:
dist: 2.08631042125736 vs. 2.08631042125736
--------
nle(id0,id1,dist): 124 128 0.48841912521295183
list:
dist: 0.48841912521295183 vs. 0.48841912521295183
--------
nle(id0,id1,dist): 124 127 0.9895804848445552
list:
dist: 0.9895804848445552 vs. 0.9895804848445552
--------
nle(id0,id1,dist): 124 130 3.320422305444686
list:
dist: 3.320422305444686 vs. 3.320422305444686
--------
nle(id0,id1,dist): 124 129 1.4513663540990025
list:
dist: 1.4513663540990025 vs. 1.4513663540990025
--------
nle(id0,id1,dist): 124 132 2.8351333435576183
list:
dist: 2.8351333435576183 vs. 2.8351333435576183
--------
nle(id0,id1,dist): 124 131 1.4193787434692746
list:
dist: 1.4193787434692746 vs. 1.4193787434692746
--------
nle(id0,id1,dist): 123 138 2.4842835521769437
list:
dist: 2.4842835521769437 vs. 2.4842835521769437
--------
nle(id0,id1,dist): 123 140 1.354405506770903
list:
dist: 1.354405506770903 vs. 1.354405506770903
--------
nle(id0,id1,dist): 123 141 2.8073445586166477
list:
dist: 2.8073445586166477 vs. 2.8073445586166477
--------
nle(id0,id1,dist): 123 143 2.106026865477918
list:
dist: 2.106026865477918 vs. 2.106026865477918
--------
nle(id0,id1,dist): 123 144 0.4944592658304413
list:
dist: 0.4944592658304413 vs. 0.4944592658304413
--------
nle(id0,id1,dist): 123 145 1.7974964771709043
list:
dist: 1.7974964771709043 vs. 1.7974964771709043
--------
nle(id0,id1,dist): 123 146 1.5569698325791894
list:
dist: 1.5569698325791894 vs. 1.5569698325791894
--------
nle(id0,id1,dist): 123 147 2.4133541244761663
list:
dist: 2.4133541244761663 vs. 2.4133541244761663
--------
nle(id0,id1,dist): 123 148 0.5233819495196977
list:
dist: 0.5233819495196977 vs. 0.5233819495196977
--------
nle(id0,id1,dist): 123 149 2.3628204377466493
list:
dist: 2.3628204377466493 vs. 2.3628204377466493
--------
nle(id0,id1,dist): 124 149 1.962251822407667
list:
dist: 1.962251822407667 vs. 1.962251822407667
--------
nle(id0,id1,dist): 125 127 2.9304707347388086
list:
dist: 2.9304707347388086 vs. 2.9304707347388086
--------
nle(id0,id1,dist): 125 126 0.8024142043443004
list:
dist: 0.8024142043443004 vs. 0.8024142043443004
--------
nle(id0,id1,dist): 124 135 2.005891886528741
list:
dist: 2.005891886528741 vs. 2.005891886528741
--------
nle(id0,id1,dist): 124 136 1.9313289244166583
list:
dist: 1.9313289244166583 vs. 1.9313289244166583
--------
nle(id0,id1,dist): 124 134 0.5636880485331773
list:
dist: 0.5636880485331773 vs. 0.5636880485331773
--------
nle(id0,id1,dist): 124 140 1.895175048444556
list:
dist: 1.895175048444556 vs. 1.895175048444556
--------
nle(id0,id1,dist): 124 137 1.5294901627310498
list:
dist: 1.5294901627310498 vs. 1.5294901627310498
--------
nle(id0,id1,dist): 124 138 1.288735641396332
list:
dist: 1.288735641396332 vs. 1.288735641396332
--------
nle(id0,id1,dist): 124 143 1.9219396366933377
list:
dist: 1.9219396366933377 vs. 1.9219396366933377
--------
nle(id0,id1,dist): 124 144 1.8556222945518328
list:
dist: 1.8556222945518328 vs. 1.8556222945518328
--------
nle(id0,id1,dist): 124 141 2.0000860701804912
list:
dist: 2.0000860701804912 vs. 2.0000860701804912
--------
nle(id0,id1,dist): 124 147 2.5207889080039623
list:
dist: 2.5207889080039623 vs. 2.5207889080039623
--------
nle(id0,id1,dist): 124 148 1.3889138267720709
list:
dist: 1.3889138267720709 vs. 1.3889138267720709
--------
nle(id0,id1,dist): 124 145 1.2455334764593005
list:
dist: 1.2455334764593005 vs. 1.2455334764593005
--------
nle(id0,id1,dist): 124 146 1.3812953378795298
list:
dist: 1.3812953378795298 vs. 1.3812953378795298
--------
nle(id0,id1,dist): 112 119 3.0341837280133137
list:
dist: 3.0341837280133137 vs. 3.0341837280133137
--------
nle(id0,id1,dist): 112 118 1.6012767407419874
list:
dist: 1.6012767407419874 vs. 1.6012767407419874
--------
nle(id0,id1,dist): 112 115 0.9794939403456941
list:
dist: 0.9794939403456941 vs. 0.9794939403456941
--------
nle(id0,id1,dist): 112 116 2.0852918456144334
list:
dist: 2.0852918456144334 vs. 2.0852918456144334
--------
nle(id0,id1,dist): 113 116 2.0123321490087096
list:
dist: 2.0123321490087096 vs. 2.0123321490087096
--------
nle(id0,id1,dist): 113 118 2.6103696632814106
list:
dist: 2.6103696632814106 vs. 2.6103696632814106
--------
nle(id0,id1,dist): 113 119 2.6073227139898343
list:
dist: 2.6073227139898343 vs. 2.6073227139898343
--------
nle(id0,id1,dist): 113 114 1.2863704104179245
list:
dist: 1.2863704104179245 vs. 1.2863704104179245
--------
nle(id0,id1,dist): 114 118 2.7318368020016734
list:
dist: 2.7318368020016734 vs. 2.7318368020016734
--------
nle(id0,id1,dist): 114 116 1.8978210862903853
list:
dist: 1.8978210862903853 vs. 1.8978210862903853
--------
nle(id0,id1,dist): 114 119 3.2448421575504818
list:
dist: 3.2448421575504818 vs. 3.2448421575504818
--------
nle(id0,id1,dist): 115 118 0.6693069638433832
list:
dist: 0.6693069638433832 vs. 0.6693069638433832
--------
nle(id0,id1,dist): 115 119 2.3079043796211556
list:
dist: 2.3079043796211556 vs. 2.3079043796211556
--------
nle(id0,id1,dist): 115 116 1.41605607327747
list:
dist: 1.41605607327747 vs. 1.41605607327747
--------
nle(id0,id1,dist): 116 118 0.9284778656543903
list:
dist: 0.9284778656543903 vs. 0.9284778656543903
--------
nle(id0,id1,dist): 116 119 2.007819340170154
list:
dist: 2.007819340170154 vs. 2.007819340170154
--------
nle(id0,id1,dist): 117 119 2.9174691139281195
list:
dist: 2.9174691139281195 vs. 2.9174691139281195
--------
nle(id0,id1,dist): 118 119 1.98348434523688
list:
dist: 1.98348434523688 vs. 1.98348434523688
--------
nle(id0,id1,dist): 106 119 1.8522357544911494
list:
dist: 1.8522357544911494 vs. 1.8522357544911494
--------
nle(id0,id1,dist): 106 113 2.605959934083593
list:
dist: 2.605959934083593 vs. 2.605959934083593
--------
nle(id0,id1,dist): 106 114 2.4992845062520317
list:
dist: 2.4992845062520317 vs. 2.4992845062520317
--------
nle(id0,id1,dist): 106 111 2.204898428552232
list:
dist: 2.204898428552232 vs. 2.204898428552232
--------
nle(id0,id1,dist): 106 112 3.0014536252701154
list:
dist: 3.0014536252701154 vs. 3.0014536252701154
--------
nle(id0,id1,dist): 106 117 2.3807167564829204
list:
dist: 2.3807167564829204 vs. 2.3807167564829204
--------
nle(id0,id1,dist): 106 118 2.3915589426419666
list:
dist: 2.3915589426419666 vs. 2.3915589426419666
--------
nle(id0,id1,dist): 106 115 2.6433422263264044
list:
dist: 2.6433422263264044 vs. 2.6433422263264044
--------
nle(id0,id1,dist): 106 116 1.7729243889348827
list:
dist: 1.7729243889348827 vs. 1.7729243889348827
--------
nle(id0,id1,dist): 106 110 1.260699858406888
list:
dist: 1.260699858406888 vs. 1.260699858406888
--------
nle(id0,id1,dist): 106 109 1.7854104169766518
list:
dist: 1.7854104169766518 vs. 1.7854104169766518
--------
nle(id0,id1,dist): 106 108 2.0165251799253907
list:
dist: 2.0165251799253907 vs. 2.0165251799253907
--------
nle(id0,id1,dist): 106 107 0.44284795137713945
list:
dist: 0.44284795137713945 vs. 0.44284795137713945
--------
nle(id0,id1,dist): 105 116 0.7305335156644995
list:
dist: 0.7305335156644995 vs. 0.7305335156644995
--------
nle(id0,id1,dist): 105 118 0.6566910337684643
list:
dist: 0.6566910337684643 vs. 0.6566910337684643
--------
nle(id0,id1,dist): 105 119 2.3943587842991314
list:
dist: 2.3943587842991314 vs. 2.3943587842991314
--------
nle(id0,id1,dist): 105 109 2.6197999397254272
list:
dist: 2.6197999397254272 vs. 2.6197999397254272
--------
nle(id0,id1,dist): 105 108 1.5303226263057528
list:
dist: 1.5303226263057528 vs. 1.5303226263057528
--------
nle(id0,id1,dist): 105 111 1.7110274992539478
list:
dist: 1.7110274992539478 vs. 1.7110274992539478
--------
nle(id0,id1,dist): 105 110 1.0852601663762422
list:
dist: 1.0852601663762422 vs. 1.0852601663762422
--------
nle(id0,id1,dist): 105 113 2.6537462658457813
list:
dist: 2.6537462658457813 vs. 2.6537462658457813
--------
nle(id0,id1,dist): 105 112 1.4608815152986083
list:
dist: 1.4608815152986083 vs. 1.4608815152986083
--------
nle(id0,id1,dist): 105 115 0.8712982016085097
list:
dist: 0.8712982016085097 vs. 0.8712982016085097
--------
nle(id0,id1,dist): 105 114 2.4573905464034653
list:
dist: 2.4573905464034653 vs. 2.4573905464034653
--------
nle(id0,id1,dist): 105 107 2.0942865472883345
list:
dist: 2.0942865472883345 vs. 2.0942865472883345
--------
nle(id0,id1,dist): 105 106 2.2837034297095142
list:
dist: 2.2837034297095142 vs. 2.2837034297095142
--------
nle(id0,id1,dist): 108 115 1.0993960131349871
list:
dist: 1.0993960131349871 vs. 1.0993960131349871
--------
nle(id0,id1,dist): 108 116 1.6658550108271806
list:
dist: 1.6658550108271806 vs. 1.6658550108271806
--------
nle(id0,id1,dist): 108 111 1.0485632984291777
list:
dist: 1.0485632984291777 vs. 1.0485632984291777
--------
nle(id0,id1,dist): 108 112 1.4549877736885901
list:
dist: 1.4549877736885901 vs. 1.4549877736885901
--------
nle(id0,id1,dist): 108 110 1.4938247549399248
list:
dist: 1.4938247549399248 vs. 1.4938247549399248
--------
nle(id0,id1,dist): 107 118 2.1049147826528682
list:
dist: 2.1049147826528682 vs. 2.1049147826528682
--------
nle(id0,id1,dist): 107 119 1.4682856449831783
list:
dist: 1.4682856449831783 vs. 1.4682856449831783
--------
nle(id0,id1,dist): 107 114 2.6633959150274786
list:
dist: 2.6633959150274786 vs. 2.6633959150274786
--------
nle(id0,id1,dist): 107 115 2.33787753645877
list:
dist: 2.33787753645877 vs. 2.33787753645877
--------
nle(id0,id1,dist): 107 116 1.6289176618217167
list:
dist: 1.6289176618217167 vs. 1.6289176618217167
--------
nle(id0,id1,dist): 107 117 2.563312144117284
list:
dist: 2.563312144117284 vs. 2.563312144117284
--------
nle(id0,id1,dist): 107 110 1.1116403942031872
list:
dist: 1.1116403942031872 vs. 1.1116403942031872
--------
nle(id0,id1,dist): 107 111 1.7930395036633069
list:
dist: 1.7930395036633069 vs. 1.7930395036633069
--------
nle(id0,id1,dist): 107 112 2.7489967898717396
list:
dist: 2.7489967898717396 vs. 2.7489967898717396
--------
nle(id0,id1,dist): 107 113 2.625068507751907
list:
dist: 2.625068507751907 vs. 2.625068507751907
--------
nle(id0,id1,dist): 107 108 1.6337004540741382
list:
dist: 1.6337004540741382 vs. 1.6337004540741382
--------
nle(id0,id1,dist): 107 109 1.7489093757752814
list:
dist: 1.7489093757752814 vs. 1.7489093757752814
--------
nle(id0,id1,dist): 109 114 1.9796789467211662
list:
dist: 1.9796789467211662 vs. 1.9796789467211662
--------
nle(id0,id1,dist): 109 113 1.2000614394803162
list:
dist: 1.2000614394803162 vs. 1.2000614394803162
--------
nle(id0,id1,dist): 109 118 2.4708328229821026
list:
dist: 2.4708328229821026 vs. 2.4708328229821026
--------
nle(id0,id1,dist): 109 119 1.659165106524004
list:
dist: 1.659165106524004 vs. 1.659165106524004
--------
nle(id0,id1,dist): 109 116 1.9196328041704585
list:
dist: 1.9196328041704585 vs. 1.9196328041704585
--------
nle(id0,id1,dist): 109 117 2.120591745698861
list:
dist: 2.120591745698861 vs. 2.120591745698861
--------
nle(id0,id1,dist): 109 111 2.1977736535832415
list:
dist: 2.1977736535832415 vs. 2.1977736535832415
--------
nle(id0,id1,dist): 109 110 1.737262950925513
list:
dist: 1.737262950925513 vs. 1.737262950925513
--------
nle(id0,id1,dist): 108 118 1.3071797530372933
list:
dist: 1.3071797530372933 vs. 1.3071797530372933
--------
nle(id0,id1,dist): 108 119 1.661454629660111
list:
dist: 1.661454629660111 vs. 1.661454629660111
--------
nle(id0,id1,dist): 111 119 0.9959392368376291
list:
dist: 0.9959392368376291 vs. 0.9959392368376291
--------
nle(id0,id1,dist): 111 118 1.1709031752609498
list:
dist: 1.1709031752609498 vs. 1.1709031752609498
--------
nle(id0,id1,dist): 111 116 1.608983320947804
list:
dist: 1.608983320947804 vs. 1.608983320947804
--------
nle(id0,id1,dist): 111 117 3.7923529223460375
list:
dist: 3.7923529223460375 vs. 3.7923529223460375
--------
nle(id0,id1,dist): 111 114 3.269887454970447
list:
dist: 3.269887454970447 vs. 3.269887454970447
--------
nle(id0,id1,dist): 111 115 1.4022605856846826
list:
dist: 1.4022605856846826 vs. 1.4022605856846826
--------
nle(id0,id1,dist): 111 112 2.2091458422736125
list:
dist: 2.2091458422736125 vs. 2.2091458422736125
--------
nle(id0,id1,dist): 111 113 2.7944415138846477
list:
dist: 2.7944415138846477 vs. 2.7944415138846477
--------
nle(id0,id1,dist): 110 111 1.5424401402532242
list:
dist: 1.5424401402532242 vs. 1.5424401402532242
--------
nle(id0,id1,dist): 110 112 2.183331075591953
list:
dist: 2.183331075591953 vs. 2.183331075591953
--------
nle(id0,id1,dist): 110 113 2.111971930675315
list:
dist: 2.111971930675315 vs. 2.111971930675315
--------
nle(id0,id1,dist): 110 114 2.0154520382619503
list:
dist: 2.0154520382619503 vs. 2.0154520382619503
--------
nle(id0,id1,dist): 110 119 1.7442463349772381
list:
dist: 1.7442463349772381 vs. 1.7442463349772381
--------
nle(id0,id1,dist): 110 115 1.6079599248970777
list:
dist: 1.6079599248970777 vs. 1.6079599248970777
--------
nle(id0,id1,dist): 110 116 0.522790634453199
list:
dist: 0.522790634453199 vs. 0.522790634453199
--------
nle(id0,id1,dist): 110 118 1.223434972697203
list:
dist: 1.223434972697203 vs. 1.223434972697203
--------
nle(id0,id1,dist): 99 107 1.7814283780467832
list:
dist: 1.7814283780467832 vs. 1.7814283780467832
--------
nle(id0,id1,dist): 99 106 1.9241342491231843
list:
dist: 1.9241342491231843 vs. 1.9241342491231843
--------
nle(id0,id1,dist): 99 108 1.297207500194249
list:
dist: 1.297207500194249 vs. 1.297207500194249
--------
nle(id0,id1,dist): 99 111 2.0415144289731817
list:
dist: 2.0415144289731817 vs. 2.0415144289731817
--------
nle(id0,id1,dist): 99 110 1.2621040250940287
list:
dist: 1.2621040250940287 vs. 1.2621040250940287
--------
nle(id0,id1,dist): 99 112 1.2108082883530462
list:
dist: 1.2108082883530462 vs. 1.2108082883530462
--------
nle(id0,id1,dist): 99 101 0.5108398691859662
list:
dist: 0.5108398691859662 vs. 0.5108398691859662
--------
nle(id0,id1,dist): 99 100 4.32860956585921
list:
dist: 4.32860956585921 vs. 4.32860956585921
--------
nle(id0,id1,dist): 99 103 3.3588312931822175
list:
dist: 3.3588312931822175 vs. 3.3588312931822175
--------
nle(id0,id1,dist): 99 102 0.9726309099432273
list:
dist: 0.9726309099432273 vs. 0.9726309099432273
--------
nle(id0,id1,dist): 99 105 1.079096662686744
list:
dist: 1.079096662686744 vs. 1.079096662686744
--------
nle(id0,id1,dist): 99 104 1.3705413704285376
list:
dist: 1.3705413704285376 vs. 1.3705413704285376
--------
nle(id0,id1,dist): 99 115 1.2911466497576165
list:
dist: 1.2911466497576165 vs. 1.2911466497576165
--------
nle(id0,id1,dist): 99 116 1.3491885417824798
list:
dist: 1.3491885417824798 vs. 1.3491885417824798
--------
nle(id0,id1,dist): 99 118 1.477601553264689
list:
dist: 1.477601553264689 vs. 1.477601553264689
--------
nle(id0,id1,dist): 99 119 2.557230591199555
list:
dist: 2.557230591199555 vs. 2.557230591199555
--------
nle(id0,id1,dist): 98 112 0.7233203783182738
list:
dist: 0.7233203783182738 vs. 0.7233203783182738
--------
nle(id0,id1,dist): 98 111 2.4049790306641126
list:
dist: 2.4049790306641126 vs. 2.4049790306641126
--------
nle(id0,id1,dist): 98 118 1.5931069526298947
list:
dist: 1.5931069526298947 vs. 1.5931069526298947
--------
nle(id0,id1,dist): 98 116 1.7607563992001218
list:
dist: 1.7607563992001218 vs. 1.7607563992001218
--------
nle(id0,id1,dist): 98 115 1.1921343226381256
list:
dist: 1.1921343226381256 vs. 1.1921343226381256
--------
nle(id0,id1,dist): 98 106 2.7196063871612157
list:
dist: 2.7196063871612157 vs. 2.7196063871612157
--------
nle(id0,id1,dist): 98 105 1.1668761095147548
list:
dist: 1.1668761095147548 vs. 1.1668761095147548
--------
nle(id0,id1,dist): 98 104 1.8945447576768344
list:
dist: 1.8945447576768344 vs. 1.8945447576768344
--------
nle(id0,id1,dist): 98 103 2.9215010223417437
list:
dist: 2.9215010223417437 vs. 2.9215010223417437
--------
nle(id0,id1,dist): 98 110 1.8791935489489322
list:
dist: 1.8791935489489322 vs. 1.8791935489489322
--------
nle(id0,id1,dist): 98 108 1.6896503624508197
list:
dist: 1.6896503624508197 vs. 1.6896503624508197
--------
nle(id0,id1,dist): 98 107 2.5596351842331417
list:
dist: 2.5596351842331417 vs. 2.5596351842331417
--------
nle(id0,id1,dist): 98 119 3.1233988899413343
list:
dist: 3.1233988899413343 vs. 3.1233988899413343
--------
nle(id0,id1,dist): 101 102 1.3088879427819586
list:
dist: 1.3088879427819586 vs. 1.3088879427819586
--------
nle(id0,id1,dist): 101 116 1.1274375735837738
list:
dist: 1.1274375735837738 vs. 1.1274375735837738
--------
nle(id0,id1,dist): 101 118 1.4580888637866085
list:
dist: 1.4580888637866085 vs. 1.4580888637866085
--------
nle(id0,id1,dist): 101 119 2.1728435924171907
list:
dist: 2.1728435924171907 vs. 2.1728435924171907
--------
nle(id0,id1,dist): 101 112 1.628012626971004
list:
dist: 1.628012626971004 vs. 1.628012626971004
--------
nle(id0,id1,dist): 101 113 2.9627470958741577
list:
dist: 2.9627470958741577 vs. 2.9627470958741577
--------
nle(id0,id1,dist): 101 114 2.663044890325999
list:
dist: 2.663044890325999 vs. 2.663044890325999
--------
nle(id0,id1,dist): 101 115 1.4595301342271099
list:
dist: 1.4595301342271099 vs. 1.4595301342271099
--------
nle(id0,id1,dist): 101 108 1.206564382925759
list:
dist: 1.206564382925759 vs. 1.206564382925759
--------
nle(id0,id1,dist): 101 109 2.5331965842276696
list:
dist: 2.5331965842276696 vs. 2.5331965842276696
--------
nle(id0,id1,dist): 101 110 0.8667623479256762
list:
dist: 0.8667623479256762 vs. 0.8667623479256762
--------
nle(id0,id1,dist): 101 111 1.8235990706458187
list:
dist: 1.8235990706458187 vs. 1.8235990706458187
--------
nle(id0,id1,dist): 101 104 1.386267062255489
list:
dist: 1.386267062255489 vs. 1.386267062255489
--------
nle(id0,id1,dist): 101 105 1.1558915646348578
list:
dist: 1.1558915646348578 vs. 1.1558915646348578
--------
nle(id0,id1,dist): 101 106 1.4249144079932987
list:
dist: 1.4249144079932987 vs. 1.4249144079932987
--------
nle(id0,id1,dist): 101 107 1.2802519542547777
list:
dist: 1.2802519542547777 vs. 1.2802519542547777
--------
nle(id0,id1,dist): 100 108 4.592744792624538
list:
dist: 4.592744792624538 vs. 4.592744792624538
--------
nle(id0,id1,dist): 100 104 3.5718694143613567
list:
dist: 3.5718694143613567 vs. 3.5718694143613567
--------
nle(id0,id1,dist): 100 103 2.0464651354014527
list:
dist: 2.0464651354014527 vs. 2.0464651354014527
--------
nle(id0,id1,dist): 100 102 3.7794802450835534
list:
dist: 3.7794802450835534 vs. 3.7794802450835534
--------
nle(id0,id1,dist): 100 115 4.936368129452399
list:
dist: 4.936368129452399 vs. 4.936368129452399
--------
nle(id0,id1,dist): 100 112 4.053248154252604
list:
dist: 4.053248154252604 vs. 4.053248154252604
--------
nle(id0,id1,dist): 102 115 1.1867103601258966
list:
dist: 1.1867103601258966 vs. 1.1867103601258966
--------
nle(id0,id1,dist): 102 116 2.055907095096348
list:
dist: 2.055907095096348 vs. 2.055907095096348
--------
nle(id0,id1,dist): 102 118 1.7224887661511403
list:
dist: 1.7224887661511403 vs. 1.7224887661511403
--------
nle(id0,id1,dist): 102 119 2.7451800755003153
list:
dist: 2.7451800755003153 vs. 2.7451800755003153
--------
nle(id0,id1,dist): 103 104 3.1337503410364844
list:
dist: 3.1337503410364844 vs. 3.1337503410364844
--------
nle(id0,id1,dist): 103 108 3.9600733170061484
list:
dist: 3.9600733170061484 vs. 3.9600733170061484
--------
nle(id0,id1,dist): 102 106 2.5820692700229944
list:
dist: 2.5820692700229944 vs. 2.5820692700229944
--------
nle(id0,id1,dist): 102 105 1.6004119158276986
list:
dist: 1.6004119158276986 vs. 1.6004119158276986
--------
nle(id0,id1,dist): 102 104 1.7099591916239476
list:
dist: 1.7099591916239476 vs. 1.7099591916239476
--------
nle(id0,id1,dist): 102 103 2.8863303727998337
list:
dist: 2.8863303727998337 vs. 2.8863303727998337
--------
nle(id0,id1,dist): 102 110 1.9981816165194595
list:
dist: 1.9981816165194595 vs. 1.9981816165194595
--------
nle(id0,id1,dist): 102 108 1.1034073883196842
list:
dist: 1.1034073883196842 vs. 1.1034073883196842
--------
nle(id0,id1,dist): 102 107 2.3259119081243718
list:
dist: 2.3259119081243718 vs. 2.3259119081243718
--------
nle(id0,id1,dist): 102 112 0.6295841992677168
list:
dist: 0.6295841992677168 vs. 0.6295841992677168
--------
nle(id0,id1,dist): 102 111 2.0612945141443886
list:
dist: 2.0612945141443886 vs. 2.0612945141443886
--------
nle(id0,id1,dist): 104 110 2.1678318254252553
list:
dist: 2.1678318254252553 vs. 2.1678318254252553
--------
nle(id0,id1,dist): 104 112 2.2032265940299376
list:
dist: 2.2032265940299376 vs. 2.2032265940299376
--------
nle(id0,id1,dist): 104 105 2.4255428773658694
list:
dist: 2.4255428773658694 vs. 2.4255428773658694
--------
nle(id0,id1,dist): 104 106 1.9662204348448302
list:
dist: 1.9662204348448302 vs. 1.9662204348448302
--------
nle(id0,id1,dist): 104 107 1.9904070279107526
list:
dist: 1.9904070279107526 vs. 1.9904070279107526
--------
nle(id0,id1,dist): 104 108 2.092416071943858
list:
dist: 2.092416071943858 vs. 2.092416071943858
--------
nle(id0,id1,dist): 104 115 2.5673049020778254
list:
dist: 2.5673049020778254 vs. 2.5673049020778254
--------
nle(id0,id1,dist): 104 116 2.4815639272878176
list:
dist: 2.4815639272878176 vs. 2.4815639272878176
--------
nle(id0,id1,dist): 103 115 3.8428092156678115
list:
dist: 3.8428092156678115 vs. 3.8428092156678115
--------
nle(id0,id1,dist): 103 112 2.866850103558167
list:
dist: 2.866850103558167 vs. 2.866850103558167
--------
nle(id0,id1,dist): 147 149 1.771491664646481
list:
dist: 1.771491664646481 vs. 1.771491664646481
--------
nle(id0,id1,dist): 147 148 2.3089415963174074
list:
dist: 2.3089415963174074 vs. 2.3089415963174074
--------
nle(id0,id1,dist): 148 149 1.944674740279125
list:
dist: 1.944674740279125 vs. 1.944674740279125
--------
nle(id0,id1,dist): 146 147 2.5357105332893157
list:
dist: 2.5357105332893157 vs. 2.5357105332893157
--------
nle(id0,id1,dist): 146 148 1.068745739229913
list:
dist: 1.068745739229913 vs. 1.068745739229913
--------
nle(id0,id1,dist): 146 149 1.3423897268766285
list:
dist: 1.3423897268766285 vs. 1.3423897268766285
--------
nle(id0,id1,dist): 144 148 0.9227689825343659
list:
dist: 0.9227689825343659 vs. 0.9227689825343659
--------
nle(id0,id1,dist): 144 147 2.3334869980976336
list:
dist: 2.3334869980976336 vs. 2.3334869980976336
--------
nle(id0,id1,dist): 144 146 1.9802245586818463
list:
dist: 1.9802245586818463 vs. 1.9802245586818463
--------
nle(id0,id1,dist): 144 145 1.924319671244707
list:
dist: 1.924319671244707 vs. 1.924319671244707
--------
nle(id0,id1,dist): 144 149 2.6182891172621474
list:
dist: 2.6182891172621474 vs. 2.6182891172621474
--------
nle(id0,id1,dist): 145 149 1.645094042704306
list:
dist: 1.645094042704306 vs. 1.645094042704306
--------
nle(id0,id1,dist): 145 148 1.74693278176682
list:
dist: 1.74693278176682 vs. 1.74693278176682
--------
nle(id0,id1,dist): 145 147 1.4096697965568075
list:
dist: 1.4096697965568075 vs. 1.4096697965568075
--------
nle(id0,id1,dist): 145 146 1.9064345515743337
list:
dist: 1.9064345515743337 vs. 1.9064345515743337
--------
nle(id0,id1,dist): 143 146 0.825112316659337
list:
dist: 0.825112316659337 vs. 0.825112316659337
--------
nle(id0,id1,dist): 143 147 2.219406244789317
list:
dist: 2.219406244789317 vs. 2.219406244789317
--------
nle(id0,id1,dist): 143 148 1.6089994931386455
list:
dist: 1.6089994931386455 vs. 1.6089994931386455
--------
nle(id0,id1,dist): 143 149 0.7114142595528131
list:
dist: 0.7114142595528131 vs. 0.7114142595528131
--------
nle(id0,id1,dist): 143 144 2.42456142440449
list:
dist: 2.42456142440449 vs. 2.42456142440449
--------
nle(id0,id1,dist): 143 145 1.9829074205689583
list:
dist: 1.9829074205689583 vs. 1.9829074205689583
--------
nle(id0,id1,dist): 141 143 1.6521311871125657
list:
dist: 1.6521311871125657 vs. 1.6521311871125657
--------
nle(id0,id1,dist): 140 149 2.5051168908361032
list:
dist: 2.5051168908361032 vs. 2.5051168908361032
--------
nle(id0,id1,dist): 141 145 2.7760512774716233
list:
dist: 2.7760512774716233 vs. 2.7760512774716233
--------
nle(id0,id1,dist): 141 144 3.277766940167892
list:
dist: 3.277766940167892 vs. 3.277766940167892
--------
nle(id0,id1,dist): 141 147 3.604186992413673
list:
dist: 3.604186992413673 vs. 3.604186992413673
--------
nle(id0,id1,dist): 141 146 1.4007036852961077
list:
dist: 1.4007036852961077 vs. 1.4007036852961077
--------
nle(id0,id1,dist): 141 149 2.006476118817832
list:
dist: 2.006476118817832 vs. 2.006476118817832
--------
nle(id0,id1,dist): 141 148 2.3910903906818284
list:
dist: 2.3910903906818284 vs. 2.3910903906818284
--------
nle(id0,id1,dist): 139 143 0.9811116276394134
list:
dist: 0.9811116276394134 vs. 0.9811116276394134
--------
nle(id0,id1,dist): 139 141 1.3865750250850826
list:
dist: 1.3865750250850826 vs. 1.3865750250850826
--------
nle(id0,id1,dist): 139 149 1.2306493298805403
list:
dist: 1.2306493298805403 vs. 1.2306493298805403
--------
nle(id0,id1,dist): 139 146 1.5119334019594441
list:
dist: 1.5119334019594441 vs. 1.5119334019594441
--------
nle(id0,id1,dist): 140 145 1.2963940700534675
list:
dist: 1.2963940700534675 vs. 1.2963940700534675
--------
nle(id0,id1,dist): 140 146 2.403940126396592
list:
dist: 2.403940126396592 vs. 2.403940126396592
--------
nle(id0,id1,dist): 140 147 1.6139209788739584
list:
dist: 1.6139209788739584 vs. 1.6139209788739584
--------
nle(id0,id1,dist): 140 148 1.6187932997865166
list:
dist: 1.6187932997865166 vs. 1.6187932997865166
--------
nle(id0,id1,dist): 140 141 3.6127519266875834
list:
dist: 3.6127519266875834 vs. 3.6127519266875834
--------
nle(id0,id1,dist): 140 143 2.6243160050836107
list:
dist: 2.6243160050836107 vs. 2.6243160050836107
--------
nle(id0,id1,dist): 140 144 1.1211153439007753
list:
dist: 1.1211153439007753 vs. 1.1211153439007753
--------
nle(id0,id1,dist): 138 141 1.443260896915309
list:
dist: 1.443260896915309 vs. 1.443260896915309
--------
nle(id0,id1,dist): 138 139 2.598675780501319
list:
dist: 2.598675780501319 vs. 2.598675780501319
--------
nle(id0,id1,dist): 138 140 3.1762581160992647
list:
dist: 3.1762581160992647 vs. 3.1762581160992647
--------
nle(id0,id1,dist): 138 149 2.597848779346646
list:
dist: 2.597848779346646 vs. 2.597848779346646
--------
nle(id0,id1,dist): 138 148 2.3089714618152812
list:
dist: 2.3089714618152812 vs. 2.3089714618152812
--------
nle(id0,id1,dist): 138 147 3.669475401485707
list:
dist: 3.669475401485707 vs. 3.669475401485707
--------
nle(id0,id1,dist): 138 146 1.8350645725808459
list:
dist: 1.8350645725808459 vs. 1.8350645725808459
--------
nle(id0,id1,dist): 138 145 2.418779231560814
list:
dist: 2.418779231560814 vs. 2.418779231560814
--------
nle(id0,id1,dist): 138 144 2.9448539365769184
list:
dist: 2.9448539365769184 vs. 2.9448539365769184
--------
nle(id0,id1,dist): 138 143 2.4201644570376875
list:
dist: 2.4201644570376875 vs. 2.4201644570376875
--------
nle(id0,id1,dist): 137 144 2.431390638703572
list:
dist: 2.431390638703572 vs. 2.431390638703572
--------
nle(id0,id1,dist): 137 145 1.9890188191901337
list:
dist: 1.9890188191901337 vs. 1.9890188191901337
--------
nle(id0,id1,dist): 137 146 0.5011837410087274
list:
dist: 0.5011837410087274 vs. 0.5011837410087274
--------
nle(id0,id1,dist): 137 147 2.616704520327484
list:
dist: 2.616704520327484 vs. 2.616704520327484
--------
nle(id0,id1,dist): 137 140 2.7140789549939894
list:
dist: 2.7140789549939894 vs. 2.7140789549939894
--------
nle(id0,id1,dist): 137 141 1.0682245810130881
list:
dist: 1.0682245810130881 vs. 1.0682245810130881
--------
nle(id0,id1,dist): 137 143 0.6734970843430036
list:
dist: 0.6734970843430036 vs. 0.6734970843430036
--------
nle(id0,id1,dist): 137 138 1.7785771745076662
list:
dist: 1.7785771745076662 vs. 1.7785771745076662
--------
nle(id0,id1,dist): 137 139 1.0901062810632527
list:
dist: 1.0901062810632527 vs. 1.0901062810632527
--------
nle(id0,id1,dist): 137 149 1.1244775857509564
list:
dist: 1.1244775857509564 vs. 1.1244775857509564
--------
nle(id0,id1,dist): 137 148 1.5422191348754637
list:
dist: 1.5422191348754637 vs. 1.5422191348754637
--------
nle(id0,id1,dist): 136 147 0.6512313508202968
list:
dist: 0.6512313508202968 vs. 0.6512313508202968
--------
nle(id0,id1,dist): 136 148 1.9553329733503724
list:
dist: 1.9553329733503724 vs. 1.9553329733503724
--------
nle(id0,id1,dist): 136 145 0.7722906276204893
list:
dist: 0.7722906276204893 vs. 0.7722906276204893
--------
nle(id0,id1,dist): 136 146 2.2112418731435692
list:
dist: 2.2112418731435692 vs. 2.2112418731435692
--------
nle(id0,id1,dist): 136 149 1.6568184640839987
list:
dist: 1.6568184640839987 vs. 1.6568184640839987
--------
nle(id0,id1,dist): 136 140 1.2224701570037066
list:
dist: 1.2224701570037066 vs. 1.2224701570037066
--------
nle(id0,id1,dist): 136 137 2.3118107402205874
list:
dist: 2.3118107402205874 vs. 2.3118107402205874
--------
nle(id0,id1,dist): 136 138 3.1168634091909486
list:
dist: 3.1168634091909486 vs. 3.1168634091909486
--------
nle(id0,id1,dist): 136 143 2.0714267217551225
list:
dist: 2.0714267217551225 vs. 2.0714267217551225
--------
nle(id0,id1,dist): 136 144 2.0011042484554795
list:
dist: 2.0011042484554795 vs. 2.0011042484554795
--------
nle(id0,id1,dist): 136 141 3.2438704017918663
list:
dist: 3.2438704017918663 vs. 3.2438704017918663
--------
nle(id0,id1,dist): 134 149 1.6810084846655484
list:
dist: 1.6810084846655484 vs. 1.6810084846655484
--------
nle(id0,id1,dist): 134 148 1.5629137211743864
list:
dist: 1.5629137211743864 vs. 1.5629137211743864
--------
nle(id0,id1,dist): 134 147 2.6410853699263583
list:
dist: 2.6410853699263583 vs. 2.6410853699263583
--------
nle(id0,id1,dist): 135 141 1.7898260082551374
list:
dist: 1.7898260082551374 vs. 1.7898260082551374
--------
nle(id0,id1,dist): 135 138 0.7449040929979756
list:
dist: 0.7449040929979756 vs. 0.7449040929979756
--------
nle(id0,id1,dist): 134 135 1.7690777088939942
list:
dist: 1.7690777088939942 vs. 1.7690777088939942
--------
nle(id0,id1,dist): 134 136 2.1124617198204554
list:
dist: 2.1124617198204554 vs. 2.1124617198204554
--------
nle(id0,id1,dist): 134 137 1.110234003771273
list:
dist: 1.110234003771273 vs. 1.110234003771273
--------
nle(id0,id1,dist): 134 138 1.0369322147443094
list:
dist: 1.0369322147443094 vs. 1.0369322147443094
--------
nle(id0,id1,dist): 134 143 1.6059126934176466
list:
dist: 1.6059126934176466 vs. 1.6059126934176466
--------
nle(id0,id1,dist): 134 144 2.2304148071847645
list:
dist: 2.2304148071847645 vs. 2.2304148071847645
--------
nle(id0,id1,dist): 134 145 1.474063948303755
list:
dist: 1.474063948303755 vs. 1.474063948303755
--------
nle(id0,id1,dist): 134 146 1.123727009872932
list:
dist: 1.123727009872932 vs. 1.123727009872932
--------
nle(id0,id1,dist): 134 139 2.063128258375645
list:
dist: 2.063128258375645 vs. 2.063128258375645
--------
nle(id0,id1,dist): 134 140 2.3191075892558124
list:
dist: 2.3191075892558124 vs. 2.3191075892558124
--------
nle(id0,id1,dist): 134 141 1.4708872746864894
list:
dist: 1.4708872746864894 vs. 1.4708872746864894
--------
nle(id0,id1,dist): 133 142 0.2711171253709976
list:
dist: 0.2711171253709976 vs. 0.2711171253709976
--------
nle(id0,id1,dist): 132 140 2.978702738511771
list:
dist: 2.978702738511771 vs. 2.978702738511771
--------
nle(id0,id1,dist): 132 144 2.544993670836264
list:
dist: 2.544993670836264 vs. 2.544993670836264
--------
nle(id0,id1,dist): 132 148 2.940825873021404
list:
dist: 2.940825873021404 vs. 2.940825873021404
--------
nle(id0,id1,dist): 131 147 1.4606274075871817
list:
dist: 1.4606274075871817 vs. 1.4606274075871817
--------
nle(id0,id1,dist): 131 146 1.5816470635418494
list:
dist: 1.5816470635418494 vs. 1.5816470635418494
--------
nle(id0,id1,dist): 131 149 0.9334776397108709
list:
dist: 0.9334776397108709 vs. 0.9334776397108709
--------
nle(id0,id1,dist): 131 148 1.844483453658199
list:
dist: 1.844483453658199 vs. 1.844483453658199
--------
nle(id0,id1,dist): 131 143 1.4086988969957306
list:
dist: 1.4086988969957306 vs. 1.4086988969957306
--------
nle(id0,id1,dist): 131 144 2.3157141152252705
list:
dist: 2.3157141152252705 vs. 2.3157141152252705
--------
nle(id0,id1,dist): 131 145 0.7778343499578948
list:
dist: 0.7778343499578948 vs. 0.7778343499578948
--------
nle(id0,id1,dist): 131 138 2.3254993560359614
list:
dist: 2.3254993560359614 vs. 2.3254993560359614
--------
nle(id0,id1,dist): 131 139 2.014525548006217
list:
dist: 2.014525548006217 vs. 2.014525548006217
--------
nle(id0,id1,dist): 131 140 1.9174587331565602
list:
dist: 1.9174587331565602 vs. 1.9174587331565602
--------
nle(id0,id1,dist): 131 141 2.2968897717846297
list:
dist: 2.2968897717846297 vs. 2.2968897717846297
--------
nle(id0,id1,dist): 131 134 1.3341004706308526
list:
dist: 1.3341004706308526 vs. 1.3341004706308526
--------
nle(id0,id1,dist): 131 136 1.0497754978190683
list:
dist: 1.0497754978190683 vs. 1.0497754978190683
--------
nle(id0,id1,dist): 131 137 1.4953507202347698
list:
dist: 1.4953507202347698 vs. 1.4953507202347698
--------
nle(id0,id1,dist): 130 148 3.657616914189053
list:
dist: 3.657616914189053 vs. 3.657616914189053
--------
nle(id0,id1,dist): 130 144 3.1725713698604623
list:
dist: 3.1725713698604623 vs. 3.1725713698604623
--------
nle(id0,id1,dist): 130 140 3.2785668310617364
list:
dist: 3.2785668310617364 vs. 3.2785668310617364
--------
nle(id0,id1,dist): 130 132 1.0347485658260784
list:
dist: 1.0347485658260784 vs. 1.0347485658260784
--------
nle(id0,id1,dist): 129 148 1.6652104208698464
list:
dist: 1.6652104208698464 vs. 1.6652104208698464
--------
nle(id0,id1,dist): 129 149 0.6142848923700011
list:
dist: 0.6142848923700011 vs. 0.6142848923700011
--------
nle(id0,id1,dist): 129 140 2.0256342946001893
list:
dist: 2.0256342946001893 vs. 2.0256342946001893
--------
nle(id0,id1,dist): 129 141 2.0654082717703215
list:
dist: 2.0654082717703215 vs. 2.0654082717703215
--------
nle(id0,id1,dist): 129 143 1.027519767251966
list:
dist: 1.027519767251966 vs. 1.027519767251966
--------
nle(id0,id1,dist): 129 144 2.250960158271896
list:
dist: 2.250960158271896 vs. 2.250960158271896
--------
nle(id0,id1,dist): 129 145 1.051139718658492
list:
dist: 1.051139718658492 vs. 1.051139718658492
--------
nle(id0,id1,dist): 129 146 1.2767914093820596
list:
dist: 1.2767914093820596 vs. 1.2767914093820596
--------
nle(id0,id1,dist): 129 147 1.5604430748087734
list:
dist: 1.5604430748087734 vs. 1.5604430748087734
--------
nle(id0,id1,dist): 129 134 1.282693883917167
list:
dist: 1.282693883917167 vs. 1.282693883917167
--------
nle(id0,id1,dist): 129 139 1.6902989511206123
list:
dist: 1.6902989511206123 vs. 1.6902989511206123
--------
nle(id0,id1,dist): 129 138 2.2848205388263647
list:
dist: 2.2848205388263647 vs. 2.2848205388263647
--------
nle(id0,id1,dist): 129 137 1.1778468536343225
list:
dist: 1.1778468536343225 vs. 1.1778468536343225
--------
nle(id0,id1,dist): 129 136 1.238260722172783
list:
dist: 1.238260722172783 vs. 1.238260722172783
--------
nle(id0,id1,dist): 129 131 0.3820590450772044
list:
dist: 0.3820590450772044 vs. 0.3820590450772044
--------
nle(id0,id1,dist): 128 147 2.5954040196778334
list:
dist: 2.5954040196778334 vs. 2.5954040196778334
--------
nle(id0,id1,dist): 128 148 1.5195587552939465
list:
dist: 1.5195587552939465 vs. 1.5195587552939465
--------
nle(id0,id1,dist): 128 145 1.2846587992235705
list:
dist: 1.2846587992235705 vs. 1.2846587992235705
--------
nle(id0,id1,dist): 128 146 1.7884207081622754
list:
dist: 1.7884207081622754 vs. 1.7884207081622754
--------
nle(id0,id1,dist): 128 149 2.3468293260945883
list:
dist: 2.3468293260945883 vs. 2.3468293260945883
--------
nle(id0,id1,dist): 128 134 1.044456782651726
list:
dist: 1.044456782651726 vs. 1.044456782651726
--------
nle(id0,id1,dist): 128 135 2.226554132320105
list:
dist: 2.226554132320105 vs. 2.226554132320105
--------
nle(id0,id1,dist): 128 136 1.972097364519355
list:
dist: 1.972097364519355 vs. 1.972097364519355
--------
nle(id0,id1,dist): 128 129 1.790605779498037
list:
dist: 1.790605779498037 vs. 1.790605779498037
--------
nle(id0,id1,dist): 128 130 2.8686954209346416
list:
dist: 2.8686954209346416 vs. 2.8686954209346416
--------
nle(id0,id1,dist): 128 131 1.6945507288764008
list:
dist: 1.6945507288764008 vs. 1.6945507288764008
--------
nle(id0,id1,dist): 128 132 2.456415945526571
list:
dist: 2.456415945526571 vs. 2.456415945526571
--------
nle(id0,id1,dist): 128 141 2.4668831790984984
list:
dist: 2.4668831790984984 vs. 2.4668831790984984
--------
nle(id0,id1,dist): 128 143 2.33863370914028
list:
dist: 2.33863370914028 vs. 2.33863370914028
--------
nle(id0,id1,dist): 128 144 1.733711041598422
list:
dist: 1.733711041598422 vs. 1.733711041598422
--------
nle(id0,id1,dist): 128 137 1.994099599787017
list:
dist: 1.994099599787017 vs. 1.994099599787017
--------
nle(id0,id1,dist): 128 138 1.5742443196390223
list:
dist: 1.5742443196390223 vs. 1.5742443196390223
--------
nle(id0,id1,dist): 128 140 1.6938907260724485
list:
dist: 1.6938907260724485 vs. 1.6938907260724485
--------
nle(id0,id1,dist): 127 140 2.737476037479848
list:
dist: 2.737476037479848 vs. 2.737476037479848
--------
nle(id0,id1,dist): 127 141 1.3827415508035819
list:
dist: 1.3827415508035819 vs. 1.3827415508035819
--------
nle(id0,id1,dist): 127 138 0.7081808719422819
list:
dist: 0.7081808719422819 vs. 0.7081808719422819
--------
nle(id0,id1,dist): 127 139 2.370049094532502
list:
dist: 2.370049094532502 vs. 2.370049094532502
--------
nle(id0,id1,dist): 127 136 2.7947850891025583
list:
dist: 2.7947850891025583 vs. 2.7947850891025583
--------
nle(id0,id1,dist): 127 137 1.3815380004232651
list:
dist: 1.3815380004232651 vs. 1.3815380004232651
--------
nle(id0,id1,dist): 127 134 0.8067342002239201
list:
dist: 0.8067342002239201 vs. 0.8067342002239201
--------
nle(id0,id1,dist): 127 135 1.371510750729075
list:
dist: 1.371510750729075 vs. 1.371510750729075
--------
nle(id0,id1,dist): 127 148 1.652596441495383
list:
dist: 1.652596441495383 vs. 1.652596441495383
--------
nle(id0,id1,dist): 127 149 2.2975259006622415
list:
dist: 2.2975259006622415 vs. 2.2975259006622415
--------
nle(id0,id1,dist): 127 146 1.2749381873423886
list:
dist: 1.2749381873423886 vs. 1.2749381873423886
--------
nle(id0,id1,dist): 127 147 3.314604005318745
list:
dist: 3.314604005318745 vs. 3.314604005318745
--------
nle(id0,id1,dist): 127 144 2.339409317640076
list:
dist: 2.339409317640076 vs. 2.339409317640076
--------
nle(id0,id1,dist): 127 145 2.1748994050699246
list:
dist: 2.1748994050699246 vs. 2.1748994050699246
--------
nle(id0,id1,dist): 127 143 1.9958119875939626
list:
dist: 1.9958119875939626 vs. 1.9958119875939626
--------
nle(id0,id1,dist): 127 131 2.1069743338137235
list:
dist: 2.1069743338137235 vs. 2.1069743338137235
--------
nle(id0,id1,dist): 127 129 1.9949341232590716
list:
dist: 1.9949341232590716 vs. 1.9949341232590716
--------
nle(id0,id1,dist): 127 128 1.3165538408362478
list:
dist: 1.3165538408362478 vs. 1.3165538408362478
--------
nle(id0,id1,dist): 126 140 1.0522489551259888
list:
dist: 1.0522489551259888 vs. 1.0522489551259888
--------
nle(id0,id1,dist): 126 144 2.0917348542803755
list:
dist: 2.0917348542803755 vs. 2.0917348542803755
--------
nle(id0,id1,dist): 126 145 1.6468285544784802
list:
dist: 1.6468285544784802 vs. 1.6468285544784802
--------
nle(id0,id1,dist): 126 147 2.0073985062657207
list:
dist: 2.0073985062657207 vs. 2.0073985062657207
--------
nle(id0,id1,dist): 126 148 2.5959028805551294
list:
dist: 2.5959028805551294 vs. 2.5959028805551294
--------
nle(id0,id1,dist): 126 128 2.108559456665976
list:
dist: 2.108559456665976 vs. 2.108559456665976
--------
nle(id0,id1,dist): 126 130 3.16388047775947
list:
dist: 3.16388047775947 vs. 3.16388047775947
--------
nle(id0,id1,dist): 126 132 3.20486674508684
list:
dist: 3.20486674508684 vs. 3.20486674508684
--------
nle(id0,id1,dist): 126 136 1.6202428745942161
list:
dist: 1.6202428745942161 vs. 1.6202428745942161
--------
nle(id0,id1,dist): 125 146 2.8765566499883066
list:
dist: 2.8765566499883066 vs. 2.8765566499883066
--------
nle(id0,id1,dist): 125 147 2.228339392677229
list:
dist: 2.228339392677229 vs. 2.228339392677229
--------
nle(id0,id1,dist): 125 144 1.4135599700549364
list:
dist: 1.4135599700549364 vs. 1.4135599700549364
--------
nle(id0,id1,dist): 125 145 1.68482159929892
list:
dist: 1.68482159929892 vs. 1.68482159929892
--------
nle(id0,id1,dist): 125 148 2.047545768337158
list:
dist: 2.047545768337158 vs. 2.047545768337158
--------
nle(id0,id1,dist): 125 149 3.1032809446031586
list:
dist: 3.1032809446031586 vs. 3.1032809446031586
--------
nle(id0,id1,dist): 125 131 2.4122783791174673
list:
dist: 2.4122783791174673 vs. 2.4122783791174673
--------
nle(id0,id1,dist): 125 130 2.6759788668526525
list:
dist: 2.6759788668526525 vs. 2.6759788668526525
--------
nle(id0,id1,dist): 125 129 2.568860560113849
list:
dist: 2.568860560113849 vs. 2.568860560113849
--------
nle(id0,id1,dist): 125 128 1.7345952676913086
list:
dist: 1.7345952676913086 vs. 1.7345952676913086
--------
nle(id0,id1,dist): 125 134 2.6000139091332772
list:
dist: 2.6000139091332772 vs. 2.6000139091332772
--------
nle(id0,id1,dist): 125 132 2.534600270549789
list:
dist: 2.534600270549789 vs. 2.534600270549789
--------
nle(id0,id1,dist): 125 138 3.3040158273604203
list:
dist: 3.3040158273604203 vs. 3.3040158273604203
--------
nle(id0,id1,dist): 125 137 3.1965932865545126
list:
dist: 3.1965932865545126 vs. 3.1965932865545126
--------
nle(id0,id1,dist): 125 136 1.788147480524244
list:
dist: 1.788147480524244 vs. 1.788147480524244
--------
nle(id0,id1,dist): 125 143 3.2116275138750248
list:
dist: 3.2116275138750248 vs. 3.2116275138750248
--------
nle(id0,id1,dist): 125 141 3.9875438849117666
list:
dist: 3.9875438849117666 vs. 3.9875438849117666
--------
nle(id0,id1,dist): 125 140 0.7057381652856197
list:
dist: 0.7057381652856197 vs. 0.7057381652856197
2. Check the NeighborList query for coordinates against the neighbor list for consistency
list:
dist: 1.3265182357876397 vs. 1.3265182357876397
list:
dist: 1.5193309237734933 vs. 1.5193309237734933
list:
dist: 1.7257105515110884 vs. 1.7257105515110884
list:
dist: 0.9625106737834798 vs. 0.9625106737834798
list:
dist: 1.4369609245622537 vs. 1.4369609245622537
list:
dist: 1.8211835869216573 vs. 1.8211835869216573
list:
dist: 2.2642030352068137 vs. 2.2642030352068137
list:
dist: 2.208536388582235 vs. 2.208536388582235
list:
dist: 1.959979535739087 vs. 1.959979535739087
list:
dist: 2.786913607520195 vs. 2.786913607520195
list:
dist: 2.3794570623444784 vs. 2.3794570623444784
list:
dist: 3.054876579757625 vs. 3.054876579757625
list:
dist: 1.3371940465291874 vs. 1.3371940465291874
list:
dist: 3.6016210347260316 vs. 3.6016210347260316
list:
dist: 2.349505210625616 vs. 2.349505210625616
list:
dist: 3.285242669645395 vs. 3.285242669645395
list:
dist: 3.5410020436218574 vs. 3.5410020436218574
list:
dist: 2.860651452992495 vs. 2.860651452992495
list:
dist: 3.9037829326106417 vs. 3.9037829326106417
list:
dist: 2.0677799247324833 vs. 2.0677799247324833
list:
dist: 1.959979535739087 vs. 1.959979535739087
list:
dist: 1.5642643489695454 vs. 1.5642643489695454
list:
dist: 2.2662799749100695 vs. 2.2662799749100695
list:
dist: 1.6418031327378078 vs. 1.6418031327378078
list:
dist: 0.626284773293464 vs. 0.626284773293464
list:
dist: 2.033591464873853 vs. 2.033591464873853
list:
dist: 1.170070452692497 vs. 1.170070452692497
list:
dist: 2.157069655868753 vs. 2.157069655868753
list:
dist: 1.6085443139777784 vs. 1.6085443139777784
list:
dist: 3.106163801922248 vs. 3.106163801922248
list:
dist: 1.5193309237734933 vs. 1.5193309237734933
list:
dist: 2.2600076326965315 vs. 2.2600076326965315
list:
dist: 1.4537069389516961 vs. 1.4537069389516961
list:
dist: 1.3615795837260964 vs. 1.3615795837260964
list:
dist: 2.055914908912602 vs. 2.055914908912602
list:
dist: 1.5157357507872204 vs. 1.5157357507872204
list:
dist: 1.5157357507872204 vs. 1.5157357507872204
list:
dist: 2.208536388582235 vs. 2.208536388582235
list:
dist: 2.6763497689997853 vs. 2.6763497689997853
list:
dist: 0.9106025579700444 vs. 0.9106025579700444
list:
dist: 1.5337427097810852 vs. 1.5337427097810852
list:
dist: 1.5689624222257108 vs. 1.5689624222257108
list:
dist: 2.713441115444619 vs. 2.713441115444619
list:
dist: 3.139480744783256 vs. 3.139480744783256
list:
dist: 2.8010401801221656 vs. 2.8010401801221656
list:
dist: 1.9765789495642476 vs. 1.9765789495642476
list:
dist: 3.343885636227248 vs. 3.343885636227248
list:
dist: 2.0564852150637973 vs. 2.0564852150637973
list:
dist: 2.1101100102351533 vs. 2.1101100102351533
list:
dist: 2.359206819994823 vs. 2.359206819994823
list:
dist: 1.911431397902171 vs. 1.911431397902171
list:
dist: 2.2732090077935627 vs. 2.2732090077935627
list:
dist: 3.316443052738357 vs. 3.316443052738357
list:
dist: 4.138987770375211 vs. 4.138987770375211
list:
dist: 3.271808021276546 vs. 3.271808021276546
list:
dist: 2.1988175616990815 vs. 2.1988175616990815
list:
dist: 4.100694238303323 vs. 4.100694238303323
list:
dist: 1.6085443139777784 vs. 1.6085443139777784
list:
dist: 1.965066500938458 vs. 1.965066500938458
list:
dist: 1.3265182357876397 vs. 1.3265182357876397
list:
dist: 2.234449323486847 vs. 2.234449323486847
list:
dist: 2.2100163504895214 vs. 2.2100163504895214
list:
dist: 2.373805947009418 vs. 2.373805947009418
list:
dist: 1.3371940465291874 vs. 1.3371940465291874
list:
dist: 1.35722675124599 vs. 1.35722675124599
list:
dist: 1.10008175340516 vs. 1.10008175340516
list:
dist: 2.137272149806285 vs. 2.137272149806285
list:
dist: 2.080620805495159 vs. 2.080620805495159
list:
dist: 1.9765789495642476 vs. 1.9765789495642476
list:
dist: 1.170070452692497 vs. 1.170070452692497
list:
dist: 1.5156714372978353 vs. 1.5156714372978353
list:
dist: 1.2838531438868106 vs. 1.2838531438868106
list:
dist: 1.8527702771011885 vs. 1.8527702771011885
list:
dist: 2.834453507727347 vs. 2.834453507727347
list:
dist: 1.7419853389833309 vs. 1.7419853389833309
list:
dist: 2.631218431617094 vs. 2.631218431617094
list:
dist: 3.157492158764373 vs. 3.157492158764373
list:
dist: 1.9945307512559873 vs. 1.9945307512559873
list:
dist: 3.187807693742732 vs. 3.187807693742732
list:
dist: 2.2368549980279617 vs. 2.2368549980279617
list:
dist: 3.0907131428674783 vs. 3.0907131428674783
list:
dist: 4.288207325047044 vs. 4.288207325047044
list:
dist: 1.965066500938458 vs. 1.965066500938458
list:
dist: 3.106163801922248 vs. 3.106163801922248
list:
dist: 1.7257105515110884 vs. 1.7257105515110884
list:
dist: 1.8094024112889717 vs. 1.8094024112889717
list:
dist: 3.0047247495865896 vs. 3.0047247495865896
list:
dist: 2.0677799247324833 vs. 2.0677799247324833
list:
dist: 3.5981797352530775 vs. 3.5981797352530775
list:
dist: 2.6102620427251897 vs. 2.6102620427251897
list:
dist: 3.9592539283866084 vs. 3.9592539283866084
list:
dist: 2.373805947009418 vs. 2.373805947009418
list:
dist: 2.2100163504895214 vs. 2.2100163504895214
list:
dist: 1.4537069389516961 vs. 1.4537069389516961
list:
dist: 3.0047247495865896 vs. 3.0047247495865896
list:
dist: 1.4369609245622537 vs. 1.4369609245622537
list:
dist: 1.8516827574143466 vs. 1.8516827574143466
list:
dist: 1.4422189579698497 vs. 1.4422189579698497
list:
dist: 1.519965081076572 vs. 1.519965081076572
list:
dist: 0.9106025579700444 vs. 0.9106025579700444
list:
dist: 2.2662799749100695 vs. 2.2662799749100695
list:
dist: 2.152914010264032 vs. 2.152914010264032
list:
dist: 2.3379315797421216 vs. 2.3379315797421216
list:
dist: 2.340925848343399 vs. 2.340925848343399
list:
dist: 1.10008175340516 vs. 1.10008175340516
list:
dist: 3.043811576839921 vs. 3.043811576839921
list:
dist: 1.6987429153570806 vs. 1.6987429153570806
list:
dist: 2.2377545243393664 vs. 2.2377545243393664
list:
dist: 2.615050168564404 vs. 2.615050168564404
list:
dist: 1.8049438023980442 vs. 1.8049438023980442
list:
dist: 2.6583310208787334 vs. 2.6583310208787334
list:
dist: 3.9592539283866084 vs. 3.9592539283866084
list:
dist: 3.054876579757625 vs. 3.054876579757625
list:
dist: 2.6409497671038924 vs. 2.6409497671038924
list:
dist: 2.340925848343399 vs. 2.340925848343399
list:
dist: 2.9667627901271003 vs. 2.9667627901271003
list:
dist: 2.356534304917472 vs. 2.356534304917472
list:
dist: 2.8010401801221656 vs. 2.8010401801221656
list:
dist: 2.033591464873853 vs. 2.033591464873853
list:
dist: 0.47124677182740915 vs. 0.47124677182740915
list:
dist: 1.7237766559611227 vs. 1.7237766559611227
list:
dist: 1.8527702771011885 vs. 1.8527702771011885
list:
dist: 1.5868134407758063 vs. 1.5868134407758063
list:
dist: 1.5163887395184095 vs. 1.5163887395184095
list:
dist: 1.968051637393235 vs. 1.968051637393235
list:
dist: 2.711350850024364 vs. 2.711350850024364
list:
dist: 1.307697241236731 vs. 1.307697241236731
list:
dist: 2.446884336964312 vs. 2.446884336964312
list:
dist: 0.5326381768716221 vs. 0.5326381768716221
list:
dist: 1.5073024695504704 vs. 1.5073024695504704
list:
dist: 2.4454573479695014 vs. 2.4454573479695014
list:
dist: 2.349505210625616 vs. 2.349505210625616
list:
dist: 1.9647313121163963 vs. 1.9647313121163963
list:
dist: 1.6987429153570806 vs. 1.6987429153570806
list:
dist: 1.5934125815867206 vs. 1.5934125815867206
list:
dist: 0.9353076285226528 vs. 0.9353076285226528
list:
dist: 2.0564852150637973 vs. 2.0564852150637973
list:
dist: 1.665440641300269 vs. 1.665440641300269
list:
dist: 2.455645697640138 vs. 2.455645697640138
list:
dist: 1.5163887395184095 vs. 1.5163887395184095
list:
dist: 1.7419853389833309 vs. 1.7419853389833309
list:
dist: 1.3975644100148883 vs. 1.3975644100148883
list:
dist: 1.1686111640923094 vs. 1.1686111640923094
list:
dist: 1.606117040153677 vs. 1.606117040153677
list:
dist: 0.851648456157642 vs. 0.851648456157642
list:
dist: 1.9888286536924602 vs. 1.9888286536924602
list:
dist: 2.439371923886175 vs. 2.439371923886175
list:
dist: 3.2964172337780258 vs. 3.2964172337780258
list:
dist: 2.6630073936636083 vs. 2.6630073936636083
list:
dist: 2.415230197837502 vs. 2.415230197837502
list:
dist: 3.5501166014246217 vs. 3.5501166014246217
list:
dist: 1.9467740351891445 vs. 1.9467740351891445
list:
dist: 1.7860314766739438 vs. 1.7860314766739438
list:
dist: 3.3145466432915835 vs. 3.3145466432915835
list:
dist: 2.234449323486847 vs. 2.234449323486847
list:
dist: 2.2600076326965315 vs. 2.2600076326965315
list:
dist: 1.8094024112889717 vs. 1.8094024112889717
list:
dist: 0.9625106737834798 vs. 0.9625106737834798
list:
dist: 1.8516827574143466 vs. 1.8516827574143466
list:
dist: 1.9593269756931297 vs. 1.9593269756931297
list:
dist: 2.1712824207560013 vs. 2.1712824207560013
list:
dist: 2.6763497689997853 vs. 2.6763497689997853
list:
dist: 1.5642643489695454 vs. 1.5642643489695454
list:
dist: 2.4301771385701496 vs. 2.4301771385701496
list:
dist: 2.0810449230379886 vs. 2.0810449230379886
list:
dist: 2.6409497671038924 vs. 2.6409497671038924
list:
dist: 1.35722675124599 vs. 1.35722675124599
list:
dist: 2.978409172269419 vs. 2.978409172269419
list:
dist: 1.9647313121163963 vs. 1.9647313121163963
list:
dist: 3.0817354292810237 vs. 3.0817354292810237
list:
dist: 3.361015354692317 vs. 3.361015354692317
list:
dist: 2.6479373691338566 vs. 2.6479373691338566
list:
dist: 3.8340561165314013 vs. 3.8340561165314013
list:
dist: 2.6102620427251897 vs. 2.6102620427251897
list:
dist: 2.3794570623444784 vs. 2.3794570623444784
list:
dist: 2.0810449230379886 vs. 2.0810449230379886
list:
dist: 2.3379315797421216 vs. 2.3379315797421216
list:
dist: 3.3271390353532246 vs. 3.3271390353532246
list:
dist: 3.112399193148408 vs. 3.112399193148408
list:
dist: 3.139480744783256 vs. 3.139480744783256
list:
dist: 0.626284773293464 vs. 0.626284773293464
list:
dist: 1.280448080103544 vs. 1.280448080103544
list:
dist: 1.7237766559611227 vs. 1.7237766559611227
list:
dist: 1.2838531438868106 vs. 1.2838531438868106
list:
dist: 3.006148128141051 vs. 3.006148128141051
list:
dist: 2.455645697640138 vs. 2.455645697640138
list:
dist: 3.3305685951393977 vs. 3.3305685951393977
list:
dist: 3.983601961734042 vs. 3.983601961734042
list:
dist: 2.6064631258240025 vs. 2.6064631258240025
list:
dist: 3.863345228700391 vs. 3.863345228700391
list:
dist: 1.806901529483787 vs. 1.806901529483787
list:
dist: 3.151900430291089 vs. 3.151900430291089
list:
dist: 3.9920728664327436 vs. 3.9920728664327436
list:
dist: 1.972789515770928 vs. 1.972789515770928
list:
dist: 3.151900430291089 vs. 3.151900430291089
list:
dist: 1.5073024695504704 vs. 1.5073024695504704
list:
dist: 3.0907131428674783 vs. 3.0907131428674783
list:
dist: 0.7069101369264338 vs. 0.7069101369264338
list:
dist: 1.7860314766739438 vs. 1.7860314766739438
list:
dist: 1.6549171513578105 vs. 1.6549171513578105
list:
dist: 2.1803093186391584 vs. 2.1803093186391584
list:
dist: 1.571184777420971 vs. 1.571184777420971
list:
dist: 2.1024909836445067 vs. 2.1024909836445067
list:
dist: 2.160684006372006 vs. 2.160684006372006
list:
dist: 2.5824095350400715 vs. 2.5824095350400715
list:
dist: 2.110913213592668 vs. 2.110913213592668
list:
dist: 2.6381479854418552 vs. 2.6381479854418552
list:
dist: 2.817781704311232 vs. 2.817781704311232
list:
dist: 1.5309185700255716 vs. 1.5309185700255716
list:
dist: 1.6059320529501437 vs. 1.6059320529501437
list:
dist: 2.860651452992495 vs. 2.860651452992495
list:
dist: 2.6479373691338566 vs. 2.6479373691338566
list:
dist: 1.8049438023980442 vs. 1.8049438023980442
list:
dist: 2.0509565281342486 vs. 2.0509565281342486
list:
dist: 1.3023691646941973 vs. 1.3023691646941973
list:
dist: 1.911431397902171 vs. 1.911431397902171
list:
dist: 1.5377720625074889 vs. 1.5377720625074889
list:
dist: 2.6064631258240025 vs. 2.6064631258240025
list:
dist: 1.307697241236731 vs. 1.307697241236731
list:
dist: 1.9945307512559873 vs. 1.9945307512559873
list:
dist: 1.5434385676392275 vs. 1.5434385676392275
list:
dist: 0.851648456157642 vs. 0.851648456157642
list:
dist: 0.7465969202864324 vs. 0.7465969202864324
list:
dist: 1.4967352202325066 vs. 1.4967352202325066
list:
dist: 1.3243339059820953 vs. 1.3243339059820953
list:
dist: 2.1530325753614408 vs. 2.1530325753614408
list:
dist: 2.9118565059651784 vs. 2.9118565059651784
list:
dist: 2.0688333281517393 vs. 2.0688333281517393
list:
dist: 1.7233178184173283 vs. 1.7233178184173283
list:
dist: 2.993195386686983 vs. 2.993195386686983
list:
dist: 1.7880514902307203 vs. 1.7880514902307203
list:
dist: 1.571184777420971 vs. 1.571184777420971
list:
dist: 2.893384960310709 vs. 2.893384960310709
list:
dist: 3.5410020436218574 vs. 3.5410020436218574
list:
dist: 3.361015354692317 vs. 3.361015354692317
list:
dist: 2.615050168564404 vs. 2.615050168564404
list:
dist: 1.972547032641721 vs. 1.972547032641721
list:
dist: 1.2810964523311734 vs. 1.2810964523311734
list:
dist: 2.359206819994823 vs. 2.359206819994823
list:
dist: 2.993087720977435 vs. 2.993087720977435
list:
dist: 3.983601961734042 vs. 3.983601961734042
list:
dist: 2.711350850024364 vs. 2.711350850024364
list:
dist: 3.157492158764373 vs. 3.157492158764373
list:
dist: 2.0207838551134114 vs. 2.0207838551134114
list:
dist: 1.606117040153677 vs. 1.606117040153677
list:
dist: 0.7966814396530403 vs. 0.7966814396530403
list:
dist: 1.4967352202325066 vs. 1.4967352202325066
list:
dist: 1.1949345023471842 vs. 1.1949345023471842
list:
dist: 1.0961492337414744 vs. 1.0961492337414744
list:
dist: 2.038760117461938 vs. 2.038760117461938
list:
dist: 1.632033148855414 vs. 1.632033148855414
list:
dist: 1.6050258873108205 vs. 1.6050258873108205
list:
dist: 2.3529085740584326 vs. 2.3529085740584326
list:
dist: 3.113494335102078 vs. 3.113494335102078
list:
dist: 2.1803093186391584 vs. 2.1803093186391584
list:
dist: 3.5471862854263634 vs. 3.5471862854263634
list:
dist: 1.3615795837260964 vs. 1.3615795837260964
list:
dist: 1.8211835869216573 vs. 1.8211835869216573
list:
dist: 1.9593269756931297 vs. 1.9593269756931297
list:
dist: 1.4422189579698497 vs. 1.4422189579698497
list:
dist: 0.8287984060768507 vs. 0.8287984060768507
list:
dist: 1.5337427097810852 vs. 1.5337427097810852
list:
dist: 2.959867489924257 vs. 2.959867489924257
list:
dist: 3.3271390353532246 vs. 3.3271390353532246
list:
dist: 2.9667627901271003 vs. 2.9667627901271003
list:
dist: 2.137272149806285 vs. 2.137272149806285
list:
dist: 2.882821066242443 vs. 2.882821066242443
list:
dist: 1.5934125815867206 vs. 1.5934125815867206
list:
dist: 2.0515348845705748 vs. 2.0515348845705748
list:
dist: 1.972547032641721 vs. 1.972547032641721
list:
dist: 2.0509565281342486 vs. 2.0509565281342486
list:
dist: 2.6379366660003196 vs. 2.6379366660003196
list:
dist: 3.0658222601500205 vs. 3.0658222601500205
list:
dist: 4.011174345511482 vs. 4.011174345511482
list:
dist: 3.4645197050931866 vs. 3.4645197050931866
list:
dist: 2.833624709736895 vs. 2.833624709736895
list:
dist: 4.267398211409368 vs. 4.267398211409368
list:
dist: 2.157069655868753 vs. 2.157069655868753
list:
dist: 0.7674925432966163 vs. 0.7674925432966163
list:
dist: 1.806901529483787 vs. 1.806901529483787
list:
dist: 0.5326381768716221 vs. 0.5326381768716221
list:
dist: 2.2368549980279617 vs. 2.2368549980279617
list:
dist: 1.6774135241781474 vs. 1.6774135241781474
list:
dist: 1.9467740351891445 vs. 1.9467740351891445
list:
dist: 2.387071875716482 vs. 2.387071875716482
list:
dist: 3.113494335102078 vs. 3.113494335102078
list:
dist: 1.7880514902307203 vs. 1.7880514902307203
list:
dist: 2.8451202777425424 vs. 2.8451202777425424
list:
dist: 1.5309185700255716 vs. 1.5309185700255716
list:
dist: 2.196771311348428 vs. 2.196771311348428
list:
dist: 3.5981797352530775 vs. 3.5981797352530775
list:
dist: 2.786913607520195 vs. 2.786913607520195
list:
dist: 2.4301771385701496 vs. 2.4301771385701496
list:
dist: 2.152914010264032 vs. 2.152914010264032
list:
dist: 2.959867489924257 vs. 2.959867489924257
list:
dist: 2.4539174928415424 vs. 2.4539174928415424
list:
dist: 2.713441115444619 vs. 2.713441115444619
list:
dist: 1.6418031327378078 vs. 1.6418031327378078
list:
dist: 1.280448080103544 vs. 1.280448080103544
list:
dist: 0.47124677182740915 vs. 0.47124677182740915
list:
dist: 1.5156714372978353 vs. 1.5156714372978353
list:
dist: 1.9855374128207972 vs. 1.9855374128207972
list:
dist: 1.665440641300269 vs. 1.665440641300269
list:
dist: 2.2580866453178494 vs. 2.2580866453178494
list:
dist: 2.993087720977435 vs. 2.993087720977435
list:
dist: 1.5377720625074889 vs. 1.5377720625074889
list:
dist: 2.7330466980765173 vs. 2.7330466980765173
list:
dist: 0.7674925432966163 vs. 0.7674925432966163
list:
dist: 1.972789515770928 vs. 1.972789515770928
list:
dist: 2.8576401485262646 vs. 2.8576401485262646
list:
dist: 3.9037829326106417 vs. 3.9037829326106417
list:
dist: 3.8340561165314013 vs. 3.8340561165314013
list:
dist: 2.6583310208787334 vs. 2.6583310208787334
list:
dist: 2.6379366660003196 vs. 2.6379366660003196
list:
dist: 1.918354555832644 vs. 1.918354555832644
list:
dist: 2.2732090077935627 vs. 2.2732090077935627
list:
dist: 2.7330466980765173 vs. 2.7330466980765173
list:
dist: 3.863345228700391 vs. 3.863345228700391
list:
dist: 2.446884336964312 vs. 2.446884336964312
list:
dist: 3.187807693742732 vs. 3.187807693742732
list:
dist: 2.3016591516118527 vs. 2.3016591516118527
list:
dist: 1.9888286536924602 vs. 1.9888286536924602
list:
dist: 0.8719293704013539 vs. 0.8719293704013539
list:
dist: 1.1949345023471842 vs. 1.1949345023471842
list:
dist: 1.3243339059820953 vs. 1.3243339059820953
list:
dist: 1.3894046764261017 vs. 1.3894046764261017
list:
dist: 1.9875516531953257 vs. 1.9875516531953257
list:
dist: 1.003097954048001 vs. 1.003097954048001
list:
dist: 0.5779438456822268 vs. 0.5779438456822268
list:
dist: 1.872838371692911 vs. 1.872838371692911
list:
dist: 2.8451202777425424 vs. 2.8451202777425424
list:
dist: 2.1024909836445067 vs. 2.1024909836445067
list:
dist: 3.076890696208987 vs. 3.076890696208987
list:
dist: 3.6016210347260316 vs. 3.6016210347260316
list:
dist: 2.978409172269419 vs. 2.978409172269419
list:
dist: 3.043811576839921 vs. 3.043811576839921
list:
dist: 2.882821066242443 vs. 2.882821066242443
list:
dist: 2.1537877218983983 vs. 2.1537877218983983
list:
dist: 3.343885636227248 vs. 3.343885636227248
list:
dist: 1.9855374128207972 vs. 1.9855374128207972
list:
dist: 3.006148128141051 vs. 3.006148128141051
list:
dist: 1.5868134407758063 vs. 1.5868134407758063
list:
dist: 2.834453507727347 vs. 2.834453507727347
list:
dist: 1.3975644100148883 vs. 1.3975644100148883
list:
dist: 1.6175147717920668 vs. 1.6175147717920668
list:
dist: 2.0207838551134114 vs. 2.0207838551134114
list:
dist: 1.5434385676392275 vs. 1.5434385676392275
list:
dist: 2.3016591516118527 vs. 2.3016591516118527
list:
dist: 2.2308236080580097 vs. 2.2308236080580097
list:
dist: 2.823754387752549 vs. 2.823754387752549
list:
dist: 2.454079289352101 vs. 2.454079289352101
list:
dist: 2.8617730155116545 vs. 2.8617730155116545
list:
dist: 3.191045041012806 vs. 3.191045041012806
list:
dist: 1.6774135241781474 vs. 1.6774135241781474
list:
dist: 0.7069101369264338 vs. 0.7069101369264338
list:
dist: 2.2503259094133856 vs. 2.2503259094133856
list:
dist: 2.055914908912602 vs. 2.055914908912602
list:
dist: 2.2642030352068137 vs. 2.2642030352068137
list:
dist: 2.1712824207560013 vs. 2.1712824207560013
list:
dist: 1.519965081076572 vs. 1.519965081076572
list:
dist: 0.8287984060768507 vs. 0.8287984060768507
list:
dist: 1.5689624222257108 vs. 1.5689624222257108
list:
dist: 2.4539174928415424 vs. 2.4539174928415424
list:
dist: 3.112399193148408 vs. 3.112399193148408
list:
dist: 2.356534304917472 vs. 2.356534304917472
list:
dist: 2.080620805495159 vs. 2.080620805495159
list:
dist: 2.1537877218983983 vs. 2.1537877218983983
list:
dist: 0.9353076285226528 vs. 0.9353076285226528
list:
dist: 1.2396654194148102 vs. 1.2396654194148102
list:
dist: 1.2810964523311734 vs. 1.2810964523311734
list:
dist: 1.3023691646941973 vs. 1.3023691646941973
list:
dist: 1.918354555832644 vs. 1.918354555832644
list:
dist: 2.3531636719593902 vs. 2.3531636719593902
list:
dist: 3.290436507247094 vs. 3.290436507247094
list:
dist: 2.7058269408444735 vs. 2.7058269408444735
list:
dist: 2.2189153942834032 vs. 2.2189153942834032
list:
dist: 3.541962502801758 vs. 3.541962502801758
list:
dist: 3.0658222601500205 vs. 3.0658222601500205
list:
dist: 2.3531636719593902 vs. 2.3531636719593902
list:
dist: 3.316443052738357 vs. 3.316443052738357
list:
dist: 2.2308236080580097 vs. 2.2308236080580097
list:
dist: 2.439371923886175 vs. 2.439371923886175
list:
dist: 1.4462922308696862 vs. 1.4462922308696862
list:
dist: 1.0961492337414744 vs. 1.0961492337414744
list:
dist: 2.1530325753614408 vs. 2.1530325753614408
list:
dist: 1.3894046764261017 vs. 1.3894046764261017
list:
dist: 0.9505589023898755 vs. 0.9505589023898755
list:
dist: 1.002221852017218 vs. 1.002221852017218
list:
dist: 1.7944671468645201 vs. 1.7944671468645201
list:
dist: 1.4237500571936788 vs. 1.4237500571936788
list:
dist: 2.160684006372006 vs. 2.160684006372006
list:
dist: 3.16524115240819 vs. 3.16524115240819
list:
dist: 3.285242669645395 vs. 3.285242669645395
list:
dist: 3.0817354292810237 vs. 3.0817354292810237
list:
dist: 2.2377545243393664 vs. 2.2377545243393664
list:
dist: 2.0515348845705748 vs. 2.0515348845705748
list:
dist: 1.2396654194148102 vs. 1.2396654194148102
list:
dist: 2.1101100102351533 vs. 2.1101100102351533
list:
dist: 2.2580866453178494 vs. 2.2580866453178494
list:
dist: 3.3305685951393977 vs. 3.3305685951393977
list:
dist: 1.968051637393235 vs. 1.968051637393235
list:
dist: 2.631218431617094 vs. 2.631218431617094
list:
dist: 1.6175147717920668 vs. 1.6175147717920668
list:
dist: 1.1686111640923094 vs. 1.1686111640923094
list:
dist: 0.7966814396530403 vs. 0.7966814396530403
list:
dist: 0.7465969202864324 vs. 0.7465969202864324
list:
dist: 0.8719293704013539 vs. 0.8719293704013539
list:
dist: 1.4462922308696862 vs. 1.4462922308696862
list:
dist: 2.2740146049147305 vs. 2.2740146049147305
list:
dist: 1.5390850381213237 vs. 1.5390850381213237
list:
dist: 1.3782716474989893 vs. 1.3782716474989893
list:
dist: 2.4313553876244174 vs. 2.4313553876244174
list:
dist: 2.387071875716482 vs. 2.387071875716482
list:
dist: 1.6549171513578105 vs. 1.6549171513578105
list:
dist: 3.005809694878821 vs. 3.005809694878821
list:
dist: 4.011174345511482 vs. 4.011174345511482
list:
dist: 3.290436507247094 vs. 3.290436507247094
list:
dist: 4.138987770375211 vs. 4.138987770375211
list:
dist: 2.823754387752549 vs. 2.823754387752549
list:
dist: 3.2964172337780258 vs. 3.2964172337780258
list:
dist: 2.2740146049147305 vs. 2.2740146049147305
list:
dist: 2.038760117461938 vs. 2.038760117461938
list:
dist: 2.9118565059651784 vs. 2.9118565059651784
list:
dist: 1.9875516531953257 vs. 1.9875516531953257
list:
dist: 0.9505589023898755 vs. 0.9505589023898755
list:
dist: 1.113521575492621 vs. 1.113521575492621
list:
dist: 2.2763558856770905 vs. 2.2763558856770905
list:
dist: 0.8028057625934315 vs. 0.8028057625934315
list:
dist: 2.5824095350400715 vs. 2.5824095350400715
list:
dist: 3.12296562169371 vs. 3.12296562169371
list:
dist: 4.267398211409368 vs. 4.267398211409368
list:
dist: 3.541962502801758 vs. 3.541962502801758
list:
dist: 4.100694238303323 vs. 4.100694238303323
list:
dist: 3.191045041012806 vs. 3.191045041012806
list:
dist: 3.5501166014246217 vs. 3.5501166014246217
list:
dist: 2.4313553876244174 vs. 2.4313553876244174
list:
dist: 2.3529085740584326 vs. 2.3529085740584326
list:
dist: 2.993195386686983 vs. 2.993195386686983
list:
dist: 1.872838371692911 vs. 1.872838371692911
list:
dist: 1.4237500571936788 vs. 1.4237500571936788
list:
dist: 0.8028057625934315 vs. 0.8028057625934315
list:
dist: 0.9268826850313406 vs. 0.9268826850313406
list:
dist: 1.9962648412960062 vs. 1.9962648412960062
list:
dist: 2.817781704311232 vs. 2.817781704311232
list:
dist: 3.1197504405913796 vs. 3.1197504405913796
list:
dist: 3.4645197050931866 vs. 3.4645197050931866
list:
dist: 2.7058269408444735 vs. 2.7058269408444735
list:
dist: 3.271808021276546 vs. 3.271808021276546
list:
dist: 2.454079289352101 vs. 2.454079289352101
list:
dist: 2.6630073936636083 vs. 2.6630073936636083
list:
dist: 1.5390850381213237 vs. 1.5390850381213237
list:
dist: 1.632033148855414 vs. 1.632033148855414
list:
dist: 2.0688333281517393 vs. 2.0688333281517393
list:
dist: 1.003097954048001 vs. 1.003097954048001
list:
dist: 1.002221852017218 vs. 1.002221852017218
list:
dist: 1.113521575492621 vs. 1.113521575492621
list:
dist: 1.2849032945124774 vs. 1.2849032945124774
list:
dist: 0.9268826850313406 vs. 0.9268826850313406
list:
dist: 2.110913213592668 vs. 2.110913213592668
list:
dist: 2.7377053412307304 vs. 2.7377053412307304
list:
dist: 2.8576401485262646 vs. 2.8576401485262646
list:
dist: 3.9920728664327436 vs. 3.9920728664327436
list:
dist: 2.4454573479695014 vs. 2.4454573479695014
list:
dist: 4.288207325047044 vs. 4.288207325047044
list:
dist: 2.2503259094133856 vs. 2.2503259094133856
list:
dist: 3.3145466432915835 vs. 3.3145466432915835
list:
dist: 3.005809694878821 vs. 3.005809694878821
list:
dist: 3.5471862854263634 vs. 3.5471862854263634
list:
dist: 2.893384960310709 vs. 2.893384960310709
list:
dist: 3.076890696208987 vs. 3.076890696208987
list:
dist: 3.16524115240819 vs. 3.16524115240819
list:
dist: 3.12296562169371 vs. 3.12296562169371
list:
dist: 2.7377053412307304 vs. 2.7377053412307304
list:
dist: 3.4795719145707045 vs. 3.4795719145707045
list:
dist: 3.1197504405913796 vs. 3.1197504405913796
list:
dist: 2.196771311348428 vs. 2.196771311348428
list:
dist: 1.6059320529501437 vs. 1.6059320529501437
list:
dist: 2.833624709736895 vs. 2.833624709736895
list:
dist: 2.2189153942834032 vs. 2.2189153942834032
list:
dist: 2.1988175616990815 vs. 2.1988175616990815
list:
dist: 2.8617730155116545 vs. 2.8617730155116545
list:
dist: 2.415230197837502 vs. 2.415230197837502
list:
dist: 1.3782716474989893 vs. 1.3782716474989893
list:
dist: 1.6050258873108205 vs. 1.6050258873108205
list:
dist: 1.7233178184173283 vs. 1.7233178184173283
list:
dist: 0.5779438456822268 vs. 0.5779438456822268
list:
dist: 1.7944671468645201 vs. 1.7944671468645201
list:
dist: 2.2763558856770905 vs. 2.2763558856770905
list:
dist: 1.2849032945124774 vs. 1.2849032945124774
list:
dist: 1.9962648412960062 vs. 1.9962648412960062
list:
dist: 2.6381479854418552 vs. 2.6381479854418552
list:
dist: 3.4795719145707045 vs. 3.4795719145707045
list:
dist: 1.4850577356359844 vs. 1.4850577356359844
list:
dist: 2.975836981527303 vs. 2.975836981527303
list:
dist: 2.175593457909354 vs. 2.175593457909354
list:
dist: 3.1696281206333383 vs. 3.1696281206333383
list:
dist: 3.959527009388408 vs. 3.959527009388408
list:
dist: 2.990531391309781 vs. 2.990531391309781
list:
dist: 2.771227667078318 vs. 2.771227667078318
list:
dist: 3.055929356617117 vs. 3.055929356617117
list:
dist: 2.7035600031684335 vs. 2.7035600031684335
list:
dist: 3.571295250431144 vs. 3.571295250431144
list:
dist: 3.2605821341214853 vs. 3.2605821341214853
list:
dist: 3.5962113800925013 vs. 3.5962113800925013
list:
dist: 3.2605821341214853 vs. 3.2605821341214853
list:
dist: 2.1535453458165397 vs. 2.1535453458165397
list:
dist: 1.8355941916112413 vs. 1.8355941916112413
list:
dist: 1.5675320537313282 vs. 1.5675320537313282
list:
dist: 2.163947618882093 vs. 2.163947618882093
list:
dist: 2.600545784166678 vs. 2.600545784166678
list:
dist: 1.686174487619332 vs. 1.686174487619332
list:
dist: 1.4047750707168767 vs. 1.4047750707168767
list:
dist: 1.059600404653235 vs. 1.059600404653235
list:
dist: 1.5414727498050067 vs. 1.5414727498050067
list:
dist: 0.8916250148073402 vs. 0.8916250148073402
list:
dist: 1.3787403542856564 vs. 1.3787403542856564
list:
dist: 2.208068928112044 vs. 2.208068928112044
list:
dist: 1.9404350002031663 vs. 1.9404350002031663
list:
dist: 2.692876151233471 vs. 2.692876151233471
list:
dist: 1.561854294087647 vs. 1.561854294087647
list:
dist: 3.7246981806106954 vs. 3.7246981806106954
list:
dist: 2.656281812905348 vs. 2.656281812905348
list:
dist: 2.307247679365946 vs. 2.307247679365946
list:
dist: 1.0944614130816914 vs. 1.0944614130816914
list:
dist: 0.7634669693647922 vs. 0.7634669693647922
list:
dist: 1.218177741697334 vs. 1.218177741697334
list:
dist: 2.094603699816142 vs. 2.094603699816142
list:
dist: 3.0379113185346704 vs. 3.0379113185346704
list:
dist: 2.990531391309781 vs. 2.990531391309781
list:
dist: 2.341740337720977 vs. 2.341740337720977
list:
dist: 1.4277913073594006 vs. 1.4277913073594006
list:
dist: 1.4179223012635267 vs. 1.4179223012635267
list:
dist: 1.1234502101513724 vs. 1.1234502101513724
list:
dist: 0.7281305306812992 vs. 0.7281305306812992
list:
dist: 1.5060028297627415 vs. 1.5060028297627415
list:
dist: 2.5180916830913405 vs. 2.5180916830913405
list:
dist: 2.5498220113482875 vs. 2.5498220113482875
list:
dist: 1.7462474265267054 vs. 1.7462474265267054
list:
dist: 2.0996390669812075 vs. 2.0996390669812075
list:
dist: 1.686174487619332 vs. 1.686174487619332
list:
dist: 1.5035992619325431 vs. 1.5035992619325431
list:
dist: 2.529566816181196 vs. 2.529566816181196
list:
dist: 1.646780944549277 vs. 1.646780944549277
list:
dist: 3.007417582579336 vs. 3.007417582579336
list:
dist: 0.9452631388998337 vs. 0.9452631388998337
list:
dist: 3.153363452948462 vs. 3.153363452948462
list:
dist: 3.9519381737683736 vs. 3.9519381737683736
list:
dist: 2.9887448154840373 vs. 2.9887448154840373
list:
dist: 2.2595054660814826 vs. 2.2595054660814826
list:
dist: 1.7906582728452949 vs. 1.7906582728452949
list:
dist: 2.685899154698552 vs. 2.685899154698552
list:
dist: 3.3197410135231453 vs. 3.3197410135231453
list:
dist: 2.7466950540733066 vs. 2.7466950540733066
list:
dist: 1.4850577356359844 vs. 1.4850577356359844
list:
dist: 1.8437445743293148 vs. 1.8437445743293148
list:
dist: 1.2460163710085417 vs. 1.2460163710085417
list:
dist: 2.478932071028206 vs. 2.478932071028206
list:
dist: 3.1063720239061463 vs. 3.1063720239061463
list:
dist: 2.341740337720977 vs. 2.341740337720977
list:
dist: 2.099655272461395 vs. 2.099655272461395
list:
dist: 1.9419997501440462 vs. 1.9419997501440462
list:
dist: 2.3480346045674763 vs. 2.3480346045674763
list:
dist: 2.7282818535490065 vs. 2.7282818535490065
list:
dist: 2.1535453458165397 vs. 2.1535453458165397
list:
dist: 3.0562295951478298 vs. 3.0562295951478298
list:
dist: 2.185229064377233 vs. 2.185229064377233
list:
dist: 2.0505874932463257 vs. 2.0505874932463257
list:
dist: 1.1422747640051945 vs. 1.1422747640051945
list:
dist: 1.6715065786839498 vs. 1.6715065786839498
list:
dist: 1.4277913073594006 vs. 1.4277913073594006
list:
dist: 2.7334714936146285 vs. 2.7334714936146285
list:
dist: 3.586104027412161 vs. 3.586104027412161
list:
dist: 2.5612778349892666 vs. 2.5612778349892666
list:
dist: 3.9498536053634985 vs. 3.9498536053634985
list:
dist: 2.0617062438176994 vs. 2.0617062438176994
list:
dist: 3.3984192222584757 vs. 3.3984192222584757
list:
dist: 2.5612778349892666 vs. 2.5612778349892666
list:
dist: 1.856539330757227 vs. 1.856539330757227
list:
dist: 2.291206503260469 vs. 2.291206503260469
list:
dist: 1.651332945385034 vs. 1.651332945385034
list:
dist: 1.393096529723626 vs. 1.393096529723626
list:
dist: 1.646780944549277 vs. 1.646780944549277
list:
dist: 3.284723719162077 vs. 3.284723719162077
list:
dist: 2.958715471371337 vs. 2.958715471371337
list:
dist: 2.849752316025407 vs. 2.849752316025407
list:
dist: 2.414686758055372 vs. 2.414686758055372
list:
dist: 1.9404350002031663 vs. 1.9404350002031663
list:
dist: 1.071654864879058 vs. 1.071654864879058
list:
dist: 1.2393691384328298 vs. 1.2393691384328298
list:
dist: 1.412518496945411 vs. 1.412518496945411
list:
dist: 0.7380853858533005 vs. 0.7380853858533005
list:
dist: 1.8119746735538338 vs. 1.8119746735538338
list:
dist: 3.236473904932644 vs. 3.236473904932644
list:
dist: 1.59320461966871 vs. 1.59320461966871
list:
dist: 1.68513908018602 vs. 1.68513908018602
list:
dist: 1.401348408563751 vs. 1.401348408563751
list:
dist: 2.191292620823472 vs. 2.191292620823472
list:
dist: 2.430000632102008 vs. 2.430000632102008
list:
dist: 2.014510417999242 vs. 2.014510417999242
list:
dist: 3.3984192222584757 vs. 3.3984192222584757
list:
dist: 3.108091759695112 vs. 3.108091759695112
list:
dist: 3.80817372560232 vs. 3.80817372560232
list:
dist: 2.8245736863119446 vs. 2.8245736863119446
list:
dist: 2.0405213780847244 vs. 2.0405213780847244
list:
dist: 3.153363452948462 vs. 3.153363452948462
list:
dist: 3.7246981806106954 vs. 3.7246981806106954
list:
dist: 2.3284284607240604 vs. 2.3284284607240604
list:
dist: 1.8119746735538338 vs. 1.8119746735538338
list:
dist: 1.8616566446475482 vs. 1.8616566446475482
list:
dist: 2.4272557269021706 vs. 2.4272557269021706
list:
dist: 2.39041595419523 vs. 2.39041595419523
list:
dist: 3.204020244208309 vs. 3.204020244208309
list:
dist: 3.1489150936163237 vs. 3.1489150936163237
list:
dist: 3.7716425646676464 vs. 3.7716425646676464
list:
dist: 3.7019134751074483 vs. 3.7019134751074483
list:
dist: 1.6645204217204126 vs. 1.6645204217204126
list:
dist: 2.9903565075536735 vs. 2.9903565075536735
list:
dist: 1.725685384184311 vs. 1.725685384184311
list:
dist: 3.21151642666637 vs. 3.21151642666637
list:
dist: 2.9797763242712287 vs. 2.9797763242712287
list:
dist: 2.7116683160783377 vs. 2.7116683160783377
list:
dist: 2.4191104706352045 vs. 2.4191104706352045
list:
dist: 2.1880510252670726 vs. 2.1880510252670726
list:
dist: 1.9105642278165156 vs. 1.9105642278165156
list:
dist: 1.5409313656672838 vs. 1.5409313656672838
list:
dist: 1.8782056001498826 vs. 1.8782056001498826
list:
dist: 2.148010939463469 vs. 2.148010939463469
list:
dist: 2.468695894181844 vs. 2.468695894181844
list:
dist: 2.5248901727000574 vs. 2.5248901727000574
list:
dist: 2.2595054660814826 vs. 2.2595054660814826
list:
dist: 2.3639812706701 vs. 2.3639812706701
list:
dist: 1.6692272850727614 vs. 1.6692272850727614
list:
dist: 2.624005477846277 vs. 2.624005477846277
list:
dist: 1.769436010268047 vs. 1.769436010268047
list:
dist: 1.0944614130816914 vs. 1.0944614130816914
list:
dist: 1.6320541818477958 vs. 1.6320541818477958
list:
dist: 1.8911929133257586 vs. 1.8911929133257586
list:
dist: 1.68513908018602 vs. 1.68513908018602
list:
dist: 2.0081043631644806 vs. 2.0081043631644806
list:
dist: 1.7473087739258422 vs. 1.7473087739258422
list:
dist: 3.204020244208309 vs. 3.204020244208309
list:
dist: 2.4965014422380816 vs. 2.4965014422380816
list:
dist: 1.3667751537712554 vs. 1.3667751537712554
list:
dist: 0.8784909012793344 vs. 0.8784909012793344
list:
dist: 1.052561198184519 vs. 1.052561198184519
list:
dist: 1.7008349590034915 vs. 1.7008349590034915
list:
dist: 3.3744413914959077 vs. 3.3744413914959077
list:
dist: 3.571295250431144 vs. 3.571295250431144
list:
dist: 2.7282818535490065 vs. 2.7282818535490065
list:
dist: 2.6548767554173396 vs. 2.6548767554173396
list:
dist: 2.214315435559355 vs. 2.214315435559355
list:
dist: 2.7314159622549243 vs. 2.7314159622549243
list:
dist: 3.241343867693317 vs. 3.241343867693317
list:
dist: 2.0996390669812075 vs. 2.0996390669812075
list:
dist: 1.1750475724994378 vs. 1.1750475724994378
list:
dist: 1.3228334631846814 vs. 1.3228334631846814
list:
dist: 1.2345284696348955 vs. 1.2345284696348955
list:
dist: 0.8916250148073402 vs. 0.8916250148073402
list:
dist: 1.4973186497064876 vs. 1.4973186497064876
list:
dist: 2.3119707119441633 vs. 2.3119707119441633
list:
dist: 2.414686758055372 vs. 2.414686758055372
list:
dist: 3.0061486804115276 vs. 3.0061486804115276
list:
dist: 1.9973059915598634 vs. 1.9973059915598634
list:
dist: 2.28267700950816 vs. 2.28267700950816
list:
dist: 2.770270990557613 vs. 2.770270990557613
list:
dist: 1.769436010268047 vs. 1.769436010268047
list:
dist: 1.1513733765983232 vs. 1.1513733765983232
list:
dist: 1.275106045764899 vs. 1.275106045764899
list:
dist: 2.0034304780714023 vs. 2.0034304780714023
list:
dist: 2.295411881026422 vs. 2.295411881026422
list:
dist: 3.959527009388408 vs. 3.959527009388408
list:
dist: 3.1063720239061463 vs. 3.1063720239061463
list:
dist: 1.6715065786839498 vs. 1.6715065786839498
list:
dist: 1.3656384739745315 vs. 1.3656384739745315
list:
dist: 1.9763622721947023 vs. 1.9763622721947023
list:
dist: 0.9056700019125871 vs. 0.9056700019125871
list:
dist: 1.5060028297627415 vs. 1.5060028297627415
list:
dist: 3.771179801254055 vs. 3.771179801254055
list:
dist: 3.4930488190731896 vs. 3.4930488190731896
list:
dist: 3.213750324460437 vs. 3.213750324460437
list:
dist: 3.241343867693317 vs. 3.241343867693317
list:
dist: 2.600545784166678 vs. 2.600545784166678
list:
dist: 2.156837667675978 vs. 2.156837667675978
list:
dist: 2.6243058760091875 vs. 2.6243058760091875
list:
dist: 1.393096529723626 vs. 1.393096529723626
list:
dist: 2.6480407468844556 vs. 2.6480407468844556
list:
dist: 1.3594215688708484 vs. 1.3594215688708484
list:
dist: 2.0405213780847244 vs. 2.0405213780847244
list:
dist: 4.545667360445311 vs. 4.545667360445311
list:
dist: 2.701628766522355 vs. 2.701628766522355
list:
dist: 2.5248901727000574 vs. 2.5248901727000574
list:
dist: 2.4210913703483783 vs. 2.4210913703483783
list:
dist: 3.2933716996523144 vs. 3.2933716996523144
list:
dist: 3.732026855185244 vs. 3.732026855185244
list:
dist: 2.6753830899075375 vs. 2.6753830899075375
list:
dist: 3.2179556527532927 vs. 3.2179556527532927
list:
dist: 3.036724220219577 vs. 3.036724220219577
list:
dist: 2.701628766522355 vs. 2.701628766522355
list:
dist: 2.9887448154840373 vs. 2.9887448154840373
list:
dist: 3.628139120238441 vs. 3.628139120238441
list:
dist: 2.9985993499814487 vs. 2.9985993499814487
list:
dist: 3.692359834530817 vs. 3.692359834530817
list:
dist: 2.770270990557613 vs. 2.770270990557613
list:
dist: 2.307247679365946 vs. 2.307247679365946
list:
dist: 1.9935825050011882 vs. 1.9935825050011882
list:
dist: 1.4012083936366757 vs. 1.4012083936366757
list:
dist: 1.59320461966871 vs. 1.59320461966871
list:
dist: 0.8992164458480078 vs. 0.8992164458480078
list:
dist: 2.1439254680193907 vs. 2.1439254680193907
list:
dist: 2.39041595419523 vs. 2.39041595419523
list:
dist: 2.5420208612567654 vs. 2.5420208612567654
list:
dist: 1.3667751537712554 vs. 1.3667751537712554
list:
dist: 1.69190006212951 vs. 1.69190006212951
list:
dist: 1.7759964987978138 vs. 1.7759964987978138
list:
dist: 1.6541068055468586 vs. 1.6541068055468586
list:
dist: 2.544761345808426 vs. 2.544761345808426
list:
dist: 2.7466950540733066 vs. 2.7466950540733066
list:
dist: 3.0562295951478298 vs. 3.0562295951478298
list:
dist: 1.822800860932913 vs. 1.822800860932913
list:
dist: 2.485616463319645 vs. 2.485616463319645
list:
dist: 2.4689592142558605 vs. 2.4689592142558605
list:
dist: 2.295411881026422 vs. 2.295411881026422
list:
dist: 3.0379113185346704 vs. 3.0379113185346704
list:
dist: 3.5962113800925013 vs. 3.5962113800925013
list:
dist: 2.0617062438176994 vs. 2.0617062438176994
list:
dist: 1.5859842558377117 vs. 1.5859842558377117
list:
dist: 1.7334388207584133 vs. 1.7334388207584133
list:
dist: 1.1729958974218246 vs. 1.1729958974218246
list:
dist: 1.3594215688708484 vs. 1.3594215688708484
list:
dist: 0.9452631388998337 vs. 0.9452631388998337
list:
dist: 2.7701727094499873 vs. 2.7701727094499873
list:
dist: 2.601950412638619 vs. 2.601950412638619
list:
dist: 2.186417416221689 vs. 2.186417416221689
list:
dist: 1.9973059915598634 vs. 1.9973059915598634
list:
dist: 1.561854294087647 vs. 1.561854294087647
list:
dist: 0.8179066553603316 vs. 0.8179066553603316
list:
dist: 1.628972611284471 vs. 1.628972611284471
list:
dist: 0.7380853858533005 vs. 0.7380853858533005
list:
dist: 2.0676057179388954 vs. 2.0676057179388954
list:
dist: 2.4272557269021706 vs. 2.4272557269021706
list:
dist: 3.336543397764574 vs. 3.336543397764574
list:
dist: 2.1439254680193907 vs. 2.1439254680193907
list:
dist: 1.7473087739258422 vs. 1.7473087739258422
list:
dist: 1.248272969875428 vs. 1.248272969875428
list:
dist: 2.171404579876537 vs. 2.171404579876537
list:
dist: 2.6190180978538087 vs. 2.6190180978538087
list:
dist: 2.5042986078818004 vs. 2.5042986078818004
list:
dist: 2.485616463319645 vs. 2.485616463319645
list:
dist: 2.175593457909354 vs. 2.175593457909354
list:
dist: 1.2460163710085417 vs. 1.2460163710085417
list:
dist: 2.0505874932463257 vs. 2.0505874932463257
list:
dist: 0.9696254288782107 vs. 0.9696254288782107
list:
dist: 1.2714663789998466 vs. 1.2714663789998466
list:
dist: 1.9763622721947023 vs. 1.9763622721947023
list:
dist: 1.1234502101513724 vs. 1.1234502101513724
list:
dist: 2.146048259535224 vs. 2.146048259535224
list:
dist: 2.022839157024293 vs. 2.022839157024293
list:
dist: 1.8520342608032399 vs. 1.8520342608032399
list:
dist: 2.214315435559355 vs. 2.214315435559355
list:
dist: 1.5675320537313282 vs. 1.5675320537313282
list:
dist: 2.204560667479076 vs. 2.204560667479076
list:
dist: 3.1846555736055313 vs. 3.1846555736055313
list:
dist: 2.291206503260469 vs. 2.291206503260469
list:
dist: 3.528449223753452 vs. 3.528449223753452
list:
dist: 1.7334388207584133 vs. 1.7334388207584133
list:
dist: 3.80817372560232 vs. 3.80817372560232
list:
dist: 4.2043899667014175 vs. 4.2043899667014175
list:
dist: 3.2179556527532927 vs. 3.2179556527532927
list:
dist: 2.148010939463469 vs. 2.148010939463469
list:
dist: 2.0331961196485766 vs. 2.0331961196485766
list:
dist: 2.7426493016865723 vs. 2.7426493016865723
list:
dist: 3.567380031400781 vs. 3.567380031400781
list:
dist: 2.771227667078318 vs. 2.771227667078318
list:
dist: 2.099655272461395 vs. 2.099655272461395
list:
dist: 2.8362514114262933 vs. 2.8362514114262933
list:
dist: 2.146048259535224 vs. 2.146048259535224
list:
dist: 3.1090441893567506 vs. 3.1090441893567506
list:
dist: 3.771179801254055 vs. 3.771179801254055
list:
dist: 2.5180916830913405 vs. 2.5180916830913405
list:
dist: 0.9326441502728555 vs. 0.9326441502728555
list:
dist: 1.2200111096870065 vs. 1.2200111096870065
list:
dist: 1.1750475724994378 vs. 1.1750475724994378
list:
dist: 1.4047750707168767 vs. 1.4047750707168767
list:
dist: 2.5208960114923427 vs. 2.5208960114923427
list:
dist: 3.422199326547006 vs. 3.422199326547006
list:
dist: 3.284723719162077 vs. 3.284723719162077
list:
dist: 4.021837523079931 vs. 4.021837523079931
list:
dist: 2.7701727094499873 vs. 2.7701727094499873
list:
dist: 3.1572099586658413 vs. 3.1572099586658413
list:
dist: 3.628139120238441 vs. 3.628139120238441
list:
dist: 2.3639812706701 vs. 2.3639812706701
list:
dist: 2.06903744553497 vs. 2.06903744553497
list:
dist: 2.1025239976054415 vs. 2.1025239976054415
list:
dist: 2.959660289167536 vs. 2.959660289167536
list:
dist: 3.4612098082998926 vs. 3.4612098082998926
list:
dist: 3.567380031400781 vs. 3.567380031400781
list:
dist: 3.703687256607218 vs. 3.703687256607218
list:
dist: 3.732026855185244 vs. 3.732026855185244
list:
dist: 3.3197410135231453 vs. 3.3197410135231453
list:
dist: 2.959660289167536 vs. 2.959660289167536
list:
dist: 2.5398663630728606 vs. 2.5398663630728606
list:
dist: 3.1984555869889237 vs. 3.1984555869889237
list:
dist: 2.0034304780714023 vs. 2.0034304780714023
list:
dist: 2.094603699816142 vs. 2.094603699816142
list:
dist: 1.9736073874480546 vs. 1.9736073874480546
list:
dist: 1.5767982357397001 vs. 1.5767982357397001
list:
dist: 2.430000632102008 vs. 2.430000632102008
list:
dist: 1.9068320617665075 vs. 1.9068320617665075
list:
dist: 2.6190180978538087 vs. 2.6190180978538087
list:
dist: 3.7019134751074483 vs. 3.7019134751074483
list:
dist: 0.9056261103590335 vs. 0.9056261103590335
list:
dist: 1.6541068055468586 vs. 1.6541068055468586
list:
dist: 1.7008349590034915 vs. 1.7008349590034915
list:
dist: 1.5682539167392024 vs. 1.5682539167392024
list:
dist: 0.941180652044312 vs. 0.941180652044312
list:
dist: 3.133881228533951 vs. 3.133881228533951
list:
dist: 1.725685384184311 vs. 1.725685384184311
list:
dist: 3.488253944777489 vs. 3.488253944777489
list:
dist: 2.4142388484454336 vs. 2.4142388484454336
list:
dist: 1.7501192951446034 vs. 1.7501192951446034
list:
dist: 1.3935086701888815 vs. 1.3935086701888815
list:
dist: 1.9556011575332604 vs. 1.9556011575332604
list:
dist: 1.2042254488940676 vs. 1.2042254488940676
list:
dist: 1.682976681353216 vs. 1.682976681353216
list:
dist: 1.1607165097450578 vs. 1.1607165097450578
list:
dist: 1.8838722069123337 vs. 1.8838722069123337
list:
dist: 2.7035600031684335 vs. 2.7035600031684335
list:
dist: 2.3480346045674763 vs. 2.3480346045674763
list:
dist: 2.6405415512027637 vs. 2.6405415512027637
list:
dist: 1.8520342608032399 vs. 1.8520342608032399
list:
dist: 2.443305935230308 vs. 2.443305935230308
list:
dist: 3.213750324460437 vs. 3.213750324460437
list:
dist: 1.7462474265267054 vs. 1.7462474265267054
list:
dist: 1.2200111096870065 vs. 1.2200111096870065
list:
dist: 1.861071505768213 vs. 1.861071505768213
list:
dist: 1.2345284696348955 vs. 1.2345284696348955
list:
dist: 1.5414727498050067 vs. 1.5414727498050067
list:
dist: 2.020513107521911 vs. 2.020513107521911
list:
dist: 3.1108307137928346 vs. 3.1108307137928346
list:
dist: 2.849752316025407 vs. 2.849752316025407
list:
dist: 3.836131138746475 vs. 3.836131138746475
list:
dist: 2.186417416221689 vs. 2.186417416221689
list:
dist: 3.4737975426698586 vs. 3.4737975426698586
list:
dist: 3.692359834530817 vs. 3.692359834530817
list:
dist: 2.624005477846277 vs. 2.624005477846277
list:
dist: 2.0082707382769946 vs. 2.0082707382769946
list:
dist: 2.457886555773451 vs. 2.457886555773451
list:
dist: 3.1984555869889237 vs. 3.1984555869889237
list:
dist: 3.586104027412161 vs. 3.586104027412161
list:
dist: 2.9250536425171165 vs. 2.9250536425171165
list:
dist: 3.1846555736055313 vs. 3.1846555736055313
list:
dist: 2.7742783663681125 vs. 2.7742783663681125
list:
dist: 2.6243058760091875 vs. 2.6243058760091875
list:
dist: 2.529566816181196 vs. 2.529566816181196
list:
dist: 3.422199326547006 vs. 3.422199326547006
list:
dist: 3.135569909804164 vs. 3.135569909804164
list:
dist: 3.1108307137928346 vs. 3.1108307137928346
list:
dist: 2.3119707119441633 vs. 2.3119707119441633
list:
dist: 2.208068928112044 vs. 2.208068928112044
list:
dist: 1.1474090586241625 vs. 1.1474090586241625
list:
dist: 1.2393691384328298 vs. 1.2393691384328298
list:
dist: 0.9210108642229726 vs. 0.9210108642229726
list:
dist: 1.628972611284471 vs. 1.628972611284471
list:
dist: 2.3284284607240604 vs. 2.3284284607240604
list:
dist: 2.2705815177686977 vs. 2.2705815177686977
list:
dist: 1.4012083936366757 vs. 1.4012083936366757
list:
dist: 1.8911929133257586 vs. 1.8911929133257586
list:
dist: 1.45260486203119 vs. 1.45260486203119
list:
dist: 1.8072524608228453 vs. 1.8072524608228453
list:
dist: 1.5767982357397001 vs. 1.5767982357397001
list:
dist: 1.6589147245658613 vs. 1.6589147245658613
list:
dist: 4.238089115488721 vs. 4.238089115488721
list:
dist: 4.2043899667014175 vs. 4.2043899667014175
list:
dist: 4.427149695893381 vs. 4.427149695893381
list:
dist: 4.545667360445311 vs. 4.545667360445311
list:
dist: 3.9519381737683736 vs. 3.9519381737683736
list:
dist: 3.1572099586658413 vs. 3.1572099586658413
list:
dist: 2.900841589293267 vs. 2.900841589293267
list:
dist: 3.4737975426698586 vs. 3.4737975426698586
list:
dist: 2.28267700950816 vs. 2.28267700950816
list:
dist: 2.656281812905348 vs. 2.656281812905348
list:
dist: 2.59691324817663 vs. 2.59691324817663
list:
dist: 2.2705815177686977 vs. 2.2705815177686977
list:
dist: 3.236473904932644 vs. 3.236473904932644
list:
dist: 2.7032189823947084 vs. 2.7032189823947084
list:
dist: 3.336543397764574 vs. 3.336543397764574
list:
dist: 2.5420208612567654 vs. 2.5420208612567654
list:
dist: 2.4965014422380816 vs. 2.4965014422380816
list:
dist: 2.263367878857949 vs. 2.263367878857949
list:
dist: 1.5321059404412343 vs. 1.5321059404412343
list:
dist: 0.9056261103590335 vs. 0.9056261103590335
list:
dist: 3.709356635615732 vs. 3.709356635615732
list:
dist: 2.0234412200956973 vs. 2.0234412200956973
list:
dist: 2.0331961196485766 vs. 2.0331961196485766
list:
dist: 2.201100160798653 vs. 2.201100160798653
list:
dist: 2.4210913703483783 vs. 2.4210913703483783
list:
dist: 1.7906582728452949 vs. 1.7906582728452949
list:
dist: 2.06903744553497 vs. 2.06903744553497
list:
dist: 1.7135556767263336 vs. 1.7135556767263336
list:
dist: 2.0082707382769946 vs. 2.0082707382769946
list:
dist: 1.1513733765983232 vs. 1.1513733765983232
list:
dist: 0.7634669693647922 vs. 0.7634669693647922
list:
dist: 0.8468162149102707 vs. 0.8468162149102707
list:
dist: 1.45260486203119 vs. 1.45260486203119
list:
dist: 1.401348408563751 vs. 1.401348408563751
list:
dist: 1.9617797015015803 vs. 1.9617797015015803
list:
dist: 1.248272969875428 vs. 1.248272969875428
list:
dist: 3.1489150936163237 vs. 3.1489150936163237
list:
dist: 2.263367878857949 vs. 2.263367878857949
list:
dist: 1.69190006212951 vs. 1.69190006212951
list:
dist: 0.8784909012793344 vs. 0.8784909012793344
list:
dist: 0.9318336997545801 vs. 0.9318336997545801
list:
dist: 1.5682539167392024 vs. 1.5682539167392024
list:
dist: 2.9806551364453795 vs. 2.9806551364453795
list:
dist: 2.4689592142558605 vs. 2.4689592142558605
list:
dist: 3.1696281206333383 vs. 3.1696281206333383
list:
dist: 2.478932071028206 vs. 2.478932071028206
list:
dist: 1.1422747640051945 vs. 1.1422747640051945
list:
dist: 1.1406951327876345 vs. 1.1406951327876345
list:
dist: 1.2714663789998466 vs. 1.2714663789998466
list:
dist: 0.9056700019125871 vs. 0.9056700019125871
list:
dist: 0.7281305306812992 vs. 0.7281305306812992
list:
dist: 3.1090441893567506 vs. 3.1090441893567506
list:
dist: 3.0008041645801353 vs. 3.0008041645801353
list:
dist: 2.443305935230308 vs. 2.443305935230308
list:
dist: 2.7314159622549243 vs. 2.7314159622549243
list:
dist: 2.163947618882093 vs. 2.163947618882093
list:
dist: 1.945806967279058 vs. 1.945806967279058
list:
dist: 2.7742783663681125 vs. 2.7742783663681125
list:
dist: 1.651332945385034 vs. 1.651332945385034
list:
dist: 3.054848907772662 vs. 3.054848907772662
list:
dist: 1.1729958974218246 vs. 1.1729958974218246
list:
dist: 2.8245736863119446 vs. 2.8245736863119446
list:
dist: 4.427149695893381 vs. 4.427149695893381
list:
dist: 3.036724220219577 vs. 3.036724220219577
list:
dist: 2.468695894181844 vs. 2.468695894181844
list:
dist: 2.201100160798653 vs. 2.201100160798653
list:
dist: 3.1092526488135146 vs. 3.1092526488135146
list:
dist: 3.703687256607218 vs. 3.703687256607218
list:
dist: 2.7334714936146285 vs. 2.7334714936146285
list:
dist: 2.217195306117332 vs. 2.217195306117332
list:
dist: 2.204560667479076 vs. 2.204560667479076
list:
dist: 1.945806967279058 vs. 1.945806967279058
list:
dist: 2.156837667675978 vs. 2.156837667675978
list:
dist: 1.5035992619325431 vs. 1.5035992619325431
list:
dist: 2.5208960114923427 vs. 2.5208960114923427
list:
dist: 2.410327906861463 vs. 2.410327906861463
list:
dist: 2.020513107521911 vs. 2.020513107521911
list:
dist: 1.4973186497064876 vs. 1.4973186497064876
list:
dist: 1.3787403542856564 vs. 1.3787403542856564
list:
dist: 1.1474090586241625 vs. 1.1474090586241625
list:
dist: 1.071654864879058 vs. 1.071654864879058
list:
dist: 1.8734761474200234 vs. 1.8734761474200234
list:
dist: 0.8179066553603316 vs. 0.8179066553603316
list:
dist: 2.59691324817663 vs. 2.59691324817663
list:
dist: 1.9935825050011882 vs. 1.9935825050011882
list:
dist: 1.6320541818477958 vs. 1.6320541818477958
list:
dist: 0.8468162149102707 vs. 0.8468162149102707
list:
dist: 1.6363005423447758 vs. 1.6363005423447758
list:
dist: 1.9736073874480546 vs. 1.9736073874480546
list:
dist: 2.3936489446279645 vs. 2.3936489446279645
list:
dist: 2.3936489446279645 vs. 2.3936489446279645
list:
dist: 1.6589147245658613 vs. 1.6589147245658613
list:
dist: 2.014510417999242 vs. 2.014510417999242
list:
dist: 1.665003280485543 vs. 1.665003280485543
list:
dist: 2.5042986078818004 vs. 2.5042986078818004
list:
dist: 1.6645204217204126 vs. 1.6645204217204126
list:
dist: 3.709356635615732 vs. 3.709356635615732
list:
dist: 2.544761345808426 vs. 2.544761345808426
list:
dist: 3.3744413914959077 vs. 3.3744413914959077
list:
dist: 2.9806551364453795 vs. 2.9806551364453795
list:
dist: 3.4646831104320306 vs. 3.4646831104320306
list:
dist: 3.133881228533951 vs. 3.133881228533951
list:
dist: 3.055929356617117 vs. 3.055929356617117
list:
dist: 1.9419997501440462 vs. 1.9419997501440462
list:
dist: 2.4331562431728666 vs. 2.4331562431728666
list:
dist: 2.022839157024293 vs. 2.022839157024293
list:
dist: 3.0008041645801353 vs. 3.0008041645801353
list:
dist: 3.4930488190731896 vs. 3.4930488190731896
list:
dist: 2.5498220113482875 vs. 2.5498220113482875
list:
dist: 0.9326441502728555 vs. 0.9326441502728555
list:
dist: 1.861071505768213 vs. 1.861071505768213
list:
dist: 1.3228334631846814 vs. 1.3228334631846814
list:
dist: 1.059600404653235 vs. 1.059600404653235
list:
dist: 2.410327906861463 vs. 2.410327906861463
list:
dist: 3.135569909804164 vs. 3.135569909804164
list:
dist: 2.958715471371337 vs. 2.958715471371337
list:
dist: 3.5540827833752826 vs. 3.5540827833752826
list:
dist: 2.601950412638619 vs. 2.601950412638619
list:
dist: 2.900841589293267 vs. 2.900841589293267
list:
dist: 2.9985993499814487 vs. 2.9985993499814487
list:
dist: 1.6692272850727614 vs. 1.6692272850727614
list:
dist: 1.7135556767263336 vs. 1.7135556767263336
list:
dist: 1.616321512539739 vs. 1.616321512539739
list:
dist: 2.5398663630728606 vs. 2.5398663630728606
list:
dist: 2.9903565075536735 vs. 2.9903565075536735
list:
dist: 2.7556100643021324 vs. 2.7556100643021324
list:
dist: 2.7426493016865723 vs. 2.7426493016865723
list:
dist: 3.1092526488135146 vs. 3.1092526488135146
list:
dist: 3.2933716996523144 vs. 3.2933716996523144
list:
dist: 2.685899154698552 vs. 2.685899154698552
list:
dist: 2.1025239976054415 vs. 2.1025239976054415
list:
dist: 1.616321512539739 vs. 1.616321512539739
list:
dist: 2.457886555773451 vs. 2.457886555773451
list:
dist: 1.275106045764899 vs. 1.275106045764899
list:
dist: 1.218177741697334 vs. 1.218177741697334
list:
dist: 1.6363005423447758 vs. 1.6363005423447758
list:
dist: 1.8072524608228453 vs. 1.8072524608228453
list:
dist: 2.191292620823472 vs. 2.191292620823472
list:
dist: 2.220723236063396 vs. 2.220723236063396
list:
dist: 2.171404579876537 vs. 2.171404579876537
list:
dist: 3.7716425646676464 vs. 3.7716425646676464
list:
dist: 1.5321059404412343 vs. 1.5321059404412343
list:
dist: 1.7759964987978138 vs. 1.7759964987978138
list:
dist: 1.052561198184519 vs. 1.052561198184519
list:
dist: 0.9318336997545801 vs. 0.9318336997545801
list:
dist: 0.941180652044312 vs. 0.941180652044312
list:
dist: 3.4646831104320306 vs. 3.4646831104320306
list:
dist: 3.9498536053634985 vs. 3.9498536053634985
list:
dist: 3.0224376161362905 vs. 3.0224376161362905
list:
dist: 3.528449223753452 vs. 3.528449223753452
list:
dist: 3.054848907772662 vs. 3.054848907772662
list:
dist: 2.6480407468844556 vs. 2.6480407468844556
list:
dist: 3.007417582579336 vs. 3.007417582579336
list:
dist: 4.021837523079931 vs. 4.021837523079931
list:
dist: 3.5540827833752826 vs. 3.5540827833752826
list:
dist: 3.836131138746475 vs. 3.836131138746475
list:
dist: 3.0061486804115276 vs. 3.0061486804115276
list:
dist: 2.692876151233471 vs. 2.692876151233471
list:
dist: 1.8734761474200234 vs. 1.8734761474200234
list:
dist: 0.9210108642229726 vs. 0.9210108642229726
list:
dist: 1.412518496945411 vs. 1.412518496945411
list:
dist: 2.0676057179388954 vs. 2.0676057179388954
list:
dist: 1.8616566446475482 vs. 1.8616566446475482
list:
dist: 2.7032189823947084 vs. 2.7032189823947084
list:
dist: 0.8992164458480078 vs. 0.8992164458480078
list:
dist: 2.0081043631644806 vs. 2.0081043631644806
list:
dist: 1.9617797015015803 vs. 1.9617797015015803
list:
dist: 2.220723236063396 vs. 2.220723236063396
list:
dist: 1.9068320617665075 vs. 1.9068320617665075
list:
dist: 1.665003280485543 vs. 1.665003280485543
list:
dist: 1.822800860932913 vs. 1.822800860932913
list:
dist: 2.975836981527303 vs. 2.975836981527303
list:
dist: 1.8437445743293148 vs. 1.8437445743293148
list:
dist: 2.185229064377233 vs. 2.185229064377233
list:
dist: 0.9696254288782107 vs. 0.9696254288782107
list:
dist: 1.1406951327876345 vs. 1.1406951327876345
list:
dist: 1.3656384739745315 vs. 1.3656384739745315
list:
dist: 1.4179223012635267 vs. 1.4179223012635267
list:
dist: 2.8362514114262933 vs. 2.8362514114262933
list:
dist: 2.4331562431728666 vs. 2.4331562431728666
list:
dist: 2.6405415512027637 vs. 2.6405415512027637
list:
dist: 2.6548767554173396 vs. 2.6548767554173396
list:
dist: 1.8355941916112413 vs. 1.8355941916112413
list:
dist: 2.217195306117332 vs. 2.217195306117332
list:
dist: 2.9250536425171165 vs. 2.9250536425171165
list:
dist: 1.856539330757227 vs. 1.856539330757227
list:
dist: 3.0224376161362905 vs. 3.0224376161362905
list:
dist: 1.5859842558377117 vs. 1.5859842558377117
list:
dist: 3.108091759695112 vs. 3.108091759695112
list:
dist: 4.238089115488721 vs. 4.238089115488721
list:
dist: 2.6753830899075375 vs. 2.6753830899075375
list:
dist: 1.8782056001498826 vs. 1.8782056001498826
list:
dist: 2.0234412200956973 vs. 2.0234412200956973
list:
dist: 2.7556100643021324 vs. 2.7556100643021324
list:
dist: 3.4612098082998926 vs. 3.4612098082998926
list:
dist: 1.7501192951446034 vs. 1.7501192951446034
list:
dist: 3.21151642666637 vs. 3.21151642666637
list:
dist: 1.9447089661997237 vs. 1.9447089661997237
list:
dist: 1.5240525751389586 vs. 1.5240525751389586
list:
dist: 0.8744923053446699 vs. 0.8744923053446699
list:
dist: 1.3686367444146108 vs. 1.3686367444146108
list:
dist: 0.909478048903433 vs. 0.909478048903433
list:
dist: 1.6253228007301257 vs. 1.6253228007301257
list:
dist: 1.661011332663957 vs. 1.661011332663957
list:
dist: 2.521831907889437 vs. 2.521831907889437
list:
dist: 1.5504987042732359 vs. 1.5504987042732359
list:
dist: 1.2901690786287654 vs. 1.2901690786287654
list:
dist: 2.7596389609007512 vs. 2.7596389609007512
list:
dist: 2.248233230754681 vs. 2.248233230754681
list:
dist: 1.953759731462448 vs. 1.953759731462448
list:
dist: 1.410025858015145 vs. 1.410025858015145
list:
dist: 2.7620124739317085 vs. 2.7620124739317085
list:
dist: 2.5315667968437214 vs. 2.5315667968437214
list:
dist: 1.2251931536803482 vs. 1.2251931536803482
list:
dist: 4.383940719887104 vs. 4.383940719887104
list:
dist: 2.6665694478174538 vs. 2.6665694478174538
list:
dist: 2.4442669628811147 vs. 2.4442669628811147
list:
dist: 2.5288673143401668 vs. 2.5288673143401668
list:
dist: 1.2251931536803482 vs. 1.2251931536803482
list:
dist: 2.0232223076801437 vs. 2.0232223076801437
list:
dist: 1.2714874263395355 vs. 1.2714874263395355
list:
dist: 1.547109178971766 vs. 1.547109178971766
list:
dist: 1.4392497234483184 vs. 1.4392497234483184
list:
dist: 1.929045566009304 vs. 1.929045566009304
list:
dist: 2.398696639733293 vs. 2.398696639733293
list:
dist: 1.4774510930628102 vs. 1.4774510930628102
list:
dist: 1.1204857874257177 vs. 1.1204857874257177
list:
dist: 2.681058402718286 vs. 2.681058402718286
list:
dist: 1.380050688844178 vs. 1.380050688844178
list:
dist: 1.0092610237695054 vs. 1.0092610237695054
list:
dist: 0.7306884515905918 vs. 0.7306884515905918
list:
dist: 1.5664127173066862 vs. 1.5664127173066862
list:
dist: 1.3168589691292045 vs. 1.3168589691292045
list:
dist: 3.3926496047725037 vs. 3.3926496047725037
list:
dist: 1.8738395316567857 vs. 1.8738395316567857
list:
dist: 2.7304560396525686 vs. 2.7304560396525686
list:
dist: 3.4691170640055766 vs. 3.4691170640055766
list:
dist: 3.7268618590755294 vs. 3.7268618590755294
list:
dist: 3.292591912601588 vs. 3.292591912601588
list:
dist: 3.174710904754179 vs. 3.174710904754179
list:
dist: 3.4764972821997633 vs. 3.4764972821997633
list:
dist: 2.516853811799889 vs. 2.516853811799889
list:
dist: 1.9430861691080783 vs. 1.9430861691080783
list:
dist: 3.5970828079850294 vs. 3.5970828079850294
list:
dist: 3.488253944777489 vs. 3.488253944777489
list:
dist: 1.4658732328214934 vs. 1.4658732328214934
list:
dist: 1.9447089661997237 vs. 1.9447089661997237
list:
dist: 2.1405488947074933 vs. 2.1405488947074933
list:
dist: 2.851962367254177 vs. 2.851962367254177
list:
dist: 2.6700889113738984 vs. 2.6700889113738984
list:
dist: 3.4766710962645964 vs. 3.4766710962645964
list:
dist: 1.2485983822234665 vs. 1.2485983822234665
list:
dist: 1.504687432616124 vs. 1.504687432616124
list:
dist: 1.4634867330666914 vs. 1.4634867330666914
list:
dist: 2.3410811175571147 vs. 2.3410811175571147
list:
dist: 2.817123217236521 vs. 2.817123217236521
list:
dist: 2.419258655860374 vs. 2.419258655860374
list:
dist: 3.746103592879985 vs. 3.746103592879985
list:
dist: 3.5257105068111914 vs. 3.5257105068111914
list:
dist: 2.4442669628811147 vs. 2.4442669628811147
list:
dist: 2.4142388484454336 vs. 2.4142388484454336
list:
dist: 1.4658732328214934 vs. 1.4658732328214934
list:
dist: 1.5240525751389586 vs. 1.5240525751389586
list:
dist: 1.0643805116542524 vs. 1.0643805116542524
list:
dist: 2.2901934773763712 vs. 2.2901934773763712
list:
dist: 1.8434296254132516 vs. 1.8434296254132516
list:
dist: 2.940176055485297 vs. 2.940176055485297
list:
dist: 2.129256157727687 vs. 2.129256157727687
list:
dist: 2.1300336192484597 vs. 2.1300336192484597
list:
dist: 2.4696617673545216 vs. 2.4696617673545216
list:
dist: 3.135998191191949 vs. 3.135998191191949
list:
dist: 3.26578149507004 vs. 3.26578149507004
list:
dist: 2.745199794599646 vs. 2.745199794599646
list:
dist: 3.9600411045580133 vs. 3.9600411045580133
list:
dist: 3.774502751846459 vs. 3.774502751846459
list:
dist: 2.5288673143401668 vs. 2.5288673143401668
list:
dist: 2.6715963739616733 vs. 2.6715963739616733
list:
dist: 3.435392256003541 vs. 3.435392256003541
list:
dist: 2.653524911168322 vs. 2.653524911168322
list:
dist: 2.841734548381379 vs. 2.841734548381379
list:
dist: 1.4460986546620234 vs. 1.4460986546620234
list:
dist: 1.7445154927989628 vs. 1.7445154927989628
list:
dist: 2.7304560396525686 vs. 2.7304560396525686
list:
dist: 1.4648842217093607 vs. 1.4648842217093607
list:
dist: 1.5783076521098043 vs. 1.5783076521098043
list:
dist: 2.6073852172951324 vs. 2.6073852172951324
list:
dist: 3.1288259582199838 vs. 3.1288259582199838
list:
dist: 1.5833680888372683 vs. 1.5833680888372683
list:
dist: 2.664317381436912 vs. 2.664317381436912
list:
dist: 3.8285983053939696 vs. 3.8285983053939696
list:
dist: 2.9669914639458392 vs. 2.9669914639458392
list:
dist: 1.682976681353216 vs. 1.682976681353216
list:
dist: 2.1880510252670726 vs. 2.1880510252670726
list:
dist: 3.4766710962645964 vs. 3.4766710962645964
list:
dist: 2.940176055485297 vs. 2.940176055485297
list:
dist: 1.6253228007301257 vs. 1.6253228007301257
list:
dist: 2.0135749577651376 vs. 2.0135749577651376
list:
dist: 1.0780005084854574 vs. 1.0780005084854574
list:
dist: 1.1494734917182885 vs. 1.1494734917182885
list:
dist: 0.8400817968013085 vs. 0.8400817968013085
list:
dist: 0.9879293966709237 vs. 0.9879293966709237
list:
dist: 2.7709437854167365 vs. 2.7709437854167365
list:
dist: 2.4084335299005453 vs. 2.4084335299005453
list:
dist: 3.8971569804359736 vs. 3.8971569804359736
list:
dist: 2.7975826680502114 vs. 2.7975826680502114
list:
dist: 2.1237001209867863 vs. 2.1237001209867863
list:
dist: 1.8666487376212244 vs. 1.8666487376212244
list:
dist: 2.160548963820005 vs. 2.160548963820005
list:
dist: 2.036014528148532 vs. 2.036014528148532
list:
dist: 1.4392497234483184 vs. 1.4392497234483184
list:
dist: 3.041426075560139 vs. 3.041426075560139
list:
dist: 1.2674617067359597 vs. 1.2674617067359597
list:
dist: 2.653524911168322 vs. 2.653524911168322
list:
dist: 1.504687432616124 vs. 1.504687432616124
list:
dist: 2.1300336192484597 vs. 2.1300336192484597
list:
dist: 1.2901690786287654 vs. 1.2901690786287654
list:
dist: 2.044451768655934 vs. 2.044451768655934
list:
dist: 2.0708527826794576 vs. 2.0708527826794576
list:
dist: 2.0715659400995707 vs. 2.0715659400995707
list:
dist: 2.4084335299005453 vs. 2.4084335299005453
list:
dist: 0.3743161360277784 vs. 0.3743161360277784
list:
dist: 1.9926530497587083 vs. 1.9926530497587083
list:
dist: 1.1392989021537665 vs. 1.1392989021537665
list:
dist: 1.3153697522331909 vs. 1.3153697522331909
list:
dist: 0.9432979822796137 vs. 0.9432979822796137
list:
dist: 2.422798670420546 vs. 2.422798670420546
list:
dist: 2.1524152542520913 vs. 2.1524152542520913
list:
dist: 1.1204857874257177 vs. 1.1204857874257177
list:
dist: 2.5678513091917 vs. 2.5678513091917
list:
dist: 3.51811617824114 vs. 3.51811617824114
list:
dist: 2.7933896286120232 vs. 2.7933896286120232
list:
dist: 3.5427389256003523 vs. 3.5427389256003523
list:
dist: 3.846585257684658 vs. 3.846585257684658
list:
dist: 3.1716983017015337 vs. 3.1716983017015337
list:
dist: 2.2597638089308054 vs. 2.2597638089308054
list:
dist: 2.419258655860374 vs. 2.419258655860374
list:
dist: 2.745199794599646 vs. 2.745199794599646
list:
dist: 1.410025858015145 vs. 1.410025858015145
list:
dist: 2.2843415807476033 vs. 2.2843415807476033
list:
dist: 1.9426797245462375 vs. 1.9426797245462375
list:
dist: 1.9946135533699205 vs. 1.9946135533699205
list:
dist: 1.8666487376212244 vs. 1.8666487376212244
list:
dist: 2.1254437630232728 vs. 2.1254437630232728
list:
dist: 2.760765619166357 vs. 2.760765619166357
list:
dist: 1.2819627761890855 vs. 1.2819627761890855
list:
dist: 0.9432979822796137 vs. 0.9432979822796137
list:
dist: 2.8401308102959835 vs. 2.8401308102959835
list:
dist: 1.2630748761563846 vs. 1.2630748761563846
list:
dist: 0.5636521545257641 vs. 0.5636521545257641
list:
dist: 1.907725912892249 vs. 1.907725912892249
list:
dist: 1.5928350331655636 vs. 1.5928350331655636
list:
dist: 0.7306884515905918 vs. 0.7306884515905918
list:
dist: 3.6649068028894427 vs. 3.6649068028894427
list:
dist: 2.278248121567221 vs. 2.278248121567221
list:
dist: 3.1510640783104487 vs. 3.1510640783104487
list:
dist: 3.681845924990432 vs. 3.681845924990432
list:
dist: 3.329459139599945 vs. 3.329459139599945
list:
dist: 3.226628408236661 vs. 3.226628408236661
list:
dist: 3.3152053102293797 vs. 3.3152053102293797
list:
dist: 2.747932019283347 vs. 2.747932019283347
list:
dist: 1.7828084044376242 vs. 1.7828084044376242
list:
dist: 3.4709640570516385 vs. 3.4709640570516385
list:
dist: 1.1607165097450578 vs. 1.1607165097450578
list:
dist: 1.9105642278165156 vs. 1.9105642278165156
list:
dist: 1.661011332663957 vs. 1.661011332663957
list:
dist: 1.895216946339126 vs. 1.895216946339126
list:
dist: 1.6886490302693702 vs. 1.6886490302693702
list:
dist: 1.272883466579153 vs. 1.272883466579153
list:
dist: 0.8400817968013085 vs. 0.8400817968013085
list:
dist: 1.107387316638534 vs. 1.107387316638534
list:
dist: 2.4727954393752487 vs. 2.4727954393752487
list:
dist: 2.1254437630232728 vs. 2.1254437630232728
list:
dist: 2.8928409260453867 vs. 2.8928409260453867
list:
dist: 2.719201060526945 vs. 2.719201060526945
list:
dist: 1.929045566009304 vs. 1.929045566009304
list:
dist: 3.630093863965167 vs. 3.630093863965167
list:
dist: 1.9485707336453812 vs. 1.9485707336453812
list:
dist: 1.3935086701888815 vs. 1.3935086701888815
list:
dist: 2.9797763242712287 vs. 2.9797763242712287
list:
dist: 2.1405488947074933 vs. 2.1405488947074933
list:
dist: 1.0643805116542524 vs. 1.0643805116542524
list:
dist: 0.8744923053446699 vs. 0.8744923053446699
list:
dist: 1.6335908451017687 vs. 1.6335908451017687
list:
dist: 0.9184446480883643 vs. 0.9184446480883643
list:
dist: 2.0135749577651376 vs. 2.0135749577651376
list:
dist: 1.895216946339126 vs. 1.895216946339126
list:
dist: 2.7329429069548894 vs. 2.7329429069548894
list:
dist: 2.2196623715447905 vs. 2.2196623715447905
list:
dist: 2.044451768655934 vs. 2.044451768655934
list:
dist: 3.0732909087948164 vs. 3.0732909087948164
list:
dist: 3.039625067376886 vs. 3.039625067376886
list:
dist: 2.825302790987563 vs. 2.825302790987563
list:
dist: 2.2843415807476033 vs. 2.2843415807476033
list:
dist: 3.4752772762342525 vs. 3.4752772762342525
list:
dist: 3.284487094640741 vs. 3.284487094640741
list:
dist: 2.0232223076801437 vs. 2.0232223076801437
list:
dist: 4.969185572992904 vs. 4.969185572992904
list:
dist: 3.196910092426108 vs. 3.196910092426108
list:
dist: 1.2042254488940676 vs. 1.2042254488940676
list:
dist: 2.4191104706352045 vs. 2.4191104706352045
list:
dist: 2.6700889113738984 vs. 2.6700889113738984
list:
dist: 1.8434296254132516 vs. 1.8434296254132516
list:
dist: 0.909478048903433 vs. 0.909478048903433
list:
dist: 0.9184446480883643 vs. 0.9184446480883643
list:
dist: 0.8564980273448328 vs. 0.8564980273448328
list:
dist: 1.1494734917182885 vs. 1.1494734917182885
list:
dist: 1.272883466579153 vs. 1.272883466579153
list:
dist: 1.9012217939743106 vs. 1.9012217939743106
list:
dist: 2.3573814874073427 vs. 2.3573814874073427
list:
dist: 2.0715659400995707 vs. 2.0715659400995707
list:
dist: 3.2865884025681886 vs. 3.2865884025681886
list:
dist: 2.8191261951210125 vs. 2.8191261951210125
list:
dist: 2.452895768421775 vs. 2.452895768421775
list:
dist: 1.9946135533699205 vs. 1.9946135533699205
list:
dist: 2.790093868816489 vs. 2.790093868816489
list:
dist: 2.63734473748341 vs. 2.63734473748341
list:
dist: 1.547109178971766 vs. 1.547109178971766
list:
dist: 4.0984319993415355 vs. 4.0984319993415355
list:
dist: 2.3214716316006996 vs. 2.3214716316006996
list:
dist: 3.435392256003541 vs. 3.435392256003541
list:
dist: 1.9556011575332604 vs. 1.9556011575332604
list:
dist: 2.7116683160783377 vs. 2.7116683160783377
list:
dist: 2.851962367254177 vs. 2.851962367254177
list:
dist: 2.2901934773763712 vs. 2.2901934773763712
list:
dist: 1.3686367444146108 vs. 1.3686367444146108
list:
dist: 1.6335908451017687 vs. 1.6335908451017687
list:
dist: 0.8564980273448328 vs. 0.8564980273448328
list:
dist: 1.0780005084854574 vs. 1.0780005084854574
list:
dist: 1.6886490302693702 vs. 1.6886490302693702
list:
dist: 1.8931985615462765 vs. 1.8931985615462765
list:
dist: 2.36936968885001 vs. 2.36936968885001
list:
dist: 2.0708527826794576 vs. 2.0708527826794576
list:
dist: 3.069066658773397 vs. 3.069066658773397
list:
dist: 2.487002377404221 vs. 2.487002377404221
list:
dist: 2.2577042103057 vs. 2.2577042103057
list:
dist: 1.9426797245462375 vs. 1.9426797245462375
list:
dist: 2.1343422986427156 vs. 2.1343422986427156
list:
dist: 2.0530702072882976 vs. 2.0530702072882976
list:
dist: 1.2714874263395355 vs. 1.2714874263395355
list:
dist: 3.526955042231774 vs. 3.526955042231774
list:
dist: 1.8372718149607117 vs. 1.8372718149607117
list:
dist: 2.6715963739616733 vs. 2.6715963739616733
list:
dist: 3.3714214767071793 vs. 3.3714214767071793
list:
dist: 3.1716983017015337 vs. 3.1716983017015337
list:
dist: 3.8440272600144283 vs. 3.8440272600144283
list:
dist: 2.256602016131072 vs. 2.256602016131072
list:
dist: 2.328338149312676 vs. 2.328338149312676
list:
dist: 2.747932019283347 vs. 2.747932019283347
list:
dist: 1.0375704750139845 vs. 1.0375704750139845
list:
dist: 1.2539886887667613 vs. 1.2539886887667613
list:
dist: 2.516853811799889 vs. 2.516853811799889
list:
dist: 2.265563641167155 vs. 2.265563641167155
list:
dist: 2.321727892891558 vs. 2.321727892891558
list:
dist: 1.5833680888372683 vs. 1.5833680888372683
list:
dist: 4.121435742812197 vs. 4.121435742812197
list:
dist: 2.667660974451018 vs. 2.667660974451018
list:
dist: 3.2507061949319587 vs. 3.2507061949319587
list:
dist: 1.060304703905534 vs. 1.060304703905534
list:
dist: 1.7887154171851347 vs. 1.7887154171851347
list:
dist: 1.4384863628804725 vs. 1.4384863628804725
list:
dist: 1.8405641796012766 vs. 1.8405641796012766
list:
dist: 2.1562070691423734 vs. 2.1562070691423734
list:
dist: 2.3410811175571147 vs. 2.3410811175571147
list:
dist: 3.135998191191949 vs. 3.135998191191949
list:
dist: 2.248233230754681 vs. 2.248233230754681
list:
dist: 3.039625067376886 vs. 3.039625067376886
list:
dist: 2.487002377404221 vs. 2.487002377404221
list:
dist: 2.8191261951210125 vs. 2.8191261951210125
list:
dist: 2.7975826680502114 vs. 2.7975826680502114
list:
dist: 1.2090454536199664 vs. 1.2090454536199664
list:
dist: 1.1392989021537665 vs. 1.1392989021537665
list:
dist: 2.111222321102005 vs. 2.111222321102005
list:
dist: 1.1029915269110933 vs. 1.1029915269110933
list:
dist: 1.2630748761563846 vs. 1.2630748761563846
list:
dist: 1.8009660512750634 vs. 1.8009660512750634
list:
dist: 1.5689034333598249 vs. 1.5689034333598249
list:
dist: 1.380050688844178 vs. 1.380050688844178
list:
dist: 2.256245228320773 vs. 2.256245228320773
list:
dist: 2.4681295766037783 vs. 2.4681295766037783
list:
dist: 2.1093470707036865 vs. 2.1093470707036865
list:
dist: 2.4488671643220896 vs. 2.4488671643220896
list:
dist: 2.8580152585199934 vs. 2.8580152585199934
list:
dist: 2.256602016131072 vs. 2.256602016131072
list:
dist: 1.3259613687370553 vs. 1.3259613687370553
list:
dist: 3.746103592879985 vs. 3.746103592879985
list:
dist: 3.9600411045580133 vs. 3.9600411045580133
list:
dist: 2.7620124739317085 vs. 2.7620124739317085
list:
dist: 3.4752772762342525 vs. 3.4752772762342525
list:
dist: 2.1343422986427156 vs. 2.1343422986427156
list:
dist: 2.790093868816489 vs. 2.790093868816489
list:
dist: 2.160548963820005 vs. 2.160548963820005
list:
dist: 2.8928409260453867 vs. 2.8928409260453867
list:
dist: 2.7709930323288017 vs. 2.7709930323288017
list:
dist: 2.694674909030055 vs. 2.694674909030055
list:
dist: 2.422798670420546 vs. 2.422798670420546
list:
dist: 3.436207445833588 vs. 3.436207445833588
list:
dist: 1.8009660512750634 vs. 1.8009660512750634
list:
dist: 1.6057470663237032 vs. 1.6057470663237032
list:
dist: 1.907725912892249 vs. 1.907725912892249
list:
dist: 0.32833798758812194 vs. 0.32833798758812194
list:
dist: 1.5664127173066862 vs. 1.5664127173066862
list:
dist: 2.194837349879399 vs. 2.194837349879399
list:
dist: 1.477968989333802 vs. 1.477968989333802
list:
dist: 1.4460986546620234 vs. 1.4460986546620234
list:
dist: 3.9877453706418198 vs. 3.9877453706418198
list:
dist: 3.177456832390638 vs. 3.177456832390638
list:
dist: 3.3323160671979983 vs. 3.3323160671979983
list:
dist: 1.9471990682464417 vs. 1.9471990682464417
list:
dist: 2.3946214548253484 vs. 2.3946214548253484
list:
dist: 1.0375704750139845 vs. 1.0375704750139845
list:
dist: 1.3423592898009455 vs. 1.3423592898009455
list:
dist: 2.421826978511382 vs. 2.421826978511382
list:
dist: 4.383940719887104 vs. 4.383940719887104
list:
dist: 4.969185572992904 vs. 4.969185572992904
list:
dist: 3.526955042231774 vs. 3.526955042231774
list:
dist: 4.0984319993415355 vs. 4.0984319993415355
list:
dist: 3.041426075560139 vs. 3.041426075560139
list:
dist: 3.630093863965167 vs. 3.630093863965167
list:
dist: 2.900968748775998 vs. 2.900968748775998
list:
dist: 3.3628309961017813 vs. 3.3628309961017813
list:
dist: 3.6649068028894427 vs. 3.6649068028894427
list:
dist: 2.194837349879399 vs. 2.194837349879399
list:
dist: 2.3768374576735725 vs. 2.3768374576735725
list:
dist: 3.3926496047725037 vs. 3.3926496047725037
list:
dist: 1.7832937237526216 vs. 1.7832937237526216
list:
dist: 1.4648842217093607 vs. 1.4648842217093607
list:
dist: 3.088626002169757 vs. 3.088626002169757
list:
dist: 3.032096361600196 vs. 3.032096361600196
list:
dist: 2.265563641167155 vs. 2.265563641167155
list:
dist: 3.0224909044767787 vs. 3.0224909044767787
list:
dist: 2.6605830687484846 vs. 2.6605830687484846
list:
dist: 1.2485983822234665 vs. 1.2485983822234665
list:
dist: 2.129256157727687 vs. 2.129256157727687
list:
dist: 1.5504987042732359 vs. 1.5504987042732359
list:
dist: 2.2196623715447905 vs. 2.2196623715447905
list:
dist: 2.36936968885001 vs. 2.36936968885001
list:
dist: 2.3573814874073427 vs. 2.3573814874073427
list:
dist: 2.7709437854167365 vs. 2.7709437854167365
list:
dist: 0.3743161360277784 vs. 0.3743161360277784
list:
dist: 1.749258246252366 vs. 1.749258246252366
list:
dist: 1.2090454536199664 vs. 1.2090454536199664
list:
dist: 1.5959613249103592 vs. 1.5959613249103592
list:
dist: 1.2819627761890855 vs. 1.2819627761890855
list:
dist: 2.694674909030055 vs. 2.694674909030055
list:
dist: 2.4335710265757813 vs. 2.4335710265757813
list:
dist: 1.4774510930628102 vs. 1.4774510930628102
list:
dist: 2.264387313049926 vs. 2.264387313049926
list:
dist: 3.428990142542875 vs. 3.428990142542875
list:
dist: 2.5957016518929326 vs. 2.5957016518929326
list:
dist: 3.6568702223356975 vs. 3.6568702223356975
list:
dist: 3.9927390823185624 vs. 3.9927390823185624
list:
dist: 3.3714214767071793 vs. 3.3714214767071793
list:
dist: 2.430442698196808 vs. 2.430442698196808
list:
dist: 2.6665694478174538 vs. 2.6665694478174538
list:
dist: 3.196910092426108 vs. 3.196910092426108
list:
dist: 1.8372718149607117 vs. 1.8372718149607117
list:
dist: 2.3214716316006996 vs. 2.3214716316006996
list:
dist: 1.2674617067359597 vs. 1.2674617067359597
list:
dist: 1.9485707336453812 vs. 1.9485707336453812
list:
dist: 1.4177188379014496 vs. 1.4177188379014496
list:
dist: 2.211802339513038 vs. 2.211802339513038
list:
dist: 2.278248121567221 vs. 2.278248121567221
list:
dist: 1.477968989333802 vs. 1.477968989333802
list:
dist: 1.500255674346723 vs. 1.500255674346723
list:
dist: 1.8738395316567857 vs. 1.8738395316567857
list:
dist: 1.7832937237526216 vs. 1.7832937237526216
list:
dist: 1.5783076521098043 vs. 1.5783076521098043
list:
dist: 3.30193076834933 vs. 3.30193076834933
list:
dist: 3.4414119330569317 vs. 3.4414119330569317
list:
dist: 2.321727892891558 vs. 2.321727892891558
list:
dist: 2.5338299533152497 vs. 2.5338299533152497
list:
dist: 3.2872589258637763 vs. 3.2872589258637763
list:
dist: 1.8838722069123337 vs. 1.8838722069123337
list:
dist: 1.5409313656672838 vs. 1.5409313656672838
list:
dist: 2.521831907889437 vs. 2.521831907889437
list:
dist: 2.7329429069548894 vs. 2.7329429069548894
list:
dist: 1.8931985615462765 vs. 1.8931985615462765
list:
dist: 1.9012217939743106 vs. 1.9012217939743106
list:
dist: 0.9879293966709237 vs. 0.9879293966709237
list:
dist: 1.107387316638534 vs. 1.107387316638534
list:
dist: 2.94731908781941 vs. 2.94731908781941
list:
dist: 2.760765619166357 vs. 2.760765619166357
list:
dist: 2.7709930323288017 vs. 2.7709930323288017
list:
dist: 2.7111078396749115 vs. 2.7111078396749115
list:
dist: 2.398696639733293 vs. 2.398696639733293
list:
dist: 2.900968748775998 vs. 2.900968748775998
list:
dist: 1.4177188379014496 vs. 1.4177188379014496
list:
dist: 2.841734548381379 vs. 2.841734548381379
list:
dist: 2.5957016518929326 vs. 2.5957016518929326
list:
dist: 2.7933896286120232 vs. 2.7933896286120232
list:
dist: 1.758558665156214 vs. 1.758558665156214
list:
dist: 2.1093470707036865 vs. 2.1093470707036865
list:
dist: 3.2054620887194294 vs. 3.2054620887194294
list:
dist: 3.329459139599945 vs. 3.329459139599945
list:
dist: 3.3323160671979983 vs. 3.3323160671979983
list:
dist: 3.265541611861826 vs. 3.265541611861826
list:
dist: 3.292591912601588 vs. 3.292591912601588
list:
dist: 1.7776248523842082 vs. 1.7776248523842082
list:
dist: 1.5468431254151518 vs. 1.5468431254151518
list:
dist: 2.9669455203652553 vs. 2.9669455203652553
list:
dist: 3.8120559889500276 vs. 3.8120559889500276
list:
dist: 3.2507061949319587 vs. 3.2507061949319587
list:
dist: 2.879696093747548 vs. 2.879696093747548
list:
dist: 4.055967092463994 vs. 4.055967092463994
list:
dist: 1.4634867330666914 vs. 1.4634867330666914
list:
dist: 2.4696617673545216 vs. 2.4696617673545216
list:
dist: 2.7596389609007512 vs. 2.7596389609007512
list:
dist: 3.0732909087948164 vs. 3.0732909087948164
list:
dist: 3.069066658773397 vs. 3.069066658773397
list:
dist: 3.2865884025681886 vs. 3.2865884025681886
list:
dist: 3.8971569804359736 vs. 3.8971569804359736
list:
dist: 1.749258246252366 vs. 1.749258246252366
list:
dist: 1.9926530497587083 vs. 1.9926530497587083
list:
dist: 2.111222321102005 vs. 2.111222321102005
list:
dist: 3.027459872471212 vs. 3.027459872471212
list:
dist: 2.8401308102959835 vs. 2.8401308102959835
list:
dist: 3.436207445833588 vs. 3.436207445833588
list:
dist: 3.30991033961298 vs. 3.30991033961298
list:
dist: 2.681058402718286 vs. 2.681058402718286
list:
dist: 2.252052251654963 vs. 2.252052251654963
list:
dist: 3.1783697611735016 vs. 3.1783697611735016
list:
dist: 1.758558665156214 vs. 1.758558665156214
list:
dist: 4.009884725620503 vs. 4.009884725620503
list:
dist: 4.766367164267483 vs. 4.766367164267483
list:
dist: 3.8440272600144283 vs. 3.8440272600144283
list:
dist: 3.370841412821398 vs. 3.370841412821398
list:
dist: 4.6404240422921275 vs. 4.6404240422921275
list:
dist: 2.7068043713934893 vs. 2.7068043713934893
list:
dist: 4.055967092463994 vs. 4.055967092463994
list:
dist: 1.3490317441520892 vs. 1.3490317441520892
list:
dist: 1.0537548252780105 vs. 1.0537548252780105
list:
dist: 2.1562070691423734 vs. 2.1562070691423734
list:
dist: 2.4543455785664494 vs. 2.4543455785664494
list:
dist: 1.194545462708001 vs. 1.194545462708001
list:
dist: 3.9927390823185624 vs. 3.9927390823185624
list:
dist: 3.846585257684658 vs. 3.846585257684658
list:
dist: 4.766367164267483 vs. 4.766367164267483
list:
dist: 2.8580152585199934 vs. 2.8580152585199934
list:
dist: 2.754378735184777 vs. 2.754378735184777
list:
dist: 3.3152053102293797 vs. 3.3152053102293797
list:
dist: 2.3946214548253484 vs. 2.3946214548253484
list:
dist: 2.3938810007787032 vs. 2.3938810007787032
list:
dist: 3.4764972821997633 vs. 3.4764972821997633
list:
dist: 3.032096361600196 vs. 3.032096361600196
list:
dist: 3.4414119330569317 vs. 3.4414119330569317
list:
dist: 3.1288259582199838 vs. 3.1288259582199838
list:
dist: 4.130079600147776 vs. 4.130079600147776
list:
dist: 2.7142137378281497 vs. 2.7142137378281497
list:
dist: 3.8120559889500276 vs. 3.8120559889500276
list:
dist: 1.2536112977721632 vs. 1.2536112977721632
list:
dist: 1.7887154171851347 vs. 1.7887154171851347
list:
dist: 1.5981016997467417 vs. 1.5981016997467417
list:
dist: 0.5247378506785301 vs. 0.5247378506785301
list:
dist: 1.0537548252780105 vs. 1.0537548252780105
list:
dist: 2.9177587817744386 vs. 2.9177587817744386
list:
dist: 3.4709640570516385 vs. 3.4709640570516385
list:
dist: 2.421826978511382 vs. 2.421826978511382
list:
dist: 2.4501250482010875 vs. 2.4501250482010875
list:
dist: 3.5970828079850294 vs. 3.5970828079850294
list:
dist: 2.6605830687484846 vs. 2.6605830687484846
list:
dist: 3.2872589258637763 vs. 3.2872589258637763
list:
dist: 2.9669914639458392 vs. 2.9669914639458392
list:
dist: 1.53905703024692 vs. 1.53905703024692
list:
dist: 0.5247378506785301 vs. 0.5247378506785301
list:
dist: 1.8405641796012766 vs. 1.8405641796012766
list:
dist: 1.8521517615701886 vs. 1.8521517615701886
list:
dist: 1.194545462708001 vs. 1.194545462708001
list:
dist: 2.430442698196808 vs. 2.430442698196808
list:
dist: 2.2597638089308054 vs. 2.2597638089308054
list:
dist: 3.370841412821398 vs. 3.370841412821398
list:
dist: 1.3259613687370553 vs. 1.3259613687370553
list:
dist: 1.2463281704468456 vs. 1.2463281704468456
list:
dist: 1.7828084044376242 vs. 1.7828084044376242
list:
dist: 1.3423592898009455 vs. 1.3423592898009455
list:
dist: 1.167205262538516 vs. 1.167205262538516
list:
dist: 1.9430861691080783 vs. 1.9430861691080783
list:
dist: 3.0224909044767787 vs. 3.0224909044767787
list:
dist: 2.5338299533152497 vs. 2.5338299533152497
list:
dist: 2.664317381436912 vs. 2.664317381436912
list:
dist: 3.1143929196520768 vs. 3.1143929196520768
list:
dist: 2.454007208782954 vs. 2.454007208782954
list:
dist: 2.879696093747548 vs. 2.879696093747548
list:
dist: 1.539190635958624 vs. 1.539190635958624
list:
dist: 1.5981016997467417 vs. 1.5981016997467417
list:
dist: 1.4384863628804725 vs. 1.4384863628804725
list:
dist: 1.8521517615701886 vs. 1.8521517615701886
list:
dist: 2.4543455785664494 vs. 2.4543455785664494
list:
dist: 2.817123217236521 vs. 2.817123217236521
list:
dist: 3.26578149507004 vs. 3.26578149507004
list:
dist: 1.953759731462448 vs. 1.953759731462448
list:
dist: 2.825302790987563 vs. 2.825302790987563
list:
dist: 2.2577042103057 vs. 2.2577042103057
list:
dist: 2.452895768421775 vs. 2.452895768421775
list:
dist: 2.1237001209867863 vs. 2.1237001209867863
list:
dist: 2.4727954393752487 vs. 2.4727954393752487
list:
dist: 2.94731908781941 vs. 2.94731908781941
list:
dist: 1.5959613249103592 vs. 1.5959613249103592
list:
dist: 1.3153697522331909 vs. 1.3153697522331909
list:
dist: 3.027459872471212 vs. 3.027459872471212
list:
dist: 1.1029915269110933 vs. 1.1029915269110933
list:
dist: 0.5636521545257641 vs. 0.5636521545257641
list:
dist: 1.6057470663237032 vs. 1.6057470663237032
list:
dist: 1.2784873363889016 vs. 1.2784873363889016
list:
dist: 1.0092610237695054 vs. 1.0092610237695054
list:
dist: 3.3628309961017813 vs. 3.3628309961017813
list:
dist: 2.211802339513038 vs. 2.211802339513038
list:
dist: 3.093846273905647 vs. 3.093846273905647
list:
dist: 3.328460027396559 vs. 3.328460027396559
list:
dist: 3.2054620887194294 vs. 3.2054620887194294
list:
dist: 2.735982824147943 vs. 2.735982824147943
list:
dist: 2.754378735184777 vs. 2.754378735184777
list:
dist: 2.328338149312676 vs. 2.328338149312676
list:
dist: 1.2463281704468456 vs. 1.2463281704468456
list:
dist: 2.9177587817744386 vs. 2.9177587817744386
list:
dist: 3.5257105068111914 vs. 3.5257105068111914
list:
dist: 3.774502751846459 vs. 3.774502751846459
list:
dist: 2.5315667968437214 vs. 2.5315667968437214
list:
dist: 3.284487094640741 vs. 3.284487094640741
list:
dist: 2.0530702072882976 vs. 2.0530702072882976
list:
dist: 2.63734473748341 vs. 2.63734473748341
list:
dist: 2.036014528148532 vs. 2.036014528148532
list:
dist: 2.719201060526945 vs. 2.719201060526945
list:
dist: 2.7111078396749115 vs. 2.7111078396749115
list:
dist: 2.4335710265757813 vs. 2.4335710265757813
list:
dist: 2.1524152542520913 vs. 2.1524152542520913
list:
dist: 3.30991033961298 vs. 3.30991033961298
list:
dist: 1.5689034333598249 vs. 1.5689034333598249
list:
dist: 1.2784873363889016 vs. 1.2784873363889016
list:
dist: 1.5928350331655636 vs. 1.5928350331655636
list:
dist: 0.32833798758812194 vs. 0.32833798758812194
list:
dist: 1.3168589691292045 vs. 1.3168589691292045
list:
dist: 2.3768374576735725 vs. 2.3768374576735725
list:
dist: 1.500255674346723 vs. 1.500255674346723
list:
dist: 1.7445154927989628 vs. 1.7445154927989628
list:
dist: 3.7853009742245605 vs. 3.7853009742245605
list:
dist: 3.1658689084526612 vs. 3.1658689084526612
list:
dist: 3.265541611861826 vs. 3.265541611861826
list:
dist: 2.047598273132313 vs. 2.047598273132313
list:
dist: 2.3938810007787032 vs. 2.3938810007787032
list:
dist: 1.2539886887667613 vs. 1.2539886887667613
list:
dist: 1.167205262538516 vs. 1.167205262538516
list:
dist: 2.4501250482010875 vs. 2.4501250482010875
list:
dist: 2.264387313049926 vs. 2.264387313049926
list:
dist: 2.5678513091917 vs. 2.5678513091917
list:
dist: 2.252052251654963 vs. 2.252052251654963
list:
dist: 2.256245228320773 vs. 2.256245228320773
list:
dist: 3.093846273905647 vs. 3.093846273905647
list:
dist: 3.1510640783104487 vs. 3.1510640783104487
list:
dist: 3.9877453706418198 vs. 3.9877453706418198
list:
dist: 3.7853009742245605 vs. 3.7853009742245605
list:
dist: 3.4691170640055766 vs. 3.4691170640055766
list:
dist: 2.5044811261705417 vs. 2.5044811261705417
list:
dist: 1.7776248523842082 vs. 1.7776248523842082
list:
dist: 3.7882581250637504 vs. 3.7882581250637504
list:
dist: 4.130079600147776 vs. 4.130079600147776
list:
dist: 4.121435742812197 vs. 4.121435742812197
list:
dist: 3.1143929196520768 vs. 3.1143929196520768
list:
dist: 4.6404240422921275 vs. 4.6404240422921275
list:
dist: 2.569983082039326 vs. 2.569983082039326
list:
dist: 1.4755892484994808 vs. 1.4755892484994808
list:
dist: 2.2440370488179977 vs. 2.2440370488179977
list:
dist: 2.315242067334963 vs. 2.315242067334963
list:
dist: 1.6546211699154914 vs. 1.6546211699154914
list:
dist: 2.561025711546658 vs. 2.561025711546658
list:
dist: 2.040322747643256 vs. 2.040322747643256
list:
dist: 1.6408448442782937 vs. 1.6408448442782937
list:
dist: 2.6842128463192814 vs. 2.6842128463192814
list:
dist: 2.4722390656399997 vs. 2.4722390656399997
list:
dist: 1.8313814627641207 vs. 1.8313814627641207
list:
dist: 3.1929403560593563 vs. 3.1929403560593563
list:
dist: 2.565517146394075 vs. 2.565517146394075
list:
dist: 3.4208776207817633 vs. 3.4208776207817633
list:
dist: 2.6116713005716914 vs. 2.6116713005716914
list:
dist: 3.6693306805932044 vs. 3.6693306805932044
list:
dist: 3.707564186211151 vs. 3.707564186211151
list:
dist: 3.8360003698049705 vs. 3.8360003698049705
list:
dist: 3.4752101584717443 vs. 3.4752101584717443
list:
dist: 3.22592722135056 vs. 3.22592722135056
list:
dist: 3.0977093451009647 vs. 3.0977093451009647
list:
dist: 2.19738559100635 vs. 2.19738559100635
list:
dist: 1.5930172085227758 vs. 1.5930172085227758
list:
dist: 3.544760904959584 vs. 3.544760904959584
list:
dist: 2.315242067334963 vs. 2.315242067334963
list:
dist: 1.6258715111033208 vs. 1.6258715111033208
list:
dist: 2.8824750672368533 vs. 2.8824750672368533
list:
dist: 1.3632992253507765 vs. 1.3632992253507765
list:
dist: 1.3710440409780404 vs. 1.3710440409780404
list:
dist: 1.4423893729013981 vs. 1.4423893729013981
list:
dist: 0.9376153604129033 vs. 0.9376153604129033
list:
dist: 1.3067704253745185 vs. 1.3067704253745185
list:
dist: 0.9084994712464766 vs. 0.9084994712464766
list:
dist: 2.1000786958871585 vs. 2.1000786958871585
list:
dist: 2.342726708007036 vs. 2.342726708007036
list:
dist: 2.525703825640646 vs. 2.525703825640646
list:
dist: 1.7776939558250677 vs. 1.7776939558250677
list:
dist: 2.478998831930102 vs. 2.478998831930102
list:
dist: 2.5092538861965967 vs. 2.5092538861965967
list:
dist: 2.826328275246214 vs. 2.826328275246214
list:
dist: 2.030176172787479 vs. 2.030176172787479
list:
dist: 3.068192586621925 vs. 3.068192586621925
list:
dist: 2.9967167945796804 vs. 2.9967167945796804
list:
dist: 2.6632249799685774 vs. 2.6632249799685774
list:
dist: 1.6178595155418052 vs. 1.6178595155418052
list:
dist: 3.5702511067783 vs. 3.5702511067783
list:
dist: 0.9084994712464766 vs. 0.9084994712464766
list:
dist: 1.8313814627641207 vs. 1.8313814627641207
list:
dist: 1.1495706778522592 vs. 1.1495706778522592
list:
dist: 3.2761478335061502 vs. 3.2761478335061502
list:
dist: 1.068852102552199 vs. 1.068852102552199
list:
dist: 0.6773165366578223 vs. 0.6773165366578223
list:
dist: 0.6692565567490623 vs. 0.6692565567490623
list:
dist: 0.8892476008773064 vs. 0.8892476008773064
list:
dist: 0.7685454799380526 vs. 0.7685454799380526
list:
dist: 1.6483146891400293 vs. 1.6483146891400293
list:
dist: 1.52752522081086 vs. 1.52752522081086
list:
dist: 1.9926801551735638 vs. 1.9926801551735638
list:
dist: 1.1574115077316005 vs. 1.1574115077316005
list:
dist: 2.1768376981528377 vs. 2.1768376981528377
list:
dist: 2.10641657451328 vs. 2.10641657451328
list:
dist: 2.453831077457506 vs. 2.453831077457506
list:
dist: 1.7351238049647495 vs. 1.7351238049647495
list:
dist: 2.415466495969088 vs. 2.415466495969088
list:
dist: 2.266996043878899 vs. 2.266996043878899
list:
dist: 2.0574847068779794 vs. 2.0574847068779794
list:
dist: 3.032829347675772 vs. 3.032829347675772
list:
dist: 2.489662688977116 vs. 2.489662688977116
list:
dist: 2.7412655033849886 vs. 2.7412655033849886
list:
dist: 1.5219292394360637 vs. 1.5219292394360637
list:
dist: 3.447253163386542 vs. 3.447253163386542
list:
dist: 1.4423893729013981 vs. 1.4423893729013981
list:
dist: 1.6408448442782937 vs. 1.6408448442782937
list:
dist: 1.5330881787212456 vs. 1.5330881787212456
list:
dist: 3.2674774449678994 vs. 3.2674774449678994
list:
dist: 0.9854007597232205 vs. 0.9854007597232205
list:
dist: 0.405821233190472 vs. 0.405821233190472
list:
dist: 1.2495197856437792 vs. 1.2495197856437792
list:
dist: 1.177492756834277 vs. 1.177492756834277
list:
dist: 0.6692565567490623 vs. 0.6692565567490623
list:
dist: 1.5663046782196395 vs. 1.5663046782196395
list:
dist: 1.2374925815794608 vs. 1.2374925815794608
list:
dist: 2.2125305091360588 vs. 2.2125305091360588
list:
dist: 1.4571021595566276 vs. 1.4571021595566276
list:
dist: 2.5878387572270354 vs. 2.5878387572270354
list:
dist: 2.345183425423557 vs. 2.345183425423557
list:
dist: 2.8181878016861903 vs. 2.8181878016861903
list:
dist: 1.9588314946856455 vs. 1.9588314946856455
list:
dist: 2.603858683400804 vs. 2.603858683400804
list:
dist: 2.359104401142257 vs. 2.359104401142257
list:
dist: 2.07600597540725 vs. 2.07600597540725
list:
dist: 2.8558045073350673 vs. 2.8558045073350673
list:
dist: 2.2661977384803667 vs. 2.2661977384803667
list:
dist: 3.428990142542875 vs. 3.428990142542875
list:
dist: 3.51811617824114 vs. 3.51811617824114
list:
dist: 3.1783697611735016 vs. 3.1783697611735016
list:
dist: 2.4681295766037783 vs. 2.4681295766037783
list:
dist: 3.328460027396559 vs. 3.328460027396559
list:
dist: 3.681845924990432 vs. 3.681845924990432
list:
dist: 3.177456832390638 vs. 3.177456832390638
list:
dist: 3.1658689084526612 vs. 3.1658689084526612
list:
dist: 3.7268618590755294 vs. 3.7268618590755294
list:
dist: 2.5044811261705417 vs. 2.5044811261705417
list:
dist: 1.5468431254151518 vs. 1.5468431254151518
list:
dist: 1.9328885055059983 vs. 1.9328885055059983
list:
dist: 2.7142137378281497 vs. 2.7142137378281497
list:
dist: 2.667660974451018 vs. 2.667660974451018
list:
dist: 2.454007208782954 vs. 2.454007208782954
list:
dist: 2.7068043713934893 vs. 2.7068043713934893
list:
dist: 3.6568702223356975 vs. 3.6568702223356975
list:
dist: 3.5427389256003523 vs. 3.5427389256003523
list:
dist: 4.009884725620503 vs. 4.009884725620503
list:
dist: 2.4488671643220896 vs. 2.4488671643220896
list:
dist: 2.735982824147943 vs. 2.735982824147943
list:
dist: 3.226628408236661 vs. 3.226628408236661
list:
dist: 1.9471990682464417 vs. 1.9471990682464417
list:
dist: 2.047598273132313 vs. 2.047598273132313
list:
dist: 3.174710904754179 vs. 3.174710904754179
list:
dist: 3.088626002169757 vs. 3.088626002169757
list:
dist: 3.30193076834933 vs. 3.30193076834933
list:
dist: 2.6073852172951324 vs. 2.6073852172951324
list:
dist: 3.7882581250637504 vs. 3.7882581250637504
list:
dist: 1.9328885055059983 vs. 1.9328885055059983
list:
dist: 2.9669455203652553 vs. 2.9669455203652553
list:
dist: 1.2536112977721632 vs. 1.2536112977721632
list:
dist: 1.060304703905534 vs. 1.060304703905534
list:
dist: 1.539190635958624 vs. 1.539190635958624
list:
dist: 1.53905703024692 vs. 1.53905703024692
list:
dist: 1.3490317441520892 vs. 1.3490317441520892
list:
dist: 1.3078418700160186 vs. 1.3078418700160186
list:
dist: 2.1460369570299482 vs. 2.1460369570299482
list:
dist: 1.5930172085227758 vs. 1.5930172085227758
list:
dist: 1.4755892484994808 vs. 1.4755892484994808
list:
dist: 2.1673406848975887 vs. 2.1673406848975887
list:
dist: 3.171431343017568 vs. 3.171431343017568
list:
dist: 1.9281848554381513 vs. 1.9281848554381513
list:
dist: 1.7559146396248821 vs. 1.7559146396248821
list:
dist: 1.5219292394360637 vs. 1.5219292394360637
list:
dist: 2.1111499986946907 vs. 2.1111499986946907
list:
dist: 2.3763205804600247 vs. 2.3763205804600247
list:
dist: 1.6178595155418052 vs. 1.6178595155418052
list:
dist: 2.8557186994675168 vs. 2.8557186994675168
list:
dist: 2.7515623592639478 vs. 2.7515623592639478
list:
dist: 3.185711618820748 vs. 3.185711618820748
list:
dist: 3.171431343017568 vs. 3.171431343017568
list:
dist: 2.8824750672368533 vs. 2.8824750672368533
list:
dist: 2.4294758421170175 vs. 2.4294758421170175
list:
dist: 3.0184124930915193 vs. 3.0184124930915193
list:
dist: 3.2674774449678994 vs. 3.2674774449678994
list:
dist: 2.6655359237027545 vs. 2.6655359237027545
list:
dist: 3.4527554363166106 vs. 3.4527554363166106
list:
dist: 3.2761478335061502 vs. 3.2761478335061502
list:
dist: 2.905952618692831 vs. 2.905952618692831
list:
dist: 2.8863303727998337 vs. 2.8863303727998337
list:
dist: 1.7559146396248821 vs. 1.7559146396248821
list:
dist: 3.7794802450835534 vs. 3.7794802450835534
list:
dist: 1.3710440409780404 vs. 1.3710440409780404
list:
dist: 2.040322747643256 vs. 2.040322747643256
list:
dist: 1.7099591916239476 vs. 1.7099591916239476
list:
dist: 3.0184124930915193 vs. 3.0184124930915193
list:
dist: 0.6295841992677168 vs. 0.6295841992677168
list:
dist: 0.405821233190472 vs. 0.405821233190472
list:
dist: 0.9338473208968793 vs. 0.9338473208968793
list:
dist: 0.9726309099432273 vs. 0.9726309099432273
list:
dist: 0.6773165366578223 vs. 0.6773165366578223
list:
dist: 1.1867103601258966 vs. 1.1867103601258966
list:
dist: 1.1034073883196842 vs. 1.1034073883196842
list:
dist: 1.9981816165194595 vs. 1.9981816165194595
list:
dist: 1.3088879427819586 vs. 1.3088879427819586
list:
dist: 2.383783717925642 vs. 2.383783717925642
list:
dist: 2.055907095096348 vs. 2.055907095096348
list:
dist: 2.635865550421716 vs. 2.635865550421716
list:
dist: 1.6004119158276986 vs. 1.6004119158276986
list:
dist: 2.5820692700229944 vs. 2.5820692700229944
list:
dist: 2.3259119081243718 vs. 2.3259119081243718
list:
dist: 1.7224887661511403 vs. 1.7224887661511403
list:
dist: 2.7451800755003153 vs. 2.7451800755003153
list:
dist: 2.0612945141443886 vs. 2.0612945141443886
list:
dist: 1.3078418700160186 vs. 1.3078418700160186
list:
dist: 2.0464651354014527 vs. 2.0464651354014527
list:
dist: 2.19738559100635 vs. 2.19738559100635
list:
dist: 2.569983082039326 vs. 2.569983082039326
list:
dist: 3.1337503410364844 vs. 3.1337503410364844
list:
dist: 3.185711618820748 vs. 3.185711618820748
list:
dist: 2.866850103558167 vs. 2.866850103558167
list:
dist: 2.8863303727998337 vs. 2.8863303727998337
list:
dist: 2.7412655033849886 vs. 2.7412655033849886
list:
dist: 2.9215010223417437 vs. 2.9215010223417437
list:
dist: 3.3588312931822175 vs. 3.3588312931822175
list:
dist: 2.6632249799685774 vs. 2.6632249799685774
list:
dist: 3.8428092156678115 vs. 3.8428092156678115
list:
dist: 3.9600733170061484 vs. 3.9600733170061484
list:
dist: 2.0464651354014527 vs. 2.0464651354014527
list:
dist: 2.1460369570299482 vs. 2.1460369570299482
list:
dist: 3.544760904959584 vs. 3.544760904959584
list:
dist: 2.2440370488179977 vs. 2.2440370488179977
list:
dist: 3.5718694143613567 vs. 3.5718694143613567
list:
dist: 4.053248154252604 vs. 4.053248154252604
list:
dist: 3.7794802450835534 vs. 3.7794802450835534
list:
dist: 3.447253163386542 vs. 3.447253163386542
list:
dist: 4.2125765799441295 vs. 4.2125765799441295
list:
dist: 4.32860956585921 vs. 4.32860956585921
list:
dist: 3.5702511067783 vs. 3.5702511067783
list:
dist: 4.936368129452399 vs. 4.936368129452399
list:
dist: 4.592744792624538 vs. 4.592744792624538
list:
dist: 1.7776939558250677 vs. 1.7776939558250677
list:
dist: 2.6116713005716914 vs. 2.6116713005716914
list:
dist: 1.386267062255489 vs. 1.386267062255489
list:
dist: 1.628012626971004 vs. 1.628012626971004
list:
dist: 1.3088879427819586 vs. 1.3088879427819586
list:
dist: 1.4571021595566276 vs. 1.4571021595566276
list:
dist: 1.2968177758496295 vs. 1.2968177758496295
list:
dist: 0.5108398691859662 vs. 0.5108398691859662
list:
dist: 1.1574115077316005 vs. 1.1574115077316005
list:
dist: 1.4595301342271099 vs. 1.4595301342271099
list:
dist: 1.206564382925759 vs. 1.206564382925759
list:
dist: 0.8667623479256762 vs. 0.8667623479256762
list:
dist: 1.1583340048694468 vs. 1.1583340048694468
list:
dist: 1.1274375735837738 vs. 1.1274375735837738
list:
dist: 1.3619713316371111 vs. 1.3619713316371111
list:
dist: 1.1558915646348578 vs. 1.1558915646348578
list:
dist: 1.4249144079932987 vs. 1.4249144079932987
list:
dist: 1.2802519542547777 vs. 1.2802519542547777
list:
dist: 2.663044890325999 vs. 2.663044890325999
list:
dist: 1.4580888637866085 vs. 1.4580888637866085
list:
dist: 2.1728435924171907 vs. 2.1728435924171907
list:
dist: 1.8235990706458187 vs. 1.8235990706458187
list:
dist: 2.9627470958741577 vs. 2.9627470958741577
list:
dist: 2.5331965842276696 vs. 2.5331965842276696
list:
dist: 2.9215010223417437 vs. 2.9215010223417437
list:
dist: 2.1111499986946907 vs. 2.1111499986946907
list:
dist: 4.2125765799441295 vs. 4.2125765799441295
list:
dist: 0.9376153604129033 vs. 0.9376153604129033
list:
dist: 2.6842128463192814 vs. 2.6842128463192814
list:
dist: 1.8945447576768344 vs. 1.8945447576768344
list:
dist: 2.6655359237027545 vs. 2.6655359237027545
list:
dist: 0.7233203783182738 vs. 0.7233203783182738
list:
dist: 0.9338473208968793 vs. 0.9338473208968793
list:
dist: 1.2495197856437792 vs. 1.2495197856437792
list:
dist: 0.8047345838281621 vs. 0.8047345838281621
list:
dist: 0.8892476008773064 vs. 0.8892476008773064
list:
dist: 1.1921343226381256 vs. 1.1921343226381256
list:
dist: 1.6896503624508197 vs. 1.6896503624508197
list:
dist: 1.8791935489489322 vs. 1.8791935489489322
list:
dist: 1.2968177758496295 vs. 1.2968177758496295
list:
dist: 2.0097039613524035 vs. 2.0097039613524035
list:
dist: 1.7607563992001218 vs. 1.7607563992001218
list:
dist: 2.352059963201292 vs. 2.352059963201292
list:
dist: 1.1668761095147548 vs. 1.1668761095147548
list:
dist: 2.7196063871612157 vs. 2.7196063871612157
list:
dist: 2.5596351842331417 vs. 2.5596351842331417
list:
dist: 1.5931069526298947 vs. 1.5931069526298947
list:
dist: 3.1233988899413343 vs. 3.1233988899413343
list:
dist: 2.4049790306641126 vs. 2.4049790306641126
list:
dist: 3.3588312931822175 vs. 3.3588312931822175
list:
dist: 2.3763205804600247 vs. 2.3763205804600247
list:
dist: 4.32860956585921 vs. 4.32860956585921
list:
dist: 1.3067704253745185 vs. 1.3067704253745185
list:
dist: 2.4722390656399997 vs. 2.4722390656399997
list:
dist: 1.3705413704285376 vs. 1.3705413704285376
list:
dist: 3.4527554363166106 vs. 3.4527554363166106
list:
dist: 1.2108082883530462 vs. 1.2108082883530462
list:
dist: 0.9726309099432273 vs. 0.9726309099432273
list:
dist: 1.177492756834277 vs. 1.177492756834277
list:
dist: 0.8047345838281621 vs. 0.8047345838281621
list:
dist: 0.7685454799380526 vs. 0.7685454799380526
list:
dist: 1.2911466497576165 vs. 1.2911466497576165
list:
dist: 1.297207500194249 vs. 1.297207500194249
list:
dist: 1.2621040250940287 vs. 1.2621040250940287
list:
dist: 0.5108398691859662 vs. 0.5108398691859662
list:
dist: 1.452703282059987 vs. 1.452703282059987
list:
dist: 1.3491885417824798 vs. 1.3491885417824798
list:
dist: 1.7381950352943125 vs. 1.7381950352943125
list:
dist: 1.079096662686744 vs. 1.079096662686744
list:
dist: 1.9241342491231843 vs. 1.9241342491231843
list:
dist: 1.7814283780467832 vs. 1.7814283780467832
list:
dist: 1.477601553264689 vs. 1.477601553264689
list:
dist: 2.557230591199555 vs. 2.557230591199555
list:
dist: 2.0415144289731817 vs. 2.0415144289731817
list:
dist: 2.478998831930102 vs. 2.478998831930102
list:
dist: 3.6693306805932044 vs. 3.6693306805932044
list:
dist: 2.176013702165381 vs. 2.176013702165381
list:
dist: 2.5202887949853117 vs. 2.5202887949853117
list:
dist: 2.383783717925642 vs. 2.383783717925642
list:
dist: 2.5878387572270354 vs. 2.5878387572270354
list:
dist: 2.0097039613524035 vs. 2.0097039613524035
list:
dist: 1.452703282059987 vs. 1.452703282059987
list:
dist: 2.1768376981528377 vs. 2.1768376981528377
list:
dist: 2.1161304069372715 vs. 2.1161304069372715
list:
dist: 2.164459646288423 vs. 2.164459646288423
list:
dist: 0.7795270144521197 vs. 0.7795270144521197
list:
dist: 1.1583340048694468 vs. 1.1583340048694468
list:
dist: 0.8741142169379311 vs. 0.8741142169379311
list:
dist: 0.39000475337382035 vs. 0.39000475337382035
list:
dist: 1.3640756500422773 vs. 1.3640756500422773
list:
dist: 1.4476260729418708 vs. 1.4476260729418708
list:
dist: 1.5341032834791957 vs. 1.5341032834791957
list:
dist: 1.52384311005889 vs. 1.52384311005889
list:
dist: 1.7655282945933441 vs. 1.7655282945933441
list:
dist: 2.459950881257988 vs. 2.459950881257988
list:
dist: 2.3132418652997093 vs. 2.3132418652997093
list:
dist: 2.089236835269738 vs. 2.089236835269738
list:
dist: 1.9973885658650075 vs. 1.9973885658650075
list:
dist: 2.826328275246214 vs. 2.826328275246214
list:
dist: 3.8360003698049705 vs. 3.8360003698049705
list:
dist: 2.3484372314806303 vs. 2.3484372314806303
list:
dist: 2.8158502709051936 vs. 2.8158502709051936
list:
dist: 2.635865550421716 vs. 2.635865550421716
list:
dist: 2.8181878016861903 vs. 2.8181878016861903
list:
dist: 2.352059963201292 vs. 2.352059963201292
list:
dist: 1.7381950352943125 vs. 1.7381950352943125
list:
dist: 2.453831077457506 vs. 2.453831077457506
list:
dist: 2.342927711772977 vs. 2.342927711772977
list:
dist: 2.2737199002738944 vs. 2.2737199002738944
list:
dist: 0.8185319950587756 vs. 0.8185319950587756
list:
dist: 1.3619713316371111 vs. 1.3619713316371111
list:
dist: 0.39000475337382035 vs. 0.39000475337382035
list:
dist: 1.0220779817632164 vs. 1.0220779817632164
list:
dist: 1.6378566569227735 vs. 1.6378566569227735
list:
dist: 1.2434757266430665 vs. 1.2434757266430665
list:
dist: 1.3744866784136087 vs. 1.3744866784136087
list:
dist: 1.3922209268003432 vs. 1.3922209268003432
list:
dist: 1.9327994614144488 vs. 1.9327994614144488
list:
dist: 2.3034334293739276 vs. 2.3034334293739276
list:
dist: 2.311313438463276 vs. 2.311313438463276
list:
dist: 1.8503317902213519 vs. 1.8503317902213519
list:
dist: 1.6665926129919888 vs. 1.6665926129919888
list:
dist: 2.525703825640646 vs. 2.525703825640646
list:
dist: 3.4208776207817633 vs. 3.4208776207817633
list:
dist: 2.1678318254252553 vs. 2.1678318254252553
list:
dist: 2.183331075591953 vs. 2.183331075591953
list:
dist: 1.9981816165194595 vs. 1.9981816165194595
list:
dist: 2.2125305091360588 vs. 2.2125305091360588
list:
dist: 1.8791935489489322 vs. 1.8791935489489322
list:
dist: 1.2621040250940287 vs. 1.2621040250940287
list:
dist: 1.9926801551735638 vs. 1.9926801551735638
list:
dist: 1.6079599248970777 vs. 1.6079599248970777
list:
dist: 1.4938247549399248 vs. 1.4938247549399248
list:
dist: 0.8667623479256762 vs. 0.8667623479256762
list:
dist: 0.7795270144521197 vs. 0.7795270144521197
list:
dist: 0.522790634453199 vs. 0.522790634453199
list:
dist: 0.8185319950587756 vs. 0.8185319950587756
list:
dist: 1.0852601663762422 vs. 1.0852601663762422
list:
dist: 1.260699858406888 vs. 1.260699858406888
list:
dist: 1.1116403942031872 vs. 1.1116403942031872
list:
dist: 2.0154520382619503 vs. 2.0154520382619503
list:
dist: 1.223434972697203 vs. 1.223434972697203
list:
dist: 1.7442463349772381 vs. 1.7442463349772381
list:
dist: 1.5424401402532242 vs. 1.5424401402532242
list:
dist: 2.111971930675315 vs. 2.111971930675315
list:
dist: 1.737262950925513 vs. 1.737262950925513
list:
dist: 2.2091458422736125 vs. 2.2091458422736125
list:
dist: 2.0612945141443886 vs. 2.0612945141443886
list:
dist: 2.2661977384803667 vs. 2.2661977384803667
list:
dist: 2.4049790306641126 vs. 2.4049790306641126
list:
dist: 2.0415144289731817 vs. 2.0415144289731817
list:
dist: 2.489662688977116 vs. 2.489662688977116
list:
dist: 1.4022605856846826 vs. 1.4022605856846826
list:
dist: 1.0485632984291777 vs. 1.0485632984291777
list:
dist: 1.5424401402532242 vs. 1.5424401402532242
list:
dist: 1.8235990706458187 vs. 1.8235990706458187
list:
dist: 2.3132418652997093 vs. 2.3132418652997093
list:
dist: 1.608983320947804 vs. 1.608983320947804
list:
dist: 2.311313438463276 vs. 2.311313438463276
list:
dist: 1.7110274992539478 vs. 1.7110274992539478
list:
dist: 2.204898428552232 vs. 2.204898428552232
list:
dist: 1.7930395036633069 vs. 1.7930395036633069
list:
dist: 3.269887454970447 vs. 3.269887454970447
list:
dist: 3.7923529223460375 vs. 3.7923529223460375
list:
dist: 1.1709031752609498 vs. 1.1709031752609498
list:
dist: 0.9959392368376291 vs. 0.9959392368376291
list:
dist: 2.7944415138846477 vs. 2.7944415138846477
list:
dist: 2.1977736535832415 vs. 2.1977736535832415
list:
dist: 3.9600733170061484 vs. 3.9600733170061484
list:
dist: 2.7515623592639478 vs. 2.7515623592639478
list:
dist: 4.592744792624538 vs. 4.592744792624538
list:
dist: 2.342726708007036 vs. 2.342726708007036
list:
dist: 2.565517146394075 vs. 2.565517146394075
list:
dist: 2.092416071943858 vs. 2.092416071943858
list:
dist: 1.4549877736885901 vs. 1.4549877736885901
list:
dist: 1.1034073883196842 vs. 1.1034073883196842
list:
dist: 1.2374925815794608 vs. 1.2374925815794608
list:
dist: 1.6896503624508197 vs. 1.6896503624508197
list:
dist: 1.297207500194249 vs. 1.297207500194249
list:
dist: 1.52752522081086 vs. 1.52752522081086
list:
dist: 1.0993960131349871 vs. 1.0993960131349871
list:
dist: 1.4938247549399248 vs. 1.4938247549399248
list:
dist: 1.206564382925759 vs. 1.206564382925759
list:
dist: 2.164459646288423 vs. 2.164459646288423
list:
dist: 1.6658550108271806 vs. 1.6658550108271806
list:
dist: 2.2737199002738944 vs. 2.2737199002738944
list:
dist: 1.5303226263057528 vs. 1.5303226263057528
list:
dist: 2.0165251799253907 vs. 2.0165251799253907
list:
dist: 1.6337004540741382 vs. 1.6337004540741382
list:
dist: 1.3071797530372933 vs. 1.3071797530372933
list:
dist: 1.661454629660111 vs. 1.661454629660111
list:
dist: 1.0485632984291777 vs. 1.0485632984291777
list:
dist: 1.737262950925513 vs. 1.737262950925513
list:
dist: 2.5331965842276696 vs. 2.5331965842276696
list:
dist: 1.9973885658650075 vs. 1.9973885658650075
list:
dist: 1.9196328041704585 vs. 1.9196328041704585
list:
dist: 1.6665926129919888 vs. 1.6665926129919888
list:
dist: 2.6197999397254272 vs. 2.6197999397254272
list:
dist: 1.7854104169766518 vs. 1.7854104169766518
list:
dist: 1.7489093757752814 vs. 1.7489093757752814
list:
dist: 1.9796789467211662 vs. 1.9796789467211662
list:
dist: 2.120591745698861 vs. 2.120591745698861
list:
dist: 2.4708328229821026 vs. 2.4708328229821026
list:
dist: 1.659165106524004 vs. 1.659165106524004
list:
dist: 2.1977736535832415 vs. 2.1977736535832415
list:
dist: 1.2000614394803162 vs. 1.2000614394803162
list:
dist: 3.068192586621925 vs. 3.068192586621925
list:
dist: 3.22592722135056 vs. 3.22592722135056
list:
dist: 1.9662204348448302 vs. 1.9662204348448302
list:
dist: 3.0014536252701154 vs. 3.0014536252701154
list:
dist: 2.5820692700229944 vs. 2.5820692700229944
list:
dist: 2.603858683400804 vs. 2.603858683400804
list:
dist: 2.7196063871612157 vs. 2.7196063871612157
list:
dist: 1.9241342491231843 vs. 1.9241342491231843
list:
dist: 2.415466495969088 vs. 2.415466495969088
list:
dist: 2.6433422263264044 vs. 2.6433422263264044
list:
dist: 2.0165251799253907 vs. 2.0165251799253907
list:
dist: 1.260699858406888 vs. 1.260699858406888
list:
dist: 1.4249144079932987 vs. 1.4249144079932987
list:
dist: 1.4476260729418708 vs. 1.4476260729418708
list:
dist: 1.7729243889348827 vs. 1.7729243889348827
list:
dist: 1.2434757266430665 vs. 1.2434757266430665
list:
dist: 2.2837034297095142 vs. 2.2837034297095142
list:
dist: 0.44284795137713945 vs. 0.44284795137713945
list:
dist: 2.4992845062520317 vs. 2.4992845062520317
list:
dist: 2.3807167564829204 vs. 2.3807167564829204
list:
dist: 2.3915589426419666 vs. 2.3915589426419666
list:
dist: 1.8522357544911494 vs. 1.8522357544911494
list:
dist: 2.204898428552232 vs. 2.204898428552232
list:
dist: 2.605959934083593 vs. 2.605959934083593
list:
dist: 1.7854104169766518 vs. 1.7854104169766518
list:
dist: 2.9967167945796804 vs. 2.9967167945796804
list:
dist: 3.0977093451009647 vs. 3.0977093451009647
list:
dist: 1.9904070279107526 vs. 1.9904070279107526
list:
dist: 2.7489967898717396 vs. 2.7489967898717396
list:
dist: 2.3259119081243718 vs. 2.3259119081243718
list:
dist: 2.359104401142257 vs. 2.359104401142257
list:
dist: 2.5596351842331417 vs. 2.5596351842331417
list:
dist: 1.7814283780467832 vs. 1.7814283780467832
list:
dist: 2.266996043878899 vs. 2.266996043878899
list:
dist: 2.33787753645877 vs. 2.33787753645877
list:
dist: 1.6337004540741382 vs. 1.6337004540741382
list:
dist: 1.1116403942031872 vs. 1.1116403942031872
list:
dist: 1.2802519542547777 vs. 1.2802519542547777
list:
dist: 1.5341032834791957 vs. 1.5341032834791957
list:
dist: 1.6289176618217167 vs. 1.6289176618217167
list:
dist: 1.3744866784136087 vs. 1.3744866784136087
list:
dist: 2.0942865472883345 vs. 2.0942865472883345
list:
dist: 0.44284795137713945 vs. 0.44284795137713945
list:
dist: 2.6633959150274786 vs. 2.6633959150274786
list:
dist: 2.563312144117284 vs. 2.563312144117284
list:
dist: 2.1049147826528682 vs. 2.1049147826528682
list:
dist: 1.4682856449831783 vs. 1.4682856449831783
list:
dist: 1.7930395036633069 vs. 1.7930395036633069
list:
dist: 2.625068507751907 vs. 2.625068507751907
list:
dist: 1.7489093757752814 vs. 1.7489093757752814
list:
dist: 3.1337503410364844 vs. 3.1337503410364844
list:
dist: 2.1673406848975887 vs. 2.1673406848975887
list:
dist: 3.5718694143613567 vs. 3.5718694143613567
list:
dist: 1.6258715111033208 vs. 1.6258715111033208
list:
dist: 1.6546211699154914 vs. 1.6546211699154914
list:
dist: 2.2032265940299376 vs. 2.2032265940299376
list:
dist: 1.7099591916239476 vs. 1.7099591916239476
list:
dist: 1.5330881787212456 vs. 1.5330881787212456
list:
dist: 1.8945447576768344 vs. 1.8945447576768344
list:
dist: 1.3705413704285376 vs. 1.3705413704285376
list:
dist: 1.1495706778522592 vs. 1.1495706778522592
list:
dist: 2.5673049020778254 vs. 2.5673049020778254
list:
dist: 2.092416071943858 vs. 2.092416071943858
list:
dist: 2.1678318254252553 vs. 2.1678318254252553
list:
dist: 1.386267062255489 vs. 1.386267062255489
list:
dist: 2.176013702165381 vs. 2.176013702165381
list:
dist: 2.4815639272878176 vs. 2.4815639272878176
list:
dist: 2.3484372314806303 vs. 2.3484372314806303
list:
dist: 2.4255428773658694 vs. 2.4255428773658694
list:
dist: 1.9662204348448302 vs. 1.9662204348448302
list:
dist: 1.9904070279107526 vs. 1.9904070279107526
list:
dist: 2.030176172787479 vs. 2.030176172787479
list:
dist: 3.4752101584717443 vs. 3.4752101584717443
list:
dist: 2.4255428773658694 vs. 2.4255428773658694
list:
dist: 1.4608815152986083 vs. 1.4608815152986083
list:
dist: 1.6004119158276986 vs. 1.6004119158276986
list:
dist: 1.9588314946856455 vs. 1.9588314946856455
list:
dist: 1.1668761095147548 vs. 1.1668761095147548
list:
dist: 1.079096662686744 vs. 1.079096662686744
list:
dist: 1.7351238049647495 vs. 1.7351238049647495
list:
dist: 0.8712982016085097 vs. 0.8712982016085097
list:
dist: 1.5303226263057528 vs. 1.5303226263057528
list:
dist: 1.0852601663762422 vs. 1.0852601663762422
list:
dist: 1.1558915646348578 vs. 1.1558915646348578
list:
dist: 1.3640756500422773 vs. 1.3640756500422773
list:
dist: 0.7305335156644995 vs. 0.7305335156644995
list:
dist: 1.6378566569227735 vs. 1.6378566569227735
list:
dist: 2.2837034297095142 vs. 2.2837034297095142
list:
dist: 2.0942865472883345 vs. 2.0942865472883345
list:
dist: 2.4573905464034653 vs. 2.4573905464034653
list:
dist: 0.6566910337684643 vs. 0.6566910337684643
list:
dist: 2.3943587842991314 vs. 2.3943587842991314
list:
dist: 1.7110274992539478 vs. 1.7110274992539478
list:
dist: 2.6537462658457813 vs. 2.6537462658457813
list:
dist: 2.6197999397254272 vs. 2.6197999397254272
list:
dist: 3.0341837280133137 vs. 3.0341837280133137
list:
dist: 2.7451800755003153 vs. 2.7451800755003153
list:
dist: 2.8558045073350673 vs. 2.8558045073350673
list:
dist: 3.1233988899413343 vs. 3.1233988899413343
list:
dist: 2.557230591199555 vs. 2.557230591199555
list:
dist: 3.032829347675772 vs. 3.032829347675772
list:
dist: 2.3079043796211556 vs. 2.3079043796211556
list:
dist: 1.661454629660111 vs. 1.661454629660111
list:
dist: 1.7442463349772381 vs. 1.7442463349772381
list:
dist: 2.1728435924171907 vs. 2.1728435924171907
list:
dist: 2.459950881257988 vs. 2.459950881257988
list:
dist: 2.007819340170154 vs. 2.007819340170154
list:
dist: 2.3034334293739276 vs. 2.3034334293739276
list:
dist: 2.3943587842991314 vs. 2.3943587842991314
list:
dist: 1.8522357544911494 vs. 1.8522357544911494
list:
dist: 1.4682856449831783 vs. 1.4682856449831783
list:
dist: 3.2448421575504818 vs. 3.2448421575504818
list:
dist: 2.9174691139281195 vs. 2.9174691139281195
list:
dist: 1.98348434523688 vs. 1.98348434523688
list:
dist: 0.9959392368376291 vs. 0.9959392368376291
list:
dist: 2.6073227139898343 vs. 2.6073227139898343
list:
dist: 1.659165106524004 vs. 1.659165106524004
list:
dist: 1.6012767407419874 vs. 1.6012767407419874
list:
dist: 1.7224887661511403 vs. 1.7224887661511403
list:
dist: 2.07600597540725 vs. 2.07600597540725
list:
dist: 1.5931069526298947 vs. 1.5931069526298947
list:
dist: 1.477601553264689 vs. 1.477601553264689
list:
dist: 2.0574847068779794 vs. 2.0574847068779794
list:
dist: 0.6693069638433832 vs. 0.6693069638433832
list:
dist: 1.3071797530372933 vs. 1.3071797530372933
list:
dist: 1.223434972697203 vs. 1.223434972697203
list:
dist: 1.4580888637866085 vs. 1.4580888637866085
list:
dist: 1.7655282945933441 vs. 1.7655282945933441
list:
dist: 0.9284778656543903 vs. 0.9284778656543903
list:
dist: 1.9327994614144488 vs. 1.9327994614144488
list:
dist: 0.6566910337684643 vs. 0.6566910337684643
list:
dist: 2.3915589426419666 vs. 2.3915589426419666
list:
dist: 2.1049147826528682 vs. 2.1049147826528682
list:
dist: 2.7318368020016734 vs. 2.7318368020016734
list:
dist: 1.98348434523688 vs. 1.98348434523688
list:
dist: 1.1709031752609498 vs. 1.1709031752609498
list:
dist: 2.6103696632814106 vs. 2.6103696632814106
list:
dist: 2.4708328229821026 vs. 2.4708328229821026
list:
dist: 2.3807167564829204 vs. 2.3807167564829204
list:
dist: 2.563312144117284 vs. 2.563312144117284
list:
dist: 2.9174691139281195 vs. 2.9174691139281195
list:
dist: 3.7923529223460375 vs. 3.7923529223460375
list:
dist: 2.120591745698861 vs. 2.120591745698861
list:
dist: 2.5092538861965967 vs. 2.5092538861965967
list:
dist: 3.707564186211151 vs. 3.707564186211151
list:
dist: 2.4815639272878176 vs. 2.4815639272878176
list:
dist: 2.0852918456144334 vs. 2.0852918456144334
list:
dist: 2.055907095096348 vs. 2.055907095096348
list:
dist: 2.345183425423557 vs. 2.345183425423557
list:
dist: 1.7607563992001218 vs. 1.7607563992001218
list:
dist: 1.3491885417824798 vs. 1.3491885417824798
list:
dist: 2.10641657451328 vs. 2.10641657451328
list:
dist: 1.41605607327747 vs. 1.41605607327747
list:
dist: 1.6658550108271806 vs. 1.6658550108271806
list:
dist: 0.522790634453199 vs. 0.522790634453199
list:
dist: 1.1274375735837738 vs. 1.1274375735837738
list:
dist: 0.8741142169379311 vs. 0.8741142169379311
list:
dist: 1.0220779817632164 vs. 1.0220779817632164
list:
dist: 0.7305335156644995 vs. 0.7305335156644995
list:
dist: 1.7729243889348827 vs. 1.7729243889348827
list:
dist: 1.6289176618217167 vs. 1.6289176618217167
list:
dist: 1.8978210862903853 vs. 1.8978210862903853
list:
dist: 0.9284778656543903 vs. 0.9284778656543903
list:
dist: 2.007819340170154 vs. 2.007819340170154
list:
dist: 1.608983320947804 vs. 1.608983320947804
list:
dist: 2.0123321490087096 vs. 2.0123321490087096
list:
dist: 1.9196328041704585 vs. 1.9196328041704585
list:
dist: 3.8428092156678115 vs. 3.8428092156678115
list:
dist: 2.8557186994675168 vs. 2.8557186994675168
list:
dist: 4.936368129452399 vs. 4.936368129452399
list:
dist: 2.1000786958871585 vs. 2.1000786958871585
list:
dist: 3.1929403560593563 vs. 3.1929403560593563
list:
dist: 2.5673049020778254 vs. 2.5673049020778254
list:
dist: 2.905952618692831 vs. 2.905952618692831
list:
dist: 0.9794939403456941 vs. 0.9794939403456941
list:
dist: 1.1867103601258966 vs. 1.1867103601258966
list:
dist: 1.5663046782196395 vs. 1.5663046782196395
list:
dist: 1.1921343226381256 vs. 1.1921343226381256
list:
dist: 1.2911466497576165 vs. 1.2911466497576165
list:
dist: 1.6483146891400293 vs. 1.6483146891400293
list:
dist: 1.0993960131349871 vs. 1.0993960131349871
list:
dist: 1.6079599248970777 vs. 1.6079599248970777
list:
dist: 1.4595301342271099 vs. 1.4595301342271099
list:
dist: 2.1161304069372715 vs. 2.1161304069372715
list:
dist: 1.41605607327747 vs. 1.41605607327747
list:
dist: 2.342927711772977 vs. 2.342927711772977
list:
dist: 0.8712982016085097 vs. 0.8712982016085097
list:
dist: 2.6433422263264044 vs. 2.6433422263264044
list:
dist: 2.33787753645877 vs. 2.33787753645877
list:
dist: 0.6693069638433832 vs. 0.6693069638433832
list:
dist: 2.3079043796211556 vs. 2.3079043796211556
list:
dist: 1.4022605856846826 vs. 1.4022605856846826
list:
dist: 3.8285983053939696 vs. 3.8285983053939696
list:
dist: 2.0154520382619503 vs. 2.0154520382619503
list:
dist: 2.663044890325999 vs. 2.663044890325999
list:
dist: 1.52384311005889 vs. 1.52384311005889
list:
dist: 1.8978210862903853 vs. 1.8978210862903853
list:
dist: 1.3922209268003432 vs. 1.3922209268003432
list:
dist: 2.4573905464034653 vs. 2.4573905464034653
list:
dist: 2.4992845062520317 vs. 2.4992845062520317
list:
dist: 2.6633959150274786 vs. 2.6633959150274786
list:
dist: 2.7318368020016734 vs. 2.7318368020016734
list:
dist: 3.2448421575504818 vs. 3.2448421575504818
list:
dist: 3.269887454970447 vs. 3.269887454970447
list:
dist: 1.2863704104179245 vs. 1.2863704104179245
list:
dist: 1.9796789467211662 vs. 1.9796789467211662
list:
dist: 2.111971930675315 vs. 2.111971930675315
list:
dist: 2.9627470958741577 vs. 2.9627470958741577
list:
dist: 2.089236835269738 vs. 2.089236835269738
list:
dist: 2.0123321490087096 vs. 2.0123321490087096
list:
dist: 1.8503317902213519 vs. 1.8503317902213519
list:
dist: 2.6537462658457813 vs. 2.6537462658457813
list:
dist: 2.605959934083593 vs. 2.605959934083593
list:
dist: 2.625068507751907 vs. 2.625068507751907
list:
dist: 1.2863704104179245 vs. 1.2863704104179245
list:
dist: 2.6103696632814106 vs. 2.6103696632814106
list:
dist: 2.6073227139898343 vs. 2.6073227139898343
list:
dist: 2.7944415138846477 vs. 2.7944415138846477
list:
dist: 1.2000614394803162 vs. 1.2000614394803162
list:
dist: 2.866850103558167 vs. 2.866850103558167
list:
dist: 1.9281848554381513 vs. 1.9281848554381513
list:
dist: 4.053248154252604 vs. 4.053248154252604
list:
dist: 1.3632992253507765 vs. 1.3632992253507765
list:
dist: 2.561025711546658 vs. 2.561025711546658
list:
dist: 2.2032265940299376 vs. 2.2032265940299376
list:
dist: 2.4294758421170175 vs. 2.4294758421170175
list:
dist: 0.6295841992677168 vs. 0.6295841992677168
list:
dist: 0.9854007597232205 vs. 0.9854007597232205
list:
dist: 0.7233203783182738 vs. 0.7233203783182738
list:
dist: 1.2108082883530462 vs. 1.2108082883530462
list:
dist: 1.068852102552199 vs. 1.068852102552199
list:
dist: 0.9794939403456941 vs. 0.9794939403456941
list:
dist: 1.4549877736885901 vs. 1.4549877736885901
list:
dist: 2.183331075591953 vs. 2.183331075591953
list:
dist: 1.628012626971004 vs. 1.628012626971004
list:
dist: 2.5202887949853117 vs. 2.5202887949853117
list:
dist: 2.0852918456144334 vs. 2.0852918456144334
list:
dist: 2.8158502709051936 vs. 2.8158502709051936
list:
dist: 1.4608815152986083 vs. 1.4608815152986083
list:
dist: 3.0014536252701154 vs. 3.0014536252701154
list:
dist: 2.7489967898717396 vs. 2.7489967898717396
list:
dist: 1.6012767407419874 vs. 1.6012767407419874
list:
dist: 3.0341837280133137 vs. 3.0341837280133137
list:
dist: 2.2091458422736125 vs. 2.2091458422736125
list:
dist: 1.371510750729075 vs. 1.371510750729075
list:
dist: 0.9854334077632787 vs. 0.9854334077632787
list:
dist: 0.9895804848445552 vs. 0.9895804848445552
list:
dist: 1.3165538408362478 vs. 1.3165538408362478
list:
dist: 0.8067342002239201 vs. 0.8067342002239201
list:
dist: 1.3827415508035819 vs. 1.3827415508035819
list:
dist: 0.7081808719422819 vs. 0.7081808719422819
list:
dist: 2.339409317640076 vs. 2.339409317640076
list:
dist: 1.8575505171802087 vs. 1.8575505171802087
list:
dist: 2.737476037479848 vs. 2.737476037479848
list:
dist: 2.9304707347388086 vs. 2.9304707347388086
list:
dist: 3.4771114310590003 vs. 3.4771114310590003
list:
dist: 1.652596441495383 vs. 1.652596441495383
list:
dist: 1.9958119875939626 vs. 1.9958119875939626
list:
dist: 1.2749381873423886 vs. 1.2749381873423886
list:
dist: 1.3815380004232651 vs. 1.3815380004232651
list:
dist: 2.370049094532502 vs. 2.370049094532502
list:
dist: 3.314604005318745 vs. 3.314604005318745
list:
dist: 2.7947850891025583 vs. 2.7947850891025583
list:
dist: 2.1748994050699246 vs. 2.1748994050699246
list:
dist: 2.2975259006622415 vs. 2.2975259006622415
list:
dist: 2.1069743338137235 vs. 2.1069743338137235
list:
dist: 1.9949341232590716 vs. 1.9949341232590716
list:
dist: 3.20486674508684 vs. 3.20486674508684
list:
dist: 3.16388047775947 vs. 3.16388047775947
list:
dist: 2.9981335195417818 vs. 2.9981335195417818
list:
dist: 3.601612071827324 vs. 3.601612071827324
list:
dist: 2.4201400807332134 vs. 2.4201400807332134
list:
dist: 2.108559456665976 vs. 2.108559456665976
list:
dist: 2.0917348542803755 vs. 2.0917348542803755
list:
dist: 2.3047628782305893 vs. 2.3047628782305893
list:
dist: 1.0522489551259888 vs. 1.0522489551259888
list:
dist: 0.8024142043443004 vs. 0.8024142043443004
list:
dist: 0.864136569173611 vs. 0.864136569173611
list:
dist: 2.5959028805551294 vs. 2.5959028805551294
list:
dist: 2.0073985062657207 vs. 2.0073985062657207
list:
dist: 1.6202428745942161 vs. 1.6202428745942161
list:
dist: 1.6468285544784802 vs. 1.6468285544784802
list:
dist: 2.534600270549789 vs. 2.534600270549789
list:
dist: 2.6759788668526525 vs. 2.6759788668526525
list:
dist: 2.4454818381946177 vs. 2.4454818381946177
list:
dist: 3.1414271726949883 vs. 3.1414271726949883
list:
dist: 2.08631042125736 vs. 2.08631042125736
list:
dist: 1.7345952676913086 vs. 1.7345952676913086
list:
dist: 2.9304707347388086 vs. 2.9304707347388086
list:
dist: 2.6000139091332772 vs. 2.6000139091332772
list:
dist: 3.9875438849117666 vs. 3.9875438849117666
list:
dist: 3.3040158273604203 vs. 3.3040158273604203
list:
dist: 0.8024142043443004 vs. 0.8024142043443004
list:
dist: 1.4135599700549364 vs. 1.4135599700549364
list:
dist: 1.6574202110163911 vs. 1.6574202110163911
list:
dist: 0.7057381652856197 vs. 0.7057381652856197
list:
dist: 0.9754573975550326 vs. 0.9754573975550326
list:
dist: 2.047545768337158 vs. 2.047545768337158
list:
dist: 3.2116275138750248 vs. 3.2116275138750248
list:
dist: 2.8765566499883066 vs. 2.8765566499883066
list:
dist: 3.1965932865545126 vs. 3.1965932865545126
list:
dist: 2.228339392677229 vs. 2.228339392677229
list:
dist: 1.788147480524244 vs. 1.788147480524244
list:
dist: 1.68482159929892 vs. 1.68482159929892
list:
dist: 3.1032809446031586 vs. 3.1032809446031586
list:
dist: 2.4122783791174673 vs. 2.4122783791174673
list:
dist: 2.568860560113849 vs. 2.568860560113849
list:
dist: 2.005891886528741 vs. 2.005891886528741
list:
dist: 2.8351333435576183 vs. 2.8351333435576183
list:
dist: 3.320422305444686 vs. 3.320422305444686
list:
dist: 3.1775638282281053 vs. 3.1775638282281053
list:
dist: 1.4960541736760573 vs. 1.4960541736760573
list:
dist: 0.48841912521295183 vs. 0.48841912521295183
list:
dist: 0.9895804848445552 vs. 0.9895804848445552
list:
dist: 0.5636880485331773 vs. 0.5636880485331773
list:
dist: 2.0000860701804912 vs. 2.0000860701804912
list:
dist: 1.288735641396332 vs. 1.288735641396332
list:
dist: 2.4201400807332134 vs. 2.4201400807332134
list:
dist: 1.8556222945518328 vs. 1.8556222945518328
list:
dist: 1.473019154340676 vs. 1.473019154340676
list:
dist: 1.895175048444556 vs. 1.895175048444556
list:
dist: 2.08631042125736 vs. 2.08631042125736
list:
dist: 2.59723654050866 vs. 2.59723654050866
list:
dist: 1.3889138267720709 vs. 1.3889138267720709
list:
dist: 1.9219396366933377 vs. 1.9219396366933377
list:
dist: 1.3812953378795298 vs. 1.3812953378795298
list:
dist: 1.5294901627310498 vs. 1.5294901627310498
list:
dist: 2.5207889080039623 vs. 2.5207889080039623
list:
dist: 1.9313289244166583 vs. 1.9313289244166583
list:
dist: 1.2455334764593005 vs. 1.2455334764593005
list:
dist: 1.962251822407667 vs. 1.962251822407667
list:
dist: 1.4193787434692746 vs. 1.4193787434692746
list:
dist: 1.4513663540990025 vs. 1.4513663540990025
list:
dist: 2.5132104320990654 vs. 2.5132104320990654
list:
dist: 3.2058536705933083 vs. 3.2058536705933083
list:
dist: 2.91771254331107 vs. 2.91771254331107
list:
dist: 2.3833683701328146 vs. 2.3833683701328146
list:
dist: 1.473019154340676 vs. 1.473019154340676
list:
dist: 1.4289154067743206 vs. 1.4289154067743206
list:
dist: 1.8575505171802087 vs. 1.8575505171802087
list:
dist: 1.8055355335894046 vs. 1.8055355335894046
list:
dist: 2.8073445586166477 vs. 2.8073445586166477
list:
dist: 2.4842835521769437 vs. 2.4842835521769437
list:
dist: 2.3047628782305893 vs. 2.3047628782305893
list:
dist: 0.4944592658304413 vs. 0.4944592658304413
list:
dist: 1.354405506770903 vs. 1.354405506770903
list:
dist: 1.6574202110163911 vs. 1.6574202110163911
list:
dist: 2.059764200246053 vs. 2.059764200246053
list:
dist: 0.5233819495196977 vs. 0.5233819495196977
list:
dist: 2.106026865477918 vs. 2.106026865477918
list:
dist: 1.5569698325791894 vs. 1.5569698325791894
list:
dist: 2.016987411552174 vs. 2.016987411552174
list:
dist: 2.4133541244761663 vs. 2.4133541244761663
list:
dist: 2.017958909528011 vs. 2.017958909528011
list:
dist: 1.7974964771709043 vs. 1.7974964771709043
list:
dist: 2.3628204377466493 vs. 2.3628204377466493
list:
dist: 2.0963845702905566 vs. 2.0963845702905566
list:
dist: 1.9975572234421024 vs. 1.9975572234421024
list:
dist: 1.0662391295983893 vs. 1.0662391295983893
list:
dist: 2.5278724987466394 vs. 2.5278724987466394
list:
dist: 3.103310608083487 vs. 3.103310608083487
list:
dist: 3.0499605675678727 vs. 3.0499605675678727
list:
dist: 1.4960541736760573 vs. 1.4960541736760573
list:
dist: 1.5459319498481496 vs. 1.5459319498481496
list:
dist: 0.9854334077632787 vs. 0.9854334077632787
list:
dist: 1.550261475100902 vs. 1.550261475100902
list:
dist: 2.1561844863601887 vs. 2.1561844863601887
list:
dist: 0.8598845202086437 vs. 0.8598845202086437
list:
dist: 3.601612071827324 vs. 3.601612071827324
list:
dist: 2.809284881780439 vs. 2.809284881780439
list:
dist: 2.3833683701328146 vs. 2.3833683701328146
list:
dist: 3.1665180947236102 vs. 3.1665180947236102
list:
dist: 3.1414271726949883 vs. 3.1414271726949883
list:
dist: 3.884593904993489 vs. 3.884593904993489
list:
dist: 2.3674962271857694 vs. 2.3674962271857694
list:
dist: 2.969935710301633 vs. 2.969935710301633
list:
dist: 2.2438852497200634 vs. 2.2438852497200634
list:
dist: 2.358660499928325 vs. 2.358660499928325
list:
dist: 4.013656882807121 vs. 4.013656882807121
list:
dist: 3.423016393557073 vs. 3.423016393557073
list:
dist: 2.7161598621552625 vs. 2.7161598621552625
list:
dist: 3.2045701485550344 vs. 3.2045701485550344
list:
dist: 2.8363140133627587 vs. 2.8363140133627587
list:
dist: 2.8184220563276736 vs. 2.8184220563276736
list:
dist: 3.4654930656150795 vs. 3.4654930656150795
list:
dist: 3.6151579686081012 vs. 3.6151579686081012
list:
dist: 3.3743249097479353 vs. 3.3743249097479353
list:
dist: 3.884593904993489 vs. 3.884593904993489
list:
dist: 2.59723654050866 vs. 2.59723654050866
list:
dist: 2.3812105275493702 vs. 2.3812105275493702
list:
dist: 3.4771114310590003 vs. 3.4771114310590003
list:
dist: 3.004847846778326 vs. 3.004847846778326
list:
dist: 4.293426410115226 vs. 4.293426410115226
list:
dist: 3.884055579864479 vs. 3.884055579864479
list:
dist: 0.864136569173611 vs. 0.864136569173611
list:
dist: 1.7354956594470121 vs. 1.7354956594470121
list:
dist: 2.059764200246053 vs. 2.059764200246053
list:
dist: 0.7543985473757746 vs. 0.7543985473757746
list:
dist: 0.9754573975550326 vs. 0.9754573975550326
list:
dist: 2.3168157698232177 vs. 2.3168157698232177
list:
dist: 3.1753548697274203 vs. 3.1753548697274203
list:
dist: 3.078215613711905 vs. 3.078215613711905
list:
dist: 3.3575829575379585 vs. 3.3575829575379585
list:
dist: 1.6026557146542557 vs. 1.6026557146542557
list:
dist: 1.4285916426771463 vs. 1.4285916426771463
list:
dist: 1.7635038192691854 vs. 1.7635038192691854
list:
dist: 2.9589065484576995 vs. 2.9589065484576995
list:
dist: 2.373422041621007 vs. 2.373422041621007
list:
dist: 2.523638194664395 vs. 2.523638194664395
list:
dist: 0.8002831160825659 vs. 0.8002831160825659
list:
dist: 0.38384548070678115 vs. 0.38384548070678115
list:
dist: 3.0499605675678727 vs. 3.0499605675678727
list:
dist: 3.1775638282281053 vs. 3.1775638282281053
list:
dist: 2.7311749264469443 vs. 2.7311749264469443
list:
dist: 2.9981335195417818 vs. 2.9981335195417818
list:
dist: 2.858341842840794 vs. 2.858341842840794
list:
dist: 2.91771254331107 vs. 2.91771254331107
list:
dist: 3.0291906604501637 vs. 3.0291906604501637
list:
dist: 2.4454818381946177 vs. 2.4454818381946177
list:
dist: 3.3743249097479353 vs. 3.3743249097479353
list:
dist: 3.386355907838749 vs. 3.386355907838749
list:
dist: 2.358660499928325 vs. 2.358660499928325
list:
dist: 1.5294901627310498 vs. 1.5294901627310498
list:
dist: 1.994099599787017 vs. 1.994099599787017
list:
dist: 1.3815380004232651 vs. 1.3815380004232651
list:
dist: 1.110234003771273 vs. 1.110234003771273
list:
dist: 1.0682245810130881 vs. 1.0682245810130881
list:
dist: 1.7785771745076662 vs. 1.7785771745076662
list:
dist: 2.431390638703572 vs. 2.431390638703572
list:
dist: 2.016987411552174 vs. 2.016987411552174
list:
dist: 2.7140789549939894 vs. 2.7140789549939894
list:
dist: 3.1965932865545126 vs. 3.1965932865545126
list:
dist: 3.3575829575379585 vs. 3.3575829575379585
list:
dist: 1.5422191348754637 vs. 1.5422191348754637
list:
dist: 0.6734970843430036 vs. 0.6734970843430036
list:
dist: 0.5011837410087274 vs. 0.5011837410087274
list:
dist: 1.0901062810632527 vs. 1.0901062810632527
list:
dist: 2.616704520327484 vs. 2.616704520327484
list:
dist: 2.3118107402205874 vs. 2.3118107402205874
list:
dist: 1.9890188191901337 vs. 1.9890188191901337
list:
dist: 1.1244775857509564 vs. 1.1244775857509564
list:
dist: 1.4953507202347698 vs. 1.4953507202347698
list:
dist: 1.1778468536343225 vs. 1.1778468536343225
list:
dist: 3.423016393557073 vs. 3.423016393557073
list:
dist: 1.9313289244166583 vs. 1.9313289244166583
list:
dist: 1.972097364519355 vs. 1.972097364519355
list:
dist: 2.7947850891025583 vs. 2.7947850891025583
list:
dist: 2.1124617198204554 vs. 2.1124617198204554
list:
dist: 3.2438704017918663 vs. 3.2438704017918663
list:
dist: 3.1168634091909486 vs. 3.1168634091909486
list:
dist: 1.6202428745942161 vs. 1.6202428745942161
list:
dist: 2.0011042484554795 vs. 2.0011042484554795
list:
dist: 2.017958909528011 vs. 2.017958909528011
list:
dist: 1.2224701570037066 vs. 1.2224701570037066
list:
dist: 1.788147480524244 vs. 1.788147480524244
list:
dist: 1.4285916426771463 vs. 1.4285916426771463
list:
dist: 1.9553329733503724 vs. 1.9553329733503724
list:
dist: 2.0714267217551225 vs. 2.0714267217551225
list:
dist: 2.2112418731435692 vs. 2.2112418731435692
list:
dist: 2.3118107402205874 vs. 2.3118107402205874
list:
dist: 0.6512313508202968 vs. 0.6512313508202968
list:
dist: 0.7722906276204893 vs. 0.7722906276204893
list:
dist: 1.6568184640839987 vs. 1.6568184640839987
list:
dist: 1.0497754978190683 vs. 1.0497754978190683
list:
dist: 1.238260722172783 vs. 1.238260722172783
list:
dist: 2.370049094532502 vs. 2.370049094532502
list:
dist: 2.063128258375645 vs. 2.063128258375645
list:
dist: 1.3865750250850826 vs. 1.3865750250850826
list:
dist: 2.598675780501319 vs. 2.598675780501319
list:
dist: 0.9811116276394134 vs. 0.9811116276394134
list:
dist: 1.5119334019594441 vs. 1.5119334019594441
list:
dist: 1.0901062810632527 vs. 1.0901062810632527
list:
dist: 1.2306493298805403 vs. 1.2306493298805403
list:
dist: 2.014525548006217 vs. 2.014525548006217
list:
dist: 1.6902989511206123 vs. 1.6902989511206123
list:
dist: 0.7449040929979756 vs. 0.7449040929979756
list:
dist: 0.8598845202086437 vs. 0.8598845202086437
list:
dist: 1.288735641396332 vs. 1.288735641396332
list:
dist: 1.5742443196390223 vs. 1.5742443196390223
list:
dist: 0.7081808719422819 vs. 0.7081808719422819
list:
dist: 1.0369322147443094 vs. 1.0369322147443094
list:
dist: 1.443260896915309 vs. 1.443260896915309
list:
dist: 2.9448539365769184 vs. 2.9448539365769184
list:
dist: 2.4842835521769437 vs. 2.4842835521769437
list:
dist: 3.1762581160992647 vs. 3.1762581160992647
list:
dist: 3.3040158273604203 vs. 3.3040158273604203
list:
dist: 3.884055579864479 vs. 3.884055579864479
list:
dist: 2.3089714618152812 vs. 2.3089714618152812
list:
dist: 2.4201644570376875 vs. 2.4201644570376875
list:
dist: 1.8350645725808459 vs. 1.8350645725808459
list:
dist: 1.7785771745076662 vs. 1.7785771745076662
list:
dist: 2.598675780501319 vs. 2.598675780501319
list:
dist: 3.669475401485707 vs. 3.669475401485707
list:
dist: 3.1168634091909486 vs. 3.1168634091909486
list:
dist: 2.418779231560814 vs. 2.418779231560814
list:
dist: 2.597848779346646 vs. 2.597848779346646
list:
dist: 2.3254993560359614 vs. 2.3254993560359614
list:
dist: 2.2848205388263647 vs. 2.2848205388263647
list:
dist: 1.7898260082551374 vs. 1.7898260082551374
list:
dist: 2.1561844863601887 vs. 2.1561844863601887
list:
dist: 2.0000860701804912 vs. 2.0000860701804912
list:
dist: 2.4668831790984984 vs. 2.4668831790984984
list:
dist: 1.3827415508035819 vs. 1.3827415508035819
list:
dist: 1.4708872746864894 vs. 1.4708872746864894
list:
dist: 1.443260896915309 vs. 1.443260896915309
list:
dist: 3.277766940167892 vs. 3.277766940167892
list:
dist: 2.8073445586166477 vs. 2.8073445586166477
list:
dist: 3.6127519266875834 vs. 3.6127519266875834
list:
dist: 3.9875438849117666 vs. 3.9875438849117666
list:
dist: 4.293426410115226 vs. 4.293426410115226
list:
dist: 2.3910903906818284 vs. 2.3910903906818284
list:
dist: 1.6521311871125657 vs. 1.6521311871125657
list:
dist: 1.4007036852961077 vs. 1.4007036852961077
list:
dist: 1.0682245810130881 vs. 1.0682245810130881
list:
dist: 1.3865750250850826 vs. 1.3865750250850826
list:
dist: 3.604186992413673 vs. 3.604186992413673
list:
dist: 3.2438704017918663 vs. 3.2438704017918663
list:
dist: 2.7760512774716233 vs. 2.7760512774716233
list:
dist: 2.006476118817832 vs. 2.006476118817832
list:
dist: 2.2968897717846297 vs. 2.2968897717846297
list:
dist: 2.0654082717703215 vs. 2.0654082717703215
list:
dist: 2.978702738511771 vs. 2.978702738511771
list:
dist: 3.2785668310617364 vs. 3.2785668310617364
list:
dist: 3.0291906604501637 vs. 3.0291906604501637
list:
dist: 3.1665180947236102 vs. 3.1665180947236102
list:
dist: 1.895175048444556 vs. 1.895175048444556
list:
dist: 1.6938907260724485 vs. 1.6938907260724485
list:
dist: 2.737476037479848 vs. 2.737476037479848
list:
dist: 2.3191075892558124 vs. 2.3191075892558124
list:
dist: 3.6127519266875834 vs. 3.6127519266875834
list:
dist: 3.1762581160992647 vs. 3.1762581160992647
list:
dist: 1.0522489551259888 vs. 1.0522489551259888
list:
dist: 1.1211153439007753 vs. 1.1211153439007753
list:
dist: 1.354405506770903 vs. 1.354405506770903
list:
dist: 0.7057381652856197 vs. 0.7057381652856197
list:
dist: 0.7543985473757746 vs. 0.7543985473757746
list:
dist: 1.6187932997865166 vs. 1.6187932997865166
list:
dist: 2.6243160050836107 vs. 2.6243160050836107
list:
dist: 2.403940126396592 vs. 2.403940126396592
list:
dist: 2.7140789549939894 vs. 2.7140789549939894
list:
dist: 1.6139209788739584 vs. 1.6139209788739584
list:
dist: 1.2224701570037066 vs. 1.2224701570037066
list:
dist: 1.2963940700534675 vs. 1.2963940700534675
list:
dist: 2.5051168908361032 vs. 2.5051168908361032
list:
dist: 1.9174587331565602 vs. 1.9174587331565602
list:
dist: 2.0256342946001893 vs. 2.0256342946001893
list:
dist: 2.969935710301633 vs. 2.969935710301633
list:
dist: 1.9219396366933377 vs. 1.9219396366933377
list:
dist: 2.33863370914028 vs. 2.33863370914028
list:
dist: 1.9958119875939626 vs. 1.9958119875939626
list:
dist: 1.6059126934176466 vs. 1.6059126934176466
list:
dist: 1.6521311871125657 vs. 1.6521311871125657
list:
dist: 2.4201644570376875 vs. 2.4201644570376875
list:
dist: 2.42456142440449 vs. 2.42456142440449
list:
dist: 2.106026865477918 vs. 2.106026865477918
list:
dist: 2.6243160050836107 vs. 2.6243160050836107
list:
dist: 3.2116275138750248 vs. 3.2116275138750248
list:
dist: 3.1753548697274203 vs. 3.1753548697274203
list:
dist: 1.6089994931386455 vs. 1.6089994931386455
list:
dist: 0.825112316659337 vs. 0.825112316659337
list:
dist: 0.6734970843430036 vs. 0.6734970843430036
list:
dist: 0.9811116276394134 vs. 0.9811116276394134
list:
dist: 2.219406244789317 vs. 2.219406244789317
list:
dist: 2.0714267217551225 vs. 2.0714267217551225
list:
dist: 1.9829074205689583 vs. 1.9829074205689583
list:
dist: 0.7114142595528131 vs. 0.7114142595528131
list:
dist: 1.4086988969957306 vs. 1.4086988969957306
list:
dist: 1.027519767251966 vs. 1.027519767251966
list:
dist: 0.2711171253709976 vs. 0.2711171253709976
list:
dist: 2.8184220563276736 vs. 2.8184220563276736
list:
dist: 1.4513663540990025 vs. 1.4513663540990025
list:
dist: 1.790605779498037 vs. 1.790605779498037
list:
dist: 1.9949341232590716 vs. 1.9949341232590716
list:
dist: 1.282693883917167 vs. 1.282693883917167
list:
dist: 2.0654082717703215 vs. 2.0654082717703215
list:
dist: 2.2848205388263647 vs. 2.2848205388263647
list:
dist: 2.250960158271896 vs. 2.250960158271896
list:
dist: 1.9975572234421024 vs. 1.9975572234421024
list:
dist: 2.0256342946001893 vs. 2.0256342946001893
list:
dist: 2.568860560113849 vs. 2.568860560113849
list:
dist: 2.523638194664395 vs. 2.523638194664395
list:
dist: 1.6652104208698464 vs. 1.6652104208698464
list:
dist: 1.027519767251966 vs. 1.027519767251966
list:
dist: 1.2767914093820596 vs. 1.2767914093820596
list:
dist: 1.1778468536343225 vs. 1.1778468536343225
list:
dist: 1.6902989511206123 vs. 1.6902989511206123
list:
dist: 1.5604430748087734 vs. 1.5604430748087734
list:
dist: 1.238260722172783 vs. 1.238260722172783
list:
dist: 1.051139718658492 vs. 1.051139718658492
list:
dist: 0.6142848923700011 vs. 0.6142848923700011
list:
dist: 0.3820590450772044 vs. 0.3820590450772044
list:
dist: 2.226554132320105 vs. 2.226554132320105
list:
dist: 2.456415945526571 vs. 2.456415945526571
list:
dist: 2.8686954209346416 vs. 2.8686954209346416
list:
dist: 2.7311749264469443 vs. 2.7311749264469443
list:
dist: 1.5459319498481496 vs. 1.5459319498481496
list:
dist: 0.48841912521295183 vs. 0.48841912521295183
list:
dist: 1.3165538408362478 vs. 1.3165538408362478
list:
dist: 1.044456782651726 vs. 1.044456782651726
list:
dist: 2.4668831790984984 vs. 2.4668831790984984
list:
dist: 1.5742443196390223 vs. 1.5742443196390223
list:
dist: 2.108559456665976 vs. 2.108559456665976
list:
dist: 1.733711041598422 vs. 1.733711041598422
list:
dist: 1.4289154067743206 vs. 1.4289154067743206
list:
dist: 1.6938907260724485 vs. 1.6938907260724485
list:
dist: 1.7345952676913086 vs. 1.7345952676913086
list:
dist: 2.3812105275493702 vs. 2.3812105275493702
list:
dist: 1.5195587552939465 vs. 1.5195587552939465
list:
dist: 2.33863370914028 vs. 2.33863370914028
list:
dist: 1.7884207081622754 vs. 1.7884207081622754
list:
dist: 1.994099599787017 vs. 1.994099599787017
list:
dist: 2.5954040196778334 vs. 2.5954040196778334
list:
dist: 1.972097364519355 vs. 1.972097364519355
list:
dist: 1.2846587992235705 vs. 1.2846587992235705
list:
dist: 2.3468293260945883 vs. 2.3468293260945883
list:
dist: 1.6945507288764008 vs. 1.6945507288764008
list:
dist: 1.790605779498037 vs. 1.790605779498037
list:
dist: 2.8363140133627587 vs. 2.8363140133627587
list:
dist: 1.4193787434692746 vs. 1.4193787434692746
list:
dist: 1.6945507288764008 vs. 1.6945507288764008
list:
dist: 2.1069743338137235 vs. 2.1069743338137235
list:
dist: 1.3341004706308526 vs. 1.3341004706308526
list:
dist: 2.2968897717846297 vs. 2.2968897717846297
list:
dist: 2.3254993560359614 vs. 2.3254993560359614
list:
dist: 2.3157141152252705 vs. 2.3157141152252705
list:
dist: 2.0963845702905566 vs. 2.0963845702905566
list:
dist: 1.9174587331565602 vs. 1.9174587331565602
list:
dist: 2.4122783791174673 vs. 2.4122783791174673
list:
dist: 2.373422041621007 vs. 2.373422041621007
list:
dist: 1.844483453658199 vs. 1.844483453658199
list:
dist: 1.4086988969957306 vs. 1.4086988969957306
list:
dist: 1.5816470635418494 vs. 1.5816470635418494
list:
dist: 1.4953507202347698 vs. 1.4953507202347698
list:
dist: 2.014525548006217 vs. 2.014525548006217
list:
dist: 1.4606274075871817 vs. 1.4606274075871817
list:
dist: 1.0497754978190683 vs. 1.0497754978190683
list:
dist: 0.7778343499578948 vs. 0.7778343499578948
list:
dist: 0.9334776397108709 vs. 0.9334776397108709
list:
dist: 0.3820590450772044 vs. 0.3820590450772044
list:
dist: 1.0347485658260784 vs. 1.0347485658260784
list:
dist: 0.38384548070678115 vs. 0.38384548070678115
list:
dist: 3.103310608083487 vs. 3.103310608083487
list:
dist: 3.320422305444686 vs. 3.320422305444686
list:
dist: 2.8686954209346416 vs. 2.8686954209346416
list:
dist: 3.16388047775947 vs. 3.16388047775947
list:
dist: 3.1725713698604623 vs. 3.1725713698604623
list:
dist: 3.2058536705933083 vs. 3.2058536705933083
list:
dist: 3.2785668310617364 vs. 3.2785668310617364
list:
dist: 2.6759788668526525 vs. 2.6759788668526525
list:
dist: 3.6151579686081012 vs. 3.6151579686081012
list:
dist: 3.657616914189053 vs. 3.657616914189053
list:
dist: 0.2711171253709976 vs. 0.2711171253709976
list:
dist: 1.0347485658260784 vs. 1.0347485658260784
list:
dist: 0.8002831160825659 vs. 0.8002831160825659
list:
dist: 2.5278724987466394 vs. 2.5278724987466394
list:
dist: 2.8351333435576183 vs. 2.8351333435576183
list:
dist: 2.456415945526571 vs. 2.456415945526571
list:
dist: 3.20486674508684 vs. 3.20486674508684
list:
dist: 2.544993670836264 vs. 2.544993670836264
list:
dist: 2.5132104320990654 vs. 2.5132104320990654
list:
dist: 2.978702738511771 vs. 2.978702738511771
list:
dist: 2.534600270549789 vs. 2.534600270549789
list:
dist: 3.4654930656150795 vs. 3.4654930656150795
list:
dist: 2.940825873021404 vs. 2.940825873021404
list:
dist: 1.0662391295983893 vs. 1.0662391295983893
list:
dist: 2.005891886528741 vs. 2.005891886528741
list:
dist: 2.226554132320105 vs. 2.226554132320105
list:
dist: 1.371510750729075 vs. 1.371510750729075
list:
dist: 1.7690777088939942 vs. 1.7690777088939942
list:
dist: 1.7898260082551374 vs. 1.7898260082551374
list:
dist: 0.7449040929979756 vs. 0.7449040929979756
list:
dist: 1.7690777088939942 vs. 1.7690777088939942
list:
dist: 1.550261475100902 vs. 1.550261475100902
list:
dist: 0.5636880485331773 vs. 0.5636880485331773
list:
dist: 1.044456782651726 vs. 1.044456782651726
list:
dist: 0.8067342002239201 vs. 0.8067342002239201
list:
dist: 1.4708872746864894 vs. 1.4708872746864894
list:
dist: 1.0369322147443094 vs. 1.0369322147443094
list:
dist: 2.2304148071847645 vs. 2.2304148071847645
list:
dist: 1.8055355335894046 vs. 1.8055355335894046
list:
dist: 2.3191075892558124 vs. 2.3191075892558124
list:
dist: 2.6000139091332772 vs. 2.6000139091332772
list:
dist: 3.004847846778326 vs. 3.004847846778326
list:
dist: 1.5629137211743864 vs. 1.5629137211743864
list:
dist: 1.6059126934176466 vs. 1.6059126934176466
list:
dist: 1.123727009872932 vs. 1.123727009872932
list:
dist: 1.110234003771273 vs. 1.110234003771273
list:
dist: 2.063128258375645 vs. 2.063128258375645
list:
dist: 2.6410853699263583 vs. 2.6410853699263583
list:
dist: 2.1124617198204554 vs. 2.1124617198204554
list:
dist: 1.474063948303755 vs. 1.474063948303755
list:
dist: 1.6810084846655484 vs. 1.6810084846655484
list:
dist: 1.3341004706308526 vs. 1.3341004706308526
list:
dist: 1.282693883917167 vs. 1.282693883917167
list:
dist: 2.544993670836264 vs. 2.544993670836264
list:
dist: 3.1725713698604623 vs. 3.1725713698604623
list:
dist: 2.858341842840794 vs. 2.858341842840794
list:
dist: 2.809284881780439 vs. 2.809284881780439
list:
dist: 1.8556222945518328 vs. 1.8556222945518328
list:
dist: 1.733711041598422 vs. 1.733711041598422
list:
dist: 2.339409317640076 vs. 2.339409317640076
list:
dist: 2.2304148071847645 vs. 2.2304148071847645
list:
dist: 3.277766940167892 vs. 3.277766940167892
list:
dist: 2.9448539365769184 vs. 2.9448539365769184
list:
dist: 2.0917348542803755 vs. 2.0917348542803755
list:
dist: 0.4944592658304413 vs. 0.4944592658304413
list:
dist: 1.1211153439007753 vs. 1.1211153439007753
list:
dist: 1.4135599700549364 vs. 1.4135599700549364
list:
dist: 1.7354956594470121 vs. 1.7354956594470121
list:
dist: 0.9227689825343659 vs. 0.9227689825343659
list:
dist: 2.42456142440449 vs. 2.42456142440449
list:
dist: 1.9802245586818463 vs. 1.9802245586818463
list:
dist: 2.431390638703572 vs. 2.431390638703572
list:
dist: 2.3334869980976336 vs. 2.3334869980976336
list:
dist: 2.0011042484554795 vs. 2.0011042484554795
list:
dist: 1.924319671244707 vs. 1.924319671244707
list:
dist: 2.6182891172621474 vs. 2.6182891172621474
list:
dist: 2.3157141152252705 vs. 2.3157141152252705
list:
dist: 2.250960158271896 vs. 2.250960158271896
list:
dist: 2.7161598621552625 vs. 2.7161598621552625
list:
dist: 1.2455334764593005 vs. 1.2455334764593005
list:
dist: 1.2846587992235705 vs. 1.2846587992235705
list:
dist: 2.1748994050699246 vs. 2.1748994050699246
list:
dist: 1.474063948303755 vs. 1.474063948303755
list:
dist: 2.7760512774716233 vs. 2.7760512774716233
list:
dist: 2.418779231560814 vs. 2.418779231560814
list:
dist: 1.6468285544784802 vs. 1.6468285544784802
list:
dist: 1.924319671244707 vs. 1.924319671244707
list:
dist: 1.7974964771709043 vs. 1.7974964771709043
list:
dist: 1.2963940700534675 vs. 1.2963940700534675
list:
dist: 1.68482159929892 vs. 1.68482159929892
list:
dist: 1.7635038192691854 vs. 1.7635038192691854
list:
dist: 1.74693278176682 vs. 1.74693278176682
list:
dist: 1.9829074205689583 vs. 1.9829074205689583
list:
dist: 1.9064345515743337 vs. 1.9064345515743337
list:
dist: 1.9890188191901337 vs. 1.9890188191901337
list:
dist: 1.4096697965568075 vs. 1.4096697965568075
list:
dist: 0.7722906276204893 vs. 0.7722906276204893
list:
dist: 1.645094042704306 vs. 1.645094042704306
list:
dist: 0.7778343499578948 vs. 0.7778343499578948
list:
dist: 1.051139718658492 vs. 1.051139718658492
list:
dist: 2.2438852497200634 vs. 2.2438852497200634
list:
dist: 1.3812953378795298 vs. 1.3812953378795298
list:
dist: 1.7884207081622754 vs. 1.7884207081622754
list:
dist: 1.2749381873423886 vs. 1.2749381873423886
list:
dist: 1.123727009872932 vs. 1.123727009872932
list:
dist: 1.4007036852961077 vs. 1.4007036852961077
list:
dist: 1.8350645725808459 vs. 1.8350645725808459
list:
dist: 1.9802245586818463 vs. 1.9802245586818463
list:
dist: 1.5569698325791894 vs. 1.5569698325791894
list:
dist: 2.403940126396592 vs. 2.403940126396592
list:
dist: 2.8765566499883066 vs. 2.8765566499883066
list:
dist: 3.078215613711905 vs. 3.078215613711905
list:
dist: 1.068745739229913 vs. 1.068745739229913
list:
dist: 0.825112316659337 vs. 0.825112316659337
list:
dist: 0.5011837410087274 vs. 0.5011837410087274
list:
dist: 1.5119334019594441 vs. 1.5119334019594441
list:
dist: 2.5357105332893157 vs. 2.5357105332893157
list:
dist: 2.2112418731435692 vs. 2.2112418731435692
list:
dist: 1.9064345515743337 vs. 1.9064345515743337
list:
dist: 1.3423897268766285 vs. 1.3423897268766285
list:
dist: 1.5816470635418494 vs. 1.5816470635418494
list:
dist: 1.2767914093820596 vs. 1.2767914093820596
list:
dist: 4.013656882807121 vs. 4.013656882807121
list:
dist: 2.5207889080039623 vs. 2.5207889080039623
list:
dist: 2.5954040196778334 vs. 2.5954040196778334
list:
dist: 3.314604005318745 vs. 3.314604005318745
list:
dist: 2.6410853699263583 vs. 2.6410853699263583
list:
dist: 3.604186992413673 vs. 3.604186992413673
list:
dist: 3.669475401485707 vs. 3.669475401485707
list:
dist: 2.0073985062657207 vs. 2.0073985062657207
list:
dist: 2.3334869980976336 vs. 2.3334869980976336
list:
dist: 2.4133541244761663 vs. 2.4133541244761663
list:
dist: 1.6139209788739584 vs. 1.6139209788739584
list:
dist: 2.228339392677229 vs. 2.228339392677229
list:
dist: 1.6026557146542557 vs. 1.6026557146542557
list:
dist: 2.3089415963174074 vs. 2.3089415963174074
list:
dist: 2.219406244789317 vs. 2.219406244789317
list:
dist: 2.5357105332893157 vs. 2.5357105332893157
list:
dist: 2.616704520327484 vs. 2.616704520327484
list:
dist: 0.6512313508202968 vs. 0.6512313508202968
list:
dist: 1.4096697965568075 vs. 1.4096697965568075
list:
dist: 1.771491664646481 vs. 1.771491664646481
list:
dist: 1.4606274075871817 vs. 1.4606274075871817
list:
dist: 1.5604430748087734 vs. 1.5604430748087734
list:
dist: 2.940825873021404 vs. 2.940825873021404
list:
dist: 3.657616914189053 vs. 3.657616914189053
list:
dist: 3.386355907838749 vs. 3.386355907838749
list:
dist: 2.3674962271857694 vs. 2.3674962271857694
list:
dist: 1.3889138267720709 vs. 1.3889138267720709
list:
dist: 1.5195587552939465 vs. 1.5195587552939465
list:
dist: 1.652596441495383 vs. 1.652596441495383
list:
dist: 1.5629137211743864 vs. 1.5629137211743864
list:
dist: 2.3910903906818284 vs. 2.3910903906818284
list:
dist: 2.3089714618152812 vs. 2.3089714618152812
list:
dist: 2.5959028805551294 vs. 2.5959028805551294
list:
dist: 0.9227689825343659 vs. 0.9227689825343659
list:
dist: 0.5233819495196977 vs. 0.5233819495196977
list:
dist: 1.6187932997865166 vs. 1.6187932997865166
list:
dist: 2.047545768337158 vs. 2.047545768337158
list:
dist: 2.3168157698232177 vs. 2.3168157698232177
list:
dist: 1.6089994931386455 vs. 1.6089994931386455
list:
dist: 1.068745739229913 vs. 1.068745739229913
list:
dist: 1.5422191348754637 vs. 1.5422191348754637
list:
dist: 2.3089415963174074 vs. 2.3089415963174074
list:
dist: 1.9553329733503724 vs. 1.9553329733503724
list:
dist: 1.74693278176682 vs. 1.74693278176682
list:
dist: 1.944674740279125 vs. 1.944674740279125
list:
dist: 1.844483453658199 vs. 1.844483453658199
list:
dist: 1.6652104208698464 vs. 1.6652104208698464
list:
dist: 3.2045701485550344 vs. 3.2045701485550344
list:
dist: 1.962251822407667 vs. 1.962251822407667
list:
dist: 2.3468293260945883 vs. 2.3468293260945883
list:
dist: 2.2975259006622415 vs. 2.2975259006622415
list:
dist: 1.6810084846655484 vs. 1.6810084846655484
list:
dist: 2.006476118817832 vs. 2.006476118817832
list:
dist: 2.597848779346646 vs. 2.597848779346646
list:
dist: 2.6182891172621474 vs. 2.6182891172621474
list:
dist: 2.3628204377466493 vs. 2.3628204377466493
list:
dist: 2.5051168908361032 vs. 2.5051168908361032
list:
dist: 3.1032809446031586 vs. 3.1032809446031586
list:
dist: 2.9589065484576995 vs. 2.9589065484576995
list:
dist: 1.944674740279125 vs. 1.944674740279125
list:
dist: 0.7114142595528131 vs. 0.7114142595528131
list:
dist: 1.3423897268766285 vs. 1.3423897268766285
list:
dist: 1.1244775857509564 vs. 1.1244775857509564
list:
dist: 1.2306493298805403 vs. 1.2306493298805403
list:
dist: 1.771491664646481 vs. 1.771491664646481
list:
dist: 1.6568184640839987 vs. 1.6568184640839987
list:
dist: 1.645094042704306 vs. 1.645094042704306
list:
dist: 0.9334776397108709 vs. 0.9334776397108709
list:
dist: 0.6142848923700011 vs. 0.6142848923700011
500
rk
<OccurredElementalReaction>
	 elmtlRkId: 2
	 p(id,type,coords) 81 3 5.794416162947215 0.9519035865463168 17.012758755600235
</OccurredElementalReaction>
600
Neighbor List consistency Check...
--------
nle(id0,id1,dist): 5 7 2.610225352343323
list:
dist: 2.610225352343323 vs. 2.610225352343323
--------
nle(id0,id1,dist): 5 21 1.634434592450197
list:
dist: 1.634434592450197 vs. 1.634434592450197
--------
nle(id0,id1,dist): 5 23 1.0519091442670425
list:
dist: 1.0519091442670425 vs. 1.0519091442670425
--------
nle(id0,id1,dist): 5 22 3.4757983031637707
list:
dist: 3.4757983031637707 vs. 3.4757983031637707
--------
nle(id0,id1,dist): 5 17 2.106674276775452
list:
dist: 2.106674276775452 vs. 2.106674276775452
--------
nle(id0,id1,dist): 5 16 0.8537622974553983
list:
dist: 0.8537622974553983 vs. 0.8537622974553983
--------
nle(id0,id1,dist): 5 19 3.7741051709694236
list:
dist: 3.7741051709694236 vs. 3.7741051709694236
--------
nle(id0,id1,dist): 5 18 3.625166445412846
list:
dist: 3.625166445412846 vs. 3.625166445412846
--------
nle(id0,id1,dist): 5 12 2.5572954719806833
list:
dist: 2.5572954719806833 vs. 2.5572954719806833
--------
nle(id0,id1,dist): 5 15 1.9655503263950602
list:
dist: 1.9655503263950602 vs. 1.9655503263950602
--------
nle(id0,id1,dist): 5 9 1.7523916010855938
list:
dist: 1.7523916010855938 vs. 1.7523916010855938
--------
nle(id0,id1,dist): 5 11 2.1359067855099
list:
dist: 2.1359067855099 vs. 2.1359067855099
--------
nle(id0,id1,dist): 5 10 3.261218466669321
list:
dist: 3.261218466669321 vs. 3.261218466669321
--------
nle(id0,id1,dist): 4 11 2.1061916653249626
list:
dist: 2.1061916653249626 vs. 2.1061916653249626
--------
nle(id0,id1,dist): 4 12 2.2412420146243863
list:
dist: 2.2412420146243863 vs. 2.2412420146243863
--------
nle(id0,id1,dist): 4 9 1.9130288261887136
list:
dist: 1.9130288261887136 vs. 1.9130288261887136
--------
nle(id0,id1,dist): 4 8 3.8078839074796855
list:
dist: 3.8078839074796855 vs. 3.8078839074796855
--------
nle(id0,id1,dist): 4 5 1.387392429002759
list:
dist: 1.387392429002759 vs. 1.387392429002759
--------
nle(id0,id1,dist): 4 6 2.1033609751506424
list:
dist: 2.1033609751506424 vs. 2.1033609751506424
--------
nle(id0,id1,dist): 4 23 1.6148280418545102
list:
dist: 1.6148280418545102 vs. 1.6148280418545102
--------
nle(id0,id1,dist): 4 17 2.416867186831497
list:
dist: 2.416867186831497 vs. 2.416867186831497
--------
nle(id0,id1,dist): 4 16 1.1035071830160457
list:
dist: 1.1035071830160457 vs. 1.1035071830160457
--------
nle(id0,id1,dist): 7 9 0.8676018448521721
list:
dist: 0.8676018448521721 vs. 0.8676018448521721
--------
nle(id0,id1,dist): 7 8 2.6051983803557195
list:
dist: 2.6051983803557195 vs. 2.6051983803557195
--------
nle(id0,id1,dist): 7 11 2.026099667246115
list:
dist: 2.026099667246115 vs. 2.026099667246115
--------
nle(id0,id1,dist): 7 10 1.9557955101004383
list:
dist: 1.9557955101004383 vs. 1.9557955101004383
--------
nle(id0,id1,dist): 7 13 1.7318827049775707
list:
dist: 1.7318827049775707 vs. 1.7318827049775707
--------
nle(id0,id1,dist): 7 12 0.8681341862128503
list:
dist: 0.8681341862128503 vs. 0.8681341862128503
--------
nle(id0,id1,dist): 5 26 2.9291584478919197
list:
dist: 2.9291584478919197 vs. 2.9291584478919197
--------
nle(id0,id1,dist): 5 27 3.97644419164858
list:
dist: 3.97644419164858 vs. 3.97644419164858
--------
nle(id0,id1,dist): 5 24 3.6255165492130064
list:
dist: 3.6255165492130064 vs. 3.6255165492130064
--------
nle(id0,id1,dist): 5 25 2.965300446044588
list:
dist: 2.965300446044588 vs. 2.965300446044588
--------
nle(id0,id1,dist): 5 28 2.1572057503230586
list:
dist: 2.1572057503230586 vs. 2.1572057503230586
--------
nle(id0,id1,dist): 6 12 2.2944283054029295
list:
dist: 2.2944283054029295 vs. 2.2944283054029295
--------
nle(id0,id1,dist): 6 9 2.5114496949185177
list:
dist: 2.5114496949185177 vs. 2.5114496949185177
--------
nle(id0,id1,dist): 6 8 2.0263776984283504
list:
dist: 2.0263776984283504 vs. 2.0263776984283504
--------
nle(id0,id1,dist): 8 13 2.5055750493718376
list:
dist: 2.5055750493718376 vs. 2.5055750493718376
--------
nle(id0,id1,dist): 8 9 3.1647104091711453
list:
dist: 3.1647104091711453 vs. 3.1647104091711453
--------
nle(id0,id1,dist): 8 12 2.618185247489764
list:
dist: 2.618185247489764 vs. 2.618185247489764
--------
nle(id0,id1,dist): 8 18 3.428624015295594
list:
dist: 3.428624015295594 vs. 3.428624015295594
--------
nle(id0,id1,dist): 8 19 3.974656662152786
list:
dist: 3.974656662152786 vs. 3.974656662152786
--------
nle(id0,id1,dist): 7 20 2.758129070215872
list:
dist: 2.758129070215872 vs. 2.758129070215872
--------
nle(id0,id1,dist): 7 19 2.0785714091340575
list:
dist: 2.0785714091340575 vs. 2.0785714091340575
--------
nle(id0,id1,dist): 7 18 1.4559850037037168
list:
dist: 1.4559850037037168 vs. 1.4559850037037168
--------
nle(id0,id1,dist): 7 17 2.46219472935234
list:
dist: 2.46219472935234 vs. 2.46219472935234
--------
nle(id0,id1,dist): 7 16 2.202623546965598
list:
dist: 2.202623546965598 vs. 2.202623546965598
--------
nle(id0,id1,dist): 7 15 1.7609015808360824
list:
dist: 1.7609015808360824 vs. 1.7609015808360824
--------
nle(id0,id1,dist): 7 14 3.814196835720168
list:
dist: 3.814196835720168 vs. 3.814196835720168
--------
nle(id0,id1,dist): 7 28 2.923112892002591
list:
dist: 2.923112892002591 vs. 2.923112892002591
--------
nle(id0,id1,dist): 7 26 3.0983101527589656
list:
dist: 3.0983101527589656 vs. 3.0983101527589656
--------
nle(id0,id1,dist): 7 25 3.201129170687446
list:
dist: 3.201129170687446 vs. 3.201129170687446
--------
nle(id0,id1,dist): 7 23 1.8277646117790909
list:
dist: 1.8277646117790909 vs. 1.8277646117790909
--------
nle(id0,id1,dist): 10 12 2.398528260335283
list:
dist: 2.398528260335283 vs. 2.398528260335283
--------
nle(id0,id1,dist): 10 11 2.6493710762493046
list:
dist: 2.6493710762493046 vs. 2.6493710762493046
--------
nle(id0,id1,dist): 10 14 2.2353360318940108
list:
dist: 2.2353360318940108 vs. 2.2353360318940108
--------
nle(id0,id1,dist): 10 15 1.6543383812973953
list:
dist: 1.6543383812973953 vs. 1.6543383812973953
--------
nle(id0,id1,dist): 10 16 3.05017268627765
list:
dist: 3.05017268627765 vs. 3.05017268627765
--------
nle(id0,id1,dist): 10 17 2.6337233188030207
list:
dist: 2.6337233188030207 vs. 2.6337233188030207
--------
nle(id0,id1,dist): 10 18 1.1144241110751065
list:
dist: 1.1144241110751065 vs. 1.1144241110751065
--------
nle(id0,id1,dist): 10 19 1.542514568075317
list:
dist: 1.542514568075317 vs. 1.542514568075317
--------
nle(id0,id1,dist): 10 20 1.3691854721132044
list:
dist: 1.3691854721132044 vs. 1.3691854721132044
--------
nle(id0,id1,dist): 10 21 3.143732138837159
list:
dist: 3.143732138837159 vs. 3.143732138837159
--------
nle(id0,id1,dist): 10 22 3.3606739090424127
list:
dist: 3.3606739090424127 vs. 3.3606739090424127
--------
nle(id0,id1,dist): 10 23 2.445593914686793
list:
dist: 2.445593914686793 vs. 2.445593914686793
--------
nle(id0,id1,dist): 10 24 3.173854719341387
list:
dist: 3.173854719341387 vs. 3.173854719341387
--------
nle(id0,id1,dist): 10 25 2.351793146903607
list:
dist: 2.351793146903607 vs. 2.351793146903607
--------
nle(id0,id1,dist): 10 26 1.7157593293727291
list:
dist: 1.7157593293727291 vs. 1.7157593293727291
--------
nle(id0,id1,dist): 10 27 3.507070054099412
list:
dist: 3.507070054099412 vs. 3.507070054099412
--------
nle(id0,id1,dist): 10 28 2.0547059872334064
list:
dist: 2.0547059872334064 vs. 2.0547059872334064
--------
nle(id0,id1,dist): 9 11 1.7619135287225238
list:
dist: 1.7619135287225238 vs. 1.7619135287225238
--------
nle(id0,id1,dist): 9 10 2.145812006725549
list:
dist: 2.145812006725549 vs. 2.145812006725549
--------
nle(id0,id1,dist): 9 15 1.427758495318963
list:
dist: 1.427758495318963 vs. 1.427758495318963
--------
nle(id0,id1,dist): 9 13 2.580950179278539
list:
dist: 2.580950179278539 vs. 2.580950179278539
--------
nle(id0,id1,dist): 9 12 1.153701736317279
list:
dist: 1.153701736317279 vs. 1.153701736317279
--------
nle(id0,id1,dist): 9 19 2.530610507536687
list:
dist: 2.530610507536687 vs. 2.530610507536687
--------
nle(id0,id1,dist): 9 18 2.0762122248470836
list:
dist: 2.0762122248470836 vs. 2.0762122248470836
--------
nle(id0,id1,dist): 9 17 2.098225972618453
list:
dist: 2.098225972618453 vs. 2.098225972618453
--------
nle(id0,id1,dist): 9 16 1.4610944628887907
list:
dist: 1.4610944628887907 vs. 1.4610944628887907
--------
nle(id0,id1,dist): 9 23 1.1037662147817648
list:
dist: 1.1037662147817648 vs. 1.1037662147817648
--------
nle(id0,id1,dist): 9 26 2.8096154956889854
list:
dist: 2.8096154956889854 vs. 2.8096154956889854
--------
nle(id0,id1,dist): 9 25 2.9443696443410845
list:
dist: 2.9443696443410845 vs. 2.9443696443410845
--------
nle(id0,id1,dist): 9 28 2.410051312828762
list:
dist: 2.410051312828762 vs. 2.410051312828762
--------
nle(id0,id1,dist): 12 19 2.019300059040564
list:
dist: 2.019300059040564 vs. 2.019300059040564
--------
nle(id0,id1,dist): 12 18 1.915499641021105
list:
dist: 1.915499641021105 vs. 1.915499641021105
--------
nle(id0,id1,dist): 12 17 1.9872438436586917
list:
dist: 1.9872438436586917 vs. 1.9872438436586917
--------
nle(id0,id1,dist): 12 16 1.9075461906800375
list:
dist: 1.9075461906800375 vs. 1.9075461906800375
--------
nle(id0,id1,dist): 12 15 1.6748854968110696
list:
dist: 1.6748854968110696 vs. 1.6748854968110696
--------
nle(id0,id1,dist): 12 13 1.9204278126627836
list:
dist: 1.9204278126627836 vs. 1.9204278126627836
--------
nle(id0,id1,dist): 11 28 2.5484313620094983
list:
dist: 2.5484313620094983 vs. 2.5484313620094983
--------
nle(id0,id1,dist): 11 26 2.7346920956676843
list:
dist: 2.7346920956676843 vs. 2.7346920956676843
--------
nle(id0,id1,dist): 11 27 4.1903788886626465
list:
dist: 4.1903788886626465 vs. 4.1903788886626465
--------
nle(id0,id1,dist): 11 23 1.2231568459209883
list:
dist: 1.2231568459209883 vs. 1.2231568459209883
--------
nle(id0,id1,dist): 11 22 2.807670439168936
list:
dist: 2.807670439168936 vs. 2.807670439168936
--------
nle(id0,id1,dist): 11 25 1.9883873777239736
list:
dist: 1.9883873777239736 vs. 1.9883873777239736
--------
nle(id0,id1,dist): 11 24 3.4530594142327806
list:
dist: 3.4530594142327806 vs. 3.4530594142327806
--------
nle(id0,id1,dist): 11 19 2.213547795571587
list:
dist: 2.213547795571587 vs. 2.213547795571587
--------
nle(id0,id1,dist): 11 18 2.671064069664454
list:
dist: 2.671064069664454 vs. 2.671064069664454
--------
nle(id0,id1,dist): 11 21 2.9431965584856763
list:
dist: 2.9431965584856763 vs. 2.9431965584856763
--------
nle(id0,id1,dist): 11 15 1.174546590188498
list:
dist: 1.174546590188498 vs. 1.174546590188498
--------
nle(id0,id1,dist): 11 17 0.6631942495567903
list:
dist: 0.6631942495567903 vs. 0.6631942495567903
--------
nle(id0,id1,dist): 11 16 1.3455083058053243
list:
dist: 1.3455083058053243 vs. 1.3455083058053243
--------
nle(id0,id1,dist): 11 12 1.4091167851632862
list:
dist: 1.4091167851632862 vs. 1.4091167851632862
--------
nle(id0,id1,dist): 13 18 1.294987400636004
list:
dist: 1.294987400636004 vs. 1.294987400636004
--------
nle(id0,id1,dist): 13 19 1.7633773478519195
list:
dist: 1.7633773478519195 vs. 1.7633773478519195
--------
nle(id0,id1,dist): 12 23 1.6764281632682387
list:
dist: 1.6764281632682387 vs. 1.6764281632682387
--------
nle(id0,id1,dist): 12 25 2.9937865177080067
list:
dist: 2.9937865177080067 vs. 2.9937865177080067
--------
nle(id0,id1,dist): 12 26 3.273719389595258
list:
dist: 3.273719389595258 vs. 3.273719389595258
--------
nle(id0,id1,dist): 12 28 3.105861023496185
list:
dist: 3.105861023496185 vs. 3.105861023496185
--------
nle(id0,id1,dist): 15 28 1.5293630303999748
list:
dist: 1.5293630303999748 vs. 1.5293630303999748
--------
nle(id0,id1,dist): 15 26 1.6849107801808487
list:
dist: 1.6849107801808487 vs. 1.6849107801808487
--------
nle(id0,id1,dist): 15 27 3.3371863933501946
list:
dist: 3.3371863933501946 vs. 3.3371863933501946
--------
nle(id0,id1,dist): 15 24 2.748545231138029
list:
dist: 2.748545231138029 vs. 2.748545231138029
--------
nle(id0,id1,dist): 15 25 1.5186445681748817
list:
dist: 1.5186445681748817 vs. 1.5186445681748817
--------
nle(id0,id1,dist): 15 22 2.5009233460642912
list:
dist: 2.5009233460642912 vs. 2.5009233460642912
--------
nle(id0,id1,dist): 15 23 1.000754248424985
list:
dist: 1.000754248424985 vs. 1.000754248424985
--------
nle(id0,id1,dist): 15 21 2.2480262601223178
list:
dist: 2.2480262601223178 vs. 2.2480262601223178
--------
nle(id0,id1,dist): 15 20 2.0166416929681903
list:
dist: 2.0166416929681903 vs. 2.0166416929681903
--------
nle(id0,id1,dist): 15 19 1.884761375374241
list:
dist: 1.884761375374241 vs. 1.884761375374241
--------
nle(id0,id1,dist): 15 18 2.0672197241808963
list:
dist: 2.0672197241808963 vs. 2.0672197241808963
--------
nle(id0,id1,dist): 15 17 1.0713941074142699
list:
dist: 1.0713941074142699 vs. 1.0713941074142699
--------
nle(id0,id1,dist): 15 16 1.5513562209085572
list:
dist: 1.5513562209085572 vs. 1.5513562209085572
--------
nle(id0,id1,dist): 14 27 2.2206950422303398
list:
dist: 2.2206950422303398 vs. 2.2206950422303398
--------
nle(id0,id1,dist): 14 28 2.238231888077884
list:
dist: 2.238231888077884 vs. 2.238231888077884
--------
nle(id0,id1,dist): 14 29 2.105007804075915
list:
dist: 2.105007804075915 vs. 2.105007804075915
--------
nle(id0,id1,dist): 14 15 2.451915949693622
list:
dist: 2.451915949693622 vs. 2.451915949693622
--------
nle(id0,id1,dist): 14 18 3.0730969239907218
list:
dist: 3.0730969239907218 vs. 3.0730969239907218
--------
nle(id0,id1,dist): 14 24 1.651699428989404
list:
dist: 1.651699428989404 vs. 1.651699428989404
--------
nle(id0,id1,dist): 14 26 1.3983728211851842
list:
dist: 1.3983728211851842 vs. 1.3983728211851842
--------
nle(id0,id1,dist): 14 25 1.4449156822298674
list:
dist: 1.4449156822298674 vs. 1.4449156822298674
--------
nle(id0,id1,dist): 14 20 1.506770792177629
list:
dist: 1.506770792177629 vs. 1.506770792177629
--------
nle(id0,id1,dist): 14 19 2.452257476136461
list:
dist: 2.452257476136461 vs. 2.452257476136461
--------
nle(id0,id1,dist): 14 22 1.8685382950045843
list:
dist: 1.8685382950045843 vs. 1.8685382950045843
--------
nle(id0,id1,dist): 17 18 2.907131795528248
list:
dist: 2.907131795528248 vs. 2.907131795528248
--------
nle(id0,id1,dist): 17 19 2.3538718120862945
list:
dist: 2.3538718120862945 vs. 2.3538718120862945
--------
nle(id0,id1,dist): 17 22 2.1618523377584316
list:
dist: 2.1618523377584316 vs. 2.1618523377584316
--------
nle(id0,id1,dist): 17 23 1.2892106528306564
list:
dist: 1.2892106528306564 vs. 1.2892106528306564
--------
nle(id0,id1,dist): 17 21 2.5655689190459743
list:
dist: 2.5655689190459743 vs. 2.5655689190459743
--------
nle(id0,id1,dist): 17 26 2.316724640362868
list:
dist: 2.316724640362868 vs. 2.316724640362868
--------
nle(id0,id1,dist): 17 27 3.6114806831131934
list:
dist: 3.6114806831131934 vs. 3.6114806831131934
--------
nle(id0,id1,dist): 17 24 2.8413137713481986
list:
dist: 2.8413137713481986 vs. 2.8413137713481986
--------
nle(id0,id1,dist): 17 25 1.4298160739383226
list:
dist: 1.4298160739383226 vs. 1.4298160739383226
--------
nle(id0,id1,dist): 16 17 1.462732775465327
list:
dist: 1.462732775465327 vs. 1.462732775465327
--------
nle(id0,id1,dist): 16 18 3.245304531991933
list:
dist: 3.245304531991933 vs. 3.245304531991933
--------
nle(id0,id1,dist): 16 19 3.220507533802092
list:
dist: 3.220507533802092 vs. 3.220507533802092
--------
nle(id0,id1,dist): 16 21 2.17287350831038
list:
dist: 2.17287350831038 vs. 2.17287350831038
--------
nle(id0,id1,dist): 16 22 3.2553944451995434
list:
dist: 3.2553944451995434 vs. 3.2553944451995434
--------
nle(id0,id1,dist): 16 23 0.6106963976490343
list:
dist: 0.6106963976490343 vs. 0.6106963976490343
--------
nle(id0,id1,dist): 16 24 3.6392730923153795
list:
dist: 3.6392730923153795 vs. 3.6392730923153795
--------
nle(id0,id1,dist): 16 25 2.6240030047614513
list:
dist: 2.6240030047614513 vs. 2.6240030047614513
--------
nle(id0,id1,dist): 16 26 2.911941512169243
list:
dist: 2.911941512169243 vs. 2.911941512169243
--------
nle(id0,id1,dist): 16 27 4.168047475059232
list:
dist: 4.168047475059232 vs. 4.168047475059232
--------
nle(id0,id1,dist): 16 28 2.3228301423587276
list:
dist: 2.3228301423587276 vs. 2.3228301423587276
--------
nle(id0,id1,dist): 1 4 1.6407622359946175
list:
dist: 1.6407622359946175 vs. 1.6407622359946175
--------
nle(id0,id1,dist): 1 5 2.882475222655653
list:
dist: 2.882475222655653 vs. 2.882475222655653
--------
nle(id0,id1,dist): 1 6 0.6467256030498758
list:
dist: 0.6467256030498758 vs. 0.6467256030498758
--------
nle(id0,id1,dist): 1 8 2.466444608291696
list:
dist: 2.466444608291696 vs. 2.466444608291696
--------
nle(id0,id1,dist): 1 9 2.358918552363385
list:
dist: 2.358918552363385 vs. 2.358918552363385
--------
nle(id0,id1,dist): 1 11 2.6812164961124085
list:
dist: 2.6812164961124085 vs. 2.6812164961124085
--------
nle(id0,id1,dist): 1 12 2.08333851655672
list:
dist: 2.08333851655672 vs. 2.08333851655672
--------
nle(id0,id1,dist): 1 17 3.261618940824092
list:
dist: 3.261618940824092 vs. 3.261618940824092
--------
nle(id0,id1,dist): 1 16 2.395607927984975
list:
dist: 2.395607927984975 vs. 2.395607927984975
--------
nle(id0,id1,dist): 1 23 2.6803176490401754
list:
dist: 2.6803176490401754 vs. 2.6803176490401754
--------
nle(id0,id1,dist): 3 18 2.1154999119968525
list:
dist: 2.1154999119968525 vs. 2.1154999119968525
--------
nle(id0,id1,dist): 3 19 2.944975881340627
list:
dist: 2.944975881340627 vs. 2.944975881340627
--------
nle(id0,id1,dist): 3 9 2.780462641661935
list:
dist: 2.780462641661935 vs. 2.780462641661935
--------
nle(id0,id1,dist): 3 8 1.6895892917528652
list:
dist: 1.6895892917528652 vs. 1.6895892917528652
--------
nle(id0,id1,dist): 3 7 1.9702568849354467
list:
dist: 1.9702568849354467 vs. 1.9702568849354467
--------
nle(id0,id1,dist): 3 13 1.2726002361692952
list:
dist: 1.2726002361692952 vs. 1.2726002361692952
--------
nle(id0,id1,dist): 3 12 2.375102917202793
list:
dist: 2.375102917202793 vs. 2.375102917202793
--------
nle(id0,id1,dist): 37 48 1.3100436057451896
list:
dist: 1.3100436057451896 vs. 1.3100436057451896
--------
nle(id0,id1,dist): 37 49 2.2773960697335034
list:
dist: 2.2773960697335034 vs. 2.2773960697335034
--------
nle(id0,id1,dist): 37 50 1.5685668508133352
list:
dist: 1.5685668508133352 vs. 1.5685668508133352
--------
nle(id0,id1,dist): 37 51 2.126788432829498
list:
dist: 2.126788432829498 vs. 2.126788432829498
--------
nle(id0,id1,dist): 37 52 1.935924796768503
list:
dist: 1.935924796768503 vs. 1.935924796768503
--------
nle(id0,id1,dist): 37 53 3.182163376798569
list:
dist: 3.182163376798569 vs. 3.182163376798569
--------
nle(id0,id1,dist): 37 54 0.6804949741184538
list:
dist: 0.6804949741184538 vs. 0.6804949741184538
--------
nle(id0,id1,dist): 37 55 3.3075993263157804
list:
dist: 3.3075993263157804 vs. 3.3075993263157804
--------
nle(id0,id1,dist): 37 41 2.6819160409477454
list:
dist: 2.6819160409477454 vs. 2.6819160409477454
--------
nle(id0,id1,dist): 37 42 2.732183484695727
list:
dist: 2.732183484695727 vs. 2.732183484695727
--------
nle(id0,id1,dist): 37 43 2.3715882601394207
list:
dist: 2.3715882601394207 vs. 2.3715882601394207
--------
nle(id0,id1,dist): 37 44 1.3825853143597087
list:
dist: 1.3825853143597087 vs. 1.3825853143597087
--------
nle(id0,id1,dist): 37 46 2.579379935208332
list:
dist: 2.579379935208332 vs. 2.579379935208332
--------
nle(id0,id1,dist): 37 47 1.313148291331875
list:
dist: 1.313148291331875 vs. 1.313148291331875
--------
nle(id0,id1,dist): 36 55 2.609906623130254
list:
dist: 2.609906623130254 vs. 2.609906623130254
--------
nle(id0,id1,dist): 36 56 1.1959510400187774
list:
dist: 1.1959510400187774 vs. 1.1959510400187774
--------
nle(id0,id1,dist): 36 53 2.626925958226176
list:
dist: 2.626925958226176 vs. 2.626925958226176
--------
nle(id0,id1,dist): 36 54 0.7362759682374878
list:
dist: 0.7362759682374878 vs. 0.7362759682374878
--------
nle(id0,id1,dist): 36 57 2.4961722634959607
list:
dist: 2.4961722634959607 vs. 2.4961722634959607
--------
nle(id0,id1,dist): 36 58 1.589432372230391
list:
dist: 1.589432372230391 vs. 1.589432372230391
--------
nle(id0,id1,dist): 36 47 1.9811929265551176
list:
dist: 1.9811929265551176 vs. 1.9811929265551176
--------
nle(id0,id1,dist): 36 48 1.2593818906274676
list:
dist: 1.2593818906274676 vs. 1.2593818906274676
--------
nle(id0,id1,dist): 36 46 2.3963168474811205
list:
dist: 2.3963168474811205 vs. 2.3963168474811205
--------
nle(id0,id1,dist): 36 51 3.0139667177634335
list:
dist: 3.0139667177634335 vs. 3.0139667177634335
--------
nle(id0,id1,dist): 36 52 2.271820566357978
list:
dist: 2.271820566357978 vs. 2.271820566357978
--------
nle(id0,id1,dist): 36 50 1.0631986025596785
list:
dist: 1.0631986025596785 vs. 1.0631986025596785
--------
nle(id0,id1,dist): 36 38 1.9574848323382974
list:
dist: 1.9574848323382974 vs. 1.9574848323382974
--------
nle(id0,id1,dist): 36 37 1.3588593388512096
list:
dist: 1.3588593388512096 vs. 1.3588593388512096
--------
nle(id0,id1,dist): 36 44 1.646346046963719
list:
dist: 1.646346046963719 vs. 1.646346046963719
--------
nle(id0,id1,dist): 36 43 1.0994372736557927
list:
dist: 1.0994372736557927 vs. 1.0994372736557927
--------
nle(id0,id1,dist): 36 42 1.8904262401167045
list:
dist: 1.8904262401167045 vs. 1.8904262401167045
--------
nle(id0,id1,dist): 36 41 1.8669638532358042
list:
dist: 1.8669638532358042 vs. 1.8669638532358042
--------
nle(id0,id1,dist): 35 55 2.345989459239605
list:
dist: 2.345989459239605 vs. 2.345989459239605
--------
nle(id0,id1,dist): 35 56 2.0011714156760094
list:
dist: 2.0011714156760094 vs. 2.0011714156760094
--------
nle(id0,id1,dist): 35 51 1.4718770481600645
list:
dist: 1.4718770481600645 vs. 1.4718770481600645
--------
nle(id0,id1,dist): 35 52 1.22182915582005
list:
dist: 1.22182915582005 vs. 1.22182915582005
--------
nle(id0,id1,dist): 35 47 2.0757519907928303
list:
dist: 2.0757519907928303 vs. 2.0757519907928303
--------
nle(id0,id1,dist): 35 46 1.0504678367567732
list:
dist: 1.0504678367567732 vs. 1.0504678367567732
--------
nle(id0,id1,dist): 35 48 2.2918175951439475
list:
dist: 2.2918175951439475 vs. 2.2918175951439475
--------
nle(id0,id1,dist): 35 42 3.0130467555333715
list:
dist: 3.0130467555333715 vs. 3.0130467555333715
--------
nle(id0,id1,dist): 34 58 3.263392097611327
list:
dist: 3.263392097611327 vs. 3.263392097611327
--------
nle(id0,id1,dist): 34 55 2.3033804444067707
list:
dist: 2.3033804444067707 vs. 2.3033804444067707
--------
nle(id0,id1,dist): 34 56 1.3322622864855895
list:
dist: 1.3322622864855895 vs. 1.3322622864855895
--------
nle(id0,id1,dist): 34 54 1.948578581538115
list:
dist: 1.948578581538115 vs. 1.948578581538115
--------
nle(id0,id1,dist): 34 52 1.903945013140108
list:
dist: 1.903945013140108 vs. 1.903945013140108
--------
nle(id0,id1,dist): 34 51 1.5841446812336224
list:
dist: 1.5841446812336224 vs. 1.5841446812336224
--------
nle(id0,id1,dist): 34 50 2.889147767455817
list:
dist: 2.889147767455817 vs. 2.889147767455817
--------
nle(id0,id1,dist): 34 48 2.07029520584288
list:
dist: 2.07029520584288 vs. 2.07029520584288
--------
nle(id0,id1,dist): 34 47 2.068161533360649
list:
dist: 2.068161533360649 vs. 2.068161533360649
--------
nle(id0,id1,dist): 34 46 1.6330552149756994
list:
dist: 1.6330552149756994 vs. 1.6330552149756994
--------
nle(id0,id1,dist): 34 44 3.011736111043718
list:
dist: 3.011736111043718 vs. 3.011736111043718
--------
nle(id0,id1,dist): 34 43 2.579587723660943
list:
dist: 2.579587723660943 vs. 2.579587723660943
--------
nle(id0,id1,dist): 34 42 1.9901602144985908
list:
dist: 1.9901602144985908 vs. 1.9901602144985908
--------
nle(id0,id1,dist): 34 41 2.5814029803628507
list:
dist: 2.5814029803628507 vs. 2.5814029803628507
--------
nle(id0,id1,dist): 34 36 2.0719390399175492
list:
dist: 2.0719390399175492 vs. 2.0719390399175492
--------
nle(id0,id1,dist): 34 35 1.920746825544219
list:
dist: 1.920746825544219 vs. 1.920746825544219
--------
nle(id0,id1,dist): 34 37 1.6900020208340605
list:
dist: 1.6900020208340605 vs. 1.6900020208340605
--------
nle(id0,id1,dist): 33 44 1.583983943757712
list:
dist: 1.583983943757712 vs. 1.583983943757712
--------
nle(id0,id1,dist): 33 46 2.682748099221085
list:
dist: 2.682748099221085 vs. 2.682748099221085
--------
nle(id0,id1,dist): 33 47 2.2483528603714116
list:
dist: 2.2483528603714116 vs. 2.2483528603714116
--------
nle(id0,id1,dist): 33 48 1.5778872032681166
list:
dist: 1.5778872032681166 vs. 1.5778872032681166
--------
nle(id0,id1,dist): 33 50 0.9325445014903231
list:
dist: 0.9325445014903231 vs. 0.9325445014903231
--------
nle(id0,id1,dist): 33 51 3.2289530625273812
list:
dist: 3.2289530625273812 vs. 3.2289530625273812
--------
nle(id0,id1,dist): 33 52 2.5893764139974484
list:
dist: 2.5893764139974484 vs. 2.5893764139974484
--------
nle(id0,id1,dist): 33 53 2.2777889340156445
list:
dist: 2.2777889340156445 vs. 2.2777889340156445
--------
nle(id0,id1,dist): 33 54 0.8217127770386503
list:
dist: 0.8217127770386503 vs. 0.8217127770386503
--------
nle(id0,id1,dist): 33 55 2.810963544553881
list:
dist: 2.810963544553881 vs. 2.810963544553881
--------
nle(id0,id1,dist): 33 56 1.4644129089434437
list:
dist: 1.4644129089434437 vs. 1.4644129089434437
--------
nle(id0,id1,dist): 33 57 2.2752333214434257
list:
dist: 2.2752333214434257 vs. 2.2752333214434257
--------
nle(id0,id1,dist): 33 58 1.6534956790916953
list:
dist: 1.6534956790916953 vs. 1.6534956790916953
--------
nle(id0,id1,dist): 33 34 2.20325576642684
list:
dist: 2.20325576642684 vs. 2.20325576642684
--------
nle(id0,id1,dist): 33 38 1.7693377886629689
list:
dist: 1.7693377886629689 vs. 1.7693377886629689
--------
nle(id0,id1,dist): 33 37 1.4409443830951187
list:
dist: 1.4409443830951187 vs. 1.4409443830951187
--------
nle(id0,id1,dist): 33 36 0.3510466816523861
list:
dist: 0.3510466816523861 vs. 0.3510466816523861
--------
nle(id0,id1,dist): 33 43 1.0131459246214631
list:
dist: 1.0131459246214631 vs. 1.0131459246214631
--------
nle(id0,id1,dist): 33 42 1.9381613326442702
list:
dist: 1.9381613326442702 vs. 1.9381613326442702
--------
nle(id0,id1,dist): 33 41 1.6438375332242523
list:
dist: 1.6438375332242523 vs. 1.6438375332242523
--------
nle(id0,id1,dist): 32 55 2.279036446530842
list:
dist: 2.279036446530842 vs. 2.279036446530842
--------
nle(id0,id1,dist): 32 56 2.8546982701117334
list:
dist: 2.8546982701117334 vs. 2.8546982701117334
--------
nle(id0,id1,dist): 32 38 3.49199134347087
list:
dist: 3.49199134347087 vs. 3.49199134347087
--------
nle(id0,id1,dist): 32 34 2.6009659837373778
list:
dist: 2.6009659837373778 vs. 2.6009659837373778
--------
nle(id0,id1,dist): 32 33 3.411693103634551
list:
dist: 3.411693103634551 vs. 3.411693103634551
--------
nle(id0,id1,dist): 32 36 3.4298267286874737
list:
dist: 3.4298267286874737 vs. 3.4298267286874737
--------
nle(id0,id1,dist): 32 46 3.0210875169809692
list:
dist: 3.0210875169809692 vs. 3.0210875169809692
--------
nle(id0,id1,dist): 32 42 1.727823553403388
list:
dist: 1.727823553403388 vs. 1.727823553403388
--------
nle(id0,id1,dist): 32 41 2.3389056355834654
list:
dist: 2.3389056355834654 vs. 2.3389056355834654
--------
nle(id0,id1,dist): 32 43 2.9519132920310898
list:
dist: 2.9519132920310898 vs. 2.9519132920310898
--------
nle(id0,id1,dist): 31 55 2.8220955912754686
list:
dist: 2.8220955912754686 vs. 2.8220955912754686
--------
nle(id0,id1,dist): 31 56 2.9570940133353627
list:
dist: 2.9570940133353627 vs. 2.9570940133353627
--------
nle(id0,id1,dist): 31 42 3.7594757188430847
list:
dist: 3.7594757188430847 vs. 3.7594757188430847
--------
nle(id0,id1,dist): 31 52 2.180870420495698
list:
dist: 2.180870420495698 vs. 2.180870420495698
--------
nle(id0,id1,dist): 31 51 2.251312355616626
list:
dist: 2.251312355616626 vs. 2.251312355616626
--------
nle(id0,id1,dist): 31 48 3.2899389590992825
list:
dist: 3.2899389590992825 vs. 3.2899389590992825
--------
nle(id0,id1,dist): 31 47 3.054133473662123
list:
dist: 3.054133473662123 vs. 3.054133473662123
--------
nle(id0,id1,dist): 31 46 1.8108718398349268
list:
dist: 1.8108718398349268 vs. 1.8108718398349268
--------
nle(id0,id1,dist): 31 34 2.829524359344947
list:
dist: 2.829524359344947 vs. 2.829524359344947
--------
nle(id0,id1,dist): 31 35 1.053185141578178
list:
dist: 1.053185141578178 vs. 1.053185141578178
--------
nle(id0,id1,dist): 43 58 2.44349448031185
list:
dist: 2.44349448031185 vs. 2.44349448031185
--------
nle(id0,id1,dist): 44 47 2.1269110847965873
list:
dist: 2.1269110847965873 vs. 2.1269110847965873
--------
nle(id0,id1,dist): 44 48 1.8852919639387369
list:
dist: 1.8852919639387369 vs. 1.8852919639387369
--------
nle(id0,id1,dist): 44 46 3.6638465700811205
list:
dist: 3.6638465700811205 vs. 3.6638465700811205
--------
nle(id0,id1,dist): 44 51 3.4159231903200054
list:
dist: 3.4159231903200054 vs. 3.4159231903200054
--------
nle(id0,id1,dist): 44 52 2.9171405324417976
list:
dist: 2.9171405324417976 vs. 2.9171405324417976
--------
nle(id0,id1,dist): 44 49 1.3263304172702814
list:
dist: 1.3263304172702814 vs. 1.3263304172702814
--------
nle(id0,id1,dist): 44 50 0.8465292329723481
list:
dist: 0.8465292329723481 vs. 0.8465292329723481
--------
nle(id0,id1,dist): 43 50 1.7642973663659454
list:
dist: 1.7642973663659454 vs. 1.7642973663659454
--------
nle(id0,id1,dist): 43 51 3.832591733346236
list:
dist: 3.832591733346236 vs. 3.832591733346236
--------
nle(id0,id1,dist): 43 52 3.0984868620620247
list:
dist: 3.0984868620620247 vs. 3.0984868620620247
--------
nle(id0,id1,dist): 43 53 2.3068366006770846
list:
dist: 2.3068366006770846 vs. 2.3068366006770846
--------
nle(id0,id1,dist): 43 54 1.7939993378750283
list:
dist: 1.7939993378750283 vs. 1.7939993378750283
--------
nle(id0,id1,dist): 43 55 2.371032228743821
list:
dist: 2.371032228743821 vs. 2.371032228743821
--------
nle(id0,id1,dist): 43 56 1.655828775157263
list:
dist: 1.655828775157263 vs. 1.655828775157263
--------
nle(id0,id1,dist): 43 57 2.316294407625649
list:
dist: 2.316294407625649 vs. 2.316294407625649
--------
nle(id0,id1,dist): 43 44 2.542142324705303
list:
dist: 2.542142324705303 vs. 2.542142324705303
--------
nle(id0,id1,dist): 43 46 2.742439213986153
list:
dist: 2.742439213986153 vs. 2.742439213986153
--------
nle(id0,id1,dist): 43 47 3.008725724258041
list:
dist: 3.008725724258041 vs. 3.008725724258041
--------
nle(id0,id1,dist): 43 48 2.2259819779152763
list:
dist: 2.2259819779152763 vs. 2.2259819779152763
--------
nle(id0,id1,dist): 42 46 2.0405138598841854
list:
dist: 2.0405138598841854 vs. 2.0405138598841854
--------
nle(id0,id1,dist): 42 44 3.4750017389141536
list:
dist: 3.4750017389141536 vs. 3.4750017389141536
--------
nle(id0,id1,dist): 42 43 1.3818161365651733
list:
dist: 1.3818161365651733 vs. 1.3818161365651733
--------
nle(id0,id1,dist): 42 58 3.463286964772397
list:
dist: 3.463286964772397 vs. 3.463286964772397
--------
nle(id0,id1,dist): 42 55 1.3370951756124967
list:
dist: 1.3370951756124967 vs. 1.3370951756124967
--------
nle(id0,id1,dist): 42 56 1.433994997519559
list:
dist: 1.433994997519559 vs. 1.433994997519559
--------
nle(id0,id1,dist): 42 54 2.4202284706877197
list:
dist: 2.4202284706877197 vs. 2.4202284706877197
--------
nle(id0,id1,dist): 42 51 3.4236523702780017
list:
dist: 3.4236523702780017 vs. 3.4236523702780017
--------
nle(id0,id1,dist): 42 52 2.959355246647852
list:
dist: 2.959355246647852 vs. 2.959355246647852
--------
nle(id0,id1,dist): 42 50 2.8649977612542243
list:
dist: 2.8649977612542243 vs. 2.8649977612542243
--------
nle(id0,id1,dist): 42 47 3.207063698839849
list:
dist: 3.207063698839849 vs. 3.207063698839849
--------
nle(id0,id1,dist): 42 48 2.605379665585387
list:
dist: 2.605379665585387 vs. 2.605379665585387
--------
nle(id0,id1,dist): 41 48 3.0392078501891397
list:
dist: 3.0392078501891397 vs. 3.0392078501891397
--------
nle(id0,id1,dist): 41 51 4.071299313575506
list:
dist: 4.071299313575506 vs. 4.071299313575506
--------
nle(id0,id1,dist): 41 50 2.374912632942504
list:
dist: 2.374912632942504 vs. 2.374912632942504
--------
nle(id0,id1,dist): 41 44 3.0128460055544
list:
dist: 3.0128460055544 vs. 3.0128460055544
--------
nle(id0,id1,dist): 41 47 3.642550220897201
list:
dist: 3.642550220897201 vs. 3.642550220897201
--------
nle(id0,id1,dist): 41 46 3.266661662861433
list:
dist: 3.266661662861433 vs. 3.266661662861433
--------
nle(id0,id1,dist): 41 43 1.2130371686479917
list:
dist: 1.2130371686479917 vs. 1.2130371686479917
--------
nle(id0,id1,dist): 41 42 1.4782563209870738
list:
dist: 1.4782563209870738 vs. 1.4782563209870738
--------
nle(id0,id1,dist): 41 56 2.2547022814381186
list:
dist: 2.2547022814381186 vs. 2.2547022814381186
--------
nle(id0,id1,dist): 41 57 2.8080479997757517
list:
dist: 2.8080479997757517 vs. 2.8080479997757517
--------
nle(id0,id1,dist): 41 58 3.247733104318722
list:
dist: 3.247733104318722 vs. 3.247733104318722
--------
nle(id0,id1,dist): 41 52 3.7583086331439026
list:
dist: 3.7583086331439026 vs. 3.7583086331439026
--------
nle(id0,id1,dist): 41 53 1.7514582056722254
list:
dist: 1.7514582056722254 vs. 1.7514582056722254
--------
nle(id0,id1,dist): 41 54 2.303205198592805
list:
dist: 2.303205198592805 vs. 2.303205198592805
--------
nle(id0,id1,dist): 41 55 2.807463685037209
list:
dist: 2.807463685037209 vs. 2.807463685037209
--------
nle(id0,id1,dist): 39 63 2.7010659368566015
list:
dist: 2.7010659368566015 vs. 2.7010659368566015
--------
nle(id0,id1,dist): 39 62 3.096213836271986
list:
dist: 3.096213836271986 vs. 3.096213836271986
--------
nle(id0,id1,dist): 39 64 1.7583924248037832
list:
dist: 1.7583924248037832 vs. 1.7583924248037832
--------
nle(id0,id1,dist): 39 67 2.079760151952842
list:
dist: 2.079760151952842 vs. 2.079760151952842
--------
nle(id0,id1,dist): 39 66 2.019170713166738
list:
dist: 2.019170713166738 vs. 2.019170713166738
--------
nle(id0,id1,dist): 39 69 1.5905983308766474
list:
dist: 1.5905983308766474 vs. 1.5905983308766474
--------
nle(id0,id1,dist): 39 73 2.6566833822080995
list:
dist: 2.6566833822080995 vs. 2.6566833822080995
--------
nle(id0,id1,dist): 39 74 1.8103463130985658
list:
dist: 1.8103463130985658 vs. 1.8103463130985658
--------
nle(id0,id1,dist): 38 57 1.78347149216698
list:
dist: 1.78347149216698 vs. 1.78347149216698
--------
nle(id0,id1,dist): 38 58 2.8971929844516793
list:
dist: 2.8971929844516793 vs. 2.8971929844516793
--------
nle(id0,id1,dist): 38 55 3.1869707011606967
list:
dist: 3.1869707011606967 vs. 3.1869707011606967
--------
nle(id0,id1,dist): 38 56 2.6864203499090524
list:
dist: 2.6864203499090524 vs. 2.6864203499090524
--------
nle(id0,id1,dist): 38 53 1.9687712191417985
list:
dist: 1.9687712191417985 vs. 1.9687712191417985
--------
nle(id0,id1,dist): 38 54 2.585020588734826
list:
dist: 2.585020588734826 vs. 2.585020588734826
--------
nle(id0,id1,dist): 38 52 4.086301443809511
list:
dist: 4.086301443809511 vs. 4.086301443809511
--------
nle(id0,id1,dist): 39 45 1.5487401458388663
list:
dist: 1.5487401458388663 vs. 1.5487401458388663
--------
nle(id0,id1,dist): 37 56 1.6783368480944705
list:
dist: 1.6783368480944705 vs. 1.6783368480944705
--------
nle(id0,id1,dist): 37 58 1.7949045546099005
list:
dist: 1.7949045546099005 vs. 1.7949045546099005
--------
nle(id0,id1,dist): 38 42 2.165323822039915
list:
dist: 2.165323822039915 vs. 2.165323822039915
--------
nle(id0,id1,dist): 38 41 1.4877896053038946
list:
dist: 1.4877896053038946 vs. 1.4877896053038946
--------
nle(id0,id1,dist): 38 48 3.116290497758408
list:
dist: 3.116290497758408 vs. 3.116290497758408
--------
nle(id0,id1,dist): 38 47 3.9217469414596158
list:
dist: 3.9217469414596158 vs. 3.9217469414596158
--------
nle(id0,id1,dist): 38 50 2.175457395987705
list:
dist: 2.175457395987705 vs. 2.175457395987705
--------
nle(id0,id1,dist): 38 44 3.0061127254950177
list:
dist: 3.0061127254950177 vs. 3.0061127254950177
--------
nle(id0,id1,dist): 38 43 1.0331215261394715
list:
dist: 1.0331215261394715 vs. 1.0331215261394715
--------
nle(id0,id1,dist): 38 46 3.741501326829866
list:
dist: 3.741501326829866 vs. 3.741501326829866
--------
nle(id0,id1,dist): 23 28 1.859737428061732
list:
dist: 1.859737428061732 vs. 1.859737428061732
--------
nle(id0,id1,dist): 23 26 2.3893328782227248
list:
dist: 2.3893328782227248 vs. 2.3893328782227248
--------
nle(id0,id1,dist): 23 27 3.8009032906123523
list:
dist: 3.8009032906123523 vs. 3.8009032906123523
--------
nle(id0,id1,dist): 23 24 3.290312393051609
list:
dist: 3.290312393051609 vs. 3.290312393051609
--------
nle(id0,id1,dist): 23 25 2.251417510927558
list:
dist: 2.251417510927558 vs. 2.251417510927558
--------
nle(id0,id1,dist): 21 26 2.075140288015448
list:
dist: 2.075140288015448 vs. 2.075140288015448
--------
nle(id0,id1,dist): 21 27 2.525289695263939
list:
dist: 2.525289695263939 vs. 2.525289695263939
--------
nle(id0,id1,dist): 21 24 2.4502183697322617
list:
dist: 2.4502183697322617 vs. 2.4502183697322617
--------
nle(id0,id1,dist): 21 25 2.5658530697983806
list:
dist: 2.5658530697983806 vs. 2.5658530697983806
--------
nle(id0,id1,dist): 21 28 1.2252466631765724
list:
dist: 1.2252466631765724 vs. 1.2252466631765724
--------
nle(id0,id1,dist): 21 23 1.988555589141207
list:
dist: 1.988555589141207 vs. 1.988555589141207
--------
nle(id0,id1,dist): 21 22 2.7715102331245802
list:
dist: 2.7715102331245802 vs. 2.7715102331245802
--------
nle(id0,id1,dist): 22 27 2.129746634091133
list:
dist: 2.129746634091133 vs. 2.129746634091133
--------
nle(id0,id1,dist): 22 28 2.251707167969866
list:
dist: 2.251707167969866 vs. 2.251707167969866
--------
nle(id0,id1,dist): 22 23 3.0140379972713482
list:
dist: 3.0140379972713482 vs. 3.0140379972713482
--------
nle(id0,id1,dist): 22 24 1.1904279800311828
list:
dist: 1.1904279800311828 vs. 1.1904279800311828
--------
nle(id0,id1,dist): 22 25 1.0992958307857599
list:
dist: 1.0992958307857599 vs. 1.0992958307857599
--------
nle(id0,id1,dist): 22 26 2.011622139713774
list:
dist: 2.011622139713774 vs. 2.011622139713774
--------
nle(id0,id1,dist): 19 25 2.3240280375250006
list:
dist: 2.3240280375250006 vs. 2.3240280375250006
--------
nle(id0,id1,dist): 19 23 2.739967032743885
list:
dist: 2.739967032743885 vs. 2.739967032743885
--------
nle(id0,id1,dist): 19 20 1.0357723639259668
list:
dist: 1.0357723639259668 vs. 1.0357723639259668
--------
nle(id0,id1,dist): 19 28 3.0010583825320167
list:
dist: 3.0010583825320167 vs. 3.0010583825320167
--------
nle(id0,id1,dist): 19 26 2.5885556061026422
list:
dist: 2.5885556061026422 vs. 2.5885556061026422
--------
nle(id0,id1,dist): 20 29 2.34226775580611
list:
dist: 2.34226775580611 vs. 2.34226775580611
--------
nle(id0,id1,dist): 20 25 1.900335358356901
list:
dist: 1.900335358356901 vs. 1.900335358356901
--------
nle(id0,id1,dist): 20 26 1.9478134191411358
list:
dist: 1.9478134191411358 vs. 1.9478134191411358
--------
nle(id0,id1,dist): 20 27 3.5097547934439226
list:
dist: 3.5097547934439226 vs. 3.5097547934439226
--------
nle(id0,id1,dist): 20 28 2.608918736222024
list:
dist: 2.608918736222024 vs. 2.608918736222024
--------
nle(id0,id1,dist): 20 22 2.848007844551703
list:
dist: 2.848007844551703 vs. 2.848007844551703
--------
nle(id0,id1,dist): 20 24 2.936700482720055
list:
dist: 2.936700482720055 vs. 2.936700482720055
--------
nle(id0,id1,dist): 18 20 1.7538894647412353
list:
dist: 1.7538894647412353 vs. 1.7538894647412353
--------
nle(id0,id1,dist): 18 19 1.2333056446034814
list:
dist: 1.2333056446034814 vs. 1.2333056446034814
--------
nle(id0,id1,dist): 17 28 2.152615990655051
list:
dist: 2.152615990655051 vs. 2.152615990655051
--------
nle(id0,id1,dist): 18 23 2.715647837928078
list:
dist: 2.715647837928078 vs. 2.715647837928078
--------
nle(id0,id1,dist): 18 25 3.022920608803026
list:
dist: 3.022920608803026 vs. 3.022920608803026
--------
nle(id0,id1,dist): 18 26 2.7509364816802466
list:
dist: 2.7509364816802466 vs. 2.7509364816802466
--------
nle(id0,id1,dist): 18 28 2.990554285033159
list:
dist: 2.990554285033159 vs. 2.990554285033159
--------
nle(id0,id1,dist): 30 42 2.3795196658419027
list:
dist: 2.3795196658419027 vs. 2.3795196658419027
--------
nle(id0,id1,dist): 30 41 2.872983019378944
list:
dist: 2.872983019378944 vs. 2.872983019378944
--------
nle(id0,id1,dist): 30 38 3.2573969858619787
list:
dist: 3.2573969858619787 vs. 3.2573969858619787
--------
nle(id0,id1,dist): 30 37 1.0364986585535712
list:
dist: 1.0364986585535712 vs. 1.0364986585535712
--------
nle(id0,id1,dist): 30 36 1.349005161058595
list:
dist: 1.349005161058595 vs. 1.349005161058595
--------
nle(id0,id1,dist): 30 35 1.9269194257864815
list:
dist: 1.9269194257864815 vs. 1.9269194257864815
--------
nle(id0,id1,dist): 30 34 1.450976733902502
list:
dist: 1.450976733902502 vs. 1.450976733902502
--------
nle(id0,id1,dist): 30 33 1.6311836597329878
list:
dist: 1.6311836597329878 vs. 1.6311836597329878
--------
nle(id0,id1,dist): 30 31 2.973697231659549
list:
dist: 2.973697231659549 vs. 2.973697231659549
--------
nle(id0,id1,dist): 30 58 2.0394271611453694
list:
dist: 2.0394271611453694 vs. 2.0394271611453694
--------
nle(id0,id1,dist): 30 55 2.554862158172984
list:
dist: 2.554862158172984 vs. 2.554862158172984
--------
nle(id0,id1,dist): 30 56 0.9914311055425822
list:
dist: 0.9914311055425822 vs. 0.9914311055425822
--------
nle(id0,id1,dist): 30 54 1.1066864501032267
list:
dist: 1.1066864501032267 vs. 1.1066864501032267
--------
nle(id0,id1,dist): 30 51 1.762242761098133
list:
dist: 1.762242761098133 vs. 1.762242761098133
--------
nle(id0,id1,dist): 30 52 1.0132881630183967
list:
dist: 1.0132881630183967 vs. 1.0132881630183967
--------
nle(id0,id1,dist): 30 49 2.539514910083314
list:
dist: 2.539514910083314 vs. 2.539514910083314
--------
nle(id0,id1,dist): 30 50 2.018533092069541
list:
dist: 2.018533092069541 vs. 2.018533092069541
--------
nle(id0,id1,dist): 30 47 0.8329994241238486
list:
dist: 0.8329994241238486 vs. 0.8329994241238486
--------
nle(id0,id1,dist): 30 48 0.6470475948545875
list:
dist: 0.6470475948545875 vs. 0.6470475948545875
--------
nle(id0,id1,dist): 30 46 1.6547977118835417
list:
dist: 1.6547977118835417 vs. 1.6547977118835417
--------
nle(id0,id1,dist): 30 43 2.284520855117034
list:
dist: 2.284520855117034 vs. 2.284520855117034
--------
nle(id0,id1,dist): 30 44 2.079576754051816
list:
dist: 2.079576754051816 vs. 2.079576754051816
--------
nle(id0,id1,dist): 26 27 1.8462472520862958
list:
dist: 1.8462472520862958 vs. 1.8462472520862958
--------
nle(id0,id1,dist): 26 28 0.8850747530561683
list:
dist: 0.8850747530561683 vs. 0.8850747530561683
--------
nle(id0,id1,dist): 27 28 2.0685893084985696
list:
dist: 2.0685893084985696 vs. 2.0685893084985696
--------
nle(id0,id1,dist): 24 25 1.6205389183398995
list:
dist: 1.6205389183398995 vs. 1.6205389183398995
--------
nle(id0,id1,dist): 24 26 1.5126472097290853
list:
dist: 1.5126472097290853 vs. 1.5126472097290853
--------
nle(id0,id1,dist): 24 27 0.9563022459124431
list:
dist: 0.9563022459124431 vs. 0.9563022459124431
--------
nle(id0,id1,dist): 24 28 1.8400520244354628
list:
dist: 1.8400520244354628 vs. 1.8400520244354628
--------
nle(id0,id1,dist): 25 26 1.4035952561685525
list:
dist: 1.4035952561685525 vs. 1.4035952561685525
--------
nle(id0,id1,dist): 25 27 2.4770754661059176
list:
dist: 2.4770754661059176 vs. 2.4770754661059176
--------
nle(id0,id1,dist): 25 28 1.731056251131363
list:
dist: 1.731056251131363 vs. 1.731056251131363
--------
nle(id0,id1,dist): 62 79 3.8253327263458368
list:
dist: 3.8253327263458368 vs. 3.8253327263458368
--------
nle(id0,id1,dist): 62 80 1.972857629727365
list:
dist: 1.972857629727365 vs. 1.972857629727365
--------
nle(id0,id1,dist): 62 82 2.4564978070308157
list:
dist: 2.4564978070308157 vs. 2.4564978070308157
--------
nle(id0,id1,dist): 62 76 1.6307541970599526
list:
dist: 1.6307541970599526 vs. 1.6307541970599526
--------
nle(id0,id1,dist): 62 77 2.166616746498266
list:
dist: 2.166616746498266 vs. 2.166616746498266
--------
nle(id0,id1,dist): 62 78 1.6590187289512421
list:
dist: 1.6590187289512421 vs. 1.6590187289512421
--------
nle(id0,id1,dist): 62 83 0.8117424824851875
list:
dist: 0.8117424824851875 vs. 0.8117424824851875
--------
nle(id0,id1,dist): 62 85 1.3305720711823945
list:
dist: 1.3305720711823945 vs. 1.3305720711823945
--------
nle(id0,id1,dist): 62 64 2.1682063878332976
list:
dist: 2.1682063878332976 vs. 2.1682063878332976
--------
nle(id0,id1,dist): 62 63 0.9883867515660751
list:
dist: 0.9883867515660751 vs. 0.9883867515660751
--------
nle(id0,id1,dist): 62 66 1.89866211558778
list:
dist: 1.89866211558778 vs. 1.89866211558778
--------
nle(id0,id1,dist): 62 65 1.8175281385204338
list:
dist: 1.8175281385204338 vs. 1.8175281385204338
--------
nle(id0,id1,dist): 62 72 1.454517680567453
list:
dist: 1.454517680567453 vs. 1.454517680567453
--------
nle(id0,id1,dist): 62 71 0.7067872538456674
list:
dist: 0.7067872538456674 vs. 0.7067872538456674
--------
nle(id0,id1,dist): 62 74 3.2682134496908852
list:
dist: 3.2682134496908852 vs. 3.2682134496908852
--------
nle(id0,id1,dist): 62 73 2.0992161641462066
list:
dist: 2.0992161641462066 vs. 2.0992161641462066
--------
nle(id0,id1,dist): 62 68 2.9181737728284314
list:
dist: 2.9181737728284314 vs. 2.9181737728284314
--------
nle(id0,id1,dist): 62 67 1.066956982408088
list:
dist: 1.066956982408088 vs. 1.066956982408088
--------
nle(id0,id1,dist): 62 70 1.6843897113620396
list:
dist: 1.6843897113620396 vs. 1.6843897113620396
--------
nle(id0,id1,dist): 62 69 2.0281200823512195
list:
dist: 2.0281200823512195 vs. 2.0281200823512195
--------
nle(id0,id1,dist): 61 84 5.334472826895452
list:
dist: 5.334472826895452 vs. 5.334472826895452
--------
nle(id0,id1,dist): 61 85 1.09957965173402
list:
dist: 1.09957965173402 vs. 1.09957965173402
--------
nle(id0,id1,dist): 61 82 2.1281184887619884
list:
dist: 2.1281184887619884 vs. 2.1281184887619884
--------
nle(id0,id1,dist): 61 83 2.7028336034086493
list:
dist: 2.7028336034086493 vs. 2.7028336034086493
--------
nle(id0,id1,dist): 61 80 3.617600395057242
list:
dist: 3.617600395057242 vs. 3.617600395057242
--------
nle(id0,id1,dist): 61 81 3.530663240407355
list:
dist: 3.530663240407355 vs. 3.530663240407355
--------
nle(id0,id1,dist): 61 88 4.811501057617813
list:
dist: 4.811501057617813 vs. 4.811501057617813
--------
nle(id0,id1,dist): 61 89 3.782111371241993
list:
dist: 3.782111371241993 vs. 3.782111371241993
--------
nle(id0,id1,dist): 61 71 2.1231431639919762
list:
dist: 2.1231431639919762 vs. 2.1231431639919762
--------
nle(id0,id1,dist): 61 70 1.261794473073982
list:
dist: 1.261794473073982 vs. 1.261794473073982
--------
nle(id0,id1,dist): 61 69 4.137932603336733
list:
dist: 4.137932603336733 vs. 4.137932603336733
--------
nle(id0,id1,dist): 61 68 4.59484697774306
list:
dist: 4.59484697774306 vs. 4.59484697774306
--------
nle(id0,id1,dist): 61 67 2.9093601572692993
list:
dist: 2.9093601572692993 vs. 2.9093601572692993
--------
nle(id0,id1,dist): 61 66 3.14392594160927
list:
dist: 3.14392594160927 vs. 3.14392594160927
--------
nle(id0,id1,dist): 61 65 1.6796778258205616
list:
dist: 1.6796778258205616 vs. 1.6796778258205616
--------
nle(id0,id1,dist): 61 64 3.986958009973862
list:
dist: 3.986958009973862 vs. 3.986958009973862
--------
nle(id0,id1,dist): 61 78 3.7621427636266067
list:
dist: 3.7621427636266067 vs. 3.7621427636266067
--------
nle(id0,id1,dist): 61 77 2.7132140167199417
list:
dist: 2.7132140167199417 vs. 2.7132140167199417
--------
nle(id0,id1,dist): 61 76 3.3878235853415775
list:
dist: 3.3878235853415775 vs. 3.3878235853415775
--------
nle(id0,id1,dist): 61 75 4.234789866246134
list:
dist: 4.234789866246134 vs. 4.234789866246134
--------
nle(id0,id1,dist): 61 72 1.662488839063728
list:
dist: 1.662488839063728 vs. 1.662488839063728
--------
nle(id0,id1,dist): 64 65 2.7093842179064085
list:
dist: 2.7093842179064085 vs. 2.7093842179064085
--------
nle(id0,id1,dist): 64 66 1.3780843280333999
list:
dist: 1.3780843280333999 vs. 1.3780843280333999
--------
nle(id0,id1,dist): 64 67 1.6401142036145073
list:
dist: 1.6401142036145073 vs. 1.6401142036145073
--------
nle(id0,id1,dist): 64 68 3.840185243879881
list:
dist: 3.840185243879881 vs. 3.840185243879881
--------
nle(id0,id1,dist): 64 69 1.2375593963496516
list:
dist: 1.2375593963496516 vs. 1.2375593963496516
--------
nle(id0,id1,dist): 64 70 2.9522569602233046
list:
dist: 2.9522569602233046 vs. 2.9522569602233046
--------
nle(id0,id1,dist): 64 71 2.209265366008601
list:
dist: 2.209265366008601 vs. 2.209265366008601
--------
nle(id0,id1,dist): 64 72 3.0734556505491923
list:
dist: 3.0734556505491923 vs. 3.0734556505491923
--------
nle(id0,id1,dist): 64 73 1.4196167356067477
list:
dist: 1.4196167356067477 vs. 1.4196167356067477
--------
nle(id0,id1,dist): 64 74 1.451294619746576
list:
dist: 1.451294619746576 vs. 1.451294619746576
--------
nle(id0,id1,dist): 64 76 2.8530714332119613
list:
dist: 2.8530714332119613 vs. 2.8530714332119613
--------
nle(id0,id1,dist): 64 77 3.9231658878630435
list:
dist: 3.9231658878630435 vs. 3.9231658878630435
--------
nle(id0,id1,dist): 64 78 2.094554458026232
list:
dist: 2.094554458026232 vs. 2.094554458026232
--------
nle(id0,id1,dist): 64 79 3.9650587770301917
list:
dist: 3.9650587770301917 vs. 3.9650587770301917
--------
nle(id0,id1,dist): 64 80 2.4838115985298383
list:
dist: 2.4838115985298383 vs. 2.4838115985298383
--------
nle(id0,id1,dist): 63 72 1.7798451820644563
list:
dist: 1.7798451820644563 vs. 1.7798451820644563
--------
nle(id0,id1,dist): 63 73 1.4107084483309613
list:
dist: 1.4107084483309613 vs. 1.4107084483309613
--------
nle(id0,id1,dist): 63 70 1.947022733770901
list:
dist: 1.947022733770901 vs. 1.947022733770901
--------
nle(id0,id1,dist): 63 71 0.8839796128843294
list:
dist: 0.8839796128843294 vs. 0.8839796128843294
--------
nle(id0,id1,dist): 63 76 1.9449245698734086
list:
dist: 1.9449245698734086 vs. 1.9449245698734086
--------
nle(id0,id1,dist): 63 77 2.663801338266757
list:
dist: 2.663801338266757 vs. 2.663801338266757
--------
nle(id0,id1,dist): 63 74 2.5187004632002843
list:
dist: 2.5187004632002843 vs. 2.5187004632002843
--------
nle(id0,id1,dist): 63 80 1.6514407496110646
list:
dist: 1.6514407496110646 vs. 1.6514407496110646
--------
nle(id0,id1,dist): 63 78 1.5985743612512187
list:
dist: 1.5985743612512187 vs. 1.5985743612512187
--------
nle(id0,id1,dist): 63 79 3.7578213213638554
list:
dist: 3.7578213213638554 vs. 3.7578213213638554
--------
nle(id0,id1,dist): 63 85 2.162550132052584
list:
dist: 2.162550132052584 vs. 2.162550132052584
--------
nle(id0,id1,dist): 63 82 3.2458483849755653
list:
dist: 3.2458483849755653 vs. 3.2458483849755653
--------
nle(id0,id1,dist): 63 83 1.269565770489304
list:
dist: 1.269565770489304 vs. 1.269565770489304
--------
nle(id0,id1,dist): 63 65 1.931791794649168
list:
dist: 1.931791794649168 vs. 1.931791794649168
--------
nle(id0,id1,dist): 63 64 1.3309110853971002
list:
dist: 1.3309110853971002 vs. 1.3309110853971002
--------
nle(id0,id1,dist): 63 69 1.6104735333415574
list:
dist: 1.6104735333415574 vs. 1.6104735333415574
--------
nle(id0,id1,dist): 63 68 3.2590421388043
list:
dist: 3.2590421388043 vs. 3.2590421388043
--------
nle(id0,id1,dist): 63 67 1.2006669357783506
list:
dist: 1.2006669357783506 vs. 1.2006669357783506
--------
nle(id0,id1,dist): 63 66 1.533336823636135
list:
dist: 1.533336823636135 vs. 1.533336823636135
--------
nle(id0,id1,dist): 61 63 2.8396233441215797
list:
dist: 2.8396233441215797 vs. 2.8396233441215797
--------
nle(id0,id1,dist): 61 62 2.1612848708170214
list:
dist: 2.1612848708170214 vs. 2.1612848708170214
--------
nle(id0,id1,dist): 60 85 2.2738952280794775
list:
dist: 2.2738952280794775 vs. 2.2738952280794775
--------
nle(id0,id1,dist): 60 77 3.7122060328656024
list:
dist: 3.7122060328656024 vs. 3.7122060328656024
--------
nle(id0,id1,dist): 60 78 3.0236031852470937
list:
dist: 3.0236031852470937 vs. 3.0236031852470937
--------
nle(id0,id1,dist): 60 80 3.373190693228022
list:
dist: 3.373190693228022 vs. 3.373190693228022
--------
nle(id0,id1,dist): 60 82 3.7255709278358506
list:
dist: 3.7255709278358506 vs. 3.7255709278358506
--------
nle(id0,id1,dist): 60 83 2.4950435610477193
list:
dist: 2.4950435610477193 vs. 2.4950435610477193
--------
nle(id0,id1,dist): 60 69 2.6551481779371655
list:
dist: 2.6551481779371655 vs. 2.6551481779371655
--------
nle(id0,id1,dist): 60 70 1.4556016954283095
list:
dist: 1.4556016954283095 vs. 1.4556016954283095
--------
nle(id0,id1,dist): 60 71 1.9104562038374668
list:
dist: 1.9104562038374668 vs. 1.9104562038374668
--------
nle(id0,id1,dist): 60 72 2.4064265262750033
list:
dist: 2.4064265262750033 vs. 2.4064265262750033
--------
nle(id0,id1,dist): 60 76 3.2927287032434576
list:
dist: 3.2927287032434576 vs. 3.2927287032434576
--------
nle(id0,id1,dist): 60 64 2.213487015643935
list:
dist: 2.213487015643935 vs. 2.213487015643935
--------
nle(id0,id1,dist): 60 63 1.783188881667196
list:
dist: 1.783188881667196 vs. 1.783188881667196
--------
nle(id0,id1,dist): 60 62 1.7060698607188227
list:
dist: 1.7060698607188227 vs. 1.7060698607188227
--------
nle(id0,id1,dist): 60 61 2.303932459926859
list:
dist: 2.303932459926859 vs. 2.303932459926859
--------
nle(id0,id1,dist): 60 68 4.443834769316675
list:
dist: 4.443834769316675 vs. 4.443834769316675
--------
nle(id0,id1,dist): 60 67 1.4961317789580963
list:
dist: 1.4961317789580963 vs. 1.4961317789580963
--------
nle(id0,id1,dist): 60 66 0.9559838718425966
list:
dist: 0.9559838718425966 vs. 0.9559838718425966
--------
nle(id0,id1,dist): 60 65 1.012295975596615
list:
dist: 1.012295975596615 vs. 1.012295975596615
--------
nle(id0,id1,dist): 69 71 2.3456588009822905
list:
dist: 2.3456588009822905 vs. 2.3456588009822905
--------
nle(id0,id1,dist): 69 70 3.3986219664189306
list:
dist: 3.3986219664189306 vs. 3.3986219664189306
--------
nle(id0,id1,dist): 69 78 1.2417747142126019
list:
dist: 1.2417747142126019 vs. 1.2417747142126019
--------
nle(id0,id1,dist): 69 79 2.994944314654557
list:
dist: 2.994944314654557 vs. 2.994944314654557
--------
nle(id0,id1,dist): 69 76 2.160354035993145
list:
dist: 2.160354035993145 vs. 2.160354035993145
--------
nle(id0,id1,dist): 69 77 3.6386987683141387
list:
dist: 3.6386987683141387 vs. 3.6386987683141387
--------
nle(id0,id1,dist): 69 74 1.451339874073676
list:
dist: 1.451339874073676 vs. 1.451339874073676
--------
nle(id0,id1,dist): 69 72 3.2698683828128003
list:
dist: 3.2698683828128003 vs. 3.2698683828128003
--------
nle(id0,id1,dist): 69 73 1.2298678889877586
list:
dist: 1.2298678889877586 vs. 1.2298678889877586
--------
nle(id0,id1,dist): 69 85 3.347047339926195
list:
dist: 3.347047339926195 vs. 3.347047339926195
--------
nle(id0,id1,dist): 69 82 4.249364063159897
list:
dist: 4.249364063159897 vs. 4.249364063159897
--------
nle(id0,id1,dist): 69 83 1.9605314482211524
list:
dist: 1.9605314482211524 vs. 1.9605314482211524
--------
nle(id0,id1,dist): 69 80 2.3588316701561727
list:
dist: 2.3588316701561727 vs. 2.3588316701561727
--------
nle(id0,id1,dist): 68 74 3.8381390645692974
list:
dist: 3.8381390645692974 vs. 3.8381390645692974
--------
nle(id0,id1,dist): 68 73 2.8227441670304474
list:
dist: 2.8227441670304474 vs. 2.8227441670304474
--------
nle(id0,id1,dist): 68 76 1.4880001534366833
list:
dist: 1.4880001534366833 vs. 1.4880001534366833
--------
nle(id0,id1,dist): 68 70 4.54312195721574
list:
dist: 4.54312195721574 vs. 4.54312195721574
--------
nle(id0,id1,dist): 68 69 2.7829587515633847
list:
dist: 2.7829587515633847 vs. 2.7829587515633847
--------
nle(id0,id1,dist): 68 72 3.760659993896376
list:
dist: 3.760659993896376 vs. 3.760659993896376
--------
nle(id0,id1,dist): 68 71 3.2595087476312035
list:
dist: 3.2595087476312035 vs. 3.2595087476312035
--------
nle(id0,id1,dist): 68 81 1.7059379484974124
list:
dist: 1.7059379484974124 vs. 1.7059379484974124
--------
nle(id0,id1,dist): 68 82 3.3810934881478687
list:
dist: 3.3810934881478687 vs. 3.3810934881478687
--------
nle(id0,id1,dist): 68 83 2.2218337459518223
list:
dist: 2.2218337459518223 vs. 2.2218337459518223
--------
nle(id0,id1,dist): 68 84 2.0789717166705644
list:
dist: 2.0789717166705644 vs. 2.0789717166705644
--------
nle(id0,id1,dist): 68 77 2.8262901331796586
list:
dist: 2.8262901331796586 vs. 2.8262901331796586
--------
nle(id0,id1,dist): 68 78 1.7731533195468647
list:
dist: 1.7731533195468647 vs. 1.7731533195468647
--------
nle(id0,id1,dist): 68 79 1.6023668852553334
list:
dist: 1.6023668852553334 vs. 1.6023668852553334
--------
nle(id0,id1,dist): 68 80 2.6937503959786464
list:
dist: 2.6937503959786464 vs. 2.6937503959786464
--------
nle(id0,id1,dist): 68 89 3.5391053540054145
list:
dist: 3.5391053540054145 vs. 3.5391053540054145
--------
nle(id0,id1,dist): 68 85 3.515545046755173
list:
dist: 3.515545046755173 vs. 3.515545046755173
--------
nle(id0,id1,dist): 68 86 1.3999634816453017
list:
dist: 1.3999634816453017 vs. 1.3999634816453017
--------
nle(id0,id1,dist): 68 88 2.251964452275125
list:
dist: 2.251964452275125 vs. 2.251964452275125
--------
nle(id0,id1,dist): 70 85 1.473096380254828
list:
dist: 1.473096380254828 vs. 1.473096380254828
--------
nle(id0,id1,dist): 70 83 2.3669200681826887
list:
dist: 2.3669200681826887 vs. 2.3669200681826887
--------
nle(id0,id1,dist): 71 72 0.9306925527594823
list:
dist: 0.9306925527594823 vs. 0.9306925527594823
--------
nle(id0,id1,dist): 71 73 2.0516036508396054
list:
dist: 2.0516036508396054 vs. 2.0516036508396054
--------
nle(id0,id1,dist): 71 76 1.8141676969257927
list:
dist: 1.8141676969257927 vs. 1.8141676969257927
--------
nle(id0,id1,dist): 71 77 1.960916199485323
list:
dist: 1.960916199485323 vs. 1.960916199485323
--------
nle(id0,id1,dist): 71 74 3.3698800144743513
list:
dist: 3.3698800144743513 vs. 3.3698800144743513
--------
nle(id0,id1,dist): 70 71 1.4542793876249074
list:
dist: 1.4542793876249074 vs. 1.4542793876249074
--------
nle(id0,id1,dist): 70 72 1.3157095491710882
list:
dist: 1.3157095491710882 vs. 1.3157095491710882
--------
nle(id0,id1,dist): 70 76 3.1725125739607622
list:
dist: 3.1725125739607622 vs. 3.1725125739607622
--------
nle(id0,id1,dist): 70 77 2.8803703856344076
list:
dist: 2.8803703856344076 vs. 2.8803703856344076
--------
nle(id0,id1,dist): 70 78 3.275744539319182
list:
dist: 3.275744539319182 vs. 3.275744539319182
--------
nle(id0,id1,dist): 70 80 3.0338908083550638
list:
dist: 3.0338908083550638 vs. 3.0338908083550638
--------
nle(id0,id1,dist): 70 82 2.8249964605407505
list:
dist: 2.8249964605407505 vs. 2.8249964605407505
--------
nle(id0,id1,dist): 65 85 1.9061871633537735
list:
dist: 1.9061871633537735 vs. 1.9061871633537735
--------
nle(id0,id1,dist): 65 82 3.324237476294612
list:
dist: 3.324237476294612 vs. 3.324237476294612
--------
nle(id0,id1,dist): 65 83 2.5754440428705796
list:
dist: 2.5754440428705796 vs. 2.5754440428705796
--------
nle(id0,id1,dist): 65 80 3.2613041754407743
list:
dist: 3.2613041754407743 vs. 3.2613041754407743
--------
nle(id0,id1,dist): 65 78 3.353498124069459
list:
dist: 3.353498124069459 vs. 3.353498124069459
--------
nle(id0,id1,dist): 65 76 3.404138690447156
list:
dist: 3.404138690447156 vs. 3.404138690447156
--------
nle(id0,id1,dist): 65 77 3.347874319803152
list:
dist: 3.347874319803152 vs. 3.347874319803152
--------
nle(id0,id1,dist): 66 70 2.1512449539835745
list:
dist: 2.1512449539835745 vs. 2.1512449539835745
--------
nle(id0,id1,dist): 66 69 2.013679541962232
list:
dist: 2.013679541962232 vs. 2.013679541962232
--------
nle(id0,id1,dist): 66 68 4.309299665122978
list:
dist: 4.309299665122978 vs. 4.309299665122978
--------
nle(id0,id1,dist): 66 67 1.303626768095869
list:
dist: 1.303626768095869 vs. 1.303626768095869
--------
nle(id0,id1,dist): 64 85 3.424709895197337
list:
dist: 3.424709895197337 vs. 3.424709895197337
--------
nle(id0,id1,dist): 64 82 4.549626153925053
list:
dist: 4.549626153925053 vs. 4.549626153925053
--------
nle(id0,id1,dist): 64 83 2.3875739012436648
list:
dist: 2.3875739012436648 vs. 2.3875739012436648
--------
nle(id0,id1,dist): 65 72 1.8009866710278761
list:
dist: 1.8009866710278761 vs. 1.8009866710278761
--------
nle(id0,id1,dist): 65 69 3.264458711719868
list:
dist: 3.264458711719868 vs. 3.264458711719868
--------
nle(id0,id1,dist): 65 68 4.734604967089788
list:
dist: 4.734604967089788 vs. 4.734604967089788
--------
nle(id0,id1,dist): 65 71 1.6926300018767708
list:
dist: 1.6926300018767708 vs. 1.6926300018767708
--------
nle(id0,id1,dist): 65 70 0.5705856999542808
list:
dist: 0.5705856999542808 vs. 0.5705856999542808
--------
nle(id0,id1,dist): 65 67 2.1513538540751376
list:
dist: 2.1513538540751376 vs. 2.1513538540751376
--------
nle(id0,id1,dist): 65 66 1.735126548753923
list:
dist: 1.735126548753923 vs. 1.735126548753923
--------
nle(id0,id1,dist): 67 76 2.1221380898873794
list:
dist: 2.1221380898873794 vs. 2.1221380898873794
--------
nle(id0,id1,dist): 67 77 3.155401494446879
list:
dist: 3.155401494446879 vs. 3.155401494446879
--------
nle(id0,id1,dist): 67 74 2.656396286332527
list:
dist: 2.656396286332527 vs. 2.656396286332527
--------
nle(id0,id1,dist): 67 80 2.5457112718180355
list:
dist: 2.5457112718180355 vs. 2.5457112718180355
--------
nle(id0,id1,dist): 67 78 1.6636158713623157
list:
dist: 1.6636158713623157 vs. 1.6636158713623157
--------
nle(id0,id1,dist): 67 79 3.844365020637226
list:
dist: 3.844365020637226 vs. 3.844365020637226
--------
nle(id0,id1,dist): 67 68 3.0664051836522557
list:
dist: 3.0664051836522557 vs. 3.0664051836522557
--------
nle(id0,id1,dist): 67 69 1.3620292011346695
list:
dist: 1.3620292011346695 vs. 1.3620292011346695
--------
nle(id0,id1,dist): 67 72 2.4619398120511002
list:
dist: 2.4619398120511002 vs. 2.4619398120511002
--------
nle(id0,id1,dist): 67 73 2.025891812674866
list:
dist: 2.025891812674866 vs. 2.025891812674866
--------
nle(id0,id1,dist): 67 70 2.29238371033254
list:
dist: 2.29238371033254 vs. 2.29238371033254
--------
nle(id0,id1,dist): 67 71 1.6132123315897668
list:
dist: 1.6132123315897668 vs. 1.6132123315897668
--------
nle(id0,id1,dist): 67 85 2.2651146032694482
list:
dist: 2.2651146032694482 vs. 2.2651146032694482
--------
nle(id0,id1,dist): 67 83 1.5098968460523168
list:
dist: 1.5098968460523168 vs. 1.5098968460523168
--------
nle(id0,id1,dist): 67 82 3.4235381821369897
list:
dist: 3.4235381821369897 vs. 3.4235381821369897
--------
nle(id0,id1,dist): 66 79 4.871817985415371
list:
dist: 4.871817985415371 vs. 4.871817985415371
--------
nle(id0,id1,dist): 66 80 3.170968827801254
list:
dist: 3.170968827801254 vs. 3.170968827801254
--------
nle(id0,id1,dist): 66 82 4.259436584169279
list:
dist: 4.259436584169279 vs. 4.259436584169279
--------
nle(id0,id1,dist): 66 83 2.526226439669481
list:
dist: 2.526226439669481 vs. 2.526226439669481
--------
nle(id0,id1,dist): 66 85 2.8861575432961835
list:
dist: 2.8861575432961835 vs. 2.8861575432961835
--------
nle(id0,id1,dist): 66 71 2.085483401928561
list:
dist: 2.085483401928561 vs. 2.085483401928561
--------
nle(id0,id1,dist): 66 72 2.8154345432647103
list:
dist: 2.8154345432647103 vs. 2.8154345432647103
--------
nle(id0,id1,dist): 66 73 2.5130688053951187
list:
dist: 2.5130688053951187 vs. 2.5130688053951187
--------
nle(id0,id1,dist): 66 74 2.713000390907967
list:
dist: 2.713000390907967 vs. 2.713000390907967
--------
nle(id0,id1,dist): 66 76 3.2337838851648484
list:
dist: 3.2337838851648484 vs. 3.2337838851648484
--------
nle(id0,id1,dist): 66 77 3.9971928427626118
list:
dist: 3.9971928427626118 vs. 3.9971928427626118
--------
nle(id0,id1,dist): 66 78 2.707684187158528
list:
dist: 2.707684187158528 vs. 2.707684187158528
--------
nle(id0,id1,dist): 48 51 2.297372900891104
list:
dist: 2.297372900891104 vs. 2.297372900891104
--------
nle(id0,id1,dist): 48 52 1.2025597838180306
list:
dist: 1.2025597838180306 vs. 1.2025597838180306
--------
nle(id0,id1,dist): 48 49 2.072425212501741
list:
dist: 2.072425212501741 vs. 2.072425212501741
--------
nle(id0,id1,dist): 48 50 1.7746777491074264
list:
dist: 1.7746777491074264 vs. 1.7746777491074264
--------
nle(id0,id1,dist): 48 55 2.7464679345636918
list:
dist: 2.7464679345636918 vs. 2.7464679345636918
--------
nle(id0,id1,dist): 48 56 1.2548561372679414
list:
dist: 1.2548561372679414 vs. 1.2548561372679414
--------
nle(id0,id1,dist): 48 54 1.121202120860131
list:
dist: 1.121202120860131 vs. 1.121202120860131
--------
nle(id0,id1,dist): 48 58 1.5832247832978767
list:
dist: 1.5832247832978767 vs. 1.5832247832978767
--------
nle(id0,id1,dist): 49 50 1.722345473191597
list:
dist: 1.722345473191597 vs. 1.722345473191597
--------
nle(id0,id1,dist): 49 51 3.865674561675793
list:
dist: 3.865674561675793 vs. 3.865674561675793
--------
nle(id0,id1,dist): 49 52 3.0294001824567083
list:
dist: 3.0294001824567083 vs. 3.0294001824567083
--------
nle(id0,id1,dist): 49 54 2.0546665938841606
list:
dist: 2.0546665938841606 vs. 2.0546665938841606
--------
nle(id0,id1,dist): 49 58 0.8401260481712346
list:
dist: 0.8401260481712346 vs. 0.8401260481712346
--------
nle(id0,id1,dist): 50 53 2.3485627261362065
list:
dist: 2.3485627261362065 vs. 2.3485627261362065
--------
nle(id0,id1,dist): 50 54 0.9983358279296591
list:
dist: 0.9983358279296591 vs. 0.9983358279296591
--------
nle(id0,id1,dist): 50 51 3.6101274063459416
list:
dist: 3.6101274063459416 vs. 3.6101274063459416
--------
nle(id0,id1,dist): 50 52 2.930188323866522
list:
dist: 2.930188323866522 vs. 2.930188323866522
--------
nle(id0,id1,dist): 50 56 2.2193960740926317
list:
dist: 2.2193960740926317 vs. 2.2193960740926317
--------
nle(id0,id1,dist): 50 55 3.6634150952779474
list:
dist: 3.6634150952779474 vs. 3.6634150952779474
--------
nle(id0,id1,dist): 50 58 0.9480617856636806
list:
dist: 0.9480617856636806 vs. 0.9480617856636806
--------
nle(id0,id1,dist): 50 57 1.86053139331333
list:
dist: 1.86053139331333 vs. 1.86053139331333
--------
nle(id0,id1,dist): 44 55 4.194684934956261
list:
dist: 4.194684934956261 vs. 4.194684934956261
--------
nle(id0,id1,dist): 44 56 2.6055262066901532
list:
dist: 2.6055262066901532 vs. 2.6055262066901532
--------
nle(id0,id1,dist): 44 53 2.821521477585915
list:
dist: 2.821521477585915 vs. 2.821521477585915
--------
nle(id0,id1,dist): 44 54 1.1596731208957842
list:
dist: 1.1596731208957842 vs. 1.1596731208957842
--------
nle(id0,id1,dist): 44 57 2.4626396077614188
list:
dist: 2.4626396077614188 vs. 2.4626396077614188
--------
nle(id0,id1,dist): 44 58 0.9130851404117438
list:
dist: 0.9130851404117438 vs. 0.9130851404117438
--------
nle(id0,id1,dist): 45 73 3.1288048321922997
list:
dist: 3.1288048321922997 vs. 3.1288048321922997
--------
nle(id0,id1,dist): 45 74 2.299573074210661
list:
dist: 2.299573074210661 vs. 2.299573074210661
--------
nle(id0,id1,dist): 45 65 3.370667248693595
list:
dist: 3.370667248693595 vs. 3.370667248693595
--------
nle(id0,id1,dist): 45 64 1.7571412435631242
list:
dist: 1.7571412435631242 vs. 1.7571412435631242
--------
nle(id0,id1,dist): 45 67 2.6718062628481194
list:
dist: 2.6718062628481194 vs. 2.6718062628481194
--------
nle(id0,id1,dist): 45 66 1.7583479525837822
list:
dist: 1.7583479525837822 vs. 1.7583479525837822
--------
nle(id0,id1,dist): 45 69 2.5204569823858027
list:
dist: 2.5204569823858027 vs. 2.5204569823858027
--------
nle(id0,id1,dist): 45 70 3.831313278460081
list:
dist: 3.831313278460081 vs. 3.831313278460081
--------
nle(id0,id1,dist): 45 60 2.6315936913280598
list:
dist: 2.6315936913280598 vs. 2.6315936913280598
--------
nle(id0,id1,dist): 45 62 3.491326319238872
list:
dist: 3.491326319238872 vs. 3.491326319238872
--------
nle(id0,id1,dist): 45 63 2.8653352794731446
list:
dist: 2.8653352794731446 vs. 2.8653352794731446
--------
nle(id0,id1,dist): 46 58 3.4879837023482363
list:
dist: 3.4879837023482363 vs. 3.4879837023482363
--------
nle(id0,id1,dist): 46 55 1.350773367263421
list:
dist: 1.350773367263421 vs. 1.350773367263421
--------
nle(id0,id1,dist): 46 56 1.22109257733107
list:
dist: 1.22109257733107 vs. 1.22109257733107
--------
nle(id0,id1,dist): 46 54 2.567825427899848
list:
dist: 2.567825427899848 vs. 2.567825427899848
--------
nle(id0,id1,dist): 46 51 2.0729814469985173
list:
dist: 2.0729814469985173 vs. 2.0729814469985173
--------
nle(id0,id1,dist): 46 52 1.4171316987374387
list:
dist: 1.4171316987374387 vs. 1.4171316987374387
--------
nle(id0,id1,dist): 46 50 3.381639655854625
list:
dist: 3.381639655854625 vs. 3.381639655854625
--------
nle(id0,id1,dist): 46 47 2.1678550849273375
list:
dist: 2.1678550849273375 vs. 2.1678550849273375
--------
nle(id0,id1,dist): 46 48 1.9620701218360654
list:
dist: 1.9620701218360654 vs. 1.9620701218360654
--------
nle(id0,id1,dist): 47 58 2.033296995898444
list:
dist: 2.033296995898444 vs. 2.033296995898444
--------
nle(id0,id1,dist): 47 55 3.2534726005830907
list:
dist: 3.2534726005830907 vs. 3.2534726005830907
--------
nle(id0,id1,dist): 47 54 1.5545747168120847
list:
dist: 1.5545747168120847 vs. 1.5545747168120847
--------
nle(id0,id1,dist): 47 56 1.7941836433855265
list:
dist: 1.7941836433855265 vs. 1.7941836433855265
--------
nle(id0,id1,dist): 47 50 2.334743492586913
list:
dist: 2.334743492586913 vs. 2.334743492586913
--------
nle(id0,id1,dist): 47 51 1.691364990382915
list:
dist: 1.691364990382915 vs. 1.691364990382915
--------
nle(id0,id1,dist): 47 52 0.9223372714556012
list:
dist: 0.9223372714556012 vs. 0.9223372714556012
--------
nle(id0,id1,dist): 47 48 0.8875859676444434
list:
dist: 0.8875859676444434 vs. 0.8875859676444434
--------
nle(id0,id1,dist): 47 49 2.2528807209396384
list:
dist: 2.2528807209396384 vs. 2.2528807209396384
--------
nle(id0,id1,dist): 55 56 1.651111920296103
list:
dist: 1.651111920296103 vs. 1.651111920296103
--------
nle(id0,id1,dist): 55 58 3.985981948820552
list:
dist: 3.985981948820552 vs. 3.985981948820552
--------
nle(id0,id1,dist): 56 58 2.506227777749868
list:
dist: 2.506227777749868 vs. 2.506227777749868
--------
nle(id0,id1,dist): 57 58 2.3432012620765725
list:
dist: 2.3432012620765725 vs. 2.3432012620765725
--------
nle(id0,id1,dist): 51 58 3.5949877335018647
list:
dist: 3.5949877335018647 vs. 3.5949877335018647
--------
nle(id0,id1,dist): 51 52 1.4818028309873577
list:
dist: 1.4818028309873577 vs. 1.4818028309873577
--------
nle(id0,id1,dist): 51 54 2.6298261761726627
list:
dist: 2.6298261761726627 vs. 2.6298261761726627
--------
nle(id0,id1,dist): 51 55 3.302261034997575
list:
dist: 3.302261034997575 vs. 3.302261034997575
--------
nle(id0,id1,dist): 51 56 2.3044854470827234
list:
dist: 2.3044854470827234 vs. 2.3044854470827234
--------
nle(id0,id1,dist): 52 55 2.656662877577659
list:
dist: 2.656662877577659 vs. 2.656662877577659
--------
nle(id0,id1,dist): 52 56 1.5748947841386167
list:
dist: 1.5748947841386167 vs. 1.5748947841386167
--------
nle(id0,id1,dist): 52 54 2.09217549569357
list:
dist: 2.09217549569357 vs. 2.09217549569357
--------
nle(id0,id1,dist): 52 58 2.7200973016704966
list:
dist: 2.7200973016704966 vs. 2.7200973016704966
--------
nle(id0,id1,dist): 53 54 2.806313483962418
list:
dist: 2.806313483962418 vs. 2.806313483962418
--------
nle(id0,id1,dist): 53 57 2.0713712800124044
list:
dist: 2.0713712800124044 vs. 2.0713712800124044
--------
nle(id0,id1,dist): 53 58 3.2627875370408126
list:
dist: 3.2627875370408126 vs. 3.2627875370408126
--------
nle(id0,id1,dist): 54 58 1.3778848612566659
list:
dist: 1.3778848612566659 vs. 1.3778848612566659
--------
nle(id0,id1,dist): 54 57 2.7939061753088197
list:
dist: 2.7939061753088197 vs. 2.7939061753088197
--------
nle(id0,id1,dist): 54 56 1.4701618344503897
list:
dist: 1.4701618344503897 vs. 1.4701618344503897
--------
nle(id0,id1,dist): 54 55 3.0800383275022774
list:
dist: 3.0800383275022774 vs. 3.0800383275022774
--------
nle(id0,id1,dist): 93 112 2.3879321591332956
list:
dist: 2.3879321591332956 vs. 2.3879321591332956
--------
nle(id0,id1,dist): 93 119 3.7425472808220848
list:
dist: 3.7425472808220848 vs. 3.7425472808220848
--------
nle(id0,id1,dist): 93 97 3.499681847228377
list:
dist: 3.499681847228377 vs. 3.499681847228377
--------
nle(id0,id1,dist): 93 96 3.331061194502285
list:
dist: 3.331061194502285 vs. 3.331061194502285
--------
nle(id0,id1,dist): 93 99 2.156343445751094
list:
dist: 2.156343445751094 vs. 2.156343445751094
--------
nle(id0,id1,dist): 93 98 3.1440150105862688
list:
dist: 3.1440150105862688 vs. 3.1440150105862688
--------
nle(id0,id1,dist): 93 101 2.242453641945185
list:
dist: 2.242453641945185 vs. 2.242453641945185
--------
nle(id0,id1,dist): 93 100 2.7388727392754224
list:
dist: 2.7388727392754224 vs. 2.7388727392754224
--------
nle(id0,id1,dist): 93 103 3.0735540217746546
list:
dist: 3.0735540217746546 vs. 3.0735540217746546
--------
nle(id0,id1,dist): 93 102 2.8159770736499556
list:
dist: 2.8159770736499556 vs. 2.8159770736499556
--------
nle(id0,id1,dist): 93 105 2.9283944605882515
list:
dist: 2.9283944605882515 vs. 2.9283944605882515
--------
nle(id0,id1,dist): 93 104 1.0479748935600421
list:
dist: 1.0479748935600421 vs. 1.0479748935600421
--------
nle(id0,id1,dist): 93 107 3.240270379192572
list:
dist: 3.240270379192572 vs. 3.240270379192572
--------
nle(id0,id1,dist): 93 106 2.4698106784547433
list:
dist: 2.4698106784547433 vs. 2.4698106784547433
--------
nle(id0,id1,dist): 93 108 2.425053321835192
list:
dist: 2.425053321835192 vs. 2.425053321835192
--------
nle(id0,id1,dist): 94 109 4.7577093662400545
list:
dist: 4.7577093662400545 vs. 4.7577093662400545
--------
nle(id0,id1,dist): 94 110 3.3435666009263785
list:
dist: 3.3435666009263785 vs. 3.3435666009263785
--------
nle(id0,id1,dist): 94 107 3.7283498085640625
list:
dist: 3.7283498085640625 vs. 3.7283498085640625
--------
nle(id0,id1,dist): 94 108 2.180198238005426
list:
dist: 2.180198238005426 vs. 2.180198238005426
--------
nle(id0,id1,dist): 94 114 3.9121721297813257
list:
dist: 3.9121721297813257 vs. 3.9121721297813257
--------
nle(id0,id1,dist): 94 111 3.15736588049978
list:
dist: 3.15736588049978 vs. 3.15736588049978
--------
nle(id0,id1,dist): 94 112 0.933405037975618
list:
dist: 0.933405037975618 vs. 0.933405037975618
--------
nle(id0,id1,dist): 94 118 2.6615584209550427
list:
dist: 2.6615584209550427 vs. 2.6615584209550427
--------
nle(id0,id1,dist): 94 115 2.3108751233670106
list:
dist: 2.3108751233670106 vs. 2.3108751233670106
--------
nle(id0,id1,dist): 94 116 3.8382971370172463
list:
dist: 3.8382971370172463 vs. 3.8382971370172463
--------
nle(id0,id1,dist): 94 119 3.7121268571138684
list:
dist: 3.7121268571138684 vs. 3.7121268571138684
--------
nle(id0,id1,dist): 94 98 1.9158608378274933
list:
dist: 1.9158608378274933 vs. 1.9158608378274933
--------
nle(id0,id1,dist): 94 97 3.452682148005901
list:
dist: 3.452682148005901 vs. 3.452682148005901
--------
nle(id0,id1,dist): 94 96 2.964159576672745
list:
dist: 2.964159576672745 vs. 2.964159576672745
--------
nle(id0,id1,dist): 94 95 1.7683882239677826
list:
dist: 1.7683882239677826 vs. 1.7683882239677826
--------
nle(id0,id1,dist): 94 102 1.7013467356725143
list:
dist: 1.7013467356725143 vs. 1.7013467356725143
--------
nle(id0,id1,dist): 94 101 2.6719881469673012
list:
dist: 2.6719881469673012 vs. 2.6719881469673012
--------
nle(id0,id1,dist): 94 99 2.101850864194986
list:
dist: 2.101850864194986 vs. 2.101850864194986
--------
nle(id0,id1,dist): 94 106 2.9373913706923145
list:
dist: 2.9373913706923145 vs. 2.9373913706923145
--------
nle(id0,id1,dist): 94 105 2.436934429832051
list:
dist: 2.436934429832051 vs. 2.436934429832051
--------
nle(id0,id1,dist): 94 104 1.838107695238843
list:
dist: 1.838107695238843 vs. 1.838107695238843
--------
nle(id0,id1,dist): 94 103 2.0773032382720773
list:
dist: 2.0773032382720773 vs. 2.0773032382720773
--------
nle(id0,id1,dist): 92 97 3.4889075178118634
list:
dist: 3.4889075178118634 vs. 3.4889075178118634
--------
nle(id0,id1,dist): 92 98 1.9281195844753876
list:
dist: 1.9281195844753876 vs. 1.9281195844753876
--------
nle(id0,id1,dist): 92 99 2.7833816607219246
list:
dist: 2.7833816607219246 vs. 2.7833816607219246
--------
nle(id0,id1,dist): 92 93 2.7569196269217993
list:
dist: 2.7569196269217993 vs. 2.7569196269217993
--------
nle(id0,id1,dist): 92 94 1.222984488525145
list:
dist: 1.222984488525145 vs. 1.222984488525145
--------
nle(id0,id1,dist): 92 95 2.0129840020088094
list:
dist: 2.0129840020088094 vs. 2.0129840020088094
--------
nle(id0,id1,dist): 92 96 2.938580081166681
list:
dist: 2.938580081166681 vs. 2.938580081166681
--------
nle(id0,id1,dist): 91 111 2.8997569840210677
list:
dist: 2.8997569840210677 vs. 2.8997569840210677
--------
nle(id0,id1,dist): 91 110 3.2640472633239725
list:
dist: 3.2640472633239725 vs. 3.2640472633239725
--------
nle(id0,id1,dist): 91 112 1.4195192897629354
list:
dist: 1.4195192897629354 vs. 1.4195192897629354
--------
nle(id0,id1,dist): 91 107 3.4472605580880855
list:
dist: 3.4472605580880855 vs. 3.4472605580880855
--------
nle(id0,id1,dist): 91 106 2.765987132626221
list:
dist: 2.765987132626221 vs. 2.765987132626221
--------
nle(id0,id1,dist): 91 109 4.475359474087788
list:
dist: 4.475359474087788 vs. 4.475359474087788
--------
nle(id0,id1,dist): 91 108 1.8291926284775095
list:
dist: 1.8291926284775095 vs. 1.8291926284775095
--------
nle(id0,id1,dist): 91 119 3.5875770974913728
list:
dist: 3.5875770974913728 vs. 3.5875770974913728
--------
nle(id0,id1,dist): 91 118 2.6713295568903135
list:
dist: 2.6713295568903135 vs. 2.6713295568903135
--------
nle(id0,id1,dist): 91 115 2.4844036797501574
list:
dist: 2.4844036797501574 vs. 2.4844036797501574
--------
nle(id0,id1,dist): 91 114 4.058583413915708
list:
dist: 4.058583413915708 vs. 4.058583413915708
--------
nle(id0,id1,dist): 91 116 3.9064327843872624
list:
dist: 3.9064327843872624 vs. 3.9064327843872624
--------
nle(id0,id1,dist): 92 119 3.871081790304357
list:
dist: 3.871081790304357 vs. 3.871081790304357
--------
nle(id0,id1,dist): 92 118 2.8752274911913265
list:
dist: 2.8752274911913265 vs. 2.8752274911913265
--------
nle(id0,id1,dist): 93 94 1.7539078365169873
list:
dist: 1.7539078365169873 vs. 1.7539078365169873
--------
nle(id0,id1,dist): 93 95 2.166229295880021
list:
dist: 2.166229295880021 vs. 2.166229295880021
--------
nle(id0,id1,dist): 92 108 2.849980770733621
list:
dist: 2.849980770733621 vs. 2.849980770733621
--------
nle(id0,id1,dist): 92 107 4.070378657225569
list:
dist: 4.070378657225569 vs. 4.070378657225569
--------
nle(id0,id1,dist): 92 106 3.2327590278350713
list:
dist: 3.2327590278350713 vs. 3.2327590278350713
--------
nle(id0,id1,dist): 92 105 2.4399748028148225
list:
dist: 2.4399748028148225 vs. 2.4399748028148225
--------
nle(id0,id1,dist): 92 104 2.5287003676319886
list:
dist: 2.5287003676319886 vs. 2.5287003676319886
--------
nle(id0,id1,dist): 92 103 2.2022711568343087
list:
dist: 2.2022711568343087 vs. 2.2022711568343087
--------
nle(id0,id1,dist): 92 102 1.5770063648452328
list:
dist: 1.5770063648452328 vs. 1.5770063648452328
--------
nle(id0,id1,dist): 92 101 3.225076912366101
list:
dist: 3.225076912366101 vs. 3.225076912366101
--------
nle(id0,id1,dist): 92 116 3.7591053824217457
list:
dist: 3.7591053824217457 vs. 3.7591053824217457
--------
nle(id0,id1,dist): 92 115 2.4825402251058857
list:
dist: 2.4825402251058857 vs. 2.4825402251058857
--------
nle(id0,id1,dist): 92 114 3.697825686362379
list:
dist: 3.697825686362379 vs. 3.697825686362379
--------
nle(id0,id1,dist): 92 112 1.2681892457424735
list:
dist: 1.2681892457424735 vs. 1.2681892457424735
--------
nle(id0,id1,dist): 92 111 3.6351693615709904
list:
dist: 3.6351693615709904 vs. 3.6351693615709904
--------
nle(id0,id1,dist): 92 110 3.505713568217101
list:
dist: 3.505713568217101 vs. 3.505713568217101
--------
nle(id0,id1,dist): 92 109 5.054794917875173
list:
dist: 5.054794917875173 vs. 5.054794917875173
--------
nle(id0,id1,dist): 97 101 1.5051466771841326
list:
dist: 1.5051466771841326 vs. 1.5051466771841326
--------
nle(id0,id1,dist): 97 102 2.2268226117643377
list:
dist: 2.2268226117643377 vs. 2.2268226117643377
--------
nle(id0,id1,dist): 97 105 1.1468305132746737
list:
dist: 1.1468305132746737 vs. 1.1468305132746737
--------
nle(id0,id1,dist): 97 104 2.4880661038224305
list:
dist: 2.4880661038224305 vs. 2.4880661038224305
--------
nle(id0,id1,dist): 97 107 1.114457112937829
list:
dist: 1.114457112937829 vs. 1.114457112937829
--------
nle(id0,id1,dist): 97 106 1.2803725675659081
list:
dist: 1.2803725675659081 vs. 1.2803725675659081
--------
nle(id0,id1,dist): 97 99 2.0600555936392912
list:
dist: 2.0600555936392912 vs. 2.0600555936392912
--------
nle(id0,id1,dist): 97 98 2.639788896386307
list:
dist: 2.639788896386307 vs. 2.639788896386307
--------
nle(id0,id1,dist): 96 113 1.508233214356652
list:
dist: 1.508233214356652 vs. 1.508233214356652
--------
nle(id0,id1,dist): 96 114 1.0540721077625703
list:
dist: 1.0540721077625703 vs. 1.0540721077625703
--------
nle(id0,id1,dist): 96 115 2.355605783008694
list:
dist: 2.355605783008694 vs. 2.355605783008694
--------
nle(id0,id1,dist): 96 116 1.1350964608264504
list:
dist: 1.1350964608264504 vs. 1.1350964608264504
--------
nle(id0,id1,dist): 96 117 3.2058733542640807
list:
dist: 3.2058733542640807 vs. 3.2058733542640807
--------
nle(id0,id1,dist): 96 118 1.5676843421352364
list:
dist: 1.5676843421352364 vs. 1.5676843421352364
--------
nle(id0,id1,dist): 96 119 0.992849505515151
list:
dist: 0.992849505515151 vs. 0.992849505515151
--------
nle(id0,id1,dist): 98 102 0.7089904636400839
list:
dist: 0.7089904636400839 vs. 0.7089904636400839
--------
nle(id0,id1,dist): 98 101 2.475603981728071
list:
dist: 2.475603981728071 vs. 2.475603981728071
--------
nle(id0,id1,dist): 98 99 1.7317928862144838
list:
dist: 1.7317928862144838 vs. 1.7317928862144838
--------
nle(id0,id1,dist): 97 118 2.1710847380559954
list:
dist: 2.1710847380559954 vs. 2.1710847380559954
--------
nle(id0,id1,dist): 97 119 0.7086863481916954
list:
dist: 0.7086863481916954 vs. 0.7086863481916954
--------
nle(id0,id1,dist): 97 116 1.3882066137990459
list:
dist: 1.3882066137990459 vs. 1.3882066137990459
--------
nle(id0,id1,dist): 97 117 2.52637631134809
list:
dist: 2.52637631134809 vs. 2.52637631134809
--------
nle(id0,id1,dist): 97 110 1.1654144360236576
list:
dist: 1.1654144360236576 vs. 1.1654144360236576
--------
nle(id0,id1,dist): 97 111 2.5074588883827174
list:
dist: 2.5074588883827174 vs. 2.5074588883827174
--------
nle(id0,id1,dist): 97 108 2.258370027623723
list:
dist: 2.258370027623723 vs. 2.258370027623723
--------
nle(id0,id1,dist): 97 109 1.8790660261019307
list:
dist: 1.8790660261019307 vs. 1.8790660261019307
--------
nle(id0,id1,dist): 97 114 1.1728788029070447
list:
dist: 1.1728788029070447 vs. 1.1728788029070447
--------
nle(id0,id1,dist): 97 115 3.0272926683548986
list:
dist: 3.0272926683548986 vs. 3.0272926683548986
--------
nle(id0,id1,dist): 97 112 3.0048909887867628
list:
dist: 3.0048909887867628 vs. 3.0048909887867628
--------
nle(id0,id1,dist): 97 113 1.1026281607631152
list:
dist: 1.1026281607631152 vs. 1.1026281607631152
--------
nle(id0,id1,dist): 95 115 2.0935233980674663
list:
dist: 2.0935233980674663 vs. 2.0935233980674663
--------
nle(id0,id1,dist): 95 114 2.293261937891452
list:
dist: 2.293261937891452 vs. 2.293261937891452
--------
nle(id0,id1,dist): 95 116 2.2920472146092563
list:
dist: 2.2920472146092563 vs. 2.2920472146092563
--------
nle(id0,id1,dist): 95 111 2.2588635022965877
list:
dist: 2.2588635022965877 vs. 2.2588635022965877
--------
nle(id0,id1,dist): 95 110 1.7849196694016056
list:
dist: 1.7849196694016056 vs. 1.7849196694016056
--------
nle(id0,id1,dist): 95 112 1.4507159388108322
list:
dist: 1.4507159388108322 vs. 1.4507159388108322
--------
nle(id0,id1,dist): 95 107 2.0909890637622706
list:
dist: 2.0909890637622706 vs. 2.0909890637622706
--------
nle(id0,id1,dist): 95 106 1.4198980714559915
list:
dist: 1.4198980714559915 vs. 1.4198980714559915
--------
nle(id0,id1,dist): 95 109 3.135605832816508
list:
dist: 3.135605832816508 vs. 3.135605832816508
--------
nle(id0,id1,dist): 95 108 1.387045049450056
list:
dist: 1.387045049450056 vs. 1.387045049450056
--------
nle(id0,id1,dist): 95 103 3.7579121976060152
list:
dist: 3.7579121976060152 vs. 3.7579121976060152
--------
nle(id0,id1,dist): 95 102 1.0129580116126746
list:
dist: 1.0129580116126746 vs. 1.0129580116126746
--------
nle(id0,id1,dist): 95 105 0.7859667184145337
list:
dist: 0.7859667184145337 vs. 0.7859667184145337
--------
nle(id0,id1,dist): 95 104 1.3297118988838603
list:
dist: 1.3297118988838603 vs. 1.3297118988838603
--------
nle(id0,id1,dist): 95 98 1.5632726390310578
list:
dist: 1.5632726390310578 vs. 1.5632726390310578
--------
nle(id0,id1,dist): 95 99 1.1449818847424993
list:
dist: 1.1449818847424993 vs. 1.1449818847424993
--------
nle(id0,id1,dist): 95 101 1.2653229688271292
list:
dist: 1.2653229688271292 vs. 1.2653229688271292
--------
nle(id0,id1,dist): 95 96 1.2644007798222703
list:
dist: 1.2644007798222703 vs. 1.2644007798222703
--------
nle(id0,id1,dist): 95 97 1.684845713915752
list:
dist: 1.684845713915752 vs. 1.684845713915752
--------
nle(id0,id1,dist): 96 112 2.398153634838468
list:
dist: 2.398153634838468 vs. 2.398153634838468
--------
nle(id0,id1,dist): 96 111 2.1064491613959966
list:
dist: 2.1064491613959966 vs. 2.1064491613959966
--------
nle(id0,id1,dist): 96 110 0.8923066597991359
list:
dist: 0.8923066597991359 vs. 0.8923066597991359
--------
nle(id0,id1,dist): 96 109 2.231293615506891
list:
dist: 2.231293615506891 vs. 2.231293615506891
--------
nle(id0,id1,dist): 96 108 1.8560943062871877
list:
dist: 1.8560943062871877 vs. 1.8560943062871877
--------
nle(id0,id1,dist): 96 107 1.6567707170355075
list:
dist: 1.6567707170355075 vs. 1.6567707170355075
--------
nle(id0,id1,dist): 96 106 1.559871587279237
list:
dist: 1.559871587279237 vs. 1.559871587279237
--------
nle(id0,id1,dist): 96 105 0.5310705004370758
list:
dist: 0.5310705004370758 vs. 0.5310705004370758
--------
nle(id0,id1,dist): 96 104 2.3825945507733346
list:
dist: 2.3825945507733346 vs. 2.3825945507733346
--------
nle(id0,id1,dist): 96 102 1.5626713251686672
list:
dist: 1.5626713251686672 vs. 1.5626713251686672
--------
nle(id0,id1,dist): 96 101 1.544591157998642
list:
dist: 1.544591157998642 vs. 1.544591157998642
--------
nle(id0,id1,dist): 96 99 1.7296102905952013
list:
dist: 1.7296102905952013 vs. 1.7296102905952013
--------
nle(id0,id1,dist): 96 98 1.9447103746743495
list:
dist: 1.9447103746743495 vs. 1.9447103746743495
--------
nle(id0,id1,dist): 96 97 0.7182164221617992
list:
dist: 0.7182164221617992 vs. 0.7182164221617992
--------
nle(id0,id1,dist): 95 118 1.7116206053806768
list:
dist: 1.7116206053806768 vs. 1.7116206053806768
--------
nle(id0,id1,dist): 95 119 1.9986603450437095
list:
dist: 1.9986603450437095 vs. 1.9986603450437095
--------
nle(id0,id1,dist): 87 88 1.4580976767263274
list:
dist: 1.4580976767263274 vs. 1.4580976767263274
--------
nle(id0,id1,dist): 84 116 4.4973604189249095
list:
dist: 4.4973604189249095 vs. 4.4973604189249095
--------
nle(id0,id1,dist): 84 114 3.9933812513928864
list:
dist: 3.9933812513928864 vs. 3.9933812513928864
--------
nle(id0,id1,dist): 85 88 3.8091867249821165
list:
dist: 3.8091867249821165 vs. 3.8091867249821165
--------
nle(id0,id1,dist): 85 89 3.1286135318810615
list:
dist: 3.1286135318810615 vs. 3.1286135318810615
--------
nle(id0,id1,dist): 86 87 1.9677183598158445
list:
dist: 1.9677183598158445 vs. 1.9677183598158445
--------
nle(id0,id1,dist): 86 88 1.5988743659316258
list:
dist: 1.5988743659316258 vs. 1.5988743659316258
--------
nle(id0,id1,dist): 90 92 3.4842498880678225
list:
dist: 3.4842498880678225 vs. 3.4842498880678225
--------
nle(id0,id1,dist): 89 116 3.852840543864474
list:
dist: 3.852840543864474 vs. 3.852840543864474
--------
nle(id0,id1,dist): 90 103 4.207284879484557
list:
dist: 4.207284879484557 vs. 4.207284879484557
--------
nle(id0,id1,dist): 90 98 3.690419548084674
list:
dist: 3.690419548084674 vs. 3.690419548084674
--------
nle(id0,id1,dist): 90 102 3.970014495347442
list:
dist: 3.970014495347442 vs. 3.970014495347442
--------
nle(id0,id1,dist): 90 115 3.723266051210214
list:
dist: 3.723266051210214 vs. 3.723266051210214
--------
nle(id0,id1,dist): 91 99 1.7233718605460064
list:
dist: 1.7233718605460064 vs. 1.7233718605460064
--------
nle(id0,id1,dist): 91 98 2.2342855121136482
list:
dist: 2.2342855121136482 vs. 2.2342855121136482
--------
nle(id0,id1,dist): 91 101 2.3057764360017963
list:
dist: 2.3057764360017963 vs. 2.3057764360017963
--------
nle(id0,id1,dist): 91 103 2.614803211320517
list:
dist: 2.614803211320517 vs. 2.614803211320517
--------
nle(id0,id1,dist): 91 102 2.099141050828223
list:
dist: 2.099141050828223 vs. 2.099141050828223
--------
nle(id0,id1,dist): 91 105 2.5656708485423514
list:
dist: 2.5656708485423514 vs. 2.5656708485423514
--------
nle(id0,id1,dist): 91 104 1.511663077406786
list:
dist: 1.511663077406786 vs. 1.511663077406786
--------
nle(id0,id1,dist): 91 93 1.1651315485576745
list:
dist: 1.1651315485576745 vs. 1.1651315485576745
--------
nle(id0,id1,dist): 91 92 2.1071386263247742
list:
dist: 2.1071386263247742 vs. 2.1071386263247742
--------
nle(id0,id1,dist): 91 95 1.8467649502137846
list:
dist: 1.8467649502137846 vs. 1.8467649502137846
--------
nle(id0,id1,dist): 91 94 0.9082238637221869
list:
dist: 0.9082238637221869 vs. 0.9082238637221869
--------
nle(id0,id1,dist): 91 97 3.4331576683668468
list:
dist: 3.4331576683668468 vs. 3.4331576683668468
--------
nle(id0,id1,dist): 91 96 3.044571598204999
list:
dist: 3.044571598204999 vs. 3.044571598204999
--------
nle(id0,id1,dist): 88 89 2.27070484396699
list:
dist: 2.27070484396699 vs. 2.27070484396699
--------
nle(id0,id1,dist): 89 98 4.100496432836154
list:
dist: 4.100496432836154 vs. 4.100496432836154
--------
nle(id0,id1,dist): 89 92 4.178009555123352
list:
dist: 4.178009555123352 vs. 4.178009555123352
--------
nle(id0,id1,dist): 89 115 4.491654071304467
list:
dist: 4.491654071304467 vs. 4.491654071304467
--------
nle(id0,id1,dist): 89 114 3.4910770648444873
list:
dist: 3.4910770648444873 vs. 3.4910770648444873
--------
nle(id0,id1,dist): 89 102 3.888385618273836
list:
dist: 3.888385618273836 vs. 3.888385618273836
--------
nle(id0,id1,dist): 81 82 1.9340924448394758
list:
dist: 1.9340924448394758 vs. 1.9340924448394758
--------
nle(id0,id1,dist): 81 83 1.691387071329174
list:
dist: 1.691387071329174 vs. 1.691387071329174
--------
nle(id0,id1,dist): 81 88 1.4419800581378208
list:
dist: 1.4419800581378208 vs. 1.4419800581378208
--------
nle(id0,id1,dist): 81 89 2.2359557342831655
list:
dist: 2.2359557342831655 vs. 2.2359557342831655
--------
nle(id0,id1,dist): 81 86 1.6336133473885348
list:
dist: 1.6336133473885348 vs. 1.6336133473885348
--------
nle(id0,id1,dist): 81 87 2.751383486707518
list:
dist: 2.751383486707518 vs. 2.751383486707518
--------
nle(id0,id1,dist): 81 84 1.8535201258448821
list:
dist: 1.8535201258448821 vs. 1.8535201258448821
--------
nle(id0,id1,dist): 81 85 2.4669595825882373
list:
dist: 2.4669595825882373 vs. 2.4669595825882373
--------
nle(id0,id1,dist): 80 85 2.7003064835631942
list:
dist: 2.7003064835631942 vs. 2.7003064835631942
--------
nle(id0,id1,dist): 80 86 2.2394699459663516
list:
dist: 2.2394699459663516 vs. 2.2394699459663516
--------
nle(id0,id1,dist): 80 88 3.0012468368601515
list:
dist: 3.0012468368601515 vs. 3.0012468368601515
--------
nle(id0,id1,dist): 80 81 2.02598374013871
list:
dist: 2.02598374013871 vs. 2.02598374013871
--------
nle(id0,id1,dist): 80 82 3.0483641783354525
list:
dist: 3.0483641783354525 vs. 3.0483641783354525
--------
nle(id0,id1,dist): 80 83 1.4397477622700992
list:
dist: 1.4397477622700992 vs. 1.4397477622700992
--------
nle(id0,id1,dist): 80 84 3.333309034838156
list:
dist: 3.333309034838156 vs. 3.333309034838156
--------
nle(id0,id1,dist): 80 89 4.007020457929147
list:
dist: 4.007020457929147 vs. 4.007020457929147
--------
nle(id0,id1,dist): 79 88 2.83618378968749
list:
dist: 2.83618378968749 vs. 2.83618378968749
--------
nle(id0,id1,dist): 79 86 1.3151062669752018
list:
dist: 1.3151062669752018 vs. 1.3151062669752018
--------
nle(id0,id1,dist): 79 81 2.7330818374675334
list:
dist: 2.7330818374675334 vs. 2.7330818374675334
--------
nle(id0,id1,dist): 79 80 2.845322041569309
list:
dist: 2.845322041569309 vs. 2.845322041569309
--------
nle(id0,id1,dist): 79 84 2.5012715294665546
list:
dist: 2.5012715294665546 vs. 2.5012715294665546
--------
nle(id0,id1,dist): 79 83 3.096898733968729
list:
dist: 3.096898733968729 vs. 3.096898733968729
--------
nle(id0,id1,dist): 78 80 1.5415034661157185
list:
dist: 1.5415034661157185 vs. 1.5415034661157185
--------
nle(id0,id1,dist): 78 79 2.2439371463111883
list:
dist: 2.2439371463111883 vs. 2.2439371463111883
--------
nle(id0,id1,dist): 78 82 3.3087300610500607
list:
dist: 3.3087300610500607 vs. 3.3087300610500607
--------
nle(id0,id1,dist): 78 81 2.0890130788389665
list:
dist: 2.0890130788389665 vs. 2.0890130788389665
--------
nle(id0,id1,dist): 78 84 3.3473655257800763
list:
dist: 3.3473655257800763 vs. 3.3473655257800763
--------
nle(id0,id1,dist): 78 83 1.110670908595261
list:
dist: 1.110670908595261 vs. 1.110670908595261
--------
nle(id0,id1,dist): 78 86 2.154651219803228
list:
dist: 2.154651219803228 vs. 2.154651219803228
--------
nle(id0,id1,dist): 78 85 2.7676845507868353
list:
dist: 2.7676845507868353 vs. 2.7676845507868353
--------
nle(id0,id1,dist): 78 88 3.2335472577746946
list:
dist: 3.2335472577746946 vs. 3.2335472577746946
--------
nle(id0,id1,dist): 78 89 4.21362001398126
list:
dist: 4.21362001398126 vs. 4.21362001398126
--------
nle(id0,id1,dist): 84 89 2.7813705954044052
list:
dist: 2.7813705954044052 vs. 2.7813705954044052
--------
nle(id0,id1,dist): 84 87 1.1732375620277813
list:
dist: 1.1732375620277813 vs. 1.1732375620277813
--------
nle(id0,id1,dist): 84 88 0.6926062098914041
list:
dist: 0.6926062098914041 vs. 0.6926062098914041
--------
nle(id0,id1,dist): 84 85 4.297056576348038
list:
dist: 4.297056576348038 vs. 4.297056576348038
--------
nle(id0,id1,dist): 84 86 1.4624270647312627
list:
dist: 1.4624270647312627 vs. 1.4624270647312627
--------
nle(id0,id1,dist): 83 86 2.550686225695368
list:
dist: 2.550686225695368 vs. 2.550686225695368
--------
nle(id0,id1,dist): 83 88 3.0902961563237907
list:
dist: 3.0902961563237907 vs. 3.0902961563237907
--------
nle(id0,id1,dist): 83 89 3.5019321743624605
list:
dist: 3.5019321743624605 vs. 3.5019321743624605
--------
nle(id0,id1,dist): 83 84 3.4086678068888814
list:
dist: 3.4086678068888814 vs. 3.4086678068888814
--------
nle(id0,id1,dist): 83 85 1.6776812572298043
list:
dist: 1.6776812572298043 vs. 1.6776812572298043
--------
nle(id0,id1,dist): 82 89 1.7047818707875646
list:
dist: 1.7047818707875646 vs. 1.7047818707875646
--------
nle(id0,id1,dist): 82 88 2.8963600344759293
list:
dist: 2.8963600344759293 vs. 2.8963600344759293
--------
nle(id0,id1,dist): 82 84 3.467722158122533
list:
dist: 3.467722158122533 vs. 3.467722158122533
--------
nle(id0,id1,dist): 82 83 2.314660067414014
list:
dist: 2.314660067414014 vs. 2.314660067414014
--------
nle(id0,id1,dist): 82 85 1.4636165521278008
list:
dist: 1.4636165521278008 vs. 1.4636165521278008
--------
nle(id0,id1,dist): 74 76 3.31112808862104
list:
dist: 3.31112808862104 vs. 3.31112808862104
--------
nle(id0,id1,dist): 74 78 2.3880617173394585
list:
dist: 2.3880617173394585 vs. 2.3880617173394585
--------
nle(id0,id1,dist): 74 83 3.1900133412171283
list:
dist: 3.1900133412171283 vs. 3.1900133412171283
--------
nle(id0,id1,dist): 74 79 3.445192392225673
list:
dist: 3.445192392225673 vs. 3.445192392225673
--------
nle(id0,id1,dist): 74 80 2.998566172199924
list:
dist: 2.998566172199924 vs. 2.998566172199924
--------
nle(id0,id1,dist): 73 74 1.635828260901215
list:
dist: 1.635828260901215 vs. 1.635828260901215
--------
nle(id0,id1,dist): 73 83 1.7969155828011822
list:
dist: 1.7969155828011822 vs. 1.7969155828011822
--------
nle(id0,id1,dist): 73 80 1.371853413666149
list:
dist: 1.371853413666149 vs. 1.371853413666149
--------
nle(id0,id1,dist): 73 79 2.720654674213766
list:
dist: 2.720654674213766 vs. 2.720654674213766
--------
nle(id0,id1,dist): 73 78 1.1849923696952358
list:
dist: 1.1849923696952358 vs. 1.1849923696952358
--------
nle(id0,id1,dist): 73 76 1.8903057685144935
list:
dist: 1.8903057685144935 vs. 1.8903057685144935
--------
nle(id0,id1,dist): 72 76 2.3204166439462597
list:
dist: 2.3204166439462597 vs. 2.3204166439462597
--------
nle(id0,id1,dist): 72 75 4.861917940468994
list:
dist: 4.861917940468994 vs. 4.861917940468994
--------
nle(id0,id1,dist): 72 78 2.704263794330028
list:
dist: 2.704263794330028 vs. 2.704263794330028
--------
nle(id0,id1,dist): 72 77 1.652791501126607
list:
dist: 1.652791501126607 vs. 1.652791501126607
--------
nle(id0,id1,dist): 72 80 2.070398613859002
list:
dist: 2.070398613859002 vs. 2.070398613859002
--------
nle(id0,id1,dist): 72 82 1.9579093496884596
list:
dist: 1.9579093496884596 vs. 1.9579093496884596
--------
nle(id0,id1,dist): 72 81 2.5652044044374582
list:
dist: 2.5652044044374582 vs. 2.5652044044374582
--------
nle(id0,id1,dist): 72 84 4.3574506195142755
list:
dist: 4.3574506195142755 vs. 4.3574506195142755
--------
nle(id0,id1,dist): 72 83 1.6848261802751623
list:
dist: 1.6848261802751623 vs. 1.6848261802751623
--------
nle(id0,id1,dist): 72 85 1.1163808280830045
list:
dist: 1.1163808280830045 vs. 1.1163808280830045
--------
nle(id0,id1,dist): 72 88 3.8236447761627055
list:
dist: 3.8236447761627055 vs. 3.8236447761627055
--------
nle(id0,id1,dist): 72 89 3.543751870058474
list:
dist: 3.543751870058474 vs. 3.543751870058474
--------
nle(id0,id1,dist): 71 81 2.463741683731149
list:
dist: 2.463741683731149 vs. 2.463741683731149
--------
nle(id0,id1,dist): 71 80 1.64433632820157
list:
dist: 1.64433632820157 vs. 1.64433632820157
--------
nle(id0,id1,dist): 71 79 3.9972470925205372
list:
dist: 3.9972470925205372 vs. 3.9972470925205372
--------
nle(id0,id1,dist): 71 78 1.9229261030356466
list:
dist: 1.9229261030356466 vs. 1.9229261030356466
--------
nle(id0,id1,dist): 71 85 1.3787193282302235
list:
dist: 1.3787193282302235 vs. 1.3787193282302235
--------
nle(id0,id1,dist): 71 84 4.249856084349301
list:
dist: 4.249856084349301 vs. 4.249856084349301
--------
nle(id0,id1,dist): 71 83 1.0425919110437323
list:
dist: 1.0425919110437323 vs. 1.0425919110437323
--------
nle(id0,id1,dist): 71 82 2.4359597253911915
list:
dist: 2.4359597253911915 vs. 2.4359597253911915
--------
nle(id0,id1,dist): 71 89 3.93158163066516
list:
dist: 3.93158163066516 vs. 3.93158163066516
--------
nle(id0,id1,dist): 71 88 3.8294437581447536
list:
dist: 3.8294437581447536 vs. 3.8294437581447536
--------
nle(id0,id1,dist): 71 86 3.4162357010718343
list:
dist: 3.4162357010718343 vs. 3.4162357010718343
--------
nle(id0,id1,dist): 77 88 2.232638216454202
list:
dist: 2.232638216454202 vs. 2.232638216454202
--------
nle(id0,id1,dist): 77 89 2.171649898443786
list:
dist: 2.171649898443786 vs. 2.171649898443786
--------
nle(id0,id1,dist): 77 84 2.8270877501299445
list:
dist: 2.8270877501299445 vs. 2.8270877501299445
--------
nle(id0,id1,dist): 77 85 1.793288038521326
list:
dist: 1.793288038521326 vs. 1.793288038521326
--------
nle(id0,id1,dist): 77 80 1.9591395673715755
list:
dist: 1.9591395673715755 vs. 1.9591395673715755
--------
nle(id0,id1,dist): 77 81 1.198926208389978
list:
dist: 1.198926208389978 vs. 1.198926208389978
--------
nle(id0,id1,dist): 77 82 1.2286484938425706
list:
dist: 1.2286484938425706 vs. 1.2286484938425706
--------
nle(id0,id1,dist): 77 83 1.7294156005498442
list:
dist: 1.7294156005498442 vs. 1.7294156005498442
--------
nle(id0,id1,dist): 76 89 3.269847614702022
list:
dist: 3.269847614702022 vs. 3.269847614702022
--------
nle(id0,id1,dist): 76 88 2.416838886403752
list:
dist: 2.416838886403752 vs. 2.416838886403752
--------
nle(id0,id1,dist): 76 85 2.3025495386399615
list:
dist: 2.3025495386399615 vs. 2.3025495386399615
--------
nle(id0,id1,dist): 76 86 1.7446305042146169
list:
dist: 1.7446305042146169 vs. 1.7446305042146169
--------
nle(id0,id1,dist): 77 78 2.5774982752868087
list:
dist: 2.5774982752868087 vs. 2.5774982752868087
--------
nle(id0,id1,dist): 75 90 1.6122023288041867
list:
dist: 1.6122023288041867 vs. 1.6122023288041867
--------
nle(id0,id1,dist): 76 78 0.9567495749054455
list:
dist: 0.9567495749054455 vs. 0.9567495749054455
--------
nle(id0,id1,dist): 76 77 1.7246756251479738
list:
dist: 1.7246756251479738 vs. 1.7246756251479738
--------
nle(id0,id1,dist): 76 80 1.4281211248665027
list:
dist: 1.4281211248665027 vs. 1.4281211248665027
--------
nle(id0,id1,dist): 76 79 2.3677460381253925
list:
dist: 2.3677460381253925 vs. 2.3677460381253925
--------
nle(id0,id1,dist): 76 82 2.4835267551995677
list:
dist: 2.4835267551995677 vs. 2.4835267551995677
--------
nle(id0,id1,dist): 76 81 1.1464184920770117
list:
dist: 1.1464184920770117 vs. 1.1464184920770117
--------
nle(id0,id1,dist): 76 84 2.6476556297253384
list:
dist: 2.6476556297253384 vs. 2.6476556297253384
--------
nle(id0,id1,dist): 76 83 0.8305074908864575
list:
dist: 0.8305074908864575 vs. 0.8305074908864575
--------
nle(id0,id1,dist): 75 85 4.346949287632311
list:
dist: 4.346949287632311 vs. 4.346949287632311
--------
nle(id0,id1,dist): 75 82 3.270432105711878
list:
dist: 3.270432105711878 vs. 3.270432105711878
--------
nle(id0,id1,dist): 75 89 2.9039330762236317
list:
dist: 2.9039330762236317 vs. 2.9039330762236317
--------
nle(id0,id1,dist): 75 77 4.283454066585419
list:
dist: 4.283454066585419 vs. 4.283454066585419
--------
nle(id0,id1,dist): 120 145 3.2212285598935617
list:
dist: 3.2212285598935617 vs. 3.2212285598935617
--------
nle(id0,id1,dist): 120 147 3.4193334468083068
list:
dist: 3.4193334468083068 vs. 3.4193334468083068
--------
nle(id0,id1,dist): 120 148 1.8374174291251775
list:
dist: 1.8374174291251775 vs. 1.8374174291251775
--------
nle(id0,id1,dist): 120 140 2.6183115583175662
list:
dist: 2.6183115583175662 vs. 2.6183115583175662
--------
nle(id0,id1,dist): 120 144 2.9907539391229467
list:
dist: 2.9907539391229467 vs. 2.9907539391229467
--------
nle(id0,id1,dist): 120 130 1.5861059834507447
list:
dist: 1.5861059834507447 vs. 1.5861059834507447
--------
nle(id0,id1,dist): 120 132 1.1902419517454792
list:
dist: 1.1902419517454792 vs. 1.1902419517454792
--------
nle(id0,id1,dist): 120 136 2.8273529169473264
list:
dist: 2.8273529169473264 vs. 2.8273529169473264
--------
nle(id0,id1,dist): 120 121 2.966399094040881
list:
dist: 2.966399094040881 vs. 2.966399094040881
--------
nle(id0,id1,dist): 120 123 2.280915898653121
list:
dist: 2.280915898653121 vs. 2.280915898653121
--------
nle(id0,id1,dist): 120 126 2.6039800967887095
list:
dist: 2.6039800967887095 vs. 2.6039800967887095
--------
nle(id0,id1,dist): 120 125 1.8814812919244923
list:
dist: 1.8814812919244923 vs. 1.8814812919244923
--------
nle(id0,id1,dist): 120 128 1.6900151831093406
list:
dist: 1.6900151831093406 vs. 1.6900151831093406
--------
nle(id0,id1,dist): 121 143 3.561690670496506
list:
dist: 3.561690670496506 vs. 3.561690670496506
--------
nle(id0,id1,dist): 121 140 1.6765471046682112
list:
dist: 1.6765471046682112 vs. 1.6765471046682112
--------
nle(id0,id1,dist): 121 146 3.058634190031811
list:
dist: 3.058634190031811 vs. 3.058634190031811
--------
nle(id0,id1,dist): 121 147 1.0863385551756661
list:
dist: 1.0863385551756661 vs. 1.0863385551756661
--------
nle(id0,id1,dist): 121 144 1.3096102297715169
list:
dist: 1.3096102297715169 vs. 1.3096102297715169
--------
nle(id0,id1,dist): 121 145 2.4349346664212104
list:
dist: 2.4349346664212104 vs. 2.4349346664212104
--------
nle(id0,id1,dist): 121 134 3.3058818032815456
list:
dist: 3.3058818032815456 vs. 3.3058818032815456
--------
nle(id0,id1,dist): 121 136 2.251674605113144
list:
dist: 2.251674605113144 vs. 2.251674605113144
--------
nle(id0,id1,dist): 121 126 1.468423402749607
list:
dist: 1.468423402749607 vs. 1.468423402749607
--------
nle(id0,id1,dist): 121 125 1.2096093128622332
list:
dist: 1.2096093128622332 vs. 1.2096093128622332
--------
nle(id0,id1,dist): 121 124 2.941740673003061
list:
dist: 2.941740673003061 vs. 2.941740673003061
--------
nle(id0,id1,dist): 121 131 2.4099785106644322
list:
dist: 2.4099785106644322 vs. 2.4099785106644322
--------
nle(id0,id1,dist): 121 129 2.8068197701726625
list:
dist: 2.8068197701726625 vs. 2.8068197701726625
--------
nle(id0,id1,dist): 121 128 2.517994051131178
list:
dist: 2.517994051131178 vs. 2.517994051131178
--------
nle(id0,id1,dist): 121 123 1.9417623831817548
list:
dist: 1.9417623831817548 vs. 1.9417623831817548
--------
nle(id0,id1,dist): 122 131 3.323666642521828
list:
dist: 3.323666642521828 vs. 3.323666642521828
--------
nle(id0,id1,dist): 122 134 1.9954357377832463
list:
dist: 1.9954357377832463 vs. 1.9954357377832463
--------
nle(id0,id1,dist): 122 128 1.8936858401328371
list:
dist: 1.8936858401328371 vs. 1.8936858401328371
--------
nle(id0,id1,dist): 122 127 1.3234634528409046
list:
dist: 1.3234634528409046 vs. 1.3234634528409046
--------
nle(id0,id1,dist): 122 129 2.7870212041947
list:
dist: 2.7870212041947 vs. 2.7870212041947
--------
nle(id0,id1,dist): 122 140 3.19141932261739
list:
dist: 3.19141932261739 vs. 3.19141932261739
--------
nle(id0,id1,dist): 122 139 3.574208563874582
list:
dist: 3.574208563874582 vs. 3.574208563874582
--------
nle(id0,id1,dist): 122 141 2.0176372720899103
list:
dist: 2.0176372720899103 vs. 2.0176372720899103
--------
nle(id0,id1,dist): 122 136 2.797477146809235
list:
dist: 2.797477146809235 vs. 2.797477146809235
--------
nle(id0,id1,dist): 122 135 0.8382513305886649
list:
dist: 0.8382513305886649 vs. 0.8382513305886649
--------
nle(id0,id1,dist): 122 138 0.8899337303837005
list:
dist: 0.8899337303837005 vs. 0.8899337303837005
--------
nle(id0,id1,dist): 122 137 1.306487065238621
list:
dist: 1.306487065238621 vs. 1.306487065238621
--------
nle(id0,id1,dist): 121 148 2.2885879428916396
list:
dist: 2.2885879428916396 vs. 2.2885879428916396
--------
nle(id0,id1,dist): 121 149 3.108554599935406
list:
dist: 3.108554599935406 vs. 3.108554599935406
--------
nle(id0,id1,dist): 122 123 2.558345029810537
list:
dist: 2.558345029810537 vs. 2.558345029810537
--------
nle(id0,id1,dist): 122 124 1.8317349258273163
list:
dist: 1.8317349258273163 vs. 1.8317349258273163
--------
nle(id0,id1,dist): 122 125 3.335880387812994
list:
dist: 3.335880387812994 vs. 3.335880387812994
--------
nle(id0,id1,dist): 122 126 3.8637089928162944
list:
dist: 3.8637089928162944 vs. 3.8637089928162944
--------
nle(id0,id1,dist): 123 129 1.6811900603817103
list:
dist: 1.6811900603817103 vs. 1.6811900603817103
--------
nle(id0,id1,dist): 123 128 0.9327995228148637
list:
dist: 0.9327995228148637 vs. 0.9327995228148637
--------
nle(id0,id1,dist): 123 127 2.1671185250049163
list:
dist: 2.1671185250049163 vs. 2.1671185250049163
--------
nle(id0,id1,dist): 123 126 2.0223876146297153
list:
dist: 2.0223876146297153 vs. 2.0223876146297153
--------
nle(id0,id1,dist): 123 125 1.1269642929229233
list:
dist: 1.1269642929229233 vs. 1.1269642929229233
--------
nle(id0,id1,dist): 123 124 1.1613051296628862
list:
dist: 1.1613051296628862 vs. 1.1613051296628862
--------
nle(id0,id1,dist): 123 137 2.5679763585782536
list:
dist: 2.5679763585782536 vs. 2.5679763585782536
--------
nle(id0,id1,dist): 123 136 1.3542641458262266
list:
dist: 1.3542641458262266 vs. 1.3542641458262266
--------
nle(id0,id1,dist): 123 135 3.189222908333244
list:
dist: 3.189222908333244 vs. 3.189222908333244
--------
nle(id0,id1,dist): 123 134 1.7607260491168113
list:
dist: 1.7607260491168113 vs. 1.7607260491168113
--------
nle(id0,id1,dist): 123 132 2.8797358152071455
list:
dist: 2.8797358152071455 vs. 2.8797358152071455
--------
nle(id0,id1,dist): 123 131 1.5955857173238694
list:
dist: 1.5955857173238694 vs. 1.5955857173238694
--------
nle(id0,id1,dist): 123 130 3.722703079557944
list:
dist: 3.722703079557944 vs. 3.722703079557944
--------
nle(id0,id1,dist): 122 148 2.19262060574885
list:
dist: 2.19262060574885 vs. 2.19262060574885
--------
nle(id0,id1,dist): 122 145 2.9872982653428926
list:
dist: 2.9872982653428926 vs. 2.9872982653428926
--------
nle(id0,id1,dist): 122 146 2.143787667250719
list:
dist: 2.143787667250719 vs. 2.143787667250719
--------
nle(id0,id1,dist): 122 143 2.955309106911318
list:
dist: 2.955309106911318 vs. 2.955309106911318
--------
nle(id0,id1,dist): 124 126 2.5767775645352193
list:
dist: 2.5767775645352193 vs. 2.5767775645352193
--------
nle(id0,id1,dist): 124 125 2.2026016963245
list:
dist: 2.2026016963245 vs. 2.2026016963245
--------
nle(id0,id1,dist): 124 128 1.1094760199738107
list:
dist: 1.1094760199738107 vs. 1.1094760199738107
--------
nle(id0,id1,dist): 124 127 1.0393547553556859
list:
dist: 1.0393547553556859 vs. 1.0393547553556859
--------
nle(id0,id1,dist): 124 129 1.1130896660990386
list:
dist: 1.1130896660990386 vs. 1.1130896660990386
--------
nle(id0,id1,dist): 124 131 1.500192746400173
list:
dist: 1.500192746400173 vs. 1.500192746400173
--------
nle(id0,id1,dist): 123 138 2.3497376268596257
list:
dist: 2.3497376268596257 vs. 2.3497376268596257
--------
nle(id0,id1,dist): 123 140 1.3269175173092447
list:
dist: 1.3269175173092447 vs. 1.3269175173092447
--------
nle(id0,id1,dist): 123 141 2.8240389226450526
list:
dist: 2.8240389226450526 vs. 2.8240389226450526
--------
nle(id0,id1,dist): 123 143 2.2527073645647717
list:
dist: 2.2527073645647717 vs. 2.2527073645647717
--------
nle(id0,id1,dist): 123 144 1.0197216948538546
list:
dist: 1.0197216948538546 vs. 1.0197216948538546
--------
nle(id0,id1,dist): 123 145 1.611842591434088
list:
dist: 1.611842591434088 vs. 1.611842591434088
--------
nle(id0,id1,dist): 123 146 1.43474030063271
list:
dist: 1.43474030063271 vs. 1.43474030063271
--------
nle(id0,id1,dist): 123 147 2.1694240092359545
list:
dist: 2.1694240092359545 vs. 2.1694240092359545
--------
nle(id0,id1,dist): 123 148 0.5776266420846456
list:
dist: 0.5776266420846456 vs. 0.5776266420846456
--------
nle(id0,id1,dist): 123 149 2.4832570541566747
list:
dist: 2.4832570541566747 vs. 2.4832570541566747
--------
nle(id0,id1,dist): 124 149 2.36436482433132
list:
dist: 2.36436482433132 vs. 2.36436482433132
--------
nle(id0,id1,dist): 125 127 3.142656797139202
list:
dist: 3.142656797139202 vs. 3.142656797139202
--------
nle(id0,id1,dist): 125 126 1.5668738102613573
list:
dist: 1.5668738102613573 vs. 1.5668738102613573
--------
nle(id0,id1,dist): 124 135 2.2762233517391692
list:
dist: 2.2762233517391692 vs. 2.2762233517391692
--------
nle(id0,id1,dist): 124 136 1.2367562622101074
list:
dist: 1.2367562622101074 vs. 1.2367562622101074
--------
nle(id0,id1,dist): 124 134 0.7114019430556219
list:
dist: 0.7114019430556219 vs. 0.7114019430556219
--------
nle(id0,id1,dist): 124 139 2.9831873926217125
list:
dist: 2.9831873926217125 vs. 2.9831873926217125
--------
nle(id0,id1,dist): 124 140 1.6937588175909877
list:
dist: 1.6937588175909877 vs. 1.6937588175909877
--------
nle(id0,id1,dist): 124 137 1.6812534642507628
list:
dist: 1.6812534642507628 vs. 1.6812534642507628
--------
nle(id0,id1,dist): 124 138 1.319684796133515
list:
dist: 1.319684796133515 vs. 1.319684796133515
--------
nle(id0,id1,dist): 124 143 1.4877225407728518
list:
dist: 1.4877225407728518 vs. 1.4877225407728518
--------
nle(id0,id1,dist): 124 144 1.810392896616404
list:
dist: 1.810392896616404 vs. 1.810392896616404
--------
nle(id0,id1,dist): 124 141 1.6828939440641415
list:
dist: 1.6828939440641415 vs. 1.6828939440641415
--------
nle(id0,id1,dist): 124 147 2.8129174082930644
list:
dist: 2.8129174082930644 vs. 2.8129174082930644
--------
nle(id0,id1,dist): 124 148 1.2568694815996284
list:
dist: 1.2568694815996284 vs. 1.2568694815996284
--------
nle(id0,id1,dist): 124 145 1.3540435719080834
list:
dist: 1.3540435719080834 vs. 1.3540435719080834
--------
nle(id0,id1,dist): 124 146 0.46699738585234624
list:
dist: 0.46699738585234624 vs. 0.46699738585234624
--------
nle(id0,id1,dist): 112 119 3.178348659294354
list:
dist: 3.178348659294354 vs. 3.178348659294354
--------
nle(id0,id1,dist): 112 118 1.839135603353463
list:
dist: 1.839135603353463 vs. 1.839135603353463
--------
nle(id0,id1,dist): 112 115 1.420068755742069
list:
dist: 1.420068755742069 vs. 1.420068755742069
--------
nle(id0,id1,dist): 112 116 3.1001723734651523
list:
dist: 3.1001723734651523 vs. 3.1001723734651523
--------
nle(id0,id1,dist): 112 114 3.2410924023121748
list:
dist: 3.2410924023121748 vs. 3.2410924023121748
--------
nle(id0,id1,dist): 113 116 1.1962342276441944
list:
dist: 1.1962342276441944 vs. 1.1962342276441944
--------
nle(id0,id1,dist): 113 117 2.5097753069704094
list:
dist: 2.5097753069704094 vs. 2.5097753069704094
--------
nle(id0,id1,dist): 113 119 0.91118836346833
list:
dist: 0.91118836346833 vs. 0.91118836346833
--------
nle(id0,id1,dist): 113 114 1.0075685765232407
list:
dist: 1.0075685765232407 vs. 1.0075685765232407
--------
nle(id0,id1,dist): 114 118 2.067116450783937
list:
dist: 2.067116450783937 vs. 2.067116450783937
--------
nle(id0,id1,dist): 114 115 2.8753588148380174
list:
dist: 2.8753588148380174 vs. 2.8753588148380174
--------
nle(id0,id1,dist): 114 116 0.6426440352109904
list:
dist: 0.6426440352109904 vs. 0.6426440352109904
--------
nle(id0,id1,dist): 114 119 1.2091616031402193
list:
dist: 1.2091616031402193 vs. 1.2091616031402193
--------
nle(id0,id1,dist): 115 118 0.9949837990040221
list:
dist: 0.9949837990040221 vs. 0.9949837990040221
--------
nle(id0,id1,dist): 115 119 2.920599307825786
list:
dist: 2.920599307825786 vs. 2.920599307825786
--------
nle(id0,id1,dist): 115 116 2.5042788722065756
list:
dist: 2.5042788722065756 vs. 2.5042788722065756
--------
nle(id0,id1,dist): 116 118 1.627992814524856
list:
dist: 1.627992814524856 vs. 1.627992814524856
--------
nle(id0,id1,dist): 116 119 1.109624250081648
list:
dist: 1.109624250081648 vs. 1.109624250081648
--------
nle(id0,id1,dist): 117 119 2.4897225402527106
list:
dist: 2.4897225402527106 vs. 2.4897225402527106
--------
nle(id0,id1,dist): 118 119 1.9579169401391086
list:
dist: 1.9579169401391086 vs. 1.9579169401391086
--------
nle(id0,id1,dist): 106 119 1.7135450377446217
list:
dist: 1.7135450377446217 vs. 1.7135450377446217
--------
nle(id0,id1,dist): 106 113 2.296227102032211
list:
dist: 2.296227102032211 vs. 2.296227102032211
--------
nle(id0,id1,dist): 106 114 2.4107522889645066
list:
dist: 2.4107522889645066 vs. 2.4107522889645066
--------
nle(id0,id1,dist): 106 111 2.933350540603079
list:
dist: 2.933350540603079 vs. 2.933350540603079
--------
nle(id0,id1,dist): 106 112 2.843445832387965
list:
dist: 2.843445832387965 vs. 2.843445832387965
--------
nle(id0,id1,dist): 106 117 2.4629700960064618
list:
dist: 2.4629700960064618 vs. 2.4629700960064618
--------
nle(id0,id1,dist): 106 118 2.687491838496154
list:
dist: 2.687491838496154 vs. 2.687491838496154
--------
nle(id0,id1,dist): 106 115 3.3603640643019377
list:
dist: 3.3603640643019377 vs. 3.3603640643019377
--------
nle(id0,id1,dist): 106 116 2.561701837583508
list:
dist: 2.561701837583508 vs. 2.561701837583508
--------
nle(id0,id1,dist): 106 110 2.0500217607598605
list:
dist: 2.0500217607598605 vs. 2.0500217607598605
--------
nle(id0,id1,dist): 106 109 2.6452716768435285
list:
dist: 2.6452716768435285 vs. 2.6452716768435285
--------
nle(id0,id1,dist): 106 108 2.19506765985583
list:
dist: 2.19506765985583 vs. 2.19506765985583
--------
nle(id0,id1,dist): 106 107 1.0547339275237277
list:
dist: 1.0547339275237277 vs. 1.0547339275237277
--------
nle(id0,id1,dist): 105 116 1.537339697694596
list:
dist: 1.537339697694596 vs. 1.537339697694596
--------
nle(id0,id1,dist): 105 117 3.537665572521204
list:
dist: 3.537665572521204 vs. 3.537665572521204
--------
nle(id0,id1,dist): 105 118 1.4078851201425053
list:
dist: 1.4078851201425053 vs. 1.4078851201425053
--------
nle(id0,id1,dist): 105 119 1.4351585975927168
list:
dist: 1.4351585975927168 vs. 1.4351585975927168
--------
nle(id0,id1,dist): 105 109 2.6466392284544953
list:
dist: 2.6466392284544953 vs. 2.6466392284544953
--------
nle(id0,id1,dist): 105 108 1.5787293219589291
list:
dist: 1.5787293219589291 vs. 1.5787293219589291
--------
nle(id0,id1,dist): 105 111 2.051749020599506
list:
dist: 2.051749020599506 vs. 2.051749020599506
--------
nle(id0,id1,dist): 105 110 1.1829001398606214
list:
dist: 1.1829001398606214 vs. 1.1829001398606214
--------
nle(id0,id1,dist): 105 113 2.037167965040087
list:
dist: 2.037167965040087 vs. 2.037167965040087
--------
nle(id0,id1,dist): 105 112 1.885074088311446
list:
dist: 1.885074088311446 vs. 1.885074088311446
--------
nle(id0,id1,dist): 105 115 2.038553654330152
list:
dist: 2.038553654330152 vs. 2.038553654330152
--------
nle(id0,id1,dist): 105 114 1.5158467835503429
list:
dist: 1.5158467835503429 vs. 1.5158467835503429
--------
nle(id0,id1,dist): 105 107 1.9048507979083655
list:
dist: 1.9048507979083655 vs. 1.9048507979083655
--------
nle(id0,id1,dist): 105 106 1.545642018216812
list:
dist: 1.545642018216812 vs. 1.545642018216812
--------
nle(id0,id1,dist): 108 115 1.616010602476893
list:
dist: 1.616010602476893 vs. 1.616010602476893
--------
nle(id0,id1,dist): 108 116 2.3721319602189945
list:
dist: 2.3721319602189945 vs. 2.3721319602189945
--------
nle(id0,id1,dist): 108 114 2.7155786297601043
list:
dist: 2.7155786297601043 vs. 2.7155786297601043
--------
nle(id0,id1,dist): 108 111 1.1477739280010986
list:
dist: 1.1477739280010986 vs. 1.1477739280010986
--------
nle(id0,id1,dist): 108 112 1.7055196202413652
list:
dist: 1.7055196202413652 vs. 1.7055196202413652
--------
nle(id0,id1,dist): 108 109 2.8264859106651277
list:
dist: 2.8264859106651277 vs. 2.8264859106651277
--------
nle(id0,id1,dist): 108 110 1.6421663256701835
list:
dist: 1.6421663256701835 vs. 1.6421663256701835
--------
nle(id0,id1,dist): 107 118 2.716804912638358
list:
dist: 2.716804912638358 vs. 2.716804912638358
--------
nle(id0,id1,dist): 107 119 1.1494745234039332
list:
dist: 1.1494745234039332 vs. 1.1494745234039332
--------
nle(id0,id1,dist): 107 114 2.1964338664722787
list:
dist: 2.1964338664722787 vs. 2.1964338664722787
--------
nle(id0,id1,dist): 107 115 3.5900102930544464
list:
dist: 3.5900102930544464 vs. 3.5900102930544464
--------
nle(id0,id1,dist): 107 116 2.241074114896311
list:
dist: 2.241074114896311 vs. 2.241074114896311
--------
nle(id0,id1,dist): 107 117 1.6845062615929376
list:
dist: 1.6845062615929376 vs. 1.6845062615929376
--------
nle(id0,id1,dist): 107 110 1.73410487638964
list:
dist: 1.73410487638964 vs. 1.73410487638964
--------
nle(id0,id1,dist): 107 111 2.7146654918743383
list:
dist: 2.7146654918743383 vs. 2.7146654918743383
--------
nle(id0,id1,dist): 107 112 3.465751595237536
list:
dist: 3.465751595237536 vs. 3.465751595237536
--------
nle(id0,id1,dist): 107 113 1.6914544187422258
list:
dist: 1.6914544187422258 vs. 1.6914544187422258
--------
nle(id0,id1,dist): 107 108 2.343732189376513
list:
dist: 2.343732189376513 vs. 2.343732189376513
--------
nle(id0,id1,dist): 107 109 1.6851625864582565
list:
dist: 1.6851625864582565 vs. 1.6851625864582565
--------
nle(id0,id1,dist): 109 114 2.128299658082456
list:
dist: 2.128299658082456 vs. 2.128299658082456
--------
nle(id0,id1,dist): 109 115 3.739989199567489
list:
dist: 3.739989199567489 vs. 3.739989199567489
--------
nle(id0,id1,dist): 109 112 4.224658073929278
list:
dist: 4.224658073929278 vs. 4.224658073929278
--------
nle(id0,id1,dist): 109 113 1.3844304059656252
list:
dist: 1.3844304059656252 vs. 1.3844304059656252
--------
nle(id0,id1,dist): 109 118 2.7507414843361375
list:
dist: 2.7507414843361375 vs. 2.7507414843361375
--------
nle(id0,id1,dist): 109 119 1.2510800488962437
list:
dist: 1.2510800488962437 vs. 1.2510800488962437
--------
nle(id0,id1,dist): 109 116 1.8776170619246004
list:
dist: 1.8776170619246004 vs. 1.8776170619246004
--------
nle(id0,id1,dist): 109 117 2.229111548065448
list:
dist: 2.229111548065448 vs. 2.229111548065448
--------
nle(id0,id1,dist): 109 111 2.4552993402221475
list:
dist: 2.4552993402221475 vs. 2.4552993402221475
--------
nle(id0,id1,dist): 109 110 1.6506526146321008
list:
dist: 1.6506526146321008 vs. 1.6506526146321008
--------
nle(id0,id1,dist): 108 118 1.1764218649924547
list:
dist: 1.1764218649924547 vs. 1.1764218649924547
--------
nle(id0,id1,dist): 108 119 2.103359987575301
list:
dist: 2.103359987575301 vs. 2.103359987575301
--------
nle(id0,id1,dist): 111 119 2.073263943484445
list:
dist: 2.073263943484445 vs. 2.073263943484445
--------
nle(id0,id1,dist): 111 118 0.9406451976690458
list:
dist: 0.9406451976690458 vs. 0.9406451976690458
--------
nle(id0,id1,dist): 111 116 2.009583305996704
list:
dist: 2.009583305996704 vs. 2.009583305996704
--------
nle(id0,id1,dist): 111 114 2.561763659781775
list:
dist: 2.561763659781775 vs. 2.561763659781775
--------
nle(id0,id1,dist): 111 115 1.5930370024321003
list:
dist: 1.5930370024321003 vs. 1.5930370024321003
--------
nle(id0,id1,dist): 111 112 2.4658252277693657
list:
dist: 2.4658252277693657 vs. 2.4658252277693657
--------
nle(id0,id1,dist): 110 111 1.4421306448359728
list:
dist: 1.4421306448359728 vs. 1.4421306448359728
--------
nle(id0,id1,dist): 110 112 2.6838297135090206
list:
dist: 2.6838297135090206 vs. 2.6838297135090206
--------
nle(id0,id1,dist): 110 113 1.4339815521698065
list:
dist: 1.4339815521698065 vs. 1.4339815521698065
--------
nle(id0,id1,dist): 110 114 1.221266100856796
list:
dist: 1.221266100856796 vs. 1.221266100856796
--------
nle(id0,id1,dist): 110 119 0.7511530470313594
list:
dist: 0.7511530470313594 vs. 0.7511530470313594
--------
nle(id0,id1,dist): 110 115 2.213261514424353
list:
dist: 2.213261514424353 vs. 2.213261514424353
--------
nle(id0,id1,dist): 110 116 0.8174562192503041
list:
dist: 0.8174562192503041 vs. 0.8174562192503041
--------
nle(id0,id1,dist): 110 117 3.19797646637729
list:
dist: 3.19797646637729 vs. 3.19797646637729
--------
nle(id0,id1,dist): 110 118 1.233095781351026
list:
dist: 1.233095781351026 vs. 1.233095781351026
--------
nle(id0,id1,dist): 99 107 2.069545738305692
list:
dist: 2.069545738305692 vs. 2.069545738305692
--------
nle(id0,id1,dist): 99 106 1.8348859050235524
list:
dist: 1.8348859050235524 vs. 1.8348859050235524
--------
nle(id0,id1,dist): 99 109 2.7771445688744794
list:
dist: 2.7771445688744794 vs. 2.7771445688744794
--------
nle(id0,id1,dist): 99 108 0.39510950292251606
list:
dist: 0.39510950292251606 vs. 0.39510950292251606
--------
nle(id0,id1,dist): 99 111 1.4669691129750733
list:
dist: 1.4669691129750733 vs. 1.4669691129750733
--------
nle(id0,id1,dist): 99 110 1.6517397575910093
list:
dist: 1.6517397575910093 vs. 1.6517397575910093
--------
nle(id0,id1,dist): 99 112 1.745895756576155
list:
dist: 1.745895756576155 vs. 1.745895756576155
--------
nle(id0,id1,dist): 99 101 1.0042309739443203
list:
dist: 1.0042309739443203 vs. 1.0042309739443203
--------
nle(id0,id1,dist): 99 103 4.163202101303143
list:
dist: 4.163202101303143 vs. 4.163202101303143
--------
nle(id0,id1,dist): 99 102 1.6342640408500875
list:
dist: 1.6342640408500875 vs. 1.6342640408500875
--------
nle(id0,id1,dist): 99 105 1.4408033320271072
list:
dist: 1.4408033320271072 vs. 1.4408033320271072
--------
nle(id0,id1,dist): 99 104 1.6086966404684966
list:
dist: 1.6086966404684966 vs. 1.6086966404684966
--------
nle(id0,id1,dist): 99 114 2.671824605059865
list:
dist: 2.671824605059865 vs. 2.671824605059865
--------
nle(id0,id1,dist): 99 115 1.9079934107201508
list:
dist: 1.9079934107201508 vs. 1.9079934107201508
--------
nle(id0,id1,dist): 99 116 2.405882470180143
list:
dist: 2.405882470180143 vs. 2.405882470180143
--------
nle(id0,id1,dist): 99 118 1.4243036642049287
list:
dist: 1.4243036642049287 vs. 1.4243036642049287
--------
nle(id0,id1,dist): 99 119 1.9889595553340222
list:
dist: 1.9889595553340222 vs. 1.9889595553340222
--------
nle(id0,id1,dist): 98 114 2.57000255025505
list:
dist: 2.57000255025505 vs. 2.57000255025505
--------
nle(id0,id1,dist): 98 112 0.9895563638832804
list:
dist: 0.9895563638832804 vs. 0.9895563638832804
--------
nle(id0,id1,dist): 98 111 1.8661991238728628
list:
dist: 1.8661991238728628 vs. 1.8661991238728628
--------
nle(id0,id1,dist): 98 118 1.0475418239017003
list:
dist: 1.0475418239017003 vs. 1.0475418239017003
--------
nle(id0,id1,dist): 98 116 2.333925543512937
list:
dist: 2.333925543512937 vs. 2.333925543512937
--------
nle(id0,id1,dist): 98 115 0.6753532849259087
list:
dist: 0.6753532849259087 vs. 0.6753532849259087
--------
nle(id0,id1,dist): 98 106 2.9073828638407697
list:
dist: 2.9073828638407697 vs. 2.9073828638407697
--------
nle(id0,id1,dist): 98 105 1.5484474444445142
list:
dist: 1.5484474444445142 vs. 1.5484474444445142
--------
nle(id0,id1,dist): 98 104 2.676360011449264
list:
dist: 2.676360011449264 vs. 2.676360011449264
--------
nle(id0,id1,dist): 98 103 3.698987309573282
list:
dist: 3.698987309573282 vs. 3.698987309573282
--------
nle(id0,id1,dist): 98 110 2.0563697941967636
list:
dist: 2.0563697941967636 vs. 2.0563697941967636
--------
nle(id0,id1,dist): 98 109 3.6771492443601947
list:
dist: 3.6771492443601947 vs. 3.6771492443601947
--------
nle(id0,id1,dist): 98 108 1.564205652218452
list:
dist: 1.564205652218452 vs. 1.564205652218452
--------
nle(id0,id1,dist): 98 107 3.2816194204097813
list:
dist: 3.2816194204097813 vs. 3.2816194204097813
--------
nle(id0,id1,dist): 98 119 2.683451952659115
list:
dist: 2.683451952659115 vs. 2.683451952659115
--------
nle(id0,id1,dist): 101 102 2.144958524424123
list:
dist: 2.144958524424123 vs. 2.144958524424123
--------
nle(id0,id1,dist): 101 116 2.3781654039493185
list:
dist: 2.3781654039493185 vs. 2.3781654039493185
--------
nle(id0,id1,dist): 101 117 2.7473167497563717
list:
dist: 2.7473167497563717 vs. 2.7473167497563717
--------
nle(id0,id1,dist): 101 118 2.0861073498298612
list:
dist: 2.0861073498298612 vs. 2.0861073498298612
--------
nle(id0,id1,dist): 101 119 1.5593060574413466
list:
dist: 1.5593060574413466 vs. 1.5593060574413466
--------
nle(id0,id1,dist): 101 112 2.4742922698032643
list:
dist: 2.4742922698032643 vs. 2.4742922698032643
--------
nle(id0,id1,dist): 101 113 2.404522683401838
list:
dist: 2.404522683401838 vs. 2.404522683401838
--------
nle(id0,id1,dist): 101 114 2.47903387215704
list:
dist: 2.47903387215704 vs. 2.47903387215704
--------
nle(id0,id1,dist): 101 115 2.775502575881863
list:
dist: 2.775502575881863 vs. 2.775502575881863
--------
nle(id0,id1,dist): 101 108 1.3551338417504841
list:
dist: 1.3551338417504841 vs. 1.3551338417504841
--------
nle(id0,id1,dist): 101 109 2.346312721656265
list:
dist: 2.346312721656265 vs. 2.346312721656265
--------
nle(id0,id1,dist): 101 110 1.6454928435723226
list:
dist: 1.6454928435723226 vs. 1.6454928435723226
--------
nle(id0,id1,dist): 101 111 2.1176335603870915
list:
dist: 2.1176335603870915 vs. 2.1176335603870915
--------
nle(id0,id1,dist): 101 104 1.3980274082466961
list:
dist: 1.3980274082466961 vs. 1.3980274082466961
--------
nle(id0,id1,dist): 101 105 1.4525877127976958
list:
dist: 1.4525877127976958 vs. 1.4525877127976958
--------
nle(id0,id1,dist): 101 106 0.9689251930463367
list:
dist: 0.9689251930463367 vs. 0.9689251930463367
--------
nle(id0,id1,dist): 101 107 1.1623560516070672
list:
dist: 1.1623560516070672 vs. 1.1623560516070672
--------
nle(id0,id1,dist): 100 104 3.564732752754127
list:
dist: 3.564732752754127 vs. 3.564732752754127
--------
nle(id0,id1,dist): 100 103 1.79563881707711
list:
dist: 1.79563881707711 vs. 1.79563881707711
--------
nle(id0,id1,dist): 102 115 1.3711553076839174
list:
dist: 1.3711553076839174 vs. 1.3711553076839174
--------
nle(id0,id1,dist): 102 116 2.2523690356456174
list:
dist: 2.2523690356456174 vs. 2.2523690356456174
--------
nle(id0,id1,dist): 102 118 1.3633895812709937
list:
dist: 1.3633895812709937 vs. 1.3633895812709937
--------
nle(id0,id1,dist): 102 119 2.4430939178046303
list:
dist: 2.4430939178046303 vs. 2.4430939178046303
--------
nle(id0,id1,dist): 103 104 3.561906479355647
list:
dist: 3.561906479355647 vs. 3.561906479355647
--------
nle(id0,id1,dist): 103 108 4.2217572258614595
list:
dist: 4.2217572258614595 vs. 4.2217572258614595
--------
nle(id0,id1,dist): 102 106 2.3780864250571025
list:
dist: 2.3780864250571025 vs. 2.3780864250571025
--------
nle(id0,id1,dist): 102 105 1.081704218963384
list:
dist: 1.081704218963384 vs. 1.081704218963384
--------
nle(id0,id1,dist): 102 104 2.2082023594766915
list:
dist: 2.2082023594766915 vs. 2.2082023594766915
--------
nle(id0,id1,dist): 102 103 3.552025556217716
list:
dist: 3.552025556217716 vs. 3.552025556217716
--------
nle(id0,id1,dist): 102 110 1.967241823297587
list:
dist: 1.967241823297587 vs. 1.967241823297587
--------
nle(id0,id1,dist): 102 109 3.5763153256682156
list:
dist: 3.5763153256682156 vs. 3.5763153256682156
--------
nle(id0,id1,dist): 102 108 1.6322700235220484
list:
dist: 1.6322700235220484 vs. 1.6322700235220484
--------
nle(id0,id1,dist): 102 107 2.9068972026524427
list:
dist: 2.9068972026524427 vs. 2.9068972026524427
--------
nle(id0,id1,dist): 102 114 2.3259238650777725
list:
dist: 2.3259238650777725 vs. 2.3259238650777725
--------
nle(id0,id1,dist): 102 112 0.9463538624392096
list:
dist: 0.9463538624392096 vs. 0.9463538624392096
--------
nle(id0,id1,dist): 102 111 2.195631841348178
list:
dist: 2.195631841348178 vs. 2.195631841348178
--------
nle(id0,id1,dist): 104 112 2.1465710727282046
list:
dist: 2.1465710727282046 vs. 2.1465710727282046
--------
nle(id0,id1,dist): 104 105 2.0327166420529537
list:
dist: 2.0327166420529537 vs. 2.0327166420529537
--------
nle(id0,id1,dist): 104 106 1.4484795697918846
list:
dist: 1.4484795697918846 vs. 1.4484795697918846
--------
nle(id0,id1,dist): 104 107 2.310032367311307
list:
dist: 2.310032367311307 vs. 2.310032367311307
--------
nle(id0,id1,dist): 104 108 1.9680278898483965
list:
dist: 1.9680278898483965 vs. 1.9680278898483965
--------
nle(id0,id1,dist): 104 119 2.806436645572076
list:
dist: 2.806436645572076 vs. 2.806436645572076
--------
nle(id0,id1,dist): 103 112 2.779923741889347
list:
dist: 2.779923741889347 vs. 2.779923741889347
--------
nle(id0,id1,dist): 147 149 2.707010869321046
list:
dist: 2.707010869321046 vs. 2.707010869321046
--------
nle(id0,id1,dist): 147 148 2.6114114980536614
list:
dist: 2.6114114980536614 vs. 2.6114114980536614
--------
nle(id0,id1,dist): 148 149 3.002496067730831
list:
dist: 3.002496067730831 vs. 3.002496067730831
--------
nle(id0,id1,dist): 146 147 2.7998410679510592
list:
dist: 2.7998410679510592 vs. 2.7998410679510592
--------
nle(id0,id1,dist): 146 148 1.657763890144613
list:
dist: 1.657763890144613 vs. 1.657763890144613
--------
nle(id0,id1,dist): 146 149 2.0088261118394564
list:
dist: 2.0088261118394564 vs. 2.0088261118394564
--------
nle(id0,id1,dist): 144 148 1.572498154616111
list:
dist: 1.572498154616111 vs. 1.572498154616111
--------
nle(id0,id1,dist): 144 147 1.3634423994005918
list:
dist: 1.3634423994005918 vs. 1.3634423994005918
--------
nle(id0,id1,dist): 144 146 1.8434140338201355
list:
dist: 1.8434140338201355 vs. 1.8434140338201355
--------
nle(id0,id1,dist): 144 145 1.4853104000467754
list:
dist: 1.4853104000467754 vs. 1.4853104000467754
--------
nle(id0,id1,dist): 144 149 1.9848831846491561
list:
dist: 1.9848831846491561 vs. 1.9848831846491561
--------
nle(id0,id1,dist): 145 149 2.043441822733356
list:
dist: 2.043441822733356 vs. 2.043441822733356
--------
nle(id0,id1,dist): 145 148 1.9881526899882431
list:
dist: 1.9881526899882431 vs. 1.9881526899882431
--------
nle(id0,id1,dist): 145 147 1.8425857231615583
list:
dist: 1.8425857231615583 vs. 1.8425857231615583
--------
nle(id0,id1,dist): 145 146 1.1993265445875139
list:
dist: 1.1993265445875139 vs. 1.1993265445875139
--------
nle(id0,id1,dist): 143 146 1.0279011961414661
list:
dist: 1.0279011961414661 vs. 1.0279011961414661
--------
nle(id0,id1,dist): 143 147 3.1252844698756475
list:
dist: 3.1252844698756475 vs. 3.1252844698756475
--------
nle(id0,id1,dist): 143 148 2.5958976770699396
list:
dist: 2.5958976770699396 vs. 2.5958976770699396
--------
nle(id0,id1,dist): 143 149 1.4060596740578144
list:
dist: 1.4060596740578144 vs. 1.4060596740578144
--------
nle(id0,id1,dist): 143 144 2.289144383370336
list:
dist: 2.289144383370336 vs. 2.289144383370336
--------
nle(id0,id1,dist): 143 145 1.5896598214494544
list:
dist: 1.5896598214494544 vs. 1.5896598214494544
--------
nle(id0,id1,dist): 141 143 1.4960663867604689
list:
dist: 1.4960663867604689 vs. 1.4960663867604689
--------
nle(id0,id1,dist): 140 149 2.548278610181003
list:
dist: 2.548278610181003 vs. 2.548278610181003
--------
nle(id0,id1,dist): 141 145 2.418928120788343
list:
dist: 2.418928120788343 vs. 2.418928120788343
--------
nle(id0,id1,dist): 141 146 1.4805013724484024
list:
dist: 1.4805013724484024 vs. 1.4805013724484024
--------
nle(id0,id1,dist): 141 148 2.8728333461314346
list:
dist: 2.8728333461314346 vs. 2.8728333461314346
--------
nle(id0,id1,dist): 139 143 1.9103753420468443
list:
dist: 1.9103753420468443 vs. 1.9103753420468443
--------
nle(id0,id1,dist): 139 141 1.590812731446251
list:
dist: 1.590812731446251 vs. 1.590812731446251
--------
nle(id0,id1,dist): 139 146 2.615639290868688
list:
dist: 2.615639290868688 vs. 2.615639290868688
--------
nle(id0,id1,dist): 140 145 0.9057056476583119
list:
dist: 0.9057056476583119 vs. 0.9057056476583119
--------
nle(id0,id1,dist): 140 146 1.7638085993917616
list:
dist: 1.7638085993917616 vs. 1.7638085993917616
--------
nle(id0,id1,dist): 140 147 1.2637696846858133
list:
dist: 1.2637696846858133 vs. 1.2637696846858133
--------
nle(id0,id1,dist): 140 148 1.6739126637614055
list:
dist: 1.6739126637614055 vs. 1.6739126637614055
--------
nle(id0,id1,dist): 140 141 3.1321465066385503
list:
dist: 3.1321465066385503 vs. 3.1321465066385503
--------
nle(id0,id1,dist): 140 143 2.375096999954265
list:
dist: 2.375096999954265 vs. 2.375096999954265
--------
nle(id0,id1,dist): 140 144 1.129255908900652
list:
dist: 1.129255908900652 vs. 1.129255908900652
--------
nle(id0,id1,dist): 138 141 1.1546492444389211
list:
dist: 1.1546492444389211 vs. 1.1546492444389211
--------
nle(id0,id1,dist): 138 139 2.737918976201268
list:
dist: 2.737918976201268 vs. 2.737918976201268
--------
nle(id0,id1,dist): 138 140 2.843013315417479
list:
dist: 2.843013315417479 vs. 2.843013315417479
--------
nle(id0,id1,dist): 138 148 2.177982775807888
list:
dist: 2.177982775807888 vs. 2.177982775807888
--------
nle(id0,id1,dist): 138 146 1.4719558182530816
list:
dist: 1.4719558182530816 vs. 1.4719558182530816
--------
nle(id0,id1,dist): 138 145 2.415597616364968
list:
dist: 2.415597616364968 vs. 2.415597616364968
--------
nle(id0,id1,dist): 138 143 2.1382729239300233
list:
dist: 2.1382729239300233 vs. 2.1382729239300233
--------
nle(id0,id1,dist): 137 145 2.9414472829467524
list:
dist: 2.9414472829467524 vs. 2.9414472829467524
--------
nle(id0,id1,dist): 137 146 1.7825536467327714
list:
dist: 1.7825536467327714 vs. 1.7825536467327714
--------
nle(id0,id1,dist): 137 140 3.368821473434021
list:
dist: 3.368821473434021 vs. 3.368821473434021
--------
nle(id0,id1,dist): 137 141 1.3195934627229409
list:
dist: 1.3195934627229409 vs. 1.3195934627229409
--------
nle(id0,id1,dist): 137 143 2.2403435686366553
list:
dist: 2.2403435686366553 vs. 2.2403435686366553
--------
nle(id0,id1,dist): 137 138 0.9403442358110576
list:
dist: 0.9403442358110576 vs. 0.9403442358110576
--------
nle(id0,id1,dist): 137 139 2.6146310224083744
list:
dist: 2.6146310224083744 vs. 2.6146310224083744
--------
nle(id0,id1,dist): 137 148 2.4125765084207327
list:
dist: 2.4125765084207327 vs. 2.4125765084207327
--------
nle(id0,id1,dist): 136 147 1.7859729964027644
list:
dist: 1.7859729964027644 vs. 1.7859729964027644
--------
nle(id0,id1,dist): 136 148 1.677990926983592
list:
dist: 1.677990926983592 vs. 1.677990926983592
--------
nle(id0,id1,dist): 136 145 0.3956212337492939
list:
dist: 0.3956212337492939 vs. 0.3956212337492939
--------
nle(id0,id1,dist): 136 146 1.2260482026744308
list:
dist: 1.2260482026744308 vs. 1.2260482026744308
--------
nle(id0,id1,dist): 136 149 2.307935506973897
list:
dist: 2.307935506973897 vs. 2.307935506973897
--------
nle(id0,id1,dist): 136 140 0.6385264876820822
list:
dist: 0.6385264876820822 vs. 0.6385264876820822
--------
nle(id0,id1,dist): 136 137 2.8851785910679064
list:
dist: 2.8851785910679064 vs. 2.8851785910679064
--------
nle(id0,id1,dist): 136 138 2.327543326021095
list:
dist: 2.327543326021095 vs. 2.327543326021095
--------
nle(id0,id1,dist): 136 143 1.841502976043158
list:
dist: 1.841502976043158 vs. 1.841502976043158
--------
nle(id0,id1,dist): 136 144 1.3781172388955638
list:
dist: 1.3781172388955638 vs. 1.3781172388955638
--------
nle(id0,id1,dist): 136 141 2.5184159224385008
list:
dist: 2.5184159224385008 vs. 2.5184159224385008
--------
nle(id0,id1,dist): 135 143 3.119884844001371
list:
dist: 3.119884844001371 vs. 3.119884844001371
--------
nle(id0,id1,dist): 135 145 3.244203276166899
list:
dist: 3.244203276166899 vs. 3.244203276166899
--------
nle(id0,id1,dist): 135 146 2.4714701822277134
list:
dist: 2.4714701822277134 vs. 2.4714701822277134
--------
nle(id0,id1,dist): 135 148 2.894787761059358
list:
dist: 2.894787761059358 vs. 2.894787761059358
--------
nle(id0,id1,dist): 134 149 2.394495380193979
list:
dist: 2.394495380193979 vs. 2.394495380193979
--------
nle(id0,id1,dist): 134 148 1.8964491955078944
list:
dist: 1.8964491955078944 vs. 1.8964491955078944
--------
nle(id0,id1,dist): 134 147 2.945582952566178
list:
dist: 2.945582952566178 vs. 2.945582952566178
--------
nle(id0,id1,dist): 135 140 3.5902279510625914
list:
dist: 3.5902279510625914 vs. 3.5902279510625914
--------
nle(id0,id1,dist): 135 141 1.8961397540970581
list:
dist: 1.8961397540970581 vs. 1.8961397540970581
--------
nle(id0,id1,dist): 135 138 1.0435504106004094
list:
dist: 1.0435504106004094 vs. 1.0435504106004094
--------
nle(id0,id1,dist): 135 139 3.3684108247423343
list:
dist: 3.3684108247423343 vs. 3.3684108247423343
--------
nle(id0,id1,dist): 135 136 3.1164038418583053
list:
dist: 3.1164038418583053 vs. 3.1164038418583053
--------
nle(id0,id1,dist): 135 137 1.6161402581020767
list:
dist: 1.6161402581020767 vs. 1.6161402581020767
--------
nle(id0,id1,dist): 134 135 2.174092810965615
list:
dist: 2.174092810965615 vs. 2.174092810965615
--------
nle(id0,id1,dist): 134 136 1.2008754255667553
list:
dist: 1.2008754255667553 vs. 1.2008754255667553
--------
nle(id0,id1,dist): 134 137 1.8572015302210376
list:
dist: 1.8572015302210376 vs. 1.8572015302210376
--------
nle(id0,id1,dist): 134 138 1.2823211502190819
list:
dist: 1.2823211502190819 vs. 1.2823211502190819
--------
nle(id0,id1,dist): 134 143 1.25563290143379
list:
dist: 1.25563290143379 vs. 1.25563290143379
--------
nle(id0,id1,dist): 134 144 2.1885182656190696
list:
dist: 2.1885182656190696 vs. 2.1885182656190696
--------
nle(id0,id1,dist): 134 145 1.1772159506144588
list:
dist: 1.1772159506144588 vs. 1.1772159506144588
--------
nle(id0,id1,dist): 134 146 0.549680626629493
list:
dist: 0.549680626629493 vs. 0.549680626629493
--------
nle(id0,id1,dist): 134 139 2.5919975805835196
list:
dist: 2.5919975805835196 vs. 2.5919975805835196
--------
nle(id0,id1,dist): 134 140 1.8118444780710556
list:
dist: 1.8118444780710556 vs. 1.8118444780710556
--------
nle(id0,id1,dist): 134 141 1.3328433235432966
list:
dist: 1.3328433235432966 vs. 1.3328433235432966
--------
nle(id0,id1,dist): 133 142 0.977120108359716
list:
dist: 0.977120108359716 vs. 0.977120108359716
--------
nle(id0,id1,dist): 132 136 3.6735520971796123
list:
dist: 3.6735520971796123 vs. 3.6735520971796123
--------
nle(id0,id1,dist): 132 140 3.579858457521207
list:
dist: 3.579858457521207 vs. 3.579858457521207
--------
nle(id0,id1,dist): 132 145 4.046309222517797
list:
dist: 4.046309222517797 vs. 4.046309222517797
--------
nle(id0,id1,dist): 132 148 2.3248852879908606
list:
dist: 2.3248852879908606 vs. 2.3248852879908606
--------
nle(id0,id1,dist): 131 147 1.9610049510265801
list:
dist: 1.9610049510265801 vs. 1.9610049510265801
--------
nle(id0,id1,dist): 131 146 1.2199270740889583
list:
dist: 1.2199270740889583 vs. 1.2199270740889583
--------
nle(id0,id1,dist): 131 149 1.1324874526292574
list:
dist: 1.1324874526292574 vs. 1.1324874526292574
--------
nle(id0,id1,dist): 131 148 2.1116452989779604
list:
dist: 2.1116452989779604 vs. 2.1116452989779604
--------
nle(id0,id1,dist): 131 143 1.2010137498477245
list:
dist: 1.2010137498477245 vs. 1.2010137498477245
--------
nle(id0,id1,dist): 131 144 1.2026909882550079
list:
dist: 1.2026909882550079 vs. 1.2026909882550079
--------
nle(id0,id1,dist): 131 145 0.9593033439984548
list:
dist: 0.9593033439984548 vs. 0.9593033439984548
--------
nle(id0,id1,dist): 131 138 2.6898867600401193
list:
dist: 2.6898867600401193 vs. 2.6898867600401193
--------
nle(id0,id1,dist): 131 139 3.0996059012430006
list:
dist: 3.0996059012430006 vs. 3.0996059012430006
--------
nle(id0,id1,dist): 131 140 1.456543966281819
list:
dist: 1.456543966281819 vs. 1.456543966281819
--------
nle(id0,id1,dist): 131 141 2.484903012634634
list:
dist: 2.484903012634634 vs. 2.484903012634634
--------
nle(id0,id1,dist): 131 134 1.543703050637295
list:
dist: 1.543703050637295 vs. 1.543703050637295
--------
nle(id0,id1,dist): 131 135 3.66975810235992
list:
dist: 3.66975810235992 vs. 3.66975810235992
--------
nle(id0,id1,dist): 131 136 1.1800985214001745
list:
dist: 1.1800985214001745 vs. 1.1800985214001745
--------
nle(id0,id1,dist): 131 137 2.919058610502926
list:
dist: 2.919058610502926 vs. 2.919058610502926
--------
nle(id0,id1,dist): 130 148 3.286013782652776
list:
dist: 3.286013782652776 vs. 3.286013782652776
--------
nle(id0,id1,dist): 130 145 4.76120173868808
list:
dist: 4.76120173868808 vs. 4.76120173868808
--------
nle(id0,id1,dist): 130 140 4.067632273380993
list:
dist: 4.067632273380993 vs. 4.067632273380993
--------
nle(id0,id1,dist): 130 136 4.365880115404634
list:
dist: 4.365880115404634 vs. 4.365880115404634
--------
nle(id0,id1,dist): 130 132 1.5819372141354566
list:
dist: 1.5819372141354566 vs. 1.5819372141354566
--------
nle(id0,id1,dist): 129 148 2.0440667907250285
list:
dist: 2.0440667907250285 vs. 2.0440667907250285
--------
nle(id0,id1,dist): 129 149 1.7800214690223146
list:
dist: 1.7800214690223146 vs. 1.7800214690223146
--------
nle(id0,id1,dist): 129 140 1.3782790361207764
list:
dist: 1.3782790361207764 vs. 1.3782790361207764
--------
nle(id0,id1,dist): 129 141 1.9467265216426615
list:
dist: 1.9467265216426615 vs. 1.9467265216426615
--------
nle(id0,id1,dist): 129 143 1.063016346632643
list:
dist: 1.063016346632643 vs. 1.063016346632643
--------
nle(id0,id1,dist): 129 144 1.678996872845401
list:
dist: 1.678996872845401 vs. 1.678996872845401
--------
nle(id0,id1,dist): 129 145 0.5416942197303691
list:
dist: 0.5416942197303691 vs. 0.5416942197303691
--------
nle(id0,id1,dist): 129 146 0.800797911250539
list:
dist: 0.800797911250539 vs. 0.800797911250539
--------
nle(id0,id1,dist): 129 147 2.2879200464995977
list:
dist: 2.2879200464995977 vs. 2.2879200464995977
--------
nle(id0,id1,dist): 129 135 3.0132559462885515
list:
dist: 3.0132559462885515 vs. 3.0132559462885515
--------
nle(id0,id1,dist): 129 134 0.8423019353387514
list:
dist: 0.8423019353387514 vs. 0.8423019353387514
--------
nle(id0,id1,dist): 129 139 2.8026709532745127
list:
dist: 2.8026709532745127 vs. 2.8026709532745127
--------
nle(id0,id1,dist): 129 138 2.1081516524441035
list:
dist: 2.1081516524441035 vs. 2.1081516524441035
--------
nle(id0,id1,dist): 129 137 2.5486258744367856
list:
dist: 2.5486258744367856 vs. 2.5486258744367856
--------
nle(id0,id1,dist): 129 136 0.8038282885096665
list:
dist: 0.8038282885096665 vs. 0.8038282885096665
--------
nle(id0,id1,dist): 129 131 0.8182422538923507
list:
dist: 0.8182422538923507 vs. 0.8182422538923507
--------
nle(id0,id1,dist): 128 147 2.648080298419574
list:
dist: 2.648080298419574 vs. 2.648080298419574
--------
nle(id0,id1,dist): 128 148 0.6135149869043748
list:
dist: 0.6135149869043748 vs. 0.6135149869043748
--------
nle(id0,id1,dist): 128 145 1.7718459775776794
list:
dist: 1.7718459775776794 vs. 1.7718459775776794
--------
nle(id0,id1,dist): 128 146 1.5381133759925047
list:
dist: 1.5381133759925047 vs. 1.5381133759925047
--------
nle(id0,id1,dist): 128 149 3.1666886095577165
list:
dist: 3.1666886095577165 vs. 3.1666886095577165
--------
nle(id0,id1,dist): 128 134 1.5944292064832992
list:
dist: 1.5944292064832992 vs. 1.5944292064832992
--------
nle(id0,id1,dist): 128 135 2.5042978940901675
list:
dist: 2.5042978940901675 vs. 2.5042978940901675
--------
nle(id0,id1,dist): 128 136 1.4262482064970579
list:
dist: 1.4262482064970579 vs. 1.4262482064970579
--------
nle(id0,id1,dist): 128 129 1.8663262882236746
list:
dist: 1.8663262882236746 vs. 1.8663262882236746
--------
nle(id0,id1,dist): 128 130 3.253077058300876
list:
dist: 3.253077058300876 vs. 3.253077058300876
--------
nle(id0,id1,dist): 128 131 2.159352936978822
list:
dist: 2.159352936978822 vs. 2.159352936978822
--------
nle(id0,id1,dist): 128 132 2.300800134580979
list:
dist: 2.300800134580979 vs. 2.300800134580979
--------
nle(id0,id1,dist): 128 141 2.653344104375849
list:
dist: 2.653344104375849 vs. 2.653344104375849
--------
nle(id0,id1,dist): 128 143 2.5484724474968927
list:
dist: 2.5484724474968927 vs. 2.5484724474968927
--------
nle(id0,id1,dist): 128 144 1.8226900935418042
list:
dist: 1.8226900935418042 vs. 1.8226900935418042
--------
nle(id0,id1,dist): 128 137 2.343397413783125
list:
dist: 2.343397413783125 vs. 2.343397413783125
--------
nle(id0,id1,dist): 128 138 1.878783482997642
list:
dist: 1.878783482997642 vs. 1.878783482997642
--------
nle(id0,id1,dist): 128 140 1.5176445227834963
list:
dist: 1.5176445227834963 vs. 1.5176445227834963
--------
nle(id0,id1,dist): 127 140 2.5056966299649757
list:
dist: 2.5056966299649757 vs. 2.5056966299649757
--------
nle(id0,id1,dist): 127 141 0.9444944950341795
list:
dist: 0.9444944950341795 vs. 0.9444944950341795
--------
nle(id0,id1,dist): 127 138 0.489419947579069
list:
dist: 0.489419947579069 vs. 0.489419947579069
--------
nle(id0,id1,dist): 127 139 2.506868576563878
list:
dist: 2.506868576563878 vs. 2.506868576563878
--------
nle(id0,id1,dist): 127 136 1.9433231476757586
list:
dist: 1.9433231476757586 vs. 1.9433231476757586
--------
nle(id0,id1,dist): 127 137 1.213919845383992
list:
dist: 1.213919845383992 vs. 1.213919845383992
--------
nle(id0,id1,dist): 127 134 0.820543764683991
list:
dist: 0.820543764683991 vs. 0.820543764683991
--------
nle(id0,id1,dist): 127 135 1.4235705886610477
list:
dist: 1.4235705886610477 vs. 1.4235705886610477
--------
nle(id0,id1,dist): 127 148 2.106949687737603
list:
dist: 2.106949687737603 vs. 2.106949687737603
--------
nle(id0,id1,dist): 127 146 1.0862465479177885
list:
dist: 1.0862465479177885 vs. 1.0862465479177885
--------
nle(id0,id1,dist): 127 145 1.984243987522291
list:
dist: 1.984243987522291 vs. 1.984243987522291
--------
nle(id0,id1,dist): 127 143 1.724678197439073
list:
dist: 1.724678197439073 vs. 1.724678197439073
--------
nle(id0,id1,dist): 127 131 2.279233105660018
list:
dist: 2.279233105660018 vs. 2.279233105660018
--------
nle(id0,id1,dist): 127 129 1.6516306504429334
list:
dist: 1.6516306504429334 vs. 1.6516306504429334
--------
nle(id0,id1,dist): 127 128 1.7892414454773107
list:
dist: 1.7892414454773107 vs. 1.7892414454773107
--------
nle(id0,id1,dist): 126 140 0.9373734900547352
list:
dist: 0.9373734900547352 vs. 0.9373734900547352
--------
nle(id0,id1,dist): 126 141 4.01757317779786
list:
dist: 4.01757317779786 vs. 4.01757317779786
--------
nle(id0,id1,dist): 126 143 3.2885911471902434
list:
dist: 3.2885911471902434 vs. 3.2885911471902434
--------
nle(id0,id1,dist): 126 144 1.7152969521984327
list:
dist: 1.7152969521984327 vs. 1.7152969521984327
--------
nle(id0,id1,dist): 126 145 1.7521984683071534
list:
dist: 1.7521984683071534 vs. 1.7521984683071534
--------
nle(id0,id1,dist): 126 146 2.6903785508622153
list:
dist: 2.6903785508622153 vs. 2.6903785508622153
--------
nle(id0,id1,dist): 126 147 1.0748050282911308
list:
dist: 1.0748050282911308 vs. 1.0748050282911308
--------
nle(id0,id1,dist): 126 148 2.265643350781615
list:
dist: 2.265643350781615 vs. 2.265643350781615
--------
nle(id0,id1,dist): 126 149 3.313588630616858
list:
dist: 3.313588630616858 vs. 3.313588630616858
--------
nle(id0,id1,dist): 126 128 2.107435246899775
list:
dist: 2.107435246899775 vs. 2.107435246899775
--------
nle(id0,id1,dist): 126 127 3.3357262425299194
list:
dist: 3.3357262425299194 vs. 3.3357262425299194
--------
nle(id0,id1,dist): 126 130 3.8315665157733028
list:
dist: 3.8315665157733028 vs. 3.8315665157733028
--------
nle(id0,id1,dist): 126 129 2.2726683650290194
list:
dist: 2.2726683650290194 vs. 2.2726683650290194
--------
nle(id0,id1,dist): 126 132 3.7247237905833077
list:
dist: 3.7247237905833077 vs. 3.7247237905833077
--------
nle(id0,id1,dist): 126 131 2.302594994015495
list:
dist: 2.302594994015495 vs. 2.302594994015495
--------
nle(id0,id1,dist): 126 134 2.6852857488758066
list:
dist: 2.6852857488758066 vs. 2.6852857488758066
--------
nle(id0,id1,dist): 126 136 1.5210048516769485
list:
dist: 1.5210048516769485 vs. 1.5210048516769485
--------
nle(id0,id1,dist): 126 135 4.260131431656713
list:
dist: 4.260131431656713 vs. 4.260131431656713
--------
nle(id0,id1,dist): 126 138 3.6387866338080572
list:
dist: 3.6387866338080572 vs. 3.6387866338080572
--------
nle(id0,id1,dist): 126 137 4.221272703376815
list:
dist: 4.221272703376815 vs. 4.221272703376815
--------
nle(id0,id1,dist): 125 146 2.4804433750274932
list:
dist: 2.4804433750274932 vs. 2.4804433750274932
--------
nle(id0,id1,dist): 125 147 1.8439796080166333
list:
dist: 1.8439796080166333 vs. 1.8439796080166333
--------
nle(id0,id1,dist): 125 144 1.291230781027693
list:
dist: 1.291230781027693 vs. 1.291230781027693
--------
nle(id0,id1,dist): 125 145 2.2130684426512675
list:
dist: 2.2130684426512675 vs. 2.2130684426512675
--------
nle(id0,id1,dist): 125 148 1.2223792805863083
list:
dist: 1.2223792805863083 vs. 1.2223792805863083
--------
nle(id0,id1,dist): 125 149 3.2448225811376155
list:
dist: 3.2448225811376155 vs. 3.2448225811376155
--------
nle(id0,id1,dist): 125 131 2.3516633604798023
list:
dist: 2.3516633604798023 vs. 2.3516633604798023
--------
nle(id0,id1,dist): 125 130 3.0783014458622766
list:
dist: 3.0783014458622766 vs. 3.0783014458622766
--------
nle(id0,id1,dist): 125 129 2.5052754824975216
list:
dist: 2.5052754824975216 vs. 2.5052754824975216
--------
nle(id0,id1,dist): 125 128 1.4829057043746896
list:
dist: 1.4829057043746896 vs. 1.4829057043746896
--------
nle(id0,id1,dist): 125 135 3.98608712888111
list:
dist: 3.98608712888111 vs. 3.98608712888111
--------
nle(id0,id1,dist): 125 134 2.7012264890185484
list:
dist: 2.7012264890185484 vs. 2.7012264890185484
--------
nle(id0,id1,dist): 125 132 2.7238491942796226
list:
dist: 2.7238491942796226 vs. 2.7238491942796226
--------
nle(id0,id1,dist): 125 138 3.301118714863443
list:
dist: 3.301118714863443 vs. 3.301118714863443
--------
nle(id0,id1,dist): 125 137 3.608513095794228
list:
dist: 3.608513095794228 vs. 3.608513095794228
--------
nle(id0,id1,dist): 125 136 1.8932638561878
list:
dist: 1.8932638561878 vs. 1.8932638561878
--------
nle(id0,id1,dist): 125 143 3.263193186264354
list:
dist: 3.263193186264354 vs. 3.263193186264354
--------
nle(id0,id1,dist): 125 141 3.8845895297329385
list:
dist: 3.8845895297329385 vs. 3.8845895297329385
--------
nle(id0,id1,dist): 125 140 1.45755361911459
list:
dist: 1.45755361911459 vs. 1.45755361911459
2. Check the NeighborList query for coordinates against the neighbor list for consistency
list:
dist: 0.6467256030498758 vs. 0.6467256030498758
list:
dist: 1.6407622359946175 vs. 1.6407622359946175
list:
dist: 2.466444608291696 vs. 2.466444608291696
list:
dist: 2.08333851655672 vs. 2.08333851655672
list:
dist: 2.358918552363385 vs. 2.358918552363385
list:
dist: 2.395607927984975 vs. 2.395607927984975
list:
dist: 2.6812164961124085 vs. 2.6812164961124085
list:
dist: 3.261618940824092 vs. 3.261618940824092
list:
dist: 2.882475222655653 vs. 2.882475222655653
list:
dist: 2.6803176490401754 vs. 2.6803176490401754
list:
dist: 1.6895892917528652 vs. 1.6895892917528652
list:
dist: 2.375102917202793 vs. 2.375102917202793
list:
dist: 2.780462641661935 vs. 2.780462641661935
list:
dist: 1.2726002361692952 vs. 1.2726002361692952
list:
dist: 2.944975881340627 vs. 2.944975881340627
list:
dist: 2.1154999119968525 vs. 2.1154999119968525
list:
dist: 1.9702568849354467 vs. 1.9702568849354467
list:
dist: 2.1033609751506424 vs. 2.1033609751506424
list:
dist: 1.6407622359946175 vs. 1.6407622359946175
list:
dist: 3.8078839074796855 vs. 3.8078839074796855
list:
dist: 2.2412420146243863 vs. 2.2412420146243863
list:
dist: 1.9130288261887136 vs. 1.9130288261887136
list:
dist: 1.1035071830160457 vs. 1.1035071830160457
list:
dist: 2.1061916653249626 vs. 2.1061916653249626
list:
dist: 2.416867186831497 vs. 2.416867186831497
list:
dist: 1.387392429002759 vs. 1.387392429002759
list:
dist: 1.6148280418545102 vs. 1.6148280418545102
list:
dist: 2.882475222655653 vs. 2.882475222655653
list:
dist: 1.387392429002759 vs. 1.387392429002759
list:
dist: 2.5572954719806833 vs. 2.5572954719806833
list:
dist: 1.7523916010855938 vs. 1.7523916010855938
list:
dist: 0.8537622974553983 vs. 0.8537622974553983
list:
dist: 2.1359067855099 vs. 2.1359067855099
list:
dist: 2.106674276775452 vs. 2.106674276775452
list:
dist: 1.0519091442670425 vs. 1.0519091442670425
list:
dist: 1.634434592450197 vs. 1.634434592450197
list:
dist: 3.7741051709694236 vs. 3.7741051709694236
list:
dist: 3.625166445412846 vs. 3.625166445412846
list:
dist: 2.610225352343323 vs. 2.610225352343323
list:
dist: 2.965300446044588 vs. 2.965300446044588
list:
dist: 1.9655503263950602 vs. 1.9655503263950602
list:
dist: 2.1572057503230586 vs. 2.1572057503230586
list:
dist: 2.9291584478919197 vs. 2.9291584478919197
list:
dist: 3.261218466669321 vs. 3.261218466669321
list:
dist: 3.4757983031637707 vs. 3.4757983031637707
list:
dist: 3.6255165492130064 vs. 3.6255165492130064
list:
dist: 3.97644419164858 vs. 3.97644419164858
list:
dist: 0.6467256030498758 vs. 0.6467256030498758
list:
dist: 2.1033609751506424 vs. 2.1033609751506424
list:
dist: 2.0263776984283504 vs. 2.0263776984283504
list:
dist: 2.2944283054029295 vs. 2.2944283054029295
list:
dist: 2.5114496949185177 vs. 2.5114496949185177
list:
dist: 2.6051983803557195 vs. 2.6051983803557195
list:
dist: 0.8681341862128503 vs. 0.8681341862128503
list:
dist: 0.8676018448521721 vs. 0.8676018448521721
list:
dist: 2.202623546965598 vs. 2.202623546965598
list:
dist: 2.026099667246115 vs. 2.026099667246115
list:
dist: 2.46219472935234 vs. 2.46219472935234
list:
dist: 2.610225352343323 vs. 2.610225352343323
list:
dist: 1.8277646117790909 vs. 1.8277646117790909
list:
dist: 1.7318827049775707 vs. 1.7318827049775707
list:
dist: 1.9702568849354467 vs. 1.9702568849354467
list:
dist: 2.0785714091340575 vs. 2.0785714091340575
list:
dist: 1.4559850037037168 vs. 1.4559850037037168
list:
dist: 3.201129170687446 vs. 3.201129170687446
list:
dist: 1.7609015808360824 vs. 1.7609015808360824
list:
dist: 2.923112892002591 vs. 2.923112892002591
list:
dist: 3.0983101527589656 vs. 3.0983101527589656
list:
dist: 1.9557955101004383 vs. 1.9557955101004383
list:
dist: 2.758129070215872 vs. 2.758129070215872
list:
dist: 3.814196835720168 vs. 3.814196835720168
list:
dist: 2.0263776984283504 vs. 2.0263776984283504
list:
dist: 2.466444608291696 vs. 2.466444608291696
list:
dist: 3.8078839074796855 vs. 3.8078839074796855
list:
dist: 2.618185247489764 vs. 2.618185247489764
list:
dist: 3.1647104091711453 vs. 3.1647104091711453
list:
dist: 2.5055750493718376 vs. 2.5055750493718376
list:
dist: 1.6895892917528652 vs. 1.6895892917528652
list:
dist: 3.974656662152786 vs. 3.974656662152786
list:
dist: 3.428624015295594 vs. 3.428624015295594
list:
dist: 2.6051983803557195 vs. 2.6051983803557195
list:
dist: 2.5114496949185177 vs. 2.5114496949185177
list:
dist: 2.358918552363385 vs. 2.358918552363385
list:
dist: 1.9130288261887136 vs. 1.9130288261887136
list:
dist: 3.1647104091711453 vs. 3.1647104091711453
list:
dist: 1.153701736317279 vs. 1.153701736317279
list:
dist: 1.4610944628887907 vs. 1.4610944628887907
list:
dist: 1.7619135287225238 vs. 1.7619135287225238
list:
dist: 2.098225972618453 vs. 2.098225972618453
list:
dist: 1.7523916010855938 vs. 1.7523916010855938
list:
dist: 1.1037662147817648 vs. 1.1037662147817648
list:
dist: 2.580950179278539 vs. 2.580950179278539
list:
dist: 2.780462641661935 vs. 2.780462641661935
list:
dist: 2.530610507536687 vs. 2.530610507536687
list:
dist: 2.0762122248470836 vs. 2.0762122248470836
list:
dist: 0.8676018448521721 vs. 0.8676018448521721
list:
dist: 2.9443696443410845 vs. 2.9443696443410845
list:
dist: 1.427758495318963 vs. 1.427758495318963
list:
dist: 2.410051312828762 vs. 2.410051312828762
list:
dist: 2.8096154956889854 vs. 2.8096154956889854
list:
dist: 2.145812006725549 vs. 2.145812006725549
list:
dist: 2.398528260335283 vs. 2.398528260335283
list:
dist: 2.145812006725549 vs. 2.145812006725549
list:
dist: 3.05017268627765 vs. 3.05017268627765
list:
dist: 2.6493710762493046 vs. 2.6493710762493046
list:
dist: 2.6337233188030207 vs. 2.6337233188030207
list:
dist: 3.261218466669321 vs. 3.261218466669321
list:
dist: 2.445593914686793 vs. 2.445593914686793
list:
dist: 3.143732138837159 vs. 3.143732138837159
list:
dist: 1.542514568075317 vs. 1.542514568075317
list:
dist: 1.1144241110751065 vs. 1.1144241110751065
list:
dist: 1.9557955101004383 vs. 1.9557955101004383
list:
dist: 2.351793146903607 vs. 2.351793146903607
list:
dist: 1.6543383812973953 vs. 1.6543383812973953
list:
dist: 2.0547059872334064 vs. 2.0547059872334064
list:
dist: 1.7157593293727291 vs. 1.7157593293727291
list:
dist: 3.3606739090424127 vs. 3.3606739090424127
list:
dist: 3.173854719341387 vs. 3.173854719341387
list:
dist: 3.507070054099412 vs. 3.507070054099412
list:
dist: 1.3691854721132044 vs. 1.3691854721132044
list:
dist: 2.2353360318940108 vs. 2.2353360318940108
list:
dist: 2.6812164961124085 vs. 2.6812164961124085
list:
dist: 2.1061916653249626 vs. 2.1061916653249626
list:
dist: 1.4091167851632862 vs. 1.4091167851632862
list:
dist: 1.7619135287225238 vs. 1.7619135287225238
list:
dist: 1.3455083058053243 vs. 1.3455083058053243
list:
dist: 0.6631942495567903 vs. 0.6631942495567903
list:
dist: 2.1359067855099 vs. 2.1359067855099
list:
dist: 1.2231568459209883 vs. 1.2231568459209883
list:
dist: 2.9431965584856763 vs. 2.9431965584856763
list:
dist: 2.213547795571587 vs. 2.213547795571587
list:
dist: 2.671064069664454 vs. 2.671064069664454
list:
dist: 2.026099667246115 vs. 2.026099667246115
list:
dist: 1.9883873777239736 vs. 1.9883873777239736
list:
dist: 1.174546590188498 vs. 1.174546590188498
list:
dist: 2.5484313620094983 vs. 2.5484313620094983
list:
dist: 2.7346920956676843 vs. 2.7346920956676843
list:
dist: 2.6493710762493046 vs. 2.6493710762493046
list:
dist: 2.807670439168936 vs. 2.807670439168936
list:
dist: 3.4530594142327806 vs. 3.4530594142327806
list:
dist: 4.1903788886626465 vs. 4.1903788886626465
list:
dist: 2.2944283054029295 vs. 2.2944283054029295
list:
dist: 2.08333851655672 vs. 2.08333851655672
list:
dist: 2.2412420146243863 vs. 2.2412420146243863
list:
dist: 2.618185247489764 vs. 2.618185247489764
list:
dist: 1.153701736317279 vs. 1.153701736317279
list:
dist: 1.9075461906800375 vs. 1.9075461906800375
list:
dist: 1.4091167851632862 vs. 1.4091167851632862
list:
dist: 1.9872438436586917 vs. 1.9872438436586917
list:
dist: 2.5572954719806833 vs. 2.5572954719806833
list:
dist: 1.6764281632682387 vs. 1.6764281632682387
list:
dist: 1.9204278126627836 vs. 1.9204278126627836
list:
dist: 2.375102917202793 vs. 2.375102917202793
list:
dist: 2.019300059040564 vs. 2.019300059040564
list:
dist: 1.915499641021105 vs. 1.915499641021105
list:
dist: 0.8681341862128503 vs. 0.8681341862128503
list:
dist: 2.9937865177080067 vs. 2.9937865177080067
list:
dist: 1.6748854968110696 vs. 1.6748854968110696
list:
dist: 3.105861023496185 vs. 3.105861023496185
list:
dist: 3.273719389595258 vs. 3.273719389595258
list:
dist: 2.398528260335283 vs. 2.398528260335283
list:
dist: 2.5055750493718376 vs. 2.5055750493718376
list:
dist: 1.9204278126627836 vs. 1.9204278126627836
list:
dist: 2.580950179278539 vs. 2.580950179278539
list:
dist: 1.2726002361692952 vs. 1.2726002361692952
list:
dist: 1.7633773478519195 vs. 1.7633773478519195
list:
dist: 1.294987400636004 vs. 1.294987400636004
list:
dist: 1.7318827049775707 vs. 1.7318827049775707
list:
dist: 2.452257476136461 vs. 2.452257476136461
list:
dist: 3.0730969239907218 vs. 3.0730969239907218
list:
dist: 3.814196835720168 vs. 3.814196835720168
list:
dist: 1.4449156822298674 vs. 1.4449156822298674
list:
dist: 2.451915949693622 vs. 2.451915949693622
list:
dist: 2.238231888077884 vs. 2.238231888077884
list:
dist: 1.3983728211851842 vs. 1.3983728211851842
list:
dist: 2.2353360318940108 vs. 2.2353360318940108
list:
dist: 1.8685382950045843 vs. 1.8685382950045843
list:
dist: 1.651699428989404 vs. 1.651699428989404
list:
dist: 2.2206950422303398 vs. 2.2206950422303398
list:
dist: 1.506770792177629 vs. 1.506770792177629
list:
dist: 2.105007804075915 vs. 2.105007804075915
list:
dist: 1.6748854968110696 vs. 1.6748854968110696
list:
dist: 1.427758495318963 vs. 1.427758495318963
list:
dist: 1.5513562209085572 vs. 1.5513562209085572
list:
dist: 1.174546590188498 vs. 1.174546590188498
list:
dist: 1.0713941074142699 vs. 1.0713941074142699
list:
dist: 1.9655503263950602 vs. 1.9655503263950602
list:
dist: 1.000754248424985 vs. 1.000754248424985
list:
dist: 2.2480262601223178 vs. 2.2480262601223178
list:
dist: 1.884761375374241 vs. 1.884761375374241
list:
dist: 2.0672197241808963 vs. 2.0672197241808963
list:
dist: 1.7609015808360824 vs. 1.7609015808360824
list:
dist: 1.5186445681748817 vs. 1.5186445681748817
list:
dist: 1.5293630303999748 vs. 1.5293630303999748
list:
dist: 1.6849107801808487 vs. 1.6849107801808487
list:
dist: 1.6543383812973953 vs. 1.6543383812973953
list:
dist: 2.5009233460642912 vs. 2.5009233460642912
list:
dist: 2.748545231138029 vs. 2.748545231138029
list:
dist: 3.3371863933501946 vs. 3.3371863933501946
list:
dist: 2.0166416929681903 vs. 2.0166416929681903
list:
dist: 2.451915949693622 vs. 2.451915949693622
list:
dist: 3.261618940824092 vs. 3.261618940824092
list:
dist: 2.416867186831497 vs. 2.416867186831497
list:
dist: 1.9872438436586917 vs. 1.9872438436586917
list:
dist: 2.098225972618453 vs. 2.098225972618453
list:
dist: 1.462732775465327 vs. 1.462732775465327
list:
dist: 0.6631942495567903 vs. 0.6631942495567903
list:
dist: 2.106674276775452 vs. 2.106674276775452
list:
dist: 1.2892106528306564 vs. 1.2892106528306564
list:
dist: 2.5655689190459743 vs. 2.5655689190459743
list:
dist: 2.3538718120862945 vs. 2.3538718120862945
list:
dist: 2.907131795528248 vs. 2.907131795528248
list:
dist: 2.46219472935234 vs. 2.46219472935234
list:
dist: 1.4298160739383226 vs. 1.4298160739383226
list:
dist: 1.0713941074142699 vs. 1.0713941074142699
list:
dist: 2.152615990655051 vs. 2.152615990655051
list:
dist: 2.316724640362868 vs. 2.316724640362868
list:
dist: 2.6337233188030207 vs. 2.6337233188030207
list:
dist: 2.1618523377584316 vs. 2.1618523377584316
list:
dist: 2.8413137713481986 vs. 2.8413137713481986
list:
dist: 3.6114806831131934 vs. 3.6114806831131934
list:
dist: 2.395607927984975 vs. 2.395607927984975
list:
dist: 1.1035071830160457 vs. 1.1035071830160457
list:
dist: 1.9075461906800375 vs. 1.9075461906800375
list:
dist: 1.4610944628887907 vs. 1.4610944628887907
list:
dist: 1.3455083058053243 vs. 1.3455083058053243
list:
dist: 1.462732775465327 vs. 1.462732775465327
list:
dist: 0.8537622974553983 vs. 0.8537622974553983
list:
dist: 0.6106963976490343 vs. 0.6106963976490343
list:
dist: 2.17287350831038 vs. 2.17287350831038
list:
dist: 3.220507533802092 vs. 3.220507533802092
list:
dist: 3.245304531991933 vs. 3.245304531991933
list:
dist: 2.202623546965598 vs. 2.202623546965598
list:
dist: 2.6240030047614513 vs. 2.6240030047614513
list:
dist: 1.5513562209085572 vs. 1.5513562209085572
list:
dist: 2.3228301423587276 vs. 2.3228301423587276
list:
dist: 2.911941512169243 vs. 2.911941512169243
list:
dist: 3.05017268627765 vs. 3.05017268627765
list:
dist: 3.2553944451995434 vs. 3.2553944451995434
list:
dist: 3.6392730923153795 vs. 3.6392730923153795
list:
dist: 4.168047475059232 vs. 4.168047475059232
list:
dist: 3.974656662152786 vs. 3.974656662152786
list:
dist: 2.019300059040564 vs. 2.019300059040564
list:
dist: 2.530610507536687 vs. 2.530610507536687
list:
dist: 3.220507533802092 vs. 3.220507533802092
list:
dist: 2.213547795571587 vs. 2.213547795571587
list:
dist: 2.3538718120862945 vs. 2.3538718120862945
list:
dist: 3.7741051709694236 vs. 3.7741051709694236
list:
dist: 2.739967032743885 vs. 2.739967032743885
list:
dist: 1.7633773478519195 vs. 1.7633773478519195
list:
dist: 2.944975881340627 vs. 2.944975881340627
list:
dist: 1.2333056446034814 vs. 1.2333056446034814
list:
dist: 2.0785714091340575 vs. 2.0785714091340575
list:
dist: 2.3240280375250006 vs. 2.3240280375250006
list:
dist: 1.884761375374241 vs. 1.884761375374241
list:
dist: 3.0010583825320167 vs. 3.0010583825320167
list:
dist: 2.5885556061026422 vs. 2.5885556061026422
list:
dist: 1.542514568075317 vs. 1.542514568075317
list:
dist: 1.0357723639259668 vs. 1.0357723639259668
list:
dist: 2.452257476136461 vs. 2.452257476136461
list:
dist: 3.428624015295594 vs. 3.428624015295594
list:
dist: 1.915499641021105 vs. 1.915499641021105
list:
dist: 2.0762122248470836 vs. 2.0762122248470836
list:
dist: 3.245304531991933 vs. 3.245304531991933
list:
dist: 2.671064069664454 vs. 2.671064069664454
list:
dist: 2.907131795528248 vs. 2.907131795528248
list:
dist: 3.625166445412846 vs. 3.625166445412846
list:
dist: 2.715647837928078 vs. 2.715647837928078
list:
dist: 1.294987400636004 vs. 1.294987400636004
list:
dist: 2.1154999119968525 vs. 2.1154999119968525
list:
dist: 1.2333056446034814 vs. 1.2333056446034814
list:
dist: 1.4559850037037168 vs. 1.4559850037037168
list:
dist: 3.022920608803026 vs. 3.022920608803026
list:
dist: 2.0672197241808963 vs. 2.0672197241808963
list:
dist: 2.990554285033159 vs. 2.990554285033159
list:
dist: 2.7509364816802466 vs. 2.7509364816802466
list:
dist: 1.1144241110751065 vs. 1.1144241110751065
list:
dist: 1.7538894647412353 vs. 1.7538894647412353
list:
dist: 3.0730969239907218 vs. 3.0730969239907218
list:
dist: 2.17287350831038 vs. 2.17287350831038
list:
dist: 2.9431965584856763 vs. 2.9431965584856763
list:
dist: 2.5655689190459743 vs. 2.5655689190459743
list:
dist: 1.634434592450197 vs. 1.634434592450197
list:
dist: 1.988555589141207 vs. 1.988555589141207
list:
dist: 2.5658530697983806 vs. 2.5658530697983806
list:
dist: 2.2480262601223178 vs. 2.2480262601223178
list:
dist: 1.2252466631765724 vs. 1.2252466631765724
list:
dist: 2.075140288015448 vs. 2.075140288015448
list:
dist: 3.143732138837159 vs. 3.143732138837159
list:
dist: 2.7715102331245802 vs. 2.7715102331245802
list:
dist: 2.4502183697322617 vs. 2.4502183697322617
list:
dist: 2.525289695263939 vs. 2.525289695263939
list:
dist: 1.0357723639259668 vs. 1.0357723639259668
list:
dist: 1.7538894647412353 vs. 1.7538894647412353
list:
dist: 2.758129070215872 vs. 2.758129070215872
list:
dist: 1.900335358356901 vs. 1.900335358356901
list:
dist: 2.0166416929681903 vs. 2.0166416929681903
list:
dist: 2.608918736222024 vs. 2.608918736222024
list:
dist: 1.9478134191411358 vs. 1.9478134191411358
list:
dist: 1.3691854721132044 vs. 1.3691854721132044
list:
dist: 2.848007844551703 vs. 2.848007844551703
list:
dist: 2.936700482720055 vs. 2.936700482720055
list:
dist: 3.5097547934439226 vs. 3.5097547934439226
list:
dist: 1.506770792177629 vs. 1.506770792177629
list:
dist: 2.34226775580611 vs. 2.34226775580611
list:
dist: 2.6803176490401754 vs. 2.6803176490401754
list:
dist: 1.6148280418545102 vs. 1.6148280418545102
list:
dist: 1.6764281632682387 vs. 1.6764281632682387
list:
dist: 1.1037662147817648 vs. 1.1037662147817648
list:
dist: 0.6106963976490343 vs. 0.6106963976490343
list:
dist: 1.2231568459209883 vs. 1.2231568459209883
list:
dist: 1.2892106528306564 vs. 1.2892106528306564
list:
dist: 1.0519091442670425 vs. 1.0519091442670425
list:
dist: 1.988555589141207 vs. 1.988555589141207
list:
dist: 2.739967032743885 vs. 2.739967032743885
list:
dist: 2.715647837928078 vs. 2.715647837928078
list:
dist: 1.8277646117790909 vs. 1.8277646117790909
list:
dist: 2.251417510927558 vs. 2.251417510927558
list:
dist: 1.000754248424985 vs. 1.000754248424985
list:
dist: 1.859737428061732 vs. 1.859737428061732
list:
dist: 2.3893328782227248 vs. 2.3893328782227248
list:
dist: 2.445593914686793 vs. 2.445593914686793
list:
dist: 3.0140379972713482 vs. 3.0140379972713482
list:
dist: 3.290312393051609 vs. 3.290312393051609
list:
dist: 3.8009032906123523 vs. 3.8009032906123523
list:
dist: 3.2553944451995434 vs. 3.2553944451995434
list:
dist: 2.807670439168936 vs. 2.807670439168936
list:
dist: 2.1618523377584316 vs. 2.1618523377584316
list:
dist: 3.4757983031637707 vs. 3.4757983031637707
list:
dist: 3.0140379972713482 vs. 3.0140379972713482
list:
dist: 2.7715102331245802 vs. 2.7715102331245802
list:
dist: 1.0992958307857599 vs. 1.0992958307857599
list:
dist: 2.5009233460642912 vs. 2.5009233460642912
list:
dist: 2.251707167969866 vs. 2.251707167969866
list:
dist: 2.011622139713774 vs. 2.011622139713774
list:
dist: 3.3606739090424127 vs. 3.3606739090424127
list:
dist: 1.1904279800311828 vs. 1.1904279800311828
list:
dist: 2.129746634091133 vs. 2.129746634091133
list:
dist: 2.848007844551703 vs. 2.848007844551703
list:
dist: 1.8685382950045843 vs. 1.8685382950045843
list:
dist: 2.9937865177080067 vs. 2.9937865177080067
list:
dist: 2.9443696443410845 vs. 2.9443696443410845
list:
dist: 2.6240030047614513 vs. 2.6240030047614513
list:
dist: 1.9883873777239736 vs. 1.9883873777239736
list:
dist: 1.4298160739383226 vs. 1.4298160739383226
list:
dist: 2.965300446044588 vs. 2.965300446044588
list:
dist: 2.251417510927558 vs. 2.251417510927558
list:
dist: 2.5658530697983806 vs. 2.5658530697983806
list:
dist: 2.3240280375250006 vs. 2.3240280375250006
list:
dist: 3.022920608803026 vs. 3.022920608803026
list:
dist: 3.201129170687446 vs. 3.201129170687446
list:
dist: 1.5186445681748817 vs. 1.5186445681748817
list:
dist: 1.731056251131363 vs. 1.731056251131363
list:
dist: 1.4035952561685525 vs. 1.4035952561685525
list:
dist: 2.351793146903607 vs. 2.351793146903607
list:
dist: 1.0992958307857599 vs. 1.0992958307857599
list:
dist: 1.6205389183398995 vs. 1.6205389183398995
list:
dist: 2.4770754661059176 vs. 2.4770754661059176
list:
dist: 1.900335358356901 vs. 1.900335358356901
list:
dist: 1.4449156822298674 vs. 1.4449156822298674
list:
dist: 3.6392730923153795 vs. 3.6392730923153795
list:
dist: 3.4530594142327806 vs. 3.4530594142327806
list:
dist: 2.8413137713481986 vs. 2.8413137713481986
list:
dist: 3.6255165492130064 vs. 3.6255165492130064
list:
dist: 3.290312393051609 vs. 3.290312393051609
list:
dist: 2.4502183697322617 vs. 2.4502183697322617
list:
dist: 1.6205389183398995 vs. 1.6205389183398995
list:
dist: 2.748545231138029 vs. 2.748545231138029
list:
dist: 1.8400520244354628 vs. 1.8400520244354628
list:
dist: 1.5126472097290853 vs. 1.5126472097290853
list:
dist: 3.173854719341387 vs. 3.173854719341387
list:
dist: 1.1904279800311828 vs. 1.1904279800311828
list:
dist: 0.9563022459124431 vs. 0.9563022459124431
list:
dist: 2.936700482720055 vs. 2.936700482720055
list:
dist: 1.651699428989404 vs. 1.651699428989404
list:
dist: 4.168047475059232 vs. 4.168047475059232
list:
dist: 4.1903788886626465 vs. 4.1903788886626465
list:
dist: 3.6114806831131934 vs. 3.6114806831131934
list:
dist: 3.97644419164858 vs. 3.97644419164858
list:
dist: 3.8009032906123523 vs. 3.8009032906123523
list:
dist: 2.525289695263939 vs. 2.525289695263939
list:
dist: 2.4770754661059176 vs. 2.4770754661059176
list:
dist: 3.3371863933501946 vs. 3.3371863933501946
list:
dist: 2.0685893084985696 vs. 2.0685893084985696
list:
dist: 1.8462472520862958 vs. 1.8462472520862958
list:
dist: 3.507070054099412 vs. 3.507070054099412
list:
dist: 2.129746634091133 vs. 2.129746634091133
list:
dist: 0.9563022459124431 vs. 0.9563022459124431
list:
dist: 3.5097547934439226 vs. 3.5097547934439226
list:
dist: 2.2206950422303398 vs. 2.2206950422303398
list:
dist: 3.273719389595258 vs. 3.273719389595258
list:
dist: 2.8096154956889854 vs. 2.8096154956889854
list:
dist: 2.911941512169243 vs. 2.911941512169243
list:
dist: 2.7346920956676843 vs. 2.7346920956676843
list:
dist: 2.316724640362868 vs. 2.316724640362868
list:
dist: 2.9291584478919197 vs. 2.9291584478919197
list:
dist: 2.3893328782227248 vs. 2.3893328782227248
list:
dist: 2.075140288015448 vs. 2.075140288015448
list:
dist: 2.5885556061026422 vs. 2.5885556061026422
list:
dist: 2.7509364816802466 vs. 2.7509364816802466
list:
dist: 3.0983101527589656 vs. 3.0983101527589656
list:
dist: 1.4035952561685525 vs. 1.4035952561685525
list:
dist: 1.6849107801808487 vs. 1.6849107801808487
list:
dist: 0.8850747530561683 vs. 0.8850747530561683
list:
dist: 1.7157593293727291 vs. 1.7157593293727291
list:
dist: 2.011622139713774 vs. 2.011622139713774
list:
dist: 1.5126472097290853 vs. 1.5126472097290853
list:
dist: 1.8462472520862958 vs. 1.8462472520862958
list:
dist: 1.9478134191411358 vs. 1.9478134191411358
list:
dist: 1.3983728211851842 vs. 1.3983728211851842
list:
dist: 2.34226775580611 vs. 2.34226775580611
list:
dist: 2.105007804075915 vs. 2.105007804075915
list:
dist: 3.105861023496185 vs. 3.105861023496185
list:
dist: 2.410051312828762 vs. 2.410051312828762
list:
dist: 2.3228301423587276 vs. 2.3228301423587276
list:
dist: 2.5484313620094983 vs. 2.5484313620094983
list:
dist: 2.152615990655051 vs. 2.152615990655051
list:
dist: 2.1572057503230586 vs. 2.1572057503230586
list:
dist: 1.859737428061732 vs. 1.859737428061732
list:
dist: 1.2252466631765724 vs. 1.2252466631765724
list:
dist: 3.0010583825320167 vs. 3.0010583825320167
list:
dist: 2.990554285033159 vs. 2.990554285033159
list:
dist: 2.923112892002591 vs. 2.923112892002591
list:
dist: 1.731056251131363 vs. 1.731056251131363
list:
dist: 1.5293630303999748 vs. 1.5293630303999748
list:
dist: 0.8850747530561683 vs. 0.8850747530561683
list:
dist: 2.0547059872334064 vs. 2.0547059872334064
list:
dist: 2.251707167969866 vs. 2.251707167969866
list:
dist: 1.8400520244354628 vs. 1.8400520244354628
list:
dist: 2.0685893084985696 vs. 2.0685893084985696
list:
dist: 2.608918736222024 vs. 2.608918736222024
list:
dist: 2.238231888077884 vs. 2.238231888077884
list:
dist: 1.053185141578178 vs. 1.053185141578178
list:
dist: 2.829524359344947 vs. 2.829524359344947
list:
dist: 3.7594757188430847 vs. 3.7594757188430847
list:
dist: 2.9570940133353627 vs. 2.9570940133353627
list:
dist: 2.8220955912754686 vs. 2.8220955912754686
list:
dist: 1.8108718398349268 vs. 1.8108718398349268
list:
dist: 2.251312355616626 vs. 2.251312355616626
list:
dist: 2.180870420495698 vs. 2.180870420495698
list:
dist: 2.973697231659549 vs. 2.973697231659549
list:
dist: 3.054133473662123 vs. 3.054133473662123
list:
dist: 3.2899389590992825 vs. 3.2899389590992825
list:
dist: 1.9269194257864815 vs. 1.9269194257864815
list:
dist: 2.973697231659549 vs. 2.973697231659549
list:
dist: 1.450976733902502 vs. 1.450976733902502
list:
dist: 2.3795196658419027 vs. 2.3795196658419027
list:
dist: 0.9914311055425822 vs. 0.9914311055425822
list:
dist: 2.554862158172984 vs. 2.554862158172984
list:
dist: 1.6547977118835417 vs. 1.6547977118835417
list:
dist: 1.762242761098133 vs. 1.762242761098133
list:
dist: 1.0132881630183967 vs. 1.0132881630183967
list:
dist: 0.8329994241238486 vs. 0.8329994241238486
list:
dist: 0.6470475948545875 vs. 0.6470475948545875
list:
dist: 1.6311836597329878 vs. 1.6311836597329878
list:
dist: 2.872983019378944 vs. 2.872983019378944
list:
dist: 2.284520855117034 vs. 2.284520855117034
list:
dist: 1.349005161058595 vs. 1.349005161058595
list:
dist: 3.2573969858619787 vs. 3.2573969858619787
list:
dist: 1.0364986585535712 vs. 1.0364986585535712
list:
dist: 2.0394271611453694 vs. 2.0394271611453694
list:
dist: 2.079576754051816 vs. 2.079576754051816
list:
dist: 2.018533092069541 vs. 2.018533092069541
list:
dist: 1.1066864501032267 vs. 1.1066864501032267
list:
dist: 2.539514910083314 vs. 2.539514910083314
list:
dist: 1.920746825544219 vs. 1.920746825544219
list:
dist: 2.829524359344947 vs. 2.829524359344947
list:
dist: 2.6009659837373778 vs. 2.6009659837373778
list:
dist: 1.9901602144985908 vs. 1.9901602144985908
list:
dist: 1.3322622864855895 vs. 1.3322622864855895
list:
dist: 2.3033804444067707 vs. 2.3033804444067707
list:
dist: 1.6330552149756994 vs. 1.6330552149756994
list:
dist: 1.5841446812336224 vs. 1.5841446812336224
list:
dist: 1.903945013140108 vs. 1.903945013140108
list:
dist: 1.450976733902502 vs. 1.450976733902502
list:
dist: 2.068161533360649 vs. 2.068161533360649
list:
dist: 2.07029520584288 vs. 2.07029520584288
list:
dist: 2.20325576642684 vs. 2.20325576642684
list:
dist: 2.5814029803628507 vs. 2.5814029803628507
list:
dist: 2.579587723660943 vs. 2.579587723660943
list:
dist: 2.0719390399175492 vs. 2.0719390399175492
list:
dist: 1.6900020208340605 vs. 1.6900020208340605
list:
dist: 3.263392097611327 vs. 3.263392097611327
list:
dist: 3.011736111043718 vs. 3.011736111043718
list:
dist: 2.889147767455817 vs. 2.889147767455817
list:
dist: 1.948578581538115 vs. 1.948578581538115
list:
dist: 1.053185141578178 vs. 1.053185141578178
list:
dist: 1.920746825544219 vs. 1.920746825544219
list:
dist: 3.0130467555333715 vs. 3.0130467555333715
list:
dist: 2.0011714156760094 vs. 2.0011714156760094
list:
dist: 2.345989459239605 vs. 2.345989459239605
list:
dist: 1.0504678367567732 vs. 1.0504678367567732
list:
dist: 1.4718770481600645 vs. 1.4718770481600645
list:
dist: 1.22182915582005 vs. 1.22182915582005
list:
dist: 1.9269194257864815 vs. 1.9269194257864815
list:
dist: 2.0757519907928303 vs. 2.0757519907928303
list:
dist: 2.2918175951439475 vs. 2.2918175951439475
list:
dist: 2.6009659837373778 vs. 2.6009659837373778
list:
dist: 1.727823553403388 vs. 1.727823553403388
list:
dist: 2.8546982701117334 vs. 2.8546982701117334
list:
dist: 2.279036446530842 vs. 2.279036446530842
list:
dist: 3.0210875169809692 vs. 3.0210875169809692
list:
dist: 3.411693103634551 vs. 3.411693103634551
list:
dist: 2.3389056355834654 vs. 2.3389056355834654
list:
dist: 2.9519132920310898 vs. 2.9519132920310898
list:
dist: 3.4298267286874737 vs. 3.4298267286874737
list:
dist: 3.49199134347087 vs. 3.49199134347087
list:
dist: 3.411693103634551 vs. 3.411693103634551
list:
dist: 2.20325576642684 vs. 2.20325576642684
list:
dist: 1.9381613326442702 vs. 1.9381613326442702
list:
dist: 1.4644129089434437 vs. 1.4644129089434437
list:
dist: 2.810963544553881 vs. 2.810963544553881
list:
dist: 2.682748099221085 vs. 2.682748099221085
list:
dist: 3.2289530625273812 vs. 3.2289530625273812
list:
dist: 2.5893764139974484 vs. 2.5893764139974484
list:
dist: 1.6311836597329878 vs. 1.6311836597329878
list:
dist: 2.2483528603714116 vs. 2.2483528603714116
list:
dist: 1.5778872032681166 vs. 1.5778872032681166
list:
dist: 1.6438375332242523 vs. 1.6438375332242523
list:
dist: 1.0131459246214631 vs. 1.0131459246214631
list:
dist: 0.3510466816523861 vs. 0.3510466816523861
list:
dist: 1.7693377886629689 vs. 1.7693377886629689
list:
dist: 1.4409443830951187 vs. 1.4409443830951187
list:
dist: 1.6534956790916953 vs. 1.6534956790916953
list:
dist: 1.583983943757712 vs. 1.583983943757712
list:
dist: 0.9325445014903231 vs. 0.9325445014903231
list:
dist: 0.8217127770386503 vs. 0.8217127770386503
list:
dist: 2.2777889340156445 vs. 2.2777889340156445
list:
dist: 2.2752333214434257 vs. 2.2752333214434257
list:
dist: 3.49199134347087 vs. 3.49199134347087
list:
dist: 2.165323822039915 vs. 2.165323822039915
list:
dist: 2.6864203499090524 vs. 2.6864203499090524
list:
dist: 3.1869707011606967 vs. 3.1869707011606967
list:
dist: 3.741501326829866 vs. 3.741501326829866
list:
dist: 4.086301443809511 vs. 4.086301443809511
list:
dist: 3.2573969858619787 vs. 3.2573969858619787
list:
dist: 3.9217469414596158 vs. 3.9217469414596158
list:
dist: 3.116290497758408 vs. 3.116290497758408
list:
dist: 1.7693377886629689 vs. 1.7693377886629689
list:
dist: 1.4877896053038946 vs. 1.4877896053038946
list:
dist: 1.0331215261394715 vs. 1.0331215261394715
list:
dist: 1.9574848323382974 vs. 1.9574848323382974
list:
dist: 2.8971929844516793 vs. 2.8971929844516793
list:
dist: 3.0061127254950177 vs. 3.0061127254950177
list:
dist: 2.175457395987705 vs. 2.175457395987705
list:
dist: 2.585020588734826 vs. 2.585020588734826
list:
dist: 1.9687712191417985 vs. 1.9687712191417985
list:
dist: 1.78347149216698 vs. 1.78347149216698
list:
dist: 1.5487401458388663 vs. 1.5487401458388663
list:
dist: 2.079760151952842 vs. 2.079760151952842
list:
dist: 2.019170713166738 vs. 2.019170713166738
list:
dist: 1.5905983308766474 vs. 1.5905983308766474
list:
dist: 2.7010659368566015 vs. 2.7010659368566015
list:
dist: 3.096213836271986 vs. 3.096213836271986
list:
dist: 1.7583924248037832 vs. 1.7583924248037832
list:
dist: 1.8103463130985658 vs. 1.8103463130985658
list:
dist: 2.6566833822080995 vs. 2.6566833822080995
list:
dist: 3.4298267286874737 vs. 3.4298267286874737
list:
dist: 2.0719390399175492 vs. 2.0719390399175492
list:
dist: 1.8904262401167045 vs. 1.8904262401167045
list:
dist: 1.1959510400187774 vs. 1.1959510400187774
list:
dist: 2.609906623130254 vs. 2.609906623130254
list:
dist: 2.3963168474811205 vs. 2.3963168474811205
list:
dist: 3.0139667177634335 vs. 3.0139667177634335
list:
dist: 2.271820566357978 vs. 2.271820566357978
list:
dist: 1.349005161058595 vs. 1.349005161058595
list:
dist: 1.9811929265551176 vs. 1.9811929265551176
list:
dist: 1.2593818906274676 vs. 1.2593818906274676
list:
dist: 0.3510466816523861 vs. 0.3510466816523861
list:
dist: 1.8669638532358042 vs. 1.8669638532358042
list:
dist: 1.0994372736557927 vs. 1.0994372736557927
list:
dist: 1.9574848323382974 vs. 1.9574848323382974
list:
dist: 1.3588593388512096 vs. 1.3588593388512096
list:
dist: 1.589432372230391 vs. 1.589432372230391
list:
dist: 1.646346046963719 vs. 1.646346046963719
list:
dist: 1.0631986025596785 vs. 1.0631986025596785
list:
dist: 0.7362759682374878 vs. 0.7362759682374878
list:
dist: 2.626925958226176 vs. 2.626925958226176
list:
dist: 2.4961722634959607 vs. 2.4961722634959607
list:
dist: 1.6900020208340605 vs. 1.6900020208340605
list:
dist: 2.732183484695727 vs. 2.732183484695727
list:
dist: 1.6783368480944705 vs. 1.6783368480944705
list:
dist: 3.3075993263157804 vs. 3.3075993263157804
list:
dist: 2.579379935208332 vs. 2.579379935208332
list:
dist: 2.126788432829498 vs. 2.126788432829498
list:
dist: 1.935924796768503 vs. 1.935924796768503
list:
dist: 1.0364986585535712 vs. 1.0364986585535712
list:
dist: 1.313148291331875 vs. 1.313148291331875
list:
dist: 1.3100436057451896 vs. 1.3100436057451896
list:
dist: 1.4409443830951187 vs. 1.4409443830951187
list:
dist: 2.6819160409477454 vs. 2.6819160409477454
list:
dist: 2.3715882601394207 vs. 2.3715882601394207
list:
dist: 1.3588593388512096 vs. 1.3588593388512096
list:
dist: 1.7949045546099005 vs. 1.7949045546099005
list:
dist: 1.3825853143597087 vs. 1.3825853143597087
list:
dist: 1.5685668508133352 vs. 1.5685668508133352
list:
dist: 0.6804949741184538 vs. 0.6804949741184538
list:
dist: 2.2773960697335034 vs. 2.2773960697335034
list:
dist: 3.182163376798569 vs. 3.182163376798569
list:
dist: 3.0130467555333715 vs. 3.0130467555333715
list:
dist: 3.7594757188430847 vs. 3.7594757188430847
list:
dist: 1.727823553403388 vs. 1.727823553403388
list:
dist: 1.9901602144985908 vs. 1.9901602144985908
list:
dist: 1.433994997519559 vs. 1.433994997519559
list:
dist: 1.3370951756124967 vs. 1.3370951756124967
list:
dist: 2.0405138598841854 vs. 2.0405138598841854
list:
dist: 3.4236523702780017 vs. 3.4236523702780017
list:
dist: 2.959355246647852 vs. 2.959355246647852
list:
dist: 2.3795196658419027 vs. 2.3795196658419027
list:
dist: 3.207063698839849 vs. 3.207063698839849
list:
dist: 2.605379665585387 vs. 2.605379665585387
list:
dist: 1.9381613326442702 vs. 1.9381613326442702
list:
dist: 1.4782563209870738 vs. 1.4782563209870738
list:
dist: 1.3818161365651733 vs. 1.3818161365651733
list:
dist: 1.8904262401167045 vs. 1.8904262401167045
list:
dist: 2.165323822039915 vs. 2.165323822039915
list:
dist: 2.732183484695727 vs. 2.732183484695727
list:
dist: 3.463286964772397 vs. 3.463286964772397
list:
dist: 3.4750017389141536 vs. 3.4750017389141536
list:
dist: 2.8649977612542243 vs. 2.8649977612542243
list:
dist: 2.4202284706877197 vs. 2.4202284706877197
list:
dist: 2.9519132920310898 vs. 2.9519132920310898
list:
dist: 2.579587723660943 vs. 2.579587723660943
list:
dist: 1.3818161365651733 vs. 1.3818161365651733
list:
dist: 1.655828775157263 vs. 1.655828775157263
list:
dist: 2.371032228743821 vs. 2.371032228743821
list:
dist: 2.742439213986153 vs. 2.742439213986153
list:
dist: 3.832591733346236 vs. 3.832591733346236
list:
dist: 3.0984868620620247 vs. 3.0984868620620247
list:
dist: 2.284520855117034 vs. 2.284520855117034
list:
dist: 3.008725724258041 vs. 3.008725724258041
list:
dist: 2.2259819779152763 vs. 2.2259819779152763
list:
dist: 1.0131459246214631 vs. 1.0131459246214631
list:
dist: 1.2130371686479917 vs. 1.2130371686479917
list:
dist: 1.0994372736557927 vs. 1.0994372736557927
list:
dist: 1.0331215261394715 vs. 1.0331215261394715
list:
dist: 2.3715882601394207 vs. 2.3715882601394207
list:
dist: 2.44349448031185 vs. 2.44349448031185
list:
dist: 2.542142324705303 vs. 2.542142324705303
list:
dist: 1.7642973663659454 vs. 1.7642973663659454
list:
dist: 1.7939993378750283 vs. 1.7939993378750283
list:
dist: 2.3068366006770846 vs. 2.3068366006770846
list:
dist: 2.316294407625649 vs. 2.316294407625649
list:
dist: 2.3389056355834654 vs. 2.3389056355834654
list:
dist: 2.5814029803628507 vs. 2.5814029803628507
list:
dist: 1.4782563209870738 vs. 1.4782563209870738
list:
dist: 2.2547022814381186 vs. 2.2547022814381186
list:
dist: 2.807463685037209 vs. 2.807463685037209
list:
dist: 3.266661662861433 vs. 3.266661662861433
list:
dist: 4.071299313575506 vs. 4.071299313575506
list:
dist: 3.7583086331439026 vs. 3.7583086331439026
list:
dist: 2.872983019378944 vs. 2.872983019378944
list:
dist: 3.642550220897201 vs. 3.642550220897201
list:
dist: 3.0392078501891397 vs. 3.0392078501891397
list:
dist: 1.6438375332242523 vs. 1.6438375332242523
list:
dist: 1.2130371686479917 vs. 1.2130371686479917
list:
dist: 1.8669638532358042 vs. 1.8669638532358042
list:
dist: 1.4877896053038946 vs. 1.4877896053038946
list:
dist: 2.6819160409477454 vs. 2.6819160409477454
list:
dist: 3.247733104318722 vs. 3.247733104318722
list:
dist: 3.0128460055544 vs. 3.0128460055544
list:
dist: 2.374912632942504 vs. 2.374912632942504
list:
dist: 2.303205198592805 vs. 2.303205198592805
list:
dist: 1.7514582056722254 vs. 1.7514582056722254
list:
dist: 2.8080479997757517 vs. 2.8080479997757517
list:
dist: 1.0504678367567732 vs. 1.0504678367567732
list:
dist: 1.8108718398349268 vs. 1.8108718398349268
list:
dist: 3.0210875169809692 vs. 3.0210875169809692
list:
dist: 1.6330552149756994 vs. 1.6330552149756994
list:
dist: 2.0405138598841854 vs. 2.0405138598841854
list:
dist: 1.22109257733107 vs. 1.22109257733107
list:
dist: 1.350773367263421 vs. 1.350773367263421
list:
dist: 2.0729814469985173 vs. 2.0729814469985173
list:
dist: 1.4171316987374387 vs. 1.4171316987374387
list:
dist: 1.6547977118835417 vs. 1.6547977118835417
list:
dist: 2.1678550849273375 vs. 2.1678550849273375
list:
dist: 1.9620701218360654 vs. 1.9620701218360654
list:
dist: 2.682748099221085 vs. 2.682748099221085
list:
dist: 3.266661662861433 vs. 3.266661662861433
list:
dist: 2.742439213986153 vs. 2.742439213986153
list:
dist: 2.3963168474811205 vs. 2.3963168474811205
list:
dist: 3.741501326829866 vs. 3.741501326829866
list:
dist: 2.579379935208332 vs. 2.579379935208332
list:
dist: 3.4879837023482363 vs. 3.4879837023482363
list:
dist: 3.6638465700811205 vs. 3.6638465700811205
list:
dist: 3.381639655854625 vs. 3.381639655854625
list:
dist: 2.567825427899848 vs. 2.567825427899848
list:
dist: 2.0757519907928303 vs. 2.0757519907928303
list:
dist: 3.054133473662123 vs. 3.054133473662123
list:
dist: 2.068161533360649 vs. 2.068161533360649
list:
dist: 3.207063698839849 vs. 3.207063698839849
list:
dist: 1.7941836433855265 vs. 1.7941836433855265
list:
dist: 3.2534726005830907 vs. 3.2534726005830907
list:
dist: 2.1678550849273375 vs. 2.1678550849273375
list:
dist: 1.691364990382915 vs. 1.691364990382915
list:
dist: 0.9223372714556012 vs. 0.9223372714556012
list:
dist: 0.8329994241238486 vs. 0.8329994241238486
list:
dist: 0.8875859676444434 vs. 0.8875859676444434
list:
dist: 2.2483528603714116 vs. 2.2483528603714116
list:
dist: 3.642550220897201 vs. 3.642550220897201
list:
dist: 3.008725724258041 vs. 3.008725724258041
list:
dist: 1.9811929265551176 vs. 1.9811929265551176
list:
dist: 3.9217469414596158 vs. 3.9217469414596158
list:
dist: 1.313148291331875 vs. 1.313148291331875
list:
dist: 2.033296995898444 vs. 2.033296995898444
list:
dist: 2.1269110847965873 vs. 2.1269110847965873
list:
dist: 2.334743492586913 vs. 2.334743492586913
list:
dist: 1.5545747168120847 vs. 1.5545747168120847
list:
dist: 2.2528807209396384 vs. 2.2528807209396384
list:
dist: 3.011736111043718 vs. 3.011736111043718
list:
dist: 3.4750017389141536 vs. 3.4750017389141536
list:
dist: 2.6055262066901532 vs. 2.6055262066901532
list:
dist: 4.194684934956261 vs. 4.194684934956261
list:
dist: 3.6638465700811205 vs. 3.6638465700811205
list:
dist: 3.4159231903200054 vs. 3.4159231903200054
list:
dist: 2.9171405324417976 vs. 2.9171405324417976
list:
dist: 2.079576754051816 vs. 2.079576754051816
list:
dist: 2.1269110847965873 vs. 2.1269110847965873
list:
dist: 1.8852919639387369 vs. 1.8852919639387369
list:
dist: 1.583983943757712 vs. 1.583983943757712
list:
dist: 3.0128460055544 vs. 3.0128460055544
list:
dist: 2.542142324705303 vs. 2.542142324705303
list:
dist: 1.646346046963719 vs. 1.646346046963719
list:
dist: 3.0061127254950177 vs. 3.0061127254950177
list:
dist: 1.3825853143597087 vs. 1.3825853143597087
list:
dist: 0.9130851404117438 vs. 0.9130851404117438
list:
dist: 0.8465292329723481 vs. 0.8465292329723481
list:
dist: 1.1596731208957842 vs. 1.1596731208957842
list:
dist: 1.3263304172702814 vs. 1.3263304172702814
list:
dist: 2.821521477585915 vs. 2.821521477585915
list:
dist: 2.4626396077614188 vs. 2.4626396077614188
list:
dist: 1.5487401458388663 vs. 1.5487401458388663
list:
dist: 2.6315936913280598 vs. 2.6315936913280598
list:
dist: 3.370667248693595 vs. 3.370667248693595
list:
dist: 3.831313278460081 vs. 3.831313278460081
list:
dist: 2.6718062628481194 vs. 2.6718062628481194
list:
dist: 1.7583479525837822 vs. 1.7583479525837822
list:
dist: 2.5204569823858027 vs. 2.5204569823858027
list:
dist: 2.8653352794731446 vs. 2.8653352794731446
list:
dist: 3.491326319238872 vs. 3.491326319238872
list:
dist: 1.7571412435631242 vs. 1.7571412435631242
list:
dist: 2.299573074210661 vs. 2.299573074210661
list:
dist: 3.1288048321922997 vs. 3.1288048321922997
list:
dist: 1.4718770481600645 vs. 1.4718770481600645
list:
dist: 2.251312355616626 vs. 2.251312355616626
list:
dist: 1.5841446812336224 vs. 1.5841446812336224
list:
dist: 3.4236523702780017 vs. 3.4236523702780017
list:
dist: 2.3044854470827234 vs. 2.3044854470827234
list:
dist: 3.302261034997575 vs. 3.302261034997575
list:
dist: 2.0729814469985173 vs. 2.0729814469985173
list:
dist: 1.4818028309873577 vs. 1.4818028309873577
list:
dist: 1.762242761098133 vs. 1.762242761098133
list:
dist: 1.691364990382915 vs. 1.691364990382915
list:
dist: 2.297372900891104 vs. 2.297372900891104
list:
dist: 3.2289530625273812 vs. 3.2289530625273812
list:
dist: 4.071299313575506 vs. 4.071299313575506
list:
dist: 3.832591733346236 vs. 3.832591733346236
list:
dist: 3.0139667177634335 vs. 3.0139667177634335
list:
dist: 2.126788432829498 vs. 2.126788432829498
list:
dist: 3.5949877335018647 vs. 3.5949877335018647
list:
dist: 3.4159231903200054 vs. 3.4159231903200054
list:
dist: 3.6101274063459416 vs. 3.6101274063459416
list:
dist: 2.6298261761726627 vs. 2.6298261761726627
list:
dist: 3.865674561675793 vs. 3.865674561675793
list:
dist: 2.889147767455817 vs. 2.889147767455817
list:
dist: 2.8649977612542243 vs. 2.8649977612542243
list:
dist: 2.2193960740926317 vs. 2.2193960740926317
list:
dist: 3.6634150952779474 vs. 3.6634150952779474
list:
dist: 3.381639655854625 vs. 3.381639655854625
list:
dist: 3.6101274063459416 vs. 3.6101274063459416
list:
dist: 2.930188323866522 vs. 2.930188323866522
list:
dist: 2.018533092069541 vs. 2.018533092069541
list:
dist: 2.334743492586913 vs. 2.334743492586913
list:
dist: 1.7746777491074264 vs. 1.7746777491074264
list:
dist: 0.9325445014903231 vs. 0.9325445014903231
list:
dist: 2.374912632942504 vs. 2.374912632942504
list:
dist: 1.7642973663659454 vs. 1.7642973663659454
list:
dist: 1.0631986025596785 vs. 1.0631986025596785
list:
dist: 2.175457395987705 vs. 2.175457395987705
list:
dist: 1.5685668508133352 vs. 1.5685668508133352
list:
dist: 0.9480617856636806 vs. 0.9480617856636806
list:
dist: 0.8465292329723481 vs. 0.8465292329723481
list:
dist: 0.9983358279296591 vs. 0.9983358279296591
list:
dist: 1.722345473191597 vs. 1.722345473191597
list:
dist: 2.3485627261362065 vs. 2.3485627261362065
list:
dist: 1.86053139331333 vs. 1.86053139331333
list:
dist: 3.865674561675793 vs. 3.865674561675793
list:
dist: 3.0294001824567083 vs. 3.0294001824567083
list:
dist: 2.539514910083314 vs. 2.539514910083314
list:
dist: 2.2528807209396384 vs. 2.2528807209396384
list:
dist: 2.072425212501741 vs. 2.072425212501741
list:
dist: 2.2773960697335034 vs. 2.2773960697335034
list:
dist: 0.8401260481712346 vs. 0.8401260481712346
list:
dist: 1.3263304172702814 vs. 1.3263304172702814
list:
dist: 1.722345473191597 vs. 1.722345473191597
list:
dist: 2.0546665938841606 vs. 2.0546665938841606
list:
dist: 2.2918175951439475 vs. 2.2918175951439475
list:
dist: 3.2899389590992825 vs. 3.2899389590992825
list:
dist: 2.07029520584288 vs. 2.07029520584288
list:
dist: 2.605379665585387 vs. 2.605379665585387
list:
dist: 1.2548561372679414 vs. 1.2548561372679414
list:
dist: 2.7464679345636918 vs. 2.7464679345636918
list:
dist: 1.9620701218360654 vs. 1.9620701218360654
list:
dist: 2.297372900891104 vs. 2.297372900891104
list:
dist: 1.2025597838180306 vs. 1.2025597838180306
list:
dist: 0.6470475948545875 vs. 0.6470475948545875
list:
dist: 0.8875859676444434 vs. 0.8875859676444434
list:
dist: 1.5778872032681166 vs. 1.5778872032681166
list:
dist: 3.0392078501891397 vs. 3.0392078501891397
list:
dist: 2.2259819779152763 vs. 2.2259819779152763
list:
dist: 1.2593818906274676 vs. 1.2593818906274676
list:
dist: 3.116290497758408 vs. 3.116290497758408
list:
dist: 1.3100436057451896 vs. 1.3100436057451896
list:
dist: 1.5832247832978767 vs. 1.5832247832978767
list:
dist: 1.8852919639387369 vs. 1.8852919639387369
list:
dist: 1.7746777491074264 vs. 1.7746777491074264
list:
dist: 1.121202120860131 vs. 1.121202120860131
list:
dist: 2.072425212501741 vs. 2.072425212501741
list:
dist: 2.345989459239605 vs. 2.345989459239605
list:
dist: 2.8220955912754686 vs. 2.8220955912754686
list:
dist: 2.279036446530842 vs. 2.279036446530842
list:
dist: 2.3033804444067707 vs. 2.3033804444067707
list:
dist: 1.3370951756124967 vs. 1.3370951756124967
list:
dist: 1.651111920296103 vs. 1.651111920296103
list:
dist: 1.350773367263421 vs. 1.350773367263421
list:
dist: 3.302261034997575 vs. 3.302261034997575
list:
dist: 2.656662877577659 vs. 2.656662877577659
list:
dist: 2.554862158172984 vs. 2.554862158172984
list:
dist: 3.2534726005830907 vs. 3.2534726005830907
list:
dist: 2.7464679345636918 vs. 2.7464679345636918
list:
dist: 2.810963544553881 vs. 2.810963544553881
list:
dist: 2.807463685037209 vs. 2.807463685037209
list:
dist: 2.371032228743821 vs. 2.371032228743821
list:
dist: 2.609906623130254 vs. 2.609906623130254
list:
dist: 3.1869707011606967 vs. 3.1869707011606967
list:
dist: 3.3075993263157804 vs. 3.3075993263157804
list:
dist: 3.985981948820552 vs. 3.985981948820552
list:
dist: 4.194684934956261 vs. 4.194684934956261
list:
dist: 3.6634150952779474 vs. 3.6634150952779474
list:
dist: 3.0800383275022774 vs. 3.0800383275022774
list:
dist: 1.948578581538115 vs. 1.948578581538115
list:
dist: 2.4202284706877197 vs. 2.4202284706877197
list:
dist: 1.4701618344503897 vs. 1.4701618344503897
list:
dist: 3.0800383275022774 vs. 3.0800383275022774
list:
dist: 2.567825427899848 vs. 2.567825427899848
list:
dist: 2.6298261761726627 vs. 2.6298261761726627
list:
dist: 2.09217549569357 vs. 2.09217549569357
list:
dist: 1.1066864501032267 vs. 1.1066864501032267
list:
dist: 1.5545747168120847 vs. 1.5545747168120847
list:
dist: 1.121202120860131 vs. 1.121202120860131
list:
dist: 0.8217127770386503 vs. 0.8217127770386503
list:
dist: 2.303205198592805 vs. 2.303205198592805
list:
dist: 1.7939993378750283 vs. 1.7939993378750283
list:
dist: 0.7362759682374878 vs. 0.7362759682374878
list:
dist: 2.585020588734826 vs. 2.585020588734826
list:
dist: 0.6804949741184538 vs. 0.6804949741184538
list:
dist: 1.3778848612566659 vs. 1.3778848612566659
list:
dist: 1.1596731208957842 vs. 1.1596731208957842
list:
dist: 0.9983358279296591 vs. 0.9983358279296591
list:
dist: 2.0546665938841606 vs. 2.0546665938841606
list:
dist: 2.806313483962418 vs. 2.806313483962418
list:
dist: 2.7939061753088197 vs. 2.7939061753088197
list:
dist: 2.2777889340156445 vs. 2.2777889340156445
list:
dist: 1.7514582056722254 vs. 1.7514582056722254
list:
dist: 2.3068366006770846 vs. 2.3068366006770846
list:
dist: 2.626925958226176 vs. 2.626925958226176
list:
dist: 1.9687712191417985 vs. 1.9687712191417985
list:
dist: 3.182163376798569 vs. 3.182163376798569
list:
dist: 3.2627875370408126 vs. 3.2627875370408126
list:
dist: 2.821521477585915 vs. 2.821521477585915
list:
dist: 2.3485627261362065 vs. 2.3485627261362065
list:
dist: 2.806313483962418 vs. 2.806313483962418
list:
dist: 2.0713712800124044 vs. 2.0713712800124044
list:
dist: 1.22182915582005 vs. 1.22182915582005
list:
dist: 2.180870420495698 vs. 2.180870420495698
list:
dist: 1.903945013140108 vs. 1.903945013140108
list:
dist: 2.959355246647852 vs. 2.959355246647852
list:
dist: 1.5748947841386167 vs. 1.5748947841386167
list:
dist: 2.656662877577659 vs. 2.656662877577659
list:
dist: 1.4171316987374387 vs. 1.4171316987374387
list:
dist: 1.4818028309873577 vs. 1.4818028309873577
list:
dist: 1.0132881630183967 vs. 1.0132881630183967
list:
dist: 0.9223372714556012 vs. 0.9223372714556012
list:
dist: 1.2025597838180306 vs. 1.2025597838180306
list:
dist: 2.5893764139974484 vs. 2.5893764139974484
list:
dist: 3.7583086331439026 vs. 3.7583086331439026
list:
dist: 3.0984868620620247 vs. 3.0984868620620247
list:
dist: 2.271820566357978 vs. 2.271820566357978
list:
dist: 4.086301443809511 vs. 4.086301443809511
list:
dist: 1.935924796768503 vs. 1.935924796768503
list:
dist: 2.7200973016704966 vs. 2.7200973016704966
list:
dist: 2.9171405324417976 vs. 2.9171405324417976
list:
dist: 2.930188323866522 vs. 2.930188323866522
list:
dist: 2.09217549569357 vs. 2.09217549569357
list:
dist: 3.0294001824567083 vs. 3.0294001824567083
list:
dist: 3.263392097611327 vs. 3.263392097611327
list:
dist: 3.463286964772397 vs. 3.463286964772397
list:
dist: 2.506227777749868 vs. 2.506227777749868
list:
dist: 3.985981948820552 vs. 3.985981948820552
list:
dist: 3.4879837023482363 vs. 3.4879837023482363
list:
dist: 3.5949877335018647 vs. 3.5949877335018647
list:
dist: 2.7200973016704966 vs. 2.7200973016704966
list:
dist: 2.0394271611453694 vs. 2.0394271611453694
list:
dist: 2.033296995898444 vs. 2.033296995898444
list:
dist: 1.5832247832978767 vs. 1.5832247832978767
list:
dist: 1.6534956790916953 vs. 1.6534956790916953
list:
dist: 3.247733104318722 vs. 3.247733104318722
list:
dist: 2.44349448031185 vs. 2.44349448031185
list:
dist: 1.589432372230391 vs. 1.589432372230391
list:
dist: 2.8971929844516793 vs. 2.8971929844516793
list:
dist: 1.7949045546099005 vs. 1.7949045546099005
list:
dist: 0.9130851404117438 vs. 0.9130851404117438
list:
dist: 0.9480617856636806 vs. 0.9480617856636806
list:
dist: 1.3778848612566659 vs. 1.3778848612566659
list:
dist: 0.8401260481712346 vs. 0.8401260481712346
list:
dist: 3.2627875370408126 vs. 3.2627875370408126
list:
dist: 2.3432012620765725 vs. 2.3432012620765725
list:
dist: 2.2752333214434257 vs. 2.2752333214434257
list:
dist: 2.8080479997757517 vs. 2.8080479997757517
list:
dist: 2.316294407625649 vs. 2.316294407625649
list:
dist: 2.4961722634959607 vs. 2.4961722634959607
list:
dist: 1.78347149216698 vs. 1.78347149216698
list:
dist: 2.3432012620765725 vs. 2.3432012620765725
list:
dist: 2.4626396077614188 vs. 2.4626396077614188
list:
dist: 1.86053139331333 vs. 1.86053139331333
list:
dist: 2.7939061753088197 vs. 2.7939061753088197
list:
dist: 2.0713712800124044 vs. 2.0713712800124044
list:
dist: 2.0011714156760094 vs. 2.0011714156760094
list:
dist: 2.9570940133353627 vs. 2.9570940133353627
list:
dist: 2.8546982701117334 vs. 2.8546982701117334
list:
dist: 1.3322622864855895 vs. 1.3322622864855895
list:
dist: 1.433994997519559 vs. 1.433994997519559
list:
dist: 1.651111920296103 vs. 1.651111920296103
list:
dist: 1.22109257733107 vs. 1.22109257733107
list:
dist: 2.3044854470827234 vs. 2.3044854470827234
list:
dist: 1.5748947841386167 vs. 1.5748947841386167
list:
dist: 0.9914311055425822 vs. 0.9914311055425822
list:
dist: 1.7941836433855265 vs. 1.7941836433855265
list:
dist: 1.2548561372679414 vs. 1.2548561372679414
list:
dist: 1.4644129089434437 vs. 1.4644129089434437
list:
dist: 2.2547022814381186 vs. 2.2547022814381186
list:
dist: 1.655828775157263 vs. 1.655828775157263
list:
dist: 1.1959510400187774 vs. 1.1959510400187774
list:
dist: 2.6864203499090524 vs. 2.6864203499090524
list:
dist: 1.6783368480944705 vs. 1.6783368480944705
list:
dist: 2.506227777749868 vs. 2.506227777749868
list:
dist: 2.6055262066901532 vs. 2.6055262066901532
list:
dist: 2.2193960740926317 vs. 2.2193960740926317
list:
dist: 1.4701618344503897 vs. 1.4701618344503897
list:
dist: 2.8653352794731446 vs. 2.8653352794731446
list:
dist: 2.7010659368566015 vs. 2.7010659368566015
list:
dist: 1.783188881667196 vs. 1.783188881667196
list:
dist: 1.931791794649168 vs. 1.931791794649168
list:
dist: 1.947022733770901 vs. 1.947022733770901
list:
dist: 1.2006669357783506 vs. 1.2006669357783506
list:
dist: 1.533336823636135 vs. 1.533336823636135
list:
dist: 1.6104735333415574 vs. 1.6104735333415574
list:
dist: 0.9883867515660751 vs. 0.9883867515660751
list:
dist: 1.3309110853971002 vs. 1.3309110853971002
list:
dist: 2.5187004632002843 vs. 2.5187004632002843
list:
dist: 1.4107084483309613 vs. 1.4107084483309613
list:
dist: 1.7798451820644563 vs. 1.7798451820644563
list:
dist: 2.162550132052584 vs. 2.162550132052584
list:
dist: 2.663801338266757 vs. 2.663801338266757
list:
dist: 3.2458483849755653 vs. 3.2458483849755653
list:
dist: 2.8396233441215797 vs. 2.8396233441215797
list:
dist: 1.269565770489304 vs. 1.269565770489304
list:
dist: 1.6514407496110646 vs. 1.6514407496110646
list:
dist: 1.5985743612512187 vs. 1.5985743612512187
list:
dist: 0.8839796128843294 vs. 0.8839796128843294
list:
dist: 1.9449245698734086 vs. 1.9449245698734086
list:
dist: 3.2590421388043 vs. 3.2590421388043
list:
dist: 3.7578213213638554 vs. 3.7578213213638554
list:
dist: 3.491326319238872 vs. 3.491326319238872
list:
dist: 3.096213836271986 vs. 3.096213836271986
list:
dist: 1.7060698607188227 vs. 1.7060698607188227
list:
dist: 1.8175281385204338 vs. 1.8175281385204338
list:
dist: 1.6843897113620396 vs. 1.6843897113620396
list:
dist: 1.066956982408088 vs. 1.066956982408088
list:
dist: 1.89866211558778 vs. 1.89866211558778
list:
dist: 2.0281200823512195 vs. 2.0281200823512195
list:
dist: 0.9883867515660751 vs. 0.9883867515660751
list:
dist: 2.1682063878332976 vs. 2.1682063878332976
list:
dist: 3.2682134496908852 vs. 3.2682134496908852
list:
dist: 2.0992161641462066 vs. 2.0992161641462066
list:
dist: 1.454517680567453 vs. 1.454517680567453
list:
dist: 1.3305720711823945 vs. 1.3305720711823945
list:
dist: 2.166616746498266 vs. 2.166616746498266
list:
dist: 2.4564978070308157 vs. 2.4564978070308157
list:
dist: 2.1612848708170214 vs. 2.1612848708170214
list:
dist: 0.8117424824851875 vs. 0.8117424824851875
list:
dist: 1.972857629727365 vs. 1.972857629727365
list:
dist: 1.6590187289512421 vs. 1.6590187289512421
list:
dist: 0.7067872538456674 vs. 0.7067872538456674
list:
dist: 1.6307541970599526 vs. 1.6307541970599526
list:
dist: 2.9181737728284314 vs. 2.9181737728284314
list:
dist: 3.8253327263458368 vs. 3.8253327263458368
list:
dist: 2.303932459926859 vs. 2.303932459926859
list:
dist: 1.6796778258205616 vs. 1.6796778258205616
list:
dist: 1.261794473073982 vs. 1.261794473073982
list:
dist: 2.9093601572692993 vs. 2.9093601572692993
list:
dist: 3.14392594160927 vs. 3.14392594160927
list:
dist: 4.137932603336733 vs. 4.137932603336733
list:
dist: 2.8396233441215797 vs. 2.8396233441215797
list:
dist: 2.1612848708170214 vs. 2.1612848708170214
list:
dist: 3.986958009973862 vs. 3.986958009973862
list:
dist: 1.662488839063728 vs. 1.662488839063728
list:
dist: 1.09957965173402 vs. 1.09957965173402
list:
dist: 2.7132140167199417 vs. 2.7132140167199417
list:
dist: 2.1281184887619884 vs. 2.1281184887619884
list:
dist: 2.7028336034086493 vs. 2.7028336034086493
list:
dist: 3.617600395057242 vs. 3.617600395057242
list:
dist: 3.7621427636266067 vs. 3.7621427636266067
list:
dist: 2.1231431639919762 vs. 2.1231431639919762
list:
dist: 3.3878235853415775 vs. 3.3878235853415775
list:
dist: 4.59484697774306 vs. 4.59484697774306
list:
dist: 4.234789866246134 vs. 4.234789866246134
list:
dist: 3.782111371241993 vs. 3.782111371241993
list:
dist: 3.530663240407355 vs. 3.530663240407355
list:
dist: 4.811501057617813 vs. 4.811501057617813
list:
dist: 5.334472826895452 vs. 5.334472826895452
list:
dist: 2.6315936913280598 vs. 2.6315936913280598
list:
dist: 1.012295975596615 vs. 1.012295975596615
list:
dist: 1.4556016954283095 vs. 1.4556016954283095
list:
dist: 1.4961317789580963 vs. 1.4961317789580963
list:
dist: 0.9559838718425966 vs. 0.9559838718425966
list:
dist: 2.6551481779371655 vs. 2.6551481779371655
list:
dist: 1.783188881667196 vs. 1.783188881667196
list:
dist: 1.7060698607188227 vs. 1.7060698607188227
list:
dist: 2.213487015643935 vs. 2.213487015643935
list:
dist: 2.4064265262750033 vs. 2.4064265262750033
list:
dist: 2.2738952280794775 vs. 2.2738952280794775
list:
dist: 3.7122060328656024 vs. 3.7122060328656024
list:
dist: 3.7255709278358506 vs. 3.7255709278358506
list:
dist: 2.303932459926859 vs. 2.303932459926859
list:
dist: 2.4950435610477193 vs. 2.4950435610477193
list:
dist: 3.373190693228022 vs. 3.373190693228022
list:
dist: 3.0236031852470937 vs. 3.0236031852470937
list:
dist: 1.9104562038374668 vs. 1.9104562038374668
list:
dist: 3.2927287032434576 vs. 3.2927287032434576
list:
dist: 4.443834769316675 vs. 4.443834769316675
list:
dist: 4.443834769316675 vs. 4.443834769316675
list:
dist: 4.734604967089788 vs. 4.734604967089788
list:
dist: 4.54312195721574 vs. 4.54312195721574
list:
dist: 3.0664051836522557 vs. 3.0664051836522557
list:
dist: 4.309299665122978 vs. 4.309299665122978
list:
dist: 2.7829587515633847 vs. 2.7829587515633847
list:
dist: 3.2590421388043 vs. 3.2590421388043
list:
dist: 2.9181737728284314 vs. 2.9181737728284314
list:
dist: 3.840185243879881 vs. 3.840185243879881
list:
dist: 3.8381390645692974 vs. 3.8381390645692974
list:
dist: 2.8227441670304474 vs. 2.8227441670304474
list:
dist: 3.760659993896376 vs. 3.760659993896376
list:
dist: 3.515545046755173 vs. 3.515545046755173
list:
dist: 2.8262901331796586 vs. 2.8262901331796586
list:
dist: 3.3810934881478687 vs. 3.3810934881478687
list:
dist: 4.59484697774306 vs. 4.59484697774306
list:
dist: 2.2218337459518223 vs. 2.2218337459518223
list:
dist: 2.6937503959786464 vs. 2.6937503959786464
list:
dist: 1.7731533195468647 vs. 1.7731533195468647
list:
dist: 3.2595087476312035 vs. 3.2595087476312035
list:
dist: 1.4880001534366833 vs. 1.4880001534366833
list:
dist: 1.6023668852553334 vs. 1.6023668852553334
list:
dist: 3.5391053540054145 vs. 3.5391053540054145
list:
dist: 1.7059379484974124 vs. 1.7059379484974124
list:
dist: 2.251964452275125 vs. 2.251964452275125
list:
dist: 2.0789717166705644 vs. 2.0789717166705644
list:
dist: 1.3999634816453017 vs. 1.3999634816453017
list:
dist: 2.5204569823858027 vs. 2.5204569823858027
list:
dist: 1.5905983308766474 vs. 1.5905983308766474
list:
dist: 2.6551481779371655 vs. 2.6551481779371655
list:
dist: 3.264458711719868 vs. 3.264458711719868
list:
dist: 3.3986219664189306 vs. 3.3986219664189306
list:
dist: 1.3620292011346695 vs. 1.3620292011346695
list:
dist: 2.013679541962232 vs. 2.013679541962232
list:
dist: 1.6104735333415574 vs. 1.6104735333415574
list:
dist: 2.0281200823512195 vs. 2.0281200823512195
list:
dist: 1.2375593963496516 vs. 1.2375593963496516
list:
dist: 1.451339874073676 vs. 1.451339874073676
list:
dist: 1.2298678889877586 vs. 1.2298678889877586
list:
dist: 3.2698683828128003 vs. 3.2698683828128003
list:
dist: 3.347047339926195 vs. 3.347047339926195
list:
dist: 3.6386987683141387 vs. 3.6386987683141387
list:
dist: 4.249364063159897 vs. 4.249364063159897
list:
dist: 4.137932603336733 vs. 4.137932603336733
list:
dist: 1.9605314482211524 vs. 1.9605314482211524
list:
dist: 2.3588316701561727 vs. 2.3588316701561727
list:
dist: 1.2417747142126019 vs. 1.2417747142126019
list:
dist: 2.3456588009822905 vs. 2.3456588009822905
list:
dist: 2.160354035993145 vs. 2.160354035993145
list:
dist: 2.7829587515633847 vs. 2.7829587515633847
list:
dist: 2.994944314654557 vs. 2.994944314654557
list:
dist: 3.831313278460081 vs. 3.831313278460081
list:
dist: 1.4556016954283095 vs. 1.4556016954283095
list:
dist: 0.5705856999542808 vs. 0.5705856999542808
list:
dist: 2.29238371033254 vs. 2.29238371033254
list:
dist: 2.1512449539835745 vs. 2.1512449539835745
list:
dist: 3.3986219664189306 vs. 3.3986219664189306
list:
dist: 1.947022733770901 vs. 1.947022733770901
list:
dist: 1.6843897113620396 vs. 1.6843897113620396
list:
dist: 2.9522569602233046 vs. 2.9522569602233046
list:
dist: 1.3157095491710882 vs. 1.3157095491710882
list:
dist: 1.473096380254828 vs. 1.473096380254828
list:
dist: 2.8803703856344076 vs. 2.8803703856344076
list:
dist: 2.8249964605407505 vs. 2.8249964605407505
list:
dist: 1.261794473073982 vs. 1.261794473073982
list:
dist: 2.3669200681826887 vs. 2.3669200681826887
list:
dist: 3.0338908083550638 vs. 3.0338908083550638
list:
dist: 3.275744539319182 vs. 3.275744539319182
list:
dist: 1.4542793876249074 vs. 1.4542793876249074
list:
dist: 3.1725125739607622 vs. 3.1725125739607622
list:
dist: 4.54312195721574 vs. 4.54312195721574
list:
dist: 1.9104562038374668 vs. 1.9104562038374668
list:
dist: 1.6926300018767708 vs. 1.6926300018767708
list:
dist: 1.4542793876249074 vs. 1.4542793876249074
list:
dist: 1.6132123315897668 vs. 1.6132123315897668
list:
dist: 2.085483401928561 vs. 2.085483401928561
list:
dist: 2.3456588009822905 vs. 2.3456588009822905
list:
dist: 0.8839796128843294 vs. 0.8839796128843294
list:
dist: 0.7067872538456674 vs. 0.7067872538456674
list:
dist: 2.209265366008601 vs. 2.209265366008601
list:
dist: 3.3698800144743513 vs. 3.3698800144743513
list:
dist: 2.0516036508396054 vs. 2.0516036508396054
list:
dist: 0.9306925527594823 vs. 0.9306925527594823
list:
dist: 1.3787193282302235 vs. 1.3787193282302235
list:
dist: 1.960916199485323 vs. 1.960916199485323
list:
dist: 2.4359597253911915 vs. 2.4359597253911915
list:
dist: 2.1231431639919762 vs. 2.1231431639919762
list:
dist: 1.0425919110437323 vs. 1.0425919110437323
list:
dist: 1.64433632820157 vs. 1.64433632820157
list:
dist: 1.9229261030356466 vs. 1.9229261030356466
list:
dist: 1.8141676969257927 vs. 1.8141676969257927
list:
dist: 3.2595087476312035 vs. 3.2595087476312035
list:
dist: 3.9972470925205372 vs. 3.9972470925205372
list:
dist: 3.93158163066516 vs. 3.93158163066516
list:
dist: 2.463741683731149 vs. 2.463741683731149
list:
dist: 3.8294437581447536 vs. 3.8294437581447536
list:
dist: 4.249856084349301 vs. 4.249856084349301
list:
dist: 3.4162357010718343 vs. 3.4162357010718343
list:
dist: 1.7571412435631242 vs. 1.7571412435631242
list:
dist: 1.7583924248037832 vs. 1.7583924248037832
list:
dist: 2.213487015643935 vs. 2.213487015643935
list:
dist: 2.7093842179064085 vs. 2.7093842179064085
list:
dist: 2.9522569602233046 vs. 2.9522569602233046
list:
dist: 1.6401142036145073 vs. 1.6401142036145073
list:
dist: 1.3780843280333999 vs. 1.3780843280333999
list:
dist: 1.2375593963496516 vs. 1.2375593963496516
list:
dist: 1.3309110853971002 vs. 1.3309110853971002
list:
dist: 2.1682063878332976 vs. 2.1682063878332976
list:
dist: 1.451294619746576 vs. 1.451294619746576
list:
dist: 1.4196167356067477 vs. 1.4196167356067477
list:
dist: 3.0734556505491923 vs. 3.0734556505491923
list:
dist: 3.424709895197337 vs. 3.424709895197337
list:
dist: 3.9231658878630435 vs. 3.9231658878630435
list:
dist: 4.549626153925053 vs. 4.549626153925053
list:
dist: 3.986958009973862 vs. 3.986958009973862
list:
dist: 2.3875739012436648 vs. 2.3875739012436648
list:
dist: 2.4838115985298383 vs. 2.4838115985298383
list:
dist: 2.094554458026232 vs. 2.094554458026232
list:
dist: 2.209265366008601 vs. 2.209265366008601
list:
dist: 2.8530714332119613 vs. 2.8530714332119613
list:
dist: 3.840185243879881 vs. 3.840185243879881
list:
dist: 3.9650587770301917 vs. 3.9650587770301917
list:
dist: 3.370667248693595 vs. 3.370667248693595
list:
dist: 1.012295975596615 vs. 1.012295975596615
list:
dist: 0.5705856999542808 vs. 0.5705856999542808
list:
dist: 2.1513538540751376 vs. 2.1513538540751376
list:
dist: 1.735126548753923 vs. 1.735126548753923
list:
dist: 3.264458711719868 vs. 3.264458711719868
list:
dist: 1.931791794649168 vs. 1.931791794649168
list:
dist: 1.8175281385204338 vs. 1.8175281385204338
list:
dist: 2.7093842179064085 vs. 2.7093842179064085
list:
dist: 1.8009866710278761 vs. 1.8009866710278761
list:
dist: 1.9061871633537735 vs. 1.9061871633537735
list:
dist: 3.347874319803152 vs. 3.347874319803152
list:
dist: 3.324237476294612 vs. 3.324237476294612
list:
dist: 1.6796778258205616 vs. 1.6796778258205616
list:
dist: 2.5754440428705796 vs. 2.5754440428705796
list:
dist: 3.2613041754407743 vs. 3.2613041754407743
list:
dist: 3.353498124069459 vs. 3.353498124069459
list:
dist: 1.6926300018767708 vs. 1.6926300018767708
list:
dist: 3.404138690447156 vs. 3.404138690447156
list:
dist: 4.734604967089788 vs. 4.734604967089788
list:
dist: 1.7583479525837822 vs. 1.7583479525837822
list:
dist: 2.019170713166738 vs. 2.019170713166738
list:
dist: 0.9559838718425966 vs. 0.9559838718425966
list:
dist: 1.735126548753923 vs. 1.735126548753923
list:
dist: 2.1512449539835745 vs. 2.1512449539835745
list:
dist: 1.303626768095869 vs. 1.303626768095869
list:
dist: 2.013679541962232 vs. 2.013679541962232
list:
dist: 1.533336823636135 vs. 1.533336823636135
list:
dist: 1.89866211558778 vs. 1.89866211558778
list:
dist: 1.3780843280333999 vs. 1.3780843280333999
list:
dist: 2.713000390907967 vs. 2.713000390907967
list:
dist: 2.5130688053951187 vs. 2.5130688053951187
list:
dist: 2.8154345432647103 vs. 2.8154345432647103
list:
dist: 2.8861575432961835 vs. 2.8861575432961835
list:
dist: 3.9971928427626118 vs. 3.9971928427626118
list:
dist: 4.259436584169279 vs. 4.259436584169279
list:
dist: 3.14392594160927 vs. 3.14392594160927
list:
dist: 2.526226439669481 vs. 2.526226439669481
list:
dist: 3.170968827801254 vs. 3.170968827801254
list:
dist: 2.707684187158528 vs. 2.707684187158528
list:
dist: 2.085483401928561 vs. 2.085483401928561
list:
dist: 3.2337838851648484 vs. 3.2337838851648484
list:
dist: 4.309299665122978 vs. 4.309299665122978
list:
dist: 4.871817985415371 vs. 4.871817985415371
list:
dist: 2.6718062628481194 vs. 2.6718062628481194
list:
dist: 2.079760151952842 vs. 2.079760151952842
list:
dist: 1.4961317789580963 vs. 1.4961317789580963
list:
dist: 2.1513538540751376 vs. 2.1513538540751376
list:
dist: 2.29238371033254 vs. 2.29238371033254
list:
dist: 1.303626768095869 vs. 1.303626768095869
list:
dist: 1.3620292011346695 vs. 1.3620292011346695
list:
dist: 1.2006669357783506 vs. 1.2006669357783506
list:
dist: 1.066956982408088 vs. 1.066956982408088
list:
dist: 1.6401142036145073 vs. 1.6401142036145073
list:
dist: 2.656396286332527 vs. 2.656396286332527
list:
dist: 2.025891812674866 vs. 2.025891812674866
list:
dist: 2.4619398120511002 vs. 2.4619398120511002
list:
dist: 2.2651146032694482 vs. 2.2651146032694482
list:
dist: 3.155401494446879 vs. 3.155401494446879
list:
dist: 3.4235381821369897 vs. 3.4235381821369897
list:
dist: 2.9093601572692993 vs. 2.9093601572692993
list:
dist: 1.5098968460523168 vs. 1.5098968460523168
list:
dist: 2.5457112718180355 vs. 2.5457112718180355
list:
dist: 1.6636158713623157 vs. 1.6636158713623157
list:
dist: 1.6132123315897668 vs. 1.6132123315897668
list:
dist: 2.1221380898873794 vs. 2.1221380898873794
list:
dist: 3.0664051836522557 vs. 3.0664051836522557
list:
dist: 3.844365020637226 vs. 3.844365020637226
list:
dist: 3.2927287032434576 vs. 3.2927287032434576
list:
dist: 3.404138690447156 vs. 3.404138690447156
list:
dist: 3.1725125739607622 vs. 3.1725125739607622
list:
dist: 2.1221380898873794 vs. 2.1221380898873794
list:
dist: 3.2337838851648484 vs. 3.2337838851648484
list:
dist: 2.160354035993145 vs. 2.160354035993145
list:
dist: 1.9449245698734086 vs. 1.9449245698734086
list:
dist: 1.6307541970599526 vs. 1.6307541970599526
list:
dist: 2.8530714332119613 vs. 2.8530714332119613
list:
dist: 3.31112808862104 vs. 3.31112808862104
list:
dist: 1.8903057685144935 vs. 1.8903057685144935
list:
dist: 2.3204166439462597 vs. 2.3204166439462597
list:
dist: 2.3025495386399615 vs. 2.3025495386399615
list:
dist: 1.7246756251479738 vs. 1.7246756251479738
list:
dist: 2.4835267551995677 vs. 2.4835267551995677
list:
dist: 3.3878235853415775 vs. 3.3878235853415775
list:
dist: 0.8305074908864575 vs. 0.8305074908864575
list:
dist: 1.4281211248665027 vs. 1.4281211248665027
list:
dist: 0.9567495749054455 vs. 0.9567495749054455
list:
dist: 1.8141676969257927 vs. 1.8141676969257927
list:
dist: 1.4880001534366833 vs. 1.4880001534366833
list:
dist: 2.3677460381253925 vs. 2.3677460381253925
list:
dist: 3.269847614702022 vs. 3.269847614702022
list:
dist: 1.1464184920770117 vs. 1.1464184920770117
list:
dist: 2.416838886403752 vs. 2.416838886403752
list:
dist: 2.6476556297253384 vs. 2.6476556297253384
list:
dist: 1.7446305042146169 vs. 1.7446305042146169
list:
dist: 3.7122060328656024 vs. 3.7122060328656024
list:
dist: 3.347874319803152 vs. 3.347874319803152
list:
dist: 2.8803703856344076 vs. 2.8803703856344076
list:
dist: 3.155401494446879 vs. 3.155401494446879
list:
dist: 3.9971928427626118 vs. 3.9971928427626118
list:
dist: 3.6386987683141387 vs. 3.6386987683141387
list:
dist: 2.663801338266757 vs. 2.663801338266757
list:
dist: 2.166616746498266 vs. 2.166616746498266
list:
dist: 3.9231658878630435 vs. 3.9231658878630435
list:
dist: 1.652791501126607 vs. 1.652791501126607
list:
dist: 1.793288038521326 vs. 1.793288038521326
list:
dist: 1.2286484938425706 vs. 1.2286484938425706
list:
dist: 2.7132140167199417 vs. 2.7132140167199417
list:
dist: 1.7294156005498442 vs. 1.7294156005498442
list:
dist: 1.9591395673715755 vs. 1.9591395673715755
list:
dist: 2.5774982752868087 vs. 2.5774982752868087
list:
dist: 1.960916199485323 vs. 1.960916199485323
list:
dist: 1.7246756251479738 vs. 1.7246756251479738
list:
dist: 2.8262901331796586 vs. 2.8262901331796586
list:
dist: 4.283454066585419 vs. 4.283454066585419
list:
dist: 2.171649898443786 vs. 2.171649898443786
list:
dist: 1.198926208389978 vs. 1.198926208389978
list:
dist: 2.232638216454202 vs. 2.232638216454202
list:
dist: 2.8270877501299445 vs. 2.8270877501299445
list:
dist: 3.0236031852470937 vs. 3.0236031852470937
list:
dist: 3.353498124069459 vs. 3.353498124069459
list:
dist: 3.275744539319182 vs. 3.275744539319182
list:
dist: 1.6636158713623157 vs. 1.6636158713623157
list:
dist: 2.707684187158528 vs. 2.707684187158528
list:
dist: 1.2417747142126019 vs. 1.2417747142126019
list:
dist: 1.5985743612512187 vs. 1.5985743612512187
list:
dist: 1.6590187289512421 vs. 1.6590187289512421
list:
dist: 2.094554458026232 vs. 2.094554458026232
list:
dist: 2.3880617173394585 vs. 2.3880617173394585
list:
dist: 1.1849923696952358 vs. 1.1849923696952358
list:
dist: 2.704263794330028 vs. 2.704263794330028
list:
dist: 2.7676845507868353 vs. 2.7676845507868353
list:
dist: 2.5774982752868087 vs. 2.5774982752868087
list:
dist: 3.3087300610500607 vs. 3.3087300610500607
list:
dist: 3.7621427636266067 vs. 3.7621427636266067
list:
dist: 1.110670908595261 vs. 1.110670908595261
list:
dist: 1.5415034661157185 vs. 1.5415034661157185
list:
dist: 1.9229261030356466 vs. 1.9229261030356466
list:
dist: 0.9567495749054455 vs. 0.9567495749054455
list:
dist: 1.7731533195468647 vs. 1.7731533195468647
list:
dist: 2.2439371463111883 vs. 2.2439371463111883
list:
dist: 4.21362001398126 vs. 4.21362001398126
list:
dist: 2.0890130788389665 vs. 2.0890130788389665
list:
dist: 3.2335472577746946 vs. 3.2335472577746946
list:
dist: 3.3473655257800763 vs. 3.3473655257800763
list:
dist: 2.154651219803228 vs. 2.154651219803228
list:
dist: 3.844365020637226 vs. 3.844365020637226
list:
dist: 4.871817985415371 vs. 4.871817985415371
list:
dist: 2.994944314654557 vs. 2.994944314654557
list:
dist: 3.7578213213638554 vs. 3.7578213213638554
list:
dist: 3.8253327263458368 vs. 3.8253327263458368
list:
dist: 3.9650587770301917 vs. 3.9650587770301917
list:
dist: 3.445192392225673 vs. 3.445192392225673
list:
dist: 2.720654674213766 vs. 2.720654674213766
list:
dist: 3.096898733968729 vs. 3.096898733968729
list:
dist: 2.845322041569309 vs. 2.845322041569309
list:
dist: 2.2439371463111883 vs. 2.2439371463111883
list:
dist: 3.9972470925205372 vs. 3.9972470925205372
list:
dist: 2.3677460381253925 vs. 2.3677460381253925
list:
dist: 1.6023668852553334 vs. 1.6023668852553334
list:
dist: 2.7330818374675334 vs. 2.7330818374675334
list:
dist: 2.83618378968749 vs. 2.83618378968749
list:
dist: 2.5012715294665546 vs. 2.5012715294665546
list:
dist: 1.3151062669752018 vs. 1.3151062669752018
list:
dist: 2.4064265262750033 vs. 2.4064265262750033
list:
dist: 1.8009866710278761 vs. 1.8009866710278761
list:
dist: 1.3157095491710882 vs. 1.3157095491710882
list:
dist: 2.4619398120511002 vs. 2.4619398120511002
list:
dist: 2.8154345432647103 vs. 2.8154345432647103
list:
dist: 3.2698683828128003 vs. 3.2698683828128003
list:
dist: 1.7798451820644563 vs. 1.7798451820644563
list:
dist: 1.454517680567453 vs. 1.454517680567453
list:
dist: 3.0734556505491923 vs. 3.0734556505491923
list:
dist: 1.1163808280830045 vs. 1.1163808280830045
list:
dist: 1.652791501126607 vs. 1.652791501126607
list:
dist: 1.9579093496884596 vs. 1.9579093496884596
list:
dist: 1.662488839063728 vs. 1.662488839063728
list:
dist: 1.6848261802751623 vs. 1.6848261802751623
list:
dist: 2.070398613859002 vs. 2.070398613859002
list:
dist: 2.704263794330028 vs. 2.704263794330028
list:
dist: 0.9306925527594823 vs. 0.9306925527594823
list:
dist: 2.3204166439462597 vs. 2.3204166439462597
list:
dist: 3.760659993896376 vs. 3.760659993896376
list:
dist: 4.861917940468994 vs. 4.861917940468994
list:
dist: 3.543751870058474 vs. 3.543751870058474
list:
dist: 2.5652044044374582 vs. 2.5652044044374582
list:
dist: 3.8236447761627055 vs. 3.8236447761627055
list:
dist: 4.3574506195142755 vs. 4.3574506195142755
list:
dist: 3.1288048321922997 vs. 3.1288048321922997
list:
dist: 2.6566833822080995 vs. 2.6566833822080995
list:
dist: 2.025891812674866 vs. 2.025891812674866
list:
dist: 2.5130688053951187 vs. 2.5130688053951187
list:
dist: 1.2298678889877586 vs. 1.2298678889877586
list:
dist: 1.4107084483309613 vs. 1.4107084483309613
list:
dist: 2.0992161641462066 vs. 2.0992161641462066
list:
dist: 1.4196167356067477 vs. 1.4196167356067477
list:
dist: 1.635828260901215 vs. 1.635828260901215
list:
dist: 1.7969155828011822 vs. 1.7969155828011822
list:
dist: 1.371853413666149 vs. 1.371853413666149
list:
dist: 1.1849923696952358 vs. 1.1849923696952358
list:
dist: 2.0516036508396054 vs. 2.0516036508396054
list:
dist: 1.8903057685144935 vs. 1.8903057685144935
list:
dist: 2.8227441670304474 vs. 2.8227441670304474
list:
dist: 2.720654674213766 vs. 2.720654674213766
list:
dist: 2.299573074210661 vs. 2.299573074210661
list:
dist: 1.8103463130985658 vs. 1.8103463130985658
list:
dist: 2.656396286332527 vs. 2.656396286332527
list:
dist: 2.713000390907967 vs. 2.713000390907967
list:
dist: 1.451339874073676 vs. 1.451339874073676
list:
dist: 2.5187004632002843 vs. 2.5187004632002843
list:
dist: 3.2682134496908852 vs. 3.2682134496908852
list:
dist: 1.451294619746576 vs. 1.451294619746576
list:
dist: 1.635828260901215 vs. 1.635828260901215
list:
dist: 3.1900133412171283 vs. 3.1900133412171283
list:
dist: 2.998566172199924 vs. 2.998566172199924
list:
dist: 2.3880617173394585 vs. 2.3880617173394585
list:
dist: 3.3698800144743513 vs. 3.3698800144743513
list:
dist: 3.31112808862104 vs. 3.31112808862104
list:
dist: 3.8381390645692974 vs. 3.8381390645692974
list:
dist: 3.445192392225673 vs. 3.445192392225673
list:
dist: 4.861917940468994 vs. 4.861917940468994
list:
dist: 4.346949287632311 vs. 4.346949287632311
list:
dist: 4.283454066585419 vs. 4.283454066585419
list:
dist: 3.270432105711878 vs. 3.270432105711878
list:
dist: 4.234789866246134 vs. 4.234789866246134
list:
dist: 1.6122023288041867 vs. 1.6122023288041867
list:
dist: 2.9039330762236317 vs. 2.9039330762236317
list:
dist: 2.2738952280794775 vs. 2.2738952280794775
list:
dist: 1.9061871633537735 vs. 1.9061871633537735
list:
dist: 1.473096380254828 vs. 1.473096380254828
list:
dist: 2.2651146032694482 vs. 2.2651146032694482
list:
dist: 2.8861575432961835 vs. 2.8861575432961835
list:
dist: 3.347047339926195 vs. 3.347047339926195
list:
dist: 2.162550132052584 vs. 2.162550132052584
list:
dist: 1.3305720711823945 vs. 1.3305720711823945
list:
dist: 3.424709895197337 vs. 3.424709895197337
list:
dist: 1.1163808280830045 vs. 1.1163808280830045
list:
dist: 1.793288038521326 vs. 1.793288038521326
list:
dist: 1.4636165521278008 vs. 1.4636165521278008
list:
dist: 1.09957965173402 vs. 1.09957965173402
list:
dist: 1.6776812572298043 vs. 1.6776812572298043
list:
dist: 2.7003064835631942 vs. 2.7003064835631942
list:
dist: 2.7676845507868353 vs. 2.7676845507868353
list:
dist: 1.3787193282302235 vs. 1.3787193282302235
list:
dist: 2.3025495386399615 vs. 2.3025495386399615
list:
dist: 3.515545046755173 vs. 3.515545046755173
list:
dist: 4.346949287632311 vs. 4.346949287632311
list:
dist: 3.1286135318810615 vs. 3.1286135318810615
list:
dist: 2.4669595825882373 vs. 2.4669595825882373
list:
dist: 3.8091867249821165 vs. 3.8091867249821165
list:
dist: 4.297056576348038 vs. 4.297056576348038
list:
dist: 4.3574506195142755 vs. 4.3574506195142755
list:
dist: 4.297056576348038 vs. 4.297056576348038
list:
dist: 2.8270877501299445 vs. 2.8270877501299445
list:
dist: 3.467722158122533 vs. 3.467722158122533
list:
dist: 5.334472826895452 vs. 5.334472826895452
list:
dist: 3.4086678068888814 vs. 3.4086678068888814
list:
dist: 3.333309034838156 vs. 3.333309034838156
list:
dist: 3.3473655257800763 vs. 3.3473655257800763
list:
dist: 4.249856084349301 vs. 4.249856084349301
list:
dist: 2.6476556297253384 vs. 2.6476556297253384
list:
dist: 2.0789717166705644 vs. 2.0789717166705644
list:
dist: 2.5012715294665546 vs. 2.5012715294665546
list:
dist: 2.7813705954044052 vs. 2.7813705954044052
list:
dist: 1.8535201258448821 vs. 1.8535201258448821
list:
dist: 0.6926062098914041 vs. 0.6926062098914041
list:
dist: 1.4624270647312627 vs. 1.4624270647312627
list:
dist: 4.4973604189249095 vs. 4.4973604189249095
list:
dist: 3.9933812513928864 vs. 3.9933812513928864
list:
dist: 1.1732375620277813 vs. 1.1732375620277813
list:
dist: 2.751383486707518 vs. 2.751383486707518
list:
dist: 1.4580976767263274 vs. 1.4580976767263274
list:
dist: 1.1732375620277813 vs. 1.1732375620277813
list:
dist: 1.9677183598158445 vs. 1.9677183598158445
list:
dist: 2.550686225695368 vs. 2.550686225695368
list:
dist: 2.2394699459663516 vs. 2.2394699459663516
list:
dist: 2.154651219803228 vs. 2.154651219803228
list:
dist: 3.4162357010718343 vs. 3.4162357010718343
list:
dist: 1.7446305042146169 vs. 1.7446305042146169
list:
dist: 1.3999634816453017 vs. 1.3999634816453017
list:
dist: 1.3151062669752018 vs. 1.3151062669752018
list:
dist: 1.6336133473885348 vs. 1.6336133473885348
list:
dist: 1.5988743659316258 vs. 1.5988743659316258
list:
dist: 1.4624270647312627 vs. 1.4624270647312627
list:
dist: 1.9677183598158445 vs. 1.9677183598158445
list:
dist: 2.5652044044374582 vs. 2.5652044044374582
list:
dist: 2.4669595825882373 vs. 2.4669595825882373
list:
dist: 1.198926208389978 vs. 1.198926208389978
list:
dist: 1.9340924448394758 vs. 1.9340924448394758
list:
dist: 3.530663240407355 vs. 3.530663240407355
list:
dist: 1.691387071329174 vs. 1.691387071329174
list:
dist: 2.02598374013871 vs. 2.02598374013871
list:
dist: 2.0890130788389665 vs. 2.0890130788389665
list:
dist: 2.463741683731149 vs. 2.463741683731149
list:
dist: 1.1464184920770117 vs. 1.1464184920770117
list:
dist: 1.7059379484974124 vs. 1.7059379484974124
list:
dist: 2.7330818374675334 vs. 2.7330818374675334
list:
dist: 2.2359557342831655 vs. 2.2359557342831655
list:
dist: 1.4419800581378208 vs. 1.4419800581378208
list:
dist: 1.8535201258448821 vs. 1.8535201258448821
list:
dist: 1.6336133473885348 vs. 1.6336133473885348
list:
dist: 2.751383486707518 vs. 2.751383486707518
list:
dist: 3.373190693228022 vs. 3.373190693228022
list:
dist: 3.2613041754407743 vs. 3.2613041754407743
list:
dist: 3.0338908083550638 vs. 3.0338908083550638
list:
dist: 2.5457112718180355 vs. 2.5457112718180355
list:
dist: 3.170968827801254 vs. 3.170968827801254
list:
dist: 2.3588316701561727 vs. 2.3588316701561727
list:
dist: 1.6514407496110646 vs. 1.6514407496110646
list:
dist: 1.972857629727365 vs. 1.972857629727365
list:
dist: 2.4838115985298383 vs. 2.4838115985298383
list:
dist: 2.998566172199924 vs. 2.998566172199924
list:
dist: 1.371853413666149 vs. 1.371853413666149
list:
dist: 2.070398613859002 vs. 2.070398613859002
list:
dist: 2.7003064835631942 vs. 2.7003064835631942
list:
dist: 1.9591395673715755 vs. 1.9591395673715755
list:
dist: 3.0483641783354525 vs. 3.0483641783354525
list:
dist: 3.617600395057242 vs. 3.617600395057242
list:
dist: 1.4397477622700992 vs. 1.4397477622700992
list:
dist: 1.5415034661157185 vs. 1.5415034661157185
list:
dist: 1.64433632820157 vs. 1.64433632820157
list:
dist: 1.4281211248665027 vs. 1.4281211248665027
list:
dist: 2.6937503959786464 vs. 2.6937503959786464
list:
dist: 2.845322041569309 vs. 2.845322041569309
list:
dist: 4.007020457929147 vs. 4.007020457929147
list:
dist: 2.02598374013871 vs. 2.02598374013871
list:
dist: 3.0012468368601515 vs. 3.0012468368601515
list:
dist: 3.333309034838156 vs. 3.333309034838156
list:
dist: 2.2394699459663516 vs. 2.2394699459663516
list:
dist: 2.4950435610477193 vs. 2.4950435610477193
list:
dist: 2.5754440428705796 vs. 2.5754440428705796
list:
dist: 2.3669200681826887 vs. 2.3669200681826887
list:
dist: 1.5098968460523168 vs. 1.5098968460523168
list:
dist: 2.526226439669481 vs. 2.526226439669481
list:
dist: 1.9605314482211524 vs. 1.9605314482211524
list:
dist: 1.269565770489304 vs. 1.269565770489304
list:
dist: 0.8117424824851875 vs. 0.8117424824851875
list:
dist: 2.3875739012436648 vs. 2.3875739012436648
list:
dist: 3.1900133412171283 vs. 3.1900133412171283
list:
dist: 1.7969155828011822 vs. 1.7969155828011822
list:
dist: 1.6848261802751623 vs. 1.6848261802751623
list:
dist: 1.6776812572298043 vs. 1.6776812572298043
list:
dist: 1.7294156005498442 vs. 1.7294156005498442
list:
dist: 2.314660067414014 vs. 2.314660067414014
list:
dist: 2.7028336034086493 vs. 2.7028336034086493
list:
dist: 1.4397477622700992 vs. 1.4397477622700992
list:
dist: 1.110670908595261 vs. 1.110670908595261
list:
dist: 1.0425919110437323 vs. 1.0425919110437323
list:
dist: 0.8305074908864575 vs. 0.8305074908864575
list:
dist: 2.2218337459518223 vs. 2.2218337459518223
list:
dist: 3.096898733968729 vs. 3.096898733968729
list:
dist: 3.5019321743624605 vs. 3.5019321743624605
list:
dist: 1.691387071329174 vs. 1.691387071329174
list:
dist: 3.0902961563237907 vs. 3.0902961563237907
list:
dist: 3.4086678068888814 vs. 3.4086678068888814
list:
dist: 2.550686225695368 vs. 2.550686225695368
list:
dist: 3.7255709278358506 vs. 3.7255709278358506
list:
dist: 3.324237476294612 vs. 3.324237476294612
list:
dist: 2.8249964605407505 vs. 2.8249964605407505
list:
dist: 3.4235381821369897 vs. 3.4235381821369897
list:
dist: 4.259436584169279 vs. 4.259436584169279
list:
dist: 4.249364063159897 vs. 4.249364063159897
list:
dist: 3.2458483849755653 vs. 3.2458483849755653
list:
dist: 2.4564978070308157 vs. 2.4564978070308157
list:
dist: 4.549626153925053 vs. 4.549626153925053
list:
dist: 1.9579093496884596 vs. 1.9579093496884596
list:
dist: 1.4636165521278008 vs. 1.4636165521278008
list:
dist: 1.2286484938425706 vs. 1.2286484938425706
list:
dist: 2.1281184887619884 vs. 2.1281184887619884
list:
dist: 2.314660067414014 vs. 2.314660067414014
list:
dist: 3.0483641783354525 vs. 3.0483641783354525
list:
dist: 3.3087300610500607 vs. 3.3087300610500607
list:
dist: 2.4359597253911915 vs. 2.4359597253911915
list:
dist: 2.4835267551995677 vs. 2.4835267551995677
list:
dist: 3.3810934881478687 vs. 3.3810934881478687
list:
dist: 3.270432105711878 vs. 3.270432105711878
list:
dist: 1.7047818707875646 vs. 1.7047818707875646
list:
dist: 1.9340924448394758 vs. 1.9340924448394758
list:
dist: 2.8963600344759293 vs. 2.8963600344759293
list:
dist: 3.467722158122533 vs. 3.467722158122533
list:
dist: 2.7388727392754224 vs. 2.7388727392754224
list:
dist: 3.0735540217746546 vs. 3.0735540217746546
list:
dist: 1.0479748935600421 vs. 1.0479748935600421
list:
dist: 2.8159770736499556 vs. 2.8159770736499556
list:
dist: 3.1440150105862688 vs. 3.1440150105862688
list:
dist: 2.7569196269217993 vs. 2.7569196269217993
list:
dist: 2.156343445751094 vs. 2.156343445751094
list:
dist: 2.166229295880021 vs. 2.166229295880021
list:
dist: 2.425053321835192 vs. 2.425053321835192
list:
dist: 1.7539078365169873 vs. 1.7539078365169873
list:
dist: 1.1651315485576745 vs. 1.1651315485576745
list:
dist: 2.3879321591332956 vs. 2.3879321591332956
list:
dist: 2.4698106784547433 vs. 2.4698106784547433
list:
dist: 3.240270379192572 vs. 3.240270379192572
list:
dist: 3.499681847228377 vs. 3.499681847228377
list:
dist: 3.331061194502285 vs. 3.331061194502285
list:
dist: 3.7425472808220848 vs. 3.7425472808220848
list:
dist: 2.242453641945185 vs. 2.242453641945185
list:
dist: 2.9283944605882515 vs. 2.9283944605882515
list:
dist: 2.2022711568343087 vs. 2.2022711568343087
list:
dist: 2.5287003676319886 vs. 2.5287003676319886
list:
dist: 2.7569196269217993 vs. 2.7569196269217993
list:
dist: 3.4842498880678225 vs. 3.4842498880678225
list:
dist: 1.5770063648452328 vs. 1.5770063648452328
list:
dist: 1.9281195844753876 vs. 1.9281195844753876
list:
dist: 2.7833816607219246 vs. 2.7833816607219246
list:
dist: 2.0129840020088094 vs. 2.0129840020088094
list:
dist: 2.849980770733621 vs. 2.849980770733621
list:
dist: 1.222984488525145 vs. 1.222984488525145
list:
dist: 2.1071386263247742 vs. 2.1071386263247742
list:
dist: 1.2681892457424735 vs. 1.2681892457424735
list:
dist: 4.178009555123352 vs. 4.178009555123352
list:
dist: 3.2327590278350713 vs. 3.2327590278350713
list:
dist: 4.070378657225569 vs. 4.070378657225569
list:
dist: 3.4889075178118634 vs. 3.4889075178118634
list:
dist: 2.938580081166681 vs. 2.938580081166681
list:
dist: 3.871081790304357 vs. 3.871081790304357
list:
dist: 3.225076912366101 vs. 3.225076912366101
list:
dist: 2.4399748028148225 vs. 2.4399748028148225
list:
dist: 2.4825402251058857 vs. 2.4825402251058857
list:
dist: 3.6351693615709904 vs. 3.6351693615709904
list:
dist: 2.8752274911913265 vs. 2.8752274911913265
list:
dist: 3.7591053824217457 vs. 3.7591053824217457
list:
dist: 3.697825686362379 vs. 3.697825686362379
list:
dist: 3.505713568217101 vs. 3.505713568217101
list:
dist: 5.054794917875173 vs. 5.054794917875173
list:
dist: 3.7579121976060152 vs. 3.7579121976060152
list:
dist: 1.3297118988838603 vs. 1.3297118988838603
list:
dist: 2.166229295880021 vs. 2.166229295880021
list:
dist: 1.0129580116126746 vs. 1.0129580116126746
list:
dist: 1.5632726390310578 vs. 1.5632726390310578
list:
dist: 2.0129840020088094 vs. 2.0129840020088094
list:
dist: 1.1449818847424993 vs. 1.1449818847424993
list:
dist: 1.387045049450056 vs. 1.387045049450056
list:
dist: 1.7683882239677826 vs. 1.7683882239677826
list:
dist: 1.8467649502137846 vs. 1.8467649502137846
list:
dist: 1.4507159388108322 vs. 1.4507159388108322
list:
dist: 1.4198980714559915 vs. 1.4198980714559915
list:
dist: 2.0909890637622706 vs. 2.0909890637622706
list:
dist: 1.684845713915752 vs. 1.684845713915752
list:
dist: 1.2644007798222703 vs. 1.2644007798222703
list:
dist: 1.9986603450437095 vs. 1.9986603450437095
list:
dist: 1.2653229688271292 vs. 1.2653229688271292
list:
dist: 0.7859667184145337 vs. 0.7859667184145337
list:
dist: 2.0935233980674663 vs. 2.0935233980674663
list:
dist: 2.2588635022965877 vs. 2.2588635022965877
list:
dist: 1.7116206053806768 vs. 1.7116206053806768
list:
dist: 2.2920472146092563 vs. 2.2920472146092563
list:
dist: 2.293261937891452 vs. 2.293261937891452
list:
dist: 1.7849196694016056 vs. 1.7849196694016056
list:
dist: 3.135605832816508 vs. 3.135605832816508
list:
dist: 2.0773032382720773 vs. 2.0773032382720773
list:
dist: 1.838107695238843 vs. 1.838107695238843
list:
dist: 1.7539078365169873 vs. 1.7539078365169873
list:
dist: 1.7013467356725143 vs. 1.7013467356725143
list:
dist: 1.9158608378274933 vs. 1.9158608378274933
list:
dist: 1.222984488525145 vs. 1.222984488525145
list:
dist: 2.101850864194986 vs. 2.101850864194986
list:
dist: 1.7683882239677826 vs. 1.7683882239677826
list:
dist: 2.180198238005426 vs. 2.180198238005426
list:
dist: 0.9082238637221869 vs. 0.9082238637221869
list:
dist: 0.933405037975618 vs. 0.933405037975618
list:
dist: 2.9373913706923145 vs. 2.9373913706923145
list:
dist: 3.7283498085640625 vs. 3.7283498085640625
list:
dist: 3.452682148005901 vs. 3.452682148005901
list:
dist: 2.964159576672745 vs. 2.964159576672745
list:
dist: 3.7121268571138684 vs. 3.7121268571138684
list:
dist: 2.6719881469673012 vs. 2.6719881469673012
list:
dist: 2.436934429832051 vs. 2.436934429832051
list:
dist: 2.3108751233670106 vs. 2.3108751233670106
list:
dist: 3.15736588049978 vs. 3.15736588049978
list:
dist: 2.6615584209550427 vs. 2.6615584209550427
list:
dist: 3.8382971370172463 vs. 3.8382971370172463
list:
dist: 3.9121721297813257 vs. 3.9121721297813257
list:
dist: 3.3435666009263785 vs. 3.3435666009263785
list:
dist: 4.7577093662400545 vs. 4.7577093662400545
list:
dist: 3.543751870058474 vs. 3.543751870058474
list:
dist: 3.1286135318810615 vs. 3.1286135318810615
list:
dist: 2.171649898443786 vs. 2.171649898443786
list:
dist: 1.7047818707875646 vs. 1.7047818707875646
list:
dist: 3.782111371241993 vs. 3.782111371241993
list:
dist: 3.5019321743624605 vs. 3.5019321743624605
list:
dist: 4.007020457929147 vs. 4.007020457929147
list:
dist: 4.21362001398126 vs. 4.21362001398126
list:
dist: 3.93158163066516 vs. 3.93158163066516
list:
dist: 3.269847614702022 vs. 3.269847614702022
list:
dist: 3.5391053540054145 vs. 3.5391053540054145
list:
dist: 2.9039330762236317 vs. 2.9039330762236317
list:
dist: 3.888385618273836 vs. 3.888385618273836
list:
dist: 4.100496432836154 vs. 4.100496432836154
list:
dist: 4.178009555123352 vs. 4.178009555123352
list:
dist: 2.2359557342831655 vs. 2.2359557342831655
list:
dist: 2.27070484396699 vs. 2.27070484396699
list:
dist: 2.7813705954044052 vs. 2.7813705954044052
list:
dist: 4.491654071304467 vs. 4.491654071304467
list:
dist: 3.852840543864474 vs. 3.852840543864474
list:
dist: 3.4910770648444873 vs. 3.4910770648444873
list:
dist: 3.8236447761627055 vs. 3.8236447761627055
list:
dist: 3.8091867249821165 vs. 3.8091867249821165
list:
dist: 2.232638216454202 vs. 2.232638216454202
list:
dist: 2.8963600344759293 vs. 2.8963600344759293
list:
dist: 4.811501057617813 vs. 4.811501057617813
list:
dist: 3.0902961563237907 vs. 3.0902961563237907
list:
dist: 3.0012468368601515 vs. 3.0012468368601515
list:
dist: 3.2335472577746946 vs. 3.2335472577746946
list:
dist: 3.8294437581447536 vs. 3.8294437581447536
list:
dist: 2.416838886403752 vs. 2.416838886403752
list:
dist: 2.251964452275125 vs. 2.251964452275125
list:
dist: 2.83618378968749 vs. 2.83618378968749
list:
dist: 2.27070484396699 vs. 2.27070484396699
list:
dist: 1.4419800581378208 vs. 1.4419800581378208
list:
dist: 0.6926062098914041 vs. 0.6926062098914041
list:
dist: 1.5988743659316258 vs. 1.5988743659316258
list:
dist: 1.4580976767263274 vs. 1.4580976767263274
list:
dist: 2.614803211320517 vs. 2.614803211320517
list:
dist: 1.511663077406786 vs. 1.511663077406786
list:
dist: 1.1651315485576745 vs. 1.1651315485576745
list:
dist: 2.099141050828223 vs. 2.099141050828223
list:
dist: 2.2342855121136482 vs. 2.2342855121136482
list:
dist: 2.1071386263247742 vs. 2.1071386263247742
list:
dist: 1.7233718605460064 vs. 1.7233718605460064
list:
dist: 1.8467649502137846 vs. 1.8467649502137846
list:
dist: 1.8291926284775095 vs. 1.8291926284775095
list:
dist: 0.9082238637221869 vs. 0.9082238637221869
list:
dist: 1.4195192897629354 vs. 1.4195192897629354
list:
dist: 2.765987132626221 vs. 2.765987132626221
list:
dist: 3.4472605580880855 vs. 3.4472605580880855
list:
dist: 3.4331576683668468 vs. 3.4331576683668468
list:
dist: 3.044571598204999 vs. 3.044571598204999
list:
dist: 3.5875770974913728 vs. 3.5875770974913728
list:
dist: 2.3057764360017963 vs. 2.3057764360017963
list:
dist: 2.5656708485423514 vs. 2.5656708485423514
list:
dist: 2.4844036797501574 vs. 2.4844036797501574
list:
dist: 2.8997569840210677 vs. 2.8997569840210677
list:
dist: 2.6713295568903135 vs. 2.6713295568903135
list:
dist: 3.9064327843872624 vs. 3.9064327843872624
list:
dist: 4.058583413915708 vs. 4.058583413915708
list:
dist: 3.2640472633239725 vs. 3.2640472633239725
list:
dist: 4.475359474087788 vs. 4.475359474087788
list:
dist: 4.207284879484557 vs. 4.207284879484557
list:
dist: 1.6122023288041867 vs. 1.6122023288041867
list:
dist: 3.970014495347442 vs. 3.970014495347442
list:
dist: 3.690419548084674 vs. 3.690419548084674
list:
dist: 3.4842498880678225 vs. 3.4842498880678225
list:
dist: 3.723266051210214 vs. 3.723266051210214
list:
dist: 3.552025556217716 vs. 3.552025556217716
list:
dist: 2.2082023594766915 vs. 2.2082023594766915
list:
dist: 2.8159770736499556 vs. 2.8159770736499556
list:
dist: 3.970014495347442 vs. 3.970014495347442
list:
dist: 0.7089904636400839 vs. 0.7089904636400839
list:
dist: 1.5770063648452328 vs. 1.5770063648452328
list:
dist: 1.6342640408500875 vs. 1.6342640408500875
list:
dist: 1.0129580116126746 vs. 1.0129580116126746
list:
dist: 1.6322700235220484 vs. 1.6322700235220484
list:
dist: 1.7013467356725143 vs. 1.7013467356725143
list:
dist: 2.099141050828223 vs. 2.099141050828223
list:
dist: 0.9463538624392096 vs. 0.9463538624392096
list:
dist: 3.888385618273836 vs. 3.888385618273836
list:
dist: 2.3780864250571025 vs. 2.3780864250571025
list:
dist: 2.9068972026524427 vs. 2.9068972026524427
list:
dist: 2.2268226117643377 vs. 2.2268226117643377
list:
dist: 1.5626713251686672 vs. 1.5626713251686672
list:
dist: 2.4430939178046303 vs. 2.4430939178046303
list:
dist: 2.144958524424123 vs. 2.144958524424123
list:
dist: 1.081704218963384 vs. 1.081704218963384
list:
dist: 1.3711553076839174 vs. 1.3711553076839174
list:
dist: 2.195631841348178 vs. 2.195631841348178
list:
dist: 1.3633895812709937 vs. 1.3633895812709937
list:
dist: 2.2523690356456174 vs. 2.2523690356456174
list:
dist: 2.3259238650777725 vs. 2.3259238650777725
list:
dist: 1.967241823297587 vs. 1.967241823297587
list:
dist: 3.5763153256682156 vs. 3.5763153256682156
list:
dist: 1.79563881707711 vs. 1.79563881707711
list:
dist: 3.561906479355647 vs. 3.561906479355647
list:
dist: 3.0735540217746546 vs. 3.0735540217746546
list:
dist: 4.207284879484557 vs. 4.207284879484557
list:
dist: 3.552025556217716 vs. 3.552025556217716
list:
dist: 3.698987309573282 vs. 3.698987309573282
list:
dist: 2.2022711568343087 vs. 2.2022711568343087
list:
dist: 4.163202101303143 vs. 4.163202101303143
list:
dist: 3.7579121976060152 vs. 3.7579121976060152
list:
dist: 4.2217572258614595 vs. 4.2217572258614595
list:
dist: 2.0773032382720773 vs. 2.0773032382720773
list:
dist: 2.614803211320517 vs. 2.614803211320517
list:
dist: 2.779923741889347 vs. 2.779923741889347
list:
dist: 1.79563881707711 vs. 1.79563881707711
list:
dist: 3.564732752754127 vs. 3.564732752754127
list:
dist: 2.7388727392754224 vs. 2.7388727392754224
list:
dist: 1.3980274082466961 vs. 1.3980274082466961
list:
dist: 2.242453641945185 vs. 2.242453641945185
list:
dist: 2.144958524424123 vs. 2.144958524424123
list:
dist: 2.475603981728071 vs. 2.475603981728071
list:
dist: 3.225076912366101 vs. 3.225076912366101
list:
dist: 1.0042309739443203 vs. 1.0042309739443203
list:
dist: 1.2653229688271292 vs. 1.2653229688271292
list:
dist: 1.3551338417504841 vs. 1.3551338417504841
list:
dist: 2.6719881469673012 vs. 2.6719881469673012
list:
dist: 2.3057764360017963 vs. 2.3057764360017963
list:
dist: 2.4742922698032643 vs. 2.4742922698032643
list:
dist: 0.9689251930463367 vs. 0.9689251930463367
list:
dist: 1.1623560516070672 vs. 1.1623560516070672
list:
dist: 1.5051466771841326 vs. 1.5051466771841326
list:
dist: 1.544591157998642 vs. 1.544591157998642
list:
dist: 1.5593060574413466 vs. 1.5593060574413466
list:
dist: 1.4525877127976958 vs. 1.4525877127976958
list:
dist: 2.7473167497563717 vs. 2.7473167497563717
list:
dist: 2.775502575881863 vs. 2.775502575881863
list:
dist: 2.1176335603870915 vs. 2.1176335603870915
list:
dist: 2.0861073498298612 vs. 2.0861073498298612
list:
dist: 2.3781654039493185 vs. 2.3781654039493185
list:
dist: 2.47903387215704 vs. 2.47903387215704
list:
dist: 1.6454928435723226 vs. 1.6454928435723226
list:
dist: 2.346312721656265 vs. 2.346312721656265
list:
dist: 2.404522683401838 vs. 2.404522683401838
list:
dist: 3.698987309573282 vs. 3.698987309573282
list:
dist: 2.676360011449264 vs. 2.676360011449264
list:
dist: 3.1440150105862688 vs. 3.1440150105862688
list:
dist: 3.690419548084674 vs. 3.690419548084674
list:
dist: 0.7089904636400839 vs. 0.7089904636400839
list:
dist: 1.9281195844753876 vs. 1.9281195844753876
list:
dist: 1.7317928862144838 vs. 1.7317928862144838
list:
dist: 1.5632726390310578 vs. 1.5632726390310578
list:
dist: 1.564205652218452 vs. 1.564205652218452
list:
dist: 1.9158608378274933 vs. 1.9158608378274933
list:
dist: 2.2342855121136482 vs. 2.2342855121136482
list:
dist: 0.9895563638832804 vs. 0.9895563638832804
list:
dist: 4.100496432836154 vs. 4.100496432836154
list:
dist: 2.9073828638407697 vs. 2.9073828638407697
list:
dist: 3.2816194204097813 vs. 3.2816194204097813
list:
dist: 2.639788896386307 vs. 2.639788896386307
list:
dist: 1.9447103746743495 vs. 1.9447103746743495
list:
dist: 2.683451952659115 vs. 2.683451952659115
list:
dist: 2.475603981728071 vs. 2.475603981728071
list:
dist: 1.5484474444445142 vs. 1.5484474444445142
list:
dist: 0.6753532849259087 vs. 0.6753532849259087
list:
dist: 1.8661991238728628 vs. 1.8661991238728628
list:
dist: 1.0475418239017003 vs. 1.0475418239017003
list:
dist: 2.333925543512937 vs. 2.333925543512937
list:
dist: 2.57000255025505 vs. 2.57000255025505
list:
dist: 2.0563697941967636 vs. 2.0563697941967636
list:
dist: 3.6771492443601947 vs. 3.6771492443601947
list:
dist: 4.163202101303143 vs. 4.163202101303143
list:
dist: 1.6086966404684966 vs. 1.6086966404684966
list:
dist: 2.156343445751094 vs. 2.156343445751094
list:
dist: 1.6342640408500875 vs. 1.6342640408500875
list:
dist: 1.7317928862144838 vs. 1.7317928862144838
list:
dist: 2.7833816607219246 vs. 2.7833816607219246
list:
dist: 1.1449818847424993 vs. 1.1449818847424993
list:
dist: 0.39510950292251606 vs. 0.39510950292251606
list:
dist: 2.101850864194986 vs. 2.101850864194986
list:
dist: 1.7233718605460064 vs. 1.7233718605460064
list:
dist: 1.745895756576155 vs. 1.745895756576155
list:
dist: 1.8348859050235524 vs. 1.8348859050235524
list:
dist: 2.069545738305692 vs. 2.069545738305692
list:
dist: 2.0600555936392912 vs. 2.0600555936392912
list:
dist: 1.7296102905952013 vs. 1.7296102905952013
list:
dist: 1.9889595553340222 vs. 1.9889595553340222
list:
dist: 1.0042309739443203 vs. 1.0042309739443203
list:
dist: 1.4408033320271072 vs. 1.4408033320271072
list:
dist: 1.9079934107201508 vs. 1.9079934107201508
list:
dist: 1.4669691129750733 vs. 1.4669691129750733
list:
dist: 1.4243036642049287 vs. 1.4243036642049287
list:
dist: 2.405882470180143 vs. 2.405882470180143
list:
dist: 2.671824605059865 vs. 2.671824605059865
list:
dist: 1.6517397575910093 vs. 1.6517397575910093
list:
dist: 2.7771445688744794 vs. 2.7771445688744794
list:
dist: 2.3825945507733346 vs. 2.3825945507733346
list:
dist: 3.331061194502285 vs. 3.331061194502285
list:
dist: 1.5626713251686672 vs. 1.5626713251686672
list:
dist: 1.9447103746743495 vs. 1.9447103746743495
list:
dist: 2.938580081166681 vs. 2.938580081166681
list:
dist: 1.7296102905952013 vs. 1.7296102905952013
list:
dist: 1.2644007798222703 vs. 1.2644007798222703
list:
dist: 1.8560943062871877 vs. 1.8560943062871877
list:
dist: 2.964159576672745 vs. 2.964159576672745
list:
dist: 3.044571598204999 vs. 3.044571598204999
list:
dist: 2.398153634838468 vs. 2.398153634838468
list:
dist: 1.559871587279237 vs. 1.559871587279237
list:
dist: 1.6567707170355075 vs. 1.6567707170355075
list:
dist: 0.7182164221617992 vs. 0.7182164221617992
list:
dist: 0.992849505515151 vs. 0.992849505515151
list:
dist: 1.544591157998642 vs. 1.544591157998642
list:
dist: 0.5310705004370758 vs. 0.5310705004370758
list:
dist: 3.2058733542640807 vs. 3.2058733542640807
list:
dist: 2.355605783008694 vs. 2.355605783008694
list:
dist: 2.1064491613959966 vs. 2.1064491613959966
list:
dist: 1.5676843421352364 vs. 1.5676843421352364
list:
dist: 1.1350964608264504 vs. 1.1350964608264504
list:
dist: 1.0540721077625703 vs. 1.0540721077625703
list:
dist: 0.8923066597991359 vs. 0.8923066597991359
list:
dist: 2.231293615506891 vs. 2.231293615506891
list:
dist: 1.508233214356652 vs. 1.508233214356652
list:
dist: 2.4880661038224305 vs. 2.4880661038224305
list:
dist: 3.499681847228377 vs. 3.499681847228377
list:
dist: 2.2268226117643377 vs. 2.2268226117643377
list:
dist: 2.639788896386307 vs. 2.639788896386307
list:
dist: 3.4889075178118634 vs. 3.4889075178118634
list:
dist: 2.0600555936392912 vs. 2.0600555936392912
list:
dist: 1.684845713915752 vs. 1.684845713915752
list:
dist: 2.258370027623723 vs. 2.258370027623723
list:
dist: 3.452682148005901 vs. 3.452682148005901
list:
dist: 3.4331576683668468 vs. 3.4331576683668468
list:
dist: 3.0048909887867628 vs. 3.0048909887867628
list:
dist: 1.2803725675659081 vs. 1.2803725675659081
list:
dist: 1.114457112937829 vs. 1.114457112937829
list:
dist: 0.7182164221617992 vs. 0.7182164221617992
list:
dist: 0.7086863481916954 vs. 0.7086863481916954
list:
dist: 1.5051466771841326 vs. 1.5051466771841326
list:
dist: 1.1468305132746737 vs. 1.1468305132746737
list:
dist: 2.52637631134809 vs. 2.52637631134809
list:
dist: 3.0272926683548986 vs. 3.0272926683548986
list:
dist: 2.5074588883827174 vs. 2.5074588883827174
list:
dist: 2.1710847380559954 vs. 2.1710847380559954
list:
dist: 1.3882066137990459 vs. 1.3882066137990459
list:
dist: 1.1728788029070447 vs. 1.1728788029070447
list:
dist: 1.1654144360236576 vs. 1.1654144360236576
list:
dist: 1.8790660261019307 vs. 1.8790660261019307
list:
dist: 1.1026281607631152 vs. 1.1026281607631152
list:
dist: 1.967241823297587 vs. 1.967241823297587
list:
dist: 2.0563697941967636 vs. 2.0563697941967636
list:
dist: 3.505713568217101 vs. 3.505713568217101
list:
dist: 1.6517397575910093 vs. 1.6517397575910093
list:
dist: 1.7849196694016056 vs. 1.7849196694016056
list:
dist: 1.6421663256701835 vs. 1.6421663256701835
list:
dist: 3.3435666009263785 vs. 3.3435666009263785
list:
dist: 3.2640472633239725 vs. 3.2640472633239725
list:
dist: 2.6838297135090206 vs. 2.6838297135090206
list:
dist: 2.0500217607598605 vs. 2.0500217607598605
list:
dist: 1.73410487638964 vs. 1.73410487638964
list:
dist: 1.1654144360236576 vs. 1.1654144360236576
list:
dist: 0.8923066597991359 vs. 0.8923066597991359
list:
dist: 0.7511530470313594 vs. 0.7511530470313594
list:
dist: 1.6454928435723226 vs. 1.6454928435723226
list:
dist: 1.1829001398606214 vs. 1.1829001398606214
list:
dist: 3.19797646637729 vs. 3.19797646637729
list:
dist: 2.213261514424353 vs. 2.213261514424353
list:
dist: 1.4421306448359728 vs. 1.4421306448359728
list:
dist: 1.233095781351026 vs. 1.233095781351026
list:
dist: 0.8174562192503041 vs. 0.8174562192503041
list:
dist: 1.221266100856796 vs. 1.221266100856796
list:
dist: 1.6506526146321008 vs. 1.6506526146321008
list:
dist: 1.4339815521698065 vs. 1.4339815521698065
list:
dist: 2.195631841348178 vs. 2.195631841348178
list:
dist: 1.8661991238728628 vs. 1.8661991238728628
list:
dist: 3.6351693615709904 vs. 3.6351693615709904
list:
dist: 1.4669691129750733 vs. 1.4669691129750733
list:
dist: 2.2588635022965877 vs. 2.2588635022965877
list:
dist: 1.1477739280010986 vs. 1.1477739280010986
list:
dist: 3.15736588049978 vs. 3.15736588049978
list:
dist: 2.8997569840210677 vs. 2.8997569840210677
list:
dist: 2.4658252277693657 vs. 2.4658252277693657
list:
dist: 2.933350540603079 vs. 2.933350540603079
list:
dist: 2.7146654918743383 vs. 2.7146654918743383
list:
dist: 2.5074588883827174 vs. 2.5074588883827174
list:
dist: 2.1064491613959966 vs. 2.1064491613959966
list:
dist: 2.073263943484445 vs. 2.073263943484445
list:
dist: 2.1176335603870915 vs. 2.1176335603870915
list:
dist: 2.051749020599506 vs. 2.051749020599506
list:
dist: 1.5930370024321003 vs. 1.5930370024321003
list:
dist: 0.9406451976690458 vs. 0.9406451976690458
list:
dist: 2.009583305996704 vs. 2.009583305996704
list:
dist: 2.561763659781775 vs. 2.561763659781775
list:
dist: 1.4421306448359728 vs. 1.4421306448359728
list:
dist: 2.4552993402221475 vs. 2.4552993402221475
list:
dist: 4.2217572258614595 vs. 4.2217572258614595
list:
dist: 1.9680278898483965 vs. 1.9680278898483965
list:
dist: 2.425053321835192 vs. 2.425053321835192
list:
dist: 1.6322700235220484 vs. 1.6322700235220484
list:
dist: 1.564205652218452 vs. 1.564205652218452
list:
dist: 2.849980770733621 vs. 2.849980770733621
list:
dist: 0.39510950292251606 vs. 0.39510950292251606
list:
dist: 1.387045049450056 vs. 1.387045049450056
list:
dist: 2.180198238005426 vs. 2.180198238005426
list:
dist: 1.8291926284775095 vs. 1.8291926284775095
list:
dist: 1.7055196202413652 vs. 1.7055196202413652
list:
dist: 2.19506765985583 vs. 2.19506765985583
list:
dist: 2.343732189376513 vs. 2.343732189376513
list:
dist: 2.258370027623723 vs. 2.258370027623723
list:
dist: 1.8560943062871877 vs. 1.8560943062871877
list:
dist: 2.103359987575301 vs. 2.103359987575301
list:
dist: 1.3551338417504841 vs. 1.3551338417504841
list:
dist: 1.5787293219589291 vs. 1.5787293219589291
list:
dist: 1.616010602476893 vs. 1.616010602476893
list:
dist: 1.1477739280010986 vs. 1.1477739280010986
list:
dist: 1.1764218649924547 vs. 1.1764218649924547
list:
dist: 2.3721319602189945 vs. 2.3721319602189945
list:
dist: 2.7155786297601043 vs. 2.7155786297601043
list:
dist: 1.6421663256701835 vs. 1.6421663256701835
list:
dist: 2.8264859106651277 vs. 2.8264859106651277
list:
dist: 3.5763153256682156 vs. 3.5763153256682156
list:
dist: 3.6771492443601947 vs. 3.6771492443601947
list:
dist: 5.054794917875173 vs. 5.054794917875173
list:
dist: 2.7771445688744794 vs. 2.7771445688744794
list:
dist: 3.135605832816508 vs. 3.135605832816508
list:
dist: 2.8264859106651277 vs. 2.8264859106651277
list:
dist: 4.7577093662400545 vs. 4.7577093662400545
list:
dist: 4.475359474087788 vs. 4.475359474087788
list:
dist: 4.224658073929278 vs. 4.224658073929278
list:
dist: 2.6452716768435285 vs. 2.6452716768435285
list:
dist: 1.6851625864582565 vs. 1.6851625864582565
list:
dist: 1.8790660261019307 vs. 1.8790660261019307
list:
dist: 2.231293615506891 vs. 2.231293615506891
list:
dist: 1.2510800488962437 vs. 1.2510800488962437
list:
dist: 2.346312721656265 vs. 2.346312721656265
list:
dist: 2.6466392284544953 vs. 2.6466392284544953
list:
dist: 2.229111548065448 vs. 2.229111548065448
list:
dist: 3.739989199567489 vs. 3.739989199567489
list:
dist: 2.4552993402221475 vs. 2.4552993402221475
list:
dist: 2.7507414843361375 vs. 2.7507414843361375
list:
dist: 1.8776170619246004 vs. 1.8776170619246004
list:
dist: 2.128299658082456 vs. 2.128299658082456
list:
dist: 1.6506526146321008 vs. 1.6506526146321008
list:
dist: 1.3844304059656252 vs. 1.3844304059656252
list:
dist: 1.4484795697918846 vs. 1.4484795697918846
list:
dist: 2.4698106784547433 vs. 2.4698106784547433
list:
dist: 2.3780864250571025 vs. 2.3780864250571025
list:
dist: 2.9073828638407697 vs. 2.9073828638407697
list:
dist: 3.2327590278350713 vs. 3.2327590278350713
list:
dist: 1.8348859050235524 vs. 1.8348859050235524
list:
dist: 1.4198980714559915 vs. 1.4198980714559915
list:
dist: 2.19506765985583 vs. 2.19506765985583
list:
dist: 2.9373913706923145 vs. 2.9373913706923145
list:
dist: 2.765987132626221 vs. 2.765987132626221
list:
dist: 2.843445832387965 vs. 2.843445832387965
list:
dist: 1.0547339275237277 vs. 1.0547339275237277
list:
dist: 1.2803725675659081 vs. 1.2803725675659081
list:
dist: 1.559871587279237 vs. 1.559871587279237
list:
dist: 1.7135450377446217 vs. 1.7135450377446217
list:
dist: 0.9689251930463367 vs. 0.9689251930463367
list:
dist: 1.545642018216812 vs. 1.545642018216812
list:
dist: 2.4629700960064618 vs. 2.4629700960064618
list:
dist: 3.3603640643019377 vs. 3.3603640643019377
list:
dist: 2.933350540603079 vs. 2.933350540603079
list:
dist: 2.687491838496154 vs. 2.687491838496154
list:
dist: 2.561701837583508 vs. 2.561701837583508
list:
dist: 2.4107522889645066 vs. 2.4107522889645066
list:
dist: 2.0500217607598605 vs. 2.0500217607598605
list:
dist: 2.6452716768435285 vs. 2.6452716768435285
list:
dist: 2.296227102032211 vs. 2.296227102032211
list:
dist: 2.310032367311307 vs. 2.310032367311307
list:
dist: 3.240270379192572 vs. 3.240270379192572
list:
dist: 2.9068972026524427 vs. 2.9068972026524427
list:
dist: 3.2816194204097813 vs. 3.2816194204097813
list:
dist: 4.070378657225569 vs. 4.070378657225569
list:
dist: 2.069545738305692 vs. 2.069545738305692
list:
dist: 2.0909890637622706 vs. 2.0909890637622706
list:
dist: 2.343732189376513 vs. 2.343732189376513
list:
dist: 3.7283498085640625 vs. 3.7283498085640625
list:
dist: 3.4472605580880855 vs. 3.4472605580880855
list:
dist: 3.465751595237536 vs. 3.465751595237536
list:
dist: 1.0547339275237277 vs. 1.0547339275237277
list:
dist: 1.114457112937829 vs. 1.114457112937829
list:
dist: 1.6567707170355075 vs. 1.6567707170355075
list:
dist: 1.1494745234039332 vs. 1.1494745234039332
list:
dist: 1.1623560516070672 vs. 1.1623560516070672
list:
dist: 1.9048507979083655 vs. 1.9048507979083655
list:
dist: 1.6845062615929376 vs. 1.6845062615929376
list:
dist: 3.5900102930544464 vs. 3.5900102930544464
list:
dist: 2.7146654918743383 vs. 2.7146654918743383
list:
dist: 2.716804912638358 vs. 2.716804912638358
list:
dist: 2.241074114896311 vs. 2.241074114896311
list:
dist: 2.1964338664722787 vs. 2.1964338664722787
list:
dist: 1.73410487638964 vs. 1.73410487638964
list:
dist: 1.6851625864582565 vs. 1.6851625864582565
list:
dist: 1.6914544187422258 vs. 1.6914544187422258
list:
dist: 3.564732752754127 vs. 3.564732752754127
list:
dist: 3.561906479355647 vs. 3.561906479355647
list:
dist: 1.0479748935600421 vs. 1.0479748935600421
list:
dist: 2.2082023594766915 vs. 2.2082023594766915
list:
dist: 2.676360011449264 vs. 2.676360011449264
list:
dist: 2.5287003676319886 vs. 2.5287003676319886
list:
dist: 1.6086966404684966 vs. 1.6086966404684966
list:
dist: 1.3297118988838603 vs. 1.3297118988838603
list:
dist: 1.9680278898483965 vs. 1.9680278898483965
list:
dist: 1.838107695238843 vs. 1.838107695238843
list:
dist: 1.511663077406786 vs. 1.511663077406786
list:
dist: 2.1465710727282046 vs. 2.1465710727282046
list:
dist: 1.4484795697918846 vs. 1.4484795697918846
list:
dist: 2.310032367311307 vs. 2.310032367311307
list:
dist: 2.4880661038224305 vs. 2.4880661038224305
list:
dist: 2.3825945507733346 vs. 2.3825945507733346
list:
dist: 2.806436645572076 vs. 2.806436645572076
list:
dist: 1.3980274082466961 vs. 1.3980274082466961
list:
dist: 2.0327166420529537 vs. 2.0327166420529537
list:
dist: 2.0327166420529537 vs. 2.0327166420529537
list:
dist: 2.9283944605882515 vs. 2.9283944605882515
list:
dist: 1.081704218963384 vs. 1.081704218963384
list:
dist: 1.5484474444445142 vs. 1.5484474444445142
list:
dist: 2.4399748028148225 vs. 2.4399748028148225
list:
dist: 1.4408033320271072 vs. 1.4408033320271072
list:
dist: 0.7859667184145337 vs. 0.7859667184145337
list:
dist: 1.5787293219589291 vs. 1.5787293219589291
list:
dist: 2.436934429832051 vs. 2.436934429832051
list:
dist: 2.5656708485423514 vs. 2.5656708485423514
list:
dist: 1.885074088311446 vs. 1.885074088311446
list:
dist: 1.545642018216812 vs. 1.545642018216812
list:
dist: 1.9048507979083655 vs. 1.9048507979083655
list:
dist: 1.1468305132746737 vs. 1.1468305132746737
list:
dist: 0.5310705004370758 vs. 0.5310705004370758
list:
dist: 1.4351585975927168 vs. 1.4351585975927168
list:
dist: 1.4525877127976958 vs. 1.4525877127976958
list:
dist: 3.537665572521204 vs. 3.537665572521204
list:
dist: 2.038553654330152 vs. 2.038553654330152
list:
dist: 2.051749020599506 vs. 2.051749020599506
list:
dist: 1.4078851201425053 vs. 1.4078851201425053
list:
dist: 1.537339697694596 vs. 1.537339697694596
list:
dist: 1.5158467835503429 vs. 1.5158467835503429
list:
dist: 1.1829001398606214 vs. 1.1829001398606214
list:
dist: 2.6466392284544953 vs. 2.6466392284544953
list:
dist: 2.037167965040087 vs. 2.037167965040087
list:
dist: 2.806436645572076 vs. 2.806436645572076
list:
dist: 3.7425472808220848 vs. 3.7425472808220848
list:
dist: 2.4430939178046303 vs. 2.4430939178046303
list:
dist: 2.683451952659115 vs. 2.683451952659115
list:
dist: 3.871081790304357 vs. 3.871081790304357
list:
dist: 1.9889595553340222 vs. 1.9889595553340222
list:
dist: 1.9986603450437095 vs. 1.9986603450437095
list:
dist: 2.103359987575301 vs. 2.103359987575301
list:
dist: 3.7121268571138684 vs. 3.7121268571138684
list:
dist: 3.5875770974913728 vs. 3.5875770974913728
list:
dist: 3.178348659294354 vs. 3.178348659294354
list:
dist: 1.7135450377446217 vs. 1.7135450377446217
list:
dist: 1.1494745234039332 vs. 1.1494745234039332
list:
dist: 0.7086863481916954 vs. 0.7086863481916954
list:
dist: 0.992849505515151 vs. 0.992849505515151
list:
dist: 1.5593060574413466 vs. 1.5593060574413466
list:
dist: 1.4351585975927168 vs. 1.4351585975927168
list:
dist: 2.4897225402527106 vs. 2.4897225402527106
list:
dist: 2.920599307825786 vs. 2.920599307825786
list:
dist: 2.073263943484445 vs. 2.073263943484445
list:
dist: 1.9579169401391086 vs. 1.9579169401391086
list:
dist: 1.109624250081648 vs. 1.109624250081648
list:
dist: 1.2091616031402193 vs. 1.2091616031402193
list:
dist: 0.7511530470313594 vs. 0.7511530470313594
list:
dist: 1.2510800488962437 vs. 1.2510800488962437
list:
dist: 0.91118836346833 vs. 0.91118836346833
list:
dist: 1.3633895812709937 vs. 1.3633895812709937
list:
dist: 1.0475418239017003 vs. 1.0475418239017003
list:
dist: 2.8752274911913265 vs. 2.8752274911913265
list:
dist: 1.4243036642049287 vs. 1.4243036642049287
list:
dist: 1.7116206053806768 vs. 1.7116206053806768
list:
dist: 1.1764218649924547 vs. 1.1764218649924547
list:
dist: 2.6615584209550427 vs. 2.6615584209550427
list:
dist: 2.6713295568903135 vs. 2.6713295568903135
list:
dist: 1.839135603353463 vs. 1.839135603353463
list:
dist: 2.687491838496154 vs. 2.687491838496154
list:
dist: 2.716804912638358 vs. 2.716804912638358
list:
dist: 2.1710847380559954 vs. 2.1710847380559954
list:
dist: 1.5676843421352364 vs. 1.5676843421352364
list:
dist: 1.9579169401391086 vs. 1.9579169401391086
list:
dist: 2.0861073498298612 vs. 2.0861073498298612
list:
dist: 1.4078851201425053 vs. 1.4078851201425053
list:
dist: 0.9949837990040221 vs. 0.9949837990040221
list:
dist: 0.9406451976690458 vs. 0.9406451976690458
list:
dist: 1.627992814524856 vs. 1.627992814524856
list:
dist: 2.067116450783937 vs. 2.067116450783937
list:
dist: 1.233095781351026 vs. 1.233095781351026
list:
dist: 2.7507414843361375 vs. 2.7507414843361375
list:
dist: 2.4629700960064618 vs. 2.4629700960064618
list:
dist: 1.6845062615929376 vs. 1.6845062615929376
list:
dist: 2.52637631134809 vs. 2.52637631134809
list:
dist: 3.2058733542640807 vs. 3.2058733542640807
list:
dist: 2.4897225402527106 vs. 2.4897225402527106
list:
dist: 2.7473167497563717 vs. 2.7473167497563717
list:
dist: 3.537665572521204 vs. 3.537665572521204
list:
dist: 3.19797646637729 vs. 3.19797646637729
list:
dist: 2.229111548065448 vs. 2.229111548065448
list:
dist: 2.5097753069704094 vs. 2.5097753069704094
list:
dist: 2.2523690356456174 vs. 2.2523690356456174
list:
dist: 2.333925543512937 vs. 2.333925543512937
list:
dist: 3.7591053824217457 vs. 3.7591053824217457
list:
dist: 2.405882470180143 vs. 2.405882470180143
list:
dist: 2.2920472146092563 vs. 2.2920472146092563
list:
dist: 2.3721319602189945 vs. 2.3721319602189945
list:
dist: 3.8382971370172463 vs. 3.8382971370172463
list:
dist: 3.9064327843872624 vs. 3.9064327843872624
list:
dist: 3.1001723734651523 vs. 3.1001723734651523
list:
dist: 3.852840543864474 vs. 3.852840543864474
list:
dist: 2.561701837583508 vs. 2.561701837583508
list:
dist: 2.241074114896311 vs. 2.241074114896311
list:
dist: 1.3882066137990459 vs. 1.3882066137990459
list:
dist: 1.1350964608264504 vs. 1.1350964608264504
list:
dist: 1.109624250081648 vs. 1.109624250081648
list:
dist: 2.3781654039493185 vs. 2.3781654039493185
list:
dist: 1.537339697694596 vs. 1.537339697694596
list:
dist: 4.4973604189249095 vs. 4.4973604189249095
list:
dist: 2.5042788722065756 vs. 2.5042788722065756
list:
dist: 2.009583305996704 vs. 2.009583305996704
list:
dist: 1.627992814524856 vs. 1.627992814524856
list:
dist: 0.6426440352109904 vs. 0.6426440352109904
list:
dist: 0.8174562192503041 vs. 0.8174562192503041
list:
dist: 1.8776170619246004 vs. 1.8776170619246004
list:
dist: 1.1962342276441944 vs. 1.1962342276441944
list:
dist: 3.723266051210214 vs. 3.723266051210214
list:
dist: 1.3711553076839174 vs. 1.3711553076839174
list:
dist: 0.6753532849259087 vs. 0.6753532849259087
list:
dist: 2.4825402251058857 vs. 2.4825402251058857
list:
dist: 1.9079934107201508 vs. 1.9079934107201508
list:
dist: 2.0935233980674663 vs. 2.0935233980674663
list:
dist: 1.616010602476893 vs. 1.616010602476893
list:
dist: 2.3108751233670106 vs. 2.3108751233670106
list:
dist: 2.4844036797501574 vs. 2.4844036797501574
list:
dist: 1.420068755742069 vs. 1.420068755742069
list:
dist: 4.491654071304467 vs. 4.491654071304467
list:
dist: 3.3603640643019377 vs. 3.3603640643019377
list:
dist: 3.5900102930544464 vs. 3.5900102930544464
list:
dist: 3.0272926683548986 vs. 3.0272926683548986
list:
dist: 2.355605783008694 vs. 2.355605783008694
list:
dist: 2.920599307825786 vs. 2.920599307825786
list:
dist: 2.775502575881863 vs. 2.775502575881863
list:
dist: 2.038553654330152 vs. 2.038553654330152
list:
dist: 1.5930370024321003 vs. 1.5930370024321003
list:
dist: 0.9949837990040221 vs. 0.9949837990040221
list:
dist: 2.5042788722065756 vs. 2.5042788722065756
list:
dist: 2.8753588148380174 vs. 2.8753588148380174
list:
dist: 2.213261514424353 vs. 2.213261514424353
list:
dist: 3.739989199567489 vs. 3.739989199567489
list:
dist: 2.3259238650777725 vs. 2.3259238650777725
list:
dist: 2.57000255025505 vs. 2.57000255025505
list:
dist: 3.697825686362379 vs. 3.697825686362379
list:
dist: 2.671824605059865 vs. 2.671824605059865
list:
dist: 2.293261937891452 vs. 2.293261937891452
list:
dist: 2.7155786297601043 vs. 2.7155786297601043
list:
dist: 3.9121721297813257 vs. 3.9121721297813257
list:
dist: 4.058583413915708 vs. 4.058583413915708
list:
dist: 3.2410924023121748 vs. 3.2410924023121748
list:
dist: 3.4910770648444873 vs. 3.4910770648444873
list:
dist: 2.4107522889645066 vs. 2.4107522889645066
list:
dist: 2.1964338664722787 vs. 2.1964338664722787
list:
dist: 1.1728788029070447 vs. 1.1728788029070447
list:
dist: 1.0540721077625703 vs. 1.0540721077625703
list:
dist: 1.2091616031402193 vs. 1.2091616031402193
list:
dist: 2.47903387215704 vs. 2.47903387215704
list:
dist: 1.5158467835503429 vs. 1.5158467835503429
list:
dist: 3.9933812513928864 vs. 3.9933812513928864
list:
dist: 2.8753588148380174 vs. 2.8753588148380174
list:
dist: 2.561763659781775 vs. 2.561763659781775
list:
dist: 2.067116450783937 vs. 2.067116450783937
list:
dist: 0.6426440352109904 vs. 0.6426440352109904
list:
dist: 1.221266100856796 vs. 1.221266100856796
list:
dist: 2.128299658082456 vs. 2.128299658082456
list:
dist: 1.0075685765232407 vs. 1.0075685765232407
list:
dist: 2.296227102032211 vs. 2.296227102032211
list:
dist: 1.6914544187422258 vs. 1.6914544187422258
list:
dist: 1.1026281607631152 vs. 1.1026281607631152
list:
dist: 1.508233214356652 vs. 1.508233214356652
list:
dist: 0.91118836346833 vs. 0.91118836346833
list:
dist: 2.404522683401838 vs. 2.404522683401838
list:
dist: 2.037167965040087 vs. 2.037167965040087
list:
dist: 2.5097753069704094 vs. 2.5097753069704094
list:
dist: 1.1962342276441944 vs. 1.1962342276441944
list:
dist: 1.0075685765232407 vs. 1.0075685765232407
list:
dist: 1.4339815521698065 vs. 1.4339815521698065
list:
dist: 1.3844304059656252 vs. 1.3844304059656252
list:
dist: 2.779923741889347 vs. 2.779923741889347
list:
dist: 2.1465710727282046 vs. 2.1465710727282046
list:
dist: 2.3879321591332956 vs. 2.3879321591332956
list:
dist: 0.9463538624392096 vs. 0.9463538624392096
list:
dist: 0.9895563638832804 vs. 0.9895563638832804
list:
dist: 1.2681892457424735 vs. 1.2681892457424735
list:
dist: 1.745895756576155 vs. 1.745895756576155
list:
dist: 1.4507159388108322 vs. 1.4507159388108322
list:
dist: 1.7055196202413652 vs. 1.7055196202413652
list:
dist: 0.933405037975618 vs. 0.933405037975618
list:
dist: 1.4195192897629354 vs. 1.4195192897629354
list:
dist: 2.843445832387965 vs. 2.843445832387965
list:
dist: 3.465751595237536 vs. 3.465751595237536
list:
dist: 3.0048909887867628 vs. 3.0048909887867628
list:
dist: 2.398153634838468 vs. 2.398153634838468
list:
dist: 3.178348659294354 vs. 3.178348659294354
list:
dist: 2.4742922698032643 vs. 2.4742922698032643
list:
dist: 1.885074088311446 vs. 1.885074088311446
list:
dist: 1.420068755742069 vs. 1.420068755742069
list:
dist: 2.4658252277693657 vs. 2.4658252277693657
list:
dist: 1.839135603353463 vs. 1.839135603353463
list:
dist: 3.1001723734651523 vs. 3.1001723734651523
list:
dist: 3.2410924023121748 vs. 3.2410924023121748
list:
dist: 2.6838297135090206 vs. 2.6838297135090206
list:
dist: 4.224658073929278 vs. 4.224658073929278
list:
dist: 1.213919845383992 vs. 1.213919845383992
list:
dist: 1.4235705886610477 vs. 1.4235705886610477
list:
dist: 1.3234634528409046 vs. 1.3234634528409046
list:
dist: 0.9444944950341795 vs. 0.9444944950341795
list:
dist: 0.489419947579069 vs. 0.489419947579069
list:
dist: 2.506868576563878 vs. 2.506868576563878
list:
dist: 2.106949687737603 vs. 2.106949687737603
list:
dist: 2.5056966299649757 vs. 2.5056966299649757
list:
dist: 1.984243987522291 vs. 1.984243987522291
list:
dist: 3.142656797139202 vs. 3.142656797139202
list:
dist: 1.9433231476757586 vs. 1.9433231476757586
list:
dist: 3.3357262425299194 vs. 3.3357262425299194
list:
dist: 2.1671185250049163 vs. 2.1671185250049163
list:
dist: 1.7892414454773107 vs. 1.7892414454773107
list:
dist: 1.724678197439073 vs. 1.724678197439073
list:
dist: 1.0862465479177885 vs. 1.0862465479177885
list:
dist: 1.6516306504429334 vs. 1.6516306504429334
list:
dist: 1.0393547553556859 vs. 1.0393547553556859
list:
dist: 2.279233105660018 vs. 2.279233105660018
list:
dist: 0.820543764683991 vs. 0.820543764683991
list:
dist: 3.8315665157733028 vs. 3.8315665157733028
list:
dist: 3.7247237905833077 vs. 3.7247237905833077
list:
dist: 4.221272703376815 vs. 4.221272703376815
list:
dist: 4.260131431656713 vs. 4.260131431656713
list:
dist: 3.8637089928162944 vs. 3.8637089928162944
list:
dist: 4.01757317779786 vs. 4.01757317779786
list:
dist: 3.6387866338080572 vs. 3.6387866338080572
list:
dist: 3.3357262425299194 vs. 3.3357262425299194
list:
dist: 2.6039800967887095 vs. 2.6039800967887095
list:
dist: 2.265643350781615 vs. 2.265643350781615
list:
dist: 0.9373734900547352 vs. 0.9373734900547352
list:
dist: 1.7521984683071534 vs. 1.7521984683071534
list:
dist: 1.5668738102613573 vs. 1.5668738102613573
list:
dist: 1.5210048516769485 vs. 1.5210048516769485
list:
dist: 2.0223876146297153 vs. 2.0223876146297153
list:
dist: 2.107435246899775 vs. 2.107435246899775
list:
dist: 3.2885911471902434 vs. 3.2885911471902434
list:
dist: 2.6903785508622153 vs. 2.6903785508622153
list:
dist: 2.2726683650290194 vs. 2.2726683650290194
list:
dist: 2.5767775645352193 vs. 2.5767775645352193
list:
dist: 2.302594994015495 vs. 2.302594994015495
list:
dist: 2.6852857488758066 vs. 2.6852857488758066
list:
dist: 1.468423402749607 vs. 1.468423402749607
list:
dist: 1.0748050282911308 vs. 1.0748050282911308
list:
dist: 1.7152969521984327 vs. 1.7152969521984327
list:
dist: 3.313588630616858 vs. 3.313588630616858
list:
dist: 3.0783014458622766 vs. 3.0783014458622766
list:
dist: 2.7238491942796226 vs. 2.7238491942796226
list:
dist: 3.608513095794228 vs. 3.608513095794228
list:
dist: 3.98608712888111 vs. 3.98608712888111
list:
dist: 3.335880387812994 vs. 3.335880387812994
list:
dist: 3.8845895297329385 vs. 3.8845895297329385
list:
dist: 3.301118714863443 vs. 3.301118714863443
list:
dist: 3.142656797139202 vs. 3.142656797139202
list:
dist: 1.8814812919244923 vs. 1.8814812919244923
list:
dist: 1.2223792805863083 vs. 1.2223792805863083
list:
dist: 1.45755361911459 vs. 1.45755361911459
list:
dist: 2.2130684426512675 vs. 2.2130684426512675
list:
dist: 1.8932638561878 vs. 1.8932638561878
list:
dist: 1.5668738102613573 vs. 1.5668738102613573
list:
dist: 1.1269642929229233 vs. 1.1269642929229233
list:
dist: 1.4829057043746896 vs. 1.4829057043746896
list:
dist: 3.263193186264354 vs. 3.263193186264354
list:
dist: 2.4804433750274932 vs. 2.4804433750274932
list:
dist: 2.5052754824975216 vs. 2.5052754824975216
list:
dist: 2.2026016963245 vs. 2.2026016963245
list:
dist: 2.3516633604798023 vs. 2.3516633604798023
list:
dist: 2.7012264890185484 vs. 2.7012264890185484
list:
dist: 1.2096093128622332 vs. 1.2096093128622332
list:
dist: 1.8439796080166333 vs. 1.8439796080166333
list:
dist: 1.291230781027693 vs. 1.291230781027693
list:
dist: 3.2448225811376155 vs. 3.2448225811376155
list:
dist: 1.6812534642507628 vs. 1.6812534642507628
list:
dist: 2.2762233517391692 vs. 2.2762233517391692
list:
dist: 1.8317349258273163 vs. 1.8317349258273163
list:
dist: 1.6828939440641415 vs. 1.6828939440641415
list:
dist: 1.319684796133515 vs. 1.319684796133515
list:
dist: 1.0393547553556859 vs. 1.0393547553556859
list:
dist: 2.9831873926217125 vs. 2.9831873926217125
list:
dist: 1.2568694815996284 vs. 1.2568694815996284
list:
dist: 1.6937588175909877 vs. 1.6937588175909877
list:
dist: 1.3540435719080834 vs. 1.3540435719080834
list:
dist: 2.2026016963245 vs. 2.2026016963245
list:
dist: 1.2367562622101074 vs. 1.2367562622101074
list:
dist: 2.5767775645352193 vs. 2.5767775645352193
list:
dist: 1.1613051296628862 vs. 1.1613051296628862
list:
dist: 1.1094760199738107 vs. 1.1094760199738107
list:
dist: 1.4877225407728518 vs. 1.4877225407728518
list:
dist: 0.46699738585234624 vs. 0.46699738585234624
list:
dist: 1.1130896660990386 vs. 1.1130896660990386
list:
dist: 1.500192746400173 vs. 1.500192746400173
list:
dist: 0.7114019430556219 vs. 0.7114019430556219
list:
dist: 2.941740673003061 vs. 2.941740673003061
list:
dist: 2.8129174082930644 vs. 2.8129174082930644
list:
dist: 1.810392896616404 vs. 1.810392896616404
list:
dist: 2.36436482433132 vs. 2.36436482433132
list:
dist: 3.722703079557944 vs. 3.722703079557944
list:
dist: 2.8797358152071455 vs. 2.8797358152071455
list:
dist: 2.5679763585782536 vs. 2.5679763585782536
list:
dist: 3.189222908333244 vs. 3.189222908333244
list:
dist: 2.558345029810537 vs. 2.558345029810537
list:
dist: 2.8240389226450526 vs. 2.8240389226450526
list:
dist: 2.3497376268596257 vs. 2.3497376268596257
list:
dist: 2.1671185250049163 vs. 2.1671185250049163
list:
dist: 2.280915898653121 vs. 2.280915898653121
list:
dist: 0.5776266420846456 vs. 0.5776266420846456
list:
dist: 1.3269175173092447 vs. 1.3269175173092447
list:
dist: 1.611842591434088 vs. 1.611842591434088
list:
dist: 1.1269642929229233 vs. 1.1269642929229233
list:
dist: 1.3542641458262266 vs. 1.3542641458262266
list:
dist: 2.0223876146297153 vs. 2.0223876146297153
list:
dist: 0.9327995228148637 vs. 0.9327995228148637
list:
dist: 2.2527073645647717 vs. 2.2527073645647717
list:
dist: 1.43474030063271 vs. 1.43474030063271
list:
dist: 1.6811900603817103 vs. 1.6811900603817103
list:
dist: 1.1613051296628862 vs. 1.1613051296628862
list:
dist: 1.5955857173238694 vs. 1.5955857173238694
list:
dist: 1.7607260491168113 vs. 1.7607260491168113
list:
dist: 1.9417623831817548 vs. 1.9417623831817548
list:
dist: 2.1694240092359545 vs. 2.1694240092359545
list:
dist: 1.0197216948538546 vs. 1.0197216948538546
list:
dist: 2.4832570541566747 vs. 2.4832570541566747
list:
dist: 1.306487065238621 vs. 1.306487065238621
list:
dist: 0.8382513305886649 vs. 0.8382513305886649
list:
dist: 2.0176372720899103 vs. 2.0176372720899103
list:
dist: 0.8899337303837005 vs. 0.8899337303837005
list:
dist: 1.3234634528409046 vs. 1.3234634528409046
list:
dist: 3.574208563874582 vs. 3.574208563874582
list:
dist: 2.19262060574885 vs. 2.19262060574885
list:
dist: 3.19141932261739 vs. 3.19141932261739
list:
dist: 2.9872982653428926 vs. 2.9872982653428926
list:
dist: 3.335880387812994 vs. 3.335880387812994
list:
dist: 2.797477146809235 vs. 2.797477146809235
list:
dist: 3.8637089928162944 vs. 3.8637089928162944
list:
dist: 2.558345029810537 vs. 2.558345029810537
list:
dist: 1.8936858401328371 vs. 1.8936858401328371
list:
dist: 2.955309106911318 vs. 2.955309106911318
list:
dist: 2.143787667250719 vs. 2.143787667250719
list:
dist: 2.7870212041947 vs. 2.7870212041947
list:
dist: 1.8317349258273163 vs. 1.8317349258273163
list:
dist: 3.323666642521828 vs. 3.323666642521828
list:
dist: 1.9954357377832463 vs. 1.9954357377832463
list:
dist: 2.966399094040881 vs. 2.966399094040881
list:
dist: 2.2885879428916396 vs. 2.2885879428916396
list:
dist: 1.6765471046682112 vs. 1.6765471046682112
list:
dist: 2.4349346664212104 vs. 2.4349346664212104
list:
dist: 1.2096093128622332 vs. 1.2096093128622332
list:
dist: 2.251674605113144 vs. 2.251674605113144
list:
dist: 1.468423402749607 vs. 1.468423402749607
list:
dist: 1.9417623831817548 vs. 1.9417623831817548
list:
dist: 2.517994051131178 vs. 2.517994051131178
list:
dist: 3.561690670496506 vs. 3.561690670496506
list:
dist: 3.058634190031811 vs. 3.058634190031811
list:
dist: 2.8068197701726625 vs. 2.8068197701726625
list:
dist: 2.941740673003061 vs. 2.941740673003061
list:
dist: 2.4099785106644322 vs. 2.4099785106644322
list:
dist: 3.3058818032815456 vs. 3.3058818032815456
list:
dist: 1.0863385551756661 vs. 1.0863385551756661
list:
dist: 1.3096102297715169 vs. 1.3096102297715169
list:
dist: 3.108554599935406 vs. 3.108554599935406
list:
dist: 1.5861059834507447 vs. 1.5861059834507447
list:
dist: 1.1902419517454792 vs. 1.1902419517454792
list:
dist: 1.8374174291251775 vs. 1.8374174291251775
list:
dist: 2.6183115583175662 vs. 2.6183115583175662
list:
dist: 3.2212285598935617 vs. 3.2212285598935617
list:
dist: 1.8814812919244923 vs. 1.8814812919244923
list:
dist: 2.8273529169473264 vs. 2.8273529169473264
list:
dist: 2.6039800967887095 vs. 2.6039800967887095
list:
dist: 2.280915898653121 vs. 2.280915898653121
list:
dist: 1.6900151831093406 vs. 1.6900151831093406
list:
dist: 2.966399094040881 vs. 2.966399094040881
list:
dist: 3.4193334468083068 vs. 3.4193334468083068
list:
dist: 2.9907539391229467 vs. 2.9907539391229467
list:
dist: 1.6161402581020767 vs. 1.6161402581020767
list:
dist: 1.306487065238621 vs. 1.306487065238621
list:
dist: 1.3195934627229409 vs. 1.3195934627229409
list:
dist: 0.9403442358110576 vs. 0.9403442358110576
list:
dist: 1.213919845383992 vs. 1.213919845383992
list:
dist: 2.6146310224083744 vs. 2.6146310224083744
list:
dist: 2.4125765084207327 vs. 2.4125765084207327
list:
dist: 3.368821473434021 vs. 3.368821473434021
list:
dist: 2.9414472829467524 vs. 2.9414472829467524
list:
dist: 3.608513095794228 vs. 3.608513095794228
list:
dist: 2.8851785910679064 vs. 2.8851785910679064
list:
dist: 4.221272703376815 vs. 4.221272703376815
list:
dist: 2.5679763585782536 vs. 2.5679763585782536
list:
dist: 2.343397413783125 vs. 2.343397413783125
list:
dist: 2.2403435686366553 vs. 2.2403435686366553
list:
dist: 1.7825536467327714 vs. 1.7825536467327714
list:
dist: 2.5486258744367856 vs. 2.5486258744367856
list:
dist: 1.6812534642507628 vs. 1.6812534642507628
list:
dist: 2.919058610502926 vs. 2.919058610502926
list:
dist: 1.8572015302210376 vs. 1.8572015302210376
list:
dist: 4.365880115404634 vs. 4.365880115404634
list:
dist: 3.6735520971796123 vs. 3.6735520971796123
list:
dist: 2.8851785910679064 vs. 2.8851785910679064
list:
dist: 3.1164038418583053 vs. 3.1164038418583053
list:
dist: 2.797477146809235 vs. 2.797477146809235
list:
dist: 2.5184159224385008 vs. 2.5184159224385008
list:
dist: 2.327543326021095 vs. 2.327543326021095
list:
dist: 1.9433231476757586 vs. 1.9433231476757586
list:
dist: 2.8273529169473264 vs. 2.8273529169473264
list:
dist: 1.677990926983592 vs. 1.677990926983592
list:
dist: 0.6385264876820822 vs. 0.6385264876820822
list:
dist: 0.3956212337492939 vs. 0.3956212337492939
list:
dist: 1.8932638561878 vs. 1.8932638561878
list:
dist: 1.5210048516769485 vs. 1.5210048516769485
list:
dist: 1.3542641458262266 vs. 1.3542641458262266
list:
dist: 1.4262482064970579 vs. 1.4262482064970579
list:
dist: 1.841502976043158 vs. 1.841502976043158
list:
dist: 1.2260482026744308 vs. 1.2260482026744308
list:
dist: 0.8038282885096665 vs. 0.8038282885096665
list:
dist: 1.2367562622101074 vs. 1.2367562622101074
list:
dist: 1.1800985214001745 vs. 1.1800985214001745
list:
dist: 1.2008754255667553 vs. 1.2008754255667553
list:
dist: 2.251674605113144 vs. 2.251674605113144
list:
dist: 1.7859729964027644 vs. 1.7859729964027644
list:
dist: 1.3781172388955638 vs. 1.3781172388955638
list:
dist: 2.307935506973897 vs. 2.307935506973897
list:
dist: 2.6146310224083744 vs. 2.6146310224083744
list:
dist: 3.3684108247423343 vs. 3.3684108247423343
list:
dist: 3.574208563874582 vs. 3.574208563874582
list:
dist: 1.590812731446251 vs. 1.590812731446251
list:
dist: 2.737918976201268 vs. 2.737918976201268
list:
dist: 2.506868576563878 vs. 2.506868576563878
list:
dist: 1.9103753420468443 vs. 1.9103753420468443
list:
dist: 2.615639290868688 vs. 2.615639290868688
list:
dist: 2.8026709532745127 vs. 2.8026709532745127
list:
dist: 2.9831873926217125 vs. 2.9831873926217125
list:
dist: 3.0996059012430006 vs. 3.0996059012430006
list:
dist: 2.5919975805835196 vs. 2.5919975805835196
list:
dist: 0.9403442358110576 vs. 0.9403442358110576
list:
dist: 1.0435504106004094 vs. 1.0435504106004094
list:
dist: 0.8899337303837005 vs. 0.8899337303837005
list:
dist: 1.1546492444389211 vs. 1.1546492444389211
list:
dist: 0.489419947579069 vs. 0.489419947579069
list:
dist: 2.737918976201268 vs. 2.737918976201268
list:
dist: 2.177982775807888 vs. 2.177982775807888
list:
dist: 2.843013315417479 vs. 2.843013315417479
list:
dist: 2.415597616364968 vs. 2.415597616364968
list:
dist: 3.301118714863443 vs. 3.301118714863443
list:
dist: 2.327543326021095 vs. 2.327543326021095
list:
dist: 3.6387866338080572 vs. 3.6387866338080572
list:
dist: 2.3497376268596257 vs. 2.3497376268596257
list:
dist: 1.878783482997642 vs. 1.878783482997642
list:
dist: 2.1382729239300233 vs. 2.1382729239300233
list:
dist: 1.4719558182530816 vs. 1.4719558182530816
list:
dist: 2.1081516524441035 vs. 2.1081516524441035
list:
dist: 1.319684796133515 vs. 1.319684796133515
list:
dist: 2.6898867600401193 vs. 2.6898867600401193
list:
dist: 1.2823211502190819 vs. 1.2823211502190819
list:
dist: 1.3195934627229409 vs. 1.3195934627229409
list:
dist: 1.8961397540970581 vs. 1.8961397540970581
list:
dist: 2.0176372720899103 vs. 2.0176372720899103
list:
dist: 1.1546492444389211 vs. 1.1546492444389211
list:
dist: 0.9444944950341795 vs. 0.9444944950341795
list:
dist: 1.590812731446251 vs. 1.590812731446251
list:
dist: 2.8728333461314346 vs. 2.8728333461314346
list:
dist: 3.1321465066385503 vs. 3.1321465066385503
list:
dist: 2.418928120788343 vs. 2.418928120788343
list:
dist: 3.8845895297329385 vs. 3.8845895297329385
list:
dist: 2.5184159224385008 vs. 2.5184159224385008
list:
dist: 4.01757317779786 vs. 4.01757317779786
list:
dist: 2.8240389226450526 vs. 2.8240389226450526
list:
dist: 2.653344104375849 vs. 2.653344104375849
list:
dist: 1.4960663867604689 vs. 1.4960663867604689
list:
dist: 1.4805013724484024 vs. 1.4805013724484024
list:
dist: 1.9467265216426615 vs. 1.9467265216426615
list:
dist: 1.6828939440641415 vs. 1.6828939440641415
list:
dist: 2.484903012634634 vs. 2.484903012634634
list:
dist: 1.3328433235432966 vs. 1.3328433235432966
list:
dist: 4.067632273380993 vs. 4.067632273380993
list:
dist: 3.579858457521207 vs. 3.579858457521207
list:
dist: 3.368821473434021 vs. 3.368821473434021
list:
dist: 3.5902279510625914 vs. 3.5902279510625914
list:
dist: 3.19141932261739 vs. 3.19141932261739
list:
dist: 3.1321465066385503 vs. 3.1321465066385503
list:
dist: 2.843013315417479 vs. 2.843013315417479
list:
dist: 2.5056966299649757 vs. 2.5056966299649757
list:
dist: 2.6183115583175662 vs. 2.6183115583175662
list:
dist: 1.6739126637614055 vs. 1.6739126637614055
list:
dist: 0.9057056476583119 vs. 0.9057056476583119
list:
dist: 1.45755361911459 vs. 1.45755361911459
list:
dist: 0.6385264876820822 vs. 0.6385264876820822
list:
dist: 0.9373734900547352 vs. 0.9373734900547352
list:
dist: 1.3269175173092447 vs. 1.3269175173092447
list:
dist: 1.5176445227834963 vs. 1.5176445227834963
list:
dist: 2.375096999954265 vs. 2.375096999954265
list:
dist: 1.7638085993917616 vs. 1.7638085993917616
list:
dist: 1.3782790361207764 vs. 1.3782790361207764
list:
dist: 1.6937588175909877 vs. 1.6937588175909877
list:
dist: 1.456543966281819 vs. 1.456543966281819
list:
dist: 1.8118444780710556 vs. 1.8118444780710556
list:
dist: 1.6765471046682112 vs. 1.6765471046682112
list:
dist: 1.2637696846858133 vs. 1.2637696846858133
list:
dist: 1.129255908900652 vs. 1.129255908900652
list:
dist: 2.548278610181003 vs. 2.548278610181003
list:
dist: 2.2403435686366553 vs. 2.2403435686366553
list:
dist: 3.119884844001371 vs. 3.119884844001371
list:
dist: 2.955309106911318 vs. 2.955309106911318
list:
dist: 1.4960663867604689 vs. 1.4960663867604689
list:
dist: 2.1382729239300233 vs. 2.1382729239300233
list:
dist: 1.724678197439073 vs. 1.724678197439073
list:
dist: 1.9103753420468443 vs. 1.9103753420468443
list:
dist: 2.5958976770699396 vs. 2.5958976770699396
list:
dist: 2.375096999954265 vs. 2.375096999954265
list:
dist: 1.5896598214494544 vs. 1.5896598214494544
list:
dist: 3.263193186264354 vs. 3.263193186264354
list:
dist: 1.841502976043158 vs. 1.841502976043158
list:
dist: 3.2885911471902434 vs. 3.2885911471902434
list:
dist: 2.2527073645647717 vs. 2.2527073645647717
list:
dist: 2.5484724474968927 vs. 2.5484724474968927
list:
dist: 1.0279011961414661 vs. 1.0279011961414661
list:
dist: 1.063016346632643 vs. 1.063016346632643
list:
dist: 1.4877225407728518 vs. 1.4877225407728518
list:
dist: 1.2010137498477245 vs. 1.2010137498477245
list:
dist: 1.25563290143379 vs. 1.25563290143379
list:
dist: 3.561690670496506 vs. 3.561690670496506
list:
dist: 3.1252844698756475 vs. 3.1252844698756475
list:
dist: 2.289144383370336 vs. 2.289144383370336
list:
dist: 1.4060596740578144 vs. 1.4060596740578144
list:
dist: 0.977120108359716 vs. 0.977120108359716
list:
dist: 2.5486258744367856 vs. 2.5486258744367856
list:
dist: 3.0132559462885515 vs. 3.0132559462885515
list:
dist: 2.7870212041947 vs. 2.7870212041947
list:
dist: 1.9467265216426615 vs. 1.9467265216426615
list:
dist: 2.1081516524441035 vs. 2.1081516524441035
list:
dist: 1.6516306504429334 vs. 1.6516306504429334
list:
dist: 2.8026709532745127 vs. 2.8026709532745127
list:
dist: 2.0440667907250285 vs. 2.0440667907250285
list:
dist: 1.3782790361207764 vs. 1.3782790361207764
list:
dist: 0.5416942197303691 vs. 0.5416942197303691
list:
dist: 2.5052754824975216 vs. 2.5052754824975216
list:
dist: 0.8038282885096665 vs. 0.8038282885096665
list:
dist: 2.2726683650290194 vs. 2.2726683650290194
list:
dist: 1.6811900603817103 vs. 1.6811900603817103
list:
dist: 1.8663262882236746 vs. 1.8663262882236746
list:
dist: 1.063016346632643 vs. 1.063016346632643
list:
dist: 0.800797911250539 vs. 0.800797911250539
list:
dist: 1.1130896660990386 vs. 1.1130896660990386
list:
dist: 0.8182422538923507 vs. 0.8182422538923507
list:
dist: 0.8423019353387514 vs. 0.8423019353387514
list:
dist: 2.8068197701726625 vs. 2.8068197701726625
list:
dist: 2.2879200464995977 vs. 2.2879200464995977
list:
dist: 1.678996872845401 vs. 1.678996872845401
list:
dist: 1.7800214690223146 vs. 1.7800214690223146
list:
dist: 3.253077058300876 vs. 3.253077058300876
list:
dist: 2.300800134580979 vs. 2.300800134580979
list:
dist: 2.343397413783125 vs. 2.343397413783125
list:
dist: 2.5042978940901675 vs. 2.5042978940901675
list:
dist: 1.8936858401328371 vs. 1.8936858401328371
list:
dist: 2.653344104375849 vs. 2.653344104375849
list:
dist: 1.878783482997642 vs. 1.878783482997642
list:
dist: 1.7892414454773107 vs. 1.7892414454773107
list:
dist: 1.6900151831093406 vs. 1.6900151831093406
list:
dist: 0.6135149869043748 vs. 0.6135149869043748
list:
dist: 1.5176445227834963 vs. 1.5176445227834963
list:
dist: 1.7718459775776794 vs. 1.7718459775776794
list:
dist: 1.4829057043746896 vs. 1.4829057043746896
list:
dist: 1.4262482064970579 vs. 1.4262482064970579
list:
dist: 2.107435246899775 vs. 2.107435246899775
list:
dist: 0.9327995228148637 vs. 0.9327995228148637
list:
dist: 2.5484724474968927 vs. 2.5484724474968927
list:
dist: 1.5381133759925047 vs. 1.5381133759925047
list:
dist: 1.8663262882236746 vs. 1.8663262882236746
list:
dist: 1.1094760199738107 vs. 1.1094760199738107
list:
dist: 2.159352936978822 vs. 2.159352936978822
list:
dist: 1.5944292064832992 vs. 1.5944292064832992
list:
dist: 2.517994051131178 vs. 2.517994051131178
list:
dist: 2.648080298419574 vs. 2.648080298419574
list:
dist: 1.8226900935418042 vs. 1.8226900935418042
list:
dist: 3.1666886095577165 vs. 3.1666886095577165
list:
dist: 2.919058610502926 vs. 2.919058610502926
list:
dist: 3.66975810235992 vs. 3.66975810235992
list:
dist: 3.323666642521828 vs. 3.323666642521828
list:
dist: 2.484903012634634 vs. 2.484903012634634
list:
dist: 2.6898867600401193 vs. 2.6898867600401193
list:
dist: 2.279233105660018 vs. 2.279233105660018
list:
dist: 3.0996059012430006 vs. 3.0996059012430006
list:
dist: 2.1116452989779604 vs. 2.1116452989779604
list:
dist: 1.456543966281819 vs. 1.456543966281819
list:
dist: 0.9593033439984548 vs. 0.9593033439984548
list:
dist: 2.3516633604798023 vs. 2.3516633604798023
list:
dist: 1.1800985214001745 vs. 1.1800985214001745
list:
dist: 2.302594994015495 vs. 2.302594994015495
list:
dist: 1.5955857173238694 vs. 1.5955857173238694
list:
dist: 2.159352936978822 vs. 2.159352936978822
list:
dist: 1.2010137498477245 vs. 1.2010137498477245
list:
dist: 1.2199270740889583 vs. 1.2199270740889583
list:
dist: 0.8182422538923507 vs. 0.8182422538923507
list:
dist: 1.500192746400173 vs. 1.500192746400173
list:
dist: 1.543703050637295 vs. 1.543703050637295
list:
dist: 2.4099785106644322 vs. 2.4099785106644322
list:
dist: 1.9610049510265801 vs. 1.9610049510265801
list:
dist: 1.2026909882550079 vs. 1.2026909882550079
list:
dist: 1.1324874526292574 vs. 1.1324874526292574
list:
dist: 1.5819372141354566 vs. 1.5819372141354566
list:
dist: 1.5861059834507447 vs. 1.5861059834507447
list:
dist: 3.286013782652776 vs. 3.286013782652776
list:
dist: 4.067632273380993 vs. 4.067632273380993
list:
dist: 4.76120173868808 vs. 4.76120173868808
list:
dist: 3.0783014458622766 vs. 3.0783014458622766
list:
dist: 4.365880115404634 vs. 4.365880115404634
list:
dist: 3.8315665157733028 vs. 3.8315665157733028
list:
dist: 3.722703079557944 vs. 3.722703079557944
list:
dist: 3.253077058300876 vs. 3.253077058300876
list:
dist: 0.977120108359716 vs. 0.977120108359716
list:
dist: 1.5819372141354566 vs. 1.5819372141354566
list:
dist: 1.1902419517454792 vs. 1.1902419517454792
list:
dist: 2.3248852879908606 vs. 2.3248852879908606
list:
dist: 3.579858457521207 vs. 3.579858457521207
list:
dist: 4.046309222517797 vs. 4.046309222517797
list:
dist: 2.7238491942796226 vs. 2.7238491942796226
list:
dist: 3.6735520971796123 vs. 3.6735520971796123
list:
dist: 3.7247237905833077 vs. 3.7247237905833077
list:
dist: 2.8797358152071455 vs. 2.8797358152071455
list:
dist: 2.300800134580979 vs. 2.300800134580979
list:
dist: 1.6161402581020767 vs. 1.6161402581020767
list:
dist: 0.8382513305886649 vs. 0.8382513305886649
list:
dist: 1.8961397540970581 vs. 1.8961397540970581
list:
dist: 1.0435504106004094 vs. 1.0435504106004094
list:
dist: 1.4235705886610477 vs. 1.4235705886610477
list:
dist: 3.3684108247423343 vs. 3.3684108247423343
list:
dist: 2.894787761059358 vs. 2.894787761059358
list:
dist: 3.5902279510625914 vs. 3.5902279510625914
list:
dist: 3.244203276166899 vs. 3.244203276166899
list:
dist: 3.98608712888111 vs. 3.98608712888111
list:
dist: 3.1164038418583053 vs. 3.1164038418583053
list:
dist: 4.260131431656713 vs. 4.260131431656713
list:
dist: 3.189222908333244 vs. 3.189222908333244
list:
dist: 2.5042978940901675 vs. 2.5042978940901675
list:
dist: 3.119884844001371 vs. 3.119884844001371
list:
dist: 2.4714701822277134 vs. 2.4714701822277134
list:
dist: 3.0132559462885515 vs. 3.0132559462885515
list:
dist: 2.2762233517391692 vs. 2.2762233517391692
list:
dist: 3.66975810235992 vs. 3.66975810235992
list:
dist: 2.174092810965615 vs. 2.174092810965615
list:
dist: 1.8572015302210376 vs. 1.8572015302210376
list:
dist: 2.174092810965615 vs. 2.174092810965615
list:
dist: 1.9954357377832463 vs. 1.9954357377832463
list:
dist: 1.3328433235432966 vs. 1.3328433235432966
list:
dist: 1.2823211502190819 vs. 1.2823211502190819
list:
dist: 0.820543764683991 vs. 0.820543764683991
list:
dist: 2.5919975805835196 vs. 2.5919975805835196
list:
dist: 1.8964491955078944 vs. 1.8964491955078944
list:
dist: 1.8118444780710556 vs. 1.8118444780710556
list:
dist: 1.1772159506144588 vs. 1.1772159506144588
list:
dist: 2.7012264890185484 vs. 2.7012264890185484
list:
dist: 1.2008754255667553 vs. 1.2008754255667553
list:
dist: 2.6852857488758066 vs. 2.6852857488758066
list:
dist: 1.7607260491168113 vs. 1.7607260491168113
list:
dist: 1.5944292064832992 vs. 1.5944292064832992
list:
dist: 1.25563290143379 vs. 1.25563290143379
list:
dist: 0.549680626629493 vs. 0.549680626629493
list:
dist: 0.8423019353387514 vs. 0.8423019353387514
list:
dist: 0.7114019430556219 vs. 0.7114019430556219
list:
dist: 1.543703050637295 vs. 1.543703050637295
list:
dist: 3.3058818032815456 vs. 3.3058818032815456
list:
dist: 2.945582952566178 vs. 2.945582952566178
list:
dist: 2.1885182656190696 vs. 2.1885182656190696
list:
dist: 2.394495380193979 vs. 2.394495380193979
list:
dist: 2.9907539391229467 vs. 2.9907539391229467
list:
dist: 1.572498154616111 vs. 1.572498154616111
list:
dist: 1.129255908900652 vs. 1.129255908900652
list:
dist: 1.4853104000467754 vs. 1.4853104000467754
list:
dist: 1.291230781027693 vs. 1.291230781027693
list:
dist: 1.3781172388955638 vs. 1.3781172388955638
list:
dist: 1.7152969521984327 vs. 1.7152969521984327
list:
dist: 1.0197216948538546 vs. 1.0197216948538546
list:
dist: 1.8226900935418042 vs. 1.8226900935418042
list:
dist: 2.289144383370336 vs. 2.289144383370336
list:
dist: 1.8434140338201355 vs. 1.8434140338201355
list:
dist: 1.678996872845401 vs. 1.678996872845401
list:
dist: 1.810392896616404 vs. 1.810392896616404
list:
dist: 1.2026909882550079 vs. 1.2026909882550079
list:
dist: 2.1885182656190696 vs. 2.1885182656190696
list:
dist: 1.3096102297715169 vs. 1.3096102297715169
list:
dist: 1.3634423994005918 vs. 1.3634423994005918
list:
dist: 1.9848831846491561 vs. 1.9848831846491561
list:
dist: 4.76120173868808 vs. 4.76120173868808
list:
dist: 4.046309222517797 vs. 4.046309222517797
list:
dist: 2.9414472829467524 vs. 2.9414472829467524
list:
dist: 3.244203276166899 vs. 3.244203276166899
list:
dist: 2.9872982653428926 vs. 2.9872982653428926
list:
dist: 2.418928120788343 vs. 2.418928120788343
list:
dist: 2.415597616364968 vs. 2.415597616364968
list:
dist: 1.984243987522291 vs. 1.984243987522291
list:
dist: 3.2212285598935617 vs. 3.2212285598935617
list:
dist: 1.9881526899882431 vs. 1.9881526899882431
list:
dist: 0.9057056476583119 vs. 0.9057056476583119
list:
dist: 2.2130684426512675 vs. 2.2130684426512675
list:
dist: 0.3956212337492939 vs. 0.3956212337492939
list:
dist: 1.7521984683071534 vs. 1.7521984683071534
list:
dist: 1.611842591434088 vs. 1.611842591434088
list:
dist: 1.7718459775776794 vs. 1.7718459775776794
list:
dist: 1.5896598214494544 vs. 1.5896598214494544
list:
dist: 1.1993265445875139 vs. 1.1993265445875139
list:
dist: 0.5416942197303691 vs. 0.5416942197303691
list:
dist: 1.3540435719080834 vs. 1.3540435719080834
list:
dist: 0.9593033439984548 vs. 0.9593033439984548
list:
dist: 1.1772159506144588 vs. 1.1772159506144588
list:
dist: 2.4349346664212104 vs. 2.4349346664212104
list:
dist: 1.8425857231615583 vs. 1.8425857231615583
list:
dist: 1.4853104000467754 vs. 1.4853104000467754
list:
dist: 2.043441822733356 vs. 2.043441822733356
list:
dist: 1.7825536467327714 vs. 1.7825536467327714
list:
dist: 2.4714701822277134 vs. 2.4714701822277134
list:
dist: 2.143787667250719 vs. 2.143787667250719
list:
dist: 1.4805013724484024 vs. 1.4805013724484024
list:
dist: 1.4719558182530816 vs. 1.4719558182530816
list:
dist: 1.0862465479177885 vs. 1.0862465479177885
list:
dist: 2.615639290868688 vs. 2.615639290868688
list:
dist: 1.657763890144613 vs. 1.657763890144613
list:
dist: 1.7638085993917616 vs. 1.7638085993917616
list:
dist: 1.1993265445875139 vs. 1.1993265445875139
list:
dist: 2.4804433750274932 vs. 2.4804433750274932
list:
dist: 1.2260482026744308 vs. 1.2260482026744308
list:
dist: 2.6903785508622153 vs. 2.6903785508622153
list:
dist: 1.43474030063271 vs. 1.43474030063271
list:
dist: 1.5381133759925047 vs. 1.5381133759925047
list:
dist: 1.0279011961414661 vs. 1.0279011961414661
list:
dist: 0.800797911250539 vs. 0.800797911250539
list:
dist: 0.46699738585234624 vs. 0.46699738585234624
list:
dist: 1.2199270740889583 vs. 1.2199270740889583
list:
dist: 0.549680626629493 vs. 0.549680626629493
list:
dist: 3.058634190031811 vs. 3.058634190031811
list:
dist: 2.7998410679510592 vs. 2.7998410679510592
list:
dist: 1.8434140338201355 vs. 1.8434140338201355
list:
dist: 2.0088261118394564 vs. 2.0088261118394564
list:
dist: 3.4193334468083068 vs. 3.4193334468083068
list:
dist: 2.6114114980536614 vs. 2.6114114980536614
list:
dist: 1.2637696846858133 vs. 1.2637696846858133
list:
dist: 1.8425857231615583 vs. 1.8425857231615583
list:
dist: 1.8439796080166333 vs. 1.8439796080166333
list:
dist: 1.7859729964027644 vs. 1.7859729964027644
list:
dist: 1.0748050282911308 vs. 1.0748050282911308
list:
dist: 2.1694240092359545 vs. 2.1694240092359545
list:
dist: 2.648080298419574 vs. 2.648080298419574
list:
dist: 3.1252844698756475 vs. 3.1252844698756475
list:
dist: 2.7998410679510592 vs. 2.7998410679510592
list:
dist: 2.2879200464995977 vs. 2.2879200464995977
list:
dist: 2.8129174082930644 vs. 2.8129174082930644
list:
dist: 1.9610049510265801 vs. 1.9610049510265801
list:
dist: 2.945582952566178 vs. 2.945582952566178
list:
dist: 1.0863385551756661 vs. 1.0863385551756661
list:
dist: 1.3634423994005918 vs. 1.3634423994005918
list:
dist: 2.707010869321046 vs. 2.707010869321046
list:
dist: 3.286013782652776 vs. 3.286013782652776
list:
dist: 2.3248852879908606 vs. 2.3248852879908606
list:
dist: 2.4125765084207327 vs. 2.4125765084207327
list:
dist: 2.894787761059358 vs. 2.894787761059358
list:
dist: 2.19262060574885 vs. 2.19262060574885
list:
dist: 2.8728333461314346 vs. 2.8728333461314346
list:
dist: 2.177982775807888 vs. 2.177982775807888
list:
dist: 2.106949687737603 vs. 2.106949687737603
list:
dist: 1.8374174291251775 vs. 1.8374174291251775
list:
dist: 1.6739126637614055 vs. 1.6739126637614055
list:
dist: 1.9881526899882431 vs. 1.9881526899882431
list:
dist: 1.2223792805863083 vs. 1.2223792805863083
list:
dist: 1.677990926983592 vs. 1.677990926983592
list:
dist: 2.265643350781615 vs. 2.265643350781615
list:
dist: 0.5776266420846456 vs. 0.5776266420846456
list:
dist: 0.6135149869043748 vs. 0.6135149869043748
list:
dist: 2.5958976770699396 vs. 2.5958976770699396
list:
dist: 1.657763890144613 vs. 1.657763890144613
list:
dist: 2.0440667907250285 vs. 2.0440667907250285
list:
dist: 1.2568694815996284 vs. 1.2568694815996284
list:
dist: 2.1116452989779604 vs. 2.1116452989779604
list:
dist: 1.8964491955078944 vs. 1.8964491955078944
list:
dist: 2.2885879428916396 vs. 2.2885879428916396
list:
dist: 2.6114114980536614 vs. 2.6114114980536614
list:
dist: 1.572498154616111 vs. 1.572498154616111
list:
dist: 3.002496067730831 vs. 3.002496067730831
list:
dist: 3.002496067730831 vs. 3.002496067730831
list:
dist: 2.548278610181003 vs. 2.548278610181003
list:
dist: 2.043441822733356 vs. 2.043441822733356
list:
dist: 3.2448225811376155 vs. 3.2448225811376155
list:
dist: 2.307935506973897 vs. 2.307935506973897
list:
dist: 3.313588630616858 vs. 3.313588630616858
list:
dist: 2.4832570541566747 vs. 2.4832570541566747
list:
dist: 3.1666886095577165 vs. 3.1666886095577165
list:
dist: 1.4060596740578144 vs. 1.4060596740578144
list:
dist: 2.0088261118394564 vs. 2.0088261118394564
list:
dist: 1.7800214690223146 vs. 1.7800214690223146
list:
dist: 2.36436482433132 vs. 2.36436482433132
list:
dist: 1.1324874526292574 vs. 1.1324874526292574
list:
dist: 2.394495380193979 vs. 2.394495380193979
list:
dist: 3.108554599935406 vs. 3.108554599935406
list:
dist: 2.707010869321046 vs. 2.707010869321046
list:
dist: 1.9848831846491561 vs. 1.9848831846491561
600
rk
<OccurredElementalReaction>
	 elmtlRkId: 2
	 p(id,type,coords) 59 3 5.5712050908101 3.4580678153444593 14.8450291256044
</OccurredElementalReaction>
rk
<OccurredElementalReaction>
	 elmtlRkId: 3
	 p(id,type,coords) 96 4 6.978040495015225 -1.6201089962100321 22.71794057203469
</OccurredElementalReaction>
700
Neighbor List consistency Check...
--------
nle(id0,id1,dist): 5 6 3.066431499176606
list:
dist: 3.066431499176606 vs. 3.066431499176606
--------
nle(id0,id1,dist): 5 7 2.656934680586485
list:
dist: 2.656934680586485 vs. 2.656934680586485
--------
nle(id0,id1,dist): 5 21 1.1563379414051151
list:
dist: 1.1563379414051151 vs. 1.1563379414051151
--------
nle(id0,id1,dist): 5 23 1.800536562237864
list:
dist: 1.800536562237864 vs. 1.800536562237864
--------
nle(id0,id1,dist): 5 22 2.835096888588234
list:
dist: 2.835096888588234 vs. 2.835096888588234
--------
nle(id0,id1,dist): 5 17 2.2987484584137703
list:
dist: 2.2987484584137703 vs. 2.2987484584137703
--------
nle(id0,id1,dist): 5 16 0.7902424815068968
list:
dist: 0.7902424815068968 vs. 0.7902424815068968
--------
nle(id0,id1,dist): 5 18 4.444145460131723
list:
dist: 4.444145460131723 vs. 4.444145460131723
--------
nle(id0,id1,dist): 5 12 2.6719571515516205
list:
dist: 2.6719571515516205 vs. 2.6719571515516205
--------
nle(id0,id1,dist): 5 15 2.3452058366038018
list:
dist: 2.3452058366038018 vs. 2.3452058366038018
--------
nle(id0,id1,dist): 5 9 1.9876518206866594
list:
dist: 1.9876518206866594 vs. 1.9876518206866594
--------
nle(id0,id1,dist): 5 11 2.108321481531986
list:
dist: 2.108321481531986 vs. 2.108321481531986
--------
nle(id0,id1,dist): 5 10 2.844161663560941
list:
dist: 2.844161663560941 vs. 2.844161663560941
--------
nle(id0,id1,dist): 4 11 2.309939479161788
list:
dist: 2.309939479161788 vs. 2.309939479161788
--------
nle(id0,id1,dist): 4 12 1.6382138641765305
list:
dist: 1.6382138641765305 vs. 1.6382138641765305
--------
nle(id0,id1,dist): 4 9 1.6699465855482
list:
dist: 1.6699465855482 vs. 1.6699465855482
--------
nle(id0,id1,dist): 4 10 2.9497053322554003
list:
dist: 2.9497053322554003 vs. 2.9497053322554003
--------
nle(id0,id1,dist): 4 7 1.8869207572316908
list:
dist: 1.8869207572316908 vs. 1.8869207572316908
--------
nle(id0,id1,dist): 4 5 1.8730120891407611
list:
dist: 1.8730120891407611 vs. 1.8730120891407611
--------
nle(id0,id1,dist): 4 6 1.5332682867515663
list:
dist: 1.5332682867515663 vs. 1.5332682867515663
--------
nle(id0,id1,dist): 4 26 3.6490264450888104
list:
dist: 3.6490264450888104 vs. 3.6490264450888104
--------
nle(id0,id1,dist): 4 25 3.168082350277638
list:
dist: 3.168082350277638 vs. 3.168082350277638
--------
nle(id0,id1,dist): 4 23 3.057641069340363
list:
dist: 3.057641069340363 vs. 3.057641069340363
--------
nle(id0,id1,dist): 4 18 4.026295375090471
list:
dist: 4.026295375090471 vs. 4.026295375090471
--------
nle(id0,id1,dist): 4 17 3.2375774457752926
list:
dist: 3.2375774457752926 vs. 3.2375774457752926
--------
nle(id0,id1,dist): 4 16 1.8697087902452973
list:
dist: 1.8697087902452973 vs. 1.8697087902452973
--------
nle(id0,id1,dist): 4 15 2.695606233457361
list:
dist: 2.695606233457361 vs. 2.695606233457361
--------
nle(id0,id1,dist): 4 13 2.8835342858719515
list:
dist: 2.8835342858719515 vs. 2.8835342858719515
--------
nle(id0,id1,dist): 7 9 0.8100135567834682
list:
dist: 0.8100135567834682 vs. 0.8100135567834682
--------
nle(id0,id1,dist): 7 11 1.9761740529616163
list:
dist: 1.9761740529616163 vs. 1.9761740529616163
--------
nle(id0,id1,dist): 7 10 1.4164254308328936
list:
dist: 1.4164254308328936 vs. 1.4164254308328936
--------
nle(id0,id1,dist): 7 13 1.3143185742533234
list:
dist: 1.3143185742533234 vs. 1.3143185742533234
--------
nle(id0,id1,dist): 7 12 1.0710628071195984
list:
dist: 1.0710628071195984 vs. 1.0710628071195984
--------
nle(id0,id1,dist): 5 26 2.7260698675005965
list:
dist: 2.7260698675005965 vs. 2.7260698675005965
--------
nle(id0,id1,dist): 5 27 4.080339643579158
list:
dist: 4.080339643579158 vs. 4.080339643579158
--------
nle(id0,id1,dist): 5 24 2.86371138985005
list:
dist: 2.86371138985005 vs. 2.86371138985005
--------
nle(id0,id1,dist): 5 25 2.1807762420966608
list:
dist: 2.1807762420966608 vs. 2.1807762420966608
--------
nle(id0,id1,dist): 5 28 2.0508829329746208
list:
dist: 2.0508829329746208 vs. 2.0508829329746208
--------
nle(id0,id1,dist): 6 12 1.618503564940488
list:
dist: 1.618503564940488 vs. 1.618503564940488
--------
nle(id0,id1,dist): 6 11 2.5559086257269388
list:
dist: 2.5559086257269388 vs. 2.5559086257269388
--------
nle(id0,id1,dist): 6 16 2.7672057694475587
list:
dist: 2.7672057694475587 vs. 2.7672057694475587
--------
nle(id0,id1,dist): 6 9 2.721135599337022
list:
dist: 2.721135599337022 vs. 2.721135599337022
--------
nle(id0,id1,dist): 6 7 2.4919347618882033
list:
dist: 2.4919347618882033 vs. 2.4919347618882033
--------
nle(id0,id1,dist): 8 13 2.3945409939573716
list:
dist: 2.3945409939573716 vs. 2.3945409939573716
--------
nle(id0,id1,dist): 7 18 2.235353736057628
list:
dist: 2.235353736057628 vs. 2.235353736057628
--------
nle(id0,id1,dist): 7 17 2.855452790801294
list:
dist: 2.855452790801294 vs. 2.855452790801294
--------
nle(id0,id1,dist): 7 16 2.300912878596786
list:
dist: 2.300912878596786 vs. 2.300912878596786
--------
nle(id0,id1,dist): 7 15 1.5182211036655267
list:
dist: 1.5182211036655267 vs. 1.5182211036655267
--------
nle(id0,id1,dist): 7 26 2.618878255655192
list:
dist: 2.618878255655192 vs. 2.618878255655192
--------
nle(id0,id1,dist): 7 25 2.522812093181703
list:
dist: 2.522812093181703 vs. 2.522812093181703
--------
nle(id0,id1,dist): 7 23 2.8659167809329005
list:
dist: 2.8659167809329005 vs. 2.8659167809329005
--------
nle(id0,id1,dist): 10 12 1.9994675391498975
list:
dist: 1.9994675391498975 vs. 1.9994675391498975
--------
nle(id0,id1,dist): 10 11 1.8081700352744234
list:
dist: 1.8081700352744234 vs. 1.8081700352744234
--------
nle(id0,id1,dist): 10 14 2.231951573587097
list:
dist: 2.231951573587097 vs. 2.231951573587097
--------
nle(id0,id1,dist): 10 13 1.9206830208589374
list:
dist: 1.9206830208589374 vs. 1.9206830208589374
--------
nle(id0,id1,dist): 10 15 0.5624786254081391
list:
dist: 0.5624786254081391 vs. 0.5624786254081391
--------
nle(id0,id1,dist): 10 16 2.3470899405111583
list:
dist: 2.3470899405111583 vs. 2.3470899405111583
--------
nle(id0,id1,dist): 10 17 2.122806428500969
list:
dist: 2.122806428500969 vs. 2.122806428500969
--------
nle(id0,id1,dist): 10 18 1.7397051961692063
list:
dist: 1.7397051961692063 vs. 1.7397051961692063
--------
nle(id0,id1,dist): 10 19 1.5537071835698888
list:
dist: 1.5537071835698888 vs. 1.5537071835698888
--------
nle(id0,id1,dist): 10 20 2.5609720697508616
list:
dist: 2.5609720697508616 vs. 2.5609720697508616
--------
nle(id0,id1,dist): 10 23 2.2167181159725744
list:
dist: 2.2167181159725744 vs. 2.2167181159725744
--------
nle(id0,id1,dist): 10 25 1.597045465173104
list:
dist: 1.597045465173104 vs. 1.597045465173104
--------
nle(id0,id1,dist): 10 26 1.4425340777814684
list:
dist: 1.4425340777814684 vs. 1.4425340777814684
--------
nle(id0,id1,dist): 9 11 1.9272478374990831
list:
dist: 1.9272478374990831 vs. 1.9272478374990831
--------
nle(id0,id1,dist): 9 10 1.4697734899698474
list:
dist: 1.4697734899698474 vs. 1.4697734899698474
--------
nle(id0,id1,dist): 9 15 1.3401986291340655
list:
dist: 1.3401986291340655 vs. 1.3401986291340655
--------
nle(id0,id1,dist): 9 13 2.1107498849202386
list:
dist: 2.1107498849202386 vs. 2.1107498849202386
--------
nle(id0,id1,dist): 9 12 1.530134011285601
list:
dist: 1.530134011285601 vs. 1.530134011285601
--------
nle(id0,id1,dist): 9 18 2.8043386085157493
list:
dist: 2.8043386085157493 vs. 2.8043386085157493
--------
nle(id0,id1,dist): 9 17 2.6091021829289933
list:
dist: 2.6091021829289933 vs. 2.6091021829289933
--------
nle(id0,id1,dist): 9 16 1.7840152702597558
list:
dist: 1.7840152702597558 vs. 1.7840152702597558
--------
nle(id0,id1,dist): 9 23 2.4404928813279625
list:
dist: 2.4404928813279625 vs. 2.4404928813279625
--------
nle(id0,id1,dist): 9 26 2.233865983317202
list:
dist: 2.233865983317202 vs. 2.233865983317202
--------
nle(id0,id1,dist): 9 25 2.184429732616993
list:
dist: 2.184429732616993 vs. 2.184429732616993
--------
nle(id0,id1,dist): 12 18 2.57618406578456
list:
dist: 2.57618406578456 vs. 2.57618406578456
--------
nle(id0,id1,dist): 12 17 2.688499398920158
list:
dist: 2.688499398920158 vs. 2.688499398920158
--------
nle(id0,id1,dist): 12 16 2.164931607052427
list:
dist: 2.164931607052427 vs. 2.164931607052427
--------
nle(id0,id1,dist): 12 15 1.9448952832513757
list:
dist: 1.9448952832513757 vs. 1.9448952832513757
--------
nle(id0,id1,dist): 12 13 1.4599674274005927
list:
dist: 1.4599674274005927 vs. 1.4599674274005927
--------
nle(id0,id1,dist): 11 28 2.6050435845126825
list:
dist: 2.6050435845126825 vs. 2.6050435845126825
--------
nle(id0,id1,dist): 11 26 2.38118198330948
list:
dist: 2.38118198330948 vs. 2.38118198330948
--------
nle(id0,id1,dist): 11 27 4.515110570171138
list:
dist: 4.515110570171138 vs. 4.515110570171138
--------
nle(id0,id1,dist): 11 23 1.4463122112500055
list:
dist: 1.4463122112500055 vs. 1.4463122112500055
--------
nle(id0,id1,dist): 11 22 2.7287884343906748
list:
dist: 2.7287884343906748 vs. 2.7287884343906748
--------
nle(id0,id1,dist): 11 25 1.4253140123524242
list:
dist: 1.4253140123524242 vs. 1.4253140123524242
--------
nle(id0,id1,dist): 11 24 3.2701185439767384
list:
dist: 3.2701185439767384 vs. 3.2701185439767384
--------
nle(id0,id1,dist): 11 18 2.9029968802900865
list:
dist: 2.9029968802900865 vs. 2.9029968802900865
--------
nle(id0,id1,dist): 11 21 2.7639327567211174
list:
dist: 2.7639327567211174 vs. 2.7639327567211174
--------
nle(id0,id1,dist): 11 15 1.4238237329408767
list:
dist: 1.4238237329408767 vs. 1.4238237329408767
--------
nle(id0,id1,dist): 11 17 1.1823610190993123
list:
dist: 1.1823610190993123 vs. 1.1823610190993123
--------
nle(id0,id1,dist): 11 16 1.3309896470979141
list:
dist: 1.3309896470979141 vs. 1.3309896470979141
--------
nle(id0,id1,dist): 11 12 1.5468704859177653
list:
dist: 1.5468704859177653 vs. 1.5468704859177653
--------
nle(id0,id1,dist): 13 18 1.4785154270311511
list:
dist: 1.4785154270311511 vs. 1.4785154270311511
--------
nle(id0,id1,dist): 13 19 2.3477006334657315
list:
dist: 2.3477006334657315 vs. 2.3477006334657315
--------
nle(id0,id1,dist): 12 23 2.82994078277284
list:
dist: 2.82994078277284 vs. 2.82994078277284
--------
nle(id0,id1,dist): 12 25 2.6596622430973205
list:
dist: 2.6596622430973205 vs. 2.6596622430973205
--------
nle(id0,id1,dist): 12 26 3.170365492408027
list:
dist: 3.170365492408027 vs. 3.170365492408027
--------
nle(id0,id1,dist): 15 28 1.9102896899266282
list:
dist: 1.9102896899266282 vs. 1.9102896899266282
--------
nle(id0,id1,dist): 15 26 1.2377171157813622
list:
dist: 1.2377171157813622 vs. 1.2377171157813622
--------
nle(id0,id1,dist): 15 27 3.849405679602533
list:
dist: 3.849405679602533 vs. 3.849405679602533
--------
nle(id0,id1,dist): 15 24 2.629539252422554
list:
dist: 2.629539252422554 vs. 2.629539252422554
--------
nle(id0,id1,dist): 15 25 1.1142454810311635
list:
dist: 1.1142454810311635 vs. 1.1142454810311635
--------
nle(id0,id1,dist): 15 22 2.510893225105842
list:
dist: 2.510893225105842 vs. 2.510893225105842
--------
nle(id0,id1,dist): 15 23 1.678164871988867
list:
dist: 1.678164871988867 vs. 1.678164871988867
--------
nle(id0,id1,dist): 15 21 2.5138537189106795
list:
dist: 2.5138537189106795 vs. 2.5138537189106795
--------
nle(id0,id1,dist): 15 20 2.7372657812710446
list:
dist: 2.7372657812710446 vs. 2.7372657812710446
--------
nle(id0,id1,dist): 15 19 2.0216461609802305
list:
dist: 2.0216461609802305 vs. 2.0216461609802305
--------
nle(id0,id1,dist): 15 18 2.2378805078134922
list:
dist: 2.2378805078134922 vs. 2.2378805078134922
--------
nle(id0,id1,dist): 15 17 1.6565067962519533
list:
dist: 1.6565067962519533 vs. 1.6565067962519533
--------
nle(id0,id1,dist): 15 16 1.8242923633259664
list:
dist: 1.8242923633259664 vs. 1.8242923633259664
--------
nle(id0,id1,dist): 14 27 2.207536068607461
list:
dist: 2.207536068607461 vs. 2.207536068607461
--------
nle(id0,id1,dist): 14 28 1.7253444657161439
list:
dist: 1.7253444657161439 vs. 1.7253444657161439
--------
nle(id0,id1,dist): 14 29 2.243120871384196
list:
dist: 2.243120871384196 vs. 2.243120871384196
--------
nle(id0,id1,dist): 14 15 2.1435348153854537
list:
dist: 2.1435348153854537 vs. 2.1435348153854537
--------
nle(id0,id1,dist): 14 18 3.403710147717902
list:
dist: 3.403710147717902 vs. 3.403710147717902
--------
nle(id0,id1,dist): 14 17 2.519150028251591
list:
dist: 2.519150028251591 vs. 2.519150028251591
--------
nle(id0,id1,dist): 14 24 1.5641264636588321
list:
dist: 1.5641264636588321 vs. 1.5641264636588321
--------
nle(id0,id1,dist): 14 23 2.414794848870884
list:
dist: 2.414794848870884 vs. 2.414794848870884
--------
nle(id0,id1,dist): 14 26 0.990023881070975
list:
dist: 0.990023881070975 vs. 0.990023881070975
--------
nle(id0,id1,dist): 14 25 1.871231596501478
list:
dist: 1.871231596501478 vs. 1.871231596501478
--------
nle(id0,id1,dist): 14 20 1.6304933769769159
list:
dist: 1.6304933769769159 vs. 1.6304933769769159
--------
nle(id0,id1,dist): 14 19 2.4971225720324566
list:
dist: 2.4971225720324566 vs. 2.4971225720324566
--------
nle(id0,id1,dist): 14 22 1.8658961383056136
list:
dist: 1.8658961383056136 vs. 1.8658961383056136
--------
nle(id0,id1,dist): 17 18 3.387371033393125
list:
dist: 3.387371033393125 vs. 3.387371033393125
--------
nle(id0,id1,dist): 17 19 3.0955054358646774
list:
dist: 3.0955054358646774 vs. 3.0955054358646774
--------
nle(id0,id1,dist): 17 22 1.6376762708672292
list:
dist: 1.6376762708672292 vs. 1.6376762708672292
--------
nle(id0,id1,dist): 17 23 0.6591489750702856
list:
dist: 0.6591489750702856 vs. 0.6591489750702856
--------
nle(id0,id1,dist): 17 20 3.1482586427599615
list:
dist: 3.1482586427599615 vs. 3.1482586427599615
--------
nle(id0,id1,dist): 17 21 2.513071555771187
list:
dist: 2.513071555771187 vs. 2.513071555771187
--------
nle(id0,id1,dist): 17 26 1.9465851186445042
list:
dist: 1.9465851186445042 vs. 1.9465851186445042
--------
nle(id0,id1,dist): 17 27 3.547589983519214
list:
dist: 3.547589983519214 vs. 3.547589983519214
--------
nle(id0,id1,dist): 17 24 2.4140016803586835
list:
dist: 2.4140016803586835 vs. 2.4140016803586835
--------
nle(id0,id1,dist): 17 25 0.7825418087495774
list:
dist: 0.7825418087495774 vs. 0.7825418087495774
--------
nle(id0,id1,dist): 16 17 1.6144940582671072
list:
dist: 1.6144940582671072 vs. 1.6144940582671072
--------
nle(id0,id1,dist): 16 18 3.8650453651126595
list:
dist: 3.8650453651126595 vs. 3.8650453651126595
--------
nle(id0,id1,dist): 16 21 1.6057706934271445
list:
dist: 1.6057706934271445 vs. 1.6057706934271445
--------
nle(id0,id1,dist): 16 22 2.5319036580025363
list:
dist: 2.5319036580025363 vs. 2.5319036580025363
--------
nle(id0,id1,dist): 16 23 1.2599979772119871
list:
dist: 1.2599979772119871 vs. 1.2599979772119871
--------
nle(id0,id1,dist): 16 24 2.7999280440252994
list:
dist: 2.7999280440252994 vs. 2.7999280440252994
--------
nle(id0,id1,dist): 16 25 1.6165037401897098
list:
dist: 1.6165037401897098 vs. 1.6165037401897098
--------
nle(id0,id1,dist): 16 26 2.402312327929322
list:
dist: 2.402312327929322 vs. 2.402312327929322
--------
nle(id0,id1,dist): 16 27 4.071945964364326
list:
dist: 4.071945964364326 vs. 4.071945964364326
--------
nle(id0,id1,dist): 16 28 2.0106044169357578
list:
dist: 2.0106044169357578 vs. 2.0106044169357578
--------
nle(id0,id1,dist): 1 3 3.7331252972544156
list:
dist: 3.7331252972544156 vs. 3.7331252972544156
--------
nle(id0,id1,dist): 1 4 1.357731540688383
list:
dist: 1.357731540688383 vs. 1.357731540688383
--------
nle(id0,id1,dist): 1 5 3.034747031818043
list:
dist: 3.034747031818043 vs. 3.034747031818043
--------
nle(id0,id1,dist): 1 6 0.35781314695412647
list:
dist: 0.35781314695412647 vs. 0.35781314695412647
--------
nle(id0,id1,dist): 1 7 2.27998921840844
list:
dist: 2.27998921840844 vs. 2.27998921840844
--------
nle(id0,id1,dist): 1 9 2.524622335692781
list:
dist: 2.524622335692781 vs. 2.524622335692781
--------
nle(id0,id1,dist): 1 10 3.450694589469029
list:
dist: 3.450694589469029 vs. 3.450694589469029
--------
nle(id0,id1,dist): 1 11 2.612343476195091
list:
dist: 2.612343476195091 vs. 2.612343476195091
--------
nle(id0,id1,dist): 1 15 3.313928177279259
list:
dist: 3.313928177279259 vs. 3.313928177279259
--------
nle(id0,id1,dist): 1 13 2.6533462707438757
list:
dist: 2.6533462707438757 vs. 2.6533462707438757
--------
nle(id0,id1,dist): 1 12 1.510349323944398
list:
dist: 1.510349323944398 vs. 1.510349323944398
--------
nle(id0,id1,dist): 1 18 3.992549124183775
list:
dist: 3.992549124183775 vs. 3.992549124183775
--------
nle(id0,id1,dist): 1 17 3.749783549965694
list:
dist: 3.749783549965694 vs. 3.749783549965694
--------
nle(id0,id1,dist): 1 16 2.77617900731557
list:
dist: 2.77617900731557 vs. 2.77617900731557
--------
nle(id0,id1,dist): 1 23 3.7934689387834775
list:
dist: 3.7934689387834775 vs. 3.7934689387834775
--------
nle(id0,id1,dist): 1 26 4.469301783346402
list:
dist: 4.469301783346402 vs. 4.469301783346402
--------
nle(id0,id1,dist): 1 25 3.8537873678400225
list:
dist: 3.8537873678400225 vs. 3.8537873678400225
--------
nle(id0,id1,dist): 3 18 1.1880265203332907
list:
dist: 1.1880265203332907 vs. 1.1880265203332907
--------
nle(id0,id1,dist): 3 19 2.1889835349464373
list:
dist: 2.1889835349464373 vs. 2.1889835349464373
--------
nle(id0,id1,dist): 3 9 3.0444543377225024
list:
dist: 3.0444543377225024 vs. 3.0444543377225024
--------
nle(id0,id1,dist): 3 8 2.300435892313957
list:
dist: 2.300435892313957 vs. 2.300435892313957
--------
nle(id0,id1,dist): 3 7 2.302145023064524
list:
dist: 2.302145023064524 vs. 2.302145023064524
--------
nle(id0,id1,dist): 3 4 3.999198495840829
list:
dist: 3.999198495840829 vs. 3.999198495840829
--------
nle(id0,id1,dist): 3 13 1.1459832478433178
list:
dist: 1.1459832478433178 vs. 1.1459832478433178
--------
nle(id0,id1,dist): 3 12 2.600267184185979
list:
dist: 2.600267184185979 vs. 2.600267184185979
--------
nle(id0,id1,dist): 3 10 2.502983147835305
list:
dist: 2.502983147835305 vs. 2.502983147835305
--------
nle(id0,id1,dist): 37 48 1.5559963717176388
list:
dist: 1.5559963717176388 vs. 1.5559963717176388
--------
nle(id0,id1,dist): 37 49 1.5275687733016785
list:
dist: 1.5275687733016785 vs. 1.5275687733016785
--------
nle(id0,id1,dist): 37 50 1.511199094786788
list:
dist: 1.511199094786788 vs. 1.511199094786788
--------
nle(id0,id1,dist): 37 51 2.6285639216982757
list:
dist: 2.6285639216982757 vs. 2.6285639216982757
--------
nle(id0,id1,dist): 37 52 1.799726765399049
list:
dist: 1.799726765399049 vs. 1.799726765399049
--------
nle(id0,id1,dist): 37 53 2.7519811430477845
list:
dist: 2.7519811430477845 vs. 2.7519811430477845
--------
nle(id0,id1,dist): 37 54 0.8668634509747065
list:
dist: 0.8668634509747065 vs. 0.8668634509747065
--------
nle(id0,id1,dist): 37 55 3.4954618553893178
list:
dist: 3.4954618553893178 vs. 3.4954618553893178
--------
nle(id0,id1,dist): 37 42 2.594940426258417
list:
dist: 2.594940426258417 vs. 2.594940426258417
--------
nle(id0,id1,dist): 37 43 1.557087587197035
list:
dist: 1.557087587197035 vs. 1.557087587197035
--------
nle(id0,id1,dist): 37 44 0.25444590513527005
list:
dist: 0.25444590513527005 vs. 0.25444590513527005
--------
nle(id0,id1,dist): 37 47 1.8856341913175414
list:
dist: 1.8856341913175414 vs. 1.8856341913175414
--------
nle(id0,id1,dist): 37 38 2.5503050565235563
list:
dist: 2.5503050565235563 vs. 2.5503050565235563
--------
nle(id0,id1,dist): 36 55 2.402934570484269
list:
dist: 2.402934570484269 vs. 2.402934570484269
--------
nle(id0,id1,dist): 36 56 1.820285686288051
list:
dist: 1.820285686288051 vs. 1.820285686288051
--------
nle(id0,id1,dist): 36 53 2.826267185780883
list:
dist: 2.826267185780883 vs. 2.826267185780883
--------
nle(id0,id1,dist): 36 54 1.014140805566915
list:
dist: 1.014140805566915 vs. 1.014140805566915
--------
nle(id0,id1,dist): 36 57 2.087165990732792
list:
dist: 2.087165990732792 vs. 2.087165990732792
--------
nle(id0,id1,dist): 36 58 1.3955077358205077
list:
dist: 1.3955077358205077 vs. 1.3955077358205077
--------
nle(id0,id1,dist): 36 47 2.631853481734367
list:
dist: 2.631853481734367 vs. 2.631853481734367
--------
nle(id0,id1,dist): 36 48 1.5872970251488139
list:
dist: 1.5872970251488139 vs. 1.5872970251488139
--------
nle(id0,id1,dist): 36 51 2.9297811198567056
list:
dist: 2.9297811198567056 vs. 2.9297811198567056
--------
nle(id0,id1,dist): 36 52 1.6471073891729664
list:
dist: 1.6471073891729664 vs. 1.6471073891729664
--------
nle(id0,id1,dist): 36 49 1.948405927777423
list:
dist: 1.948405927777423 vs. 1.948405927777423
--------
nle(id0,id1,dist): 36 50 0.7880928482110492
list:
dist: 0.7880928482110492 vs. 0.7880928482110492
--------
nle(id0,id1,dist): 36 38 1.4071714651280205
list:
dist: 1.4071714651280205 vs. 1.4071714651280205
--------
nle(id0,id1,dist): 36 37 1.3531361365824865
list:
dist: 1.3531361365824865 vs. 1.3531361365824865
--------
nle(id0,id1,dist): 36 44 1.1180769100932422
list:
dist: 1.1180769100932422 vs. 1.1180769100932422
--------
nle(id0,id1,dist): 36 43 0.7284670612653927
list:
dist: 0.7284670612653927 vs. 0.7284670612653927
--------
nle(id0,id1,dist): 36 42 1.641851514775701
list:
dist: 1.641851514775701 vs. 1.641851514775701
--------
nle(id0,id1,dist): 35 55 3.1974910057905057
list:
dist: 3.1974910057905057 vs. 3.1974910057905057
--------
nle(id0,id1,dist): 35 56 2.6265078007163716
list:
dist: 2.6265078007163716 vs. 2.6265078007163716
--------
nle(id0,id1,dist): 35 51 1.8214396118597622
list:
dist: 1.8214396118597622 vs. 1.8214396118597622
--------
nle(id0,id1,dist): 35 52 2.49455986557974
list:
dist: 2.49455986557974 vs. 2.49455986557974
--------
nle(id0,id1,dist): 35 47 3.5467447257277787
list:
dist: 3.5467447257277787 vs. 3.5467447257277787
--------
nle(id0,id1,dist): 35 46 1.098546938729472
list:
dist: 1.098546938729472 vs. 1.098546938729472
--------
nle(id0,id1,dist): 35 42 3.1440091648174695
list:
dist: 3.1440091648174695 vs. 3.1440091648174695
--------
nle(id0,id1,dist): 34 58 3.48452299879097
list:
dist: 3.48452299879097 vs. 3.48452299879097
--------
nle(id0,id1,dist): 34 55 1.902877973972414
list:
dist: 1.902877973972414 vs. 1.902877973972414
--------
nle(id0,id1,dist): 34 56 1.14893882276266
list:
dist: 1.14893882276266 vs. 1.14893882276266
--------
nle(id0,id1,dist): 34 54 1.979568670565821
list:
dist: 1.979568670565821 vs. 1.979568670565821
--------
nle(id0,id1,dist): 34 52 1.156078575623279
list:
dist: 1.156078575623279 vs. 1.156078575623279
--------
nle(id0,id1,dist): 34 51 1.726690082862909
list:
dist: 1.726690082862909 vs. 1.726690082862909
--------
nle(id0,id1,dist): 34 50 2.9708317041140044
list:
dist: 2.9708317041140044 vs. 2.9708317041140044
--------
nle(id0,id1,dist): 34 49 3.9712064307947044
list:
dist: 3.9712064307947044 vs. 3.9712064307947044
--------
nle(id0,id1,dist): 34 48 2.7826873619709858
list:
dist: 2.7826873619709858 vs. 2.7826873619709858
--------
nle(id0,id1,dist): 34 46 1.1628968960721466
list:
dist: 1.1628968960721466 vs. 1.1628968960721466
--------
nle(id0,id1,dist): 34 44 2.6747103402791366
list:
dist: 2.6747103402791366 vs. 2.6747103402791366
--------
nle(id0,id1,dist): 34 43 2.0637102304333927
list:
dist: 2.0637102304333927 vs. 2.0637102304333927
--------
nle(id0,id1,dist): 34 42 1.3722062788479146
list:
dist: 1.3722062788479146 vs. 1.3722062788479146
--------
nle(id0,id1,dist): 34 41 2.7504046296768454
list:
dist: 2.7504046296768454 vs. 2.7504046296768454
--------
nle(id0,id1,dist): 34 36 2.4241564820902224
list:
dist: 2.4241564820902224 vs. 2.4241564820902224
--------
nle(id0,id1,dist): 34 35 2.072629872196981
list:
dist: 2.072629872196981 vs. 2.072629872196981
--------
nle(id0,id1,dist): 34 38 2.8482131347441535
list:
dist: 2.8482131347441535 vs. 2.8482131347441535
--------
nle(id0,id1,dist): 34 37 2.750535186016081
list:
dist: 2.750535186016081 vs. 2.750535186016081
--------
nle(id0,id1,dist): 33 44 1.225160332205255
list:
dist: 1.225160332205255 vs. 1.225160332205255
--------
nle(id0,id1,dist): 33 48 2.2174184019804537
list:
dist: 2.2174184019804537 vs. 2.2174184019804537
--------
nle(id0,id1,dist): 33 49 2.617358727607995
list:
dist: 2.617358727607995 vs. 2.617358727607995
--------
nle(id0,id1,dist): 33 50 1.3508247236825832
list:
dist: 1.3508247236825832 vs. 1.3508247236825832
--------
nle(id0,id1,dist): 33 51 2.574210037120692
list:
dist: 2.574210037120692 vs. 2.574210037120692
--------
nle(id0,id1,dist): 33 52 1.4380890869483067
list:
dist: 1.4380890869483067 vs. 1.4380890869483067
--------
nle(id0,id1,dist): 33 53 2.537749115845489
list:
dist: 2.537749115845489 vs. 2.537749115845489
--------
nle(id0,id1,dist): 33 54 0.5144184087153023
list:
dist: 0.5144184087153023 vs. 0.5144184087153023
--------
nle(id0,id1,dist): 33 55 2.5860429181532587
list:
dist: 2.5860429181532587 vs. 2.5860429181532587
--------
nle(id0,id1,dist): 33 56 1.8868511026947274
list:
dist: 1.8868511026947274 vs. 1.8868511026947274
--------
nle(id0,id1,dist): 33 57 2.9739521832782265
list:
dist: 2.9739521832782265 vs. 2.9739521832782265
--------
nle(id0,id1,dist): 33 58 2.2905924619071074
list:
dist: 2.2905924619071074 vs. 2.2905924619071074
--------
nle(id0,id1,dist): 33 34 1.89698785742469
list:
dist: 1.89698785742469 vs. 1.89698785742469
--------
nle(id0,id1,dist): 33 38 1.8033936104774428
list:
dist: 1.8033936104774428 vs. 1.8033936104774428
--------
nle(id0,id1,dist): 33 37 1.277033756668878
list:
dist: 1.277033756668878 vs. 1.277033756668878
--------
nle(id0,id1,dist): 33 36 1.1974126615954712
list:
dist: 1.1974126615954712 vs. 1.1974126615954712
--------
nle(id0,id1,dist): 33 43 0.7113063314917707
list:
dist: 0.7113063314917707 vs. 0.7113063314917707
--------
nle(id0,id1,dist): 33 42 1.6176128056501637
list:
dist: 1.6176128056501637 vs. 1.6176128056501637
--------
nle(id0,id1,dist): 33 41 1.754062712004807
list:
dist: 1.754062712004807 vs. 1.754062712004807
--------
nle(id0,id1,dist): 32 50 3.9339092884645295
list:
dist: 3.9339092884645295 vs. 3.9339092884645295
--------
nle(id0,id1,dist): 32 55 2.1517833525837773
list:
dist: 2.1517833525837773 vs. 2.1517833525837773
--------
nle(id0,id1,dist): 32 56 2.5809148983533863
list:
dist: 2.5809148983533863 vs. 2.5809148983533863
--------
nle(id0,id1,dist): 32 38 3.076343381026995
list:
dist: 3.076343381026995 vs. 3.076343381026995
--------
nle(id0,id1,dist): 32 34 2.5139042389303357
list:
dist: 2.5139042389303357 vs. 2.5139042389303357
--------
nle(id0,id1,dist): 32 33 3.263347422329779
list:
dist: 3.263347422329779 vs. 3.263347422329779
--------
nle(id0,id1,dist): 32 46 3.092726727510791
list:
dist: 3.092726727510791 vs. 3.092726727510791
--------
nle(id0,id1,dist): 32 42 2.2783107299528798
list:
dist: 2.2783107299528798 vs. 2.2783107299528798
--------
nle(id0,id1,dist): 32 41 2.4557506289895894
list:
dist: 2.4557506289895894 vs. 2.4557506289895894
--------
nle(id0,id1,dist): 32 43 3.1567597631378375
list:
dist: 3.1567597631378375 vs. 3.1567597631378375
--------
nle(id0,id1,dist): 31 55 3.080635052733044
list:
dist: 3.080635052733044 vs. 3.080635052733044
--------
nle(id0,id1,dist): 31 56 2.6440674498444645
list:
dist: 2.6440674498444645 vs. 2.6440674498444645
--------
nle(id0,id1,dist): 31 42 3.207123767402444
list:
dist: 3.207123767402444 vs. 3.207123767402444
--------
nle(id0,id1,dist): 31 52 2.728551396428493
list:
dist: 2.728551396428493 vs. 2.728551396428493
--------
nle(id0,id1,dist): 31 51 2.2605120787670603
list:
dist: 2.2605120787670603 vs. 2.2605120787670603
--------
nle(id0,id1,dist): 31 47 3.7744555802690187
list:
dist: 3.7744555802690187 vs. 3.7744555802690187
--------
nle(id0,id1,dist): 31 46 1.2404391381536017
list:
dist: 1.2404391381536017 vs. 1.2404391381536017
--------
nle(id0,id1,dist): 31 34 2.386552940536487
list:
dist: 2.386552940536487 vs. 2.386552940536487
--------
nle(id0,id1,dist): 31 35 0.7054010493038295
list:
dist: 0.7054010493038295 vs. 0.7054010493038295
--------
nle(id0,id1,dist): 43 58 2.0775575000652355
list:
dist: 2.0775575000652355 vs. 2.0775575000652355
--------
nle(id0,id1,dist): 44 47 1.9098510405091909
list:
dist: 1.9098510405091909 vs. 1.9098510405091909
--------
nle(id0,id1,dist): 44 48 1.3971550169227598
list:
dist: 1.3971550169227598 vs. 1.3971550169227598
--------
nle(id0,id1,dist): 44 51 2.6242505940236196
list:
dist: 2.6242505940236196 vs. 2.6242505940236196
--------
nle(id0,id1,dist): 44 52 1.6999341033250532
list:
dist: 1.6999341033250532 vs. 1.6999341033250532
--------
nle(id0,id1,dist): 44 49 1.45630488757368
list:
dist: 1.45630488757368 vs. 1.45630488757368
--------
nle(id0,id1,dist): 44 50 1.344330753866478
list:
dist: 1.344330753866478 vs. 1.344330753866478
--------
nle(id0,id1,dist): 43 50 0.930329150244473
list:
dist: 0.930329150244473 vs. 0.930329150244473
--------
nle(id0,id1,dist): 43 51 2.9117929530666258
list:
dist: 2.9117929530666258 vs. 2.9117929530666258
--------
nle(id0,id1,dist): 43 52 1.5969452987163164
list:
dist: 1.5969452987163164 vs. 1.5969452987163164
--------
nle(id0,id1,dist): 43 53 2.568086926183659
list:
dist: 2.568086926183659 vs. 2.568086926183659
--------
nle(id0,id1,dist): 43 54 0.8800791728835814
list:
dist: 0.8800791728835814 vs. 0.8800791728835814
--------
nle(id0,id1,dist): 43 55 2.1676743654321995
list:
dist: 2.1676743654321995 vs. 2.1676743654321995
--------
nle(id0,id1,dist): 43 56 1.6333298481295477
list:
dist: 1.6333298481295477 vs. 1.6333298481295477
--------
nle(id0,id1,dist): 43 57 2.467599443104903
list:
dist: 2.467599443104903 vs. 2.467599443104903
--------
nle(id0,id1,dist): 43 44 1.3982810578823637
list:
dist: 1.3982810578823637 vs. 1.3982810578823637
--------
nle(id0,id1,dist): 43 48 2.1468779358367343
list:
dist: 2.1468779358367343 vs. 2.1468779358367343
--------
nle(id0,id1,dist): 43 49 2.5426488549790105
list:
dist: 2.5426488549790105 vs. 2.5426488549790105
--------
nle(id0,id1,dist): 42 46 2.0584828439004017
list:
dist: 2.0584828439004017 vs. 2.0584828439004017
--------
nle(id0,id1,dist): 42 44 2.4276062854912532
list:
dist: 2.4276062854912532 vs. 2.4276062854912532
--------
nle(id0,id1,dist): 42 43 1.275807249648014
list:
dist: 1.275807249648014 vs. 1.275807249648014
--------
nle(id0,id1,dist): 42 58 2.940164249166015
list:
dist: 2.940164249166015 vs. 2.940164249166015
--------
nle(id0,id1,dist): 42 55 0.9715637326764293
list:
dist: 0.9715637326764293 vs. 0.9715637326764293
--------
nle(id0,id1,dist): 42 56 0.6042635906505897
list:
dist: 0.6042635906505897 vs. 0.6042635906505897
--------
nle(id0,id1,dist): 42 54 1.7834326616090217
list:
dist: 1.7834326616090217 vs. 1.7834326616090217
--------
nle(id0,id1,dist): 42 51 2.7412160435954447
list:
dist: 2.7412160435954447 vs. 2.7412160435954447
--------
nle(id0,id1,dist): 42 52 1.526851198602967
list:
dist: 1.526851198602967 vs. 1.526851198602967
--------
nle(id0,id1,dist): 42 49 3.5383832617111586
list:
dist: 3.5383832617111586 vs. 3.5383832617111586
--------
nle(id0,id1,dist): 42 50 2.102426515070237
list:
dist: 2.102426515070237 vs. 2.102426515070237
--------
nle(id0,id1,dist): 42 48 2.613263284293347
list:
dist: 2.613263284293347 vs. 2.613263284293347
--------
nle(id0,id1,dist): 41 50 1.9071225309173891
list:
dist: 1.9071225309173891 vs. 1.9071225309173891
--------
nle(id0,id1,dist): 41 43 1.5520258790666226
list:
dist: 1.5520258790666226 vs. 1.5520258790666226
--------
nle(id0,id1,dist): 41 42 1.9079648916847318
list:
dist: 1.9079648916847318 vs. 1.9079648916847318
--------
nle(id0,id1,dist): 40 74 4.235770824869449
list:
dist: 4.235770824869449 vs. 4.235770824869449
--------
nle(id0,id1,dist): 41 56 2.497269923970559
list:
dist: 2.497269923970559 vs. 2.497269923970559
--------
nle(id0,id1,dist): 41 53 2.2423931902592056
list:
dist: 2.2423931902592056 vs. 2.2423931902592056
--------
nle(id0,id1,dist): 41 55 2.523749655834161
list:
dist: 2.523749655834161 vs. 2.523749655834161
--------
nle(id0,id1,dist): 39 63 2.5370181178438305
list:
dist: 2.5370181178438305 vs. 2.5370181178438305
--------
nle(id0,id1,dist): 39 64 1.9152923296367828
list:
dist: 1.9152923296367828 vs. 1.9152923296367828
--------
nle(id0,id1,dist): 39 67 1.9398228752340905
list:
dist: 1.9398228752340905 vs. 1.9398228752340905
--------
nle(id0,id1,dist): 39 66 2.0021253123329132
list:
dist: 2.0021253123329132 vs. 2.0021253123329132
--------
nle(id0,id1,dist): 39 69 1.493635011901176
list:
dist: 1.493635011901176 vs. 1.493635011901176
--------
nle(id0,id1,dist): 39 73 2.128647260608328
list:
dist: 2.128647260608328 vs. 2.128647260608328
--------
nle(id0,id1,dist): 39 74 1.356362644877274
list:
dist: 1.356362644877274 vs. 1.356362644877274
--------
nle(id0,id1,dist): 38 57 2.0360318128298798
list:
dist: 2.0360318128298798 vs. 2.0360318128298798
--------
nle(id0,id1,dist): 38 58 2.6106018749075686
list:
dist: 2.6106018749075686 vs. 2.6106018749075686
--------
nle(id0,id1,dist): 38 55 2.1038613050504336
list:
dist: 2.1038613050504336 vs. 2.1038613050504336
--------
nle(id0,id1,dist): 38 56 2.111374075876604
list:
dist: 2.111374075876604 vs. 2.111374075876604
--------
nle(id0,id1,dist): 38 53 2.5673691197447917
list:
dist: 2.5673691197447917 vs. 2.5673691197447917
--------
nle(id0,id1,dist): 38 54 2.0244146655841875
list:
dist: 2.0244146655841875 vs. 2.0244146655841875
--------
nle(id0,id1,dist): 38 52 2.6045839491553147
list:
dist: 2.6045839491553147 vs. 2.6045839491553147
--------
nle(id0,id1,dist): 39 45 2.0639693128557606
list:
dist: 2.0639693128557606 vs. 2.0639693128557606
--------
nle(id0,id1,dist): 37 56 2.6746409874078525
list:
dist: 2.6746409874078525 vs. 2.6746409874078525
--------
nle(id0,id1,dist): 37 57 2.7983756289535924
list:
dist: 2.7983756289535924 vs. 2.7983756289535924
--------
nle(id0,id1,dist): 37 58 1.4614120384072458
list:
dist: 1.4614120384072458 vs. 1.4614120384072458
--------
nle(id0,id1,dist): 38 42 1.6087170115874347
list:
dist: 1.6087170115874347 vs. 1.6087170115874347
--------
nle(id0,id1,dist): 38 41 1.3076717967462586
list:
dist: 1.3076717967462586 vs. 1.3076717967462586
--------
nle(id0,id1,dist): 38 48 2.955778433278207
list:
dist: 2.955778433278207 vs. 2.955778433278207
--------
nle(id0,id1,dist): 38 50 1.2085201735415274
list:
dist: 1.2085201735415274 vs. 1.2085201735415274
--------
nle(id0,id1,dist): 38 49 3.1210515939384535
list:
dist: 3.1210515939384535 vs. 3.1210515939384535
--------
nle(id0,id1,dist): 38 44 2.369015645832237
list:
dist: 2.369015645832237 vs. 2.369015645832237
--------
nle(id0,id1,dist): 38 43 1.15933618851918
list:
dist: 1.15933618851918 vs. 1.15933618851918
--------
nle(id0,id1,dist): 23 28 1.5163904236481027
list:
dist: 1.5163904236481027 vs. 1.5163904236481027
--------
nle(id0,id1,dist): 23 26 1.7741084377819534
list:
dist: 1.7741084377819534 vs. 1.7741084377819534
--------
nle(id0,id1,dist): 23 27 3.1793928488325753
list:
dist: 3.1793928488325753 vs. 3.1793928488325753
--------
nle(id0,id1,dist): 23 24 1.9759294959278124
list:
dist: 1.9759294959278124 vs. 1.9759294959278124
--------
nle(id0,id1,dist): 23 25 0.7281864978193308
list:
dist: 0.7281864978193308 vs. 0.7281864978193308
--------
nle(id0,id1,dist): 21 26 2.331221623208933
list:
dist: 2.331221623208933 vs. 2.331221623208933
--------
nle(id0,id1,dist): 21 27 3.0922833288479588
list:
dist: 3.0922833288479588 vs. 3.0922833288479588
--------
nle(id0,id1,dist): 21 24 1.9863384511790037
list:
dist: 1.9863384511790037 vs. 1.9863384511790037
--------
nle(id0,id1,dist): 21 25 2.16206451486084
list:
dist: 2.16206451486084 vs. 2.16206451486084
--------
nle(id0,id1,dist): 21 28 1.291249380623667
list:
dist: 1.291249380623667 vs. 1.291249380623667
--------
nle(id0,id1,dist): 21 23 1.871032697062641
list:
dist: 1.871032697062641 vs. 1.871032697062641
--------
nle(id0,id1,dist): 21 22 2.324196540260952
list:
dist: 2.324196540260952 vs. 2.324196540260952
--------
nle(id0,id1,dist): 22 27 1.973688062064872
list:
dist: 1.973688062064872 vs. 1.973688062064872
--------
nle(id0,id1,dist): 22 28 1.4770594989458756
list:
dist: 1.4770594989458756 vs. 1.4770594989458756
--------
nle(id0,id1,dist): 22 23 1.3746680478104751
list:
dist: 1.3746680478104751 vs. 1.3746680478104751
--------
nle(id0,id1,dist): 22 24 1.1151727299835366
list:
dist: 1.1151727299835366 vs. 1.1151727299835366
--------
nle(id0,id1,dist): 22 25 1.4734104821906209
list:
dist: 1.4734104821906209 vs. 1.4734104821906209
--------
nle(id0,id1,dist): 22 26 1.832579236697238
list:
dist: 1.832579236697238 vs. 1.832579236697238
--------
nle(id0,id1,dist): 19 25 2.671640724096059
list:
dist: 2.671640724096059 vs. 2.671640724096059
--------
nle(id0,id1,dist): 19 23 3.378870412161197
list:
dist: 3.378870412161197 vs. 3.378870412161197
--------
nle(id0,id1,dist): 19 20 1.7783047643529055
list:
dist: 1.7783047643529055 vs. 1.7783047643529055
--------
nle(id0,id1,dist): 19 29 3.158756747993784
list:
dist: 3.158756747993784 vs. 3.158756747993784
--------
nle(id0,id1,dist): 19 26 2.288435946351519
list:
dist: 2.288435946351519 vs. 2.288435946351519
--------
nle(id0,id1,dist): 20 29 1.4923693301765129
list:
dist: 1.4923693301765129 vs. 1.4923693301765129
--------
nle(id0,id1,dist): 20 25 2.7176528679171104
list:
dist: 2.7176528679171104 vs. 2.7176528679171104
--------
nle(id0,id1,dist): 20 26 2.1694231778162725
list:
dist: 2.1694231778162725 vs. 2.1694231778162725
--------
nle(id0,id1,dist): 20 27 3.558866602940174
list:
dist: 3.558866602940174 vs. 3.558866602940174
--------
nle(id0,id1,dist): 20 28 3.222905985050272
list:
dist: 3.222905985050272 vs. 3.222905985050272
--------
nle(id0,id1,dist): 20 22 3.004829086074876
list:
dist: 3.004829086074876 vs. 3.004829086074876
--------
nle(id0,id1,dist): 20 23 3.371566216417465
list:
dist: 3.371566216417465 vs. 3.371566216417465
--------
nle(id0,id1,dist): 20 24 3.1107059181587267
list:
dist: 3.1107059181587267 vs. 3.1107059181587267
--------
nle(id0,id1,dist): 18 20 2.812155473381488
list:
dist: 2.812155473381488 vs. 2.812155473381488
--------
nle(id0,id1,dist): 18 19 1.0634005475265194
list:
dist: 1.0634005475265194 vs. 1.0634005475265194
--------
nle(id0,id1,dist): 17 28 2.0412092912463105
list:
dist: 2.0412092912463105 vs. 2.0412092912463105
--------
nle(id0,id1,dist): 18 23 3.7160635589848265
list:
dist: 3.7160635589848265 vs. 3.7160635589848265
--------
nle(id0,id1,dist): 18 25 3.090411408972131
list:
dist: 3.090411408972131 vs. 3.090411408972131
--------
nle(id0,id1,dist): 18 26 2.958687722668707
list:
dist: 2.958687722668707 vs. 2.958687722668707
--------
nle(id0,id1,dist): 30 42 2.1177450991111826
list:
dist: 2.1177450991111826 vs. 2.1177450991111826
--------
nle(id0,id1,dist): 30 38 2.826329036510887
list:
dist: 2.826329036510887 vs. 2.826329036510887
--------
nle(id0,id1,dist): 30 37 1.4298000439259702
list:
dist: 1.4298000439259702 vs. 1.4298000439259702
--------
nle(id0,id1,dist): 30 36 1.5470903767873232
list:
dist: 1.5470903767873232 vs. 1.5470903767873232
--------
nle(id0,id1,dist): 30 35 2.9599849748237346
list:
dist: 2.9599849748237346 vs. 2.9599849748237346
--------
nle(id0,id1,dist): 30 34 1.9780076597759493
list:
dist: 1.9780076597759493 vs. 1.9780076597759493
--------
nle(id0,id1,dist): 30 33 1.709466004797031
list:
dist: 1.709466004797031 vs. 1.709466004797031
--------
nle(id0,id1,dist): 30 31 3.1334985660266024
list:
dist: 3.1334985660266024 vs. 3.1334985660266024
--------
nle(id0,id1,dist): 30 58 1.79990943532428
list:
dist: 1.79990943532428 vs. 1.79990943532428
--------
nle(id0,id1,dist): 30 55 2.8229448945287117
list:
dist: 2.8229448945287117 vs. 2.8229448945287117
--------
nle(id0,id1,dist): 30 56 1.8650867362763364
list:
dist: 1.8650867362763364 vs. 1.8650867362763364
--------
nle(id0,id1,dist): 30 54 1.266089143002798
list:
dist: 1.266089143002798 vs. 1.266089143002798
--------
nle(id0,id1,dist): 30 51 1.5531069796557448
list:
dist: 1.5531069796557448 vs. 1.5531069796557448
--------
nle(id0,id1,dist): 30 52 0.8263087652308493
list:
dist: 0.8263087652308493 vs. 0.8263087652308493
--------
nle(id0,id1,dist): 30 49 2.211000827710617
list:
dist: 2.211000827710617 vs. 2.211000827710617
--------
nle(id0,id1,dist): 30 50 2.2325984031953565
list:
dist: 2.2325984031953565 vs. 2.2325984031953565
--------
nle(id0,id1,dist): 30 47 1.3460590542860984
list:
dist: 1.3460590542860984 vs. 1.3460590542860984
--------
nle(id0,id1,dist): 30 48 0.8799207237195814
list:
dist: 0.8799207237195814 vs. 0.8799207237195814
--------
nle(id0,id1,dist): 30 46 2.347822569228024
list:
dist: 2.347822569228024 vs. 2.347822569228024
--------
nle(id0,id1,dist): 30 43 1.8206841263588593
list:
dist: 1.8206841263588593 vs. 1.8206841263588593
--------
nle(id0,id1,dist): 30 44 1.3177549226790484
list:
dist: 1.3177549226790484 vs. 1.3177549226790484
--------
nle(id0,id1,dist): 26 27 2.711376509484948
list:
dist: 2.711376509484948 vs. 2.711376509484948
--------
nle(id0,id1,dist): 26 28 1.1947337361891162
list:
dist: 1.1947337361891162 vs. 1.1947337361891162
--------
nle(id0,id1,dist): 27 28 2.230952545257329
list:
dist: 2.230952545257329 vs. 2.230952545257329
--------
nle(id0,id1,dist): 24 25 1.9184196122335402
list:
dist: 1.9184196122335402 vs. 1.9184196122335402
--------
nle(id0,id1,dist): 24 26 1.6205200770930326
list:
dist: 1.6205200770930326 vs. 1.6205200770930326
--------
nle(id0,id1,dist): 24 27 1.303437856082328
list:
dist: 1.303437856082328 vs. 1.303437856082328
--------
nle(id0,id1,dist): 24 28 0.9600663412500492
list:
dist: 0.9600663412500492 vs. 0.9600663412500492
--------
nle(id0,id1,dist): 25 26 1.1773061364366866
list:
dist: 1.1773061364366866 vs. 1.1773061364366866
--------
nle(id0,id1,dist): 25 27 3.1293446519039727
list:
dist: 3.1293446519039727 vs. 3.1293446519039727
--------
nle(id0,id1,dist): 25 28 1.4293792449543288
list:
dist: 1.4293792449543288 vs. 1.4293792449543288
--------
nle(id0,id1,dist): 62 80 2.074672720494472
list:
dist: 2.074672720494472 vs. 2.074672720494472
--------
nle(id0,id1,dist): 62 82 2.174419532044692
list:
dist: 2.174419532044692 vs. 2.174419532044692
--------
nle(id0,id1,dist): 62 76 2.6607167459513215
list:
dist: 2.6607167459513215 vs. 2.6607167459513215
--------
nle(id0,id1,dist): 62 77 2.0468895799667766
list:
dist: 2.0468895799667766 vs. 2.0468895799667766
--------
nle(id0,id1,dist): 62 83 2.0455389534505732
list:
dist: 2.0455389534505732 vs. 2.0455389534505732
--------
nle(id0,id1,dist): 62 85 1.9874142477157315
list:
dist: 1.9874142477157315 vs. 1.9874142477157315
--------
nle(id0,id1,dist): 62 64 2.6879650848246297
list:
dist: 2.6879650848246297 vs. 2.6879650848246297
--------
nle(id0,id1,dist): 62 63 1.4664796996497151
list:
dist: 1.4664796996497151 vs. 1.4664796996497151
--------
nle(id0,id1,dist): 62 66 1.7975856183008845
list:
dist: 1.7975856183008845 vs. 1.7975856183008845
--------
nle(id0,id1,dist): 62 65 1.3033983840890955
list:
dist: 1.3033983840890955 vs. 1.3033983840890955
--------
nle(id0,id1,dist): 62 72 0.7269087588298537
list:
dist: 0.7269087588298537 vs. 0.7269087588298537
--------
nle(id0,id1,dist): 62 71 1.196643084976492
list:
dist: 1.196643084976492 vs. 1.196643084976492
--------
nle(id0,id1,dist): 62 73 1.8640680062282786
list:
dist: 1.8640680062282786 vs. 1.8640680062282786
--------
nle(id0,id1,dist): 62 68 3.38765126586591
list:
dist: 3.38765126586591 vs. 3.38765126586591
--------
nle(id0,id1,dist): 62 67 1.6720849985913355
list:
dist: 1.6720849985913355 vs. 1.6720849985913355
--------
nle(id0,id1,dist): 62 70 1.1394423775959222
list:
dist: 1.1394423775959222 vs. 1.1394423775959222
--------
nle(id0,id1,dist): 62 69 1.8615742689334183
list:
dist: 1.8615742689334183 vs. 1.8615742689334183
--------
nle(id0,id1,dist): 61 85 1.3810000574095398
list:
dist: 1.3810000574095398 vs. 1.3810000574095398
--------
nle(id0,id1,dist): 61 82 1.8757902176239856
list:
dist: 1.8757902176239856 vs. 1.8757902176239856
--------
nle(id0,id1,dist): 61 70 1.634429922567074
list:
dist: 1.634429922567074 vs. 1.634429922567074
--------
nle(id0,id1,dist): 61 65 2.6668567197290662
list:
dist: 2.6668567197290662 vs. 2.6668567197290662
--------
nle(id0,id1,dist): 61 77 2.6982987014986026
list:
dist: 2.6982987014986026 vs. 2.6982987014986026
--------
nle(id0,id1,dist): 61 72 2.3469016288840705
list:
dist: 2.3469016288840705 vs. 2.3469016288840705
--------
nle(id0,id1,dist): 64 65 2.4394380202615897
list:
dist: 2.4394380202615897 vs. 2.4394380202615897
--------
nle(id0,id1,dist): 64 66 1.0478638418891046
list:
dist: 1.0478638418891046 vs. 1.0478638418891046
--------
nle(id0,id1,dist): 64 67 1.8077646110463421
list:
dist: 1.8077646110463421 vs. 1.8077646110463421
--------
nle(id0,id1,dist): 64 68 4.115975979609402
list:
dist: 4.115975979609402 vs. 4.115975979609402
--------
nle(id0,id1,dist): 64 69 1.9035593897147813
list:
dist: 1.9035593897147813 vs. 1.9035593897147813
--------
nle(id0,id1,dist): 64 70 3.2467527288449247
list:
dist: 3.2467527288449247 vs. 3.2467527288449247
--------
nle(id0,id1,dist): 64 71 2.607240446782531
list:
dist: 2.607240446782531 vs. 2.607240446782531
--------
nle(id0,id1,dist): 64 72 2.971306029586484
list:
dist: 2.971306029586484 vs. 2.971306029586484
--------
nle(id0,id1,dist): 64 73 1.5129380608027971
list:
dist: 1.5129380608027971 vs. 1.5129380608027971
--------
nle(id0,id1,dist): 64 74 1.220972947912078
list:
dist: 1.220972947912078 vs. 1.220972947912078
--------
nle(id0,id1,dist): 64 76 3.4107405717310404
list:
dist: 3.4107405717310404 vs. 3.4107405717310404
--------
nle(id0,id1,dist): 64 77 4.204174291824945
list:
dist: 4.204174291824945 vs. 4.204174291824945
--------
nle(id0,id1,dist): 64 78 2.8946124174854537
list:
dist: 2.8946124174854537 vs. 2.8946124174854537
--------
nle(id0,id1,dist): 64 79 4.055478529518288
list:
dist: 4.055478529518288 vs. 4.055478529518288
--------
nle(id0,id1,dist): 64 80 2.4249713030261546
list:
dist: 2.4249713030261546 vs. 2.4249713030261546
--------
nle(id0,id1,dist): 63 72 1.832471291130607
list:
dist: 1.832471291130607 vs. 1.832471291130607
--------
nle(id0,id1,dist): 63 73 1.3923192508939677
list:
dist: 1.3923192508939677 vs. 1.3923192508939677
--------
nle(id0,id1,dist): 63 70 1.9045008243528334
list:
dist: 1.9045008243528334 vs. 1.9045008243528334
--------
nle(id0,id1,dist): 63 71 1.6995123551367266
list:
dist: 1.6995123551367266 vs. 1.6995123551367266
--------
nle(id0,id1,dist): 63 76 3.064766557264507
list:
dist: 3.064766557264507 vs. 3.064766557264507
--------
nle(id0,id1,dist): 63 77 3.227723786290943
list:
dist: 3.227723786290943 vs. 3.227723786290943
--------
nle(id0,id1,dist): 63 74 2.1874987909684616
list:
dist: 2.1874987909684616 vs. 2.1874987909684616
--------
nle(id0,id1,dist): 63 80 1.9605241733893968
list:
dist: 1.9605241733893968 vs. 1.9605241733893968
--------
nle(id0,id1,dist): 63 78 2.993477325369424
list:
dist: 2.993477325369424 vs. 2.993477325369424
--------
nle(id0,id1,dist): 63 79 4.386431083780737
list:
dist: 4.386431083780737 vs. 4.386431083780737
--------
nle(id0,id1,dist): 63 85 3.372217825927803
list:
dist: 3.372217825927803 vs. 3.372217825927803
--------
nle(id0,id1,dist): 63 82 3.3526742034114982
list:
dist: 3.3526742034114982 vs. 3.3526742034114982
--------
nle(id0,id1,dist): 63 83 2.115804329113086
list:
dist: 2.115804329113086 vs. 2.115804329113086
--------
nle(id0,id1,dist): 63 65 1.225262986989312
list:
dist: 1.225262986989312 vs. 1.225262986989312
--------
nle(id0,id1,dist): 63 64 1.3445324523515572
list:
dist: 1.3445324523515572 vs. 1.3445324523515572
--------
nle(id0,id1,dist): 63 69 1.70419701052428
list:
dist: 1.70419701052428 vs. 1.70419701052428
--------
nle(id0,id1,dist): 63 68 3.910173355900252
list:
dist: 3.910173355900252 vs. 3.910173355900252
--------
nle(id0,id1,dist): 63 67 1.2050582145494693
list:
dist: 1.2050582145494693 vs. 1.2050582145494693
--------
nle(id0,id1,dist): 63 66 0.5908613535218972
list:
dist: 0.5908613535218972 vs. 0.5908613535218972
--------
nle(id0,id1,dist): 59 71 3.7770759575213075
list:
dist: 3.7770759575213075 vs. 3.7770759575213075
--------
nle(id0,id1,dist): 59 73 3.599886987027627
list:
dist: 3.599886987027627 vs. 3.599886987027627
--------
nle(id0,id1,dist): 59 66 4.649101010029619
list:
dist: 4.649101010029619 vs. 4.649101010029619
--------
nle(id0,id1,dist): 59 63 4.43581530082996
list:
dist: 4.43581530082996 vs. 4.43581530082996
--------
nle(id0,id1,dist): 59 64 4.102358982292145
list:
dist: 4.102358982292145 vs. 4.102358982292145
--------
nle(id0,id1,dist): 61 62 2.3433727903391692
list:
dist: 2.3433727903391692 vs. 2.3433727903391692
--------
nle(id0,id1,dist): 60 69 2.796002222691158
list:
dist: 2.796002222691158 vs. 2.796002222691158
--------
nle(id0,id1,dist): 60 70 1.6126698791170526
list:
dist: 1.6126698791170526 vs. 1.6126698791170526
--------
nle(id0,id1,dist): 60 73 2.9503041577752067
list:
dist: 2.9503041577752067 vs. 2.9503041577752067
--------
nle(id0,id1,dist): 60 64 2.7038121434011653
list:
dist: 2.7038121434011653 vs. 2.7038121434011653
--------
nle(id0,id1,dist): 60 63 1.657272282214041
list:
dist: 1.657272282214041 vs. 1.657272282214041
--------
nle(id0,id1,dist): 60 62 1.9217284321305068
list:
dist: 1.9217284321305068 vs. 1.9217284321305068
--------
nle(id0,id1,dist): 60 61 2.893369053145762
list:
dist: 2.893369053145762 vs. 2.893369053145762
--------
nle(id0,id1,dist): 60 67 1.6311204147293832
list:
dist: 1.6311204147293832 vs. 1.6311204147293832
--------
nle(id0,id1,dist): 60 66 1.8017124994552762
list:
dist: 1.8017124994552762 vs. 1.8017124994552762
--------
nle(id0,id1,dist): 60 65 0.6316299102638329
list:
dist: 0.6316299102638329 vs. 0.6316299102638329
--------
nle(id0,id1,dist): 59 74 3.8678891584881994
list:
dist: 3.8678891584881994 vs. 3.8678891584881994
--------
nle(id0,id1,dist): 59 80 2.8449149371287743
list:
dist: 2.8449149371287743 vs. 2.8449149371287743
--------
nle(id0,id1,dist): 69 71 2.0836234607647253
list:
dist: 2.0836234607647253 vs. 2.0836234607647253
--------
nle(id0,id1,dist): 69 70 2.907488238252438
list:
dist: 2.907488238252438 vs. 2.907488238252438
--------
nle(id0,id1,dist): 69 78 1.8326182802889537
list:
dist: 1.8326182802889537 vs. 1.8326182802889537
--------
nle(id0,id1,dist): 69 79 3.619358441011246
list:
dist: 3.619358441011246 vs. 3.619358441011246
--------
nle(id0,id1,dist): 69 76 2.5661429524697668
list:
dist: 2.5661429524697668 vs. 2.5661429524697668
--------
nle(id0,id1,dist): 69 77 3.138092824242995
list:
dist: 3.138092824242995 vs. 3.138092824242995
--------
nle(id0,id1,dist): 69 74 1.6725209372846896
list:
dist: 1.6725209372846896 vs. 1.6725209372846896
--------
nle(id0,id1,dist): 69 72 2.2167210750807307
list:
dist: 2.2167210750807307 vs. 2.2167210750807307
--------
nle(id0,id1,dist): 69 73 1.127723129361979
list:
dist: 1.127723129361979 vs. 1.127723129361979
--------
nle(id0,id1,dist): 69 85 3.611672963471467
list:
dist: 3.611672963471467 vs. 3.611672963471467
--------
nle(id0,id1,dist): 69 82 3.7682226463088444
list:
dist: 3.7682226463088444 vs. 3.7682226463088444
--------
nle(id0,id1,dist): 69 83 1.2817626020429438
list:
dist: 1.2817626020429438 vs. 1.2817626020429438
--------
nle(id0,id1,dist): 69 80 2.4193366105884158
list:
dist: 2.4193366105884158 vs. 2.4193366105884158
--------
nle(id0,id1,dist): 68 74 3.414090847179764
list:
dist: 3.414090847179764 vs. 3.414090847179764
--------
nle(id0,id1,dist): 68 73 2.679933412131715
list:
dist: 2.679933412131715 vs. 2.679933412131715
--------
nle(id0,id1,dist): 68 76 1.3830413430094546
list:
dist: 1.3830413430094546 vs. 1.3830413430094546
--------
nle(id0,id1,dist): 68 70 4.4108996773375475
list:
dist: 4.4108996773375475 vs. 4.4108996773375475
--------
nle(id0,id1,dist): 68 69 2.794570028708359
list:
dist: 2.794570028708359 vs. 2.794570028708359
--------
nle(id0,id1,dist): 68 72 3.095885643629935
list:
dist: 3.095885643629935 vs. 3.095885643629935
--------
nle(id0,id1,dist): 68 71 2.807578868061821
list:
dist: 2.807578868061821 vs. 2.807578868061821
--------
nle(id0,id1,dist): 68 81 2.7618661041179666
list:
dist: 2.7618661041179666 vs. 2.7618661041179666
--------
nle(id0,id1,dist): 68 82 3.77895670534106
list:
dist: 3.77895670534106 vs. 3.77895670534106
--------
nle(id0,id1,dist): 68 83 1.840901504642367
list:
dist: 1.840901504642367 vs. 1.840901504642367
--------
nle(id0,id1,dist): 68 84 1.8308898631017836
list:
dist: 1.8308898631017836 vs. 1.8308898631017836
--------
nle(id0,id1,dist): 68 77 2.6402038026879793
list:
dist: 2.6402038026879793 vs. 2.6402038026879793
--------
nle(id0,id1,dist): 68 78 1.3470055315279688
list:
dist: 1.3470055315279688 vs. 1.3470055315279688
--------
nle(id0,id1,dist): 68 79 2.0744839270714355
list:
dist: 2.0744839270714355 vs. 2.0744839270714355
--------
nle(id0,id1,dist): 68 80 2.8651627039532475
list:
dist: 2.8651627039532475 vs. 2.8651627039532475
--------
nle(id0,id1,dist): 68 89 4.447546774565408
list:
dist: 4.447546774565408 vs. 4.447546774565408
--------
nle(id0,id1,dist): 68 85 3.8731172725302923
list:
dist: 3.8731172725302923 vs. 3.8731172725302923
--------
nle(id0,id1,dist): 68 86 1.2415780837432424
list:
dist: 1.2415780837432424 vs. 1.2415780837432424
--------
nle(id0,id1,dist): 68 87 2.5672214964701734
list:
dist: 2.5672214964701734 vs. 2.5672214964701734
--------
nle(id0,id1,dist): 68 88 2.218382002555976
list:
dist: 2.218382002555976 vs. 2.218382002555976
--------
nle(id0,id1,dist): 70 85 1.9213080896341361
list:
dist: 1.9213080896341361 vs. 1.9213080896341361
--------
nle(id0,id1,dist): 70 83 3.086397569998951
list:
dist: 3.086397569998951 vs. 3.086397569998951
--------
nle(id0,id1,dist): 71 72 0.7108093308624807
list:
dist: 0.7108093308624807 vs. 0.7108093308624807
--------
nle(id0,id1,dist): 71 73 1.451780793086672
list:
dist: 1.451780793086672 vs. 1.451780793086672
--------
nle(id0,id1,dist): 71 76 1.71711019401732
list:
dist: 1.71711019401732 vs. 1.71711019401732
--------
nle(id0,id1,dist): 71 77 1.6611810340970947
list:
dist: 1.6611810340970947 vs. 1.6611810340970947
--------
nle(id0,id1,dist): 71 74 2.876442294378364
list:
dist: 2.876442294378364 vs. 2.876442294378364
--------
nle(id0,id1,dist): 70 71 1.8592011581648658
list:
dist: 1.8592011581648658 vs. 1.8592011581648658
--------
nle(id0,id1,dist): 70 72 1.3472040420610087
list:
dist: 1.3472040420610087 vs. 1.3472040420610087
--------
nle(id0,id1,dist): 70 73 2.7738639949434836
list:
dist: 2.7738639949434836 vs. 2.7738639949434836
--------
nle(id0,id1,dist): 70 76 3.519543361275593
list:
dist: 3.519543361275593 vs. 3.519543361275593
--------
nle(id0,id1,dist): 70 77 2.523102940198167
list:
dist: 2.523102940198167 vs. 2.523102940198167
--------
nle(id0,id1,dist): 70 80 2.623059333682541
list:
dist: 2.623059333682541 vs. 2.623059333682541
--------
nle(id0,id1,dist): 70 82 2.0637786933293296
list:
dist: 2.0637786933293296 vs. 2.0637786933293296
--------
nle(id0,id1,dist): 65 85 2.9393638269758617
list:
dist: 2.9393638269758617 vs. 2.9393638269758617
--------
nle(id0,id1,dist): 65 82 3.1633316318855793
list:
dist: 3.1633316318855793 vs. 3.1633316318855793
--------
nle(id0,id1,dist): 65 83 2.9320550331132984
list:
dist: 2.9320550331132984 vs. 2.9320550331132984
--------
nle(id0,id1,dist): 65 80 2.833461818419013
list:
dist: 2.833461818419013 vs. 2.833461818419013
--------
nle(id0,id1,dist): 65 76 3.7866433686876753
list:
dist: 3.7866433686876753 vs. 3.7866433686876753
--------
nle(id0,id1,dist): 65 77 3.3054063502866926
list:
dist: 3.3054063502866926 vs. 3.3054063502866926
--------
nle(id0,id1,dist): 66 70 2.365191551115309
list:
dist: 2.365191551115309 vs. 2.365191551115309
--------
nle(id0,id1,dist): 66 69 1.4340291694338427
list:
dist: 1.4340291694338427 vs. 1.4340291694338427
--------
nle(id0,id1,dist): 66 68 3.948674227773998
list:
dist: 3.948674227773998 vs. 3.948674227773998
--------
nle(id0,id1,dist): 66 67 0.8643941451842495
list:
dist: 0.8643941451842495 vs. 0.8643941451842495
--------
nle(id0,id1,dist): 64 85 4.608104481349117
list:
dist: 4.608104481349117 vs. 4.608104481349117
--------
nle(id0,id1,dist): 64 82 4.521848648860633
list:
dist: 4.521848648860633 vs. 4.521848648860633
--------
nle(id0,id1,dist): 64 83 2.322255224753635
list:
dist: 2.322255224753635 vs. 2.322255224753635
--------
nle(id0,id1,dist): 65 73 2.4137514597795784
list:
dist: 2.4137514597795784 vs. 2.4137514597795784
--------
nle(id0,id1,dist): 65 72 1.9117702261788
list:
dist: 1.9117702261788 vs. 1.9117702261788
--------
nle(id0,id1,dist): 65 69 2.3013657879161475
list:
dist: 2.3013657879161475 vs. 2.3013657879161475
--------
nle(id0,id1,dist): 65 68 4.530778506364699
list:
dist: 4.530778506364699 vs. 4.530778506364699
--------
nle(id0,id1,dist): 65 71 2.2129859432659797
list:
dist: 2.2129859432659797 vs. 2.2129859432659797
--------
nle(id0,id1,dist): 65 70 1.2315732991415826
list:
dist: 1.2315732991415826 vs. 1.2315732991415826
--------
nle(id0,id1,dist): 65 67 1.3035201529950295
list:
dist: 1.3035201529950295 vs. 1.3035201529950295
--------
nle(id0,id1,dist): 65 66 1.4576367634671785
list:
dist: 1.4576367634671785 vs. 1.4576367634671785
--------
nle(id0,id1,dist): 67 74 2.3009706559100906
list:
dist: 2.3009706559100906 vs. 2.3009706559100906
--------
nle(id0,id1,dist): 67 69 1.285381672100734
list:
dist: 1.285381672100734 vs. 1.285381672100734
--------
nle(id0,id1,dist): 67 73 1.8385647309290365
list:
dist: 1.8385647309290365 vs. 1.8385647309290365
--------
nle(id0,id1,dist): 67 70 2.326095242767463
list:
dist: 2.326095242767463 vs. 2.326095242767463
--------
nle(id0,id1,dist): 66 79 4.398151121239652
list:
dist: 4.398151121239652 vs. 4.398151121239652
--------
nle(id0,id1,dist): 66 80 2.3383705729036928
list:
dist: 2.3383705729036928 vs. 2.3383705729036928
--------
nle(id0,id1,dist): 66 82 3.8307086636016052
list:
dist: 3.8307086636016052 vs. 3.8307086636016052
--------
nle(id0,id1,dist): 66 83 2.1420687532576563
list:
dist: 2.1420687532576563 vs. 2.1420687532576563
--------
nle(id0,id1,dist): 66 85 3.775957913710336
list:
dist: 3.775957913710336 vs. 3.775957913710336
--------
nle(id0,id1,dist): 66 71 2.1175311703679895
list:
dist: 2.1175311703679895 vs. 2.1175311703679895
--------
nle(id0,id1,dist): 66 72 2.252617434345928
list:
dist: 2.252617434345928 vs. 2.252617434345928
--------
nle(id0,id1,dist): 66 73 1.4028907622795403
list:
dist: 1.4028907622795403 vs. 1.4028907622795403
--------
nle(id0,id1,dist): 66 74 1.8389203854802634
list:
dist: 1.8389203854802634 vs. 1.8389203854802634
--------
nle(id0,id1,dist): 66 76 3.269801967355226
list:
dist: 3.269801967355226 vs. 3.269801967355226
--------
nle(id0,id1,dist): 66 77 3.5968267954945174
list:
dist: 3.5968267954945174 vs. 3.5968267954945174
--------
nle(id0,id1,dist): 66 78 2.9163609568081212
list:
dist: 2.9163609568081212 vs. 2.9163609568081212
--------
nle(id0,id1,dist): 48 51 2.3061837384748567
list:
dist: 2.3061837384748567 vs. 2.3061837384748567
--------
nle(id0,id1,dist): 48 52 1.647730354582495
list:
dist: 1.647730354582495 vs. 1.647730354582495
--------
nle(id0,id1,dist): 48 49 1.6065786122745538
list:
dist: 1.6065786122745538 vs. 1.6065786122745538
--------
nle(id0,id1,dist): 48 50 2.2183167684986946
list:
dist: 2.2183167684986946 vs. 2.2183167684986946
--------
nle(id0,id1,dist): 48 55 3.22162440948647
list:
dist: 3.22162440948647 vs. 3.22162440948647
--------
nle(id0,id1,dist): 48 56 2.3945321921339597
list:
dist: 2.3945321921339597 vs. 2.3945321921339597
--------
nle(id0,id1,dist): 48 53 4.077244397918913
list:
dist: 4.077244397918913 vs. 4.077244397918913
--------
nle(id0,id1,dist): 48 54 1.7326436799901457
list:
dist: 1.7326436799901457 vs. 1.7326436799901457
--------
nle(id0,id1,dist): 48 57 3.0707557525444367
list:
dist: 3.0707557525444367 vs. 3.0707557525444367
--------
nle(id0,id1,dist): 48 58 1.1619181263982068
list:
dist: 1.1619181263982068 vs. 1.1619181263982068
--------
nle(id0,id1,dist): 49 50 2.0102903989269434
list:
dist: 2.0102903989269434 vs. 2.0102903989269434
--------
nle(id0,id1,dist): 49 51 3.6451268301592092
list:
dist: 3.6451268301592092 vs. 3.6451268301592092
--------
nle(id0,id1,dist): 49 52 2.8810572991468963
list:
dist: 2.8810572991468963 vs. 2.8810572991468963
--------
nle(id0,id1,dist): 49 53 3.3429342946569527
list:
dist: 3.3429342946569527 vs. 3.3429342946569527
--------
nle(id0,id1,dist): 49 54 2.208245123002964
list:
dist: 2.208245123002964 vs. 2.208245123002964
--------
nle(id0,id1,dist): 49 55 4.254831794420976
list:
dist: 4.254831794420976 vs. 4.254831794420976
--------
nle(id0,id1,dist): 49 56 3.5617702979597756
list:
dist: 3.5617702979597756 vs. 3.5617702979597756
--------
nle(id0,id1,dist): 49 57 2.308576777460308
list:
dist: 2.308576777460308 vs. 2.308576777460308
--------
nle(id0,id1,dist): 49 58 0.7212343208701618
list:
dist: 0.7212343208701618 vs. 0.7212343208701618
--------
nle(id0,id1,dist): 50 53 2.1001042835543706
list:
dist: 2.1001042835543706 vs. 2.1001042835543706
--------
nle(id0,id1,dist): 50 54 1.3487625526783844
list:
dist: 1.3487625526783844 vs. 1.3487625526783844
--------
nle(id0,id1,dist): 50 51 3.5752332187234668
list:
dist: 3.5752332187234668 vs. 3.5752332187234668
--------
nle(id0,id1,dist): 50 52 2.3137818754298087
list:
dist: 2.3137818754298087 vs. 2.3137818754298087
--------
nle(id0,id1,dist): 50 56 2.437884523794586
list:
dist: 2.437884523794586 vs. 2.437884523794586
--------
nle(id0,id1,dist): 50 55 2.865830229503054
list:
dist: 2.865830229503054 vs. 2.865830229503054
--------
nle(id0,id1,dist): 50 58 1.6448894051347756
list:
dist: 1.6448894051347756 vs. 1.6448894051347756
--------
nle(id0,id1,dist): 50 57 1.6241451914339604
list:
dist: 1.6241451914339604 vs. 1.6241451914339604
--------
nle(id0,id1,dist): 44 55 3.3058184407768616
list:
dist: 3.3058184407768616 vs. 3.3058184407768616
--------
nle(id0,id1,dist): 44 56 2.504217268893748
list:
dist: 2.504217268893748 vs. 2.504217268893748
--------
nle(id0,id1,dist): 44 53 2.7825235689170333
list:
dist: 2.7825235689170333 vs. 2.7825235689170333
--------
nle(id0,id1,dist): 44 54 0.7871831221336377
list:
dist: 0.7871831221336377 vs. 0.7871831221336377
--------
nle(id0,id1,dist): 44 57 2.6298547909164403
list:
dist: 2.6298547909164403 vs. 2.6298547909164403
--------
nle(id0,id1,dist): 44 58 1.2826307369605303
list:
dist: 1.2826307369605303 vs. 1.2826307369605303
--------
nle(id0,id1,dist): 45 73 2.681902955823314
list:
dist: 2.681902955823314 vs. 2.681902955823314
--------
nle(id0,id1,dist): 45 74 2.2105977361590674
list:
dist: 2.2105977361590674 vs. 2.2105977361590674
--------
nle(id0,id1,dist): 45 65 2.5079807967197247
list:
dist: 2.5079807967197247 vs. 2.5079807967197247
--------
nle(id0,id1,dist): 45 64 1.4028808779388906
list:
dist: 1.4028808779388906 vs. 1.4028808779388906
--------
nle(id0,id1,dist): 45 67 1.8343678850751937
list:
dist: 1.8343678850751937 vs. 1.8343678850751937
--------
nle(id0,id1,dist): 45 66 1.539698026192377
list:
dist: 1.539698026192377 vs. 1.539698026192377
--------
nle(id0,id1,dist): 45 69 2.5400376948394223
list:
dist: 2.5400376948394223 vs. 2.5400376948394223
--------
nle(id0,id1,dist): 45 70 3.6427175441701567
list:
dist: 3.6427175441701567 vs. 3.6427175441701567
--------
nle(id0,id1,dist): 45 60 2.4693124413479435
list:
dist: 2.4693124413479435 vs. 2.4693124413479435
--------
nle(id0,id1,dist): 45 62 3.271942262454936
list:
dist: 3.271942262454936 vs. 3.271942262454936
--------
nle(id0,id1,dist): 45 63 2.0029945517515477
list:
dist: 2.0029945517515477 vs. 2.0029945517515477
--------
nle(id0,id1,dist): 46 55 2.128234060531924
list:
dist: 2.128234060531924 vs. 2.128234060531924
--------
nle(id0,id1,dist): 46 56 1.5501967250635795
list:
dist: 1.5501967250635795 vs. 1.5501967250635795
--------
nle(id0,id1,dist): 46 51 1.7263520552502223
list:
dist: 1.7263520552502223 vs. 1.7263520552502223
--------
nle(id0,id1,dist): 46 52 1.722519577740832
list:
dist: 1.722519577740832 vs. 1.722519577740832
--------
nle(id0,id1,dist): 47 58 2.1709052645305693
list:
dist: 2.1709052645305693 vs. 2.1709052645305693
--------
nle(id0,id1,dist): 47 54 2.250355363557763
list:
dist: 2.250355363557763 vs. 2.250355363557763
--------
nle(id0,id1,dist): 47 51 1.8968137791740811
list:
dist: 1.8968137791740811 vs. 1.8968137791740811
--------
nle(id0,id1,dist): 47 52 2.0455951340199525
list:
dist: 2.0455951340199525 vs. 2.0455951340199525
--------
nle(id0,id1,dist): 47 48 1.336939954596714
list:
dist: 1.336939954596714 vs. 1.336939954596714
--------
nle(id0,id1,dist): 47 49 2.2090146018889434
list:
dist: 2.2090146018889434 vs. 2.2090146018889434
--------
nle(id0,id1,dist): 55 56 1.006946806542767
list:
dist: 1.006946806542767 vs. 1.006946806542767
--------
nle(id0,id1,dist): 55 58 3.5900925333166294
list:
dist: 3.5900925333166294 vs. 3.5900925333166294
--------
nle(id0,id1,dist): 56 58 2.9415979983186706
list:
dist: 2.9415979983186706 vs. 2.9415979983186706
--------
nle(id0,id1,dist): 57 58 2.0668943991505357
list:
dist: 2.0668943991505357 vs. 2.0668943991505357
--------
nle(id0,id1,dist): 51 58 3.331922412837062
list:
dist: 3.331922412837062 vs. 3.331922412837062
--------
nle(id0,id1,dist): 51 52 1.3581626410517496
list:
dist: 1.3581626410517496 vs. 1.3581626410517496
--------
nle(id0,id1,dist): 51 54 2.3213414002388535
list:
dist: 2.3213414002388535 vs. 2.3213414002388535
--------
nle(id0,id1,dist): 51 56 2.344667692540941
list:
dist: 2.344667692540941 vs. 2.344667692540941
--------
nle(id0,id1,dist): 52 55 2.2627158226844912
list:
dist: 2.2627158226844912 vs. 2.2627158226844912
--------
nle(id0,id1,dist): 52 56 1.2594820306789665
list:
dist: 1.2594820306789665 vs. 1.2594820306789665
--------
nle(id0,id1,dist): 52 54 1.2128183588349675
list:
dist: 1.2128183588349675 vs. 1.2128183588349675
--------
nle(id0,id1,dist): 52 58 2.4186684566506864
list:
dist: 2.4186684566506864 vs. 2.4186684566506864
--------
nle(id0,id1,dist): 53 54 2.7776786020211293
list:
dist: 2.7776786020211293 vs. 2.7776786020211293
--------
nle(id0,id1,dist): 53 57 2.674786066389317
list:
dist: 2.674786066389317 vs. 2.674786066389317
--------
nle(id0,id1,dist): 53 58 3.3781190475863756
list:
dist: 3.3781190475863756 vs. 3.3781190475863756
--------
nle(id0,id1,dist): 54 58 1.8843262838617174
list:
dist: 1.8843262838617174 vs. 1.8843262838617174
--------
nle(id0,id1,dist): 54 57 2.9069763027386633
list:
dist: 2.9069763027386633 vs. 2.9069763027386633
--------
nle(id0,id1,dist): 54 56 1.9155517064706706
list:
dist: 1.9155517064706706 vs. 1.9155517064706706
--------
nle(id0,id1,dist): 54 55 2.7236433322033147
list:
dist: 2.7236433322033147 vs. 2.7236433322033147
--------
nle(id0,id1,dist): 93 112 1.6912746071451044
list:
dist: 1.6912746071451044 vs. 1.6912746071451044
--------
nle(id0,id1,dist): 93 118 2.1299662736175
list:
dist: 2.1299662736175 vs. 2.1299662736175
--------
nle(id0,id1,dist): 93 119 3.3865391445050874
list:
dist: 3.3865391445050874 vs. 3.3865391445050874
--------
nle(id0,id1,dist): 93 97 2.994706019906875
list:
dist: 2.994706019906875 vs. 2.994706019906875
--------
nle(id0,id1,dist): 93 96 2.5132896172109898
list:
dist: 2.5132896172109898 vs. 2.5132896172109898
--------
nle(id0,id1,dist): 93 99 1.7126999222991581
list:
dist: 1.7126999222991581 vs. 1.7126999222991581
--------
nle(id0,id1,dist): 93 101 1.7646321929943678
list:
dist: 1.7646321929943678 vs. 1.7646321929943678
--------
nle(id0,id1,dist): 93 100 2.206791414582463
list:
dist: 2.206791414582463 vs. 2.206791414582463
--------
nle(id0,id1,dist): 93 102 2.0087157009039114
list:
dist: 2.0087157009039114 vs. 2.0087157009039114
--------
nle(id0,id1,dist): 93 104 1.3316492859526778
list:
dist: 1.3316492859526778 vs. 1.3316492859526778
--------
nle(id0,id1,dist): 93 107 3.447879330737319
list:
dist: 3.447879330737319 vs. 3.447879330737319
--------
nle(id0,id1,dist): 93 106 2.306141248196061
list:
dist: 2.306141248196061 vs. 2.306141248196061
--------
nle(id0,id1,dist): 93 108 2.042220299278882
list:
dist: 2.042220299278882 vs. 2.042220299278882
--------
nle(id0,id1,dist): 94 108 2.8013739031389147
list:
dist: 2.8013739031389147 vs. 2.8013739031389147
--------
nle(id0,id1,dist): 94 112 1.7318194225923882
list:
dist: 1.7318194225923882 vs. 1.7318194225923882
--------
nle(id0,id1,dist): 94 118 2.314719408801696
list:
dist: 2.314719408801696 vs. 2.314719408801696
--------
nle(id0,id1,dist): 94 96 2.9046588123171704
list:
dist: 2.9046588123171704 vs. 2.9046588123171704
--------
nle(id0,id1,dist): 94 95 1.8140801667673903
list:
dist: 1.8140801667673903 vs. 1.8140801667673903
--------
nle(id0,id1,dist): 94 102 2.568035658789433
list:
dist: 2.568035658789433 vs. 2.568035658789433
--------
nle(id0,id1,dist): 94 101 2.781690865127527
list:
dist: 2.781690865127527 vs. 2.781690865127527
--------
nle(id0,id1,dist): 94 100 1.653015558529067
list:
dist: 1.653015558529067 vs. 1.653015558529067
--------
nle(id0,id1,dist): 94 99 2.741701290749524
list:
dist: 2.741701290749524 vs. 2.741701290749524
--------
nle(id0,id1,dist): 94 104 2.273793123887992
list:
dist: 2.273793123887992 vs. 2.273793123887992
--------
nle(id0,id1,dist): 94 103 2.1227622961149453
list:
dist: 2.1227622961149453 vs. 2.1227622961149453
--------
nle(id0,id1,dist): 92 99 3.2031237724623813
list:
dist: 3.2031237724623813 vs. 3.2031237724623813
--------
nle(id0,id1,dist): 92 100 2.4393641906417027
list:
dist: 2.4393641906417027 vs. 2.4393641906417027
--------
nle(id0,id1,dist): 92 93 1.969164838441893
list:
dist: 1.969164838441893 vs. 1.969164838441893
--------
nle(id0,id1,dist): 92 94 1.0518327092745312
list:
dist: 1.0518327092745312 vs. 1.0518327092745312
--------
nle(id0,id1,dist): 92 95 1.8598146601142564
list:
dist: 1.8598146601142564 vs. 1.8598146601142564
--------
nle(id0,id1,dist): 92 96 2.682246945035096
list:
dist: 2.682246945035096 vs. 2.682246945035096
--------
nle(id0,id1,dist): 91 111 1.8780315014964877
list:
dist: 1.8780315014964877 vs. 1.8780315014964877
--------
nle(id0,id1,dist): 91 110 3.0907141463652446
list:
dist: 3.0907141463652446 vs. 3.0907141463652446
--------
nle(id0,id1,dist): 91 112 1.3623297903225624
list:
dist: 1.3623297903225624 vs. 1.3623297903225624
--------
nle(id0,id1,dist): 91 107 3.1400293025151096
list:
dist: 3.1400293025151096 vs. 3.1400293025151096
--------
nle(id0,id1,dist): 91 106 2.326606006615525
list:
dist: 2.326606006615525 vs. 2.326606006615525
--------
nle(id0,id1,dist): 91 109 3.7384758962111166
list:
dist: 3.7384758962111166 vs. 3.7384758962111166
--------
nle(id0,id1,dist): 91 108 1.390560433063628
list:
dist: 1.390560433063628 vs. 1.390560433063628
--------
nle(id0,id1,dist): 91 119 2.7772871722115346
list:
dist: 2.7772871722115346 vs. 2.7772871722115346
--------
nle(id0,id1,dist): 91 118 1.4150245431215485
list:
dist: 1.4150245431215485 vs. 1.4150245431215485
--------
nle(id0,id1,dist): 91 115 2.468564995957532
list:
dist: 2.468564995957532 vs. 2.468564995957532
--------
nle(id0,id1,dist): 91 114 3.0379077845557023
list:
dist: 3.0379077845557023 vs. 3.0379077845557023
--------
nle(id0,id1,dist): 91 116 3.5155426920748214
list:
dist: 3.5155426920748214 vs. 3.5155426920748214
--------
nle(id0,id1,dist): 92 118 2.1152256097719855
list:
dist: 2.1152256097719855 vs. 2.1152256097719855
--------
nle(id0,id1,dist): 93 94 1.1538005855606548
list:
dist: 1.1538005855606548 vs. 1.1538005855606548
--------
nle(id0,id1,dist): 93 95 1.4098235587495749
list:
dist: 1.4098235587495749 vs. 1.4098235587495749
--------
nle(id0,id1,dist): 92 108 3.0246106937083814
list:
dist: 3.0246106937083814 vs. 3.0246106937083814
--------
nle(id0,id1,dist): 92 104 3.1069767951798273
list:
dist: 3.1069767951798273 vs. 3.1069767951798273
--------
nle(id0,id1,dist): 92 103 1.9927117056604822
list:
dist: 1.9927117056604822 vs. 1.9927117056604822
--------
nle(id0,id1,dist): 92 102 2.71082709593701
list:
dist: 2.71082709593701 vs. 2.71082709593701
--------
nle(id0,id1,dist): 92 101 3.210736715505477
list:
dist: 3.210736715505477 vs. 3.210736715505477
--------
nle(id0,id1,dist): 92 112 1.9883047677950179
list:
dist: 1.9883047677950179 vs. 1.9883047677950179
--------
nle(id0,id1,dist): 97 101 1.3096320036062807
list:
dist: 1.3096320036062807 vs. 1.3096320036062807
--------
nle(id0,id1,dist): 97 102 1.9619958055782112
list:
dist: 1.9619958055782112 vs. 1.9619958055782112
--------
nle(id0,id1,dist): 97 105 0.970152224886663
list:
dist: 0.970152224886663 vs. 0.970152224886663
--------
nle(id0,id1,dist): 97 104 3.0726838539899006
list:
dist: 3.0726838539899006 vs. 3.0726838539899006
--------
nle(id0,id1,dist): 97 107 1.2869493953269815
list:
dist: 1.2869493953269815 vs. 1.2869493953269815
--------
nle(id0,id1,dist): 97 106 2.1425214441813214
list:
dist: 2.1425214441813214 vs. 2.1425214441813214
--------
nle(id0,id1,dist): 97 99 1.3392945179886282
list:
dist: 1.3392945179886282 vs. 1.3392945179886282
--------
nle(id0,id1,dist): 97 98 2.7112383375846787
list:
dist: 2.7112383375846787 vs. 2.7112383375846787
--------
nle(id0,id1,dist): 96 114 1.6657912896527125
list:
dist: 1.6657912896527125 vs. 1.6657912896527125
--------
nle(id0,id1,dist): 96 115 2.2049888012298546
list:
dist: 2.2049888012298546 vs. 2.2049888012298546
--------
nle(id0,id1,dist): 96 116 2.325569873497031
list:
dist: 2.325569873497031 vs. 2.325569873497031
--------
nle(id0,id1,dist): 96 118 1.2782265740163445
list:
dist: 1.2782265740163445 vs. 1.2782265740163445
--------
nle(id0,id1,dist): 96 119 1.41427595832044
list:
dist: 1.41427595832044 vs. 1.41427595832044
--------
nle(id0,id1,dist): 98 102 1.2124843898720157
list:
dist: 1.2124843898720157 vs. 1.2124843898720157
--------
nle(id0,id1,dist): 98 101 2.806428195370069
list:
dist: 2.806428195370069 vs. 2.806428195370069
--------
nle(id0,id1,dist): 98 99 2.5766335930523367
list:
dist: 2.5766335930523367 vs. 2.5766335930523367
--------
nle(id0,id1,dist): 97 118 2.489220356572698
list:
dist: 2.489220356572698 vs. 2.489220356572698
--------
nle(id0,id1,dist): 97 119 1.129539048495517
list:
dist: 1.129539048495517 vs. 1.129539048495517
--------
nle(id0,id1,dist): 97 116 1.530189718643257
list:
dist: 1.530189718643257 vs. 1.530189718643257
--------
nle(id0,id1,dist): 97 117 1.6933924340638977
list:
dist: 1.6933924340638977 vs. 1.6933924340638977
--------
nle(id0,id1,dist): 97 110 1.4102595187583542
list:
dist: 1.4102595187583542 vs. 1.4102595187583542
--------
nle(id0,id1,dist): 97 111 1.8511831260294265
list:
dist: 1.8511831260294265 vs. 1.8511831260294265
--------
nle(id0,id1,dist): 97 108 1.4065876302498577
list:
dist: 1.4065876302498577 vs. 1.4065876302498577
--------
nle(id0,id1,dist): 97 109 1.2702927524117202
list:
dist: 1.2702927524117202 vs. 1.2702927524117202
--------
nle(id0,id1,dist): 97 114 1.2059335536563993
list:
dist: 1.2059335536563993 vs. 1.2059335536563993
--------
nle(id0,id1,dist): 97 115 2.9866224192235933
list:
dist: 2.9866224192235933 vs. 2.9866224192235933
--------
nle(id0,id1,dist): 97 113 1.757370867882413
list:
dist: 1.757370867882413 vs. 1.757370867882413
--------
nle(id0,id1,dist): 95 115 2.5336967793086944
list:
dist: 2.5336967793086944 vs. 2.5336967793086944
--------
nle(id0,id1,dist): 95 114 2.6123200084613214
list:
dist: 2.6123200084613214 vs. 2.6123200084613214
--------
nle(id0,id1,dist): 95 116 3.2497913692721663
list:
dist: 3.2497913692721663 vs. 3.2497913692721663
--------
nle(id0,id1,dist): 95 111 2.051524537935192
list:
dist: 2.051524537935192 vs. 2.051524537935192
--------
nle(id0,id1,dist): 95 110 3.0516703012454034
list:
dist: 3.0516703012454034 vs. 3.0516703012454034
--------
nle(id0,id1,dist): 95 112 1.9694466597003697
list:
dist: 1.9694466597003697 vs. 1.9694466597003697
--------
nle(id0,id1,dist): 95 107 2.9428802579613107
list:
dist: 2.9428802579613107 vs. 2.9428802579613107
--------
nle(id0,id1,dist): 95 106 2.2778877263256048
list:
dist: 2.2778877263256048 vs. 2.2778877263256048
--------
nle(id0,id1,dist): 95 109 3.55745862741218
list:
dist: 3.55745862741218 vs. 3.55745862741218
--------
nle(id0,id1,dist): 95 108 1.5573372215515728
list:
dist: 1.5573372215515728 vs. 1.5573372215515728
--------
nle(id0,id1,dist): 95 102 1.580976177884326
list:
dist: 1.580976177884326 vs. 1.580976177884326
--------
nle(id0,id1,dist): 95 105 2.0659343700518225
list:
dist: 2.0659343700518225 vs. 2.0659343700518225
--------
nle(id0,id1,dist): 95 104 2.1885352446042963
list:
dist: 2.1885352446042963 vs. 2.1885352446042963
--------
nle(id0,id1,dist): 95 98 2.4997440194512146
list:
dist: 2.4997440194512146 vs. 2.4997440194512146
--------
nle(id0,id1,dist): 95 99 1.5824734027471001
list:
dist: 1.5824734027471001 vs. 1.5824734027471001
--------
nle(id0,id1,dist): 95 100 3.3549640531412757
list:
dist: 3.3549640531412757 vs. 3.3549640531412757
--------
nle(id0,id1,dist): 95 101 1.4904271487328455
list:
dist: 1.4904271487328455 vs. 1.4904271487328455
--------
nle(id0,id1,dist): 95 96 1.1763163830533832
list:
dist: 1.1763163830533832 vs. 1.1763163830533832
--------
nle(id0,id1,dist): 95 97 2.3550024723347485
list:
dist: 2.3550024723347485 vs. 2.3550024723347485
--------
nle(id0,id1,dist): 96 112 2.5691077347600277
list:
dist: 2.5691077347600277 vs. 2.5691077347600277
--------
nle(id0,id1,dist): 96 111 1.7973360914283383
list:
dist: 1.7973360914283383 vs. 1.7973360914283383
--------
nle(id0,id1,dist): 96 110 2.36370001160951
list:
dist: 2.36370001160951 vs. 2.36370001160951
--------
nle(id0,id1,dist): 96 109 2.889650051017039
list:
dist: 2.889650051017039 vs. 2.889650051017039
--------
nle(id0,id1,dist): 96 108 1.5186824237449692
list:
dist: 1.5186824237449692 vs. 1.5186824237449692
--------
nle(id0,id1,dist): 96 107 2.7158479088860625
list:
dist: 2.7158479088860625 vs. 2.7158479088860625
--------
nle(id0,id1,dist): 96 106 2.7322665340243955
list:
dist: 2.7322665340243955 vs. 2.7322665340243955
--------
nle(id0,id1,dist): 96 105 1.459457759001531
list:
dist: 1.459457759001531 vs. 1.459457759001531
--------
nle(id0,id1,dist): 96 104 3.157544764962863
list:
dist: 3.157544764962863 vs. 3.157544764962863
--------
nle(id0,id1,dist): 96 102 1.6248365376142861
list:
dist: 1.6248365376142861 vs. 1.6248365376142861
--------
nle(id0,id1,dist): 96 101 1.8155946398076603
list:
dist: 1.8155946398076603 vs. 1.8155946398076603
--------
nle(id0,id1,dist): 96 100 4.432672756406871
list:
dist: 4.432672756406871 vs. 4.432672756406871
--------
nle(id0,id1,dist): 96 99 1.9138918230228061
list:
dist: 1.9138918230228061 vs. 1.9138918230228061
--------
nle(id0,id1,dist): 96 98 2.1477017758049315
list:
dist: 2.1477017758049315 vs. 2.1477017758049315
--------
nle(id0,id1,dist): 96 97 1.9323574800060015
list:
dist: 1.9323574800060015 vs. 1.9323574800060015
--------
nle(id0,id1,dist): 95 118 1.3131831758727612
list:
dist: 1.3131831758727612 vs. 1.3131831758727612
--------
nle(id0,id1,dist): 95 119 2.2988100527467763
list:
dist: 2.2988100527467763 vs. 2.2988100527467763
--------
nle(id0,id1,dist): 87 88 1.2449371814127048
list:
dist: 1.2449371814127048 vs. 1.2449371814127048
--------
nle(id0,id1,dist): 85 88 3.937868457556544
list:
dist: 3.937868457556544 vs. 3.937868457556544
--------
nle(id0,id1,dist): 85 89 2.969741431996702
list:
dist: 2.969741431996702 vs. 2.969741431996702
--------
nle(id0,id1,dist): 86 87 1.8544940634654679
list:
dist: 1.8544940634654679 vs. 1.8544940634654679
--------
nle(id0,id1,dist): 86 88 1.8225685035912638
list:
dist: 1.8225685035912638 vs. 1.8225685035912638
--------
nle(id0,id1,dist): 91 99 1.3335980652970554
list:
dist: 1.3335980652970554 vs. 1.3335980652970554
--------
nle(id0,id1,dist): 91 98 2.398554627413771
list:
dist: 2.398554627413771 vs. 2.398554627413771
--------
nle(id0,id1,dist): 91 101 1.4200982338861545
list:
dist: 1.4200982338861545 vs. 1.4200982338861545
--------
nle(id0,id1,dist): 91 100 2.7239615702416278
list:
dist: 2.7239615702416278 vs. 2.7239615702416278
--------
nle(id0,id1,dist): 91 102 1.322226997717654
list:
dist: 1.322226997717654 vs. 1.322226997717654
--------
nle(id0,id1,dist): 91 105 2.189695608758588
list:
dist: 2.189695608758588 vs. 2.189695608758588
--------
nle(id0,id1,dist): 91 104 1.8261740346546333
list:
dist: 1.8261740346546333 vs. 1.8261740346546333
--------
nle(id0,id1,dist): 91 93 0.7500405766842928
list:
dist: 0.7500405766842928 vs. 0.7500405766842928
--------
nle(id0,id1,dist): 91 92 1.907048024363533
list:
dist: 1.907048024363533 vs. 1.907048024363533
--------
nle(id0,id1,dist): 91 95 0.8799483905530332
list:
dist: 0.8799483905530332 vs. 0.8799483905530332
--------
nle(id0,id1,dist): 91 94 1.456035346150019
list:
dist: 1.456035346150019 vs. 1.456035346150019
--------
nle(id0,id1,dist): 91 97 2.4765605665509383
list:
dist: 2.4765605665509383 vs. 2.4765605665509383
--------
nle(id0,id1,dist): 91 96 1.8429686615926055
list:
dist: 1.8429686615926055 vs. 1.8429686615926055
--------
nle(id0,id1,dist): 88 89 2.9147942274730023
list:
dist: 2.9147942274730023 vs. 2.9147942274730023
--------
nle(id0,id1,dist): 81 82 2.990364058275765
list:
dist: 2.990364058275765 vs. 2.990364058275765
--------
nle(id0,id1,dist): 81 83 3.8219801662121995
list:
dist: 3.8219801662121995 vs. 3.8219801662121995
--------
nle(id0,id1,dist): 81 88 1.8136297566032897
list:
dist: 1.8136297566032897 vs. 1.8136297566032897
--------
nle(id0,id1,dist): 81 89 2.15066275026517
list:
dist: 2.15066275026517 vs. 2.15066275026517
--------
nle(id0,id1,dist): 81 85 2.9855080297566525
list:
dist: 2.9855080297566525 vs. 2.9855080297566525
--------
nle(id0,id1,dist): 80 85 3.1394152658484837
list:
dist: 3.1394152658484837 vs. 3.1394152658484837
--------
nle(id0,id1,dist): 80 86 2.694357367271895
list:
dist: 2.694357367271895 vs. 2.694357367271895
--------
nle(id0,id1,dist): 80 87 4.286450346593775
list:
dist: 4.286450346593775 vs. 4.286450346593775
--------
nle(id0,id1,dist): 80 88 3.6691446941449044
list:
dist: 3.6691446941449044 vs. 3.6691446941449044
--------
nle(id0,id1,dist): 80 81 4.152292758484003
list:
dist: 4.152292758484003 vs. 4.152292758484003
--------
nle(id0,id1,dist): 80 82 2.694688227155945
list:
dist: 2.694688227155945 vs. 2.694688227155945
--------
nle(id0,id1,dist): 80 83 1.5677412562993132
list:
dist: 1.5677412562993132 vs. 1.5677412562993132
--------
nle(id0,id1,dist): 80 84 3.843920081445557
list:
dist: 3.843920081445557 vs. 3.843920081445557
--------
nle(id0,id1,dist): 80 89 4.6412437375763025
list:
dist: 4.6412437375763025 vs. 4.6412437375763025
--------
nle(id0,id1,dist): 79 88 3.1902604384261237
list:
dist: 3.1902604384261237 vs. 3.1902604384261237
--------
nle(id0,id1,dist): 79 86 1.417012506292701
list:
dist: 1.417012506292701 vs. 1.417012506292701
--------
nle(id0,id1,dist): 79 87 2.8475105208424387
list:
dist: 2.8475105208424387 vs. 2.8475105208424387
--------
nle(id0,id1,dist): 79 80 3.033894854885595
list:
dist: 3.033894854885595 vs. 3.033894854885595
--------
nle(id0,id1,dist): 79 84 2.320235556295615
list:
dist: 2.320235556295615 vs. 2.320235556295615
--------
nle(id0,id1,dist): 79 83 2.542787608800452
list:
dist: 2.542787608800452 vs. 2.542787608800452
--------
nle(id0,id1,dist): 78 80 2.300788078465785
list:
dist: 2.300788078465785 vs. 2.300788078465785
--------
nle(id0,id1,dist): 78 79 1.8763607224314232
list:
dist: 1.8763607224314232 vs. 1.8763607224314232
--------
nle(id0,id1,dist): 78 84 2.9311236557363323
list:
dist: 2.9311236557363323 vs. 2.9311236557363323
--------
nle(id0,id1,dist): 78 83 0.9588537296288621
list:
dist: 0.9588537296288621 vs. 0.9588537296288621
--------
nle(id0,id1,dist): 78 86 1.879498801053543
list:
dist: 1.879498801053543 vs. 1.879498801053543
--------
nle(id0,id1,dist): 78 88 3.3682422123542892
list:
dist: 3.3682422123542892 vs. 3.3682422123542892
--------
nle(id0,id1,dist): 78 87 3.64429653595451
list:
dist: 3.64429653595451 vs. 3.64429653595451
--------
nle(id0,id1,dist): 84 87 0.7652786318100537
list:
dist: 0.7652786318100537 vs. 0.7652786318100537
--------
nle(id0,id1,dist): 84 88 1.2473324702536162
list:
dist: 1.2473324702536162 vs. 1.2473324702536162
--------
nle(id0,id1,dist): 84 86 1.2653091764705127
list:
dist: 1.2653091764705127 vs. 1.2653091764705127
--------
nle(id0,id1,dist): 83 86 2.294603702419666
list:
dist: 2.294603702419666 vs. 2.294603702419666
--------
nle(id0,id1,dist): 83 87 4.057369781741837
list:
dist: 4.057369781741837 vs. 4.057369781741837
--------
nle(id0,id1,dist): 83 88 3.5248541816562042
list:
dist: 3.5248541816562042 vs. 3.5248541816562042
--------
nle(id0,id1,dist): 83 89 5.001887164913025
list:
dist: 5.001887164913025 vs. 5.001887164913025
--------
nle(id0,id1,dist): 83 84 3.4091301947063157
list:
dist: 3.4091301947063157 vs. 3.4091301947063157
--------
nle(id0,id1,dist): 83 85 3.377314328176621
list:
dist: 3.377314328176621 vs. 3.377314328176621
--------
nle(id0,id1,dist): 82 89 2.664524729880029
list:
dist: 2.664524729880029 vs. 2.664524729880029
--------
nle(id0,id1,dist): 82 88 3.583604011012601
list:
dist: 3.583604011012601 vs. 3.583604011012601
--------
nle(id0,id1,dist): 82 83 3.281319045573808
list:
dist: 3.281319045573808 vs. 3.281319045573808
--------
nle(id0,id1,dist): 82 85 0.8776217939254866
list:
dist: 0.8776217939254866 vs. 0.8776217939254866
--------
nle(id0,id1,dist): 74 76 3.037301964803897
list:
dist: 3.037301964803897 vs. 3.037301964803897
--------
nle(id0,id1,dist): 74 78 2.077295856199292
list:
dist: 2.077295856199292 vs. 2.077295856199292
--------
nle(id0,id1,dist): 74 83 1.9074331771563402
list:
dist: 1.9074331771563402 vs. 1.9074331771563402
--------
nle(id0,id1,dist): 74 79 3.195750946748765
list:
dist: 3.195750946748765 vs. 3.195750946748765
--------
nle(id0,id1,dist): 74 80 2.6122276693800277
list:
dist: 2.6122276693800277 vs. 2.6122276693800277
--------
nle(id0,id1,dist): 73 74 1.4357965727556063
list:
dist: 1.4357965727556063 vs. 1.4357965727556063
--------
nle(id0,id1,dist): 73 83 0.8448844437733289
list:
dist: 0.8448844437733289 vs. 0.8448844437733289
--------
nle(id0,id1,dist): 73 82 3.4355176732113537
list:
dist: 3.4355176732113537 vs. 3.4355176732113537
--------
nle(id0,id1,dist): 73 80 1.4033604076050101
list:
dist: 1.4033604076050101 vs. 1.4033604076050101
--------
nle(id0,id1,dist): 73 79 3.035400794109261
list:
dist: 3.035400794109261 vs. 3.035400794109261
--------
nle(id0,id1,dist): 73 78 1.634758413987902
list:
dist: 1.634758413987902 vs. 1.634758413987902
--------
nle(id0,id1,dist): 73 77 2.863362076832662
list:
dist: 2.863362076832662 vs. 2.863362076832662
--------
nle(id0,id1,dist): 73 76 1.958640357198001
list:
dist: 1.958640357198001 vs. 1.958640357198001
--------
nle(id0,id1,dist): 73 85 3.5477877411755823
list:
dist: 3.5477877411755823 vs. 3.5477877411755823
--------
nle(id0,id1,dist): 72 73 1.9184084902963365
list:
dist: 1.9184084902963365 vs. 1.9184084902963365
--------
nle(id0,id1,dist): 72 76 2.194058273197364
list:
dist: 2.194058273197364 vs. 2.194058273197364
--------
nle(id0,id1,dist): 72 77 1.4481513976340779
list:
dist: 1.4481513976340779 vs. 1.4481513976340779
--------
nle(id0,id1,dist): 72 80 1.6595603982032598
list:
dist: 1.6595603982032598 vs. 1.6595603982032598
--------
nle(id0,id1,dist): 72 82 1.6168935531306334
list:
dist: 1.6168935531306334 vs. 1.6168935531306334
--------
nle(id0,id1,dist): 72 81 3.550682603511848
list:
dist: 3.550682603511848 vs. 3.550682603511848
--------
nle(id0,id1,dist): 72 83 1.9471585980715356
list:
dist: 1.9471585980715356 vs. 1.9471585980715356
--------
nle(id0,id1,dist): 72 85 1.6769618034090388
list:
dist: 1.6769618034090388 vs. 1.6769618034090388
--------
nle(id0,id1,dist): 72 88 3.8505636854045675
list:
dist: 3.8505636854045675 vs. 3.8505636854045675
--------
nle(id0,id1,dist): 72 89 4.022586675024645
list:
dist: 4.022586675024645 vs. 4.022586675024645
--------
nle(id0,id1,dist): 71 81 3.6919535535289048
list:
dist: 3.6919535535289048 vs. 3.6919535535289048
--------
nle(id0,id1,dist): 71 80 0.9585988977304531
list:
dist: 0.9585988977304531 vs. 0.9585988977304531
--------
nle(id0,id1,dist): 71 79 3.579072724342914
list:
dist: 3.579072724342914 vs. 3.579072724342914
--------
nle(id0,id1,dist): 71 78 2.4127125736633865
list:
dist: 2.4127125736633865 vs. 2.4127125736633865
--------
nle(id0,id1,dist): 71 85 2.282321114372925
list:
dist: 2.282321114372925 vs. 2.282321114372925
--------
nle(id0,id1,dist): 71 84 3.998586383748981
list:
dist: 3.998586383748981 vs. 3.998586383748981
--------
nle(id0,id1,dist): 71 83 1.514308780828955
list:
dist: 1.514308780828955 vs. 1.514308780828955
--------
nle(id0,id1,dist): 71 82 2.016111522196276
list:
dist: 2.016111522196276 vs. 2.016111522196276
--------
nle(id0,id1,dist): 71 89 4.2271546981332015
list:
dist: 4.2271546981332015 vs. 4.2271546981332015
--------
nle(id0,id1,dist): 71 88 3.6469017237899766
list:
dist: 3.6469017237899766 vs. 3.6469017237899766
--------
nle(id0,id1,dist): 71 87 4.475993999966629
list:
dist: 4.475993999966629 vs. 4.475993999966629
--------
nle(id0,id1,dist): 71 86 2.981194474591203
list:
dist: 2.981194474591203 vs. 2.981194474591203
--------
nle(id0,id1,dist): 77 88 2.6654172492081063
list:
dist: 2.6654172492081063 vs. 2.6654172492081063
--------
nle(id0,id1,dist): 77 89 2.6861231071670217
list:
dist: 2.6861231071670217 vs. 2.6861231071670217
--------
nle(id0,id1,dist): 77 85 1.3909275215460892
list:
dist: 1.3909275215460892 vs. 1.3909275215460892
--------
nle(id0,id1,dist): 77 80 2.311426609404385
list:
dist: 2.311426609404385 vs. 2.311426609404385
--------
nle(id0,id1,dist): 77 81 2.1871249121418606
list:
dist: 2.1871249121418606 vs. 2.1871249121418606
--------
nle(id0,id1,dist): 77 82 1.161284062760196
list:
dist: 1.161284062760196 vs. 1.161284062760196
--------
nle(id0,id1,dist): 77 83 2.462379468571446
list:
dist: 2.462379468571446 vs. 2.462379468571446
--------
nle(id0,id1,dist): 76 89 4.052238230276443
list:
dist: 4.052238230276443 vs. 4.052238230276443
--------
nle(id0,id1,dist): 76 87 2.8871725304532734
list:
dist: 2.8871725304532734 vs. 2.8871725304532734
--------
nle(id0,id1,dist): 76 88 2.317818027920948
list:
dist: 2.317818027920948 vs. 2.317818027920948
--------
nle(id0,id1,dist): 76 85 3.236096948393777
list:
dist: 3.236096948393777 vs. 3.236096948393777
--------
nle(id0,id1,dist): 76 86 1.2670579666028523
list:
dist: 1.2670579666028523 vs. 1.2670579666028523
--------
nle(id0,id1,dist): 75 90 1.577577511121534
list:
dist: 1.577577511121534 vs. 1.577577511121534
--------
nle(id0,id1,dist): 76 78 1.4880835293705323
list:
dist: 1.4880835293705323 vs. 1.4880835293705323
--------
nle(id0,id1,dist): 76 77 1.9489244298414892
list:
dist: 1.9489244298414892 vs. 1.9489244298414892
--------
nle(id0,id1,dist): 76 80 1.5794582325056736
list:
dist: 1.5794582325056736 vs. 1.5794582325056736
--------
nle(id0,id1,dist): 76 79 2.112385774184878
list:
dist: 2.112385774184878 vs. 2.112385774184878
--------
nle(id0,id1,dist): 76 82 2.9036014710129736
list:
dist: 2.9036014710129736 vs. 2.9036014710129736
--------
nle(id0,id1,dist): 76 81 3.000938301723439
list:
dist: 3.000938301723439 vs. 3.000938301723439
--------
nle(id0,id1,dist): 76 84 2.34578708457128
list:
dist: 2.34578708457128 vs. 2.34578708457128
--------
nle(id0,id1,dist): 76 83 1.3213319412338407
list:
dist: 1.3213319412338407 vs. 1.3213319412338407
--------
nle(id0,id1,dist): 120 145 3.181700408867776
list:
dist: 3.181700408867776 vs. 3.181700408867776
--------
nle(id0,id1,dist): 120 146 2.752418170079405
list:
dist: 2.752418170079405 vs. 2.752418170079405
--------
nle(id0,id1,dist): 120 147 4.4224838398984625
list:
dist: 4.4224838398984625 vs. 4.4224838398984625
--------
nle(id0,id1,dist): 120 148 1.92584684496548
list:
dist: 1.92584684496548 vs. 1.92584684496548
--------
nle(id0,id1,dist): 120 149 4.962497292311308
list:
dist: 4.962497292311308 vs. 4.962497292311308
--------
nle(id0,id1,dist): 120 138 3.421131979929731
list:
dist: 3.421131979929731 vs. 3.421131979929731
--------
nle(id0,id1,dist): 120 140 4.029895090956225
list:
dist: 4.029895090956225 vs. 4.029895090956225
--------
nle(id0,id1,dist): 120 143 5.223813357492792
list:
dist: 5.223813357492792 vs. 5.223813357492792
--------
nle(id0,id1,dist): 120 144 3.211123519353323
list:
dist: 3.211123519353323 vs. 3.211123519353323
--------
nle(id0,id1,dist): 120 130 2.049270632166296
list:
dist: 2.049270632166296 vs. 2.049270632166296
--------
nle(id0,id1,dist): 120 129 4.426164183829134
list:
dist: 4.426164183829134 vs. 4.426164183829134
--------
nle(id0,id1,dist): 120 132 1.3567009856326484
list:
dist: 1.3567009856326484 vs. 1.3567009856326484
--------
nle(id0,id1,dist): 120 131 3.762718274687225
list:
dist: 3.762718274687225 vs. 3.762718274687225
--------
nle(id0,id1,dist): 120 134 4.208094720504217
list:
dist: 4.208094720504217 vs. 4.208094720504217
--------
nle(id0,id1,dist): 120 136 3.3498850386616197
list:
dist: 3.3498850386616197 vs. 3.3498850386616197
--------
nle(id0,id1,dist): 120 122 3.2146257301477448
list:
dist: 3.2146257301477448 vs. 3.2146257301477448
--------
nle(id0,id1,dist): 120 121 4.329907426648349
list:
dist: 4.329907426648349 vs. 4.329907426648349
--------
nle(id0,id1,dist): 120 124 3.968939102898664
list:
dist: 3.968939102898664 vs. 3.968939102898664
--------
nle(id0,id1,dist): 120 123 2.3496788131146618
list:
dist: 2.3496788131146618 vs. 2.3496788131146618
--------
nle(id0,id1,dist): 120 126 3.457197318753947
list:
dist: 3.457197318753947 vs. 3.457197318753947
--------
nle(id0,id1,dist): 120 125 2.4860274694401117
list:
dist: 2.4860274694401117 vs. 2.4860274694401117
--------
nle(id0,id1,dist): 120 128 2.1562490941146177
list:
dist: 2.1562490941146177 vs. 2.1562490941146177
--------
nle(id0,id1,dist): 120 127 3.184129980739414
list:
dist: 3.184129980739414 vs. 3.184129980739414
--------
nle(id0,id1,dist): 121 143 4.335680743124327
list:
dist: 4.335680743124327 vs. 4.335680743124327
--------
nle(id0,id1,dist): 121 140 2.4392809008310126
list:
dist: 2.4392809008310126 vs. 2.4392809008310126
--------
nle(id0,id1,dist): 121 146 3.7245693913810136
list:
dist: 3.7245693913810136 vs. 3.7245693913810136
--------
nle(id0,id1,dist): 121 147 1.9327780432328743
list:
dist: 1.9327780432328743 vs. 1.9327780432328743
--------
nle(id0,id1,dist): 121 144 2.292124468417177
list:
dist: 2.292124468417177 vs. 2.292124468417177
--------
nle(id0,id1,dist): 121 145 3.697388101363221
list:
dist: 3.697388101363221 vs. 3.697388101363221
--------
nle(id0,id1,dist): 121 136 2.578894155224942
list:
dist: 2.578894155224942 vs. 2.578894155224942
--------
nle(id0,id1,dist): 121 126 2.054530846749799
list:
dist: 2.054530846749799 vs. 2.054530846749799
--------
nle(id0,id1,dist): 121 125 1.9797519489753725
list:
dist: 1.9797519489753725 vs. 1.9797519489753725
--------
nle(id0,id1,dist): 121 124 3.775797094544498
list:
dist: 3.775797094544498 vs. 3.775797094544498
--------
nle(id0,id1,dist): 121 131 2.737311290050973
list:
dist: 2.737311290050973 vs. 2.737311290050973
--------
nle(id0,id1,dist): 121 130 4.627855729096994
list:
dist: 4.627855729096994 vs. 4.627855729096994
--------
nle(id0,id1,dist): 121 129 3.8393821106681725
list:
dist: 3.8393821106681725 vs. 3.8393821106681725
--------
nle(id0,id1,dist): 121 128 4.027105795098356
list:
dist: 4.027105795098356 vs. 4.027105795098356
--------
nle(id0,id1,dist): 121 123 3.1002657553122046
list:
dist: 3.1002657553122046 vs. 3.1002657553122046
--------
nle(id0,id1,dist): 122 132 3.0126395059901725
list:
dist: 3.0126395059901725 vs. 3.0126395059901725
--------
nle(id0,id1,dist): 122 131 2.9598032651505526
list:
dist: 2.9598032651505526 vs. 2.9598032651505526
--------
nle(id0,id1,dist): 122 134 1.9519607064662168
list:
dist: 1.9519607064662168 vs. 1.9519607064662168
--------
nle(id0,id1,dist): 122 128 1.4991613770896748
list:
dist: 1.4991613770896748 vs. 1.4991613770896748
--------
nle(id0,id1,dist): 122 127 0.8092504306349739
list:
dist: 0.8092504306349739 vs. 0.8092504306349739
--------
nle(id0,id1,dist): 122 129 2.755268458378526
list:
dist: 2.755268458378526 vs. 2.755268458378526
--------
nle(id0,id1,dist): 122 140 3.787009261232012
list:
dist: 3.787009261232012 vs. 3.787009261232012
--------
nle(id0,id1,dist): 122 139 2.3983775135288203
list:
dist: 2.3983775135288203 vs. 2.3983775135288203
--------
nle(id0,id1,dist): 122 141 1.9019725062387125
list:
dist: 1.9019725062387125 vs. 1.9019725062387125
--------
nle(id0,id1,dist): 122 136 2.9088758053573374
list:
dist: 2.9088758053573374 vs. 2.9088758053573374
--------
nle(id0,id1,dist): 122 135 1.6599177086221553
list:
dist: 1.6599177086221553 vs. 1.6599177086221553
--------
nle(id0,id1,dist): 122 138 1.2043901347108303
list:
dist: 1.2043901347108303 vs. 1.2043901347108303
--------
nle(id0,id1,dist): 122 137 1.031825340054074
list:
dist: 1.031825340054074 vs. 1.031825340054074
--------
nle(id0,id1,dist): 121 148 3.331194411387942
list:
dist: 3.331194411387942 vs. 3.331194411387942
--------
nle(id0,id1,dist): 121 149 3.13063622485338
list:
dist: 3.13063622485338 vs. 3.13063622485338
--------
nle(id0,id1,dist): 122 123 2.244952937609463
list:
dist: 2.244952937609463 vs. 2.244952937609463
--------
nle(id0,id1,dist): 122 124 2.2805984154507657
list:
dist: 2.2805984154507657 vs. 2.2805984154507657
--------
nle(id0,id1,dist): 122 126 3.868056191509007
list:
dist: 3.868056191509007 vs. 3.868056191509007
--------
nle(id0,id1,dist): 123 129 2.3220335289276828
list:
dist: 2.3220335289276828 vs. 2.3220335289276828
--------
nle(id0,id1,dist): 123 128 1.1116456024809858
list:
dist: 1.1116456024809858 vs. 1.1116456024809858
--------
nle(id0,id1,dist): 123 127 2.0428211699134677
list:
dist: 2.0428211699134677 vs. 2.0428211699134677
--------
nle(id0,id1,dist): 123 126 2.0895655874990697
list:
dist: 2.0895655874990697 vs. 2.0895655874990697
--------
nle(id0,id1,dist): 123 125 2.100116106821318
list:
dist: 2.100116106821318 vs. 2.100116106821318
--------
nle(id0,id1,dist): 123 124 1.842835706541326
list:
dist: 1.842835706541326 vs. 1.842835706541326
--------
nle(id0,id1,dist): 123 136 1.264342678987838
list:
dist: 1.264342678987838 vs. 1.264342678987838
--------
nle(id0,id1,dist): 123 134 2.5658949044609574
list:
dist: 2.5658949044609574 vs. 2.5658949044609574
--------
nle(id0,id1,dist): 123 132 2.9134156671221945
list:
dist: 2.9134156671221945 vs. 2.9134156671221945
--------
nle(id0,id1,dist): 123 131 1.533675882105593
list:
dist: 1.533675882105593 vs. 1.533675882105593
--------
nle(id0,id1,dist): 123 130 3.9669306490110174
list:
dist: 3.9669306490110174 vs. 3.9669306490110174
--------
nle(id0,id1,dist): 122 148 2.1656087913335904
list:
dist: 2.1656087913335904 vs. 2.1656087913335904
--------
nle(id0,id1,dist): 122 145 1.9426313606034329
list:
dist: 1.9426313606034329 vs. 1.9426313606034329
--------
nle(id0,id1,dist): 122 146 1.7257027143556254
list:
dist: 1.7257027143556254 vs. 1.7257027143556254
--------
nle(id0,id1,dist): 122 143 3.195403331896315
list:
dist: 3.195403331896315 vs. 3.195403331896315
--------
nle(id0,id1,dist): 122 144 3.0749449722112026
list:
dist: 3.0749449722112026 vs. 3.0749449722112026
--------
nle(id0,id1,dist): 124 126 2.3602000102837275
list:
dist: 2.3602000102837275 vs. 2.3602000102837275
--------
nle(id0,id1,dist): 124 128 1.9394597704727372
list:
dist: 1.9394597704727372 vs. 1.9394597704727372
--------
nle(id0,id1,dist): 124 127 1.7895363661710035
list:
dist: 1.7895363661710035 vs. 1.7895363661710035
--------
nle(id0,id1,dist): 124 129 0.5595412016166764
list:
dist: 0.5595412016166764 vs. 0.5595412016166764
--------
nle(id0,id1,dist): 124 132 4.049510160988304
list:
dist: 4.049510160988304 vs. 4.049510160988304
--------
nle(id0,id1,dist): 124 131 1.0450997173626182
list:
dist: 1.0450997173626182 vs. 1.0450997173626182
--------
nle(id0,id1,dist): 123 138 1.8462062925154443
list:
dist: 1.8462062925154443 vs. 1.8462062925154443
--------
nle(id0,id1,dist): 123 140 2.29591848396507
list:
dist: 2.29591848396507 vs. 2.29591848396507
--------
nle(id0,id1,dist): 123 143 2.9983766254331274
list:
dist: 2.9983766254331274 vs. 2.9983766254331274
--------
nle(id0,id1,dist): 123 144 1.1754512493870681
list:
dist: 1.1754512493870681 vs. 1.1754512493870681
--------
nle(id0,id1,dist): 123 145 1.3718917943697697
list:
dist: 1.3718917943697697 vs. 1.3718917943697697
--------
nle(id0,id1,dist): 123 146 1.0785017170055682
list:
dist: 1.0785017170055682 vs. 1.0785017170055682
--------
nle(id0,id1,dist): 123 147 2.79230453751675
list:
dist: 2.79230453751675 vs. 2.79230453751675
--------
nle(id0,id1,dist): 123 148 0.44277943932214886
list:
dist: 0.44277943932214886 vs. 0.44277943932214886
--------
nle(id0,id1,dist): 123 149 2.6854032462887214
list:
dist: 2.6854032462887214 vs. 2.6854032462887214
--------
nle(id0,id1,dist): 124 149 1.5585874055354092
list:
dist: 1.5585874055354092 vs. 1.5585874055354092
--------
nle(id0,id1,dist): 125 126 1.581506765515445
list:
dist: 1.581506765515445 vs. 1.581506765515445
--------
nle(id0,id1,dist): 124 136 1.2792758656329626
list:
dist: 1.2792758656329626 vs. 1.2792758656329626
--------
nle(id0,id1,dist): 124 134 1.199271069856472
list:
dist: 1.199271069856472 vs. 1.199271069856472
--------
nle(id0,id1,dist): 124 139 2.1588689936924954
list:
dist: 2.1588689936924954 vs. 2.1588689936924954
--------
nle(id0,id1,dist): 124 140 1.8970642246187597
list:
dist: 1.8970642246187597 vs. 1.8970642246187597
--------
nle(id0,id1,dist): 124 137 2.665956213958582
list:
dist: 2.665956213958582 vs. 2.665956213958582
--------
nle(id0,id1,dist): 124 138 1.1935692019926787
list:
dist: 1.1935692019926787 vs. 1.1935692019926787
--------
nle(id0,id1,dist): 124 143 1.2745117669349404
list:
dist: 1.2745117669349404 vs. 1.2745117669349404
--------
nle(id0,id1,dist): 124 144 1.6015673225594513
list:
dist: 1.6015673225594513 vs. 1.6015673225594513
--------
nle(id0,id1,dist): 124 141 1.5702634026700901
list:
dist: 1.5702634026700901 vs. 1.5702634026700901
--------
nle(id0,id1,dist): 124 147 2.5771659576813613
list:
dist: 2.5771659576813613 vs. 2.5771659576813613
--------
nle(id0,id1,dist): 124 148 2.149001145443299
list:
dist: 2.149001145443299 vs. 2.149001145443299
--------
nle(id0,id1,dist): 124 145 0.8934681944639822
list:
dist: 0.8934681944639822 vs. 0.8934681944639822
--------
nle(id0,id1,dist): 124 146 1.2669586737440375
list:
dist: 1.2669586737440375 vs. 1.2669586737440375
--------
nle(id0,id1,dist): 112 118 1.4271411089076838
list:
dist: 1.4271411089076838 vs. 1.4271411089076838
--------
nle(id0,id1,dist): 112 115 1.854179384895474
list:
dist: 1.854179384895474 vs. 1.854179384895474
--------
nle(id0,id1,dist): 113 116 1.7023730990426542
list:
dist: 1.7023730990426542 vs. 1.7023730990426542
--------
nle(id0,id1,dist): 113 117 1.4202299178094593
list:
dist: 1.4202299178094593 vs. 1.4202299178094593
--------
nle(id0,id1,dist): 113 119 1.5750075270992083
list:
dist: 1.5750075270992083 vs. 1.5750075270992083
--------
nle(id0,id1,dist): 113 114 1.4763079449828609
list:
dist: 1.4763079449828609 vs. 1.4763079449828609
--------
nle(id0,id1,dist): 114 117 2.312844315701526
list:
dist: 2.312844315701526 vs. 2.312844315701526
--------
nle(id0,id1,dist): 114 118 2.545261750894986
list:
dist: 2.545261750894986 vs. 2.545261750894986
--------
nle(id0,id1,dist): 114 115 2.918610518775945
list:
dist: 2.918610518775945 vs. 2.918610518775945
--------
nle(id0,id1,dist): 114 116 0.9132153911604419
list:
dist: 0.9132153911604419 vs. 0.9132153911604419
--------
nle(id0,id1,dist): 114 119 0.4180150642184623
list:
dist: 0.4180150642184623 vs. 0.4180150642184623
--------
nle(id0,id1,dist): 115 118 1.2314637160370208
list:
dist: 1.2314637160370208 vs. 1.2314637160370208
--------
nle(id0,id1,dist): 115 119 2.9645120351818854
list:
dist: 2.9645120351818854 vs. 2.9645120351818854
--------
nle(id0,id1,dist): 115 116 2.8662036967887183
list:
dist: 2.8662036967887183 vs. 2.8662036967887183
--------
nle(id0,id1,dist): 116 117 2.508416039740382
list:
dist: 2.508416039740382 vs. 2.508416039740382
--------
nle(id0,id1,dist): 116 118 2.869626671744781
list:
dist: 2.869626671744781 vs. 2.869626671744781
--------
nle(id0,id1,dist): 116 119 1.3132835595926582
list:
dist: 1.3132835595926582 vs. 1.3132835595926582
--------
nle(id0,id1,dist): 117 119 2.277504528609366
list:
dist: 2.277504528609366 vs. 2.277504528609366
--------
nle(id0,id1,dist): 118 119 2.415471630378442
list:
dist: 2.415471630378442 vs. 2.415471630378442
--------
nle(id0,id1,dist): 106 119 2.6252097538052306
list:
dist: 2.6252097538052306 vs. 2.6252097538052306
--------
nle(id0,id1,dist): 106 117 2.4322643756615063
list:
dist: 2.4322643756615063 vs. 2.4322643756615063
--------
nle(id0,id1,dist): 106 118 3.2951128452629024
list:
dist: 3.2951128452629024 vs. 3.2951128452629024
--------
nle(id0,id1,dist): 106 108 2.4900602421961686
list:
dist: 2.4900602421961686 vs. 2.4900602421961686
--------
nle(id0,id1,dist): 106 107 1.630183124104288
list:
dist: 1.630183124104288 vs. 1.630183124104288
--------
nle(id0,id1,dist): 105 116 1.3483678188965418
list:
dist: 1.3483678188965418 vs. 1.3483678188965418
--------
nle(id0,id1,dist): 105 117 2.6319541238481308
list:
dist: 2.6319541238481308 vs. 2.6319541238481308
--------
nle(id0,id1,dist): 105 118 1.7213704545669422
list:
dist: 1.7213704545669422 vs. 1.7213704545669422
--------
nle(id0,id1,dist): 105 119 1.2172882543755927
list:
dist: 1.2172882543755927 vs. 1.2172882543755927
--------
nle(id0,id1,dist): 105 109 1.8458022745114815
list:
dist: 1.8458022745114815 vs. 1.8458022745114815
--------
nle(id0,id1,dist): 105 108 0.894326631167176
list:
dist: 0.894326631167176 vs. 0.894326631167176
--------
nle(id0,id1,dist): 105 111 1.0244180276678123
list:
dist: 1.0244180276678123 vs. 1.0244180276678123
--------
nle(id0,id1,dist): 105 110 0.9931035526756475
list:
dist: 0.9931035526756475 vs. 0.9931035526756475
--------
nle(id0,id1,dist): 105 113 2.3791250225158374
list:
dist: 2.3791250225158374 vs. 2.3791250225158374
--------
nle(id0,id1,dist): 105 115 2.0404491147785917
list:
dist: 2.0404491147785917 vs. 2.0404491147785917
--------
nle(id0,id1,dist): 105 114 1.192205175186969
list:
dist: 1.192205175186969 vs. 1.192205175186969
--------
nle(id0,id1,dist): 105 107 2.2255222639007988
list:
dist: 2.2255222639007988 vs. 2.2255222639007988
--------
nle(id0,id1,dist): 108 115 1.8784643403300827
list:
dist: 1.8784643403300827 vs. 1.8784643403300827
--------
nle(id0,id1,dist): 108 116 2.2375015061946955
list:
dist: 2.2375015061946955 vs. 2.2375015061946955
--------
nle(id0,id1,dist): 108 114 1.9911133570903616
list:
dist: 1.9911133570903616 vs. 1.9911133570903616
--------
nle(id0,id1,dist): 108 111 0.7517672922685926
list:
dist: 0.7517672922685926 vs. 0.7517672922685926
--------
nle(id0,id1,dist): 108 112 1.8718624742517829
list:
dist: 1.8718624742517829 vs. 1.8718624742517829
--------
nle(id0,id1,dist): 108 109 2.55471730952436
list:
dist: 2.55471730952436 vs. 2.55471730952436
--------
nle(id0,id1,dist): 108 110 1.7066845120321024
list:
dist: 1.7066845120321024 vs. 1.7066845120321024
--------
nle(id0,id1,dist): 107 118 3.5198696932476423
list:
dist: 3.5198696932476423 vs. 3.5198696932476423
--------
nle(id0,id1,dist): 107 119 1.775787420050651
list:
dist: 1.775787420050651 vs. 1.775787420050651
--------
nle(id0,id1,dist): 107 114 1.9686207280845236
list:
dist: 1.9686207280845236 vs. 1.9686207280845236
--------
nle(id0,id1,dist): 107 115 4.212747363259426
list:
dist: 4.212747363259426 vs. 4.212747363259426
--------
nle(id0,id1,dist): 107 116 2.463017112108038
list:
dist: 2.463017112108038 vs. 2.463017112108038
--------
nle(id0,id1,dist): 107 117 0.9251157661518872
list:
dist: 0.9251157661518872 vs. 0.9251157661518872
--------
nle(id0,id1,dist): 107 110 2.6004410258814294
list:
dist: 2.6004410258814294 vs. 2.6004410258814294
--------
nle(id0,id1,dist): 107 111 3.0799685892713224
list:
dist: 3.0799685892713224 vs. 3.0799685892713224
--------
nle(id0,id1,dist): 107 113 1.5707020412576806
list:
dist: 1.5707020412576806 vs. 1.5707020412576806
--------
nle(id0,id1,dist): 107 108 2.496819063647585
list:
dist: 2.496819063647585 vs. 2.496819063647585
--------
nle(id0,id1,dist): 107 109 1.6219366404897735
list:
dist: 1.6219366404897735 vs. 1.6219366404897735
--------
nle(id0,id1,dist): 109 114 1.4017109006461488
list:
dist: 1.4017109006461488 vs. 1.4017109006461488
--------
nle(id0,id1,dist): 109 115 3.7734743878806865
list:
dist: 3.7734743878806865 vs. 3.7734743878806865
--------
nle(id0,id1,dist): 109 113 0.9774963761546727
list:
dist: 0.9774963761546727 vs. 0.9774963761546727
--------
nle(id0,id1,dist): 109 118 3.546999864249496
list:
dist: 3.546999864249496 vs. 3.546999864249496
--------
nle(id0,id1,dist): 109 119 1.6022507785212148
list:
dist: 1.6022507785212148 vs. 1.6022507785212148
--------
nle(id0,id1,dist): 109 116 1.234537786229337
list:
dist: 1.234537786229337 vs. 1.234537786229337
--------
nle(id0,id1,dist): 109 117 1.3435434449430586
list:
dist: 1.3435434449430586 vs. 1.3435434449430586
--------
nle(id0,id1,dist): 109 111 2.7649661503197347
list:
dist: 2.7649661503197347 vs. 2.7649661503197347
--------
nle(id0,id1,dist): 109 110 1.553775467304693
list:
dist: 1.553775467304693 vs. 1.553775467304693
--------
nle(id0,id1,dist): 108 118 1.294696429238799
list:
dist: 1.294696429238799 vs. 1.294696429238799
--------
nle(id0,id1,dist): 108 119 1.87810686512636
list:
dist: 1.87810686512636 vs. 1.87810686512636
--------
nle(id0,id1,dist): 111 119 2.1825326704006907
list:
dist: 2.1825326704006907 vs. 2.1825326704006907
--------
nle(id0,id1,dist): 111 118 1.2233072058853949
list:
dist: 1.2233072058853949 vs. 1.2233072058853949
--------
nle(id0,id1,dist): 111 116 2.1687085126920094
list:
dist: 2.1687085126920094 vs. 2.1687085126920094
--------
nle(id0,id1,dist): 111 114 2.170683170746018
list:
dist: 2.170683170746018 vs. 2.170683170746018
--------
nle(id0,id1,dist): 111 115 1.2544257856537961
list:
dist: 1.2544257856537961 vs. 1.2544257856537961
--------
nle(id0,id1,dist): 111 112 1.827233477013803
list:
dist: 1.827233477013803 vs. 1.827233477013803
--------
nle(id0,id1,dist): 110 111 1.5078683566979372
list:
dist: 1.5078683566979372 vs. 1.5078683566979372
--------
nle(id0,id1,dist): 110 113 2.329930341197812
list:
dist: 2.329930341197812 vs. 2.329930341197812
--------
nle(id0,id1,dist): 110 114 1.4719702965995882
list:
dist: 1.4719702965995882 vs. 1.4719702965995882
--------
nle(id0,id1,dist): 110 119 1.7378574875224249
list:
dist: 1.7378574875224249 vs. 1.7378574875224249
--------
nle(id0,id1,dist): 110 115 2.362844201704901
list:
dist: 2.362844201704901 vs. 2.362844201704901
--------
nle(id0,id1,dist): 110 116 0.9224166881433776
list:
dist: 0.9224166881433776 vs. 0.9224166881433776
--------
nle(id0,id1,dist): 110 117 2.6648220619035627
list:
dist: 2.6648220619035627 vs. 2.6648220619035627
--------
nle(id0,id1,dist): 110 118 2.50740390940108
list:
dist: 2.50740390940108 vs. 2.50740390940108
--------
nle(id0,id1,dist): 99 107 1.9660175269912616
list:
dist: 1.9660175269912616 vs. 1.9660175269912616
--------
nle(id0,id1,dist): 99 106 1.6107408625234152
list:
dist: 1.6107408625234152 vs. 1.6107408625234152
--------
nle(id0,id1,dist): 99 109 2.5819301600996165
list:
dist: 2.5819301600996165 vs. 2.5819301600996165
--------
nle(id0,id1,dist): 99 108 0.9491977828592951
list:
dist: 0.9491977828592951 vs. 0.9491977828592951
--------
nle(id0,id1,dist): 99 111 1.6797660320864687
list:
dist: 1.6797660320864687 vs. 1.6797660320864687
--------
nle(id0,id1,dist): 99 110 2.2729700309125636
list:
dist: 2.2729700309125636 vs. 2.2729700309125636
--------
nle(id0,id1,dist): 99 112 2.2985270830179587
list:
dist: 2.2985270830179587 vs. 2.2985270830179587
--------
nle(id0,id1,dist): 99 101 0.378871706127597
list:
dist: 0.378871706127597 vs. 0.378871706127597
--------
nle(id0,id1,dist): 99 100 3.8015117902495863
list:
dist: 3.8015117902495863 vs. 3.8015117902495863
--------
nle(id0,id1,dist): 99 102 1.4127755599417315
list:
dist: 1.4127755599417315 vs. 1.4127755599417315
--------
nle(id0,id1,dist): 99 105 1.4971946732182362
list:
dist: 1.4971946732182362 vs. 1.4971946732182362
--------
nle(id0,id1,dist): 99 104 1.8995690531846794
list:
dist: 1.8995690531846794 vs. 1.8995690531846794
--------
nle(id0,id1,dist): 99 114 2.2852728032212193
list:
dist: 2.2852728032212193 vs. 2.2852728032212193
--------
nle(id0,id1,dist): 99 115 2.7998450417814134
list:
dist: 2.7998450417814134 vs. 2.7998450417814134
--------
nle(id0,id1,dist): 99 116 2.692677057892929
list:
dist: 2.692677057892929 vs. 2.692677057892929
--------
nle(id0,id1,dist): 99 118 2.00788071136874
list:
dist: 2.00788071136874 vs. 2.00788071136874
--------
nle(id0,id1,dist): 99 119 2.061772422039661
list:
dist: 2.061772422039661 vs. 2.061772422039661
--------
nle(id0,id1,dist): 98 114 2.7104336973033187
list:
dist: 2.7104336973033187 vs. 2.7104336973033187
--------
nle(id0,id1,dist): 98 112 1.8764233919919875
list:
dist: 1.8764233919919875 vs. 1.8764233919919875
--------
nle(id0,id1,dist): 98 111 0.9576742726792176
list:
dist: 0.9576742726792176 vs. 0.9576742726792176
--------
nle(id0,id1,dist): 98 118 1.256067132357294
list:
dist: 1.256067132357294 vs. 1.256067132357294
--------
nle(id0,id1,dist): 98 116 2.6132268161816596
list:
dist: 2.6132268161816596 vs. 2.6132268161816596
--------
nle(id0,id1,dist): 98 115 0.34885308773008633
list:
dist: 0.34885308773008633 vs. 0.34885308773008633
--------
nle(id0,id1,dist): 98 105 1.7723097791740001
list:
dist: 1.7723097791740001 vs. 1.7723097791740001
--------
nle(id0,id1,dist): 98 110 2.0492678212815236
list:
dist: 2.0492678212815236 vs. 2.0492678212815236
--------
nle(id0,id1,dist): 98 109 3.4804100760450156
list:
dist: 3.4804100760450156 vs. 3.4804100760450156
--------
nle(id0,id1,dist): 98 108 1.6401031706759355
list:
dist: 1.6401031706759355 vs. 1.6401031706759355
--------
nle(id0,id1,dist): 98 107 3.9578045038600282
list:
dist: 3.9578045038600282 vs. 3.9578045038600282
--------
nle(id0,id1,dist): 98 119 2.7730119316931945
list:
dist: 2.7730119316931945 vs. 2.7730119316931945
--------
nle(id0,id1,dist): 101 102 1.658762956476982
list:
dist: 1.658762956476982 vs. 1.658762956476982
--------
nle(id0,id1,dist): 101 116 2.7160217308634804
list:
dist: 2.7160217308634804 vs. 2.7160217308634804
--------
nle(id0,id1,dist): 101 118 2.1264182938041114
list:
dist: 2.1264182938041114 vs. 2.1264182938041114
--------
nle(id0,id1,dist): 101 119 1.9199972520384652
list:
dist: 1.9199972520384652 vs. 1.9199972520384652
--------
nle(id0,id1,dist): 101 112 2.5383738585947486
list:
dist: 2.5383738585947486 vs. 2.5383738585947486
--------
nle(id0,id1,dist): 101 114 2.1966007338534115
list:
dist: 2.1966007338534115 vs. 2.1966007338534115
--------
nle(id0,id1,dist): 101 115 3.012964172057374
list:
dist: 3.012964172057374 vs. 3.012964172057374
--------
nle(id0,id1,dist): 101 108 1.1844369242967407
list:
dist: 1.1844369242967407 vs. 1.1844369242967407
--------
nle(id0,id1,dist): 101 109 2.548612489532351
list:
dist: 2.548612489532351 vs. 2.548612489532351
--------
nle(id0,id1,dist): 101 110 2.4204355899201886
list:
dist: 2.4204355899201886 vs. 2.4204355899201886
--------
nle(id0,id1,dist): 101 111 1.9336484943162986
list:
dist: 1.9336484943162986 vs. 1.9336484943162986
--------
nle(id0,id1,dist): 101 104 1.802437693230933
list:
dist: 1.802437693230933 vs. 1.802437693230933
--------
nle(id0,id1,dist): 101 105 1.5974519200628665
list:
dist: 1.5974519200628665 vs. 1.5974519200628665
--------
nle(id0,id1,dist): 101 106 1.3064014749531416
list:
dist: 1.3064014749531416 vs. 1.3064014749531416
--------
nle(id0,id1,dist): 101 107 1.743457249418854
list:
dist: 1.743457249418854 vs. 1.743457249418854
--------
nle(id0,id1,dist): 100 108 3.927672533984297
list:
dist: 3.927672533984297 vs. 3.927672533984297
--------
nle(id0,id1,dist): 100 104 2.981590657477051
list:
dist: 2.981590657477051 vs. 2.981590657477051
--------
nle(id0,id1,dist): 100 103 1.9061931477397616
list:
dist: 1.9061931477397616 vs. 1.9061931477397616
--------
nle(id0,id1,dist): 100 102 3.655068011478742
list:
dist: 3.655068011478742 vs. 3.655068011478742
--------
nle(id0,id1,dist): 100 101 3.931157832013875
list:
dist: 3.931157832013875 vs. 3.931157832013875
--------
nle(id0,id1,dist): 100 118 3.627322305860774
list:
dist: 3.627322305860774 vs. 3.627322305860774
--------
nle(id0,id1,dist): 100 112 2.4659072255382806
list:
dist: 2.4659072255382806 vs. 2.4659072255382806
--------
nle(id0,id1,dist): 102 115 1.4063123801324415
list:
dist: 1.4063123801324415 vs. 1.4063123801324415
--------
nle(id0,id1,dist): 102 116 2.5597521416704803
list:
dist: 2.5597521416704803 vs. 2.5597521416704803
--------
nle(id0,id1,dist): 102 118 0.901202819244611
list:
dist: 0.901202819244611 vs. 0.901202819244611
--------
nle(id0,id1,dist): 102 119 2.2869779709856424
list:
dist: 2.2869779709856424 vs. 2.2869779709856424
--------
nle(id0,id1,dist): 102 106 2.9466010590607055
list:
dist: 2.9466010590607055 vs. 2.9466010590607055
--------
nle(id0,id1,dist): 102 105 1.2682533984293858
list:
dist: 1.2682533984293858 vs. 1.2682533984293858
--------
nle(id0,id1,dist): 102 104 2.909255550432662
list:
dist: 2.909255550432662 vs. 2.909255550432662
--------
nle(id0,id1,dist): 102 110 1.9806250631446725
list:
dist: 1.9806250631446725 vs. 1.9806250631446725
--------
nle(id0,id1,dist): 102 109 3.04949472478519
list:
dist: 3.04949472478519 vs. 3.04949472478519
--------
nle(id0,id1,dist): 102 108 0.5798684541090174
list:
dist: 0.5798684541090174 vs. 0.5798684541090174
--------
nle(id0,id1,dist): 102 107 3.070439550152969
list:
dist: 3.070439550152969 vs. 3.070439550152969
--------
nle(id0,id1,dist): 102 114 2.3756130846634096
list:
dist: 2.3756130846634096 vs. 2.3756130846634096
--------
nle(id0,id1,dist): 102 112 1.3954184464841823
list:
dist: 1.3954184464841823 vs. 1.3954184464841823
--------
nle(id0,id1,dist): 102 111 0.5672313790936482
list:
dist: 0.5672313790936482 vs. 0.5672313790936482
--------
nle(id0,id1,dist): 104 112 2.948645620247034
list:
dist: 2.948645620247034 vs. 2.948645620247034
--------
nle(id0,id1,dist): 104 106 1.5027432516018482
list:
dist: 1.5027432516018482 vs. 1.5027432516018482
--------
nle(id0,id1,dist): 104 107 3.015707265762091
list:
dist: 3.015707265762091 vs. 3.015707265762091
--------
nle(id0,id1,dist): 104 108 2.687082484698803
list:
dist: 2.687082484698803 vs. 2.687082484698803
--------
nle(id0,id1,dist): 104 118 3.200407904240643
list:
dist: 3.200407904240643 vs. 3.200407904240643
--------
nle(id0,id1,dist): 104 119 3.6120023146808373
list:
dist: 3.6120023146808373 vs. 3.6120023146808373
--------
nle(id0,id1,dist): 103 112 2.862505935339923
list:
dist: 2.862505935339923 vs. 2.862505935339923
--------
nle(id0,id1,dist): 147 149 2.0149728838242624
list:
dist: 2.0149728838242624 vs. 2.0149728838242624
--------
nle(id0,id1,dist): 147 148 3.0638846536474595
list:
dist: 3.0638846536474595 vs. 3.0638846536474595
--------
nle(id0,id1,dist): 148 149 3.0997772239283434
list:
dist: 3.0997772239283434 vs. 3.0997772239283434
--------
nle(id0,id1,dist): 146 147 2.8147293072287316
list:
dist: 2.8147293072287316 vs. 2.8147293072287316
--------
nle(id0,id1,dist): 146 148 1.1466483762432471
list:
dist: 1.1466483762432471 vs. 1.1466483762432471
--------
nle(id0,id1,dist): 146 149 2.585928211268919
list:
dist: 2.585928211268919 vs. 2.585928211268919
--------
nle(id0,id1,dist): 144 148 1.5196718401696518
list:
dist: 1.5196718401696518 vs. 1.5196718401696518
--------
nle(id0,id1,dist): 144 147 1.6495415575990626
list:
dist: 1.6495415575990626 vs. 1.6495415575990626
--------
nle(id0,id1,dist): 144 146 1.4885537338768011
list:
dist: 1.4885537338768011 vs. 1.4885537338768011
--------
nle(id0,id1,dist): 144 145 1.430681843976167
list:
dist: 1.430681843976167 vs. 1.430681843976167
--------
nle(id0,id1,dist): 144 149 1.835731516726604
list:
dist: 1.835731516726604 vs. 1.835731516726604
--------
nle(id0,id1,dist): 145 149 2.2443766386549235
list:
dist: 2.2443766386549235 vs. 2.2443766386549235
--------
nle(id0,id1,dist): 145 148 1.5344654807947482
list:
dist: 1.5344654807947482 vs. 1.5344654807947482
--------
nle(id0,id1,dist): 145 147 2.5866522865967667
list:
dist: 2.5866522865967667 vs. 2.5866522865967667
--------
nle(id0,id1,dist): 145 146 0.45761373614070916
list:
dist: 0.45761373614070916 vs. 0.45761373614070916
--------
nle(id0,id1,dist): 143 146 2.538009381383216
list:
dist: 2.538009381383216 vs. 2.538009381383216
--------
nle(id0,id1,dist): 143 147 3.0443510408753824
list:
dist: 3.0443510408753824 vs. 3.0443510408753824
--------
nle(id0,id1,dist): 143 148 3.3549560426098255
list:
dist: 3.3549560426098255 vs. 3.3549560426098255
--------
nle(id0,id1,dist): 143 149 1.2994100286725163
list:
dist: 1.2994100286725163 vs. 1.2994100286725163
--------
nle(id0,id1,dist): 143 144 2.5477293105033594
list:
dist: 2.5477293105033594 vs. 2.5477293105033594
--------
nle(id0,id1,dist): 143 145 2.1535584935772483
list:
dist: 2.1535584935772483 vs. 2.1535584935772483
--------
nle(id0,id1,dist): 141 143 1.7697847812099372
list:
dist: 1.7697847812099372 vs. 1.7697847812099372
--------
nle(id0,id1,dist): 140 149 1.7488080110122954
list:
dist: 1.7488080110122954 vs. 1.7488080110122954
--------
nle(id0,id1,dist): 141 145 1.9220565299764198
list:
dist: 1.9220565299764198 vs. 1.9220565299764198
--------
nle(id0,id1,dist): 141 146 2.152174530237309
list:
dist: 2.152174530237309 vs. 2.152174530237309
--------
nle(id0,id1,dist): 139 145 2.704405824287658
list:
dist: 2.704405824287658 vs. 2.704405824287658
--------
nle(id0,id1,dist): 139 143 1.8907601058415069
list:
dist: 1.8907601058415069 vs. 1.8907601058415069
--------
nle(id0,id1,dist): 139 141 0.9915212016251101
list:
dist: 0.9915212016251101 vs. 0.9915212016251101
--------
nle(id0,id1,dist): 139 149 3.074995839562597
list:
dist: 3.074995839562597 vs. 3.074995839562597
--------
nle(id0,id1,dist): 139 146 2.907039472372273
list:
dist: 2.907039472372273 vs. 2.907039472372273
--------
nle(id0,id1,dist): 140 145 1.8527995986192694
list:
dist: 1.8527995986192694 vs. 1.8527995986192694
--------
nle(id0,id1,dist): 140 146 2.1184542334258847
list:
dist: 2.1184542334258847 vs. 2.1184542334258847
--------
nle(id0,id1,dist): 140 147 0.7682615824436597
list:
dist: 0.7682615824436597 vs. 0.7682615824436597
--------
nle(id0,id1,dist): 140 148 2.5599817268469836
list:
dist: 2.5599817268469836 vs. 2.5599817268469836
--------
nle(id0,id1,dist): 140 143 2.533956606840155
list:
dist: 2.533956606840155 vs. 2.533956606840155
--------
nle(id0,id1,dist): 140 144 1.2302249534933791
list:
dist: 1.2302249534933791 vs. 1.2302249534933791
--------
nle(id0,id1,dist): 138 141 1.2871565435802779
list:
dist: 1.2871565435802779 vs. 1.2871565435802779
--------
nle(id0,id1,dist): 138 139 2.0924355418960103
list:
dist: 2.0924355418960103 vs. 2.0924355418960103
--------
nle(id0,id1,dist): 138 140 2.70585114722948
list:
dist: 2.70585114722948 vs. 2.70585114722948
--------
nle(id0,id1,dist): 138 148 1.926703505024163
list:
dist: 1.926703505024163 vs. 1.926703505024163
--------
nle(id0,id1,dist): 138 146 0.938953931276278
list:
dist: 0.938953931276278 vs. 0.938953931276278
--------
nle(id0,id1,dist): 138 145 0.8937723652836612
list:
dist: 0.8937723652836612 vs. 0.8937723652836612
--------
nle(id0,id1,dist): 138 144 2.2391569459924403
list:
dist: 2.2391569459924403 vs. 2.2391569459924403
--------
nle(id0,id1,dist): 138 143 2.2317935014692054
list:
dist: 2.2317935014692054 vs. 2.2317935014692054
--------
nle(id0,id1,dist): 137 145 2.6461301516397078
list:
dist: 2.6461301516397078 vs. 2.6461301516397078
--------
nle(id0,id1,dist): 137 146 2.5187802965767934
list:
dist: 2.5187802965767934 vs. 2.5187802965767934
--------
nle(id0,id1,dist): 137 141 1.9377121951990877
list:
dist: 1.9377121951990877 vs. 1.9377121951990877
--------
nle(id0,id1,dist): 137 143 3.2372851983884043
list:
dist: 3.2372851983884043 vs. 3.2372851983884043
--------
nle(id0,id1,dist): 137 138 1.8591942374154604
list:
dist: 1.8591942374154604 vs. 1.8591942374154604
--------
nle(id0,id1,dist): 137 139 1.970133737337829
list:
dist: 1.970133737337829 vs. 1.970133737337829
--------
nle(id0,id1,dist): 136 147 1.6619135897731652
list:
dist: 1.6619135897731652 vs. 1.6619135897731652
--------
nle(id0,id1,dist): 136 148 1.6064872494050102
list:
dist: 1.6064872494050102 vs. 1.6064872494050102
--------
nle(id0,id1,dist): 136 145 1.155470854828438
list:
dist: 1.155470854828438 vs. 1.155470854828438
--------
nle(id0,id1,dist): 136 146 1.3042797528109096
list:
dist: 1.3042797528109096 vs. 1.3042797528109096
--------
nle(id0,id1,dist): 136 149 1.658159902852301
list:
dist: 1.658159902852301 vs. 1.658159902852301
--------
nle(id0,id1,dist): 136 140 1.105150759694012
list:
dist: 1.105150759694012 vs. 1.105150759694012
--------
nle(id0,id1,dist): 136 138 1.9801740328297788
list:
dist: 1.9801740328297788 vs. 1.9801740328297788
--------
nle(id0,id1,dist): 136 143 2.2564529644892963
list:
dist: 2.2564529644892963 vs. 2.2564529644892963
--------
nle(id0,id1,dist): 136 144 0.35903851229351924
list:
dist: 0.35903851229351924 vs. 0.35903851229351924
--------
nle(id0,id1,dist): 134 148 2.7056776627437067
list:
dist: 2.7056776627437067 vs. 2.7056776627437067
--------
nle(id0,id1,dist): 135 141 2.6455884420720346
list:
dist: 2.6455884420720346 vs. 2.6455884420720346
--------
nle(id0,id1,dist): 135 138 2.135219232241395
list:
dist: 2.135219232241395 vs. 2.135219232241395
--------
nle(id0,id1,dist): 135 137 2.3568435534090724
list:
dist: 2.3568435534090724 vs. 2.3568435534090724
--------
nle(id0,id1,dist): 134 135 2.457649709309006
list:
dist: 2.457649709309006 vs. 2.457649709309006
--------
nle(id0,id1,dist): 134 136 2.258529986754432
list:
dist: 2.258529986754432 vs. 2.258529986754432
--------
nle(id0,id1,dist): 134 137 2.403155547681764
list:
dist: 2.403155547681764 vs. 2.403155547681764
--------
nle(id0,id1,dist): 134 138 0.9149838832006162
list:
dist: 0.9149838832006162 vs. 0.9149838832006162
--------
nle(id0,id1,dist): 134 143 1.8352760110106534
list:
dist: 1.8352760110106534 vs. 1.8352760110106534
--------
nle(id0,id1,dist): 134 144 2.5916357697232395
list:
dist: 2.5916357697232395 vs. 2.5916357697232395
--------
nle(id0,id1,dist): 134 145 1.2855791254458442
list:
dist: 1.2855791254458442 vs. 1.2855791254458442
--------
nle(id0,id1,dist): 134 146 1.5870587149237119
list:
dist: 1.5870587149237119 vs. 1.5870587149237119
--------
nle(id0,id1,dist): 134 139 1.8597451042975215
list:
dist: 1.8597451042975215 vs. 1.8597451042975215
--------
nle(id0,id1,dist): 134 140 2.662527061737693
list:
dist: 2.662527061737693 vs. 2.662527061737693
--------
nle(id0,id1,dist): 134 141 0.8951119956903035
list:
dist: 0.8951119956903035 vs. 0.8951119956903035
--------
nle(id0,id1,dist): 133 142 1.0831095964581974
list:
dist: 1.0831095964581974 vs. 1.0831095964581974
--------
nle(id0,id1,dist): 132 134 3.901015434831529
list:
dist: 3.901015434831529 vs. 3.901015434831529
--------
nle(id0,id1,dist): 132 136 3.708655098718716
list:
dist: 3.708655098718716 vs. 3.708655098718716
--------
nle(id0,id1,dist): 132 135 2.73991832777732
list:
dist: 2.73991832777732 vs. 2.73991832777732
--------
nle(id0,id1,dist): 132 138 3.2479378327506403
list:
dist: 3.2479378327506403 vs. 3.2479378327506403
--------
nle(id0,id1,dist): 132 140 4.243584032312943
list:
dist: 4.243584032312943 vs. 4.243584032312943
--------
nle(id0,id1,dist): 132 143 5.30882702279016
list:
dist: 5.30882702279016 vs. 5.30882702279016
--------
nle(id0,id1,dist): 132 144 3.691622575485393
list:
dist: 3.691622575485393 vs. 3.691622575485393
--------
nle(id0,id1,dist): 132 145 3.1766719408045563
list:
dist: 3.1766719408045563 vs. 3.1766719408045563
--------
nle(id0,id1,dist): 132 146 2.792747346239968
list:
dist: 2.792747346239968 vs. 2.792747346239968
--------
nle(id0,id1,dist): 132 148 2.4912962380667336
list:
dist: 2.4912962380667336 vs. 2.4912962380667336
--------
nle(id0,id1,dist): 131 147 1.7676011129059552
list:
dist: 1.7676011129059552 vs. 1.7676011129059552
--------
nle(id0,id1,dist): 131 146 1.5233721616153741
list:
dist: 1.5233721616153741 vs. 1.5233721616153741
--------
nle(id0,id1,dist): 131 149 1.2034082182450794
list:
dist: 1.2034082182450794 vs. 1.2034082182450794
--------
nle(id0,id1,dist): 131 148 1.9271043963087364
list:
dist: 1.9271043963087364 vs. 1.9271043963087364
--------
nle(id0,id1,dist): 131 143 1.8292640458983547
list:
dist: 1.8292640458983547 vs. 1.8292640458983547
--------
nle(id0,id1,dist): 131 144 0.7243742080006299
list:
dist: 0.7243742080006299 vs. 0.7243742080006299
--------
nle(id0,id1,dist): 131 145 1.2876118110710881
list:
dist: 1.2876118110710881 vs. 1.2876118110710881
--------
nle(id0,id1,dist): 131 138 1.9941918235542855
list:
dist: 1.9941918235542855 vs. 1.9941918235542855
--------
nle(id0,id1,dist): 131 139 3.104422887376948
list:
dist: 3.104422887376948 vs. 3.104422887376948
--------
nle(id0,id1,dist): 131 140 1.2476542904016235
list:
dist: 1.2476542904016235 vs. 1.2476542904016235
--------
nle(id0,id1,dist): 131 141 2.610695773865725
list:
dist: 2.610695773865725 vs. 2.610695773865725
--------
nle(id0,id1,dist): 131 134 2.1740986182596944
list:
dist: 2.1740986182596944 vs. 2.1740986182596944
--------
nle(id0,id1,dist): 131 136 0.49512150465968774
list:
dist: 0.49512150465968774 vs. 0.49512150465968774
--------
nle(id0,id1,dist): 131 137 3.4144801118046586
list:
dist: 3.4144801118046586 vs. 3.4144801118046586
--------
nle(id0,id1,dist): 131 132 4.117435762839335
list:
dist: 4.117435762839335 vs. 4.117435762839335
--------
nle(id0,id1,dist): 130 147 5.134128931187543
list:
dist: 5.134128931187543 vs. 5.134128931187543
--------
nle(id0,id1,dist): 130 148 3.625128367755546
list:
dist: 3.625128367755546 vs. 3.625128367755546
--------
nle(id0,id1,dist): 130 144 4.440090307186227
list:
dist: 4.440090307186227 vs. 4.440090307186227
--------
nle(id0,id1,dist): 130 140 4.99400039469678
list:
dist: 4.99400039469678 vs. 4.99400039469678
--------
nle(id0,id1,dist): 130 136 4.65211630510844
list:
dist: 4.65211630510844 vs. 4.65211630510844
--------
nle(id0,id1,dist): 130 132 2.697494427439308
list:
dist: 2.697494427439308 vs. 2.697494427439308
--------
nle(id0,id1,dist): 129 148 2.6353009994835856
list:
dist: 2.6353009994835856 vs. 2.6353009994835856
--------
nle(id0,id1,dist): 129 149 1.3200681539745935
list:
dist: 1.3200681539745935 vs. 1.3200681539745935
--------
nle(id0,id1,dist): 129 140 1.7761935108612468
list:
dist: 1.7761935108612468 vs. 1.7761935108612468
--------
nle(id0,id1,dist): 129 141 1.6906463567195829
list:
dist: 1.6906463567195829 vs. 1.6906463567195829
--------
nle(id0,id1,dist): 129 143 0.9723970007773963
list:
dist: 0.9723970007773963 vs. 0.9723970007773963
--------
nle(id0,id1,dist): 129 144 1.838543144215059
list:
dist: 1.838543144215059 vs. 1.838543144215059
--------
nle(id0,id1,dist): 129 145 1.2871132279779727
list:
dist: 1.2871132279779727 vs. 1.2871132279779727
--------
nle(id0,id1,dist): 129 146 1.7200009535114145
list:
dist: 1.7200009535114145 vs. 1.7200009535114145
--------
nle(id0,id1,dist): 129 147 2.4277248478914815
list:
dist: 2.4277248478914815 vs. 2.4277248478914815
--------
nle(id0,id1,dist): 129 134 1.2890405121369486
list:
dist: 1.2890405121369486 vs. 1.2890405121369486
--------
nle(id0,id1,dist): 129 132 4.452930252115704
list:
dist: 4.452930252115704 vs. 4.452930252115704
--------
nle(id0,id1,dist): 129 139 2.2567344567000003
list:
dist: 2.2567344567000003 vs. 2.2567344567000003
--------
nle(id0,id1,dist): 129 138 1.6143910219939734
list:
dist: 1.6143910219939734 vs. 1.6143910219939734
--------
nle(id0,id1,dist): 129 137 3.10300319097639
list:
dist: 3.10300319097639 vs. 3.10300319097639
--------
nle(id0,id1,dist): 129 136 1.4959892941075221
list:
dist: 1.4959892941075221 vs. 1.4959892941075221
--------
nle(id0,id1,dist): 129 131 1.2038243680592962
list:
dist: 1.2038243680592962 vs. 1.2038243680592962
--------
nle(id0,id1,dist): 128 147 3.3562092685343057
list:
dist: 3.3562092685343057 vs. 3.3562092685343057
--------
nle(id0,id1,dist): 128 148 0.9059677752712559
list:
dist: 0.9059677752712559 vs. 0.9059677752712559
--------
nle(id0,id1,dist): 128 145 1.1653225846049748
list:
dist: 1.1653225846049748 vs. 1.1653225846049748
--------
nle(id0,id1,dist): 128 146 0.7166985981387974
list:
dist: 0.7166985981387974 vs. 0.7166985981387974
--------
nle(id0,id1,dist): 128 149 3.2515497995372638
list:
dist: 3.2515497995372638 vs. 3.2515497995372638
--------
nle(id0,id1,dist): 128 134 2.0817184646873303
list:
dist: 2.0817184646873303 vs. 2.0817184646873303
--------
nle(id0,id1,dist): 128 136 1.8659978970244195
list:
dist: 1.8659978970244195 vs. 1.8659978970244195
--------
nle(id0,id1,dist): 128 129 2.42105138062979
list:
dist: 2.42105138062979 vs. 2.42105138062979
--------
nle(id0,id1,dist): 128 130 3.9864507422152107
list:
dist: 3.9864507422152107 vs. 3.9864507422152107
--------
nle(id0,id1,dist): 128 131 2.1410562358459764
list:
dist: 2.1410562358459764 vs. 2.1410562358459764
--------
nle(id0,id1,dist): 128 132 2.1894372985198864
list:
dist: 2.1894372985198864 vs. 2.1894372985198864
--------
nle(id0,id1,dist): 128 143 3.190263595523965
list:
dist: 3.190263595523965 vs. 3.190263595523965
--------
nle(id0,id1,dist): 128 144 1.9485121018550828
list:
dist: 1.9485121018550828 vs. 1.9485121018550828
--------
nle(id0,id1,dist): 128 138 1.2730450802847586
list:
dist: 1.2730450802847586 vs. 1.2730450802847586
--------
nle(id0,id1,dist): 128 140 2.707262409530545
list:
dist: 2.707262409530545 vs. 2.707262409530545
--------
nle(id0,id1,dist): 127 140 3.1602276431760337
list:
dist: 3.1602276431760337 vs. 3.1602276431760337
--------
nle(id0,id1,dist): 127 141 1.6028462370628613
list:
dist: 1.6028462370628613 vs. 1.6028462370628613
--------
nle(id0,id1,dist): 127 138 0.60122098796372
list:
dist: 0.60122098796372 vs. 0.60122098796372
--------
nle(id0,id1,dist): 127 139 2.3826729422004584
list:
dist: 2.3826729422004584 vs. 2.3826729422004584
--------
nle(id0,id1,dist): 127 136 2.4265806004912758
list:
dist: 2.4265806004912758 vs. 2.4265806004912758
--------
nle(id0,id1,dist): 127 137 1.6889245423458648
list:
dist: 1.6889245423458648 vs. 1.6889245423458648
--------
nle(id0,id1,dist): 127 134 1.3133596368037797
list:
dist: 1.3133596368037797 vs. 1.3133596368037797
--------
nle(id0,id1,dist): 127 135 1.5794481372138243
list:
dist: 1.5794481372138243 vs. 1.5794481372138243
--------
nle(id0,id1,dist): 127 148 1.994966249766081
list:
dist: 1.994966249766081 vs. 1.994966249766081
--------
nle(id0,id1,dist): 127 146 1.191139623548569
list:
dist: 1.191139623548569 vs. 1.191139623548569
--------
nle(id0,id1,dist): 127 144 2.6461278690759693
list:
dist: 2.6461278690759693 vs. 2.6461278690759693
--------
nle(id0,id1,dist): 127 145 1.3227994876049798
list:
dist: 1.3227994876049798 vs. 1.3227994876049798
--------
nle(id0,id1,dist): 127 143 2.812364015362998
list:
dist: 2.812364015362998 vs. 2.812364015362998
--------
nle(id0,id1,dist): 127 132 2.8639904851693676
list:
dist: 2.8639904851693676 vs. 2.8639904851693676
--------
nle(id0,id1,dist): 127 131 2.5134957010769803
list:
dist: 2.5134957010769803 vs. 2.5134957010769803
--------
nle(id0,id1,dist): 127 129 2.2050635359088036
list:
dist: 2.2050635359088036 vs. 2.2050635359088036
--------
nle(id0,id1,dist): 127 128 1.17809139248075
list:
dist: 1.17809139248075 vs. 1.17809139248075
--------
nle(id0,id1,dist): 126 140 0.816075900265289
list:
dist: 0.816075900265289 vs. 0.816075900265289
--------
nle(id0,id1,dist): 126 143 3.21470876096381
list:
dist: 3.21470876096381 vs. 3.21470876096381
--------
nle(id0,id1,dist): 126 144 1.1720741360225708
list:
dist: 1.1720741360225708 vs. 1.1720741360225708
--------
nle(id0,id1,dist): 126 145 2.041435641605405
list:
dist: 2.041435641605405 vs. 2.041435641605405
--------
nle(id0,id1,dist): 126 146 2.1442521560811865
list:
dist: 2.1442521560811865 vs. 2.1442521560811865
--------
nle(id0,id1,dist): 126 147 0.9942324198230467
list:
dist: 0.9942324198230467 vs. 0.9942324198230467
--------
nle(id0,id1,dist): 126 148 2.2630817139690045
list:
dist: 2.2630817139690045 vs. 2.2630817139690045
--------
nle(id0,id1,dist): 126 149 2.40214017292832
list:
dist: 2.40214017292832 vs. 2.40214017292832
--------
nle(id0,id1,dist): 126 128 2.5603281156247815
list:
dist: 2.5603281156247815 vs. 2.5603281156247815
--------
nle(id0,id1,dist): 126 127 3.284281677478118
list:
dist: 3.284281677478118 vs. 3.284281677478118
--------
nle(id0,id1,dist): 126 130 4.229036195997865
list:
dist: 4.229036195997865 vs. 4.229036195997865
--------
nle(id0,id1,dist): 126 129 2.3977975679879946
list:
dist: 2.3977975679879946 vs. 2.3977975679879946
--------
nle(id0,id1,dist): 126 132 3.784148126465016
list:
dist: 3.784148126465016 vs. 3.784148126465016
--------
nle(id0,id1,dist): 126 131 1.6080669609091074
list:
dist: 1.6080669609091074 vs. 1.6080669609091074
--------
nle(id0,id1,dist): 126 134 3.094406932554445
list:
dist: 3.094406932554445 vs. 3.094406932554445
--------
nle(id0,id1,dist): 126 136 1.241408765815462
list:
dist: 1.241408765815462 vs. 1.241408765815462
--------
nle(id0,id1,dist): 126 138 2.9341062472526094
list:
dist: 2.9341062472526094 vs. 2.9341062472526094
--------
nle(id0,id1,dist): 125 147 2.3710105233336805
list:
dist: 2.3710105233336805 vs. 2.3710105233336805
--------
nle(id0,id1,dist): 125 144 1.8896358369382125
list:
dist: 1.8896358369382125 vs. 1.8896358369382125
--------
nle(id0,id1,dist): 125 148 2.0677961738110757
list:
dist: 2.0677961738110757 vs. 2.0677961738110757
--------
nle(id0,id1,dist): 125 130 2.857683648348845
list:
dist: 2.857683648348845 vs. 2.857683648348845
--------
nle(id0,id1,dist): 125 128 2.6951911341770125
list:
dist: 2.6951911341770125 vs. 2.6951911341770125
--------
nle(id0,id1,dist): 125 132 3.2454055113413194
list:
dist: 3.2454055113413194 vs. 3.2454055113413194
--------
nle(id0,id1,dist): 125 136 2.1668320523477904
list:
dist: 2.1668320523477904 vs. 2.1668320523477904
--------
nle(id0,id1,dist): 125 140 2.3608230899928864
list:
dist: 2.3608230899928864 vs. 2.3608230899928864
2. Check the NeighborList query for coordinates against the neighbor list for consistency
list:
dist: 0.35781314695412647 vs. 0.35781314695412647
list:
dist: 1.510349323944398 vs. 1.510349323944398
list:
dist: 2.524622335692781 vs. 2.524622335692781
list:
dist: 1.357731540688383 vs. 1.357731540688383
list:
dist: 2.27998921840844 vs. 2.27998921840844
list:
dist: 2.77617900731557 vs. 2.77617900731557
list:
dist: 2.612343476195091 vs. 2.612343476195091
list:
dist: 3.034747031818043 vs. 3.034747031818043
list:
dist: 3.7331252972544156 vs. 3.7331252972544156
list:
dist: 2.6533462707438757 vs. 2.6533462707438757
list:
dist: 3.992549124183775 vs. 3.992549124183775
list:
dist: 3.450694589469029 vs. 3.450694589469029
list:
dist: 3.8537873678400225 vs. 3.8537873678400225
list:
dist: 3.749783549965694 vs. 3.749783549965694
list:
dist: 3.7934689387834775 vs. 3.7934689387834775
list:
dist: 4.469301783346402 vs. 4.469301783346402
list:
dist: 3.313928177279259 vs. 3.313928177279259
list:
dist: 3.7331252972544156 vs. 3.7331252972544156
list:
dist: 2.600267184185979 vs. 2.600267184185979
list:
dist: 3.0444543377225024 vs. 3.0444543377225024
list:
dist: 3.999198495840829 vs. 3.999198495840829
list:
dist: 2.302145023064524 vs. 2.302145023064524
list:
dist: 2.300435892313957 vs. 2.300435892313957
list:
dist: 1.1459832478433178 vs. 1.1459832478433178
list:
dist: 1.1880265203332907 vs. 1.1880265203332907
list:
dist: 2.502983147835305 vs. 2.502983147835305
list:
dist: 2.1889835349464373 vs. 2.1889835349464373
list:
dist: 1.5332682867515663 vs. 1.5332682867515663
list:
dist: 1.357731540688383 vs. 1.357731540688383
list:
dist: 1.6382138641765305 vs. 1.6382138641765305
list:
dist: 1.6699465855482 vs. 1.6699465855482
list:
dist: 1.8869207572316908 vs. 1.8869207572316908
list:
dist: 1.8697087902452973 vs. 1.8697087902452973
list:
dist: 2.309939479161788 vs. 2.309939479161788
list:
dist: 1.8730120891407611 vs. 1.8730120891407611
list:
dist: 3.999198495840829 vs. 3.999198495840829
list:
dist: 2.8835342858719515 vs. 2.8835342858719515
list:
dist: 4.026295375090471 vs. 4.026295375090471
list:
dist: 2.9497053322554003 vs. 2.9497053322554003
list:
dist: 3.168082350277638 vs. 3.168082350277638
list:
dist: 3.2375774457752926 vs. 3.2375774457752926
list:
dist: 3.057641069340363 vs. 3.057641069340363
list:
dist: 3.6490264450888104 vs. 3.6490264450888104
list:
dist: 2.695606233457361 vs. 2.695606233457361
list:
dist: 3.066431499176606 vs. 3.066431499176606
list:
dist: 3.034747031818043 vs. 3.034747031818043
list:
dist: 2.6719571515516205 vs. 2.6719571515516205
list:
dist: 1.9876518206866594 vs. 1.9876518206866594
list:
dist: 1.8730120891407611 vs. 1.8730120891407611
list:
dist: 2.656934680586485 vs. 2.656934680586485
list:
dist: 0.7902424815068968 vs. 0.7902424815068968
list:
dist: 2.108321481531986 vs. 2.108321481531986
list:
dist: 1.1563379414051151 vs. 1.1563379414051151
list:
dist: 4.444145460131723 vs. 4.444145460131723
list:
dist: 2.844161663560941 vs. 2.844161663560941
list:
dist: 2.1807762420966608 vs. 2.1807762420966608
list:
dist: 2.2987484584137703 vs. 2.2987484584137703
list:
dist: 1.800536562237864 vs. 1.800536562237864
list:
dist: 2.7260698675005965 vs. 2.7260698675005965
list:
dist: 2.3452058366038018 vs. 2.3452058366038018
list:
dist: 2.835096888588234 vs. 2.835096888588234
list:
dist: 2.86371138985005 vs. 2.86371138985005
list:
dist: 4.080339643579158 vs. 4.080339643579158
list:
dist: 2.0508829329746208 vs. 2.0508829329746208
list:
dist: 0.35781314695412647 vs. 0.35781314695412647
list:
dist: 1.618503564940488 vs. 1.618503564940488
list:
dist: 2.721135599337022 vs. 2.721135599337022
list:
dist: 1.5332682867515663 vs. 1.5332682867515663
list:
dist: 2.4919347618882033 vs. 2.4919347618882033
list:
dist: 2.7672057694475587 vs. 2.7672057694475587
list:
dist: 2.5559086257269388 vs. 2.5559086257269388
list:
dist: 3.066431499176606 vs. 3.066431499176606
list:
dist: 2.4919347618882033 vs. 2.4919347618882033
list:
dist: 2.27998921840844 vs. 2.27998921840844
list:
dist: 1.0710628071195984 vs. 1.0710628071195984
list:
dist: 0.8100135567834682 vs. 0.8100135567834682
list:
dist: 1.8869207572316908 vs. 1.8869207572316908
list:
dist: 2.300912878596786 vs. 2.300912878596786
list:
dist: 1.9761740529616163 vs. 1.9761740529616163
list:
dist: 2.656934680586485 vs. 2.656934680586485
list:
dist: 2.302145023064524 vs. 2.302145023064524
list:
dist: 1.3143185742533234 vs. 1.3143185742533234
list:
dist: 2.235353736057628 vs. 2.235353736057628
list:
dist: 1.4164254308328936 vs. 1.4164254308328936
list:
dist: 2.522812093181703 vs. 2.522812093181703
list:
dist: 2.855452790801294 vs. 2.855452790801294
list:
dist: 2.8659167809329005 vs. 2.8659167809329005
list:
dist: 2.618878255655192 vs. 2.618878255655192
list:
dist: 1.5182211036655267 vs. 1.5182211036655267
list:
dist: 2.300435892313957 vs. 2.300435892313957
list:
dist: 2.3945409939573716 vs. 2.3945409939573716
list:
dist: 2.721135599337022 vs. 2.721135599337022
list:
dist: 2.524622335692781 vs. 2.524622335692781
list:
dist: 1.530134011285601 vs. 1.530134011285601
list:
dist: 1.6699465855482 vs. 1.6699465855482
list:
dist: 0.8100135567834682 vs. 0.8100135567834682
list:
dist: 1.7840152702597558 vs. 1.7840152702597558
list:
dist: 1.9272478374990831 vs. 1.9272478374990831
list:
dist: 1.9876518206866594 vs. 1.9876518206866594
list:
dist: 3.0444543377225024 vs. 3.0444543377225024
list:
dist: 2.1107498849202386 vs. 2.1107498849202386
list:
dist: 2.8043386085157493 vs. 2.8043386085157493
list:
dist: 1.4697734899698474 vs. 1.4697734899698474
list:
dist: 2.184429732616993 vs. 2.184429732616993
list:
dist: 2.6091021829289933 vs. 2.6091021829289933
list:
dist: 2.4404928813279625 vs. 2.4404928813279625
list:
dist: 2.233865983317202 vs. 2.233865983317202
list:
dist: 1.3401986291340655 vs. 1.3401986291340655
list:
dist: 3.450694589469029 vs. 3.450694589469029
list:
dist: 1.9994675391498975 vs. 1.9994675391498975
list:
dist: 1.4697734899698474 vs. 1.4697734899698474
list:
dist: 2.9497053322554003 vs. 2.9497053322554003
list:
dist: 1.4164254308328936 vs. 1.4164254308328936
list:
dist: 2.3470899405111583 vs. 2.3470899405111583
list:
dist: 1.8081700352744234 vs. 1.8081700352744234
list:
dist: 2.844161663560941 vs. 2.844161663560941
list:
dist: 2.502983147835305 vs. 2.502983147835305
list:
dist: 1.9206830208589374 vs. 1.9206830208589374
list:
dist: 1.7397051961692063 vs. 1.7397051961692063
list:
dist: 1.597045465173104 vs. 1.597045465173104
list:
dist: 2.122806428500969 vs. 2.122806428500969
list:
dist: 2.2167181159725744 vs. 2.2167181159725744
list:
dist: 1.4425340777814684 vs. 1.4425340777814684
list:
dist: 0.5624786254081391 vs. 0.5624786254081391
list:
dist: 1.5537071835698888 vs. 1.5537071835698888
list:
dist: 2.5609720697508616 vs. 2.5609720697508616
list:
dist: 2.231951573587097 vs. 2.231951573587097
list:
dist: 2.5559086257269388 vs. 2.5559086257269388
list:
dist: 2.612343476195091 vs. 2.612343476195091
list:
dist: 1.5468704859177653 vs. 1.5468704859177653
list:
dist: 1.9272478374990831 vs. 1.9272478374990831
list:
dist: 2.309939479161788 vs. 2.309939479161788
list:
dist: 1.9761740529616163 vs. 1.9761740529616163
list:
dist: 1.3309896470979141 vs. 1.3309896470979141
list:
dist: 2.108321481531986 vs. 2.108321481531986
list:
dist: 2.7639327567211174 vs. 2.7639327567211174
list:
dist: 2.9029968802900865 vs. 2.9029968802900865
list:
dist: 1.8081700352744234 vs. 1.8081700352744234
list:
dist: 1.4253140123524242 vs. 1.4253140123524242
list:
dist: 1.1823610190993123 vs. 1.1823610190993123
list:
dist: 1.4463122112500055 vs. 1.4463122112500055
list:
dist: 2.38118198330948 vs. 2.38118198330948
list:
dist: 1.4238237329408767 vs. 1.4238237329408767
list:
dist: 2.7287884343906748 vs. 2.7287884343906748
list:
dist: 3.2701185439767384 vs. 3.2701185439767384
list:
dist: 4.515110570171138 vs. 4.515110570171138
list:
dist: 2.6050435845126825 vs. 2.6050435845126825
list:
dist: 1.618503564940488 vs. 1.618503564940488
list:
dist: 1.510349323944398 vs. 1.510349323944398
list:
dist: 1.530134011285601 vs. 1.530134011285601
list:
dist: 1.6382138641765305 vs. 1.6382138641765305
list:
dist: 1.0710628071195984 vs. 1.0710628071195984
list:
dist: 2.164931607052427 vs. 2.164931607052427
list:
dist: 1.5468704859177653 vs. 1.5468704859177653
list:
dist: 2.6719571515516205 vs. 2.6719571515516205
list:
dist: 2.600267184185979 vs. 2.600267184185979
list:
dist: 1.4599674274005927 vs. 1.4599674274005927
list:
dist: 2.57618406578456 vs. 2.57618406578456
list:
dist: 1.9994675391498975 vs. 1.9994675391498975
list:
dist: 2.6596622430973205 vs. 2.6596622430973205
list:
dist: 2.688499398920158 vs. 2.688499398920158
list:
dist: 2.82994078277284 vs. 2.82994078277284
list:
dist: 3.170365492408027 vs. 3.170365492408027
list:
dist: 1.9448952832513757 vs. 1.9448952832513757
list:
dist: 2.6533462707438757 vs. 2.6533462707438757
list:
dist: 1.4599674274005927 vs. 1.4599674274005927
list:
dist: 2.1107498849202386 vs. 2.1107498849202386
list:
dist: 2.8835342858719515 vs. 2.8835342858719515
list:
dist: 1.3143185742533234 vs. 1.3143185742533234
list:
dist: 2.3945409939573716 vs. 2.3945409939573716
list:
dist: 1.1459832478433178 vs. 1.1459832478433178
list:
dist: 1.4785154270311511 vs. 1.4785154270311511
list:
dist: 1.9206830208589374 vs. 1.9206830208589374
list:
dist: 2.3477006334657315 vs. 2.3477006334657315
list:
dist: 3.403710147717902 vs. 3.403710147717902
list:
dist: 2.231951573587097 vs. 2.231951573587097
list:
dist: 1.871231596501478 vs. 1.871231596501478
list:
dist: 2.519150028251591 vs. 2.519150028251591
list:
dist: 2.414794848870884 vs. 2.414794848870884
list:
dist: 0.990023881070975 vs. 0.990023881070975
list:
dist: 2.1435348153854537 vs. 2.1435348153854537
list:
dist: 1.8658961383056136 vs. 1.8658961383056136
list:
dist: 1.5641264636588321 vs. 1.5641264636588321
list:
dist: 2.207536068607461 vs. 2.207536068607461
list:
dist: 1.7253444657161439 vs. 1.7253444657161439
list:
dist: 2.4971225720324566 vs. 2.4971225720324566
list:
dist: 1.6304933769769159 vs. 1.6304933769769159
list:
dist: 2.243120871384196 vs. 2.243120871384196
list:
dist: 3.313928177279259 vs. 3.313928177279259
list:
dist: 1.9448952832513757 vs. 1.9448952832513757
list:
dist: 1.3401986291340655 vs. 1.3401986291340655
list:
dist: 2.695606233457361 vs. 2.695606233457361
list:
dist: 1.5182211036655267 vs. 1.5182211036655267
list:
dist: 1.8242923633259664 vs. 1.8242923633259664
list:
dist: 1.4238237329408767 vs. 1.4238237329408767
list:
dist: 2.3452058366038018 vs. 2.3452058366038018
list:
dist: 2.5138537189106795 vs. 2.5138537189106795
list:
dist: 2.2378805078134922 vs. 2.2378805078134922
list:
dist: 0.5624786254081391 vs. 0.5624786254081391
list:
dist: 1.1142454810311635 vs. 1.1142454810311635
list:
dist: 1.6565067962519533 vs. 1.6565067962519533
list:
dist: 1.678164871988867 vs. 1.678164871988867
list:
dist: 1.2377171157813622 vs. 1.2377171157813622
list:
dist: 2.510893225105842 vs. 2.510893225105842
list:
dist: 2.629539252422554 vs. 2.629539252422554
list:
dist: 3.849405679602533 vs. 3.849405679602533
list:
dist: 1.9102896899266282 vs. 1.9102896899266282
list:
dist: 2.0216461609802305 vs. 2.0216461609802305
list:
dist: 2.7372657812710446 vs. 2.7372657812710446
list:
dist: 2.1435348153854537 vs. 2.1435348153854537
list:
dist: 3.749783549965694 vs. 3.749783549965694
list:
dist: 2.688499398920158 vs. 2.688499398920158
list:
dist: 2.6091021829289933 vs. 2.6091021829289933
list:
dist: 3.2375774457752926 vs. 3.2375774457752926
list:
dist: 2.855452790801294 vs. 2.855452790801294
list:
dist: 1.6144940582671072 vs. 1.6144940582671072
list:
dist: 1.1823610190993123 vs. 1.1823610190993123
list:
dist: 2.2987484584137703 vs. 2.2987484584137703
list:
dist: 2.513071555771187 vs. 2.513071555771187
list:
dist: 3.387371033393125 vs. 3.387371033393125
list:
dist: 2.122806428500969 vs. 2.122806428500969
list:
dist: 0.7825418087495774 vs. 0.7825418087495774
list:
dist: 0.6591489750702856 vs. 0.6591489750702856
list:
dist: 1.9465851186445042 vs. 1.9465851186445042
list:
dist: 1.6565067962519533 vs. 1.6565067962519533
list:
dist: 1.6376762708672292 vs. 1.6376762708672292
list:
dist: 2.4140016803586835 vs. 2.4140016803586835
list:
dist: 3.547589983519214 vs. 3.547589983519214
list:
dist: 2.0412092912463105 vs. 2.0412092912463105
list:
dist: 3.0955054358646774 vs. 3.0955054358646774
list:
dist: 3.1482586427599615 vs. 3.1482586427599615
list:
dist: 2.519150028251591 vs. 2.519150028251591
list:
dist: 2.7672057694475587 vs. 2.7672057694475587
list:
dist: 2.77617900731557 vs. 2.77617900731557
list:
dist: 2.164931607052427 vs. 2.164931607052427
list:
dist: 1.7840152702597558 vs. 1.7840152702597558
list:
dist: 1.8697087902452973 vs. 1.8697087902452973
list:
dist: 2.300912878596786 vs. 2.300912878596786
list:
dist: 1.3309896470979141 vs. 1.3309896470979141
list:
dist: 0.7902424815068968 vs. 0.7902424815068968
list:
dist: 1.6057706934271445 vs. 1.6057706934271445
list:
dist: 3.8650453651126595 vs. 3.8650453651126595
list:
dist: 2.3470899405111583 vs. 2.3470899405111583
list:
dist: 1.6165037401897098 vs. 1.6165037401897098
list:
dist: 1.6144940582671072 vs. 1.6144940582671072
list:
dist: 1.2599979772119871 vs. 1.2599979772119871
list:
dist: 2.402312327929322 vs. 2.402312327929322
list:
dist: 1.8242923633259664 vs. 1.8242923633259664
list:
dist: 2.5319036580025363 vs. 2.5319036580025363
list:
dist: 2.7999280440252994 vs. 2.7999280440252994
list:
dist: 4.071945964364326 vs. 4.071945964364326
list:
dist: 2.0106044169357578 vs. 2.0106044169357578
list:
dist: 2.1889835349464373 vs. 2.1889835349464373
list:
dist: 2.3477006334657315 vs. 2.3477006334657315
list:
dist: 1.0634005475265194 vs. 1.0634005475265194
list:
dist: 1.5537071835698888 vs. 1.5537071835698888
list:
dist: 2.671640724096059 vs. 2.671640724096059
list:
dist: 3.0955054358646774 vs. 3.0955054358646774
list:
dist: 3.378870412161197 vs. 3.378870412161197
list:
dist: 2.288435946351519 vs. 2.288435946351519
list:
dist: 2.0216461609802305 vs. 2.0216461609802305
list:
dist: 1.7783047643529055 vs. 1.7783047643529055
list:
dist: 2.4971225720324566 vs. 2.4971225720324566
list:
dist: 3.158756747993784 vs. 3.158756747993784
list:
dist: 3.992549124183775 vs. 3.992549124183775
list:
dist: 2.57618406578456 vs. 2.57618406578456
list:
dist: 2.8043386085157493 vs. 2.8043386085157493
list:
dist: 4.026295375090471 vs. 4.026295375090471
list:
dist: 2.235353736057628 vs. 2.235353736057628
list:
dist: 3.8650453651126595 vs. 3.8650453651126595
list:
dist: 2.9029968802900865 vs. 2.9029968802900865
list:
dist: 4.444145460131723 vs. 4.444145460131723
list:
dist: 1.1880265203332907 vs. 1.1880265203332907
list:
dist: 1.4785154270311511 vs. 1.4785154270311511
list:
dist: 1.7397051961692063 vs. 1.7397051961692063
list:
dist: 3.090411408972131 vs. 3.090411408972131
list:
dist: 3.387371033393125 vs. 3.387371033393125
list:
dist: 3.7160635589848265 vs. 3.7160635589848265
list:
dist: 2.958687722668707 vs. 2.958687722668707
list:
dist: 2.2378805078134922 vs. 2.2378805078134922
list:
dist: 1.0634005475265194 vs. 1.0634005475265194
list:
dist: 2.812155473381488 vs. 2.812155473381488
list:
dist: 3.403710147717902 vs. 3.403710147717902
list:
dist: 1.6057706934271445 vs. 1.6057706934271445
list:
dist: 2.7639327567211174 vs. 2.7639327567211174
list:
dist: 1.1563379414051151 vs. 1.1563379414051151
list:
dist: 2.16206451486084 vs. 2.16206451486084
list:
dist: 2.513071555771187 vs. 2.513071555771187
list:
dist: 1.871032697062641 vs. 1.871032697062641
list:
dist: 2.331221623208933 vs. 2.331221623208933
list:
dist: 2.5138537189106795 vs. 2.5138537189106795
list:
dist: 2.324196540260952 vs. 2.324196540260952
list:
dist: 1.9863384511790037 vs. 1.9863384511790037
list:
dist: 3.0922833288479588 vs. 3.0922833288479588
list:
dist: 1.291249380623667 vs. 1.291249380623667
list:
dist: 2.812155473381488 vs. 2.812155473381488
list:
dist: 2.5609720697508616 vs. 2.5609720697508616
list:
dist: 2.7176528679171104 vs. 2.7176528679171104
list:
dist: 3.1482586427599615 vs. 3.1482586427599615
list:
dist: 3.371566216417465 vs. 3.371566216417465
list:
dist: 2.1694231778162725 vs. 2.1694231778162725
list:
dist: 2.7372657812710446 vs. 2.7372657812710446
list:
dist: 3.004829086074876 vs. 3.004829086074876
list:
dist: 3.1107059181587267 vs. 3.1107059181587267
list:
dist: 3.558866602940174 vs. 3.558866602940174
list:
dist: 3.222905985050272 vs. 3.222905985050272
list:
dist: 1.7783047643529055 vs. 1.7783047643529055
list:
dist: 1.6304933769769159 vs. 1.6304933769769159
list:
dist: 1.4923693301765129 vs. 1.4923693301765129
list:
dist: 3.7934689387834775 vs. 3.7934689387834775
list:
dist: 2.82994078277284 vs. 2.82994078277284
list:
dist: 2.4404928813279625 vs. 2.4404928813279625
list:
dist: 3.057641069340363 vs. 3.057641069340363
list:
dist: 2.8659167809329005 vs. 2.8659167809329005
list:
dist: 1.2599979772119871 vs. 1.2599979772119871
list:
dist: 1.4463122112500055 vs. 1.4463122112500055
list:
dist: 1.800536562237864 vs. 1.800536562237864
list:
dist: 1.871032697062641 vs. 1.871032697062641
list:
dist: 3.7160635589848265 vs. 3.7160635589848265
list:
dist: 2.2167181159725744 vs. 2.2167181159725744
list:
dist: 0.7281864978193308 vs. 0.7281864978193308
list:
dist: 0.6591489750702856 vs. 0.6591489750702856
list:
dist: 1.7741084377819534 vs. 1.7741084377819534
list:
dist: 1.678164871988867 vs. 1.678164871988867
list:
dist: 1.3746680478104751 vs. 1.3746680478104751
list:
dist: 1.9759294959278124 vs. 1.9759294959278124
list:
dist: 3.1793928488325753 vs. 3.1793928488325753
list:
dist: 1.5163904236481027 vs. 1.5163904236481027
list:
dist: 3.378870412161197 vs. 3.378870412161197
list:
dist: 3.371566216417465 vs. 3.371566216417465
list:
dist: 2.414794848870884 vs. 2.414794848870884
list:
dist: 2.5319036580025363 vs. 2.5319036580025363
list:
dist: 2.7287884343906748 vs. 2.7287884343906748
list:
dist: 2.835096888588234 vs. 2.835096888588234
list:
dist: 2.324196540260952 vs. 2.324196540260952
list:
dist: 1.4734104821906209 vs. 1.4734104821906209
list:
dist: 1.6376762708672292 vs. 1.6376762708672292
list:
dist: 1.3746680478104751 vs. 1.3746680478104751
list:
dist: 1.832579236697238 vs. 1.832579236697238
list:
dist: 2.510893225105842 vs. 2.510893225105842
list:
dist: 1.1151727299835366 vs. 1.1151727299835366
list:
dist: 1.973688062064872 vs. 1.973688062064872
list:
dist: 1.4770594989458756 vs. 1.4770594989458756
list:
dist: 3.004829086074876 vs. 3.004829086074876
list:
dist: 1.8658961383056136 vs. 1.8658961383056136
list:
dist: 3.8537873678400225 vs. 3.8537873678400225
list:
dist: 2.6596622430973205 vs. 2.6596622430973205
list:
dist: 2.184429732616993 vs. 2.184429732616993
list:
dist: 3.168082350277638 vs. 3.168082350277638
list:
dist: 2.522812093181703 vs. 2.522812093181703
list:
dist: 1.6165037401897098 vs. 1.6165037401897098
list:
dist: 1.4253140123524242 vs. 1.4253140123524242
list:
dist: 2.1807762420966608 vs. 2.1807762420966608
list:
dist: 2.16206451486084 vs. 2.16206451486084
list:
dist: 3.090411408972131 vs. 3.090411408972131
list:
dist: 1.597045465173104 vs. 1.597045465173104
list:
dist: 0.7825418087495774 vs. 0.7825418087495774
list:
dist: 0.7281864978193308 vs. 0.7281864978193308
list:
dist: 1.1773061364366866 vs. 1.1773061364366866
list:
dist: 1.1142454810311635 vs. 1.1142454810311635
list:
dist: 1.4734104821906209 vs. 1.4734104821906209
list:
dist: 1.9184196122335402 vs. 1.9184196122335402
list:
dist: 3.1293446519039727 vs. 3.1293446519039727
list:
dist: 1.4293792449543288 vs. 1.4293792449543288
list:
dist: 2.671640724096059 vs. 2.671640724096059
list:
dist: 2.7176528679171104 vs. 2.7176528679171104
list:
dist: 1.871231596501478 vs. 1.871231596501478
list:
dist: 2.7999280440252994 vs. 2.7999280440252994
list:
dist: 3.2701185439767384 vs. 3.2701185439767384
list:
dist: 2.86371138985005 vs. 2.86371138985005
list:
dist: 1.9863384511790037 vs. 1.9863384511790037
list:
dist: 1.9184196122335402 vs. 1.9184196122335402
list:
dist: 2.4140016803586835 vs. 2.4140016803586835
list:
dist: 1.9759294959278124 vs. 1.9759294959278124
list:
dist: 1.6205200770930326 vs. 1.6205200770930326
list:
dist: 2.629539252422554 vs. 2.629539252422554
list:
dist: 1.1151727299835366 vs. 1.1151727299835366
list:
dist: 1.303437856082328 vs. 1.303437856082328
list:
dist: 0.9600663412500492 vs. 0.9600663412500492
list:
dist: 3.1107059181587267 vs. 3.1107059181587267
list:
dist: 1.5641264636588321 vs. 1.5641264636588321
list:
dist: 4.071945964364326 vs. 4.071945964364326
list:
dist: 4.515110570171138 vs. 4.515110570171138
list:
dist: 4.080339643579158 vs. 4.080339643579158
list:
dist: 3.0922833288479588 vs. 3.0922833288479588
list:
dist: 3.1293446519039727 vs. 3.1293446519039727
list:
dist: 3.547589983519214 vs. 3.547589983519214
list:
dist: 3.1793928488325753 vs. 3.1793928488325753
list:
dist: 2.711376509484948 vs. 2.711376509484948
list:
dist: 3.849405679602533 vs. 3.849405679602533
list:
dist: 1.973688062064872 vs. 1.973688062064872
list:
dist: 1.303437856082328 vs. 1.303437856082328
list:
dist: 2.230952545257329 vs. 2.230952545257329
list:
dist: 3.558866602940174 vs. 3.558866602940174
list:
dist: 2.207536068607461 vs. 2.207536068607461
list:
dist: 4.469301783346402 vs. 4.469301783346402
list:
dist: 3.170365492408027 vs. 3.170365492408027
list:
dist: 2.233865983317202 vs. 2.233865983317202
list:
dist: 3.6490264450888104 vs. 3.6490264450888104
list:
dist: 2.618878255655192 vs. 2.618878255655192
list:
dist: 2.402312327929322 vs. 2.402312327929322
list:
dist: 2.38118198330948 vs. 2.38118198330948
list:
dist: 2.7260698675005965 vs. 2.7260698675005965
list:
dist: 2.331221623208933 vs. 2.331221623208933
list:
dist: 2.958687722668707 vs. 2.958687722668707
list:
dist: 1.4425340777814684 vs. 1.4425340777814684
list:
dist: 1.1773061364366866 vs. 1.1773061364366866
list:
dist: 1.9465851186445042 vs. 1.9465851186445042
list:
dist: 1.7741084377819534 vs. 1.7741084377819534
list:
dist: 1.2377171157813622 vs. 1.2377171157813622
list:
dist: 1.832579236697238 vs. 1.832579236697238
list:
dist: 1.6205200770930326 vs. 1.6205200770930326
list:
dist: 2.711376509484948 vs. 2.711376509484948
list:
dist: 1.1947337361891162 vs. 1.1947337361891162
list:
dist: 2.288435946351519 vs. 2.288435946351519
list:
dist: 2.1694231778162725 vs. 2.1694231778162725
list:
dist: 0.990023881070975 vs. 0.990023881070975
list:
dist: 3.158756747993784 vs. 3.158756747993784
list:
dist: 1.4923693301765129 vs. 1.4923693301765129
list:
dist: 2.243120871384196 vs. 2.243120871384196
list:
dist: 2.0106044169357578 vs. 2.0106044169357578
list:
dist: 2.6050435845126825 vs. 2.6050435845126825
list:
dist: 2.0508829329746208 vs. 2.0508829329746208
list:
dist: 1.291249380623667 vs. 1.291249380623667
list:
dist: 1.4293792449543288 vs. 1.4293792449543288
list:
dist: 2.0412092912463105 vs. 2.0412092912463105
list:
dist: 1.5163904236481027 vs. 1.5163904236481027
list:
dist: 1.1947337361891162 vs. 1.1947337361891162
list:
dist: 1.9102896899266282 vs. 1.9102896899266282
list:
dist: 1.4770594989458756 vs. 1.4770594989458756
list:
dist: 0.9600663412500492 vs. 0.9600663412500492
list:
dist: 2.230952545257329 vs. 2.230952545257329
list:
dist: 3.222905985050272 vs. 3.222905985050272
list:
dist: 1.7253444657161439 vs. 1.7253444657161439
list:
dist: 1.2404391381536017 vs. 1.2404391381536017
list:
dist: 0.7054010493038295 vs. 0.7054010493038295
list:
dist: 3.207123767402444 vs. 3.207123767402444
list:
dist: 2.6440674498444645 vs. 2.6440674498444645
list:
dist: 2.386552940536487 vs. 2.386552940536487
list:
dist: 3.080635052733044 vs. 3.080635052733044
list:
dist: 2.2605120787670603 vs. 2.2605120787670603
list:
dist: 2.728551396428493 vs. 2.728551396428493
list:
dist: 3.1334985660266024 vs. 3.1334985660266024
list:
dist: 3.7744555802690187 vs. 3.7744555802690187
list:
dist: 2.347822569228024 vs. 2.347822569228024
list:
dist: 2.9599849748237346 vs. 2.9599849748237346
list:
dist: 3.1334985660266024 vs. 3.1334985660266024
list:
dist: 2.1177450991111826 vs. 2.1177450991111826
list:
dist: 1.8650867362763364 vs. 1.8650867362763364
list:
dist: 1.9780076597759493 vs. 1.9780076597759493
list:
dist: 2.8229448945287117 vs. 2.8229448945287117
list:
dist: 1.5531069796557448 vs. 1.5531069796557448
list:
dist: 0.8263087652308493 vs. 0.8263087652308493
list:
dist: 1.3460590542860984 vs. 1.3460590542860984
list:
dist: 1.709466004797031 vs. 1.709466004797031
list:
dist: 1.8206841263588593 vs. 1.8206841263588593
list:
dist: 2.2325984031953565 vs. 2.2325984031953565
list:
dist: 2.826329036510887 vs. 2.826329036510887
list:
dist: 1.79990943532428 vs. 1.79990943532428
list:
dist: 1.3177549226790484 vs. 1.3177549226790484
list:
dist: 1.266089143002798 vs. 1.266089143002798
list:
dist: 1.5470903767873232 vs. 1.5470903767873232
list:
dist: 2.211000827710617 vs. 2.211000827710617
list:
dist: 1.4298000439259702 vs. 1.4298000439259702
list:
dist: 0.8799207237195814 vs. 0.8799207237195814
list:
dist: 1.1628968960721466 vs. 1.1628968960721466
list:
dist: 2.072629872196981 vs. 2.072629872196981
list:
dist: 2.386552940536487 vs. 2.386552940536487
list:
dist: 2.5139042389303357 vs. 2.5139042389303357
list:
dist: 1.3722062788479146 vs. 1.3722062788479146
list:
dist: 1.14893882276266 vs. 1.14893882276266
list:
dist: 1.902877973972414 vs. 1.902877973972414
list:
dist: 1.726690082862909 vs. 1.726690082862909
list:
dist: 1.156078575623279 vs. 1.156078575623279
list:
dist: 1.9780076597759493 vs. 1.9780076597759493
list:
dist: 2.7504046296768454 vs. 2.7504046296768454
list:
dist: 1.89698785742469 vs. 1.89698785742469
list:
dist: 2.0637102304333927 vs. 2.0637102304333927
list:
dist: 2.9708317041140044 vs. 2.9708317041140044
list:
dist: 2.8482131347441535 vs. 2.8482131347441535
list:
dist: 3.48452299879097 vs. 3.48452299879097
list:
dist: 2.6747103402791366 vs. 2.6747103402791366
list:
dist: 1.979568670565821 vs. 1.979568670565821
list:
dist: 2.4241564820902224 vs. 2.4241564820902224
list:
dist: 3.9712064307947044 vs. 3.9712064307947044
list:
dist: 2.750535186016081 vs. 2.750535186016081
list:
dist: 2.7826873619709858 vs. 2.7826873619709858
list:
dist: 1.098546938729472 vs. 1.098546938729472
list:
dist: 0.7054010493038295 vs. 0.7054010493038295
list:
dist: 3.1440091648174695 vs. 3.1440091648174695
list:
dist: 2.6265078007163716 vs. 2.6265078007163716
list:
dist: 2.072629872196981 vs. 2.072629872196981
list:
dist: 3.1974910057905057 vs. 3.1974910057905057
list:
dist: 1.8214396118597622 vs. 1.8214396118597622
list:
dist: 2.49455986557974 vs. 2.49455986557974
list:
dist: 2.9599849748237346 vs. 2.9599849748237346
list:
dist: 3.5467447257277787 vs. 3.5467447257277787
list:
dist: 3.092726727510791 vs. 3.092726727510791
list:
dist: 2.2783107299528798 vs. 2.2783107299528798
list:
dist: 2.5809148983533863 vs. 2.5809148983533863
list:
dist: 2.5139042389303357 vs. 2.5139042389303357
list:
dist: 2.1517833525837773 vs. 2.1517833525837773
list:
dist: 2.4557506289895894 vs. 2.4557506289895894
list:
dist: 3.263347422329779 vs. 3.263347422329779
list:
dist: 3.1567597631378375 vs. 3.1567597631378375
list:
dist: 3.9339092884645295 vs. 3.9339092884645295
list:
dist: 3.076343381026995 vs. 3.076343381026995
list:
dist: 3.263347422329779 vs. 3.263347422329779
list:
dist: 1.6176128056501637 vs. 1.6176128056501637
list:
dist: 1.8868511026947274 vs. 1.8868511026947274
list:
dist: 1.89698785742469 vs. 1.89698785742469
list:
dist: 2.5860429181532587 vs. 2.5860429181532587
list:
dist: 2.574210037120692 vs. 2.574210037120692
list:
dist: 1.4380890869483067 vs. 1.4380890869483067
list:
dist: 1.709466004797031 vs. 1.709466004797031
list:
dist: 1.754062712004807 vs. 1.754062712004807
list:
dist: 0.7113063314917707 vs. 0.7113063314917707
list:
dist: 1.3508247236825832 vs. 1.3508247236825832
list:
dist: 1.8033936104774428 vs. 1.8033936104774428
list:
dist: 2.2905924619071074 vs. 2.2905924619071074
list:
dist: 1.225160332205255 vs. 1.225160332205255
list:
dist: 0.5144184087153023 vs. 0.5144184087153023
list:
dist: 1.1974126615954712 vs. 1.1974126615954712
list:
dist: 2.617358727607995 vs. 2.617358727607995
list:
dist: 1.277033756668878 vs. 1.277033756668878
list:
dist: 2.2174184019804537 vs. 2.2174184019804537
list:
dist: 2.537749115845489 vs. 2.537749115845489
list:
dist: 2.9739521832782265 vs. 2.9739521832782265
list:
dist: 3.076343381026995 vs. 3.076343381026995
list:
dist: 1.6087170115874347 vs. 1.6087170115874347
list:
dist: 2.111374075876604 vs. 2.111374075876604
list:
dist: 2.8482131347441535 vs. 2.8482131347441535
list:
dist: 2.1038613050504336 vs. 2.1038613050504336
list:
dist: 2.6045839491553147 vs. 2.6045839491553147
list:
dist: 2.826329036510887 vs. 2.826329036510887
list:
dist: 1.3076717967462586 vs. 1.3076717967462586
list:
dist: 1.8033936104774428 vs. 1.8033936104774428
list:
dist: 1.15933618851918 vs. 1.15933618851918
list:
dist: 1.2085201735415274 vs. 1.2085201735415274
list:
dist: 2.6106018749075686 vs. 2.6106018749075686
list:
dist: 2.369015645832237 vs. 2.369015645832237
list:
dist: 2.0244146655841875 vs. 2.0244146655841875
list:
dist: 1.4071714651280205 vs. 1.4071714651280205
list:
dist: 3.1210515939384535 vs. 3.1210515939384535
list:
dist: 2.5503050565235563 vs. 2.5503050565235563
list:
dist: 2.955778433278207 vs. 2.955778433278207
list:
dist: 2.5673691197447917 vs. 2.5673691197447917
list:
dist: 2.0360318128298798 vs. 2.0360318128298798
list:
dist: 2.0639693128557606 vs. 2.0639693128557606
list:
dist: 1.9398228752340905 vs. 1.9398228752340905
list:
dist: 2.5370181178438305 vs. 2.5370181178438305
list:
dist: 1.9152923296367828 vs. 1.9152923296367828
list:
dist: 2.0021253123329132 vs. 2.0021253123329132
list:
dist: 2.128647260608328 vs. 2.128647260608328
list:
dist: 1.493635011901176 vs. 1.493635011901176
list:
dist: 1.356362644877274 vs. 1.356362644877274
list:
dist: 1.641851514775701 vs. 1.641851514775701
list:
dist: 1.820285686288051 vs. 1.820285686288051
list:
dist: 2.4241564820902224 vs. 2.4241564820902224
list:
dist: 2.402934570484269 vs. 2.402934570484269
list:
dist: 2.9297811198567056 vs. 2.9297811198567056
list:
dist: 1.6471073891729664 vs. 1.6471073891729664
list:
dist: 1.5470903767873232 vs. 1.5470903767873232
list:
dist: 2.631853481734367 vs. 2.631853481734367
list:
dist: 1.1974126615954712 vs. 1.1974126615954712
list:
dist: 0.7284670612653927 vs. 0.7284670612653927
list:
dist: 0.7880928482110492 vs. 0.7880928482110492
list:
dist: 1.4071714651280205 vs. 1.4071714651280205
list:
dist: 1.3955077358205077 vs. 1.3955077358205077
list:
dist: 1.1180769100932422 vs. 1.1180769100932422
list:
dist: 1.014140805566915 vs. 1.014140805566915
list:
dist: 1.948405927777423 vs. 1.948405927777423
list:
dist: 1.3531361365824865 vs. 1.3531361365824865
list:
dist: 1.5872970251488139 vs. 1.5872970251488139
list:
dist: 2.826267185780883 vs. 2.826267185780883
list:
dist: 2.087165990732792 vs. 2.087165990732792
list:
dist: 2.594940426258417 vs. 2.594940426258417
list:
dist: 2.6746409874078525 vs. 2.6746409874078525
list:
dist: 2.750535186016081 vs. 2.750535186016081
list:
dist: 3.4954618553893178 vs. 3.4954618553893178
list:
dist: 2.6285639216982757 vs. 2.6285639216982757
list:
dist: 1.799726765399049 vs. 1.799726765399049
list:
dist: 1.4298000439259702 vs. 1.4298000439259702
list:
dist: 1.8856341913175414 vs. 1.8856341913175414
list:
dist: 1.277033756668878 vs. 1.277033756668878
list:
dist: 1.557087587197035 vs. 1.557087587197035
list:
dist: 1.511199094786788 vs. 1.511199094786788
list:
dist: 2.5503050565235563 vs. 2.5503050565235563
list:
dist: 1.4614120384072458 vs. 1.4614120384072458
list:
dist: 0.25444590513527005 vs. 0.25444590513527005
list:
dist: 0.8668634509747065 vs. 0.8668634509747065
list:
dist: 1.3531361365824865 vs. 1.3531361365824865
list:
dist: 1.5275687733016785 vs. 1.5275687733016785
list:
dist: 1.5559963717176388 vs. 1.5559963717176388
list:
dist: 2.7519811430477845 vs. 2.7519811430477845
list:
dist: 2.7983756289535924 vs. 2.7983756289535924
list:
dist: 2.0584828439004017 vs. 2.0584828439004017
list:
dist: 3.1440091648174695 vs. 3.1440091648174695
list:
dist: 3.207123767402444 vs. 3.207123767402444
list:
dist: 2.2783107299528798 vs. 2.2783107299528798
list:
dist: 0.6042635906505897 vs. 0.6042635906505897
list:
dist: 1.3722062788479146 vs. 1.3722062788479146
list:
dist: 0.9715637326764293 vs. 0.9715637326764293
list:
dist: 2.7412160435954447 vs. 2.7412160435954447
list:
dist: 1.526851198602967 vs. 1.526851198602967
list:
dist: 2.1177450991111826 vs. 2.1177450991111826
list:
dist: 1.9079648916847318 vs. 1.9079648916847318
list:
dist: 1.6176128056501637 vs. 1.6176128056501637
list:
dist: 1.275807249648014 vs. 1.275807249648014
list:
dist: 2.102426515070237 vs. 2.102426515070237
list:
dist: 1.6087170115874347 vs. 1.6087170115874347
list:
dist: 2.940164249166015 vs. 2.940164249166015
list:
dist: 2.4276062854912532 vs. 2.4276062854912532
list:
dist: 1.7834326616090217 vs. 1.7834326616090217
list:
dist: 1.641851514775701 vs. 1.641851514775701
list:
dist: 3.5383832617111586 vs. 3.5383832617111586
list:
dist: 2.594940426258417 vs. 2.594940426258417
list:
dist: 2.613263284293347 vs. 2.613263284293347
list:
dist: 3.1567597631378375 vs. 3.1567597631378375
list:
dist: 1.275807249648014 vs. 1.275807249648014
list:
dist: 1.6333298481295477 vs. 1.6333298481295477
list:
dist: 2.0637102304333927 vs. 2.0637102304333927
list:
dist: 2.1676743654321995 vs. 2.1676743654321995
list:
dist: 2.9117929530666258 vs. 2.9117929530666258
list:
dist: 1.5969452987163164 vs. 1.5969452987163164
list:
dist: 1.8206841263588593 vs. 1.8206841263588593
list:
dist: 1.5520258790666226 vs. 1.5520258790666226
list:
dist: 0.7113063314917707 vs. 0.7113063314917707
list:
dist: 0.930329150244473 vs. 0.930329150244473
list:
dist: 1.15933618851918 vs. 1.15933618851918
list:
dist: 2.0775575000652355 vs. 2.0775575000652355
list:
dist: 1.3982810578823637 vs. 1.3982810578823637
list:
dist: 0.8800791728835814 vs. 0.8800791728835814
list:
dist: 0.7284670612653927 vs. 0.7284670612653927
list:
dist: 2.5426488549790105 vs. 2.5426488549790105
list:
dist: 1.557087587197035 vs. 1.557087587197035
list:
dist: 2.1468779358367343 vs. 2.1468779358367343
list:
dist: 2.568086926183659 vs. 2.568086926183659
list:
dist: 2.467599443104903 vs. 2.467599443104903
list:
dist: 4.235770824869449 vs. 4.235770824869449
list:
dist: 2.4557506289895894 vs. 2.4557506289895894
list:
dist: 1.9079648916847318 vs. 1.9079648916847318
list:
dist: 2.497269923970559 vs. 2.497269923970559
list:
dist: 2.7504046296768454 vs. 2.7504046296768454
list:
dist: 2.523749655834161 vs. 2.523749655834161
list:
dist: 1.754062712004807 vs. 1.754062712004807
list:
dist: 1.5520258790666226 vs. 1.5520258790666226
list:
dist: 1.9071225309173891 vs. 1.9071225309173891
list:
dist: 1.3076717967462586 vs. 1.3076717967462586
list:
dist: 2.2423931902592056 vs. 2.2423931902592056
list:
dist: 1.098546938729472 vs. 1.098546938729472
list:
dist: 1.2404391381536017 vs. 1.2404391381536017
list:
dist: 3.092726727510791 vs. 3.092726727510791
list:
dist: 2.0584828439004017 vs. 2.0584828439004017
list:
dist: 1.5501967250635795 vs. 1.5501967250635795
list:
dist: 1.1628968960721466 vs. 1.1628968960721466
list:
dist: 2.128234060531924 vs. 2.128234060531924
list:
dist: 1.7263520552502223 vs. 1.7263520552502223
list:
dist: 1.722519577740832 vs. 1.722519577740832
list:
dist: 2.347822569228024 vs. 2.347822569228024
list:
dist: 3.5467447257277787 vs. 3.5467447257277787
list:
dist: 3.7744555802690187 vs. 3.7744555802690187
list:
dist: 1.8968137791740811 vs. 1.8968137791740811
list:
dist: 2.0455951340199525 vs. 2.0455951340199525
list:
dist: 1.3460590542860984 vs. 1.3460590542860984
list:
dist: 2.1709052645305693 vs. 2.1709052645305693
list:
dist: 1.9098510405091909 vs. 1.9098510405091909
list:
dist: 2.250355363557763 vs. 2.250355363557763
list:
dist: 2.631853481734367 vs. 2.631853481734367
list:
dist: 2.2090146018889434 vs. 2.2090146018889434
list:
dist: 1.8856341913175414 vs. 1.8856341913175414
list:
dist: 1.336939954596714 vs. 1.336939954596714
list:
dist: 2.4276062854912532 vs. 2.4276062854912532
list:
dist: 2.504217268893748 vs. 2.504217268893748
list:
dist: 2.6747103402791366 vs. 2.6747103402791366
list:
dist: 3.3058184407768616 vs. 3.3058184407768616
list:
dist: 2.6242505940236196 vs. 2.6242505940236196
list:
dist: 1.6999341033250532 vs. 1.6999341033250532
list:
dist: 1.3177549226790484 vs. 1.3177549226790484
list:
dist: 1.9098510405091909 vs. 1.9098510405091909
list:
dist: 1.225160332205255 vs. 1.225160332205255
list:
dist: 1.3982810578823637 vs. 1.3982810578823637
list:
dist: 1.344330753866478 vs. 1.344330753866478
list:
dist: 2.369015645832237 vs. 2.369015645832237
list:
dist: 1.2826307369605303 vs. 1.2826307369605303
list:
dist: 0.7871831221336377 vs. 0.7871831221336377
list:
dist: 1.1180769100932422 vs. 1.1180769100932422
list:
dist: 1.45630488757368 vs. 1.45630488757368
list:
dist: 0.25444590513527005 vs. 0.25444590513527005
list:
dist: 1.3971550169227598 vs. 1.3971550169227598
list:
dist: 2.7825235689170333 vs. 2.7825235689170333
list:
dist: 2.6298547909164403 vs. 2.6298547909164403
list:
dist: 2.4693124413479435 vs. 2.4693124413479435
list:
dist: 1.8343678850751937 vs. 1.8343678850751937
list:
dist: 2.0639693128557606 vs. 2.0639693128557606
list:
dist: 3.6427175441701567 vs. 3.6427175441701567
list:
dist: 3.271942262454936 vs. 3.271942262454936
list:
dist: 2.5079807967197247 vs. 2.5079807967197247
list:
dist: 2.0029945517515477 vs. 2.0029945517515477
list:
dist: 1.4028808779388906 vs. 1.4028808779388906
list:
dist: 1.539698026192377 vs. 1.539698026192377
list:
dist: 2.681902955823314 vs. 2.681902955823314
list:
dist: 2.5400376948394223 vs. 2.5400376948394223
list:
dist: 2.2105977361590674 vs. 2.2105977361590674
list:
dist: 1.7263520552502223 vs. 1.7263520552502223
list:
dist: 1.8214396118597622 vs. 1.8214396118597622
list:
dist: 2.2605120787670603 vs. 2.2605120787670603
list:
dist: 2.7412160435954447 vs. 2.7412160435954447
list:
dist: 2.344667692540941 vs. 2.344667692540941
list:
dist: 1.726690082862909 vs. 1.726690082862909
list:
dist: 1.3581626410517496 vs. 1.3581626410517496
list:
dist: 1.5531069796557448 vs. 1.5531069796557448
list:
dist: 1.8968137791740811 vs. 1.8968137791740811
list:
dist: 2.574210037120692 vs. 2.574210037120692
list:
dist: 2.9117929530666258 vs. 2.9117929530666258
list:
dist: 3.5752332187234668 vs. 3.5752332187234668
list:
dist: 3.331922412837062 vs. 3.331922412837062
list:
dist: 2.6242505940236196 vs. 2.6242505940236196
list:
dist: 2.3213414002388535 vs. 2.3213414002388535
list:
dist: 2.9297811198567056 vs. 2.9297811198567056
list:
dist: 3.6451268301592092 vs. 3.6451268301592092
list:
dist: 2.6285639216982757 vs. 2.6285639216982757
list:
dist: 2.3061837384748567 vs. 2.3061837384748567
list:
dist: 3.9339092884645295 vs. 3.9339092884645295
list:
dist: 2.102426515070237 vs. 2.102426515070237
list:
dist: 2.437884523794586 vs. 2.437884523794586
list:
dist: 2.9708317041140044 vs. 2.9708317041140044
list:
dist: 2.865830229503054 vs. 2.865830229503054
list:
dist: 3.5752332187234668 vs. 3.5752332187234668
list:
dist: 2.3137818754298087 vs. 2.3137818754298087
list:
dist: 2.2325984031953565 vs. 2.2325984031953565
list:
dist: 1.9071225309173891 vs. 1.9071225309173891
list:
dist: 1.3508247236825832 vs. 1.3508247236825832
list:
dist: 0.930329150244473 vs. 0.930329150244473
list:
dist: 1.2085201735415274 vs. 1.2085201735415274
list:
dist: 1.6448894051347756 vs. 1.6448894051347756
list:
dist: 1.344330753866478 vs. 1.344330753866478
list:
dist: 1.3487625526783844 vs. 1.3487625526783844
list:
dist: 0.7880928482110492 vs. 0.7880928482110492
list:
dist: 2.0102903989269434 vs. 2.0102903989269434
list:
dist: 1.511199094786788 vs. 1.511199094786788
list:
dist: 2.2183167684986946 vs. 2.2183167684986946
list:
dist: 2.1001042835543706 vs. 2.1001042835543706
list:
dist: 1.6241451914339604 vs. 1.6241451914339604
list:
dist: 3.5383832617111586 vs. 3.5383832617111586
list:
dist: 3.5617702979597756 vs. 3.5617702979597756
list:
dist: 3.9712064307947044 vs. 3.9712064307947044
list:
dist: 4.254831794420976 vs. 4.254831794420976
list:
dist: 3.6451268301592092 vs. 3.6451268301592092
list:
dist: 2.8810572991468963 vs. 2.8810572991468963
list:
dist: 2.211000827710617 vs. 2.211000827710617
list:
dist: 2.2090146018889434 vs. 2.2090146018889434
list:
dist: 2.617358727607995 vs. 2.617358727607995
list:
dist: 2.5426488549790105 vs. 2.5426488549790105
list:
dist: 2.0102903989269434 vs. 2.0102903989269434
list:
dist: 3.1210515939384535 vs. 3.1210515939384535
list:
dist: 0.7212343208701618 vs. 0.7212343208701618
list:
dist: 1.45630488757368 vs. 1.45630488757368
list:
dist: 2.208245123002964 vs. 2.208245123002964
list:
dist: 1.948405927777423 vs. 1.948405927777423
list:
dist: 1.5275687733016785 vs. 1.5275687733016785
list:
dist: 1.6065786122745538 vs. 1.6065786122745538
list:
dist: 3.3429342946569527 vs. 3.3429342946569527
list:
dist: 2.308576777460308 vs. 2.308576777460308
list:
dist: 2.613263284293347 vs. 2.613263284293347
list:
dist: 2.3945321921339597 vs. 2.3945321921339597
list:
dist: 2.7826873619709858 vs. 2.7826873619709858
list:
dist: 3.22162440948647 vs. 3.22162440948647
list:
dist: 2.3061837384748567 vs. 2.3061837384748567
list:
dist: 1.647730354582495 vs. 1.647730354582495
list:
dist: 0.8799207237195814 vs. 0.8799207237195814
list:
dist: 1.336939954596714 vs. 1.336939954596714
list:
dist: 2.2174184019804537 vs. 2.2174184019804537
list:
dist: 2.1468779358367343 vs. 2.1468779358367343
list:
dist: 2.2183167684986946 vs. 2.2183167684986946
list:
dist: 2.955778433278207 vs. 2.955778433278207
list:
dist: 1.1619181263982068 vs. 1.1619181263982068
list:
dist: 1.3971550169227598 vs. 1.3971550169227598
list:
dist: 1.7326436799901457 vs. 1.7326436799901457
list:
dist: 1.5872970251488139 vs. 1.5872970251488139
list:
dist: 1.6065786122745538 vs. 1.6065786122745538
list:
dist: 1.5559963717176388 vs. 1.5559963717176388
list:
dist: 4.077244397918913 vs. 4.077244397918913
list:
dist: 3.0707557525444367 vs. 3.0707557525444367
list:
dist: 2.128234060531924 vs. 2.128234060531924
list:
dist: 3.1974910057905057 vs. 3.1974910057905057
list:
dist: 3.080635052733044 vs. 3.080635052733044
list:
dist: 2.1517833525837773 vs. 2.1517833525837773
list:
dist: 0.9715637326764293 vs. 0.9715637326764293
list:
dist: 1.006946806542767 vs. 1.006946806542767
list:
dist: 1.902877973972414 vs. 1.902877973972414
list:
dist: 2.2627158226844912 vs. 2.2627158226844912
list:
dist: 2.8229448945287117 vs. 2.8229448945287117
list:
dist: 2.523749655834161 vs. 2.523749655834161
list:
dist: 2.5860429181532587 vs. 2.5860429181532587
list:
dist: 2.1676743654321995 vs. 2.1676743654321995
list:
dist: 2.865830229503054 vs. 2.865830229503054
list:
dist: 2.1038613050504336 vs. 2.1038613050504336
list:
dist: 3.5900925333166294 vs. 3.5900925333166294
list:
dist: 3.3058184407768616 vs. 3.3058184407768616
list:
dist: 2.7236433322033147 vs. 2.7236433322033147
list:
dist: 2.402934570484269 vs. 2.402934570484269
list:
dist: 4.254831794420976 vs. 4.254831794420976
list:
dist: 3.4954618553893178 vs. 3.4954618553893178
list:
dist: 3.22162440948647 vs. 3.22162440948647
list:
dist: 1.7834326616090217 vs. 1.7834326616090217
list:
dist: 1.9155517064706706 vs. 1.9155517064706706
list:
dist: 1.979568670565821 vs. 1.979568670565821
list:
dist: 2.7236433322033147 vs. 2.7236433322033147
list:
dist: 2.3213414002388535 vs. 2.3213414002388535
list:
dist: 1.2128183588349675 vs. 1.2128183588349675
list:
dist: 1.266089143002798 vs. 1.266089143002798
list:
dist: 2.250355363557763 vs. 2.250355363557763
list:
dist: 0.5144184087153023 vs. 0.5144184087153023
list:
dist: 0.8800791728835814 vs. 0.8800791728835814
list:
dist: 1.3487625526783844 vs. 1.3487625526783844
list:
dist: 2.0244146655841875 vs. 2.0244146655841875
list:
dist: 1.8843262838617174 vs. 1.8843262838617174
list:
dist: 0.7871831221336377 vs. 0.7871831221336377
list:
dist: 1.014140805566915 vs. 1.014140805566915
list:
dist: 2.208245123002964 vs. 2.208245123002964
list:
dist: 0.8668634509747065 vs. 0.8668634509747065
list:
dist: 1.7326436799901457 vs. 1.7326436799901457
list:
dist: 2.7776786020211293 vs. 2.7776786020211293
list:
dist: 2.9069763027386633 vs. 2.9069763027386633
list:
dist: 2.2423931902592056 vs. 2.2423931902592056
list:
dist: 2.537749115845489 vs. 2.537749115845489
list:
dist: 2.568086926183659 vs. 2.568086926183659
list:
dist: 2.1001042835543706 vs. 2.1001042835543706
list:
dist: 2.5673691197447917 vs. 2.5673691197447917
list:
dist: 3.3781190475863756 vs. 3.3781190475863756
list:
dist: 2.7825235689170333 vs. 2.7825235689170333
list:
dist: 2.7776786020211293 vs. 2.7776786020211293
list:
dist: 2.826267185780883 vs. 2.826267185780883
list:
dist: 3.3429342946569527 vs. 3.3429342946569527
list:
dist: 2.7519811430477845 vs. 2.7519811430477845
list:
dist: 4.077244397918913 vs. 4.077244397918913
list:
dist: 2.674786066389317 vs. 2.674786066389317
list:
dist: 1.722519577740832 vs. 1.722519577740832
list:
dist: 2.49455986557974 vs. 2.49455986557974
list:
dist: 2.728551396428493 vs. 2.728551396428493
list:
dist: 1.526851198602967 vs. 1.526851198602967
list:
dist: 1.2594820306789665 vs. 1.2594820306789665
list:
dist: 1.156078575623279 vs. 1.156078575623279
list:
dist: 2.2627158226844912 vs. 2.2627158226844912
list:
dist: 1.3581626410517496 vs. 1.3581626410517496
list:
dist: 0.8263087652308493 vs. 0.8263087652308493
list:
dist: 2.0455951340199525 vs. 2.0455951340199525
list:
dist: 1.4380890869483067 vs. 1.4380890869483067
list:
dist: 1.5969452987163164 vs. 1.5969452987163164
list:
dist: 2.3137818754298087 vs. 2.3137818754298087
list:
dist: 2.6045839491553147 vs. 2.6045839491553147
list:
dist: 2.4186684566506864 vs. 2.4186684566506864
list:
dist: 1.6999341033250532 vs. 1.6999341033250532
list:
dist: 1.2128183588349675 vs. 1.2128183588349675
list:
dist: 1.6471073891729664 vs. 1.6471073891729664
list:
dist: 2.8810572991468963 vs. 2.8810572991468963
list:
dist: 1.799726765399049 vs. 1.799726765399049
list:
dist: 1.647730354582495 vs. 1.647730354582495
list:
dist: 4.43581530082996 vs. 4.43581530082996
list:
dist: 4.102358982292145 vs. 4.102358982292145
list:
dist: 4.649101010029619 vs. 4.649101010029619
list:
dist: 3.599886987027627 vs. 3.599886987027627
list:
dist: 3.8678891584881994 vs. 3.8678891584881994
list:
dist: 2.8449149371287743 vs. 2.8449149371287743
list:
dist: 3.7770759575213075 vs. 3.7770759575213075
list:
dist: 2.940164249166015 vs. 2.940164249166015
list:
dist: 2.9415979983186706 vs. 2.9415979983186706
list:
dist: 3.48452299879097 vs. 3.48452299879097
list:
dist: 3.5900925333166294 vs. 3.5900925333166294
list:
dist: 3.331922412837062 vs. 3.331922412837062
list:
dist: 2.4186684566506864 vs. 2.4186684566506864
list:
dist: 1.79990943532428 vs. 1.79990943532428
list:
dist: 2.1709052645305693 vs. 2.1709052645305693
list:
dist: 2.2905924619071074 vs. 2.2905924619071074
list:
dist: 2.0775575000652355 vs. 2.0775575000652355
list:
dist: 1.6448894051347756 vs. 1.6448894051347756
list:
dist: 2.6106018749075686 vs. 2.6106018749075686
list:
dist: 1.2826307369605303 vs. 1.2826307369605303
list:
dist: 1.8843262838617174 vs. 1.8843262838617174
list:
dist: 1.3955077358205077 vs. 1.3955077358205077
list:
dist: 0.7212343208701618 vs. 0.7212343208701618
list:
dist: 1.4614120384072458 vs. 1.4614120384072458
list:
dist: 1.1619181263982068 vs. 1.1619181263982068
list:
dist: 3.3781190475863756 vs. 3.3781190475863756
list:
dist: 2.0668943991505357 vs. 2.0668943991505357
list:
dist: 2.9739521832782265 vs. 2.9739521832782265
list:
dist: 2.467599443104903 vs. 2.467599443104903
list:
dist: 1.6241451914339604 vs. 1.6241451914339604
list:
dist: 2.0360318128298798 vs. 2.0360318128298798
list:
dist: 2.0668943991505357 vs. 2.0668943991505357
list:
dist: 2.6298547909164403 vs. 2.6298547909164403
list:
dist: 2.9069763027386633 vs. 2.9069763027386633
list:
dist: 2.087165990732792 vs. 2.087165990732792
list:
dist: 2.308576777460308 vs. 2.308576777460308
list:
dist: 2.7983756289535924 vs. 2.7983756289535924
list:
dist: 3.0707557525444367 vs. 3.0707557525444367
list:
dist: 2.674786066389317 vs. 2.674786066389317
list:
dist: 1.5501967250635795 vs. 1.5501967250635795
list:
dist: 2.6265078007163716 vs. 2.6265078007163716
list:
dist: 2.6440674498444645 vs. 2.6440674498444645
list:
dist: 2.5809148983533863 vs. 2.5809148983533863
list:
dist: 0.6042635906505897 vs. 0.6042635906505897
list:
dist: 1.14893882276266 vs. 1.14893882276266
list:
dist: 1.006946806542767 vs. 1.006946806542767
list:
dist: 2.344667692540941 vs. 2.344667692540941
list:
dist: 1.2594820306789665 vs. 1.2594820306789665
list:
dist: 1.8650867362763364 vs. 1.8650867362763364
list:
dist: 2.497269923970559 vs. 2.497269923970559
list:
dist: 1.8868511026947274 vs. 1.8868511026947274
list:
dist: 1.6333298481295477 vs. 1.6333298481295477
list:
dist: 2.437884523794586 vs. 2.437884523794586
list:
dist: 2.111374075876604 vs. 2.111374075876604
list:
dist: 2.9415979983186706 vs. 2.9415979983186706
list:
dist: 2.504217268893748 vs. 2.504217268893748
list:
dist: 1.9155517064706706 vs. 1.9155517064706706
list:
dist: 1.820285686288051 vs. 1.820285686288051
list:
dist: 3.5617702979597756 vs. 3.5617702979597756
list:
dist: 2.6746409874078525 vs. 2.6746409874078525
list:
dist: 2.3945321921339597 vs. 2.3945321921339597
list:
dist: 1.657272282214041 vs. 1.657272282214041
list:
dist: 2.0029945517515477 vs. 2.0029945517515477
list:
dist: 1.2050582145494693 vs. 1.2050582145494693
list:
dist: 2.5370181178438305 vs. 2.5370181178438305
list:
dist: 1.9045008243528334 vs. 1.9045008243528334
list:
dist: 1.4664796996497151 vs. 1.4664796996497151
list:
dist: 1.225262986989312 vs. 1.225262986989312
list:
dist: 1.3445324523515572 vs. 1.3445324523515572
list:
dist: 0.5908613535218972 vs. 0.5908613535218972
list:
dist: 1.3923192508939677 vs. 1.3923192508939677
list:
dist: 1.70419701052428 vs. 1.70419701052428
list:
dist: 2.1874987909684616 vs. 2.1874987909684616
list:
dist: 3.3526742034114982 vs. 3.3526742034114982
list:
dist: 3.372217825927803 vs. 3.372217825927803
list:
dist: 1.832471291130607 vs. 1.832471291130607
list:
dist: 3.227723786290943 vs. 3.227723786290943
list:
dist: 1.9605241733893968 vs. 1.9605241733893968
list:
dist: 1.6995123551367266 vs. 1.6995123551367266
list:
dist: 3.910173355900252 vs. 3.910173355900252
list:
dist: 3.064766557264507 vs. 3.064766557264507
list:
dist: 2.115804329113086 vs. 2.115804329113086
list:
dist: 4.43581530082996 vs. 4.43581530082996
list:
dist: 2.993477325369424 vs. 2.993477325369424
list:
dist: 4.386431083780737 vs. 4.386431083780737
list:
dist: 1.9217284321305068 vs. 1.9217284321305068
list:
dist: 3.271942262454936 vs. 3.271942262454936
list:
dist: 1.6720849985913355 vs. 1.6720849985913355
list:
dist: 2.3433727903391692 vs. 2.3433727903391692
list:
dist: 1.1394423775959222 vs. 1.1394423775959222
list:
dist: 1.3033983840890955 vs. 1.3033983840890955
list:
dist: 1.4664796996497151 vs. 1.4664796996497151
list:
dist: 2.6879650848246297 vs. 2.6879650848246297
list:
dist: 1.7975856183008845 vs. 1.7975856183008845
list:
dist: 1.8640680062282786 vs. 1.8640680062282786
list:
dist: 1.8615742689334183 vs. 1.8615742689334183
list:
dist: 2.174419532044692 vs. 2.174419532044692
list:
dist: 1.9874142477157315 vs. 1.9874142477157315
list:
dist: 0.7269087588298537 vs. 0.7269087588298537
list:
dist: 2.0468895799667766 vs. 2.0468895799667766
list:
dist: 2.074672720494472 vs. 2.074672720494472
list:
dist: 1.196643084976492 vs. 1.196643084976492
list:
dist: 3.38765126586591 vs. 3.38765126586591
list:
dist: 2.6607167459513215 vs. 2.6607167459513215
list:
dist: 2.0455389534505732 vs. 2.0455389534505732
list:
dist: 2.893369053145762 vs. 2.893369053145762
list:
dist: 1.634429922567074 vs. 1.634429922567074
list:
dist: 2.3433727903391692 vs. 2.3433727903391692
list:
dist: 2.6668567197290662 vs. 2.6668567197290662
list:
dist: 1.8757902176239856 vs. 1.8757902176239856
list:
dist: 1.3810000574095398 vs. 1.3810000574095398
list:
dist: 2.3469016288840705 vs. 2.3469016288840705
list:
dist: 2.6982987014986026 vs. 2.6982987014986026
list:
dist: 2.4693124413479435 vs. 2.4693124413479435
list:
dist: 1.6311204147293832 vs. 1.6311204147293832
list:
dist: 2.893369053145762 vs. 2.893369053145762
list:
dist: 1.6126698791170526 vs. 1.6126698791170526
list:
dist: 1.9217284321305068 vs. 1.9217284321305068
list:
dist: 0.6316299102638329 vs. 0.6316299102638329
list:
dist: 1.657272282214041 vs. 1.657272282214041
list:
dist: 2.7038121434011653 vs. 2.7038121434011653
list:
dist: 1.8017124994552762 vs. 1.8017124994552762
list:
dist: 2.9503041577752067 vs. 2.9503041577752067
list:
dist: 2.796002222691158 vs. 2.796002222691158
list:
dist: 4.4108996773375475 vs. 4.4108996773375475
list:
dist: 3.38765126586591 vs. 3.38765126586591
list:
dist: 4.530778506364699 vs. 4.530778506364699
list:
dist: 3.910173355900252 vs. 3.910173355900252
list:
dist: 4.115975979609402 vs. 4.115975979609402
list:
dist: 3.948674227773998 vs. 3.948674227773998
list:
dist: 2.679933412131715 vs. 2.679933412131715
list:
dist: 2.794570028708359 vs. 2.794570028708359
list:
dist: 3.414090847179764 vs. 3.414090847179764
list:
dist: 3.77895670534106 vs. 3.77895670534106
list:
dist: 3.8731172725302923 vs. 3.8731172725302923
list:
dist: 3.095885643629935 vs. 3.095885643629935
list:
dist: 2.6402038026879793 vs. 2.6402038026879793
list:
dist: 2.8651627039532475 vs. 2.8651627039532475
list:
dist: 2.807578868061821 vs. 2.807578868061821
list:
dist: 1.3830413430094546 vs. 1.3830413430094546
list:
dist: 1.840901504642367 vs. 1.840901504642367
list:
dist: 1.3470055315279688 vs. 1.3470055315279688
list:
dist: 2.0744839270714355 vs. 2.0744839270714355
list:
dist: 4.447546774565408 vs. 4.447546774565408
list:
dist: 2.7618661041179666 vs. 2.7618661041179666
list:
dist: 2.218382002555976 vs. 2.218382002555976
list:
dist: 1.2415780837432424 vs. 1.2415780837432424
list:
dist: 1.8308898631017836 vs. 1.8308898631017836
list:
dist: 2.5672214964701734 vs. 2.5672214964701734
list:
dist: 2.796002222691158 vs. 2.796002222691158
list:
dist: 2.5400376948394223 vs. 2.5400376948394223
list:
dist: 1.285381672100734 vs. 1.285381672100734
list:
dist: 1.493635011901176 vs. 1.493635011901176
list:
dist: 2.907488238252438 vs. 2.907488238252438
list:
dist: 1.8615742689334183 vs. 1.8615742689334183
list:
dist: 2.3013657879161475 vs. 2.3013657879161475
list:
dist: 1.70419701052428 vs. 1.70419701052428
list:
dist: 1.9035593897147813 vs. 1.9035593897147813
list:
dist: 1.4340291694338427 vs. 1.4340291694338427
list:
dist: 1.127723129361979 vs. 1.127723129361979
list:
dist: 1.6725209372846896 vs. 1.6725209372846896
list:
dist: 3.7682226463088444 vs. 3.7682226463088444
list:
dist: 3.611672963471467 vs. 3.611672963471467
list:
dist: 2.2167210750807307 vs. 2.2167210750807307
list:
dist: 3.138092824242995 vs. 3.138092824242995
list:
dist: 2.4193366105884158 vs. 2.4193366105884158
list:
dist: 2.0836234607647253 vs. 2.0836234607647253
list:
dist: 2.794570028708359 vs. 2.794570028708359
list:
dist: 2.5661429524697668 vs. 2.5661429524697668
list:
dist: 1.2817626020429438 vs. 1.2817626020429438
list:
dist: 1.8326182802889537 vs. 1.8326182802889537
list:
dist: 3.619358441011246 vs. 3.619358441011246
list:
dist: 1.6126698791170526 vs. 1.6126698791170526
list:
dist: 3.6427175441701567 vs. 3.6427175441701567
list:
dist: 2.326095242767463 vs. 2.326095242767463
list:
dist: 1.634429922567074 vs. 1.634429922567074
list:
dist: 1.1394423775959222 vs. 1.1394423775959222
list:
dist: 1.2315732991415826 vs. 1.2315732991415826
list:
dist: 1.9045008243528334 vs. 1.9045008243528334
list:
dist: 3.2467527288449247 vs. 3.2467527288449247
list:
dist: 2.365191551115309 vs. 2.365191551115309
list:
dist: 2.7738639949434836 vs. 2.7738639949434836
list:
dist: 2.907488238252438 vs. 2.907488238252438
list:
dist: 2.0637786933293296 vs. 2.0637786933293296
list:
dist: 1.9213080896341361 vs. 1.9213080896341361
list:
dist: 1.3472040420610087 vs. 1.3472040420610087
list:
dist: 2.523102940198167 vs. 2.523102940198167
list:
dist: 2.623059333682541 vs. 2.623059333682541
list:
dist: 1.8592011581648658 vs. 1.8592011581648658
list:
dist: 4.4108996773375475 vs. 4.4108996773375475
list:
dist: 3.519543361275593 vs. 3.519543361275593
list:
dist: 3.086397569998951 vs. 3.086397569998951
list:
dist: 1.8592011581648658 vs. 1.8592011581648658
list:
dist: 1.196643084976492 vs. 1.196643084976492
list:
dist: 2.2129859432659797 vs. 2.2129859432659797
list:
dist: 1.6995123551367266 vs. 1.6995123551367266
list:
dist: 2.607240446782531 vs. 2.607240446782531
list:
dist: 2.1175311703679895 vs. 2.1175311703679895
list:
dist: 1.451780793086672 vs. 1.451780793086672
list:
dist: 2.0836234607647253 vs. 2.0836234607647253
list:
dist: 2.876442294378364 vs. 2.876442294378364
list:
dist: 2.016111522196276 vs. 2.016111522196276
list:
dist: 2.282321114372925 vs. 2.282321114372925
list:
dist: 0.7108093308624807 vs. 0.7108093308624807
list:
dist: 1.6611810340970947 vs. 1.6611810340970947
list:
dist: 0.9585988977304531 vs. 0.9585988977304531
list:
dist: 2.807578868061821 vs. 2.807578868061821
list:
dist: 1.71711019401732 vs. 1.71711019401732
list:
dist: 1.514308780828955 vs. 1.514308780828955
list:
dist: 3.7770759575213075 vs. 3.7770759575213075
list:
dist: 2.4127125736633865 vs. 2.4127125736633865
list:
dist: 3.579072724342914 vs. 3.579072724342914
list:
dist: 4.2271546981332015 vs. 4.2271546981332015
list:
dist: 3.6919535535289048 vs. 3.6919535535289048
list:
dist: 3.6469017237899766 vs. 3.6469017237899766
list:
dist: 2.981194474591203 vs. 2.981194474591203
list:
dist: 3.998586383748981 vs. 3.998586383748981
list:
dist: 4.475993999966629 vs. 4.475993999966629
list:
dist: 2.7038121434011653 vs. 2.7038121434011653
list:
dist: 1.4028808779388906 vs. 1.4028808779388906
list:
dist: 1.8077646110463421 vs. 1.8077646110463421
list:
dist: 1.9152923296367828 vs. 1.9152923296367828
list:
dist: 3.2467527288449247 vs. 3.2467527288449247
list:
dist: 2.6879650848246297 vs. 2.6879650848246297
list:
dist: 2.4394380202615897 vs. 2.4394380202615897
list:
dist: 1.3445324523515572 vs. 1.3445324523515572
list:
dist: 1.0478638418891046 vs. 1.0478638418891046
list:
dist: 1.5129380608027971 vs. 1.5129380608027971
list:
dist: 1.9035593897147813 vs. 1.9035593897147813
list:
dist: 1.220972947912078 vs. 1.220972947912078
list:
dist: 4.521848648860633 vs. 4.521848648860633
list:
dist: 4.608104481349117 vs. 4.608104481349117
list:
dist: 2.971306029586484 vs. 2.971306029586484
list:
dist: 4.204174291824945 vs. 4.204174291824945
list:
dist: 2.4249713030261546 vs. 2.4249713030261546
list:
dist: 2.607240446782531 vs. 2.607240446782531
list:
dist: 4.115975979609402 vs. 4.115975979609402
list:
dist: 3.4107405717310404 vs. 3.4107405717310404
list:
dist: 2.322255224753635 vs. 2.322255224753635
list:
dist: 4.102358982292145 vs. 4.102358982292145
list:
dist: 2.8946124174854537 vs. 2.8946124174854537
list:
dist: 4.055478529518288 vs. 4.055478529518288
list:
dist: 0.6316299102638329 vs. 0.6316299102638329
list:
dist: 2.5079807967197247 vs. 2.5079807967197247
list:
dist: 1.3035201529950295 vs. 1.3035201529950295
list:
dist: 2.6668567197290662 vs. 2.6668567197290662
list:
dist: 1.2315732991415826 vs. 1.2315732991415826
list:
dist: 1.3033983840890955 vs. 1.3033983840890955
list:
dist: 1.225262986989312 vs. 1.225262986989312
list:
dist: 2.4394380202615897 vs. 2.4394380202615897
list:
dist: 1.4576367634671785 vs. 1.4576367634671785
list:
dist: 2.4137514597795784 vs. 2.4137514597795784
list:
dist: 2.3013657879161475 vs. 2.3013657879161475
list:
dist: 3.1633316318855793 vs. 3.1633316318855793
list:
dist: 2.9393638269758617 vs. 2.9393638269758617
list:
dist: 1.9117702261788 vs. 1.9117702261788
list:
dist: 3.3054063502866926 vs. 3.3054063502866926
list:
dist: 2.833461818419013 vs. 2.833461818419013
list:
dist: 2.2129859432659797 vs. 2.2129859432659797
list:
dist: 4.530778506364699 vs. 4.530778506364699
list:
dist: 3.7866433686876753 vs. 3.7866433686876753
list:
dist: 2.9320550331132984 vs. 2.9320550331132984
list:
dist: 1.8017124994552762 vs. 1.8017124994552762
list:
dist: 1.539698026192377 vs. 1.539698026192377
list:
dist: 0.8643941451842495 vs. 0.8643941451842495
list:
dist: 2.0021253123329132 vs. 2.0021253123329132
list:
dist: 2.365191551115309 vs. 2.365191551115309
list:
dist: 1.7975856183008845 vs. 1.7975856183008845
list:
dist: 1.4576367634671785 vs. 1.4576367634671785
list:
dist: 0.5908613535218972 vs. 0.5908613535218972
list:
dist: 1.0478638418891046 vs. 1.0478638418891046
list:
dist: 1.4028907622795403 vs. 1.4028907622795403
list:
dist: 1.4340291694338427 vs. 1.4340291694338427
list:
dist: 1.8389203854802634 vs. 1.8389203854802634
list:
dist: 3.8307086636016052 vs. 3.8307086636016052
list:
dist: 3.775957913710336 vs. 3.775957913710336
list:
dist: 2.252617434345928 vs. 2.252617434345928
list:
dist: 3.5968267954945174 vs. 3.5968267954945174
list:
dist: 2.3383705729036928 vs. 2.3383705729036928
list:
dist: 2.1175311703679895 vs. 2.1175311703679895
list:
dist: 3.948674227773998 vs. 3.948674227773998
list:
dist: 3.269801967355226 vs. 3.269801967355226
list:
dist: 2.1420687532576563 vs. 2.1420687532576563
list:
dist: 4.649101010029619 vs. 4.649101010029619
list:
dist: 2.9163609568081212 vs. 2.9163609568081212
list:
dist: 4.398151121239652 vs. 4.398151121239652
list:
dist: 1.6311204147293832 vs. 1.6311204147293832
list:
dist: 1.8343678850751937 vs. 1.8343678850751937
list:
dist: 1.9398228752340905 vs. 1.9398228752340905
list:
dist: 2.326095242767463 vs. 2.326095242767463
list:
dist: 1.6720849985913355 vs. 1.6720849985913355
list:
dist: 1.3035201529950295 vs. 1.3035201529950295
list:
dist: 1.2050582145494693 vs. 1.2050582145494693
list:
dist: 1.8077646110463421 vs. 1.8077646110463421
list:
dist: 0.8643941451842495 vs. 0.8643941451842495
list:
dist: 1.8385647309290365 vs. 1.8385647309290365
list:
dist: 1.285381672100734 vs. 1.285381672100734
list:
dist: 2.3009706559100906 vs. 2.3009706559100906
list:
dist: 3.519543361275593 vs. 3.519543361275593
list:
dist: 2.6607167459513215 vs. 2.6607167459513215
list:
dist: 3.7866433686876753 vs. 3.7866433686876753
list:
dist: 3.064766557264507 vs. 3.064766557264507
list:
dist: 3.4107405717310404 vs. 3.4107405717310404
list:
dist: 3.269801967355226 vs. 3.269801967355226
list:
dist: 1.958640357198001 vs. 1.958640357198001
list:
dist: 2.5661429524697668 vs. 2.5661429524697668
list:
dist: 3.037301964803897 vs. 3.037301964803897
list:
dist: 2.9036014710129736 vs. 2.9036014710129736
list:
dist: 3.236096948393777 vs. 3.236096948393777
list:
dist: 2.194058273197364 vs. 2.194058273197364
list:
dist: 1.9489244298414892 vs. 1.9489244298414892
list:
dist: 1.5794582325056736 vs. 1.5794582325056736
list:
dist: 1.71711019401732 vs. 1.71711019401732
list:
dist: 1.3830413430094546 vs. 1.3830413430094546
list:
dist: 1.3213319412338407 vs. 1.3213319412338407
list:
dist: 1.4880835293705323 vs. 1.4880835293705323
list:
dist: 2.112385774184878 vs. 2.112385774184878
list:
dist: 4.052238230276443 vs. 4.052238230276443
list:
dist: 3.000938301723439 vs. 3.000938301723439
list:
dist: 2.317818027920948 vs. 2.317818027920948
list:
dist: 1.2670579666028523 vs. 1.2670579666028523
list:
dist: 2.34578708457128 vs. 2.34578708457128
list:
dist: 2.8871725304532734 vs. 2.8871725304532734
list:
dist: 2.6982987014986026 vs. 2.6982987014986026
list:
dist: 2.523102940198167 vs. 2.523102940198167
list:
dist: 2.0468895799667766 vs. 2.0468895799667766
list:
dist: 3.3054063502866926 vs. 3.3054063502866926
list:
dist: 3.227723786290943 vs. 3.227723786290943
list:
dist: 4.204174291824945 vs. 4.204174291824945
list:
dist: 3.5968267954945174 vs. 3.5968267954945174
list:
dist: 2.863362076832662 vs. 2.863362076832662
list:
dist: 3.138092824242995 vs. 3.138092824242995
list:
dist: 1.161284062760196 vs. 1.161284062760196
list:
dist: 1.3909275215460892 vs. 1.3909275215460892
list:
dist: 1.4481513976340779 vs. 1.4481513976340779
list:
dist: 2.311426609404385 vs. 2.311426609404385
list:
dist: 1.6611810340970947 vs. 1.6611810340970947
list:
dist: 2.6402038026879793 vs. 2.6402038026879793
list:
dist: 1.9489244298414892 vs. 1.9489244298414892
list:
dist: 2.462379468571446 vs. 2.462379468571446
list:
dist: 2.6861231071670217 vs. 2.6861231071670217
list:
dist: 2.1871249121418606 vs. 2.1871249121418606
list:
dist: 2.6654172492081063 vs. 2.6654172492081063
list:
dist: 2.993477325369424 vs. 2.993477325369424
list:
dist: 2.8946124174854537 vs. 2.8946124174854537
list:
dist: 2.9163609568081212 vs. 2.9163609568081212
list:
dist: 1.634758413987902 vs. 1.634758413987902
list:
dist: 1.8326182802889537 vs. 1.8326182802889537
list:
dist: 2.077295856199292 vs. 2.077295856199292
list:
dist: 2.300788078465785 vs. 2.300788078465785
list:
dist: 2.4127125736633865 vs. 2.4127125736633865
list:
dist: 1.3470055315279688 vs. 1.3470055315279688
list:
dist: 1.4880835293705323 vs. 1.4880835293705323
list:
dist: 0.9588537296288621 vs. 0.9588537296288621
list:
dist: 1.8763607224314232 vs. 1.8763607224314232
list:
dist: 3.3682422123542892 vs. 3.3682422123542892
list:
dist: 1.879498801053543 vs. 1.879498801053543
list:
dist: 2.9311236557363323 vs. 2.9311236557363323
list:
dist: 3.64429653595451 vs. 3.64429653595451
list:
dist: 4.386431083780737 vs. 4.386431083780737
list:
dist: 4.055478529518288 vs. 4.055478529518288
list:
dist: 4.398151121239652 vs. 4.398151121239652
list:
dist: 3.035400794109261 vs. 3.035400794109261
list:
dist: 3.619358441011246 vs. 3.619358441011246
list:
dist: 3.195750946748765 vs. 3.195750946748765
list:
dist: 3.033894854885595 vs. 3.033894854885595
list:
dist: 3.579072724342914 vs. 3.579072724342914
list:
dist: 2.0744839270714355 vs. 2.0744839270714355
list:
dist: 2.112385774184878 vs. 2.112385774184878
list:
dist: 2.542787608800452 vs. 2.542787608800452
list:
dist: 1.8763607224314232 vs. 1.8763607224314232
list:
dist: 3.1902604384261237 vs. 3.1902604384261237
list:
dist: 1.417012506292701 vs. 1.417012506292701
list:
dist: 2.320235556295615 vs. 2.320235556295615
list:
dist: 2.8475105208424387 vs. 2.8475105208424387
list:
dist: 2.3469016288840705 vs. 2.3469016288840705
list:
dist: 1.3472040420610087 vs. 1.3472040420610087
list:
dist: 0.7269087588298537 vs. 0.7269087588298537
list:
dist: 1.9117702261788 vs. 1.9117702261788
list:
dist: 1.832471291130607 vs. 1.832471291130607
list:
dist: 2.971306029586484 vs. 2.971306029586484
list:
dist: 2.252617434345928 vs. 2.252617434345928
list:
dist: 1.9184084902963365 vs. 1.9184084902963365
list:
dist: 2.2167210750807307 vs. 2.2167210750807307
list:
dist: 1.6168935531306334 vs. 1.6168935531306334
list:
dist: 1.6769618034090388 vs. 1.6769618034090388
list:
dist: 1.4481513976340779 vs. 1.4481513976340779
list:
dist: 1.6595603982032598 vs. 1.6595603982032598
list:
dist: 0.7108093308624807 vs. 0.7108093308624807
list:
dist: 3.095885643629935 vs. 3.095885643629935
list:
dist: 2.194058273197364 vs. 2.194058273197364
list:
dist: 1.9471585980715356 vs. 1.9471585980715356
list:
dist: 4.022586675024645 vs. 4.022586675024645
list:
dist: 3.550682603511848 vs. 3.550682603511848
list:
dist: 3.8505636854045675 vs. 3.8505636854045675
list:
dist: 2.9503041577752067 vs. 2.9503041577752067
list:
dist: 2.681902955823314 vs. 2.681902955823314
list:
dist: 1.8385647309290365 vs. 1.8385647309290365
list:
dist: 2.128647260608328 vs. 2.128647260608328
list:
dist: 2.7738639949434836 vs. 2.7738639949434836
list:
dist: 1.8640680062282786 vs. 1.8640680062282786
list:
dist: 2.4137514597795784 vs. 2.4137514597795784
list:
dist: 1.3923192508939677 vs. 1.3923192508939677
list:
dist: 1.5129380608027971 vs. 1.5129380608027971
list:
dist: 1.4028907622795403 vs. 1.4028907622795403
list:
dist: 1.127723129361979 vs. 1.127723129361979
list:
dist: 1.4357965727556063 vs. 1.4357965727556063
list:
dist: 3.4355176732113537 vs. 3.4355176732113537
list:
dist: 3.5477877411755823 vs. 3.5477877411755823
list:
dist: 1.9184084902963365 vs. 1.9184084902963365
list:
dist: 2.863362076832662 vs. 2.863362076832662
list:
dist: 1.4033604076050101 vs. 1.4033604076050101
list:
dist: 1.451780793086672 vs. 1.451780793086672
list:
dist: 2.679933412131715 vs. 2.679933412131715
list:
dist: 1.958640357198001 vs. 1.958640357198001
list:
dist: 0.8448844437733289 vs. 0.8448844437733289
list:
dist: 3.599886987027627 vs. 3.599886987027627
list:
dist: 1.634758413987902 vs. 1.634758413987902
list:
dist: 3.035400794109261 vs. 3.035400794109261
list:
dist: 2.2105977361590674 vs. 2.2105977361590674
list:
dist: 2.3009706559100906 vs. 2.3009706559100906
list:
dist: 1.356362644877274 vs. 1.356362644877274
list:
dist: 4.235770824869449 vs. 4.235770824869449
list:
dist: 2.1874987909684616 vs. 2.1874987909684616
list:
dist: 1.220972947912078 vs. 1.220972947912078
list:
dist: 1.8389203854802634 vs. 1.8389203854802634
list:
dist: 1.4357965727556063 vs. 1.4357965727556063
list:
dist: 1.6725209372846896 vs. 1.6725209372846896
list:
dist: 2.6122276693800277 vs. 2.6122276693800277
list:
dist: 2.876442294378364 vs. 2.876442294378364
list:
dist: 3.414090847179764 vs. 3.414090847179764
list:
dist: 3.037301964803897 vs. 3.037301964803897
list:
dist: 1.9074331771563402 vs. 1.9074331771563402
list:
dist: 3.8678891584881994 vs. 3.8678891584881994
list:
dist: 2.077295856199292 vs. 2.077295856199292
list:
dist: 3.195750946748765 vs. 3.195750946748765
list:
dist: 1.577577511121534 vs. 1.577577511121534
list:
dist: 1.3810000574095398 vs. 1.3810000574095398
list:
dist: 1.9213080896341361 vs. 1.9213080896341361
list:
dist: 1.9874142477157315 vs. 1.9874142477157315
list:
dist: 2.9393638269758617 vs. 2.9393638269758617
list:
dist: 3.372217825927803 vs. 3.372217825927803
list:
dist: 4.608104481349117 vs. 4.608104481349117
list:
dist: 3.775957913710336 vs. 3.775957913710336
list:
dist: 3.5477877411755823 vs. 3.5477877411755823
list:
dist: 3.611672963471467 vs. 3.611672963471467
list:
dist: 0.8776217939254866 vs. 0.8776217939254866
list:
dist: 1.6769618034090388 vs. 1.6769618034090388
list:
dist: 1.3909275215460892 vs. 1.3909275215460892
list:
dist: 3.1394152658484837 vs. 3.1394152658484837
list:
dist: 2.282321114372925 vs. 2.282321114372925
list:
dist: 3.8731172725302923 vs. 3.8731172725302923
list:
dist: 3.236096948393777 vs. 3.236096948393777
list:
dist: 3.377314328176621 vs. 3.377314328176621
list:
dist: 2.969741431996702 vs. 2.969741431996702
list:
dist: 2.9855080297566525 vs. 2.9855080297566525
list:
dist: 3.937868457556544 vs. 3.937868457556544
list:
dist: 3.843920081445557 vs. 3.843920081445557
list:
dist: 3.998586383748981 vs. 3.998586383748981
list:
dist: 1.8308898631017836 vs. 1.8308898631017836
list:
dist: 2.34578708457128 vs. 2.34578708457128
list:
dist: 3.4091301947063157 vs. 3.4091301947063157
list:
dist: 2.9311236557363323 vs. 2.9311236557363323
list:
dist: 2.320235556295615 vs. 2.320235556295615
list:
dist: 1.2473324702536162 vs. 1.2473324702536162
list:
dist: 1.2653091764705127 vs. 1.2653091764705127
list:
dist: 0.7652786318100537 vs. 0.7652786318100537
list:
dist: 4.286450346593775 vs. 4.286450346593775
list:
dist: 4.475993999966629 vs. 4.475993999966629
list:
dist: 2.5672214964701734 vs. 2.5672214964701734
list:
dist: 2.8871725304532734 vs. 2.8871725304532734
list:
dist: 4.057369781741837 vs. 4.057369781741837
list:
dist: 3.64429653595451 vs. 3.64429653595451
list:
dist: 2.8475105208424387 vs. 2.8475105208424387
list:
dist: 1.2449371814127048 vs. 1.2449371814127048
list:
dist: 1.8544940634654679 vs. 1.8544940634654679
list:
dist: 0.7652786318100537 vs. 0.7652786318100537
list:
dist: 2.694357367271895 vs. 2.694357367271895
list:
dist: 2.981194474591203 vs. 2.981194474591203
list:
dist: 1.2415780837432424 vs. 1.2415780837432424
list:
dist: 1.2670579666028523 vs. 1.2670579666028523
list:
dist: 2.294603702419666 vs. 2.294603702419666
list:
dist: 1.879498801053543 vs. 1.879498801053543
list:
dist: 1.417012506292701 vs. 1.417012506292701
list:
dist: 1.8225685035912638 vs. 1.8225685035912638
list:
dist: 1.2653091764705127 vs. 1.2653091764705127
list:
dist: 1.8544940634654679 vs. 1.8544940634654679
list:
dist: 2.990364058275765 vs. 2.990364058275765
list:
dist: 2.9855080297566525 vs. 2.9855080297566525
list:
dist: 3.550682603511848 vs. 3.550682603511848
list:
dist: 2.1871249121418606 vs. 2.1871249121418606
list:
dist: 4.152292758484003 vs. 4.152292758484003
list:
dist: 3.6919535535289048 vs. 3.6919535535289048
list:
dist: 2.7618661041179666 vs. 2.7618661041179666
list:
dist: 3.000938301723439 vs. 3.000938301723439
list:
dist: 3.8219801662121995 vs. 3.8219801662121995
list:
dist: 2.15066275026517 vs. 2.15066275026517
list:
dist: 1.8136297566032897 vs. 1.8136297566032897
list:
dist: 2.623059333682541 vs. 2.623059333682541
list:
dist: 2.074672720494472 vs. 2.074672720494472
list:
dist: 2.833461818419013 vs. 2.833461818419013
list:
dist: 1.9605241733893968 vs. 1.9605241733893968
list:
dist: 2.4249713030261546 vs. 2.4249713030261546
list:
dist: 2.3383705729036928 vs. 2.3383705729036928
list:
dist: 1.4033604076050101 vs. 1.4033604076050101
list:
dist: 2.4193366105884158 vs. 2.4193366105884158
list:
dist: 2.6122276693800277 vs. 2.6122276693800277
list:
dist: 2.694688227155945 vs. 2.694688227155945
list:
dist: 3.1394152658484837 vs. 3.1394152658484837
list:
dist: 1.6595603982032598 vs. 1.6595603982032598
list:
dist: 2.311426609404385 vs. 2.311426609404385
list:
dist: 0.9585988977304531 vs. 0.9585988977304531
list:
dist: 2.8651627039532475 vs. 2.8651627039532475
list:
dist: 1.5794582325056736 vs. 1.5794582325056736
list:
dist: 1.5677412562993132 vs. 1.5677412562993132
list:
dist: 2.8449149371287743 vs. 2.8449149371287743
list:
dist: 2.300788078465785 vs. 2.300788078465785
list:
dist: 3.033894854885595 vs. 3.033894854885595
list:
dist: 4.6412437375763025 vs. 4.6412437375763025
list:
dist: 4.152292758484003 vs. 4.152292758484003
list:
dist: 3.6691446941449044 vs. 3.6691446941449044
list:
dist: 2.694357367271895 vs. 2.694357367271895
list:
dist: 3.843920081445557 vs. 3.843920081445557
list:
dist: 4.286450346593775 vs. 4.286450346593775
list:
dist: 3.086397569998951 vs. 3.086397569998951
list:
dist: 2.0455389534505732 vs. 2.0455389534505732
list:
dist: 2.9320550331132984 vs. 2.9320550331132984
list:
dist: 2.115804329113086 vs. 2.115804329113086
list:
dist: 2.322255224753635 vs. 2.322255224753635
list:
dist: 2.1420687532576563 vs. 2.1420687532576563
list:
dist: 0.8448844437733289 vs. 0.8448844437733289
list:
dist: 1.2817626020429438 vs. 1.2817626020429438
list:
dist: 1.9074331771563402 vs. 1.9074331771563402
list:
dist: 3.281319045573808 vs. 3.281319045573808
list:
dist: 3.377314328176621 vs. 3.377314328176621
list:
dist: 1.9471585980715356 vs. 1.9471585980715356
list:
dist: 2.462379468571446 vs. 2.462379468571446
list:
dist: 1.5677412562993132 vs. 1.5677412562993132
list:
dist: 1.514308780828955 vs. 1.514308780828955
list:
dist: 1.840901504642367 vs. 1.840901504642367
list:
dist: 1.3213319412338407 vs. 1.3213319412338407
list:
dist: 0.9588537296288621 vs. 0.9588537296288621
list:
dist: 2.542787608800452 vs. 2.542787608800452
list:
dist: 5.001887164913025 vs. 5.001887164913025
list:
dist: 3.8219801662121995 vs. 3.8219801662121995
list:
dist: 3.5248541816562042 vs. 3.5248541816562042
list:
dist: 2.294603702419666 vs. 2.294603702419666
list:
dist: 3.4091301947063157 vs. 3.4091301947063157
list:
dist: 4.057369781741837 vs. 4.057369781741837
list:
dist: 1.8757902176239856 vs. 1.8757902176239856
list:
dist: 2.0637786933293296 vs. 2.0637786933293296
list:
dist: 2.174419532044692 vs. 2.174419532044692
list:
dist: 3.1633316318855793 vs. 3.1633316318855793
list:
dist: 3.3526742034114982 vs. 3.3526742034114982
list:
dist: 4.521848648860633 vs. 4.521848648860633
list:
dist: 3.8307086636016052 vs. 3.8307086636016052
list:
dist: 3.4355176732113537 vs. 3.4355176732113537
list:
dist: 3.7682226463088444 vs. 3.7682226463088444
list:
dist: 0.8776217939254866 vs. 0.8776217939254866
list:
dist: 1.6168935531306334 vs. 1.6168935531306334
list:
dist: 1.161284062760196 vs. 1.161284062760196
list:
dist: 2.694688227155945 vs. 2.694688227155945
list:
dist: 2.016111522196276 vs. 2.016111522196276
list:
dist: 3.77895670534106 vs. 3.77895670534106
list:
dist: 2.9036014710129736 vs. 2.9036014710129736
list:
dist: 3.281319045573808 vs. 3.281319045573808
list:
dist: 2.664524729880029 vs. 2.664524729880029
list:
dist: 2.990364058275765 vs. 2.990364058275765
list:
dist: 3.583604011012601 vs. 3.583604011012601
list:
dist: 1.1538005855606548 vs. 1.1538005855606548
list:
dist: 1.969164838441893 vs. 1.969164838441893
list:
dist: 2.206791414582463 vs. 2.206791414582463
list:
dist: 1.3316492859526778 vs. 1.3316492859526778
list:
dist: 2.306141248196061 vs. 2.306141248196061
list:
dist: 1.6912746071451044 vs. 1.6912746071451044
list:
dist: 1.4098235587495749 vs. 1.4098235587495749
list:
dist: 2.0087157009039114 vs. 2.0087157009039114
list:
dist: 2.1299662736175 vs. 2.1299662736175
list:
dist: 0.7500405766842928 vs. 0.7500405766842928
list:
dist: 2.042220299278882 vs. 2.042220299278882
list:
dist: 2.5132896172109898 vs. 2.5132896172109898
list:
dist: 1.7126999222991581 vs. 1.7126999222991581
list:
dist: 1.7646321929943678 vs. 1.7646321929943678
list:
dist: 3.3865391445050874 vs. 3.3865391445050874
list:
dist: 3.447879330737319 vs. 3.447879330737319
list:
dist: 2.994706019906875 vs. 2.994706019906875
list:
dist: 1.9927117056604822 vs. 1.9927117056604822
list:
dist: 1.0518327092745312 vs. 1.0518327092745312
list:
dist: 2.4393641906417027 vs. 2.4393641906417027
list:
dist: 3.1069767951798273 vs. 3.1069767951798273
list:
dist: 1.969164838441893 vs. 1.969164838441893
list:
dist: 1.9883047677950179 vs. 1.9883047677950179
list:
dist: 1.8598146601142564 vs. 1.8598146601142564
list:
dist: 2.71082709593701 vs. 2.71082709593701
list:
dist: 2.1152256097719855 vs. 2.1152256097719855
list:
dist: 1.907048024363533 vs. 1.907048024363533
list:
dist: 3.0246106937083814 vs. 3.0246106937083814
list:
dist: 2.682246945035096 vs. 2.682246945035096
list:
dist: 3.2031237724623813 vs. 3.2031237724623813
list:
dist: 3.210736715505477 vs. 3.210736715505477
list:
dist: 1.8140801667673903 vs. 1.8140801667673903
list:
dist: 1.8598146601142564 vs. 1.8598146601142564
list:
dist: 3.3549640531412757 vs. 3.3549640531412757
list:
dist: 2.1885352446042963 vs. 2.1885352446042963
list:
dist: 1.4098235587495749 vs. 1.4098235587495749
list:
dist: 2.2778877263256048 vs. 2.2778877263256048
list:
dist: 1.9694466597003697 vs. 1.9694466597003697
list:
dist: 1.580976177884326 vs. 1.580976177884326
list:
dist: 1.3131831758727612 vs. 1.3131831758727612
list:
dist: 0.8799483905530332 vs. 0.8799483905530332
list:
dist: 1.5573372215515728 vs. 1.5573372215515728
list:
dist: 1.1763163830533832 vs. 1.1763163830533832
list:
dist: 1.5824734027471001 vs. 1.5824734027471001
list:
dist: 1.4904271487328455 vs. 1.4904271487328455
list:
dist: 2.2988100527467763 vs. 2.2988100527467763
list:
dist: 2.9428802579613107 vs. 2.9428802579613107
list:
dist: 2.3550024723347485 vs. 2.3550024723347485
list:
dist: 2.5336967793086944 vs. 2.5336967793086944
list:
dist: 2.4997440194512146 vs. 2.4997440194512146
list:
dist: 2.051524537935192 vs. 2.051524537935192
list:
dist: 3.0516703012454034 vs. 3.0516703012454034
list:
dist: 3.2497913692721663 vs. 3.2497913692721663
list:
dist: 2.0659343700518225 vs. 2.0659343700518225
list:
dist: 2.6123200084613214 vs. 2.6123200084613214
list:
dist: 3.55745862741218 vs. 3.55745862741218
list:
dist: 2.1227622961149453 vs. 2.1227622961149453
list:
dist: 1.0518327092745312 vs. 1.0518327092745312
list:
dist: 1.653015558529067 vs. 1.653015558529067
list:
dist: 2.273793123887992 vs. 2.273793123887992
list:
dist: 1.1538005855606548 vs. 1.1538005855606548
list:
dist: 1.7318194225923882 vs. 1.7318194225923882
list:
dist: 1.8140801667673903 vs. 1.8140801667673903
list:
dist: 2.568035658789433 vs. 2.568035658789433
list:
dist: 2.314719408801696 vs. 2.314719408801696
list:
dist: 1.456035346150019 vs. 1.456035346150019
list:
dist: 2.8013739031389147 vs. 2.8013739031389147
list:
dist: 2.9046588123171704 vs. 2.9046588123171704
list:
dist: 2.741701290749524 vs. 2.741701290749524
list:
dist: 2.781690865127527 vs. 2.781690865127527
list:
dist: 2.664524729880029 vs. 2.664524729880029
list:
dist: 2.969741431996702 vs. 2.969741431996702
list:
dist: 4.022586675024645 vs. 4.022586675024645
list:
dist: 2.6861231071670217 vs. 2.6861231071670217
list:
dist: 4.6412437375763025 vs. 4.6412437375763025
list:
dist: 4.2271546981332015 vs. 4.2271546981332015
list:
dist: 4.447546774565408 vs. 4.447546774565408
list:
dist: 4.052238230276443 vs. 4.052238230276443
list:
dist: 5.001887164913025 vs. 5.001887164913025
list:
dist: 2.15066275026517 vs. 2.15066275026517
list:
dist: 2.9147942274730023 vs. 2.9147942274730023
list:
dist: 3.583604011012601 vs. 3.583604011012601
list:
dist: 3.937868457556544 vs. 3.937868457556544
list:
dist: 3.8505636854045675 vs. 3.8505636854045675
list:
dist: 2.6654172492081063 vs. 2.6654172492081063
list:
dist: 3.6691446941449044 vs. 3.6691446941449044
list:
dist: 3.6469017237899766 vs. 3.6469017237899766
list:
dist: 2.218382002555976 vs. 2.218382002555976
list:
dist: 2.317818027920948 vs. 2.317818027920948
list:
dist: 3.5248541816562042 vs. 3.5248541816562042
list:
dist: 3.3682422123542892 vs. 3.3682422123542892
list:
dist: 3.1902604384261237 vs. 3.1902604384261237
list:
dist: 2.9147942274730023 vs. 2.9147942274730023
list:
dist: 1.8136297566032897 vs. 1.8136297566032897
list:
dist: 1.8225685035912638 vs. 1.8225685035912638
list:
dist: 1.2473324702536162 vs. 1.2473324702536162
list:
dist: 1.2449371814127048 vs. 1.2449371814127048
list:
dist: 1.456035346150019 vs. 1.456035346150019
list:
dist: 1.907048024363533 vs. 1.907048024363533
list:
dist: 2.7239615702416278 vs. 2.7239615702416278
list:
dist: 1.8261740346546333 vs. 1.8261740346546333
list:
dist: 0.7500405766842928 vs. 0.7500405766842928
list:
dist: 2.326606006615525 vs. 2.326606006615525
list:
dist: 1.3623297903225624 vs. 1.3623297903225624
list:
dist: 0.8799483905530332 vs. 0.8799483905530332
list:
dist: 1.322226997717654 vs. 1.322226997717654
list:
dist: 1.4150245431215485 vs. 1.4150245431215485
list:
dist: 1.390560433063628 vs. 1.390560433063628
list:
dist: 1.8429686615926055 vs. 1.8429686615926055
list:
dist: 1.3335980652970554 vs. 1.3335980652970554
list:
dist: 1.4200982338861545 vs. 1.4200982338861545
list:
dist: 2.7772871722115346 vs. 2.7772871722115346
list:
dist: 3.1400293025151096 vs. 3.1400293025151096
list:
dist: 2.4765605665509383 vs. 2.4765605665509383
list:
dist: 2.468564995957532 vs. 2.468564995957532
list:
dist: 2.398554627413771 vs. 2.398554627413771
list:
dist: 1.8780315014964877 vs. 1.8780315014964877
list:
dist: 3.0907141463652446 vs. 3.0907141463652446
list:
dist: 3.5155426920748214 vs. 3.5155426920748214
list:
dist: 2.189695608758588 vs. 2.189695608758588
list:
dist: 3.0379077845557023 vs. 3.0379077845557023
list:
dist: 3.7384758962111166 vs. 3.7384758962111166
list:
dist: 1.577577511121534 vs. 1.577577511121534
list:
dist: 2.568035658789433 vs. 2.568035658789433
list:
dist: 2.71082709593701 vs. 2.71082709593701
list:
dist: 3.655068011478742 vs. 3.655068011478742
list:
dist: 2.909255550432662 vs. 2.909255550432662
list:
dist: 2.0087157009039114 vs. 2.0087157009039114
list:
dist: 2.9466010590607055 vs. 2.9466010590607055
list:
dist: 1.3954184464841823 vs. 1.3954184464841823
list:
dist: 1.580976177884326 vs. 1.580976177884326
list:
dist: 0.901202819244611 vs. 0.901202819244611
list:
dist: 1.322226997717654 vs. 1.322226997717654
list:
dist: 0.5798684541090174 vs. 0.5798684541090174
list:
dist: 1.6248365376142861 vs. 1.6248365376142861
list:
dist: 1.4127755599417315 vs. 1.4127755599417315
list:
dist: 1.658762956476982 vs. 1.658762956476982
list:
dist: 2.2869779709856424 vs. 2.2869779709856424
list:
dist: 3.070439550152969 vs. 3.070439550152969
list:
dist: 1.9619958055782112 vs. 1.9619958055782112
list:
dist: 1.4063123801324415 vs. 1.4063123801324415
list:
dist: 1.2124843898720157 vs. 1.2124843898720157
list:
dist: 0.5672313790936482 vs. 0.5672313790936482
list:
dist: 1.9806250631446725 vs. 1.9806250631446725
list:
dist: 2.5597521416704803 vs. 2.5597521416704803
list:
dist: 1.2682533984293858 vs. 1.2682533984293858
list:
dist: 2.3756130846634096 vs. 2.3756130846634096
list:
dist: 3.04949472478519 vs. 3.04949472478519
list:
dist: 2.1227622961149453 vs. 2.1227622961149453
list:
dist: 1.9927117056604822 vs. 1.9927117056604822
list:
dist: 1.9061931477397616 vs. 1.9061931477397616
list:
dist: 2.862505935339923 vs. 2.862505935339923
list:
dist: 1.9061931477397616 vs. 1.9061931477397616
list:
dist: 1.653015558529067 vs. 1.653015558529067
list:
dist: 2.4393641906417027 vs. 2.4393641906417027
list:
dist: 2.981590657477051 vs. 2.981590657477051
list:
dist: 2.206791414582463 vs. 2.206791414582463
list:
dist: 2.4659072255382806 vs. 2.4659072255382806
list:
dist: 3.3549640531412757 vs. 3.3549640531412757
list:
dist: 3.655068011478742 vs. 3.655068011478742
list:
dist: 3.627322305860774 vs. 3.627322305860774
list:
dist: 2.7239615702416278 vs. 2.7239615702416278
list:
dist: 3.927672533984297 vs. 3.927672533984297
list:
dist: 4.432672756406871 vs. 4.432672756406871
list:
dist: 3.8015117902495863 vs. 3.8015117902495863
list:
dist: 3.931157832013875 vs. 3.931157832013875
list:
dist: 2.781690865127527 vs. 2.781690865127527
list:
dist: 3.210736715505477 vs. 3.210736715505477
list:
dist: 3.931157832013875 vs. 3.931157832013875
list:
dist: 1.802437693230933 vs. 1.802437693230933
list:
dist: 1.7646321929943678 vs. 1.7646321929943678
list:
dist: 1.3064014749531416 vs. 1.3064014749531416
list:
dist: 2.5383738585947486 vs. 2.5383738585947486
list:
dist: 1.4904271487328455 vs. 1.4904271487328455
list:
dist: 1.658762956476982 vs. 1.658762956476982
list:
dist: 2.1264182938041114 vs. 2.1264182938041114
list:
dist: 1.4200982338861545 vs. 1.4200982338861545
list:
dist: 1.1844369242967407 vs. 1.1844369242967407
list:
dist: 1.8155946398076603 vs. 1.8155946398076603
list:
dist: 0.378871706127597 vs. 0.378871706127597
list:
dist: 1.9199972520384652 vs. 1.9199972520384652
list:
dist: 1.743457249418854 vs. 1.743457249418854
list:
dist: 1.3096320036062807 vs. 1.3096320036062807
list:
dist: 3.012964172057374 vs. 3.012964172057374
list:
dist: 2.806428195370069 vs. 2.806428195370069
list:
dist: 1.9336484943162986 vs. 1.9336484943162986
list:
dist: 2.4204355899201886 vs. 2.4204355899201886
list:
dist: 2.7160217308634804 vs. 2.7160217308634804
list:
dist: 1.5974519200628665 vs. 1.5974519200628665
list:
dist: 2.1966007338534115 vs. 2.1966007338534115
list:
dist: 2.548612489532351 vs. 2.548612489532351
list:
dist: 1.8764233919919875 vs. 1.8764233919919875
list:
dist: 2.4997440194512146 vs. 2.4997440194512146
list:
dist: 1.2124843898720157 vs. 1.2124843898720157
list:
dist: 1.256067132357294 vs. 1.256067132357294
list:
dist: 2.398554627413771 vs. 2.398554627413771
list:
dist: 1.6401031706759355 vs. 1.6401031706759355
list:
dist: 2.1477017758049315 vs. 2.1477017758049315
list:
dist: 2.5766335930523367 vs. 2.5766335930523367
list:
dist: 2.806428195370069 vs. 2.806428195370069
list:
dist: 2.7730119316931945 vs. 2.7730119316931945
list:
dist: 3.9578045038600282 vs. 3.9578045038600282
list:
dist: 2.7112383375846787 vs. 2.7112383375846787
list:
dist: 0.34885308773008633 vs. 0.34885308773008633
list:
dist: 0.9576742726792176 vs. 0.9576742726792176
list:
dist: 2.0492678212815236 vs. 2.0492678212815236
list:
dist: 2.6132268161816596 vs. 2.6132268161816596
list:
dist: 1.7723097791740001 vs. 1.7723097791740001
list:
dist: 2.7104336973033187 vs. 2.7104336973033187
list:
dist: 3.4804100760450156 vs. 3.4804100760450156
list:
dist: 2.741701290749524 vs. 2.741701290749524
list:
dist: 3.2031237724623813 vs. 3.2031237724623813
list:
dist: 3.8015117902495863 vs. 3.8015117902495863
list:
dist: 1.8995690531846794 vs. 1.8995690531846794
list:
dist: 1.7126999222991581 vs. 1.7126999222991581
list:
dist: 1.6107408625234152 vs. 1.6107408625234152
list:
dist: 2.2985270830179587 vs. 2.2985270830179587
list:
dist: 1.5824734027471001 vs. 1.5824734027471001
list:
dist: 1.4127755599417315 vs. 1.4127755599417315
list:
dist: 2.00788071136874 vs. 2.00788071136874
list:
dist: 1.3335980652970554 vs. 1.3335980652970554
list:
dist: 0.9491977828592951 vs. 0.9491977828592951
list:
dist: 1.9138918230228061 vs. 1.9138918230228061
list:
dist: 0.378871706127597 vs. 0.378871706127597
list:
dist: 2.061772422039661 vs. 2.061772422039661
list:
dist: 1.9660175269912616 vs. 1.9660175269912616
list:
dist: 1.3392945179886282 vs. 1.3392945179886282
list:
dist: 2.7998450417814134 vs. 2.7998450417814134
list:
dist: 2.5766335930523367 vs. 2.5766335930523367
list:
dist: 1.6797660320864687 vs. 1.6797660320864687
list:
dist: 2.2729700309125636 vs. 2.2729700309125636
list:
dist: 2.692677057892929 vs. 2.692677057892929
list:
dist: 1.4971946732182362 vs. 1.4971946732182362
list:
dist: 2.2852728032212193 vs. 2.2852728032212193
list:
dist: 2.5819301600996165 vs. 2.5819301600996165
list:
dist: 2.9046588123171704 vs. 2.9046588123171704
list:
dist: 2.682246945035096 vs. 2.682246945035096
list:
dist: 4.432672756406871 vs. 4.432672756406871
list:
dist: 3.157544764962863 vs. 3.157544764962863
list:
dist: 2.5132896172109898 vs. 2.5132896172109898
list:
dist: 2.7322665340243955 vs. 2.7322665340243955
list:
dist: 2.5691077347600277 vs. 2.5691077347600277
list:
dist: 1.1763163830533832 vs. 1.1763163830533832
list:
dist: 1.6248365376142861 vs. 1.6248365376142861
list:
dist: 1.2782265740163445 vs. 1.2782265740163445
list:
dist: 1.8429686615926055 vs. 1.8429686615926055
list:
dist: 1.5186824237449692 vs. 1.5186824237449692
list:
dist: 1.9138918230228061 vs. 1.9138918230228061
list:
dist: 1.8155946398076603 vs. 1.8155946398076603
list:
dist: 1.41427595832044 vs. 1.41427595832044
list:
dist: 2.7158479088860625 vs. 2.7158479088860625
list:
dist: 1.9323574800060015 vs. 1.9323574800060015
list:
dist: 2.2049888012298546 vs. 2.2049888012298546
list:
dist: 2.1477017758049315 vs. 2.1477017758049315
list:
dist: 1.7973360914283383 vs. 1.7973360914283383
list:
dist: 2.36370001160951 vs. 2.36370001160951
list:
dist: 2.325569873497031 vs. 2.325569873497031
list:
dist: 1.459457759001531 vs. 1.459457759001531
list:
dist: 1.6657912896527125 vs. 1.6657912896527125
list:
dist: 2.889650051017039 vs. 2.889650051017039
list:
dist: 3.0726838539899006 vs. 3.0726838539899006
list:
dist: 2.994706019906875 vs. 2.994706019906875
list:
dist: 2.1425214441813214 vs. 2.1425214441813214
list:
dist: 2.3550024723347485 vs. 2.3550024723347485
list:
dist: 1.9619958055782112 vs. 1.9619958055782112
list:
dist: 2.489220356572698 vs. 2.489220356572698
list:
dist: 2.4765605665509383 vs. 2.4765605665509383
list:
dist: 1.4065876302498577 vs. 1.4065876302498577
list:
dist: 1.9323574800060015 vs. 1.9323574800060015
list:
dist: 1.3392945179886282 vs. 1.3392945179886282
list:
dist: 1.3096320036062807 vs. 1.3096320036062807
list:
dist: 1.129539048495517 vs. 1.129539048495517
list:
dist: 1.2869493953269815 vs. 1.2869493953269815
list:
dist: 1.6933924340638977 vs. 1.6933924340638977
list:
dist: 2.9866224192235933 vs. 2.9866224192235933
list:
dist: 2.7112383375846787 vs. 2.7112383375846787
list:
dist: 1.8511831260294265 vs. 1.8511831260294265
list:
dist: 1.4102595187583542 vs. 1.4102595187583542
list:
dist: 1.530189718643257 vs. 1.530189718643257
list:
dist: 0.970152224886663 vs. 0.970152224886663
list:
dist: 1.2059335536563993 vs. 1.2059335536563993
list:
dist: 1.2702927524117202 vs. 1.2702927524117202
list:
dist: 1.757370867882413 vs. 1.757370867882413
list:
dist: 3.0516703012454034 vs. 3.0516703012454034
list:
dist: 1.9806250631446725 vs. 1.9806250631446725
list:
dist: 2.50740390940108 vs. 2.50740390940108
list:
dist: 3.0907141463652446 vs. 3.0907141463652446
list:
dist: 1.7066845120321024 vs. 1.7066845120321024
list:
dist: 2.36370001160951 vs. 2.36370001160951
list:
dist: 2.2729700309125636 vs. 2.2729700309125636
list:
dist: 2.4204355899201886 vs. 2.4204355899201886
list:
dist: 1.7378574875224249 vs. 1.7378574875224249
list:
dist: 2.6004410258814294 vs. 2.6004410258814294
list:
dist: 1.4102595187583542 vs. 1.4102595187583542
list:
dist: 2.6648220619035627 vs. 2.6648220619035627
list:
dist: 2.362844201704901 vs. 2.362844201704901
list:
dist: 2.0492678212815236 vs. 2.0492678212815236
list:
dist: 1.5078683566979372 vs. 1.5078683566979372
list:
dist: 0.9224166881433776 vs. 0.9224166881433776
list:
dist: 0.9931035526756475 vs. 0.9931035526756475
list:
dist: 1.4719702965995882 vs. 1.4719702965995882
list:
dist: 1.553775467304693 vs. 1.553775467304693
list:
dist: 2.329930341197812 vs. 2.329930341197812
list:
dist: 1.827233477013803 vs. 1.827233477013803
list:
dist: 2.051524537935192 vs. 2.051524537935192
list:
dist: 0.5672313790936482 vs. 0.5672313790936482
list:
dist: 1.2233072058853949 vs. 1.2233072058853949
list:
dist: 1.8780315014964877 vs. 1.8780315014964877
list:
dist: 0.7517672922685926 vs. 0.7517672922685926
list:
dist: 1.7973360914283383 vs. 1.7973360914283383
list:
dist: 1.6797660320864687 vs. 1.6797660320864687
list:
dist: 1.9336484943162986 vs. 1.9336484943162986
list:
dist: 2.1825326704006907 vs. 2.1825326704006907
list:
dist: 3.0799685892713224 vs. 3.0799685892713224
list:
dist: 1.8511831260294265 vs. 1.8511831260294265
list:
dist: 1.2544257856537961 vs. 1.2544257856537961
list:
dist: 0.9576742726792176 vs. 0.9576742726792176
list:
dist: 1.5078683566979372 vs. 1.5078683566979372
list:
dist: 2.1687085126920094 vs. 2.1687085126920094
list:
dist: 1.0244180276678123 vs. 1.0244180276678123
list:
dist: 2.170683170746018 vs. 2.170683170746018
list:
dist: 2.7649661503197347 vs. 2.7649661503197347
list:
dist: 2.8013739031389147 vs. 2.8013739031389147
list:
dist: 3.0246106937083814 vs. 3.0246106937083814
list:
dist: 3.927672533984297 vs. 3.927672533984297
list:
dist: 2.687082484698803 vs. 2.687082484698803
list:
dist: 2.042220299278882 vs. 2.042220299278882
list:
dist: 2.4900602421961686 vs. 2.4900602421961686
list:
dist: 1.8718624742517829 vs. 1.8718624742517829
list:
dist: 1.5573372215515728 vs. 1.5573372215515728
list:
dist: 0.5798684541090174 vs. 0.5798684541090174
list:
dist: 1.294696429238799 vs. 1.294696429238799
list:
dist: 1.390560433063628 vs. 1.390560433063628
list:
dist: 1.5186824237449692 vs. 1.5186824237449692
list:
dist: 0.9491977828592951 vs. 0.9491977828592951
list:
dist: 1.1844369242967407 vs. 1.1844369242967407
list:
dist: 1.87810686512636 vs. 1.87810686512636
list:
dist: 2.496819063647585 vs. 2.496819063647585
list:
dist: 1.4065876302498577 vs. 1.4065876302498577
list:
dist: 1.8784643403300827 vs. 1.8784643403300827
list:
dist: 1.6401031706759355 vs. 1.6401031706759355
list:
dist: 0.7517672922685926 vs. 0.7517672922685926
list:
dist: 1.7066845120321024 vs. 1.7066845120321024
list:
dist: 2.2375015061946955 vs. 2.2375015061946955
list:
dist: 0.894326631167176 vs. 0.894326631167176
list:
dist: 1.9911133570903616 vs. 1.9911133570903616
list:
dist: 2.55471730952436 vs. 2.55471730952436
list:
dist: 3.55745862741218 vs. 3.55745862741218
list:
dist: 3.04949472478519 vs. 3.04949472478519
list:
dist: 3.546999864249496 vs. 3.546999864249496
list:
dist: 3.7384758962111166 vs. 3.7384758962111166
list:
dist: 2.55471730952436 vs. 2.55471730952436
list:
dist: 2.889650051017039 vs. 2.889650051017039
list:
dist: 2.5819301600996165 vs. 2.5819301600996165
list:
dist: 2.548612489532351 vs. 2.548612489532351
list:
dist: 1.6022507785212148 vs. 1.6022507785212148
list:
dist: 1.6219366404897735 vs. 1.6219366404897735
list:
dist: 1.2702927524117202 vs. 1.2702927524117202
list:
dist: 1.3435434449430586 vs. 1.3435434449430586
list:
dist: 3.7734743878806865 vs. 3.7734743878806865
list:
dist: 3.4804100760450156 vs. 3.4804100760450156
list:
dist: 2.7649661503197347 vs. 2.7649661503197347
list:
dist: 1.553775467304693 vs. 1.553775467304693
list:
dist: 1.234537786229337 vs. 1.234537786229337
list:
dist: 1.8458022745114815 vs. 1.8458022745114815
list:
dist: 1.4017109006461488 vs. 1.4017109006461488
list:
dist: 0.9774963761546727 vs. 0.9774963761546727
list:
dist: 1.5027432516018482 vs. 1.5027432516018482
list:
dist: 2.306141248196061 vs. 2.306141248196061
list:
dist: 2.2778877263256048 vs. 2.2778877263256048
list:
dist: 2.9466010590607055 vs. 2.9466010590607055
list:
dist: 3.2951128452629024 vs. 3.2951128452629024
list:
dist: 2.326606006615525 vs. 2.326606006615525
list:
dist: 2.4900602421961686 vs. 2.4900602421961686
list:
dist: 2.7322665340243955 vs. 2.7322665340243955
list:
dist: 1.6107408625234152 vs. 1.6107408625234152
list:
dist: 1.3064014749531416 vs. 1.3064014749531416
list:
dist: 2.6252097538052306 vs. 2.6252097538052306
list:
dist: 1.630183124104288 vs. 1.630183124104288
list:
dist: 2.1425214441813214 vs. 2.1425214441813214
list:
dist: 2.4322643756615063 vs. 2.4322643756615063
list:
dist: 3.015707265762091 vs. 3.015707265762091
list:
dist: 3.447879330737319 vs. 3.447879330737319
list:
dist: 1.630183124104288 vs. 1.630183124104288
list:
dist: 2.9428802579613107 vs. 2.9428802579613107
list:
dist: 3.070439550152969 vs. 3.070439550152969
list:
dist: 3.5198696932476423 vs. 3.5198696932476423
list:
dist: 3.1400293025151096 vs. 3.1400293025151096
list:
dist: 2.496819063647585 vs. 2.496819063647585
list:
dist: 2.7158479088860625 vs. 2.7158479088860625
list:
dist: 1.9660175269912616 vs. 1.9660175269912616
list:
dist: 1.743457249418854 vs. 1.743457249418854
list:
dist: 1.775787420050651 vs. 1.775787420050651
list:
dist: 1.2869493953269815 vs. 1.2869493953269815
list:
dist: 0.9251157661518872 vs. 0.9251157661518872
list:
dist: 4.212747363259426 vs. 4.212747363259426
list:
dist: 3.9578045038600282 vs. 3.9578045038600282
list:
dist: 3.0799685892713224 vs. 3.0799685892713224
list:
dist: 2.6004410258814294 vs. 2.6004410258814294
list:
dist: 2.463017112108038 vs. 2.463017112108038
list:
dist: 2.2255222639007988 vs. 2.2255222639007988
list:
dist: 1.9686207280845236 vs. 1.9686207280845236
list:
dist: 1.6219366404897735 vs. 1.6219366404897735
list:
dist: 1.5707020412576806 vs. 1.5707020412576806
list:
dist: 2.273793123887992 vs. 2.273793123887992
list:
dist: 3.1069767951798273 vs. 3.1069767951798273
list:
dist: 2.981590657477051 vs. 2.981590657477051
list:
dist: 1.3316492859526778 vs. 1.3316492859526778
list:
dist: 1.5027432516018482 vs. 1.5027432516018482
list:
dist: 2.948645620247034 vs. 2.948645620247034
list:
dist: 2.1885352446042963 vs. 2.1885352446042963
list:
dist: 2.909255550432662 vs. 2.909255550432662
list:
dist: 3.200407904240643 vs. 3.200407904240643
list:
dist: 1.8261740346546333 vs. 1.8261740346546333
list:
dist: 2.687082484698803 vs. 2.687082484698803
list:
dist: 3.157544764962863 vs. 3.157544764962863
list:
dist: 1.8995690531846794 vs. 1.8995690531846794
list:
dist: 1.802437693230933 vs. 1.802437693230933
list:
dist: 3.6120023146808373 vs. 3.6120023146808373
list:
dist: 3.015707265762091 vs. 3.015707265762091
list:
dist: 3.0726838539899006 vs. 3.0726838539899006
list:
dist: 2.0659343700518225 vs. 2.0659343700518225
list:
dist: 1.2682533984293858 vs. 1.2682533984293858
list:
dist: 1.7213704545669422 vs. 1.7213704545669422
list:
dist: 2.189695608758588 vs. 2.189695608758588
list:
dist: 0.894326631167176 vs. 0.894326631167176
list:
dist: 1.459457759001531 vs. 1.459457759001531
list:
dist: 1.4971946732182362 vs. 1.4971946732182362
list:
dist: 1.5974519200628665 vs. 1.5974519200628665
list:
dist: 1.2172882543755927 vs. 1.2172882543755927
list:
dist: 2.2255222639007988 vs. 2.2255222639007988
list:
dist: 0.970152224886663 vs. 0.970152224886663
list:
dist: 2.6319541238481308 vs. 2.6319541238481308
list:
dist: 2.0404491147785917 vs. 2.0404491147785917
list:
dist: 1.7723097791740001 vs. 1.7723097791740001
list:
dist: 1.0244180276678123 vs. 1.0244180276678123
list:
dist: 0.9931035526756475 vs. 0.9931035526756475
list:
dist: 1.3483678188965418 vs. 1.3483678188965418
list:
dist: 1.192205175186969 vs. 1.192205175186969
list:
dist: 1.8458022745114815 vs. 1.8458022745114815
list:
dist: 2.3791250225158374 vs. 2.3791250225158374
list:
dist: 3.6120023146808373 vs. 3.6120023146808373
list:
dist: 3.3865391445050874 vs. 3.3865391445050874
list:
dist: 2.6252097538052306 vs. 2.6252097538052306
list:
dist: 2.2988100527467763 vs. 2.2988100527467763
list:
dist: 2.2869779709856424 vs. 2.2869779709856424
list:
dist: 2.415471630378442 vs. 2.415471630378442
list:
dist: 2.7772871722115346 vs. 2.7772871722115346
list:
dist: 1.87810686512636 vs. 1.87810686512636
list:
dist: 1.41427595832044 vs. 1.41427595832044
list:
dist: 2.061772422039661 vs. 2.061772422039661
list:
dist: 1.9199972520384652 vs. 1.9199972520384652
list:
dist: 1.775787420050651 vs. 1.775787420050651
list:
dist: 1.129539048495517 vs. 1.129539048495517
list:
dist: 2.277504528609366 vs. 2.277504528609366
list:
dist: 2.9645120351818854 vs. 2.9645120351818854
list:
dist: 2.7730119316931945 vs. 2.7730119316931945
list:
dist: 2.1825326704006907 vs. 2.1825326704006907
list:
dist: 1.7378574875224249 vs. 1.7378574875224249
list:
dist: 1.3132835595926582 vs. 1.3132835595926582
list:
dist: 1.2172882543755927 vs. 1.2172882543755927
list:
dist: 0.4180150642184623 vs. 0.4180150642184623
list:
dist: 1.6022507785212148 vs. 1.6022507785212148
list:
dist: 1.5750075270992083 vs. 1.5750075270992083
list:
dist: 2.314719408801696 vs. 2.314719408801696
list:
dist: 2.1152256097719855 vs. 2.1152256097719855
list:
dist: 3.627322305860774 vs. 3.627322305860774
list:
dist: 3.200407904240643 vs. 3.200407904240643
list:
dist: 2.1299662736175 vs. 2.1299662736175
list:
dist: 3.2951128452629024 vs. 3.2951128452629024
list:
dist: 1.4271411089076838 vs. 1.4271411089076838
list:
dist: 1.3131831758727612 vs. 1.3131831758727612
list:
dist: 0.901202819244611 vs. 0.901202819244611
list:
dist: 1.4150245431215485 vs. 1.4150245431215485
list:
dist: 1.294696429238799 vs. 1.294696429238799
list:
dist: 1.2782265740163445 vs. 1.2782265740163445
list:
dist: 2.00788071136874 vs. 2.00788071136874
list:
dist: 2.1264182938041114 vs. 2.1264182938041114
list:
dist: 2.415471630378442 vs. 2.415471630378442
list:
dist: 3.5198696932476423 vs. 3.5198696932476423
list:
dist: 2.489220356572698 vs. 2.489220356572698
list:
dist: 1.2314637160370208 vs. 1.2314637160370208
list:
dist: 1.256067132357294 vs. 1.256067132357294
list:
dist: 1.2233072058853949 vs. 1.2233072058853949
list:
dist: 2.50740390940108 vs. 2.50740390940108
list:
dist: 2.869626671744781 vs. 2.869626671744781
list:
dist: 1.7213704545669422 vs. 1.7213704545669422
list:
dist: 2.545261750894986 vs. 2.545261750894986
list:
dist: 3.546999864249496 vs. 3.546999864249496
list:
dist: 2.4322643756615063 vs. 2.4322643756615063
list:
dist: 2.277504528609366 vs. 2.277504528609366
list:
dist: 0.9251157661518872 vs. 0.9251157661518872
list:
dist: 1.6933924340638977 vs. 1.6933924340638977
list:
dist: 2.6648220619035627 vs. 2.6648220619035627
list:
dist: 2.508416039740382 vs. 2.508416039740382
list:
dist: 2.6319541238481308 vs. 2.6319541238481308
list:
dist: 2.312844315701526 vs. 2.312844315701526
list:
dist: 1.3435434449430586 vs. 1.3435434449430586
list:
dist: 1.4202299178094593 vs. 1.4202299178094593
list:
dist: 3.2497913692721663 vs. 3.2497913692721663
list:
dist: 2.5597521416704803 vs. 2.5597521416704803
list:
dist: 2.869626671744781 vs. 2.869626671744781
list:
dist: 3.5155426920748214 vs. 3.5155426920748214
list:
dist: 2.2375015061946955 vs. 2.2375015061946955
list:
dist: 2.325569873497031 vs. 2.325569873497031
list:
dist: 2.692677057892929 vs. 2.692677057892929
list:
dist: 2.7160217308634804 vs. 2.7160217308634804
list:
dist: 1.3132835595926582 vs. 1.3132835595926582
list:
dist: 2.463017112108038 vs. 2.463017112108038
list:
dist: 1.530189718643257 vs. 1.530189718643257
list:
dist: 2.508416039740382 vs. 2.508416039740382
list:
dist: 2.8662036967887183 vs. 2.8662036967887183
list:
dist: 2.6132268161816596 vs. 2.6132268161816596
list:
dist: 2.1687085126920094 vs. 2.1687085126920094
list:
dist: 0.9224166881433776 vs. 0.9224166881433776
list:
dist: 1.3483678188965418 vs. 1.3483678188965418
list:
dist: 0.9132153911604419 vs. 0.9132153911604419
list:
dist: 1.234537786229337 vs. 1.234537786229337
list:
dist: 1.7023730990426542 vs. 1.7023730990426542
list:
dist: 1.854179384895474 vs. 1.854179384895474
list:
dist: 2.5336967793086944 vs. 2.5336967793086944
list:
dist: 1.4063123801324415 vs. 1.4063123801324415
list:
dist: 1.2314637160370208 vs. 1.2314637160370208
list:
dist: 2.468564995957532 vs. 2.468564995957532
list:
dist: 1.8784643403300827 vs. 1.8784643403300827
list:
dist: 2.2049888012298546 vs. 2.2049888012298546
list:
dist: 2.7998450417814134 vs. 2.7998450417814134
list:
dist: 3.012964172057374 vs. 3.012964172057374
list:
dist: 2.9645120351818854 vs. 2.9645120351818854
list:
dist: 4.212747363259426 vs. 4.212747363259426
list:
dist: 2.9866224192235933 vs. 2.9866224192235933
list:
dist: 0.34885308773008633 vs. 0.34885308773008633
list:
dist: 1.2544257856537961 vs. 1.2544257856537961
list:
dist: 2.362844201704901 vs. 2.362844201704901
list:
dist: 2.8662036967887183 vs. 2.8662036967887183
list:
dist: 2.0404491147785917 vs. 2.0404491147785917
list:
dist: 2.918610518775945 vs. 2.918610518775945
list:
dist: 3.7734743878806865 vs. 3.7734743878806865
list:
dist: 2.6123200084613214 vs. 2.6123200084613214
list:
dist: 2.3756130846634096 vs. 2.3756130846634096
list:
dist: 2.545261750894986 vs. 2.545261750894986
list:
dist: 3.0379077845557023 vs. 3.0379077845557023
list:
dist: 1.9911133570903616 vs. 1.9911133570903616
list:
dist: 1.6657912896527125 vs. 1.6657912896527125
list:
dist: 2.2852728032212193 vs. 2.2852728032212193
list:
dist: 2.1966007338534115 vs. 2.1966007338534115
list:
dist: 0.4180150642184623 vs. 0.4180150642184623
list:
dist: 1.9686207280845236 vs. 1.9686207280845236
list:
dist: 1.2059335536563993 vs. 1.2059335536563993
list:
dist: 2.312844315701526 vs. 2.312844315701526
list:
dist: 2.918610518775945 vs. 2.918610518775945
list:
dist: 2.7104336973033187 vs. 2.7104336973033187
list:
dist: 2.170683170746018 vs. 2.170683170746018
list:
dist: 1.4719702965995882 vs. 1.4719702965995882
list:
dist: 0.9132153911604419 vs. 0.9132153911604419
list:
dist: 1.192205175186969 vs. 1.192205175186969
list:
dist: 1.4017109006461488 vs. 1.4017109006461488
list:
dist: 1.4763079449828609 vs. 1.4763079449828609
list:
dist: 1.5750075270992083 vs. 1.5750075270992083
list:
dist: 1.5707020412576806 vs. 1.5707020412576806
list:
dist: 1.757370867882413 vs. 1.757370867882413
list:
dist: 1.4202299178094593 vs. 1.4202299178094593
list:
dist: 2.329930341197812 vs. 2.329930341197812
list:
dist: 1.7023730990426542 vs. 1.7023730990426542
list:
dist: 2.3791250225158374 vs. 2.3791250225158374
list:
dist: 1.4763079449828609 vs. 1.4763079449828609
list:
dist: 0.9774963761546727 vs. 0.9774963761546727
list:
dist: 2.862505935339923 vs. 2.862505935339923
list:
dist: 1.7318194225923882 vs. 1.7318194225923882
list:
dist: 1.9883047677950179 vs. 1.9883047677950179
list:
dist: 2.4659072255382806 vs. 2.4659072255382806
list:
dist: 2.948645620247034 vs. 2.948645620247034
list:
dist: 1.6912746071451044 vs. 1.6912746071451044
list:
dist: 1.9694466597003697 vs. 1.9694466597003697
list:
dist: 1.3954184464841823 vs. 1.3954184464841823
list:
dist: 1.4271411089076838 vs. 1.4271411089076838
list:
dist: 1.3623297903225624 vs. 1.3623297903225624
list:
dist: 1.8718624742517829 vs. 1.8718624742517829
list:
dist: 2.5691077347600277 vs. 2.5691077347600277
list:
dist: 2.2985270830179587 vs. 2.2985270830179587
list:
dist: 2.5383738585947486 vs. 2.5383738585947486
list:
dist: 1.854179384895474 vs. 1.854179384895474
list:
dist: 1.8764233919919875 vs. 1.8764233919919875
list:
dist: 1.827233477013803 vs. 1.827233477013803
list:
dist: 1.5794481372138243 vs. 1.5794481372138243
list:
dist: 2.8639904851693676 vs. 2.8639904851693676
list:
dist: 0.8092504306349739 vs. 0.8092504306349739
list:
dist: 1.6889245423458648 vs. 1.6889245423458648
list:
dist: 1.3133596368037797 vs. 1.3133596368037797
list:
dist: 0.60122098796372 vs. 0.60122098796372
list:
dist: 1.6028462370628613 vs. 1.6028462370628613
list:
dist: 1.994966249766081 vs. 1.994966249766081
list:
dist: 1.17809139248075 vs. 1.17809139248075
list:
dist: 2.0428211699134677 vs. 2.0428211699134677
list:
dist: 3.184129980739414 vs. 3.184129980739414
list:
dist: 3.1602276431760337 vs. 3.1602276431760337
list:
dist: 2.4265806004912758 vs. 2.4265806004912758
list:
dist: 3.284281677478118 vs. 3.284281677478118
list:
dist: 2.6461278690759693 vs. 2.6461278690759693
list:
dist: 2.2050635359088036 vs. 2.2050635359088036
list:
dist: 2.5134957010769803 vs. 2.5134957010769803
list:
dist: 1.7895363661710035 vs. 1.7895363661710035
list:
dist: 1.3227994876049798 vs. 1.3227994876049798
list:
dist: 2.812364015362998 vs. 2.812364015362998
list:
dist: 1.191139623548569 vs. 1.191139623548569
list:
dist: 2.3826729422004584 vs. 2.3826729422004584
list:
dist: 3.784148126465016 vs. 3.784148126465016
list:
dist: 3.868056191509007 vs. 3.868056191509007
list:
dist: 3.284281677478118 vs. 3.284281677478118
list:
dist: 3.094406932554445 vs. 3.094406932554445
list:
dist: 2.9341062472526094 vs. 2.9341062472526094
list:
dist: 1.581506765515445 vs. 1.581506765515445
list:
dist: 4.229036195997865 vs. 4.229036195997865
list:
dist: 2.2630817139690045 vs. 2.2630817139690045
list:
dist: 2.5603281156247815 vs. 2.5603281156247815
list:
dist: 2.0895655874990697 vs. 2.0895655874990697
list:
dist: 3.457197318753947 vs. 3.457197318753947
list:
dist: 0.816075900265289 vs. 0.816075900265289
list:
dist: 1.241408765815462 vs. 1.241408765815462
list:
dist: 1.1720741360225708 vs. 1.1720741360225708
list:
dist: 2.3977975679879946 vs. 2.3977975679879946
list:
dist: 1.6080669609091074 vs. 1.6080669609091074
list:
dist: 2.3602000102837275 vs. 2.3602000102837275
list:
dist: 2.041435641605405 vs. 2.041435641605405
list:
dist: 3.21470876096381 vs. 3.21470876096381
list:
dist: 2.1442521560811865 vs. 2.1442521560811865
list:
dist: 2.054530846749799 vs. 2.054530846749799
list:
dist: 0.9942324198230467 vs. 0.9942324198230467
list:
dist: 2.40214017292832 vs. 2.40214017292832
list:
dist: 3.2454055113413194 vs. 3.2454055113413194
list:
dist: 2.857683648348845 vs. 2.857683648348845
list:
dist: 2.0677961738110757 vs. 2.0677961738110757
list:
dist: 2.6951911341770125 vs. 2.6951911341770125
list:
dist: 2.100116106821318 vs. 2.100116106821318
list:
dist: 2.4860274694401117 vs. 2.4860274694401117
list:
dist: 2.3608230899928864 vs. 2.3608230899928864
list:
dist: 2.1668320523477904 vs. 2.1668320523477904
list:
dist: 1.581506765515445 vs. 1.581506765515445
list:
dist: 1.8896358369382125 vs. 1.8896358369382125
list:
dist: 1.9797519489753725 vs. 1.9797519489753725
list:
dist: 2.3710105233336805 vs. 2.3710105233336805
list:
dist: 4.049510160988304 vs. 4.049510160988304
list:
dist: 2.2805984154507657 vs. 2.2805984154507657
list:
dist: 1.7895363661710035 vs. 1.7895363661710035
list:
dist: 2.665956213958582 vs. 2.665956213958582
list:
dist: 1.199271069856472 vs. 1.199271069856472
list:
dist: 1.1935692019926787 vs. 1.1935692019926787
list:
dist: 1.5702634026700901 vs. 1.5702634026700901
list:
dist: 2.149001145443299 vs. 2.149001145443299
list:
dist: 1.9394597704727372 vs. 1.9394597704727372
list:
dist: 1.842835706541326 vs. 1.842835706541326
list:
dist: 3.968939102898664 vs. 3.968939102898664
list:
dist: 1.8970642246187597 vs. 1.8970642246187597
list:
dist: 1.2792758656329626 vs. 1.2792758656329626
list:
dist: 2.3602000102837275 vs. 2.3602000102837275
list:
dist: 1.6015673225594513 vs. 1.6015673225594513
list:
dist: 0.5595412016166764 vs. 0.5595412016166764
list:
dist: 1.0450997173626182 vs. 1.0450997173626182
list:
dist: 0.8934681944639822 vs. 0.8934681944639822
list:
dist: 1.2745117669349404 vs. 1.2745117669349404
list:
dist: 1.2669586737440375 vs. 1.2669586737440375
list:
dist: 2.1588689936924954 vs. 2.1588689936924954
list:
dist: 3.775797094544498 vs. 3.775797094544498
list:
dist: 2.5771659576813613 vs. 2.5771659576813613
list:
dist: 1.5585874055354092 vs. 1.5585874055354092
list:
dist: 2.9134156671221945 vs. 2.9134156671221945
list:
dist: 2.244952937609463 vs. 2.244952937609463
list:
dist: 2.0428211699134677 vs. 2.0428211699134677
list:
dist: 2.5658949044609574 vs. 2.5658949044609574
list:
dist: 1.8462062925154443 vs. 1.8462062925154443
list:
dist: 2.100116106821318 vs. 2.100116106821318
list:
dist: 3.9669306490110174 vs. 3.9669306490110174
list:
dist: 0.44277943932214886 vs. 0.44277943932214886
list:
dist: 1.1116456024809858 vs. 1.1116456024809858
list:
dist: 2.3496788131146618 vs. 2.3496788131146618
list:
dist: 2.29591848396507 vs. 2.29591848396507
list:
dist: 1.264342678987838 vs. 1.264342678987838
list:
dist: 2.0895655874990697 vs. 2.0895655874990697
list:
dist: 1.1754512493870681 vs. 1.1754512493870681
list:
dist: 2.3220335289276828 vs. 2.3220335289276828
list:
dist: 1.533675882105593 vs. 1.533675882105593
list:
dist: 1.842835706541326 vs. 1.842835706541326
list:
dist: 1.3718917943697697 vs. 1.3718917943697697
list:
dist: 2.9983766254331274 vs. 2.9983766254331274
list:
dist: 1.0785017170055682 vs. 1.0785017170055682
list:
dist: 3.1002657553122046 vs. 3.1002657553122046
list:
dist: 2.79230453751675 vs. 2.79230453751675
list:
dist: 2.6854032462887214 vs. 2.6854032462887214
list:
dist: 1.6599177086221553 vs. 1.6599177086221553
list:
dist: 3.0126395059901725 vs. 3.0126395059901725
list:
dist: 0.8092504306349739 vs. 0.8092504306349739
list:
dist: 1.031825340054074 vs. 1.031825340054074
list:
dist: 1.9519607064662168 vs. 1.9519607064662168
list:
dist: 1.2043901347108303 vs. 1.2043901347108303
list:
dist: 1.9019725062387125 vs. 1.9019725062387125
list:
dist: 2.1656087913335904 vs. 2.1656087913335904
list:
dist: 1.4991613770896748 vs. 1.4991613770896748
list:
dist: 2.244952937609463 vs. 2.244952937609463
list:
dist: 3.2146257301477448 vs. 3.2146257301477448
list:
dist: 3.787009261232012 vs. 3.787009261232012
list:
dist: 2.9088758053573374 vs. 2.9088758053573374
list:
dist: 3.868056191509007 vs. 3.868056191509007
list:
dist: 3.0749449722112026 vs. 3.0749449722112026
list:
dist: 2.755268458378526 vs. 2.755268458378526
list:
dist: 2.9598032651505526 vs. 2.9598032651505526
list:
dist: 2.2805984154507657 vs. 2.2805984154507657
list:
dist: 1.9426313606034329 vs. 1.9426313606034329
list:
dist: 3.195403331896315 vs. 3.195403331896315
list:
dist: 1.7257027143556254 vs. 1.7257027143556254
list:
dist: 2.3983775135288203 vs. 2.3983775135288203
list:
dist: 1.9797519489753725 vs. 1.9797519489753725
list:
dist: 4.627855729096994 vs. 4.627855729096994
list:
dist: 3.331194411387942 vs. 3.331194411387942
list:
dist: 4.027105795098356 vs. 4.027105795098356
list:
dist: 3.1002657553122046 vs. 3.1002657553122046
list:
dist: 4.329907426648349 vs. 4.329907426648349
list:
dist: 2.4392809008310126 vs. 2.4392809008310126
list:
dist: 2.578894155224942 vs. 2.578894155224942
list:
dist: 2.054530846749799 vs. 2.054530846749799
list:
dist: 2.292124468417177 vs. 2.292124468417177
list:
dist: 3.8393821106681725 vs. 3.8393821106681725
list:
dist: 2.737311290050973 vs. 2.737311290050973
list:
dist: 3.775797094544498 vs. 3.775797094544498
list:
dist: 3.697388101363221 vs. 3.697388101363221
list:
dist: 4.335680743124327 vs. 4.335680743124327
list:
dist: 3.7245693913810136 vs. 3.7245693913810136
list:
dist: 1.9327780432328743 vs. 1.9327780432328743
list:
dist: 3.13063622485338 vs. 3.13063622485338
list:
dist: 1.3567009856326484 vs. 1.3567009856326484
list:
dist: 3.2146257301477448 vs. 3.2146257301477448
list:
dist: 3.184129980739414 vs. 3.184129980739414
list:
dist: 4.208094720504217 vs. 4.208094720504217
list:
dist: 3.421131979929731 vs. 3.421131979929731
list:
dist: 2.4860274694401117 vs. 2.4860274694401117
list:
dist: 2.049270632166296 vs. 2.049270632166296
list:
dist: 1.92584684496548 vs. 1.92584684496548
list:
dist: 2.1562490941146177 vs. 2.1562490941146177
list:
dist: 2.3496788131146618 vs. 2.3496788131146618
list:
dist: 4.029895090956225 vs. 4.029895090956225
list:
dist: 3.3498850386616197 vs. 3.3498850386616197
list:
dist: 3.457197318753947 vs. 3.457197318753947
list:
dist: 3.211123519353323 vs. 3.211123519353323
list:
dist: 4.426164183829134 vs. 4.426164183829134
list:
dist: 3.762718274687225 vs. 3.762718274687225
list:
dist: 3.968939102898664 vs. 3.968939102898664
list:
dist: 3.181700408867776 vs. 3.181700408867776
list:
dist: 5.223813357492792 vs. 5.223813357492792
list:
dist: 2.752418170079405 vs. 2.752418170079405
list:
dist: 4.329907426648349 vs. 4.329907426648349
list:
dist: 4.4224838398984625 vs. 4.4224838398984625
list:
dist: 4.962497292311308 vs. 4.962497292311308
list:
dist: 2.3568435534090724 vs. 2.3568435534090724
list:
dist: 1.031825340054074 vs. 1.031825340054074
list:
dist: 1.6889245423458648 vs. 1.6889245423458648
list:
dist: 2.403155547681764 vs. 2.403155547681764
list:
dist: 1.8591942374154604 vs. 1.8591942374154604
list:
dist: 1.9377121951990877 vs. 1.9377121951990877
list:
dist: 3.10300319097639 vs. 3.10300319097639
list:
dist: 3.4144801118046586 vs. 3.4144801118046586
list:
dist: 2.665956213958582 vs. 2.665956213958582
list:
dist: 2.6461301516397078 vs. 2.6461301516397078
list:
dist: 3.2372851983884043 vs. 3.2372851983884043
list:
dist: 2.5187802965767934 vs. 2.5187802965767934
list:
dist: 1.970133737337829 vs. 1.970133737337829
list:
dist: 3.708655098718716 vs. 3.708655098718716
list:
dist: 2.9088758053573374 vs. 2.9088758053573374
list:
dist: 2.4265806004912758 vs. 2.4265806004912758
list:
dist: 2.258529986754432 vs. 2.258529986754432
list:
dist: 1.9801740328297788 vs. 1.9801740328297788
list:
dist: 2.1668320523477904 vs. 2.1668320523477904
list:
dist: 4.65211630510844 vs. 4.65211630510844
list:
dist: 1.6064872494050102 vs. 1.6064872494050102
list:
dist: 1.8659978970244195 vs. 1.8659978970244195
list:
dist: 1.264342678987838 vs. 1.264342678987838
list:
dist: 3.3498850386616197 vs. 3.3498850386616197
list:
dist: 1.105150759694012 vs. 1.105150759694012
list:
dist: 1.241408765815462 vs. 1.241408765815462
list:
dist: 0.35903851229351924 vs. 0.35903851229351924
list:
dist: 1.4959892941075221 vs. 1.4959892941075221
list:
dist: 0.49512150465968774 vs. 0.49512150465968774
list:
dist: 1.2792758656329626 vs. 1.2792758656329626
list:
dist: 1.155470854828438 vs. 1.155470854828438
list:
dist: 2.2564529644892963 vs. 2.2564529644892963
list:
dist: 1.3042797528109096 vs. 1.3042797528109096
list:
dist: 2.578894155224942 vs. 2.578894155224942
list:
dist: 1.6619135897731652 vs. 1.6619135897731652
list:
dist: 1.658159902852301 vs. 1.658159902852301
list:
dist: 2.3983775135288203 vs. 2.3983775135288203
list:
dist: 2.3826729422004584 vs. 2.3826729422004584
list:
dist: 1.970133737337829 vs. 1.970133737337829
list:
dist: 1.8597451042975215 vs. 1.8597451042975215
list:
dist: 2.0924355418960103 vs. 2.0924355418960103
list:
dist: 0.9915212016251101 vs. 0.9915212016251101
list:
dist: 2.2567344567000003 vs. 2.2567344567000003
list:
dist: 3.104422887376948 vs. 3.104422887376948
list:
dist: 2.1588689936924954 vs. 2.1588689936924954
list:
dist: 2.704405824287658 vs. 2.704405824287658
list:
dist: 1.8907601058415069 vs. 1.8907601058415069
list:
dist: 2.907039472372273 vs. 2.907039472372273
list:
dist: 3.074995839562597 vs. 3.074995839562597
list:
dist: 2.135219232241395 vs. 2.135219232241395
list:
dist: 3.2479378327506403 vs. 3.2479378327506403
list:
dist: 1.2043901347108303 vs. 1.2043901347108303
list:
dist: 0.60122098796372 vs. 0.60122098796372
list:
dist: 1.8591942374154604 vs. 1.8591942374154604
list:
dist: 0.9149838832006162 vs. 0.9149838832006162
list:
dist: 1.2871565435802779 vs. 1.2871565435802779
list:
dist: 1.926703505024163 vs. 1.926703505024163
list:
dist: 1.2730450802847586 vs. 1.2730450802847586
list:
dist: 1.8462062925154443 vs. 1.8462062925154443
list:
dist: 3.421131979929731 vs. 3.421131979929731
list:
dist: 2.70585114722948 vs. 2.70585114722948
list:
dist: 1.9801740328297788 vs. 1.9801740328297788
list:
dist: 2.9341062472526094 vs. 2.9341062472526094
list:
dist: 2.2391569459924403 vs. 2.2391569459924403
list:
dist: 1.6143910219939734 vs. 1.6143910219939734
list:
dist: 1.9941918235542855 vs. 1.9941918235542855
list:
dist: 1.1935692019926787 vs. 1.1935692019926787
list:
dist: 0.8937723652836612 vs. 0.8937723652836612
list:
dist: 2.2317935014692054 vs. 2.2317935014692054
list:
dist: 0.938953931276278 vs. 0.938953931276278
list:
dist: 2.0924355418960103 vs. 2.0924355418960103
list:
dist: 2.6455884420720346 vs. 2.6455884420720346
list:
dist: 1.9019725062387125 vs. 1.9019725062387125
list:
dist: 1.6028462370628613 vs. 1.6028462370628613
list:
dist: 1.9377121951990877 vs. 1.9377121951990877
list:
dist: 0.8951119956903035 vs. 0.8951119956903035
list:
dist: 1.2871565435802779 vs. 1.2871565435802779
list:
dist: 1.6906463567195829 vs. 1.6906463567195829
list:
dist: 2.610695773865725 vs. 2.610695773865725
list:
dist: 1.5702634026700901 vs. 1.5702634026700901
list:
dist: 1.9220565299764198 vs. 1.9220565299764198
list:
dist: 1.7697847812099372 vs. 1.7697847812099372
list:
dist: 2.152174530237309 vs. 2.152174530237309
list:
dist: 0.9915212016251101 vs. 0.9915212016251101
list:
dist: 4.243584032312943 vs. 4.243584032312943
list:
dist: 3.787009261232012 vs. 3.787009261232012
list:
dist: 3.1602276431760337 vs. 3.1602276431760337
list:
dist: 2.662527061737693 vs. 2.662527061737693
list:
dist: 2.70585114722948 vs. 2.70585114722948
list:
dist: 2.3608230899928864 vs. 2.3608230899928864
list:
dist: 4.99400039469678 vs. 4.99400039469678
list:
dist: 2.5599817268469836 vs. 2.5599817268469836
list:
dist: 2.707262409530545 vs. 2.707262409530545
list:
dist: 2.29591848396507 vs. 2.29591848396507
list:
dist: 4.029895090956225 vs. 4.029895090956225
list:
dist: 1.105150759694012 vs. 1.105150759694012
list:
dist: 0.816075900265289 vs. 0.816075900265289
list:
dist: 1.2302249534933791 vs. 1.2302249534933791
list:
dist: 1.7761935108612468 vs. 1.7761935108612468
list:
dist: 1.2476542904016235 vs. 1.2476542904016235
list:
dist: 1.8970642246187597 vs. 1.8970642246187597
list:
dist: 1.8527995986192694 vs. 1.8527995986192694
list:
dist: 2.533956606840155 vs. 2.533956606840155
list:
dist: 2.1184542334258847 vs. 2.1184542334258847
list:
dist: 2.4392809008310126 vs. 2.4392809008310126
list:
dist: 0.7682615824436597 vs. 0.7682615824436597
list:
dist: 1.7488080110122954 vs. 1.7488080110122954
list:
dist: 5.30882702279016 vs. 5.30882702279016
list:
dist: 3.195403331896315 vs. 3.195403331896315
list:
dist: 2.812364015362998 vs. 2.812364015362998
list:
dist: 3.2372851983884043 vs. 3.2372851983884043
list:
dist: 1.8352760110106534 vs. 1.8352760110106534
list:
dist: 2.2317935014692054 vs. 2.2317935014692054
list:
dist: 1.7697847812099372 vs. 1.7697847812099372
list:
dist: 3.3549560426098255 vs. 3.3549560426098255
list:
dist: 3.190263595523965 vs. 3.190263595523965
list:
dist: 2.9983766254331274 vs. 2.9983766254331274
list:
dist: 5.223813357492792 vs. 5.223813357492792
list:
dist: 2.533956606840155 vs. 2.533956606840155
list:
dist: 2.2564529644892963 vs. 2.2564529644892963
list:
dist: 3.21470876096381 vs. 3.21470876096381
list:
dist: 2.5477293105033594 vs. 2.5477293105033594
list:
dist: 0.9723970007773963 vs. 0.9723970007773963
list:
dist: 1.8292640458983547 vs. 1.8292640458983547
list:
dist: 1.2745117669349404 vs. 1.2745117669349404
list:
dist: 2.1535584935772483 vs. 2.1535584935772483
list:
dist: 2.538009381383216 vs. 2.538009381383216
list:
dist: 1.8907601058415069 vs. 1.8907601058415069
list:
dist: 4.335680743124327 vs. 4.335680743124327
list:
dist: 3.0443510408753824 vs. 3.0443510408753824
list:
dist: 1.2994100286725163 vs. 1.2994100286725163
list:
dist: 1.0831095964581974 vs. 1.0831095964581974
list:
dist: 4.452930252115704 vs. 4.452930252115704
list:
dist: 2.755268458378526 vs. 2.755268458378526
list:
dist: 2.2050635359088036 vs. 2.2050635359088036
list:
dist: 3.10300319097639 vs. 3.10300319097639
list:
dist: 1.2890405121369486 vs. 1.2890405121369486
list:
dist: 1.6143910219939734 vs. 1.6143910219939734
list:
dist: 1.6906463567195829 vs. 1.6906463567195829
list:
dist: 2.6353009994835856 vs. 2.6353009994835856
list:
dist: 2.42105138062979 vs. 2.42105138062979
list:
dist: 2.3220335289276828 vs. 2.3220335289276828
list:
dist: 4.426164183829134 vs. 4.426164183829134
list:
dist: 1.7761935108612468 vs. 1.7761935108612468
list:
dist: 1.4959892941075221 vs. 1.4959892941075221
list:
dist: 2.3977975679879946 vs. 2.3977975679879946
list:
dist: 1.838543144215059 vs. 1.838543144215059
list:
dist: 1.2038243680592962 vs. 1.2038243680592962
list:
dist: 0.5595412016166764 vs. 0.5595412016166764
list:
dist: 1.2871132279779727 vs. 1.2871132279779727
list:
dist: 0.9723970007773963 vs. 0.9723970007773963
list:
dist: 1.7200009535114145 vs. 1.7200009535114145
list:
dist: 2.2567344567000003 vs. 2.2567344567000003
list:
dist: 3.8393821106681725 vs. 3.8393821106681725
list:
dist: 2.4277248478914815 vs. 2.4277248478914815
list:
dist: 1.3200681539745935 vs. 1.3200681539745935
list:
dist: 2.1894372985198864 vs. 2.1894372985198864
list:
dist: 1.4991613770896748 vs. 1.4991613770896748
list:
dist: 1.17809139248075 vs. 1.17809139248075
list:
dist: 2.0817184646873303 vs. 2.0817184646873303
list:
dist: 1.2730450802847586 vs. 1.2730450802847586
list:
dist: 2.6951911341770125 vs. 2.6951911341770125
list:
dist: 3.9864507422152107 vs. 3.9864507422152107
list:
dist: 0.9059677752712559 vs. 0.9059677752712559
list:
dist: 1.1116456024809858 vs. 1.1116456024809858
list:
dist: 2.1562490941146177 vs. 2.1562490941146177
list:
dist: 2.707262409530545 vs. 2.707262409530545
list:
dist: 1.8659978970244195 vs. 1.8659978970244195
list:
dist: 2.5603281156247815 vs. 2.5603281156247815
list:
dist: 1.9485121018550828 vs. 1.9485121018550828
list:
dist: 2.42105138062979 vs. 2.42105138062979
list:
dist: 2.1410562358459764 vs. 2.1410562358459764
list:
dist: 1.9394597704727372 vs. 1.9394597704727372
list:
dist: 1.1653225846049748 vs. 1.1653225846049748
list:
dist: 3.190263595523965 vs. 3.190263595523965
list:
dist: 0.7166985981387974 vs. 0.7166985981387974
list:
dist: 4.027105795098356 vs. 4.027105795098356
list:
dist: 3.3562092685343057 vs. 3.3562092685343057
list:
dist: 3.2515497995372638 vs. 3.2515497995372638
list:
dist: 4.117435762839335 vs. 4.117435762839335
list:
dist: 2.9598032651505526 vs. 2.9598032651505526
list:
dist: 2.5134957010769803 vs. 2.5134957010769803
list:
dist: 3.4144801118046586 vs. 3.4144801118046586
list:
dist: 2.1740986182596944 vs. 2.1740986182596944
list:
dist: 1.9941918235542855 vs. 1.9941918235542855
list:
dist: 2.610695773865725 vs. 2.610695773865725
list:
dist: 1.9271043963087364 vs. 1.9271043963087364
list:
dist: 2.1410562358459764 vs. 2.1410562358459764
list:
dist: 1.533675882105593 vs. 1.533675882105593
list:
dist: 3.762718274687225 vs. 3.762718274687225
list:
dist: 1.2476542904016235 vs. 1.2476542904016235
list:
dist: 0.49512150465968774 vs. 0.49512150465968774
list:
dist: 1.6080669609091074 vs. 1.6080669609091074
list:
dist: 0.7243742080006299 vs. 0.7243742080006299
list:
dist: 1.2038243680592962 vs. 1.2038243680592962
list:
dist: 1.0450997173626182 vs. 1.0450997173626182
list:
dist: 1.2876118110710881 vs. 1.2876118110710881
list:
dist: 1.8292640458983547 vs. 1.8292640458983547
list:
dist: 1.5233721616153741 vs. 1.5233721616153741
list:
dist: 3.104422887376948 vs. 3.104422887376948
list:
dist: 2.737311290050973 vs. 2.737311290050973
list:
dist: 1.7676011129059552 vs. 1.7676011129059552
list:
dist: 1.2034082182450794 vs. 1.2034082182450794
list:
dist: 2.697494427439308 vs. 2.697494427439308
list:
dist: 2.857683648348845 vs. 2.857683648348845
list:
dist: 3.625128367755546 vs. 3.625128367755546
list:
dist: 3.9864507422152107 vs. 3.9864507422152107
list:
dist: 3.9669306490110174 vs. 3.9669306490110174
list:
dist: 2.049270632166296 vs. 2.049270632166296
list:
dist: 4.99400039469678 vs. 4.99400039469678
list:
dist: 4.65211630510844 vs. 4.65211630510844
list:
dist: 4.229036195997865 vs. 4.229036195997865
list:
dist: 4.440090307186227 vs. 4.440090307186227
list:
dist: 4.627855729096994 vs. 4.627855729096994
list:
dist: 5.134128931187543 vs. 5.134128931187543
list:
dist: 1.0831095964581974 vs. 1.0831095964581974
list:
dist: 2.73991832777732 vs. 2.73991832777732
list:
dist: 3.0126395059901725 vs. 3.0126395059901725
list:
dist: 2.8639904851693676 vs. 2.8639904851693676
list:
dist: 3.901015434831529 vs. 3.901015434831529
list:
dist: 3.2479378327506403 vs. 3.2479378327506403
list:
dist: 3.2454055113413194 vs. 3.2454055113413194
list:
dist: 2.697494427439308 vs. 2.697494427439308
list:
dist: 2.4912962380667336 vs. 2.4912962380667336
list:
dist: 2.1894372985198864 vs. 2.1894372985198864
list:
dist: 2.9134156671221945 vs. 2.9134156671221945
list:
dist: 1.3567009856326484 vs. 1.3567009856326484
list:
dist: 4.243584032312943 vs. 4.243584032312943
list:
dist: 3.708655098718716 vs. 3.708655098718716
list:
dist: 3.784148126465016 vs. 3.784148126465016
list:
dist: 3.691622575485393 vs. 3.691622575485393
list:
dist: 4.452930252115704 vs. 4.452930252115704
list:
dist: 4.117435762839335 vs. 4.117435762839335
list:
dist: 4.049510160988304 vs. 4.049510160988304
list:
dist: 3.1766719408045563 vs. 3.1766719408045563
list:
dist: 5.30882702279016 vs. 5.30882702279016
list:
dist: 2.792747346239968 vs. 2.792747346239968
list:
dist: 2.73991832777732 vs. 2.73991832777732
list:
dist: 1.6599177086221553 vs. 1.6599177086221553
list:
dist: 1.5794481372138243 vs. 1.5794481372138243
list:
dist: 2.3568435534090724 vs. 2.3568435534090724
list:
dist: 2.457649709309006 vs. 2.457649709309006
list:
dist: 2.135219232241395 vs. 2.135219232241395
list:
dist: 2.6455884420720346 vs. 2.6455884420720346
list:
dist: 2.457649709309006 vs. 2.457649709309006
list:
dist: 3.901015434831529 vs. 3.901015434831529
list:
dist: 1.9519607064662168 vs. 1.9519607064662168
list:
dist: 1.3133596368037797 vs. 1.3133596368037797
list:
dist: 2.403155547681764 vs. 2.403155547681764
list:
dist: 0.9149838832006162 vs. 0.9149838832006162
list:
dist: 0.8951119956903035 vs. 0.8951119956903035
list:
dist: 2.7056776627437067 vs. 2.7056776627437067
list:
dist: 2.0817184646873303 vs. 2.0817184646873303
list:
dist: 2.5658949044609574 vs. 2.5658949044609574
list:
dist: 4.208094720504217 vs. 4.208094720504217
list:
dist: 2.662527061737693 vs. 2.662527061737693
list:
dist: 2.258529986754432 vs. 2.258529986754432
list:
dist: 3.094406932554445 vs. 3.094406932554445
list:
dist: 2.5916357697232395 vs. 2.5916357697232395
list:
dist: 1.2890405121369486 vs. 1.2890405121369486
list:
dist: 2.1740986182596944 vs. 2.1740986182596944
list:
dist: 1.199271069856472 vs. 1.199271069856472
list:
dist: 1.2855791254458442 vs. 1.2855791254458442
list:
dist: 1.8352760110106534 vs. 1.8352760110106534
list:
dist: 1.5870587149237119 vs. 1.5870587149237119
list:
dist: 1.8597451042975215 vs. 1.8597451042975215
list:
dist: 3.691622575485393 vs. 3.691622575485393
list:
dist: 3.0749449722112026 vs. 3.0749449722112026
list:
dist: 2.6461278690759693 vs. 2.6461278690759693
list:
dist: 2.5916357697232395 vs. 2.5916357697232395
list:
dist: 2.2391569459924403 vs. 2.2391569459924403
list:
dist: 1.8896358369382125 vs. 1.8896358369382125
list:
dist: 4.440090307186227 vs. 4.440090307186227
list:
dist: 1.5196718401696518 vs. 1.5196718401696518
list:
dist: 1.9485121018550828 vs. 1.9485121018550828
list:
dist: 1.1754512493870681 vs. 1.1754512493870681
list:
dist: 3.211123519353323 vs. 3.211123519353323
list:
dist: 1.2302249534933791 vs. 1.2302249534933791
list:
dist: 0.35903851229351924 vs. 0.35903851229351924
list:
dist: 1.1720741360225708 vs. 1.1720741360225708
list:
dist: 1.838543144215059 vs. 1.838543144215059
list:
dist: 0.7243742080006299 vs. 0.7243742080006299
list:
dist: 1.6015673225594513 vs. 1.6015673225594513
list:
dist: 1.430681843976167 vs. 1.430681843976167
list:
dist: 2.5477293105033594 vs. 2.5477293105033594
list:
dist: 1.4885537338768011 vs. 1.4885537338768011
list:
dist: 2.292124468417177 vs. 2.292124468417177
list:
dist: 1.6495415575990626 vs. 1.6495415575990626
list:
dist: 1.835731516726604 vs. 1.835731516726604
list:
dist: 3.1766719408045563 vs. 3.1766719408045563
list:
dist: 1.9426313606034329 vs. 1.9426313606034329
list:
dist: 1.3227994876049798 vs. 1.3227994876049798
list:
dist: 2.6461301516397078 vs. 2.6461301516397078
list:
dist: 1.2855791254458442 vs. 1.2855791254458442
list:
dist: 0.8937723652836612 vs. 0.8937723652836612
list:
dist: 1.9220565299764198 vs. 1.9220565299764198
list:
dist: 1.5344654807947482 vs. 1.5344654807947482
list:
dist: 1.1653225846049748 vs. 1.1653225846049748
list:
dist: 1.3718917943697697 vs. 1.3718917943697697
list:
dist: 3.181700408867776 vs. 3.181700408867776
list:
dist: 1.8527995986192694 vs. 1.8527995986192694
list:
dist: 1.155470854828438 vs. 1.155470854828438
list:
dist: 2.041435641605405 vs. 2.041435641605405
list:
dist: 1.430681843976167 vs. 1.430681843976167
list:
dist: 1.2871132279779727 vs. 1.2871132279779727
list:
dist: 1.2876118110710881 vs. 1.2876118110710881
list:
dist: 0.8934681944639822 vs. 0.8934681944639822
list:
dist: 2.1535584935772483 vs. 2.1535584935772483
list:
dist: 0.45761373614070916 vs. 0.45761373614070916
list:
dist: 2.704405824287658 vs. 2.704405824287658
list:
dist: 3.697388101363221 vs. 3.697388101363221
list:
dist: 2.5866522865967667 vs. 2.5866522865967667
list:
dist: 2.2443766386549235 vs. 2.2443766386549235
list:
dist: 2.792747346239968 vs. 2.792747346239968
list:
dist: 1.7257027143556254 vs. 1.7257027143556254
list:
dist: 1.191139623548569 vs. 1.191139623548569
list:
dist: 2.5187802965767934 vs. 2.5187802965767934
list:
dist: 1.5870587149237119 vs. 1.5870587149237119
list:
dist: 0.938953931276278 vs. 0.938953931276278
list:
dist: 2.152174530237309 vs. 2.152174530237309
list:
dist: 1.1466483762432471 vs. 1.1466483762432471
list:
dist: 0.7166985981387974 vs. 0.7166985981387974
list:
dist: 1.0785017170055682 vs. 1.0785017170055682
list:
dist: 2.752418170079405 vs. 2.752418170079405
list:
dist: 2.1184542334258847 vs. 2.1184542334258847
list:
dist: 1.3042797528109096 vs. 1.3042797528109096
list:
dist: 2.1442521560811865 vs. 2.1442521560811865
list:
dist: 1.4885537338768011 vs. 1.4885537338768011
list:
dist: 1.7200009535114145 vs. 1.7200009535114145
list:
dist: 1.5233721616153741 vs. 1.5233721616153741
list:
dist: 1.2669586737440375 vs. 1.2669586737440375
list:
dist: 0.45761373614070916 vs. 0.45761373614070916
list:
dist: 2.538009381383216 vs. 2.538009381383216
list:
dist: 2.907039472372273 vs. 2.907039472372273
list:
dist: 3.7245693913810136 vs. 3.7245693913810136
list:
dist: 2.8147293072287316 vs. 2.8147293072287316
list:
dist: 2.585928211268919 vs. 2.585928211268919
list:
dist: 2.3710105233336805 vs. 2.3710105233336805
list:
dist: 5.134128931187543 vs. 5.134128931187543
list:
dist: 3.0638846536474595 vs. 3.0638846536474595
list:
dist: 3.3562092685343057 vs. 3.3562092685343057
list:
dist: 2.79230453751675 vs. 2.79230453751675
list:
dist: 4.4224838398984625 vs. 4.4224838398984625
list:
dist: 0.7682615824436597 vs. 0.7682615824436597
list:
dist: 1.6619135897731652 vs. 1.6619135897731652
list:
dist: 0.9942324198230467 vs. 0.9942324198230467
list:
dist: 1.6495415575990626 vs. 1.6495415575990626
list:
dist: 2.4277248478914815 vs. 2.4277248478914815
list:
dist: 1.7676011129059552 vs. 1.7676011129059552
list:
dist: 2.5771659576813613 vs. 2.5771659576813613
list:
dist: 2.5866522865967667 vs. 2.5866522865967667
list:
dist: 3.0443510408753824 vs. 3.0443510408753824
list:
dist: 2.8147293072287316 vs. 2.8147293072287316
list:
dist: 1.9327780432328743 vs. 1.9327780432328743
list:
dist: 2.0149728838242624 vs. 2.0149728838242624
list:
dist: 2.4912962380667336 vs. 2.4912962380667336
list:
dist: 2.1656087913335904 vs. 2.1656087913335904
list:
dist: 1.994966249766081 vs. 1.994966249766081
list:
dist: 2.7056776627437067 vs. 2.7056776627437067
list:
dist: 1.926703505024163 vs. 1.926703505024163
list:
dist: 2.0677961738110757 vs. 2.0677961738110757
list:
dist: 3.625128367755546 vs. 3.625128367755546
list:
dist: 0.9059677752712559 vs. 0.9059677752712559
list:
dist: 0.44277943932214886 vs. 0.44277943932214886
list:
dist: 1.92584684496548 vs. 1.92584684496548
list:
dist: 2.5599817268469836 vs. 2.5599817268469836
list:
dist: 1.6064872494050102 vs. 1.6064872494050102
list:
dist: 2.2630817139690045 vs. 2.2630817139690045
list:
dist: 1.5196718401696518 vs. 1.5196718401696518
list:
dist: 2.6353009994835856 vs. 2.6353009994835856
list:
dist: 1.9271043963087364 vs. 1.9271043963087364
list:
dist: 2.149001145443299 vs. 2.149001145443299
list:
dist: 1.5344654807947482 vs. 1.5344654807947482
list:
dist: 3.3549560426098255 vs. 3.3549560426098255
list:
dist: 1.1466483762432471 vs. 1.1466483762432471
list:
dist: 3.331194411387942 vs. 3.331194411387942
list:
dist: 3.0638846536474595 vs. 3.0638846536474595
list:
dist: 3.0997772239283434 vs. 3.0997772239283434
list:
dist: 3.0997772239283434 vs. 3.0997772239283434
list:
dist: 3.2515497995372638 vs. 3.2515497995372638
list:
dist: 2.6854032462887214 vs. 2.6854032462887214
list:
dist: 4.962497292311308 vs. 4.962497292311308
list:
dist: 1.7488080110122954 vs. 1.7488080110122954
list:
dist: 1.658159902852301 vs. 1.658159902852301
list:
dist: 2.40214017292832 vs. 2.40214017292832
list:
dist: 1.835731516726604 vs. 1.835731516726604
list:
dist: 1.3200681539745935 vs. 1.3200681539745935
list:
dist: 1.2034082182450794 vs. 1.2034082182450794
list:
dist: 1.5585874055354092 vs. 1.5585874055354092
list:
dist: 2.2443766386549235 vs. 2.2443766386549235
list:
dist: 1.2994100286725163 vs. 1.2994100286725163
list:
dist: 2.585928211268919 vs. 2.585928211268919
list:
dist: 3.074995839562597 vs. 3.074995839562597
list:
dist: 3.13063622485338 vs. 3.13063622485338
list:
dist: 2.0149728838242624 vs. 2.0149728838242624
700
rk
<OccurredElementalReaction>
	 elmtlRkId: 4
	 p(id,type,coords) 128 5 13.956684198292308 -6.589013538384888 9.643329593074277
</OccurredElementalReaction>
rk
<OccurredElementalReaction>
	 elmtlRkId: 1
	 p(id,type,coords) 58 2 4.65752515742101 7.956398253535462 7.5893613794838535
</OccurredElementalReaction>
800
Neighbor List consistency Check...
--------
nle(id0,id1,dist): 5 6 2.9056371304421766
list:
dist: 2.9056371304421766 vs. 2.9056371304421766
--------
nle(id0,id1,dist): 5 7 2.8113624747001724
list:
dist: 2.8113624747001724 vs. 2.8113624747001724
--------
nle(id0,id1,dist): 5 21 1.6346094688462613
list:
dist: 1.6346094688462613 vs. 1.6346094688462613
--------
nle(id0,id1,dist): 5 23 2.078942443634846
list:
dist: 2.078942443634846 vs. 2.078942443634846
--------
nle(id0,id1,dist): 5 22 3.5117400776048115
list:
dist: 3.5117400776048115 vs. 3.5117400776048115
--------
nle(id0,id1,dist): 5 17 1.8859928041302905
list:
dist: 1.8859928041302905 vs. 1.8859928041302905
--------
nle(id0,id1,dist): 5 16 1.1488843441016596
list:
dist: 1.1488843441016596 vs. 1.1488843441016596
--------
nle(id0,id1,dist): 5 13 3.842920094683716
list:
dist: 3.842920094683716 vs. 3.842920094683716
--------
nle(id0,id1,dist): 5 12 2.3443910657857323
list:
dist: 2.3443910657857323 vs. 2.3443910657857323
--------
nle(id0,id1,dist): 5 15 2.2151098132146156
list:
dist: 2.2151098132146156 vs. 2.2151098132146156
--------
nle(id0,id1,dist): 5 9 1.3310079220344497
list:
dist: 1.3310079220344497 vs. 1.3310079220344497
--------
nle(id0,id1,dist): 5 11 2.5984312778811915
list:
dist: 2.5984312778811915 vs. 2.5984312778811915
--------
nle(id0,id1,dist): 5 10 2.593704862953763
list:
dist: 2.593704862953763 vs. 2.593704862953763
--------
nle(id0,id1,dist): 4 11 2.518658195932339
list:
dist: 2.518658195932339 vs. 2.518658195932339
--------
nle(id0,id1,dist): 4 12 1.3753637762752615
list:
dist: 1.3753637762752615 vs. 1.3753637762752615
--------
nle(id0,id1,dist): 4 9 1.35838607208161
list:
dist: 1.35838607208161 vs. 1.35838607208161
--------
nle(id0,id1,dist): 4 10 2.4142735277449865
list:
dist: 2.4142735277449865 vs. 2.4142735277449865
--------
nle(id0,id1,dist): 4 7 1.7081398323727846
list:
dist: 1.7081398323727846 vs. 1.7081398323727846
--------
nle(id0,id1,dist): 4 5 1.7267189090941681
list:
dist: 1.7267189090941681 vs. 1.7267189090941681
--------
nle(id0,id1,dist): 4 6 1.5106065023553146
list:
dist: 1.5106065023553146 vs. 1.5106065023553146
--------
nle(id0,id1,dist): 4 28 3.6409232435935737
list:
dist: 3.6409232435935737 vs. 3.6409232435935737
--------
nle(id0,id1,dist): 4 25 3.3207365321585365
list:
dist: 3.3207365321585365 vs. 3.3207365321585365
--------
nle(id0,id1,dist): 4 23 3.144304598127929
list:
dist: 3.144304598127929 vs. 3.144304598127929
--------
nle(id0,id1,dist): 4 17 3.12412743446751
list:
dist: 3.12412743446751 vs. 3.12412743446751
--------
nle(id0,id1,dist): 4 16 2.3954874534052135
list:
dist: 2.3954874534052135 vs. 2.3954874534052135
--------
nle(id0,id1,dist): 4 15 2.905840301637042
list:
dist: 2.905840301637042 vs. 2.905840301637042
--------
nle(id0,id1,dist): 4 13 2.93028766203308
list:
dist: 2.93028766203308 vs. 2.93028766203308
--------
nle(id0,id1,dist): 7 9 1.9175153215650547
list:
dist: 1.9175153215650547 vs. 1.9175153215650547
--------
nle(id0,id1,dist): 7 11 1.590386167066261
list:
dist: 1.590386167066261 vs. 1.590386167066261
--------
nle(id0,id1,dist): 7 10 1.4957500222404911
list:
dist: 1.4957500222404911 vs. 1.4957500222404911
--------
nle(id0,id1,dist): 7 13 1.3241447815915013
list:
dist: 1.3241447815915013 vs. 1.3241447815915013
--------
nle(id0,id1,dist): 7 12 0.5118807179506176
list:
dist: 0.5118807179506176 vs. 0.5118807179506176
--------
nle(id0,id1,dist): 5 24 2.829921361566602
list:
dist: 2.829921361566602 vs. 2.829921361566602
--------
nle(id0,id1,dist): 5 25 2.3143629593902006
list:
dist: 2.3143629593902006 vs. 2.3143629593902006
--------
nle(id0,id1,dist): 5 28 2.510198097738982
list:
dist: 2.510198097738982 vs. 2.510198097738982
--------
nle(id0,id1,dist): 6 12 1.7606244211864908
list:
dist: 1.7606244211864908 vs. 1.7606244211864908
--------
nle(id0,id1,dist): 6 17 3.737097508554817
list:
dist: 3.737097508554817 vs. 3.737097508554817
--------
nle(id0,id1,dist): 6 16 3.3769854275353337
list:
dist: 3.3769854275353337 vs. 3.3769854275353337
--------
nle(id0,id1,dist): 6 9 2.6383191421598564
list:
dist: 2.6383191421598564 vs. 2.6383191421598564
--------
nle(id0,id1,dist): 6 7 1.656000821958746
list:
dist: 1.656000821958746 vs. 1.656000821958746
--------
nle(id0,id1,dist): 7 17 3.334391023397802
list:
dist: 3.334391023397802 vs. 3.334391023397802
--------
nle(id0,id1,dist): 7 16 2.7821964956489302
list:
dist: 2.7821964956489302 vs. 2.7821964956489302
--------
nle(id0,id1,dist): 7 15 2.5935319400308487
list:
dist: 2.5935319400308487 vs. 2.5935319400308487
--------
nle(id0,id1,dist): 7 28 3.5913436650361223
list:
dist: 3.5913436650361223 vs. 3.5913436650361223
--------
nle(id0,id1,dist): 7 25 3.1386838958067913
list:
dist: 3.1386838958067913 vs. 3.1386838958067913
--------
nle(id0,id1,dist): 7 23 3.0785851551899666
list:
dist: 3.0785851551899666 vs. 3.0785851551899666
--------
nle(id0,id1,dist): 10 12 1.2764493715540595
list:
dist: 1.2764493715540595 vs. 1.2764493715540595
--------
nle(id0,id1,dist): 10 11 1.1161617882758577
list:
dist: 1.1161617882758577 vs. 1.1161617882758577
--------
nle(id0,id1,dist): 10 13 1.5963435762625677
list:
dist: 1.5963435762625677 vs. 1.5963435762625677
--------
nle(id0,id1,dist): 10 15 1.290953012628568
list:
dist: 1.290953012628568 vs. 1.290953012628568
--------
nle(id0,id1,dist): 10 16 2.005357941325865
list:
dist: 2.005357941325865 vs. 2.005357941325865
--------
nle(id0,id1,dist): 10 17 2.6270896894287827
list:
dist: 2.6270896894287827 vs. 2.6270896894287827
--------
nle(id0,id1,dist): 10 18 2.512826170784872
list:
dist: 2.512826170784872 vs. 2.512826170784872
--------
nle(id0,id1,dist): 10 19 2.7239492131958225
list:
dist: 2.7239492131958225 vs. 2.7239492131958225
--------
nle(id0,id1,dist): 10 20 3.3347800168586588
list:
dist: 3.3347800168586588 vs. 3.3347800168586588
--------
nle(id0,id1,dist): 10 23 2.0814377216028066
list:
dist: 2.0814377216028066 vs. 2.0814377216028066
--------
nle(id0,id1,dist): 10 25 2.0076714509254603
list:
dist: 2.0076714509254603 vs. 2.0076714509254603
--------
nle(id0,id1,dist): 10 26 1.8141496108628983
list:
dist: 1.8141496108628983 vs. 1.8141496108628983
--------
nle(id0,id1,dist): 10 28 2.290621562115945
list:
dist: 2.290621562115945 vs. 2.290621562115945
--------
nle(id0,id1,dist): 10 29 3.8210751266743563
list:
dist: 3.8210751266743563 vs. 3.8210751266743563
--------
nle(id0,id1,dist): 9 11 2.1133158793488533
list:
dist: 2.1133158793488533 vs. 2.1133158793488533
--------
nle(id0,id1,dist): 9 10 1.616821013560237
list:
dist: 1.616821013560237 vs. 1.616821013560237
--------
nle(id0,id1,dist): 9 15 1.7869812080097294
list:
dist: 1.7869812080097294 vs. 1.7869812080097294
--------
nle(id0,id1,dist): 9 13 2.7330556864600974
list:
dist: 2.7330556864600974 vs. 2.7330556864600974
--------
nle(id0,id1,dist): 9 12 1.4063664958621889
list:
dist: 1.4063664958621889 vs. 1.4063664958621889
--------
nle(id0,id1,dist): 9 17 2.494285330256115
list:
dist: 2.494285330256115 vs. 2.494285330256115
--------
nle(id0,id1,dist): 9 16 1.4654763551511572
list:
dist: 1.4654763551511572 vs. 1.4654763551511572
--------
nle(id0,id1,dist): 9 22 3.9343380185448886
list:
dist: 3.9343380185448886 vs. 3.9343380185448886
--------
nle(id0,id1,dist): 9 23 2.2652318790231196
list:
dist: 2.2652318790231196 vs. 2.2652318790231196
--------
nle(id0,id1,dist): 9 21 2.3358281354937276
list:
dist: 2.3358281354937276 vs. 2.3358281354937276
--------
nle(id0,id1,dist): 9 24 3.27345287341576
list:
dist: 3.27345287341576 vs. 3.27345287341576
--------
nle(id0,id1,dist): 9 25 2.354827084909398
list:
dist: 2.354827084909398 vs. 2.354827084909398
--------
nle(id0,id1,dist): 9 28 2.4371038612917664
list:
dist: 2.4371038612917664 vs. 2.4371038612917664
--------
nle(id0,id1,dist): 12 17 2.99993248593829
list:
dist: 2.99993248593829 vs. 2.99993248593829
--------
nle(id0,id1,dist): 12 16 2.3415567196507565
list:
dist: 2.3415567196507565 vs. 2.3415567196507565
--------
nle(id0,id1,dist): 12 15 2.2469743301961067
list:
dist: 2.2469743301961067 vs. 2.2469743301961067
--------
nle(id0,id1,dist): 12 13 1.6127969158053357
list:
dist: 1.6127969158053357 vs. 1.6127969158053357
--------
nle(id0,id1,dist): 11 28 2.5172544121623375
list:
dist: 2.5172544121623375 vs. 2.5172544121623375
--------
nle(id0,id1,dist): 11 29 4.072953210672796
list:
dist: 4.072953210672796 vs. 4.072953210672796
--------
nle(id0,id1,dist): 11 26 2.150270186724974
list:
dist: 2.150270186724974 vs. 2.150270186724974
--------
nle(id0,id1,dist): 11 23 1.8002259823862725
list:
dist: 1.8002259823862725 vs. 1.8002259823862725
--------
nle(id0,id1,dist): 11 25 1.8293441115674602
list:
dist: 1.8293441115674602 vs. 1.8293441115674602
--------
nle(id0,id1,dist): 11 19 3.1791428579021255
list:
dist: 3.1791428579021255 vs. 3.1791428579021255
--------
nle(id0,id1,dist): 11 18 2.9416984790221457
list:
dist: 2.9416984790221457 vs. 2.9416984790221457
--------
nle(id0,id1,dist): 11 20 3.2691585244676196
list:
dist: 3.2691585244676196 vs. 3.2691585244676196
--------
nle(id0,id1,dist): 11 15 1.5702076260233144
list:
dist: 1.5702076260233144 vs. 1.5702076260233144
--------
nle(id0,id1,dist): 11 17 2.148192075159666
list:
dist: 2.148192075159666 vs. 2.148192075159666
--------
nle(id0,id1,dist): 11 16 2.005230756219142
list:
dist: 2.005230756219142 vs. 2.005230756219142
--------
nle(id0,id1,dist): 11 13 2.0324405310377807
list:
dist: 2.0324405310377807 vs. 2.0324405310377807
--------
nle(id0,id1,dist): 11 12 1.512877748854031
list:
dist: 1.512877748854031 vs. 1.512877748854031
--------
nle(id0,id1,dist): 13 26 2.810107078988568
list:
dist: 2.810107078988568 vs. 2.810107078988568
--------
nle(id0,id1,dist): 13 25 3.5306126779959843
list:
dist: 3.5306126779959843 vs. 3.5306126779959843
--------
nle(id0,id1,dist): 13 28 3.862544016962187
list:
dist: 3.862544016962187 vs. 3.862544016962187
--------
nle(id0,id1,dist): 13 29 4.524705615934394
list:
dist: 4.524705615934394 vs. 4.524705615934394
--------
nle(id0,id1,dist): 13 18 2.3199269684539447
list:
dist: 2.3199269684539447 vs. 2.3199269684539447
--------
nle(id0,id1,dist): 13 19 2.75203843050327
list:
dist: 2.75203843050327 vs. 2.75203843050327
--------
nle(id0,id1,dist): 13 16 3.5166591662023245
list:
dist: 3.5166591662023245 vs. 3.5166591662023245
--------
nle(id0,id1,dist): 13 17 4.060206339055886
list:
dist: 4.060206339055886 vs. 4.060206339055886
--------
nle(id0,id1,dist): 13 23 3.592081698111479
list:
dist: 3.592081698111479 vs. 3.592081698111479
--------
nle(id0,id1,dist): 13 20 4.058290748064102
list:
dist: 4.058290748064102 vs. 4.058290748064102
--------
nle(id0,id1,dist): 13 15 2.872968147041614
list:
dist: 2.872968147041614 vs. 2.872968147041614
--------
nle(id0,id1,dist): 12 23 2.745333622801074
list:
dist: 2.745333622801074 vs. 2.745333622801074
--------
nle(id0,id1,dist): 12 25 2.81629958454432
list:
dist: 2.81629958454432 vs. 2.81629958454432
--------
nle(id0,id1,dist): 12 28 3.209153480848294
list:
dist: 3.209153480848294 vs. 3.209153480848294
--------
nle(id0,id1,dist): 15 28 1.0235582226452227
list:
dist: 1.0235582226452227 vs. 1.0235582226452227
--------
nle(id0,id1,dist): 15 29 3.4527731748269126
list:
dist: 3.4527731748269126 vs. 3.4527731748269126
--------
nle(id0,id1,dist): 15 26 1.586679447376257
list:
dist: 1.586679447376257 vs. 1.586679447376257
--------
nle(id0,id1,dist): 15 27 3.5515723603869436
list:
dist: 3.5515723603869436 vs. 3.5515723603869436
--------
nle(id0,id1,dist): 15 24 2.0072177454413898
list:
dist: 2.0072177454413898 vs. 2.0072177454413898
--------
nle(id0,id1,dist): 15 25 0.8548190876522328
list:
dist: 0.8548190876522328 vs. 0.8548190876522328
--------
nle(id0,id1,dist): 15 22 2.486414251755291
list:
dist: 2.486414251755291 vs. 2.486414251755291
--------
nle(id0,id1,dist): 15 23 1.0149569744618854
list:
dist: 1.0149569744618854 vs. 1.0149569744618854
--------
nle(id0,id1,dist): 15 21 1.869805299946121
list:
dist: 1.869805299946121 vs. 1.869805299946121
--------
nle(id0,id1,dist): 15 20 2.9872616739705915
list:
dist: 2.9872616739705915 vs. 2.9872616739705915
--------
nle(id0,id1,dist): 15 19 3.1354992258901473
list:
dist: 3.1354992258901473 vs. 3.1354992258901473
--------
nle(id0,id1,dist): 15 18 3.116705389567594
list:
dist: 3.116705389567594 vs. 3.116705389567594
--------
nle(id0,id1,dist): 15 17 1.7180202771374429
list:
dist: 1.7180202771374429 vs. 1.7180202771374429
--------
nle(id0,id1,dist): 15 16 1.183386640524459
list:
dist: 1.183386640524459 vs. 1.183386640524459
--------
nle(id0,id1,dist): 14 27 1.820904107936638
list:
dist: 1.820904107936638 vs. 1.820904107936638
--------
nle(id0,id1,dist): 14 28 1.4978674127096552
list:
dist: 1.4978674127096552 vs. 1.4978674127096552
--------
nle(id0,id1,dist): 14 29 2.3897598139047376
list:
dist: 2.3897598139047376 vs. 2.3897598139047376
--------
nle(id0,id1,dist): 14 15 2.2250922129116932
list:
dist: 2.2250922129116932 vs. 2.2250922129116932
--------
nle(id0,id1,dist): 14 24 1.794979121433306
list:
dist: 1.794979121433306 vs. 1.794979121433306
--------
nle(id0,id1,dist): 14 23 2.2931731778740456
list:
dist: 2.2931731778740456 vs. 2.2931731778740456
--------
nle(id0,id1,dist): 14 26 2.0587010936545793
list:
dist: 2.0587010936545793 vs. 2.0587010936545793
--------
nle(id0,id1,dist): 14 25 2.0050886138311035
list:
dist: 2.0050886138311035 vs. 2.0050886138311035
--------
nle(id0,id1,dist): 14 20 2.3871841990668785
list:
dist: 2.3871841990668785 vs. 2.3871841990668785
--------
nle(id0,id1,dist): 14 22 2.03595423915832
list:
dist: 2.03595423915832 vs. 2.03595423915832
--------
nle(id0,id1,dist): 17 22 1.7424292687154044
list:
dist: 1.7424292687154044 vs. 1.7424292687154044
--------
nle(id0,id1,dist): 17 23 0.7713678746723936
list:
dist: 0.7713678746723936 vs. 0.7713678746723936
--------
nle(id0,id1,dist): 17 21 1.2648577746116978
list:
dist: 1.2648577746116978 vs. 1.2648577746116978
--------
nle(id0,id1,dist): 17 24 1.4520720401412326
list:
dist: 1.4520720401412326 vs. 1.4520720401412326
--------
nle(id0,id1,dist): 17 25 1.0876241121062955
list:
dist: 1.0876241121062955 vs. 1.0876241121062955
--------
nle(id0,id1,dist): 16 17 1.1319376880874512
list:
dist: 1.1319376880874512 vs. 1.1319376880874512
--------
nle(id0,id1,dist): 16 21 1.0321508542051145
list:
dist: 1.0321508542051145 vs. 1.0321508542051145
--------
nle(id0,id1,dist): 16 22 2.5408397104997738
list:
dist: 2.5408397104997738 vs. 2.5408397104997738
--------
nle(id0,id1,dist): 16 23 0.9977408333991086
list:
dist: 0.9977408333991086 vs. 0.9977408333991086
--------
nle(id0,id1,dist): 16 24 1.8737989840134202
list:
dist: 1.8737989840134202 vs. 1.8737989840134202
--------
nle(id0,id1,dist): 16 25 1.1858874250131137
list:
dist: 1.1858874250131137 vs. 1.1858874250131137
--------
nle(id0,id1,dist): 16 28 1.424632640022551
list:
dist: 1.424632640022551 vs. 1.424632640022551
--------
nle(id0,id1,dist): 1 3 3.758680615292849
list:
dist: 3.758680615292849 vs. 3.758680615292849
--------
nle(id0,id1,dist): 1 4 2.1166167361273804
list:
dist: 2.1166167361273804 vs. 2.1166167361273804
--------
nle(id0,id1,dist): 1 6 0.8183409807899789
list:
dist: 0.8183409807899789 vs. 0.8183409807899789
--------
nle(id0,id1,dist): 1 7 1.5644322291809363
list:
dist: 1.5644322291809363 vs. 1.5644322291809363
--------
nle(id0,id1,dist): 1 8 2.802913442176985
list:
dist: 2.802913442176985 vs. 2.802913442176985
--------
nle(id0,id1,dist): 1 10 3.0192897710292734
list:
dist: 3.0192897710292734 vs. 3.0192897710292734
--------
nle(id0,id1,dist): 1 11 2.7231513283995903
list:
dist: 2.7231513283995903 vs. 2.7231513283995903
--------
nle(id0,id1,dist): 1 13 2.518234883201429
list:
dist: 2.518234883201429 vs. 2.518234883201429
--------
nle(id0,id1,dist): 1 12 1.8867748890044866
list:
dist: 1.8867748890044866 vs. 1.8867748890044866
--------
nle(id0,id1,dist): 3 18 1.6272434119803525
list:
dist: 1.6272434119803525 vs. 1.6272434119803525
--------
nle(id0,id1,dist): 3 19 2.1034318692915153
list:
dist: 2.1034318692915153 vs. 2.1034318692915153
--------
nle(id0,id1,dist): 3 8 2.318428432602412
list:
dist: 2.318428432602412 vs. 2.318428432602412
--------
nle(id0,id1,dist): 3 7 2.733170346337346
list:
dist: 2.733170346337346 vs. 2.733170346337346
--------
nle(id0,id1,dist): 3 4 4.326433126328506
list:
dist: 4.326433126328506 vs. 4.326433126328506
--------
nle(id0,id1,dist): 3 13 1.413225104376227
list:
dist: 1.413225104376227 vs. 1.413225104376227
--------
nle(id0,id1,dist): 3 12 3.005685692172841
list:
dist: 3.005685692172841 vs. 3.005685692172841
--------
nle(id0,id1,dist): 3 11 3.0748351729521
list:
dist: 3.0748351729521 vs. 3.0748351729521
--------
nle(id0,id1,dist): 3 10 2.6109560843089397
list:
dist: 2.6109560843089397 vs. 2.6109560843089397
--------
nle(id0,id1,dist): 37 48 1.0173114464048494
list:
dist: 1.0173114464048494 vs. 1.0173114464048494
--------
nle(id0,id1,dist): 37 49 1.5650164447137902
list:
dist: 1.5650164447137902 vs. 1.5650164447137902
--------
nle(id0,id1,dist): 37 50 1.7134691513258364
list:
dist: 1.7134691513258364 vs. 1.7134691513258364
--------
nle(id0,id1,dist): 37 51 2.530924185318204
list:
dist: 2.530924185318204 vs. 2.530924185318204
--------
nle(id0,id1,dist): 37 52 1.7277793377924393
list:
dist: 1.7277793377924393 vs. 1.7277793377924393
--------
nle(id0,id1,dist): 37 53 2.8111113117303077
list:
dist: 2.8111113117303077 vs. 2.8111113117303077
--------
nle(id0,id1,dist): 37 54 0.8940974181282015
list:
dist: 0.8940974181282015 vs. 0.8940974181282015
--------
nle(id0,id1,dist): 37 55 2.6135213716785297
list:
dist: 2.6135213716785297 vs. 2.6135213716785297
--------
nle(id0,id1,dist): 37 42 1.5122980452632437
list:
dist: 1.5122980452632437 vs. 1.5122980452632437
--------
nle(id0,id1,dist): 37 43 2.0893365737427367
list:
dist: 2.0893365737427367 vs. 2.0893365737427367
--------
nle(id0,id1,dist): 37 44 1.1091824379482997
list:
dist: 1.1091824379482997 vs. 1.1091824379482997
--------
nle(id0,id1,dist): 37 47 2.089631513589778
list:
dist: 2.089631513589778 vs. 2.089631513589778
--------
nle(id0,id1,dist): 37 38 2.220549677117156
list:
dist: 2.220549677117156 vs. 2.220549677117156
--------
nle(id0,id1,dist): 36 55 1.8933733012639706
list:
dist: 1.8933733012639706 vs. 1.8933733012639706
--------
nle(id0,id1,dist): 36 56 1.8867445204211537
list:
dist: 1.8867445204211537 vs. 1.8867445204211537
--------
nle(id0,id1,dist): 36 53 2.447838645332532
list:
dist: 2.447838645332532 vs. 2.447838645332532
--------
nle(id0,id1,dist): 36 54 0.6948541382243962
list:
dist: 0.6948541382243962 vs. 0.6948541382243962
--------
nle(id0,id1,dist): 36 57 2.4357844077263158
list:
dist: 2.4357844077263158 vs. 2.4357844077263158
--------
nle(id0,id1,dist): 36 58 2.1351523144549214
list:
dist: 2.1351523144549214 vs. 2.1351523144549214
--------
nle(id0,id1,dist): 36 47 2.7753042741034184
list:
dist: 2.7753042741034184 vs. 2.7753042741034184
--------
nle(id0,id1,dist): 36 48 1.8255765358995704
list:
dist: 1.8255765358995704 vs. 1.8255765358995704
--------
nle(id0,id1,dist): 36 51 2.7675381463626554
list:
dist: 2.7675381463626554 vs. 2.7675381463626554
--------
nle(id0,id1,dist): 36 52 1.7379543441469847
list:
dist: 1.7379543441469847 vs. 1.7379543441469847
--------
nle(id0,id1,dist): 36 49 2.165013475779873
list:
dist: 2.165013475779873 vs. 2.165013475779873
--------
nle(id0,id1,dist): 36 50 1.2480517274532763
list:
dist: 1.2480517274532763 vs. 1.2480517274532763
--------
nle(id0,id1,dist): 36 38 1.4428888717703985
list:
dist: 1.4428888717703985 vs. 1.4428888717703985
--------
nle(id0,id1,dist): 36 37 0.8148100541653241
list:
dist: 0.8148100541653241 vs. 0.8148100541653241
--------
nle(id0,id1,dist): 36 44 1.4915682808166448
list:
dist: 1.4915682808166448 vs. 1.4915682808166448
--------
nle(id0,id1,dist): 36 43 1.6726295761113357
list:
dist: 1.6726295761113357 vs. 1.6726295761113357
--------
nle(id0,id1,dist): 36 42 1.055163289877368
list:
dist: 1.055163289877368 vs. 1.055163289877368
--------
nle(id0,id1,dist): 35 55 3.4245773734876708
list:
dist: 3.4245773734876708 vs. 3.4245773734876708
--------
nle(id0,id1,dist): 35 56 2.3456432988009768
list:
dist: 2.3456432988009768 vs. 2.3456432988009768
--------
nle(id0,id1,dist): 35 51 1.963173818967523
list:
dist: 1.963173818967523 vs. 1.963173818967523
--------
nle(id0,id1,dist): 35 52 2.4230653361606906
list:
dist: 2.4230653361606906 vs. 2.4230653361606906
--------
nle(id0,id1,dist): 35 47 3.1591344435685955
list:
dist: 3.1591344435685955 vs. 3.1591344435685955
--------
nle(id0,id1,dist): 35 46 0.5191470944085437
list:
dist: 0.5191470944085437 vs. 0.5191470944085437
--------
nle(id0,id1,dist): 35 42 3.0148871038698015
list:
dist: 3.0148871038698015 vs. 3.0148871038698015
--------
nle(id0,id1,dist): 34 55 1.611826413845516
list:
dist: 1.611826413845516 vs. 1.611826413845516
--------
nle(id0,id1,dist): 34 56 1.1553391430249154
list:
dist: 1.1553391430249154 vs. 1.1553391430249154
--------
nle(id0,id1,dist): 34 52 1.8099027279800337
list:
dist: 1.8099027279800337 vs. 1.8099027279800337
--------
nle(id0,id1,dist): 34 51 2.30164232373681
list:
dist: 2.30164232373681 vs. 2.30164232373681
--------
nle(id0,id1,dist): 34 46 1.8580423390986174
list:
dist: 1.8580423390986174 vs. 1.8580423390986174
--------
nle(id0,id1,dist): 34 42 1.761649940131454
list:
dist: 1.761649940131454 vs. 1.761649940131454
--------
nle(id0,id1,dist): 34 35 2.239845726137614
list:
dist: 2.239845726137614 vs. 2.239845726137614
--------
nle(id0,id1,dist): 33 44 1.9977050664064158
list:
dist: 1.9977050664064158 vs. 1.9977050664064158
--------
nle(id0,id1,dist): 33 48 3.167465879810713
list:
dist: 3.167465879810713 vs. 3.167465879810713
--------
nle(id0,id1,dist): 33 49 3.7024174195598762
list:
dist: 3.7024174195598762 vs. 3.7024174195598762
--------
nle(id0,id1,dist): 33 50 2.3433340442294197
list:
dist: 2.3433340442294197 vs. 2.3433340442294197
--------
nle(id0,id1,dist): 33 51 2.767003572406121
list:
dist: 2.767003572406121 vs. 2.767003572406121
--------
nle(id0,id1,dist): 33 52 1.796065709231852
list:
dist: 1.796065709231852 vs. 1.796065709231852
--------
nle(id0,id1,dist): 33 53 2.7144055876316666
list:
dist: 2.7144055876316666 vs. 2.7144055876316666
--------
nle(id0,id1,dist): 33 54 1.4917650643279876
list:
dist: 1.4917650643279876 vs. 1.4917650643279876
--------
nle(id0,id1,dist): 33 55 1.7304174233207807
list:
dist: 1.7304174233207807 vs. 1.7304174233207807
--------
nle(id0,id1,dist): 33 56 2.1415885391622456
list:
dist: 2.1415885391622456 vs. 2.1415885391622456
--------
nle(id0,id1,dist): 33 57 3.7140213816433945
list:
dist: 3.7140213816433945 vs. 3.7140213816433945
--------
nle(id0,id1,dist): 33 58 3.9424512804841636
list:
dist: 3.9424512804841636 vs. 3.9424512804841636
--------
nle(id0,id1,dist): 33 38 2.193611326137077
list:
dist: 2.193611326137077 vs. 2.193611326137077
--------
nle(id0,id1,dist): 33 37 2.3752345207637258
list:
dist: 2.3752345207637258 vs. 2.3752345207637258
--------
nle(id0,id1,dist): 33 36 1.8734674112998666
list:
dist: 1.8734674112998666 vs. 1.8734674112998666
--------
nle(id0,id1,dist): 33 43 0.5657327492785263
list:
dist: 0.5657327492785263 vs. 0.5657327492785263
--------
nle(id0,id1,dist): 33 42 1.2598517002111425
list:
dist: 1.2598517002111425 vs. 1.2598517002111425
--------
nle(id0,id1,dist): 33 41 1.838801362143499
list:
dist: 1.838801362143499 vs. 1.838801362143499
--------
nle(id0,id1,dist): 32 50 4.036905713271145
list:
dist: 4.036905713271145 vs. 4.036905713271145
--------
nle(id0,id1,dist): 32 55 2.2619432908885955
list:
dist: 2.2619432908885955 vs. 2.2619432908885955
--------
nle(id0,id1,dist): 32 56 3.1414815131339933
list:
dist: 3.1414815131339933 vs. 3.1414815131339933
--------
nle(id0,id1,dist): 32 38 3.151963366090645
list:
dist: 3.151963366090645 vs. 3.151963366090645
--------
nle(id0,id1,dist): 32 34 2.72356450563691
list:
dist: 2.72356450563691 vs. 2.72356450563691
--------
nle(id0,id1,dist): 32 33 2.556649180976312
list:
dist: 2.556649180976312 vs. 2.556649180976312
--------
nle(id0,id1,dist): 32 42 3.20691188010944
list:
dist: 3.20691188010944 vs. 3.20691188010944
--------
nle(id0,id1,dist): 32 41 2.2576605504078233
list:
dist: 2.2576605504078233 vs. 2.2576605504078233
--------
nle(id0,id1,dist): 32 43 3.0304797687650935
list:
dist: 3.0304797687650935 vs. 3.0304797687650935
--------
nle(id0,id1,dist): 31 46 1.5535321024336277
list:
dist: 1.5535321024336277 vs. 1.5535321024336277
--------
nle(id0,id1,dist): 31 34 2.265937625721866
list:
dist: 2.265937625721866 vs. 2.265937625721866
--------
nle(id0,id1,dist): 31 35 1.3206351318458045
list:
dist: 1.3206351318458045 vs. 1.3206351318458045
--------
nle(id0,id1,dist): 43 58 3.805812511167092
list:
dist: 3.805812511167092 vs. 3.805812511167092
--------
nle(id0,id1,dist): 44 47 2.3185638962315847
list:
dist: 2.3185638962315847 vs. 2.3185638962315847
--------
nle(id0,id1,dist): 44 48 1.3502470664539539
list:
dist: 1.3502470664539539 vs. 1.3502470664539539
--------
nle(id0,id1,dist): 44 51 1.8805820772381634
list:
dist: 1.8805820772381634 vs. 1.8805820772381634
--------
nle(id0,id1,dist): 44 52 1.2381068762720318
list:
dist: 1.2381068762720318 vs. 1.2381068762720318
--------
nle(id0,id1,dist): 44 49 2.221541713851619
list:
dist: 2.221541713851619 vs. 2.221541713851619
--------
nle(id0,id1,dist): 44 50 2.3689486579089523
list:
dist: 2.3689486579089523 vs. 2.3689486579089523
--------
nle(id0,id1,dist): 43 50 2.0094307019291846
list:
dist: 2.0094307019291846 vs. 2.0094307019291846
--------
nle(id0,id1,dist): 43 51 2.8505128030581393
list:
dist: 2.8505128030581393 vs. 2.8505128030581393
--------
nle(id0,id1,dist): 43 52 1.8718414315860041
list:
dist: 1.8718414315860041 vs. 1.8718414315860041
--------
nle(id0,id1,dist): 43 53 2.2921023914741077
list:
dist: 2.2921023914741077 vs. 2.2921023914741077
--------
nle(id0,id1,dist): 43 54 1.2681536741045367
list:
dist: 1.2681536741045367 vs. 1.2681536741045367
--------
nle(id0,id1,dist): 43 55 2.074358228932232
list:
dist: 2.074358228932232 vs. 2.074358228932232
--------
nle(id0,id1,dist): 43 56 2.43582943045344
list:
dist: 2.43582943045344 vs. 2.43582943045344
--------
nle(id0,id1,dist): 43 57 3.387093290313169
list:
dist: 3.387093290313169 vs. 3.387093290313169
--------
nle(id0,id1,dist): 43 44 1.701826174748247
list:
dist: 1.701826174748247 vs. 1.701826174748247
--------
nle(id0,id1,dist): 43 48 2.814619740807332
list:
dist: 2.814619740807332 vs. 2.814619740807332
--------
nle(id0,id1,dist): 43 49 3.273843782362009
list:
dist: 3.273843782362009 vs. 3.273843782362009
--------
nle(id0,id1,dist): 42 46 2.552854381436402
list:
dist: 2.552854381436402 vs. 2.552854381436402
--------
nle(id0,id1,dist): 42 44 1.501887870237463
list:
dist: 1.501887870237463 vs. 1.501887870237463
--------
nle(id0,id1,dist): 42 43 1.3619370597656997
list:
dist: 1.3619370597656997 vs. 1.3619370597656997
--------
nle(id0,id1,dist): 42 58 2.8424696331015156
list:
dist: 2.8424696331015156 vs. 2.8424696331015156
--------
nle(id0,id1,dist): 42 55 1.357471742716519
list:
dist: 1.357471742716519 vs. 1.357471742716519
--------
nle(id0,id1,dist): 42 56 1.1837044915771675
list:
dist: 1.1837044915771675 vs. 1.1837044915771675
--------
nle(id0,id1,dist): 42 54 0.7870988044903544
list:
dist: 0.7870988044903544 vs. 0.7870988044903544
--------
nle(id0,id1,dist): 42 51 2.11669743432641
list:
dist: 2.11669743432641 vs. 2.11669743432641
--------
nle(id0,id1,dist): 42 52 1.0041299459187119
list:
dist: 1.0041299459187119 vs. 1.0041299459187119
--------
nle(id0,id1,dist): 42 49 3.0539625286018084
list:
dist: 3.0539625286018084 vs. 3.0539625286018084
--------
nle(id0,id1,dist): 42 50 2.1068096661418343
list:
dist: 2.1068096661418343 vs. 2.1068096661418343
--------
nle(id0,id1,dist): 42 48 2.4027000306539295
list:
dist: 2.4027000306539295 vs. 2.4027000306539295
--------
nle(id0,id1,dist): 41 50 2.2143276843621864
list:
dist: 2.2143276843621864 vs. 2.2143276843621864
--------
nle(id0,id1,dist): 41 43 1.8745426913913075
list:
dist: 1.8745426913913075 vs. 1.8745426913913075
--------
nle(id0,id1,dist): 41 42 2.59335007996821
list:
dist: 2.59335007996821 vs. 2.59335007996821
--------
nle(id0,id1,dist): 41 56 3.206779274328658
list:
dist: 3.206779274328658 vs. 3.206779274328658
--------
nle(id0,id1,dist): 41 53 2.0381441704858365
list:
dist: 2.0381441704858365 vs. 2.0381441704858365
--------
nle(id0,id1,dist): 41 55 2.2134267286156954
list:
dist: 2.2134267286156954 vs. 2.2134267286156954
--------
nle(id0,id1,dist): 39 83 2.1194464200284697
list:
dist: 2.1194464200284697 vs. 2.1194464200284697
--------
nle(id0,id1,dist): 39 63 2.440942611049817
list:
dist: 2.440942611049817 vs. 2.440942611049817
--------
nle(id0,id1,dist): 39 64 1.9046144734787185
list:
dist: 1.9046144734787185 vs. 1.9046144734787185
--------
nle(id0,id1,dist): 39 67 1.9571724254726488
list:
dist: 1.9571724254726488 vs. 1.9571724254726488
--------
nle(id0,id1,dist): 39 66 1.5386649530911205
list:
dist: 1.5386649530911205 vs. 1.5386649530911205
--------
nle(id0,id1,dist): 39 69 2.4480164114209537
list:
dist: 2.4480164114209537 vs. 2.4480164114209537
--------
nle(id0,id1,dist): 39 71 3.092530283722658
list:
dist: 3.092530283722658 vs. 3.092530283722658
--------
nle(id0,id1,dist): 39 73 2.7482465440299486
list:
dist: 2.7482465440299486 vs. 2.7482465440299486
--------
nle(id0,id1,dist): 39 74 1.5553435649449443
list:
dist: 1.5553435649449443 vs. 1.5553435649449443
--------
nle(id0,id1,dist): 38 57 2.121403979551218
list:
dist: 2.121403979551218 vs. 2.121403979551218
--------
nle(id0,id1,dist): 38 58 2.582744145030416
list:
dist: 2.582744145030416 vs. 2.582744145030416
--------
nle(id0,id1,dist): 38 55 1.471034978682476
list:
dist: 1.471034978682476 vs. 1.471034978682476
--------
nle(id0,id1,dist): 38 56 2.1617251426475232
list:
dist: 2.1617251426475232 vs. 2.1617251426475232
--------
nle(id0,id1,dist): 38 53 2.3172970079189366
list:
dist: 2.3172970079189366 vs. 2.3172970079189366
--------
nle(id0,id1,dist): 38 54 1.9554244139706722
list:
dist: 1.9554244139706722 vs. 1.9554244139706722
--------
nle(id0,id1,dist): 38 52 2.814712712299131
list:
dist: 2.814712712299131 vs. 2.814712712299131
--------
nle(id0,id1,dist): 39 45 2.085190570088307
list:
dist: 2.085190570088307 vs. 2.085190570088307
--------
nle(id0,id1,dist): 37 56 2.3281444141000383
list:
dist: 2.3281444141000383 vs. 2.3281444141000383
--------
nle(id0,id1,dist): 37 57 2.713077162217926
list:
dist: 2.713077162217926 vs. 2.713077162217926
--------
nle(id0,id1,dist): 37 58 2.047403882782775
list:
dist: 2.047403882782775 vs. 2.047403882782775
--------
nle(id0,id1,dist): 38 42 1.8333674528334345
list:
dist: 1.8333674528334345 vs. 1.8333674528334345
--------
nle(id0,id1,dist): 38 41 1.9097731238378015
list:
dist: 1.9097731238378015 vs. 1.9097731238378015
--------
nle(id0,id1,dist): 38 48 3.201378943637429
list:
dist: 3.201378943637429 vs. 3.201378943637429
--------
nle(id0,id1,dist): 38 50 1.2936973922382882
list:
dist: 1.2936973922382882 vs. 1.2936973922382882
--------
nle(id0,id1,dist): 38 49 3.2343031301432106
list:
dist: 3.2343031301432106 vs. 3.2343031301432106
--------
nle(id0,id1,dist): 38 44 2.8535395632136256
list:
dist: 2.8535395632136256 vs. 2.8535395632136256
--------
nle(id0,id1,dist): 38 43 2.1772890574670023
list:
dist: 2.1772890574670023 vs. 2.1772890574670023
--------
nle(id0,id1,dist): 23 28 1.1387011451728772
list:
dist: 1.1387011451728772 vs. 1.1387011451728772
--------
nle(id0,id1,dist): 23 29 3.8655027919040346
list:
dist: 3.8655027919040346 vs. 3.8655027919040346
--------
nle(id0,id1,dist): 23 26 2.233337230106377
list:
dist: 2.233337230106377 vs. 2.233337230106377
--------
nle(id0,id1,dist): 23 27 3.112388532582704
list:
dist: 3.112388532582704 vs. 3.112388532582704
--------
nle(id0,id1,dist): 23 24 1.3305537983468534
list:
dist: 1.3305537983468534 vs. 1.3305537983468534
--------
nle(id0,id1,dist): 23 25 0.3319830355166001
list:
dist: 0.3319830355166001 vs. 0.3319830355166001
--------
nle(id0,id1,dist): 21 24 1.3284225169007626
list:
dist: 1.3284225169007626 vs. 1.3284225169007626
--------
nle(id0,id1,dist): 21 25 1.532781565847342
list:
dist: 1.532781565847342 vs. 1.532781565847342
--------
nle(id0,id1,dist): 21 28 1.4474935594224096
list:
dist: 1.4474935594224096 vs. 1.4474935594224096
--------
nle(id0,id1,dist): 21 23 1.3738138945894163
list:
dist: 1.3738138945894163 vs. 1.3738138945894163
--------
nle(id0,id1,dist): 21 22 2.206557902857455
list:
dist: 2.206557902857455 vs. 2.206557902857455
--------
nle(id0,id1,dist): 22 27 1.702973441943214
list:
dist: 1.702973441943214 vs. 1.702973441943214
--------
nle(id0,id1,dist): 22 28 1.982041590369969
list:
dist: 1.982041590369969 vs. 1.982041590369969
--------
nle(id0,id1,dist): 22 29 3.7958373069798768
list:
dist: 3.7958373069798768 vs. 3.7958373069798768
--------
nle(id0,id1,dist): 22 23 1.69902099364002
list:
dist: 1.69902099364002 vs. 1.69902099364002
--------
nle(id0,id1,dist): 22 24 1.0133101261245974
list:
dist: 1.0133101261245974 vs. 1.0133101261245974
--------
nle(id0,id1,dist): 22 25 1.6665316644623724
list:
dist: 1.6665316644623724 vs. 1.6665316644623724
--------
nle(id0,id1,dist): 22 26 2.9872511223423457
list:
dist: 2.9872511223423457 vs. 2.9872511223423457
--------
nle(id0,id1,dist): 19 25 3.610164153803011
list:
dist: 3.610164153803011 vs. 3.610164153803011
--------
nle(id0,id1,dist): 19 23 3.8751316618388962
list:
dist: 3.8751316618388962 vs. 3.8751316618388962
--------
nle(id0,id1,dist): 19 20 2.135426978983176
list:
dist: 2.135426978983176 vs. 2.135426978983176
--------
nle(id0,id1,dist): 19 28 3.647783768445046
list:
dist: 3.647783768445046 vs. 3.647783768445046
--------
nle(id0,id1,dist): 19 29 2.1051723430002873
list:
dist: 2.1051723430002873 vs. 2.1051723430002873
--------
nle(id0,id1,dist): 19 26 1.7069913437227153
list:
dist: 1.7069913437227153 vs. 1.7069913437227153
--------
nle(id0,id1,dist): 20 29 1.2260172805464697
list:
dist: 1.2260172805464697 vs. 1.2260172805464697
--------
nle(id0,id1,dist): 20 25 2.9225069648159385
list:
dist: 2.9225069648159385 vs. 2.9225069648159385
--------
nle(id0,id1,dist): 20 26 1.6623398730414092
list:
dist: 1.6623398730414092 vs. 1.6623398730414092
--------
nle(id0,id1,dist): 20 27 2.9690905522545408
list:
dist: 2.9690905522545408 vs. 2.9690905522545408
--------
nle(id0,id1,dist): 20 28 3.083724673592367
list:
dist: 3.083724673592367 vs. 3.083724673592367
--------
nle(id0,id1,dist): 20 22 3.110274494934203
list:
dist: 3.110274494934203 vs. 3.110274494934203
--------
nle(id0,id1,dist): 20 23 3.203845449392241
list:
dist: 3.203845449392241 vs. 3.203845449392241
--------
nle(id0,id1,dist): 20 24 3.471258379016418
list:
dist: 3.471258379016418 vs. 3.471258379016418
--------
nle(id0,id1,dist): 18 20 2.415554842824715
list:
dist: 2.415554842824715 vs. 2.415554842824715
--------
nle(id0,id1,dist): 18 19 0.5061498272528714
list:
dist: 0.5061498272528714 vs. 0.5061498272528714
--------
nle(id0,id1,dist): 17 28 1.7544193503461825
list:
dist: 1.7544193503461825 vs. 1.7544193503461825
--------
nle(id0,id1,dist): 18 23 3.864903755393464
list:
dist: 3.864903755393464 vs. 3.864903755393464
--------
nle(id0,id1,dist): 18 25 3.6292709959680804
list:
dist: 3.6292709959680804 vs. 3.6292709959680804
--------
nle(id0,id1,dist): 18 26 1.8386700274247474
list:
dist: 1.8386700274247474 vs. 1.8386700274247474
--------
nle(id0,id1,dist): 18 28 3.7542927435764417
list:
dist: 3.7542927435764417 vs. 3.7542927435764417
--------
nle(id0,id1,dist): 18 29 2.561676759803971
list:
dist: 2.561676759803971 vs. 2.561676759803971
--------
nle(id0,id1,dist): 30 42 1.3681880127676227
list:
dist: 1.3681880127676227 vs. 1.3681880127676227
--------
nle(id0,id1,dist): 30 38 2.684401943711837
list:
dist: 2.684401943711837 vs. 2.684401943711837
--------
nle(id0,id1,dist): 30 37 1.2925682649212953
list:
dist: 1.2925682649212953 vs. 1.2925682649212953
--------
nle(id0,id1,dist): 30 36 1.5158420733323974
list:
dist: 1.5158420733323974 vs. 1.5158420733323974
--------
nle(id0,id1,dist): 30 35 2.3761798816996174
list:
dist: 2.3761798816996174 vs. 2.3761798816996174
--------
nle(id0,id1,dist): 30 34 2.3580323563051415
list:
dist: 2.3580323563051415 vs. 2.3580323563051415
--------
nle(id0,id1,dist): 30 33 2.553548594679963
list:
dist: 2.553548594679963 vs. 2.553548594679963
--------
nle(id0,id1,dist): 30 58 2.236108193505991
list:
dist: 2.236108193505991 vs. 2.236108193505991
--------
nle(id0,id1,dist): 30 55 2.4018987299361396
list:
dist: 2.4018987299361396 vs. 2.4018987299361396
--------
nle(id0,id1,dist): 30 56 1.5910471341131582
list:
dist: 1.5910471341131582 vs. 1.5910471341131582
--------
nle(id0,id1,dist): 30 54 1.3862477892369167
list:
dist: 1.3862477892369167 vs. 1.3862477892369167
--------
nle(id0,id1,dist): 30 51 1.6413944746765492
list:
dist: 1.6413944746765492 vs. 1.6413944746765492
--------
nle(id0,id1,dist): 30 52 1.0946126379305636
list:
dist: 1.0946126379305636 vs. 1.0946126379305636
--------
nle(id0,id1,dist): 30 49 2.654822792780729
list:
dist: 2.654822792780729 vs. 2.654822792780729
--------
nle(id0,id1,dist): 30 50 2.74503596944077
list:
dist: 2.74503596944077 vs. 2.74503596944077
--------
nle(id0,id1,dist): 30 47 1.7331951339462333
list:
dist: 1.7331951339462333 vs. 1.7331951339462333
--------
nle(id0,id1,dist): 30 48 1.7815568596142937
list:
dist: 1.7815568596142937 vs. 1.7815568596142937
--------
nle(id0,id1,dist): 30 46 1.980878273901547
list:
dist: 1.980878273901547 vs. 1.980878273901547
--------
nle(id0,id1,dist): 30 43 2.531598993247108
list:
dist: 2.531598993247108 vs. 2.531598993247108
--------
nle(id0,id1,dist): 30 44 1.5113253941921843
list:
dist: 1.5113253941921843 vs. 1.5113253941921843
--------
nle(id0,id1,dist): 28 29 3.3826425217279703
list:
dist: 3.3826425217279703 vs. 3.3826425217279703
--------
nle(id0,id1,dist): 26 27 3.4350461426814713
list:
dist: 3.4350461426814713 vs. 3.4350461426814713
--------
nle(id0,id1,dist): 26 28 1.9869410033969201
list:
dist: 1.9869410033969201 vs. 1.9869410033969201
--------
nle(id0,id1,dist): 26 29 2.025342555288753
list:
dist: 2.025342555288753 vs. 2.025342555288753
--------
nle(id0,id1,dist): 27 29 3.265485976327761
list:
dist: 3.265485976327761 vs. 3.265485976327761
--------
nle(id0,id1,dist): 27 28 2.8343829880382607
list:
dist: 2.8343829880382607 vs. 2.8343829880382607
--------
nle(id0,id1,dist): 24 25 1.3083219754536357
list:
dist: 1.3083219754536357 vs. 1.3083219754536357
--------
nle(id0,id1,dist): 24 26 2.8841813847303093
list:
dist: 2.8841813847303093 vs. 2.8841813847303093
--------
nle(id0,id1,dist): 24 27 2.1754416769789655
list:
dist: 2.1754416769789655 vs. 2.1754416769789655
--------
nle(id0,id1,dist): 24 28 1.261875680540527
list:
dist: 1.261875680540527 vs. 1.261875680540527
--------
nle(id0,id1,dist): 24 29 3.9478577197957856
list:
dist: 3.9478577197957856 vs. 3.9478577197957856
--------
nle(id0,id1,dist): 25 26 1.9416961963828672
list:
dist: 1.9416961963828672 vs. 1.9416961963828672
--------
nle(id0,id1,dist): 25 27 2.9392481147246605
list:
dist: 2.9392481147246605 vs. 2.9392481147246605
--------
nle(id0,id1,dist): 25 28 0.9271298783349907
list:
dist: 0.9271298783349907 vs. 0.9271298783349907
--------
nle(id0,id1,dist): 25 29 3.5436693483736055
list:
dist: 3.5436693483736055 vs. 3.5436693483736055
--------
nle(id0,id1,dist): 62 80 2.378084743281712
list:
dist: 2.378084743281712 vs. 2.378084743281712
--------
nle(id0,id1,dist): 62 82 2.894927113448014
list:
dist: 2.894927113448014 vs. 2.894927113448014
--------
nle(id0,id1,dist): 62 76 2.5810961944896067
list:
dist: 2.5810961944896067 vs. 2.5810961944896067
--------
nle(id0,id1,dist): 62 77 2.6291460159157296
list:
dist: 2.6291460159157296 vs. 2.6291460159157296
--------
nle(id0,id1,dist): 62 85 2.813110594478916
list:
dist: 2.813110594478916 vs. 2.813110594478916
--------
nle(id0,id1,dist): 62 64 2.1192597978635432
list:
dist: 2.1192597978635432 vs. 2.1192597978635432
--------
nle(id0,id1,dist): 62 63 1.7968082216529169
list:
dist: 1.7968082216529169 vs. 1.7968082216529169
--------
nle(id0,id1,dist): 62 66 1.70550904171129
list:
dist: 1.70550904171129 vs. 1.70550904171129
--------
nle(id0,id1,dist): 62 65 1.0827414976717682
list:
dist: 1.0827414976717682 vs. 1.0827414976717682
--------
nle(id0,id1,dist): 62 72 1.9051455422086463
list:
dist: 1.9051455422086463 vs. 1.9051455422086463
--------
nle(id0,id1,dist): 62 71 1.1307563193853136
list:
dist: 1.1307563193853136 vs. 1.1307563193853136
--------
nle(id0,id1,dist): 62 73 1.5013834419059862
list:
dist: 1.5013834419059862 vs. 1.5013834419059862
--------
nle(id0,id1,dist): 62 68 3.298765754359761
list:
dist: 3.298765754359761 vs. 3.298765754359761
--------
nle(id0,id1,dist): 62 67 2.2109251788241786
list:
dist: 2.2109251788241786 vs. 2.2109251788241786
--------
nle(id0,id1,dist): 62 70 0.9757122892679245
list:
dist: 0.9757122892679245 vs. 0.9757122892679245
--------
nle(id0,id1,dist): 62 69 2.1124352283398524
list:
dist: 2.1124352283398524 vs. 2.1124352283398524
--------
nle(id0,id1,dist): 61 85 2.5595943100221388
list:
dist: 2.5595943100221388 vs. 2.5595943100221388
--------
nle(id0,id1,dist): 61 82 2.939535059839695
list:
dist: 2.939535059839695 vs. 2.939535059839695
--------
nle(id0,id1,dist): 61 70 2.836020707445545
list:
dist: 2.836020707445545 vs. 2.836020707445545
--------
nle(id0,id1,dist): 61 65 3.795001711986926
list:
dist: 3.795001711986926 vs. 3.795001711986926
--------
nle(id0,id1,dist): 61 77 2.841154791745955
list:
dist: 2.841154791745955 vs. 2.841154791745955
--------
nle(id0,id1,dist): 61 72 3.391926575615849
list:
dist: 3.391926575615849 vs. 3.391926575615849
--------
nle(id0,id1,dist): 64 65 1.6257259547609086
list:
dist: 1.6257259547609086 vs. 1.6257259547609086
--------
nle(id0,id1,dist): 64 66 1.0259127725188428
list:
dist: 1.0259127725188428 vs. 1.0259127725188428
--------
nle(id0,id1,dist): 64 67 0.9399038743335342
list:
dist: 0.9399038743335342 vs. 0.9399038743335342
--------
nle(id0,id1,dist): 64 68 3.8311212599184565
list:
dist: 3.8311212599184565 vs. 3.8311212599184565
--------
nle(id0,id1,dist): 64 69 2.3527813168305123
list:
dist: 2.3527813168305123 vs. 2.3527813168305123
--------
nle(id0,id1,dist): 64 70 2.191120685669229
list:
dist: 2.191120685669229 vs. 2.191120685669229
--------
nle(id0,id1,dist): 64 71 2.099816289105519
list:
dist: 2.099816289105519 vs. 2.099816289105519
--------
nle(id0,id1,dist): 64 72 2.131128775853891
list:
dist: 2.131128775853891 vs. 2.131128775853891
--------
nle(id0,id1,dist): 64 73 1.4448836294019571
list:
dist: 1.4448836294019571 vs. 1.4448836294019571
--------
nle(id0,id1,dist): 64 74 1.7373383132642948
list:
dist: 1.7373383132642948 vs. 1.7373383132642948
--------
nle(id0,id1,dist): 64 76 2.835933960697424
list:
dist: 2.835933960697424 vs. 2.835933960697424
--------
nle(id0,id1,dist): 64 77 3.901297446405371
list:
dist: 3.901297446405371 vs. 3.901297446405371
--------
nle(id0,id1,dist): 64 78 3.5771622500077314
list:
dist: 3.5771622500077314 vs. 3.5771622500077314
--------
nle(id0,id1,dist): 64 79 3.9249345287441075
list:
dist: 3.9249345287441075 vs. 3.9249345287441075
--------
nle(id0,id1,dist): 64 80 2.5188136563235406
list:
dist: 2.5188136563235406 vs. 2.5188136563235406
--------
nle(id0,id1,dist): 63 72 1.68485833798068
list:
dist: 1.68485833798068 vs. 1.68485833798068
--------
nle(id0,id1,dist): 63 73 1.33663769575193
list:
dist: 1.33663769575193 vs. 1.33663769575193
--------
nle(id0,id1,dist): 63 70 1.5788010020799608
list:
dist: 1.5788010020799608 vs. 1.5788010020799608
--------
nle(id0,id1,dist): 63 71 1.8737638530299678
list:
dist: 1.8737638530299678 vs. 1.8737638530299678
--------
nle(id0,id1,dist): 63 76 2.7735457340750562
list:
dist: 2.7735457340750562 vs. 2.7735457340750562
--------
nle(id0,id1,dist): 63 77 3.502524649409364
list:
dist: 3.502524649409364 vs. 3.502524649409364
--------
nle(id0,id1,dist): 63 74 2.4631494826389915
list:
dist: 2.4631494826389915 vs. 2.4631494826389915
--------
nle(id0,id1,dist): 63 80 2.2195195121426288
list:
dist: 2.2195195121426288 vs. 2.2195195121426288
--------
nle(id0,id1,dist): 63 78 3.997668742065342
list:
dist: 3.997668742065342 vs. 3.997668742065342
--------
nle(id0,id1,dist): 63 79 4.393693409504116
list:
dist: 4.393693409504116 vs. 4.393693409504116
--------
nle(id0,id1,dist): 63 85 3.7398762515863884
list:
dist: 3.7398762515863884 vs. 3.7398762515863884
--------
nle(id0,id1,dist): 63 82 3.553770428186293
list:
dist: 3.553770428186293 vs. 3.553770428186293
--------
nle(id0,id1,dist): 63 83 2.5041942947501576
list:
dist: 2.5041942947501576 vs. 2.5041942947501576
--------
nle(id0,id1,dist): 63 65 1.2352835509354507
list:
dist: 1.2352835509354507 vs. 1.2352835509354507
--------
nle(id0,id1,dist): 63 64 0.7487155859162884
list:
dist: 0.7487155859162884 vs. 0.7487155859162884
--------
nle(id0,id1,dist): 63 69 2.638387353348342
list:
dist: 2.638387353348342 vs. 2.638387353348342
--------
nle(id0,id1,dist): 63 68 4.004197347500219
list:
dist: 4.004197347500219 vs. 4.004197347500219
--------
nle(id0,id1,dist): 63 67 0.93540029518776
list:
dist: 0.93540029518776 vs. 0.93540029518776
--------
nle(id0,id1,dist): 63 66 1.1046863879328128
list:
dist: 1.1046863879328128 vs. 1.1046863879328128
--------
nle(id0,id1,dist): 59 68 1.9316825804463207
list:
dist: 1.9316825804463207 vs. 1.9316825804463207
--------
nle(id0,id1,dist): 61 62 3.421482427306039
list:
dist: 3.421482427306039 vs. 3.421482427306039
--------
nle(id0,id1,dist): 60 85 2.704927684144172
list:
dist: 2.704927684144172 vs. 2.704927684144172
--------
nle(id0,id1,dist): 60 77 2.6443481791116135
list:
dist: 2.6443481791116135 vs. 2.6443481791116135
--------
nle(id0,id1,dist): 60 80 2.2146861132216453
list:
dist: 2.2146861132216453 vs. 2.2146861132216453
--------
nle(id0,id1,dist): 60 82 2.718992361873519
list:
dist: 2.718992361873519 vs. 2.718992361873519
--------
nle(id0,id1,dist): 60 69 3.463766185296136
list:
dist: 3.463766185296136 vs. 3.463766185296136
--------
nle(id0,id1,dist): 60 70 0.752387111037854
list:
dist: 0.752387111037854 vs. 0.752387111037854
--------
nle(id0,id1,dist): 60 71 1.9689687759104129
list:
dist: 1.9689687759104129 vs. 1.9689687759104129
--------
nle(id0,id1,dist): 60 72 1.567554330323831
list:
dist: 1.567554330323831 vs. 1.567554330323831
--------
nle(id0,id1,dist): 60 73 2.0715191325935796
list:
dist: 2.0715191325935796 vs. 2.0715191325935796
--------
nle(id0,id1,dist): 60 76 3.024955768826049
list:
dist: 3.024955768826049 vs. 3.024955768826049
--------
nle(id0,id1,dist): 60 64 2.5098720589743673
list:
dist: 2.5098720589743673 vs. 2.5098720589743673
--------
nle(id0,id1,dist): 60 63 1.7915505780901544
list:
dist: 1.7915505780901544 vs. 1.7915505780901544
--------
nle(id0,id1,dist): 60 62 1.6892717926072807
list:
dist: 1.6892717926072807 vs. 1.6892717926072807
--------
nle(id0,id1,dist): 60 61 2.4695801305216234
list:
dist: 2.4695801305216234 vs. 2.4695801305216234
--------
nle(id0,id1,dist): 60 68 4.424016334165254
list:
dist: 4.424016334165254 vs. 4.424016334165254
--------
nle(id0,id1,dist): 60 67 2.3960095979248512
list:
dist: 2.3960095979248512 vs. 2.3960095979248512
--------
nle(id0,id1,dist): 60 66 2.3792994188064367
list:
dist: 2.3792994188064367 vs. 2.3792994188064367
--------
nle(id0,id1,dist): 60 65 1.6215620897919507
list:
dist: 1.6215620897919507 vs. 1.6215620897919507
--------
nle(id0,id1,dist): 59 84 0.8675563786629741
list:
dist: 0.8675563786629741 vs. 0.8675563786629741
--------
nle(id0,id1,dist): 59 88 1.1229296178008508
list:
dist: 1.1229296178008508 vs. 1.1229296178008508
--------
nle(id0,id1,dist): 59 86 1.0541817492178926
list:
dist: 1.0541817492178926 vs. 1.0541817492178926
--------
nle(id0,id1,dist): 59 87 1.3984424041108305
list:
dist: 1.3984424041108305 vs. 1.3984424041108305
--------
nle(id0,id1,dist): 59 76 2.4419149938518006
list:
dist: 2.4419149938518006 vs. 2.4419149938518006
--------
nle(id0,id1,dist): 59 80 3.4019668502287064
list:
dist: 3.4019668502287064 vs. 3.4019668502287064
--------
nle(id0,id1,dist): 59 78 2.1558489436682406
list:
dist: 2.1558489436682406 vs. 2.1558489436682406
--------
nle(id0,id1,dist): 59 79 2.125202123415659
list:
dist: 2.125202123415659 vs. 2.125202123415659
--------
nle(id0,id1,dist): 69 71 1.6292513897925556
list:
dist: 1.6292513897925556 vs. 1.6292513897925556
--------
nle(id0,id1,dist): 69 70 2.9137078759965056
list:
dist: 2.9137078759965056 vs. 2.9137078759965056
--------
nle(id0,id1,dist): 69 78 1.7654862159216078
list:
dist: 1.7654862159216078 vs. 1.7654862159216078
--------
nle(id0,id1,dist): 69 79 2.7763259834252554
list:
dist: 2.7763259834252554 vs. 2.7763259834252554
--------
nle(id0,id1,dist): 69 76 1.9690995384747558
list:
dist: 1.9690995384747558 vs. 1.9690995384747558
--------
nle(id0,id1,dist): 69 77 3.190045987402971
list:
dist: 3.190045987402971 vs. 3.190045987402971
--------
nle(id0,id1,dist): 69 74 2.079934460580298
list:
dist: 2.079934460580298 vs. 2.079934460580298
--------
nle(id0,id1,dist): 69 72 2.6017452133465033
list:
dist: 2.6017452133465033 vs. 2.6017452133465033
--------
nle(id0,id1,dist): 69 73 1.6413307838934477
list:
dist: 1.6413307838934477 vs. 1.6413307838934477
--------
nle(id0,id1,dist): 69 85 3.53734137740442
list:
dist: 3.53734137740442 vs. 3.53734137740442
--------
nle(id0,id1,dist): 69 82 3.394211701745153
list:
dist: 3.394211701745153 vs. 3.394211701745153
--------
nle(id0,id1,dist): 69 83 1.1437814566646902
list:
dist: 1.1437814566646902 vs. 1.1437814566646902
--------
nle(id0,id1,dist): 69 80 2.5826565625242703
list:
dist: 2.5826565625242703 vs. 2.5826565625242703
--------
nle(id0,id1,dist): 68 74 3.486056217865164
list:
dist: 3.486056217865164 vs. 3.486056217865164
--------
nle(id0,id1,dist): 68 73 2.720185015689103
list:
dist: 2.720185015689103 vs. 2.720185015689103
--------
nle(id0,id1,dist): 68 76 1.8854816598801212
list:
dist: 1.8854816598801212 vs. 1.8854816598801212
--------
nle(id0,id1,dist): 68 70 4.017225120365496
list:
dist: 4.017225120365496 vs. 4.017225120365496
--------
nle(id0,id1,dist): 68 69 1.6990251672893195
list:
dist: 1.6990251672893195 vs. 1.6990251672893195
--------
nle(id0,id1,dist): 68 72 3.272006260944744
list:
dist: 3.272006260944744 vs. 3.272006260944744
--------
nle(id0,id1,dist): 68 71 2.4768600268242644
list:
dist: 2.4768600268242644 vs. 2.4768600268242644
--------
nle(id0,id1,dist): 68 81 3.7667255455552304
list:
dist: 3.7667255455552304 vs. 3.7667255455552304
--------
nle(id0,id1,dist): 68 82 3.140872729810978
list:
dist: 3.140872729810978 vs. 3.140872729810978
--------
nle(id0,id1,dist): 68 83 2.402978752383712
list:
dist: 2.402978752383712 vs. 2.402978752383712
--------
nle(id0,id1,dist): 68 84 1.2968445853801713
list:
dist: 1.2968445853801713 vs. 1.2968445853801713
--------
nle(id0,id1,dist): 68 77 2.9760728113751704
list:
dist: 2.9760728113751704 vs. 2.9760728113751704
--------
nle(id0,id1,dist): 68 78 1.4565530440673586
list:
dist: 1.4565530440673586 vs. 1.4565530440673586
--------
nle(id0,id1,dist): 68 79 2.4893153831529062
list:
dist: 2.4893153831529062 vs. 2.4893153831529062
--------
nle(id0,id1,dist): 68 80 2.9222057997781534
list:
dist: 2.9222057997781534 vs. 2.9222057997781534
--------
nle(id0,id1,dist): 68 89 3.7949798681748357
list:
dist: 3.7949798681748357 vs. 3.7949798681748357
--------
nle(id0,id1,dist): 68 85 3.323819814115158
list:
dist: 3.323819814115158 vs. 3.323819814115158
--------
nle(id0,id1,dist): 68 86 1.0038961531294326
list:
dist: 1.0038961531294326 vs. 1.0038961531294326
--------
nle(id0,id1,dist): 68 88 2.193005400946579
list:
dist: 2.193005400946579 vs. 2.193005400946579
--------
nle(id0,id1,dist): 70 85 2.782911405984911
list:
dist: 2.782911405984911 vs. 2.782911405984911
--------
nle(id0,id1,dist): 71 72 1.1981200203171538
list:
dist: 1.1981200203171538 vs. 1.1981200203171538
--------
nle(id0,id1,dist): 71 73 0.7823277864732154
list:
dist: 0.7823277864732154 vs. 0.7823277864732154
--------
nle(id0,id1,dist): 71 76 1.450983938979428
list:
dist: 1.450983938979428 vs. 1.450983938979428
--------
nle(id0,id1,dist): 71 77 1.9447607105746842
list:
dist: 1.9447607105746842 vs. 1.9447607105746842
--------
nle(id0,id1,dist): 71 74 2.9633059628044034
list:
dist: 2.9633059628044034 vs. 2.9633059628044034
--------
nle(id0,id1,dist): 70 71 1.5712639880263808
list:
dist: 1.5712639880263808 vs. 1.5712639880263808
--------
nle(id0,id1,dist): 70 72 1.660500114452255
list:
dist: 1.660500114452255 vs. 1.660500114452255
--------
nle(id0,id1,dist): 70 73 1.756420751234009
list:
dist: 1.756420751234009 vs. 1.756420751234009
--------
nle(id0,id1,dist): 70 76 2.877741944053546
list:
dist: 2.877741944053546 vs. 2.877741944053546
--------
nle(id0,id1,dist): 70 77 2.6709232455869696
list:
dist: 2.6709232455869696 vs. 2.6709232455869696
--------
nle(id0,id1,dist): 70 80 2.293627237240466
list:
dist: 2.293627237240466 vs. 2.293627237240466
--------
nle(id0,id1,dist): 70 82 2.8428531947193614
list:
dist: 2.8428531947193614 vs. 2.8428531947193614
--------
nle(id0,id1,dist): 66 70 1.8660592182849058
list:
dist: 1.8660592182849058 vs. 1.8660592182849058
--------
nle(id0,id1,dist): 66 69 2.5142284147164986
list:
dist: 2.5142284147164986 vs. 2.5142284147164986
--------
nle(id0,id1,dist): 66 67 0.7130386166109822
list:
dist: 0.7130386166109822 vs. 0.7130386166109822
--------
nle(id0,id1,dist): 64 85 4.184032813826466
list:
dist: 4.184032813826466 vs. 4.184032813826466
--------
nle(id0,id1,dist): 64 82 3.9623832294765324
list:
dist: 3.9623832294765324 vs. 3.9623832294765324
--------
nle(id0,id1,dist): 64 83 1.9574921520496842
list:
dist: 1.9574921520496842 vs. 1.9574921520496842
--------
nle(id0,id1,dist): 65 73 1.8286955128286466
list:
dist: 1.8286955128286466 vs. 1.8286955128286466
--------
nle(id0,id1,dist): 65 72 2.2169754523604426
list:
dist: 2.2169754523604426 vs. 2.2169754523604426
--------
nle(id0,id1,dist): 65 69 2.698340628891377
list:
dist: 2.698340628891377 vs. 2.698340628891377
--------
nle(id0,id1,dist): 65 71 1.8992268676578876
list:
dist: 1.8992268676578876 vs. 1.8992268676578876
--------
nle(id0,id1,dist): 65 70 1.0222772621019425
list:
dist: 1.0222772621019425 vs. 1.0222772621019425
--------
nle(id0,id1,dist): 65 67 1.2983420845193097
list:
dist: 1.2983420845193097 vs. 1.2983420845193097
--------
nle(id0,id1,dist): 65 66 0.9333429269264334
list:
dist: 0.9333429269264334 vs. 0.9333429269264334
--------
nle(id0,id1,dist): 67 74 2.394423159452942
list:
dist: 2.394423159452942 vs. 2.394423159452942
--------
nle(id0,id1,dist): 67 69 3.033337337592968
list:
dist: 3.033337337592968 vs. 3.033337337592968
--------
nle(id0,id1,dist): 67 72 2.6101946782056946
list:
dist: 2.6101946782056946 vs. 2.6101946782056946
--------
nle(id0,id1,dist): 67 73 2.118165808582375
list:
dist: 2.118165808582375 vs. 2.118165808582375
--------
nle(id0,id1,dist): 67 70 2.0835824646637113
list:
dist: 2.0835824646637113 vs. 2.0835824646637113
--------
nle(id0,id1,dist): 67 71 2.602867468006653
list:
dist: 2.602867468006653 vs. 2.602867468006653
--------
nle(id0,id1,dist): 67 83 2.775890694269965
list:
dist: 2.775890694269965 vs. 2.775890694269965
--------
nle(id0,id1,dist): 66 83 2.4419197047555974
list:
dist: 2.4419197047555974 vs. 2.4419197047555974
--------
nle(id0,id1,dist): 66 71 2.2264318731591555
list:
dist: 2.2264318731591555 vs. 2.2264318731591555
--------
nle(id0,id1,dist): 66 72 2.5535526855853807
list:
dist: 2.5535526855853807 vs. 2.5535526855853807
--------
nle(id0,id1,dist): 66 73 1.8764671992579214
list:
dist: 1.8764671992579214 vs. 1.8764671992579214
--------
nle(id0,id1,dist): 66 74 2.210365793508082
list:
dist: 2.210365793508082 vs. 2.210365793508082
--------
nle(id0,id1,dist): 48 51 2.6924520877619025
list:
dist: 2.6924520877619025 vs. 2.6924520877619025
--------
nle(id0,id1,dist): 48 52 2.2623221652074963
list:
dist: 2.2623221652074963 vs. 2.2623221652074963
--------
nle(id0,id1,dist): 48 49 1.1127372539731857
list:
dist: 1.1127372539731857 vs. 1.1127372539731857
--------
nle(id0,id1,dist): 48 50 2.474889758795335
list:
dist: 2.474889758795335 vs. 2.474889758795335
--------
nle(id0,id1,dist): 48 55 3.603534831619977
list:
dist: 3.603534831619977 vs. 3.603534831619977
--------
nle(id0,id1,dist): 48 56 3.1816859270604154
list:
dist: 3.1816859270604154 vs. 3.1816859270604154
--------
nle(id0,id1,dist): 48 53 3.362275947549597
list:
dist: 3.362275947549597 vs. 3.362275947549597
--------
nle(id0,id1,dist): 48 54 1.7432664509106666
list:
dist: 1.7432664509106666 vs. 1.7432664509106666
--------
nle(id0,id1,dist): 48 57 3.231052639365204
list:
dist: 3.231052639365204 vs. 3.231052639365204
--------
nle(id0,id1,dist): 48 58 2.4324976517735846
list:
dist: 2.4324976517735846 vs. 2.4324976517735846
--------
nle(id0,id1,dist): 49 50 2.2458185805679625
list:
dist: 2.2458185805679625 vs. 2.2458185805679625
--------
nle(id0,id1,dist): 49 51 3.775827949006626
list:
dist: 3.775827949006626 vs. 3.775827949006626
--------
nle(id0,id1,dist): 49 52 3.1976057503747524
list:
dist: 3.1976057503747524 vs. 3.1976057503747524
--------
nle(id0,id1,dist): 49 53 3.0067454061504697
list:
dist: 3.0067454061504697 vs. 3.0067454061504697
--------
nle(id0,id1,dist): 49 54 2.348802248788804
list:
dist: 2.348802248788804 vs. 2.348802248788804
--------
nle(id0,id1,dist): 49 55 4.0496972929732316
list:
dist: 4.0496972929732316 vs. 4.0496972929732316
--------
nle(id0,id1,dist): 49 56 3.8474748629037436
list:
dist: 3.8474748629037436 vs. 3.8474748629037436
--------
nle(id0,id1,dist): 49 57 2.5384270834970604
list:
dist: 2.5384270834970604 vs. 2.5384270834970604
--------
nle(id0,id1,dist): 49 58 2.3739359099898034
list:
dist: 2.3739359099898034 vs. 2.3739359099898034
--------
nle(id0,id1,dist): 50 53 1.3851014289141332
list:
dist: 1.3851014289141332 vs. 1.3851014289141332
--------
nle(id0,id1,dist): 50 54 1.7078909311472419
list:
dist: 1.7078909311472419 vs. 1.7078909311472419
--------
nle(id0,id1,dist): 50 51 3.9451665341875946
list:
dist: 3.9451665341875946 vs. 3.9451665341875946
--------
nle(id0,id1,dist): 50 52 2.8974743982656226
list:
dist: 2.8974743982656226 vs. 2.8974743982656226
--------
nle(id0,id1,dist): 50 56 2.916798098530931
list:
dist: 2.916798098530931 vs. 2.916798098530931
--------
nle(id0,id1,dist): 50 55 2.4845846886077876
list:
dist: 2.4845846886077876 vs. 2.4845846886077876
--------
nle(id0,id1,dist): 50 58 2.5922327711673767
list:
dist: 2.5922327711673767 vs. 2.5922327711673767
--------
nle(id0,id1,dist): 50 57 1.391914832246967
list:
dist: 1.391914832246967 vs. 1.391914832246967
--------
nle(id0,id1,dist): 44 55 2.844712569422664
list:
dist: 2.844712569422664 vs. 2.844712569422664
--------
nle(id0,id1,dist): 44 56 2.5111447059290155
list:
dist: 2.5111447059290155 vs. 2.5111447059290155
--------
nle(id0,id1,dist): 44 53 3.0902946420578763
list:
dist: 3.0902946420578763 vs. 3.0902946420578763
--------
nle(id0,id1,dist): 44 54 0.9147245270924512
list:
dist: 0.9147245270924512 vs. 0.9147245270924512
--------
nle(id0,id1,dist): 44 57 3.5735581357998285
list:
dist: 3.5735581357998285 vs. 3.5735581357998285
--------
nle(id0,id1,dist): 44 58 3.100824080425454
list:
dist: 3.100824080425454 vs. 3.100824080425454
--------
nle(id0,id1,dist): 45 73 3.529831022159477
list:
dist: 3.529831022159477 vs. 3.529831022159477
--------
nle(id0,id1,dist): 45 72 4.123342878992241
list:
dist: 4.123342878992241 vs. 4.123342878992241
--------
nle(id0,id1,dist): 45 74 2.640756903357731
list:
dist: 2.640756903357731 vs. 2.640756903357731
--------
nle(id0,id1,dist): 45 65 2.752506541205587
list:
dist: 2.752506541205587 vs. 2.752506541205587
--------
nle(id0,id1,dist): 45 64 2.1113470007988764
list:
dist: 2.1113470007988764 vs. 2.1113470007988764
--------
nle(id0,id1,dist): 45 67 1.596941578904305
list:
dist: 1.596941578904305 vs. 1.596941578904305
--------
nle(id0,id1,dist): 45 66 1.9787367244891618
list:
dist: 1.9787367244891618 vs. 1.9787367244891618
--------
nle(id0,id1,dist): 45 69 4.070084334823048
list:
dist: 4.070084334823048 vs. 4.070084334823048
--------
nle(id0,id1,dist): 45 71 4.083119770784307
list:
dist: 4.083119770784307 vs. 4.083119770784307
--------
nle(id0,id1,dist): 45 70 3.645941288277628
list:
dist: 3.645941288277628 vs. 3.645941288277628
--------
nle(id0,id1,dist): 45 60 3.944311658880743
list:
dist: 3.944311658880743 vs. 3.944311658880743
--------
nle(id0,id1,dist): 45 62 3.6791145928191846
list:
dist: 3.6791145928191846 vs. 3.6791145928191846
--------
nle(id0,id1,dist): 45 63 2.4529304413954347
list:
dist: 2.4529304413954347 vs. 2.4529304413954347
--------
nle(id0,id1,dist): 46 55 2.926709897022033
list:
dist: 2.926709897022033 vs. 2.926709897022033
--------
nle(id0,id1,dist): 46 56 1.834805711452077
list:
dist: 1.834805711452077 vs. 1.834805711452077
--------
nle(id0,id1,dist): 46 51 1.838449032470049
list:
dist: 1.838449032470049 vs. 1.838449032470049
--------
nle(id0,id1,dist): 46 52 2.0644700868868737
list:
dist: 2.0644700868868737 vs. 2.0644700868868737
--------
nle(id0,id1,dist): 46 47 2.9889864738726812
list:
dist: 2.9889864738726812 vs. 2.9889864738726812
--------
nle(id0,id1,dist): 45 83 3.497110446090047
list:
dist: 3.497110446090047 vs. 3.497110446090047
--------
nle(id0,id1,dist): 47 58 2.5334589548346558
list:
dist: 2.5334589548346558 vs. 2.5334589548346558
--------
nle(id0,id1,dist): 47 54 2.694836243800479
list:
dist: 2.694836243800479 vs. 2.694836243800479
--------
nle(id0,id1,dist): 47 51 2.4286661548622264
list:
dist: 2.4286661548622264 vs. 2.4286661548622264
--------
nle(id0,id1,dist): 47 52 2.5323042535633116
list:
dist: 2.5323042535633116 vs. 2.5323042535633116
--------
nle(id0,id1,dist): 47 48 1.599758166050769
list:
dist: 1.599758166050769 vs. 1.599758166050769
--------
nle(id0,id1,dist): 47 49 2.4143609152493912
list:
dist: 2.4143609152493912 vs. 2.4143609152493912
--------
nle(id0,id1,dist): 55 56 1.1251834826564469
list:
dist: 1.1251834826564469 vs. 1.1251834826564469
--------
nle(id0,id1,dist): 55 58 3.21387243883635
list:
dist: 3.21387243883635 vs. 3.21387243883635
--------
nle(id0,id1,dist): 56 58 2.8546383023714323
list:
dist: 2.8546383023714323 vs. 2.8546383023714323
--------
nle(id0,id1,dist): 57 58 2.7144364651444546
list:
dist: 2.7144364651444546 vs. 2.7144364651444546
--------
nle(id0,id1,dist): 51 52 1.1207799308907498
list:
dist: 1.1207799308907498 vs. 1.1207799308907498
--------
nle(id0,id1,dist): 51 54 2.2485743111344068
list:
dist: 2.2485743111344068 vs. 2.2485743111344068
--------
nle(id0,id1,dist): 51 56 2.3495356141350565
list:
dist: 2.3495356141350565 vs. 2.3495356141350565
--------
nle(id0,id1,dist): 52 55 2.1968293674280486
list:
dist: 2.1968293674280486 vs. 2.1968293674280486
--------
nle(id0,id1,dist): 52 56 1.5680607758441965
list:
dist: 1.5680607758441965 vs. 1.5680607758441965
--------
nle(id0,id1,dist): 52 54 1.2180674299244965
list:
dist: 1.2180674299244965 vs. 1.2180674299244965
--------
nle(id0,id1,dist): 52 58 3.2108936766819354
list:
dist: 3.2108936766819354 vs. 3.2108936766819354
--------
nle(id0,id1,dist): 53 54 2.6323257508996156
list:
dist: 2.6323257508996156 vs. 2.6323257508996156
--------
nle(id0,id1,dist): 53 57 1.9081087053675583
list:
dist: 1.9081087053675583 vs. 1.9081087053675583
--------
nle(id0,id1,dist): 53 58 3.9344141753018635
list:
dist: 3.9344141753018635 vs. 3.9344141753018635
--------
nle(id0,id1,dist): 54 58 2.6783838009756376
list:
dist: 2.6783838009756376 vs. 2.6783838009756376
--------
nle(id0,id1,dist): 54 57 3.0032407117516886
list:
dist: 3.0032407117516886 vs. 3.0032407117516886
--------
nle(id0,id1,dist): 54 56 1.8913129945521696
list:
dist: 1.8913129945521696 vs. 1.8913129945521696
--------
nle(id0,id1,dist): 54 55 2.0166943663790544
list:
dist: 2.0166943663790544 vs. 2.0166943663790544
--------
nle(id0,id1,dist): 93 112 1.475493464128749
list:
dist: 1.475493464128749 vs. 1.475493464128749
--------
nle(id0,id1,dist): 93 114 3.2903512711549086
list:
dist: 3.2903512711549086 vs. 3.2903512711549086
--------
nle(id0,id1,dist): 93 115 2.0351292107778898
list:
dist: 2.0351292107778898 vs. 2.0351292107778898
--------
nle(id0,id1,dist): 93 116 3.9842466264297878
list:
dist: 3.9842466264297878 vs. 3.9842466264297878
--------
nle(id0,id1,dist): 93 117 3.9659054824039917
list:
dist: 3.9659054824039917 vs. 3.9659054824039917
--------
nle(id0,id1,dist): 93 118 1.8403107822029299
list:
dist: 1.8403107822029299 vs. 1.8403107822029299
--------
nle(id0,id1,dist): 93 119 3.2398060089579466
list:
dist: 3.2398060089579466 vs. 3.2398060089579466
--------
nle(id0,id1,dist): 93 97 3.064410715253054
list:
dist: 3.064410715253054 vs. 3.064410715253054
--------
nle(id0,id1,dist): 93 99 2.0897575114843674
list:
dist: 2.0897575114843674 vs. 2.0897575114843674
--------
nle(id0,id1,dist): 93 98 2.3340845963138
list:
dist: 2.3340845963138 vs. 2.3340845963138
--------
nle(id0,id1,dist): 93 101 1.3357603959920974
list:
dist: 1.3357603959920974 vs. 1.3357603959920974
--------
nle(id0,id1,dist): 93 100 2.6832232106778107
list:
dist: 2.6832232106778107 vs. 2.6832232106778107
--------
nle(id0,id1,dist): 93 102 0.8985769577434577
list:
dist: 0.8985769577434577 vs. 0.8985769577434577
--------
nle(id0,id1,dist): 93 105 2.307344931335163
list:
dist: 2.307344931335163 vs. 2.307344931335163
--------
nle(id0,id1,dist): 93 104 1.5180501680919312
list:
dist: 1.5180501680919312 vs. 1.5180501680919312
--------
nle(id0,id1,dist): 93 107 3.385191030214123
list:
dist: 3.385191030214123 vs. 3.385191030214123
--------
nle(id0,id1,dist): 93 106 3.5268691021865166
list:
dist: 3.5268691021865166 vs. 3.5268691021865166
--------
nle(id0,id1,dist): 93 109 4.74696067547119
list:
dist: 4.74696067547119 vs. 4.74696067547119
--------
nle(id0,id1,dist): 93 108 2.171955482459238
list:
dist: 2.171955482459238 vs. 2.171955482459238
--------
nle(id0,id1,dist): 93 111 2.151067192994525
list:
dist: 2.151067192994525 vs. 2.151067192994525
--------
nle(id0,id1,dist): 93 110 4.012398196998685
list:
dist: 4.012398196998685 vs. 4.012398196998685
--------
nle(id0,id1,dist): 94 111 2.7273536874708353
list:
dist: 2.7273536874708353 vs. 2.7273536874708353
--------
nle(id0,id1,dist): 94 112 1.7086698332621115
list:
dist: 1.7086698332621115 vs. 1.7086698332621115
--------
nle(id0,id1,dist): 94 118 2.3581385405516477
list:
dist: 2.3581385405516477 vs. 2.3581385405516477
--------
nle(id0,id1,dist): 94 115 2.2883452384242817
list:
dist: 2.2883452384242817 vs. 2.2883452384242817
--------
nle(id0,id1,dist): 94 96 3.4648816873263213
list:
dist: 3.4648816873263213 vs. 3.4648816873263213
--------
nle(id0,id1,dist): 94 95 2.599147529821439
list:
dist: 2.599147529821439 vs. 2.599147529821439
--------
nle(id0,id1,dist): 94 102 1.7454619960372288
list:
dist: 1.7454619960372288 vs. 1.7454619960372288
--------
nle(id0,id1,dist): 94 101 2.1653360715738557
list:
dist: 2.1653360715738557 vs. 2.1653360715738557
--------
nle(id0,id1,dist): 94 100 2.0932424156855176
list:
dist: 2.0932424156855176 vs. 2.0932424156855176
--------
nle(id0,id1,dist): 94 99 2.915442918172958
list:
dist: 2.915442918172958 vs. 2.915442918172958
--------
nle(id0,id1,dist): 94 105 3.1186101712705123
list:
dist: 3.1186101712705123 vs. 3.1186101712705123
--------
nle(id0,id1,dist): 94 104 2.1596284396631558
list:
dist: 2.1596284396631558 vs. 2.1596284396631558
--------
nle(id0,id1,dist): 94 103 2.202076764722981
list:
dist: 2.202076764722981 vs. 2.202076764722981
--------
nle(id0,id1,dist): 92 99 3.0206757319787556
list:
dist: 3.0206757319787556 vs. 3.0206757319787556
--------
nle(id0,id1,dist): 92 100 2.7368972198399915
list:
dist: 2.7368972198399915 vs. 2.7368972198399915
--------
nle(id0,id1,dist): 92 93 1.4207128277410634
list:
dist: 1.4207128277410634 vs. 1.4207128277410634
--------
nle(id0,id1,dist): 92 94 0.8925905747917139
list:
dist: 0.8925905747917139 vs. 0.8925905747917139
--------
nle(id0,id1,dist): 92 95 2.453478319390612
list:
dist: 2.453478319390612 vs. 2.453478319390612
--------
nle(id0,id1,dist): 92 96 2.8134659753315137
list:
dist: 2.8134659753315137 vs. 2.8134659753315137
--------
nle(id0,id1,dist): 91 111 2.6364278795651446
list:
dist: 2.6364278795651446 vs. 2.6364278795651446
--------
nle(id0,id1,dist): 91 112 2.3795232831966606
list:
dist: 2.3795232831966606 vs. 2.3795232831966606
--------
nle(id0,id1,dist): 91 107 3.316287463504289
list:
dist: 3.316287463504289 vs. 3.316287463504289
--------
nle(id0,id1,dist): 91 106 3.070426227205746
list:
dist: 3.070426227205746 vs. 3.070426227205746
--------
nle(id0,id1,dist): 91 119 3.1731349795007393
list:
dist: 3.1731349795007393 vs. 3.1731349795007393
--------
nle(id0,id1,dist): 91 118 2.30097224125684
list:
dist: 2.30097224125684 vs. 2.30097224125684
--------
nle(id0,id1,dist): 91 115 2.7773993020707626
list:
dist: 2.7773993020707626 vs. 2.7773993020707626
--------
nle(id0,id1,dist): 91 117 4.007567637945085
list:
dist: 4.007567637945085 vs. 4.007567637945085
--------
nle(id0,id1,dist): 92 118 2.1409255305463963
list:
dist: 2.1409255305463963 vs. 2.1409255305463963
--------
nle(id0,id1,dist): 93 94 0.8871138569639494
list:
dist: 0.8871138569639494 vs. 0.8871138569639494
--------
nle(id0,id1,dist): 93 95 1.9458358186142104
list:
dist: 1.9458358186142104 vs. 1.9458358186142104
--------
nle(id0,id1,dist): 92 105 3.2089522609554835
list:
dist: 3.2089522609554835 vs. 3.2089522609554835
--------
nle(id0,id1,dist): 92 104 2.543464328003672
list:
dist: 2.543464328003672 vs. 2.543464328003672
--------
nle(id0,id1,dist): 92 103 2.179130735298949
list:
dist: 2.179130735298949 vs. 2.179130735298949
--------
nle(id0,id1,dist): 92 102 2.0106592443288775
list:
dist: 2.0106592443288775 vs. 2.0106592443288775
--------
nle(id0,id1,dist): 92 101 2.339974393456641
list:
dist: 2.339974393456641 vs. 2.339974393456641
--------
nle(id0,id1,dist): 92 115 2.1153533783308247
list:
dist: 2.1153533783308247 vs. 2.1153533783308247
--------
nle(id0,id1,dist): 92 112 1.9541527447782234
list:
dist: 1.9541527447782234 vs. 1.9541527447782234
--------
nle(id0,id1,dist): 92 111 2.5528220345592034
list:
dist: 2.5528220345592034 vs. 2.5528220345592034
--------
nle(id0,id1,dist): 97 101 1.7766726426244699
list:
dist: 1.7766726426244699 vs. 1.7766726426244699
--------
nle(id0,id1,dist): 97 102 2.200841447324693
list:
dist: 2.200841447324693 vs. 2.200841447324693
--------
nle(id0,id1,dist): 97 105 0.9836446754960351
list:
dist: 0.9836446754960351 vs. 0.9836446754960351
--------
nle(id0,id1,dist): 97 104 2.882608506023287
list:
dist: 2.882608506023287 vs. 2.882608506023287
--------
nle(id0,id1,dist): 97 107 1.387908087399458
list:
dist: 1.387908087399458 vs. 1.387908087399458
--------
nle(id0,id1,dist): 97 106 3.0372963834987576
list:
dist: 3.0372963834987576 vs. 3.0372963834987576
--------
nle(id0,id1,dist): 97 99 1.1599468113580855
list:
dist: 1.1599468113580855 vs. 1.1599468113580855
--------
nle(id0,id1,dist): 96 115 2.026512672263411
list:
dist: 2.026512672263411 vs. 2.026512672263411
--------
nle(id0,id1,dist): 96 118 2.5715377383033142
list:
dist: 2.5715377383033142 vs. 2.5715377383033142
--------
nle(id0,id1,dist): 98 102 2.177502964030579
list:
dist: 2.177502964030579 vs. 2.177502964030579
--------
nle(id0,id1,dist): 98 101 2.2292457479158743
list:
dist: 2.2292457479158743 vs. 2.2292457479158743
--------
nle(id0,id1,dist): 98 99 2.5995576753039673
list:
dist: 2.5995576753039673 vs. 2.5995576753039673
--------
nle(id0,id1,dist): 97 118 1.7476436401857005
list:
dist: 1.7476436401857005 vs. 1.7476436401857005
--------
nle(id0,id1,dist): 97 119 0.9497379551402124
list:
dist: 0.9497379551402124 vs. 0.9497379551402124
--------
nle(id0,id1,dist): 97 116 0.9468425217413801
list:
dist: 0.9468425217413801 vs. 0.9468425217413801
--------
nle(id0,id1,dist): 97 117 1.6345420568057896
list:
dist: 1.6345420568057896 vs. 1.6345420568057896
--------
nle(id0,id1,dist): 97 110 1.0182806749724103
list:
dist: 1.0182806749724103 vs. 1.0182806749724103
--------
nle(id0,id1,dist): 97 111 1.4750306630356633
list:
dist: 1.4750306630356633 vs. 1.4750306630356633
--------
nle(id0,id1,dist): 97 108 1.530087151088531
list:
dist: 1.530087151088531 vs. 1.530087151088531
--------
nle(id0,id1,dist): 97 109 1.8922956942962523
list:
dist: 1.8922956942962523 vs. 1.8922956942962523
--------
nle(id0,id1,dist): 97 114 0.6786777925698355
list:
dist: 0.6786777925698355 vs. 0.6786777925698355
--------
nle(id0,id1,dist): 97 113 1.9622407424327732
list:
dist: 1.9622407424327732 vs. 1.9622407424327732
--------
nle(id0,id1,dist): 95 115 2.110212758855353
list:
dist: 2.110212758855353 vs. 2.110212758855353
--------
nle(id0,id1,dist): 95 114 1.7595306840223146
list:
dist: 1.7595306840223146 vs. 1.7595306840223146
--------
nle(id0,id1,dist): 95 117 2.5638714620081178
list:
dist: 2.5638714620081178 vs. 2.5638714620081178
--------
nle(id0,id1,dist): 95 116 2.161248236886618
list:
dist: 2.161248236886618 vs. 2.161248236886618
--------
nle(id0,id1,dist): 95 111 1.0946510306121144
list:
dist: 1.0946510306121144 vs. 1.0946510306121144
--------
nle(id0,id1,dist): 95 110 2.314676470092499
list:
dist: 2.314676470092499 vs. 2.314676470092499
--------
nle(id0,id1,dist): 95 112 2.446665358947484
list:
dist: 2.446665358947484 vs. 2.446665358947484
--------
nle(id0,id1,dist): 95 107 1.9521984664126268
list:
dist: 1.9521984664126268 vs. 1.9521984664126268
--------
nle(id0,id1,dist): 95 106 2.860747824780698
list:
dist: 2.860747824780698 vs. 2.860747824780698
--------
nle(id0,id1,dist): 95 109 3.190317500123446
list:
dist: 3.190317500123446 vs. 3.190317500123446
--------
nle(id0,id1,dist): 95 108 1.5336187902831044
list:
dist: 1.5336187902831044 vs. 1.5336187902831044
--------
nle(id0,id1,dist): 95 102 1.2118892970801858
list:
dist: 1.2118892970801858 vs. 1.2118892970801858
--------
nle(id0,id1,dist): 95 105 1.174190671209466
list:
dist: 1.174190671209466 vs. 1.174190671209466
--------
nle(id0,id1,dist): 95 104 1.9279911145681576
list:
dist: 1.9279911145681576 vs. 1.9279911145681576
--------
nle(id0,id1,dist): 95 98 2.4676939947896623
list:
dist: 2.4676939947896623 vs. 2.4676939947896623
--------
nle(id0,id1,dist): 95 99 0.8940377206189977
list:
dist: 0.8940377206189977 vs. 0.8940377206189977
--------
nle(id0,id1,dist): 95 100 4.562059330031246
list:
dist: 4.562059330031246 vs. 4.562059330031246
--------
nle(id0,id1,dist): 95 101 0.9127504535069907
list:
dist: 0.9127504535069907 vs. 0.9127504535069907
--------
nle(id0,id1,dist): 95 96 3.397284569000788
list:
dist: 3.397284569000788 vs. 3.397284569000788
--------
nle(id0,id1,dist): 95 97 1.3316345212931566
list:
dist: 1.3316345212931566 vs. 1.3316345212931566
--------
nle(id0,id1,dist): 96 112 2.8577039799794193
list:
dist: 2.8577039799794193 vs. 2.8577039799794193
--------
nle(id0,id1,dist): 96 111 2.7103710911954133
list:
dist: 2.7103710911954133 vs. 2.7103710911954133
--------
nle(id0,id1,dist): 96 103 4.025002651598125
list:
dist: 4.025002651598125 vs. 4.025002651598125
--------
nle(id0,id1,dist): 96 98 2.5056189872127494
list:
dist: 2.5056189872127494 vs. 2.5056189872127494
--------
nle(id0,id1,dist): 95 118 0.9890609526896075
list:
dist: 0.9890609526896075 vs. 0.9890609526896075
--------
nle(id0,id1,dist): 95 119 1.3568136547719694
list:
dist: 1.3568136547719694 vs. 1.3568136547719694
--------
nle(id0,id1,dist): 87 88 0.627740633294744
list:
dist: 0.627740633294744 vs. 0.627740633294744
--------
nle(id0,id1,dist): 87 89 3.4806483110472466
list:
dist: 3.4806483110472466 vs. 3.4806483110472466
--------
nle(id0,id1,dist): 85 86 3.3842204413369537
list:
dist: 3.3842204413369537 vs. 3.3842204413369537
--------
nle(id0,id1,dist): 85 88 3.655306558506663
list:
dist: 3.655306558506663 vs. 3.655306558506663
--------
nle(id0,id1,dist): 85 89 2.0226028852693756
list:
dist: 2.0226028852693756 vs. 2.0226028852693756
--------
nle(id0,id1,dist): 86 87 1.5146604156287429
list:
dist: 1.5146604156287429 vs. 1.5146604156287429
--------
nle(id0,id1,dist): 86 88 1.2178740487833892
list:
dist: 1.2178740487833892 vs. 1.2178740487833892
--------
nle(id0,id1,dist): 86 89 3.4817779756778484
list:
dist: 3.4817779756778484 vs. 3.4817779756778484
--------
nle(id0,id1,dist): 91 99 2.2523723360412884
list:
dist: 2.2523723360412884 vs. 2.2523723360412884
--------
nle(id0,id1,dist): 91 101 1.628962789743221
list:
dist: 1.628962789743221 vs. 1.628962789743221
--------
nle(id0,id1,dist): 91 100 2.6812723259555638
list:
dist: 2.6812723259555638 vs. 2.6812723259555638
--------
nle(id0,id1,dist): 91 102 1.3021439932610719
list:
dist: 1.3021439932610719 vs. 1.3021439932610719
--------
nle(id0,id1,dist): 91 105 2.6757599082333376
list:
dist: 2.6757599082333376 vs. 2.6757599082333376
--------
nle(id0,id1,dist): 91 104 1.0327627272718483
list:
dist: 1.0327627272718483 vs. 1.0327627272718483
--------
nle(id0,id1,dist): 91 93 0.9252961475709343
list:
dist: 0.9252961475709343 vs. 0.9252961475709343
--------
nle(id0,id1,dist): 91 92 1.5805723412368535
list:
dist: 1.5805723412368535 vs. 1.5805723412368535
--------
nle(id0,id1,dist): 91 95 2.0379691146127135
list:
dist: 2.0379691146127135 vs. 2.0379691146127135
--------
nle(id0,id1,dist): 91 94 1.2275824824632058
list:
dist: 1.2275824824632058 vs. 1.2275824824632058
--------
nle(id0,id1,dist): 91 97 3.266142950901016
list:
dist: 3.266142950901016 vs. 3.266142950901016
--------
nle(id0,id1,dist): 88 89 3.162462379831927
list:
dist: 3.162462379831927 vs. 3.162462379831927
--------
nle(id0,id1,dist): 81 88 3.9483287739725843
list:
dist: 3.9483287739725843 vs. 3.9483287739725843
--------
nle(id0,id1,dist): 81 89 3.4288621220063105
list:
dist: 3.4288621220063105 vs. 3.4288621220063105
--------
nle(id0,id1,dist): 81 86 3.863251287613265
list:
dist: 3.863251287613265 vs. 3.863251287613265
--------
nle(id0,id1,dist): 81 87 3.7792771426632576
list:
dist: 3.7792771426632576 vs. 3.7792771426632576
--------
nle(id0,id1,dist): 81 84 3.9205490295132326
list:
dist: 3.9205490295132326 vs. 3.9205490295132326
--------
nle(id0,id1,dist): 81 85 4.397150263809558
list:
dist: 4.397150263809558 vs. 4.397150263809558
--------
nle(id0,id1,dist): 80 85 2.1315298396884077
list:
dist: 2.1315298396884077 vs. 2.1315298396884077
--------
nle(id0,id1,dist): 80 86 3.034450829601754
list:
dist: 3.034450829601754 vs. 3.034450829601754
--------
nle(id0,id1,dist): 80 88 3.6147845496319015
list:
dist: 3.6147845496319015 vs. 3.6147845496319015
--------
nle(id0,id1,dist): 80 82 1.6811916582451767
list:
dist: 1.6811916582451767 vs. 1.6811916582451767
--------
nle(id0,id1,dist): 80 83 2.8240811396139502
list:
dist: 2.8240811396139502 vs. 2.8240811396139502
--------
nle(id0,id1,dist): 80 84 3.4541253040623374
list:
dist: 3.4541253040623374 vs. 3.4541253040623374
--------
nle(id0,id1,dist): 80 89 3.747016828117148
list:
dist: 3.747016828117148 vs. 3.747016828117148
--------
nle(id0,id1,dist): 79 88 3.216063559023781
list:
dist: 3.216063559023781 vs. 3.216063559023781
--------
nle(id0,id1,dist): 79 86 2.456348256034143
list:
dist: 2.456348256034143 vs. 2.456348256034143
--------
nle(id0,id1,dist): 79 80 3.715631966691093
list:
dist: 3.715631966691093 vs. 3.715631966691093
--------
nle(id0,id1,dist): 79 84 2.4072959610578937
list:
dist: 2.4072959610578937 vs. 2.4072959610578937
--------
nle(id0,id1,dist): 79 83 2.2577783700102834
list:
dist: 2.2577783700102834 vs. 2.2577783700102834
--------
nle(id0,id1,dist): 78 80 3.4062222050566042
list:
dist: 3.4062222050566042 vs. 3.4062222050566042
--------
nle(id0,id1,dist): 78 79 1.290771953052666
list:
dist: 1.290771953052666 vs. 1.290771953052666
--------
nle(id0,id1,dist): 78 84 1.9417661744962997
list:
dist: 1.9417661744962997 vs. 1.9417661744962997
--------
nle(id0,id1,dist): 78 83 1.7092523020085497
list:
dist: 1.7092523020085497 vs. 1.7092523020085497
--------
nle(id0,id1,dist): 78 86 1.8828887959969274
list:
dist: 1.8828887959969274 vs. 1.8828887959969274
--------
nle(id0,id1,dist): 78 88 2.981807616106509
list:
dist: 2.981807616106509 vs. 2.981807616106509
--------
nle(id0,id1,dist): 84 89 3.745367152024467
list:
dist: 3.745367152024467 vs. 3.745367152024467
--------
nle(id0,id1,dist): 84 87 1.2404032977960384
list:
dist: 1.2404032977960384 vs. 1.2404032977960384
--------
nle(id0,id1,dist): 84 88 1.103626864968511
list:
dist: 1.103626864968511 vs. 1.103626864968511
--------
nle(id0,id1,dist): 84 85 3.806942291307864
list:
dist: 3.806942291307864 vs. 3.806942291307864
--------
nle(id0,id1,dist): 84 86 0.457739863049569
list:
dist: 0.457739863049569 vs. 0.457739863049569
--------
nle(id0,id1,dist): 82 89 2.182657706938367
list:
dist: 2.182657706938367 vs. 2.182657706938367
--------
nle(id0,id1,dist): 82 88 3.337411415052978
list:
dist: 3.337411415052978 vs. 3.337411415052978
--------
nle(id0,id1,dist): 81 116 1.9799611472016
list:
dist: 1.9799611472016 vs. 1.9799611472016
--------
nle(id0,id1,dist): 81 119 1.6239807436483547
list:
dist: 1.6239807436483547 vs. 1.6239807436483547
--------
nle(id0,id1,dist): 81 118 2.3894972355963864
list:
dist: 2.3894972355963864 vs. 2.3894972355963864
--------
nle(id0,id1,dist): 82 84 3.519525817907802
list:
dist: 3.519525817907802 vs. 3.519525817907802
--------
nle(id0,id1,dist): 82 86 3.098764070392434
list:
dist: 3.098764070392434 vs. 3.098764070392434
--------
nle(id0,id1,dist): 82 85 0.6104062786911824
list:
dist: 0.6104062786911824 vs. 0.6104062786911824
--------
nle(id0,id1,dist): 81 111 2.358434047052436
list:
dist: 2.358434047052436 vs. 2.358434047052436
--------
nle(id0,id1,dist): 81 110 2.3787923949725034
list:
dist: 2.3787923949725034 vs. 2.3787923949725034
--------
nle(id0,id1,dist): 81 114 2.3803338885620344
list:
dist: 2.3803338885620344 vs. 2.3803338885620344
--------
nle(id0,id1,dist): 81 95 2.056280069052322
list:
dist: 2.056280069052322 vs. 2.056280069052322
--------
nle(id0,id1,dist): 81 97 2.0624921362832547
list:
dist: 2.0624921362832547 vs. 2.0624921362832547
--------
nle(id0,id1,dist): 74 76 3.265310693239346
list:
dist: 3.265310693239346 vs. 3.265310693239346
--------
nle(id0,id1,dist): 74 78 2.6420491588013113
list:
dist: 2.6420491588013113 vs. 2.6420491588013113
--------
nle(id0,id1,dist): 74 83 1.089128829760235
list:
dist: 1.089128829760235 vs. 1.089128829760235
--------
nle(id0,id1,dist): 74 79 2.9139649124046025
list:
dist: 2.9139649124046025 vs. 2.9139649124046025
--------
nle(id0,id1,dist): 74 80 3.485621103987707
list:
dist: 3.485621103987707 vs. 3.485621103987707
--------
nle(id0,id1,dist): 73 74 2.3961714872643145
list:
dist: 2.3961714872643145 vs. 2.3961714872643145
--------
nle(id0,id1,dist): 73 83 1.8464858018783958
list:
dist: 1.8464858018783958 vs. 1.8464858018783958
--------
nle(id0,id1,dist): 73 82 2.5972877846228593
list:
dist: 2.5972877846228593 vs. 2.5972877846228593
--------
nle(id0,id1,dist): 73 80 1.3138716704047468
list:
dist: 1.3138716704047468 vs. 1.3138716704047468
--------
nle(id0,id1,dist): 73 79 3.4765604788856304
list:
dist: 3.4765604788856304 vs. 3.4765604788856304
--------
nle(id0,id1,dist): 73 78 2.938602238668992
list:
dist: 2.938602238668992 vs. 2.938602238668992
--------
nle(id0,id1,dist): 73 77 2.519527905483513
list:
dist: 2.519527905483513 vs. 2.519527905483513
--------
nle(id0,id1,dist): 73 76 1.5021094632532643
list:
dist: 1.5021094632532643 vs. 1.5021094632532643
--------
nle(id0,id1,dist): 73 85 2.837860886461
list:
dist: 2.837860886461 vs. 2.837860886461
--------
nle(id0,id1,dist): 72 73 1.0734549093005568
list:
dist: 1.0734549093005568 vs. 1.0734549093005568
--------
nle(id0,id1,dist): 72 76 1.5818926181401816
list:
dist: 1.5818926181401816 vs. 1.5818926181401816
--------
nle(id0,id1,dist): 72 77 1.9910413009058594
list:
dist: 1.9910413009058594 vs. 1.9910413009058594
--------
nle(id0,id1,dist): 72 80 0.6813196245838867
list:
dist: 0.6813196245838867 vs. 0.6813196245838867
--------
nle(id0,id1,dist): 72 82 1.9390111813365607
list:
dist: 1.9390111813365607 vs. 1.9390111813365607
--------
nle(id0,id1,dist): 72 85 2.246158700791559
list:
dist: 2.246158700791559 vs. 2.246158700791559
--------
nle(id0,id1,dist): 71 80 1.411261071195972
list:
dist: 1.411261071195972 vs. 1.411261071195972
--------
nle(id0,id1,dist): 71 79 3.8051710219940844
list:
dist: 3.8051710219940844 vs. 3.8051710219940844
--------
nle(id0,id1,dist): 71 78 3.065431104292839
list:
dist: 3.065431104292839 vs. 3.065431104292839
--------
nle(id0,id1,dist): 71 85 2.246582926975394
list:
dist: 2.246582926975394 vs. 2.246582926975394
--------
nle(id0,id1,dist): 71 83 2.2693426892615074
list:
dist: 2.2693426892615074 vs. 2.2693426892615074
--------
nle(id0,id1,dist): 71 82 2.130889024848381
list:
dist: 2.130889024848381 vs. 2.130889024848381
--------
nle(id0,id1,dist): 77 88 3.3879379884742633
list:
dist: 3.3879379884742633 vs. 3.3879379884742633
--------
nle(id0,id1,dist): 77 89 2.1533618381459476
list:
dist: 2.1533618381459476 vs. 2.1533618381459476
--------
nle(id0,id1,dist): 77 84 3.4798480381433143
list:
dist: 3.4798480381433143 vs. 3.4798480381433143
--------
nle(id0,id1,dist): 77 85 0.39312623093729065
list:
dist: 0.39312623093729065 vs. 0.39312623093729065
--------
nle(id0,id1,dist): 77 86 3.0480818210123295
list:
dist: 3.0480818210123295 vs. 3.0480818210123295
--------
nle(id0,id1,dist): 77 80 1.820135106242988
list:
dist: 1.820135106242988 vs. 1.820135106242988
--------
nle(id0,id1,dist): 77 81 4.362514335685879
list:
dist: 4.362514335685879 vs. 4.362514335685879
--------
nle(id0,id1,dist): 77 82 0.4454664588274827
list:
dist: 0.4454664588274827 vs. 0.4454664588274827
--------
nle(id0,id1,dist): 76 89 3.4858900722543016
list:
dist: 3.4858900722543016 vs. 3.4858900722543016
--------
nle(id0,id1,dist): 76 88 2.7100165643462746
list:
dist: 2.7100165643462746 vs. 2.7100165643462746
--------
nle(id0,id1,dist): 76 85 2.2961753632624298
list:
dist: 2.2961753632624298 vs. 2.2961753632624298
--------
nle(id0,id1,dist): 76 86 1.9811426396494802
list:
dist: 1.9811426396494802 vs. 1.9811426396494802
--------
nle(id0,id1,dist): 75 90 2.319653556372
list:
dist: 2.319653556372 vs. 2.319653556372
--------
nle(id0,id1,dist): 76 78 2.4719727214181746
list:
dist: 2.4719727214181746 vs. 2.4719727214181746
--------
nle(id0,id1,dist): 76 77 1.9068031260316831
list:
dist: 1.9068031260316831 vs. 1.9068031260316831
--------
nle(id0,id1,dist): 76 80 1.074864130186068
list:
dist: 1.074864130186068 vs. 1.074864130186068
--------
nle(id0,id1,dist): 76 79 2.9137128080026935
list:
dist: 2.9137128080026935 vs. 2.9137128080026935
--------
nle(id0,id1,dist): 76 82 1.8763672814447179
list:
dist: 1.8763672814447179 vs. 1.8763672814447179
--------
nle(id0,id1,dist): 76 84 2.403931738778296
list:
dist: 2.403931738778296 vs. 2.403931738778296
--------
nle(id0,id1,dist): 76 83 2.3537813519344573
list:
dist: 2.3537813519344573 vs. 2.3537813519344573
--------
nle(id0,id1,dist): 120 146 2.620890954887106
list:
dist: 2.620890954887106 vs. 2.620890954887106
--------
nle(id0,id1,dist): 120 147 4.242429905678024
list:
dist: 4.242429905678024 vs. 4.242429905678024
--------
nle(id0,id1,dist): 120 148 2.5889263656768415
list:
dist: 2.5889263656768415 vs. 2.5889263656768415
--------
nle(id0,id1,dist): 120 144 3.3563203247060027
list:
dist: 3.3563203247060027 vs. 3.3563203247060027
--------
nle(id0,id1,dist): 120 130 1.7106001940500104
list:
dist: 1.7106001940500104 vs. 1.7106001940500104
--------
nle(id0,id1,dist): 120 132 1.9278039254376271
list:
dist: 1.9278039254376271 vs. 1.9278039254376271
--------
nle(id0,id1,dist): 120 136 3.7284688406776403
list:
dist: 3.7284688406776403 vs. 3.7284688406776403
--------
nle(id0,id1,dist): 120 121 3.8682791860917267
list:
dist: 3.8682791860917267 vs. 3.8682791860917267
--------
nle(id0,id1,dist): 120 123 2.7372674549205254
list:
dist: 2.7372674549205254 vs. 2.7372674549205254
--------
nle(id0,id1,dist): 120 126 3.259603746050975
list:
dist: 3.259603746050975 vs. 3.259603746050975
--------
nle(id0,id1,dist): 120 125 2.292406892309534
list:
dist: 2.292406892309534 vs. 2.292406892309534
--------
nle(id0,id1,dist): 120 128 2.799549769284143
list:
dist: 2.799549769284143 vs. 2.799549769284143
--------
nle(id0,id1,dist): 121 143 4.3416491779825135
list:
dist: 4.3416491779825135 vs. 4.3416491779825135
--------
nle(id0,id1,dist): 121 140 3.2539857809578856
list:
dist: 3.2539857809578856 vs. 3.2539857809578856
--------
nle(id0,id1,dist): 121 146 4.000569698203165
list:
dist: 4.000569698203165 vs. 4.000569698203165
--------
nle(id0,id1,dist): 121 147 2.2754620940615147
list:
dist: 2.2754620940615147 vs. 2.2754620940615147
--------
nle(id0,id1,dist): 121 144 2.5443688090059866
list:
dist: 2.5443688090059866 vs. 2.5443688090059866
--------
nle(id0,id1,dist): 121 145 3.980126713711921
list:
dist: 3.980126713711921 vs. 3.980126713711921
--------
nle(id0,id1,dist): 121 138 4.070183004881501
list:
dist: 4.070183004881501 vs. 4.070183004881501
--------
nle(id0,id1,dist): 121 136 2.5542927043414423
list:
dist: 2.5542927043414423 vs. 2.5542927043414423
--------
nle(id0,id1,dist): 121 126 2.1406372963767466
list:
dist: 2.1406372963767466 vs. 2.1406372963767466
--------
nle(id0,id1,dist): 121 125 1.8957961831171475
list:
dist: 1.8957961831171475 vs. 1.8957961831171475
--------
nle(id0,id1,dist): 121 124 3.4480984733124624
list:
dist: 3.4480984733124624 vs. 3.4480984733124624
--------
nle(id0,id1,dist): 121 131 3.48067675874432
list:
dist: 3.48067675874432 vs. 3.48067675874432
--------
nle(id0,id1,dist): 121 129 4.090932877824868
list:
dist: 4.090932877824868 vs. 4.090932877824868
--------
nle(id0,id1,dist): 121 123 3.209046745007012
list:
dist: 3.209046745007012 vs. 3.209046745007012
--------
nle(id0,id1,dist): 122 132 2.5698601806043193
list:
dist: 2.5698601806043193 vs. 2.5698601806043193
--------
nle(id0,id1,dist): 122 131 2.2874049335363993
list:
dist: 2.2874049335363993 vs. 2.2874049335363993
--------
nle(id0,id1,dist): 122 134 1.7170106748207885
list:
dist: 1.7170106748207885 vs. 1.7170106748207885
--------
nle(id0,id1,dist): 122 127 0.7335628617945619
list:
dist: 0.7335628617945619 vs. 0.7335628617945619
--------
nle(id0,id1,dist): 122 129 3.6894408101848155
list:
dist: 3.6894408101848155 vs. 3.6894408101848155
--------
nle(id0,id1,dist): 122 140 3.928414021490468
list:
dist: 3.928414021490468 vs. 3.928414021490468
--------
nle(id0,id1,dist): 122 139 3.3540555529430027
list:
dist: 3.3540555529430027 vs. 3.3540555529430027
--------
nle(id0,id1,dist): 122 141 1.900696907639668
list:
dist: 1.900696907639668 vs. 1.900696907639668
--------
nle(id0,id1,dist): 122 136 3.3557477768926227
list:
dist: 3.3557477768926227 vs. 3.3557477768926227
--------
nle(id0,id1,dist): 122 135 0.8380022160812974
list:
dist: 0.8380022160812974 vs. 0.8380022160812974
--------
nle(id0,id1,dist): 122 138 1.6896766555991882
list:
dist: 1.6896766555991882 vs. 1.6896766555991882
--------
nle(id0,id1,dist): 122 137 1.2839511750320003
list:
dist: 1.2839511750320003 vs. 1.2839511750320003
--------
nle(id0,id1,dist): 121 148 3.470519471336654
list:
dist: 3.470519471336654 vs. 3.470519471336654
--------
nle(id0,id1,dist): 121 149 3.5164378070207127
list:
dist: 3.5164378070207127 vs. 3.5164378070207127
--------
nle(id0,id1,dist): 122 123 2.5424712922665953
list:
dist: 2.5424712922665953 vs. 2.5424712922665953
--------
nle(id0,id1,dist): 122 124 3.0021153857788927
list:
dist: 3.0021153857788927 vs. 3.0021153857788927
--------
nle(id0,id1,dist): 122 126 3.801367221878784
list:
dist: 3.801367221878784 vs. 3.801367221878784
--------
nle(id0,id1,dist): 123 129 3.0363567007108405
list:
dist: 3.0363567007108405 vs. 3.0363567007108405
--------
nle(id0,id1,dist): 123 128 4.003591138366594
list:
dist: 4.003591138366594 vs. 4.003591138366594
--------
nle(id0,id1,dist): 123 127 2.191030089075499
list:
dist: 2.191030089075499 vs. 2.191030089075499
--------
nle(id0,id1,dist): 123 126 1.919104571652888
list:
dist: 1.919104571652888 vs. 1.919104571652888
--------
nle(id0,id1,dist): 123 125 2.195534877787852
list:
dist: 2.195534877787852 vs. 2.195534877787852
--------
nle(id0,id1,dist): 123 124 1.9914768730530945
list:
dist: 1.9914768730530945 vs. 1.9914768730530945
--------
nle(id0,id1,dist): 123 136 1.5207942527947285
list:
dist: 1.5207942527947285 vs. 1.5207942527947285
--------
nle(id0,id1,dist): 123 135 2.9843315096430283
list:
dist: 2.9843315096430283 vs. 2.9843315096430283
--------
nle(id0,id1,dist): 123 134 2.800842894143107
list:
dist: 2.800842894143107 vs. 2.800842894143107
--------
nle(id0,id1,dist): 123 132 2.5007636682062886
list:
dist: 2.5007636682062886 vs. 2.5007636682062886
--------
nle(id0,id1,dist): 123 131 1.186122483618015
list:
dist: 1.186122483618015 vs. 1.186122483618015
--------
nle(id0,id1,dist): 123 130 4.1519784535046185
list:
dist: 4.1519784535046185 vs. 4.1519784535046185
--------
nle(id0,id1,dist): 122 148 2.293457829655183
list:
dist: 2.293457829655183 vs. 2.293457829655183
--------
nle(id0,id1,dist): 122 145 1.8182867527537339
list:
dist: 1.8182867527537339 vs. 1.8182867527537339
--------
nle(id0,id1,dist): 122 146 1.805707943768922
list:
dist: 1.805707943768922 vs. 1.805707943768922
--------
nle(id0,id1,dist): 122 143 3.388056560394416
list:
dist: 3.388056560394416 vs. 3.388056560394416
--------
nle(id0,id1,dist): 122 144 3.212381610621761
list:
dist: 3.212381610621761 vs. 3.212381610621761
--------
nle(id0,id1,dist): 124 126 1.7655937800332833
list:
dist: 1.7655937800332833 vs. 1.7655937800332833
--------
nle(id0,id1,dist): 124 127 3.125595946194383
list:
dist: 3.125595946194383 vs. 3.125595946194383
--------
nle(id0,id1,dist): 124 129 1.1324095914358852
list:
dist: 1.1324095914358852 vs. 1.1324095914358852
--------
nle(id0,id1,dist): 124 132 4.054788971182984
list:
dist: 4.054788971182984 vs. 4.054788971182984
--------
nle(id0,id1,dist): 124 131 1.083762612846784
list:
dist: 1.083762612846784 vs. 1.083762612846784
--------
nle(id0,id1,dist): 123 138 1.077094494679215
list:
dist: 1.077094494679215 vs. 1.077094494679215
--------
nle(id0,id1,dist): 123 140 2.810177815978098
list:
dist: 2.810177815978098 vs. 2.810177815978098
--------
nle(id0,id1,dist): 123 143 2.925399253059872
list:
dist: 2.925399253059872 vs. 2.925399253059872
--------
nle(id0,id1,dist): 123 144 1.3207589101751058
list:
dist: 1.3207589101751058 vs. 1.3207589101751058
--------
nle(id0,id1,dist): 123 145 1.3830825858291076
list:
dist: 1.3830825858291076 vs. 1.3830825858291076
--------
nle(id0,id1,dist): 123 146 0.9299750265522615
list:
dist: 0.9299750265522615 vs. 0.9299750265522615
--------
nle(id0,id1,dist): 123 147 2.2960975836813327
list:
dist: 2.2960975836813327 vs. 2.2960975836813327
--------
nle(id0,id1,dist): 123 148 1.0169759934469722
list:
dist: 1.0169759934469722 vs. 1.0169759934469722
--------
nle(id0,id1,dist): 123 149 3.2494585996022
list:
dist: 3.2494585996022 vs. 3.2494585996022
--------
nle(id0,id1,dist): 124 149 1.4811042519505428
list:
dist: 1.4811042519505428 vs. 1.4811042519505428
--------
nle(id0,id1,dist): 125 126 1.2891415551446792
list:
dist: 1.2891415551446792 vs. 1.2891415551446792
--------
nle(id0,id1,dist): 124 135 3.242843566703241
list:
dist: 3.242843566703241 vs. 3.242843566703241
--------
nle(id0,id1,dist): 124 136 0.961638126463995
list:
dist: 0.961638126463995 vs. 0.961638126463995
--------
nle(id0,id1,dist): 124 134 1.978867479228359
list:
dist: 1.978867479228359 vs. 1.978867479228359
--------
nle(id0,id1,dist): 124 139 2.9301703803361705
list:
dist: 2.9301703803361705 vs. 2.9301703803361705
--------
nle(id0,id1,dist): 124 140 1.0427037892001667
list:
dist: 1.0427037892001667 vs. 1.0427037892001667
--------
nle(id0,id1,dist): 124 137 3.4386800481638327
list:
dist: 3.4386800481638327 vs. 3.4386800481638327
--------
nle(id0,id1,dist): 124 138 1.700124062824969
list:
dist: 1.700124062824969 vs. 1.700124062824969
--------
nle(id0,id1,dist): 124 143 1.2182393606784743
list:
dist: 1.2182393606784743 vs. 1.2182393606784743
--------
nle(id0,id1,dist): 124 144 1.1840249671264966
list:
dist: 1.1840249671264966 vs. 1.1840249671264966
--------
nle(id0,id1,dist): 124 141 2.3828822348109613
list:
dist: 2.3828822348109613 vs. 2.3828822348109613
--------
nle(id0,id1,dist): 124 147 1.2931038383140527
list:
dist: 1.2931038383140527 vs. 1.2931038383140527
--------
nle(id0,id1,dist): 124 148 1.959266935263623
list:
dist: 1.959266935263623 vs. 1.959266935263623
--------
nle(id0,id1,dist): 124 145 1.2775910607556904
list:
dist: 1.2775910607556904 vs. 1.2775910607556904
--------
nle(id0,id1,dist): 124 146 2.3858363827467666
list:
dist: 2.3858363827467666 vs. 2.3858363827467666
--------
nle(id0,id1,dist): 112 118 1.7260180290115767
list:
dist: 1.7260180290115767 vs. 1.7260180290115767
--------
nle(id0,id1,dist): 112 115 1.0560263712234972
list:
dist: 1.0560263712234972 vs. 1.0560263712234972
--------
nle(id0,id1,dist): 113 116 1.4758767945502007
list:
dist: 1.4758767945502007 vs. 1.4758767945502007
--------
nle(id0,id1,dist): 113 117 1.1931324154668772
list:
dist: 1.1931324154668772 vs. 1.1931324154668772
--------
nle(id0,id1,dist): 113 119 1.9960416346981062
list:
dist: 1.9960416346981062 vs. 1.9960416346981062
--------
nle(id0,id1,dist): 113 114 2.149082969155156
list:
dist: 2.149082969155156 vs. 2.149082969155156
--------
nle(id0,id1,dist): 114 117 1.962784630888775
list:
dist: 1.962784630888775 vs. 1.962784630888775
--------
nle(id0,id1,dist): 114 118 1.8133855476842822
list:
dist: 1.8133855476842822 vs. 1.8133855476842822
--------
nle(id0,id1,dist): 114 116 1.0076753841625732
list:
dist: 1.0076753841625732 vs. 1.0076753841625732
--------
nle(id0,id1,dist): 114 119 1.5943933716244325
list:
dist: 1.5943933716244325 vs. 1.5943933716244325
--------
nle(id0,id1,dist): 115 118 1.1447740457462552
list:
dist: 1.1447740457462552 vs. 1.1447740457462552
--------
nle(id0,id1,dist): 116 117 1.793666520482765
list:
dist: 1.793666520482765 vs. 1.793666520482765
--------
nle(id0,id1,dist): 116 118 2.4930480254446254
list:
dist: 2.4930480254446254 vs. 2.4930480254446254
--------
nle(id0,id1,dist): 116 119 1.2879611905342792
list:
dist: 1.2879611905342792 vs. 1.2879611905342792
--------
nle(id0,id1,dist): 117 118 3.2105010302465655
list:
dist: 3.2105010302465655 vs. 3.2105010302465655
--------
nle(id0,id1,dist): 117 119 1.7581893758572014
list:
dist: 1.7581893758572014 vs. 1.7581893758572014
--------
nle(id0,id1,dist): 118 119 2.1336054300843723
list:
dist: 2.1336054300843723 vs. 2.1336054300843723
--------
nle(id0,id1,dist): 106 119 2.6012563175345864
list:
dist: 2.6012563175345864 vs. 2.6012563175345864
--------
nle(id0,id1,dist): 106 111 3.80543742567797
list:
dist: 3.80543742567797 vs. 3.80543742567797
--------
nle(id0,id1,dist): 106 117 2.360573187076742
list:
dist: 2.360573187076742 vs. 2.360573187076742
--------
nle(id0,id1,dist): 106 118 3.7722204333574907
list:
dist: 3.7722204333574907 vs. 3.7722204333574907
--------
nle(id0,id1,dist): 106 107 1.8277745569245218
list:
dist: 1.8277745569245218 vs. 1.8277745569245218
--------
nle(id0,id1,dist): 105 116 1.8856533494670646
list:
dist: 1.8856533494670646 vs. 1.8856533494670646
--------
nle(id0,id1,dist): 105 117 1.973085322434233
list:
dist: 1.973085322434233 vs. 1.973085322434233
--------
nle(id0,id1,dist): 105 118 1.385134813245413
list:
dist: 1.385134813245413 vs. 1.385134813245413
--------
nle(id0,id1,dist): 105 119 1.6627135172161132
list:
dist: 1.6627135172161132 vs. 1.6627135172161132
--------
nle(id0,id1,dist): 105 109 2.463726532887253
list:
dist: 2.463726532887253 vs. 2.463726532887253
--------
nle(id0,id1,dist): 105 108 0.7171009925241372
list:
dist: 0.7171009925241372 vs. 0.7171009925241372
--------
nle(id0,id1,dist): 105 111 1.165308218707367
list:
dist: 1.165308218707367 vs. 1.165308218707367
--------
nle(id0,id1,dist): 105 110 1.799642833590716
list:
dist: 1.799642833590716 vs. 1.799642833590716
--------
nle(id0,id1,dist): 105 112 2.4105779815195123
list:
dist: 2.4105779815195123 vs. 2.4105779815195123
--------
nle(id0,id1,dist): 105 115 2.197225591188744
list:
dist: 2.197225591188744 vs. 2.197225591188744
--------
nle(id0,id1,dist): 105 114 1.1235689639772675
list:
dist: 1.1235689639772675 vs. 1.1235689639772675
--------
nle(id0,id1,dist): 105 107 1.6746109864360792
list:
dist: 1.6746109864360792 vs. 1.6746109864360792
--------
nle(id0,id1,dist): 105 106 2.9582764046244776
list:
dist: 2.9582764046244776 vs. 2.9582764046244776
--------
nle(id0,id1,dist): 108 115 1.6721903817306922
list:
dist: 1.6721903817306922 vs. 1.6721903817306922
--------
nle(id0,id1,dist): 108 116 2.3283763230240906
list:
dist: 2.3283763230240906 vs. 2.3283763230240906
--------
nle(id0,id1,dist): 108 114 1.3795636744154287
list:
dist: 1.3795636744154287 vs. 1.3795636744154287
--------
nle(id0,id1,dist): 108 111 0.9894826221914129
list:
dist: 0.9894826221914129 vs. 0.9894826221914129
--------
nle(id0,id1,dist): 108 112 1.8644309403096446
list:
dist: 1.8644309403096446 vs. 1.8644309403096446
--------
nle(id0,id1,dist): 108 109 2.897652013711177
list:
dist: 2.897652013711177 vs. 2.897652013711177
--------
nle(id0,id1,dist): 108 110 2.1621525793051672
list:
dist: 2.1621525793051672 vs. 2.1621525793051672
--------
nle(id0,id1,dist): 107 118 2.7499488898178273
list:
dist: 2.7499488898178273 vs. 2.7499488898178273
--------
nle(id0,id1,dist): 107 119 1.2250918831814708
list:
dist: 1.2250918831814708 vs. 1.2250918831814708
--------
nle(id0,id1,dist): 107 114 1.9360587837351528
list:
dist: 1.9360587837351528 vs. 1.9360587837351528
--------
nle(id0,id1,dist): 107 116 1.8241947114948853
list:
dist: 1.8241947114948853 vs. 1.8241947114948853
--------
nle(id0,id1,dist): 107 117 0.7996227580256599
list:
dist: 0.7996227580256599 vs. 0.7996227580256599
--------
nle(id0,id1,dist): 107 110 1.9435400022085143
list:
dist: 1.9435400022085143 vs. 1.9435400022085143
--------
nle(id0,id1,dist): 107 111 2.6035318580158324
list:
dist: 2.6035318580158324 vs. 2.6035318580158324
--------
nle(id0,id1,dist): 107 113 1.6927518230494734
list:
dist: 1.6927518230494734 vs. 1.6927518230494734
--------
nle(id0,id1,dist): 107 108 2.383250991189484
list:
dist: 2.383250991189484 vs. 2.383250991189484
--------
nle(id0,id1,dist): 107 109 1.9771588040154051
list:
dist: 1.9771588040154051 vs. 1.9771588040154051
--------
nle(id0,id1,dist): 109 114 1.8115046146385672
list:
dist: 1.8115046146385672 vs. 1.8115046146385672
--------
nle(id0,id1,dist): 109 113 0.8711571874637462
list:
dist: 0.8711571874637462 vs. 0.8711571874637462
--------
nle(id0,id1,dist): 109 118 3.557193133372003
list:
dist: 3.557193133372003 vs. 3.557193133372003
--------
nle(id0,id1,dist): 109 119 2.3154655783077662
list:
dist: 2.3154655783077662 vs. 2.3154655783077662
--------
nle(id0,id1,dist): 109 116 1.4659945108496624
list:
dist: 1.4659945108496624 vs. 1.4659945108496624
--------
nle(id0,id1,dist): 109 117 1.3450433965688362
list:
dist: 1.3450433965688362 vs. 1.3450433965688362
--------
nle(id0,id1,dist): 109 111 3.210552229177609
list:
dist: 3.210552229177609 vs. 3.210552229177609
--------
nle(id0,id1,dist): 109 110 1.2382921931291417
list:
dist: 1.2382921931291417 vs. 1.2382921931291417
--------
nle(id0,id1,dist): 108 117 2.6041592863909524
list:
dist: 2.6041592863909524 vs. 2.6041592863909524
--------
nle(id0,id1,dist): 108 118 1.2345300252492524
list:
dist: 1.2345300252492524 vs. 1.2345300252492524
--------
nle(id0,id1,dist): 108 119 2.2905209091108807
list:
dist: 2.2905209091108807 vs. 2.2905209091108807
--------
nle(id0,id1,dist): 111 119 2.0186357712041163
list:
dist: 2.0186357712041163 vs. 2.0186357712041163
--------
nle(id0,id1,dist): 111 118 0.42011358404494903
list:
dist: 0.42011358404494903 vs. 0.42011358404494903
--------
nle(id0,id1,dist): 111 116 2.1834404497816786
list:
dist: 2.1834404497816786 vs. 2.1834404497816786
--------
nle(id0,id1,dist): 111 117 2.97775365733323
list:
dist: 2.97775365733323 vs. 2.97775365733323
--------
nle(id0,id1,dist): 111 114 1.4332413431209685
list:
dist: 1.4332413431209685 vs. 1.4332413431209685
--------
nle(id0,id1,dist): 111 115 1.259104519530533
list:
dist: 1.259104519530533 vs. 1.259104519530533
--------
nle(id0,id1,dist): 111 112 1.8993527402088972
list:
dist: 1.8993527402088972 vs. 1.8993527402088972
--------
nle(id0,id1,dist): 110 111 2.1720089201833845
list:
dist: 2.1720089201833845 vs. 2.1720089201833845
--------
nle(id0,id1,dist): 110 113 1.5245648455429868
list:
dist: 1.5245648455429868 vs. 1.5245648455429868
--------
nle(id0,id1,dist): 110 114 0.8016889731272224
list:
dist: 0.8016889731272224 vs. 0.8016889731272224
--------
nle(id0,id1,dist): 110 119 1.6281589407866683
list:
dist: 1.6281589407866683 vs. 1.6281589407866683
--------
nle(id0,id1,dist): 110 116 0.46843861515559565
list:
dist: 0.46843861515559565 vs. 0.46843861515559565
--------
nle(id0,id1,dist): 110 117 1.775556703619017
list:
dist: 1.775556703619017 vs. 1.775556703619017
--------
nle(id0,id1,dist): 110 118 2.5294240380919297
list:
dist: 2.5294240380919297 vs. 2.5294240380919297
--------
nle(id0,id1,dist): 99 107 1.3949738904013158
list:
dist: 1.3949738904013158 vs. 1.3949738904013158
--------
nle(id0,id1,dist): 99 106 2.4079685674259452
list:
dist: 2.4079685674259452 vs. 2.4079685674259452
--------
nle(id0,id1,dist): 99 109 2.7133251617143257
list:
dist: 2.7133251617143257 vs. 2.7133251617143257
--------
nle(id0,id1,dist): 99 108 1.2404252678555436
list:
dist: 1.2404252678555436 vs. 1.2404252678555436
--------
nle(id0,id1,dist): 99 111 1.4494268130493093
list:
dist: 1.4494268130493093 vs. 1.4494268130493093
--------
nle(id0,id1,dist): 99 110 2.127975827745062
list:
dist: 2.127975827745062 vs. 2.127975827745062
--------
nle(id0,id1,dist): 99 112 2.583180771033464
list:
dist: 2.583180771033464 vs. 2.583180771033464
--------
nle(id0,id1,dist): 99 101 0.7593473631588669
list:
dist: 0.7593473631588669 vs. 0.7593473631588669
--------
nle(id0,id1,dist): 99 100 4.699503031266463
list:
dist: 4.699503031266463 vs. 4.699503031266463
--------
nle(id0,id1,dist): 99 102 1.1938795328422738
list:
dist: 1.1938795328422738 vs. 1.1938795328422738
--------
nle(id0,id1,dist): 99 105 0.6373012776049346
list:
dist: 0.6373012776049346 vs. 0.6373012776049346
--------
nle(id0,id1,dist): 99 104 1.7792147955864004
list:
dist: 1.7792147955864004 vs. 1.7792147955864004
--------
nle(id0,id1,dist): 99 114 1.5811196137817995
list:
dist: 1.5811196137817995 vs. 1.5811196137817995
--------
nle(id0,id1,dist): 99 115 2.470328393077269
list:
dist: 2.470328393077269 vs. 2.470328393077269
--------
nle(id0,id1,dist): 99 116 2.0924944600866286
list:
dist: 2.0924944600866286 vs. 2.0924944600866286
--------
nle(id0,id1,dist): 99 117 1.9233674547701323
list:
dist: 1.9233674547701323 vs. 1.9233674547701323
--------
nle(id0,id1,dist): 99 118 1.5127959460212155
list:
dist: 1.5127959460212155 vs. 1.5127959460212155
--------
nle(id0,id1,dist): 99 119 1.441485612881846
list:
dist: 1.441485612881846 vs. 1.441485612881846
--------
nle(id0,id1,dist): 98 112 1.0854312909326762
list:
dist: 1.0854312909326762 vs. 1.0854312909326762
--------
nle(id0,id1,dist): 98 111 1.5198814448169373
list:
dist: 1.5198814448169373 vs. 1.5198814448169373
--------
nle(id0,id1,dist): 98 118 1.5656477175788404
list:
dist: 1.5656477175788404 vs. 1.5656477175788404
--------
nle(id0,id1,dist): 98 115 0.7073306285272142
list:
dist: 0.7073306285272142 vs. 0.7073306285272142
--------
nle(id0,id1,dist): 98 105 2.1991081381425275
list:
dist: 2.1991081381425275 vs. 2.1991081381425275
--------
nle(id0,id1,dist): 98 108 1.5317947318830523
list:
dist: 1.5317947318830523 vs. 1.5317947318830523
--------
nle(id0,id1,dist): 101 102 0.4394970803798333
list:
dist: 0.4394970803798333 vs. 0.4394970803798333
--------
nle(id0,id1,dist): 101 116 2.7179467849515184
list:
dist: 2.7179467849515184 vs. 2.7179467849515184
--------
nle(id0,id1,dist): 101 117 2.666418785198757
list:
dist: 2.666418785198757 vs. 2.666418785198757
--------
nle(id0,id1,dist): 101 118 1.2311958313270965
list:
dist: 1.2311958313270965 vs. 1.2311958313270965
--------
nle(id0,id1,dist): 101 119 2.0281950722596975
list:
dist: 2.0281950722596975 vs. 2.0281950722596975
--------
nle(id0,id1,dist): 101 112 1.9604353744203498
list:
dist: 1.9604353744203498 vs. 1.9604353744203498
--------
nle(id0,id1,dist): 101 114 2.0800981994505174
list:
dist: 2.0800981994505174 vs. 2.0800981994505174
--------
nle(id0,id1,dist): 101 115 2.0274411314825445
list:
dist: 2.0274411314825445 vs. 2.0274411314825445
--------
nle(id0,id1,dist): 101 108 1.2372875315558178
list:
dist: 1.2372875315558178 vs. 1.2372875315558178
--------
nle(id0,id1,dist): 101 109 3.4277222846832682
list:
dist: 3.4277222846832682 vs. 3.4277222846832682
--------
nle(id0,id1,dist): 101 110 2.744916497747867
list:
dist: 2.744916497747867 vs. 2.744916497747867
--------
nle(id0,id1,dist): 101 111 1.3495142345475029
list:
dist: 1.3495142345475029 vs. 1.3495142345475029
--------
nle(id0,id1,dist): 101 104 1.4255386014430336
list:
dist: 1.4255386014430336 vs. 1.4255386014430336
--------
nle(id0,id1,dist): 101 105 1.0494925957361207
list:
dist: 1.0494925957361207 vs. 1.0494925957361207
--------
nle(id0,id1,dist): 101 106 2.7448492043189496
list:
dist: 2.7448492043189496 vs. 2.7448492043189496
--------
nle(id0,id1,dist): 101 107 2.1160302335726286
list:
dist: 2.1160302335726286 vs. 2.1160302335726286
--------
nle(id0,id1,dist): 100 105 4.954311350936685
list:
dist: 4.954311350936685 vs. 4.954311350936685
--------
nle(id0,id1,dist): 100 104 3.3995469845100557
list:
dist: 3.3995469845100557 vs. 3.3995469845100557
--------
nle(id0,id1,dist): 100 103 2.013288890572132
list:
dist: 2.013288890572132 vs. 2.013288890572132
--------
nle(id0,id1,dist): 100 102 3.5455606912167514
list:
dist: 3.5455606912167514 vs. 3.5455606912167514
--------
nle(id0,id1,dist): 100 101 3.978097304935895
list:
dist: 3.978097304935895 vs. 3.978097304935895
--------
nle(id0,id1,dist): 100 118 4.421443894071543
list:
dist: 4.421443894071543 vs. 4.421443894071543
--------
nle(id0,id1,dist): 100 115 4.2176591144476445
list:
dist: 4.2176591144476445 vs. 4.2176591144476445
--------
nle(id0,id1,dist): 100 111 4.764252121277695
list:
dist: 4.764252121277695 vs. 4.764252121277695
--------
nle(id0,id1,dist): 100 112 3.3791674271405596
list:
dist: 3.3791674271405596 vs. 3.3791674271405596
--------
nle(id0,id1,dist): 102 115 1.9438122452807676
list:
dist: 1.9438122452807676 vs. 1.9438122452807676
--------
nle(id0,id1,dist): 102 116 3.13695661538974
list:
dist: 3.13695661538974 vs. 3.13695661538974
--------
nle(id0,id1,dist): 102 117 3.082771065749738
list:
dist: 3.082771065749738 vs. 3.082771065749738
--------
nle(id0,id1,dist): 102 118 1.3414494349825468
list:
dist: 1.3414494349825468 vs. 1.3414494349825468
--------
nle(id0,id1,dist): 102 119 2.4265321767996038
list:
dist: 2.4265321767996038 vs. 2.4265321767996038
--------
nle(id0,id1,dist): 102 106 2.9514760461091694
list:
dist: 2.9514760461091694 vs. 2.9514760461091694
--------
nle(id0,id1,dist): 102 105 1.4432170916854448
list:
dist: 1.4432170916854448 vs. 1.4432170916854448
--------
nle(id0,id1,dist): 102 104 1.3087768001593063
list:
dist: 1.3087768001593063 vs. 1.3087768001593063
--------
nle(id0,id1,dist): 102 110 3.160277547680346
list:
dist: 3.160277547680346 vs. 3.160277547680346
--------
nle(id0,id1,dist): 102 109 3.855937504190614
list:
dist: 3.855937504190614 vs. 3.855937504190614
--------
nle(id0,id1,dist): 102 108 1.4708466841460182
list:
dist: 1.4708466841460182 vs. 1.4708466841460182
--------
nle(id0,id1,dist): 102 107 2.522958968319812
list:
dist: 2.522958968319812 vs. 2.522958968319812
--------
nle(id0,id1,dist): 102 114 2.4678151326558764
list:
dist: 2.4678151326558764 vs. 2.4678151326558764
--------
nle(id0,id1,dist): 102 112 1.7021241372281009
list:
dist: 1.7021241372281009 vs. 1.7021241372281009
--------
nle(id0,id1,dist): 102 111 1.5495919533970683
list:
dist: 1.5495919533970683 vs. 1.5495919533970683
--------
nle(id0,id1,dist): 104 111 2.7211861520164162
list:
dist: 2.7211861520164162 vs. 2.7211861520164162
--------
nle(id0,id1,dist): 104 112 2.855816145126765
list:
dist: 2.855816145126765 vs. 2.855816145126765
--------
nle(id0,id1,dist): 104 105 2.318813508642465
list:
dist: 2.318813508642465 vs. 2.318813508642465
--------
nle(id0,id1,dist): 104 106 2.0962094959817885
list:
dist: 2.0962094959817885 vs. 2.0962094959817885
--------
nle(id0,id1,dist): 104 107 2.556380066876711
list:
dist: 2.556380066876711 vs. 2.556380066876711
--------
nle(id0,id1,dist): 104 117 3.233256187373315
list:
dist: 3.233256187373315 vs. 3.233256187373315
--------
nle(id0,id1,dist): 104 118 2.506481485331411
list:
dist: 2.506481485331411 vs. 2.506481485331411
--------
nle(id0,id1,dist): 104 119 2.7434929344830357
list:
dist: 2.7434929344830357 vs. 2.7434929344830357
--------
nle(id0,id1,dist): 104 115 3.2149698315745607
list:
dist: 3.2149698315745607 vs. 3.2149698315745607
--------
nle(id0,id1,dist): 103 115 3.794690215932244
list:
dist: 3.794690215932244 vs. 3.794690215932244
--------
nle(id0,id1,dist): 103 112 3.3255873841173726
list:
dist: 3.3255873841173726 vs. 3.3255873841173726
--------
nle(id0,id1,dist): 147 149 1.4742385332666015
list:
dist: 1.4742385332666015 vs. 1.4742385332666015
--------
nle(id0,id1,dist): 147 148 2.3516260821358577
list:
dist: 2.3516260821358577 vs. 2.3516260821358577
--------
nle(id0,id1,dist): 148 149 3.353899344251225
list:
dist: 3.353899344251225 vs. 3.353899344251225
--------
nle(id0,id1,dist): 146 147 2.9622797987560765
list:
dist: 2.9622797987560765 vs. 2.9622797987560765
--------
nle(id0,id1,dist): 146 148 0.8647153727711321
list:
dist: 0.8647153727711321 vs. 0.8647153727711321
--------
nle(id0,id1,dist): 146 149 3.8138557880372645
list:
dist: 3.8138557880372645 vs. 3.8138557880372645
--------
nle(id0,id1,dist): 144 148 1.3145284949048044
list:
dist: 1.3145284949048044 vs. 1.3145284949048044
--------
nle(id0,id1,dist): 144 147 1.059402038172837
list:
dist: 1.059402038172837 vs. 1.059402038172837
--------
nle(id0,id1,dist): 144 146 1.923559499563827
list:
dist: 1.923559499563827 vs. 1.923559499563827
--------
nle(id0,id1,dist): 144 145 1.4578893856887467
list:
dist: 1.4578893856887467 vs. 1.4578893856887467
--------
nle(id0,id1,dist): 144 149 2.2352563705587114
list:
dist: 2.2352563705587114 vs. 2.2352563705587114
--------
nle(id0,id1,dist): 145 149 2.7520769038097344
list:
dist: 2.7520769038097344 vs. 2.7520769038097344
--------
nle(id0,id1,dist): 145 148 1.126114746319993
list:
dist: 1.126114746319993 vs. 1.126114746319993
--------
nle(id0,id1,dist): 145 147 2.2569624232991616
list:
dist: 2.2569624232991616 vs. 2.2569624232991616
--------
nle(id0,id1,dist): 145 146 1.2894059208856452
list:
dist: 1.2894059208856452 vs. 1.2894059208856452
--------
nle(id0,id1,dist): 143 146 3.270513294168071
list:
dist: 3.270513294168071 vs. 3.270513294168071
--------
nle(id0,id1,dist): 143 147 2.174858194870729
list:
dist: 2.174858194870729 vs. 2.174858194870729
--------
nle(id0,id1,dist): 143 148 3.0476942451994327
list:
dist: 3.0476942451994327 vs. 3.0476942451994327
--------
nle(id0,id1,dist): 143 149 1.332763000359406
list:
dist: 1.332763000359406 vs. 1.332763000359406
--------
nle(id0,id1,dist): 143 144 2.3535556514804306
list:
dist: 2.3535556514804306 vs. 2.3535556514804306
--------
nle(id0,id1,dist): 143 145 2.095315237181343
list:
dist: 2.095315237181343 vs. 2.095315237181343
--------
nle(id0,id1,dist): 141 143 2.0726077041813444
list:
dist: 2.0726077041813444 vs. 2.0726077041813444
--------
nle(id0,id1,dist): 140 149 1.0163552369873212
list:
dist: 1.0163552369873212 vs. 1.0163552369873212
--------
nle(id0,id1,dist): 141 145 1.9794761651234511
list:
dist: 1.9794761651234511 vs. 1.9794761651234511
--------
nle(id0,id1,dist): 139 145 3.0990816946498563
list:
dist: 3.0990816946498563 vs. 3.0990816946498563
--------
nle(id0,id1,dist): 139 143 1.954187301031535
list:
dist: 1.954187301031535 vs. 1.954187301031535
--------
nle(id0,id1,dist): 139 140 3.5297895820514222
list:
dist: 3.5297895820514222 vs. 3.5297895820514222
--------
nle(id0,id1,dist): 139 141 1.596254905434609
list:
dist: 1.596254905434609 vs. 1.596254905434609
--------
nle(id0,id1,dist): 139 149 3.215320737098666
list:
dist: 3.215320737098666 vs. 3.215320737098666
--------
nle(id0,id1,dist): 140 145 2.205721568600388
list:
dist: 2.205721568600388 vs. 2.205721568600388
--------
nle(id0,id1,dist): 140 146 3.257359596091667
list:
dist: 3.257359596091667 vs. 3.257359596091667
--------
nle(id0,id1,dist): 140 147 1.033222233907407
list:
dist: 1.033222233907407 vs. 1.033222233907407
--------
nle(id0,id1,dist): 140 148 2.644946020686453
list:
dist: 2.644946020686453 vs. 2.644946020686453
--------
nle(id0,id1,dist): 140 141 3.1652445973882553
list:
dist: 3.1652445973882553 vs. 3.1652445973882553
--------
nle(id0,id1,dist): 140 143 1.6314525133684916
list:
dist: 1.6314525133684916 vs. 1.6314525133684916
--------
nle(id0,id1,dist): 140 144 1.624113333385596
list:
dist: 1.624113333385596 vs. 1.624113333385596
--------
nle(id0,id1,dist): 138 141 2.114270051455594
list:
dist: 2.114270051455594 vs. 2.114270051455594
--------
nle(id0,id1,dist): 138 139 3.1184985230181184
list:
dist: 3.1184985230181184 vs. 3.1184985230181184
--------
nle(id0,id1,dist): 138 140 2.7091317923271254
list:
dist: 2.7091317923271254 vs. 2.7091317923271254
--------
nle(id0,id1,dist): 138 149 3.0891785555847497
list:
dist: 3.0891785555847497 vs. 3.0891785555847497
--------
nle(id0,id1,dist): 138 148 1.3054773122123315
list:
dist: 1.3054773122123315 vs. 1.3054773122123315
--------
nle(id0,id1,dist): 138 147 2.5824514620022296
list:
dist: 2.5824514620022296 vs. 2.5824514620022296
--------
nle(id0,id1,dist): 138 146 1.008672837367393
list:
dist: 1.008672837367393 vs. 1.008672837367393
--------
nle(id0,id1,dist): 138 145 0.7173856740500127
list:
dist: 0.7173856740500127 vs. 0.7173856740500127
--------
nle(id0,id1,dist): 138 144 1.7275505664502062
list:
dist: 1.7275505664502062 vs. 1.7275505664502062
--------
nle(id0,id1,dist): 138 143 2.3517052553420137
list:
dist: 2.3517052553420137 vs. 2.3517052553420137
--------
nle(id0,id1,dist): 137 145 2.566770124051378
list:
dist: 2.566770124051378 vs. 2.566770124051378
--------
nle(id0,id1,dist): 137 140 4.323904368502107
list:
dist: 4.323904368502107 vs. 4.323904368502107
--------
nle(id0,id1,dist): 137 141 1.3776473595006462
list:
dist: 1.3776473595006462 vs. 1.3776473595006462
--------
nle(id0,id1,dist): 137 143 3.3705008098287235
list:
dist: 3.3705008098287235 vs. 3.3705008098287235
--------
nle(id0,id1,dist): 137 138 2.4826636358747884
list:
dist: 2.4826636358747884 vs. 2.4826636358747884
--------
nle(id0,id1,dist): 137 139 2.6266717527210703
list:
dist: 2.6266717527210703 vs. 2.6266717527210703
--------
nle(id0,id1,dist): 136 147 0.8021035033411552
list:
dist: 0.8021035033411552 vs. 0.8021035033411552
--------
nle(id0,id1,dist): 136 148 1.662829676756658
list:
dist: 1.662829676756658 vs. 1.662829676756658
--------
nle(id0,id1,dist): 136 145 1.564759566864439
list:
dist: 1.564759566864439 vs. 1.564759566864439
--------
nle(id0,id1,dist): 136 146 2.184456968327979
list:
dist: 2.184456968327979 vs. 2.184456968327979
--------
nle(id0,id1,dist): 136 149 1.8682025582011017
list:
dist: 1.8682025582011017 vs. 1.8682025582011017
--------
nle(id0,id1,dist): 136 140 1.3916278995442417
list:
dist: 1.3916278995442417 vs. 1.3916278995442417
--------
nle(id0,id1,dist): 136 138 1.808168229377126
list:
dist: 1.808168229377126 vs. 1.808168229377126
--------
nle(id0,id1,dist): 136 143 2.0476068735648902
list:
dist: 2.0476068735648902 vs. 2.0476068735648902
--------
nle(id0,id1,dist): 136 144 0.41381337335587115
list:
dist: 0.41381337335587115 vs. 0.41381337335587115
--------
nle(id0,id1,dist): 135 143 3.7049954537270424
list:
dist: 3.7049954537270424 vs. 3.7049954537270424
--------
nle(id0,id1,dist): 135 144 3.445632676738466
list:
dist: 3.445632676738466 vs. 3.445632676738466
--------
nle(id0,id1,dist): 135 145 2.0987539016496477
list:
dist: 2.0987539016496477 vs. 2.0987539016496477
--------
nle(id0,id1,dist): 135 146 2.18602842494143
list:
dist: 2.18602842494143 vs. 2.18602842494143
--------
nle(id0,id1,dist): 135 148 2.449125134801375
list:
dist: 2.449125134801375 vs. 2.449125134801375
--------
nle(id0,id1,dist): 134 148 2.4387201502731
list:
dist: 2.4387201502731 vs. 2.4387201502731
--------
nle(id0,id1,dist): 135 140 4.0337031182344285
list:
dist: 4.0337031182344285 vs. 4.0337031182344285
--------
nle(id0,id1,dist): 135 141 2.179773690913894
list:
dist: 2.179773690913894 vs. 2.179773690913894
--------
nle(id0,id1,dist): 135 138 2.2225239620334265
list:
dist: 2.2225239620334265 vs. 2.2225239620334265
--------
nle(id0,id1,dist): 135 139 3.7584455563894914
list:
dist: 3.7584455563894914 vs. 3.7584455563894914
--------
nle(id0,id1,dist): 135 136 3.6337711697619604
list:
dist: 3.6337711697619604 vs. 3.6337711697619604
--------
nle(id0,id1,dist): 135 137 1.6122663460708742
list:
dist: 1.6122663460708742 vs. 1.6122663460708742
--------
nle(id0,id1,dist): 134 135 1.7522213778288833
list:
dist: 1.7522213778288833 vs. 1.7522213778288833
--------
nle(id0,id1,dist): 134 136 2.7366750600394254
list:
dist: 2.7366750600394254 vs. 2.7366750600394254
--------
nle(id0,id1,dist): 134 137 1.740754744384183
list:
dist: 1.740754744384183 vs. 1.740754744384183
--------
nle(id0,id1,dist): 134 138 1.8469688910183086
list:
dist: 1.8469688910183086 vs. 1.8469688910183086
--------
nle(id0,id1,dist): 134 143 2.0885758285200056
list:
dist: 2.0885758285200056 vs. 2.0885758285200056
--------
nle(id0,id1,dist): 134 144 2.7314241974505427
list:
dist: 2.7314241974505427 vs. 2.7314241974505427
--------
nle(id0,id1,dist): 134 145 1.4504146872746118
list:
dist: 1.4504146872746118 vs. 1.4504146872746118
--------
nle(id0,id1,dist): 134 146 2.4865802513080735
list:
dist: 2.4865802513080735 vs. 2.4865802513080735
--------
nle(id0,id1,dist): 134 139 2.341262290192378
list:
dist: 2.341262290192378 vs. 2.341262290192378
--------
nle(id0,id1,dist): 134 140 2.6967448483137204
list:
dist: 2.6967448483137204 vs. 2.6967448483137204
--------
nle(id0,id1,dist): 134 141 0.8948732008294286
list:
dist: 0.8948732008294286 vs. 0.8948732008294286
--------
nle(id0,id1,dist): 133 142 1.7112964540758482
list:
dist: 1.7112964540758482 vs. 1.7112964540758482
--------
nle(id0,id1,dist): 132 134 3.7878767538249787
list:
dist: 3.7878767538249787 vs. 3.7878767538249787
--------
nle(id0,id1,dist): 132 136 3.769065380580706
list:
dist: 3.769065380580706 vs. 3.769065380580706
--------
nle(id0,id1,dist): 132 135 2.631201912235334
list:
dist: 2.631201912235334 vs. 2.631201912235334
--------
nle(id0,id1,dist): 132 138 2.7348036286829553
list:
dist: 2.7348036286829553 vs. 2.7348036286829553
--------
nle(id0,id1,dist): 132 140 4.802095337015354
list:
dist: 4.802095337015354 vs. 4.802095337015354
--------
nle(id0,id1,dist): 132 143 4.9912206015765825
list:
dist: 4.9912206015765825 vs. 4.9912206015765825
--------
nle(id0,id1,dist): 132 144 3.4210443954884324
list:
dist: 3.4210443954884324 vs. 3.4210443954884324
--------
nle(id0,id1,dist): 132 145 2.914186650695789
list:
dist: 2.914186650695789 vs. 2.914186650695789
--------
nle(id0,id1,dist): 132 146 1.7715776530987308
list:
dist: 1.7715776530987308 vs. 1.7715776530987308
--------
nle(id0,id1,dist): 132 148 2.1661174525072484
list:
dist: 2.1661174525072484 vs. 2.1661174525072484
--------
nle(id0,id1,dist): 131 147 1.81809043929795
list:
dist: 1.81809043929795 vs. 1.81809043929795
--------
nle(id0,id1,dist): 131 146 1.3533830476734385
list:
dist: 1.3533830476734385 vs. 1.3533830476734385
--------
nle(id0,id1,dist): 131 149 2.5373986358295872
list:
dist: 2.5373986358295872 vs. 2.5373986358295872
--------
nle(id0,id1,dist): 131 148 0.9083985785881581
list:
dist: 0.9083985785881581 vs. 0.9083985785881581
--------
nle(id0,id1,dist): 131 143 2.1406377322810726
list:
dist: 2.1406377322810726 vs. 2.1406377322810726
--------
nle(id0,id1,dist): 131 144 0.9532488850443164
list:
dist: 0.9532488850443164 vs. 0.9532488850443164
--------
nle(id0,id1,dist): 131 145 0.516649284172029
list:
dist: 0.516649284172029 vs. 0.516649284172029
--------
nle(id0,id1,dist): 131 138 0.9855262401469135
list:
dist: 0.9855262401469135 vs. 0.9855262401469135
--------
nle(id0,id1,dist): 131 139 3.427009633062723
list:
dist: 3.427009633062723 vs. 3.427009633062723
--------
nle(id0,id1,dist): 131 140 1.916990993196256
list:
dist: 1.916990993196256 vs. 1.916990993196256
--------
nle(id0,id1,dist): 131 141 2.4328305107291976
list:
dist: 2.4328305107291976 vs. 2.4328305107291976
--------
nle(id0,id1,dist): 131 134 1.8734723791174466
list:
dist: 1.8734723791174466 vs. 1.8734723791174466
--------
nle(id0,id1,dist): 131 135 2.5217930928453534
list:
dist: 2.5217930928453534 vs. 2.5217930928453534
--------
nle(id0,id1,dist): 131 136 1.1150688469731977
list:
dist: 1.1150688469731977 vs. 1.1150688469731977
--------
nle(id0,id1,dist): 131 137 3.0834190022812105
list:
dist: 3.0834190022812105 vs. 3.0834190022812105
--------
nle(id0,id1,dist): 131 132 2.972166823767733
list:
dist: 2.972166823767733 vs. 2.972166823767733
--------
nle(id0,id1,dist): 130 148 4.226360939916782
list:
dist: 4.226360939916782 vs. 4.226360939916782
--------
nle(id0,id1,dist): 130 146 4.155788871343311
list:
dist: 4.155788871343311 vs. 4.155788871343311
--------
nle(id0,id1,dist): 130 132 3.3004370443119457
list:
dist: 3.3004370443119457 vs. 3.3004370443119457
--------
nle(id0,id1,dist): 129 148 3.0776153458027937
list:
dist: 3.0776153458027937 vs. 3.0776153458027937
--------
nle(id0,id1,dist): 129 149 0.8978249990110261
list:
dist: 0.8978249990110261 vs. 0.8978249990110261
--------
nle(id0,id1,dist): 129 140 1.1999284312648082
list:
dist: 1.1999284312648082 vs. 1.1999284312648082
--------
nle(id0,id1,dist): 129 141 2.4542883321122795
list:
dist: 2.4542883321122795 vs. 2.4542883321122795
--------
nle(id0,id1,dist): 129 143 0.5200223580809693
list:
dist: 0.5200223580809693 vs. 0.5200223580809693
--------
nle(id0,id1,dist): 129 144 2.24036493273394
list:
dist: 2.24036493273394 vs. 2.24036493273394
--------
nle(id0,id1,dist): 129 145 2.236111366829258
list:
dist: 2.236111366829258 vs. 2.236111366829258
--------
nle(id0,id1,dist): 129 146 3.4291645416149708
list:
dist: 3.4291645416149708 vs. 3.4291645416149708
--------
nle(id0,id1,dist): 129 147 1.8741581851373024
list:
dist: 1.8741581851373024 vs. 1.8741581851373024
--------
nle(id0,id1,dist): 129 135 3.9303744961082314
list:
dist: 3.9303744961082314 vs. 3.9303744961082314
--------
nle(id0,id1,dist): 129 134 2.3173552132130455
list:
dist: 2.3173552132130455 vs. 2.3173552132130455
--------
nle(id0,id1,dist): 129 132 5.12476382297466
list:
dist: 5.12476382297466 vs. 5.12476382297466
--------
nle(id0,id1,dist): 129 139 2.411896696621928
list:
dist: 2.411896696621928 vs. 2.411896696621928
--------
nle(id0,id1,dist): 129 138 2.591990134025442
list:
dist: 2.591990134025442 vs. 2.591990134025442
--------
nle(id0,id1,dist): 129 137 3.7589411464523015
list:
dist: 3.7589411464523015 vs. 3.7589411464523015
--------
nle(id0,id1,dist): 129 136 1.9220172469469936
list:
dist: 1.9220172469469936 vs. 1.9220172469469936
--------
nle(id0,id1,dist): 129 131 2.181108179485694
list:
dist: 2.181108179485694 vs. 2.181108179485694
--------
nle(id0,id1,dist): 128 148 3.1309207130336714
list:
dist: 3.1309207130336714 vs. 3.1309207130336714
--------
nle(id0,id1,dist): 128 146 3.484779679406285
list:
dist: 3.484779679406285 vs. 3.484779679406285
--------
nle(id0,id1,dist): 128 136 4.4854810849831575
list:
dist: 4.4854810849831575 vs. 4.4854810849831575
--------
nle(id0,id1,dist): 128 132 2.645308097301706
list:
dist: 2.645308097301706 vs. 2.645308097301706
--------
nle(id0,id1,dist): 128 144 4.085688741931186
list:
dist: 4.085688741931186 vs. 4.085688741931186
--------
nle(id0,id1,dist): 127 140 4.054279426434165
list:
dist: 4.054279426434165 vs. 4.054279426434165
--------
nle(id0,id1,dist): 127 141 2.5284218431235366
list:
dist: 2.5284218431235366 vs. 2.5284218431235366
--------
nle(id0,id1,dist): 127 138 1.6163826628956095
list:
dist: 1.6163826628956095 vs. 1.6163826628956095
--------
nle(id0,id1,dist): 127 139 3.919624328172623
list:
dist: 3.919624328172623 vs. 3.919624328172623
--------
nle(id0,id1,dist): 127 136 3.2660217098268327
list:
dist: 3.2660217098268327 vs. 3.2660217098268327
--------
nle(id0,id1,dist): 127 137 1.9860321897274482
list:
dist: 1.9860321897274482 vs. 1.9860321897274482
--------
nle(id0,id1,dist): 127 134 2.2446998381610874
list:
dist: 2.2446998381610874 vs. 2.2446998381610874
--------
nle(id0,id1,dist): 127 135 1.195969825216048
list:
dist: 1.195969825216048 vs. 1.195969825216048
--------
nle(id0,id1,dist): 127 148 1.9637371594253537
list:
dist: 1.9637371594253537 vs. 1.9637371594253537
--------
nle(id0,id1,dist): 127 146 1.333847478523326
list:
dist: 1.333847478523326 vs. 1.333847478523326
--------
nle(id0,id1,dist): 127 144 3.0588497837205306
list:
dist: 3.0588497837205306 vs. 3.0588497837205306
--------
nle(id0,id1,dist): 127 145 1.85801334759032
list:
dist: 1.85801334759032 vs. 1.85801334759032
--------
nle(id0,id1,dist): 127 143 3.7120068598732843
list:
dist: 3.7120068598732843 vs. 3.7120068598732843
--------
nle(id0,id1,dist): 127 132 1.8671676887855166
list:
dist: 1.8671676887855166 vs. 1.8671676887855166
--------
nle(id0,id1,dist): 127 131 2.2238263683119177
list:
dist: 2.2238263683119177 vs. 2.2238263683119177
--------
nle(id0,id1,dist): 127 129 3.9750929739596237
list:
dist: 3.9750929739596237 vs. 3.9750929739596237
--------
nle(id0,id1,dist): 126 140 1.7647018693029954
list:
dist: 1.7647018693029954 vs. 1.7647018693029954
--------
nle(id0,id1,dist): 126 143 2.936376191237424
list:
dist: 2.936376191237424 vs. 2.936376191237424
--------
nle(id0,id1,dist): 126 144 0.8037750060997643
list:
dist: 0.8037750060997643 vs. 0.8037750060997643
--------
nle(id0,id1,dist): 126 145 2.1042907665979786
list:
dist: 2.1042907665979786 vs. 2.1042907665979786
--------
nle(id0,id1,dist): 126 146 2.440040367270358
list:
dist: 2.440040367270358 vs. 2.440040367270358
--------
nle(id0,id1,dist): 126 147 1.1195102205212437
list:
dist: 1.1195102205212437 vs. 1.1195102205212437
--------
nle(id0,id1,dist): 126 148 1.6752811772451928
list:
dist: 1.6752811772451928 vs. 1.6752811772451928
--------
nle(id0,id1,dist): 126 149 2.5203604410615896
list:
dist: 2.5203604410615896 vs. 2.5203604410615896
--------
nle(id0,id1,dist): 126 128 3.828159999745272
list:
dist: 3.828159999745272 vs. 3.828159999745272
--------
nle(id0,id1,dist): 126 127 3.599903054407314
list:
dist: 3.599903054407314 vs. 3.599903054407314
--------
nle(id0,id1,dist): 126 129 2.707474601095533
list:
dist: 2.707474601095533 vs. 2.707474601095533
--------
nle(id0,id1,dist): 126 132 3.6496467476023775
list:
dist: 3.6496467476023775 vs. 3.6496467476023775
--------
nle(id0,id1,dist): 126 131 1.5923243998340824
list:
dist: 1.5923243998340824 vs. 1.5923243998340824
--------
nle(id0,id1,dist): 126 134 3.2852602852261725
list:
dist: 3.2852602852261725 vs. 3.2852602852261725
--------
nle(id0,id1,dist): 126 136 1.0440247417563306
list:
dist: 1.0440247417563306 vs. 1.0440247417563306
--------
nle(id0,id1,dist): 126 135 3.906869359245175
list:
dist: 3.906869359245175 vs. 3.906869359245175
--------
nle(id0,id1,dist): 126 138 2.4565332284850547
list:
dist: 2.4565332284850547 vs. 2.4565332284850547
--------
nle(id0,id1,dist): 125 146 2.6510961888878537
list:
dist: 2.6510961888878537 vs. 2.6510961888878537
--------
nle(id0,id1,dist): 125 147 2.2740980652513136
list:
dist: 2.2740980652513136 vs. 2.2740980652513136
--------
nle(id0,id1,dist): 125 144 1.7922495771891465
list:
dist: 1.7922495771891465 vs. 1.7922495771891465
--------
nle(id0,id1,dist): 125 148 2.0259541036566824
list:
dist: 2.0259541036566824 vs. 2.0259541036566824
--------
nle(id0,id1,dist): 125 128 3.431034377931497
list:
dist: 3.431034377931497 vs. 3.431034377931497
--------
nle(id0,id1,dist): 125 132 3.3145193777481237
list:
dist: 3.3145193777481237 vs. 3.3145193777481237
--------
nle(id0,id1,dist): 125 136 2.104303857123018
list:
dist: 2.104303857123018 vs. 2.104303857123018
2. Check the NeighborList query for coordinates against the neighbor list for consistency
list:
dist: 0.8183409807899789 vs. 0.8183409807899789
list:
dist: 1.5644322291809363 vs. 1.5644322291809363
list:
dist: 1.8867748890044866 vs. 1.8867748890044866
list:
dist: 2.1166167361273804 vs. 2.1166167361273804
list:
dist: 2.802913442176985 vs. 2.802913442176985
list:
dist: 3.758680615292849 vs. 3.758680615292849
list:
dist: 2.7231513283995903 vs. 2.7231513283995903
list:
dist: 3.0192897710292734 vs. 3.0192897710292734
list:
dist: 2.518234883201429 vs. 2.518234883201429
list:
dist: 3.758680615292849 vs. 3.758680615292849
list:
dist: 2.733170346337346 vs. 2.733170346337346
list:
dist: 3.005685692172841 vs. 3.005685692172841
list:
dist: 4.326433126328506 vs. 4.326433126328506
list:
dist: 2.318428432602412 vs. 2.318428432602412
list:
dist: 3.0748351729521 vs. 3.0748351729521
list:
dist: 2.6109560843089397 vs. 2.6109560843089397
list:
dist: 1.413225104376227 vs. 1.413225104376227
list:
dist: 2.1034318692915153 vs. 2.1034318692915153
list:
dist: 1.6272434119803525 vs. 1.6272434119803525
list:
dist: 1.5106065023553146 vs. 1.5106065023553146
list:
dist: 2.1166167361273804 vs. 2.1166167361273804
list:
dist: 1.7081398323727846 vs. 1.7081398323727846
list:
dist: 1.3753637762752615 vs. 1.3753637762752615
list:
dist: 3.12412743446751 vs. 3.12412743446751
list:
dist: 1.7267189090941681 vs. 1.7267189090941681
list:
dist: 2.3954874534052135 vs. 2.3954874534052135
list:
dist: 1.35838607208161 vs. 1.35838607208161
list:
dist: 4.326433126328506 vs. 4.326433126328506
list:
dist: 2.518658195932339 vs. 2.518658195932339
list:
dist: 2.4142735277449865 vs. 2.4142735277449865
list:
dist: 2.93028766203308 vs. 2.93028766203308
list:
dist: 3.3207365321585365 vs. 3.3207365321585365
list:
dist: 3.144304598127929 vs. 3.144304598127929
list:
dist: 2.905840301637042 vs. 2.905840301637042
list:
dist: 3.6409232435935737 vs. 3.6409232435935737
list:
dist: 2.9056371304421766 vs. 2.9056371304421766
list:
dist: 2.8113624747001724 vs. 2.8113624747001724
list:
dist: 2.3443910657857323 vs. 2.3443910657857323
list:
dist: 1.7267189090941681 vs. 1.7267189090941681
list:
dist: 1.8859928041302905 vs. 1.8859928041302905
list:
dist: 1.1488843441016596 vs. 1.1488843441016596
list:
dist: 1.3310079220344497 vs. 1.3310079220344497
list:
dist: 1.6346094688462613 vs. 1.6346094688462613
list:
dist: 2.5984312778811915 vs. 2.5984312778811915
list:
dist: 2.593704862953763 vs. 2.593704862953763
list:
dist: 3.842920094683716 vs. 3.842920094683716
list:
dist: 2.3143629593902006 vs. 2.3143629593902006
list:
dist: 2.078942443634846 vs. 2.078942443634846
list:
dist: 2.2151098132146156 vs. 2.2151098132146156
list:
dist: 2.510198097738982 vs. 2.510198097738982
list:
dist: 3.5117400776048115 vs. 3.5117400776048115
list:
dist: 2.829921361566602 vs. 2.829921361566602
list:
dist: 0.8183409807899789 vs. 0.8183409807899789
list:
dist: 1.656000821958746 vs. 1.656000821958746
list:
dist: 1.7606244211864908 vs. 1.7606244211864908
list:
dist: 1.5106065023553146 vs. 1.5106065023553146
list:
dist: 3.737097508554817 vs. 3.737097508554817
list:
dist: 2.9056371304421766 vs. 2.9056371304421766
list:
dist: 3.3769854275353337 vs. 3.3769854275353337
list:
dist: 2.6383191421598564 vs. 2.6383191421598564
list:
dist: 1.656000821958746 vs. 1.656000821958746
list:
dist: 1.5644322291809363 vs. 1.5644322291809363
list:
dist: 0.5118807179506176 vs. 0.5118807179506176
list:
dist: 1.7081398323727846 vs. 1.7081398323727846
list:
dist: 3.334391023397802 vs. 3.334391023397802
list:
dist: 2.8113624747001724 vs. 2.8113624747001724
list:
dist: 2.7821964956489302 vs. 2.7821964956489302
list:
dist: 1.9175153215650547 vs. 1.9175153215650547
list:
dist: 2.733170346337346 vs. 2.733170346337346
list:
dist: 1.590386167066261 vs. 1.590386167066261
list:
dist: 1.4957500222404911 vs. 1.4957500222404911
list:
dist: 1.3241447815915013 vs. 1.3241447815915013
list:
dist: 3.1386838958067913 vs. 3.1386838958067913
list:
dist: 3.0785851551899666 vs. 3.0785851551899666
list:
dist: 2.5935319400308487 vs. 2.5935319400308487
list:
dist: 3.5913436650361223 vs. 3.5913436650361223
list:
dist: 2.802913442176985 vs. 2.802913442176985
list:
dist: 2.318428432602412 vs. 2.318428432602412
list:
dist: 2.6383191421598564 vs. 2.6383191421598564
list:
dist: 1.9175153215650547 vs. 1.9175153215650547
list:
dist: 1.4063664958621889 vs. 1.4063664958621889
list:
dist: 1.35838607208161 vs. 1.35838607208161
list:
dist: 2.494285330256115 vs. 2.494285330256115
list:
dist: 1.3310079220344497 vs. 1.3310079220344497
list:
dist: 1.4654763551511572 vs. 1.4654763551511572
list:
dist: 2.3358281354937276 vs. 2.3358281354937276
list:
dist: 2.1133158793488533 vs. 2.1133158793488533
list:
dist: 1.616821013560237 vs. 1.616821013560237
list:
dist: 2.7330556864600974 vs. 2.7330556864600974
list:
dist: 2.354827084909398 vs. 2.354827084909398
list:
dist: 2.2652318790231196 vs. 2.2652318790231196
list:
dist: 1.7869812080097294 vs. 1.7869812080097294
list:
dist: 2.4371038612917664 vs. 2.4371038612917664
list:
dist: 3.9343380185448886 vs. 3.9343380185448886
list:
dist: 3.27345287341576 vs. 3.27345287341576
list:
dist: 3.0192897710292734 vs. 3.0192897710292734
list:
dist: 1.4957500222404911 vs. 1.4957500222404911
list:
dist: 1.2764493715540595 vs. 1.2764493715540595
list:
dist: 2.4142735277449865 vs. 2.4142735277449865
list:
dist: 2.6270896894287827 vs. 2.6270896894287827
list:
dist: 2.593704862953763 vs. 2.593704862953763
list:
dist: 2.005357941325865 vs. 2.005357941325865
list:
dist: 1.616821013560237 vs. 1.616821013560237
list:
dist: 2.6109560843089397 vs. 2.6109560843089397
list:
dist: 1.1161617882758577 vs. 1.1161617882758577
list:
dist: 1.5963435762625677 vs. 1.5963435762625677
list:
dist: 2.0076714509254603 vs. 2.0076714509254603
list:
dist: 2.0814377216028066 vs. 2.0814377216028066
list:
dist: 1.290953012628568 vs. 1.290953012628568
list:
dist: 2.290621562115945 vs. 2.290621562115945
list:
dist: 2.7239492131958225 vs. 2.7239492131958225
list:
dist: 2.512826170784872 vs. 2.512826170784872
list:
dist: 3.3347800168586588 vs. 3.3347800168586588
list:
dist: 1.8141496108628983 vs. 1.8141496108628983
list:
dist: 3.8210751266743563 vs. 3.8210751266743563
list:
dist: 2.7231513283995903 vs. 2.7231513283995903
list:
dist: 1.590386167066261 vs. 1.590386167066261
list:
dist: 1.512877748854031 vs. 1.512877748854031
list:
dist: 2.518658195932339 vs. 2.518658195932339
list:
dist: 2.148192075159666 vs. 2.148192075159666
list:
dist: 2.5984312778811915 vs. 2.5984312778811915
list:
dist: 2.005230756219142 vs. 2.005230756219142
list:
dist: 2.1133158793488533 vs. 2.1133158793488533
list:
dist: 3.0748351729521 vs. 3.0748351729521
list:
dist: 1.1161617882758577 vs. 1.1161617882758577
list:
dist: 2.0324405310377807 vs. 2.0324405310377807
list:
dist: 1.8293441115674602 vs. 1.8293441115674602
list:
dist: 1.8002259823862725 vs. 1.8002259823862725
list:
dist: 1.5702076260233144 vs. 1.5702076260233144
list:
dist: 2.5172544121623375 vs. 2.5172544121623375
list:
dist: 3.1791428579021255 vs. 3.1791428579021255
list:
dist: 2.9416984790221457 vs. 2.9416984790221457
list:
dist: 3.2691585244676196 vs. 3.2691585244676196
list:
dist: 2.150270186724974 vs. 2.150270186724974
list:
dist: 4.072953210672796 vs. 4.072953210672796
list:
dist: 1.7606244211864908 vs. 1.7606244211864908
list:
dist: 1.8867748890044866 vs. 1.8867748890044866
list:
dist: 0.5118807179506176 vs. 0.5118807179506176
list:
dist: 1.3753637762752615 vs. 1.3753637762752615
list:
dist: 2.99993248593829 vs. 2.99993248593829
list:
dist: 2.3443910657857323 vs. 2.3443910657857323
list:
dist: 2.3415567196507565 vs. 2.3415567196507565
list:
dist: 1.4063664958621889 vs. 1.4063664958621889
list:
dist: 3.005685692172841 vs. 3.005685692172841
list:
dist: 1.512877748854031 vs. 1.512877748854031
list:
dist: 1.2764493715540595 vs. 1.2764493715540595
list:
dist: 1.6127969158053357 vs. 1.6127969158053357
list:
dist: 2.81629958454432 vs. 2.81629958454432
list:
dist: 2.745333622801074 vs. 2.745333622801074
list:
dist: 2.2469743301961067 vs. 2.2469743301961067
list:
dist: 3.209153480848294 vs. 3.209153480848294
list:
dist: 2.518234883201429 vs. 2.518234883201429
list:
dist: 1.3241447815915013 vs. 1.3241447815915013
list:
dist: 1.6127969158053357 vs. 1.6127969158053357
list:
dist: 2.93028766203308 vs. 2.93028766203308
list:
dist: 4.060206339055886 vs. 4.060206339055886
list:
dist: 3.842920094683716 vs. 3.842920094683716
list:
dist: 3.5166591662023245 vs. 3.5166591662023245
list:
dist: 2.7330556864600974 vs. 2.7330556864600974
list:
dist: 1.413225104376227 vs. 1.413225104376227
list:
dist: 2.0324405310377807 vs. 2.0324405310377807
list:
dist: 1.5963435762625677 vs. 1.5963435762625677
list:
dist: 3.5306126779959843 vs. 3.5306126779959843
list:
dist: 3.592081698111479 vs. 3.592081698111479
list:
dist: 2.872968147041614 vs. 2.872968147041614
list:
dist: 3.862544016962187 vs. 3.862544016962187
list:
dist: 2.75203843050327 vs. 2.75203843050327
list:
dist: 2.3199269684539447 vs. 2.3199269684539447
list:
dist: 4.058290748064102 vs. 4.058290748064102
list:
dist: 2.810107078988568 vs. 2.810107078988568
list:
dist: 4.524705615934394 vs. 4.524705615934394
list:
dist: 2.0050886138311035 vs. 2.0050886138311035
list:
dist: 2.2931731778740456 vs. 2.2931731778740456
list:
dist: 2.2250922129116932 vs. 2.2250922129116932
list:
dist: 1.4978674127096552 vs. 1.4978674127096552
list:
dist: 2.03595423915832 vs. 2.03595423915832
list:
dist: 1.794979121433306 vs. 1.794979121433306
list:
dist: 2.3871841990668785 vs. 2.3871841990668785
list:
dist: 2.0587010936545793 vs. 2.0587010936545793
list:
dist: 2.3897598139047376 vs. 2.3897598139047376
list:
dist: 1.820904107936638 vs. 1.820904107936638
list:
dist: 2.5935319400308487 vs. 2.5935319400308487
list:
dist: 2.2469743301961067 vs. 2.2469743301961067
list:
dist: 2.905840301637042 vs. 2.905840301637042
list:
dist: 1.7180202771374429 vs. 1.7180202771374429
list:
dist: 2.2151098132146156 vs. 2.2151098132146156
list:
dist: 1.183386640524459 vs. 1.183386640524459
list:
dist: 1.7869812080097294 vs. 1.7869812080097294
list:
dist: 1.869805299946121 vs. 1.869805299946121
list:
dist: 1.5702076260233144 vs. 1.5702076260233144
list:
dist: 1.290953012628568 vs. 1.290953012628568
list:
dist: 2.872968147041614 vs. 2.872968147041614
list:
dist: 0.8548190876522328 vs. 0.8548190876522328
list:
dist: 1.0149569744618854 vs. 1.0149569744618854
list:
dist: 1.0235582226452227 vs. 1.0235582226452227
list:
dist: 2.486414251755291 vs. 2.486414251755291
list:
dist: 2.0072177454413898 vs. 2.0072177454413898
list:
dist: 3.1354992258901473 vs. 3.1354992258901473
list:
dist: 3.116705389567594 vs. 3.116705389567594
list:
dist: 2.9872616739705915 vs. 2.9872616739705915
list:
dist: 1.586679447376257 vs. 1.586679447376257
list:
dist: 3.4527731748269126 vs. 3.4527731748269126
list:
dist: 3.5515723603869436 vs. 3.5515723603869436
list:
dist: 2.2250922129116932 vs. 2.2250922129116932
list:
dist: 3.737097508554817 vs. 3.737097508554817
list:
dist: 3.334391023397802 vs. 3.334391023397802
list:
dist: 2.99993248593829 vs. 2.99993248593829
list:
dist: 3.12412743446751 vs. 3.12412743446751
list:
dist: 1.8859928041302905 vs. 1.8859928041302905
list:
dist: 1.1319376880874512 vs. 1.1319376880874512
list:
dist: 2.494285330256115 vs. 2.494285330256115
list:
dist: 1.2648577746116978 vs. 1.2648577746116978
list:
dist: 2.148192075159666 vs. 2.148192075159666
list:
dist: 2.6270896894287827 vs. 2.6270896894287827
list:
dist: 4.060206339055886 vs. 4.060206339055886
list:
dist: 1.0876241121062955 vs. 1.0876241121062955
list:
dist: 0.7713678746723936 vs. 0.7713678746723936
list:
dist: 1.7180202771374429 vs. 1.7180202771374429
list:
dist: 1.7544193503461825 vs. 1.7544193503461825
list:
dist: 1.7424292687154044 vs. 1.7424292687154044
list:
dist: 1.4520720401412326 vs. 1.4520720401412326
list:
dist: 3.3769854275353337 vs. 3.3769854275353337
list:
dist: 2.7821964956489302 vs. 2.7821964956489302
list:
dist: 2.3415567196507565 vs. 2.3415567196507565
list:
dist: 2.3954874534052135 vs. 2.3954874534052135
list:
dist: 1.1319376880874512 vs. 1.1319376880874512
list:
dist: 1.1488843441016596 vs. 1.1488843441016596
list:
dist: 1.4654763551511572 vs. 1.4654763551511572
list:
dist: 1.0321508542051145 vs. 1.0321508542051145
list:
dist: 2.005230756219142 vs. 2.005230756219142
list:
dist: 2.005357941325865 vs. 2.005357941325865
list:
dist: 3.5166591662023245 vs. 3.5166591662023245
list:
dist: 1.1858874250131137 vs. 1.1858874250131137
list:
dist: 0.9977408333991086 vs. 0.9977408333991086
list:
dist: 1.183386640524459 vs. 1.183386640524459
list:
dist: 1.424632640022551 vs. 1.424632640022551
list:
dist: 2.5408397104997738 vs. 2.5408397104997738
list:
dist: 1.8737989840134202 vs. 1.8737989840134202
list:
dist: 2.1034318692915153 vs. 2.1034318692915153
list:
dist: 3.1791428579021255 vs. 3.1791428579021255
list:
dist: 2.7239492131958225 vs. 2.7239492131958225
list:
dist: 2.75203843050327 vs. 2.75203843050327
list:
dist: 3.610164153803011 vs. 3.610164153803011
list:
dist: 3.8751316618388962 vs. 3.8751316618388962
list:
dist: 3.1354992258901473 vs. 3.1354992258901473
list:
dist: 3.647783768445046 vs. 3.647783768445046
list:
dist: 0.5061498272528714 vs. 0.5061498272528714
list:
dist: 2.135426978983176 vs. 2.135426978983176
list:
dist: 1.7069913437227153 vs. 1.7069913437227153
list:
dist: 2.1051723430002873 vs. 2.1051723430002873
list:
dist: 1.6272434119803525 vs. 1.6272434119803525
list:
dist: 2.9416984790221457 vs. 2.9416984790221457
list:
dist: 2.512826170784872 vs. 2.512826170784872
list:
dist: 2.3199269684539447 vs. 2.3199269684539447
list:
dist: 3.6292709959680804 vs. 3.6292709959680804
list:
dist: 3.864903755393464 vs. 3.864903755393464
list:
dist: 3.116705389567594 vs. 3.116705389567594
list:
dist: 3.7542927435764417 vs. 3.7542927435764417
list:
dist: 0.5061498272528714 vs. 0.5061498272528714
list:
dist: 2.415554842824715 vs. 2.415554842824715
list:
dist: 1.8386700274247474 vs. 1.8386700274247474
list:
dist: 2.561676759803971 vs. 2.561676759803971
list:
dist: 1.2648577746116978 vs. 1.2648577746116978
list:
dist: 1.6346094688462613 vs. 1.6346094688462613
list:
dist: 1.0321508542051145 vs. 1.0321508542051145
list:
dist: 2.3358281354937276 vs. 2.3358281354937276
list:
dist: 1.532781565847342 vs. 1.532781565847342
list:
dist: 1.3738138945894163 vs. 1.3738138945894163
list:
dist: 1.869805299946121 vs. 1.869805299946121
list:
dist: 1.4474935594224096 vs. 1.4474935594224096
list:
dist: 2.206557902857455 vs. 2.206557902857455
list:
dist: 1.3284225169007626 vs. 1.3284225169007626
list:
dist: 3.2691585244676196 vs. 3.2691585244676196
list:
dist: 3.3347800168586588 vs. 3.3347800168586588
list:
dist: 4.058290748064102 vs. 4.058290748064102
list:
dist: 2.9225069648159385 vs. 2.9225069648159385
list:
dist: 3.203845449392241 vs. 3.203845449392241
list:
dist: 2.9872616739705915 vs. 2.9872616739705915
list:
dist: 3.083724673592367 vs. 3.083724673592367
list:
dist: 3.110274494934203 vs. 3.110274494934203
list:
dist: 3.471258379016418 vs. 3.471258379016418
list:
dist: 2.135426978983176 vs. 2.135426978983176
list:
dist: 2.415554842824715 vs. 2.415554842824715
list:
dist: 1.6623398730414092 vs. 1.6623398730414092
list:
dist: 1.2260172805464697 vs. 1.2260172805464697
list:
dist: 2.9690905522545408 vs. 2.9690905522545408
list:
dist: 2.3871841990668785 vs. 2.3871841990668785
list:
dist: 3.0785851551899666 vs. 3.0785851551899666
list:
dist: 2.745333622801074 vs. 2.745333622801074
list:
dist: 3.144304598127929 vs. 3.144304598127929
list:
dist: 0.7713678746723936 vs. 0.7713678746723936
list:
dist: 2.078942443634846 vs. 2.078942443634846
list:
dist: 0.9977408333991086 vs. 0.9977408333991086
list:
dist: 2.2652318790231196 vs. 2.2652318790231196
list:
dist: 1.3738138945894163 vs. 1.3738138945894163
list:
dist: 1.8002259823862725 vs. 1.8002259823862725
list:
dist: 2.0814377216028066 vs. 2.0814377216028066
list:
dist: 3.592081698111479 vs. 3.592081698111479
list:
dist: 0.3319830355166001 vs. 0.3319830355166001
list:
dist: 1.0149569744618854 vs. 1.0149569744618854
list:
dist: 1.1387011451728772 vs. 1.1387011451728772
list:
dist: 1.69902099364002 vs. 1.69902099364002
list:
dist: 1.3305537983468534 vs. 1.3305537983468534
list:
dist: 3.8751316618388962 vs. 3.8751316618388962
list:
dist: 3.864903755393464 vs. 3.864903755393464
list:
dist: 3.203845449392241 vs. 3.203845449392241
list:
dist: 2.233337230106377 vs. 2.233337230106377
list:
dist: 3.8655027919040346 vs. 3.8655027919040346
list:
dist: 3.112388532582704 vs. 3.112388532582704
list:
dist: 2.2931731778740456 vs. 2.2931731778740456
list:
dist: 1.7424292687154044 vs. 1.7424292687154044
list:
dist: 3.5117400776048115 vs. 3.5117400776048115
list:
dist: 2.5408397104997738 vs. 2.5408397104997738
list:
dist: 3.9343380185448886 vs. 3.9343380185448886
list:
dist: 2.206557902857455 vs. 2.206557902857455
list:
dist: 1.6665316644623724 vs. 1.6665316644623724
list:
dist: 1.69902099364002 vs. 1.69902099364002
list:
dist: 2.486414251755291 vs. 2.486414251755291
list:
dist: 1.982041590369969 vs. 1.982041590369969
list:
dist: 1.0133101261245974 vs. 1.0133101261245974
list:
dist: 3.110274494934203 vs. 3.110274494934203
list:
dist: 2.9872511223423457 vs. 2.9872511223423457
list:
dist: 3.7958373069798768 vs. 3.7958373069798768
list:
dist: 1.702973441943214 vs. 1.702973441943214
list:
dist: 2.03595423915832 vs. 2.03595423915832
list:
dist: 3.1386838958067913 vs. 3.1386838958067913
list:
dist: 2.81629958454432 vs. 2.81629958454432
list:
dist: 3.3207365321585365 vs. 3.3207365321585365
list:
dist: 1.0876241121062955 vs. 1.0876241121062955
list:
dist: 2.3143629593902006 vs. 2.3143629593902006
list:
dist: 1.1858874250131137 vs. 1.1858874250131137
list:
dist: 2.354827084909398 vs. 2.354827084909398
list:
dist: 1.532781565847342 vs. 1.532781565847342
list:
dist: 1.8293441115674602 vs. 1.8293441115674602
list:
dist: 2.0076714509254603 vs. 2.0076714509254603
list:
dist: 3.5306126779959843 vs. 3.5306126779959843
list:
dist: 0.3319830355166001 vs. 0.3319830355166001
list:
dist: 0.8548190876522328 vs. 0.8548190876522328
list:
dist: 0.9271298783349907 vs. 0.9271298783349907
list:
dist: 1.6665316644623724 vs. 1.6665316644623724
list:
dist: 1.3083219754536357 vs. 1.3083219754536357
list:
dist: 3.610164153803011 vs. 3.610164153803011
list:
dist: 3.6292709959680804 vs. 3.6292709959680804
list:
dist: 2.9225069648159385 vs. 2.9225069648159385
list:
dist: 1.9416961963828672 vs. 1.9416961963828672
list:
dist: 3.5436693483736055 vs. 3.5436693483736055
list:
dist: 2.9392481147246605 vs. 2.9392481147246605
list:
dist: 2.0050886138311035 vs. 2.0050886138311035
list:
dist: 1.4520720401412326 vs. 1.4520720401412326
list:
dist: 2.829921361566602 vs. 2.829921361566602
list:
dist: 1.8737989840134202 vs. 1.8737989840134202
list:
dist: 3.27345287341576 vs. 3.27345287341576
list:
dist: 1.3284225169007626 vs. 1.3284225169007626
list:
dist: 1.3083219754536357 vs. 1.3083219754536357
list:
dist: 1.3305537983468534 vs. 1.3305537983468534
list:
dist: 2.0072177454413898 vs. 2.0072177454413898
list:
dist: 1.261875680540527 vs. 1.261875680540527
list:
dist: 1.0133101261245974 vs. 1.0133101261245974
list:
dist: 3.471258379016418 vs. 3.471258379016418
list:
dist: 2.8841813847303093 vs. 2.8841813847303093
list:
dist: 3.9478577197957856 vs. 3.9478577197957856
list:
dist: 2.1754416769789655 vs. 2.1754416769789655
list:
dist: 1.794979121433306 vs. 1.794979121433306
list:
dist: 2.9392481147246605 vs. 2.9392481147246605
list:
dist: 3.112388532582704 vs. 3.112388532582704
list:
dist: 3.5515723603869436 vs. 3.5515723603869436
list:
dist: 2.8343829880382607 vs. 2.8343829880382607
list:
dist: 1.702973441943214 vs. 1.702973441943214
list:
dist: 2.1754416769789655 vs. 2.1754416769789655
list:
dist: 2.9690905522545408 vs. 2.9690905522545408
list:
dist: 3.4350461426814713 vs. 3.4350461426814713
list:
dist: 3.265485976327761 vs. 3.265485976327761
list:
dist: 1.820904107936638 vs. 1.820904107936638
list:
dist: 2.150270186724974 vs. 2.150270186724974
list:
dist: 1.8141496108628983 vs. 1.8141496108628983
list:
dist: 2.810107078988568 vs. 2.810107078988568
list:
dist: 1.9416961963828672 vs. 1.9416961963828672
list:
dist: 2.233337230106377 vs. 2.233337230106377
list:
dist: 1.586679447376257 vs. 1.586679447376257
list:
dist: 1.9869410033969201 vs. 1.9869410033969201
list:
dist: 2.9872511223423457 vs. 2.9872511223423457
list:
dist: 2.8841813847303093 vs. 2.8841813847303093
list:
dist: 1.7069913437227153 vs. 1.7069913437227153
list:
dist: 1.8386700274247474 vs. 1.8386700274247474
list:
dist: 1.6623398730414092 vs. 1.6623398730414092
list:
dist: 2.025342555288753 vs. 2.025342555288753
list:
dist: 3.4350461426814713 vs. 3.4350461426814713
list:
dist: 2.0587010936545793 vs. 2.0587010936545793
list:
dist: 4.072953210672796 vs. 4.072953210672796
list:
dist: 3.8210751266743563 vs. 3.8210751266743563
list:
dist: 4.524705615934394 vs. 4.524705615934394
list:
dist: 3.5436693483736055 vs. 3.5436693483736055
list:
dist: 3.8655027919040346 vs. 3.8655027919040346
list:
dist: 3.4527731748269126 vs. 3.4527731748269126
list:
dist: 3.3826425217279703 vs. 3.3826425217279703
list:
dist: 3.7958373069798768 vs. 3.7958373069798768
list:
dist: 3.9478577197957856 vs. 3.9478577197957856
list:
dist: 2.1051723430002873 vs. 2.1051723430002873
list:
dist: 2.561676759803971 vs. 2.561676759803971
list:
dist: 1.2260172805464697 vs. 1.2260172805464697
list:
dist: 2.025342555288753 vs. 2.025342555288753
list:
dist: 3.265485976327761 vs. 3.265485976327761
list:
dist: 2.3897598139047376 vs. 2.3897598139047376
list:
dist: 3.5913436650361223 vs. 3.5913436650361223
list:
dist: 3.209153480848294 vs. 3.209153480848294
list:
dist: 3.6409232435935737 vs. 3.6409232435935737
list:
dist: 1.7544193503461825 vs. 1.7544193503461825
list:
dist: 2.510198097738982 vs. 2.510198097738982
list:
dist: 1.424632640022551 vs. 1.424632640022551
list:
dist: 2.4371038612917664 vs. 2.4371038612917664
list:
dist: 1.4474935594224096 vs. 1.4474935594224096
list:
dist: 2.5172544121623375 vs. 2.5172544121623375
list:
dist: 2.290621562115945 vs. 2.290621562115945
list:
dist: 3.862544016962187 vs. 3.862544016962187
list:
dist: 0.9271298783349907 vs. 0.9271298783349907
list:
dist: 1.1387011451728772 vs. 1.1387011451728772
list:
dist: 1.0235582226452227 vs. 1.0235582226452227
list:
dist: 1.982041590369969 vs. 1.982041590369969
list:
dist: 1.261875680540527 vs. 1.261875680540527
list:
dist: 3.647783768445046 vs. 3.647783768445046
list:
dist: 3.7542927435764417 vs. 3.7542927435764417
list:
dist: 3.083724673592367 vs. 3.083724673592367
list:
dist: 1.9869410033969201 vs. 1.9869410033969201
list:
dist: 3.3826425217279703 vs. 3.3826425217279703
list:
dist: 2.8343829880382607 vs. 2.8343829880382607
list:
dist: 1.4978674127096552 vs. 1.4978674127096552
list:
dist: 2.265937625721866 vs. 2.265937625721866
list:
dist: 1.3206351318458045 vs. 1.3206351318458045
list:
dist: 1.5535321024336277 vs. 1.5535321024336277
list:
dist: 2.3580323563051415 vs. 2.3580323563051415
list:
dist: 2.3761798816996174 vs. 2.3761798816996174
list:
dist: 1.980878273901547 vs. 1.980878273901547
list:
dist: 1.3681880127676227 vs. 1.3681880127676227
list:
dist: 1.5910471341131582 vs. 1.5910471341131582
list:
dist: 2.4018987299361396 vs. 2.4018987299361396
list:
dist: 1.6413944746765492 vs. 1.6413944746765492
list:
dist: 1.0946126379305636 vs. 1.0946126379305636
list:
dist: 1.7331951339462333 vs. 1.7331951339462333
list:
dist: 2.553548594679963 vs. 2.553548594679963
list:
dist: 2.531598993247108 vs. 2.531598993247108
list:
dist: 2.74503596944077 vs. 2.74503596944077
list:
dist: 2.684401943711837 vs. 2.684401943711837
list:
dist: 1.2925682649212953 vs. 1.2925682649212953
list:
dist: 1.5158420733323974 vs. 1.5158420733323974
list:
dist: 1.7815568596142937 vs. 1.7815568596142937
list:
dist: 1.3862477892369167 vs. 1.3862477892369167
list:
dist: 2.654822792780729 vs. 2.654822792780729
list:
dist: 1.5113253941921843 vs. 1.5113253941921843
list:
dist: 2.236108193505991 vs. 2.236108193505991
list:
dist: 2.265937625721866 vs. 2.265937625721866
list:
dist: 2.239845726137614 vs. 2.239845726137614
list:
dist: 1.8580423390986174 vs. 1.8580423390986174
list:
dist: 2.72356450563691 vs. 2.72356450563691
list:
dist: 1.761649940131454 vs. 1.761649940131454
list:
dist: 1.1553391430249154 vs. 1.1553391430249154
list:
dist: 1.611826413845516 vs. 1.611826413845516
list:
dist: 2.30164232373681 vs. 2.30164232373681
list:
dist: 2.3580323563051415 vs. 2.3580323563051415
list:
dist: 1.8099027279800337 vs. 1.8099027279800337
list:
dist: 1.3206351318458045 vs. 1.3206351318458045
list:
dist: 2.239845726137614 vs. 2.239845726137614
list:
dist: 0.5191470944085437 vs. 0.5191470944085437
list:
dist: 3.0148871038698015 vs. 3.0148871038698015
list:
dist: 2.3456432988009768 vs. 2.3456432988009768
list:
dist: 3.4245773734876708 vs. 3.4245773734876708
list:
dist: 1.963173818967523 vs. 1.963173818967523
list:
dist: 2.3761798816996174 vs. 2.3761798816996174
list:
dist: 2.4230653361606906 vs. 2.4230653361606906
list:
dist: 3.1591344435685955 vs. 3.1591344435685955
list:
dist: 2.72356450563691 vs. 2.72356450563691
list:
dist: 3.20691188010944 vs. 3.20691188010944
list:
dist: 3.1414815131339933 vs. 3.1414815131339933
list:
dist: 2.2619432908885955 vs. 2.2619432908885955
list:
dist: 2.2576605504078233 vs. 2.2576605504078233
list:
dist: 2.556649180976312 vs. 2.556649180976312
list:
dist: 3.0304797687650935 vs. 3.0304797687650935
list:
dist: 4.036905713271145 vs. 4.036905713271145
list:
dist: 3.151963366090645 vs. 3.151963366090645
list:
dist: 2.556649180976312 vs. 2.556649180976312
list:
dist: 1.2598517002111425 vs. 1.2598517002111425
list:
dist: 2.1415885391622456 vs. 2.1415885391622456
list:
dist: 1.7304174233207807 vs. 1.7304174233207807
list:
dist: 2.767003572406121 vs. 2.767003572406121
list:
dist: 2.553548594679963 vs. 2.553548594679963
list:
dist: 1.796065709231852 vs. 1.796065709231852
list:
dist: 1.838801362143499 vs. 1.838801362143499
list:
dist: 0.5657327492785263 vs. 0.5657327492785263
list:
dist: 2.3433340442294197 vs. 2.3433340442294197
list:
dist: 2.193611326137077 vs. 2.193611326137077
list:
dist: 2.3752345207637258 vs. 2.3752345207637258
list:
dist: 1.8734674112998666 vs. 1.8734674112998666
list:
dist: 3.167465879810713 vs. 3.167465879810713
list:
dist: 1.4917650643279876 vs. 1.4917650643279876
list:
dist: 3.7024174195598762 vs. 3.7024174195598762
list:
dist: 1.9977050664064158 vs. 1.9977050664064158
list:
dist: 3.9424512804841636 vs. 3.9424512804841636
list:
dist: 2.7144055876316666 vs. 2.7144055876316666
list:
dist: 3.7140213816433945 vs. 3.7140213816433945
list:
dist: 3.151963366090645 vs. 3.151963366090645
list:
dist: 1.8333674528334345 vs. 1.8333674528334345
list:
dist: 2.1617251426475232 vs. 2.1617251426475232
list:
dist: 1.471034978682476 vs. 1.471034978682476
list:
dist: 2.684401943711837 vs. 2.684401943711837
list:
dist: 2.814712712299131 vs. 2.814712712299131
list:
dist: 1.9097731238378015 vs. 1.9097731238378015
list:
dist: 2.193611326137077 vs. 2.193611326137077
list:
dist: 2.1772890574670023 vs. 2.1772890574670023
list:
dist: 1.2936973922382882 vs. 1.2936973922382882
list:
dist: 2.220549677117156 vs. 2.220549677117156
list:
dist: 1.4428888717703985 vs. 1.4428888717703985
list:
dist: 3.201378943637429 vs. 3.201378943637429
list:
dist: 1.9554244139706722 vs. 1.9554244139706722
list:
dist: 3.2343031301432106 vs. 3.2343031301432106
list:
dist: 2.8535395632136256 vs. 2.8535395632136256
list:
dist: 2.582744145030416 vs. 2.582744145030416
list:
dist: 2.3172970079189366 vs. 2.3172970079189366
list:
dist: 2.121403979551218 vs. 2.121403979551218
list:
dist: 1.9571724254726488 vs. 1.9571724254726488
list:
dist: 2.085190570088307 vs. 2.085190570088307
list:
dist: 1.5386649530911205 vs. 1.5386649530911205
list:
dist: 2.440942611049817 vs. 2.440942611049817
list:
dist: 2.7482465440299486 vs. 2.7482465440299486
list:
dist: 1.9046144734787185 vs. 1.9046144734787185
list:
dist: 2.4480164114209537 vs. 2.4480164114209537
list:
dist: 3.092530283722658 vs. 3.092530283722658
list:
dist: 1.5553435649449443 vs. 1.5553435649449443
list:
dist: 2.1194464200284697 vs. 2.1194464200284697
list:
dist: 1.055163289877368 vs. 1.055163289877368
list:
dist: 1.8867445204211537 vs. 1.8867445204211537
list:
dist: 1.8933733012639706 vs. 1.8933733012639706
list:
dist: 2.7675381463626554 vs. 2.7675381463626554
list:
dist: 1.5158420733323974 vs. 1.5158420733323974
list:
dist: 1.7379543441469847 vs. 1.7379543441469847
list:
dist: 2.7753042741034184 vs. 2.7753042741034184
list:
dist: 1.8734674112998666 vs. 1.8734674112998666
list:
dist: 1.6726295761113357 vs. 1.6726295761113357
list:
dist: 1.2480517274532763 vs. 1.2480517274532763
list:
dist: 1.4428888717703985 vs. 1.4428888717703985
list:
dist: 0.8148100541653241 vs. 0.8148100541653241
list:
dist: 1.8255765358995704 vs. 1.8255765358995704
list:
dist: 0.6948541382243962 vs. 0.6948541382243962
list:
dist: 2.165013475779873 vs. 2.165013475779873
list:
dist: 1.4915682808166448 vs. 1.4915682808166448
list:
dist: 2.1351523144549214 vs. 2.1351523144549214
list:
dist: 2.447838645332532 vs. 2.447838645332532
list:
dist: 2.4357844077263158 vs. 2.4357844077263158
list:
dist: 1.5122980452632437 vs. 1.5122980452632437
list:
dist: 2.3281444141000383 vs. 2.3281444141000383
list:
dist: 2.6135213716785297 vs. 2.6135213716785297
list:
dist: 2.530924185318204 vs. 2.530924185318204
list:
dist: 1.2925682649212953 vs. 1.2925682649212953
list:
dist: 1.7277793377924393 vs. 1.7277793377924393
list:
dist: 2.089631513589778 vs. 2.089631513589778
list:
dist: 2.3752345207637258 vs. 2.3752345207637258
list:
dist: 2.0893365737427367 vs. 2.0893365737427367
list:
dist: 1.7134691513258364 vs. 1.7134691513258364
list:
dist: 2.220549677117156 vs. 2.220549677117156
list:
dist: 0.8148100541653241 vs. 0.8148100541653241
list:
dist: 1.0173114464048494 vs. 1.0173114464048494
list:
dist: 0.8940974181282015 vs. 0.8940974181282015
list:
dist: 1.5650164447137902 vs. 1.5650164447137902
list:
dist: 1.1091824379482997 vs. 1.1091824379482997
list:
dist: 2.047403882782775 vs. 2.047403882782775
list:
dist: 2.8111113117303077 vs. 2.8111113117303077
list:
dist: 2.713077162217926 vs. 2.713077162217926
list:
dist: 1.761649940131454 vs. 1.761649940131454
list:
dist: 3.0148871038698015 vs. 3.0148871038698015
list:
dist: 2.552854381436402 vs. 2.552854381436402
list:
dist: 3.20691188010944 vs. 3.20691188010944
list:
dist: 1.1837044915771675 vs. 1.1837044915771675
list:
dist: 1.357471742716519 vs. 1.357471742716519
list:
dist: 2.11669743432641 vs. 2.11669743432641
list:
dist: 1.3681880127676227 vs. 1.3681880127676227
list:
dist: 1.0041299459187119 vs. 1.0041299459187119
list:
dist: 2.59335007996821 vs. 2.59335007996821
list:
dist: 1.2598517002111425 vs. 1.2598517002111425
list:
dist: 1.3619370597656997 vs. 1.3619370597656997
list:
dist: 2.1068096661418343 vs. 2.1068096661418343
list:
dist: 1.8333674528334345 vs. 1.8333674528334345
list:
dist: 1.5122980452632437 vs. 1.5122980452632437
list:
dist: 1.055163289877368 vs. 1.055163289877368
list:
dist: 2.4027000306539295 vs. 2.4027000306539295
list:
dist: 0.7870988044903544 vs. 0.7870988044903544
list:
dist: 3.0539625286018084 vs. 3.0539625286018084
list:
dist: 1.501887870237463 vs. 1.501887870237463
list:
dist: 2.8424696331015156 vs. 2.8424696331015156
list:
dist: 3.0304797687650935 vs. 3.0304797687650935
list:
dist: 1.3619370597656997 vs. 1.3619370597656997
list:
dist: 2.43582943045344 vs. 2.43582943045344
list:
dist: 2.074358228932232 vs. 2.074358228932232
list:
dist: 2.8505128030581393 vs. 2.8505128030581393
list:
dist: 2.531598993247108 vs. 2.531598993247108
list:
dist: 1.8718414315860041 vs. 1.8718414315860041
list:
dist: 1.8745426913913075 vs. 1.8745426913913075
list:
dist: 0.5657327492785263 vs. 0.5657327492785263
list:
dist: 2.0094307019291846 vs. 2.0094307019291846
list:
dist: 2.1772890574670023 vs. 2.1772890574670023
list:
dist: 2.0893365737427367 vs. 2.0893365737427367
list:
dist: 1.6726295761113357 vs. 1.6726295761113357
list:
dist: 2.814619740807332 vs. 2.814619740807332
list:
dist: 1.2681536741045367 vs. 1.2681536741045367
list:
dist: 3.273843782362009 vs. 3.273843782362009
list:
dist: 1.701826174748247 vs. 1.701826174748247
list:
dist: 3.805812511167092 vs. 3.805812511167092
list:
dist: 2.2921023914741077 vs. 2.2921023914741077
list:
dist: 3.387093290313169 vs. 3.387093290313169
list:
dist: 2.2576605504078233 vs. 2.2576605504078233
list:
dist: 2.59335007996821 vs. 2.59335007996821
list:
dist: 3.206779274328658 vs. 3.206779274328658
list:
dist: 2.2134267286156954 vs. 2.2134267286156954
list:
dist: 1.838801362143499 vs. 1.838801362143499
list:
dist: 1.8745426913913075 vs. 1.8745426913913075
list:
dist: 2.2143276843621864 vs. 2.2143276843621864
list:
dist: 1.9097731238378015 vs. 1.9097731238378015
list:
dist: 2.0381441704858365 vs. 2.0381441704858365
list:
dist: 1.5535321024336277 vs. 1.5535321024336277
list:
dist: 1.8580423390986174 vs. 1.8580423390986174
list:
dist: 0.5191470944085437 vs. 0.5191470944085437
list:
dist: 2.552854381436402 vs. 2.552854381436402
list:
dist: 1.834805711452077 vs. 1.834805711452077
list:
dist: 2.926709897022033 vs. 2.926709897022033
list:
dist: 1.838449032470049 vs. 1.838449032470049
list:
dist: 1.980878273901547 vs. 1.980878273901547
list:
dist: 2.0644700868868737 vs. 2.0644700868868737
list:
dist: 2.9889864738726812 vs. 2.9889864738726812
list:
dist: 3.1591344435685955 vs. 3.1591344435685955
list:
dist: 2.9889864738726812 vs. 2.9889864738726812
list:
dist: 2.4286661548622264 vs. 2.4286661548622264
list:
dist: 1.7331951339462333 vs. 1.7331951339462333
list:
dist: 2.5323042535633116 vs. 2.5323042535633116
list:
dist: 2.089631513589778 vs. 2.089631513589778
list:
dist: 2.7753042741034184 vs. 2.7753042741034184
list:
dist: 1.599758166050769 vs. 1.599758166050769
list:
dist: 2.694836243800479 vs. 2.694836243800479
list:
dist: 2.4143609152493912 vs. 2.4143609152493912
list:
dist: 2.3185638962315847 vs. 2.3185638962315847
list:
dist: 2.5334589548346558 vs. 2.5334589548346558
list:
dist: 1.501887870237463 vs. 1.501887870237463
list:
dist: 2.5111447059290155 vs. 2.5111447059290155
list:
dist: 2.844712569422664 vs. 2.844712569422664
list:
dist: 1.8805820772381634 vs. 1.8805820772381634
list:
dist: 1.5113253941921843 vs. 1.5113253941921843
list:
dist: 1.2381068762720318 vs. 1.2381068762720318
list:
dist: 2.3185638962315847 vs. 2.3185638962315847
list:
dist: 1.9977050664064158 vs. 1.9977050664064158
list:
dist: 1.701826174748247 vs. 1.701826174748247
list:
dist: 2.3689486579089523 vs. 2.3689486579089523
list:
dist: 2.8535395632136256 vs. 2.8535395632136256
list:
dist: 1.1091824379482997 vs. 1.1091824379482997
list:
dist: 1.4915682808166448 vs. 1.4915682808166448
list:
dist: 1.3502470664539539 vs. 1.3502470664539539
list:
dist: 0.9147245270924512 vs. 0.9147245270924512
list:
dist: 2.221541713851619 vs. 2.221541713851619
list:
dist: 3.100824080425454 vs. 3.100824080425454
list:
dist: 3.0902946420578763 vs. 3.0902946420578763
list:
dist: 3.5735581357998285 vs. 3.5735581357998285
list:
dist: 2.752506541205587 vs. 2.752506541205587
list:
dist: 1.596941578904305 vs. 1.596941578904305
list:
dist: 1.9787367244891618 vs. 1.9787367244891618
list:
dist: 2.085190570088307 vs. 2.085190570088307
list:
dist: 3.944311658880743 vs. 3.944311658880743
list:
dist: 3.645941288277628 vs. 3.645941288277628
list:
dist: 4.123342878992241 vs. 4.123342878992241
list:
dist: 3.6791145928191846 vs. 3.6791145928191846
list:
dist: 2.4529304413954347 vs. 2.4529304413954347
list:
dist: 3.529831022159477 vs. 3.529831022159477
list:
dist: 2.1113470007988764 vs. 2.1113470007988764
list:
dist: 4.070084334823048 vs. 4.070084334823048
list:
dist: 4.083119770784307 vs. 4.083119770784307
list:
dist: 2.640756903357731 vs. 2.640756903357731
list:
dist: 3.497110446090047 vs. 3.497110446090047
list:
dist: 2.30164232373681 vs. 2.30164232373681
list:
dist: 1.963173818967523 vs. 1.963173818967523
list:
dist: 1.838449032470049 vs. 1.838449032470049
list:
dist: 2.11669743432641 vs. 2.11669743432641
list:
dist: 2.3495356141350565 vs. 2.3495356141350565
list:
dist: 1.6413944746765492 vs. 1.6413944746765492
list:
dist: 1.1207799308907498 vs. 1.1207799308907498
list:
dist: 2.4286661548622264 vs. 2.4286661548622264
list:
dist: 2.767003572406121 vs. 2.767003572406121
list:
dist: 2.8505128030581393 vs. 2.8505128030581393
list:
dist: 3.9451665341875946 vs. 3.9451665341875946
list:
dist: 2.530924185318204 vs. 2.530924185318204
list:
dist: 2.7675381463626554 vs. 2.7675381463626554
list:
dist: 2.6924520877619025 vs. 2.6924520877619025
list:
dist: 2.2485743111344068 vs. 2.2485743111344068
list:
dist: 3.775827949006626 vs. 3.775827949006626
list:
dist: 1.8805820772381634 vs. 1.8805820772381634
list:
dist: 4.036905713271145 vs. 4.036905713271145
list:
dist: 2.1068096661418343 vs. 2.1068096661418343
list:
dist: 2.916798098530931 vs. 2.916798098530931
list:
dist: 2.4845846886077876 vs. 2.4845846886077876
list:
dist: 3.9451665341875946 vs. 3.9451665341875946
list:
dist: 2.74503596944077 vs. 2.74503596944077
list:
dist: 2.8974743982656226 vs. 2.8974743982656226
list:
dist: 2.2143276843621864 vs. 2.2143276843621864
list:
dist: 2.3433340442294197 vs. 2.3433340442294197
list:
dist: 2.0094307019291846 vs. 2.0094307019291846
list:
dist: 1.2936973922382882 vs. 1.2936973922382882
list:
dist: 1.7134691513258364 vs. 1.7134691513258364
list:
dist: 1.2480517274532763 vs. 1.2480517274532763
list:
dist: 2.474889758795335 vs. 2.474889758795335
list:
dist: 1.7078909311472419 vs. 1.7078909311472419
list:
dist: 2.2458185805679625 vs. 2.2458185805679625
list:
dist: 2.3689486579089523 vs. 2.3689486579089523
list:
dist: 2.5922327711673767 vs. 2.5922327711673767
list:
dist: 1.3851014289141332 vs. 1.3851014289141332
list:
dist: 1.391914832246967 vs. 1.391914832246967
list:
dist: 3.0539625286018084 vs. 3.0539625286018084
list:
dist: 3.8474748629037436 vs. 3.8474748629037436
list:
dist: 4.0496972929732316 vs. 4.0496972929732316
list:
dist: 3.775827949006626 vs. 3.775827949006626
list:
dist: 2.654822792780729 vs. 2.654822792780729
list:
dist: 3.1976057503747524 vs. 3.1976057503747524
list:
dist: 2.4143609152493912 vs. 2.4143609152493912
list:
dist: 3.7024174195598762 vs. 3.7024174195598762
list:
dist: 3.273843782362009 vs. 3.273843782362009
list:
dist: 2.2458185805679625 vs. 2.2458185805679625
list:
dist: 3.2343031301432106 vs. 3.2343031301432106
list:
dist: 1.5650164447137902 vs. 1.5650164447137902
list:
dist: 2.165013475779873 vs. 2.165013475779873
list:
dist: 1.1127372539731857 vs. 1.1127372539731857
list:
dist: 2.348802248788804 vs. 2.348802248788804
list:
dist: 2.221541713851619 vs. 2.221541713851619
list:
dist: 2.3739359099898034 vs. 2.3739359099898034
list:
dist: 3.0067454061504697 vs. 3.0067454061504697
list:
dist: 2.5384270834970604 vs. 2.5384270834970604
list:
dist: 2.4027000306539295 vs. 2.4027000306539295
list:
dist: 3.1816859270604154 vs. 3.1816859270604154
list:
dist: 3.603534831619977 vs. 3.603534831619977
list:
dist: 2.6924520877619025 vs. 2.6924520877619025
list:
dist: 1.7815568596142937 vs. 1.7815568596142937
list:
dist: 2.2623221652074963 vs. 2.2623221652074963
list:
dist: 1.599758166050769 vs. 1.599758166050769
list:
dist: 3.167465879810713 vs. 3.167465879810713
list:
dist: 2.814619740807332 vs. 2.814619740807332
list:
dist: 2.474889758795335 vs. 2.474889758795335
list:
dist: 3.201378943637429 vs. 3.201378943637429
list:
dist: 1.0173114464048494 vs. 1.0173114464048494
list:
dist: 1.8255765358995704 vs. 1.8255765358995704
list:
dist: 1.7432664509106666 vs. 1.7432664509106666
list:
dist: 1.1127372539731857 vs. 1.1127372539731857
list:
dist: 1.3502470664539539 vs. 1.3502470664539539
list:
dist: 2.4324976517735846 vs. 2.4324976517735846
list:
dist: 3.362275947549597 vs. 3.362275947549597
list:
dist: 3.231052639365204 vs. 3.231052639365204
list:
dist: 1.611826413845516 vs. 1.611826413845516
list:
dist: 3.4245773734876708 vs. 3.4245773734876708
list:
dist: 2.926709897022033 vs. 2.926709897022033
list:
dist: 2.2619432908885955 vs. 2.2619432908885955
list:
dist: 1.357471742716519 vs. 1.357471742716519
list:
dist: 1.1251834826564469 vs. 1.1251834826564469
list:
dist: 2.4018987299361396 vs. 2.4018987299361396
list:
dist: 2.1968293674280486 vs. 2.1968293674280486
list:
dist: 2.2134267286156954 vs. 2.2134267286156954
list:
dist: 1.7304174233207807 vs. 1.7304174233207807
list:
dist: 2.074358228932232 vs. 2.074358228932232
list:
dist: 2.4845846886077876 vs. 2.4845846886077876
list:
dist: 1.471034978682476 vs. 1.471034978682476
list:
dist: 2.6135213716785297 vs. 2.6135213716785297
list:
dist: 1.8933733012639706 vs. 1.8933733012639706
list:
dist: 3.603534831619977 vs. 3.603534831619977
list:
dist: 2.0166943663790544 vs. 2.0166943663790544
list:
dist: 4.0496972929732316 vs. 4.0496972929732316
list:
dist: 2.844712569422664 vs. 2.844712569422664
list:
dist: 3.21387243883635 vs. 3.21387243883635
list:
dist: 0.7870988044903544 vs. 0.7870988044903544
list:
dist: 1.8913129945521696 vs. 1.8913129945521696
list:
dist: 2.0166943663790544 vs. 2.0166943663790544
list:
dist: 2.2485743111344068 vs. 2.2485743111344068
list:
dist: 1.3862477892369167 vs. 1.3862477892369167
list:
dist: 1.2180674299244965 vs. 1.2180674299244965
list:
dist: 2.694836243800479 vs. 2.694836243800479
list:
dist: 1.4917650643279876 vs. 1.4917650643279876
list:
dist: 1.2681536741045367 vs. 1.2681536741045367
list:
dist: 1.7078909311472419 vs. 1.7078909311472419
list:
dist: 1.9554244139706722 vs. 1.9554244139706722
list:
dist: 0.8940974181282015 vs. 0.8940974181282015
list:
dist: 0.6948541382243962 vs. 0.6948541382243962
list:
dist: 1.7432664509106666 vs. 1.7432664509106666
list:
dist: 2.348802248788804 vs. 2.348802248788804
list:
dist: 0.9147245270924512 vs. 0.9147245270924512
list:
dist: 2.6783838009756376 vs. 2.6783838009756376
list:
dist: 2.6323257508996156 vs. 2.6323257508996156
list:
dist: 3.0032407117516886 vs. 3.0032407117516886
list:
dist: 2.0381441704858365 vs. 2.0381441704858365
list:
dist: 2.7144055876316666 vs. 2.7144055876316666
list:
dist: 2.2921023914741077 vs. 2.2921023914741077
list:
dist: 1.3851014289141332 vs. 1.3851014289141332
list:
dist: 2.3172970079189366 vs. 2.3172970079189366
list:
dist: 2.8111113117303077 vs. 2.8111113117303077
list:
dist: 2.447838645332532 vs. 2.447838645332532
list:
dist: 3.362275947549597 vs. 3.362275947549597
list:
dist: 2.6323257508996156 vs. 2.6323257508996156
list:
dist: 3.0067454061504697 vs. 3.0067454061504697
list:
dist: 3.0902946420578763 vs. 3.0902946420578763
list:
dist: 3.9344141753018635 vs. 3.9344141753018635
list:
dist: 1.9081087053675583 vs. 1.9081087053675583
list:
dist: 1.8099027279800337 vs. 1.8099027279800337
list:
dist: 2.4230653361606906 vs. 2.4230653361606906
list:
dist: 2.0644700868868737 vs. 2.0644700868868737
list:
dist: 1.0041299459187119 vs. 1.0041299459187119
list:
dist: 1.5680607758441965 vs. 1.5680607758441965
list:
dist: 2.1968293674280486 vs. 2.1968293674280486
list:
dist: 1.1207799308907498 vs. 1.1207799308907498
list:
dist: 1.0946126379305636 vs. 1.0946126379305636
list:
dist: 2.5323042535633116 vs. 2.5323042535633116
list:
dist: 1.796065709231852 vs. 1.796065709231852
list:
dist: 1.8718414315860041 vs. 1.8718414315860041
list:
dist: 2.8974743982656226 vs. 2.8974743982656226
list:
dist: 2.814712712299131 vs. 2.814712712299131
list:
dist: 1.7277793377924393 vs. 1.7277793377924393
list:
dist: 1.7379543441469847 vs. 1.7379543441469847
list:
dist: 2.2623221652074963 vs. 2.2623221652074963
list:
dist: 1.2180674299244965 vs. 1.2180674299244965
list:
dist: 3.1976057503747524 vs. 3.1976057503747524
list:
dist: 1.2381068762720318 vs. 1.2381068762720318
list:
dist: 3.2108936766819354 vs. 3.2108936766819354
list:
dist: 3.4019668502287064 vs. 3.4019668502287064
list:
dist: 2.4419149938518006 vs. 2.4419149938518006
list:
dist: 1.9316825804463207 vs. 1.9316825804463207
list:
dist: 2.1558489436682406 vs. 2.1558489436682406
list:
dist: 2.125202123415659 vs. 2.125202123415659
list:
dist: 1.1229296178008508 vs. 1.1229296178008508
list:
dist: 1.0541817492178926 vs. 1.0541817492178926
list:
dist: 0.8675563786629741 vs. 0.8675563786629741
list:
dist: 1.3984424041108305 vs. 1.3984424041108305
list:
dist: 2.8424696331015156 vs. 2.8424696331015156
list:
dist: 2.8546383023714323 vs. 2.8546383023714323
list:
dist: 3.21387243883635 vs. 3.21387243883635
list:
dist: 2.236108193505991 vs. 2.236108193505991
list:
dist: 3.2108936766819354 vs. 3.2108936766819354
list:
dist: 2.5334589548346558 vs. 2.5334589548346558
list:
dist: 3.9424512804841636 vs. 3.9424512804841636
list:
dist: 3.805812511167092 vs. 3.805812511167092
list:
dist: 2.5922327711673767 vs. 2.5922327711673767
list:
dist: 2.582744145030416 vs. 2.582744145030416
list:
dist: 2.047403882782775 vs. 2.047403882782775
list:
dist: 2.1351523144549214 vs. 2.1351523144549214
list:
dist: 2.4324976517735846 vs. 2.4324976517735846
list:
dist: 2.6783838009756376 vs. 2.6783838009756376
list:
dist: 2.3739359099898034 vs. 2.3739359099898034
list:
dist: 3.100824080425454 vs. 3.100824080425454
list:
dist: 3.9344141753018635 vs. 3.9344141753018635
list:
dist: 2.7144364651444546 vs. 2.7144364651444546
list:
dist: 3.7140213816433945 vs. 3.7140213816433945
list:
dist: 3.387093290313169 vs. 3.387093290313169
list:
dist: 1.391914832246967 vs. 1.391914832246967
list:
dist: 2.121403979551218 vs. 2.121403979551218
list:
dist: 2.713077162217926 vs. 2.713077162217926
list:
dist: 2.4357844077263158 vs. 2.4357844077263158
list:
dist: 3.231052639365204 vs. 3.231052639365204
list:
dist: 3.0032407117516886 vs. 3.0032407117516886
list:
dist: 2.5384270834970604 vs. 2.5384270834970604
list:
dist: 3.5735581357998285 vs. 3.5735581357998285
list:
dist: 2.7144364651444546 vs. 2.7144364651444546
list:
dist: 1.9081087053675583 vs. 1.9081087053675583
list:
dist: 1.1553391430249154 vs. 1.1553391430249154
list:
dist: 2.3456432988009768 vs. 2.3456432988009768
list:
dist: 1.834805711452077 vs. 1.834805711452077
list:
dist: 3.1414815131339933 vs. 3.1414815131339933
list:
dist: 1.1837044915771675 vs. 1.1837044915771675
list:
dist: 1.1251834826564469 vs. 1.1251834826564469
list:
dist: 2.3495356141350565 vs. 2.3495356141350565
list:
dist: 1.5910471341131582 vs. 1.5910471341131582
list:
dist: 1.5680607758441965 vs. 1.5680607758441965
list:
dist: 3.206779274328658 vs. 3.206779274328658
list:
dist: 2.1415885391622456 vs. 2.1415885391622456
list:
dist: 2.43582943045344 vs. 2.43582943045344
list:
dist: 2.916798098530931 vs. 2.916798098530931
list:
dist: 2.1617251426475232 vs. 2.1617251426475232
list:
dist: 2.3281444141000383 vs. 2.3281444141000383
list:
dist: 1.8867445204211537 vs. 1.8867445204211537
list:
dist: 3.1816859270604154 vs. 3.1816859270604154
list:
dist: 1.8913129945521696 vs. 1.8913129945521696
list:
dist: 3.8474748629037436 vs. 3.8474748629037436
list:
dist: 2.5111447059290155 vs. 2.5111447059290155
list:
dist: 2.8546383023714323 vs. 2.8546383023714323
list:
dist: 1.2352835509354507 vs. 1.2352835509354507
list:
dist: 0.93540029518776 vs. 0.93540029518776
list:
dist: 2.4529304413954347 vs. 2.4529304413954347
list:
dist: 1.1046863879328128 vs. 1.1046863879328128
list:
dist: 2.440942611049817 vs. 2.440942611049817
list:
dist: 1.7915505780901544 vs. 1.7915505780901544
list:
dist: 1.5788010020799608 vs. 1.5788010020799608
list:
dist: 1.68485833798068 vs. 1.68485833798068
list:
dist: 1.7968082216529169 vs. 1.7968082216529169
list:
dist: 1.33663769575193 vs. 1.33663769575193
list:
dist: 0.7487155859162884 vs. 0.7487155859162884
list:
dist: 2.638387353348342 vs. 2.638387353348342
list:
dist: 1.8737638530299678 vs. 1.8737638530299678
list:
dist: 2.4631494826389915 vs. 2.4631494826389915
list:
dist: 2.5041942947501576 vs. 2.5041942947501576
list:
dist: 3.553770428186293 vs. 3.553770428186293
list:
dist: 3.502524649409364 vs. 3.502524649409364
list:
dist: 3.7398762515863884 vs. 3.7398762515863884
list:
dist: 2.2195195121426288 vs. 2.2195195121426288
list:
dist: 2.7735457340750562 vs. 2.7735457340750562
list:
dist: 4.004197347500219 vs. 4.004197347500219
list:
dist: 3.997668742065342 vs. 3.997668742065342
list:
dist: 4.393693409504116 vs. 4.393693409504116
list:
dist: 1.0827414976717682 vs. 1.0827414976717682
list:
dist: 2.2109251788241786 vs. 2.2109251788241786
list:
dist: 3.6791145928191846 vs. 3.6791145928191846
list:
dist: 1.70550904171129 vs. 1.70550904171129
list:
dist: 3.421482427306039 vs. 3.421482427306039
list:
dist: 1.6892717926072807 vs. 1.6892717926072807
list:
dist: 0.9757122892679245 vs. 0.9757122892679245
list:
dist: 1.9051455422086463 vs. 1.9051455422086463
list:
dist: 1.7968082216529169 vs. 1.7968082216529169
list:
dist: 1.5013834419059862 vs. 1.5013834419059862
list:
dist: 2.1192597978635432 vs. 2.1192597978635432
list:
dist: 2.1124352283398524 vs. 2.1124352283398524
list:
dist: 1.1307563193853136 vs. 1.1307563193853136
list:
dist: 2.894927113448014 vs. 2.894927113448014
list:
dist: 2.6291460159157296 vs. 2.6291460159157296
list:
dist: 2.813110594478916 vs. 2.813110594478916
list:
dist: 2.378084743281712 vs. 2.378084743281712
list:
dist: 2.5810961944896067 vs. 2.5810961944896067
list:
dist: 3.298765754359761 vs. 3.298765754359761
list:
dist: 3.795001711986926 vs. 3.795001711986926
list:
dist: 2.4695801305216234 vs. 2.4695801305216234
list:
dist: 2.836020707445545 vs. 2.836020707445545
list:
dist: 3.391926575615849 vs. 3.391926575615849
list:
dist: 3.421482427306039 vs. 3.421482427306039
list:
dist: 2.939535059839695 vs. 2.939535059839695
list:
dist: 2.841154791745955 vs. 2.841154791745955
list:
dist: 2.5595943100221388 vs. 2.5595943100221388
list:
dist: 1.6215620897919507 vs. 1.6215620897919507
list:
dist: 2.3960095979248512 vs. 2.3960095979248512
list:
dist: 3.944311658880743 vs. 3.944311658880743
list:
dist: 2.3792994188064367 vs. 2.3792994188064367
list:
dist: 2.4695801305216234 vs. 2.4695801305216234
list:
dist: 0.752387111037854 vs. 0.752387111037854
list:
dist: 1.567554330323831 vs. 1.567554330323831
list:
dist: 1.6892717926072807 vs. 1.6892717926072807
list:
dist: 1.7915505780901544 vs. 1.7915505780901544
list:
dist: 2.0715191325935796 vs. 2.0715191325935796
list:
dist: 2.5098720589743673 vs. 2.5098720589743673
list:
dist: 3.463766185296136 vs. 3.463766185296136
list:
dist: 1.9689687759104129 vs. 1.9689687759104129
list:
dist: 2.718992361873519 vs. 2.718992361873519
list:
dist: 2.6443481791116135 vs. 2.6443481791116135
list:
dist: 2.704927684144172 vs. 2.704927684144172
list:
dist: 2.2146861132216453 vs. 2.2146861132216453
list:
dist: 3.024955768826049 vs. 3.024955768826049
list:
dist: 4.424016334165254 vs. 4.424016334165254
list:
dist: 4.424016334165254 vs. 4.424016334165254
list:
dist: 4.017225120365496 vs. 4.017225120365496
list:
dist: 3.272006260944744 vs. 3.272006260944744
list:
dist: 3.298765754359761 vs. 3.298765754359761
list:
dist: 4.004197347500219 vs. 4.004197347500219
list:
dist: 2.720185015689103 vs. 2.720185015689103
list:
dist: 3.8311212599184565 vs. 3.8311212599184565
list:
dist: 1.6990251672893195 vs. 1.6990251672893195
list:
dist: 2.4768600268242644 vs. 2.4768600268242644
list:
dist: 3.486056217865164 vs. 3.486056217865164
list:
dist: 2.402978752383712 vs. 2.402978752383712
list:
dist: 3.140872729810978 vs. 3.140872729810978
list:
dist: 2.9760728113751704 vs. 2.9760728113751704
list:
dist: 3.323819814115158 vs. 3.323819814115158
list:
dist: 2.9222057997781534 vs. 2.9222057997781534
list:
dist: 1.8854816598801212 vs. 1.8854816598801212
list:
dist: 1.4565530440673586 vs. 1.4565530440673586
list:
dist: 2.4893153831529062 vs. 2.4893153831529062
list:
dist: 3.7949798681748357 vs. 3.7949798681748357
list:
dist: 3.7667255455552304 vs. 3.7667255455552304
list:
dist: 2.193005400946579 vs. 2.193005400946579
list:
dist: 1.0038961531294326 vs. 1.0038961531294326
list:
dist: 1.2968445853801713 vs. 1.2968445853801713
list:
dist: 1.9316825804463207 vs. 1.9316825804463207
list:
dist: 2.698340628891377 vs. 2.698340628891377
list:
dist: 3.033337337592968 vs. 3.033337337592968
list:
dist: 4.070084334823048 vs. 4.070084334823048
list:
dist: 2.5142284147164986 vs. 2.5142284147164986
list:
dist: 2.4480164114209537 vs. 2.4480164114209537
list:
dist: 3.463766185296136 vs. 3.463766185296136
list:
dist: 2.9137078759965056 vs. 2.9137078759965056
list:
dist: 2.6017452133465033 vs. 2.6017452133465033
list:
dist: 2.1124352283398524 vs. 2.1124352283398524
list:
dist: 2.638387353348342 vs. 2.638387353348342
list:
dist: 1.6413307838934477 vs. 1.6413307838934477
list:
dist: 2.3527813168305123 vs. 2.3527813168305123
list:
dist: 1.6292513897925556 vs. 1.6292513897925556
list:
dist: 2.079934460580298 vs. 2.079934460580298
list:
dist: 1.1437814566646902 vs. 1.1437814566646902
list:
dist: 3.394211701745153 vs. 3.394211701745153
list:
dist: 3.190045987402971 vs. 3.190045987402971
list:
dist: 3.53734137740442 vs. 3.53734137740442
list:
dist: 2.5826565625242703 vs. 2.5826565625242703
list:
dist: 1.9690995384747558 vs. 1.9690995384747558
list:
dist: 1.6990251672893195 vs. 1.6990251672893195
list:
dist: 1.7654862159216078 vs. 1.7654862159216078
list:
dist: 2.7763259834252554 vs. 2.7763259834252554
list:
dist: 1.0222772621019425 vs. 1.0222772621019425
list:
dist: 2.0835824646637113 vs. 2.0835824646637113
list:
dist: 3.645941288277628 vs. 3.645941288277628
list:
dist: 1.8660592182849058 vs. 1.8660592182849058
list:
dist: 2.836020707445545 vs. 2.836020707445545
list:
dist: 0.752387111037854 vs. 0.752387111037854
list:
dist: 1.660500114452255 vs. 1.660500114452255
list:
dist: 0.9757122892679245 vs. 0.9757122892679245
list:
dist: 1.5788010020799608 vs. 1.5788010020799608
list:
dist: 1.756420751234009 vs. 1.756420751234009
list:
dist: 2.191120685669229 vs. 2.191120685669229
list:
dist: 2.9137078759965056 vs. 2.9137078759965056
list:
dist: 1.5712639880263808 vs. 1.5712639880263808
list:
dist: 2.8428531947193614 vs. 2.8428531947193614
list:
dist: 2.6709232455869696 vs. 2.6709232455869696
list:
dist: 2.782911405984911 vs. 2.782911405984911
list:
dist: 2.293627237240466 vs. 2.293627237240466
list:
dist: 2.877741944053546 vs. 2.877741944053546
list:
dist: 4.017225120365496 vs. 4.017225120365496
list:
dist: 1.8992268676578876 vs. 1.8992268676578876
list:
dist: 2.602867468006653 vs. 2.602867468006653
list:
dist: 4.083119770784307 vs. 4.083119770784307
list:
dist: 2.2264318731591555 vs. 2.2264318731591555
list:
dist: 3.092530283722658 vs. 3.092530283722658
list:
dist: 1.9689687759104129 vs. 1.9689687759104129
list:
dist: 1.5712639880263808 vs. 1.5712639880263808
list:
dist: 1.1981200203171538 vs. 1.1981200203171538
list:
dist: 1.1307563193853136 vs. 1.1307563193853136
list:
dist: 1.8737638530299678 vs. 1.8737638530299678
list:
dist: 0.7823277864732154 vs. 0.7823277864732154
list:
dist: 2.099816289105519 vs. 2.099816289105519
list:
dist: 1.6292513897925556 vs. 1.6292513897925556
list:
dist: 2.9633059628044034 vs. 2.9633059628044034
list:
dist: 2.2693426892615074 vs. 2.2693426892615074
list:
dist: 2.130889024848381 vs. 2.130889024848381
list:
dist: 1.9447607105746842 vs. 1.9447607105746842
list:
dist: 2.246582926975394 vs. 2.246582926975394
list:
dist: 1.411261071195972 vs. 1.411261071195972
list:
dist: 1.450983938979428 vs. 1.450983938979428
list:
dist: 2.4768600268242644 vs. 2.4768600268242644
list:
dist: 3.065431104292839 vs. 3.065431104292839
list:
dist: 3.8051710219940844 vs. 3.8051710219940844
list:
dist: 1.6257259547609086 vs. 1.6257259547609086
list:
dist: 0.9399038743335342 vs. 0.9399038743335342
list:
dist: 2.1113470007988764 vs. 2.1113470007988764
list:
dist: 1.0259127725188428 vs. 1.0259127725188428
list:
dist: 1.9046144734787185 vs. 1.9046144734787185
list:
dist: 2.5098720589743673 vs. 2.5098720589743673
list:
dist: 2.191120685669229 vs. 2.191120685669229
list:
dist: 2.131128775853891 vs. 2.131128775853891
list:
dist: 2.1192597978635432 vs. 2.1192597978635432
list:
dist: 0.7487155859162884 vs. 0.7487155859162884
list:
dist: 1.4448836294019571 vs. 1.4448836294019571
list:
dist: 2.3527813168305123 vs. 2.3527813168305123
list:
dist: 2.099816289105519 vs. 2.099816289105519
list:
dist: 1.7373383132642948 vs. 1.7373383132642948
list:
dist: 1.9574921520496842 vs. 1.9574921520496842
list:
dist: 3.9623832294765324 vs. 3.9623832294765324
list:
dist: 3.901297446405371 vs. 3.901297446405371
list:
dist: 4.184032813826466 vs. 4.184032813826466
list:
dist: 2.5188136563235406 vs. 2.5188136563235406
list:
dist: 2.835933960697424 vs. 2.835933960697424
list:
dist: 3.8311212599184565 vs. 3.8311212599184565
list:
dist: 3.5771622500077314 vs. 3.5771622500077314
list:
dist: 3.9249345287441075 vs. 3.9249345287441075
list:
dist: 1.2983420845193097 vs. 1.2983420845193097
list:
dist: 2.752506541205587 vs. 2.752506541205587
list:
dist: 0.9333429269264334 vs. 0.9333429269264334
list:
dist: 3.795001711986926 vs. 3.795001711986926
list:
dist: 1.6215620897919507 vs. 1.6215620897919507
list:
dist: 1.0222772621019425 vs. 1.0222772621019425
list:
dist: 2.2169754523604426 vs. 2.2169754523604426
list:
dist: 1.0827414976717682 vs. 1.0827414976717682
list:
dist: 1.2352835509354507 vs. 1.2352835509354507
list:
dist: 1.8286955128286466 vs. 1.8286955128286466
list:
dist: 1.6257259547609086 vs. 1.6257259547609086
list:
dist: 2.698340628891377 vs. 2.698340628891377
list:
dist: 1.8992268676578876 vs. 1.8992268676578876
list:
dist: 0.9333429269264334 vs. 0.9333429269264334
list:
dist: 0.7130386166109822 vs. 0.7130386166109822
list:
dist: 1.9787367244891618 vs. 1.9787367244891618
list:
dist: 1.5386649530911205 vs. 1.5386649530911205
list:
dist: 2.3792994188064367 vs. 2.3792994188064367
list:
dist: 1.8660592182849058 vs. 1.8660592182849058
list:
dist: 2.5535526855853807 vs. 2.5535526855853807
list:
dist: 1.70550904171129 vs. 1.70550904171129
list:
dist: 1.1046863879328128 vs. 1.1046863879328128
list:
dist: 1.8764671992579214 vs. 1.8764671992579214
list:
dist: 1.0259127725188428 vs. 1.0259127725188428
list:
dist: 2.5142284147164986 vs. 2.5142284147164986
list:
dist: 2.2264318731591555 vs. 2.2264318731591555
list:
dist: 2.210365793508082 vs. 2.210365793508082
list:
dist: 2.4419197047555974 vs. 2.4419197047555974
list:
dist: 1.2983420845193097 vs. 1.2983420845193097
list:
dist: 1.596941578904305 vs. 1.596941578904305
list:
dist: 0.7130386166109822 vs. 0.7130386166109822
list:
dist: 1.9571724254726488 vs. 1.9571724254726488
list:
dist: 2.3960095979248512 vs. 2.3960095979248512
list:
dist: 2.0835824646637113 vs. 2.0835824646637113
list:
dist: 2.6101946782056946 vs. 2.6101946782056946
list:
dist: 2.2109251788241786 vs. 2.2109251788241786
list:
dist: 0.93540029518776 vs. 0.93540029518776
list:
dist: 2.118165808582375 vs. 2.118165808582375
list:
dist: 0.9399038743335342 vs. 0.9399038743335342
list:
dist: 3.033337337592968 vs. 3.033337337592968
list:
dist: 2.602867468006653 vs. 2.602867468006653
list:
dist: 2.394423159452942 vs. 2.394423159452942
list:
dist: 2.775890694269965 vs. 2.775890694269965
list:
dist: 3.024955768826049 vs. 3.024955768826049
list:
dist: 2.877741944053546 vs. 2.877741944053546
list:
dist: 1.5818926181401816 vs. 1.5818926181401816
list:
dist: 2.5810961944896067 vs. 2.5810961944896067
list:
dist: 2.7735457340750562 vs. 2.7735457340750562
list:
dist: 1.5021094632532643 vs. 1.5021094632532643
list:
dist: 2.835933960697424 vs. 2.835933960697424
list:
dist: 1.9690995384747558 vs. 1.9690995384747558
list:
dist: 1.450983938979428 vs. 1.450983938979428
list:
dist: 3.265310693239346 vs. 3.265310693239346
list:
dist: 2.3537813519344573 vs. 2.3537813519344573
list:
dist: 1.8763672814447179 vs. 1.8763672814447179
list:
dist: 1.9068031260316831 vs. 1.9068031260316831
list:
dist: 2.2961753632624298 vs. 2.2961753632624298
list:
dist: 1.074864130186068 vs. 1.074864130186068
list:
dist: 1.8854816598801212 vs. 1.8854816598801212
list:
dist: 2.4719727214181746 vs. 2.4719727214181746
list:
dist: 2.9137128080026935 vs. 2.9137128080026935
list:
dist: 3.4858900722543016 vs. 3.4858900722543016
list:
dist: 2.7100165643462746 vs. 2.7100165643462746
list:
dist: 1.9811426396494802 vs. 1.9811426396494802
list:
dist: 2.403931738778296 vs. 2.403931738778296
list:
dist: 2.4419149938518006 vs. 2.4419149938518006
list:
dist: 2.841154791745955 vs. 2.841154791745955
list:
dist: 2.6443481791116135 vs. 2.6443481791116135
list:
dist: 2.6709232455869696 vs. 2.6709232455869696
list:
dist: 1.9910413009058594 vs. 1.9910413009058594
list:
dist: 2.6291460159157296 vs. 2.6291460159157296
list:
dist: 3.502524649409364 vs. 3.502524649409364
list:
dist: 2.519527905483513 vs. 2.519527905483513
list:
dist: 3.901297446405371 vs. 3.901297446405371
list:
dist: 3.190045987402971 vs. 3.190045987402971
list:
dist: 1.9447607105746842 vs. 1.9447607105746842
list:
dist: 0.4454664588274827 vs. 0.4454664588274827
list:
dist: 0.39312623093729065 vs. 0.39312623093729065
list:
dist: 1.820135106242988 vs. 1.820135106242988
list:
dist: 1.9068031260316831 vs. 1.9068031260316831
list:
dist: 2.9760728113751704 vs. 2.9760728113751704
list:
dist: 2.1533618381459476 vs. 2.1533618381459476
list:
dist: 4.362514335685879 vs. 4.362514335685879
list:
dist: 3.3879379884742633 vs. 3.3879379884742633
list:
dist: 3.0480818210123295 vs. 3.0480818210123295
list:
dist: 3.4798480381433143 vs. 3.4798480381433143
list:
dist: 3.997668742065342 vs. 3.997668742065342
list:
dist: 2.938602238668992 vs. 2.938602238668992
list:
dist: 3.5771622500077314 vs. 3.5771622500077314
list:
dist: 1.7654862159216078 vs. 1.7654862159216078
list:
dist: 3.065431104292839 vs. 3.065431104292839
list:
dist: 2.6420491588013113 vs. 2.6420491588013113
list:
dist: 1.7092523020085497 vs. 1.7092523020085497
list:
dist: 3.4062222050566042 vs. 3.4062222050566042
list:
dist: 2.4719727214181746 vs. 2.4719727214181746
list:
dist: 1.4565530440673586 vs. 1.4565530440673586
list:
dist: 1.290771953052666 vs. 1.290771953052666
list:
dist: 2.981807616106509 vs. 2.981807616106509
list:
dist: 1.8828887959969274 vs. 1.8828887959969274
list:
dist: 1.9417661744962997 vs. 1.9417661744962997
list:
dist: 2.1558489436682406 vs. 2.1558489436682406
list:
dist: 4.393693409504116 vs. 4.393693409504116
list:
dist: 3.4765604788856304 vs. 3.4765604788856304
list:
dist: 3.9249345287441075 vs. 3.9249345287441075
list:
dist: 2.7763259834252554 vs. 2.7763259834252554
list:
dist: 3.8051710219940844 vs. 3.8051710219940844
list:
dist: 2.9139649124046025 vs. 2.9139649124046025
list:
dist: 2.2577783700102834 vs. 2.2577783700102834
list:
dist: 3.715631966691093 vs. 3.715631966691093
list:
dist: 2.9137128080026935 vs. 2.9137128080026935
list:
dist: 2.4893153831529062 vs. 2.4893153831529062
list:
dist: 1.290771953052666 vs. 1.290771953052666
list:
dist: 3.216063559023781 vs. 3.216063559023781
list:
dist: 2.456348256034143 vs. 2.456348256034143
list:
dist: 2.4072959610578937 vs. 2.4072959610578937
list:
dist: 2.125202123415659 vs. 2.125202123415659
list:
dist: 2.2169754523604426 vs. 2.2169754523604426
list:
dist: 2.6101946782056946 vs. 2.6101946782056946
list:
dist: 4.123342878992241 vs. 4.123342878992241
list:
dist: 2.5535526855853807 vs. 2.5535526855853807
list:
dist: 3.391926575615849 vs. 3.391926575615849
list:
dist: 1.567554330323831 vs. 1.567554330323831
list:
dist: 1.660500114452255 vs. 1.660500114452255
list:
dist: 1.9051455422086463 vs. 1.9051455422086463
list:
dist: 1.68485833798068 vs. 1.68485833798068
list:
dist: 1.0734549093005568 vs. 1.0734549093005568
list:
dist: 2.131128775853891 vs. 2.131128775853891
list:
dist: 2.6017452133465033 vs. 2.6017452133465033
list:
dist: 1.1981200203171538 vs. 1.1981200203171538
list:
dist: 1.9390111813365607 vs. 1.9390111813365607
list:
dist: 1.9910413009058594 vs. 1.9910413009058594
list:
dist: 2.246158700791559 vs. 2.246158700791559
list:
dist: 0.6813196245838867 vs. 0.6813196245838867
list:
dist: 1.5818926181401816 vs. 1.5818926181401816
list:
dist: 3.272006260944744 vs. 3.272006260944744
list:
dist: 1.8286955128286466 vs. 1.8286955128286466
list:
dist: 2.118165808582375 vs. 2.118165808582375
list:
dist: 3.529831022159477 vs. 3.529831022159477
list:
dist: 1.8764671992579214 vs. 1.8764671992579214
list:
dist: 2.7482465440299486 vs. 2.7482465440299486
list:
dist: 2.0715191325935796 vs. 2.0715191325935796
list:
dist: 1.756420751234009 vs. 1.756420751234009
list:
dist: 1.0734549093005568 vs. 1.0734549093005568
list:
dist: 1.5013834419059862 vs. 1.5013834419059862
list:
dist: 1.33663769575193 vs. 1.33663769575193
list:
dist: 1.4448836294019571 vs. 1.4448836294019571
list:
dist: 1.6413307838934477 vs. 1.6413307838934477
list:
dist: 0.7823277864732154 vs. 0.7823277864732154
list:
dist: 2.3961714872643145 vs. 2.3961714872643145
list:
dist: 1.8464858018783958 vs. 1.8464858018783958
list:
dist: 2.5972877846228593 vs. 2.5972877846228593
list:
dist: 2.519527905483513 vs. 2.519527905483513
list:
dist: 2.837860886461 vs. 2.837860886461
list:
dist: 1.3138716704047468 vs. 1.3138716704047468
list:
dist: 1.5021094632532643 vs. 1.5021094632532643
list:
dist: 2.720185015689103 vs. 2.720185015689103
list:
dist: 2.938602238668992 vs. 2.938602238668992
list:
dist: 3.4765604788856304 vs. 3.4765604788856304
list:
dist: 2.394423159452942 vs. 2.394423159452942
list:
dist: 2.640756903357731 vs. 2.640756903357731
list:
dist: 2.210365793508082 vs. 2.210365793508082
list:
dist: 1.5553435649449443 vs. 1.5553435649449443
list:
dist: 2.4631494826389915 vs. 2.4631494826389915
list:
dist: 2.3961714872643145 vs. 2.3961714872643145
list:
dist: 1.7373383132642948 vs. 1.7373383132642948
list:
dist: 2.079934460580298 vs. 2.079934460580298
list:
dist: 2.9633059628044034 vs. 2.9633059628044034
list:
dist: 1.089128829760235 vs. 1.089128829760235
list:
dist: 3.485621103987707 vs. 3.485621103987707
list:
dist: 3.265310693239346 vs. 3.265310693239346
list:
dist: 3.486056217865164 vs. 3.486056217865164
list:
dist: 2.6420491588013113 vs. 2.6420491588013113
list:
dist: 2.9139649124046025 vs. 2.9139649124046025
list:
dist: 2.319653556372 vs. 2.319653556372
list:
dist: 2.5595943100221388 vs. 2.5595943100221388
list:
dist: 2.704927684144172 vs. 2.704927684144172
list:
dist: 2.782911405984911 vs. 2.782911405984911
list:
dist: 2.246158700791559 vs. 2.246158700791559
list:
dist: 2.813110594478916 vs. 2.813110594478916
list:
dist: 3.7398762515863884 vs. 3.7398762515863884
list:
dist: 2.837860886461 vs. 2.837860886461
list:
dist: 4.184032813826466 vs. 4.184032813826466
list:
dist: 3.53734137740442 vs. 3.53734137740442
list:
dist: 2.246582926975394 vs. 2.246582926975394
list:
dist: 0.6104062786911824 vs. 0.6104062786911824
list:
dist: 0.39312623093729065 vs. 0.39312623093729065
list:
dist: 2.1315298396884077 vs. 2.1315298396884077
list:
dist: 2.2961753632624298 vs. 2.2961753632624298
list:
dist: 3.323819814115158 vs. 3.323819814115158
list:
dist: 2.0226028852693756 vs. 2.0226028852693756
list:
dist: 4.397150263809558 vs. 4.397150263809558
list:
dist: 3.655306558506663 vs. 3.655306558506663
list:
dist: 3.3842204413369537 vs. 3.3842204413369537
list:
dist: 3.806942291307864 vs. 3.806942291307864
list:
dist: 3.519525817907802 vs. 3.519525817907802
list:
dist: 3.4798480381433143 vs. 3.4798480381433143
list:
dist: 3.806942291307864 vs. 3.806942291307864
list:
dist: 3.4541253040623374 vs. 3.4541253040623374
list:
dist: 2.403931738778296 vs. 2.403931738778296
list:
dist: 1.2968445853801713 vs. 1.2968445853801713
list:
dist: 1.9417661744962997 vs. 1.9417661744962997
list:
dist: 2.4072959610578937 vs. 2.4072959610578937
list:
dist: 3.745367152024467 vs. 3.745367152024467
list:
dist: 3.9205490295132326 vs. 3.9205490295132326
list:
dist: 1.103626864968511 vs. 1.103626864968511
list:
dist: 0.457739863049569 vs. 0.457739863049569
list:
dist: 0.8675563786629741 vs. 0.8675563786629741
list:
dist: 1.2404032977960384 vs. 1.2404032977960384
list:
dist: 3.4806483110472466 vs. 3.4806483110472466
list:
dist: 3.7792771426632576 vs. 3.7792771426632576
list:
dist: 0.627740633294744 vs. 0.627740633294744
list:
dist: 1.5146604156287429 vs. 1.5146604156287429
list:
dist: 1.2404032977960384 vs. 1.2404032977960384
list:
dist: 1.3984424041108305 vs. 1.3984424041108305
list:
dist: 3.098764070392434 vs. 3.098764070392434
list:
dist: 3.0480818210123295 vs. 3.0480818210123295
list:
dist: 3.3842204413369537 vs. 3.3842204413369537
list:
dist: 3.034450829601754 vs. 3.034450829601754
list:
dist: 1.9811426396494802 vs. 1.9811426396494802
list:
dist: 1.0038961531294326 vs. 1.0038961531294326
list:
dist: 1.8828887959969274 vs. 1.8828887959969274
list:
dist: 2.456348256034143 vs. 2.456348256034143
list:
dist: 3.4817779756778484 vs. 3.4817779756778484
list:
dist: 3.863251287613265 vs. 3.863251287613265
list:
dist: 1.2178740487833892 vs. 1.2178740487833892
list:
dist: 0.457739863049569 vs. 0.457739863049569
list:
dist: 1.0541817492178926 vs. 1.0541817492178926
list:
dist: 1.5146604156287429 vs. 1.5146604156287429
list:
dist: 4.362514335685879 vs. 4.362514335685879
list:
dist: 4.397150263809558 vs. 4.397150263809558
list:
dist: 3.7667255455552304 vs. 3.7667255455552304
list:
dist: 2.3894972355963864 vs. 2.3894972355963864
list:
dist: 2.056280069052322 vs. 2.056280069052322
list:
dist: 2.358434047052436 vs. 2.358434047052436
list:
dist: 3.4288621220063105 vs. 3.4288621220063105
list:
dist: 1.6239807436483547 vs. 1.6239807436483547
list:
dist: 2.0624921362832547 vs. 2.0624921362832547
list:
dist: 3.9483287739725843 vs. 3.9483287739725843
list:
dist: 3.863251287613265 vs. 3.863251287613265
list:
dist: 3.9205490295132326 vs. 3.9205490295132326
list:
dist: 1.9799611472016 vs. 1.9799611472016
list:
dist: 2.3803338885620344 vs. 2.3803338885620344
list:
dist: 2.3787923949725034 vs. 2.3787923949725034
list:
dist: 3.7792771426632576 vs. 3.7792771426632576
list:
dist: 2.2146861132216453 vs. 2.2146861132216453
list:
dist: 2.293627237240466 vs. 2.293627237240466
list:
dist: 0.6813196245838867 vs. 0.6813196245838867
list:
dist: 2.378084743281712 vs. 2.378084743281712
list:
dist: 2.2195195121426288 vs. 2.2195195121426288
list:
dist: 1.3138716704047468 vs. 1.3138716704047468
list:
dist: 2.5188136563235406 vs. 2.5188136563235406
list:
dist: 2.5826565625242703 vs. 2.5826565625242703
list:
dist: 1.411261071195972 vs. 1.411261071195972
list:
dist: 3.485621103987707 vs. 3.485621103987707
list:
dist: 2.8240811396139502 vs. 2.8240811396139502
list:
dist: 1.6811916582451767 vs. 1.6811916582451767
list:
dist: 1.820135106242988 vs. 1.820135106242988
list:
dist: 2.1315298396884077 vs. 2.1315298396884077
list:
dist: 1.074864130186068 vs. 1.074864130186068
list:
dist: 2.9222057997781534 vs. 2.9222057997781534
list:
dist: 3.4062222050566042 vs. 3.4062222050566042
list:
dist: 3.715631966691093 vs. 3.715631966691093
list:
dist: 3.747016828117148 vs. 3.747016828117148
list:
dist: 3.6147845496319015 vs. 3.6147845496319015
list:
dist: 3.034450829601754 vs. 3.034450829601754
list:
dist: 3.4541253040623374 vs. 3.4541253040623374
list:
dist: 3.4019668502287064 vs. 3.4019668502287064
list:
dist: 2.775890694269965 vs. 2.775890694269965
list:
dist: 3.497110446090047 vs. 3.497110446090047
list:
dist: 2.4419197047555974 vs. 2.4419197047555974
list:
dist: 2.1194464200284697 vs. 2.1194464200284697
list:
dist: 2.5041942947501576 vs. 2.5041942947501576
list:
dist: 1.8464858018783958 vs. 1.8464858018783958
list:
dist: 1.9574921520496842 vs. 1.9574921520496842
list:
dist: 1.1437814566646902 vs. 1.1437814566646902
list:
dist: 2.2693426892615074 vs. 2.2693426892615074
list:
dist: 1.089128829760235 vs. 1.089128829760235
list:
dist: 2.8240811396139502 vs. 2.8240811396139502
list:
dist: 2.3537813519344573 vs. 2.3537813519344573
list:
dist: 2.402978752383712 vs. 2.402978752383712
list:
dist: 1.7092523020085497 vs. 1.7092523020085497
list:
dist: 2.2577783700102834 vs. 2.2577783700102834
list:
dist: 2.939535059839695 vs. 2.939535059839695
list:
dist: 2.718992361873519 vs. 2.718992361873519
list:
dist: 2.8428531947193614 vs. 2.8428531947193614
list:
dist: 1.9390111813365607 vs. 1.9390111813365607
list:
dist: 2.894927113448014 vs. 2.894927113448014
list:
dist: 3.553770428186293 vs. 3.553770428186293
list:
dist: 2.5972877846228593 vs. 2.5972877846228593
list:
dist: 3.9623832294765324 vs. 3.9623832294765324
list:
dist: 3.394211701745153 vs. 3.394211701745153
list:
dist: 2.130889024848381 vs. 2.130889024848381
list:
dist: 0.4454664588274827 vs. 0.4454664588274827
list:
dist: 0.6104062786911824 vs. 0.6104062786911824
list:
dist: 1.6811916582451767 vs. 1.6811916582451767
list:
dist: 1.8763672814447179 vs. 1.8763672814447179
list:
dist: 3.140872729810978 vs. 3.140872729810978
list:
dist: 2.182657706938367 vs. 2.182657706938367
list:
dist: 3.337411415052978 vs. 3.337411415052978
list:
dist: 3.098764070392434 vs. 3.098764070392434
list:
dist: 3.519525817907802 vs. 3.519525817907802
list:
dist: 0.8871138569639494 vs. 0.8871138569639494
list:
dist: 1.4207128277410634 vs. 1.4207128277410634
list:
dist: 2.6832232106778107 vs. 2.6832232106778107
list:
dist: 1.5180501680919312 vs. 1.5180501680919312
list:
dist: 0.9252961475709343 vs. 0.9252961475709343
list:
dist: 3.5268691021865166 vs. 3.5268691021865166
list:
dist: 1.475493464128749 vs. 1.475493464128749
list:
dist: 2.0351292107778898 vs. 2.0351292107778898
list:
dist: 1.8403107822029299 vs. 1.8403107822029299
list:
dist: 1.9458358186142104 vs. 1.9458358186142104
list:
dist: 2.151067192994525 vs. 2.151067192994525
list:
dist: 1.3357603959920974 vs. 1.3357603959920974
list:
dist: 2.0897575114843674 vs. 2.0897575114843674
list:
dist: 0.8985769577434577 vs. 0.8985769577434577
list:
dist: 2.307344931335163 vs. 2.307344931335163
list:
dist: 3.2398060089579466 vs. 3.2398060089579466
list:
dist: 3.064410715253054 vs. 3.064410715253054
list:
dist: 3.385191030214123 vs. 3.385191030214123
list:
dist: 3.9659054824039917 vs. 3.9659054824039917
list:
dist: 2.3340845963138 vs. 2.3340845963138
list:
dist: 2.171955482459238 vs. 2.171955482459238
list:
dist: 3.9842466264297878 vs. 3.9842466264297878
list:
dist: 3.2903512711549086 vs. 3.2903512711549086
list:
dist: 4.012398196998685 vs. 4.012398196998685
list:
dist: 4.74696067547119 vs. 4.74696067547119
list:
dist: 2.179130735298949 vs. 2.179130735298949
list:
dist: 0.8925905747917139 vs. 0.8925905747917139
list:
dist: 2.7368972198399915 vs. 2.7368972198399915
list:
dist: 2.543464328003672 vs. 2.543464328003672
list:
dist: 1.5805723412368535 vs. 1.5805723412368535
list:
dist: 2.8134659753315137 vs. 2.8134659753315137
list:
dist: 1.9541527447782234 vs. 1.9541527447782234
list:
dist: 2.1153533783308247 vs. 2.1153533783308247
list:
dist: 2.1409255305463963 vs. 2.1409255305463963
list:
dist: 2.453478319390612 vs. 2.453478319390612
list:
dist: 2.5528220345592034 vs. 2.5528220345592034
list:
dist: 2.339974393456641 vs. 2.339974393456641
list:
dist: 3.0206757319787556 vs. 3.0206757319787556
list:
dist: 2.0106592443288775 vs. 2.0106592443288775
list:
dist: 3.2089522609554835 vs. 3.2089522609554835
list:
dist: 1.4207128277410634 vs. 1.4207128277410634
list:
dist: 2.599147529821439 vs. 2.599147529821439
list:
dist: 2.453478319390612 vs. 2.453478319390612
list:
dist: 4.562059330031246 vs. 4.562059330031246
list:
dist: 1.9279911145681576 vs. 1.9279911145681576
list:
dist: 2.0379691146127135 vs. 2.0379691146127135
list:
dist: 2.860747824780698 vs. 2.860747824780698
list:
dist: 3.397284569000788 vs. 3.397284569000788
list:
dist: 2.446665358947484 vs. 2.446665358947484
list:
dist: 2.110212758855353 vs. 2.110212758855353
list:
dist: 0.9890609526896075 vs. 0.9890609526896075
list:
dist: 1.0946510306121144 vs. 1.0946510306121144
list:
dist: 0.9127504535069907 vs. 0.9127504535069907
list:
dist: 0.8940377206189977 vs. 0.8940377206189977
list:
dist: 1.2118892970801858 vs. 1.2118892970801858
list:
dist: 1.174190671209466 vs. 1.174190671209466
list:
dist: 1.9458358186142104 vs. 1.9458358186142104
list:
dist: 2.056280069052322 vs. 2.056280069052322
list:
dist: 1.3568136547719694 vs. 1.3568136547719694
list:
dist: 1.3316345212931566 vs. 1.3316345212931566
list:
dist: 1.9521984664126268 vs. 1.9521984664126268
list:
dist: 2.5638714620081178 vs. 2.5638714620081178
list:
dist: 2.4676939947896623 vs. 2.4676939947896623
list:
dist: 1.5336187902831044 vs. 1.5336187902831044
list:
dist: 2.161248236886618 vs. 2.161248236886618
list:
dist: 1.7595306840223146 vs. 1.7595306840223146
list:
dist: 2.314676470092499 vs. 2.314676470092499
list:
dist: 3.190317500123446 vs. 3.190317500123446
list:
dist: 2.202076764722981 vs. 2.202076764722981
list:
dist: 0.8925905747917139 vs. 0.8925905747917139
list:
dist: 2.0932424156855176 vs. 2.0932424156855176
list:
dist: 2.1596284396631558 vs. 2.1596284396631558
list:
dist: 1.2275824824632058 vs. 1.2275824824632058
list:
dist: 3.4648816873263213 vs. 3.4648816873263213
list:
dist: 1.7086698332621115 vs. 1.7086698332621115
list:
dist: 2.2883452384242817 vs. 2.2883452384242817
list:
dist: 2.3581385405516477 vs. 2.3581385405516477
list:
dist: 2.599147529821439 vs. 2.599147529821439
list:
dist: 2.7273536874708353 vs. 2.7273536874708353
list:
dist: 2.1653360715738557 vs. 2.1653360715738557
list:
dist: 2.915442918172958 vs. 2.915442918172958
list:
dist: 1.7454619960372288 vs. 1.7454619960372288
list:
dist: 3.1186101712705123 vs. 3.1186101712705123
list:
dist: 0.8871138569639494 vs. 0.8871138569639494
list:
dist: 2.182657706938367 vs. 2.182657706938367
list:
dist: 2.1533618381459476 vs. 2.1533618381459476
list:
dist: 2.0226028852693756 vs. 2.0226028852693756
list:
dist: 3.747016828117148 vs. 3.747016828117148
list:
dist: 3.4858900722543016 vs. 3.4858900722543016
list:
dist: 3.7949798681748357 vs. 3.7949798681748357
list:
dist: 3.4288621220063105 vs. 3.4288621220063105
list:
dist: 3.162462379831927 vs. 3.162462379831927
list:
dist: 3.4817779756778484 vs. 3.4817779756778484
list:
dist: 3.745367152024467 vs. 3.745367152024467
list:
dist: 3.4806483110472466 vs. 3.4806483110472466
list:
dist: 3.337411415052978 vs. 3.337411415052978
list:
dist: 3.3879379884742633 vs. 3.3879379884742633
list:
dist: 3.655306558506663 vs. 3.655306558506663
list:
dist: 3.6147845496319015 vs. 3.6147845496319015
list:
dist: 2.7100165643462746 vs. 2.7100165643462746
list:
dist: 2.193005400946579 vs. 2.193005400946579
list:
dist: 2.981807616106509 vs. 2.981807616106509
list:
dist: 3.216063559023781 vs. 3.216063559023781
list:
dist: 3.162462379831927 vs. 3.162462379831927
list:
dist: 3.9483287739725843 vs. 3.9483287739725843
list:
dist: 1.2178740487833892 vs. 1.2178740487833892
list:
dist: 1.103626864968511 vs. 1.103626864968511
list:
dist: 1.1229296178008508 vs. 1.1229296178008508
list:
dist: 0.627740633294744 vs. 0.627740633294744
list:
dist: 1.2275824824632058 vs. 1.2275824824632058
list:
dist: 1.5805723412368535 vs. 1.5805723412368535
list:
dist: 2.6812723259555638 vs. 2.6812723259555638
list:
dist: 1.0327627272718483 vs. 1.0327627272718483
list:
dist: 3.070426227205746 vs. 3.070426227205746
list:
dist: 2.3795232831966606 vs. 2.3795232831966606
list:
dist: 2.7773993020707626 vs. 2.7773993020707626
list:
dist: 2.30097224125684 vs. 2.30097224125684
list:
dist: 2.0379691146127135 vs. 2.0379691146127135
list:
dist: 2.6364278795651446 vs. 2.6364278795651446
list:
dist: 1.628962789743221 vs. 1.628962789743221
list:
dist: 2.2523723360412884 vs. 2.2523723360412884
list:
dist: 1.3021439932610719 vs. 1.3021439932610719
list:
dist: 2.6757599082333376 vs. 2.6757599082333376
list:
dist: 0.9252961475709343 vs. 0.9252961475709343
list:
dist: 3.1731349795007393 vs. 3.1731349795007393
list:
dist: 3.266142950901016 vs. 3.266142950901016
list:
dist: 3.316287463504289 vs. 3.316287463504289
list:
dist: 4.007567637945085 vs. 4.007567637945085
list:
dist: 2.319653556372 vs. 2.319653556372
list:
dist: 1.7454619960372288 vs. 1.7454619960372288
list:
dist: 2.0106592443288775 vs. 2.0106592443288775
list:
dist: 3.5455606912167514 vs. 3.5455606912167514
list:
dist: 1.3087768001593063 vs. 1.3087768001593063
list:
dist: 1.3021439932610719 vs. 1.3021439932610719
list:
dist: 2.9514760461091694 vs. 2.9514760461091694
list:
dist: 1.7021241372281009 vs. 1.7021241372281009
list:
dist: 1.9438122452807676 vs. 1.9438122452807676
list:
dist: 1.3414494349825468 vs. 1.3414494349825468
list:
dist: 1.2118892970801858 vs. 1.2118892970801858
list:
dist: 1.5495919533970683 vs. 1.5495919533970683
list:
dist: 0.4394970803798333 vs. 0.4394970803798333
list:
dist: 1.1938795328422738 vs. 1.1938795328422738
list:
dist: 1.4432170916854448 vs. 1.4432170916854448
list:
dist: 0.8985769577434577 vs. 0.8985769577434577
list:
dist: 2.4265321767996038 vs. 2.4265321767996038
list:
dist: 2.200841447324693 vs. 2.200841447324693
list:
dist: 2.522958968319812 vs. 2.522958968319812
list:
dist: 3.082771065749738 vs. 3.082771065749738
list:
dist: 2.177502964030579 vs. 2.177502964030579
list:
dist: 1.4708466841460182 vs. 1.4708466841460182
list:
dist: 3.13695661538974 vs. 3.13695661538974
list:
dist: 2.4678151326558764 vs. 2.4678151326558764
list:
dist: 3.160277547680346 vs. 3.160277547680346
list:
dist: 3.855937504190614 vs. 3.855937504190614
list:
dist: 2.202076764722981 vs. 2.202076764722981
list:
dist: 2.179130735298949 vs. 2.179130735298949
list:
dist: 2.013288890572132 vs. 2.013288890572132
list:
dist: 4.025002651598125 vs. 4.025002651598125
list:
dist: 3.3255873841173726 vs. 3.3255873841173726
list:
dist: 3.794690215932244 vs. 3.794690215932244
list:
dist: 2.013288890572132 vs. 2.013288890572132
list:
dist: 2.0932424156855176 vs. 2.0932424156855176
list:
dist: 2.7368972198399915 vs. 2.7368972198399915
list:
dist: 3.3995469845100557 vs. 3.3995469845100557
list:
dist: 2.6812723259555638 vs. 2.6812723259555638
list:
dist: 3.3791674271405596 vs. 3.3791674271405596
list:
dist: 4.2176591144476445 vs. 4.2176591144476445
list:
dist: 4.421443894071543 vs. 4.421443894071543
list:
dist: 4.562059330031246 vs. 4.562059330031246
list:
dist: 4.764252121277695 vs. 4.764252121277695
list:
dist: 3.978097304935895 vs. 3.978097304935895
list:
dist: 4.699503031266463 vs. 4.699503031266463
list:
dist: 3.5455606912167514 vs. 3.5455606912167514
list:
dist: 4.954311350936685 vs. 4.954311350936685
list:
dist: 2.6832232106778107 vs. 2.6832232106778107
list:
dist: 2.1653360715738557 vs. 2.1653360715738557
list:
dist: 2.339974393456641 vs. 2.339974393456641
list:
dist: 3.978097304935895 vs. 3.978097304935895
list:
dist: 1.4255386014430336 vs. 1.4255386014430336
list:
dist: 1.628962789743221 vs. 1.628962789743221
list:
dist: 2.7448492043189496 vs. 2.7448492043189496
list:
dist: 1.9604353744203498 vs. 1.9604353744203498
list:
dist: 2.0274411314825445 vs. 2.0274411314825445
list:
dist: 1.2311958313270965 vs. 1.2311958313270965
list:
dist: 0.9127504535069907 vs. 0.9127504535069907
list:
dist: 1.3495142345475029 vs. 1.3495142345475029
list:
dist: 0.7593473631588669 vs. 0.7593473631588669
list:
dist: 0.4394970803798333 vs. 0.4394970803798333
list:
dist: 1.0494925957361207 vs. 1.0494925957361207
list:
dist: 1.3357603959920974 vs. 1.3357603959920974
list:
dist: 2.0281950722596975 vs. 2.0281950722596975
list:
dist: 1.7766726426244699 vs. 1.7766726426244699
list:
dist: 2.1160302335726286 vs. 2.1160302335726286
list:
dist: 2.666418785198757 vs. 2.666418785198757
list:
dist: 2.2292457479158743 vs. 2.2292457479158743
list:
dist: 1.2372875315558178 vs. 1.2372875315558178
list:
dist: 2.7179467849515184 vs. 2.7179467849515184
list:
dist: 2.0800981994505174 vs. 2.0800981994505174
list:
dist: 2.744916497747867 vs. 2.744916497747867
list:
dist: 3.4277222846832682 vs. 3.4277222846832682
list:
dist: 2.5056189872127494 vs. 2.5056189872127494
list:
dist: 1.0854312909326762 vs. 1.0854312909326762
list:
dist: 0.7073306285272142 vs. 0.7073306285272142
list:
dist: 1.5656477175788404 vs. 1.5656477175788404
list:
dist: 2.4676939947896623 vs. 2.4676939947896623
list:
dist: 1.5198814448169373 vs. 1.5198814448169373
list:
dist: 2.2292457479158743 vs. 2.2292457479158743
list:
dist: 2.5995576753039673 vs. 2.5995576753039673
list:
dist: 2.177502964030579 vs. 2.177502964030579
list:
dist: 2.1991081381425275 vs. 2.1991081381425275
list:
dist: 2.3340845963138 vs. 2.3340845963138
list:
dist: 1.5317947318830523 vs. 1.5317947318830523
list:
dist: 2.915442918172958 vs. 2.915442918172958
list:
dist: 3.0206757319787556 vs. 3.0206757319787556
list:
dist: 4.699503031266463 vs. 4.699503031266463
list:
dist: 1.7792147955864004 vs. 1.7792147955864004
list:
dist: 2.2523723360412884 vs. 2.2523723360412884
list:
dist: 2.4079685674259452 vs. 2.4079685674259452
list:
dist: 2.583180771033464 vs. 2.583180771033464
list:
dist: 2.470328393077269 vs. 2.470328393077269
list:
dist: 1.5127959460212155 vs. 1.5127959460212155
list:
dist: 0.8940377206189977 vs. 0.8940377206189977
list:
dist: 1.4494268130493093 vs. 1.4494268130493093
list:
dist: 0.7593473631588669 vs. 0.7593473631588669
list:
dist: 1.1938795328422738 vs. 1.1938795328422738
list:
dist: 0.6373012776049346 vs. 0.6373012776049346
list:
dist: 2.0897575114843674 vs. 2.0897575114843674
list:
dist: 1.441485612881846 vs. 1.441485612881846
list:
dist: 1.1599468113580855 vs. 1.1599468113580855
list:
dist: 1.3949738904013158 vs. 1.3949738904013158
list:
dist: 1.9233674547701323 vs. 1.9233674547701323
list:
dist: 2.5995576753039673 vs. 2.5995576753039673
list:
dist: 1.2404252678555436 vs. 1.2404252678555436
list:
dist: 2.0924944600866286 vs. 2.0924944600866286
list:
dist: 1.5811196137817995 vs. 1.5811196137817995
list:
dist: 2.127975827745062 vs. 2.127975827745062
list:
dist: 2.7133251617143257 vs. 2.7133251617143257
list:
dist: 4.025002651598125 vs. 4.025002651598125
list:
dist: 3.4648816873263213 vs. 3.4648816873263213
list:
dist: 2.8134659753315137 vs. 2.8134659753315137
list:
dist: 2.8577039799794193 vs. 2.8577039799794193
list:
dist: 2.026512672263411 vs. 2.026512672263411
list:
dist: 2.5715377383033142 vs. 2.5715377383033142
list:
dist: 3.397284569000788 vs. 3.397284569000788
list:
dist: 2.7103710911954133 vs. 2.7103710911954133
list:
dist: 2.5056189872127494 vs. 2.5056189872127494
list:
dist: 2.882608506023287 vs. 2.882608506023287
list:
dist: 3.266142950901016 vs. 3.266142950901016
list:
dist: 3.0372963834987576 vs. 3.0372963834987576
list:
dist: 1.7476436401857005 vs. 1.7476436401857005
list:
dist: 1.3316345212931566 vs. 1.3316345212931566
list:
dist: 1.4750306630356633 vs. 1.4750306630356633
list:
dist: 1.7766726426244699 vs. 1.7766726426244699
list:
dist: 1.1599468113580855 vs. 1.1599468113580855
list:
dist: 2.200841447324693 vs. 2.200841447324693
list:
dist: 0.9836446754960351 vs. 0.9836446754960351
list:
dist: 3.064410715253054 vs. 3.064410715253054
list:
dist: 2.0624921362832547 vs. 2.0624921362832547
list:
dist: 0.9497379551402124 vs. 0.9497379551402124
list:
dist: 1.387908087399458 vs. 1.387908087399458
list:
dist: 1.6345420568057896 vs. 1.6345420568057896
list:
dist: 1.530087151088531 vs. 1.530087151088531
list:
dist: 0.9468425217413801 vs. 0.9468425217413801
list:
dist: 0.6786777925698355 vs. 0.6786777925698355
list:
dist: 1.0182806749724103 vs. 1.0182806749724103
list:
dist: 1.8922956942962523 vs. 1.8922956942962523
list:
dist: 1.9622407424327732 vs. 1.9622407424327732
list:
dist: 2.5294240380919297 vs. 2.5294240380919297
list:
dist: 2.314676470092499 vs. 2.314676470092499
list:
dist: 2.1720089201833845 vs. 2.1720089201833845
list:
dist: 2.744916497747867 vs. 2.744916497747867
list:
dist: 2.127975827745062 vs. 2.127975827745062
list:
dist: 3.160277547680346 vs. 3.160277547680346
list:
dist: 1.799642833590716 vs. 1.799642833590716
list:
dist: 4.012398196998685 vs. 4.012398196998685
list:
dist: 2.3787923949725034 vs. 2.3787923949725034
list:
dist: 1.6281589407866683 vs. 1.6281589407866683
list:
dist: 1.0182806749724103 vs. 1.0182806749724103
list:
dist: 1.9435400022085143 vs. 1.9435400022085143
list:
dist: 1.775556703619017 vs. 1.775556703619017
list:
dist: 2.1621525793051672 vs. 2.1621525793051672
list:
dist: 0.46843861515559565 vs. 0.46843861515559565
list:
dist: 0.8016889731272224 vs. 0.8016889731272224
list:
dist: 1.2382921931291417 vs. 1.2382921931291417
list:
dist: 1.5245648455429868 vs. 1.5245648455429868
list:
dist: 2.7273536874708353 vs. 2.7273536874708353
list:
dist: 2.5528220345592034 vs. 2.5528220345592034
list:
dist: 4.764252121277695 vs. 4.764252121277695
list:
dist: 2.7211861520164162 vs. 2.7211861520164162
list:
dist: 2.6364278795651446 vs. 2.6364278795651446
list:
dist: 3.80543742567797 vs. 3.80543742567797
list:
dist: 2.7103710911954133 vs. 2.7103710911954133
list:
dist: 1.8993527402088972 vs. 1.8993527402088972
list:
dist: 1.259104519530533 vs. 1.259104519530533
list:
dist: 0.42011358404494903 vs. 0.42011358404494903
list:
dist: 1.0946510306121144 vs. 1.0946510306121144
list:
dist: 1.3495142345475029 vs. 1.3495142345475029
list:
dist: 1.4494268130493093 vs. 1.4494268130493093
list:
dist: 1.5495919533970683 vs. 1.5495919533970683
list:
dist: 1.165308218707367 vs. 1.165308218707367
list:
dist: 2.151067192994525 vs. 2.151067192994525
list:
dist: 2.358434047052436 vs. 2.358434047052436
list:
dist: 2.0186357712041163 vs. 2.0186357712041163
list:
dist: 1.4750306630356633 vs. 1.4750306630356633
list:
dist: 2.6035318580158324 vs. 2.6035318580158324
list:
dist: 2.97775365733323 vs. 2.97775365733323
list:
dist: 1.5198814448169373 vs. 1.5198814448169373
list:
dist: 0.9894826221914129 vs. 0.9894826221914129
list:
dist: 2.1834404497816786 vs. 2.1834404497816786
list:
dist: 1.4332413431209685 vs. 1.4332413431209685
list:
dist: 2.1720089201833845 vs. 2.1720089201833845
list:
dist: 3.210552229177609 vs. 3.210552229177609
list:
dist: 1.8644309403096446 vs. 1.8644309403096446
list:
dist: 1.6721903817306922 vs. 1.6721903817306922
list:
dist: 1.2345300252492524 vs. 1.2345300252492524
list:
dist: 1.5336187902831044 vs. 1.5336187902831044
list:
dist: 0.9894826221914129 vs. 0.9894826221914129
list:
dist: 1.2372875315558178 vs. 1.2372875315558178
list:
dist: 1.2404252678555436 vs. 1.2404252678555436
list:
dist: 1.4708466841460182 vs. 1.4708466841460182
list:
dist: 0.7171009925241372 vs. 0.7171009925241372
list:
dist: 2.171955482459238 vs. 2.171955482459238
list:
dist: 2.2905209091108807 vs. 2.2905209091108807
list:
dist: 1.530087151088531 vs. 1.530087151088531
list:
dist: 2.383250991189484 vs. 2.383250991189484
list:
dist: 2.6041592863909524 vs. 2.6041592863909524
list:
dist: 1.5317947318830523 vs. 1.5317947318830523
list:
dist: 2.3283763230240906 vs. 2.3283763230240906
list:
dist: 1.3795636744154287 vs. 1.3795636744154287
list:
dist: 2.1621525793051672 vs. 2.1621525793051672
list:
dist: 2.897652013711177 vs. 2.897652013711177
list:
dist: 3.557193133372003 vs. 3.557193133372003
list:
dist: 3.190317500123446 vs. 3.190317500123446
list:
dist: 3.210552229177609 vs. 3.210552229177609
list:
dist: 3.4277222846832682 vs. 3.4277222846832682
list:
dist: 2.7133251617143257 vs. 2.7133251617143257
list:
dist: 3.855937504190614 vs. 3.855937504190614
list:
dist: 2.463726532887253 vs. 2.463726532887253
list:
dist: 4.74696067547119 vs. 4.74696067547119
list:
dist: 2.3154655783077662 vs. 2.3154655783077662
list:
dist: 1.8922956942962523 vs. 1.8922956942962523
list:
dist: 1.9771588040154051 vs. 1.9771588040154051
list:
dist: 1.3450433965688362 vs. 1.3450433965688362
list:
dist: 2.897652013711177 vs. 2.897652013711177
list:
dist: 1.4659945108496624 vs. 1.4659945108496624
list:
dist: 1.8115046146385672 vs. 1.8115046146385672
list:
dist: 1.2382921931291417 vs. 1.2382921931291417
list:
dist: 0.8711571874637462 vs. 0.8711571874637462
list:
dist: 2.0962094959817885 vs. 2.0962094959817885
list:
dist: 3.070426227205746 vs. 3.070426227205746
list:
dist: 3.7722204333574907 vs. 3.7722204333574907
list:
dist: 2.860747824780698 vs. 2.860747824780698
list:
dist: 3.80543742567797 vs. 3.80543742567797
list:
dist: 2.7448492043189496 vs. 2.7448492043189496
list:
dist: 2.4079685674259452 vs. 2.4079685674259452
list:
dist: 2.9514760461091694 vs. 2.9514760461091694
list:
dist: 2.9582764046244776 vs. 2.9582764046244776
list:
dist: 3.5268691021865166 vs. 3.5268691021865166
list:
dist: 2.6012563175345864 vs. 2.6012563175345864
list:
dist: 3.0372963834987576 vs. 3.0372963834987576
list:
dist: 1.8277745569245218 vs. 1.8277745569245218
list:
dist: 2.360573187076742 vs. 2.360573187076742
list:
dist: 2.556380066876711 vs. 2.556380066876711
list:
dist: 3.316287463504289 vs. 3.316287463504289
list:
dist: 1.8277745569245218 vs. 1.8277745569245218
list:
dist: 2.7499488898178273 vs. 2.7499488898178273
list:
dist: 1.9521984664126268 vs. 1.9521984664126268
list:
dist: 2.6035318580158324 vs. 2.6035318580158324
list:
dist: 2.1160302335726286 vs. 2.1160302335726286
list:
dist: 1.3949738904013158 vs. 1.3949738904013158
list:
dist: 2.522958968319812 vs. 2.522958968319812
list:
dist: 1.6746109864360792 vs. 1.6746109864360792
list:
dist: 3.385191030214123 vs. 3.385191030214123
list:
dist: 1.2250918831814708 vs. 1.2250918831814708
list:
dist: 1.387908087399458 vs. 1.387908087399458
list:
dist: 0.7996227580256599 vs. 0.7996227580256599
list:
dist: 2.383250991189484 vs. 2.383250991189484
list:
dist: 1.8241947114948853 vs. 1.8241947114948853
list:
dist: 1.9360587837351528 vs. 1.9360587837351528
list:
dist: 1.9435400022085143 vs. 1.9435400022085143
list:
dist: 1.9771588040154051 vs. 1.9771588040154051
list:
dist: 1.6927518230494734 vs. 1.6927518230494734
list:
dist: 2.1596284396631558 vs. 2.1596284396631558
list:
dist: 2.543464328003672 vs. 2.543464328003672
list:
dist: 3.3995469845100557 vs. 3.3995469845100557
list:
dist: 1.0327627272718483 vs. 1.0327627272718483
list:
dist: 2.0962094959817885 vs. 2.0962094959817885
list:
dist: 2.855816145126765 vs. 2.855816145126765
list:
dist: 3.2149698315745607 vs. 3.2149698315745607
list:
dist: 2.506481485331411 vs. 2.506481485331411
list:
dist: 1.9279911145681576 vs. 1.9279911145681576
list:
dist: 2.7211861520164162 vs. 2.7211861520164162
list:
dist: 1.4255386014430336 vs. 1.4255386014430336
list:
dist: 1.7792147955864004 vs. 1.7792147955864004
list:
dist: 1.3087768001593063 vs. 1.3087768001593063
list:
dist: 2.318813508642465 vs. 2.318813508642465
list:
dist: 1.5180501680919312 vs. 1.5180501680919312
list:
dist: 2.7434929344830357 vs. 2.7434929344830357
list:
dist: 2.882608506023287 vs. 2.882608506023287
list:
dist: 2.556380066876711 vs. 2.556380066876711
list:
dist: 3.233256187373315 vs. 3.233256187373315
list:
dist: 3.1186101712705123 vs. 3.1186101712705123
list:
dist: 3.2089522609554835 vs. 3.2089522609554835
list:
dist: 4.954311350936685 vs. 4.954311350936685
list:
dist: 2.318813508642465 vs. 2.318813508642465
list:
dist: 2.6757599082333376 vs. 2.6757599082333376
list:
dist: 2.9582764046244776 vs. 2.9582764046244776
list:
dist: 2.4105779815195123 vs. 2.4105779815195123
list:
dist: 2.197225591188744 vs. 2.197225591188744
list:
dist: 1.385134813245413 vs. 1.385134813245413
list:
dist: 1.174190671209466 vs. 1.174190671209466
list:
dist: 1.165308218707367 vs. 1.165308218707367
list:
dist: 1.0494925957361207 vs. 1.0494925957361207
list:
dist: 0.6373012776049346 vs. 0.6373012776049346
list:
dist: 1.4432170916854448 vs. 1.4432170916854448
list:
dist: 2.307344931335163 vs. 2.307344931335163
list:
dist: 1.6627135172161132 vs. 1.6627135172161132
list:
dist: 0.9836446754960351 vs. 0.9836446754960351
list:
dist: 1.6746109864360792 vs. 1.6746109864360792
list:
dist: 1.973085322434233 vs. 1.973085322434233
list:
dist: 2.1991081381425275 vs. 2.1991081381425275
list:
dist: 0.7171009925241372 vs. 0.7171009925241372
list:
dist: 1.8856533494670646 vs. 1.8856533494670646
list:
dist: 1.1235689639772675 vs. 1.1235689639772675
list:
dist: 1.799642833590716 vs. 1.799642833590716
list:
dist: 2.463726532887253 vs. 2.463726532887253
list:
dist: 2.7434929344830357 vs. 2.7434929344830357
list:
dist: 3.1731349795007393 vs. 3.1731349795007393
list:
dist: 2.6012563175345864 vs. 2.6012563175345864
list:
dist: 2.1336054300843723 vs. 2.1336054300843723
list:
dist: 1.3568136547719694 vs. 1.3568136547719694
list:
dist: 2.0186357712041163 vs. 2.0186357712041163
list:
dist: 2.0281950722596975 vs. 2.0281950722596975
list:
dist: 1.441485612881846 vs. 1.441485612881846
list:
dist: 2.4265321767996038 vs. 2.4265321767996038
list:
dist: 1.6627135172161132 vs. 1.6627135172161132
list:
dist: 3.2398060089579466 vs. 3.2398060089579466
list:
dist: 1.6239807436483547 vs. 1.6239807436483547
list:
dist: 0.9497379551402124 vs. 0.9497379551402124
list:
dist: 1.2250918831814708 vs. 1.2250918831814708
list:
dist: 1.7581893758572014 vs. 1.7581893758572014
list:
dist: 2.2905209091108807 vs. 2.2905209091108807
list:
dist: 1.2879611905342792 vs. 1.2879611905342792
list:
dist: 1.5943933716244325 vs. 1.5943933716244325
list:
dist: 1.6281589407866683 vs. 1.6281589407866683
list:
dist: 2.3154655783077662 vs. 2.3154655783077662
list:
dist: 1.9960416346981062 vs. 1.9960416346981062
list:
dist: 2.3581385405516477 vs. 2.3581385405516477
list:
dist: 2.1409255305463963 vs. 2.1409255305463963
list:
dist: 4.421443894071543 vs. 4.421443894071543
list:
dist: 2.506481485331411 vs. 2.506481485331411
list:
dist: 2.30097224125684 vs. 2.30097224125684
list:
dist: 3.7722204333574907 vs. 3.7722204333574907
list:
dist: 2.5715377383033142 vs. 2.5715377383033142
list:
dist: 1.7260180290115767 vs. 1.7260180290115767
list:
dist: 1.1447740457462552 vs. 1.1447740457462552
list:
dist: 0.9890609526896075 vs. 0.9890609526896075
list:
dist: 0.42011358404494903 vs. 0.42011358404494903
list:
dist: 1.2311958313270965 vs. 1.2311958313270965
list:
dist: 1.5127959460212155 vs. 1.5127959460212155
list:
dist: 1.3414494349825468 vs. 1.3414494349825468
list:
dist: 1.385134813245413 vs. 1.385134813245413
list:
dist: 1.8403107822029299 vs. 1.8403107822029299
list:
dist: 2.3894972355963864 vs. 2.3894972355963864
list:
dist: 2.1336054300843723 vs. 2.1336054300843723
list:
dist: 1.7476436401857005 vs. 1.7476436401857005
list:
dist: 2.7499488898178273 vs. 2.7499488898178273
list:
dist: 3.2105010302465655 vs. 3.2105010302465655
list:
dist: 1.5656477175788404 vs. 1.5656477175788404
list:
dist: 1.2345300252492524 vs. 1.2345300252492524
list:
dist: 2.4930480254446254 vs. 2.4930480254446254
list:
dist: 1.8133855476842822 vs. 1.8133855476842822
list:
dist: 2.5294240380919297 vs. 2.5294240380919297
list:
dist: 3.557193133372003 vs. 3.557193133372003
list:
dist: 3.233256187373315 vs. 3.233256187373315
list:
dist: 4.007567637945085 vs. 4.007567637945085
list:
dist: 2.360573187076742 vs. 2.360573187076742
list:
dist: 3.2105010302465655 vs. 3.2105010302465655
list:
dist: 2.5638714620081178 vs. 2.5638714620081178
list:
dist: 2.97775365733323 vs. 2.97775365733323
list:
dist: 2.666418785198757 vs. 2.666418785198757
list:
dist: 1.9233674547701323 vs. 1.9233674547701323
list:
dist: 3.082771065749738 vs. 3.082771065749738
list:
dist: 1.973085322434233 vs. 1.973085322434233
list:
dist: 3.9659054824039917 vs. 3.9659054824039917
list:
dist: 1.7581893758572014 vs. 1.7581893758572014
list:
dist: 1.6345420568057896 vs. 1.6345420568057896
list:
dist: 0.7996227580256599 vs. 0.7996227580256599
list:
dist: 2.6041592863909524 vs. 2.6041592863909524
list:
dist: 1.793666520482765 vs. 1.793666520482765
list:
dist: 1.962784630888775 vs. 1.962784630888775
list:
dist: 1.775556703619017 vs. 1.775556703619017
list:
dist: 1.3450433965688362 vs. 1.3450433965688362
list:
dist: 1.1931324154668772 vs. 1.1931324154668772
list:
dist: 2.4930480254446254 vs. 2.4930480254446254
list:
dist: 2.161248236886618 vs. 2.161248236886618
list:
dist: 2.1834404497816786 vs. 2.1834404497816786
list:
dist: 2.7179467849515184 vs. 2.7179467849515184
list:
dist: 2.0924944600866286 vs. 2.0924944600866286
list:
dist: 3.13695661538974 vs. 3.13695661538974
list:
dist: 1.8856533494670646 vs. 1.8856533494670646
list:
dist: 3.9842466264297878 vs. 3.9842466264297878
list:
dist: 1.9799611472016 vs. 1.9799611472016
list:
dist: 1.2879611905342792 vs. 1.2879611905342792
list:
dist: 0.9468425217413801 vs. 0.9468425217413801
list:
dist: 1.8241947114948853 vs. 1.8241947114948853
list:
dist: 1.793666520482765 vs. 1.793666520482765
list:
dist: 2.3283763230240906 vs. 2.3283763230240906
list:
dist: 1.0076753841625732 vs. 1.0076753841625732
list:
dist: 0.46843861515559565 vs. 0.46843861515559565
list:
dist: 1.4659945108496624 vs. 1.4659945108496624
list:
dist: 1.4758767945502007 vs. 1.4758767945502007
list:
dist: 3.794690215932244 vs. 3.794690215932244
list:
dist: 2.2883452384242817 vs. 2.2883452384242817
list:
dist: 2.1153533783308247 vs. 2.1153533783308247
list:
dist: 4.2176591144476445 vs. 4.2176591144476445
list:
dist: 3.2149698315745607 vs. 3.2149698315745607
list:
dist: 2.7773993020707626 vs. 2.7773993020707626
list:
dist: 2.026512672263411 vs. 2.026512672263411
list:
dist: 1.0560263712234972 vs. 1.0560263712234972
list:
dist: 1.1447740457462552 vs. 1.1447740457462552
list:
dist: 2.110212758855353 vs. 2.110212758855353
list:
dist: 1.259104519530533 vs. 1.259104519530533
list:
dist: 2.0274411314825445 vs. 2.0274411314825445
list:
dist: 2.470328393077269 vs. 2.470328393077269
list:
dist: 1.9438122452807676 vs. 1.9438122452807676
list:
dist: 2.197225591188744 vs. 2.197225591188744
list:
dist: 2.0351292107778898 vs. 2.0351292107778898
list:
dist: 0.7073306285272142 vs. 0.7073306285272142
list:
dist: 1.6721903817306922 vs. 1.6721903817306922
list:
dist: 1.8133855476842822 vs. 1.8133855476842822
list:
dist: 1.7595306840223146 vs. 1.7595306840223146
list:
dist: 1.4332413431209685 vs. 1.4332413431209685
list:
dist: 2.0800981994505174 vs. 2.0800981994505174
list:
dist: 1.5811196137817995 vs. 1.5811196137817995
list:
dist: 2.4678151326558764 vs. 2.4678151326558764
list:
dist: 1.1235689639772675 vs. 1.1235689639772675
list:
dist: 3.2903512711549086 vs. 3.2903512711549086
list:
dist: 2.3803338885620344 vs. 2.3803338885620344
list:
dist: 1.5943933716244325 vs. 1.5943933716244325
list:
dist: 0.6786777925698355 vs. 0.6786777925698355
list:
dist: 1.9360587837351528 vs. 1.9360587837351528
list:
dist: 1.962784630888775 vs. 1.962784630888775
list:
dist: 1.3795636744154287 vs. 1.3795636744154287
list:
dist: 1.0076753841625732 vs. 1.0076753841625732
list:
dist: 0.8016889731272224 vs. 0.8016889731272224
list:
dist: 1.8115046146385672 vs. 1.8115046146385672
list:
dist: 2.149082969155156 vs. 2.149082969155156
list:
dist: 1.9960416346981062 vs. 1.9960416346981062
list:
dist: 1.9622407424327732 vs. 1.9622407424327732
list:
dist: 1.6927518230494734 vs. 1.6927518230494734
list:
dist: 1.1931324154668772 vs. 1.1931324154668772
list:
dist: 1.4758767945502007 vs. 1.4758767945502007
list:
dist: 2.149082969155156 vs. 2.149082969155156
list:
dist: 1.5245648455429868 vs. 1.5245648455429868
list:
dist: 0.8711571874637462 vs. 0.8711571874637462
list:
dist: 3.3255873841173726 vs. 3.3255873841173726
list:
dist: 1.7086698332621115 vs. 1.7086698332621115
list:
dist: 1.9541527447782234 vs. 1.9541527447782234
list:
dist: 3.3791674271405596 vs. 3.3791674271405596
list:
dist: 2.855816145126765 vs. 2.855816145126765
list:
dist: 2.3795232831966606 vs. 2.3795232831966606
list:
dist: 2.8577039799794193 vs. 2.8577039799794193
list:
dist: 1.0560263712234972 vs. 1.0560263712234972
list:
dist: 1.7260180290115767 vs. 1.7260180290115767
list:
dist: 2.446665358947484 vs. 2.446665358947484
list:
dist: 1.8993527402088972 vs. 1.8993527402088972
list:
dist: 1.9604353744203498 vs. 1.9604353744203498
list:
dist: 2.583180771033464 vs. 2.583180771033464
list:
dist: 1.7021241372281009 vs. 1.7021241372281009
list:
dist: 2.4105779815195123 vs. 2.4105779815195123
list:
dist: 1.475493464128749 vs. 1.475493464128749
list:
dist: 1.0854312909326762 vs. 1.0854312909326762
list:
dist: 1.8644309403096446 vs. 1.8644309403096446
list:
dist: 1.8671676887855166 vs. 1.8671676887855166
list:
dist: 0.7335628617945619 vs. 0.7335628617945619
list:
dist: 1.195969825216048 vs. 1.195969825216048
list:
dist: 1.9860321897274482 vs. 1.9860321897274482
list:
dist: 2.2446998381610874 vs. 2.2446998381610874
list:
dist: 2.5284218431235366 vs. 2.5284218431235366
list:
dist: 1.9637371594253537 vs. 1.9637371594253537
list:
dist: 2.191030089075499 vs. 2.191030089075499
list:
dist: 1.333847478523326 vs. 1.333847478523326
list:
dist: 1.6163826628956095 vs. 1.6163826628956095
list:
dist: 3.0588497837205306 vs. 3.0588497837205306
list:
dist: 3.599903054407314 vs. 3.599903054407314
list:
dist: 3.2660217098268327 vs. 3.2660217098268327
list:
dist: 3.9750929739596237 vs. 3.9750929739596237
list:
dist: 2.2238263683119177 vs. 2.2238263683119177
list:
dist: 3.125595946194383 vs. 3.125595946194383
list:
dist: 1.85801334759032 vs. 1.85801334759032
list:
dist: 3.7120068598732843 vs. 3.7120068598732843
list:
dist: 4.054279426434165 vs. 4.054279426434165
list:
dist: 3.919624328172623 vs. 3.919624328172623
list:
dist: 3.6496467476023775 vs. 3.6496467476023775
list:
dist: 3.801367221878784 vs. 3.801367221878784
list:
dist: 3.599903054407314 vs. 3.599903054407314
list:
dist: 3.906869359245175 vs. 3.906869359245175
list:
dist: 3.828159999745272 vs. 3.828159999745272
list:
dist: 3.2852602852261725 vs. 3.2852602852261725
list:
dist: 3.259603746050975 vs. 3.259603746050975
list:
dist: 1.6752811772451928 vs. 1.6752811772451928
list:
dist: 1.919104571652888 vs. 1.919104571652888
list:
dist: 2.440040367270358 vs. 2.440040367270358
list:
dist: 2.4565332284850547 vs. 2.4565332284850547
list:
dist: 1.2891415551446792 vs. 1.2891415551446792
list:
dist: 0.8037750060997643 vs. 0.8037750060997643
list:
dist: 1.0440247417563306 vs. 1.0440247417563306
list:
dist: 2.707474601095533 vs. 2.707474601095533
list:
dist: 1.5923243998340824 vs. 1.5923243998340824
list:
dist: 1.7655937800332833 vs. 1.7655937800332833
list:
dist: 2.1042907665979786 vs. 2.1042907665979786
list:
dist: 2.936376191237424 vs. 2.936376191237424
list:
dist: 1.7647018693029954 vs. 1.7647018693029954
list:
dist: 1.1195102205212437 vs. 1.1195102205212437
list:
dist: 2.1406372963767466 vs. 2.1406372963767466
list:
dist: 2.5203604410615896 vs. 2.5203604410615896
list:
dist: 3.3145193777481237 vs. 3.3145193777481237
list:
dist: 3.431034377931497 vs. 3.431034377931497
list:
dist: 2.292406892309534 vs. 2.292406892309534
list:
dist: 2.0259541036566824 vs. 2.0259541036566824
list:
dist: 2.195534877787852 vs. 2.195534877787852
list:
dist: 2.6510961888878537 vs. 2.6510961888878537
list:
dist: 1.7922495771891465 vs. 1.7922495771891465
list:
dist: 1.2891415551446792 vs. 1.2891415551446792
list:
dist: 2.104303857123018 vs. 2.104303857123018
list:
dist: 2.2740980652513136 vs. 2.2740980652513136
list:
dist: 1.8957961831171475 vs. 1.8957961831171475
list:
dist: 4.054788971182984 vs. 4.054788971182984
list:
dist: 3.0021153857788927 vs. 3.0021153857788927
list:
dist: 3.125595946194383 vs. 3.125595946194383
list:
dist: 3.242843566703241 vs. 3.242843566703241
list:
dist: 3.4386800481638327 vs. 3.4386800481638327
list:
dist: 1.978867479228359 vs. 1.978867479228359
list:
dist: 2.3828822348109613 vs. 2.3828822348109613
list:
dist: 1.959266935263623 vs. 1.959266935263623
list:
dist: 1.9914768730530945 vs. 1.9914768730530945
list:
dist: 2.3858363827467666 vs. 2.3858363827467666
list:
dist: 1.700124062824969 vs. 1.700124062824969
list:
dist: 1.1840249671264966 vs. 1.1840249671264966
list:
dist: 1.7655937800332833 vs. 1.7655937800332833
list:
dist: 0.961638126463995 vs. 0.961638126463995
list:
dist: 1.1324095914358852 vs. 1.1324095914358852
list:
dist: 1.083762612846784 vs. 1.083762612846784
list:
dist: 1.2775910607556904 vs. 1.2775910607556904
list:
dist: 1.2182393606784743 vs. 1.2182393606784743
list:
dist: 1.0427037892001667 vs. 1.0427037892001667
list:
dist: 2.9301703803361705 vs. 2.9301703803361705
list:
dist: 1.2931038383140527 vs. 1.2931038383140527
list:
dist: 3.4480984733124624 vs. 3.4480984733124624
list:
dist: 1.4811042519505428 vs. 1.4811042519505428
list:
dist: 2.5007636682062886 vs. 2.5007636682062886
list:
dist: 2.5424712922665953 vs. 2.5424712922665953
list:
dist: 2.191030089075499 vs. 2.191030089075499
list:
dist: 2.9843315096430283 vs. 2.9843315096430283
list:
dist: 4.003591138366594 vs. 4.003591138366594
list:
dist: 2.800842894143107 vs. 2.800842894143107
list:
dist: 4.1519784535046185 vs. 4.1519784535046185
list:
dist: 2.7372674549205254 vs. 2.7372674549205254
list:
dist: 1.0169759934469722 vs. 1.0169759934469722
list:
dist: 0.9299750265522615 vs. 0.9299750265522615
list:
dist: 1.077094494679215 vs. 1.077094494679215
list:
dist: 2.195534877787852 vs. 2.195534877787852
list:
dist: 1.3207589101751058 vs. 1.3207589101751058
list:
dist: 1.919104571652888 vs. 1.919104571652888
list:
dist: 1.5207942527947285 vs. 1.5207942527947285
list:
dist: 3.0363567007108405 vs. 3.0363567007108405
list:
dist: 1.186122483618015 vs. 1.186122483618015
list:
dist: 1.9914768730530945 vs. 1.9914768730530945
list:
dist: 1.3830825858291076 vs. 1.3830825858291076
list:
dist: 2.925399253059872 vs. 2.925399253059872
list:
dist: 2.810177815978098 vs. 2.810177815978098
list:
dist: 2.2960975836813327 vs. 2.2960975836813327
list:
dist: 3.209046745007012 vs. 3.209046745007012
list:
dist: 3.2494585996022 vs. 3.2494585996022
list:
dist: 2.5698601806043193 vs. 2.5698601806043193
list:
dist: 0.7335628617945619 vs. 0.7335628617945619
list:
dist: 0.8380022160812974 vs. 0.8380022160812974
list:
dist: 1.2839511750320003 vs. 1.2839511750320003
list:
dist: 1.7170106748207885 vs. 1.7170106748207885
list:
dist: 1.900696907639668 vs. 1.900696907639668
list:
dist: 2.293457829655183 vs. 2.293457829655183
list:
dist: 2.5424712922665953 vs. 2.5424712922665953
list:
dist: 1.805707943768922 vs. 1.805707943768922
list:
dist: 1.6896766555991882 vs. 1.6896766555991882
list:
dist: 3.212381610621761 vs. 3.212381610621761
list:
dist: 3.801367221878784 vs. 3.801367221878784
list:
dist: 3.3557477768926227 vs. 3.3557477768926227
list:
dist: 3.6894408101848155 vs. 3.6894408101848155
list:
dist: 2.2874049335363993 vs. 2.2874049335363993
list:
dist: 3.0021153857788927 vs. 3.0021153857788927
list:
dist: 1.8182867527537339 vs. 1.8182867527537339
list:
dist: 3.388056560394416 vs. 3.388056560394416
list:
dist: 3.928414021490468 vs. 3.928414021490468
list:
dist: 3.3540555529430027 vs. 3.3540555529430027
list:
dist: 3.8682791860917267 vs. 3.8682791860917267
list:
dist: 3.470519471336654 vs. 3.470519471336654
list:
dist: 3.209046745007012 vs. 3.209046745007012
list:
dist: 4.000569698203165 vs. 4.000569698203165
list:
dist: 4.070183004881501 vs. 4.070183004881501
list:
dist: 1.8957961831171475 vs. 1.8957961831171475
list:
dist: 2.5443688090059866 vs. 2.5443688090059866
list:
dist: 2.1406372963767466 vs. 2.1406372963767466
list:
dist: 2.5542927043414423 vs. 2.5542927043414423
list:
dist: 4.090932877824868 vs. 4.090932877824868
list:
dist: 3.48067675874432 vs. 3.48067675874432
list:
dist: 3.4480984733124624 vs. 3.4480984733124624
list:
dist: 3.980126713711921 vs. 3.980126713711921
list:
dist: 4.3416491779825135 vs. 4.3416491779825135
list:
dist: 3.2539857809578856 vs. 3.2539857809578856
list:
dist: 2.2754620940615147 vs. 2.2754620940615147
list:
dist: 3.5164378070207127 vs. 3.5164378070207127
list:
dist: 1.9278039254376271 vs. 1.9278039254376271
list:
dist: 2.799549769284143 vs. 2.799549769284143
list:
dist: 1.7106001940500104 vs. 1.7106001940500104
list:
dist: 2.5889263656768415 vs. 2.5889263656768415
list:
dist: 2.7372674549205254 vs. 2.7372674549205254
list:
dist: 2.620890954887106 vs. 2.620890954887106
list:
dist: 2.292406892309534 vs. 2.292406892309534
list:
dist: 3.3563203247060027 vs. 3.3563203247060027
list:
dist: 3.259603746050975 vs. 3.259603746050975
list:
dist: 3.7284688406776403 vs. 3.7284688406776403
list:
dist: 4.242429905678024 vs. 4.242429905678024
list:
dist: 3.8682791860917267 vs. 3.8682791860917267
list:
dist: 1.2839511750320003 vs. 1.2839511750320003
list:
dist: 1.9860321897274482 vs. 1.9860321897274482
list:
dist: 1.6122663460708742 vs. 1.6122663460708742
list:
dist: 1.740754744384183 vs. 1.740754744384183
list:
dist: 1.3776473595006462 vs. 1.3776473595006462
list:
dist: 2.4826636358747884 vs. 2.4826636358747884
list:
dist: 3.7589411464523015 vs. 3.7589411464523015
list:
dist: 3.0834190022812105 vs. 3.0834190022812105
list:
dist: 3.4386800481638327 vs. 3.4386800481638327
list:
dist: 2.566770124051378 vs. 2.566770124051378
list:
dist: 3.3705008098287235 vs. 3.3705008098287235
list:
dist: 4.323904368502107 vs. 4.323904368502107
list:
dist: 2.6266717527210703 vs. 2.6266717527210703
list:
dist: 3.769065380580706 vs. 3.769065380580706
list:
dist: 3.3557477768926227 vs. 3.3557477768926227
list:
dist: 3.2660217098268327 vs. 3.2660217098268327
list:
dist: 3.6337711697619604 vs. 3.6337711697619604
list:
dist: 4.4854810849831575 vs. 4.4854810849831575
list:
dist: 2.7366750600394254 vs. 2.7366750600394254
list:
dist: 3.7284688406776403 vs. 3.7284688406776403
list:
dist: 1.662829676756658 vs. 1.662829676756658
list:
dist: 1.5207942527947285 vs. 1.5207942527947285
list:
dist: 2.184456968327979 vs. 2.184456968327979
list:
dist: 1.808168229377126 vs. 1.808168229377126
list:
dist: 2.104303857123018 vs. 2.104303857123018
list:
dist: 0.41381337335587115 vs. 0.41381337335587115
list:
dist: 1.0440247417563306 vs. 1.0440247417563306
list:
dist: 1.9220172469469936 vs. 1.9220172469469936
list:
dist: 1.1150688469731977 vs. 1.1150688469731977
list:
dist: 0.961638126463995 vs. 0.961638126463995
list:
dist: 1.564759566864439 vs. 1.564759566864439
list:
dist: 2.0476068735648902 vs. 2.0476068735648902
list:
dist: 1.3916278995442417 vs. 1.3916278995442417
list:
dist: 0.8021035033411552 vs. 0.8021035033411552
list:
dist: 2.5542927043414423 vs. 2.5542927043414423
list:
dist: 1.8682025582011017 vs. 1.8682025582011017
list:
dist: 3.3540555529430027 vs. 3.3540555529430027
list:
dist: 3.919624328172623 vs. 3.919624328172623
list:
dist: 3.7584455563894914 vs. 3.7584455563894914
list:
dist: 2.6266717527210703 vs. 2.6266717527210703
list:
dist: 2.341262290192378 vs. 2.341262290192378
list:
dist: 1.596254905434609 vs. 1.596254905434609
list:
dist: 3.1184985230181184 vs. 3.1184985230181184
list:
dist: 2.411896696621928 vs. 2.411896696621928
list:
dist: 3.427009633062723 vs. 3.427009633062723
list:
dist: 2.9301703803361705 vs. 2.9301703803361705
list:
dist: 3.0990816946498563 vs. 3.0990816946498563
list:
dist: 1.954187301031535 vs. 1.954187301031535
list:
dist: 3.5297895820514222 vs. 3.5297895820514222
list:
dist: 3.215320737098666 vs. 3.215320737098666
list:
dist: 2.7348036286829553 vs. 2.7348036286829553
list:
dist: 1.6896766555991882 vs. 1.6896766555991882
list:
dist: 1.6163826628956095 vs. 1.6163826628956095
list:
dist: 2.2225239620334265 vs. 2.2225239620334265
list:
dist: 2.4826636358747884 vs. 2.4826636358747884
list:
dist: 1.8469688910183086 vs. 1.8469688910183086
list:
dist: 2.114270051455594 vs. 2.114270051455594
list:
dist: 1.3054773122123315 vs. 1.3054773122123315
list:
dist: 1.077094494679215 vs. 1.077094494679215
list:
dist: 1.008672837367393 vs. 1.008672837367393
list:
dist: 1.7275505664502062 vs. 1.7275505664502062
list:
dist: 2.4565332284850547 vs. 2.4565332284850547
list:
dist: 1.808168229377126 vs. 1.808168229377126
list:
dist: 2.591990134025442 vs. 2.591990134025442
list:
dist: 0.9855262401469135 vs. 0.9855262401469135
list:
dist: 1.700124062824969 vs. 1.700124062824969
list:
dist: 0.7173856740500127 vs. 0.7173856740500127
list:
dist: 2.3517052553420137 vs. 2.3517052553420137
list:
dist: 2.7091317923271254 vs. 2.7091317923271254
list:
dist: 3.1184985230181184 vs. 3.1184985230181184
list:
dist: 2.5824514620022296 vs. 2.5824514620022296
list:
dist: 4.070183004881501 vs. 4.070183004881501
list:
dist: 3.0891785555847497 vs. 3.0891785555847497
list:
dist: 1.900696907639668 vs. 1.900696907639668
list:
dist: 2.5284218431235366 vs. 2.5284218431235366
list:
dist: 2.179773690913894 vs. 2.179773690913894
list:
dist: 1.3776473595006462 vs. 1.3776473595006462
list:
dist: 0.8948732008294286 vs. 0.8948732008294286
list:
dist: 2.114270051455594 vs. 2.114270051455594
list:
dist: 2.4542883321122795 vs. 2.4542883321122795
list:
dist: 2.4328305107291976 vs. 2.4328305107291976
list:
dist: 2.3828822348109613 vs. 2.3828822348109613
list:
dist: 1.9794761651234511 vs. 1.9794761651234511
list:
dist: 2.0726077041813444 vs. 2.0726077041813444
list:
dist: 3.1652445973882553 vs. 3.1652445973882553
list:
dist: 1.596254905434609 vs. 1.596254905434609
list:
dist: 4.802095337015354 vs. 4.802095337015354
list:
dist: 3.928414021490468 vs. 3.928414021490468
list:
dist: 4.054279426434165 vs. 4.054279426434165
list:
dist: 4.0337031182344285 vs. 4.0337031182344285
list:
dist: 4.323904368502107 vs. 4.323904368502107
list:
dist: 2.6967448483137204 vs. 2.6967448483137204
list:
dist: 3.1652445973882553 vs. 3.1652445973882553
list:
dist: 2.644946020686453 vs. 2.644946020686453
list:
dist: 2.810177815978098 vs. 2.810177815978098
list:
dist: 3.257359596091667 vs. 3.257359596091667
list:
dist: 2.7091317923271254 vs. 2.7091317923271254
list:
dist: 1.624113333385596 vs. 1.624113333385596
list:
dist: 1.7647018693029954 vs. 1.7647018693029954
list:
dist: 1.3916278995442417 vs. 1.3916278995442417
list:
dist: 1.1999284312648082 vs. 1.1999284312648082
list:
dist: 1.916990993196256 vs. 1.916990993196256
list:
dist: 1.0427037892001667 vs. 1.0427037892001667
list:
dist: 2.205721568600388 vs. 2.205721568600388
list:
dist: 1.6314525133684916 vs. 1.6314525133684916
list:
dist: 3.5297895820514222 vs. 3.5297895820514222
list:
dist: 1.033222233907407 vs. 1.033222233907407
list:
dist: 3.2539857809578856 vs. 3.2539857809578856
list:
dist: 1.0163552369873212 vs. 1.0163552369873212
list:
dist: 4.9912206015765825 vs. 4.9912206015765825
list:
dist: 3.388056560394416 vs. 3.388056560394416
list:
dist: 3.7120068598732843 vs. 3.7120068598732843
list:
dist: 3.7049954537270424 vs. 3.7049954537270424
list:
dist: 3.3705008098287235 vs. 3.3705008098287235
list:
dist: 2.0885758285200056 vs. 2.0885758285200056
list:
dist: 2.0726077041813444 vs. 2.0726077041813444
list:
dist: 3.0476942451994327 vs. 3.0476942451994327
list:
dist: 2.925399253059872 vs. 2.925399253059872
list:
dist: 3.270513294168071 vs. 3.270513294168071
list:
dist: 2.3517052553420137 vs. 2.3517052553420137
list:
dist: 2.3535556514804306 vs. 2.3535556514804306
list:
dist: 2.936376191237424 vs. 2.936376191237424
list:
dist: 2.0476068735648902 vs. 2.0476068735648902
list:
dist: 0.5200223580809693 vs. 0.5200223580809693
list:
dist: 2.1406377322810726 vs. 2.1406377322810726
list:
dist: 1.2182393606784743 vs. 1.2182393606784743
list:
dist: 2.095315237181343 vs. 2.095315237181343
list:
dist: 1.6314525133684916 vs. 1.6314525133684916
list:
dist: 1.954187301031535 vs. 1.954187301031535
list:
dist: 2.174858194870729 vs. 2.174858194870729
list:
dist: 4.3416491779825135 vs. 4.3416491779825135
list:
dist: 1.332763000359406 vs. 1.332763000359406
list:
dist: 1.7112964540758482 vs. 1.7112964540758482
list:
dist: 5.12476382297466 vs. 5.12476382297466
list:
dist: 3.6894408101848155 vs. 3.6894408101848155
list:
dist: 3.9750929739596237 vs. 3.9750929739596237
list:
dist: 3.9303744961082314 vs. 3.9303744961082314
list:
dist: 3.7589411464523015 vs. 3.7589411464523015
list:
dist: 2.3173552132130455 vs. 2.3173552132130455
list:
dist: 2.4542883321122795 vs. 2.4542883321122795
list:
dist: 3.0776153458027937 vs. 3.0776153458027937
list:
dist: 3.0363567007108405 vs. 3.0363567007108405
list:
dist: 3.4291645416149708 vs. 3.4291645416149708
list:
dist: 2.591990134025442 vs. 2.591990134025442
list:
dist: 2.24036493273394 vs. 2.24036493273394
list:
dist: 2.707474601095533 vs. 2.707474601095533
list:
dist: 1.9220172469469936 vs. 1.9220172469469936
list:
dist: 2.181108179485694 vs. 2.181108179485694
list:
dist: 1.1324095914358852 vs. 1.1324095914358852
list:
dist: 2.236111366829258 vs. 2.236111366829258
list:
dist: 0.5200223580809693 vs. 0.5200223580809693
list:
dist: 1.1999284312648082 vs. 1.1999284312648082
list:
dist: 2.411896696621928 vs. 2.411896696621928
list:
dist: 1.8741581851373024 vs. 1.8741581851373024
list:
dist: 4.090932877824868 vs. 4.090932877824868
list:
dist: 0.8978249990110261 vs. 0.8978249990110261
list:
dist: 2.645308097301706 vs. 2.645308097301706
list:
dist: 2.799549769284143 vs. 2.799549769284143
list:
dist: 3.1309207130336714 vs. 3.1309207130336714
list:
dist: 4.003591138366594 vs. 4.003591138366594
list:
dist: 3.484779679406285 vs. 3.484779679406285
list:
dist: 3.431034377931497 vs. 3.431034377931497
list:
dist: 4.085688741931186 vs. 4.085688741931186
list:
dist: 3.828159999745272 vs. 3.828159999745272
list:
dist: 4.4854810849831575 vs. 4.4854810849831575
list:
dist: 2.972166823767733 vs. 2.972166823767733
list:
dist: 2.2874049335363993 vs. 2.2874049335363993
list:
dist: 2.2238263683119177 vs. 2.2238263683119177
list:
dist: 2.5217930928453534 vs. 2.5217930928453534
list:
dist: 3.0834190022812105 vs. 3.0834190022812105
list:
dist: 1.8734723791174466 vs. 1.8734723791174466
list:
dist: 2.4328305107291976 vs. 2.4328305107291976
list:
dist: 0.9083985785881581 vs. 0.9083985785881581
list:
dist: 1.186122483618015 vs. 1.186122483618015
list:
dist: 1.3533830476734385 vs. 1.3533830476734385
list:
dist: 0.9855262401469135 vs. 0.9855262401469135
list:
dist: 0.9532488850443164 vs. 0.9532488850443164
list:
dist: 1.5923243998340824 vs. 1.5923243998340824
list:
dist: 1.1150688469731977 vs. 1.1150688469731977
list:
dist: 2.181108179485694 vs. 2.181108179485694
list:
dist: 1.083762612846784 vs. 1.083762612846784
list:
dist: 0.516649284172029 vs. 0.516649284172029
list:
dist: 2.1406377322810726 vs. 2.1406377322810726
list:
dist: 1.916990993196256 vs. 1.916990993196256
list:
dist: 3.427009633062723 vs. 3.427009633062723
list:
dist: 1.81809043929795 vs. 1.81809043929795
list:
dist: 3.48067675874432 vs. 3.48067675874432
list:
dist: 2.5373986358295872 vs. 2.5373986358295872
list:
dist: 3.3004370443119457 vs. 3.3004370443119457
list:
dist: 1.7106001940500104 vs. 1.7106001940500104
list:
dist: 4.226360939916782 vs. 4.226360939916782
list:
dist: 4.1519784535046185 vs. 4.1519784535046185
list:
dist: 4.155788871343311 vs. 4.155788871343311
list:
dist: 1.7112964540758482 vs. 1.7112964540758482
list:
dist: 2.5698601806043193 vs. 2.5698601806043193
list:
dist: 1.8671676887855166 vs. 1.8671676887855166
list:
dist: 2.631201912235334 vs. 2.631201912235334
list:
dist: 2.645308097301706 vs. 2.645308097301706
list:
dist: 3.7878767538249787 vs. 3.7878767538249787
list:
dist: 3.3004370443119457 vs. 3.3004370443119457
list:
dist: 1.9278039254376271 vs. 1.9278039254376271
list:
dist: 2.1661174525072484 vs. 2.1661174525072484
list:
dist: 2.5007636682062886 vs. 2.5007636682062886
list:
dist: 1.7715776530987308 vs. 1.7715776530987308
list:
dist: 2.7348036286829553 vs. 2.7348036286829553
list:
dist: 3.3145193777481237 vs. 3.3145193777481237
list:
dist: 3.4210443954884324 vs. 3.4210443954884324
list:
dist: 3.6496467476023775 vs. 3.6496467476023775
list:
dist: 3.769065380580706 vs. 3.769065380580706
list:
dist: 5.12476382297466 vs. 5.12476382297466
list:
dist: 2.972166823767733 vs. 2.972166823767733
list:
dist: 4.054788971182984 vs. 4.054788971182984
list:
dist: 2.914186650695789 vs. 2.914186650695789
list:
dist: 4.9912206015765825 vs. 4.9912206015765825
list:
dist: 4.802095337015354 vs. 4.802095337015354
list:
dist: 2.631201912235334 vs. 2.631201912235334
list:
dist: 0.8380022160812974 vs. 0.8380022160812974
list:
dist: 1.195969825216048 vs. 1.195969825216048
list:
dist: 1.6122663460708742 vs. 1.6122663460708742
list:
dist: 1.7522213778288833 vs. 1.7522213778288833
list:
dist: 2.179773690913894 vs. 2.179773690913894
list:
dist: 2.449125134801375 vs. 2.449125134801375
list:
dist: 2.9843315096430283 vs. 2.9843315096430283
list:
dist: 2.18602842494143 vs. 2.18602842494143
list:
dist: 2.2225239620334265 vs. 2.2225239620334265
list:
dist: 3.445632676738466 vs. 3.445632676738466
list:
dist: 3.906869359245175 vs. 3.906869359245175
list:
dist: 3.6337711697619604 vs. 3.6337711697619604
list:
dist: 3.9303744961082314 vs. 3.9303744961082314
list:
dist: 2.5217930928453534 vs. 2.5217930928453534
list:
dist: 3.242843566703241 vs. 3.242843566703241
list:
dist: 2.0987539016496477 vs. 2.0987539016496477
list:
dist: 3.7049954537270424 vs. 3.7049954537270424
list:
dist: 4.0337031182344285 vs. 4.0337031182344285
list:
dist: 3.7584455563894914 vs. 3.7584455563894914
list:
dist: 3.7878767538249787 vs. 3.7878767538249787
list:
dist: 1.7170106748207885 vs. 1.7170106748207885
list:
dist: 2.2446998381610874 vs. 2.2446998381610874
list:
dist: 1.7522213778288833 vs. 1.7522213778288833
list:
dist: 1.740754744384183 vs. 1.740754744384183
list:
dist: 0.8948732008294286 vs. 0.8948732008294286
list:
dist: 2.4387201502731 vs. 2.4387201502731
list:
dist: 2.800842894143107 vs. 2.800842894143107
list:
dist: 2.4865802513080735 vs. 2.4865802513080735
list:
dist: 1.8469688910183086 vs. 1.8469688910183086
list:
dist: 2.7314241974505427 vs. 2.7314241974505427
list:
dist: 3.2852602852261725 vs. 3.2852602852261725
list:
dist: 2.7366750600394254 vs. 2.7366750600394254
list:
dist: 2.3173552132130455 vs. 2.3173552132130455
list:
dist: 1.8734723791174466 vs. 1.8734723791174466
list:
dist: 1.978867479228359 vs. 1.978867479228359
list:
dist: 1.4504146872746118 vs. 1.4504146872746118
list:
dist: 2.0885758285200056 vs. 2.0885758285200056
list:
dist: 2.6967448483137204 vs. 2.6967448483137204
list:
dist: 2.341262290192378 vs. 2.341262290192378
list:
dist: 3.4210443954884324 vs. 3.4210443954884324
list:
dist: 3.212381610621761 vs. 3.212381610621761
list:
dist: 3.0588497837205306 vs. 3.0588497837205306
list:
dist: 3.445632676738466 vs. 3.445632676738466
list:
dist: 4.085688741931186 vs. 4.085688741931186
list:
dist: 2.7314241974505427 vs. 2.7314241974505427
list:
dist: 3.3563203247060027 vs. 3.3563203247060027
list:
dist: 1.3145284949048044 vs. 1.3145284949048044
list:
dist: 1.3207589101751058 vs. 1.3207589101751058
list:
dist: 1.923559499563827 vs. 1.923559499563827
list:
dist: 1.7275505664502062 vs. 1.7275505664502062
list:
dist: 1.7922495771891465 vs. 1.7922495771891465
list:
dist: 0.8037750060997643 vs. 0.8037750060997643
list:
dist: 0.41381337335587115 vs. 0.41381337335587115
list:
dist: 2.24036493273394 vs. 2.24036493273394
list:
dist: 0.9532488850443164 vs. 0.9532488850443164
list:
dist: 1.1840249671264966 vs. 1.1840249671264966
list:
dist: 1.4578893856887467 vs. 1.4578893856887467
list:
dist: 2.3535556514804306 vs. 2.3535556514804306
list:
dist: 1.624113333385596 vs. 1.624113333385596
list:
dist: 1.059402038172837 vs. 1.059402038172837
list:
dist: 2.5443688090059866 vs. 2.5443688090059866
list:
dist: 2.2352563705587114 vs. 2.2352563705587114
list:
dist: 2.914186650695789 vs. 2.914186650695789
list:
dist: 1.8182867527537339 vs. 1.8182867527537339
list:
dist: 1.85801334759032 vs. 1.85801334759032
list:
dist: 2.0987539016496477 vs. 2.0987539016496477
list:
dist: 2.566770124051378 vs. 2.566770124051378
list:
dist: 1.4504146872746118 vs. 1.4504146872746118
list:
dist: 1.9794761651234511 vs. 1.9794761651234511
list:
dist: 1.126114746319993 vs. 1.126114746319993
list:
dist: 1.3830825858291076 vs. 1.3830825858291076
list:
dist: 1.2894059208856452 vs. 1.2894059208856452
list:
dist: 0.7173856740500127 vs. 0.7173856740500127
list:
dist: 1.4578893856887467 vs. 1.4578893856887467
list:
dist: 2.1042907665979786 vs. 2.1042907665979786
list:
dist: 1.564759566864439 vs. 1.564759566864439
list:
dist: 2.236111366829258 vs. 2.236111366829258
list:
dist: 0.516649284172029 vs. 0.516649284172029
list:
dist: 1.2775910607556904 vs. 1.2775910607556904
list:
dist: 2.095315237181343 vs. 2.095315237181343
list:
dist: 2.205721568600388 vs. 2.205721568600388
list:
dist: 3.0990816946498563 vs. 3.0990816946498563
list:
dist: 2.2569624232991616 vs. 2.2569624232991616
list:
dist: 3.980126713711921 vs. 3.980126713711921
list:
dist: 2.7520769038097344 vs. 2.7520769038097344
list:
dist: 1.7715776530987308 vs. 1.7715776530987308
list:
dist: 1.805707943768922 vs. 1.805707943768922
list:
dist: 1.333847478523326 vs. 1.333847478523326
list:
dist: 2.18602842494143 vs. 2.18602842494143
list:
dist: 3.484779679406285 vs. 3.484779679406285
list:
dist: 2.4865802513080735 vs. 2.4865802513080735
list:
dist: 4.155788871343311 vs. 4.155788871343311
list:
dist: 2.620890954887106 vs. 2.620890954887106
list:
dist: 0.8647153727711321 vs. 0.8647153727711321
list:
dist: 0.9299750265522615 vs. 0.9299750265522615
list:
dist: 1.008672837367393 vs. 1.008672837367393
list:
dist: 2.6510961888878537 vs. 2.6510961888878537
list:
dist: 1.923559499563827 vs. 1.923559499563827
list:
dist: 2.440040367270358 vs. 2.440040367270358
list:
dist: 2.184456968327979 vs. 2.184456968327979
list:
dist: 3.4291645416149708 vs. 3.4291645416149708
list:
dist: 1.3533830476734385 vs. 1.3533830476734385
list:
dist: 2.3858363827467666 vs. 2.3858363827467666
list:
dist: 1.2894059208856452 vs. 1.2894059208856452
list:
dist: 3.270513294168071 vs. 3.270513294168071
list:
dist: 3.257359596091667 vs. 3.257359596091667
list:
dist: 2.9622797987560765 vs. 2.9622797987560765
list:
dist: 4.000569698203165 vs. 4.000569698203165
list:
dist: 3.8138557880372645 vs. 3.8138557880372645
list:
dist: 4.242429905678024 vs. 4.242429905678024
list:
dist: 2.3516260821358577 vs. 2.3516260821358577
list:
dist: 2.2960975836813327 vs. 2.2960975836813327
list:
dist: 2.9622797987560765 vs. 2.9622797987560765
list:
dist: 2.5824514620022296 vs. 2.5824514620022296
list:
dist: 2.2740980652513136 vs. 2.2740980652513136
list:
dist: 1.059402038172837 vs. 1.059402038172837
list:
dist: 1.1195102205212437 vs. 1.1195102205212437
list:
dist: 0.8021035033411552 vs. 0.8021035033411552
list:
dist: 1.8741581851373024 vs. 1.8741581851373024
list:
dist: 1.81809043929795 vs. 1.81809043929795
list:
dist: 1.2931038383140527 vs. 1.2931038383140527
list:
dist: 2.2569624232991616 vs. 2.2569624232991616
list:
dist: 2.174858194870729 vs. 2.174858194870729
list:
dist: 1.033222233907407 vs. 1.033222233907407
list:
dist: 2.2754620940615147 vs. 2.2754620940615147
list:
dist: 1.4742385332666015 vs. 1.4742385332666015
list:
dist: 2.1661174525072484 vs. 2.1661174525072484
list:
dist: 2.293457829655183 vs. 2.293457829655183
list:
dist: 1.9637371594253537 vs. 1.9637371594253537
list:
dist: 2.449125134801375 vs. 2.449125134801375
list:
dist: 3.1309207130336714 vs. 3.1309207130336714
list:
dist: 2.4387201502731 vs. 2.4387201502731
list:
dist: 4.226360939916782 vs. 4.226360939916782
list:
dist: 2.5889263656768415 vs. 2.5889263656768415
list:
dist: 1.0169759934469722 vs. 1.0169759934469722
list:
dist: 0.8647153727711321 vs. 0.8647153727711321
list:
dist: 1.3054773122123315 vs. 1.3054773122123315
list:
dist: 2.0259541036566824 vs. 2.0259541036566824
list:
dist: 1.3145284949048044 vs. 1.3145284949048044
list:
dist: 1.6752811772451928 vs. 1.6752811772451928
list:
dist: 1.662829676756658 vs. 1.662829676756658
list:
dist: 3.0776153458027937 vs. 3.0776153458027937
list:
dist: 0.9083985785881581 vs. 0.9083985785881581
list:
dist: 1.959266935263623 vs. 1.959266935263623
list:
dist: 1.126114746319993 vs. 1.126114746319993
list:
dist: 3.0476942451994327 vs. 3.0476942451994327
list:
dist: 2.644946020686453 vs. 2.644946020686453
list:
dist: 2.3516260821358577 vs. 2.3516260821358577
list:
dist: 3.470519471336654 vs. 3.470519471336654
list:
dist: 3.353899344251225 vs. 3.353899344251225
list:
dist: 3.353899344251225 vs. 3.353899344251225
list:
dist: 3.2494585996022 vs. 3.2494585996022
list:
dist: 3.8138557880372645 vs. 3.8138557880372645
list:
dist: 3.0891785555847497 vs. 3.0891785555847497
list:
dist: 2.2352563705587114 vs. 2.2352563705587114
list:
dist: 2.5203604410615896 vs. 2.5203604410615896
list:
dist: 1.8682025582011017 vs. 1.8682025582011017
list:
dist: 0.8978249990110261 vs. 0.8978249990110261
list:
dist: 2.5373986358295872 vs. 2.5373986358295872
list:
dist: 1.4811042519505428 vs. 1.4811042519505428
list:
dist: 2.7520769038097344 vs. 2.7520769038097344
list:
dist: 1.332763000359406 vs. 1.332763000359406
list:
dist: 1.0163552369873212 vs. 1.0163552369873212
list:
dist: 3.215320737098666 vs. 3.215320737098666
list:
dist: 1.4742385332666015 vs. 1.4742385332666015
list:
dist: 3.5164378070207127 vs. 3.5164378070207127
800
900
Neighbor List consistency Check...
--------
nle(id0,id1,dist): 5 6 1.7035764423730864
list:
dist: 1.7035764423730864 vs. 1.7035764423730864
--------
nle(id0,id1,dist): 5 7 2.733658544665554
list:
dist: 2.733658544665554 vs. 2.733658544665554
--------
nle(id0,id1,dist): 5 21 2.629845292168483
list:
dist: 2.629845292168483 vs. 2.629845292168483
--------
nle(id0,id1,dist): 5 23 2.7185221545948504
list:
dist: 2.7185221545948504 vs. 2.7185221545948504
--------
nle(id0,id1,dist): 5 22 3.566446139532649
list:
dist: 3.566446139532649 vs. 3.566446139532649
--------
nle(id0,id1,dist): 5 17 1.786446853632914
list:
dist: 1.786446853632914 vs. 1.786446853632914
--------
nle(id0,id1,dist): 5 16 1.1899720192162555
list:
dist: 1.1899720192162555 vs. 1.1899720192162555
--------
nle(id0,id1,dist): 5 12 1.7383135077460508
list:
dist: 1.7383135077460508 vs. 1.7383135077460508
--------
nle(id0,id1,dist): 5 15 2.9879351547543336
list:
dist: 2.9879351547543336 vs. 2.9879351547543336
--------
nle(id0,id1,dist): 5 9 0.9510579005163238
list:
dist: 0.9510579005163238 vs. 0.9510579005163238
--------
nle(id0,id1,dist): 5 11 2.805963075626945
list:
dist: 2.805963075626945 vs. 2.805963075626945
--------
nle(id0,id1,dist): 5 10 3.3949334448684754
list:
dist: 3.3949334448684754 vs. 3.3949334448684754
--------
nle(id0,id1,dist): 4 11 2.1720925649846716
list:
dist: 2.1720925649846716 vs. 2.1720925649846716
--------
nle(id0,id1,dist): 4 12 1.4587630919863075
list:
dist: 1.4587630919863075 vs. 1.4587630919863075
--------
nle(id0,id1,dist): 4 9 1.5871521322265987
list:
dist: 1.5871521322265987 vs. 1.5871521322265987
--------
nle(id0,id1,dist): 4 10 3.1153016337400956
list:
dist: 3.1153016337400956 vs. 3.1153016337400956
--------
nle(id0,id1,dist): 4 7 1.9901436421930137
list:
dist: 1.9901436421930137 vs. 1.9901436421930137
--------
nle(id0,id1,dist): 4 5 0.9299552308732936
list:
dist: 0.9299552308732936 vs. 0.9299552308732936
--------
nle(id0,id1,dist): 4 6 1.1507328217846713
list:
dist: 1.1507328217846713 vs. 1.1507328217846713
--------
nle(id0,id1,dist): 4 28 3.4037260303184724
list:
dist: 3.4037260303184724 vs. 3.4037260303184724
--------
nle(id0,id1,dist): 4 25 2.964943067051229
list:
dist: 2.964943067051229 vs. 2.964943067051229
--------
nle(id0,id1,dist): 4 24 3.4630445395117477
list:
dist: 3.4630445395117477 vs. 3.4630445395117477
--------
nle(id0,id1,dist): 4 23 2.7668630867248623
list:
dist: 2.7668630867248623 vs. 2.7668630867248623
--------
nle(id0,id1,dist): 4 22 3.564039045038548
list:
dist: 3.564039045038548 vs. 3.564039045038548
--------
nle(id0,id1,dist): 4 21 3.0492831197292776
list:
dist: 3.0492831197292776 vs. 3.0492831197292776
--------
nle(id0,id1,dist): 4 17 1.9964117757575457
list:
dist: 1.9964117757575457 vs. 1.9964117757575457
--------
nle(id0,id1,dist): 4 16 1.5368231366924145
list:
dist: 1.5368231366924145 vs. 1.5368231366924145
--------
nle(id0,id1,dist): 4 15 2.6378149620031737
list:
dist: 2.6378149620031737 vs. 2.6378149620031737
--------
nle(id0,id1,dist): 7 9 2.8358198560595866
list:
dist: 2.8358198560595866 vs. 2.8358198560595866
--------
nle(id0,id1,dist): 7 11 1.2311856546960414
list:
dist: 1.2311856546960414 vs. 1.2311856546960414
--------
nle(id0,id1,dist): 7 10 2.245311876466621
list:
dist: 2.245311876466621 vs. 2.245311876466621
--------
nle(id0,id1,dist): 7 13 1.8928360585123278
list:
dist: 1.8928360585123278 vs. 1.8928360585123278
--------
nle(id0,id1,dist): 7 12 1.7341206903745578
list:
dist: 1.7341206903745578 vs. 1.7341206903745578
--------
nle(id0,id1,dist): 5 24 3.4053315647189755
list:
dist: 3.4053315647189755 vs. 3.4053315647189755
--------
nle(id0,id1,dist): 5 25 3.1418040904111355
list:
dist: 3.1418040904111355 vs. 3.1418040904111355
--------
nle(id0,id1,dist): 5 28 3.1861449458054745
list:
dist: 3.1861449458054745 vs. 3.1861449458054745
--------
nle(id0,id1,dist): 6 12 1.074400949236736
list:
dist: 1.074400949236736 vs. 1.074400949236736
--------
nle(id0,id1,dist): 6 17 3.08614795847415
list:
dist: 3.08614795847415 vs. 3.08614795847415
--------
nle(id0,id1,dist): 6 16 2.6359285355628774
list:
dist: 2.6359285355628774 vs. 2.6359285355628774
--------
nle(id0,id1,dist): 6 9 2.323626398229622
list:
dist: 2.323626398229622 vs. 2.323626398229622
--------
nle(id0,id1,dist): 6 7 1.9864996939766935
list:
dist: 1.9864996939766935 vs. 1.9864996939766935
--------
nle(id0,id1,dist): 8 13 1.8788440783091018
list:
dist: 1.8788440783091018 vs. 1.8788440783091018
--------
nle(id0,id1,dist): 7 17 2.968722686764495
list:
dist: 2.968722686764495 vs. 2.968722686764495
--------
nle(id0,id1,dist): 7 16 2.9365204483772525
list:
dist: 2.9365204483772525 vs. 2.9365204483772525
--------
nle(id0,id1,dist): 7 15 1.890734306041994
list:
dist: 1.890734306041994 vs. 1.890734306041994
--------
nle(id0,id1,dist): 7 25 2.8220481614599544
list:
dist: 2.8220481614599544 vs. 2.8220481614599544
--------
nle(id0,id1,dist): 7 23 3.1854491397278757
list:
dist: 3.1854491397278757 vs. 3.1854491397278757
--------
nle(id0,id1,dist): 10 12 3.072513000365684
list:
dist: 3.072513000365684 vs. 3.072513000365684
--------
nle(id0,id1,dist): 10 11 1.522313804465051
list:
dist: 1.522313804465051 vs. 1.522313804465051
--------
nle(id0,id1,dist): 10 14 2.414837137017874
list:
dist: 2.414837137017874 vs. 2.414837137017874
--------
nle(id0,id1,dist): 10 15 0.5580456583023053
list:
dist: 0.5580456583023053 vs. 0.5580456583023053
--------
nle(id0,id1,dist): 10 16 2.8718531717199207
list:
dist: 2.8718531717199207 vs. 2.8718531717199207
--------
nle(id0,id1,dist): 10 17 2.4228340688189425
list:
dist: 2.4228340688189425 vs. 2.4228340688189425
--------
nle(id0,id1,dist): 10 18 2.3288819477720466
list:
dist: 2.3288819477720466 vs. 2.3288819477720466
--------
nle(id0,id1,dist): 10 19 2.4905971736242787
list:
dist: 2.4905971736242787 vs. 2.4905971736242787
--------
nle(id0,id1,dist): 10 20 2.1950351734218705
list:
dist: 2.1950351734218705 vs. 2.1950351734218705
--------
nle(id0,id1,dist): 10 21 3.5109886436644464
list:
dist: 3.5109886436644464 vs. 3.5109886436644464
--------
nle(id0,id1,dist): 10 22 2.4171730838173677
list:
dist: 2.4171730838173677 vs. 2.4171730838173677
--------
nle(id0,id1,dist): 10 23 1.967737897812886
list:
dist: 1.967737897812886 vs. 1.967737897812886
--------
nle(id0,id1,dist): 10 24 2.8473753221123954
list:
dist: 2.8473753221123954 vs. 2.8473753221123954
--------
nle(id0,id1,dist): 10 25 1.3290580834817054
list:
dist: 1.3290580834817054 vs. 1.3290580834817054
--------
nle(id0,id1,dist): 10 26 1.9054078564225843
list:
dist: 1.9054078564225843 vs. 1.9054078564225843
--------
nle(id0,id1,dist): 10 27 3.8127877202345264
list:
dist: 3.8127877202345264 vs. 3.8127877202345264
--------
nle(id0,id1,dist): 10 28 2.199694132061133
list:
dist: 2.199694132061133 vs. 2.199694132061133
--------
nle(id0,id1,dist): 9 11 2.766086906786399
list:
dist: 2.766086906786399 vs. 2.766086906786399
--------
nle(id0,id1,dist): 9 10 2.9003953226671633
list:
dist: 2.9003953226671633 vs. 2.9003953226671633
--------
nle(id0,id1,dist): 9 15 2.6105128601094685
list:
dist: 2.6105128601094685 vs. 2.6105128601094685
--------
nle(id0,id1,dist): 9 12 1.8817043842507546
list:
dist: 1.8817043842507546 vs. 1.8817043842507546
--------
nle(id0,id1,dist): 9 17 1.4524204783168095
list:
dist: 1.4524204783168095 vs. 1.4524204783168095
--------
nle(id0,id1,dist): 9 16 1.1303332801897956
list:
dist: 1.1303332801897956 vs. 1.1303332801897956
--------
nle(id0,id1,dist): 9 22 3.1788026636375366
list:
dist: 3.1788026636375366 vs. 3.1788026636375366
--------
nle(id0,id1,dist): 9 23 2.2762989831163116
list:
dist: 2.2762989831163116 vs. 2.2762989831163116
--------
nle(id0,id1,dist): 9 21 2.3607846823589407
list:
dist: 2.3607846823589407 vs. 2.3607846823589407
--------
nle(id0,id1,dist): 9 24 3.107266703831685
list:
dist: 3.107266703831685 vs. 3.107266703831685
--------
nle(id0,id1,dist): 9 25 2.7363032665756966
list:
dist: 2.7363032665756966 vs. 2.7363032665756966
--------
nle(id0,id1,dist): 9 28 2.531982905864328
list:
dist: 2.531982905864328 vs. 2.531982905864328
--------
nle(id0,id1,dist): 12 17 2.8429301466086683
list:
dist: 2.8429301466086683 vs. 2.8429301466086683
--------
nle(id0,id1,dist): 12 16 2.5353129698336776
list:
dist: 2.5353129698336776 vs. 2.5353129698336776
--------
nle(id0,id1,dist): 12 15 2.7702904254856184
list:
dist: 2.7702904254856184 vs. 2.7702904254856184
--------
nle(id0,id1,dist): 12 13 3.0381205296060405
list:
dist: 3.0381205296060405 vs. 3.0381205296060405
--------
nle(id0,id1,dist): 11 26 3.3048646508209134
list:
dist: 3.3048646508209134 vs. 3.3048646508209134
--------
nle(id0,id1,dist): 11 23 2.217777349570399
list:
dist: 2.217777349570399 vs. 2.217777349570399
--------
nle(id0,id1,dist): 11 25 1.7209178095928712
list:
dist: 1.7209178095928712 vs. 1.7209178095928712
--------
nle(id0,id1,dist): 11 19 3.415788452536413
list:
dist: 3.415788452536413 vs. 3.415788452536413
--------
nle(id0,id1,dist): 11 18 3.328020237581981
list:
dist: 3.328020237581981 vs. 3.328020237581981
--------
nle(id0,id1,dist): 11 20 3.143381451367303
list:
dist: 3.143381451367303 vs. 3.143381451367303
--------
nle(id0,id1,dist): 11 15 1.0250361543239377
list:
dist: 1.0250361543239377 vs. 1.0250361543239377
--------
nle(id0,id1,dist): 11 17 2.288583216136777
list:
dist: 2.288583216136777 vs. 2.288583216136777
--------
nle(id0,id1,dist): 11 16 2.485050440920151
list:
dist: 2.485050440920151 vs. 2.485050440920151
--------
nle(id0,id1,dist): 11 13 2.4726566453006695
list:
dist: 2.4726566453006695 vs. 2.4726566453006695
--------
nle(id0,id1,dist): 11 12 2.5070583788823066
list:
dist: 2.5070583788823066 vs. 2.5070583788823066
--------
nle(id0,id1,dist): 13 18 2.562677652923687
list:
dist: 2.562677652923687 vs. 2.562677652923687
--------
nle(id0,id1,dist): 13 19 3.2042766154703473
list:
dist: 3.2042766154703473 vs. 3.2042766154703473
--------
nle(id0,id1,dist): 12 23 3.4664413912554903
list:
dist: 3.4664413912554903 vs. 3.4664413912554903
--------
nle(id0,id1,dist): 12 25 3.4980604853092427
list:
dist: 3.4980604853092427 vs. 3.4980604853092427
--------
nle(id0,id1,dist): 15 28 2.164664908207124
list:
dist: 2.164664908207124 vs. 2.164664908207124
--------
nle(id0,id1,dist): 15 26 2.373036125228603
list:
dist: 2.373036125228603 vs. 2.373036125228603
--------
nle(id0,id1,dist): 15 27 3.765846374609403
list:
dist: 3.765846374609403 vs. 3.765846374609403
--------
nle(id0,id1,dist): 15 24 2.6096640385789995
list:
dist: 2.6096640385789995 vs. 2.6096640385789995
--------
nle(id0,id1,dist): 15 25 1.1209099330526144
list:
dist: 1.1209099330526144 vs. 1.1209099330526144
--------
nle(id0,id1,dist): 15 22 2.254882360483916
list:
dist: 2.254882360483916 vs. 2.254882360483916
--------
nle(id0,id1,dist): 15 23 1.7252904476957716
list:
dist: 1.7252904476957716 vs. 1.7252904476957716
--------
nle(id0,id1,dist): 15 21 3.2243609664750763
list:
dist: 3.2243609664750763 vs. 3.2243609664750763
--------
nle(id0,id1,dist): 15 20 2.454354009333286
list:
dist: 2.454354009333286 vs. 2.454354009333286
--------
nle(id0,id1,dist): 15 19 2.884989398563046
list:
dist: 2.884989398563046 vs. 2.884989398563046
--------
nle(id0,id1,dist): 15 18 2.774248940781262
list:
dist: 2.774248940781262 vs. 2.774248940781262
--------
nle(id0,id1,dist): 15 17 2.0657743535378086
list:
dist: 2.0657743535378086 vs. 2.0657743535378086
--------
nle(id0,id1,dist): 15 16 2.4666824828646656
list:
dist: 2.4666824828646656 vs. 2.4666824828646656
--------
nle(id0,id1,dist): 14 27 1.9630696291921856
list:
dist: 1.9630696291921856 vs. 1.9630696291921856
--------
nle(id0,id1,dist): 14 28 2.298966531933279
list:
dist: 2.298966531933279 vs. 2.298966531933279
--------
nle(id0,id1,dist): 14 29 1.494820774306982
list:
dist: 1.494820774306982 vs. 1.494820774306982
--------
nle(id0,id1,dist): 14 15 2.614710052116214
list:
dist: 2.614710052116214 vs. 2.614710052116214
--------
nle(id0,id1,dist): 14 24 2.4407301365666063
list:
dist: 2.4407301365666063 vs. 2.4407301365666063
--------
nle(id0,id1,dist): 14 23 2.432379404381656
list:
dist: 2.432379404381656 vs. 2.432379404381656
--------
nle(id0,id1,dist): 14 26 1.4847541091879932
list:
dist: 1.4847541091879932 vs. 1.4847541091879932
--------
nle(id0,id1,dist): 14 25 1.9453217112938683
list:
dist: 1.9453217112938683 vs. 1.9453217112938683
--------
nle(id0,id1,dist): 14 20 0.6473070352470487
list:
dist: 0.6473070352470487 vs. 0.6473070352470487
--------
nle(id0,id1,dist): 14 22 1.8990630266105804
list:
dist: 1.8990630266105804 vs. 1.8990630266105804
--------
nle(id0,id1,dist): 17 22 1.8029976355975161
list:
dist: 1.8029976355975161 vs. 1.8029976355975161
--------
nle(id0,id1,dist): 17 23 0.979847310038577
list:
dist: 0.979847310038577 vs. 0.979847310038577
--------
nle(id0,id1,dist): 17 21 1.3192944057061426
list:
dist: 1.3192944057061426 vs. 1.3192944057061426
--------
nle(id0,id1,dist): 17 24 1.6750847099933872
list:
dist: 1.6750847099933872 vs. 1.6750847099933872
--------
nle(id0,id1,dist): 17 25 1.635379489106668
list:
dist: 1.635379489106668 vs. 1.635379489106668
--------
nle(id0,id1,dist): 16 17 0.6693479082907289
list:
dist: 0.6693479082907289 vs. 0.6693479082907289
--------
nle(id0,id1,dist): 16 21 1.5394950137995635
list:
dist: 1.5394950137995635 vs. 1.5394950137995635
--------
nle(id0,id1,dist): 16 22 2.430513098116919
list:
dist: 2.430513098116919 vs. 2.430513098116919
--------
nle(id0,id1,dist): 16 23 1.6419781957735844
list:
dist: 1.6419781957735844 vs. 1.6419781957735844
--------
nle(id0,id1,dist): 16 24 2.2275501084340665
list:
dist: 2.2275501084340665 vs. 2.2275501084340665
--------
nle(id0,id1,dist): 16 25 2.2292580549170493
list:
dist: 2.2292580549170493 vs. 2.2292580549170493
--------
nle(id0,id1,dist): 16 28 2.1582631752496417
list:
dist: 2.1582631752496417 vs. 2.1582631752496417
--------
nle(id0,id1,dist): 1 6 1.3658767169966932
list:
dist: 1.3658767169966932 vs. 1.3658767169966932
--------
nle(id0,id1,dist): 1 7 1.8910000419483524
list:
dist: 1.8910000419483524 vs. 1.8910000419483524
--------
nle(id0,id1,dist): 1 8 2.864540233425689
list:
dist: 2.864540233425689 vs. 2.864540233425689
--------
nle(id0,id1,dist): 1 11 3.042686229222235
list:
dist: 3.042686229222235 vs. 3.042686229222235
--------
nle(id0,id1,dist): 1 13 2.9804934710154174
list:
dist: 2.9804934710154174 vs. 2.9804934710154174
--------
nle(id0,id1,dist): 1 12 1.6328812735475198
list:
dist: 1.6328812735475198 vs. 1.6328812735475198
--------
nle(id0,id1,dist): 3 18 2.007426445077205
list:
dist: 2.007426445077205 vs. 2.007426445077205
--------
nle(id0,id1,dist): 3 19 2.6407644046114838
list:
dist: 2.6407644046114838 vs. 2.6407644046114838
--------
nle(id0,id1,dist): 3 8 2.2788892742288995
list:
dist: 2.2788892742288995 vs. 2.2788892742288995
--------
nle(id0,id1,dist): 3 13 0.7872034496294751
list:
dist: 0.7872034496294751 vs. 0.7872034496294751
--------
nle(id0,id1,dist): 3 11 2.7888986033174543
list:
dist: 2.7888986033174543 vs. 2.7888986033174543
--------
nle(id0,id1,dist): 37 48 1.040302931732931
list:
dist: 1.040302931732931 vs. 1.040302931732931
--------
nle(id0,id1,dist): 37 49 1.440760269024593
list:
dist: 1.440760269024593 vs. 1.440760269024593
--------
nle(id0,id1,dist): 37 50 1.3448697641721945
list:
dist: 1.3448697641721945 vs. 1.3448697641721945
--------
nle(id0,id1,dist): 37 51 2.560669483947329
list:
dist: 2.560669483947329 vs. 2.560669483947329
--------
nle(id0,id1,dist): 37 52 1.8648685584986893
list:
dist: 1.8648685584986893 vs. 1.8648685584986893
--------
nle(id0,id1,dist): 37 53 2.915249812421911
list:
dist: 2.915249812421911 vs. 2.915249812421911
--------
nle(id0,id1,dist): 37 54 1.4399777777290286
list:
dist: 1.4399777777290286 vs. 1.4399777777290286
--------
nle(id0,id1,dist): 37 55 2.472337028421597
list:
dist: 2.472337028421597 vs. 2.472337028421597
--------
nle(id0,id1,dist): 37 42 1.7651992976474968
list:
dist: 1.7651992976474968 vs. 1.7651992976474968
--------
nle(id0,id1,dist): 37 43 2.033366722818721
list:
dist: 2.033366722818721 vs. 2.033366722818721
--------
nle(id0,id1,dist): 37 44 1.3020850569192124
list:
dist: 1.3020850569192124 vs. 1.3020850569192124
--------
nle(id0,id1,dist): 37 47 2.2622815259236924
list:
dist: 2.2622815259236924 vs. 2.2622815259236924
--------
nle(id0,id1,dist): 37 38 1.6987604967076593
list:
dist: 1.6987604967076593 vs. 1.6987604967076593
--------
nle(id0,id1,dist): 36 55 1.0616207360354932
list:
dist: 1.0616207360354932 vs. 1.0616207360354932
--------
nle(id0,id1,dist): 36 53 2.2960898439396096
list:
dist: 2.2960898439396096 vs. 2.2960898439396096
--------
nle(id0,id1,dist): 36 54 1.1450368984521284
list:
dist: 1.1450368984521284 vs. 1.1450368984521284
--------
nle(id0,id1,dist): 36 57 2.2904333699580666
list:
dist: 2.2904333699580666 vs. 2.2904333699580666
--------
nle(id0,id1,dist): 36 48 2.5574473057718436
list:
dist: 2.5574473057718436 vs. 2.5574473057718436
--------
nle(id0,id1,dist): 36 51 3.4209858659588783
list:
dist: 3.4209858659588783 vs. 3.4209858659588783
--------
nle(id0,id1,dist): 36 52 2.0438536777416862
list:
dist: 2.0438536777416862 vs. 2.0438536777416862
--------
nle(id0,id1,dist): 36 49 2.798344267399009
list:
dist: 2.798344267399009 vs. 2.798344267399009
--------
nle(id0,id1,dist): 36 50 1.2718978091502517
list:
dist: 1.2718978091502517 vs. 1.2718978091502517
--------
nle(id0,id1,dist): 36 38 0.9404820660226436
list:
dist: 0.9404820660226436 vs. 0.9404820660226436
--------
nle(id0,id1,dist): 36 37 1.5517574005924146
list:
dist: 1.5517574005924146 vs. 1.5517574005924146
--------
nle(id0,id1,dist): 36 44 2.4553009457285393
list:
dist: 2.4553009457285393 vs. 2.4553009457285393
--------
nle(id0,id1,dist): 36 43 0.7749431539316886
list:
dist: 0.7749431539316886 vs. 0.7749431539316886
--------
nle(id0,id1,dist): 36 42 1.5147554516082802
list:
dist: 1.5147554516082802 vs. 1.5147554516082802
--------
nle(id0,id1,dist): 36 41 1.6470226851152145
list:
dist: 1.6470226851152145 vs. 1.6470226851152145
--------
nle(id0,id1,dist): 35 55 3.7995983909294804
list:
dist: 3.7995983909294804 vs. 3.7995983909294804
--------
nle(id0,id1,dist): 35 56 1.5482518693743728
list:
dist: 1.5482518693743728 vs. 1.5482518693743728
--------
nle(id0,id1,dist): 35 51 3.072019432302218
list:
dist: 3.072019432302218 vs. 3.072019432302218
--------
nle(id0,id1,dist): 35 52 2.2444857901058315
list:
dist: 2.2444857901058315 vs. 2.2444857901058315
--------
nle(id0,id1,dist): 35 47 4.157627001954256
list:
dist: 4.157627001954256 vs. 4.157627001954256
--------
nle(id0,id1,dist): 35 46 1.0658546965966875
list:
dist: 1.0658546965966875 vs. 1.0658546965966875
--------
nle(id0,id1,dist): 35 42 2.921927322581857
list:
dist: 2.921927322581857 vs. 2.921927322581857
--------
nle(id0,id1,dist): 35 38 3.5376951865722672
list:
dist: 3.5376951865722672 vs. 3.5376951865722672
--------
nle(id0,id1,dist): 34 55 1.932333819218598
list:
dist: 1.932333819218598 vs. 1.932333819218598
--------
nle(id0,id1,dist): 34 56 1.1809515240005335
list:
dist: 1.1809515240005335 vs. 1.1809515240005335
--------
nle(id0,id1,dist): 34 52 1.8194991583251399
list:
dist: 1.8194991583251399 vs. 1.8194991583251399
--------
nle(id0,id1,dist): 34 51 3.3948810890474213
list:
dist: 3.3948810890474213 vs. 3.3948810890474213
--------
nle(id0,id1,dist): 34 46 1.6265960735768614
list:
dist: 1.6265960735768614 vs. 1.6265960735768614
--------
nle(id0,id1,dist): 34 42 1.7598116140100206
list:
dist: 1.7598116140100206 vs. 1.7598116140100206
--------
nle(id0,id1,dist): 34 35 2.2830530841833925
list:
dist: 2.2830530841833925 vs. 2.2830530841833925
--------
nle(id0,id1,dist): 34 38 2.290469696336475
list:
dist: 2.290469696336475 vs. 2.290469696336475
--------
nle(id0,id1,dist): 33 44 1.6535545142890826
list:
dist: 1.6535545142890826 vs. 1.6535545142890826
--------
nle(id0,id1,dist): 33 48 2.4297527940116015
list:
dist: 2.4297527940116015 vs. 2.4297527940116015
--------
nle(id0,id1,dist): 33 49 2.5841859502891973
list:
dist: 2.5841859502891973 vs. 2.5841859502891973
--------
nle(id0,id1,dist): 33 50 1.705059417183342
list:
dist: 1.705059417183342 vs. 1.705059417183342
--------
nle(id0,id1,dist): 33 51 2.6221800848156382
list:
dist: 2.6221800848156382 vs. 2.6221800848156382
--------
nle(id0,id1,dist): 33 52 1.9210843713066332
list:
dist: 1.9210843713066332 vs. 1.9210843713066332
--------
nle(id0,id1,dist): 33 53 2.65393255632479
list:
dist: 2.65393255632479 vs. 2.65393255632479
--------
nle(id0,id1,dist): 33 54 0.26787072333708395
list:
dist: 0.26787072333708395 vs. 0.26787072333708395
--------
nle(id0,id1,dist): 33 55 2.045484378203221
list:
dist: 2.045484378203221 vs. 2.045484378203221
--------
nle(id0,id1,dist): 33 57 2.919604390175476
list:
dist: 2.919604390175476 vs. 2.919604390175476
--------
nle(id0,id1,dist): 33 38 1.96260041812962
list:
dist: 1.96260041812962 vs. 1.96260041812962
--------
nle(id0,id1,dist): 33 37 1.4909242739704498
list:
dist: 1.4909242739704498 vs. 1.4909242739704498
--------
nle(id0,id1,dist): 33 36 1.24538882382017
list:
dist: 1.24538882382017 vs. 1.24538882382017
--------
nle(id0,id1,dist): 33 43 1.390493762454991
list:
dist: 1.390493762454991 vs. 1.390493762454991
--------
nle(id0,id1,dist): 33 42 1.1865735892021054
list:
dist: 1.1865735892021054 vs. 1.1865735892021054
--------
nle(id0,id1,dist): 33 41 2.164282436077267
list:
dist: 2.164282436077267 vs. 2.164282436077267
--------
nle(id0,id1,dist): 32 55 2.330554737997795
list:
dist: 2.330554737997795 vs. 2.330554737997795
--------
nle(id0,id1,dist): 32 54 2.8993502747689703
list:
dist: 2.8993502747689703 vs. 2.8993502747689703
--------
nle(id0,id1,dist): 32 38 3.3062217770009013
list:
dist: 3.3062217770009013 vs. 3.3062217770009013
--------
nle(id0,id1,dist): 32 34 2.9477653011582365
list:
dist: 2.9477653011582365 vs. 2.9477653011582365
--------
nle(id0,id1,dist): 32 33 2.8899576829256723
list:
dist: 2.8899576829256723 vs. 2.8899576829256723
--------
nle(id0,id1,dist): 32 36 2.7413482254361594
list:
dist: 2.7413482254361594 vs. 2.7413482254361594
--------
nle(id0,id1,dist): 32 42 3.066144153909898
list:
dist: 3.066144153909898 vs. 3.066144153909898
--------
nle(id0,id1,dist): 32 41 1.6928461016611176
list:
dist: 1.6928461016611176 vs. 1.6928461016611176
--------
nle(id0,id1,dist): 32 43 2.4014837614177145
list:
dist: 2.4014837614177145 vs. 2.4014837614177145
--------
nle(id0,id1,dist): 31 55 3.6766686760931546
list:
dist: 3.6766686760931546 vs. 3.6766686760931546
--------
nle(id0,id1,dist): 31 56 1.5147779855826269
list:
dist: 1.5147779855826269 vs. 1.5147779855826269
--------
nle(id0,id1,dist): 31 42 2.7187353722325924
list:
dist: 2.7187353722325924 vs. 2.7187353722325924
--------
nle(id0,id1,dist): 31 38 3.5857602866435703
list:
dist: 3.5857602866435703 vs. 3.5857602866435703
--------
nle(id0,id1,dist): 31 52 2.20904610572891
list:
dist: 2.20904610572891 vs. 2.20904610572891
--------
nle(id0,id1,dist): 31 51 2.9777906444049536
list:
dist: 2.9777906444049536 vs. 2.9777906444049536
--------
nle(id0,id1,dist): 31 47 4.3808917320437315
list:
dist: 4.3808917320437315 vs. 4.3808917320437315
--------
nle(id0,id1,dist): 31 46 1.0983952938353423
list:
dist: 1.0983952938353423 vs. 1.0983952938353423
--------
nle(id0,id1,dist): 31 34 1.9498651879390805
list:
dist: 1.9498651879390805 vs. 1.9498651879390805
--------
nle(id0,id1,dist): 31 35 0.7194226375425871
list:
dist: 0.7194226375425871 vs. 0.7194226375425871
--------
nle(id0,id1,dist): 44 47 2.0829063432020423
list:
dist: 2.0829063432020423 vs. 2.0829063432020423
--------
nle(id0,id1,dist): 44 48 1.5229723728777584
list:
dist: 1.5229723728777584 vs. 1.5229723728777584
--------
nle(id0,id1,dist): 44 51 2.207260794438993
list:
dist: 2.207260794438993 vs. 2.207260794438993
--------
nle(id0,id1,dist): 44 52 2.4948904645689858
list:
dist: 2.4948904645689858 vs. 2.4948904645689858
--------
nle(id0,id1,dist): 44 49 1.4051536426772122
list:
dist: 1.4051536426772122 vs. 1.4051536426772122
--------
nle(id0,id1,dist): 44 50 2.078701296944594
list:
dist: 2.078701296944594 vs. 2.078701296944594
--------
nle(id0,id1,dist): 43 50 1.2619388628417962
list:
dist: 1.2619388628417962 vs. 1.2619388628417962
--------
nle(id0,id1,dist): 43 51 3.9168767627917838
list:
dist: 3.9168767627917838 vs. 3.9168767627917838
--------
nle(id0,id1,dist): 43 52 2.727459073246672
list:
dist: 2.727459073246672 vs. 2.727459073246672
--------
nle(id0,id1,dist): 43 53 1.6771508483090134
list:
dist: 1.6771508483090134 vs. 1.6771508483090134
--------
nle(id0,id1,dist): 43 54 1.2038326105406258
list:
dist: 1.2038326105406258 vs. 1.2038326105406258
--------
nle(id0,id1,dist): 43 55 1.4249108878782129
list:
dist: 1.4249108878782129 vs. 1.4249108878782129
--------
nle(id0,id1,dist): 43 57 1.831679021276874
list:
dist: 1.831679021276874 vs. 1.831679021276874
--------
nle(id0,id1,dist): 43 44 2.672329738691779
list:
dist: 2.672329738691779 vs. 2.672329738691779
--------
nle(id0,id1,dist): 43 48 3.0602635778707894
list:
dist: 3.0602635778707894 vs. 3.0602635778707894
--------
nle(id0,id1,dist): 43 49 3.0354751880979314
list:
dist: 3.0354751880979314 vs. 3.0354751880979314
--------
nle(id0,id1,dist): 42 46 1.8663694221876965
list:
dist: 1.8663694221876965 vs. 1.8663694221876965
--------
nle(id0,id1,dist): 42 44 2.263459442437133
list:
dist: 2.263459442437133 vs. 2.263459442437133
--------
nle(id0,id1,dist): 42 43 2.05838068318297
list:
dist: 2.05838068318297 vs. 2.05838068318297
--------
nle(id0,id1,dist): 42 55 1.817081470592463
list:
dist: 1.817081470592463 vs. 1.817081470592463
--------
nle(id0,id1,dist): 42 56 1.523749678233944
list:
dist: 1.523749678233944 vs. 1.523749678233944
--------
nle(id0,id1,dist): 42 54 1.3964314617587277
list:
dist: 1.3964314617587277 vs. 1.3964314617587277
--------
nle(id0,id1,dist): 42 51 2.1693696465331813
list:
dist: 2.1693696465331813 vs. 2.1693696465331813
--------
nle(id0,id1,dist): 42 52 0.870696149803846
list:
dist: 0.870696149803846 vs. 0.870696149803846
--------
nle(id0,id1,dist): 42 49 3.131460484055227
list:
dist: 3.131460484055227 vs. 3.131460484055227
--------
nle(id0,id1,dist): 42 50 2.4392022321580566
list:
dist: 2.4392022321580566 vs. 2.4392022321580566
--------
nle(id0,id1,dist): 42 48 2.51451191925742
list:
dist: 2.51451191925742 vs. 2.51451191925742
--------
nle(id0,id1,dist): 41 43 1.0137257672496032
list:
dist: 1.0137257672496032 vs. 1.0137257672496032
--------
nle(id0,id1,dist): 41 42 2.738368385883077
list:
dist: 2.738368385883077 vs. 2.738368385883077
--------
nle(id0,id1,dist): 40 74 3.034141507748295
list:
dist: 3.034141507748295 vs. 3.034141507748295
--------
nle(id0,id1,dist): 41 57 2.1004009520371616
list:
dist: 2.1004009520371616 vs. 2.1004009520371616
--------
nle(id0,id1,dist): 41 53 1.8498697098528163
list:
dist: 1.8498697098528163 vs. 1.8498697098528163
--------
nle(id0,id1,dist): 41 54 2.0230921922118528
list:
dist: 2.0230921922118528 vs. 2.0230921922118528
--------
nle(id0,id1,dist): 41 55 1.7017227642311625
list:
dist: 1.7017227642311625 vs. 1.7017227642311625
--------
nle(id0,id1,dist): 39 80 4.542383915431416
list:
dist: 4.542383915431416 vs. 4.542383915431416
--------
nle(id0,id1,dist): 39 78 2.5384361475766424
list:
dist: 2.5384361475766424 vs. 2.5384361475766424
--------
nle(id0,id1,dist): 39 79 3.285297485221106
list:
dist: 3.285297485221106 vs. 3.285297485221106
--------
nle(id0,id1,dist): 39 83 1.527624139219685
list:
dist: 1.527624139219685 vs. 1.527624139219685
--------
nle(id0,id1,dist): 39 63 3.3007364456848425
list:
dist: 3.3007364456848425 vs. 3.3007364456848425
--------
nle(id0,id1,dist): 39 64 1.7873787626763167
list:
dist: 1.7873787626763167 vs. 1.7873787626763167
--------
nle(id0,id1,dist): 39 67 2.813145256443981
list:
dist: 2.813145256443981 vs. 2.813145256443981
--------
nle(id0,id1,dist): 39 66 1.8224618381747668
list:
dist: 1.8224618381747668 vs. 1.8224618381747668
--------
nle(id0,id1,dist): 39 69 2.668384398859456
list:
dist: 2.668384398859456 vs. 2.668384398859456
--------
nle(id0,id1,dist): 39 68 3.553828013662204
list:
dist: 3.553828013662204 vs. 3.553828013662204
--------
nle(id0,id1,dist): 39 70 3.0324966455522135
list:
dist: 3.0324966455522135 vs. 3.0324966455522135
--------
nle(id0,id1,dist): 39 73 2.5360705730761364
list:
dist: 2.5360705730761364 vs. 2.5360705730761364
--------
nle(id0,id1,dist): 39 74 1.073906978523918
list:
dist: 1.073906978523918 vs. 1.073906978523918
--------
nle(id0,id1,dist): 39 76 3.5109934202124844
list:
dist: 3.5109934202124844 vs. 3.5109934202124844
--------
nle(id0,id1,dist): 38 55 1.0587254881236914
list:
dist: 1.0587254881236914 vs. 1.0587254881236914
--------
nle(id0,id1,dist): 38 56 2.0725509004180016
list:
dist: 2.0725509004180016 vs. 2.0725509004180016
--------
nle(id0,id1,dist): 38 54 1.9315373088382948
list:
dist: 1.9315373088382948 vs. 1.9315373088382948
--------
nle(id0,id1,dist): 38 52 1.805025917278146
list:
dist: 1.805025917278146 vs. 1.805025917278146
--------
nle(id0,id1,dist): 39 45 2.770267476126334
list:
dist: 2.770267476126334 vs. 2.770267476126334
--------
nle(id0,id1,dist): 39 40 3.162427311323541
list:
dist: 3.162427311323541 vs. 3.162427311323541
--------
nle(id0,id1,dist): 37 57 2.877730802720406
list:
dist: 2.877730802720406 vs. 2.877730802720406
--------
nle(id0,id1,dist): 38 42 1.6767891669937032
list:
dist: 1.6767891669937032 vs. 1.6767891669937032
--------
nle(id0,id1,dist): 38 41 2.3767411189772707
list:
dist: 2.3767411189772707 vs. 2.3767411189772707
--------
nle(id0,id1,dist): 38 48 2.4768878237478855
list:
dist: 2.4768878237478855 vs. 2.4768878237478855
--------
nle(id0,id1,dist): 38 50 1.7968098109130473
list:
dist: 1.7968098109130473 vs. 1.7968098109130473
--------
nle(id0,id1,dist): 38 49 3.0060591232276397
list:
dist: 3.0060591232276397 vs. 3.0060591232276397
--------
nle(id0,id1,dist): 38 44 2.883394590773152
list:
dist: 2.883394590773152 vs. 2.883394590773152
--------
nle(id0,id1,dist): 38 43 1.6547434993308685
list:
dist: 1.6547434993308685 vs. 1.6547434993308685
--------
nle(id0,id1,dist): 38 46 2.5985429807013296
list:
dist: 2.5985429807013296 vs. 2.5985429807013296
--------
nle(id0,id1,dist): 23 28 0.8657149396632858
list:
dist: 0.8657149396632858 vs. 0.8657149396632858
--------
nle(id0,id1,dist): 23 26 2.822347720696225
list:
dist: 2.822347720696225 vs. 2.822347720696225
--------
nle(id0,id1,dist): 23 27 2.692268660630985
list:
dist: 2.692268660630985 vs. 2.692268660630985
--------
nle(id0,id1,dist): 23 24 1.0596266539074086
list:
dist: 1.0596266539074086 vs. 1.0596266539074086
--------
nle(id0,id1,dist): 23 25 0.8547342395543881
list:
dist: 0.8547342395543881 vs. 0.8547342395543881
--------
nle(id0,id1,dist): 21 24 1.4790287958729458
list:
dist: 1.4790287958729458 vs. 1.4790287958729458
--------
nle(id0,id1,dist): 21 25 2.4457451468168316
list:
dist: 2.4457451468168316 vs. 2.4457451468168316
--------
nle(id0,id1,dist): 21 28 1.7645156229625958
list:
dist: 1.7645156229625958 vs. 1.7645156229625958
--------
nle(id0,id1,dist): 21 23 1.6074569625002213
list:
dist: 1.6074569625002213 vs. 1.6074569625002213
--------
nle(id0,id1,dist): 21 22 1.9019021327039116
list:
dist: 1.9019021327039116 vs. 1.9019021327039116
--------
nle(id0,id1,dist): 22 27 1.7743448349347657
list:
dist: 1.7743448349347657 vs. 1.7743448349347657
--------
nle(id0,id1,dist): 22 28 1.176877089746481
list:
dist: 1.176877089746481 vs. 1.176877089746481
--------
nle(id0,id1,dist): 22 23 0.9217678438474171
list:
dist: 0.9217678438474171 vs. 0.9217678438474171
--------
nle(id0,id1,dist): 22 24 0.5731598522857114
list:
dist: 0.5731598522857114 vs. 0.5731598522857114
--------
nle(id0,id1,dist): 22 25 1.137127186259065
list:
dist: 1.137127186259065 vs. 1.137127186259065
--------
nle(id0,id1,dist): 22 26 2.7529100017979125
list:
dist: 2.7529100017979125 vs. 2.7529100017979125
--------
nle(id0,id1,dist): 19 25 3.2461402833731126
list:
dist: 3.2461402833731126 vs. 3.2461402833731126
--------
nle(id0,id1,dist): 19 23 4.047746927549017
list:
dist: 4.047746927549017 vs. 4.047746927549017
--------
nle(id0,id1,dist): 19 20 1.978516609944242
list:
dist: 1.978516609944242 vs. 1.978516609944242
--------
nle(id0,id1,dist): 19 29 2.2077690166841837
list:
dist: 2.2077690166841837 vs. 2.2077690166841837
--------
nle(id0,id1,dist): 19 26 1.9367246315442417
list:
dist: 1.9367246315442417 vs. 1.9367246315442417
--------
nle(id0,id1,dist): 20 29 1.3123141413829114
list:
dist: 1.3123141413829114 vs. 1.3123141413829114
--------
nle(id0,id1,dist): 20 25 2.0515732226579395
list:
dist: 2.0515732226579395 vs. 2.0515732226579395
--------
nle(id0,id1,dist): 20 26 1.2572577964235807
list:
dist: 1.2572577964235807 vs. 1.2572577964235807
--------
nle(id0,id1,dist): 20 27 2.530672666956974
list:
dist: 2.530672666956974 vs. 2.530672666956974
--------
nle(id0,id1,dist): 20 28 2.6659985311689827
list:
dist: 2.6659985311689827 vs. 2.6659985311689827
--------
nle(id0,id1,dist): 20 22 2.3152400521500076
list:
dist: 2.3152400521500076 vs. 2.3152400521500076
--------
nle(id0,id1,dist): 20 23 2.7056015501223385
list:
dist: 2.7056015501223385 vs. 2.7056015501223385
--------
nle(id0,id1,dist): 20 24 2.873552685033106
list:
dist: 2.873552685033106 vs. 2.873552685033106
--------
nle(id0,id1,dist): 18 20 2.5933481717787585
list:
dist: 2.5933481717787585 vs. 2.5933481717787585
--------
nle(id0,id1,dist): 18 19 0.9422205211989888
list:
dist: 0.9422205211989888 vs. 0.9422205211989888
--------
nle(id0,id1,dist): 17 28 1.5207701852322797
list:
dist: 1.5207701852322797 vs. 1.5207701852322797
--------
nle(id0,id1,dist): 18 23 4.155105581476049
list:
dist: 4.155105581476049 vs. 4.155105581476049
--------
nle(id0,id1,dist): 18 25 3.399547748072634
list:
dist: 3.399547748072634 vs. 3.399547748072634
--------
nle(id0,id1,dist): 18 26 2.1377063135674272
list:
dist: 2.1377063135674272 vs. 2.1377063135674272
--------
nle(id0,id1,dist): 18 29 2.860047030160274
list:
dist: 2.860047030160274 vs. 2.860047030160274
--------
nle(id0,id1,dist): 30 42 1.977266766093442
list:
dist: 1.977266766093442 vs. 1.977266766093442
--------
nle(id0,id1,dist): 30 38 2.753905911521098
list:
dist: 2.753905911521098 vs. 2.753905911521098
--------
nle(id0,id1,dist): 30 37 1.4371855522760988
list:
dist: 1.4371855522760988 vs. 1.4371855522760988
--------
nle(id0,id1,dist): 30 36 2.699535228729078
list:
dist: 2.699535228729078 vs. 2.699535228729078
--------
nle(id0,id1,dist): 30 35 3.5504031951607535
list:
dist: 3.5504031951607535 vs. 3.5504031951607535
--------
nle(id0,id1,dist): 30 34 3.531026917837705
list:
dist: 3.531026917837705 vs. 3.531026917837705
--------
nle(id0,id1,dist): 30 33 2.099564772864991
list:
dist: 2.099564772864991 vs. 2.099564772864991
--------
nle(id0,id1,dist): 30 31 3.60081444112242
list:
dist: 3.60081444112242 vs. 3.60081444112242
--------
nle(id0,id1,dist): 30 55 3.4482968567637755
list:
dist: 3.4482968567637755 vs. 3.4482968567637755
--------
nle(id0,id1,dist): 30 56 2.712120893742271
list:
dist: 2.712120893742271 vs. 2.712120893742271
--------
nle(id0,id1,dist): 30 54 2.210573882555348
list:
dist: 2.210573882555348 vs. 2.210573882555348
--------
nle(id0,id1,dist): 30 51 1.2891272296556677
list:
dist: 1.2891272296556677 vs. 1.2891272296556677
--------
nle(id0,id1,dist): 30 52 1.7532067848893569
list:
dist: 1.7532067848893569 vs. 1.7532067848893569
--------
nle(id0,id1,dist): 30 49 1.9763376837670807
list:
dist: 1.9763376837670807 vs. 1.9763376837670807
--------
nle(id0,id1,dist): 30 50 2.7274080770914546
list:
dist: 2.7274080770914546 vs. 2.7274080770914546
--------
nle(id0,id1,dist): 30 47 1.3047519959677252
list:
dist: 1.3047519959677252 vs. 1.3047519959677252
--------
nle(id0,id1,dist): 30 48 1.230380325038638
list:
dist: 1.230380325038638 vs. 1.230380325038638
--------
nle(id0,id1,dist): 30 46 2.6872056860456497
list:
dist: 2.6872056860456497 vs. 2.6872056860456497
--------
nle(id0,id1,dist): 30 43 3.2053412389439484
list:
dist: 3.2053412389439484 vs. 3.2053412389439484
--------
nle(id0,id1,dist): 30 44 1.2632339476681365
list:
dist: 1.2632339476681365 vs. 1.2632339476681365
--------
nle(id0,id1,dist): 26 27 3.3611349548609213
list:
dist: 3.3611349548609213 vs. 3.3611349548609213
--------
nle(id0,id1,dist): 26 28 2.533401750172516
list:
dist: 2.533401750172516 vs. 2.533401750172516
--------
nle(id0,id1,dist): 26 29 1.519034385064958
list:
dist: 1.519034385064958 vs. 1.519034385064958
--------
nle(id0,id1,dist): 27 29 3.1488410359095846
list:
dist: 3.1488410359095846 vs. 3.1488410359095846
--------
nle(id0,id1,dist): 27 28 2.652874110886774
list:
dist: 2.652874110886774 vs. 2.652874110886774
--------
nle(id0,id1,dist): 24 25 1.538485820417192
list:
dist: 1.538485820417192 vs. 1.538485820417192
--------
nle(id0,id1,dist): 24 26 3.3144865263566015
list:
dist: 3.3144865263566015 vs. 3.3144865263566015
--------
nle(id0,id1,dist): 24 27 1.9001968901980641
list:
dist: 1.9001968901980641 vs. 1.9001968901980641
--------
nle(id0,id1,dist): 24 28 1.3997541851372408
list:
dist: 1.3997541851372408 vs. 1.3997541851372408
--------
nle(id0,id1,dist): 25 26 2.278089208321225
list:
dist: 2.278089208321225 vs. 2.278089208321225
--------
nle(id0,id1,dist): 25 27 2.701419249477872
list:
dist: 2.701419249477872 vs. 2.701419249477872
--------
nle(id0,id1,dist): 25 28 1.3678210083192042
list:
dist: 1.3678210083192042 vs. 1.3678210083192042
--------
nle(id0,id1,dist): 62 80 3.1799233361665875
list:
dist: 3.1799233361665875 vs. 3.1799233361665875
--------
nle(id0,id1,dist): 62 82 3.3663940862619044
list:
dist: 3.3663940862619044 vs. 3.3663940862619044
--------
nle(id0,id1,dist): 62 76 2.4954692553171807
list:
dist: 2.4954692553171807 vs. 2.4954692553171807
--------
nle(id0,id1,dist): 62 77 2.4067704354783492
list:
dist: 2.4067704354783492 vs. 2.4067704354783492
--------
nle(id0,id1,dist): 62 83 2.0912722204220864
list:
dist: 2.0912722204220864 vs. 2.0912722204220864
--------
nle(id0,id1,dist): 62 85 3.0943170705354124
list:
dist: 3.0943170705354124 vs. 3.0943170705354124
--------
nle(id0,id1,dist): 62 64 1.9988294858081548
list:
dist: 1.9988294858081548 vs. 1.9988294858081548
--------
nle(id0,id1,dist): 62 63 1.5554827660415205
list:
dist: 1.5554827660415205 vs. 1.5554827660415205
--------
nle(id0,id1,dist): 62 66 1.4880285470255543
list:
dist: 1.4880285470255543 vs. 1.4880285470255543
--------
nle(id0,id1,dist): 62 65 1.4713689363470646
list:
dist: 1.4713689363470646 vs. 1.4713689363470646
--------
nle(id0,id1,dist): 62 72 1.7068670051590011
list:
dist: 1.7068670051590011 vs. 1.7068670051590011
--------
nle(id0,id1,dist): 62 71 1.414316391588471
list:
dist: 1.414316391588471 vs. 1.414316391588471
--------
nle(id0,id1,dist): 62 73 1.1097858824256994
list:
dist: 1.1097858824256994 vs. 1.1097858824256994
--------
nle(id0,id1,dist): 62 67 2.2557623821942427
list:
dist: 2.2557623821942427 vs. 2.2557623821942427
--------
nle(id0,id1,dist): 62 70 0.4472883820658347
list:
dist: 0.4472883820658347 vs. 0.4472883820658347
--------
nle(id0,id1,dist): 62 69 2.501853693244014
list:
dist: 2.501853693244014 vs. 2.501853693244014
--------
nle(id0,id1,dist): 61 85 1.9608284658839612
list:
dist: 1.9608284658839612 vs. 1.9608284658839612
--------
nle(id0,id1,dist): 61 82 2.910223277899362
list:
dist: 2.910223277899362 vs. 2.910223277899362
--------
nle(id0,id1,dist): 61 71 3.232237444414958
list:
dist: 3.232237444414958 vs. 3.232237444414958
--------
nle(id0,id1,dist): 61 65 3.6972071694436246
list:
dist: 3.6972071694436246 vs. 3.6972071694436246
--------
nle(id0,id1,dist): 61 77 2.595002513533039
list:
dist: 2.595002513533039 vs. 2.595002513533039
--------
nle(id0,id1,dist): 61 72 2.940281230241941
list:
dist: 2.940281230241941 vs. 2.940281230241941
--------
nle(id0,id1,dist): 64 65 2.0193988842997532
list:
dist: 2.0193988842997532 vs. 2.0193988842997532
--------
nle(id0,id1,dist): 64 66 0.6630694962513962
list:
dist: 0.6630694962513962 vs. 0.6630694962513962
--------
nle(id0,id1,dist): 64 67 1.4993496843905012
list:
dist: 1.4993496843905012 vs. 1.4993496843905012
--------
nle(id0,id1,dist): 64 70 1.9384585493698971
list:
dist: 1.9384585493698971 vs. 1.9384585493698971
--------
nle(id0,id1,dist): 64 73 1.2757271087227047
list:
dist: 1.2757271087227047 vs. 1.2757271087227047
--------
nle(id0,id1,dist): 64 74 2.079314294451963
list:
dist: 2.079314294451963 vs. 2.079314294451963
--------
nle(id0,id1,dist): 63 72 2.1047791529815716
list:
dist: 2.1047791529815716 vs. 2.1047791529815716
--------
nle(id0,id1,dist): 63 73 1.2566644773199853
list:
dist: 1.2566644773199853 vs. 1.2566644773199853
--------
nle(id0,id1,dist): 63 70 1.5034961383075345
list:
dist: 1.5034961383075345 vs. 1.5034961383075345
--------
nle(id0,id1,dist): 63 71 2.588629690109308
list:
dist: 2.588629690109308 vs. 2.588629690109308
--------
nle(id0,id1,dist): 63 76 3.336877495418989
list:
dist: 3.336877495418989 vs. 3.336877495418989
--------
nle(id0,id1,dist): 63 77 3.411366802606634
list:
dist: 3.411366802606634 vs. 3.411366802606634
--------
nle(id0,id1,dist): 63 74 3.5187117911141366
list:
dist: 3.5187117911141366 vs. 3.5187117911141366
--------
nle(id0,id1,dist): 63 80 3.8220938600169374
list:
dist: 3.8220938600169374 vs. 3.8220938600169374
--------
nle(id0,id1,dist): 63 78 4.645292954591008
list:
dist: 4.645292954591008 vs. 4.645292954591008
--------
nle(id0,id1,dist): 63 79 4.888299393884405
list:
dist: 4.888299393884405 vs. 4.888299393884405
--------
nle(id0,id1,dist): 63 82 4.419413833793069
list:
dist: 4.419413833793069 vs. 4.419413833793069
--------
nle(id0,id1,dist): 63 83 2.80973557130335
list:
dist: 2.80973557130335 vs. 2.80973557130335
--------
nle(id0,id1,dist): 63 65 1.3624211192721225
list:
dist: 1.3624211192721225 vs. 1.3624211192721225
--------
nle(id0,id1,dist): 63 64 1.5777165765637051
list:
dist: 1.5777165765637051 vs. 1.5777165765637051
--------
nle(id0,id1,dist): 63 69 3.573491887102408
list:
dist: 3.573491887102408 vs. 3.573491887102408
--------
nle(id0,id1,dist): 63 68 4.930548913954385
list:
dist: 4.930548913954385 vs. 4.930548913954385
--------
nle(id0,id1,dist): 63 67 1.6231483455351248
list:
dist: 1.6231483455351248 vs. 1.6231483455351248
--------
nle(id0,id1,dist): 63 66 1.5650349876837428
list:
dist: 1.5650349876837428 vs. 1.5650349876837428
--------
nle(id0,id1,dist): 59 71 4.414435340412745
list:
dist: 4.414435340412745 vs. 4.414435340412745
--------
nle(id0,id1,dist): 59 69 3.2352743850874393
list:
dist: 3.2352743850874393 vs. 3.2352743850874393
--------
nle(id0,id1,dist): 59 68 2.194743679808598
list:
dist: 2.194743679808598 vs. 2.194743679808598
--------
nle(id0,id1,dist): 61 62 3.320626865792719
list:
dist: 3.320626865792719 vs. 3.320626865792719
--------
nle(id0,id1,dist): 60 85 2.5661763180208417
list:
dist: 2.5661763180208417 vs. 2.5661763180208417
--------
nle(id0,id1,dist): 60 77 2.442168351108347
list:
dist: 2.442168351108347 vs. 2.442168351108347
--------
nle(id0,id1,dist): 60 80 3.9745528529390604
list:
dist: 3.9745528529390604 vs. 3.9745528529390604
--------
nle(id0,id1,dist): 59 119 3.842573076956653
list:
dist: 3.842573076956653 vs. 3.842573076956653
--------
nle(id0,id1,dist): 60 82 3.284406338150114
list:
dist: 3.284406338150114 vs. 3.284406338150114
--------
nle(id0,id1,dist): 60 83 3.7625558142829862
list:
dist: 3.7625558142829862 vs. 3.7625558142829862
--------
nle(id0,id1,dist): 60 69 3.972999010917286
list:
dist: 3.972999010917286 vs. 3.972999010917286
--------
nle(id0,id1,dist): 60 70 1.887970230855412
list:
dist: 1.887970230855412 vs. 1.887970230855412
--------
nle(id0,id1,dist): 60 71 2.277062833765203
list:
dist: 2.277062833765203 vs. 2.277062833765203
--------
nle(id0,id1,dist): 60 72 1.9514829589777294
list:
dist: 1.9514829589777294 vs. 1.9514829589777294
--------
nle(id0,id1,dist): 60 73 2.5430932965043413
list:
dist: 2.5430932965043413 vs. 2.5430932965043413
--------
nle(id0,id1,dist): 60 76 3.672947736750562
list:
dist: 3.672947736750562 vs. 3.672947736750562
--------
nle(id0,id1,dist): 60 64 3.375249532783581
list:
dist: 3.375249532783581 vs. 3.375249532783581
--------
nle(id0,id1,dist): 60 63 2.187521037901248
list:
dist: 2.187521037901248 vs. 2.187521037901248
--------
nle(id0,id1,dist): 60 62 1.6783736059530014
list:
dist: 1.6783736059530014 vs. 1.6783736059530014
--------
nle(id0,id1,dist): 60 61 1.8814489532584042
list:
dist: 1.8814489532584042 vs. 1.8814489532584042
--------
nle(id0,id1,dist): 60 67 3.0140958962287474
list:
dist: 3.0140958962287474 vs. 3.0140958962287474
--------
nle(id0,id1,dist): 60 66 2.9495323664623982
list:
dist: 2.9495323664623982 vs. 2.9495323664623982
--------
nle(id0,id1,dist): 60 65 1.8466676376935567
list:
dist: 1.8466676376935567 vs. 1.8466676376935567
--------
nle(id0,id1,dist): 59 84 2.1869477222675258
list:
dist: 2.1869477222675258 vs. 2.1869477222675258
--------
nle(id0,id1,dist): 59 82 4.3904318398490165
list:
dist: 4.3904318398490165 vs. 4.3904318398490165
--------
nle(id0,id1,dist): 59 88 2.549996203686661
list:
dist: 2.549996203686661 vs. 2.549996203686661
--------
nle(id0,id1,dist): 59 89 3.921511181265854
list:
dist: 3.921511181265854 vs. 3.921511181265854
--------
nle(id0,id1,dist): 59 86 1.5525494292235373
list:
dist: 1.5525494292235373 vs. 1.5525494292235373
--------
nle(id0,id1,dist): 59 87 1.918947721851406
list:
dist: 1.918947721851406 vs. 1.918947721851406
--------
nle(id0,id1,dist): 59 76 3.48190709139683
list:
dist: 3.48190709139683 vs. 3.48190709139683
--------
nle(id0,id1,dist): 59 77 4.627952671670022
list:
dist: 4.627952671670022 vs. 4.627952671670022
--------
nle(id0,id1,dist): 59 78 3.374269452574775
list:
dist: 3.374269452574775 vs. 3.374269452574775
--------
nle(id0,id1,dist): 59 79 2.9134610979337805
list:
dist: 2.9134610979337805 vs. 2.9134610979337805
--------
nle(id0,id1,dist): 69 71 1.9491463580478785
list:
dist: 1.9491463580478785 vs. 1.9491463580478785
--------
nle(id0,id1,dist): 69 70 2.3095685959381234
list:
dist: 2.3095685959381234 vs. 2.3095685959381234
--------
nle(id0,id1,dist): 69 78 1.7872126776598611
list:
dist: 1.7872126776598611 vs. 1.7872126776598611
--------
nle(id0,id1,dist): 69 79 1.9333673603039208
list:
dist: 1.9333673603039208 vs. 1.9333673603039208
--------
nle(id0,id1,dist): 69 76 1.3097346716533966
list:
dist: 1.3097346716533966 vs. 1.3097346716533966
--------
nle(id0,id1,dist): 69 77 2.9516739322439904
list:
dist: 2.9516739322439904 vs. 2.9516739322439904
--------
nle(id0,id1,dist): 69 74 2.5723434669119465
list:
dist: 2.5723434669119465 vs. 2.5723434669119465
--------
nle(id0,id1,dist): 69 72 2.9859339760703607
list:
dist: 2.9859339760703607 vs. 2.9859339760703607
--------
nle(id0,id1,dist): 69 73 2.337624787230906
list:
dist: 2.337624787230906 vs. 2.337624787230906
--------
nle(id0,id1,dist): 69 86 2.4705564831189855
list:
dist: 2.4705564831189855 vs. 2.4705564831189855
--------
nle(id0,id1,dist): 69 87 2.6066504642776027
list:
dist: 2.6066504642776027 vs. 2.6066504642776027
--------
nle(id0,id1,dist): 69 84 2.6490925333403075
list:
dist: 2.6490925333403075 vs. 2.6490925333403075
--------
nle(id0,id1,dist): 69 82 3.484395783208307
list:
dist: 3.484395783208307 vs. 3.484395783208307
--------
nle(id0,id1,dist): 69 83 1.2520601351182294
list:
dist: 1.2520601351182294 vs. 1.2520601351182294
--------
nle(id0,id1,dist): 69 80 2.3939355689506097
list:
dist: 2.3939355689506097 vs. 2.3939355689506097
--------
nle(id0,id1,dist): 68 74 3.09883494992668
list:
dist: 3.09883494992668 vs. 3.09883494992668
--------
nle(id0,id1,dist): 68 73 3.6770875628976016
list:
dist: 3.6770875628976016 vs. 3.6770875628976016
--------
nle(id0,id1,dist): 68 76 2.028307650116074
list:
dist: 2.028307650116074 vs. 2.028307650116074
--------
nle(id0,id1,dist): 68 70 3.7678684331152135
list:
dist: 3.7678684331152135 vs. 3.7678684331152135
--------
nle(id0,id1,dist): 68 69 1.5589848402307271
list:
dist: 1.5589848402307271 vs. 1.5589848402307271
--------
nle(id0,id1,dist): 68 83 2.486197004591862
list:
dist: 2.486197004591862 vs. 2.486197004591862
--------
nle(id0,id1,dist): 68 84 1.8519054521990115
list:
dist: 1.8519054521990115 vs. 1.8519054521990115
--------
nle(id0,id1,dist): 68 78 1.3153380474332468
list:
dist: 1.3153380474332468 vs. 1.3153380474332468
--------
nle(id0,id1,dist): 68 79 0.8673653638798164
list:
dist: 0.8673653638798164 vs. 0.8673653638798164
--------
nle(id0,id1,dist): 68 80 2.7113237868270326
list:
dist: 2.7113237868270326 vs. 2.7113237868270326
--------
nle(id0,id1,dist): 68 86 1.7321431874912645
list:
dist: 1.7321431874912645 vs. 1.7321431874912645
--------
nle(id0,id1,dist): 68 87 2.1336426643696353
list:
dist: 2.1336426643696353 vs. 2.1336426643696353
--------
nle(id0,id1,dist): 70 83 1.9475780639092262
list:
dist: 1.9475780639092262 vs. 1.9475780639092262
--------
nle(id0,id1,dist): 71 72 1.2441780103492348
list:
dist: 1.2441780103492348 vs. 1.2441780103492348
--------
nle(id0,id1,dist): 71 73 1.7653417172387391
list:
dist: 1.7653417172387391 vs. 1.7653417172387391
--------
nle(id0,id1,dist): 71 76 1.4505633162395153
list:
dist: 1.4505633162395153 vs. 1.4505633162395153
--------
nle(id0,id1,dist): 71 77 1.2459024403652337
list:
dist: 1.2459024403652337 vs. 1.2459024403652337
--------
nle(id0,id1,dist): 69 89 4.103208978741522
list:
dist: 4.103208978741522 vs. 4.103208978741522
--------
nle(id0,id1,dist): 70 71 1.182013851682928
list:
dist: 1.182013851682928 vs. 1.182013851682928
--------
nle(id0,id1,dist): 70 72 1.40689123362
list:
dist: 1.40689123362 vs. 1.40689123362
--------
nle(id0,id1,dist): 70 73 0.8201771679610782
list:
dist: 0.8201771679610782 vs. 0.8201771679610782
--------
nle(id0,id1,dist): 70 74 3.252868942770935
list:
dist: 3.252868942770935 vs. 3.252868942770935
--------
nle(id0,id1,dist): 70 76 2.1427868943420445
list:
dist: 2.1427868943420445 vs. 2.1427868943420445
--------
nle(id0,id1,dist): 70 77 2.2390330603545205
list:
dist: 2.2390330603545205 vs. 2.2390330603545205
--------
nle(id0,id1,dist): 70 78 3.7538449800183797
list:
dist: 3.7538449800183797 vs. 3.7538449800183797
--------
nle(id0,id1,dist): 70 79 3.937210449090325
list:
dist: 3.937210449090325 vs. 3.937210449090325
--------
nle(id0,id1,dist): 70 80 2.7947497642880523
list:
dist: 2.7947497642880523 vs. 2.7947497642880523
--------
nle(id0,id1,dist): 70 82 3.216507964350749
list:
dist: 3.216507964350749 vs. 3.216507964350749
--------
nle(id0,id1,dist): 65 83 3.0325221882212396
list:
dist: 3.0325221882212396 vs. 3.0325221882212396
--------
nle(id0,id1,dist): 66 70 1.5290656671466285
list:
dist: 1.5290656671466285 vs. 1.5290656671466285
--------
nle(id0,id1,dist): 66 69 2.6723601379607254
list:
dist: 2.6723601379607254 vs. 2.6723601379607254
--------
nle(id0,id1,dist): 66 68 4.050397071149187
list:
dist: 4.050397071149187 vs. 4.050397071149187
--------
nle(id0,id1,dist): 66 67 1.4359606581537305
list:
dist: 1.4359606581537305 vs. 1.4359606581537305
--------
nle(id0,id1,dist): 64 83 1.834736438037941
list:
dist: 1.834736438037941 vs. 1.834736438037941
--------
nle(id0,id1,dist): 65 73 1.9451538456962352
list:
dist: 1.9451538456962352 vs. 1.9451538456962352
--------
nle(id0,id1,dist): 65 70 1.7834968510467701
list:
dist: 1.7834968510467701 vs. 1.7834968510467701
--------
nle(id0,id1,dist): 65 67 1.2010492744546268
list:
dist: 1.2010492744546268 vs. 1.2010492744546268
--------
nle(id0,id1,dist): 65 66 1.6388219835185458
list:
dist: 1.6388219835185458 vs. 1.6388219835185458
--------
nle(id0,id1,dist): 67 74 3.436290584138879
list:
dist: 3.436290584138879 vs. 3.436290584138879
--------
nle(id0,id1,dist): 67 73 2.1855068806945552
list:
dist: 2.1855068806945552 vs. 2.1855068806945552
--------
nle(id0,id1,dist): 67 70 2.4458305452326106
list:
dist: 2.4458305452326106 vs. 2.4458305452326106
--------
nle(id0,id1,dist): 67 83 3.0247828077100407
list:
dist: 3.0247828077100407 vs. 3.0247828077100407
--------
nle(id0,id1,dist): 66 79 3.988231203946895
list:
dist: 3.988231203946895 vs. 3.988231203946895
--------
nle(id0,id1,dist): 66 80 3.8881698987153817
list:
dist: 3.8881698987153817 vs. 3.8881698987153817
--------
nle(id0,id1,dist): 66 82 4.691183163005844
list:
dist: 4.691183163005844 vs. 4.691183163005844
--------
nle(id0,id1,dist): 66 83 1.601361075341373
list:
dist: 1.601361075341373 vs. 1.601361075341373
--------
nle(id0,id1,dist): 66 71 2.574428793867951
list:
dist: 2.574428793867951 vs. 2.574428793867951
--------
nle(id0,id1,dist): 66 72 2.8202525963644804
list:
dist: 2.8202525963644804 vs. 2.8202525963644804
--------
nle(id0,id1,dist): 66 73 1.1055677549604253
list:
dist: 1.1055677549604253 vs. 1.1055677549604253
--------
nle(id0,id1,dist): 66 74 2.3111752742460885
list:
dist: 2.3111752742460885 vs. 2.3111752742460885
--------
nle(id0,id1,dist): 66 76 3.0188502225813107
list:
dist: 3.0188502225813107 vs. 3.0188502225813107
--------
nle(id0,id1,dist): 66 77 3.74285491251222
list:
dist: 3.74285491251222 vs. 3.74285491251222
--------
nle(id0,id1,dist): 66 78 3.52040194622252
list:
dist: 3.52040194622252 vs. 3.52040194622252
--------
nle(id0,id1,dist): 48 51 2.4977769860128016
list:
dist: 2.4977769860128016 vs. 2.4977769860128016
--------
nle(id0,id1,dist): 48 52 2.2950867034735967
list:
dist: 2.2950867034735967 vs. 2.2950867034735967
--------
nle(id0,id1,dist): 48 49 1.1454996250876828
list:
dist: 1.1454996250876828 vs. 1.1454996250876828
--------
nle(id0,id1,dist): 48 50 2.1816331566479463
list:
dist: 2.1816331566479463 vs. 2.1816331566479463
--------
nle(id0,id1,dist): 48 55 3.3927752542083023
list:
dist: 3.3927752542083023 vs. 3.3927752542083023
--------
nle(id0,id1,dist): 48 53 3.7387305525887737
list:
dist: 3.7387305525887737 vs. 3.7387305525887737
--------
nle(id0,id1,dist): 48 54 2.4128914912515875
list:
dist: 2.4128914912515875 vs. 2.4128914912515875
--------
nle(id0,id1,dist): 48 57 3.6319964978373727
list:
dist: 3.6319964978373727 vs. 3.6319964978373727
--------
nle(id0,id1,dist): 49 50 1.9220160469404217
list:
dist: 1.9220160469404217 vs. 1.9220160469404217
--------
nle(id0,id1,dist): 49 51 3.2272433960770557
list:
dist: 3.2272433960770557 vs. 3.2272433960770557
--------
nle(id0,id1,dist): 49 52 3.181269327295873
list:
dist: 3.181269327295873 vs. 3.181269327295873
--------
nle(id0,id1,dist): 49 53 3.1886620325401935
list:
dist: 3.1886620325401935 vs. 3.1886620325401935
--------
nle(id0,id1,dist): 49 54 2.4735996632522164
list:
dist: 2.4735996632522164 vs. 2.4735996632522164
--------
nle(id0,id1,dist): 49 55 3.7981524939042304
list:
dist: 3.7981524939042304 vs. 3.7981524939042304
--------
nle(id0,id1,dist): 49 57 3.1396032546443786
list:
dist: 3.1396032546443786 vs. 3.1396032546443786
--------
nle(id0,id1,dist): 50 53 1.6158911926098616
list:
dist: 1.6158911926098616 vs. 1.6158911926098616
--------
nle(id0,id1,dist): 50 54 1.4721524958595698
list:
dist: 1.4721524958595698 vs. 1.4721524958595698
--------
nle(id0,id1,dist): 50 51 3.7726155452502788
list:
dist: 3.7726155452502788 vs. 3.7726155452502788
--------
nle(id0,id1,dist): 50 52 2.848609630594686
list:
dist: 2.848609630594686 vs. 2.848609630594686
--------
nle(id0,id1,dist): 50 55 2.2477260952233156
list:
dist: 2.2477260952233156 vs. 2.2477260952233156
--------
nle(id0,id1,dist): 50 57 1.5368746734543075
list:
dist: 1.5368746734543075 vs. 1.5368746734543075
--------
nle(id0,id1,dist): 44 55 3.430647792159475
list:
dist: 3.430647792159475 vs. 3.430647792159475
--------
nle(id0,id1,dist): 44 53 3.272824208115676
list:
dist: 3.272824208115676 vs. 3.272824208115676
--------
nle(id0,id1,dist): 44 54 1.649859306797597
list:
dist: 1.649859306797597 vs. 1.649859306797597
--------
nle(id0,id1,dist): 44 57 3.46815281064581
list:
dist: 3.46815281064581 vs. 3.46815281064581
--------
nle(id0,id1,dist): 45 73 2.882695107244709
list:
dist: 2.882695107244709 vs. 2.882695107244709
--------
nle(id0,id1,dist): 45 74 3.3188856660782258
list:
dist: 3.3188856660782258 vs. 3.3188856660782258
--------
nle(id0,id1,dist): 45 65 2.3544735593328876
list:
dist: 2.3544735593328876 vs. 2.3544735593328876
--------
nle(id0,id1,dist): 45 64 1.7769280521207107
list:
dist: 1.7769280521207107 vs. 1.7769280521207107
--------
nle(id0,id1,dist): 45 67 1.1569279979554625
list:
dist: 1.1569279979554625 vs. 1.1569279979554625
--------
nle(id0,id1,dist): 45 66 2.0574212827242695
list:
dist: 2.0574212827242695 vs. 2.0574212827242695
--------
nle(id0,id1,dist): 45 70 3.3635905008397904
list:
dist: 3.3635905008397904 vs. 3.3635905008397904
--------
nle(id0,id1,dist): 45 60 4.136530398073783
list:
dist: 4.136530398073783 vs. 4.136530398073783
--------
nle(id0,id1,dist): 45 62 3.2575362131474743
list:
dist: 3.2575362131474743 vs. 3.2575362131474743
--------
nle(id0,id1,dist): 45 63 2.4125023973930926
list:
dist: 2.4125023973930926 vs. 2.4125023973930926
--------
nle(id0,id1,dist): 46 55 2.890648560041058
list:
dist: 2.890648560041058 vs. 2.890648560041058
--------
nle(id0,id1,dist): 46 56 0.6096639230749842
list:
dist: 0.6096639230749842 vs. 0.6096639230749842
--------
nle(id0,id1,dist): 46 51 2.392792161889935
list:
dist: 2.392792161889935 vs. 2.392792161889935
--------
nle(id0,id1,dist): 46 52 1.193536506851759
list:
dist: 1.193536506851759 vs. 1.193536506851759
--------
nle(id0,id1,dist): 46 47 3.50528090087325
list:
dist: 3.50528090087325 vs. 3.50528090087325
--------
nle(id0,id1,dist): 45 83 3.462758412632791
list:
dist: 3.462758412632791 vs. 3.462758412632791
--------
nle(id0,id1,dist): 47 56 3.635356779190506
list:
dist: 3.635356779190506 vs. 3.635356779190506
--------
nle(id0,id1,dist): 47 50 3.49681734265185
list:
dist: 3.49681734265185 vs. 3.49681734265185
--------
nle(id0,id1,dist): 47 51 2.090754063668466
list:
dist: 2.090754063668466 vs. 2.090754063668466
--------
nle(id0,id1,dist): 47 52 2.8055916784128025
list:
dist: 2.8055916784128025 vs. 2.8055916784128025
--------
nle(id0,id1,dist): 47 48 1.383921912197684
list:
dist: 1.383921912197684 vs. 1.383921912197684
--------
nle(id0,id1,dist): 47 49 2.0691523106089975
list:
dist: 2.0691523106089975 vs. 2.0691523106089975
--------
nle(id0,id1,dist): 55 56 2.2931532734059608
list:
dist: 2.2931532734059608 vs. 2.2931532734059608
--------
nle(id0,id1,dist): 51 52 1.8885322991071671
list:
dist: 1.8885322991071671 vs. 1.8885322991071671
--------
nle(id0,id1,dist): 51 54 2.8309896141445785
list:
dist: 2.8309896141445785 vs. 2.8309896141445785
--------
nle(id0,id1,dist): 51 56 2.6312471410692293
list:
dist: 2.6312471410692293 vs. 2.6312471410692293
--------
nle(id0,id1,dist): 52 55 2.252135737525552
list:
dist: 2.252135737525552 vs. 2.252135737525552
--------
nle(id0,id1,dist): 52 56 1.0004835945284198
list:
dist: 1.0004835945284198 vs. 1.0004835945284198
--------
nle(id0,id1,dist): 52 54 2.1040241862689344
list:
dist: 2.1040241862689344 vs. 2.1040241862689344
--------
nle(id0,id1,dist): 53 54 2.3926939918153987
list:
dist: 2.3926939918153987 vs. 2.3926939918153987
--------
nle(id0,id1,dist): 53 57 0.7178858624391152
list:
dist: 0.7178858624391152 vs. 0.7178858624391152
--------
nle(id0,id1,dist): 54 57 2.6606924984832556
list:
dist: 2.6606924984832556 vs. 2.6606924984832556
--------
nle(id0,id1,dist): 54 55 2.0289156572156206
list:
dist: 2.0289156572156206 vs. 2.0289156572156206
--------
nle(id0,id1,dist): 93 112 2.049905294599149
list:
dist: 2.049905294599149 vs. 2.049905294599149
--------
nle(id0,id1,dist): 93 115 2.226345748237737
list:
dist: 2.226345748237737 vs. 2.226345748237737
--------
nle(id0,id1,dist): 93 117 3.121919260780483
list:
dist: 3.121919260780483 vs. 3.121919260780483
--------
nle(id0,id1,dist): 93 118 2.841067929957989
list:
dist: 2.841067929957989 vs. 2.841067929957989
--------
nle(id0,id1,dist): 93 119 3.51069200266411
list:
dist: 3.51069200266411 vs. 3.51069200266411
--------
nle(id0,id1,dist): 93 97 2.5221501484717352
list:
dist: 2.5221501484717352 vs. 2.5221501484717352
--------
nle(id0,id1,dist): 93 99 2.295967102109492
list:
dist: 2.295967102109492 vs. 2.295967102109492
--------
nle(id0,id1,dist): 93 101 2.050138100636846
list:
dist: 2.050138100636846 vs. 2.050138100636846
--------
nle(id0,id1,dist): 93 100 2.9941537854049773
list:
dist: 2.9941537854049773 vs. 2.9941537854049773
--------
nle(id0,id1,dist): 93 102 0.9155506603882255
list:
dist: 0.9155506603882255 vs. 0.9155506603882255
--------
nle(id0,id1,dist): 93 104 0.8743537087186084
list:
dist: 0.8743537087186084 vs. 0.8743537087186084
--------
nle(id0,id1,dist): 93 107 2.6547233293922203
list:
dist: 2.6547233293922203 vs. 2.6547233293922203
--------
nle(id0,id1,dist): 93 106 2.496790785322865
list:
dist: 2.496790785322865 vs. 2.496790785322865
--------
nle(id0,id1,dist): 93 108 2.586257325526687
list:
dist: 2.586257325526687 vs. 2.586257325526687
--------
nle(id0,id1,dist): 94 109 5.049578029171677
list:
dist: 5.049578029171677 vs. 5.049578029171677
--------
nle(id0,id1,dist): 94 110 4.370056732695856
list:
dist: 4.370056732695856 vs. 4.370056732695856
--------
nle(id0,id1,dist): 94 107 2.7464874668407573
list:
dist: 2.7464874668407573 vs. 2.7464874668407573
--------
nle(id0,id1,dist): 94 108 1.8089972263638217
list:
dist: 1.8089972263638217 vs. 1.8089972263638217
--------
nle(id0,id1,dist): 94 113 4.184024000520986
list:
dist: 4.184024000520986 vs. 4.184024000520986
--------
nle(id0,id1,dist): 94 114 3.1949985247642245
list:
dist: 3.1949985247642245 vs. 3.1949985247642245
--------
nle(id0,id1,dist): 94 111 1.9730442784893634
list:
dist: 1.9730442784893634 vs. 1.9730442784893634
--------
nle(id0,id1,dist): 94 112 1.6808244716997904
list:
dist: 1.6808244716997904 vs. 1.6808244716997904
--------
nle(id0,id1,dist): 94 117 3.94673762883395
list:
dist: 3.94673762883395 vs. 3.94673762883395
--------
nle(id0,id1,dist): 94 118 1.689744830013412
list:
dist: 1.689744830013412 vs. 1.689744830013412
--------
nle(id0,id1,dist): 94 115 0.9984194894469617
list:
dist: 0.9984194894469617 vs. 0.9984194894469617
--------
nle(id0,id1,dist): 94 116 3.7032106827971885
list:
dist: 3.7032106827971885 vs. 3.7032106827971885
--------
nle(id0,id1,dist): 94 119 3.0648324783029697
list:
dist: 3.0648324783029697 vs. 3.0648324783029697
--------
nle(id0,id1,dist): 94 98 1.9879853378233534
list:
dist: 1.9879853378233534 vs. 1.9879853378233534
--------
nle(id0,id1,dist): 94 97 2.5045503139535743
list:
dist: 2.5045503139535743 vs. 2.5045503139535743
--------
nle(id0,id1,dist): 94 95 1.257406940546145
list:
dist: 1.257406940546145 vs. 1.257406940546145
--------
nle(id0,id1,dist): 94 102 1.1042658231163103
list:
dist: 1.1042658231163103 vs. 1.1042658231163103
--------
nle(id0,id1,dist): 94 101 2.4700874432865088
list:
dist: 2.4700874432865088 vs. 2.4700874432865088
--------
nle(id0,id1,dist): 94 100 3.2764367190917834
list:
dist: 3.2764367190917834 vs. 3.2764367190917834
--------
nle(id0,id1,dist): 94 99 2.7469927480428913
list:
dist: 2.7469927480428913 vs. 2.7469927480428913
--------
nle(id0,id1,dist): 94 105 3.052993126198328
list:
dist: 3.052993126198328 vs. 3.052993126198328
--------
nle(id0,id1,dist): 94 104 2.1007402592963147
list:
dist: 2.1007402592963147 vs. 2.1007402592963147
--------
nle(id0,id1,dist): 92 98 2.1493717800963017
list:
dist: 2.1493717800963017 vs. 2.1493717800963017
--------
nle(id0,id1,dist): 92 99 3.326309738444221
list:
dist: 3.326309738444221 vs. 3.326309738444221
--------
nle(id0,id1,dist): 92 100 2.6892106211272147
list:
dist: 2.6892106211272147 vs. 2.6892106211272147
--------
nle(id0,id1,dist): 92 93 2.3025071300844813
list:
dist: 2.3025071300844813 vs. 2.3025071300844813
--------
nle(id0,id1,dist): 92 94 1.3470249767584588
list:
dist: 1.3470249767584588 vs. 1.3470249767584588
--------
nle(id0,id1,dist): 92 95 2.3238720621278235
list:
dist: 2.3238720621278235 vs. 2.3238720621278235
--------
nle(id0,id1,dist): 91 112 2.0298852437941264
list:
dist: 2.0298852437941264 vs. 2.0298852437941264
--------
nle(id0,id1,dist): 91 107 2.6206337057946087
list:
dist: 2.6206337057946087 vs. 2.6206337057946087
--------
nle(id0,id1,dist): 91 106 3.131425424160861
list:
dist: 3.131425424160861 vs. 3.131425424160861
--------
nle(id0,id1,dist): 91 108 2.4250898252285165
list:
dist: 2.4250898252285165 vs. 2.4250898252285165
--------
nle(id0,id1,dist): 91 119 3.3773246587042305
list:
dist: 3.3773246587042305 vs. 3.3773246587042305
--------
nle(id0,id1,dist): 91 118 2.42501765191653
list:
dist: 2.42501765191653 vs. 2.42501765191653
--------
nle(id0,id1,dist): 91 115 1.8081899310081895
list:
dist: 1.8081899310081895 vs. 1.8081899310081895
--------
nle(id0,id1,dist): 91 117 3.5111048284930773
list:
dist: 3.5111048284930773 vs. 3.5111048284930773
--------
nle(id0,id1,dist): 92 118 2.5988334080661866
list:
dist: 2.5988334080661866 vs. 2.5988334080661866
--------
nle(id0,id1,dist): 93 94 1.9538371590871861
list:
dist: 1.9538371590871861 vs. 1.9538371590871861
--------
nle(id0,id1,dist): 93 95 1.9743093268503265
list:
dist: 1.9743093268503265 vs. 1.9743093268503265
--------
nle(id0,id1,dist): 92 108 2.158437927105692
list:
dist: 2.158437927105692 vs. 2.158437927105692
--------
nle(id0,id1,dist): 92 104 2.8177235693462537
list:
dist: 2.8177235693462537 vs. 2.8177235693462537
--------
nle(id0,id1,dist): 92 103 2.156162448438073
list:
dist: 2.156162448438073 vs. 2.156162448438073
--------
nle(id0,id1,dist): 92 102 1.8786624533819976
list:
dist: 1.8786624533819976 vs. 1.8786624533819976
--------
nle(id0,id1,dist): 92 101 2.7777720701299438
list:
dist: 2.7777720701299438 vs. 2.7777720701299438
--------
nle(id0,id1,dist): 92 115 1.3389046736585586
list:
dist: 1.3389046736585586 vs. 1.3389046736585586
--------
nle(id0,id1,dist): 92 114 3.7804011856639925
list:
dist: 3.7804011856639925 vs. 3.7804011856639925
--------
nle(id0,id1,dist): 92 112 1.3712715269897877
list:
dist: 1.3712715269897877 vs. 1.3712715269897877
--------
nle(id0,id1,dist): 92 111 2.4934169991792405
list:
dist: 2.4934169991792405 vs. 2.4934169991792405
--------
nle(id0,id1,dist): 97 101 2.2878770975234213
list:
dist: 2.2878770975234213 vs. 2.2878770975234213
--------
nle(id0,id1,dist): 97 102 2.1192549569376675
list:
dist: 2.1192549569376675 vs. 2.1192549569376675
--------
nle(id0,id1,dist): 97 105 1.8056174191044378
list:
dist: 1.8056174191044378 vs. 1.8056174191044378
--------
nle(id0,id1,dist): 97 104 2.2067036037098626
list:
dist: 2.2067036037098626 vs. 2.2067036037098626
--------
nle(id0,id1,dist): 97 107 0.29751115687920593
list:
dist: 0.29751115687920593 vs. 0.29751115687920593
--------
nle(id0,id1,dist): 97 106 2.844093789982722
list:
dist: 2.844093789982722 vs. 2.844093789982722
--------
nle(id0,id1,dist): 97 99 1.8010459508802625
list:
dist: 1.8010459508802625 vs. 1.8010459508802625
--------
nle(id0,id1,dist): 97 98 3.0252086006953283
list:
dist: 3.0252086006953283 vs. 3.0252086006953283
--------
nle(id0,id1,dist): 98 101 2.061931781703986
list:
dist: 2.061931781703986 vs. 2.061931781703986
--------
nle(id0,id1,dist): 98 99 2.42922396248879
list:
dist: 2.42922396248879 vs. 2.42922396248879
--------
nle(id0,id1,dist): 97 118 1.8883089681859195
list:
dist: 1.8883089681859195 vs. 1.8883089681859195
--------
nle(id0,id1,dist): 97 119 1.4115590358869217
list:
dist: 1.4115590358869217 vs. 1.4115590358869217
--------
nle(id0,id1,dist): 97 116 2.023275871375978
list:
dist: 2.023275871375978 vs. 2.023275871375978
--------
nle(id0,id1,dist): 97 117 1.7527196270403336
list:
dist: 1.7527196270403336 vs. 1.7527196270403336
--------
nle(id0,id1,dist): 97 110 2.668587111372109
list:
dist: 2.668587111372109 vs. 2.668587111372109
--------
nle(id0,id1,dist): 97 111 2.195700143863659
list:
dist: 2.195700143863659 vs. 2.195700143863659
--------
nle(id0,id1,dist): 97 108 2.4719029916575166
list:
dist: 2.4719029916575166 vs. 2.4719029916575166
--------
nle(id0,id1,dist): 97 109 3.1138688275206747
list:
dist: 3.1138688275206747 vs. 3.1138688275206747
--------
nle(id0,id1,dist): 97 114 2.3150057450989503
list:
dist: 2.3150057450989503 vs. 2.3150057450989503
--------
nle(id0,id1,dist): 97 115 2.6310106479530653
list:
dist: 2.6310106479530653 vs. 2.6310106479530653
--------
nle(id0,id1,dist): 97 113 2.0315493256975388
list:
dist: 2.0315493256975388 vs. 2.0315493256975388
--------
nle(id0,id1,dist): 95 115 1.2253445020777398
list:
dist: 1.2253445020777398 vs. 1.2253445020777398
--------
nle(id0,id1,dist): 95 114 2.1161495709752502
list:
dist: 2.1161495709752502 vs. 2.1161495709752502
--------
nle(id0,id1,dist): 95 117 2.841366945292452
list:
dist: 2.841366945292452 vs. 2.841366945292452
--------
nle(id0,id1,dist): 95 116 2.4839472023490257
list:
dist: 2.4839472023490257 vs. 2.4839472023490257
--------
nle(id0,id1,dist): 95 111 1.2038356855954617
list:
dist: 1.2038356855954617 vs. 1.2038356855954617
--------
nle(id0,id1,dist): 95 110 3.1551480324446004
list:
dist: 3.1551480324446004 vs. 3.1551480324446004
--------
nle(id0,id1,dist): 95 113 2.9327102736654798
list:
dist: 2.9327102736654798 vs. 2.9327102736654798
--------
nle(id0,id1,dist): 95 112 1.796960612738705
list:
dist: 1.796960612738705 vs. 1.796960612738705
--------
nle(id0,id1,dist): 95 107 1.6015956432401883
list:
dist: 1.6015956432401883 vs. 1.6015956432401883
--------
nle(id0,id1,dist): 95 109 3.825327134249075
list:
dist: 3.825327134249075 vs. 3.825327134249075
--------
nle(id0,id1,dist): 95 108 1.307343524364533
list:
dist: 1.307343524364533 vs. 1.307343524364533
--------
nle(id0,id1,dist): 95 102 1.2878033282126098
list:
dist: 1.2878033282126098 vs. 1.2878033282126098
--------
nle(id0,id1,dist): 95 105 1.8657009588141247
list:
dist: 1.8657009588141247 vs. 1.8657009588141247
--------
nle(id0,id1,dist): 95 104 2.0396911917013707
list:
dist: 2.0396911917013707 vs. 2.0396911917013707
--------
nle(id0,id1,dist): 95 98 1.802473416952147
list:
dist: 1.802473416952147 vs. 1.802473416952147
--------
nle(id0,id1,dist): 95 99 1.6964055567958662
list:
dist: 1.6964055567958662 vs. 1.6964055567958662
--------
nle(id0,id1,dist): 95 100 4.275181189645412
list:
dist: 4.275181189645412 vs. 4.275181189645412
--------
nle(id0,id1,dist): 95 101 1.6973946405337386
list:
dist: 1.6973946405337386 vs. 1.6973946405337386
--------
nle(id0,id1,dist): 95 97 1.411569619357475
list:
dist: 1.411569619357475 vs. 1.411569619357475
--------
nle(id0,id1,dist): 95 118 0.9254830763632566
list:
dist: 0.9254830763632566 vs. 0.9254830763632566
--------
nle(id0,id1,dist): 95 119 1.866572497669118
list:
dist: 1.866572497669118 vs. 1.866572497669118
--------
nle(id0,id1,dist): 87 88 1.5942389149656635
list:
dist: 1.5942389149656635 vs. 1.5942389149656635
--------
nle(id0,id1,dist): 87 89 2.4883832214719894
list:
dist: 2.4883832214719894 vs. 2.4883832214719894
--------
nle(id0,id1,dist): 85 89 2.200282117491419
list:
dist: 2.200282117491419 vs. 2.200282117491419
--------
nle(id0,id1,dist): 86 87 0.5111278166211142
list:
dist: 0.5111278166211142 vs. 0.5111278166211142
--------
nle(id0,id1,dist): 86 88 1.6793434899839352
list:
dist: 1.6793434899839352 vs. 1.6793434899839352
--------
nle(id0,id1,dist): 86 89 2.9764814906978883
list:
dist: 2.9764814906978883 vs. 2.9764814906978883
--------
nle(id0,id1,dist): 91 99 2.652019759140087
list:
dist: 2.652019759140087 vs. 2.652019759140087
--------
nle(id0,id1,dist): 91 101 2.430811161793574
list:
dist: 2.430811161793574 vs. 2.430811161793574
--------
nle(id0,id1,dist): 91 100 2.7947001314765374
list:
dist: 2.7947001314765374 vs. 2.7947001314765374
--------
nle(id0,id1,dist): 91 102 0.3748479988494151
list:
dist: 0.3748479988494151 vs. 0.3748479988494151
--------
nle(id0,id1,dist): 91 104 1.0320804184004804
list:
dist: 1.0320804184004804 vs. 1.0320804184004804
--------
nle(id0,id1,dist): 91 93 0.9893238190731616
list:
dist: 0.9893238190731616 vs. 0.9893238190731616
--------
nle(id0,id1,dist): 91 92 1.8449371272028252
list:
dist: 1.8449371272028252 vs. 1.8449371272028252
--------
nle(id0,id1,dist): 91 95 1.6042170407530996
list:
dist: 1.6042170407530996 vs. 1.6042170407530996
--------
nle(id0,id1,dist): 91 94 1.1513119651876547
list:
dist: 1.1513119651876547 vs. 1.1513119651876547
--------
nle(id0,id1,dist): 91 97 2.3985692470157693
list:
dist: 2.3985692470157693 vs. 2.3985692470157693
--------
nle(id0,id1,dist): 88 89 3.2095023172193557
list:
dist: 3.2095023172193557 vs. 3.2095023172193557
--------
nle(id0,id1,dist): 81 91 2.913178484446322
list:
dist: 2.913178484446322 vs. 2.913178484446322
--------
nle(id0,id1,dist): 80 86 2.207240581152837
list:
dist: 2.207240581152837 vs. 2.207240581152837
--------
nle(id0,id1,dist): 80 87 1.9621369479769606
list:
dist: 1.9621369479769606 vs. 1.9621369479769606
--------
nle(id0,id1,dist): 80 82 2.3421522305948024
list:
dist: 2.3421522305948024 vs. 2.3421522305948024
--------
nle(id0,id1,dist): 80 83 3.0979393935464135
list:
dist: 3.0979393935464135 vs. 3.0979393935464135
--------
nle(id0,id1,dist): 80 84 1.865012154456686
list:
dist: 1.865012154456686 vs. 1.865012154456686
--------
nle(id0,id1,dist): 80 89 2.879591692041524
list:
dist: 2.879591692041524 vs. 2.879591692041524
--------
nle(id0,id1,dist): 79 86 2.4073832799314636
list:
dist: 2.4073832799314636 vs. 2.4073832799314636
--------
nle(id0,id1,dist): 79 87 2.793059699929531
list:
dist: 2.793059699929531 vs. 2.793059699929531
--------
nle(id0,id1,dist): 79 80 2.976791105983897
list:
dist: 2.976791105983897 vs. 2.976791105983897
--------
nle(id0,id1,dist): 79 84 2.2698641721688952
list:
dist: 2.2698641721688952 vs. 2.2698641721688952
--------
nle(id0,id1,dist): 79 83 2.4638155076423485
list:
dist: 2.4638155076423485 vs. 2.4638155076423485
--------
nle(id0,id1,dist): 78 80 3.464677290671137
list:
dist: 3.464677290671137 vs. 3.464677290671137
--------
nle(id0,id1,dist): 78 79 0.8860741362646073
list:
dist: 0.8860741362646073 vs. 0.8860741362646073
--------
nle(id0,id1,dist): 78 84 3.028127396551599
list:
dist: 3.028127396551599 vs. 3.028127396551599
--------
nle(id0,id1,dist): 78 83 1.9860369432320886
list:
dist: 1.9860369432320886 vs. 1.9860369432320886
--------
nle(id0,id1,dist): 78 86 3.0321342633067223
list:
dist: 3.0321342633067223 vs. 3.0321342633067223
--------
nle(id0,id1,dist): 78 87 3.398809638330872
list:
dist: 3.398809638330872 vs. 3.398809638330872
--------
nle(id0,id1,dist): 84 89 3.2439268988170613
list:
dist: 3.2439268988170613 vs. 3.2439268988170613
--------
nle(id0,id1,dist): 84 87 0.9265550498964605
list:
dist: 0.9265550498964605 vs. 0.9265550498964605
--------
nle(id0,id1,dist): 84 88 1.3920035155537482
list:
dist: 1.3920035155537482 vs. 1.3920035155537482
--------
nle(id0,id1,dist): 84 86 0.8038701351253229
list:
dist: 0.8038701351253229 vs. 0.8038701351253229
--------
nle(id0,id1,dist): 82 89 1.3473145315552866
list:
dist: 1.3473145315552866 vs. 1.3473145315552866
--------
nle(id0,id1,dist): 82 87 2.782604738479047
list:
dist: 2.782604738479047 vs. 2.782604738479047
--------
nle(id0,id1,dist): 81 117 3.1836222972512784
list:
dist: 3.1836222972512784 vs. 3.1836222972512784
--------
nle(id0,id1,dist): 81 116 1.8074755986326547
list:
dist: 1.8074755986326547 vs. 1.8074755986326547
--------
nle(id0,id1,dist): 81 119 1.1450396200059028
list:
dist: 1.1450396200059028 vs. 1.1450396200059028
--------
nle(id0,id1,dist): 81 118 0.6814706051131403
list:
dist: 0.6814706051131403 vs. 0.6814706051131403
--------
nle(id0,id1,dist): 82 84 3.4033726506572792
list:
dist: 3.4033726506572792 vs. 3.4033726506572792
--------
nle(id0,id1,dist): 82 83 4.268064615984115
list:
dist: 4.268064615984115 vs. 4.268064615984115
--------
nle(id0,id1,dist): 82 86 3.229118020069401
list:
dist: 3.229118020069401 vs. 3.229118020069401
--------
nle(id0,id1,dist): 82 85 0.9766586554365235
list:
dist: 0.9766586554365235 vs. 0.9766586554365235
--------
nle(id0,id1,dist): 81 109 3.588445365379185
list:
dist: 3.588445365379185 vs. 3.588445365379185
--------
nle(id0,id1,dist): 81 108 1.63913110968872
list:
dist: 1.63913110968872 vs. 1.63913110968872
--------
nle(id0,id1,dist): 81 111 1.3692643546886751
list:
dist: 1.3692643546886751 vs. 1.3692643546886751
--------
nle(id0,id1,dist): 81 110 2.494841236768488
list:
dist: 2.494841236768488 vs. 2.494841236768488
--------
nle(id0,id1,dist): 81 113 2.4182011452741174
list:
dist: 2.4182011452741174 vs. 2.4182011452741174
--------
nle(id0,id1,dist): 81 112 2.6638525124778902
list:
dist: 2.6638525124778902 vs. 2.6638525124778902
--------
nle(id0,id1,dist): 81 115 1.9805470275980646
list:
dist: 1.9805470275980646 vs. 1.9805470275980646
--------
nle(id0,id1,dist): 81 114 1.7401549328515888
list:
dist: 1.7401549328515888 vs. 1.7401549328515888
--------
nle(id0,id1,dist): 81 100 5.504594818017546
list:
dist: 5.504594818017546 vs. 5.504594818017546
--------
nle(id0,id1,dist): 81 101 2.408711007705546
list:
dist: 2.408711007705546 vs. 2.408711007705546
--------
nle(id0,id1,dist): 81 102 2.625471082530527
list:
dist: 2.625471082530527 vs. 2.625471082530527
--------
nle(id0,id1,dist): 81 104 3.3090042589530935
list:
dist: 3.3090042589530935 vs. 3.3090042589530935
--------
nle(id0,id1,dist): 81 105 1.6236243629333786
list:
dist: 1.6236243629333786 vs. 1.6236243629333786
--------
nle(id0,id1,dist): 81 107 1.8478779224057085
list:
dist: 1.8478779224057085 vs. 1.8478779224057085
--------
nle(id0,id1,dist): 81 92 3.2676719915835237
list:
dist: 3.2676719915835237 vs. 3.2676719915835237
--------
nle(id0,id1,dist): 81 93 3.309907269322014
list:
dist: 3.309907269322014 vs. 3.309907269322014
--------
nle(id0,id1,dist): 81 94 2.2610201787459037
list:
dist: 2.2610201787459037 vs. 2.2610201787459037
--------
nle(id0,id1,dist): 81 95 1.350488155422069
list:
dist: 1.350488155422069 vs. 1.350488155422069
--------
nle(id0,id1,dist): 81 97 1.7526089708050723
list:
dist: 1.7526089708050723 vs. 1.7526089708050723
--------
nle(id0,id1,dist): 81 98 1.8275304961203116
list:
dist: 1.8275304961203116 vs. 1.8275304961203116
--------
nle(id0,id1,dist): 81 99 2.2097302411338133
list:
dist: 2.2097302411338133 vs. 2.2097302411338133
--------
nle(id0,id1,dist): 74 76 3.1982122939596596
list:
dist: 3.1982122939596596 vs. 3.1982122939596596
--------
nle(id0,id1,dist): 74 78 1.9851398717485247
list:
dist: 1.9851398717485247 vs. 1.9851398717485247
--------
nle(id0,id1,dist): 74 83 1.6151287799282135
list:
dist: 1.6151287799282135 vs. 1.6151287799282135
--------
nle(id0,id1,dist): 74 79 2.612908503109307
list:
dist: 2.612908503109307 vs. 2.612908503109307
--------
nle(id0,id1,dist): 74 80 4.126640317605341
list:
dist: 4.126640317605341 vs. 4.126640317605341
--------
nle(id0,id1,dist): 73 74 2.6263226643520445
list:
dist: 2.6263226643520445 vs. 2.6263226643520445
--------
nle(id0,id1,dist): 73 83 1.6467054628754567
list:
dist: 1.6467054628754567 vs. 1.6467054628754567
--------
nle(id0,id1,dist): 73 82 3.8348431566191405
list:
dist: 3.8348431566191405 vs. 3.8348431566191405
--------
nle(id0,id1,dist): 73 80 2.9065874875892104
list:
dist: 2.9065874875892104 vs. 2.9065874875892104
--------
nle(id0,id1,dist): 73 79 3.663188003482282
list:
dist: 3.663188003482282 vs. 3.663188003482282
--------
nle(id0,id1,dist): 73 78 3.4374063102452777
list:
dist: 3.4374063102452777 vs. 3.4374063102452777
--------
nle(id0,id1,dist): 73 77 2.8691283847126905
list:
dist: 2.8691283847126905 vs. 2.8691283847126905
--------
nle(id0,id1,dist): 73 76 2.2063683513455006
list:
dist: 2.2063683513455006 vs. 2.2063683513455006
--------
nle(id0,id1,dist): 72 73 1.8098233640713433
list:
dist: 1.8098233640713433 vs. 1.8098233640713433
--------
nle(id0,id1,dist): 72 76 2.1520655685052206
list:
dist: 2.1520655685052206 vs. 2.1520655685052206
--------
nle(id0,id1,dist): 72 77 1.4756217604211874
list:
dist: 1.4756217604211874 vs. 1.4756217604211874
--------
nle(id0,id1,dist): 72 80 2.1770585413004415
list:
dist: 2.1770585413004415 vs. 2.1770585413004415
--------
nle(id0,id1,dist): 72 82 2.433734407617764
list:
dist: 2.433734407617764 vs. 2.433734407617764
--------
nle(id0,id1,dist): 72 84 3.9499214518814747
list:
dist: 3.9499214518814747 vs. 3.9499214518814747
--------
nle(id0,id1,dist): 72 83 3.0247522514385166
list:
dist: 3.0247522514385166 vs. 3.0247522514385166
--------
nle(id0,id1,dist): 72 86 4.074009875685657
list:
dist: 4.074009875685657 vs. 4.074009875685657
--------
nle(id0,id1,dist): 72 85 2.1585994503654145
list:
dist: 2.1585994503654145 vs. 2.1585994503654145
--------
nle(id0,id1,dist): 72 87 3.815444907674048
list:
dist: 3.815444907674048 vs. 3.815444907674048
--------
nle(id0,id1,dist): 72 89 3.6844735915918694
list:
dist: 3.6844735915918694 vs. 3.6844735915918694
--------
nle(id0,id1,dist): 71 80 1.9486615420056006
list:
dist: 1.9486615420056006 vs. 1.9486615420056006
--------
nle(id0,id1,dist): 71 85 2.1791183925882325
list:
dist: 2.1791183925882325 vs. 2.1791183925882325
--------
nle(id0,id1,dist): 71 84 3.319078193798123
list:
dist: 3.319078193798123 vs. 3.319078193798123
--------
nle(id0,id1,dist): 71 83 2.2822250719786448
list:
dist: 2.2822250719786448 vs. 2.2822250719786448
--------
nle(id0,id1,dist): 71 82 2.1318332681298053
list:
dist: 2.1318332681298053 vs. 2.1318332681298053
--------
nle(id0,id1,dist): 71 89 3.2558555531651407
list:
dist: 3.2558555531651407 vs. 3.2558555531651407
--------
nle(id0,id1,dist): 71 87 3.045466283337776
list:
dist: 3.045466283337776 vs. 3.045466283337776
--------
nle(id0,id1,dist): 71 86 3.242578337228757
list:
dist: 3.242578337228757 vs. 3.242578337228757
--------
nle(id0,id1,dist): 77 89 2.3096696246995267
list:
dist: 2.3096696246995267 vs. 2.3096696246995267
--------
nle(id0,id1,dist): 77 84 3.4717380881787254
list:
dist: 3.4717380881787254 vs. 3.4717380881787254
--------
nle(id0,id1,dist): 77 85 1.0095211752146673
list:
dist: 1.0095211752146673 vs. 1.0095211752146673
--------
nle(id0,id1,dist): 77 86 3.38221959163482
list:
dist: 3.38221959163482 vs. 3.38221959163482
--------
nle(id0,id1,dist): 77 87 3.0197586469750783
list:
dist: 3.0197586469750783 vs. 3.0197586469750783
--------
nle(id0,id1,dist): 77 80 2.0365811996061702
list:
dist: 2.0365811996061702 vs. 2.0365811996061702
--------
nle(id0,id1,dist): 77 82 1.0088278152352004
list:
dist: 1.0088278152352004 vs. 1.0088278152352004
--------
nle(id0,id1,dist): 77 83 3.5058603643236648
list:
dist: 3.5058603643236648 vs. 3.5058603643236648
--------
nle(id0,id1,dist): 76 89 3.3857009334865995
list:
dist: 3.3857009334865995 vs. 3.3857009334865995
--------
nle(id0,id1,dist): 76 87 2.1224079518411285
list:
dist: 2.1224079518411285 vs. 2.1224079518411285
--------
nle(id0,id1,dist): 76 86 2.1857084403432996
list:
dist: 2.1857084403432996 vs. 2.1857084403432996
--------
nle(id0,id1,dist): 75 90 1.9589786559265792
list:
dist: 1.9589786559265792 vs. 1.9589786559265792
--------
nle(id0,id1,dist): 75 96 3.415761126390142
list:
dist: 3.415761126390142 vs. 3.415761126390142
--------
nle(id0,id1,dist): 76 78 2.581090639568061
list:
dist: 2.581090639568061 vs. 2.581090639568061
--------
nle(id0,id1,dist): 76 77 2.1683676403914633
list:
dist: 2.1683676403914633 vs. 2.1683676403914633
--------
nle(id0,id1,dist): 76 80 1.1128320424889289
list:
dist: 1.1128320424889289 vs. 1.1128320424889289
--------
nle(id0,id1,dist): 76 79 2.3148745499589163
list:
dist: 2.3148745499589163 vs. 2.3148745499589163
--------
nle(id0,id1,dist): 76 82 2.7045654257202925
list:
dist: 2.7045654257202925 vs. 2.7045654257202925
--------
nle(id0,id1,dist): 76 84 2.074403113640898
list:
dist: 2.074403113640898 vs. 2.074403113640898
--------
nle(id0,id1,dist): 76 83 2.0267651905002277
list:
dist: 2.0267651905002277 vs. 2.0267651905002277
--------
nle(id0,id1,dist): 120 146 3.016684629423711
list:
dist: 3.016684629423711 vs. 3.016684629423711
--------
nle(id0,id1,dist): 120 148 2.8141561687107965
list:
dist: 2.8141561687107965 vs. 2.8141561687107965
--------
nle(id0,id1,dist): 120 130 0.8391804317771804
list:
dist: 0.8391804317771804 vs. 0.8391804317771804
--------
nle(id0,id1,dist): 120 132 2.466156840567139
list:
dist: 2.466156840567139 vs. 2.466156840567139
--------
nle(id0,id1,dist): 120 131 3.1773613047390334
list:
dist: 3.1773613047390334 vs. 3.1773613047390334
--------
nle(id0,id1,dist): 120 121 3.776963320825231
list:
dist: 3.776963320825231 vs. 3.776963320825231
--------
nle(id0,id1,dist): 120 123 2.086423220464491
list:
dist: 2.086423220464491 vs. 2.086423220464491
--------
nle(id0,id1,dist): 120 125 2.7204429991068193
list:
dist: 2.7204429991068193 vs. 2.7204429991068193
--------
nle(id0,id1,dist): 121 143 4.37742518863753
list:
dist: 4.37742518863753 vs. 4.37742518863753
--------
nle(id0,id1,dist): 121 140 3.6411609189094367
list:
dist: 3.6411609189094367 vs. 3.6411609189094367
--------
nle(id0,id1,dist): 121 146 3.8401490549278665
list:
dist: 3.8401490549278665 vs. 3.8401490549278665
--------
nle(id0,id1,dist): 121 147 2.214250781508704
list:
dist: 2.214250781508704 vs. 2.214250781508704
--------
nle(id0,id1,dist): 121 144 1.4122240228154537
list:
dist: 1.4122240228154537 vs. 1.4122240228154537
--------
nle(id0,id1,dist): 121 145 3.0781186958328326
list:
dist: 3.0781186958328326 vs. 3.0781186958328326
--------
nle(id0,id1,dist): 121 138 3.460702168145623
list:
dist: 3.460702168145623 vs. 3.460702168145623
--------
nle(id0,id1,dist): 121 136 1.8382463797597655
list:
dist: 1.8382463797597655 vs. 1.8382463797597655
--------
nle(id0,id1,dist): 121 126 1.9301918302012093
list:
dist: 1.9301918302012093 vs. 1.9301918302012093
--------
nle(id0,id1,dist): 121 125 1.425981129743617
list:
dist: 1.425981129743617 vs. 1.425981129743617
--------
nle(id0,id1,dist): 121 124 3.691612812014786
list:
dist: 3.691612812014786 vs. 3.691612812014786
--------
nle(id0,id1,dist): 121 131 2.9573911315314376
list:
dist: 2.9573911315314376 vs. 2.9573911315314376
--------
nle(id0,id1,dist): 121 130 3.966310168471914
list:
dist: 3.966310168471914 vs. 3.966310168471914
--------
nle(id0,id1,dist): 121 123 2.83811918454992
list:
dist: 2.83811918454992 vs. 2.83811918454992
--------
nle(id0,id1,dist): 122 132 1.8222661190257514
list:
dist: 1.8222661190257514 vs. 1.8222661190257514
--------
nle(id0,id1,dist): 122 131 2.057710599784582
list:
dist: 2.057710599784582 vs. 2.057710599784582
--------
nle(id0,id1,dist): 122 134 1.4166608082244423
list:
dist: 1.4166608082244423 vs. 1.4166608082244423
--------
nle(id0,id1,dist): 122 127 1.1484291348153517
list:
dist: 1.1484291348153517 vs. 1.1484291348153517
--------
nle(id0,id1,dist): 122 139 3.2679690229474887
list:
dist: 3.2679690229474887 vs. 3.2679690229474887
--------
nle(id0,id1,dist): 122 141 1.8970606183908163
list:
dist: 1.8970606183908163 vs. 1.8970606183908163
--------
nle(id0,id1,dist): 122 135 1.0587162574656013
list:
dist: 1.0587162574656013 vs. 1.0587162574656013
--------
nle(id0,id1,dist): 122 138 1.9645558908291159
list:
dist: 1.9645558908291159 vs. 1.9645558908291159
--------
nle(id0,id1,dist): 122 137 1.3270349997985558
list:
dist: 1.3270349997985558 vs. 1.3270349997985558
--------
nle(id0,id1,dist): 121 148 2.8101420467600398
list:
dist: 2.8101420467600398 vs. 2.8101420467600398
--------
nle(id0,id1,dist): 122 123 2.700673057151154
list:
dist: 2.700673057151154 vs. 2.700673057151154
--------
nle(id0,id1,dist): 122 124 2.459498814745749
list:
dist: 2.459498814745749 vs. 2.459498814745749
--------
nle(id0,id1,dist): 122 126 3.59782771098405
list:
dist: 3.59782771098405 vs. 3.59782771098405
--------
nle(id0,id1,dist): 123 127 3.6639145579883916
list:
dist: 3.6639145579883916 vs. 3.6639145579883916
--------
nle(id0,id1,dist): 123 126 2.1936728012709903
list:
dist: 2.1936728012709903 vs. 2.1936728012709903
--------
nle(id0,id1,dist): 123 125 1.9812677408967183
list:
dist: 1.9812677408967183 vs. 1.9812677408967183
--------
nle(id0,id1,dist): 123 124 2.9868972866051386
list:
dist: 2.9868972866051386 vs. 2.9868972866051386
--------
nle(id0,id1,dist): 123 137 3.7354566436473062
list:
dist: 3.7354566436473062 vs. 3.7354566436473062
--------
nle(id0,id1,dist): 123 136 2.003236797321119
list:
dist: 2.003236797321119 vs. 2.003236797321119
--------
nle(id0,id1,dist): 123 135 3.2383812339532145
list:
dist: 3.2383812339532145 vs. 3.2383812339532145
--------
nle(id0,id1,dist): 123 134 3.148674324804315
list:
dist: 3.148674324804315 vs. 3.148674324804315
--------
nle(id0,id1,dist): 123 132 1.6635932791164185
list:
dist: 1.6635932791164185 vs. 1.6635932791164185
--------
nle(id0,id1,dist): 123 131 1.3063458867166164
list:
dist: 1.3063458867166164 vs. 1.3063458867166164
--------
nle(id0,id1,dist): 123 130 2.2580749671653275
list:
dist: 2.2580749671653275 vs. 2.2580749671653275
--------
nle(id0,id1,dist): 122 148 2.516731253352067
list:
dist: 2.516731253352067 vs. 2.516731253352067
--------
nle(id0,id1,dist): 122 145 2.1174083374677286
list:
dist: 2.1174083374677286 vs. 2.1174083374677286
--------
nle(id0,id1,dist): 122 146 1.2673591660929335
list:
dist: 1.2673591660929335 vs. 1.2673591660929335
--------
nle(id0,id1,dist): 122 143 3.339721472421671
list:
dist: 3.339721472421671 vs. 3.339721472421671
--------
nle(id0,id1,dist): 124 126 2.3117171054083543
list:
dist: 2.3117171054083543 vs. 2.3117171054083543
--------
nle(id0,id1,dist): 124 127 3.4037360055709907
list:
dist: 3.4037360055709907 vs. 3.4037360055709907
--------
nle(id0,id1,dist): 124 129 2.394028131245987
list:
dist: 2.394028131245987 vs. 2.394028131245987
--------
nle(id0,id1,dist): 124 131 1.6866061992431598
list:
dist: 1.6866061992431598 vs. 1.6866061992431598
--------
nle(id0,id1,dist): 123 138 2.2198854990033188
list:
dist: 2.2198854990033188 vs. 2.2198854990033188
--------
nle(id0,id1,dist): 123 140 4.091943340266988
list:
dist: 4.091943340266988 vs. 4.091943340266988
--------
nle(id0,id1,dist): 123 143 4.0210624986176
list:
dist: 4.0210624986176 vs. 4.0210624986176
--------
nle(id0,id1,dist): 123 144 2.38621246752918
list:
dist: 2.38621246752918 vs. 2.38621246752918
--------
nle(id0,id1,dist): 123 145 1.8951951401944438
list:
dist: 1.8951951401944438 vs. 1.8951951401944438
--------
nle(id0,id1,dist): 123 146 1.459462218888524
list:
dist: 1.459462218888524 vs. 1.459462218888524
--------
nle(id0,id1,dist): 123 147 3.3759383422979963
list:
dist: 3.3759383422979963 vs. 3.3759383422979963
--------
nle(id0,id1,dist): 123 148 1.572441068013467
list:
dist: 1.572441068013467 vs. 1.572441068013467
--------
nle(id0,id1,dist): 124 149 2.161897717074379
list:
dist: 2.161897717074379 vs. 2.161897717074379
--------
nle(id0,id1,dist): 125 126 0.9189412854568534
list:
dist: 0.9189412854568534 vs. 0.9189412854568534
--------
nle(id0,id1,dist): 124 135 3.2076956785051207
list:
dist: 3.2076956785051207 vs. 3.2076956785051207
--------
nle(id0,id1,dist): 124 136 1.897750140044111
list:
dist: 1.897750140044111 vs. 1.897750140044111
--------
nle(id0,id1,dist): 124 134 1.4441844797095311
list:
dist: 1.4441844797095311 vs. 1.4441844797095311
--------
nle(id0,id1,dist): 124 139 2.748173054243179
list:
dist: 2.748173054243179 vs. 2.748173054243179
--------
nle(id0,id1,dist): 124 140 1.6588977261665805
list:
dist: 1.6588977261665805 vs. 1.6588977261665805
--------
nle(id0,id1,dist): 124 137 2.9117664639143355
list:
dist: 2.9117664639143355 vs. 2.9117664639143355
--------
nle(id0,id1,dist): 124 138 0.9848283056771068
list:
dist: 0.9848283056771068 vs. 0.9848283056771068
--------
nle(id0,id1,dist): 124 143 1.5069145771382098
list:
dist: 1.5069145771382098 vs. 1.5069145771382098
--------
nle(id0,id1,dist): 124 144 2.3084258707547294
list:
dist: 2.3084258707547294 vs. 2.3084258707547294
--------
nle(id0,id1,dist): 124 141 2.2230446944267084
list:
dist: 2.2230446944267084 vs. 2.2230446944267084
--------
nle(id0,id1,dist): 124 147 2.3196286385433336
list:
dist: 2.3196286385433336 vs. 2.3196286385433336
--------
nle(id0,id1,dist): 124 148 1.97213630405763
list:
dist: 1.97213630405763 vs. 1.97213630405763
--------
nle(id0,id1,dist): 124 145 1.0958501544782016
list:
dist: 1.0958501544782016 vs. 1.0958501544782016
--------
nle(id0,id1,dist): 124 146 2.2155937578717233
list:
dist: 2.2155937578717233 vs. 2.2155937578717233
--------
nle(id0,id1,dist): 112 118 2.014897497077517
list:
dist: 2.014897497077517 vs. 2.014897497077517
--------
nle(id0,id1,dist): 112 115 0.9412939002462548
list:
dist: 0.9412939002462548 vs. 0.9412939002462548
--------
nle(id0,id1,dist): 112 114 2.6044442683190154
list:
dist: 2.6044442683190154 vs. 2.6044442683190154
--------
nle(id0,id1,dist): 113 116 0.8796414782509198
list:
dist: 0.8796414782509198 vs. 0.8796414782509198
--------
nle(id0,id1,dist): 113 117 1.8652038053166764
list:
dist: 1.8652038053166764 vs. 1.8652038053166764
--------
nle(id0,id1,dist): 113 118 2.8591754686335835
list:
dist: 2.8591754686335835 vs. 2.8591754686335835
--------
nle(id0,id1,dist): 113 119 1.2746693209786426
list:
dist: 1.2746693209786426 vs. 1.2746693209786426
--------
nle(id0,id1,dist): 113 114 1.9436951767623347
list:
dist: 1.9436951767623347 vs. 1.9436951767623347
--------
nle(id0,id1,dist): 113 115 3.897841950807481
list:
dist: 3.897841950807481 vs. 3.897841950807481
--------
nle(id0,id1,dist): 114 117 2.7545229085789305
list:
dist: 2.7545229085789305 vs. 2.7545229085789305
--------
nle(id0,id1,dist): 114 118 1.798082599844921
list:
dist: 1.798082599844921 vs. 1.798082599844921
--------
nle(id0,id1,dist): 114 115 2.51679293121561
list:
dist: 2.51679293121561 vs. 2.51679293121561
--------
nle(id0,id1,dist): 114 116 1.1608553245098516
list:
dist: 1.1608553245098516 vs. 1.1608553245098516
--------
nle(id0,id1,dist): 114 119 1.4062115572746576
list:
dist: 1.4062115572746576 vs. 1.4062115572746576
--------
nle(id0,id1,dist): 115 118 1.2996211656357197
list:
dist: 1.2996211656357197 vs. 1.2996211656357197
--------
nle(id0,id1,dist): 115 119 2.7828370099155477
list:
dist: 2.7828370099155477 vs. 2.7828370099155477
--------
nle(id0,id1,dist): 115 116 3.267867514011595
list:
dist: 3.267867514011595 vs. 3.267867514011595
--------
nle(id0,id1,dist): 115 117 3.898515002852631
list:
dist: 3.898515002852631 vs. 3.898515002852631
--------
nle(id0,id1,dist): 116 117 2.3264293995037124
list:
dist: 2.3264293995037124 vs. 2.3264293995037124
--------
nle(id0,id1,dist): 116 118 2.215052788973114
list:
dist: 2.215052788973114 vs. 2.215052788973114
--------
nle(id0,id1,dist): 116 119 0.8177606450987804
list:
dist: 0.8177606450987804 vs. 0.8177606450987804
--------
nle(id0,id1,dist): 117 118 3.3228543454289756
list:
dist: 3.3228543454289756 vs. 3.3228543454289756
--------
nle(id0,id1,dist): 117 119 2.3212618841127077
list:
dist: 2.3212618841127077 vs. 2.3212618841127077
--------
nle(id0,id1,dist): 118 119 1.6246768711564408
list:
dist: 1.6246768711564408 vs. 1.6246768711564408
--------
nle(id0,id1,dist): 106 117 2.1264746689440326
list:
dist: 2.1264746689440326 vs. 2.1264746689440326
--------
nle(id0,id1,dist): 106 107 2.79769940535136
list:
dist: 2.79769940535136 vs. 2.79769940535136
--------
nle(id0,id1,dist): 105 116 0.9274658314391684
list:
dist: 0.9274658314391684 vs. 0.9274658314391684
--------
nle(id0,id1,dist): 105 117 2.228406829476731
list:
dist: 2.228406829476731 vs. 2.228406829476731
--------
nle(id0,id1,dist): 105 118 1.736410471569819
list:
dist: 1.736410471569819 vs. 1.736410471569819
--------
nle(id0,id1,dist): 105 119 1.0533458416336576
list:
dist: 1.0533458416336576 vs. 1.0533458416336576
--------
nle(id0,id1,dist): 105 109 2.1422046653776285
list:
dist: 2.1422046653776285 vs. 2.1422046653776285
--------
nle(id0,id1,dist): 105 108 1.7814800974832978
list:
dist: 1.7814800974832978 vs. 1.7814800974832978
--------
nle(id0,id1,dist): 105 111 1.4077789045818196
list:
dist: 1.4077789045818196 vs. 1.4077789045818196
--------
nle(id0,id1,dist): 105 110 1.396410064490723
list:
dist: 1.396410064490723 vs. 1.396410064490723
--------
nle(id0,id1,dist): 105 113 1.5707694471889548
list:
dist: 1.5707694471889548 vs. 1.5707694471889548
--------
nle(id0,id1,dist): 105 115 2.5260411499926585
list:
dist: 2.5260411499926585 vs. 2.5260411499926585
--------
nle(id0,id1,dist): 105 114 0.5618356457114869
list:
dist: 0.5618356457114869 vs. 0.5618356457114869
--------
nle(id0,id1,dist): 105 107 1.667266658111964
list:
dist: 1.667266658111964 vs. 1.667266658111964
--------
nle(id0,id1,dist): 108 115 0.9173640191694105
list:
dist: 0.9173640191694105 vs. 0.9173640191694105
--------
nle(id0,id1,dist): 108 116 2.555312079713715
list:
dist: 2.555312079713715 vs. 2.555312079713715
--------
nle(id0,id1,dist): 108 113 3.2715239498107294
list:
dist: 3.2715239498107294 vs. 3.2715239498107294
--------
nle(id0,id1,dist): 108 114 1.6585844492106976
list:
dist: 1.6585844492106976 vs. 1.6585844492106976
--------
nle(id0,id1,dist): 108 111 0.3915341358188039
list:
dist: 0.3915341358188039 vs. 0.3915341358188039
--------
nle(id0,id1,dist): 108 112 1.1477607842086157
list:
dist: 1.1477607842086157 vs. 1.1477607842086157
--------
nle(id0,id1,dist): 108 109 3.854320305371648
list:
dist: 3.854320305371648 vs. 3.854320305371648
--------
nle(id0,id1,dist): 108 110 3.072398777768697
list:
dist: 3.072398777768697 vs. 3.072398777768697
--------
nle(id0,id1,dist): 107 118 2.0243806709191756
list:
dist: 2.0243806709191756 vs. 2.0243806709191756
--------
nle(id0,id1,dist): 107 119 1.312273730800165
list:
dist: 1.312273730800165 vs. 1.312273730800165
--------
nle(id0,id1,dist): 107 114 2.2034510316838842
list:
dist: 2.2034510316838842 vs. 2.2034510316838842
--------
nle(id0,id1,dist): 107 115 2.7985817235044674
list:
dist: 2.7985817235044674 vs. 2.7985817235044674
--------
nle(id0,id1,dist): 107 116 1.835435619508521
list:
dist: 1.835435619508521 vs. 1.835435619508521
--------
nle(id0,id1,dist): 107 117 1.5021773914996268
list:
dist: 1.5021773914996268 vs. 1.5021773914996268
--------
nle(id0,id1,dist): 107 110 2.4453840510857225
list:
dist: 2.4453840510857225 vs. 2.4453840510857225
--------
nle(id0,id1,dist): 107 111 2.250713348446734
list:
dist: 2.250713348446734 vs. 2.250713348446734
--------
nle(id0,id1,dist): 107 113 1.7762020066296997
list:
dist: 1.7762020066296997 vs. 1.7762020066296997
--------
nle(id0,id1,dist): 107 108 2.5524800537147554
list:
dist: 2.5524800537147554 vs. 2.5524800537147554
--------
nle(id0,id1,dist): 107 109 2.829306622748023
list:
dist: 2.829306622748023 vs. 2.829306622748023
--------
nle(id0,id1,dist): 109 114 2.3439746317339876
list:
dist: 2.3439746317339876 vs. 2.3439746317339876
--------
nle(id0,id1,dist): 109 115 4.599206127807087
list:
dist: 4.599206127807087 vs. 4.599206127807087
--------
nle(id0,id1,dist): 109 113 1.5500765838416435
list:
dist: 1.5500765838416435 vs. 1.5500765838416435
--------
nle(id0,id1,dist): 109 118 3.847470591639926
list:
dist: 3.847470591639926 vs. 3.847470591639926
--------
nle(id0,id1,dist): 109 119 2.5470913795807446
list:
dist: 2.5470913795807446 vs. 2.5470913795807446
--------
nle(id0,id1,dist): 109 116 1.8747326080530828
list:
dist: 1.8747326080530828 vs. 1.8747326080530828
--------
nle(id0,id1,dist): 109 117 2.1133388100091897
list:
dist: 2.1133388100091897 vs. 2.1133388100091897
--------
nle(id0,id1,dist): 109 111 3.5106046861575826
list:
dist: 3.5106046861575826 vs. 3.5106046861575826
--------
nle(id0,id1,dist): 109 110 1.4220438388028955
list:
dist: 1.4220438388028955 vs. 1.4220438388028955
--------
nle(id0,id1,dist): 108 117 3.5220243438165832
list:
dist: 3.5220243438165832 vs. 3.5220243438165832
--------
nle(id0,id1,dist): 108 118 1.0680360656662369
list:
dist: 1.0680360656662369 vs. 1.0680360656662369
--------
nle(id0,id1,dist): 108 119 2.2407927230427123
list:
dist: 2.2407927230427123 vs. 2.2407927230427123
--------
nle(id0,id1,dist): 111 119 1.8614608469639446
list:
dist: 1.8614608469639446 vs. 1.8614608469639446
--------
nle(id0,id1,dist): 111 118 0.9048213277855196
list:
dist: 0.9048213277855196 vs. 0.9048213277855196
--------
nle(id0,id1,dist): 111 116 2.1661375739227755
list:
dist: 2.1661375739227755 vs. 2.1661375739227755
--------
nle(id0,id1,dist): 111 117 3.222606022976674
list:
dist: 3.222606022976674 vs. 3.222606022976674
--------
nle(id0,id1,dist): 111 114 1.3180342592636722
list:
dist: 1.3180342592636722 vs. 1.3180342592636722
--------
nle(id0,id1,dist): 111 115 1.20342953306702
list:
dist: 1.20342953306702 vs. 1.20342953306702
--------
nle(id0,id1,dist): 111 112 1.4746997989737383
list:
dist: 1.4746997989737383 vs. 1.4746997989737383
--------
nle(id0,id1,dist): 111 113 2.8829206816977444
list:
dist: 2.8829206816977444 vs. 2.8829206816977444
--------
nle(id0,id1,dist): 110 111 2.6983239100365726
list:
dist: 2.6983239100365726 vs. 2.6983239100365726
--------
nle(id0,id1,dist): 110 113 1.009708055526387
list:
dist: 1.009708055526387 vs. 1.009708055526387
--------
nle(id0,id1,dist): 110 114 1.4688554951792556
list:
dist: 1.4688554951792556 vs. 1.4688554951792556
--------
nle(id0,id1,dist): 110 119 1.5425633309735334
list:
dist: 1.5425633309735334 vs. 1.5425633309735334
--------
nle(id0,id1,dist): 110 115 3.860376322704416
list:
dist: 3.860376322704416 vs. 3.860376322704416
--------
nle(id0,id1,dist): 110 116 0.729057342546228
list:
dist: 0.729057342546228 vs. 0.729057342546228
--------
nle(id0,id1,dist): 110 117 2.5666378286618214
list:
dist: 2.5666378286618214 vs. 2.5666378286618214
--------
nle(id0,id1,dist): 110 118 2.877175471582454
list:
dist: 2.877175471582454 vs. 2.877175471582454
--------
nle(id0,id1,dist): 99 107 1.6986653538926706
list:
dist: 1.6986653538926706 vs. 1.6986653538926706
--------
nle(id0,id1,dist): 99 106 3.046388766165103
list:
dist: 3.046388766165103 vs. 3.046388766165103
--------
nle(id0,id1,dist): 99 109 2.471592325327156
list:
dist: 2.471592325327156 vs. 2.471592325327156
--------
nle(id0,id1,dist): 99 108 1.7375700077380916
list:
dist: 1.7375700077380916 vs. 1.7375700077380916
--------
nle(id0,id1,dist): 99 111 1.4996457291539538
list:
dist: 1.4996457291539538 vs. 1.4996457291539538
--------
nle(id0,id1,dist): 99 110 2.2821056186618125
list:
dist: 2.2821056186618125 vs. 2.2821056186618125
--------
nle(id0,id1,dist): 99 113 2.264157258531922
list:
dist: 2.264157258531922 vs. 2.264157258531922
--------
nle(id0,id1,dist): 99 112 2.1667024670997552
list:
dist: 2.1667024670997552 vs. 2.1667024670997552
--------
nle(id0,id1,dist): 99 101 0.7359349180510241
list:
dist: 0.7359349180510241 vs. 0.7359349180510241
--------
nle(id0,id1,dist): 99 100 5.126090011474485
list:
dist: 5.126090011474485 vs. 5.126090011474485
--------
nle(id0,id1,dist): 99 102 2.283038307503391
list:
dist: 2.283038307503391 vs. 2.283038307503391
--------
nle(id0,id1,dist): 99 105 1.0620820434485796
list:
dist: 1.0620820434485796 vs. 1.0620820434485796
--------
nle(id0,id1,dist): 99 104 2.599713307307897
list:
dist: 2.599713307307897 vs. 2.599713307307897
--------
nle(id0,id1,dist): 99 114 1.3604777609790197
list:
dist: 1.3604777609790197 vs. 1.3604777609790197
--------
nle(id0,id1,dist): 99 115 2.295092377628121
list:
dist: 2.295092377628121 vs. 2.295092377628121
--------
nle(id0,id1,dist): 99 116 1.9034634473837766
list:
dist: 1.9034634473837766 vs. 1.9034634473837766
--------
nle(id0,id1,dist): 99 117 1.969301853089034
list:
dist: 1.969301853089034 vs. 1.969301853089034
--------
nle(id0,id1,dist): 99 118 2.030870727648726
list:
dist: 2.030870727648726 vs. 2.030870727648726
--------
nle(id0,id1,dist): 99 119 1.866902900674688
list:
dist: 1.866902900674688 vs. 1.866902900674688
--------
nle(id0,id1,dist): 98 114 2.0755991012724992
list:
dist: 2.0755991012724992 vs. 2.0755991012724992
--------
nle(id0,id1,dist): 98 113 3.745789267871368
list:
dist: 3.745789267871368 vs. 3.745789267871368
--------
nle(id0,id1,dist): 98 112 1.4321517509016635
list:
dist: 1.4321517509016635 vs. 1.4321517509016635
--------
nle(id0,id1,dist): 98 111 0.9729442328289963
list:
dist: 0.9729442328289963 vs. 0.9729442328289963
--------
nle(id0,id1,dist): 98 118 1.2861792891744714
list:
dist: 1.2861792891744714 vs. 1.2861792891744714
--------
nle(id0,id1,dist): 98 117 4.188888994104645
list:
dist: 4.188888994104645 vs. 4.188888994104645
--------
nle(id0,id1,dist): 98 116 2.9614893445790478
list:
dist: 2.9614893445790478 vs. 2.9614893445790478
--------
nle(id0,id1,dist): 98 115 1.0645906737637905
list:
dist: 1.0645906737637905 vs. 1.0645906737637905
--------
nle(id0,id1,dist): 98 105 2.306831217804804
list:
dist: 2.306831217804804 vs. 2.306831217804804
--------
nle(id0,id1,dist): 98 110 3.458601869738891
list:
dist: 3.458601869738891 vs. 3.458601869738891
--------
nle(id0,id1,dist): 98 109 4.3876310245516885
list:
dist: 4.3876310245516885 vs. 4.3876310245516885
--------
nle(id0,id1,dist): 98 108 0.7136209966531007
list:
dist: 0.7136209966531007 vs. 0.7136209966531007
--------
nle(id0,id1,dist): 98 107 3.1269665969027782
list:
dist: 3.1269665969027782 vs. 3.1269665969027782
--------
nle(id0,id1,dist): 98 119 2.6414868612117597
list:
dist: 2.6414868612117597 vs. 2.6414868612117597
--------
nle(id0,id1,dist): 101 102 2.079096129630716
list:
dist: 2.079096129630716 vs. 2.079096129630716
--------
nle(id0,id1,dist): 101 116 2.4700789568313826
list:
dist: 2.4700789568313826 vs. 2.4700789568313826
--------
nle(id0,id1,dist): 101 117 2.6404523693822197
list:
dist: 2.6404523693822197 vs. 2.6404523693822197
--------
nle(id0,id1,dist): 101 118 2.0312533866893725
list:
dist: 2.0312533866893725 vs. 2.0312533866893725
--------
nle(id0,id1,dist): 101 119 2.3811218794987896
list:
dist: 2.3811218794987896 vs. 2.3811218794987896
--------
nle(id0,id1,dist): 101 112 1.5240501388944256
list:
dist: 1.5240501388944256 vs. 1.5240501388944256
--------
nle(id0,id1,dist): 101 113 2.951691111015352
list:
dist: 2.951691111015352 vs. 2.951691111015352
--------
nle(id0,id1,dist): 101 114 1.633634304504285
list:
dist: 1.633634304504285 vs. 1.633634304504285
--------
nle(id0,id1,dist): 101 115 1.8835132768435554
list:
dist: 1.8835132768435554 vs. 1.8835132768435554
--------
nle(id0,id1,dist): 101 108 1.3838708619422089
list:
dist: 1.3838708619422089 vs. 1.3838708619422089
--------
nle(id0,id1,dist): 101 109 3.093954127394975
list:
dist: 3.093954127394975 vs. 3.093954127394975
--------
nle(id0,id1,dist): 101 110 2.8446599708089857
list:
dist: 2.8446599708089857 vs. 2.8446599708089857
--------
nle(id0,id1,dist): 101 111 1.3070746752047029
list:
dist: 1.3070746752047029 vs. 1.3070746752047029
--------
nle(id0,id1,dist): 101 104 2.575323662305249
list:
dist: 2.575323662305249 vs. 2.575323662305249
--------
nle(id0,id1,dist): 101 105 1.549952725575674
list:
dist: 1.549952725575674 vs. 1.549952725575674
--------
nle(id0,id1,dist): 101 106 3.3460736493086123
list:
dist: 3.3460736493086123 vs. 3.3460736493086123
--------
nle(id0,id1,dist): 101 107 2.2604103943690745
list:
dist: 2.2604103943690745 vs. 2.2604103943690745
--------
nle(id0,id1,dist): 100 108 4.613723846196488
list:
dist: 4.613723846196488 vs. 4.613723846196488
--------
nle(id0,id1,dist): 100 104 3.25106232104739
list:
dist: 3.25106232104739 vs. 3.25106232104739
--------
nle(id0,id1,dist): 100 103 1.7668934404301118
list:
dist: 1.7668934404301118 vs. 1.7668934404301118
--------
nle(id0,id1,dist): 100 102 3.107638368094073
list:
dist: 3.107638368094073 vs. 3.107638368094073
--------
nle(id0,id1,dist): 100 101 4.66189799185929
list:
dist: 4.66189799185929 vs. 4.66189799185929
--------
nle(id0,id1,dist): 100 118 4.910404666417069
list:
dist: 4.910404666417069 vs. 4.910404666417069
--------
nle(id0,id1,dist): 100 115 3.817393772277433
list:
dist: 3.817393772277433 vs. 3.817393772277433
--------
nle(id0,id1,dist): 100 112 3.677145364201919
list:
dist: 3.677145364201919 vs. 3.677145364201919
--------
nle(id0,id1,dist): 102 115 1.5993300979699836
list:
dist: 1.5993300979699836 vs. 1.5993300979699836
--------
nle(id0,id1,dist): 102 117 3.2245247770020877
list:
dist: 3.2245247770020877 vs. 3.2245247770020877
--------
nle(id0,id1,dist): 102 118 2.1397636099540556
list:
dist: 2.1397636099540556 vs. 2.1397636099540556
--------
nle(id0,id1,dist): 102 119 3.0461202056268033
list:
dist: 3.0461202056268033 vs. 3.0461202056268033
--------
nle(id0,id1,dist): 102 106 3.027417350154923
list:
dist: 3.027417350154923 vs. 3.027417350154923
--------
nle(id0,id1,dist): 102 104 1.0543924170503256
list:
dist: 1.0543924170503256 vs. 1.0543924170503256
--------
nle(id0,id1,dist): 102 108 2.1183630983740205
list:
dist: 2.1183630983740205 vs. 2.1183630983740205
--------
nle(id0,id1,dist): 102 107 2.326410605673338
list:
dist: 2.326410605673338 vs. 2.326410605673338
--------
nle(id0,id1,dist): 102 112 1.8147086043854632
list:
dist: 1.8147086043854632 vs. 1.8147086043854632
--------
nle(id0,id1,dist): 104 112 2.720068948224612
list:
dist: 2.720068948224612 vs. 2.720068948224612
--------
nle(id0,id1,dist): 104 106 2.140673610016747
list:
dist: 2.140673610016747 vs. 2.140673610016747
--------
nle(id0,id1,dist): 104 107 2.3742387119704222
list:
dist: 2.3742387119704222 vs. 2.3742387119704222
--------
nle(id0,id1,dist): 104 108 3.015337159842564
list:
dist: 3.015337159842564 vs. 3.015337159842564
--------
nle(id0,id1,dist): 104 117 2.9081465239824627
list:
dist: 2.9081465239824627 vs. 2.9081465239824627
--------
nle(id0,id1,dist): 104 118 2.962692093995498
list:
dist: 2.962692093995498 vs. 2.962692093995498
--------
nle(id0,id1,dist): 104 119 3.4429620384997204
list:
dist: 3.4429620384997204 vs. 3.4429620384997204
--------
nle(id0,id1,dist): 104 115 2.63237132455041
list:
dist: 2.63237132455041 vs. 2.63237132455041
--------
nle(id0,id1,dist): 103 112 3.505052234728617
list:
dist: 3.505052234728617 vs. 3.505052234728617
--------
nle(id0,id1,dist): 147 149 2.6899897076987433
list:
dist: 2.6899897076987433 vs. 2.6899897076987433
--------
nle(id0,id1,dist): 147 148 2.2656099774966947
list:
dist: 2.2656099774966947 vs. 2.2656099774966947
--------
nle(id0,id1,dist): 146 147 3.5351770352150185
list:
dist: 3.5351770352150185 vs. 3.5351770352150185
--------
nle(id0,id1,dist): 146 148 1.491104247120075
list:
dist: 1.491104247120075 vs. 1.491104247120075
--------
nle(id0,id1,dist): 144 148 1.9591146554748284
list:
dist: 1.9591146554748284 vs. 1.9591146554748284
--------
nle(id0,id1,dist): 144 147 1.4326023487446384
list:
dist: 1.4326023487446384 vs. 1.4326023487446384
--------
nle(id0,id1,dist): 144 146 2.894163356594608
list:
dist: 2.894163356594608 vs. 2.894163356594608
--------
nle(id0,id1,dist): 144 145 1.8265356064382048
list:
dist: 1.8265356064382048 vs. 1.8265356064382048
--------
nle(id0,id1,dist): 144 149 2.899018239866935
list:
dist: 2.899018239866935 vs. 2.899018239866935
--------
nle(id0,id1,dist): 145 149 2.926733495769078
list:
dist: 2.926733495769078 vs. 2.926733495769078
--------
nle(id0,id1,dist): 145 148 1.2004517148536022
list:
dist: 1.2004517148536022 vs. 1.2004517148536022
--------
nle(id0,id1,dist): 145 147 2.367723579979991
list:
dist: 2.367723579979991 vs. 2.367723579979991
--------
nle(id0,id1,dist): 145 146 1.3658777682211096
list:
dist: 1.3658777682211096 vs. 1.3658777682211096
--------
nle(id0,id1,dist): 143 146 3.326482363628945
list:
dist: 3.326482363628945 vs. 3.326482363628945
--------
nle(id0,id1,dist): 143 147 3.152941535379697
list:
dist: 3.152941535379697 vs. 3.152941535379697
--------
nle(id0,id1,dist): 143 148 3.358215915167615
list:
dist: 3.358215915167615 vs. 3.358215915167615
--------
nle(id0,id1,dist): 143 149 1.3424882837671395
list:
dist: 1.3424882837671395 vs. 1.3424882837671395
--------
nle(id0,id1,dist): 143 144 2.997116409372207
list:
dist: 2.997116409372207 vs. 2.997116409372207
--------
nle(id0,id1,dist): 143 145 2.258898249481819
list:
dist: 2.258898249481819 vs. 2.258898249481819
--------
nle(id0,id1,dist): 141 143 2.1013418229524534
list:
dist: 2.1013418229524534 vs. 2.1013418229524534
--------
nle(id0,id1,dist): 140 149 0.6492683297469534
list:
dist: 0.6492683297469534 vs. 0.6492683297469534
--------
nle(id0,id1,dist): 139 143 1.820231857842182
list:
dist: 1.820231857842182 vs. 1.820231857842182
--------
nle(id0,id1,dist): 139 140 3.133773627926778
list:
dist: 3.133773627926778 vs. 3.133773627926778
--------
nle(id0,id1,dist): 139 141 1.4212219346248736
list:
dist: 1.4212219346248736 vs. 1.4212219346248736
--------
nle(id0,id1,dist): 139 149 3.011375243276957
list:
dist: 3.011375243276957 vs. 3.011375243276957
--------
nle(id0,id1,dist): 140 145 2.3870746519545927
list:
dist: 2.3870746519545927 vs. 2.3870746519545927
--------
nle(id0,id1,dist): 140 146 3.7167811597729767
list:
dist: 3.7167811597729767 vs. 3.7167811597729767
--------
nle(id0,id1,dist): 140 147 2.1046697138238186
list:
dist: 2.1046697138238186 vs. 2.1046697138238186
--------
nle(id0,id1,dist): 140 148 3.174472013993204
list:
dist: 3.174472013993204 vs. 3.174472013993204
--------
nle(id0,id1,dist): 140 141 3.2873290999147398
list:
dist: 3.2873290999147398 vs. 3.2873290999147398
--------
nle(id0,id1,dist): 140 143 1.338860205138065
list:
dist: 1.338860205138065 vs. 1.338860205138065
--------
nle(id0,id1,dist): 140 144 2.365796016608911
list:
dist: 2.365796016608911 vs. 2.365796016608911
--------
nle(id0,id1,dist): 138 141 1.9374117400730575
list:
dist: 1.9374117400730575 vs. 1.9374117400730575
--------
nle(id0,id1,dist): 138 139 2.8277286357698066
list:
dist: 2.8277286357698066 vs. 2.8277286357698066
--------
nle(id0,id1,dist): 138 140 2.2918349547140773
list:
dist: 2.2918349547140773 vs. 2.2918349547140773
--------
nle(id0,id1,dist): 138 148 1.717027275632336
list:
dist: 1.717027275632336 vs. 1.717027275632336
--------
nle(id0,id1,dist): 138 147 2.7170811330456166
list:
dist: 2.7170811330456166 vs. 2.7170811330456166
--------
nle(id0,id1,dist): 138 146 1.4925504054545944
list:
dist: 1.4925504054545944 vs. 1.4925504054545944
--------
nle(id0,id1,dist): 138 145 0.5372437797509266
list:
dist: 0.5372437797509266 vs. 0.5372437797509266
--------
nle(id0,id1,dist): 138 144 2.1552713443138916
list:
dist: 2.1552713443138916 vs. 2.1552713443138916
--------
nle(id0,id1,dist): 138 143 1.881015073946481
list:
dist: 1.881015073946481 vs. 1.881015073946481
--------
nle(id0,id1,dist): 137 145 2.8862072561400467
list:
dist: 2.8862072561400467 vs. 2.8862072561400467
--------
nle(id0,id1,dist): 137 146 2.4091978735186466
list:
dist: 2.4091978735186466 vs. 2.4091978735186466
--------
nle(id0,id1,dist): 137 141 1.1677970687427934
list:
dist: 1.1677970687427934 vs. 1.1677970687427934
--------
nle(id0,id1,dist): 137 143 3.1980386220235
list:
dist: 3.1980386220235 vs. 3.1980386220235
--------
nle(id0,id1,dist): 137 138 2.5064925601873673
list:
dist: 2.5064925601873673 vs. 2.5064925601873673
--------
nle(id0,id1,dist): 137 139 2.421968728919015
list:
dist: 2.421968728919015 vs. 2.421968728919015
--------
nle(id0,id1,dist): 137 148 3.635052287777729
list:
dist: 3.635052287777729 vs. 3.635052287777729
--------
nle(id0,id1,dist): 136 147 1.598262930246299
list:
dist: 1.598262930246299 vs. 1.598262930246299
--------
nle(id0,id1,dist): 136 148 1.5025333614985141
list:
dist: 1.5025333614985141 vs. 1.5025333614985141
--------
nle(id0,id1,dist): 136 145 1.282804610810778
list:
dist: 1.282804610810778 vs. 1.282804610810778
--------
nle(id0,id1,dist): 136 146 2.350833110742482
list:
dist: 2.350833110742482 vs. 2.350833110742482
--------
nle(id0,id1,dist): 136 149 2.883259450841349
list:
dist: 2.883259450841349 vs. 2.883259450841349
--------
nle(id0,id1,dist): 136 140 2.3177626924610664
list:
dist: 2.3177626924610664 vs. 2.3177626924610664
--------
nle(id0,id1,dist): 136 138 1.6469535417013268
list:
dist: 1.6469535417013268 vs. 1.6469535417013268
--------
nle(id0,id1,dist): 136 143 2.7502219505633296
list:
dist: 2.7502219505633296 vs. 2.7502219505633296
--------
nle(id0,id1,dist): 136 144 0.5565964133561644
list:
dist: 0.5565964133561644 vs. 0.5565964133561644
--------
nle(id0,id1,dist): 135 143 4.237554537274192
list:
dist: 4.237554537274192 vs. 4.237554537274192
--------
nle(id0,id1,dist): 135 145 2.911709104517874
list:
dist: 2.911709104517874 vs. 2.911709104517874
--------
nle(id0,id1,dist): 135 146 1.9136207746760159
list:
dist: 1.9136207746760159 vs. 1.9136207746760159
--------
nle(id0,id1,dist): 135 148 2.948529178914229
list:
dist: 2.948529178914229 vs. 2.948529178914229
--------
nle(id0,id1,dist): 134 148 2.6029793964002015
list:
dist: 2.6029793964002015 vs. 2.6029793964002015
--------
nle(id0,id1,dist): 135 141 2.803747825642055
list:
dist: 2.803747825642055 vs. 2.803747825642055
--------
nle(id0,id1,dist): 135 138 2.876478523226855
list:
dist: 2.876478523226855 vs. 2.876478523226855
--------
nle(id0,id1,dist): 135 139 4.097622960132336
list:
dist: 4.097622960132336 vs. 4.097622960132336
--------
nle(id0,id1,dist): 135 137 1.987957647435781
list:
dist: 1.987957647435781 vs. 1.987957647435781
--------
nle(id0,id1,dist): 134 135 2.294455559548055
list:
dist: 2.294455559548055 vs. 2.294455559548055
--------
nle(id0,id1,dist): 134 137 1.4750834814121065
list:
dist: 1.4750834814121065 vs. 1.4750834814121065
--------
nle(id0,id1,dist): 134 138 1.2808357390626812
list:
dist: 1.2808357390626812 vs. 1.2808357390626812
--------
nle(id0,id1,dist): 134 143 1.976436615962587
list:
dist: 1.976436615962587 vs. 1.976436615962587
--------
nle(id0,id1,dist): 134 145 1.685767556944732
list:
dist: 1.685767556944732 vs. 1.685767556944732
--------
nle(id0,id1,dist): 134 146 1.8999522793412367
list:
dist: 1.8999522793412367 vs. 1.8999522793412367
--------
nle(id0,id1,dist): 134 139 2.0644284930615884
list:
dist: 2.0644284930615884 vs. 2.0644284930615884
--------
nle(id0,id1,dist): 134 141 0.9862278692633115
list:
dist: 0.9862278692633115 vs. 0.9862278692633115
--------
nle(id0,id1,dist): 133 142 1.2413886347466025
list:
dist: 1.2413886347466025 vs. 1.2413886347466025
--------
nle(id0,id1,dist): 132 135 2.002084349571046
list:
dist: 2.002084349571046 vs. 2.002084349571046
--------
nle(id0,id1,dist): 132 138 2.7056331546802674
list:
dist: 2.7056331546802674 vs. 2.7056331546802674
--------
nle(id0,id1,dist): 132 137 2.9238799476186057
list:
dist: 2.9238799476186057 vs. 2.9238799476186057
--------
nle(id0,id1,dist): 132 146 1.2461274556409803
list:
dist: 1.2461274556409803 vs. 1.2461274556409803
--------
nle(id0,id1,dist): 132 148 2.3624620758978
list:
dist: 2.3624620758978 vs. 2.3624620758978
--------
nle(id0,id1,dist): 131 147 2.6473046170203993
list:
dist: 2.6473046170203993 vs. 2.6473046170203993
--------
nle(id0,id1,dist): 131 146 1.0030097857935942
list:
dist: 1.0030097857935942 vs. 1.0030097857935942
--------
nle(id0,id1,dist): 131 148 1.0161290848342845
list:
dist: 1.0161290848342845 vs. 1.0161290848342845
--------
nle(id0,id1,dist): 131 143 2.7962154196462334
list:
dist: 2.7962154196462334 vs. 2.7962154196462334
--------
nle(id0,id1,dist): 131 144 1.9019828708546165
list:
dist: 1.9019828708546165 vs. 1.9019828708546165
--------
nle(id0,id1,dist): 131 145 0.5979232814168461
list:
dist: 0.5979232814168461 vs. 0.5979232814168461
--------
nle(id0,id1,dist): 131 138 0.963945720693433
list:
dist: 0.963945720693433 vs. 0.963945720693433
--------
nle(id0,id1,dist): 131 140 2.9334973369163415
list:
dist: 2.9334973369163415 vs. 2.9334973369163415
--------
nle(id0,id1,dist): 131 134 2.0127392141921536
list:
dist: 2.0127392141921536 vs. 2.0127392141921536
--------
nle(id0,id1,dist): 131 135 2.8051880190004126
list:
dist: 2.8051880190004126 vs. 2.8051880190004126
--------
nle(id0,id1,dist): 131 136 1.3544386219515132
list:
dist: 1.3544386219515132 vs. 1.3544386219515132
--------
nle(id0,id1,dist): 131 137 2.976004172526489
list:
dist: 2.976004172526489 vs. 2.976004172526489
--------
nle(id0,id1,dist): 131 132 2.0886684075515376
list:
dist: 2.0886684075515376 vs. 2.0886684075515376
--------
nle(id0,id1,dist): 130 148 3.35429589376301
list:
dist: 3.35429589376301 vs. 3.35429589376301
--------
nle(id0,id1,dist): 130 146 3.3470459922247415
list:
dist: 3.3470459922247415 vs. 3.3470459922247415
--------
nle(id0,id1,dist): 130 132 2.657176868408405
list:
dist: 2.657176868408405 vs. 2.657176868408405
--------
nle(id0,id1,dist): 130 131 3.510501075792704
list:
dist: 3.510501075792704 vs. 3.510501075792704
--------
nle(id0,id1,dist): 129 149 0.6259968638940758
list:
dist: 0.6259968638940758 vs. 0.6259968638940758
--------
nle(id0,id1,dist): 129 140 1.1852384242831906
list:
dist: 1.1852384242831906 vs. 1.1852384242831906
--------
nle(id0,id1,dist): 129 141 3.2273034792493545
list:
dist: 3.2273034792493545 vs. 3.2273034792493545
--------
nle(id0,id1,dist): 129 143 1.1751323951643415
list:
dist: 1.1751323951643415 vs. 1.1751323951643415
--------
nle(id0,id1,dist): 129 139 2.588571764879704
list:
dist: 2.588571764879704 vs. 2.588571764879704
--------
nle(id0,id1,dist): 129 138 2.897375892690683
list:
dist: 2.897375892690683 vs. 2.897375892690683
--------
nle(id0,id1,dist): 127 141 2.065041552775578
list:
dist: 2.065041552775578 vs. 2.065041552775578
--------
nle(id0,id1,dist): 127 138 2.941414183509905
list:
dist: 2.941414183509905 vs. 2.941414183509905
--------
nle(id0,id1,dist): 127 139 3.3517801004812773
list:
dist: 3.3517801004812773 vs. 3.3517801004812773
--------
nle(id0,id1,dist): 127 137 0.940409673457101
list:
dist: 0.940409673457101 vs. 0.940409673457101
--------
nle(id0,id1,dist): 127 134 2.0743282266595666
list:
dist: 2.0743282266595666 vs. 2.0743282266595666
--------
nle(id0,id1,dist): 127 135 1.3427097202525222
list:
dist: 1.3427097202525222 vs. 1.3427097202525222
--------
nle(id0,id1,dist): 127 148 3.6618263771058954
list:
dist: 3.6618263771058954 vs. 3.6618263771058954
--------
nle(id0,id1,dist): 127 146 2.3302996150125064
list:
dist: 2.3302996150125064 vs. 2.3302996150125064
--------
nle(id0,id1,dist): 127 145 3.1932707530932536
list:
dist: 3.1932707530932536 vs. 3.1932707530932536
--------
nle(id0,id1,dist): 127 143 3.980638902532846
list:
dist: 3.980638902532846 vs. 3.980638902532846
--------
nle(id0,id1,dist): 127 132 2.479448879884177
list:
dist: 2.479448879884177 vs. 2.479448879884177
--------
nle(id0,id1,dist): 127 131 3.145515280499416
list:
dist: 3.145515280499416 vs. 3.145515280499416
--------
nle(id0,id1,dist): 126 140 2.898393267649721
list:
dist: 2.898393267649721 vs. 2.898393267649721
--------
nle(id0,id1,dist): 126 143 3.5148559701173148
list:
dist: 3.5148559701173148 vs. 3.5148559701173148
--------
nle(id0,id1,dist): 126 144 1.2822605402761544
list:
dist: 1.2822605402761544 vs. 1.2822605402761544
--------
nle(id0,id1,dist): 126 145 1.7919214774630003
list:
dist: 1.7919214774630003 vs. 1.7919214774630003
--------
nle(id0,id1,dist): 126 146 2.5651828761844335
list:
dist: 2.5651828761844335 vs. 2.5651828761844335
--------
nle(id0,id1,dist): 126 147 1.3389755486481363
list:
dist: 1.3389755486481363 vs. 1.3389755486481363
--------
nle(id0,id1,dist): 126 148 1.1522982142787437
list:
dist: 1.1522982142787437 vs. 1.1522982142787437
--------
nle(id0,id1,dist): 126 149 3.5331546707924284
list:
dist: 3.5331546707924284 vs. 3.5331546707924284
--------
nle(id0,id1,dist): 126 127 4.743398553730887
list:
dist: 4.743398553730887 vs. 4.743398553730887
--------
nle(id0,id1,dist): 126 131 1.782188743155923
list:
dist: 1.782188743155923 vs. 1.782188743155923
--------
nle(id0,id1,dist): 126 134 3.383898975261334
list:
dist: 3.383898975261334 vs. 3.383898975261334
--------
nle(id0,id1,dist): 126 136 1.1451422558724484
list:
dist: 1.1451422558724484 vs. 1.1451422558724484
--------
nle(id0,id1,dist): 126 135 4.079511937259884
list:
dist: 4.079511937259884 vs. 4.079511937259884
--------
nle(id0,id1,dist): 126 138 2.3015575580982324
list:
dist: 2.3015575580982324 vs. 2.3015575580982324
--------
nle(id0,id1,dist): 126 137 4.5991870817644145
list:
dist: 4.5991870817644145 vs. 4.5991870817644145
--------
nle(id0,id1,dist): 125 146 2.8519414299185954
list:
dist: 2.8519414299185954 vs. 2.8519414299185954
--------
nle(id0,id1,dist): 125 147 2.0021937943763457
list:
dist: 2.0021937943763457 vs. 2.0021937943763457
--------
nle(id0,id1,dist): 125 144 1.4976076981797108
list:
dist: 1.4976076981797108 vs. 1.4976076981797108
--------
nle(id0,id1,dist): 125 145 2.356091727648691
list:
dist: 2.356091727648691 vs. 2.356091727648691
--------
nle(id0,id1,dist): 125 148 1.6211331259016477
list:
dist: 1.6211331259016477 vs. 1.6211331259016477
--------
nle(id0,id1,dist): 125 131 2.1365205659648145
list:
dist: 2.1365205659648145 vs. 2.1365205659648145
--------
nle(id0,id1,dist): 125 130 3.1464888174536756
list:
dist: 3.1464888174536756 vs. 3.1464888174536756
--------
nle(id0,id1,dist): 125 136 1.5121534314632892
list:
dist: 1.5121534314632892 vs. 1.5121534314632892
2. Check the NeighborList query for coordinates against the neighbor list for consistency
list:
dist: 1.3658767169966932 vs. 1.3658767169966932
list:
dist: 1.8910000419483524 vs. 1.8910000419483524
list:
dist: 1.6328812735475198 vs. 1.6328812735475198
list:
dist: 2.864540233425689 vs. 2.864540233425689
list:
dist: 2.9804934710154174 vs. 2.9804934710154174
list:
dist: 3.042686229222235 vs. 3.042686229222235
list:
dist: 2.2788892742288995 vs. 2.2788892742288995
list:
dist: 0.7872034496294751 vs. 0.7872034496294751
list:
dist: 2.7888986033174543 vs. 2.7888986033174543
list:
dist: 2.007426445077205 vs. 2.007426445077205
list:
dist: 2.6407644046114838 vs. 2.6407644046114838
list:
dist: 1.1507328217846713 vs. 1.1507328217846713
list:
dist: 1.9901436421930137 vs. 1.9901436421930137
list:
dist: 1.4587630919863075 vs. 1.4587630919863075
list:
dist: 1.5368231366924145 vs. 1.5368231366924145
list:
dist: 1.5871521322265987 vs. 1.5871521322265987
list:
dist: 1.9964117757575457 vs. 1.9964117757575457
list:
dist: 0.9299552308732936 vs. 0.9299552308732936
list:
dist: 3.0492831197292776 vs. 3.0492831197292776
list:
dist: 2.1720925649846716 vs. 2.1720925649846716
list:
dist: 2.7668630867248623 vs. 2.7668630867248623
list:
dist: 3.1153016337400956 vs. 3.1153016337400956
list:
dist: 2.6378149620031737 vs. 2.6378149620031737
list:
dist: 2.964943067051229 vs. 2.964943067051229
list:
dist: 3.564039045038548 vs. 3.564039045038548
list:
dist: 3.4630445395117477 vs. 3.4630445395117477
list:
dist: 3.4037260303184724 vs. 3.4037260303184724
list:
dist: 1.7035764423730864 vs. 1.7035764423730864
list:
dist: 2.733658544665554 vs. 2.733658544665554
list:
dist: 1.7383135077460508 vs. 1.7383135077460508
list:
dist: 0.9299552308732936 vs. 0.9299552308732936
list:
dist: 1.1899720192162555 vs. 1.1899720192162555
list:
dist: 0.9510579005163238 vs. 0.9510579005163238
list:
dist: 1.786446853632914 vs. 1.786446853632914
list:
dist: 2.629845292168483 vs. 2.629845292168483
list:
dist: 2.805963075626945 vs. 2.805963075626945
list:
dist: 2.7185221545948504 vs. 2.7185221545948504
list:
dist: 3.3949334448684754 vs. 3.3949334448684754
list:
dist: 2.9879351547543336 vs. 2.9879351547543336
list:
dist: 3.1418040904111355 vs. 3.1418040904111355
list:
dist: 3.566446139532649 vs. 3.566446139532649
list:
dist: 3.4053315647189755 vs. 3.4053315647189755
list:
dist: 3.1861449458054745 vs. 3.1861449458054745
list:
dist: 1.3658767169966932 vs. 1.3658767169966932
list:
dist: 1.9864996939766935 vs. 1.9864996939766935
list:
dist: 1.074400949236736 vs. 1.074400949236736
list:
dist: 1.1507328217846713 vs. 1.1507328217846713
list:
dist: 2.6359285355628774 vs. 2.6359285355628774
list:
dist: 2.323626398229622 vs. 2.323626398229622
list:
dist: 3.08614795847415 vs. 3.08614795847415
list:
dist: 1.7035764423730864 vs. 1.7035764423730864
list:
dist: 1.9864996939766935 vs. 1.9864996939766935
list:
dist: 1.8910000419483524 vs. 1.8910000419483524
list:
dist: 1.7341206903745578 vs. 1.7341206903745578
list:
dist: 1.9901436421930137 vs. 1.9901436421930137
list:
dist: 2.9365204483772525 vs. 2.9365204483772525
list:
dist: 2.8358198560595866 vs. 2.8358198560595866
list:
dist: 2.968722686764495 vs. 2.968722686764495
list:
dist: 2.733658544665554 vs. 2.733658544665554
list:
dist: 1.8928360585123278 vs. 1.8928360585123278
list:
dist: 1.2311856546960414 vs. 1.2311856546960414
list:
dist: 3.1854491397278757 vs. 3.1854491397278757
list:
dist: 2.245311876466621 vs. 2.245311876466621
list:
dist: 1.890734306041994 vs. 1.890734306041994
list:
dist: 2.8220481614599544 vs. 2.8220481614599544
list:
dist: 2.864540233425689 vs. 2.864540233425689
list:
dist: 1.8788440783091018 vs. 1.8788440783091018
list:
dist: 2.2788892742288995 vs. 2.2788892742288995
list:
dist: 2.323626398229622 vs. 2.323626398229622
list:
dist: 2.8358198560595866 vs. 2.8358198560595866
list:
dist: 1.8817043842507546 vs. 1.8817043842507546
list:
dist: 1.5871521322265987 vs. 1.5871521322265987
list:
dist: 1.1303332801897956 vs. 1.1303332801897956
list:
dist: 1.4524204783168095 vs. 1.4524204783168095
list:
dist: 0.9510579005163238 vs. 0.9510579005163238
list:
dist: 2.3607846823589407 vs. 2.3607846823589407
list:
dist: 2.766086906786399 vs. 2.766086906786399
list:
dist: 2.2762989831163116 vs. 2.2762989831163116
list:
dist: 2.9003953226671633 vs. 2.9003953226671633
list:
dist: 2.6105128601094685 vs. 2.6105128601094685
list:
dist: 2.7363032665756966 vs. 2.7363032665756966
list:
dist: 3.1788026636375366 vs. 3.1788026636375366
list:
dist: 3.107266703831685 vs. 3.107266703831685
list:
dist: 2.531982905864328 vs. 2.531982905864328
list:
dist: 2.245311876466621 vs. 2.245311876466621
list:
dist: 3.072513000365684 vs. 3.072513000365684
list:
dist: 3.1153016337400956 vs. 3.1153016337400956
list:
dist: 2.8718531717199207 vs. 2.8718531717199207
list:
dist: 2.9003953226671633 vs. 2.9003953226671633
list:
dist: 2.4228340688189425 vs. 2.4228340688189425
list:
dist: 3.3949334448684754 vs. 3.3949334448684754
list:
dist: 3.5109886436644464 vs. 3.5109886436644464
list:
dist: 1.522313804465051 vs. 1.522313804465051
list:
dist: 1.967737897812886 vs. 1.967737897812886
list:
dist: 0.5580456583023053 vs. 0.5580456583023053
list:
dist: 1.3290580834817054 vs. 1.3290580834817054
list:
dist: 2.4171730838173677 vs. 2.4171730838173677
list:
dist: 2.8473753221123954 vs. 2.8473753221123954
list:
dist: 2.199694132061133 vs. 2.199694132061133
list:
dist: 2.3288819477720466 vs. 2.3288819477720466
list:
dist: 2.4905971736242787 vs. 2.4905971736242787
list:
dist: 1.9054078564225843 vs. 1.9054078564225843
list:
dist: 2.1950351734218705 vs. 2.1950351734218705
list:
dist: 3.8127877202345264 vs. 3.8127877202345264
list:
dist: 2.414837137017874 vs. 2.414837137017874
list:
dist: 3.042686229222235 vs. 3.042686229222235
list:
dist: 1.2311856546960414 vs. 1.2311856546960414
list:
dist: 2.5070583788823066 vs. 2.5070583788823066
list:
dist: 2.1720925649846716 vs. 2.1720925649846716
list:
dist: 2.485050440920151 vs. 2.485050440920151
list:
dist: 2.766086906786399 vs. 2.766086906786399
list:
dist: 2.288583216136777 vs. 2.288583216136777
list:
dist: 2.805963075626945 vs. 2.805963075626945
list:
dist: 2.4726566453006695 vs. 2.4726566453006695
list:
dist: 2.217777349570399 vs. 2.217777349570399
list:
dist: 1.522313804465051 vs. 1.522313804465051
list:
dist: 1.0250361543239377 vs. 1.0250361543239377
list:
dist: 1.7209178095928712 vs. 1.7209178095928712
list:
dist: 2.7888986033174543 vs. 2.7888986033174543
list:
dist: 3.328020237581981 vs. 3.328020237581981
list:
dist: 3.415788452536413 vs. 3.415788452536413
list:
dist: 3.3048646508209134 vs. 3.3048646508209134
list:
dist: 3.143381451367303 vs. 3.143381451367303
list:
dist: 1.074400949236736 vs. 1.074400949236736
list:
dist: 1.6328812735475198 vs. 1.6328812735475198
list:
dist: 1.7341206903745578 vs. 1.7341206903745578
list:
dist: 1.4587630919863075 vs. 1.4587630919863075
list:
dist: 2.5353129698336776 vs. 2.5353129698336776
list:
dist: 1.8817043842507546 vs. 1.8817043842507546
list:
dist: 2.8429301466086683 vs. 2.8429301466086683
list:
dist: 1.7383135077460508 vs. 1.7383135077460508
list:
dist: 3.0381205296060405 vs. 3.0381205296060405
list:
dist: 2.5070583788823066 vs. 2.5070583788823066
list:
dist: 3.4664413912554903 vs. 3.4664413912554903
list:
dist: 3.072513000365684 vs. 3.072513000365684
list:
dist: 2.7702904254856184 vs. 2.7702904254856184
list:
dist: 3.4980604853092427 vs. 3.4980604853092427
list:
dist: 2.9804934710154174 vs. 2.9804934710154174
list:
dist: 1.8928360585123278 vs. 1.8928360585123278
list:
dist: 3.0381205296060405 vs. 3.0381205296060405
list:
dist: 1.8788440783091018 vs. 1.8788440783091018
list:
dist: 2.4726566453006695 vs. 2.4726566453006695
list:
dist: 0.7872034496294751 vs. 0.7872034496294751
list:
dist: 2.562677652923687 vs. 2.562677652923687
list:
dist: 3.2042766154703473 vs. 3.2042766154703473
list:
dist: 2.432379404381656 vs. 2.432379404381656
list:
dist: 2.414837137017874 vs. 2.414837137017874
list:
dist: 2.614710052116214 vs. 2.614710052116214
list:
dist: 1.9453217112938683 vs. 1.9453217112938683
list:
dist: 1.8990630266105804 vs. 1.8990630266105804
list:
dist: 2.4407301365666063 vs. 2.4407301365666063
list:
dist: 2.298966531933279 vs. 2.298966531933279
list:
dist: 1.4847541091879932 vs. 1.4847541091879932
list:
dist: 0.6473070352470487 vs. 0.6473070352470487
list:
dist: 1.9630696291921856 vs. 1.9630696291921856
list:
dist: 1.494820774306982 vs. 1.494820774306982
list:
dist: 1.890734306041994 vs. 1.890734306041994
list:
dist: 2.7702904254856184 vs. 2.7702904254856184
list:
dist: 2.6378149620031737 vs. 2.6378149620031737
list:
dist: 2.4666824828646656 vs. 2.4666824828646656
list:
dist: 2.6105128601094685 vs. 2.6105128601094685
list:
dist: 2.0657743535378086 vs. 2.0657743535378086
list:
dist: 2.9879351547543336 vs. 2.9879351547543336
list:
dist: 3.2243609664750763 vs. 3.2243609664750763
list:
dist: 1.0250361543239377 vs. 1.0250361543239377
list:
dist: 1.7252904476957716 vs. 1.7252904476957716
list:
dist: 0.5580456583023053 vs. 0.5580456583023053
list:
dist: 1.1209099330526144 vs. 1.1209099330526144
list:
dist: 2.254882360483916 vs. 2.254882360483916
list:
dist: 2.6096640385789995 vs. 2.6096640385789995
list:
dist: 2.164664908207124 vs. 2.164664908207124
list:
dist: 2.774248940781262 vs. 2.774248940781262
list:
dist: 2.884989398563046 vs. 2.884989398563046
list:
dist: 2.373036125228603 vs. 2.373036125228603
list:
dist: 2.454354009333286 vs. 2.454354009333286
list:
dist: 3.765846374609403 vs. 3.765846374609403
list:
dist: 2.614710052116214 vs. 2.614710052116214
list:
dist: 3.08614795847415 vs. 3.08614795847415
list:
dist: 2.968722686764495 vs. 2.968722686764495
list:
dist: 2.8429301466086683 vs. 2.8429301466086683
list:
dist: 1.9964117757575457 vs. 1.9964117757575457
list:
dist: 0.6693479082907289 vs. 0.6693479082907289
list:
dist: 1.4524204783168095 vs. 1.4524204783168095
list:
dist: 1.786446853632914 vs. 1.786446853632914
list:
dist: 1.3192944057061426 vs. 1.3192944057061426
list:
dist: 2.288583216136777 vs. 2.288583216136777
list:
dist: 0.979847310038577 vs. 0.979847310038577
list:
dist: 2.4228340688189425 vs. 2.4228340688189425
list:
dist: 2.0657743535378086 vs. 2.0657743535378086
list:
dist: 1.635379489106668 vs. 1.635379489106668
list:
dist: 1.8029976355975161 vs. 1.8029976355975161
list:
dist: 1.6750847099933872 vs. 1.6750847099933872
list:
dist: 1.5207701852322797 vs. 1.5207701852322797
list:
dist: 2.6359285355628774 vs. 2.6359285355628774
list:
dist: 2.9365204483772525 vs. 2.9365204483772525
list:
dist: 2.5353129698336776 vs. 2.5353129698336776
list:
dist: 1.5368231366924145 vs. 1.5368231366924145
list:
dist: 1.1303332801897956 vs. 1.1303332801897956
list:
dist: 0.6693479082907289 vs. 0.6693479082907289
list:
dist: 1.1899720192162555 vs. 1.1899720192162555
list:
dist: 1.5394950137995635 vs. 1.5394950137995635
list:
dist: 2.485050440920151 vs. 2.485050440920151
list:
dist: 1.6419781957735844 vs. 1.6419781957735844
list:
dist: 2.8718531717199207 vs. 2.8718531717199207
list:
dist: 2.4666824828646656 vs. 2.4666824828646656
list:
dist: 2.2292580549170493 vs. 2.2292580549170493
list:
dist: 2.430513098116919 vs. 2.430513098116919
list:
dist: 2.2275501084340665 vs. 2.2275501084340665
list:
dist: 2.1582631752496417 vs. 2.1582631752496417
list:
dist: 3.2042766154703473 vs. 3.2042766154703473
list:
dist: 3.415788452536413 vs. 3.415788452536413
list:
dist: 4.047746927549017 vs. 4.047746927549017
list:
dist: 2.4905971736242787 vs. 2.4905971736242787
list:
dist: 2.884989398563046 vs. 2.884989398563046
list:
dist: 3.2461402833731126 vs. 3.2461402833731126
list:
dist: 2.6407644046114838 vs. 2.6407644046114838
list:
dist: 0.9422205211989888 vs. 0.9422205211989888
list:
dist: 1.9367246315442417 vs. 1.9367246315442417
list:
dist: 1.978516609944242 vs. 1.978516609944242
list:
dist: 2.2077690166841837 vs. 2.2077690166841837
list:
dist: 2.562677652923687 vs. 2.562677652923687
list:
dist: 3.328020237581981 vs. 3.328020237581981
list:
dist: 4.155105581476049 vs. 4.155105581476049
list:
dist: 2.3288819477720466 vs. 2.3288819477720466
list:
dist: 2.774248940781262 vs. 2.774248940781262
list:
dist: 3.399547748072634 vs. 3.399547748072634
list:
dist: 2.007426445077205 vs. 2.007426445077205
list:
dist: 0.9422205211989888 vs. 0.9422205211989888
list:
dist: 2.1377063135674272 vs. 2.1377063135674272
list:
dist: 2.5933481717787585 vs. 2.5933481717787585
list:
dist: 2.860047030160274 vs. 2.860047030160274
list:
dist: 3.0492831197292776 vs. 3.0492831197292776
list:
dist: 1.5394950137995635 vs. 1.5394950137995635
list:
dist: 2.3607846823589407 vs. 2.3607846823589407
list:
dist: 1.3192944057061426 vs. 1.3192944057061426
list:
dist: 2.629845292168483 vs. 2.629845292168483
list:
dist: 1.6074569625002213 vs. 1.6074569625002213
list:
dist: 3.5109886436644464 vs. 3.5109886436644464
list:
dist: 3.2243609664750763 vs. 3.2243609664750763
list:
dist: 2.4457451468168316 vs. 2.4457451468168316
list:
dist: 1.9019021327039116 vs. 1.9019021327039116
list:
dist: 1.4790287958729458 vs. 1.4790287958729458
list:
dist: 1.7645156229625958 vs. 1.7645156229625958
list:
dist: 3.143381451367303 vs. 3.143381451367303
list:
dist: 2.7056015501223385 vs. 2.7056015501223385
list:
dist: 2.1950351734218705 vs. 2.1950351734218705
list:
dist: 2.454354009333286 vs. 2.454354009333286
list:
dist: 2.0515732226579395 vs. 2.0515732226579395
list:
dist: 2.3152400521500076 vs. 2.3152400521500076
list:
dist: 2.873552685033106 vs. 2.873552685033106
list:
dist: 2.6659985311689827 vs. 2.6659985311689827
list:
dist: 2.5933481717787585 vs. 2.5933481717787585
list:
dist: 1.978516609944242 vs. 1.978516609944242
list:
dist: 1.2572577964235807 vs. 1.2572577964235807
list:
dist: 2.530672666956974 vs. 2.530672666956974
list:
dist: 0.6473070352470487 vs. 0.6473070352470487
list:
dist: 1.3123141413829114 vs. 1.3123141413829114
list:
dist: 3.1854491397278757 vs. 3.1854491397278757
list:
dist: 3.4664413912554903 vs. 3.4664413912554903
list:
dist: 2.7668630867248623 vs. 2.7668630867248623
list:
dist: 1.6419781957735844 vs. 1.6419781957735844
list:
dist: 2.2762989831163116 vs. 2.2762989831163116
list:
dist: 0.979847310038577 vs. 0.979847310038577
list:
dist: 2.7185221545948504 vs. 2.7185221545948504
list:
dist: 1.6074569625002213 vs. 1.6074569625002213
list:
dist: 2.217777349570399 vs. 2.217777349570399
list:
dist: 1.967737897812886 vs. 1.967737897812886
list:
dist: 1.7252904476957716 vs. 1.7252904476957716
list:
dist: 0.8547342395543881 vs. 0.8547342395543881
list:
dist: 0.9217678438474171 vs. 0.9217678438474171
list:
dist: 1.0596266539074086 vs. 1.0596266539074086
list:
dist: 0.8657149396632858 vs. 0.8657149396632858
list:
dist: 4.155105581476049 vs. 4.155105581476049
list:
dist: 4.047746927549017 vs. 4.047746927549017
list:
dist: 2.822347720696225 vs. 2.822347720696225
list:
dist: 2.7056015501223385 vs. 2.7056015501223385
list:
dist: 2.692268660630985 vs. 2.692268660630985
list:
dist: 2.432379404381656 vs. 2.432379404381656
list:
dist: 3.564039045038548 vs. 3.564039045038548
list:
dist: 2.430513098116919 vs. 2.430513098116919
list:
dist: 3.1788026636375366 vs. 3.1788026636375366
list:
dist: 1.8029976355975161 vs. 1.8029976355975161
list:
dist: 3.566446139532649 vs. 3.566446139532649
list:
dist: 1.9019021327039116 vs. 1.9019021327039116
list:
dist: 0.9217678438474171 vs. 0.9217678438474171
list:
dist: 2.4171730838173677 vs. 2.4171730838173677
list:
dist: 2.254882360483916 vs. 2.254882360483916
list:
dist: 1.137127186259065 vs. 1.137127186259065
list:
dist: 0.5731598522857114 vs. 0.5731598522857114
list:
dist: 1.176877089746481 vs. 1.176877089746481
list:
dist: 2.7529100017979125 vs. 2.7529100017979125
list:
dist: 2.3152400521500076 vs. 2.3152400521500076
list:
dist: 1.7743448349347657 vs. 1.7743448349347657
list:
dist: 1.8990630266105804 vs. 1.8990630266105804
list:
dist: 2.8220481614599544 vs. 2.8220481614599544
list:
dist: 3.4980604853092427 vs. 3.4980604853092427
list:
dist: 2.964943067051229 vs. 2.964943067051229
list:
dist: 2.2292580549170493 vs. 2.2292580549170493
list:
dist: 2.7363032665756966 vs. 2.7363032665756966
list:
dist: 1.635379489106668 vs. 1.635379489106668
list:
dist: 3.1418040904111355 vs. 3.1418040904111355
list:
dist: 2.4457451468168316 vs. 2.4457451468168316
list:
dist: 1.7209178095928712 vs. 1.7209178095928712
list:
dist: 0.8547342395543881 vs. 0.8547342395543881
list:
dist: 1.3290580834817054 vs. 1.3290580834817054
list:
dist: 1.1209099330526144 vs. 1.1209099330526144
list:
dist: 1.137127186259065 vs. 1.137127186259065
list:
dist: 1.538485820417192 vs. 1.538485820417192
list:
dist: 1.3678210083192042 vs. 1.3678210083192042
list:
dist: 3.399547748072634 vs. 3.399547748072634
list:
dist: 3.2461402833731126 vs. 3.2461402833731126
list:
dist: 2.278089208321225 vs. 2.278089208321225
list:
dist: 2.0515732226579395 vs. 2.0515732226579395
list:
dist: 2.701419249477872 vs. 2.701419249477872
list:
dist: 1.9453217112938683 vs. 1.9453217112938683
list:
dist: 3.4630445395117477 vs. 3.4630445395117477
list:
dist: 2.2275501084340665 vs. 2.2275501084340665
list:
dist: 3.107266703831685 vs. 3.107266703831685
list:
dist: 1.6750847099933872 vs. 1.6750847099933872
list:
dist: 3.4053315647189755 vs. 3.4053315647189755
list:
dist: 1.4790287958729458 vs. 1.4790287958729458
list:
dist: 1.0596266539074086 vs. 1.0596266539074086
list:
dist: 2.8473753221123954 vs. 2.8473753221123954
list:
dist: 2.6096640385789995 vs. 2.6096640385789995
list:
dist: 1.538485820417192 vs. 1.538485820417192
list:
dist: 0.5731598522857114 vs. 0.5731598522857114
list:
dist: 1.3997541851372408 vs. 1.3997541851372408
list:
dist: 3.3144865263566015 vs. 3.3144865263566015
list:
dist: 2.873552685033106 vs. 2.873552685033106
list:
dist: 1.9001968901980641 vs. 1.9001968901980641
list:
dist: 2.4407301365666063 vs. 2.4407301365666063
list:
dist: 2.692268660630985 vs. 2.692268660630985
list:
dist: 3.8127877202345264 vs. 3.8127877202345264
list:
dist: 3.765846374609403 vs. 3.765846374609403
list:
dist: 2.701419249477872 vs. 2.701419249477872
list:
dist: 1.7743448349347657 vs. 1.7743448349347657
list:
dist: 1.9001968901980641 vs. 1.9001968901980641
list:
dist: 2.652874110886774 vs. 2.652874110886774
list:
dist: 3.3611349548609213 vs. 3.3611349548609213
list:
dist: 2.530672666956974 vs. 2.530672666956974
list:
dist: 1.9630696291921856 vs. 1.9630696291921856
list:
dist: 3.1488410359095846 vs. 3.1488410359095846
list:
dist: 3.3048646508209134 vs. 3.3048646508209134
list:
dist: 2.822347720696225 vs. 2.822347720696225
list:
dist: 1.9054078564225843 vs. 1.9054078564225843
list:
dist: 2.373036125228603 vs. 2.373036125228603
list:
dist: 2.278089208321225 vs. 2.278089208321225
list:
dist: 2.7529100017979125 vs. 2.7529100017979125
list:
dist: 3.3144865263566015 vs. 3.3144865263566015
list:
dist: 2.533401750172516 vs. 2.533401750172516
list:
dist: 2.1377063135674272 vs. 2.1377063135674272
list:
dist: 1.9367246315442417 vs. 1.9367246315442417
list:
dist: 1.2572577964235807 vs. 1.2572577964235807
list:
dist: 3.3611349548609213 vs. 3.3611349548609213
list:
dist: 1.4847541091879932 vs. 1.4847541091879932
list:
dist: 1.519034385064958 vs. 1.519034385064958
list:
dist: 2.860047030160274 vs. 2.860047030160274
list:
dist: 2.2077690166841837 vs. 2.2077690166841837
list:
dist: 1.519034385064958 vs. 1.519034385064958
list:
dist: 1.3123141413829114 vs. 1.3123141413829114
list:
dist: 3.1488410359095846 vs. 3.1488410359095846
list:
dist: 1.494820774306982 vs. 1.494820774306982
list:
dist: 3.4037260303184724 vs. 3.4037260303184724
list:
dist: 2.1582631752496417 vs. 2.1582631752496417
list:
dist: 2.531982905864328 vs. 2.531982905864328
list:
dist: 1.5207701852322797 vs. 1.5207701852322797
list:
dist: 3.1861449458054745 vs. 3.1861449458054745
list:
dist: 1.7645156229625958 vs. 1.7645156229625958
list:
dist: 0.8657149396632858 vs. 0.8657149396632858
list:
dist: 2.199694132061133 vs. 2.199694132061133
list:
dist: 2.164664908207124 vs. 2.164664908207124
list:
dist: 1.3678210083192042 vs. 1.3678210083192042
list:
dist: 1.176877089746481 vs. 1.176877089746481
list:
dist: 1.3997541851372408 vs. 1.3997541851372408
list:
dist: 2.533401750172516 vs. 2.533401750172516
list:
dist: 2.6659985311689827 vs. 2.6659985311689827
list:
dist: 2.652874110886774 vs. 2.652874110886774
list:
dist: 2.298966531933279 vs. 2.298966531933279
list:
dist: 1.9498651879390805 vs. 1.9498651879390805
list:
dist: 0.7194226375425871 vs. 0.7194226375425871
list:
dist: 1.0983952938353423 vs. 1.0983952938353423
list:
dist: 1.5147779855826269 vs. 1.5147779855826269
list:
dist: 2.7187353722325924 vs. 2.7187353722325924
list:
dist: 3.6766686760931546 vs. 3.6766686760931546
list:
dist: 3.5857602866435703 vs. 3.5857602866435703
list:
dist: 2.9777906444049536 vs. 2.9777906444049536
list:
dist: 3.60081444112242 vs. 3.60081444112242
list:
dist: 2.20904610572891 vs. 2.20904610572891
list:
dist: 4.3808917320437315 vs. 4.3808917320437315
list:
dist: 3.531026917837705 vs. 3.531026917837705
list:
dist: 3.5504031951607535 vs. 3.5504031951607535
list:
dist: 2.6872056860456497 vs. 2.6872056860456497
list:
dist: 3.60081444112242 vs. 3.60081444112242
list:
dist: 2.712120893742271 vs. 2.712120893742271
list:
dist: 1.977266766093442 vs. 1.977266766093442
list:
dist: 3.4482968567637755 vs. 3.4482968567637755
list:
dist: 2.753905911521098 vs. 2.753905911521098
list:
dist: 1.2891272296556677 vs. 1.2891272296556677
list:
dist: 1.7532067848893569 vs. 1.7532067848893569
list:
dist: 1.3047519959677252 vs. 1.3047519959677252
list:
dist: 3.2053412389439484 vs. 3.2053412389439484
list:
dist: 2.210573882555348 vs. 2.210573882555348
list:
dist: 2.699535228729078 vs. 2.699535228729078
list:
dist: 2.099564772864991 vs. 2.099564772864991
list:
dist: 1.4371855522760988 vs. 1.4371855522760988
list:
dist: 2.7274080770914546 vs. 2.7274080770914546
list:
dist: 1.9763376837670807 vs. 1.9763376837670807
list:
dist: 1.2632339476681365 vs. 1.2632339476681365
list:
dist: 1.230380325038638 vs. 1.230380325038638
list:
dist: 2.2830530841833925 vs. 2.2830530841833925
list:
dist: 1.6265960735768614 vs. 1.6265960735768614
list:
dist: 1.9498651879390805 vs. 1.9498651879390805
list:
dist: 1.1809515240005335 vs. 1.1809515240005335
list:
dist: 2.9477653011582365 vs. 2.9477653011582365
list:
dist: 1.7598116140100206 vs. 1.7598116140100206
list:
dist: 1.932333819218598 vs. 1.932333819218598
list:
dist: 2.290469696336475 vs. 2.290469696336475
list:
dist: 3.3948810890474213 vs. 3.3948810890474213
list:
dist: 3.531026917837705 vs. 3.531026917837705
list:
dist: 1.8194991583251399 vs. 1.8194991583251399
list:
dist: 2.2830530841833925 vs. 2.2830530841833925
list:
dist: 1.0658546965966875 vs. 1.0658546965966875
list:
dist: 0.7194226375425871 vs. 0.7194226375425871
list:
dist: 1.5482518693743728 vs. 1.5482518693743728
list:
dist: 2.921927322581857 vs. 2.921927322581857
list:
dist: 3.7995983909294804 vs. 3.7995983909294804
list:
dist: 3.5376951865722672 vs. 3.5376951865722672
list:
dist: 3.072019432302218 vs. 3.072019432302218
list:
dist: 3.5504031951607535 vs. 3.5504031951607535
list:
dist: 2.2444857901058315 vs. 2.2444857901058315
list:
dist: 4.157627001954256 vs. 4.157627001954256
list:
dist: 2.9477653011582365 vs. 2.9477653011582365
list:
dist: 3.066144153909898 vs. 3.066144153909898
list:
dist: 2.330554737997795 vs. 2.330554737997795
list:
dist: 3.3062217770009013 vs. 3.3062217770009013
list:
dist: 1.6928461016611176 vs. 1.6928461016611176
list:
dist: 2.4014837614177145 vs. 2.4014837614177145
list:
dist: 2.8993502747689703 vs. 2.8993502747689703
list:
dist: 2.7413482254361594 vs. 2.7413482254361594
list:
dist: 2.8899576829256723 vs. 2.8899576829256723
list:
dist: 2.8899576829256723 vs. 2.8899576829256723
list:
dist: 1.1865735892021054 vs. 1.1865735892021054
list:
dist: 2.045484378203221 vs. 2.045484378203221
list:
dist: 1.96260041812962 vs. 1.96260041812962
list:
dist: 2.6221800848156382 vs. 2.6221800848156382
list:
dist: 2.099564772864991 vs. 2.099564772864991
list:
dist: 1.9210843713066332 vs. 1.9210843713066332
list:
dist: 2.164282436077267 vs. 2.164282436077267
list:
dist: 1.390493762454991 vs. 1.390493762454991
list:
dist: 0.26787072333708395 vs. 0.26787072333708395
list:
dist: 1.24538882382017 vs. 1.24538882382017
list:
dist: 1.4909242739704498 vs. 1.4909242739704498
list:
dist: 1.705059417183342 vs. 1.705059417183342
list:
dist: 2.5841859502891973 vs. 2.5841859502891973
list:
dist: 1.6535545142890826 vs. 1.6535545142890826
list:
dist: 2.4297527940116015 vs. 2.4297527940116015
list:
dist: 2.65393255632479 vs. 2.65393255632479
list:
dist: 2.919604390175476 vs. 2.919604390175476
list:
dist: 2.290469696336475 vs. 2.290469696336475
list:
dist: 3.5376951865722672 vs. 3.5376951865722672
list:
dist: 2.5985429807013296 vs. 2.5985429807013296
list:
dist: 3.5857602866435703 vs. 3.5857602866435703
list:
dist: 2.0725509004180016 vs. 2.0725509004180016
list:
dist: 3.3062217770009013 vs. 3.3062217770009013
list:
dist: 1.6767891669937032 vs. 1.6767891669937032
list:
dist: 1.0587254881236914 vs. 1.0587254881236914
list:
dist: 2.753905911521098 vs. 2.753905911521098
list:
dist: 1.805025917278146 vs. 1.805025917278146
list:
dist: 2.3767411189772707 vs. 2.3767411189772707
list:
dist: 1.6547434993308685 vs. 1.6547434993308685
list:
dist: 1.9315373088382948 vs. 1.9315373088382948
list:
dist: 0.9404820660226436 vs. 0.9404820660226436
list:
dist: 1.96260041812962 vs. 1.96260041812962
list:
dist: 1.6987604967076593 vs. 1.6987604967076593
list:
dist: 1.7968098109130473 vs. 1.7968098109130473
list:
dist: 3.0060591232276397 vs. 3.0060591232276397
list:
dist: 2.883394590773152 vs. 2.883394590773152
list:
dist: 2.4768878237478855 vs. 2.4768878237478855
list:
dist: 2.813145256443981 vs. 2.813145256443981
list:
dist: 1.7873787626763167 vs. 1.7873787626763167
list:
dist: 2.770267476126334 vs. 2.770267476126334
list:
dist: 3.162427311323541 vs. 3.162427311323541
list:
dist: 2.5360705730761364 vs. 2.5360705730761364
list:
dist: 3.3007364456848425 vs. 3.3007364456848425
list:
dist: 1.527624139219685 vs. 1.527624139219685
list:
dist: 3.0324966455522135 vs. 3.0324966455522135
list:
dist: 1.8224618381747668 vs. 1.8224618381747668
list:
dist: 1.073906978523918 vs. 1.073906978523918
list:
dist: 4.542383915431416 vs. 4.542383915431416
list:
dist: 2.668384398859456 vs. 2.668384398859456
list:
dist: 3.5109934202124844 vs. 3.5109934202124844
list:
dist: 2.5384361475766424 vs. 2.5384361475766424
list:
dist: 3.285297485221106 vs. 3.285297485221106
list:
dist: 3.553828013662204 vs. 3.553828013662204
list:
dist: 2.7413482254361594 vs. 2.7413482254361594
list:
dist: 1.5147554516082802 vs. 1.5147554516082802
list:
dist: 1.0616207360354932 vs. 1.0616207360354932
list:
dist: 0.9404820660226436 vs. 0.9404820660226436
list:
dist: 3.4209858659588783 vs. 3.4209858659588783
list:
dist: 2.699535228729078 vs. 2.699535228729078
list:
dist: 2.0438536777416862 vs. 2.0438536777416862
list:
dist: 1.6470226851152145 vs. 1.6470226851152145
list:
dist: 0.7749431539316886 vs. 0.7749431539316886
list:
dist: 1.1450368984521284 vs. 1.1450368984521284
list:
dist: 1.24538882382017 vs. 1.24538882382017
list:
dist: 1.5517574005924146 vs. 1.5517574005924146
list:
dist: 1.2718978091502517 vs. 1.2718978091502517
list:
dist: 2.798344267399009 vs. 2.798344267399009
list:
dist: 2.4553009457285393 vs. 2.4553009457285393
list:
dist: 2.5574473057718436 vs. 2.5574473057718436
list:
dist: 2.2960898439396096 vs. 2.2960898439396096
list:
dist: 2.2904333699580666 vs. 2.2904333699580666
list:
dist: 1.7651992976474968 vs. 1.7651992976474968
list:
dist: 2.472337028421597 vs. 2.472337028421597
list:
dist: 1.6987604967076593 vs. 1.6987604967076593
list:
dist: 2.560669483947329 vs. 2.560669483947329
list:
dist: 1.4371855522760988 vs. 1.4371855522760988
list:
dist: 1.8648685584986893 vs. 1.8648685584986893
list:
dist: 2.2622815259236924 vs. 2.2622815259236924
list:
dist: 2.033366722818721 vs. 2.033366722818721
list:
dist: 1.4399777777290286 vs. 1.4399777777290286
list:
dist: 1.5517574005924146 vs. 1.5517574005924146
list:
dist: 1.4909242739704498 vs. 1.4909242739704498
list:
dist: 1.3448697641721945 vs. 1.3448697641721945
list:
dist: 1.440760269024593 vs. 1.440760269024593
list:
dist: 1.3020850569192124 vs. 1.3020850569192124
list:
dist: 1.040302931732931 vs. 1.040302931732931
list:
dist: 2.915249812421911 vs. 2.915249812421911
list:
dist: 2.877730802720406 vs. 2.877730802720406
list:
dist: 1.7598116140100206 vs. 1.7598116140100206
list:
dist: 2.921927322581857 vs. 2.921927322581857
list:
dist: 1.8663694221876965 vs. 1.8663694221876965
list:
dist: 2.7187353722325924 vs. 2.7187353722325924
list:
dist: 1.523749678233944 vs. 1.523749678233944
list:
dist: 3.066144153909898 vs. 3.066144153909898
list:
dist: 1.817081470592463 vs. 1.817081470592463
list:
dist: 1.6767891669937032 vs. 1.6767891669937032
list:
dist: 2.1693696465331813 vs. 2.1693696465331813
list:
dist: 1.977266766093442 vs. 1.977266766093442
list:
dist: 0.870696149803846 vs. 0.870696149803846
list:
dist: 2.738368385883077 vs. 2.738368385883077
list:
dist: 2.05838068318297 vs. 2.05838068318297
list:
dist: 1.3964314617587277 vs. 1.3964314617587277
list:
dist: 1.5147554516082802 vs. 1.5147554516082802
list:
dist: 1.1865735892021054 vs. 1.1865735892021054
list:
dist: 1.7651992976474968 vs. 1.7651992976474968
list:
dist: 2.4392022321580566 vs. 2.4392022321580566
list:
dist: 3.131460484055227 vs. 3.131460484055227
list:
dist: 2.263459442437133 vs. 2.263459442437133
list:
dist: 2.51451191925742 vs. 2.51451191925742
list:
dist: 2.4014837614177145 vs. 2.4014837614177145
list:
dist: 2.05838068318297 vs. 2.05838068318297
list:
dist: 1.4249108878782129 vs. 1.4249108878782129
list:
dist: 1.6547434993308685 vs. 1.6547434993308685
list:
dist: 3.9168767627917838 vs. 3.9168767627917838
list:
dist: 3.2053412389439484 vs. 3.2053412389439484
list:
dist: 2.727459073246672 vs. 2.727459073246672
list:
dist: 1.0137257672496032 vs. 1.0137257672496032
list:
dist: 1.2038326105406258 vs. 1.2038326105406258
list:
dist: 0.7749431539316886 vs. 0.7749431539316886
list:
dist: 1.390493762454991 vs. 1.390493762454991
list:
dist: 2.033366722818721 vs. 2.033366722818721
list:
dist: 1.2619388628417962 vs. 1.2619388628417962
list:
dist: 3.0354751880979314 vs. 3.0354751880979314
list:
dist: 2.672329738691779 vs. 2.672329738691779
list:
dist: 3.0602635778707894 vs. 3.0602635778707894
list:
dist: 1.6771508483090134 vs. 1.6771508483090134
list:
dist: 1.831679021276874 vs. 1.831679021276874
list:
dist: 3.034141507748295 vs. 3.034141507748295
list:
dist: 3.162427311323541 vs. 3.162427311323541
list:
dist: 1.6928461016611176 vs. 1.6928461016611176
list:
dist: 2.738368385883077 vs. 2.738368385883077
list:
dist: 1.7017227642311625 vs. 1.7017227642311625
list:
dist: 2.3767411189772707 vs. 2.3767411189772707
list:
dist: 1.0137257672496032 vs. 1.0137257672496032
list:
dist: 2.0230921922118528 vs. 2.0230921922118528
list:
dist: 1.6470226851152145 vs. 1.6470226851152145
list:
dist: 2.164282436077267 vs. 2.164282436077267
list:
dist: 1.8498697098528163 vs. 1.8498697098528163
list:
dist: 2.1004009520371616 vs. 2.1004009520371616
list:
dist: 1.6265960735768614 vs. 1.6265960735768614
list:
dist: 1.0658546965966875 vs. 1.0658546965966875
list:
dist: 1.0983952938353423 vs. 1.0983952938353423
list:
dist: 0.6096639230749842 vs. 0.6096639230749842
list:
dist: 1.8663694221876965 vs. 1.8663694221876965
list:
dist: 2.890648560041058 vs. 2.890648560041058
list:
dist: 2.5985429807013296 vs. 2.5985429807013296
list:
dist: 2.392792161889935 vs. 2.392792161889935
list:
dist: 2.6872056860456497 vs. 2.6872056860456497
list:
dist: 1.193536506851759 vs. 1.193536506851759
list:
dist: 3.50528090087325 vs. 3.50528090087325
list:
dist: 4.157627001954256 vs. 4.157627001954256
list:
dist: 3.50528090087325 vs. 3.50528090087325
list:
dist: 4.3808917320437315 vs. 4.3808917320437315
list:
dist: 3.635356779190506 vs. 3.635356779190506
list:
dist: 2.090754063668466 vs. 2.090754063668466
list:
dist: 1.3047519959677252 vs. 1.3047519959677252
list:
dist: 2.8055916784128025 vs. 2.8055916784128025
list:
dist: 2.2622815259236924 vs. 2.2622815259236924
list:
dist: 3.49681734265185 vs. 3.49681734265185
list:
dist: 2.0691523106089975 vs. 2.0691523106089975
list:
dist: 2.0829063432020423 vs. 2.0829063432020423
list:
dist: 1.383921912197684 vs. 1.383921912197684
list:
dist: 2.263459442437133 vs. 2.263459442437133
list:
dist: 3.430647792159475 vs. 3.430647792159475
list:
dist: 2.883394590773152 vs. 2.883394590773152
list:
dist: 2.207260794438993 vs. 2.207260794438993
list:
dist: 1.2632339476681365 vs. 1.2632339476681365
list:
dist: 2.4948904645689858 vs. 2.4948904645689858
list:
dist: 2.0829063432020423 vs. 2.0829063432020423
list:
dist: 2.672329738691779 vs. 2.672329738691779
list:
dist: 1.649859306797597 vs. 1.649859306797597
list:
dist: 2.4553009457285393 vs. 2.4553009457285393
list:
dist: 1.6535545142890826 vs. 1.6535545142890826
list:
dist: 1.3020850569192124 vs. 1.3020850569192124
list:
dist: 2.078701296944594 vs. 2.078701296944594
list:
dist: 1.4051536426772122 vs. 1.4051536426772122
list:
dist: 1.5229723728777584 vs. 1.5229723728777584
list:
dist: 3.272824208115676 vs. 3.272824208115676
list:
dist: 3.46815281064581 vs. 3.46815281064581
list:
dist: 2.3544735593328876 vs. 2.3544735593328876
list:
dist: 1.1569279979554625 vs. 1.1569279979554625
list:
dist: 1.7769280521207107 vs. 1.7769280521207107
list:
dist: 4.136530398073783 vs. 4.136530398073783
list:
dist: 3.2575362131474743 vs. 3.2575362131474743
list:
dist: 2.882695107244709 vs. 2.882695107244709
list:
dist: 2.4125023973930926 vs. 2.4125023973930926
list:
dist: 3.462758412632791 vs. 3.462758412632791
list:
dist: 3.3635905008397904 vs. 3.3635905008397904
list:
dist: 2.0574212827242695 vs. 2.0574212827242695
list:
dist: 3.3188856660782258 vs. 3.3188856660782258
list:
dist: 2.770267476126334 vs. 2.770267476126334
list:
dist: 3.3948810890474213 vs. 3.3948810890474213
list:
dist: 3.072019432302218 vs. 3.072019432302218
list:
dist: 2.392792161889935 vs. 2.392792161889935
list:
dist: 2.9777906444049536 vs. 2.9777906444049536
list:
dist: 2.6312471410692293 vs. 2.6312471410692293
list:
dist: 2.1693696465331813 vs. 2.1693696465331813
list:
dist: 1.2891272296556677 vs. 1.2891272296556677
list:
dist: 1.8885322991071671 vs. 1.8885322991071671
list:
dist: 2.090754063668466 vs. 2.090754063668466
list:
dist: 3.9168767627917838 vs. 3.9168767627917838
list:
dist: 2.8309896141445785 vs. 2.8309896141445785
list:
dist: 3.4209858659588783 vs. 3.4209858659588783
list:
dist: 2.6221800848156382 vs. 2.6221800848156382
list:
dist: 2.560669483947329 vs. 2.560669483947329
list:
dist: 3.7726155452502788 vs. 3.7726155452502788
list:
dist: 3.2272433960770557 vs. 3.2272433960770557
list:
dist: 2.207260794438993 vs. 2.207260794438993
list:
dist: 2.4977769860128016 vs. 2.4977769860128016
list:
dist: 2.4392022321580566 vs. 2.4392022321580566
list:
dist: 2.2477260952233156 vs. 2.2477260952233156
list:
dist: 1.7968098109130473 vs. 1.7968098109130473
list:
dist: 3.7726155452502788 vs. 3.7726155452502788
list:
dist: 2.7274080770914546 vs. 2.7274080770914546
list:
dist: 2.848609630594686 vs. 2.848609630594686
list:
dist: 3.49681734265185 vs. 3.49681734265185
list:
dist: 1.2619388628417962 vs. 1.2619388628417962
list:
dist: 1.4721524958595698 vs. 1.4721524958595698
list:
dist: 1.2718978091502517 vs. 1.2718978091502517
list:
dist: 1.705059417183342 vs. 1.705059417183342
list:
dist: 1.3448697641721945 vs. 1.3448697641721945
list:
dist: 1.9220160469404217 vs. 1.9220160469404217
list:
dist: 2.078701296944594 vs. 2.078701296944594
list:
dist: 2.1816331566479463 vs. 2.1816331566479463
list:
dist: 1.6158911926098616 vs. 1.6158911926098616
list:
dist: 1.5368746734543075 vs. 1.5368746734543075
list:
dist: 3.131460484055227 vs. 3.131460484055227
list:
dist: 3.7981524939042304 vs. 3.7981524939042304
list:
dist: 3.0060591232276397 vs. 3.0060591232276397
list:
dist: 3.2272433960770557 vs. 3.2272433960770557
list:
dist: 1.9763376837670807 vs. 1.9763376837670807
list:
dist: 3.181269327295873 vs. 3.181269327295873
list:
dist: 2.0691523106089975 vs. 2.0691523106089975
list:
dist: 3.0354751880979314 vs. 3.0354751880979314
list:
dist: 2.4735996632522164 vs. 2.4735996632522164
list:
dist: 2.798344267399009 vs. 2.798344267399009
list:
dist: 2.5841859502891973 vs. 2.5841859502891973
list:
dist: 1.440760269024593 vs. 1.440760269024593
list:
dist: 1.9220160469404217 vs. 1.9220160469404217
list:
dist: 1.4051536426772122 vs. 1.4051536426772122
list:
dist: 1.1454996250876828 vs. 1.1454996250876828
list:
dist: 3.1886620325401935 vs. 3.1886620325401935
list:
dist: 3.1396032546443786 vs. 3.1396032546443786
list:
dist: 2.51451191925742 vs. 2.51451191925742
list:
dist: 3.3927752542083023 vs. 3.3927752542083023
list:
dist: 2.4768878237478855 vs. 2.4768878237478855
list:
dist: 2.4977769860128016 vs. 2.4977769860128016
list:
dist: 1.230380325038638 vs. 1.230380325038638
list:
dist: 2.2950867034735967 vs. 2.2950867034735967
list:
dist: 1.383921912197684 vs. 1.383921912197684
list:
dist: 3.0602635778707894 vs. 3.0602635778707894
list:
dist: 2.4128914912515875 vs. 2.4128914912515875
list:
dist: 2.5574473057718436 vs. 2.5574473057718436
list:
dist: 2.4297527940116015 vs. 2.4297527940116015
list:
dist: 1.040302931732931 vs. 1.040302931732931
list:
dist: 2.1816331566479463 vs. 2.1816331566479463
list:
dist: 1.1454996250876828 vs. 1.1454996250876828
list:
dist: 1.5229723728777584 vs. 1.5229723728777584
list:
dist: 3.7387305525887737 vs. 3.7387305525887737
list:
dist: 3.6319964978373727 vs. 3.6319964978373727
list:
dist: 1.932333819218598 vs. 1.932333819218598
list:
dist: 3.7995983909294804 vs. 3.7995983909294804
list:
dist: 2.890648560041058 vs. 2.890648560041058
list:
dist: 3.6766686760931546 vs. 3.6766686760931546
list:
dist: 2.2931532734059608 vs. 2.2931532734059608
list:
dist: 2.330554737997795 vs. 2.330554737997795
list:
dist: 1.817081470592463 vs. 1.817081470592463
list:
dist: 1.0587254881236914 vs. 1.0587254881236914
list:
dist: 3.4482968567637755 vs. 3.4482968567637755
list:
dist: 2.252135737525552 vs. 2.252135737525552
list:
dist: 1.7017227642311625 vs. 1.7017227642311625
list:
dist: 1.4249108878782129 vs. 1.4249108878782129
list:
dist: 2.0289156572156206 vs. 2.0289156572156206
list:
dist: 1.0616207360354932 vs. 1.0616207360354932
list:
dist: 2.045484378203221 vs. 2.045484378203221
list:
dist: 2.472337028421597 vs. 2.472337028421597
list:
dist: 2.2477260952233156 vs. 2.2477260952233156
list:
dist: 3.7981524939042304 vs. 3.7981524939042304
list:
dist: 3.430647792159475 vs. 3.430647792159475
list:
dist: 3.3927752542083023 vs. 3.3927752542083023
list:
dist: 2.8993502747689703 vs. 2.8993502747689703
list:
dist: 1.3964314617587277 vs. 1.3964314617587277
list:
dist: 2.0289156572156206 vs. 2.0289156572156206
list:
dist: 1.9315373088382948 vs. 1.9315373088382948
list:
dist: 2.8309896141445785 vs. 2.8309896141445785
list:
dist: 2.210573882555348 vs. 2.210573882555348
list:
dist: 2.1040241862689344 vs. 2.1040241862689344
list:
dist: 2.0230921922118528 vs. 2.0230921922118528
list:
dist: 1.2038326105406258 vs. 1.2038326105406258
list:
dist: 1.1450368984521284 vs. 1.1450368984521284
list:
dist: 0.26787072333708395 vs. 0.26787072333708395
list:
dist: 1.4399777777290286 vs. 1.4399777777290286
list:
dist: 1.4721524958595698 vs. 1.4721524958595698
list:
dist: 2.4735996632522164 vs. 2.4735996632522164
list:
dist: 1.649859306797597 vs. 1.649859306797597
list:
dist: 2.4128914912515875 vs. 2.4128914912515875
list:
dist: 2.3926939918153987 vs. 2.3926939918153987
list:
dist: 2.6606924984832556 vs. 2.6606924984832556
list:
dist: 1.8498697098528163 vs. 1.8498697098528163
list:
dist: 1.6771508483090134 vs. 1.6771508483090134
list:
dist: 2.3926939918153987 vs. 2.3926939918153987
list:
dist: 2.2960898439396096 vs. 2.2960898439396096
list:
dist: 2.65393255632479 vs. 2.65393255632479
list:
dist: 2.915249812421911 vs. 2.915249812421911
list:
dist: 1.6158911926098616 vs. 1.6158911926098616
list:
dist: 3.1886620325401935 vs. 3.1886620325401935
list:
dist: 3.272824208115676 vs. 3.272824208115676
list:
dist: 3.7387305525887737 vs. 3.7387305525887737
list:
dist: 0.7178858624391152 vs. 0.7178858624391152
list:
dist: 1.8194991583251399 vs. 1.8194991583251399
list:
dist: 2.2444857901058315 vs. 2.2444857901058315
list:
dist: 1.193536506851759 vs. 1.193536506851759
list:
dist: 2.20904610572891 vs. 2.20904610572891
list:
dist: 1.0004835945284198 vs. 1.0004835945284198
list:
dist: 0.870696149803846 vs. 0.870696149803846
list:
dist: 2.252135737525552 vs. 2.252135737525552
list:
dist: 1.805025917278146 vs. 1.805025917278146
list:
dist: 1.8885322991071671 vs. 1.8885322991071671
list:
dist: 1.7532067848893569 vs. 1.7532067848893569
list:
dist: 2.8055916784128025 vs. 2.8055916784128025
list:
dist: 2.727459073246672 vs. 2.727459073246672
list:
dist: 2.1040241862689344 vs. 2.1040241862689344
list:
dist: 2.0438536777416862 vs. 2.0438536777416862
list:
dist: 1.9210843713066332 vs. 1.9210843713066332
list:
dist: 1.8648685584986893 vs. 1.8648685584986893
list:
dist: 2.848609630594686 vs. 2.848609630594686
list:
dist: 3.181269327295873 vs. 3.181269327295873
list:
dist: 2.4948904645689858 vs. 2.4948904645689858
list:
dist: 2.2950867034735967 vs. 2.2950867034735967
list:
dist: 4.3904318398490165 vs. 4.3904318398490165
list:
dist: 4.414435340412745 vs. 4.414435340412745
list:
dist: 4.627952671670022 vs. 4.627952671670022
list:
dist: 3.2352743850874393 vs. 3.2352743850874393
list:
dist: 3.48190709139683 vs. 3.48190709139683
list:
dist: 3.374269452574775 vs. 3.374269452574775
list:
dist: 2.9134610979337805 vs. 2.9134610979337805
list:
dist: 2.194743679808598 vs. 2.194743679808598
list:
dist: 3.921511181265854 vs. 3.921511181265854
list:
dist: 3.842573076956653 vs. 3.842573076956653
list:
dist: 1.5525494292235373 vs. 1.5525494292235373
list:
dist: 2.1869477222675258 vs. 2.1869477222675258
list:
dist: 1.918947721851406 vs. 1.918947721851406
list:
dist: 2.549996203686661 vs. 2.549996203686661
list:
dist: 2.1004009520371616 vs. 2.1004009520371616
list:
dist: 1.831679021276874 vs. 1.831679021276874
list:
dist: 2.6606924984832556 vs. 2.6606924984832556
list:
dist: 2.2904333699580666 vs. 2.2904333699580666
list:
dist: 2.919604390175476 vs. 2.919604390175476
list:
dist: 2.877730802720406 vs. 2.877730802720406
list:
dist: 1.5368746734543075 vs. 1.5368746734543075
list:
dist: 3.1396032546443786 vs. 3.1396032546443786
list:
dist: 3.46815281064581 vs. 3.46815281064581
list:
dist: 3.6319964978373727 vs. 3.6319964978373727
list:
dist: 0.7178858624391152 vs. 0.7178858624391152
list:
dist: 1.1809515240005335 vs. 1.1809515240005335
list:
dist: 1.5482518693743728 vs. 1.5482518693743728
list:
dist: 0.6096639230749842 vs. 0.6096639230749842
list:
dist: 1.5147779855826269 vs. 1.5147779855826269
list:
dist: 1.523749678233944 vs. 1.523749678233944
list:
dist: 2.2931532734059608 vs. 2.2931532734059608
list:
dist: 2.0725509004180016 vs. 2.0725509004180016
list:
dist: 2.6312471410692293 vs. 2.6312471410692293
list:
dist: 2.712120893742271 vs. 2.712120893742271
list:
dist: 1.0004835945284198 vs. 1.0004835945284198
list:
dist: 3.635356779190506 vs. 3.635356779190506
list:
dist: 1.3624211192721225 vs. 1.3624211192721225
list:
dist: 1.6231483455351248 vs. 1.6231483455351248
list:
dist: 1.5777165765637051 vs. 1.5777165765637051
list:
dist: 2.4125023973930926 vs. 2.4125023973930926
list:
dist: 2.187521037901248 vs. 2.187521037901248
list:
dist: 1.5554827660415205 vs. 1.5554827660415205
list:
dist: 1.2566644773199853 vs. 1.2566644773199853
list:
dist: 2.80973557130335 vs. 2.80973557130335
list:
dist: 1.5034961383075345 vs. 1.5034961383075345
list:
dist: 1.5650349876837428 vs. 1.5650349876837428
list:
dist: 3.5187117911141366 vs. 3.5187117911141366
list:
dist: 3.3007364456848425 vs. 3.3007364456848425
list:
dist: 2.1047791529815716 vs. 2.1047791529815716
list:
dist: 4.419413833793069 vs. 4.419413833793069
list:
dist: 2.588629690109308 vs. 2.588629690109308
list:
dist: 3.411366802606634 vs. 3.411366802606634
list:
dist: 3.8220938600169374 vs. 3.8220938600169374
list:
dist: 3.573491887102408 vs. 3.573491887102408
list:
dist: 3.336877495418989 vs. 3.336877495418989
list:
dist: 4.645292954591008 vs. 4.645292954591008
list:
dist: 4.888299393884405 vs. 4.888299393884405
list:
dist: 4.930548913954385 vs. 4.930548913954385
list:
dist: 1.4713689363470646 vs. 1.4713689363470646
list:
dist: 2.2557623821942427 vs. 2.2557623821942427
list:
dist: 1.9988294858081548 vs. 1.9988294858081548
list:
dist: 3.2575362131474743 vs. 3.2575362131474743
list:
dist: 3.320626865792719 vs. 3.320626865792719
list:
dist: 1.6783736059530014 vs. 1.6783736059530014
list:
dist: 1.1097858824256994 vs. 1.1097858824256994
list:
dist: 1.5554827660415205 vs. 1.5554827660415205
list:
dist: 2.0912722204220864 vs. 2.0912722204220864
list:
dist: 0.4472883820658347 vs. 0.4472883820658347
list:
dist: 1.4880285470255543 vs. 1.4880285470255543
list:
dist: 3.0943170705354124 vs. 3.0943170705354124
list:
dist: 1.7068670051590011 vs. 1.7068670051590011
list:
dist: 3.3663940862619044 vs. 3.3663940862619044
list:
dist: 1.414316391588471 vs. 1.414316391588471
list:
dist: 2.4067704354783492 vs. 2.4067704354783492
list:
dist: 3.1799233361665875 vs. 3.1799233361665875
list:
dist: 2.501853693244014 vs. 2.501853693244014
list:
dist: 2.4954692553171807 vs. 2.4954692553171807
list:
dist: 3.6972071694436246 vs. 3.6972071694436246
list:
dist: 1.8814489532584042 vs. 1.8814489532584042
list:
dist: 3.320626865792719 vs. 3.320626865792719
list:
dist: 1.9608284658839612 vs. 1.9608284658839612
list:
dist: 2.940281230241941 vs. 2.940281230241941
list:
dist: 2.910223277899362 vs. 2.910223277899362
list:
dist: 3.232237444414958 vs. 3.232237444414958
list:
dist: 2.595002513533039 vs. 2.595002513533039
list:
dist: 1.8466676376935567 vs. 1.8466676376935567
list:
dist: 3.0140958962287474 vs. 3.0140958962287474
list:
dist: 3.375249532783581 vs. 3.375249532783581
list:
dist: 4.136530398073783 vs. 4.136530398073783
list:
dist: 1.8814489532584042 vs. 1.8814489532584042
list:
dist: 1.6783736059530014 vs. 1.6783736059530014
list:
dist: 2.5430932965043413 vs. 2.5430932965043413
list:
dist: 2.187521037901248 vs. 2.187521037901248
list:
dist: 3.7625558142829862 vs. 3.7625558142829862
list:
dist: 1.887970230855412 vs. 1.887970230855412
list:
dist: 2.9495323664623982 vs. 2.9495323664623982
list:
dist: 2.5661763180208417 vs. 2.5661763180208417
list:
dist: 1.9514829589777294 vs. 1.9514829589777294
list:
dist: 3.284406338150114 vs. 3.284406338150114
list:
dist: 2.277062833765203 vs. 2.277062833765203
list:
dist: 2.442168351108347 vs. 2.442168351108347
list:
dist: 3.9745528529390604 vs. 3.9745528529390604
list:
dist: 3.972999010917286 vs. 3.972999010917286
list:
dist: 3.672947736750562 vs. 3.672947736750562
list:
dist: 3.6770875628976016 vs. 3.6770875628976016
list:
dist: 4.930548913954385 vs. 4.930548913954385
list:
dist: 2.486197004591862 vs. 2.486197004591862
list:
dist: 3.7678684331152135 vs. 3.7678684331152135
list:
dist: 4.050397071149187 vs. 4.050397071149187
list:
dist: 3.09883494992668 vs. 3.09883494992668
list:
dist: 3.553828013662204 vs. 3.553828013662204
list:
dist: 2.7113237868270326 vs. 2.7113237868270326
list:
dist: 1.5589848402307271 vs. 1.5589848402307271
list:
dist: 2.028307650116074 vs. 2.028307650116074
list:
dist: 1.3153380474332468 vs. 1.3153380474332468
list:
dist: 0.8673653638798164 vs. 0.8673653638798164
list:
dist: 1.7321431874912645 vs. 1.7321431874912645
list:
dist: 1.8519054521990115 vs. 1.8519054521990115
list:
dist: 2.1336426643696353 vs. 2.1336426643696353
list:
dist: 2.194743679808598 vs. 2.194743679808598
list:
dist: 3.972999010917286 vs. 3.972999010917286
list:
dist: 2.501853693244014 vs. 2.501853693244014
list:
dist: 2.337624787230906 vs. 2.337624787230906
list:
dist: 3.573491887102408 vs. 3.573491887102408
list:
dist: 1.2520601351182294 vs. 1.2520601351182294
list:
dist: 2.3095685959381234 vs. 2.3095685959381234
list:
dist: 2.6723601379607254 vs. 2.6723601379607254
list:
dist: 2.5723434669119465 vs. 2.5723434669119465
list:
dist: 2.668384398859456 vs. 2.668384398859456
list:
dist: 2.9859339760703607 vs. 2.9859339760703607
list:
dist: 3.484395783208307 vs. 3.484395783208307
list:
dist: 1.9491463580478785 vs. 1.9491463580478785
list:
dist: 2.9516739322439904 vs. 2.9516739322439904
list:
dist: 2.3939355689506097 vs. 2.3939355689506097
list:
dist: 1.3097346716533966 vs. 1.3097346716533966
list:
dist: 1.7872126776598611 vs. 1.7872126776598611
list:
dist: 1.9333673603039208 vs. 1.9333673603039208
list:
dist: 1.5589848402307271 vs. 1.5589848402307271
list:
dist: 4.103208978741522 vs. 4.103208978741522
list:
dist: 2.4705564831189855 vs. 2.4705564831189855
list:
dist: 2.6490925333403075 vs. 2.6490925333403075
list:
dist: 2.6066504642776027 vs. 2.6066504642776027
list:
dist: 3.2352743850874393 vs. 3.2352743850874393
list:
dist: 1.7834968510467701 vs. 1.7834968510467701
list:
dist: 2.4458305452326106 vs. 2.4458305452326106
list:
dist: 1.9384585493698971 vs. 1.9384585493698971
list:
dist: 3.3635905008397904 vs. 3.3635905008397904
list:
dist: 1.887970230855412 vs. 1.887970230855412
list:
dist: 0.4472883820658347 vs. 0.4472883820658347
list:
dist: 0.8201771679610782 vs. 0.8201771679610782
list:
dist: 1.5034961383075345 vs. 1.5034961383075345
list:
dist: 1.9475780639092262 vs. 1.9475780639092262
list:
dist: 1.5290656671466285 vs. 1.5290656671466285
list:
dist: 3.252868942770935 vs. 3.252868942770935
list:
dist: 3.0324966455522135 vs. 3.0324966455522135
list:
dist: 1.40689123362 vs. 1.40689123362
list:
dist: 3.216507964350749 vs. 3.216507964350749
list:
dist: 1.182013851682928 vs. 1.182013851682928
list:
dist: 2.2390330603545205 vs. 2.2390330603545205
list:
dist: 2.7947497642880523 vs. 2.7947497642880523
list:
dist: 2.3095685959381234 vs. 2.3095685959381234
list:
dist: 2.1427868943420445 vs. 2.1427868943420445
list:
dist: 3.7538449800183797 vs. 3.7538449800183797
list:
dist: 3.937210449090325 vs. 3.937210449090325
list:
dist: 3.7678684331152135 vs. 3.7678684331152135
list:
dist: 3.232237444414958 vs. 3.232237444414958
list:
dist: 2.277062833765203 vs. 2.277062833765203
list:
dist: 1.414316391588471 vs. 1.414316391588471
list:
dist: 1.7653417172387391 vs. 1.7653417172387391
list:
dist: 2.588629690109308 vs. 2.588629690109308
list:
dist: 2.2822250719786448 vs. 2.2822250719786448
list:
dist: 1.182013851682928 vs. 1.182013851682928
list:
dist: 2.574428793867951 vs. 2.574428793867951
list:
dist: 2.1791183925882325 vs. 2.1791183925882325
list:
dist: 1.2441780103492348 vs. 1.2441780103492348
list:
dist: 2.1318332681298053 vs. 2.1318332681298053
list:
dist: 1.2459024403652337 vs. 1.2459024403652337
list:
dist: 1.9486615420056006 vs. 1.9486615420056006
list:
dist: 1.9491463580478785 vs. 1.9491463580478785
list:
dist: 1.4505633162395153 vs. 1.4505633162395153
list:
dist: 3.2558555531651407 vs. 3.2558555531651407
list:
dist: 3.242578337228757 vs. 3.242578337228757
list:
dist: 3.319078193798123 vs. 3.319078193798123
list:
dist: 3.045466283337776 vs. 3.045466283337776
list:
dist: 4.414435340412745 vs. 4.414435340412745
list:
dist: 2.0193988842997532 vs. 2.0193988842997532
list:
dist: 1.4993496843905012 vs. 1.4993496843905012
list:
dist: 1.7769280521207107 vs. 1.7769280521207107
list:
dist: 3.375249532783581 vs. 3.375249532783581
list:
dist: 1.9988294858081548 vs. 1.9988294858081548
list:
dist: 1.2757271087227047 vs. 1.2757271087227047
list:
dist: 1.5777165765637051 vs. 1.5777165765637051
list:
dist: 1.834736438037941 vs. 1.834736438037941
list:
dist: 1.9384585493698971 vs. 1.9384585493698971
list:
dist: 0.6630694962513962 vs. 0.6630694962513962
list:
dist: 2.079314294451963 vs. 2.079314294451963
list:
dist: 1.7873787626763167 vs. 1.7873787626763167
list:
dist: 1.2010492744546268 vs. 1.2010492744546268
list:
dist: 2.0193988842997532 vs. 2.0193988842997532
list:
dist: 2.3544735593328876 vs. 2.3544735593328876
list:
dist: 3.6972071694436246 vs. 3.6972071694436246
list:
dist: 1.8466676376935567 vs. 1.8466676376935567
list:
dist: 1.4713689363470646 vs. 1.4713689363470646
list:
dist: 1.9451538456962352 vs. 1.9451538456962352
list:
dist: 1.3624211192721225 vs. 1.3624211192721225
list:
dist: 3.0325221882212396 vs. 3.0325221882212396
list:
dist: 1.7834968510467701 vs. 1.7834968510467701
list:
dist: 1.6388219835185458 vs. 1.6388219835185458
list:
dist: 1.6388219835185458 vs. 1.6388219835185458
list:
dist: 1.4359606581537305 vs. 1.4359606581537305
list:
dist: 0.6630694962513962 vs. 0.6630694962513962
list:
dist: 2.0574212827242695 vs. 2.0574212827242695
list:
dist: 2.9495323664623982 vs. 2.9495323664623982
list:
dist: 1.4880285470255543 vs. 1.4880285470255543
list:
dist: 1.1055677549604253 vs. 1.1055677549604253
list:
dist: 1.5650349876837428 vs. 1.5650349876837428
list:
dist: 1.601361075341373 vs. 1.601361075341373
list:
dist: 1.5290656671466285 vs. 1.5290656671466285
list:
dist: 2.3111752742460885 vs. 2.3111752742460885
list:
dist: 1.8224618381747668 vs. 1.8224618381747668
list:
dist: 2.8202525963644804 vs. 2.8202525963644804
list:
dist: 4.691183163005844 vs. 4.691183163005844
list:
dist: 2.574428793867951 vs. 2.574428793867951
list:
dist: 3.74285491251222 vs. 3.74285491251222
list:
dist: 3.8881698987153817 vs. 3.8881698987153817
list:
dist: 2.6723601379607254 vs. 2.6723601379607254
list:
dist: 3.0188502225813107 vs. 3.0188502225813107
list:
dist: 3.52040194622252 vs. 3.52040194622252
list:
dist: 3.988231203946895 vs. 3.988231203946895
list:
dist: 4.050397071149187 vs. 4.050397071149187
list:
dist: 1.2010492744546268 vs. 1.2010492744546268
list:
dist: 1.4993496843905012 vs. 1.4993496843905012
list:
dist: 1.1569279979554625 vs. 1.1569279979554625
list:
dist: 3.0140958962287474 vs. 3.0140958962287474
list:
dist: 2.2557623821942427 vs. 2.2557623821942427
list:
dist: 2.1855068806945552 vs. 2.1855068806945552
list:
dist: 1.6231483455351248 vs. 1.6231483455351248
list:
dist: 3.0247828077100407 vs. 3.0247828077100407
list:
dist: 2.4458305452326106 vs. 2.4458305452326106
list:
dist: 1.4359606581537305 vs. 1.4359606581537305
list:
dist: 3.436290584138879 vs. 3.436290584138879
list:
dist: 2.813145256443981 vs. 2.813145256443981
list:
dist: 3.672947736750562 vs. 3.672947736750562
list:
dist: 2.4954692553171807 vs. 2.4954692553171807
list:
dist: 2.2063683513455006 vs. 2.2063683513455006
list:
dist: 3.336877495418989 vs. 3.336877495418989
list:
dist: 2.0267651905002277 vs. 2.0267651905002277
list:
dist: 2.1427868943420445 vs. 2.1427868943420445
list:
dist: 3.0188502225813107 vs. 3.0188502225813107
list:
dist: 3.1982122939596596 vs. 3.1982122939596596
list:
dist: 3.5109934202124844 vs. 3.5109934202124844
list:
dist: 2.1520655685052206 vs. 2.1520655685052206
list:
dist: 2.7045654257202925 vs. 2.7045654257202925
list:
dist: 1.4505633162395153 vs. 1.4505633162395153
list:
dist: 2.1683676403914633 vs. 2.1683676403914633
list:
dist: 1.1128320424889289 vs. 1.1128320424889289
list:
dist: 1.3097346716533966 vs. 1.3097346716533966
list:
dist: 2.581090639568061 vs. 2.581090639568061
list:
dist: 2.3148745499589163 vs. 2.3148745499589163
list:
dist: 2.028307650116074 vs. 2.028307650116074
list:
dist: 3.3857009334865995 vs. 3.3857009334865995
list:
dist: 2.1857084403432996 vs. 2.1857084403432996
list:
dist: 2.074403113640898 vs. 2.074403113640898
list:
dist: 2.1224079518411285 vs. 2.1224079518411285
list:
dist: 3.48190709139683 vs. 3.48190709139683
list:
dist: 2.595002513533039 vs. 2.595002513533039
list:
dist: 2.442168351108347 vs. 2.442168351108347
list:
dist: 2.4067704354783492 vs. 2.4067704354783492
list:
dist: 2.8691283847126905 vs. 2.8691283847126905
list:
dist: 3.411366802606634 vs. 3.411366802606634
list:
dist: 3.5058603643236648 vs. 3.5058603643236648
list:
dist: 2.2390330603545205 vs. 2.2390330603545205
list:
dist: 3.74285491251222 vs. 3.74285491251222
list:
dist: 1.0095211752146673 vs. 1.0095211752146673
list:
dist: 1.4756217604211874 vs. 1.4756217604211874
list:
dist: 1.0088278152352004 vs. 1.0088278152352004
list:
dist: 1.2459024403652337 vs. 1.2459024403652337
list:
dist: 2.0365811996061702 vs. 2.0365811996061702
list:
dist: 2.9516739322439904 vs. 2.9516739322439904
list:
dist: 2.1683676403914633 vs. 2.1683676403914633
list:
dist: 2.3096696246995267 vs. 2.3096696246995267
list:
dist: 3.38221959163482 vs. 3.38221959163482
list:
dist: 3.4717380881787254 vs. 3.4717380881787254
list:
dist: 3.0197586469750783 vs. 3.0197586469750783
list:
dist: 4.627952671670022 vs. 4.627952671670022
list:
dist: 3.4374063102452777 vs. 3.4374063102452777
list:
dist: 4.645292954591008 vs. 4.645292954591008
list:
dist: 1.9860369432320886 vs. 1.9860369432320886
list:
dist: 3.7538449800183797 vs. 3.7538449800183797
list:
dist: 3.52040194622252 vs. 3.52040194622252
list:
dist: 1.9851398717485247 vs. 1.9851398717485247
list:
dist: 2.5384361475766424 vs. 2.5384361475766424
list:
dist: 3.464677290671137 vs. 3.464677290671137
list:
dist: 1.7872126776598611 vs. 1.7872126776598611
list:
dist: 2.581090639568061 vs. 2.581090639568061
list:
dist: 0.8860741362646073 vs. 0.8860741362646073
list:
dist: 1.3153380474332468 vs. 1.3153380474332468
list:
dist: 3.0321342633067223 vs. 3.0321342633067223
list:
dist: 3.028127396551599 vs. 3.028127396551599
list:
dist: 3.398809638330872 vs. 3.398809638330872
list:
dist: 3.374269452574775 vs. 3.374269452574775
list:
dist: 3.663188003482282 vs. 3.663188003482282
list:
dist: 4.888299393884405 vs. 4.888299393884405
list:
dist: 2.4638155076423485 vs. 2.4638155076423485
list:
dist: 3.937210449090325 vs. 3.937210449090325
list:
dist: 3.988231203946895 vs. 3.988231203946895
list:
dist: 2.612908503109307 vs. 2.612908503109307
list:
dist: 3.285297485221106 vs. 3.285297485221106
list:
dist: 2.976791105983897 vs. 2.976791105983897
list:
dist: 1.9333673603039208 vs. 1.9333673603039208
list:
dist: 2.3148745499589163 vs. 2.3148745499589163
list:
dist: 0.8860741362646073 vs. 0.8860741362646073
list:
dist: 0.8673653638798164 vs. 0.8673653638798164
list:
dist: 2.4073832799314636 vs. 2.4073832799314636
list:
dist: 2.2698641721688952 vs. 2.2698641721688952
list:
dist: 2.793059699929531 vs. 2.793059699929531
list:
dist: 2.9134610979337805 vs. 2.9134610979337805
list:
dist: 2.940281230241941 vs. 2.940281230241941
list:
dist: 1.9514829589777294 vs. 1.9514829589777294
list:
dist: 1.7068670051590011 vs. 1.7068670051590011
list:
dist: 1.8098233640713433 vs. 1.8098233640713433
list:
dist: 2.1047791529815716 vs. 2.1047791529815716
list:
dist: 3.0247522514385166 vs. 3.0247522514385166
list:
dist: 1.40689123362 vs. 1.40689123362
list:
dist: 2.8202525963644804 vs. 2.8202525963644804
list:
dist: 2.1585994503654145 vs. 2.1585994503654145
list:
dist: 2.433734407617764 vs. 2.433734407617764
list:
dist: 1.2441780103492348 vs. 1.2441780103492348
list:
dist: 1.4756217604211874 vs. 1.4756217604211874
list:
dist: 2.1770585413004415 vs. 2.1770585413004415
list:
dist: 2.9859339760703607 vs. 2.9859339760703607
list:
dist: 2.1520655685052206 vs. 2.1520655685052206
list:
dist: 3.6844735915918694 vs. 3.6844735915918694
list:
dist: 4.074009875685657 vs. 4.074009875685657
list:
dist: 3.9499214518814747 vs. 3.9499214518814747
list:
dist: 3.815444907674048 vs. 3.815444907674048
list:
dist: 1.9451538456962352 vs. 1.9451538456962352
list:
dist: 2.1855068806945552 vs. 2.1855068806945552
list:
dist: 1.2757271087227047 vs. 1.2757271087227047
list:
dist: 2.882695107244709 vs. 2.882695107244709
list:
dist: 2.5430932965043413 vs. 2.5430932965043413
list:
dist: 1.1097858824256994 vs. 1.1097858824256994
list:
dist: 1.2566644773199853 vs. 1.2566644773199853
list:
dist: 1.6467054628754567 vs. 1.6467054628754567
list:
dist: 0.8201771679610782 vs. 0.8201771679610782
list:
dist: 1.1055677549604253 vs. 1.1055677549604253
list:
dist: 2.6263226643520445 vs. 2.6263226643520445
list:
dist: 2.5360705730761364 vs. 2.5360705730761364
list:
dist: 1.8098233640713433 vs. 1.8098233640713433
list:
dist: 3.8348431566191405 vs. 3.8348431566191405
list:
dist: 1.7653417172387391 vs. 1.7653417172387391
list:
dist: 2.8691283847126905 vs. 2.8691283847126905
list:
dist: 2.9065874875892104 vs. 2.9065874875892104
list:
dist: 2.337624787230906 vs. 2.337624787230906
list:
dist: 2.2063683513455006 vs. 2.2063683513455006
list:
dist: 3.4374063102452777 vs. 3.4374063102452777
list:
dist: 3.663188003482282 vs. 3.663188003482282
list:
dist: 3.6770875628976016 vs. 3.6770875628976016
list:
dist: 3.436290584138879 vs. 3.436290584138879
list:
dist: 2.079314294451963 vs. 2.079314294451963
list:
dist: 3.3188856660782258 vs. 3.3188856660782258
list:
dist: 3.034141507748295 vs. 3.034141507748295
list:
dist: 2.6263226643520445 vs. 2.6263226643520445
list:
dist: 3.5187117911141366 vs. 3.5187117911141366
list:
dist: 1.6151287799282135 vs. 1.6151287799282135
list:
dist: 3.252868942770935 vs. 3.252868942770935
list:
dist: 2.3111752742460885 vs. 2.3111752742460885
list:
dist: 1.073906978523918 vs. 1.073906978523918
list:
dist: 4.126640317605341 vs. 4.126640317605341
list:
dist: 2.5723434669119465 vs. 2.5723434669119465
list:
dist: 3.1982122939596596 vs. 3.1982122939596596
list:
dist: 1.9851398717485247 vs. 1.9851398717485247
list:
dist: 2.612908503109307 vs. 2.612908503109307
list:
dist: 3.09883494992668 vs. 3.09883494992668
list:
dist: 1.9589786559265792 vs. 1.9589786559265792
list:
dist: 3.415761126390142 vs. 3.415761126390142
list:
dist: 1.9608284658839612 vs. 1.9608284658839612
list:
dist: 2.5661763180208417 vs. 2.5661763180208417
list:
dist: 3.0943170705354124 vs. 3.0943170705354124
list:
dist: 2.1585994503654145 vs. 2.1585994503654145
list:
dist: 0.9766586554365235 vs. 0.9766586554365235
list:
dist: 2.1791183925882325 vs. 2.1791183925882325
list:
dist: 1.0095211752146673 vs. 1.0095211752146673
list:
dist: 2.200282117491419 vs. 2.200282117491419
list:
dist: 3.9499214518814747 vs. 3.9499214518814747
list:
dist: 3.4033726506572792 vs. 3.4033726506572792
list:
dist: 3.319078193798123 vs. 3.319078193798123
list:
dist: 3.4717380881787254 vs. 3.4717380881787254
list:
dist: 1.865012154456686 vs. 1.865012154456686
list:
dist: 2.6490925333403075 vs. 2.6490925333403075
list:
dist: 2.074403113640898 vs. 2.074403113640898
list:
dist: 3.028127396551599 vs. 3.028127396551599
list:
dist: 2.2698641721688952 vs. 2.2698641721688952
list:
dist: 1.8519054521990115 vs. 1.8519054521990115
list:
dist: 3.2439268988170613 vs. 3.2439268988170613
list:
dist: 0.8038701351253229 vs. 0.8038701351253229
list:
dist: 0.9265550498964605 vs. 0.9265550498964605
list:
dist: 2.1869477222675258 vs. 2.1869477222675258
list:
dist: 1.3920035155537482 vs. 1.3920035155537482
list:
dist: 3.815444907674048 vs. 3.815444907674048
list:
dist: 2.782604738479047 vs. 2.782604738479047
list:
dist: 3.045466283337776 vs. 3.045466283337776
list:
dist: 3.0197586469750783 vs. 3.0197586469750783
list:
dist: 1.9621369479769606 vs. 1.9621369479769606
list:
dist: 2.6066504642776027 vs. 2.6066504642776027
list:
dist: 2.1224079518411285 vs. 2.1224079518411285
list:
dist: 3.398809638330872 vs. 3.398809638330872
list:
dist: 2.793059699929531 vs. 2.793059699929531
list:
dist: 2.1336426643696353 vs. 2.1336426643696353
list:
dist: 2.4883832214719894 vs. 2.4883832214719894
list:
dist: 0.5111278166211142 vs. 0.5111278166211142
list:
dist: 0.9265550498964605 vs. 0.9265550498964605
list:
dist: 1.918947721851406 vs. 1.918947721851406
list:
dist: 1.5942389149656635 vs. 1.5942389149656635
list:
dist: 4.074009875685657 vs. 4.074009875685657
list:
dist: 3.229118020069401 vs. 3.229118020069401
list:
dist: 3.242578337228757 vs. 3.242578337228757
list:
dist: 3.38221959163482 vs. 3.38221959163482
list:
dist: 2.207240581152837 vs. 2.207240581152837
list:
dist: 2.4705564831189855 vs. 2.4705564831189855
list:
dist: 2.1857084403432996 vs. 2.1857084403432996
list:
dist: 3.0321342633067223 vs. 3.0321342633067223
list:
dist: 2.4073832799314636 vs. 2.4073832799314636
list:
dist: 1.7321431874912645 vs. 1.7321431874912645
list:
dist: 2.9764814906978883 vs. 2.9764814906978883
list:
dist: 0.8038701351253229 vs. 0.8038701351253229
list:
dist: 0.5111278166211142 vs. 0.5111278166211142
list:
dist: 1.5525494292235373 vs. 1.5525494292235373
list:
dist: 1.6793434899839352 vs. 1.6793434899839352
list:
dist: 5.504594818017546 vs. 5.504594818017546
list:
dist: 3.3090042589530935 vs. 3.3090042589530935
list:
dist: 2.913178484446322 vs. 2.913178484446322
list:
dist: 3.309907269322014 vs. 3.309907269322014
list:
dist: 2.625471082530527 vs. 2.625471082530527
list:
dist: 3.2676719915835237 vs. 3.2676719915835237
list:
dist: 2.6638525124778902 vs. 2.6638525124778902
list:
dist: 0.6814706051131403 vs. 0.6814706051131403
list:
dist: 1.350488155422069 vs. 1.350488155422069
list:
dist: 2.2610201787459037 vs. 2.2610201787459037
list:
dist: 1.63913110968872 vs. 1.63913110968872
list:
dist: 1.9805470275980646 vs. 1.9805470275980646
list:
dist: 2.408711007705546 vs. 2.408711007705546
list:
dist: 2.2097302411338133 vs. 2.2097302411338133
list:
dist: 1.1450396200059028 vs. 1.1450396200059028
list:
dist: 1.8478779224057085 vs. 1.8478779224057085
list:
dist: 3.1836222972512784 vs. 3.1836222972512784
list:
dist: 1.7526089708050723 vs. 1.7526089708050723
list:
dist: 1.8275304961203116 vs. 1.8275304961203116
list:
dist: 1.3692643546886751 vs. 1.3692643546886751
list:
dist: 1.7401549328515888 vs. 1.7401549328515888
list:
dist: 3.588445365379185 vs. 3.588445365379185
list:
dist: 2.494841236768488 vs. 2.494841236768488
list:
dist: 2.4182011452741174 vs. 2.4182011452741174
list:
dist: 1.6236243629333786 vs. 1.6236243629333786
list:
dist: 1.8074755986326547 vs. 1.8074755986326547
list:
dist: 3.9745528529390604 vs. 3.9745528529390604
list:
dist: 3.1799233361665875 vs. 3.1799233361665875
list:
dist: 2.9065874875892104 vs. 2.9065874875892104
list:
dist: 3.8220938600169374 vs. 3.8220938600169374
list:
dist: 3.0979393935464135 vs. 3.0979393935464135
list:
dist: 2.7947497642880523 vs. 2.7947497642880523
list:
dist: 3.8881698987153817 vs. 3.8881698987153817
list:
dist: 4.126640317605341 vs. 4.126640317605341
list:
dist: 4.542383915431416 vs. 4.542383915431416
list:
dist: 2.1770585413004415 vs. 2.1770585413004415
list:
dist: 2.3421522305948024 vs. 2.3421522305948024
list:
dist: 1.9486615420056006 vs. 1.9486615420056006
list:
dist: 2.0365811996061702 vs. 2.0365811996061702
list:
dist: 2.3939355689506097 vs. 2.3939355689506097
list:
dist: 1.1128320424889289 vs. 1.1128320424889289
list:
dist: 3.464677290671137 vs. 3.464677290671137
list:
dist: 2.976791105983897 vs. 2.976791105983897
list:
dist: 2.7113237868270326 vs. 2.7113237868270326
list:
dist: 2.879591692041524 vs. 2.879591692041524
list:
dist: 2.207240581152837 vs. 2.207240581152837
list:
dist: 1.865012154456686 vs. 1.865012154456686
list:
dist: 1.9621369479769606 vs. 1.9621369479769606
list:
dist: 3.0325221882212396 vs. 3.0325221882212396
list:
dist: 3.0247828077100407 vs. 3.0247828077100407
list:
dist: 1.834736438037941 vs. 1.834736438037941
list:
dist: 3.462758412632791 vs. 3.462758412632791
list:
dist: 3.7625558142829862 vs. 3.7625558142829862
list:
dist: 2.0912722204220864 vs. 2.0912722204220864
list:
dist: 1.6467054628754567 vs. 1.6467054628754567
list:
dist: 2.80973557130335 vs. 2.80973557130335
list:
dist: 1.9475780639092262 vs. 1.9475780639092262
list:
dist: 1.601361075341373 vs. 1.601361075341373
list:
dist: 1.6151287799282135 vs. 1.6151287799282135
list:
dist: 1.527624139219685 vs. 1.527624139219685
list:
dist: 3.0247522514385166 vs. 3.0247522514385166
list:
dist: 4.268064615984115 vs. 4.268064615984115
list:
dist: 2.2822250719786448 vs. 2.2822250719786448
list:
dist: 3.5058603643236648 vs. 3.5058603643236648
list:
dist: 3.0979393935464135 vs. 3.0979393935464135
list:
dist: 1.2520601351182294 vs. 1.2520601351182294
list:
dist: 2.0267651905002277 vs. 2.0267651905002277
list:
dist: 1.9860369432320886 vs. 1.9860369432320886
list:
dist: 2.4638155076423485 vs. 2.4638155076423485
list:
dist: 2.486197004591862 vs. 2.486197004591862
list:
dist: 2.910223277899362 vs. 2.910223277899362
list:
dist: 3.284406338150114 vs. 3.284406338150114
list:
dist: 3.3663940862619044 vs. 3.3663940862619044
list:
dist: 3.8348431566191405 vs. 3.8348431566191405
list:
dist: 4.419413833793069 vs. 4.419413833793069
list:
dist: 4.268064615984115 vs. 4.268064615984115
list:
dist: 3.216507964350749 vs. 3.216507964350749
list:
dist: 4.691183163005844 vs. 4.691183163005844
list:
dist: 0.9766586554365235 vs. 0.9766586554365235
list:
dist: 2.433734407617764 vs. 2.433734407617764
list:
dist: 2.1318332681298053 vs. 2.1318332681298053
list:
dist: 1.0088278152352004 vs. 1.0088278152352004
list:
dist: 2.3421522305948024 vs. 2.3421522305948024
list:
dist: 3.484395783208307 vs. 3.484395783208307
list:
dist: 2.7045654257202925 vs. 2.7045654257202925
list:
dist: 1.3473145315552866 vs. 1.3473145315552866
list:
dist: 3.229118020069401 vs. 3.229118020069401
list:
dist: 3.4033726506572792 vs. 3.4033726506572792
list:
dist: 2.782604738479047 vs. 2.782604738479047
list:
dist: 4.3904318398490165 vs. 4.3904318398490165
list:
dist: 2.9941537854049773 vs. 2.9941537854049773
list:
dist: 0.8743537087186084 vs. 0.8743537087186084
list:
dist: 0.9893238190731616 vs. 0.9893238190731616
list:
dist: 0.9155506603882255 vs. 0.9155506603882255
list:
dist: 2.496790785322865 vs. 2.496790785322865
list:
dist: 2.3025071300844813 vs. 2.3025071300844813
list:
dist: 2.049905294599149 vs. 2.049905294599149
list:
dist: 2.841067929957989 vs. 2.841067929957989
list:
dist: 1.9743093268503265 vs. 1.9743093268503265
list:
dist: 1.9538371590871861 vs. 1.9538371590871861
list:
dist: 3.309907269322014 vs. 3.309907269322014
list:
dist: 2.586257325526687 vs. 2.586257325526687
list:
dist: 2.226345748237737 vs. 2.226345748237737
list:
dist: 2.050138100636846 vs. 2.050138100636846
list:
dist: 2.295967102109492 vs. 2.295967102109492
list:
dist: 3.51069200266411 vs. 3.51069200266411
list:
dist: 2.6547233293922203 vs. 2.6547233293922203
list:
dist: 3.121919260780483 vs. 3.121919260780483
list:
dist: 2.5221501484717352 vs. 2.5221501484717352
list:
dist: 2.156162448438073 vs. 2.156162448438073
list:
dist: 2.6892106211272147 vs. 2.6892106211272147
list:
dist: 2.8177235693462537 vs. 2.8177235693462537
list:
dist: 1.8449371272028252 vs. 1.8449371272028252
list:
dist: 2.3025071300844813 vs. 2.3025071300844813
list:
dist: 1.8786624533819976 vs. 1.8786624533819976
list:
dist: 1.3712715269897877 vs. 1.3712715269897877
list:
dist: 2.5988334080661866 vs. 2.5988334080661866
list:
dist: 2.3238720621278235 vs. 2.3238720621278235
list:
dist: 1.3470249767584588 vs. 1.3470249767584588
list:
dist: 3.2676719915835237 vs. 3.2676719915835237
list:
dist: 2.158437927105692 vs. 2.158437927105692
list:
dist: 1.3389046736585586 vs. 1.3389046736585586
list:
dist: 2.7777720701299438 vs. 2.7777720701299438
list:
dist: 3.326309738444221 vs. 3.326309738444221
list:
dist: 2.1493717800963017 vs. 2.1493717800963017
list:
dist: 2.4934169991792405 vs. 2.4934169991792405
list:
dist: 3.7804011856639925 vs. 3.7804011856639925
list:
dist: 4.275181189645412 vs. 4.275181189645412
list:
dist: 2.0396911917013707 vs. 2.0396911917013707
list:
dist: 1.6042170407530996 vs. 1.6042170407530996
list:
dist: 1.9743093268503265 vs. 1.9743093268503265
list:
dist: 1.2878033282126098 vs. 1.2878033282126098
list:
dist: 2.3238720621278235 vs. 2.3238720621278235
list:
dist: 1.796960612738705 vs. 1.796960612738705
list:
dist: 0.9254830763632566 vs. 0.9254830763632566
list:
dist: 1.257406940546145 vs. 1.257406940546145
list:
dist: 1.350488155422069 vs. 1.350488155422069
list:
dist: 1.307343524364533 vs. 1.307343524364533
list:
dist: 1.2253445020777398 vs. 1.2253445020777398
list:
dist: 1.6973946405337386 vs. 1.6973946405337386
list:
dist: 1.6964055567958662 vs. 1.6964055567958662
list:
dist: 1.866572497669118 vs. 1.866572497669118
list:
dist: 1.6015956432401883 vs. 1.6015956432401883
list:
dist: 2.841366945292452 vs. 2.841366945292452
list:
dist: 1.411569619357475 vs. 1.411569619357475
list:
dist: 1.802473416952147 vs. 1.802473416952147
list:
dist: 1.2038356855954617 vs. 1.2038356855954617
list:
dist: 2.1161495709752502 vs. 2.1161495709752502
list:
dist: 3.825327134249075 vs. 3.825327134249075
list:
dist: 3.1551480324446004 vs. 3.1551480324446004
list:
dist: 2.9327102736654798 vs. 2.9327102736654798
list:
dist: 1.8657009588141247 vs. 1.8657009588141247
list:
dist: 2.4839472023490257 vs. 2.4839472023490257
list:
dist: 3.2764367190917834 vs. 3.2764367190917834
list:
dist: 2.1007402592963147 vs. 2.1007402592963147
list:
dist: 1.1513119651876547 vs. 1.1513119651876547
list:
dist: 1.9538371590871861 vs. 1.9538371590871861
list:
dist: 1.1042658231163103 vs. 1.1042658231163103
list:
dist: 1.3470249767584588 vs. 1.3470249767584588
list:
dist: 1.6808244716997904 vs. 1.6808244716997904
list:
dist: 1.689744830013412 vs. 1.689744830013412
list:
dist: 1.257406940546145 vs. 1.257406940546145
list:
dist: 2.2610201787459037 vs. 2.2610201787459037
list:
dist: 1.8089972263638217 vs. 1.8089972263638217
list:
dist: 0.9984194894469617 vs. 0.9984194894469617
list:
dist: 2.4700874432865088 vs. 2.4700874432865088
list:
dist: 2.7469927480428913 vs. 2.7469927480428913
list:
dist: 3.0648324783029697 vs. 3.0648324783029697
list:
dist: 2.7464874668407573 vs. 2.7464874668407573
list:
dist: 3.94673762883395 vs. 3.94673762883395
list:
dist: 2.5045503139535743 vs. 2.5045503139535743
list:
dist: 1.9879853378233534 vs. 1.9879853378233534
list:
dist: 1.9730442784893634 vs. 1.9730442784893634
list:
dist: 3.1949985247642245 vs. 3.1949985247642245
list:
dist: 5.049578029171677 vs. 5.049578029171677
list:
dist: 4.370056732695856 vs. 4.370056732695856
list:
dist: 4.184024000520986 vs. 4.184024000520986
list:
dist: 3.052993126198328 vs. 3.052993126198328
list:
dist: 3.7032106827971885 vs. 3.7032106827971885
list:
dist: 2.200282117491419 vs. 2.200282117491419
list:
dist: 3.6844735915918694 vs. 3.6844735915918694
list:
dist: 1.3473145315552866 vs. 1.3473145315552866
list:
dist: 3.2558555531651407 vs. 3.2558555531651407
list:
dist: 2.3096696246995267 vs. 2.3096696246995267
list:
dist: 2.879591692041524 vs. 2.879591692041524
list:
dist: 4.103208978741522 vs. 4.103208978741522
list:
dist: 3.3857009334865995 vs. 3.3857009334865995
list:
dist: 2.9764814906978883 vs. 2.9764814906978883
list:
dist: 3.2439268988170613 vs. 3.2439268988170613
list:
dist: 2.4883832214719894 vs. 2.4883832214719894
list:
dist: 3.921511181265854 vs. 3.921511181265854
list:
dist: 3.2095023172193557 vs. 3.2095023172193557
list:
dist: 3.2095023172193557 vs. 3.2095023172193557
list:
dist: 1.6793434899839352 vs. 1.6793434899839352
list:
dist: 1.3920035155537482 vs. 1.3920035155537482
list:
dist: 1.5942389149656635 vs. 1.5942389149656635
list:
dist: 2.549996203686661 vs. 2.549996203686661
list:
dist: 2.7947001314765374 vs. 2.7947001314765374
list:
dist: 1.0320804184004804 vs. 1.0320804184004804
list:
dist: 0.9893238190731616 vs. 0.9893238190731616
list:
dist: 0.3748479988494151 vs. 0.3748479988494151
list:
dist: 3.131425424160861 vs. 3.131425424160861
list:
dist: 1.8449371272028252 vs. 1.8449371272028252
list:
dist: 2.0298852437941264 vs. 2.0298852437941264
list:
dist: 2.42501765191653 vs. 2.42501765191653
list:
dist: 1.6042170407530996 vs. 1.6042170407530996
list:
dist: 1.1513119651876547 vs. 1.1513119651876547
list:
dist: 2.913178484446322 vs. 2.913178484446322
list:
dist: 2.4250898252285165 vs. 2.4250898252285165
list:
dist: 1.8081899310081895 vs. 1.8081899310081895
list:
dist: 2.430811161793574 vs. 2.430811161793574
list:
dist: 2.652019759140087 vs. 2.652019759140087
list:
dist: 3.3773246587042305 vs. 3.3773246587042305
list:
dist: 2.6206337057946087 vs. 2.6206337057946087
list:
dist: 3.5111048284930773 vs. 3.5111048284930773
list:
dist: 2.3985692470157693 vs. 2.3985692470157693
list:
dist: 1.9589786559265792 vs. 1.9589786559265792
list:
dist: 3.107638368094073 vs. 3.107638368094073
list:
dist: 1.0543924170503256 vs. 1.0543924170503256
list:
dist: 0.3748479988494151 vs. 0.3748479988494151
list:
dist: 0.9155506603882255 vs. 0.9155506603882255
list:
dist: 3.027417350154923 vs. 3.027417350154923
list:
dist: 1.8786624533819976 vs. 1.8786624533819976
list:
dist: 1.8147086043854632 vs. 1.8147086043854632
list:
dist: 2.1397636099540556 vs. 2.1397636099540556
list:
dist: 1.2878033282126098 vs. 1.2878033282126098
list:
dist: 1.1042658231163103 vs. 1.1042658231163103
list:
dist: 2.625471082530527 vs. 2.625471082530527
list:
dist: 2.1183630983740205 vs. 2.1183630983740205
list:
dist: 1.5993300979699836 vs. 1.5993300979699836
list:
dist: 2.079096129630716 vs. 2.079096129630716
list:
dist: 2.283038307503391 vs. 2.283038307503391
list:
dist: 3.0461202056268033 vs. 3.0461202056268033
list:
dist: 2.326410605673338 vs. 2.326410605673338
list:
dist: 3.2245247770020877 vs. 3.2245247770020877
list:
dist: 2.1192549569376675 vs. 2.1192549569376675
list:
dist: 1.7668934404301118 vs. 1.7668934404301118
list:
dist: 2.156162448438073 vs. 2.156162448438073
list:
dist: 3.505052234728617 vs. 3.505052234728617
list:
dist: 1.7668934404301118 vs. 1.7668934404301118
list:
dist: 3.25106232104739 vs. 3.25106232104739
list:
dist: 2.7947001314765374 vs. 2.7947001314765374
list:
dist: 2.9941537854049773 vs. 2.9941537854049773
list:
dist: 3.107638368094073 vs. 3.107638368094073
list:
dist: 2.6892106211272147 vs. 2.6892106211272147
list:
dist: 3.677145364201919 vs. 3.677145364201919
list:
dist: 4.910404666417069 vs. 4.910404666417069
list:
dist: 4.275181189645412 vs. 4.275181189645412
list:
dist: 3.2764367190917834 vs. 3.2764367190917834
list:
dist: 5.504594818017546 vs. 5.504594818017546
list:
dist: 4.613723846196488 vs. 4.613723846196488
list:
dist: 3.817393772277433 vs. 3.817393772277433
list:
dist: 4.66189799185929 vs. 4.66189799185929
list:
dist: 5.126090011474485 vs. 5.126090011474485
list:
dist: 4.66189799185929 vs. 4.66189799185929
list:
dist: 2.575323662305249 vs. 2.575323662305249
list:
dist: 2.430811161793574 vs. 2.430811161793574
list:
dist: 2.050138100636846 vs. 2.050138100636846
list:
dist: 2.079096129630716 vs. 2.079096129630716
list:
dist: 3.3460736493086123 vs. 3.3460736493086123
list:
dist: 2.7777720701299438 vs. 2.7777720701299438
list:
dist: 1.5240501388944256 vs. 1.5240501388944256
list:
dist: 2.0312533866893725 vs. 2.0312533866893725
list:
dist: 1.6973946405337386 vs. 1.6973946405337386
list:
dist: 2.4700874432865088 vs. 2.4700874432865088
list:
dist: 2.408711007705546 vs. 2.408711007705546
list:
dist: 1.3838708619422089 vs. 1.3838708619422089
list:
dist: 1.8835132768435554 vs. 1.8835132768435554
list:
dist: 0.7359349180510241 vs. 0.7359349180510241
list:
dist: 2.3811218794987896 vs. 2.3811218794987896
list:
dist: 2.2604103943690745 vs. 2.2604103943690745
list:
dist: 2.6404523693822197 vs. 2.6404523693822197
list:
dist: 2.2878770975234213 vs. 2.2878770975234213
list:
dist: 2.061931781703986 vs. 2.061931781703986
list:
dist: 1.3070746752047029 vs. 1.3070746752047029
list:
dist: 1.633634304504285 vs. 1.633634304504285
list:
dist: 3.093954127394975 vs. 3.093954127394975
list:
dist: 2.8446599708089857 vs. 2.8446599708089857
list:
dist: 2.951691111015352 vs. 2.951691111015352
list:
dist: 1.549952725575674 vs. 1.549952725575674
list:
dist: 2.4700789568313826 vs. 2.4700789568313826
list:
dist: 2.1493717800963017 vs. 2.1493717800963017
list:
dist: 1.4321517509016635 vs. 1.4321517509016635
list:
dist: 1.2861792891744714 vs. 1.2861792891744714
list:
dist: 1.802473416952147 vs. 1.802473416952147
list:
dist: 1.9879853378233534 vs. 1.9879853378233534
list:
dist: 1.8275304961203116 vs. 1.8275304961203116
list:
dist: 0.7136209966531007 vs. 0.7136209966531007
list:
dist: 1.0645906737637905 vs. 1.0645906737637905
list:
dist: 2.061931781703986 vs. 2.061931781703986
list:
dist: 2.42922396248879 vs. 2.42922396248879
list:
dist: 2.6414868612117597 vs. 2.6414868612117597
list:
dist: 3.1269665969027782 vs. 3.1269665969027782
list:
dist: 4.188888994104645 vs. 4.188888994104645
list:
dist: 3.0252086006953283 vs. 3.0252086006953283
list:
dist: 0.9729442328289963 vs. 0.9729442328289963
list:
dist: 2.0755991012724992 vs. 2.0755991012724992
list:
dist: 4.3876310245516885 vs. 4.3876310245516885
list:
dist: 3.458601869738891 vs. 3.458601869738891
list:
dist: 3.745789267871368 vs. 3.745789267871368
list:
dist: 2.306831217804804 vs. 2.306831217804804
list:
dist: 2.9614893445790478 vs. 2.9614893445790478
list:
dist: 5.126090011474485 vs. 5.126090011474485
list:
dist: 2.599713307307897 vs. 2.599713307307897
list:
dist: 2.652019759140087 vs. 2.652019759140087
list:
dist: 2.295967102109492 vs. 2.295967102109492
list:
dist: 2.283038307503391 vs. 2.283038307503391
list:
dist: 3.046388766165103 vs. 3.046388766165103
list:
dist: 3.326309738444221 vs. 3.326309738444221
list:
dist: 2.1667024670997552 vs. 2.1667024670997552
list:
dist: 2.030870727648726 vs. 2.030870727648726
list:
dist: 1.6964055567958662 vs. 1.6964055567958662
list:
dist: 2.7469927480428913 vs. 2.7469927480428913
list:
dist: 2.2097302411338133 vs. 2.2097302411338133
list:
dist: 1.7375700077380916 vs. 1.7375700077380916
list:
dist: 2.295092377628121 vs. 2.295092377628121
list:
dist: 0.7359349180510241 vs. 0.7359349180510241
list:
dist: 1.866902900674688 vs. 1.866902900674688
list:
dist: 1.6986653538926706 vs. 1.6986653538926706
list:
dist: 1.969301853089034 vs. 1.969301853089034
list:
dist: 1.8010459508802625 vs. 1.8010459508802625
list:
dist: 2.42922396248879 vs. 2.42922396248879
list:
dist: 1.4996457291539538 vs. 1.4996457291539538
list:
dist: 1.3604777609790197 vs. 1.3604777609790197
list:
dist: 2.471592325327156 vs. 2.471592325327156
list:
dist: 2.2821056186618125 vs. 2.2821056186618125
list:
dist: 2.264157258531922 vs. 2.264157258531922
list:
dist: 1.0620820434485796 vs. 1.0620820434485796
list:
dist: 1.9034634473837766 vs. 1.9034634473837766
list:
dist: 3.415761126390142 vs. 3.415761126390142
list:
dist: 2.2067036037098626 vs. 2.2067036037098626
list:
dist: 2.3985692470157693 vs. 2.3985692470157693
list:
dist: 2.5221501484717352 vs. 2.5221501484717352
list:
dist: 2.1192549569376675 vs. 2.1192549569376675
list:
dist: 2.844093789982722 vs. 2.844093789982722
list:
dist: 1.8883089681859195 vs. 1.8883089681859195
list:
dist: 1.411569619357475 vs. 1.411569619357475
list:
dist: 2.5045503139535743 vs. 2.5045503139535743
list:
dist: 1.7526089708050723 vs. 1.7526089708050723
list:
dist: 2.4719029916575166 vs. 2.4719029916575166
list:
dist: 2.6310106479530653 vs. 2.6310106479530653
list:
dist: 2.2878770975234213 vs. 2.2878770975234213
list:
dist: 1.8010459508802625 vs. 1.8010459508802625
list:
dist: 1.4115590358869217 vs. 1.4115590358869217
list:
dist: 0.29751115687920593 vs. 0.29751115687920593
list:
dist: 1.7527196270403336 vs. 1.7527196270403336
list:
dist: 3.0252086006953283 vs. 3.0252086006953283
list:
dist: 2.195700143863659 vs. 2.195700143863659
list:
dist: 2.3150057450989503 vs. 2.3150057450989503
list:
dist: 3.1138688275206747 vs. 3.1138688275206747
list:
dist: 2.668587111372109 vs. 2.668587111372109
list:
dist: 2.0315493256975388 vs. 2.0315493256975388
list:
dist: 1.8056174191044378 vs. 1.8056174191044378
list:
dist: 2.023275871375978 vs. 2.023275871375978
list:
dist: 2.877175471582454 vs. 2.877175471582454
list:
dist: 3.1551480324446004 vs. 3.1551480324446004
list:
dist: 4.370056732695856 vs. 4.370056732695856
list:
dist: 2.494841236768488 vs. 2.494841236768488
list:
dist: 3.072398777768697 vs. 3.072398777768697
list:
dist: 3.860376322704416 vs. 3.860376322704416
list:
dist: 2.8446599708089857 vs. 2.8446599708089857
list:
dist: 2.2821056186618125 vs. 2.2821056186618125
list:
dist: 1.5425633309735334 vs. 1.5425633309735334
list:
dist: 2.4453840510857225 vs. 2.4453840510857225
list:
dist: 2.5666378286618214 vs. 2.5666378286618214
list:
dist: 2.668587111372109 vs. 2.668587111372109
list:
dist: 3.458601869738891 vs. 3.458601869738891
list:
dist: 2.6983239100365726 vs. 2.6983239100365726
list:
dist: 1.4688554951792556 vs. 1.4688554951792556
list:
dist: 1.4220438388028955 vs. 1.4220438388028955
list:
dist: 1.009708055526387 vs. 1.009708055526387
list:
dist: 1.396410064490723 vs. 1.396410064490723
list:
dist: 0.729057342546228 vs. 0.729057342546228
list:
dist: 2.4934169991792405 vs. 2.4934169991792405
list:
dist: 1.4746997989737383 vs. 1.4746997989737383
list:
dist: 0.9048213277855196 vs. 0.9048213277855196
list:
dist: 1.2038356855954617 vs. 1.2038356855954617
list:
dist: 1.9730442784893634 vs. 1.9730442784893634
list:
dist: 1.3692643546886751 vs. 1.3692643546886751
list:
dist: 0.3915341358188039 vs. 0.3915341358188039
list:
dist: 1.20342953306702 vs. 1.20342953306702
list:
dist: 1.3070746752047029 vs. 1.3070746752047029
list:
dist: 1.4996457291539538 vs. 1.4996457291539538
list:
dist: 1.8614608469639446 vs. 1.8614608469639446
list:
dist: 2.250713348446734 vs. 2.250713348446734
list:
dist: 3.222606022976674 vs. 3.222606022976674
list:
dist: 2.195700143863659 vs. 2.195700143863659
list:
dist: 0.9729442328289963 vs. 0.9729442328289963
list:
dist: 1.3180342592636722 vs. 1.3180342592636722
list:
dist: 3.5106046861575826 vs. 3.5106046861575826
list:
dist: 2.6983239100365726 vs. 2.6983239100365726
list:
dist: 2.8829206816977444 vs. 2.8829206816977444
list:
dist: 1.4077789045818196 vs. 1.4077789045818196
list:
dist: 2.1661375739227755 vs. 2.1661375739227755
list:
dist: 4.613723846196488 vs. 4.613723846196488
list:
dist: 3.015337159842564 vs. 3.015337159842564
list:
dist: 2.4250898252285165 vs. 2.4250898252285165
list:
dist: 2.586257325526687 vs. 2.586257325526687
list:
dist: 2.1183630983740205 vs. 2.1183630983740205
list:
dist: 2.158437927105692 vs. 2.158437927105692
list:
dist: 1.1477607842086157 vs. 1.1477607842086157
list:
dist: 1.0680360656662369 vs. 1.0680360656662369
list:
dist: 1.307343524364533 vs. 1.307343524364533
list:
dist: 1.8089972263638217 vs. 1.8089972263638217
list:
dist: 1.63913110968872 vs. 1.63913110968872
list:
dist: 0.9173640191694105 vs. 0.9173640191694105
list:
dist: 1.3838708619422089 vs. 1.3838708619422089
list:
dist: 1.7375700077380916 vs. 1.7375700077380916
list:
dist: 2.2407927230427123 vs. 2.2407927230427123
list:
dist: 2.5524800537147554 vs. 2.5524800537147554
list:
dist: 3.5220243438165832 vs. 3.5220243438165832
list:
dist: 2.4719029916575166 vs. 2.4719029916575166
list:
dist: 0.7136209966531007 vs. 0.7136209966531007
list:
dist: 0.3915341358188039 vs. 0.3915341358188039
list:
dist: 1.6585844492106976 vs. 1.6585844492106976
list:
dist: 3.854320305371648 vs. 3.854320305371648
list:
dist: 3.072398777768697 vs. 3.072398777768697
list:
dist: 3.2715239498107294 vs. 3.2715239498107294
list:
dist: 1.7814800974832978 vs. 1.7814800974832978
list:
dist: 2.555312079713715 vs. 2.555312079713715
list:
dist: 3.847470591639926 vs. 3.847470591639926
list:
dist: 3.825327134249075 vs. 3.825327134249075
list:
dist: 5.049578029171677 vs. 5.049578029171677
list:
dist: 3.588445365379185 vs. 3.588445365379185
list:
dist: 3.854320305371648 vs. 3.854320305371648
list:
dist: 4.599206127807087 vs. 4.599206127807087
list:
dist: 3.093954127394975 vs. 3.093954127394975
list:
dist: 2.471592325327156 vs. 2.471592325327156
list:
dist: 2.5470913795807446 vs. 2.5470913795807446
list:
dist: 2.829306622748023 vs. 2.829306622748023
list:
dist: 2.1133388100091897 vs. 2.1133388100091897
list:
dist: 3.1138688275206747 vs. 3.1138688275206747
list:
dist: 4.3876310245516885 vs. 4.3876310245516885
list:
dist: 3.5106046861575826 vs. 3.5106046861575826
list:
dist: 2.3439746317339876 vs. 2.3439746317339876
list:
dist: 1.4220438388028955 vs. 1.4220438388028955
list:
dist: 1.5500765838416435 vs. 1.5500765838416435
list:
dist: 2.1422046653776285 vs. 2.1422046653776285
list:
dist: 1.8747326080530828 vs. 1.8747326080530828
list:
dist: 2.140673610016747 vs. 2.140673610016747
list:
dist: 3.131425424160861 vs. 3.131425424160861
list:
dist: 2.496790785322865 vs. 2.496790785322865
list:
dist: 3.027417350154923 vs. 3.027417350154923
list:
dist: 3.3460736493086123 vs. 3.3460736493086123
list:
dist: 3.046388766165103 vs. 3.046388766165103
list:
dist: 2.79769940535136 vs. 2.79769940535136
list:
dist: 2.1264746689440326 vs. 2.1264746689440326
list:
dist: 2.844093789982722 vs. 2.844093789982722
list:
dist: 2.3742387119704222 vs. 2.3742387119704222
list:
dist: 2.6206337057946087 vs. 2.6206337057946087
list:
dist: 2.6547233293922203 vs. 2.6547233293922203
list:
dist: 2.326410605673338 vs. 2.326410605673338
list:
dist: 2.79769940535136 vs. 2.79769940535136
list:
dist: 2.0243806709191756 vs. 2.0243806709191756
list:
dist: 1.6015956432401883 vs. 1.6015956432401883
list:
dist: 2.7464874668407573 vs. 2.7464874668407573
list:
dist: 1.8478779224057085 vs. 1.8478779224057085
list:
dist: 2.5524800537147554 vs. 2.5524800537147554
list:
dist: 2.7985817235044674 vs. 2.7985817235044674
list:
dist: 2.2604103943690745 vs. 2.2604103943690745
list:
dist: 1.6986653538926706 vs. 1.6986653538926706
list:
dist: 1.312273730800165 vs. 1.312273730800165
list:
dist: 1.5021773914996268 vs. 1.5021773914996268
list:
dist: 0.29751115687920593 vs. 0.29751115687920593
list:
dist: 3.1269665969027782 vs. 3.1269665969027782
list:
dist: 2.250713348446734 vs. 2.250713348446734
list:
dist: 2.2034510316838842 vs. 2.2034510316838842
list:
dist: 2.829306622748023 vs. 2.829306622748023
list:
dist: 2.4453840510857225 vs. 2.4453840510857225
list:
dist: 1.7762020066296997 vs. 1.7762020066296997
list:
dist: 1.667266658111964 vs. 1.667266658111964
list:
dist: 1.835435619508521 vs. 1.835435619508521
list:
dist: 3.25106232104739 vs. 3.25106232104739
list:
dist: 1.0320804184004804 vs. 1.0320804184004804
list:
dist: 0.8743537087186084 vs. 0.8743537087186084
list:
dist: 1.0543924170503256 vs. 1.0543924170503256
list:
dist: 2.140673610016747 vs. 2.140673610016747
list:
dist: 2.8177235693462537 vs. 2.8177235693462537
list:
dist: 2.720068948224612 vs. 2.720068948224612
list:
dist: 2.962692093995498 vs. 2.962692093995498
list:
dist: 2.0396911917013707 vs. 2.0396911917013707
list:
dist: 2.1007402592963147 vs. 2.1007402592963147
list:
dist: 3.3090042589530935 vs. 3.3090042589530935
list:
dist: 3.015337159842564 vs. 3.015337159842564
list:
dist: 2.63237132455041 vs. 2.63237132455041
list:
dist: 2.575323662305249 vs. 2.575323662305249
list:
dist: 2.599713307307897 vs. 2.599713307307897
list:
dist: 3.4429620384997204 vs. 3.4429620384997204
list:
dist: 2.3742387119704222 vs. 2.3742387119704222
list:
dist: 2.9081465239824627 vs. 2.9081465239824627
list:
dist: 2.2067036037098626 vs. 2.2067036037098626
list:
dist: 1.736410471569819 vs. 1.736410471569819
list:
dist: 1.8657009588141247 vs. 1.8657009588141247
list:
dist: 3.052993126198328 vs. 3.052993126198328
list:
dist: 1.6236243629333786 vs. 1.6236243629333786
list:
dist: 1.7814800974832978 vs. 1.7814800974832978
list:
dist: 2.5260411499926585 vs. 2.5260411499926585
list:
dist: 1.549952725575674 vs. 1.549952725575674
list:
dist: 1.0620820434485796 vs. 1.0620820434485796
list:
dist: 1.0533458416336576 vs. 1.0533458416336576
list:
dist: 1.667266658111964 vs. 1.667266658111964
list:
dist: 2.228406829476731 vs. 2.228406829476731
list:
dist: 1.8056174191044378 vs. 1.8056174191044378
list:
dist: 2.306831217804804 vs. 2.306831217804804
list:
dist: 1.4077789045818196 vs. 1.4077789045818196
list:
dist: 0.5618356457114869 vs. 0.5618356457114869
list:
dist: 2.1422046653776285 vs. 2.1422046653776285
list:
dist: 1.396410064490723 vs. 1.396410064490723
list:
dist: 1.5707694471889548 vs. 1.5707694471889548
list:
dist: 0.9274658314391684 vs. 0.9274658314391684
list:
dist: 3.4429620384997204 vs. 3.4429620384997204
list:
dist: 3.3773246587042305 vs. 3.3773246587042305
list:
dist: 3.51069200266411 vs. 3.51069200266411
list:
dist: 3.0461202056268033 vs. 3.0461202056268033
list:
dist: 1.6246768711564408 vs. 1.6246768711564408
list:
dist: 1.866572497669118 vs. 1.866572497669118
list:
dist: 3.0648324783029697 vs. 3.0648324783029697
list:
dist: 1.1450396200059028 vs. 1.1450396200059028
list:
dist: 2.2407927230427123 vs. 2.2407927230427123
list:
dist: 2.7828370099155477 vs. 2.7828370099155477
list:
dist: 2.3811218794987896 vs. 2.3811218794987896
list:
dist: 1.866902900674688 vs. 1.866902900674688
list:
dist: 1.312273730800165 vs. 1.312273730800165
list:
dist: 2.3212618841127077 vs. 2.3212618841127077
list:
dist: 1.4115590358869217 vs. 1.4115590358869217
list:
dist: 3.842573076956653 vs. 3.842573076956653
list:
dist: 2.6414868612117597 vs. 2.6414868612117597
list:
dist: 1.8614608469639446 vs. 1.8614608469639446
list:
dist: 1.4062115572746576 vs. 1.4062115572746576
list:
dist: 2.5470913795807446 vs. 2.5470913795807446
list:
dist: 1.5425633309735334 vs. 1.5425633309735334
list:
dist: 1.2746693209786426 vs. 1.2746693209786426
list:
dist: 1.0533458416336576 vs. 1.0533458416336576
list:
dist: 0.8177606450987804 vs. 0.8177606450987804
list:
dist: 4.910404666417069 vs. 4.910404666417069
list:
dist: 2.962692093995498 vs. 2.962692093995498
list:
dist: 2.42501765191653 vs. 2.42501765191653
list:
dist: 2.841067929957989 vs. 2.841067929957989
list:
dist: 2.1397636099540556 vs. 2.1397636099540556
list:
dist: 2.5988334080661866 vs. 2.5988334080661866
list:
dist: 2.014897497077517 vs. 2.014897497077517
list:
dist: 0.9254830763632566 vs. 0.9254830763632566
list:
dist: 1.689744830013412 vs. 1.689744830013412
list:
dist: 0.6814706051131403 vs. 0.6814706051131403
list:
dist: 1.0680360656662369 vs. 1.0680360656662369
list:
dist: 1.2996211656357197 vs. 1.2996211656357197
list:
dist: 2.0312533866893725 vs. 2.0312533866893725
list:
dist: 2.030870727648726 vs. 2.030870727648726
list:
dist: 1.6246768711564408 vs. 1.6246768711564408
list:
dist: 2.0243806709191756 vs. 2.0243806709191756
list:
dist: 3.3228543454289756 vs. 3.3228543454289756
list:
dist: 1.8883089681859195 vs. 1.8883089681859195
list:
dist: 1.2861792891744714 vs. 1.2861792891744714
list:
dist: 0.9048213277855196 vs. 0.9048213277855196
list:
dist: 1.798082599844921 vs. 1.798082599844921
list:
dist: 3.847470591639926 vs. 3.847470591639926
list:
dist: 2.877175471582454 vs. 2.877175471582454
list:
dist: 2.8591754686335835 vs. 2.8591754686335835
list:
dist: 1.736410471569819 vs. 1.736410471569819
list:
dist: 2.215052788973114 vs. 2.215052788973114
list:
dist: 2.9081465239824627 vs. 2.9081465239824627
list:
dist: 3.5111048284930773 vs. 3.5111048284930773
list:
dist: 3.121919260780483 vs. 3.121919260780483
list:
dist: 3.2245247770020877 vs. 3.2245247770020877
list:
dist: 2.1264746689440326 vs. 2.1264746689440326
list:
dist: 3.3228543454289756 vs. 3.3228543454289756
list:
dist: 2.841366945292452 vs. 2.841366945292452
list:
dist: 3.94673762883395 vs. 3.94673762883395
list:
dist: 3.1836222972512784 vs. 3.1836222972512784
list:
dist: 3.5220243438165832 vs. 3.5220243438165832
list:
dist: 3.898515002852631 vs. 3.898515002852631
list:
dist: 2.6404523693822197 vs. 2.6404523693822197
list:
dist: 1.969301853089034 vs. 1.969301853089034
list:
dist: 2.3212618841127077 vs. 2.3212618841127077
list:
dist: 1.5021773914996268 vs. 1.5021773914996268
list:
dist: 1.7527196270403336 vs. 1.7527196270403336
list:
dist: 4.188888994104645 vs. 4.188888994104645
list:
dist: 3.222606022976674 vs. 3.222606022976674
list:
dist: 2.7545229085789305 vs. 2.7545229085789305
list:
dist: 2.1133388100091897 vs. 2.1133388100091897
list:
dist: 2.5666378286618214 vs. 2.5666378286618214
list:
dist: 1.8652038053166764 vs. 1.8652038053166764
list:
dist: 2.228406829476731 vs. 2.228406829476731
list:
dist: 2.3264293995037124 vs. 2.3264293995037124
list:
dist: 2.215052788973114 vs. 2.215052788973114
list:
dist: 2.4839472023490257 vs. 2.4839472023490257
list:
dist: 3.7032106827971885 vs. 3.7032106827971885
list:
dist: 1.8074755986326547 vs. 1.8074755986326547
list:
dist: 2.555312079713715 vs. 2.555312079713715
list:
dist: 3.267867514011595 vs. 3.267867514011595
list:
dist: 2.4700789568313826 vs. 2.4700789568313826
list:
dist: 1.9034634473837766 vs. 1.9034634473837766
list:
dist: 0.8177606450987804 vs. 0.8177606450987804
list:
dist: 1.835435619508521 vs. 1.835435619508521
list:
dist: 2.3264293995037124 vs. 2.3264293995037124
list:
dist: 2.023275871375978 vs. 2.023275871375978
list:
dist: 2.9614893445790478 vs. 2.9614893445790478
list:
dist: 2.1661375739227755 vs. 2.1661375739227755
list:
dist: 1.1608553245098516 vs. 1.1608553245098516
list:
dist: 1.8747326080530828 vs. 1.8747326080530828
list:
dist: 0.729057342546228 vs. 0.729057342546228
list:
dist: 0.8796414782509198 vs. 0.8796414782509198
list:
dist: 0.9274658314391684 vs. 0.9274658314391684
list:
dist: 3.817393772277433 vs. 3.817393772277433
list:
dist: 2.63237132455041 vs. 2.63237132455041
list:
dist: 1.8081899310081895 vs. 1.8081899310081895
list:
dist: 2.226345748237737 vs. 2.226345748237737
list:
dist: 1.5993300979699836 vs. 1.5993300979699836
list:
dist: 1.3389046736585586 vs. 1.3389046736585586
list:
dist: 0.9412939002462548 vs. 0.9412939002462548
list:
dist: 1.2996211656357197 vs. 1.2996211656357197
list:
dist: 1.2253445020777398 vs. 1.2253445020777398
list:
dist: 0.9984194894469617 vs. 0.9984194894469617
list:
dist: 1.9805470275980646 vs. 1.9805470275980646
list:
dist: 0.9173640191694105 vs. 0.9173640191694105
list:
dist: 1.8835132768435554 vs. 1.8835132768435554
list:
dist: 2.295092377628121 vs. 2.295092377628121
list:
dist: 2.7828370099155477 vs. 2.7828370099155477
list:
dist: 2.7985817235044674 vs. 2.7985817235044674
list:
dist: 3.898515002852631 vs. 3.898515002852631
list:
dist: 2.6310106479530653 vs. 2.6310106479530653
list:
dist: 1.0645906737637905 vs. 1.0645906737637905
list:
dist: 1.20342953306702 vs. 1.20342953306702
list:
dist: 2.51679293121561 vs. 2.51679293121561
list:
dist: 4.599206127807087 vs. 4.599206127807087
list:
dist: 3.860376322704416 vs. 3.860376322704416
list:
dist: 3.897841950807481 vs. 3.897841950807481
list:
dist: 2.5260411499926585 vs. 2.5260411499926585
list:
dist: 3.267867514011595 vs. 3.267867514011595
list:
dist: 3.7804011856639925 vs. 3.7804011856639925
list:
dist: 2.6044442683190154 vs. 2.6044442683190154
list:
dist: 1.798082599844921 vs. 1.798082599844921
list:
dist: 2.1161495709752502 vs. 2.1161495709752502
list:
dist: 3.1949985247642245 vs. 3.1949985247642245
list:
dist: 1.7401549328515888 vs. 1.7401549328515888
list:
dist: 1.6585844492106976 vs. 1.6585844492106976
list:
dist: 2.51679293121561 vs. 2.51679293121561
list:
dist: 1.633634304504285 vs. 1.633634304504285
list:
dist: 1.3604777609790197 vs. 1.3604777609790197
list:
dist: 1.4062115572746576 vs. 1.4062115572746576
list:
dist: 2.2034510316838842 vs. 2.2034510316838842
list:
dist: 2.7545229085789305 vs. 2.7545229085789305
list:
dist: 2.3150057450989503 vs. 2.3150057450989503
list:
dist: 2.0755991012724992 vs. 2.0755991012724992
list:
dist: 1.3180342592636722 vs. 1.3180342592636722
list:
dist: 2.3439746317339876 vs. 2.3439746317339876
list:
dist: 1.4688554951792556 vs. 1.4688554951792556
list:
dist: 1.9436951767623347 vs. 1.9436951767623347
list:
dist: 0.5618356457114869 vs. 0.5618356457114869
list:
dist: 1.1608553245098516 vs. 1.1608553245098516
list:
dist: 2.8591754686335835 vs. 2.8591754686335835
list:
dist: 2.9327102736654798 vs. 2.9327102736654798
list:
dist: 4.184024000520986 vs. 4.184024000520986
list:
dist: 2.4182011452741174 vs. 2.4182011452741174
list:
dist: 3.2715239498107294 vs. 3.2715239498107294
list:
dist: 3.897841950807481 vs. 3.897841950807481
list:
dist: 2.951691111015352 vs. 2.951691111015352
list:
dist: 2.264157258531922 vs. 2.264157258531922
list:
dist: 1.2746693209786426 vs. 1.2746693209786426
list:
dist: 1.7762020066296997 vs. 1.7762020066296997
list:
dist: 1.8652038053166764 vs. 1.8652038053166764
list:
dist: 2.0315493256975388 vs. 2.0315493256975388
list:
dist: 3.745789267871368 vs. 3.745789267871368
list:
dist: 2.8829206816977444 vs. 2.8829206816977444
list:
dist: 1.9436951767623347 vs. 1.9436951767623347
list:
dist: 1.5500765838416435 vs. 1.5500765838416435
list:
dist: 1.009708055526387 vs. 1.009708055526387
list:
dist: 1.5707694471889548 vs. 1.5707694471889548
list:
dist: 0.8796414782509198 vs. 0.8796414782509198
list:
dist: 3.505052234728617 vs. 3.505052234728617
list:
dist: 3.677145364201919 vs. 3.677145364201919
list:
dist: 2.720068948224612 vs. 2.720068948224612
list:
dist: 2.0298852437941264 vs. 2.0298852437941264
list:
dist: 2.049905294599149 vs. 2.049905294599149
list:
dist: 1.8147086043854632 vs. 1.8147086043854632
list:
dist: 1.3712715269897877 vs. 1.3712715269897877
list:
dist: 2.014897497077517 vs. 2.014897497077517
list:
dist: 1.796960612738705 vs. 1.796960612738705
list:
dist: 1.6808244716997904 vs. 1.6808244716997904
list:
dist: 2.6638525124778902 vs. 2.6638525124778902
list:
dist: 1.1477607842086157 vs. 1.1477607842086157
list:
dist: 0.9412939002462548 vs. 0.9412939002462548
list:
dist: 1.5240501388944256 vs. 1.5240501388944256
list:
dist: 2.1667024670997552 vs. 2.1667024670997552
list:
dist: 1.4321517509016635 vs. 1.4321517509016635
list:
dist: 1.4746997989737383 vs. 1.4746997989737383
list:
dist: 2.6044442683190154 vs. 2.6044442683190154
list:
dist: 2.479448879884177 vs. 2.479448879884177
list:
dist: 1.1484291348153517 vs. 1.1484291348153517
list:
dist: 1.3427097202525222 vs. 1.3427097202525222
list:
dist: 0.940409673457101 vs. 0.940409673457101
list:
dist: 2.0743282266595666 vs. 2.0743282266595666
list:
dist: 3.6639145579883916 vs. 3.6639145579883916
list:
dist: 3.145515280499416 vs. 3.145515280499416
list:
dist: 2.3302996150125064 vs. 2.3302996150125064
list:
dist: 3.6618263771058954 vs. 3.6618263771058954
list:
dist: 2.941414183509905 vs. 2.941414183509905
list:
dist: 2.065041552775578 vs. 2.065041552775578
list:
dist: 4.743398553730887 vs. 4.743398553730887
list:
dist: 3.1932707530932536 vs. 3.1932707530932536
list:
dist: 3.4037360055709907 vs. 3.4037360055709907
list:
dist: 3.980638902532846 vs. 3.980638902532846
list:
dist: 3.3517801004812773 vs. 3.3517801004812773
list:
dist: 3.59782771098405 vs. 3.59782771098405
list:
dist: 4.743398553730887 vs. 4.743398553730887
list:
dist: 4.079511937259884 vs. 4.079511937259884
list:
dist: 4.5991870817644145 vs. 4.5991870817644145
list:
dist: 3.383898975261334 vs. 3.383898975261334
list:
dist: 2.1936728012709903 vs. 2.1936728012709903
list:
dist: 1.782188743155923 vs. 1.782188743155923
list:
dist: 2.5651828761844335 vs. 2.5651828761844335
list:
dist: 1.1522982142787437 vs. 1.1522982142787437
list:
dist: 2.3015575580982324 vs. 2.3015575580982324
list:
dist: 1.7919214774630003 vs. 1.7919214774630003
list:
dist: 2.3117171054083543 vs. 2.3117171054083543
list:
dist: 3.5148559701173148 vs. 3.5148559701173148
list:
dist: 0.9189412854568534 vs. 0.9189412854568534
list:
dist: 1.9301918302012093 vs. 1.9301918302012093
list:
dist: 1.3389755486481363 vs. 1.3389755486481363
list:
dist: 1.2822605402761544 vs. 1.2822605402761544
list:
dist: 1.1451422558724484 vs. 1.1451422558724484
list:
dist: 2.898393267649721 vs. 2.898393267649721
list:
dist: 3.5331546707924284 vs. 3.5331546707924284
list:
dist: 3.1464888174536756 vs. 3.1464888174536756
list:
dist: 2.7204429991068193 vs. 2.7204429991068193
list:
dist: 1.9812677408967183 vs. 1.9812677408967183
list:
dist: 2.1365205659648145 vs. 2.1365205659648145
list:
dist: 2.8519414299185954 vs. 2.8519414299185954
list:
dist: 1.6211331259016477 vs. 1.6211331259016477
list:
dist: 0.9189412854568534 vs. 0.9189412854568534
list:
dist: 2.356091727648691 vs. 2.356091727648691
list:
dist: 1.425981129743617 vs. 1.425981129743617
list:
dist: 2.0021937943763457 vs. 2.0021937943763457
list:
dist: 1.4976076981797108 vs. 1.4976076981797108
list:
dist: 1.5121534314632892 vs. 1.5121534314632892
list:
dist: 2.459498814745749 vs. 2.459498814745749
list:
dist: 3.4037360055709907 vs. 3.4037360055709907
list:
dist: 3.2076956785051207 vs. 3.2076956785051207
list:
dist: 2.9117664639143355 vs. 2.9117664639143355
list:
dist: 1.4441844797095311 vs. 1.4441844797095311
list:
dist: 2.9868972866051386 vs. 2.9868972866051386
list:
dist: 1.6866061992431598 vs. 1.6866061992431598
list:
dist: 2.2155937578717233 vs. 2.2155937578717233
list:
dist: 1.97213630405763 vs. 1.97213630405763
list:
dist: 0.9848283056771068 vs. 0.9848283056771068
list:
dist: 2.2230446944267084 vs. 2.2230446944267084
list:
dist: 2.3117171054083543 vs. 2.3117171054083543
list:
dist: 1.0958501544782016 vs. 1.0958501544782016
list:
dist: 1.5069145771382098 vs. 1.5069145771382098
list:
dist: 2.748173054243179 vs. 2.748173054243179
list:
dist: 3.691612812014786 vs. 3.691612812014786
list:
dist: 2.3196286385433336 vs. 2.3196286385433336
list:
dist: 2.3084258707547294 vs. 2.3084258707547294
list:
dist: 1.897750140044111 vs. 1.897750140044111
list:
dist: 1.6588977261665805 vs. 1.6588977261665805
list:
dist: 2.394028131245987 vs. 2.394028131245987
list:
dist: 2.161897717074379 vs. 2.161897717074379
list:
dist: 1.6635932791164185 vs. 1.6635932791164185
list:
dist: 2.700673057151154 vs. 2.700673057151154
list:
dist: 3.6639145579883916 vs. 3.6639145579883916
list:
dist: 3.2383812339532145 vs. 3.2383812339532145
list:
dist: 3.7354566436473062 vs. 3.7354566436473062
list:
dist: 3.148674324804315 vs. 3.148674324804315
list:
dist: 2.2580749671653275 vs. 2.2580749671653275
list:
dist: 2.086423220464491 vs. 2.086423220464491
list:
dist: 1.3063458867166164 vs. 1.3063458867166164
list:
dist: 1.459462218888524 vs. 1.459462218888524
list:
dist: 1.572441068013467 vs. 1.572441068013467
list:
dist: 2.2198854990033188 vs. 2.2198854990033188
list:
dist: 2.1936728012709903 vs. 2.1936728012709903
list:
dist: 1.8951951401944438 vs. 1.8951951401944438
list:
dist: 2.9868972866051386 vs. 2.9868972866051386
list:
dist: 4.0210624986176 vs. 4.0210624986176
list:
dist: 1.9812677408967183 vs. 1.9812677408967183
list:
dist: 2.83811918454992 vs. 2.83811918454992
list:
dist: 3.3759383422979963 vs. 3.3759383422979963
list:
dist: 2.38621246752918 vs. 2.38621246752918
list:
dist: 2.003236797321119 vs. 2.003236797321119
list:
dist: 4.091943340266988 vs. 4.091943340266988
list:
dist: 1.8222661190257514 vs. 1.8222661190257514
list:
dist: 1.1484291348153517 vs. 1.1484291348153517
list:
dist: 1.0587162574656013 vs. 1.0587162574656013
list:
dist: 1.3270349997985558 vs. 1.3270349997985558
list:
dist: 1.4166608082244423 vs. 1.4166608082244423
list:
dist: 2.700673057151154 vs. 2.700673057151154
list:
dist: 2.057710599784582 vs. 2.057710599784582
list:
dist: 1.2673591660929335 vs. 1.2673591660929335
list:
dist: 2.516731253352067 vs. 2.516731253352067
list:
dist: 1.9645558908291159 vs. 1.9645558908291159
list:
dist: 1.8970606183908163 vs. 1.8970606183908163
list:
dist: 3.59782771098405 vs. 3.59782771098405
list:
dist: 2.1174083374677286 vs. 2.1174083374677286
list:
dist: 2.459498814745749 vs. 2.459498814745749
list:
dist: 3.339721472421671 vs. 3.339721472421671
list:
dist: 3.2679690229474887 vs. 3.2679690229474887
list:
dist: 3.966310168471914 vs. 3.966310168471914
list:
dist: 3.776963320825231 vs. 3.776963320825231
list:
dist: 2.83811918454992 vs. 2.83811918454992
list:
dist: 2.9573911315314376 vs. 2.9573911315314376
list:
dist: 3.8401490549278665 vs. 3.8401490549278665
list:
dist: 2.8101420467600398 vs. 2.8101420467600398
list:
dist: 3.460702168145623 vs. 3.460702168145623
list:
dist: 1.9301918302012093 vs. 1.9301918302012093
list:
dist: 3.0781186958328326 vs. 3.0781186958328326
list:
dist: 3.691612812014786 vs. 3.691612812014786
list:
dist: 4.37742518863753 vs. 4.37742518863753
list:
dist: 1.425981129743617 vs. 1.425981129743617
list:
dist: 2.214250781508704 vs. 2.214250781508704
list:
dist: 1.4122240228154537 vs. 1.4122240228154537
list:
dist: 1.8382463797597655 vs. 1.8382463797597655
list:
dist: 3.6411609189094367 vs. 3.6411609189094367
list:
dist: 2.466156840567139 vs. 2.466156840567139
list:
dist: 0.8391804317771804 vs. 0.8391804317771804
list:
dist: 2.086423220464491 vs. 2.086423220464491
list:
dist: 3.1773613047390334 vs. 3.1773613047390334
list:
dist: 3.016684629423711 vs. 3.016684629423711
list:
dist: 2.8141561687107965 vs. 2.8141561687107965
list:
dist: 2.7204429991068193 vs. 2.7204429991068193
list:
dist: 3.776963320825231 vs. 3.776963320825231
list:
dist: 2.9238799476186057 vs. 2.9238799476186057
list:
dist: 1.3270349997985558 vs. 1.3270349997985558
list:
dist: 0.940409673457101 vs. 0.940409673457101
list:
dist: 1.987957647435781 vs. 1.987957647435781
list:
dist: 1.4750834814121065 vs. 1.4750834814121065
list:
dist: 3.7354566436473062 vs. 3.7354566436473062
list:
dist: 2.976004172526489 vs. 2.976004172526489
list:
dist: 2.4091978735186466 vs. 2.4091978735186466
list:
dist: 3.635052287777729 vs. 3.635052287777729
list:
dist: 2.5064925601873673 vs. 2.5064925601873673
list:
dist: 1.1677970687427934 vs. 1.1677970687427934
list:
dist: 4.5991870817644145 vs. 4.5991870817644145
list:
dist: 2.8862072561400467 vs. 2.8862072561400467
list:
dist: 2.9117664639143355 vs. 2.9117664639143355
list:
dist: 3.1980386220235 vs. 3.1980386220235
list:
dist: 2.421968728919015 vs. 2.421968728919015
list:
dist: 2.003236797321119 vs. 2.003236797321119
list:
dist: 1.3544386219515132 vs. 1.3544386219515132
list:
dist: 2.350833110742482 vs. 2.350833110742482
list:
dist: 1.5025333614985141 vs. 1.5025333614985141
list:
dist: 1.6469535417013268 vs. 1.6469535417013268
list:
dist: 1.1451422558724484 vs. 1.1451422558724484
list:
dist: 1.282804610810778 vs. 1.282804610810778
list:
dist: 1.897750140044111 vs. 1.897750140044111
list:
dist: 2.7502219505633296 vs. 2.7502219505633296
list:
dist: 1.5121534314632892 vs. 1.5121534314632892
list:
dist: 1.8382463797597655 vs. 1.8382463797597655
list:
dist: 1.598262930246299 vs. 1.598262930246299
list:
dist: 0.5565964133561644 vs. 0.5565964133561644
list:
dist: 2.3177626924610664 vs. 2.3177626924610664
list:
dist: 2.883259450841349 vs. 2.883259450841349
list:
dist: 3.2679690229474887 vs. 3.2679690229474887
list:
dist: 3.3517801004812773 vs. 3.3517801004812773
list:
dist: 4.097622960132336 vs. 4.097622960132336
list:
dist: 2.421968728919015 vs. 2.421968728919015
list:
dist: 2.0644284930615884 vs. 2.0644284930615884
list:
dist: 2.8277286357698066 vs. 2.8277286357698066
list:
dist: 1.4212219346248736 vs. 1.4212219346248736
list:
dist: 2.748173054243179 vs. 2.748173054243179
list:
dist: 1.820231857842182 vs. 1.820231857842182
list:
dist: 3.133773627926778 vs. 3.133773627926778
list:
dist: 2.588571764879704 vs. 2.588571764879704
list:
dist: 3.011375243276957 vs. 3.011375243276957
list:
dist: 2.7056331546802674 vs. 2.7056331546802674
list:
dist: 1.9645558908291159 vs. 1.9645558908291159
list:
dist: 2.941414183509905 vs. 2.941414183509905
list:
dist: 2.876478523226855 vs. 2.876478523226855
list:
dist: 2.5064925601873673 vs. 2.5064925601873673
list:
dist: 1.2808357390626812 vs. 1.2808357390626812
list:
dist: 2.2198854990033188 vs. 2.2198854990033188
list:
dist: 0.963945720693433 vs. 0.963945720693433
list:
dist: 1.4925504054545944 vs. 1.4925504054545944
list:
dist: 1.717027275632336 vs. 1.717027275632336
list:
dist: 1.9374117400730575 vs. 1.9374117400730575
list:
dist: 2.3015575580982324 vs. 2.3015575580982324
list:
dist: 0.5372437797509266 vs. 0.5372437797509266
list:
dist: 0.9848283056771068 vs. 0.9848283056771068
list:
dist: 1.881015073946481 vs. 1.881015073946481
list:
dist: 2.8277286357698066 vs. 2.8277286357698066
list:
dist: 3.460702168145623 vs. 3.460702168145623
list:
dist: 2.7170811330456166 vs. 2.7170811330456166
list:
dist: 2.1552713443138916 vs. 2.1552713443138916
list:
dist: 1.6469535417013268 vs. 1.6469535417013268
list:
dist: 2.2918349547140773 vs. 2.2918349547140773
list:
dist: 2.897375892690683 vs. 2.897375892690683
list:
dist: 1.8970606183908163 vs. 1.8970606183908163
list:
dist: 2.065041552775578 vs. 2.065041552775578
list:
dist: 2.803747825642055 vs. 2.803747825642055
list:
dist: 1.1677970687427934 vs. 1.1677970687427934
list:
dist: 0.9862278692633115 vs. 0.9862278692633115
list:
dist: 1.9374117400730575 vs. 1.9374117400730575
list:
dist: 2.2230446944267084 vs. 2.2230446944267084
list:
dist: 2.1013418229524534 vs. 2.1013418229524534
list:
dist: 1.4212219346248736 vs. 1.4212219346248736
list:
dist: 3.2873290999147398 vs. 3.2873290999147398
list:
dist: 3.2273034792493545 vs. 3.2273034792493545
list:
dist: 4.091943340266988 vs. 4.091943340266988
list:
dist: 2.9334973369163415 vs. 2.9334973369163415
list:
dist: 3.7167811597729767 vs. 3.7167811597729767
list:
dist: 3.174472013993204 vs. 3.174472013993204
list:
dist: 2.2918349547140773 vs. 2.2918349547140773
list:
dist: 3.2873290999147398 vs. 3.2873290999147398
list:
dist: 2.898393267649721 vs. 2.898393267649721
list:
dist: 2.3870746519545927 vs. 2.3870746519545927
list:
dist: 1.6588977261665805 vs. 1.6588977261665805
list:
dist: 1.338860205138065 vs. 1.338860205138065
list:
dist: 3.133773627926778 vs. 3.133773627926778
list:
dist: 3.6411609189094367 vs. 3.6411609189094367
list:
dist: 2.1046697138238186 vs. 2.1046697138238186
list:
dist: 2.365796016608911 vs. 2.365796016608911
list:
dist: 2.3177626924610664 vs. 2.3177626924610664
list:
dist: 1.1852384242831906 vs. 1.1852384242831906
list:
dist: 0.6492683297469534 vs. 0.6492683297469534
list:
dist: 3.339721472421671 vs. 3.339721472421671
list:
dist: 3.980638902532846 vs. 3.980638902532846
list:
dist: 4.237554537274192 vs. 4.237554537274192
list:
dist: 3.1980386220235 vs. 3.1980386220235
list:
dist: 1.976436615962587 vs. 1.976436615962587
list:
dist: 4.0210624986176 vs. 4.0210624986176
list:
dist: 2.7962154196462334 vs. 2.7962154196462334
list:
dist: 3.326482363628945 vs. 3.326482363628945
list:
dist: 3.358215915167615 vs. 3.358215915167615
list:
dist: 1.881015073946481 vs. 1.881015073946481
list:
dist: 2.1013418229524534 vs. 2.1013418229524534
list:
dist: 3.5148559701173148 vs. 3.5148559701173148
list:
dist: 2.258898249481819 vs. 2.258898249481819
list:
dist: 1.5069145771382098 vs. 1.5069145771382098
list:
dist: 1.820231857842182 vs. 1.820231857842182
list:
dist: 4.37742518863753 vs. 4.37742518863753
list:
dist: 3.152941535379697 vs. 3.152941535379697
list:
dist: 2.997116409372207 vs. 2.997116409372207
list:
dist: 2.7502219505633296 vs. 2.7502219505633296
list:
dist: 1.338860205138065 vs. 1.338860205138065
list:
dist: 1.1751323951643415 vs. 1.1751323951643415
list:
dist: 1.3424882837671395 vs. 1.3424882837671395
list:
dist: 1.2413886347466025 vs. 1.2413886347466025
list:
dist: 2.897375892690683 vs. 2.897375892690683
list:
dist: 3.2273034792493545 vs. 3.2273034792493545
list:
dist: 2.394028131245987 vs. 2.394028131245987
list:
dist: 1.1751323951643415 vs. 1.1751323951643415
list:
dist: 2.588571764879704 vs. 2.588571764879704
list:
dist: 1.1852384242831906 vs. 1.1852384242831906
list:
dist: 0.6259968638940758 vs. 0.6259968638940758
list:
dist: 2.0886684075515376 vs. 2.0886684075515376
list:
dist: 2.057710599784582 vs. 2.057710599784582
list:
dist: 3.145515280499416 vs. 3.145515280499416
list:
dist: 2.8051880190004126 vs. 2.8051880190004126
list:
dist: 2.976004172526489 vs. 2.976004172526489
list:
dist: 2.0127392141921536 vs. 2.0127392141921536
list:
dist: 3.510501075792704 vs. 3.510501075792704
list:
dist: 3.1773613047390334 vs. 3.1773613047390334
list:
dist: 1.3063458867166164 vs. 1.3063458867166164
list:
dist: 1.0030097857935942 vs. 1.0030097857935942
list:
dist: 1.0161290848342845 vs. 1.0161290848342845
list:
dist: 0.963945720693433 vs. 0.963945720693433
list:
dist: 1.782188743155923 vs. 1.782188743155923
list:
dist: 0.5979232814168461 vs. 0.5979232814168461
list:
dist: 1.6866061992431598 vs. 1.6866061992431598
list:
dist: 2.7962154196462334 vs. 2.7962154196462334
list:
dist: 2.1365205659648145 vs. 2.1365205659648145
list:
dist: 2.9573911315314376 vs. 2.9573911315314376
list:
dist: 2.6473046170203993 vs. 2.6473046170203993
list:
dist: 1.9019828708546165 vs. 1.9019828708546165
list:
dist: 1.3544386219515132 vs. 1.3544386219515132
list:
dist: 2.9334973369163415 vs. 2.9334973369163415
list:
dist: 2.657176868408405 vs. 2.657176868408405
list:
dist: 0.8391804317771804 vs. 0.8391804317771804
list:
dist: 2.2580749671653275 vs. 2.2580749671653275
list:
dist: 3.510501075792704 vs. 3.510501075792704
list:
dist: 3.3470459922247415 vs. 3.3470459922247415
list:
dist: 3.35429589376301 vs. 3.35429589376301
list:
dist: 3.1464888174536756 vs. 3.1464888174536756
list:
dist: 3.966310168471914 vs. 3.966310168471914
list:
dist: 1.2413886347466025 vs. 1.2413886347466025
list:
dist: 1.8222661190257514 vs. 1.8222661190257514
list:
dist: 2.479448879884177 vs. 2.479448879884177
list:
dist: 2.002084349571046 vs. 2.002084349571046
list:
dist: 2.9238799476186057 vs. 2.9238799476186057
list:
dist: 2.657176868408405 vs. 2.657176868408405
list:
dist: 2.466156840567139 vs. 2.466156840567139
list:
dist: 1.6635932791164185 vs. 1.6635932791164185
list:
dist: 2.0886684075515376 vs. 2.0886684075515376
list:
dist: 1.2461274556409803 vs. 1.2461274556409803
list:
dist: 2.3624620758978 vs. 2.3624620758978
list:
dist: 2.7056331546802674 vs. 2.7056331546802674
list:
dist: 2.002084349571046 vs. 2.002084349571046
list:
dist: 1.0587162574656013 vs. 1.0587162574656013
list:
dist: 1.3427097202525222 vs. 1.3427097202525222
list:
dist: 1.987957647435781 vs. 1.987957647435781
list:
dist: 2.294455559548055 vs. 2.294455559548055
list:
dist: 3.2383812339532145 vs. 3.2383812339532145
list:
dist: 2.8051880190004126 vs. 2.8051880190004126
list:
dist: 1.9136207746760159 vs. 1.9136207746760159
list:
dist: 2.948529178914229 vs. 2.948529178914229
list:
dist: 2.876478523226855 vs. 2.876478523226855
list:
dist: 2.803747825642055 vs. 2.803747825642055
list:
dist: 4.079511937259884 vs. 4.079511937259884
list:
dist: 2.911709104517874 vs. 2.911709104517874
list:
dist: 3.2076956785051207 vs. 3.2076956785051207
list:
dist: 4.237554537274192 vs. 4.237554537274192
list:
dist: 4.097622960132336 vs. 4.097622960132336
list:
dist: 1.4166608082244423 vs. 1.4166608082244423
list:
dist: 2.0743282266595666 vs. 2.0743282266595666
list:
dist: 2.294455559548055 vs. 2.294455559548055
list:
dist: 1.4750834814121065 vs. 1.4750834814121065
list:
dist: 3.148674324804315 vs. 3.148674324804315
list:
dist: 2.0127392141921536 vs. 2.0127392141921536
list:
dist: 1.8999522793412367 vs. 1.8999522793412367
list:
dist: 2.6029793964002015 vs. 2.6029793964002015
list:
dist: 1.2808357390626812 vs. 1.2808357390626812
list:
dist: 0.9862278692633115 vs. 0.9862278692633115
list:
dist: 3.383898975261334 vs. 3.383898975261334
list:
dist: 1.685767556944732 vs. 1.685767556944732
list:
dist: 1.4441844797095311 vs. 1.4441844797095311
list:
dist: 1.976436615962587 vs. 1.976436615962587
list:
dist: 2.0644284930615884 vs. 2.0644284930615884
list:
dist: 2.38621246752918 vs. 2.38621246752918
list:
dist: 1.9019828708546165 vs. 1.9019828708546165
list:
dist: 2.894163356594608 vs. 2.894163356594608
list:
dist: 1.9591146554748284 vs. 1.9591146554748284
list:
dist: 2.1552713443138916 vs. 2.1552713443138916
list:
dist: 1.2822605402761544 vs. 1.2822605402761544
list:
dist: 1.8265356064382048 vs. 1.8265356064382048
list:
dist: 2.3084258707547294 vs. 2.3084258707547294
list:
dist: 2.997116409372207 vs. 2.997116409372207
list:
dist: 1.4976076981797108 vs. 1.4976076981797108
list:
dist: 1.4122240228154537 vs. 1.4122240228154537
list:
dist: 1.4326023487446384 vs. 1.4326023487446384
list:
dist: 0.5565964133561644 vs. 0.5565964133561644
list:
dist: 2.365796016608911 vs. 2.365796016608911
list:
dist: 2.899018239866935 vs. 2.899018239866935
list:
dist: 2.1174083374677286 vs. 2.1174083374677286
list:
dist: 3.1932707530932536 vs. 3.1932707530932536
list:
dist: 2.911709104517874 vs. 2.911709104517874
list:
dist: 2.8862072561400467 vs. 2.8862072561400467
list:
dist: 1.685767556944732 vs. 1.685767556944732
list:
dist: 1.8951951401944438 vs. 1.8951951401944438
list:
dist: 0.5979232814168461 vs. 0.5979232814168461
list:
dist: 1.3658777682211096 vs. 1.3658777682211096
list:
dist: 1.2004517148536022 vs. 1.2004517148536022
list:
dist: 0.5372437797509266 vs. 0.5372437797509266
list:
dist: 1.7919214774630003 vs. 1.7919214774630003
list:
dist: 1.0958501544782016 vs. 1.0958501544782016
list:
dist: 2.258898249481819 vs. 2.258898249481819
list:
dist: 2.356091727648691 vs. 2.356091727648691
list:
dist: 3.0781186958328326 vs. 3.0781186958328326
list:
dist: 2.367723579979991 vs. 2.367723579979991
list:
dist: 1.8265356064382048 vs. 1.8265356064382048
list:
dist: 1.282804610810778 vs. 1.282804610810778
list:
dist: 2.3870746519545927 vs. 2.3870746519545927
list:
dist: 2.926733495769078 vs. 2.926733495769078
list:
dist: 1.2461274556409803 vs. 1.2461274556409803
list:
dist: 1.2673591660929335 vs. 1.2673591660929335
list:
dist: 2.3302996150125064 vs. 2.3302996150125064
list:
dist: 1.9136207746760159 vs. 1.9136207746760159
list:
dist: 2.4091978735186466 vs. 2.4091978735186466
list:
dist: 1.8999522793412367 vs. 1.8999522793412367
list:
dist: 3.3470459922247415 vs. 3.3470459922247415
list:
dist: 3.016684629423711 vs. 3.016684629423711
list:
dist: 1.459462218888524 vs. 1.459462218888524
list:
dist: 1.0030097857935942 vs. 1.0030097857935942
list:
dist: 1.491104247120075 vs. 1.491104247120075
list:
dist: 1.4925504054545944 vs. 1.4925504054545944
list:
dist: 2.5651828761844335 vs. 2.5651828761844335
list:
dist: 1.3658777682211096 vs. 1.3658777682211096
list:
dist: 2.2155937578717233 vs. 2.2155937578717233
list:
dist: 3.326482363628945 vs. 3.326482363628945
list:
dist: 2.8519414299185954 vs. 2.8519414299185954
list:
dist: 3.8401490549278665 vs. 3.8401490549278665
list:
dist: 3.5351770352150185 vs. 3.5351770352150185
list:
dist: 2.894163356594608 vs. 2.894163356594608
list:
dist: 2.350833110742482 vs. 2.350833110742482
list:
dist: 3.7167811597729767 vs. 3.7167811597729767
list:
dist: 3.3759383422979963 vs. 3.3759383422979963
list:
dist: 2.6473046170203993 vs. 2.6473046170203993
list:
dist: 3.5351770352150185 vs. 3.5351770352150185
list:
dist: 2.2656099774966947 vs. 2.2656099774966947
list:
dist: 2.7170811330456166 vs. 2.7170811330456166
list:
dist: 1.3389755486481363 vs. 1.3389755486481363
list:
dist: 2.367723579979991 vs. 2.367723579979991
list:
dist: 2.3196286385433336 vs. 2.3196286385433336
list:
dist: 3.152941535379697 vs. 3.152941535379697
list:
dist: 2.0021937943763457 vs. 2.0021937943763457
list:
dist: 2.214250781508704 vs. 2.214250781508704
list:
dist: 1.4326023487446384 vs. 1.4326023487446384
list:
dist: 1.598262930246299 vs. 1.598262930246299
list:
dist: 2.1046697138238186 vs. 2.1046697138238186
list:
dist: 2.6899897076987433 vs. 2.6899897076987433
list:
dist: 2.3624620758978 vs. 2.3624620758978
list:
dist: 2.516731253352067 vs. 2.516731253352067
list:
dist: 3.6618263771058954 vs. 3.6618263771058954
list:
dist: 2.948529178914229 vs. 2.948529178914229
list:
dist: 3.635052287777729 vs. 3.635052287777729
list:
dist: 2.6029793964002015 vs. 2.6029793964002015
list:
dist: 3.35429589376301 vs. 3.35429589376301
list:
dist: 2.8141561687107965 vs. 2.8141561687107965
list:
dist: 1.572441068013467 vs. 1.572441068013467
list:
dist: 1.0161290848342845 vs. 1.0161290848342845
list:
dist: 1.491104247120075 vs. 1.491104247120075
list:
dist: 1.717027275632336 vs. 1.717027275632336
list:
dist: 1.1522982142787437 vs. 1.1522982142787437
list:
dist: 1.2004517148536022 vs. 1.2004517148536022
list:
dist: 1.97213630405763 vs. 1.97213630405763
list:
dist: 3.358215915167615 vs. 3.358215915167615
list:
dist: 1.6211331259016477 vs. 1.6211331259016477
list:
dist: 2.8101420467600398 vs. 2.8101420467600398
list:
dist: 2.2656099774966947 vs. 2.2656099774966947
list:
dist: 1.9591146554748284 vs. 1.9591146554748284
list:
dist: 1.5025333614985141 vs. 1.5025333614985141
list:
dist: 3.174472013993204 vs. 3.174472013993204
list:
dist: 3.5331546707924284 vs. 3.5331546707924284
list:
dist: 2.926733495769078 vs. 2.926733495769078
list:
dist: 2.161897717074379 vs. 2.161897717074379
list:
dist: 1.3424882837671395 vs. 1.3424882837671395
list:
dist: 3.011375243276957 vs. 3.011375243276957
list:
dist: 2.6899897076987433 vs. 2.6899897076987433
list:
dist: 2.899018239866935 vs. 2.899018239866935
list:
dist: 2.883259450841349 vs. 2.883259450841349
list:
dist: 0.6492683297469534 vs. 0.6492683297469534
list:
dist: 0.6259968638940758 vs. 0.6259968638940758
900
rk
<OccurredElementalReaction>
	 elmtlRkId: 3
	 p(id,type,coords) 110 4 8.882596733190878 -0.8798055275161386 24.290431828189547
</OccurredElementalReaction>
rk
<OccurredElementalReaction>
	 elmtlRkId: 2
	 p(id,type,coords) 78 3 4.354845345167386 2.8802998062258016 20.14590162258834
</OccurredElementalReaction>
]]></system-out>
  <system-err><![CDATA[]]></system-err>
</testsuite>
