<?xml version="1.0" encoding="UTF-8" ?>
<testsuite errors="0" failures="0" hostname="Johanness-MacBook-Pro-4.local" name="readdy.impl.sim.core.CoreTest" tests="1" time="5.741" timestamp="2014-08-21T12:00:38">
  <properties>
    <property name="netbeans.autoupdate.country" value="US" />
    <property name="nb.wait.for.caches" value="true" />
    <property name="javac.test.classpath" value="lib/colt.jar:lib/statlab.jar:build/classes:/Applications/NetBeans/NetBeans 7.2.1.app/Contents/Resources/NetBeans/platform/modules/ext/junit-4.10.jar" />
    <property name="libs.junit.javadoc" value="/Applications/NetBeans/NetBeans 7.2.1.app/Contents/Resources/NetBeans/java/docs/junit-3.8.2-api.zip" />
    <property name="file.reference.colt.jar" value="lib/colt.jar" />
    <property name="ant.core.lib" value="/Applications/NetBeans/NetBeans 7.2.1.app/Contents/Resources/NetBeans/java/ant/lib/ant.jar" />
    <property name="javadoc.windowtitle" value="" />
    <property name="user.dir" value="/Users/johannesschoeneberg/Desktop/PhD/projects/ReaDDy/gitHub/readdy" />
    <property name="com.apple.mrj.application.apple.menu.about.name" value="NetBeans" />
    <property name="libs.hibernate-persistence.javadoc" value="" />
    <property name="java.vm.version" value="24.51-b03" />
    <property name="libs.MyLibrary.src" value="" />
    <property name="libs.MySQLDriver.classpath" value="/Applications/NetBeans/NetBeans 7.2.1.app/Contents/Resources/NetBeans/ide/modules/ext/mysql-connector-java-5.1.18-bin.jar" />
    <property name="libs.eclipselinkmodelgen.src" value="" />
    <property name="javadoc.notree" value="false" />
    <property name="netbeans.autoupdate.version" value="1.23" />
    <property name="libs.EclipseLink-GlassFish-v3.classpath" value="/Applications/NetBeans/glassfish-3.0.1/glassfish/modules/org.eclipse.persistence.antlr.jar:/Applications/NetBeans/glassfish-3.0.1/glassfish/modules/org.eclipse.persistence.asm.jar:/Applications/NetBeans/glassfish-3.0.1/glassfish/modules/org.eclipse.persistence.core.jar:/Applications/NetBeans/glassfish-3.0.1/glassfish/modules/org.eclipse.persistence.jpa.jar:/Applications/NetBeans/glassfish-3.0.1/glassfish/modules/org.eclipse.persistence.jpa.modelgen.jar:/Applications/NetBeans/glassfish-3.0.1/glassfish/modules/org.eclipse.persistence.oracle.jar:/Applications/NetBeans/glassfish-3.0.1/glassfish/modules/javax.persistence.jar" />
    <property name="libs.hibernate-support.maven-pom" value="" />
    <property name="libs.hibernate-support.javadoc" value="" />
    <property name="jdk.home" value="/Library/Java/JavaVirtualMachines/jdk1.7.0_51.jdk/Contents/Home" />
    <property name="libs.javac-api.src" value="" />
    <property name="javadoc.noindex" value="false" />
    <property name="sun.os.patch.level" value="unknown" />
    <property name="do.archive+manifest.available" value="true" />
    <property name="java.vm.specification.name" value="Java Virtual Machine Specification" />
    <property name="nb.show.statistics.ui" value="usageStatisticsEnabled" />
    <property name="netbeans.autoupdate.variant" value="" />
    <property name="have.tests" value="true" />
    <property name="org.xml.sax.driver" value="com.sun.org.apache.xerces.internal.jaxp.SAXParserImpl$JAXPSAXParser" />
    <property name="libs.javac-api.javadoc" value="" />
    <property name="os.name" value="Mac OS X" />
    <property name="libs.beans-binding.classpath" value="/Applications/NetBeans/NetBeans 7.2.1.app/Contents/Resources/NetBeans/java/modules/ext/beansbinding-1.2.1.jar" />
    <property name="libs.JWSAntTasks.maven-pom" value="" />
    <property name="jnlp.signing.keystore" value="" />
    <property name="libs.testng.src" value="" />
    <property name="java.vendor.url.bug" value="http://bugreport.sun.com/bugreport/" />
    <property name="libs.jaxb.maven-pom" value="" />
    <property name="os.arch" value="x86_64" />
    <property name="libs.eclipselink.src" value="" />
    <property name="user.name" value="johannesschoeneberg" />
    <property name="libs.Comet-GlassFish-v3.javadoc" value="" />
    <property name="copylibs.rebase" value="true" />
    <property name="manifest.available+main.class" value="true" />
    <property name="libs.swing-layout.maven-pom" value="" />
    <property name="sun.java.command" value="org.apache.tools.ant.taskdefs.optional.junit.JUnitTestRunner readdy.impl.sim.core.CoreTest filtertrace=true haltOnError=false haltOnFailure=false showoutput=true outputtoformatters=true logfailedtests=true logtestlistenerevents=true formatter=org.apache.tools.ant.taskdefs.optional.junit.BriefJUnitResultFormatter formatter=org.apache.tools.ant.taskdefs.optional.junit.XMLJUnitResultFormatter,/Users/johannesschoeneberg/Desktop/PhD/projects/ReaDDy/gitHub/readdy/build/test/results/TEST-readdy.impl.sim.core.CoreTest.xml crashfile=/Users/johannesschoeneberg/Desktop/PhD/projects/ReaDDy/gitHub/readdy/build/junitvmwatcher1751299829874060064.properties propsfile=/Users/johannesschoeneberg/Desktop/PhD/projects/ReaDDy/gitHub/readdy/build/junit7839531864330879903.properties" />
    <property name="build.classes.dir" value="build/classes" />
    <property name="netbeans.accept_license_class" value="org.netbeans.license.AcceptLicense" />
    <property name="jnlp.descriptor" value="application" />
    <property name="build.sysclasspath" value="ignore" />
    <property name="libs.jaxws21.javadoc" value="/Applications/NetBeans/NetBeans 7.2.1.app/Contents/Resources/NetBeans/java/docs/jaxws-api-doc.zip" />
    <property name="includes" value="**" />
    <property name="user.country" value="US" />
    <property name="manifest.file" value="manifest.mf" />
    <property name="javadoc.encoding" value="UTF-8" />
    <property name="javac.classpath" value="lib/colt.jar:lib/statlab.jar" />
    <property name="debug-transport" value="dt_socket" />
    <property name="netbeans.system_http_non_proxy_hosts" value="" />
    <property name="com.sun.mysql.port" value="3306" />
    <property name="netbeans.home" value="/Applications/NetBeans/NetBeans 7.2.1.app/Contents/Resources/NetBeans/platform" />
    <property name="build.compiler.emacs" value="true" />
    <property name="libs.ejb3-persistence.src" value="" />
    <property name="java.endorsed.dirs" value="/Library/Java/JavaVirtualMachines/jdk1.7.0_51.jdk/Contents/Home/jre/lib/endorsed" />
    <property name="libs.Comet-GlassFish-v3.maven-pom" value="" />
    <property name="netbeans.dynamic.classpath" value="/Applications/NetBeans/NetBeans 7.2.1.app/Contents/Resources/NetBeans/platform/core/core.jar:/Applications/NetBeans/NetBeans 7.2.1.app/Contents/Resources/NetBeans/platform/core/org-openide-filesystems.jar:/Applications/NetBeans/NetBeans 7.2.1.app/Contents/Resources/NetBeans/platform/core/locale/core_ja.jar:/Applications/NetBeans/NetBeans 7.2.1.app/Contents/Resources/NetBeans/platform/core/locale/core_pt_BR.jar:/Applications/NetBeans/NetBeans 7.2.1.app/Contents/Resources/NetBeans/platform/core/locale/core_ru.jar:/Applications/NetBeans/NetBeans 7.2.1.app/Contents/Resources/NetBeans/platform/core/locale/core_zh_CN.jar:/Applications/NetBeans/NetBeans 7.2.1.app/Contents/Resources/NetBeans/platform/core/locale/org-openide-filesystems_ja.jar:/Applications/NetBeans/NetBeans 7.2.1.app/Contents/Resources/NetBeans/platform/core/locale/org-openide-filesystems_pt_BR.jar:/Applications/NetBeans/NetBeans 7.2.1.app/Contents/Resources/NetBeans/platform/core/locale/org-openide-filesystems_ru.jar:/Applications/NetBeans/NetBeans 7.2.1.app/Contents/Resources/NetBeans/platform/core/locale/org-openide-filesystems_zh_CN.jar:/Applications/NetBeans/NetBeans 7.2.1.app/Contents/Resources/NetBeans/nb/core/org-netbeans-upgrader.jar:/Applications/NetBeans/NetBeans 7.2.1.app/Contents/Resources/NetBeans/nb/core/locale/core_nb.jar:/Applications/NetBeans/NetBeans 7.2.1.app/Contents/Resources/NetBeans/nb/core/locale/core_nb_ja.jar:/Applications/NetBeans/NetBeans 7.2.1.app/Contents/Resources/NetBeans/nb/core/locale/core_nb_pt_BR.jar:/Applications/NetBeans/NetBeans 7.2.1.app/Contents/Resources/NetBeans/nb/core/locale/core_nb_ru.jar:/Applications/NetBeans/NetBeans 7.2.1.app/Contents/Resources/NetBeans/nb/core/locale/core_nb_zh_CN.jar:/Applications/NetBeans/NetBeans 7.2.1.app/Contents/Resources/NetBeans/nb/core/locale/org-netbeans-upgrader_ja.jar:/Applications/NetBeans/NetBeans 7.2.1.app/Contents/Resources/NetBeans/nb/core/locale/org-netbeans-upgrader_pt_BR.jar:/Applications/NetBeans/NetBeans 7.2.1.app/Contents/Resources/NetBeans/nb/core/locale/org-netbeans-upgrader_ru.jar:/Applications/NetBeans/NetBeans 7.2.1.app/Contents/Resources/NetBeans/nb/core/locale/org-netbeans-upgrader_zh_CN.jar" />
    <property name="jnlp.enabled" value="false" />
    <property name="java.vm.specification.version" value="1.7" />
    <property name="ftp.nonProxyHosts" value="local|*.local|169.254/16|*.169.254/16" />
    <property name="netbeans.productversion" value="NetBeans IDE 7.2.1 (Build 201210100934)" />
    <property name="libs.hibernate-persistence.classpath" value="/Applications/NetBeans/NetBeans 7.2.1.app/Contents/Resources/NetBeans/java/modules/ext/hibernate/antlr-2.7.6.jar:/Applications/NetBeans/NetBeans 7.2.1.app/Contents/Resources/NetBeans/java/modules/ext/hibernate/asm.jar:/Applications/NetBeans/NetBeans 7.2.1.app/Contents/Resources/NetBeans/java/modules/ext/hibernate/asm-attrs.jar:/Applications/NetBeans/NetBeans 7.2.1.app/Contents/Resources/NetBeans/java/modules/ext/hibernate/cglib-2.1.3.jar:/Applications/NetBeans/NetBeans 7.2.1.app/Contents/Resources/NetBeans/java/modules/ext/hibernate/commons-collections-2.1.1.jar:/Applications/NetBeans/NetBeans 7.2.1.app/Contents/Resources/NetBeans/ide/modules/org-apache-commons-logging.jar:/Applications/NetBeans/NetBeans 7.2.1.app/Contents/Resources/NetBeans/java/modules/ext/hibernate/dom4j-1.6.1.jar:/Applications/NetBeans/NetBeans 7.2.1.app/Contents/Resources/NetBeans/java/modules/ext/hibernate/ehcache-1.2.3.jar:/Applications/NetBeans/NetBeans 7.2.1.app/Contents/Resources/NetBeans/java/modules/ext/hibernate/jdbc2_0-stdext.jar:/Applications/NetBeans/NetBeans 7.2.1.app/Contents/Resources/NetBeans/java/modules/ext/hibernate/jta.jar:/Applications/NetBeans/NetBeans 7.2.1.app/Contents/Resources/NetBeans/java/modules/ext/hibernate/hibernate3.jar:/Applications/NetBeans/NetBeans 7.2.1.app/Contents/Resources/NetBeans/java/modules/ext/hibernate/hibernate-tools.jar:/Applications/NetBeans/NetBeans 7.2.1.app/Contents/Resources/NetBeans/java/modules/ext/hibernate/hibernate-annotations.jar:/Applications/NetBeans/NetBeans 7.2.1.app/Contents/Resources/NetBeans/java/modules/ext/hibernate/hibernate-commons-annotations.jar:/Applications/NetBeans/NetBeans 7.2.1.app/Contents/Resources/NetBeans/java/modules/ext/hibernate/hibernate-entitymanager.jar:/Applications/NetBeans/NetBeans 7.2.1.app/Contents/Resources/NetBeans/java/modules/ext/hibernate/javassist.jar:/Applications/NetBeans/NetBeans 7.2.1.app/Contents/Resources/NetBeans/java/modules/ext/hibernate/ejb3-persistence.jar" />
    <property name="libs.jaxws21.src" value="" />
    <property name="application.title" value="ReaDDy" />
    <property name="do.archive" value="true" />
    <property name="netbeans.autoupdate.language" value="en" />
    <property name="java.vendor" value="Oracle Corporation" />
    <property name="sun.font.fontmanager" value="sun.font.CFontManager" />
    <property name="jar.index.metainf" value="false" />
    <property name="javac.debug" value="true" />
    <property name="javadoc.splitindex" value="true" />
    <property name="file.separator" value="/" />
    <property name="libs.junit_4.maven-pom" value="" />
    <property name="mkdist.disabled" value="false" />
    <property name="javac.test.processorpath" value="lib/colt.jar:lib/statlab.jar:build/classes:/Applications/NetBeans/NetBeans 7.2.1.app/Contents/Resources/NetBeans/platform/modules/ext/junit-4.10.jar" />
    <property name="netbeans.buildnumber" value="201210100934" />
    <property name="libs.JWSAntTasks.javadoc" value="" />
    <property name="build.generated.sources.dir" value="build/generated-sources" />
    <property name="libs.eclipselinkmodelgen.classpath" value="/Applications/NetBeans/NetBeans 7.2.1.app/Contents/Resources/NetBeans/java/modules/ext/eclipselink/org.eclipse.persistence.jpa.modelgen.processor-2.3.2.jar" />
    <property name="sun.java.launcher" value="SUN_STANDARD" />
    <property name="libs.junit.classpath" value="/Applications/NetBeans/NetBeans 7.2.1.app/Contents/Resources/NetBeans/java/modules/ext/junit-3.8.2.jar" />
    <property name="libs.jaxb.javadoc" value="/Applications/NetBeans/NetBeans 7.2.1.app/Contents/Resources/NetBeans/ide/docs/jaxb-api-doc.zip" />
    <property name="ant.home" value="/Applications/NetBeans/NetBeans 7.2.1.app/Contents/Resources/NetBeans/java/ant" />
    <property name="libs.junit_4.src" value="/Applications/NetBeans/NetBeans 7.2.1.app/Contents/Resources/NetBeans/java/docs/junit-4.10-sources.jar" />
    <property name="libs.testng.classpath" value="/Applications/NetBeans/NetBeans 7.2.1.app/Contents/Resources/NetBeans/platform/modules/ext/testng-6.5.1-dist.jar" />
    <property name="libs.absolutelayout.maven-pom" value="" />
    <property name="ant.java.version" value="1.7" />
    <property name="java.library.path" value="/Users/johannesschoeneberg/Library/Java/Extensions:/Library/Java/Extensions:/Network/Library/Java/Extensions:/System/Library/Java/Extensions:/usr/lib/java:." />
    <property name="javadoc.author" value="false" />
    <property name="manifest.available+main.class-mkdist.available" value="true" />
    <property name="libs.EclipseLink-GlassFish-v3.src" value="" />
    <property name="java.util.logging.config.class" value="org.netbeans.core.startup.TopLogging" />
    <property name="libs.PostgreSQLDriver.src" value="" />
    <property name="sun.arch.data.model" value="64" />
    <property name="basedir" value="/Users/johannesschoeneberg/Desktop/PhD/projects/ReaDDy/gitHub/readdy" />
    <property name="libs.jpa20-persistence.maven-pom" value="" />
    <property name="jar.compress" value="false" />
    <property name="path.separator" value=":" />
    <property name="ant.junit.enabletestlistenerevents" value="true" />
    <property name="sun.io.unicode.encoding" value="UnicodeBig" />
    <property name="libs.jaxws21.classpath" value="/Applications/NetBeans/NetBeans 7.2.1.app/Contents/Resources/NetBeans/ide/modules/ext/jaxb/jaxb-impl.jar:/Applications/NetBeans/NetBeans 7.2.1.app/Contents/Resources/NetBeans/ide/modules/ext/jaxb/jaxb-xjc.jar:/Applications/NetBeans/NetBeans 7.2.1.app/Contents/Resources/NetBeans/java/modules/ext/jaxws22/FastInfoset.jar:/Applications/NetBeans/NetBeans 7.2.1.app/Contents/Resources/NetBeans/java/modules/ext/jaxws22/gmbal-api-only.jar:/Applications/NetBeans/NetBeans 7.2.1.app/Contents/Resources/NetBeans/java/modules/ext/jaxws22/ha-api.jar:/Applications/NetBeans/NetBeans 7.2.1.app/Contents/Resources/NetBeans/java/modules/ext/jaxws22/javax.mail_1.4.jar:/Applications/NetBeans/NetBeans 7.2.1.app/Contents/Resources/NetBeans/java/modules/ext/jaxws22/jaxws-rt.jar:/Applications/NetBeans/NetBeans 7.2.1.app/Contents/Resources/NetBeans/java/modules/ext/jaxws22/jaxws-tools.jar:/Applications/NetBeans/NetBeans 7.2.1.app/Contents/Resources/NetBeans/java/modules/ext/jaxws22/management-api.jar:/Applications/NetBeans/NetBeans 7.2.1.app/Contents/Resources/NetBeans/java/modules/ext/jaxws22/mimepull.jar:/Applications/NetBeans/NetBeans 7.2.1.app/Contents/Resources/NetBeans/java/modules/ext/jaxws22/policy.jar:/Applications/NetBeans/NetBeans 7.2.1.app/Contents/Resources/NetBeans/java/modules/ext/jaxws22/saaj-impl.jar:/Applications/NetBeans/NetBeans 7.2.1.app/Contents/Resources/NetBeans/java/modules/ext/jaxws22/stax-ex.jar:/Applications/NetBeans/NetBeans 7.2.1.app/Contents/Resources/NetBeans/java/modules/ext/jaxws22/stax2-api.jar:/Applications/NetBeans/NetBeans 7.2.1.app/Contents/Resources/NetBeans/java/modules/ext/jaxws22/streambuffer.jar:/Applications/NetBeans/NetBeans 7.2.1.app/Contents/Resources/NetBeans/java/modules/ext/jaxws22/woodstox-core-asl.jar:/Applications/NetBeans/NetBeans 7.2.1.app/Contents/Resources/NetBeans/java/modules/ext/jaxws22/api/jaxws-api.jar:/Applications/NetBeans/NetBeans 7.2.1.app/Contents/Resources/NetBeans/java/modules/ext/jaxws22/api/jsr181-api.jar:/Applications/NetBeans/NetBeans 7.2.1.app/Contents/Resources/NetBeans/java/modules/ext/jaxws22/api/javax.annotation.jar:/Applications/NetBeans/NetBeans 7.2.1.app/Contents/Resources/NetBeans/java/modules/ext/jaxws22/api/saaj-api.jar:/Applications/NetBeans/NetBeans 7.2.1.app/Contents/Resources/NetBeans/ide/modules/ext/jaxb/activation.jar:/Applications/NetBeans/NetBeans 7.2.1.app/Contents/Resources/NetBeans/ide/modules/ext/jaxb/api/jaxb-api.jar:/Applications/NetBeans/NetBeans 7.2.1.app/Contents/Resources/NetBeans/ide/modules/ext/jaxb/api/jsr173_1.0_api.jar" />
    <property name="compile.on.save" value="true" />
    <property name="ant.file.ReaDDy" value="/Users/johannesschoeneberg/Desktop/PhD/projects/ReaDDy/gitHub/readdy/build.xml" />
    <property name="apple.awt.graphics.UseQuartz" value="true" />
    <property name="user.language" value="en" />
    <property name="testng.mode" value="testng" />
    <property name="libs.JAXB-ENDORSED.maven-pom" value="" />
    <property name="libs.spring-framework.classpath" value="/Applications/NetBeans/NetBeans 7.2.1.app/Contents/Resources/NetBeans/ide/modules/org-apache-commons-logging.jar:/Applications/NetBeans/NetBeans 7.2.1.app/Contents/Resources/NetBeans/java/modules/ext/cglib-2.2.jar:/Applications/NetBeans/NetBeans 7.2.1.app/Contents/Resources/NetBeans/java/modules/ext/spring/spring-2.5.6.SEC03.jar" />
    <property name="libs.eclipselink.maven-pom" value="" />
    <property name="application.vendor" value="Jojo" />
    <property name="manifest.available" value="true" />
    <property name="libs.spring-framework300.maven-pom" value="" />
    <property name="run.test.classpath" value="lib/colt.jar:lib/statlab.jar:build/classes:/Applications/NetBeans/NetBeans 7.2.1.app/Contents/Resources/NetBeans/platform/modules/ext/junit-4.10.jar:build/test/classes" />
    <property name="ant.project.invoked-targets" value="test" />
    <property name="libs.swing-layout.javadoc" value="/Applications/NetBeans/NetBeans 7.2.1.app/Contents/Resources/NetBeans/platform/docs/swing-layout-1.0.4-doc.zip" />
    <property name="libs.ejb3-persistence.maven-pom" value="" />
    <property name="gopherProxySet" value="false" />
    <property name="libs.PostgreSQLDriver.maven-pom" value="" />
    <property name="java.class.version" value="51.0" />
    <property name="netbeans.system_http_proxy" value="DIRECT" />
    <property name="libs.eclipselink.javadoc" value="" />
    <property name="user.properties.file" value="/Users/johannesschoeneberg/Library/Application Support/NetBeans/7.2.1/build.properties" />
    <property name="runtime.encoding" value="UTF-8" />
    <property name="libs.spring-framework.src" value="" />
    <property name="libs.javac-api.maven-pom" value="" />
    <property name="file.encoding.pkg" value="sun.io" />
    <property name="sun.cpu.endian" value="little" />
    <property name="libs.JAXB-ENDORSED.javadoc" value="" />
    <property name="libs.JWSAntTasks.classpath" value="/Applications/NetBeans/NetBeans 7.2.1.app/Contents/Resources/NetBeans/java/ant/extra/org-netbeans-modules-javawebstart-anttasks.jar" />
    <property name="libs.spring-framework300.src" value="" />
    <property name="empty.dir" value="/Users/johannesschoeneberg/Desktop/PhD/projects/ReaDDy/gitHub/readdy/build/empty" />
    <property name="version-output" value="java version &quot;1.7" />
    <property name="javadoc.preview" value="true" />
    <property name="socksNonProxyHosts" value="local|*.local|169.254/16|*.169.254/16" />
    <property name="libs.jpa20-persistence.javadoc" value="" />
    <property name="java.home" value="/Library/Java/JavaVirtualMachines/jdk1.7.0_51.jdk/Contents/Home/jre" />
    <property name="debug.test.classpath" value="lib/colt.jar:lib/statlab.jar:build/classes:/Applications/NetBeans/NetBeans 7.2.1.app/Contents/Resources/NetBeans/platform/modules/ext/junit-4.10.jar:build/test/classes" />
    <property name="netbeans.importclass" value="org.netbeans.upgrade.AutoUpgrade" />
    <property name="ant.project.default-target" value="default" />
    <property name="annotation.processing.run.all.processors" value="true" />
    <property name="libs.MyLibrary.classpath" value="/Users/Jojo/NetBeansProjects/IoTools/dist/IoTools.jar" />
    <property name="jar.archive.disabled" value="false" />
    <property name="jnlp.signing.alias" value="" />
    <property name="libs.PostgreSQLDriver.javadoc" value="" />
    <property name="com.sun.mysql.stopcommand" value="/usr/local/mysql/support-files/mysql-admin.server" />
    <property name="libs.MySQLDriver.maven-pom" value="" />
    <property name="ant.file.type.ReaDDy-impl" value="file" />
    <property name="http.nonProxyHosts" value="local|*.local|169.254/16|*.169.254/16" />
    <property name="libs.junit_4.javadoc" value="/Applications/NetBeans/NetBeans 7.2.1.app/Contents/Resources/NetBeans/java/docs/junit-4.10-javadoc.jar" />
    <property name="libs.EclipseLink-GlassFish-v3.maven-pom" value="" />
    <property name="run.classpath" value="lib/colt.jar:lib/statlab.jar:build/classes" />
    <property name="libs.hibernate-support.src" value="" />
    <property name="jna.boot.library.name" value="jnidispatch-340" />
    <property name="sun.awt.datatransfer.timeout" value="1000" />
    <property name="annotation.processing.enabled.in.editor" value="false" />
    <property name="sun.management.compiler" value="HotSpot 64-Bit Tiered Compilers" />
    <property name="javac.deprecation" value="false" />
    <property name="javadoc.use" value="true" />
    <property name="sun.java2d.noddraw" value="true" />
    <property name="javac.processorpath" value="lib/colt.jar:lib/statlab.jar" />
    <property name="javac.compilerargs" value="" />
    <property name="svnkit.http.methods" value="Basic" />
    <property name="ant.file" value="/Users/johannesschoeneberg/Desktop/PhD/projects/ReaDDy/gitHub/readdy/build.xml" />
    <property name="libs.beans-binding.maven-pom" value="" />
    <property name="jnlp.codebase.type" value="no.codebase" />
    <property name="libs.beans-binding.src" value="" />
    <property name="java.vm.specification.vendor" value="Oracle Corporation" />
    <property name="libs.swing-layout.src" value="/Applications/NetBeans/NetBeans 7.2.1.app/Contents/Resources/NetBeans/platform/docs/swing-layout-1.0.4-src.zip" />
    <property name="org.openide.major.version" value="IDE/1" />
    <property name="java.vm.name" value="Java HotSpot(TM) 64-Bit Server VM" />
    <property name="netbeans.user" value="/Users/johannesschoeneberg/Library/Application Support/NetBeans/7.2.1" />
    <property name="tests.failed" value="true" />
    <property name="javadoc.additionalparam" value="" />
    <property name="jnlp.offline-allowed" value="false" />
    <property name="java.io.tmpdir" value="/var/folders/3g/_bpdg45s3zv2x4ktzdvpvsnw0000gn/T/" />
    <property name="java.vendor.url" value="http://java.oracle.com/" />
    <property name="endorsed.classpath.cmd.line.arg" value="" />
    <property name="junit.available" value="true" />
    <property name="org.openide.awt.ActionReference.completion" value="org.netbeans.modules.apisupport.project.layers.PathCompletions" />
    <property name="sun.boot.library.path" value="/Library/Java/JavaVirtualMachines/jdk1.7.0_51.jdk/Contents/Home/jre/lib" />
    <property name="have.sources" value="true" />
    <property name="debug.classpath" value="lib/colt.jar:lib/statlab.jar:build/classes" />
    <property name="javadoc.private" value="false" />
    <property name="test.src.dir" value="test" />
    <property name="libs.MyLibrary.javadoc" value="" />
    <property name="meta.inf.dir" value="src/META-INF" />
    <property name="javadoc.encoding.used" value="UTF-8" />
    <property name="dist.jar" value="dist/ReaDDy.jar" />
    <property name="java.runtime.name" value="Java(TM) SE Runtime Environment" />
    <property name="ant.project.name" value="ReaDDy" />
    <property name="netbeans.hash.code" value="unique=NB_JAVA056e4f842-5fe4-4f9b-9400-70920d741659_f13b8425-b6a4-4f8b-97bd-90bd6ef862dd" />
    <property name="netbeans.default_userdir_root" value="/Users/johannesschoeneberg/Library/Application Support/NetBeans" />
    <property name="manifest.available-mkdist.available" value="true" />
    <property name="sun.cpu.isalist" value="" />
    <property name="libs.CopyLibs.javadoc" value="" />
    <property name="org.openide.specification.version" value="6.2" />
    <property name="libs.hibernate-support.classpath" value="/Applications/NetBeans/NetBeans 7.2.1.app/Contents/Resources/NetBeans/java/modules/ext/hibernate/antlr-2.7.6.jar:/Applications/NetBeans/NetBeans 7.2.1.app/Contents/Resources/NetBeans/java/modules/ext/hibernate/asm.jar:/Applications/NetBeans/NetBeans 7.2.1.app/Contents/Resources/NetBeans/java/modules/ext/hibernate/asm-attrs.jar:/Applications/NetBeans/NetBeans 7.2.1.app/Contents/Resources/NetBeans/java/modules/ext/hibernate/cglib-2.1.3.jar:/Applications/NetBeans/NetBeans 7.2.1.app/Contents/Resources/NetBeans/java/modules/ext/hibernate/commons-collections-2.1.1.jar:/Applications/NetBeans/NetBeans 7.2.1.app/Contents/Resources/NetBeans/ide/modules/org-apache-commons-logging.jar:/Applications/NetBeans/NetBeans 7.2.1.app/Contents/Resources/NetBeans/java/modules/ext/hibernate/dom4j-1.6.1.jar:/Applications/NetBeans/NetBeans 7.2.1.app/Contents/Resources/NetBeans/java/modules/ext/hibernate/ehcache-1.2.3.jar:/Applications/NetBeans/NetBeans 7.2.1.app/Contents/Resources/NetBeans/java/modules/ext/hibernate/jdbc2_0-stdext.jar:/Applications/NetBeans/NetBeans 7.2.1.app/Contents/Resources/NetBeans/java/modules/ext/hibernate/jta.jar:/Applications/NetBeans/NetBeans 7.2.1.app/Contents/Resources/NetBeans/java/modules/ext/hibernate/hibernate3.jar:/Applications/NetBeans/NetBeans 7.2.1.app/Contents/Resources/NetBeans/java/modules/ext/hibernate/hibernate-tools.jar:/Applications/NetBeans/NetBeans 7.2.1.app/Contents/Resources/NetBeans/java/modules/ext/hibernate/hibernate-annotations.jar:/Applications/NetBeans/NetBeans 7.2.1.app/Contents/Resources/NetBeans/java/modules/ext/hibernate/hibernate-commons-annotations.jar:/Applications/NetBeans/NetBeans 7.2.1.app/Contents/Resources/NetBeans/java/modules/ext/hibernate/hibernate-entitymanager.jar:/Applications/NetBeans/NetBeans 7.2.1.app/Contents/Resources/NetBeans/java/modules/ext/hibernate/javassist.jar" />
    <property name="user.home" value="/Users/johannesschoeneberg" />
    <property name="annotation.processing.processors.list" value="" />
    <property name="debug-args-line" value="-Xdebug" />
    <property name="libs.JWSAntTasks.src" value="" />
    <property name="jar.index" value="false" />
    <property name="libs.CopyLibs.maven-pom" value="" />
    <property name="libs.spring-framework300.javadoc" value="" />
    <property name="libs.hibernate-persistence.maven-pom" value="" />
    <property name="libs.absolutelayout.javadoc" value="" />
    <property name="java.specification.name" value="Java Platform API Specification" />
    <property name="do.archive+main.class.available" value="true" />
    <property name="jnlp.mixed.code" value="default" />
    <property name="java.specification.vendor" value="Oracle Corporation" />
    <property name="libs.javac-api.classpath" value="/Applications/NetBeans/NetBeans 7.2.1.app/Contents/Resources/NetBeans/java/modules/ext/nb-javac-api.jar" />
    <property name="java.version" value="1.7.0_51" />
    <property name="run.jvmargs.ide" value="" />
    <property name="javadoc.version" value="false" />
    <property name="libs.MySQLDriver.javadoc" value="" />
    <property name="org.openide.version" value="deprecated" />
    <property name="ant.file.ReaDDy-impl" value="/Users/johannesschoeneberg/Desktop/PhD/projects/ReaDDy/gitHub/readdy/nbproject/build-impl.xml" />
    <property name="source.encoding" value="UTF-8" />
    <property name="ap.cmd.line.internal" value="" />
    <property name="libs.eclipselinkmodelgen.maven-pom" value="" />
    <property name="libs.junit.maven-pom" value="" />
    <property name="libs.eclipselinkmodelgen.javadoc" value="" />
    <property name="netbeans.home+have.tests" value="true" />
    <property name="annotation.processing.processor.options" value="" />
    <property name="libs.testng.maven-pom" value="" />
    <property name="libs.jaxb.src" value="" />
    <property name="work.dir" value="/Users/johannesschoeneberg/Desktop/PhD/projects/ReaDDy/gitHub/readdy" />
    <property name="libs.jaxb.classpath" value="/Applications/NetBeans/NetBeans 7.2.1.app/Contents/Resources/NetBeans/ide/modules/ext/jaxb/jaxb-impl.jar:/Applications/NetBeans/NetBeans 7.2.1.app/Contents/Resources/NetBeans/ide/modules/ext/jaxb/jaxb-xjc.jar:/Applications/NetBeans/NetBeans 7.2.1.app/Contents/Resources/NetBeans/ide/modules/ext/jaxb/jaxb1-impl.jar:/Applications/NetBeans/NetBeans 7.2.1.app/Contents/Resources/NetBeans/ide/modules/ext/jaxb/activation.jar:/Applications/NetBeans/NetBeans 7.2.1.app/Contents/Resources/NetBeans/ide/modules/ext/jaxb/api/jaxb-api.jar:/Applications/NetBeans/NetBeans 7.2.1.app/Contents/Resources/NetBeans/ide/modules/ext/jaxb/api/jsr173_1.0_api.jar" />
    <property name="do.depend" value="false" />
    <property name="com.sun.mysql.startargs" value="start" />
    <property name="dist.javadoc.dir" value="dist/javadoc" />
    <property name="libs.swing-layout.classpath" value="/Applications/NetBeans/NetBeans 7.2.1.app/Contents/Resources/NetBeans/platform/modules/ext/swing-layout-1.0.4.jar" />
    <property name="build.generated.dir" value="build/generated" />
    <property name="javac.source" value="1.5" />
    <property name="libs.hibernate-persistence.src" value="" />
    <property name="line.separator" value="&#xa;" />
    <property name="java.specification.version" value="1.7" />
    <property name="libs.jaxws21.maven-pom" value="" />
    <property name="java.vm.info" value="mixed mode" />
    <property name="nb.junit.batch" value="true" />
    <property name="junit.forkmode" value="perTest" />
    <property name="libs.spring-framework.maven-pom" value="" />
    <property name="sun.boot.class.path" value="/Library/Java/JavaVirtualMachines/jdk1.7.0_51.jdk/Contents/Home/jre/lib/resources.jar:/Library/Java/JavaVirtualMachines/jdk1.7.0_51.jdk/Contents/Home/jre/lib/rt.jar:/Library/Java/JavaVirtualMachines/jdk1.7.0_51.jdk/Contents/Home/jre/lib/sunrsasign.jar:/Library/Java/JavaVirtualMachines/jdk1.7.0_51.jdk/Contents/Home/jre/lib/jsse.jar:/Library/Java/JavaVirtualMachines/jdk1.7.0_51.jdk/Contents/Home/jre/lib/jce.jar:/Library/Java/JavaVirtualMachines/jdk1.7.0_51.jdk/Contents/Home/jre/lib/charsets.jar:/Library/Java/JavaVirtualMachines/jdk1.7.0_51.jdk/Contents/Home/jre/lib/jfr.jar:/Library/Java/JavaVirtualMachines/jdk1.7.0_51.jdk/Contents/Home/jre/classes" />
    <property name="javac.target" value="1.5" />
    <property name="built-jar.properties" value="/Users/johannesschoeneberg/Desktop/PhD/projects/ReaDDy/gitHub/readdy/build/built-jar.properties" />
    <property name="build.test.classes.dir" value="build/test/classes" />
    <property name="src.dir" value="src" />
    <property name="annotation.processing.enabled" value="true" />
    <property name="com.sun.mysql.startcommand" value="/usr/local/mysql/support-files/mysql-admin.server" />
    <property name="libs.jpa20-persistence.src" value="" />
    <property name="file.reference.statlab.jar" value="lib/statlab.jar" />
    <property name="ignore.failing.tests" value="true" />
    <property name="libs.Comet-GlassFish-v3.classpath" value="/Applications/NetBeans/glassfish-3.0.1/glassfish/modules/grizzly-comet.jar" />
    <property name="dist.dir" value="dist" />
    <property name="do.archive+manifest.available+main.class" value="true" />
    <property name="testng.debug.mode" value="" />
    <property name="javac.fork" value="false" />
    <property name="java.awt.printerjob" value="sun.lwawt.macosx.CPrinterJob" />
    <property name="default.javac.source" value="1.7" />
    <property name="com.sun.mysql.stopargs" value="stop" />
    <property name="debug-transport-by-os" value="dt_socket" />
    <property name="libs.MySQLDriver.src" value="" />
    <property name="sun.jnu.encoding" value="UTF-8" />
    <property name="java.runtime.version" value="1.7.0_51-b13" />
    <property name="build.test.results.dir" value="build/test/results" />
    <property name="libs.ejb3-persistence.javadoc" value="" />
    <property name="manifest.available+main.class+mkdist.available" value="true" />
    <property name="jna.platform.library.path" value="/usr/lib:/usr/lib" />
    <property name="default.javac.target" value="1.7" />
    <property name="libs.junit_4.classpath" value="/Applications/NetBeans/NetBeans 7.2.1.app/Contents/Resources/NetBeans/platform/modules/ext/junit-4.10.jar" />
    <property name="user.timezone" value="" />
    <property name="nb.junit.single" value="false" />
    <property name="do.jar" value="true" />
    <property name="netbeans.dirs" value="/Applications/NetBeans/NetBeans 7.2.1.app/Contents/Resources/NetBeans/nb:/Applications/NetBeans/NetBeans 7.2.1.app/Contents/Resources/NetBeans/ergonomics:/Applications/NetBeans/NetBeans 7.2.1.app/Contents/Resources/NetBeans/ide:/Applications/NetBeans/NetBeans 7.2.1.app/Contents/Resources/NetBeans/java:/Applications/NetBeans/NetBeans 7.2.1.app/Contents/Resources/NetBeans/apisupport:/Applications/NetBeans/NetBeans 7.2.1.app/Contents/Resources/NetBeans/webcommon:/Applications/NetBeans/NetBeans 7.2.1.app/Contents/Resources/NetBeans/websvccommon:/Applications/NetBeans/NetBeans 7.2.1.app/Contents/Resources/NetBeans/enterprise:/Applications/NetBeans/NetBeans 7.2.1.app/Contents/Resources/NetBeans/mobility:/Applications/NetBeans/NetBeans 7.2.1.app/Contents/Resources/NetBeans/profiler:/Applications/NetBeans/NetBeans 7.2.1.app/Contents/Resources/NetBeans/python:/Applications/NetBeans/NetBeans 7.2.1.app/Contents/Resources/NetBeans/php:/Applications/NetBeans/NetBeans 7.2.1.app/Contents/Resources/NetBeans/identity:/Applications/NetBeans/NetBeans 7.2.1.app/Contents/Resources/NetBeans/harness:/Applications/NetBeans/NetBeans 7.2.1.app/Contents/Resources/NetBeans/cnd:/Applications/NetBeans/NetBeans 7.2.1.app/Contents/Resources/NetBeans/dlight:/Applications/NetBeans/NetBeans 7.2.1.app/Contents/Resources/NetBeans/groovy:/Applications/NetBeans/NetBeans 7.2.1.app/Contents/Resources/NetBeans/extra:/Applications/NetBeans/NetBeans 7.2.1.app/Contents/Resources/NetBeans/javacard:/Applications/NetBeans/NetBeans 7.2.1.app/Contents/Resources/NetBeans/javafx:" />
    <property name="java.ext.dirs" value="/Users/johannesschoeneberg/Library/Java/Extensions:/Library/Java/JavaVirtualMachines/jdk1.7.0_51.jdk/Contents/Home/jre/lib/ext:/Library/Java/Extensions:/Network/Library/Java/Extensions:/System/Library/Java/Extensions:/usr/lib/java" />
    <property name="libs.MyLibrary.maven-pom" value="" />
    <property name="endorsed.classpath" value="" />
    <property name="libs.absolutelayout.classpath" value="/Applications/NetBeans/NetBeans 7.2.1.app/Contents/Resources/NetBeans/java/modules/ext/AbsoluteLayout.jar" />
    <property name="excludes" value="" />
    <property name="java.class.path" value="/Users/johannesschoeneberg/Desktop/PhD/projects/ReaDDy/gitHub/readdy/lib/colt.jar:/Users/johannesschoeneberg/Desktop/PhD/projects/ReaDDy/gitHub/readdy/lib/statlab.jar:/Users/johannesschoeneberg/Desktop/PhD/projects/ReaDDy/gitHub/readdy/build/classes:/Applications/NetBeans/NetBeans 7.2.1.app/Contents/Resources/NetBeans/platform/modules/ext/junit-4.10.jar:/Users/johannesschoeneberg/Desktop/PhD/projects/ReaDDy/gitHub/readdy/build/test/classes:/Applications/NetBeans/NetBeans 7.2.1.app/Contents/Resources/NetBeans/java/ant/lib/ant-launcher.jar:/Applications/NetBeans/NetBeans 7.2.1.app/Contents/Resources/NetBeans/java/ant/lib/ant.jar:/Applications/NetBeans/NetBeans 7.2.1.app/Contents/Resources/NetBeans/java/ant/lib/ant-junit.jar:/Applications/NetBeans/NetBeans 7.2.1.app/Contents/Resources/NetBeans/java/ant/lib/ant-junit4.jar" />
    <property name="apple.laf.useScreenMenuBar" value="true" />
    <property name="do.mkdist" value="true" />
    <property name="libs.absolutelayout.src" value="" />
    <property name="libs.jpa20-persistence.classpath" value="/Applications/NetBeans/NetBeans 7.2.1.app/Contents/Resources/NetBeans/java/modules/ext/eclipselink/javax.persistence-2.0.3.jar" />
    <property name="os.version" value="10.9.4" />
    <property name="application.args" value="" />
    <property name="libs.EclipseLink-GlassFish-v3.javadoc" value="/Applications/NetBeans/NetBeans 6.9.app/Contents/Resources/NetBeans/enterprise/docs/javaee6-doc-api.zip" />
    <property name="main.class.available" value="true" />
    <property name="sun.awt.enableExtraMouseButtons" value="true" />
    <property name="libs.Comet-GlassFish-v3.src" value="" />
    <property name="libs.JAXB-ENDORSED.classpath" value="/Applications/NetBeans/NetBeans 7.2.1.app/Contents/Resources/NetBeans/ide/modules/ext/jaxb/api/jaxb-api.jar" />
    <property name="libs.eclipselink.classpath" value="/Applications/NetBeans/NetBeans 7.2.1.app/Contents/Resources/NetBeans/java/modules/ext/eclipselink/eclipselink-2.3.2.jar:/Applications/NetBeans/NetBeans 7.2.1.app/Contents/Resources/NetBeans/java/modules/ext/eclipselink/javax.persistence-2.0.3.jar:/Applications/NetBeans/NetBeans 7.2.1.app/Contents/Resources/NetBeans/java/modules/ext/eclipselink/org.eclipse.persistence.jpa.jpql_1.0.1.jar" />
    <property name="libs.beans-binding.javadoc" value="/Applications/NetBeans/NetBeans 7.2.1.app/Contents/Resources/NetBeans/java/docs/beansbinding-1.2.1-doc.zip" />
    <property name="java.awt.graphicsenv" value="sun.awt.CGraphicsEnvironment" />
    <property name="java.vm.vendor" value="Oracle Corporation" />
    <property name="libs.CopyLibs.classpath" value="/Applications/NetBeans/NetBeans 7.2.1.app/Contents/Resources/NetBeans/java/ant/extra/org-netbeans-modules-java-j2seproject-copylibstask.jar" />
    <property name="libs.spring-framework300.classpath" value="/Applications/NetBeans/NetBeans 7.2.1.app/Contents/Resources/NetBeans/ide/modules/org-apache-commons-logging.jar:/Applications/NetBeans/NetBeans 7.2.1.app/Contents/Resources/NetBeans/java/modules/ext/cglib-2.2.jar:/Applications/NetBeans/NetBeans 7.2.1.app/Contents/Resources/NetBeans/java/modules/ext/spring-3.0/spring-aop-3.1.1.RELEASE.jar:/Applications/NetBeans/NetBeans 7.2.1.app/Contents/Resources/NetBeans/java/modules/ext/spring-3.0/spring-asm-3.1.1.RELEASE.jar:/Applications/NetBeans/NetBeans 7.2.1.app/Contents/Resources/NetBeans/java/modules/ext/spring-3.0/spring-aspects-3.1.1.RELEASE.jar:/Applications/NetBeans/NetBeans 7.2.1.app/Contents/Resources/NetBeans/java/modules/ext/spring-3.0/spring-beans-3.1.1.RELEASE.jar:/Applications/NetBeans/NetBeans 7.2.1.app/Contents/Resources/NetBeans/java/modules/ext/spring-3.0/spring-context-3.1.1.RELEASE.jar:/Applications/NetBeans/NetBeans 7.2.1.app/Contents/Resources/NetBeans/java/modules/ext/spring-3.0/spring-context-support-3.1.1.RELEASE.jar:/Applications/NetBeans/NetBeans 7.2.1.app/Contents/Resources/NetBeans/java/modules/ext/spring-3.0/spring-core-3.1.1.RELEASE.jar:/Applications/NetBeans/NetBeans 7.2.1.app/Contents/Resources/NetBeans/java/modules/ext/spring-3.0/spring-expression-3.1.1.RELEASE.jar:/Applications/NetBeans/NetBeans 7.2.1.app/Contents/Resources/NetBeans/java/modules/ext/spring-3.0/spring-instrument-3.1.1.RELEASE.jar:/Applications/NetBeans/NetBeans 7.2.1.app/Contents/Resources/NetBeans/java/modules/ext/spring-3.0/spring-instrument-tomcat-3.1.1.RELEASE.jar:/Applications/NetBeans/NetBeans 7.2.1.app/Contents/Resources/NetBeans/java/modules/ext/spring-3.0/spring-jdbc-3.1.1.RELEASE.jar:/Applications/NetBeans/NetBeans 7.2.1.app/Contents/Resources/NetBeans/java/modules/ext/spring-3.0/spring-jms-3.1.1.RELEASE.jar:/Applications/NetBeans/NetBeans 7.2.1.app/Contents/Resources/NetBeans/java/modules/ext/spring-3.0/spring-orm-3.1.1.RELEASE.jar:/Applications/NetBeans/NetBeans 7.2.1.app/Contents/Resources/NetBeans/java/modules/ext/spring-3.0/spring-oxm-3.1.1.RELEASE.jar:/Applications/NetBeans/NetBeans 7.2.1.app/Contents/Resources/NetBeans/java/modules/ext/spring-3.0/spring-test-3.1.1.RELEASE.jar:/Applications/NetBeans/NetBeans 7.2.1.app/Contents/Resources/NetBeans/java/modules/ext/spring-3.0/spring-tx-3.1.1.RELEASE.jar:/Applications/NetBeans/NetBeans 7.2.1.app/Contents/Resources/NetBeans/java/modules/ext/spring-3.0/spring-web-3.1.1.RELEASE.jar:/Applications/NetBeans/NetBeans 7.2.1.app/Contents/Resources/NetBeans/java/modules/ext/spring-3.0/spring-webmvc-portlet-3.1.1.RELEASE.jar:/Applications/NetBeans/NetBeans 7.2.1.app/Contents/Resources/NetBeans/java/modules/ext/spring-3.0/spring-webmvc-3.1.1.RELEASE.jar:/Applications/NetBeans/NetBeans 7.2.1.app/Contents/Resources/NetBeans/java/modules/ext/spring-3.0/spring-struts-3.1.1.RELEASE.jar" />
    <property name="run.jvmargs" value="" />
    <property name="libs.ejb3-persistence.classpath" value="/Applications/NetBeans/NetBeans 7.2.1.app/Contents/Resources/NetBeans/java/modules/ext/hibernate/ejb3-persistence.jar" />
    <property name="libs.JAXB-ENDORSED.src" value="" />
    <property name="libs.spring-framework.javadoc" value="" />
    <property name="libs.testng.javadoc" value="/Applications/NetBeans/NetBeans 7.2.1.app/Contents/Resources/NetBeans/platform/docs/testng-6.5.1-javadoc.zip" />
    <property name="libs.PostgreSQLDriver.classpath" value="/Applications/NetBeans/NetBeans 7.2.1.app/Contents/Resources/NetBeans/ide/modules/ext/postgresql-9.1-901.jdbc4.jar" />
    <property name="ant.file.type.ReaDDy" value="file" />
    <property name="jnlp.signing" value="" />
    <property name="libs.junit.src" value="" />
    <property name="annotation.processing.source.output" value="build/generated-sources/ap-source-output" />
    <property name="jnlp.signed" value="false" />
    <property name="main.class" value="readdy.Main" />
    <property name="libs.CopyLibs.src" value="" />
    <property name="build.dir" value="build" />
    <property name="ant.version" value="Apache Ant(TM) version 1.8.3 compiled on February 26 2012" />
    <property name="file.encoding" value="US-ASCII" />
    <property name="build.classes.excludes" value="**/*.java,**/*.form" />
    <property name="jdkBug6558476" value="false" />
    <property name="javadoc.nonavbar" value="false" />
    <property name="platform.active" value="default_platform" />
    <property name="awt.toolkit" value="sun.lwawt.macosx.LWCToolkit" />
  </properties>
  <testcase classname="readdy.impl.sim.core.CoreTest" name="testStep" time="5.536" />
  <system-out><![CDATA[CoreTEST...:

parse param_global...
parsing param_global file: /Users/johannesschoeneberg/Desktop/PhD/projects/ReaDDy/gitHub/readdy/./test/testInputFiles/test_core/coreTest_param_global.xml
... done.
parse ParamParticles
parsing param_particles file: /Users/johannesschoeneberg/Desktop/PhD/projects/ReaDDy/gitHub/readdy/./test/testInputFiles/test_core/coreTest_param_particles.xml
... done.
parsing tplgy_potentials file: /Users/johannesschoeneberg/Desktop/PhD/projects/ReaDDy/gitHub/readdy/./test/testInputFiles/test_core/coreTest_tplgy_potentials.xml
... done.
latticeBoxSize!!! :2.0
parse tplgyCoordinatesFile
parsing tplgy_coordinates file: /Users/johannesschoeneberg/Desktop/PhD/projects/ReaDDy/gitHub/readdy/./test/testInputFiles/test_core/coreTest_tplgy_coordinates.xml
... done.
---------------------------------------
NeighborLattice construction... 
num Dimensions:          3
latice origin:           -50.0 -50.0 -50.0
latice extension:        100.0 100.0 100.0
num boxes per dimension: 50,50,50
box edge length per dim: 2.0 2.0 2.0
total num boxes:         125000
... lattice ready.
---------------------------------------
parse elementalReactions...
parsing react_elmtlRk file: /Users/johannesschoeneberg/Desktop/PhD/projects/ReaDDy/gitHub/readdy/./test/testInputFiles/test_core/coreTest_react_elmtlRk.xml
trimed: 0
trimed: 1
trimed: 2
trimed: 3
trimed: 4
... done.
step
100
Neighbor List consistency Check...
--------
nle(id0,id1,dist): 5 6 1.337636472550104
list:
dist: 1.337636472550104 vs. 1.337636472550104
--------
nle(id0,id1,dist): 5 7 0.8101613827831081
list:
dist: 0.8101613827831081 vs. 0.8101613827831081
--------
nle(id0,id1,dist): 5 21 2.72787939006525
list:
dist: 2.72787939006525 vs. 2.72787939006525
--------
nle(id0,id1,dist): 5 20 1.3063354132706304
list:
dist: 1.3063354132706304 vs. 1.3063354132706304
--------
nle(id0,id1,dist): 5 23 1.682202088644467
list:
dist: 1.682202088644467 vs. 1.682202088644467
--------
nle(id0,id1,dist): 5 22 2.5297038505555336
list:
dist: 2.5297038505555336 vs. 2.5297038505555336
--------
nle(id0,id1,dist): 5 17 2.4045016398806713
list:
dist: 2.4045016398806713 vs. 2.4045016398806713
--------
nle(id0,id1,dist): 5 16 1.1333343951729589
list:
dist: 1.1333343951729589 vs. 1.1333343951729589
--------
nle(id0,id1,dist): 5 19 1.5208561945417156
list:
dist: 1.5208561945417156 vs. 1.5208561945417156
--------
nle(id0,id1,dist): 5 18 1.0486687175379186
list:
dist: 1.0486687175379186 vs. 1.0486687175379186
--------
nle(id0,id1,dist): 5 13 1.4196576682240474
list:
dist: 1.4196576682240474 vs. 1.4196576682240474
--------
nle(id0,id1,dist): 5 12 1.2354961682077286
list:
dist: 1.2354961682077286 vs. 1.2354961682077286
--------
nle(id0,id1,dist): 5 15 1.6353923334094178
list:
dist: 1.6353923334094178 vs. 1.6353923334094178
--------
nle(id0,id1,dist): 5 14 1.028211296789806
list:
dist: 1.028211296789806 vs. 1.028211296789806
--------
nle(id0,id1,dist): 5 9 1.964288824705435
list:
dist: 1.964288824705435 vs. 1.964288824705435
--------
nle(id0,id1,dist): 5 8 1.1458823108549556
list:
dist: 1.1458823108549556 vs. 1.1458823108549556
--------
nle(id0,id1,dist): 5 11 1.9299394057655817
list:
dist: 1.9299394057655817 vs. 1.9299394057655817
--------
nle(id0,id1,dist): 5 10 1.0542904719154262
list:
dist: 1.0542904719154262 vs. 1.0542904719154262
--------
nle(id0,id1,dist): 4 11 1.3785741038398522
list:
dist: 1.3785741038398522 vs. 1.3785741038398522
--------
nle(id0,id1,dist): 4 12 2.347747065316888
list:
dist: 2.347747065316888 vs. 2.347747065316888
--------
nle(id0,id1,dist): 4 9 1.5363499818352726
list:
dist: 1.5363499818352726 vs. 1.5363499818352726
--------
nle(id0,id1,dist): 4 10 2.525257898017386
list:
dist: 2.525257898017386 vs. 2.525257898017386
--------
nle(id0,id1,dist): 4 8 1.6631993839373989
list:
dist: 1.6631993839373989 vs. 1.6631993839373989
--------
nle(id0,id1,dist): 4 6 1.8990714719192057
list:
dist: 1.8990714719192057 vs. 1.8990714719192057
--------
nle(id0,id1,dist): 4 17 2.189342321383245
list:
dist: 2.189342321383245 vs. 2.189342321383245
--------
nle(id0,id1,dist): 4 13 2.4715360286781065
list:
dist: 2.4715360286781065 vs. 2.4715360286781065
--------
nle(id0,id1,dist): 6 27 3.3183629171789075
list:
dist: 3.3183629171789075 vs. 3.3183629171789075
--------
nle(id0,id1,dist): 6 28 2.9946529877813335
list:
dist: 2.9946529877813335 vs. 2.9946529877813335
--------
nle(id0,id1,dist): 6 19 1.94165607050288
list:
dist: 1.94165607050288 vs. 1.94165607050288
--------
nle(id0,id1,dist): 6 20 2.337416833002922
list:
dist: 2.337416833002922 vs. 2.337416833002922
--------
nle(id0,id1,dist): 6 21 3.2157997799146054
list:
dist: 3.2157997799146054 vs. 3.2157997799146054
--------
nle(id0,id1,dist): 6 22 2.950687477478294
list:
dist: 2.950687477478294 vs. 2.950687477478294
--------
nle(id0,id1,dist): 6 23 2.428855448058167
list:
dist: 2.428855448058167 vs. 2.428855448058167
--------
nle(id0,id1,dist): 6 24 3.420490544920011
list:
dist: 3.420490544920011 vs. 3.420490544920011
--------
nle(id0,id1,dist): 6 25 3.154528196231038
list:
dist: 3.154528196231038 vs. 3.154528196231038
--------
nle(id0,id1,dist): 7 9 1.4590930881643964
list:
dist: 1.4590930881643964 vs. 1.4590930881643964
--------
nle(id0,id1,dist): 7 8 0.9315363271242568
list:
dist: 0.9315363271242568 vs. 0.9315363271242568
--------
nle(id0,id1,dist): 7 11 1.8234035254434438
list:
dist: 1.8234035254434438 vs. 1.8234035254434438
--------
nle(id0,id1,dist): 7 10 1.3408871633273205
list:
dist: 1.3408871633273205 vs. 1.3408871633273205
--------
nle(id0,id1,dist): 7 13 1.8231174102850414
list:
dist: 1.8231174102850414 vs. 1.8231174102850414
--------
nle(id0,id1,dist): 7 12 1.5818002165218124
list:
dist: 1.5818002165218124 vs. 1.5818002165218124
--------
nle(id0,id1,dist): 5 27 2.907565883953007
list:
dist: 2.907565883953007 vs. 2.907565883953007
--------
nle(id0,id1,dist): 5 24 2.5075747083325437
list:
dist: 2.5075747083325437 vs. 2.5075747083325437
--------
nle(id0,id1,dist): 5 25 2.4661653535619736
list:
dist: 2.4661653535619736 vs. 2.4661653535619736
--------
nle(id0,id1,dist): 5 30 3.1796087419614807
list:
dist: 3.1796087419614807 vs. 3.1796087419614807
--------
nle(id0,id1,dist): 5 28 2.358568366949375
list:
dist: 2.358568366949375 vs. 2.358568366949375
--------
nle(id0,id1,dist): 6 14 0.976063969193413
list:
dist: 0.976063969193413 vs. 0.976063969193413
--------
nle(id0,id1,dist): 6 13 1.984798977943787
list:
dist: 1.984798977943787 vs. 1.984798977943787
--------
nle(id0,id1,dist): 6 12 1.8236386083685372
list:
dist: 1.8236386083685372 vs. 1.8236386083685372
--------
nle(id0,id1,dist): 6 11 1.5236809642505553
list:
dist: 1.5236809642505553 vs. 1.5236809642505553
--------
nle(id0,id1,dist): 6 18 1.7527815669243187
list:
dist: 1.7527815669243187 vs. 1.7527815669243187
--------
nle(id0,id1,dist): 6 17 2.2013308362342925
list:
dist: 2.2013308362342925 vs. 2.2013308362342925
--------
nle(id0,id1,dist): 6 16 1.519735395049294
list:
dist: 1.519735395049294 vs. 1.519735395049294
--------
nle(id0,id1,dist): 6 15 1.9264841080377395
list:
dist: 1.9264841080377395 vs. 1.9264841080377395
--------
nle(id0,id1,dist): 6 10 1.8626311357341658
list:
dist: 1.8626311357341658 vs. 1.8626311357341658
--------
nle(id0,id1,dist): 6 9 0.6974260259250447
list:
dist: 0.6974260259250447 vs. 0.6974260259250447
--------
nle(id0,id1,dist): 6 8 0.9509867756943239
list:
dist: 0.9509867756943239 vs. 0.9509867756943239
--------
nle(id0,id1,dist): 6 7 0.7891919701299824
list:
dist: 0.7891919701299824 vs. 0.7891919701299824
--------
nle(id0,id1,dist): 8 14 0.98020306986235
list:
dist: 0.98020306986235 vs. 0.98020306986235
--------
nle(id0,id1,dist): 8 13 1.1759544334019538
list:
dist: 1.1759544334019538 vs. 1.1759544334019538
--------
nle(id0,id1,dist): 8 16 0.8923556500009575
list:
dist: 0.8923556500009575 vs. 0.8923556500009575
--------
nle(id0,id1,dist): 8 15 1.5055424042568186
list:
dist: 1.5055424042568186 vs. 1.5055424042568186
--------
nle(id0,id1,dist): 8 10 1.098163246550772
list:
dist: 1.098163246550772 vs. 1.098163246550772
--------
nle(id0,id1,dist): 8 9 1.265200049271916
list:
dist: 1.265200049271916 vs. 1.265200049271916
--------
nle(id0,id1,dist): 8 12 0.9709124571547065
list:
dist: 0.9709124571547065 vs. 0.9709124571547065
--------
nle(id0,id1,dist): 8 11 0.9282756705016271
list:
dist: 0.9282756705016271 vs. 0.9282756705016271
--------
nle(id0,id1,dist): 8 22 2.4613017606812755
list:
dist: 2.4613017606812755 vs. 2.4613017606812755
--------
nle(id0,id1,dist): 8 21 3.0721207453415253
list:
dist: 3.0721207453415253 vs. 3.0721207453415253
--------
nle(id0,id1,dist): 8 24 2.9081502442269334
list:
dist: 2.9081502442269334 vs. 2.9081502442269334
--------
nle(id0,id1,dist): 8 23 2.3709466106279993
list:
dist: 2.3709466106279993 vs. 2.3709466106279993
--------
nle(id0,id1,dist): 8 18 1.7342751044250169
list:
dist: 1.7342751044250169 vs. 1.7342751044250169
--------
nle(id0,id1,dist): 8 17 1.7303430426497508
list:
dist: 1.7303430426497508 vs. 1.7303430426497508
--------
nle(id0,id1,dist): 8 20 2.1899092242152873
list:
dist: 2.1899092242152873 vs. 2.1899092242152873
--------
nle(id0,id1,dist): 8 19 1.7941963539734578
list:
dist: 1.7941963539734578 vs. 1.7941963539734578
--------
nle(id0,id1,dist): 8 25 2.734266337802992
list:
dist: 2.734266337802992 vs. 2.734266337802992
--------
nle(id0,id1,dist): 8 27 3.1767951412107687
list:
dist: 3.1767951412107687 vs. 3.1767951412107687
--------
nle(id0,id1,dist): 8 28 2.9190136989657027
list:
dist: 2.9190136989657027 vs. 2.9190136989657027
--------
nle(id0,id1,dist): 7 21 3.320565428793028
list:
dist: 3.320565428793028 vs. 3.320565428793028
--------
nle(id0,id1,dist): 7 20 2.061698960922703
list:
dist: 2.061698960922703 vs. 2.061698960922703
--------
nle(id0,id1,dist): 7 19 2.0314134541734172
list:
dist: 2.0314134541734172 vs. 2.0314134541734172
--------
nle(id0,id1,dist): 7 18 1.649442320873774
list:
dist: 1.649442320873774 vs. 1.649442320873774
--------
nle(id0,id1,dist): 7 17 2.540057237939192
list:
dist: 2.540057237939192 vs. 2.540057237939192
--------
nle(id0,id1,dist): 7 16 1.4814828479561055
list:
dist: 1.4814828479561055 vs. 1.4814828479561055
--------
nle(id0,id1,dist): 7 15 2.048586895662679
list:
dist: 2.048586895662679 vs. 2.048586895662679
--------
nle(id0,id1,dist): 7 14 1.179741639052663
list:
dist: 1.179741639052663 vs. 1.179741639052663
--------
nle(id0,id1,dist): 7 28 2.999797156096382
list:
dist: 2.999797156096382 vs. 2.999797156096382
--------
nle(id0,id1,dist): 7 27 3.469581201441886
list:
dist: 3.469581201441886 vs. 3.469581201441886
--------
nle(id0,id1,dist): 7 25 3.1237366655026846
list:
dist: 3.1237366655026846 vs. 3.1237366655026846
--------
nle(id0,id1,dist): 7 24 3.240226178601876
list:
dist: 3.240226178601876 vs. 3.240226178601876
--------
nle(id0,id1,dist): 7 23 2.343048921832436
list:
dist: 2.343048921832436 vs. 2.343048921832436
--------
nle(id0,id1,dist): 7 22 3.045437974179397
list:
dist: 3.045437974179397 vs. 3.045437974179397
--------
nle(id0,id1,dist): 7 32 4.806181097807259
list:
dist: 4.806181097807259 vs. 4.806181097807259
--------
nle(id0,id1,dist): 7 33 3.8801678937211124
list:
dist: 3.8801678937211124 vs. 3.8801678937211124
--------
nle(id0,id1,dist): 7 30 3.6600528198162516
list:
dist: 3.6600528198162516 vs. 3.6600528198162516
--------
nle(id0,id1,dist): 7 31 3.965500051030432
list:
dist: 3.965500051030432 vs. 3.965500051030432
--------
nle(id0,id1,dist): 7 42 4.976761487501926
list:
dist: 4.976761487501926 vs. 4.976761487501926
--------
nle(id0,id1,dist): 7 41 3.8014788065009295
list:
dist: 3.8014788065009295 vs. 3.8014788065009295
--------
nle(id0,id1,dist): 10 12 0.713622723964678
list:
dist: 0.713622723964678 vs. 0.713622723964678
--------
nle(id0,id1,dist): 10 11 1.7368795137038229
list:
dist: 1.7368795137038229 vs. 1.7368795137038229
--------
nle(id0,id1,dist): 10 14 1.6235396185788076
list:
dist: 1.6235396185788076 vs. 1.6235396185788076
--------
nle(id0,id1,dist): 10 13 1.0101233771157945
list:
dist: 1.0101233771157945 vs. 1.0101233771157945
--------
nle(id0,id1,dist): 10 15 1.806110473756395
list:
dist: 1.806110473756395 vs. 1.806110473756395
--------
nle(id0,id1,dist): 10 16 1.1571342347638456
list:
dist: 1.1571342347638456 vs. 1.1571342347638456
--------
nle(id0,id1,dist): 10 17 2.312461074962778
list:
dist: 2.312461074962778 vs. 2.312461074962778
--------
nle(id0,id1,dist): 10 18 1.8489447075915926
list:
dist: 1.8489447075915926 vs. 1.8489447075915926
--------
nle(id0,id1,dist): 10 19 2.0490696752123787
list:
dist: 2.0490696752123787 vs. 2.0490696752123787
--------
nle(id0,id1,dist): 10 20 1.9641223521321616
list:
dist: 1.9641223521321616 vs. 1.9641223521321616
--------
nle(id0,id1,dist): 10 21 3.1796900581225684
list:
dist: 3.1796900581225684 vs. 3.1796900581225684
--------
nle(id0,id1,dist): 10 22 2.5334717983194643
list:
dist: 2.5334717983194643 vs. 2.5334717983194643
--------
nle(id0,id1,dist): 10 23 2.3635839475039697
list:
dist: 2.3635839475039697 vs. 2.3635839475039697
--------
nle(id0,id1,dist): 10 24 2.526226502633887
list:
dist: 2.526226502633887 vs. 2.526226502633887
--------
nle(id0,id1,dist): 10 25 2.6111704103329263
list:
dist: 2.6111704103329263 vs. 2.6111704103329263
--------
nle(id0,id1,dist): 10 27 3.334847822149638
list:
dist: 3.334847822149638 vs. 3.334847822149638
--------
nle(id0,id1,dist): 10 28 2.942855408119593
list:
dist: 2.942855408119593 vs. 2.942855408119593
--------
nle(id0,id1,dist): 9 11 1.396413381458557
list:
dist: 1.396413381458557 vs. 1.396413381458557
--------
nle(id0,id1,dist): 9 10 2.33922075915762
list:
dist: 2.33922075915762 vs. 2.33922075915762
--------
nle(id0,id1,dist): 9 15 2.0713883809421416
list:
dist: 2.0713883809421416 vs. 2.0713883809421416
--------
nle(id0,id1,dist): 9 14 1.30818824989033
list:
dist: 1.30818824989033 vs. 1.30818824989033
--------
nle(id0,id1,dist): 9 13 2.255670264724734
list:
dist: 2.255670264724734 vs. 2.255670264724734
--------
nle(id0,id1,dist): 9 12 2.1503187148836638
list:
dist: 2.1503187148836638 vs. 2.1503187148836638
--------
nle(id0,id1,dist): 9 19 2.19309301914446
list:
dist: 2.19309301914446 vs. 2.19309301914446
--------
nle(id0,id1,dist): 9 18 2.1978925597054575
list:
dist: 2.1978925597054575 vs. 2.1978925597054575
--------
nle(id0,id1,dist): 9 17 2.025221861079216
list:
dist: 2.025221861079216 vs. 2.025221861079216
--------
nle(id0,id1,dist): 9 16 1.7989606125374027
list:
dist: 1.7989606125374027 vs. 1.7989606125374027
--------
nle(id0,id1,dist): 9 22 3.031999503220964
list:
dist: 3.031999503220964 vs. 3.031999503220964
--------
nle(id0,id1,dist): 9 23 2.8124553142204722
list:
dist: 2.8124553142204722 vs. 2.8124553142204722
--------
nle(id0,id1,dist): 9 20 2.833458685716518
list:
dist: 2.833458685716518 vs. 2.833458685716518
--------
nle(id0,id1,dist): 9 21 3.3823856915024515
list:
dist: 3.3823856915024515 vs. 3.3823856915024515
--------
nle(id0,id1,dist): 9 27 3.436067769069241
list:
dist: 3.436067769069241 vs. 3.436067769069241
--------
nle(id0,id1,dist): 9 24 3.7276923263013075
list:
dist: 3.7276923263013075 vs. 3.7276923263013075
--------
nle(id0,id1,dist): 9 25 3.3708043818820452
list:
dist: 3.3708043818820452 vs. 3.3708043818820452
--------
nle(id0,id1,dist): 9 28 3.2772709538081943
list:
dist: 3.2772709538081943 vs. 3.2772709538081943
--------
nle(id0,id1,dist): 12 20 1.8452494104834105
list:
dist: 1.8452494104834105 vs. 1.8452494104834105
--------
nle(id0,id1,dist): 12 19 1.5958865535482283
list:
dist: 1.5958865535482283 vs. 1.5958865535482283
--------
nle(id0,id1,dist): 12 18 1.6393924071568973
list:
dist: 1.6393924071568973 vs. 1.6393924071568973
--------
nle(id0,id1,dist): 11 54 5.234161121813654
list:
dist: 5.234161121813654 vs. 5.234161121813654
--------
nle(id0,id1,dist): 12 17 1.6348038644772733
list:
dist: 1.6348038644772733 vs. 1.6348038644772733
--------
nle(id0,id1,dist): 12 16 0.5994818396955354
list:
dist: 0.5994818396955354 vs. 0.5994818396955354
--------
nle(id0,id1,dist): 12 15 1.1849168052988575
list:
dist: 1.1849168052988575 vs. 1.1849168052988575
--------
nle(id0,id1,dist): 12 14 1.3201980927270986
list:
dist: 1.3201980927270986 vs. 1.3201980927270986
--------
nle(id0,id1,dist): 12 13 0.31846375731863275
list:
dist: 0.31846375731863275 vs. 0.31846375731863275
--------
nle(id0,id1,dist): 11 43 4.048589506750512
list:
dist: 4.048589506750512 vs. 4.048589506750512
--------
nle(id0,id1,dist): 11 28 3.0171836328305415
list:
dist: 3.0171836328305415 vs. 3.0171836328305415
--------
nle(id0,id1,dist): 11 29 2.7062590594515243
list:
dist: 2.7062590594515243 vs. 2.7062590594515243
--------
nle(id0,id1,dist): 11 26 3.190421075189704
list:
dist: 3.190421075189704 vs. 3.190421075189704
--------
nle(id0,id1,dist): 11 27 3.00888185984522
list:
dist: 3.00888185984522 vs. 3.00888185984522
--------
nle(id0,id1,dist): 11 23 2.643524678958643
list:
dist: 2.643524678958643 vs. 2.643524678958643
--------
nle(id0,id1,dist): 11 22 2.1112945852978187
list:
dist: 2.1112945852978187 vs. 2.1112945852978187
--------
nle(id0,id1,dist): 11 25 2.618967372407174
list:
dist: 2.618967372407174 vs. 2.618967372407174
--------
nle(id0,id1,dist): 11 24 2.9149160343180913
list:
dist: 2.9149160343180913 vs. 2.9149160343180913
--------
nle(id0,id1,dist): 11 19 1.8793599024974852
list:
dist: 1.8793599024974852 vs. 1.8793599024974852
--------
nle(id0,id1,dist): 11 18 2.143217687722004
list:
dist: 2.143217687722004 vs. 2.143217687722004
--------
nle(id0,id1,dist): 11 21 2.9739221911905513
list:
dist: 2.9739221911905513 vs. 2.9739221911905513
--------
nle(id0,id1,dist): 11 20 2.630274190157079
list:
dist: 2.630274190157079 vs. 2.630274190157079
--------
nle(id0,id1,dist): 11 15 1.3472391320205919
list:
dist: 1.3472391320205919 vs. 1.3472391320205919
--------
nle(id0,id1,dist): 11 14 1.3295914481550806
list:
dist: 1.3295914481550806 vs. 1.3295914481550806
--------
nle(id0,id1,dist): 11 17 0.9711936648401626
list:
dist: 0.9711936648401626 vs. 0.9711936648401626
--------
nle(id0,id1,dist): 11 16 1.0673254958249339
list:
dist: 1.0673254958249339 vs. 1.0673254958249339
--------
nle(id0,id1,dist): 11 13 1.2492619622750312
list:
dist: 1.2492619622750312 vs. 1.2492619622750312
--------
nle(id0,id1,dist): 11 12 1.24627802486233
list:
dist: 1.24627802486233 vs. 1.24627802486233
--------
nle(id0,id1,dist): 13 26 2.4909990354202494
list:
dist: 2.4909990354202494 vs. 2.4909990354202494
--------
nle(id0,id1,dist): 13 27 2.5583197503771045
list:
dist: 2.5583197503771045 vs. 2.5583197503771045
--------
nle(id0,id1,dist): 13 24 1.8839014424017289
list:
dist: 1.8839014424017289 vs. 1.8839014424017289
--------
nle(id0,id1,dist): 13 25 1.819288391724254
list:
dist: 1.819288391724254 vs. 1.819288391724254
--------
nle(id0,id1,dist): 13 28 2.3903692964484238
list:
dist: 2.3903692964484238 vs. 2.3903692964484238
--------
nle(id0,id1,dist): 13 29 2.664451660040667
list:
dist: 2.664451660040667 vs. 2.664451660040667
--------
nle(id0,id1,dist): 13 18 1.614391534707641
list:
dist: 1.614391534707641 vs. 1.614391534707641
--------
nle(id0,id1,dist): 13 19 1.4511501809231158
list:
dist: 1.4511501809231158 vs. 1.4511501809231158
--------
nle(id0,id1,dist): 13 16 0.55611789179444
list:
dist: 0.55611789179444 vs. 0.55611789179444
--------
nle(id0,id1,dist): 13 17 1.4372297582589186
list:
dist: 1.4372297582589186 vs. 1.4372297582589186
--------
nle(id0,id1,dist): 13 22 1.5731877993665855
list:
dist: 1.5731877993665855 vs. 1.5731877993665855
--------
nle(id0,id1,dist): 13 23 1.9824698843590867
list:
dist: 1.9824698843590867 vs. 1.9824698843590867
--------
nle(id0,id1,dist): 13 20 1.80527973861295
list:
dist: 1.80527973861295 vs. 1.80527973861295
--------
nle(id0,id1,dist): 13 21 2.4500921701386336
list:
dist: 2.4500921701386336 vs. 2.4500921701386336
--------
nle(id0,id1,dist): 13 15 0.9685560796318995
list:
dist: 0.9685560796318995 vs. 0.9685560796318995
--------
nle(id0,id1,dist): 13 14 1.3522329573138125
list:
dist: 1.3522329573138125 vs. 1.3522329573138125
--------
nle(id0,id1,dist): 12 29 2.933811041880224
list:
dist: 2.933811041880224 vs. 2.933811041880224
--------
nle(id0,id1,dist): 12 21 2.682849037367326
list:
dist: 2.682849037367326 vs. 2.682849037367326
--------
nle(id0,id1,dist): 12 22 1.8814658648074605
list:
dist: 1.8814658648074605 vs. 1.8814658648074605
--------
nle(id0,id1,dist): 12 23 2.0894191045706396
list:
dist: 2.0894191045706396 vs. 2.0894191045706396
--------
nle(id0,id1,dist): 12 24 2.120824298641009
list:
dist: 2.120824298641009 vs. 2.120824298641009
--------
nle(id0,id1,dist): 12 25 2.0890075592599042
list:
dist: 2.0890075592599042 vs. 2.0890075592599042
--------
nle(id0,id1,dist): 12 26 2.775025352412034
list:
dist: 2.775025352412034 vs. 2.775025352412034
--------
nle(id0,id1,dist): 12 27 2.8038930968976947
list:
dist: 2.8038930968976947 vs. 2.8038930968976947
--------
nle(id0,id1,dist): 12 28 2.566279280476192
list:
dist: 2.566279280476192 vs. 2.566279280476192
--------
nle(id0,id1,dist): 15 28 1.7078116025939212
list:
dist: 1.7078116025939212 vs. 1.7078116025939212
--------
nle(id0,id1,dist): 15 29 1.7887650584220076
list:
dist: 1.7887650584220076 vs. 1.7887650584220076
--------
nle(id0,id1,dist): 15 26 1.9368194755249877
list:
dist: 1.9368194755249877 vs. 1.9368194755249877
--------
nle(id0,id1,dist): 15 27 1.7371707318710077
list:
dist: 1.7371707318710077 vs. 1.7371707318710077
--------
nle(id0,id1,dist): 15 24 1.7185135047955336
list:
dist: 1.7185135047955336 vs. 1.7185135047955336
--------
nle(id0,id1,dist): 15 25 1.3349203633806088
list:
dist: 1.3349203633806088 vs. 1.3349203633806088
--------
nle(id0,id1,dist): 15 22 1.0275547523866841
list:
dist: 1.0275547523866841 vs. 1.0275547523866841
--------
nle(id0,id1,dist): 15 23 1.4458896938582986
list:
dist: 1.4458896938582986 vs. 1.4458896938582986
--------
nle(id0,id1,dist): 15 36 3.721922650612549
list:
dist: 3.721922650612549 vs. 3.721922650612549
--------
nle(id0,id1,dist): 15 34 3.322228431007937
list:
dist: 3.322228431007937 vs. 3.322228431007937
--------
nle(id0,id1,dist): 15 35 4.920819383964218
list:
dist: 4.920819383964218 vs. 4.920819383964218
--------
nle(id0,id1,dist): 15 32 3.838805286277839
list:
dist: 3.838805286277839 vs. 3.838805286277839
--------
nle(id0,id1,dist): 15 33 2.5640142212383554
list:
dist: 2.5640142212383554 vs. 2.5640142212383554
--------
nle(id0,id1,dist): 15 30 3.18696977588699
list:
dist: 3.18696977588699 vs. 3.18696977588699
--------
nle(id0,id1,dist): 15 31 3.0567642976461213
list:
dist: 3.0567642976461213 vs. 3.0567642976461213
--------
nle(id0,id1,dist): 15 21 1.665402833252555
list:
dist: 1.665402833252555 vs. 1.665402833252555
--------
nle(id0,id1,dist): 15 20 1.5778161189862265
list:
dist: 1.5778161189862265 vs. 1.5778161189862265
--------
nle(id0,id1,dist): 15 19 0.6874545356003693
list:
dist: 0.6874545356003693 vs. 0.6874545356003693
--------
nle(id0,id1,dist): 15 18 1.2135850838152293
list:
dist: 1.2135850838152293 vs. 1.2135850838152293
--------
nle(id0,id1,dist): 15 17 1.050024754672128
list:
dist: 1.050024754672128 vs. 1.050024754672128
--------
nle(id0,id1,dist): 15 16 0.6941012127267375
list:
dist: 0.6941012127267375 vs. 0.6941012127267375
--------
nle(id0,id1,dist): 14 31 3.079302960760592
list:
dist: 3.079302960760592 vs. 3.079302960760592
--------
nle(id0,id1,dist): 14 32 3.874888242712815
list:
dist: 3.874888242712815 vs. 3.874888242712815
--------
nle(id0,id1,dist): 14 33 2.8165727264825167
list:
dist: 2.8165727264825167 vs. 2.8165727264825167
--------
nle(id0,id1,dist): 14 27 2.381061178779792
list:
dist: 2.381061178779792 vs. 2.381061178779792
--------
nle(id0,id1,dist): 14 28 2.080361356479933
list:
dist: 2.080361356479933 vs. 2.080361356479933
--------
nle(id0,id1,dist): 14 30 3.0444451782817685
list:
dist: 3.0444451782817685 vs. 3.0444451782817685
--------
nle(id0,id1,dist): 14 41 2.8155466963157134
list:
dist: 2.8155466963157134 vs. 2.8155466963157134
--------
nle(id0,id1,dist): 14 42 4.058724807215637
list:
dist: 4.058724807215637 vs. 4.058724807215637
--------
nle(id0,id1,dist): 14 16 0.8002070227266272
list:
dist: 0.8002070227266272 vs. 0.8002070227266272
--------
nle(id0,id1,dist): 14 15 1.019829526771502
list:
dist: 1.019829526771502 vs. 1.019829526771502
--------
nle(id0,id1,dist): 14 18 0.9407331373102821
list:
dist: 0.9407331373102821 vs. 0.9407331373102821
--------
nle(id0,id1,dist): 14 17 1.6280652036807521
list:
dist: 1.6280652036807521 vs. 1.6280652036807521
--------
nle(id0,id1,dist): 14 24 2.486647114724268
list:
dist: 2.486647114724268 vs. 2.486647114724268
--------
nle(id0,id1,dist): 14 23 1.5592815577531292
list:
dist: 1.5592815577531292 vs. 1.5592815577531292
--------
nle(id0,id1,dist): 14 25 2.184768322733716
list:
dist: 2.184768322733716 vs. 2.184768322733716
--------
nle(id0,id1,dist): 14 20 1.5578747385986331
list:
dist: 1.5578747385986331 vs. 1.5578747385986331
--------
nle(id0,id1,dist): 14 19 0.9752606626573203
list:
dist: 0.9752606626573203 vs. 0.9752606626573203
--------
nle(id0,id1,dist): 14 22 2.034820109524758
list:
dist: 2.034820109524758 vs. 2.034820109524758
--------
nle(id0,id1,dist): 14 21 2.269883410752384
list:
dist: 2.269883410752384 vs. 2.269883410752384
--------
nle(id0,id1,dist): 16 51 4.790576974495739
list:
dist: 4.790576974495739 vs. 4.790576974495739
--------
nle(id0,id1,dist): 17 18 2.1932859862995353
list:
dist: 2.1932859862995353 vs. 2.1932859862995353
--------
nle(id0,id1,dist): 17 19 1.6554568554360836
list:
dist: 1.6554568554360836 vs. 1.6554568554360836
--------
nle(id0,id1,dist): 16 53 5.325648624576481
list:
dist: 5.325648624576481 vs. 5.325648624576481
--------
nle(id0,id1,dist): 16 54 5.018345581097806
list:
dist: 5.018345581097806 vs. 5.018345581097806
--------
nle(id0,id1,dist): 17 22 1.3992758943297585
list:
dist: 1.3992758943297585 vs. 1.3992758943297585
--------
nle(id0,id1,dist): 17 23 2.460350718166023
list:
dist: 2.460350718166023 vs. 2.460350718166023
--------
nle(id0,id1,dist): 16 57 5.922777607766446
list:
dist: 5.922777607766446 vs. 5.922777607766446
--------
nle(id0,id1,dist): 17 20 2.6236171484143305
list:
dist: 2.6236171484143305 vs. 2.6236171484143305
--------
nle(id0,id1,dist): 17 21 2.377944044836918
list:
dist: 2.377944044836918 vs. 2.377944044836918
--------
nle(id0,id1,dist): 17 26 2.489576334755525
list:
dist: 2.489576334755525 vs. 2.489576334755525
--------
nle(id0,id1,dist): 17 27 2.348070821808725
list:
dist: 2.348070821808725 vs. 2.348070821808725
--------
nle(id0,id1,dist): 17 24 2.490751027325575
list:
dist: 2.490751027325575 vs. 2.490751027325575
--------
nle(id0,id1,dist): 17 25 2.0615760905639853
list:
dist: 2.0615760905639853 vs. 2.0615760905639853
--------
nle(id0,id1,dist): 16 36 4.310954312682732
list:
dist: 4.310954312682732 vs. 4.310954312682732
--------
nle(id0,id1,dist): 16 35 5.503547728747047
list:
dist: 5.503547728747047 vs. 5.503547728747047
--------
nle(id0,id1,dist): 16 34 3.9234548961119504
list:
dist: 3.9234548961119504 vs. 3.9234548961119504
--------
nle(id0,id1,dist): 16 33 3.1436095144926464
list:
dist: 3.1436095144926464 vs. 3.1436095144926464
--------
nle(id0,id1,dist): 16 40 3.8777334106830685
list:
dist: 3.8777334106830685 vs. 3.8777334106830685
--------
nle(id0,id1,dist): 16 39 5.886013682105589
list:
dist: 5.886013682105589 vs. 5.886013682105589
--------
nle(id0,id1,dist): 16 38 4.869057486372609
list:
dist: 4.869057486372609 vs. 4.869057486372609
--------
nle(id0,id1,dist): 16 44 4.538052751769776
list:
dist: 4.538052751769776 vs. 4.538052751769776
--------
nle(id0,id1,dist): 16 43 3.680415155785565
list:
dist: 3.680415155785565 vs. 3.680415155785565
--------
nle(id0,id1,dist): 16 42 4.368534532762372
list:
dist: 4.368534532762372 vs. 4.368534532762372
--------
nle(id0,id1,dist): 16 41 3.2141370537356395
list:
dist: 3.2141370537356395 vs. 3.2141370537356395
--------
nle(id0,id1,dist): 16 47 4.873206448572875
list:
dist: 4.873206448572875 vs. 4.873206448572875
--------
nle(id0,id1,dist): 16 46 5.201004206379963
list:
dist: 5.201004206379963 vs. 5.201004206379963
--------
nle(id0,id1,dist): 16 45 4.702125264287133
list:
dist: 4.702125264287133 vs. 4.702125264287133
--------
nle(id0,id1,dist): 16 17 1.3140104270309307
list:
dist: 1.3140104270309307 vs. 1.3140104270309307
--------
nle(id0,id1,dist): 15 54 4.332974801196177
list:
dist: 4.332974801196177 vs. 4.332974801196177
--------
nle(id0,id1,dist): 16 18 1.2242445950368623
list:
dist: 1.2242445950368623 vs. 1.2242445950368623
--------
nle(id0,id1,dist): 16 19 1.0779746835983262
list:
dist: 1.0779746835983262 vs. 1.0779746835983262
--------
nle(id0,id1,dist): 16 20 1.5970277960364727
list:
dist: 1.5970277960364727 vs. 1.5970277960364727
--------
nle(id0,id1,dist): 15 57 5.273570801658815
list:
dist: 5.273570801658815 vs. 5.273570801658815
--------
nle(id0,id1,dist): 16 21 2.263120510801641
list:
dist: 2.263120510801641 vs. 2.263120510801641
--------
nle(id0,id1,dist): 16 22 1.6127623575263754
list:
dist: 1.6127623575263754 vs. 1.6127623575263754
--------
nle(id0,id1,dist): 16 23 1.7017867766645782
list:
dist: 1.7017867766645782 vs. 1.7017867766645782
--------
nle(id0,id1,dist): 16 24 2.0416635323108427
list:
dist: 2.0416635323108427 vs. 2.0416635323108427
--------
nle(id0,id1,dist): 16 25 1.8443582715109315
list:
dist: 1.8443582715109315 vs. 1.8443582715109315
--------
nle(id0,id1,dist): 16 26 2.5150501500065796
list:
dist: 2.5150501500065796 vs. 2.5150501500065796
--------
nle(id0,id1,dist): 16 27 2.3722354201830766
list:
dist: 2.3722354201830766 vs. 2.3722354201830766
--------
nle(id0,id1,dist): 16 28 2.16245158632521
list:
dist: 2.16245158632521 vs. 2.16245158632521
--------
nle(id0,id1,dist): 16 29 2.4751907192787503
list:
dist: 2.4751907192787503 vs. 2.4751907192787503
--------
nle(id0,id1,dist): 16 30 3.478438038265887
list:
dist: 3.478438038265887 vs. 3.478438038265887
--------
nle(id0,id1,dist): 16 31 3.520278370937773
list:
dist: 3.520278370937773 vs. 3.520278370937773
--------
nle(id0,id1,dist): 16 32 4.3514346959393
list:
dist: 4.3514346959393 vs. 4.3514346959393
--------
nle(id0,id1,dist): 15 39 5.288173564435238
list:
dist: 5.288173564435238 vs. 5.288173564435238
--------
nle(id0,id1,dist): 15 38 4.3074202658886085
list:
dist: 4.3074202658886085 vs. 4.3074202658886085
--------
nle(id0,id1,dist): 15 41 2.6950570816810053
list:
dist: 2.6950570816810053 vs. 2.6950570816810053
--------
nle(id0,id1,dist): 15 40 3.237174952978609
list:
dist: 3.237174952978609 vs. 3.237174952978609
--------
nle(id0,id1,dist): 15 43 3.004466791386687
list:
dist: 3.004466791386687 vs. 3.004466791386687
--------
nle(id0,id1,dist): 15 42 3.8394524044405216
list:
dist: 3.8394524044405216 vs. 3.8394524044405216
--------
nle(id0,id1,dist): 15 45 4.120352101770315
list:
dist: 4.120352101770315 vs. 4.120352101770315
--------
nle(id0,id1,dist): 15 44 3.888038078580573
list:
dist: 3.888038078580573 vs. 3.888038078580573
--------
nle(id0,id1,dist): 15 47 4.2434539190843
list:
dist: 4.2434539190843 vs. 4.2434539190843
--------
nle(id0,id1,dist): 15 46 4.575329053734131
list:
dist: 4.575329053734131 vs. 4.575329053734131
--------
nle(id0,id1,dist): 15 51 4.1285640022621815
list:
dist: 4.1285640022621815 vs. 4.1285640022621815
--------
nle(id0,id1,dist): 15 53 4.683753221364782
list:
dist: 4.683753221364782 vs. 4.683753221364782
--------
nle(id0,id1,dist): 1 2 1.2748888087884238
list:
dist: 1.2748888087884238 vs. 1.2748888087884238
--------
nle(id0,id1,dist): 1 3 1.699504510340184
list:
dist: 1.699504510340184 vs. 1.699504510340184
--------
nle(id0,id1,dist): 1 4 2.113223268422887
list:
dist: 2.113223268422887 vs. 2.113223268422887
--------
nle(id0,id1,dist): 1 5 1.4637821052068212
list:
dist: 1.4637821052068212 vs. 1.4637821052068212
--------
nle(id0,id1,dist): 1 6 1.0304112706085649
list:
dist: 1.0304112706085649 vs. 1.0304112706085649
--------
nle(id0,id1,dist): 1 7 0.682742652699255
list:
dist: 0.682742652699255 vs. 0.682742652699255
--------
nle(id0,id1,dist): 1 8 1.2744672633019885
list:
dist: 1.2744672633019885 vs. 1.2744672633019885
--------
nle(id0,id1,dist): 1 9 1.5424979887812686
list:
dist: 1.5424979887812686 vs. 1.5424979887812686
--------
nle(id0,id1,dist): 1 10 1.7282055048522127
list:
dist: 1.7282055048522127 vs. 1.7282055048522127
--------
nle(id0,id1,dist): 1 11 2.1002659758327105
list:
dist: 2.1002659758327105 vs. 2.1002659758327105
--------
nle(id0,id1,dist): 1 28 3.6741955978195686
list:
dist: 3.6741955978195686 vs. 3.6741955978195686
--------
nle(id0,id1,dist): 2 5 2.0002210659846784
list:
dist: 2.0002210659846784 vs. 2.0002210659846784
--------
nle(id0,id1,dist): 2 6 1.9156232258511732
list:
dist: 1.9156232258511732 vs. 1.9156232258511732
--------
nle(id0,id1,dist): 2 3 1.4532818421839613
list:
dist: 1.4532818421839613 vs. 1.4532818421839613
--------
nle(id0,id1,dist): 2 4 1.8507394440106564
list:
dist: 1.8507394440106564 vs. 1.8507394440106564
--------
nle(id0,id1,dist): 1 15 2.6347794101865647
list:
dist: 2.6347794101865647 vs. 2.6347794101865647
--------
nle(id0,id1,dist): 1 14 1.7662105236195846
list:
dist: 1.7662105236195846 vs. 1.7662105236195846
--------
nle(id0,id1,dist): 1 13 2.3274406171010362
list:
dist: 2.3274406171010362 vs. 2.3274406171010362
--------
nle(id0,id1,dist): 1 12 2.056111733486387
list:
dist: 2.056111733486387 vs. 2.056111733486387
--------
nle(id0,id1,dist): 1 19 2.6802481948767736
list:
dist: 2.6802481948767736 vs. 2.6802481948767736
--------
nle(id0,id1,dist): 1 18 2.32569495684825
list:
dist: 2.32569495684825 vs. 2.32569495684825
--------
nle(id0,id1,dist): 1 17 2.951963665030633
list:
dist: 2.951963665030633 vs. 2.951963665030633
--------
nle(id0,id1,dist): 1 16 2.0397628535140453
list:
dist: 2.0397628535140453 vs. 2.0397628535140453
--------
nle(id0,id1,dist): 1 23 3.0211600319967253
list:
dist: 3.0211600319967253 vs. 3.0211600319967253
--------
nle(id0,id1,dist): 1 22 3.6370004580930027
list:
dist: 3.6370004580930027 vs. 3.6370004580930027
--------
nle(id0,id1,dist): 1 21 3.9798949767593736
list:
dist: 3.9798949767593736 vs. 3.9798949767593736
--------
nle(id0,id1,dist): 1 20 2.7361263229594592
list:
dist: 2.7361263229594592 vs. 2.7361263229594592
--------
nle(id0,id1,dist): 1 27 4.118146486420704
list:
dist: 4.118146486420704 vs. 4.118146486420704
--------
nle(id0,id1,dist): 1 25 3.7736734915139705
list:
dist: 3.7736734915139705 vs. 3.7736734915139705
--------
nle(id0,id1,dist): 1 24 3.885936374817142
list:
dist: 3.885936374817142 vs. 3.885936374817142
--------
nle(id0,id1,dist): 2 27 4.534992487522534
list:
dist: 4.534992487522534 vs. 4.534992487522534
--------
nle(id0,id1,dist): 2 28 4.2000392530757065
list:
dist: 4.2000392530757065 vs. 4.2000392530757065
--------
nle(id0,id1,dist): 2 23 3.590281647487186
list:
dist: 3.590281647487186 vs. 3.590281647487186
--------
nle(id0,id1,dist): 2 24 3.947631487408254
list:
dist: 3.947631487408254 vs. 3.947631487408254
--------
nle(id0,id1,dist): 2 25 3.9390144782903587
list:
dist: 3.9390144782903587 vs. 3.9390144782903587
--------
nle(id0,id1,dist): 2 12 1.8694738702211977
list:
dist: 1.8694738702211977 vs. 1.8694738702211977
--------
nle(id0,id1,dist): 2 11 2.023782069335585
list:
dist: 2.023782069335585 vs. 2.023782069335585
--------
nle(id0,id1,dist): 2 14 2.3547935351620763
list:
dist: 2.3547935351620763 vs. 2.3547935351620763
--------
nle(id0,id1,dist): 2 13 2.1670594721269016
list:
dist: 2.1670594721269016 vs. 2.1670594721269016
--------
nle(id0,id1,dist): 2 8 1.4300168819613532
list:
dist: 1.4300168819613532 vs. 1.4300168819613532
--------
nle(id0,id1,dist): 2 7 1.552549404330988
list:
dist: 1.552549404330988 vs. 1.552549404330988
--------
nle(id0,id1,dist): 2 10 1.4688465990207842
list:
dist: 1.4688465990207842 vs. 1.4688465990207842
--------
nle(id0,id1,dist): 2 9 2.2186225794541015
list:
dist: 2.2186225794541015 vs. 2.2186225794541015
--------
nle(id0,id1,dist): 2 20 3.2445000020225434
list:
dist: 3.2445000020225434 vs. 3.2445000020225434
--------
nle(id0,id1,dist): 2 19 3.149829562791797
list:
dist: 3.149829562791797 vs. 3.149829562791797
--------
nle(id0,id1,dist): 2 22 3.696261012853293
list:
dist: 3.696261012853293 vs. 3.696261012853293
--------
nle(id0,id1,dist): 2 21 4.410346580932652
list:
dist: 4.410346580932652 vs. 4.410346580932652
--------
nle(id0,id1,dist): 2 16 2.1731227942294753
list:
dist: 2.1731227942294753 vs. 2.1731227942294753
--------
nle(id0,id1,dist): 2 15 2.8495395451559795
list:
dist: 2.8495395451559795 vs. 2.8495395451559795
--------
nle(id0,id1,dist): 2 18 2.9467753891050115
list:
dist: 2.9467753891050115 vs. 2.9467753891050115
--------
nle(id0,id1,dist): 2 17 2.9465849257961145
list:
dist: 2.9465849257961145 vs. 2.9465849257961145
--------
nle(id0,id1,dist): 3 24 3.9272964642269925
list:
dist: 3.9272964642269925 vs. 3.9272964642269925
--------
nle(id0,id1,dist): 3 25 3.69348189192197
list:
dist: 3.69348189192197 vs. 3.69348189192197
--------
nle(id0,id1,dist): 3 22 3.2331439000092876
list:
dist: 3.2331439000092876 vs. 3.2331439000092876
--------
nle(id0,id1,dist): 3 23 3.4992895278845757
list:
dist: 3.4992895278845757 vs. 3.4992895278845757
--------
nle(id0,id1,dist): 3 20 3.3860714514891255
list:
dist: 3.3860714514891255 vs. 3.3860714514891255
--------
nle(id0,id1,dist): 3 21 4.020078429591887
list:
dist: 4.020078429591887 vs. 4.020078429591887
--------
nle(id0,id1,dist): 3 18 2.879243862980234
list:
dist: 2.879243862980234 vs. 2.879243862980234
--------
nle(id0,id1,dist): 3 19 2.815090318096537
list:
dist: 2.815090318096537 vs. 2.815090318096537
--------
nle(id0,id1,dist): 3 28 3.977831221710374
list:
dist: 3.977831221710374 vs. 3.977831221710374
--------
nle(id0,id1,dist): 3 27 4.071713054327043
list:
dist: 4.071713054327043 vs. 4.071713054327043
--------
nle(id0,id1,dist): 3 9 1.3322892868984004
list:
dist: 1.3322892868984004 vs. 1.3322892868984004
--------
nle(id0,id1,dist): 3 8 1.2137285555994963
list:
dist: 1.2137285555994963 vs. 1.2137285555994963
--------
nle(id0,id1,dist): 3 7 1.8283514192676467
list:
dist: 1.8283514192676467 vs. 1.8283514192676467
--------
nle(id0,id1,dist): 3 6 1.5404648583421712
list:
dist: 1.5404648583421712 vs. 1.5404648583421712
--------
nle(id0,id1,dist): 3 5 2.3249715063192546
list:
dist: 2.3249715063192546 vs. 2.3249715063192546
--------
nle(id0,id1,dist): 3 4 0.48200382857959234
list:
dist: 0.48200382857959234 vs. 0.48200382857959234
--------
nle(id0,id1,dist): 3 17 2.05496718867757
list:
dist: 2.05496718867757 vs. 2.05496718867757
--------
nle(id0,id1,dist): 3 16 1.9381620195572675
list:
dist: 1.9381620195572675 vs. 1.9381620195572675
--------
nle(id0,id1,dist): 3 15 2.3998822430721307
list:
dist: 2.3998822430721307 vs. 2.3998822430721307
--------
nle(id0,id1,dist): 3 14 1.990336410433651
list:
dist: 1.990336410433651 vs. 1.990336410433651
--------
nle(id0,id1,dist): 3 13 2.0972704617501914
list:
dist: 2.0972704617501914 vs. 2.0972704617501914
--------
nle(id0,id1,dist): 3 12 1.939199025294996
list:
dist: 1.939199025294996 vs. 1.939199025294996
--------
nle(id0,id1,dist): 3 11 1.1304725650902039
list:
dist: 1.1304725650902039 vs. 1.1304725650902039
--------
nle(id0,id1,dist): 3 10 2.0641777276788766
list:
dist: 2.0641777276788766 vs. 2.0641777276788766
--------
nle(id0,id1,dist): 37 48 1.7814046771497578
list:
dist: 1.7814046771497578 vs. 1.7814046771497578
--------
nle(id0,id1,dist): 37 49 0.9454662571308268
list:
dist: 0.9454662571308268 vs. 0.9454662571308268
--------
nle(id0,id1,dist): 37 51 2.5117651448250813
list:
dist: 2.5117651448250813 vs. 2.5117651448250813
--------
nle(id0,id1,dist): 37 53 2.0185346335672496
list:
dist: 2.0185346335672496 vs. 2.0185346335672496
--------
nle(id0,id1,dist): 37 40 2.336079480218739
list:
dist: 2.336079480218739 vs. 2.336079480218739
--------
nle(id0,id1,dist): 37 41 2.31517222891956
list:
dist: 2.31517222891956 vs. 2.31517222891956
--------
nle(id0,id1,dist): 37 42 1.083806859357011
list:
dist: 1.083806859357011 vs. 1.083806859357011
--------
nle(id0,id1,dist): 36 81 4.779591708164867
list:
dist: 4.779591708164867 vs. 4.779591708164867
--------
nle(id0,id1,dist): 37 44 2.2048977893829305
list:
dist: 2.2048977893829305 vs. 2.2048977893829305
--------
nle(id0,id1,dist): 37 45 1.266363641582436
list:
dist: 1.266363641582436 vs. 1.266363641582436
--------
nle(id0,id1,dist): 37 46 1.8984195713883179
list:
dist: 1.8984195713883179 vs. 1.8984195713883179
--------
nle(id0,id1,dist): 37 47 2.2798795376038052
list:
dist: 2.2798795376038052 vs. 2.2798795376038052
--------
nle(id0,id1,dist): 36 70 4.346090198183465
list:
dist: 4.346090198183465 vs. 4.346090198183465
--------
nle(id0,id1,dist): 36 71 4.098731170328736
list:
dist: 4.098731170328736 vs. 4.098731170328736
--------
nle(id0,id1,dist): 37 39 1.8862862591266274
list:
dist: 1.8862862591266274 vs. 1.8862862591266274
--------
nle(id0,id1,dist): 37 38 1.1666795738809967
list:
dist: 1.1666795738809967 vs. 1.1666795738809967
--------
nle(id0,id1,dist): 36 62 3.269763906776462
list:
dist: 3.269763906776462 vs. 3.269763906776462
--------
nle(id0,id1,dist): 36 55 2.668112835439029
list:
dist: 2.668112835439029 vs. 2.668112835439029
--------
nle(id0,id1,dist): 36 56 2.6647009644740773
list:
dist: 2.6647009644740773 vs. 2.6647009644740773
--------
nle(id0,id1,dist): 36 53 1.426843495306713
list:
dist: 1.426843495306713 vs. 1.426843495306713
--------
nle(id0,id1,dist): 36 54 1.9378327151535546
list:
dist: 1.9378327151535546 vs. 1.9378327151535546
--------
nle(id0,id1,dist): 36 59 2.483046228352783
list:
dist: 2.483046228352783 vs. 2.483046228352783
--------
nle(id0,id1,dist): 36 57 2.175850071364389
list:
dist: 2.175850071364389 vs. 2.175850071364389
--------
nle(id0,id1,dist): 36 58 2.2973997198177254
list:
dist: 2.2973997198177254 vs. 2.2973997198177254
--------
nle(id0,id1,dist): 36 47 2.1077112668168456
list:
dist: 2.1077112668168456 vs. 2.1077112668168456
--------
nle(id0,id1,dist): 36 48 1.8735341523121753
list:
dist: 1.8735341523121753 vs. 1.8735341523121753
--------
nle(id0,id1,dist): 36 45 1.3766952913862835
list:
dist: 1.3766952913862835 vs. 1.3766952913862835
--------
nle(id0,id1,dist): 36 46 1.058560808621846
list:
dist: 1.058560808621846 vs. 1.058560808621846
--------
nle(id0,id1,dist): 36 51 1.1597139676171766
list:
dist: 1.1597139676171766 vs. 1.1597139676171766
--------
nle(id0,id1,dist): 36 52 2.5661023204710127
list:
dist: 2.5661023204710127 vs. 2.5661023204710127
--------
nle(id0,id1,dist): 36 49 1.9171215078017654
list:
dist: 1.9171215078017654 vs. 1.9171215078017654
--------
nle(id0,id1,dist): 36 50 2.1580864722598205
list:
dist: 2.1580864722598205 vs. 2.1580864722598205
--------
nle(id0,id1,dist): 36 40 0.8554219785827387
list:
dist: 0.8554219785827387 vs. 0.8554219785827387
--------
nle(id0,id1,dist): 36 39 1.5910400169968828
list:
dist: 1.5910400169968828 vs. 1.5910400169968828
--------
nle(id0,id1,dist): 36 38 0.8747131721416572
list:
dist: 0.8747131721416572 vs. 0.8747131721416572
--------
nle(id0,id1,dist): 36 37 1.9898286849350202
list:
dist: 1.9898286849350202 vs. 1.9898286849350202
--------
nle(id0,id1,dist): 36 44 1.4080864840847844
list:
dist: 1.4080864840847844 vs. 1.4080864840847844
--------
nle(id0,id1,dist): 35 81 5.1648618091168546
list:
dist: 5.1648618091168546 vs. 5.1648618091168546
--------
nle(id0,id1,dist): 36 43 1.3829394608559062
list:
dist: 1.3829394608559062 vs. 1.3829394608559062
--------
nle(id0,id1,dist): 36 42 1.342830691594454
list:
dist: 1.342830691594454 vs. 1.342830691594454
--------
nle(id0,id1,dist): 36 41 1.2593378215779931
list:
dist: 1.2593378215779931 vs. 1.2593378215779931
--------
nle(id0,id1,dist): 35 71 4.3273616903617675
list:
dist: 4.3273616903617675 vs. 4.3273616903617675
--------
nle(id0,id1,dist): 35 70 4.945584821597206
list:
dist: 4.945584821597206 vs. 4.945584821597206
--------
nle(id0,id1,dist): 35 62 3.7534128165735634
list:
dist: 3.7534128165735634 vs. 3.7534128165735634
--------
nle(id0,id1,dist): 35 58 1.8709952423851866
list:
dist: 1.8709952423851866 vs. 1.8709952423851866
--------
nle(id0,id1,dist): 35 59 1.915902094763616
list:
dist: 1.915902094763616 vs. 1.915902094763616
--------
nle(id0,id1,dist): 35 54 2.408530708315935
list:
dist: 2.408530708315935 vs. 2.408530708315935
--------
nle(id0,id1,dist): 35 55 1.9362213117220854
list:
dist: 1.9362213117220854 vs. 1.9362213117220854
--------
nle(id0,id1,dist): 35 56 2.5916869212028186
list:
dist: 2.5916869212028186 vs. 2.5916869212028186
--------
nle(id0,id1,dist): 35 57 1.3432049451838235
list:
dist: 1.3432049451838235 vs. 1.3432049451838235
--------
nle(id0,id1,dist): 35 50 2.1451538879882075
list:
dist: 2.1451538879882075 vs. 2.1451538879882075
--------
nle(id0,id1,dist): 35 51 1.5677344475995718
list:
dist: 1.5677344475995718 vs. 1.5677344475995718
--------
nle(id0,id1,dist): 35 52 2.7274256510857837
list:
dist: 2.7274256510857837 vs. 2.7274256510857837
--------
nle(id0,id1,dist): 35 53 0.9610018634000941
list:
dist: 0.9610018634000941 vs. 0.9610018634000941
--------
nle(id0,id1,dist): 35 47 1.8335644209794852
list:
dist: 1.8335644209794852 vs. 1.8335644209794852
--------
nle(id0,id1,dist): 35 46 0.8207220035984386
list:
dist: 0.8207220035984386 vs. 0.8207220035984386
--------
nle(id0,id1,dist): 35 49 0.5423917783072265
list:
dist: 0.5423917783072265 vs. 0.5423917783072265
--------
nle(id0,id1,dist): 35 48 0.6808354288731713
list:
dist: 0.6808354288731713 vs. 0.6808354288731713
--------
nle(id0,id1,dist): 35 43 2.3692163155029906
list:
dist: 2.3692163155029906 vs. 2.3692163155029906
--------
nle(id0,id1,dist): 35 42 1.353521691345161
list:
dist: 1.353521691345161 vs. 1.353521691345161
--------
nle(id0,id1,dist): 35 45 1.0485257694196497
list:
dist: 1.0485257694196497 vs. 1.0485257694196497
--------
nle(id0,id1,dist): 35 44 1.561184789606092
list:
dist: 1.561184789606092 vs. 1.561184789606092
--------
nle(id0,id1,dist): 34 81 5.174497065964294
list:
dist: 5.174497065964294 vs. 5.174497065964294
--------
nle(id0,id1,dist): 35 39 0.8139638436791953
list:
dist: 0.8139638436791953 vs. 0.8139638436791953
--------
nle(id0,id1,dist): 35 38 0.7168627778244481
list:
dist: 0.7168627778244481 vs. 0.7168627778244481
--------
nle(id0,id1,dist): 35 41 2.36773445035356
list:
dist: 2.36773445035356 vs. 2.36773445035356
--------
nle(id0,id1,dist): 35 40 1.8367813620428186
list:
dist: 1.8367813620428186 vs. 1.8367813620428186
--------
nle(id0,id1,dist): 34 71 4.503204073508099
list:
dist: 4.503204073508099 vs. 4.503204073508099
--------
nle(id0,id1,dist): 35 37 1.189494582518978
list:
dist: 1.189494582518978 vs. 1.189494582518978
--------
nle(id0,id1,dist): 35 36 1.4467554462174916
list:
dist: 1.4467554462174916 vs. 1.4467554462174916
--------
nle(id0,id1,dist): 34 70 4.7397781727525174
list:
dist: 4.7397781727525174 vs. 4.7397781727525174
--------
nle(id0,id1,dist): 34 62 3.8390356854508676
list:
dist: 3.8390356854508676 vs. 3.8390356854508676
--------
nle(id0,id1,dist): 34 59 2.7433526440071105
list:
dist: 2.7433526440071105 vs. 2.7433526440071105
--------
nle(id0,id1,dist): 34 57 2.1861283447363635
list:
dist: 2.1861283447363635 vs. 2.1861283447363635
--------
nle(id0,id1,dist): 34 58 2.3645296800270756
list:
dist: 2.3645296800270756 vs. 2.3645296800270756
--------
nle(id0,id1,dist): 34 55 2.519455126509312
list:
dist: 2.519455126509312 vs. 2.519455126509312
--------
nle(id0,id1,dist): 34 56 2.7498341856238087
list:
dist: 2.7498341856238087 vs. 2.7498341856238087
--------
nle(id0,id1,dist): 34 54 2.0194876186512807
list:
dist: 2.0194876186512807 vs. 2.0194876186512807
--------
nle(id0,id1,dist): 34 53 1.5020041152163104
list:
dist: 1.5020041152163104 vs. 1.5020041152163104
--------
nle(id0,id1,dist): 34 52 2.288297955034025
list:
dist: 2.288297955034025 vs. 2.288297955034025
--------
nle(id0,id1,dist): 34 51 1.240512536239461
list:
dist: 1.240512536239461 vs. 1.240512536239461
--------
nle(id0,id1,dist): 34 50 1.9491484785739825
list:
dist: 1.9491484785739825 vs. 1.9491484785739825
--------
nle(id0,id1,dist): 34 49 1.9726502297830957
list:
dist: 1.9726502297830957 vs. 1.9726502297830957
--------
nle(id0,id1,dist): 34 48 2.111424382031353
list:
dist: 2.111424382031353 vs. 2.111424382031353
--------
nle(id0,id1,dist): 34 47 1.695692440174399
list:
dist: 1.695692440174399 vs. 1.695692440174399
--------
nle(id0,id1,dist): 34 46 1.3199248460541764
list:
dist: 1.3199248460541764 vs. 1.3199248460541764
--------
nle(id0,id1,dist): 34 45 1.0586669679990508
list:
dist: 1.0586669679990508 vs. 1.0586669679990508
--------
nle(id0,id1,dist): 34 44 1.0711779320212051
list:
dist: 1.0711779320212051 vs. 1.0711779320212051
--------
nle(id0,id1,dist): 34 43 1.0622849075664162
list:
dist: 1.0622849075664162 vs. 1.0622849075664162
--------
nle(id0,id1,dist): 34 42 0.9997562295793229
list:
dist: 0.9997562295793229 vs. 0.9997562295793229
--------
nle(id0,id1,dist): 34 41 0.9572855557149377
list:
dist: 0.9572855557149377 vs. 0.9572855557149377
--------
nle(id0,id1,dist): 34 40 0.46612657210734665
list:
dist: 0.46612657210734665 vs. 0.46612657210734665
--------
nle(id0,id1,dist): 34 39 2.0072321011853296
list:
dist: 2.0072321011853296 vs. 2.0072321011853296
--------
nle(id0,id1,dist): 33 62 4.102421051921219
list:
dist: 4.102421051921219 vs. 4.102421051921219
--------
nle(id0,id1,dist): 34 36 0.6665277464452678
list:
dist: 0.6665277464452678 vs. 0.6665277464452678
--------
nle(id0,id1,dist): 34 35 1.6126594493246211
list:
dist: 1.6126594493246211 vs. 1.6126594493246211
--------
nle(id0,id1,dist): 34 38 1.057165513142249
list:
dist: 1.057165513142249 vs. 1.057165513142249
--------
nle(id0,id1,dist): 34 37 1.9416736931615945
list:
dist: 1.9416736931615945 vs. 1.9416736931615945
--------
nle(id0,id1,dist): 33 44 1.766528404912647
list:
dist: 1.766528404912647 vs. 1.766528404912647
--------
nle(id0,id1,dist): 33 45 1.8187397958319742
list:
dist: 1.8187397958319742 vs. 1.8187397958319742
--------
nle(id0,id1,dist): 33 46 2.100458870262894
list:
dist: 2.100458870262894 vs. 2.100458870262894
--------
nle(id0,id1,dist): 33 47 2.3526543474323236
list:
dist: 2.3526543474323236 vs. 2.3526543474323236
--------
nle(id0,id1,dist): 33 48 2.9242992227050912
list:
dist: 2.9242992227050912 vs. 2.9242992227050912
--------
nle(id0,id1,dist): 33 49 2.7570681884834296
list:
dist: 2.7570681884834296 vs. 2.7570681884834296
--------
nle(id0,id1,dist): 33 51 1.8837029189848589
list:
dist: 1.8837029189848589 vs. 1.8837029189848589
--------
nle(id0,id1,dist): 33 53 2.3113760983111216
list:
dist: 2.3113760983111216 vs. 2.3113760983111216
--------
nle(id0,id1,dist): 33 54 2.4657578333910615
list:
dist: 2.4657578333910615 vs. 2.4657578333910615
--------
nle(id0,id1,dist): 33 57 3.0005065463757785
list:
dist: 3.0005065463757785 vs. 3.0005065463757785
--------
nle(id0,id1,dist): 33 35 2.409344309497365
list:
dist: 2.409344309497365 vs. 2.409344309497365
--------
nle(id0,id1,dist): 33 34 0.8393579910742337
list:
dist: 0.8393579910742337 vs. 0.8393579910742337
--------
nle(id0,id1,dist): 33 39 2.743513311137563
list:
dist: 2.743513311137563 vs. 2.743513311137563
--------
nle(id0,id1,dist): 33 38 1.7690948690026216
list:
dist: 1.7690948690026216 vs. 1.7690948690026216
--------
nle(id0,id1,dist): 33 37 2.544212313806859
list:
dist: 2.544212313806859 vs. 2.544212313806859
--------
nle(id0,id1,dist): 33 36 1.1827437027140644
list:
dist: 1.1827437027140644 vs. 1.1827437027140644
--------
nle(id0,id1,dist): 33 43 1.1865635340515615
list:
dist: 1.1865635340515615 vs. 1.1865635340515615
--------
nle(id0,id1,dist): 33 42 1.5558237376074557
list:
dist: 1.5558237376074557 vs. 1.5558237376074557
--------
nle(id0,id1,dist): 33 41 0.4418134073236829
list:
dist: 0.4418134073236829 vs. 0.4418134073236829
--------
nle(id0,id1,dist): 33 40 0.9382515769906311
list:
dist: 0.9382515769906311 vs. 0.9382515769906311
--------
nle(id0,id1,dist): 32 51 1.880882503769888
list:
dist: 1.880882503769888 vs. 1.880882503769888
--------
nle(id0,id1,dist): 32 49 2.013044838845996
list:
dist: 2.013044838845996 vs. 2.013044838845996
--------
nle(id0,id1,dist): 32 53 1.9833178063617605
list:
dist: 1.9833178063617605 vs. 1.9833178063617605
--------
nle(id0,id1,dist): 32 54 2.6661126742346433
list:
dist: 2.6661126742346433 vs. 2.6661126742346433
--------
nle(id0,id1,dist): 32 57 2.6932070725012345
list:
dist: 2.6932070725012345 vs. 2.6932070725012345
--------
nle(id0,id1,dist): 32 62 3.560491896418171
list:
dist: 3.560491896418171 vs. 3.560491896418171
--------
nle(id0,id1,dist): 32 38 0.9554248736554796
list:
dist: 0.9554248736554796 vs. 0.9554248736554796
--------
nle(id0,id1,dist): 32 37 1.798036599308873
list:
dist: 1.798036599308873 vs. 1.798036599308873
--------
nle(id0,id1,dist): 32 40 1.4759694276768744
list:
dist: 1.4759694276768744 vs. 1.4759694276768744
--------
nle(id0,id1,dist): 32 39 1.8053537535817687
list:
dist: 1.8053537535817687 vs. 1.8053537535817687
--------
nle(id0,id1,dist): 32 34 1.1210535628443643
list:
dist: 1.1210535628443643 vs. 1.1210535628443643
--------
nle(id0,id1,dist): 32 33 1.3698316156456753
list:
dist: 1.3698316156456753 vs. 1.3698316156456753
--------
nle(id0,id1,dist): 32 36 0.7415017339864749
list:
dist: 0.7415017339864749 vs. 0.7415017339864749
--------
nle(id0,id1,dist): 32 35 1.6318739012096184
list:
dist: 1.6318739012096184 vs. 1.6318739012096184
--------
nle(id0,id1,dist): 32 46 1.5728042720128126
list:
dist: 1.5728042720128126 vs. 1.5728042720128126
--------
nle(id0,id1,dist): 32 45 1.6731566671997329
list:
dist: 1.6731566671997329 vs. 1.6731566671997329
--------
nle(id0,id1,dist): 32 48 2.162634046931863
list:
dist: 2.162634046931863 vs. 2.162634046931863
--------
nle(id0,id1,dist): 32 47 2.6336068804417287
list:
dist: 2.6336068804417287 vs. 2.6336068804417287
--------
nle(id0,id1,dist): 32 42 1.3673165865594554
list:
dist: 1.3673165865594554 vs. 1.3673165865594554
--------
nle(id0,id1,dist): 32 41 1.207462236439238
list:
dist: 1.207462236439238 vs. 1.207462236439238
--------
nle(id0,id1,dist): 32 44 2.0312367407602325
list:
dist: 2.0312367407602325 vs. 2.0312367407602325
--------
nle(id0,id1,dist): 32 43 2.019809725182282
list:
dist: 2.019809725182282 vs. 2.019809725182282
--------
nle(id0,id1,dist): 31 54 3.121338506907237
list:
dist: 3.121338506907237 vs. 3.121338506907237
--------
nle(id0,id1,dist): 31 57 3.153491219224817
list:
dist: 3.153491219224817 vs. 3.153491219224817
--------
nle(id0,id1,dist): 31 62 4.523618432659526
list:
dist: 4.523618432659526 vs. 4.523618432659526
--------
nle(id0,id1,dist): 31 45 1.7021288571562052
list:
dist: 1.7021288571562052 vs. 1.7021288571562052
--------
nle(id0,id1,dist): 31 44 2.1284489266484656
list:
dist: 2.1284489266484656 vs. 2.1284489266484656
--------
nle(id0,id1,dist): 31 43 1.99055144172016
list:
dist: 1.99055144172016 vs. 1.99055144172016
--------
nle(id0,id1,dist): 31 42 1.1517046825826756
list:
dist: 1.1517046825826756 vs. 1.1517046825826756
--------
nle(id0,id1,dist): 31 41 0.5233755416630217
list:
dist: 0.5233755416630217 vs. 0.5233755416630217
--------
nle(id0,id1,dist): 31 40 1.5267957910246546
list:
dist: 1.5267957910246546 vs. 1.5267957910246546
--------
nle(id0,id1,dist): 31 39 2.6840351563359457
list:
dist: 2.6840351563359457 vs. 2.6840351563359457
--------
nle(id0,id1,dist): 31 38 1.5380429638298614
list:
dist: 1.5380429638298614 vs. 1.5380429638298614
--------
nle(id0,id1,dist): 31 53 2.498653825827495
list:
dist: 2.498653825827495 vs. 2.498653825827495
--------
nle(id0,id1,dist): 31 51 2.3524594343380865
list:
dist: 2.3524594343380865 vs. 2.3524594343380865
--------
nle(id0,id1,dist): 31 49 2.448725045660889
list:
dist: 2.448725045660889 vs. 2.448725045660889
--------
nle(id0,id1,dist): 31 48 2.858525383136181
list:
dist: 2.858525383136181 vs. 2.858525383136181
--------
nle(id0,id1,dist): 31 47 2.571408967046121
list:
dist: 2.571408967046121 vs. 2.571408967046121
--------
nle(id0,id1,dist): 31 46 2.2435034581052564
list:
dist: 2.2435034581052564 vs. 2.2435034581052564
--------
nle(id0,id1,dist): 31 36 1.3842243414346653
list:
dist: 1.3842243414346653 vs. 1.3842243414346653
--------
nle(id0,id1,dist): 31 37 1.9435033297674995
list:
dist: 1.9435033297674995 vs. 1.9435033297674995
--------
nle(id0,id1,dist): 31 34 1.1345915348322055
list:
dist: 1.1345915348322055 vs. 1.1345915348322055
--------
nle(id0,id1,dist): 31 35 2.2228708371753694
list:
dist: 2.2228708371753694 vs. 2.2228708371753694
--------
nle(id0,id1,dist): 31 32 1.1054515742392
list:
dist: 1.1054515742392 vs. 1.1054515742392
--------
nle(id0,id1,dist): 31 33 0.9450632223265631
list:
dist: 0.9450632223265631 vs. 0.9450632223265631
--------
nle(id0,id1,dist): 43 71 4.1038986720680715
list:
dist: 4.1038986720680715 vs. 4.1038986720680715
--------
nle(id0,id1,dist): 43 70 4.208288695031399
list:
dist: 4.208288695031399 vs. 4.208288695031399
--------
nle(id0,id1,dist): 43 59 2.791216586887645
list:
dist: 2.791216586887645 vs. 2.791216586887645
--------
nle(id0,id1,dist): 43 58 2.2615538562545354
list:
dist: 2.2615538562545354 vs. 2.2615538562545354
--------
nle(id0,id1,dist): 43 62 3.7275201288072575
list:
dist: 3.7275201288072575 vs. 3.7275201288072575
--------
nle(id0,id1,dist): 44 47 0.780722193435903
list:
dist: 0.780722193435903 vs. 0.780722193435903
--------
nle(id0,id1,dist): 44 48 1.806587197459163
list:
dist: 1.806587197459163 vs. 1.806587197459163
--------
nle(id0,id1,dist): 44 45 0.9650795620119859
list:
dist: 0.9650795620119859 vs. 0.9650795620119859
--------
nle(id0,id1,dist): 44 46 1.156032771316381
list:
dist: 1.156032771316381 vs. 1.156032771316381
--------
nle(id0,id1,dist): 44 51 0.850734467330513
list:
dist: 0.850734467330513 vs. 0.850734467330513
--------
nle(id0,id1,dist): 44 52 1.3567185361680218
list:
dist: 1.3567185361680218 vs. 1.3567185361680218
--------
nle(id0,id1,dist): 44 49 1.8439425778691252
list:
dist: 1.8439425778691252 vs. 1.8439425778691252
--------
nle(id0,id1,dist): 44 50 0.9393930813843141
list:
dist: 0.9393930813843141 vs. 0.9393930813843141
--------
nle(id0,id1,dist): 43 81 4.675654502174344
list:
dist: 4.675654502174344 vs. 4.675654502174344
--------
nle(id0,id1,dist): 43 50 1.5680633557310826
list:
dist: 1.5680633557310826 vs. 1.5680633557310826
--------
nle(id0,id1,dist): 43 51 1.1567208285590524
list:
dist: 1.1567208285590524 vs. 1.1567208285590524
--------
nle(id0,id1,dist): 43 52 1.652125571622187
list:
dist: 1.652125571622187 vs. 1.652125571622187
--------
nle(id0,id1,dist): 43 53 1.804356691288967
list:
dist: 1.804356691288967 vs. 1.804356691288967
--------
nle(id0,id1,dist): 43 54 1.4442585826717411
list:
dist: 1.4442585826717411 vs. 1.4442585826717411
--------
nle(id0,id1,dist): 43 55 2.550350016554896
list:
dist: 2.550350016554896 vs. 2.550350016554896
--------
nle(id0,id1,dist): 43 56 2.3363176786206994
list:
dist: 2.3363176786206994 vs. 2.3363176786206994
--------
nle(id0,id1,dist): 43 57 2.3856118446771335
list:
dist: 2.3856118446771335 vs. 2.3856118446771335
--------
nle(id0,id1,dist): 43 44 1.1254108175918114
list:
dist: 1.1254108175918114 vs. 1.1254108175918114
--------
nle(id0,id1,dist): 43 45 1.801755693134861
list:
dist: 1.801755693134861 vs. 1.801755693134861
--------
nle(id0,id1,dist): 43 46 1.7787003870657465
list:
dist: 1.7787003870657465 vs. 1.7787003870657465
--------
nle(id0,id1,dist): 43 47 1.7730384840007296
list:
dist: 1.7730384840007296 vs. 1.7730384840007296
--------
nle(id0,id1,dist): 42 46 1.6069310326575825
list:
dist: 1.6069310326575825 vs. 1.6069310326575825
--------
nle(id0,id1,dist): 42 45 0.6524807386330976
list:
dist: 0.6524807386330976 vs. 0.6524807386330976
--------
nle(id0,id1,dist): 42 44 1.4567132595408219
list:
dist: 1.4567132595408219 vs. 1.4567132595408219
--------
nle(id0,id1,dist): 42 43 1.9637091835920895
list:
dist: 1.9637091835920895 vs. 1.9637091835920895
--------
nle(id0,id1,dist): 42 62 4.5283372105898065
list:
dist: 4.5283372105898065 vs. 4.5283372105898065
--------
nle(id0,id1,dist): 42 57 2.21720994143855
list:
dist: 2.21720994143855 vs. 2.21720994143855
--------
nle(id0,id1,dist): 42 53 1.7130002272180997
list:
dist: 1.7130002272180997 vs. 1.7130002272180997
--------
nle(id0,id1,dist): 42 54 2.7788626047076286
list:
dist: 2.7788626047076286 vs. 2.7788626047076286
--------
nle(id0,id1,dist): 42 51 1.9011716526134066
list:
dist: 1.9011716526134066 vs. 1.9011716526134066
--------
nle(id0,id1,dist): 42 49 1.4429507431599968
list:
dist: 1.4429507431599968 vs. 1.4429507431599968
--------
nle(id0,id1,dist): 42 47 1.6847585554249904
list:
dist: 1.6847585554249904 vs. 1.6847585554249904
--------
nle(id0,id1,dist): 42 48 2.0016052117775858
list:
dist: 2.0016052117775858 vs. 2.0016052117775858
--------
nle(id0,id1,dist): 41 49 2.668152402851285
list:
dist: 2.668152402851285 vs. 2.668152402851285
--------
nle(id0,id1,dist): 41 48 2.9460163633863585
list:
dist: 2.9460163633863585 vs. 2.9460163633863585
--------
nle(id0,id1,dist): 41 51 2.137610988556662
list:
dist: 2.137610988556662 vs. 2.137610988556662
--------
nle(id0,id1,dist): 41 45 1.798840593098534
list:
dist: 1.798840593098534 vs. 1.798840593098534
--------
nle(id0,id1,dist): 41 44 1.9725157645633413
list:
dist: 1.9725157645633413 vs. 1.9725157645633413
--------
nle(id0,id1,dist): 40 81 4.868545037189443
list:
dist: 4.868545037189443 vs. 4.868545037189443
--------
nle(id0,id1,dist): 41 47 2.5000065229053
list:
dist: 2.5000065229053 vs. 2.5000065229053
--------
nle(id0,id1,dist): 41 46 2.2027579468991
list:
dist: 2.2027579468991 vs. 2.2027579468991
--------
nle(id0,id1,dist): 41 43 1.5861624906752951
list:
dist: 1.5861624906752951 vs. 1.5861624906752951
--------
nle(id0,id1,dist): 41 42 1.389573372816711
list:
dist: 1.389573372816711 vs. 1.389573372816711
--------
nle(id0,id1,dist): 41 62 4.305946022518501
list:
dist: 4.305946022518501 vs. 4.305946022518501
--------
nle(id0,id1,dist): 41 57 3.1304966430485766
list:
dist: 3.1304966430485766 vs. 3.1304966430485766
--------
nle(id0,id1,dist): 41 53 2.4448233883731314
list:
dist: 2.4448233883731314 vs. 2.4448233883731314
--------
nle(id0,id1,dist): 41 54 2.809791016510176
list:
dist: 2.809791016510176 vs. 2.809791016510176
--------
nle(id0,id1,dist): 40 43 0.6140545348471955
list:
dist: 0.6140545348471955 vs. 0.6140545348471955
--------
nle(id0,id1,dist): 40 44 0.8985163996569571
list:
dist: 0.8985163996569571 vs. 0.8985163996569571
--------
nle(id0,id1,dist): 39 81 4.537519471643718
list:
dist: 4.537519471643718 vs. 4.537519471643718
--------
nle(id0,id1,dist): 40 41 1.2256674217759664
list:
dist: 1.2256674217759664 vs. 1.2256674217759664
--------
nle(id0,id1,dist): 40 42 1.4012545789007076
list:
dist: 1.4012545789007076 vs. 1.4012545789007076
--------
nle(id0,id1,dist): 40 47 1.6086654375233376
list:
dist: 1.6086654375233376 vs. 1.6086654375233376
--------
nle(id0,id1,dist): 40 48 2.2220143544127584
list:
dist: 2.2220143544127584 vs. 2.2220143544127584
--------
nle(id0,id1,dist): 40 45 1.29394008986264
list:
dist: 1.29394008986264 vs. 1.29394008986264
--------
nle(id0,id1,dist): 40 46 1.3530517665681037
list:
dist: 1.3530517665681037 vs. 1.3530517665681037
--------
nle(id0,id1,dist): 40 51 0.9888890686794874
list:
dist: 0.9888890686794874 vs. 0.9888890686794874
--------
nle(id0,id1,dist): 40 52 1.922087192613803
list:
dist: 1.922087192613803 vs. 1.922087192613803
--------
nle(id0,id1,dist): 40 49 2.228900989335866
list:
dist: 2.228900989335866 vs. 2.228900989335866
--------
nle(id0,id1,dist): 40 50 1.6488182000092229
list:
dist: 1.6488182000092229 vs. 1.6488182000092229
--------
nle(id0,id1,dist): 40 55 2.404462019116192
list:
dist: 2.404462019116192 vs. 2.404462019116192
--------
nle(id0,id1,dist): 40 56 2.4399168279253214
list:
dist: 2.4399168279253214 vs. 2.4399168279253214
--------
nle(id0,id1,dist): 40 53 1.4625126845808814
list:
dist: 1.4625126845808814 vs. 1.4625126845808814
--------
nle(id0,id1,dist): 40 54 1.6398643880722623
list:
dist: 1.6398643880722623 vs. 1.6398643880722623
--------
nle(id0,id1,dist): 40 59 2.6167935770874826
list:
dist: 2.6167935770874826 vs. 2.6167935770874826
--------
nle(id0,id1,dist): 40 58 2.168832036299687
list:
dist: 2.168832036299687 vs. 2.168832036299687
--------
nle(id0,id1,dist): 40 57 2.127054895872821
list:
dist: 2.127054895872821 vs. 2.127054895872821
--------
nle(id0,id1,dist): 40 62 3.689113442532888
list:
dist: 3.689113442532888 vs. 3.689113442532888
--------
nle(id0,id1,dist): 40 71 4.225369341259407
list:
dist: 4.225369341259407 vs. 4.225369341259407
--------
nle(id0,id1,dist): 40 70 4.4288005792402805
list:
dist: 4.4288005792402805 vs. 4.4288005792402805
--------
nle(id0,id1,dist): 39 46 0.8503030124774578
list:
dist: 0.8503030124774578 vs. 0.8503030124774578
--------
nle(id0,id1,dist): 39 47 2.3853974349624574
list:
dist: 2.3853974349624574 vs. 2.3853974349624574
--------
nle(id0,id1,dist): 39 48 0.6176163981804366
list:
dist: 0.6176163981804366 vs. 0.6176163981804366
--------
nle(id0,id1,dist): 39 49 1.226020532392424
list:
dist: 1.226020532392424 vs. 1.226020532392424
--------
nle(id0,id1,dist): 39 50 2.3519958085556647
list:
dist: 2.3519958085556647 vs. 2.3519958085556647
--------
nle(id0,id1,dist): 39 51 1.59786855356684
list:
dist: 1.59786855356684 vs. 1.59786855356684
--------
nle(id0,id1,dist): 39 52 2.9355652084016164
list:
dist: 2.9355652084016164 vs. 2.9355652084016164
--------
nle(id0,id1,dist): 39 53 1.1327581821244248
list:
dist: 1.1327581821244248 vs. 1.1327581821244248
--------
nle(id0,id1,dist): 39 54 2.269433101510817
list:
dist: 2.269433101510817 vs. 2.269433101510817
--------
nle(id0,id1,dist): 39 55 2.215584787061794
list:
dist: 2.215584787061794 vs. 2.215584787061794
--------
nle(id0,id1,dist): 39 56 2.389615921709477
list:
dist: 2.389615921709477 vs. 2.389615921709477
--------
nle(id0,id1,dist): 39 57 1.497641025505856
list:
dist: 1.497641025505856 vs. 1.497641025505856
--------
nle(id0,id1,dist): 39 58 1.7824943284491626
list:
dist: 1.7824943284491626 vs. 1.7824943284491626
--------
nle(id0,id1,dist): 39 59 1.5045783887824278
list:
dist: 1.5045783887824278 vs. 1.5045783887824278
--------
nle(id0,id1,dist): 39 62 3.047296796264753
list:
dist: 3.047296796264753 vs. 3.047296796264753
--------
nle(id0,id1,dist): 39 71 3.690141662386129
list:
dist: 3.690141662386129 vs. 3.690141662386129
--------
nle(id0,id1,dist): 39 70 4.355820809848508
list:
dist: 4.355820809848508 vs. 4.355820809848508
--------
nle(id0,id1,dist): 38 57 1.8479214932264665
list:
dist: 1.8479214932264665 vs. 1.8479214932264665
--------
nle(id0,id1,dist): 38 58 2.2413739307036664
list:
dist: 2.2413739307036664 vs. 2.2413739307036664
--------
nle(id0,id1,dist): 38 55 2.378473852608486
list:
dist: 2.378473852608486 vs. 2.378473852608486
--------
nle(id0,id1,dist): 38 56 2.8404620687631956
list:
dist: 2.8404620687631956 vs. 2.8404620687631956
--------
nle(id0,id1,dist): 38 53 1.2326622997616876
list:
dist: 1.2326622997616876 vs. 1.2326622997616876
--------
nle(id0,id1,dist): 38 54 2.3870372677501
list:
dist: 2.3870372677501 vs. 2.3870372677501
--------
nle(id0,id1,dist): 38 51 1.4871833784573891
list:
dist: 1.4871833784573891 vs. 1.4871833784573891
--------
nle(id0,id1,dist): 38 52 2.782618716631664
list:
dist: 2.782618716631664 vs. 2.782618716631664
--------
nle(id0,id1,dist): 38 62 3.7170438493049023
list:
dist: 3.7170438493049023 vs. 3.7170438493049023
--------
nle(id0,id1,dist): 38 59 2.3706581424711857
list:
dist: 2.3706581424711857 vs. 2.3706581424711857
--------
nle(id0,id1,dist): 38 71 4.4785110558811985
list:
dist: 4.4785110558811985 vs. 4.4785110558811985
--------
nle(id0,id1,dist): 38 70 4.921268963036489
list:
dist: 4.921268963036489 vs. 4.921268963036489
--------
nle(id0,id1,dist): 39 45 1.7664560231833477
list:
dist: 1.7664560231833477 vs. 1.7664560231833477
--------
nle(id0,id1,dist): 39 44 1.9725829488477733
list:
dist: 1.9725829488477733 vs. 1.9725829488477733
--------
nle(id0,id1,dist): 38 81 5.251079031868974
list:
dist: 5.251079031868974 vs. 5.251079031868974
--------
nle(id0,id1,dist): 39 43 2.5981006172246652
list:
dist: 2.5981006172246652 vs. 2.5981006172246652
--------
nle(id0,id1,dist): 39 42 2.049328155253171
list:
dist: 2.049328155253171 vs. 2.049328155253171
--------
nle(id0,id1,dist): 39 41 2.755822451983032
list:
dist: 2.755822451983032 vs. 2.755822451983032
--------
nle(id0,id1,dist): 39 40 2.1382683406457756
list:
dist: 2.1382683406457756 vs. 2.1382683406457756
--------
nle(id0,id1,dist): 37 57 2.326686857958318
list:
dist: 2.326686857958318 vs. 2.326686857958318
--------
nle(id0,id1,dist): 38 40 1.393142636184499
list:
dist: 1.393142636184499 vs. 1.393142636184499
--------
nle(id0,id1,dist): 38 39 1.1917885887134152
list:
dist: 1.1917885887134152 vs. 1.1917885887134152
--------
nle(id0,id1,dist): 38 42 0.9185615236719173
list:
dist: 0.9185615236719173 vs. 0.9185615236719173
--------
nle(id0,id1,dist): 38 41 1.6845549018067403
list:
dist: 1.6845549018067403 vs. 1.6845549018067403
--------
nle(id0,id1,dist): 38 48 1.3323982020176495
list:
dist: 1.3323982020176495 vs. 1.3323982020176495
--------
nle(id0,id1,dist): 38 47 1.927978189583474
list:
dist: 1.927978189583474 vs. 1.927978189583474
--------
nle(id0,id1,dist): 38 50 2.2670007464972004
list:
dist: 2.2670007464972004 vs. 2.2670007464972004
--------
nle(id0,id1,dist): 38 49 1.0961866695970008
list:
dist: 1.0961866695970008 vs. 1.0961866695970008
--------
nle(id0,id1,dist): 38 44 1.473992617009752
list:
dist: 1.473992617009752 vs. 1.473992617009752
--------
nle(id0,id1,dist): 38 43 1.9912916883824159
list:
dist: 1.9912916883824159 vs. 1.9912916883824159
--------
nle(id0,id1,dist): 38 46 0.9222818977674663
list:
dist: 0.9222818977674663 vs. 0.9222818977674663
--------
nle(id0,id1,dist): 38 45 0.9201788667811696
list:
dist: 0.9201788667811696 vs. 0.9201788667811696
--------
nle(id0,id1,dist): 23 28 0.7014188176282081
list:
dist: 0.7014188176282081 vs. 0.7014188176282081
--------
nle(id0,id1,dist): 23 29 2.258714011660204
list:
dist: 2.258714011660204 vs. 2.258714011660204
--------
nle(id0,id1,dist): 23 26 1.87699810240559
list:
dist: 1.87699810240559 vs. 1.87699810240559
--------
nle(id0,id1,dist): 23 27 1.4505198699480752
list:
dist: 1.4505198699480752 vs. 1.4505198699480752
--------
nle(id0,id1,dist): 23 24 1.6036002467108483
list:
dist: 1.6036002467108483 vs. 1.6036002467108483
--------
nle(id0,id1,dist): 23 25 1.3883424942973632
list:
dist: 1.3883424942973632 vs. 1.3883424942973632
--------
nle(id0,id1,dist): 22 57 4.754530566023457
list:
dist: 4.754530566023457 vs. 4.754530566023457
--------
nle(id0,id1,dist): 22 53 4.255150158204904
list:
dist: 4.255150158204904 vs. 4.255150158204904
--------
nle(id0,id1,dist): 22 54 3.7814078172300833
list:
dist: 3.7814078172300833 vs. 3.7814078172300833
--------
nle(id0,id1,dist): 22 51 3.690624772019059
list:
dist: 3.690624772019059 vs. 3.690624772019059
--------
nle(id0,id1,dist): 22 47 3.65208690251226
list:
dist: 3.65208690251226 vs. 3.65208690251226
--------
nle(id0,id1,dist): 22 46 4.243683070693548
list:
dist: 4.243683070693548 vs. 4.243683070693548
--------
nle(id0,id1,dist): 22 45 3.7891933523280885
list:
dist: 3.7891933523280885 vs. 3.7891933523280885
--------
nle(id0,id1,dist): 22 44 3.3831872373068617
list:
dist: 3.3831872373068617 vs. 3.3831872373068617
--------
nle(id0,id1,dist): 22 43 2.537758567528428
list:
dist: 2.537758567528428 vs. 2.537758567528428
--------
nle(id0,id1,dist): 22 42 3.660337615163248
list:
dist: 3.660337615163248 vs. 3.660337615163248
--------
nle(id0,id1,dist): 22 41 2.74316314891172
list:
dist: 2.74316314891172 vs. 2.74316314891172
--------
nle(id0,id1,dist): 22 40 2.8998563623389417
list:
dist: 2.8998563623389417 vs. 2.8998563623389417
--------
nle(id0,id1,dist): 22 39 5.036545686909687
list:
dist: 5.036545686909687 vs. 5.036545686909687
--------
nle(id0,id1,dist): 22 38 4.13627363508788
list:
dist: 4.13627363508788 vs. 4.13627363508788
--------
nle(id0,id1,dist): 22 36 3.5689170588386863
list:
dist: 3.5689170588386863 vs. 3.5689170588386863
--------
nle(id0,id1,dist): 22 35 4.652977980853288
list:
dist: 4.652977980853288 vs. 4.652977980853288
--------
nle(id0,id1,dist): 23 54 4.280288603662777
list:
dist: 4.280288603662777 vs. 4.280288603662777
--------
nle(id0,id1,dist): 23 57 4.70229447113752
list:
dist: 4.70229447113752 vs. 4.70229447113752
--------
nle(id0,id1,dist): 23 51 3.797774839973943
list:
dist: 3.797774839973943 vs. 3.797774839973943
--------
nle(id0,id1,dist): 23 53 4.139389438309153
list:
dist: 4.139389438309153 vs. 4.139389438309153
--------
nle(id0,id1,dist): 23 46 4.033141512174138
list:
dist: 4.033141512174138 vs. 4.033141512174138
--------
nle(id0,id1,dist): 23 47 3.6072523043915825
list:
dist: 3.6072523043915825 vs. 3.6072523043915825
--------
nle(id0,id1,dist): 23 43 2.836178762934595
list:
dist: 2.836178762934595 vs. 2.836178762934595
--------
nle(id0,id1,dist): 23 42 2.878473083289159
list:
dist: 2.878473083289159 vs. 2.878473083289159
--------
nle(id0,id1,dist): 23 45 3.286984776546028
list:
dist: 3.286984776546028 vs. 3.286984776546028
--------
nle(id0,id1,dist): 23 44 3.3721677444719247
list:
dist: 3.3721677444719247 vs. 3.3721677444719247
--------
nle(id0,id1,dist): 23 39 4.673011677327302
list:
dist: 4.673011677327302 vs. 4.673011677327302
--------
nle(id0,id1,dist): 23 38 3.5409557821696693
list:
dist: 3.5409557821696693 vs. 3.5409557821696693
--------
nle(id0,id1,dist): 23 41 1.9961530268562109
list:
dist: 1.9961530268562109 vs. 1.9961530268562109
--------
nle(id0,id1,dist): 23 40 2.8152983217575493
list:
dist: 2.8152983217575493 vs. 2.8152983217575493
--------
nle(id0,id1,dist): 23 35 4.149887049449844
list:
dist: 4.149887049449844 vs. 4.149887049449844
--------
nle(id0,id1,dist): 23 34 2.7184040514626524
list:
dist: 2.7184040514626524 vs. 2.7184040514626524
--------
nle(id0,id1,dist): 23 36 3.2092272180769648
list:
dist: 3.2092272180769648 vs. 3.2092272180769648
--------
nle(id0,id1,dist): 23 31 2.1467902534564263
list:
dist: 2.1467902534564263 vs. 2.1467902534564263
--------
nle(id0,id1,dist): 23 30 1.882362665885177
list:
dist: 1.882362665885177 vs. 1.882362665885177
--------
nle(id0,id1,dist): 23 33 2.0727504868450075
list:
dist: 2.0727504868450075 vs. 2.0727504868450075
--------
nle(id0,id1,dist): 23 32 3.1743158550777837
list:
dist: 3.1743158550777837 vs. 3.1743158550777837
--------
nle(id0,id1,dist): 21 34 1.924339399147343
list:
dist: 1.924339399147343 vs. 1.924339399147343
--------
nle(id0,id1,dist): 21 35 3.4408377552144205
list:
dist: 3.4408377552144205 vs. 3.4408377552144205
--------
nle(id0,id1,dist): 21 32 2.7261116402246763
list:
dist: 2.7261116402246763 vs. 2.7261116402246763
--------
nle(id0,id1,dist): 21 33 1.4109721879220103
list:
dist: 1.4109721879220103 vs. 1.4109721879220103
--------
nle(id0,id1,dist): 21 38 2.910303607618934
list:
dist: 2.910303607618934 vs. 2.910303607618934
--------
nle(id0,id1,dist): 21 39 3.921362915078995
list:
dist: 3.921362915078995 vs. 3.921362915078995
--------
nle(id0,id1,dist): 21 36 2.48861412774548
list:
dist: 2.48861412774548 vs. 2.48861412774548
--------
nle(id0,id1,dist): 21 26 0.9658855307083296
list:
dist: 0.9658855307083296 vs. 0.9658855307083296
--------
nle(id0,id1,dist): 21 27 0.2516393535419496
list:
dist: 0.2516393535419496 vs. 0.2516393535419496
--------
nle(id0,id1,dist): 21 24 1.485090859437839
list:
dist: 1.485090859437839 vs. 1.485090859437839
--------
nle(id0,id1,dist): 21 25 0.9603331696979476
list:
dist: 0.9603331696979476 vs. 0.9603331696979476
--------
nle(id0,id1,dist): 21 30 2.222871396575249
list:
dist: 2.222871396575249 vs. 2.222871396575249
--------
nle(id0,id1,dist): 21 31 1.9122394595481789
list:
dist: 1.9122394595481789 vs. 1.9122394595481789
--------
nle(id0,id1,dist): 21 28 0.6379079047718229
list:
dist: 0.6379079047718229 vs. 0.6379079047718229
--------
nle(id0,id1,dist): 21 29 1.3248046324009581
list:
dist: 1.3248046324009581 vs. 1.3248046324009581
--------
nle(id0,id1,dist): 21 23 1.2234316683986248
list:
dist: 1.2234316683986248 vs. 1.2234316683986248
--------
nle(id0,id1,dist): 21 22 1.3499385998959723
list:
dist: 1.3499385998959723 vs. 1.3499385998959723
--------
nle(id0,id1,dist): 20 47 4.109428392414511
list:
dist: 4.109428392414511 vs. 4.109428392414511
--------
nle(id0,id1,dist): 22 27 1.339482055050971
list:
dist: 1.339482055050971 vs. 1.339482055050971
--------
nle(id0,id1,dist): 22 28 1.694058699945635
list:
dist: 1.694058699945635 vs. 1.694058699945635
--------
nle(id0,id1,dist): 22 29 1.3310416248091326
list:
dist: 1.3310416248091326 vs. 1.3310416248091326
--------
nle(id0,id1,dist): 22 30 3.4282194464633604
list:
dist: 3.4282194464633604 vs. 3.4282194464633604
--------
nle(id0,id1,dist): 22 31 3.1531101979100375
list:
dist: 3.1531101979100375 vs. 3.1531101979100375
--------
nle(id0,id1,dist): 22 32 3.8673528097447942
list:
dist: 3.8673528097447942 vs. 3.8673528097447942
--------
nle(id0,id1,dist): 22 33 2.4990633491363883
list:
dist: 2.4990633491363883 vs. 2.4990633491363883
--------
nle(id0,id1,dist): 22 34 3.0921131316266397
list:
dist: 3.0921131316266397 vs. 3.0921131316266397
--------
nle(id0,id1,dist): 21 57 3.7294955739689435
list:
dist: 3.7294955739689435 vs. 3.7294955739689435
--------
nle(id0,id1,dist): 22 23 1.8112764089404403
list:
dist: 1.8112764089404403 vs. 1.8112764089404403
--------
nle(id0,id1,dist): 22 24 1.2501511010829331
list:
dist: 1.2501511010829331 vs. 1.2501511010829331
--------
nle(id0,id1,dist): 22 25 0.7598119879897406
list:
dist: 0.7598119879897406 vs. 0.7598119879897406
--------
nle(id0,id1,dist): 22 26 1.1250583369359088
list:
dist: 1.1250583369359088 vs. 1.1250583369359088
--------
nle(id0,id1,dist): 21 51 2.7812281852161873
list:
dist: 2.7812281852161873 vs. 2.7812281852161873
--------
nle(id0,id1,dist): 21 53 3.2009502742440854
list:
dist: 3.2009502742440854 vs. 3.2009502742440854
--------
nle(id0,id1,dist): 21 54 3.1612338080811657
list:
dist: 3.1612338080811657 vs. 3.1612338080811657
--------
nle(id0,id1,dist): 21 41 1.5747791573789847
list:
dist: 1.5747791573789847 vs. 1.5747791573789847
--------
nle(id0,id1,dist): 21 40 1.861119720599936
list:
dist: 1.861119720599936 vs. 1.861119720599936
--------
nle(id0,id1,dist): 21 43 1.7369683659452448
list:
dist: 1.7369683659452448 vs. 1.7369683659452448
--------
nle(id0,id1,dist): 21 42 2.338938564961039
list:
dist: 2.338938564961039 vs. 2.338938564961039
--------
nle(id0,id1,dist): 21 45 2.537371206202112
list:
dist: 2.537371206202112 vs. 2.537371206202112
--------
nle(id0,id1,dist): 21 44 2.3466594914274603
list:
dist: 2.3466594914274603 vs. 2.3466594914274603
--------
nle(id0,id1,dist): 21 47 2.6146272948419194
list:
dist: 2.6146272948419194 vs. 2.6146272948419194
--------
nle(id0,id1,dist): 21 46 3.168774564545253
list:
dist: 3.168774564545253 vs. 3.168774564545253
--------
nle(id0,id1,dist): 19 41 2.163995506609409
list:
dist: 2.163995506609409 vs. 2.163995506609409
--------
nle(id0,id1,dist): 19 40 2.8806970856612817
list:
dist: 2.8806970856612817 vs. 2.8806970856612817
--------
nle(id0,id1,dist): 19 39 4.855514376202192
list:
dist: 4.855514376202192 vs. 4.855514376202192
--------
nle(id0,id1,dist): 19 38 3.8083292829772812
list:
dist: 3.8083292829772812 vs. 3.8083292829772812
--------
nle(id0,id1,dist): 19 36 3.298544720133489
list:
dist: 3.298544720133489 vs. 3.298544720133489
--------
nle(id0,id1,dist): 19 35 4.441546590824771
list:
dist: 4.441546590824771 vs. 4.441546590824771
--------
nle(id0,id1,dist): 19 34 2.8822010342368882
list:
dist: 2.8822010342368882 vs. 2.8822010342368882
--------
nle(id0,id1,dist): 19 47 3.8934092009271586
list:
dist: 3.8934092009271586 vs. 3.8934092009271586
--------
nle(id0,id1,dist): 19 46 4.182106916384204
list:
dist: 4.182106916384204 vs. 4.182106916384204
--------
nle(id0,id1,dist): 19 45 3.640334393904818
list:
dist: 3.640334393904818 vs. 3.640334393904818
--------
nle(id0,id1,dist): 19 44 3.5452076364994674
list:
dist: 3.5452076364994674 vs. 3.5452076364994674
--------
nle(id0,id1,dist): 19 43 2.769187738747123
list:
dist: 2.769187738747123 vs. 2.769187738747123
--------
nle(id0,id1,dist): 19 42 3.2913159103864236
list:
dist: 3.2913159103864236 vs. 3.2913159103864236
--------
nle(id0,id1,dist): 19 24 1.7008385019999002
list:
dist: 1.7008385019999002 vs. 1.7008385019999002
--------
nle(id0,id1,dist): 19 25 1.3035880451014816
list:
dist: 1.3035880451014816 vs. 1.3035880451014816
--------
nle(id0,id1,dist): 19 22 1.3426574393767263
list:
dist: 1.3426574393767263 vs. 1.3426574393767263
--------
nle(id0,id1,dist): 19 23 0.8240329857480682
list:
dist: 0.8240329857480682 vs. 0.8240329857480682
--------
nle(id0,id1,dist): 18 57 5.279946752602499
list:
dist: 5.279946752602499 vs. 5.279946752602499
--------
nle(id0,id1,dist): 19 20 1.1012430738834256
list:
dist: 1.1012430738834256 vs. 1.1012430738834256
--------
nle(id0,id1,dist): 19 21 1.3088282434809326
list:
dist: 1.3088282434809326 vs. 1.3088282434809326
--------
nle(id0,id1,dist): 19 32 3.3338518548033886
list:
dist: 3.3338518548033886 vs. 3.3338518548033886
--------
nle(id0,id1,dist): 19 33 2.1181634698156317
list:
dist: 2.1181634698156317 vs. 2.1181634698156317
--------
nle(id0,id1,dist): 19 30 2.5058844139870193
list:
dist: 2.5058844139870193 vs. 2.5058844139870193
--------
nle(id0,id1,dist): 19 31 2.4638587635906792
list:
dist: 2.4638587635906792 vs. 2.4638587635906792
--------
nle(id0,id1,dist): 19 28 1.1633962091841101
list:
dist: 1.1633962091841101 vs. 1.1633962091841101
--------
nle(id0,id1,dist): 19 29 1.8256970248089386
list:
dist: 1.8256970248089386 vs. 1.8256970248089386
--------
nle(id0,id1,dist): 19 26 1.8748193239806004
list:
dist: 1.8748193239806004 vs. 1.8748193239806004
--------
nle(id0,id1,dist): 19 27 1.4418160758681682
list:
dist: 1.4418160758681682 vs. 1.4418160758681682
--------
nle(id0,id1,dist): 20 30 2.21551016167978
list:
dist: 2.21551016167978 vs. 2.21551016167978
--------
nle(id0,id1,dist): 20 29 2.746265505889942
list:
dist: 2.746265505889942 vs. 2.746265505889942
--------
nle(id0,id1,dist): 19 54 4.173511151616092
list:
dist: 4.173511151616092 vs. 4.173511151616092
--------
nle(id0,id1,dist): 19 57 4.917643086144144
list:
dist: 4.917643086144144 vs. 4.917643086144144
--------
nle(id0,id1,dist): 19 51 3.8323716393416984
list:
dist: 3.8323716393416984 vs. 3.8323716393416984
--------
nle(id0,id1,dist): 19 53 4.312513819905141
list:
dist: 4.312513819905141 vs. 4.312513819905141
--------
nle(id0,id1,dist): 20 25 1.6296488726822462
list:
dist: 1.6296488726822462 vs. 1.6296488726822462
--------
nle(id0,id1,dist): 20 26 2.2134515358773488
list:
dist: 2.2134515358773488 vs. 2.2134515358773488
--------
nle(id0,id1,dist): 20 27 1.976604050316011
list:
dist: 1.976604050316011 vs. 1.976604050316011
--------
nle(id0,id1,dist): 20 28 1.231793998064125
list:
dist: 1.231793998064125 vs. 1.231793998064125
--------
nle(id0,id1,dist): 20 21 1.7433716945339781
list:
dist: 1.7433716945339781 vs. 1.7433716945339781
--------
nle(id0,id1,dist): 20 22 2.05280327476239
list:
dist: 2.05280327476239 vs. 2.05280327476239
--------
nle(id0,id1,dist): 20 23 0.5976739601082637
list:
dist: 0.5976739601082637 vs. 0.5976739601082637
--------
nle(id0,id1,dist): 20 24 1.6365912365468487
list:
dist: 1.6365912365468487 vs. 1.6365912365468487
--------
nle(id0,id1,dist): 17 54 4.366562149690076
list:
dist: 4.366562149690076 vs. 4.366562149690076
--------
nle(id0,id1,dist): 18 22 1.9521716741158093
list:
dist: 1.9521716741158093 vs. 1.9521716741158093
--------
nle(id0,id1,dist): 18 21 1.755313025634311
list:
dist: 1.755313025634311 vs. 1.755313025634311
--------
nle(id0,id1,dist): 18 20 0.6693796583866192
list:
dist: 0.6693796583866192 vs. 0.6693796583866192
--------
nle(id0,id1,dist): 18 19 0.6926147799051902
list:
dist: 0.6926147799051902 vs. 0.6926147799051902
--------
nle(id0,id1,dist): 17 28 2.610181296431397
list:
dist: 2.610181296431397 vs. 2.610181296431397
--------
nle(id0,id1,dist): 17 29 1.8404890192605925
list:
dist: 1.8404890192605925 vs. 1.8404890192605925
--------
nle(id0,id1,dist): 17 43 3.2477244927390787
list:
dist: 3.2477244927390787 vs. 3.2477244927390787
--------
nle(id0,id1,dist): 18 40 3.2942254440303835
list:
dist: 3.2942254440303835 vs. 3.2942254440303835
--------
nle(id0,id1,dist): 18 39 5.140286018577231
list:
dist: 5.140286018577231 vs. 5.140286018577231
--------
nle(id0,id1,dist): 18 42 3.44361959460413
list:
dist: 3.44361959460413 vs. 3.44361959460413
--------
nle(id0,id1,dist): 18 41 2.3917424065468946
list:
dist: 2.3917424065468946 vs. 2.3917424065468946
--------
nle(id0,id1,dist): 18 44 3.941056987449473
list:
dist: 3.941056987449473 vs. 3.941056987449473
--------
nle(id0,id1,dist): 18 43 3.2832744365933766
list:
dist: 3.2832744365933766 vs. 3.2832744365933766
--------
nle(id0,id1,dist): 18 46 4.5260072583746
list:
dist: 4.5260072583746 vs. 4.5260072583746
--------
nle(id0,id1,dist): 18 45 3.879741945495416
list:
dist: 3.879741945495416 vs. 3.879741945495416
--------
nle(id0,id1,dist): 18 47 4.242987793355498
list:
dist: 4.242987793355498 vs. 4.242987793355498
--------
nle(id0,id1,dist): 18 51 4.275494978642237
list:
dist: 4.275494978642237 vs. 4.275494978642237
--------
nle(id0,id1,dist): 18 54 4.7111240073726295
list:
dist: 4.7111240073726295 vs. 4.7111240073726295
--------
nle(id0,id1,dist): 18 53 4.675676939183409
list:
dist: 4.675676939183409 vs. 4.675676939183409
--------
nle(id0,id1,dist): 18 23 0.6996601179454844
list:
dist: 0.6996601179454844 vs. 0.6996601179454844
--------
nle(id0,id1,dist): 18 24 1.9632579161395045
list:
dist: 1.9632579161395045 vs. 1.9632579161395045
--------
nle(id0,id1,dist): 18 25 1.7561415557688984
list:
dist: 1.7561415557688984 vs. 1.7561415557688984
--------
nle(id0,id1,dist): 18 26 2.3593572809989296
list:
dist: 2.3593572809989296 vs. 2.3593572809989296
--------
nle(id0,id1,dist): 18 27 1.9429252211413677
list:
dist: 1.9429252211413677 vs. 1.9429252211413677
--------
nle(id0,id1,dist): 18 28 1.3559116927430197
list:
dist: 1.3559116927430197 vs. 1.3559116927430197
--------
nle(id0,id1,dist): 18 29 2.4903006528953684
list:
dist: 2.4903006528953684 vs. 2.4903006528953684
--------
nle(id0,id1,dist): 18 30 2.3016231406225023
list:
dist: 2.3016231406225023 vs. 2.3016231406225023
--------
nle(id0,id1,dist): 18 31 2.5634226928340103
list:
dist: 2.5634226928340103 vs. 2.5634226928340103
--------
nle(id0,id1,dist): 18 32 3.528943121777282
list:
dist: 3.528943121777282 vs. 3.528943121777282
--------
nle(id0,id1,dist): 18 33 2.4674783657303747
list:
dist: 2.4674783657303747 vs. 2.4674783657303747
--------
nle(id0,id1,dist): 18 34 3.208004397829757
list:
dist: 3.208004397829757 vs. 3.208004397829757
--------
nle(id0,id1,dist): 18 35 4.677354195920652
list:
dist: 4.677354195920652 vs. 4.677354195920652
--------
nle(id0,id1,dist): 18 36 3.6198422435716693
list:
dist: 3.6198422435716693 vs. 3.6198422435716693
--------
nle(id0,id1,dist): 18 38 4.028576115363416
list:
dist: 4.028576115363416 vs. 4.028576115363416
--------
nle(id0,id1,dist): 29 45 3.0334226565875504
list:
dist: 3.0334226565875504 vs. 3.0334226565875504
--------
nle(id0,id1,dist): 29 44 2.488490211143669
list:
dist: 2.488490211143669 vs. 2.488490211143669
--------
nle(id0,id1,dist): 29 47 2.978751137242103
list:
dist: 2.978751137242103 vs. 2.978751137242103
--------
nle(id0,id1,dist): 29 46 3.1691618503158394
list:
dist: 3.1691618503158394 vs. 3.1691618503158394
--------
nle(id0,id1,dist): 29 41 2.024762506564015
list:
dist: 2.024762506564015 vs. 2.024762506564015
--------
nle(id0,id1,dist): 29 40 1.876730112870494
list:
dist: 1.876730112870494 vs. 1.876730112870494
--------
nle(id0,id1,dist): 29 43 1.4314891939832208
list:
dist: 1.4314891939832208 vs. 1.4314891939832208
--------
nle(id0,id1,dist): 29 42 2.990605845544874
list:
dist: 2.990605845544874 vs. 2.990605845544874
--------
nle(id0,id1,dist): 29 36 2.501632665495439
list:
dist: 2.501632665495439 vs. 2.501632665495439
--------
nle(id0,id1,dist): 29 39 3.947015632129147
list:
dist: 3.947015632129147 vs. 3.947015632129147
--------
nle(id0,id1,dist): 29 38 3.2087361711458544
list:
dist: 3.2087361711458544 vs. 3.2087361711458544
--------
nle(id0,id1,dist): 29 33 1.6418527370861917
list:
dist: 1.6418527370861917 vs. 1.6418527370861917
--------
nle(id0,id1,dist): 29 32 2.9152083861068507
list:
dist: 2.9152083861068507 vs. 2.9152083861068507
--------
nle(id0,id1,dist): 29 35 3.712786420768992
list:
dist: 3.712786420768992 vs. 3.712786420768992
--------
nle(id0,id1,dist): 29 34 2.1666678107832844
list:
dist: 2.1666678107832844 vs. 2.1666678107832844
--------
nle(id0,id1,dist): 29 56 3.5331033078268543
list:
dist: 3.5331033078268543 vs. 3.5331033078268543
--------
nle(id0,id1,dist): 29 57 3.8022611373254236
list:
dist: 3.8022611373254236 vs. 3.8022611373254236
--------
nle(id0,id1,dist): 29 58 3.627962893722182
list:
dist: 3.627962893722182 vs. 3.627962893722182
--------
nle(id0,id1,dist): 29 59 4.162543256323393
list:
dist: 4.162543256323393 vs. 4.162543256323393
--------
nle(id0,id1,dist): 29 52 2.6645232931262552
list:
dist: 2.6645232931262552 vs. 2.6645232931262552
--------
nle(id0,id1,dist): 29 53 3.234062197811093
list:
dist: 3.234062197811093 vs. 3.234062197811093
--------
nle(id0,id1,dist): 29 54 2.589782887416111
list:
dist: 2.589782887416111 vs. 2.589782887416111
--------
nle(id0,id1,dist): 29 55 3.881166602003293
list:
dist: 3.881166602003293 vs. 3.881166602003293
--------
nle(id0,id1,dist): 29 50 2.825633547294945
list:
dist: 2.825633547294945 vs. 2.825633547294945
--------
nle(id0,id1,dist): 29 51 2.5594304290772216
list:
dist: 2.5594304290772216 vs. 2.5594304290772216
--------
nle(id0,id1,dist): 30 42 1.7664035993311613
list:
dist: 1.7664035993311613 vs. 1.7664035993311613
--------
nle(id0,id1,dist): 30 41 1.5556857045743286
list:
dist: 1.5556857045743286 vs. 1.5556857045743286
--------
nle(id0,id1,dist): 30 40 2.561548002783008
list:
dist: 2.561548002783008 vs. 2.561548002783008
--------
nle(id0,id1,dist): 30 39 3.621660605096806
list:
dist: 3.621660605096806 vs. 3.621660605096806
--------
nle(id0,id1,dist): 30 38 2.4451067213282514
list:
dist: 2.4451067213282514 vs. 2.4451067213282514
--------
nle(id0,id1,dist): 30 37 2.2897012556506326
list:
dist: 2.2897012556506326 vs. 2.2897012556506326
--------
nle(id0,id1,dist): 30 36 2.5312054443539647
list:
dist: 2.5312054443539647 vs. 2.5312054443539647
--------
nle(id0,id1,dist): 30 35 3.0229759051357843
list:
dist: 3.0229759051357843 vs. 3.0229759051357843
--------
nle(id0,id1,dist): 30 34 2.18526425042013
list:
dist: 2.18526425042013 vs. 2.18526425042013
--------
nle(id0,id1,dist): 30 33 1.9504078959870212
list:
dist: 1.9504078959870212 vs. 1.9504078959870212
--------
nle(id0,id1,dist): 30 32 2.173446474065705
list:
dist: 2.173446474065705 vs. 2.173446474065705
--------
nle(id0,id1,dist): 30 31 1.1810906664840581
list:
dist: 1.1810906664840581 vs. 1.1810906664840581
--------
nle(id0,id1,dist): 30 57 3.977414612551256
list:
dist: 3.977414612551256 vs. 3.977414612551256
--------
nle(id0,id1,dist): 30 53 3.4320729680543
list:
dist: 3.4320729680543 vs. 3.4320729680543
--------
nle(id0,id1,dist): 30 54 4.193187881583754
list:
dist: 4.193187881583754 vs. 4.193187881583754
--------
nle(id0,id1,dist): 30 51 3.4092643729494627
list:
dist: 3.4092643729494627 vs. 3.4092643729494627
--------
nle(id0,id1,dist): 30 49 3.0631083195653
list:
dist: 3.0631083195653 vs. 3.0631083195653
--------
nle(id0,id1,dist): 30 47 3.1947499805649664
list:
dist: 3.1947499805649664 vs. 3.1947499805649664
--------
nle(id0,id1,dist): 30 48 3.700211277412271
list:
dist: 3.700211277412271 vs. 3.700211277412271
--------
nle(id0,id1,dist): 30 45 2.3896335042210373
list:
dist: 2.3896335042210373 vs. 2.3896335042210373
--------
nle(id0,id1,dist): 30 46 3.248669513485558
list:
dist: 3.248669513485558 vs. 3.248669513485558
--------
nle(id0,id1,dist): 30 43 2.9664221378271
list:
dist: 2.9664221378271 vs. 2.9664221378271
--------
nle(id0,id1,dist): 30 44 2.989781558774348
list:
dist: 2.989781558774348 vs. 2.989781558774348
--------
nle(id0,id1,dist): 27 51 2.5950381448236595
list:
dist: 2.5950381448236595 vs. 2.5950381448236595
--------
nle(id0,id1,dist): 27 53 3.05482326699141
list:
dist: 3.05482326699141 vs. 3.05482326699141
--------
nle(id0,id1,dist): 27 54 2.9349096240187986
list:
dist: 2.9349096240187986 vs. 2.9349096240187986
--------
nle(id0,id1,dist): 27 57 3.588223878608512
list:
dist: 3.588223878608512 vs. 3.588223878608512
--------
nle(id0,id1,dist): 27 43 1.5187836089121498
list:
dist: 1.5187836089121498 vs. 1.5187836089121498
--------
nle(id0,id1,dist): 27 42 2.3216005383779703
list:
dist: 2.3216005383779703 vs. 2.3216005383779703
--------
nle(id0,id1,dist): 27 45 2.4717427103500973
list:
dist: 2.4717427103500973 vs. 2.4717427103500973
--------
nle(id0,id1,dist): 27 44 2.198253518391911
list:
dist: 2.198253518391911 vs. 2.198253518391911
--------
nle(id0,id1,dist): 27 47 2.507343355828639
list:
dist: 2.507343355828639 vs. 2.507343355828639
--------
nle(id0,id1,dist): 27 46 3.026745222934276
list:
dist: 3.026745222934276 vs. 3.026745222934276
--------
nle(id0,id1,dist): 28 29 1.8895059146537443
list:
dist: 1.8895059146537443 vs. 1.8895059146537443
--------
nle(id0,id1,dist): 28 30 1.7721881386967413
list:
dist: 1.7721881386967413 vs. 1.7721881386967413
--------
nle(id0,id1,dist): 28 31 1.795263482577137
list:
dist: 1.795263482577137 vs. 1.795263482577137
--------
nle(id0,id1,dist): 28 32 2.784465309932778
list:
dist: 2.784465309932778 vs. 2.784465309932778
--------
nle(id0,id1,dist): 28 33 1.6098216306268964
list:
dist: 1.6098216306268964 vs. 1.6098216306268964
--------
nle(id0,id1,dist): 28 34 2.149364570521601
list:
dist: 2.149364570521601 vs. 2.149364570521601
--------
nle(id0,id1,dist): 28 35 3.583449707573602
list:
dist: 3.583449707573602 vs. 3.583449707573602
--------
nle(id0,id1,dist): 28 36 2.7069346855433714
list:
dist: 2.7069346855433714 vs. 2.7069346855433714
--------
nle(id0,id1,dist): 28 47 2.9144445965266437
list:
dist: 2.9144445965266437 vs. 2.9144445965266437
--------
nle(id0,id1,dist): 28 46 3.4416647792230255
list:
dist: 3.4416647792230255 vs. 3.4416647792230255
--------
nle(id0,id1,dist): 28 45 2.6720434880607673
list:
dist: 2.6720434880607673 vs. 2.6720434880607673
--------
nle(id0,id1,dist): 28 51 3.180245807422574
list:
dist: 3.180245807422574 vs. 3.180245807422574
--------
nle(id0,id1,dist): 28 40 2.2162130143008736
list:
dist: 2.2162130143008736 vs. 2.2162130143008736
--------
nle(id0,id1,dist): 28 39 4.125722173447344
list:
dist: 4.125722173447344 vs. 4.125722173447344
--------
nle(id0,id1,dist): 28 38 3.0183789988492653
list:
dist: 3.0183789988492653 vs. 3.0183789988492653
--------
nle(id0,id1,dist): 28 44 2.7013866358857763
list:
dist: 2.7013866358857763 vs. 2.7013866358857763
--------
nle(id0,id1,dist): 28 43 2.2349115655835132
list:
dist: 2.2349115655835132 vs. 2.2349115655835132
--------
nle(id0,id1,dist): 28 42 2.3394343798117774
list:
dist: 2.3394343798117774 vs. 2.3394343798117774
--------
nle(id0,id1,dist): 28 41 1.5986523920721338
list:
dist: 1.5986523920721338 vs. 1.5986523920721338
--------
nle(id0,id1,dist): 29 30 3.2467391047555414
list:
dist: 3.2467391047555414 vs. 3.2467391047555414
--------
nle(id0,id1,dist): 29 31 2.5316044934712933
list:
dist: 2.5316044934712933 vs. 2.5316044934712933
--------
nle(id0,id1,dist): 28 53 3.505379229565843
list:
dist: 3.505379229565843 vs. 3.505379229565843
--------
nle(id0,id1,dist): 28 54 3.6708389545845512
list:
dist: 3.6708389545845512 vs. 3.6708389545845512
--------
nle(id0,id1,dist): 28 57 4.039569457115635
list:
dist: 4.039569457115635 vs. 4.039569457115635
--------
nle(id0,id1,dist): 26 27 0.9502188419890558
list:
dist: 0.9502188419890558 vs. 0.9502188419890558
--------
nle(id0,id1,dist): 26 28 1.4037361375668873
list:
dist: 1.4037361375668873 vs. 1.4037361375668873
--------
nle(id0,id1,dist): 26 29 1.5377502920251906
list:
dist: 1.5377502920251906 vs. 1.5377502920251906
--------
nle(id0,id1,dist): 26 30 3.0597641951087797
list:
dist: 3.0597641951087797 vs. 3.0597641951087797
--------
nle(id0,id1,dist): 26 36 3.1568507334438785
list:
dist: 3.1568507334438785 vs. 3.1568507334438785
--------
nle(id0,id1,dist): 26 35 3.9615733334160295
list:
dist: 3.9615733334160295 vs. 3.9615733334160295
--------
nle(id0,id1,dist): 26 38 3.549118212633049
list:
dist: 3.549118212633049 vs. 3.549118212633049
--------
nle(id0,id1,dist): 26 32 3.529641577727448
list:
dist: 3.529641577727448 vs. 3.529641577727448
--------
nle(id0,id1,dist): 26 31 2.800555266111987
list:
dist: 2.800555266111987 vs. 2.800555266111987
--------
nle(id0,id1,dist): 26 34 2.564538927666647
list:
dist: 2.564538927666647 vs. 2.564538927666647
--------
nle(id0,id1,dist): 26 33 2.231053266143465
list:
dist: 2.231053266143465 vs. 2.231053266143465
--------
nle(id0,id1,dist): 26 44 2.61385266817539
list:
dist: 2.61385266817539 vs. 2.61385266817539
--------
nle(id0,id1,dist): 26 43 2.0768270209612005
list:
dist: 2.0768270209612005 vs. 2.0768270209612005
--------
nle(id0,id1,dist): 26 46 3.6329854685851846
list:
dist: 3.6329854685851846 vs. 3.6329854685851846
--------
nle(id0,id1,dist): 26 45 3.0038979352814845
list:
dist: 3.0038979352814845 vs. 3.0038979352814845
--------
nle(id0,id1,dist): 26 40 2.3804300395695175
list:
dist: 2.3804300395695175 vs. 2.3804300395695175
--------
nle(id0,id1,dist): 26 39 4.448946518917171
list:
dist: 4.448946518917171 vs. 4.448946518917171
--------
nle(id0,id1,dist): 26 42 2.9722757723526754
list:
dist: 2.9722757723526754 vs. 2.9722757723526754
--------
nle(id0,id1,dist): 26 41 2.464910562283805
list:
dist: 2.464910562283805 vs. 2.464910562283805
--------
nle(id0,id1,dist): 26 53 3.548886015169344
list:
dist: 3.548886015169344 vs. 3.548886015169344
--------
nle(id0,id1,dist): 26 54 3.311516829001946
list:
dist: 3.311516829001946 vs. 3.311516829001946
--------
nle(id0,id1,dist): 26 51 3.1224235425143307
list:
dist: 3.1224235425143307 vs. 3.1224235425143307
--------
nle(id0,id1,dist): 26 52 2.7212099499730598
list:
dist: 2.7212099499730598 vs. 2.7212099499730598
--------
nle(id0,id1,dist): 26 50 2.9554281045545414
list:
dist: 2.9554281045545414 vs. 2.9554281045545414
--------
nle(id0,id1,dist): 26 47 2.7042703460243076
list:
dist: 2.7042703460243076 vs. 2.7042703460243076
--------
nle(id0,id1,dist): 26 59 4.647578440490568
list:
dist: 4.647578440490568 vs. 4.647578440490568
--------
nle(id0,id1,dist): 26 57 3.943799063778585
list:
dist: 3.943799063778585 vs. 3.943799063778585
--------
nle(id0,id1,dist): 26 58 3.950412749883938
list:
dist: 3.950412749883938 vs. 3.950412749883938
--------
nle(id0,id1,dist): 26 55 3.7952874820847162
list:
dist: 3.7952874820847162 vs. 3.7952874820847162
--------
nle(id0,id1,dist): 26 56 4.019969778818172
list:
dist: 4.019969778818172 vs. 4.019969778818172
--------
nle(id0,id1,dist): 27 33 1.3190265182251675
list:
dist: 1.3190265182251675 vs. 1.3190265182251675
--------
nle(id0,id1,dist): 27 32 2.6582848182341423
list:
dist: 2.6582848182341423 vs. 2.6582848182341423
--------
nle(id0,id1,dist): 27 31 1.9315715278444472
list:
dist: 1.9315715278444472 vs. 1.9315715278444472
--------
nle(id0,id1,dist): 27 30 2.3674017562042664
list:
dist: 2.3674017562042664 vs. 2.3674017562042664
--------
nle(id0,id1,dist): 27 29 1.1144421966316191
list:
dist: 1.1144421966316191 vs. 1.1144421966316191
--------
nle(id0,id1,dist): 27 28 0.8783913949633402
list:
dist: 0.8783913949633402 vs. 0.8783913949633402
--------
nle(id0,id1,dist): 27 41 1.548680462194764
list:
dist: 1.548680462194764 vs. 1.548680462194764
--------
nle(id0,id1,dist): 27 40 1.6986416645148126
list:
dist: 1.6986416645148126 vs. 1.6986416645148126
--------
nle(id0,id1,dist): 27 39 3.797474421645275
list:
dist: 3.797474421645275 vs. 3.797474421645275
--------
nle(id0,id1,dist): 27 38 2.8318012098716516
list:
dist: 2.8318012098716516 vs. 2.8318012098716516
--------
nle(id0,id1,dist): 27 36 2.3640244523496596
list:
dist: 2.3640244523496596 vs. 2.3640244523496596
--------
nle(id0,id1,dist): 27 35 3.350730932325495
list:
dist: 3.350730932325495 vs. 3.350730932325495
--------
nle(id0,id1,dist): 27 34 1.8136368607956623
list:
dist: 1.8136368607956623 vs. 1.8136368607956623
--------
nle(id0,id1,dist): 24 25 0.6538041080802555
list:
dist: 0.6538041080802555 vs. 0.6538041080802555
--------
nle(id0,id1,dist): 24 26 1.0651027912947222
list:
dist: 1.0651027912947222 vs. 1.0651027912947222
--------
nle(id0,id1,dist): 24 27 1.6280502228238865
list:
dist: 1.6280502228238865 vs. 1.6280502228238865
--------
nle(id0,id1,dist): 24 28 1.503858401891885
list:
dist: 1.503858401891885 vs. 1.503858401891885
--------
nle(id0,id1,dist): 24 29 2.2953732034095125
list:
dist: 2.2953732034095125 vs. 2.2953732034095125
--------
nle(id0,id1,dist): 24 30 3.16643258318989
list:
dist: 3.16643258318989 vs. 3.16643258318989
--------
nle(id0,id1,dist): 24 47 3.5819705679520313
list:
dist: 3.5819705679520313 vs. 3.5819705679520313
--------
nle(id0,id1,dist): 25 26 0.7101129326590169
list:
dist: 0.7101129326590169 vs. 0.7101129326590169
--------
nle(id0,id1,dist): 25 27 1.0614523442763042
list:
dist: 1.0614523442763042 vs. 1.0614523442763042
--------
nle(id0,id1,dist): 25 30 2.93908172622186
list:
dist: 2.93908172622186 vs. 2.93908172622186
--------
nle(id0,id1,dist): 25 28 1.170293550665694
list:
dist: 1.170293550665694 vs. 1.170293550665694
--------
nle(id0,id1,dist): 25 29 1.6529125354885128
list:
dist: 1.6529125354885128 vs. 1.6529125354885128
--------
nle(id0,id1,dist): 25 47 3.2822253114760627
list:
dist: 3.2822253114760627 vs. 3.2822253114760627
--------
nle(id0,id1,dist): 62 79 2.494073632218654
list:
dist: 2.494073632218654 vs. 2.494073632218654
--------
nle(id0,id1,dist): 62 80 2.999905413999381
list:
dist: 2.999905413999381 vs. 2.999905413999381
--------
nle(id0,id1,dist): 62 81 2.187951387279457
list:
dist: 2.187951387279457 vs. 2.187951387279457
--------
nle(id0,id1,dist): 62 82 2.4534501154384376
list:
dist: 2.4534501154384376 vs. 2.4534501154384376
--------
nle(id0,id1,dist): 62 75 2.91626245546658
list:
dist: 2.91626245546658 vs. 2.91626245546658
--------
nle(id0,id1,dist): 62 76 2.5928319335611096
list:
dist: 2.5928319335611096 vs. 2.5928319335611096
--------
nle(id0,id1,dist): 61 113 3.3133526340566792
list:
dist: 3.3133526340566792 vs. 3.3133526340566792
--------
nle(id0,id1,dist): 62 77 2.5224465710682025
list:
dist: 2.5224465710682025 vs. 2.5224465710682025
--------
nle(id0,id1,dist): 62 78 3.312614220019548
list:
dist: 3.312614220019548 vs. 3.312614220019548
--------
nle(id0,id1,dist): 61 124 3.1027329668705406
list:
dist: 3.1027329668705406 vs. 3.1027329668705406
--------
nle(id0,id1,dist): 61 125 2.8351663944928815
list:
dist: 2.8351663944928815 vs. 2.8351663944928815
--------
nle(id0,id1,dist): 61 126 2.544819900081646
list:
dist: 2.544819900081646 vs. 2.544819900081646
--------
nle(id0,id1,dist): 62 84 2.8038898954937457
list:
dist: 2.8038898954937457 vs. 2.8038898954937457
--------
nle(id0,id1,dist): 61 121 3.6603989436194775
list:
dist: 3.6603989436194775 vs. 3.6603989436194775
--------
nle(id0,id1,dist): 61 123 3.0603945598934565
list:
dist: 3.0603945598934565 vs. 3.0603945598934565
--------
nle(id0,id1,dist): 62 64 1.0092326537092127
list:
dist: 1.0092326537092127 vs. 1.0092326537092127
--------
nle(id0,id1,dist): 61 101 3.953437165463633
list:
dist: 3.953437165463633 vs. 3.953437165463633
--------
nle(id0,id1,dist): 61 100 4.910006237057506
list:
dist: 4.910006237057506 vs. 4.910006237057506
--------
nle(id0,id1,dist): 62 63 1.4330876887832589
list:
dist: 1.4330876887832589 vs. 1.4330876887832589
--------
nle(id0,id1,dist): 61 103 4.714112539795684
list:
dist: 4.714112539795684 vs. 4.714112539795684
--------
nle(id0,id1,dist): 62 66 1.42684798440748
list:
dist: 1.42684798440748 vs. 1.42684798440748
--------
nle(id0,id1,dist): 62 65 1.5722939144828405
list:
dist: 1.5722939144828405 vs. 1.5722939144828405
--------
nle(id0,id1,dist): 61 97 4.130217554266234
list:
dist: 4.130217554266234 vs. 4.130217554266234
--------
nle(id0,id1,dist): 61 96 3.6363884811032583
list:
dist: 3.6363884811032583 vs. 3.6363884811032583
--------
nle(id0,id1,dist): 61 98 4.117681766181693
list:
dist: 4.117681766181693 vs. 4.117681766181693
--------
nle(id0,id1,dist): 62 72 1.7237624524918966
list:
dist: 1.7237624524918966 vs. 1.7237624524918966
--------
nle(id0,id1,dist): 62 71 1.780887297762649
list:
dist: 1.780887297762649 vs. 1.780887297762649
--------
nle(id0,id1,dist): 62 74 1.277949577637114
list:
dist: 1.277949577637114 vs. 1.277949577637114
--------
nle(id0,id1,dist): 62 73 2.0596283563161535
list:
dist: 2.0596283563161535 vs. 2.0596283563161535
--------
nle(id0,id1,dist): 62 67 1.6402063598198853
list:
dist: 1.6402063598198853 vs. 1.6402063598198853
--------
nle(id0,id1,dist): 62 70 1.8557615781986403
list:
dist: 1.8557615781986403 vs. 1.8557615781986403
--------
nle(id0,id1,dist): 62 69 2.426835552255089
list:
dist: 2.426835552255089 vs. 2.426835552255089
--------
nle(id0,id1,dist): 60 123 2.171513283949026
list:
dist: 2.171513283949026 vs. 2.171513283949026
--------
nle(id0,id1,dist): 60 124 2.067142125190993
list:
dist: 2.067142125190993 vs. 2.067142125190993
--------
nle(id0,id1,dist): 61 84 2.5834450617998583
list:
dist: 2.5834450617998583 vs. 2.5834450617998583
--------
nle(id0,id1,dist): 60 121 2.6746066520615948
list:
dist: 2.6746066520615948 vs. 2.6746066520615948
--------
nle(id0,id1,dist): 60 122 2.769520996252051
list:
dist: 2.769520996252051 vs. 2.769520996252051
--------
nle(id0,id1,dist): 61 82 2.065638099185547
list:
dist: 2.065638099185547 vs. 2.065638099185547
--------
nle(id0,id1,dist): 61 80 2.4280000167464646
list:
dist: 2.4280000167464646 vs. 2.4280000167464646
--------
nle(id0,id1,dist): 61 81 1.9773880604462064
list:
dist: 1.9773880604462064 vs. 1.9773880604462064
--------
nle(id0,id1,dist): 61 94 3.947470484954571
list:
dist: 3.947470484954571 vs. 3.947470484954571
--------
nle(id0,id1,dist): 61 95 3.5541496999775726
list:
dist: 3.5541496999775726 vs. 3.5541496999775726
--------
nle(id0,id1,dist): 61 92 3.9182395081839605
list:
dist: 3.9182395081839605 vs. 3.9182395081839605
--------
nle(id0,id1,dist): 61 93 4.125766030554993
list:
dist: 4.125766030554993 vs. 4.125766030554993
--------
nle(id0,id1,dist): 61 90 4.363777631613734
list:
dist: 4.363777631613734 vs. 4.363777631613734
--------
nle(id0,id1,dist): 61 91 3.9114864003924916
list:
dist: 3.9114864003924916 vs. 3.9114864003924916
--------
nle(id0,id1,dist): 60 125 2.4357841459059824
list:
dist: 2.4357841459059824 vs. 2.4357841459059824
--------
nle(id0,id1,dist): 60 126 2.427097466122379
list:
dist: 2.427097466122379 vs. 2.427097466122379
--------
nle(id0,id1,dist): 61 71 1.923180471188059
list:
dist: 1.923180471188059 vs. 1.923180471188059
--------
nle(id0,id1,dist): 61 70 1.949989829522669
list:
dist: 1.949989829522669 vs. 1.949989829522669
--------
nle(id0,id1,dist): 61 69 1.7627303446051743
list:
dist: 1.7627303446051743 vs. 1.7627303446051743
--------
nle(id0,id1,dist): 61 68 1.2352955686577791
list:
dist: 1.2352955686577791 vs. 1.2352955686577791
--------
nle(id0,id1,dist): 61 67 1.1670631027295397
list:
dist: 1.1670631027295397 vs. 1.1670631027295397
--------
nle(id0,id1,dist): 60 103 4.960388260654201
list:
dist: 4.960388260654201 vs. 4.960388260654201
--------
nle(id0,id1,dist): 61 66 1.220650131156861
list:
dist: 1.220650131156861 vs. 1.220650131156861
--------
nle(id0,id1,dist): 61 65 0.768321923045461
list:
dist: 0.768321923045461 vs. 0.768321923045461
--------
nle(id0,id1,dist): 60 101 4.2044671455778735
list:
dist: 4.2044671455778735 vs. 4.2044671455778735
--------
nle(id0,id1,dist): 61 64 1.1720326573121103
list:
dist: 1.1720326573121103 vs. 1.1720326573121103
--------
nle(id0,id1,dist): 61 79 2.042958319262902
list:
dist: 2.042958319262902 vs. 2.042958319262902
--------
nle(id0,id1,dist): 61 78 2.450973201961022
list:
dist: 2.450973201961022 vs. 2.450973201961022
--------
nle(id0,id1,dist): 61 77 1.7592595159782185
list:
dist: 1.7592595159782185 vs. 1.7592595159782185
--------
nle(id0,id1,dist): 60 113 4.2590881381501555
list:
dist: 4.2590881381501555 vs. 4.2590881381501555
--------
nle(id0,id1,dist): 61 76 1.8410553703981658
list:
dist: 1.8410553703981658 vs. 1.8410553703981658
--------
nle(id0,id1,dist): 61 75 2.1330671764006217
list:
dist: 2.1330671764006217 vs. 2.1330671764006217
--------
nle(id0,id1,dist): 61 74 1.2855934319617768
list:
dist: 1.2855934319617768 vs. 1.2855934319617768
--------
nle(id0,id1,dist): 61 73 1.2804161831353547
list:
dist: 1.2804161831353547 vs. 1.2804161831353547
--------
nle(id0,id1,dist): 61 72 1.219090206911159
list:
dist: 1.219090206911159 vs. 1.219090206911159
--------
nle(id0,id1,dist): 64 65 1.1165986964407117
list:
dist: 1.1165986964407117 vs. 1.1165986964407117
--------
nle(id0,id1,dist): 64 66 2.01823671824336
list:
dist: 2.01823671824336 vs. 2.01823671824336
--------
nle(id0,id1,dist): 64 67 2.0296729735413774
list:
dist: 2.0296729735413774 vs. 2.0296729735413774
--------
nle(id0,id1,dist): 64 68 2.3612109632838467
list:
dist: 2.3612109632838467 vs. 2.3612109632838467
--------
nle(id0,id1,dist): 64 69 2.6491615704132876
list:
dist: 2.6491615704132876 vs. 2.6491615704132876
--------
nle(id0,id1,dist): 64 70 1.3662638571196113
list:
dist: 1.3662638571196113 vs. 1.3662638571196113
--------
nle(id0,id1,dist): 64 71 1.9402781316995126
list:
dist: 1.9402781316995126 vs. 1.9402781316995126
--------
nle(id0,id1,dist): 64 72 1.6887377816179179
list:
dist: 1.6887377816179179 vs. 1.6887377816179179
--------
nle(id0,id1,dist): 64 73 1.703122550682568
list:
dist: 1.703122550682568 vs. 1.703122550682568
--------
nle(id0,id1,dist): 64 74 1.8564126975984019
list:
dist: 1.8564126975984019 vs. 1.8564126975984019
--------
nle(id0,id1,dist): 64 75 2.73414093982244
list:
dist: 2.73414093982244 vs. 2.73414093982244
--------
nle(id0,id1,dist): 64 76 2.2747491445663024
list:
dist: 2.2747491445663024 vs. 2.2747491445663024
--------
nle(id0,id1,dist): 63 113 3.2128426489226842
list:
dist: 3.2128426489226842 vs. 3.2128426489226842
--------
nle(id0,id1,dist): 64 77 1.9130813171009835
list:
dist: 1.9130813171009835 vs. 1.9130813171009835
--------
nle(id0,id1,dist): 64 78 3.4092731609273996
list:
dist: 3.4092731609273996 vs. 3.4092731609273996
--------
nle(id0,id1,dist): 64 79 2.715266042795642
list:
dist: 2.715266042795642 vs. 2.715266042795642
--------
nle(id0,id1,dist): 64 80 2.5182559410863448
list:
dist: 2.5182559410863448 vs. 2.5182559410863448
--------
nle(id0,id1,dist): 62 124 3.5135370667625447
list:
dist: 3.5135370667625447 vs. 3.5135370667625447
--------
nle(id0,id1,dist): 63 87 2.206485014770375
list:
dist: 2.206485014770375 vs. 2.206485014770375
--------
nle(id0,id1,dist): 62 123 3.4357065252979235
list:
dist: 3.4357065252979235 vs. 3.4357065252979235
--------
nle(id0,id1,dist): 63 86 2.557232447374673
list:
dist: 2.557232447374673 vs. 2.557232447374673
--------
nle(id0,id1,dist): 63 89 2.8788058283611173
list:
dist: 2.8788058283611173 vs. 2.8788058283611173
--------
nle(id0,id1,dist): 62 126 3.2544613308363335
list:
dist: 3.2544613308363335 vs. 3.2544613308363335
--------
nle(id0,id1,dist): 63 88 2.6547820312990518
list:
dist: 2.6547820312990518 vs. 2.6547820312990518
--------
nle(id0,id1,dist): 62 125 3.513660780722253
list:
dist: 3.513660780722253 vs. 3.513660780722253
--------
nle(id0,id1,dist): 63 72 0.8299784358836275
list:
dist: 0.8299784358836275 vs. 0.8299784358836275
--------
nle(id0,id1,dist): 63 73 1.0056147178297556
list:
dist: 1.0056147178297556 vs. 1.0056147178297556
--------
nle(id0,id1,dist): 63 70 1.8843898642461672
list:
dist: 1.8843898642461672 vs. 1.8843898642461672
--------
nle(id0,id1,dist): 63 71 1.6199606958474089
list:
dist: 1.6199606958474089 vs. 1.6199606958474089
--------
nle(id0,id1,dist): 63 76 1.5033506521993638
list:
dist: 1.5033506521993638 vs. 1.5033506521993638
--------
nle(id0,id1,dist): 63 77 1.6088849121820057
list:
dist: 1.6088849121820057 vs. 1.6088849121820057
--------
nle(id0,id1,dist): 63 74 1.004231205351556
list:
dist: 1.004231205351556 vs. 1.004231205351556
--------
nle(id0,id1,dist): 63 75 1.7296532568814522
list:
dist: 1.7296532568814522 vs. 1.7296532568814522
--------
nle(id0,id1,dist): 63 80 2.16839162007689
list:
dist: 2.16839162007689 vs. 2.16839162007689
--------
nle(id0,id1,dist): 63 81 1.7262738361593792
list:
dist: 1.7262738361593792 vs. 1.7262738361593792
--------
nle(id0,id1,dist): 63 78 2.030066106816963
list:
dist: 2.030066106816963 vs. 2.030066106816963
--------
nle(id0,id1,dist): 63 79 1.5731385209478155
list:
dist: 1.5731385209478155 vs. 1.5731385209478155
--------
nle(id0,id1,dist): 63 84 2.1276117198826787
list:
dist: 2.1276117198826787 vs. 2.1276117198826787
--------
nle(id0,id1,dist): 62 121 3.7353530905096073
list:
dist: 3.7353530905096073 vs. 3.7353530905096073
--------
nle(id0,id1,dist): 63 85 2.3455624549833995
list:
dist: 2.3455624549833995 vs. 2.3455624549833995
--------
nle(id0,id1,dist): 63 82 1.7720695183359714
list:
dist: 1.7720695183359714 vs. 1.7720695183359714
--------
nle(id0,id1,dist): 63 83 2.3394569081341485
list:
dist: 2.3394569081341485 vs. 2.3394569081341485
--------
nle(id0,id1,dist): 63 65 0.7262815675539493
list:
dist: 0.7262815675539493 vs. 0.7262815675539493
--------
nle(id0,id1,dist): 63 64 1.4466067027945462
list:
dist: 1.4466067027945462 vs. 1.4466067027945462
--------
nle(id0,id1,dist): 63 69 1.303721964519033
list:
dist: 1.303721964519033 vs. 1.303721964519033
--------
nle(id0,id1,dist): 63 68 1.282286266616505
list:
dist: 1.282286266616505 vs. 1.282286266616505
--------
nle(id0,id1,dist): 63 67 0.7817048299541509
list:
dist: 0.7817048299541509 vs. 0.7817048299541509
--------
nle(id0,id1,dist): 63 66 1.3024459740028684
list:
dist: 1.3024459740028684 vs. 1.3024459740028684
--------
nle(id0,id1,dist): 59 71 2.757827647700162
list:
dist: 2.757827647700162 vs. 2.757827647700162
--------
nle(id0,id1,dist): 59 70 3.6718915654965807
list:
dist: 3.6718915654965807 vs. 3.6718915654965807
--------
nle(id0,id1,dist): 59 62 2.913283070261756
list:
dist: 2.913283070261756 vs. 2.913283070261756
--------
nle(id0,id1,dist): 58 83 4.274384636685059
list:
dist: 4.274384636685059 vs. 4.274384636685059
--------
nle(id0,id1,dist): 58 81 3.975152038108007
list:
dist: 3.975152038108007 vs. 3.975152038108007
--------
nle(id0,id1,dist): 58 71 3.1428509619121128
list:
dist: 3.1428509619121128 vs. 3.1428509619121128
--------
nle(id0,id1,dist): 58 70 3.912385710271968
list:
dist: 3.912385710271968 vs. 3.912385710271968
--------
nle(id0,id1,dist): 58 62 3.3756298523029216
list:
dist: 3.3756298523029216 vs. 3.3756298523029216
--------
nle(id0,id1,dist): 58 59 0.8188491567206688
list:
dist: 0.8188491567206688 vs. 0.8188491567206688
--------
nle(id0,id1,dist): 60 94 3.9740068155045756
list:
dist: 3.9740068155045756 vs. 3.9740068155045756
--------
nle(id0,id1,dist): 60 93 4.335893472262845
list:
dist: 4.335893472262845 vs. 4.335893472262845
--------
nle(id0,id1,dist): 60 96 4.3080636105937025
list:
dist: 4.3080636105937025 vs. 4.3080636105937025
--------
nle(id0,id1,dist): 60 95 3.7970113737225484
list:
dist: 3.7970113737225484 vs. 3.7970113737225484
--------
nle(id0,id1,dist): 60 98 4.413627546849984
list:
dist: 4.413627546849984 vs. 4.413627546849984
--------
nle(id0,id1,dist): 60 97 4.514392555202418
list:
dist: 4.514392555202418 vs. 4.514392555202418
--------
nle(id0,id1,dist): 60 100 4.787078915436319
list:
dist: 4.787078915436319 vs. 4.787078915436319
--------
nle(id0,id1,dist): 61 63 0.47255270460680443
list:
dist: 0.47255270460680443 vs. 0.47255270460680443
--------
nle(id0,id1,dist): 61 62 1.2729587331086096
list:
dist: 1.2729587331086096 vs. 1.2729587331086096
--------
nle(id0,id1,dist): 60 90 4.132349063068936
list:
dist: 4.132349063068936 vs. 4.132349063068936
--------
nle(id0,id1,dist): 60 92 4.030035248032193
list:
dist: 4.030035248032193 vs. 4.030035248032193
--------
nle(id0,id1,dist): 60 91 3.766634008802859
list:
dist: 3.766634008802859 vs. 3.766634008802859
--------
nle(id0,id1,dist): 60 77 1.831208178544226
list:
dist: 1.831208178544226 vs. 1.831208178544226
--------
nle(id0,id1,dist): 60 78 3.7870657784593686
list:
dist: 3.7870657784593686 vs. 3.7870657784593686
--------
nle(id0,id1,dist): 60 79 3.170727784088625
list:
dist: 3.170727784088625 vs. 3.170727784088625
--------
nle(id0,id1,dist): 60 80 2.453212531104201
list:
dist: 2.453212531104201 vs. 2.453212531104201
--------
nle(id0,id1,dist): 60 81 2.0162422548468326
list:
dist: 2.0162422548468326 vs. 2.0162422548468326
--------
nle(id0,id1,dist): 60 82 2.2341168990036793
list:
dist: 2.2341168990036793 vs. 2.2341168990036793
--------
nle(id0,id1,dist): 60 69 3.1318851531044474
list:
dist: 3.1318851531044474 vs. 3.1318851531044474
--------
nle(id0,id1,dist): 60 70 1.3908290792343008
list:
dist: 1.3908290792343008 vs. 1.3908290792343008
--------
nle(id0,id1,dist): 60 71 2.3645161091363325
list:
dist: 2.3645161091363325 vs. 2.3645161091363325
--------
nle(id0,id1,dist): 60 72 2.100936724367222
list:
dist: 2.100936724367222 vs. 2.100936724367222
--------
nle(id0,id1,dist): 60 73 1.9036862968149975
list:
dist: 1.9036862968149975 vs. 1.9036862968149975
--------
nle(id0,id1,dist): 60 74 2.5286934852051517
list:
dist: 2.5286934852051517 vs. 2.5286934852051517
--------
nle(id0,id1,dist): 60 75 2.9391457191799195
list:
dist: 2.9391457191799195 vs. 2.9391457191799195
--------
nle(id0,id1,dist): 60 76 2.4125902591401096
list:
dist: 2.4125902591401096 vs. 2.4125902591401096
--------
nle(id0,id1,dist): 60 64 0.7594570436078546
list:
dist: 0.7594570436078546 vs. 0.7594570436078546
--------
nle(id0,id1,dist): 60 63 1.9663624164188807
list:
dist: 1.9663624164188807 vs. 1.9663624164188807
--------
nle(id0,id1,dist): 60 62 1.7575488123284848
list:
dist: 1.7575488123284848 vs. 1.7575488123284848
--------
nle(id0,id1,dist): 60 61 1.700864695269325
list:
dist: 1.700864695269325 vs. 1.700864695269325
--------
nle(id0,id1,dist): 60 68 2.7801478216743636
list:
dist: 2.7801478216743636 vs. 2.7801478216743636
--------
nle(id0,id1,dist): 60 67 2.637607457773789
list:
dist: 2.637607457773789 vs. 2.637607457773789
--------
nle(id0,id1,dist): 60 65 1.4055773900584156
list:
dist: 1.4055773900584156 vs. 1.4055773900584156
--------
nle(id0,id1,dist): 59 83 3.9388968180681445
list:
dist: 3.9388968180681445 vs. 3.9388968180681445
--------
nle(id0,id1,dist): 59 81 3.655057548120146
list:
dist: 3.655057548120146 vs. 3.655057548120146
--------
nle(id0,id1,dist): 68 100 4.726338677850918
list:
dist: 4.726338677850918 vs. 4.726338677850918
--------
nle(id0,id1,dist): 67 137 4.065712011134552
list:
dist: 4.065712011134552 vs. 4.065712011134552
--------
nle(id0,id1,dist): 68 99 3.3519792546725635
list:
dist: 3.3519792546725635 vs. 3.3519792546725635
--------
nle(id0,id1,dist): 67 136 3.684345263366083
list:
dist: 3.684345263366083 vs. 3.684345263366083
--------
nle(id0,id1,dist): 68 98 3.7702959169764894
list:
dist: 3.7702959169764894 vs. 3.7702959169764894
--------
nle(id0,id1,dist): 67 135 3.8444908062212915
list:
dist: 3.8444908062212915 vs. 3.8444908062212915
--------
nle(id0,id1,dist): 68 97 3.629541714546619
list:
dist: 3.629541714546619 vs. 3.629541714546619
--------
nle(id0,id1,dist): 67 134 4.159043868199179
list:
dist: 4.159043868199179 vs. 4.159043868199179
--------
nle(id0,id1,dist): 68 96 2.9755449976749637
list:
dist: 2.9755449976749637 vs. 2.9755449976749637
--------
nle(id0,id1,dist): 68 95 3.1597302174446145
list:
dist: 3.1597302174446145 vs. 3.1597302174446145
--------
nle(id0,id1,dist): 67 132 3.8913449350372296
list:
dist: 3.8913449350372296 vs. 3.8913449350372296
--------
nle(id0,id1,dist): 68 94 3.7971682786413568
list:
dist: 3.7971682786413568 vs. 3.7971682786413568
--------
nle(id0,id1,dist): 67 131 4.081252103499031
list:
dist: 4.081252103499031 vs. 4.081252103499031
--------
nle(id0,id1,dist): 68 93 3.8645581053379585
list:
dist: 3.8645581053379585 vs. 3.8645581053379585
--------
nle(id0,id1,dist): 67 130 4.397917741644672
list:
dist: 4.397917741644672 vs. 4.397917741644672
--------
nle(id0,id1,dist): 69 71 1.7079326695725454
list:
dist: 1.7079326695725454 vs. 1.7079326695725454
--------
nle(id0,id1,dist): 68 108 3.8430848904714647
list:
dist: 3.8430848904714647 vs. 3.8430848904714647
--------
nle(id0,id1,dist): 67 145 4.51185634192101
list:
dist: 4.51185634192101 vs. 4.51185634192101
--------
nle(id0,id1,dist): 67 144 4.081759459693413
list:
dist: 4.081759459693413 vs. 4.081759459693413
--------
nle(id0,id1,dist): 68 107 3.507373223356495
list:
dist: 3.507373223356495 vs. 3.507373223356495
--------
nle(id0,id1,dist): 69 70 2.555782660321926
list:
dist: 2.555782660321926 vs. 2.555782660321926
--------
nle(id0,id1,dist): 68 106 3.97649097620907
list:
dist: 3.97649097620907 vs. 3.97649097620907
--------
nle(id0,id1,dist): 67 143 3.9785101208055194
list:
dist: 3.9785101208055194 vs. 3.9785101208055194
--------
nle(id0,id1,dist): 68 105 4.220208919597871
list:
dist: 4.220208919597871 vs. 4.220208919597871
--------
nle(id0,id1,dist): 67 142 4.778921049414206
list:
dist: 4.778921049414206 vs. 4.778921049414206
--------
nle(id0,id1,dist): 68 104 4.481791300698343
list:
dist: 4.481791300698343 vs. 4.481791300698343
--------
nle(id0,id1,dist): 68 103 4.292141499338058
list:
dist: 4.292141499338058 vs. 4.292141499338058
--------
nle(id0,id1,dist): 67 140 4.331589465073348
list:
dist: 4.331589465073348 vs. 4.331589465073348
--------
nle(id0,id1,dist): 67 139 3.908925821538418
list:
dist: 3.908925821538418 vs. 3.908925821538418
--------
nle(id0,id1,dist): 68 101 3.5572297182121955
list:
dist: 3.5572297182121955 vs. 3.5572297182121955
--------
nle(id0,id1,dist): 67 138 3.829182111049281
list:
dist: 3.829182111049281 vs. 3.829182111049281
--------
nle(id0,id1,dist): 69 78 0.9327849820146362
list:
dist: 0.9327849820146362 vs. 0.9327849820146362
--------
nle(id0,id1,dist): 68 115 3.8449577805239827
list:
dist: 3.8449577805239827 vs. 3.8449577805239827
--------
nle(id0,id1,dist): 69 79 0.5828503550193445
list:
dist: 0.5828503550193445 vs. 0.5828503550193445
--------
nle(id0,id1,dist): 68 116 3.2991059858379774
list:
dist: 3.2991059858379774 vs. 3.2991059858379774
--------
nle(id0,id1,dist): 69 76 1.4553796338922829
list:
dist: 1.4553796338922829 vs. 1.4553796338922829
--------
nle(id0,id1,dist): 68 113 2.5263645377823285
list:
dist: 2.5263645377823285 vs. 2.5263645377823285
--------
nle(id0,id1,dist): 69 77 2.0832689803530613
list:
dist: 2.0832689803530613 vs. 2.0832689803530613
--------
nle(id0,id1,dist): 68 114 2.6308007966721494
list:
dist: 2.6308007966721494 vs. 2.6308007966721494
--------
nle(id0,id1,dist): 69 74 1.266820199774586
list:
dist: 1.266820199774586 vs. 1.266820199774586
--------
nle(id0,id1,dist): 68 111 3.048838217136496
list:
dist: 3.048838217136496 vs. 3.048838217136496
--------
nle(id0,id1,dist): 67 149 4.554032318046287
list:
dist: 4.554032318046287 vs. 4.554032318046287
--------
nle(id0,id1,dist): 69 75 1.2172260293496817
list:
dist: 1.2172260293496817 vs. 1.2172260293496817
--------
nle(id0,id1,dist): 68 112 3.6665093446780417
list:
dist: 3.6665093446780417 vs. 3.6665093446780417
--------
nle(id0,id1,dist): 69 72 1.1286818154476683
list:
dist: 1.1286818154476683 vs. 1.1286818154476683
--------
nle(id0,id1,dist): 68 109 3.8172904858882553
list:
dist: 3.8172904858882553 vs. 3.8172904858882553
--------
nle(id0,id1,dist): 67 146 4.420234678489775
list:
dist: 4.420234678489775 vs. 4.420234678489775
--------
nle(id0,id1,dist): 69 73 1.4607767507389708
list:
dist: 1.4607767507389708 vs. 1.4607767507389708
--------
nle(id0,id1,dist): 68 110 2.6392814283810258
list:
dist: 2.6392814283810258 vs. 2.6392814283810258
--------
nle(id0,id1,dist): 69 86 1.8377372297920513
list:
dist: 1.8377372297920513 vs. 1.8377372297920513
--------
nle(id0,id1,dist): 69 87 1.1436194946042522
list:
dist: 1.1436194946042522 vs. 1.1436194946042522
--------
nle(id0,id1,dist): 68 124 3.9184183855430192
list:
dist: 3.9184183855430192 vs. 3.9184183855430192
--------
nle(id0,id1,dist): 69 84 1.1411839889821698
list:
dist: 1.1411839889821698 vs. 1.1411839889821698
--------
nle(id0,id1,dist): 69 85 1.4656586109508574
list:
dist: 1.4656586109508574 vs. 1.4656586109508574
--------
nle(id0,id1,dist): 69 82 1.8615724927959292
list:
dist: 1.8615724927959292 vs. 1.8615724927959292
--------
nle(id0,id1,dist): 68 119 3.597978692850158
list:
dist: 3.597978692850158 vs. 3.597978692850158
--------
nle(id0,id1,dist): 69 83 1.927209249488812
list:
dist: 1.927209249488812 vs. 1.927209249488812
--------
nle(id0,id1,dist): 69 80 2.2238951396789592
list:
dist: 2.2238951396789592 vs. 2.2238951396789592
--------
nle(id0,id1,dist): 68 117 2.993180612802179
list:
dist: 2.993180612802179 vs. 2.993180612802179
--------
nle(id0,id1,dist): 69 81 1.9795581218402891
list:
dist: 1.9795581218402891 vs. 1.9795581218402891
--------
nle(id0,id1,dist): 68 74 1.9671904388254806
list:
dist: 1.9671904388254806 vs. 1.9671904388254806
--------
nle(id0,id1,dist): 68 73 1.9916076419017517
list:
dist: 1.9916076419017517 vs. 1.9916076419017517
--------
nle(id0,id1,dist): 68 76 2.356261349749215
list:
dist: 2.356261349749215 vs. 2.356261349749215
--------
nle(id0,id1,dist): 67 113 3.507524461864831
list:
dist: 3.507524461864831 vs. 3.507524461864831
--------
nle(id0,id1,dist): 68 75 2.41971074821401
list:
dist: 2.41971074821401 vs. 2.41971074821401
--------
nle(id0,id1,dist): 68 69 1.852657819488927
list:
dist: 1.852657819488927 vs. 1.852657819488927
--------
nle(id0,id1,dist): 68 72 2.013446427519786
list:
dist: 2.013446427519786 vs. 2.013446427519786
--------
nle(id0,id1,dist): 68 82 2.872184719443637
list:
dist: 2.872184719443637 vs. 2.872184719443637
--------
nle(id0,id1,dist): 67 120 3.944560648437686
list:
dist: 3.944560648437686 vs. 3.944560648437686
--------
nle(id0,id1,dist): 68 84 2.9565648293106843
list:
dist: 2.9565648293106843 vs. 2.9565648293106843
--------
nle(id0,id1,dist): 67 121 3.9663056514889283
list:
dist: 3.9663056514889283 vs. 3.9663056514889283
--------
nle(id0,id1,dist): 68 77 2.4320315193618214
list:
dist: 2.4320315193618214 vs. 2.4320315193618214
--------
nle(id0,id1,dist): 68 78 2.164657752923981
list:
dist: 2.164657752923981 vs. 2.164657752923981
--------
nle(id0,id1,dist): 68 79 2.3758189311502345
list:
dist: 2.3758189311502345 vs. 2.3758189311502345
--------
nle(id0,id1,dist): 68 80 3.0894866162658463
list:
dist: 3.0894866162658463 vs. 3.0894866162658463
--------
nle(id0,id1,dist): 67 126 2.783227443593671
list:
dist: 2.783227443593671 vs. 2.783227443593671
--------
nle(id0,id1,dist): 68 90 4.340686316036307
list:
dist: 4.340686316036307 vs. 4.340686316036307
--------
nle(id0,id1,dist): 67 127 4.225191513065029
list:
dist: 4.225191513065029 vs. 4.225191513065029
--------
nle(id0,id1,dist): 68 91 3.8366511673537667
list:
dist: 3.8366511673537667 vs. 3.8366511673537667
--------
nle(id0,id1,dist): 67 128 3.2634535474937243
list:
dist: 3.2634535474937243 vs. 3.2634535474937243
--------
nle(id0,id1,dist): 68 92 3.820306691274296
list:
dist: 3.820306691274296 vs. 3.820306691274296
--------
nle(id0,id1,dist): 67 129 3.823402078698994
list:
dist: 3.823402078698994 vs. 3.823402078698994
--------
nle(id0,id1,dist): 67 123 3.524923536705105
list:
dist: 3.524923536705105 vs. 3.524923536705105
--------
nle(id0,id1,dist): 67 124 3.702120109467957
list:
dist: 3.702120109467957 vs. 3.702120109467957
--------
nle(id0,id1,dist): 67 125 3.2116382846591884
list:
dist: 3.2116382846591884 vs. 3.2116382846591884
--------
nle(id0,id1,dist): 69 123 3.516140621915454
list:
dist: 3.516140621915454 vs. 3.516140621915454
--------
nle(id0,id1,dist): 70 86 2.77921509473439
list:
dist: 2.77921509473439 vs. 2.77921509473439
--------
nle(id0,id1,dist): 70 85 2.4956338718678914
list:
dist: 2.4956338718678914 vs. 2.4956338718678914
--------
nle(id0,id1,dist): 70 84 2.6376396272140963
list:
dist: 2.6376396272140963 vs. 2.6376396272140963
--------
nle(id0,id1,dist): 69 121 3.9759022822859964
list:
dist: 3.9759022822859964 vs. 3.9759022822859964
--------
nle(id0,id1,dist): 69 120 3.7999363245417515
list:
dist: 3.7999363245417515 vs. 3.7999363245417515
--------
nle(id0,id1,dist): 70 83 1.8941672451212992
list:
dist: 1.8941672451212992 vs. 1.8941672451212992
--------
nle(id0,id1,dist): 69 127 4.050828172334151
list:
dist: 4.050828172334151 vs. 4.050828172334151
--------
nle(id0,id1,dist): 69 126 2.5572269357948674
list:
dist: 2.5572269357948674 vs. 2.5572269357948674
--------
nle(id0,id1,dist): 70 89 3.3715194673364572
list:
dist: 3.3715194673364572 vs. 3.3715194673364572
--------
nle(id0,id1,dist): 69 125 3.04192549952522
list:
dist: 3.04192549952522 vs. 3.04192549952522
--------
nle(id0,id1,dist): 70 88 3.474796441374469
list:
dist: 3.474796441374469 vs. 3.474796441374469
--------
nle(id0,id1,dist): 69 124 3.7447814482051243
list:
dist: 3.7447814482051243 vs. 3.7447814482051243
--------
nle(id0,id1,dist): 70 87 2.893791615153875
list:
dist: 2.893791615153875 vs. 2.893791615153875
--------
nle(id0,id1,dist): 69 131 3.7255524349158886
list:
dist: 3.7255524349158886 vs. 3.7255524349158886
--------
nle(id0,id1,dist): 69 130 4.13389217195466
list:
dist: 4.13389217195466 vs. 4.13389217195466
--------
nle(id0,id1,dist): 69 129 3.4511793875678975
list:
dist: 3.4511793875678975 vs. 3.4511793875678975
--------
nle(id0,id1,dist): 69 128 2.70616853218144
list:
dist: 2.70616853218144 vs. 2.70616853218144
--------
nle(id0,id1,dist): 69 135 3.595730175568203
list:
dist: 3.595730175568203 vs. 3.595730175568203
--------
nle(id0,id1,dist): 69 134 3.8050958316292003
list:
dist: 3.8050958316292003 vs. 3.8050958316292003
--------
nle(id0,id1,dist): 69 132 3.6382315430311722
list:
dist: 3.6382315430311722 vs. 3.6382315430311722
--------
nle(id0,id1,dist): 69 138 3.2216707578963026
list:
dist: 3.2216707578963026 vs. 3.2216707578963026
--------
nle(id0,id1,dist): 69 139 3.3363205500479034
list:
dist: 3.3363205500479034 vs. 3.3363205500479034
--------
nle(id0,id1,dist): 69 136 3.174231252712033
list:
dist: 3.174231252712033 vs. 3.174231252712033
--------
nle(id0,id1,dist): 69 137 3.5124116836874046
list:
dist: 3.5124116836874046 vs. 3.5124116836874046
--------
nle(id0,id1,dist): 69 142 4.370576535056432
list:
dist: 4.370576535056432 vs. 4.370576535056432
--------
nle(id0,id1,dist): 69 143 3.3254426321060744
list:
dist: 3.3254426321060744 vs. 3.3254426321060744
--------
nle(id0,id1,dist): 69 140 3.9365882859246524
list:
dist: 3.9365882859246524 vs. 3.9365882859246524
--------
nle(id0,id1,dist): 69 146 3.756835928684085
list:
dist: 3.756835928684085 vs. 3.756835928684085
--------
nle(id0,id1,dist): 71 72 0.9421702403975273
list:
dist: 0.9421702403975273 vs. 0.9421702403975273
--------
nle(id0,id1,dist): 71 73 1.417059134610207
list:
dist: 1.417059134610207 vs. 1.417059134610207
--------
nle(id0,id1,dist): 69 144 3.3912515726629042
list:
dist: 3.3912515726629042 vs. 3.3912515726629042
--------
nle(id0,id1,dist): 69 145 3.865446216403365
list:
dist: 3.865446216403365 vs. 3.865446216403365
--------
nle(id0,id1,dist): 71 76 1.5595763383213122
list:
dist: 1.5595763383213122 vs. 1.5595763383213122
--------
nle(id0,id1,dist): 71 77 1.8705725732869722
list:
dist: 1.8705725732869722 vs. 1.8705725732869722
--------
nle(id0,id1,dist): 71 74 1.272747379804724
list:
dist: 1.272747379804724 vs. 1.272747379804724
--------
nle(id0,id1,dist): 69 149 3.8658790317506093
list:
dist: 3.8658790317506093 vs. 3.8658790317506093
--------
nle(id0,id1,dist): 71 75 1.7727312424539745
list:
dist: 1.7727312424539745 vs. 1.7727312424539745
--------
nle(id0,id1,dist): 69 89 2.0060081454449272
list:
dist: 2.0060081454449272 vs. 2.0060081454449272
--------
nle(id0,id1,dist): 68 126 3.1153460651702245
list:
dist: 3.1153460651702245 vs. 3.1153460651702245
--------
nle(id0,id1,dist): 69 88 1.6058702030039
list:
dist: 1.6058702030039 vs. 1.6058702030039
--------
nle(id0,id1,dist): 68 125 3.4314910857743675
list:
dist: 3.4314910857743675 vs. 3.4314910857743675
--------
nle(id0,id1,dist): 70 71 1.2646395723956705
list:
dist: 1.2646395723956705 vs. 1.2646395723956705
--------
nle(id0,id1,dist): 70 72 1.4398875834231917
list:
dist: 1.4398875834231917 vs. 1.4398875834231917
--------
nle(id0,id1,dist): 70 73 1.4183848064700855
list:
dist: 1.4183848064700855 vs. 1.4183848064700855
--------
nle(id0,id1,dist): 70 74 2.0872166553245544
list:
dist: 2.0872166553245544 vs. 2.0872166553245544
--------
nle(id0,id1,dist): 70 75 2.199966728991198
list:
dist: 2.199966728991198 vs. 2.199966728991198
--------
nle(id0,id1,dist): 69 113 3.1394806048544353
list:
dist: 3.1394806048544353 vs. 3.1394806048544353
--------
nle(id0,id1,dist): 70 76 1.7098723250801167
list:
dist: 1.7098723250801167 vs. 1.7098723250801167
--------
nle(id0,id1,dist): 70 77 1.4351427381398867
list:
dist: 1.4351427381398867 vs. 1.4351427381398867
--------
nle(id0,id1,dist): 70 78 3.2376436331813694
list:
dist: 3.2376436331813694 vs. 3.2376436331813694
--------
nle(id0,id1,dist): 70 79 2.346400554176237
list:
dist: 2.346400554176237 vs. 2.346400554176237
--------
nle(id0,id1,dist): 70 80 1.5781519172703768
list:
dist: 1.5781519172703768 vs. 1.5781519172703768
--------
nle(id0,id1,dist): 70 81 0.8296094596951851
list:
dist: 0.8296094596951851 vs. 0.8296094596951851
--------
nle(id0,id1,dist): 70 82 1.1629402831714275
list:
dist: 1.1629402831714275 vs. 1.1629402831714275
--------
nle(id0,id1,dist): 64 125 2.7757378733770803
list:
dist: 2.7757378733770803 vs. 2.7757378733770803
--------
nle(id0,id1,dist): 65 88 2.832215215377567
list:
dist: 2.832215215377567 vs. 2.832215215377567
--------
nle(id0,id1,dist): 64 126 2.62756827025098
list:
dist: 2.62756827025098 vs. 2.62756827025098
--------
nle(id0,id1,dist): 65 89 2.892958471322444
list:
dist: 2.892958471322444 vs. 2.892958471322444
--------
nle(id0,id1,dist): 64 123 2.636336467398652
list:
dist: 2.636336467398652 vs. 2.636336467398652
--------
nle(id0,id1,dist): 65 86 2.47139877269126
list:
dist: 2.47139877269126 vs. 2.47139877269126
--------
nle(id0,id1,dist): 64 124 2.6312050690521787
list:
dist: 2.6312050690521787 vs. 2.6312050690521787
--------
nle(id0,id1,dist): 65 87 2.3722563495085063
list:
dist: 2.3722563495085063 vs. 2.3722563495085063
--------
nle(id0,id1,dist): 65 84 2.417502853944603
list:
dist: 2.417502853944603 vs. 2.417502853944603
--------
nle(id0,id1,dist): 64 121 3.0704198476382283
list:
dist: 3.0704198476382283 vs. 3.0704198476382283
--------
nle(id0,id1,dist): 65 85 2.401229882244947
list:
dist: 2.401229882244947 vs. 2.401229882244947
--------
nle(id0,id1,dist): 65 82 1.3890967826677054
list:
dist: 1.3890967826677054 vs. 1.3890967826677054
--------
nle(id0,id1,dist): 65 83 2.128119344540222
list:
dist: 2.128119344540222 vs. 2.128119344540222
--------
nle(id0,id1,dist): 65 80 1.7010767017431587
list:
dist: 1.7010767017431587 vs. 1.7010767017431587
--------
nle(id0,id1,dist): 65 81 1.3206286958849012
list:
dist: 1.3206286958849012 vs. 1.3206286958849012
--------
nle(id0,id1,dist): 65 78 2.3845110562148863
list:
dist: 2.3845110562148863 vs. 2.3845110562148863
--------
nle(id0,id1,dist): 65 79 1.8742504436170566
list:
dist: 1.8742504436170566 vs. 1.8742504436170566
--------
nle(id0,id1,dist): 64 113 4.217595265228739
list:
dist: 4.217595265228739 vs. 4.217595265228739
--------
nle(id0,id1,dist): 65 76 1.2469349542763137
list:
dist: 1.2469349542763137 vs. 1.2469349542763137
--------
nle(id0,id1,dist): 65 77 1.0307283658366266
list:
dist: 1.0307283658366266 vs. 1.0307283658366266
--------
nle(id0,id1,dist): 66 70 2.8846675888526643
list:
dist: 2.8846675888526643 vs. 2.8846675888526643
--------
nle(id0,id1,dist): 66 69 1.9829819830347153
list:
dist: 1.9829819830347153 vs. 1.9829819830347153
--------
nle(id0,id1,dist): 66 68 1.3978296170553166
list:
dist: 1.3978296170553166 vs. 1.3978296170553166
--------
nle(id0,id1,dist): 66 67 1.229199393559684
list:
dist: 1.229199393559684 vs. 1.229199393559684
--------
nle(id0,id1,dist): 64 93 4.27613298927149
list:
dist: 4.27613298927149 vs. 4.27613298927149
--------
nle(id0,id1,dist): 63 130 3.95188830357741
list:
dist: 3.95188830357741 vs. 3.95188830357741
--------
nle(id0,id1,dist): 64 94 3.9990001388205867
list:
dist: 3.9990001388205867 vs. 3.9990001388205867
--------
nle(id0,id1,dist): 63 131 3.627871776811983
list:
dist: 3.627871776811983 vs. 3.627871776811983
--------
nle(id0,id1,dist): 64 95 3.855583236955624
list:
dist: 3.855583236955624 vs. 3.855583236955624
--------
nle(id0,id1,dist): 63 132 3.4582846009251895
list:
dist: 3.4582846009251895 vs. 3.4582846009251895
--------
nle(id0,id1,dist): 64 96 4.168456508011238
list:
dist: 4.168456508011238 vs. 4.168456508011238
--------
nle(id0,id1,dist): 63 126 2.3581179221209063
list:
dist: 2.3581179221209063 vs. 2.3581179221209063
--------
nle(id0,id1,dist): 64 90 4.256281979401526
list:
dist: 4.256281979401526 vs. 4.256281979401526
--------
nle(id0,id1,dist): 63 127 3.887620991867368
list:
dist: 3.887620991867368 vs. 3.887620991867368
--------
nle(id0,id1,dist): 64 91 3.887538843739116
list:
dist: 3.887538843739116 vs. 3.887538843739116
--------
nle(id0,id1,dist): 63 128 3.0765250305007266
list:
dist: 3.0765250305007266 vs. 3.0765250305007266
--------
nle(id0,id1,dist): 64 92 3.9477242936046024
list:
dist: 3.9477242936046024 vs. 3.9477242936046024
--------
nle(id0,id1,dist): 63 129 3.722798035013923
list:
dist: 3.722798035013923 vs. 3.722798035013923
--------
nle(id0,id1,dist): 63 123 3.0078140266296574
list:
dist: 3.0078140266296574 vs. 3.0078140266296574
--------
nle(id0,id1,dist): 63 124 3.113503625742483
list:
dist: 3.113503625742483 vs. 3.113503625742483
--------
nle(id0,id1,dist): 63 125 2.715697428318217
list:
dist: 2.715697428318217 vs. 2.715697428318217
--------
nle(id0,id1,dist): 64 81 1.8831130332292236
list:
dist: 1.8831130332292236 vs. 1.8831130332292236
--------
nle(id0,id1,dist): 64 82 2.1307448373880242
list:
dist: 2.1307448373880242 vs. 2.1307448373880242
--------
nle(id0,id1,dist): 63 120 3.5345381157221
list:
dist: 3.5345381157221 vs. 3.5345381157221
--------
nle(id0,id1,dist): 64 84 3.1402843250044596
list:
dist: 3.1402843250044596 vs. 3.1402843250044596
--------
nle(id0,id1,dist): 63 121 3.572118512300708
list:
dist: 3.572118512300708 vs. 3.572118512300708
--------
nle(id0,id1,dist): 65 73 0.6492619860965613
list:
dist: 0.6492619860965613 vs. 0.6492619860965613
--------
nle(id0,id1,dist): 65 72 0.8540822129791827
list:
dist: 0.8540822129791827 vs. 0.8540822129791827
--------
nle(id0,id1,dist): 63 146 4.251270513445543
list:
dist: 4.251270513445543 vs. 4.251270513445543
--------
nle(id0,id1,dist): 63 149 4.424192547005976
list:
dist: 4.424192547005976 vs. 4.424192547005976
--------
nle(id0,id1,dist): 65 75 1.6767093587256872
list:
dist: 1.6767093587256872 vs. 1.6767093587256872
--------
nle(id0,id1,dist): 65 74 1.5172162836768082
list:
dist: 1.5172162836768082 vs. 1.5172162836768082
--------
nle(id0,id1,dist): 65 69 1.7586508919152513
list:
dist: 1.7586508919152513 vs. 1.7586508919152513
--------
nle(id0,id1,dist): 63 143 3.809849493809791
list:
dist: 3.809849493809791 vs. 3.809849493809791
--------
nle(id0,id1,dist): 65 68 1.7608180418019521
list:
dist: 1.7608180418019521 vs. 1.7608180418019521
--------
nle(id0,id1,dist): 63 142 4.32205235200997
list:
dist: 4.32205235200997 vs. 4.32205235200997
--------
nle(id0,id1,dist): 63 145 4.330989433407497
list:
dist: 4.330989433407497 vs. 4.330989433407497
--------
nle(id0,id1,dist): 65 71 1.5731247628268976
list:
dist: 1.5731247628268976 vs. 1.5731247628268976
--------
nle(id0,id1,dist): 63 144 3.9733839070995676
list:
dist: 3.9733839070995676 vs. 3.9733839070995676
--------
nle(id0,id1,dist): 65 70 1.3525705717938943
list:
dist: 1.3525705717938943 vs. 1.3525705717938943
--------
nle(id0,id1,dist): 63 139 3.672845887570531
list:
dist: 3.672845887570531 vs. 3.672845887570531
--------
nle(id0,id1,dist): 64 101 4.2216927126423895
list:
dist: 4.2216927126423895 vs. 4.2216927126423895
--------
nle(id0,id1,dist): 63 138 3.660671748596788
list:
dist: 3.660671748596788 vs. 3.660671748596788
--------
nle(id0,id1,dist): 65 67 1.4154840020686956
list:
dist: 1.4154840020686956 vs. 1.4154840020686956
--------
nle(id0,id1,dist): 64 103 4.958112014496735
list:
dist: 4.958112014496735 vs. 4.958112014496735
--------
nle(id0,id1,dist): 65 66 1.9290598794473002
list:
dist: 1.9290598794473002 vs. 1.9290598794473002
--------
nle(id0,id1,dist): 63 140 3.895695916237792
list:
dist: 3.895695916237792 vs. 3.895695916237792
--------
nle(id0,id1,dist): 64 98 4.344301165870488
list:
dist: 4.344301165870488 vs. 4.344301165870488
--------
nle(id0,id1,dist): 63 135 3.3428739618027774
list:
dist: 3.3428739618027774 vs. 3.3428739618027774
--------
nle(id0,id1,dist): 64 97 4.4809327726704975
list:
dist: 4.4809327726704975 vs. 4.4809327726704975
--------
nle(id0,id1,dist): 63 134 3.7273874929951822
list:
dist: 3.7273874929951822 vs. 3.7273874929951822
--------
nle(id0,id1,dist): 64 100 4.915609310514142
list:
dist: 4.915609310514142 vs. 4.915609310514142
--------
nle(id0,id1,dist): 63 137 3.8686878975037353
list:
dist: 3.8686878975037353 vs. 3.8686878975037353
--------
nle(id0,id1,dist): 63 136 3.3596828141789543
list:
dist: 3.3596828141789543 vs. 3.3596828141789543
--------
nle(id0,id1,dist): 67 76 1.744331638641471
list:
dist: 1.744331638641471 vs. 1.744331638641471
--------
nle(id0,id1,dist): 66 113 3.888910293755097
list:
dist: 3.888910293755097 vs. 3.888910293755097
--------
nle(id0,id1,dist): 67 77 2.1315964409498562
list:
dist: 2.1315964409498562 vs. 2.1315964409498562
--------
nle(id0,id1,dist): 67 74 0.5358683361711947
list:
dist: 0.5358683361711947 vs. 0.5358683361711947
--------
nle(id0,id1,dist): 65 149 4.330494209638556
list:
dist: 4.330494209638556 vs. 4.330494209638556
--------
nle(id0,id1,dist): 67 75 1.7651476105298851
list:
dist: 1.7651476105298851 vs. 1.7651476105298851
--------
nle(id0,id1,dist): 67 80 2.467027688557786
list:
dist: 2.467027688557786 vs. 2.467027688557786
--------
nle(id0,id1,dist): 67 81 1.947973174279519
list:
dist: 1.947973174279519 vs. 1.947973174279519
--------
nle(id0,id1,dist): 67 78 1.7268461327009423
list:
dist: 1.7268461327009423 vs. 1.7268461327009423
--------
nle(id0,id1,dist): 67 79 1.1196732243038405
list:
dist: 1.1196732243038405 vs. 1.1196732243038405
--------
nle(id0,id1,dist): 67 68 1.5707729412320248
list:
dist: 1.5707729412320248 vs. 1.5707729412320248
--------
nle(id0,id1,dist): 65 142 3.956112527412216
list:
dist: 3.956112527412216 vs. 3.956112527412216
--------
nle(id0,id1,dist): 67 69 0.8422288117212949
list:
dist: 0.8422288117212949 vs. 0.8422288117212949
--------
nle(id0,id1,dist): 65 143 3.6037430501557894
list:
dist: 3.6037430501557894 vs. 3.6037430501557894
--------
nle(id0,id1,dist): 65 140 3.420548074843941
list:
dist: 3.420548074843941 vs. 3.420548074843941
--------
nle(id0,id1,dist): 67 72 0.9704089694047008
list:
dist: 0.9704089694047008 vs. 0.9704089694047008
--------
nle(id0,id1,dist): 65 146 4.037323660129478
list:
dist: 4.037323660129478 vs. 4.037323660129478
--------
nle(id0,id1,dist): 67 73 1.4452178189738454
list:
dist: 1.4452178189738454 vs. 1.4452178189738454
--------
nle(id0,id1,dist): 65 144 3.7813407666867027
list:
dist: 3.7813407666867027 vs. 3.7813407666867027
--------
nle(id0,id1,dist): 67 70 2.264840239720229
list:
dist: 2.264840239720229 vs. 2.264840239720229
--------
nle(id0,id1,dist): 65 145 4.067104845958308
list:
dist: 4.067104845958308 vs. 4.067104845958308
--------
nle(id0,id1,dist): 67 71 1.5108808201573551
list:
dist: 1.5108808201573551 vs. 1.5108808201573551
--------
nle(id0,id1,dist): 67 85 2.053479617632294
list:
dist: 2.053479617632294 vs. 2.053479617632294
--------
nle(id0,id1,dist): 67 84 1.5720297017153493
list:
dist: 1.5720297017153493 vs. 1.5720297017153493
--------
nle(id0,id1,dist): 67 83 2.3082240833739713
list:
dist: 2.3082240833739713 vs. 2.3082240833739713
--------
nle(id0,id1,dist): 67 82 1.9795064908628555
list:
dist: 1.9795064908628555 vs. 1.9795064908628555
--------
nle(id0,id1,dist): 67 89 2.7811387719919285
list:
dist: 2.7811387719919285 vs. 2.7811387719919285
--------
nle(id0,id1,dist): 67 88 2.4326473887638227
list:
dist: 2.4326473887638227 vs. 2.4326473887638227
--------
nle(id0,id1,dist): 67 87 1.9426370247370008
list:
dist: 1.9426370247370008 vs. 1.9426370247370008
--------
nle(id0,id1,dist): 67 86 2.517118510963761
list:
dist: 2.517118510963761 vs. 2.517118510963761
--------
nle(id0,id1,dist): 66 79 2.342935297522231
list:
dist: 2.342935297522231 vs. 2.342935297522231
--------
nle(id0,id1,dist): 66 81 2.8752807089665504
list:
dist: 2.8752807089665504 vs. 2.8752807089665504
--------
nle(id0,id1,dist): 66 82 2.9847236024728345
list:
dist: 2.9847236024728345 vs. 2.9847236024728345
--------
nle(id0,id1,dist): 65 120 2.8988231923066117
list:
dist: 2.8988231923066117 vs. 2.8988231923066117
--------
nle(id0,id1,dist): 66 84 2.735390426810199
list:
dist: 2.735390426810199 vs. 2.735390426810199
--------
nle(id0,id1,dist): 65 121 2.9276638352312263
list:
dist: 2.9276638352312263 vs. 2.9276638352312263
--------
nle(id0,id1,dist): 65 123 2.3158804599312686
list:
dist: 2.3158804599312686 vs. 2.3158804599312686
--------
nle(id0,id1,dist): 66 71 2.4418675316056486
list:
dist: 2.4418675316056486 vs. 2.4418675316056486
--------
nle(id0,id1,dist): 66 72 1.9721106760573448
list:
dist: 1.9721106760573448 vs. 1.9721106760573448
--------
nle(id0,id1,dist): 66 73 2.3034944290463497
list:
dist: 2.3034944290463497 vs. 2.3034944290463497
--------
nle(id0,id1,dist): 66 74 1.241751796751006
list:
dist: 1.241751796751006 vs. 1.241751796751006
--------
nle(id0,id1,dist): 66 75 2.8835317596360626
list:
dist: 2.8835317596360626 vs. 2.8835317596360626
--------
nle(id0,id1,dist): 66 76 2.7666486945016255
list:
dist: 2.7666486945016255 vs. 2.7666486945016255
--------
nle(id0,id1,dist): 65 113 3.2740064746344766
list:
dist: 3.2740064746344766 vs. 3.2740064746344766
--------
nle(id0,id1,dist): 66 78 2.7132000082919476
list:
dist: 2.7132000082919476 vs. 2.7132000082919476
--------
nle(id0,id1,dist): 66 96 3.5916212189917203
list:
dist: 3.5916212189917203 vs. 3.5916212189917203
--------
nle(id0,id1,dist): 65 132 2.861251292179627
list:
dist: 2.861251292179627 vs. 2.861251292179627
--------
nle(id0,id1,dist): 65 135 2.7604821814431815
list:
dist: 2.7604821814431815 vs. 2.7604821814431815
--------
nle(id0,id1,dist): 66 98 4.089050403115874
list:
dist: 4.089050403115874 vs. 4.089050403115874
--------
nle(id0,id1,dist): 65 134 3.1991221965210106
list:
dist: 3.1991221965210106 vs. 3.1991221965210106
--------
nle(id0,id1,dist): 66 97 4.193935320530491
list:
dist: 4.193935320530491 vs. 4.193935320530491
--------
nle(id0,id1,dist): 65 137 3.4987386778512373
list:
dist: 3.4987386778512373 vs. 3.4987386778512373
--------
nle(id0,id1,dist): 65 136 3.046474855675713
list:
dist: 3.046474855675713 vs. 3.046474855675713
--------
nle(id0,id1,dist): 65 139 3.3488997753157395
list:
dist: 3.3488997753157395 vs. 3.3488997753157395
--------
nle(id0,id1,dist): 65 138 3.364722901891873
list:
dist: 3.364722901891873 vs. 3.364722901891873
--------
nle(id0,id1,dist): 65 125 2.102962481590636
list:
dist: 2.102962481590636 vs. 2.102962481590636
--------
nle(id0,id1,dist): 65 124 2.3977743794681485
list:
dist: 2.3977743794681485 vs. 2.3977743794681485
--------
nle(id0,id1,dist): 65 127 3.2842950273019706
list:
dist: 3.2842950273019706 vs. 3.2842950273019706
--------
nle(id0,id1,dist): 65 126 1.8161492920108717
list:
dist: 1.8161492920108717 vs. 1.8161492920108717
--------
nle(id0,id1,dist): 66 92 3.8701236668567898
list:
dist: 3.8701236668567898 vs. 3.8701236668567898
--------
nle(id0,id1,dist): 65 129 3.312626470300167
list:
dist: 3.312626470300167 vs. 3.312626470300167
--------
nle(id0,id1,dist): 65 128 2.7690827372096996
list:
dist: 2.7690827372096996 vs. 2.7690827372096996
--------
nle(id0,id1,dist): 65 131 3.125061380078646
list:
dist: 3.125061380078646 vs. 3.125061380078646
--------
nle(id0,id1,dist): 66 93 4.10315366731463
list:
dist: 4.10315366731463 vs. 4.10315366731463
--------
nle(id0,id1,dist): 65 130 3.344028076218598
list:
dist: 3.344028076218598 vs. 3.344028076218598
--------
nle(id0,id1,dist): 48 51 1.6376092846071821
list:
dist: 1.6376092846071821 vs. 1.6376092846071821
--------
nle(id0,id1,dist): 48 52 2.7014523768803422
list:
dist: 2.7014523768803422 vs. 2.7014523768803422
--------
nle(id0,id1,dist): 48 49 0.904711238042643
list:
dist: 0.904711238042643 vs. 0.904711238042643
--------
nle(id0,id1,dist): 48 50 2.0974265869617863
list:
dist: 2.0974265869617863 vs. 2.0974265869617863
--------
nle(id0,id1,dist): 48 55 1.7093627559320532
list:
dist: 1.7093627559320532 vs. 1.7093627559320532
--------
nle(id0,id1,dist): 48 56 2.2455677247193964
list:
dist: 2.2455677247193964 vs. 2.2455677247193964
--------
nle(id0,id1,dist): 48 53 0.9278349540729394
list:
dist: 0.9278349540729394 vs. 0.9278349540729394
--------
nle(id0,id1,dist): 48 59 1.350718538412245
list:
dist: 1.350718538412245 vs. 1.350718538412245
--------
nle(id0,id1,dist): 48 57 1.017934919315421
list:
dist: 1.017934919315421 vs. 1.017934919315421
--------
nle(id0,id1,dist): 48 58 1.5015692705813168
list:
dist: 1.5015692705813168 vs. 1.5015692705813168
--------
nle(id0,id1,dist): 49 50 2.402643177384067
list:
dist: 2.402643177384067 vs. 2.402643177384067
--------
nle(id0,id1,dist): 49 51 2.022415415057603
list:
dist: 2.022415415057603 vs. 2.022415415057603
--------
nle(id0,id1,dist): 49 52 2.9790064201695046
list:
dist: 2.9790064201695046 vs. 2.9790064201695046
--------
nle(id0,id1,dist): 49 53 1.3344639057988035
list:
dist: 1.3344639057988035 vs. 1.3344639057988035
--------
nle(id0,id1,dist): 49 55 1.962936431617695
list:
dist: 1.962936431617695 vs. 1.962936431617695
--------
nle(id0,id1,dist): 49 56 2.925413145476518
list:
dist: 2.925413145476518 vs. 2.925413145476518
--------
nle(id0,id1,dist): 49 57 1.4793977615759955
list:
dist: 1.4793977615759955 vs. 1.4793977615759955
--------
nle(id0,id1,dist): 49 58 2.1411136785514397
list:
dist: 2.1411136785514397 vs. 2.1411136785514397
--------
nle(id0,id1,dist): 49 59 2.207354562514222
list:
dist: 2.207354562514222 vs. 2.207354562514222
--------
nle(id0,id1,dist): 50 53 1.2463436523733273
list:
dist: 1.2463436523733273 vs. 1.2463436523733273
--------
nle(id0,id1,dist): 50 54 1.1776483216859552
list:
dist: 1.1776483216859552 vs. 1.1776483216859552
--------
nle(id0,id1,dist): 50 51 1.1210838131690144
list:
dist: 1.1210838131690144 vs. 1.1210838131690144
--------
nle(id0,id1,dist): 50 52 0.6046047679753189
list:
dist: 0.6046047679753189 vs. 0.6046047679753189
--------
nle(id0,id1,dist): 50 71 3.731878754362584
list:
dist: 3.731878754362584 vs. 3.731878754362584
--------
nle(id0,id1,dist): 50 83 4.829731308817113
list:
dist: 4.829731308817113 vs. 4.829731308817113
--------
nle(id0,id1,dist): 50 81 4.449205230363114
list:
dist: 4.449205230363114 vs. 4.449205230363114
--------
nle(id0,id1,dist): 50 59 1.8422196838485578
list:
dist: 1.8422196838485578 vs. 1.8422196838485578
--------
nle(id0,id1,dist): 50 62 3.9073172521728816
list:
dist: 3.9073172521728816 vs. 3.9073172521728816
--------
nle(id0,id1,dist): 50 56 1.251657849454072
list:
dist: 1.251657849454072 vs. 1.251657849454072
--------
nle(id0,id1,dist): 50 55 1.155152970802793
list:
dist: 1.155152970802793 vs. 1.155152970802793
--------
nle(id0,id1,dist): 50 58 1.0502161646196997
list:
dist: 1.0502161646196997 vs. 1.0502161646196997
--------
nle(id0,id1,dist): 50 57 1.2853374263470043
list:
dist: 1.2853374263470043 vs. 1.2853374263470043
--------
nle(id0,id1,dist): 50 70 4.249471215832081
list:
dist: 4.249471215832081 vs. 4.249471215832081
--------
nle(id0,id1,dist): 43 121 5.274631714824258
list:
dist: 5.274631714824258 vs. 5.274631714824258
--------
nle(id0,id1,dist): 45 47 1.1232671061212762
list:
dist: 1.1232671061212762 vs. 1.1232671061212762
--------
nle(id0,id1,dist): 45 46 1.2198078497693927
list:
dist: 1.2198078497693927 vs. 1.2198078497693927
--------
nle(id0,id1,dist): 44 81 4.904925565112391
list:
dist: 4.904925565112391 vs. 4.904925565112391
--------
nle(id0,id1,dist): 44 71 4.177990037466657
list:
dist: 4.177990037466657 vs. 4.177990037466657
--------
nle(id0,id1,dist): 44 70 4.6008369273684835
list:
dist: 4.6008369273684835 vs. 4.6008369273684835
--------
nle(id0,id1,dist): 44 62 3.9440071803005052
list:
dist: 3.9440071803005052 vs. 3.9440071803005052
--------
nle(id0,id1,dist): 44 55 1.5322906228616289
list:
dist: 1.5322906228616289 vs. 1.5322906228616289
--------
nle(id0,id1,dist): 44 56 1.9621085604686472
list:
dist: 1.9621085604686472 vs. 1.9621085604686472
--------
nle(id0,id1,dist): 44 53 0.9456576805332206
list:
dist: 0.9456576805332206 vs. 0.9456576805332206
--------
nle(id0,id1,dist): 44 54 1.5142726838418046
list:
dist: 1.5142726838418046 vs. 1.5142726838418046
--------
nle(id0,id1,dist): 44 59 2.1386073292368937
list:
dist: 2.1386073292368937 vs. 2.1386073292368937
--------
nle(id0,id1,dist): 44 57 1.3909269308634125
list:
dist: 1.3909269308634125 vs. 1.3909269308634125
--------
nle(id0,id1,dist): 44 58 1.5304770756776722
list:
dist: 1.5304770756776722 vs. 1.5304770756776722
--------
nle(id0,id1,dist): 45 71 4.801398575697427
list:
dist: 4.801398575697427 vs. 4.801398575697427
--------
nle(id0,id1,dist): 45 70 5.279698938141591
list:
dist: 5.279698938141591 vs. 5.279698938141591
--------
nle(id0,id1,dist): 45 56 2.715809203033679
list:
dist: 2.715809203033679 vs. 2.715809203033679
--------
nle(id0,id1,dist): 45 57 1.5956497361617932
list:
dist: 1.5956497361617932 vs. 1.5956497361617932
--------
nle(id0,id1,dist): 45 58 2.0783883649446206
list:
dist: 2.0783883649446206 vs. 2.0783883649446206
--------
nle(id0,id1,dist): 45 59 2.486720200388337
list:
dist: 2.486720200388337 vs. 2.486720200388337
--------
nle(id0,id1,dist): 45 62 4.326819208714769
list:
dist: 4.326819208714769 vs. 4.326819208714769
--------
nle(id0,id1,dist): 45 48 1.5773290257998789
list:
dist: 1.5773290257998789 vs. 1.5773290257998789
--------
nle(id0,id1,dist): 43 123 5.688102589635054
list:
dist: 5.688102589635054 vs. 5.688102589635054
--------
nle(id0,id1,dist): 45 49 1.1578947224856897
list:
dist: 1.1578947224856897 vs. 1.1578947224856897
--------
nle(id0,id1,dist): 45 50 1.8038062973353117
list:
dist: 1.8038062973353117 vs. 1.8038062973353117
--------
nle(id0,id1,dist): 45 51 1.4959499778492298
list:
dist: 1.4959499778492298 vs. 1.4959499778492298
--------
nle(id0,id1,dist): 45 52 2.269033585225448
list:
dist: 2.269033585225448 vs. 2.269033585225448
--------
nle(id0,id1,dist): 45 53 1.171502880652898
list:
dist: 1.171502880652898 vs. 1.171502880652898
--------
nle(id0,id1,dist): 45 54 2.3527675240398973
list:
dist: 2.3527675240398973 vs. 2.3527675240398973
--------
nle(id0,id1,dist): 45 55 1.863735081301817
list:
dist: 1.863735081301817 vs. 1.863735081301817
--------
nle(id0,id1,dist): 46 71 3.6572043160053744
list:
dist: 3.6572043160053744 vs. 3.6572043160053744
--------
nle(id0,id1,dist): 46 70 4.199034688678949
list:
dist: 4.199034688678949 vs. 4.199034688678949
--------
nle(id0,id1,dist): 46 62 3.1601251927628593
list:
dist: 3.1601251927628593 vs. 3.1601251927628593
--------
nle(id0,id1,dist): 46 59 1.5069942812491932
list:
dist: 1.5069942812491932 vs. 1.5069942812491932
--------
nle(id0,id1,dist): 46 57 1.188036397373705
list:
dist: 1.188036397373705 vs. 1.188036397373705
--------
nle(id0,id1,dist): 46 58 1.3823741677801586
list:
dist: 1.3823741677801586 vs. 1.3823741677801586
--------
nle(id0,id1,dist): 46 55 1.8022851147481798
list:
dist: 1.8022851147481798 vs. 1.8022851147481798
--------
nle(id0,id1,dist): 46 56 1.9449568079978008
list:
dist: 1.9449568079978008 vs. 1.9449568079978008
--------
nle(id0,id1,dist): 46 53 0.4841290697497572
list:
dist: 0.4841290697497572 vs. 0.4841290697497572
--------
nle(id0,id1,dist): 46 54 1.616171348828946
list:
dist: 1.616171348828946 vs. 1.616171348828946
--------
nle(id0,id1,dist): 46 51 0.8009580066567343
list:
dist: 0.8009580066567343 vs. 0.8009580066567343
--------
nle(id0,id1,dist): 46 52 2.1799977812461426
list:
dist: 2.1799977812461426 vs. 2.1799977812461426
--------
nle(id0,id1,dist): 46 49 1.32675349747898
list:
dist: 1.32675349747898 vs. 1.32675349747898
--------
nle(id0,id1,dist): 46 50 1.6223535232308843
list:
dist: 1.6223535232308843 vs. 1.6223535232308843
--------
nle(id0,id1,dist): 46 47 1.6987806410753958
list:
dist: 1.6987806410753958 vs. 1.6987806410753958
--------
nle(id0,id1,dist): 46 48 0.9273193364510289
list:
dist: 0.9273193364510289 vs. 0.9273193364510289
--------
nle(id0,id1,dist): 45 81 5.578653046247512
list:
dist: 5.578653046247512 vs. 5.578653046247512
--------
nle(id0,id1,dist): 47 59 2.4022706916894876
list:
dist: 2.4022706916894876 vs. 2.4022706916894876
--------
nle(id0,id1,dist): 47 58 1.7061095098383312
list:
dist: 1.7061095098383312 vs. 1.7061095098383312
--------
nle(id0,id1,dist): 47 55 1.1962929228913302
list:
dist: 1.1962929228913302 vs. 1.1962929228913302
--------
nle(id0,id1,dist): 47 54 2.0758346093400677
list:
dist: 2.0758346093400677 vs. 2.0758346093400677
--------
nle(id0,id1,dist): 47 57 1.3919691050492549
list:
dist: 1.3919691050492549 vs. 1.3919691050492549
--------
nle(id0,id1,dist): 47 56 2.2277757358789394
list:
dist: 2.2277757358789394 vs. 2.2277757358789394
--------
nle(id0,id1,dist): 47 50 1.06069894911934
list:
dist: 1.06069894911934 vs. 1.06069894911934
--------
nle(id0,id1,dist): 47 51 1.5545342209476787
list:
dist: 1.5545342209476787 vs. 1.5545342209476787
--------
nle(id0,id1,dist): 47 52 1.3961736152465711
list:
dist: 1.3961736152465711 vs. 1.3961736152465711
--------
nle(id0,id1,dist): 47 53 1.3418990111238176
list:
dist: 1.3418990111238176 vs. 1.3418990111238176
--------
nle(id0,id1,dist): 47 48 2.0291218010127783
list:
dist: 2.0291218010127783 vs. 2.0291218010127783
--------
nle(id0,id1,dist): 47 49 1.9031086423045802
list:
dist: 1.9031086423045802 vs. 1.9031086423045802
--------
nle(id0,id1,dist): 46 81 4.458714018035425
list:
dist: 4.458714018035425 vs. 4.458714018035425
--------
nle(id0,id1,dist): 54 70 3.1404657153089803
list:
dist: 3.1404657153089803 vs. 3.1404657153089803
--------
nle(id0,id1,dist): 54 71 2.78842541601256
list:
dist: 2.78842541601256 vs. 2.78842541601256
--------
nle(id0,id1,dist): 54 81 3.441671409052118
list:
dist: 3.441671409052118 vs. 3.441671409052118
--------
nle(id0,id1,dist): 55 56 1.676629295058855
list:
dist: 1.676629295058855 vs. 1.676629295058855
--------
nle(id0,id1,dist): 55 57 0.7267094388426585
list:
dist: 0.7267094388426585 vs. 0.7267094388426585
--------
nle(id0,id1,dist): 55 58 1.027824371391823
list:
dist: 1.027824371391823 vs. 1.027824371391823
--------
nle(id0,id1,dist): 55 59 1.6487724080434585
list:
dist: 1.6487724080434585 vs. 1.6487724080434585
--------
nle(id0,id1,dist): 55 62 4.373608654721709
list:
dist: 4.373608654721709 vs. 4.373608654721709
--------
nle(id0,id1,dist): 55 71 4.139337186923396
list:
dist: 4.139337186923396 vs. 4.139337186923396
--------
nle(id0,id1,dist): 55 70 4.914116733350092
list:
dist: 4.914116733350092 vs. 4.914116733350092
--------
nle(id0,id1,dist): 55 81 4.964636551147406
list:
dist: 4.964636551147406 vs. 4.964636551147406
--------
nle(id0,id1,dist): 54 121 4.320210078480874
list:
dist: 4.320210078480874 vs. 4.320210078480874
--------
nle(id0,id1,dist): 55 83 5.186421712682058
list:
dist: 5.186421712682058 vs. 5.186421712682058
--------
nle(id0,id1,dist): 54 123 4.6951769865922826
list:
dist: 4.6951769865922826 vs. 4.6951769865922826
--------
nle(id0,id1,dist): 56 62 3.125197781559481
list:
dist: 3.125197781559481 vs. 3.125197781559481
--------
nle(id0,id1,dist): 56 58 0.8276861866626125
list:
dist: 0.8276861866626125 vs. 0.8276861866626125
--------
nle(id0,id1,dist): 56 57 1.5752693587427362
list:
dist: 1.5752693587427362 vs. 1.5752693587427362
--------
nle(id0,id1,dist): 56 59 1.2151803146533104
list:
dist: 1.2151803146533104 vs. 1.2151803146533104
--------
nle(id0,id1,dist): 56 70 3.291988569905329
list:
dist: 3.291988569905329 vs. 3.291988569905329
--------
nle(id0,id1,dist): 56 71 2.5830084174062433
list:
dist: 2.5830084174062433 vs. 2.5830084174062433
--------
nle(id0,id1,dist): 56 81 3.341581951475204
list:
dist: 3.341581951475204 vs. 3.341581951475204
--------
nle(id0,id1,dist): 56 83 3.6234780225266014
list:
dist: 3.6234780225266014 vs. 3.6234780225266014
--------
nle(id0,id1,dist): 57 59 1.1397023338996777
list:
dist: 1.1397023338996777 vs. 1.1397023338996777
--------
nle(id0,id1,dist): 57 58 0.7515415133756314
list:
dist: 0.7515415133756314 vs. 0.7515415133756314
--------
nle(id0,id1,dist): 57 62 3.8062778362796106
list:
dist: 3.8062778362796106 vs. 3.8062778362796106
--------
nle(id0,id1,dist): 57 70 4.566833351470158
list:
dist: 4.566833351470158 vs. 4.566833351470158
--------
nle(id0,id1,dist): 57 71 3.7887185634908063
list:
dist: 3.7887185634908063 vs. 3.7887185634908063
--------
nle(id0,id1,dist): 57 81 4.647292112123102
list:
dist: 4.647292112123102 vs. 4.647292112123102
--------
nle(id0,id1,dist): 51 58 1.26323849158843
list:
dist: 1.26323849158843 vs. 1.26323849158843
--------
nle(id0,id1,dist): 51 59 1.660285778600074
list:
dist: 1.660285778600074 vs. 1.660285778600074
--------
nle(id0,id1,dist): 51 62 3.0957115690362205
list:
dist: 3.0957115690362205 vs. 3.0957115690362205
--------
nle(id0,id1,dist): 51 52 1.5627436017450465
list:
dist: 1.5627436017450465 vs. 1.5627436017450465
--------
nle(id0,id1,dist): 51 53 0.7986706461907156
list:
dist: 0.7986706461907156 vs. 0.7986706461907156
--------
nle(id0,id1,dist): 51 54 0.9103146709808174
list:
dist: 0.9103146709808174 vs. 0.9103146709808174
--------
nle(id0,id1,dist): 51 55 1.8095750706413023
list:
dist: 1.8095750706413023 vs. 1.8095750706413023
--------
nle(id0,id1,dist): 51 56 1.5338278509721412
list:
dist: 1.5338278509721412 vs. 1.5338278509721412
--------
nle(id0,id1,dist): 51 57 1.4165103604171143
list:
dist: 1.4165103604171143 vs. 1.4165103604171143
--------
nle(id0,id1,dist): 51 81 4.1286333084505245
list:
dist: 4.1286333084505245 vs. 4.1286333084505245
--------
nle(id0,id1,dist): 51 71 3.402035413206144
list:
dist: 3.402035413206144 vs. 3.402035413206144
--------
nle(id0,id1,dist): 51 70 3.811256751504388
list:
dist: 3.811256751504388 vs. 3.811256751504388
--------
nle(id0,id1,dist): 52 55 1.5967296602683267
list:
dist: 1.5967296602683267 vs. 1.5967296602683267
--------
nle(id0,id1,dist): 52 56 1.4633857244777937
list:
dist: 1.4633857244777937 vs. 1.4633857244777937
--------
nle(id0,id1,dist): 52 53 1.8381335172604043
list:
dist: 1.8381335172604043 vs. 1.8381335172604043
--------
nle(id0,id1,dist): 52 54 1.348096397865712
list:
dist: 1.348096397865712 vs. 1.348096397865712
--------
nle(id0,id1,dist): 52 59 2.3303681672947283
list:
dist: 2.3303681672947283 vs. 2.3303681672947283
--------
nle(id0,id1,dist): 52 57 1.864288030325329
list:
dist: 1.864288030325329 vs. 1.864288030325329
--------
nle(id0,id1,dist): 52 58 1.5434548673076205
list:
dist: 1.5434548673076205 vs. 1.5434548673076205
--------
nle(id0,id1,dist): 53 54 1.5256473530899926
list:
dist: 1.5256473530899926 vs. 1.5256473530899926
--------
nle(id0,id1,dist): 53 55 1.3214629064953503
list:
dist: 1.3214629064953503 vs. 1.3214629064953503
--------
nle(id0,id1,dist): 53 71 3.6973531464999185
list:
dist: 3.6973531464999185 vs. 3.6973531464999185
--------
nle(id0,id1,dist): 53 70 4.309009320364923
list:
dist: 4.309009320364923 vs. 4.309009320364923
--------
nle(id0,id1,dist): 53 62 3.4287195994144204
list:
dist: 3.4287195994144204 vs. 3.4287195994144204
--------
nle(id0,id1,dist): 53 57 0.7531673556038742
list:
dist: 0.7531673556038742 vs. 0.7531673556038742
--------
nle(id0,id1,dist): 53 56 1.6775677502949111
list:
dist: 1.6775677502949111 vs. 1.6775677502949111
--------
nle(id0,id1,dist): 53 59 1.33881777166273
list:
dist: 1.33881777166273 vs. 1.33881777166273
--------
nle(id0,id1,dist): 53 58 1.015030429280437
list:
dist: 1.015030429280437 vs. 1.015030429280437
--------
nle(id0,id1,dist): 53 81 4.515347576508391
list:
dist: 4.515347576508391 vs. 4.515347576508391
--------
nle(id0,id1,dist): 54 62 2.8541427757891773
list:
dist: 2.8541427757891773 vs. 2.8541427757891773
--------
nle(id0,id1,dist): 54 59 1.734642813474144
list:
dist: 1.734642813474144 vs. 1.734642813474144
--------
nle(id0,id1,dist): 54 58 1.324329471200323
list:
dist: 1.324329471200323 vs. 1.324329471200323
--------
nle(id0,id1,dist): 54 57 1.865798640281811
list:
dist: 1.865798640281811 vs. 1.865798640281811
--------
nle(id0,id1,dist): 54 56 1.0277812654519498
list:
dist: 1.0277812654519498 vs. 1.0277812654519498
--------
nle(id0,id1,dist): 54 55 2.0942621346207053
list:
dist: 2.0942621346207053 vs. 2.0942621346207053
--------
nle(id0,id1,dist): 93 97 1.0077036142766513
list:
dist: 1.0077036142766513 vs. 1.0077036142766513
--------
nle(id0,id1,dist): 93 96 1.473621246349758
list:
dist: 1.473621246349758 vs. 1.473621246349758
--------
nle(id0,id1,dist): 93 99 2.0361244310361877
list:
dist: 2.0361244310361877 vs. 2.0361244310361877
--------
nle(id0,id1,dist): 93 98 0.299365475221287
list:
dist: 0.299365475221287 vs. 0.299365475221287
--------
nle(id0,id1,dist): 93 101 0.9541165100372315
list:
dist: 0.9541165100372315 vs. 0.9541165100372315
--------
nle(id0,id1,dist): 93 100 1.2600213404921032
list:
dist: 1.2600213404921032 vs. 1.2600213404921032
--------
nle(id0,id1,dist): 93 103 0.9204222958541111
list:
dist: 0.9204222958541111 vs. 0.9204222958541111
--------
nle(id0,id1,dist): 93 102 1.8762896064948866
list:
dist: 1.8762896064948866 vs. 1.8762896064948866
--------
nle(id0,id1,dist): 93 105 1.521453928676014
list:
dist: 1.521453928676014 vs. 1.521453928676014
--------
nle(id0,id1,dist): 93 104 1.6162770320817754
list:
dist: 1.6162770320817754 vs. 1.6162770320817754
--------
nle(id0,id1,dist): 93 107 1.5508012131791624
list:
dist: 1.5508012131791624 vs. 1.5508012131791624
--------
nle(id0,id1,dist): 93 106 2.0310715896320763
list:
dist: 2.0310715896320763 vs. 2.0310715896320763
--------
nle(id0,id1,dist): 93 109 1.5464061940556317
list:
dist: 1.5464061940556317 vs. 1.5464061940556317
--------
nle(id0,id1,dist): 93 108 1.994195515558312
list:
dist: 1.994195515558312 vs. 1.994195515558312
--------
nle(id0,id1,dist): 93 110 3.799209397959457
list:
dist: 3.799209397959457 vs. 3.799209397959457
--------
nle(id0,id1,dist): 94 109 1.5615652051495301
list:
dist: 1.5615652051495301 vs. 1.5615652051495301
--------
nle(id0,id1,dist): 94 110 3.6797604937532418
list:
dist: 3.6797604937532418 vs. 3.6797604937532418
--------
nle(id0,id1,dist): 94 107 1.645611716240293
list:
dist: 1.645611716240293 vs. 1.645611716240293
--------
nle(id0,id1,dist): 94 108 2.39254356092523
list:
dist: 2.39254356092523 vs. 2.39254356092523
--------
nle(id0,id1,dist): 94 98 0.7245485140090144
list:
dist: 0.7245485140090144 vs. 0.7245485140090144
--------
nle(id0,id1,dist): 94 97 1.1563658406369846
list:
dist: 1.1563658406369846 vs. 1.1563658406369846
--------
nle(id0,id1,dist): 94 96 1.6711096912905652
list:
dist: 1.6711096912905652 vs. 1.6711096912905652
--------
nle(id0,id1,dist): 94 95 1.2515137488941155
list:
dist: 1.2515137488941155 vs. 1.2515137488941155
--------
nle(id0,id1,dist): 94 102 1.812805534930375
list:
dist: 1.812805534930375 vs. 1.812805534930375
--------
nle(id0,id1,dist): 94 101 0.8862407629607562
list:
dist: 0.8862407629607562 vs. 0.8862407629607562
--------
nle(id0,id1,dist): 94 100 1.0567305869228034
list:
dist: 1.0567305869228034 vs. 1.0567305869228034
--------
nle(id0,id1,dist): 94 99 2.3413929372187456
list:
dist: 2.3413929372187456 vs. 2.3413929372187456
--------
nle(id0,id1,dist): 94 106 2.06084214537905
list:
dist: 2.06084214537905 vs. 2.06084214537905
--------
nle(id0,id1,dist): 94 105 1.7781911414428626
list:
dist: 1.7781911414428626 vs. 1.7781911414428626
--------
nle(id0,id1,dist): 94 104 1.543317071404777
list:
dist: 1.543317071404777 vs. 1.543317071404777
--------
nle(id0,id1,dist): 94 103 1.1406839886456492
list:
dist: 1.1406839886456492 vs. 1.1406839886456492
--------
nle(id0,id1,dist): 92 97 1.5663999284740278
list:
dist: 1.5663999284740278 vs. 1.5663999284740278
--------
nle(id0,id1,dist): 92 98 0.8816918044019154
list:
dist: 0.8816918044019154 vs. 0.8816918044019154
--------
nle(id0,id1,dist): 92 99 2.5016062752786143
list:
dist: 2.5016062752786143 vs. 2.5016062752786143
--------
nle(id0,id1,dist): 92 100 1.5789172239936977
list:
dist: 1.5789172239936977 vs. 1.5789172239936977
--------
nle(id0,id1,dist): 92 93 0.6134455435561181
list:
dist: 0.6134455435561181 vs. 0.6134455435561181
--------
nle(id0,id1,dist): 92 94 0.7218496138183029
list:
dist: 0.7218496138183029 vs. 0.7218496138183029
--------
nle(id0,id1,dist): 92 95 1.8182262086284655
list:
dist: 1.8182262086284655 vs. 1.8182262086284655
--------
nle(id0,id1,dist): 92 96 1.8813592802468997
list:
dist: 1.8813592802468997 vs. 1.8813592802468997
--------
nle(id0,id1,dist): 91 110 3.577621444698522
list:
dist: 3.577621444698522 vs. 3.577621444698522
--------
nle(id0,id1,dist): 91 107 1.788386785026705
list:
dist: 1.788386785026705 vs. 1.788386785026705
--------
nle(id0,id1,dist): 91 106 2.0983444394910005
list:
dist: 2.0983444394910005 vs. 2.0983444394910005
--------
nle(id0,id1,dist): 91 109 1.6296284661828526
list:
dist: 1.6296284661828526 vs. 1.6296284661828526
--------
nle(id0,id1,dist): 91 108 2.745942619614067
list:
dist: 2.745942619614067 vs. 2.745942619614067
--------
nle(id0,id1,dist): 93 94 0.5644329524025258
list:
dist: 0.5644329524025258 vs. 0.5644329524025258
--------
nle(id0,id1,dist): 93 95 1.469468433095918
list:
dist: 1.469468433095918 vs. 1.469468433095918
--------
nle(id0,id1,dist): 92 108 2.4901563045482527
list:
dist: 2.4901563045482527 vs. 2.4901563045482527
--------
nle(id0,id1,dist): 92 107 2.085133295705279
list:
dist: 2.085133295705279 vs. 2.085133295705279
--------
nle(id0,id1,dist): 92 106 2.5962306328133673
list:
dist: 2.5962306328133673 vs. 2.5962306328133673
--------
nle(id0,id1,dist): 92 105 2.1312038932612474
list:
dist: 2.1312038932612474 vs. 2.1312038932612474
--------
nle(id0,id1,dist): 92 104 2.15448510172947
list:
dist: 2.15448510172947 vs. 2.15448510172947
--------
nle(id0,id1,dist): 92 103 1.5195874820577508
list:
dist: 1.5195874820577508 vs. 1.5195874820577508
--------
nle(id0,id1,dist): 92 102 2.302630862302751
list:
dist: 2.302630862302751 vs. 2.302630862302751
--------
nle(id0,id1,dist): 92 101 1.4366820818608155
list:
dist: 1.4366820818608155 vs. 1.4366820818608155
--------
nle(id0,id1,dist): 92 110 4.118006889967321
list:
dist: 4.118006889967321 vs. 4.118006889967321
--------
nle(id0,id1,dist): 92 109 2.1017407539434645
list:
dist: 2.1017407539434645 vs. 2.1017407539434645
--------
nle(id0,id1,dist): 97 101 0.42034093033554276
list:
dist: 0.42034093033554276 vs. 0.42034093033554276
--------
nle(id0,id1,dist): 97 100 1.5067289958944317
list:
dist: 1.5067289958944317 vs. 1.5067289958944317
--------
nle(id0,id1,dist): 97 103 0.7063255305974621
list:
dist: 0.7063255305974621 vs. 0.7063255305974621
--------
nle(id0,id1,dist): 97 102 1.8339665091568658
list:
dist: 1.8339665091568658 vs. 1.8339665091568658
--------
nle(id0,id1,dist): 97 105 0.7729621269951027
list:
dist: 0.7729621269951027 vs. 0.7729621269951027
--------
nle(id0,id1,dist): 97 104 1.080033554811455
list:
dist: 1.080033554811455 vs. 1.080033554811455
--------
nle(id0,id1,dist): 97 107 0.549966830280992
list:
dist: 0.549966830280992 vs. 0.549966830280992
--------
nle(id0,id1,dist): 97 106 1.061403052731465
list:
dist: 1.061403052731465 vs. 1.061403052731465
--------
nle(id0,id1,dist): 97 99 1.304845559458568
list:
dist: 1.304845559458568 vs. 1.304845559458568
--------
nle(id0,id1,dist): 97 98 0.735491233120792
list:
dist: 0.735491233120792 vs. 0.735491233120792
--------
nle(id0,id1,dist): 98 102 1.8648860139526586
list:
dist: 1.8648860139526586 vs. 1.8648860139526586
--------
nle(id0,id1,dist): 98 101 0.7704804755953568
list:
dist: 0.7704804755953568 vs. 0.7704804755953568
--------
nle(id0,id1,dist): 98 100 1.3357934164088558
list:
dist: 1.3357934164088558 vs. 1.3357934164088558
--------
nle(id0,id1,dist): 98 99 1.7483068944417874
list:
dist: 1.7483068944417874 vs. 1.7483068944417874
--------
nle(id0,id1,dist): 97 110 2.990151505103992
list:
dist: 2.990151505103992 vs. 2.990151505103992
--------
nle(id0,id1,dist): 97 108 1.386835001726557
list:
dist: 1.386835001726557 vs. 1.386835001726557
--------
nle(id0,id1,dist): 97 109 0.6088279471784482
list:
dist: 0.6088279471784482 vs. 0.6088279471784482
--------
nle(id0,id1,dist): 95 110 2.455915583569313
list:
dist: 2.455915583569313 vs. 2.455915583569313
--------
nle(id0,id1,dist): 95 107 0.9222917524038005
list:
dist: 0.9222917524038005 vs. 0.9222917524038005
--------
nle(id0,id1,dist): 95 106 1.2745076922172989
list:
dist: 1.2745076922172989 vs. 1.2745076922172989
--------
nle(id0,id1,dist): 95 109 0.9137582148548621
list:
dist: 0.9137582148548621 vs. 0.9137582148548621
--------
nle(id0,id1,dist): 95 108 2.1066796888430512
list:
dist: 2.1066796888430512 vs. 2.1066796888430512
--------
nle(id0,id1,dist): 95 103 1.4454114634641257
list:
dist: 1.4454114634641257 vs. 1.4454114634641257
--------
nle(id0,id1,dist): 95 102 2.199154164689318
list:
dist: 2.199154164689318 vs. 2.199154164689318
--------
nle(id0,id1,dist): 95 105 1.567854779718579
list:
dist: 1.567854779718579 vs. 1.567854779718579
--------
nle(id0,id1,dist): 95 104 1.3596989495744236
list:
dist: 1.3596989495744236 vs. 1.3596989495744236
--------
nle(id0,id1,dist): 95 98 1.3201657540512897
list:
dist: 1.3201657540512897 vs. 1.3201657540512897
--------
nle(id0,id1,dist): 95 99 1.811522424548244
list:
dist: 1.811522424548244 vs. 1.811522424548244
--------
nle(id0,id1,dist): 95 100 1.736866629219871
list:
dist: 1.736866629219871 vs. 1.736866629219871
--------
nle(id0,id1,dist): 95 101 0.6198746940606955
list:
dist: 0.6198746940606955 vs. 0.6198746940606955
--------
nle(id0,id1,dist): 95 96 1.1355155107161297
list:
dist: 1.1355155107161297 vs. 1.1355155107161297
--------
nle(id0,id1,dist): 95 97 0.9096733353533721
list:
dist: 0.9096733353533721 vs. 0.9096733353533721
--------
nle(id0,id1,dist): 96 110 2.5756476395329813
list:
dist: 2.5756476395329813 vs. 2.5756476395329813
--------
nle(id0,id1,dist): 96 109 1.1390055014478906
list:
dist: 1.1390055014478906 vs. 1.1390055014478906
--------
nle(id0,id1,dist): 96 108 1.1395213611171429
list:
dist: 1.1395213611171429 vs. 1.1395213611171429
--------
nle(id0,id1,dist): 96 107 0.7527812238568613
list:
dist: 0.7527812238568613 vs. 0.7527812238568613
--------
nle(id0,id1,dist): 96 106 1.3931969301906646
list:
dist: 1.3931969301906646 vs. 1.3931969301906646
--------
nle(id0,id1,dist): 96 105 1.2674255048165373
list:
dist: 1.2674255048165373 vs. 1.2674255048165373
--------
nle(id0,id1,dist): 96 104 1.8373939732559241
list:
dist: 1.8373939732559241 vs. 1.8373939732559241
--------
nle(id0,id1,dist): 96 103 1.4727868121943437
list:
dist: 1.4727868121943437 vs. 1.4727868121943437
--------
nle(id0,id1,dist): 96 102 2.6505531996374563
list:
dist: 2.6505531996374563 vs. 2.6505531996374563
--------
nle(id0,id1,dist): 96 101 1.0389877178161917
list:
dist: 1.0389877178161917 vs. 1.0389877178161917
--------
nle(id0,id1,dist): 96 100 2.289381460985484
list:
dist: 2.289381460985484 vs. 2.289381460985484
--------
nle(id0,id1,dist): 96 99 0.7936237350346713
list:
dist: 0.7936237350346713 vs. 0.7936237350346713
--------
nle(id0,id1,dist): 96 98 1.2116607737765421
list:
dist: 1.2116607737765421 vs. 1.2116607737765421
--------
nle(id0,id1,dist): 96 97 0.8188904004656214
list:
dist: 0.8188904004656214 vs. 0.8188904004656214
--------
nle(id0,id1,dist): 85 139 2.737712795296888
list:
dist: 2.737712795296888 vs. 2.737712795296888
--------
nle(id0,id1,dist): 85 138 2.476504427149219
list:
dist: 2.476504427149219 vs. 2.476504427149219
--------
nle(id0,id1,dist): 85 137 2.6379803349961146
list:
dist: 2.6379803349961146 vs. 2.6379803349961146
--------
nle(id0,id1,dist): 85 136 2.912276158106448
list:
dist: 2.912276158106448 vs. 2.912276158106448
--------
nle(id0,id1,dist): 85 143 2.873086042811293
list:
dist: 2.873086042811293 vs. 2.873086042811293
--------
nle(id0,id1,dist): 85 142 4.297257282253145
list:
dist: 4.297257282253145 vs. 4.297257282253145
--------
nle(id0,id1,dist): 85 141 3.2579527821783665
list:
dist: 3.2579527821783665 vs. 3.2579527821783665
--------
nle(id0,id1,dist): 85 140 3.55227702917088
list:
dist: 3.55227702917088 vs. 3.55227702917088
--------
nle(id0,id1,dist): 85 146 3.26808818886333
list:
dist: 3.26808818886333 vs. 3.26808818886333
--------
nle(id0,id1,dist): 85 145 3.249856904457053
list:
dist: 3.249856904457053 vs. 3.249856904457053
--------
nle(id0,id1,dist): 85 144 2.780243602266668
list:
dist: 2.780243602266668 vs. 2.780243602266668
--------
nle(id0,id1,dist): 86 113 3.073269425359744
list:
dist: 3.073269425359744 vs. 3.073269425359744
--------
nle(id0,id1,dist): 85 149 3.6587428438076324
list:
dist: 3.6587428438076324 vs. 3.6587428438076324
--------
nle(id0,id1,dist): 85 148 3.510181175873846
list:
dist: 3.510181175873846 vs. 3.510181175873846
--------
nle(id0,id1,dist): 86 121 3.2485577302415765
list:
dist: 3.2485577302415765 vs. 3.2485577302415765
--------
nle(id0,id1,dist): 86 120 2.754917197616674
list:
dist: 2.754917197616674 vs. 2.754917197616674
--------
nle(id0,id1,dist): 86 125 2.161745287514319
list:
dist: 2.161745287514319 vs. 2.161745287514319
--------
nle(id0,id1,dist): 87 88 0.6781219840243661
list:
dist: 0.6781219840243661 vs. 0.6781219840243661
--------
nle(id0,id1,dist): 86 126 1.6980578690025212
list:
dist: 1.6980578690025212 vs. 1.6980578690025212
--------
nle(id0,id1,dist): 87 89 0.9420031105127542
list:
dist: 0.9420031105127542 vs. 0.9420031105127542
--------
nle(id0,id1,dist): 86 123 2.826708666622687
list:
dist: 2.826708666622687 vs. 2.826708666622687
--------
nle(id0,id1,dist): 86 124 3.1440281972803468
list:
dist: 3.1440281972803468 vs. 3.1440281972803468
--------
nle(id0,id1,dist): 86 129 2.0950803222257806
list:
dist: 2.0950803222257806 vs. 2.0950803222257806
--------
nle(id0,id1,dist): 86 130 2.832687736384529
list:
dist: 2.832687736384529 vs. 2.832687736384529
--------
nle(id0,id1,dist): 86 127 2.9191132116485026
list:
dist: 2.9191132116485026 vs. 2.9191132116485026
--------
nle(id0,id1,dist): 86 128 1.0467933087322452
list:
dist: 1.0467933087322452 vs. 1.0467933087322452
--------
nle(id0,id1,dist): 86 132 2.4172895071713065
list:
dist: 2.4172895071713065 vs. 2.4172895071713065
--------
nle(id0,id1,dist): 86 131 2.4461387650772046
list:
dist: 2.4461387650772046 vs. 2.4461387650772046
--------
nle(id0,id1,dist): 86 134 2.4457479173066585
list:
dist: 2.4457479173066585 vs. 2.4457479173066585
--------
nle(id0,id1,dist): 86 136 1.8630839525711826
list:
dist: 1.8630839525711826 vs. 1.8630839525711826
--------
nle(id0,id1,dist): 86 135 2.4811381537764023
list:
dist: 2.4811381537764023 vs. 2.4811381537764023
--------
nle(id0,id1,dist): 86 138 1.4740485063766096
list:
dist: 1.4740485063766096 vs. 1.4740485063766096
--------
nle(id0,id1,dist): 86 137 1.757478247303047
list:
dist: 1.757478247303047 vs. 1.757478247303047
--------
nle(id0,id1,dist): 86 140 2.593436607879771
list:
dist: 2.593436607879771 vs. 2.593436607879771
--------
nle(id0,id1,dist): 86 139 1.6993201847962855
list:
dist: 1.6993201847962855 vs. 1.6993201847962855
--------
nle(id0,id1,dist): 86 142 3.2618552560771796
list:
dist: 3.2618552560771796 vs. 3.2618552560771796
--------
nle(id0,id1,dist): 86 141 2.3167623594025577
list:
dist: 2.3167623594025577 vs. 2.3167623594025577
--------
nle(id0,id1,dist): 86 144 1.7353094732326502
list:
dist: 1.7353094732326502 vs. 1.7353094732326502
--------
nle(id0,id1,dist): 86 143 1.7893003473152838
list:
dist: 1.7893003473152838 vs. 1.7893003473152838
--------
nle(id0,id1,dist): 86 146 2.1970131508553976
list:
dist: 2.1970131508553976 vs. 2.1970131508553976
--------
nle(id0,id1,dist): 86 145 2.2005320930434005
list:
dist: 2.2005320930434005 vs. 2.2005320930434005
--------
nle(id0,id1,dist): 86 148 2.5113208384348047
list:
dist: 2.5113208384348047 vs. 2.5113208384348047
--------
nle(id0,id1,dist): 86 149 2.6219325098061854
list:
dist: 2.6219325098061854 vs. 2.6219325098061854
--------
nle(id0,id1,dist): 87 113 3.0660472159401495
list:
dist: 3.0660472159401495 vs. 3.0660472159401495
--------
nle(id0,id1,dist): 87 120 3.4373026046349766
list:
dist: 3.4373026046349766 vs. 3.4373026046349766
--------
nle(id0,id1,dist): 87 121 3.797144598220529
list:
dist: 3.797144598220529 vs. 3.797144598220529
--------
nle(id0,id1,dist): 87 123 3.380871197729759
list:
dist: 3.380871197729759 vs. 3.380871197729759
--------
nle(id0,id1,dist): 87 124 3.6774353940254145
list:
dist: 3.6774353940254145 vs. 3.6774353940254145
--------
nle(id0,id1,dist): 87 125 2.771977026232282
list:
dist: 2.771977026232282 vs. 2.771977026232282
--------
nle(id0,id1,dist): 84 113 4.112200844151424
list:
dist: 4.112200844151424 vs. 4.112200844151424
--------
nle(id0,id1,dist): 85 87 0.8774226025987556
list:
dist: 0.8774226025987556 vs. 0.8774226025987556
--------
nle(id0,id1,dist): 85 86 1.0905379419907717
list:
dist: 1.0905379419907717 vs. 1.0905379419907717
--------
nle(id0,id1,dist): 85 88 1.48713384276639
list:
dist: 1.48713384276639 vs. 1.48713384276639
--------
nle(id0,id1,dist): 85 89 1.4939263324627086
list:
dist: 1.4939263324627086 vs. 1.4939263324627086
--------
nle(id0,id1,dist): 85 113 3.8369955574846832
list:
dist: 3.8369955574846832 vs. 3.8369955574846832
--------
nle(id0,id1,dist): 84 149 4.311111353939477
list:
dist: 4.311111353939477 vs. 4.311111353939477
--------
nle(id0,id1,dist): 85 124 3.4891137121884435
list:
dist: 3.4891137121884435 vs. 3.4891137121884435
--------
nle(id0,id1,dist): 86 87 0.8719552765846658
list:
dist: 0.8719552765846658 vs. 0.8719552765846658
--------
nle(id0,id1,dist): 85 125 2.7150594748260457
list:
dist: 2.7150594748260457 vs. 2.7150594748260457
--------
nle(id0,id1,dist): 86 88 1.0566381980639947
list:
dist: 1.0566381980639947 vs. 1.0566381980639947
--------
nle(id0,id1,dist): 85 126 2.2240438388037758
list:
dist: 2.2240438388037758 vs. 2.2240438388037758
--------
nle(id0,id1,dist): 86 89 0.6435433006902858
list:
dist: 0.6435433006902858 vs. 0.6435433006902858
--------
nle(id0,id1,dist): 85 127 3.183977030289918
list:
dist: 3.183977030289918 vs. 3.183977030289918
--------
nle(id0,id1,dist): 85 120 3.1048023029999956
list:
dist: 3.1048023029999956 vs. 3.1048023029999956
--------
nle(id0,id1,dist): 85 121 3.3191689822394013
list:
dist: 3.3191689822394013 vs. 3.3191689822394013
--------
nle(id0,id1,dist): 85 123 3.1251264784828967
list:
dist: 3.1251264784828967 vs. 3.1251264784828967
--------
nle(id0,id1,dist): 85 132 3.0401505215331457
list:
dist: 3.0401505215331457 vs. 3.0401505215331457
--------
nle(id0,id1,dist): 85 134 3.300644964280568
list:
dist: 3.300644964280568 vs. 3.300644964280568
--------
nle(id0,id1,dist): 85 135 3.2316427212770096
list:
dist: 3.2316427212770096 vs. 3.2316427212770096
--------
nle(id0,id1,dist): 85 128 2.0212437523210043
list:
dist: 2.0212437523210043 vs. 2.0212437523210043
--------
nle(id0,id1,dist): 85 129 2.238677866058596
list:
dist: 2.238677866058596 vs. 2.238677866058596
--------
nle(id0,id1,dist): 85 130 3.4991333977077974
list:
dist: 3.4991333977077974 vs. 3.4991333977077974
--------
nle(id0,id1,dist): 85 131 3.35166145709848
list:
dist: 3.35166145709848 vs. 3.35166145709848
--------
nle(id0,id1,dist): 89 126 2.1994495554496423
list:
dist: 2.1994495554496423 vs. 2.1994495554496423
--------
nle(id0,id1,dist): 89 127 3.4736896804390853
list:
dist: 3.4736896804390853 vs. 3.4736896804390853
--------
nle(id0,id1,dist): 89 124 3.665860974016442
list:
dist: 3.665860974016442 vs. 3.665860974016442
--------
nle(id0,id1,dist): 89 125 2.6346528175984387
list:
dist: 2.6346528175984387 vs. 2.6346528175984387
--------
nle(id0,id1,dist): 90 93 1.1234967850549102
list:
dist: 1.1234967850549102 vs. 1.1234967850549102
--------
nle(id0,id1,dist): 89 130 3.233628072831204
list:
dist: 3.233628072831204 vs. 3.233628072831204
--------
nle(id0,id1,dist): 90 94 0.6889320063915093
list:
dist: 0.6889320063915093 vs. 0.6889320063915093
--------
nle(id0,id1,dist): 89 131 2.6697908136914683
list:
dist: 2.6697908136914683 vs. 2.6697908136914683
--------
nle(id0,id1,dist): 90 91 0.5730550497097121
list:
dist: 0.5730550497097121 vs. 0.5730550497097121
--------
nle(id0,id1,dist): 89 128 1.3174704878794181
list:
dist: 1.3174704878794181 vs. 1.3174704878794181
--------
nle(id0,id1,dist): 90 92 1.1330531147476457
list:
dist: 1.1330531147476457 vs. 1.1330531147476457
--------
nle(id0,id1,dist): 89 129 2.620718081829161
list:
dist: 2.620718081829161 vs. 2.620718081829161
--------
nle(id0,id1,dist): 89 123 3.3803193833504874
list:
dist: 3.3803193833504874 vs. 3.3803193833504874
--------
nle(id0,id1,dist): 89 120 3.301830893997426
list:
dist: 3.301830893997426 vs. 3.301830893997426
--------
nle(id0,id1,dist): 89 121 3.8568865622745134
list:
dist: 3.8568865622745134 vs. 3.8568865622745134
--------
nle(id0,id1,dist): 89 143 1.5684424601225004
list:
dist: 1.5684424601225004 vs. 1.5684424601225004
--------
nle(id0,id1,dist): 90 106 2.425499146528157
list:
dist: 2.425499146528157 vs. 2.425499146528157
--------
nle(id0,id1,dist): 90 105 2.1940401394981213
list:
dist: 2.1940401394981213 vs. 2.1940401394981213
--------
nle(id0,id1,dist): 89 142 3.2079655818490456
list:
dist: 3.2079655818490456 vs. 3.2079655818490456
--------
nle(id0,id1,dist): 90 104 1.6627543229970414
list:
dist: 1.6627543229970414 vs. 1.6627543229970414
--------
nle(id0,id1,dist): 89 141 2.33990031787839
list:
dist: 2.33990031787839 vs. 2.33990031787839
--------
nle(id0,id1,dist): 90 103 1.4734331602148252
list:
dist: 1.4734331602148252 vs. 1.4734331602148252
--------
nle(id0,id1,dist): 89 140 2.747270807507543
list:
dist: 2.747270807507543 vs. 2.747270807507543
--------
nle(id0,id1,dist): 90 110 4.129311273216825
list:
dist: 4.129311273216825 vs. 4.129311273216825
--------
nle(id0,id1,dist): 90 109 1.9579732611101115
list:
dist: 1.9579732611101115 vs. 1.9579732611101115
--------
nle(id0,id1,dist): 89 146 1.9428854203589772
list:
dist: 1.9428854203589772 vs. 1.9428854203589772
--------
nle(id0,id1,dist): 89 145 2.0405090433507573
list:
dist: 2.0405090433507573 vs. 2.0405090433507573
--------
nle(id0,id1,dist): 90 108 2.974830329226269
list:
dist: 2.974830329226269 vs. 2.974830329226269
--------
nle(id0,id1,dist): 89 144 1.4985581532696306
list:
dist: 1.4985581532696306 vs. 1.4985581532696306
--------
nle(id0,id1,dist): 90 107 2.1552640464311508
list:
dist: 2.1552640464311508 vs. 2.1552640464311508
--------
nle(id0,id1,dist): 89 135 2.836421757593273
list:
dist: 2.836421757593273 vs. 2.836421757593273
--------
nle(id0,id1,dist): 90 98 1.320416474585182
list:
dist: 1.320416474585182 vs. 1.320416474585182
--------
nle(id0,id1,dist): 90 97 1.6951485208764379
list:
dist: 1.6951485208764379 vs. 1.6951485208764379
--------
nle(id0,id1,dist): 89 134 2.7253413047955357
list:
dist: 2.7253413047955357 vs. 2.7253413047955357
--------
nle(id0,id1,dist): 90 96 2.318401707804422
list:
dist: 2.318401707804422 vs. 2.318401707804422
--------
nle(id0,id1,dist): 90 95 1.696244915751212
list:
dist: 1.696244915751212 vs. 1.696244915751212
--------
nle(id0,id1,dist): 89 132 2.8631891397620994
list:
dist: 2.8631891397620994 vs. 2.8631891397620994
--------
nle(id0,id1,dist): 90 102 1.6031210386572374
list:
dist: 1.6031210386572374 vs. 1.6031210386572374
--------
nle(id0,id1,dist): 89 139 1.742985811238826
list:
dist: 1.742985811238826 vs. 1.742985811238826
--------
nle(id0,id1,dist): 90 101 1.3927071354934575
list:
dist: 1.3927071354934575 vs. 1.3927071354934575
--------
nle(id0,id1,dist): 89 138 1.5414133794465248
list:
dist: 1.5414133794465248 vs. 1.5414133794465248
--------
nle(id0,id1,dist): 90 100 0.7841420044795456
list:
dist: 0.7841420044795456 vs. 0.7841420044795456
--------
nle(id0,id1,dist): 89 137 1.9548622463658223
list:
dist: 1.9548622463658223 vs. 1.9548622463658223
--------
nle(id0,id1,dist): 90 99 2.960482060329053
list:
dist: 2.960482060329053 vs. 2.960482060329053
--------
nle(id0,id1,dist): 89 136 1.8643830575144325
list:
dist: 1.8643830575144325 vs. 1.8643830575144325
--------
nle(id0,id1,dist): 89 148 2.3082642733984056
list:
dist: 2.3082642733984056 vs. 2.3082642733984056
--------
nle(id0,id1,dist): 89 149 2.186136681301022
list:
dist: 2.186136681301022 vs. 2.186136681301022
--------
nle(id0,id1,dist): 91 99 2.63418822347631
list:
dist: 2.63418822347631 vs. 2.63418822347631
--------
nle(id0,id1,dist): 91 98 1.1902059053028384
list:
dist: 1.1902059053028384 vs. 1.1902059053028384
--------
nle(id0,id1,dist): 91 101 1.018680982205934
list:
dist: 1.018680982205934 vs. 1.018680982205934
--------
nle(id0,id1,dist): 91 100 1.0312551447041465
list:
dist: 1.0312551447041465 vs. 1.0312551447041465
--------
nle(id0,id1,dist): 91 103 1.4221917178275136
list:
dist: 1.4221917178275136 vs. 1.4221917178275136
--------
nle(id0,id1,dist): 91 102 1.8022947956716653
list:
dist: 1.8022947956716653 vs. 1.8022947956716653
--------
nle(id0,id1,dist): 91 105 2.0233788124778838
list:
dist: 2.0233788124778838 vs. 2.0233788124778838
--------
nle(id0,id1,dist): 91 104 1.5210791499810346
list:
dist: 1.5210791499810346 vs. 1.5210791499810346
--------
nle(id0,id1,dist): 91 93 1.0799541502484167
list:
dist: 1.0799541502484167 vs. 1.0799541502484167
--------
nle(id0,id1,dist): 91 92 1.172881427152572
list:
dist: 1.172881427152572 vs. 1.172881427152572
--------
nle(id0,id1,dist): 91 95 1.175252823344219
list:
dist: 1.175252823344219 vs. 1.175252823344219
--------
nle(id0,id1,dist): 91 94 0.5250845062904294
list:
dist: 0.5250845062904294 vs. 0.5250845062904294
--------
nle(id0,id1,dist): 91 97 1.3977706198421356
list:
dist: 1.3977706198421356 vs. 1.3977706198421356
--------
nle(id0,id1,dist): 91 96 1.9316556606675446
list:
dist: 1.9316556606675446 vs. 1.9316556606675446
--------
nle(id0,id1,dist): 87 140 3.34450095091268
list:
dist: 3.34450095091268 vs. 3.34450095091268
--------
nle(id0,id1,dist): 87 141 3.1474778704885558
list:
dist: 3.1474778704885558 vs. 3.1474778704885558
--------
nle(id0,id1,dist): 87 138 2.303617566412833
list:
dist: 2.303617566412833 vs. 2.303617566412833
--------
nle(id0,id1,dist): 87 139 2.4965701708459243
list:
dist: 2.4965701708459243 vs. 2.4965701708459243
--------
nle(id0,id1,dist): 87 136 2.519714425487222
list:
dist: 2.519714425487222 vs. 2.519714425487222
--------
nle(id0,id1,dist): 87 137 2.625290795171094
list:
dist: 2.625290795171094 vs. 2.625290795171094
--------
nle(id0,id1,dist): 87 134 3.2312862300465026
list:
dist: 3.2312862300465026 vs. 3.2312862300465026
--------
nle(id0,id1,dist): 87 135 3.188132457223556
list:
dist: 3.188132457223556 vs. 3.188132457223556
--------
nle(id0,id1,dist): 87 132 3.1702840742299423
list:
dist: 3.1702840742299423 vs. 3.1702840742299423
--------
nle(id0,id1,dist): 87 130 3.6207256917195108
list:
dist: 3.6207256917195108 vs. 3.6207256917195108
--------
nle(id0,id1,dist): 87 131 3.1881733534771333
list:
dist: 3.1881733534771333 vs. 3.1881733534771333
--------
nle(id0,id1,dist): 87 128 1.8886962397142144
list:
dist: 1.8886962397142144 vs. 1.8886962397142144
--------
nle(id0,id1,dist): 87 129 2.7760305498423645
list:
dist: 2.7760305498423645 vs. 2.7760305498423645
--------
nle(id0,id1,dist): 87 126 2.269077823422938
list:
dist: 2.269077823422938 vs. 2.269077823422938
--------
nle(id0,id1,dist): 88 89 0.655340020858152
list:
dist: 0.655340020858152 vs. 0.655340020858152
--------
nle(id0,id1,dist): 87 127 3.6162726699739225
list:
dist: 3.6162726699739225 vs. 3.6162726699739225
--------
nle(id0,id1,dist): 88 120 3.774178073191371
list:
dist: 3.774178073191371 vs. 3.774178073191371
--------
nle(id0,id1,dist): 88 113 2.7257481738803437
list:
dist: 2.7257481738803437 vs. 2.7257481738803437
--------
nle(id0,id1,dist): 87 149 3.043721034664479
list:
dist: 3.043721034664479 vs. 3.043721034664479
--------
nle(id0,id1,dist): 87 148 3.2256528552281543
list:
dist: 3.2256528552281543 vs. 3.2256528552281543
--------
nle(id0,id1,dist): 87 146 2.8457252228833574
list:
dist: 2.8457252228833574 vs. 2.8457252228833574
--------
nle(id0,id1,dist): 87 145 2.929845392416741
list:
dist: 2.929845392416741 vs. 2.929845392416741
--------
nle(id0,id1,dist): 87 144 2.412732923677459
list:
dist: 2.412732923677459 vs. 2.412732923677459
--------
nle(id0,id1,dist): 87 143 2.4401044620619268
list:
dist: 2.4401044620619268 vs. 2.4401044620619268
--------
nle(id0,id1,dist): 87 142 3.8573064253652314
list:
dist: 3.8573064253652314 vs. 3.8573064253652314
--------
nle(id0,id1,dist): 88 134 3.2710024486571263
list:
dist: 3.2710024486571263 vs. 3.2710024486571263
--------
nle(id0,id1,dist): 88 135 3.31227262808078
list:
dist: 3.31227262808078 vs. 3.31227262808078
--------
nle(id0,id1,dist): 88 136 2.339502036850216
list:
dist: 2.339502036850216 vs. 2.339502036850216
--------
nle(id0,id1,dist): 88 129 3.118966254914151
list:
dist: 3.118966254914151 vs. 3.118966254914151
--------
nle(id0,id1,dist): 88 130 3.7812433994948424
list:
dist: 3.7812433994948424 vs. 3.7812433994948424
--------
nle(id0,id1,dist): 88 131 3.182229501607477
list:
dist: 3.182229501607477 vs. 3.182229501607477
--------
nle(id0,id1,dist): 88 132 3.376497246123171
list:
dist: 3.376497246123171 vs. 3.376497246123171
--------
nle(id0,id1,dist): 88 125 3.0334646044021696
list:
dist: 3.0334646044021696 vs. 3.0334646044021696
--------
nle(id0,id1,dist): 88 126 2.5636809318475513
list:
dist: 2.5636809318475513 vs. 2.5636809318475513
--------
nle(id0,id1,dist): 88 127 3.968889133611992
list:
dist: 3.968889133611992 vs. 3.968889133611992
--------
nle(id0,id1,dist): 88 128 1.908030001292769
list:
dist: 1.908030001292769 vs. 1.908030001292769
--------
nle(id0,id1,dist): 88 121 4.248946565031038
list:
dist: 4.248946565031038 vs. 4.248946565031038
--------
nle(id0,id1,dist): 88 123 3.754966270501771
list:
dist: 3.754966270501771 vs. 3.754966270501771
--------
nle(id0,id1,dist): 88 124 4.0237482885003475
list:
dist: 4.0237482885003475 vs. 4.0237482885003475
--------
nle(id0,id1,dist): 89 113 2.8149729557659184
list:
dist: 2.8149729557659184 vs. 2.8149729557659184
--------
nle(id0,id1,dist): 88 149 2.512820295984797
list:
dist: 2.512820295984797 vs. 2.512820295984797
--------
nle(id0,id1,dist): 88 146 2.468970180268588
list:
dist: 2.468970180268588 vs. 2.468970180268588
--------
nle(id0,id1,dist): 88 145 2.6243726561591
list:
dist: 2.6243726561591 vs. 2.6243726561591
--------
nle(id0,id1,dist): 88 148 2.890140518411626
list:
dist: 2.890140518411626 vs. 2.890140518411626
--------
nle(id0,id1,dist): 88 142 3.6152659852053053
list:
dist: 3.6152659852053053 vs. 3.6152659852053053
--------
nle(id0,id1,dist): 88 141 2.9843074652441524
list:
dist: 2.9843074652441524 vs. 2.9843074652441524
--------
nle(id0,id1,dist): 88 144 2.0770513772653088
list:
dist: 2.0770513772653088 vs. 2.0770513772653088
--------
nle(id0,id1,dist): 88 143 2.102004509183773
list:
dist: 2.102004509183773 vs. 2.102004509183773
--------
nle(id0,id1,dist): 88 138 2.1810120152005554
list:
dist: 2.1810120152005554 vs. 2.1810120152005554
--------
nle(id0,id1,dist): 88 137 2.5997626642453198
list:
dist: 2.5997626642453198 vs. 2.5997626642453198
--------
nle(id0,id1,dist): 88 140 3.2745028994502596
list:
dist: 3.2745028994502596 vs. 3.2745028994502596
--------
nle(id0,id1,dist): 88 139 2.346231988287554
list:
dist: 2.346231988287554 vs. 2.346231988287554
--------
nle(id0,id1,dist): 81 82 0.3754115875460637
list:
dist: 0.3754115875460637 vs. 0.3754115875460637
--------
nle(id0,id1,dist): 80 120 1.5851527095763445
list:
dist: 1.5851527095763445 vs. 1.5851527095763445
--------
nle(id0,id1,dist): 81 83 1.0883193056972236
list:
dist: 1.0883193056972236 vs. 1.0883193056972236
--------
nle(id0,id1,dist): 80 113 3.4792392472630325
list:
dist: 3.4792392472630325 vs. 3.4792392472630325
--------
nle(id0,id1,dist): 80 127 1.8764465840508713
list:
dist: 1.8764465840508713 vs. 1.8764465840508713
--------
nle(id0,id1,dist): 80 128 1.3684821716178703
list:
dist: 1.3684821716178703 vs. 1.3684821716178703
--------
nle(id0,id1,dist): 80 125 1.0267667069682187
list:
dist: 1.0267667069682187 vs. 1.0267667069682187
--------
nle(id0,id1,dist): 81 88 2.7014111490754487
list:
dist: 2.7014111490754487 vs. 2.7014111490754487
--------
nle(id0,id1,dist): 80 126 0.5846014605050784
list:
dist: 0.5846014605050784 vs. 0.5846014605050784
--------
nle(id0,id1,dist): 81 89 2.581157910539485
list:
dist: 2.581157910539485 vs. 2.581157910539485
--------
nle(id0,id1,dist): 80 123 1.452776733248992
list:
dist: 1.452776733248992 vs. 1.452776733248992
--------
nle(id0,id1,dist): 81 86 1.979014246088196
list:
dist: 1.979014246088196 vs. 1.979014246088196
--------
nle(id0,id1,dist): 80 124 1.7885549311032807
list:
dist: 1.7885549311032807 vs. 1.7885549311032807
--------
nle(id0,id1,dist): 81 87 2.111924273915888
list:
dist: 2.111924273915888 vs. 2.111924273915888
--------
nle(id0,id1,dist): 81 84 1.9759290984456932
list:
dist: 1.9759290984456932 vs. 1.9759290984456932
--------
nle(id0,id1,dist): 80 121 1.9450781685379253
list:
dist: 1.9450781685379253 vs. 1.9450781685379253
--------
nle(id0,id1,dist): 81 85 1.690506983199724
list:
dist: 1.690506983199724 vs. 1.690506983199724
--------
nle(id0,id1,dist): 80 122 2.191009908212435
list:
dist: 2.191009908212435 vs. 2.191009908212435
--------
nle(id0,id1,dist): 79 140 3.9071627400134883
list:
dist: 3.9071627400134883 vs. 3.9071627400134883
--------
nle(id0,id1,dist): 79 139 3.2440953135561585
list:
dist: 3.2440953135561585 vs. 3.2440953135561585
--------
nle(id0,id1,dist): 79 138 3.0728465332832338
list:
dist: 3.0728465332832338 vs. 3.0728465332832338
--------
nle(id0,id1,dist): 79 137 3.302814542406882
list:
dist: 3.302814542406882 vs. 3.302814542406882
--------
nle(id0,id1,dist): 79 136 3.2046406018106652
list:
dist: 3.2046406018106652 vs. 3.2046406018106652
--------
nle(id0,id1,dist): 79 135 3.5208625336971817
list:
dist: 3.5208625336971817 vs. 3.5208625336971817
--------
nle(id0,id1,dist): 79 134 3.7066033807883607
list:
dist: 3.7066033807883607 vs. 3.7066033807883607
--------
nle(id0,id1,dist): 79 149 3.9665729561094643
list:
dist: 3.9665729561094643 vs. 3.9665729561094643
--------
nle(id0,id1,dist): 79 146 3.7384620148896652
list:
dist: 3.7384620148896652 vs. 3.7384620148896652
--------
nle(id0,id1,dist): 79 145 3.79389744912291
list:
dist: 3.79389744912291 vs. 3.79389744912291
--------
nle(id0,id1,dist): 79 144 3.3179444757457706
list:
dist: 3.3179444757457706 vs. 3.3179444757457706
--------
nle(id0,id1,dist): 79 143 3.3099570716959823
list:
dist: 3.3099570716959823 vs. 3.3099570716959823
--------
nle(id0,id1,dist): 79 142 4.490104516879719
list:
dist: 4.490104516879719 vs. 4.490104516879719
--------
nle(id0,id1,dist): 80 85 1.7240065828368063
list:
dist: 1.7240065828368063 vs. 1.7240065828368063
--------
nle(id0,id1,dist): 79 123 3.3354474610669826
list:
dist: 3.3354474610669826 vs. 3.3354474610669826
--------
nle(id0,id1,dist): 80 86 1.4362886792317788
list:
dist: 1.4362886792317788 vs. 1.4362886792317788
--------
nle(id0,id1,dist): 80 87 1.9344282063840437
list:
dist: 1.9344282063840437 vs. 1.9344282063840437
--------
nle(id0,id1,dist): 79 124 3.6212792584978173
list:
dist: 3.6212792584978173 vs. 3.6212792584978173
--------
nle(id0,id1,dist): 80 88 2.349455073483511
list:
dist: 2.349455073483511 vs. 2.349455073483511
--------
nle(id0,id1,dist): 79 125 2.9330045185381164
list:
dist: 2.9330045185381164 vs. 2.9330045185381164
--------
nle(id0,id1,dist): 80 81 0.9758544975120258
list:
dist: 0.9758544975120258 vs. 0.9758544975120258
--------
nle(id0,id1,dist): 80 82 0.6671775087198886
list:
dist: 0.6671775087198886 vs. 0.6671775087198886
--------
nle(id0,id1,dist): 80 83 1.0093591714680221
list:
dist: 1.0093591714680221 vs. 1.0093591714680221
--------
nle(id0,id1,dist): 79 120 3.535692197389199
list:
dist: 3.535692197389199 vs. 3.535692197389199
--------
nle(id0,id1,dist): 79 121 3.666912979707108
list:
dist: 3.666912979707108 vs. 3.666912979707108
--------
nle(id0,id1,dist): 79 130 3.954675884859534
list:
dist: 3.954675884859534 vs. 3.954675884859534
--------
nle(id0,id1,dist): 79 131 3.683809660136635
list:
dist: 3.683809660136635 vs. 3.683809660136635
--------
nle(id0,id1,dist): 79 132 3.457798571736332
list:
dist: 3.457798571736332 vs. 3.457798571736332
--------
nle(id0,id1,dist): 80 89 2.0315329022088897
list:
dist: 2.0315329022088897 vs. 2.0315329022088897
--------
nle(id0,id1,dist): 79 126 2.4352872499259095
list:
dist: 2.4352872499259095 vs. 2.4352872499259095
--------
nle(id0,id1,dist): 79 127 3.7214563609462514
list:
dist: 3.7214563609462514 vs. 3.7214563609462514
--------
nle(id0,id1,dist): 79 128 2.550433477241057
list:
dist: 2.550433477241057 vs. 2.550433477241057
--------
nle(id0,id1,dist): 79 129 3.021752895631742
list:
dist: 3.021752895631742 vs. 3.021752895631742
--------
nle(id0,id1,dist): 78 144 2.7973625359280354
list:
dist: 2.7973625359280354 vs. 2.7973625359280354
--------
nle(id0,id1,dist): 78 143 2.7393736673470754
list:
dist: 2.7393736673470754 vs. 2.7393736673470754
--------
nle(id0,id1,dist): 78 146 3.1369645023854766
list:
dist: 3.1369645023854766 vs. 3.1369645023854766
--------
nle(id0,id1,dist): 78 145 3.3098883104220342
list:
dist: 3.3098883104220342 vs. 3.3098883104220342
--------
nle(id0,id1,dist): 78 140 3.6743988094025473
list:
dist: 3.6743988094025473 vs. 3.6743988094025473
--------
nle(id0,id1,dist): 78 139 2.9292039971648323
list:
dist: 2.9292039971648323 vs. 2.9292039971648323
--------
nle(id0,id1,dist): 78 142 3.952567586184324
list:
dist: 3.952567586184324 vs. 3.952567586184324
--------
nle(id0,id1,dist): 79 113 3.546930895250934
list:
dist: 3.546930895250934 vs. 3.546930895250934
--------
nle(id0,id1,dist): 78 149 3.1041183115001387
list:
dist: 3.1041183115001387 vs. 3.1041183115001387
--------
nle(id0,id1,dist): 78 125 3.1732109042165035
list:
dist: 3.1732109042165035 vs. 3.1732109042165035
--------
nle(id0,id1,dist): 79 88 1.6264714548861956
list:
dist: 1.6264714548861956 vs. 1.6264714548861956
--------
nle(id0,id1,dist): 78 126 2.6892970616214247
list:
dist: 2.6892970616214247 vs. 2.6892970616214247
--------
nle(id0,id1,dist): 79 89 1.916946629371478
list:
dist: 1.916946629371478 vs. 1.916946629371478
--------
nle(id0,id1,dist): 78 123 3.8296437120388656
list:
dist: 3.8296437120388656 vs. 3.8296437120388656
--------
nle(id0,id1,dist): 79 86 1.629266206093925
list:
dist: 1.629266206093925 vs. 1.629266206093925
--------
nle(id0,id1,dist): 78 124 4.057155476923957
list:
dist: 4.057155476923957 vs. 4.057155476923957
--------
nle(id0,id1,dist): 79 87 1.0021061589220825
list:
dist: 1.0021061589220825 vs. 1.0021061589220825
--------
nle(id0,id1,dist): 78 129 3.5479919125130888
list:
dist: 3.5479919125130888 vs. 3.5479919125130888
--------
nle(id0,id1,dist): 78 130 4.131302692182975
list:
dist: 4.131302692182975 vs. 4.131302692182975
--------
nle(id0,id1,dist): 78 127 4.2615881989822295
list:
dist: 4.2615881989822295 vs. 4.2615881989822295
--------
nle(id0,id1,dist): 78 128 2.4274851880309027
list:
dist: 2.4274851880309027 vs. 2.4274851880309027
--------
nle(id0,id1,dist): 78 134 3.6546085576314185
list:
dist: 3.6546085576314185 vs. 3.6546085576314185
--------
nle(id0,id1,dist): 78 131 3.5345139402285697
list:
dist: 3.5345139402285697 vs. 3.5345139402285697
--------
nle(id0,id1,dist): 78 132 3.6786083423477733
list:
dist: 3.6786083423477733 vs. 3.6786083423477733
--------
nle(id0,id1,dist): 78 137 3.2148855125871423
list:
dist: 3.2148855125871423 vs. 3.2148855125871423
--------
nle(id0,id1,dist): 78 138 2.821057670257858
list:
dist: 2.821057670257858 vs. 2.821057670257858
--------
nle(id0,id1,dist): 78 135 3.5667301264567803
list:
dist: 3.5667301264567803 vs. 3.5667301264567803
--------
nle(id0,id1,dist): 78 136 2.7641680420471397
list:
dist: 2.7641680420471397 vs. 2.7641680420471397
--------
nle(id0,id1,dist): 77 147 3.1223735679248943
list:
dist: 3.1223735679248943 vs. 3.1223735679248943
--------
nle(id0,id1,dist): 77 146 3.1989887622683386
list:
dist: 3.1989887622683386 vs. 3.1989887622683386
--------
nle(id0,id1,dist): 77 145 3.1728972228634227
list:
dist: 3.1728972228634227 vs. 3.1728972228634227
--------
nle(id0,id1,dist): 77 144 2.9577241142779833
list:
dist: 2.9577241142779833 vs. 2.9577241142779833
--------
nle(id0,id1,dist): 78 113 2.615694970119962
list:
dist: 2.615694970119962 vs. 2.615694970119962
--------
nle(id0,id1,dist): 77 149 3.6393067345824655
list:
dist: 3.6393067345824655 vs. 3.6393067345824655
--------
nle(id0,id1,dist): 79 81 1.6861659800375797
list:
dist: 1.6861659800375797 vs. 1.6861659800375797
--------
nle(id0,id1,dist): 79 80 1.998064662336274
list:
dist: 1.998064662336274 vs. 1.998064662336274
--------
nle(id0,id1,dist): 79 85 0.968856346804631
list:
dist: 0.968856346804631 vs. 0.968856346804631
--------
nle(id0,id1,dist): 79 84 0.6405374281723063
list:
dist: 0.6405374281723063 vs. 0.6405374281723063
--------
nle(id0,id1,dist): 78 121 4.369445871154477
list:
dist: 4.369445871154477 vs. 4.369445871154477
--------
nle(id0,id1,dist): 78 120 4.01051333670271
list:
dist: 4.01051333670271 vs. 4.01051333670271
--------
nle(id0,id1,dist): 79 83 1.4814887082003614
list:
dist: 1.4814887082003614 vs. 1.4814887082003614
--------
nle(id0,id1,dist): 79 82 1.5723608674084741
list:
dist: 1.5723608674084741 vs. 1.5723608674084741
--------
nle(id0,id1,dist): 77 128 1.8716941534989213
list:
dist: 1.8716941534989213 vs. 1.8716941534989213
--------
nle(id0,id1,dist): 77 129 2.522391633900592
list:
dist: 2.522391633900592 vs. 2.522391633900592
--------
nle(id0,id1,dist): 77 130 2.344752235962613
list:
dist: 2.344752235962613 vs. 2.344752235962613
--------
nle(id0,id1,dist): 77 131 2.139504780261418
list:
dist: 2.139504780261418 vs. 2.139504780261418
--------
nle(id0,id1,dist): 77 132 1.8564636743024185
list:
dist: 1.8564636743024185 vs. 1.8564636743024185
--------
nle(id0,id1,dist): 77 133 2.585723525293383
list:
dist: 2.585723525293383 vs. 2.585723525293383
--------
nle(id0,id1,dist): 77 134 2.1821793591030616
list:
dist: 2.1821793591030616 vs. 2.1821793591030616
--------
nle(id0,id1,dist): 77 135 1.7689060024654024
list:
dist: 1.7689060024654024 vs. 1.7689060024654024
--------
nle(id0,id1,dist): 77 136 2.179050186430575
list:
dist: 2.179050186430575 vs. 2.179050186430575
--------
nle(id0,id1,dist): 77 137 2.531710459088436
list:
dist: 2.531710459088436 vs. 2.531710459088436
--------
nle(id0,id1,dist): 77 138 2.452762638942111
list:
dist: 2.452762638942111 vs. 2.452762638942111
--------
nle(id0,id1,dist): 77 139 2.4172413926767233
list:
dist: 2.4172413926767233 vs. 2.4172413926767233
--------
nle(id0,id1,dist): 77 140 2.44683783822486
list:
dist: 2.44683783822486 vs. 2.44683783822486
--------
nle(id0,id1,dist): 77 142 3.149267664725886
list:
dist: 3.149267664725886 vs. 3.149267664725886
--------
nle(id0,id1,dist): 77 143 2.7841518856576495
list:
dist: 2.7841518856576495 vs. 2.7841518856576495
--------
nle(id0,id1,dist): 77 113 3.066466876796983
list:
dist: 3.066466876796983 vs. 3.066466876796983
--------
nle(id0,id1,dist): 76 149 3.380808489080126
list:
dist: 3.380808489080126 vs. 3.380808489080126
--------
nle(id0,id1,dist): 78 80 2.4552489653736167
list:
dist: 2.4552489653736167 vs. 2.4552489653736167
--------
nle(id0,id1,dist): 78 79 1.216879088276225
list:
dist: 1.216879088276225 vs. 1.216879088276225
--------
nle(id0,id1,dist): 78 82 2.3232418512960957
list:
dist: 2.3232418512960957 vs. 2.3232418512960957
--------
nle(id0,id1,dist): 78 81 2.5589792624529606
list:
dist: 2.5589792624529606 vs. 2.5589792624529606
--------
nle(id0,id1,dist): 78 84 1.6198267986175274
list:
dist: 1.6198267986175274 vs. 1.6198267986175274
--------
nle(id0,id1,dist): 77 121 2.293237518271259
list:
dist: 2.293237518271259 vs. 2.293237518271259
--------
nle(id0,id1,dist): 78 83 2.192468804863838
list:
dist: 2.192468804863838 vs. 2.192468804863838
--------
nle(id0,id1,dist): 77 120 2.021691430039365
list:
dist: 2.021691430039365 vs. 2.021691430039365
--------
nle(id0,id1,dist): 77 123 1.5466003242432838
list:
dist: 1.5466003242432838 vs. 1.5466003242432838
--------
nle(id0,id1,dist): 78 86 1.5544245898981697
list:
dist: 1.5544245898981697 vs. 1.5544245898981697
--------
nle(id0,id1,dist): 78 85 1.618657614361121
list:
dist: 1.618657614361121 vs. 1.618657614361121
--------
nle(id0,id1,dist): 77 122 2.2136348518020124
list:
dist: 2.2136348518020124 vs. 2.2136348518020124
--------
nle(id0,id1,dist): 78 88 0.850387434332516
list:
dist: 0.850387434332516 vs. 0.850387434332516
--------
nle(id0,id1,dist): 77 125 1.107452218461135
list:
dist: 1.107452218461135 vs. 1.107452218461135
--------
nle(id0,id1,dist): 78 87 0.8260446330580485
list:
dist: 0.8260446330580485 vs. 0.8260446330580485
--------
nle(id0,id1,dist): 77 124 1.6948690399511206
list:
dist: 1.6948690399511206 vs. 1.6948690399511206
--------
nle(id0,id1,dist): 77 127 2.4407777270636046
list:
dist: 2.4407777270636046 vs. 2.4407777270636046
--------
nle(id0,id1,dist): 78 89 1.4121200756751902
list:
dist: 1.4121200756751902 vs. 1.4121200756751902
--------
nle(id0,id1,dist): 77 126 0.7908122343568756
list:
dist: 0.7908122343568756 vs. 0.7908122343568756
--------
nle(id0,id1,dist): 83 141 2.928772814638283
list:
dist: 2.928772814638283 vs. 2.928772814638283
--------
nle(id0,id1,dist): 83 140 3.056352088333348
list:
dist: 3.056352088333348 vs. 3.056352088333348
--------
nle(id0,id1,dist): 83 139 2.432084108548047
list:
dist: 2.432084108548047 vs. 2.432084108548047
--------
nle(id0,id1,dist): 83 138 2.200530527655903
list:
dist: 2.200530527655903 vs. 2.200530527655903
--------
nle(id0,id1,dist): 83 137 2.21718068819709
list:
dist: 2.21718068819709 vs. 2.21718068819709
--------
nle(id0,id1,dist): 83 135 2.5791266683208254
list:
dist: 2.5791266683208254 vs. 2.5791266683208254
--------
nle(id0,id1,dist): 83 134 2.700879742299196
list:
dist: 2.700879742299196 vs. 2.700879742299196
--------
nle(id0,id1,dist): 83 132 2.292969937206823
list:
dist: 2.292969937206823 vs. 2.292969937206823
--------
nle(id0,id1,dist): 83 131 2.811176540243275
list:
dist: 2.811176540243275 vs. 2.811176540243275
--------
nle(id0,id1,dist): 83 130 2.7578868572678923
list:
dist: 2.7578868572678923 vs. 2.7578868572678923
--------
nle(id0,id1,dist): 83 128 1.6787373293813153
list:
dist: 1.6787373293813153 vs. 1.6787373293813153
--------
nle(id0,id1,dist): 83 129 1.5489090559563319
list:
dist: 1.5489090559563319 vs. 1.5489090559563319
--------
nle(id0,id1,dist): 84 89 2.1584742917368853
list:
dist: 2.1584742917368853 vs. 2.1584742917368853
--------
nle(id0,id1,dist): 83 126 1.5697947299819417
list:
dist: 1.5697947299819417 vs. 1.5697947299819417
--------
nle(id0,id1,dist): 83 127 2.3321246118065804
list:
dist: 2.3321246118065804 vs. 2.3321246118065804
--------
nle(id0,id1,dist): 84 87 1.2714585781321517
list:
dist: 1.2714585781321517 vs. 1.2714585781321517
--------
nle(id0,id1,dist): 83 124 2.6971192234784587
list:
dist: 2.6971192234784587 vs. 2.6971192234784587
--------
nle(id0,id1,dist): 84 88 1.8792461963589973
list:
dist: 1.8792461963589973 vs. 1.8792461963589973
--------
nle(id0,id1,dist): 83 125 2.0105483885446365
list:
dist: 2.0105483885446365 vs. 2.0105483885446365
--------
nle(id0,id1,dist): 84 85 0.9153302173894555
list:
dist: 0.9153302173894555 vs. 0.9153302173894555
--------
nle(id0,id1,dist): 83 123 2.3040499503758958
list:
dist: 2.3040499503758958 vs. 2.3040499503758958
--------
nle(id0,id1,dist): 84 86 1.8853527937306223
list:
dist: 1.8853527937306223 vs. 1.8853527937306223
--------
nle(id0,id1,dist): 83 120 2.253866996459636
list:
dist: 2.253866996459636 vs. 2.253866996459636
--------
nle(id0,id1,dist): 83 121 2.448243471833348
list:
dist: 2.448243471833348 vs. 2.448243471833348
--------
nle(id0,id1,dist): 82 149 3.956522442478458
list:
dist: 3.956522442478458 vs. 3.956522442478458
--------
nle(id0,id1,dist): 82 144 3.062406490093581
list:
dist: 3.062406490093581 vs. 3.062406490093581
--------
nle(id0,id1,dist): 82 143 3.0153225465430493
list:
dist: 3.0153225465430493 vs. 3.0153225465430493
--------
nle(id0,id1,dist): 82 146 3.4339066383049115
list:
dist: 3.4339066383049115 vs. 3.4339066383049115
--------
nle(id0,id1,dist): 82 145 3.3586942125077055
list:
dist: 3.3586942125077055 vs. 3.3586942125077055
--------
nle(id0,id1,dist): 82 140 2.9564762939251494
list:
dist: 2.9564762939251494 vs. 2.9564762939251494
--------
nle(id0,id1,dist): 82 139 2.625223328012107
list:
dist: 2.625223328012107 vs. 2.625223328012107
--------
nle(id0,id1,dist): 82 142 3.8283541984321223
list:
dist: 3.8283541984321223 vs. 3.8283541984321223
--------
nle(id0,id1,dist): 82 136 2.6372732729311497
list:
dist: 2.6372732729311497 vs. 2.6372732729311497
--------
nle(id0,id1,dist): 82 135 2.2977611234184208
list:
dist: 2.2977611234184208 vs. 2.2977611234184208
--------
nle(id0,id1,dist): 82 138 2.509334437062425
list:
dist: 2.509334437062425 vs. 2.509334437062425
--------
nle(id0,id1,dist): 82 137 2.5250799884048045
list:
dist: 2.5250799884048045 vs. 2.5250799884048045
--------
nle(id0,id1,dist): 82 131 2.659232675860504
list:
dist: 2.659232675860504 vs. 2.659232675860504
--------
nle(id0,id1,dist): 82 132 2.106785585538638
list:
dist: 2.106785585538638 vs. 2.106785585538638
--------
nle(id0,id1,dist): 82 134 2.5913917740135344
list:
dist: 2.5913917740135344 vs. 2.5913917740135344
--------
nle(id0,id1,dist): 82 127 2.254311785835206
list:
dist: 2.254311785835206 vs. 2.254311785835206
--------
nle(id0,id1,dist): 82 128 1.9126331841640352
list:
dist: 1.9126331841640352 vs. 1.9126331841640352
--------
nle(id0,id1,dist): 82 129 1.970236446726953
list:
dist: 1.970236446726953 vs. 1.970236446726953
--------
nle(id0,id1,dist): 82 130 2.610735779329789
list:
dist: 2.610735779329789 vs. 2.610735779329789
--------
nle(id0,id1,dist): 82 123 1.7939253391300525
list:
dist: 1.7939253391300525 vs. 1.7939253391300525
--------
nle(id0,id1,dist): 83 86 1.180131838111738
list:
dist: 1.180131838111738 vs. 1.180131838111738
--------
nle(id0,id1,dist): 82 124 2.1218378968649754
list:
dist: 2.1218378968649754 vs. 2.1218378968649754
--------
nle(id0,id1,dist): 83 87 1.4772717977430845
list:
dist: 1.4772717977430845 vs. 1.4772717977430845
--------
nle(id0,id1,dist): 82 125 1.5948170545072282
list:
dist: 1.5948170545072282 vs. 1.5948170545072282
--------
nle(id0,id1,dist): 83 88 2.030796169799349
list:
dist: 2.030796169799349 vs. 2.030796169799349
--------
nle(id0,id1,dist): 82 126 1.183944332827541
list:
dist: 1.183944332827541 vs. 1.183944332827541
--------
nle(id0,id1,dist): 83 89 1.801553853662435
list:
dist: 1.801553853662435 vs. 1.801553853662435
--------
nle(id0,id1,dist): 82 120 2.024862949334064
list:
dist: 2.024862949334064 vs. 2.024862949334064
--------
nle(id0,id1,dist): 83 84 1.5911509451526458
list:
dist: 1.5911509451526458 vs. 1.5911509451526458
--------
nle(id0,id1,dist): 82 121 2.11801530014231
list:
dist: 2.11801530014231 vs. 2.11801530014231
--------
nle(id0,id1,dist): 83 85 0.8750401596656282
list:
dist: 0.8750401596656282 vs. 0.8750401596656282
--------
nle(id0,id1,dist): 82 113 3.733283145192182
list:
dist: 3.733283145192182 vs. 3.733283145192182
--------
nle(id0,id1,dist): 81 140 3.247188402417673
list:
dist: 3.247188402417673 vs. 3.247188402417673
--------
nle(id0,id1,dist): 81 134 2.860226045843859
list:
dist: 2.860226045843859 vs. 2.860226045843859
--------
nle(id0,id1,dist): 81 135 2.522606534619283
list:
dist: 2.522606534619283 vs. 2.522606534619283
--------
nle(id0,id1,dist): 81 132 2.311319640119594
list:
dist: 2.311319640119594 vs. 2.311319640119594
--------
nle(id0,id1,dist): 81 138 2.8709314447170744
list:
dist: 2.8709314447170744 vs. 2.8709314447170744
--------
nle(id0,id1,dist): 81 139 2.9814932385958843
list:
dist: 2.9814932385958843 vs. 2.9814932385958843
--------
nle(id0,id1,dist): 81 137 2.860818338250791
list:
dist: 2.860818338250791 vs. 2.860818338250791
--------
nle(id0,id1,dist): 82 89 2.2281297315841084
list:
dist: 2.2281297315841084 vs. 2.2281297315841084
--------
nle(id0,id1,dist): 81 126 1.440622057354122
list:
dist: 1.440622057354122 vs. 1.440622057354122
--------
nle(id0,id1,dist): 81 127 2.3324844213885685
list:
dist: 2.3324844213885685 vs. 2.3324844213885685
--------
nle(id0,id1,dist): 81 124 2.128195606004885
list:
dist: 2.128195606004885 vs. 2.128195606004885
--------
nle(id0,id1,dist): 82 87 1.8329875001564564
list:
dist: 1.8329875001564564 vs. 1.8329875001564564
--------
nle(id0,id1,dist): 82 88 2.3898593867036007
list:
dist: 2.3898593867036007 vs. 2.3898593867036007
--------
nle(id0,id1,dist): 81 125 1.7865219535055286
list:
dist: 1.7865219535055286 vs. 1.7865219535055286
--------
nle(id0,id1,dist): 81 130 2.80635661121849
list:
dist: 2.80635661121849 vs. 2.80635661121849
--------
nle(id0,id1,dist): 81 131 2.9369644078442643
list:
dist: 2.9369644078442643 vs. 2.9369644078442643
--------
nle(id0,id1,dist): 81 128 2.2775392211370957
list:
dist: 2.2775392211370957 vs. 2.2775392211370957
--------
nle(id0,id1,dist): 81 129 2.1527330873764443
list:
dist: 2.1527330873764443 vs. 2.1527330873764443
--------
nle(id0,id1,dist): 82 84 1.8983478685231516
list:
dist: 1.8983478685231516 vs. 1.8983478685231516
--------
nle(id0,id1,dist): 81 121 2.0518097155444894
list:
dist: 2.0518097155444894 vs. 2.0518097155444894
--------
nle(id0,id1,dist): 82 83 0.8354043061648795
list:
dist: 0.8354043061648795 vs. 0.8354043061648795
--------
nle(id0,id1,dist): 81 120 2.116505251535144
list:
dist: 2.116505251535144 vs. 2.116505251535144
--------
nle(id0,id1,dist): 81 123 1.8162260396761534
list:
dist: 1.8162260396761534 vs. 1.8162260396761534
--------
nle(id0,id1,dist): 82 86 1.6212229288665605
list:
dist: 1.6212229288665605 vs. 1.6212229288665605
--------
nle(id0,id1,dist): 82 85 1.472021186516941
list:
dist: 1.472021186516941 vs. 1.472021186516941
--------
nle(id0,id1,dist): 80 146 2.894265002571709
list:
dist: 2.894265002571709 vs. 2.894265002571709
--------
nle(id0,id1,dist): 80 145 2.790686386588661
list:
dist: 2.790686386588661 vs. 2.790686386588661
--------
nle(id0,id1,dist): 80 147 2.674763414524132
list:
dist: 2.674763414524132 vs. 2.674763414524132
--------
nle(id0,id1,dist): 80 149 3.489625372101723
list:
dist: 3.489625372101723 vs. 3.489625372101723
--------
nle(id0,id1,dist): 80 137 1.9377496962928977
list:
dist: 1.9377496962928977 vs. 1.9377496962928977
--------
nle(id0,id1,dist): 80 138 1.9529333914041258
list:
dist: 1.9529333914041258 vs. 1.9529333914041258
--------
nle(id0,id1,dist): 80 139 2.030320640010252
list:
dist: 2.030320640010252 vs. 2.030320640010252
--------
nle(id0,id1,dist): 80 140 2.3019838036618117
list:
dist: 2.3019838036618117 vs. 2.3019838036618117
--------
nle(id0,id1,dist): 80 142 3.235065847934066
list:
dist: 3.235065847934066 vs. 3.235065847934066
--------
nle(id0,id1,dist): 80 143 2.494971583926019
list:
dist: 2.494971583926019 vs. 2.494971583926019
--------
nle(id0,id1,dist): 80 144 2.5623445012795507
list:
dist: 2.5623445012795507 vs. 2.5623445012795507
--------
nle(id0,id1,dist): 80 129 1.691051309667719
list:
dist: 1.691051309667719 vs. 1.691051309667719
--------
nle(id0,id1,dist): 80 130 1.9977255019395728
list:
dist: 1.9977255019395728 vs. 1.9977255019395728
--------
nle(id0,id1,dist): 80 131 2.006473815618672
list:
dist: 2.006473815618672 vs. 2.006473815618672
--------
nle(id0,id1,dist): 80 132 1.4910790104428324
list:
dist: 1.4910790104428324 vs. 1.4910790104428324
--------
nle(id0,id1,dist): 80 133 2.242560026804992
list:
dist: 2.242560026804992 vs. 2.242560026804992
--------
nle(id0,id1,dist): 80 134 1.9275152366859878
list:
dist: 1.9275152366859878 vs. 1.9275152366859878
--------
nle(id0,id1,dist): 80 135 1.6696460515018436
list:
dist: 1.6696460515018436 vs. 1.6696460515018436
--------
nle(id0,id1,dist): 80 136 2.063304797317169
list:
dist: 2.063304797317169 vs. 2.063304797317169
--------
nle(id0,id1,dist): 72 142 4.212148590567465
list:
dist: 4.212148590567465 vs. 4.212148590567465
--------
nle(id0,id1,dist): 72 144 3.5476588598623437
list:
dist: 3.5476588598623437 vs. 3.5476588598623437
--------
nle(id0,id1,dist): 72 143 3.4517159802851696
list:
dist: 3.4517159802851696 vs. 3.4517159802851696
--------
nle(id0,id1,dist): 72 138 3.1544417542573
list:
dist: 3.1544417542573 vs. 3.1544417542573
--------
nle(id0,id1,dist): 72 137 3.3053247886569093
list:
dist: 3.3053247886569093 vs. 3.3053247886569093
--------
nle(id0,id1,dist): 72 140 3.5843677969423666
list:
dist: 3.5843677969423666 vs. 3.5843677969423666
--------
nle(id0,id1,dist): 72 139 3.2355325998592166
list:
dist: 3.2355325998592166 vs. 3.2355325998592166
--------
nle(id0,id1,dist): 74 76 1.9820751960158223
list:
dist: 1.9820751960158223 vs. 1.9820751960158223
--------
nle(id0,id1,dist): 73 113 3.0837979553951342
list:
dist: 3.0837979553951342 vs. 3.0837979553951342
--------
nle(id0,id1,dist): 72 149 4.207807354565581
list:
dist: 4.207807354565581 vs. 4.207807354565581
--------
nle(id0,id1,dist): 74 75 2.0788574230567347
list:
dist: 2.0788574230567347 vs. 2.0788574230567347
--------
nle(id0,id1,dist): 74 78 2.193115102078828
list:
dist: 2.193115102078828 vs. 2.193115102078828
--------
nle(id0,id1,dist): 74 77 2.3038426947602115
list:
dist: 2.3038426947602115 vs. 2.3038426947602115
--------
nle(id0,id1,dist): 72 146 3.8960471252220636
list:
dist: 3.8960471252220636 vs. 3.8960471252220636
--------
nle(id0,id1,dist): 72 145 3.9181328396509705
list:
dist: 3.9181328396509705 vs. 3.9181328396509705
--------
nle(id0,id1,dist): 74 83 2.3831035129722538
list:
dist: 2.3831035129722538 vs. 2.3831035129722538
--------
nle(id0,id1,dist): 73 120 2.5845070268451487
list:
dist: 2.5845070268451487 vs. 2.5845070268451487
--------
nle(id0,id1,dist): 74 84 1.6411552907130773
list:
dist: 1.6411552907130773 vs. 1.6411552907130773
--------
nle(id0,id1,dist): 73 121 2.741596409667482
list:
dist: 2.741596409667482 vs. 2.741596409667482
--------
nle(id0,id1,dist): 74 85 2.2028421271979193
list:
dist: 2.2028421271979193 vs. 2.2028421271979193
--------
nle(id0,id1,dist): 73 123 2.1431451738533323
list:
dist: 2.1431451738533323 vs. 2.1431451738533323
--------
nle(id0,id1,dist): 74 86 2.816277534117314
list:
dist: 2.816277534117314 vs. 2.816277534117314
--------
nle(id0,id1,dist): 74 79 1.342371438540506
list:
dist: 1.342371438540506 vs. 1.342371438540506
--------
nle(id0,id1,dist): 74 80 2.5982440692612987
list:
dist: 2.5982440692612987 vs. 2.5982440692612987
--------
nle(id0,id1,dist): 74 81 1.895787025047757
list:
dist: 1.895787025047757 vs. 1.895787025047757
--------
nle(id0,id1,dist): 74 82 2.0215471315106015
list:
dist: 2.0215471315106015 vs. 2.0215471315106015
--------
nle(id0,id1,dist): 73 128 2.168047947491417
list:
dist: 2.168047947491417 vs. 2.168047947491417
--------
nle(id0,id1,dist): 73 129 2.7893970090595706
list:
dist: 2.7893970090595706 vs. 2.7893970090595706
--------
nle(id0,id1,dist): 73 130 2.9809812269482805
list:
dist: 2.9809812269482805 vs. 2.9809812269482805
--------
nle(id0,id1,dist): 73 131 2.7317793082560184
list:
dist: 2.7317793082560184 vs. 2.7317793082560184
--------
nle(id0,id1,dist): 74 87 2.286832591781505
list:
dist: 2.286832591781505 vs. 2.286832591781505
--------
nle(id0,id1,dist): 73 124 2.318437006436743
list:
dist: 2.318437006436743 vs. 2.318437006436743
--------
nle(id0,id1,dist): 74 88 2.844130379770722
list:
dist: 2.844130379770722 vs. 2.844130379770722
--------
nle(id0,id1,dist): 73 125 1.7713695086534067
list:
dist: 1.7713695086534067 vs. 1.7713695086534067
--------
nle(id0,id1,dist): 74 89 3.151969735934119
list:
dist: 3.151969735934119 vs. 3.151969735934119
--------
nle(id0,id1,dist): 73 126 1.3731560178282676
list:
dist: 1.3731560178282676 vs. 1.3731560178282676
--------
nle(id0,id1,dist): 73 127 2.937705353794396
list:
dist: 2.937705353794396 vs. 2.937705353794396
--------
nle(id0,id1,dist): 73 75 1.0525675775344057
list:
dist: 1.0525675775344057 vs. 1.0525675775344057
--------
nle(id0,id1,dist): 73 74 1.6376260855108762
list:
dist: 1.6376260855108762 vs. 1.6376260855108762
--------
nle(id0,id1,dist): 72 120 2.978723683946492
list:
dist: 2.978723683946492 vs. 2.978723683946492
--------
nle(id0,id1,dist): 73 83 1.5559056077796907
list:
dist: 1.5559056077796907 vs. 1.5559056077796907
--------
nle(id0,id1,dist): 73 82 0.9077653888507575
list:
dist: 0.9077653888507575 vs. 0.9077653888507575
--------
nle(id0,id1,dist): 73 81 1.0020810229982147
list:
dist: 1.0020810229982147 vs. 1.0020810229982147
--------
nle(id0,id1,dist): 73 80 1.1709406500494381
list:
dist: 1.1709406500494381 vs. 1.1709406500494381
--------
nle(id0,id1,dist): 73 79 1.4792118495112947
list:
dist: 1.4792118495112947 vs. 1.4792118495112947
--------
nle(id0,id1,dist): 73 78 1.9639342329956537
list:
dist: 1.9639342329956537 vs. 1.9639342329956537
--------
nle(id0,id1,dist): 73 77 0.6894740913530001
list:
dist: 0.6894740913530001 vs. 0.6894740913530001
--------
nle(id0,id1,dist): 72 113 3.470103775301532
list:
dist: 3.470103775301532 vs. 3.470103775301532
--------
nle(id0,id1,dist): 73 76 0.5987651587440769
list:
dist: 0.5987651587440769 vs. 0.5987651587440769
--------
nle(id0,id1,dist): 72 127 3.2593066614525212
list:
dist: 3.2593066614525212 vs. 3.2593066614525212
--------
nle(id0,id1,dist): 72 128 2.553209984945044
list:
dist: 2.553209984945044 vs. 2.553209984945044
--------
nle(id0,id1,dist): 72 125 2.3187885136086175
list:
dist: 2.3187885136086175 vs. 2.3187885136086175
--------
nle(id0,id1,dist): 73 88 2.2788073354518197
list:
dist: 2.2788073354518197 vs. 2.2788073354518197
--------
nle(id0,id1,dist): 72 126 1.8979614986506912
list:
dist: 1.8979614986506912 vs. 1.8979614986506912
--------
nle(id0,id1,dist): 73 89 2.278479590522983
list:
dist: 2.278479590522983 vs. 2.278479590522983
--------
nle(id0,id1,dist): 72 123 2.5820839410587575
list:
dist: 2.5820839410587575 vs. 2.5820839410587575
--------
nle(id0,id1,dist): 73 86 1.8275408789764156
list:
dist: 1.8275408789764156 vs. 1.8275408789764156
--------
nle(id0,id1,dist): 72 124 2.7974312812476425
list:
dist: 2.7974312812476425 vs. 2.7974312812476425
--------
nle(id0,id1,dist): 73 87 1.8093236682510199
list:
dist: 1.8093236682510199 vs. 1.8093236682510199
--------
nle(id0,id1,dist): 73 84 2.0311109230230144
list:
dist: 2.0311109230230144 vs. 2.0311109230230144
--------
nle(id0,id1,dist): 72 121 3.010563278946096
list:
dist: 3.010563278946096 vs. 3.010563278946096
--------
nle(id0,id1,dist): 73 85 1.8394158638574554
list:
dist: 1.8394158638574554 vs. 1.8394158638574554
--------
nle(id0,id1,dist): 72 135 2.9990246674493846
list:
dist: 2.9990246674493846 vs. 2.9990246674493846
--------
nle(id0,id1,dist): 72 136 3.0773407261740333
list:
dist: 3.0773407261740333 vs. 3.0773407261740333
--------
nle(id0,id1,dist): 72 134 3.333167586739714
list:
dist: 3.333167586739714 vs. 3.333167586739714
--------
nle(id0,id1,dist): 72 131 3.304739580279874
list:
dist: 3.304739580279874 vs. 3.304739580279874
--------
nle(id0,id1,dist): 72 132 2.9760822561854052
list:
dist: 2.9760822561854052 vs. 2.9760822561854052
--------
nle(id0,id1,dist): 72 129 2.9561502269763666
list:
dist: 2.9561502269763666 vs. 2.9561502269763666
--------
nle(id0,id1,dist): 72 130 3.485304207763137
list:
dist: 3.485304207763137 vs. 3.485304207763137
--------
nle(id0,id1,dist): 72 74 1.0678709117146172
list:
dist: 1.0678709117146172 vs. 1.0678709117146172
--------
nle(id0,id1,dist): 72 73 0.6300116983748114
list:
dist: 0.6300116983748114 vs. 0.6300116983748114
--------
nle(id0,id1,dist): 72 76 0.9481570087246081
list:
dist: 0.9481570087246081 vs. 0.9481570087246081
--------
nle(id0,id1,dist): 72 75 1.2009055851964165
list:
dist: 1.2009055851964165 vs. 1.2009055851964165
--------
nle(id0,id1,dist): 72 78 1.876361860894139
list:
dist: 1.876361860894139 vs. 1.876361860894139
--------
nle(id0,id1,dist): 72 77 1.2834303538692344
list:
dist: 1.2834303538692344 vs. 1.2834303538692344
--------
nle(id0,id1,dist): 72 80 1.544584401257892
list:
dist: 1.544584401257892 vs. 1.544584401257892
--------
nle(id0,id1,dist): 72 79 1.070249963123112
list:
dist: 1.070249963123112 vs. 1.070249963123112
--------
nle(id0,id1,dist): 72 82 1.030724569699599
list:
dist: 1.030724569699599 vs. 1.030724569699599
--------
nle(id0,id1,dist): 72 81 1.0057153657064863
list:
dist: 1.0057153657064863 vs. 1.0057153657064863
--------
nle(id0,id1,dist): 72 84 1.5702927519675698
list:
dist: 1.5702927519675698 vs. 1.5702927519675698
--------
nle(id0,id1,dist): 71 121 2.805532529184602
list:
dist: 2.805532529184602 vs. 2.805532529184602
--------
nle(id0,id1,dist): 72 83 1.5382498765447485
list:
dist: 1.5382498765447485 vs. 1.5382498765447485
--------
nle(id0,id1,dist): 71 120 2.992154215253934
list:
dist: 2.992154215253934 vs. 2.992154215253934
--------
nle(id0,id1,dist): 71 123 2.7066295805293183
list:
dist: 2.7066295805293183 vs. 2.7066295805293183
--------
nle(id0,id1,dist): 72 86 1.9810534680728191
list:
dist: 1.9810534680728191 vs. 1.9810534680728191
--------
nle(id0,id1,dist): 72 85 1.634944136220415
list:
dist: 1.634944136220415 vs. 1.634944136220415
--------
nle(id0,id1,dist): 72 88 2.306581502297259
list:
dist: 2.306581502297259 vs. 2.306581502297259
--------
nle(id0,id1,dist): 71 125 2.691271389224523
list:
dist: 2.691271389224523 vs. 2.691271389224523
--------
nle(id0,id1,dist): 71 124 2.9998539270754385
list:
dist: 2.9998539270754385 vs. 2.9998539270754385
--------
nle(id0,id1,dist): 72 87 1.733057980035503
list:
dist: 1.733057980035503 vs. 1.733057980035503
--------
nle(id0,id1,dist): 72 89 2.4240629916053487
list:
dist: 2.4240629916053487 vs. 2.4240629916053487
--------
nle(id0,id1,dist): 71 126 2.307069828066573
list:
dist: 2.307069828066573 vs. 2.307069828066573
--------
nle(id0,id1,dist): 71 127 3.138304983501838
list:
dist: 3.138304983501838 vs. 3.138304983501838
--------
nle(id0,id1,dist): 71 128 2.9439221605755708
list:
dist: 2.9439221605755708 vs. 2.9439221605755708
--------
nle(id0,id1,dist): 71 129 2.750382985002676
list:
dist: 2.750382985002676 vs. 2.750382985002676
--------
nle(id0,id1,dist): 71 130 3.7111917117129636
list:
dist: 3.7111917117129636 vs. 3.7111917117129636
--------
nle(id0,id1,dist): 71 131 3.7928399170459373
list:
dist: 3.7928399170459373 vs. 3.7928399170459373
--------
nle(id0,id1,dist): 71 132 3.216163790375084
list:
dist: 3.216163790375084 vs. 3.216163790375084
--------
nle(id0,id1,dist): 71 134 3.733469302955325
list:
dist: 3.733469302955325 vs. 3.733469302955325
--------
nle(id0,id1,dist): 71 135 3.4194763152008987
list:
dist: 3.4194763152008987 vs. 3.4194763152008987
--------
nle(id0,id1,dist): 71 137 3.575463387375494
list:
dist: 3.575463387375494 vs. 3.575463387375494
--------
nle(id0,id1,dist): 71 138 3.529229200655045
list:
dist: 3.529229200655045 vs. 3.529229200655045
--------
nle(id0,id1,dist): 71 139 3.6849400087903725
list:
dist: 3.6849400087903725 vs. 3.6849400087903725
--------
nle(id0,id1,dist): 71 140 4.088404615612376
list:
dist: 4.088404615612376 vs. 4.088404615612376
--------
nle(id0,id1,dist): 71 81 0.9204934922067988
list:
dist: 0.9204934922067988 vs. 0.9204934922067988
--------
nle(id0,id1,dist): 71 80 1.8088470124448361
list:
dist: 1.8088470124448361 vs. 1.8088470124448361
--------
nle(id0,id1,dist): 71 79 1.3509697461142465
list:
dist: 1.3509697461142465 vs. 1.3509697461142465
--------
nle(id0,id1,dist): 71 78 2.4964883579318893
list:
dist: 2.4964883579318893 vs. 2.4964883579318893
--------
nle(id0,id1,dist): 71 85 1.634690964287704
list:
dist: 1.634690964287704 vs. 1.634690964287704
--------
nle(id0,id1,dist): 71 84 1.4717847031476943
list:
dist: 1.4717847031476943 vs. 1.4717847031476943
--------
nle(id0,id1,dist): 70 121 1.8970829216612195
list:
dist: 1.8970829216612195 vs. 1.8970829216612195
--------
nle(id0,id1,dist): 70 120 2.2276071291878843
list:
dist: 2.2276071291878843 vs. 2.2276071291878843
--------
nle(id0,id1,dist): 71 83 1.4514368061668976
list:
dist: 1.4514368061668976 vs. 1.4514368061668976
--------
nle(id0,id1,dist): 71 82 1.1423811072783858
list:
dist: 1.1423811072783858 vs. 1.1423811072783858
--------
nle(id0,id1,dist): 70 126 1.8541975101937551
list:
dist: 1.8541975101937551 vs. 1.8541975101937551
--------
nle(id0,id1,dist): 71 89 2.8726389259773004
list:
dist: 2.8726389259773004 vs. 2.8726389259773004
--------
nle(id0,id1,dist): 70 125 2.0240764082094898
list:
dist: 2.0240764082094898 vs. 2.0240764082094898
--------
nle(id0,id1,dist): 71 88 2.8085755146890556
list:
dist: 2.8085755146890556 vs. 2.8085755146890556
--------
nle(id0,id1,dist): 70 124 1.9345660435842214
list:
dist: 1.9345660435842214 vs. 1.9345660435842214
--------
nle(id0,id1,dist): 71 87 2.1430894404006917
list:
dist: 2.1430894404006917 vs. 2.1430894404006917
--------
nle(id0,id1,dist): 70 123 1.7300160456466769
list:
dist: 1.7300160456466769 vs. 1.7300160456466769
--------
nle(id0,id1,dist): 71 86 2.3448566496816645
list:
dist: 2.3448566496816645 vs. 2.3448566496816645
--------
nle(id0,id1,dist): 70 130 3.02977033957604
list:
dist: 3.02977033957604 vs. 3.02977033957604
--------
nle(id0,id1,dist): 70 129 2.6747886260677958
list:
dist: 2.6747886260677958 vs. 2.6747886260677958
--------
nle(id0,id1,dist): 70 128 2.9456267861402723
list:
dist: 2.9456267861402723 vs. 2.9456267861402723
--------
nle(id0,id1,dist): 70 127 2.4761227505877375
list:
dist: 2.4761227505877375 vs. 2.4761227505877375
--------
nle(id0,id1,dist): 70 134 3.213042188792382
list:
dist: 3.213042188792382 vs. 3.213042188792382
--------
nle(id0,id1,dist): 70 131 3.2915220997367243
list:
dist: 3.2915220997367243 vs. 3.2915220997367243
--------
nle(id0,id1,dist): 70 132 2.5774751499291453
list:
dist: 2.5774751499291453 vs. 2.5774751499291453
--------
nle(id0,id1,dist): 70 137 3.469371105165395
list:
dist: 3.469371105165395 vs. 3.469371105165395
--------
nle(id0,id1,dist): 70 138 3.529594893092122
list:
dist: 3.529594893092122 vs. 3.529594893092122
--------
nle(id0,id1,dist): 70 135 2.771363203823821
list:
dist: 2.771363203823821 vs. 2.771363203823821
--------
nle(id0,id1,dist): 70 139 3.5880255256155453
list:
dist: 3.5880255256155453 vs. 3.5880255256155453
--------
nle(id0,id1,dist): 70 140 3.6258447314934314
list:
dist: 3.6258447314934314 vs. 3.6258447314934314
--------
nle(id0,id1,dist): 76 129 2.35377908951889
list:
dist: 2.35377908951889 vs. 2.35377908951889
--------
nle(id0,id1,dist): 76 130 2.6991938854977686
list:
dist: 2.6991938854977686 vs. 2.6991938854977686
--------
nle(id0,id1,dist): 76 131 2.420700162719466
list:
dist: 2.420700162719466 vs. 2.420700162719466
--------
nle(id0,id1,dist): 76 132 2.197116292824397
list:
dist: 2.197116292824397 vs. 2.197116292824397
--------
nle(id0,id1,dist): 77 88 2.543737056254627
list:
dist: 2.543737056254627 vs. 2.543737056254627
--------
nle(id0,id1,dist): 76 125 1.5969086585834025
list:
dist: 1.5969086585834025 vs. 1.5969086585834025
--------
nle(id0,id1,dist): 77 89 2.3739094519118114
list:
dist: 2.3739094519118114 vs. 2.3739094519118114
--------
nle(id0,id1,dist): 76 126 1.1076540388980214
list:
dist: 1.1076540388980214 vs. 1.1076540388980214
--------
nle(id0,id1,dist): 76 127 2.6910594310386085
list:
dist: 2.6910594310386085 vs. 2.6910594310386085
--------
nle(id0,id1,dist): 76 128 1.6207555309935702
list:
dist: 1.6207555309935702 vs. 1.6207555309935702
--------
nle(id0,id1,dist): 76 121 2.6763726663581306
list:
dist: 2.6763726663581306 vs. 2.6763726663581306
--------
nle(id0,id1,dist): 77 85 2.1716557305306607
list:
dist: 2.1716557305306607 vs. 2.1716557305306607
--------
nle(id0,id1,dist): 76 123 2.114888485790064
list:
dist: 2.114888485790064 vs. 2.114888485790064
--------
nle(id0,id1,dist): 77 86 1.8913709317767324
list:
dist: 1.8913709317767324 vs. 1.8913709317767324
--------
nle(id0,id1,dist): 77 87 2.162079398755028
list:
dist: 2.162079398755028 vs. 2.162079398755028
--------
nle(id0,id1,dist): 76 124 2.363593505853409
list:
dist: 2.363593505853409 vs. 2.363593505853409
--------
nle(id0,id1,dist): 77 80 0.8469582293632811
list:
dist: 0.8469582293632811 vs. 0.8469582293632811
--------
nle(id0,id1,dist): 77 81 1.1263835319938544
list:
dist: 1.1263835319938544 vs. 1.1263835319938544
--------
nle(id0,id1,dist): 77 82 0.9747985493655826
list:
dist: 0.9747985493655826 vs. 0.9747985493655826
--------
nle(id0,id1,dist): 77 83 1.657983696526496
list:
dist: 1.657983696526496 vs. 1.657983696526496
--------
nle(id0,id1,dist): 76 120 2.3825502038672903
list:
dist: 2.3825502038672903 vs. 2.3825502038672903
--------
nle(id0,id1,dist): 76 146 2.98574642092988
list:
dist: 2.98574642092988 vs. 2.98574642092988
--------
nle(id0,id1,dist): 76 145 2.9874871716218205
list:
dist: 2.9874871716218205 vs. 2.9874871716218205
--------
nle(id0,id1,dist): 76 142 3.3671578081175926
list:
dist: 3.3671578081175926 vs. 3.3671578081175926
--------
nle(id0,id1,dist): 76 144 2.6498866857946948
list:
dist: 2.6498866857946948 vs. 2.6498866857946948
--------
nle(id0,id1,dist): 76 143 2.5457472322901875
list:
dist: 2.5457472322901875 vs. 2.5457472322901875
--------
nle(id0,id1,dist): 76 138 2.22457289040165
list:
dist: 2.22457289040165 vs. 2.22457289040165
--------
nle(id0,id1,dist): 76 137 2.3879439036355037
list:
dist: 2.3879439036355037 vs. 2.3879439036355037
--------
nle(id0,id1,dist): 76 140 2.683237984714207
list:
dist: 2.683237984714207 vs. 2.683237984714207
--------
nle(id0,id1,dist): 76 139 2.289885073366025
list:
dist: 2.289885073366025 vs. 2.289885073366025
--------
nle(id0,id1,dist): 76 134 2.450963756044808
list:
dist: 2.450963756044808 vs. 2.450963756044808
--------
nle(id0,id1,dist): 76 136 2.162309546103275
list:
dist: 2.162309546103275 vs. 2.162309546103275
--------
nle(id0,id1,dist): 76 135 2.192197090177731
list:
dist: 2.192197090177731 vs. 2.192197090177731
--------
nle(id0,id1,dist): 75 136 2.1098792262188693
list:
dist: 2.1098792262188693 vs. 2.1098792262188693
--------
nle(id0,id1,dist): 75 137 2.319978034155548
list:
dist: 2.319978034155548 vs. 2.319978034155548
--------
nle(id0,id1,dist): 75 134 2.6277769701784632
list:
dist: 2.6277769701784632 vs. 2.6277769701784632
--------
nle(id0,id1,dist): 75 135 2.477575246988129
list:
dist: 2.477575246988129 vs. 2.477575246988129
--------
nle(id0,id1,dist): 75 132 2.4871059123431136
list:
dist: 2.4871059123431136 vs. 2.4871059123431136
--------
nle(id0,id1,dist): 75 130 2.9678963296523984
list:
dist: 2.9678963296523984 vs. 2.9678963296523984
--------
nle(id0,id1,dist): 75 131 2.583725343567453
list:
dist: 2.583725343567453 vs. 2.583725343567453
--------
nle(id0,id1,dist): 75 128 1.5141330150022434
list:
dist: 1.5141330150022434 vs. 1.5141330150022434
--------
nle(id0,id1,dist): 75 129 2.432429170024001
list:
dist: 2.432429170024001 vs. 2.432429170024001
--------
nle(id0,id1,dist): 75 126 1.4794217412440025
list:
dist: 1.4794217412440025 vs. 1.4794217412440025
--------
nle(id0,id1,dist): 76 89 1.74119663162434
list:
dist: 1.74119663162434 vs. 1.74119663162434
--------
nle(id0,id1,dist): 75 127 3.0017605068673707
list:
dist: 3.0017605068673707 vs. 3.0017605068673707
--------
nle(id0,id1,dist): 75 124 2.8549587409916004
list:
dist: 2.8549587409916004 vs. 2.8549587409916004
--------
nle(id0,id1,dist): 76 87 1.3921683938406137
list:
dist: 1.3921683938406137 vs. 1.3921683938406137
--------
nle(id0,id1,dist): 75 125 1.985447231247157
list:
dist: 1.985447231247157 vs. 1.985447231247157
--------
nle(id0,id1,dist): 76 88 1.8446405970994333
list:
dist: 1.8446405970994333 vs. 1.8446405970994333
--------
nle(id0,id1,dist): 76 85 1.4292121913577778
list:
dist: 1.4292121913577778 vs. 1.4292121913577778
--------
nle(id0,id1,dist): 75 123 2.5860079368495743
list:
dist: 2.5860079368495743 vs. 2.5860079368495743
--------
nle(id0,id1,dist): 76 86 1.2456130487362784
list:
dist: 1.2456130487362784 vs. 1.2456130487362784
--------
nle(id0,id1,dist): 77 79 2.0599559088403274
list:
dist: 2.0599559088403274 vs. 2.0599559088403274
--------
nle(id0,id1,dist): 77 78 2.4107548065234754
list:
dist: 2.4107548065234754 vs. 2.4107548065234754
--------
nle(id0,id1,dist): 76 113 3.004514907325614
list:
dist: 3.004514907325614 vs. 3.004514907325614
--------
nle(id0,id1,dist): 75 149 3.0842036658457403
list:
dist: 3.0842036658457403 vs. 3.0842036658457403
--------
nle(id0,id1,dist): 75 146 2.7569799052183113
list:
dist: 2.7569799052183113 vs. 2.7569799052183113
--------
nle(id0,id1,dist): 75 145 2.7954281576301323
list:
dist: 2.7954281576301323 vs. 2.7954281576301323
--------
nle(id0,id1,dist): 75 144 2.378771171985421
list:
dist: 2.378771171985421 vs. 2.378771171985421
--------
nle(id0,id1,dist): 75 143 2.315290244535486
list:
dist: 2.315290244535486 vs. 2.315290244535486
--------
nle(id0,id1,dist): 75 142 3.4069114597276324
list:
dist: 3.4069114597276324 vs. 3.4069114597276324
--------
nle(id0,id1,dist): 75 140 2.797496338991086
list:
dist: 2.797496338991086 vs. 2.797496338991086
--------
nle(id0,id1,dist): 75 139 2.185568008398405
list:
dist: 2.185568008398405 vs. 2.185568008398405
--------
nle(id0,id1,dist): 75 138 2.0702576014655127
list:
dist: 2.0702576014655127 vs. 2.0702576014655127
--------
nle(id0,id1,dist): 74 135 4.053065282805325
list:
dist: 4.053065282805325 vs. 4.053065282805325
--------
nle(id0,id1,dist): 74 136 4.050798530066214
list:
dist: 4.050798530066214 vs. 4.050798530066214
--------
nle(id0,id1,dist): 74 137 4.315718874290751
list:
dist: 4.315718874290751 vs. 4.315718874290751
--------
nle(id0,id1,dist): 74 138 4.132169885804091
list:
dist: 4.132169885804091 vs. 4.132169885804091
--------
nle(id0,id1,dist): 74 139 4.230928837373373
list:
dist: 4.230928837373373 vs. 4.230928837373373
--------
nle(id0,id1,dist): 74 140 4.624657550139127
list:
dist: 4.624657550139127 vs. 4.624657550139127
--------
nle(id0,id1,dist): 74 142 5.159527070713964
list:
dist: 5.159527070713964 vs. 5.159527070713964
--------
nle(id0,id1,dist): 74 127 4.2272139154207045
list:
dist: 4.2272139154207045 vs. 4.2272139154207045
--------
nle(id0,id1,dist): 74 128 3.5484516601029825
list:
dist: 3.5484516601029825 vs. 3.5484516601029825
--------
nle(id0,id1,dist): 74 129 3.8622666151085125
list:
dist: 3.8622666151085125 vs. 3.8622666151085125
--------
nle(id0,id1,dist): 74 130 4.544533920238905
list:
dist: 4.544533920238905 vs. 4.544533920238905
--------
nle(id0,id1,dist): 74 131 4.352672875976668
list:
dist: 4.352672875976668 vs. 4.352672875976668
--------
nle(id0,id1,dist): 74 132 4.035895286277993
list:
dist: 4.035895286277993 vs. 4.035895286277993
--------
nle(id0,id1,dist): 74 134 4.396115403617202
list:
dist: 4.396115403617202 vs. 4.396115403617202
--------
nle(id0,id1,dist): 76 78 1.7370887339364047
list:
dist: 1.7370887339364047 vs. 1.7370887339364047
--------
nle(id0,id1,dist): 76 77 0.785387030669696
list:
dist: 0.785387030669696 vs. 0.785387030669696
--------
nle(id0,id1,dist): 76 80 0.8161310053780999
list:
dist: 0.8161310053780999 vs. 0.8161310053780999
--------
nle(id0,id1,dist): 76 79 1.358409546286102
list:
dist: 1.358409546286102 vs. 1.358409546286102
--------
nle(id0,id1,dist): 76 82 0.7480951184141374
list:
dist: 0.7480951184141374 vs. 0.7480951184141374
--------
nle(id0,id1,dist): 76 81 1.0428652615345142
list:
dist: 1.0428652615345142 vs. 1.0428652615345142
--------
nle(id0,id1,dist): 76 84 1.8624428596745333
list:
dist: 1.8624428596745333 vs. 1.8624428596745333
--------
nle(id0,id1,dist): 75 121 3.1011155309507115
list:
dist: 3.1011155309507115 vs. 3.1011155309507115
--------
nle(id0,id1,dist): 75 120 2.744083838712657
list:
dist: 2.744083838712657 vs. 2.744083838712657
--------
nle(id0,id1,dist): 76 83 1.1255922905175313
list:
dist: 1.1255922905175313 vs. 1.1255922905175313
--------
nle(id0,id1,dist): 74 144 4.448202616860719
list:
dist: 4.448202616860719 vs. 4.448202616860719
--------
nle(id0,id1,dist): 74 143 4.364087355871709
list:
dist: 4.364087355871709 vs. 4.364087355871709
--------
nle(id0,id1,dist): 74 146 4.808386021475207
list:
dist: 4.808386021475207 vs. 4.808386021475207
--------
nle(id0,id1,dist): 74 145 4.8677040489504035
list:
dist: 4.8677040489504035 vs. 4.8677040489504035
--------
nle(id0,id1,dist): 75 113 2.8748430692524884
list:
dist: 2.8748430692524884 vs. 2.8748430692524884
--------
nle(id0,id1,dist): 74 149 5.0067969664586585
list:
dist: 5.0067969664586585 vs. 5.0067969664586585
--------
nle(id0,id1,dist): 73 142 3.6289913052059064
list:
dist: 3.6289913052059064 vs. 3.6289913052059064
--------
nle(id0,id1,dist): 73 143 3.0460689675198447
list:
dist: 3.0460689675198447 vs. 3.0460689675198447
--------
nle(id0,id1,dist): 73 140 3.0160495019362705
list:
dist: 3.0160495019362705 vs. 3.0160495019362705
--------
nle(id0,id1,dist): 73 146 3.485281453097581
list:
dist: 3.485281453097581 vs. 3.485281453097581
--------
nle(id0,id1,dist): 73 144 3.190407629125817
list:
dist: 3.190407629125817 vs. 3.190407629125817
--------
nle(id0,id1,dist): 73 145 3.503300769416014
list:
dist: 3.503300769416014 vs. 3.503300769416014
--------
nle(id0,id1,dist): 73 134 2.785953451943473
list:
dist: 2.785953451943473 vs. 2.785953451943473
--------
nle(id0,id1,dist): 73 135 2.4244194739437104
list:
dist: 2.4244194739437104 vs. 2.4244194739437104
--------
nle(id0,id1,dist): 73 132 2.479332124766282
list:
dist: 2.479332124766282 vs. 2.479332124766282
--------
nle(id0,id1,dist): 73 138 2.7704149908848854
list:
dist: 2.7704149908848854 vs. 2.7704149908848854
--------
nle(id0,id1,dist): 73 139 2.7918198677955237
list:
dist: 2.7918198677955237 vs. 2.7918198677955237
--------
nle(id0,id1,dist): 73 136 2.565178983084057
list:
dist: 2.565178983084057 vs. 2.565178983084057
--------
nle(id0,id1,dist): 73 137 2.91858292191571
list:
dist: 2.91858292191571 vs. 2.91858292191571
--------
nle(id0,id1,dist): 75 85 1.0986639668893117
list:
dist: 1.0986639668893117 vs. 1.0986639668893117
--------
nle(id0,id1,dist): 75 84 1.5953730002386715
list:
dist: 1.5953730002386715 vs. 1.5953730002386715
--------
nle(id0,id1,dist): 74 121 3.880613015182457
list:
dist: 3.880613015182457 vs. 3.880613015182457
--------
nle(id0,id1,dist): 75 83 1.123485826809214
list:
dist: 1.123485826809214 vs. 1.123485826809214
--------
nle(id0,id1,dist): 74 120 3.9793649200101395
list:
dist: 3.9793649200101395 vs. 3.9793649200101395
--------
nle(id0,id1,dist): 75 82 1.1423546633010748
list:
dist: 1.1423546633010748 vs. 1.1423546633010748
--------
nle(id0,id1,dist): 75 89 1.2499647986201217
list:
dist: 1.2499647986201217 vs. 1.2499647986201217
--------
nle(id0,id1,dist): 74 126 2.963284216290925
list:
dist: 2.963284216290925 vs. 2.963284216290925
--------
nle(id0,id1,dist): 75 88 1.2964789814997018
list:
dist: 1.2964789814997018 vs. 1.2964789814997018
--------
nle(id0,id1,dist): 74 125 3.3690518789824617
list:
dist: 3.3690518789824617 vs. 3.3690518789824617
--------
nle(id0,id1,dist): 75 87 0.8509578414053536
list:
dist: 0.8509578414053536 vs. 0.8509578414053536
--------
nle(id0,id1,dist): 74 124 3.736777942793399
list:
dist: 3.736777942793399 vs. 3.736777942793399
--------
nle(id0,id1,dist): 74 123 3.549136146152012
list:
dist: 3.549136146152012 vs. 3.549136146152012
--------
nle(id0,id1,dist): 75 86 0.829270052347705
list:
dist: 0.829270052347705 vs. 0.829270052347705
--------
nle(id0,id1,dist): 75 77 1.31302672740244
list:
dist: 1.31302672740244 vs. 1.31302672740244
--------
nle(id0,id1,dist): 75 76 0.5564878412900245
list:
dist: 0.5564878412900245 vs. 0.5564878412900245
--------
nle(id0,id1,dist): 74 113 4.012453484815234
list:
dist: 4.012453484815234 vs. 4.012453484815234
--------
nle(id0,id1,dist): 73 149 3.824420687672604
list:
dist: 3.824420687672604 vs. 3.824420687672604
--------
nle(id0,id1,dist): 75 81 1.4563285742316776
list:
dist: 1.4563285742316776 vs. 1.4563285742316776
--------
nle(id0,id1,dist): 75 80 1.1803093041612032
list:
dist: 1.1803093041612032 vs. 1.1803093041612032
--------
nle(id0,id1,dist): 75 79 1.1130912036602982
list:
dist: 1.1130912036602982 vs. 1.1130912036602982
--------
nle(id0,id1,dist): 75 78 1.2763569102209902
list:
dist: 1.2763569102209902 vs. 1.2763569102209902
--------
nle(id0,id1,dist): 118 148 3.8484067070045795
list:
dist: 3.8484067070045795 vs. 3.8484067070045795
--------
nle(id0,id1,dist): 118 149 2.3604284386338303
list:
dist: 2.3604284386338303 vs. 2.3604284386338303
--------
nle(id0,id1,dist): 118 144 3.477297283913981
list:
dist: 3.477297283913981 vs. 3.477297283913981
--------
nle(id0,id1,dist): 118 143 3.220117291094929
list:
dist: 3.220117291094929 vs. 3.220117291094929
--------
nle(id0,id1,dist): 118 146 3.23206520390133
list:
dist: 3.23206520390133 vs. 3.23206520390133
--------
nle(id0,id1,dist): 118 145 3.623822967703085
list:
dist: 3.623822967703085 vs. 3.623822967703085
--------
nle(id0,id1,dist): 118 142 3.267810688558402
list:
dist: 3.267810688558402 vs. 3.267810688558402
--------
nle(id0,id1,dist): 118 136 3.34961282276751
list:
dist: 3.34961282276751 vs. 3.34961282276751
--------
nle(id0,id1,dist): 119 149 3.3397107496657283
list:
dist: 3.3397107496657283 vs. 3.3397107496657283
--------
nle(id0,id1,dist): 119 146 4.112582516008832
list:
dist: 4.112582516008832 vs. 4.112582516008832
--------
nle(id0,id1,dist): 119 144 4.289124402090426
list:
dist: 4.289124402090426 vs. 4.289124402090426
--------
nle(id0,id1,dist): 119 145 4.490037108183677
list:
dist: 4.490037108183677 vs. 4.490037108183677
--------
nle(id0,id1,dist): 119 142 3.9025540759148103
list:
dist: 3.9025540759148103 vs. 3.9025540759148103
--------
nle(id0,id1,dist): 119 143 3.9999642167336567
list:
dist: 3.9999642167336567 vs. 3.9999642167336567
--------
nle(id0,id1,dist): 119 136 3.9499525695703586
list:
dist: 3.9499525695703586 vs. 3.9499525695703586
--------
nle(id0,id1,dist): 120 147 2.0281929905965703
list:
dist: 2.0281929905965703 vs. 2.0281929905965703
--------
nle(id0,id1,dist): 120 137 2.1068068883267665
list:
dist: 2.1068068883267665 vs. 2.1068068883267665
--------
nle(id0,id1,dist): 120 138 2.4527215250748613
list:
dist: 2.4527215250748613 vs. 2.4527215250748613
--------
nle(id0,id1,dist): 120 139 2.460763805064536
list:
dist: 2.460763805064536 vs. 2.460763805064536
--------
nle(id0,id1,dist): 120 140 2.211866065371985
list:
dist: 2.211866065371985 vs. 2.211866065371985
--------
nle(id0,id1,dist): 120 141 2.701227474282645
list:
dist: 2.701227474282645 vs. 2.701227474282645
--------
nle(id0,id1,dist): 120 130 1.03223561471412
list:
dist: 1.03223561471412 vs. 1.03223561471412
--------
nle(id0,id1,dist): 120 129 1.5970950547917042
list:
dist: 1.5970950547917042 vs. 1.5970950547917042
--------
nle(id0,id1,dist): 120 132 0.8257050267334439
list:
dist: 0.8257050267334439 vs. 0.8257050267334439
--------
nle(id0,id1,dist): 120 131 1.9272716616200392
list:
dist: 1.9272716616200392 vs. 1.9272716616200392
--------
nle(id0,id1,dist): 120 134 1.641695515535136
list:
dist: 1.641695515535136 vs. 1.641695515535136
--------
nle(id0,id1,dist): 120 133 1.5141263194763528
list:
dist: 1.5141263194763528 vs. 1.5141263194763528
--------
nle(id0,id1,dist): 120 135 1.4120204792084956
list:
dist: 1.4120204792084956 vs. 1.4120204792084956
--------
nle(id0,id1,dist): 120 122 1.1511773920805815
list:
dist: 1.1511773920805815 vs. 1.1511773920805815
--------
nle(id0,id1,dist): 120 121 0.8984836014857237
list:
dist: 0.8984836014857237 vs. 0.8984836014857237
--------
nle(id0,id1,dist): 120 124 1.1405341934681323
list:
dist: 1.1405341934681323 vs. 1.1405341934681323
--------
nle(id0,id1,dist): 120 123 0.795080976165156
list:
dist: 0.795080976165156 vs. 0.795080976165156
--------
nle(id0,id1,dist): 120 126 1.4434373170243164
list:
dist: 1.4434373170243164 vs. 1.4434373170243164
--------
nle(id0,id1,dist): 120 125 1.1711005796478575
list:
dist: 1.1711005796478575 vs. 1.1711005796478575
--------
nle(id0,id1,dist): 120 128 2.1503339548049274
list:
dist: 2.1503339548049274 vs. 2.1503339548049274
--------
nle(id0,id1,dist): 120 127 0.542727158555608
list:
dist: 0.542727158555608 vs. 0.542727158555608
--------
nle(id0,id1,dist): 121 140 3.0800956055433804
list:
dist: 3.0800956055433804 vs. 3.0800956055433804
--------
nle(id0,id1,dist): 121 147 2.8995081370367504
list:
dist: 2.8995081370367504 vs. 2.8995081370367504
--------
nle(id0,id1,dist): 121 134 2.5204512290599173
list:
dist: 2.5204512290599173 vs. 2.5204512290599173
--------
nle(id0,id1,dist): 121 135 2.208819825093985
list:
dist: 2.208819825093985 vs. 2.208819825093985
--------
nle(id0,id1,dist): 121 132 1.6989291469353922
list:
dist: 1.6989291469353922 vs. 1.6989291469353922
--------
nle(id0,id1,dist): 121 133 2.3969795348893355
list:
dist: 2.3969795348893355 vs. 2.3969795348893355
--------
nle(id0,id1,dist): 121 138 3.2414384234882236
list:
dist: 3.2414384234882236 vs. 3.2414384234882236
--------
nle(id0,id1,dist): 121 139 3.288406258489503
list:
dist: 3.288406258489503 vs. 3.288406258489503
--------
nle(id0,id1,dist): 121 137 2.9135099017814237
list:
dist: 2.9135099017814237 vs. 2.9135099017814237
--------
nle(id0,id1,dist): 121 127 0.9093369547707246
list:
dist: 0.9093369547707246 vs. 0.9093369547707246
--------
nle(id0,id1,dist): 121 126 1.9762735242679157
list:
dist: 1.9762735242679157 vs. 1.9762735242679157
--------
nle(id0,id1,dist): 121 125 1.7849437804901889
list:
dist: 1.7849437804901889 vs. 1.7849437804901889
--------
nle(id0,id1,dist): 121 124 1.3147156387368208
list:
dist: 1.3147156387368208 vs. 1.3147156387368208
--------
nle(id0,id1,dist): 121 131 2.777983425636368
list:
dist: 2.777983425636368 vs. 2.777983425636368
--------
nle(id0,id1,dist): 121 130 1.9001711760057105
list:
dist: 1.9001711760057105 vs. 1.9001711760057105
--------
nle(id0,id1,dist): 121 129 1.9313061145340875
list:
dist: 1.9313061145340875 vs. 1.9313061145340875
--------
nle(id0,id1,dist): 121 128 2.865798506698019
list:
dist: 2.865798506698019 vs. 2.865798506698019
--------
nle(id0,id1,dist): 121 123 1.0103875883014826
list:
dist: 1.0103875883014826 vs. 1.0103875883014826
--------
nle(id0,id1,dist): 121 122 1.60782950003306
list:
dist: 1.60782950003306 vs. 1.60782950003306
--------
nle(id0,id1,dist): 122 132 1.1380272286994277
list:
dist: 1.1380272286994277 vs. 1.1380272286994277
--------
nle(id0,id1,dist): 122 131 1.7629939321513044
list:
dist: 1.7629939321513044 vs. 1.7629939321513044
--------
nle(id0,id1,dist): 122 134 1.610520880187289
list:
dist: 1.610520880187289 vs. 1.610520880187289
--------
nle(id0,id1,dist): 122 133 1.5202389415589508
list:
dist: 1.5202389415589508 vs. 1.5202389415589508
--------
nle(id0,id1,dist): 122 128 2.6639736701669885
list:
dist: 2.6639736701669885 vs. 2.6639736701669885
--------
nle(id0,id1,dist): 122 127 1.6059155969905874
list:
dist: 1.6059155969905874 vs. 1.6059155969905874
--------
nle(id0,id1,dist): 122 130 1.1160122652736348
list:
dist: 1.1160122652736348 vs. 1.1160122652736348
--------
nle(id0,id1,dist): 122 129 2.7024747119589314
list:
dist: 2.7024747119589314 vs. 2.7024747119589314
--------
nle(id0,id1,dist): 122 140 2.0324548880800264
list:
dist: 2.0324548880800264 vs. 2.0324548880800264
--------
nle(id0,id1,dist): 122 139 2.7727009236892717
list:
dist: 2.7727009236892717 vs. 2.7727009236892717
--------
nle(id0,id1,dist): 122 142 2.99126470394541
list:
dist: 2.99126470394541 vs. 2.99126470394541
--------
nle(id0,id1,dist): 122 136 2.705763063378402
list:
dist: 2.705763063378402 vs. 2.705763063378402
--------
nle(id0,id1,dist): 122 135 1.1981623562758923
list:
dist: 1.1981623562758923 vs. 1.1981623562758923
--------
nle(id0,id1,dist): 122 138 2.924264999899593
list:
dist: 2.924264999899593 vs. 2.924264999899593
--------
nle(id0,id1,dist): 122 137 2.663152975875099
list:
dist: 2.663152975875099 vs. 2.663152975875099
--------
nle(id0,id1,dist): 122 123 0.9557223761197189
list:
dist: 0.9557223761197189 vs. 0.9557223761197189
--------
nle(id0,id1,dist): 122 124 0.7432333859586575
list:
dist: 0.7432333859586575 vs. 0.7432333859586575
--------
nle(id0,id1,dist): 122 125 1.278876073525888
list:
dist: 1.278876073525888 vs. 1.278876073525888
--------
nle(id0,id1,dist): 122 126 1.7767829096037244
list:
dist: 1.7767829096037244 vs. 1.7767829096037244
--------
nle(id0,id1,dist): 123 129 2.1659983749577854
list:
dist: 2.1659983749577854 vs. 2.1659983749577854
--------
nle(id0,id1,dist): 123 128 2.34575185689923
list:
dist: 2.34575185689923 vs. 2.34575185689923
--------
nle(id0,id1,dist): 123 127 1.281657041305016
list:
dist: 1.281657041305016 vs. 1.281657041305016
--------
nle(id0,id1,dist): 123 126 1.2300622745297365
list:
dist: 1.2300622745297365 vs. 1.2300622745297365
--------
nle(id0,id1,dist): 123 125 0.9095008256260749
list:
dist: 0.9095008256260749 vs. 0.9095008256260749
--------
nle(id0,id1,dist): 123 124 0.45400490636966007
list:
dist: 0.45400490636966007 vs. 0.45400490636966007
--------
nle(id0,id1,dist): 123 137 2.5406106159784976
list:
dist: 2.5406106159784976 vs. 2.5406106159784976
--------
nle(id0,id1,dist): 123 135 1.3906263427753731
list:
dist: 1.3906263427753731 vs. 1.3906263427753731
--------
nle(id0,id1,dist): 123 134 1.8500226854705895
list:
dist: 1.8500226854705895 vs. 1.8500226854705895
--------
nle(id0,id1,dist): 123 133 1.9045969441064918
list:
dist: 1.9045969441064918 vs. 1.9045969441064918
--------
nle(id0,id1,dist): 123 132 1.1238585360074542
list:
dist: 1.1238585360074542 vs. 1.1238585360074542
--------
nle(id0,id1,dist): 123 131 2.0121520507159314
list:
dist: 2.0121520507159314 vs. 2.0121520507159314
--------
nle(id0,id1,dist): 123 130 1.4423232209734922
list:
dist: 1.4423232209734922 vs. 1.4423232209734922
--------
nle(id0,id1,dist): 122 147 2.1978757243079796
list:
dist: 2.1978757243079796 vs. 2.1978757243079796
--------
nle(id0,id1,dist): 122 145 3.4348698918280895
list:
dist: 3.4348698918280895 vs. 3.4348698918280895
--------
nle(id0,id1,dist): 122 146 3.636136504257671
list:
dist: 3.636136504257671 vs. 3.636136504257671
--------
nle(id0,id1,dist): 122 143 3.412166368416872
list:
dist: 3.412166368416872 vs. 3.412166368416872
--------
nle(id0,id1,dist): 122 144 3.577765120291684
list:
dist: 3.577765120291684 vs. 3.577765120291684
--------
nle(id0,id1,dist): 124 126 1.4701631012485596
list:
dist: 1.4701631012485596 vs. 1.4701631012485596
--------
nle(id0,id1,dist): 124 125 1.0726361198679537
list:
dist: 1.0726361198679537 vs. 1.0726361198679537
--------
nle(id0,id1,dist): 124 128 2.621812080155353
list:
dist: 2.621812080155353 vs. 2.621812080155353
--------
nle(id0,id1,dist): 124 127 1.6359700650677784
list:
dist: 1.6359700650677784 vs. 1.6359700650677784
--------
nle(id0,id1,dist): 124 130 1.5629618488625345
list:
dist: 1.5629618488625345 vs. 1.5629618488625345
--------
nle(id0,id1,dist): 124 129 2.603020035858532
list:
dist: 2.603020035858532 vs. 2.603020035858532
--------
nle(id0,id1,dist): 124 132 1.329341137148679
list:
dist: 1.329341137148679 vs. 1.329341137148679
--------
nle(id0,id1,dist): 124 131 2.0538535853513524
list:
dist: 2.0538535853513524 vs. 2.0538535853513524
--------
nle(id0,id1,dist): 123 138 2.7618595203566985
list:
dist: 2.7618595203566985 vs. 2.7618595203566985
--------
nle(id0,id1,dist): 123 139 2.7112123511016053
list:
dist: 2.7112123511016053 vs. 2.7112123511016053
--------
nle(id0,id1,dist): 123 140 2.3422596409278857
list:
dist: 2.3422596409278857 vs. 2.3422596409278857
--------
nle(id0,id1,dist): 123 147 2.5401846248192115
list:
dist: 2.5401846248192115 vs. 2.5401846248192115
--------
nle(id0,id1,dist): 124 149 4.470706699537095
list:
dist: 4.470706699537095 vs. 4.470706699537095
--------
nle(id0,id1,dist): 125 127 1.6649105226781413
list:
dist: 1.6649105226781413 vs. 1.6649105226781413
--------
nle(id0,id1,dist): 125 126 0.5101764599133908
list:
dist: 0.5101764599133908 vs. 0.5101764599133908
--------
nle(id0,id1,dist): 124 135 1.4224421917310652
list:
dist: 1.4224421917310652 vs. 1.4224421917310652
--------
nle(id0,id1,dist): 124 136 2.803042295449525
list:
dist: 2.803042295449525 vs. 2.803042295449525
--------
nle(id0,id1,dist): 124 133 2.001495880039085
list:
dist: 2.001495880039085 vs. 2.001495880039085
--------
nle(id0,id1,dist): 124 134 1.9408772885452943
list:
dist: 1.9408772885452943 vs. 1.9408772885452943
--------
nle(id0,id1,dist): 124 139 2.91360265108284
list:
dist: 2.91360265108284 vs. 2.91360265108284
--------
nle(id0,id1,dist): 124 140 2.3762145277387283
list:
dist: 2.3762145277387283 vs. 2.3762145277387283
--------
nle(id0,id1,dist): 124 137 2.818781091975497
list:
dist: 2.818781091975497 vs. 2.818781091975497
--------
nle(id0,id1,dist): 124 138 3.0177879205267937
list:
dist: 3.0177879205267937 vs. 3.0177879205267937
--------
nle(id0,id1,dist): 124 143 3.5191835847645643
list:
dist: 3.5191835847645643 vs. 3.5191835847645643
--------
nle(id0,id1,dist): 124 144 3.6830395023997755
list:
dist: 3.6830395023997755 vs. 3.6830395023997755
--------
nle(id0,id1,dist): 124 142 3.308009571631072
list:
dist: 3.308009571631072 vs. 3.308009571631072
--------
nle(id0,id1,dist): 124 147 2.6814361060261542
list:
dist: 2.6814361060261542 vs. 2.6814361060261542
--------
nle(id0,id1,dist): 124 145 3.652763661611241
list:
dist: 3.652763661611241 vs. 3.652763661611241
--------
nle(id0,id1,dist): 124 146 3.8162982542057065
list:
dist: 3.8162982542057065 vs. 3.8162982542057065
--------
nle(id0,id1,dist): 111 149 3.0784590194253516
list:
dist: 3.0784590194253516 vs. 3.0784590194253516
--------
nle(id0,id1,dist): 111 146 3.4423668012828808
list:
dist: 3.4423668012828808 vs. 3.4423668012828808
--------
nle(id0,id1,dist): 111 145 3.7066089825736928
list:
dist: 3.7066089825736928 vs. 3.7066089825736928
--------
nle(id0,id1,dist): 111 144 3.675679433447586
list:
dist: 3.675679433447586 vs. 3.675679433447586
--------
nle(id0,id1,dist): 111 143 3.2784943839532765
list:
dist: 3.2784943839532765 vs. 3.2784943839532765
--------
nle(id0,id1,dist): 111 142 2.3614141980319916
list:
dist: 2.3614141980319916 vs. 2.3614141980319916
--------
nle(id0,id1,dist): 111 136 2.778707298369304
list:
dist: 2.778707298369304 vs. 2.778707298369304
--------
nle(id0,id1,dist): 112 119 1.6365970890354031
list:
dist: 1.6365970890354031 vs. 1.6365970890354031
--------
nle(id0,id1,dist): 112 117 1.475067654564226
list:
dist: 1.475067654564226 vs. 1.475067654564226
--------
nle(id0,id1,dist): 112 118 2.0871407203993977
list:
dist: 2.0871407203993977 vs. 2.0871407203993977
--------
nle(id0,id1,dist): 112 115 1.174221983220633
list:
dist: 1.174221983220633 vs. 1.174221983220633
--------
nle(id0,id1,dist): 112 116 1.3494791340179413
list:
dist: 1.3494791340179413 vs. 1.3494791340179413
--------
nle(id0,id1,dist): 112 113 1.762926574461711
list:
dist: 1.762926574461711 vs. 1.762926574461711
--------
nle(id0,id1,dist): 112 114 1.1365784314923124
list:
dist: 1.1365784314923124 vs. 1.1365784314923124
--------
nle(id0,id1,dist): 112 142 3.2188887453795356
list:
dist: 3.2188887453795356 vs. 3.2188887453795356
--------
nle(id0,id1,dist): 112 144 4.4454832311869765
list:
dist: 4.4454832311869765 vs. 4.4454832311869765
--------
nle(id0,id1,dist): 112 143 4.068599968301682
list:
dist: 4.068599968301682 vs. 4.068599968301682
--------
nle(id0,id1,dist): 112 136 3.721902748365759
list:
dist: 3.721902748365759 vs. 3.721902748365759
--------
nle(id0,id1,dist): 113 116 0.9767362924012438
list:
dist: 0.9767362924012438 vs. 0.9767362924012438
--------
nle(id0,id1,dist): 113 117 0.9645906129095984
list:
dist: 0.9645906129095984 vs. 0.9645906129095984
--------
nle(id0,id1,dist): 113 118 1.788213771925948
list:
dist: 1.788213771925948 vs. 1.788213771925948
--------
nle(id0,id1,dist): 113 119 1.7817755885562572
list:
dist: 1.7817755885562572 vs. 1.7817755885562572
--------
nle(id0,id1,dist): 112 149 3.601230980215991
list:
dist: 3.601230980215991 vs. 3.601230980215991
--------
nle(id0,id1,dist): 113 114 0.8529088732648933
list:
dist: 0.8529088732648933 vs. 0.8529088732648933
--------
nle(id0,id1,dist): 113 115 1.3854565764647735
list:
dist: 1.3854565764647735 vs. 1.3854565764647735
--------
nle(id0,id1,dist): 112 145 4.488792925979155
list:
dist: 4.488792925979155 vs. 4.488792925979155
--------
nle(id0,id1,dist): 112 146 4.173708256443729
list:
dist: 4.173708256443729 vs. 4.173708256443729
--------
nle(id0,id1,dist): 113 135 3.3679776001444273
list:
dist: 3.3679776001444273 vs. 3.3679776001444273
--------
nle(id0,id1,dist): 113 134 3.43338769887254
list:
dist: 3.43338769887254 vs. 3.43338769887254
--------
nle(id0,id1,dist): 113 132 3.886935921657791
list:
dist: 3.886935921657791 vs. 3.886935921657791
--------
nle(id0,id1,dist): 113 139 2.9851393284282537
list:
dist: 2.9851393284282537 vs. 2.9851393284282537
--------
nle(id0,id1,dist): 113 138 3.2072906196819546
list:
dist: 3.2072906196819546 vs. 3.2072906196819546
--------
nle(id0,id1,dist): 113 137 3.6541413452539904
list:
dist: 3.6541413452539904 vs. 3.6541413452539904
--------
nle(id0,id1,dist): 113 136 2.3346420102476606
list:
dist: 2.3346420102476606 vs. 2.3346420102476606
--------
nle(id0,id1,dist): 113 126 3.216716863201951
list:
dist: 3.216716863201951 vs. 3.216716863201951
--------
nle(id0,id1,dist): 113 125 3.4114988981264283
list:
dist: 3.4114988981264283 vs. 3.4114988981264283
--------
nle(id0,id1,dist): 113 124 4.22545128663291
list:
dist: 4.22545128663291 vs. 4.22545128663291
--------
nle(id0,id1,dist): 113 131 3.0998204446090245
list:
dist: 3.0998204446090245 vs. 3.0998204446090245
--------
nle(id0,id1,dist): 113 130 4.162854316056493
list:
dist: 4.162854316056493 vs. 4.162854316056493
--------
nle(id0,id1,dist): 113 128 3.0517125984680913
list:
dist: 3.0517125984680913 vs. 3.0517125984680913
--------
nle(id0,id1,dist): 113 149 2.3829855771665627
list:
dist: 2.3829855771665627 vs. 2.3829855771665627
--------
nle(id0,id1,dist): 114 117 1.1521600699552805
list:
dist: 1.1521600699552805 vs. 1.1521600699552805
--------
nle(id0,id1,dist): 114 118 2.154545517986835
list:
dist: 2.154545517986835 vs. 2.154545517986835
--------
nle(id0,id1,dist): 114 115 1.3636388131036157
list:
dist: 1.3636388131036157 vs. 1.3636388131036157
--------
nle(id0,id1,dist): 114 116 1.1790083639525522
list:
dist: 1.1790083639525522 vs. 1.1790083639525522
--------
nle(id0,id1,dist): 113 142 2.5002434560323095
list:
dist: 2.5002434560323095 vs. 2.5002434560323095
--------
nle(id0,id1,dist): 113 143 2.620134263553258
list:
dist: 2.620134263553258 vs. 2.620134263553258
--------
nle(id0,id1,dist): 113 140 3.092369414617002
list:
dist: 3.092369414617002 vs. 3.092369414617002
--------
nle(id0,id1,dist): 113 146 2.844336858719991
list:
dist: 2.844336858719991 vs. 2.844336858719991
--------
nle(id0,id1,dist): 113 144 2.9669815879338897
list:
dist: 2.9669815879338897 vs. 2.9669815879338897
--------
nle(id0,id1,dist): 113 145 3.1594541184079614
list:
dist: 3.1594541184079614 vs. 3.1594541184079614
--------
nle(id0,id1,dist): 114 119 1.80286043181771
list:
dist: 1.80286043181771 vs. 1.80286043181771
--------
nle(id0,id1,dist): 114 143 3.3279342373594276
list:
dist: 3.3279342373594276 vs. 3.3279342373594276
--------
nle(id0,id1,dist): 114 144 3.702232196185939
list:
dist: 3.702232196185939 vs. 3.702232196185939
--------
nle(id0,id1,dist): 114 145 3.824885798670613
list:
dist: 3.824885798670613 vs. 3.824885798670613
--------
nle(id0,id1,dist): 114 146 3.5330425982147244
list:
dist: 3.5330425982147244 vs. 3.5330425982147244
--------
nle(id0,id1,dist): 114 149 3.1012027062775633
list:
dist: 3.1012027062775633 vs. 3.1012027062775633
--------
nle(id0,id1,dist): 114 136 2.9044512861055645
list:
dist: 2.9044512861055645 vs. 2.9044512861055645
--------
nle(id0,id1,dist): 114 142 2.758657196944279
list:
dist: 2.758657196944279 vs. 2.758657196944279
--------
nle(id0,id1,dist): 115 118 1.3187323672953881
list:
dist: 1.3187323672953881 vs. 1.3187323672953881
--------
nle(id0,id1,dist): 115 119 1.6479543906750544
list:
dist: 1.6479543906750544 vs. 1.6479543906750544
--------
nle(id0,id1,dist): 115 116 0.8770844282534727
list:
dist: 0.8770844282534727 vs. 0.8770844282534727
--------
nle(id0,id1,dist): 115 117 1.2924917973331755
list:
dist: 1.2924917973331755 vs. 1.2924917973331755
--------
nle(id0,id1,dist): 115 136 2.9233452243417193
list:
dist: 2.9233452243417193 vs. 2.9233452243417193
--------
nle(id0,id1,dist): 115 145 3.4832810643970964
list:
dist: 3.4832810643970964 vs. 3.4832810643970964
--------
nle(id0,id1,dist): 115 144 3.4709845845207217
list:
dist: 3.4709845845207217 vs. 3.4709845845207217
--------
nle(id0,id1,dist): 115 143 3.112610988961463
list:
dist: 3.112610988961463 vs. 3.112610988961463
--------
nle(id0,id1,dist): 115 142 2.4335347535248446
list:
dist: 2.4335347535248446 vs. 2.4335347535248446
--------
nle(id0,id1,dist): 115 146 3.1469638494086647
list:
dist: 3.1469638494086647 vs. 3.1469638494086647
--------
nle(id0,id1,dist): 115 149 2.5013021540313027
list:
dist: 2.5013021540313027 vs. 2.5013021540313027
--------
nle(id0,id1,dist): 116 117 0.4439082470635009
list:
dist: 0.4439082470635009 vs. 0.4439082470635009
--------
nle(id0,id1,dist): 116 118 0.983007448834135
list:
dist: 0.983007448834135 vs. 0.983007448834135
--------
nle(id0,id1,dist): 116 119 0.9736897576144815
list:
dist: 0.9736897576144815 vs. 0.9736897576144815
--------
nle(id0,id1,dist): 116 136 3.0280685787038704
list:
dist: 3.0280685787038704 vs. 3.0280685787038704
--------
nle(id0,id1,dist): 116 143 3.146634555844887
list:
dist: 3.146634555844887 vs. 3.146634555844887
--------
nle(id0,id1,dist): 116 144 3.4715404528000784
list:
dist: 3.4715404528000784 vs. 3.4715404528000784
--------
nle(id0,id1,dist): 116 142 2.9341050991278883
list:
dist: 2.9341050991278883 vs. 2.9341050991278883
--------
nle(id0,id1,dist): 116 145 3.623384158621132
list:
dist: 3.623384158621132 vs. 3.623384158621132
--------
nle(id0,id1,dist): 116 146 3.2609794869288464
list:
dist: 3.2609794869288464 vs. 3.2609794869288464
--------
nle(id0,id1,dist): 116 149 2.56298867506439
list:
dist: 2.56298867506439 vs. 2.56298867506439
--------
nle(id0,id1,dist): 117 118 1.2284213937828474
list:
dist: 1.2284213937828474 vs. 1.2284213937828474
--------
nle(id0,id1,dist): 117 119 0.81937557035837
list:
dist: 0.81937557035837 vs. 0.81937557035837
--------
nle(id0,id1,dist): 117 136 3.1941810990460304
list:
dist: 3.1941810990460304 vs. 3.1941810990460304
--------
nle(id0,id1,dist): 117 142 3.237159119773895
list:
dist: 3.237159119773895 vs. 3.237159119773895
--------
nle(id0,id1,dist): 117 143 3.3258028271773767
list:
dist: 3.3258028271773767 vs. 3.3258028271773767
--------
nle(id0,id1,dist): 117 144 3.6382536845610223
list:
dist: 3.6382536845610223 vs. 3.6382536845610223
--------
nle(id0,id1,dist): 117 145 3.844474391917381
list:
dist: 3.844474391917381 vs. 3.844474391917381
--------
nle(id0,id1,dist): 117 146 3.485587224750333
list:
dist: 3.485587224750333 vs. 3.485587224750333
--------
nle(id0,id1,dist): 117 149 2.8154209513743407
list:
dist: 2.8154209513743407 vs. 2.8154209513743407
--------
nle(id0,id1,dist): 118 119 1.1967472820432916
list:
dist: 1.1967472820432916 vs. 1.1967472820432916
--------
nle(id0,id1,dist): 106 110 2.54967515613919
list:
dist: 2.54967515613919 vs. 2.54967515613919
--------
nle(id0,id1,dist): 106 109 0.5008623157701083
list:
dist: 0.5008623157701083 vs. 0.5008623157701083
--------
nle(id0,id1,dist): 106 108 1.6348959140187111
list:
dist: 1.6348959140187111 vs. 1.6348959140187111
--------
nle(id0,id1,dist): 106 107 0.6604734071617523
list:
dist: 0.6604734071617523 vs. 0.6604734071617523
--------
nle(id0,id1,dist): 105 109 0.7705459672411548
list:
dist: 0.7705459672411548 vs. 0.7705459672411548
--------
nle(id0,id1,dist): 105 108 1.1194838093118689
list:
dist: 1.1194838093118689 vs. 1.1194838093118689
--------
nle(id0,id1,dist): 105 110 3.2733381888444786
list:
dist: 3.2733381888444786 vs. 3.2733381888444786
--------
nle(id0,id1,dist): 105 107 0.8056576935608998
list:
dist: 0.8056576935608998 vs. 0.8056576935608998
--------
nle(id0,id1,dist): 105 106 0.9183938427829554
list:
dist: 0.9183938427829554 vs. 0.9183938427829554
--------
nle(id0,id1,dist): 108 109 1.589302909356128
list:
dist: 1.589302909356128 vs. 1.589302909356128
--------
nle(id0,id1,dist): 108 110 3.230939178511979
list:
dist: 3.230939178511979 vs. 3.230939178511979
--------
nle(id0,id1,dist): 107 110 2.5399455440710867
list:
dist: 2.5399455440710867 vs. 2.5399455440710867
--------
nle(id0,id1,dist): 107 108 1.2888004634918682
list:
dist: 1.2888004634918682 vs. 1.2888004634918682
--------
nle(id0,id1,dist): 107 109 0.4231251334584813
list:
dist: 0.4231251334584813 vs. 0.4231251334584813
--------
nle(id0,id1,dist): 109 110 2.7211213889134664
list:
dist: 2.7211213889134664 vs. 2.7211213889134664
--------
nle(id0,id1,dist): 111 119 2.21809354885308
list:
dist: 2.21809354885308 vs. 2.21809354885308
--------
nle(id0,id1,dist): 111 118 2.370958090427844
list:
dist: 2.370958090427844 vs. 2.370958090427844
--------
nle(id0,id1,dist): 111 116 1.483500300105954
list:
dist: 1.483500300105954 vs. 1.483500300105954
--------
nle(id0,id1,dist): 111 117 1.6158874743054992
list:
dist: 1.6158874743054992 vs. 1.6158874743054992
--------
nle(id0,id1,dist): 111 114 0.6235052245038816
list:
dist: 0.6235052245038816 vs. 0.6235052245038816
--------
nle(id0,id1,dist): 111 115 1.2632278572340014
list:
dist: 1.2632278572340014 vs. 1.2632278572340014
--------
nle(id0,id1,dist): 111 112 1.1210069621545296
list:
dist: 1.1210069621545296 vs. 1.1210069621545296
--------
nle(id0,id1,dist): 111 113 1.204091564059555
list:
dist: 1.204091564059555 vs. 1.204091564059555
--------
nle(id0,id1,dist): 110 111 1.0764764565628753
list:
dist: 1.0764764565628753 vs. 1.0764764565628753
--------
nle(id0,id1,dist): 110 112 1.2638885122976364
list:
dist: 1.2638885122976364 vs. 1.2638885122976364
--------
nle(id0,id1,dist): 110 113 1.67156642189202
list:
dist: 1.67156642189202 vs. 1.67156642189202
--------
nle(id0,id1,dist): 110 114 0.8622423186377974
list:
dist: 0.8622423186377974 vs. 0.8622423186377974
--------
nle(id0,id1,dist): 110 119 2.225676680439538
list:
dist: 2.225676680439538 vs. 2.225676680439538
--------
nle(id0,id1,dist): 110 115 2.038074695851341
list:
dist: 2.038074695851341 vs. 2.038074695851341
--------
nle(id0,id1,dist): 110 116 1.8976132326525603
list:
dist: 1.8976132326525603 vs. 1.8976132326525603
--------
nle(id0,id1,dist): 110 117 1.7852205826115377
list:
dist: 1.7852205826115377 vs. 1.7852205826115377
--------
nle(id0,id1,dist): 99 107 1.0676344633317871
list:
dist: 1.0676344633317871 vs. 1.0676344633317871
--------
nle(id0,id1,dist): 99 106 1.4847362430630169
list:
dist: 1.4847362430630169 vs. 1.4847362430630169
--------
nle(id0,id1,dist): 99 109 1.4557180798148501
list:
dist: 1.4557180798148501 vs. 1.4557180798148501
--------
nle(id0,id1,dist): 99 108 0.5555739978648563
list:
dist: 0.5555739978648563 vs. 0.5555739978648563
--------
nle(id0,id1,dist): 99 110 2.705137547464478
list:
dist: 2.705137547464478 vs. 2.705137547464478
--------
nle(id0,id1,dist): 99 101 1.657882728987095
list:
dist: 1.657882728987095 vs. 1.657882728987095
--------
nle(id0,id1,dist): 99 100 2.7793708540981292
list:
dist: 2.7793708540981292 vs. 2.7793708540981292
--------
nle(id0,id1,dist): 99 103 1.7973026517016206
list:
dist: 1.7973026517016206 vs. 1.7973026517016206
--------
nle(id0,id1,dist): 99 102 2.951316197492189
list:
dist: 2.951316197492189 vs. 2.951316197492189
--------
nle(id0,id1,dist): 99 105 1.2713030744382017
list:
dist: 1.2713030744382017 vs. 1.2713030744382017
--------
nle(id0,id1,dist): 99 104 2.1510577673519666
list:
dist: 2.1510577673519666 vs. 2.1510577673519666
--------
nle(id0,id1,dist): 98 106 1.776489734026147
list:
dist: 1.776489734026147 vs. 1.776489734026147
--------
nle(id0,id1,dist): 98 105 1.2559851995485447
list:
dist: 1.2559851995485447 vs. 1.2559851995485447
--------
nle(id0,id1,dist): 98 104 1.472918846346864
list:
dist: 1.472918846346864 vs. 1.472918846346864
--------
nle(id0,id1,dist): 98 103 0.7528589887212114
list:
dist: 0.7528589887212114 vs. 0.7528589887212114
--------
nle(id0,id1,dist): 98 110 3.5842963148619025
list:
dist: 3.5842963148619025 vs. 3.5842963148619025
--------
nle(id0,id1,dist): 98 109 1.30433783461898
list:
dist: 1.30433783461898 vs. 1.30433783461898
--------
nle(id0,id1,dist): 98 108 1.7149351565666007
list:
dist: 1.7149351565666007 vs. 1.7149351565666007
--------
nle(id0,id1,dist): 98 107 1.2753412306216882
list:
dist: 1.2753412306216882 vs. 1.2753412306216882
--------
nle(id0,id1,dist): 101 103 0.8444771502728419
list:
dist: 0.8444771502728419 vs. 0.8444771502728419
--------
nle(id0,id1,dist): 101 102 1.7707665418091605
list:
dist: 1.7707665418091605 vs. 1.7707665418091605
--------
nle(id0,id1,dist): 101 108 1.796065545742382
list:
dist: 1.796065545742382 vs. 1.796065545742382
--------
nle(id0,id1,dist): 101 109 0.7130362807695905
list:
dist: 0.7130362807695905 vs. 0.7130362807695905
--------
nle(id0,id1,dist): 101 110 2.9634741100733413
list:
dist: 2.9634741100733413 vs. 2.9634741100733413
--------
nle(id0,id1,dist): 101 104 1.035404029769372
list:
dist: 1.035404029769372 vs. 1.035404029769372
--------
nle(id0,id1,dist): 101 105 1.1266718475648356
list:
dist: 1.1266718475648356 vs. 1.1266718475648356
--------
nle(id0,id1,dist): 101 106 1.2073287986154713
list:
dist: 1.2073287986154713 vs. 1.2073287986154713
--------
nle(id0,id1,dist): 101 107 0.7806334011697565
list:
dist: 0.7806334011697565 vs. 0.7806334011697565
--------
nle(id0,id1,dist): 100 108 2.7130993644425105
list:
dist: 2.7130993644425105 vs. 2.7130993644425105
--------
nle(id0,id1,dist): 100 107 1.917163286163895
list:
dist: 1.917163286163895 vs. 1.917163286163895
--------
nle(id0,id1,dist): 100 106 2.0171507226812273
list:
dist: 2.0171507226812273 vs. 2.0171507226812273
--------
nle(id0,id1,dist): 100 105 1.7460469801966978
list:
dist: 1.7460469801966978 vs. 1.7460469801966978
--------
nle(id0,id1,dist): 100 104 1.081064877426366
list:
dist: 1.081064877426366 vs. 1.081064877426366
--------
nle(id0,id1,dist): 100 103 1.0529804487384462
list:
dist: 1.0529804487384462 vs. 1.0529804487384462
--------
nle(id0,id1,dist): 100 102 0.8244340335978175
list:
dist: 0.8244340335978175 vs. 0.8244340335978175
--------
nle(id0,id1,dist): 100 101 1.3115475945457538
list:
dist: 1.3115475945457538 vs. 1.3115475945457538
--------
nle(id0,id1,dist): 100 109 1.6197132582576965
list:
dist: 1.6197132582576965 vs. 1.6197132582576965
--------
nle(id0,id1,dist): 100 110 4.11375222259779
list:
dist: 4.11375222259779 vs. 4.11375222259779
--------
nle(id0,id1,dist): 103 105 0.7693662410738079
list:
dist: 0.7693662410738079 vs. 0.7693662410738079
--------
nle(id0,id1,dist): 103 104 0.8788216575321315
list:
dist: 0.8788216575321315 vs. 0.8788216575321315
--------
nle(id0,id1,dist): 103 107 1.1368810116296861
list:
dist: 1.1368810116296861 vs. 1.1368810116296861
--------
nle(id0,id1,dist): 103 106 1.3727968838396372
list:
dist: 1.3727968838396372 vs. 1.3727968838396372
--------
nle(id0,id1,dist): 103 109 0.9758759040564281
list:
dist: 0.9758759040564281 vs. 0.9758759040564281
--------
nle(id0,id1,dist): 103 108 1.667703008614566
list:
dist: 1.667703008614566 vs. 1.667703008614566
--------
nle(id0,id1,dist): 102 106 1.9835452749029223
list:
dist: 1.9835452749029223 vs. 1.9835452749029223
--------
nle(id0,id1,dist): 102 105 1.7215436863899036
list:
dist: 1.7215436863899036 vs. 1.7215436863899036
--------
nle(id0,id1,dist): 102 104 1.0057315085172578
list:
dist: 1.0057315085172578 vs. 1.0057315085172578
--------
nle(id0,id1,dist): 102 103 1.2629697015574122
list:
dist: 1.2629697015574122 vs. 1.2629697015574122
--------
nle(id0,id1,dist): 102 109 1.7505125142873483
list:
dist: 1.7505125142873483 vs. 1.7505125142873483
--------
nle(id0,id1,dist): 102 108 2.801678929108
list:
dist: 2.801678929108 vs. 2.801678929108
--------
nle(id0,id1,dist): 102 107 2.1144514077803436
list:
dist: 2.1144514077803436 vs. 2.1144514077803436
--------
nle(id0,id1,dist): 104 109 0.785402768272848
list:
dist: 0.785402768272848 vs. 0.785402768272848
--------
nle(id0,id1,dist): 104 110 3.3553098970998003
list:
dist: 3.3553098970998003 vs. 3.3553098970998003
--------
nle(id0,id1,dist): 104 105 1.05461191244903
list:
dist: 1.05461191244903 vs. 1.05461191244903
--------
nle(id0,id1,dist): 104 106 1.0150994572689818
list:
dist: 1.0150994572689818 vs. 1.0150994572689818
--------
nle(id0,id1,dist): 104 107 1.1915212988638832
list:
dist: 1.1915212988638832 vs. 1.1915212988638832
--------
nle(id0,id1,dist): 104 108 2.1423408823299193
list:
dist: 2.1423408823299193 vs. 2.1423408823299193
--------
nle(id0,id1,dist): 103 110 3.6371805950059857
list:
dist: 3.6371805950059857 vs. 3.6371805950059857
--------
nle(id0,id1,dist): 147 148 1.999514945241552
list:
dist: 1.999514945241552 vs. 1.999514945241552
--------
nle(id0,id1,dist): 148 149 1.490469689086764
list:
dist: 1.490469689086764 vs. 1.490469689086764
--------
nle(id0,id1,dist): 146 147 2.1602570173564906
list:
dist: 2.1602570173564906 vs. 2.1602570173564906
--------
nle(id0,id1,dist): 146 148 0.7338421243683563
list:
dist: 0.7338421243683563 vs. 0.7338421243683563
--------
nle(id0,id1,dist): 146 149 0.9421914897657456
list:
dist: 0.9421914897657456 vs. 0.9421914897657456
--------
nle(id0,id1,dist): 144 148 0.8483923775106909
list:
dist: 0.8483923775106909 vs. 0.8483923775106909
--------
nle(id0,id1,dist): 144 147 2.190175157610638
list:
dist: 2.190175157610638 vs. 2.190175157610638
--------
nle(id0,id1,dist): 144 146 0.5361041763961175
list:
dist: 0.5361041763961175 vs. 0.5361041763961175
--------
nle(id0,id1,dist): 144 145 0.5668313413925296
list:
dist: 0.5668313413925296 vs. 0.5668313413925296
--------
nle(id0,id1,dist): 144 149 1.2623602937061853
list:
dist: 1.2623602937061853 vs. 1.2623602937061853
--------
nle(id0,id1,dist): 145 149 1.3320384484752466
list:
dist: 1.3320384484752466 vs. 1.3320384484752466
--------
nle(id0,id1,dist): 145 148 0.5190081197322435
list:
dist: 0.5190081197322435 vs. 0.5190081197322435
--------
nle(id0,id1,dist): 145 147 1.817686054213805
list:
dist: 1.817686054213805 vs. 1.817686054213805
--------
nle(id0,id1,dist): 145 146 0.3974483945804732
list:
dist: 0.3974483945804732 vs. 0.3974483945804732
--------
nle(id0,id1,dist): 142 149 2.070834396486892
list:
dist: 2.070834396486892 vs. 2.070834396486892
--------
nle(id0,id1,dist): 142 147 2.292918872085017
list:
dist: 2.292918872085017 vs. 2.292918872085017
--------
nle(id0,id1,dist): 142 148 2.3554414793920633
list:
dist: 2.3554414793920633 vs. 2.3554414793920633
--------
nle(id0,id1,dist): 142 145 1.9589762687066063
list:
dist: 1.9589762687066063 vs. 1.9589762687066063
--------
nle(id0,id1,dist): 142 146 1.880564111042379
list:
dist: 1.880564111042379 vs. 1.880564111042379
--------
nle(id0,id1,dist): 142 143 1.9018655069828379
list:
dist: 1.9018655069828379 vs. 1.9018655069828379
--------
nle(id0,id1,dist): 142 144 2.261252563439255
list:
dist: 2.261252563439255 vs. 2.261252563439255
--------
nle(id0,id1,dist): 143 146 0.4457606598498239
list:
dist: 0.4457606598498239 vs. 0.4457606598498239
--------
nle(id0,id1,dist): 143 147 2.1730406770199706
list:
dist: 2.1730406770199706 vs. 2.1730406770199706
--------
nle(id0,id1,dist): 143 148 1.057441160892912
list:
dist: 1.057441160892912 vs. 1.057441160892912
--------
nle(id0,id1,dist): 143 149 1.1007801687849101
list:
dist: 1.1007801687849101 vs. 1.1007801687849101
--------
nle(id0,id1,dist): 143 144 0.4087787441068056
list:
dist: 0.4087787441068056 vs. 0.4087787441068056
--------
nle(id0,id1,dist): 143 145 0.6204856885196869
list:
dist: 0.6204856885196869 vs. 0.6204856885196869
--------
nle(id0,id1,dist): 141 142 2.3390278300657483
list:
dist: 2.3390278300657483 vs. 2.3390278300657483
--------
nle(id0,id1,dist): 141 143 1.2627193399622814
list:
dist: 1.2627193399622814 vs. 1.2627193399622814
--------
nle(id0,id1,dist): 140 149 2.412451003591075
list:
dist: 2.412451003591075 vs. 2.412451003591075
--------
nle(id0,id1,dist): 141 145 0.7848404995075597
list:
dist: 0.7848404995075597 vs. 0.7848404995075597
--------
nle(id0,id1,dist): 141 144 1.1040755097502744
list:
dist: 1.1040755097502744 vs. 1.1040755097502744
--------
nle(id0,id1,dist): 141 147 1.2544604071011762
list:
dist: 1.2544604071011762 vs. 1.2544604071011762
--------
nle(id0,id1,dist): 141 146 1.1802013922149606
list:
dist: 1.1802013922149606 vs. 1.1802013922149606
--------
nle(id0,id1,dist): 141 149 2.1149272899807356
list:
dist: 2.1149272899807356 vs. 2.1149272899807356
--------
nle(id0,id1,dist): 141 148 0.8449692627009813
list:
dist: 0.8449692627009813 vs. 0.8449692627009813
--------
nle(id0,id1,dist): 139 144 0.8078642766443406
list:
dist: 0.8078642766443406 vs. 0.8078642766443406
--------
nle(id0,id1,dist): 139 145 0.7831851171265417
list:
dist: 0.7831851171265417 vs. 0.7831851171265417
--------
nle(id0,id1,dist): 139 142 1.8956008930292745
list:
dist: 1.8956008930292745 vs. 1.8956008930292745
--------
nle(id0,id1,dist): 139 143 0.7145910738639731
list:
dist: 0.7145910738639731 vs. 0.7145910738639731
--------
nle(id0,id1,dist): 139 140 1.1665366185461947
list:
dist: 1.1665366185461947 vs. 1.1665366185461947
--------
nle(id0,id1,dist): 139 141 0.9141964144337742
list:
dist: 0.9141964144337742 vs. 0.9141964144337742
--------
nle(id0,id1,dist): 139 148 1.2421007387860956
list:
dist: 1.2421007387860956 vs. 1.2421007387860956
--------
nle(id0,id1,dist): 139 149 1.7856336535246073
list:
dist: 1.7856336535246073 vs. 1.7856336535246073
--------
nle(id0,id1,dist): 139 146 0.9560665580465042
list:
dist: 0.9560665580465042 vs. 0.9560665580465042
--------
nle(id0,id1,dist): 139 147 1.5690084785924154
list:
dist: 1.5690084785924154 vs. 1.5690084785924154
--------
nle(id0,id1,dist): 140 145 1.5983717544285883
list:
dist: 1.5983717544285883 vs. 1.5983717544285883
--------
nle(id0,id1,dist): 140 146 1.744177146593539
list:
dist: 1.744177146593539 vs. 1.744177146593539
--------
nle(id0,id1,dist): 140 147 1.2396065682333557
list:
dist: 1.2396065682333557 vs. 1.2396065682333557
--------
nle(id0,id1,dist): 140 148 2.029370053203235
list:
dist: 2.029370053203235 vs. 2.029370053203235
--------
nle(id0,id1,dist): 140 141 1.5821523765050578
list:
dist: 1.5821523765050578 vs. 1.5821523765050578
--------
nle(id0,id1,dist): 140 142 1.2436759511587583
list:
dist: 1.2436759511587583 vs. 1.2436759511587583
--------
nle(id0,id1,dist): 140 143 1.6389474055454298
list:
dist: 1.6389474055454298 vs. 1.6389474055454298
--------
nle(id0,id1,dist): 140 144 1.8816968473178193
list:
dist: 1.8816968473178193 vs. 1.8816968473178193
--------
nle(id0,id1,dist): 138 141 0.8783712511415133
list:
dist: 0.8783712511415133 vs. 0.8783712511415133
--------
nle(id0,id1,dist): 138 142 2.291348397418347
list:
dist: 2.291348397418347 vs. 2.291348397418347
--------
nle(id0,id1,dist): 138 139 0.39747563585523576
list:
dist: 0.39747563585523576 vs. 0.39747563585523576
--------
nle(id0,id1,dist): 138 140 1.5128362155570538
list:
dist: 1.5128362155570538 vs. 1.5128362155570538
--------
nle(id0,id1,dist): 138 149 1.931856219868254
list:
dist: 1.931856219868254 vs. 1.931856219868254
--------
nle(id0,id1,dist): 138 148 1.2419989018346131
list:
dist: 1.2419989018346131 vs. 1.2419989018346131
--------
nle(id0,id1,dist): 138 147 1.6949998471083596
list:
dist: 1.6949998471083596 vs. 1.6949998471083596
--------
nle(id0,id1,dist): 138 146 1.096278582995692
list:
dist: 1.096278582995692 vs. 1.096278582995692
--------
nle(id0,id1,dist): 138 145 0.8931879924792494
list:
dist: 0.8931879924792494 vs. 0.8931879924792494
--------
nle(id0,id1,dist): 138 144 0.7527923779655615
list:
dist: 0.7527923779655615 vs. 0.7527923779655615
--------
nle(id0,id1,dist): 138 143 0.8451344657600401
list:
dist: 0.8451344657600401 vs. 0.8451344657600401
--------
nle(id0,id1,dist): 137 144 1.2100822366372805
list:
dist: 1.2100822366372805 vs. 1.2100822366372805
--------
nle(id0,id1,dist): 137 145 1.1782306983724256
list:
dist: 1.1782306983724256 vs. 1.1782306983724256
--------
nle(id0,id1,dist): 137 146 1.4853708838310813
list:
dist: 1.4853708838310813 vs. 1.4853708838310813
--------
nle(id0,id1,dist): 137 147 1.3109196059170005
list:
dist: 1.3109196059170005 vs. 1.3109196059170005
--------
nle(id0,id1,dist): 137 140 1.4845701298662228
list:
dist: 1.4845701298662228 vs. 1.4845701298662228
--------
nle(id0,id1,dist): 137 141 0.7457043574660472
list:
dist: 0.7457043574660472 vs. 0.7457043574660472
--------
nle(id0,id1,dist): 137 142 2.474441122810758
list:
dist: 2.474441122810758 vs. 2.474441122810758
--------
nle(id0,id1,dist): 137 143 1.3230749398618764
list:
dist: 1.3230749398618764 vs. 1.3230749398618764
--------
nle(id0,id1,dist): 137 138 0.5278376232734068
list:
dist: 0.5278376232734068 vs. 0.5278376232734068
--------
nle(id0,id1,dist): 137 139 0.7154999099665316
list:
dist: 0.7154999099665316 vs. 0.7154999099665316
--------
nle(id0,id1,dist): 137 149 2.387599998442897
list:
dist: 2.387599998442897 vs. 2.387599998442897
--------
nle(id0,id1,dist): 137 148 1.4304089959323292
list:
dist: 1.4304089959323292 vs. 1.4304089959323292
--------
nle(id0,id1,dist): 136 147 1.960785882599605
list:
dist: 1.960785882599605 vs. 1.960785882599605
--------
nle(id0,id1,dist): 136 148 1.7282523097177918
list:
dist: 1.7282523097177918 vs. 1.7282523097177918
--------
nle(id0,id1,dist): 136 145 1.2092989524088107
list:
dist: 1.2092989524088107 vs. 1.2092989524088107
--------
nle(id0,id1,dist): 136 146 1.1616322573147047
list:
dist: 1.1616322573147047 vs. 1.1616322573147047
--------
nle(id0,id1,dist): 136 149 1.6686582637265022
list:
dist: 1.6686582637265022 vs. 1.6686582637265022
--------
nle(id0,id1,dist): 136 139 0.7359760203770636
list:
dist: 0.7359760203770636 vs. 0.7359760203770636
--------
nle(id0,id1,dist): 136 140 1.0218250394494957
list:
dist: 1.0218250394494957 vs. 1.0218250394494957
--------
nle(id0,id1,dist): 136 137 1.4000281724534727
list:
dist: 1.4000281724534727 vs. 1.4000281724534727
--------
nle(id0,id1,dist): 136 138 1.0720172345056287
list:
dist: 1.0720172345056287 vs. 1.0720172345056287
--------
nle(id0,id1,dist): 136 143 0.8653343837062653
list:
dist: 0.8653343837062653 vs. 0.8653343837062653
--------
nle(id0,id1,dist): 136 144 1.2090858198549543
list:
dist: 1.2090858198549543 vs. 1.2090858198549543
--------
nle(id0,id1,dist): 136 141 1.5808121878894752
list:
dist: 1.5808121878894752 vs. 1.5808121878894752
--------
nle(id0,id1,dist): 136 142 1.4051336558028131
list:
dist: 1.4051336558028131 vs. 1.4051336558028131
--------
nle(id0,id1,dist): 135 142 2.0166846254922564
list:
dist: 2.0166846254922564 vs. 2.0166846254922564
--------
nle(id0,id1,dist): 135 143 2.230289933932262
list:
dist: 2.230289933932262 vs. 2.230289933932262
--------
nle(id0,id1,dist): 135 144 2.4306239282724467
list:
dist: 2.4306239282724467 vs. 2.4306239282724467
--------
nle(id0,id1,dist): 135 145 2.30797894591027
list:
dist: 2.30797894591027 vs. 2.30797894591027
--------
nle(id0,id1,dist): 135 146 2.468562739518265
list:
dist: 2.468562739518265 vs. 2.468562739518265
--------
nle(id0,id1,dist): 135 147 1.5668774278064856
list:
dist: 1.5668774278064856 vs. 1.5668774278064856
--------
nle(id0,id1,dist): 135 148 2.748180476055361
list:
dist: 2.748180476055361 vs. 2.748180476055361
--------
nle(id0,id1,dist): 135 149 3.1474673407781766
list:
dist: 3.1474673407781766 vs. 3.1474673407781766
--------
nle(id0,id1,dist): 134 149 2.8076205800929324
list:
dist: 2.8076205800929324 vs. 2.8076205800929324
--------
nle(id0,id1,dist): 134 148 2.2388663321810522
list:
dist: 2.2388663321810522 vs. 2.2388663321810522
--------
nle(id0,id1,dist): 134 147 1.0523904498119874
list:
dist: 1.0523904498119874 vs. 1.0523904498119874
--------
nle(id0,id1,dist): 135 140 0.9621820115370916
list:
dist: 0.9621820115370916 vs. 0.9621820115370916
--------
nle(id0,id1,dist): 135 141 2.1388152685366326
list:
dist: 2.1388152685366326 vs. 2.1388152685366326
--------
nle(id0,id1,dist): 135 138 1.844044532684145
list:
dist: 1.844044532684145 vs. 1.844044532684145
--------
nle(id0,id1,dist): 135 139 1.6322706452921518
list:
dist: 1.6322706452921518 vs. 1.6322706452921518
--------
nle(id0,id1,dist): 135 136 1.509021019369717
list:
dist: 1.509021019369717 vs. 1.509021019369717
--------
nle(id0,id1,dist): 135 137 1.7082535892009298
list:
dist: 1.7082535892009298 vs. 1.7082535892009298
--------
nle(id0,id1,dist): 134 135 0.5800594396488501
list:
dist: 0.5800594396488501 vs. 0.5800594396488501
--------
nle(id0,id1,dist): 134 136 1.2922637835727786
list:
dist: 1.2922637835727786 vs. 1.2922637835727786
--------
nle(id0,id1,dist): 134 137 1.2992754155573438
list:
dist: 1.2992754155573438 vs. 1.2992754155573438
--------
nle(id0,id1,dist): 134 138 1.4800002105657262
list:
dist: 1.4800002105657262 vs. 1.4800002105657262
--------
nle(id0,id1,dist): 134 143 1.8789431770318736
list:
dist: 1.8789431770318736 vs. 1.8789431770318736
--------
nle(id0,id1,dist): 134 144 2.0447042591141424
list:
dist: 2.0447042591141424 vs. 2.0447042591141424
--------
nle(id0,id1,dist): 134 145 1.8349358806040559
list:
dist: 1.8349358806040559 vs. 1.8349358806040559
--------
nle(id0,id1,dist): 134 146 2.0463348581869103
list:
dist: 2.0463348581869103 vs. 2.0463348581869103
--------
nle(id0,id1,dist): 134 139 1.2448027022174515
list:
dist: 1.2448027022174515 vs. 1.2448027022174515
--------
nle(id0,id1,dist): 134 140 0.5774350348721139
list:
dist: 0.5774350348721139 vs. 0.5774350348721139
--------
nle(id0,id1,dist): 134 141 1.6076574184631514
list:
dist: 1.6076574184631514 vs. 1.6076574184631514
--------
nle(id0,id1,dist): 134 142 1.808680253194698
list:
dist: 1.808680253194698 vs. 1.808680253194698
--------
nle(id0,id1,dist): 133 135 0.9338205239467169
list:
dist: 0.9338205239467169 vs. 0.9338205239467169
--------
nle(id0,id1,dist): 133 134 0.5786635524695716
list:
dist: 0.5786635524695716 vs. 0.5786635524695716
--------
nle(id0,id1,dist): 133 138 1.7952755190950074
list:
dist: 1.7952755190950074 vs. 1.7952755190950074
--------
nle(id0,id1,dist): 133 139 1.625276396367963
list:
dist: 1.625276396367963 vs. 1.625276396367963
--------
nle(id0,id1,dist): 133 136 1.8233513088032192
list:
dist: 1.8233513088032192 vs. 1.8233513088032192
--------
nle(id0,id1,dist): 133 137 1.4613009245712463
list:
dist: 1.4613009245712463 vs. 1.4613009245712463
--------
nle(id0,id1,dist): 133 142 2.185769794296609
list:
dist: 2.185769794296609 vs. 2.185769794296609
--------
nle(id0,id1,dist): 133 143 2.290050438450326
list:
dist: 2.290050438450326 vs. 2.290050438450326
--------
nle(id0,id1,dist): 133 140 0.996875138075643
list:
dist: 0.996875138075643 vs. 0.996875138075643
--------
nle(id0,id1,dist): 133 141 1.6893679287567511
list:
dist: 1.6893679287567511 vs. 1.6893679287567511
--------
nle(id0,id1,dist): 133 146 2.39196614053649
list:
dist: 2.39196614053649 vs. 2.39196614053649
--------
nle(id0,id1,dist): 133 147 0.702765885244765
list:
dist: 0.702765885244765 vs. 0.702765885244765
--------
nle(id0,id1,dist): 133 144 2.3895458124579143
list:
dist: 2.3895458124579143 vs. 2.3895458124579143
--------
nle(id0,id1,dist): 133 145 2.112371901591842
list:
dist: 2.112371901591842 vs. 2.112371901591842
--------
nle(id0,id1,dist): 133 148 2.4240842597205363
list:
dist: 2.4240842597205363 vs. 2.4240842597205363
--------
nle(id0,id1,dist): 132 134 0.823926172283408
list:
dist: 0.823926172283408 vs. 0.823926172283408
--------
nle(id0,id1,dist): 132 133 0.8552505418595864
list:
dist: 0.8552505418595864 vs. 0.8552505418595864
--------
nle(id0,id1,dist): 132 136 1.8795165117051569
list:
dist: 1.8795165117051569 vs. 1.8795165117051569
--------
nle(id0,id1,dist): 132 135 0.6648040178649466
list:
dist: 0.6648040178649466 vs. 0.6648040178649466
--------
nle(id0,id1,dist): 132 138 1.833915411209987
list:
dist: 1.833915411209987 vs. 1.833915411209987
--------
nle(id0,id1,dist): 132 137 1.5459488209039747
list:
dist: 1.5459488209039747 vs. 1.5459488209039747
--------
nle(id0,id1,dist): 132 140 1.3898796701786096
list:
dist: 1.3898796701786096 vs. 1.3898796701786096
--------
nle(id0,id1,dist): 132 139 1.7505365894615559
list:
dist: 1.7505365894615559 vs. 1.7505365894615559
--------
nle(id0,id1,dist): 132 141 2.0820594909025965
list:
dist: 2.0820594909025965 vs. 2.0820594909025965
--------
nle(id0,id1,dist): 132 142 2.581392558068125
list:
dist: 2.581392558068125 vs. 2.581392558068125
--------
nle(id0,id1,dist): 132 143 2.436145448316351
list:
dist: 2.436145448316351 vs. 2.436145448316351
--------
nle(id0,id1,dist): 132 144 2.5351728023259503
list:
dist: 2.5351728023259503 vs. 2.5351728023259503
--------
nle(id0,id1,dist): 132 145 2.4430642383146104
list:
dist: 2.4430642383146104 vs. 2.4430642383146104
--------
nle(id0,id1,dist): 132 146 2.675202598260815
list:
dist: 2.675202598260815 vs. 2.675202598260815
--------
nle(id0,id1,dist): 132 147 1.4476851018720676
list:
dist: 1.4476851018720676 vs. 1.4476851018720676
--------
nle(id0,id1,dist): 132 148 2.816498703212584
list:
dist: 2.816498703212584 vs. 2.816498703212584
--------
nle(id0,id1,dist): 132 149 3.4612074866074893
list:
dist: 3.4612074866074893 vs. 3.4612074866074893
--------
nle(id0,id1,dist): 131 147 1.3195329419725956
list:
dist: 1.3195329419725956 vs. 1.3195329419725956
--------
nle(id0,id1,dist): 131 146 1.9277395560932515
list:
dist: 1.9277395560932515 vs. 1.9277395560932515
--------
nle(id0,id1,dist): 131 149 2.6013753977513674
list:
dist: 2.6013753977513674 vs. 2.6013753977513674
--------
nle(id0,id1,dist): 131 148 2.229180157191993
list:
dist: 2.229180157191993 vs. 2.229180157191993
--------
nle(id0,id1,dist): 131 142 1.4807349344717375
list:
dist: 1.4807349344717375 vs. 1.4807349344717375
--------
nle(id0,id1,dist): 131 143 1.7516717963156136
list:
dist: 1.7516717963156136 vs. 1.7516717963156136
--------
nle(id0,id1,dist): 131 144 1.984836545144154
list:
dist: 1.984836545144154 vs. 1.984836545144154
--------
nle(id0,id1,dist): 131 145 1.7810899448118727
list:
dist: 1.7810899448118727 vs. 1.7810899448118727
--------
nle(id0,id1,dist): 131 138 1.5187424581722857
list:
dist: 1.5187424581722857 vs. 1.5187424581722857
--------
nle(id0,id1,dist): 131 139 1.2134044381777902
list:
dist: 1.2134044381777902 vs. 1.2134044381777902
--------
nle(id0,id1,dist): 131 140 0.3416406429609416
list:
dist: 0.3416406429609416 vs. 0.3416406429609416
--------
nle(id0,id1,dist): 131 141 1.7171348623448384
list:
dist: 1.7171348623448384 vs. 1.7171348623448384
--------
nle(id0,id1,dist): 131 134 0.37394402494194107
list:
dist: 0.37394402494194107 vs. 0.37394402494194107
--------
nle(id0,id1,dist): 131 135 0.6333192150208694
list:
dist: 0.6333192150208694 vs. 0.6333192150208694
--------
nle(id0,id1,dist): 131 136 1.0564038600072303
list:
dist: 1.0564038600072303 vs. 1.0564038600072303
--------
nle(id0,id1,dist): 131 137 1.4645419540417435
list:
dist: 1.4645419540417435 vs. 1.4645419540417435
--------
nle(id0,id1,dist): 131 132 1.1051583393917166
list:
dist: 1.1051583393917166 vs. 1.1051583393917166
--------
nle(id0,id1,dist): 131 133 0.9100773017009814
list:
dist: 0.9100773017009814 vs. 0.9100773017009814
--------
nle(id0,id1,dist): 130 149 3.580758373293975
list:
dist: 3.580758373293975 vs. 3.580758373293975
--------
nle(id0,id1,dist): 130 147 1.132869989024547
list:
dist: 1.132869989024547 vs. 1.132869989024547
--------
nle(id0,id1,dist): 130 148 2.8204203896272544
list:
dist: 2.8204203896272544 vs. 2.8204203896272544
--------
nle(id0,id1,dist): 130 145 2.491454771525552
list:
dist: 2.491454771525552 vs. 2.491454771525552
--------
nle(id0,id1,dist): 130 146 2.7603863768720034
list:
dist: 2.7603863768720034 vs. 2.7603863768720034
--------
nle(id0,id1,dist): 130 143 2.5961115075873953
list:
dist: 2.5961115075873953 vs. 2.5961115075873953
--------
nle(id0,id1,dist): 130 144 2.688592270066535
list:
dist: 2.688592270066535 vs. 2.688592270066535
--------
nle(id0,id1,dist): 130 141 2.05355656542682
list:
dist: 2.05355656542682 vs. 2.05355656542682
--------
nle(id0,id1,dist): 130 142 2.5460882315378295
list:
dist: 2.5460882315378295 vs. 2.5460882315378295
--------
nle(id0,id1,dist): 130 139 1.9025662940017751
list:
dist: 1.9025662940017751 vs. 1.9025662940017751
--------
nle(id0,id1,dist): 130 140 1.3495662528876644
list:
dist: 1.3495662528876644 vs. 1.3495662528876644
--------
nle(id0,id1,dist): 130 137 1.6676955826819777
list:
dist: 1.6676955826819777 vs. 1.6676955826819777
--------
nle(id0,id1,dist): 130 138 2.0203709105819176
list:
dist: 2.0203709105819176 vs. 2.0203709105819176
--------
nle(id0,id1,dist): 130 135 0.8500309710307122
list:
dist: 0.8500309710307122 vs. 0.8500309710307122
--------
nle(id0,id1,dist): 130 136 2.0723840224365344
list:
dist: 2.0723840224365344 vs. 2.0723840224365344
--------
nle(id0,id1,dist): 130 132 0.510168360289818
list:
dist: 0.510168360289818 vs. 0.510168360289818
--------
nle(id0,id1,dist): 130 131 1.147096547850265
list:
dist: 1.147096547850265 vs. 1.147096547850265
--------
nle(id0,id1,dist): 130 134 0.8143997118948313
list:
dist: 0.8143997118948313 vs. 0.8143997118948313
--------
nle(id0,id1,dist): 130 133 0.5082719486884861
list:
dist: 0.5082719486884861 vs. 0.5082719486884861
--------
nle(id0,id1,dist): 129 140 2.795873828051401
list:
dist: 2.795873828051401 vs. 2.795873828051401
--------
nle(id0,id1,dist): 129 141 2.343978636699428
list:
dist: 2.343978636699428 vs. 2.343978636699428
--------
nle(id0,id1,dist): 129 147 2.358249404758899
list:
dist: 2.358249404758899 vs. 2.358249404758899
--------
nle(id0,id1,dist): 129 135 2.381137484094826
list:
dist: 2.381137484094826 vs. 2.381137484094826
--------
nle(id0,id1,dist): 129 134 2.312113966931732
list:
dist: 2.312113966931732 vs. 2.312113966931732
--------
nle(id0,id1,dist): 129 133 2.2626028065215693
list:
dist: 2.2626028065215693 vs. 2.2626028065215693
--------
nle(id0,id1,dist): 129 132 1.8076411709794518
list:
dist: 1.8076411709794518 vs. 1.8076411709794518
--------
nle(id0,id1,dist): 129 139 2.3170310146224757
list:
dist: 2.3170310146224757 vs. 2.3170310146224757
--------
nle(id0,id1,dist): 129 138 2.057535203045025
list:
dist: 2.057535203045025 vs. 2.057535203045025
--------
nle(id0,id1,dist): 129 137 1.715813103573645
list:
dist: 1.715813103573645 vs. 1.715813103573645
--------
nle(id0,id1,dist): 129 131 2.599142765474275
list:
dist: 2.599142765474275 vs. 2.599142765474275
--------
nle(id0,id1,dist): 129 130 2.0536094190558676
list:
dist: 2.0536094190558676 vs. 2.0536094190558676
--------
nle(id0,id1,dist): 128 147 1.9586836725801948
list:
dist: 1.9586836725801948 vs. 1.9586836725801948
--------
nle(id0,id1,dist): 128 148 1.8396779271319852
list:
dist: 1.8396779271319852 vs. 1.8396779271319852
--------
nle(id0,id1,dist): 128 145 1.4492038086854548
list:
dist: 1.4492038086854548 vs. 1.4492038086854548
--------
nle(id0,id1,dist): 128 146 1.5649271016870252
list:
dist: 1.5649271016870252 vs. 1.5649271016870252
--------
nle(id0,id1,dist): 128 149 2.2618882667408102
list:
dist: 2.2618882667408102 vs. 2.2618882667408102
--------
nle(id0,id1,dist): 128 133 1.8430237365632447
list:
dist: 1.8430237365632447 vs. 1.8430237365632447
--------
nle(id0,id1,dist): 128 134 1.4527328668528685
list:
dist: 1.4527328668528685 vs. 1.4527328668528685
--------
nle(id0,id1,dist): 128 135 1.6268372294773958
list:
dist: 1.6268372294773958 vs. 1.6268372294773958
--------
nle(id0,id1,dist): 128 136 1.0901432580708705
list:
dist: 1.0901432580708705 vs. 1.0901432580708705
--------
nle(id0,id1,dist): 128 129 1.8356573843870927
list:
dist: 1.8356573843870927 vs. 1.8356573843870927
--------
nle(id0,id1,dist): 128 130 1.9268565877453423
list:
dist: 1.9268565877453423 vs. 1.9268565877453423
--------
nle(id0,id1,dist): 128 131 1.483397364483825
list:
dist: 1.483397364483825 vs. 1.483397364483825
--------
nle(id0,id1,dist): 128 132 1.6001818112423754
list:
dist: 1.6001818112423754 vs. 1.6001818112423754
--------
nle(id0,id1,dist): 128 141 1.4420852782074212
list:
dist: 1.4420852782074212 vs. 1.4420852782074212
--------
nle(id0,id1,dist): 128 142 2.4480525027527547
list:
dist: 2.4480525027527547 vs. 2.4480525027527547
--------
nle(id0,id1,dist): 128 143 1.1930586630348945
list:
dist: 1.1930586630348945 vs. 1.1930586630348945
--------
nle(id0,id1,dist): 128 144 1.2056977803166193
list:
dist: 1.2056977803166193 vs. 1.2056977803166193
--------
nle(id0,id1,dist): 128 137 0.8373867766470912
list:
dist: 0.8373867766470912 vs. 0.8373867766470912
--------
nle(id0,id1,dist): 128 138 0.6105869674656085
list:
dist: 0.6105869674656085 vs. 0.6105869674656085
--------
nle(id0,id1,dist): 128 139 0.757460527899255
list:
dist: 0.757460527899255 vs. 0.757460527899255
--------
nle(id0,id1,dist): 128 140 1.6038278566794018
list:
dist: 1.6038278566794018 vs. 1.6038278566794018
--------
nle(id0,id1,dist): 127 140 2.5547275905859386
list:
dist: 2.5547275905859386 vs. 2.5547275905859386
--------
nle(id0,id1,dist): 127 141 2.763175039610515
list:
dist: 2.763175039610515 vs. 2.763175039610515
--------
nle(id0,id1,dist): 127 138 2.6022423041973233
list:
dist: 2.6022423041973233 vs. 2.6022423041973233
--------
nle(id0,id1,dist): 127 139 2.673788893602319
list:
dist: 2.673788893602319 vs. 2.673788893602319
--------
nle(id0,id1,dist): 127 137 2.191259424587921
list:
dist: 2.191259424587921 vs. 2.191259424587921
--------
nle(id0,id1,dist): 127 134 1.9779127712746223
list:
dist: 1.9779127712746223 vs. 1.9779127712746223
--------
nle(id0,id1,dist): 127 135 1.866748142108517
list:
dist: 1.866748142108517 vs. 1.866748142108517
--------
nle(id0,id1,dist): 127 147 2.1176028737677477
list:
dist: 2.1176028737677477 vs. 2.1176028737677477
--------
nle(id0,id1,dist): 127 133 1.750781409150348
list:
dist: 1.750781409150348 vs. 1.750781409150348
--------
nle(id0,id1,dist): 127 132 1.2203552679449257
list:
dist: 1.2203552679449257 vs. 1.2203552679449257
--------
nle(id0,id1,dist): 127 131 2.3051360900758966
list:
dist: 2.3051360900758966 vs. 2.3051360900758966
--------
nle(id0,id1,dist): 127 130 1.3197981369620306
list:
dist: 1.3197981369620306 vs. 1.3197981369620306
--------
nle(id0,id1,dist): 127 129 1.34340549889054
list:
dist: 1.34340549889054 vs. 1.34340549889054
--------
nle(id0,id1,dist): 127 128 2.35665587484933
list:
dist: 2.35665587484933 vs. 2.35665587484933
--------
nle(id0,id1,dist): 126 139 1.7958028310379377
list:
dist: 1.7958028310379377 vs. 1.7958028310379377
--------
nle(id0,id1,dist): 126 140 1.8169944889428402
list:
dist: 1.8169944889428402 vs. 1.8169944889428402
--------
nle(id0,id1,dist): 126 142 2.7356518369188745
list:
dist: 2.7356518369188745 vs. 2.7356518369188745
--------
nle(id0,id1,dist): 126 143 2.3005053206235258
list:
dist: 2.3005053206235258 vs. 2.3005053206235258
--------
nle(id0,id1,dist): 126 144 2.4417314827696246
list:
dist: 2.4417314827696246 vs. 2.4417314827696246
--------
nle(id0,id1,dist): 126 145 2.5775956948026666
list:
dist: 2.5775956948026666 vs. 2.5775956948026666
--------
nle(id0,id1,dist): 126 146 2.6780401235086386
list:
dist: 2.6780401235086386 vs. 2.6780401235086386
--------
nle(id0,id1,dist): 126 147 2.3472501859644845
list:
dist: 2.3472501859644845 vs. 2.3472501859644845
--------
nle(id0,id1,dist): 126 149 3.2764911946373805
list:
dist: 3.2764911946373805 vs. 3.2764911946373805
--------
nle(id0,id1,dist): 126 128 1.2997335851349854
list:
dist: 1.2997335851349854 vs. 1.2997335851349854
--------
nle(id0,id1,dist): 126 127 1.8568747671789154
list:
dist: 1.8568747671789154 vs. 1.8568747671789154
--------
nle(id0,id1,dist): 126 130 1.6201926742419601
list:
dist: 1.6201926742419601 vs. 1.6201926742419601
--------
nle(id0,id1,dist): 126 129 1.961378460364098
list:
dist: 1.961378460364098 vs. 1.961378460364098
--------
nle(id0,id1,dist): 126 132 1.1215170351912498
list:
dist: 1.1215170351912498 vs. 1.1215170351912498
--------
nle(id0,id1,dist): 126 131 1.501555617267568
list:
dist: 1.501555617267568 vs. 1.501555617267568
--------
nle(id0,id1,dist): 126 134 1.4661768100916404
list:
dist: 1.4661768100916404 vs. 1.4661768100916404
--------
nle(id0,id1,dist): 126 133 1.8385496792729947
list:
dist: 1.8385496792729947 vs. 1.8385496792729947
--------
nle(id0,id1,dist): 126 136 1.707687771638291
list:
dist: 1.707687771638291 vs. 1.707687771638291
--------
nle(id0,id1,dist): 126 135 1.132195365113663
list:
dist: 1.132195365113663 vs. 1.132195365113663
--------
nle(id0,id1,dist): 126 138 1.8314681743591972
list:
dist: 1.8314681743591972 vs. 1.8314681743591972
--------
nle(id0,id1,dist): 126 137 1.8154219237912406
list:
dist: 1.8154219237912406 vs. 1.8154219237912406
--------
nle(id0,id1,dist): 125 146 2.80918379102777
list:
dist: 2.80918379102777 vs. 2.80918379102777
--------
nle(id0,id1,dist): 125 147 2.1268577239087665
list:
dist: 2.1268577239087665 vs. 2.1268577239087665
--------
nle(id0,id1,dist): 125 144 2.645046408442104
list:
dist: 2.645046408442104 vs. 2.645046408442104
--------
nle(id0,id1,dist): 125 145 2.675221189307767
list:
dist: 2.675221189307767 vs. 2.675221189307767
--------
nle(id0,id1,dist): 125 149 3.4504921766706493
list:
dist: 3.4504921766706493 vs. 3.4504921766706493
--------
nle(id0,id1,dist): 125 131 1.282372007767448
list:
dist: 1.282372007767448 vs. 1.282372007767448
--------
nle(id0,id1,dist): 125 130 1.248085780812137
list:
dist: 1.248085780812137 vs. 1.248085780812137
--------
nle(id0,id1,dist): 125 129 2.1000312179299776
list:
dist: 2.1000312179299776 vs. 2.1000312179299776
--------
nle(id0,id1,dist): 125 128 1.5780291602728937
list:
dist: 1.5780291602728937 vs. 1.5780291602728937
--------
nle(id0,id1,dist): 125 135 0.7548289938005805
list:
dist: 0.7548289938005805 vs. 0.7548289938005805
--------
nle(id0,id1,dist): 125 134 1.215961854598182
list:
dist: 1.215961854598182 vs. 1.215961854598182
--------
nle(id0,id1,dist): 125 133 1.5231677831003991
list:
dist: 1.5231677831003991 vs. 1.5231677831003991
--------
nle(id0,id1,dist): 125 132 0.7881299171590268
list:
dist: 0.7881299171590268 vs. 0.7881299171590268
--------
nle(id0,id1,dist): 125 139 1.9080544746596997
list:
dist: 1.9080544746596997 vs. 1.9080544746596997
--------
nle(id0,id1,dist): 125 138 2.007960953050585
list:
dist: 2.007960953050585 vs. 2.007960953050585
--------
nle(id0,id1,dist): 125 137 1.9060214202097716
list:
dist: 1.9060214202097716 vs. 1.9060214202097716
--------
nle(id0,id1,dist): 125 136 1.8010928063642604
list:
dist: 1.8010928063642604 vs. 1.8010928063642604
--------
nle(id0,id1,dist): 125 143 2.480084419813411
list:
dist: 2.480084419813411 vs. 2.480084419813411
--------
nle(id0,id1,dist): 125 142 2.601818128718977
list:
dist: 2.601818128718977 vs. 2.601818128718977
--------
nle(id0,id1,dist): 125 140 1.6223869043193075
list:
dist: 1.6223869043193075 vs. 1.6223869043193075
2. Check the NeighborList query for coordinates against the neighbor list for consistency
list:
dist: 2.113223268422887 vs. 2.113223268422887
list:
dist: 1.2748888087884238 vs. 1.2748888087884238
list:
dist: 1.7282055048522127 vs. 1.7282055048522127
list:
dist: 1.699504510340184 vs. 1.699504510340184
list:
dist: 1.5424979887812686 vs. 1.5424979887812686
list:
dist: 1.2744672633019885 vs. 1.2744672633019885
list:
dist: 1.0304112706085649 vs. 1.0304112706085649
list:
dist: 1.4637821052068212 vs. 1.4637821052068212
list:
dist: 0.682742652699255 vs. 0.682742652699255
list:
dist: 1.7662105236195846 vs. 1.7662105236195846
list:
dist: 2.3274406171010362 vs. 2.3274406171010362
list:
dist: 2.056111733486387 vs. 2.056111733486387
list:
dist: 2.951963665030633 vs. 2.951963665030633
list:
dist: 2.1002659758327105 vs. 2.1002659758327105
list:
dist: 3.885936374817142 vs. 3.885936374817142
list:
dist: 3.7736734915139705 vs. 3.7736734915139705
list:
dist: 2.7361263229594592 vs. 2.7361263229594592
list:
dist: 2.6347794101865647 vs. 2.6347794101865647
list:
dist: 2.6802481948767736 vs. 2.6802481948767736
list:
dist: 3.0211600319967253 vs. 3.0211600319967253
list:
dist: 3.9798949767593736 vs. 3.9798949767593736
list:
dist: 4.118146486420704 vs. 4.118146486420704
list:
dist: 3.6370004580930027 vs. 3.6370004580930027
list:
dist: 2.32569495684825 vs. 2.32569495684825
list:
dist: 2.0397628535140453 vs. 2.0397628535140453
list:
dist: 3.6741955978195686 vs. 3.6741955978195686
list:
dist: 1.8507394440106564 vs. 1.8507394440106564
list:
dist: 1.4688465990207842 vs. 1.4688465990207842
list:
dist: 1.2748888087884238 vs. 1.2748888087884238
list:
dist: 1.4532818421839613 vs. 1.4532818421839613
list:
dist: 2.2186225794541015 vs. 2.2186225794541015
list:
dist: 1.4300168819613532 vs. 1.4300168819613532
list:
dist: 1.9156232258511732 vs. 1.9156232258511732
list:
dist: 2.0002210659846784 vs. 2.0002210659846784
list:
dist: 1.552549404330988 vs. 1.552549404330988
list:
dist: 2.3547935351620763 vs. 2.3547935351620763
list:
dist: 2.1670594721269016 vs. 2.1670594721269016
list:
dist: 1.8694738702211977 vs. 1.8694738702211977
list:
dist: 2.9465849257961145 vs. 2.9465849257961145
list:
dist: 2.023782069335585 vs. 2.023782069335585
list:
dist: 3.947631487408254 vs. 3.947631487408254
list:
dist: 3.9390144782903587 vs. 3.9390144782903587
list:
dist: 3.2445000020225434 vs. 3.2445000020225434
list:
dist: 2.8495395451559795 vs. 2.8495395451559795
list:
dist: 3.149829562791797 vs. 3.149829562791797
list:
dist: 3.590281647487186 vs. 3.590281647487186
list:
dist: 4.410346580932652 vs. 4.410346580932652
list:
dist: 4.534992487522534 vs. 4.534992487522534
list:
dist: 3.696261012853293 vs. 3.696261012853293
list:
dist: 2.9467753891050115 vs. 2.9467753891050115
list:
dist: 2.1731227942294753 vs. 2.1731227942294753
list:
dist: 4.2000392530757065 vs. 4.2000392530757065
list:
dist: 0.48200382857959234 vs. 0.48200382857959234
list:
dist: 1.4532818421839613 vs. 1.4532818421839613
list:
dist: 2.0641777276788766 vs. 2.0641777276788766
list:
dist: 1.699504510340184 vs. 1.699504510340184
list:
dist: 1.3322892868984004 vs. 1.3322892868984004
list:
dist: 1.2137285555994963 vs. 1.2137285555994963
list:
dist: 1.5404648583421712 vs. 1.5404648583421712
list:
dist: 2.3249715063192546 vs. 2.3249715063192546
list:
dist: 1.8283514192676467 vs. 1.8283514192676467
list:
dist: 1.990336410433651 vs. 1.990336410433651
list:
dist: 2.0972704617501914 vs. 2.0972704617501914
list:
dist: 1.939199025294996 vs. 1.939199025294996
list:
dist: 2.05496718867757 vs. 2.05496718867757
list:
dist: 1.1304725650902039 vs. 1.1304725650902039
list:
dist: 3.9272964642269925 vs. 3.9272964642269925
list:
dist: 3.69348189192197 vs. 3.69348189192197
list:
dist: 3.3860714514891255 vs. 3.3860714514891255
list:
dist: 2.3998822430721307 vs. 2.3998822430721307
list:
dist: 2.815090318096537 vs. 2.815090318096537
list:
dist: 3.4992895278845757 vs. 3.4992895278845757
list:
dist: 4.020078429591887 vs. 4.020078429591887
list:
dist: 4.071713054327043 vs. 4.071713054327043
list:
dist: 3.2331439000092876 vs. 3.2331439000092876
list:
dist: 2.879243862980234 vs. 2.879243862980234
list:
dist: 1.9381620195572675 vs. 1.9381620195572675
list:
dist: 3.977831221710374 vs. 3.977831221710374
list:
dist: 1.8507394440106564 vs. 1.8507394440106564
list:
dist: 2.525257898017386 vs. 2.525257898017386
list:
dist: 2.113223268422887 vs. 2.113223268422887
list:
dist: 0.48200382857959234 vs. 0.48200382857959234
list:
dist: 1.5363499818352726 vs. 1.5363499818352726
list:
dist: 1.6631993839373989 vs. 1.6631993839373989
list:
dist: 1.8990714719192057 vs. 1.8990714719192057
list:
dist: 2.4715360286781065 vs. 2.4715360286781065
list:
dist: 2.347747065316888 vs. 2.347747065316888
list:
dist: 2.189342321383245 vs. 2.189342321383245
list:
dist: 1.3785741038398522 vs. 1.3785741038398522
list:
dist: 2.0002210659846784 vs. 2.0002210659846784
list:
dist: 1.0542904719154262 vs. 1.0542904719154262
list:
dist: 1.4637821052068212 vs. 1.4637821052068212
list:
dist: 2.3249715063192546 vs. 2.3249715063192546
list:
dist: 1.964288824705435 vs. 1.964288824705435
list:
dist: 1.1458823108549556 vs. 1.1458823108549556
list:
dist: 1.337636472550104 vs. 1.337636472550104
list:
dist: 0.8101613827831081 vs. 0.8101613827831081
list:
dist: 1.028211296789806 vs. 1.028211296789806
list:
dist: 1.4196576682240474 vs. 1.4196576682240474
list:
dist: 1.2354961682077286 vs. 1.2354961682077286
list:
dist: 2.4045016398806713 vs. 2.4045016398806713
list:
dist: 1.9299394057655817 vs. 1.9299394057655817
list:
dist: 2.5075747083325437 vs. 2.5075747083325437
list:
dist: 2.4661653535619736 vs. 2.4661653535619736
list:
dist: 1.3063354132706304 vs. 1.3063354132706304
list:
dist: 1.6353923334094178 vs. 1.6353923334094178
list:
dist: 1.5208561945417156 vs. 1.5208561945417156
list:
dist: 1.682202088644467 vs. 1.682202088644467
list:
dist: 2.72787939006525 vs. 2.72787939006525
list:
dist: 2.907565883953007 vs. 2.907565883953007
list:
dist: 2.5297038505555336 vs. 2.5297038505555336
list:
dist: 1.0486687175379186 vs. 1.0486687175379186
list:
dist: 1.1333343951729589 vs. 1.1333343951729589
list:
dist: 2.358568366949375 vs. 2.358568366949375
list:
dist: 3.1796087419614807 vs. 3.1796087419614807
list:
dist: 1.8990714719192057 vs. 1.8990714719192057
list:
dist: 1.9156232258511732 vs. 1.9156232258511732
list:
dist: 1.8626311357341658 vs. 1.8626311357341658
list:
dist: 1.0304112706085649 vs. 1.0304112706085649
list:
dist: 1.5404648583421712 vs. 1.5404648583421712
list:
dist: 0.6974260259250447 vs. 0.6974260259250447
list:
dist: 0.9509867756943239 vs. 0.9509867756943239
list:
dist: 1.337636472550104 vs. 1.337636472550104
list:
dist: 0.7891919701299824 vs. 0.7891919701299824
list:
dist: 0.976063969193413 vs. 0.976063969193413
list:
dist: 1.984798977943787 vs. 1.984798977943787
list:
dist: 1.8236386083685372 vs. 1.8236386083685372
list:
dist: 2.2013308362342925 vs. 2.2013308362342925
list:
dist: 1.5236809642505553 vs. 1.5236809642505553
list:
dist: 3.420490544920011 vs. 3.420490544920011
list:
dist: 3.154528196231038 vs. 3.154528196231038
list:
dist: 2.337416833002922 vs. 2.337416833002922
list:
dist: 1.9264841080377395 vs. 1.9264841080377395
list:
dist: 1.94165607050288 vs. 1.94165607050288
list:
dist: 2.428855448058167 vs. 2.428855448058167
list:
dist: 3.2157997799146054 vs. 3.2157997799146054
list:
dist: 3.3183629171789075 vs. 3.3183629171789075
list:
dist: 2.950687477478294 vs. 2.950687477478294
list:
dist: 1.7527815669243187 vs. 1.7527815669243187
list:
dist: 1.519735395049294 vs. 1.519735395049294
list:
dist: 2.9946529877813335 vs. 2.9946529877813335
list:
dist: 1.552549404330988 vs. 1.552549404330988
list:
dist: 1.3408871633273205 vs. 1.3408871633273205
list:
dist: 0.682742652699255 vs. 0.682742652699255
list:
dist: 1.8283514192676467 vs. 1.8283514192676467
list:
dist: 1.4590930881643964 vs. 1.4590930881643964
list:
dist: 0.9315363271242568 vs. 0.9315363271242568
list:
dist: 0.7891919701299824 vs. 0.7891919701299824
list:
dist: 0.8101613827831081 vs. 0.8101613827831081
list:
dist: 1.179741639052663 vs. 1.179741639052663
list:
dist: 1.8231174102850414 vs. 1.8231174102850414
list:
dist: 1.5818002165218124 vs. 1.5818002165218124
list:
dist: 2.540057237939192 vs. 2.540057237939192
list:
dist: 1.8234035254434438 vs. 1.8234035254434438
list:
dist: 3.240226178601876 vs. 3.240226178601876
list:
dist: 3.1237366655026846 vs. 3.1237366655026846
list:
dist: 2.061698960922703 vs. 2.061698960922703
list:
dist: 2.048586895662679 vs. 2.048586895662679
list:
dist: 2.0314134541734172 vs. 2.0314134541734172
list:
dist: 2.343048921832436 vs. 2.343048921832436
list:
dist: 3.320565428793028 vs. 3.320565428793028
list:
dist: 3.469581201441886 vs. 3.469581201441886
list:
dist: 3.045437974179397 vs. 3.045437974179397
list:
dist: 1.649442320873774 vs. 1.649442320873774
list:
dist: 1.4814828479561055 vs. 1.4814828479561055
list:
dist: 2.999797156096382 vs. 2.999797156096382
list:
dist: 3.6600528198162516 vs. 3.6600528198162516
list:
dist: 4.806181097807259 vs. 4.806181097807259
list:
dist: 3.965500051030432 vs. 3.965500051030432
list:
dist: 3.8801678937211124 vs. 3.8801678937211124
list:
dist: 4.976761487501926 vs. 4.976761487501926
list:
dist: 3.8014788065009295 vs. 3.8014788065009295
list:
dist: 1.6631993839373989 vs. 1.6631993839373989
list:
dist: 1.4300168819613532 vs. 1.4300168819613532
list:
dist: 1.098163246550772 vs. 1.098163246550772
list:
dist: 1.2744672633019885 vs. 1.2744672633019885
list:
dist: 1.2137285555994963 vs. 1.2137285555994963
list:
dist: 1.265200049271916 vs. 1.265200049271916
list:
dist: 0.9509867756943239 vs. 0.9509867756943239
list:
dist: 1.1458823108549556 vs. 1.1458823108549556
list:
dist: 0.9315363271242568 vs. 0.9315363271242568
list:
dist: 0.98020306986235 vs. 0.98020306986235
list:
dist: 1.1759544334019538 vs. 1.1759544334019538
list:
dist: 0.9709124571547065 vs. 0.9709124571547065
list:
dist: 1.7303430426497508 vs. 1.7303430426497508
list:
dist: 0.9282756705016271 vs. 0.9282756705016271
list:
dist: 2.9081502442269334 vs. 2.9081502442269334
list:
dist: 2.734266337802992 vs. 2.734266337802992
list:
dist: 2.1899092242152873 vs. 2.1899092242152873
list:
dist: 1.5055424042568186 vs. 1.5055424042568186
list:
dist: 1.7941963539734578 vs. 1.7941963539734578
list:
dist: 2.3709466106279993 vs. 2.3709466106279993
list:
dist: 3.0721207453415253 vs. 3.0721207453415253
list:
dist: 3.1767951412107687 vs. 3.1767951412107687
list:
dist: 2.4613017606812755 vs. 2.4613017606812755
list:
dist: 1.7342751044250169 vs. 1.7342751044250169
list:
dist: 0.8923556500009575 vs. 0.8923556500009575
list:
dist: 2.9190136989657027 vs. 2.9190136989657027
list:
dist: 1.5363499818352726 vs. 1.5363499818352726
list:
dist: 2.2186225794541015 vs. 2.2186225794541015
list:
dist: 2.33922075915762 vs. 2.33922075915762
list:
dist: 1.5424979887812686 vs. 1.5424979887812686
list:
dist: 1.3322892868984004 vs. 1.3322892868984004
list:
dist: 1.265200049271916 vs. 1.265200049271916
list:
dist: 0.6974260259250447 vs. 0.6974260259250447
list:
dist: 1.964288824705435 vs. 1.964288824705435
list:
dist: 1.4590930881643964 vs. 1.4590930881643964
list:
dist: 1.30818824989033 vs. 1.30818824989033
list:
dist: 2.255670264724734 vs. 2.255670264724734
list:
dist: 2.1503187148836638 vs. 2.1503187148836638
list:
dist: 2.025221861079216 vs. 2.025221861079216
list:
dist: 1.396413381458557 vs. 1.396413381458557
list:
dist: 3.7276923263013075 vs. 3.7276923263013075
list:
dist: 3.3708043818820452 vs. 3.3708043818820452
list:
dist: 2.833458685716518 vs. 2.833458685716518
list:
dist: 2.0713883809421416 vs. 2.0713883809421416
list:
dist: 2.19309301914446 vs. 2.19309301914446
list:
dist: 2.8124553142204722 vs. 2.8124553142204722
list:
dist: 3.3823856915024515 vs. 3.3823856915024515
list:
dist: 3.436067769069241 vs. 3.436067769069241
list:
dist: 3.031999503220964 vs. 3.031999503220964
list:
dist: 2.1978925597054575 vs. 2.1978925597054575
list:
dist: 1.7989606125374027 vs. 1.7989606125374027
list:
dist: 3.2772709538081943 vs. 3.2772709538081943
list:
dist: 2.525257898017386 vs. 2.525257898017386
list:
dist: 1.4688465990207842 vs. 1.4688465990207842
list:
dist: 1.7282055048522127 vs. 1.7282055048522127
list:
dist: 2.0641777276788766 vs. 2.0641777276788766
list:
dist: 2.33922075915762 vs. 2.33922075915762
list:
dist: 1.098163246550772 vs. 1.098163246550772
list:
dist: 1.8626311357341658 vs. 1.8626311357341658
list:
dist: 1.0542904719154262 vs. 1.0542904719154262
list:
dist: 1.3408871633273205 vs. 1.3408871633273205
list:
dist: 1.6235396185788076 vs. 1.6235396185788076
list:
dist: 1.0101233771157945 vs. 1.0101233771157945
list:
dist: 0.713622723964678 vs. 0.713622723964678
list:
dist: 2.312461074962778 vs. 2.312461074962778
list:
dist: 1.7368795137038229 vs. 1.7368795137038229
list:
dist: 2.526226502633887 vs. 2.526226502633887
list:
dist: 2.6111704103329263 vs. 2.6111704103329263
list:
dist: 1.9641223521321616 vs. 1.9641223521321616
list:
dist: 1.806110473756395 vs. 1.806110473756395
list:
dist: 2.0490696752123787 vs. 2.0490696752123787
list:
dist: 2.3635839475039697 vs. 2.3635839475039697
list:
dist: 3.1796900581225684 vs. 3.1796900581225684
list:
dist: 3.334847822149638 vs. 3.334847822149638
list:
dist: 2.5334717983194643 vs. 2.5334717983194643
list:
dist: 1.8489447075915926 vs. 1.8489447075915926
list:
dist: 1.1571342347638456 vs. 1.1571342347638456
list:
dist: 2.942855408119593 vs. 2.942855408119593
list:
dist: 1.3785741038398522 vs. 1.3785741038398522
list:
dist: 2.023782069335585 vs. 2.023782069335585
list:
dist: 1.7368795137038229 vs. 1.7368795137038229
list:
dist: 2.1002659758327105 vs. 2.1002659758327105
list:
dist: 1.1304725650902039 vs. 1.1304725650902039
list:
dist: 1.396413381458557 vs. 1.396413381458557
list:
dist: 0.9282756705016271 vs. 0.9282756705016271
list:
dist: 1.5236809642505553 vs. 1.5236809642505553
list:
dist: 1.9299394057655817 vs. 1.9299394057655817
list:
dist: 1.8234035254434438 vs. 1.8234035254434438
list:
dist: 1.3295914481550806 vs. 1.3295914481550806
list:
dist: 1.2492619622750312 vs. 1.2492619622750312
list:
dist: 1.24627802486233 vs. 1.24627802486233
list:
dist: 0.9711936648401626 vs. 0.9711936648401626
list:
dist: 2.9149160343180913 vs. 2.9149160343180913
list:
dist: 2.618967372407174 vs. 2.618967372407174
list:
dist: 2.630274190157079 vs. 2.630274190157079
list:
dist: 1.3472391320205919 vs. 1.3472391320205919
list:
dist: 1.8793599024974852 vs. 1.8793599024974852
list:
dist: 2.643524678958643 vs. 2.643524678958643
list:
dist: 2.9739221911905513 vs. 2.9739221911905513
list:
dist: 3.00888185984522 vs. 3.00888185984522
list:
dist: 2.1112945852978187 vs. 2.1112945852978187
list:
dist: 2.143217687722004 vs. 2.143217687722004
list:
dist: 1.0673254958249339 vs. 1.0673254958249339
list:
dist: 3.0171836328305415 vs. 3.0171836328305415
list:
dist: 2.7062590594515243 vs. 2.7062590594515243
list:
dist: 3.190421075189704 vs. 3.190421075189704
list:
dist: 4.048589506750512 vs. 4.048589506750512
list:
dist: 5.234161121813654 vs. 5.234161121813654
list:
dist: 2.347747065316888 vs. 2.347747065316888
list:
dist: 1.8694738702211977 vs. 1.8694738702211977
list:
dist: 0.713622723964678 vs. 0.713622723964678
list:
dist: 2.056111733486387 vs. 2.056111733486387
list:
dist: 1.939199025294996 vs. 1.939199025294996
list:
dist: 2.1503187148836638 vs. 2.1503187148836638
list:
dist: 0.9709124571547065 vs. 0.9709124571547065
list:
dist: 1.8236386083685372 vs. 1.8236386083685372
list:
dist: 1.2354961682077286 vs. 1.2354961682077286
list:
dist: 1.5818002165218124 vs. 1.5818002165218124
list:
dist: 1.3201980927270986 vs. 1.3201980927270986
list:
dist: 0.31846375731863275 vs. 0.31846375731863275
list:
dist: 1.6348038644772733 vs. 1.6348038644772733
list:
dist: 1.24627802486233 vs. 1.24627802486233
list:
dist: 2.120824298641009 vs. 2.120824298641009
list:
dist: 2.0890075592599042 vs. 2.0890075592599042
list:
dist: 1.8452494104834105 vs. 1.8452494104834105
list:
dist: 1.1849168052988575 vs. 1.1849168052988575
list:
dist: 1.5958865535482283 vs. 1.5958865535482283
list:
dist: 2.0894191045706396 vs. 2.0894191045706396
list:
dist: 2.682849037367326 vs. 2.682849037367326
list:
dist: 2.8038930968976947 vs. 2.8038930968976947
list:
dist: 1.8814658648074605 vs. 1.8814658648074605
list:
dist: 1.6393924071568973 vs. 1.6393924071568973
list:
dist: 0.5994818396955354 vs. 0.5994818396955354
list:
dist: 2.566279280476192 vs. 2.566279280476192
list:
dist: 2.933811041880224 vs. 2.933811041880224
list:
dist: 2.775025352412034 vs. 2.775025352412034
list:
dist: 2.4715360286781065 vs. 2.4715360286781065
list:
dist: 2.1670594721269016 vs. 2.1670594721269016
list:
dist: 1.0101233771157945 vs. 1.0101233771157945
list:
dist: 2.3274406171010362 vs. 2.3274406171010362
list:
dist: 2.0972704617501914 vs. 2.0972704617501914
list:
dist: 2.255670264724734 vs. 2.255670264724734
list:
dist: 1.1759544334019538 vs. 1.1759544334019538
list:
dist: 1.984798977943787 vs. 1.984798977943787
list:
dist: 1.4196576682240474 vs. 1.4196576682240474
list:
dist: 1.8231174102850414 vs. 1.8231174102850414
list:
dist: 1.3522329573138125 vs. 1.3522329573138125
list:
dist: 0.31846375731863275 vs. 0.31846375731863275
list:
dist: 1.4372297582589186 vs. 1.4372297582589186
list:
dist: 1.2492619622750312 vs. 1.2492619622750312
list:
dist: 1.8839014424017289 vs. 1.8839014424017289
list:
dist: 1.819288391724254 vs. 1.819288391724254
list:
dist: 1.80527973861295 vs. 1.80527973861295
list:
dist: 0.9685560796318995 vs. 0.9685560796318995
list:
dist: 1.4511501809231158 vs. 1.4511501809231158
list:
dist: 1.9824698843590867 vs. 1.9824698843590867
list:
dist: 2.4500921701386336 vs. 2.4500921701386336
list:
dist: 2.5583197503771045 vs. 2.5583197503771045
list:
dist: 1.5731877993665855 vs. 1.5731877993665855
list:
dist: 1.614391534707641 vs. 1.614391534707641
list:
dist: 0.55611789179444 vs. 0.55611789179444
list:
dist: 2.3903692964484238 vs. 2.3903692964484238
list:
dist: 2.664451660040667 vs. 2.664451660040667
list:
dist: 2.4909990354202494 vs. 2.4909990354202494
list:
dist: 2.3547935351620763 vs. 2.3547935351620763
list:
dist: 1.6235396185788076 vs. 1.6235396185788076
list:
dist: 1.7662105236195846 vs. 1.7662105236195846
list:
dist: 1.990336410433651 vs. 1.990336410433651
list:
dist: 1.30818824989033 vs. 1.30818824989033
list:
dist: 0.98020306986235 vs. 0.98020306986235
list:
dist: 0.976063969193413 vs. 0.976063969193413
list:
dist: 1.028211296789806 vs. 1.028211296789806
list:
dist: 1.179741639052663 vs. 1.179741639052663
list:
dist: 1.3522329573138125 vs. 1.3522329573138125
list:
dist: 1.3201980927270986 vs. 1.3201980927270986
list:
dist: 1.6280652036807521 vs. 1.6280652036807521
list:
dist: 1.3295914481550806 vs. 1.3295914481550806
list:
dist: 2.486647114724268 vs. 2.486647114724268
list:
dist: 2.184768322733716 vs. 2.184768322733716
list:
dist: 1.5578747385986331 vs. 1.5578747385986331
list:
dist: 1.019829526771502 vs. 1.019829526771502
list:
dist: 0.9752606626573203 vs. 0.9752606626573203
list:
dist: 1.5592815577531292 vs. 1.5592815577531292
list:
dist: 2.269883410752384 vs. 2.269883410752384
list:
dist: 2.381061178779792 vs. 2.381061178779792
list:
dist: 2.034820109524758 vs. 2.034820109524758
list:
dist: 0.9407331373102821 vs. 0.9407331373102821
list:
dist: 0.8002070227266272 vs. 0.8002070227266272
list:
dist: 2.080361356479933 vs. 2.080361356479933
list:
dist: 3.0444451782817685 vs. 3.0444451782817685
list:
dist: 3.874888242712815 vs. 3.874888242712815
list:
dist: 3.079302960760592 vs. 3.079302960760592
list:
dist: 2.8165727264825167 vs. 2.8165727264825167
list:
dist: 4.058724807215637 vs. 4.058724807215637
list:
dist: 2.8155466963157134 vs. 2.8155466963157134
list:
dist: 2.8495395451559795 vs. 2.8495395451559795
list:
dist: 1.806110473756395 vs. 1.806110473756395
list:
dist: 2.6347794101865647 vs. 2.6347794101865647
list:
dist: 2.3998822430721307 vs. 2.3998822430721307
list:
dist: 2.0713883809421416 vs. 2.0713883809421416
list:
dist: 1.5055424042568186 vs. 1.5055424042568186
list:
dist: 1.9264841080377395 vs. 1.9264841080377395
list:
dist: 1.6353923334094178 vs. 1.6353923334094178
list:
dist: 2.048586895662679 vs. 2.048586895662679
list:
dist: 1.019829526771502 vs. 1.019829526771502
list:
dist: 0.9685560796318995 vs. 0.9685560796318995
list:
dist: 1.1849168052988575 vs. 1.1849168052988575
list:
dist: 1.050024754672128 vs. 1.050024754672128
list:
dist: 1.3472391320205919 vs. 1.3472391320205919
list:
dist: 1.7185135047955336 vs. 1.7185135047955336
list:
dist: 1.3349203633806088 vs. 1.3349203633806088
list:
dist: 1.5778161189862265 vs. 1.5778161189862265
list:
dist: 0.6874545356003693 vs. 0.6874545356003693
list:
dist: 1.4458896938582986 vs. 1.4458896938582986
list:
dist: 1.665402833252555 vs. 1.665402833252555
list:
dist: 1.7371707318710077 vs. 1.7371707318710077
list:
dist: 1.0275547523866841 vs. 1.0275547523866841
list:
dist: 1.2135850838152293 vs. 1.2135850838152293
list:
dist: 0.6941012127267375 vs. 0.6941012127267375
list:
dist: 1.7078116025939212 vs. 1.7078116025939212
list:
dist: 3.18696977588699 vs. 3.18696977588699
list:
dist: 3.838805286277839 vs. 3.838805286277839
list:
dist: 3.0567642976461213 vs. 3.0567642976461213
list:
dist: 2.5640142212383554 vs. 2.5640142212383554
list:
dist: 3.8394524044405216 vs. 3.8394524044405216
list:
dist: 2.6950570816810053 vs. 2.6950570816810053
list:
dist: 1.7887650584220076 vs. 1.7887650584220076
list:
dist: 1.9368194755249877 vs. 1.9368194755249877
list:
dist: 3.004466791386687 vs. 3.004466791386687
list:
dist: 4.332974801196177 vs. 4.332974801196177
list:
dist: 4.2434539190843 vs. 4.2434539190843
list:
dist: 5.288173564435238 vs. 5.288173564435238
list:
dist: 4.920819383964218 vs. 4.920819383964218
list:
dist: 4.1285640022621815 vs. 4.1285640022621815
list:
dist: 4.575329053734131 vs. 4.575329053734131
list:
dist: 3.322228431007937 vs. 3.322228431007937
list:
dist: 4.3074202658886085 vs. 4.3074202658886085
list:
dist: 4.683753221364782 vs. 4.683753221364782
list:
dist: 3.237174952978609 vs. 3.237174952978609
list:
dist: 3.888038078580573 vs. 3.888038078580573
list:
dist: 5.273570801658815 vs. 5.273570801658815
list:
dist: 4.120352101770315 vs. 4.120352101770315
list:
dist: 3.721922650612549 vs. 3.721922650612549
list:
dist: 2.189342321383245 vs. 2.189342321383245
list:
dist: 2.9465849257961145 vs. 2.9465849257961145
list:
dist: 2.312461074962778 vs. 2.312461074962778
list:
dist: 2.951963665030633 vs. 2.951963665030633
list:
dist: 2.05496718867757 vs. 2.05496718867757
list:
dist: 2.025221861079216 vs. 2.025221861079216
list:
dist: 1.7303430426497508 vs. 1.7303430426497508
list:
dist: 2.2013308362342925 vs. 2.2013308362342925
list:
dist: 2.4045016398806713 vs. 2.4045016398806713
list:
dist: 2.540057237939192 vs. 2.540057237939192
list:
dist: 1.6280652036807521 vs. 1.6280652036807521
list:
dist: 1.4372297582589186 vs. 1.4372297582589186
list:
dist: 1.6348038644772733 vs. 1.6348038644772733
list:
dist: 0.9711936648401626 vs. 0.9711936648401626
list:
dist: 2.490751027325575 vs. 2.490751027325575
list:
dist: 2.0615760905639853 vs. 2.0615760905639853
list:
dist: 2.6236171484143305 vs. 2.6236171484143305
list:
dist: 1.050024754672128 vs. 1.050024754672128
list:
dist: 1.6554568554360836 vs. 1.6554568554360836
list:
dist: 2.460350718166023 vs. 2.460350718166023
list:
dist: 2.377944044836918 vs. 2.377944044836918
list:
dist: 2.348070821808725 vs. 2.348070821808725
list:
dist: 1.3992758943297585 vs. 1.3992758943297585
list:
dist: 2.1932859862995353 vs. 2.1932859862995353
list:
dist: 1.3140104270309307 vs. 1.3140104270309307
list:
dist: 2.610181296431397 vs. 2.610181296431397
list:
dist: 1.8404890192605925 vs. 1.8404890192605925
list:
dist: 2.489576334755525 vs. 2.489576334755525
list:
dist: 3.2477244927390787 vs. 3.2477244927390787
list:
dist: 4.366562149690076 vs. 4.366562149690076
list:
dist: 2.1731227942294753 vs. 2.1731227942294753
list:
dist: 1.1571342347638456 vs. 1.1571342347638456
list:
dist: 2.0397628535140453 vs. 2.0397628535140453
list:
dist: 1.9381620195572675 vs. 1.9381620195572675
list:
dist: 1.7989606125374027 vs. 1.7989606125374027
list:
dist: 0.8923556500009575 vs. 0.8923556500009575
list:
dist: 1.519735395049294 vs. 1.519735395049294
list:
dist: 1.1333343951729589 vs. 1.1333343951729589
list:
dist: 1.4814828479561055 vs. 1.4814828479561055
list:
dist: 0.8002070227266272 vs. 0.8002070227266272
list:
dist: 0.55611789179444 vs. 0.55611789179444
list:
dist: 0.5994818396955354 vs. 0.5994818396955354
list:
dist: 1.3140104270309307 vs. 1.3140104270309307
list:
dist: 1.0673254958249339 vs. 1.0673254958249339
list:
dist: 2.0416635323108427 vs. 2.0416635323108427
list:
dist: 1.8443582715109315 vs. 1.8443582715109315
list:
dist: 1.5970277960364727 vs. 1.5970277960364727
list:
dist: 0.6941012127267375 vs. 0.6941012127267375
list:
dist: 1.0779746835983262 vs. 1.0779746835983262
list:
dist: 1.7017867766645782 vs. 1.7017867766645782
list:
dist: 2.263120510801641 vs. 2.263120510801641
list:
dist: 2.3722354201830766 vs. 2.3722354201830766
list:
dist: 1.6127623575263754 vs. 1.6127623575263754
list:
dist: 1.2242445950368623 vs. 1.2242445950368623
list:
dist: 2.16245158632521 vs. 2.16245158632521
list:
dist: 3.478438038265887 vs. 3.478438038265887
list:
dist: 4.3514346959393 vs. 4.3514346959393
list:
dist: 3.520278370937773 vs. 3.520278370937773
list:
dist: 3.1436095144926464 vs. 3.1436095144926464
list:
dist: 4.368534532762372 vs. 4.368534532762372
list:
dist: 3.2141370537356395 vs. 3.2141370537356395
list:
dist: 2.4751907192787503 vs. 2.4751907192787503
list:
dist: 2.5150501500065796 vs. 2.5150501500065796
list:
dist: 3.680415155785565 vs. 3.680415155785565
list:
dist: 5.018345581097806 vs. 5.018345581097806
list:
dist: 4.873206448572875 vs. 4.873206448572875
list:
dist: 5.886013682105589 vs. 5.886013682105589
list:
dist: 5.503547728747047 vs. 5.503547728747047
list:
dist: 4.790576974495739 vs. 4.790576974495739
list:
dist: 5.201004206379963 vs. 5.201004206379963
list:
dist: 3.9234548961119504 vs. 3.9234548961119504
list:
dist: 4.869057486372609 vs. 4.869057486372609
list:
dist: 5.325648624576481 vs. 5.325648624576481
list:
dist: 3.8777334106830685 vs. 3.8777334106830685
list:
dist: 4.538052751769776 vs. 4.538052751769776
list:
dist: 5.922777607766446 vs. 5.922777607766446
list:
dist: 4.702125264287133 vs. 4.702125264287133
list:
dist: 4.310954312682732 vs. 4.310954312682732
list:
dist: 3.149829562791797 vs. 3.149829562791797
list:
dist: 2.0490696752123787 vs. 2.0490696752123787
list:
dist: 2.6802481948767736 vs. 2.6802481948767736
list:
dist: 2.815090318096537 vs. 2.815090318096537
list:
dist: 2.19309301914446 vs. 2.19309301914446
list:
dist: 1.7941963539734578 vs. 1.7941963539734578
list:
dist: 1.94165607050288 vs. 1.94165607050288
list:
dist: 1.5208561945417156 vs. 1.5208561945417156
list:
dist: 2.0314134541734172 vs. 2.0314134541734172
list:
dist: 0.9752606626573203 vs. 0.9752606626573203
list:
dist: 1.4511501809231158 vs. 1.4511501809231158
list:
dist: 1.5958865535482283 vs. 1.5958865535482283
list:
dist: 1.6554568554360836 vs. 1.6554568554360836
list:
dist: 1.8793599024974852 vs. 1.8793599024974852
list:
dist: 1.7008385019999002 vs. 1.7008385019999002
list:
dist: 1.3035880451014816 vs. 1.3035880451014816
list:
dist: 1.1012430738834256 vs. 1.1012430738834256
list:
dist: 0.6874545356003693 vs. 0.6874545356003693
list:
dist: 0.8240329857480682 vs. 0.8240329857480682
list:
dist: 1.3088282434809326 vs. 1.3088282434809326
list:
dist: 1.4418160758681682 vs. 1.4418160758681682
list:
dist: 1.3426574393767263 vs. 1.3426574393767263
list:
dist: 0.6926147799051902 vs. 0.6926147799051902
list:
dist: 1.0779746835983262 vs. 1.0779746835983262
list:
dist: 1.1633962091841101 vs. 1.1633962091841101
list:
dist: 2.5058844139870193 vs. 2.5058844139870193
list:
dist: 3.3338518548033886 vs. 3.3338518548033886
list:
dist: 2.4638587635906792 vs. 2.4638587635906792
list:
dist: 2.1181634698156317 vs. 2.1181634698156317
list:
dist: 3.2913159103864236 vs. 3.2913159103864236
list:
dist: 2.163995506609409 vs. 2.163995506609409
list:
dist: 1.8256970248089386 vs. 1.8256970248089386
list:
dist: 1.8748193239806004 vs. 1.8748193239806004
list:
dist: 2.769187738747123 vs. 2.769187738747123
list:
dist: 4.173511151616092 vs. 4.173511151616092
list:
dist: 3.8934092009271586 vs. 3.8934092009271586
list:
dist: 4.855514376202192 vs. 4.855514376202192
list:
dist: 4.441546590824771 vs. 4.441546590824771
list:
dist: 3.8323716393416984 vs. 3.8323716393416984
list:
dist: 4.182106916384204 vs. 4.182106916384204
list:
dist: 2.8822010342368882 vs. 2.8822010342368882
list:
dist: 3.8083292829772812 vs. 3.8083292829772812
list:
dist: 4.312513819905141 vs. 4.312513819905141
list:
dist: 2.8806970856612817 vs. 2.8806970856612817
list:
dist: 3.5452076364994674 vs. 3.5452076364994674
list:
dist: 4.917643086144144 vs. 4.917643086144144
list:
dist: 3.640334393904818 vs. 3.640334393904818
list:
dist: 3.298544720133489 vs. 3.298544720133489
list:
dist: 2.9467753891050115 vs. 2.9467753891050115
list:
dist: 1.8489447075915926 vs. 1.8489447075915926
list:
dist: 2.32569495684825 vs. 2.32569495684825
list:
dist: 2.879243862980234 vs. 2.879243862980234
list:
dist: 2.1978925597054575 vs. 2.1978925597054575
list:
dist: 1.7342751044250169 vs. 1.7342751044250169
list:
dist: 1.7527815669243187 vs. 1.7527815669243187
list:
dist: 1.0486687175379186 vs. 1.0486687175379186
list:
dist: 1.649442320873774 vs. 1.649442320873774
list:
dist: 0.9407331373102821 vs. 0.9407331373102821
list:
dist: 1.614391534707641 vs. 1.614391534707641
list:
dist: 1.6393924071568973 vs. 1.6393924071568973
list:
dist: 2.1932859862995353 vs. 2.1932859862995353
list:
dist: 2.143217687722004 vs. 2.143217687722004
list:
dist: 1.9632579161395045 vs. 1.9632579161395045
list:
dist: 1.7561415557688984 vs. 1.7561415557688984
list:
dist: 0.6693796583866192 vs. 0.6693796583866192
list:
dist: 1.2135850838152293 vs. 1.2135850838152293
list:
dist: 0.6926147799051902 vs. 0.6926147799051902
list:
dist: 0.6996601179454844 vs. 0.6996601179454844
list:
dist: 1.755313025634311 vs. 1.755313025634311
list:
dist: 1.9429252211413677 vs. 1.9429252211413677
list:
dist: 1.9521716741158093 vs. 1.9521716741158093
list:
dist: 1.2242445950368623 vs. 1.2242445950368623
list:
dist: 1.3559116927430197 vs. 1.3559116927430197
list:
dist: 2.3016231406225023 vs. 2.3016231406225023
list:
dist: 3.528943121777282 vs. 3.528943121777282
list:
dist: 2.5634226928340103 vs. 2.5634226928340103
list:
dist: 2.4674783657303747 vs. 2.4674783657303747
list:
dist: 3.44361959460413 vs. 3.44361959460413
list:
dist: 2.3917424065468946 vs. 2.3917424065468946
list:
dist: 2.4903006528953684 vs. 2.4903006528953684
list:
dist: 2.3593572809989296 vs. 2.3593572809989296
list:
dist: 3.2832744365933766 vs. 3.2832744365933766
list:
dist: 4.7111240073726295 vs. 4.7111240073726295
list:
dist: 4.242987793355498 vs. 4.242987793355498
list:
dist: 5.140286018577231 vs. 5.140286018577231
list:
dist: 4.677354195920652 vs. 4.677354195920652
list:
dist: 4.275494978642237 vs. 4.275494978642237
list:
dist: 4.5260072583746 vs. 4.5260072583746
list:
dist: 3.208004397829757 vs. 3.208004397829757
list:
dist: 4.028576115363416 vs. 4.028576115363416
list:
dist: 4.675676939183409 vs. 4.675676939183409
list:
dist: 3.2942254440303835 vs. 3.2942254440303835
list:
dist: 3.941056987449473 vs. 3.941056987449473
list:
dist: 5.279946752602499 vs. 5.279946752602499
list:
dist: 3.879741945495416 vs. 3.879741945495416
list:
dist: 3.6198422435716693 vs. 3.6198422435716693
list:
dist: 4.410346580932652 vs. 4.410346580932652
list:
dist: 3.1796900581225684 vs. 3.1796900581225684
list:
dist: 3.9798949767593736 vs. 3.9798949767593736
list:
dist: 4.020078429591887 vs. 4.020078429591887
list:
dist: 3.3823856915024515 vs. 3.3823856915024515
list:
dist: 3.0721207453415253 vs. 3.0721207453415253
list:
dist: 3.2157997799146054 vs. 3.2157997799146054
list:
dist: 2.72787939006525 vs. 2.72787939006525
list:
dist: 3.320565428793028 vs. 3.320565428793028
list:
dist: 2.269883410752384 vs. 2.269883410752384
list:
dist: 2.4500921701386336 vs. 2.4500921701386336
list:
dist: 2.682849037367326 vs. 2.682849037367326
list:
dist: 2.377944044836918 vs. 2.377944044836918
list:
dist: 2.9739221911905513 vs. 2.9739221911905513
list:
dist: 1.485090859437839 vs. 1.485090859437839
list:
dist: 0.9603331696979476 vs. 0.9603331696979476
list:
dist: 1.7433716945339781 vs. 1.7433716945339781
list:
dist: 1.665402833252555 vs. 1.665402833252555
list:
dist: 1.3088282434809326 vs. 1.3088282434809326
list:
dist: 1.2234316683986248 vs. 1.2234316683986248
list:
dist: 0.2516393535419496 vs. 0.2516393535419496
list:
dist: 1.3499385998959723 vs. 1.3499385998959723
list:
dist: 1.755313025634311 vs. 1.755313025634311
list:
dist: 2.263120510801641 vs. 2.263120510801641
list:
dist: 0.6379079047718229 vs. 0.6379079047718229
list:
dist: 2.222871396575249 vs. 2.222871396575249
list:
dist: 2.7261116402246763 vs. 2.7261116402246763
list:
dist: 1.9122394595481789 vs. 1.9122394595481789
list:
dist: 1.4109721879220103 vs. 1.4109721879220103
list:
dist: 2.338938564961039 vs. 2.338938564961039
list:
dist: 1.5747791573789847 vs. 1.5747791573789847
list:
dist: 1.3248046324009581 vs. 1.3248046324009581
list:
dist: 0.9658855307083296 vs. 0.9658855307083296
list:
dist: 1.7369683659452448 vs. 1.7369683659452448
list:
dist: 3.1612338080811657 vs. 3.1612338080811657
list:
dist: 2.6146272948419194 vs. 2.6146272948419194
list:
dist: 3.921362915078995 vs. 3.921362915078995
list:
dist: 3.4408377552144205 vs. 3.4408377552144205
list:
dist: 2.7812281852161873 vs. 2.7812281852161873
list:
dist: 3.168774564545253 vs. 3.168774564545253
list:
dist: 1.924339399147343 vs. 1.924339399147343
list:
dist: 2.910303607618934 vs. 2.910303607618934
list:
dist: 3.2009502742440854 vs. 3.2009502742440854
list:
dist: 1.861119720599936 vs. 1.861119720599936
list:
dist: 2.3466594914274603 vs. 2.3466594914274603
list:
dist: 3.7294955739689435 vs. 3.7294955739689435
list:
dist: 2.537371206202112 vs. 2.537371206202112
list:
dist: 2.48861412774548 vs. 2.48861412774548
list:
dist: 3.2445000020225434 vs. 3.2445000020225434
list:
dist: 1.9641223521321616 vs. 1.9641223521321616
list:
dist: 2.7361263229594592 vs. 2.7361263229594592
list:
dist: 3.3860714514891255 vs. 3.3860714514891255
list:
dist: 2.833458685716518 vs. 2.833458685716518
list:
dist: 2.1899092242152873 vs. 2.1899092242152873
list:
dist: 2.337416833002922 vs. 2.337416833002922
list:
dist: 1.3063354132706304 vs. 1.3063354132706304
list:
dist: 2.061698960922703 vs. 2.061698960922703
list:
dist: 1.5578747385986331 vs. 1.5578747385986331
list:
dist: 1.80527973861295 vs. 1.80527973861295
list:
dist: 1.8452494104834105 vs. 1.8452494104834105
list:
dist: 2.6236171484143305 vs. 2.6236171484143305
list:
dist: 2.630274190157079 vs. 2.630274190157079
list:
dist: 1.6365912365468487 vs. 1.6365912365468487
list:
dist: 1.6296488726822462 vs. 1.6296488726822462
list:
dist: 1.5778161189862265 vs. 1.5778161189862265
list:
dist: 1.1012430738834256 vs. 1.1012430738834256
list:
dist: 0.5976739601082637 vs. 0.5976739601082637
list:
dist: 1.7433716945339781 vs. 1.7433716945339781
list:
dist: 1.976604050316011 vs. 1.976604050316011
list:
dist: 2.05280327476239 vs. 2.05280327476239
list:
dist: 0.6693796583866192 vs. 0.6693796583866192
list:
dist: 1.5970277960364727 vs. 1.5970277960364727
list:
dist: 1.231793998064125 vs. 1.231793998064125
list:
dist: 2.21551016167978 vs. 2.21551016167978
list:
dist: 2.746265505889942 vs. 2.746265505889942
list:
dist: 2.2134515358773488 vs. 2.2134515358773488
list:
dist: 4.109428392414511 vs. 4.109428392414511
list:
dist: 3.590281647487186 vs. 3.590281647487186
list:
dist: 2.3635839475039697 vs. 2.3635839475039697
list:
dist: 3.0211600319967253 vs. 3.0211600319967253
list:
dist: 3.4992895278845757 vs. 3.4992895278845757
list:
dist: 2.8124553142204722 vs. 2.8124553142204722
list:
dist: 2.3709466106279993 vs. 2.3709466106279993
list:
dist: 2.428855448058167 vs. 2.428855448058167
list:
dist: 1.682202088644467 vs. 1.682202088644467
list:
dist: 2.343048921832436 vs. 2.343048921832436
list:
dist: 1.5592815577531292 vs. 1.5592815577531292
list:
dist: 1.9824698843590867 vs. 1.9824698843590867
list:
dist: 2.0894191045706396 vs. 2.0894191045706396
list:
dist: 2.460350718166023 vs. 2.460350718166023
list:
dist: 2.643524678958643 vs. 2.643524678958643
list:
dist: 1.6036002467108483 vs. 1.6036002467108483
list:
dist: 1.3883424942973632 vs. 1.3883424942973632
list:
dist: 0.5976739601082637 vs. 0.5976739601082637
list:
dist: 1.4458896938582986 vs. 1.4458896938582986
list:
dist: 0.8240329857480682 vs. 0.8240329857480682
list:
dist: 1.2234316683986248 vs. 1.2234316683986248
list:
dist: 1.4505198699480752 vs. 1.4505198699480752
list:
dist: 1.8112764089404403 vs. 1.8112764089404403
list:
dist: 0.6996601179454844 vs. 0.6996601179454844
list:
dist: 1.7017867766645782 vs. 1.7017867766645782
list:
dist: 0.7014188176282081 vs. 0.7014188176282081
list:
dist: 1.882362665885177 vs. 1.882362665885177
list:
dist: 3.1743158550777837 vs. 3.1743158550777837
list:
dist: 2.1467902534564263 vs. 2.1467902534564263
list:
dist: 2.0727504868450075 vs. 2.0727504868450075
list:
dist: 2.878473083289159 vs. 2.878473083289159
list:
dist: 1.9961530268562109 vs. 1.9961530268562109
list:
dist: 2.258714011660204 vs. 2.258714011660204
list:
dist: 1.87699810240559 vs. 1.87699810240559
list:
dist: 2.836178762934595 vs. 2.836178762934595
list:
dist: 4.280288603662777 vs. 4.280288603662777
list:
dist: 3.6072523043915825 vs. 3.6072523043915825
list:
dist: 4.673011677327302 vs. 4.673011677327302
list:
dist: 4.149887049449844 vs. 4.149887049449844
list:
dist: 3.797774839973943 vs. 3.797774839973943
list:
dist: 4.033141512174138 vs. 4.033141512174138
list:
dist: 2.7184040514626524 vs. 2.7184040514626524
list:
dist: 3.5409557821696693 vs. 3.5409557821696693
list:
dist: 4.139389438309153 vs. 4.139389438309153
list:
dist: 2.8152983217575493 vs. 2.8152983217575493
list:
dist: 3.3721677444719247 vs. 3.3721677444719247
list:
dist: 4.70229447113752 vs. 4.70229447113752
list:
dist: 3.286984776546028 vs. 3.286984776546028
list:
dist: 3.2092272180769648 vs. 3.2092272180769648
list:
dist: 3.696261012853293 vs. 3.696261012853293
list:
dist: 2.5334717983194643 vs. 2.5334717983194643
list:
dist: 3.6370004580930027 vs. 3.6370004580930027
list:
dist: 3.2331439000092876 vs. 3.2331439000092876
list:
dist: 3.031999503220964 vs. 3.031999503220964
list:
dist: 2.4613017606812755 vs. 2.4613017606812755
list:
dist: 2.950687477478294 vs. 2.950687477478294
list:
dist: 2.5297038505555336 vs. 2.5297038505555336
list:
dist: 3.045437974179397 vs. 3.045437974179397
list:
dist: 2.034820109524758 vs. 2.034820109524758
list:
dist: 1.5731877993665855 vs. 1.5731877993665855
list:
dist: 1.8814658648074605 vs. 1.8814658648074605
list:
dist: 1.3992758943297585 vs. 1.3992758943297585
list:
dist: 2.1112945852978187 vs. 2.1112945852978187
list:
dist: 1.2501511010829331 vs. 1.2501511010829331
list:
dist: 0.7598119879897406 vs. 0.7598119879897406
list:
dist: 2.05280327476239 vs. 2.05280327476239
list:
dist: 1.0275547523866841 vs. 1.0275547523866841
list:
dist: 1.3426574393767263 vs. 1.3426574393767263
list:
dist: 1.8112764089404403 vs. 1.8112764089404403
list:
dist: 1.3499385998959723 vs. 1.3499385998959723
list:
dist: 1.339482055050971 vs. 1.339482055050971
list:
dist: 1.9521716741158093 vs. 1.9521716741158093
list:
dist: 1.6127623575263754 vs. 1.6127623575263754
list:
dist: 1.694058699945635 vs. 1.694058699945635
list:
dist: 3.4282194464633604 vs. 3.4282194464633604
list:
dist: 3.8673528097447942 vs. 3.8673528097447942
list:
dist: 3.1531101979100375 vs. 3.1531101979100375
list:
dist: 2.4990633491363883 vs. 2.4990633491363883
list:
dist: 3.660337615163248 vs. 3.660337615163248
list:
dist: 2.74316314891172 vs. 2.74316314891172
list:
dist: 1.3310416248091326 vs. 1.3310416248091326
list:
dist: 1.1250583369359088 vs. 1.1250583369359088
list:
dist: 2.537758567528428 vs. 2.537758567528428
list:
dist: 3.7814078172300833 vs. 3.7814078172300833
list:
dist: 3.65208690251226 vs. 3.65208690251226
list:
dist: 5.036545686909687 vs. 5.036545686909687
list:
dist: 4.652977980853288 vs. 4.652977980853288
list:
dist: 3.690624772019059 vs. 3.690624772019059
list:
dist: 4.243683070693548 vs. 4.243683070693548
list:
dist: 3.0921131316266397 vs. 3.0921131316266397
list:
dist: 4.13627363508788 vs. 4.13627363508788
list:
dist: 4.255150158204904 vs. 4.255150158204904
list:
dist: 2.8998563623389417 vs. 2.8998563623389417
list:
dist: 3.3831872373068617 vs. 3.3831872373068617
list:
dist: 4.754530566023457 vs. 4.754530566023457
list:
dist: 3.7891933523280885 vs. 3.7891933523280885
list:
dist: 3.5689170588386863 vs. 3.5689170588386863
list:
dist: 3.9390144782903587 vs. 3.9390144782903587
list:
dist: 2.6111704103329263 vs. 2.6111704103329263
list:
dist: 3.7736734915139705 vs. 3.7736734915139705
list:
dist: 3.69348189192197 vs. 3.69348189192197
list:
dist: 3.3708043818820452 vs. 3.3708043818820452
list:
dist: 2.734266337802992 vs. 2.734266337802992
list:
dist: 3.154528196231038 vs. 3.154528196231038
list:
dist: 2.4661653535619736 vs. 2.4661653535619736
list:
dist: 3.1237366655026846 vs. 3.1237366655026846
list:
dist: 2.184768322733716 vs. 2.184768322733716
list:
dist: 1.819288391724254 vs. 1.819288391724254
list:
dist: 2.0890075592599042 vs. 2.0890075592599042
list:
dist: 2.0615760905639853 vs. 2.0615760905639853
list:
dist: 2.618967372407174 vs. 2.618967372407174
list:
dist: 0.6538041080802555 vs. 0.6538041080802555
list:
dist: 1.6296488726822462 vs. 1.6296488726822462
list:
dist: 1.3349203633806088 vs. 1.3349203633806088
list:
dist: 1.3035880451014816 vs. 1.3035880451014816
list:
dist: 1.3883424942973632 vs. 1.3883424942973632
list:
dist: 0.9603331696979476 vs. 0.9603331696979476
list:
dist: 1.0614523442763042 vs. 1.0614523442763042
list:
dist: 0.7598119879897406 vs. 0.7598119879897406
list:
dist: 1.7561415557688984 vs. 1.7561415557688984
list:
dist: 1.8443582715109315 vs. 1.8443582715109315
list:
dist: 1.170293550665694 vs. 1.170293550665694
list:
dist: 2.93908172622186 vs. 2.93908172622186
list:
dist: 1.6529125354885128 vs. 1.6529125354885128
list:
dist: 0.7101129326590169 vs. 0.7101129326590169
list:
dist: 3.2822253114760627 vs. 3.2822253114760627
list:
dist: 3.947631487408254 vs. 3.947631487408254
list:
dist: 2.526226502633887 vs. 2.526226502633887
list:
dist: 3.885936374817142 vs. 3.885936374817142
list:
dist: 3.9272964642269925 vs. 3.9272964642269925
list:
dist: 3.7276923263013075 vs. 3.7276923263013075
list:
dist: 2.9081502442269334 vs. 2.9081502442269334
list:
dist: 3.420490544920011 vs. 3.420490544920011
list:
dist: 2.5075747083325437 vs. 2.5075747083325437
list:
dist: 3.240226178601876 vs. 3.240226178601876
list:
dist: 2.486647114724268 vs. 2.486647114724268
list:
dist: 1.8839014424017289 vs. 1.8839014424017289
list:
dist: 2.120824298641009 vs. 2.120824298641009
list:
dist: 2.490751027325575 vs. 2.490751027325575
list:
dist: 2.9149160343180913 vs. 2.9149160343180913
list:
dist: 0.6538041080802555 vs. 0.6538041080802555
list:
dist: 1.6365912365468487 vs. 1.6365912365468487
list:
dist: 1.7185135047955336 vs. 1.7185135047955336
list:
dist: 1.7008385019999002 vs. 1.7008385019999002
list:
dist: 1.6036002467108483 vs. 1.6036002467108483
list:
dist: 1.485090859437839 vs. 1.485090859437839
list:
dist: 1.6280502228238865 vs. 1.6280502228238865
list:
dist: 1.2501511010829331 vs. 1.2501511010829331
list:
dist: 1.9632579161395045 vs. 1.9632579161395045
list:
dist: 2.0416635323108427 vs. 2.0416635323108427
list:
dist: 1.503858401891885 vs. 1.503858401891885
list:
dist: 3.16643258318989 vs. 3.16643258318989
list:
dist: 2.2953732034095125 vs. 2.2953732034095125
list:
dist: 1.0651027912947222 vs. 1.0651027912947222
list:
dist: 3.5819705679520313 vs. 3.5819705679520313
list:
dist: 4.534992487522534 vs. 4.534992487522534
list:
dist: 3.334847822149638 vs. 3.334847822149638
list:
dist: 4.118146486420704 vs. 4.118146486420704
list:
dist: 4.071713054327043 vs. 4.071713054327043
list:
dist: 3.436067769069241 vs. 3.436067769069241
list:
dist: 3.1767951412107687 vs. 3.1767951412107687
list:
dist: 3.3183629171789075 vs. 3.3183629171789075
list:
dist: 2.907565883953007 vs. 2.907565883953007
list:
dist: 3.469581201441886 vs. 3.469581201441886
list:
dist: 2.381061178779792 vs. 2.381061178779792
list:
dist: 2.5583197503771045 vs. 2.5583197503771045
list:
dist: 2.8038930968976947 vs. 2.8038930968976947
list:
dist: 2.348070821808725 vs. 2.348070821808725
list:
dist: 3.00888185984522 vs. 3.00888185984522
list:
dist: 1.6280502228238865 vs. 1.6280502228238865
list:
dist: 1.0614523442763042 vs. 1.0614523442763042
list:
dist: 1.976604050316011 vs. 1.976604050316011
list:
dist: 1.7371707318710077 vs. 1.7371707318710077
list:
dist: 1.4418160758681682 vs. 1.4418160758681682
list:
dist: 1.4505198699480752 vs. 1.4505198699480752
list:
dist: 0.2516393535419496 vs. 0.2516393535419496
list:
dist: 1.339482055050971 vs. 1.339482055050971
list:
dist: 1.9429252211413677 vs. 1.9429252211413677
list:
dist: 2.3722354201830766 vs. 2.3722354201830766
list:
dist: 0.8783913949633402 vs. 0.8783913949633402
list:
dist: 2.3674017562042664 vs. 2.3674017562042664
list:
dist: 2.6582848182341423 vs. 2.6582848182341423
list:
dist: 1.9315715278444472 vs. 1.9315715278444472
list:
dist: 1.3190265182251675 vs. 1.3190265182251675
list:
dist: 2.3216005383779703 vs. 2.3216005383779703
list:
dist: 1.548680462194764 vs. 1.548680462194764
list:
dist: 1.1144421966316191 vs. 1.1144421966316191
list:
dist: 0.9502188419890558 vs. 0.9502188419890558
list:
dist: 1.5187836089121498 vs. 1.5187836089121498
list:
dist: 2.9349096240187986 vs. 2.9349096240187986
list:
dist: 2.507343355828639 vs. 2.507343355828639
list:
dist: 3.797474421645275 vs. 3.797474421645275
list:
dist: 3.350730932325495 vs. 3.350730932325495
list:
dist: 2.5950381448236595 vs. 2.5950381448236595
list:
dist: 3.026745222934276 vs. 3.026745222934276
list:
dist: 1.8136368607956623 vs. 1.8136368607956623
list:
dist: 2.8318012098716516 vs. 2.8318012098716516
list:
dist: 3.05482326699141 vs. 3.05482326699141
list:
dist: 1.6986416645148126 vs. 1.6986416645148126
list:
dist: 2.198253518391911 vs. 2.198253518391911
list:
dist: 3.588223878608512 vs. 3.588223878608512
list:
dist: 2.4717427103500973 vs. 2.4717427103500973
list:
dist: 2.3640244523496596 vs. 2.3640244523496596
list:
dist: 2.4909990354202494 vs. 2.4909990354202494
list:
dist: 2.775025352412034 vs. 2.775025352412034
list:
dist: 2.489576334755525 vs. 2.489576334755525
list:
dist: 3.190421075189704 vs. 3.190421075189704
list:
dist: 1.0651027912947222 vs. 1.0651027912947222
list:
dist: 0.7101129326590169 vs. 0.7101129326590169
list:
dist: 2.2134515358773488 vs. 2.2134515358773488
list:
dist: 1.9368194755249877 vs. 1.9368194755249877
list:
dist: 1.8748193239806004 vs. 1.8748193239806004
list:
dist: 1.87699810240559 vs. 1.87699810240559
list:
dist: 0.9658855307083296 vs. 0.9658855307083296
list:
dist: 0.9502188419890558 vs. 0.9502188419890558
list:
dist: 1.1250583369359088 vs. 1.1250583369359088
list:
dist: 2.3593572809989296 vs. 2.3593572809989296
list:
dist: 2.5150501500065796 vs. 2.5150501500065796
list:
dist: 1.4037361375668873 vs. 1.4037361375668873
list:
dist: 3.0597641951087797 vs. 3.0597641951087797
list:
dist: 3.529641577727448 vs. 3.529641577727448
list:
dist: 2.800555266111987 vs. 2.800555266111987
list:
dist: 2.231053266143465 vs. 2.231053266143465
list:
dist: 2.9722757723526754 vs. 2.9722757723526754
list:
dist: 2.464910562283805 vs. 2.464910562283805
list:
dist: 1.5377502920251906 vs. 1.5377502920251906
list:
dist: 2.0768270209612005 vs. 2.0768270209612005
list:
dist: 3.311516829001946 vs. 3.311516829001946
list:
dist: 2.7042703460243076 vs. 2.7042703460243076
list:
dist: 4.448946518917171 vs. 4.448946518917171
list:
dist: 3.9615733334160295 vs. 3.9615733334160295
list:
dist: 3.1224235425143307 vs. 3.1224235425143307
list:
dist: 3.6329854685851846 vs. 3.6329854685851846
list:
dist: 2.564538927666647 vs. 2.564538927666647
list:
dist: 3.549118212633049 vs. 3.549118212633049
list:
dist: 3.548886015169344 vs. 3.548886015169344
list:
dist: 2.3804300395695175 vs. 2.3804300395695175
list:
dist: 2.61385266817539 vs. 2.61385266817539
list:
dist: 3.943799063778585 vs. 3.943799063778585
list:
dist: 3.0038979352814845 vs. 3.0038979352814845
list:
dist: 3.1568507334438785 vs. 3.1568507334438785
list:
dist: 2.7212099499730598 vs. 2.7212099499730598
list:
dist: 4.019969778818172 vs. 4.019969778818172
list:
dist: 4.647578440490568 vs. 4.647578440490568
list:
dist: 3.950412749883938 vs. 3.950412749883938
list:
dist: 3.7952874820847162 vs. 3.7952874820847162
list:
dist: 2.9554281045545414 vs. 2.9554281045545414
list:
dist: 2.664451660040667 vs. 2.664451660040667
list:
dist: 2.933811041880224 vs. 2.933811041880224
list:
dist: 1.8404890192605925 vs. 1.8404890192605925
list:
dist: 2.7062590594515243 vs. 2.7062590594515243
list:
dist: 2.2953732034095125 vs. 2.2953732034095125
list:
dist: 1.6529125354885128 vs. 1.6529125354885128
list:
dist: 2.746265505889942 vs. 2.746265505889942
list:
dist: 1.7887650584220076 vs. 1.7887650584220076
list:
dist: 1.8256970248089386 vs. 1.8256970248089386
list:
dist: 2.258714011660204 vs. 2.258714011660204
list:
dist: 1.3248046324009581 vs. 1.3248046324009581
list:
dist: 1.1144421966316191 vs. 1.1144421966316191
list:
dist: 1.3310416248091326 vs. 1.3310416248091326
list:
dist: 2.4903006528953684 vs. 2.4903006528953684
list:
dist: 2.4751907192787503 vs. 2.4751907192787503
list:
dist: 1.8895059146537443 vs. 1.8895059146537443
list:
dist: 3.2467391047555414 vs. 3.2467391047555414
list:
dist: 2.9152083861068507 vs. 2.9152083861068507
list:
dist: 2.5316044934712933 vs. 2.5316044934712933
list:
dist: 1.6418527370861917 vs. 1.6418527370861917
list:
dist: 2.990605845544874 vs. 2.990605845544874
list:
dist: 2.024762506564015 vs. 2.024762506564015
list:
dist: 1.5377502920251906 vs. 1.5377502920251906
list:
dist: 1.4314891939832208 vs. 1.4314891939832208
list:
dist: 2.589782887416111 vs. 2.589782887416111
list:
dist: 2.978751137242103 vs. 2.978751137242103
list:
dist: 3.947015632129147 vs. 3.947015632129147
list:
dist: 3.712786420768992 vs. 3.712786420768992
list:
dist: 2.5594304290772216 vs. 2.5594304290772216
list:
dist: 3.1691618503158394 vs. 3.1691618503158394
list:
dist: 2.1666678107832844 vs. 2.1666678107832844
list:
dist: 3.2087361711458544 vs. 3.2087361711458544
list:
dist: 3.234062197811093 vs. 3.234062197811093
list:
dist: 1.876730112870494 vs. 1.876730112870494
list:
dist: 2.488490211143669 vs. 2.488490211143669
list:
dist: 3.8022611373254236 vs. 3.8022611373254236
list:
dist: 3.0334226565875504 vs. 3.0334226565875504
list:
dist: 2.501632665495439 vs. 2.501632665495439
list:
dist: 2.6645232931262552 vs. 2.6645232931262552
list:
dist: 3.5331033078268543 vs. 3.5331033078268543
list:
dist: 4.162543256323393 vs. 4.162543256323393
list:
dist: 3.627962893722182 vs. 3.627962893722182
list:
dist: 3.881166602003293 vs. 3.881166602003293
list:
dist: 2.825633547294945 vs. 2.825633547294945
list:
dist: 4.2000392530757065 vs. 4.2000392530757065
list:
dist: 2.942855408119593 vs. 2.942855408119593
list:
dist: 3.6741955978195686 vs. 3.6741955978195686
list:
dist: 3.977831221710374 vs. 3.977831221710374
list:
dist: 3.2772709538081943 vs. 3.2772709538081943
list:
dist: 2.9190136989657027 vs. 2.9190136989657027
list:
dist: 2.9946529877813335 vs. 2.9946529877813335
list:
dist: 2.358568366949375 vs. 2.358568366949375
list:
dist: 2.999797156096382 vs. 2.999797156096382
list:
dist: 2.080361356479933 vs. 2.080361356479933
list:
dist: 2.3903692964484238 vs. 2.3903692964484238
list:
dist: 2.566279280476192 vs. 2.566279280476192
list:
dist: 2.610181296431397 vs. 2.610181296431397
list:
dist: 3.0171836328305415 vs. 3.0171836328305415
list:
dist: 1.503858401891885 vs. 1.503858401891885
list:
dist: 1.170293550665694 vs. 1.170293550665694
list:
dist: 1.231793998064125 vs. 1.231793998064125
list:
dist: 1.7078116025939212 vs. 1.7078116025939212
list:
dist: 1.1633962091841101 vs. 1.1633962091841101
list:
dist: 0.7014188176282081 vs. 0.7014188176282081
list:
dist: 0.6379079047718229 vs. 0.6379079047718229
list:
dist: 0.8783913949633402 vs. 0.8783913949633402
list:
dist: 1.694058699945635 vs. 1.694058699945635
list:
dist: 1.3559116927430197 vs. 1.3559116927430197
list:
dist: 2.16245158632521 vs. 2.16245158632521
list:
dist: 1.7721881386967413 vs. 1.7721881386967413
list:
dist: 2.784465309932778 vs. 2.784465309932778
list:
dist: 1.795263482577137 vs. 1.795263482577137
list:
dist: 1.6098216306268964 vs. 1.6098216306268964
list:
dist: 2.3394343798117774 vs. 2.3394343798117774
list:
dist: 1.5986523920721338 vs. 1.5986523920721338
list:
dist: 1.8895059146537443 vs. 1.8895059146537443
list:
dist: 1.4037361375668873 vs. 1.4037361375668873
list:
dist: 2.2349115655835132 vs. 2.2349115655835132
list:
dist: 3.6708389545845512 vs. 3.6708389545845512
list:
dist: 2.9144445965266437 vs. 2.9144445965266437
list:
dist: 4.125722173447344 vs. 4.125722173447344
list:
dist: 3.583449707573602 vs. 3.583449707573602
list:
dist: 3.180245807422574 vs. 3.180245807422574
list:
dist: 3.4416647792230255 vs. 3.4416647792230255
list:
dist: 2.149364570521601 vs. 2.149364570521601
list:
dist: 3.0183789988492653 vs. 3.0183789988492653
list:
dist: 3.505379229565843 vs. 3.505379229565843
list:
dist: 2.2162130143008736 vs. 2.2162130143008736
list:
dist: 2.7013866358857763 vs. 2.7013866358857763
list:
dist: 4.039569457115635 vs. 4.039569457115635
list:
dist: 2.6720434880607673 vs. 2.6720434880607673
list:
dist: 2.7069346855433714 vs. 2.7069346855433714
list:
dist: 3.965500051030432 vs. 3.965500051030432
list:
dist: 3.079302960760592 vs. 3.079302960760592
list:
dist: 3.0567642976461213 vs. 3.0567642976461213
list:
dist: 2.4638587635906792 vs. 2.4638587635906792
list:
dist: 2.1467902534564263 vs. 2.1467902534564263
list:
dist: 1.9122394595481789 vs. 1.9122394595481789
list:
dist: 1.9315715278444472 vs. 1.9315715278444472
list:
dist: 3.1531101979100375 vs. 3.1531101979100375
list:
dist: 2.5634226928340103 vs. 2.5634226928340103
list:
dist: 3.520278370937773 vs. 3.520278370937773
list:
dist: 1.795263482577137 vs. 1.795263482577137
list:
dist: 1.1810906664840581 vs. 1.1810906664840581
list:
dist: 1.1054515742392 vs. 1.1054515742392
list:
dist: 0.9450632223265631 vs. 0.9450632223265631
list:
dist: 1.1517046825826756 vs. 1.1517046825826756
list:
dist: 0.5233755416630217 vs. 0.5233755416630217
list:
dist: 1.9435033297674995 vs. 1.9435033297674995
list:
dist: 2.5316044934712933 vs. 2.5316044934712933
list:
dist: 2.800555266111987 vs. 2.800555266111987
list:
dist: 1.99055144172016 vs. 1.99055144172016
list:
dist: 3.121338506907237 vs. 3.121338506907237
list:
dist: 4.523618432659526 vs. 4.523618432659526
list:
dist: 2.571408967046121 vs. 2.571408967046121
list:
dist: 2.6840351563359457 vs. 2.6840351563359457
list:
dist: 2.2228708371753694 vs. 2.2228708371753694
list:
dist: 2.3524594343380865 vs. 2.3524594343380865
list:
dist: 2.2435034581052564 vs. 2.2435034581052564
list:
dist: 1.1345915348322055 vs. 1.1345915348322055
list:
dist: 1.5380429638298614 vs. 1.5380429638298614
list:
dist: 2.498653825827495 vs. 2.498653825827495
list:
dist: 1.5267957910246546 vs. 1.5267957910246546
list:
dist: 2.1284489266484656 vs. 2.1284489266484656
list:
dist: 3.153491219224817 vs. 3.153491219224817
list:
dist: 1.7021288571562052 vs. 1.7021288571562052
list:
dist: 1.3842243414346653 vs. 1.3842243414346653
list:
dist: 2.448725045660889 vs. 2.448725045660889
list:
dist: 2.858525383136181 vs. 2.858525383136181
list:
dist: 3.1796087419614807 vs. 3.1796087419614807
list:
dist: 3.6600528198162516 vs. 3.6600528198162516
list:
dist: 3.0444451782817685 vs. 3.0444451782817685
list:
dist: 3.16643258318989 vs. 3.16643258318989
list:
dist: 2.93908172622186 vs. 2.93908172622186
list:
dist: 2.21551016167978 vs. 2.21551016167978
list:
dist: 3.18696977588699 vs. 3.18696977588699
list:
dist: 2.5058844139870193 vs. 2.5058844139870193
list:
dist: 1.882362665885177 vs. 1.882362665885177
list:
dist: 2.222871396575249 vs. 2.222871396575249
list:
dist: 2.3674017562042664 vs. 2.3674017562042664
list:
dist: 3.4282194464633604 vs. 3.4282194464633604
list:
dist: 2.3016231406225023 vs. 2.3016231406225023
list:
dist: 3.478438038265887 vs. 3.478438038265887
list:
dist: 1.7721881386967413 vs. 1.7721881386967413
list:
dist: 2.173446474065705 vs. 2.173446474065705
list:
dist: 1.1810906664840581 vs. 1.1810906664840581
list:
dist: 1.9504078959870212 vs. 1.9504078959870212
list:
dist: 1.7664035993311613 vs. 1.7664035993311613
list:
dist: 1.5556857045743286 vs. 1.5556857045743286
list:
dist: 2.2897012556506326 vs. 2.2897012556506326
list:
dist: 3.2467391047555414 vs. 3.2467391047555414
list:
dist: 3.0597641951087797 vs. 3.0597641951087797
list:
dist: 2.9664221378271 vs. 2.9664221378271
list:
dist: 4.193187881583754 vs. 4.193187881583754
list:
dist: 3.1947499805649664 vs. 3.1947499805649664
list:
dist: 3.621660605096806 vs. 3.621660605096806
list:
dist: 3.0229759051357843 vs. 3.0229759051357843
list:
dist: 3.4092643729494627 vs. 3.4092643729494627
list:
dist: 3.248669513485558 vs. 3.248669513485558
list:
dist: 2.18526425042013 vs. 2.18526425042013
list:
dist: 2.4451067213282514 vs. 2.4451067213282514
list:
dist: 3.4320729680543 vs. 3.4320729680543
list:
dist: 2.561548002783008 vs. 2.561548002783008
list:
dist: 2.989781558774348 vs. 2.989781558774348
list:
dist: 3.977414612551256 vs. 3.977414612551256
list:
dist: 2.3896335042210373 vs. 2.3896335042210373
list:
dist: 2.5312054443539647 vs. 2.5312054443539647
list:
dist: 3.0631083195653 vs. 3.0631083195653
list:
dist: 3.700211277412271 vs. 3.700211277412271
list:
dist: 3.322228431007937 vs. 3.322228431007937
list:
dist: 2.8822010342368882 vs. 2.8822010342368882
list:
dist: 2.7184040514626524 vs. 2.7184040514626524
list:
dist: 1.924339399147343 vs. 1.924339399147343
list:
dist: 1.8136368607956623 vs. 1.8136368607956623
list:
dist: 3.0921131316266397 vs. 3.0921131316266397
list:
dist: 3.208004397829757 vs. 3.208004397829757
list:
dist: 3.9234548961119504 vs. 3.9234548961119504
list:
dist: 2.149364570521601 vs. 2.149364570521601
list:
dist: 2.18526425042013 vs. 2.18526425042013
list:
dist: 1.1210535628443643 vs. 1.1210535628443643
list:
dist: 1.1345915348322055 vs. 1.1345915348322055
list:
dist: 0.8393579910742337 vs. 0.8393579910742337
list:
dist: 0.9997562295793229 vs. 0.9997562295793229
list:
dist: 0.9572855557149377 vs. 0.9572855557149377
list:
dist: 1.9416736931615945 vs. 1.9416736931615945
list:
dist: 2.1666678107832844 vs. 2.1666678107832844
list:
dist: 2.564538927666647 vs. 2.564538927666647
list:
dist: 1.0622849075664162 vs. 1.0622849075664162
list:
dist: 2.0194876186512807 vs. 2.0194876186512807
list:
dist: 3.8390356854508676 vs. 3.8390356854508676
list:
dist: 1.695692440174399 vs. 1.695692440174399
list:
dist: 2.0072321011853296 vs. 2.0072321011853296
list:
dist: 1.6126594493246211 vs. 1.6126594493246211
list:
dist: 1.240512536239461 vs. 1.240512536239461
list:
dist: 1.3199248460541764 vs. 1.3199248460541764
list:
dist: 1.057165513142249 vs. 1.057165513142249
list:
dist: 1.5020041152163104 vs. 1.5020041152163104
list:
dist: 0.46612657210734665 vs. 0.46612657210734665
list:
dist: 1.0711779320212051 vs. 1.0711779320212051
list:
dist: 2.1861283447363635 vs. 2.1861283447363635
list:
dist: 1.0586669679990508 vs. 1.0586669679990508
list:
dist: 0.6665277464452678 vs. 0.6665277464452678
list:
dist: 1.9726502297830957 vs. 1.9726502297830957
list:
dist: 2.111424382031353 vs. 2.111424382031353
list:
dist: 5.174497065964294 vs. 5.174497065964294
list:
dist: 4.503204073508099 vs. 4.503204073508099
list:
dist: 4.7397781727525174 vs. 4.7397781727525174
list:
dist: 2.288297955034025 vs. 2.288297955034025
list:
dist: 2.7498341856238087 vs. 2.7498341856238087
list:
dist: 2.7433526440071105 vs. 2.7433526440071105
list:
dist: 2.3645296800270756 vs. 2.3645296800270756
list:
dist: 2.519455126509312 vs. 2.519455126509312
list:
dist: 1.9491484785739825 vs. 1.9491484785739825
list:
dist: 4.920819383964218 vs. 4.920819383964218
list:
dist: 4.441546590824771 vs. 4.441546590824771
list:
dist: 4.149887049449844 vs. 4.149887049449844
list:
dist: 3.4408377552144205 vs. 3.4408377552144205
list:
dist: 3.350730932325495 vs. 3.350730932325495
list:
dist: 4.652977980853288 vs. 4.652977980853288
list:
dist: 4.677354195920652 vs. 4.677354195920652
list:
dist: 5.503547728747047 vs. 5.503547728747047
list:
dist: 3.583449707573602 vs. 3.583449707573602
list:
dist: 3.0229759051357843 vs. 3.0229759051357843
list:
dist: 1.6318739012096184 vs. 1.6318739012096184
list:
dist: 2.2228708371753694 vs. 2.2228708371753694
list:
dist: 2.409344309497365 vs. 2.409344309497365
list:
dist: 1.353521691345161 vs. 1.353521691345161
list:
dist: 2.36773445035356 vs. 2.36773445035356
list:
dist: 1.189494582518978 vs. 1.189494582518978
list:
dist: 3.712786420768992 vs. 3.712786420768992
list:
dist: 3.9615733334160295 vs. 3.9615733334160295
list:
dist: 2.3692163155029906 vs. 2.3692163155029906
list:
dist: 2.408530708315935 vs. 2.408530708315935
list:
dist: 3.7534128165735634 vs. 3.7534128165735634
list:
dist: 1.8335644209794852 vs. 1.8335644209794852
list:
dist: 0.8139638436791953 vs. 0.8139638436791953
list:
dist: 1.5677344475995718 vs. 1.5677344475995718
list:
dist: 0.8207220035984386 vs. 0.8207220035984386
list:
dist: 1.6126594493246211 vs. 1.6126594493246211
list:
dist: 0.7168627778244481 vs. 0.7168627778244481
list:
dist: 0.9610018634000941 vs. 0.9610018634000941
list:
dist: 1.8367813620428186 vs. 1.8367813620428186
list:
dist: 1.561184789606092 vs. 1.561184789606092
list:
dist: 1.3432049451838235 vs. 1.3432049451838235
list:
dist: 1.0485257694196497 vs. 1.0485257694196497
list:
dist: 1.4467554462174916 vs. 1.4467554462174916
list:
dist: 0.5423917783072265 vs. 0.5423917783072265
list:
dist: 0.6808354288731713 vs. 0.6808354288731713
list:
dist: 5.1648618091168546 vs. 5.1648618091168546
list:
dist: 4.3273616903617675 vs. 4.3273616903617675
list:
dist: 4.945584821597206 vs. 4.945584821597206
list:
dist: 2.7274256510857837 vs. 2.7274256510857837
list:
dist: 2.5916869212028186 vs. 2.5916869212028186
list:
dist: 1.915902094763616 vs. 1.915902094763616
list:
dist: 1.8709952423851866 vs. 1.8709952423851866
list:
dist: 1.9362213117220854 vs. 1.9362213117220854
list:
dist: 2.1451538879882075 vs. 2.1451538879882075
list:
dist: 4.806181097807259 vs. 4.806181097807259
list:
dist: 3.874888242712815 vs. 3.874888242712815
list:
dist: 3.838805286277839 vs. 3.838805286277839
list:
dist: 3.3338518548033886 vs. 3.3338518548033886
list:
dist: 3.1743158550777837 vs. 3.1743158550777837
list:
dist: 2.7261116402246763 vs. 2.7261116402246763
list:
dist: 2.6582848182341423 vs. 2.6582848182341423
list:
dist: 3.8673528097447942 vs. 3.8673528097447942
list:
dist: 3.528943121777282 vs. 3.528943121777282
list:
dist: 4.3514346959393 vs. 4.3514346959393
list:
dist: 2.784465309932778 vs. 2.784465309932778
list:
dist: 2.173446474065705 vs. 2.173446474065705
list:
dist: 1.1054515742392 vs. 1.1054515742392
list:
dist: 1.3698316156456753 vs. 1.3698316156456753
list:
dist: 1.3673165865594554 vs. 1.3673165865594554
list:
dist: 1.207462236439238 vs. 1.207462236439238
list:
dist: 1.798036599308873 vs. 1.798036599308873
list:
dist: 2.9152083861068507 vs. 2.9152083861068507
list:
dist: 3.529641577727448 vs. 3.529641577727448
list:
dist: 2.019809725182282 vs. 2.019809725182282
list:
dist: 2.6661126742346433 vs. 2.6661126742346433
list:
dist: 3.560491896418171 vs. 3.560491896418171
list:
dist: 2.6336068804417287 vs. 2.6336068804417287
list:
dist: 1.8053537535817687 vs. 1.8053537535817687
list:
dist: 1.6318739012096184 vs. 1.6318739012096184
list:
dist: 1.880882503769888 vs. 1.880882503769888
list:
dist: 1.5728042720128126 vs. 1.5728042720128126
list:
dist: 1.1210535628443643 vs. 1.1210535628443643
list:
dist: 0.9554248736554796 vs. 0.9554248736554796
list:
dist: 1.9833178063617605 vs. 1.9833178063617605
list:
dist: 1.4759694276768744 vs. 1.4759694276768744
list:
dist: 2.0312367407602325 vs. 2.0312367407602325
list:
dist: 2.6932070725012345 vs. 2.6932070725012345
list:
dist: 1.6731566671997329 vs. 1.6731566671997329
list:
dist: 0.7415017339864749 vs. 0.7415017339864749
list:
dist: 2.013044838845996 vs. 2.013044838845996
list:
dist: 2.162634046931863 vs. 2.162634046931863
list:
dist: 3.8801678937211124 vs. 3.8801678937211124
list:
dist: 2.8165727264825167 vs. 2.8165727264825167
list:
dist: 2.5640142212383554 vs. 2.5640142212383554
list:
dist: 2.1181634698156317 vs. 2.1181634698156317
list:
dist: 2.0727504868450075 vs. 2.0727504868450075
list:
dist: 1.4109721879220103 vs. 1.4109721879220103
list:
dist: 1.3190265182251675 vs. 1.3190265182251675
list:
dist: 2.4990633491363883 vs. 2.4990633491363883
list:
dist: 2.4674783657303747 vs. 2.4674783657303747
list:
dist: 3.1436095144926464 vs. 3.1436095144926464
list:
dist: 1.6098216306268964 vs. 1.6098216306268964
list:
dist: 1.9504078959870212 vs. 1.9504078959870212
list:
dist: 1.3698316156456753 vs. 1.3698316156456753
list:
dist: 0.9450632223265631 vs. 0.9450632223265631
list:
dist: 1.5558237376074557 vs. 1.5558237376074557
list:
dist: 0.4418134073236829 vs. 0.4418134073236829
list:
dist: 2.544212313806859 vs. 2.544212313806859
list:
dist: 1.6418527370861917 vs. 1.6418527370861917
list:
dist: 2.231053266143465 vs. 2.231053266143465
list:
dist: 1.1865635340515615 vs. 1.1865635340515615
list:
dist: 2.4657578333910615 vs. 2.4657578333910615
list:
dist: 4.102421051921219 vs. 4.102421051921219
list:
dist: 2.3526543474323236 vs. 2.3526543474323236
list:
dist: 2.743513311137563 vs. 2.743513311137563
list:
dist: 2.409344309497365 vs. 2.409344309497365
list:
dist: 1.8837029189848589 vs. 1.8837029189848589
list:
dist: 2.100458870262894 vs. 2.100458870262894
list:
dist: 0.8393579910742337 vs. 0.8393579910742337
list:
dist: 1.7690948690026216 vs. 1.7690948690026216
list:
dist: 2.3113760983111216 vs. 2.3113760983111216
list:
dist: 0.9382515769906311 vs. 0.9382515769906311
list:
dist: 1.766528404912647 vs. 1.766528404912647
list:
dist: 3.0005065463757785 vs. 3.0005065463757785
list:
dist: 1.8187397958319742 vs. 1.8187397958319742
list:
dist: 1.1827437027140644 vs. 1.1827437027140644
list:
dist: 2.7570681884834296 vs. 2.7570681884834296
list:
dist: 2.9242992227050912 vs. 2.9242992227050912
list:
dist: 4.3074202658886085 vs. 4.3074202658886085
list:
dist: 3.8083292829772812 vs. 3.8083292829772812
list:
dist: 3.5409557821696693 vs. 3.5409557821696693
list:
dist: 2.910303607618934 vs. 2.910303607618934
list:
dist: 2.8318012098716516 vs. 2.8318012098716516
list:
dist: 4.13627363508788 vs. 4.13627363508788
list:
dist: 4.028576115363416 vs. 4.028576115363416
list:
dist: 4.869057486372609 vs. 4.869057486372609
list:
dist: 3.0183789988492653 vs. 3.0183789988492653
list:
dist: 2.4451067213282514 vs. 2.4451067213282514
list:
dist: 0.9554248736554796 vs. 0.9554248736554796
list:
dist: 1.5380429638298614 vs. 1.5380429638298614
list:
dist: 1.7690948690026216 vs. 1.7690948690026216
list:
dist: 0.9185615236719173 vs. 0.9185615236719173
list:
dist: 1.6845549018067403 vs. 1.6845549018067403
list:
dist: 1.1666795738809967 vs. 1.1666795738809967
list:
dist: 3.2087361711458544 vs. 3.2087361711458544
list:
dist: 3.549118212633049 vs. 3.549118212633049
list:
dist: 1.9912916883824159 vs. 1.9912916883824159
list:
dist: 2.3870372677501 vs. 2.3870372677501
list:
dist: 3.7170438493049023 vs. 3.7170438493049023
list:
dist: 1.927978189583474 vs. 1.927978189583474
list:
dist: 1.1917885887134152 vs. 1.1917885887134152
list:
dist: 0.7168627778244481 vs. 0.7168627778244481
list:
dist: 1.4871833784573891 vs. 1.4871833784573891
list:
dist: 0.9222818977674663 vs. 0.9222818977674663
list:
dist: 1.057165513142249 vs. 1.057165513142249
list:
dist: 1.2326622997616876 vs. 1.2326622997616876
list:
dist: 1.393142636184499 vs. 1.393142636184499
list:
dist: 1.473992617009752 vs. 1.473992617009752
list:
dist: 1.8479214932264665 vs. 1.8479214932264665
list:
dist: 0.9201788667811696 vs. 0.9201788667811696
list:
dist: 0.8747131721416572 vs. 0.8747131721416572
list:
dist: 1.0961866695970008 vs. 1.0961866695970008
list:
dist: 1.3323982020176495 vs. 1.3323982020176495
list:
dist: 5.251079031868974 vs. 5.251079031868974
list:
dist: 4.4785110558811985 vs. 4.4785110558811985
list:
dist: 4.921268963036489 vs. 4.921268963036489
list:
dist: 2.782618716631664 vs. 2.782618716631664
list:
dist: 2.8404620687631956 vs. 2.8404620687631956
list:
dist: 2.3706581424711857 vs. 2.3706581424711857
list:
dist: 2.2413739307036664 vs. 2.2413739307036664
list:
dist: 2.378473852608486 vs. 2.378473852608486
list:
dist: 2.2670007464972004 vs. 2.2670007464972004
list:
dist: 5.288173564435238 vs. 5.288173564435238
list:
dist: 4.855514376202192 vs. 4.855514376202192
list:
dist: 4.673011677327302 vs. 4.673011677327302
list:
dist: 3.921362915078995 vs. 3.921362915078995
list:
dist: 3.797474421645275 vs. 3.797474421645275
list:
dist: 5.036545686909687 vs. 5.036545686909687
list:
dist: 5.140286018577231 vs. 5.140286018577231
list:
dist: 5.886013682105589 vs. 5.886013682105589
list:
dist: 4.125722173447344 vs. 4.125722173447344
list:
dist: 3.621660605096806 vs. 3.621660605096806
list:
dist: 1.8053537535817687 vs. 1.8053537535817687
list:
dist: 2.6840351563359457 vs. 2.6840351563359457
list:
dist: 2.743513311137563 vs. 2.743513311137563
list:
dist: 2.049328155253171 vs. 2.049328155253171
list:
dist: 2.755822451983032 vs. 2.755822451983032
list:
dist: 1.8862862591266274 vs. 1.8862862591266274
list:
dist: 3.947015632129147 vs. 3.947015632129147
list:
dist: 4.448946518917171 vs. 4.448946518917171
list:
dist: 2.5981006172246652 vs. 2.5981006172246652
list:
dist: 2.269433101510817 vs. 2.269433101510817
list:
dist: 3.047296796264753 vs. 3.047296796264753
list:
dist: 2.3853974349624574 vs. 2.3853974349624574
list:
dist: 0.8139638436791953 vs. 0.8139638436791953
list:
dist: 1.59786855356684 vs. 1.59786855356684
list:
dist: 0.8503030124774578 vs. 0.8503030124774578
list:
dist: 2.0072321011853296 vs. 2.0072321011853296
list:
dist: 1.1917885887134152 vs. 1.1917885887134152
list:
dist: 1.1327581821244248 vs. 1.1327581821244248
list:
dist: 2.1382683406457756 vs. 2.1382683406457756
list:
dist: 1.9725829488477733 vs. 1.9725829488477733
list:
dist: 1.497641025505856 vs. 1.497641025505856
list:
dist: 1.7664560231833477 vs. 1.7664560231833477
list:
dist: 1.5910400169968828 vs. 1.5910400169968828
list:
dist: 1.226020532392424 vs. 1.226020532392424
list:
dist: 0.6176163981804366 vs. 0.6176163981804366
list:
dist: 4.537519471643718 vs. 4.537519471643718
list:
dist: 3.690141662386129 vs. 3.690141662386129
list:
dist: 4.355820809848508 vs. 4.355820809848508
list:
dist: 2.9355652084016164 vs. 2.9355652084016164
list:
dist: 2.389615921709477 vs. 2.389615921709477
list:
dist: 1.5045783887824278 vs. 1.5045783887824278
list:
dist: 1.7824943284491626 vs. 1.7824943284491626
list:
dist: 2.215584787061794 vs. 2.215584787061794
list:
dist: 2.3519958085556647 vs. 2.3519958085556647
list:
dist: 3.721922650612549 vs. 3.721922650612549
list:
dist: 3.298544720133489 vs. 3.298544720133489
list:
dist: 3.2092272180769648 vs. 3.2092272180769648
list:
dist: 2.48861412774548 vs. 2.48861412774548
list:
dist: 2.3640244523496596 vs. 2.3640244523496596
list:
dist: 3.5689170588386863 vs. 3.5689170588386863
list:
dist: 3.6198422435716693 vs. 3.6198422435716693
list:
dist: 4.310954312682732 vs. 4.310954312682732
list:
dist: 2.7069346855433714 vs. 2.7069346855433714
list:
dist: 2.5312054443539647 vs. 2.5312054443539647
list:
dist: 0.7415017339864749 vs. 0.7415017339864749
list:
dist: 1.3842243414346653 vs. 1.3842243414346653
list:
dist: 1.1827437027140644 vs. 1.1827437027140644
list:
dist: 1.342830691594454 vs. 1.342830691594454
list:
dist: 1.2593378215779931 vs. 1.2593378215779931
list:
dist: 1.9898286849350202 vs. 1.9898286849350202
list:
dist: 2.501632665495439 vs. 2.501632665495439
list:
dist: 3.1568507334438785 vs. 3.1568507334438785
list:
dist: 1.3829394608559062 vs. 1.3829394608559062
list:
dist: 1.9378327151535546 vs. 1.9378327151535546
list:
dist: 3.269763906776462 vs. 3.269763906776462
list:
dist: 2.1077112668168456 vs. 2.1077112668168456
list:
dist: 1.5910400169968828 vs. 1.5910400169968828
list:
dist: 1.4467554462174916 vs. 1.4467554462174916
list:
dist: 1.1597139676171766 vs. 1.1597139676171766
list:
dist: 1.058560808621846 vs. 1.058560808621846
list:
dist: 0.6665277464452678 vs. 0.6665277464452678
list:
dist: 0.8747131721416572 vs. 0.8747131721416572
list:
dist: 1.426843495306713 vs. 1.426843495306713
list:
dist: 0.8554219785827387 vs. 0.8554219785827387
list:
dist: 1.4080864840847844 vs. 1.4080864840847844
list:
dist: 2.175850071364389 vs. 2.175850071364389
list:
dist: 1.3766952913862835 vs. 1.3766952913862835
list:
dist: 1.9171215078017654 vs. 1.9171215078017654
list:
dist: 1.8735341523121753 vs. 1.8735341523121753
list:
dist: 4.779591708164867 vs. 4.779591708164867
list:
dist: 4.098731170328736 vs. 4.098731170328736
list:
dist: 4.346090198183465 vs. 4.346090198183465
list:
dist: 2.5661023204710127 vs. 2.5661023204710127
list:
dist: 2.6647009644740773 vs. 2.6647009644740773
list:
dist: 2.483046228352783 vs. 2.483046228352783
list:
dist: 2.2973997198177254 vs. 2.2973997198177254
list:
dist: 2.668112835439029 vs. 2.668112835439029
list:
dist: 2.1580864722598205 vs. 2.1580864722598205
list:
dist: 2.2897012556506326 vs. 2.2897012556506326
list:
dist: 1.798036599308873 vs. 1.798036599308873
list:
dist: 1.9435033297674995 vs. 1.9435033297674995
list:
dist: 2.544212313806859 vs. 2.544212313806859
list:
dist: 1.083806859357011 vs. 1.083806859357011
list:
dist: 2.31517222891956 vs. 2.31517222891956
list:
dist: 2.2798795376038052 vs. 2.2798795376038052
list:
dist: 1.8862862591266274 vs. 1.8862862591266274
list:
dist: 1.189494582518978 vs. 1.189494582518978
list:
dist: 2.5117651448250813 vs. 2.5117651448250813
list:
dist: 1.8984195713883179 vs. 1.8984195713883179
list:
dist: 1.9416736931615945 vs. 1.9416736931615945
list:
dist: 1.1666795738809967 vs. 1.1666795738809967
list:
dist: 2.0185346335672496 vs. 2.0185346335672496
list:
dist: 2.336079480218739 vs. 2.336079480218739
list:
dist: 2.2048977893829305 vs. 2.2048977893829305
list:
dist: 2.326686857958318 vs. 2.326686857958318
list:
dist: 1.266363641582436 vs. 1.266363641582436
list:
dist: 1.9898286849350202 vs. 1.9898286849350202
list:
dist: 0.9454662571308268 vs. 0.9454662571308268
list:
dist: 1.7814046771497578 vs. 1.7814046771497578
list:
dist: 4.976761487501926 vs. 4.976761487501926
list:
dist: 4.058724807215637 vs. 4.058724807215637
list:
dist: 3.8394524044405216 vs. 3.8394524044405216
list:
dist: 3.2913159103864236 vs. 3.2913159103864236
list:
dist: 2.878473083289159 vs. 2.878473083289159
list:
dist: 2.338938564961039 vs. 2.338938564961039
list:
dist: 2.3216005383779703 vs. 2.3216005383779703
list:
dist: 3.660337615163248 vs. 3.660337615163248
list:
dist: 3.44361959460413 vs. 3.44361959460413
list:
dist: 4.368534532762372 vs. 4.368534532762372
list:
dist: 2.3394343798117774 vs. 2.3394343798117774
list:
dist: 1.7664035993311613 vs. 1.7664035993311613
list:
dist: 1.3673165865594554 vs. 1.3673165865594554
list:
dist: 1.1517046825826756 vs. 1.1517046825826756
list:
dist: 1.5558237376074557 vs. 1.5558237376074557
list:
dist: 1.389573372816711 vs. 1.389573372816711
list:
dist: 1.083806859357011 vs. 1.083806859357011
list:
dist: 2.990605845544874 vs. 2.990605845544874
list:
dist: 2.9722757723526754 vs. 2.9722757723526754
list:
dist: 1.9637091835920895 vs. 1.9637091835920895
list:
dist: 2.7788626047076286 vs. 2.7788626047076286
list:
dist: 4.5283372105898065 vs. 4.5283372105898065
list:
dist: 1.6847585554249904 vs. 1.6847585554249904
list:
dist: 2.049328155253171 vs. 2.049328155253171
list:
dist: 1.353521691345161 vs. 1.353521691345161
list:
dist: 1.9011716526134066 vs. 1.9011716526134066
list:
dist: 1.6069310326575825 vs. 1.6069310326575825
list:
dist: 0.9997562295793229 vs. 0.9997562295793229
list:
dist: 0.9185615236719173 vs. 0.9185615236719173
list:
dist: 1.7130002272180997 vs. 1.7130002272180997
list:
dist: 1.4012545789007076 vs. 1.4012545789007076
list:
dist: 1.4567132595408219 vs. 1.4567132595408219
list:
dist: 2.21720994143855 vs. 2.21720994143855
list:
dist: 0.6524807386330976 vs. 0.6524807386330976
list:
dist: 1.342830691594454 vs. 1.342830691594454
list:
dist: 1.4429507431599968 vs. 1.4429507431599968
list:
dist: 2.0016052117775858 vs. 2.0016052117775858
list:
dist: 3.2477244927390787 vs. 3.2477244927390787
list:
dist: 4.048589506750512 vs. 4.048589506750512
list:
dist: 3.004466791386687 vs. 3.004466791386687
list:
dist: 2.769187738747123 vs. 2.769187738747123
list:
dist: 2.836178762934595 vs. 2.836178762934595
list:
dist: 1.7369683659452448 vs. 1.7369683659452448
list:
dist: 1.5187836089121498 vs. 1.5187836089121498
list:
dist: 2.537758567528428 vs. 2.537758567528428
list:
dist: 3.2832744365933766 vs. 3.2832744365933766
list:
dist: 3.680415155785565 vs. 3.680415155785565
list:
dist: 2.2349115655835132 vs. 2.2349115655835132
list:
dist: 2.9664221378271 vs. 2.9664221378271
list:
dist: 2.019809725182282 vs. 2.019809725182282
list:
dist: 1.99055144172016 vs. 1.99055144172016
list:
dist: 1.1865635340515615 vs. 1.1865635340515615
list:
dist: 1.9637091835920895 vs. 1.9637091835920895
list:
dist: 1.5861624906752951 vs. 1.5861624906752951
list:
dist: 1.4314891939832208 vs. 1.4314891939832208
list:
dist: 2.0768270209612005 vs. 2.0768270209612005
list:
dist: 1.4442585826717411 vs. 1.4442585826717411
list:
dist: 3.7275201288072575 vs. 3.7275201288072575
list:
dist: 1.7730384840007296 vs. 1.7730384840007296
list:
dist: 2.5981006172246652 vs. 2.5981006172246652
list:
dist: 2.3692163155029906 vs. 2.3692163155029906
list:
dist: 1.1567208285590524 vs. 1.1567208285590524
list:
dist: 1.7787003870657465 vs. 1.7787003870657465
list:
dist: 1.0622849075664162 vs. 1.0622849075664162
list:
dist: 1.9912916883824159 vs. 1.9912916883824159
list:
dist: 1.804356691288967 vs. 1.804356691288967
list:
dist: 0.6140545348471955 vs. 0.6140545348471955
list:
dist: 1.1254108175918114 vs. 1.1254108175918114
list:
dist: 2.3856118446771335 vs. 2.3856118446771335
list:
dist: 1.801755693134861 vs. 1.801755693134861
list:
dist: 1.3829394608559062 vs. 1.3829394608559062
list:
dist: 5.274631714824258 vs. 5.274631714824258
list:
dist: 5.688102589635054 vs. 5.688102589635054
list:
dist: 4.675654502174344 vs. 4.675654502174344
list:
dist: 4.1038986720680715 vs. 4.1038986720680715
list:
dist: 4.208288695031399 vs. 4.208288695031399
list:
dist: 1.652125571622187 vs. 1.652125571622187
list:
dist: 2.3363176786206994 vs. 2.3363176786206994
list:
dist: 2.791216586887645 vs. 2.791216586887645
list:
dist: 2.2615538562545354 vs. 2.2615538562545354
list:
dist: 2.550350016554896 vs. 2.550350016554896
list:
dist: 1.5680633557310826 vs. 1.5680633557310826
list:
dist: 3.237174952978609 vs. 3.237174952978609
list:
dist: 2.8806970856612817 vs. 2.8806970856612817
list:
dist: 2.8152983217575493 vs. 2.8152983217575493
list:
dist: 1.861119720599936 vs. 1.861119720599936
list:
dist: 1.6986416645148126 vs. 1.6986416645148126
list:
dist: 2.8998563623389417 vs. 2.8998563623389417
list:
dist: 3.2942254440303835 vs. 3.2942254440303835
list:
dist: 3.8777334106830685 vs. 3.8777334106830685
list:
dist: 2.2162130143008736 vs. 2.2162130143008736
list:
dist: 2.561548002783008 vs. 2.561548002783008
list:
dist: 1.4759694276768744 vs. 1.4759694276768744
list:
dist: 1.5267957910246546 vs. 1.5267957910246546
list:
dist: 0.9382515769906311 vs. 0.9382515769906311
list:
dist: 1.4012545789007076 vs. 1.4012545789007076
list:
dist: 1.2256674217759664 vs. 1.2256674217759664
list:
dist: 2.336079480218739 vs. 2.336079480218739
list:
dist: 1.876730112870494 vs. 1.876730112870494
list:
dist: 2.3804300395695175 vs. 2.3804300395695175
list:
dist: 0.6140545348471955 vs. 0.6140545348471955
list:
dist: 1.6398643880722623 vs. 1.6398643880722623
list:
dist: 3.689113442532888 vs. 3.689113442532888
list:
dist: 1.6086654375233376 vs. 1.6086654375233376
list:
dist: 2.1382683406457756 vs. 2.1382683406457756
list:
dist: 1.8367813620428186 vs. 1.8367813620428186
list:
dist: 0.9888890686794874 vs. 0.9888890686794874
list:
dist: 1.3530517665681037 vs. 1.3530517665681037
list:
dist: 0.46612657210734665 vs. 0.46612657210734665
list:
dist: 1.393142636184499 vs. 1.393142636184499
list:
dist: 1.4625126845808814 vs. 1.4625126845808814
list:
dist: 0.8985163996569571 vs. 0.8985163996569571
list:
dist: 2.127054895872821 vs. 2.127054895872821
list:
dist: 1.29394008986264 vs. 1.29394008986264
list:
dist: 0.8554219785827387 vs. 0.8554219785827387
list:
dist: 2.228900989335866 vs. 2.228900989335866
list:
dist: 2.2220143544127584 vs. 2.2220143544127584
list:
dist: 4.868545037189443 vs. 4.868545037189443
list:
dist: 4.225369341259407 vs. 4.225369341259407
list:
dist: 4.4288005792402805 vs. 4.4288005792402805
list:
dist: 1.922087192613803 vs. 1.922087192613803
list:
dist: 2.4399168279253214 vs. 2.4399168279253214
list:
dist: 2.6167935770874826 vs. 2.6167935770874826
list:
dist: 2.168832036299687 vs. 2.168832036299687
list:
dist: 2.404462019116192 vs. 2.404462019116192
list:
dist: 1.6488182000092229 vs. 1.6488182000092229
list:
dist: 3.8014788065009295 vs. 3.8014788065009295
list:
dist: 2.8155466963157134 vs. 2.8155466963157134
list:
dist: 2.6950570816810053 vs. 2.6950570816810053
list:
dist: 2.163995506609409 vs. 2.163995506609409
list:
dist: 1.9961530268562109 vs. 1.9961530268562109
list:
dist: 1.5747791573789847 vs. 1.5747791573789847
list:
dist: 1.548680462194764 vs. 1.548680462194764
list:
dist: 2.74316314891172 vs. 2.74316314891172
list:
dist: 2.3917424065468946 vs. 2.3917424065468946
list:
dist: 3.2141370537356395 vs. 3.2141370537356395
list:
dist: 1.5986523920721338 vs. 1.5986523920721338
list:
dist: 1.5556857045743286 vs. 1.5556857045743286
list:
dist: 1.207462236439238 vs. 1.207462236439238
list:
dist: 0.5233755416630217 vs. 0.5233755416630217
list:
dist: 0.4418134073236829 vs. 0.4418134073236829
list:
dist: 1.389573372816711 vs. 1.389573372816711
list:
dist: 2.31517222891956 vs. 2.31517222891956
list:
dist: 2.024762506564015 vs. 2.024762506564015
list:
dist: 2.464910562283805 vs. 2.464910562283805
list:
dist: 1.5861624906752951 vs. 1.5861624906752951
list:
dist: 2.809791016510176 vs. 2.809791016510176
list:
dist: 4.305946022518501 vs. 4.305946022518501
list:
dist: 2.5000065229053 vs. 2.5000065229053
list:
dist: 2.755822451983032 vs. 2.755822451983032
list:
dist: 2.36773445035356 vs. 2.36773445035356
list:
dist: 2.137610988556662 vs. 2.137610988556662
list:
dist: 2.2027579468991 vs. 2.2027579468991
list:
dist: 0.9572855557149377 vs. 0.9572855557149377
list:
dist: 1.6845549018067403 vs. 1.6845549018067403
list:
dist: 2.4448233883731314 vs. 2.4448233883731314
list:
dist: 1.2256674217759664 vs. 1.2256674217759664
list:
dist: 1.9725157645633413 vs. 1.9725157645633413
list:
dist: 3.1304966430485766 vs. 3.1304966430485766
list:
dist: 1.798840593098534 vs. 1.798840593098534
list:
dist: 1.2593378215779931 vs. 1.2593378215779931
list:
dist: 2.668152402851285 vs. 2.668152402851285
list:
dist: 2.9460163633863585 vs. 2.9460163633863585
list:
dist: 4.575329053734131 vs. 4.575329053734131
list:
dist: 4.182106916384204 vs. 4.182106916384204
list:
dist: 4.033141512174138 vs. 4.033141512174138
list:
dist: 3.168774564545253 vs. 3.168774564545253
list:
dist: 3.026745222934276 vs. 3.026745222934276
list:
dist: 4.243683070693548 vs. 4.243683070693548
list:
dist: 4.5260072583746 vs. 4.5260072583746
list:
dist: 5.201004206379963 vs. 5.201004206379963
list:
dist: 3.4416647792230255 vs. 3.4416647792230255
list:
dist: 3.248669513485558 vs. 3.248669513485558
list:
dist: 1.5728042720128126 vs. 1.5728042720128126
list:
dist: 2.2435034581052564 vs. 2.2435034581052564
list:
dist: 2.100458870262894 vs. 2.100458870262894
list:
dist: 1.6069310326575825 vs. 1.6069310326575825
list:
dist: 2.2027579468991 vs. 2.2027579468991
list:
dist: 1.8984195713883179 vs. 1.8984195713883179
list:
dist: 3.1691618503158394 vs. 3.1691618503158394
list:
dist: 3.6329854685851846 vs. 3.6329854685851846
list:
dist: 1.7787003870657465 vs. 1.7787003870657465
list:
dist: 1.616171348828946 vs. 1.616171348828946
list:
dist: 3.1601251927628593 vs. 3.1601251927628593
list:
dist: 1.6987806410753958 vs. 1.6987806410753958
list:
dist: 0.8503030124774578 vs. 0.8503030124774578
list:
dist: 0.8207220035984386 vs. 0.8207220035984386
list:
dist: 0.8009580066567343 vs. 0.8009580066567343
list:
dist: 1.3199248460541764 vs. 1.3199248460541764
list:
dist: 0.9222818977674663 vs. 0.9222818977674663
list:
dist: 0.4841290697497572 vs. 0.4841290697497572
list:
dist: 1.3530517665681037 vs. 1.3530517665681037
list:
dist: 1.156032771316381 vs. 1.156032771316381
list:
dist: 1.188036397373705 vs. 1.188036397373705
list:
dist: 1.2198078497693927 vs. 1.2198078497693927
list:
dist: 1.058560808621846 vs. 1.058560808621846
list:
dist: 1.32675349747898 vs. 1.32675349747898
list:
dist: 0.9273193364510289 vs. 0.9273193364510289
list:
dist: 4.458714018035425 vs. 4.458714018035425
list:
dist: 3.6572043160053744 vs. 3.6572043160053744
list:
dist: 4.199034688678949 vs. 4.199034688678949
list:
dist: 2.1799977812461426 vs. 2.1799977812461426
list:
dist: 1.9449568079978008 vs. 1.9449568079978008
list:
dist: 1.5069942812491932 vs. 1.5069942812491932
list:
dist: 1.3823741677801586 vs. 1.3823741677801586
list:
dist: 1.8022851147481798 vs. 1.8022851147481798
list:
dist: 1.6223535232308843 vs. 1.6223535232308843
list:
dist: 3.5819705679520313 vs. 3.5819705679520313
list:
dist: 3.2822253114760627 vs. 3.2822253114760627
list:
dist: 4.109428392414511 vs. 4.109428392414511
list:
dist: 4.2434539190843 vs. 4.2434539190843
list:
dist: 3.8934092009271586 vs. 3.8934092009271586
list:
dist: 3.6072523043915825 vs. 3.6072523043915825
list:
dist: 2.6146272948419194 vs. 2.6146272948419194
list:
dist: 2.507343355828639 vs. 2.507343355828639
list:
dist: 3.65208690251226 vs. 3.65208690251226
list:
dist: 4.242987793355498 vs. 4.242987793355498
list:
dist: 4.873206448572875 vs. 4.873206448572875
list:
dist: 2.9144445965266437 vs. 2.9144445965266437
list:
dist: 3.1947499805649664 vs. 3.1947499805649664
list:
dist: 2.6336068804417287 vs. 2.6336068804417287
list:
dist: 2.571408967046121 vs. 2.571408967046121
list:
dist: 2.3526543474323236 vs. 2.3526543474323236
list:
dist: 1.6847585554249904 vs. 1.6847585554249904
list:
dist: 2.5000065229053 vs. 2.5000065229053
list:
dist: 2.2798795376038052 vs. 2.2798795376038052
list:
dist: 2.978751137242103 vs. 2.978751137242103
list:
dist: 2.7042703460243076 vs. 2.7042703460243076
list:
dist: 1.7730384840007296 vs. 1.7730384840007296
list:
dist: 2.0758346093400677 vs. 2.0758346093400677
list:
dist: 2.3853974349624574 vs. 2.3853974349624574
list:
dist: 1.8335644209794852 vs. 1.8335644209794852
list:
dist: 1.5545342209476787 vs. 1.5545342209476787
list:
dist: 1.6987806410753958 vs. 1.6987806410753958
list:
dist: 1.695692440174399 vs. 1.695692440174399
list:
dist: 1.927978189583474 vs. 1.927978189583474
list:
dist: 1.3418990111238176 vs. 1.3418990111238176
list:
dist: 1.6086654375233376 vs. 1.6086654375233376
list:
dist: 0.780722193435903 vs. 0.780722193435903
list:
dist: 1.3919691050492549 vs. 1.3919691050492549
list:
dist: 1.1232671061212762 vs. 1.1232671061212762
list:
dist: 2.1077112668168456 vs. 2.1077112668168456
list:
dist: 1.9031086423045802 vs. 1.9031086423045802
list:
dist: 2.0291218010127783 vs. 2.0291218010127783
list:
dist: 1.3961736152465711 vs. 1.3961736152465711
list:
dist: 2.2277757358789394 vs. 2.2277757358789394
list:
dist: 2.4022706916894876 vs. 2.4022706916894876
list:
dist: 1.7061095098383312 vs. 1.7061095098383312
list:
dist: 1.1962929228913302 vs. 1.1962929228913302
list:
dist: 1.06069894911934 vs. 1.06069894911934
list:
dist: 3.888038078580573 vs. 3.888038078580573
list:
dist: 3.5452076364994674 vs. 3.5452076364994674
list:
dist: 3.3721677444719247 vs. 3.3721677444719247
list:
dist: 2.3466594914274603 vs. 2.3466594914274603
list:
dist: 2.198253518391911 vs. 2.198253518391911
list:
dist: 3.3831872373068617 vs. 3.3831872373068617
list:
dist: 3.941056987449473 vs. 3.941056987449473
list:
dist: 4.538052751769776 vs. 4.538052751769776
list:
dist: 2.7013866358857763 vs. 2.7013866358857763
list:
dist: 2.989781558774348 vs. 2.989781558774348
list:
dist: 2.0312367407602325 vs. 2.0312367407602325
list:
dist: 2.1284489266484656 vs. 2.1284489266484656
list:
dist: 1.766528404912647 vs. 1.766528404912647
list:
dist: 1.4567132595408219 vs. 1.4567132595408219
list:
dist: 1.9725157645633413 vs. 1.9725157645633413
list:
dist: 2.2048977893829305 vs. 2.2048977893829305
list:
dist: 2.488490211143669 vs. 2.488490211143669
list:
dist: 2.61385266817539 vs. 2.61385266817539
list:
dist: 1.1254108175918114 vs. 1.1254108175918114
list:
dist: 1.5142726838418046 vs. 1.5142726838418046
list:
dist: 3.9440071803005052 vs. 3.9440071803005052
list:
dist: 0.780722193435903 vs. 0.780722193435903
list:
dist: 1.9725829488477733 vs. 1.9725829488477733
list:
dist: 1.561184789606092 vs. 1.561184789606092
list:
dist: 0.850734467330513 vs. 0.850734467330513
list:
dist: 1.156032771316381 vs. 1.156032771316381
list:
dist: 1.0711779320212051 vs. 1.0711779320212051
list:
dist: 1.473992617009752 vs. 1.473992617009752
list:
dist: 0.9456576805332206 vs. 0.9456576805332206
list:
dist: 0.8985163996569571 vs. 0.8985163996569571
list:
dist: 1.3909269308634125 vs. 1.3909269308634125
list:
dist: 0.9650795620119859 vs. 0.9650795620119859
list:
dist: 1.4080864840847844 vs. 1.4080864840847844
list:
dist: 1.8439425778691252 vs. 1.8439425778691252
list:
dist: 1.806587197459163 vs. 1.806587197459163
list:
dist: 4.904925565112391 vs. 4.904925565112391
list:
dist: 4.177990037466657 vs. 4.177990037466657
list:
dist: 4.6008369273684835 vs. 4.6008369273684835
list:
dist: 1.3567185361680218 vs. 1.3567185361680218
list:
dist: 1.9621085604686472 vs. 1.9621085604686472
list:
dist: 2.1386073292368937 vs. 2.1386073292368937
list:
dist: 1.5304770756776722 vs. 1.5304770756776722
list:
dist: 1.5322906228616289 vs. 1.5322906228616289
list:
dist: 0.9393930813843141 vs. 0.9393930813843141
list:
dist: 4.120352101770315 vs. 4.120352101770315
list:
dist: 3.640334393904818 vs. 3.640334393904818
list:
dist: 3.286984776546028 vs. 3.286984776546028
list:
dist: 2.537371206202112 vs. 2.537371206202112
list:
dist: 2.4717427103500973 vs. 2.4717427103500973
list:
dist: 3.7891933523280885 vs. 3.7891933523280885
list:
dist: 3.879741945495416 vs. 3.879741945495416
list:
dist: 4.702125264287133 vs. 4.702125264287133
list:
dist: 2.6720434880607673 vs. 2.6720434880607673
list:
dist: 2.3896335042210373 vs. 2.3896335042210373
list:
dist: 1.6731566671997329 vs. 1.6731566671997329
list:
dist: 1.7021288571562052 vs. 1.7021288571562052
list:
dist: 1.8187397958319742 vs. 1.8187397958319742
list:
dist: 0.6524807386330976 vs. 0.6524807386330976
list:
dist: 1.798840593098534 vs. 1.798840593098534
list:
dist: 1.266363641582436 vs. 1.266363641582436
list:
dist: 3.0334226565875504 vs. 3.0334226565875504
list:
dist: 3.0038979352814845 vs. 3.0038979352814845
list:
dist: 1.801755693134861 vs. 1.801755693134861
list:
dist: 2.3527675240398973 vs. 2.3527675240398973
list:
dist: 4.326819208714769 vs. 4.326819208714769
list:
dist: 1.1232671061212762 vs. 1.1232671061212762
list:
dist: 1.7664560231833477 vs. 1.7664560231833477
list:
dist: 1.0485257694196497 vs. 1.0485257694196497
list:
dist: 1.4959499778492298 vs. 1.4959499778492298
list:
dist: 1.2198078497693927 vs. 1.2198078497693927
list:
dist: 1.0586669679990508 vs. 1.0586669679990508
list:
dist: 0.9201788667811696 vs. 0.9201788667811696
list:
dist: 1.171502880652898 vs. 1.171502880652898
list:
dist: 1.29394008986264 vs. 1.29394008986264
list:
dist: 0.9650795620119859 vs. 0.9650795620119859
list:
dist: 1.5956497361617932 vs. 1.5956497361617932
list:
dist: 1.3766952913862835 vs. 1.3766952913862835
list:
dist: 1.1578947224856897 vs. 1.1578947224856897
list:
dist: 1.5773290257998789 vs. 1.5773290257998789
list:
dist: 5.578653046247512 vs. 5.578653046247512
list:
dist: 4.801398575697427 vs. 4.801398575697427
list:
dist: 5.279698938141591 vs. 5.279698938141591
list:
dist: 2.269033585225448 vs. 2.269033585225448
list:
dist: 2.715809203033679 vs. 2.715809203033679
list:
dist: 2.486720200388337 vs. 2.486720200388337
list:
dist: 2.0783883649446206 vs. 2.0783883649446206
list:
dist: 1.863735081301817 vs. 1.863735081301817
list:
dist: 1.8038062973353117 vs. 1.8038062973353117
list:
dist: 4.1285640022621815 vs. 4.1285640022621815
list:
dist: 3.8323716393416984 vs. 3.8323716393416984
list:
dist: 3.797774839973943 vs. 3.797774839973943
list:
dist: 2.7812281852161873 vs. 2.7812281852161873
list:
dist: 2.5950381448236595 vs. 2.5950381448236595
list:
dist: 3.690624772019059 vs. 3.690624772019059
list:
dist: 4.275494978642237 vs. 4.275494978642237
list:
dist: 4.790576974495739 vs. 4.790576974495739
list:
dist: 3.180245807422574 vs. 3.180245807422574
list:
dist: 3.4092643729494627 vs. 3.4092643729494627
list:
dist: 1.880882503769888 vs. 1.880882503769888
list:
dist: 2.3524594343380865 vs. 2.3524594343380865
list:
dist: 1.8837029189848589 vs. 1.8837029189848589
list:
dist: 1.9011716526134066 vs. 1.9011716526134066
list:
dist: 2.137610988556662 vs. 2.137610988556662
list:
dist: 2.5117651448250813 vs. 2.5117651448250813
list:
dist: 2.5594304290772216 vs. 2.5594304290772216
list:
dist: 3.1224235425143307 vs. 3.1224235425143307
list:
dist: 1.1567208285590524 vs. 1.1567208285590524
list:
dist: 0.9103146709808174 vs. 0.9103146709808174
list:
dist: 3.0957115690362205 vs. 3.0957115690362205
list:
dist: 1.5545342209476787 vs. 1.5545342209476787
list:
dist: 1.59786855356684 vs. 1.59786855356684
list:
dist: 1.5677344475995718 vs. 1.5677344475995718
list:
dist: 0.8009580066567343 vs. 0.8009580066567343
list:
dist: 1.240512536239461 vs. 1.240512536239461
list:
dist: 1.4871833784573891 vs. 1.4871833784573891
list:
dist: 0.7986706461907156 vs. 0.7986706461907156
list:
dist: 0.9888890686794874 vs. 0.9888890686794874
list:
dist: 0.850734467330513 vs. 0.850734467330513
list:
dist: 1.4165103604171143 vs. 1.4165103604171143
list:
dist: 1.4959499778492298 vs. 1.4959499778492298
list:
dist: 1.1597139676171766 vs. 1.1597139676171766
list:
dist: 2.022415415057603 vs. 2.022415415057603
list:
dist: 1.6376092846071821 vs. 1.6376092846071821
list:
dist: 4.1286333084505245 vs. 4.1286333084505245
list:
dist: 3.402035413206144 vs. 3.402035413206144
list:
dist: 3.811256751504388 vs. 3.811256751504388
list:
dist: 1.5627436017450465 vs. 1.5627436017450465
list:
dist: 1.5338278509721412 vs. 1.5338278509721412
list:
dist: 1.660285778600074 vs. 1.660285778600074
list:
dist: 1.26323849158843 vs. 1.26323849158843
list:
dist: 1.8095750706413023 vs. 1.8095750706413023
list:
dist: 1.1210838131690144 vs. 1.1210838131690144
list:
dist: 2.825633547294945 vs. 2.825633547294945
list:
dist: 2.9554281045545414 vs. 2.9554281045545414
list:
dist: 1.5680633557310826 vs. 1.5680633557310826
list:
dist: 1.1776483216859552 vs. 1.1776483216859552
list:
dist: 3.9073172521728816 vs. 3.9073172521728816
list:
dist: 1.06069894911934 vs. 1.06069894911934
list:
dist: 2.3519958085556647 vs. 2.3519958085556647
list:
dist: 2.1451538879882075 vs. 2.1451538879882075
list:
dist: 1.1210838131690144 vs. 1.1210838131690144
list:
dist: 1.6223535232308843 vs. 1.6223535232308843
list:
dist: 1.9491484785739825 vs. 1.9491484785739825
list:
dist: 2.2670007464972004 vs. 2.2670007464972004
list:
dist: 1.2463436523733273 vs. 1.2463436523733273
list:
dist: 1.6488182000092229 vs. 1.6488182000092229
list:
dist: 0.9393930813843141 vs. 0.9393930813843141
list:
dist: 1.2853374263470043 vs. 1.2853374263470043
list:
dist: 1.8038062973353117 vs. 1.8038062973353117
list:
dist: 2.1580864722598205 vs. 2.1580864722598205
list:
dist: 2.402643177384067 vs. 2.402643177384067
list:
dist: 2.0974265869617863 vs. 2.0974265869617863
list:
dist: 4.449205230363114 vs. 4.449205230363114
list:
dist: 3.731878754362584 vs. 3.731878754362584
list:
dist: 4.249471215832081 vs. 4.249471215832081
list:
dist: 0.6046047679753189 vs. 0.6046047679753189
list:
dist: 1.251657849454072 vs. 1.251657849454072
list:
dist: 1.8422196838485578 vs. 1.8422196838485578
list:
dist: 1.0502161646196997 vs. 1.0502161646196997
list:
dist: 1.155152970802793 vs. 1.155152970802793
list:
dist: 4.829731308817113 vs. 4.829731308817113
list:
dist: 3.0631083195653 vs. 3.0631083195653
list:
dist: 2.013044838845996 vs. 2.013044838845996
list:
dist: 2.448725045660889 vs. 2.448725045660889
list:
dist: 2.7570681884834296 vs. 2.7570681884834296
list:
dist: 1.4429507431599968 vs. 1.4429507431599968
list:
dist: 2.668152402851285 vs. 2.668152402851285
list:
dist: 0.9454662571308268 vs. 0.9454662571308268
list:
dist: 1.9031086423045802 vs. 1.9031086423045802
list:
dist: 1.226020532392424 vs. 1.226020532392424
list:
dist: 0.5423917783072265 vs. 0.5423917783072265
list:
dist: 2.022415415057603 vs. 2.022415415057603
list:
dist: 1.32675349747898 vs. 1.32675349747898
list:
dist: 1.9726502297830957 vs. 1.9726502297830957
list:
dist: 1.0961866695970008 vs. 1.0961866695970008
list:
dist: 1.3344639057988035 vs. 1.3344639057988035
list:
dist: 2.228900989335866 vs. 2.228900989335866
list:
dist: 1.8439425778691252 vs. 1.8439425778691252
list:
dist: 1.4793977615759955 vs. 1.4793977615759955
list:
dist: 1.1578947224856897 vs. 1.1578947224856897
list:
dist: 1.9171215078017654 vs. 1.9171215078017654
list:
dist: 0.904711238042643 vs. 0.904711238042643
list:
dist: 2.9790064201695046 vs. 2.9790064201695046
list:
dist: 2.925413145476518 vs. 2.925413145476518
list:
dist: 2.207354562514222 vs. 2.207354562514222
list:
dist: 2.1411136785514397 vs. 2.1411136785514397
list:
dist: 1.962936431617695 vs. 1.962936431617695
list:
dist: 2.402643177384067 vs. 2.402643177384067
list:
dist: 3.700211277412271 vs. 3.700211277412271
list:
dist: 2.162634046931863 vs. 2.162634046931863
list:
dist: 2.858525383136181 vs. 2.858525383136181
list:
dist: 2.9242992227050912 vs. 2.9242992227050912
list:
dist: 2.0016052117775858 vs. 2.0016052117775858
list:
dist: 2.9460163633863585 vs. 2.9460163633863585
list:
dist: 1.7814046771497578 vs. 1.7814046771497578
list:
dist: 2.0291218010127783 vs. 2.0291218010127783
list:
dist: 0.6176163981804366 vs. 0.6176163981804366
list:
dist: 0.6808354288731713 vs. 0.6808354288731713
list:
dist: 1.6376092846071821 vs. 1.6376092846071821
list:
dist: 0.9273193364510289 vs. 0.9273193364510289
list:
dist: 2.111424382031353 vs. 2.111424382031353
list:
dist: 1.3323982020176495 vs. 1.3323982020176495
list:
dist: 0.9278349540729394 vs. 0.9278349540729394
list:
dist: 2.2220143544127584 vs. 2.2220143544127584
list:
dist: 1.806587197459163 vs. 1.806587197459163
list:
dist: 1.017934919315421 vs. 1.017934919315421
list:
dist: 1.5773290257998789 vs. 1.5773290257998789
list:
dist: 1.8735341523121753 vs. 1.8735341523121753
list:
dist: 0.904711238042643 vs. 0.904711238042643
list:
dist: 2.7014523768803422 vs. 2.7014523768803422
list:
dist: 2.2455677247193964 vs. 2.2455677247193964
list:
dist: 1.350718538412245 vs. 1.350718538412245
list:
dist: 1.5015692705813168 vs. 1.5015692705813168
list:
dist: 1.7093627559320532 vs. 1.7093627559320532
list:
dist: 2.0974265869617863 vs. 2.0974265869617863
list:
dist: 3.881166602003293 vs. 3.881166602003293
list:
dist: 3.7952874820847162 vs. 3.7952874820847162
list:
dist: 2.550350016554896 vs. 2.550350016554896
list:
dist: 2.0942621346207053 vs. 2.0942621346207053
list:
dist: 4.373608654721709 vs. 4.373608654721709
list:
dist: 1.1962929228913302 vs. 1.1962929228913302
list:
dist: 2.215584787061794 vs. 2.215584787061794
list:
dist: 1.9362213117220854 vs. 1.9362213117220854
list:
dist: 1.8095750706413023 vs. 1.8095750706413023
list:
dist: 1.8022851147481798 vs. 1.8022851147481798
list:
dist: 2.519455126509312 vs. 2.519455126509312
list:
dist: 2.378473852608486 vs. 2.378473852608486
list:
dist: 1.3214629064953503 vs. 1.3214629064953503
list:
dist: 2.404462019116192 vs. 2.404462019116192
list:
dist: 1.5322906228616289 vs. 1.5322906228616289
list:
dist: 0.7267094388426585 vs. 0.7267094388426585
list:
dist: 1.863735081301817 vs. 1.863735081301817
list:
dist: 2.668112835439029 vs. 2.668112835439029
list:
dist: 1.962936431617695 vs. 1.962936431617695
list:
dist: 1.7093627559320532 vs. 1.7093627559320532
list:
dist: 4.964636551147406 vs. 4.964636551147406
list:
dist: 4.139337186923396 vs. 4.139337186923396
list:
dist: 4.914116733350092 vs. 4.914116733350092
list:
dist: 1.5967296602683267 vs. 1.5967296602683267
list:
dist: 1.676629295058855 vs. 1.676629295058855
list:
dist: 1.6487724080434585 vs. 1.6487724080434585
list:
dist: 1.027824371391823 vs. 1.027824371391823
list:
dist: 1.155152970802793 vs. 1.155152970802793
list:
dist: 5.186421712682058 vs. 5.186421712682058
list:
dist: 4.366562149690076 vs. 4.366562149690076
list:
dist: 5.234161121813654 vs. 5.234161121813654
list:
dist: 4.332974801196177 vs. 4.332974801196177
list:
dist: 4.173511151616092 vs. 4.173511151616092
list:
dist: 4.280288603662777 vs. 4.280288603662777
list:
dist: 3.1612338080811657 vs. 3.1612338080811657
list:
dist: 2.9349096240187986 vs. 2.9349096240187986
list:
dist: 3.7814078172300833 vs. 3.7814078172300833
list:
dist: 4.7111240073726295 vs. 4.7111240073726295
list:
dist: 5.018345581097806 vs. 5.018345581097806
list:
dist: 3.6708389545845512 vs. 3.6708389545845512
list:
dist: 4.193187881583754 vs. 4.193187881583754
list:
dist: 2.6661126742346433 vs. 2.6661126742346433
list:
dist: 3.121338506907237 vs. 3.121338506907237
list:
dist: 2.4657578333910615 vs. 2.4657578333910615
list:
dist: 2.7788626047076286 vs. 2.7788626047076286
list:
dist: 2.809791016510176 vs. 2.809791016510176
list:
dist: 2.589782887416111 vs. 2.589782887416111
list:
dist: 3.311516829001946 vs. 3.311516829001946
list:
dist: 1.4442585826717411 vs. 1.4442585826717411
list:
dist: 2.8541427757891773 vs. 2.8541427757891773
list:
dist: 2.0758346093400677 vs. 2.0758346093400677
list:
dist: 2.269433101510817 vs. 2.269433101510817
list:
dist: 2.408530708315935 vs. 2.408530708315935
list:
dist: 0.9103146709808174 vs. 0.9103146709808174
list:
dist: 1.616171348828946 vs. 1.616171348828946
list:
dist: 2.0194876186512807 vs. 2.0194876186512807
list:
dist: 2.3870372677501 vs. 2.3870372677501
list:
dist: 1.5256473530899926 vs. 1.5256473530899926
list:
dist: 1.6398643880722623 vs. 1.6398643880722623
list:
dist: 1.5142726838418046 vs. 1.5142726838418046
list:
dist: 1.865798640281811 vs. 1.865798640281811
list:
dist: 2.3527675240398973 vs. 2.3527675240398973
list:
dist: 1.9378327151535546 vs. 1.9378327151535546
list:
dist: 4.320210078480874 vs. 4.320210078480874
list:
dist: 4.6951769865922826 vs. 4.6951769865922826
list:
dist: 3.441671409052118 vs. 3.441671409052118
list:
dist: 2.78842541601256 vs. 2.78842541601256
list:
dist: 3.1404657153089803 vs. 3.1404657153089803
list:
dist: 1.348096397865712 vs. 1.348096397865712
list:
dist: 1.0277812654519498 vs. 1.0277812654519498
list:
dist: 1.734642813474144 vs. 1.734642813474144
list:
dist: 1.324329471200323 vs. 1.324329471200323
list:
dist: 2.0942621346207053 vs. 2.0942621346207053
list:
dist: 1.1776483216859552 vs. 1.1776483216859552
list:
dist: 4.683753221364782 vs. 4.683753221364782
list:
dist: 4.312513819905141 vs. 4.312513819905141
list:
dist: 4.139389438309153 vs. 4.139389438309153
list:
dist: 3.2009502742440854 vs. 3.2009502742440854
list:
dist: 3.05482326699141 vs. 3.05482326699141
list:
dist: 4.255150158204904 vs. 4.255150158204904
list:
dist: 4.675676939183409 vs. 4.675676939183409
list:
dist: 5.325648624576481 vs. 5.325648624576481
list:
dist: 3.505379229565843 vs. 3.505379229565843
list:
dist: 3.4320729680543 vs. 3.4320729680543
list:
dist: 1.9833178063617605 vs. 1.9833178063617605
list:
dist: 2.498653825827495 vs. 2.498653825827495
list:
dist: 2.3113760983111216 vs. 2.3113760983111216
list:
dist: 1.7130002272180997 vs. 1.7130002272180997
list:
dist: 2.4448233883731314 vs. 2.4448233883731314
list:
dist: 2.0185346335672496 vs. 2.0185346335672496
list:
dist: 3.234062197811093 vs. 3.234062197811093
list:
dist: 3.548886015169344 vs. 3.548886015169344
list:
dist: 1.804356691288967 vs. 1.804356691288967
list:
dist: 1.5256473530899926 vs. 1.5256473530899926
list:
dist: 3.4287195994144204 vs. 3.4287195994144204
list:
dist: 1.3418990111238176 vs. 1.3418990111238176
list:
dist: 1.1327581821244248 vs. 1.1327581821244248
list:
dist: 0.9610018634000941 vs. 0.9610018634000941
list:
dist: 0.7986706461907156 vs. 0.7986706461907156
list:
dist: 0.4841290697497572 vs. 0.4841290697497572
list:
dist: 1.5020041152163104 vs. 1.5020041152163104
list:
dist: 1.2326622997616876 vs. 1.2326622997616876
list:
dist: 1.4625126845808814 vs. 1.4625126845808814
list:
dist: 0.9456576805332206 vs. 0.9456576805332206
list:
dist: 0.7531673556038742 vs. 0.7531673556038742
list:
dist: 1.171502880652898 vs. 1.171502880652898
list:
dist: 1.426843495306713 vs. 1.426843495306713
list:
dist: 1.3344639057988035 vs. 1.3344639057988035
list:
dist: 0.9278349540729394 vs. 0.9278349540729394
list:
dist: 4.515347576508391 vs. 4.515347576508391
list:
dist: 3.6973531464999185 vs. 3.6973531464999185
list:
dist: 4.309009320364923 vs. 4.309009320364923
list:
dist: 1.8381335172604043 vs. 1.8381335172604043
list:
dist: 1.6775677502949111 vs. 1.6775677502949111
list:
dist: 1.33881777166273 vs. 1.33881777166273
list:
dist: 1.015030429280437 vs. 1.015030429280437
list:
dist: 1.3214629064953503 vs. 1.3214629064953503
list:
dist: 1.2463436523733273 vs. 1.2463436523733273
list:
dist: 2.6645232931262552 vs. 2.6645232931262552
list:
dist: 2.7212099499730598 vs. 2.7212099499730598
list:
dist: 1.652125571622187 vs. 1.652125571622187
list:
dist: 1.348096397865712 vs. 1.348096397865712
list:
dist: 1.3961736152465711 vs. 1.3961736152465711
list:
dist: 2.9355652084016164 vs. 2.9355652084016164
list:
dist: 2.7274256510857837 vs. 2.7274256510857837
list:
dist: 1.5627436017450465 vs. 1.5627436017450465
list:
dist: 2.1799977812461426 vs. 2.1799977812461426
list:
dist: 2.288297955034025 vs. 2.288297955034025
list:
dist: 2.782618716631664 vs. 2.782618716631664
list:
dist: 1.8381335172604043 vs. 1.8381335172604043
list:
dist: 1.922087192613803 vs. 1.922087192613803
list:
dist: 1.3567185361680218 vs. 1.3567185361680218
list:
dist: 1.864288030325329 vs. 1.864288030325329
list:
dist: 2.269033585225448 vs. 2.269033585225448
list:
dist: 2.5661023204710127 vs. 2.5661023204710127
list:
dist: 2.9790064201695046 vs. 2.9790064201695046
list:
dist: 2.7014523768803422 vs. 2.7014523768803422
list:
dist: 1.4633857244777937 vs. 1.4633857244777937
list:
dist: 2.3303681672947283 vs. 2.3303681672947283
list:
dist: 1.5434548673076205 vs. 1.5434548673076205
list:
dist: 1.5967296602683267 vs. 1.5967296602683267
list:
dist: 0.6046047679753189 vs. 0.6046047679753189
list:
dist: 4.162543256323393 vs. 4.162543256323393
list:
dist: 4.647578440490568 vs. 4.647578440490568
list:
dist: 2.791216586887645 vs. 2.791216586887645
list:
dist: 1.734642813474144 vs. 1.734642813474144
list:
dist: 2.913283070261756 vs. 2.913283070261756
list:
dist: 2.4022706916894876 vs. 2.4022706916894876
list:
dist: 1.5045783887824278 vs. 1.5045783887824278
list:
dist: 1.915902094763616 vs. 1.915902094763616
list:
dist: 1.660285778600074 vs. 1.660285778600074
list:
dist: 1.5069942812491932 vs. 1.5069942812491932
list:
dist: 2.7433526440071105 vs. 2.7433526440071105
list:
dist: 2.3706581424711857 vs. 2.3706581424711857
list:
dist: 1.33881777166273 vs. 1.33881777166273
list:
dist: 2.6167935770874826 vs. 2.6167935770874826
list:
dist: 2.1386073292368937 vs. 2.1386073292368937
list:
dist: 1.1397023338996777 vs. 1.1397023338996777
list:
dist: 2.486720200388337 vs. 2.486720200388337
list:
dist: 2.483046228352783 vs. 2.483046228352783
list:
dist: 2.207354562514222 vs. 2.207354562514222
list:
dist: 1.350718538412245 vs. 1.350718538412245
list:
dist: 3.655057548120146 vs. 3.655057548120146
list:
dist: 2.757827647700162 vs. 2.757827647700162
list:
dist: 3.6718915654965807 vs. 3.6718915654965807
list:
dist: 2.3303681672947283 vs. 2.3303681672947283
list:
dist: 1.2151803146533104 vs. 1.2151803146533104
list:
dist: 0.8188491567206688 vs. 0.8188491567206688
list:
dist: 1.6487724080434585 vs. 1.6487724080434585
list:
dist: 1.8422196838485578 vs. 1.8422196838485578
list:
dist: 3.9388968180681445 vs. 3.9388968180681445
list:
dist: 3.627962893722182 vs. 3.627962893722182
list:
dist: 3.950412749883938 vs. 3.950412749883938
list:
dist: 2.2615538562545354 vs. 2.2615538562545354
list:
dist: 1.324329471200323 vs. 1.324329471200323
list:
dist: 3.3756298523029216 vs. 3.3756298523029216
list:
dist: 1.7061095098383312 vs. 1.7061095098383312
list:
dist: 1.7824943284491626 vs. 1.7824943284491626
list:
dist: 1.8709952423851866 vs. 1.8709952423851866
list:
dist: 1.26323849158843 vs. 1.26323849158843
list:
dist: 1.3823741677801586 vs. 1.3823741677801586
list:
dist: 2.3645296800270756 vs. 2.3645296800270756
list:
dist: 2.2413739307036664 vs. 2.2413739307036664
list:
dist: 1.015030429280437 vs. 1.015030429280437
list:
dist: 2.168832036299687 vs. 2.168832036299687
list:
dist: 1.5304770756776722 vs. 1.5304770756776722
list:
dist: 0.7515415133756314 vs. 0.7515415133756314
list:
dist: 2.0783883649446206 vs. 2.0783883649446206
list:
dist: 2.2973997198177254 vs. 2.2973997198177254
list:
dist: 2.1411136785514397 vs. 2.1411136785514397
list:
dist: 1.5015692705813168 vs. 1.5015692705813168
list:
dist: 3.975152038108007 vs. 3.975152038108007
list:
dist: 3.1428509619121128 vs. 3.1428509619121128
list:
dist: 3.912385710271968 vs. 3.912385710271968
list:
dist: 1.5434548673076205 vs. 1.5434548673076205
list:
dist: 0.8276861866626125 vs. 0.8276861866626125
list:
dist: 0.8188491567206688 vs. 0.8188491567206688
list:
dist: 1.027824371391823 vs. 1.027824371391823
list:
dist: 1.0502161646196997 vs. 1.0502161646196997
list:
dist: 4.274384636685059 vs. 4.274384636685059
list:
dist: 5.273570801658815 vs. 5.273570801658815
list:
dist: 4.917643086144144 vs. 4.917643086144144
list:
dist: 4.70229447113752 vs. 4.70229447113752
list:
dist: 3.7294955739689435 vs. 3.7294955739689435
list:
dist: 3.588223878608512 vs. 3.588223878608512
list:
dist: 4.754530566023457 vs. 4.754530566023457
list:
dist: 5.279946752602499 vs. 5.279946752602499
list:
dist: 5.922777607766446 vs. 5.922777607766446
list:
dist: 4.039569457115635 vs. 4.039569457115635
list:
dist: 3.977414612551256 vs. 3.977414612551256
list:
dist: 2.6932070725012345 vs. 2.6932070725012345
list:
dist: 3.153491219224817 vs. 3.153491219224817
list:
dist: 3.0005065463757785 vs. 3.0005065463757785
list:
dist: 2.21720994143855 vs. 2.21720994143855
list:
dist: 3.1304966430485766 vs. 3.1304966430485766
list:
dist: 2.326686857958318 vs. 2.326686857958318
list:
dist: 3.8022611373254236 vs. 3.8022611373254236
list:
dist: 3.943799063778585 vs. 3.943799063778585
list:
dist: 2.3856118446771335 vs. 2.3856118446771335
list:
dist: 1.865798640281811 vs. 1.865798640281811
list:
dist: 3.8062778362796106 vs. 3.8062778362796106
list:
dist: 1.3919691050492549 vs. 1.3919691050492549
list:
dist: 1.497641025505856 vs. 1.497641025505856
list:
dist: 1.3432049451838235 vs. 1.3432049451838235
list:
dist: 1.4165103604171143 vs. 1.4165103604171143
list:
dist: 1.188036397373705 vs. 1.188036397373705
list:
dist: 2.1861283447363635 vs. 2.1861283447363635
list:
dist: 1.8479214932264665 vs. 1.8479214932264665
list:
dist: 0.7531673556038742 vs. 0.7531673556038742
list:
dist: 2.127054895872821 vs. 2.127054895872821
list:
dist: 1.3909269308634125 vs. 1.3909269308634125
list:
dist: 1.5956497361617932 vs. 1.5956497361617932
list:
dist: 2.175850071364389 vs. 2.175850071364389
list:
dist: 1.4793977615759955 vs. 1.4793977615759955
list:
dist: 1.017934919315421 vs. 1.017934919315421
list:
dist: 4.647292112123102 vs. 4.647292112123102
list:
dist: 3.7887185634908063 vs. 3.7887185634908063
list:
dist: 4.566833351470158 vs. 4.566833351470158
list:
dist: 1.864288030325329 vs. 1.864288030325329
list:
dist: 1.5752693587427362 vs. 1.5752693587427362
list:
dist: 1.1397023338996777 vs. 1.1397023338996777
list:
dist: 0.7515415133756314 vs. 0.7515415133756314
list:
dist: 0.7267094388426585 vs. 0.7267094388426585
list:
dist: 1.2853374263470043 vs. 1.2853374263470043
list:
dist: 3.5331033078268543 vs. 3.5331033078268543
list:
dist: 4.019969778818172 vs. 4.019969778818172
list:
dist: 2.3363176786206994 vs. 2.3363176786206994
list:
dist: 1.0277812654519498 vs. 1.0277812654519498
list:
dist: 3.125197781559481 vs. 3.125197781559481
list:
dist: 2.2277757358789394 vs. 2.2277757358789394
list:
dist: 2.389615921709477 vs. 2.389615921709477
list:
dist: 2.5916869212028186 vs. 2.5916869212028186
list:
dist: 1.5338278509721412 vs. 1.5338278509721412
list:
dist: 1.9449568079978008 vs. 1.9449568079978008
list:
dist: 2.7498341856238087 vs. 2.7498341856238087
list:
dist: 2.8404620687631956 vs. 2.8404620687631956
list:
dist: 1.6775677502949111 vs. 1.6775677502949111
list:
dist: 2.4399168279253214 vs. 2.4399168279253214
list:
dist: 1.9621085604686472 vs. 1.9621085604686472
list:
dist: 1.5752693587427362 vs. 1.5752693587427362
list:
dist: 2.715809203033679 vs. 2.715809203033679
list:
dist: 2.6647009644740773 vs. 2.6647009644740773
list:
dist: 2.925413145476518 vs. 2.925413145476518
list:
dist: 2.2455677247193964 vs. 2.2455677247193964
list:
dist: 3.341581951475204 vs. 3.341581951475204
list:
dist: 2.5830084174062433 vs. 2.5830084174062433
list:
dist: 3.291988569905329 vs. 3.291988569905329
list:
dist: 1.4633857244777937 vs. 1.4633857244777937
list:
dist: 1.2151803146533104 vs. 1.2151803146533104
list:
dist: 0.8276861866626125 vs. 0.8276861866626125
list:
dist: 1.676629295058855 vs. 1.676629295058855
list:
dist: 1.251657849454072 vs. 1.251657849454072
list:
dist: 3.6234780225266014 vs. 3.6234780225266014
list:
dist: 1.9663624164188807 vs. 1.9663624164188807
list:
dist: 1.4330876887832589 vs. 1.4330876887832589
list:
dist: 0.47255270460680443 vs. 0.47255270460680443
list:
dist: 1.4466067027945462 vs. 1.4466067027945462
list:
dist: 1.282286266616505 vs. 1.282286266616505
list:
dist: 1.3024459740028684 vs. 1.3024459740028684
list:
dist: 3.572118512300708 vs. 3.572118512300708
list:
dist: 3.0078140266296574 vs. 3.0078140266296574
list:
dist: 2.715697428318217 vs. 2.715697428318217
list:
dist: 2.3581179221209063 vs. 2.3581179221209063
list:
dist: 3.113503625742483 vs. 3.113503625742483
list:
dist: 1.6088849121820057 vs. 1.6088849121820057
list:
dist: 2.16839162007689 vs. 2.16839162007689
list:
dist: 1.7262738361593792 vs. 1.7262738361593792
list:
dist: 1.6199606958474089 vs. 1.6199606958474089
list:
dist: 1.8843898642461672 vs. 1.8843898642461672
list:
dist: 0.7262815675539493 vs. 0.7262815675539493
list:
dist: 1.5033506521993638 vs. 1.5033506521993638
list:
dist: 0.7817048299541509 vs. 0.7817048299541509
list:
dist: 1.0056147178297556 vs. 1.0056147178297556
list:
dist: 1.5731385209478155 vs. 1.5731385209478155
list:
dist: 0.8299784358836275 vs. 0.8299784358836275
list:
dist: 1.7720695183359714 vs. 1.7720695183359714
list:
dist: 1.303721964519033 vs. 1.303721964519033
list:
dist: 2.030066106816963 vs. 2.030066106816963
list:
dist: 1.004231205351556 vs. 1.004231205351556
list:
dist: 1.7296532568814522 vs. 1.7296532568814522
list:
dist: 3.2128426489226842 vs. 3.2128426489226842
list:
dist: 2.1276117198826787 vs. 2.1276117198826787
list:
dist: 3.887620991867368 vs. 3.887620991867368
list:
dist: 3.5345381157221 vs. 3.5345381157221
list:
dist: 3.722798035013923 vs. 3.722798035013923
list:
dist: 3.672845887570531 vs. 3.672845887570531
list:
dist: 3.895695916237792 vs. 3.895695916237792
list:
dist: 3.8686878975037353 vs. 3.8686878975037353
list:
dist: 3.7273874929951822 vs. 3.7273874929951822
list:
dist: 3.627871776811983 vs. 3.627871776811983
list:
dist: 3.95188830357741 vs. 3.95188830357741
list:
dist: 3.4582846009251895 vs. 3.4582846009251895
list:
dist: 3.0765250305007266 vs. 3.0765250305007266
list:
dist: 3.660671748596788 vs. 3.660671748596788
list:
dist: 3.3428739618027774 vs. 3.3428739618027774
list:
dist: 4.32205235200997 vs. 4.32205235200997
list:
dist: 4.251270513445543 vs. 4.251270513445543
list:
dist: 3.3596828141789543 vs. 3.3596828141789543
list:
dist: 3.809849493809791 vs. 3.809849493809791
list:
dist: 4.330989433407497 vs. 4.330989433407497
list:
dist: 3.9733839070995676 vs. 3.9733839070995676
list:
dist: 2.3394569081341485 vs. 2.3394569081341485
list:
dist: 2.8788058283611173 vs. 2.8788058283611173
list:
dist: 2.6547820312990518 vs. 2.6547820312990518
list:
dist: 2.206485014770375 vs. 2.206485014770375
list:
dist: 2.557232447374673 vs. 2.557232447374673
list:
dist: 2.3455624549833995 vs. 2.3455624549833995
list:
dist: 4.424192547005976 vs. 4.424192547005976
list:
dist: 3.560491896418171 vs. 3.560491896418171
list:
dist: 4.523618432659526 vs. 4.523618432659526
list:
dist: 4.102421051921219 vs. 4.102421051921219
list:
dist: 4.5283372105898065 vs. 4.5283372105898065
list:
dist: 4.305946022518501 vs. 4.305946022518501
list:
dist: 1.7575488123284848 vs. 1.7575488123284848
list:
dist: 3.7275201288072575 vs. 3.7275201288072575
list:
dist: 2.8541427757891773 vs. 2.8541427757891773
list:
dist: 1.2729587331086096 vs. 1.2729587331086096
list:
dist: 1.0092326537092127 vs. 1.0092326537092127
list:
dist: 3.047296796264753 vs. 3.047296796264753
list:
dist: 3.7534128165735634 vs. 3.7534128165735634
list:
dist: 3.0957115690362205 vs. 3.0957115690362205
list:
dist: 3.1601251927628593 vs. 3.1601251927628593
list:
dist: 3.8390356854508676 vs. 3.8390356854508676
list:
dist: 3.7170438493049023 vs. 3.7170438493049023
list:
dist: 3.4287195994144204 vs. 3.4287195994144204
list:
dist: 3.689113442532888 vs. 3.689113442532888
list:
dist: 3.9440071803005052 vs. 3.9440071803005052
list:
dist: 3.8062778362796106 vs. 3.8062778362796106
list:
dist: 4.326819208714769 vs. 4.326819208714769
list:
dist: 3.269763906776462 vs. 3.269763906776462
list:
dist: 1.42684798440748 vs. 1.42684798440748
list:
dist: 3.7353530905096073 vs. 3.7353530905096073
list:
dist: 3.4357065252979235 vs. 3.4357065252979235
list:
dist: 3.513660780722253 vs. 3.513660780722253
list:
dist: 3.2544613308363335 vs. 3.2544613308363335
list:
dist: 3.5135370667625447 vs. 3.5135370667625447
list:
dist: 2.5224465710682025 vs. 2.5224465710682025
list:
dist: 2.999905413999381 vs. 2.999905413999381
list:
dist: 2.187951387279457 vs. 2.187951387279457
list:
dist: 1.780887297762649 vs. 1.780887297762649
list:
dist: 1.8557615781986403 vs. 1.8557615781986403
list:
dist: 1.4330876887832589 vs. 1.4330876887832589
list:
dist: 1.5722939144828405 vs. 1.5722939144828405
list:
dist: 2.5928319335611096 vs. 2.5928319335611096
list:
dist: 1.6402063598198853 vs. 1.6402063598198853
list:
dist: 2.0596283563161535 vs. 2.0596283563161535
list:
dist: 2.494073632218654 vs. 2.494073632218654
list:
dist: 1.7237624524918966 vs. 1.7237624524918966
list:
dist: 2.4534501154384376 vs. 2.4534501154384376
list:
dist: 2.426835552255089 vs. 2.426835552255089
list:
dist: 3.312614220019548 vs. 3.312614220019548
list:
dist: 1.277949577637114 vs. 1.277949577637114
list:
dist: 2.91626245546658 vs. 2.91626245546658
list:
dist: 3.125197781559481 vs. 3.125197781559481
list:
dist: 2.913283070261756 vs. 2.913283070261756
list:
dist: 3.3756298523029216 vs. 3.3756298523029216
list:
dist: 4.373608654721709 vs. 4.373608654721709
list:
dist: 3.9073172521728816 vs. 3.9073172521728816
list:
dist: 2.8038898954937457 vs. 2.8038898954937457
list:
dist: 3.5541496999775726 vs. 3.5541496999775726
list:
dist: 3.9114864003924916 vs. 3.9114864003924916
list:
dist: 3.947470484954571 vs. 3.947470484954571
list:
dist: 3.953437165463633 vs. 3.953437165463633
list:
dist: 4.363777631613734 vs. 4.363777631613734
list:
dist: 4.910006237057506 vs. 4.910006237057506
list:
dist: 4.714112539795684 vs. 4.714112539795684
list:
dist: 3.6363884811032583 vs. 3.6363884811032583
list:
dist: 4.130217554266234 vs. 4.130217554266234
list:
dist: 4.117681766181693 vs. 4.117681766181693
list:
dist: 4.125766030554993 vs. 4.125766030554993
list:
dist: 3.9182395081839605 vs. 3.9182395081839605
list:
dist: 1.700864695269325 vs. 1.700864695269325
list:
dist: 1.2729587331086096 vs. 1.2729587331086096
list:
dist: 1.1720326573121103 vs. 1.1720326573121103
list:
dist: 1.2352955686577791 vs. 1.2352955686577791
list:
dist: 1.220650131156861 vs. 1.220650131156861
list:
dist: 3.6603989436194775 vs. 3.6603989436194775
list:
dist: 3.0603945598934565 vs. 3.0603945598934565
list:
dist: 2.8351663944928815 vs. 2.8351663944928815
list:
dist: 2.544819900081646 vs. 2.544819900081646
list:
dist: 3.1027329668705406 vs. 3.1027329668705406
list:
dist: 1.7592595159782185 vs. 1.7592595159782185
list:
dist: 2.4280000167464646 vs. 2.4280000167464646
list:
dist: 1.9773880604462064 vs. 1.9773880604462064
list:
dist: 1.923180471188059 vs. 1.923180471188059
list:
dist: 1.949989829522669 vs. 1.949989829522669
list:
dist: 0.47255270460680443 vs. 0.47255270460680443
list:
dist: 0.768321923045461 vs. 0.768321923045461
list:
dist: 1.8410553703981658 vs. 1.8410553703981658
list:
dist: 1.1670631027295397 vs. 1.1670631027295397
list:
dist: 1.2804161831353547 vs. 1.2804161831353547
list:
dist: 2.042958319262902 vs. 2.042958319262902
list:
dist: 1.219090206911159 vs. 1.219090206911159
list:
dist: 2.065638099185547 vs. 2.065638099185547
list:
dist: 1.7627303446051743 vs. 1.7627303446051743
list:
dist: 2.450973201961022 vs. 2.450973201961022
list:
dist: 1.2855934319617768 vs. 1.2855934319617768
list:
dist: 2.1330671764006217 vs. 2.1330671764006217
list:
dist: 3.3133526340566792 vs. 3.3133526340566792
list:
dist: 2.5834450617998583 vs. 2.5834450617998583
list:
dist: 3.7970113737225484 vs. 3.7970113737225484
list:
dist: 3.766634008802859 vs. 3.766634008802859
list:
dist: 3.9740068155045756 vs. 3.9740068155045756
list:
dist: 4.2044671455778735 vs. 4.2044671455778735
list:
dist: 4.132349063068936 vs. 4.132349063068936
list:
dist: 4.787078915436319 vs. 4.787078915436319
list:
dist: 4.960388260654201 vs. 4.960388260654201
list:
dist: 4.3080636105937025 vs. 4.3080636105937025
list:
dist: 4.514392555202418 vs. 4.514392555202418
list:
dist: 4.413627546849984 vs. 4.413627546849984
list:
dist: 4.335893472262845 vs. 4.335893472262845
list:
dist: 4.030035248032193 vs. 4.030035248032193
list:
dist: 1.7575488123284848 vs. 1.7575488123284848
list:
dist: 1.700864695269325 vs. 1.700864695269325
list:
dist: 0.7594570436078546 vs. 0.7594570436078546
list:
dist: 2.7801478216743636 vs. 2.7801478216743636
list:
dist: 2.769520996252051 vs. 2.769520996252051
list:
dist: 2.6746066520615948 vs. 2.6746066520615948
list:
dist: 2.171513283949026 vs. 2.171513283949026
list:
dist: 2.4357841459059824 vs. 2.4357841459059824
list:
dist: 2.427097466122379 vs. 2.427097466122379
list:
dist: 2.067142125190993 vs. 2.067142125190993
list:
dist: 1.831208178544226 vs. 1.831208178544226
list:
dist: 2.453212531104201 vs. 2.453212531104201
list:
dist: 2.0162422548468326 vs. 2.0162422548468326
list:
dist: 2.3645161091363325 vs. 2.3645161091363325
list:
dist: 1.3908290792343008 vs. 1.3908290792343008
list:
dist: 1.9663624164188807 vs. 1.9663624164188807
list:
dist: 1.4055773900584156 vs. 1.4055773900584156
list:
dist: 2.4125902591401096 vs. 2.4125902591401096
list:
dist: 2.637607457773789 vs. 2.637607457773789
list:
dist: 1.9036862968149975 vs. 1.9036862968149975
list:
dist: 3.170727784088625 vs. 3.170727784088625
list:
dist: 2.100936724367222 vs. 2.100936724367222
list:
dist: 2.2341168990036793 vs. 2.2341168990036793
list:
dist: 3.1318851531044474 vs. 3.1318851531044474
list:
dist: 3.7870657784593686 vs. 3.7870657784593686
list:
dist: 2.5286934852051517 vs. 2.5286934852051517
list:
dist: 2.9391457191799195 vs. 2.9391457191799195
list:
dist: 4.2590881381501555 vs. 4.2590881381501555
list:
dist: 3.1597302174446145 vs. 3.1597302174446145
list:
dist: 3.8366511673537667 vs. 3.8366511673537667
list:
dist: 3.7971682786413568 vs. 3.7971682786413568
list:
dist: 3.5572297182121955 vs. 3.5572297182121955
list:
dist: 4.340686316036307 vs. 4.340686316036307
list:
dist: 4.726338677850918 vs. 4.726338677850918
list:
dist: 4.292141499338058 vs. 4.292141499338058
list:
dist: 3.97649097620907 vs. 3.97649097620907
list:
dist: 3.8172904858882553 vs. 3.8172904858882553
list:
dist: 4.481791300698343 vs. 4.481791300698343
list:
dist: 2.9755449976749637 vs. 2.9755449976749637
list:
dist: 3.629541714546619 vs. 3.629541714546619
list:
dist: 3.7702959169764894 vs. 3.7702959169764894
list:
dist: 3.8645581053379585 vs. 3.8645581053379585
list:
dist: 3.820306691274296 vs. 3.820306691274296
list:
dist: 3.8430848904714647 vs. 3.8430848904714647
list:
dist: 4.220208919597871 vs. 4.220208919597871
list:
dist: 3.3519792546725635 vs. 3.3519792546725635
list:
dist: 3.507373223356495 vs. 3.507373223356495
list:
dist: 2.7801478216743636 vs. 2.7801478216743636
list:
dist: 1.2352955686577791 vs. 1.2352955686577791
list:
dist: 2.3612109632838467 vs. 2.3612109632838467
list:
dist: 2.6392814283810258 vs. 2.6392814283810258
list:
dist: 1.3978296170553166 vs. 1.3978296170553166
list:
dist: 3.4314910857743675 vs. 3.4314910857743675
list:
dist: 3.1153460651702245 vs. 3.1153460651702245
list:
dist: 3.9184183855430192 vs. 3.9184183855430192
list:
dist: 2.4320315193618214 vs. 2.4320315193618214
list:
dist: 3.0894866162658463 vs. 3.0894866162658463
list:
dist: 3.6665093446780417 vs. 3.6665093446780417
list:
dist: 3.8449577805239827 vs. 3.8449577805239827
list:
dist: 3.048838217136496 vs. 3.048838217136496
list:
dist: 1.282286266616505 vs. 1.282286266616505
list:
dist: 1.7608180418019521 vs. 1.7608180418019521
list:
dist: 2.356261349749215 vs. 2.356261349749215
list:
dist: 1.5707729412320248 vs. 1.5707729412320248
list:
dist: 1.9916076419017517 vs. 1.9916076419017517
list:
dist: 2.3758189311502345 vs. 2.3758189311502345
list:
dist: 2.013446427519786 vs. 2.013446427519786
list:
dist: 2.872184719443637 vs. 2.872184719443637
list:
dist: 1.852657819488927 vs. 1.852657819488927
list:
dist: 2.164657752923981 vs. 2.164657752923981
list:
dist: 1.9671904388254806 vs. 1.9671904388254806
list:
dist: 2.41971074821401 vs. 2.41971074821401
list:
dist: 2.5263645377823285 vs. 2.5263645377823285
list:
dist: 3.597978692850158 vs. 3.597978692850158
list:
dist: 2.993180612802179 vs. 2.993180612802179
list:
dist: 3.2991059858379774 vs. 3.2991059858379774
list:
dist: 2.6308007966721494 vs. 2.6308007966721494
list:
dist: 2.9565648293106843 vs. 2.9565648293106843
list:
dist: 3.1318851531044474 vs. 3.1318851531044474
list:
dist: 2.426835552255089 vs. 2.426835552255089
list:
dist: 1.7627303446051743 vs. 1.7627303446051743
list:
dist: 2.6491615704132876 vs. 2.6491615704132876
list:
dist: 1.852657819488927 vs. 1.852657819488927
list:
dist: 1.9829819830347153 vs. 1.9829819830347153
list:
dist: 3.9759022822859964 vs. 3.9759022822859964
list:
dist: 3.516140621915454 vs. 3.516140621915454
list:
dist: 3.04192549952522 vs. 3.04192549952522
list:
dist: 2.5572269357948674 vs. 2.5572269357948674
list:
dist: 3.7447814482051243 vs. 3.7447814482051243
list:
dist: 2.0832689803530613 vs. 2.0832689803530613
list:
dist: 2.2238951396789592 vs. 2.2238951396789592
list:
dist: 1.9795581218402891 vs. 1.9795581218402891
list:
dist: 1.7079326695725454 vs. 1.7079326695725454
list:
dist: 2.555782660321926 vs. 2.555782660321926
list:
dist: 1.303721964519033 vs. 1.303721964519033
list:
dist: 1.7586508919152513 vs. 1.7586508919152513
list:
dist: 1.4553796338922829 vs. 1.4553796338922829
list:
dist: 0.8422288117212949 vs. 0.8422288117212949
list:
dist: 1.4607767507389708 vs. 1.4607767507389708
list:
dist: 0.5828503550193445 vs. 0.5828503550193445
list:
dist: 1.1286818154476683 vs. 1.1286818154476683
list:
dist: 1.8615724927959292 vs. 1.8615724927959292
list:
dist: 0.9327849820146362 vs. 0.9327849820146362
list:
dist: 1.266820199774586 vs. 1.266820199774586
list:
dist: 1.2172260293496817 vs. 1.2172260293496817
list:
dist: 3.1394806048544353 vs. 3.1394806048544353
list:
dist: 1.1411839889821698 vs. 1.1411839889821698
list:
dist: 4.050828172334151 vs. 4.050828172334151
list:
dist: 3.7999363245417515 vs. 3.7999363245417515
list:
dist: 3.4511793875678975 vs. 3.4511793875678975
list:
dist: 3.3363205500479034 vs. 3.3363205500479034
list:
dist: 3.9365882859246524 vs. 3.9365882859246524
list:
dist: 3.5124116836874046 vs. 3.5124116836874046
list:
dist: 3.8050958316292003 vs. 3.8050958316292003
list:
dist: 3.7255524349158886 vs. 3.7255524349158886
list:
dist: 4.13389217195466 vs. 4.13389217195466
list:
dist: 3.6382315430311722 vs. 3.6382315430311722
list:
dist: 2.70616853218144 vs. 2.70616853218144
list:
dist: 3.2216707578963026 vs. 3.2216707578963026
list:
dist: 3.595730175568203 vs. 3.595730175568203
list:
dist: 4.370576535056432 vs. 4.370576535056432
list:
dist: 3.756835928684085 vs. 3.756835928684085
list:
dist: 3.174231252712033 vs. 3.174231252712033
list:
dist: 3.3254426321060744 vs. 3.3254426321060744
list:
dist: 3.865446216403365 vs. 3.865446216403365
list:
dist: 3.3912515726629042 vs. 3.3912515726629042
list:
dist: 1.927209249488812 vs. 1.927209249488812
list:
dist: 2.0060081454449272 vs. 2.0060081454449272
list:
dist: 1.6058702030039 vs. 1.6058702030039
list:
dist: 1.1436194946042522 vs. 1.1436194946042522
list:
dist: 1.8377372297920513 vs. 1.8377372297920513
list:
dist: 1.4656586109508574 vs. 1.4656586109508574
list:
dist: 3.8658790317506093 vs. 3.8658790317506093
list:
dist: 1.3908290792343008 vs. 1.3908290792343008
list:
dist: 4.208288695031399 vs. 4.208288695031399
list:
dist: 3.1404657153089803 vs. 3.1404657153089803
list:
dist: 1.8557615781986403 vs. 1.8557615781986403
list:
dist: 1.949989829522669 vs. 1.949989829522669
list:
dist: 1.3662638571196113 vs. 1.3662638571196113
list:
dist: 4.355820809848508 vs. 4.355820809848508
list:
dist: 4.945584821597206 vs. 4.945584821597206
list:
dist: 3.811256751504388 vs. 3.811256751504388
list:
dist: 4.199034688678949 vs. 4.199034688678949
list:
dist: 4.7397781727525174 vs. 4.7397781727525174
list:
dist: 4.921268963036489 vs. 4.921268963036489
list:
dist: 4.309009320364923 vs. 4.309009320364923
list:
dist: 4.4288005792402805 vs. 4.4288005792402805
list:
dist: 4.6008369273684835 vs. 4.6008369273684835
list:
dist: 4.566833351470158 vs. 4.566833351470158
list:
dist: 5.279698938141591 vs. 5.279698938141591
list:
dist: 4.346090198183465 vs. 4.346090198183465
list:
dist: 2.8846675888526643 vs. 2.8846675888526643
list:
dist: 1.8970829216612195 vs. 1.8970829216612195
list:
dist: 1.7300160456466769 vs. 1.7300160456466769
list:
dist: 2.0240764082094898 vs. 2.0240764082094898
list:
dist: 1.8541975101937551 vs. 1.8541975101937551
list:
dist: 1.9345660435842214 vs. 1.9345660435842214
list:
dist: 1.4351427381398867 vs. 1.4351427381398867
list:
dist: 1.5781519172703768 vs. 1.5781519172703768
list:
dist: 0.8296094596951851 vs. 0.8296094596951851
list:
dist: 1.2646395723956705 vs. 1.2646395723956705
list:
dist: 1.8843898642461672 vs. 1.8843898642461672
list:
dist: 1.3525705717938943 vs. 1.3525705717938943
list:
dist: 1.7098723250801167 vs. 1.7098723250801167
list:
dist: 2.264840239720229 vs. 2.264840239720229
list:
dist: 1.4183848064700855 vs. 1.4183848064700855
list:
dist: 2.346400554176237 vs. 2.346400554176237
list:
dist: 1.4398875834231917 vs. 1.4398875834231917
list:
dist: 1.1629402831714275 vs. 1.1629402831714275
list:
dist: 2.555782660321926 vs. 2.555782660321926
list:
dist: 3.2376436331813694 vs. 3.2376436331813694
list:
dist: 2.0872166553245544 vs. 2.0872166553245544
list:
dist: 2.199966728991198 vs. 2.199966728991198
list:
dist: 3.291988569905329 vs. 3.291988569905329
list:
dist: 3.6718915654965807 vs. 3.6718915654965807
list:
dist: 3.912385710271968 vs. 3.912385710271968
list:
dist: 4.914116733350092 vs. 4.914116733350092
list:
dist: 4.249471215832081 vs. 4.249471215832081
list:
dist: 2.6376396272140963 vs. 2.6376396272140963
list:
dist: 2.4761227505877375 vs. 2.4761227505877375
list:
dist: 2.2276071291878843 vs. 2.2276071291878843
list:
dist: 2.6747886260677958 vs. 2.6747886260677958
list:
dist: 3.5880255256155453 vs. 3.5880255256155453
list:
dist: 3.6258447314934314 vs. 3.6258447314934314
list:
dist: 3.469371105165395 vs. 3.469371105165395
list:
dist: 3.213042188792382 vs. 3.213042188792382
list:
dist: 3.2915220997367243 vs. 3.2915220997367243
list:
dist: 3.02977033957604 vs. 3.02977033957604
list:
dist: 2.5774751499291453 vs. 2.5774751499291453
list:
dist: 2.9456267861402723 vs. 2.9456267861402723
list:
dist: 3.529594893092122 vs. 3.529594893092122
list:
dist: 2.771363203823821 vs. 2.771363203823821
list:
dist: 1.8941672451212992 vs. 1.8941672451212992
list:
dist: 3.3715194673364572 vs. 3.3715194673364572
list:
dist: 3.474796441374469 vs. 3.474796441374469
list:
dist: 2.893791615153875 vs. 2.893791615153875
list:
dist: 2.77921509473439 vs. 2.77921509473439
list:
dist: 2.4956338718678914 vs. 2.4956338718678914
list:
dist: 2.3645161091363325 vs. 2.3645161091363325
list:
dist: 4.1038986720680715 vs. 4.1038986720680715
list:
dist: 2.78842541601256 vs. 2.78842541601256
list:
dist: 1.780887297762649 vs. 1.780887297762649
list:
dist: 1.923180471188059 vs. 1.923180471188059
list:
dist: 1.9402781316995126 vs. 1.9402781316995126
list:
dist: 3.690141662386129 vs. 3.690141662386129
list:
dist: 4.3273616903617675 vs. 4.3273616903617675
list:
dist: 3.402035413206144 vs. 3.402035413206144
list:
dist: 3.6572043160053744 vs. 3.6572043160053744
list:
dist: 4.503204073508099 vs. 4.503204073508099
list:
dist: 4.4785110558811985 vs. 4.4785110558811985
list:
dist: 3.6973531464999185 vs. 3.6973531464999185
list:
dist: 4.225369341259407 vs. 4.225369341259407
list:
dist: 4.177990037466657 vs. 4.177990037466657
list:
dist: 3.7887185634908063 vs. 3.7887185634908063
list:
dist: 4.801398575697427 vs. 4.801398575697427
list:
dist: 4.098731170328736 vs. 4.098731170328736
list:
dist: 2.4418675316056486 vs. 2.4418675316056486
list:
dist: 2.805532529184602 vs. 2.805532529184602
list:
dist: 2.7066295805293183 vs. 2.7066295805293183
list:
dist: 2.691271389224523 vs. 2.691271389224523
list:
dist: 2.307069828066573 vs. 2.307069828066573
list:
dist: 2.9998539270754385 vs. 2.9998539270754385
list:
dist: 1.8705725732869722 vs. 1.8705725732869722
list:
dist: 1.8088470124448361 vs. 1.8088470124448361
list:
dist: 0.9204934922067988 vs. 0.9204934922067988
list:
dist: 1.2646395723956705 vs. 1.2646395723956705
list:
dist: 1.6199606958474089 vs. 1.6199606958474089
list:
dist: 1.5731247628268976 vs. 1.5731247628268976
list:
dist: 1.5595763383213122 vs. 1.5595763383213122
list:
dist: 1.5108808201573551 vs. 1.5108808201573551
list:
dist: 1.417059134610207 vs. 1.417059134610207
list:
dist: 1.3509697461142465 vs. 1.3509697461142465
list:
dist: 0.9421702403975273 vs. 0.9421702403975273
list:
dist: 1.1423811072783858 vs. 1.1423811072783858
list:
dist: 1.7079326695725454 vs. 1.7079326695725454
list:
dist: 2.4964883579318893 vs. 2.4964883579318893
list:
dist: 1.272747379804724 vs. 1.272747379804724
list:
dist: 1.7727312424539745 vs. 1.7727312424539745
list:
dist: 2.5830084174062433 vs. 2.5830084174062433
list:
dist: 2.757827647700162 vs. 2.757827647700162
list:
dist: 3.1428509619121128 vs. 3.1428509619121128
list:
dist: 4.139337186923396 vs. 4.139337186923396
list:
dist: 3.731878754362584 vs. 3.731878754362584
list:
dist: 1.4717847031476943 vs. 1.4717847031476943
list:
dist: 3.138304983501838 vs. 3.138304983501838
list:
dist: 2.992154215253934 vs. 2.992154215253934
list:
dist: 2.750382985002676 vs. 2.750382985002676
list:
dist: 3.6849400087903725 vs. 3.6849400087903725
list:
dist: 4.088404615612376 vs. 4.088404615612376
list:
dist: 3.575463387375494 vs. 3.575463387375494
list:
dist: 3.733469302955325 vs. 3.733469302955325
list:
dist: 3.7928399170459373 vs. 3.7928399170459373
list:
dist: 3.7111917117129636 vs. 3.7111917117129636
list:
dist: 3.216163790375084 vs. 3.216163790375084
list:
dist: 2.9439221605755708 vs. 2.9439221605755708
list:
dist: 3.529229200655045 vs. 3.529229200655045
list:
dist: 3.4194763152008987 vs. 3.4194763152008987
list:
dist: 1.4514368061668976 vs. 1.4514368061668976
list:
dist: 2.8726389259773004 vs. 2.8726389259773004
list:
dist: 2.8085755146890556 vs. 2.8085755146890556
list:
dist: 2.1430894404006917 vs. 2.1430894404006917
list:
dist: 2.3448566496816645 vs. 2.3448566496816645
list:
dist: 1.634690964287704 vs. 1.634690964287704
list:
dist: 3.855583236955624 vs. 3.855583236955624
list:
dist: 3.887538843739116 vs. 3.887538843739116
list:
dist: 3.9990001388205867 vs. 3.9990001388205867
list:
dist: 4.2216927126423895 vs. 4.2216927126423895
list:
dist: 4.256281979401526 vs. 4.256281979401526
list:
dist: 4.915609310514142 vs. 4.915609310514142
list:
dist: 4.958112014496735 vs. 4.958112014496735
list:
dist: 4.168456508011238 vs. 4.168456508011238
list:
dist: 4.4809327726704975 vs. 4.4809327726704975
list:
dist: 4.344301165870488 vs. 4.344301165870488
list:
dist: 4.27613298927149 vs. 4.27613298927149
list:
dist: 3.9477242936046024 vs. 3.9477242936046024
list:
dist: 0.7594570436078546 vs. 0.7594570436078546
list:
dist: 1.0092326537092127 vs. 1.0092326537092127
list:
dist: 1.1720326573121103 vs. 1.1720326573121103
list:
dist: 2.3612109632838467 vs. 2.3612109632838467
list:
dist: 2.01823671824336 vs. 2.01823671824336
list:
dist: 3.0704198476382283 vs. 3.0704198476382283
list:
dist: 2.636336467398652 vs. 2.636336467398652
list:
dist: 2.7757378733770803 vs. 2.7757378733770803
list:
dist: 2.62756827025098 vs. 2.62756827025098
list:
dist: 2.6312050690521787 vs. 2.6312050690521787
list:
dist: 1.9130813171009835 vs. 1.9130813171009835
list:
dist: 2.5182559410863448 vs. 2.5182559410863448
list:
dist: 1.8831130332292236 vs. 1.8831130332292236
list:
dist: 1.9402781316995126 vs. 1.9402781316995126
list:
dist: 1.3662638571196113 vs. 1.3662638571196113
list:
dist: 1.4466067027945462 vs. 1.4466067027945462
list:
dist: 1.1165986964407117 vs. 1.1165986964407117
list:
dist: 2.2747491445663024 vs. 2.2747491445663024
list:
dist: 2.0296729735413774 vs. 2.0296729735413774
list:
dist: 1.703122550682568 vs. 1.703122550682568
list:
dist: 2.715266042795642 vs. 2.715266042795642
list:
dist: 1.6887377816179179 vs. 1.6887377816179179
list:
dist: 2.1307448373880242 vs. 2.1307448373880242
list:
dist: 2.6491615704132876 vs. 2.6491615704132876
list:
dist: 3.4092731609273996 vs. 3.4092731609273996
list:
dist: 1.8564126975984019 vs. 1.8564126975984019
list:
dist: 2.73414093982244 vs. 2.73414093982244
list:
dist: 4.217595265228739 vs. 4.217595265228739
list:
dist: 3.1402843250044596 vs. 3.1402843250044596
list:
dist: 1.4055773900584156 vs. 1.4055773900584156
list:
dist: 1.5722939144828405 vs. 1.5722939144828405
list:
dist: 0.768321923045461 vs. 0.768321923045461
list:
dist: 1.1165986964407117 vs. 1.1165986964407117
list:
dist: 1.7608180418019521 vs. 1.7608180418019521
list:
dist: 1.9290598794473002 vs. 1.9290598794473002
list:
dist: 2.9276638352312263 vs. 2.9276638352312263
list:
dist: 2.3158804599312686 vs. 2.3158804599312686
list:
dist: 2.102962481590636 vs. 2.102962481590636
list:
dist: 1.8161492920108717 vs. 1.8161492920108717
list:
dist: 2.3977743794681485 vs. 2.3977743794681485
list:
dist: 1.0307283658366266 vs. 1.0307283658366266
list:
dist: 1.7010767017431587 vs. 1.7010767017431587
list:
dist: 1.3206286958849012 vs. 1.3206286958849012
list:
dist: 1.5731247628268976 vs. 1.5731247628268976
list:
dist: 1.3525705717938943 vs. 1.3525705717938943
list:
dist: 0.7262815675539493 vs. 0.7262815675539493
list:
dist: 1.2469349542763137 vs. 1.2469349542763137
list:
dist: 1.4154840020686956 vs. 1.4154840020686956
list:
dist: 0.6492619860965613 vs. 0.6492619860965613
list:
dist: 1.8742504436170566 vs. 1.8742504436170566
list:
dist: 0.8540822129791827 vs. 0.8540822129791827
list:
dist: 1.3890967826677054 vs. 1.3890967826677054
list:
dist: 1.7586508919152513 vs. 1.7586508919152513
list:
dist: 2.3845110562148863 vs. 2.3845110562148863
list:
dist: 1.5172162836768082 vs. 1.5172162836768082
list:
dist: 1.6767093587256872 vs. 1.6767093587256872
list:
dist: 3.2740064746344766 vs. 3.2740064746344766
list:
dist: 2.417502853944603 vs. 2.417502853944603
list:
dist: 3.2842950273019706 vs. 3.2842950273019706
list:
dist: 2.8988231923066117 vs. 2.8988231923066117
list:
dist: 3.312626470300167 vs. 3.312626470300167
list:
dist: 3.3488997753157395 vs. 3.3488997753157395
list:
dist: 3.420548074843941 vs. 3.420548074843941
list:
dist: 3.4987386778512373 vs. 3.4987386778512373
list:
dist: 3.1991221965210106 vs. 3.1991221965210106
list:
dist: 3.125061380078646 vs. 3.125061380078646
list:
dist: 3.344028076218598 vs. 3.344028076218598
list:
dist: 2.861251292179627 vs. 2.861251292179627
list:
dist: 2.7690827372096996 vs. 2.7690827372096996
list:
dist: 3.364722901891873 vs. 3.364722901891873
list:
dist: 2.7604821814431815 vs. 2.7604821814431815
list:
dist: 3.956112527412216 vs. 3.956112527412216
list:
dist: 4.037323660129478 vs. 4.037323660129478
list:
dist: 3.046474855675713 vs. 3.046474855675713
list:
dist: 3.6037430501557894 vs. 3.6037430501557894
list:
dist: 4.067104845958308 vs. 4.067104845958308
list:
dist: 3.7813407666867027 vs. 3.7813407666867027
list:
dist: 2.128119344540222 vs. 2.128119344540222
list:
dist: 2.892958471322444 vs. 2.892958471322444
list:
dist: 2.832215215377567 vs. 2.832215215377567
list:
dist: 2.3722563495085063 vs. 2.3722563495085063
list:
dist: 2.47139877269126 vs. 2.47139877269126
list:
dist: 2.401229882244947 vs. 2.401229882244947
list:
dist: 4.330494209638556 vs. 4.330494209638556
list:
dist: 3.5916212189917203 vs. 3.5916212189917203
list:
dist: 4.193935320530491 vs. 4.193935320530491
list:
dist: 4.089050403115874 vs. 4.089050403115874
list:
dist: 4.10315366731463 vs. 4.10315366731463
list:
dist: 3.8701236668567898 vs. 3.8701236668567898
list:
dist: 1.42684798440748 vs. 1.42684798440748
list:
dist: 1.220650131156861 vs. 1.220650131156861
list:
dist: 2.01823671824336 vs. 2.01823671824336
list:
dist: 1.3978296170553166 vs. 1.3978296170553166
list:
dist: 2.8752807089665504 vs. 2.8752807089665504
list:
dist: 2.4418675316056486 vs. 2.4418675316056486
list:
dist: 2.8846675888526643 vs. 2.8846675888526643
list:
dist: 1.3024459740028684 vs. 1.3024459740028684
list:
dist: 1.9290598794473002 vs. 1.9290598794473002
list:
dist: 2.7666486945016255 vs. 2.7666486945016255
list:
dist: 1.229199393559684 vs. 1.229199393559684
list:
dist: 2.3034944290463497 vs. 2.3034944290463497
list:
dist: 2.342935297522231 vs. 2.342935297522231
list:
dist: 1.9721106760573448 vs. 1.9721106760573448
list:
dist: 2.9847236024728345 vs. 2.9847236024728345
list:
dist: 1.9829819830347153 vs. 1.9829819830347153
list:
dist: 2.7132000082919476 vs. 2.7132000082919476
list:
dist: 1.241751796751006 vs. 1.241751796751006
list:
dist: 2.8835317596360626 vs. 2.8835317596360626
list:
dist: 3.888910293755097 vs. 3.888910293755097
list:
dist: 2.735390426810199 vs. 2.735390426810199
list:
dist: 2.637607457773789 vs. 2.637607457773789
list:
dist: 1.6402063598198853 vs. 1.6402063598198853
list:
dist: 1.1670631027295397 vs. 1.1670631027295397
list:
dist: 2.0296729735413774 vs. 2.0296729735413774
list:
dist: 1.5707729412320248 vs. 1.5707729412320248
list:
dist: 1.229199393559684 vs. 1.229199393559684
list:
dist: 3.9663056514889283 vs. 3.9663056514889283
list:
dist: 3.524923536705105 vs. 3.524923536705105
list:
dist: 3.2116382846591884 vs. 3.2116382846591884
list:
dist: 2.783227443593671 vs. 2.783227443593671
list:
dist: 3.702120109467957 vs. 3.702120109467957
list:
dist: 2.1315964409498562 vs. 2.1315964409498562
list:
dist: 2.467027688557786 vs. 2.467027688557786
list:
dist: 1.947973174279519 vs. 1.947973174279519
list:
dist: 1.5108808201573551 vs. 1.5108808201573551
list:
dist: 2.264840239720229 vs. 2.264840239720229
list:
dist: 0.7817048299541509 vs. 0.7817048299541509
list:
dist: 1.4154840020686956 vs. 1.4154840020686956
list:
dist: 1.744331638641471 vs. 1.744331638641471
list:
dist: 1.4452178189738454 vs. 1.4452178189738454
list:
dist: 1.1196732243038405 vs. 1.1196732243038405
list:
dist: 0.9704089694047008 vs. 0.9704089694047008
list:
dist: 1.9795064908628555 vs. 1.9795064908628555
list:
dist: 0.8422288117212949 vs. 0.8422288117212949
list:
dist: 1.7268461327009423 vs. 1.7268461327009423
list:
dist: 0.5358683361711947 vs. 0.5358683361711947
list:
dist: 1.7651476105298851 vs. 1.7651476105298851
list:
dist: 3.507524461864831 vs. 3.507524461864831
list:
dist: 1.5720297017153493 vs. 1.5720297017153493
list:
dist: 4.225191513065029 vs. 4.225191513065029
list:
dist: 3.944560648437686 vs. 3.944560648437686
list:
dist: 3.823402078698994 vs. 3.823402078698994
list:
dist: 3.908925821538418 vs. 3.908925821538418
list:
dist: 4.331589465073348 vs. 4.331589465073348
list:
dist: 4.065712011134552 vs. 4.065712011134552
list:
dist: 4.159043868199179 vs. 4.159043868199179
list:
dist: 4.081252103499031 vs. 4.081252103499031
list:
dist: 4.397917741644672 vs. 4.397917741644672
list:
dist: 3.8913449350372296 vs. 3.8913449350372296
list:
dist: 3.2634535474937243 vs. 3.2634535474937243
list:
dist: 3.829182111049281 vs. 3.829182111049281
list:
dist: 3.8444908062212915 vs. 3.8444908062212915
list:
dist: 4.778921049414206 vs. 4.778921049414206
list:
dist: 4.420234678489775 vs. 4.420234678489775
list:
dist: 3.684345263366083 vs. 3.684345263366083
list:
dist: 3.9785101208055194 vs. 3.9785101208055194
list:
dist: 4.51185634192101 vs. 4.51185634192101
list:
dist: 4.081759459693413 vs. 4.081759459693413
list:
dist: 2.3082240833739713 vs. 2.3082240833739713
list:
dist: 2.7811387719919285 vs. 2.7811387719919285
list:
dist: 2.4326473887638227 vs. 2.4326473887638227
list:
dist: 1.9426370247370008 vs. 1.9426370247370008
list:
dist: 2.517118510963761 vs. 2.517118510963761
list:
dist: 2.053479617632294 vs. 2.053479617632294
list:
dist: 4.554032318046287 vs. 4.554032318046287
list:
dist: 2.4125902591401096 vs. 2.4125902591401096
list:
dist: 2.5928319335611096 vs. 2.5928319335611096
list:
dist: 1.8410553703981658 vs. 1.8410553703981658
list:
dist: 2.2747491445663024 vs. 2.2747491445663024
list:
dist: 2.356261349749215 vs. 2.356261349749215
list:
dist: 2.7666486945016255 vs. 2.7666486945016255
list:
dist: 2.6763726663581306 vs. 2.6763726663581306
list:
dist: 2.114888485790064 vs. 2.114888485790064
list:
dist: 1.5969086585834025 vs. 1.5969086585834025
list:
dist: 1.1076540388980214 vs. 1.1076540388980214
list:
dist: 2.363593505853409 vs. 2.363593505853409
list:
dist: 0.785387030669696 vs. 0.785387030669696
list:
dist: 0.8161310053780999 vs. 0.8161310053780999
list:
dist: 1.0428652615345142 vs. 1.0428652615345142
list:
dist: 1.5595763383213122 vs. 1.5595763383213122
list:
dist: 1.7098723250801167 vs. 1.7098723250801167
list:
dist: 1.5033506521993638 vs. 1.5033506521993638
list:
dist: 1.2469349542763137 vs. 1.2469349542763137
list:
dist: 1.744331638641471 vs. 1.744331638641471
list:
dist: 0.5987651587440769 vs. 0.5987651587440769
list:
dist: 1.358409546286102 vs. 1.358409546286102
list:
dist: 0.9481570087246081 vs. 0.9481570087246081
list:
dist: 0.7480951184141374 vs. 0.7480951184141374
list:
dist: 1.4553796338922829 vs. 1.4553796338922829
list:
dist: 1.7370887339364047 vs. 1.7370887339364047
list:
dist: 1.9820751960158223 vs. 1.9820751960158223
list:
dist: 0.5564878412900245 vs. 0.5564878412900245
list:
dist: 3.004514907325614 vs. 3.004514907325614
list:
dist: 1.8624428596745333 vs. 1.8624428596745333
list:
dist: 2.6910594310386085 vs. 2.6910594310386085
list:
dist: 2.3825502038672903 vs. 2.3825502038672903
list:
dist: 2.35377908951889 vs. 2.35377908951889
list:
dist: 2.289885073366025 vs. 2.289885073366025
list:
dist: 2.683237984714207 vs. 2.683237984714207
list:
dist: 2.3879439036355037 vs. 2.3879439036355037
list:
dist: 2.450963756044808 vs. 2.450963756044808
list:
dist: 2.420700162719466 vs. 2.420700162719466
list:
dist: 2.6991938854977686 vs. 2.6991938854977686
list:
dist: 2.197116292824397 vs. 2.197116292824397
list:
dist: 1.6207555309935702 vs. 1.6207555309935702
list:
dist: 2.22457289040165 vs. 2.22457289040165
list:
dist: 2.192197090177731 vs. 2.192197090177731
list:
dist: 3.3671578081175926 vs. 3.3671578081175926
list:
dist: 2.98574642092988 vs. 2.98574642092988
list:
dist: 2.162309546103275 vs. 2.162309546103275
list:
dist: 2.5457472322901875 vs. 2.5457472322901875
list:
dist: 2.9874871716218205 vs. 2.9874871716218205
list:
dist: 2.6498866857946948 vs. 2.6498866857946948
list:
dist: 1.1255922905175313 vs. 1.1255922905175313
list:
dist: 1.74119663162434 vs. 1.74119663162434
list:
dist: 1.8446405970994333 vs. 1.8446405970994333
list:
dist: 1.3921683938406137 vs. 1.3921683938406137
list:
dist: 1.2456130487362784 vs. 1.2456130487362784
list:
dist: 1.4292121913577778 vs. 1.4292121913577778
list:
dist: 3.380808489080126 vs. 3.380808489080126
list:
dist: 1.831208178544226 vs. 1.831208178544226
list:
dist: 2.5224465710682025 vs. 2.5224465710682025
list:
dist: 1.7592595159782185 vs. 1.7592595159782185
list:
dist: 1.9130813171009835 vs. 1.9130813171009835
list:
dist: 2.4320315193618214 vs. 2.4320315193618214
list:
dist: 2.2136348518020124 vs. 2.2136348518020124
list:
dist: 2.293237518271259 vs. 2.293237518271259
list:
dist: 1.5466003242432838 vs. 1.5466003242432838
list:
dist: 1.107452218461135 vs. 1.107452218461135
list:
dist: 0.7908122343568756 vs. 0.7908122343568756
list:
dist: 1.6948690399511206 vs. 1.6948690399511206
list:
dist: 0.8469582293632811 vs. 0.8469582293632811
list:
dist: 1.1263835319938544 vs. 1.1263835319938544
list:
dist: 1.8705725732869722 vs. 1.8705725732869722
list:
dist: 1.4351427381398867 vs. 1.4351427381398867
list:
dist: 1.6088849121820057 vs. 1.6088849121820057
list:
dist: 1.0307283658366266 vs. 1.0307283658366266
list:
dist: 0.785387030669696 vs. 0.785387030669696
list:
dist: 2.1315964409498562 vs. 2.1315964409498562
list:
dist: 0.6894740913530001 vs. 0.6894740913530001
list:
dist: 2.0599559088403274 vs. 2.0599559088403274
list:
dist: 1.2834303538692344 vs. 1.2834303538692344
list:
dist: 0.9747985493655826 vs. 0.9747985493655826
list:
dist: 2.0832689803530613 vs. 2.0832689803530613
list:
dist: 2.4107548065234754 vs. 2.4107548065234754
list:
dist: 2.3038426947602115 vs. 2.3038426947602115
list:
dist: 1.31302672740244 vs. 1.31302672740244
list:
dist: 3.066466876796983 vs. 3.066466876796983
list:
dist: 3.1223735679248943 vs. 3.1223735679248943
list:
dist: 2.585723525293383 vs. 2.585723525293383
list:
dist: 2.4407777270636046 vs. 2.4407777270636046
list:
dist: 2.021691430039365 vs. 2.021691430039365
list:
dist: 2.522391633900592 vs. 2.522391633900592
list:
dist: 2.4172413926767233 vs. 2.4172413926767233
list:
dist: 2.44683783822486 vs. 2.44683783822486
list:
dist: 2.531710459088436 vs. 2.531710459088436
list:
dist: 2.1821793591030616 vs. 2.1821793591030616
list:
dist: 2.139504780261418 vs. 2.139504780261418
list:
dist: 2.344752235962613 vs. 2.344752235962613
list:
dist: 1.8564636743024185 vs. 1.8564636743024185
list:
dist: 1.8716941534989213 vs. 1.8716941534989213
list:
dist: 2.452762638942111 vs. 2.452762638942111
list:
dist: 1.7689060024654024 vs. 1.7689060024654024
list:
dist: 3.149267664725886 vs. 3.149267664725886
list:
dist: 3.1989887622683386 vs. 3.1989887622683386
list:
dist: 2.179050186430575 vs. 2.179050186430575
list:
dist: 2.7841518856576495 vs. 2.7841518856576495
list:
dist: 3.1728972228634227 vs. 3.1728972228634227
list:
dist: 2.9577241142779833 vs. 2.9577241142779833
list:
dist: 1.657983696526496 vs. 1.657983696526496
list:
dist: 2.3739094519118114 vs. 2.3739094519118114
list:
dist: 2.543737056254627 vs. 2.543737056254627
list:
dist: 2.162079398755028 vs. 2.162079398755028
list:
dist: 1.8913709317767324 vs. 1.8913709317767324
list:
dist: 2.1716557305306607 vs. 2.1716557305306607
list:
dist: 3.6393067345824655 vs. 3.6393067345824655
list:
dist: 3.7870657784593686 vs. 3.7870657784593686
list:
dist: 3.312614220019548 vs. 3.312614220019548
list:
dist: 2.450973201961022 vs. 2.450973201961022
list:
dist: 3.4092731609273996 vs. 3.4092731609273996
list:
dist: 2.164657752923981 vs. 2.164657752923981
list:
dist: 2.7132000082919476 vs. 2.7132000082919476
list:
dist: 4.369445871154477 vs. 4.369445871154477
list:
dist: 3.8296437120388656 vs. 3.8296437120388656
list:
dist: 3.1732109042165035 vs. 3.1732109042165035
list:
dist: 2.6892970616214247 vs. 2.6892970616214247
list:
dist: 4.057155476923957 vs. 4.057155476923957
list:
dist: 2.4107548065234754 vs. 2.4107548065234754
list:
dist: 2.4552489653736167 vs. 2.4552489653736167
list:
dist: 2.5589792624529606 vs. 2.5589792624529606
list:
dist: 2.4964883579318893 vs. 2.4964883579318893
list:
dist: 3.2376436331813694 vs. 3.2376436331813694
list:
dist: 2.030066106816963 vs. 2.030066106816963
list:
dist: 2.3845110562148863 vs. 2.3845110562148863
list:
dist: 1.7370887339364047 vs. 1.7370887339364047
list:
dist: 1.7268461327009423 vs. 1.7268461327009423
list:
dist: 1.9639342329956537 vs. 1.9639342329956537
list:
dist: 1.216879088276225 vs. 1.216879088276225
list:
dist: 1.876361860894139 vs. 1.876361860894139
list:
dist: 2.3232418512960957 vs. 2.3232418512960957
list:
dist: 0.9327849820146362 vs. 0.9327849820146362
list:
dist: 2.193115102078828 vs. 2.193115102078828
list:
dist: 1.2763569102209902 vs. 1.2763569102209902
list:
dist: 2.615694970119962 vs. 2.615694970119962
list:
dist: 1.6198267986175274 vs. 1.6198267986175274
list:
dist: 4.2615881989822295 vs. 4.2615881989822295
list:
dist: 4.01051333670271 vs. 4.01051333670271
list:
dist: 3.5479919125130888 vs. 3.5479919125130888
list:
dist: 2.9292039971648323 vs. 2.9292039971648323
list:
dist: 3.6743988094025473 vs. 3.6743988094025473
list:
dist: 3.2148855125871423 vs. 3.2148855125871423
list:
dist: 3.6546085576314185 vs. 3.6546085576314185
list:
dist: 3.5345139402285697 vs. 3.5345139402285697
list:
dist: 4.131302692182975 vs. 4.131302692182975
list:
dist: 3.6786083423477733 vs. 3.6786083423477733
list:
dist: 2.4274851880309027 vs. 2.4274851880309027
list:
dist: 2.821057670257858 vs. 2.821057670257858
list:
dist: 3.5667301264567803 vs. 3.5667301264567803
list:
dist: 3.952567586184324 vs. 3.952567586184324
list:
dist: 3.1369645023854766 vs. 3.1369645023854766
list:
dist: 2.7641680420471397 vs. 2.7641680420471397
list:
dist: 2.7393736673470754 vs. 2.7393736673470754
list:
dist: 3.3098883104220342 vs. 3.3098883104220342
list:
dist: 2.7973625359280354 vs. 2.7973625359280354
list:
dist: 2.192468804863838 vs. 2.192468804863838
list:
dist: 1.4121200756751902 vs. 1.4121200756751902
list:
dist: 0.850387434332516 vs. 0.850387434332516
list:
dist: 0.8260446330580485 vs. 0.8260446330580485
list:
dist: 1.5544245898981697 vs. 1.5544245898981697
list:
dist: 1.618657614361121 vs. 1.618657614361121
list:
dist: 3.1041183115001387 vs. 3.1041183115001387
list:
dist: 3.170727784088625 vs. 3.170727784088625
list:
dist: 2.494073632218654 vs. 2.494073632218654
list:
dist: 2.042958319262902 vs. 2.042958319262902
list:
dist: 2.715266042795642 vs. 2.715266042795642
list:
dist: 2.3758189311502345 vs. 2.3758189311502345
list:
dist: 2.342935297522231 vs. 2.342935297522231
list:
dist: 3.666912979707108 vs. 3.666912979707108
list:
dist: 3.3354474610669826 vs. 3.3354474610669826
list:
dist: 2.9330045185381164 vs. 2.9330045185381164
list:
dist: 2.4352872499259095 vs. 2.4352872499259095
list:
dist: 3.6212792584978173 vs. 3.6212792584978173
list:
dist: 2.0599559088403274 vs. 2.0599559088403274
list:
dist: 1.998064662336274 vs. 1.998064662336274
list:
dist: 1.6861659800375797 vs. 1.6861659800375797
list:
dist: 1.3509697461142465 vs. 1.3509697461142465
list:
dist: 2.346400554176237 vs. 2.346400554176237
list:
dist: 1.5731385209478155 vs. 1.5731385209478155
list:
dist: 1.8742504436170566 vs. 1.8742504436170566
list:
dist: 1.358409546286102 vs. 1.358409546286102
list:
dist: 1.1196732243038405 vs. 1.1196732243038405
list:
dist: 1.4792118495112947 vs. 1.4792118495112947
list:
dist: 1.070249963123112 vs. 1.070249963123112
list:
dist: 1.5723608674084741 vs. 1.5723608674084741
list:
dist: 0.5828503550193445 vs. 0.5828503550193445
list:
dist: 1.216879088276225 vs. 1.216879088276225
list:
dist: 1.342371438540506 vs. 1.342371438540506
list:
dist: 1.1130912036602982 vs. 1.1130912036602982
list:
dist: 3.546930895250934 vs. 3.546930895250934
list:
dist: 0.6405374281723063 vs. 0.6405374281723063
list:
dist: 3.7214563609462514 vs. 3.7214563609462514
list:
dist: 3.535692197389199 vs. 3.535692197389199
list:
dist: 3.021752895631742 vs. 3.021752895631742
list:
dist: 3.2440953135561585 vs. 3.2440953135561585
list:
dist: 3.9071627400134883 vs. 3.9071627400134883
list:
dist: 3.302814542406882 vs. 3.302814542406882
list:
dist: 3.7066033807883607 vs. 3.7066033807883607
list:
dist: 3.683809660136635 vs. 3.683809660136635
list:
dist: 3.954675884859534 vs. 3.954675884859534
list:
dist: 3.457798571736332 vs. 3.457798571736332
list:
dist: 2.550433477241057 vs. 2.550433477241057
list:
dist: 3.0728465332832338 vs. 3.0728465332832338
list:
dist: 3.5208625336971817 vs. 3.5208625336971817
list:
dist: 4.490104516879719 vs. 4.490104516879719
list:
dist: 3.7384620148896652 vs. 3.7384620148896652
list:
dist: 3.2046406018106652 vs. 3.2046406018106652
list:
dist: 3.3099570716959823 vs. 3.3099570716959823
list:
dist: 3.79389744912291 vs. 3.79389744912291
list:
dist: 3.3179444757457706 vs. 3.3179444757457706
list:
dist: 1.4814887082003614 vs. 1.4814887082003614
list:
dist: 1.916946629371478 vs. 1.916946629371478
list:
dist: 1.6264714548861956 vs. 1.6264714548861956
list:
dist: 1.0021061589220825 vs. 1.0021061589220825
list:
dist: 1.629266206093925 vs. 1.629266206093925
list:
dist: 0.968856346804631 vs. 0.968856346804631
list:
dist: 3.9665729561094643 vs. 3.9665729561094643
list:
dist: 2.100936724367222 vs. 2.100936724367222
list:
dist: 1.7237624524918966 vs. 1.7237624524918966
list:
dist: 1.219090206911159 vs. 1.219090206911159
list:
dist: 1.6887377816179179 vs. 1.6887377816179179
list:
dist: 2.013446427519786 vs. 2.013446427519786
list:
dist: 1.9721106760573448 vs. 1.9721106760573448
list:
dist: 3.010563278946096 vs. 3.010563278946096
list:
dist: 2.5820839410587575 vs. 2.5820839410587575
list:
dist: 2.3187885136086175 vs. 2.3187885136086175
list:
dist: 1.8979614986506912 vs. 1.8979614986506912
list:
dist: 2.7974312812476425 vs. 2.7974312812476425
list:
dist: 1.2834303538692344 vs. 1.2834303538692344
list:
dist: 1.544584401257892 vs. 1.544584401257892
list:
dist: 1.0057153657064863 vs. 1.0057153657064863
list:
dist: 0.9421702403975273 vs. 0.9421702403975273
list:
dist: 1.4398875834231917 vs. 1.4398875834231917
list:
dist: 0.8299784358836275 vs. 0.8299784358836275
list:
dist: 0.8540822129791827 vs. 0.8540822129791827
list:
dist: 0.9481570087246081 vs. 0.9481570087246081
list:
dist: 0.9704089694047008 vs. 0.9704089694047008
list:
dist: 0.6300116983748114 vs. 0.6300116983748114
list:
dist: 1.070249963123112 vs. 1.070249963123112
list:
dist: 1.030724569699599 vs. 1.030724569699599
list:
dist: 1.1286818154476683 vs. 1.1286818154476683
list:
dist: 1.876361860894139 vs. 1.876361860894139
list:
dist: 1.0678709117146172 vs. 1.0678709117146172
list:
dist: 1.2009055851964165 vs. 1.2009055851964165
list:
dist: 3.470103775301532 vs. 3.470103775301532
list:
dist: 1.5702927519675698 vs. 1.5702927519675698
list:
dist: 3.2593066614525212 vs. 3.2593066614525212
list:
dist: 2.978723683946492 vs. 2.978723683946492
list:
dist: 2.9561502269763666 vs. 2.9561502269763666
list:
dist: 3.2355325998592166 vs. 3.2355325998592166
list:
dist: 3.5843677969423666 vs. 3.5843677969423666
list:
dist: 3.3053247886569093 vs. 3.3053247886569093
list:
dist: 3.333167586739714 vs. 3.333167586739714
list:
dist: 3.304739580279874 vs. 3.304739580279874
list:
dist: 3.485304207763137 vs. 3.485304207763137
list:
dist: 2.9760822561854052 vs. 2.9760822561854052
list:
dist: 2.553209984945044 vs. 2.553209984945044
list:
dist: 3.1544417542573 vs. 3.1544417542573
list:
dist: 2.9990246674493846 vs. 2.9990246674493846
list:
dist: 4.212148590567465 vs. 4.212148590567465
list:
dist: 3.8960471252220636 vs. 3.8960471252220636
list:
dist: 3.0773407261740333 vs. 3.0773407261740333
list:
dist: 3.4517159802851696 vs. 3.4517159802851696
list:
dist: 3.9181328396509705 vs. 3.9181328396509705
list:
dist: 3.5476588598623437 vs. 3.5476588598623437
list:
dist: 1.5382498765447485 vs. 1.5382498765447485
list:
dist: 2.4240629916053487 vs. 2.4240629916053487
list:
dist: 2.306581502297259 vs. 2.306581502297259
list:
dist: 1.733057980035503 vs. 1.733057980035503
list:
dist: 1.9810534680728191 vs. 1.9810534680728191
list:
dist: 1.634944136220415 vs. 1.634944136220415
list:
dist: 4.207807354565581 vs. 4.207807354565581
list:
dist: 1.9036862968149975 vs. 1.9036862968149975
list:
dist: 2.0596283563161535 vs. 2.0596283563161535
list:
dist: 1.2804161831353547 vs. 1.2804161831353547
list:
dist: 1.703122550682568 vs. 1.703122550682568
list:
dist: 1.9916076419017517 vs. 1.9916076419017517
list:
dist: 2.3034944290463497 vs. 2.3034944290463497
list:
dist: 2.741596409667482 vs. 2.741596409667482
list:
dist: 2.1431451738533323 vs. 2.1431451738533323
list:
dist: 1.7713695086534067 vs. 1.7713695086534067
list:
dist: 1.3731560178282676 vs. 1.3731560178282676
list:
dist: 2.318437006436743 vs. 2.318437006436743
list:
dist: 0.6894740913530001 vs. 0.6894740913530001
list:
dist: 1.1709406500494381 vs. 1.1709406500494381
list:
dist: 1.0020810229982147 vs. 1.0020810229982147
list:
dist: 1.417059134610207 vs. 1.417059134610207
list:
dist: 1.4183848064700855 vs. 1.4183848064700855
list:
dist: 1.0056147178297556 vs. 1.0056147178297556
list:
dist: 0.6492619860965613 vs. 0.6492619860965613
list:
dist: 0.5987651587440769 vs. 0.5987651587440769
list:
dist: 1.4452178189738454 vs. 1.4452178189738454
list:
dist: 1.4792118495112947 vs. 1.4792118495112947
list:
dist: 0.6300116983748114 vs. 0.6300116983748114
list:
dist: 0.9077653888507575 vs. 0.9077653888507575
list:
dist: 1.4607767507389708 vs. 1.4607767507389708
list:
dist: 1.9639342329956537 vs. 1.9639342329956537
list:
dist: 1.6376260855108762 vs. 1.6376260855108762
list:
dist: 1.0525675775344057 vs. 1.0525675775344057
list:
dist: 3.0837979553951342 vs. 3.0837979553951342
list:
dist: 2.0311109230230144 vs. 2.0311109230230144
list:
dist: 2.937705353794396 vs. 2.937705353794396
list:
dist: 2.5845070268451487 vs. 2.5845070268451487
list:
dist: 2.7893970090595706 vs. 2.7893970090595706
list:
dist: 2.7918198677955237 vs. 2.7918198677955237
list:
dist: 3.0160495019362705 vs. 3.0160495019362705
list:
dist: 2.91858292191571 vs. 2.91858292191571
list:
dist: 2.785953451943473 vs. 2.785953451943473
list:
dist: 2.7317793082560184 vs. 2.7317793082560184
list:
dist: 2.9809812269482805 vs. 2.9809812269482805
list:
dist: 2.479332124766282 vs. 2.479332124766282
list:
dist: 2.168047947491417 vs. 2.168047947491417
list:
dist: 2.7704149908848854 vs. 2.7704149908848854
list:
dist: 2.4244194739437104 vs. 2.4244194739437104
list:
dist: 3.6289913052059064 vs. 3.6289913052059064
list:
dist: 3.485281453097581 vs. 3.485281453097581
list:
dist: 2.565178983084057 vs. 2.565178983084057
list:
dist: 3.0460689675198447 vs. 3.0460689675198447
list:
dist: 3.503300769416014 vs. 3.503300769416014
list:
dist: 3.190407629125817 vs. 3.190407629125817
list:
dist: 1.5559056077796907 vs. 1.5559056077796907
list:
dist: 2.278479590522983 vs. 2.278479590522983
list:
dist: 2.2788073354518197 vs. 2.2788073354518197
list:
dist: 1.8093236682510199 vs. 1.8093236682510199
list:
dist: 1.8275408789764156 vs. 1.8275408789764156
list:
dist: 1.8394158638574554 vs. 1.8394158638574554
list:
dist: 3.824420687672604 vs. 3.824420687672604
list:
dist: 2.5286934852051517 vs. 2.5286934852051517
list:
dist: 1.277949577637114 vs. 1.277949577637114
list:
dist: 1.2855934319617768 vs. 1.2855934319617768
list:
dist: 1.8564126975984019 vs. 1.8564126975984019
list:
dist: 1.9671904388254806 vs. 1.9671904388254806
list:
dist: 1.241751796751006 vs. 1.241751796751006
list:
dist: 3.880613015182457 vs. 3.880613015182457
list:
dist: 3.549136146152012 vs. 3.549136146152012
list:
dist: 3.3690518789824617 vs. 3.3690518789824617
list:
dist: 2.963284216290925 vs. 2.963284216290925
list:
dist: 3.736777942793399 vs. 3.736777942793399
list:
dist: 2.3038426947602115 vs. 2.3038426947602115
list:
dist: 2.5982440692612987 vs. 2.5982440692612987
list:
dist: 1.895787025047757 vs. 1.895787025047757
list:
dist: 1.272747379804724 vs. 1.272747379804724
list:
dist: 2.0872166553245544 vs. 2.0872166553245544
list:
dist: 1.004231205351556 vs. 1.004231205351556
list:
dist: 1.5172162836768082 vs. 1.5172162836768082
list:
dist: 1.9820751960158223 vs. 1.9820751960158223
list:
dist: 0.5358683361711947 vs. 0.5358683361711947
list:
dist: 1.6376260855108762 vs. 1.6376260855108762
list:
dist: 1.342371438540506 vs. 1.342371438540506
list:
dist: 1.0678709117146172 vs. 1.0678709117146172
list:
dist: 2.0215471315106015 vs. 2.0215471315106015
list:
dist: 1.266820199774586 vs. 1.266820199774586
list:
dist: 2.193115102078828 vs. 2.193115102078828
list:
dist: 2.0788574230567347 vs. 2.0788574230567347
list:
dist: 4.012453484815234 vs. 4.012453484815234
list:
dist: 1.6411552907130773 vs. 1.6411552907130773
list:
dist: 4.2272139154207045 vs. 4.2272139154207045
list:
dist: 3.9793649200101395 vs. 3.9793649200101395
list:
dist: 3.8622666151085125 vs. 3.8622666151085125
list:
dist: 4.230928837373373 vs. 4.230928837373373
list:
dist: 4.624657550139127 vs. 4.624657550139127
list:
dist: 4.315718874290751 vs. 4.315718874290751
list:
dist: 4.396115403617202 vs. 4.396115403617202
list:
dist: 4.352672875976668 vs. 4.352672875976668
list:
dist: 4.544533920238905 vs. 4.544533920238905
list:
dist: 4.035895286277993 vs. 4.035895286277993
list:
dist: 3.5484516601029825 vs. 3.5484516601029825
list:
dist: 4.132169885804091 vs. 4.132169885804091
list:
dist: 4.053065282805325 vs. 4.053065282805325
list:
dist: 5.159527070713964 vs. 5.159527070713964
list:
dist: 4.808386021475207 vs. 4.808386021475207
list:
dist: 4.050798530066214 vs. 4.050798530066214
list:
dist: 4.364087355871709 vs. 4.364087355871709
list:
dist: 4.8677040489504035 vs. 4.8677040489504035
list:
dist: 4.448202616860719 vs. 4.448202616860719
list:
dist: 2.3831035129722538 vs. 2.3831035129722538
list:
dist: 3.151969735934119 vs. 3.151969735934119
list:
dist: 2.844130379770722 vs. 2.844130379770722
list:
dist: 2.286832591781505 vs. 2.286832591781505
list:
dist: 2.816277534117314 vs. 2.816277534117314
list:
dist: 2.2028421271979193 vs. 2.2028421271979193
list:
dist: 5.0067969664586585 vs. 5.0067969664586585
list:
dist: 2.9391457191799195 vs. 2.9391457191799195
list:
dist: 2.91626245546658 vs. 2.91626245546658
list:
dist: 2.1330671764006217 vs. 2.1330671764006217
list:
dist: 2.73414093982244 vs. 2.73414093982244
list:
dist: 2.41971074821401 vs. 2.41971074821401
list:
dist: 2.8835317596360626 vs. 2.8835317596360626
list:
dist: 3.1011155309507115 vs. 3.1011155309507115
list:
dist: 2.5860079368495743 vs. 2.5860079368495743
list:
dist: 1.985447231247157 vs. 1.985447231247157
list:
dist: 1.4794217412440025 vs. 1.4794217412440025
list:
dist: 2.8549587409916004 vs. 2.8549587409916004
list:
dist: 1.31302672740244 vs. 1.31302672740244
list:
dist: 1.1803093041612032 vs. 1.1803093041612032
list:
dist: 1.4563285742316776 vs. 1.4563285742316776
list:
dist: 1.7727312424539745 vs. 1.7727312424539745
list:
dist: 2.199966728991198 vs. 2.199966728991198
list:
dist: 1.7296532568814522 vs. 1.7296532568814522
list:
dist: 1.6767093587256872 vs. 1.6767093587256872
list:
dist: 0.5564878412900245 vs. 0.5564878412900245
list:
dist: 1.7651476105298851 vs. 1.7651476105298851
list:
dist: 1.0525675775344057 vs. 1.0525675775344057
list:
dist: 1.1130912036602982 vs. 1.1130912036602982
list:
dist: 1.2009055851964165 vs. 1.2009055851964165
list:
dist: 1.1423546633010748 vs. 1.1423546633010748
list:
dist: 1.2172260293496817 vs. 1.2172260293496817
list:
dist: 1.2763569102209902 vs. 1.2763569102209902
list:
dist: 2.0788574230567347 vs. 2.0788574230567347
list:
dist: 2.8748430692524884 vs. 2.8748430692524884
list:
dist: 1.5953730002386715 vs. 1.5953730002386715
list:
dist: 3.0017605068673707 vs. 3.0017605068673707
list:
dist: 2.744083838712657 vs. 2.744083838712657
list:
dist: 2.432429170024001 vs. 2.432429170024001
list:
dist: 2.185568008398405 vs. 2.185568008398405
list:
dist: 2.797496338991086 vs. 2.797496338991086
list:
dist: 2.319978034155548 vs. 2.319978034155548
list:
dist: 2.6277769701784632 vs. 2.6277769701784632
list:
dist: 2.583725343567453 vs. 2.583725343567453
list:
dist: 2.9678963296523984 vs. 2.9678963296523984
list:
dist: 2.4871059123431136 vs. 2.4871059123431136
list:
dist: 1.5141330150022434 vs. 1.5141330150022434
list:
dist: 2.0702576014655127 vs. 2.0702576014655127
list:
dist: 2.477575246988129 vs. 2.477575246988129
list:
dist: 3.4069114597276324 vs. 3.4069114597276324
list:
dist: 2.7569799052183113 vs. 2.7569799052183113
list:
dist: 2.1098792262188693 vs. 2.1098792262188693
list:
dist: 2.315290244535486 vs. 2.315290244535486
list:
dist: 2.7954281576301323 vs. 2.7954281576301323
list:
dist: 2.378771171985421 vs. 2.378771171985421
list:
dist: 1.123485826809214 vs. 1.123485826809214
list:
dist: 1.2499647986201217 vs. 1.2499647986201217
list:
dist: 1.2964789814997018 vs. 1.2964789814997018
list:
dist: 0.8509578414053536 vs. 0.8509578414053536
list:
dist: 0.829270052347705 vs. 0.829270052347705
list:
dist: 1.0986639668893117 vs. 1.0986639668893117
list:
dist: 3.0842036658457403 vs. 3.0842036658457403
list:
dist: 3.3191689822394013 vs. 3.3191689822394013
list:
dist: 3.1251264784828967 vs. 3.1251264784828967
list:
dist: 2.7150594748260457 vs. 2.7150594748260457
list:
dist: 2.2240438388037758 vs. 2.2240438388037758
list:
dist: 3.4891137121884435 vs. 3.4891137121884435
list:
dist: 2.1716557305306607 vs. 2.1716557305306607
list:
dist: 1.7240065828368063 vs. 1.7240065828368063
list:
dist: 1.690506983199724 vs. 1.690506983199724
list:
dist: 1.634690964287704 vs. 1.634690964287704
list:
dist: 2.4956338718678914 vs. 2.4956338718678914
list:
dist: 2.3455624549833995 vs. 2.3455624549833995
list:
dist: 2.401229882244947 vs. 2.401229882244947
list:
dist: 1.4292121913577778 vs. 1.4292121913577778
list:
dist: 2.053479617632294 vs. 2.053479617632294
list:
dist: 1.8394158638574554 vs. 1.8394158638574554
list:
dist: 0.968856346804631 vs. 0.968856346804631
list:
dist: 1.634944136220415 vs. 1.634944136220415
list:
dist: 1.472021186516941 vs. 1.472021186516941
list:
dist: 1.4656586109508574 vs. 1.4656586109508574
list:
dist: 1.618657614361121 vs. 1.618657614361121
list:
dist: 2.2028421271979193 vs. 2.2028421271979193
list:
dist: 1.0986639668893117 vs. 1.0986639668893117
list:
dist: 3.8369955574846832 vs. 3.8369955574846832
list:
dist: 0.9153302173894555 vs. 0.9153302173894555
list:
dist: 3.183977030289918 vs. 3.183977030289918
list:
dist: 3.1048023029999956 vs. 3.1048023029999956
list:
dist: 2.238677866058596 vs. 2.238677866058596
list:
dist: 2.737712795296888 vs. 2.737712795296888
list:
dist: 3.55227702917088 vs. 3.55227702917088
list:
dist: 2.6379803349961146 vs. 2.6379803349961146
list:
dist: 3.300644964280568 vs. 3.300644964280568
list:
dist: 3.35166145709848 vs. 3.35166145709848
list:
dist: 3.4991333977077974 vs. 3.4991333977077974
list:
dist: 3.0401505215331457 vs. 3.0401505215331457
list:
dist: 2.0212437523210043 vs. 2.0212437523210043
list:
dist: 2.476504427149219 vs. 2.476504427149219
list:
dist: 3.2316427212770096 vs. 3.2316427212770096
list:
dist: 4.297257282253145 vs. 4.297257282253145
list:
dist: 3.26808818886333 vs. 3.26808818886333
list:
dist: 2.912276158106448 vs. 2.912276158106448
list:
dist: 2.873086042811293 vs. 2.873086042811293
list:
dist: 3.249856904457053 vs. 3.249856904457053
list:
dist: 2.780243602266668 vs. 2.780243602266668
list:
dist: 0.8750401596656282 vs. 0.8750401596656282
list:
dist: 1.4939263324627086 vs. 1.4939263324627086
list:
dist: 1.48713384276639 vs. 1.48713384276639
list:
dist: 0.8774226025987556 vs. 0.8774226025987556
list:
dist: 1.0905379419907717 vs. 1.0905379419907717
list:
dist: 3.6587428438076324 vs. 3.6587428438076324
list:
dist: 3.2579527821783665 vs. 3.2579527821783665
list:
dist: 3.510181175873846 vs. 3.510181175873846
list:
dist: 2.8038898954937457 vs. 2.8038898954937457
list:
dist: 2.5834450617998583 vs. 2.5834450617998583
list:
dist: 3.1402843250044596 vs. 3.1402843250044596
list:
dist: 2.9565648293106843 vs. 2.9565648293106843
list:
dist: 2.735390426810199 vs. 2.735390426810199
list:
dist: 1.9759290984456932 vs. 1.9759290984456932
list:
dist: 1.4717847031476943 vs. 1.4717847031476943
list:
dist: 2.6376396272140963 vs. 2.6376396272140963
list:
dist: 2.1276117198826787 vs. 2.1276117198826787
list:
dist: 2.417502853944603 vs. 2.417502853944603
list:
dist: 1.8624428596745333 vs. 1.8624428596745333
list:
dist: 1.5720297017153493 vs. 1.5720297017153493
list:
dist: 2.0311109230230144 vs. 2.0311109230230144
list:
dist: 0.6405374281723063 vs. 0.6405374281723063
list:
dist: 1.5702927519675698 vs. 1.5702927519675698
list:
dist: 1.8983478685231516 vs. 1.8983478685231516
list:
dist: 1.1411839889821698 vs. 1.1411839889821698
list:
dist: 1.6198267986175274 vs. 1.6198267986175274
list:
dist: 1.6411552907130773 vs. 1.6411552907130773
list:
dist: 1.5953730002386715 vs. 1.5953730002386715
list:
dist: 4.112200844151424 vs. 4.112200844151424
list:
dist: 1.5911509451526458 vs. 1.5911509451526458
list:
dist: 2.1584742917368853 vs. 2.1584742917368853
list:
dist: 1.8792461963589973 vs. 1.8792461963589973
list:
dist: 1.2714585781321517 vs. 1.2714585781321517
list:
dist: 1.8853527937306223 vs. 1.8853527937306223
list:
dist: 0.9153302173894555 vs. 0.9153302173894555
list:
dist: 4.311111353939477 vs. 4.311111353939477
list:
dist: 3.797144598220529 vs. 3.797144598220529
list:
dist: 3.380871197729759 vs. 3.380871197729759
list:
dist: 2.771977026232282 vs. 2.771977026232282
list:
dist: 2.269077823422938 vs. 2.269077823422938
list:
dist: 3.6774353940254145 vs. 3.6774353940254145
list:
dist: 2.162079398755028 vs. 2.162079398755028
list:
dist: 1.9344282063840437 vs. 1.9344282063840437
list:
dist: 2.111924273915888 vs. 2.111924273915888
list:
dist: 2.1430894404006917 vs. 2.1430894404006917
list:
dist: 2.893791615153875 vs. 2.893791615153875
list:
dist: 2.206485014770375 vs. 2.206485014770375
list:
dist: 2.3722563495085063 vs. 2.3722563495085063
list:
dist: 1.3921683938406137 vs. 1.3921683938406137
list:
dist: 1.9426370247370008 vs. 1.9426370247370008
list:
dist: 1.8093236682510199 vs. 1.8093236682510199
list:
dist: 1.0021061589220825 vs. 1.0021061589220825
list:
dist: 1.733057980035503 vs. 1.733057980035503
list:
dist: 1.8329875001564564 vs. 1.8329875001564564
list:
dist: 1.1436194946042522 vs. 1.1436194946042522
list:
dist: 0.8260446330580485 vs. 0.8260446330580485
list:
dist: 2.286832591781505 vs. 2.286832591781505
list:
dist: 0.8509578414053536 vs. 0.8509578414053536
list:
dist: 3.0660472159401495 vs. 3.0660472159401495
list:
dist: 1.2714585781321517 vs. 1.2714585781321517
list:
dist: 3.6162726699739225 vs. 3.6162726699739225
list:
dist: 3.4373026046349766 vs. 3.4373026046349766
list:
dist: 2.7760305498423645 vs. 2.7760305498423645
list:
dist: 2.4965701708459243 vs. 2.4965701708459243
list:
dist: 3.34450095091268 vs. 3.34450095091268
list:
dist: 2.625290795171094 vs. 2.625290795171094
list:
dist: 3.2312862300465026 vs. 3.2312862300465026
list:
dist: 3.1881733534771333 vs. 3.1881733534771333
list:
dist: 3.6207256917195108 vs. 3.6207256917195108
list:
dist: 3.1702840742299423 vs. 3.1702840742299423
list:
dist: 1.8886962397142144 vs. 1.8886962397142144
list:
dist: 2.303617566412833 vs. 2.303617566412833
list:
dist: 3.188132457223556 vs. 3.188132457223556
list:
dist: 3.8573064253652314 vs. 3.8573064253652314
list:
dist: 2.8457252228833574 vs. 2.8457252228833574
list:
dist: 2.519714425487222 vs. 2.519714425487222
list:
dist: 2.4401044620619268 vs. 2.4401044620619268
list:
dist: 2.929845392416741 vs. 2.929845392416741
list:
dist: 2.412732923677459 vs. 2.412732923677459
list:
dist: 1.4772717977430845 vs. 1.4772717977430845
list:
dist: 0.9420031105127542 vs. 0.9420031105127542
list:
dist: 0.6781219840243661 vs. 0.6781219840243661
list:
dist: 0.8719552765846658 vs. 0.8719552765846658
list:
dist: 0.8774226025987556 vs. 0.8774226025987556
list:
dist: 3.043721034664479 vs. 3.043721034664479
list:
dist: 3.1474778704885558 vs. 3.1474778704885558
list:
dist: 3.2256528552281543 vs. 3.2256528552281543
list:
dist: 3.2485577302415765 vs. 3.2485577302415765
list:
dist: 2.826708666622687 vs. 2.826708666622687
list:
dist: 2.161745287514319 vs. 2.161745287514319
list:
dist: 1.6980578690025212 vs. 1.6980578690025212
list:
dist: 3.1440281972803468 vs. 3.1440281972803468
list:
dist: 1.8913709317767324 vs. 1.8913709317767324
list:
dist: 1.4362886792317788 vs. 1.4362886792317788
list:
dist: 1.979014246088196 vs. 1.979014246088196
list:
dist: 2.3448566496816645 vs. 2.3448566496816645
list:
dist: 2.77921509473439 vs. 2.77921509473439
list:
dist: 2.557232447374673 vs. 2.557232447374673
list:
dist: 2.47139877269126 vs. 2.47139877269126
list:
dist: 1.2456130487362784 vs. 1.2456130487362784
list:
dist: 2.517118510963761 vs. 2.517118510963761
list:
dist: 1.8275408789764156 vs. 1.8275408789764156
list:
dist: 1.629266206093925 vs. 1.629266206093925
list:
dist: 1.9810534680728191 vs. 1.9810534680728191
list:
dist: 1.6212229288665605 vs. 1.6212229288665605
list:
dist: 1.8377372297920513 vs. 1.8377372297920513
list:
dist: 1.5544245898981697 vs. 1.5544245898981697
list:
dist: 2.816277534117314 vs. 2.816277534117314
list:
dist: 0.829270052347705 vs. 0.829270052347705
list:
dist: 3.073269425359744 vs. 3.073269425359744
list:
dist: 1.8853527937306223 vs. 1.8853527937306223
list:
dist: 2.9191132116485026 vs. 2.9191132116485026
list:
dist: 2.754917197616674 vs. 2.754917197616674
list:
dist: 2.0950803222257806 vs. 2.0950803222257806
list:
dist: 1.6993201847962855 vs. 1.6993201847962855
list:
dist: 2.593436607879771 vs. 2.593436607879771
list:
dist: 1.757478247303047 vs. 1.757478247303047
list:
dist: 2.4457479173066585 vs. 2.4457479173066585
list:
dist: 2.4461387650772046 vs. 2.4461387650772046
list:
dist: 2.832687736384529 vs. 2.832687736384529
list:
dist: 2.4172895071713065 vs. 2.4172895071713065
list:
dist: 1.0467933087322452 vs. 1.0467933087322452
list:
dist: 1.4740485063766096 vs. 1.4740485063766096
list:
dist: 2.4811381537764023 vs. 2.4811381537764023
list:
dist: 3.2618552560771796 vs. 3.2618552560771796
list:
dist: 2.1970131508553976 vs. 2.1970131508553976
list:
dist: 1.8630839525711826 vs. 1.8630839525711826
list:
dist: 1.7893003473152838 vs. 1.7893003473152838
list:
dist: 2.2005320930434005 vs. 2.2005320930434005
list:
dist: 1.7353094732326502 vs. 1.7353094732326502
list:
dist: 1.180131838111738 vs. 1.180131838111738
list:
dist: 0.6435433006902858 vs. 0.6435433006902858
list:
dist: 1.0566381980639947 vs. 1.0566381980639947
list:
dist: 0.8719552765846658 vs. 0.8719552765846658
list:
dist: 1.0905379419907717 vs. 1.0905379419907717
list:
dist: 2.6219325098061854 vs. 2.6219325098061854
list:
dist: 2.3167623594025577 vs. 2.3167623594025577
list:
dist: 2.5113208384348047 vs. 2.5113208384348047
list:
dist: 2.0162422548468326 vs. 2.0162422548468326
list:
dist: 4.675654502174344 vs. 4.675654502174344
list:
dist: 3.441671409052118 vs. 3.441671409052118
list:
dist: 2.187951387279457 vs. 2.187951387279457
list:
dist: 1.9773880604462064 vs. 1.9773880604462064
list:
dist: 1.8831130332292236 vs. 1.8831130332292236
list:
dist: 4.537519471643718 vs. 4.537519471643718
list:
dist: 5.1648618091168546 vs. 5.1648618091168546
list:
dist: 4.1286333084505245 vs. 4.1286333084505245
list:
dist: 4.458714018035425 vs. 4.458714018035425
list:
dist: 5.174497065964294 vs. 5.174497065964294
list:
dist: 5.251079031868974 vs. 5.251079031868974
list:
dist: 4.515347576508391 vs. 4.515347576508391
list:
dist: 4.868545037189443 vs. 4.868545037189443
list:
dist: 4.904925565112391 vs. 4.904925565112391
list:
dist: 4.647292112123102 vs. 4.647292112123102
list:
dist: 5.578653046247512 vs. 5.578653046247512
list:
dist: 4.779591708164867 vs. 4.779591708164867
list:
dist: 2.8752807089665504 vs. 2.8752807089665504
list:
dist: 2.0518097155444894 vs. 2.0518097155444894
list:
dist: 1.8162260396761534 vs. 1.8162260396761534
list:
dist: 1.7865219535055286 vs. 1.7865219535055286
list:
dist: 1.440622057354122 vs. 1.440622057354122
list:
dist: 2.128195606004885 vs. 2.128195606004885
list:
dist: 1.1263835319938544 vs. 1.1263835319938544
list:
dist: 0.9758544975120258 vs. 0.9758544975120258
list:
dist: 0.9204934922067988 vs. 0.9204934922067988
list:
dist: 0.8296094596951851 vs. 0.8296094596951851
list:
dist: 1.7262738361593792 vs. 1.7262738361593792
list:
dist: 1.3206286958849012 vs. 1.3206286958849012
list:
dist: 1.0428652615345142 vs. 1.0428652615345142
list:
dist: 1.947973174279519 vs. 1.947973174279519
list:
dist: 1.0020810229982147 vs. 1.0020810229982147
list:
dist: 1.6861659800375797 vs. 1.6861659800375797
list:
dist: 1.0057153657064863 vs. 1.0057153657064863
list:
dist: 0.3754115875460637 vs. 0.3754115875460637
list:
dist: 1.9795581218402891 vs. 1.9795581218402891
list:
dist: 2.5589792624529606 vs. 2.5589792624529606
list:
dist: 1.895787025047757 vs. 1.895787025047757
list:
dist: 1.4563285742316776 vs. 1.4563285742316776
list:
dist: 3.341581951475204 vs. 3.341581951475204
list:
dist: 3.655057548120146 vs. 3.655057548120146
list:
dist: 3.975152038108007 vs. 3.975152038108007
list:
dist: 4.964636551147406 vs. 4.964636551147406
list:
dist: 4.449205230363114 vs. 4.449205230363114
list:
dist: 1.9759290984456932 vs. 1.9759290984456932
list:
dist: 2.3324844213885685 vs. 2.3324844213885685
list:
dist: 2.116505251535144 vs. 2.116505251535144
list:
dist: 2.1527330873764443 vs. 2.1527330873764443
list:
dist: 2.9814932385958843 vs. 2.9814932385958843
list:
dist: 3.247188402417673 vs. 3.247188402417673
list:
dist: 2.860818338250791 vs. 2.860818338250791
list:
dist: 2.860226045843859 vs. 2.860226045843859
list:
dist: 2.9369644078442643 vs. 2.9369644078442643
list:
dist: 2.80635661121849 vs. 2.80635661121849
list:
dist: 2.311319640119594 vs. 2.311319640119594
list:
dist: 2.2775392211370957 vs. 2.2775392211370957
list:
dist: 2.8709314447170744 vs. 2.8709314447170744
list:
dist: 2.522606534619283 vs. 2.522606534619283
list:
dist: 1.0883193056972236 vs. 1.0883193056972236
list:
dist: 2.581157910539485 vs. 2.581157910539485
list:
dist: 2.7014111490754487 vs. 2.7014111490754487
list:
dist: 2.111924273915888 vs. 2.111924273915888
list:
dist: 1.979014246088196 vs. 1.979014246088196
list:
dist: 1.690506983199724 vs. 1.690506983199724
list:
dist: 2.453212531104201 vs. 2.453212531104201
list:
dist: 2.999905413999381 vs. 2.999905413999381
list:
dist: 2.4280000167464646 vs. 2.4280000167464646
list:
dist: 2.5182559410863448 vs. 2.5182559410863448
list:
dist: 3.0894866162658463 vs. 3.0894866162658463
list:
dist: 2.191009908212435 vs. 2.191009908212435
list:
dist: 1.9450781685379253 vs. 1.9450781685379253
list:
dist: 1.452776733248992 vs. 1.452776733248992
list:
dist: 1.0267667069682187 vs. 1.0267667069682187
list:
dist: 0.5846014605050784 vs. 0.5846014605050784
list:
dist: 1.7885549311032807 vs. 1.7885549311032807
list:
dist: 0.8469582293632811 vs. 0.8469582293632811
list:
dist: 0.9758544975120258 vs. 0.9758544975120258
list:
dist: 1.8088470124448361 vs. 1.8088470124448361
list:
dist: 1.5781519172703768 vs. 1.5781519172703768
list:
dist: 2.16839162007689 vs. 2.16839162007689
list:
dist: 1.7010767017431587 vs. 1.7010767017431587
list:
dist: 0.8161310053780999 vs. 0.8161310053780999
list:
dist: 2.467027688557786 vs. 2.467027688557786
list:
dist: 1.1709406500494381 vs. 1.1709406500494381
list:
dist: 1.998064662336274 vs. 1.998064662336274
list:
dist: 1.544584401257892 vs. 1.544584401257892
list:
dist: 0.6671775087198886 vs. 0.6671775087198886
list:
dist: 2.2238951396789592 vs. 2.2238951396789592
list:
dist: 2.4552489653736167 vs. 2.4552489653736167
list:
dist: 2.5982440692612987 vs. 2.5982440692612987
list:
dist: 1.1803093041612032 vs. 1.1803093041612032
list:
dist: 3.4792392472630325 vs. 3.4792392472630325
list:
dist: 2.674763414524132 vs. 2.674763414524132
list:
dist: 2.242560026804992 vs. 2.242560026804992
list:
dist: 1.8764465840508713 vs. 1.8764465840508713
list:
dist: 1.5851527095763445 vs. 1.5851527095763445
list:
dist: 1.691051309667719 vs. 1.691051309667719
list:
dist: 2.030320640010252 vs. 2.030320640010252
list:
dist: 2.3019838036618117 vs. 2.3019838036618117
list:
dist: 1.9377496962928977 vs. 1.9377496962928977
list:
dist: 1.9275152366859878 vs. 1.9275152366859878
list:
dist: 2.006473815618672 vs. 2.006473815618672
list:
dist: 1.9977255019395728 vs. 1.9977255019395728
list:
dist: 1.4910790104428324 vs. 1.4910790104428324
list:
dist: 1.3684821716178703 vs. 1.3684821716178703
list:
dist: 1.9529333914041258 vs. 1.9529333914041258
list:
dist: 1.6696460515018436 vs. 1.6696460515018436
list:
dist: 3.235065847934066 vs. 3.235065847934066
list:
dist: 2.894265002571709 vs. 2.894265002571709
list:
dist: 2.063304797317169 vs. 2.063304797317169
list:
dist: 2.494971583926019 vs. 2.494971583926019
list:
dist: 2.790686386588661 vs. 2.790686386588661
list:
dist: 2.5623445012795507 vs. 2.5623445012795507
list:
dist: 1.0093591714680221 vs. 1.0093591714680221
list:
dist: 2.0315329022088897 vs. 2.0315329022088897
list:
dist: 2.349455073483511 vs. 2.349455073483511
list:
dist: 1.9344282063840437 vs. 1.9344282063840437
list:
dist: 1.4362886792317788 vs. 1.4362886792317788
list:
dist: 1.7240065828368063 vs. 1.7240065828368063
list:
dist: 3.489625372101723 vs. 3.489625372101723
list:
dist: 2.448243471833348 vs. 2.448243471833348
list:
dist: 2.3040499503758958 vs. 2.3040499503758958
list:
dist: 2.0105483885446365 vs. 2.0105483885446365
list:
dist: 1.5697947299819417 vs. 1.5697947299819417
list:
dist: 2.6971192234784587 vs. 2.6971192234784587
list:
dist: 1.657983696526496 vs. 1.657983696526496
list:
dist: 1.0093591714680221 vs. 1.0093591714680221
list:
dist: 1.0883193056972236 vs. 1.0883193056972236
list:
dist: 1.4514368061668976 vs. 1.4514368061668976
list:
dist: 1.8941672451212992 vs. 1.8941672451212992
list:
dist: 2.3394569081341485 vs. 2.3394569081341485
list:
dist: 2.128119344540222 vs. 2.128119344540222
list:
dist: 1.1255922905175313 vs. 1.1255922905175313
list:
dist: 2.3082240833739713 vs. 2.3082240833739713
list:
dist: 1.5559056077796907 vs. 1.5559056077796907
list:
dist: 1.4814887082003614 vs. 1.4814887082003614
list:
dist: 1.5382498765447485 vs. 1.5382498765447485
list:
dist: 0.8354043061648795 vs. 0.8354043061648795
list:
dist: 1.927209249488812 vs. 1.927209249488812
list:
dist: 2.192468804863838 vs. 2.192468804863838
list:
dist: 2.3831035129722538 vs. 2.3831035129722538
list:
dist: 1.123485826809214 vs. 1.123485826809214
list:
dist: 3.6234780225266014 vs. 3.6234780225266014
list:
dist: 3.9388968180681445 vs. 3.9388968180681445
list:
dist: 4.274384636685059 vs. 4.274384636685059
list:
dist: 5.186421712682058 vs. 5.186421712682058
list:
dist: 4.829731308817113 vs. 4.829731308817113
list:
dist: 1.5911509451526458 vs. 1.5911509451526458
list:
dist: 2.3321246118065804 vs. 2.3321246118065804
list:
dist: 2.253866996459636 vs. 2.253866996459636
list:
dist: 1.5489090559563319 vs. 1.5489090559563319
list:
dist: 2.432084108548047 vs. 2.432084108548047
list:
dist: 3.056352088333348 vs. 3.056352088333348
list:
dist: 2.21718068819709 vs. 2.21718068819709
list:
dist: 2.700879742299196 vs. 2.700879742299196
list:
dist: 2.811176540243275 vs. 2.811176540243275
list:
dist: 2.7578868572678923 vs. 2.7578868572678923
list:
dist: 2.292969937206823 vs. 2.292969937206823
list:
dist: 1.6787373293813153 vs. 1.6787373293813153
list:
dist: 2.200530527655903 vs. 2.200530527655903
list:
dist: 2.5791266683208254 vs. 2.5791266683208254
list:
dist: 1.801553853662435 vs. 1.801553853662435
list:
dist: 2.030796169799349 vs. 2.030796169799349
list:
dist: 1.4772717977430845 vs. 1.4772717977430845
list:
dist: 1.180131838111738 vs. 1.180131838111738
list:
dist: 0.8750401596656282 vs. 0.8750401596656282
list:
dist: 2.928772814638283 vs. 2.928772814638283
list:
dist: 2.2341168990036793 vs. 2.2341168990036793
list:
dist: 2.4534501154384376 vs. 2.4534501154384376
list:
dist: 2.065638099185547 vs. 2.065638099185547
list:
dist: 2.1307448373880242 vs. 2.1307448373880242
list:
dist: 2.872184719443637 vs. 2.872184719443637
list:
dist: 2.9847236024728345 vs. 2.9847236024728345
list:
dist: 2.11801530014231 vs. 2.11801530014231
list:
dist: 1.7939253391300525 vs. 1.7939253391300525
list:
dist: 1.5948170545072282 vs. 1.5948170545072282
list:
dist: 1.183944332827541 vs. 1.183944332827541
list:
dist: 2.1218378968649754 vs. 2.1218378968649754
list:
dist: 0.9747985493655826 vs. 0.9747985493655826
list:
dist: 0.6671775087198886 vs. 0.6671775087198886
list:
dist: 0.3754115875460637 vs. 0.3754115875460637
list:
dist: 1.1423811072783858 vs. 1.1423811072783858
list:
dist: 1.1629402831714275 vs. 1.1629402831714275
list:
dist: 1.7720695183359714 vs. 1.7720695183359714
list:
dist: 1.3890967826677054 vs. 1.3890967826677054
list:
dist: 0.7480951184141374 vs. 0.7480951184141374
list:
dist: 1.9795064908628555 vs. 1.9795064908628555
list:
dist: 0.9077653888507575 vs. 0.9077653888507575
list:
dist: 1.5723608674084741 vs. 1.5723608674084741
list:
dist: 1.030724569699599 vs. 1.030724569699599
list:
dist: 1.8615724927959292 vs. 1.8615724927959292
list:
dist: 2.3232418512960957 vs. 2.3232418512960957
list:
dist: 2.0215471315106015 vs. 2.0215471315106015
list:
dist: 1.1423546633010748 vs. 1.1423546633010748
list:
dist: 3.733283145192182 vs. 3.733283145192182
list:
dist: 1.8983478685231516 vs. 1.8983478685231516
list:
dist: 2.254311785835206 vs. 2.254311785835206
list:
dist: 2.024862949334064 vs. 2.024862949334064
list:
dist: 1.970236446726953 vs. 1.970236446726953
list:
dist: 2.625223328012107 vs. 2.625223328012107
list:
dist: 2.9564762939251494 vs. 2.9564762939251494
list:
dist: 2.5250799884048045 vs. 2.5250799884048045
list:
dist: 2.5913917740135344 vs. 2.5913917740135344
list:
dist: 2.659232675860504 vs. 2.659232675860504
list:
dist: 2.610735779329789 vs. 2.610735779329789
list:
dist: 2.106785585538638 vs. 2.106785585538638
list:
dist: 1.9126331841640352 vs. 1.9126331841640352
list:
dist: 2.509334437062425 vs. 2.509334437062425
list:
dist: 2.2977611234184208 vs. 2.2977611234184208
list:
dist: 3.8283541984321223 vs. 3.8283541984321223
list:
dist: 3.4339066383049115 vs. 3.4339066383049115
list:
dist: 2.6372732729311497 vs. 2.6372732729311497
list:
dist: 3.0153225465430493 vs. 3.0153225465430493
list:
dist: 3.3586942125077055 vs. 3.3586942125077055
list:
dist: 3.062406490093581 vs. 3.062406490093581
list:
dist: 0.8354043061648795 vs. 0.8354043061648795
list:
dist: 2.2281297315841084 vs. 2.2281297315841084
list:
dist: 2.3898593867036007 vs. 2.3898593867036007
list:
dist: 1.8329875001564564 vs. 1.8329875001564564
list:
dist: 1.6212229288665605 vs. 1.6212229288665605
list:
dist: 1.472021186516941 vs. 1.472021186516941
list:
dist: 3.956522442478458 vs. 3.956522442478458
list:
dist: 1.8762896064948866 vs. 1.8762896064948866
list:
dist: 1.469468433095918 vs. 1.469468433095918
list:
dist: 1.0799541502484167 vs. 1.0799541502484167
list:
dist: 0.5644329524025258 vs. 0.5644329524025258
list:
dist: 0.9541165100372315 vs. 0.9541165100372315
list:
dist: 1.1234967850549102 vs. 1.1234967850549102
list:
dist: 1.2600213404921032 vs. 1.2600213404921032
list:
dist: 0.9204222958541111 vs. 0.9204222958541111
list:
dist: 2.0310715896320763 vs. 2.0310715896320763
list:
dist: 1.5464061940556317 vs. 1.5464061940556317
list:
dist: 1.6162770320817754 vs. 1.6162770320817754
list:
dist: 1.473621246349758 vs. 1.473621246349758
list:
dist: 1.0077036142766513 vs. 1.0077036142766513
list:
dist: 0.299365475221287 vs. 0.299365475221287
list:
dist: 0.6134455435561181 vs. 0.6134455435561181
list:
dist: 1.994195515558312 vs. 1.994195515558312
list:
dist: 1.521453928676014 vs. 1.521453928676014
list:
dist: 2.0361244310361877 vs. 2.0361244310361877
list:
dist: 1.5508012131791624 vs. 1.5508012131791624
list:
dist: 4.335893472262845 vs. 4.335893472262845
list:
dist: 4.125766030554993 vs. 4.125766030554993
list:
dist: 4.27613298927149 vs. 4.27613298927149
list:
dist: 3.8645581053379585 vs. 3.8645581053379585
list:
dist: 3.799209397959457 vs. 3.799209397959457
list:
dist: 4.10315366731463 vs. 4.10315366731463
list:
dist: 2.302630862302751 vs. 2.302630862302751
list:
dist: 1.8182262086284655 vs. 1.8182262086284655
list:
dist: 1.172881427152572 vs. 1.172881427152572
list:
dist: 0.7218496138183029 vs. 0.7218496138183029
list:
dist: 1.4366820818608155 vs. 1.4366820818608155
list:
dist: 1.1330531147476457 vs. 1.1330531147476457
list:
dist: 1.5789172239936977 vs. 1.5789172239936977
list:
dist: 1.5195874820577508 vs. 1.5195874820577508
list:
dist: 2.5962306328133673 vs. 2.5962306328133673
list:
dist: 2.1017407539434645 vs. 2.1017407539434645
list:
dist: 2.15448510172947 vs. 2.15448510172947
list:
dist: 1.8813592802468997 vs. 1.8813592802468997
list:
dist: 1.5663999284740278 vs. 1.5663999284740278
list:
dist: 0.8816918044019154 vs. 0.8816918044019154
list:
dist: 0.6134455435561181 vs. 0.6134455435561181
list:
dist: 2.4901563045482527 vs. 2.4901563045482527
list:
dist: 2.1312038932612474 vs. 2.1312038932612474
list:
dist: 2.5016062752786143 vs. 2.5016062752786143
list:
dist: 2.085133295705279 vs. 2.085133295705279
list:
dist: 4.030035248032193 vs. 4.030035248032193
list:
dist: 3.9182395081839605 vs. 3.9182395081839605
list:
dist: 3.9477242936046024 vs. 3.9477242936046024
list:
dist: 3.820306691274296 vs. 3.820306691274296
list:
dist: 4.118006889967321 vs. 4.118006889967321
list:
dist: 3.8701236668567898 vs. 3.8701236668567898
list:
dist: 2.199154164689318 vs. 2.199154164689318
list:
dist: 1.175252823344219 vs. 1.175252823344219
list:
dist: 1.2515137488941155 vs. 1.2515137488941155
list:
dist: 0.6198746940606955 vs. 0.6198746940606955
list:
dist: 1.696244915751212 vs. 1.696244915751212
list:
dist: 1.736866629219871 vs. 1.736866629219871
list:
dist: 1.4454114634641257 vs. 1.4454114634641257
list:
dist: 1.2745076922172989 vs. 1.2745076922172989
list:
dist: 0.9137582148548621 vs. 0.9137582148548621
list:
dist: 1.3596989495744236 vs. 1.3596989495744236
list:
dist: 1.1355155107161297 vs. 1.1355155107161297
list:
dist: 0.9096733353533721 vs. 0.9096733353533721
list:
dist: 1.3201657540512897 vs. 1.3201657540512897
list:
dist: 1.469468433095918 vs. 1.469468433095918
list:
dist: 1.8182262086284655 vs. 1.8182262086284655
list:
dist: 2.1066796888430512 vs. 2.1066796888430512
list:
dist: 1.567854779718579 vs. 1.567854779718579
list:
dist: 1.811522424548244 vs. 1.811522424548244
list:
dist: 0.9222917524038005 vs. 0.9222917524038005
list:
dist: 3.7970113737225484 vs. 3.7970113737225484
list:
dist: 3.5541496999775726 vs. 3.5541496999775726
list:
dist: 3.855583236955624 vs. 3.855583236955624
list:
dist: 3.1597302174446145 vs. 3.1597302174446145
list:
dist: 2.455915583569313 vs. 2.455915583569313
list:
dist: 1.812805534930375 vs. 1.812805534930375
list:
dist: 1.2515137488941155 vs. 1.2515137488941155
list:
dist: 0.5250845062904294 vs. 0.5250845062904294
list:
dist: 0.8862407629607562 vs. 0.8862407629607562
list:
dist: 0.6889320063915093 vs. 0.6889320063915093
list:
dist: 1.0567305869228034 vs. 1.0567305869228034
list:
dist: 1.1406839886456492 vs. 1.1406839886456492
list:
dist: 2.06084214537905 vs. 2.06084214537905
list:
dist: 1.5615652051495301 vs. 1.5615652051495301
list:
dist: 1.543317071404777 vs. 1.543317071404777
list:
dist: 1.6711096912905652 vs. 1.6711096912905652
list:
dist: 1.1563658406369846 vs. 1.1563658406369846
list:
dist: 0.7245485140090144 vs. 0.7245485140090144
list:
dist: 0.5644329524025258 vs. 0.5644329524025258
list:
dist: 0.7218496138183029 vs. 0.7218496138183029
list:
dist: 2.39254356092523 vs. 2.39254356092523
list:
dist: 1.7781911414428626 vs. 1.7781911414428626
list:
dist: 2.3413929372187456 vs. 2.3413929372187456
list:
dist: 1.645611716240293 vs. 1.645611716240293
list:
dist: 3.9740068155045756 vs. 3.9740068155045756
list:
dist: 3.947470484954571 vs. 3.947470484954571
list:
dist: 3.9990001388205867 vs. 3.9990001388205867
list:
dist: 3.7971682786413568 vs. 3.7971682786413568
list:
dist: 3.6797604937532418 vs. 3.6797604937532418
list:
dist: 3.8568865622745134 vs. 3.8568865622745134
list:
dist: 3.3803193833504874 vs. 3.3803193833504874
list:
dist: 2.6346528175984387 vs. 2.6346528175984387
list:
dist: 2.1994495554496423 vs. 2.1994495554496423
list:
dist: 3.665860974016442 vs. 3.665860974016442
list:
dist: 2.3739094519118114 vs. 2.3739094519118114
list:
dist: 2.0315329022088897 vs. 2.0315329022088897
list:
dist: 2.581157910539485 vs. 2.581157910539485
list:
dist: 2.8726389259773004 vs. 2.8726389259773004
list:
dist: 3.3715194673364572 vs. 3.3715194673364572
list:
dist: 2.8788058283611173 vs. 2.8788058283611173
list:
dist: 2.892958471322444 vs. 2.892958471322444
list:
dist: 1.74119663162434 vs. 1.74119663162434
list:
dist: 2.7811387719919285 vs. 2.7811387719919285
list:
dist: 2.278479590522983 vs. 2.278479590522983
list:
dist: 1.916946629371478 vs. 1.916946629371478
list:
dist: 2.4240629916053487 vs. 2.4240629916053487
list:
dist: 2.2281297315841084 vs. 2.2281297315841084
list:
dist: 2.0060081454449272 vs. 2.0060081454449272
list:
dist: 1.4121200756751902 vs. 1.4121200756751902
list:
dist: 3.151969735934119 vs. 3.151969735934119
list:
dist: 1.2499647986201217 vs. 1.2499647986201217
list:
dist: 2.8149729557659184 vs. 2.8149729557659184
list:
dist: 2.1584742917368853 vs. 2.1584742917368853
list:
dist: 3.4736896804390853 vs. 3.4736896804390853
list:
dist: 3.301830893997426 vs. 3.301830893997426
list:
dist: 2.620718081829161 vs. 2.620718081829161
list:
dist: 1.742985811238826 vs. 1.742985811238826
list:
dist: 2.747270807507543 vs. 2.747270807507543
list:
dist: 1.9548622463658223 vs. 1.9548622463658223
list:
dist: 2.7253413047955357 vs. 2.7253413047955357
list:
dist: 2.6697908136914683 vs. 2.6697908136914683
list:
dist: 3.233628072831204 vs. 3.233628072831204
list:
dist: 2.8631891397620994 vs. 2.8631891397620994
list:
dist: 1.3174704878794181 vs. 1.3174704878794181
list:
dist: 1.5414133794465248 vs. 1.5414133794465248
list:
dist: 2.836421757593273 vs. 2.836421757593273
list:
dist: 3.2079655818490456 vs. 3.2079655818490456
list:
dist: 1.9428854203589772 vs. 1.9428854203589772
list:
dist: 1.8643830575144325 vs. 1.8643830575144325
list:
dist: 1.5684424601225004 vs. 1.5684424601225004
list:
dist: 2.0405090433507573 vs. 2.0405090433507573
list:
dist: 1.4985581532696306 vs. 1.4985581532696306
list:
dist: 1.801553853662435 vs. 1.801553853662435
list:
dist: 0.655340020858152 vs. 0.655340020858152
list:
dist: 0.9420031105127542 vs. 0.9420031105127542
list:
dist: 0.6435433006902858 vs. 0.6435433006902858
list:
dist: 1.4939263324627086 vs. 1.4939263324627086
list:
dist: 2.186136681301022 vs. 2.186136681301022
list:
dist: 2.33990031787839 vs. 2.33990031787839
list:
dist: 2.3082642733984056 vs. 2.3082642733984056
list:
dist: 4.248946565031038 vs. 4.248946565031038
list:
dist: 3.754966270501771 vs. 3.754966270501771
list:
dist: 3.0334646044021696 vs. 3.0334646044021696
list:
dist: 2.5636809318475513 vs. 2.5636809318475513
list:
dist: 4.0237482885003475 vs. 4.0237482885003475
list:
dist: 2.543737056254627 vs. 2.543737056254627
list:
dist: 2.349455073483511 vs. 2.349455073483511
list:
dist: 2.7014111490754487 vs. 2.7014111490754487
list:
dist: 2.8085755146890556 vs. 2.8085755146890556
list:
dist: 3.474796441374469 vs. 3.474796441374469
list:
dist: 2.6547820312990518 vs. 2.6547820312990518
list:
dist: 2.832215215377567 vs. 2.832215215377567
list:
dist: 1.8446405970994333 vs. 1.8446405970994333
list:
dist: 2.4326473887638227 vs. 2.4326473887638227
list:
dist: 2.2788073354518197 vs. 2.2788073354518197
list:
dist: 1.6264714548861956 vs. 1.6264714548861956
list:
dist: 2.306581502297259 vs. 2.306581502297259
list:
dist: 2.3898593867036007 vs. 2.3898593867036007
list:
dist: 1.6058702030039 vs. 1.6058702030039
list:
dist: 0.850387434332516 vs. 0.850387434332516
list:
dist: 2.844130379770722 vs. 2.844130379770722
list:
dist: 1.2964789814997018 vs. 1.2964789814997018
list:
dist: 2.7257481738803437 vs. 2.7257481738803437
list:
dist: 1.8792461963589973 vs. 1.8792461963589973
list:
dist: 3.968889133611992 vs. 3.968889133611992
list:
dist: 3.774178073191371 vs. 3.774178073191371
list:
dist: 3.118966254914151 vs. 3.118966254914151
list:
dist: 2.346231988287554 vs. 2.346231988287554
list:
dist: 3.2745028994502596 vs. 3.2745028994502596
list:
dist: 2.5997626642453198 vs. 2.5997626642453198
list:
dist: 3.2710024486571263 vs. 3.2710024486571263
list:
dist: 3.182229501607477 vs. 3.182229501607477
list:
dist: 3.7812433994948424 vs. 3.7812433994948424
list:
dist: 3.376497246123171 vs. 3.376497246123171
list:
dist: 1.908030001292769 vs. 1.908030001292769
list:
dist: 2.1810120152005554 vs. 2.1810120152005554
list:
dist: 3.31227262808078 vs. 3.31227262808078
list:
dist: 3.6152659852053053 vs. 3.6152659852053053
list:
dist: 2.468970180268588 vs. 2.468970180268588
list:
dist: 2.339502036850216 vs. 2.339502036850216
list:
dist: 2.102004509183773 vs. 2.102004509183773
list:
dist: 2.6243726561591 vs. 2.6243726561591
list:
dist: 2.0770513772653088 vs. 2.0770513772653088
list:
dist: 2.030796169799349 vs. 2.030796169799349
list:
dist: 0.655340020858152 vs. 0.655340020858152
list:
dist: 0.6781219840243661 vs. 0.6781219840243661
list:
dist: 1.0566381980639947 vs. 1.0566381980639947
list:
dist: 1.48713384276639 vs. 1.48713384276639
list:
dist: 2.512820295984797 vs. 2.512820295984797
list:
dist: 2.9843074652441524 vs. 2.9843074652441524
list:
dist: 2.890140518411626 vs. 2.890140518411626
list:
dist: 1.8022947956716653 vs. 1.8022947956716653
list:
dist: 1.175252823344219 vs. 1.175252823344219
list:
dist: 0.5250845062904294 vs. 0.5250845062904294
list:
dist: 1.018680982205934 vs. 1.018680982205934
list:
dist: 0.5730550497097121 vs. 0.5730550497097121
list:
dist: 1.0312551447041465 vs. 1.0312551447041465
list:
dist: 1.4221917178275136 vs. 1.4221917178275136
list:
dist: 2.0983444394910005 vs. 2.0983444394910005
list:
dist: 1.6296284661828526 vs. 1.6296284661828526
list:
dist: 1.5210791499810346 vs. 1.5210791499810346
list:
dist: 1.9316556606675446 vs. 1.9316556606675446
list:
dist: 1.3977706198421356 vs. 1.3977706198421356
list:
dist: 1.1902059053028384 vs. 1.1902059053028384
list:
dist: 1.0799541502484167 vs. 1.0799541502484167
list:
dist: 1.172881427152572 vs. 1.172881427152572
list:
dist: 2.745942619614067 vs. 2.745942619614067
list:
dist: 2.0233788124778838 vs. 2.0233788124778838
list:
dist: 2.63418822347631 vs. 2.63418822347631
list:
dist: 1.788386785026705 vs. 1.788386785026705
list:
dist: 3.766634008802859 vs. 3.766634008802859
list:
dist: 3.9114864003924916 vs. 3.9114864003924916
list:
dist: 3.887538843739116 vs. 3.887538843739116
list:
dist: 3.8366511673537667 vs. 3.8366511673537667
list:
dist: 3.577621444698522 vs. 3.577621444698522
list:
dist: 1.6031210386572374 vs. 1.6031210386572374
list:
dist: 1.696244915751212 vs. 1.696244915751212
list:
dist: 0.5730550497097121 vs. 0.5730550497097121
list:
dist: 0.6889320063915093 vs. 0.6889320063915093
list:
dist: 1.3927071354934575 vs. 1.3927071354934575
list:
dist: 0.7841420044795456 vs. 0.7841420044795456
list:
dist: 1.4734331602148252 vs. 1.4734331602148252
list:
dist: 2.425499146528157 vs. 2.425499146528157
list:
dist: 1.9579732611101115 vs. 1.9579732611101115
list:
dist: 1.6627543229970414 vs. 1.6627543229970414
list:
dist: 2.318401707804422 vs. 2.318401707804422
list:
dist: 1.6951485208764379 vs. 1.6951485208764379
list:
dist: 1.320416474585182 vs. 1.320416474585182
list:
dist: 1.1234967850549102 vs. 1.1234967850549102
list:
dist: 1.1330531147476457 vs. 1.1330531147476457
list:
dist: 2.974830329226269 vs. 2.974830329226269
list:
dist: 2.1940401394981213 vs. 2.1940401394981213
list:
dist: 2.960482060329053 vs. 2.960482060329053
list:
dist: 2.1552640464311508 vs. 2.1552640464311508
list:
dist: 4.132349063068936 vs. 4.132349063068936
list:
dist: 4.363777631613734 vs. 4.363777631613734
list:
dist: 4.256281979401526 vs. 4.256281979401526
list:
dist: 4.340686316036307 vs. 4.340686316036307
list:
dist: 4.129311273216825 vs. 4.129311273216825
list:
dist: 2.199154164689318 vs. 2.199154164689318
list:
dist: 1.8022947956716653 vs. 1.8022947956716653
list:
dist: 1.812805534930375 vs. 1.812805534930375
list:
dist: 1.7707665418091605 vs. 1.7707665418091605
list:
dist: 1.6031210386572374 vs. 1.6031210386572374
list:
dist: 0.8244340335978175 vs. 0.8244340335978175
list:
dist: 1.2629697015574122 vs. 1.2629697015574122
list:
dist: 1.9835452749029223 vs. 1.9835452749029223
list:
dist: 1.7505125142873483 vs. 1.7505125142873483
list:
dist: 1.0057315085172578 vs. 1.0057315085172578
list:
dist: 2.6505531996374563 vs. 2.6505531996374563
list:
dist: 1.8339665091568658 vs. 1.8339665091568658
list:
dist: 1.8648860139526586 vs. 1.8648860139526586
list:
dist: 1.8762896064948866 vs. 1.8762896064948866
list:
dist: 2.302630862302751 vs. 2.302630862302751
list:
dist: 2.801678929108 vs. 2.801678929108
list:
dist: 1.7215436863899036 vs. 1.7215436863899036
list:
dist: 2.951316197492189 vs. 2.951316197492189
list:
dist: 2.1144514077803436 vs. 2.1144514077803436
list:
dist: 1.2629697015574122 vs. 1.2629697015574122
list:
dist: 1.4454114634641257 vs. 1.4454114634641257
list:
dist: 1.4221917178275136 vs. 1.4221917178275136
list:
dist: 1.1406839886456492 vs. 1.1406839886456492
list:
dist: 0.8444771502728419 vs. 0.8444771502728419
list:
dist: 1.4734331602148252 vs. 1.4734331602148252
list:
dist: 1.0529804487384462 vs. 1.0529804487384462
list:
dist: 1.3727968838396372 vs. 1.3727968838396372
list:
dist: 0.9758759040564281 vs. 0.9758759040564281
list:
dist: 0.8788216575321315 vs. 0.8788216575321315
list:
dist: 1.4727868121943437 vs. 1.4727868121943437
list:
dist: 0.7063255305974621 vs. 0.7063255305974621
list:
dist: 0.7528589887212114 vs. 0.7528589887212114
list:
dist: 0.9204222958541111 vs. 0.9204222958541111
list:
dist: 1.5195874820577508 vs. 1.5195874820577508
list:
dist: 1.667703008614566 vs. 1.667703008614566
list:
dist: 0.7693662410738079 vs. 0.7693662410738079
list:
dist: 1.7973026517016206 vs. 1.7973026517016206
list:
dist: 1.1368810116296861 vs. 1.1368810116296861
list:
dist: 4.960388260654201 vs. 4.960388260654201
list:
dist: 4.714112539795684 vs. 4.714112539795684
list:
dist: 4.958112014496735 vs. 4.958112014496735
list:
dist: 4.292141499338058 vs. 4.292141499338058
list:
dist: 3.6371805950059857 vs. 3.6371805950059857
list:
dist: 0.8244340335978175 vs. 0.8244340335978175
list:
dist: 1.736866629219871 vs. 1.736866629219871
list:
dist: 1.0312551447041465 vs. 1.0312551447041465
list:
dist: 1.0567305869228034 vs. 1.0567305869228034
list:
dist: 1.3115475945457538 vs. 1.3115475945457538
list:
dist: 0.7841420044795456 vs. 0.7841420044795456
list:
dist: 1.0529804487384462 vs. 1.0529804487384462
list:
dist: 2.0171507226812273 vs. 2.0171507226812273
list:
dist: 1.6197132582576965 vs. 1.6197132582576965
list:
dist: 1.081064877426366 vs. 1.081064877426366
list:
dist: 2.289381460985484 vs. 2.289381460985484
list:
dist: 1.5067289958944317 vs. 1.5067289958944317
list:
dist: 1.3357934164088558 vs. 1.3357934164088558
list:
dist: 1.2600213404921032 vs. 1.2600213404921032
list:
dist: 1.5789172239936977 vs. 1.5789172239936977
list:
dist: 2.7130993644425105 vs. 2.7130993644425105
list:
dist: 1.7460469801966978 vs. 1.7460469801966978
list:
dist: 2.7793708540981292 vs. 2.7793708540981292
list:
dist: 1.917163286163895 vs. 1.917163286163895
list:
dist: 4.787078915436319 vs. 4.787078915436319
list:
dist: 4.910006237057506 vs. 4.910006237057506
list:
dist: 4.915609310514142 vs. 4.915609310514142
list:
dist: 4.726338677850918 vs. 4.726338677850918
list:
dist: 4.11375222259779 vs. 4.11375222259779
list:
dist: 1.7707665418091605 vs. 1.7707665418091605
list:
dist: 0.6198746940606955 vs. 0.6198746940606955
list:
dist: 1.018680982205934 vs. 1.018680982205934
list:
dist: 0.8862407629607562 vs. 0.8862407629607562
list:
dist: 1.3927071354934575 vs. 1.3927071354934575
list:
dist: 1.3115475945457538 vs. 1.3115475945457538
list:
dist: 0.8444771502728419 vs. 0.8444771502728419
list:
dist: 1.2073287986154713 vs. 1.2073287986154713
list:
dist: 0.7130362807695905 vs. 0.7130362807695905
list:
dist: 1.035404029769372 vs. 1.035404029769372
list:
dist: 1.0389877178161917 vs. 1.0389877178161917
list:
dist: 0.42034093033554276 vs. 0.42034093033554276
list:
dist: 0.7704804755953568 vs. 0.7704804755953568
list:
dist: 0.9541165100372315 vs. 0.9541165100372315
list:
dist: 1.4366820818608155 vs. 1.4366820818608155
list:
dist: 1.796065545742382 vs. 1.796065545742382
list:
dist: 1.1266718475648356 vs. 1.1266718475648356
list:
dist: 1.657882728987095 vs. 1.657882728987095
list:
dist: 0.7806334011697565 vs. 0.7806334011697565
list:
dist: 4.2044671455778735 vs. 4.2044671455778735
list:
dist: 3.953437165463633 vs. 3.953437165463633
list:
dist: 4.2216927126423895 vs. 4.2216927126423895
list:
dist: 3.5572297182121955 vs. 3.5572297182121955
list:
dist: 2.9634741100733413 vs. 2.9634741100733413
list:
dist: 1.8648860139526586 vs. 1.8648860139526586
list:
dist: 1.3201657540512897 vs. 1.3201657540512897
list:
dist: 1.1902059053028384 vs. 1.1902059053028384
list:
dist: 0.7245485140090144 vs. 0.7245485140090144
list:
dist: 0.7704804755953568 vs. 0.7704804755953568
list:
dist: 1.320416474585182 vs. 1.320416474585182
list:
dist: 1.3357934164088558 vs. 1.3357934164088558
list:
dist: 0.7528589887212114 vs. 0.7528589887212114
list:
dist: 1.776489734026147 vs. 1.776489734026147
list:
dist: 1.30433783461898 vs. 1.30433783461898
list:
dist: 1.472918846346864 vs. 1.472918846346864
list:
dist: 1.2116607737765421 vs. 1.2116607737765421
list:
dist: 0.735491233120792 vs. 0.735491233120792
list:
dist: 0.299365475221287 vs. 0.299365475221287
list:
dist: 0.8816918044019154 vs. 0.8816918044019154
list:
dist: 1.7149351565666007 vs. 1.7149351565666007
list:
dist: 1.2559851995485447 vs. 1.2559851995485447
list:
dist: 1.7483068944417874 vs. 1.7483068944417874
list:
dist: 1.2753412306216882 vs. 1.2753412306216882
list:
dist: 4.413627546849984 vs. 4.413627546849984
list:
dist: 4.117681766181693 vs. 4.117681766181693
list:
dist: 4.344301165870488 vs. 4.344301165870488
list:
dist: 3.7702959169764894 vs. 3.7702959169764894
list:
dist: 3.5842963148619025 vs. 3.5842963148619025
list:
dist: 4.089050403115874 vs. 4.089050403115874
list:
dist: 2.951316197492189 vs. 2.951316197492189
list:
dist: 1.811522424548244 vs. 1.811522424548244
list:
dist: 2.63418822347631 vs. 2.63418822347631
list:
dist: 2.3413929372187456 vs. 2.3413929372187456
list:
dist: 1.657882728987095 vs. 1.657882728987095
list:
dist: 2.960482060329053 vs. 2.960482060329053
list:
dist: 2.7793708540981292 vs. 2.7793708540981292
list:
dist: 1.7973026517016206 vs. 1.7973026517016206
list:
dist: 1.4847362430630169 vs. 1.4847362430630169
list:
dist: 1.4557180798148501 vs. 1.4557180798148501
list:
dist: 2.1510577673519666 vs. 2.1510577673519666
list:
dist: 0.7936237350346713 vs. 0.7936237350346713
list:
dist: 1.304845559458568 vs. 1.304845559458568
list:
dist: 1.7483068944417874 vs. 1.7483068944417874
list:
dist: 2.0361244310361877 vs. 2.0361244310361877
list:
dist: 2.5016062752786143 vs. 2.5016062752786143
list:
dist: 0.5555739978648563 vs. 0.5555739978648563
list:
dist: 1.2713030744382017 vs. 1.2713030744382017
list:
dist: 1.0676344633317871 vs. 1.0676344633317871
list:
dist: 3.3519792546725635 vs. 3.3519792546725635
list:
dist: 2.705137547464478 vs. 2.705137547464478
list:
dist: 2.6505531996374563 vs. 2.6505531996374563
list:
dist: 1.1355155107161297 vs. 1.1355155107161297
list:
dist: 1.9316556606675446 vs. 1.9316556606675446
list:
dist: 1.6711096912905652 vs. 1.6711096912905652
list:
dist: 1.0389877178161917 vs. 1.0389877178161917
list:
dist: 2.318401707804422 vs. 2.318401707804422
list:
dist: 2.289381460985484 vs. 2.289381460985484
list:
dist: 1.4727868121943437 vs. 1.4727868121943437
list:
dist: 1.3931969301906646 vs. 1.3931969301906646
list:
dist: 1.1390055014478906 vs. 1.1390055014478906
list:
dist: 1.8373939732559241 vs. 1.8373939732559241
list:
dist: 0.8188904004656214 vs. 0.8188904004656214
list:
dist: 1.2116607737765421 vs. 1.2116607737765421
list:
dist: 1.473621246349758 vs. 1.473621246349758
list:
dist: 1.8813592802468997 vs. 1.8813592802468997
list:
dist: 1.1395213611171429 vs. 1.1395213611171429
list:
dist: 1.2674255048165373 vs. 1.2674255048165373
list:
dist: 0.7936237350346713 vs. 0.7936237350346713
list:
dist: 0.7527812238568613 vs. 0.7527812238568613
list:
dist: 4.3080636105937025 vs. 4.3080636105937025
list:
dist: 3.6363884811032583 vs. 3.6363884811032583
list:
dist: 4.168456508011238 vs. 4.168456508011238
list:
dist: 2.9755449976749637 vs. 2.9755449976749637
list:
dist: 2.5756476395329813 vs. 2.5756476395329813
list:
dist: 3.5916212189917203 vs. 3.5916212189917203
list:
dist: 1.8339665091568658 vs. 1.8339665091568658
list:
dist: 0.9096733353533721 vs. 0.9096733353533721
list:
dist: 1.3977706198421356 vs. 1.3977706198421356
list:
dist: 1.1563658406369846 vs. 1.1563658406369846
list:
dist: 0.42034093033554276 vs. 0.42034093033554276
list:
dist: 1.6951485208764379 vs. 1.6951485208764379
list:
dist: 1.5067289958944317 vs. 1.5067289958944317
list:
dist: 0.7063255305974621 vs. 0.7063255305974621
list:
dist: 1.061403052731465 vs. 1.061403052731465
list:
dist: 0.6088279471784482 vs. 0.6088279471784482
list:
dist: 1.080033554811455 vs. 1.080033554811455
list:
dist: 0.8188904004656214 vs. 0.8188904004656214
list:
dist: 0.735491233120792 vs. 0.735491233120792
list:
dist: 1.0077036142766513 vs. 1.0077036142766513
list:
dist: 1.5663999284740278 vs. 1.5663999284740278
list:
dist: 1.386835001726557 vs. 1.386835001726557
list:
dist: 0.7729621269951027 vs. 0.7729621269951027
list:
dist: 1.304845559458568 vs. 1.304845559458568
list:
dist: 0.549966830280992 vs. 0.549966830280992
list:
dist: 4.514392555202418 vs. 4.514392555202418
list:
dist: 4.130217554266234 vs. 4.130217554266234
list:
dist: 4.4809327726704975 vs. 4.4809327726704975
list:
dist: 3.629541714546619 vs. 3.629541714546619
list:
dist: 2.990151505103992 vs. 2.990151505103992
list:
dist: 4.193935320530491 vs. 4.193935320530491
list:
dist: 2.455915583569313 vs. 2.455915583569313
list:
dist: 3.577621444698522 vs. 3.577621444698522
list:
dist: 3.6797604937532418 vs. 3.6797604937532418
list:
dist: 2.9634741100733413 vs. 2.9634741100733413
list:
dist: 4.129311273216825 vs. 4.129311273216825
list:
dist: 4.11375222259779 vs. 4.11375222259779
list:
dist: 3.6371805950059857 vs. 3.6371805950059857
list:
dist: 2.54967515613919 vs. 2.54967515613919
list:
dist: 2.7211213889134664 vs. 2.7211213889134664
list:
dist: 3.3553098970998003 vs. 3.3553098970998003
list:
dist: 2.5756476395329813 vs. 2.5756476395329813
list:
dist: 2.990151505103992 vs. 2.990151505103992
list:
dist: 3.5842963148619025 vs. 3.5842963148619025
list:
dist: 3.799209397959457 vs. 3.799209397959457
list:
dist: 4.118006889967321 vs. 4.118006889967321
list:
dist: 3.230939178511979 vs. 3.230939178511979
list:
dist: 3.2733381888444786 vs. 3.2733381888444786
list:
dist: 2.705137547464478 vs. 2.705137547464478
list:
dist: 2.5399455440710867 vs. 2.5399455440710867
list:
dist: 2.6392814283810258 vs. 2.6392814283810258
list:
dist: 1.2638885122976364 vs. 1.2638885122976364
list:
dist: 2.038074695851341 vs. 2.038074695851341
list:
dist: 1.0764764565628753 vs. 1.0764764565628753
list:
dist: 1.67156642189202 vs. 1.67156642189202
list:
dist: 2.225676680439538 vs. 2.225676680439538
list:
dist: 1.7852205826115377 vs. 1.7852205826115377
list:
dist: 1.8976132326525603 vs. 1.8976132326525603
list:
dist: 0.8622423186377974 vs. 0.8622423186377974
list:
dist: 3.048838217136496 vs. 3.048838217136496
list:
dist: 1.0764764565628753 vs. 1.0764764565628753
list:
dist: 1.1210069621545296 vs. 1.1210069621545296
list:
dist: 1.2632278572340014 vs. 1.2632278572340014
list:
dist: 1.204091564059555 vs. 1.204091564059555
list:
dist: 2.21809354885308 vs. 2.21809354885308
list:
dist: 1.6158874743054992 vs. 1.6158874743054992
list:
dist: 1.483500300105954 vs. 1.483500300105954
list:
dist: 0.6235052245038816 vs. 0.6235052245038816
list:
dist: 2.3614141980319916 vs. 2.3614141980319916
list:
dist: 3.4423668012828808 vs. 3.4423668012828808
list:
dist: 2.778707298369304 vs. 2.778707298369304
list:
dist: 3.2784943839532765 vs. 3.2784943839532765
list:
dist: 3.7066089825736928 vs. 3.7066089825736928
list:
dist: 3.675679433447586 vs. 3.675679433447586
list:
dist: 3.0784590194253516 vs. 3.0784590194253516
list:
dist: 2.370958090427844 vs. 2.370958090427844
list:
dist: 2.801678929108 vs. 2.801678929108
list:
dist: 2.1066796888430512 vs. 2.1066796888430512
list:
dist: 2.745942619614067 vs. 2.745942619614067
list:
dist: 2.39254356092523 vs. 2.39254356092523
list:
dist: 1.796065545742382 vs. 1.796065545742382
list:
dist: 2.974830329226269 vs. 2.974830329226269
list:
dist: 2.7130993644425105 vs. 2.7130993644425105
list:
dist: 1.667703008614566 vs. 1.667703008614566
list:
dist: 1.6348959140187111 vs. 1.6348959140187111
list:
dist: 1.589302909356128 vs. 1.589302909356128
list:
dist: 2.1423408823299193 vs. 2.1423408823299193
list:
dist: 1.1395213611171429 vs. 1.1395213611171429
list:
dist: 1.386835001726557 vs. 1.386835001726557
list:
dist: 1.7149351565666007 vs. 1.7149351565666007
list:
dist: 1.994195515558312 vs. 1.994195515558312
list:
dist: 2.4901563045482527 vs. 2.4901563045482527
list:
dist: 1.1194838093118689 vs. 1.1194838093118689
list:
dist: 0.5555739978648563 vs. 0.5555739978648563
list:
dist: 1.2888004634918682 vs. 1.2888004634918682
list:
dist: 3.8430848904714647 vs. 3.8430848904714647
list:
dist: 3.230939178511979 vs. 3.230939178511979
list:
dist: 1.7505125142873483 vs. 1.7505125142873483
list:
dist: 0.9137582148548621 vs. 0.9137582148548621
list:
dist: 1.6296284661828526 vs. 1.6296284661828526
list:
dist: 1.5615652051495301 vs. 1.5615652051495301
list:
dist: 0.7130362807695905 vs. 0.7130362807695905
list:
dist: 1.9579732611101115 vs. 1.9579732611101115
list:
dist: 1.6197132582576965 vs. 1.6197132582576965
list:
dist: 0.9758759040564281 vs. 0.9758759040564281
list:
dist: 0.5008623157701083 vs. 0.5008623157701083
list:
dist: 0.785402768272848 vs. 0.785402768272848
list:
dist: 1.1390055014478906 vs. 1.1390055014478906
list:
dist: 0.6088279471784482 vs. 0.6088279471784482
list:
dist: 1.30433783461898 vs. 1.30433783461898
list:
dist: 1.5464061940556317 vs. 1.5464061940556317
list:
dist: 2.1017407539434645 vs. 2.1017407539434645
list:
dist: 1.589302909356128 vs. 1.589302909356128
list:
dist: 0.7705459672411548 vs. 0.7705459672411548
list:
dist: 1.4557180798148501 vs. 1.4557180798148501
list:
dist: 0.4231251334584813 vs. 0.4231251334584813
list:
dist: 3.8172904858882553 vs. 3.8172904858882553
list:
dist: 2.7211213889134664 vs. 2.7211213889134664
list:
dist: 1.9835452749029223 vs. 1.9835452749029223
list:
dist: 1.2745076922172989 vs. 1.2745076922172989
list:
dist: 2.0983444394910005 vs. 2.0983444394910005
list:
dist: 2.06084214537905 vs. 2.06084214537905
list:
dist: 1.2073287986154713 vs. 1.2073287986154713
list:
dist: 2.425499146528157 vs. 2.425499146528157
list:
dist: 2.0171507226812273 vs. 2.0171507226812273
list:
dist: 1.3727968838396372 vs. 1.3727968838396372
list:
dist: 0.5008623157701083 vs. 0.5008623157701083
list:
dist: 1.0150994572689818 vs. 1.0150994572689818
list:
dist: 1.3931969301906646 vs. 1.3931969301906646
list:
dist: 1.061403052731465 vs. 1.061403052731465
list:
dist: 1.776489734026147 vs. 1.776489734026147
list:
dist: 2.0310715896320763 vs. 2.0310715896320763
list:
dist: 2.5962306328133673 vs. 2.5962306328133673
list:
dist: 1.6348959140187111 vs. 1.6348959140187111
list:
dist: 0.9183938427829554 vs. 0.9183938427829554
list:
dist: 1.4847362430630169 vs. 1.4847362430630169
list:
dist: 0.6604734071617523 vs. 0.6604734071617523
list:
dist: 3.97649097620907 vs. 3.97649097620907
list:
dist: 2.54967515613919 vs. 2.54967515613919
list:
dist: 2.1144514077803436 vs. 2.1144514077803436
list:
dist: 0.9222917524038005 vs. 0.9222917524038005
list:
dist: 1.788386785026705 vs. 1.788386785026705
list:
dist: 1.645611716240293 vs. 1.645611716240293
list:
dist: 0.7806334011697565 vs. 0.7806334011697565
list:
dist: 2.1552640464311508 vs. 2.1552640464311508
list:
dist: 1.917163286163895 vs. 1.917163286163895
list:
dist: 1.1368810116296861 vs. 1.1368810116296861
list:
dist: 0.6604734071617523 vs. 0.6604734071617523
list:
dist: 0.4231251334584813 vs. 0.4231251334584813
list:
dist: 1.1915212988638832 vs. 1.1915212988638832
list:
dist: 0.7527812238568613 vs. 0.7527812238568613
list:
dist: 0.549966830280992 vs. 0.549966830280992
list:
dist: 1.2753412306216882 vs. 1.2753412306216882
list:
dist: 1.5508012131791624 vs. 1.5508012131791624
list:
dist: 2.085133295705279 vs. 2.085133295705279
list:
dist: 1.2888004634918682 vs. 1.2888004634918682
list:
dist: 0.8056576935608998 vs. 0.8056576935608998
list:
dist: 1.0676344633317871 vs. 1.0676344633317871
list:
dist: 3.507373223356495 vs. 3.507373223356495
list:
dist: 2.5399455440710867 vs. 2.5399455440710867
list:
dist: 1.0057315085172578 vs. 1.0057315085172578
list:
dist: 1.3596989495744236 vs. 1.3596989495744236
list:
dist: 1.5210791499810346 vs. 1.5210791499810346
list:
dist: 1.543317071404777 vs. 1.543317071404777
list:
dist: 1.035404029769372 vs. 1.035404029769372
list:
dist: 1.6627543229970414 vs. 1.6627543229970414
list:
dist: 1.081064877426366 vs. 1.081064877426366
list:
dist: 0.8788216575321315 vs. 0.8788216575321315
list:
dist: 1.0150994572689818 vs. 1.0150994572689818
list:
dist: 0.785402768272848 vs. 0.785402768272848
list:
dist: 1.8373939732559241 vs. 1.8373939732559241
list:
dist: 1.080033554811455 vs. 1.080033554811455
list:
dist: 1.472918846346864 vs. 1.472918846346864
list:
dist: 1.6162770320817754 vs. 1.6162770320817754
list:
dist: 2.15448510172947 vs. 2.15448510172947
list:
dist: 2.1423408823299193 vs. 2.1423408823299193
list:
dist: 1.05461191244903 vs. 1.05461191244903
list:
dist: 2.1510577673519666 vs. 2.1510577673519666
list:
dist: 1.1915212988638832 vs. 1.1915212988638832
list:
dist: 4.481791300698343 vs. 4.481791300698343
list:
dist: 3.3553098970998003 vs. 3.3553098970998003
list:
dist: 1.7215436863899036 vs. 1.7215436863899036
list:
dist: 1.567854779718579 vs. 1.567854779718579
list:
dist: 2.0233788124778838 vs. 2.0233788124778838
list:
dist: 1.7781911414428626 vs. 1.7781911414428626
list:
dist: 1.1266718475648356 vs. 1.1266718475648356
list:
dist: 2.1940401394981213 vs. 2.1940401394981213
list:
dist: 1.7460469801966978 vs. 1.7460469801966978
list:
dist: 0.7693662410738079 vs. 0.7693662410738079
list:
dist: 0.9183938427829554 vs. 0.9183938427829554
list:
dist: 0.7705459672411548 vs. 0.7705459672411548
list:
dist: 1.05461191244903 vs. 1.05461191244903
list:
dist: 1.2674255048165373 vs. 1.2674255048165373
list:
dist: 0.7729621269951027 vs. 0.7729621269951027
list:
dist: 1.2559851995485447 vs. 1.2559851995485447
list:
dist: 1.521453928676014 vs. 1.521453928676014
list:
dist: 2.1312038932612474 vs. 2.1312038932612474
list:
dist: 1.1194838093118689 vs. 1.1194838093118689
list:
dist: 1.2713030744382017 vs. 1.2713030744382017
list:
dist: 0.8056576935608998 vs. 0.8056576935608998
list:
dist: 4.220208919597871 vs. 4.220208919597871
list:
dist: 3.2733381888444786 vs. 3.2733381888444786
list:
dist: 3.597978692850158 vs. 3.597978692850158
list:
dist: 2.225676680439538 vs. 2.225676680439538
list:
dist: 1.6365970890354031 vs. 1.6365970890354031
list:
dist: 1.6479543906750544 vs. 1.6479543906750544
list:
dist: 2.21809354885308 vs. 2.21809354885308
list:
dist: 1.7817755885562572 vs. 1.7817755885562572
list:
dist: 0.81937557035837 vs. 0.81937557035837
list:
dist: 0.9736897576144815 vs. 0.9736897576144815
list:
dist: 1.80286043181771 vs. 1.80286043181771
list:
dist: 3.9025540759148103 vs. 3.9025540759148103
list:
dist: 4.112582516008832 vs. 4.112582516008832
list:
dist: 3.9499525695703586 vs. 3.9499525695703586
list:
dist: 3.9999642167336567 vs. 3.9999642167336567
list:
dist: 4.490037108183677 vs. 4.490037108183677
list:
dist: 4.289124402090426 vs. 4.289124402090426
list:
dist: 3.3397107496657283 vs. 3.3397107496657283
list:
dist: 1.1967472820432916 vs. 1.1967472820432916
list:
dist: 2.0871407203993977 vs. 2.0871407203993977
list:
dist: 1.3187323672953881 vs. 1.3187323672953881
list:
dist: 2.370958090427844 vs. 2.370958090427844
list:
dist: 1.788213771925948 vs. 1.788213771925948
list:
dist: 1.1967472820432916 vs. 1.1967472820432916
list:
dist: 1.2284213937828474 vs. 1.2284213937828474
list:
dist: 0.983007448834135 vs. 0.983007448834135
list:
dist: 2.154545517986835 vs. 2.154545517986835
list:
dist: 3.267810688558402 vs. 3.267810688558402
list:
dist: 3.23206520390133 vs. 3.23206520390133
list:
dist: 3.34961282276751 vs. 3.34961282276751
list:
dist: 3.220117291094929 vs. 3.220117291094929
list:
dist: 3.623822967703085 vs. 3.623822967703085
list:
dist: 3.477297283913981 vs. 3.477297283913981
list:
dist: 2.3604284386338303 vs. 2.3604284386338303
list:
dist: 3.8484067070045795 vs. 3.8484067070045795
list:
dist: 2.993180612802179 vs. 2.993180612802179
list:
dist: 1.7852205826115377 vs. 1.7852205826115377
list:
dist: 1.475067654564226 vs. 1.475067654564226
list:
dist: 1.2924917973331755 vs. 1.2924917973331755
list:
dist: 1.6158874743054992 vs. 1.6158874743054992
list:
dist: 0.9645906129095984 vs. 0.9645906129095984
list:
dist: 0.81937557035837 vs. 0.81937557035837
list:
dist: 0.4439082470635009 vs. 0.4439082470635009
list:
dist: 1.1521600699552805 vs. 1.1521600699552805
list:
dist: 3.237159119773895 vs. 3.237159119773895
list:
dist: 3.485587224750333 vs. 3.485587224750333
list:
dist: 3.1941810990460304 vs. 3.1941810990460304
list:
dist: 3.3258028271773767 vs. 3.3258028271773767
list:
dist: 3.844474391917381 vs. 3.844474391917381
list:
dist: 3.6382536845610223 vs. 3.6382536845610223
list:
dist: 2.8154209513743407 vs. 2.8154209513743407
list:
dist: 1.2284213937828474 vs. 1.2284213937828474
list:
dist: 3.2991059858379774 vs. 3.2991059858379774
list:
dist: 1.8976132326525603 vs. 1.8976132326525603
list:
dist: 1.3494791340179413 vs. 1.3494791340179413
list:
dist: 0.8770844282534727 vs. 0.8770844282534727
list:
dist: 1.483500300105954 vs. 1.483500300105954
list:
dist: 0.9767362924012438 vs. 0.9767362924012438
list:
dist: 0.9736897576144815 vs. 0.9736897576144815
list:
dist: 0.4439082470635009 vs. 0.4439082470635009
list:
dist: 1.1790083639525522 vs. 1.1790083639525522
list:
dist: 2.9341050991278883 vs. 2.9341050991278883
list:
dist: 3.2609794869288464 vs. 3.2609794869288464
list:
dist: 3.0280685787038704 vs. 3.0280685787038704
list:
dist: 3.146634555844887 vs. 3.146634555844887
list:
dist: 3.623384158621132 vs. 3.623384158621132
list:
dist: 3.4715404528000784 vs. 3.4715404528000784
list:
dist: 2.56298867506439 vs. 2.56298867506439
list:
dist: 0.983007448834135 vs. 0.983007448834135
list:
dist: 3.8449577805239827 vs. 3.8449577805239827
list:
dist: 2.038074695851341 vs. 2.038074695851341
list:
dist: 1.174221983220633 vs. 1.174221983220633
list:
dist: 1.2632278572340014 vs. 1.2632278572340014
list:
dist: 1.3854565764647735 vs. 1.3854565764647735
list:
dist: 1.6479543906750544 vs. 1.6479543906750544
list:
dist: 1.2924917973331755 vs. 1.2924917973331755
list:
dist: 0.8770844282534727 vs. 0.8770844282534727
list:
dist: 1.3636388131036157 vs. 1.3636388131036157
list:
dist: 2.4335347535248446 vs. 2.4335347535248446
list:
dist: 3.1469638494086647 vs. 3.1469638494086647
list:
dist: 2.9233452243417193 vs. 2.9233452243417193
list:
dist: 3.112610988961463 vs. 3.112610988961463
list:
dist: 3.4832810643970964 vs. 3.4832810643970964
list:
dist: 3.4709845845207217 vs. 3.4709845845207217
list:
dist: 2.5013021540313027 vs. 2.5013021540313027
list:
dist: 1.3187323672953881 vs. 1.3187323672953881
list:
dist: 2.6308007966721494 vs. 2.6308007966721494
list:
dist: 0.8622423186377974 vs. 0.8622423186377974
list:
dist: 1.1365784314923124 vs. 1.1365784314923124
list:
dist: 1.3636388131036157 vs. 1.3636388131036157
list:
dist: 0.6235052245038816 vs. 0.6235052245038816
list:
dist: 0.8529088732648933 vs. 0.8529088732648933
list:
dist: 1.80286043181771 vs. 1.80286043181771
list:
dist: 1.1521600699552805 vs. 1.1521600699552805
list:
dist: 1.1790083639525522 vs. 1.1790083639525522
list:
dist: 2.758657196944279 vs. 2.758657196944279
list:
dist: 3.5330425982147244 vs. 3.5330425982147244
list:
dist: 2.9044512861055645 vs. 2.9044512861055645
list:
dist: 3.3279342373594276 vs. 3.3279342373594276
list:
dist: 3.824885798670613 vs. 3.824885798670613
list:
dist: 3.702232196185939 vs. 3.702232196185939
list:
dist: 3.1012027062775633 vs. 3.1012027062775633
list:
dist: 2.154545517986835 vs. 2.154545517986835
list:
dist: 4.2590881381501555 vs. 4.2590881381501555
list:
dist: 3.3133526340566792 vs. 3.3133526340566792
list:
dist: 4.217595265228739 vs. 4.217595265228739
list:
dist: 2.5263645377823285 vs. 2.5263645377823285
list:
dist: 1.67156642189202 vs. 1.67156642189202
list:
dist: 3.888910293755097 vs. 3.888910293755097
list:
dist: 3.4114988981264283 vs. 3.4114988981264283
list:
dist: 3.216716863201951 vs. 3.216716863201951
list:
dist: 4.22545128663291 vs. 4.22545128663291
list:
dist: 3.066466876796983 vs. 3.066466876796983
list:
dist: 3.4792392472630325 vs. 3.4792392472630325
list:
dist: 1.762926574461711 vs. 1.762926574461711
list:
dist: 1.3854565764647735 vs. 1.3854565764647735
list:
dist: 1.204091564059555 vs. 1.204091564059555
list:
dist: 3.2128426489226842 vs. 3.2128426489226842
list:
dist: 3.2740064746344766 vs. 3.2740064746344766
list:
dist: 3.004514907325614 vs. 3.004514907325614
list:
dist: 3.507524461864831 vs. 3.507524461864831
list:
dist: 3.0837979553951342 vs. 3.0837979553951342
list:
dist: 3.546930895250934 vs. 3.546930895250934
list:
dist: 3.470103775301532 vs. 3.470103775301532
list:
dist: 3.733283145192182 vs. 3.733283145192182
list:
dist: 3.1394806048544353 vs. 3.1394806048544353
list:
dist: 2.615694970119962 vs. 2.615694970119962
list:
dist: 4.012453484815234 vs. 4.012453484815234
list:
dist: 2.8748430692524884 vs. 2.8748430692524884
list:
dist: 1.7817755885562572 vs. 1.7817755885562572
list:
dist: 0.9645906129095984 vs. 0.9645906129095984
list:
dist: 0.9767362924012438 vs. 0.9767362924012438
list:
dist: 0.8529088732648933 vs. 0.8529088732648933
list:
dist: 4.112200844151424 vs. 4.112200844151424
list:
dist: 2.9851393284282537 vs. 2.9851393284282537
list:
dist: 3.092369414617002 vs. 3.092369414617002
list:
dist: 3.6541413452539904 vs. 3.6541413452539904
list:
dist: 3.43338769887254 vs. 3.43338769887254
list:
dist: 3.0998204446090245 vs. 3.0998204446090245
list:
dist: 4.162854316056493 vs. 4.162854316056493
list:
dist: 3.886935921657791 vs. 3.886935921657791
list:
dist: 3.0517125984680913 vs. 3.0517125984680913
list:
dist: 3.2072906196819546 vs. 3.2072906196819546
list:
dist: 3.3679776001444273 vs. 3.3679776001444273
list:
dist: 2.5002434560323095 vs. 2.5002434560323095
list:
dist: 2.844336858719991 vs. 2.844336858719991
list:
dist: 2.3346420102476606 vs. 2.3346420102476606
list:
dist: 2.620134263553258 vs. 2.620134263553258
list:
dist: 3.1594541184079614 vs. 3.1594541184079614
list:
dist: 2.9669815879338897 vs. 2.9669815879338897
list:
dist: 2.8149729557659184 vs. 2.8149729557659184
list:
dist: 2.7257481738803437 vs. 2.7257481738803437
list:
dist: 3.0660472159401495 vs. 3.0660472159401495
list:
dist: 3.073269425359744 vs. 3.073269425359744
list:
dist: 3.8369955574846832 vs. 3.8369955574846832
list:
dist: 2.3829855771665627 vs. 2.3829855771665627
list:
dist: 1.788213771925948 vs. 1.788213771925948
list:
dist: 3.6665093446780417 vs. 3.6665093446780417
list:
dist: 1.2638885122976364 vs. 1.2638885122976364
list:
dist: 1.174221983220633 vs. 1.174221983220633
list:
dist: 1.1210069621545296 vs. 1.1210069621545296
list:
dist: 1.762926574461711 vs. 1.762926574461711
list:
dist: 1.6365970890354031 vs. 1.6365970890354031
list:
dist: 1.475067654564226 vs. 1.475067654564226
list:
dist: 1.3494791340179413 vs. 1.3494791340179413
list:
dist: 1.1365784314923124 vs. 1.1365784314923124
list:
dist: 3.2188887453795356 vs. 3.2188887453795356
list:
dist: 4.173708256443729 vs. 4.173708256443729
list:
dist: 3.721902748365759 vs. 3.721902748365759
list:
dist: 4.068599968301682 vs. 4.068599968301682
list:
dist: 4.488792925979155 vs. 4.488792925979155
list:
dist: 4.4454832311869765 vs. 4.4454832311869765
list:
dist: 3.601230980215991 vs. 3.601230980215991
list:
dist: 2.0871407203993977 vs. 2.0871407203993977
list:
dist: 1.6059155969905874 vs. 1.6059155969905874
list:
dist: 0.9093369547707246 vs. 0.9093369547707246
list:
dist: 1.281657041305016 vs. 1.281657041305016
list:
dist: 1.6649105226781413 vs. 1.6649105226781413
list:
dist: 1.8568747671789154 vs. 1.8568747671789154
list:
dist: 1.6359700650677784 vs. 1.6359700650677784
list:
dist: 2.4407777270636046 vs. 2.4407777270636046
list:
dist: 1.8764465840508713 vs. 1.8764465840508713
list:
dist: 2.3324844213885685 vs. 2.3324844213885685
list:
dist: 3.138304983501838 vs. 3.138304983501838
list:
dist: 2.4761227505877375 vs. 2.4761227505877375
list:
dist: 3.887620991867368 vs. 3.887620991867368
list:
dist: 3.2842950273019706 vs. 3.2842950273019706
list:
dist: 2.6910594310386085 vs. 2.6910594310386085
list:
dist: 4.225191513065029 vs. 4.225191513065029
list:
dist: 2.937705353794396 vs. 2.937705353794396
list:
dist: 3.7214563609462514 vs. 3.7214563609462514
list:
dist: 3.2593066614525212 vs. 3.2593066614525212
list:
dist: 2.254311785835206 vs. 2.254311785835206
list:
dist: 4.050828172334151 vs. 4.050828172334151
list:
dist: 4.2615881989822295 vs. 4.2615881989822295
list:
dist: 4.2272139154207045 vs. 4.2272139154207045
list:
dist: 3.0017605068673707 vs. 3.0017605068673707
list:
dist: 2.1176028737677477 vs. 2.1176028737677477
list:
dist: 1.750781409150348 vs. 1.750781409150348
list:
dist: 0.542727158555608 vs. 0.542727158555608
list:
dist: 1.34340549889054 vs. 1.34340549889054
list:
dist: 2.673788893602319 vs. 2.673788893602319
list:
dist: 2.5547275905859386 vs. 2.5547275905859386
list:
dist: 2.191259424587921 vs. 2.191259424587921
list:
dist: 1.9779127712746223 vs. 1.9779127712746223
list:
dist: 2.3051360900758966 vs. 2.3051360900758966
list:
dist: 1.3197981369620306 vs. 1.3197981369620306
list:
dist: 1.2203552679449257 vs. 1.2203552679449257
list:
dist: 2.35665587484933 vs. 2.35665587484933
list:
dist: 2.6022423041973233 vs. 2.6022423041973233
list:
dist: 1.866748142108517 vs. 1.866748142108517
list:
dist: 2.3321246118065804 vs. 2.3321246118065804
list:
dist: 3.4736896804390853 vs. 3.4736896804390853
list:
dist: 3.968889133611992 vs. 3.968889133611992
list:
dist: 3.6162726699739225 vs. 3.6162726699739225
list:
dist: 2.9191132116485026 vs. 2.9191132116485026
list:
dist: 3.183977030289918 vs. 3.183977030289918
list:
dist: 2.763175039610515 vs. 2.763175039610515
list:
dist: 2.427097466122379 vs. 2.427097466122379
list:
dist: 3.2544613308363335 vs. 3.2544613308363335
list:
dist: 2.544819900081646 vs. 2.544819900081646
list:
dist: 2.62756827025098 vs. 2.62756827025098
list:
dist: 3.1153460651702245 vs. 3.1153460651702245
list:
dist: 1.7767829096037244 vs. 1.7767829096037244
list:
dist: 1.9762735242679157 vs. 1.9762735242679157
list:
dist: 1.2300622745297365 vs. 1.2300622745297365
list:
dist: 0.5101764599133908 vs. 0.5101764599133908
list:
dist: 1.4701631012485596 vs. 1.4701631012485596
list:
dist: 0.7908122343568756 vs. 0.7908122343568756
list:
dist: 0.5846014605050784 vs. 0.5846014605050784
list:
dist: 1.440622057354122 vs. 1.440622057354122
list:
dist: 2.307069828066573 vs. 2.307069828066573
list:
dist: 1.8541975101937551 vs. 1.8541975101937551
list:
dist: 2.3581179221209063 vs. 2.3581179221209063
list:
dist: 1.8161492920108717 vs. 1.8161492920108717
list:
dist: 1.1076540388980214 vs. 1.1076540388980214
list:
dist: 2.783227443593671 vs. 2.783227443593671
list:
dist: 1.3731560178282676 vs. 1.3731560178282676
list:
dist: 2.4352872499259095 vs. 2.4352872499259095
list:
dist: 1.8979614986506912 vs. 1.8979614986506912
list:
dist: 1.183944332827541 vs. 1.183944332827541
list:
dist: 2.5572269357948674 vs. 2.5572269357948674
list:
dist: 2.6892970616214247 vs. 2.6892970616214247
list:
dist: 2.963284216290925 vs. 2.963284216290925
list:
dist: 1.4794217412440025 vs. 1.4794217412440025
list:
dist: 3.216716863201951 vs. 3.216716863201951
list:
dist: 2.3472501859644845 vs. 2.3472501859644845
list:
dist: 1.8385496792729947 vs. 1.8385496792729947
list:
dist: 1.8568747671789154 vs. 1.8568747671789154
list:
dist: 1.4434373170243164 vs. 1.4434373170243164
list:
dist: 1.961378460364098 vs. 1.961378460364098
list:
dist: 1.7958028310379377 vs. 1.7958028310379377
list:
dist: 1.8169944889428402 vs. 1.8169944889428402
list:
dist: 1.8154219237912406 vs. 1.8154219237912406
list:
dist: 1.4661768100916404 vs. 1.4661768100916404
list:
dist: 1.501555617267568 vs. 1.501555617267568
list:
dist: 1.6201926742419601 vs. 1.6201926742419601
list:
dist: 1.1215170351912498 vs. 1.1215170351912498
list:
dist: 1.2997335851349854 vs. 1.2997335851349854
list:
dist: 1.8314681743591972 vs. 1.8314681743591972
list:
dist: 1.132195365113663 vs. 1.132195365113663
list:
dist: 2.7356518369188745 vs. 2.7356518369188745
list:
dist: 2.6780401235086386 vs. 2.6780401235086386
list:
dist: 1.707687771638291 vs. 1.707687771638291
list:
dist: 2.3005053206235258 vs. 2.3005053206235258
list:
dist: 2.5775956948026666 vs. 2.5775956948026666
list:
dist: 2.4417314827696246 vs. 2.4417314827696246
list:
dist: 1.5697947299819417 vs. 1.5697947299819417
list:
dist: 2.1994495554496423 vs. 2.1994495554496423
list:
dist: 2.5636809318475513 vs. 2.5636809318475513
list:
dist: 2.269077823422938 vs. 2.269077823422938
list:
dist: 1.6980578690025212 vs. 1.6980578690025212
list:
dist: 2.2240438388037758 vs. 2.2240438388037758
list:
dist: 3.2764911946373805 vs. 3.2764911946373805
list:
dist: 2.4357841459059824 vs. 2.4357841459059824
list:
dist: 3.513660780722253 vs. 3.513660780722253
list:
dist: 2.8351663944928815 vs. 2.8351663944928815
list:
dist: 2.7757378733770803 vs. 2.7757378733770803
list:
dist: 3.4314910857743675 vs. 3.4314910857743675
list:
dist: 1.278876073525888 vs. 1.278876073525888
list:
dist: 1.7849437804901889 vs. 1.7849437804901889
list:
dist: 0.9095008256260749 vs. 0.9095008256260749
list:
dist: 0.5101764599133908 vs. 0.5101764599133908
list:
dist: 1.0726361198679537 vs. 1.0726361198679537
list:
dist: 1.107452218461135 vs. 1.107452218461135
list:
dist: 1.0267667069682187 vs. 1.0267667069682187
list:
dist: 1.7865219535055286 vs. 1.7865219535055286
list:
dist: 2.691271389224523 vs. 2.691271389224523
list:
dist: 2.0240764082094898 vs. 2.0240764082094898
list:
dist: 2.715697428318217 vs. 2.715697428318217
list:
dist: 2.102962481590636 vs. 2.102962481590636
list:
dist: 1.5969086585834025 vs. 1.5969086585834025
list:
dist: 3.2116382846591884 vs. 3.2116382846591884
list:
dist: 1.7713695086534067 vs. 1.7713695086534067
list:
dist: 2.9330045185381164 vs. 2.9330045185381164
list:
dist: 2.3187885136086175 vs. 2.3187885136086175
list:
dist: 1.5948170545072282 vs. 1.5948170545072282
list:
dist: 3.04192549952522 vs. 3.04192549952522
list:
dist: 3.1732109042165035 vs. 3.1732109042165035
list:
dist: 3.3690518789824617 vs. 3.3690518789824617
list:
dist: 1.985447231247157 vs. 1.985447231247157
list:
dist: 3.4114988981264283 vs. 3.4114988981264283
list:
dist: 2.1268577239087665 vs. 2.1268577239087665
list:
dist: 1.5231677831003991 vs. 1.5231677831003991
list:
dist: 1.6649105226781413 vs. 1.6649105226781413
list:
dist: 1.1711005796478575 vs. 1.1711005796478575
list:
dist: 2.1000312179299776 vs. 2.1000312179299776
list:
dist: 1.9080544746596997 vs. 1.9080544746596997
list:
dist: 1.6223869043193075 vs. 1.6223869043193075
list:
dist: 1.9060214202097716 vs. 1.9060214202097716
list:
dist: 1.215961854598182 vs. 1.215961854598182
list:
dist: 1.282372007767448 vs. 1.282372007767448
list:
dist: 1.248085780812137 vs. 1.248085780812137
list:
dist: 0.7881299171590268 vs. 0.7881299171590268
list:
dist: 1.5780291602728937 vs. 1.5780291602728937
list:
dist: 2.007960953050585 vs. 2.007960953050585
list:
dist: 0.7548289938005805 vs. 0.7548289938005805
list:
dist: 2.601818128718977 vs. 2.601818128718977
list:
dist: 2.80918379102777 vs. 2.80918379102777
list:
dist: 1.8010928063642604 vs. 1.8010928063642604
list:
dist: 2.480084419813411 vs. 2.480084419813411
list:
dist: 2.675221189307767 vs. 2.675221189307767
list:
dist: 2.645046408442104 vs. 2.645046408442104
list:
dist: 2.0105483885446365 vs. 2.0105483885446365
list:
dist: 2.6346528175984387 vs. 2.6346528175984387
list:
dist: 3.0334646044021696 vs. 3.0334646044021696
list:
dist: 2.771977026232282 vs. 2.771977026232282
list:
dist: 2.161745287514319 vs. 2.161745287514319
list:
dist: 2.7150594748260457 vs. 2.7150594748260457
list:
dist: 3.4504921766706493 vs. 3.4504921766706493
list:
dist: 2.067142125190993 vs. 2.067142125190993
list:
dist: 3.5135370667625447 vs. 3.5135370667625447
list:
dist: 3.1027329668705406 vs. 3.1027329668705406
list:
dist: 2.6312050690521787 vs. 2.6312050690521787
list:
dist: 3.9184183855430192 vs. 3.9184183855430192
list:
dist: 0.7432333859586575 vs. 0.7432333859586575
list:
dist: 1.3147156387368208 vs. 1.3147156387368208
list:
dist: 0.45400490636966007 vs. 0.45400490636966007
list:
dist: 1.0726361198679537 vs. 1.0726361198679537
list:
dist: 1.4701631012485596 vs. 1.4701631012485596
list:
dist: 1.6948690399511206 vs. 1.6948690399511206
list:
dist: 1.7885549311032807 vs. 1.7885549311032807
list:
dist: 2.128195606004885 vs. 2.128195606004885
list:
dist: 2.9998539270754385 vs. 2.9998539270754385
list:
dist: 1.9345660435842214 vs. 1.9345660435842214
list:
dist: 3.113503625742483 vs. 3.113503625742483
list:
dist: 2.3977743794681485 vs. 2.3977743794681485
list:
dist: 2.363593505853409 vs. 2.363593505853409
list:
dist: 3.702120109467957 vs. 3.702120109467957
list:
dist: 2.318437006436743 vs. 2.318437006436743
list:
dist: 3.6212792584978173 vs. 3.6212792584978173
list:
dist: 2.7974312812476425 vs. 2.7974312812476425
list:
dist: 2.1218378968649754 vs. 2.1218378968649754
list:
dist: 3.7447814482051243 vs. 3.7447814482051243
list:
dist: 4.057155476923957 vs. 4.057155476923957
list:
dist: 3.736777942793399 vs. 3.736777942793399
list:
dist: 2.8549587409916004 vs. 2.8549587409916004
list:
dist: 4.22545128663291 vs. 4.22545128663291
list:
dist: 2.6814361060261542 vs. 2.6814361060261542
list:
dist: 2.001495880039085 vs. 2.001495880039085
list:
dist: 1.6359700650677784 vs. 1.6359700650677784
list:
dist: 1.1405341934681323 vs. 1.1405341934681323
list:
dist: 2.603020035858532 vs. 2.603020035858532
list:
dist: 2.91360265108284 vs. 2.91360265108284
list:
dist: 2.3762145277387283 vs. 2.3762145277387283
list:
dist: 2.818781091975497 vs. 2.818781091975497
list:
dist: 1.9408772885452943 vs. 1.9408772885452943
list:
dist: 2.0538535853513524 vs. 2.0538535853513524
list:
dist: 1.5629618488625345 vs. 1.5629618488625345
list:
dist: 1.329341137148679 vs. 1.329341137148679
list:
dist: 2.621812080155353 vs. 2.621812080155353
list:
dist: 3.0177879205267937 vs. 3.0177879205267937
list:
dist: 1.4224421917310652 vs. 1.4224421917310652
list:
dist: 3.308009571631072 vs. 3.308009571631072
list:
dist: 3.8162982542057065 vs. 3.8162982542057065
list:
dist: 2.803042295449525 vs. 2.803042295449525
list:
dist: 3.5191835847645643 vs. 3.5191835847645643
list:
dist: 3.652763661611241 vs. 3.652763661611241
list:
dist: 3.6830395023997755 vs. 3.6830395023997755
list:
dist: 2.6971192234784587 vs. 2.6971192234784587
list:
dist: 3.665860974016442 vs. 3.665860974016442
list:
dist: 4.0237482885003475 vs. 4.0237482885003475
list:
dist: 3.6774353940254145 vs. 3.6774353940254145
list:
dist: 3.1440281972803468 vs. 3.1440281972803468
list:
dist: 3.4891137121884435 vs. 3.4891137121884435
list:
dist: 4.470706699537095 vs. 4.470706699537095
list:
dist: 2.171513283949026 vs. 2.171513283949026
list:
dist: 5.688102589635054 vs. 5.688102589635054
list:
dist: 4.6951769865922826 vs. 4.6951769865922826
list:
dist: 3.4357065252979235 vs. 3.4357065252979235
list:
dist: 3.0603945598934565 vs. 3.0603945598934565
list:
dist: 2.636336467398652 vs. 2.636336467398652
list:
dist: 0.9557223761197189 vs. 0.9557223761197189
list:
dist: 1.0103875883014826 vs. 1.0103875883014826
list:
dist: 0.9095008256260749 vs. 0.9095008256260749
list:
dist: 1.2300622745297365 vs. 1.2300622745297365
list:
dist: 0.45400490636966007 vs. 0.45400490636966007
list:
dist: 1.5466003242432838 vs. 1.5466003242432838
list:
dist: 1.452776733248992 vs. 1.452776733248992
list:
dist: 1.8162260396761534 vs. 1.8162260396761534
list:
dist: 2.7066295805293183 vs. 2.7066295805293183
list:
dist: 1.7300160456466769 vs. 1.7300160456466769
list:
dist: 3.0078140266296574 vs. 3.0078140266296574
list:
dist: 2.3158804599312686 vs. 2.3158804599312686
list:
dist: 2.114888485790064 vs. 2.114888485790064
list:
dist: 3.524923536705105 vs. 3.524923536705105
list:
dist: 2.1431451738533323 vs. 2.1431451738533323
list:
dist: 3.3354474610669826 vs. 3.3354474610669826
list:
dist: 2.5820839410587575 vs. 2.5820839410587575
list:
dist: 1.7939253391300525 vs. 1.7939253391300525
list:
dist: 3.516140621915454 vs. 3.516140621915454
list:
dist: 3.8296437120388656 vs. 3.8296437120388656
list:
dist: 3.549136146152012 vs. 3.549136146152012
list:
dist: 2.5860079368495743 vs. 2.5860079368495743
list:
dist: 2.5401846248192115 vs. 2.5401846248192115
list:
dist: 1.9045969441064918 vs. 1.9045969441064918
list:
dist: 1.281657041305016 vs. 1.281657041305016
list:
dist: 0.795080976165156 vs. 0.795080976165156
list:
dist: 2.1659983749577854 vs. 2.1659983749577854
list:
dist: 2.7112123511016053 vs. 2.7112123511016053
list:
dist: 2.3422596409278857 vs. 2.3422596409278857
list:
dist: 2.5406106159784976 vs. 2.5406106159784976
list:
dist: 1.8500226854705895 vs. 1.8500226854705895
list:
dist: 2.0121520507159314 vs. 2.0121520507159314
list:
dist: 1.4423232209734922 vs. 1.4423232209734922
list:
dist: 1.1238585360074542 vs. 1.1238585360074542
list:
dist: 2.34575185689923 vs. 2.34575185689923
list:
dist: 2.7618595203566985 vs. 2.7618595203566985
list:
dist: 1.3906263427753731 vs. 1.3906263427753731
list:
dist: 2.3040499503758958 vs. 2.3040499503758958
list:
dist: 3.3803193833504874 vs. 3.3803193833504874
list:
dist: 3.754966270501771 vs. 3.754966270501771
list:
dist: 3.380871197729759 vs. 3.380871197729759
list:
dist: 2.826708666622687 vs. 2.826708666622687
list:
dist: 3.1251264784828967 vs. 3.1251264784828967
list:
dist: 2.769520996252051 vs. 2.769520996252051
list:
dist: 1.60782950003306 vs. 1.60782950003306
list:
dist: 0.9557223761197189 vs. 0.9557223761197189
list:
dist: 1.278876073525888 vs. 1.278876073525888
list:
dist: 1.7767829096037244 vs. 1.7767829096037244
list:
dist: 0.7432333859586575 vs. 0.7432333859586575
list:
dist: 2.2136348518020124 vs. 2.2136348518020124
list:
dist: 2.191009908212435 vs. 2.191009908212435
list:
dist: 2.1978757243079796 vs. 2.1978757243079796
list:
dist: 1.5202389415589508 vs. 1.5202389415589508
list:
dist: 1.6059155969905874 vs. 1.6059155969905874
list:
dist: 1.1511773920805815 vs. 1.1511773920805815
list:
dist: 2.7024747119589314 vs. 2.7024747119589314
list:
dist: 2.7727009236892717 vs. 2.7727009236892717
list:
dist: 2.0324548880800264 vs. 2.0324548880800264
list:
dist: 2.663152975875099 vs. 2.663152975875099
list:
dist: 1.610520880187289 vs. 1.610520880187289
list:
dist: 1.7629939321513044 vs. 1.7629939321513044
list:
dist: 1.1160122652736348 vs. 1.1160122652736348
list:
dist: 1.1380272286994277 vs. 1.1380272286994277
list:
dist: 2.6639736701669885 vs. 2.6639736701669885
list:
dist: 2.924264999899593 vs. 2.924264999899593
list:
dist: 1.1981623562758923 vs. 1.1981623562758923
list:
dist: 2.99126470394541 vs. 2.99126470394541
list:
dist: 3.636136504257671 vs. 3.636136504257671
list:
dist: 2.705763063378402 vs. 2.705763063378402
list:
dist: 3.412166368416872 vs. 3.412166368416872
list:
dist: 3.4348698918280895 vs. 3.4348698918280895
list:
dist: 3.577765120291684 vs. 3.577765120291684
list:
dist: 2.6746066520615948 vs. 2.6746066520615948
list:
dist: 5.274631714824258 vs. 5.274631714824258
list:
dist: 4.320210078480874 vs. 4.320210078480874
list:
dist: 3.7353530905096073 vs. 3.7353530905096073
list:
dist: 3.6603989436194775 vs. 3.6603989436194775
list:
dist: 3.0704198476382283 vs. 3.0704198476382283
list:
dist: 1.60782950003306 vs. 1.60782950003306
list:
dist: 1.0103875883014826 vs. 1.0103875883014826
list:
dist: 1.7849437804901889 vs. 1.7849437804901889
list:
dist: 1.9762735242679157 vs. 1.9762735242679157
list:
dist: 1.3147156387368208 vs. 1.3147156387368208
list:
dist: 2.293237518271259 vs. 2.293237518271259
list:
dist: 1.9450781685379253 vs. 1.9450781685379253
list:
dist: 2.0518097155444894 vs. 2.0518097155444894
list:
dist: 2.805532529184602 vs. 2.805532529184602
list:
dist: 1.8970829216612195 vs. 1.8970829216612195
list:
dist: 3.572118512300708 vs. 3.572118512300708
list:
dist: 2.9276638352312263 vs. 2.9276638352312263
list:
dist: 2.6763726663581306 vs. 2.6763726663581306
list:
dist: 3.9663056514889283 vs. 3.9663056514889283
list:
dist: 2.741596409667482 vs. 2.741596409667482
list:
dist: 3.666912979707108 vs. 3.666912979707108
list:
dist: 3.010563278946096 vs. 3.010563278946096
list:
dist: 2.11801530014231 vs. 2.11801530014231
list:
dist: 3.9759022822859964 vs. 3.9759022822859964
list:
dist: 4.369445871154477 vs. 4.369445871154477
list:
dist: 3.880613015182457 vs. 3.880613015182457
list:
dist: 3.1011155309507115 vs. 3.1011155309507115
list:
dist: 2.8995081370367504 vs. 2.8995081370367504
list:
dist: 2.3969795348893355 vs. 2.3969795348893355
list:
dist: 0.9093369547707246 vs. 0.9093369547707246
list:
dist: 0.8984836014857237 vs. 0.8984836014857237
list:
dist: 1.9313061145340875 vs. 1.9313061145340875
list:
dist: 3.288406258489503 vs. 3.288406258489503
list:
dist: 3.0800956055433804 vs. 3.0800956055433804
list:
dist: 2.9135099017814237 vs. 2.9135099017814237
list:
dist: 2.5204512290599173 vs. 2.5204512290599173
list:
dist: 2.777983425636368 vs. 2.777983425636368
list:
dist: 1.9001711760057105 vs. 1.9001711760057105
list:
dist: 1.6989291469353922 vs. 1.6989291469353922
list:
dist: 2.865798506698019 vs. 2.865798506698019
list:
dist: 3.2414384234882236 vs. 3.2414384234882236
list:
dist: 2.208819825093985 vs. 2.208819825093985
list:
dist: 2.448243471833348 vs. 2.448243471833348
list:
dist: 3.8568865622745134 vs. 3.8568865622745134
list:
dist: 4.248946565031038 vs. 4.248946565031038
list:
dist: 3.797144598220529 vs. 3.797144598220529
list:
dist: 3.2485577302415765 vs. 3.2485577302415765
list:
dist: 3.3191689822394013 vs. 3.3191689822394013
list:
dist: 1.1511773920805815 vs. 1.1511773920805815
list:
dist: 0.8984836014857237 vs. 0.8984836014857237
list:
dist: 0.795080976165156 vs. 0.795080976165156
list:
dist: 1.1711005796478575 vs. 1.1711005796478575
list:
dist: 1.4434373170243164 vs. 1.4434373170243164
list:
dist: 1.1405341934681323 vs. 1.1405341934681323
list:
dist: 2.021691430039365 vs. 2.021691430039365
list:
dist: 1.5851527095763445 vs. 1.5851527095763445
list:
dist: 2.116505251535144 vs. 2.116505251535144
list:
dist: 2.992154215253934 vs. 2.992154215253934
list:
dist: 2.2276071291878843 vs. 2.2276071291878843
list:
dist: 3.5345381157221 vs. 3.5345381157221
list:
dist: 2.8988231923066117 vs. 2.8988231923066117
list:
dist: 2.3825502038672903 vs. 2.3825502038672903
list:
dist: 3.944560648437686 vs. 3.944560648437686
list:
dist: 2.5845070268451487 vs. 2.5845070268451487
list:
dist: 3.535692197389199 vs. 3.535692197389199
list:
dist: 2.978723683946492 vs. 2.978723683946492
list:
dist: 2.024862949334064 vs. 2.024862949334064
list:
dist: 3.7999363245417515 vs. 3.7999363245417515
list:
dist: 4.01051333670271 vs. 4.01051333670271
list:
dist: 3.9793649200101395 vs. 3.9793649200101395
list:
dist: 2.744083838712657 vs. 2.744083838712657
list:
dist: 2.0281929905965703 vs. 2.0281929905965703
list:
dist: 1.5141263194763528 vs. 1.5141263194763528
list:
dist: 0.542727158555608 vs. 0.542727158555608
list:
dist: 1.5970950547917042 vs. 1.5970950547917042
list:
dist: 2.460763805064536 vs. 2.460763805064536
list:
dist: 2.211866065371985 vs. 2.211866065371985
list:
dist: 2.1068068883267665 vs. 2.1068068883267665
list:
dist: 1.641695515535136 vs. 1.641695515535136
list:
dist: 1.9272716616200392 vs. 1.9272716616200392
list:
dist: 1.03223561471412 vs. 1.03223561471412
list:
dist: 0.8257050267334439 vs. 0.8257050267334439
list:
dist: 2.1503339548049274 vs. 2.1503339548049274
list:
dist: 2.4527215250748613 vs. 2.4527215250748613
list:
dist: 1.4120204792084956 vs. 1.4120204792084956
list:
dist: 2.253866996459636 vs. 2.253866996459636
list:
dist: 3.301830893997426 vs. 3.301830893997426
list:
dist: 3.774178073191371 vs. 3.774178073191371
list:
dist: 3.4373026046349766 vs. 3.4373026046349766
list:
dist: 2.754917197616674 vs. 2.754917197616674
list:
dist: 3.1048023029999956 vs. 3.1048023029999956
list:
dist: 2.701227474282645 vs. 2.701227474282645
list:
dist: 2.663152975875099 vs. 2.663152975875099
list:
dist: 2.9135099017814237 vs. 2.9135099017814237
list:
dist: 2.5406106159784976 vs. 2.5406106159784976
list:
dist: 1.9060214202097716 vs. 1.9060214202097716
list:
dist: 1.8154219237912406 vs. 1.8154219237912406
list:
dist: 2.818781091975497 vs. 2.818781091975497
list:
dist: 2.531710459088436 vs. 2.531710459088436
list:
dist: 1.9377496962928977 vs. 1.9377496962928977
list:
dist: 2.860818338250791 vs. 2.860818338250791
list:
dist: 3.575463387375494 vs. 3.575463387375494
list:
dist: 3.469371105165395 vs. 3.469371105165395
list:
dist: 3.8686878975037353 vs. 3.8686878975037353
list:
dist: 3.4987386778512373 vs. 3.4987386778512373
list:
dist: 2.3879439036355037 vs. 2.3879439036355037
list:
dist: 4.065712011134552 vs. 4.065712011134552
list:
dist: 2.91858292191571 vs. 2.91858292191571
list:
dist: 3.302814542406882 vs. 3.302814542406882
list:
dist: 3.3053247886569093 vs. 3.3053247886569093
list:
dist: 2.5250799884048045 vs. 2.5250799884048045
list:
dist: 3.5124116836874046 vs. 3.5124116836874046
list:
dist: 3.2148855125871423 vs. 3.2148855125871423
list:
dist: 4.315718874290751 vs. 4.315718874290751
list:
dist: 2.319978034155548 vs. 2.319978034155548
list:
dist: 3.6541413452539904 vs. 3.6541413452539904
list:
dist: 1.3109196059170005 vs. 1.3109196059170005
list:
dist: 1.4613009245712463 vs. 1.4613009245712463
list:
dist: 2.191259424587921 vs. 2.191259424587921
list:
dist: 2.1068068883267665 vs. 2.1068068883267665
list:
dist: 1.715813103573645 vs. 1.715813103573645
list:
dist: 0.7154999099665316 vs. 0.7154999099665316
list:
dist: 1.4845701298662228 vs. 1.4845701298662228
list:
dist: 1.2992754155573438 vs. 1.2992754155573438
list:
dist: 1.4645419540417435 vs. 1.4645419540417435
list:
dist: 1.6676955826819777 vs. 1.6676955826819777
list:
dist: 1.5459488209039747 vs. 1.5459488209039747
list:
dist: 0.8373867766470912 vs. 0.8373867766470912
list:
dist: 0.5278376232734068 vs. 0.5278376232734068
list:
dist: 1.7082535892009298 vs. 1.7082535892009298
list:
dist: 2.474441122810758 vs. 2.474441122810758
list:
dist: 1.4853708838310813 vs. 1.4853708838310813
list:
dist: 1.4000281724534727 vs. 1.4000281724534727
list:
dist: 1.3230749398618764 vs. 1.3230749398618764
list:
dist: 1.1782306983724256 vs. 1.1782306983724256
list:
dist: 1.2100822366372805 vs. 1.2100822366372805
list:
dist: 2.21718068819709 vs. 2.21718068819709
list:
dist: 1.9548622463658223 vs. 1.9548622463658223
list:
dist: 2.5997626642453198 vs. 2.5997626642453198
list:
dist: 2.625290795171094 vs. 2.625290795171094
list:
dist: 1.757478247303047 vs. 1.757478247303047
list:
dist: 2.6379803349961146 vs. 2.6379803349961146
list:
dist: 2.387599998442897 vs. 2.387599998442897
list:
dist: 0.7457043574660472 vs. 0.7457043574660472
list:
dist: 1.4304089959323292 vs. 1.4304089959323292
list:
dist: 2.705763063378402 vs. 2.705763063378402
list:
dist: 1.8010928063642604 vs. 1.8010928063642604
list:
dist: 1.707687771638291 vs. 1.707687771638291
list:
dist: 2.803042295449525 vs. 2.803042295449525
list:
dist: 2.179050186430575 vs. 2.179050186430575
list:
dist: 2.063304797317169 vs. 2.063304797317169
list:
dist: 3.721902748365759 vs. 3.721902748365759
list:
dist: 2.9233452243417193 vs. 2.9233452243417193
list:
dist: 2.778707298369304 vs. 2.778707298369304
list:
dist: 3.3596828141789543 vs. 3.3596828141789543
list:
dist: 3.046474855675713 vs. 3.046474855675713
list:
dist: 2.162309546103275 vs. 2.162309546103275
list:
dist: 3.684345263366083 vs. 3.684345263366083
list:
dist: 2.565178983084057 vs. 2.565178983084057
list:
dist: 3.2046406018106652 vs. 3.2046406018106652
list:
dist: 3.0773407261740333 vs. 3.0773407261740333
list:
dist: 2.6372732729311497 vs. 2.6372732729311497
list:
dist: 3.174231252712033 vs. 3.174231252712033
list:
dist: 2.7641680420471397 vs. 2.7641680420471397
list:
dist: 4.050798530066214 vs. 4.050798530066214
list:
dist: 2.1098792262188693 vs. 2.1098792262188693
list:
dist: 2.3346420102476606 vs. 2.3346420102476606
list:
dist: 3.9499525695703586 vs. 3.9499525695703586
list:
dist: 3.1941810990460304 vs. 3.1941810990460304
list:
dist: 3.0280685787038704 vs. 3.0280685787038704
list:
dist: 2.9044512861055645 vs. 2.9044512861055645
list:
dist: 1.960785882599605 vs. 1.960785882599605
list:
dist: 1.8233513088032192 vs. 1.8233513088032192
list:
dist: 0.7359760203770636 vs. 0.7359760203770636
list:
dist: 1.0218250394494957 vs. 1.0218250394494957
list:
dist: 1.4000281724534727 vs. 1.4000281724534727
list:
dist: 1.2922637835727786 vs. 1.2922637835727786
list:
dist: 1.0564038600072303 vs. 1.0564038600072303
list:
dist: 2.0723840224365344 vs. 2.0723840224365344
list:
dist: 1.8795165117051569 vs. 1.8795165117051569
list:
dist: 1.0901432580708705 vs. 1.0901432580708705
list:
dist: 1.0720172345056287 vs. 1.0720172345056287
list:
dist: 1.509021019369717 vs. 1.509021019369717
list:
dist: 1.4051336558028131 vs. 1.4051336558028131
list:
dist: 1.1616322573147047 vs. 1.1616322573147047
list:
dist: 0.8653343837062653 vs. 0.8653343837062653
list:
dist: 1.2092989524088107 vs. 1.2092989524088107
list:
dist: 1.2090858198549543 vs. 1.2090858198549543
list:
dist: 1.8643830575144325 vs. 1.8643830575144325
list:
dist: 2.339502036850216 vs. 2.339502036850216
list:
dist: 2.519714425487222 vs. 2.519714425487222
list:
dist: 1.8630839525711826 vs. 1.8630839525711826
list:
dist: 2.912276158106448 vs. 2.912276158106448
list:
dist: 1.6686582637265022 vs. 1.6686582637265022
list:
dist: 3.34961282276751 vs. 3.34961282276751
list:
dist: 1.5808121878894752 vs. 1.5808121878894752
list:
dist: 1.7282523097177918 vs. 1.7282523097177918
list:
dist: 2.7727009236892717 vs. 2.7727009236892717
list:
dist: 3.288406258489503 vs. 3.288406258489503
list:
dist: 2.7112123511016053 vs. 2.7112123511016053
list:
dist: 1.9080544746596997 vs. 1.9080544746596997
list:
dist: 1.7958028310379377 vs. 1.7958028310379377
list:
dist: 2.91360265108284 vs. 2.91360265108284
list:
dist: 2.4172413926767233 vs. 2.4172413926767233
list:
dist: 2.030320640010252 vs. 2.030320640010252
list:
dist: 2.9814932385958843 vs. 2.9814932385958843
list:
dist: 3.6849400087903725 vs. 3.6849400087903725
list:
dist: 3.5880255256155453 vs. 3.5880255256155453
list:
dist: 3.672845887570531 vs. 3.672845887570531
list:
dist: 3.3488997753157395 vs. 3.3488997753157395
list:
dist: 2.289885073366025 vs. 2.289885073366025
list:
dist: 3.908925821538418 vs. 3.908925821538418
list:
dist: 2.7918198677955237 vs. 2.7918198677955237
list:
dist: 3.2440953135561585 vs. 3.2440953135561585
list:
dist: 3.2355325998592166 vs. 3.2355325998592166
list:
dist: 2.625223328012107 vs. 2.625223328012107
list:
dist: 3.3363205500479034 vs. 3.3363205500479034
list:
dist: 2.9292039971648323 vs. 2.9292039971648323
list:
dist: 4.230928837373373 vs. 4.230928837373373
list:
dist: 2.185568008398405 vs. 2.185568008398405
list:
dist: 2.9851393284282537 vs. 2.9851393284282537
list:
dist: 1.5690084785924154 vs. 1.5690084785924154
list:
dist: 1.625276396367963 vs. 1.625276396367963
list:
dist: 2.673788893602319 vs. 2.673788893602319
list:
dist: 2.460763805064536 vs. 2.460763805064536
list:
dist: 2.3170310146224757 vs. 2.3170310146224757
list:
dist: 1.1665366185461947 vs. 1.1665366185461947
list:
dist: 0.7154999099665316 vs. 0.7154999099665316
list:
dist: 1.2448027022174515 vs. 1.2448027022174515
list:
dist: 1.2134044381777902 vs. 1.2134044381777902
list:
dist: 1.9025662940017751 vs. 1.9025662940017751
list:
dist: 1.7505365894615559 vs. 1.7505365894615559
list:
dist: 0.757460527899255 vs. 0.757460527899255
list:
dist: 0.39747563585523576 vs. 0.39747563585523576
list:
dist: 1.6322706452921518 vs. 1.6322706452921518
list:
dist: 1.8956008930292745 vs. 1.8956008930292745
list:
dist: 0.9560665580465042 vs. 0.9560665580465042
list:
dist: 0.7359760203770636 vs. 0.7359760203770636
list:
dist: 0.7145910738639731 vs. 0.7145910738639731
list:
dist: 0.7831851171265417 vs. 0.7831851171265417
list:
dist: 0.8078642766443406 vs. 0.8078642766443406
list:
dist: 2.432084108548047 vs. 2.432084108548047
list:
dist: 1.742985811238826 vs. 1.742985811238826
list:
dist: 2.346231988287554 vs. 2.346231988287554
list:
dist: 2.4965701708459243 vs. 2.4965701708459243
list:
dist: 1.6993201847962855 vs. 1.6993201847962855
list:
dist: 2.737712795296888 vs. 2.737712795296888
list:
dist: 1.7856336535246073 vs. 1.7856336535246073
list:
dist: 0.9141964144337742 vs. 0.9141964144337742
list:
dist: 1.2421007387860956 vs. 1.2421007387860956
list:
dist: 2.924264999899593 vs. 2.924264999899593
list:
dist: 3.2414384234882236 vs. 3.2414384234882236
list:
dist: 2.7618595203566985 vs. 2.7618595203566985
list:
dist: 2.007960953050585 vs. 2.007960953050585
list:
dist: 1.8314681743591972 vs. 1.8314681743591972
list:
dist: 3.0177879205267937 vs. 3.0177879205267937
list:
dist: 2.452762638942111 vs. 2.452762638942111
list:
dist: 1.9529333914041258 vs. 1.9529333914041258
list:
dist: 2.8709314447170744 vs. 2.8709314447170744
list:
dist: 3.529229200655045 vs. 3.529229200655045
list:
dist: 3.529594893092122 vs. 3.529594893092122
list:
dist: 3.660671748596788 vs. 3.660671748596788
list:
dist: 3.364722901891873 vs. 3.364722901891873
list:
dist: 2.22457289040165 vs. 2.22457289040165
list:
dist: 3.829182111049281 vs. 3.829182111049281
list:
dist: 2.7704149908848854 vs. 2.7704149908848854
list:
dist: 3.0728465332832338 vs. 3.0728465332832338
list:
dist: 3.1544417542573 vs. 3.1544417542573
list:
dist: 2.509334437062425 vs. 2.509334437062425
list:
dist: 3.2216707578963026 vs. 3.2216707578963026
list:
dist: 2.821057670257858 vs. 2.821057670257858
list:
dist: 4.132169885804091 vs. 4.132169885804091
list:
dist: 2.0702576014655127 vs. 2.0702576014655127
list:
dist: 3.2072906196819546 vs. 3.2072906196819546
list:
dist: 1.6949998471083596 vs. 1.6949998471083596
list:
dist: 1.7952755190950074 vs. 1.7952755190950074
list:
dist: 2.6022423041973233 vs. 2.6022423041973233
list:
dist: 2.4527215250748613 vs. 2.4527215250748613
list:
dist: 2.057535203045025 vs. 2.057535203045025
list:
dist: 0.39747563585523576 vs. 0.39747563585523576
list:
dist: 1.5128362155570538 vs. 1.5128362155570538
list:
dist: 0.5278376232734068 vs. 0.5278376232734068
list:
dist: 1.4800002105657262 vs. 1.4800002105657262
list:
dist: 1.5187424581722857 vs. 1.5187424581722857
list:
dist: 2.0203709105819176 vs. 2.0203709105819176
list:
dist: 1.833915411209987 vs. 1.833915411209987
list:
dist: 0.6105869674656085 vs. 0.6105869674656085
list:
dist: 1.844044532684145 vs. 1.844044532684145
list:
dist: 2.291348397418347 vs. 2.291348397418347
list:
dist: 1.096278582995692 vs. 1.096278582995692
list:
dist: 1.0720172345056287 vs. 1.0720172345056287
list:
dist: 0.8451344657600401 vs. 0.8451344657600401
list:
dist: 0.8931879924792494 vs. 0.8931879924792494
list:
dist: 0.7527923779655615 vs. 0.7527923779655615
list:
dist: 2.200530527655903 vs. 2.200530527655903
list:
dist: 1.5414133794465248 vs. 1.5414133794465248
list:
dist: 2.1810120152005554 vs. 2.1810120152005554
list:
dist: 2.303617566412833 vs. 2.303617566412833
list:
dist: 1.4740485063766096 vs. 1.4740485063766096
list:
dist: 2.476504427149219 vs. 2.476504427149219
list:
dist: 1.931856219868254 vs. 1.931856219868254
list:
dist: 0.8783712511415133 vs. 0.8783712511415133
list:
dist: 1.2419989018346131 vs. 1.2419989018346131
list:
dist: 1.2544604071011762 vs. 1.2544604071011762
list:
dist: 1.6893679287567511 vs. 1.6893679287567511
list:
dist: 2.763175039610515 vs. 2.763175039610515
list:
dist: 2.701227474282645 vs. 2.701227474282645
list:
dist: 2.343978636699428 vs. 2.343978636699428
list:
dist: 0.9141964144337742 vs. 0.9141964144337742
list:
dist: 1.5821523765050578 vs. 1.5821523765050578
list:
dist: 0.7457043574660472 vs. 0.7457043574660472
list:
dist: 1.6076574184631514 vs. 1.6076574184631514
list:
dist: 1.7171348623448384 vs. 1.7171348623448384
list:
dist: 2.05355656542682 vs. 2.05355656542682
list:
dist: 2.0820594909025965 vs. 2.0820594909025965
list:
dist: 1.4420852782074212 vs. 1.4420852782074212
list:
dist: 0.8783712511415133 vs. 0.8783712511415133
list:
dist: 2.1388152685366326 vs. 2.1388152685366326
list:
dist: 2.3390278300657483 vs. 2.3390278300657483
list:
dist: 1.1802013922149606 vs. 1.1802013922149606
list:
dist: 1.5808121878894752 vs. 1.5808121878894752
list:
dist: 1.2627193399622814 vs. 1.2627193399622814
list:
dist: 0.7848404995075597 vs. 0.7848404995075597
list:
dist: 1.1040755097502744 vs. 1.1040755097502744
list:
dist: 2.928772814638283 vs. 2.928772814638283
list:
dist: 2.33990031787839 vs. 2.33990031787839
list:
dist: 2.9843074652441524 vs. 2.9843074652441524
list:
dist: 3.1474778704885558 vs. 3.1474778704885558
list:
dist: 2.3167623594025577 vs. 2.3167623594025577
list:
dist: 3.2579527821783665 vs. 3.2579527821783665
list:
dist: 2.1149272899807356 vs. 2.1149272899807356
list:
dist: 0.8449692627009813 vs. 0.8449692627009813
list:
dist: 2.0324548880800264 vs. 2.0324548880800264
list:
dist: 3.0800956055433804 vs. 3.0800956055433804
list:
dist: 2.3422596409278857 vs. 2.3422596409278857
list:
dist: 1.6223869043193075 vs. 1.6223869043193075
list:
dist: 1.8169944889428402 vs. 1.8169944889428402
list:
dist: 2.3762145277387283 vs. 2.3762145277387283
list:
dist: 2.44683783822486 vs. 2.44683783822486
list:
dist: 2.3019838036618117 vs. 2.3019838036618117
list:
dist: 3.247188402417673 vs. 3.247188402417673
list:
dist: 4.088404615612376 vs. 4.088404615612376
list:
dist: 3.6258447314934314 vs. 3.6258447314934314
list:
dist: 3.895695916237792 vs. 3.895695916237792
list:
dist: 3.420548074843941 vs. 3.420548074843941
list:
dist: 2.683237984714207 vs. 2.683237984714207
list:
dist: 4.331589465073348 vs. 4.331589465073348
list:
dist: 3.0160495019362705 vs. 3.0160495019362705
list:
dist: 3.9071627400134883 vs. 3.9071627400134883
list:
dist: 3.5843677969423666 vs. 3.5843677969423666
list:
dist: 2.9564762939251494 vs. 2.9564762939251494
list:
dist: 3.9365882859246524 vs. 3.9365882859246524
list:
dist: 3.6743988094025473 vs. 3.6743988094025473
list:
dist: 4.624657550139127 vs. 4.624657550139127
list:
dist: 2.797496338991086 vs. 2.797496338991086
list:
dist: 3.092369414617002 vs. 3.092369414617002
list:
dist: 1.2396065682333557 vs. 1.2396065682333557
list:
dist: 0.996875138075643 vs. 0.996875138075643
list:
dist: 2.5547275905859386 vs. 2.5547275905859386
list:
dist: 2.211866065371985 vs. 2.211866065371985
list:
dist: 2.795873828051401 vs. 2.795873828051401
list:
dist: 1.1665366185461947 vs. 1.1665366185461947
list:
dist: 1.4845701298662228 vs. 1.4845701298662228
list:
dist: 0.5774350348721139 vs. 0.5774350348721139
list:
dist: 0.3416406429609416 vs. 0.3416406429609416
list:
dist: 1.3495662528876644 vs. 1.3495662528876644
list:
dist: 1.3898796701786096 vs. 1.3898796701786096
list:
dist: 1.6038278566794018 vs. 1.6038278566794018
list:
dist: 1.5128362155570538 vs. 1.5128362155570538
list:
dist: 0.9621820115370916 vs. 0.9621820115370916
list:
dist: 1.2436759511587583 vs. 1.2436759511587583
list:
dist: 1.744177146593539 vs. 1.744177146593539
list:
dist: 1.0218250394494957 vs. 1.0218250394494957
list:
dist: 1.6389474055454298 vs. 1.6389474055454298
list:
dist: 1.5983717544285883 vs. 1.5983717544285883
list:
dist: 1.8816968473178193 vs. 1.8816968473178193
list:
dist: 3.056352088333348 vs. 3.056352088333348
list:
dist: 2.747270807507543 vs. 2.747270807507543
list:
dist: 3.2745028994502596 vs. 3.2745028994502596
list:
dist: 3.34450095091268 vs. 3.34450095091268
list:
dist: 2.593436607879771 vs. 2.593436607879771
list:
dist: 3.55227702917088 vs. 3.55227702917088
list:
dist: 2.412451003591075 vs. 2.412451003591075
list:
dist: 1.5821523765050578 vs. 1.5821523765050578
list:
dist: 2.029370053203235 vs. 2.029370053203235
list:
dist: 3.412166368416872 vs. 3.412166368416872
list:
dist: 2.480084419813411 vs. 2.480084419813411
list:
dist: 2.3005053206235258 vs. 2.3005053206235258
list:
dist: 3.5191835847645643 vs. 3.5191835847645643
list:
dist: 2.7841518856576495 vs. 2.7841518856576495
list:
dist: 2.494971583926019 vs. 2.494971583926019
list:
dist: 4.068599968301682 vs. 4.068599968301682
list:
dist: 3.112610988961463 vs. 3.112610988961463
list:
dist: 3.2784943839532765 vs. 3.2784943839532765
list:
dist: 3.809849493809791 vs. 3.809849493809791
list:
dist: 3.6037430501557894 vs. 3.6037430501557894
list:
dist: 2.5457472322901875 vs. 2.5457472322901875
list:
dist: 3.9785101208055194 vs. 3.9785101208055194
list:
dist: 3.0460689675198447 vs. 3.0460689675198447
list:
dist: 3.3099570716959823 vs. 3.3099570716959823
list:
dist: 3.4517159802851696 vs. 3.4517159802851696
list:
dist: 3.0153225465430493 vs. 3.0153225465430493
list:
dist: 3.3254426321060744 vs. 3.3254426321060744
list:
dist: 2.7393736673470754 vs. 2.7393736673470754
list:
dist: 4.364087355871709 vs. 4.364087355871709
list:
dist: 2.315290244535486 vs. 2.315290244535486
list:
dist: 2.620134263553258 vs. 2.620134263553258
list:
dist: 3.9999642167336567 vs. 3.9999642167336567
list:
dist: 3.3258028271773767 vs. 3.3258028271773767
list:
dist: 3.146634555844887 vs. 3.146634555844887
list:
dist: 3.3279342373594276 vs. 3.3279342373594276
list:
dist: 2.1730406770199706 vs. 2.1730406770199706
list:
dist: 2.290050438450326 vs. 2.290050438450326
list:
dist: 0.7145910738639731 vs. 0.7145910738639731
list:
dist: 1.6389474055454298 vs. 1.6389474055454298
list:
dist: 1.3230749398618764 vs. 1.3230749398618764
list:
dist: 1.8789431770318736 vs. 1.8789431770318736
list:
dist: 1.7516717963156136 vs. 1.7516717963156136
list:
dist: 2.5961115075873953 vs. 2.5961115075873953
list:
dist: 2.436145448316351 vs. 2.436145448316351
list:
dist: 1.1930586630348945 vs. 1.1930586630348945
list:
dist: 0.8451344657600401 vs. 0.8451344657600401
list:
dist: 2.230289933932262 vs. 2.230289933932262
list:
dist: 1.9018655069828379 vs. 1.9018655069828379
list:
dist: 0.4457606598498239 vs. 0.4457606598498239
list:
dist: 0.8653343837062653 vs. 0.8653343837062653
list:
dist: 0.6204856885196869 vs. 0.6204856885196869
list:
dist: 0.4087787441068056 vs. 0.4087787441068056
list:
dist: 1.5684424601225004 vs. 1.5684424601225004
list:
dist: 2.102004509183773 vs. 2.102004509183773
list:
dist: 2.4401044620619268 vs. 2.4401044620619268
list:
dist: 1.7893003473152838 vs. 1.7893003473152838
list:
dist: 2.873086042811293 vs. 2.873086042811293
list:
dist: 1.1007801687849101 vs. 1.1007801687849101
list:
dist: 3.220117291094929 vs. 3.220117291094929
list:
dist: 1.2627193399622814 vs. 1.2627193399622814
list:
dist: 1.057441160892912 vs. 1.057441160892912
list:
dist: 2.99126470394541 vs. 2.99126470394541
list:
dist: 2.601818128718977 vs. 2.601818128718977
list:
dist: 2.7356518369188745 vs. 2.7356518369188745
list:
dist: 3.308009571631072 vs. 3.308009571631072
list:
dist: 3.149267664725886 vs. 3.149267664725886
list:
dist: 3.235065847934066 vs. 3.235065847934066
list:
dist: 3.2188887453795356 vs. 3.2188887453795356
list:
dist: 2.4335347535248446 vs. 2.4335347535248446
list:
dist: 2.3614141980319916 vs. 2.3614141980319916
list:
dist: 4.32205235200997 vs. 4.32205235200997
list:
dist: 3.956112527412216 vs. 3.956112527412216
list:
dist: 3.3671578081175926 vs. 3.3671578081175926
list:
dist: 4.778921049414206 vs. 4.778921049414206
list:
dist: 3.6289913052059064 vs. 3.6289913052059064
list:
dist: 4.490104516879719 vs. 4.490104516879719
list:
dist: 4.212148590567465 vs. 4.212148590567465
list:
dist: 3.8283541984321223 vs. 3.8283541984321223
list:
dist: 4.370576535056432 vs. 4.370576535056432
list:
dist: 3.952567586184324 vs. 3.952567586184324
list:
dist: 5.159527070713964 vs. 5.159527070713964
list:
dist: 3.4069114597276324 vs. 3.4069114597276324
list:
dist: 2.5002434560323095 vs. 2.5002434560323095
list:
dist: 3.9025540759148103 vs. 3.9025540759148103
list:
dist: 3.237159119773895 vs. 3.237159119773895
list:
dist: 2.9341050991278883 vs. 2.9341050991278883
list:
dist: 2.758657196944279 vs. 2.758657196944279
list:
dist: 2.292918872085017 vs. 2.292918872085017
list:
dist: 2.185769794296609 vs. 2.185769794296609
list:
dist: 1.8956008930292745 vs. 1.8956008930292745
list:
dist: 1.2436759511587583 vs. 1.2436759511587583
list:
dist: 2.474441122810758 vs. 2.474441122810758
list:
dist: 1.808680253194698 vs. 1.808680253194698
list:
dist: 1.4807349344717375 vs. 1.4807349344717375
list:
dist: 2.5460882315378295 vs. 2.5460882315378295
list:
dist: 2.581392558068125 vs. 2.581392558068125
list:
dist: 2.4480525027527547 vs. 2.4480525027527547
list:
dist: 2.291348397418347 vs. 2.291348397418347
list:
dist: 2.0166846254922564 vs. 2.0166846254922564
list:
dist: 1.880564111042379 vs. 1.880564111042379
list:
dist: 1.4051336558028131 vs. 1.4051336558028131
list:
dist: 1.9018655069828379 vs. 1.9018655069828379
list:
dist: 1.9589762687066063 vs. 1.9589762687066063
list:
dist: 2.261252563439255 vs. 2.261252563439255
list:
dist: 3.2079655818490456 vs. 3.2079655818490456
list:
dist: 3.6152659852053053 vs. 3.6152659852053053
list:
dist: 3.8573064253652314 vs. 3.8573064253652314
list:
dist: 3.2618552560771796 vs. 3.2618552560771796
list:
dist: 4.297257282253145 vs. 4.297257282253145
list:
dist: 2.070834396486892 vs. 2.070834396486892
list:
dist: 3.267810688558402 vs. 3.267810688558402
list:
dist: 2.3390278300657483 vs. 2.3390278300657483
list:
dist: 2.3554414793920633 vs. 2.3554414793920633
list:
dist: 2.7024747119589314 vs. 2.7024747119589314
list:
dist: 1.9313061145340875 vs. 1.9313061145340875
list:
dist: 2.1659983749577854 vs. 2.1659983749577854
list:
dist: 2.1000312179299776 vs. 2.1000312179299776
list:
dist: 1.961378460364098 vs. 1.961378460364098
list:
dist: 2.603020035858532 vs. 2.603020035858532
list:
dist: 2.522391633900592 vs. 2.522391633900592
list:
dist: 1.691051309667719 vs. 1.691051309667719
list:
dist: 2.1527330873764443 vs. 2.1527330873764443
list:
dist: 2.750382985002676 vs. 2.750382985002676
list:
dist: 2.6747886260677958 vs. 2.6747886260677958
list:
dist: 3.722798035013923 vs. 3.722798035013923
list:
dist: 3.312626470300167 vs. 3.312626470300167
list:
dist: 2.35377908951889 vs. 2.35377908951889
list:
dist: 3.823402078698994 vs. 3.823402078698994
list:
dist: 2.7893970090595706 vs. 2.7893970090595706
list:
dist: 3.021752895631742 vs. 3.021752895631742
list:
dist: 2.9561502269763666 vs. 2.9561502269763666
list:
dist: 1.970236446726953 vs. 1.970236446726953
list:
dist: 3.4511793875678975 vs. 3.4511793875678975
list:
dist: 3.5479919125130888 vs. 3.5479919125130888
list:
dist: 3.8622666151085125 vs. 3.8622666151085125
list:
dist: 2.432429170024001 vs. 2.432429170024001
list:
dist: 2.358249404758899 vs. 2.358249404758899
list:
dist: 2.2626028065215693 vs. 2.2626028065215693
list:
dist: 1.34340549889054 vs. 1.34340549889054
list:
dist: 1.5970950547917042 vs. 1.5970950547917042
list:
dist: 2.3170310146224757 vs. 2.3170310146224757
list:
dist: 2.795873828051401 vs. 2.795873828051401
list:
dist: 1.715813103573645 vs. 1.715813103573645
list:
dist: 2.312113966931732 vs. 2.312113966931732
list:
dist: 2.599142765474275 vs. 2.599142765474275
list:
dist: 2.0536094190558676 vs. 2.0536094190558676
list:
dist: 1.8076411709794518 vs. 1.8076411709794518
list:
dist: 1.8356573843870927 vs. 1.8356573843870927
list:
dist: 2.057535203045025 vs. 2.057535203045025
list:
dist: 2.381137484094826 vs. 2.381137484094826
list:
dist: 1.5489090559563319 vs. 1.5489090559563319
list:
dist: 2.620718081829161 vs. 2.620718081829161
list:
dist: 3.118966254914151 vs. 3.118966254914151
list:
dist: 2.7760305498423645 vs. 2.7760305498423645
list:
dist: 2.0950803222257806 vs. 2.0950803222257806
list:
dist: 2.238677866058596 vs. 2.238677866058596
list:
dist: 2.343978636699428 vs. 2.343978636699428
list:
dist: 2.6639736701669885 vs. 2.6639736701669885
list:
dist: 2.865798506698019 vs. 2.865798506698019
list:
dist: 2.34575185689923 vs. 2.34575185689923
list:
dist: 1.5780291602728937 vs. 1.5780291602728937
list:
dist: 1.2997335851349854 vs. 1.2997335851349854
list:
dist: 2.621812080155353 vs. 2.621812080155353
list:
dist: 1.8716941534989213 vs. 1.8716941534989213
list:
dist: 1.3684821716178703 vs. 1.3684821716178703
list:
dist: 2.2775392211370957 vs. 2.2775392211370957
list:
dist: 2.9439221605755708 vs. 2.9439221605755708
list:
dist: 2.9456267861402723 vs. 2.9456267861402723
list:
dist: 3.0765250305007266 vs. 3.0765250305007266
list:
dist: 2.7690827372096996 vs. 2.7690827372096996
list:
dist: 1.6207555309935702 vs. 1.6207555309935702
list:
dist: 3.2634535474937243 vs. 3.2634535474937243
list:
dist: 2.168047947491417 vs. 2.168047947491417
list:
dist: 2.550433477241057 vs. 2.550433477241057
list:
dist: 2.553209984945044 vs. 2.553209984945044
list:
dist: 1.9126331841640352 vs. 1.9126331841640352
list:
dist: 2.70616853218144 vs. 2.70616853218144
list:
dist: 2.4274851880309027 vs. 2.4274851880309027
list:
dist: 3.5484516601029825 vs. 3.5484516601029825
list:
dist: 1.5141330150022434 vs. 1.5141330150022434
list:
dist: 3.0517125984680913 vs. 3.0517125984680913
list:
dist: 1.9586836725801948 vs. 1.9586836725801948
list:
dist: 1.8430237365632447 vs. 1.8430237365632447
list:
dist: 2.35665587484933 vs. 2.35665587484933
list:
dist: 2.1503339548049274 vs. 2.1503339548049274
list:
dist: 1.8356573843870927 vs. 1.8356573843870927
list:
dist: 0.757460527899255 vs. 0.757460527899255
list:
dist: 1.6038278566794018 vs. 1.6038278566794018
list:
dist: 0.8373867766470912 vs. 0.8373867766470912
list:
dist: 1.4527328668528685 vs. 1.4527328668528685
list:
dist: 1.483397364483825 vs. 1.483397364483825
list:
dist: 1.9268565877453423 vs. 1.9268565877453423
list:
dist: 1.6001818112423754 vs. 1.6001818112423754
list:
dist: 0.6105869674656085 vs. 0.6105869674656085
list:
dist: 1.6268372294773958 vs. 1.6268372294773958
list:
dist: 2.4480525027527547 vs. 2.4480525027527547
list:
dist: 1.5649271016870252 vs. 1.5649271016870252
list:
dist: 1.0901432580708705 vs. 1.0901432580708705
list:
dist: 1.1930586630348945 vs. 1.1930586630348945
list:
dist: 1.4492038086854548 vs. 1.4492038086854548
list:
dist: 1.2056977803166193 vs. 1.2056977803166193
list:
dist: 1.6787373293813153 vs. 1.6787373293813153
list:
dist: 1.3174704878794181 vs. 1.3174704878794181
list:
dist: 1.908030001292769 vs. 1.908030001292769
list:
dist: 1.8886962397142144 vs. 1.8886962397142144
list:
dist: 1.0467933087322452 vs. 1.0467933087322452
list:
dist: 2.0212437523210043 vs. 2.0212437523210043
list:
dist: 2.2618882667408102 vs. 2.2618882667408102
list:
dist: 1.4420852782074212 vs. 1.4420852782074212
list:
dist: 1.8396779271319852 vs. 1.8396779271319852
list:
dist: 1.7629939321513044 vs. 1.7629939321513044
list:
dist: 2.777983425636368 vs. 2.777983425636368
list:
dist: 2.0121520507159314 vs. 2.0121520507159314
list:
dist: 1.282372007767448 vs. 1.282372007767448
list:
dist: 1.501555617267568 vs. 1.501555617267568
list:
dist: 2.0538535853513524 vs. 2.0538535853513524
list:
dist: 2.139504780261418 vs. 2.139504780261418
list:
dist: 2.006473815618672 vs. 2.006473815618672
list:
dist: 2.9369644078442643 vs. 2.9369644078442643
list:
dist: 3.7928399170459373 vs. 3.7928399170459373
list:
dist: 3.2915220997367243 vs. 3.2915220997367243
list:
dist: 3.627871776811983 vs. 3.627871776811983
list:
dist: 3.125061380078646 vs. 3.125061380078646
list:
dist: 2.420700162719466 vs. 2.420700162719466
list:
dist: 4.081252103499031 vs. 4.081252103499031
list:
dist: 2.7317793082560184 vs. 2.7317793082560184
list:
dist: 3.683809660136635 vs. 3.683809660136635
list:
dist: 3.304739580279874 vs. 3.304739580279874
list:
dist: 2.659232675860504 vs. 2.659232675860504
list:
dist: 3.7255524349158886 vs. 3.7255524349158886
list:
dist: 3.5345139402285697 vs. 3.5345139402285697
list:
dist: 4.352672875976668 vs. 4.352672875976668
list:
dist: 2.583725343567453 vs. 2.583725343567453
list:
dist: 3.0998204446090245 vs. 3.0998204446090245
list:
dist: 1.3195329419725956 vs. 1.3195329419725956
list:
dist: 0.9100773017009814 vs. 0.9100773017009814
list:
dist: 2.3051360900758966 vs. 2.3051360900758966
list:
dist: 1.9272716616200392 vs. 1.9272716616200392
list:
dist: 2.599142765474275 vs. 2.599142765474275
list:
dist: 1.2134044381777902 vs. 1.2134044381777902
list:
dist: 0.3416406429609416 vs. 0.3416406429609416
list:
dist: 1.4645419540417435 vs. 1.4645419540417435
list:
dist: 0.37394402494194107 vs. 0.37394402494194107
list:
dist: 1.147096547850265 vs. 1.147096547850265
list:
dist: 1.1051583393917166 vs. 1.1051583393917166
list:
dist: 1.483397364483825 vs. 1.483397364483825
list:
dist: 1.5187424581722857 vs. 1.5187424581722857
list:
dist: 0.6333192150208694 vs. 0.6333192150208694
list:
dist: 1.4807349344717375 vs. 1.4807349344717375
list:
dist: 1.9277395560932515 vs. 1.9277395560932515
list:
dist: 1.0564038600072303 vs. 1.0564038600072303
list:
dist: 1.7516717963156136 vs. 1.7516717963156136
list:
dist: 1.7810899448118727 vs. 1.7810899448118727
list:
dist: 1.984836545144154 vs. 1.984836545144154
list:
dist: 2.811176540243275 vs. 2.811176540243275
list:
dist: 2.6697908136914683 vs. 2.6697908136914683
list:
dist: 3.182229501607477 vs. 3.182229501607477
list:
dist: 3.1881733534771333 vs. 3.1881733534771333
list:
dist: 2.4461387650772046 vs. 2.4461387650772046
list:
dist: 3.35166145709848 vs. 3.35166145709848
list:
dist: 2.6013753977513674 vs. 2.6013753977513674
list:
dist: 1.7171348623448384 vs. 1.7171348623448384
list:
dist: 2.229180157191993 vs. 2.229180157191993
list:
dist: 1.1160122652736348 vs. 1.1160122652736348
list:
dist: 1.9001711760057105 vs. 1.9001711760057105
list:
dist: 1.4423232209734922 vs. 1.4423232209734922
list:
dist: 1.248085780812137 vs. 1.248085780812137
list:
dist: 1.6201926742419601 vs. 1.6201926742419601
list:
dist: 1.5629618488625345 vs. 1.5629618488625345
list:
dist: 2.344752235962613 vs. 2.344752235962613
list:
dist: 1.9977255019395728 vs. 1.9977255019395728
list:
dist: 2.80635661121849 vs. 2.80635661121849
list:
dist: 3.7111917117129636 vs. 3.7111917117129636
list:
dist: 3.02977033957604 vs. 3.02977033957604
list:
dist: 3.95188830357741 vs. 3.95188830357741
list:
dist: 3.344028076218598 vs. 3.344028076218598
list:
dist: 2.6991938854977686 vs. 2.6991938854977686
list:
dist: 4.397917741644672 vs. 4.397917741644672
list:
dist: 2.9809812269482805 vs. 2.9809812269482805
list:
dist: 3.954675884859534 vs. 3.954675884859534
list:
dist: 3.485304207763137 vs. 3.485304207763137
list:
dist: 2.610735779329789 vs. 2.610735779329789
list:
dist: 4.13389217195466 vs. 4.13389217195466
list:
dist: 4.131302692182975 vs. 4.131302692182975
list:
dist: 4.544533920238905 vs. 4.544533920238905
list:
dist: 2.9678963296523984 vs. 2.9678963296523984
list:
dist: 4.162854316056493 vs. 4.162854316056493
list:
dist: 1.132869989024547 vs. 1.132869989024547
list:
dist: 0.5082719486884861 vs. 0.5082719486884861
list:
dist: 1.3197981369620306 vs. 1.3197981369620306
list:
dist: 1.03223561471412 vs. 1.03223561471412
list:
dist: 2.0536094190558676 vs. 2.0536094190558676
list:
dist: 1.9025662940017751 vs. 1.9025662940017751
list:
dist: 1.3495662528876644 vs. 1.3495662528876644
list:
dist: 1.6676955826819777 vs. 1.6676955826819777
list:
dist: 0.8143997118948313 vs. 0.8143997118948313
list:
dist: 1.147096547850265 vs. 1.147096547850265
list:
dist: 0.510168360289818 vs. 0.510168360289818
list:
dist: 1.9268565877453423 vs. 1.9268565877453423
list:
dist: 2.0203709105819176 vs. 2.0203709105819176
list:
dist: 0.8500309710307122 vs. 0.8500309710307122
list:
dist: 2.5460882315378295 vs. 2.5460882315378295
list:
dist: 2.7603863768720034 vs. 2.7603863768720034
list:
dist: 2.0723840224365344 vs. 2.0723840224365344
list:
dist: 2.5961115075873953 vs. 2.5961115075873953
list:
dist: 2.491454771525552 vs. 2.491454771525552
list:
dist: 2.688592270066535 vs. 2.688592270066535
list:
dist: 2.7578868572678923 vs. 2.7578868572678923
list:
dist: 3.233628072831204 vs. 3.233628072831204
list:
dist: 3.7812433994948424 vs. 3.7812433994948424
list:
dist: 3.6207256917195108 vs. 3.6207256917195108
list:
dist: 2.832687736384529 vs. 2.832687736384529
list:
dist: 3.4991333977077974 vs. 3.4991333977077974
list:
dist: 3.580758373293975 vs. 3.580758373293975
list:
dist: 2.05355656542682 vs. 2.05355656542682
list:
dist: 2.8204203896272544 vs. 2.8204203896272544
list:
dist: 1.5202389415589508 vs. 1.5202389415589508
list:
dist: 2.3969795348893355 vs. 2.3969795348893355
list:
dist: 1.9045969441064918 vs. 1.9045969441064918
list:
dist: 1.5231677831003991 vs. 1.5231677831003991
list:
dist: 1.8385496792729947 vs. 1.8385496792729947
list:
dist: 2.001495880039085 vs. 2.001495880039085
list:
dist: 2.585723525293383 vs. 2.585723525293383
list:
dist: 2.242560026804992 vs. 2.242560026804992
list:
dist: 0.702765885244765 vs. 0.702765885244765
list:
dist: 1.750781409150348 vs. 1.750781409150348
list:
dist: 1.5141263194763528 vs. 1.5141263194763528
list:
dist: 2.2626028065215693 vs. 2.2626028065215693
list:
dist: 1.625276396367963 vs. 1.625276396367963
list:
dist: 0.996875138075643 vs. 0.996875138075643
list:
dist: 1.4613009245712463 vs. 1.4613009245712463
list:
dist: 0.5786635524695716 vs. 0.5786635524695716
list:
dist: 0.9100773017009814 vs. 0.9100773017009814
list:
dist: 0.5082719486884861 vs. 0.5082719486884861
list:
dist: 0.8552505418595864 vs. 0.8552505418595864
list:
dist: 1.8430237365632447 vs. 1.8430237365632447
list:
dist: 1.7952755190950074 vs. 1.7952755190950074
list:
dist: 0.9338205239467169 vs. 0.9338205239467169
list:
dist: 2.185769794296609 vs. 2.185769794296609
list:
dist: 2.39196614053649 vs. 2.39196614053649
list:
dist: 1.8233513088032192 vs. 1.8233513088032192
list:
dist: 2.290050438450326 vs. 2.290050438450326
list:
dist: 2.112371901591842 vs. 2.112371901591842
list:
dist: 2.3895458124579143 vs. 2.3895458124579143
list:
dist: 1.6893679287567511 vs. 1.6893679287567511
list:
dist: 2.4240842597205363 vs. 2.4240842597205363
list:
dist: 1.1380272286994277 vs. 1.1380272286994277
list:
dist: 1.6989291469353922 vs. 1.6989291469353922
list:
dist: 1.1238585360074542 vs. 1.1238585360074542
list:
dist: 0.7881299171590268 vs. 0.7881299171590268
list:
dist: 1.1215170351912498 vs. 1.1215170351912498
list:
dist: 1.329341137148679 vs. 1.329341137148679
list:
dist: 1.8564636743024185 vs. 1.8564636743024185
list:
dist: 1.4910790104428324 vs. 1.4910790104428324
list:
dist: 2.311319640119594 vs. 2.311319640119594
list:
dist: 3.216163790375084 vs. 3.216163790375084
list:
dist: 2.5774751499291453 vs. 2.5774751499291453
list:
dist: 3.4582846009251895 vs. 3.4582846009251895
list:
dist: 2.861251292179627 vs. 2.861251292179627
list:
dist: 2.197116292824397 vs. 2.197116292824397
list:
dist: 3.8913449350372296 vs. 3.8913449350372296
list:
dist: 2.479332124766282 vs. 2.479332124766282
list:
dist: 3.457798571736332 vs. 3.457798571736332
list:
dist: 2.9760822561854052 vs. 2.9760822561854052
list:
dist: 2.106785585538638 vs. 2.106785585538638
list:
dist: 3.6382315430311722 vs. 3.6382315430311722
list:
dist: 3.6786083423477733 vs. 3.6786083423477733
list:
dist: 4.035895286277993 vs. 4.035895286277993
list:
dist: 2.4871059123431136 vs. 2.4871059123431136
list:
dist: 3.886935921657791 vs. 3.886935921657791
list:
dist: 1.4476851018720676 vs. 1.4476851018720676
list:
dist: 0.8552505418595864 vs. 0.8552505418595864
list:
dist: 1.2203552679449257 vs. 1.2203552679449257
list:
dist: 0.8257050267334439 vs. 0.8257050267334439
list:
dist: 1.8076411709794518 vs. 1.8076411709794518
list:
dist: 1.7505365894615559 vs. 1.7505365894615559
list:
dist: 1.3898796701786096 vs. 1.3898796701786096
list:
dist: 1.5459488209039747 vs. 1.5459488209039747
list:
dist: 0.823926172283408 vs. 0.823926172283408
list:
dist: 1.1051583393917166 vs. 1.1051583393917166
list:
dist: 0.510168360289818 vs. 0.510168360289818
list:
dist: 1.6001818112423754 vs. 1.6001818112423754
list:
dist: 1.833915411209987 vs. 1.833915411209987
list:
dist: 0.6648040178649466 vs. 0.6648040178649466
list:
dist: 2.581392558068125 vs. 2.581392558068125
list:
dist: 2.675202598260815 vs. 2.675202598260815
list:
dist: 1.8795165117051569 vs. 1.8795165117051569
list:
dist: 2.436145448316351 vs. 2.436145448316351
list:
dist: 2.4430642383146104 vs. 2.4430642383146104
list:
dist: 2.5351728023259503 vs. 2.5351728023259503
list:
dist: 2.292969937206823 vs. 2.292969937206823
list:
dist: 2.8631891397620994 vs. 2.8631891397620994
list:
dist: 3.376497246123171 vs. 3.376497246123171
list:
dist: 3.1702840742299423 vs. 3.1702840742299423
list:
dist: 2.4172895071713065 vs. 2.4172895071713065
list:
dist: 3.0401505215331457 vs. 3.0401505215331457
list:
dist: 3.4612074866074893 vs. 3.4612074866074893
list:
dist: 2.0820594909025965 vs. 2.0820594909025965
list:
dist: 2.816498703212584 vs. 2.816498703212584
list:
dist: 1.1981623562758923 vs. 1.1981623562758923
list:
dist: 2.208819825093985 vs. 2.208819825093985
list:
dist: 1.3906263427753731 vs. 1.3906263427753731
list:
dist: 0.7548289938005805 vs. 0.7548289938005805
list:
dist: 1.132195365113663 vs. 1.132195365113663
list:
dist: 1.4224421917310652 vs. 1.4224421917310652
list:
dist: 1.7689060024654024 vs. 1.7689060024654024
list:
dist: 1.6696460515018436 vs. 1.6696460515018436
list:
dist: 2.522606534619283 vs. 2.522606534619283
list:
dist: 3.4194763152008987 vs. 3.4194763152008987
list:
dist: 2.771363203823821 vs. 2.771363203823821
list:
dist: 3.3428739618027774 vs. 3.3428739618027774
list:
dist: 2.7604821814431815 vs. 2.7604821814431815
list:
dist: 2.192197090177731 vs. 2.192197090177731
list:
dist: 3.8444908062212915 vs. 3.8444908062212915
list:
dist: 2.4244194739437104 vs. 2.4244194739437104
list:
dist: 3.5208625336971817 vs. 3.5208625336971817
list:
dist: 2.9990246674493846 vs. 2.9990246674493846
list:
dist: 2.2977611234184208 vs. 2.2977611234184208
list:
dist: 3.595730175568203 vs. 3.595730175568203
list:
dist: 3.5667301264567803 vs. 3.5667301264567803
list:
dist: 4.053065282805325 vs. 4.053065282805325
list:
dist: 2.477575246988129 vs. 2.477575246988129
list:
dist: 3.3679776001444273 vs. 3.3679776001444273
list:
dist: 1.5668774278064856 vs. 1.5668774278064856
list:
dist: 0.9338205239467169 vs. 0.9338205239467169
list:
dist: 1.866748142108517 vs. 1.866748142108517
list:
dist: 1.4120204792084956 vs. 1.4120204792084956
list:
dist: 2.381137484094826 vs. 2.381137484094826
list:
dist: 1.6322706452921518 vs. 1.6322706452921518
list:
dist: 0.9621820115370916 vs. 0.9621820115370916
list:
dist: 1.7082535892009298 vs. 1.7082535892009298
list:
dist: 0.5800594396488501 vs. 0.5800594396488501
list:
dist: 0.6333192150208694 vs. 0.6333192150208694
list:
dist: 0.8500309710307122 vs. 0.8500309710307122
list:
dist: 0.6648040178649466 vs. 0.6648040178649466
list:
dist: 1.6268372294773958 vs. 1.6268372294773958
list:
dist: 1.844044532684145 vs. 1.844044532684145
list:
dist: 2.0166846254922564 vs. 2.0166846254922564
list:
dist: 2.468562739518265 vs. 2.468562739518265
list:
dist: 1.509021019369717 vs. 1.509021019369717
list:
dist: 2.230289933932262 vs. 2.230289933932262
list:
dist: 2.30797894591027 vs. 2.30797894591027
list:
dist: 2.4306239282724467 vs. 2.4306239282724467
list:
dist: 2.5791266683208254 vs. 2.5791266683208254
list:
dist: 2.836421757593273 vs. 2.836421757593273
list:
dist: 3.31227262808078 vs. 3.31227262808078
list:
dist: 3.188132457223556 vs. 3.188132457223556
list:
dist: 2.4811381537764023 vs. 2.4811381537764023
list:
dist: 3.2316427212770096 vs. 3.2316427212770096
list:
dist: 3.1474673407781766 vs. 3.1474673407781766
list:
dist: 2.1388152685366326 vs. 2.1388152685366326
list:
dist: 2.748180476055361 vs. 2.748180476055361
list:
dist: 1.610520880187289 vs. 1.610520880187289
list:
dist: 2.5204512290599173 vs. 2.5204512290599173
list:
dist: 1.8500226854705895 vs. 1.8500226854705895
list:
dist: 1.215961854598182 vs. 1.215961854598182
list:
dist: 1.4661768100916404 vs. 1.4661768100916404
list:
dist: 1.9408772885452943 vs. 1.9408772885452943
list:
dist: 2.1821793591030616 vs. 2.1821793591030616
list:
dist: 1.9275152366859878 vs. 1.9275152366859878
list:
dist: 2.860226045843859 vs. 2.860226045843859
list:
dist: 3.733469302955325 vs. 3.733469302955325
list:
dist: 3.213042188792382 vs. 3.213042188792382
list:
dist: 3.7273874929951822 vs. 3.7273874929951822
list:
dist: 3.1991221965210106 vs. 3.1991221965210106
list:
dist: 2.450963756044808 vs. 2.450963756044808
list:
dist: 4.159043868199179 vs. 4.159043868199179
list:
dist: 2.785953451943473 vs. 2.785953451943473
list:
dist: 3.7066033807883607 vs. 3.7066033807883607
list:
dist: 3.333167586739714 vs. 3.333167586739714
list:
dist: 2.5913917740135344 vs. 2.5913917740135344
list:
dist: 3.8050958316292003 vs. 3.8050958316292003
list:
dist: 3.6546085576314185 vs. 3.6546085576314185
list:
dist: 4.396115403617202 vs. 4.396115403617202
list:
dist: 2.6277769701784632 vs. 2.6277769701784632
list:
dist: 3.43338769887254 vs. 3.43338769887254
list:
dist: 1.0523904498119874 vs. 1.0523904498119874
list:
dist: 0.5786635524695716 vs. 0.5786635524695716
list:
dist: 1.9779127712746223 vs. 1.9779127712746223
list:
dist: 1.641695515535136 vs. 1.641695515535136
list:
dist: 2.312113966931732 vs. 2.312113966931732
list:
dist: 1.2448027022174515 vs. 1.2448027022174515
list:
dist: 0.5774350348721139 vs. 0.5774350348721139
list:
dist: 1.2992754155573438 vs. 1.2992754155573438
list:
dist: 0.37394402494194107 vs. 0.37394402494194107
list:
dist: 0.8143997118948313 vs. 0.8143997118948313
list:
dist: 0.823926172283408 vs. 0.823926172283408
list:
dist: 1.4527328668528685 vs. 1.4527328668528685
list:
dist: 1.4800002105657262 vs. 1.4800002105657262
list:
dist: 0.5800594396488501 vs. 0.5800594396488501
list:
dist: 1.808680253194698 vs. 1.808680253194698
list:
dist: 2.0463348581869103 vs. 2.0463348581869103
list:
dist: 1.2922637835727786 vs. 1.2922637835727786
list:
dist: 1.8789431770318736 vs. 1.8789431770318736
list:
dist: 1.8349358806040559 vs. 1.8349358806040559
list:
dist: 2.0447042591141424 vs. 2.0447042591141424
list:
dist: 2.700879742299196 vs. 2.700879742299196
list:
dist: 2.7253413047955357 vs. 2.7253413047955357
list:
dist: 3.2710024486571263 vs. 3.2710024486571263
list:
dist: 3.2312862300465026 vs. 3.2312862300465026
list:
dist: 2.4457479173066585 vs. 2.4457479173066585
list:
dist: 3.300644964280568 vs. 3.300644964280568
list:
dist: 2.8076205800929324 vs. 2.8076205800929324
list:
dist: 1.6076574184631514 vs. 1.6076574184631514
list:
dist: 2.2388663321810522 vs. 2.2388663321810522
list:
dist: 3.577765120291684 vs. 3.577765120291684
list:
dist: 2.645046408442104 vs. 2.645046408442104
list:
dist: 2.4417314827696246 vs. 2.4417314827696246
list:
dist: 3.6830395023997755 vs. 3.6830395023997755
list:
dist: 2.9577241142779833 vs. 2.9577241142779833
list:
dist: 2.5623445012795507 vs. 2.5623445012795507
list:
dist: 4.4454832311869765 vs. 4.4454832311869765
list:
dist: 3.4709845845207217 vs. 3.4709845845207217
list:
dist: 3.675679433447586 vs. 3.675679433447586
list:
dist: 3.9733839070995676 vs. 3.9733839070995676
list:
dist: 3.7813407666867027 vs. 3.7813407666867027
list:
dist: 2.6498866857946948 vs. 2.6498866857946948
list:
dist: 4.081759459693413 vs. 4.081759459693413
list:
dist: 3.190407629125817 vs. 3.190407629125817
list:
dist: 3.3179444757457706 vs. 3.3179444757457706
list:
dist: 3.5476588598623437 vs. 3.5476588598623437
list:
dist: 3.062406490093581 vs. 3.062406490093581
list:
dist: 3.3912515726629042 vs. 3.3912515726629042
list:
dist: 2.7973625359280354 vs. 2.7973625359280354
list:
dist: 4.448202616860719 vs. 4.448202616860719
list:
dist: 2.378771171985421 vs. 2.378771171985421
list:
dist: 2.9669815879338897 vs. 2.9669815879338897
list:
dist: 4.289124402090426 vs. 4.289124402090426
list:
dist: 3.6382536845610223 vs. 3.6382536845610223
list:
dist: 3.4715404528000784 vs. 3.4715404528000784
list:
dist: 3.702232196185939 vs. 3.702232196185939
list:
dist: 2.190175157610638 vs. 2.190175157610638
list:
dist: 2.3895458124579143 vs. 2.3895458124579143
list:
dist: 0.8078642766443406 vs. 0.8078642766443406
list:
dist: 1.8816968473178193 vs. 1.8816968473178193
list:
dist: 1.2100822366372805 vs. 1.2100822366372805
list:
dist: 2.0447042591141424 vs. 2.0447042591141424
list:
dist: 1.984836545144154 vs. 1.984836545144154
list:
dist: 2.688592270066535 vs. 2.688592270066535
list:
dist: 2.5351728023259503 vs. 2.5351728023259503
list:
dist: 1.2056977803166193 vs. 1.2056977803166193
list:
dist: 0.7527923779655615 vs. 0.7527923779655615
list:
dist: 2.4306239282724467 vs. 2.4306239282724467
list:
dist: 2.261252563439255 vs. 2.261252563439255
list:
dist: 0.5361041763961175 vs. 0.5361041763961175
list:
dist: 1.2090858198549543 vs. 1.2090858198549543
list:
dist: 0.4087787441068056 vs. 0.4087787441068056
list:
dist: 0.5668313413925296 vs. 0.5668313413925296
list:
dist: 1.4985581532696306 vs. 1.4985581532696306
list:
dist: 2.0770513772653088 vs. 2.0770513772653088
list:
dist: 2.412732923677459 vs. 2.412732923677459
list:
dist: 1.7353094732326502 vs. 1.7353094732326502
list:
dist: 2.780243602266668 vs. 2.780243602266668
list:
dist: 1.2623602937061853 vs. 1.2623602937061853
list:
dist: 3.477297283913981 vs. 3.477297283913981
list:
dist: 1.1040755097502744 vs. 1.1040755097502744
list:
dist: 0.8483923775106909 vs. 0.8483923775106909
list:
dist: 3.4348698918280895 vs. 3.4348698918280895
list:
dist: 2.675221189307767 vs. 2.675221189307767
list:
dist: 2.5775956948026666 vs. 2.5775956948026666
list:
dist: 3.652763661611241 vs. 3.652763661611241
list:
dist: 3.1728972228634227 vs. 3.1728972228634227
list:
dist: 2.790686386588661 vs. 2.790686386588661
list:
dist: 4.488792925979155 vs. 4.488792925979155
list:
dist: 3.4832810643970964 vs. 3.4832810643970964
list:
dist: 3.7066089825736928 vs. 3.7066089825736928
list:
dist: 4.330989433407497 vs. 4.330989433407497
list:
dist: 4.067104845958308 vs. 4.067104845958308
list:
dist: 2.9874871716218205 vs. 2.9874871716218205
list:
dist: 4.51185634192101 vs. 4.51185634192101
list:
dist: 3.503300769416014 vs. 3.503300769416014
list:
dist: 3.79389744912291 vs. 3.79389744912291
list:
dist: 3.9181328396509705 vs. 3.9181328396509705
list:
dist: 3.3586942125077055 vs. 3.3586942125077055
list:
dist: 3.865446216403365 vs. 3.865446216403365
list:
dist: 3.3098883104220342 vs. 3.3098883104220342
list:
dist: 4.8677040489504035 vs. 4.8677040489504035
list:
dist: 2.7954281576301323 vs. 2.7954281576301323
list:
dist: 3.1594541184079614 vs. 3.1594541184079614
list:
dist: 4.490037108183677 vs. 4.490037108183677
list:
dist: 3.844474391917381 vs. 3.844474391917381
list:
dist: 3.623384158621132 vs. 3.623384158621132
list:
dist: 3.824885798670613 vs. 3.824885798670613
list:
dist: 1.817686054213805 vs. 1.817686054213805
list:
dist: 2.112371901591842 vs. 2.112371901591842
list:
dist: 0.7831851171265417 vs. 0.7831851171265417
list:
dist: 1.5983717544285883 vs. 1.5983717544285883
list:
dist: 1.1782306983724256 vs. 1.1782306983724256
list:
dist: 1.8349358806040559 vs. 1.8349358806040559
list:
dist: 1.7810899448118727 vs. 1.7810899448118727
list:
dist: 2.491454771525552 vs. 2.491454771525552
list:
dist: 2.4430642383146104 vs. 2.4430642383146104
list:
dist: 1.4492038086854548 vs. 1.4492038086854548
list:
dist: 0.8931879924792494 vs. 0.8931879924792494
list:
dist: 2.30797894591027 vs. 2.30797894591027
list:
dist: 1.9589762687066063 vs. 1.9589762687066063
list:
dist: 0.3974483945804732 vs. 0.3974483945804732
list:
dist: 1.2092989524088107 vs. 1.2092989524088107
list:
dist: 0.6204856885196869 vs. 0.6204856885196869
list:
dist: 0.5668313413925296 vs. 0.5668313413925296
list:
dist: 2.0405090433507573 vs. 2.0405090433507573
list:
dist: 2.6243726561591 vs. 2.6243726561591
list:
dist: 2.929845392416741 vs. 2.929845392416741
list:
dist: 2.2005320930434005 vs. 2.2005320930434005
list:
dist: 3.249856904457053 vs. 3.249856904457053
list:
dist: 1.3320384484752466 vs. 1.3320384484752466
list:
dist: 3.623822967703085 vs. 3.623822967703085
list:
dist: 0.7848404995075597 vs. 0.7848404995075597
list:
dist: 0.5190081197322435 vs. 0.5190081197322435
list:
dist: 3.636136504257671 vs. 3.636136504257671
list:
dist: 2.80918379102777 vs. 2.80918379102777
list:
dist: 2.6780401235086386 vs. 2.6780401235086386
list:
dist: 3.8162982542057065 vs. 3.8162982542057065
list:
dist: 3.1989887622683386 vs. 3.1989887622683386
list:
dist: 2.894265002571709 vs. 2.894265002571709
list:
dist: 4.173708256443729 vs. 4.173708256443729
list:
dist: 3.1469638494086647 vs. 3.1469638494086647
list:
dist: 3.4423668012828808 vs. 3.4423668012828808
list:
dist: 4.251270513445543 vs. 4.251270513445543
list:
dist: 4.037323660129478 vs. 4.037323660129478
list:
dist: 2.98574642092988 vs. 2.98574642092988
list:
dist: 4.420234678489775 vs. 4.420234678489775
list:
dist: 3.485281453097581 vs. 3.485281453097581
list:
dist: 3.7384620148896652 vs. 3.7384620148896652
list:
dist: 3.8960471252220636 vs. 3.8960471252220636
list:
dist: 3.4339066383049115 vs. 3.4339066383049115
list:
dist: 3.756835928684085 vs. 3.756835928684085
list:
dist: 3.1369645023854766 vs. 3.1369645023854766
list:
dist: 4.808386021475207 vs. 4.808386021475207
list:
dist: 2.7569799052183113 vs. 2.7569799052183113
list:
dist: 2.844336858719991 vs. 2.844336858719991
list:
dist: 4.112582516008832 vs. 4.112582516008832
list:
dist: 3.485587224750333 vs. 3.485587224750333
list:
dist: 3.2609794869288464 vs. 3.2609794869288464
list:
dist: 3.5330425982147244 vs. 3.5330425982147244
list:
dist: 2.1602570173564906 vs. 2.1602570173564906
list:
dist: 2.39196614053649 vs. 2.39196614053649
list:
dist: 0.9560665580465042 vs. 0.9560665580465042
list:
dist: 1.744177146593539 vs. 1.744177146593539
list:
dist: 1.4853708838310813 vs. 1.4853708838310813
list:
dist: 2.0463348581869103 vs. 2.0463348581869103
list:
dist: 1.9277395560932515 vs. 1.9277395560932515
list:
dist: 2.7603863768720034 vs. 2.7603863768720034
list:
dist: 2.675202598260815 vs. 2.675202598260815
list:
dist: 1.5649271016870252 vs. 1.5649271016870252
list:
dist: 1.096278582995692 vs. 1.096278582995692
list:
dist: 2.468562739518265 vs. 2.468562739518265
list:
dist: 1.880564111042379 vs. 1.880564111042379
list:
dist: 1.1616322573147047 vs. 1.1616322573147047
list:
dist: 0.4457606598498239 vs. 0.4457606598498239
list:
dist: 0.3974483945804732 vs. 0.3974483945804732
list:
dist: 0.5361041763961175 vs. 0.5361041763961175
list:
dist: 1.9428854203589772 vs. 1.9428854203589772
list:
dist: 2.468970180268588 vs. 2.468970180268588
list:
dist: 2.8457252228833574 vs. 2.8457252228833574
list:
dist: 2.1970131508553976 vs. 2.1970131508553976
list:
dist: 3.26808818886333 vs. 3.26808818886333
list:
dist: 0.9421914897657456 vs. 0.9421914897657456
list:
dist: 3.23206520390133 vs. 3.23206520390133
list:
dist: 1.1802013922149606 vs. 1.1802013922149606
list:
dist: 0.7338421243683563 vs. 0.7338421243683563
list:
dist: 2.1978757243079796 vs. 2.1978757243079796
list:
dist: 2.8995081370367504 vs. 2.8995081370367504
list:
dist: 2.5401846248192115 vs. 2.5401846248192115
list:
dist: 2.1268577239087665 vs. 2.1268577239087665
list:
dist: 2.3472501859644845 vs. 2.3472501859644845
list:
dist: 2.6814361060261542 vs. 2.6814361060261542
list:
dist: 3.1223735679248943 vs. 3.1223735679248943
list:
dist: 2.674763414524132 vs. 2.674763414524132
list:
dist: 0.702765885244765 vs. 0.702765885244765
list:
dist: 2.1176028737677477 vs. 2.1176028737677477
list:
dist: 2.0281929905965703 vs. 2.0281929905965703
list:
dist: 2.358249404758899 vs. 2.358249404758899
list:
dist: 1.5690084785924154 vs. 1.5690084785924154
list:
dist: 1.2396065682333557 vs. 1.2396065682333557
list:
dist: 1.3109196059170005 vs. 1.3109196059170005
list:
dist: 1.0523904498119874 vs. 1.0523904498119874
list:
dist: 1.3195329419725956 vs. 1.3195329419725956
list:
dist: 1.132869989024547 vs. 1.132869989024547
list:
dist: 1.4476851018720676 vs. 1.4476851018720676
list:
dist: 1.9586836725801948 vs. 1.9586836725801948
list:
dist: 1.6949998471083596 vs. 1.6949998471083596
list:
dist: 1.5668774278064856 vs. 1.5668774278064856
list:
dist: 2.292918872085017 vs. 2.292918872085017
list:
dist: 2.1602570173564906 vs. 2.1602570173564906
list:
dist: 1.960785882599605 vs. 1.960785882599605
list:
dist: 2.1730406770199706 vs. 2.1730406770199706
list:
dist: 1.817686054213805 vs. 1.817686054213805
list:
dist: 2.190175157610638 vs. 2.190175157610638
list:
dist: 1.2544604071011762 vs. 1.2544604071011762
list:
dist: 1.999514945241552 vs. 1.999514945241552
list:
dist: 1.999514945241552 vs. 1.999514945241552
list:
dist: 2.4240842597205363 vs. 2.4240842597205363
list:
dist: 1.2421007387860956 vs. 1.2421007387860956
list:
dist: 2.029370053203235 vs. 2.029370053203235
list:
dist: 1.4304089959323292 vs. 1.4304089959323292
list:
dist: 2.2388663321810522 vs. 2.2388663321810522
list:
dist: 2.229180157191993 vs. 2.229180157191993
list:
dist: 2.8204203896272544 vs. 2.8204203896272544
list:
dist: 2.816498703212584 vs. 2.816498703212584
list:
dist: 1.8396779271319852 vs. 1.8396779271319852
list:
dist: 1.2419989018346131 vs. 1.2419989018346131
list:
dist: 2.748180476055361 vs. 2.748180476055361
list:
dist: 2.3554414793920633 vs. 2.3554414793920633
list:
dist: 0.7338421243683563 vs. 0.7338421243683563
list:
dist: 1.7282523097177918 vs. 1.7282523097177918
list:
dist: 1.057441160892912 vs. 1.057441160892912
list:
dist: 0.5190081197322435 vs. 0.5190081197322435
list:
dist: 0.8483923775106909 vs. 0.8483923775106909
list:
dist: 2.3082642733984056 vs. 2.3082642733984056
list:
dist: 2.890140518411626 vs. 2.890140518411626
list:
dist: 3.2256528552281543 vs. 3.2256528552281543
list:
dist: 2.5113208384348047 vs. 2.5113208384348047
list:
dist: 3.510181175873846 vs. 3.510181175873846
list:
dist: 1.490469689086764 vs. 1.490469689086764
list:
dist: 3.8484067070045795 vs. 3.8484067070045795
list:
dist: 0.8449692627009813 vs. 0.8449692627009813
list:
dist: 3.4504921766706493 vs. 3.4504921766706493
list:
dist: 3.2764911946373805 vs. 3.2764911946373805
list:
dist: 4.470706699537095 vs. 4.470706699537095
list:
dist: 3.6393067345824655 vs. 3.6393067345824655
list:
dist: 3.489625372101723 vs. 3.489625372101723
list:
dist: 3.601230980215991 vs. 3.601230980215991
list:
dist: 2.5013021540313027 vs. 2.5013021540313027
list:
dist: 3.0784590194253516 vs. 3.0784590194253516
list:
dist: 4.424192547005976 vs. 4.424192547005976
list:
dist: 4.330494209638556 vs. 4.330494209638556
list:
dist: 3.380808489080126 vs. 3.380808489080126
list:
dist: 4.554032318046287 vs. 4.554032318046287
list:
dist: 3.824420687672604 vs. 3.824420687672604
list:
dist: 3.9665729561094643 vs. 3.9665729561094643
list:
dist: 4.207807354565581 vs. 4.207807354565581
list:
dist: 3.956522442478458 vs. 3.956522442478458
list:
dist: 3.8658790317506093 vs. 3.8658790317506093
list:
dist: 3.1041183115001387 vs. 3.1041183115001387
list:
dist: 5.0067969664586585 vs. 5.0067969664586585
list:
dist: 3.0842036658457403 vs. 3.0842036658457403
list:
dist: 2.3829855771665627 vs. 2.3829855771665627
list:
dist: 3.3397107496657283 vs. 3.3397107496657283
list:
dist: 2.8154209513743407 vs. 2.8154209513743407
list:
dist: 2.56298867506439 vs. 2.56298867506439
list:
dist: 3.1012027062775633 vs. 3.1012027062775633
list:
dist: 4.311111353939477 vs. 4.311111353939477
list:
dist: 1.7856336535246073 vs. 1.7856336535246073
list:
dist: 2.412451003591075 vs. 2.412451003591075
list:
dist: 2.387599998442897 vs. 2.387599998442897
list:
dist: 2.8076205800929324 vs. 2.8076205800929324
list:
dist: 2.6013753977513674 vs. 2.6013753977513674
list:
dist: 3.580758373293975 vs. 3.580758373293975
list:
dist: 3.4612074866074893 vs. 3.4612074866074893
list:
dist: 2.2618882667408102 vs. 2.2618882667408102
list:
dist: 1.931856219868254 vs. 1.931856219868254
list:
dist: 3.1474673407781766 vs. 3.1474673407781766
list:
dist: 2.070834396486892 vs. 2.070834396486892
list:
dist: 0.9421914897657456 vs. 0.9421914897657456
list:
dist: 1.6686582637265022 vs. 1.6686582637265022
list:
dist: 1.1007801687849101 vs. 1.1007801687849101
list:
dist: 1.3320384484752466 vs. 1.3320384484752466
list:
dist: 1.2623602937061853 vs. 1.2623602937061853
list:
dist: 2.186136681301022 vs. 2.186136681301022
list:
dist: 2.512820295984797 vs. 2.512820295984797
list:
dist: 3.043721034664479 vs. 3.043721034664479
list:
dist: 2.6219325098061854 vs. 2.6219325098061854
list:
dist: 3.6587428438076324 vs. 3.6587428438076324
list:
dist: 2.3604284386338303 vs. 2.3604284386338303
list:
dist: 2.1149272899807356 vs. 2.1149272899807356
list:
dist: 1.490469689086764 vs. 1.490469689086764
100
rk
<OccurredElementalReaction>
	 elmtlRkId: 4
	 p(id,type,coords) 127 5 8.60106448862423 0.5050065184278386 5.28165086872714
</OccurredElementalReaction>
rk
<OccurredElementalReaction>
	 elmtlRkId: 0
	 p(id,type,coords) 28 1 3.324977601701175 3.879839786228641 0.6138146437762323
</OccurredElementalReaction>
rk
<OccurredElementalReaction>
	 elmtlRkId: 1
	 p(id,type,coords) 45 2 4.374917966333653 5.869287496852444 2.61869904190693
</OccurredElementalReaction>
rk
<OccurredElementalReaction>
	 elmtlRkId: 2
	 p(id,type,coords) 74 3 5.822902530777681 3.553592893035313 8.201373087594089
</OccurredElementalReaction>
rk
<OccurredElementalReaction>
	 elmtlRkId: 1
	 p(id,type,coords) 53 2 5.531153205353568 5.834817146009558 4.023107874004354
</OccurredElementalReaction>
200
Neighbor List consistency Check...
--------
nle(id0,id1,dist): 5 6 1.535776538129585
list:
dist: 1.535776538129585 vs. 1.535776538129585
--------
nle(id0,id1,dist): 5 7 1.012858324487373
list:
dist: 1.012858324487373 vs. 1.012858324487373
--------
nle(id0,id1,dist): 5 21 3.2387586378084032
list:
dist: 3.2387586378084032 vs. 3.2387586378084032
--------
nle(id0,id1,dist): 5 20 2.111215272228231
list:
dist: 2.111215272228231 vs. 2.111215272228231
--------
nle(id0,id1,dist): 5 22 3.1575661518239126
list:
dist: 3.1575661518239126 vs. 3.1575661518239126
--------
nle(id0,id1,dist): 5 17 2.398567821340087
list:
dist: 2.398567821340087 vs. 2.398567821340087
--------
nle(id0,id1,dist): 5 16 0.7777003609761259
list:
dist: 0.7777003609761259 vs. 0.7777003609761259
--------
nle(id0,id1,dist): 5 19 2.382597032280067
list:
dist: 2.382597032280067 vs. 2.382597032280067
--------
nle(id0,id1,dist): 5 13 2.2970846781008234
list:
dist: 2.2970846781008234 vs. 2.2970846781008234
--------
nle(id0,id1,dist): 5 12 0.7421468129305399
list:
dist: 0.7421468129305399 vs. 0.7421468129305399
--------
nle(id0,id1,dist): 5 15 2.675084305671049
list:
dist: 2.675084305671049 vs. 2.675084305671049
--------
nle(id0,id1,dist): 5 14 1.6378639575213496
list:
dist: 1.6378639575213496 vs. 1.6378639575213496
--------
nle(id0,id1,dist): 5 9 1.2743632731493002
list:
dist: 1.2743632731493002 vs. 1.2743632731493002
--------
nle(id0,id1,dist): 5 8 1.9193938762306444
list:
dist: 1.9193938762306444 vs. 1.9193938762306444
--------
nle(id0,id1,dist): 5 11 2.190988517541086
list:
dist: 2.190988517541086 vs. 2.190988517541086
--------
nle(id0,id1,dist): 5 10 1.71154617370378
list:
dist: 1.71154617370378 vs. 1.71154617370378
--------
nle(id0,id1,dist): 4 11 1.0102245147954003
list:
dist: 1.0102245147954003 vs. 1.0102245147954003
--------
nle(id0,id1,dist): 4 12 1.2063058225992327
list:
dist: 1.2063058225992327 vs. 1.2063058225992327
--------
nle(id0,id1,dist): 4 9 2.0826240773551055
list:
dist: 2.0826240773551055 vs. 2.0826240773551055
--------
nle(id0,id1,dist): 4 10 1.7919858372321098
list:
dist: 1.7919858372321098 vs. 1.7919858372321098
--------
nle(id0,id1,dist): 4 8 1.5047607994535737
list:
dist: 1.5047607994535737 vs. 1.5047607994535737
--------
nle(id0,id1,dist): 4 5 1.7713201541848471
list:
dist: 1.7713201541848471 vs. 1.7713201541848471
--------
nle(id0,id1,dist): 4 6 1.4627894657911371
list:
dist: 1.4627894657911371 vs. 1.4627894657911371
--------
nle(id0,id1,dist): 4 17 2.409094677077796
list:
dist: 2.409094677077796 vs. 2.409094677077796
--------
nle(id0,id1,dist): 6 27 3.419232759645928
list:
dist: 3.419232759645928 vs. 3.419232759645928
--------
nle(id0,id1,dist): 6 19 2.6497422391775047
list:
dist: 2.6497422391775047 vs. 2.6497422391775047
--------
nle(id0,id1,dist): 6 20 2.5870399165142466
list:
dist: 2.5870399165142466 vs. 2.5870399165142466
--------
nle(id0,id1,dist): 6 21 3.21534527235497
list:
dist: 3.21534527235497 vs. 3.21534527235497
--------
nle(id0,id1,dist): 6 22 3.087473211051575
list:
dist: 3.087473211051575 vs. 3.087473211051575
--------
nle(id0,id1,dist): 6 24 3.8400978218989286
list:
dist: 3.8400978218989286 vs. 3.8400978218989286
--------
nle(id0,id1,dist): 6 25 3.431902726804902
list:
dist: 3.431902726804902 vs. 3.431902726804902
--------
nle(id0,id1,dist): 7 9 1.3637278997122817
list:
dist: 1.3637278997122817 vs. 1.3637278997122817
--------
nle(id0,id1,dist): 7 8 2.788455565141344
list:
dist: 2.788455565141344 vs. 2.788455565141344
--------
nle(id0,id1,dist): 7 11 2.978002469955222
list:
dist: 2.978002469955222 vs. 2.978002469955222
--------
nle(id0,id1,dist): 7 10 2.682140636843674
list:
dist: 2.682140636843674 vs. 2.682140636843674
--------
nle(id0,id1,dist): 7 13 3.0150712720159305
list:
dist: 3.0150712720159305 vs. 3.0150712720159305
--------
nle(id0,id1,dist): 7 12 1.7342264797881128
list:
dist: 1.7342264797881128 vs. 1.7342264797881128
--------
nle(id0,id1,dist): 5 27 3.708745765839187
list:
dist: 3.708745765839187 vs. 3.708745765839187
--------
nle(id0,id1,dist): 5 24 3.585745211908008
list:
dist: 3.585745211908008 vs. 3.585745211908008
--------
nle(id0,id1,dist): 5 25 3.3201104598099587
list:
dist: 3.3201104598099587 vs. 3.3201104598099587
--------
nle(id0,id1,dist): 6 14 1.9336759116317708
list:
dist: 1.9336759116317708 vs. 1.9336759116317708
--------
nle(id0,id1,dist): 6 13 2.462678284091171
list:
dist: 2.462678284091171 vs. 2.462678284091171
--------
nle(id0,id1,dist): 6 12 1.3601135861294316
list:
dist: 1.3601135861294316 vs. 1.3601135861294316
--------
nle(id0,id1,dist): 6 11 1.2498437978728525
list:
dist: 1.2498437978728525 vs. 1.2498437978728525
--------
nle(id0,id1,dist): 6 17 1.98714029729412
list:
dist: 1.98714029729412 vs. 1.98714029729412
--------
nle(id0,id1,dist): 6 16 1.7458613758426467
list:
dist: 1.7458613758426467 vs. 1.7458613758426467
--------
nle(id0,id1,dist): 6 15 2.476428633585025
list:
dist: 2.476428633585025 vs. 2.476428633585025
--------
nle(id0,id1,dist): 6 10 2.1202599685314776
list:
dist: 2.1202599685314776 vs. 2.1202599685314776
--------
nle(id0,id1,dist): 6 9 0.8349813453801322
list:
dist: 0.8349813453801322 vs. 0.8349813453801322
--------
nle(id0,id1,dist): 6 8 1.4552502529178744
list:
dist: 1.4552502529178744 vs. 1.4552502529178744
--------
nle(id0,id1,dist): 6 7 1.9832235211567621
list:
dist: 1.9832235211567621 vs. 1.9832235211567621
--------
nle(id0,id1,dist): 8 14 1.9154084564285068
list:
dist: 1.9154084564285068 vs. 1.9154084564285068
--------
nle(id0,id1,dist): 8 13 1.4546857971084508
list:
dist: 1.4546857971084508 vs. 1.4546857971084508
--------
nle(id0,id1,dist): 8 16 1.9386117605562165
list:
dist: 1.9386117605562165 vs. 1.9386117605562165
--------
nle(id0,id1,dist): 8 15 1.9752510543559558
list:
dist: 1.9752510543559558 vs. 1.9752510543559558
--------
nle(id0,id1,dist): 8 10 1.0552120251978412
list:
dist: 1.0552120251978412 vs. 1.0552120251978412
--------
nle(id0,id1,dist): 8 9 1.9199432548260589
list:
dist: 1.9199432548260589 vs. 1.9199432548260589
--------
nle(id0,id1,dist): 8 12 1.2982899396131868
list:
dist: 1.2982899396131868 vs. 1.2982899396131868
--------
nle(id0,id1,dist): 8 11 0.9633550574940654
list:
dist: 0.9633550574940654 vs. 0.9633550574940654
--------
nle(id0,id1,dist): 8 22 2.21374514480265
list:
dist: 2.21374514480265 vs. 2.21374514480265
--------
nle(id0,id1,dist): 8 21 2.9296062108046916
list:
dist: 2.9296062108046916 vs. 2.9296062108046916
--------
nle(id0,id1,dist): 8 24 2.80923384093902
list:
dist: 2.80923384093902 vs. 2.80923384093902
--------
nle(id0,id1,dist): 8 17 0.9127107091072284
list:
dist: 0.9127107091072284 vs. 0.9127107091072284
--------
nle(id0,id1,dist): 8 20 2.5583383971151763
list:
dist: 2.5583383971151763 vs. 2.5583383971151763
--------
nle(id0,id1,dist): 8 19 2.3872024118665127
list:
dist: 2.3872024118665127 vs. 2.3872024118665127
--------
nle(id0,id1,dist): 8 29 2.6669817728531657
list:
dist: 2.6669817728531657 vs. 2.6669817728531657
--------
nle(id0,id1,dist): 8 25 2.7303380837088587
list:
dist: 2.7303380837088587 vs. 2.7303380837088587
--------
nle(id0,id1,dist): 8 26 3.1819152181556474
list:
dist: 3.1819152181556474 vs. 3.1819152181556474
--------
nle(id0,id1,dist): 8 27 3.124432008294334
list:
dist: 3.124432008294334 vs. 3.124432008294334
--------
nle(id0,id1,dist): 7 21 3.4198491621091955
list:
dist: 3.4198491621091955 vs. 3.4198491621091955
--------
nle(id0,id1,dist): 7 20 2.1883760878826237
list:
dist: 2.1883760878826237 vs. 2.1883760878826237
--------
nle(id0,id1,dist): 7 19 2.621820222172497
list:
dist: 2.621820222172497 vs. 2.621820222172497
--------
nle(id0,id1,dist): 7 18 2.699497922002699
list:
dist: 2.699497922002699 vs. 2.699497922002699
--------
nle(id0,id1,dist): 7 17 3.1394268910465923
list:
dist: 3.1394268910465923 vs. 3.1394268910465923
--------
nle(id0,id1,dist): 7 16 1.1816693177372024
list:
dist: 1.1816693177372024 vs. 1.1816693177372024
--------
nle(id0,id1,dist): 7 15 3.09891624514609
list:
dist: 3.09891624514609 vs. 3.09891624514609
--------
nle(id0,id1,dist): 7 14 1.9204410657239295
list:
dist: 1.9204410657239295 vs. 1.9204410657239295
--------
nle(id0,id1,dist): 7 27 3.9124690916149065
list:
dist: 3.9124690916149065 vs. 3.9124690916149065
--------
nle(id0,id1,dist): 7 25 3.7329489552676764
list:
dist: 3.7329489552676764 vs. 3.7329489552676764
--------
nle(id0,id1,dist): 7 24 4.1792939937782565
list:
dist: 4.1792939937782565 vs. 4.1792939937782565
--------
nle(id0,id1,dist): 7 23 2.9805340108737006
list:
dist: 2.9805340108737006 vs. 2.9805340108737006
--------
nle(id0,id1,dist): 7 22 3.7101843038493976
list:
dist: 3.7101843038493976 vs. 3.7101843038493976
--------
nle(id0,id1,dist): 7 31 4.818691120157075
list:
dist: 4.818691120157075 vs. 4.818691120157075
--------
nle(id0,id1,dist): 7 42 5.92138165506086
list:
dist: 5.92138165506086 vs. 5.92138165506086
--------
nle(id0,id1,dist): 10 12 1.1328047601925617
list:
dist: 1.1328047601925617 vs. 1.1328047601925617
--------
nle(id0,id1,dist): 10 11 1.804184900189809
list:
dist: 1.804184900189809 vs. 1.804184900189809
--------
nle(id0,id1,dist): 10 14 1.9329101142743965
list:
dist: 1.9329101142743965 vs. 1.9329101142743965
--------
nle(id0,id1,dist): 10 13 1.2638527007195879
list:
dist: 1.2638527007195879 vs. 1.2638527007195879
--------
nle(id0,id1,dist): 10 15 2.231693721739303
list:
dist: 2.231693721739303 vs. 2.231693721739303
--------
nle(id0,id1,dist): 10 16 1.7218264794453713
list:
dist: 1.7218264794453713 vs. 1.7218264794453713
--------
nle(id0,id1,dist): 10 17 1.4344756683321271
list:
dist: 1.4344756683321271 vs. 1.4344756683321271
--------
nle(id0,id1,dist): 10 19 2.3388239984498433
list:
dist: 2.3388239984498433 vs. 2.3388239984498433
--------
nle(id0,id1,dist): 10 20 2.4385094101196922
list:
dist: 2.4385094101196922 vs. 2.4385094101196922
--------
nle(id0,id1,dist): 10 21 3.0574596119094375
list:
dist: 3.0574596119094375 vs. 3.0574596119094375
--------
nle(id0,id1,dist): 10 22 2.2773414042228324
list:
dist: 2.2773414042228324 vs. 2.2773414042228324
--------
nle(id0,id1,dist): 10 24 2.5138773535735868
list:
dist: 2.5138773535735868 vs. 2.5138773535735868
--------
nle(id0,id1,dist): 10 25 2.6696654664490582
list:
dist: 2.6696654664490582 vs. 2.6696654664490582
--------
nle(id0,id1,dist): 10 26 3.2767630429035086
list:
dist: 3.2767630429035086 vs. 3.2767630429035086
--------
nle(id0,id1,dist): 10 27 3.4275193934081045
list:
dist: 3.4275193934081045 vs. 3.4275193934081045
--------
nle(id0,id1,dist): 10 29 3.194977912176795
list:
dist: 3.194977912176795 vs. 3.194977912176795
--------
nle(id0,id1,dist): 9 11 2.021515165460517
list:
dist: 2.021515165460517 vs. 2.021515165460517
--------
nle(id0,id1,dist): 9 10 2.3258136884576115
list:
dist: 2.3258136884576115 vs. 2.3258136884576115
--------
nle(id0,id1,dist): 9 15 2.2988196885092527
list:
dist: 2.2988196885092527 vs. 2.2988196885092527
--------
nle(id0,id1,dist): 9 14 1.4631255886880465
list:
dist: 1.4631255886880465 vs. 1.4631255886880465
--------
nle(id0,id1,dist): 9 13 2.4516291665138716
list:
dist: 2.4516291665138716 vs. 2.4516291665138716
--------
nle(id0,id1,dist): 9 12 1.4961426035969374
list:
dist: 1.4961426035969374 vs. 1.4961426035969374
--------
nle(id0,id1,dist): 9 19 2.2128594374061454
list:
dist: 2.2128594374061454 vs. 2.2128594374061454
--------
nle(id0,id1,dist): 9 17 2.2166263509300674
list:
dist: 2.2166263509300674 vs. 2.2166263509300674
--------
nle(id0,id1,dist): 9 16 1.261663717867683
list:
dist: 1.261663717867683 vs. 1.261663717867683
--------
nle(id0,id1,dist): 9 22 3.010395892929511
list:
dist: 3.010395892929511 vs. 3.010395892929511
--------
nle(id0,id1,dist): 9 20 2.0131950886817997
list:
dist: 2.0131950886817997 vs. 2.0131950886817997
--------
nle(id0,id1,dist): 9 21 2.829002882640328
list:
dist: 2.829002882640328 vs. 2.829002882640328
--------
nle(id0,id1,dist): 9 27 3.130717545019217
list:
dist: 3.130717545019217 vs. 3.130717545019217
--------
nle(id0,id1,dist): 9 24 3.7352775690587516
list:
dist: 3.7352775690587516 vs. 3.7352775690587516
--------
nle(id0,id1,dist): 9 25 3.195626568763908
list:
dist: 3.195626568763908 vs. 3.195626568763908
--------
nle(id0,id1,dist): 12 20 2.3705078436839275
list:
dist: 2.3705078436839275 vs. 2.3705078436839275
--------
nle(id0,id1,dist): 12 19 2.482092232091608
list:
dist: 2.482092232091608 vs. 2.482092232091608
--------
nle(id0,id1,dist): 12 17 1.9461233673105451
list:
dist: 1.9461233673105451 vs. 1.9461233673105451
--------
nle(id0,id1,dist): 12 16 1.1773704596531733
list:
dist: 1.1773704596531733 vs. 1.1773704596531733
--------
nle(id0,id1,dist): 12 15 2.543450947166611
list:
dist: 2.543450947166611 vs. 2.543450947166611
--------
nle(id0,id1,dist): 12 14 1.7847290532686746
list:
dist: 1.7847290532686746 vs. 1.7847290532686746
--------
nle(id0,id1,dist): 12 13 1.9778656489169517
list:
dist: 1.9778656489169517 vs. 1.9778656489169517
--------
nle(id0,id1,dist): 11 29 3.2833934243515017
list:
dist: 3.2833934243515017 vs. 3.2833934243515017
--------
nle(id0,id1,dist): 11 26 4.023886702172392
list:
dist: 4.023886702172392 vs. 4.023886702172392
--------
nle(id0,id1,dist): 11 27 3.83326963192346
list:
dist: 3.83326963192346 vs. 3.83326963192346
--------
nle(id0,id1,dist): 11 22 3.105722672290383
list:
dist: 3.105722672290383 vs. 3.105722672290383
--------
nle(id0,id1,dist): 11 25 3.6296043029320253
list:
dist: 3.6296043029320253 vs. 3.6296043029320253
--------
nle(id0,id1,dist): 11 24 3.759371861975655
list:
dist: 3.759371861975655 vs. 3.759371861975655
--------
nle(id0,id1,dist): 11 19 3.1900652573533574
list:
dist: 3.1900652573533574 vs. 3.1900652573533574
--------
nle(id0,id1,dist): 11 21 3.70553064804744
list:
dist: 3.70553064804744 vs. 3.70553064804744
--------
nle(id0,id1,dist): 11 20 3.2888304045260957
list:
dist: 3.2888304045260957 vs. 3.2888304045260957
--------
nle(id0,id1,dist): 11 15 2.771964186787509
list:
dist: 2.771964186787509 vs. 2.771964186787509
--------
nle(id0,id1,dist): 11 14 2.606168066938415
list:
dist: 2.606168066938415 vs. 2.606168066938415
--------
nle(id0,id1,dist): 11 17 1.7626082083902308
list:
dist: 1.7626082083902308 vs. 1.7626082083902308
--------
nle(id0,id1,dist): 11 16 2.4679565577835914
list:
dist: 2.4679565577835914 vs. 2.4679565577835914
--------
nle(id0,id1,dist): 11 13 2.4135009199405273
list:
dist: 2.4135009199405273 vs. 2.4135009199405273
--------
nle(id0,id1,dist): 11 12 1.5824767604874805
list:
dist: 1.5824767604874805 vs. 1.5824767604874805
--------
nle(id0,id1,dist): 13 26 2.0702780847212967
list:
dist: 2.0702780847212967 vs. 2.0702780847212967
--------
nle(id0,id1,dist): 13 27 2.2606786912021004
list:
dist: 2.2606786912021004 vs. 2.2606786912021004
--------
nle(id0,id1,dist): 13 24 1.4222625705481016
list:
dist: 1.4222625705481016 vs. 1.4222625705481016
--------
nle(id0,id1,dist): 13 25 1.4220004795304284
list:
dist: 1.4220004795304284 vs. 1.4220004795304284
--------
nle(id0,id1,dist): 13 29 2.1765318089990466
list:
dist: 2.1765318089990466 vs. 2.1765318089990466
--------
nle(id0,id1,dist): 13 18 2.775305311279826
list:
dist: 2.775305311279826 vs. 2.775305311279826
--------
nle(id0,id1,dist): 13 19 1.4012428773718868
list:
dist: 1.4012428773718868 vs. 1.4012428773718868
--------
nle(id0,id1,dist): 13 16 1.845701647768835
list:
dist: 1.845701647768835 vs. 1.845701647768835
--------
nle(id0,id1,dist): 13 17 0.9051968840945359
list:
dist: 0.9051968840945359 vs. 0.9051968840945359
--------
nle(id0,id1,dist): 13 22 1.0291496395166009
list:
dist: 1.0291496395166009 vs. 1.0291496395166009
--------
nle(id0,id1,dist): 13 23 1.9622167762062004
list:
dist: 1.9622167762062004 vs. 1.9622167762062004
--------
nle(id0,id1,dist): 13 20 1.7472552581651006
list:
dist: 1.7472552581651006 vs. 1.7472552581651006
--------
nle(id0,id1,dist): 13 21 1.9182163682406272
list:
dist: 1.9182163682406272 vs. 1.9182163682406272
--------
nle(id0,id1,dist): 13 15 1.1366803360066435
list:
dist: 1.1366803360066435 vs. 1.1366803360066435
--------
nle(id0,id1,dist): 13 14 1.41593586700874
list:
dist: 1.41593586700874 vs. 1.41593586700874
--------
nle(id0,id1,dist): 12 21 3.2879718436743106
list:
dist: 3.2879718436743106 vs. 3.2879718436743106
--------
nle(id0,id1,dist): 12 22 2.9180410052946146
list:
dist: 2.9180410052946146 vs. 2.9180410052946146
--------
nle(id0,id1,dist): 12 24 3.3527280992374497
list:
dist: 3.3527280992374497 vs. 3.3527280992374497
--------
nle(id0,id1,dist): 12 25 3.2185466151905415
list:
dist: 3.2185466151905415 vs. 3.2185466151905415
--------
nle(id0,id1,dist): 12 27 3.686228851454994
list:
dist: 3.686228851454994 vs. 3.686228851454994
--------
nle(id0,id1,dist): 15 29 1.5811977507673263
list:
dist: 1.5811977507673263 vs. 1.5811977507673263
--------
nle(id0,id1,dist): 15 26 1.7481078463790065
list:
dist: 1.7481078463790065 vs. 1.7481078463790065
--------
nle(id0,id1,dist): 15 27 1.20225250761702
list:
dist: 1.20225250761702 vs. 1.20225250761702
--------
nle(id0,id1,dist): 15 24 1.734192172193091
list:
dist: 1.734192172193091 vs. 1.734192172193091
--------
nle(id0,id1,dist): 15 25 1.0305417632159213
list:
dist: 1.0305417632159213 vs. 1.0305417632159213
--------
nle(id0,id1,dist): 15 22 0.828216137631006
list:
dist: 0.828216137631006 vs. 0.828216137631006
--------
nle(id0,id1,dist): 15 23 1.8511932187641587
list:
dist: 1.8511932187641587 vs. 1.8511932187641587
--------
nle(id0,id1,dist): 15 31 3.6358175565240187
list:
dist: 3.6358175565240187 vs. 3.6358175565240187
--------
nle(id0,id1,dist): 14 47 5.186089370962075
list:
dist: 5.186089370962075 vs. 5.186089370962075
--------
nle(id0,id1,dist): 15 21 0.9853679206100211
list:
dist: 0.9853679206100211 vs. 0.9853679206100211
--------
nle(id0,id1,dist): 15 20 1.4054655947979513
list:
dist: 1.4054655947979513 vs. 1.4054655947979513
--------
nle(id0,id1,dist): 15 19 0.9130665751409724
list:
dist: 0.9130665751409724 vs. 0.9130665751409724
--------
nle(id0,id1,dist): 15 18 2.5197077122740743
list:
dist: 2.5197077122740743 vs. 2.5197077122740743
--------
nle(id0,id1,dist): 15 17 1.2143154171133497
list:
dist: 1.2143154171133497 vs. 1.2143154171133497
--------
nle(id0,id1,dist): 15 16 2.067067390494204
list:
dist: 2.067067390494204 vs. 2.067067390494204
--------
nle(id0,id1,dist): 14 31 3.789741042987817
list:
dist: 3.789741042987817 vs. 3.789741042987817
--------
nle(id0,id1,dist): 14 27 2.102216988902821
list:
dist: 2.102216988902821 vs. 2.102216988902821
--------
nle(id0,id1,dist): 14 29 2.7559023955022117
list:
dist: 2.7559023955022117 vs. 2.7559023955022117
--------
nle(id0,id1,dist): 14 42 4.793939136118369
list:
dist: 4.793939136118369 vs. 4.793939136118369
--------
nle(id0,id1,dist): 14 16 0.9282991461554758
list:
dist: 0.9282991461554758 vs. 0.9282991461554758
--------
nle(id0,id1,dist): 14 15 1.2106273315433815
list:
dist: 1.2106273315433815 vs. 1.2106273315433815
--------
nle(id0,id1,dist): 14 18 1.9017159994010824
list:
dist: 1.9017159994010824 vs. 1.9017159994010824
--------
nle(id0,id1,dist): 14 17 1.6726126641657482
list:
dist: 1.6726126641657482 vs. 1.6726126641657482
--------
nle(id0,id1,dist): 14 24 2.423654587371601
list:
dist: 2.423654587371601 vs. 2.423654587371601
--------
nle(id0,id1,dist): 14 23 1.5959567593766706
list:
dist: 1.5959567593766706 vs. 1.5959567593766706
--------
nle(id0,id1,dist): 14 26 2.8554329226321644
list:
dist: 2.8554329226321644 vs. 2.8554329226321644
--------
nle(id0,id1,dist): 14 25 1.8457907924323342
list:
dist: 1.8457907924323342 vs. 1.8457907924323342
--------
nle(id0,id1,dist): 14 20 0.6861381014125979
list:
dist: 0.6861381014125979 vs. 0.6861381014125979
--------
nle(id0,id1,dist): 14 19 0.7934387521257431
list:
dist: 0.7934387521257431 vs. 0.7934387521257431
--------
nle(id0,id1,dist): 14 22 1.8330462327830332
list:
dist: 1.8330462327830332 vs. 1.8330462327830332
--------
nle(id0,id1,dist): 14 21 1.6030409106786345
list:
dist: 1.6030409106786345 vs. 1.6030409106786345
--------
nle(id0,id1,dist): 17 19 1.8508839755176527
list:
dist: 1.8508839755176527 vs. 1.8508839755176527
--------
nle(id0,id1,dist): 17 22 1.3497261984686233
list:
dist: 1.3497261984686233 vs. 1.3497261984686233
--------
nle(id0,id1,dist): 17 20 2.194957465442859
list:
dist: 2.194957465442859 vs. 2.194957465442859
--------
nle(id0,id1,dist): 17 21 2.1965914129328183
list:
dist: 2.1965914129328183 vs. 2.1965914129328183
--------
nle(id0,id1,dist): 17 26 2.283450622661839
list:
dist: 2.283450622661839 vs. 2.283450622661839
--------
nle(id0,id1,dist): 17 27 2.322015720359594
list:
dist: 2.322015720359594 vs. 2.322015720359594
--------
nle(id0,id1,dist): 17 24 2.0737941313687123
list:
dist: 2.0737941313687123 vs. 2.0737941313687123
--------
nle(id0,id1,dist): 17 25 1.92311654172033
list:
dist: 1.92311654172033 vs. 1.92311654172033
--------
nle(id0,id1,dist): 16 42 5.570172127484304
list:
dist: 5.570172127484304 vs. 5.570172127484304
--------
nle(id0,id1,dist): 16 17 2.105008809097123
list:
dist: 2.105008809097123 vs. 2.105008809097123
--------
nle(id0,id1,dist): 16 18 2.193007744803864
list:
dist: 2.193007744803864 vs. 2.193007744803864
--------
nle(id0,id1,dist): 16 19 1.6361233920310394
list:
dist: 1.6361233920310394 vs. 1.6361233920310394
--------
nle(id0,id1,dist): 16 20 1.3356813931835756
list:
dist: 1.3356813931835756 vs. 1.3356813931835756
--------
nle(id0,id1,dist): 16 21 2.5114434088482103
list:
dist: 2.5114434088482103 vs. 2.5114434088482103
--------
nle(id0,id1,dist): 16 22 2.5788255189742593
list:
dist: 2.5788255189742593 vs. 2.5788255189742593
--------
nle(id0,id1,dist): 16 23 2.088266009251055
list:
dist: 2.088266009251055 vs. 2.088266009251055
--------
nle(id0,id1,dist): 16 24 3.0130447707906187
list:
dist: 3.0130447707906187 vs. 3.0130447707906187
--------
nle(id0,id1,dist): 16 25 2.641798287375527
list:
dist: 2.641798287375527 vs. 2.641798287375527
--------
nle(id0,id1,dist): 16 27 3.0304353867754923
list:
dist: 3.0304353867754923 vs. 3.0304353867754923
--------
nle(id0,id1,dist): 16 31 4.507657865615788
list:
dist: 4.507657865615788 vs. 4.507657865615788
--------
nle(id0,id1,dist): 15 42 4.434307803946534
list:
dist: 4.434307803946534 vs. 4.434307803946534
--------
nle(id0,id1,dist): 15 47 4.533970748271138
list:
dist: 4.533970748271138 vs. 4.533970748271138
--------
nle(id0,id1,dist): 1 2 1.6658101280658595
list:
dist: 1.6658101280658595 vs. 1.6658101280658595
--------
nle(id0,id1,dist): 1 3 2.6499619910791106
list:
dist: 2.6499619910791106 vs. 2.6499619910791106
--------
nle(id0,id1,dist): 1 4 2.3594203726992244
list:
dist: 2.3594203726992244 vs. 2.3594203726992244
--------
nle(id0,id1,dist): 1 5 1.211565941561302
list:
dist: 1.211565941561302 vs. 1.211565941561302
--------
nle(id0,id1,dist): 1 6 2.397381370264732
list:
dist: 2.397381370264732 vs. 2.397381370264732
--------
nle(id0,id1,dist): 1 7 1.0873377508283386
list:
dist: 1.0873377508283386 vs. 1.0873377508283386
--------
nle(id0,id1,dist): 1 9 2.105938641583264
list:
dist: 2.105938641583264 vs. 2.105938641583264
--------
nle(id0,id1,dist): 2 5 1.9250119329634323
list:
dist: 1.9250119329634323 vs. 1.9250119329634323
--------
nle(id0,id1,dist): 2 6 2.281586325303756
list:
dist: 2.281586325303756 vs. 2.281586325303756
--------
nle(id0,id1,dist): 2 3 1.9494504316502583
list:
dist: 1.9494504316502583 vs. 1.9494504316502583
--------
nle(id0,id1,dist): 2 4 1.3913556166148975
list:
dist: 1.3913556166148975 vs. 1.3913556166148975
--------
nle(id0,id1,dist): 1 12 1.7585371819657032
list:
dist: 1.7585371819657032 vs. 1.7585371819657032
--------
nle(id0,id1,dist): 1 16 1.8091077159432856
list:
dist: 1.8091077159432856 vs. 1.8091077159432856
--------
nle(id0,id1,dist): 2 12 1.815584262920262
list:
dist: 1.815584262920262 vs. 1.815584262920262
--------
nle(id0,id1,dist): 2 9 2.575825083387175
list:
dist: 2.575825083387175 vs. 2.575825083387175
--------
nle(id0,id1,dist): 3 24 4.283777536918682
list:
dist: 4.283777536918682 vs. 4.283777536918682
--------
nle(id0,id1,dist): 3 25 4.018741976331642
list:
dist: 4.018741976331642 vs. 4.018741976331642
--------
nle(id0,id1,dist): 3 22 3.581776927907833
list:
dist: 3.581776927907833 vs. 3.581776927907833
--------
nle(id0,id1,dist): 3 20 3.3381617933932843
list:
dist: 3.3381617933932843 vs. 3.3381617933932843
--------
nle(id0,id1,dist): 3 21 3.9248301290363004
list:
dist: 3.9248301290363004 vs. 3.9248301290363004
--------
nle(id0,id1,dist): 3 19 3.3605196624087244
list:
dist: 3.3605196624087244 vs. 3.3605196624087244
--------
nle(id0,id1,dist): 3 27 4.089365743452545
list:
dist: 4.089365743452545 vs. 4.089365743452545
--------
nle(id0,id1,dist): 3 9 1.637772929632508
list:
dist: 1.637772929632508 vs. 1.637772929632508
--------
nle(id0,id1,dist): 3 8 1.5506793438210782
list:
dist: 1.5506793438210782 vs. 1.5506793438210782
--------
nle(id0,id1,dist): 3 7 2.5535008698695205
list:
dist: 2.5535008698695205 vs. 2.5535008698695205
--------
nle(id0,id1,dist): 3 6 0.838418241713978
list:
dist: 0.838418241713978 vs. 0.838418241713978
--------
nle(id0,id1,dist): 3 5 1.9682616708100822
list:
dist: 1.9682616708100822 vs. 1.9682616708100822
--------
nle(id0,id1,dist): 3 4 0.9533460008262269
list:
dist: 0.9533460008262269 vs. 0.9533460008262269
--------
nle(id0,id1,dist): 3 17 2.3113622047440883
list:
dist: 2.3113622047440883 vs. 2.3113622047440883
--------
nle(id0,id1,dist): 3 16 2.3774618051591583
list:
dist: 2.3774618051591583 vs. 2.3774618051591583
--------
nle(id0,id1,dist): 3 15 3.089829237164523
list:
dist: 3.089829237164523 vs. 3.089829237164523
--------
nle(id0,id1,dist): 3 14 2.663606254208339
list:
dist: 2.663606254208339 vs. 2.663606254208339
--------
nle(id0,id1,dist): 3 13 2.8824557548933467
list:
dist: 2.8824557548933467 vs. 2.8824557548933467
--------
nle(id0,id1,dist): 3 12 1.5773274851082681
list:
dist: 1.5773274851082681 vs. 1.5773274851082681
--------
nle(id0,id1,dist): 3 11 0.8253821997068532
list:
dist: 0.8253821997068532 vs. 0.8253821997068532
--------
nle(id0,id1,dist): 3 10 2.2567759834510994
list:
dist: 2.2567759834510994 vs. 2.2567759834510994
--------
nle(id0,id1,dist): 37 48 2.7655405830265156
list:
dist: 2.7655405830265156 vs. 2.7655405830265156
--------
nle(id0,id1,dist): 37 49 2.0754776866692444
list:
dist: 2.0754776866692444 vs. 2.0754776866692444
--------
nle(id0,id1,dist): 37 50 2.762358840735896
list:
dist: 2.762358840735896 vs. 2.762358840735896
--------
nle(id0,id1,dist): 37 51 3.452990025810887
list:
dist: 3.452990025810887 vs. 3.452990025810887
--------
nle(id0,id1,dist): 37 53 3.55115617016598
list:
dist: 3.55115617016598 vs. 3.55115617016598
--------
nle(id0,id1,dist): 37 40 2.03964503303857
list:
dist: 2.03964503303857 vs. 2.03964503303857
--------
nle(id0,id1,dist): 37 42 1.532488708667178
list:
dist: 1.532488708667178 vs. 1.532488708667178
--------
nle(id0,id1,dist): 37 43 3.1320840481900127
list:
dist: 3.1320840481900127 vs. 3.1320840481900127
--------
nle(id0,id1,dist): 37 44 2.6187281324939105
list:
dist: 2.6187281324939105 vs. 2.6187281324939105
--------
nle(id0,id1,dist): 37 46 2.3317512204782083
list:
dist: 2.3317512204782083 vs. 2.3317512204782083
--------
nle(id0,id1,dist): 37 47 2.571924350391423
list:
dist: 2.571924350391423 vs. 2.571924350391423
--------
nle(id0,id1,dist): 37 39 2.8706266097399844
list:
dist: 2.8706266097399844 vs. 2.8706266097399844
--------
nle(id0,id1,dist): 37 38 1.981854240214162
list:
dist: 1.981854240214162 vs. 1.981854240214162
--------
nle(id0,id1,dist): 36 55 3.496490059244736
list:
dist: 3.496490059244736 vs. 3.496490059244736
--------
nle(id0,id1,dist): 36 56 2.3004878088907
list:
dist: 2.3004878088907 vs. 2.3004878088907
--------
nle(id0,id1,dist): 36 53 1.501160172392242
list:
dist: 1.501160172392242 vs. 1.501160172392242
--------
nle(id0,id1,dist): 36 54 1.8743197188089786
list:
dist: 1.8743197188089786 vs. 1.8743197188089786
--------
nle(id0,id1,dist): 36 59 2.3782007863802583
list:
dist: 2.3782007863802583 vs. 2.3782007863802583
--------
nle(id0,id1,dist): 36 57 2.5228057075452255
list:
dist: 2.5228057075452255 vs. 2.5228057075452255
--------
nle(id0,id1,dist): 36 58 2.3516435791724346
list:
dist: 2.3516435791724346 vs. 2.3516435791724346
--------
nle(id0,id1,dist): 36 47 3.215890310700264
list:
dist: 3.215890310700264 vs. 3.215890310700264
--------
nle(id0,id1,dist): 36 48 2.684067966487322
list:
dist: 2.684067966487322 vs. 2.684067966487322
--------
nle(id0,id1,dist): 36 45 1.2694392362950941
list:
dist: 1.2694392362950941 vs. 1.2694392362950941
--------
nle(id0,id1,dist): 36 46 0.965585374381954
list:
dist: 0.965585374381954 vs. 0.965585374381954
--------
nle(id0,id1,dist): 36 51 1.028151274805466
list:
dist: 1.028151274805466 vs. 1.028151274805466
--------
nle(id0,id1,dist): 36 52 2.845954689710082
list:
dist: 2.845954689710082 vs. 2.845954689710082
--------
nle(id0,id1,dist): 36 49 2.5154842105565303
list:
dist: 2.5154842105565303 vs. 2.5154842105565303
--------
nle(id0,id1,dist): 36 50 1.7681054058061036
list:
dist: 1.7681054058061036 vs. 1.7681054058061036
--------
nle(id0,id1,dist): 36 40 1.569420167849521
list:
dist: 1.569420167849521 vs. 1.569420167849521
--------
nle(id0,id1,dist): 36 39 1.6099715643878418
list:
dist: 1.6099715643878418 vs. 1.6099715643878418
--------
nle(id0,id1,dist): 36 38 1.4059595740684654
list:
dist: 1.4059595740684654 vs. 1.4059595740684654
--------
nle(id0,id1,dist): 36 37 3.070607881862524
list:
dist: 3.070607881862524 vs. 3.070607881862524
--------
nle(id0,id1,dist): 36 44 1.5656189153852311
list:
dist: 1.5656189153852311 vs. 1.5656189153852311
--------
nle(id0,id1,dist): 36 43 1.3542034457133716
list:
dist: 1.3542034457133716 vs. 1.3542034457133716
--------
nle(id0,id1,dist): 36 42 2.013462114732907
list:
dist: 2.013462114732907 vs. 2.013462114732907
--------
nle(id0,id1,dist): 36 41 1.6916548450010616
list:
dist: 1.6916548450010616 vs. 1.6916548450010616
--------
nle(id0,id1,dist): 35 58 1.8261827134321895
list:
dist: 1.8261827134321895 vs. 1.8261827134321895
--------
nle(id0,id1,dist): 35 59 1.7735241674942388
list:
dist: 1.7735241674942388 vs. 1.7735241674942388
--------
nle(id0,id1,dist): 35 55 1.6206859970582128
list:
dist: 1.6206859970582128 vs. 1.6206859970582128
--------
nle(id0,id1,dist): 35 56 2.686254967125769
list:
dist: 2.686254967125769 vs. 2.686254967125769
--------
nle(id0,id1,dist): 35 57 0.9823274512190459
list:
dist: 0.9823274512190459 vs. 0.9823274512190459
--------
nle(id0,id1,dist): 35 50 0.8806035402530604
list:
dist: 0.8806035402530604 vs. 0.8806035402530604
--------
nle(id0,id1,dist): 35 51 2.147145728554133
list:
dist: 2.147145728554133 vs. 2.147145728554133
--------
nle(id0,id1,dist): 35 52 2.1481934277718997
list:
dist: 2.1481934277718997 vs. 2.1481934277718997
--------
nle(id0,id1,dist): 35 53 1.7569086491371226
list:
dist: 1.7569086491371226 vs. 1.7569086491371226
--------
nle(id0,id1,dist): 35 47 1.4244521924170603
list:
dist: 1.4244521924170603 vs. 1.4244521924170603
--------
nle(id0,id1,dist): 35 46 1.2906333182433187
list:
dist: 1.2906333182433187 vs. 1.2906333182433187
--------
nle(id0,id1,dist): 35 49 0.9609342665527884
list:
dist: 0.9609342665527884 vs. 0.9609342665527884
--------
nle(id0,id1,dist): 35 48 1.2199251035410223
list:
dist: 1.2199251035410223 vs. 1.2199251035410223
--------
nle(id0,id1,dist): 35 43 2.08211016382041
list:
dist: 2.08211016382041 vs. 2.08211016382041
--------
nle(id0,id1,dist): 35 42 1.2995065300402255
list:
dist: 1.2995065300402255 vs. 1.2995065300402255
--------
nle(id0,id1,dist): 35 45 3.182220405310203
list:
dist: 3.182220405310203 vs. 3.182220405310203
--------
nle(id0,id1,dist): 35 44 1.4554822957993652
list:
dist: 1.4554822957993652 vs. 1.4554822957993652
--------
nle(id0,id1,dist): 35 39 1.0574139658804045
list:
dist: 1.0574139658804045 vs. 1.0574139658804045
--------
nle(id0,id1,dist): 35 38 1.174041762030989
list:
dist: 1.174041762030989 vs. 1.174041762030989
--------
nle(id0,id1,dist): 35 40 2.0847608536942257
list:
dist: 2.0847608536942257 vs. 2.0847608536942257
--------
nle(id0,id1,dist): 35 37 2.2648329635525597
list:
dist: 2.2648329635525597 vs. 2.2648329635525597
--------
nle(id0,id1,dist): 35 36 2.2070566585925024
list:
dist: 2.2070566585925024 vs. 2.2070566585925024
--------
nle(id0,id1,dist): 34 57 2.348878494691139
list:
dist: 2.348878494691139 vs. 2.348878494691139
--------
nle(id0,id1,dist): 34 54 2.5138108999824085
list:
dist: 2.5138108999824085 vs. 2.5138108999824085
--------
nle(id0,id1,dist): 34 53 2.2727995903725344
list:
dist: 2.2727995903725344 vs. 2.2727995903725344
--------
nle(id0,id1,dist): 34 51 1.4762686510140834
list:
dist: 1.4762686510140834 vs. 1.4762686510140834
--------
nle(id0,id1,dist): 34 50 1.5408507808248835
list:
dist: 1.5408507808248835 vs. 1.5408507808248835
--------
nle(id0,id1,dist): 34 49 2.291929529080618
list:
dist: 2.291929529080618 vs. 2.291929529080618
--------
nle(id0,id1,dist): 34 48 2.7347985883310946
list:
dist: 2.7347985883310946 vs. 2.7347985883310946
--------
nle(id0,id1,dist): 34 47 2.3931111619734775
list:
dist: 2.3931111619734775 vs. 2.3931111619734775
--------
nle(id0,id1,dist): 34 46 0.9210538774177797
list:
dist: 0.9210538774177797 vs. 0.9210538774177797
--------
nle(id0,id1,dist): 34 45 2.356034889685179
list:
dist: 2.356034889685179 vs. 2.356034889685179
--------
nle(id0,id1,dist): 34 44 0.9599623710502576
list:
dist: 0.9599623710502576 vs. 0.9599623710502576
--------
nle(id0,id1,dist): 34 43 1.1310236150735105
list:
dist: 1.1310236150735105 vs. 1.1310236150735105
--------
nle(id0,id1,dist): 34 42 0.9199452074125423
list:
dist: 0.9199452074125423 vs. 0.9199452074125423
--------
nle(id0,id1,dist): 34 41 1.3143332236682053
list:
dist: 1.3143332236682053 vs. 1.3143332236682053
--------
nle(id0,id1,dist): 34 40 0.33272470622973477
list:
dist: 0.33272470622973477 vs. 0.33272470622973477
--------
nle(id0,id1,dist): 34 39 1.9443549777878129
list:
dist: 1.9443549777878129 vs. 1.9443549777878129
--------
nle(id0,id1,dist): 34 36 1.311922457506211
list:
dist: 1.311922457506211 vs. 1.311922457506211
--------
nle(id0,id1,dist): 34 35 1.834466251441444
list:
dist: 1.834466251441444 vs. 1.834466251441444
--------
nle(id0,id1,dist): 34 38 1.2836645336684303
list:
dist: 1.2836645336684303 vs. 1.2836645336684303
--------
nle(id0,id1,dist): 34 37 2.1009694428865373
list:
dist: 2.1009694428865373 vs. 2.1009694428865373
--------
nle(id0,id1,dist): 33 44 2.3848917039900286
list:
dist: 2.3848917039900286 vs. 2.3848917039900286
--------
nle(id0,id1,dist): 33 45 2.769849485460017
list:
dist: 2.769849485460017 vs. 2.769849485460017
--------
nle(id0,id1,dist): 33 46 2.4527385726006323
list:
dist: 2.4527385726006323 vs. 2.4527385726006323
--------
nle(id0,id1,dist): 33 47 3.8191048211413894
list:
dist: 3.8191048211413894 vs. 3.8191048211413894
--------
nle(id0,id1,dist): 33 50 3.1164652957656185
list:
dist: 3.1164652957656185 vs. 3.1164652957656185
--------
nle(id0,id1,dist): 33 51 2.47262112337621
list:
dist: 2.47262112337621 vs. 2.47262112337621
--------
nle(id0,id1,dist): 33 53 3.6399391615082473
list:
dist: 3.6399391615082473 vs. 3.6399391615082473
--------
nle(id0,id1,dist): 33 54 3.430281991064373
list:
dist: 3.430281991064373 vs. 3.430281991064373
--------
nle(id0,id1,dist): 33 57 3.9386285323857217
list:
dist: 3.9386285323857217 vs. 3.9386285323857217
--------
nle(id0,id1,dist): 33 34 1.6547428155164392
list:
dist: 1.6547428155164392 vs. 1.6547428155164392
--------
nle(id0,id1,dist): 33 36 2.2320328514389356
list:
dist: 2.2320328514389356 vs. 2.2320328514389356
--------
nle(id0,id1,dist): 33 43 2.1208452889784613
list:
dist: 2.1208452889784613 vs. 2.1208452889784613
--------
nle(id0,id1,dist): 33 42 2.38568528328409
list:
dist: 2.38568528328409 vs. 2.38568528328409
--------
nle(id0,id1,dist): 33 41 0.553418058874249
list:
dist: 0.553418058874249 vs. 0.553418058874249
--------
nle(id0,id1,dist): 33 40 1.4160717326243055
list:
dist: 1.4160717326243055 vs. 1.4160717326243055
--------
nle(id0,id1,dist): 32 51 2.811527152258167
list:
dist: 2.811527152258167 vs. 2.811527152258167
--------
nle(id0,id1,dist): 32 49 2.488990509609035
list:
dist: 2.488990509609035 vs. 2.488990509609035
--------
nle(id0,id1,dist): 32 50 2.8521390647897444
list:
dist: 2.8521390647897444 vs. 2.8521390647897444
--------
nle(id0,id1,dist): 32 53 2.9521552561894904
list:
dist: 2.9521552561894904 vs. 2.9521552561894904
--------
nle(id0,id1,dist): 32 54 3.7921184049498717
list:
dist: 3.7921184049498717 vs. 3.7921184049498717
--------
nle(id0,id1,dist): 32 57 3.5374857911615454
list:
dist: 3.5374857911615454 vs. 3.5374857911615454
--------
nle(id0,id1,dist): 32 38 1.6272969463039426
list:
dist: 1.6272969463039426 vs. 1.6272969463039426
--------
nle(id0,id1,dist): 32 37 1.9042471324142887
list:
dist: 1.9042471324142887 vs. 1.9042471324142887
--------
nle(id0,id1,dist): 32 40 1.7354032646551028
list:
dist: 1.7354032646551028 vs. 1.7354032646551028
--------
nle(id0,id1,dist): 32 39 2.584578469677779
list:
dist: 2.584578469677779 vs. 2.584578469677779
--------
nle(id0,id1,dist): 32 34 1.73266381315214
list:
dist: 1.73266381315214 vs. 1.73266381315214
--------
nle(id0,id1,dist): 32 33 2.1922519796662385
list:
dist: 2.1922519796662385 vs. 2.1922519796662385
--------
nle(id0,id1,dist): 32 36 1.9722022105702248
list:
dist: 1.9722022105702248 vs. 1.9722022105702248
--------
nle(id0,id1,dist): 32 35 2.7080486365732837
list:
dist: 2.7080486365732837 vs. 2.7080486365732837
--------
nle(id0,id1,dist): 32 46 1.8516941984655115
list:
dist: 1.8516941984655115 vs. 1.8516941984655115
--------
nle(id0,id1,dist): 32 45 2.0258114826057514
list:
dist: 2.0258114826057514 vs. 2.0258114826057514
--------
nle(id0,id1,dist): 32 48 2.981402915612785
list:
dist: 2.981402915612785 vs. 2.981402915612785
--------
nle(id0,id1,dist): 32 47 3.6250187180594344
list:
dist: 3.6250187180594344 vs. 3.6250187180594344
--------
nle(id0,id1,dist): 32 42 2.0446190288340547
list:
dist: 2.0446190288340547 vs. 2.0446190288340547
--------
nle(id0,id1,dist): 32 41 1.9986103570944056
list:
dist: 1.9986103570944056 vs. 1.9986103570944056
--------
nle(id0,id1,dist): 32 44 2.5964932708725543
list:
dist: 2.5964932708725543 vs. 2.5964932708725543
--------
nle(id0,id1,dist): 32 43 2.7428568783626432
list:
dist: 2.7428568783626432 vs. 2.7428568783626432
--------
nle(id0,id1,dist): 31 54 3.8519541736088265
list:
dist: 3.8519541736088265 vs. 3.8519541736088265
--------
nle(id0,id1,dist): 31 57 3.067597653762821
list:
dist: 3.067597653762821 vs. 3.067597653762821
--------
nle(id0,id1,dist): 31 44 1.9796581866946552
list:
dist: 1.9796581866946552 vs. 1.9796581866946552
--------
nle(id0,id1,dist): 31 43 2.354239614697175
list:
dist: 2.354239614697175 vs. 2.354239614697175
--------
nle(id0,id1,dist): 31 42 1.1926541554405508
list:
dist: 1.1926541554405508 vs. 1.1926541554405508
--------
nle(id0,id1,dist): 31 41 2.173700058706391
list:
dist: 2.173700058706391 vs. 2.173700058706391
--------
nle(id0,id1,dist): 31 40 1.3019397442922298
list:
dist: 1.3019397442922298 vs. 1.3019397442922298
--------
nle(id0,id1,dist): 31 39 3.070353309867232
list:
dist: 3.070353309867232 vs. 3.070353309867232
--------
nle(id0,id1,dist): 31 38 2.284360059089415
list:
dist: 2.284360059089415 vs. 2.284360059089415
--------
nle(id0,id1,dist): 29 127 4.083329242404355
list:
dist: 4.083329242404355 vs. 4.083329242404355
--------
nle(id0,id1,dist): 31 53 3.6026422273679404
list:
dist: 3.6026422273679404 vs. 3.6026422273679404
--------
nle(id0,id1,dist): 31 51 2.8862914443863015
list:
dist: 2.8862914443863015 vs. 2.8862914443863015
--------
nle(id0,id1,dist): 31 50 2.4956462652579114
list:
dist: 2.4956462652579114 vs. 2.4956462652579114
--------
nle(id0,id1,dist): 31 49 2.801445757716709
list:
dist: 2.801445757716709 vs. 2.801445757716709
--------
nle(id0,id1,dist): 31 48 3.423696617652921
list:
dist: 3.423696617652921 vs. 3.423696617652921
--------
nle(id0,id1,dist): 31 47 2.2889488538883755
list:
dist: 2.2889488538883755 vs. 2.2889488538883755
--------
nle(id0,id1,dist): 31 46 2.236166964482066
list:
dist: 2.236166964482066 vs. 2.236166964482066
--------
nle(id0,id1,dist): 31 36 2.826749791361455
list:
dist: 2.826749791361455 vs. 2.826749791361455
--------
nle(id0,id1,dist): 31 37 1.4634376787229988
list:
dist: 1.4634376787229988 vs. 1.4634376787229988
--------
nle(id0,id1,dist): 31 34 1.5274066412978815
list:
dist: 1.5274066412978815 vs. 1.5274066412978815
--------
nle(id0,id1,dist): 31 35 2.4462915278713364
list:
dist: 2.4462915278713364 vs. 2.4462915278713364
--------
nle(id0,id1,dist): 31 32 2.306346545851059
list:
dist: 2.306346545851059 vs. 2.306346545851059
--------
nle(id0,id1,dist): 31 33 2.1005709833071426
list:
dist: 2.1005709833071426 vs. 2.1005709833071426
--------
nle(id0,id1,dist): 43 59 2.3369075934943977
list:
dist: 2.3369075934943977 vs. 2.3369075934943977
--------
nle(id0,id1,dist): 43 58 2.0146974513493947
list:
dist: 2.0146974513493947 vs. 2.0146974513493947
--------
nle(id0,id1,dist): 44 47 1.8193569824890512
list:
dist: 1.8193569824890512 vs. 1.8193569824890512
--------
nle(id0,id1,dist): 44 48 2.5402988814225207
list:
dist: 2.5402988814225207 vs. 2.5402988814225207
--------
nle(id0,id1,dist): 44 45 2.817125707467715
list:
dist: 2.817125707467715 vs. 2.817125707467715
--------
nle(id0,id1,dist): 44 46 1.0351824121727673
list:
dist: 1.0351824121727673 vs. 1.0351824121727673
--------
nle(id0,id1,dist): 44 51 1.1038298408578568
list:
dist: 1.1038298408578568 vs. 1.1038298408578568
--------
nle(id0,id1,dist): 44 52 1.7200727278392969
list:
dist: 1.7200727278392969 vs. 1.7200727278392969
--------
nle(id0,id1,dist): 44 49 2.2489480046817336
list:
dist: 2.2489480046817336 vs. 2.2489480046817336
--------
nle(id0,id1,dist): 44 50 0.8104875435824529
list:
dist: 0.8104875435824529 vs. 0.8104875435824529
--------
nle(id0,id1,dist): 43 50 1.3277370797981094
list:
dist: 1.3277370797981094 vs. 1.3277370797981094
--------
nle(id0,id1,dist): 43 51 0.6571543192181316
list:
dist: 0.6571543192181316 vs. 0.6571543192181316
--------
nle(id0,id1,dist): 43 52 1.8889195863404635
list:
dist: 1.8889195863404635 vs. 1.8889195863404635
--------
nle(id0,id1,dist): 43 53 2.0358689740816214
list:
dist: 2.0358689740816214 vs. 2.0358689740816214
--------
nle(id0,id1,dist): 43 54 1.5440952982595983
list:
dist: 1.5440952982595983 vs. 1.5440952982595983
--------
nle(id0,id1,dist): 43 55 3.3066039647519574
list:
dist: 3.3066039647519574 vs. 3.3066039647519574
--------
nle(id0,id1,dist): 43 56 1.743763398424709
list:
dist: 1.743763398424709 vs. 1.743763398424709
--------
nle(id0,id1,dist): 43 57 2.0885277182818633
list:
dist: 2.0885277182818633 vs. 2.0885277182818633
--------
nle(id0,id1,dist): 43 44 0.7018264050143275
list:
dist: 0.7018264050143275 vs. 0.7018264050143275
--------
nle(id0,id1,dist): 43 45 2.5926411340224096
list:
dist: 2.5926411340224096 vs. 2.5926411340224096
--------
nle(id0,id1,dist): 43 46 1.3157849312412477
list:
dist: 1.3157849312412477 vs. 1.3157849312412477
--------
nle(id0,id1,dist): 43 47 2.4735001552271987
list:
dist: 2.4735001552271987 vs. 2.4735001552271987
--------
nle(id0,id1,dist): 43 48 3.050667764039953
list:
dist: 3.050667764039953 vs. 3.050667764039953
--------
nle(id0,id1,dist): 43 49 2.817130643232731
list:
dist: 2.817130643232731 vs. 2.817130643232731
--------
nle(id0,id1,dist): 42 46 1.1914481600318285
list:
dist: 1.1914481600318285 vs. 1.1914481600318285
--------
nle(id0,id1,dist): 42 44 1.096135206377261
list:
dist: 1.096135206377261 vs. 1.096135206377261
--------
nle(id0,id1,dist): 42 43 1.6731609612935943
list:
dist: 1.6731609612935943 vs. 1.6731609612935943
--------
nle(id0,id1,dist): 42 57 1.9762127747097007
list:
dist: 1.9762127747097007 vs. 1.9762127747097007
--------
nle(id0,id1,dist): 42 53 2.464214786458843
list:
dist: 2.464214786458843 vs. 2.464214786458843
--------
nle(id0,id1,dist): 42 54 2.9576268223590407
list:
dist: 2.9576268223590407 vs. 2.9576268223590407
--------
nle(id0,id1,dist): 42 51 2.051059208645591
list:
dist: 2.051059208645591 vs. 2.051059208645591
--------
nle(id0,id1,dist): 42 49 1.7796785339763534
list:
dist: 1.7796785339763534 vs. 1.7796785339763534
--------
nle(id0,id1,dist): 42 50 1.3779097846036563
list:
dist: 1.3779097846036563 vs. 1.3779097846036563
--------
nle(id0,id1,dist): 42 47 1.642808502784665
list:
dist: 1.642808502784665 vs. 1.642808502784665
--------
nle(id0,id1,dist): 42 48 2.324633198814058
list:
dist: 2.324633198814058 vs. 2.324633198814058
--------
nle(id0,id1,dist): 41 51 1.9704642035210016
list:
dist: 1.9704642035210016 vs. 1.9704642035210016
--------
nle(id0,id1,dist): 41 50 2.7110900644785745
list:
dist: 2.7110900644785745 vs. 2.7110900644785745
--------
nle(id0,id1,dist): 41 45 2.296005066627593
list:
dist: 2.296005066627593 vs. 2.296005066627593
--------
nle(id0,id1,dist): 41 44 2.020621326469942
list:
dist: 2.020621326469942 vs. 2.020621326469942
--------
nle(id0,id1,dist): 41 47 3.606505870168547
list:
dist: 3.606505870168547 vs. 3.606505870168547
--------
nle(id0,id1,dist): 41 46 2.0082516991105757
list:
dist: 2.0082516991105757 vs. 2.0082516991105757
--------
nle(id0,id1,dist): 41 43 1.701975264298066
list:
dist: 1.701975264298066 vs. 1.701975264298066
--------
nle(id0,id1,dist): 41 42 2.16439813133995
list:
dist: 2.16439813133995 vs. 2.16439813133995
--------
nle(id0,id1,dist): 41 57 3.547226521551751
list:
dist: 3.547226521551751 vs. 3.547226521551751
--------
nle(id0,id1,dist): 41 53 3.1183965277520342
list:
dist: 3.1183965277520342 vs. 3.1183965277520342
--------
nle(id0,id1,dist): 41 54 2.9355215414969558
list:
dist: 2.9355215414969558 vs. 2.9355215414969558
--------
nle(id0,id1,dist): 40 43 1.3085130034503758
list:
dist: 1.3085130034503758 vs. 1.3085130034503758
--------
nle(id0,id1,dist): 40 44 1.1796729378779611
list:
dist: 1.1796729378779611 vs. 1.1796729378779611
--------
nle(id0,id1,dist): 40 41 1.1669586275241668
list:
dist: 1.1669586275241668 vs. 1.1669586275241668
--------
nle(id0,id1,dist): 40 42 0.9991475860868851
list:
dist: 0.9991475860868851 vs. 0.9991475860868851
--------
nle(id0,id1,dist): 40 47 2.502452679510321
list:
dist: 2.502452679510321 vs. 2.502452679510321
--------
nle(id0,id1,dist): 40 48 3.0067728392907043
list:
dist: 3.0067728392907043 vs. 3.0067728392907043
--------
nle(id0,id1,dist): 40 45 2.538045508501777
list:
dist: 2.538045508501777 vs. 2.538045508501777
--------
nle(id0,id1,dist): 40 46 1.2460867420745416
list:
dist: 1.2460867420745416 vs. 1.2460867420745416
--------
nle(id0,id1,dist): 40 51 1.7262290141252055
list:
dist: 1.7262290141252055 vs. 1.7262290141252055
--------
nle(id0,id1,dist): 40 49 2.521780075982906
list:
dist: 2.521780075982906 vs. 2.521780075982906
--------
nle(id0,id1,dist): 40 50 1.822127538312091
list:
dist: 1.822127538312091 vs. 1.822127538312091
--------
nle(id0,id1,dist): 40 53 2.604535520144172
list:
dist: 2.604535520144172 vs. 2.604535520144172
--------
nle(id0,id1,dist): 40 54 2.7659611602510243
list:
dist: 2.7659611602510243 vs. 2.7659611602510243
--------
nle(id0,id1,dist): 40 57 2.61324432671744
list:
dist: 2.61324432671744 vs. 2.61324432671744
--------
nle(id0,id1,dist): 39 46 1.047334116130476
list:
dist: 1.047334116130476 vs. 1.047334116130476
--------
nle(id0,id1,dist): 39 47 2.404280874486405
list:
dist: 2.404280874486405 vs. 2.404280874486405
--------
nle(id0,id1,dist): 39 48 1.1884956603327541
list:
dist: 1.1884956603327541 vs. 1.1884956603327541
--------
nle(id0,id1,dist): 39 49 1.2928910714771837
list:
dist: 1.2928910714771837 vs. 1.2928910714771837
--------
nle(id0,id1,dist): 39 50 1.0869241743774447
list:
dist: 1.0869241743774447 vs. 1.0869241743774447
--------
nle(id0,id1,dist): 39 51 1.7503943498973507
list:
dist: 1.7503943498973507 vs. 1.7503943498973507
--------
nle(id0,id1,dist): 39 52 2.3509880161534182
list:
dist: 2.3509880161534182 vs. 2.3509880161534182
--------
nle(id0,id1,dist): 39 53 0.7673134705960246
list:
dist: 0.7673134705960246 vs. 0.7673134705960246
--------
nle(id0,id1,dist): 39 55 1.9766873642048948
list:
dist: 1.9766873642048948 vs. 1.9766873642048948
--------
nle(id0,id1,dist): 39 56 2.303156995122886
list:
dist: 2.303156995122886 vs. 2.303156995122886
--------
nle(id0,id1,dist): 39 57 1.3667158930162833
list:
dist: 1.3667158930162833 vs. 1.3667158930162833
--------
nle(id0,id1,dist): 39 58 1.5298204958847945
list:
dist: 1.5298204958847945 vs. 1.5298204958847945
--------
nle(id0,id1,dist): 39 59 1.286303908521386
list:
dist: 1.286303908521386 vs. 1.286303908521386
--------
nle(id0,id1,dist): 38 57 1.9581135214875038
list:
dist: 1.9581135214875038 vs. 1.9581135214875038
--------
nle(id0,id1,dist): 38 58 2.368038453527813
list:
dist: 2.368038453527813 vs. 2.368038453527813
--------
nle(id0,id1,dist): 38 55 2.6484725848967625
list:
dist: 2.6484725848967625 vs. 2.6484725848967625
--------
nle(id0,id1,dist): 38 56 2.915861423072551
list:
dist: 2.915861423072551 vs. 2.915861423072551
--------
nle(id0,id1,dist): 38 53 1.6011283230142785
list:
dist: 1.6011283230142785 vs. 1.6011283230142785
--------
nle(id0,id1,dist): 38 51 1.8876766680921782
list:
dist: 1.8876766680921782 vs. 1.8876766680921782
--------
nle(id0,id1,dist): 38 52 2.860358077317003
list:
dist: 2.860358077317003 vs. 2.860358077317003
--------
nle(id0,id1,dist): 38 59 2.259661640653012
list:
dist: 2.259661640653012 vs. 2.259661640653012
--------
nle(id0,id1,dist): 39 45 2.401101610078079
list:
dist: 2.401101610078079 vs. 2.401101610078079
--------
nle(id0,id1,dist): 39 44 1.6706796141956513
list:
dist: 1.6706796141956513 vs. 1.6706796141956513
--------
nle(id0,id1,dist): 39 43 2.010854295164915
list:
dist: 2.010854295164915 vs. 2.010854295164915
--------
nle(id0,id1,dist): 39 42 1.8935537185064777
list:
dist: 1.8935537185064777 vs. 1.8935537185064777
--------
nle(id0,id1,dist): 39 40 2.267451281120218
list:
dist: 2.267451281120218 vs. 2.267451281120218
--------
nle(id0,id1,dist): 37 57 3.1786177970774747
list:
dist: 3.1786177970774747 vs. 3.1786177970774747
--------
nle(id0,id1,dist): 38 40 1.550032880724626
list:
dist: 1.550032880724626 vs. 1.550032880724626
--------
nle(id0,id1,dist): 38 39 1.0263323213160924
list:
dist: 1.0263323213160924 vs. 1.0263323213160924
--------
nle(id0,id1,dist): 38 42 1.2442823185603675
list:
dist: 1.2442823185603675 vs. 1.2442823185603675
--------
nle(id0,id1,dist): 38 48 1.57032536170426
list:
dist: 1.57032536170426 vs. 1.57032536170426
--------
nle(id0,id1,dist): 38 47 2.395404475208806
list:
dist: 2.395404475208806 vs. 2.395404475208806
--------
nle(id0,id1,dist): 38 50 1.3847778775861774
list:
dist: 1.3847778775861774 vs. 1.3847778775861774
--------
nle(id0,id1,dist): 38 49 1.1840190276120337
list:
dist: 1.1840190276120337 vs. 1.1840190276120337
--------
nle(id0,id1,dist): 38 44 1.5305313095191342
list:
dist: 1.5305313095191342 vs. 1.5305313095191342
--------
nle(id0,id1,dist): 38 43 1.9211467385292562
list:
dist: 1.9211467385292562 vs. 1.9211467385292562
--------
nle(id0,id1,dist): 38 46 0.6229312481923464
list:
dist: 0.6229312481923464 vs. 0.6229312481923464
--------
nle(id0,id1,dist): 38 45 2.1512052201469984
list:
dist: 2.1512052201469984 vs. 2.1512052201469984
--------
nle(id0,id1,dist): 23 29 3.2274144456093676
list:
dist: 3.2274144456093676 vs. 3.2274144456093676
--------
nle(id0,id1,dist): 23 26 2.6160953457451996
list:
dist: 2.6160953457451996 vs. 2.6160953457451996
--------
nle(id0,id1,dist): 23 27 2.187088445003372
list:
dist: 2.187088445003372 vs. 2.187088445003372
--------
nle(id0,id1,dist): 23 24 1.9465009814054255
list:
dist: 1.9465009814054255 vs. 1.9465009814054255
--------
nle(id0,id1,dist): 23 25 1.484823080049277
list:
dist: 1.484823080049277 vs. 1.484823080049277
--------
nle(id0,id1,dist): 21 26 1.808371270266935
list:
dist: 1.808371270266935 vs. 1.808371270266935
--------
nle(id0,id1,dist): 21 27 0.6873637640317921
list:
dist: 0.6873637640317921 vs. 0.6873637640317921
--------
nle(id0,id1,dist): 21 24 1.9428349377018497
list:
dist: 1.9428349377018497 vs. 1.9428349377018497
--------
nle(id0,id1,dist): 21 25 0.9556491994665063
list:
dist: 0.9556491994665063 vs. 0.9556491994665063
--------
nle(id0,id1,dist): 21 31 2.8132379991006498
list:
dist: 2.8132379991006498 vs. 2.8132379991006498
--------
nle(id0,id1,dist): 21 29 2.0143963382974293
list:
dist: 2.0143963382974293 vs. 2.0143963382974293
--------
nle(id0,id1,dist): 21 23 1.5123230065284636
list:
dist: 1.5123230065284636 vs. 1.5123230065284636
--------
nle(id0,id1,dist): 21 22 1.3374026706353257
list:
dist: 1.3374026706353257 vs. 1.3374026706353257
--------
nle(id0,id1,dist): 20 47 4.797130946373848
list:
dist: 4.797130946373848 vs. 4.797130946373848
--------
nle(id0,id1,dist): 22 27 1.4816384819071975
list:
dist: 1.4816384819071975 vs. 1.4816384819071975
--------
nle(id0,id1,dist): 22 29 1.4305907153109119
list:
dist: 1.4305907153109119 vs. 1.4305907153109119
--------
nle(id0,id1,dist): 22 23 1.9620143325211055
list:
dist: 1.9620143325211055 vs. 1.9620143325211055
--------
nle(id0,id1,dist): 22 24 0.9963346170923664
list:
dist: 0.9963346170923664 vs. 0.9963346170923664
--------
nle(id0,id1,dist): 22 25 0.6723436764191258
list:
dist: 0.6723436764191258 vs. 0.6723436764191258
--------
nle(id0,id1,dist): 22 26 1.093182368788097
list:
dist: 1.093182368788097 vs. 1.093182368788097
--------
nle(id0,id1,dist): 21 42 3.645218688658891
list:
dist: 3.645218688658891 vs. 3.645218688658891
--------
nle(id0,id1,dist): 21 47 3.7039032820036675
list:
dist: 3.7039032820036675 vs. 3.7039032820036675
--------
nle(id0,id1,dist): 19 47 4.563382502564111
list:
dist: 4.563382502564111 vs. 4.563382502564111
--------
nle(id0,id1,dist): 19 42 4.356920685651971
list:
dist: 4.356920685651971 vs. 4.356920685651971
--------
nle(id0,id1,dist): 19 24 1.9077587869068588
list:
dist: 1.9077587869068588 vs. 1.9077587869068588
--------
nle(id0,id1,dist): 19 25 1.1700328765700017
list:
dist: 1.1700328765700017 vs. 1.1700328765700017
--------
nle(id0,id1,dist): 19 22 1.392049588816727
list:
dist: 1.392049588816727 vs. 1.392049588816727
--------
nle(id0,id1,dist): 19 23 1.0541856369483875
list:
dist: 1.0541856369483875 vs. 1.0541856369483875
--------
nle(id0,id1,dist): 19 20 0.5548161568635542
list:
dist: 0.5548161568635542 vs. 0.5548161568635542
--------
nle(id0,id1,dist): 19 21 0.9181842630530989
list:
dist: 0.9181842630530989 vs. 0.9181842630530989
--------
nle(id0,id1,dist): 19 31 3.3875314869674154
list:
dist: 3.3875314869674154 vs. 3.3875314869674154
--------
nle(id0,id1,dist): 19 29 2.4473883103690315
list:
dist: 2.4473883103690315 vs. 2.4473883103690315
--------
nle(id0,id1,dist): 19 26 2.2721515038803273
list:
dist: 2.2721515038803273 vs. 2.2721515038803273
--------
nle(id0,id1,dist): 19 27 1.533545898454039
list:
dist: 1.533545898454039 vs. 1.533545898454039
--------
nle(id0,id1,dist): 20 29 2.965270464645949
list:
dist: 2.965270464645949 vs. 2.965270464645949
--------
nle(id0,id1,dist): 20 31 3.3856477125113416
list:
dist: 3.3856477125113416 vs. 3.3856477125113416
--------
nle(id0,id1,dist): 20 42 4.442362727384598
list:
dist: 4.442362727384598 vs. 4.442362727384598
--------
nle(id0,id1,dist): 20 25 1.6936913055968117
list:
dist: 1.6936913055968117 vs. 1.6936913055968117
--------
nle(id0,id1,dist): 20 26 2.8198216866641412
list:
dist: 2.8198216866641412 vs. 2.8198216866641412
--------
nle(id0,id1,dist): 20 27 1.9692055215369944
list:
dist: 1.9692055215369944 vs. 1.9692055215369944
--------
nle(id0,id1,dist): 20 21 1.342224719839462
list:
dist: 1.342224719839462 vs. 1.342224719839462
--------
nle(id0,id1,dist): 20 22 1.9297308852697088
list:
dist: 1.9297308852697088 vs. 1.9297308852697088
--------
nle(id0,id1,dist): 20 23 1.0384253758713562
list:
dist: 1.0384253758713562 vs. 1.0384253758713562
--------
nle(id0,id1,dist): 20 24 2.365857768265687
list:
dist: 2.365857768265687 vs. 2.365857768265687
--------
nle(id0,id1,dist): 18 22 2.851866408626777
list:
dist: 2.851866408626777 vs. 2.851866408626777
--------
nle(id0,id1,dist): 18 21 2.051715915944185
list:
dist: 2.051715915944185 vs. 2.051715915944185
--------
nle(id0,id1,dist): 18 20 1.253514928263807
list:
dist: 1.253514928263807 vs. 1.253514928263807
--------
nle(id0,id1,dist): 18 19 1.6157707216818102
list:
dist: 1.6157707216818102 vs. 1.6157707216818102
--------
nle(id0,id1,dist): 17 29 1.8206035551780588
list:
dist: 1.8206035551780588 vs. 1.8206035551780588
--------
nle(id0,id1,dist): 18 42 4.4359339745039295
list:
dist: 4.4359339745039295 vs. 4.4359339745039295
--------
nle(id0,id1,dist): 18 23 1.0153875802162662
list:
dist: 1.0153875802162662 vs. 1.0153875802162662
--------
nle(id0,id1,dist): 18 24 2.958011191481491
list:
dist: 2.958011191481491 vs. 2.958011191481491
--------
nle(id0,id1,dist): 18 25 2.382470364199768
list:
dist: 2.382470364199768 vs. 2.382470364199768
--------
nle(id0,id1,dist): 18 27 2.7051044672694147
list:
dist: 2.7051044672694147 vs. 2.7051044672694147
--------
nle(id0,id1,dist): 18 30 3.1572293083016127
list:
dist: 3.1572293083016127 vs. 3.1572293083016127
--------
nle(id0,id1,dist): 18 31 3.299870593826937
list:
dist: 3.299870593826937 vs. 3.299870593826937
--------
nle(id0,id1,dist): 18 37 4.182737405520058
list:
dist: 4.182737405520058 vs. 4.182737405520058
--------
nle(id0,id1,dist): 29 47 4.373781480221154
list:
dist: 4.373781480221154 vs. 4.373781480221154
--------
nle(id0,id1,dist): 29 42 4.599526942315833
list:
dist: 4.599526942315833 vs. 4.599526942315833
--------
nle(id0,id1,dist): 29 52 4.195632780663611
list:
dist: 4.195632780663611 vs. 4.195632780663611
--------
nle(id0,id1,dist): 30 42 1.9744281982298097
list:
dist: 1.9744281982298097 vs. 1.9744281982298097
--------
nle(id0,id1,dist): 30 40 2.319960951414062
list:
dist: 2.319960951414062 vs. 2.319960951414062
--------
nle(id0,id1,dist): 30 39 3.687112081822503
list:
dist: 3.687112081822503 vs. 3.687112081822503
--------
nle(id0,id1,dist): 30 38 2.821945871029044
list:
dist: 2.821945871029044 vs. 2.821945871029044
--------
nle(id0,id1,dist): 30 37 1.0442792191611923
list:
dist: 1.0442792191611923 vs. 1.0442792191611923
--------
nle(id0,id1,dist): 30 36 3.6921393907092264
list:
dist: 3.6921393907092264 vs. 3.6921393907092264
--------
nle(id0,id1,dist): 30 35 2.9684953970074774
list:
dist: 2.9684953970074774 vs. 2.9684953970074774
--------
nle(id0,id1,dist): 30 34 2.5015829815768504
list:
dist: 2.5015829815768504 vs. 2.5015829815768504
--------
nle(id0,id1,dist): 30 32 2.582292746776208
list:
dist: 2.582292746776208 vs. 2.582292746776208
--------
nle(id0,id1,dist): 30 31 1.1949745015642326
list:
dist: 1.1949745015642326 vs. 1.1949745015642326
--------
nle(id0,id1,dist): 30 57 3.748949352324231
list:
dist: 3.748949352324231 vs. 3.748949352324231
--------
nle(id0,id1,dist): 30 53 4.334635365860437
list:
dist: 4.334635365860437 vs. 4.334635365860437
--------
nle(id0,id1,dist): 30 51 3.923113473561346
list:
dist: 3.923113473561346 vs. 3.923113473561346
--------
nle(id0,id1,dist): 30 49 3.0001101969552466
list:
dist: 3.0001101969552466 vs. 3.0001101969552466
--------
nle(id0,id1,dist): 30 50 3.3198554294074945
list:
dist: 3.3198554294074945 vs. 3.3198554294074945
--------
nle(id0,id1,dist): 30 47 2.808984657312847
list:
dist: 2.808984657312847 vs. 2.808984657312847
--------
nle(id0,id1,dist): 30 48 3.6846307298906282
list:
dist: 3.6846307298906282 vs. 3.6846307298906282
--------
nle(id0,id1,dist): 30 46 3.0134048081519786
list:
dist: 3.0134048081519786 vs. 3.0134048081519786
--------
nle(id0,id1,dist): 30 43 3.4593814476312126
list:
dist: 3.4593814476312126 vs. 3.4593814476312126
--------
nle(id0,id1,dist): 30 44 2.9964859185321187
list:
dist: 2.9964859185321187 vs. 2.9964859185321187
--------
nle(id0,id1,dist): 27 42 3.3640162591995484
list:
dist: 3.3640162591995484 vs. 3.3640162591995484
--------
nle(id0,id1,dist): 27 47 3.340180721796413
list:
dist: 3.340180721796413 vs. 3.340180721796413
--------
nle(id0,id1,dist): 29 31 4.174687567384663
list:
dist: 4.174687567384663 vs. 4.174687567384663
--------
nle(id0,id1,dist): 26 27 1.6468707919692487
list:
dist: 1.6468707919692487 vs. 1.6468707919692487
--------
nle(id0,id1,dist): 26 29 1.3579007204572882
list:
dist: 1.3579007204572882 vs. 1.3579007204572882
--------
nle(id0,id1,dist): 27 31 2.7210001132470585
list:
dist: 2.7210001132470585 vs. 2.7210001132470585
--------
nle(id0,id1,dist): 27 29 1.5978023765634968
list:
dist: 1.5978023765634968 vs. 1.5978023765634968
--------
nle(id0,id1,dist): 24 25 0.9901217480155516
list:
dist: 0.9901217480155516 vs. 0.9901217480155516
--------
nle(id0,id1,dist): 24 26 1.2335909352325451
list:
dist: 1.2335909352325451 vs. 1.2335909352325451
--------
nle(id0,id1,dist): 24 27 2.2038496405640307
list:
dist: 2.2038496405640307 vs. 2.2038496405640307
--------
nle(id0,id1,dist): 24 29 2.2133698400525437
list:
dist: 2.2133698400525437 vs. 2.2133698400525437
--------
nle(id0,id1,dist): 25 26 1.1648288985328052
list:
dist: 1.1648288985328052 vs. 1.1648288985328052
--------
nle(id0,id1,dist): 25 27 1.273256763585108
list:
dist: 1.273256763585108 vs. 1.273256763585108
--------
nle(id0,id1,dist): 25 29 1.8474579212970756
list:
dist: 1.8474579212970756 vs. 1.8474579212970756
--------
nle(id0,id1,dist): 62 79 3.190030428778227
list:
dist: 3.190030428778227 vs. 3.190030428778227
--------
nle(id0,id1,dist): 62 80 3.060251353249077
list:
dist: 3.060251353249077 vs. 3.060251353249077
--------
nle(id0,id1,dist): 62 81 0.9619862086077516
list:
dist: 0.9619862086077516 vs. 0.9619862086077516
--------
nle(id0,id1,dist): 62 82 3.014550669790582
list:
dist: 3.014550669790582 vs. 3.014550669790582
--------
nle(id0,id1,dist): 62 75 3.5700610911948676
list:
dist: 3.5700610911948676 vs. 3.5700610911948676
--------
nle(id0,id1,dist): 62 76 2.6751474314501267
list:
dist: 2.6751474314501267 vs. 2.6751474314501267
--------
nle(id0,id1,dist): 62 77 2.7402107989947693
list:
dist: 2.7402107989947693 vs. 2.7402107989947693
--------
nle(id0,id1,dist): 62 78 4.643649885379538
list:
dist: 4.643649885379538 vs. 4.643649885379538
--------
nle(id0,id1,dist): 62 87 4.069498714741747
list:
dist: 4.069498714741747 vs. 4.069498714741747
--------
nle(id0,id1,dist): 62 90 4.846114903378778
list:
dist: 4.846114903378778 vs. 4.846114903378778
--------
nle(id0,id1,dist): 62 84 3.5915188680425403
list:
dist: 3.5915188680425403 vs. 3.5915188680425403
--------
nle(id0,id1,dist): 62 85 3.4541837388786076
list:
dist: 3.4541837388786076 vs. 3.4541837388786076
--------
nle(id0,id1,dist): 62 86 4.066996407688221
list:
dist: 4.066996407688221 vs. 4.066996407688221
--------
nle(id0,id1,dist): 62 64 0.4490179735781269
list:
dist: 0.4490179735781269 vs. 0.4490179735781269
--------
nle(id0,id1,dist): 62 63 1.8838174632770541
list:
dist: 1.8838174632770541 vs. 1.8838174632770541
--------
nle(id0,id1,dist): 61 100 3.9593154921430487
list:
dist: 3.9593154921430487 vs. 3.9593154921430487
--------
nle(id0,id1,dist): 62 66 1.3294497242321295
list:
dist: 1.3294497242321295 vs. 1.3294497242321295
--------
nle(id0,id1,dist): 62 65 1.493319040369034
list:
dist: 1.493319040369034 vs. 1.493319040369034
--------
nle(id0,id1,dist): 61 98 3.2759332860957926
list:
dist: 3.2759332860957926 vs. 3.2759332860957926
--------
nle(id0,id1,dist): 62 72 1.3391783711969272
list:
dist: 1.3391783711969272 vs. 1.3391783711969272
--------
nle(id0,id1,dist): 62 71 2.2822547095983254
list:
dist: 2.2822547095983254 vs. 2.2822547095983254
--------
nle(id0,id1,dist): 62 74 3.141065728321463
list:
dist: 3.141065728321463 vs. 3.141065728321463
--------
nle(id0,id1,dist): 62 73 2.2561166473585414
list:
dist: 2.2561166473585414 vs. 2.2561166473585414
--------
nle(id0,id1,dist): 62 68 2.3470789375212666
list:
dist: 2.3470789375212666 vs. 2.3470789375212666
--------
nle(id0,id1,dist): 62 67 2.1914682046913647
list:
dist: 2.1914682046913647 vs. 2.1914682046913647
--------
nle(id0,id1,dist): 62 70 1.257626410578173
list:
dist: 1.257626410578173 vs. 1.257626410578173
--------
nle(id0,id1,dist): 62 69 3.393143165135162
list:
dist: 3.393143165135162 vs. 3.393143165135162
--------
nle(id0,id1,dist): 61 81 1.3084059733421725
list:
dist: 1.3084059733421725 vs. 1.3084059733421725
--------
nle(id0,id1,dist): 61 94 3.4959789228284204
list:
dist: 3.4959789228284204 vs. 3.4959789228284204
--------
nle(id0,id1,dist): 61 92 2.794165482609367
list:
dist: 2.794165482609367 vs. 2.794165482609367
--------
nle(id0,id1,dist): 61 90 3.9759021548838263
list:
dist: 3.9759021548838263 vs. 3.9759021548838263
--------
nle(id0,id1,dist): 61 71 3.002203797850112
list:
dist: 3.002203797850112 vs. 3.002203797850112
--------
nle(id0,id1,dist): 61 70 1.264426061470685
list:
dist: 1.264426061470685 vs. 1.264426061470685
--------
nle(id0,id1,dist): 61 68 1.9630860254028684
list:
dist: 1.9630860254028684 vs. 1.9630860254028684
--------
nle(id0,id1,dist): 61 67 2.4989510447506373
list:
dist: 2.4989510447506373 vs. 2.4989510447506373
--------
nle(id0,id1,dist): 61 66 1.7904271462405477
list:
dist: 1.7904271462405477 vs. 1.7904271462405477
--------
nle(id0,id1,dist): 61 65 1.3634235275496869
list:
dist: 1.3634235275496869 vs. 1.3634235275496869
--------
nle(id0,id1,dist): 61 64 0.6578152094927358
list:
dist: 0.6578152094927358 vs. 0.6578152094927358
--------
nle(id0,id1,dist): 61 72 1.8253681632747378
list:
dist: 1.8253681632747378 vs. 1.8253681632747378
--------
nle(id0,id1,dist): 64 65 1.1123008861485142
list:
dist: 1.1123008861485142 vs. 1.1123008861485142
--------
nle(id0,id1,dist): 64 66 1.376013421500814
list:
dist: 1.376013421500814 vs. 1.376013421500814
--------
nle(id0,id1,dist): 64 67 1.9949817846684545
list:
dist: 1.9949817846684545 vs. 1.9949817846684545
--------
nle(id0,id1,dist): 64 68 2.0200586690268385
list:
dist: 2.0200586690268385 vs. 2.0200586690268385
--------
nle(id0,id1,dist): 64 69 3.107453285137907
list:
dist: 3.107453285137907 vs. 3.107453285137907
--------
nle(id0,id1,dist): 64 70 1.121831716216733
list:
dist: 1.121831716216733 vs. 1.121831716216733
--------
nle(id0,id1,dist): 64 71 2.349397405202154
list:
dist: 2.349397405202154 vs. 2.349397405202154
--------
nle(id0,id1,dist): 64 72 1.211547154071681
list:
dist: 1.211547154071681 vs. 1.211547154071681
--------
nle(id0,id1,dist): 64 73 1.9720080344503417
list:
dist: 1.9720080344503417 vs. 1.9720080344503417
--------
nle(id0,id1,dist): 64 74 2.8337686799696358
list:
dist: 2.8337686799696358 vs. 2.8337686799696358
--------
nle(id0,id1,dist): 64 75 3.2823528998581444
list:
dist: 3.2823528998581444 vs. 3.2823528998581444
--------
nle(id0,id1,dist): 64 76 2.340333421395513
list:
dist: 2.340333421395513 vs. 2.340333421395513
--------
nle(id0,id1,dist): 64 77 2.326081820374602
list:
dist: 2.326081820374602 vs. 2.326081820374602
--------
nle(id0,id1,dist): 64 78 4.354789136097727
list:
dist: 4.354789136097727 vs. 4.354789136097727
--------
nle(id0,id1,dist): 64 79 2.9992889795488096
list:
dist: 2.9992889795488096 vs. 2.9992889795488096
--------
nle(id0,id1,dist): 64 80 2.7651400546357086
list:
dist: 2.7651400546357086 vs. 2.7651400546357086
--------
nle(id0,id1,dist): 63 87 2.5568886425448976
list:
dist: 2.5568886425448976 vs. 2.5568886425448976
--------
nle(id0,id1,dist): 63 86 2.9132995329618248
list:
dist: 2.9132995329618248 vs. 2.9132995329618248
--------
nle(id0,id1,dist): 63 88 2.8016825955134905
list:
dist: 2.8016825955134905 vs. 2.8016825955134905
--------
nle(id0,id1,dist): 63 92 3.5659876211187633
list:
dist: 3.5659876211187633 vs. 3.5659876211187633
--------
nle(id0,id1,dist): 63 98 3.6071972523101294
list:
dist: 3.6071972523101294 vs. 3.6071972523101294
--------
nle(id0,id1,dist): 63 72 1.4397607949367226
list:
dist: 1.4397607949367226 vs. 1.4397607949367226
--------
nle(id0,id1,dist): 63 73 1.95474043665843
list:
dist: 1.95474043665843 vs. 1.95474043665843
--------
nle(id0,id1,dist): 63 70 2.3713501141330102
list:
dist: 2.3713501141330102 vs. 2.3713501141330102
--------
nle(id0,id1,dist): 63 71 2.4637769271685785
list:
dist: 2.4637769271685785 vs. 2.4637769271685785
--------
nle(id0,id1,dist): 63 76 2.259216425369722
list:
dist: 2.259216425369722 vs. 2.259216425369722
--------
nle(id0,id1,dist): 63 77 1.8826225136363166
list:
dist: 1.8826225136363166 vs. 1.8826225136363166
--------
nle(id0,id1,dist): 63 74 1.7806000889306957
list:
dist: 1.7806000889306957 vs. 1.7806000889306957
--------
nle(id0,id1,dist): 63 75 2.139437851645289
list:
dist: 2.139437851645289 vs. 2.139437851645289
--------
nle(id0,id1,dist): 63 80 2.5049416101626703
list:
dist: 2.5049416101626703 vs. 2.5049416101626703
--------
nle(id0,id1,dist): 63 81 1.563433962271109
list:
dist: 1.563433962271109 vs. 1.563433962271109
--------
nle(id0,id1,dist): 63 78 2.9733836507213867
list:
dist: 2.9733836507213867 vs. 2.9733836507213867
--------
nle(id0,id1,dist): 63 79 1.9706898270786912
list:
dist: 1.9706898270786912 vs. 1.9706898270786912
--------
nle(id0,id1,dist): 63 84 2.3822920162590018
list:
dist: 2.3822920162590018 vs. 2.3822920162590018
--------
nle(id0,id1,dist): 63 85 2.9465523368952637
list:
dist: 2.9465523368952637 vs. 2.9465523368952637
--------
nle(id0,id1,dist): 63 82 2.6745073177676164
list:
dist: 2.6745073177676164 vs. 2.6745073177676164
--------
nle(id0,id1,dist): 62 94 4.399385427286797
list:
dist: 4.399385427286797 vs. 4.399385427286797
--------
nle(id0,id1,dist): 62 92 3.6987762428365496
list:
dist: 3.6987762428365496 vs. 3.6987762428365496
--------
nle(id0,id1,dist): 62 98 4.138635346987296
list:
dist: 4.138635346987296 vs. 4.138635346987296
--------
nle(id0,id1,dist): 63 65 1.5003749946926792
list:
dist: 1.5003749946926792 vs. 1.5003749946926792
--------
nle(id0,id1,dist): 63 64 1.5717204559176658
list:
dist: 1.5717204559176658 vs. 1.5717204559176658
--------
nle(id0,id1,dist): 62 100 4.857985511931779
list:
dist: 4.857985511931779 vs. 4.857985511931779
--------
nle(id0,id1,dist): 63 69 1.6686593662779146
list:
dist: 1.6686593662779146 vs. 1.6686593662779146
--------
nle(id0,id1,dist): 63 68 1.0809984081970705
list:
dist: 1.0809984081970705 vs. 1.0809984081970705
--------
nle(id0,id1,dist): 63 67 0.9766658617549473
list:
dist: 0.9766658617549473 vs. 0.9766658617549473
--------
nle(id0,id1,dist): 63 66 1.377872665911085
list:
dist: 1.377872665911085 vs. 1.377872665911085
--------
nle(id0,id1,dist): 58 59 0.5559238626533615
list:
dist: 0.5559238626533615 vs. 0.5559238626533615
--------
nle(id0,id1,dist): 60 94 3.6841992772098116
list:
dist: 3.6841992772098116 vs. 3.6841992772098116
--------
nle(id0,id1,dist): 60 98 3.510014900553727
list:
dist: 3.510014900553727 vs. 3.510014900553727
--------
nle(id0,id1,dist): 61 63 1.8630215719675307
list:
dist: 1.8630215719675307 vs. 1.8630215719675307
--------
nle(id0,id1,dist): 60 100 4.069479016051599
list:
dist: 4.069479016051599 vs. 4.069479016051599
--------
nle(id0,id1,dist): 61 62 0.9072128255110113
list:
dist: 0.9072128255110113 vs. 0.9072128255110113
--------
nle(id0,id1,dist): 60 86 3.484375537971486
list:
dist: 3.484375537971486 vs. 3.484375537971486
--------
nle(id0,id1,dist): 60 85 2.888273878978578
list:
dist: 2.888273878978578 vs. 2.888273878978578
--------
nle(id0,id1,dist): 60 87 3.732041323832043
list:
dist: 3.732041323832043 vs. 3.732041323832043
--------
nle(id0,id1,dist): 60 90 3.977998428224904
list:
dist: 3.977998428224904 vs. 3.977998428224904
--------
nle(id0,id1,dist): 60 92 2.9896187184703593
list:
dist: 2.9896187184703593 vs. 2.9896187184703593
--------
nle(id0,id1,dist): 60 77 1.9222955269008897
list:
dist: 1.9222955269008897 vs. 1.9222955269008897
--------
nle(id0,id1,dist): 60 78 4.353149896048232
list:
dist: 4.353149896048232 vs. 4.353149896048232
--------
nle(id0,id1,dist): 60 79 3.1209073182452354
list:
dist: 3.1209073182452354 vs. 3.1209073182452354
--------
nle(id0,id1,dist): 60 80 2.460285539703918
list:
dist: 2.460285539703918 vs. 2.460285539703918
--------
nle(id0,id1,dist): 60 81 0.8233934718070991
list:
dist: 0.8233934718070991 vs. 0.8233934718070991
--------
nle(id0,id1,dist): 60 82 2.6029656466577173
list:
dist: 2.6029656466577173 vs. 2.6029656466577173
--------
nle(id0,id1,dist): 60 84 3.672739442362039
list:
dist: 3.672739442362039 vs. 3.672739442362039
--------
nle(id0,id1,dist): 60 69 3.1726963518858082
list:
dist: 3.1726963518858082 vs. 3.1726963518858082
--------
nle(id0,id1,dist): 60 70 0.7721751897847218
list:
dist: 0.7721751897847218 vs. 0.7721751897847218
--------
nle(id0,id1,dist): 60 71 2.6207110421974216
list:
dist: 2.6207110421974216 vs. 2.6207110421974216
--------
nle(id0,id1,dist): 60 72 1.4038809479102854
list:
dist: 1.4038809479102854 vs. 1.4038809479102854
--------
nle(id0,id1,dist): 60 73 1.708930363442745
list:
dist: 1.708930363442745 vs. 1.708930363442745
--------
nle(id0,id1,dist): 60 74 2.7578992129130278
list:
dist: 2.7578992129130278 vs. 2.7578992129130278
--------
nle(id0,id1,dist): 60 75 3.2407394346020815
list:
dist: 3.2407394346020815 vs. 3.2407394346020815
--------
nle(id0,id1,dist): 60 76 1.9426960851116042
list:
dist: 1.9426960851116042 vs. 1.9426960851116042
--------
nle(id0,id1,dist): 60 64 0.6289803139837444
list:
dist: 0.6289803139837444 vs. 0.6289803139837444
--------
nle(id0,id1,dist): 60 63 1.7368651827568733
list:
dist: 1.7368651827568733 vs. 1.7368651827568733
--------
nle(id0,id1,dist): 60 62 0.9993580152370811
list:
dist: 0.9993580152370811 vs. 0.9993580152370811
--------
nle(id0,id1,dist): 60 61 0.6753573944954738
list:
dist: 0.6753573944954738 vs. 0.6753573944954738
--------
nle(id0,id1,dist): 60 68 2.1153439161448055
list:
dist: 2.1153439161448055 vs. 2.1153439161448055
--------
nle(id0,id1,dist): 60 67 2.2154909467063844
list:
dist: 2.2154909467063844 vs. 2.2154909467063844
--------
nle(id0,id1,dist): 60 66 1.9446426457079202
list:
dist: 1.9446426457079202 vs. 1.9446426457079202
--------
nle(id0,id1,dist): 60 65 0.743394055336942
list:
dist: 0.743394055336942 vs. 0.743394055336942
--------
nle(id0,id1,dist): 68 99 3.6265592643264446
list:
dist: 3.6265592643264446 vs. 3.6265592643264446
--------
nle(id0,id1,dist): 68 98 2.7295217685455766
list:
dist: 2.7295217685455766 vs. 2.7295217685455766
--------
nle(id0,id1,dist): 68 97 2.9578258866928477
list:
dist: 2.9578258866928477 vs. 2.9578258866928477
--------
nle(id0,id1,dist): 68 96 2.2370379068309187
list:
dist: 2.2370379068309187 vs. 2.2370379068309187
--------
nle(id0,id1,dist): 68 95 3.2752727143334828
list:
dist: 3.2752727143334828 vs. 3.2752727143334828
--------
nle(id0,id1,dist): 68 93 2.50438682444768
list:
dist: 2.50438682444768 vs. 2.50438682444768
--------
nle(id0,id1,dist): 69 71 2.8384495776634506
list:
dist: 2.8384495776634506 vs. 2.8384495776634506
--------
nle(id0,id1,dist): 68 108 2.9399627657359386
list:
dist: 2.9399627657359386 vs. 2.9399627657359386
--------
nle(id0,id1,dist): 69 70 3.6406372428501466
list:
dist: 3.6406372428501466 vs. 3.6406372428501466
--------
nle(id0,id1,dist): 68 107 3.272291649452759
list:
dist: 3.272291649452759 vs. 3.272291649452759
--------
nle(id0,id1,dist): 68 105 3.371407033545762
list:
dist: 3.371407033545762 vs. 3.371407033545762
--------
nle(id0,id1,dist): 69 78 1.3187331076642153
list:
dist: 1.3187331076642153 vs. 1.3187331076642153
--------
nle(id0,id1,dist): 68 116 4.484101660409831
list:
dist: 4.484101660409831 vs. 4.484101660409831
--------
nle(id0,id1,dist): 69 79 1.1029690134659453
list:
dist: 1.1029690134659453 vs. 1.1029690134659453
--------
nle(id0,id1,dist): 68 113 4.490788297103568
list:
dist: 4.490788297103568 vs. 4.490788297103568
--------
nle(id0,id1,dist): 69 76 2.5995922723346743
list:
dist: 2.5995922723346743 vs. 2.5995922723346743
--------
nle(id0,id1,dist): 68 114 4.016502833291387
list:
dist: 4.016502833291387 vs. 4.016502833291387
--------
nle(id0,id1,dist): 69 77 2.2616000794982583
list:
dist: 2.2616000794982583 vs. 2.2616000794982583
--------
nle(id0,id1,dist): 68 111 4.251117197750028
list:
dist: 4.251117197750028 vs. 4.251117197750028
--------
nle(id0,id1,dist): 69 74 1.0179338296400984
list:
dist: 1.0179338296400984 vs. 1.0179338296400984
--------
nle(id0,id1,dist): 69 75 0.9311162003674549
list:
dist: 0.9311162003674549 vs. 0.9311162003674549
--------
nle(id0,id1,dist): 69 72 2.3986615602704746
list:
dist: 2.3986615602704746 vs. 2.3986615602704746
--------
nle(id0,id1,dist): 68 110 4.133766912643164
list:
dist: 4.133766912643164 vs. 4.133766912643164
--------
nle(id0,id1,dist): 69 73 2.4101175949280202
list:
dist: 2.4101175949280202 vs. 2.4101175949280202
--------
nle(id0,id1,dist): 69 86 2.0813496024291926
list:
dist: 2.0813496024291926 vs. 2.0813496024291926
--------
nle(id0,id1,dist): 69 87 1.0957870929658617
list:
dist: 1.0957870929658617 vs. 1.0957870929658617
--------
nle(id0,id1,dist): 69 84 1.4036391499524055
list:
dist: 1.4036391499524055 vs. 1.4036391499524055
--------
nle(id0,id1,dist): 69 85 2.7492927364382242
list:
dist: 2.7492927364382242 vs. 2.7492927364382242
--------
nle(id0,id1,dist): 68 119 4.486004214728645
list:
dist: 4.486004214728645 vs. 4.486004214728645
--------
nle(id0,id1,dist): 69 82 2.63146349747708
list:
dist: 2.63146349747708 vs. 2.63146349747708
--------
nle(id0,id1,dist): 69 83 2.1726562734037054
list:
dist: 2.1726562734037054 vs. 2.1726562734037054
--------
nle(id0,id1,dist): 69 80 2.468543883609932
list:
dist: 2.468543883609932 vs. 2.468543883609932
--------
nle(id0,id1,dist): 69 81 2.789398020305623
list:
dist: 2.789398020305623 vs. 2.789398020305623
--------
nle(id0,id1,dist): 67 98 4.548789063412991
list:
dist: 4.548789063412991 vs. 4.548789063412991
--------
nle(id0,id1,dist): 68 74 2.6149797397113614
list:
dist: 2.6149797397113614 vs. 2.6149797397113614
--------
nle(id0,id1,dist): 68 73 2.800933427610712
list:
dist: 2.800933427610712 vs. 2.800933427610712
--------
nle(id0,id1,dist): 68 76 2.9511843201686605
list:
dist: 2.9511843201686605 vs. 2.9511843201686605
--------
nle(id0,id1,dist): 68 75 2.9427342071032676
list:
dist: 2.9427342071032676 vs. 2.9427342071032676
--------
nle(id0,id1,dist): 68 70 2.876814802669719
list:
dist: 2.876814802669719 vs. 2.876814802669719
--------
nle(id0,id1,dist): 68 69 2.318955250667889
list:
dist: 2.318955250667889 vs. 2.318955250667889
--------
nle(id0,id1,dist): 68 72 2.4026018815850296
list:
dist: 2.4026018815850296 vs. 2.4026018815850296
--------
nle(id0,id1,dist): 68 81 2.324238938920662
list:
dist: 2.324238938920662 vs. 2.324238938920662
--------
nle(id0,id1,dist): 68 84 3.2852117870581714
list:
dist: 3.2852117870581714 vs. 3.2852117870581714
--------
nle(id0,id1,dist): 68 77 2.339908661090436
list:
dist: 2.339908661090436 vs. 2.339908661090436
--------
nle(id0,id1,dist): 68 78 3.5397883799368763
list:
dist: 3.5397883799368763 vs. 3.5397883799368763
--------
nle(id0,id1,dist): 68 79 2.9372324925912956
list:
dist: 2.9372324925912956 vs. 2.9372324925912956
--------
nle(id0,id1,dist): 68 80 3.3138680907381315
list:
dist: 3.3138680907381315 vs. 3.3138680907381315
--------
nle(id0,id1,dist): 68 92 2.8909582719696907
list:
dist: 2.8909582719696907 vs. 2.8909582719696907
--------
nle(id0,id1,dist): 68 85 3.778307652528311
list:
dist: 3.778307652528311 vs. 3.778307652528311
--------
nle(id0,id1,dist): 68 86 3.6099326331114234
list:
dist: 3.6099326331114234 vs. 3.6099326331114234
--------
nle(id0,id1,dist): 68 87 3.2737615163202847
list:
dist: 3.2737615163202847 vs. 3.2737615163202847
--------
nle(id0,id1,dist): 68 88 3.3113392790262557
list:
dist: 3.3113392790262557 vs. 3.3113392790262557
--------
nle(id0,id1,dist): 70 86 3.626045711309128
list:
dist: 3.626045711309128 vs. 3.626045711309128
--------
nle(id0,id1,dist): 70 85 2.766419361252529
list:
dist: 2.766419361252529 vs. 2.766419361252529
--------
nle(id0,id1,dist): 70 84 3.9635988368640764
list:
dist: 3.9635988368640764 vs. 3.9635988368640764
--------
nle(id0,id1,dist): 70 90 4.265956373401444
list:
dist: 4.265956373401444 vs. 4.265956373401444
--------
nle(id0,id1,dist): 70 87 4.041458584285552
list:
dist: 4.041458584285552 vs. 4.041458584285552
--------
nle(id0,id1,dist): 70 94 4.044377552890005
list:
dist: 4.044377552890005 vs. 4.044377552890005
--------
nle(id0,id1,dist): 70 92 3.456294052593626
list:
dist: 3.456294052593626 vs. 3.456294052593626
--------
nle(id0,id1,dist): 70 98 4.105213143665318
list:
dist: 4.105213143665318 vs. 4.105213143665318
--------
nle(id0,id1,dist): 70 100 4.427649668667241
list:
dist: 4.427649668667241 vs. 4.427649668667241
--------
nle(id0,id1,dist): 71 72 1.2879394315413415
list:
dist: 1.2879394315413415 vs. 1.2879394315413415
--------
nle(id0,id1,dist): 71 73 2.024436698038585
list:
dist: 2.024436698038585 vs. 2.024436698038585
--------
nle(id0,id1,dist): 71 76 2.6246878558065307
list:
dist: 2.6246878558065307 vs. 2.6246878558065307
--------
nle(id0,id1,dist): 71 77 3.066532432799654
list:
dist: 3.066532432799654 vs. 3.066532432799654
--------
nle(id0,id1,dist): 71 74 2.439227014488128
list:
dist: 2.439227014488128 vs. 2.439227014488128
--------
nle(id0,id1,dist): 71 75 2.648064561661385
list:
dist: 2.648064561661385 vs. 2.648064561661385
--------
nle(id0,id1,dist): 69 89 2.2049064120071127
list:
dist: 2.2049064120071127 vs. 2.2049064120071127
--------
nle(id0,id1,dist): 69 88 1.1999680127315415
list:
dist: 1.1999680127315415 vs. 1.1999680127315415
--------
nle(id0,id1,dist): 70 71 2.540975840787463
list:
dist: 2.540975840787463 vs. 2.540975840787463
--------
nle(id0,id1,dist): 70 72 1.5589063151447953
list:
dist: 1.5589063151447953 vs. 1.5589063151447953
--------
nle(id0,id1,dist): 70 73 1.6963074920974297
list:
dist: 1.6963074920974297 vs. 1.6963074920974297
--------
nle(id0,id1,dist): 70 74 3.0607141856904185
list:
dist: 3.0607141856904185 vs. 3.0607141856904185
--------
nle(id0,id1,dist): 70 75 3.5386275106272946
list:
dist: 3.5386275106272946 vs. 3.5386275106272946
--------
nle(id0,id1,dist): 70 76 1.9363274364132856
list:
dist: 1.9363274364132856 vs. 1.9363274364132856
--------
nle(id0,id1,dist): 70 77 2.21678990472383
list:
dist: 2.21678990472383 vs. 2.21678990472383
--------
nle(id0,id1,dist): 70 78 4.735674074538875
list:
dist: 4.735674074538875 vs. 4.735674074538875
--------
nle(id0,id1,dist): 70 79 3.390721188951108
list:
dist: 3.390721188951108 vs. 3.390721188951108
--------
nle(id0,id1,dist): 70 80 2.4165701609842065
list:
dist: 2.4165701609842065 vs. 2.4165701609842065
--------
nle(id0,id1,dist): 70 81 0.9830718348753225
list:
dist: 0.9830718348753225 vs. 0.9830718348753225
--------
nle(id0,id1,dist): 70 82 2.4482088788790506
list:
dist: 2.4482088788790506 vs. 2.4482088788790506
--------
nle(id0,id1,dist): 65 90 4.071925723112761
list:
dist: 4.071925723112761 vs. 4.071925723112761
--------
nle(id0,id1,dist): 65 86 2.7444342753312356
list:
dist: 2.7444342753312356 vs. 2.7444342753312356
--------
nle(id0,id1,dist): 65 87 3.0611239286256327
list:
dist: 3.0611239286256327 vs. 3.0611239286256327
--------
nle(id0,id1,dist): 65 84 3.1714309009250994
list:
dist: 3.1714309009250994 vs. 3.1714309009250994
--------
nle(id0,id1,dist): 65 85 2.1868255439829656
list:
dist: 2.1868255439829656 vs. 2.1868255439829656
--------
nle(id0,id1,dist): 65 82 1.9398875875114925
list:
dist: 1.9398875875114925 vs. 1.9398875875114925
--------
nle(id0,id1,dist): 65 80 1.7414621127093657
list:
dist: 1.7414621127093657 vs. 1.7414621127093657
--------
nle(id0,id1,dist): 65 81 0.7422145459017453
list:
dist: 0.7422145459017453 vs. 0.7422145459017453
--------
nle(id0,id1,dist): 65 78 3.724407470781605
list:
dist: 3.724407470781605 vs. 3.724407470781605
--------
nle(id0,id1,dist): 65 79 2.5497006377529665
list:
dist: 2.5497006377529665 vs. 2.5497006377529665
--------
nle(id0,id1,dist): 65 76 1.249126039236097
list:
dist: 1.249126039236097 vs. 1.249126039236097
--------
nle(id0,id1,dist): 65 77 1.2817355771192134
list:
dist: 1.2817355771192134 vs. 1.2817355771192134
--------
nle(id0,id1,dist): 66 70 2.4368247500187623
list:
dist: 2.4368247500187623 vs. 2.4368247500187623
--------
nle(id0,id1,dist): 66 69 2.7283743088162256
list:
dist: 2.7283743088162256 vs. 2.7283743088162256
--------
nle(id0,id1,dist): 66 68 1.8723877900220558
list:
dist: 1.8723877900220558 vs. 1.8723877900220558
--------
nle(id0,id1,dist): 66 67 1.5947090618517565
list:
dist: 1.5947090618517565 vs. 1.5947090618517565
--------
nle(id0,id1,dist): 65 100 4.246021656124435
list:
dist: 4.246021656124435 vs. 4.246021656124435
--------
nle(id0,id1,dist): 65 98 3.686610175182845
list:
dist: 3.686610175182845 vs. 3.686610175182845
--------
nle(id0,id1,dist): 65 94 3.965279538662299
list:
dist: 3.965279538662299 vs. 3.965279538662299
--------
nle(id0,id1,dist): 65 92 3.2457609768804057
list:
dist: 3.2457609768804057 vs. 3.2457609768804057
--------
nle(id0,id1,dist): 64 94 4.093900276373472
list:
dist: 4.093900276373472 vs. 4.093900276373472
--------
nle(id0,id1,dist): 64 90 4.48655789262719
list:
dist: 4.48655789262719 vs. 4.48655789262719
--------
nle(id0,id1,dist): 64 92 3.365928670920768
list:
dist: 3.365928670920768 vs. 3.365928670920768
--------
nle(id0,id1,dist): 64 85 3.186070974500406
list:
dist: 3.186070974500406 vs. 3.186070974500406
--------
nle(id0,id1,dist): 64 86 3.733528523813018
list:
dist: 3.733528523813018 vs. 3.733528523813018
--------
nle(id0,id1,dist): 64 87 3.7778491746034875
list:
dist: 3.7778491746034875 vs. 3.7778491746034875
--------
nle(id0,id1,dist): 64 81 0.7544957011212663
list:
dist: 0.7544957011212663 vs. 0.7544957011212663
--------
nle(id0,id1,dist): 64 82 2.8029316763541554
list:
dist: 2.8029316763541554 vs. 2.8029316763541554
--------
nle(id0,id1,dist): 64 84 3.4569470929796577
list:
dist: 3.4569470929796577 vs. 3.4569470929796577
--------
nle(id0,id1,dist): 65 73 1.0112222259869963
list:
dist: 1.0112222259869963 vs. 1.0112222259869963
--------
nle(id0,id1,dist): 65 72 1.1137245664607023
list:
dist: 1.1137245664607023 vs. 1.1137245664607023
--------
nle(id0,id1,dist): 65 75 2.5711176436874896
list:
dist: 2.5711176436874896 vs. 2.5711176436874896
--------
nle(id0,id1,dist): 65 74 2.079808485140558
list:
dist: 2.079808485140558 vs. 2.079808485140558
--------
nle(id0,id1,dist): 65 69 2.6320783368853533
list:
dist: 2.6320783368853533 vs. 2.6320783368853533
--------
nle(id0,id1,dist): 65 68 2.118669167830709
list:
dist: 2.118669167830709 vs. 2.118669167830709
--------
nle(id0,id1,dist): 65 71 2.3357087549162125
list:
dist: 2.3357087549162125 vs. 2.3357087549162125
--------
nle(id0,id1,dist): 65 70 1.0714314579291158
list:
dist: 1.0714314579291158 vs. 1.0714314579291158
--------
nle(id0,id1,dist): 65 67 1.8063612724209297
list:
dist: 1.8063612724209297 vs. 1.8063612724209297
--------
nle(id0,id1,dist): 65 66 2.1133224930202235
list:
dist: 2.1133224930202235 vs. 2.1133224930202235
--------
nle(id0,id1,dist): 64 98 3.7891796374401374
list:
dist: 3.7891796374401374 vs. 3.7891796374401374
--------
nle(id0,id1,dist): 64 100 4.51733773809575
list:
dist: 4.51733773809575 vs. 4.51733773809575
--------
nle(id0,id1,dist): 67 76 2.2306689151209134
list:
dist: 2.2306689151209134 vs. 2.2306689151209134
--------
nle(id0,id1,dist): 67 77 2.1425841203162226
list:
dist: 2.1425841203162226 vs. 2.1425841203162226
--------
nle(id0,id1,dist): 67 74 1.347629525270178
list:
dist: 1.347629525270178 vs. 1.347629525270178
--------
nle(id0,id1,dist): 67 75 1.6064754095211846
list:
dist: 1.6064754095211846 vs. 1.6064754095211846
--------
nle(id0,id1,dist): 67 80 2.233148028256163
list:
dist: 2.233148028256163 vs. 2.233148028256163
--------
nle(id0,id1,dist): 67 81 1.6636867665041186
list:
dist: 1.6636867665041186 vs. 1.6636867665041186
--------
nle(id0,id1,dist): 67 78 2.5299131102203525
list:
dist: 2.5299131102203525 vs. 2.5299131102203525
--------
nle(id0,id1,dist): 67 79 1.1077387925031306
list:
dist: 1.1077387925031306 vs. 1.1077387925031306
--------
nle(id0,id1,dist): 67 68 2.024090099950785
list:
dist: 2.024090099950785 vs. 2.024090099950785
--------
nle(id0,id1,dist): 67 69 1.3247958103706958
list:
dist: 1.3247958103706958 vs. 1.3247958103706958
--------
nle(id0,id1,dist): 67 72 1.1903446418977237
list:
dist: 1.1903446418977237 vs. 1.1903446418977237
--------
nle(id0,id1,dist): 67 73 1.7832358329459341
list:
dist: 1.7832358329459341 vs. 1.7832358329459341
--------
nle(id0,id1,dist): 67 70 2.622486892846398
list:
dist: 2.622486892846398 vs. 2.622486892846398
--------
nle(id0,id1,dist): 67 71 1.7337874769435369
list:
dist: 1.7337874769435369 vs. 1.7337874769435369
--------
nle(id0,id1,dist): 67 92 4.467081272194797
list:
dist: 4.467081272194797 vs. 4.467081272194797
--------
nle(id0,id1,dist): 67 85 2.5835834291277155
list:
dist: 2.5835834291277155 vs. 2.5835834291277155
--------
nle(id0,id1,dist): 67 84 1.5041487273978573
list:
dist: 1.5041487273978573 vs. 1.5041487273978573
--------
nle(id0,id1,dist): 67 82 2.199051610011556
list:
dist: 2.199051610011556 vs. 2.199051610011556
--------
nle(id0,id1,dist): 67 88 2.368701299692227
list:
dist: 2.368701299692227 vs. 2.368701299692227
--------
nle(id0,id1,dist): 67 87 2.0493720971485097
list:
dist: 2.0493720971485097 vs. 2.0493720971485097
--------
nle(id0,id1,dist): 67 86 2.5806499401616128
list:
dist: 2.5806499401616128 vs. 2.5806499401616128
--------
nle(id0,id1,dist): 66 79 2.6515390889201003
list:
dist: 2.6515390889201003 vs. 2.6515390889201003
--------
nle(id0,id1,dist): 66 80 3.3995182008299603
list:
dist: 3.3995182008299603 vs. 3.3995182008299603
--------
nle(id0,id1,dist): 66 81 1.663748685270983
list:
dist: 1.663748685270983 vs. 1.663748685270983
--------
nle(id0,id1,dist): 66 82 3.3431964006869848
list:
dist: 3.3431964006869848 vs. 3.3431964006869848
--------
nle(id0,id1,dist): 66 84 2.837155777920364
list:
dist: 2.837155777920364 vs. 2.837155777920364
--------
nle(id0,id1,dist): 66 85 3.8001798788274983
list:
dist: 3.8001798788274983 vs. 3.8001798788274983
--------
nle(id0,id1,dist): 66 86 4.051921195687729
list:
dist: 4.051921195687729 vs. 4.051921195687729
--------
nle(id0,id1,dist): 66 71 2.238017984617471
list:
dist: 2.238017984617471 vs. 2.238017984617471
--------
nle(id0,id1,dist): 66 72 1.555754887274705
list:
dist: 1.555754887274705 vs. 1.555754887274705
--------
nle(id0,id1,dist): 66 73 2.6868172537275417
list:
dist: 2.6868172537275417 vs. 2.6868172537275417
--------
nle(id0,id1,dist): 66 74 2.8726399089422503
list:
dist: 2.8726399089422503 vs. 2.8726399089422503
--------
nle(id0,id1,dist): 66 75 3.18514828889503
list:
dist: 3.18514828889503 vs. 3.18514828889503
--------
nle(id0,id1,dist): 66 76 3.160250603446029
list:
dist: 3.160250603446029 vs. 3.160250603446029
--------
nle(id0,id1,dist): 66 77 3.037258190807279
list:
dist: 3.037258190807279 vs. 3.037258190807279
--------
nle(id0,id1,dist): 66 78 4.015755126973434
list:
dist: 4.015755126973434 vs. 4.015755126973434
--------
nle(id0,id1,dist): 66 98 4.326072982841607
list:
dist: 4.326072982841607 vs. 4.326072982841607
--------
nle(id0,id1,dist): 66 88 3.6964283563296214
list:
dist: 3.6964283563296214 vs. 3.6964283563296214
--------
nle(id0,id1,dist): 66 87 3.6195059235811007
list:
dist: 3.6195059235811007 vs. 3.6195059235811007
--------
nle(id0,id1,dist): 66 92 4.192152658223843
list:
dist: 4.192152658223843 vs. 4.192152658223843
--------
nle(id0,id1,dist): 48 51 2.9041992354152626
list:
dist: 2.9041992354152626 vs. 2.9041992354152626
--------
nle(id0,id1,dist): 48 52 3.0475217344674252
list:
dist: 3.0475217344674252 vs. 3.0475217344674252
--------
nle(id0,id1,dist): 48 49 0.6906380290520554
list:
dist: 0.6906380290520554 vs. 0.6906380290520554
--------
nle(id0,id1,dist): 48 50 1.8846141129618654
list:
dist: 1.8846141129618654 vs. 1.8846141129618654
--------
nle(id0,id1,dist): 48 55 1.5583675511864805
list:
dist: 1.5583675511864805 vs. 1.5583675511864805
--------
nle(id0,id1,dist): 48 56 3.328279619987325
list:
dist: 3.328279619987325 vs. 3.328279619987325
--------
nle(id0,id1,dist): 48 53 1.808012744953723
list:
dist: 1.808012744953723 vs. 1.808012744953723
--------
nle(id0,id1,dist): 48 59 1.942532008893398
list:
dist: 1.942532008893398 vs. 1.942532008893398
--------
nle(id0,id1,dist): 48 57 1.7384842186745715
list:
dist: 1.7384842186745715 vs. 1.7384842186745715
--------
nle(id0,id1,dist): 48 58 2.30260737347603
list:
dist: 2.30260737347603 vs. 2.30260737347603
--------
nle(id0,id1,dist): 49 50 1.7544008812468885
list:
dist: 1.7544008812468885 vs. 1.7544008812468885
--------
nle(id0,id1,dist): 49 51 2.797285257941453
list:
dist: 2.797285257941453 vs. 2.797285257941453
--------
nle(id0,id1,dist): 49 52 3.0749913961136133
list:
dist: 3.0749913961136133 vs. 3.0749913961136133
--------
nle(id0,id1,dist): 49 53 2.0388006424047247
list:
dist: 2.0388006424047247 vs. 2.0388006424047247
--------
nle(id0,id1,dist): 49 55 1.910443983822682
list:
dist: 1.910443983822682 vs. 1.910443983822682
--------
nle(id0,id1,dist): 49 56 3.452878275650505
list:
dist: 3.452878275650505 vs. 3.452878275650505
--------
nle(id0,id1,dist): 49 57 1.8113629063875065
list:
dist: 1.8113629063875065 vs. 1.8113629063875065
--------
nle(id0,id1,dist): 49 58 2.536161806133054
list:
dist: 2.536161806133054 vs. 2.536161806133054
--------
nle(id0,id1,dist): 49 59 2.297225373957336
list:
dist: 2.297225373957336 vs. 2.297225373957336
--------
nle(id0,id1,dist): 50 53 1.4556477023875134
list:
dist: 1.4556477023875134 vs. 1.4556477023875134
--------
nle(id0,id1,dist): 50 54 1.889627620113601
list:
dist: 1.889627620113601 vs. 1.889627620113601
--------
nle(id0,id1,dist): 50 51 1.3738335664677153
list:
dist: 1.3738335664677153 vs. 1.3738335664677153
--------
nle(id0,id1,dist): 50 52 1.4804548034481253
list:
dist: 1.4804548034481253 vs. 1.4804548034481253
--------
nle(id0,id1,dist): 50 59 1.4360643134548043
list:
dist: 1.4360643134548043 vs. 1.4360643134548043
--------
nle(id0,id1,dist): 50 56 1.868961821655392
list:
dist: 1.868961821655392 vs. 1.868961821655392
--------
nle(id0,id1,dist): 50 55 1.9987656457467613
list:
dist: 1.9987656457467613 vs. 1.9987656457467613
--------
nle(id0,id1,dist): 50 58 1.2646219645319876
list:
dist: 1.2646219645319876 vs. 1.2646219645319876
--------
nle(id0,id1,dist): 50 57 0.8396414703055187
list:
dist: 0.8396414703055187 vs. 0.8396414703055187
--------
nle(id0,id1,dist): 45 46 2.019285304121984
list:
dist: 2.019285304121984 vs. 2.019285304121984
--------
nle(id0,id1,dist): 44 55 2.771046694910589
list:
dist: 2.771046694910589 vs. 2.771046694910589
--------
nle(id0,id1,dist): 44 56 2.001141675867025
list:
dist: 2.001141675867025 vs. 2.001141675867025
--------
nle(id0,id1,dist): 44 53 1.9430895191398527
list:
dist: 1.9430895191398527 vs. 1.9430895191398527
--------
nle(id0,id1,dist): 44 54 1.9224897800628928
list:
dist: 1.9224897800628928 vs. 1.9224897800628928
--------
nle(id0,id1,dist): 44 59 2.1322411444757687
list:
dist: 2.1322411444757687 vs. 2.1322411444757687
--------
nle(id0,id1,dist): 44 57 1.5848334291881754
list:
dist: 1.5848334291881754 vs. 1.5848334291881754
--------
nle(id0,id1,dist): 44 58 1.8582915828172148
list:
dist: 1.8582915828172148 vs. 1.8582915828172148
--------
nle(id0,id1,dist): 45 71 4.112200829462277
list:
dist: 4.112200829462277 vs. 4.112200829462277
--------
nle(id0,id1,dist): 45 57 3.6025849911981473
list:
dist: 3.6025849911981473 vs. 3.6025849911981473
--------
nle(id0,id1,dist): 45 48 3.2612666860370148
list:
dist: 3.2612666860370148 vs. 3.2612666860370148
--------
nle(id0,id1,dist): 45 49 3.159497273965363
list:
dist: 3.159497273965363 vs. 3.159497273965363
--------
nle(id0,id1,dist): 45 50 2.9334402979165612
list:
dist: 2.9334402979165612 vs. 2.9334402979165612
--------
nle(id0,id1,dist): 45 51 2.21115724996983
list:
dist: 2.21115724996983 vs. 2.21115724996983
--------
nle(id0,id1,dist): 45 53 2.178234383840911
list:
dist: 2.178234383840911 vs. 2.178234383840911
--------
nle(id0,id1,dist): 45 54 2.8014609529457224
list:
dist: 2.8014609529457224 vs. 2.8014609529457224
--------
nle(id0,id1,dist): 46 59 2.057243162492512
list:
dist: 2.057243162492512 vs. 2.057243162492512
--------
nle(id0,id1,dist): 46 57 1.8162183805810435
list:
dist: 1.8162183805810435 vs. 1.8162183805810435
--------
nle(id0,id1,dist): 46 58 2.0462720885882604
list:
dist: 2.0462720885882604 vs. 2.0462720885882604
--------
nle(id0,id1,dist): 46 55 2.75205480692163
list:
dist: 2.75205480692163 vs. 2.75205480692163
--------
nle(id0,id1,dist): 46 56 2.3968321396159764
list:
dist: 2.3968321396159764 vs. 2.3968321396159764
--------
nle(id0,id1,dist): 46 53 1.4128442751464987
list:
dist: 1.4128442751464987 vs. 1.4128442751464987
--------
nle(id0,id1,dist): 46 54 2.1597603975754245
list:
dist: 2.1597603975754245 vs. 2.1597603975754245
--------
nle(id0,id1,dist): 46 51 1.2771430661035252
list:
dist: 1.2771430661035252 vs. 1.2771430661035252
--------
nle(id0,id1,dist): 46 52 2.45070747358874
list:
dist: 2.45070747358874 vs. 2.45070747358874
--------
nle(id0,id1,dist): 46 49 1.6710338467707706
list:
dist: 1.6710338467707706 vs. 1.6710338467707706
--------
nle(id0,id1,dist): 46 50 1.0649710470011056
list:
dist: 1.0649710470011056 vs. 1.0649710470011056
--------
nle(id0,id1,dist): 46 47 2.344646997665607
list:
dist: 2.344646997665607 vs. 2.344646997665607
--------
nle(id0,id1,dist): 46 48 1.9599685910375586
list:
dist: 1.9599685910375586 vs. 1.9599685910375586
--------
nle(id0,id1,dist): 47 59 2.626184324553608
list:
dist: 2.626184324553608 vs. 2.626184324553608
--------
nle(id0,id1,dist): 47 58 2.42739944731001
list:
dist: 2.42739944731001 vs. 2.42739944731001
--------
nle(id0,id1,dist): 47 55 2.033944397728547
list:
dist: 2.033944397728547 vs. 2.033944397728547
--------
nle(id0,id1,dist): 47 54 3.301854974859891
list:
dist: 3.301854974859891 vs. 3.301854974859891
--------
nle(id0,id1,dist): 47 57 1.4507413128704059
list:
dist: 1.4507413128704059 vs. 1.4507413128704059
--------
nle(id0,id1,dist): 47 56 3.110187301096404
list:
dist: 3.110187301096404 vs. 3.110187301096404
--------
nle(id0,id1,dist): 47 50 1.6084405071147285
list:
dist: 1.6084405071147285 vs. 1.6084405071147285
--------
nle(id0,id1,dist): 47 51 2.8205727754228676
list:
dist: 2.8205727754228676 vs. 2.8205727754228676
--------
nle(id0,id1,dist): 47 52 1.9831859493709283
list:
dist: 1.9831859493709283 vs. 1.9831859493709283
--------
nle(id0,id1,dist): 47 53 2.96950358288022
list:
dist: 2.96950358288022 vs. 2.96950358288022
--------
nle(id0,id1,dist): 47 48 2.4675371003503033
list:
dist: 2.4675371003503033 vs. 2.4675371003503033
--------
nle(id0,id1,dist): 47 49 2.1646096626176043
list:
dist: 2.1646096626176043 vs. 2.1646096626176043
--------
nle(id0,id1,dist): 55 56 3.063346584489981
list:
dist: 3.063346584489981 vs. 3.063346584489981
--------
nle(id0,id1,dist): 55 57 1.2428838718722086
list:
dist: 1.2428838718722086 vs. 1.2428838718722086
--------
nle(id0,id1,dist): 55 58 1.898113517740709
list:
dist: 1.898113517740709 vs. 1.898113517740709
--------
nle(id0,id1,dist): 55 59 1.6955987645596886
list:
dist: 1.6955987645596886 vs. 1.6955987645596886
--------
nle(id0,id1,dist): 54 127 4.2063177011489765
list:
dist: 4.2063177011489765 vs. 4.2063177011489765
--------
nle(id0,id1,dist): 56 58 1.1843928678938465
list:
dist: 1.1843928678938465 vs. 1.1843928678938465
--------
nle(id0,id1,dist): 56 57 2.066343814946236
list:
dist: 2.066343814946236 vs. 2.066343814946236
--------
nle(id0,id1,dist): 56 59 1.6128925523405901
list:
dist: 1.6128925523405901 vs. 1.6128925523405901
--------
nle(id0,id1,dist): 57 59 1.1798999364302656
list:
dist: 1.1798999364302656 vs. 1.1798999364302656
--------
nle(id0,id1,dist): 57 58 1.0754046115419058
list:
dist: 1.0754046115419058 vs. 1.0754046115419058
--------
nle(id0,id1,dist): 51 58 1.7335200566615856
list:
dist: 1.7335200566615856 vs. 1.7335200566615856
--------
nle(id0,id1,dist): 51 59 1.984917967137509
list:
dist: 1.984917967137509 vs. 1.984917967137509
--------
nle(id0,id1,dist): 51 52 1.966342401632187
list:
dist: 1.966342401632187 vs. 1.966342401632187
--------
nle(id0,id1,dist): 51 53 1.5552212871488345
list:
dist: 1.5552212871488345 vs. 1.5552212871488345
--------
nle(id0,id1,dist): 51 54 1.0560894387713722
list:
dist: 1.0560894387713722 vs. 1.0560894387713722
--------
nle(id0,id1,dist): 51 55 3.231925320650376
list:
dist: 3.231925320650376 vs. 3.231925320650376
--------
nle(id0,id1,dist): 51 56 1.4008212624785858
list:
dist: 1.4008212624785858 vs. 1.4008212624785858
--------
nle(id0,id1,dist): 51 57 2.080778310129903
list:
dist: 2.080778310129903 vs. 2.080778310129903
--------
nle(id0,id1,dist): 52 55 2.352149722782497
list:
dist: 2.352149722782497 vs. 2.352149722782497
--------
nle(id0,id1,dist): 52 56 1.3859563005465332
list:
dist: 1.3859563005465332 vs. 1.3859563005465332
--------
nle(id0,id1,dist): 52 53 2.373958309932731
list:
dist: 2.373958309932731 vs. 2.373958309932731
--------
nle(id0,id1,dist): 52 54 1.800072473256225
list:
dist: 1.800072473256225 vs. 1.800072473256225
--------
nle(id0,id1,dist): 52 59 1.729176709729434
list:
dist: 1.729176709729434 vs. 1.729176709729434
--------
nle(id0,id1,dist): 52 57 1.3421660100670187
list:
dist: 1.3421660100670187 vs. 1.3421660100670187
--------
nle(id0,id1,dist): 52 58 1.2052926904740915
list:
dist: 1.2052926904740915 vs. 1.2052926904740915
--------
nle(id0,id1,dist): 53 54 1.694907167541044
list:
dist: 1.694907167541044 vs. 1.694907167541044
--------
nle(id0,id1,dist): 53 55 2.3793217174637635
list:
dist: 2.3793217174637635 vs. 2.3793217174637635
--------
nle(id0,id1,dist): 53 57 1.7317876795580076
list:
dist: 1.7317876795580076 vs. 1.7317876795580076
--------
nle(id0,id1,dist): 53 56 1.894570056492288
list:
dist: 1.894570056492288 vs. 1.894570056492288
--------
nle(id0,id1,dist): 53 59 1.0794515006453662
list:
dist: 1.0794515006453662 vs. 1.0794515006453662
--------
nle(id0,id1,dist): 53 58 1.3497844908633598
list:
dist: 1.3497844908633598 vs. 1.3497844908633598
--------
nle(id0,id1,dist): 54 59 1.75073722323692
list:
dist: 1.75073722323692 vs. 1.75073722323692
--------
nle(id0,id1,dist): 54 58 1.4341646637958447
list:
dist: 1.4341646637958447 vs. 1.4341646637958447
--------
nle(id0,id1,dist): 54 57 2.264974289683718
list:
dist: 2.264974289683718 vs. 2.264974289683718
--------
nle(id0,id1,dist): 54 56 0.5520265733694003
list:
dist: 0.5520265733694003 vs. 0.5520265733694003
--------
nle(id0,id1,dist): 93 113 3.6676113630513316
list:
dist: 3.6676113630513316 vs. 3.6676113630513316
--------
nle(id0,id1,dist): 93 114 3.4044769571887756
list:
dist: 3.4044769571887756 vs. 3.4044769571887756
--------
nle(id0,id1,dist): 93 116 3.8750692668268294
list:
dist: 3.8750692668268294 vs. 3.8750692668268294
--------
nle(id0,id1,dist): 93 117 4.413837333465619
list:
dist: 4.413837333465619 vs. 4.413837333465619
--------
nle(id0,id1,dist): 93 119 3.455491902221047
list:
dist: 3.455491902221047 vs. 3.455491902221047
--------
nle(id0,id1,dist): 93 97 0.6509660822734855
list:
dist: 0.6509660822734855 vs. 0.6509660822734855
--------
nle(id0,id1,dist): 93 96 0.862550869373095
list:
dist: 0.862550869373095 vs. 0.862550869373095
--------
nle(id0,id1,dist): 93 99 1.8828307897040164
list:
dist: 1.8828307897040164 vs. 1.8828307897040164
--------
nle(id0,id1,dist): 93 98 0.8508270950528133
list:
dist: 0.8508270950528133 vs. 0.8508270950528133
--------
nle(id0,id1,dist): 93 101 1.885135839230698
list:
dist: 1.885135839230698 vs. 1.885135839230698
--------
nle(id0,id1,dist): 93 100 2.3052481783911527
list:
dist: 2.3052481783911527 vs. 2.3052481783911527
--------
nle(id0,id1,dist): 93 103 1.5988096389770556
list:
dist: 1.5988096389770556 vs. 1.5988096389770556
--------
nle(id0,id1,dist): 93 102 3.7791079952859077
list:
dist: 3.7791079952859077 vs. 3.7791079952859077
--------
nle(id0,id1,dist): 93 105 1.0457945045526296
list:
dist: 1.0457945045526296 vs. 1.0457945045526296
--------
nle(id0,id1,dist): 93 104 2.031502064503084
list:
dist: 2.031502064503084 vs. 2.031502064503084
--------
nle(id0,id1,dist): 93 107 1.116879677873518
list:
dist: 1.116879677873518 vs. 1.116879677873518
--------
nle(id0,id1,dist): 93 106 1.8210960635612563
list:
dist: 1.8210960635612563 vs. 1.8210960635612563
--------
nle(id0,id1,dist): 93 109 1.396720801814782
list:
dist: 1.396720801814782 vs. 1.396720801814782
--------
nle(id0,id1,dist): 93 108 1.2024545992239408
list:
dist: 1.2024545992239408 vs. 1.2024545992239408
--------
nle(id0,id1,dist): 93 111 3.495421118251286
list:
dist: 3.495421118251286 vs. 3.495421118251286
--------
nle(id0,id1,dist): 93 110 2.8028998713553186
list:
dist: 2.8028998713553186 vs. 2.8028998713553186
--------
nle(id0,id1,dist): 94 109 1.6859536410553537
list:
dist: 1.6859536410553537 vs. 1.6859536410553537
--------
nle(id0,id1,dist): 94 107 2.8695414146092086
list:
dist: 2.8695414146092086 vs. 2.8695414146092086
--------
nle(id0,id1,dist): 94 98 1.5417835959575543
list:
dist: 1.5417835959575543 vs. 1.5417835959575543
--------
nle(id0,id1,dist): 94 97 2.1685418962064187
list:
dist: 2.1685418962064187 vs. 2.1685418962064187
--------
nle(id0,id1,dist): 94 96 2.8627885278466945
list:
dist: 2.8627885278466945 vs. 2.8627885278466945
--------
nle(id0,id1,dist): 94 95 2.8565271710657454
list:
dist: 2.8565271710657454 vs. 2.8565271710657454
--------
nle(id0,id1,dist): 94 102 2.713970218012655
list:
dist: 2.713970218012655 vs. 2.713970218012655
--------
nle(id0,id1,dist): 94 101 1.6600812884765521
list:
dist: 1.6600812884765521 vs. 1.6600812884765521
--------
nle(id0,id1,dist): 94 100 0.6783057349540648
list:
dist: 0.6783057349540648 vs. 0.6783057349540648
--------
nle(id0,id1,dist): 94 99 3.8558182141664585
list:
dist: 3.8558182141664585 vs. 3.8558182141664585
--------
nle(id0,id1,dist): 94 106 2.590329598545546
list:
dist: 2.590329598545546 vs. 2.590329598545546
--------
nle(id0,id1,dist): 94 105 2.962759600178968
list:
dist: 2.962759600178968 vs. 2.962759600178968
--------
nle(id0,id1,dist): 94 104 2.2225211727295466
list:
dist: 2.2225211727295466 vs. 2.2225211727295466
--------
nle(id0,id1,dist): 94 103 1.3159308534015262
list:
dist: 1.3159308534015262 vs. 1.3159308534015262
--------
nle(id0,id1,dist): 92 97 1.744562013397776
list:
dist: 1.744562013397776 vs. 1.744562013397776
--------
nle(id0,id1,dist): 92 98 1.0150263560332344
list:
dist: 1.0150263560332344 vs. 1.0150263560332344
--------
nle(id0,id1,dist): 92 99 3.4340887378869205
list:
dist: 3.4340887378869205 vs. 3.4340887378869205
--------
nle(id0,id1,dist): 92 100 1.249914590472438
list:
dist: 1.249914590472438 vs. 1.249914590472438
--------
nle(id0,id1,dist): 92 93 1.75958842113916
list:
dist: 1.75958842113916 vs. 1.75958842113916
--------
nle(id0,id1,dist): 92 94 0.873067520110824
list:
dist: 0.873067520110824 vs. 0.873067520110824
--------
nle(id0,id1,dist): 92 95 2.461783066116205
list:
dist: 2.461783066116205 vs. 2.461783066116205
--------
nle(id0,id1,dist): 92 96 2.201025430598554
list:
dist: 2.201025430598554 vs. 2.201025430598554
--------
nle(id0,id1,dist): 91 111 3.5330116364970703
list:
dist: 3.5330116364970703 vs. 3.5330116364970703
--------
nle(id0,id1,dist): 91 110 3.032209341225975
list:
dist: 3.032209341225975 vs. 3.032209341225975
--------
nle(id0,id1,dist): 91 113 3.994525043111134
list:
dist: 3.994525043111134 vs. 3.994525043111134
--------
nle(id0,id1,dist): 91 107 2.3210760125860777
list:
dist: 2.3210760125860777 vs. 2.3210760125860777
--------
nle(id0,id1,dist): 91 106 1.5019568744939276
list:
dist: 1.5019568744939276 vs. 1.5019568744939276
--------
nle(id0,id1,dist): 91 109 1.1375888532087655
list:
dist: 1.1375888532087655 vs. 1.1375888532087655
--------
nle(id0,id1,dist): 91 119 4.144154564303362
list:
dist: 4.144154564303362 vs. 4.144154564303362
--------
nle(id0,id1,dist): 91 114 4.017246996347296
list:
dist: 4.017246996347296 vs. 4.017246996347296
--------
nle(id0,id1,dist): 91 117 4.9366248985253405
list:
dist: 4.9366248985253405 vs. 4.9366248985253405
--------
nle(id0,id1,dist): 91 116 4.784806731466085
list:
dist: 4.784806731466085 vs. 4.784806731466085
--------
nle(id0,id1,dist): 93 94 2.3376260983510915
list:
dist: 2.3376260983510915 vs. 2.3376260983510915
--------
nle(id0,id1,dist): 93 95 1.672790960258483
list:
dist: 1.672790960258483 vs. 1.672790960258483
--------
nle(id0,id1,dist): 92 108 2.960816391532683
list:
dist: 2.960816391532683 vs. 2.960816391532683
--------
nle(id0,id1,dist): 92 107 2.483884841626448
list:
dist: 2.483884841626448 vs. 2.483884841626448
--------
nle(id0,id1,dist): 92 106 2.4905120146137185
list:
dist: 2.4905120146137185 vs. 2.4905120146137185
--------
nle(id0,id1,dist): 92 105 2.6047437735561614
list:
dist: 2.6047437735561614 vs. 2.6047437735561614
--------
nle(id0,id1,dist): 92 104 2.386879846166601
list:
dist: 2.386879846166601 vs. 2.386879846166601
--------
nle(id0,id1,dist): 92 103 1.3890609762568709
list:
dist: 1.3890609762568709 vs. 1.3890609762568709
--------
nle(id0,id1,dist): 92 102 3.3972869929065004
list:
dist: 3.3972869929065004 vs. 3.3972869929065004
--------
nle(id0,id1,dist): 92 101 1.5891075522010771
list:
dist: 1.5891075522010771 vs. 1.5891075522010771
--------
nle(id0,id1,dist): 92 109 1.6173695343446124
list:
dist: 1.6173695343446124 vs. 1.6173695343446124
--------
nle(id0,id1,dist): 97 101 1.3429538440554472
list:
dist: 1.3429538440554472 vs. 1.3429538440554472
--------
nle(id0,id1,dist): 97 100 1.957836976044219
list:
dist: 1.957836976044219 vs. 1.957836976044219
--------
nle(id0,id1,dist): 97 103 1.1474691521628253
list:
dist: 1.1474691521628253 vs. 1.1474691521628253
--------
nle(id0,id1,dist): 97 102 3.3561585439085952
list:
dist: 3.3561585439085952 vs. 3.3561585439085952
--------
nle(id0,id1,dist): 97 105 0.9642737220514639
list:
dist: 0.9642737220514639 vs. 0.9642737220514639
--------
nle(id0,id1,dist): 97 104 1.4935700239275964
list:
dist: 1.4935700239275964 vs. 1.4935700239275964
--------
nle(id0,id1,dist): 97 107 0.7481808892803147
list:
dist: 0.7481808892803147 vs. 0.7481808892803147
--------
nle(id0,id1,dist): 97 106 1.187795936884298
list:
dist: 1.187795936884298 vs. 1.187795936884298
--------
nle(id0,id1,dist): 97 99 1.7102218101262707
list:
dist: 1.7102218101262707 vs. 1.7102218101262707
--------
nle(id0,id1,dist): 97 98 1.005592149688137
list:
dist: 1.005592149688137 vs. 1.005592149688137
--------
nle(id0,id1,dist): 96 113 2.9513169183284735
list:
dist: 2.9513169183284735 vs. 2.9513169183284735
--------
nle(id0,id1,dist): 96 114 2.6278271287525046
list:
dist: 2.6278271287525046 vs. 2.6278271287525046
--------
nle(id0,id1,dist): 96 116 3.1237372617940427
list:
dist: 3.1237372617940427 vs. 3.1237372617940427
--------
nle(id0,id1,dist): 96 117 3.8143317016725233
list:
dist: 3.8143317016725233 vs. 3.8143317016725233
--------
nle(id0,id1,dist): 96 119 2.7910557098079165
list:
dist: 2.7910557098079165 vs. 2.7910557098079165
--------
nle(id0,id1,dist): 98 102 3.343662633710955
list:
dist: 3.343662633710955 vs. 3.343662633710955
--------
nle(id0,id1,dist): 98 101 1.6552292605599122
list:
dist: 1.6552292605599122 vs. 1.6552292605599122
--------
nle(id0,id1,dist): 98 100 1.6504489155615438
list:
dist: 1.6504489155615438 vs. 1.6504489155615438
--------
nle(id0,id1,dist): 98 99 2.6345961695782454
list:
dist: 2.6345961695782454 vs. 2.6345961695782454
--------
nle(id0,id1,dist): 97 119 3.167470795171532
list:
dist: 3.167470795171532 vs. 3.167470795171532
--------
nle(id0,id1,dist): 97 116 3.6771687475186687
list:
dist: 3.6771687475186687 vs. 3.6771687475186687
--------
nle(id0,id1,dist): 97 117 4.108099243948738
list:
dist: 4.108099243948738 vs. 4.108099243948738
--------
nle(id0,id1,dist): 97 110 2.3645723301403967
list:
dist: 2.3645723301403967 vs. 2.3645723301403967
--------
nle(id0,id1,dist): 97 111 3.0941607521136265
list:
dist: 3.0941607521136265 vs. 3.0941607521136265
--------
nle(id0,id1,dist): 97 108 1.450851479581238
list:
dist: 1.450851479581238 vs. 1.450851479581238
--------
nle(id0,id1,dist): 97 109 0.849878315415065
list:
dist: 0.849878315415065 vs. 0.849878315415065
--------
nle(id0,id1,dist): 97 114 3.1244228875469755
list:
dist: 3.1244228875469755 vs. 3.1244228875469755
--------
nle(id0,id1,dist): 97 113 3.3122812981011442
list:
dist: 3.3122812981011442 vs. 3.3122812981011442
--------
nle(id0,id1,dist): 95 114 2.055114009327843
list:
dist: 2.055114009327843 vs. 2.055114009327843
--------
nle(id0,id1,dist): 95 117 3.2268639419361675
list:
dist: 3.2268639419361675 vs. 3.2268639419361675
--------
nle(id0,id1,dist): 95 116 2.769886369808916
list:
dist: 2.769886369808916 vs. 2.769886369808916
--------
nle(id0,id1,dist): 95 111 1.91600926550656
list:
dist: 1.91600926550656 vs. 1.91600926550656
--------
nle(id0,id1,dist): 95 110 1.2699938293124509
list:
dist: 1.2699938293124509 vs. 1.2699938293124509
--------
nle(id0,id1,dist): 95 113 2.1899685016504935
list:
dist: 2.1899685016504935 vs. 2.1899685016504935
--------
nle(id0,id1,dist): 95 107 0.9955413097809781
list:
dist: 0.9955413097809781 vs. 0.9955413097809781
--------
nle(id0,id1,dist): 95 106 1.0541605871128823
list:
dist: 1.0541605871128823 vs. 1.0541605871128823
--------
nle(id0,id1,dist): 95 109 1.4766502545313216
list:
dist: 1.4766502545313216 vs. 1.4766502545313216
--------
nle(id0,id1,dist): 95 108 1.9822079482215489
list:
dist: 1.9822079482215489 vs. 1.9822079482215489
--------
nle(id0,id1,dist): 95 103 1.8013318554105249
list:
dist: 1.8013318554105249 vs. 1.8013318554105249
--------
nle(id0,id1,dist): 95 102 3.8360599994123215
list:
dist: 3.8360599994123215 vs. 3.8360599994123215
--------
nle(id0,id1,dist): 95 105 1.659665301242804
list:
dist: 1.659665301242804 vs. 1.659665301242804
--------
nle(id0,id1,dist): 95 104 1.918599210916447
list:
dist: 1.918599210916447 vs. 1.918599210916447
--------
nle(id0,id1,dist): 95 98 2.0722085427876933
list:
dist: 2.0722085427876933 vs. 2.0722085427876933
--------
nle(id0,id1,dist): 95 99 1.5358395777382055
list:
dist: 1.5358395777382055 vs. 1.5358395777382055
--------
nle(id0,id1,dist): 95 100 2.4941545377093908
list:
dist: 2.4941545377093908 vs. 2.4941545377093908
--------
nle(id0,id1,dist): 95 101 1.3711667183270868
list:
dist: 1.3711667183270868 vs. 1.3711667183270868
--------
nle(id0,id1,dist): 95 96 1.2450782904684339
list:
dist: 1.2450782904684339 vs. 1.2450782904684339
--------
nle(id0,id1,dist): 95 97 1.186940914963346
list:
dist: 1.186940914963346 vs. 1.186940914963346
--------
nle(id0,id1,dist): 96 111 2.806021351138641
list:
dist: 2.806021351138641 vs. 2.806021351138641
--------
nle(id0,id1,dist): 96 110 2.2258045461880283
list:
dist: 2.2258045461880283 vs. 2.2258045461880283
--------
nle(id0,id1,dist): 96 109 1.7900557043416225
list:
dist: 1.7900557043416225 vs. 1.7900557043416225
--------
nle(id0,id1,dist): 96 108 1.2144028600457406
list:
dist: 1.2144028600457406 vs. 1.2144028600457406
--------
nle(id0,id1,dist): 96 107 1.0507661681246971
list:
dist: 1.0507661681246971 vs. 1.0507661681246971
--------
nle(id0,id1,dist): 96 106 1.8706208508293272
list:
dist: 1.8706208508293272 vs. 1.8706208508293272
--------
nle(id0,id1,dist): 96 105 1.34000172500414
list:
dist: 1.34000172500414 vs. 1.34000172500414
--------
nle(id0,id1,dist): 96 104 2.4303973929365763
list:
dist: 2.4303973929365763 vs. 2.4303973929365763
--------
nle(id0,id1,dist): 96 103 2.0626408706583095
list:
dist: 2.0626408706583095 vs. 2.0626408706583095
--------
nle(id0,id1,dist): 96 102 4.3377854068742705
list:
dist: 4.3377854068742705 vs. 4.3377854068742705
--------
nle(id0,id1,dist): 96 101 1.9939917260536315
list:
dist: 1.9939917260536315 vs. 1.9939917260536315
--------
nle(id0,id1,dist): 96 100 2.7647416596920995
list:
dist: 2.7647416596920995 vs. 2.7647416596920995
--------
nle(id0,id1,dist): 96 99 1.5552478551333357
list:
dist: 1.5552478551333357 vs. 1.5552478551333357
--------
nle(id0,id1,dist): 96 98 1.5563778731384585
list:
dist: 1.5563778731384585 vs. 1.5563778731384585
--------
nle(id0,id1,dist): 96 97 0.9861203709325422
list:
dist: 0.9861203709325422 vs. 0.9861203709325422
--------
nle(id0,id1,dist): 95 119 2.241815943407213
list:
dist: 2.241815943407213 vs. 2.241815943407213
--------
nle(id0,id1,dist): 87 88 1.3259501770292632
list:
dist: 1.3259501770292632 vs. 1.3259501770292632
--------
nle(id0,id1,dist): 87 89 1.1863961137607368
list:
dist: 1.1863961137607368 vs. 1.1863961137607368
--------
nle(id0,id1,dist): 83 149 4.319741441709795
list:
dist: 4.319741441709795 vs. 4.319741441709795
--------
nle(id0,id1,dist): 83 148 4.468553576659566
list:
dist: 4.468553576659566 vs. 4.468553576659566
--------
nle(id0,id1,dist): 85 87 2.298312584241892
list:
dist: 2.298312584241892 vs. 2.298312584241892
--------
nle(id0,id1,dist): 85 86 1.3086024760125172
list:
dist: 1.3086024760125172 vs. 1.3086024760125172
--------
nle(id0,id1,dist): 85 90 5.146891301143967
list:
dist: 5.146891301143967 vs. 5.146891301143967
--------
nle(id0,id1,dist): 85 89 2.714008332068746
list:
dist: 2.714008332068746 vs. 2.714008332068746
--------
nle(id0,id1,dist): 86 87 1.3383530667339067
list:
dist: 1.3383530667339067 vs. 1.3383530667339067
--------
nle(id0,id1,dist): 86 89 1.4970776912116592
list:
dist: 1.4970776912116592 vs. 1.4970776912116592
--------
nle(id0,id1,dist): 86 90 5.227409828827114
list:
dist: 5.227409828827114 vs. 5.227409828827114
--------
nle(id0,id1,dist): 90 93 2.578698075324152
list:
dist: 2.578698075324152 vs. 2.578698075324152
--------
nle(id0,id1,dist): 90 94 1.1328450702061013
list:
dist: 1.1328450702061013 vs. 1.1328450702061013
--------
nle(id0,id1,dist): 90 91 0.8681297200922252
list:
dist: 0.8681297200922252 vs. 0.8681297200922252
--------
nle(id0,id1,dist): 90 92 1.5241055200455838
list:
dist: 1.5241055200455838 vs. 1.5241055200455838
--------
nle(id0,id1,dist): 89 118 3.523123158233505
list:
dist: 3.523123158233505 vs. 3.523123158233505
--------
nle(id0,id1,dist): 89 119 3.989533504458901
list:
dist: 3.989533504458901 vs. 3.989533504458901
--------
nle(id0,id1,dist): 89 116 3.4152930727104054
list:
dist: 3.4152930727104054 vs. 3.4152930727104054
--------
nle(id0,id1,dist): 90 106 2.0771312720320623
list:
dist: 2.0771312720320623 vs. 2.0771312720320623
--------
nle(id0,id1,dist): 90 105 2.9898621308733646
list:
dist: 2.9898621308733646 vs. 2.9898621308733646
--------
nle(id0,id1,dist): 90 104 1.9043398500344355
list:
dist: 1.9043398500344355 vs. 1.9043398500344355
--------
nle(id0,id1,dist): 90 103 1.1982667984329836
list:
dist: 1.1982667984329836 vs. 1.1982667984329836
--------
nle(id0,id1,dist): 90 110 3.389166326750958
list:
dist: 3.389166326750958 vs. 3.389166326750958
--------
nle(id0,id1,dist): 90 109 1.4834546932334478
list:
dist: 1.4834546932334478 vs. 1.4834546932334478
--------
nle(id0,id1,dist): 90 107 2.6831189541949616
list:
dist: 2.6831189541949616 vs. 2.6831189541949616
--------
nle(id0,id1,dist): 90 98 2.03672838501151
list:
dist: 2.03672838501151 vs. 2.03672838501151
--------
nle(id0,id1,dist): 90 97 2.148918917265812
list:
dist: 2.148918917265812 vs. 2.148918917265812
--------
nle(id0,id1,dist): 90 96 2.8508008920423653
list:
dist: 2.8508008920423653 vs. 2.8508008920423653
--------
nle(id0,id1,dist): 90 95 2.3625847630604433
list:
dist: 2.3625847630604433 vs. 2.3625847630604433
--------
nle(id0,id1,dist): 90 102 2.5439392695709655
list:
dist: 2.5439392695709655 vs. 2.5439392695709655
--------
nle(id0,id1,dist): 90 101 0.9962697799935704
list:
dist: 0.9962697799935704 vs. 0.9962697799935704
--------
nle(id0,id1,dist): 90 100 0.6546108783064186
list:
dist: 0.6546108783064186 vs. 0.6546108783064186
--------
nle(id0,id1,dist): 90 99 3.61879544840943
list:
dist: 3.61879544840943 vs. 3.61879544840943
--------
nle(id0,id1,dist): 90 119 4.517559512979001
list:
dist: 4.517559512979001 vs. 4.517559512979001
--------
nle(id0,id1,dist): 90 111 3.6805931655343733
list:
dist: 3.6805931655343733 vs. 3.6805931655343733
--------
nle(id0,id1,dist): 90 113 4.257265834939293
list:
dist: 4.257265834939293 vs. 4.257265834939293
--------
nle(id0,id1,dist): 90 114 4.207340018777471
list:
dist: 4.207340018777471 vs. 4.207340018777471
--------
nle(id0,id1,dist): 90 116 5.073311865847905
list:
dist: 5.073311865847905 vs. 5.073311865847905
--------
nle(id0,id1,dist): 91 99 3.1938317094402158
list:
dist: 3.1938317094402158 vs. 3.1938317094402158
--------
nle(id0,id1,dist): 91 98 2.1321948341417993
list:
dist: 2.1321948341417993 vs. 2.1321948341417993
--------
nle(id0,id1,dist): 91 101 0.9524283995208419
list:
dist: 0.9524283995208419 vs. 0.9524283995208419
--------
nle(id0,id1,dist): 91 100 0.9676442349232338
list:
dist: 0.9676442349232338 vs. 0.9676442349232338
--------
nle(id0,id1,dist): 91 103 0.9645420629504046
list:
dist: 0.9645420629504046 vs. 0.9645420629504046
--------
nle(id0,id1,dist): 91 102 1.9804525421711965
list:
dist: 1.9804525421711965 vs. 1.9804525421711965
--------
nle(id0,id1,dist): 91 105 2.6007886154638022
list:
dist: 2.6007886154638022 vs. 2.6007886154638022
--------
nle(id0,id1,dist): 91 104 1.1779906018155109
list:
dist: 1.1779906018155109 vs. 1.1779906018155109
--------
nle(id0,id1,dist): 91 93 2.5058929974531567
list:
dist: 2.5058929974531567 vs. 2.5058929974531567
--------
nle(id0,id1,dist): 91 92 2.0232094185498632
list:
dist: 2.0232094185498632 vs. 2.0232094185498632
--------
nle(id0,id1,dist): 91 95 2.1349305146851996
list:
dist: 2.1349305146851996 vs. 2.1349305146851996
--------
nle(id0,id1,dist): 91 94 1.643096195090772
list:
dist: 1.643096195090772 vs. 1.643096195090772
--------
nle(id0,id1,dist): 91 97 1.9567844844539573
list:
dist: 1.9567844844539573 vs. 1.9567844844539573
--------
nle(id0,id1,dist): 91 96 2.805057059581334
list:
dist: 2.805057059581334 vs. 2.805057059581334
--------
nle(id0,id1,dist): 88 89 1.980260242443641
list:
dist: 1.980260242443641 vs. 1.980260242443641
--------
nle(id0,id1,dist): 88 108 4.70120038147216
list:
dist: 4.70120038147216 vs. 4.70120038147216
--------
nle(id0,id1,dist): 89 113 3.5570070876881776
list:
dist: 3.5570070876881776 vs. 3.5570070876881776
--------
nle(id0,id1,dist): 89 112 4.055109590020027
list:
dist: 4.055109590020027 vs. 4.055109590020027
--------
nle(id0,id1,dist): 89 115 4.292060102402724
list:
dist: 4.292060102402724 vs. 4.292060102402724
--------
nle(id0,id1,dist): 89 114 3.1865669354766157
list:
dist: 3.1865669354766157 vs. 3.1865669354766157
--------
nle(id0,id1,dist): 89 111 3.5276673193038173
list:
dist: 3.5276673193038173 vs. 3.5276673193038173
--------
nle(id0,id1,dist): 89 110 4.27471420409926
list:
dist: 4.27471420409926 vs. 4.27471420409926
--------
nle(id0,id1,dist): 81 82 2.0671842701035983
list:
dist: 2.0671842701035983 vs. 2.0671842701035983
--------
nle(id0,id1,dist): 81 90 4.69815857001427
list:
dist: 4.69815857001427 vs. 4.69815857001427
--------
nle(id0,id1,dist): 81 86 3.1493933537888203
list:
dist: 3.1493933537888203 vs. 3.1493933537888203
--------
nle(id0,id1,dist): 81 87 3.287313074524117
list:
dist: 3.287313074524117 vs. 3.287313074524117
--------
nle(id0,id1,dist): 81 84 3.024646671032097
list:
dist: 3.024646671032097 vs. 3.024646671032097
--------
nle(id0,id1,dist): 81 85 2.4939697918665864
list:
dist: 2.4939697918665864 vs. 2.4939697918665864
--------
nle(id0,id1,dist): 80 85 0.47668871017148895
list:
dist: 0.47668871017148895 vs. 0.47668871017148895
--------
nle(id0,id1,dist): 80 86 1.3306713407780058
list:
dist: 1.3306713407780058 vs. 1.3306713407780058
--------
nle(id0,id1,dist): 80 87 2.1936461325492176
list:
dist: 2.1936461325492176 vs. 2.1936461325492176
--------
nle(id0,id1,dist): 80 81 2.1026077689006244
list:
dist: 2.1026077689006244 vs. 2.1026077689006244
--------
nle(id0,id1,dist): 80 82 0.6668111683045462
list:
dist: 0.6668111683045462 vs. 0.6668111683045462
--------
nle(id0,id1,dist): 80 83 1.3256952042762464
list:
dist: 1.3256952042762464 vs. 1.3256952042762464
--------
nle(id0,id1,dist): 80 84 2.845364625563356
list:
dist: 2.845364625563356 vs. 2.845364625563356
--------
nle(id0,id1,dist): 80 89 2.7683755329814494
list:
dist: 2.7683755329814494 vs. 2.7683755329814494
--------
nle(id0,id1,dist): 80 90 4.815096645962036
list:
dist: 4.815096645962036 vs. 4.815096645962036
--------
nle(id0,id1,dist): 79 88 1.756857151574287
list:
dist: 1.756857151574287 vs. 1.756857151574287
--------
nle(id0,id1,dist): 79 89 2.371513522035024
list:
dist: 2.371513522035024 vs. 2.371513522035024
--------
nle(id0,id1,dist): 79 86 2.045694665567313
list:
dist: 2.045694665567313 vs. 2.045694665567313
--------
nle(id0,id1,dist): 79 87 1.251056851292441
list:
dist: 1.251056851292441 vs. 1.251056851292441
--------
nle(id0,id1,dist): 78 110 4.4022877790925214
list:
dist: 4.4022877790925214 vs. 4.4022877790925214
--------
nle(id0,id1,dist): 78 108 4.79768049322058
list:
dist: 4.79768049322058 vs. 4.79768049322058
--------
nle(id0,id1,dist): 78 107 4.954828400085631
list:
dist: 4.954828400085631 vs. 4.954828400085631
--------
nle(id0,id1,dist): 78 114 3.4059569345345504
list:
dist: 3.4059569345345504 vs. 3.4059569345345504
--------
nle(id0,id1,dist): 78 113 3.8749790124004697
list:
dist: 3.8749790124004697 vs. 3.8749790124004697
--------
nle(id0,id1,dist): 78 112 4.336038414087338
list:
dist: 4.336038414087338 vs. 4.336038414087338
--------
nle(id0,id1,dist): 78 111 3.9211817149623474
list:
dist: 3.9211817149623474 vs. 3.9211817149623474
--------
nle(id0,id1,dist): 78 118 3.811516989057361
list:
dist: 3.811516989057361 vs. 3.811516989057361
--------
nle(id0,id1,dist): 79 81 2.4990549436579594
list:
dist: 2.4990549436579594 vs. 2.4990549436579594
--------
nle(id0,id1,dist): 79 80 2.135376955726801
list:
dist: 2.135376955726801 vs. 2.135376955726801
--------
nle(id0,id1,dist): 78 116 3.5000349659555714
list:
dist: 3.5000349659555714 vs. 3.5000349659555714
--------
nle(id0,id1,dist): 78 115 4.612580927004513
list:
dist: 4.612580927004513 vs. 4.612580927004513
--------
nle(id0,id1,dist): 79 85 2.317837994286415
list:
dist: 2.317837994286415 vs. 2.317837994286415
--------
nle(id0,id1,dist): 79 84 0.7246234625977005
list:
dist: 0.7246234625977005 vs. 0.7246234625977005
--------
nle(id0,id1,dist): 79 83 1.7815975460217774
list:
dist: 1.7815975460217774 vs. 1.7815975460217774
--------
nle(id0,id1,dist): 78 119 4.070132876485066
list:
dist: 4.070132876485066 vs. 4.070132876485066
--------
nle(id0,id1,dist): 79 82 2.012073898838244
list:
dist: 2.012073898838244 vs. 2.012073898838244
--------
nle(id0,id1,dist): 78 93 4.9723929687902455
list:
dist: 4.9723929687902455 vs. 4.9723929687902455
--------
nle(id0,id1,dist): 78 95 4.546581341963704
list:
dist: 4.546581341963704 vs. 4.546581341963704
--------
nle(id0,id1,dist): 78 96 4.176625572886245
list:
dist: 4.176625572886245 vs. 4.176625572886245
--------
nle(id0,id1,dist): 78 97 5.1149879051769505
list:
dist: 5.1149879051769505 vs. 5.1149879051769505
--------
nle(id0,id1,dist): 78 99 4.706900518506926
list:
dist: 4.706900518506926 vs. 4.706900518506926
--------
nle(id0,id1,dist): 78 105 5.32623003082923
list:
dist: 5.32623003082923 vs. 5.32623003082923
--------
nle(id0,id1,dist): 78 80 2.9837999511799187
list:
dist: 2.9837999511799187 vs. 2.9837999511799187
--------
nle(id0,id1,dist): 78 79 1.7627639977654626
list:
dist: 1.7627639977654626 vs. 1.7627639977654626
--------
nle(id0,id1,dist): 78 81 3.94015059668715
list:
dist: 3.94015059668715 vs. 3.94015059668715
--------
nle(id0,id1,dist): 78 84 1.8412299687659017
list:
dist: 1.8412299687659017 vs. 1.8412299687659017
--------
nle(id0,id1,dist): 78 83 2.087136321172698
list:
dist: 2.087136321172698 vs. 2.087136321172698
--------
nle(id0,id1,dist): 78 86 2.0141333933399075
list:
dist: 2.0141333933399075 vs. 2.0141333933399075
--------
nle(id0,id1,dist): 78 85 3.0879328230768976
list:
dist: 3.0879328230768976 vs. 3.0879328230768976
--------
nle(id0,id1,dist): 78 88 0.7782578657162064
list:
dist: 0.7782578657162064 vs. 0.7782578657162064
--------
nle(id0,id1,dist): 78 87 0.802270312011498
list:
dist: 0.802270312011498 vs. 0.802270312011498
--------
nle(id0,id1,dist): 78 89 1.2058623368882917
list:
dist: 1.2058623368882917 vs. 1.2058623368882917
--------
nle(id0,id1,dist): 83 144 4.507430449467519
list:
dist: 4.507430449467519 vs. 4.507430449467519
--------
nle(id0,id1,dist): 83 143 3.889704837407717
list:
dist: 3.889704837407717 vs. 3.889704837407717
--------
nle(id0,id1,dist): 83 142 3.844077523158019
list:
dist: 3.844077523158019 vs. 3.844077523158019
--------
nle(id0,id1,dist): 83 140 4.815051349742793
list:
dist: 4.815051349742793 vs. 4.815051349742793
--------
nle(id0,id1,dist): 83 139 5.252204157011482
list:
dist: 5.252204157011482 vs. 5.252204157011482
--------
nle(id0,id1,dist): 83 136 4.958284920836332
list:
dist: 4.958284920836332 vs. 4.958284920836332
--------
nle(id0,id1,dist): 83 131 4.868098035551031
list:
dist: 4.868098035551031 vs. 4.868098035551031
--------
nle(id0,id1,dist): 83 126 4.742412537896952
list:
dist: 4.742412537896952 vs. 4.742412537896952
--------
nle(id0,id1,dist): 84 89 2.6398613658248187
list:
dist: 2.6398613658248187 vs. 2.6398613658248187
--------
nle(id0,id1,dist): 84 87 1.616003227214785
list:
dist: 1.616003227214785 vs. 1.616003227214785
--------
nle(id0,id1,dist): 84 88 1.6052916145714038
list:
dist: 1.6052916145714038 vs. 1.6052916145714038
--------
nle(id0,id1,dist): 84 85 2.9941029126336245
list:
dist: 2.9941029126336245 vs. 2.9941029126336245
--------
nle(id0,id1,dist): 84 86 2.6534062709467956
list:
dist: 2.6534062709467956 vs. 2.6534062709467956
--------
nle(id0,id1,dist): 83 86 0.6924857647787152
list:
dist: 0.6924857647787152 vs. 0.6924857647787152
--------
nle(id0,id1,dist): 83 87 1.3575907393234152
list:
dist: 1.3575907393234152 vs. 1.3575907393234152
--------
nle(id0,id1,dist): 83 89 1.6228943482161018
list:
dist: 1.6228943482161018 vs. 1.6228943482161018
--------
nle(id0,id1,dist): 83 84 2.3451677906174537
list:
dist: 2.3451677906174537 vs. 2.3451677906174537
--------
nle(id0,id1,dist): 83 85 1.1716890663740278
list:
dist: 1.1716890663740278 vs. 1.1716890663740278
--------
nle(id0,id1,dist): 82 87 2.341469079728878
list:
dist: 2.341469079728878 vs. 2.341469079728878
--------
nle(id0,id1,dist): 82 84 2.6624375389285078
list:
dist: 2.6624375389285078 vs. 2.6624375389285078
--------
nle(id0,id1,dist): 82 83 1.3932835947924664
list:
dist: 1.3932835947924664 vs. 1.3932835947924664
--------
nle(id0,id1,dist): 82 86 1.6942644080120783
list:
dist: 1.6942644080120783 vs. 1.6942644080120783
--------
nle(id0,id1,dist): 82 85 0.647091292926734
list:
dist: 0.647091292926734 vs. 0.647091292926734
--------
nle(id0,id1,dist): 81 100 4.824704454361893
list:
dist: 4.824704454361893 vs. 4.824704454361893
--------
nle(id0,id1,dist): 81 92 3.753847532133964
list:
dist: 3.753847532133964 vs. 3.753847532133964
--------
nle(id0,id1,dist): 81 94 4.475089659267985
list:
dist: 4.475089659267985 vs. 4.475089659267985
--------
nle(id0,id1,dist): 81 98 4.189635571327534
list:
dist: 4.189635571327534 vs. 4.189635571327534
--------
nle(id0,id1,dist): 74 76 1.696162296059893
list:
dist: 1.696162296059893 vs. 1.696162296059893
--------
nle(id0,id1,dist): 74 75 0.49651539253543187
list:
dist: 0.49651539253543187 vs. 0.49651539253543187
--------
nle(id0,id1,dist): 74 78 1.6988023411293496
list:
dist: 1.6988023411293496 vs. 1.6988023411293496
--------
nle(id0,id1,dist): 74 77 1.5810285311835677
list:
dist: 1.5810285311835677 vs. 1.5810285311835677
--------
nle(id0,id1,dist): 74 83 1.3195734882868033
list:
dist: 1.3195734882868033 vs. 1.3195734882868033
--------
nle(id0,id1,dist): 74 84 1.687661855197583
list:
dist: 1.687661855197583 vs. 1.687661855197583
--------
nle(id0,id1,dist): 74 85 1.7316528025426354
list:
dist: 1.7316528025426354 vs. 1.7316528025426354
--------
nle(id0,id1,dist): 74 86 1.2641536076749011
list:
dist: 1.2641536076749011 vs. 1.2641536076749011
--------
nle(id0,id1,dist): 74 79 1.0120110992524807
list:
dist: 1.0120110992524807 vs. 1.0120110992524807
--------
nle(id0,id1,dist): 74 80 1.4659018915832145
list:
dist: 1.4659018915832145 vs. 1.4659018915832145
--------
nle(id0,id1,dist): 74 81 2.326565014950651
list:
dist: 2.326565014950651 vs. 2.326565014950651
--------
nle(id0,id1,dist): 74 82 1.662839813648049
list:
dist: 1.662839813648049 vs. 1.662839813648049
--------
nle(id0,id1,dist): 74 87 0.9837243004109733
list:
dist: 0.9837243004109733 vs. 0.9837243004109733
--------
nle(id0,id1,dist): 74 88 1.970515664032187
list:
dist: 1.970515664032187 vs. 1.970515664032187
--------
nle(id0,id1,dist): 74 89 2.012628734039682
list:
dist: 2.012628734039682 vs. 2.012628734039682
--------
nle(id0,id1,dist): 73 75 2.0054055659756647
list:
dist: 2.0054055659756647 vs. 2.0054055659756647
--------
nle(id0,id1,dist): 73 74 1.5570804368579274
list:
dist: 1.5570804368579274 vs. 1.5570804368579274
--------
nle(id0,id1,dist): 73 83 1.9463285560373662
list:
dist: 1.9463285560373662 vs. 1.9463285560373662
--------
nle(id0,id1,dist): 73 82 0.9380594393027553
list:
dist: 0.9380594393027553 vs. 0.9380594393027553
--------
nle(id0,id1,dist): 73 81 1.2987285751680615
list:
dist: 1.2987285751680615 vs. 1.2987285751680615
--------
nle(id0,id1,dist): 73 80 0.8046923573993944
list:
dist: 0.8046923573993944 vs. 0.8046923573993944
--------
nle(id0,id1,dist): 73 79 2.0678783579477034
list:
dist: 2.0678783579477034 vs. 2.0678783579477034
--------
nle(id0,id1,dist): 73 78 3.2464211841333097
list:
dist: 3.2464211841333097 vs. 3.2464211841333097
--------
nle(id0,id1,dist): 73 77 1.1930375378644518
list:
dist: 1.1930375378644518 vs. 1.1930375378644518
--------
nle(id0,id1,dist): 73 76 0.6111242150588568
list:
dist: 0.6111242150588568 vs. 0.6111242150588568
--------
nle(id0,id1,dist): 73 90 4.6414006492875
list:
dist: 4.6414006492875 vs. 4.6414006492875
--------
nle(id0,id1,dist): 73 89 3.303166400641139
list:
dist: 3.303166400641139 vs. 3.303166400641139
--------
nle(id0,id1,dist): 73 86 1.971359449552986
list:
dist: 1.971359449552986 vs. 1.971359449552986
--------
nle(id0,id1,dist): 73 87 2.484460125064325
list:
dist: 2.484460125064325 vs. 2.484460125064325
--------
nle(id0,id1,dist): 73 84 2.758674208913116
list:
dist: 2.758674208913116 vs. 2.758674208913116
--------
nle(id0,id1,dist): 73 85 1.2149972483399036
list:
dist: 1.2149972483399036 vs. 1.2149972483399036
--------
nle(id0,id1,dist): 72 74 1.9716633795417478
list:
dist: 1.9716633795417478 vs. 1.9716633795417478
--------
nle(id0,id1,dist): 72 73 1.25248474630265
list:
dist: 1.25248474630265 vs. 1.25248474630265
--------
nle(id0,id1,dist): 72 76 1.8227475010744554
list:
dist: 1.8227475010744554 vs. 1.8227475010744554
--------
nle(id0,id1,dist): 72 75 2.369003788613504
list:
dist: 2.369003788613504 vs. 2.369003788613504
--------
nle(id0,id1,dist): 72 78 3.518810666990218
list:
dist: 3.518810666990218 vs. 3.518810666990218
--------
nle(id0,id1,dist): 72 77 2.052555878259519
list:
dist: 2.052555878259519 vs. 2.052555878259519
--------
nle(id0,id1,dist): 72 80 1.9860080812404235
list:
dist: 1.9860080812404235 vs. 1.9860080812404235
--------
nle(id0,id1,dist): 72 79 1.9584883041900454
list:
dist: 1.9584883041900454 vs. 1.9584883041900454
--------
nle(id0,id1,dist): 72 82 1.839539854376679
list:
dist: 1.839539854376679 vs. 1.839539854376679
--------
nle(id0,id1,dist): 72 81 0.6149613067837117
list:
dist: 0.6149613067837117 vs. 0.6149613067837117
--------
nle(id0,id1,dist): 72 84 2.4469211095032963
list:
dist: 2.4469211095032963 vs. 2.4469211095032963
--------
nle(id0,id1,dist): 72 86 2.9066124239346705
list:
dist: 2.9066124239346705 vs. 2.9066124239346705
--------
nle(id0,id1,dist): 72 85 2.343572594082509
list:
dist: 2.343572594082509 vs. 2.343572594082509
--------
nle(id0,id1,dist): 72 88 3.4950304844469504
list:
dist: 3.4950304844469504 vs. 3.4950304844469504
--------
nle(id0,id1,dist): 72 87 2.8774150643984733
list:
dist: 2.8774150643984733 vs. 2.8774150643984733
--------
nle(id0,id1,dist): 72 92 4.219780142015945
list:
dist: 4.219780142015945 vs. 4.219780142015945
--------
nle(id0,id1,dist): 72 98 4.5600166009008305
list:
dist: 4.5600166009008305 vs. 4.5600166009008305
--------
nle(id0,id1,dist): 71 81 1.7994801737419401
list:
dist: 1.7994801737419401 vs. 1.7994801737419401
--------
nle(id0,id1,dist): 71 80 2.490428434069521
list:
dist: 2.490428434069521 vs. 2.490428434069521
--------
nle(id0,id1,dist): 71 79 1.9412362389012048
list:
dist: 1.9412362389012048 vs. 1.9412362389012048
--------
nle(id0,id1,dist): 71 85 2.6480523756481458
list:
dist: 2.6480523756481458 vs. 2.6480523756481458
--------
nle(id0,id1,dist): 71 84 2.1830146913724033
list:
dist: 2.1830146913724033 vs. 2.1830146913724033
--------
nle(id0,id1,dist): 71 82 2.0123612050442343
list:
dist: 2.0123612050442343 vs. 2.0123612050442343
--------
nle(id0,id1,dist): 71 87 3.0858220771899734
list:
dist: 3.0858220771899734 vs. 3.0858220771899734
--------
nle(id0,id1,dist): 71 86 3.2763789510526844
list:
dist: 3.2763789510526844 vs. 3.2763789510526844
--------
nle(id0,id1,dist): 77 89 3.084766072718205
list:
dist: 3.084766072718205 vs. 3.084766072718205
--------
nle(id0,id1,dist): 77 90 3.7278410220877833
list:
dist: 3.7278410220877833 vs. 3.7278410220877833
--------
nle(id0,id1,dist): 77 84 3.168630321037595
list:
dist: 3.168630321037595 vs. 3.168630321037595
--------
nle(id0,id1,dist): 77 85 1.718939496883569
list:
dist: 1.718939496883569 vs. 1.718939496883569
--------
nle(id0,id1,dist): 77 86 1.8110201639875798
list:
dist: 1.8110201639875798 vs. 1.8110201639875798
--------
nle(id0,id1,dist): 77 87 2.407137501151471
list:
dist: 2.407137501151471 vs. 2.407137501151471
--------
nle(id0,id1,dist): 77 80 1.2849654361151228
list:
dist: 1.2849654361151228 vs. 1.2849654361151228
--------
nle(id0,id1,dist): 77 81 1.955139840993015
list:
dist: 1.955139840993015 vs. 1.955139840993015
--------
nle(id0,id1,dist): 77 82 1.8563157777035566
list:
dist: 1.8563157777035566 vs. 1.8563157777035566
--------
nle(id0,id1,dist): 77 83 2.1854179736334727
list:
dist: 2.1854179736334727 vs. 2.1854179736334727
--------
nle(id0,id1,dist): 76 89 3.205346730772003
list:
dist: 3.205346730772003 vs. 3.205346730772003
--------
nle(id0,id1,dist): 76 90 4.2504911057016646
list:
dist: 4.2504911057016646 vs. 4.2504911057016646
--------
nle(id0,id1,dist): 76 87 2.5534696648790516
list:
dist: 2.5534696648790516 vs. 2.5534696648790516
--------
nle(id0,id1,dist): 76 85 1.059557891069534
list:
dist: 1.059557891069534 vs. 1.059557891069534
--------
nle(id0,id1,dist): 76 86 1.7641305419689892
list:
dist: 1.7641305419689892 vs. 1.7641305419689892
--------
nle(id0,id1,dist): 77 79 2.4715207799470753
list:
dist: 2.4715207799470753 vs. 2.4715207799470753
--------
nle(id0,id1,dist): 77 78 3.048781812343809
list:
dist: 3.048781812343809 vs. 3.048781812343809
--------
nle(id0,id1,dist): 76 78 3.3087588618712784
list:
dist: 3.3087588618712784 vs. 3.3087588618712784
--------
nle(id0,id1,dist): 76 77 0.86271468358058
list:
dist: 0.86271468358058 vs. 0.86271468358058
--------
nle(id0,id1,dist): 76 80 0.6398790643420891
list:
dist: 0.6398790643420891 vs. 0.6398790643420891
--------
nle(id0,id1,dist): 76 79 2.4288991405885914
list:
dist: 2.4288991405885914 vs. 2.4288991405885914
--------
nle(id0,id1,dist): 76 82 1.1357844078585604
list:
dist: 1.1357844078585604 vs. 1.1357844078585604
--------
nle(id0,id1,dist): 76 81 1.7611426826546106
list:
dist: 1.7611426826546106 vs. 1.7611426826546106
--------
nle(id0,id1,dist): 76 84 3.1483980087922423
list:
dist: 3.1483980087922423 vs. 3.1483980087922423
--------
nle(id0,id1,dist): 76 83 1.9086783675725065
list:
dist: 1.9086783675725065 vs. 1.9086783675725065
--------
nle(id0,id1,dist): 75 85 1.9793377522540048
list:
dist: 1.9793377522540048 vs. 1.9793377522540048
--------
nle(id0,id1,dist): 75 84 1.4744190378263118
list:
dist: 1.4744190378263118 vs. 1.4744190378263118
--------
nle(id0,id1,dist): 75 83 1.247232227281315
list:
dist: 1.247232227281315 vs. 1.247232227281315
--------
nle(id0,id1,dist): 75 82 1.942152165252438
list:
dist: 1.942152165252438 vs. 1.942152165252438
--------
nle(id0,id1,dist): 75 89 1.6260139491208343
list:
dist: 1.6260139491208343 vs. 1.6260139491208343
--------
nle(id0,id1,dist): 75 88 1.5959128563210827
list:
dist: 1.5959128563210827 vs. 1.5959128563210827
--------
nle(id0,id1,dist): 75 87 0.5131770296922129
list:
dist: 0.5131770296922129 vs. 0.5131770296922129
--------
nle(id0,id1,dist): 75 86 1.2674376212974345
list:
dist: 1.2674376212974345 vs. 1.2674376212974345
--------
nle(id0,id1,dist): 75 77 2.030370432363338
list:
dist: 2.030370432363338 vs. 2.030370432363338
--------
nle(id0,id1,dist): 75 76 2.1331671529272107
list:
dist: 2.1331671529272107 vs. 2.1331671529272107
--------
nle(id0,id1,dist): 75 81 2.776347983153139
list:
dist: 2.776347983153139 vs. 2.776347983153139
--------
nle(id0,id1,dist): 75 80 1.8099169832306294
list:
dist: 1.8099169832306294 vs. 1.8099169832306294
--------
nle(id0,id1,dist): 75 79 0.9188712170554221
list:
dist: 0.9188712170554221 vs. 0.9188712170554221
--------
nle(id0,id1,dist): 75 78 1.2543564372852187
list:
dist: 1.2543564372852187 vs. 1.2543564372852187
--------
nle(id0,id1,dist): 120 145 3.4160351725609517
list:
dist: 3.4160351725609517 vs. 3.4160351725609517
--------
nle(id0,id1,dist): 120 146 3.774286988929498
list:
dist: 3.774286988929498 vs. 3.774286988929498
--------
nle(id0,id1,dist): 120 147 1.5721637703873472
list:
dist: 1.5721637703873472 vs. 1.5721637703873472
--------
nle(id0,id1,dist): 120 148 3.322014213464022
list:
dist: 3.322014213464022 vs. 3.322014213464022
--------
nle(id0,id1,dist): 120 137 1.6478072594036923
list:
dist: 1.6478072594036923 vs. 1.6478072594036923
--------
nle(id0,id1,dist): 120 138 3.031473889327851
list:
dist: 3.031473889327851 vs. 3.031473889327851
--------
nle(id0,id1,dist): 120 139 2.5295379501934203
list:
dist: 2.5295379501934203 vs. 2.5295379501934203
--------
nle(id0,id1,dist): 120 140 3.0181624809601213
list:
dist: 3.0181624809601213 vs. 3.0181624809601213
--------
nle(id0,id1,dist): 120 141 3.0330196514657404
list:
dist: 3.0330196514657404 vs. 3.0330196514657404
--------
nle(id0,id1,dist): 120 143 4.041924506110741
list:
dist: 4.041924506110741 vs. 4.041924506110741
--------
nle(id0,id1,dist): 120 144 2.580392366046177
list:
dist: 2.580392366046177 vs. 2.580392366046177
--------
nle(id0,id1,dist): 120 130 1.4331743850012963
list:
dist: 1.4331743850012963 vs. 1.4331743850012963
--------
nle(id0,id1,dist): 120 129 1.2438430524967632
list:
dist: 1.2438430524967632 vs. 1.2438430524967632
--------
nle(id0,id1,dist): 120 132 1.1758657890029591
list:
dist: 1.1758657890029591 vs. 1.1758657890029591
--------
nle(id0,id1,dist): 120 131 1.991070490892853
list:
dist: 1.991070490892853 vs. 1.991070490892853
--------
nle(id0,id1,dist): 120 134 1.640033800296951
list:
dist: 1.640033800296951 vs. 1.640033800296951
--------
nle(id0,id1,dist): 120 133 0.9308666860715332
list:
dist: 0.9308666860715332 vs. 0.9308666860715332
--------
nle(id0,id1,dist): 120 136 2.306338068933199
list:
dist: 2.306338068933199 vs. 2.306338068933199
--------
nle(id0,id1,dist): 120 135 1.451695789246617
list:
dist: 1.451695789246617 vs. 1.451695789246617
--------
nle(id0,id1,dist): 120 122 2.133204535750382
list:
dist: 2.133204535750382 vs. 2.133204535750382
--------
nle(id0,id1,dist): 120 121 1.470951557090184
list:
dist: 1.470951557090184 vs. 1.470951557090184
--------
nle(id0,id1,dist): 120 124 1.9386634393944113
list:
dist: 1.9386634393944113 vs. 1.9386634393944113
--------
nle(id0,id1,dist): 120 123 1.2600426934041167
list:
dist: 1.2600426934041167 vs. 1.2600426934041167
--------
nle(id0,id1,dist): 120 126 1.7632626077800977
list:
dist: 1.7632626077800977 vs. 1.7632626077800977
--------
nle(id0,id1,dist): 120 125 1.8991332786878765
list:
dist: 1.8991332786878765 vs. 1.8991332786878765
--------
nle(id0,id1,dist): 120 128 1.607637976756705
list:
dist: 1.607637976756705 vs. 1.607637976756705
--------
nle(id0,id1,dist): 121 147 2.7206831523221178
list:
dist: 2.7206831523221178 vs. 2.7206831523221178
--------
nle(id0,id1,dist): 121 135 2.194229342301967
list:
dist: 2.194229342301967 vs. 2.194229342301967
--------
nle(id0,id1,dist): 121 132 1.8968945688388734
list:
dist: 1.8968945688388734 vs. 1.8968945688388734
--------
nle(id0,id1,dist): 121 133 1.5656692306542666
list:
dist: 1.5656692306542666 vs. 1.5656692306542666
--------
nle(id0,id1,dist): 121 137 3.041641176451313
list:
dist: 3.041641176451313 vs. 3.041641176451313
--------
nle(id0,id1,dist): 121 125 2.793677878881148
list:
dist: 2.793677878881148 vs. 2.793677878881148
--------
nle(id0,id1,dist): 121 124 1.8149766303393269
list:
dist: 1.8149766303393269 vs. 1.8149766303393269
--------
nle(id0,id1,dist): 121 130 1.828338895968527
list:
dist: 1.828338895968527 vs. 1.828338895968527
--------
nle(id0,id1,dist): 121 129 2.415944141176075
list:
dist: 2.415944141176075 vs. 2.415944141176075
--------
nle(id0,id1,dist): 121 128 2.905137303884367
list:
dist: 2.905137303884367 vs. 2.905137303884367
--------
nle(id0,id1,dist): 121 123 1.7816323211735963
list:
dist: 1.7816323211735963 vs. 1.7816323211735963
--------
nle(id0,id1,dist): 122 132 1.0528754268910896
list:
dist: 1.0528754268910896 vs. 1.0528754268910896
--------
nle(id0,id1,dist): 122 131 1.2081983462149928
list:
dist: 1.2081983462149928 vs. 1.2081983462149928
--------
nle(id0,id1,dist): 122 134 1.4419025615022896
list:
dist: 1.4419025615022896 vs. 1.4419025615022896
--------
nle(id0,id1,dist): 122 133 1.3051541106608047
list:
dist: 1.3051541106608047 vs. 1.3051541106608047
--------
nle(id0,id1,dist): 122 128 2.1727024261246077
list:
dist: 2.1727024261246077 vs. 2.1727024261246077
--------
nle(id0,id1,dist): 122 130 1.0676980297050886
list:
dist: 1.0676980297050886 vs. 1.0676980297050886
--------
nle(id0,id1,dist): 122 129 3.2784154706394935
list:
dist: 3.2784154706394935 vs. 3.2784154706394935
--------
nle(id0,id1,dist): 122 140 1.8879248029505655
list:
dist: 1.8879248029505655 vs. 1.8879248029505655
--------
nle(id0,id1,dist): 122 139 2.2354031130308303
list:
dist: 2.2354031130308303 vs. 2.2354031130308303
--------
nle(id0,id1,dist): 122 142 2.5793476069721404
list:
dist: 2.5793476069721404 vs. 2.5793476069721404
--------
nle(id0,id1,dist): 122 141 3.3767365048027216
list:
dist: 3.3767365048027216 vs. 3.3767365048027216
--------
nle(id0,id1,dist): 122 136 1.2979934002545874
list:
dist: 1.2979934002545874 vs. 1.2979934002545874
--------
nle(id0,id1,dist): 122 135 1.1957343506455014
list:
dist: 1.1957343506455014 vs. 1.1957343506455014
--------
nle(id0,id1,dist): 122 137 2.3461122286217737
list:
dist: 2.3461122286217737 vs. 2.3461122286217737
--------
nle(id0,id1,dist): 122 123 2.1455789347753087
list:
dist: 2.1455789347753087 vs. 2.1455789347753087
--------
nle(id0,id1,dist): 122 124 1.496543628170753
list:
dist: 1.496543628170753 vs. 1.496543628170753
--------
nle(id0,id1,dist): 122 125 1.7933007387039188
list:
dist: 1.7933007387039188 vs. 1.7933007387039188
--------
nle(id0,id1,dist): 122 126 1.7713559079864087
list:
dist: 1.7713559079864087 vs. 1.7713559079864087
--------
nle(id0,id1,dist): 123 129 2.0887214582556846
list:
dist: 2.0887214582556846 vs. 2.0887214582556846
--------
nle(id0,id1,dist): 123 128 1.587236878192837
list:
dist: 1.587236878192837 vs. 1.587236878192837
--------
nle(id0,id1,dist): 123 126 1.5106728473103463
list:
dist: 1.5106728473103463 vs. 1.5106728473103463
--------
nle(id0,id1,dist): 123 125 1.2783324112849948
list:
dist: 1.2783324112849948 vs. 1.2783324112849948
--------
nle(id0,id1,dist): 123 124 1.2081519695780412
list:
dist: 1.2081519695780412 vs. 1.2081519695780412
--------
nle(id0,id1,dist): 123 137 1.8937241318914209
list:
dist: 1.8937241318914209 vs. 1.8937241318914209
--------
nle(id0,id1,dist): 123 136 2.4191981882763987
list:
dist: 2.4191981882763987 vs. 2.4191981882763987
--------
nle(id0,id1,dist): 123 135 1.115304681772454
list:
dist: 1.115304681772454 vs. 1.115304681772454
--------
nle(id0,id1,dist): 123 134 2.17300373380568
list:
dist: 2.17300373380568 vs. 2.17300373380568
--------
nle(id0,id1,dist): 123 133 1.6013131020305627
list:
dist: 1.6013131020305627 vs. 1.6013131020305627
--------
nle(id0,id1,dist): 123 132 1.240772417993025
list:
dist: 1.240772417993025 vs. 1.240772417993025
--------
nle(id0,id1,dist): 123 131 1.9586276551191435
list:
dist: 1.9586276551191435 vs. 1.9586276551191435
--------
nle(id0,id1,dist): 123 130 2.0457060646195915
list:
dist: 2.0457060646195915 vs. 2.0457060646195915
--------
nle(id0,id1,dist): 122 149 3.7966429423956978
list:
dist: 3.7966429423956978 vs. 3.7966429423956978
--------
nle(id0,id1,dist): 122 147 1.8898173717936113
list:
dist: 1.8898173717936113 vs. 1.8898173717936113
--------
nle(id0,id1,dist): 122 148 2.9039716326242284
list:
dist: 2.9039716326242284 vs. 2.9039716326242284
--------
nle(id0,id1,dist): 122 145 2.937722879583295
list:
dist: 2.937722879583295 vs. 2.937722879583295
--------
nle(id0,id1,dist): 122 146 3.6319344566998044
list:
dist: 3.6319344566998044 vs. 3.6319344566998044
--------
nle(id0,id1,dist): 122 144 2.4881296618349036
list:
dist: 2.4881296618349036 vs. 2.4881296618349036
--------
nle(id0,id1,dist): 124 126 1.9090565474212848
list:
dist: 1.9090565474212848 vs. 1.9090565474212848
--------
nle(id0,id1,dist): 124 125 1.5923148085935248
list:
dist: 1.5923148085935248 vs. 1.5923148085935248
--------
nle(id0,id1,dist): 124 128 2.2655563983222438
list:
dist: 2.2655563983222438 vs. 2.2655563983222438
--------
nle(id0,id1,dist): 124 130 1.8332298351555583
list:
dist: 1.8332298351555583 vs. 1.8332298351555583
--------
nle(id0,id1,dist): 124 132 1.242184120843835
list:
dist: 1.242184120843835 vs. 1.242184120843835
--------
nle(id0,id1,dist): 124 131 1.9364099671490917
list:
dist: 1.9364099671490917 vs. 1.9364099671490917
--------
nle(id0,id1,dist): 123 138 3.149835065832406
list:
dist: 3.149835065832406 vs. 3.149835065832406
--------
nle(id0,id1,dist): 123 139 2.892713035638838
list:
dist: 2.892713035638838 vs. 2.892713035638838
--------
nle(id0,id1,dist): 123 140 3.1529503142973456
list:
dist: 3.1529503142973456 vs. 3.1529503142973456
--------
nle(id0,id1,dist): 123 141 3.655544485170408
list:
dist: 3.655544485170408 vs. 3.655544485170408
--------
nle(id0,id1,dist): 123 143 3.9228107722229386
list:
dist: 3.9228107722229386 vs. 3.9228107722229386
--------
nle(id0,id1,dist): 123 144 2.5475642079298995
list:
dist: 2.5475642079298995 vs. 2.5475642079298995
--------
nle(id0,id1,dist): 123 145 3.6537016278230654
list:
dist: 3.6537016278230654 vs. 3.6537016278230654
--------
nle(id0,id1,dist): 123 146 4.066745600607942
list:
dist: 4.066745600607942 vs. 4.066745600607942
--------
nle(id0,id1,dist): 123 147 2.4119495578333794
list:
dist: 2.4119495578333794 vs. 2.4119495578333794
--------
nle(id0,id1,dist): 123 148 3.3884835055857945
list:
dist: 3.3884835055857945 vs. 3.3884835055857945
--------
nle(id0,id1,dist): 125 126 0.5136155464815602
list:
dist: 0.5136155464815602 vs. 0.5136155464815602
--------
nle(id0,id1,dist): 124 135 1.1533342927622947
list:
dist: 1.1533342927622947 vs. 1.1533342927622947
--------
nle(id0,id1,dist): 124 136 2.3239001655547997
list:
dist: 2.3239001655547997 vs. 2.3239001655547997
--------
nle(id0,id1,dist): 124 133 1.6511207989633903
list:
dist: 1.6511207989633903 vs. 1.6511207989633903
--------
nle(id0,id1,dist): 124 134 2.3246463621235454
list:
dist: 2.3246463621235454 vs. 2.3246463621235454
--------
nle(id0,id1,dist): 124 139 3.143017842411625
list:
dist: 3.143017842411625 vs. 3.143017842411625
--------
nle(id0,id1,dist): 124 140 3.027789998479373
list:
dist: 3.027789998479373 vs. 3.027789998479373
--------
nle(id0,id1,dist): 124 137 2.589855819911103
list:
dist: 2.589855819911103 vs. 2.589855819911103
--------
nle(id0,id1,dist): 124 144 2.9627980797695597
list:
dist: 2.9627980797695597 vs. 2.9627980797695597
--------
nle(id0,id1,dist): 124 147 2.7022209104838906
list:
dist: 2.7022209104838906 vs. 2.7022209104838906
--------
nle(id0,id1,dist): 124 148 3.6577901339768677
list:
dist: 3.6577901339768677 vs. 3.6577901339768677
--------
nle(id0,id1,dist): 112 119 0.8260850830135712
list:
dist: 0.8260850830135712 vs. 0.8260850830135712
--------
nle(id0,id1,dist): 112 117 0.7469555326347733
list:
dist: 0.7469555326347733 vs. 0.7469555326347733
--------
nle(id0,id1,dist): 112 118 1.2502088922797168
list:
dist: 1.2502088922797168 vs. 1.2502088922797168
--------
nle(id0,id1,dist): 112 115 0.30991373122106625
list:
dist: 0.30991373122106625 vs. 0.30991373122106625
--------
nle(id0,id1,dist): 112 116 0.9839255115157789
list:
dist: 0.9839255115157789 vs. 0.9839255115157789
--------
nle(id0,id1,dist): 112 113 0.999538922095469
list:
dist: 0.999538922095469 vs. 0.999538922095469
--------
nle(id0,id1,dist): 112 114 1.3305017761773674
list:
dist: 1.3305017761773674 vs. 1.3305017761773674
--------
nle(id0,id1,dist): 113 116 1.1832283107477621
list:
dist: 1.1832283107477621 vs. 1.1832283107477621
--------
nle(id0,id1,dist): 113 117 1.6829328580274678
list:
dist: 1.6829328580274678 vs. 1.6829328580274678
--------
nle(id0,id1,dist): 113 118 1.8513651177143113
list:
dist: 1.8513651177143113 vs. 1.8513651177143113
--------
nle(id0,id1,dist): 113 119 0.9561154735586634
list:
dist: 0.9561154735586634 vs. 0.9561154735586634
--------
nle(id0,id1,dist): 113 114 0.5311822165753345
list:
dist: 0.5311822165753345 vs. 0.5311822165753345
--------
nle(id0,id1,dist): 113 115 1.0979575792401381
list:
dist: 1.0979575792401381 vs. 1.0979575792401381
--------
nle(id0,id1,dist): 114 117 1.9407751832697866
list:
dist: 1.9407751832697866 vs. 1.9407751832697866
--------
nle(id0,id1,dist): 114 118 1.9195946293107111
list:
dist: 1.9195946293107111 vs. 1.9195946293107111
--------
nle(id0,id1,dist): 114 115 1.5118391373777726
list:
dist: 1.5118391373777726 vs. 1.5118391373777726
--------
nle(id0,id1,dist): 114 116 1.0699685488739672
list:
dist: 1.0699685488739672 vs. 1.0699685488739672
--------
nle(id0,id1,dist): 114 119 1.0284362433086576
list:
dist: 1.0284362433086576 vs. 1.0284362433086576
--------
nle(id0,id1,dist): 115 118 1.4756287890050785
list:
dist: 1.4756287890050785 vs. 1.4756287890050785
--------
nle(id0,id1,dist): 115 119 1.016016496285841
list:
dist: 1.016016496285841 vs. 1.016016496285841
--------
nle(id0,id1,dist): 115 116 1.2897293105479015
list:
dist: 1.2897293105479015 vs. 1.2897293105479015
--------
nle(id0,id1,dist): 115 117 0.7971400809380663
list:
dist: 0.7971400809380663 vs. 0.7971400809380663
--------
nle(id0,id1,dist): 116 117 1.273089493592182
list:
dist: 1.273089493592182 vs. 1.273089493592182
--------
nle(id0,id1,dist): 116 118 1.1196326376693384
list:
dist: 1.1196326376693384 vs. 1.1196326376693384
--------
nle(id0,id1,dist): 116 119 0.7760670779569664
list:
dist: 0.7760670779569664 vs. 0.7760670779569664
--------
nle(id0,id1,dist): 117 118 1.3979199653706345
list:
dist: 1.3979199653706345 vs. 1.3979199653706345
--------
nle(id0,id1,dist): 117 119 1.0874864105116222
list:
dist: 1.0874864105116222 vs. 1.0874864105116222
--------
nle(id0,id1,dist): 118 119 1.6904059722571585
list:
dist: 1.6904059722571585 vs. 1.6904059722571585
--------
nle(id0,id1,dist): 106 119 2.789059873299462
list:
dist: 2.789059873299462 vs. 2.789059873299462
--------
nle(id0,id1,dist): 106 113 2.8731354362678387
list:
dist: 2.8731354362678387 vs. 2.8731354362678387
--------
nle(id0,id1,dist): 106 114 2.8806681627479787
list:
dist: 2.8806681627479787 vs. 2.8806681627479787
--------
nle(id0,id1,dist): 106 111 2.6663645842494237
list:
dist: 2.6663645842494237 vs. 2.6663645842494237
--------
nle(id0,id1,dist): 106 117 3.5775891922078245
list:
dist: 3.5775891922078245 vs. 3.5775891922078245
--------
nle(id0,id1,dist): 106 116 3.460450877729993
list:
dist: 3.460450877729993 vs. 3.460450877729993
--------
nle(id0,id1,dist): 106 110 1.8146496607364822
list:
dist: 1.8146496607364822 vs. 1.8146496607364822
--------
nle(id0,id1,dist): 106 109 0.9565631631216591
list:
dist: 0.9565631631216591 vs. 0.9565631631216591
--------
nle(id0,id1,dist): 106 107 1.0390404424077244
list:
dist: 1.0390404424077244 vs. 1.0390404424077244
--------
nle(id0,id1,dist): 105 116 3.519823125291272
list:
dist: 3.519823125291272 vs. 3.519823125291272
--------
nle(id0,id1,dist): 105 117 3.793203900288556
list:
dist: 3.793203900288556 vs. 3.793203900288556
--------
nle(id0,id1,dist): 105 119 2.9889980610256486
list:
dist: 2.9889980610256486 vs. 2.9889980610256486
--------
nle(id0,id1,dist): 105 109 1.5243393895199069
list:
dist: 1.5243393895199069 vs. 1.5243393895199069
--------
nle(id0,id1,dist): 105 108 0.8259442516694285
list:
dist: 0.8259442516694285 vs. 0.8259442516694285
--------
nle(id0,id1,dist): 105 111 3.419377920690619
list:
dist: 3.419377920690619 vs. 3.419377920690619
--------
nle(id0,id1,dist): 105 110 2.4626291838730947
list:
dist: 2.4626291838730947 vs. 2.4626291838730947
--------
nle(id0,id1,dist): 105 113 3.4049569613488226
list:
dist: 3.4049569613488226 vs. 3.4049569613488226
--------
nle(id0,id1,dist): 105 114 3.2417279425216416
list:
dist: 3.2417279425216416 vs. 3.2417279425216416
--------
nle(id0,id1,dist): 105 107 0.67026090434535
list:
dist: 0.67026090434535 vs. 0.67026090434535
--------
nle(id0,id1,dist): 105 106 1.4686954914669768
list:
dist: 1.4686954914669768 vs. 1.4686954914669768
--------
nle(id0,id1,dist): 108 116 3.289412255037467
list:
dist: 3.289412255037467 vs. 3.289412255037467
--------
nle(id0,id1,dist): 108 113 3.4172609059765477
list:
dist: 3.4172609059765477 vs. 3.4172609059765477
--------
nle(id0,id1,dist): 108 114 3.1554418002437785
list:
dist: 3.1554418002437785 vs. 3.1554418002437785
--------
nle(id0,id1,dist): 108 111 3.5272389816422383
list:
dist: 3.5272389816422383 vs. 3.5272389816422383
--------
nle(id0,id1,dist): 108 110 2.648564939386756
list:
dist: 2.648564939386756 vs. 2.648564939386756
--------
nle(id0,id1,dist): 107 119 2.5324097737568603
list:
dist: 2.5324097737568603 vs. 2.5324097737568603
--------
nle(id0,id1,dist): 107 114 2.6695652664625973
list:
dist: 2.6695652664625973 vs. 2.6695652664625973
--------
nle(id0,id1,dist): 107 116 3.084482008933116
list:
dist: 3.084482008933116 vs. 3.084482008933116
--------
nle(id0,id1,dist): 107 117 3.4191834171297137
list:
dist: 3.4191834171297137 vs. 3.4191834171297137
--------
nle(id0,id1,dist): 107 110 1.8592175364601597
list:
dist: 1.8592175364601597 vs. 1.8592175364601597
--------
nle(id0,id1,dist): 107 111 2.7699708202936546
list:
dist: 2.7699708202936546 vs. 2.7699708202936546
--------
nle(id0,id1,dist): 107 113 2.8223491229214845
list:
dist: 2.8223491229214845 vs. 2.8223491229214845
--------
nle(id0,id1,dist): 107 108 1.144158321701074
list:
dist: 1.144158321701074 vs. 1.144158321701074
--------
nle(id0,id1,dist): 107 109 1.3178961889294583
list:
dist: 1.3178961889294583 vs. 1.3178961889294583
--------
nle(id0,id1,dist): 109 114 3.5260379853997574
list:
dist: 3.5260379853997574 vs. 3.5260379853997574
--------
nle(id0,id1,dist): 109 113 3.6127129332148193
list:
dist: 3.6127129332148193 vs. 3.6127129332148193
--------
nle(id0,id1,dist): 109 119 3.575789780761649
list:
dist: 3.575789780761649 vs. 3.575789780761649
--------
nle(id0,id1,dist): 109 116 4.1719659210692575
list:
dist: 4.1719659210692575 vs. 4.1719659210692575
--------
nle(id0,id1,dist): 109 117 4.449435568705081
list:
dist: 4.449435568705081 vs. 4.449435568705081
--------
nle(id0,id1,dist): 109 111 3.2908631658634557
list:
dist: 3.2908631658634557 vs. 3.2908631658634557
--------
nle(id0,id1,dist): 109 110 2.6005900682690086
list:
dist: 2.6005900682690086 vs. 2.6005900682690086
--------
nle(id0,id1,dist): 108 117 3.7374728360212073
list:
dist: 3.7374728360212073 vs. 3.7374728360212073
--------
nle(id0,id1,dist): 108 119 2.9125527503262982
list:
dist: 2.9125527503262982 vs. 2.9125527503262982
--------
nle(id0,id1,dist): 111 119 1.6851031295214671
list:
dist: 1.6851031295214671 vs. 1.6851031295214671
--------
nle(id0,id1,dist): 111 118 2.608015388401199
list:
dist: 2.608015388401199 vs. 2.608015388401199
--------
nle(id0,id1,dist): 111 116 1.9378325842349797
list:
dist: 1.9378325842349797 vs. 1.9378325842349797
--------
nle(id0,id1,dist): 111 117 2.4849989323514263
list:
dist: 2.4849989323514263 vs. 2.4849989323514263
--------
nle(id0,id1,dist): 111 114 0.9304925863042205
list:
dist: 0.9304925863042205 vs. 0.9304925863042205
--------
nle(id0,id1,dist): 111 115 1.8368195371746734
list:
dist: 1.8368195371746734 vs. 1.8368195371746734
--------
nle(id0,id1,dist): 111 112 1.8038410694136504
list:
dist: 1.8038410694136504 vs. 1.8038410694136504
--------
nle(id0,id1,dist): 111 113 0.832718232970088
list:
dist: 0.832718232970088 vs. 0.832718232970088
--------
nle(id0,id1,dist): 110 111 1.1428668269797977
list:
dist: 1.1428668269797977 vs. 1.1428668269797977
--------
nle(id0,id1,dist): 110 112 1.6543779276882902
list:
dist: 1.6543779276882902 vs. 1.6543779276882902
--------
nle(id0,id1,dist): 110 113 1.0663957539190518
list:
dist: 1.0663957539190518 vs. 1.0663957539190518
--------
nle(id0,id1,dist): 110 114 1.1682338014235558
list:
dist: 1.1682338014235558 vs. 1.1682338014235558
--------
nle(id0,id1,dist): 110 119 1.168319916366875
list:
dist: 1.168319916366875 vs. 1.168319916366875
--------
nle(id0,id1,dist): 110 115 1.6721156600314868
list:
dist: 1.6721156600314868 vs. 1.6721156600314868
--------
nle(id0,id1,dist): 110 116 1.79939802066499
list:
dist: 1.79939802066499 vs. 1.79939802066499
--------
nle(id0,id1,dist): 110 117 2.064267025681886
list:
dist: 2.064267025681886 vs. 2.064267025681886
--------
nle(id0,id1,dist): 110 118 2.716506581479282
list:
dist: 2.716506581479282 vs. 2.716506581479282
--------
nle(id0,id1,dist): 99 107 0.9866741465527739
list:
dist: 0.9866741465527739 vs. 0.9866741465527739
--------
nle(id0,id1,dist): 99 106 1.7345635459877269
list:
dist: 1.7345635459877269 vs. 1.7345635459877269
--------
nle(id0,id1,dist): 99 109 2.2774982602641005
list:
dist: 2.2774982602641005 vs. 2.2774982602641005
--------
nle(id0,id1,dist): 99 108 1.1476928303168685
list:
dist: 1.1476928303168685 vs. 1.1476928303168685
--------
nle(id0,id1,dist): 99 111 2.7149862834148615
list:
dist: 2.7149862834148615 vs. 2.7149862834148615
--------
nle(id0,id1,dist): 99 110 1.6888880460123399
list:
dist: 1.6888880460123399 vs. 1.6888880460123399
--------
nle(id0,id1,dist): 99 113 2.47241538406828
list:
dist: 2.47241538406828 vs. 2.47241538406828
--------
nle(id0,id1,dist): 99 101 2.6587291935577637
list:
dist: 2.6587291935577637 vs. 2.6587291935577637
--------
nle(id0,id1,dist): 99 100 3.5394358008136595
list:
dist: 3.5394358008136595 vs. 3.5394358008136595
--------
nle(id0,id1,dist): 99 103 2.667554351406959
list:
dist: 2.667554351406959 vs. 2.667554351406959
--------
nle(id0,id1,dist): 99 102 4.3686190828848845
list:
dist: 4.3686190828848845 vs. 4.3686190828848845
--------
nle(id0,id1,dist): 99 105 1.1699138328879868
list:
dist: 1.1699138328879868 vs. 1.1699138328879868
--------
nle(id0,id1,dist): 99 104 2.38986158381068
list:
dist: 2.38986158381068 vs. 2.38986158381068
--------
nle(id0,id1,dist): 99 114 2.3289127725193994
list:
dist: 2.3289127725193994 vs. 2.3289127725193994
--------
nle(id0,id1,dist): 99 116 2.409846435750946
list:
dist: 2.409846435750946 vs. 2.409846435750946
--------
nle(id0,id1,dist): 99 117 2.66124194642963
list:
dist: 2.66124194642963 vs. 2.66124194642963
--------
nle(id0,id1,dist): 99 119 1.886564521554432
list:
dist: 1.886564521554432 vs. 1.886564521554432
--------
nle(id0,id1,dist): 98 106 2.0244602965350196
list:
dist: 2.0244602965350196 vs. 2.0244602965350196
--------
nle(id0,id1,dist): 98 105 1.6776235388044742
list:
dist: 1.6776235388044742 vs. 1.6776235388044742
--------
nle(id0,id1,dist): 98 104 1.9458386657485016
list:
dist: 1.9458386657485016 vs. 1.9458386657485016
--------
nle(id0,id1,dist): 98 103 1.1924744737388475
list:
dist: 1.1924744737388475 vs. 1.1924744737388475
--------
nle(id0,id1,dist): 98 109 1.2191805206725632
list:
dist: 1.2191805206725632 vs. 1.2191805206725632
--------
nle(id0,id1,dist): 98 108 2.0202860454424587
list:
dist: 2.0202860454424587 vs. 2.0202860454424587
--------
nle(id0,id1,dist): 98 107 1.726384394280794
list:
dist: 1.726384394280794 vs. 1.726384394280794
--------
nle(id0,id1,dist): 101 103 0.8481296643317445
list:
dist: 0.8481296643317445 vs. 0.8481296643317445
--------
nle(id0,id1,dist): 101 102 2.870539721211525
list:
dist: 2.870539721211525 vs. 2.870539721211525
--------
nle(id0,id1,dist): 101 116 4.108087437143022
list:
dist: 4.108087437143022 vs. 4.108087437143022
--------
nle(id0,id1,dist): 101 117 4.466549727513961
list:
dist: 4.466549727513961 vs. 4.466549727513961
--------
nle(id0,id1,dist): 101 119 3.550469832218234
list:
dist: 3.550469832218234 vs. 3.550469832218234
--------
nle(id0,id1,dist): 101 113 3.362565277011086
list:
dist: 3.362565277011086 vs. 3.362565277011086
--------
nle(id0,id1,dist): 101 114 3.291818815565214
list:
dist: 3.291818815565214 vs. 3.291818815565214
--------
nle(id0,id1,dist): 101 109 0.8431189466865969
list:
dist: 0.8431189466865969 vs. 0.8431189466865969
--------
nle(id0,id1,dist): 101 110 2.451770293350393
list:
dist: 2.451770293350393 vs. 2.451770293350393
--------
nle(id0,id1,dist): 101 111 2.8705061730622856
list:
dist: 2.8705061730622856 vs. 2.8705061730622856
--------
nle(id0,id1,dist): 101 104 1.4406022728890677
list:
dist: 1.4406022728890677 vs. 1.4406022728890677
--------
nle(id0,id1,dist): 101 105 2.182765904172735
list:
dist: 2.182765904172735 vs. 2.182765904172735
--------
nle(id0,id1,dist): 101 106 1.2198807354539096
list:
dist: 1.2198807354539096 vs. 1.2198807354539096
--------
nle(id0,id1,dist): 101 107 1.7608033292753085
list:
dist: 1.7608033292753085 vs. 1.7608033292753085
--------
nle(id0,id1,dist): 100 107 2.565766830866804
list:
dist: 2.565766830866804 vs. 2.565766830866804
--------
nle(id0,id1,dist): 100 106 2.0805909874978408
list:
dist: 2.0805909874978408 vs. 2.0805909874978408
--------
nle(id0,id1,dist): 100 105 2.7295166609778585
list:
dist: 2.7295166609778585 vs. 2.7295166609778585
--------
nle(id0,id1,dist): 100 104 1.687557016779996
list:
dist: 1.687557016779996 vs. 1.687557016779996
--------
nle(id0,id1,dist): 100 103 0.8915917626404778
list:
dist: 0.8915917626404778 vs. 0.8915917626404778
--------
nle(id0,id1,dist): 100 102 2.2644478480502084
list:
dist: 2.2644478480502084 vs. 2.2644478480502084
--------
nle(id0,id1,dist): 100 101 1.19592286611185
list:
dist: 1.19592286611185 vs. 1.19592286611185
--------
nle(id0,id1,dist): 100 109 1.2744570205352765
list:
dist: 1.2744570205352765 vs. 1.2744570205352765
--------
nle(id0,id1,dist): 103 105 1.8571128831889347
list:
dist: 1.8571128831889347 vs. 1.8571128831889347
--------
nle(id0,id1,dist): 103 104 1.008800706877801
list:
dist: 1.008800706877801 vs. 1.008800706877801
--------
nle(id0,id1,dist): 103 107 1.6994209908518447
list:
dist: 1.6994209908518447 vs. 1.6994209908518447
--------
nle(id0,id1,dist): 103 106 1.3032269142815354
list:
dist: 1.3032269142815354 vs. 1.3032269142815354
--------
nle(id0,id1,dist): 103 109 0.3958379183145584
list:
dist: 0.3958379183145584 vs. 0.3958379183145584
--------
nle(id0,id1,dist): 102 106 2.8799077615265474
list:
dist: 2.8799077615265474 vs. 2.8799077615265474
--------
nle(id0,id1,dist): 102 105 3.5926310068437806
list:
dist: 3.5926310068437806 vs. 3.5926310068437806
--------
nle(id0,id1,dist): 102 104 2.0172683733857744
list:
dist: 2.0172683733857744 vs. 2.0172683733857744
--------
nle(id0,id1,dist): 102 103 2.3893237403094303
list:
dist: 2.3893237403094303 vs. 2.3893237403094303
--------
nle(id0,id1,dist): 102 109 2.5761238890845397
list:
dist: 2.5761238890845397 vs. 2.5761238890845397
--------
nle(id0,id1,dist): 102 107 3.6278580274677563
list:
dist: 3.6278580274677563 vs. 3.6278580274677563
--------
nle(id0,id1,dist): 104 109 0.8633030156793993
list:
dist: 0.8633030156793993 vs. 0.8633030156793993
--------
nle(id0,id1,dist): 104 110 2.741243833600116
list:
dist: 2.741243833600116 vs. 2.741243833600116
--------
nle(id0,id1,dist): 104 111 3.5762169949699736
list:
dist: 3.5762169949699736 vs. 3.5762169949699736
--------
nle(id0,id1,dist): 104 105 1.7100045127918786
list:
dist: 1.7100045127918786 vs. 1.7100045127918786
--------
nle(id0,id1,dist): 104 106 0.9392624170075402
list:
dist: 0.9392624170075402 vs. 0.9392624170075402
--------
nle(id0,id1,dist): 104 107 1.6232161873387854
list:
dist: 1.6232161873387854 vs. 1.6232161873387854
--------
nle(id0,id1,dist): 104 117 4.390656031566201
list:
dist: 4.390656031566201 vs. 4.390656031566201
--------
nle(id0,id1,dist): 104 119 3.676095413613024
list:
dist: 3.676095413613024 vs. 3.676095413613024
--------
nle(id0,id1,dist): 104 113 3.802307749833079
list:
dist: 3.802307749833079 vs. 3.802307749833079
--------
nle(id0,id1,dist): 104 114 3.8194501088202957
list:
dist: 3.8194501088202957 vs. 3.8194501088202957
--------
nle(id0,id1,dist): 104 116 4.362840178982063
list:
dist: 4.362840178982063 vs. 4.362840178982063
--------
nle(id0,id1,dist): 147 148 2.3166326506117225
list:
dist: 2.3166326506117225 vs. 2.3166326506117225
--------
nle(id0,id1,dist): 148 149 1.4532617105202827
list:
dist: 1.4532617105202827 vs. 1.4532617105202827
--------
nle(id0,id1,dist): 146 147 2.59974072455586
list:
dist: 2.59974072455586 vs. 2.59974072455586
--------
nle(id0,id1,dist): 146 148 0.9631499456755199
list:
dist: 0.9631499456755199 vs. 0.9631499456755199
--------
nle(id0,id1,dist): 146 149 1.5719580846876577
list:
dist: 1.5719580846876577 vs. 1.5719580846876577
--------
nle(id0,id1,dist): 144 148 0.8807711063745004
list:
dist: 0.8807711063745004 vs. 0.8807711063745004
--------
nle(id0,id1,dist): 144 147 1.9260456288939811
list:
dist: 1.9260456288939811 vs. 1.9260456288939811
--------
nle(id0,id1,dist): 144 146 1.6116092302447065
list:
dist: 1.6116092302447065 vs. 1.6116092302447065
--------
nle(id0,id1,dist): 144 145 1.2688260013251158
list:
dist: 1.2688260013251158 vs. 1.2688260013251158
--------
nle(id0,id1,dist): 144 149 2.2988051823143634
list:
dist: 2.2988051823143634 vs. 2.2988051823143634
--------
nle(id0,id1,dist): 145 149 1.37566033755521
list:
dist: 1.37566033755521 vs. 1.37566033755521
--------
nle(id0,id1,dist): 145 148 0.5511024023644977
list:
dist: 0.5511024023644977 vs. 0.5511024023644977
--------
nle(id0,id1,dist): 145 147 2.1907484403957445
list:
dist: 2.1907484403957445 vs. 2.1907484403957445
--------
nle(id0,id1,dist): 145 146 0.7767415499868264
list:
dist: 0.7767415499868264 vs. 0.7767415499868264
--------
nle(id0,id1,dist): 142 149 2.0240264023616135
list:
dist: 2.0240264023616135 vs. 2.0240264023616135
--------
nle(id0,id1,dist): 142 148 2.21207529219233
list:
dist: 2.21207529219233 vs. 2.21207529219233
--------
nle(id0,id1,dist): 142 145 2.2860476446013873
list:
dist: 2.2860476446013873 vs. 2.2860476446013873
--------
nle(id0,id1,dist): 142 146 2.9728053732549067
list:
dist: 2.9728053732549067 vs. 2.9728053732549067
--------
nle(id0,id1,dist): 142 143 2.473377709532344
list:
dist: 2.473377709532344 vs. 2.473377709532344
--------
nle(id0,id1,dist): 142 144 2.515054025018619
list:
dist: 2.515054025018619 vs. 2.515054025018619
--------
nle(id0,id1,dist): 143 146 1.2958013732505824
list:
dist: 1.2958013732505824 vs. 1.2958013732505824
--------
nle(id0,id1,dist): 143 148 0.9163867578126959
list:
dist: 0.9163867578126959 vs. 0.9163867578126959
--------
nle(id0,id1,dist): 143 149 1.3411001716413886
list:
dist: 1.3411001716413886 vs. 1.3411001716413886
--------
nle(id0,id1,dist): 143 144 1.464088320184258
list:
dist: 1.464088320184258 vs. 1.464088320184258
--------
nle(id0,id1,dist): 143 145 1.315078740960631
list:
dist: 1.315078740960631 vs. 1.315078740960631
--------
nle(id0,id1,dist): 141 142 3.591171488797716
list:
dist: 3.591171488797716 vs. 3.591171488797716
--------
nle(id0,id1,dist): 141 143 2.309972428860252
list:
dist: 2.309972428860252 vs. 2.309972428860252
--------
nle(id0,id1,dist): 140 149 1.9450056858775981
list:
dist: 1.9450056858775981 vs. 1.9450056858775981
--------
nle(id0,id1,dist): 141 145 1.4031805251041378
list:
dist: 1.4031805251041378 vs. 1.4031805251041378
--------
nle(id0,id1,dist): 141 144 1.7829191327747544
list:
dist: 1.7829191327747544 vs. 1.7829191327747544
--------
nle(id0,id1,dist): 141 147 1.817248618059992
list:
dist: 1.817248618059992 vs. 1.817248618059992
--------
nle(id0,id1,dist): 141 146 1.2048497190671736
list:
dist: 1.2048497190671736 vs. 1.2048497190671736
--------
nle(id0,id1,dist): 141 149 2.6479985086026523
list:
dist: 2.6479985086026523 vs. 2.6479985086026523
--------
nle(id0,id1,dist): 141 148 1.6554813771577512
list:
dist: 1.6554813771577512 vs. 1.6554813771577512
--------
nle(id0,id1,dist): 139 144 1.0030654407930746
list:
dist: 1.0030654407930746 vs. 1.0030654407930746
--------
nle(id0,id1,dist): 139 145 0.9142860924223762
list:
dist: 0.9142860924223762 vs. 0.9142860924223762
--------
nle(id0,id1,dist): 139 142 2.4795839432962254
list:
dist: 2.4795839432962254 vs. 2.4795839432962254
--------
nle(id0,id1,dist): 139 143 1.9470138933619068
list:
dist: 1.9470138933619068 vs. 1.9470138933619068
--------
nle(id0,id1,dist): 139 140 1.007787119816366
list:
dist: 1.007787119816366 vs. 1.007787119816366
--------
nle(id0,id1,dist): 139 141 1.2714842694173145
list:
dist: 1.2714842694173145 vs. 1.2714842694173145
--------
nle(id0,id1,dist): 139 148 1.038783576580237
list:
dist: 1.038783576580237 vs. 1.038783576580237
--------
nle(id0,id1,dist): 139 149 2.2268634539936656
list:
dist: 2.2268634539936656 vs. 2.2268634539936656
--------
nle(id0,id1,dist): 139 146 1.4475306900206955
list:
dist: 1.4475306900206955 vs. 1.4475306900206955
--------
nle(id0,id1,dist): 139 147 1.3019190381616272
list:
dist: 1.3019190381616272 vs. 1.3019190381616272
--------
nle(id0,id1,dist): 140 145 1.1973361883922051
list:
dist: 1.1973361883922051 vs. 1.1973361883922051
--------
nle(id0,id1,dist): 140 146 1.9700888575592095
list:
dist: 1.9700888575592095 vs. 1.9700888575592095
--------
nle(id0,id1,dist): 140 147 1.886500826427215
list:
dist: 1.886500826427215 vs. 1.886500826427215
--------
nle(id0,id1,dist): 140 148 1.2967788631108237
list:
dist: 1.2967788631108237 vs. 1.2967788631108237
--------
nle(id0,id1,dist): 140 141 2.187392532743152
list:
dist: 2.187392532743152 vs. 2.187392532743152
--------
nle(id0,id1,dist): 140 142 1.5409906077661935
list:
dist: 1.5409906077661935 vs. 1.5409906077661935
--------
nle(id0,id1,dist): 140 143 2.073181813845134
list:
dist: 2.073181813845134 vs. 2.073181813845134
--------
nle(id0,id1,dist): 140 144 1.4815814007588006
list:
dist: 1.4815814007588006 vs. 1.4815814007588006
--------
nle(id0,id1,dist): 138 141 1.551866793473077
list:
dist: 1.551866793473077 vs. 1.551866793473077
--------
nle(id0,id1,dist): 138 142 3.5380701982444087
list:
dist: 3.5380701982444087 vs. 3.5380701982444087
--------
nle(id0,id1,dist): 138 139 1.7037764597504006
list:
dist: 1.7037764597504006 vs. 1.7037764597504006
--------
nle(id0,id1,dist): 138 140 2.4821756616957487
list:
dist: 2.4821756616957487 vs. 2.4821756616957487
--------
nle(id0,id1,dist): 138 149 2.6980945278506225
list:
dist: 2.6980945278506225 vs. 2.6980945278506225
--------
nle(id0,id1,dist): 138 148 1.4325684224943058
list:
dist: 1.4325684224943058 vs. 1.4325684224943058
--------
nle(id0,id1,dist): 138 146 1.4801101770043072
list:
dist: 1.4801101770043072 vs. 1.4801101770043072
--------
nle(id0,id1,dist): 138 145 1.7219435121889792
list:
dist: 1.7219435121889792 vs. 1.7219435121889792
--------
nle(id0,id1,dist): 138 144 1.1658262865144566
list:
dist: 1.1658262865144566 vs. 1.1658262865144566
--------
nle(id0,id1,dist): 138 143 1.6215532069473697
list:
dist: 1.6215532069473697 vs. 1.6215532069473697
--------
nle(id0,id1,dist): 137 144 1.0421418235224453
list:
dist: 1.0421418235224453 vs. 1.0421418235224453
--------
nle(id0,id1,dist): 137 145 2.0103113611992027
list:
dist: 2.0103113611992027 vs. 2.0103113611992027
--------
nle(id0,id1,dist): 137 146 2.2589638244175414
list:
dist: 2.2589638244175414 vs. 2.2589638244175414
--------
nle(id0,id1,dist): 137 147 1.3721365971915118
list:
dist: 1.3721365971915118 vs. 1.3721365971915118
--------
nle(id0,id1,dist): 137 140 2.0485245574041464
list:
dist: 2.0485245574041464 vs. 2.0485245574041464
--------
nle(id0,id1,dist): 137 141 1.8085190857568876
list:
dist: 1.8085190857568876 vs. 1.8085190857568876
--------
nle(id0,id1,dist): 137 143 2.4506642764914837
list:
dist: 2.4506642764914837 vs. 2.4506642764914837
--------
nle(id0,id1,dist): 137 138 1.429715797498658
list:
dist: 1.429715797498658 vs. 1.429715797498658
--------
nle(id0,id1,dist): 137 139 1.3119185985488033
list:
dist: 1.3119185985488033 vs. 1.3119185985488033
--------
nle(id0,id1,dist): 137 148 1.8112960473055475
list:
dist: 1.8112960473055475 vs. 1.8112960473055475
--------
nle(id0,id1,dist): 136 147 1.4280510332478251
list:
dist: 1.4280510332478251 vs. 1.4280510332478251
--------
nle(id0,id1,dist): 136 148 1.616609470335338
list:
dist: 1.616609470335338 vs. 1.616609470335338
--------
nle(id0,id1,dist): 136 145 1.6513924287828396
list:
dist: 1.6513924287828396 vs. 1.6513924287828396
--------
nle(id0,id1,dist): 136 146 2.3453606798174316
list:
dist: 2.3453606798174316 vs. 2.3453606798174316
--------
nle(id0,id1,dist): 136 149 2.6146044607224024
list:
dist: 2.6146044607224024 vs. 2.6146044607224024
--------
nle(id0,id1,dist): 136 139 1.0199353275173404
list:
dist: 1.0199353275173404 vs. 1.0199353275173404
--------
nle(id0,id1,dist): 136 140 0.7610084495099257
list:
dist: 0.7610084495099257 vs. 0.7610084495099257
--------
nle(id0,id1,dist): 136 137 1.5683977450928122
list:
dist: 1.5683977450928122 vs. 1.5683977450928122
--------
nle(id0,id1,dist): 136 138 2.417849802264597
list:
dist: 2.417849802264597 vs. 2.417849802264597
--------
nle(id0,id1,dist): 136 143 2.4178781048288362
list:
dist: 2.4178781048288362 vs. 2.4178781048288362
--------
nle(id0,id1,dist): 136 144 1.3409173809503336
list:
dist: 1.3409173809503336 vs. 1.3409173809503336
--------
nle(id0,id1,dist): 136 141 2.2710702470261883
list:
dist: 2.2710702470261883 vs. 2.2710702470261883
--------
nle(id0,id1,dist): 136 142 1.9865953828358374
list:
dist: 1.9865953828358374 vs. 1.9865953828358374
--------
nle(id0,id1,dist): 135 143 3.2162073964541507
list:
dist: 3.2162073964541507 vs. 3.2162073964541507
--------
nle(id0,id1,dist): 135 144 1.8582182537373384
list:
dist: 1.8582182537373384 vs. 1.8582182537373384
--------
nle(id0,id1,dist): 135 145 2.775863568165083
list:
dist: 2.775863568165083 vs. 2.775863568165083
--------
nle(id0,id1,dist): 135 146 3.3238121204478515
list:
dist: 3.3238121204478515 vs. 3.3238121204478515
--------
nle(id0,id1,dist): 135 147 1.747322015210639
list:
dist: 1.747322015210639 vs. 1.747322015210639
--------
nle(id0,id1,dist): 135 148 2.571476497946968
list:
dist: 2.571476497946968 vs. 2.571476497946968
--------
nle(id0,id1,dist): 134 149 3.2015186709311196
list:
dist: 3.2015186709311196 vs. 3.2015186709311196
--------
nle(id0,id1,dist): 134 148 2.0270767008944417
list:
dist: 2.0270767008944417 vs. 2.0270767008944417
--------
nle(id0,id1,dist): 134 147 0.5844601791628484
list:
dist: 0.5844601791628484 vs. 0.5844601791628484
--------
nle(id0,id1,dist): 135 140 2.0874572688253434
list:
dist: 2.0874572688253434 vs. 2.0874572688253434
--------
nle(id0,id1,dist): 135 141 3.038145875614183
list:
dist: 3.038145875614183 vs. 3.038145875614183
--------
nle(id0,id1,dist): 135 138 2.7712039254204344
list:
dist: 2.7712039254204344 vs. 2.7712039254204344
--------
nle(id0,id1,dist): 135 139 2.0231222534430375
list:
dist: 2.0231222534430375 vs. 2.0231222534430375
--------
nle(id0,id1,dist): 135 136 1.3452758307585129
list:
dist: 1.3452758307585129 vs. 1.3452758307585129
--------
nle(id0,id1,dist): 135 137 1.492200284603378
list:
dist: 1.492200284603378 vs. 1.492200284603378
--------
nle(id0,id1,dist): 134 135 1.3091688491564062
list:
dist: 1.3091688491564062 vs. 1.3091688491564062
--------
nle(id0,id1,dist): 134 136 0.8747994014167986
list:
dist: 0.8747994014167986 vs. 0.8747994014167986
--------
nle(id0,id1,dist): 134 137 1.2397333564454585
list:
dist: 1.2397333564454585 vs. 1.2397333564454585
--------
nle(id0,id1,dist): 134 144 1.5946839481958335
list:
dist: 1.5946839481958335 vs. 1.5946839481958335
--------
nle(id0,id1,dist): 134 145 1.9798211894626576
list:
dist: 1.9798211894626576 vs. 1.9798211894626576
--------
nle(id0,id1,dist): 134 146 2.5133424137955713
list:
dist: 2.5133424137955713 vs. 2.5133424137955713
--------
nle(id0,id1,dist): 134 139 1.0826687272075481
list:
dist: 1.0826687272075481 vs. 1.0826687272075481
--------
nle(id0,id1,dist): 134 140 1.453915062336011
list:
dist: 1.453915062336011 vs. 1.453915062336011
--------
nle(id0,id1,dist): 134 141 1.9944371894644735
list:
dist: 1.9944371894644735 vs. 1.9944371894644735
--------
nle(id0,id1,dist): 134 142 2.8467333935832175
list:
dist: 2.8467333935832175 vs. 2.8467333935832175
--------
nle(id0,id1,dist): 133 135 1.1596979477257596
list:
dist: 1.1596979477257596 vs. 1.1596979477257596
--------
nle(id0,id1,dist): 133 134 1.1669274218532453
list:
dist: 1.1669274218532453 vs. 1.1669274218532453
--------
nle(id0,id1,dist): 133 139 2.235893141144596
list:
dist: 2.235893141144596 vs. 2.235893141144596
--------
nle(id0,id1,dist): 133 136 1.756397676879074
list:
dist: 1.756397676879074 vs. 1.756397676879074
--------
nle(id0,id1,dist): 133 137 1.8355313697587379
list:
dist: 1.8355313697587379 vs. 1.8355313697587379
--------
nle(id0,id1,dist): 133 140 2.465736206415812
list:
dist: 2.465736206415812 vs. 2.465736206415812
--------
nle(id0,id1,dist): 133 141 3.0072351315033874
list:
dist: 3.0072351315033874 vs. 3.0072351315033874
--------
nle(id0,id1,dist): 133 146 3.6447664603295453
list:
dist: 3.6447664603295453 vs. 3.6447664603295453
--------
nle(id0,id1,dist): 133 147 1.2554037302188825
list:
dist: 1.2554037302188825 vs. 1.2554037302188825
--------
nle(id0,id1,dist): 133 144 2.505755664238446
list:
dist: 2.505755664238446 vs. 2.505755664238446
--------
nle(id0,id1,dist): 133 145 3.1328022829166757
list:
dist: 3.1328022829166757 vs. 3.1328022829166757
--------
nle(id0,id1,dist): 133 148 3.1130302942937385
list:
dist: 3.1130302942937385 vs. 3.1130302942937385
--------
nle(id0,id1,dist): 132 134 1.11179056608489
list:
dist: 1.11179056608489 vs. 1.11179056608489
--------
nle(id0,id1,dist): 132 133 0.6970279722771157
list:
dist: 0.6970279722771157 vs. 0.6970279722771157
--------
nle(id0,id1,dist): 132 136 1.3900116061907322
list:
dist: 1.3900116061907322 vs. 1.3900116061907322
--------
nle(id0,id1,dist): 132 135 0.4671604957690531
list:
dist: 0.4671604957690531 vs. 0.4671604957690531
--------
nle(id0,id1,dist): 132 137 1.5661402435007363
list:
dist: 1.5661402435007363 vs. 1.5661402435007363
--------
nle(id0,id1,dist): 132 140 2.1497171421698478
list:
dist: 2.1497171421698478 vs. 2.1497171421698478
--------
nle(id0,id1,dist): 132 139 2.0302699088120315
list:
dist: 2.0302699088120315 vs. 2.0302699088120315
--------
nle(id0,id1,dist): 132 141 2.9832680718204396
list:
dist: 2.9832680718204396 vs. 2.9832680718204396
--------
nle(id0,id1,dist): 132 144 2.0733953968834644
list:
dist: 2.0733953968834644 vs. 2.0733953968834644
--------
nle(id0,id1,dist): 132 145 2.8628996668011513
list:
dist: 2.8628996668011513 vs. 2.8628996668011513
--------
nle(id0,id1,dist): 132 146 3.4122218983472816
list:
dist: 3.4122218983472816 vs. 3.4122218983472816
--------
nle(id0,id1,dist): 132 147 1.4670565078844684
list:
dist: 1.4670565078844684 vs. 1.4670565078844684
--------
nle(id0,id1,dist): 132 148 2.741230259384148
list:
dist: 2.741230259384148 vs. 2.741230259384148
--------
nle(id0,id1,dist): 131 147 1.4643960482313951
list:
dist: 1.4643960482313951 vs. 1.4643960482313951
--------
nle(id0,id1,dist): 131 146 2.571516373257747
list:
dist: 2.571516373257747 vs. 2.571516373257747
--------
nle(id0,id1,dist): 131 149 2.927747697372886
list:
dist: 2.927747697372886 vs. 2.927747697372886
--------
nle(id0,id1,dist): 131 148 1.7972534853953903
list:
dist: 1.7972534853953903 vs. 1.7972534853953903
--------
nle(id0,id1,dist): 131 142 2.240130807823328
list:
dist: 2.240130807823328 vs. 2.240130807823328
--------
nle(id0,id1,dist): 131 143 2.5289938288829954
list:
dist: 2.5289938288829954 vs. 2.5289938288829954
--------
nle(id0,id1,dist): 131 144 1.281220224410947
list:
dist: 1.281220224410947 vs. 1.281220224410947
--------
nle(id0,id1,dist): 131 145 1.9435160264284412
list:
dist: 1.9435160264284412 vs. 1.9435160264284412
--------
nle(id0,id1,dist): 131 138 2.359204134277295
list:
dist: 2.359204134277295 vs. 2.359204134277295
--------
nle(id0,id1,dist): 131 139 1.258105094220928
list:
dist: 1.258105094220928 vs. 1.258105094220928
--------
nle(id0,id1,dist): 131 140 1.1975781122119904
list:
dist: 1.1975781122119904 vs. 1.1975781122119904
--------
nle(id0,id1,dist): 131 141 2.4436027686258615
list:
dist: 2.4436027686258615 vs. 2.4436027686258615
--------
nle(id0,id1,dist): 131 134 0.8906380395757005
list:
dist: 0.8906380395757005 vs. 0.8906380395757005
--------
nle(id0,id1,dist): 131 135 0.8969078300669957
list:
dist: 0.8969078300669957 vs. 0.8969078300669957
--------
nle(id0,id1,dist): 131 136 0.4785615943207975
list:
dist: 0.4785615943207975 vs. 0.4785615943207975
--------
nle(id0,id1,dist): 131 137 1.3378431858623463
list:
dist: 1.3378431858623463 vs. 1.3378431858623463
--------
nle(id0,id1,dist): 131 132 1.0338175941832646
list:
dist: 1.0338175941832646 vs. 1.0338175941832646
--------
nle(id0,id1,dist): 131 133 1.536005660083266
list:
dist: 1.536005660083266 vs. 1.536005660083266
--------
nle(id0,id1,dist): 130 147 1.2958034127955453
list:
dist: 1.2958034127955453 vs. 1.2958034127955453
--------
nle(id0,id1,dist): 130 148 3.1603345004814454
list:
dist: 3.1603345004814454 vs. 3.1603345004814454
--------
nle(id0,id1,dist): 130 145 3.1143731732811197
list:
dist: 3.1143731732811197 vs. 3.1143731732811197
--------
nle(id0,id1,dist): 130 146 3.686252582750421
list:
dist: 3.686252582750421 vs. 3.686252582750421
--------
nle(id0,id1,dist): 130 144 2.6691573302937797
list:
dist: 2.6691573302937797 vs. 2.6691573302937797
--------
nle(id0,id1,dist): 130 141 3.0841950867592542
list:
dist: 3.0841950867592542 vs. 3.0841950867592542
--------
nle(id0,id1,dist): 130 139 2.2473930919230827
list:
dist: 2.2473930919230827 vs. 2.2473930919230827
--------
nle(id0,id1,dist): 130 140 2.325748808918285
list:
dist: 2.325748808918285 vs. 2.325748808918285
--------
nle(id0,id1,dist): 130 137 2.144750632904863
list:
dist: 2.144750632904863 vs. 2.144750632904863
--------
nle(id0,id1,dist): 130 135 1.4119119186246136
list:
dist: 1.4119119186246136 vs. 1.4119119186246136
--------
nle(id0,id1,dist): 130 136 1.684934614142178
list:
dist: 1.684934614142178 vs. 1.684934614142178
--------
nle(id0,id1,dist): 130 132 0.9662454690321706
list:
dist: 0.9662454690321706 vs. 0.9662454690321706
--------
nle(id0,id1,dist): 130 131 1.584637943187086
list:
dist: 1.584637943187086 vs. 1.584637943187086
--------
nle(id0,id1,dist): 130 134 1.1817372366994336
list:
dist: 1.1817372366994336 vs. 1.1817372366994336
--------
nle(id0,id1,dist): 130 133 0.5167747490715223
list:
dist: 0.5167747490715223 vs. 0.5167747490715223
--------
nle(id0,id1,dist): 129 148 3.599542843465074
list:
dist: 3.599542843465074 vs. 3.599542843465074
--------
nle(id0,id1,dist): 129 140 3.6852368098241457
list:
dist: 3.6852368098241457 vs. 3.6852368098241457
--------
nle(id0,id1,dist): 129 141 2.89726597135719
list:
dist: 2.89726597135719 vs. 2.89726597135719
--------
nle(id0,id1,dist): 129 143 4.223427986659665
list:
dist: 4.223427986659665 vs. 4.223427986659665
--------
nle(id0,id1,dist): 129 144 2.8850512343552572
list:
dist: 2.8850512343552572 vs. 2.8850512343552572
--------
nle(id0,id1,dist): 129 145 3.6908823510467372
list:
dist: 3.6908823510467372 vs. 3.6908823510467372
--------
nle(id0,id1,dist): 129 146 3.800629488752454
list:
dist: 3.800629488752454 vs. 3.800629488752454
--------
nle(id0,id1,dist): 129 147 2.0872751139974923
list:
dist: 2.0872751139974923 vs. 2.0872751139974923
--------
nle(id0,id1,dist): 129 135 2.464995994474249
list:
dist: 2.464995994474249 vs. 2.464995994474249
--------
nle(id0,id1,dist): 129 134 2.3609175694360927
list:
dist: 2.3609175694360927 vs. 2.3609175694360927
--------
nle(id0,id1,dist): 129 133 2.084021017366419
list:
dist: 2.084021017366419 vs. 2.084021017366419
--------
nle(id0,id1,dist): 129 132 2.294564153246834
list:
dist: 2.294564153246834 vs. 2.294564153246834
--------
nle(id0,id1,dist): 129 139 2.9085766815733614
list:
dist: 2.9085766815733614 vs. 2.9085766815733614
--------
nle(id0,id1,dist): 129 138 2.832305394259285
list:
dist: 2.832305394259285 vs. 2.832305394259285
--------
nle(id0,id1,dist): 129 137 1.8486206702027341
list:
dist: 1.8486206702027341 vs. 1.8486206702027341
--------
nle(id0,id1,dist): 129 136 3.089785789617692
list:
dist: 3.089785789617692 vs. 3.089785789617692
--------
nle(id0,id1,dist): 129 131 2.820644818207279
list:
dist: 2.820644818207279 vs. 2.820644818207279
--------
nle(id0,id1,dist): 129 130 2.5326294858748613
list:
dist: 2.5326294858748613 vs. 2.5326294858748613
--------
nle(id0,id1,dist): 128 147 1.5779598685005018
list:
dist: 1.5779598685005018 vs. 1.5779598685005018
--------
nle(id0,id1,dist): 128 148 1.908575979505126
list:
dist: 1.908575979505126 vs. 1.908575979505126
--------
nle(id0,id1,dist): 128 145 2.1771006440395313
list:
dist: 2.1771006440395313 vs. 2.1771006440395313
--------
nle(id0,id1,dist): 128 146 2.496593430190464
list:
dist: 2.496593430190464 vs. 2.496593430190464
--------
nle(id0,id1,dist): 128 133 1.7711785128714141
list:
dist: 1.7711785128714141 vs. 1.7711785128714141
--------
nle(id0,id1,dist): 128 134 1.3192335189230882
list:
dist: 1.3192335189230882 vs. 1.3192335189230882
--------
nle(id0,id1,dist): 128 135 1.1932346792536896
list:
dist: 1.1932346792536896 vs. 1.1932346792536896
--------
nle(id0,id1,dist): 128 136 1.5075150178591807
list:
dist: 1.5075150178591807 vs. 1.5075150178591807
--------
nle(id0,id1,dist): 128 129 1.985514046784
list:
dist: 1.985514046784 vs. 1.985514046784
--------
nle(id0,id1,dist): 128 130 2.102013398331212
list:
dist: 2.102013398331212 vs. 2.102013398331212
--------
nle(id0,id1,dist): 128 131 1.174047706586122
list:
dist: 1.174047706586122 vs. 1.174047706586122
--------
nle(id0,id1,dist): 128 132 1.3670096181486076
list:
dist: 1.3670096181486076 vs. 1.3670096181486076
--------
nle(id0,id1,dist): 128 141 2.1791824941881903
list:
dist: 2.1791824941881903 vs. 2.1791824941881903
--------
nle(id0,id1,dist): 128 143 2.492662398254865
list:
dist: 2.492662398254865 vs. 2.492662398254865
--------
nle(id0,id1,dist): 128 144 1.0572545109133258
list:
dist: 1.0572545109133258 vs. 1.0572545109133258
--------
nle(id0,id1,dist): 128 137 0.41233826025819886
list:
dist: 0.41233826025819886 vs. 0.41233826025819886
--------
nle(id0,id1,dist): 128 138 1.6361966685277058
list:
dist: 1.6361966685277058 vs. 1.6361966685277058
--------
nle(id0,id1,dist): 128 139 1.501638774961835
list:
dist: 1.501638774961835 vs. 1.501638774961835
--------
nle(id0,id1,dist): 128 140 2.059225130385308
list:
dist: 2.059225130385308 vs. 2.059225130385308
--------
nle(id0,id1,dist): 126 139 1.526985118513104
list:
dist: 1.526985118513104 vs. 1.526985118513104
--------
nle(id0,id1,dist): 126 140 1.7956699642245484
list:
dist: 1.7956699642245484 vs. 1.7956699642245484
--------
nle(id0,id1,dist): 126 141 2.4760287695972596
list:
dist: 2.4760287695972596 vs. 2.4760287695972596
--------
nle(id0,id1,dist): 126 142 2.753725602713594
list:
dist: 2.753725602713594 vs. 2.753725602713594
--------
nle(id0,id1,dist): 126 143 2.473344839891778
list:
dist: 2.473344839891778 vs. 2.473344839891778
--------
nle(id0,id1,dist): 126 144 1.0846174944225426
list:
dist: 1.0846174944225426 vs. 1.0846174944225426
--------
nle(id0,id1,dist): 126 145 2.1764440503386506
list:
dist: 2.1764440503386506 vs. 2.1764440503386506
--------
nle(id0,id1,dist): 126 146 2.6363797646326446
list:
dist: 2.6363797646326446 vs. 2.6363797646326446
--------
nle(id0,id1,dist): 126 147 1.697629499110514
list:
dist: 1.697629499110514 vs. 1.697629499110514
--------
nle(id0,id1,dist): 126 148 1.8871404034465813
list:
dist: 1.8871404034465813 vs. 1.8871404034465813
--------
nle(id0,id1,dist): 126 149 3.2050831834771905
list:
dist: 3.2050831834771905 vs. 3.2050831834771905
--------
nle(id0,id1,dist): 126 128 0.5525441316614923
list:
dist: 0.5525441316614923 vs. 0.5525441316614923
--------
nle(id0,id1,dist): 126 130 1.9504166061577057
list:
dist: 1.9504166061577057 vs. 1.9504166061577057
--------
nle(id0,id1,dist): 126 129 2.4109539639363837
list:
dist: 2.4109539639363837 vs. 2.4109539639363837
--------
nle(id0,id1,dist): 126 132 1.1230969944044211
list:
dist: 1.1230969944044211 vs. 1.1230969944044211
--------
nle(id0,id1,dist): 126 131 0.7686553078869949
list:
dist: 0.7686553078869949 vs. 0.7686553078869949
--------
nle(id0,id1,dist): 126 134 1.2661877063067923
list:
dist: 1.2661877063067923 vs. 1.2661877063067923
--------
nle(id0,id1,dist): 126 133 1.690696401668725
list:
dist: 1.690696401668725 vs. 1.690696401668725
--------
nle(id0,id1,dist): 126 136 1.1872440397946555
list:
dist: 1.1872440397946555 vs. 1.1872440397946555
--------
nle(id0,id1,dist): 126 135 0.8213153565914002
list:
dist: 0.8213153565914002 vs. 0.8213153565914002
--------
nle(id0,id1,dist): 126 138 1.9808628217312818
list:
dist: 1.9808628217312818 vs. 1.9808628217312818
--------
nle(id0,id1,dist): 126 137 0.8967292500241952
list:
dist: 0.8967292500241952 vs. 0.8967292500241952
--------
nle(id0,id1,dist): 125 146 3.072822787790263
list:
dist: 3.072822787790263 vs. 3.072822787790263
--------
nle(id0,id1,dist): 125 147 2.127645051051024
list:
dist: 2.127645051051024 vs. 2.127645051051024
--------
nle(id0,id1,dist): 125 144 1.4766181021839662
list:
dist: 1.4766181021839662 vs. 1.4766181021839662
--------
nle(id0,id1,dist): 125 145 2.5971473732550288
list:
dist: 2.5971473732550288 vs. 2.5971473732550288
--------
nle(id0,id1,dist): 125 148 2.2607919191065347
list:
dist: 2.2607919191065347 vs. 2.2607919191065347
--------
nle(id0,id1,dist): 125 131 1.041337665628763
list:
dist: 1.041337665628763 vs. 1.041337665628763
--------
nle(id0,id1,dist): 125 130 2.1186211749691517
list:
dist: 2.1186211749691517 vs. 2.1186211749691517
--------
nle(id0,id1,dist): 125 129 2.6378481044962188
list:
dist: 2.6378481044962188 vs. 2.6378481044962188
--------
nle(id0,id1,dist): 125 128 0.9497303333302869
list:
dist: 0.9497303333302869 vs. 0.9497303333302869
--------
nle(id0,id1,dist): 125 135 0.7453921264972111
list:
dist: 0.7453921264972111 vs. 0.7453921264972111
--------
nle(id0,id1,dist): 125 134 1.6745947349618995
list:
dist: 1.6745947349618995 vs. 1.6745947349618995
--------
nle(id0,id1,dist): 125 133 1.842960821928943
list:
dist: 1.842960821928943 vs. 1.842960821928943
--------
nle(id0,id1,dist): 125 132 1.1841031076657345
list:
dist: 1.1841031076657345 vs. 1.1841031076657345
--------
nle(id0,id1,dist): 125 139 2.0067808453511105
list:
dist: 2.0067808453511105 vs. 2.0067808453511105
--------
nle(id0,id1,dist): 125 138 2.355613296713887
list:
dist: 2.355613296713887 vs. 2.355613296713887
--------
nle(id0,id1,dist): 125 137 1.3479025776760545
list:
dist: 1.3479025776760545 vs. 1.3479025776760545
--------
nle(id0,id1,dist): 125 136 1.500979586669761
list:
dist: 1.500979586669761 vs. 1.500979586669761
--------
nle(id0,id1,dist): 125 143 2.7393976799706885
list:
dist: 2.7393976799706885 vs. 2.7393976799706885
--------
nle(id0,id1,dist): 125 141 2.9836489540503455
list:
dist: 2.9836489540503455 vs. 2.9836489540503455
--------
nle(id0,id1,dist): 125 140 2.115010948369158
list:
dist: 2.115010948369158 vs. 2.115010948369158
2. Check the NeighborList query for coordinates against the neighbor list for consistency
list:
dist: 1.6658101280658595 vs. 1.6658101280658595
list:
dist: 2.3594203726992244 vs. 2.3594203726992244
list:
dist: 1.7585371819657032 vs. 1.7585371819657032
list:
dist: 2.397381370264732 vs. 2.397381370264732
list:
dist: 2.6499619910791106 vs. 2.6499619910791106
list:
dist: 2.105938641583264 vs. 2.105938641583264
list:
dist: 1.211565941561302 vs. 1.211565941561302
list:
dist: 1.0873377508283386 vs. 1.0873377508283386
list:
dist: 1.8091077159432856 vs. 1.8091077159432856
list:
dist: 1.6658101280658595 vs. 1.6658101280658595
list:
dist: 1.3913556166148975 vs. 1.3913556166148975
list:
dist: 1.815584262920262 vs. 1.815584262920262
list:
dist: 2.281586325303756 vs. 2.281586325303756
list:
dist: 1.9494504316502583 vs. 1.9494504316502583
list:
dist: 2.575825083387175 vs. 2.575825083387175
list:
dist: 1.9250119329634323 vs. 1.9250119329634323
list:
dist: 1.9494504316502583 vs. 1.9494504316502583
list:
dist: 2.6499619910791106 vs. 2.6499619910791106
list:
dist: 0.9533460008262269 vs. 0.9533460008262269
list:
dist: 1.5773274851082681 vs. 1.5773274851082681
list:
dist: 0.838418241713978 vs. 0.838418241713978
list:
dist: 1.637772929632508 vs. 1.637772929632508
list:
dist: 1.9682616708100822 vs. 1.9682616708100822
list:
dist: 2.5535008698695205 vs. 2.5535008698695205
list:
dist: 2.3774618051591583 vs. 2.3774618051591583
list:
dist: 2.2567759834510994 vs. 2.2567759834510994
list:
dist: 1.5506793438210782 vs. 1.5506793438210782
list:
dist: 2.3113622047440883 vs. 2.3113622047440883
list:
dist: 0.8253821997068532 vs. 0.8253821997068532
list:
dist: 4.283777536918682 vs. 4.283777536918682
list:
dist: 2.8824557548933467 vs. 2.8824557548933467
list:
dist: 3.581776927907833 vs. 3.581776927907833
list:
dist: 4.018741976331642 vs. 4.018741976331642
list:
dist: 3.3605196624087244 vs. 3.3605196624087244
list:
dist: 3.089829237164523 vs. 3.089829237164523
list:
dist: 3.9248301290363004 vs. 3.9248301290363004
list:
dist: 3.3381617933932843 vs. 3.3381617933932843
list:
dist: 4.089365743452545 vs. 4.089365743452545
list:
dist: 2.663606254208339 vs. 2.663606254208339
list:
dist: 1.3913556166148975 vs. 1.3913556166148975
list:
dist: 2.3594203726992244 vs. 2.3594203726992244
list:
dist: 1.2063058225992327 vs. 1.2063058225992327
list:
dist: 1.4627894657911371 vs. 1.4627894657911371
list:
dist: 0.9533460008262269 vs. 0.9533460008262269
list:
dist: 2.0826240773551055 vs. 2.0826240773551055
list:
dist: 1.7713201541848471 vs. 1.7713201541848471
list:
dist: 1.7919858372321098 vs. 1.7919858372321098
list:
dist: 1.5047607994535737 vs. 1.5047607994535737
list:
dist: 2.409094677077796 vs. 2.409094677077796
list:
dist: 1.0102245147954003 vs. 1.0102245147954003
list:
dist: 1.9250119329634323 vs. 1.9250119329634323
list:
dist: 1.211565941561302 vs. 1.211565941561302
list:
dist: 1.7713201541848471 vs. 1.7713201541848471
list:
dist: 0.7421468129305399 vs. 0.7421468129305399
list:
dist: 1.535776538129585 vs. 1.535776538129585
list:
dist: 1.9682616708100822 vs. 1.9682616708100822
list:
dist: 1.2743632731493002 vs. 1.2743632731493002
list:
dist: 1.012858324487373 vs. 1.012858324487373
list:
dist: 0.7777003609761259 vs. 0.7777003609761259
list:
dist: 1.71154617370378 vs. 1.71154617370378
list:
dist: 1.9193938762306444 vs. 1.9193938762306444
list:
dist: 2.398567821340087 vs. 2.398567821340087
list:
dist: 2.190988517541086 vs. 2.190988517541086
list:
dist: 3.585745211908008 vs. 3.585745211908008
list:
dist: 2.2970846781008234 vs. 2.2970846781008234
list:
dist: 3.1575661518239126 vs. 3.1575661518239126
list:
dist: 3.3201104598099587 vs. 3.3201104598099587
list:
dist: 2.382597032280067 vs. 2.382597032280067
list:
dist: 2.675084305671049 vs. 2.675084305671049
list:
dist: 3.2387586378084032 vs. 3.2387586378084032
list:
dist: 2.111215272228231 vs. 2.111215272228231
list:
dist: 3.708745765839187 vs. 3.708745765839187
list:
dist: 1.6378639575213496 vs. 1.6378639575213496
list:
dist: 2.281586325303756 vs. 2.281586325303756
list:
dist: 2.397381370264732 vs. 2.397381370264732
list:
dist: 1.4627894657911371 vs. 1.4627894657911371
list:
dist: 1.3601135861294316 vs. 1.3601135861294316
list:
dist: 0.838418241713978 vs. 0.838418241713978
list:
dist: 0.8349813453801322 vs. 0.8349813453801322
list:
dist: 1.535776538129585 vs. 1.535776538129585
list:
dist: 1.9832235211567621 vs. 1.9832235211567621
list:
dist: 1.7458613758426467 vs. 1.7458613758426467
list:
dist: 2.1202599685314776 vs. 2.1202599685314776
list:
dist: 1.4552502529178744 vs. 1.4552502529178744
list:
dist: 1.98714029729412 vs. 1.98714029729412
list:
dist: 1.2498437978728525 vs. 1.2498437978728525
list:
dist: 3.8400978218989286 vs. 3.8400978218989286
list:
dist: 2.462678284091171 vs. 2.462678284091171
list:
dist: 3.087473211051575 vs. 3.087473211051575
list:
dist: 3.431902726804902 vs. 3.431902726804902
list:
dist: 2.6497422391775047 vs. 2.6497422391775047
list:
dist: 2.476428633585025 vs. 2.476428633585025
list:
dist: 3.21534527235497 vs. 3.21534527235497
list:
dist: 2.5870399165142466 vs. 2.5870399165142466
list:
dist: 3.419232759645928 vs. 3.419232759645928
list:
dist: 1.9336759116317708 vs. 1.9336759116317708
list:
dist: 1.0873377508283386 vs. 1.0873377508283386
list:
dist: 1.7342264797881128 vs. 1.7342264797881128
list:
dist: 1.9832235211567621 vs. 1.9832235211567621
list:
dist: 2.5535008698695205 vs. 2.5535008698695205
list:
dist: 1.3637278997122817 vs. 1.3637278997122817
list:
dist: 1.012858324487373 vs. 1.012858324487373
list:
dist: 1.1816693177372024 vs. 1.1816693177372024
list:
dist: 2.699497922002699 vs. 2.699497922002699
list:
dist: 2.682140636843674 vs. 2.682140636843674
list:
dist: 2.788455565141344 vs. 2.788455565141344
list:
dist: 3.1394268910465923 vs. 3.1394268910465923
list:
dist: 2.978002469955222 vs. 2.978002469955222
list:
dist: 4.1792939937782565 vs. 4.1792939937782565
list:
dist: 3.0150712720159305 vs. 3.0150712720159305
list:
dist: 3.7101843038493976 vs. 3.7101843038493976
list:
dist: 3.7329489552676764 vs. 3.7329489552676764
list:
dist: 2.621820222172497 vs. 2.621820222172497
list:
dist: 3.09891624514609 vs. 3.09891624514609
list:
dist: 3.4198491621091955 vs. 3.4198491621091955
list:
dist: 2.1883760878826237 vs. 2.1883760878826237
list:
dist: 3.9124690916149065 vs. 3.9124690916149065
list:
dist: 1.9204410657239295 vs. 1.9204410657239295
list:
dist: 2.9805340108737006 vs. 2.9805340108737006
list:
dist: 4.818691120157075 vs. 4.818691120157075
list:
dist: 5.92138165506086 vs. 5.92138165506086
list:
dist: 1.5047607994535737 vs. 1.5047607994535737
list:
dist: 1.2982899396131868 vs. 1.2982899396131868
list:
dist: 1.4552502529178744 vs. 1.4552502529178744
list:
dist: 1.5506793438210782 vs. 1.5506793438210782
list:
dist: 1.9199432548260589 vs. 1.9199432548260589
list:
dist: 1.9193938762306444 vs. 1.9193938762306444
list:
dist: 2.788455565141344 vs. 2.788455565141344
list:
dist: 1.9386117605562165 vs. 1.9386117605562165
list:
dist: 1.0552120251978412 vs. 1.0552120251978412
list:
dist: 0.9127107091072284 vs. 0.9127107091072284
list:
dist: 0.9633550574940654 vs. 0.9633550574940654
list:
dist: 2.80923384093902 vs. 2.80923384093902
list:
dist: 1.4546857971084508 vs. 1.4546857971084508
list:
dist: 2.21374514480265 vs. 2.21374514480265
list:
dist: 2.7303380837088587 vs. 2.7303380837088587
list:
dist: 2.3872024118665127 vs. 2.3872024118665127
list:
dist: 1.9752510543559558 vs. 1.9752510543559558
list:
dist: 2.9296062108046916 vs. 2.9296062108046916
list:
dist: 2.5583383971151763 vs. 2.5583383971151763
list:
dist: 3.124432008294334 vs. 3.124432008294334
list:
dist: 1.9154084564285068 vs. 1.9154084564285068
list:
dist: 3.1819152181556474 vs. 3.1819152181556474
list:
dist: 2.6669817728531657 vs. 2.6669817728531657
list:
dist: 2.575825083387175 vs. 2.575825083387175
list:
dist: 2.105938641583264 vs. 2.105938641583264
list:
dist: 2.0826240773551055 vs. 2.0826240773551055
list:
dist: 1.4961426035969374 vs. 1.4961426035969374
list:
dist: 0.8349813453801322 vs. 0.8349813453801322
list:
dist: 1.637772929632508 vs. 1.637772929632508
list:
dist: 1.2743632731493002 vs. 1.2743632731493002
list:
dist: 1.3637278997122817 vs. 1.3637278997122817
list:
dist: 1.261663717867683 vs. 1.261663717867683
list:
dist: 2.3258136884576115 vs. 2.3258136884576115
list:
dist: 1.9199432548260589 vs. 1.9199432548260589
list:
dist: 2.2166263509300674 vs. 2.2166263509300674
list:
dist: 2.021515165460517 vs. 2.021515165460517
list:
dist: 3.7352775690587516 vs. 3.7352775690587516
list:
dist: 2.4516291665138716 vs. 2.4516291665138716
list:
dist: 3.010395892929511 vs. 3.010395892929511
list:
dist: 3.195626568763908 vs. 3.195626568763908
list:
dist: 2.2128594374061454 vs. 2.2128594374061454
list:
dist: 2.2988196885092527 vs. 2.2988196885092527
list:
dist: 2.829002882640328 vs. 2.829002882640328
list:
dist: 2.0131950886817997 vs. 2.0131950886817997
list:
dist: 3.130717545019217 vs. 3.130717545019217
list:
dist: 1.4631255886880465 vs. 1.4631255886880465
list:
dist: 1.7919858372321098 vs. 1.7919858372321098
list:
dist: 1.1328047601925617 vs. 1.1328047601925617
list:
dist: 2.1202599685314776 vs. 2.1202599685314776
list:
dist: 2.2567759834510994 vs. 2.2567759834510994
list:
dist: 2.3258136884576115 vs. 2.3258136884576115
list:
dist: 1.71154617370378 vs. 1.71154617370378
list:
dist: 2.682140636843674 vs. 2.682140636843674
list:
dist: 1.7218264794453713 vs. 1.7218264794453713
list:
dist: 1.0552120251978412 vs. 1.0552120251978412
list:
dist: 1.4344756683321271 vs. 1.4344756683321271
list:
dist: 1.804184900189809 vs. 1.804184900189809
list:
dist: 2.5138773535735868 vs. 2.5138773535735868
list:
dist: 1.2638527007195879 vs. 1.2638527007195879
list:
dist: 2.2773414042228324 vs. 2.2773414042228324
list:
dist: 2.6696654664490582 vs. 2.6696654664490582
list:
dist: 2.3388239984498433 vs. 2.3388239984498433
list:
dist: 2.231693721739303 vs. 2.231693721739303
list:
dist: 3.0574596119094375 vs. 3.0574596119094375
list:
dist: 2.4385094101196922 vs. 2.4385094101196922
list:
dist: 3.4275193934081045 vs. 3.4275193934081045
list:
dist: 1.9329101142743965 vs. 1.9329101142743965
list:
dist: 3.2767630429035086 vs. 3.2767630429035086
list:
dist: 3.194977912176795 vs. 3.194977912176795
list:
dist: 1.0102245147954003 vs. 1.0102245147954003
list:
dist: 1.5824767604874805 vs. 1.5824767604874805
list:
dist: 1.2498437978728525 vs. 1.2498437978728525
list:
dist: 0.8253821997068532 vs. 0.8253821997068532
list:
dist: 2.021515165460517 vs. 2.021515165460517
list:
dist: 2.190988517541086 vs. 2.190988517541086
list:
dist: 2.978002469955222 vs. 2.978002469955222
list:
dist: 2.4679565577835914 vs. 2.4679565577835914
list:
dist: 1.804184900189809 vs. 1.804184900189809
list:
dist: 0.9633550574940654 vs. 0.9633550574940654
list:
dist: 1.7626082083902308 vs. 1.7626082083902308
list:
dist: 3.759371861975655 vs. 3.759371861975655
list:
dist: 2.4135009199405273 vs. 2.4135009199405273
list:
dist: 3.105722672290383 vs. 3.105722672290383
list:
dist: 3.6296043029320253 vs. 3.6296043029320253
list:
dist: 3.1900652573533574 vs. 3.1900652573533574
list:
dist: 2.771964186787509 vs. 2.771964186787509
list:
dist: 3.70553064804744 vs. 3.70553064804744
list:
dist: 3.2888304045260957 vs. 3.2888304045260957
list:
dist: 3.83326963192346 vs. 3.83326963192346
list:
dist: 2.606168066938415 vs. 2.606168066938415
list:
dist: 4.023886702172392 vs. 4.023886702172392
list:
dist: 3.2833934243515017 vs. 3.2833934243515017
list:
dist: 1.815584262920262 vs. 1.815584262920262
list:
dist: 1.7585371819657032 vs. 1.7585371819657032
list:
dist: 1.2063058225992327 vs. 1.2063058225992327
list:
dist: 1.3601135861294316 vs. 1.3601135861294316
list:
dist: 1.5773274851082681 vs. 1.5773274851082681
list:
dist: 1.4961426035969374 vs. 1.4961426035969374
list:
dist: 0.7421468129305399 vs. 0.7421468129305399
list:
dist: 1.7342264797881128 vs. 1.7342264797881128
list:
dist: 1.1773704596531733 vs. 1.1773704596531733
list:
dist: 1.1328047601925617 vs. 1.1328047601925617
list:
dist: 1.2982899396131868 vs. 1.2982899396131868
list:
dist: 1.9461233673105451 vs. 1.9461233673105451
list:
dist: 1.5824767604874805 vs. 1.5824767604874805
list:
dist: 3.3527280992374497 vs. 3.3527280992374497
list:
dist: 1.9778656489169517 vs. 1.9778656489169517
list:
dist: 2.9180410052946146 vs. 2.9180410052946146
list:
dist: 3.2185466151905415 vs. 3.2185466151905415
list:
dist: 2.482092232091608 vs. 2.482092232091608
list:
dist: 2.543450947166611 vs. 2.543450947166611
list:
dist: 3.2879718436743106 vs. 3.2879718436743106
list:
dist: 2.3705078436839275 vs. 2.3705078436839275
list:
dist: 3.686228851454994 vs. 3.686228851454994
list:
dist: 1.7847290532686746 vs. 1.7847290532686746
list:
dist: 1.9778656489169517 vs. 1.9778656489169517
list:
dist: 2.462678284091171 vs. 2.462678284091171
list:
dist: 2.8824557548933467 vs. 2.8824557548933467
list:
dist: 2.4516291665138716 vs. 2.4516291665138716
list:
dist: 2.2970846781008234 vs. 2.2970846781008234
list:
dist: 3.0150712720159305 vs. 3.0150712720159305
list:
dist: 1.845701647768835 vs. 1.845701647768835
list:
dist: 2.775305311279826 vs. 2.775305311279826
list:
dist: 1.2638527007195879 vs. 1.2638527007195879
list:
dist: 1.4546857971084508 vs. 1.4546857971084508
list:
dist: 0.9051968840945359 vs. 0.9051968840945359
list:
dist: 2.4135009199405273 vs. 2.4135009199405273
list:
dist: 1.4222625705481016 vs. 1.4222625705481016
list:
dist: 1.0291496395166009 vs. 1.0291496395166009
list:
dist: 1.4220004795304284 vs. 1.4220004795304284
list:
dist: 1.4012428773718868 vs. 1.4012428773718868
list:
dist: 1.1366803360066435 vs. 1.1366803360066435
list:
dist: 1.9182163682406272 vs. 1.9182163682406272
list:
dist: 1.7472552581651006 vs. 1.7472552581651006
list:
dist: 2.2606786912021004 vs. 2.2606786912021004
list:
dist: 1.41593586700874 vs. 1.41593586700874
list:
dist: 1.9622167762062004 vs. 1.9622167762062004
list:
dist: 2.0702780847212967 vs. 2.0702780847212967
list:
dist: 2.1765318089990466 vs. 2.1765318089990466
list:
dist: 1.7847290532686746 vs. 1.7847290532686746
list:
dist: 1.9336759116317708 vs. 1.9336759116317708
list:
dist: 2.663606254208339 vs. 2.663606254208339
list:
dist: 1.4631255886880465 vs. 1.4631255886880465
list:
dist: 1.6378639575213496 vs. 1.6378639575213496
list:
dist: 1.9204410657239295 vs. 1.9204410657239295
list:
dist: 0.9282991461554758 vs. 0.9282991461554758
list:
dist: 1.9017159994010824 vs. 1.9017159994010824
list:
dist: 1.9329101142743965 vs. 1.9329101142743965
list:
dist: 1.9154084564285068 vs. 1.9154084564285068
list:
dist: 1.6726126641657482 vs. 1.6726126641657482
list:
dist: 2.606168066938415 vs. 2.606168066938415
list:
dist: 2.423654587371601 vs. 2.423654587371601
list:
dist: 1.41593586700874 vs. 1.41593586700874
list:
dist: 1.8330462327830332 vs. 1.8330462327830332
list:
dist: 1.8457907924323342 vs. 1.8457907924323342
list:
dist: 0.7934387521257431 vs. 0.7934387521257431
list:
dist: 1.2106273315433815 vs. 1.2106273315433815
list:
dist: 1.6030409106786345 vs. 1.6030409106786345
list:
dist: 0.6861381014125979 vs. 0.6861381014125979
list:
dist: 2.102216988902821 vs. 2.102216988902821
list:
dist: 1.5959567593766706 vs. 1.5959567593766706
list:
dist: 3.789741042987817 vs. 3.789741042987817
list:
dist: 4.793939136118369 vs. 4.793939136118369
list:
dist: 2.8554329226321644 vs. 2.8554329226321644
list:
dist: 2.7559023955022117 vs. 2.7559023955022117
list:
dist: 5.186089370962075 vs. 5.186089370962075
list:
dist: 2.543450947166611 vs. 2.543450947166611
list:
dist: 2.476428633585025 vs. 2.476428633585025
list:
dist: 3.089829237164523 vs. 3.089829237164523
list:
dist: 2.2988196885092527 vs. 2.2988196885092527
list:
dist: 2.675084305671049 vs. 2.675084305671049
list:
dist: 3.09891624514609 vs. 3.09891624514609
list:
dist: 2.067067390494204 vs. 2.067067390494204
list:
dist: 2.5197077122740743 vs. 2.5197077122740743
list:
dist: 2.231693721739303 vs. 2.231693721739303
list:
dist: 1.9752510543559558 vs. 1.9752510543559558
list:
dist: 1.2143154171133497 vs. 1.2143154171133497
list:
dist: 2.771964186787509 vs. 2.771964186787509
list:
dist: 1.734192172193091 vs. 1.734192172193091
list:
dist: 1.1366803360066435 vs. 1.1366803360066435
list:
dist: 0.828216137631006 vs. 0.828216137631006
list:
dist: 1.0305417632159213 vs. 1.0305417632159213
list:
dist: 0.9130665751409724 vs. 0.9130665751409724
list:
dist: 0.9853679206100211 vs. 0.9853679206100211
list:
dist: 1.4054655947979513 vs. 1.4054655947979513
list:
dist: 1.20225250761702 vs. 1.20225250761702
list:
dist: 1.2106273315433815 vs. 1.2106273315433815
list:
dist: 1.8511932187641587 vs. 1.8511932187641587
list:
dist: 3.6358175565240187 vs. 3.6358175565240187
list:
dist: 4.434307803946534 vs. 4.434307803946534
list:
dist: 1.7481078463790065 vs. 1.7481078463790065
list:
dist: 1.5811977507673263 vs. 1.5811977507673263
list:
dist: 4.533970748271138 vs. 4.533970748271138
list:
dist: 2.409094677077796 vs. 2.409094677077796
list:
dist: 1.9461233673105451 vs. 1.9461233673105451
list:
dist: 1.98714029729412 vs. 1.98714029729412
list:
dist: 2.3113622047440883 vs. 2.3113622047440883
list:
dist: 2.2166263509300674 vs. 2.2166263509300674
list:
dist: 2.398567821340087 vs. 2.398567821340087
list:
dist: 3.1394268910465923 vs. 3.1394268910465923
list:
dist: 2.105008809097123 vs. 2.105008809097123
list:
dist: 1.4344756683321271 vs. 1.4344756683321271
list:
dist: 0.9127107091072284 vs. 0.9127107091072284
list:
dist: 1.7626082083902308 vs. 1.7626082083902308
list:
dist: 2.0737941313687123 vs. 2.0737941313687123
list:
dist: 0.9051968840945359 vs. 0.9051968840945359
list:
dist: 1.3497261984686233 vs. 1.3497261984686233
list:
dist: 1.92311654172033 vs. 1.92311654172033
list:
dist: 1.8508839755176527 vs. 1.8508839755176527
list:
dist: 1.2143154171133497 vs. 1.2143154171133497
list:
dist: 2.1965914129328183 vs. 2.1965914129328183
list:
dist: 2.194957465442859 vs. 2.194957465442859
list:
dist: 2.322015720359594 vs. 2.322015720359594
list:
dist: 1.6726126641657482 vs. 1.6726126641657482
list:
dist: 2.283450622661839 vs. 2.283450622661839
list:
dist: 1.8206035551780588 vs. 1.8206035551780588
list:
dist: 1.8091077159432856 vs. 1.8091077159432856
list:
dist: 1.1773704596531733 vs. 1.1773704596531733
list:
dist: 1.7458613758426467 vs. 1.7458613758426467
list:
dist: 2.3774618051591583 vs. 2.3774618051591583
list:
dist: 1.261663717867683 vs. 1.261663717867683
list:
dist: 0.7777003609761259 vs. 0.7777003609761259
list:
dist: 1.1816693177372024 vs. 1.1816693177372024
list:
dist: 2.193007744803864 vs. 2.193007744803864
list:
dist: 1.7218264794453713 vs. 1.7218264794453713
list:
dist: 1.9386117605562165 vs. 1.9386117605562165
list:
dist: 2.105008809097123 vs. 2.105008809097123
list:
dist: 2.4679565577835914 vs. 2.4679565577835914
list:
dist: 3.0130447707906187 vs. 3.0130447707906187
list:
dist: 1.845701647768835 vs. 1.845701647768835
list:
dist: 2.5788255189742593 vs. 2.5788255189742593
list:
dist: 2.641798287375527 vs. 2.641798287375527
list:
dist: 1.6361233920310394 vs. 1.6361233920310394
list:
dist: 2.067067390494204 vs. 2.067067390494204
list:
dist: 2.5114434088482103 vs. 2.5114434088482103
list:
dist: 1.3356813931835756 vs. 1.3356813931835756
list:
dist: 3.0304353867754923 vs. 3.0304353867754923
list:
dist: 0.9282991461554758 vs. 0.9282991461554758
list:
dist: 2.088266009251055 vs. 2.088266009251055
list:
dist: 4.507657865615788 vs. 4.507657865615788
list:
dist: 5.570172127484304 vs. 5.570172127484304
list:
dist: 2.482092232091608 vs. 2.482092232091608
list:
dist: 2.6497422391775047 vs. 2.6497422391775047
list:
dist: 3.3605196624087244 vs. 3.3605196624087244
list:
dist: 2.2128594374061454 vs. 2.2128594374061454
list:
dist: 2.382597032280067 vs. 2.382597032280067
list:
dist: 2.621820222172497 vs. 2.621820222172497
list:
dist: 1.6361233920310394 vs. 1.6361233920310394
list:
dist: 1.6157707216818102 vs. 1.6157707216818102
list:
dist: 2.3388239984498433 vs. 2.3388239984498433
list:
dist: 2.3872024118665127 vs. 2.3872024118665127
list:
dist: 1.8508839755176527 vs. 1.8508839755176527
list:
dist: 3.1900652573533574 vs. 3.1900652573533574
list:
dist: 1.9077587869068588 vs. 1.9077587869068588
list:
dist: 1.4012428773718868 vs. 1.4012428773718868
list:
dist: 1.392049588816727 vs. 1.392049588816727
list:
dist: 1.1700328765700017 vs. 1.1700328765700017
list:
dist: 0.9130665751409724 vs. 0.9130665751409724
list:
dist: 0.9181842630530989 vs. 0.9181842630530989
list:
dist: 0.5548161568635542 vs. 0.5548161568635542
list:
dist: 1.533545898454039 vs. 1.533545898454039
list:
dist: 0.7934387521257431 vs. 0.7934387521257431
list:
dist: 1.0541856369483875 vs. 1.0541856369483875
list:
dist: 3.3875314869674154 vs. 3.3875314869674154
list:
dist: 4.356920685651971 vs. 4.356920685651971
list:
dist: 2.2721515038803273 vs. 2.2721515038803273
list:
dist: 2.4473883103690315 vs. 2.4473883103690315
list:
dist: 4.563382502564111 vs. 4.563382502564111
list:
dist: 2.699497922002699 vs. 2.699497922002699
list:
dist: 2.193007744803864 vs. 2.193007744803864
list:
dist: 2.958011191481491 vs. 2.958011191481491
list:
dist: 2.775305311279826 vs. 2.775305311279826
list:
dist: 2.851866408626777 vs. 2.851866408626777
list:
dist: 2.382470364199768 vs. 2.382470364199768
list:
dist: 1.6157707216818102 vs. 1.6157707216818102
list:
dist: 2.5197077122740743 vs. 2.5197077122740743
list:
dist: 2.051715915944185 vs. 2.051715915944185
list:
dist: 1.253514928263807 vs. 1.253514928263807
list:
dist: 2.7051044672694147 vs. 2.7051044672694147
list:
dist: 1.9017159994010824 vs. 1.9017159994010824
list:
dist: 1.0153875802162662 vs. 1.0153875802162662
list:
dist: 3.299870593826937 vs. 3.299870593826937
list:
dist: 4.4359339745039295 vs. 4.4359339745039295
list:
dist: 4.182737405520058 vs. 4.182737405520058
list:
dist: 3.1572293083016127 vs. 3.1572293083016127
list:
dist: 3.2879718436743106 vs. 3.2879718436743106
list:
dist: 3.21534527235497 vs. 3.21534527235497
list:
dist: 3.9248301290363004 vs. 3.9248301290363004
list:
dist: 2.829002882640328 vs. 2.829002882640328
list:
dist: 3.2387586378084032 vs. 3.2387586378084032
list:
dist: 3.4198491621091955 vs. 3.4198491621091955
list:
dist: 2.5114434088482103 vs. 2.5114434088482103
list:
dist: 2.051715915944185 vs. 2.051715915944185
list:
dist: 3.0574596119094375 vs. 3.0574596119094375
list:
dist: 2.9296062108046916 vs. 2.9296062108046916
list:
dist: 2.1965914129328183 vs. 2.1965914129328183
list:
dist: 3.70553064804744 vs. 3.70553064804744
list:
dist: 1.9428349377018497 vs. 1.9428349377018497
list:
dist: 1.9182163682406272 vs. 1.9182163682406272
list:
dist: 1.3374026706353257 vs. 1.3374026706353257
list:
dist: 0.9556491994665063 vs. 0.9556491994665063
list:
dist: 0.9181842630530989 vs. 0.9181842630530989
list:
dist: 0.9853679206100211 vs. 0.9853679206100211
list:
dist: 1.342224719839462 vs. 1.342224719839462
list:
dist: 0.6873637640317921 vs. 0.6873637640317921
list:
dist: 1.6030409106786345 vs. 1.6030409106786345
list:
dist: 1.5123230065284636 vs. 1.5123230065284636
list:
dist: 2.8132379991006498 vs. 2.8132379991006498
list:
dist: 3.645218688658891 vs. 3.645218688658891
list:
dist: 1.808371270266935 vs. 1.808371270266935
list:
dist: 2.0143963382974293 vs. 2.0143963382974293
list:
dist: 3.7039032820036675 vs. 3.7039032820036675
list:
dist: 2.3705078436839275 vs. 2.3705078436839275
list:
dist: 2.5870399165142466 vs. 2.5870399165142466
list:
dist: 3.3381617933932843 vs. 3.3381617933932843
list:
dist: 2.0131950886817997 vs. 2.0131950886817997
list:
dist: 2.111215272228231 vs. 2.111215272228231
list:
dist: 2.1883760878826237 vs. 2.1883760878826237
list:
dist: 1.3356813931835756 vs. 1.3356813931835756
list:
dist: 1.253514928263807 vs. 1.253514928263807
list:
dist: 2.4385094101196922 vs. 2.4385094101196922
list:
dist: 2.5583383971151763 vs. 2.5583383971151763
list:
dist: 2.194957465442859 vs. 2.194957465442859
list:
dist: 3.2888304045260957 vs. 3.2888304045260957
list:
dist: 2.365857768265687 vs. 2.365857768265687
list:
dist: 1.7472552581651006 vs. 1.7472552581651006
list:
dist: 1.9297308852697088 vs. 1.9297308852697088
list:
dist: 1.6936913055968117 vs. 1.6936913055968117
list:
dist: 0.5548161568635542 vs. 0.5548161568635542
list:
dist: 1.4054655947979513 vs. 1.4054655947979513
list:
dist: 1.342224719839462 vs. 1.342224719839462
list:
dist: 1.9692055215369944 vs. 1.9692055215369944
list:
dist: 0.6861381014125979 vs. 0.6861381014125979
list:
dist: 1.0384253758713562 vs. 1.0384253758713562
list:
dist: 3.3856477125113416 vs. 3.3856477125113416
list:
dist: 4.442362727384598 vs. 4.442362727384598
list:
dist: 2.8198216866641412 vs. 2.8198216866641412
list:
dist: 2.965270464645949 vs. 2.965270464645949
list:
dist: 4.797130946373848 vs. 4.797130946373848
list:
dist: 2.9805340108737006 vs. 2.9805340108737006
list:
dist: 2.088266009251055 vs. 2.088266009251055
list:
dist: 1.0153875802162662 vs. 1.0153875802162662
list:
dist: 1.9465009814054255 vs. 1.9465009814054255
list:
dist: 1.9622167762062004 vs. 1.9622167762062004
list:
dist: 1.9620143325211055 vs. 1.9620143325211055
list:
dist: 1.484823080049277 vs. 1.484823080049277
list:
dist: 1.0541856369483875 vs. 1.0541856369483875
list:
dist: 1.8511932187641587 vs. 1.8511932187641587
list:
dist: 1.5123230065284636 vs. 1.5123230065284636
list:
dist: 1.0384253758713562 vs. 1.0384253758713562
list:
dist: 2.187088445003372 vs. 2.187088445003372
list:
dist: 1.5959567593766706 vs. 1.5959567593766706
list:
dist: 2.6160953457451996 vs. 2.6160953457451996
list:
dist: 3.2274144456093676 vs. 3.2274144456093676
list:
dist: 2.9180410052946146 vs. 2.9180410052946146
list:
dist: 3.087473211051575 vs. 3.087473211051575
list:
dist: 3.581776927907833 vs. 3.581776927907833
list:
dist: 3.010395892929511 vs. 3.010395892929511
list:
dist: 3.1575661518239126 vs. 3.1575661518239126
list:
dist: 3.7101843038493976 vs. 3.7101843038493976
list:
dist: 2.5788255189742593 vs. 2.5788255189742593
list:
dist: 2.851866408626777 vs. 2.851866408626777
list:
dist: 2.2773414042228324 vs. 2.2773414042228324
list:
dist: 2.21374514480265 vs. 2.21374514480265
list:
dist: 1.3497261984686233 vs. 1.3497261984686233
list:
dist: 3.105722672290383 vs. 3.105722672290383
list:
dist: 0.9963346170923664 vs. 0.9963346170923664
list:
dist: 1.0291496395166009 vs. 1.0291496395166009
list:
dist: 0.6723436764191258 vs. 0.6723436764191258
list:
dist: 1.392049588816727 vs. 1.392049588816727
list:
dist: 0.828216137631006 vs. 0.828216137631006
list:
dist: 1.3374026706353257 vs. 1.3374026706353257
list:
dist: 1.9297308852697088 vs. 1.9297308852697088
list:
dist: 1.4816384819071975 vs. 1.4816384819071975
list:
dist: 1.8330462327830332 vs. 1.8330462327830332
list:
dist: 1.9620143325211055 vs. 1.9620143325211055
list:
dist: 1.093182368788097 vs. 1.093182368788097
list:
dist: 1.4305907153109119 vs. 1.4305907153109119
list:
dist: 3.2185466151905415 vs. 3.2185466151905415
list:
dist: 3.431902726804902 vs. 3.431902726804902
list:
dist: 4.018741976331642 vs. 4.018741976331642
list:
dist: 3.195626568763908 vs. 3.195626568763908
list:
dist: 3.3201104598099587 vs. 3.3201104598099587
list:
dist: 3.7329489552676764 vs. 3.7329489552676764
list:
dist: 2.641798287375527 vs. 2.641798287375527
list:
dist: 2.382470364199768 vs. 2.382470364199768
list:
dist: 2.6696654664490582 vs. 2.6696654664490582
list:
dist: 2.7303380837088587 vs. 2.7303380837088587
list:
dist: 1.92311654172033 vs. 1.92311654172033
list:
dist: 3.6296043029320253 vs. 3.6296043029320253
list:
dist: 0.9901217480155516 vs. 0.9901217480155516
list:
dist: 1.4220004795304284 vs. 1.4220004795304284
list:
dist: 0.6723436764191258 vs. 0.6723436764191258
list:
dist: 1.1700328765700017 vs. 1.1700328765700017
list:
dist: 1.0305417632159213 vs. 1.0305417632159213
list:
dist: 0.9556491994665063 vs. 0.9556491994665063
list:
dist: 1.6936913055968117 vs. 1.6936913055968117
list:
dist: 1.273256763585108 vs. 1.273256763585108
list:
dist: 1.8457907924323342 vs. 1.8457907924323342
list:
dist: 1.484823080049277 vs. 1.484823080049277
list:
dist: 1.1648288985328052 vs. 1.1648288985328052
list:
dist: 1.8474579212970756 vs. 1.8474579212970756
list:
dist: 3.3527280992374497 vs. 3.3527280992374497
list:
dist: 3.8400978218989286 vs. 3.8400978218989286
list:
dist: 4.283777536918682 vs. 4.283777536918682
list:
dist: 3.7352775690587516 vs. 3.7352775690587516
list:
dist: 3.585745211908008 vs. 3.585745211908008
list:
dist: 4.1792939937782565 vs. 4.1792939937782565
list:
dist: 3.0130447707906187 vs. 3.0130447707906187
list:
dist: 2.958011191481491 vs. 2.958011191481491
list:
dist: 2.5138773535735868 vs. 2.5138773535735868
list:
dist: 2.80923384093902 vs. 2.80923384093902
list:
dist: 2.0737941313687123 vs. 2.0737941313687123
list:
dist: 3.759371861975655 vs. 3.759371861975655
list:
dist: 1.4222625705481016 vs. 1.4222625705481016
list:
dist: 0.9963346170923664 vs. 0.9963346170923664
list:
dist: 0.9901217480155516 vs. 0.9901217480155516
list:
dist: 1.9077587869068588 vs. 1.9077587869068588
list:
dist: 1.734192172193091 vs. 1.734192172193091
list:
dist: 1.9428349377018497 vs. 1.9428349377018497
list:
dist: 2.365857768265687 vs. 2.365857768265687
list:
dist: 2.2038496405640307 vs. 2.2038496405640307
list:
dist: 2.423654587371601 vs. 2.423654587371601
list:
dist: 1.9465009814054255 vs. 1.9465009814054255
list:
dist: 1.2335909352325451 vs. 1.2335909352325451
list:
dist: 2.2133698400525437 vs. 2.2133698400525437
list:
dist: 3.686228851454994 vs. 3.686228851454994
list:
dist: 3.419232759645928 vs. 3.419232759645928
list:
dist: 4.089365743452545 vs. 4.089365743452545
list:
dist: 3.130717545019217 vs. 3.130717545019217
list:
dist: 3.708745765839187 vs. 3.708745765839187
list:
dist: 3.9124690916149065 vs. 3.9124690916149065
list:
dist: 3.0304353867754923 vs. 3.0304353867754923
list:
dist: 2.7051044672694147 vs. 2.7051044672694147
list:
dist: 3.4275193934081045 vs. 3.4275193934081045
list:
dist: 3.124432008294334 vs. 3.124432008294334
list:
dist: 2.322015720359594 vs. 2.322015720359594
list:
dist: 3.83326963192346 vs. 3.83326963192346
list:
dist: 2.2038496405640307 vs. 2.2038496405640307
list:
dist: 2.2606786912021004 vs. 2.2606786912021004
list:
dist: 1.4816384819071975 vs. 1.4816384819071975
list:
dist: 1.273256763585108 vs. 1.273256763585108
list:
dist: 1.533545898454039 vs. 1.533545898454039
list:
dist: 1.20225250761702 vs. 1.20225250761702
list:
dist: 0.6873637640317921 vs. 0.6873637640317921
list:
dist: 1.9692055215369944 vs. 1.9692055215369944
list:
dist: 2.102216988902821 vs. 2.102216988902821
list:
dist: 2.187088445003372 vs. 2.187088445003372
list:
dist: 2.7210001132470585 vs. 2.7210001132470585
list:
dist: 3.3640162591995484 vs. 3.3640162591995484
list:
dist: 1.6468707919692487 vs. 1.6468707919692487
list:
dist: 1.5978023765634968 vs. 1.5978023765634968
list:
dist: 3.340180721796413 vs. 3.340180721796413
list:
dist: 3.2767630429035086 vs. 3.2767630429035086
list:
dist: 3.1819152181556474 vs. 3.1819152181556474
list:
dist: 2.283450622661839 vs. 2.283450622661839
list:
dist: 4.023886702172392 vs. 4.023886702172392
list:
dist: 1.2335909352325451 vs. 1.2335909352325451
list:
dist: 2.0702780847212967 vs. 2.0702780847212967
list:
dist: 1.093182368788097 vs. 1.093182368788097
list:
dist: 1.1648288985328052 vs. 1.1648288985328052
list:
dist: 2.2721515038803273 vs. 2.2721515038803273
list:
dist: 1.7481078463790065 vs. 1.7481078463790065
list:
dist: 1.808371270266935 vs. 1.808371270266935
list:
dist: 2.8198216866641412 vs. 2.8198216866641412
list:
dist: 1.6468707919692487 vs. 1.6468707919692487
list:
dist: 2.8554329226321644 vs. 2.8554329226321644
list:
dist: 2.6160953457451996 vs. 2.6160953457451996
list:
dist: 1.3579007204572882 vs. 1.3579007204572882
list:
dist: 3.194977912176795 vs. 3.194977912176795
list:
dist: 2.6669817728531657 vs. 2.6669817728531657
list:
dist: 1.8206035551780588 vs. 1.8206035551780588
list:
dist: 3.2833934243515017 vs. 3.2833934243515017
list:
dist: 2.2133698400525437 vs. 2.2133698400525437
list:
dist: 2.1765318089990466 vs. 2.1765318089990466
list:
dist: 1.4305907153109119 vs. 1.4305907153109119
list:
dist: 1.8474579212970756 vs. 1.8474579212970756
list:
dist: 2.4473883103690315 vs. 2.4473883103690315
list:
dist: 1.5811977507673263 vs. 1.5811977507673263
list:
dist: 2.0143963382974293 vs. 2.0143963382974293
list:
dist: 2.965270464645949 vs. 2.965270464645949
list:
dist: 1.5978023765634968 vs. 1.5978023765634968
list:
dist: 2.7559023955022117 vs. 2.7559023955022117
list:
dist: 3.2274144456093676 vs. 3.2274144456093676
list:
dist: 4.174687567384663 vs. 4.174687567384663
list:
dist: 4.599526942315833 vs. 4.599526942315833
list:
dist: 1.3579007204572882 vs. 1.3579007204572882
list:
dist: 4.373781480221154 vs. 4.373781480221154
list:
dist: 4.083329242404355 vs. 4.083329242404355
list:
dist: 4.195632780663611 vs. 4.195632780663611
list:
dist: 4.818691120157075 vs. 4.818691120157075
list:
dist: 4.507657865615788 vs. 4.507657865615788
list:
dist: 3.299870593826937 vs. 3.299870593826937
list:
dist: 3.3875314869674154 vs. 3.3875314869674154
list:
dist: 3.6358175565240187 vs. 3.6358175565240187
list:
dist: 2.8132379991006498 vs. 2.8132379991006498
list:
dist: 3.3856477125113416 vs. 3.3856477125113416
list:
dist: 2.7210001132470585 vs. 2.7210001132470585
list:
dist: 3.789741042987817 vs. 3.789741042987817
list:
dist: 2.173700058706391 vs. 2.173700058706391
list:
dist: 2.1005709833071426 vs. 2.1005709833071426
list:
dist: 1.1926541554405508 vs. 1.1926541554405508
list:
dist: 2.306346545851059 vs. 2.306346545851059
list:
dist: 1.5274066412978815 vs. 1.5274066412978815
list:
dist: 1.3019397442922298 vs. 1.3019397442922298
list:
dist: 1.4634376787229988 vs. 1.4634376787229988
list:
dist: 1.1949745015642326 vs. 1.1949745015642326
list:
dist: 4.174687567384663 vs. 4.174687567384663
list:
dist: 3.8519541736088265 vs. 3.8519541736088265
list:
dist: 2.2889488538883755 vs. 2.2889488538883755
list:
dist: 2.236166964482066 vs. 2.236166964482066
list:
dist: 2.8862914443863015 vs. 2.8862914443863015
list:
dist: 3.6026422273679404 vs. 3.6026422273679404
list:
dist: 1.9796581866946552 vs. 1.9796581866946552
list:
dist: 2.4956462652579114 vs. 2.4956462652579114
list:
dist: 2.826749791361455 vs. 2.826749791361455
list:
dist: 2.354239614697175 vs. 2.354239614697175
list:
dist: 3.067597653762821 vs. 3.067597653762821
list:
dist: 3.423696617652921 vs. 3.423696617652921
list:
dist: 2.801445757716709 vs. 2.801445757716709
list:
dist: 2.4462915278713364 vs. 2.4462915278713364
list:
dist: 2.284360059089415 vs. 2.284360059089415
list:
dist: 3.070353309867232 vs. 3.070353309867232
list:
dist: 3.1572293083016127 vs. 3.1572293083016127
list:
dist: 1.1949745015642326 vs. 1.1949745015642326
list:
dist: 1.9744281982298097 vs. 1.9744281982298097
list:
dist: 2.582292746776208 vs. 2.582292746776208
list:
dist: 2.5015829815768504 vs. 2.5015829815768504
list:
dist: 2.319960951414062 vs. 2.319960951414062
list:
dist: 1.0442792191611923 vs. 1.0442792191611923
list:
dist: 2.808984657312847 vs. 2.808984657312847
list:
dist: 3.0134048081519786 vs. 3.0134048081519786
list:
dist: 3.923113473561346 vs. 3.923113473561346
list:
dist: 4.334635365860437 vs. 4.334635365860437
list:
dist: 2.9964859185321187 vs. 2.9964859185321187
list:
dist: 3.3198554294074945 vs. 3.3198554294074945
list:
dist: 3.6921393907092264 vs. 3.6921393907092264
list:
dist: 3.4593814476312126 vs. 3.4593814476312126
list:
dist: 3.748949352324231 vs. 3.748949352324231
list:
dist: 3.6846307298906282 vs. 3.6846307298906282
list:
dist: 3.0001101969552466 vs. 3.0001101969552466
list:
dist: 2.9684953970074774 vs. 2.9684953970074774
list:
dist: 2.821945871029044 vs. 2.821945871029044
list:
dist: 3.687112081822503 vs. 3.687112081822503
list:
dist: 1.3143332236682053 vs. 1.3143332236682053
list:
dist: 1.6547428155164392 vs. 1.6547428155164392
list:
dist: 1.5274066412978815 vs. 1.5274066412978815
list:
dist: 0.9199452074125423 vs. 0.9199452074125423
list:
dist: 1.73266381315214 vs. 1.73266381315214
list:
dist: 0.33272470622973477 vs. 0.33272470622973477
list:
dist: 2.356034889685179 vs. 2.356034889685179
list:
dist: 2.1009694428865373 vs. 2.1009694428865373
list:
dist: 2.5015829815768504 vs. 2.5015829815768504
list:
dist: 2.5138108999824085 vs. 2.5138108999824085
list:
dist: 2.3931111619734775 vs. 2.3931111619734775
list:
dist: 0.9210538774177797 vs. 0.9210538774177797
list:
dist: 1.4762686510140834 vs. 1.4762686510140834
list:
dist: 2.2727995903725344 vs. 2.2727995903725344
list:
dist: 0.9599623710502576 vs. 0.9599623710502576
list:
dist: 1.5408507808248835 vs. 1.5408507808248835
list:
dist: 1.311922457506211 vs. 1.311922457506211
list:
dist: 1.1310236150735105 vs. 1.1310236150735105
list:
dist: 2.348878494691139 vs. 2.348878494691139
list:
dist: 2.7347985883310946 vs. 2.7347985883310946
list:
dist: 2.291929529080618 vs. 2.291929529080618
list:
dist: 1.834466251441444 vs. 1.834466251441444
list:
dist: 1.2836645336684303 vs. 1.2836645336684303
list:
dist: 1.9443549777878129 vs. 1.9443549777878129
list:
dist: 2.4462915278713364 vs. 2.4462915278713364
list:
dist: 1.2995065300402255 vs. 1.2995065300402255
list:
dist: 2.7080486365732837 vs. 2.7080486365732837
list:
dist: 1.834466251441444 vs. 1.834466251441444
list:
dist: 2.0847608536942257 vs. 2.0847608536942257
list:
dist: 3.182220405310203 vs. 3.182220405310203
list:
dist: 2.2648329635525597 vs. 2.2648329635525597
list:
dist: 2.9684953970074774 vs. 2.9684953970074774
list:
dist: 1.4244521924170603 vs. 1.4244521924170603
list:
dist: 1.2906333182433187 vs. 1.2906333182433187
list:
dist: 2.147145728554133 vs. 2.147145728554133
list:
dist: 1.7569086491371226 vs. 1.7569086491371226
list:
dist: 1.4554822957993652 vs. 1.4554822957993652
list:
dist: 0.8806035402530604 vs. 0.8806035402530604
list:
dist: 2.2070566585925024 vs. 2.2070566585925024
list:
dist: 2.08211016382041 vs. 2.08211016382041
list:
dist: 0.9823274512190459 vs. 0.9823274512190459
list:
dist: 1.2199251035410223 vs. 1.2199251035410223
list:
dist: 0.9609342665527884 vs. 0.9609342665527884
list:
dist: 1.174041762030989 vs. 1.174041762030989
list:
dist: 1.0574139658804045 vs. 1.0574139658804045
list:
dist: 2.1481934277718997 vs. 2.1481934277718997
list:
dist: 1.8261827134321895 vs. 1.8261827134321895
list:
dist: 1.7735241674942388 vs. 1.7735241674942388
list:
dist: 2.686254967125769 vs. 2.686254967125769
list:
dist: 1.6206859970582128 vs. 1.6206859970582128
list:
dist: 1.9986103570944056 vs. 1.9986103570944056
list:
dist: 2.1922519796662385 vs. 2.1922519796662385
list:
dist: 2.306346545851059 vs. 2.306346545851059
list:
dist: 2.0446190288340547 vs. 2.0446190288340547
list:
dist: 1.73266381315214 vs. 1.73266381315214
list:
dist: 1.7354032646551028 vs. 1.7354032646551028
list:
dist: 2.0258114826057514 vs. 2.0258114826057514
list:
dist: 1.9042471324142887 vs. 1.9042471324142887
list:
dist: 2.582292746776208 vs. 2.582292746776208
list:
dist: 3.7921184049498717 vs. 3.7921184049498717
list:
dist: 3.6250187180594344 vs. 3.6250187180594344
list:
dist: 1.8516941984655115 vs. 1.8516941984655115
list:
dist: 2.811527152258167 vs. 2.811527152258167
list:
dist: 2.9521552561894904 vs. 2.9521552561894904
list:
dist: 2.5964932708725543 vs. 2.5964932708725543
list:
dist: 2.8521390647897444 vs. 2.8521390647897444
list:
dist: 1.9722022105702248 vs. 1.9722022105702248
list:
dist: 2.7428568783626432 vs. 2.7428568783626432
list:
dist: 3.5374857911615454 vs. 3.5374857911615454
list:
dist: 2.981402915612785 vs. 2.981402915612785
list:
dist: 2.488990509609035 vs. 2.488990509609035
list:
dist: 2.7080486365732837 vs. 2.7080486365732837
list:
dist: 1.6272969463039426 vs. 1.6272969463039426
list:
dist: 2.584578469677779 vs. 2.584578469677779
list:
dist: 0.553418058874249 vs. 0.553418058874249
list:
dist: 2.1005709833071426 vs. 2.1005709833071426
list:
dist: 2.38568528328409 vs. 2.38568528328409
list:
dist: 2.1922519796662385 vs. 2.1922519796662385
list:
dist: 1.6547428155164392 vs. 1.6547428155164392
list:
dist: 1.4160717326243055 vs. 1.4160717326243055
list:
dist: 2.769849485460017 vs. 2.769849485460017
list:
dist: 3.430281991064373 vs. 3.430281991064373
list:
dist: 3.8191048211413894 vs. 3.8191048211413894
list:
dist: 2.4527385726006323 vs. 2.4527385726006323
list:
dist: 2.47262112337621 vs. 2.47262112337621
list:
dist: 3.6399391615082473 vs. 3.6399391615082473
list:
dist: 2.3848917039900286 vs. 2.3848917039900286
list:
dist: 3.1164652957656185 vs. 3.1164652957656185
list:
dist: 2.2320328514389356 vs. 2.2320328514389356
list:
dist: 2.1208452889784613 vs. 2.1208452889784613
list:
dist: 3.9386285323857217 vs. 3.9386285323857217
list:
dist: 2.284360059089415 vs. 2.284360059089415
list:
dist: 1.2442823185603675 vs. 1.2442823185603675
list:
dist: 1.6272969463039426 vs. 1.6272969463039426
list:
dist: 1.2836645336684303 vs. 1.2836645336684303
list:
dist: 1.550032880724626 vs. 1.550032880724626
list:
dist: 2.1512052201469984 vs. 2.1512052201469984
list:
dist: 1.981854240214162 vs. 1.981854240214162
list:
dist: 2.821945871029044 vs. 2.821945871029044
list:
dist: 2.395404475208806 vs. 2.395404475208806
list:
dist: 0.6229312481923464 vs. 0.6229312481923464
list:
dist: 1.8876766680921782 vs. 1.8876766680921782
list:
dist: 1.6011283230142785 vs. 1.6011283230142785
list:
dist: 1.5305313095191342 vs. 1.5305313095191342
list:
dist: 1.3847778775861774 vs. 1.3847778775861774
list:
dist: 1.4059595740684654 vs. 1.4059595740684654
list:
dist: 1.9211467385292562 vs. 1.9211467385292562
list:
dist: 1.9581135214875038 vs. 1.9581135214875038
list:
dist: 1.57032536170426 vs. 1.57032536170426
list:
dist: 1.1840190276120337 vs. 1.1840190276120337
list:
dist: 1.174041762030989 vs. 1.174041762030989
list:
dist: 1.0263323213160924 vs. 1.0263323213160924
list:
dist: 2.860358077317003 vs. 2.860358077317003
list:
dist: 2.368038453527813 vs. 2.368038453527813
list:
dist: 2.259661640653012 vs. 2.259661640653012
list:
dist: 2.915861423072551 vs. 2.915861423072551
list:
dist: 2.6484725848967625 vs. 2.6484725848967625
list:
dist: 3.070353309867232 vs. 3.070353309867232
list:
dist: 1.8935537185064777 vs. 1.8935537185064777
list:
dist: 2.584578469677779 vs. 2.584578469677779
list:
dist: 1.9443549777878129 vs. 1.9443549777878129
list:
dist: 2.267451281120218 vs. 2.267451281120218
list:
dist: 2.401101610078079 vs. 2.401101610078079
list:
dist: 2.8706266097399844 vs. 2.8706266097399844
list:
dist: 3.687112081822503 vs. 3.687112081822503
list:
dist: 2.404280874486405 vs. 2.404280874486405
list:
dist: 1.047334116130476 vs. 1.047334116130476
list:
dist: 1.7503943498973507 vs. 1.7503943498973507
list:
dist: 0.7673134705960246 vs. 0.7673134705960246
list:
dist: 1.6706796141956513 vs. 1.6706796141956513
list:
dist: 1.0869241743774447 vs. 1.0869241743774447
list:
dist: 1.6099715643878418 vs. 1.6099715643878418
list:
dist: 2.010854295164915 vs. 2.010854295164915
list:
dist: 1.3667158930162833 vs. 1.3667158930162833
list:
dist: 1.1884956603327541 vs. 1.1884956603327541
list:
dist: 1.2928910714771837 vs. 1.2928910714771837
list:
dist: 1.0574139658804045 vs. 1.0574139658804045
list:
dist: 1.0263323213160924 vs. 1.0263323213160924
list:
dist: 2.3509880161534182 vs. 2.3509880161534182
list:
dist: 1.5298204958847945 vs. 1.5298204958847945
list:
dist: 1.286303908521386 vs. 1.286303908521386
list:
dist: 2.303156995122886 vs. 2.303156995122886
list:
dist: 1.9766873642048948 vs. 1.9766873642048948
list:
dist: 1.6916548450010616 vs. 1.6916548450010616
list:
dist: 2.2320328514389356 vs. 2.2320328514389356
list:
dist: 2.826749791361455 vs. 2.826749791361455
list:
dist: 2.013462114732907 vs. 2.013462114732907
list:
dist: 1.9722022105702248 vs. 1.9722022105702248
list:
dist: 1.311922457506211 vs. 1.311922457506211
list:
dist: 1.569420167849521 vs. 1.569420167849521
list:
dist: 1.2694392362950941 vs. 1.2694392362950941
list:
dist: 3.070607881862524 vs. 3.070607881862524
list:
dist: 3.6921393907092264 vs. 3.6921393907092264
list:
dist: 1.8743197188089786 vs. 1.8743197188089786
list:
dist: 3.215890310700264 vs. 3.215890310700264
list:
dist: 0.965585374381954 vs. 0.965585374381954
list:
dist: 1.028151274805466 vs. 1.028151274805466
list:
dist: 1.501160172392242 vs. 1.501160172392242
list:
dist: 1.5656189153852311 vs. 1.5656189153852311
list:
dist: 1.7681054058061036 vs. 1.7681054058061036
list:
dist: 1.3542034457133716 vs. 1.3542034457133716
list:
dist: 2.5228057075452255 vs. 2.5228057075452255
list:
dist: 2.684067966487322 vs. 2.684067966487322
list:
dist: 2.5154842105565303 vs. 2.5154842105565303
list:
dist: 2.2070566585925024 vs. 2.2070566585925024
list:
dist: 1.4059595740684654 vs. 1.4059595740684654
list:
dist: 1.6099715643878418 vs. 1.6099715643878418
list:
dist: 2.845954689710082 vs. 2.845954689710082
list:
dist: 2.3516435791724346 vs. 2.3516435791724346
list:
dist: 2.3782007863802583 vs. 2.3782007863802583
list:
dist: 2.3004878088907 vs. 2.3004878088907
list:
dist: 3.496490059244736 vs. 3.496490059244736
list:
dist: 4.182737405520058 vs. 4.182737405520058
list:
dist: 1.4634376787229988 vs. 1.4634376787229988
list:
dist: 1.532488708667178 vs. 1.532488708667178
list:
dist: 1.9042471324142887 vs. 1.9042471324142887
list:
dist: 2.1009694428865373 vs. 2.1009694428865373
list:
dist: 2.03964503303857 vs. 2.03964503303857
list:
dist: 1.0442792191611923 vs. 1.0442792191611923
list:
dist: 2.571924350391423 vs. 2.571924350391423
list:
dist: 2.3317512204782083 vs. 2.3317512204782083
list:
dist: 3.452990025810887 vs. 3.452990025810887
list:
dist: 3.55115617016598 vs. 3.55115617016598
list:
dist: 2.6187281324939105 vs. 2.6187281324939105
list:
dist: 2.762358840735896 vs. 2.762358840735896
list:
dist: 3.070607881862524 vs. 3.070607881862524
list:
dist: 3.1320840481900127 vs. 3.1320840481900127
list:
dist: 3.1786177970774747 vs. 3.1786177970774747
list:
dist: 2.7655405830265156 vs. 2.7655405830265156
list:
dist: 2.0754776866692444 vs. 2.0754776866692444
list:
dist: 2.2648329635525597 vs. 2.2648329635525597
list:
dist: 1.981854240214162 vs. 1.981854240214162
list:
dist: 2.8706266097399844 vs. 2.8706266097399844
list:
dist: 5.92138165506086 vs. 5.92138165506086
list:
dist: 5.570172127484304 vs. 5.570172127484304
list:
dist: 4.4359339745039295 vs. 4.4359339745039295
list:
dist: 4.356920685651971 vs. 4.356920685651971
list:
dist: 4.434307803946534 vs. 4.434307803946534
list:
dist: 3.645218688658891 vs. 3.645218688658891
list:
dist: 4.442362727384598 vs. 4.442362727384598
list:
dist: 3.3640162591995484 vs. 3.3640162591995484
list:
dist: 4.793939136118369 vs. 4.793939136118369
list:
dist: 2.16439813133995 vs. 2.16439813133995
list:
dist: 2.38568528328409 vs. 2.38568528328409
list:
dist: 1.1926541554405508 vs. 1.1926541554405508
list:
dist: 2.0446190288340547 vs. 2.0446190288340547
list:
dist: 0.9199452074125423 vs. 0.9199452074125423
list:
dist: 0.9991475860868851 vs. 0.9991475860868851
list:
dist: 1.532488708667178 vs. 1.532488708667178
list:
dist: 1.9744281982298097 vs. 1.9744281982298097
list:
dist: 4.599526942315833 vs. 4.599526942315833
list:
dist: 2.9576268223590407 vs. 2.9576268223590407
list:
dist: 1.642808502784665 vs. 1.642808502784665
list:
dist: 1.1914481600318285 vs. 1.1914481600318285
list:
dist: 2.051059208645591 vs. 2.051059208645591
list:
dist: 2.464214786458843 vs. 2.464214786458843
list:
dist: 1.096135206377261 vs. 1.096135206377261
list:
dist: 1.3779097846036563 vs. 1.3779097846036563
list:
dist: 2.013462114732907 vs. 2.013462114732907
list:
dist: 1.6731609612935943 vs. 1.6731609612935943
list:
dist: 1.9762127747097007 vs. 1.9762127747097007
list:
dist: 2.324633198814058 vs. 2.324633198814058
list:
dist: 1.7796785339763534 vs. 1.7796785339763534
list:
dist: 1.2995065300402255 vs. 1.2995065300402255
list:
dist: 1.2442823185603675 vs. 1.2442823185603675
list:
dist: 1.8935537185064777 vs. 1.8935537185064777
list:
dist: 1.701975264298066 vs. 1.701975264298066
list:
dist: 2.1208452889784613 vs. 2.1208452889784613
list:
dist: 2.354239614697175 vs. 2.354239614697175
list:
dist: 1.6731609612935943 vs. 1.6731609612935943
list:
dist: 2.7428568783626432 vs. 2.7428568783626432
list:
dist: 1.1310236150735105 vs. 1.1310236150735105
list:
dist: 1.3085130034503758 vs. 1.3085130034503758
list:
dist: 2.5926411340224096 vs. 2.5926411340224096
list:
dist: 3.1320840481900127 vs. 3.1320840481900127
list:
dist: 3.4593814476312126 vs. 3.4593814476312126
list:
dist: 1.5440952982595983 vs. 1.5440952982595983
list:
dist: 2.4735001552271987 vs. 2.4735001552271987
list:
dist: 1.3157849312412477 vs. 1.3157849312412477
list:
dist: 0.6571543192181316 vs. 0.6571543192181316
list:
dist: 2.0358689740816214 vs. 2.0358689740816214
list:
dist: 0.7018264050143275 vs. 0.7018264050143275
list:
dist: 1.3277370797981094 vs. 1.3277370797981094
list:
dist: 1.3542034457133716 vs. 1.3542034457133716
list:
dist: 2.0885277182818633 vs. 2.0885277182818633
list:
dist: 3.050667764039953 vs. 3.050667764039953
list:
dist: 2.817130643232731 vs. 2.817130643232731
list:
dist: 2.08211016382041 vs. 2.08211016382041
list:
dist: 1.9211467385292562 vs. 1.9211467385292562
list:
dist: 2.010854295164915 vs. 2.010854295164915
list:
dist: 1.8889195863404635 vs. 1.8889195863404635
list:
dist: 2.0146974513493947 vs. 2.0146974513493947
list:
dist: 2.3369075934943977 vs. 2.3369075934943977
list:
dist: 1.743763398424709 vs. 1.743763398424709
list:
dist: 3.3066039647519574 vs. 3.3066039647519574
list:
dist: 1.1669586275241668 vs. 1.1669586275241668
list:
dist: 1.4160717326243055 vs. 1.4160717326243055
list:
dist: 1.3019397442922298 vs. 1.3019397442922298
list:
dist: 0.9991475860868851 vs. 0.9991475860868851
list:
dist: 1.7354032646551028 vs. 1.7354032646551028
list:
dist: 0.33272470622973477 vs. 0.33272470622973477
list:
dist: 2.538045508501777 vs. 2.538045508501777
list:
dist: 2.03964503303857 vs. 2.03964503303857
list:
dist: 2.319960951414062 vs. 2.319960951414062
list:
dist: 2.7659611602510243 vs. 2.7659611602510243
list:
dist: 2.502452679510321 vs. 2.502452679510321
list:
dist: 1.2460867420745416 vs. 1.2460867420745416
list:
dist: 1.7262290141252055 vs. 1.7262290141252055
list:
dist: 2.604535520144172 vs. 2.604535520144172
list:
dist: 1.1796729378779611 vs. 1.1796729378779611
list:
dist: 1.822127538312091 vs. 1.822127538312091
list:
dist: 1.569420167849521 vs. 1.569420167849521
list:
dist: 1.3085130034503758 vs. 1.3085130034503758
list:
dist: 2.61324432671744 vs. 2.61324432671744
list:
dist: 3.0067728392907043 vs. 3.0067728392907043
list:
dist: 2.521780075982906 vs. 2.521780075982906
list:
dist: 2.0847608536942257 vs. 2.0847608536942257
list:
dist: 1.550032880724626 vs. 1.550032880724626
list:
dist: 2.267451281120218 vs. 2.267451281120218
list:
dist: 0.553418058874249 vs. 0.553418058874249
list:
dist: 2.173700058706391 vs. 2.173700058706391
list:
dist: 2.16439813133995 vs. 2.16439813133995
list:
dist: 1.9986103570944056 vs. 1.9986103570944056
list:
dist: 1.3143332236682053 vs. 1.3143332236682053
list:
dist: 1.1669586275241668 vs. 1.1669586275241668
list:
dist: 2.296005066627593 vs. 2.296005066627593
list:
dist: 2.9355215414969558 vs. 2.9355215414969558
list:
dist: 3.606505870168547 vs. 3.606505870168547
list:
dist: 2.0082516991105757 vs. 2.0082516991105757
list:
dist: 1.9704642035210016 vs. 1.9704642035210016
list:
dist: 3.1183965277520342 vs. 3.1183965277520342
list:
dist: 2.020621326469942 vs. 2.020621326469942
list:
dist: 2.7110900644785745 vs. 2.7110900644785745
list:
dist: 1.6916548450010616 vs. 1.6916548450010616
list:
dist: 1.701975264298066 vs. 1.701975264298066
list:
dist: 3.547226521551751 vs. 3.547226521551751
list:
dist: 2.0082516991105757 vs. 2.0082516991105757
list:
dist: 2.4527385726006323 vs. 2.4527385726006323
list:
dist: 2.236166964482066 vs. 2.236166964482066
list:
dist: 1.1914481600318285 vs. 1.1914481600318285
list:
dist: 1.8516941984655115 vs. 1.8516941984655115
list:
dist: 0.9210538774177797 vs. 0.9210538774177797
list:
dist: 1.2460867420745416 vs. 1.2460867420745416
list:
dist: 2.019285304121984 vs. 2.019285304121984
list:
dist: 2.3317512204782083 vs. 2.3317512204782083
list:
dist: 3.0134048081519786 vs. 3.0134048081519786
list:
dist: 2.1597603975754245 vs. 2.1597603975754245
list:
dist: 2.344646997665607 vs. 2.344646997665607
list:
dist: 1.2771430661035252 vs. 1.2771430661035252
list:
dist: 1.4128442751464987 vs. 1.4128442751464987
list:
dist: 1.0351824121727673 vs. 1.0351824121727673
list:
dist: 1.0649710470011056 vs. 1.0649710470011056
list:
dist: 0.965585374381954 vs. 0.965585374381954
list:
dist: 1.3157849312412477 vs. 1.3157849312412477
list:
dist: 1.8162183805810435 vs. 1.8162183805810435
list:
dist: 1.9599685910375586 vs. 1.9599685910375586
list:
dist: 1.6710338467707706 vs. 1.6710338467707706
list:
dist: 1.2906333182433187 vs. 1.2906333182433187
list:
dist: 0.6229312481923464 vs. 0.6229312481923464
list:
dist: 1.047334116130476 vs. 1.047334116130476
list:
dist: 2.45070747358874 vs. 2.45070747358874
list:
dist: 2.0462720885882604 vs. 2.0462720885882604
list:
dist: 2.057243162492512 vs. 2.057243162492512
list:
dist: 2.3968321396159764 vs. 2.3968321396159764
list:
dist: 2.75205480692163 vs. 2.75205480692163
list:
dist: 4.563382502564111 vs. 4.563382502564111
list:
dist: 4.533970748271138 vs. 4.533970748271138
list:
dist: 3.7039032820036675 vs. 3.7039032820036675
list:
dist: 4.797130946373848 vs. 4.797130946373848
list:
dist: 3.340180721796413 vs. 3.340180721796413
list:
dist: 5.186089370962075 vs. 5.186089370962075
list:
dist: 3.606505870168547 vs. 3.606505870168547
list:
dist: 3.8191048211413894 vs. 3.8191048211413894
list:
dist: 2.2889488538883755 vs. 2.2889488538883755
list:
dist: 1.642808502784665 vs. 1.642808502784665
list:
dist: 3.6250187180594344 vs. 3.6250187180594344
list:
dist: 2.3931111619734775 vs. 2.3931111619734775
list:
dist: 2.502452679510321 vs. 2.502452679510321
list:
dist: 2.571924350391423 vs. 2.571924350391423
list:
dist: 2.808984657312847 vs. 2.808984657312847
list:
dist: 4.373781480221154 vs. 4.373781480221154
list:
dist: 3.301854974859891 vs. 3.301854974859891
list:
dist: 2.344646997665607 vs. 2.344646997665607
list:
dist: 2.8205727754228676 vs. 2.8205727754228676
list:
dist: 2.96950358288022 vs. 2.96950358288022
list:
dist: 1.8193569824890512 vs. 1.8193569824890512
list:
dist: 1.6084405071147285 vs. 1.6084405071147285
list:
dist: 3.215890310700264 vs. 3.215890310700264
list:
dist: 2.4735001552271987 vs. 2.4735001552271987
list:
dist: 1.4507413128704059 vs. 1.4507413128704059
list:
dist: 2.4675371003503033 vs. 2.4675371003503033
list:
dist: 2.1646096626176043 vs. 2.1646096626176043
list:
dist: 1.4244521924170603 vs. 1.4244521924170603
list:
dist: 2.395404475208806 vs. 2.395404475208806
list:
dist: 2.404280874486405 vs. 2.404280874486405
list:
dist: 1.9831859493709283 vs. 1.9831859493709283
list:
dist: 2.42739944731001 vs. 2.42739944731001
list:
dist: 2.626184324553608 vs. 2.626184324553608
list:
dist: 3.110187301096404 vs. 3.110187301096404
list:
dist: 2.033944397728547 vs. 2.033944397728547
list:
dist: 2.020621326469942 vs. 2.020621326469942
list:
dist: 2.3848917039900286 vs. 2.3848917039900286
list:
dist: 1.9796581866946552 vs. 1.9796581866946552
list:
dist: 1.096135206377261 vs. 1.096135206377261
list:
dist: 2.5964932708725543 vs. 2.5964932708725543
list:
dist: 0.9599623710502576 vs. 0.9599623710502576
list:
dist: 1.1796729378779611 vs. 1.1796729378779611
list:
dist: 2.817125707467715 vs. 2.817125707467715
list:
dist: 2.6187281324939105 vs. 2.6187281324939105
list:
dist: 2.9964859185321187 vs. 2.9964859185321187
list:
dist: 1.9224897800628928 vs. 1.9224897800628928
list:
dist: 1.8193569824890512 vs. 1.8193569824890512
list:
dist: 1.0351824121727673 vs. 1.0351824121727673
list:
dist: 1.1038298408578568 vs. 1.1038298408578568
list:
dist: 1.9430895191398527 vs. 1.9430895191398527
list:
dist: 0.8104875435824529 vs. 0.8104875435824529
list:
dist: 1.5656189153852311 vs. 1.5656189153852311
list:
dist: 0.7018264050143275 vs. 0.7018264050143275
list:
dist: 1.5848334291881754 vs. 1.5848334291881754
list:
dist: 2.5402988814225207 vs. 2.5402988814225207
list:
dist: 2.2489480046817336 vs. 2.2489480046817336
list:
dist: 1.4554822957993652 vs. 1.4554822957993652
list:
dist: 1.5305313095191342 vs. 1.5305313095191342
list:
dist: 1.6706796141956513 vs. 1.6706796141956513
list:
dist: 1.7200727278392969 vs. 1.7200727278392969
list:
dist: 1.8582915828172148 vs. 1.8582915828172148
list:
dist: 2.1322411444757687 vs. 2.1322411444757687
list:
dist: 2.001141675867025 vs. 2.001141675867025
list:
dist: 2.771046694910589 vs. 2.771046694910589
list:
dist: 2.296005066627593 vs. 2.296005066627593
list:
dist: 2.769849485460017 vs. 2.769849485460017
list:
dist: 2.0258114826057514 vs. 2.0258114826057514
list:
dist: 2.356034889685179 vs. 2.356034889685179
list:
dist: 2.538045508501777 vs. 2.538045508501777
list:
dist: 2.8014609529457224 vs. 2.8014609529457224
list:
dist: 4.112200829462277 vs. 4.112200829462277
list:
dist: 2.019285304121984 vs. 2.019285304121984
list:
dist: 2.21115724996983 vs. 2.21115724996983
list:
dist: 2.178234383840911 vs. 2.178234383840911
list:
dist: 2.817125707467715 vs. 2.817125707467715
list:
dist: 2.9334402979165612 vs. 2.9334402979165612
list:
dist: 1.2694392362950941 vs. 1.2694392362950941
list:
dist: 2.5926411340224096 vs. 2.5926411340224096
list:
dist: 3.6025849911981473 vs. 3.6025849911981473
list:
dist: 3.2612666860370148 vs. 3.2612666860370148
list:
dist: 3.159497273965363 vs. 3.159497273965363
list:
dist: 3.182220405310203 vs. 3.182220405310203
list:
dist: 2.1512052201469984 vs. 2.1512052201469984
list:
dist: 2.401101610078079 vs. 2.401101610078079
list:
dist: 1.9704642035210016 vs. 1.9704642035210016
list:
dist: 2.47262112337621 vs. 2.47262112337621
list:
dist: 2.8862914443863015 vs. 2.8862914443863015
list:
dist: 2.051059208645591 vs. 2.051059208645591
list:
dist: 2.811527152258167 vs. 2.811527152258167
list:
dist: 1.4762686510140834 vs. 1.4762686510140834
list:
dist: 1.7262290141252055 vs. 1.7262290141252055
list:
dist: 2.21115724996983 vs. 2.21115724996983
list:
dist: 3.452990025810887 vs. 3.452990025810887
list:
dist: 3.923113473561346 vs. 3.923113473561346
list:
dist: 1.0560894387713722 vs. 1.0560894387713722
list:
dist: 2.8205727754228676 vs. 2.8205727754228676
list:
dist: 1.2771430661035252 vs. 1.2771430661035252
list:
dist: 1.5552212871488345 vs. 1.5552212871488345
list:
dist: 1.1038298408578568 vs. 1.1038298408578568
list:
dist: 1.3738335664677153 vs. 1.3738335664677153
list:
dist: 1.028151274805466 vs. 1.028151274805466
list:
dist: 0.6571543192181316 vs. 0.6571543192181316
list:
dist: 2.080778310129903 vs. 2.080778310129903
list:
dist: 2.9041992354152626 vs. 2.9041992354152626
list:
dist: 2.797285257941453 vs. 2.797285257941453
list:
dist: 2.147145728554133 vs. 2.147145728554133
list:
dist: 1.8876766680921782 vs. 1.8876766680921782
list:
dist: 1.7503943498973507 vs. 1.7503943498973507
list:
dist: 1.966342401632187 vs. 1.966342401632187
list:
dist: 1.7335200566615856 vs. 1.7335200566615856
list:
dist: 1.984917967137509 vs. 1.984917967137509
list:
dist: 1.4008212624785858 vs. 1.4008212624785858
list:
dist: 3.231925320650376 vs. 3.231925320650376
list:
dist: 2.7110900644785745 vs. 2.7110900644785745
list:
dist: 3.1164652957656185 vs. 3.1164652957656185
list:
dist: 2.4956462652579114 vs. 2.4956462652579114
list:
dist: 1.3779097846036563 vs. 1.3779097846036563
list:
dist: 2.8521390647897444 vs. 2.8521390647897444
list:
dist: 1.5408507808248835 vs. 1.5408507808248835
list:
dist: 1.822127538312091 vs. 1.822127538312091
list:
dist: 2.9334402979165612 vs. 2.9334402979165612
list:
dist: 2.762358840735896 vs. 2.762358840735896
list:
dist: 3.3198554294074945 vs. 3.3198554294074945
list:
dist: 1.889627620113601 vs. 1.889627620113601
list:
dist: 1.6084405071147285 vs. 1.6084405071147285
list:
dist: 1.0649710470011056 vs. 1.0649710470011056
list:
dist: 1.3738335664677153 vs. 1.3738335664677153
list:
dist: 1.4556477023875134 vs. 1.4556477023875134
list:
dist: 0.8104875435824529 vs. 0.8104875435824529
list:
dist: 1.7681054058061036 vs. 1.7681054058061036
list:
dist: 1.3277370797981094 vs. 1.3277370797981094
list:
dist: 0.8396414703055187 vs. 0.8396414703055187
list:
dist: 1.8846141129618654 vs. 1.8846141129618654
list:
dist: 1.7544008812468885 vs. 1.7544008812468885
list:
dist: 0.8806035402530604 vs. 0.8806035402530604
list:
dist: 1.3847778775861774 vs. 1.3847778775861774
list:
dist: 1.0869241743774447 vs. 1.0869241743774447
list:
dist: 1.4804548034481253 vs. 1.4804548034481253
list:
dist: 1.2646219645319876 vs. 1.2646219645319876
list:
dist: 1.4360643134548043 vs. 1.4360643134548043
list:
dist: 1.868961821655392 vs. 1.868961821655392
list:
dist: 1.9987656457467613 vs. 1.9987656457467613
list:
dist: 2.801445757716709 vs. 2.801445757716709
list:
dist: 1.7796785339763534 vs. 1.7796785339763534
list:
dist: 2.488990509609035 vs. 2.488990509609035
list:
dist: 2.291929529080618 vs. 2.291929529080618
list:
dist: 2.521780075982906 vs. 2.521780075982906
list:
dist: 3.159497273965363 vs. 3.159497273965363
list:
dist: 2.0754776866692444 vs. 2.0754776866692444
list:
dist: 3.0001101969552466 vs. 3.0001101969552466
list:
dist: 2.1646096626176043 vs. 2.1646096626176043
list:
dist: 1.6710338467707706 vs. 1.6710338467707706
list:
dist: 2.797285257941453 vs. 2.797285257941453
list:
dist: 2.0388006424047247 vs. 2.0388006424047247
list:
dist: 2.2489480046817336 vs. 2.2489480046817336
list:
dist: 1.7544008812468885 vs. 1.7544008812468885
list:
dist: 2.5154842105565303 vs. 2.5154842105565303
list:
dist: 2.817130643232731 vs. 2.817130643232731
list:
dist: 1.8113629063875065 vs. 1.8113629063875065
list:
dist: 0.6906380290520554 vs. 0.6906380290520554
list:
dist: 0.9609342665527884 vs. 0.9609342665527884
list:
dist: 1.1840190276120337 vs. 1.1840190276120337
list:
dist: 1.2928910714771837 vs. 1.2928910714771837
list:
dist: 3.0749913961136133 vs. 3.0749913961136133
list:
dist: 2.536161806133054 vs. 2.536161806133054
list:
dist: 2.297225373957336 vs. 2.297225373957336
list:
dist: 3.452878275650505 vs. 3.452878275650505
list:
dist: 1.910443983822682 vs. 1.910443983822682
list:
dist: 3.423696617652921 vs. 3.423696617652921
list:
dist: 2.324633198814058 vs. 2.324633198814058
list:
dist: 2.981402915612785 vs. 2.981402915612785
list:
dist: 2.7347985883310946 vs. 2.7347985883310946
list:
dist: 3.0067728392907043 vs. 3.0067728392907043
list:
dist: 3.2612666860370148 vs. 3.2612666860370148
list:
dist: 2.7655405830265156 vs. 2.7655405830265156
list:
dist: 3.6846307298906282 vs. 3.6846307298906282
list:
dist: 2.4675371003503033 vs. 2.4675371003503033
list:
dist: 1.9599685910375586 vs. 1.9599685910375586
list:
dist: 2.9041992354152626 vs. 2.9041992354152626
list:
dist: 1.808012744953723 vs. 1.808012744953723
list:
dist: 2.5402988814225207 vs. 2.5402988814225207
list:
dist: 1.8846141129618654 vs. 1.8846141129618654
list:
dist: 2.684067966487322 vs. 2.684067966487322
list:
dist: 3.050667764039953 vs. 3.050667764039953
list:
dist: 1.7384842186745715 vs. 1.7384842186745715
list:
dist: 0.6906380290520554 vs. 0.6906380290520554
list:
dist: 1.2199251035410223 vs. 1.2199251035410223
list:
dist: 1.57032536170426 vs. 1.57032536170426
list:
dist: 1.1884956603327541 vs. 1.1884956603327541
list:
dist: 3.0475217344674252 vs. 3.0475217344674252
list:
dist: 2.30260737347603 vs. 2.30260737347603
list:
dist: 1.942532008893398 vs. 1.942532008893398
list:
dist: 3.328279619987325 vs. 3.328279619987325
list:
dist: 1.5583675511864805 vs. 1.5583675511864805
list:
dist: 2.033944397728547 vs. 2.033944397728547
list:
dist: 2.75205480692163 vs. 2.75205480692163
list:
dist: 3.231925320650376 vs. 3.231925320650376
list:
dist: 2.3793217174637635 vs. 2.3793217174637635
list:
dist: 2.771046694910589 vs. 2.771046694910589
list:
dist: 1.9987656457467613 vs. 1.9987656457467613
list:
dist: 3.496490059244736 vs. 3.496490059244736
list:
dist: 3.3066039647519574 vs. 3.3066039647519574
list:
dist: 1.2428838718722086 vs. 1.2428838718722086
list:
dist: 1.5583675511864805 vs. 1.5583675511864805
list:
dist: 1.910443983822682 vs. 1.910443983822682
list:
dist: 1.6206859970582128 vs. 1.6206859970582128
list:
dist: 2.6484725848967625 vs. 2.6484725848967625
list:
dist: 1.9766873642048948 vs. 1.9766873642048948
list:
dist: 2.352149722782497 vs. 2.352149722782497
list:
dist: 1.898113517740709 vs. 1.898113517740709
list:
dist: 1.6955987645596886 vs. 1.6955987645596886
list:
dist: 3.063346584489981 vs. 3.063346584489981
list:
dist: 2.9355215414969558 vs. 2.9355215414969558
list:
dist: 3.430281991064373 vs. 3.430281991064373
list:
dist: 3.8519541736088265 vs. 3.8519541736088265
list:
dist: 2.9576268223590407 vs. 2.9576268223590407
list:
dist: 3.7921184049498717 vs. 3.7921184049498717
list:
dist: 2.5138108999824085 vs. 2.5138108999824085
list:
dist: 2.7659611602510243 vs. 2.7659611602510243
list:
dist: 2.8014609529457224 vs. 2.8014609529457224
list:
dist: 3.301854974859891 vs. 3.301854974859891
list:
dist: 2.1597603975754245 vs. 2.1597603975754245
list:
dist: 1.0560894387713722 vs. 1.0560894387713722
list:
dist: 1.694907167541044 vs. 1.694907167541044
list:
dist: 1.9224897800628928 vs. 1.9224897800628928
list:
dist: 1.889627620113601 vs. 1.889627620113601
list:
dist: 1.8743197188089786 vs. 1.8743197188089786
list:
dist: 1.5440952982595983 vs. 1.5440952982595983
list:
dist: 2.264974289683718 vs. 2.264974289683718
list:
dist: 4.2063177011489765 vs. 4.2063177011489765
list:
dist: 1.800072473256225 vs. 1.800072473256225
list:
dist: 1.4341646637958447 vs. 1.4341646637958447
list:
dist: 1.75073722323692 vs. 1.75073722323692
list:
dist: 0.5520265733694003 vs. 0.5520265733694003
list:
dist: 3.1183965277520342 vs. 3.1183965277520342
list:
dist: 3.6399391615082473 vs. 3.6399391615082473
list:
dist: 3.6026422273679404 vs. 3.6026422273679404
list:
dist: 2.464214786458843 vs. 2.464214786458843
list:
dist: 2.9521552561894904 vs. 2.9521552561894904
list:
dist: 2.2727995903725344 vs. 2.2727995903725344
list:
dist: 2.604535520144172 vs. 2.604535520144172
list:
dist: 2.178234383840911 vs. 2.178234383840911
list:
dist: 3.55115617016598 vs. 3.55115617016598
list:
dist: 4.334635365860437 vs. 4.334635365860437
list:
dist: 1.694907167541044 vs. 1.694907167541044
list:
dist: 2.96950358288022 vs. 2.96950358288022
list:
dist: 1.4128442751464987 vs. 1.4128442751464987
list:
dist: 1.5552212871488345 vs. 1.5552212871488345
list:
dist: 1.9430895191398527 vs. 1.9430895191398527
list:
dist: 1.4556477023875134 vs. 1.4556477023875134
list:
dist: 1.501160172392242 vs. 1.501160172392242
list:
dist: 2.0358689740816214 vs. 2.0358689740816214
list:
dist: 1.7317876795580076 vs. 1.7317876795580076
list:
dist: 1.808012744953723 vs. 1.808012744953723
list:
dist: 2.0388006424047247 vs. 2.0388006424047247
list:
dist: 1.7569086491371226 vs. 1.7569086491371226
list:
dist: 1.6011283230142785 vs. 1.6011283230142785
list:
dist: 0.7673134705960246 vs. 0.7673134705960246
list:
dist: 2.373958309932731 vs. 2.373958309932731
list:
dist: 1.3497844908633598 vs. 1.3497844908633598
list:
dist: 1.0794515006453662 vs. 1.0794515006453662
list:
dist: 1.894570056492288 vs. 1.894570056492288
list:
dist: 2.3793217174637635 vs. 2.3793217174637635
list:
dist: 4.195632780663611 vs. 4.195632780663611
list:
dist: 1.800072473256225 vs. 1.800072473256225
list:
dist: 1.9831859493709283 vs. 1.9831859493709283
list:
dist: 2.45070747358874 vs. 2.45070747358874
list:
dist: 1.966342401632187 vs. 1.966342401632187
list:
dist: 2.373958309932731 vs. 2.373958309932731
list:
dist: 1.7200727278392969 vs. 1.7200727278392969
list:
dist: 1.4804548034481253 vs. 1.4804548034481253
list:
dist: 2.845954689710082 vs. 2.845954689710082
list:
dist: 1.8889195863404635 vs. 1.8889195863404635
list:
dist: 1.3421660100670187 vs. 1.3421660100670187
list:
dist: 3.0475217344674252 vs. 3.0475217344674252
list:
dist: 3.0749913961136133 vs. 3.0749913961136133
list:
dist: 2.1481934277718997 vs. 2.1481934277718997
list:
dist: 2.860358077317003 vs. 2.860358077317003
list:
dist: 2.3509880161534182 vs. 2.3509880161534182
list:
dist: 1.2052926904740915 vs. 1.2052926904740915
list:
dist: 1.729176709729434 vs. 1.729176709729434
list:
dist: 1.3859563005465332 vs. 1.3859563005465332
list:
dist: 2.352149722782497 vs. 2.352149722782497
list:
dist: 1.75073722323692 vs. 1.75073722323692
list:
dist: 2.626184324553608 vs. 2.626184324553608
list:
dist: 2.057243162492512 vs. 2.057243162492512
list:
dist: 1.984917967137509 vs. 1.984917967137509
list:
dist: 1.0794515006453662 vs. 1.0794515006453662
list:
dist: 2.1322411444757687 vs. 2.1322411444757687
list:
dist: 1.4360643134548043 vs. 1.4360643134548043
list:
dist: 2.3782007863802583 vs. 2.3782007863802583
list:
dist: 2.3369075934943977 vs. 2.3369075934943977
list:
dist: 1.1798999364302656 vs. 1.1798999364302656
list:
dist: 1.942532008893398 vs. 1.942532008893398
list:
dist: 2.297225373957336 vs. 2.297225373957336
list:
dist: 1.7735241674942388 vs. 1.7735241674942388
list:
dist: 2.259661640653012 vs. 2.259661640653012
list:
dist: 1.286303908521386 vs. 1.286303908521386
list:
dist: 1.729176709729434 vs. 1.729176709729434
list:
dist: 0.5559238626533615 vs. 0.5559238626533615
list:
dist: 1.6128925523405901 vs. 1.6128925523405901
list:
dist: 1.6955987645596886 vs. 1.6955987645596886
list:
dist: 1.4341646637958447 vs. 1.4341646637958447
list:
dist: 2.42739944731001 vs. 2.42739944731001
list:
dist: 2.0462720885882604 vs. 2.0462720885882604
list:
dist: 1.7335200566615856 vs. 1.7335200566615856
list:
dist: 1.3497844908633598 vs. 1.3497844908633598
list:
dist: 1.8582915828172148 vs. 1.8582915828172148
list:
dist: 1.2646219645319876 vs. 1.2646219645319876
list:
dist: 2.3516435791724346 vs. 2.3516435791724346
list:
dist: 2.0146974513493947 vs. 2.0146974513493947
list:
dist: 1.0754046115419058 vs. 1.0754046115419058
list:
dist: 2.30260737347603 vs. 2.30260737347603
list:
dist: 2.536161806133054 vs. 2.536161806133054
list:
dist: 1.8261827134321895 vs. 1.8261827134321895
list:
dist: 2.368038453527813 vs. 2.368038453527813
list:
dist: 1.5298204958847945 vs. 1.5298204958847945
list:
dist: 1.2052926904740915 vs. 1.2052926904740915
list:
dist: 0.5559238626533615 vs. 0.5559238626533615
list:
dist: 1.1843928678938465 vs. 1.1843928678938465
list:
dist: 1.898113517740709 vs. 1.898113517740709
list:
dist: 3.547226521551751 vs. 3.547226521551751
list:
dist: 3.9386285323857217 vs. 3.9386285323857217
list:
dist: 3.067597653762821 vs. 3.067597653762821
list:
dist: 1.9762127747097007 vs. 1.9762127747097007
list:
dist: 3.5374857911615454 vs. 3.5374857911615454
list:
dist: 2.348878494691139 vs. 2.348878494691139
list:
dist: 2.61324432671744 vs. 2.61324432671744
list:
dist: 3.6025849911981473 vs. 3.6025849911981473
list:
dist: 3.1786177970774747 vs. 3.1786177970774747
list:
dist: 3.748949352324231 vs. 3.748949352324231
list:
dist: 2.264974289683718 vs. 2.264974289683718
list:
dist: 1.4507413128704059 vs. 1.4507413128704059
list:
dist: 1.8162183805810435 vs. 1.8162183805810435
list:
dist: 2.080778310129903 vs. 2.080778310129903
list:
dist: 1.7317876795580076 vs. 1.7317876795580076
list:
dist: 1.5848334291881754 vs. 1.5848334291881754
list:
dist: 0.8396414703055187 vs. 0.8396414703055187
list:
dist: 2.5228057075452255 vs. 2.5228057075452255
list:
dist: 2.0885277182818633 vs. 2.0885277182818633
list:
dist: 1.7384842186745715 vs. 1.7384842186745715
list:
dist: 1.8113629063875065 vs. 1.8113629063875065
list:
dist: 0.9823274512190459 vs. 0.9823274512190459
list:
dist: 1.9581135214875038 vs. 1.9581135214875038
list:
dist: 1.3667158930162833 vs. 1.3667158930162833
list:
dist: 1.3421660100670187 vs. 1.3421660100670187
list:
dist: 1.0754046115419058 vs. 1.0754046115419058
list:
dist: 1.1798999364302656 vs. 1.1798999364302656
list:
dist: 2.066343814946236 vs. 2.066343814946236
list:
dist: 1.2428838718722086 vs. 1.2428838718722086
list:
dist: 0.5520265733694003 vs. 0.5520265733694003
list:
dist: 3.110187301096404 vs. 3.110187301096404
list:
dist: 2.3968321396159764 vs. 2.3968321396159764
list:
dist: 1.4008212624785858 vs. 1.4008212624785858
list:
dist: 1.894570056492288 vs. 1.894570056492288
list:
dist: 2.001141675867025 vs. 2.001141675867025
list:
dist: 1.868961821655392 vs. 1.868961821655392
list:
dist: 2.3004878088907 vs. 2.3004878088907
list:
dist: 1.743763398424709 vs. 1.743763398424709
list:
dist: 2.066343814946236 vs. 2.066343814946236
list:
dist: 3.328279619987325 vs. 3.328279619987325
list:
dist: 3.452878275650505 vs. 3.452878275650505
list:
dist: 2.686254967125769 vs. 2.686254967125769
list:
dist: 2.915861423072551 vs. 2.915861423072551
list:
dist: 2.303156995122886 vs. 2.303156995122886
list:
dist: 1.3859563005465332 vs. 1.3859563005465332
list:
dist: 1.1843928678938465 vs. 1.1843928678938465
list:
dist: 1.6128925523405901 vs. 1.6128925523405901
list:
dist: 3.063346584489981 vs. 3.063346584489981
list:
dist: 1.8630215719675307 vs. 1.8630215719675307
list:
dist: 3.6071972523101294 vs. 3.6071972523101294
list:
dist: 3.5659876211187633 vs. 3.5659876211187633
list:
dist: 1.7368651827568733 vs. 1.7368651827568733
list:
dist: 1.5003749946926792 vs. 1.5003749946926792
list:
dist: 1.5717204559176658 vs. 1.5717204559176658
list:
dist: 1.563433962271109 vs. 1.563433962271109
list:
dist: 1.8838174632770541 vs. 1.8838174632770541
list:
dist: 2.3713501141330102 vs. 2.3713501141330102
list:
dist: 2.4637769271685785 vs. 2.4637769271685785
list:
dist: 1.377872665911085 vs. 1.377872665911085
list:
dist: 0.9766658617549473 vs. 0.9766658617549473
list:
dist: 1.4397607949367226 vs. 1.4397607949367226
list:
dist: 1.0809984081970705 vs. 1.0809984081970705
list:
dist: 2.6745073177676164 vs. 2.6745073177676164
list:
dist: 2.259216425369722 vs. 2.259216425369722
list:
dist: 1.8826225136363166 vs. 1.8826225136363166
list:
dist: 1.95474043665843 vs. 1.95474043665843
list:
dist: 2.5049416101626703 vs. 2.5049416101626703
list:
dist: 2.9465523368952637 vs. 2.9465523368952637
list:
dist: 2.9132995329618248 vs. 2.9132995329618248
list:
dist: 1.6686593662779146 vs. 1.6686593662779146
list:
dist: 2.5568886425448976 vs. 2.5568886425448976
list:
dist: 2.139437851645289 vs. 2.139437851645289
list:
dist: 1.7806000889306957 vs. 1.7806000889306957
list:
dist: 1.9706898270786912 vs. 1.9706898270786912
list:
dist: 2.3822920162590018 vs. 2.3822920162590018
list:
dist: 2.9733836507213867 vs. 2.9733836507213867
list:
dist: 2.8016825955134905 vs. 2.8016825955134905
list:
dist: 4.857985511931779 vs. 4.857985511931779
list:
dist: 4.399385427286797 vs. 4.399385427286797
list:
dist: 0.9072128255110113 vs. 0.9072128255110113
list:
dist: 4.138635346987296 vs. 4.138635346987296
list:
dist: 3.6987762428365496 vs. 3.6987762428365496
list:
dist: 4.846114903378778 vs. 4.846114903378778
list:
dist: 0.9993580152370811 vs. 0.9993580152370811
list:
dist: 1.493319040369034 vs. 1.493319040369034
list:
dist: 0.4490179735781269 vs. 0.4490179735781269
list:
dist: 0.9619862086077516 vs. 0.9619862086077516
list:
dist: 1.257626410578173 vs. 1.257626410578173
list:
dist: 2.2822547095983254 vs. 2.2822547095983254
list:
dist: 1.8838174632770541 vs. 1.8838174632770541
list:
dist: 1.3294497242321295 vs. 1.3294497242321295
list:
dist: 2.1914682046913647 vs. 2.1914682046913647
list:
dist: 1.3391783711969272 vs. 1.3391783711969272
list:
dist: 2.3470789375212666 vs. 2.3470789375212666
list:
dist: 3.014550669790582 vs. 3.014550669790582
list:
dist: 2.6751474314501267 vs. 2.6751474314501267
list:
dist: 2.7402107989947693 vs. 2.7402107989947693
list:
dist: 2.2561166473585414 vs. 2.2561166473585414
list:
dist: 3.060251353249077 vs. 3.060251353249077
list:
dist: 3.4541837388786076 vs. 3.4541837388786076
list:
dist: 4.066996407688221 vs. 4.066996407688221
list:
dist: 3.393143165135162 vs. 3.393143165135162
list:
dist: 4.069498714741747 vs. 4.069498714741747
list:
dist: 3.5700610911948676 vs. 3.5700610911948676
list:
dist: 3.141065728321463 vs. 3.141065728321463
list:
dist: 3.190030428778227 vs. 3.190030428778227
list:
dist: 3.5915188680425403 vs. 3.5915188680425403
list:
dist: 4.643649885379538 vs. 4.643649885379538
list:
dist: 3.9593154921430487 vs. 3.9593154921430487
list:
dist: 3.4959789228284204 vs. 3.4959789228284204
list:
dist: 3.2759332860957926 vs. 3.2759332860957926
list:
dist: 2.794165482609367 vs. 2.794165482609367
list:
dist: 3.9759021548838263 vs. 3.9759021548838263
list:
dist: 0.6753573944954738 vs. 0.6753573944954738
list:
dist: 1.3634235275496869 vs. 1.3634235275496869
list:
dist: 0.6578152094927358 vs. 0.6578152094927358
list:
dist: 1.3084059733421725 vs. 1.3084059733421725
list:
dist: 0.9072128255110113 vs. 0.9072128255110113
list:
dist: 1.264426061470685 vs. 1.264426061470685
list:
dist: 3.002203797850112 vs. 3.002203797850112
list:
dist: 1.8630215719675307 vs. 1.8630215719675307
list:
dist: 1.7904271462405477 vs. 1.7904271462405477
list:
dist: 2.4989510447506373 vs. 2.4989510447506373
list:
dist: 1.8253681632747378 vs. 1.8253681632747378
list:
dist: 1.9630860254028684 vs. 1.9630860254028684
list:
dist: 4.069479016051599 vs. 4.069479016051599
list:
dist: 3.6841992772098116 vs. 3.6841992772098116
list:
dist: 0.6753573944954738 vs. 0.6753573944954738
list:
dist: 3.510014900553727 vs. 3.510014900553727
list:
dist: 2.9896187184703593 vs. 2.9896187184703593
list:
dist: 3.977998428224904 vs. 3.977998428224904
list:
dist: 0.743394055336942 vs. 0.743394055336942
list:
dist: 0.6289803139837444 vs. 0.6289803139837444
list:
dist: 0.8233934718070991 vs. 0.8233934718070991
list:
dist: 0.9993580152370811 vs. 0.9993580152370811
list:
dist: 0.7721751897847218 vs. 0.7721751897847218
list:
dist: 2.6207110421974216 vs. 2.6207110421974216
list:
dist: 1.7368651827568733 vs. 1.7368651827568733
list:
dist: 1.9446426457079202 vs. 1.9446426457079202
list:
dist: 2.2154909467063844 vs. 2.2154909467063844
list:
dist: 1.4038809479102854 vs. 1.4038809479102854
list:
dist: 2.1153439161448055 vs. 2.1153439161448055
list:
dist: 2.6029656466577173 vs. 2.6029656466577173
list:
dist: 1.9426960851116042 vs. 1.9426960851116042
list:
dist: 1.9222955269008897 vs. 1.9222955269008897
list:
dist: 1.708930363442745 vs. 1.708930363442745
list:
dist: 2.460285539703918 vs. 2.460285539703918
list:
dist: 2.888273878978578 vs. 2.888273878978578
list:
dist: 3.484375537971486 vs. 3.484375537971486
list:
dist: 3.1726963518858082 vs. 3.1726963518858082
list:
dist: 3.732041323832043 vs. 3.732041323832043
list:
dist: 3.2407394346020815 vs. 3.2407394346020815
list:
dist: 2.7578992129130278 vs. 2.7578992129130278
list:
dist: 3.1209073182452354 vs. 3.1209073182452354
list:
dist: 3.672739442362039 vs. 3.672739442362039
list:
dist: 4.353149896048232 vs. 4.353149896048232
list:
dist: 1.9630860254028684 vs. 1.9630860254028684
list:
dist: 2.7295217685455766 vs. 2.7295217685455766
list:
dist: 2.8909582719696907 vs. 2.8909582719696907
list:
dist: 2.1153439161448055 vs. 2.1153439161448055
list:
dist: 2.118669167830709 vs. 2.118669167830709
list:
dist: 2.0200586690268385 vs. 2.0200586690268385
list:
dist: 2.324238938920662 vs. 2.324238938920662
list:
dist: 2.3470789375212666 vs. 2.3470789375212666
list:
dist: 2.876814802669719 vs. 2.876814802669719
list:
dist: 3.272291649452759 vs. 3.272291649452759
list:
dist: 3.6265592643264446 vs. 3.6265592643264446
list:
dist: 3.371407033545762 vs. 3.371407033545762
list:
dist: 3.2752727143334828 vs. 3.2752727143334828
list:
dist: 2.9578258866928477 vs. 2.9578258866928477
list:
dist: 2.50438682444768 vs. 2.50438682444768
list:
dist: 2.2370379068309187 vs. 2.2370379068309187
list:
dist: 1.0809984081970705 vs. 1.0809984081970705
list:
dist: 1.8723877900220558 vs. 1.8723877900220558
list:
dist: 2.024090099950785 vs. 2.024090099950785
list:
dist: 2.4026018815850296 vs. 2.4026018815850296
list:
dist: 2.9399627657359386 vs. 2.9399627657359386
list:
dist: 2.9511843201686605 vs. 2.9511843201686605
list:
dist: 2.339908661090436 vs. 2.339908661090436
list:
dist: 2.800933427610712 vs. 2.800933427610712
list:
dist: 3.3138680907381315 vs. 3.3138680907381315
list:
dist: 3.778307652528311 vs. 3.778307652528311
list:
dist: 3.6099326331114234 vs. 3.6099326331114234
list:
dist: 4.486004214728645 vs. 4.486004214728645
list:
dist: 4.484101660409831 vs. 4.484101660409831
list:
dist: 4.133766912643164 vs. 4.133766912643164
list:
dist: 4.490788297103568 vs. 4.490788297103568
list:
dist: 4.016502833291387 vs. 4.016502833291387
list:
dist: 4.251117197750028 vs. 4.251117197750028
list:
dist: 2.318955250667889 vs. 2.318955250667889
list:
dist: 3.2737615163202847 vs. 3.2737615163202847
list:
dist: 2.9427342071032676 vs. 2.9427342071032676
list:
dist: 2.6149797397113614 vs. 2.6149797397113614
list:
dist: 2.9372324925912956 vs. 2.9372324925912956
list:
dist: 3.2852117870581714 vs. 3.2852117870581714
list:
dist: 3.5397883799368763 vs. 3.5397883799368763
list:
dist: 3.3113392790262557 vs. 3.3113392790262557
list:
dist: 3.1726963518858082 vs. 3.1726963518858082
list:
dist: 2.6320783368853533 vs. 2.6320783368853533
list:
dist: 3.107453285137907 vs. 3.107453285137907
list:
dist: 2.789398020305623 vs. 2.789398020305623
list:
dist: 3.393143165135162 vs. 3.393143165135162
list:
dist: 3.6406372428501466 vs. 3.6406372428501466
list:
dist: 2.8384495776634506 vs. 2.8384495776634506
list:
dist: 1.6686593662779146 vs. 1.6686593662779146
list:
dist: 2.7283743088162256 vs. 2.7283743088162256
list:
dist: 1.3247958103706958 vs. 1.3247958103706958
list:
dist: 2.3986615602704746 vs. 2.3986615602704746
list:
dist: 2.318955250667889 vs. 2.318955250667889
list:
dist: 2.63146349747708 vs. 2.63146349747708
list:
dist: 2.5995922723346743 vs. 2.5995922723346743
list:
dist: 2.2616000794982583 vs. 2.2616000794982583
list:
dist: 2.4101175949280202 vs. 2.4101175949280202
list:
dist: 2.468543883609932 vs. 2.468543883609932
list:
dist: 2.7492927364382242 vs. 2.7492927364382242
list:
dist: 2.0813496024291926 vs. 2.0813496024291926
list:
dist: 1.0957870929658617 vs. 1.0957870929658617
list:
dist: 0.9311162003674549 vs. 0.9311162003674549
list:
dist: 1.0179338296400984 vs. 1.0179338296400984
list:
dist: 1.1029690134659453 vs. 1.1029690134659453
list:
dist: 1.4036391499524055 vs. 1.4036391499524055
list:
dist: 1.3187331076642153 vs. 1.3187331076642153
list:
dist: 1.1999680127315415 vs. 1.1999680127315415
list:
dist: 2.1726562734037054 vs. 2.1726562734037054
list:
dist: 2.2049064120071127 vs. 2.2049064120071127
list:
dist: 4.427649668667241 vs. 4.427649668667241
list:
dist: 4.044377552890005 vs. 4.044377552890005
list:
dist: 1.264426061470685 vs. 1.264426061470685
list:
dist: 4.105213143665318 vs. 4.105213143665318
list:
dist: 3.456294052593626 vs. 3.456294052593626
list:
dist: 4.265956373401444 vs. 4.265956373401444
list:
dist: 0.7721751897847218 vs. 0.7721751897847218
list:
dist: 1.0714314579291158 vs. 1.0714314579291158
list:
dist: 1.121831716216733 vs. 1.121831716216733
list:
dist: 0.9830718348753225 vs. 0.9830718348753225
list:
dist: 1.257626410578173 vs. 1.257626410578173
list:
dist: 2.540975840787463 vs. 2.540975840787463
list:
dist: 2.3713501141330102 vs. 2.3713501141330102
list:
dist: 2.4368247500187623 vs. 2.4368247500187623
list:
dist: 2.622486892846398 vs. 2.622486892846398
list:
dist: 1.5589063151447953 vs. 1.5589063151447953
list:
dist: 2.876814802669719 vs. 2.876814802669719
list:
dist: 2.4482088788790506 vs. 2.4482088788790506
list:
dist: 1.9363274364132856 vs. 1.9363274364132856
list:
dist: 2.21678990472383 vs. 2.21678990472383
list:
dist: 1.6963074920974297 vs. 1.6963074920974297
list:
dist: 2.4165701609842065 vs. 2.4165701609842065
list:
dist: 2.766419361252529 vs. 2.766419361252529
list:
dist: 3.626045711309128 vs. 3.626045711309128
list:
dist: 3.6406372428501466 vs. 3.6406372428501466
list:
dist: 4.041458584285552 vs. 4.041458584285552
list:
dist: 3.5386275106272946 vs. 3.5386275106272946
list:
dist: 3.0607141856904185 vs. 3.0607141856904185
list:
dist: 3.390721188951108 vs. 3.390721188951108
list:
dist: 3.9635988368640764 vs. 3.9635988368640764
list:
dist: 4.735674074538875 vs. 4.735674074538875
list:
dist: 3.002203797850112 vs. 3.002203797850112
list:
dist: 4.112200829462277 vs. 4.112200829462277
list:
dist: 2.6207110421974216 vs. 2.6207110421974216
list:
dist: 2.3357087549162125 vs. 2.3357087549162125
list:
dist: 2.349397405202154 vs. 2.349397405202154
list:
dist: 1.7994801737419401 vs. 1.7994801737419401
list:
dist: 2.2822547095983254 vs. 2.2822547095983254
list:
dist: 2.540975840787463 vs. 2.540975840787463
list:
dist: 2.4637769271685785 vs. 2.4637769271685785
list:
dist: 2.238017984617471 vs. 2.238017984617471
list:
dist: 1.7337874769435369 vs. 1.7337874769435369
list:
dist: 1.2879394315413415 vs. 1.2879394315413415
list:
dist: 2.0123612050442343 vs. 2.0123612050442343
list:
dist: 2.6246878558065307 vs. 2.6246878558065307
list:
dist: 3.066532432799654 vs. 3.066532432799654
list:
dist: 2.024436698038585 vs. 2.024436698038585
list:
dist: 2.490428434069521 vs. 2.490428434069521
list:
dist: 2.6480523756481458 vs. 2.6480523756481458
list:
dist: 3.2763789510526844 vs. 3.2763789510526844
list:
dist: 2.8384495776634506 vs. 2.8384495776634506
list:
dist: 3.0858220771899734 vs. 3.0858220771899734
list:
dist: 2.648064561661385 vs. 2.648064561661385
list:
dist: 2.439227014488128 vs. 2.439227014488128
list:
dist: 1.9412362389012048 vs. 1.9412362389012048
list:
dist: 2.1830146913724033 vs. 2.1830146913724033
list:
dist: 4.51733773809575 vs. 4.51733773809575
list:
dist: 4.093900276373472 vs. 4.093900276373472
list:
dist: 0.6578152094927358 vs. 0.6578152094927358
list:
dist: 3.7891796374401374 vs. 3.7891796374401374
list:
dist: 3.365928670920768 vs. 3.365928670920768
list:
dist: 4.48655789262719 vs. 4.48655789262719
list:
dist: 0.6289803139837444 vs. 0.6289803139837444
list:
dist: 1.1123008861485142 vs. 1.1123008861485142
list:
dist: 0.7544957011212663 vs. 0.7544957011212663
list:
dist: 0.4490179735781269 vs. 0.4490179735781269
list:
dist: 1.121831716216733 vs. 1.121831716216733
list:
dist: 2.349397405202154 vs. 2.349397405202154
list:
dist: 1.5717204559176658 vs. 1.5717204559176658
list:
dist: 1.376013421500814 vs. 1.376013421500814
list:
dist: 1.9949817846684545 vs. 1.9949817846684545
list:
dist: 1.211547154071681 vs. 1.211547154071681
list:
dist: 2.0200586690268385 vs. 2.0200586690268385
list:
dist: 2.8029316763541554 vs. 2.8029316763541554
list:
dist: 2.340333421395513 vs. 2.340333421395513
list:
dist: 2.326081820374602 vs. 2.326081820374602
list:
dist: 1.9720080344503417 vs. 1.9720080344503417
list:
dist: 2.7651400546357086 vs. 2.7651400546357086
list:
dist: 3.186070974500406 vs. 3.186070974500406
list:
dist: 3.733528523813018 vs. 3.733528523813018
list:
dist: 3.107453285137907 vs. 3.107453285137907
list:
dist: 3.7778491746034875 vs. 3.7778491746034875
list:
dist: 3.2823528998581444 vs. 3.2823528998581444
list:
dist: 2.8337686799696358 vs. 2.8337686799696358
list:
dist: 2.9992889795488096 vs. 2.9992889795488096
list:
dist: 3.4569470929796577 vs. 3.4569470929796577
list:
dist: 4.354789136097727 vs. 4.354789136097727
list:
dist: 4.246021656124435 vs. 4.246021656124435
list:
dist: 3.965279538662299 vs. 3.965279538662299
list:
dist: 1.3634235275496869 vs. 1.3634235275496869
list:
dist: 3.686610175182845 vs. 3.686610175182845
list:
dist: 3.2457609768804057 vs. 3.2457609768804057
list:
dist: 4.071925723112761 vs. 4.071925723112761
list:
dist: 0.743394055336942 vs. 0.743394055336942
list:
dist: 1.1123008861485142 vs. 1.1123008861485142
list:
dist: 0.7422145459017453 vs. 0.7422145459017453
list:
dist: 1.493319040369034 vs. 1.493319040369034
list:
dist: 1.0714314579291158 vs. 1.0714314579291158
list:
dist: 2.3357087549162125 vs. 2.3357087549162125
list:
dist: 1.5003749946926792 vs. 1.5003749946926792
list:
dist: 2.1133224930202235 vs. 2.1133224930202235
list:
dist: 1.8063612724209297 vs. 1.8063612724209297
list:
dist: 1.1137245664607023 vs. 1.1137245664607023
list:
dist: 2.118669167830709 vs. 2.118669167830709
list:
dist: 1.9398875875114925 vs. 1.9398875875114925
list:
dist: 1.249126039236097 vs. 1.249126039236097
list:
dist: 1.2817355771192134 vs. 1.2817355771192134
list:
dist: 1.0112222259869963 vs. 1.0112222259869963
list:
dist: 1.7414621127093657 vs. 1.7414621127093657
list:
dist: 2.1868255439829656 vs. 2.1868255439829656
list:
dist: 2.7444342753312356 vs. 2.7444342753312356
list:
dist: 2.6320783368853533 vs. 2.6320783368853533
list:
dist: 3.0611239286256327 vs. 3.0611239286256327
list:
dist: 2.5711176436874896 vs. 2.5711176436874896
list:
dist: 2.079808485140558 vs. 2.079808485140558
list:
dist: 2.5497006377529665 vs. 2.5497006377529665
list:
dist: 3.1714309009250994 vs. 3.1714309009250994
list:
dist: 3.724407470781605 vs. 3.724407470781605
list:
dist: 1.7904271462405477 vs. 1.7904271462405477
list:
dist: 4.326072982841607 vs. 4.326072982841607
list:
dist: 4.192152658223843 vs. 4.192152658223843
list:
dist: 1.9446426457079202 vs. 1.9446426457079202
list:
dist: 2.1133224930202235 vs. 2.1133224930202235
list:
dist: 1.376013421500814 vs. 1.376013421500814
list:
dist: 1.663748685270983 vs. 1.663748685270983
list:
dist: 1.3294497242321295 vs. 1.3294497242321295
list:
dist: 2.4368247500187623 vs. 2.4368247500187623
list:
dist: 2.238017984617471 vs. 2.238017984617471
list:
dist: 1.377872665911085 vs. 1.377872665911085
list:
dist: 1.5947090618517565 vs. 1.5947090618517565
list:
dist: 1.555754887274705 vs. 1.555754887274705
list:
dist: 1.8723877900220558 vs. 1.8723877900220558
list:
dist: 3.3431964006869848 vs. 3.3431964006869848
list:
dist: 3.160250603446029 vs. 3.160250603446029
list:
dist: 3.037258190807279 vs. 3.037258190807279
list:
dist: 2.6868172537275417 vs. 2.6868172537275417
list:
dist: 3.3995182008299603 vs. 3.3995182008299603
list:
dist: 3.8001798788274983 vs. 3.8001798788274983
list:
dist: 4.051921195687729 vs. 4.051921195687729
list:
dist: 2.7283743088162256 vs. 2.7283743088162256
list:
dist: 3.6195059235811007 vs. 3.6195059235811007
list:
dist: 3.18514828889503 vs. 3.18514828889503
list:
dist: 2.8726399089422503 vs. 2.8726399089422503
list:
dist: 2.6515390889201003 vs. 2.6515390889201003
list:
dist: 2.837155777920364 vs. 2.837155777920364
list:
dist: 4.015755126973434 vs. 4.015755126973434
list:
dist: 3.6964283563296214 vs. 3.6964283563296214
list:
dist: 2.4989510447506373 vs. 2.4989510447506373
list:
dist: 4.548789063412991 vs. 4.548789063412991
list:
dist: 4.467081272194797 vs. 4.467081272194797
list:
dist: 2.2154909467063844 vs. 2.2154909467063844
list:
dist: 1.8063612724209297 vs. 1.8063612724209297
list:
dist: 1.9949817846684545 vs. 1.9949817846684545
list:
dist: 1.6636867665041186 vs. 1.6636867665041186
list:
dist: 2.1914682046913647 vs. 2.1914682046913647
list:
dist: 2.622486892846398 vs. 2.622486892846398
list:
dist: 1.7337874769435369 vs. 1.7337874769435369
list:
dist: 0.9766658617549473 vs. 0.9766658617549473
list:
dist: 1.5947090618517565 vs. 1.5947090618517565
list:
dist: 1.1903446418977237 vs. 1.1903446418977237
list:
dist: 2.024090099950785 vs. 2.024090099950785
list:
dist: 2.199051610011556 vs. 2.199051610011556
list:
dist: 2.2306689151209134 vs. 2.2306689151209134
list:
dist: 2.1425841203162226 vs. 2.1425841203162226
list:
dist: 1.7832358329459341 vs. 1.7832358329459341
list:
dist: 2.233148028256163 vs. 2.233148028256163
list:
dist: 2.5835834291277155 vs. 2.5835834291277155
list:
dist: 2.5806499401616128 vs. 2.5806499401616128
list:
dist: 1.3247958103706958 vs. 1.3247958103706958
list:
dist: 2.0493720971485097 vs. 2.0493720971485097
list:
dist: 1.6064754095211846 vs. 1.6064754095211846
list:
dist: 1.347629525270178 vs. 1.347629525270178
list:
dist: 1.1077387925031306 vs. 1.1077387925031306
list:
dist: 1.5041487273978573 vs. 1.5041487273978573
list:
dist: 2.5299131102203525 vs. 2.5299131102203525
list:
dist: 2.368701299692227 vs. 2.368701299692227
list:
dist: 4.2504911057016646 vs. 4.2504911057016646
list:
dist: 1.9426960851116042 vs. 1.9426960851116042
list:
dist: 1.249126039236097 vs. 1.249126039236097
list:
dist: 2.340333421395513 vs. 2.340333421395513
list:
dist: 1.7611426826546106 vs. 1.7611426826546106
list:
dist: 2.6751474314501267 vs. 2.6751474314501267
list:
dist: 1.9363274364132856 vs. 1.9363274364132856
list:
dist: 2.6246878558065307 vs. 2.6246878558065307
list:
dist: 2.259216425369722 vs. 2.259216425369722
list:
dist: 3.160250603446029 vs. 3.160250603446029
list:
dist: 2.2306689151209134 vs. 2.2306689151209134
list:
dist: 1.8227475010744554 vs. 1.8227475010744554
list:
dist: 2.9511843201686605 vs. 2.9511843201686605
list:
dist: 1.1357844078585604 vs. 1.1357844078585604
list:
dist: 0.86271468358058 vs. 0.86271468358058
list:
dist: 0.6111242150588568 vs. 0.6111242150588568
list:
dist: 0.6398790643420891 vs. 0.6398790643420891
list:
dist: 1.059557891069534 vs. 1.059557891069534
list:
dist: 1.7641305419689892 vs. 1.7641305419689892
list:
dist: 2.5995922723346743 vs. 2.5995922723346743
list:
dist: 2.5534696648790516 vs. 2.5534696648790516
list:
dist: 2.1331671529272107 vs. 2.1331671529272107
list:
dist: 1.696162296059893 vs. 1.696162296059893
list:
dist: 2.4288991405885914 vs. 2.4288991405885914
list:
dist: 3.1483980087922423 vs. 3.1483980087922423
list:
dist: 3.3087588618712784 vs. 3.3087588618712784
list:
dist: 1.9086783675725065 vs. 1.9086783675725065
list:
dist: 3.205346730772003 vs. 3.205346730772003
list:
dist: 3.7278410220877833 vs. 3.7278410220877833
list:
dist: 1.9222955269008897 vs. 1.9222955269008897
list:
dist: 1.2817355771192134 vs. 1.2817355771192134
list:
dist: 2.326081820374602 vs. 2.326081820374602
list:
dist: 1.955139840993015 vs. 1.955139840993015
list:
dist: 2.7402107989947693 vs. 2.7402107989947693
list:
dist: 2.21678990472383 vs. 2.21678990472383
list:
dist: 3.066532432799654 vs. 3.066532432799654
list:
dist: 1.8826225136363166 vs. 1.8826225136363166
list:
dist: 3.037258190807279 vs. 3.037258190807279
list:
dist: 2.1425841203162226 vs. 2.1425841203162226
list:
dist: 2.052555878259519 vs. 2.052555878259519
list:
dist: 2.339908661090436 vs. 2.339908661090436
list:
dist: 1.8563157777035566 vs. 1.8563157777035566
list:
dist: 0.86271468358058 vs. 0.86271468358058
list:
dist: 1.1930375378644518 vs. 1.1930375378644518
list:
dist: 1.2849654361151228 vs. 1.2849654361151228
list:
dist: 1.718939496883569 vs. 1.718939496883569
list:
dist: 1.8110201639875798 vs. 1.8110201639875798
list:
dist: 2.2616000794982583 vs. 2.2616000794982583
list:
dist: 2.407137501151471 vs. 2.407137501151471
list:
dist: 2.030370432363338 vs. 2.030370432363338
list:
dist: 1.5810285311835677 vs. 1.5810285311835677
list:
dist: 2.4715207799470753 vs. 2.4715207799470753
list:
dist: 3.168630321037595 vs. 3.168630321037595
list:
dist: 3.048781812343809 vs. 3.048781812343809
list:
dist: 2.1854179736334727 vs. 2.1854179736334727
list:
dist: 3.084766072718205 vs. 3.084766072718205
list:
dist: 4.353149896048232 vs. 4.353149896048232
list:
dist: 3.724407470781605 vs. 3.724407470781605
list:
dist: 4.354789136097727 vs. 4.354789136097727
list:
dist: 3.94015059668715 vs. 3.94015059668715
list:
dist: 4.643649885379538 vs. 4.643649885379538
list:
dist: 4.735674074538875 vs. 4.735674074538875
list:
dist: 4.954828400085631 vs. 4.954828400085631
list:
dist: 4.706900518506926 vs. 4.706900518506926
list:
dist: 5.32623003082923 vs. 5.32623003082923
list:
dist: 4.546581341963704 vs. 4.546581341963704
list:
dist: 5.1149879051769505 vs. 5.1149879051769505
list:
dist: 4.9723929687902455 vs. 4.9723929687902455
list:
dist: 4.176625572886245 vs. 4.176625572886245
list:
dist: 2.9733836507213867 vs. 2.9733836507213867
list:
dist: 4.015755126973434 vs. 4.015755126973434
list:
dist: 2.5299131102203525 vs. 2.5299131102203525
list:
dist: 3.518810666990218 vs. 3.518810666990218
list:
dist: 3.5397883799368763 vs. 3.5397883799368763
list:
dist: 4.79768049322058 vs. 4.79768049322058
list:
dist: 3.3087588618712784 vs. 3.3087588618712784
list:
dist: 3.048781812343809 vs. 3.048781812343809
list:
dist: 3.2464211841333097 vs. 3.2464211841333097
list:
dist: 2.9837999511799187 vs. 2.9837999511799187
list:
dist: 3.0879328230768976 vs. 3.0879328230768976
list:
dist: 2.0141333933399075 vs. 2.0141333933399075
list:
dist: 4.070132876485066 vs. 4.070132876485066
list:
dist: 3.5000349659555714 vs. 3.5000349659555714
list:
dist: 4.4022877790925214 vs. 4.4022877790925214
list:
dist: 3.8749790124004697 vs. 3.8749790124004697
list:
dist: 3.4059569345345504 vs. 3.4059569345345504
list:
dist: 3.9211817149623474 vs. 3.9211817149623474
list:
dist: 1.3187331076642153 vs. 1.3187331076642153
list:
dist: 0.802270312011498 vs. 0.802270312011498
list:
dist: 1.2543564372852187 vs. 1.2543564372852187
list:
dist: 1.6988023411293496 vs. 1.6988023411293496
list:
dist: 1.7627639977654626 vs. 1.7627639977654626
list:
dist: 1.8412299687659017 vs. 1.8412299687659017
list:
dist: 0.7782578657162064 vs. 0.7782578657162064
list:
dist: 2.087136321172698 vs. 2.087136321172698
list:
dist: 4.612580927004513 vs. 4.612580927004513
list:
dist: 3.811516989057361 vs. 3.811516989057361
list:
dist: 4.336038414087338 vs. 4.336038414087338
list:
dist: 1.2058623368882917 vs. 1.2058623368882917
list:
dist: 3.1209073182452354 vs. 3.1209073182452354
list:
dist: 2.5497006377529665 vs. 2.5497006377529665
list:
dist: 2.9992889795488096 vs. 2.9992889795488096
list:
dist: 2.4990549436579594 vs. 2.4990549436579594
list:
dist: 3.190030428778227 vs. 3.190030428778227
list:
dist: 3.390721188951108 vs. 3.390721188951108
list:
dist: 1.9412362389012048 vs. 1.9412362389012048
list:
dist: 1.9706898270786912 vs. 1.9706898270786912
list:
dist: 2.6515390889201003 vs. 2.6515390889201003
list:
dist: 1.1077387925031306 vs. 1.1077387925031306
list:
dist: 1.9584883041900454 vs. 1.9584883041900454
list:
dist: 2.9372324925912956 vs. 2.9372324925912956
list:
dist: 2.012073898838244 vs. 2.012073898838244
list:
dist: 2.4288991405885914 vs. 2.4288991405885914
list:
dist: 2.4715207799470753 vs. 2.4715207799470753
list:
dist: 2.0678783579477034 vs. 2.0678783579477034
list:
dist: 2.135376955726801 vs. 2.135376955726801
list:
dist: 2.317837994286415 vs. 2.317837994286415
list:
dist: 2.045694665567313 vs. 2.045694665567313
list:
dist: 1.1029690134659453 vs. 1.1029690134659453
list:
dist: 1.251056851292441 vs. 1.251056851292441
list:
dist: 0.9188712170554221 vs. 0.9188712170554221
list:
dist: 1.0120110992524807 vs. 1.0120110992524807
list:
dist: 0.7246234625977005 vs. 0.7246234625977005
list:
dist: 1.7627639977654626 vs. 1.7627639977654626
list:
dist: 1.756857151574287 vs. 1.756857151574287
list:
dist: 1.7815975460217774 vs. 1.7815975460217774
list:
dist: 2.371513522035024 vs. 2.371513522035024
list:
dist: 1.8253681632747378 vs. 1.8253681632747378
list:
dist: 4.5600166009008305 vs. 4.5600166009008305
list:
dist: 4.219780142015945 vs. 4.219780142015945
list:
dist: 1.4038809479102854 vs. 1.4038809479102854
list:
dist: 1.1137245664607023 vs. 1.1137245664607023
list:
dist: 1.211547154071681 vs. 1.211547154071681
list:
dist: 0.6149613067837117 vs. 0.6149613067837117
list:
dist: 1.3391783711969272 vs. 1.3391783711969272
list:
dist: 1.5589063151447953 vs. 1.5589063151447953
list:
dist: 1.2879394315413415 vs. 1.2879394315413415
list:
dist: 1.4397607949367226 vs. 1.4397607949367226
list:
dist: 1.555754887274705 vs. 1.555754887274705
list:
dist: 1.1903446418977237 vs. 1.1903446418977237
list:
dist: 2.4026018815850296 vs. 2.4026018815850296
list:
dist: 1.839539854376679 vs. 1.839539854376679
list:
dist: 1.8227475010744554 vs. 1.8227475010744554
list:
dist: 2.052555878259519 vs. 2.052555878259519
list:
dist: 1.25248474630265 vs. 1.25248474630265
list:
dist: 1.9860080812404235 vs. 1.9860080812404235
list:
dist: 2.343572594082509 vs. 2.343572594082509
list:
dist: 2.9066124239346705 vs. 2.9066124239346705
list:
dist: 2.3986615602704746 vs. 2.3986615602704746
list:
dist: 2.8774150643984733 vs. 2.8774150643984733
list:
dist: 2.369003788613504 vs. 2.369003788613504
list:
dist: 1.9716633795417478 vs. 1.9716633795417478
list:
dist: 1.9584883041900454 vs. 1.9584883041900454
list:
dist: 2.4469211095032963 vs. 2.4469211095032963
list:
dist: 3.518810666990218 vs. 3.518810666990218
list:
dist: 3.4950304844469504 vs. 3.4950304844469504
list:
dist: 4.6414006492875 vs. 4.6414006492875
list:
dist: 1.708930363442745 vs. 1.708930363442745
list:
dist: 1.0112222259869963 vs. 1.0112222259869963
list:
dist: 1.9720080344503417 vs. 1.9720080344503417
list:
dist: 1.2987285751680615 vs. 1.2987285751680615
list:
dist: 2.2561166473585414 vs. 2.2561166473585414
list:
dist: 1.6963074920974297 vs. 1.6963074920974297
list:
dist: 2.024436698038585 vs. 2.024436698038585
list:
dist: 1.95474043665843 vs. 1.95474043665843
list:
dist: 2.6868172537275417 vs. 2.6868172537275417
list:
dist: 1.7832358329459341 vs. 1.7832358329459341
list:
dist: 1.25248474630265 vs. 1.25248474630265
list:
dist: 2.800933427610712 vs. 2.800933427610712
list:
dist: 0.9380594393027553 vs. 0.9380594393027553
list:
dist: 0.6111242150588568 vs. 0.6111242150588568
list:
dist: 1.1930375378644518 vs. 1.1930375378644518
list:
dist: 0.8046923573993944 vs. 0.8046923573993944
list:
dist: 1.2149972483399036 vs. 1.2149972483399036
list:
dist: 1.971359449552986 vs. 1.971359449552986
list:
dist: 2.4101175949280202 vs. 2.4101175949280202
list:
dist: 2.484460125064325 vs. 2.484460125064325
list:
dist: 2.0054055659756647 vs. 2.0054055659756647
list:
dist: 1.5570804368579274 vs. 1.5570804368579274
list:
dist: 2.0678783579477034 vs. 2.0678783579477034
list:
dist: 2.758674208913116 vs. 2.758674208913116
list:
dist: 3.2464211841333097 vs. 3.2464211841333097
list:
dist: 1.9463285560373662 vs. 1.9463285560373662
list:
dist: 3.303166400641139 vs. 3.303166400641139
list:
dist: 2.7578992129130278 vs. 2.7578992129130278
list:
dist: 2.079808485140558 vs. 2.079808485140558
list:
dist: 2.8337686799696358 vs. 2.8337686799696358
list:
dist: 2.326565014950651 vs. 2.326565014950651
list:
dist: 3.141065728321463 vs. 3.141065728321463
list:
dist: 3.0607141856904185 vs. 3.0607141856904185
list:
dist: 2.439227014488128 vs. 2.439227014488128
list:
dist: 1.7806000889306957 vs. 1.7806000889306957
list:
dist: 2.8726399089422503 vs. 2.8726399089422503
list:
dist: 1.347629525270178 vs. 1.347629525270178
list:
dist: 1.9716633795417478 vs. 1.9716633795417478
list:
dist: 2.6149797397113614 vs. 2.6149797397113614
list:
dist: 1.662839813648049 vs. 1.662839813648049
list:
dist: 1.696162296059893 vs. 1.696162296059893
list:
dist: 1.5810285311835677 vs. 1.5810285311835677
list:
dist: 1.5570804368579274 vs. 1.5570804368579274
list:
dist: 1.4659018915832145 vs. 1.4659018915832145
list:
dist: 1.7316528025426354 vs. 1.7316528025426354
list:
dist: 1.2641536076749011 vs. 1.2641536076749011
list:
dist: 1.0179338296400984 vs. 1.0179338296400984
list:
dist: 0.9837243004109733 vs. 0.9837243004109733
list:
dist: 0.49651539253543187 vs. 0.49651539253543187
list:
dist: 1.0120110992524807 vs. 1.0120110992524807
list:
dist: 1.687661855197583 vs. 1.687661855197583
list:
dist: 1.6988023411293496 vs. 1.6988023411293496
list:
dist: 1.970515664032187 vs. 1.970515664032187
list:
dist: 1.3195734882868033 vs. 1.3195734882868033
list:
dist: 2.012628734039682 vs. 2.012628734039682
list:
dist: 3.2407394346020815 vs. 3.2407394346020815
list:
dist: 2.5711176436874896 vs. 2.5711176436874896
list:
dist: 3.2823528998581444 vs. 3.2823528998581444
list:
dist: 2.776347983153139 vs. 2.776347983153139
list:
dist: 3.5700610911948676 vs. 3.5700610911948676
list:
dist: 3.5386275106272946 vs. 3.5386275106272946
list:
dist: 2.648064561661385 vs. 2.648064561661385
list:
dist: 2.139437851645289 vs. 2.139437851645289
list:
dist: 3.18514828889503 vs. 3.18514828889503
list:
dist: 1.6064754095211846 vs. 1.6064754095211846
list:
dist: 2.369003788613504 vs. 2.369003788613504
list:
dist: 2.9427342071032676 vs. 2.9427342071032676
list:
dist: 1.942152165252438 vs. 1.942152165252438
list:
dist: 2.1331671529272107 vs. 2.1331671529272107
list:
dist: 2.030370432363338 vs. 2.030370432363338
list:
dist: 2.0054055659756647 vs. 2.0054055659756647
list:
dist: 1.8099169832306294 vs. 1.8099169832306294
list:
dist: 1.9793377522540048 vs. 1.9793377522540048
list:
dist: 1.2674376212974345 vs. 1.2674376212974345
list:
dist: 0.9311162003674549 vs. 0.9311162003674549
list:
dist: 0.5131770296922129 vs. 0.5131770296922129
list:
dist: 0.49651539253543187 vs. 0.49651539253543187
list:
dist: 0.9188712170554221 vs. 0.9188712170554221
list:
dist: 1.4744190378263118 vs. 1.4744190378263118
list:
dist: 1.2543564372852187 vs. 1.2543564372852187
list:
dist: 1.5959128563210827 vs. 1.5959128563210827
list:
dist: 1.247232227281315 vs. 1.247232227281315
list:
dist: 1.6260139491208343 vs. 1.6260139491208343
list:
dist: 5.146891301143967 vs. 5.146891301143967
list:
dist: 2.888273878978578 vs. 2.888273878978578
list:
dist: 2.1868255439829656 vs. 2.1868255439829656
list:
dist: 3.186070974500406 vs. 3.186070974500406
list:
dist: 2.4939697918665864 vs. 2.4939697918665864
list:
dist: 3.4541837388786076 vs. 3.4541837388786076
list:
dist: 2.766419361252529 vs. 2.766419361252529
list:
dist: 2.6480523756481458 vs. 2.6480523756481458
list:
dist: 2.9465523368952637 vs. 2.9465523368952637
list:
dist: 3.8001798788274983 vs. 3.8001798788274983
list:
dist: 2.5835834291277155 vs. 2.5835834291277155
list:
dist: 2.343572594082509 vs. 2.343572594082509
list:
dist: 3.778307652528311 vs. 3.778307652528311
list:
dist: 0.647091292926734 vs. 0.647091292926734
list:
dist: 1.059557891069534 vs. 1.059557891069534
list:
dist: 1.718939496883569 vs. 1.718939496883569
list:
dist: 1.2149972483399036 vs. 1.2149972483399036
list:
dist: 0.47668871017148895 vs. 0.47668871017148895
list:
dist: 1.3086024760125172 vs. 1.3086024760125172
list:
dist: 2.7492927364382242 vs. 2.7492927364382242
list:
dist: 2.298312584241892 vs. 2.298312584241892
list:
dist: 1.9793377522540048 vs. 1.9793377522540048
list:
dist: 1.7316528025426354 vs. 1.7316528025426354
list:
dist: 2.317837994286415 vs. 2.317837994286415
list:
dist: 2.9941029126336245 vs. 2.9941029126336245
list:
dist: 3.0879328230768976 vs. 3.0879328230768976
list:
dist: 1.1716890663740278 vs. 1.1716890663740278
list:
dist: 2.714008332068746 vs. 2.714008332068746
list:
dist: 3.672739442362039 vs. 3.672739442362039
list:
dist: 3.1714309009250994 vs. 3.1714309009250994
list:
dist: 3.4569470929796577 vs. 3.4569470929796577
list:
dist: 3.024646671032097 vs. 3.024646671032097
list:
dist: 3.5915188680425403 vs. 3.5915188680425403
list:
dist: 3.9635988368640764 vs. 3.9635988368640764
list:
dist: 2.1830146913724033 vs. 2.1830146913724033
list:
dist: 2.3822920162590018 vs. 2.3822920162590018
list:
dist: 2.837155777920364 vs. 2.837155777920364
list:
dist: 1.5041487273978573 vs. 1.5041487273978573
list:
dist: 2.4469211095032963 vs. 2.4469211095032963
list:
dist: 3.2852117870581714 vs. 3.2852117870581714
list:
dist: 2.6624375389285078 vs. 2.6624375389285078
list:
dist: 3.1483980087922423 vs. 3.1483980087922423
list:
dist: 3.168630321037595 vs. 3.168630321037595
list:
dist: 2.758674208913116 vs. 2.758674208913116
list:
dist: 2.845364625563356 vs. 2.845364625563356
list:
dist: 2.9941029126336245 vs. 2.9941029126336245
list:
dist: 2.6534062709467956 vs. 2.6534062709467956
list:
dist: 1.4036391499524055 vs. 1.4036391499524055
list:
dist: 1.616003227214785 vs. 1.616003227214785
list:
dist: 1.4744190378263118 vs. 1.4744190378263118
list:
dist: 1.687661855197583 vs. 1.687661855197583
list:
dist: 0.7246234625977005 vs. 0.7246234625977005
list:
dist: 1.8412299687659017 vs. 1.8412299687659017
list:
dist: 1.6052916145714038 vs. 1.6052916145714038
list:
dist: 2.3451677906174537 vs. 2.3451677906174537
list:
dist: 2.6398613658248187 vs. 2.6398613658248187
list:
dist: 3.732041323832043 vs. 3.732041323832043
list:
dist: 3.0611239286256327 vs. 3.0611239286256327
list:
dist: 3.7778491746034875 vs. 3.7778491746034875
list:
dist: 3.287313074524117 vs. 3.287313074524117
list:
dist: 4.069498714741747 vs. 4.069498714741747
list:
dist: 4.041458584285552 vs. 4.041458584285552
list:
dist: 3.0858220771899734 vs. 3.0858220771899734
list:
dist: 2.5568886425448976 vs. 2.5568886425448976
list:
dist: 3.6195059235811007 vs. 3.6195059235811007
list:
dist: 2.0493720971485097 vs. 2.0493720971485097
list:
dist: 2.8774150643984733 vs. 2.8774150643984733
list:
dist: 3.2737615163202847 vs. 3.2737615163202847
list:
dist: 2.341469079728878 vs. 2.341469079728878
list:
dist: 2.5534696648790516 vs. 2.5534696648790516
list:
dist: 2.407137501151471 vs. 2.407137501151471
list:
dist: 2.484460125064325 vs. 2.484460125064325
list:
dist: 2.1936461325492176 vs. 2.1936461325492176
list:
dist: 2.298312584241892 vs. 2.298312584241892
list:
dist: 1.3383530667339067 vs. 1.3383530667339067
list:
dist: 1.0957870929658617 vs. 1.0957870929658617
list:
dist: 0.5131770296922129 vs. 0.5131770296922129
list:
dist: 0.9837243004109733 vs. 0.9837243004109733
list:
dist: 1.251056851292441 vs. 1.251056851292441
list:
dist: 1.616003227214785 vs. 1.616003227214785
list:
dist: 0.802270312011498 vs. 0.802270312011498
list:
dist: 1.3259501770292632 vs. 1.3259501770292632
list:
dist: 1.3575907393234152 vs. 1.3575907393234152
list:
dist: 1.1863961137607368 vs. 1.1863961137607368
list:
dist: 5.227409828827114 vs. 5.227409828827114
list:
dist: 3.484375537971486 vs. 3.484375537971486
list:
dist: 2.7444342753312356 vs. 2.7444342753312356
list:
dist: 3.733528523813018 vs. 3.733528523813018
list:
dist: 3.1493933537888203 vs. 3.1493933537888203
list:
dist: 4.066996407688221 vs. 4.066996407688221
list:
dist: 3.626045711309128 vs. 3.626045711309128
list:
dist: 3.2763789510526844 vs. 3.2763789510526844
list:
dist: 2.9132995329618248 vs. 2.9132995329618248
list:
dist: 4.051921195687729 vs. 4.051921195687729
list:
dist: 2.5806499401616128 vs. 2.5806499401616128
list:
dist: 2.9066124239346705 vs. 2.9066124239346705
list:
dist: 3.6099326331114234 vs. 3.6099326331114234
list:
dist: 1.6942644080120783 vs. 1.6942644080120783
list:
dist: 1.7641305419689892 vs. 1.7641305419689892
list:
dist: 1.8110201639875798 vs. 1.8110201639875798
list:
dist: 1.971359449552986 vs. 1.971359449552986
list:
dist: 1.3306713407780058 vs. 1.3306713407780058
list:
dist: 1.3086024760125172 vs. 1.3086024760125172
list:
dist: 2.0813496024291926 vs. 2.0813496024291926
list:
dist: 1.3383530667339067 vs. 1.3383530667339067
list:
dist: 1.2674376212974345 vs. 1.2674376212974345
list:
dist: 1.2641536076749011 vs. 1.2641536076749011
list:
dist: 2.045694665567313 vs. 2.045694665567313
list:
dist: 2.6534062709467956 vs. 2.6534062709467956
list:
dist: 2.0141333933399075 vs. 2.0141333933399075
list:
dist: 0.6924857647787152 vs. 0.6924857647787152
list:
dist: 1.4970776912116592 vs. 1.4970776912116592
list:
dist: 4.824704454361893 vs. 4.824704454361893
list:
dist: 4.475089659267985 vs. 4.475089659267985
list:
dist: 1.3084059733421725 vs. 1.3084059733421725
list:
dist: 4.189635571327534 vs. 4.189635571327534
list:
dist: 3.753847532133964 vs. 3.753847532133964
list:
dist: 4.69815857001427 vs. 4.69815857001427
list:
dist: 0.8233934718070991 vs. 0.8233934718070991
list:
dist: 0.7422145459017453 vs. 0.7422145459017453
list:
dist: 0.7544957011212663 vs. 0.7544957011212663
list:
dist: 0.9619862086077516 vs. 0.9619862086077516
list:
dist: 0.9830718348753225 vs. 0.9830718348753225
list:
dist: 1.7994801737419401 vs. 1.7994801737419401
list:
dist: 1.563433962271109 vs. 1.563433962271109
list:
dist: 1.663748685270983 vs. 1.663748685270983
list:
dist: 1.6636867665041186 vs. 1.6636867665041186
list:
dist: 0.6149613067837117 vs. 0.6149613067837117
list:
dist: 2.324238938920662 vs. 2.324238938920662
list:
dist: 2.0671842701035983 vs. 2.0671842701035983
list:
dist: 1.7611426826546106 vs. 1.7611426826546106
list:
dist: 1.955139840993015 vs. 1.955139840993015
list:
dist: 1.2987285751680615 vs. 1.2987285751680615
list:
dist: 2.1026077689006244 vs. 2.1026077689006244
list:
dist: 2.4939697918665864 vs. 2.4939697918665864
list:
dist: 3.1493933537888203 vs. 3.1493933537888203
list:
dist: 2.789398020305623 vs. 2.789398020305623
list:
dist: 3.287313074524117 vs. 3.287313074524117
list:
dist: 2.776347983153139 vs. 2.776347983153139
list:
dist: 2.326565014950651 vs. 2.326565014950651
list:
dist: 2.4990549436579594 vs. 2.4990549436579594
list:
dist: 3.024646671032097 vs. 3.024646671032097
list:
dist: 3.94015059668715 vs. 3.94015059668715
list:
dist: 4.815096645962036 vs. 4.815096645962036
list:
dist: 2.460285539703918 vs. 2.460285539703918
list:
dist: 1.7414621127093657 vs. 1.7414621127093657
list:
dist: 2.7651400546357086 vs. 2.7651400546357086
list:
dist: 2.1026077689006244 vs. 2.1026077689006244
list:
dist: 3.060251353249077 vs. 3.060251353249077
list:
dist: 2.4165701609842065 vs. 2.4165701609842065
list:
dist: 2.490428434069521 vs. 2.490428434069521
list:
dist: 2.5049416101626703 vs. 2.5049416101626703
list:
dist: 3.3995182008299603 vs. 3.3995182008299603
list:
dist: 2.233148028256163 vs. 2.233148028256163
list:
dist: 1.9860080812404235 vs. 1.9860080812404235
list:
dist: 3.3138680907381315 vs. 3.3138680907381315
list:
dist: 0.6668111683045462 vs. 0.6668111683045462
list:
dist: 0.6398790643420891 vs. 0.6398790643420891
list:
dist: 1.2849654361151228 vs. 1.2849654361151228
list:
dist: 0.8046923573993944 vs. 0.8046923573993944
list:
dist: 0.47668871017148895 vs. 0.47668871017148895
list:
dist: 1.3306713407780058 vs. 1.3306713407780058
list:
dist: 2.468543883609932 vs. 2.468543883609932
list:
dist: 2.1936461325492176 vs. 2.1936461325492176
list:
dist: 1.8099169832306294 vs. 1.8099169832306294
list:
dist: 1.4659018915832145 vs. 1.4659018915832145
list:
dist: 2.135376955726801 vs. 2.135376955726801
list:
dist: 2.845364625563356 vs. 2.845364625563356
list:
dist: 2.9837999511799187 vs. 2.9837999511799187
list:
dist: 1.3256952042762464 vs. 1.3256952042762464
list:
dist: 2.7683755329814494 vs. 2.7683755329814494
list:
dist: 1.3932835947924664 vs. 1.3932835947924664
list:
dist: 1.9086783675725065 vs. 1.9086783675725065
list:
dist: 2.1854179736334727 vs. 2.1854179736334727
list:
dist: 1.9463285560373662 vs. 1.9463285560373662
list:
dist: 1.3256952042762464 vs. 1.3256952042762464
list:
dist: 1.1716890663740278 vs. 1.1716890663740278
list:
dist: 0.6924857647787152 vs. 0.6924857647787152
list:
dist: 2.1726562734037054 vs. 2.1726562734037054
list:
dist: 1.3575907393234152 vs. 1.3575907393234152
list:
dist: 1.247232227281315 vs. 1.247232227281315
list:
dist: 1.3195734882868033 vs. 1.3195734882868033
list:
dist: 1.7815975460217774 vs. 1.7815975460217774
list:
dist: 2.3451677906174537 vs. 2.3451677906174537
list:
dist: 2.087136321172698 vs. 2.087136321172698
list:
dist: 1.6228943482161018 vs. 1.6228943482161018
list:
dist: 5.252204157011482 vs. 5.252204157011482
list:
dist: 4.958284920836332 vs. 4.958284920836332
list:
dist: 4.815051349742793 vs. 4.815051349742793
list:
dist: 4.468553576659566 vs. 4.468553576659566
list:
dist: 4.507430449467519 vs. 4.507430449467519
list:
dist: 4.868098035551031 vs. 4.868098035551031
list:
dist: 4.742412537896952 vs. 4.742412537896952
list:
dist: 4.319741441709795 vs. 4.319741441709795
list:
dist: 3.844077523158019 vs. 3.844077523158019
list:
dist: 3.889704837407717 vs. 3.889704837407717
list:
dist: 2.6029656466577173 vs. 2.6029656466577173
list:
dist: 1.9398875875114925 vs. 1.9398875875114925
list:
dist: 2.8029316763541554 vs. 2.8029316763541554
list:
dist: 2.0671842701035983 vs. 2.0671842701035983
list:
dist: 3.014550669790582 vs. 3.014550669790582
list:
dist: 2.4482088788790506 vs. 2.4482088788790506
list:
dist: 2.0123612050442343 vs. 2.0123612050442343
list:
dist: 2.6745073177676164 vs. 2.6745073177676164
list:
dist: 3.3431964006869848 vs. 3.3431964006869848
list:
dist: 2.199051610011556 vs. 2.199051610011556
list:
dist: 1.839539854376679 vs. 1.839539854376679
list:
dist: 1.1357844078585604 vs. 1.1357844078585604
list:
dist: 1.8563157777035566 vs. 1.8563157777035566
list:
dist: 0.9380594393027553 vs. 0.9380594393027553
list:
dist: 0.6668111683045462 vs. 0.6668111683045462
list:
dist: 0.647091292926734 vs. 0.647091292926734
list:
dist: 1.6942644080120783 vs. 1.6942644080120783
list:
dist: 2.63146349747708 vs. 2.63146349747708
list:
dist: 2.341469079728878 vs. 2.341469079728878
list:
dist: 1.942152165252438 vs. 1.942152165252438
list:
dist: 1.662839813648049 vs. 1.662839813648049
list:
dist: 2.012073898838244 vs. 2.012073898838244
list:
dist: 2.6624375389285078 vs. 2.6624375389285078
list:
dist: 1.3932835947924664 vs. 1.3932835947924664
list:
dist: 2.3052481783911527 vs. 2.3052481783911527
list:
dist: 2.3376260983510915 vs. 2.3376260983510915
list:
dist: 3.7791079952859077 vs. 3.7791079952859077
list:
dist: 1.5988096389770556 vs. 1.5988096389770556
list:
dist: 0.8508270950528133 vs. 0.8508270950528133
list:
dist: 1.75958842113916 vs. 1.75958842113916
list:
dist: 2.578698075324152 vs. 2.578698075324152
list:
dist: 2.5058929974531567 vs. 2.5058929974531567
list:
dist: 2.031502064503084 vs. 2.031502064503084
list:
dist: 1.8210960635612563 vs. 1.8210960635612563
list:
dist: 1.885135839230698 vs. 1.885135839230698
list:
dist: 1.396720801814782 vs. 1.396720801814782
list:
dist: 1.116879677873518 vs. 1.116879677873518
list:
dist: 1.8828307897040164 vs. 1.8828307897040164
list:
dist: 1.0457945045526296 vs. 1.0457945045526296
list:
dist: 1.672790960258483 vs. 1.672790960258483
list:
dist: 0.6509660822734855 vs. 0.6509660822734855
list:
dist: 0.862550869373095 vs. 0.862550869373095
list:
dist: 2.50438682444768 vs. 2.50438682444768
list:
dist: 1.2024545992239408 vs. 1.2024545992239408
list:
dist: 3.455491902221047 vs. 3.455491902221047
list:
dist: 3.8750692668268294 vs. 3.8750692668268294
list:
dist: 2.8028998713553186 vs. 2.8028998713553186
list:
dist: 3.6676113630513316 vs. 3.6676113630513316
list:
dist: 3.4044769571887756 vs. 3.4044769571887756
list:
dist: 3.495421118251286 vs. 3.495421118251286
list:
dist: 4.413837333465619 vs. 4.413837333465619
list:
dist: 4.9723929687902455 vs. 4.9723929687902455
list:
dist: 1.249914590472438 vs. 1.249914590472438
list:
dist: 0.873067520110824 vs. 0.873067520110824
list:
dist: 3.3972869929065004 vs. 3.3972869929065004
list:
dist: 1.3890609762568709 vs. 1.3890609762568709
list:
dist: 2.794165482609367 vs. 2.794165482609367
list:
dist: 1.0150263560332344 vs. 1.0150263560332344
list:
dist: 1.5241055200455838 vs. 1.5241055200455838
list:
dist: 2.0232094185498632 vs. 2.0232094185498632
list:
dist: 2.386879846166601 vs. 2.386879846166601
list:
dist: 2.4905120146137185 vs. 2.4905120146137185
list:
dist: 1.5891075522010771 vs. 1.5891075522010771
list:
dist: 1.6173695343446124 vs. 1.6173695343446124
list:
dist: 2.9896187184703593 vs. 2.9896187184703593
list:
dist: 3.2457609768804057 vs. 3.2457609768804057
list:
dist: 3.365928670920768 vs. 3.365928670920768
list:
dist: 3.753847532133964 vs. 3.753847532133964
list:
dist: 3.6987762428365496 vs. 3.6987762428365496
list:
dist: 3.456294052593626 vs. 3.456294052593626
list:
dist: 2.483884841626448 vs. 2.483884841626448
list:
dist: 3.4340887378869205 vs. 3.4340887378869205
list:
dist: 2.6047437735561614 vs. 2.6047437735561614
list:
dist: 2.461783066116205 vs. 2.461783066116205
list:
dist: 1.744562013397776 vs. 1.744562013397776
list:
dist: 1.75958842113916 vs. 1.75958842113916
list:
dist: 2.201025430598554 vs. 2.201025430598554
list:
dist: 3.5659876211187633 vs. 3.5659876211187633
list:
dist: 4.192152658223843 vs. 4.192152658223843
list:
dist: 4.467081272194797 vs. 4.467081272194797
list:
dist: 4.219780142015945 vs. 4.219780142015945
list:
dist: 2.8909582719696907 vs. 2.8909582719696907
list:
dist: 2.960816391532683 vs. 2.960816391532683
list:
dist: 2.4941545377093908 vs. 2.4941545377093908
list:
dist: 2.8565271710657454 vs. 2.8565271710657454
list:
dist: 3.8360599994123215 vs. 3.8360599994123215
list:
dist: 1.8013318554105249 vs. 1.8013318554105249
list:
dist: 2.0722085427876933 vs. 2.0722085427876933
list:
dist: 2.461783066116205 vs. 2.461783066116205
list:
dist: 2.3625847630604433 vs. 2.3625847630604433
list:
dist: 2.1349305146851996 vs. 2.1349305146851996
list:
dist: 1.918599210916447 vs. 1.918599210916447
list:
dist: 1.0541605871128823 vs. 1.0541605871128823
list:
dist: 1.3711667183270868 vs. 1.3711667183270868
list:
dist: 1.4766502545313216 vs. 1.4766502545313216
list:
dist: 0.9955413097809781 vs. 0.9955413097809781
list:
dist: 1.5358395777382055 vs. 1.5358395777382055
list:
dist: 1.659665301242804 vs. 1.659665301242804
list:
dist: 1.186940914963346 vs. 1.186940914963346
list:
dist: 1.672790960258483 vs. 1.672790960258483
list:
dist: 1.2450782904684339 vs. 1.2450782904684339
list:
dist: 3.2752727143334828 vs. 3.2752727143334828
list:
dist: 1.9822079482215489 vs. 1.9822079482215489
list:
dist: 2.241815943407213 vs. 2.241815943407213
list:
dist: 2.769886369808916 vs. 2.769886369808916
list:
dist: 1.2699938293124509 vs. 1.2699938293124509
list:
dist: 2.1899685016504935 vs. 2.1899685016504935
list:
dist: 2.055114009327843 vs. 2.055114009327843
list:
dist: 1.91600926550656 vs. 1.91600926550656
list:
dist: 3.2268639419361675 vs. 3.2268639419361675
list:
dist: 4.546581341963704 vs. 4.546581341963704
list:
dist: 0.6783057349540648 vs. 0.6783057349540648
list:
dist: 2.713970218012655 vs. 2.713970218012655
list:
dist: 1.3159308534015262 vs. 1.3159308534015262
list:
dist: 3.4959789228284204 vs. 3.4959789228284204
list:
dist: 1.5417835959575543 vs. 1.5417835959575543
list:
dist: 0.873067520110824 vs. 0.873067520110824
list:
dist: 1.1328450702061013 vs. 1.1328450702061013
list:
dist: 1.643096195090772 vs. 1.643096195090772
list:
dist: 2.2225211727295466 vs. 2.2225211727295466
list:
dist: 2.590329598545546 vs. 2.590329598545546
list:
dist: 1.6600812884765521 vs. 1.6600812884765521
list:
dist: 1.6859536410553537 vs. 1.6859536410553537
list:
dist: 3.6841992772098116 vs. 3.6841992772098116
list:
dist: 3.965279538662299 vs. 3.965279538662299
list:
dist: 4.093900276373472 vs. 4.093900276373472
list:
dist: 4.475089659267985 vs. 4.475089659267985
list:
dist: 4.399385427286797 vs. 4.399385427286797
list:
dist: 4.044377552890005 vs. 4.044377552890005
list:
dist: 2.8695414146092086 vs. 2.8695414146092086
list:
dist: 3.8558182141664585 vs. 3.8558182141664585
list:
dist: 2.962759600178968 vs. 2.962759600178968
list:
dist: 2.8565271710657454 vs. 2.8565271710657454
list:
dist: 2.1685418962064187 vs. 2.1685418962064187
list:
dist: 2.3376260983510915 vs. 2.3376260983510915
list:
dist: 2.8627885278466945 vs. 2.8627885278466945
list:
dist: 3.205346730772003 vs. 3.205346730772003
list:
dist: 3.084766072718205 vs. 3.084766072718205
list:
dist: 3.303166400641139 vs. 3.303166400641139
list:
dist: 2.7683755329814494 vs. 2.7683755329814494
list:
dist: 2.714008332068746 vs. 2.714008332068746
list:
dist: 1.4970776912116592 vs. 1.4970776912116592
list:
dist: 3.989533504458901 vs. 3.989533504458901
list:
dist: 3.4152930727104054 vs. 3.4152930727104054
list:
dist: 4.27471420409926 vs. 4.27471420409926
list:
dist: 3.5570070876881776 vs. 3.5570070876881776
list:
dist: 3.1865669354766157 vs. 3.1865669354766157
list:
dist: 3.5276673193038173 vs. 3.5276673193038173
list:
dist: 2.2049064120071127 vs. 2.2049064120071127
list:
dist: 1.1863961137607368 vs. 1.1863961137607368
list:
dist: 1.6260139491208343 vs. 1.6260139491208343
list:
dist: 2.012628734039682 vs. 2.012628734039682
list:
dist: 2.371513522035024 vs. 2.371513522035024
list:
dist: 2.6398613658248187 vs. 2.6398613658248187
list:
dist: 1.2058623368882917 vs. 1.2058623368882917
list:
dist: 1.980260242443641 vs. 1.980260242443641
list:
dist: 1.6228943482161018 vs. 1.6228943482161018
list:
dist: 4.292060102402724 vs. 4.292060102402724
list:
dist: 3.523123158233505 vs. 3.523123158233505
list:
dist: 4.055109590020027 vs. 4.055109590020027
list:
dist: 2.8016825955134905 vs. 2.8016825955134905
list:
dist: 3.6964283563296214 vs. 3.6964283563296214
list:
dist: 2.368701299692227 vs. 2.368701299692227
list:
dist: 3.4950304844469504 vs. 3.4950304844469504
list:
dist: 3.3113392790262557 vs. 3.3113392790262557
list:
dist: 4.70120038147216 vs. 4.70120038147216
list:
dist: 1.1999680127315415 vs. 1.1999680127315415
list:
dist: 1.3259501770292632 vs. 1.3259501770292632
list:
dist: 1.5959128563210827 vs. 1.5959128563210827
list:
dist: 1.970515664032187 vs. 1.970515664032187
list:
dist: 1.756857151574287 vs. 1.756857151574287
list:
dist: 1.6052916145714038 vs. 1.6052916145714038
list:
dist: 0.7782578657162064 vs. 0.7782578657162064
list:
dist: 1.980260242443641 vs. 1.980260242443641
list:
dist: 0.9676442349232338 vs. 0.9676442349232338
list:
dist: 1.643096195090772 vs. 1.643096195090772
list:
dist: 1.9804525421711965 vs. 1.9804525421711965
list:
dist: 0.9645420629504046 vs. 0.9645420629504046
list:
dist: 2.1321948341417993 vs. 2.1321948341417993
list:
dist: 2.0232094185498632 vs. 2.0232094185498632
list:
dist: 0.8681297200922252 vs. 0.8681297200922252
list:
dist: 1.1779906018155109 vs. 1.1779906018155109
list:
dist: 1.5019568744939276 vs. 1.5019568744939276
list:
dist: 0.9524283995208419 vs. 0.9524283995208419
list:
dist: 1.1375888532087655 vs. 1.1375888532087655
list:
dist: 2.3210760125860777 vs. 2.3210760125860777
list:
dist: 3.1938317094402158 vs. 3.1938317094402158
list:
dist: 2.6007886154638022 vs. 2.6007886154638022
list:
dist: 2.1349305146851996 vs. 2.1349305146851996
list:
dist: 1.9567844844539573 vs. 1.9567844844539573
list:
dist: 2.5058929974531567 vs. 2.5058929974531567
list:
dist: 2.805057059581334 vs. 2.805057059581334
list:
dist: 4.144154564303362 vs. 4.144154564303362
list:
dist: 4.784806731466085 vs. 4.784806731466085
list:
dist: 3.032209341225975 vs. 3.032209341225975
list:
dist: 3.994525043111134 vs. 3.994525043111134
list:
dist: 4.017246996347296 vs. 4.017246996347296
list:
dist: 3.5330116364970703 vs. 3.5330116364970703
list:
dist: 4.9366248985253405 vs. 4.9366248985253405
list:
dist: 0.6546108783064186 vs. 0.6546108783064186
list:
dist: 1.1328450702061013 vs. 1.1328450702061013
list:
dist: 2.5439392695709655 vs. 2.5439392695709655
list:
dist: 1.1982667984329836 vs. 1.1982667984329836
list:
dist: 3.9759021548838263 vs. 3.9759021548838263
list:
dist: 2.03672838501151 vs. 2.03672838501151
list:
dist: 1.5241055200455838 vs. 1.5241055200455838
list:
dist: 0.8681297200922252 vs. 0.8681297200922252
list:
dist: 1.9043398500344355 vs. 1.9043398500344355
list:
dist: 2.0771312720320623 vs. 2.0771312720320623
list:
dist: 0.9962697799935704 vs. 0.9962697799935704
list:
dist: 1.4834546932334478 vs. 1.4834546932334478
list:
dist: 3.977998428224904 vs. 3.977998428224904
list:
dist: 4.071925723112761 vs. 4.071925723112761
list:
dist: 4.48655789262719 vs. 4.48655789262719
list:
dist: 4.69815857001427 vs. 4.69815857001427
list:
dist: 4.846114903378778 vs. 4.846114903378778
list:
dist: 4.265956373401444 vs. 4.265956373401444
list:
dist: 2.6831189541949616 vs. 2.6831189541949616
list:
dist: 3.61879544840943 vs. 3.61879544840943
list:
dist: 2.9898621308733646 vs. 2.9898621308733646
list:
dist: 2.3625847630604433 vs. 2.3625847630604433
list:
dist: 2.148918917265812 vs. 2.148918917265812
list:
dist: 2.578698075324152 vs. 2.578698075324152
list:
dist: 2.8508008920423653 vs. 2.8508008920423653
list:
dist: 4.2504911057016646 vs. 4.2504911057016646
list:
dist: 3.7278410220877833 vs. 3.7278410220877833
list:
dist: 4.6414006492875 vs. 4.6414006492875
list:
dist: 4.815096645962036 vs. 4.815096645962036
list:
dist: 5.146891301143967 vs. 5.146891301143967
list:
dist: 5.227409828827114 vs. 5.227409828827114
list:
dist: 4.517559512979001 vs. 4.517559512979001
list:
dist: 5.073311865847905 vs. 5.073311865847905
list:
dist: 3.389166326750958 vs. 3.389166326750958
list:
dist: 4.257265834939293 vs. 4.257265834939293
list:
dist: 4.207340018777471 vs. 4.207340018777471
list:
dist: 3.6805931655343733 vs. 3.6805931655343733
list:
dist: 2.2644478480502084 vs. 2.2644478480502084
list:
dist: 2.713970218012655 vs. 2.713970218012655
list:
dist: 2.3893237403094303 vs. 2.3893237403094303
list:
dist: 3.343662633710955 vs. 3.343662633710955
list:
dist: 3.3972869929065004 vs. 3.3972869929065004
list:
dist: 2.5439392695709655 vs. 2.5439392695709655
list:
dist: 1.9804525421711965 vs. 1.9804525421711965
list:
dist: 2.0172683733857744 vs. 2.0172683733857744
list:
dist: 2.8799077615265474 vs. 2.8799077615265474
list:
dist: 2.870539721211525 vs. 2.870539721211525
list:
dist: 2.5761238890845397 vs. 2.5761238890845397
list:
dist: 3.6278580274677563 vs. 3.6278580274677563
list:
dist: 4.3686190828848845 vs. 4.3686190828848845
list:
dist: 3.5926310068437806 vs. 3.5926310068437806
list:
dist: 3.8360599994123215 vs. 3.8360599994123215
list:
dist: 3.3561585439085952 vs. 3.3561585439085952
list:
dist: 3.7791079952859077 vs. 3.7791079952859077
list:
dist: 4.3377854068742705 vs. 4.3377854068742705
list:
dist: 0.8915917626404778 vs. 0.8915917626404778
list:
dist: 1.3159308534015262 vs. 1.3159308534015262
list:
dist: 2.3893237403094303 vs. 2.3893237403094303
list:
dist: 1.1924744737388475 vs. 1.1924744737388475
list:
dist: 1.3890609762568709 vs. 1.3890609762568709
list:
dist: 1.1982667984329836 vs. 1.1982667984329836
list:
dist: 0.9645420629504046 vs. 0.9645420629504046
list:
dist: 1.008800706877801 vs. 1.008800706877801
list:
dist: 1.3032269142815354 vs. 1.3032269142815354
list:
dist: 0.8481296643317445 vs. 0.8481296643317445
list:
dist: 0.3958379183145584 vs. 0.3958379183145584
list:
dist: 1.6994209908518447 vs. 1.6994209908518447
list:
dist: 2.667554351406959 vs. 2.667554351406959
list:
dist: 1.8571128831889347 vs. 1.8571128831889347
list:
dist: 1.8013318554105249 vs. 1.8013318554105249
list:
dist: 1.1474691521628253 vs. 1.1474691521628253
list:
dist: 1.5988096389770556 vs. 1.5988096389770556
list:
dist: 2.0626408706583095 vs. 2.0626408706583095
list:
dist: 0.6783057349540648 vs. 0.6783057349540648
list:
dist: 2.2644478480502084 vs. 2.2644478480502084
list:
dist: 0.8915917626404778 vs. 0.8915917626404778
list:
dist: 3.9593154921430487 vs. 3.9593154921430487
list:
dist: 1.6504489155615438 vs. 1.6504489155615438
list:
dist: 1.249914590472438 vs. 1.249914590472438
list:
dist: 0.6546108783064186 vs. 0.6546108783064186
list:
dist: 0.9676442349232338 vs. 0.9676442349232338
list:
dist: 1.687557016779996 vs. 1.687557016779996
list:
dist: 2.0805909874978408 vs. 2.0805909874978408
list:
dist: 1.19592286611185 vs. 1.19592286611185
list:
dist: 1.2744570205352765 vs. 1.2744570205352765
list:
dist: 4.069479016051599 vs. 4.069479016051599
list:
dist: 4.246021656124435 vs. 4.246021656124435
list:
dist: 4.51733773809575 vs. 4.51733773809575
list:
dist: 4.824704454361893 vs. 4.824704454361893
list:
dist: 4.857985511931779 vs. 4.857985511931779
list:
dist: 4.427649668667241 vs. 4.427649668667241
list:
dist: 2.565766830866804 vs. 2.565766830866804
list:
dist: 3.5394358008136595 vs. 3.5394358008136595
list:
dist: 2.7295166609778585 vs. 2.7295166609778585
list:
dist: 2.4941545377093908 vs. 2.4941545377093908
list:
dist: 1.957836976044219 vs. 1.957836976044219
list:
dist: 2.3052481783911527 vs. 2.3052481783911527
list:
dist: 2.7647416596920995 vs. 2.7647416596920995
list:
dist: 1.19592286611185 vs. 1.19592286611185
list:
dist: 1.6600812884765521 vs. 1.6600812884765521
list:
dist: 2.870539721211525 vs. 2.870539721211525
list:
dist: 0.8481296643317445 vs. 0.8481296643317445
list:
dist: 1.6552292605599122 vs. 1.6552292605599122
list:
dist: 1.5891075522010771 vs. 1.5891075522010771
list:
dist: 0.9962697799935704 vs. 0.9962697799935704
list:
dist: 0.9524283995208419 vs. 0.9524283995208419
list:
dist: 1.4406022728890677 vs. 1.4406022728890677
list:
dist: 1.2198807354539096 vs. 1.2198807354539096
list:
dist: 0.8431189466865969 vs. 0.8431189466865969
list:
dist: 1.7608033292753085 vs. 1.7608033292753085
list:
dist: 2.6587291935577637 vs. 2.6587291935577637
list:
dist: 2.182765904172735 vs. 2.182765904172735
list:
dist: 1.3711667183270868 vs. 1.3711667183270868
list:
dist: 1.3429538440554472 vs. 1.3429538440554472
list:
dist: 1.885135839230698 vs. 1.885135839230698
list:
dist: 1.9939917260536315 vs. 1.9939917260536315
list:
dist: 3.550469832218234 vs. 3.550469832218234
list:
dist: 4.108087437143022 vs. 4.108087437143022
list:
dist: 2.451770293350393 vs. 2.451770293350393
list:
dist: 3.362565277011086 vs. 3.362565277011086
list:
dist: 3.291818815565214 vs. 3.291818815565214
list:
dist: 2.8705061730622856 vs. 2.8705061730622856
list:
dist: 4.466549727513961 vs. 4.466549727513961
list:
dist: 1.6504489155615438 vs. 1.6504489155615438
list:
dist: 1.5417835959575543 vs. 1.5417835959575543
list:
dist: 3.343662633710955 vs. 3.343662633710955
list:
dist: 1.1924744737388475 vs. 1.1924744737388475
list:
dist: 3.2759332860957926 vs. 3.2759332860957926
list:
dist: 1.0150263560332344 vs. 1.0150263560332344
list:
dist: 2.03672838501151 vs. 2.03672838501151
list:
dist: 2.1321948341417993 vs. 2.1321948341417993
list:
dist: 1.9458386657485016 vs. 1.9458386657485016
list:
dist: 2.0244602965350196 vs. 2.0244602965350196
list:
dist: 1.6552292605599122 vs. 1.6552292605599122
list:
dist: 1.2191805206725632 vs. 1.2191805206725632
list:
dist: 3.510014900553727 vs. 3.510014900553727
list:
dist: 3.686610175182845 vs. 3.686610175182845
list:
dist: 3.7891796374401374 vs. 3.7891796374401374
list:
dist: 4.189635571327534 vs. 4.189635571327534
list:
dist: 4.138635346987296 vs. 4.138635346987296
list:
dist: 4.105213143665318 vs. 4.105213143665318
list:
dist: 1.726384394280794 vs. 1.726384394280794
list:
dist: 2.6345961695782454 vs. 2.6345961695782454
list:
dist: 1.6776235388044742 vs. 1.6776235388044742
list:
dist: 2.0722085427876933 vs. 2.0722085427876933
list:
dist: 1.005592149688137 vs. 1.005592149688137
list:
dist: 0.8508270950528133 vs. 0.8508270950528133
list:
dist: 1.5563778731384585 vs. 1.5563778731384585
list:
dist: 3.6071972523101294 vs. 3.6071972523101294
list:
dist: 4.326072982841607 vs. 4.326072982841607
list:
dist: 4.548789063412991 vs. 4.548789063412991
list:
dist: 4.5600166009008305 vs. 4.5600166009008305
list:
dist: 2.7295217685455766 vs. 2.7295217685455766
list:
dist: 2.0202860454424587 vs. 2.0202860454424587
list:
dist: 3.5394358008136595 vs. 3.5394358008136595
list:
dist: 3.8558182141664585 vs. 3.8558182141664585
list:
dist: 4.3686190828848845 vs. 4.3686190828848845
list:
dist: 2.667554351406959 vs. 2.667554351406959
list:
dist: 2.6345961695782454 vs. 2.6345961695782454
list:
dist: 3.4340887378869205 vs. 3.4340887378869205
list:
dist: 3.61879544840943 vs. 3.61879544840943
list:
dist: 3.1938317094402158 vs. 3.1938317094402158
list:
dist: 2.38986158381068 vs. 2.38986158381068
list:
dist: 1.7345635459877269 vs. 1.7345635459877269
list:
dist: 2.6587291935577637 vs. 2.6587291935577637
list:
dist: 2.2774982602641005 vs. 2.2774982602641005
list:
dist: 0.9866741465527739 vs. 0.9866741465527739
list:
dist: 1.1699138328879868 vs. 1.1699138328879868
list:
dist: 1.5358395777382055 vs. 1.5358395777382055
list:
dist: 1.7102218101262707 vs. 1.7102218101262707
list:
dist: 1.8828307897040164 vs. 1.8828307897040164
list:
dist: 1.5552478551333357 vs. 1.5552478551333357
list:
dist: 3.6265592643264446 vs. 3.6265592643264446
list:
dist: 1.1476928303168685 vs. 1.1476928303168685
list:
dist: 1.886564521554432 vs. 1.886564521554432
list:
dist: 2.409846435750946 vs. 2.409846435750946
list:
dist: 1.6888880460123399 vs. 1.6888880460123399
list:
dist: 2.47241538406828 vs. 2.47241538406828
list:
dist: 2.3289127725193994 vs. 2.3289127725193994
list:
dist: 2.7149862834148615 vs. 2.7149862834148615
list:
dist: 2.66124194642963 vs. 2.66124194642963
list:
dist: 4.706900518506926 vs. 4.706900518506926
list:
dist: 2.7647416596920995 vs. 2.7647416596920995
list:
dist: 2.8627885278466945 vs. 2.8627885278466945
list:
dist: 4.3377854068742705 vs. 4.3377854068742705
list:
dist: 2.0626408706583095 vs. 2.0626408706583095
list:
dist: 1.5563778731384585 vs. 1.5563778731384585
list:
dist: 2.201025430598554 vs. 2.201025430598554
list:
dist: 2.8508008920423653 vs. 2.8508008920423653
list:
dist: 2.805057059581334 vs. 2.805057059581334
list:
dist: 2.4303973929365763 vs. 2.4303973929365763
list:
dist: 1.8706208508293272 vs. 1.8706208508293272
list:
dist: 1.9939917260536315 vs. 1.9939917260536315
list:
dist: 1.7900557043416225 vs. 1.7900557043416225
list:
dist: 1.0507661681246971 vs. 1.0507661681246971
list:
dist: 1.5552478551333357 vs. 1.5552478551333357
list:
dist: 1.34000172500414 vs. 1.34000172500414
list:
dist: 1.2450782904684339 vs. 1.2450782904684339
list:
dist: 0.9861203709325422 vs. 0.9861203709325422
list:
dist: 0.862550869373095 vs. 0.862550869373095
list:
dist: 2.2370379068309187 vs. 2.2370379068309187
list:
dist: 1.2144028600457406 vs. 1.2144028600457406
list:
dist: 2.7910557098079165 vs. 2.7910557098079165
list:
dist: 3.1237372617940427 vs. 3.1237372617940427
list:
dist: 2.2258045461880283 vs. 2.2258045461880283
list:
dist: 2.9513169183284735 vs. 2.9513169183284735
list:
dist: 2.6278271287525046 vs. 2.6278271287525046
list:
dist: 2.806021351138641 vs. 2.806021351138641
list:
dist: 3.8143317016725233 vs. 3.8143317016725233
list:
dist: 4.176625572886245 vs. 4.176625572886245
list:
dist: 1.957836976044219 vs. 1.957836976044219
list:
dist: 2.1685418962064187 vs. 2.1685418962064187
list:
dist: 3.3561585439085952 vs. 3.3561585439085952
list:
dist: 1.1474691521628253 vs. 1.1474691521628253
list:
dist: 1.005592149688137 vs. 1.005592149688137
list:
dist: 1.744562013397776 vs. 1.744562013397776
list:
dist: 2.148918917265812 vs. 2.148918917265812
list:
dist: 1.9567844844539573 vs. 1.9567844844539573
list:
dist: 1.4935700239275964 vs. 1.4935700239275964
list:
dist: 1.187795936884298 vs. 1.187795936884298
list:
dist: 1.3429538440554472 vs. 1.3429538440554472
list:
dist: 0.849878315415065 vs. 0.849878315415065
list:
dist: 0.7481808892803147 vs. 0.7481808892803147
list:
dist: 1.7102218101262707 vs. 1.7102218101262707
list:
dist: 0.9642737220514639 vs. 0.9642737220514639
list:
dist: 1.186940914963346 vs. 1.186940914963346
list:
dist: 0.6509660822734855 vs. 0.6509660822734855
list:
dist: 0.9861203709325422 vs. 0.9861203709325422
list:
dist: 2.9578258866928477 vs. 2.9578258866928477
list:
dist: 1.450851479581238 vs. 1.450851479581238
list:
dist: 3.167470795171532 vs. 3.167470795171532
list:
dist: 3.6771687475186687 vs. 3.6771687475186687
list:
dist: 2.3645723301403967 vs. 2.3645723301403967
list:
dist: 3.3122812981011442 vs. 3.3122812981011442
list:
dist: 3.1244228875469755 vs. 3.1244228875469755
list:
dist: 3.0941607521136265 vs. 3.0941607521136265
list:
dist: 4.108099243948738 vs. 4.108099243948738
list:
dist: 5.1149879051769505 vs. 5.1149879051769505
list:
dist: 3.389166326750958 vs. 3.389166326750958
list:
dist: 3.032209341225975 vs. 3.032209341225975
list:
dist: 2.741243833600116 vs. 2.741243833600116
list:
dist: 1.8146496607364822 vs. 1.8146496607364822
list:
dist: 2.451770293350393 vs. 2.451770293350393
list:
dist: 2.6005900682690086 vs. 2.6005900682690086
list:
dist: 1.8592175364601597 vs. 1.8592175364601597
list:
dist: 1.6888880460123399 vs. 1.6888880460123399
list:
dist: 2.4626291838730947 vs. 2.4626291838730947
list:
dist: 1.2699938293124509 vs. 1.2699938293124509
list:
dist: 2.3645723301403967 vs. 2.3645723301403967
list:
dist: 2.8028998713553186 vs. 2.8028998713553186
list:
dist: 2.2258045461880283 vs. 2.2258045461880283
list:
dist: 4.133766912643164 vs. 4.133766912643164
list:
dist: 2.648564939386756 vs. 2.648564939386756
list:
dist: 1.168319916366875 vs. 1.168319916366875
list:
dist: 1.79939802066499 vs. 1.79939802066499
list:
dist: 1.0663957539190518 vs. 1.0663957539190518
list:
dist: 1.1682338014235558 vs. 1.1682338014235558
list:
dist: 1.1428668269797977 vs. 1.1428668269797977
list:
dist: 2.064267025681886 vs. 2.064267025681886
list:
dist: 4.4022877790925214 vs. 4.4022877790925214
list:
dist: 1.6721156600314868 vs. 1.6721156600314868
list:
dist: 2.716506581479282 vs. 2.716506581479282
list:
dist: 1.6543779276882902 vs. 1.6543779276882902
list:
dist: 4.27471420409926 vs. 4.27471420409926
list:
dist: 3.6805931655343733 vs. 3.6805931655343733
list:
dist: 3.5330116364970703 vs. 3.5330116364970703
list:
dist: 3.5762169949699736 vs. 3.5762169949699736
list:
dist: 2.6663645842494237 vs. 2.6663645842494237
list:
dist: 2.8705061730622856 vs. 2.8705061730622856
list:
dist: 3.2908631658634557 vs. 3.2908631658634557
list:
dist: 2.7699708202936546 vs. 2.7699708202936546
list:
dist: 2.7149862834148615 vs. 2.7149862834148615
list:
dist: 3.419377920690619 vs. 3.419377920690619
list:
dist: 1.91600926550656 vs. 1.91600926550656
list:
dist: 3.0941607521136265 vs. 3.0941607521136265
list:
dist: 3.495421118251286 vs. 3.495421118251286
list:
dist: 2.806021351138641 vs. 2.806021351138641
list:
dist: 4.251117197750028 vs. 4.251117197750028
list:
dist: 3.5272389816422383 vs. 3.5272389816422383
list:
dist: 1.6851031295214671 vs. 1.6851031295214671
list:
dist: 1.9378325842349797 vs. 1.9378325842349797
list:
dist: 1.1428668269797977 vs. 1.1428668269797977
list:
dist: 0.832718232970088 vs. 0.832718232970088
list:
dist: 0.9304925863042205 vs. 0.9304925863042205
list:
dist: 2.4849989323514263 vs. 2.4849989323514263
list:
dist: 3.9211817149623474 vs. 3.9211817149623474
list:
dist: 1.8368195371746734 vs. 1.8368195371746734
list:
dist: 2.608015388401199 vs. 2.608015388401199
list:
dist: 1.8038410694136504 vs. 1.8038410694136504
list:
dist: 3.5276673193038173 vs. 3.5276673193038173
list:
dist: 2.0202860454424587 vs. 2.0202860454424587
list:
dist: 2.960816391532683 vs. 2.960816391532683
list:
dist: 1.144158321701074 vs. 1.144158321701074
list:
dist: 1.1476928303168685 vs. 1.1476928303168685
list:
dist: 0.8259442516694285 vs. 0.8259442516694285
list:
dist: 1.9822079482215489 vs. 1.9822079482215489
list:
dist: 1.450851479581238 vs. 1.450851479581238
list:
dist: 1.2024545992239408 vs. 1.2024545992239408
list:
dist: 1.2144028600457406 vs. 1.2144028600457406
list:
dist: 2.9399627657359386 vs. 2.9399627657359386
list:
dist: 2.9125527503262982 vs. 2.9125527503262982
list:
dist: 3.289412255037467 vs. 3.289412255037467
list:
dist: 2.648564939386756 vs. 2.648564939386756
list:
dist: 3.4172609059765477 vs. 3.4172609059765477
list:
dist: 3.1554418002437785 vs. 3.1554418002437785
list:
dist: 3.5272389816422383 vs. 3.5272389816422383
list:
dist: 3.7374728360212073 vs. 3.7374728360212073
list:
dist: 4.79768049322058 vs. 4.79768049322058
list:
dist: 4.70120038147216 vs. 4.70120038147216
list:
dist: 1.2744570205352765 vs. 1.2744570205352765
list:
dist: 1.6859536410553537 vs. 1.6859536410553537
list:
dist: 2.5761238890845397 vs. 2.5761238890845397
list:
dist: 0.3958379183145584 vs. 0.3958379183145584
list:
dist: 1.2191805206725632 vs. 1.2191805206725632
list:
dist: 1.6173695343446124 vs. 1.6173695343446124
list:
dist: 1.4834546932334478 vs. 1.4834546932334478
list:
dist: 1.1375888532087655 vs. 1.1375888532087655
list:
dist: 0.8633030156793993 vs. 0.8633030156793993
list:
dist: 0.9565631631216591 vs. 0.9565631631216591
list:
dist: 0.8431189466865969 vs. 0.8431189466865969
list:
dist: 1.3178961889294583 vs. 1.3178961889294583
list:
dist: 2.2774982602641005 vs. 2.2774982602641005
list:
dist: 1.5243393895199069 vs. 1.5243393895199069
list:
dist: 1.4766502545313216 vs. 1.4766502545313216
list:
dist: 0.849878315415065 vs. 0.849878315415065
list:
dist: 1.396720801814782 vs. 1.396720801814782
list:
dist: 1.7900557043416225 vs. 1.7900557043416225
list:
dist: 3.575789780761649 vs. 3.575789780761649
list:
dist: 4.1719659210692575 vs. 4.1719659210692575
list:
dist: 2.6005900682690086 vs. 2.6005900682690086
list:
dist: 3.6127129332148193 vs. 3.6127129332148193
list:
dist: 3.5260379853997574 vs. 3.5260379853997574
list:
dist: 3.2908631658634557 vs. 3.2908631658634557
list:
dist: 4.449435568705081 vs. 4.449435568705081
list:
dist: 2.0805909874978408 vs. 2.0805909874978408
list:
dist: 2.590329598545546 vs. 2.590329598545546
list:
dist: 2.8799077615265474 vs. 2.8799077615265474
list:
dist: 1.3032269142815354 vs. 1.3032269142815354
list:
dist: 2.0244602965350196 vs. 2.0244602965350196
list:
dist: 2.4905120146137185 vs. 2.4905120146137185
list:
dist: 2.0771312720320623 vs. 2.0771312720320623
list:
dist: 1.5019568744939276 vs. 1.5019568744939276
list:
dist: 0.9392624170075402 vs. 0.9392624170075402
list:
dist: 1.2198807354539096 vs. 1.2198807354539096
list:
dist: 0.9565631631216591 vs. 0.9565631631216591
list:
dist: 1.0390404424077244 vs. 1.0390404424077244
list:
dist: 1.7345635459877269 vs. 1.7345635459877269
list:
dist: 1.4686954914669768 vs. 1.4686954914669768
list:
dist: 1.0541605871128823 vs. 1.0541605871128823
list:
dist: 1.187795936884298 vs. 1.187795936884298
list:
dist: 1.8210960635612563 vs. 1.8210960635612563
list:
dist: 1.8706208508293272 vs. 1.8706208508293272
list:
dist: 2.789059873299462 vs. 2.789059873299462
list:
dist: 3.460450877729993 vs. 3.460450877729993
list:
dist: 1.8146496607364822 vs. 1.8146496607364822
list:
dist: 2.8731354362678387 vs. 2.8731354362678387
list:
dist: 2.8806681627479787 vs. 2.8806681627479787
list:
dist: 2.6663645842494237 vs. 2.6663645842494237
list:
dist: 3.5775891922078245 vs. 3.5775891922078245
list:
dist: 2.565766830866804 vs. 2.565766830866804
list:
dist: 2.8695414146092086 vs. 2.8695414146092086
list:
dist: 3.6278580274677563 vs. 3.6278580274677563
list:
dist: 1.6994209908518447 vs. 1.6994209908518447
list:
dist: 1.726384394280794 vs. 1.726384394280794
list:
dist: 2.483884841626448 vs. 2.483884841626448
list:
dist: 2.6831189541949616 vs. 2.6831189541949616
list:
dist: 2.3210760125860777 vs. 2.3210760125860777
list:
dist: 1.6232161873387854 vs. 1.6232161873387854
list:
dist: 1.0390404424077244 vs. 1.0390404424077244
list:
dist: 1.7608033292753085 vs. 1.7608033292753085
list:
dist: 1.3178961889294583 vs. 1.3178961889294583
list:
dist: 0.9866741465527739 vs. 0.9866741465527739
list:
dist: 0.67026090434535 vs. 0.67026090434535
list:
dist: 0.9955413097809781 vs. 0.9955413097809781
list:
dist: 0.7481808892803147 vs. 0.7481808892803147
list:
dist: 1.116879677873518 vs. 1.116879677873518
list:
dist: 1.0507661681246971 vs. 1.0507661681246971
list:
dist: 3.272291649452759 vs. 3.272291649452759
list:
dist: 1.144158321701074 vs. 1.144158321701074
list:
dist: 2.5324097737568603 vs. 2.5324097737568603
list:
dist: 3.084482008933116 vs. 3.084482008933116
list:
dist: 1.8592175364601597 vs. 1.8592175364601597
list:
dist: 2.8223491229214845 vs. 2.8223491229214845
list:
dist: 2.6695652664625973 vs. 2.6695652664625973
list:
dist: 2.7699708202936546 vs. 2.7699708202936546
list:
dist: 3.4191834171297137 vs. 3.4191834171297137
list:
dist: 4.954828400085631 vs. 4.954828400085631
list:
dist: 1.687557016779996 vs. 1.687557016779996
list:
dist: 2.2225211727295466 vs. 2.2225211727295466
list:
dist: 2.0172683733857744 vs. 2.0172683733857744
list:
dist: 1.008800706877801 vs. 1.008800706877801
list:
dist: 1.9458386657485016 vs. 1.9458386657485016
list:
dist: 2.386879846166601 vs. 2.386879846166601
list:
dist: 1.9043398500344355 vs. 1.9043398500344355
list:
dist: 1.1779906018155109 vs. 1.1779906018155109
list:
dist: 0.9392624170075402 vs. 0.9392624170075402
list:
dist: 1.4406022728890677 vs. 1.4406022728890677
list:
dist: 0.8633030156793993 vs. 0.8633030156793993
list:
dist: 1.6232161873387854 vs. 1.6232161873387854
list:
dist: 2.38986158381068 vs. 2.38986158381068
list:
dist: 1.7100045127918786 vs. 1.7100045127918786
list:
dist: 1.918599210916447 vs. 1.918599210916447
list:
dist: 1.4935700239275964 vs. 1.4935700239275964
list:
dist: 2.031502064503084 vs. 2.031502064503084
list:
dist: 2.4303973929365763 vs. 2.4303973929365763
list:
dist: 3.676095413613024 vs. 3.676095413613024
list:
dist: 4.362840178982063 vs. 4.362840178982063
list:
dist: 2.741243833600116 vs. 2.741243833600116
list:
dist: 3.802307749833079 vs. 3.802307749833079
list:
dist: 3.8194501088202957 vs. 3.8194501088202957
list:
dist: 3.5762169949699736 vs. 3.5762169949699736
list:
dist: 4.390656031566201 vs. 4.390656031566201
list:
dist: 2.7295166609778585 vs. 2.7295166609778585
list:
dist: 2.962759600178968 vs. 2.962759600178968
list:
dist: 3.5926310068437806 vs. 3.5926310068437806
list:
dist: 1.8571128831889347 vs. 1.8571128831889347
list:
dist: 1.6776235388044742 vs. 1.6776235388044742
list:
dist: 2.6047437735561614 vs. 2.6047437735561614
list:
dist: 2.9898621308733646 vs. 2.9898621308733646
list:
dist: 2.6007886154638022 vs. 2.6007886154638022
list:
dist: 1.7100045127918786 vs. 1.7100045127918786
list:
dist: 1.4686954914669768 vs. 1.4686954914669768
list:
dist: 2.182765904172735 vs. 2.182765904172735
list:
dist: 1.5243393895199069 vs. 1.5243393895199069
list:
dist: 0.67026090434535 vs. 0.67026090434535
list:
dist: 1.1699138328879868 vs. 1.1699138328879868
list:
dist: 1.659665301242804 vs. 1.659665301242804
list:
dist: 0.9642737220514639 vs. 0.9642737220514639
list:
dist: 1.0457945045526296 vs. 1.0457945045526296
list:
dist: 1.34000172500414 vs. 1.34000172500414
list:
dist: 3.371407033545762 vs. 3.371407033545762
list:
dist: 0.8259442516694285 vs. 0.8259442516694285
list:
dist: 2.9889980610256486 vs. 2.9889980610256486
list:
dist: 3.519823125291272 vs. 3.519823125291272
list:
dist: 2.4626291838730947 vs. 2.4626291838730947
list:
dist: 3.4049569613488226 vs. 3.4049569613488226
list:
dist: 3.2417279425216416 vs. 3.2417279425216416
list:
dist: 3.419377920690619 vs. 3.419377920690619
list:
dist: 3.793203900288556 vs. 3.793203900288556
list:
dist: 5.32623003082923 vs. 5.32623003082923
list:
dist: 4.517559512979001 vs. 4.517559512979001
list:
dist: 4.144154564303362 vs. 4.144154564303362
list:
dist: 3.676095413613024 vs. 3.676095413613024
list:
dist: 2.789059873299462 vs. 2.789059873299462
list:
dist: 3.550469832218234 vs. 3.550469832218234
list:
dist: 3.575789780761649 vs. 3.575789780761649
list:
dist: 2.5324097737568603 vs. 2.5324097737568603
list:
dist: 1.886564521554432 vs. 1.886564521554432
list:
dist: 2.9889980610256486 vs. 2.9889980610256486
list:
dist: 2.241815943407213 vs. 2.241815943407213
list:
dist: 3.167470795171532 vs. 3.167470795171532
list:
dist: 3.455491902221047 vs. 3.455491902221047
list:
dist: 2.7910557098079165 vs. 2.7910557098079165
list:
dist: 4.486004214728645 vs. 4.486004214728645
list:
dist: 2.9125527503262982 vs. 2.9125527503262982
list:
dist: 0.7760670779569664 vs. 0.7760670779569664
list:
dist: 1.168319916366875 vs. 1.168319916366875
list:
dist: 0.9561154735586634 vs. 0.9561154735586634
list:
dist: 1.0284362433086576 vs. 1.0284362433086576
list:
dist: 1.6851031295214671 vs. 1.6851031295214671
list:
dist: 1.0874864105116222 vs. 1.0874864105116222
list:
dist: 4.070132876485066 vs. 4.070132876485066
list:
dist: 1.016016496285841 vs. 1.016016496285841
list:
dist: 1.6904059722571585 vs. 1.6904059722571585
list:
dist: 0.8260850830135712 vs. 0.8260850830135712
list:
dist: 3.989533504458901 vs. 3.989533504458901
list:
dist: 1.6904059722571585 vs. 1.6904059722571585
list:
dist: 1.1196326376693384 vs. 1.1196326376693384
list:
dist: 2.716506581479282 vs. 2.716506581479282
list:
dist: 1.8513651177143113 vs. 1.8513651177143113
list:
dist: 1.9195946293107111 vs. 1.9195946293107111
list:
dist: 2.608015388401199 vs. 2.608015388401199
list:
dist: 1.3979199653706345 vs. 1.3979199653706345
list:
dist: 3.811516989057361 vs. 3.811516989057361
list:
dist: 1.4756287890050785 vs. 1.4756287890050785
list:
dist: 1.2502088922797168 vs. 1.2502088922797168
list:
dist: 3.523123158233505 vs. 3.523123158233505
list:
dist: 4.9366248985253405 vs. 4.9366248985253405
list:
dist: 4.390656031566201 vs. 4.390656031566201
list:
dist: 3.5775891922078245 vs. 3.5775891922078245
list:
dist: 4.466549727513961 vs. 4.466549727513961
list:
dist: 4.449435568705081 vs. 4.449435568705081
list:
dist: 3.4191834171297137 vs. 3.4191834171297137
list:
dist: 2.66124194642963 vs. 2.66124194642963
list:
dist: 3.793203900288556 vs. 3.793203900288556
list:
dist: 3.2268639419361675 vs. 3.2268639419361675
list:
dist: 4.108099243948738 vs. 4.108099243948738
list:
dist: 4.413837333465619 vs. 4.413837333465619
list:
dist: 3.8143317016725233 vs. 3.8143317016725233
list:
dist: 3.7374728360212073 vs. 3.7374728360212073
list:
dist: 1.0874864105116222 vs. 1.0874864105116222
list:
dist: 1.273089493592182 vs. 1.273089493592182
list:
dist: 2.064267025681886 vs. 2.064267025681886
list:
dist: 1.6829328580274678 vs. 1.6829328580274678
list:
dist: 1.9407751832697866 vs. 1.9407751832697866
list:
dist: 2.4849989323514263 vs. 2.4849989323514263
list:
dist: 0.7971400809380663 vs. 0.7971400809380663
list:
dist: 1.3979199653706345 vs. 1.3979199653706345
list:
dist: 0.7469555326347733 vs. 0.7469555326347733
list:
dist: 5.073311865847905 vs. 5.073311865847905
list:
dist: 4.784806731466085 vs. 4.784806731466085
list:
dist: 4.362840178982063 vs. 4.362840178982063
list:
dist: 3.460450877729993 vs. 3.460450877729993
list:
dist: 4.108087437143022 vs. 4.108087437143022
list:
dist: 4.1719659210692575 vs. 4.1719659210692575
list:
dist: 3.084482008933116 vs. 3.084482008933116
list:
dist: 2.409846435750946 vs. 2.409846435750946
list:
dist: 3.519823125291272 vs. 3.519823125291272
list:
dist: 2.769886369808916 vs. 2.769886369808916
list:
dist: 3.6771687475186687 vs. 3.6771687475186687
list:
dist: 3.8750692668268294 vs. 3.8750692668268294
list:
dist: 3.1237372617940427 vs. 3.1237372617940427
list:
dist: 4.484101660409831 vs. 4.484101660409831
list:
dist: 3.289412255037467 vs. 3.289412255037467
list:
dist: 0.7760670779569664 vs. 0.7760670779569664
list:
dist: 1.79939802066499 vs. 1.79939802066499
list:
dist: 1.1832283107477621 vs. 1.1832283107477621
list:
dist: 1.0699685488739672 vs. 1.0699685488739672
list:
dist: 1.9378325842349797 vs. 1.9378325842349797
list:
dist: 1.273089493592182 vs. 1.273089493592182
list:
dist: 3.5000349659555714 vs. 3.5000349659555714
list:
dist: 1.2897293105479015 vs. 1.2897293105479015
list:
dist: 1.1196326376693384 vs. 1.1196326376693384
list:
dist: 0.9839255115157789 vs. 0.9839255115157789
list:
dist: 3.4152930727104054 vs. 3.4152930727104054
list:
dist: 1.016016496285841 vs. 1.016016496285841
list:
dist: 1.2897293105479015 vs. 1.2897293105479015
list:
dist: 1.6721156600314868 vs. 1.6721156600314868
list:
dist: 1.0979575792401381 vs. 1.0979575792401381
list:
dist: 1.5118391373777726 vs. 1.5118391373777726
list:
dist: 1.8368195371746734 vs. 1.8368195371746734
list:
dist: 0.7971400809380663 vs. 0.7971400809380663
list:
dist: 4.612580927004513 vs. 4.612580927004513
list:
dist: 1.4756287890050785 vs. 1.4756287890050785
list:
dist: 0.30991373122106625 vs. 0.30991373122106625
list:
dist: 4.292060102402724 vs. 4.292060102402724
list:
dist: 4.207340018777471 vs. 4.207340018777471
list:
dist: 4.017246996347296 vs. 4.017246996347296
list:
dist: 3.8194501088202957 vs. 3.8194501088202957
list:
dist: 2.8806681627479787 vs. 2.8806681627479787
list:
dist: 3.291818815565214 vs. 3.291818815565214
list:
dist: 3.5260379853997574 vs. 3.5260379853997574
list:
dist: 2.6695652664625973 vs. 2.6695652664625973
list:
dist: 2.3289127725193994 vs. 2.3289127725193994
list:
dist: 3.2417279425216416 vs. 3.2417279425216416
list:
dist: 2.055114009327843 vs. 2.055114009327843
list:
dist: 3.1244228875469755 vs. 3.1244228875469755
list:
dist: 3.4044769571887756 vs. 3.4044769571887756
list:
dist: 2.6278271287525046 vs. 2.6278271287525046
list:
dist: 4.016502833291387 vs. 4.016502833291387
list:
dist: 3.1554418002437785 vs. 3.1554418002437785
list:
dist: 1.0284362433086576 vs. 1.0284362433086576
list:
dist: 1.0699685488739672 vs. 1.0699685488739672
list:
dist: 1.1682338014235558 vs. 1.1682338014235558
list:
dist: 0.5311822165753345 vs. 0.5311822165753345
list:
dist: 0.9304925863042205 vs. 0.9304925863042205
list:
dist: 1.9407751832697866 vs. 1.9407751832697866
list:
dist: 3.4059569345345504 vs. 3.4059569345345504
list:
dist: 1.5118391373777726 vs. 1.5118391373777726
list:
dist: 1.9195946293107111 vs. 1.9195946293107111
list:
dist: 1.3305017761773674 vs. 1.3305017761773674
list:
dist: 3.1865669354766157 vs. 3.1865669354766157
list:
dist: 4.257265834939293 vs. 4.257265834939293
list:
dist: 3.994525043111134 vs. 3.994525043111134
list:
dist: 3.802307749833079 vs. 3.802307749833079
list:
dist: 2.8731354362678387 vs. 2.8731354362678387
list:
dist: 3.362565277011086 vs. 3.362565277011086
list:
dist: 3.6127129332148193 vs. 3.6127129332148193
list:
dist: 2.8223491229214845 vs. 2.8223491229214845
list:
dist: 2.47241538406828 vs. 2.47241538406828
list:
dist: 3.4049569613488226 vs. 3.4049569613488226
list:
dist: 2.1899685016504935 vs. 2.1899685016504935
list:
dist: 3.3122812981011442 vs. 3.3122812981011442
list:
dist: 3.6676113630513316 vs. 3.6676113630513316
list:
dist: 2.9513169183284735 vs. 2.9513169183284735
list:
dist: 4.490788297103568 vs. 4.490788297103568
list:
dist: 3.4172609059765477 vs. 3.4172609059765477
list:
dist: 0.9561154735586634 vs. 0.9561154735586634
list:
dist: 1.1832283107477621 vs. 1.1832283107477621
list:
dist: 1.0663957539190518 vs. 1.0663957539190518
list:
dist: 0.5311822165753345 vs. 0.5311822165753345
list:
dist: 0.832718232970088 vs. 0.832718232970088
list:
dist: 1.6829328580274678 vs. 1.6829328580274678
list:
dist: 3.8749790124004697 vs. 3.8749790124004697
list:
dist: 1.0979575792401381 vs. 1.0979575792401381
list:
dist: 1.8513651177143113 vs. 1.8513651177143113
list:
dist: 0.999538922095469 vs. 0.999538922095469
list:
dist: 3.5570070876881776 vs. 3.5570070876881776
list:
dist: 0.8260850830135712 vs. 0.8260850830135712
list:
dist: 0.9839255115157789 vs. 0.9839255115157789
list:
dist: 1.6543779276882902 vs. 1.6543779276882902
list:
dist: 0.999538922095469 vs. 0.999538922095469
list:
dist: 1.3305017761773674 vs. 1.3305017761773674
list:
dist: 1.8038410694136504 vs. 1.8038410694136504
list:
dist: 0.7469555326347733 vs. 0.7469555326347733
list:
dist: 4.336038414087338 vs. 4.336038414087338
list:
dist: 0.30991373122106625 vs. 0.30991373122106625
list:
dist: 1.2502088922797168 vs. 1.2502088922797168
list:
dist: 4.055109590020027 vs. 4.055109590020027
list:
dist: 4.083329242404355 vs. 4.083329242404355
list:
dist: 4.2063177011489765 vs. 4.2063177011489765
list:
dist: 1.9090565474212848 vs. 1.9090565474212848
list:
dist: 4.742412537896952 vs. 4.742412537896952
list:
dist: 1.9504166061577057 vs. 1.9504166061577057
list:
dist: 1.690696401668725 vs. 1.690696401668725
list:
dist: 1.697629499110514 vs. 1.697629499110514
list:
dist: 1.1230969944044211 vs. 1.1230969944044211
list:
dist: 1.7713559079864087 vs. 1.7713559079864087
list:
dist: 1.2661877063067923 vs. 1.2661877063067923
list:
dist: 0.8967292500241952 vs. 0.8967292500241952
list:
dist: 0.5525441316614923 vs. 0.5525441316614923
list:
dist: 1.7632626077800977 vs. 1.7632626077800977
list:
dist: 0.8213153565914002 vs. 0.8213153565914002
list:
dist: 0.5136155464815602 vs. 0.5136155464815602
list:
dist: 1.5106728473103463 vs. 1.5106728473103463
list:
dist: 1.526985118513104 vs. 1.526985118513104
list:
dist: 1.1872440397946555 vs. 1.1872440397946555
list:
dist: 1.7956699642245484 vs. 1.7956699642245484
list:
dist: 1.8871404034465813 vs. 1.8871404034465813
list:
dist: 1.0846174944225426 vs. 1.0846174944225426
list:
dist: 0.7686553078869949 vs. 0.7686553078869949
list:
dist: 3.2050831834771905 vs. 3.2050831834771905
list:
dist: 2.753725602713594 vs. 2.753725602713594
list:
dist: 2.473344839891778 vs. 2.473344839891778
list:
dist: 2.4109539639363837 vs. 2.4109539639363837
list:
dist: 2.4760287695972596 vs. 2.4760287695972596
list:
dist: 2.6363797646326446 vs. 2.6363797646326446
list:
dist: 2.1764440503386506 vs. 2.1764440503386506
list:
dist: 1.9808628217312818 vs. 1.9808628217312818
list:
dist: 1.5923148085935248 vs. 1.5923148085935248
list:
dist: 2.793677878881148 vs. 2.793677878881148
list:
dist: 2.1186211749691517 vs. 2.1186211749691517
list:
dist: 1.842960821928943 vs. 1.842960821928943
list:
dist: 2.127645051051024 vs. 2.127645051051024
list:
dist: 1.1841031076657345 vs. 1.1841031076657345
list:
dist: 1.7933007387039188 vs. 1.7933007387039188
list:
dist: 1.6745947349618995 vs. 1.6745947349618995
list:
dist: 1.3479025776760545 vs. 1.3479025776760545
list:
dist: 0.9497303333302869 vs. 0.9497303333302869
list:
dist: 1.8991332786878765 vs. 1.8991332786878765
list:
dist: 0.7453921264972111 vs. 0.7453921264972111
list:
dist: 1.2783324112849948 vs. 1.2783324112849948
list:
dist: 2.0067808453511105 vs. 2.0067808453511105
list:
dist: 1.500979586669761 vs. 1.500979586669761
list:
dist: 2.115010948369158 vs. 2.115010948369158
list:
dist: 2.2607919191065347 vs. 2.2607919191065347
list:
dist: 1.4766181021839662 vs. 1.4766181021839662
list:
dist: 1.041337665628763 vs. 1.041337665628763
list:
dist: 0.5136155464815602 vs. 0.5136155464815602
list:
dist: 2.7393976799706885 vs. 2.7393976799706885
list:
dist: 2.6378481044962188 vs. 2.6378481044962188
list:
dist: 2.9836489540503455 vs. 2.9836489540503455
list:
dist: 3.072822787790263 vs. 3.072822787790263
list:
dist: 2.5971473732550288 vs. 2.5971473732550288
list:
dist: 2.355613296713887 vs. 2.355613296713887
list:
dist: 1.8149766303393269 vs. 1.8149766303393269
list:
dist: 1.8332298351555583 vs. 1.8332298351555583
list:
dist: 1.6511207989633903 vs. 1.6511207989633903
list:
dist: 2.7022209104838906 vs. 2.7022209104838906
list:
dist: 1.242184120843835 vs. 1.242184120843835
list:
dist: 1.496543628170753 vs. 1.496543628170753
list:
dist: 2.3246463621235454 vs. 2.3246463621235454
list:
dist: 2.589855819911103 vs. 2.589855819911103
list:
dist: 2.2655563983222438 vs. 2.2655563983222438
list:
dist: 1.9386634393944113 vs. 1.9386634393944113
list:
dist: 1.1533342927622947 vs. 1.1533342927622947
list:
dist: 1.5923148085935248 vs. 1.5923148085935248
list:
dist: 1.2081519695780412 vs. 1.2081519695780412
list:
dist: 3.143017842411625 vs. 3.143017842411625
list:
dist: 2.3239001655547997 vs. 2.3239001655547997
list:
dist: 3.027789998479373 vs. 3.027789998479373
list:
dist: 3.6577901339768677 vs. 3.6577901339768677
list:
dist: 2.9627980797695597 vs. 2.9627980797695597
list:
dist: 1.9364099671490917 vs. 1.9364099671490917
list:
dist: 1.9090565474212848 vs. 1.9090565474212848
list:
dist: 1.2081519695780412 vs. 1.2081519695780412
list:
dist: 1.7816323211735963 vs. 1.7816323211735963
list:
dist: 2.0457060646195915 vs. 2.0457060646195915
list:
dist: 1.6013131020305627 vs. 1.6013131020305627
list:
dist: 2.4119495578333794 vs. 2.4119495578333794
list:
dist: 1.240772417993025 vs. 1.240772417993025
list:
dist: 2.1455789347753087 vs. 2.1455789347753087
list:
dist: 2.17300373380568 vs. 2.17300373380568
list:
dist: 1.8937241318914209 vs. 1.8937241318914209
list:
dist: 1.587236878192837 vs. 1.587236878192837
list:
dist: 1.2600426934041167 vs. 1.2600426934041167
list:
dist: 1.115304681772454 vs. 1.115304681772454
list:
dist: 1.2783324112849948 vs. 1.2783324112849948
list:
dist: 2.892713035638838 vs. 2.892713035638838
list:
dist: 2.4191981882763987 vs. 2.4191981882763987
list:
dist: 3.1529503142973456 vs. 3.1529503142973456
list:
dist: 3.3884835055857945 vs. 3.3884835055857945
list:
dist: 2.5475642079298995 vs. 2.5475642079298995
list:
dist: 1.9586276551191435 vs. 1.9586276551191435
list:
dist: 1.5106728473103463 vs. 1.5106728473103463
list:
dist: 3.9228107722229386 vs. 3.9228107722229386
list:
dist: 2.0887214582556846 vs. 2.0887214582556846
list:
dist: 3.655544485170408 vs. 3.655544485170408
list:
dist: 4.066745600607942 vs. 4.066745600607942
list:
dist: 3.6537016278230654 vs. 3.6537016278230654
list:
dist: 3.149835065832406 vs. 3.149835065832406
list:
dist: 1.496543628170753 vs. 1.496543628170753
list:
dist: 1.0676980297050886 vs. 1.0676980297050886
list:
dist: 1.3051541106608047 vs. 1.3051541106608047
list:
dist: 1.8898173717936113 vs. 1.8898173717936113
list:
dist: 1.0528754268910896 vs. 1.0528754268910896
list:
dist: 1.4419025615022896 vs. 1.4419025615022896
list:
dist: 2.3461122286217737 vs. 2.3461122286217737
list:
dist: 2.1727024261246077 vs. 2.1727024261246077
list:
dist: 2.133204535750382 vs. 2.133204535750382
list:
dist: 1.1957343506455014 vs. 1.1957343506455014
list:
dist: 1.7933007387039188 vs. 1.7933007387039188
list:
dist: 2.1455789347753087 vs. 2.1455789347753087
list:
dist: 2.2354031130308303 vs. 2.2354031130308303
list:
dist: 1.2979934002545874 vs. 1.2979934002545874
list:
dist: 1.8879248029505655 vs. 1.8879248029505655
list:
dist: 2.9039716326242284 vs. 2.9039716326242284
list:
dist: 2.4881296618349036 vs. 2.4881296618349036
list:
dist: 1.2081983462149928 vs. 1.2081983462149928
list:
dist: 1.7713559079864087 vs. 1.7713559079864087
list:
dist: 3.7966429423956978 vs. 3.7966429423956978
list:
dist: 2.5793476069721404 vs. 2.5793476069721404
list:
dist: 3.2784154706394935 vs. 3.2784154706394935
list:
dist: 3.3767365048027216 vs. 3.3767365048027216
list:
dist: 3.6319344566998044 vs. 3.6319344566998044
list:
dist: 2.937722879583295 vs. 2.937722879583295
list:
dist: 1.8149766303393269 vs. 1.8149766303393269
list:
dist: 1.828338895968527 vs. 1.828338895968527
list:
dist: 1.5656692306542666 vs. 1.5656692306542666
list:
dist: 2.7206831523221178 vs. 2.7206831523221178
list:
dist: 1.8968945688388734 vs. 1.8968945688388734
list:
dist: 3.041641176451313 vs. 3.041641176451313
list:
dist: 2.905137303884367 vs. 2.905137303884367
list:
dist: 1.470951557090184 vs. 1.470951557090184
list:
dist: 2.194229342301967 vs. 2.194229342301967
list:
dist: 2.793677878881148 vs. 2.793677878881148
list:
dist: 1.7816323211735963 vs. 1.7816323211735963
list:
dist: 2.415944141176075 vs. 2.415944141176075
list:
dist: 1.9386634393944113 vs. 1.9386634393944113
list:
dist: 1.470951557090184 vs. 1.470951557090184
list:
dist: 1.4331743850012963 vs. 1.4331743850012963
list:
dist: 0.9308666860715332 vs. 0.9308666860715332
list:
dist: 1.5721637703873472 vs. 1.5721637703873472
list:
dist: 1.1758657890029591 vs. 1.1758657890029591
list:
dist: 2.133204535750382 vs. 2.133204535750382
list:
dist: 1.640033800296951 vs. 1.640033800296951
list:
dist: 1.6478072594036923 vs. 1.6478072594036923
list:
dist: 1.607637976756705 vs. 1.607637976756705
list:
dist: 1.451695789246617 vs. 1.451695789246617
list:
dist: 1.8991332786878765 vs. 1.8991332786878765
list:
dist: 1.2600426934041167 vs. 1.2600426934041167
list:
dist: 2.5295379501934203 vs. 2.5295379501934203
list:
dist: 2.306338068933199 vs. 2.306338068933199
list:
dist: 3.0181624809601213 vs. 3.0181624809601213
list:
dist: 3.322014213464022 vs. 3.322014213464022
list:
dist: 2.580392366046177 vs. 2.580392366046177
list:
dist: 1.991070490892853 vs. 1.991070490892853
list:
dist: 1.7632626077800977 vs. 1.7632626077800977
list:
dist: 4.041924506110741 vs. 4.041924506110741
list:
dist: 1.2438430524967632 vs. 1.2438430524967632
list:
dist: 3.0330196514657404 vs. 3.0330196514657404
list:
dist: 3.774286988929498 vs. 3.774286988929498
list:
dist: 3.4160351725609517 vs. 3.4160351725609517
list:
dist: 3.031473889327851 vs. 3.031473889327851
list:
dist: 2.589855819911103 vs. 2.589855819911103
list:
dist: 3.041641176451313 vs. 3.041641176451313
list:
dist: 2.144750632904863 vs. 2.144750632904863
list:
dist: 1.8355313697587379 vs. 1.8355313697587379
list:
dist: 1.3721365971915118 vs. 1.3721365971915118
list:
dist: 1.5661402435007363 vs. 1.5661402435007363
list:
dist: 2.3461122286217737 vs. 2.3461122286217737
list:
dist: 1.2397333564454585 vs. 1.2397333564454585
list:
dist: 0.41233826025819886 vs. 0.41233826025819886
list:
dist: 1.6478072594036923 vs. 1.6478072594036923
list:
dist: 1.492200284603378 vs. 1.492200284603378
list:
dist: 1.3479025776760545 vs. 1.3479025776760545
list:
dist: 1.8937241318914209 vs. 1.8937241318914209
list:
dist: 1.3119185985488033 vs. 1.3119185985488033
list:
dist: 1.5683977450928122 vs. 1.5683977450928122
list:
dist: 2.0485245574041464 vs. 2.0485245574041464
list:
dist: 1.8112960473055475 vs. 1.8112960473055475
list:
dist: 1.0421418235224453 vs. 1.0421418235224453
list:
dist: 1.3378431858623463 vs. 1.3378431858623463
list:
dist: 0.8967292500241952 vs. 0.8967292500241952
list:
dist: 2.4506642764914837 vs. 2.4506642764914837
list:
dist: 1.8486206702027341 vs. 1.8486206702027341
list:
dist: 1.8085190857568876 vs. 1.8085190857568876
list:
dist: 2.2589638244175414 vs. 2.2589638244175414
list:
dist: 2.0103113611992027 vs. 2.0103113611992027
list:
dist: 1.429715797498658 vs. 1.429715797498658
list:
dist: 2.3239001655547997 vs. 2.3239001655547997
list:
dist: 4.958284920836332 vs. 4.958284920836332
list:
dist: 1.684934614142178 vs. 1.684934614142178
list:
dist: 1.756397676879074 vs. 1.756397676879074
list:
dist: 1.4280510332478251 vs. 1.4280510332478251
list:
dist: 1.3900116061907322 vs. 1.3900116061907322
list:
dist: 1.2979934002545874 vs. 1.2979934002545874
list:
dist: 0.8747994014167986 vs. 0.8747994014167986
list:
dist: 1.5683977450928122 vs. 1.5683977450928122
list:
dist: 1.5075150178591807 vs. 1.5075150178591807
list:
dist: 2.306338068933199 vs. 2.306338068933199
list:
dist: 1.3452758307585129 vs. 1.3452758307585129
list:
dist: 1.500979586669761 vs. 1.500979586669761
list:
dist: 2.4191981882763987 vs. 2.4191981882763987
list:
dist: 1.0199353275173404 vs. 1.0199353275173404
list:
dist: 0.7610084495099257 vs. 0.7610084495099257
list:
dist: 1.616609470335338 vs. 1.616609470335338
list:
dist: 1.3409173809503336 vs. 1.3409173809503336
list:
dist: 0.4785615943207975 vs. 0.4785615943207975
list:
dist: 1.1872440397946555 vs. 1.1872440397946555
list:
dist: 2.6146044607224024 vs. 2.6146044607224024
list:
dist: 1.9865953828358374 vs. 1.9865953828358374
list:
dist: 2.4178781048288362 vs. 2.4178781048288362
list:
dist: 3.089785789617692 vs. 3.089785789617692
list:
dist: 2.2710702470261883 vs. 2.2710702470261883
list:
dist: 2.3453606798174316 vs. 2.3453606798174316
list:
dist: 1.6513924287828396 vs. 1.6513924287828396
list:
dist: 2.417849802264597 vs. 2.417849802264597
list:
dist: 3.143017842411625 vs. 3.143017842411625
list:
dist: 5.252204157011482 vs. 5.252204157011482
list:
dist: 2.2473930919230827 vs. 2.2473930919230827
list:
dist: 2.235893141144596 vs. 2.235893141144596
list:
dist: 1.3019190381616272 vs. 1.3019190381616272
list:
dist: 2.0302699088120315 vs. 2.0302699088120315
list:
dist: 2.2354031130308303 vs. 2.2354031130308303
list:
dist: 1.0826687272075481 vs. 1.0826687272075481
list:
dist: 1.3119185985488033 vs. 1.3119185985488033
list:
dist: 1.501638774961835 vs. 1.501638774961835
list:
dist: 2.5295379501934203 vs. 2.5295379501934203
list:
dist: 2.0231222534430375 vs. 2.0231222534430375
list:
dist: 2.0067808453511105 vs. 2.0067808453511105
list:
dist: 2.892713035638838 vs. 2.892713035638838
list:
dist: 1.0199353275173404 vs. 1.0199353275173404
list:
dist: 1.007787119816366 vs. 1.007787119816366
list:
dist: 1.038783576580237 vs. 1.038783576580237
list:
dist: 1.0030654407930746 vs. 1.0030654407930746
list:
dist: 1.258105094220928 vs. 1.258105094220928
list:
dist: 1.526985118513104 vs. 1.526985118513104
list:
dist: 2.2268634539936656 vs. 2.2268634539936656
list:
dist: 2.4795839432962254 vs. 2.4795839432962254
list:
dist: 1.9470138933619068 vs. 1.9470138933619068
list:
dist: 2.9085766815733614 vs. 2.9085766815733614
list:
dist: 1.2714842694173145 vs. 1.2714842694173145
list:
dist: 1.4475306900206955 vs. 1.4475306900206955
list:
dist: 0.9142860924223762 vs. 0.9142860924223762
list:
dist: 1.7037764597504006 vs. 1.7037764597504006
list:
dist: 1.429715797498658 vs. 1.429715797498658
list:
dist: 1.6361966685277058 vs. 1.6361966685277058
list:
dist: 3.031473889327851 vs. 3.031473889327851
list:
dist: 2.7712039254204344 vs. 2.7712039254204344
list:
dist: 2.355613296713887 vs. 2.355613296713887
list:
dist: 3.149835065832406 vs. 3.149835065832406
list:
dist: 1.7037764597504006 vs. 1.7037764597504006
list:
dist: 2.417849802264597 vs. 2.417849802264597
list:
dist: 2.4821756616957487 vs. 2.4821756616957487
list:
dist: 1.4325684224943058 vs. 1.4325684224943058
list:
dist: 1.1658262865144566 vs. 1.1658262865144566
list:
dist: 2.359204134277295 vs. 2.359204134277295
list:
dist: 1.9808628217312818 vs. 1.9808628217312818
list:
dist: 2.6980945278506225 vs. 2.6980945278506225
list:
dist: 3.5380701982444087 vs. 3.5380701982444087
list:
dist: 1.6215532069473697 vs. 1.6215532069473697
list:
dist: 2.832305394259285 vs. 2.832305394259285
list:
dist: 1.551866793473077 vs. 1.551866793473077
list:
dist: 1.4801101770043072 vs. 1.4801101770043072
list:
dist: 1.7219435121889792 vs. 1.7219435121889792
list:
dist: 3.0841950867592542 vs. 3.0841950867592542
list:
dist: 3.0072351315033874 vs. 3.0072351315033874
list:
dist: 1.817248618059992 vs. 1.817248618059992
list:
dist: 2.9832680718204396 vs. 2.9832680718204396
list:
dist: 3.3767365048027216 vs. 3.3767365048027216
list:
dist: 1.9944371894644735 vs. 1.9944371894644735
list:
dist: 1.8085190857568876 vs. 1.8085190857568876
list:
dist: 2.1791824941881903 vs. 2.1791824941881903
list:
dist: 3.0330196514657404 vs. 3.0330196514657404
list:
dist: 3.038145875614183 vs. 3.038145875614183
list:
dist: 2.9836489540503455 vs. 2.9836489540503455
list:
dist: 3.655544485170408 vs. 3.655544485170408
list:
dist: 1.2714842694173145 vs. 1.2714842694173145
list:
dist: 2.2710702470261883 vs. 2.2710702470261883
list:
dist: 2.187392532743152 vs. 2.187392532743152
list:
dist: 1.6554813771577512 vs. 1.6554813771577512
list:
dist: 1.7829191327747544 vs. 1.7829191327747544
list:
dist: 2.4436027686258615 vs. 2.4436027686258615
list:
dist: 2.4760287695972596 vs. 2.4760287695972596
list:
dist: 2.6479985086026523 vs. 2.6479985086026523
list:
dist: 3.591171488797716 vs. 3.591171488797716
list:
dist: 2.309972428860252 vs. 2.309972428860252
list:
dist: 2.89726597135719 vs. 2.89726597135719
list:
dist: 1.2048497190671736 vs. 1.2048497190671736
list:
dist: 1.4031805251041378 vs. 1.4031805251041378
list:
dist: 1.551866793473077 vs. 1.551866793473077
list:
dist: 3.027789998479373 vs. 3.027789998479373
list:
dist: 4.815051349742793 vs. 4.815051349742793
list:
dist: 2.325748808918285 vs. 2.325748808918285
list:
dist: 2.465736206415812 vs. 2.465736206415812
list:
dist: 1.886500826427215 vs. 1.886500826427215
list:
dist: 2.1497171421698478 vs. 2.1497171421698478
list:
dist: 1.8879248029505655 vs. 1.8879248029505655
list:
dist: 1.453915062336011 vs. 1.453915062336011
list:
dist: 2.0485245574041464 vs. 2.0485245574041464
list:
dist: 2.059225130385308 vs. 2.059225130385308
list:
dist: 3.0181624809601213 vs. 3.0181624809601213
list:
dist: 2.0874572688253434 vs. 2.0874572688253434
list:
dist: 2.115010948369158 vs. 2.115010948369158
list:
dist: 3.1529503142973456 vs. 3.1529503142973456
list:
dist: 1.007787119816366 vs. 1.007787119816366
list:
dist: 0.7610084495099257 vs. 0.7610084495099257
list:
dist: 1.2967788631108237 vs. 1.2967788631108237
list:
dist: 1.4815814007588006 vs. 1.4815814007588006
list:
dist: 1.1975781122119904 vs. 1.1975781122119904
list:
dist: 1.7956699642245484 vs. 1.7956699642245484
list:
dist: 1.9450056858775981 vs. 1.9450056858775981
list:
dist: 1.5409906077661935 vs. 1.5409906077661935
list:
dist: 2.073181813845134 vs. 2.073181813845134
list:
dist: 3.6852368098241457 vs. 3.6852368098241457
list:
dist: 2.187392532743152 vs. 2.187392532743152
list:
dist: 1.9700888575592095 vs. 1.9700888575592095
list:
dist: 1.1973361883922051 vs. 1.1973361883922051
list:
dist: 2.4821756616957487 vs. 2.4821756616957487
list:
dist: 3.889704837407717 vs. 3.889704837407717
list:
dist: 2.4506642764914837 vs. 2.4506642764914837
list:
dist: 2.492662398254865 vs. 2.492662398254865
list:
dist: 4.041924506110741 vs. 4.041924506110741
list:
dist: 3.2162073964541507 vs. 3.2162073964541507
list:
dist: 2.7393976799706885 vs. 2.7393976799706885
list:
dist: 3.9228107722229386 vs. 3.9228107722229386
list:
dist: 1.9470138933619068 vs. 1.9470138933619068
list:
dist: 2.4178781048288362 vs. 2.4178781048288362
list:
dist: 2.073181813845134 vs. 2.073181813845134
list:
dist: 0.9163867578126959 vs. 0.9163867578126959
list:
dist: 1.464088320184258 vs. 1.464088320184258
list:
dist: 2.5289938288829954 vs. 2.5289938288829954
list:
dist: 2.473344839891778 vs. 2.473344839891778
list:
dist: 1.3411001716413886 vs. 1.3411001716413886
list:
dist: 2.473377709532344 vs. 2.473377709532344
list:
dist: 4.223427986659665 vs. 4.223427986659665
list:
dist: 2.309972428860252 vs. 2.309972428860252
list:
dist: 1.2958013732505824 vs. 1.2958013732505824
list:
dist: 1.315078740960631 vs. 1.315078740960631
list:
dist: 1.6215532069473697 vs. 1.6215532069473697
list:
dist: 3.844077523158019 vs. 3.844077523158019
list:
dist: 2.5793476069721404 vs. 2.5793476069721404
list:
dist: 2.8467333935832175 vs. 2.8467333935832175
list:
dist: 2.4795839432962254 vs. 2.4795839432962254
list:
dist: 1.9865953828358374 vs. 1.9865953828358374
list:
dist: 1.5409906077661935 vs. 1.5409906077661935
list:
dist: 2.21207529219233 vs. 2.21207529219233
list:
dist: 2.515054025018619 vs. 2.515054025018619
list:
dist: 2.240130807823328 vs. 2.240130807823328
list:
dist: 2.753725602713594 vs. 2.753725602713594
list:
dist: 2.0240264023616135 vs. 2.0240264023616135
list:
dist: 2.473377709532344 vs. 2.473377709532344
list:
dist: 3.591171488797716 vs. 3.591171488797716
list:
dist: 2.9728053732549067 vs. 2.9728053732549067
list:
dist: 2.2860476446013873 vs. 2.2860476446013873
list:
dist: 3.5380701982444087 vs. 3.5380701982444087
list:
dist: 2.415944141176075 vs. 2.415944141176075
list:
dist: 2.5326294858748613 vs. 2.5326294858748613
list:
dist: 2.084021017366419 vs. 2.084021017366419
list:
dist: 2.0872751139974923 vs. 2.0872751139974923
list:
dist: 2.294564153246834 vs. 2.294564153246834
list:
dist: 3.2784154706394935 vs. 3.2784154706394935
list:
dist: 2.3609175694360927 vs. 2.3609175694360927
list:
dist: 1.8486206702027341 vs. 1.8486206702027341
list:
dist: 1.985514046784 vs. 1.985514046784
list:
dist: 1.2438430524967632 vs. 1.2438430524967632
list:
dist: 2.464995994474249 vs. 2.464995994474249
list:
dist: 2.6378481044962188 vs. 2.6378481044962188
list:
dist: 2.0887214582556846 vs. 2.0887214582556846
list:
dist: 2.9085766815733614 vs. 2.9085766815733614
list:
dist: 3.089785789617692 vs. 3.089785789617692
list:
dist: 3.6852368098241457 vs. 3.6852368098241457
list:
dist: 3.599542843465074 vs. 3.599542843465074
list:
dist: 2.8850512343552572 vs. 2.8850512343552572
list:
dist: 2.820644818207279 vs. 2.820644818207279
list:
dist: 2.4109539639363837 vs. 2.4109539639363837
list:
dist: 4.223427986659665 vs. 4.223427986659665
list:
dist: 2.89726597135719 vs. 2.89726597135719
list:
dist: 3.800629488752454 vs. 3.800629488752454
list:
dist: 3.6908823510467372 vs. 3.6908823510467372
list:
dist: 2.832305394259285 vs. 2.832305394259285
list:
dist: 2.2655563983222438 vs. 2.2655563983222438
list:
dist: 2.905137303884367 vs. 2.905137303884367
list:
dist: 2.102013398331212 vs. 2.102013398331212
list:
dist: 1.7711785128714141 vs. 1.7711785128714141
list:
dist: 1.5779598685005018 vs. 1.5779598685005018
list:
dist: 1.3670096181486076 vs. 1.3670096181486076
list:
dist: 2.1727024261246077 vs. 2.1727024261246077
list:
dist: 1.3192335189230882 vs. 1.3192335189230882
list:
dist: 0.41233826025819886 vs. 0.41233826025819886
list:
dist: 1.607637976756705 vs. 1.607637976756705
list:
dist: 1.1932346792536896 vs. 1.1932346792536896
list:
dist: 0.9497303333302869 vs. 0.9497303333302869
list:
dist: 1.587236878192837 vs. 1.587236878192837
list:
dist: 1.501638774961835 vs. 1.501638774961835
list:
dist: 1.5075150178591807 vs. 1.5075150178591807
list:
dist: 2.059225130385308 vs. 2.059225130385308
list:
dist: 1.908575979505126 vs. 1.908575979505126
list:
dist: 1.0572545109133258 vs. 1.0572545109133258
list:
dist: 1.174047706586122 vs. 1.174047706586122
list:
dist: 0.5525441316614923 vs. 0.5525441316614923
list:
dist: 2.492662398254865 vs. 2.492662398254865
list:
dist: 1.985514046784 vs. 1.985514046784
list:
dist: 2.1791824941881903 vs. 2.1791824941881903
list:
dist: 2.496593430190464 vs. 2.496593430190464
list:
dist: 2.1771006440395313 vs. 2.1771006440395313
list:
dist: 1.6361966685277058 vs. 1.6361966685277058
list:
dist: 1.9364099671490917 vs. 1.9364099671490917
list:
dist: 4.868098035551031 vs. 4.868098035551031
list:
dist: 1.584637943187086 vs. 1.584637943187086
list:
dist: 1.536005660083266 vs. 1.536005660083266
list:
dist: 1.4643960482313951 vs. 1.4643960482313951
list:
dist: 1.0338175941832646 vs. 1.0338175941832646
list:
dist: 1.2081983462149928 vs. 1.2081983462149928
list:
dist: 0.8906380395757005 vs. 0.8906380395757005
list:
dist: 1.3378431858623463 vs. 1.3378431858623463
list:
dist: 1.174047706586122 vs. 1.174047706586122
list:
dist: 1.991070490892853 vs. 1.991070490892853
list:
dist: 0.8969078300669957 vs. 0.8969078300669957
list:
dist: 1.041337665628763 vs. 1.041337665628763
list:
dist: 1.9586276551191435 vs. 1.9586276551191435
list:
dist: 1.258105094220928 vs. 1.258105094220928
list:
dist: 0.4785615943207975 vs. 0.4785615943207975
list:
dist: 1.1975781122119904 vs. 1.1975781122119904
list:
dist: 1.7972534853953903 vs. 1.7972534853953903
list:
dist: 1.281220224410947 vs. 1.281220224410947
list:
dist: 0.7686553078869949 vs. 0.7686553078869949
list:
dist: 2.927747697372886 vs. 2.927747697372886
list:
dist: 2.240130807823328 vs. 2.240130807823328
list:
dist: 2.5289938288829954 vs. 2.5289938288829954
list:
dist: 2.820644818207279 vs. 2.820644818207279
list:
dist: 2.4436027686258615 vs. 2.4436027686258615
list:
dist: 2.571516373257747 vs. 2.571516373257747
list:
dist: 1.9435160264284412 vs. 1.9435160264284412
list:
dist: 2.359204134277295 vs. 2.359204134277295
list:
dist: 1.8332298351555583 vs. 1.8332298351555583
list:
dist: 1.828338895968527 vs. 1.828338895968527
list:
dist: 0.5167747490715223 vs. 0.5167747490715223
list:
dist: 1.2958034127955453 vs. 1.2958034127955453
list:
dist: 0.9662454690321706 vs. 0.9662454690321706
list:
dist: 1.0676980297050886 vs. 1.0676980297050886
list:
dist: 1.1817372366994336 vs. 1.1817372366994336
list:
dist: 2.144750632904863 vs. 2.144750632904863
list:
dist: 2.102013398331212 vs. 2.102013398331212
list:
dist: 1.4331743850012963 vs. 1.4331743850012963
list:
dist: 1.4119119186246136 vs. 1.4119119186246136
list:
dist: 2.1186211749691517 vs. 2.1186211749691517
list:
dist: 2.0457060646195915 vs. 2.0457060646195915
list:
dist: 2.2473930919230827 vs. 2.2473930919230827
list:
dist: 1.684934614142178 vs. 1.684934614142178
list:
dist: 2.325748808918285 vs. 2.325748808918285
list:
dist: 3.1603345004814454 vs. 3.1603345004814454
list:
dist: 2.6691573302937797 vs. 2.6691573302937797
list:
dist: 1.584637943187086 vs. 1.584637943187086
list:
dist: 1.9504166061577057 vs. 1.9504166061577057
list:
dist: 2.5326294858748613 vs. 2.5326294858748613
list:
dist: 3.0841950867592542 vs. 3.0841950867592542
list:
dist: 3.686252582750421 vs. 3.686252582750421
list:
dist: 3.1143731732811197 vs. 3.1143731732811197
list:
dist: 1.6511207989633903 vs. 1.6511207989633903
list:
dist: 1.5656692306542666 vs. 1.5656692306542666
list:
dist: 0.5167747490715223 vs. 0.5167747490715223
list:
dist: 1.2554037302188825 vs. 1.2554037302188825
list:
dist: 0.6970279722771157 vs. 0.6970279722771157
list:
dist: 1.3051541106608047 vs. 1.3051541106608047
list:
dist: 1.1669274218532453 vs. 1.1669274218532453
list:
dist: 1.8355313697587379 vs. 1.8355313697587379
list:
dist: 1.7711785128714141 vs. 1.7711785128714141
list:
dist: 0.9308666860715332 vs. 0.9308666860715332
list:
dist: 1.1596979477257596 vs. 1.1596979477257596
list:
dist: 1.842960821928943 vs. 1.842960821928943
list:
dist: 1.6013131020305627 vs. 1.6013131020305627
list:
dist: 2.235893141144596 vs. 2.235893141144596
list:
dist: 1.756397676879074 vs. 1.756397676879074
list:
dist: 2.465736206415812 vs. 2.465736206415812
list:
dist: 3.1130302942937385 vs. 3.1130302942937385
list:
dist: 2.505755664238446 vs. 2.505755664238446
list:
dist: 1.536005660083266 vs. 1.536005660083266
list:
dist: 1.690696401668725 vs. 1.690696401668725
list:
dist: 2.084021017366419 vs. 2.084021017366419
list:
dist: 3.0072351315033874 vs. 3.0072351315033874
list:
dist: 3.6447664603295453 vs. 3.6447664603295453
list:
dist: 3.1328022829166757 vs. 3.1328022829166757
list:
dist: 1.242184120843835 vs. 1.242184120843835
list:
dist: 1.8968945688388734 vs. 1.8968945688388734
list:
dist: 0.9662454690321706 vs. 0.9662454690321706
list:
dist: 0.6970279722771157 vs. 0.6970279722771157
list:
dist: 1.4670565078844684 vs. 1.4670565078844684
list:
dist: 1.0528754268910896 vs. 1.0528754268910896
list:
dist: 1.11179056608489 vs. 1.11179056608489
list:
dist: 1.5661402435007363 vs. 1.5661402435007363
list:
dist: 1.3670096181486076 vs. 1.3670096181486076
list:
dist: 1.1758657890029591 vs. 1.1758657890029591
list:
dist: 0.4671604957690531 vs. 0.4671604957690531
list:
dist: 1.1841031076657345 vs. 1.1841031076657345
list:
dist: 1.240772417993025 vs. 1.240772417993025
list:
dist: 2.0302699088120315 vs. 2.0302699088120315
list:
dist: 1.3900116061907322 vs. 1.3900116061907322
list:
dist: 2.1497171421698478 vs. 2.1497171421698478
list:
dist: 2.741230259384148 vs. 2.741230259384148
list:
dist: 2.0733953968834644 vs. 2.0733953968834644
list:
dist: 1.0338175941832646 vs. 1.0338175941832646
list:
dist: 1.1230969944044211 vs. 1.1230969944044211
list:
dist: 2.294564153246834 vs. 2.294564153246834
list:
dist: 2.9832680718204396 vs. 2.9832680718204396
list:
dist: 3.4122218983472816 vs. 3.4122218983472816
list:
dist: 2.8628996668011513 vs. 2.8628996668011513
list:
dist: 1.1533342927622947 vs. 1.1533342927622947
list:
dist: 2.194229342301967 vs. 2.194229342301967
list:
dist: 1.4119119186246136 vs. 1.4119119186246136
list:
dist: 1.1596979477257596 vs. 1.1596979477257596
list:
dist: 1.747322015210639 vs. 1.747322015210639
list:
dist: 0.4671604957690531 vs. 0.4671604957690531
list:
dist: 1.1957343506455014 vs. 1.1957343506455014
list:
dist: 1.3091688491564062 vs. 1.3091688491564062
list:
dist: 1.492200284603378 vs. 1.492200284603378
list:
dist: 1.1932346792536896 vs. 1.1932346792536896
list:
dist: 1.451695789246617 vs. 1.451695789246617
list:
dist: 0.7453921264972111 vs. 0.7453921264972111
list:
dist: 1.115304681772454 vs. 1.115304681772454
list:
dist: 2.0231222534430375 vs. 2.0231222534430375
list:
dist: 1.3452758307585129 vs. 1.3452758307585129
list:
dist: 2.0874572688253434 vs. 2.0874572688253434
list:
dist: 2.571476497946968 vs. 2.571476497946968
list:
dist: 1.8582182537373384 vs. 1.8582182537373384
list:
dist: 0.8969078300669957 vs. 0.8969078300669957
list:
dist: 0.8213153565914002 vs. 0.8213153565914002
list:
dist: 3.2162073964541507 vs. 3.2162073964541507
list:
dist: 2.464995994474249 vs. 2.464995994474249
list:
dist: 3.038145875614183 vs. 3.038145875614183
list:
dist: 3.3238121204478515 vs. 3.3238121204478515
list:
dist: 2.775863568165083 vs. 2.775863568165083
list:
dist: 2.7712039254204344 vs. 2.7712039254204344
list:
dist: 2.3246463621235454 vs. 2.3246463621235454
list:
dist: 1.1817372366994336 vs. 1.1817372366994336
list:
dist: 1.1669274218532453 vs. 1.1669274218532453
list:
dist: 0.5844601791628484 vs. 0.5844601791628484
list:
dist: 1.11179056608489 vs. 1.11179056608489
list:
dist: 1.4419025615022896 vs. 1.4419025615022896
list:
dist: 1.2397333564454585 vs. 1.2397333564454585
list:
dist: 1.3192335189230882 vs. 1.3192335189230882
list:
dist: 1.640033800296951 vs. 1.640033800296951
list:
dist: 1.3091688491564062 vs. 1.3091688491564062
list:
dist: 1.6745947349618995 vs. 1.6745947349618995
list:
dist: 2.17300373380568 vs. 2.17300373380568
list:
dist: 1.0826687272075481 vs. 1.0826687272075481
list:
dist: 0.8747994014167986 vs. 0.8747994014167986
list:
dist: 1.453915062336011 vs. 1.453915062336011
list:
dist: 2.0270767008944417 vs. 2.0270767008944417
list:
dist: 1.5946839481958335 vs. 1.5946839481958335
list:
dist: 0.8906380395757005 vs. 0.8906380395757005
list:
dist: 1.2661877063067923 vs. 1.2661877063067923
list:
dist: 3.2015186709311196 vs. 3.2015186709311196
list:
dist: 2.8467333935832175 vs. 2.8467333935832175
list:
dist: 2.3609175694360927 vs. 2.3609175694360927
list:
dist: 1.9944371894644735 vs. 1.9944371894644735
list:
dist: 2.5133424137955713 vs. 2.5133424137955713
list:
dist: 1.9798211894626576 vs. 1.9798211894626576
list:
dist: 2.9627980797695597 vs. 2.9627980797695597
list:
dist: 4.507430449467519 vs. 4.507430449467519
list:
dist: 2.6691573302937797 vs. 2.6691573302937797
list:
dist: 2.505755664238446 vs. 2.505755664238446
list:
dist: 1.9260456288939811 vs. 1.9260456288939811
list:
dist: 2.0733953968834644 vs. 2.0733953968834644
list:
dist: 2.4881296618349036 vs. 2.4881296618349036
list:
dist: 1.5946839481958335 vs. 1.5946839481958335
list:
dist: 1.0421418235224453 vs. 1.0421418235224453
list:
dist: 1.0572545109133258 vs. 1.0572545109133258
list:
dist: 2.580392366046177 vs. 2.580392366046177
list:
dist: 1.8582182537373384 vs. 1.8582182537373384
list:
dist: 1.4766181021839662 vs. 1.4766181021839662
list:
dist: 2.5475642079298995 vs. 2.5475642079298995
list:
dist: 1.0030654407930746 vs. 1.0030654407930746
list:
dist: 1.3409173809503336 vs. 1.3409173809503336
list:
dist: 1.4815814007588006 vs. 1.4815814007588006
list:
dist: 0.8807711063745004 vs. 0.8807711063745004
list:
dist: 1.281220224410947 vs. 1.281220224410947
list:
dist: 1.0846174944225426 vs. 1.0846174944225426
list:
dist: 2.2988051823143634 vs. 2.2988051823143634
list:
dist: 2.515054025018619 vs. 2.515054025018619
list:
dist: 1.464088320184258 vs. 1.464088320184258
list:
dist: 2.8850512343552572 vs. 2.8850512343552572
list:
dist: 1.7829191327747544 vs. 1.7829191327747544
list:
dist: 1.6116092302447065 vs. 1.6116092302447065
list:
dist: 1.2688260013251158 vs. 1.2688260013251158
list:
dist: 1.1658262865144566 vs. 1.1658262865144566
list:
dist: 3.1143731732811197 vs. 3.1143731732811197
list:
dist: 3.1328022829166757 vs. 3.1328022829166757
list:
dist: 2.1907484403957445 vs. 2.1907484403957445
list:
dist: 2.8628996668011513 vs. 2.8628996668011513
list:
dist: 2.937722879583295 vs. 2.937722879583295
list:
dist: 1.9798211894626576 vs. 1.9798211894626576
list:
dist: 2.0103113611992027 vs. 2.0103113611992027
list:
dist: 2.1771006440395313 vs. 2.1771006440395313
list:
dist: 3.4160351725609517 vs. 3.4160351725609517
list:
dist: 2.775863568165083 vs. 2.775863568165083
list:
dist: 2.5971473732550288 vs. 2.5971473732550288
list:
dist: 3.6537016278230654 vs. 3.6537016278230654
list:
dist: 0.9142860924223762 vs. 0.9142860924223762
list:
dist: 1.6513924287828396 vs. 1.6513924287828396
list:
dist: 1.1973361883922051 vs. 1.1973361883922051
list:
dist: 0.5511024023644977 vs. 0.5511024023644977
list:
dist: 1.2688260013251158 vs. 1.2688260013251158
list:
dist: 1.9435160264284412 vs. 1.9435160264284412
list:
dist: 2.1764440503386506 vs. 2.1764440503386506
list:
dist: 1.37566033755521 vs. 1.37566033755521
list:
dist: 2.2860476446013873 vs. 2.2860476446013873
list:
dist: 1.315078740960631 vs. 1.315078740960631
list:
dist: 3.6908823510467372 vs. 3.6908823510467372
list:
dist: 1.4031805251041378 vs. 1.4031805251041378
list:
dist: 0.7767415499868264 vs. 0.7767415499868264
list:
dist: 1.7219435121889792 vs. 1.7219435121889792
list:
dist: 3.686252582750421 vs. 3.686252582750421
list:
dist: 3.6447664603295453 vs. 3.6447664603295453
list:
dist: 2.59974072455586 vs. 2.59974072455586
list:
dist: 3.4122218983472816 vs. 3.4122218983472816
list:
dist: 3.6319344566998044 vs. 3.6319344566998044
list:
dist: 2.5133424137955713 vs. 2.5133424137955713
list:
dist: 2.2589638244175414 vs. 2.2589638244175414
list:
dist: 2.496593430190464 vs. 2.496593430190464
list:
dist: 3.774286988929498 vs. 3.774286988929498
list:
dist: 3.3238121204478515 vs. 3.3238121204478515
list:
dist: 3.072822787790263 vs. 3.072822787790263
list:
dist: 4.066745600607942 vs. 4.066745600607942
list:
dist: 1.4475306900206955 vs. 1.4475306900206955
list:
dist: 2.3453606798174316 vs. 2.3453606798174316
list:
dist: 1.9700888575592095 vs. 1.9700888575592095
list:
dist: 0.9631499456755199 vs. 0.9631499456755199
list:
dist: 1.6116092302447065 vs. 1.6116092302447065
list:
dist: 2.571516373257747 vs. 2.571516373257747
list:
dist: 2.6363797646326446 vs. 2.6363797646326446
list:
dist: 1.5719580846876577 vs. 1.5719580846876577
list:
dist: 2.9728053732549067 vs. 2.9728053732549067
list:
dist: 1.2958013732505824 vs. 1.2958013732505824
list:
dist: 3.800629488752454 vs. 3.800629488752454
list:
dist: 1.2048497190671736 vs. 1.2048497190671736
list:
dist: 0.7767415499868264 vs. 0.7767415499868264
list:
dist: 1.4801101770043072 vs. 1.4801101770043072
list:
dist: 2.7022209104838906 vs. 2.7022209104838906
list:
dist: 2.7206831523221178 vs. 2.7206831523221178
list:
dist: 1.2958034127955453 vs. 1.2958034127955453
list:
dist: 1.2554037302188825 vs. 1.2554037302188825
list:
dist: 1.4670565078844684 vs. 1.4670565078844684
list:
dist: 1.8898173717936113 vs. 1.8898173717936113
list:
dist: 0.5844601791628484 vs. 0.5844601791628484
list:
dist: 1.3721365971915118 vs. 1.3721365971915118
list:
dist: 1.5779598685005018 vs. 1.5779598685005018
list:
dist: 1.5721637703873472 vs. 1.5721637703873472
list:
dist: 1.747322015210639 vs. 1.747322015210639
list:
dist: 2.127645051051024 vs. 2.127645051051024
list:
dist: 2.4119495578333794 vs. 2.4119495578333794
list:
dist: 1.3019190381616272 vs. 1.3019190381616272
list:
dist: 1.4280510332478251 vs. 1.4280510332478251
list:
dist: 1.886500826427215 vs. 1.886500826427215
list:
dist: 2.3166326506117225 vs. 2.3166326506117225
list:
dist: 1.9260456288939811 vs. 1.9260456288939811
list:
dist: 1.4643960482313951 vs. 1.4643960482313951
list:
dist: 1.697629499110514 vs. 1.697629499110514
list:
dist: 2.0872751139974923 vs. 2.0872751139974923
list:
dist: 1.817248618059992 vs. 1.817248618059992
list:
dist: 2.59974072455586 vs. 2.59974072455586
list:
dist: 2.1907484403957445 vs. 2.1907484403957445
list:
dist: 3.6577901339768677 vs. 3.6577901339768677
list:
dist: 4.468553576659566 vs. 4.468553576659566
list:
dist: 3.1603345004814454 vs. 3.1603345004814454
list:
dist: 3.1130302942937385 vs. 3.1130302942937385
list:
dist: 2.3166326506117225 vs. 2.3166326506117225
list:
dist: 2.741230259384148 vs. 2.741230259384148
list:
dist: 2.9039716326242284 vs. 2.9039716326242284
list:
dist: 2.0270767008944417 vs. 2.0270767008944417
list:
dist: 1.8112960473055475 vs. 1.8112960473055475
list:
dist: 1.908575979505126 vs. 1.908575979505126
list:
dist: 3.322014213464022 vs. 3.322014213464022
list:
dist: 2.571476497946968 vs. 2.571476497946968
list:
dist: 2.2607919191065347 vs. 2.2607919191065347
list:
dist: 3.3884835055857945 vs. 3.3884835055857945
list:
dist: 1.038783576580237 vs. 1.038783576580237
list:
dist: 1.616609470335338 vs. 1.616609470335338
list:
dist: 1.2967788631108237 vs. 1.2967788631108237
list:
dist: 0.8807711063745004 vs. 0.8807711063745004
list:
dist: 1.7972534853953903 vs. 1.7972534853953903
list:
dist: 1.8871404034465813 vs. 1.8871404034465813
list:
dist: 1.4532617105202827 vs. 1.4532617105202827
list:
dist: 2.21207529219233 vs. 2.21207529219233
list:
dist: 0.9163867578126959 vs. 0.9163867578126959
list:
dist: 3.599542843465074 vs. 3.599542843465074
list:
dist: 1.6554813771577512 vs. 1.6554813771577512
list:
dist: 0.9631499456755199 vs. 0.9631499456755199
list:
dist: 0.5511024023644977 vs. 0.5511024023644977
list:
dist: 1.4325684224943058 vs. 1.4325684224943058
list:
dist: 4.319741441709795 vs. 4.319741441709795
list:
dist: 3.7966429423956978 vs. 3.7966429423956978
list:
dist: 3.2015186709311196 vs. 3.2015186709311196
list:
dist: 2.2268634539936656 vs. 2.2268634539936656
list:
dist: 2.6146044607224024 vs. 2.6146044607224024
list:
dist: 1.9450056858775981 vs. 1.9450056858775981
list:
dist: 1.4532617105202827 vs. 1.4532617105202827
list:
dist: 2.2988051823143634 vs. 2.2988051823143634
list:
dist: 2.927747697372886 vs. 2.927747697372886
list:
dist: 3.2050831834771905 vs. 3.2050831834771905
list:
dist: 2.0240264023616135 vs. 2.0240264023616135
list:
dist: 1.3411001716413886 vs. 1.3411001716413886
list:
dist: 2.6479985086026523 vs. 2.6479985086026523
list:
dist: 1.5719580846876577 vs. 1.5719580846876577
list:
dist: 1.37566033755521 vs. 1.37566033755521
list:
dist: 2.6980945278506225 vs. 2.6980945278506225
200
300
Neighbor List consistency Check...
--------
nle(id0,id1,dist): 5 6 2.45915928964057
list:
dist: 2.45915928964057 vs. 2.45915928964057
--------
nle(id0,id1,dist): 5 7 1.2489738085041193
list:
dist: 1.2489738085041193 vs. 1.2489738085041193
--------
nle(id0,id1,dist): 5 21 4.251211874604595
list:
dist: 4.251211874604595 vs. 4.251211874604595
--------
nle(id0,id1,dist): 5 20 2.579514735821588
list:
dist: 2.579514735821588 vs. 2.579514735821588
--------
nle(id0,id1,dist): 5 22 3.841926416627752
list:
dist: 3.841926416627752 vs. 3.841926416627752
--------
nle(id0,id1,dist): 5 17 2.579904756836755
list:
dist: 2.579904756836755 vs. 2.579904756836755
--------
nle(id0,id1,dist): 5 16 2.1264160857228864
list:
dist: 2.1264160857228864 vs. 2.1264160857228864
--------
nle(id0,id1,dist): 5 19 2.987401921346261
list:
dist: 2.987401921346261 vs. 2.987401921346261
--------
nle(id0,id1,dist): 5 13 3.4646884251319308
list:
dist: 3.4646884251319308 vs. 3.4646884251319308
--------
nle(id0,id1,dist): 5 12 0.8565304201673202
list:
dist: 0.8565304201673202 vs. 0.8565304201673202
--------
nle(id0,id1,dist): 5 15 3.4347137932105527
list:
dist: 3.4347137932105527 vs. 3.4347137932105527
--------
nle(id0,id1,dist): 5 14 1.9761586433539233
list:
dist: 1.9761586433539233 vs. 1.9761586433539233
--------
nle(id0,id1,dist): 5 9 1.9066081399238268
list:
dist: 1.9066081399238268 vs. 1.9066081399238268
--------
nle(id0,id1,dist): 5 8 2.445727031704261
list:
dist: 2.445727031704261 vs. 2.445727031704261
--------
nle(id0,id1,dist): 5 11 3.107001722753934
list:
dist: 3.107001722753934 vs. 3.107001722753934
--------
nle(id0,id1,dist): 5 10 2.423661138709254
list:
dist: 2.423661138709254 vs. 2.423661138709254
--------
nle(id0,id1,dist): 4 11 0.8490177629665906
list:
dist: 0.8490177629665906 vs. 0.8490177629665906
--------
nle(id0,id1,dist): 4 12 2.3985204482210625
list:
dist: 2.3985204482210625 vs. 2.3985204482210625
--------
nle(id0,id1,dist): 4 9 2.0318204002051714
list:
dist: 2.0318204002051714 vs. 2.0318204002051714
--------
nle(id0,id1,dist): 4 10 1.647732112286088
list:
dist: 1.647732112286088 vs. 1.647732112286088
--------
nle(id0,id1,dist): 4 8 1.151443587723304
list:
dist: 1.151443587723304 vs. 1.151443587723304
--------
nle(id0,id1,dist): 4 5 2.8839851807990837
list:
dist: 2.8839851807990837 vs. 2.8839851807990837
--------
nle(id0,id1,dist): 4 6 1.5342521904028472
list:
dist: 1.5342521904028472 vs. 1.5342521904028472
--------
nle(id0,id1,dist): 4 17 2.1524022199886517
list:
dist: 2.1524022199886517 vs. 2.1524022199886517
--------
nle(id0,id1,dist): 6 27 2.4251787732680996
list:
dist: 2.4251787732680996 vs. 2.4251787732680996
--------
nle(id0,id1,dist): 6 29 2.665763082733813
list:
dist: 2.665763082733813 vs. 2.665763082733813
--------
nle(id0,id1,dist): 6 19 1.502501717147475
list:
dist: 1.502501717147475 vs. 1.502501717147475
--------
nle(id0,id1,dist): 6 20 2.1590126753556476
list:
dist: 2.1590126753556476 vs. 2.1590126753556476
--------
nle(id0,id1,dist): 6 21 3.0347795181328157
list:
dist: 3.0347795181328157 vs. 3.0347795181328157
--------
nle(id0,id1,dist): 6 22 2.5473096432336435
list:
dist: 2.5473096432336435 vs. 2.5473096432336435
--------
nle(id0,id1,dist): 6 24 3.4649385223552813
list:
dist: 3.4649385223552813 vs. 3.4649385223552813
--------
nle(id0,id1,dist): 6 25 2.8138068114313195
list:
dist: 2.8138068114313195 vs. 2.8138068114313195
--------
nle(id0,id1,dist): 6 26 3.1042317970684907
list:
dist: 3.1042317970684907 vs. 3.1042317970684907
--------
nle(id0,id1,dist): 7 9 1.3509462116699846
list:
dist: 1.3509462116699846 vs. 1.3509462116699846
--------
nle(id0,id1,dist): 7 8 2.4835542311972465
list:
dist: 2.4835542311972465 vs. 2.4835542311972465
--------
nle(id0,id1,dist): 7 11 3.0914659794542327
list:
dist: 3.0914659794542327 vs. 3.0914659794542327
--------
nle(id0,id1,dist): 7 10 2.5847626893283167
list:
dist: 2.5847626893283167 vs. 2.5847626893283167
--------
nle(id0,id1,dist): 7 13 2.9423476176930676
list:
dist: 2.9423476176930676 vs. 2.9423476176930676
--------
nle(id0,id1,dist): 7 12 0.7864458834299833
list:
dist: 0.7864458834299833 vs. 0.7864458834299833
--------
nle(id0,id1,dist): 5 27 4.215260155345244
list:
dist: 4.215260155345244 vs. 4.215260155345244
--------
nle(id0,id1,dist): 5 25 3.9786119937054836
list:
dist: 3.9786119937054836 vs. 3.9786119937054836
--------
nle(id0,id1,dist): 6 14 1.04891645151277
list:
dist: 1.04891645151277 vs. 1.04891645151277
--------
nle(id0,id1,dist): 6 13 1.7238764656778285
list:
dist: 1.7238764656778285 vs. 1.7238764656778285
--------
nle(id0,id1,dist): 6 12 1.6670123008757542
list:
dist: 1.6670123008757542 vs. 1.6670123008757542
--------
nle(id0,id1,dist): 6 11 1.2112518481304528
list:
dist: 1.2112518481304528 vs. 1.2112518481304528
--------
nle(id0,id1,dist): 6 17 0.8455392629602739
list:
dist: 0.8455392629602739 vs. 0.8455392629602739
--------
nle(id0,id1,dist): 6 16 1.5166291354384225
list:
dist: 1.5166291354384225 vs. 1.5166291354384225
--------
nle(id0,id1,dist): 6 15 1.3775877628859228
list:
dist: 1.3775877628859228 vs. 1.3775877628859228
--------
nle(id0,id1,dist): 6 10 1.3984186470148803
list:
dist: 1.3984186470148803 vs. 1.3984186470148803
--------
nle(id0,id1,dist): 6 9 1.1734778588158847
list:
dist: 1.1734778588158847 vs. 1.1734778588158847
--------
nle(id0,id1,dist): 6 8 0.9379809113286499
list:
dist: 0.9379809113286499 vs. 0.9379809113286499
--------
nle(id0,id1,dist): 6 7 2.050115198370277
list:
dist: 2.050115198370277 vs. 2.050115198370277
--------
nle(id0,id1,dist): 8 14 1.7282329850027285
list:
dist: 1.7282329850027285 vs. 1.7282329850027285
--------
nle(id0,id1,dist): 8 13 1.8757350567134008
list:
dist: 1.8757350567134008 vs. 1.8757350567134008
--------
nle(id0,id1,dist): 8 16 1.429939079868919
list:
dist: 1.429939079868919 vs. 1.429939079868919
--------
nle(id0,id1,dist): 8 15 2.0805558064538796
list:
dist: 2.0805558064538796 vs. 2.0805558064538796
--------
nle(id0,id1,dist): 8 10 0.6081793681820548
list:
dist: 0.6081793681820548 vs. 0.6081793681820548
--------
nle(id0,id1,dist): 8 9 1.8210268874765865
list:
dist: 1.8210268874765865 vs. 1.8210268874765865
--------
nle(id0,id1,dist): 8 12 1.8719494733955355
list:
dist: 1.8719494733955355 vs. 1.8719494733955355
--------
nle(id0,id1,dist): 8 11 0.7630452517029599
list:
dist: 0.7630452517029599 vs. 0.7630452517029599
--------
nle(id0,id1,dist): 8 22 2.630201146873874
list:
dist: 2.630201146873874 vs. 2.630201146873874
--------
nle(id0,id1,dist): 8 21 3.6292821885097317
list:
dist: 3.6292821885097317 vs. 3.6292821885097317
--------
nle(id0,id1,dist): 8 24 3.473619862848656
list:
dist: 3.473619862848656 vs. 3.473619862848656
--------
nle(id0,id1,dist): 8 17 1.1424467605790982
list:
dist: 1.1424467605790982 vs. 1.1424467605790982
--------
nle(id0,id1,dist): 8 20 2.8521231089488652
list:
dist: 2.8521231089488652 vs. 2.8521231089488652
--------
nle(id0,id1,dist): 8 19 1.9607698907882334
list:
dist: 1.9607698907882334 vs. 1.9607698907882334
--------
nle(id0,id1,dist): 8 29 2.8028127519090162
list:
dist: 2.8028127519090162 vs. 2.8028127519090162
--------
nle(id0,id1,dist): 8 25 3.137989319643353
list:
dist: 3.137989319643353 vs. 3.137989319643353
--------
nle(id0,id1,dist): 8 26 3.0679394931545736
list:
dist: 3.0679394931545736 vs. 3.0679394931545736
--------
nle(id0,id1,dist): 8 27 2.9547557110069884
list:
dist: 2.9547557110069884 vs. 2.9547557110069884
--------
nle(id0,id1,dist): 7 21 3.2290102405477046
list:
dist: 3.2290102405477046 vs. 3.2290102405477046
--------
nle(id0,id1,dist): 7 20 1.3939712607447374
list:
dist: 1.3939712607447374 vs. 1.3939712607447374
--------
nle(id0,id1,dist): 7 19 2.250316666718687
list:
dist: 2.250316666718687 vs. 2.250316666718687
--------
nle(id0,id1,dist): 7 18 2.4320230473791478
list:
dist: 2.4320230473791478 vs. 2.4320230473791478
--------
nle(id0,id1,dist): 7 17 2.1158980249625285
list:
dist: 2.1158980249625285 vs. 2.1158980249625285
--------
nle(id0,id1,dist): 7 16 1.9138342701818352
list:
dist: 1.9138342701818352 vs. 1.9138342701818352
--------
nle(id0,id1,dist): 7 15 2.615692034774943
list:
dist: 2.615692034774943 vs. 2.615692034774943
--------
nle(id0,id1,dist): 7 14 1.1421410414091013
list:
dist: 1.1421410414091013 vs. 1.1421410414091013
--------
nle(id0,id1,dist): 7 27 3.339623702138563
list:
dist: 3.339623702138563 vs. 3.339623702138563
--------
nle(id0,id1,dist): 7 25 3.215406206872781
list:
dist: 3.215406206872781 vs. 3.215406206872781
--------
nle(id0,id1,dist): 7 23 2.02400089060034
list:
dist: 2.02400089060034 vs. 2.02400089060034
--------
nle(id0,id1,dist): 7 22 3.312907496943867
list:
dist: 3.312907496943867 vs. 3.312907496943867
--------
nle(id0,id1,dist): 10 12 1.9769060472187487
list:
dist: 1.9769060472187487 vs. 1.9769060472187487
--------
nle(id0,id1,dist): 10 11 1.2387208841564
list:
dist: 1.2387208841564 vs. 1.2387208841564
--------
nle(id0,id1,dist): 10 14 1.9516902262806848
list:
dist: 1.9516902262806848 vs. 1.9516902262806848
--------
nle(id0,id1,dist): 10 13 1.8060988300306133
list:
dist: 1.8060988300306133 vs. 1.8060988300306133
--------
nle(id0,id1,dist): 10 15 2.3291469040667594
list:
dist: 2.3291469040667594 vs. 2.3291469040667594
--------
nle(id0,id1,dist): 10 16 1.1618579618356253
list:
dist: 1.1618579618356253 vs. 1.1618579618356253
--------
nle(id0,id1,dist): 10 17 1.2344732003097312
list:
dist: 1.2344732003097312 vs. 1.2344732003097312
--------
nle(id0,id1,dist): 10 19 1.9797167099581356
list:
dist: 1.9797167099581356 vs. 1.9797167099581356
--------
nle(id0,id1,dist): 10 20 2.964385453654044
list:
dist: 2.964385453654044 vs. 2.964385453654044
--------
nle(id0,id1,dist): 10 21 3.6455217216948625
list:
dist: 3.6455217216948625 vs. 3.6455217216948625
--------
nle(id0,id1,dist): 10 22 2.4000637293420373
list:
dist: 2.4000637293420373 vs. 2.4000637293420373
--------
nle(id0,id1,dist): 10 24 3.195224921728029
list:
dist: 3.195224921728029 vs. 3.195224921728029
--------
nle(id0,id1,dist): 10 25 2.996143201914519
list:
dist: 2.996143201914519 vs. 2.996143201914519
--------
nle(id0,id1,dist): 10 26 2.8932782998158992
list:
dist: 2.8932782998158992 vs. 2.8932782998158992
--------
nle(id0,id1,dist): 10 27 3.0305548904472435
list:
dist: 3.0305548904472435 vs. 3.0305548904472435
--------
nle(id0,id1,dist): 10 29 2.773617427516531
list:
dist: 2.773617427516531 vs. 2.773617427516531
--------
nle(id0,id1,dist): 9 11 2.15967103760861
list:
dist: 2.15967103760861 vs. 2.15967103760861
--------
nle(id0,id1,dist): 9 10 2.2252220795628532
list:
dist: 2.2252220795628532 vs. 2.2252220795628532
--------
nle(id0,id1,dist): 9 15 2.0883517265154437
list:
dist: 2.0883517265154437 vs. 2.0883517265154437
--------
nle(id0,id1,dist): 9 14 0.9373086690229162
list:
dist: 0.9373086690229162 vs. 0.9373086690229162
--------
nle(id0,id1,dist): 9 13 2.699277711339329
list:
dist: 2.699277711339329 vs. 2.699277711339329
--------
nle(id0,id1,dist): 9 12 1.1379663858569415
list:
dist: 1.1379663858569415 vs. 1.1379663858569415
--------
nle(id0,id1,dist): 9 19 2.1721597805574
list:
dist: 2.1721597805574 vs. 2.1721597805574
--------
nle(id0,id1,dist): 9 17 1.7596935587219613
list:
dist: 1.7596935587219613 vs. 1.7596935587219613
--------
nle(id0,id1,dist): 9 16 2.083731925536164
list:
dist: 2.083731925536164 vs. 2.083731925536164
--------
nle(id0,id1,dist): 9 22 3.389722218646189
list:
dist: 3.389722218646189 vs. 3.389722218646189
--------
nle(id0,id1,dist): 9 20 1.9002531696085447
list:
dist: 1.9002531696085447 vs. 1.9002531696085447
--------
nle(id0,id1,dist): 9 21 3.4129412910510024
list:
dist: 3.4129412910510024 vs. 3.4129412910510024
--------
nle(id0,id1,dist): 9 27 3.1262472259339535
list:
dist: 3.1262472259339535 vs. 3.1262472259339535
--------
nle(id0,id1,dist): 9 25 3.439720026199489
list:
dist: 3.439720026199489 vs. 3.439720026199489
--------
nle(id0,id1,dist): 12 20 1.9377518424765845
list:
dist: 1.9377518424765845 vs. 1.9377518424765845
--------
nle(id0,id1,dist): 12 19 2.2557396939881937
list:
dist: 2.2557396939881937 vs. 2.2557396939881937
--------
nle(id0,id1,dist): 12 17 1.8444233196366608
list:
dist: 1.8444233196366608 vs. 1.8444233196366608
--------
nle(id0,id1,dist): 12 16 1.615195011566792
list:
dist: 1.615195011566792 vs. 1.615195011566792
--------
nle(id0,id1,dist): 12 15 2.6057514174016245
list:
dist: 2.6057514174016245 vs. 2.6057514174016245
--------
nle(id0,id1,dist): 12 14 1.1396244943681715
list:
dist: 1.1396244943681715 vs. 1.1396244943681715
--------
nle(id0,id1,dist): 12 13 2.7779687098538
list:
dist: 2.7779687098538 vs. 2.7779687098538
--------
nle(id0,id1,dist): 11 29 2.7943631286284654
list:
dist: 2.7943631286284654 vs. 2.7943631286284654
--------
nle(id0,id1,dist): 11 26 3.1404290636927885
list:
dist: 3.1404290636927885 vs. 3.1404290636927885
--------
nle(id0,id1,dist): 11 27 3.1080617365548084
list:
dist: 3.1080617365548084 vs. 3.1080617365548084
--------
nle(id0,id1,dist): 11 22 2.983363797851588
list:
dist: 2.983363797851588 vs. 2.983363797851588
--------
nle(id0,id1,dist): 11 25 3.5156896290247364
list:
dist: 3.5156896290247364 vs. 3.5156896290247364
--------
nle(id0,id1,dist): 11 24 3.751007110046451
list:
dist: 3.751007110046451 vs. 3.751007110046451
--------
nle(id0,id1,dist): 11 19 2.360525981733445
list:
dist: 2.360525981733445 vs. 2.360525981733445
--------
nle(id0,id1,dist): 11 21 3.9445542934708633
list:
dist: 3.9445542934708633 vs. 3.9445542934708633
--------
nle(id0,id1,dist): 11 20 3.344159823551872
list:
dist: 3.344159823551872 vs. 3.344159823551872
--------
nle(id0,id1,dist): 11 15 2.205771005038637
list:
dist: 2.205771005038637 vs. 2.205771005038637
--------
nle(id0,id1,dist): 11 14 2.224813037165377
list:
dist: 2.224813037165377 vs. 2.224813037165377
--------
nle(id0,id1,dist): 11 17 1.601849642552048
list:
dist: 1.601849642552048 vs. 1.601849642552048
--------
nle(id0,id1,dist): 11 16 2.1199435342254422
list:
dist: 2.1199435342254422 vs. 2.1199435342254422
--------
nle(id0,id1,dist): 11 13 2.1380461118323195
list:
dist: 2.1380461118323195 vs. 2.1380461118323195
--------
nle(id0,id1,dist): 11 12 2.505045027817555
list:
dist: 2.505045027817555 vs. 2.505045027817555
--------
nle(id0,id1,dist): 13 26 1.4736863956459725
list:
dist: 1.4736863956459725 vs. 1.4736863956459725
--------
nle(id0,id1,dist): 13 27 1.3234895063346341
list:
dist: 1.3234895063346341 vs. 1.3234895063346341
--------
nle(id0,id1,dist): 13 24 1.7570838122419952
list:
dist: 1.7570838122419952 vs. 1.7570838122419952
--------
nle(id0,id1,dist): 13 25 1.4283815989101725
list:
dist: 1.4283815989101725 vs. 1.4283815989101725
--------
nle(id0,id1,dist): 13 29 1.1937316385349952
list:
dist: 1.1937316385349952 vs. 1.1937316385349952
--------
nle(id0,id1,dist): 13 18 3.3775549122270068
list:
dist: 3.3775549122270068 vs. 3.3775549122270068
--------
nle(id0,id1,dist): 13 19 0.8328420738234167
list:
dist: 0.8328420738234167 vs. 0.8328420738234167
--------
nle(id0,id1,dist): 13 16 1.4393445295184992
list:
dist: 1.4393445295184992 vs. 1.4393445295184992
--------
nle(id0,id1,dist): 13 17 0.9926823651474571
list:
dist: 0.9926823651474571 vs. 0.9926823651474571
--------
nle(id0,id1,dist): 13 22 0.9136655945083595
list:
dist: 0.9136655945083595 vs. 0.9136655945083595
--------
nle(id0,id1,dist): 13 23 2.624726189828832
list:
dist: 2.624726189828832 vs. 2.624726189828832
--------
nle(id0,id1,dist): 13 20 2.402709804190265
list:
dist: 2.402709804190265 vs. 2.402709804190265
--------
nle(id0,id1,dist): 13 21 2.098222154665628
list:
dist: 2.098222154665628 vs. 2.098222154665628
--------
nle(id0,id1,dist): 13 15 1.212081506038576
list:
dist: 1.212081506038576 vs. 1.212081506038576
--------
nle(id0,id1,dist): 13 14 1.9745721394673836
list:
dist: 1.9745721394673836 vs. 1.9745721394673836
--------
nle(id0,id1,dist): 12 21 3.5712219271005536
list:
dist: 3.5712219271005536 vs. 3.5712219271005536
--------
nle(id0,id1,dist): 12 22 3.2607983795885476
list:
dist: 3.2607983795885476 vs. 3.2607983795885476
--------
nle(id0,id1,dist): 12 25 3.3698187957545596
list:
dist: 3.3698187957545596 vs. 3.3698187957545596
--------
nle(id0,id1,dist): 12 27 3.4500738862782723
list:
dist: 3.4500738862782723 vs. 3.4500738862782723
--------
nle(id0,id1,dist): 15 29 1.8142243580540989
list:
dist: 1.8142243580540989 vs. 1.8142243580540989
--------
nle(id0,id1,dist): 15 26 2.4063196034832157
list:
dist: 2.4063196034832157 vs. 2.4063196034832157
--------
nle(id0,id1,dist): 15 27 1.1263187258705236
list:
dist: 1.1263187258705236 vs. 1.1263187258705236
--------
nle(id0,id1,dist): 15 24 2.7211831266231568
list:
dist: 2.7211831266231568 vs. 2.7211831266231568
--------
nle(id0,id1,dist): 15 25 1.8916312251376453
list:
dist: 1.8916312251376453 vs. 1.8916312251376453
--------
nle(id0,id1,dist): 15 22 1.9080665260383567
list:
dist: 1.9080665260383567 vs. 1.9080665260383567
--------
nle(id0,id1,dist): 15 23 2.71840525763531
list:
dist: 2.71840525763531 vs. 2.71840525763531
--------
nle(id0,id1,dist): 15 21 1.867009510586367
list:
dist: 1.867009510586367 vs. 1.867009510586367
--------
nle(id0,id1,dist): 15 20 1.8697751691005313
list:
dist: 1.8697751691005313 vs. 1.8697751691005313
--------
nle(id0,id1,dist): 15 19 0.9139978016777803
list:
dist: 0.9139978016777803 vs. 0.9139978016777803
--------
nle(id0,id1,dist): 15 18 3.4374994338985685
list:
dist: 3.4374994338985685 vs. 3.4374994338985685
--------
nle(id0,id1,dist): 15 17 1.1613897205111494
list:
dist: 1.1613897205111494 vs. 1.1613897205111494
--------
nle(id0,id1,dist): 15 16 1.956074367064966
list:
dist: 1.956074367064966 vs. 1.956074367064966
--------
nle(id0,id1,dist): 14 27 2.3871550488182978
list:
dist: 2.3871550488182978 vs. 2.3871550488182978
--------
nle(id0,id1,dist): 14 16 1.3870996910280775
list:
dist: 1.3870996910280775 vs. 1.3870996910280775
--------
nle(id0,id1,dist): 14 15 1.5155931291558522
list:
dist: 1.5155931291558522 vs. 1.5155931291558522
--------
nle(id0,id1,dist): 14 18 2.794439580617837
list:
dist: 2.794439580617837 vs. 2.794439580617837
--------
nle(id0,id1,dist): 14 17 1.1241507726434916
list:
dist: 1.1241507726434916 vs. 1.1241507726434916
--------
nle(id0,id1,dist): 14 23 2.1465116669678643
list:
dist: 2.1465116669678643 vs. 2.1465116669678643
--------
nle(id0,id1,dist): 14 25 2.5340296190244778
list:
dist: 2.5340296190244778 vs. 2.5340296190244778
--------
nle(id0,id1,dist): 14 20 1.195622083440778
list:
dist: 1.195622083440778 vs. 1.195622083440778
--------
nle(id0,id1,dist): 14 19 1.3225855889317042
list:
dist: 1.3225855889317042 vs. 1.3225855889317042
--------
nle(id0,id1,dist): 14 22 2.541981958517097
list:
dist: 2.541981958517097 vs. 2.541981958517097
--------
nle(id0,id1,dist): 14 21 2.585500051900418
list:
dist: 2.585500051900418 vs. 2.585500051900418
--------
nle(id0,id1,dist): 17 19 0.8192682124833884
list:
dist: 0.8192682124833884 vs. 0.8192682124833884
--------
nle(id0,id1,dist): 17 22 1.7291396131783452
list:
dist: 1.7291396131783452 vs. 1.7291396131783452
--------
nle(id0,id1,dist): 17 20 1.9522174396068621
list:
dist: 1.9522174396068621 vs. 1.9522174396068621
--------
nle(id0,id1,dist): 17 21 2.4907486263390135
list:
dist: 2.4907486263390135 vs. 2.4907486263390135
--------
nle(id0,id1,dist): 17 26 2.440530545909818
list:
dist: 2.440530545909818 vs. 2.440530545909818
--------
nle(id0,id1,dist): 17 27 1.9137082733165305
list:
dist: 1.9137082733165305 vs. 1.9137082733165305
--------
nle(id0,id1,dist): 17 24 2.6652550528135137
list:
dist: 2.6652550528135137 vs. 2.6652550528135137
--------
nle(id0,id1,dist): 17 25 2.058415018604955
list:
dist: 2.058415018604955 vs. 2.058415018604955
--------
nle(id0,id1,dist): 16 17 0.9022856534533958
list:
dist: 0.9022856534533958 vs. 0.9022856534533958
--------
nle(id0,id1,dist): 16 18 2.766827503307534
list:
dist: 2.766827503307534 vs. 2.766827503307534
--------
nle(id0,id1,dist): 16 19 1.2387900245808905
list:
dist: 1.2387900245808905 vs. 1.2387900245808905
--------
nle(id0,id1,dist): 16 20 2.041044820493854
list:
dist: 2.041044820493854 vs. 2.041044820493854
--------
nle(id0,id1,dist): 16 21 2.761061391591077
list:
dist: 2.761061391591077 vs. 2.761061391591077
--------
nle(id0,id1,dist): 16 22 1.7675048610917883
list:
dist: 1.7675048610917883 vs. 1.7675048610917883
--------
nle(id0,id1,dist): 16 23 2.062377703962756
list:
dist: 2.062377703962756 vs. 2.062377703962756
--------
nle(id0,id1,dist): 16 24 2.6673477796299183
list:
dist: 2.6673477796299183 vs. 2.6673477796299183
--------
nle(id0,id1,dist): 16 25 2.1356886075303216
list:
dist: 2.1356886075303216 vs. 2.1356886075303216
--------
nle(id0,id1,dist): 16 26 2.7199190026977016
list:
dist: 2.7199190026977016 vs. 2.7199190026977016
--------
nle(id0,id1,dist): 16 27 2.455237230738705
list:
dist: 2.455237230738705 vs. 2.455237230738705
--------
nle(id0,id1,dist): 16 29 2.616670858248873
list:
dist: 2.616670858248873 vs. 2.616670858248873
--------
nle(id0,id1,dist): 1 2 2.1192915356818904
list:
dist: 2.1192915356818904 vs. 2.1192915356818904
--------
nle(id0,id1,dist): 1 5 1.08005594658148
list:
dist: 1.08005594658148 vs. 1.08005594658148
--------
nle(id0,id1,dist): 1 7 1.4201771595475592
list:
dist: 1.4201771595475592 vs. 1.4201771595475592
--------
nle(id0,id1,dist): 1 9 2.159027411086374
list:
dist: 2.159027411086374 vs. 2.159027411086374
--------
nle(id0,id1,dist): 2 5 1.666555658871506
list:
dist: 1.666555658871506 vs. 1.666555658871506
--------
nle(id0,id1,dist): 2 6 2.16690280988053
list:
dist: 2.16690280988053 vs. 2.16690280988053
--------
nle(id0,id1,dist): 2 3 2.0865702509705204
list:
dist: 2.0865702509705204 vs. 2.0865702509705204
--------
nle(id0,id1,dist): 2 4 1.6982278197655818
list:
dist: 1.6982278197655818 vs. 1.6982278197655818
--------
nle(id0,id1,dist): 1 14 2.431537072755086
list:
dist: 2.431537072755086 vs. 2.431537072755086
--------
nle(id0,id1,dist): 1 12 1.5000806895630474
list:
dist: 1.5000806895630474 vs. 1.5000806895630474
--------
nle(id0,id1,dist): 1 20 2.7534029524204775
list:
dist: 2.7534029524204775 vs. 2.7534029524204775
--------
nle(id0,id1,dist): 2 27 4.528549895685266
list:
dist: 4.528549895685266 vs. 4.528549895685266
--------
nle(id0,id1,dist): 2 25 4.661177338292348
list:
dist: 4.661177338292348 vs. 4.661177338292348
--------
nle(id0,id1,dist): 2 12 1.6048190107572904
list:
dist: 1.6048190107572904 vs. 1.6048190107572904
--------
nle(id0,id1,dist): 2 11 2.3185928731306746
list:
dist: 2.3185928731306746 vs. 2.3185928731306746
--------
nle(id0,id1,dist): 2 14 2.356461047309863
list:
dist: 2.356461047309863 vs. 2.356461047309863
--------
nle(id0,id1,dist): 2 13 3.684200964500268
list:
dist: 3.684200964500268 vs. 3.684200964500268
--------
nle(id0,id1,dist): 2 8 2.0017090112480243
list:
dist: 2.0017090112480243 vs. 2.0017090112480243
--------
nle(id0,id1,dist): 2 7 2.287010854368651
list:
dist: 2.287010854368651 vs. 2.287010854368651
--------
nle(id0,id1,dist): 2 10 2.2722080842625982
list:
dist: 2.2722080842625982 vs. 2.2722080842625982
--------
nle(id0,id1,dist): 2 9 1.7391343595115292
list:
dist: 1.7391343595115292 vs. 1.7391343595115292
--------
nle(id0,id1,dist): 2 20 3.402604886939977
list:
dist: 3.402604886939977 vs. 3.402604886939977
--------
nle(id0,id1,dist): 2 19 3.411573770762939
list:
dist: 3.411573770762939 vs. 3.411573770762939
--------
nle(id0,id1,dist): 2 22 4.356199220630946
list:
dist: 4.356199220630946 vs. 4.356199220630946
--------
nle(id0,id1,dist): 2 21 4.918830715300073
list:
dist: 4.918830715300073 vs. 4.918830715300073
--------
nle(id0,id1,dist): 2 16 2.699308271969157
list:
dist: 2.699308271969157 vs. 2.699308271969157
--------
nle(id0,id1,dist): 2 15 3.502477554127943
list:
dist: 3.502477554127943 vs. 3.502477554127943
--------
nle(id0,id1,dist): 2 17 2.7235126855598604
list:
dist: 2.7235126855598604 vs. 2.7235126855598604
--------
nle(id0,id1,dist): 3 9 2.211453184360418
list:
dist: 2.211453184360418 vs. 2.211453184360418
--------
nle(id0,id1,dist): 3 8 1.7192228428070764
list:
dist: 1.7192228428070764 vs. 1.7192228428070764
--------
nle(id0,id1,dist): 3 6 1.8119046235670397
list:
dist: 1.8119046235670397 vs. 1.8119046235670397
--------
nle(id0,id1,dist): 3 5 3.38976336031261
list:
dist: 3.38976336031261 vs. 3.38976336031261
--------
nle(id0,id1,dist): 3 4 0.7070900124771796
list:
dist: 0.7070900124771796 vs. 0.7070900124771796
--------
nle(id0,id1,dist): 3 17 2.535951780068466
list:
dist: 2.535951780068466 vs. 2.535951780068466
--------
nle(id0,id1,dist): 3 12 2.8442607190849793
list:
dist: 2.8442607190849793 vs. 2.8442607190849793
--------
nle(id0,id1,dist): 3 11 1.2150480938242039
list:
dist: 1.2150480938242039 vs. 1.2150480938242039
--------
nle(id0,id1,dist): 3 10 2.2728515738622477
list:
dist: 2.2728515738622477 vs. 2.2728515738622477
--------
nle(id0,id1,dist): 37 48 2.3466883115348454
list:
dist: 2.3466883115348454 vs. 2.3466883115348454
--------
nle(id0,id1,dist): 37 49 1.7766097701584544
list:
dist: 1.7766097701584544 vs. 1.7766097701584544
--------
nle(id0,id1,dist): 37 50 2.546577600491855
list:
dist: 2.546577600491855 vs. 2.546577600491855
--------
nle(id0,id1,dist): 37 54 3.382715232185537
list:
dist: 3.382715232185537 vs. 3.382715232185537
--------
nle(id0,id1,dist): 37 55 3.1615318988389354
list:
dist: 3.1615318988389354 vs. 3.1615318988389354
--------
nle(id0,id1,dist): 37 40 2.162318006872436
list:
dist: 2.162318006872436 vs. 2.162318006872436
--------
nle(id0,id1,dist): 37 42 1.8401354066482196
list:
dist: 1.8401354066482196 vs. 1.8401354066482196
--------
nle(id0,id1,dist): 37 43 2.8187112120431945
list:
dist: 2.8187112120431945 vs. 2.8187112120431945
--------
nle(id0,id1,dist): 37 44 3.130142745644082
list:
dist: 3.130142745644082 vs. 3.130142745644082
--------
nle(id0,id1,dist): 37 46 1.8964333974168677
list:
dist: 1.8964333974168677 vs. 1.8964333974168677
--------
nle(id0,id1,dist): 37 47 2.715034717227028
list:
dist: 2.715034717227028 vs. 2.715034717227028
--------
nle(id0,id1,dist): 37 39 2.8476279966197815
list:
dist: 2.8476279966197815 vs. 2.8476279966197815
--------
nle(id0,id1,dist): 37 38 1.7655253138859173
list:
dist: 1.7655253138859173 vs. 1.7655253138859173
--------
nle(id0,id1,dist): 36 55 2.6806894830940906
list:
dist: 2.6806894830940906 vs. 2.6806894830940906
--------
nle(id0,id1,dist): 36 53 3.8497770377832126
list:
dist: 3.8497770377832126 vs. 3.8497770377832126
--------
nle(id0,id1,dist): 36 54 1.632686608913209
list:
dist: 1.632686608913209 vs. 1.632686608913209
--------
nle(id0,id1,dist): 36 59 2.0995821782642965
list:
dist: 2.0995821782642965 vs. 2.0995821782642965
--------
nle(id0,id1,dist): 36 48 2.2876765997819275
list:
dist: 2.2876765997819275 vs. 2.2876765997819275
--------
nle(id0,id1,dist): 36 46 1.172926507805721
list:
dist: 1.172926507805721 vs. 1.172926507805721
--------
nle(id0,id1,dist): 36 51 2.6740059786674637
list:
dist: 2.6740059786674637 vs. 2.6740059786674637
--------
nle(id0,id1,dist): 36 49 1.2300871645655396
list:
dist: 1.2300871645655396 vs. 1.2300871645655396
--------
nle(id0,id1,dist): 36 50 1.6704732911553815
list:
dist: 1.6704732911553815 vs. 1.6704732911553815
--------
nle(id0,id1,dist): 36 40 1.8987552492162416
list:
dist: 1.8987552492162416 vs. 1.8987552492162416
--------
nle(id0,id1,dist): 36 39 1.1150876619973207
list:
dist: 1.1150876619973207 vs. 1.1150876619973207
--------
nle(id0,id1,dist): 36 38 0.45255536383836004
list:
dist: 0.45255536383836004 vs. 0.45255536383836004
--------
nle(id0,id1,dist): 36 37 2.0975319947425692
list:
dist: 2.0975319947425692 vs. 2.0975319947425692
--------
nle(id0,id1,dist): 36 44 1.6015579208339568
list:
dist: 1.6015579208339568 vs. 1.6015579208339568
--------
nle(id0,id1,dist): 36 43 2.2668500772215774
list:
dist: 2.2668500772215774 vs. 2.2668500772215774
--------
nle(id0,id1,dist): 36 42 1.8784860451045726
list:
dist: 1.8784860451045726 vs. 1.8784860451045726
--------
nle(id0,id1,dist): 36 41 2.93621621203897
list:
dist: 2.93621621203897 vs. 2.93621621203897
--------
nle(id0,id1,dist): 35 58 1.7052020198705953
list:
dist: 1.7052020198705953 vs. 1.7052020198705953
--------
nle(id0,id1,dist): 35 59 1.8027977775956479
list:
dist: 1.8027977775956479 vs. 1.8027977775956479
--------
nle(id0,id1,dist): 35 54 1.8588886257191999
list:
dist: 1.8588886257191999 vs. 1.8588886257191999
--------
nle(id0,id1,dist): 35 55 1.3281441877470972
list:
dist: 1.3281441877470972 vs. 1.3281441877470972
--------
nle(id0,id1,dist): 35 56 2.8203775613127813
list:
dist: 2.8203775613127813 vs. 2.8203775613127813
--------
nle(id0,id1,dist): 35 57 1.8009533341046446
list:
dist: 1.8009533341046446 vs. 1.8009533341046446
--------
nle(id0,id1,dist): 35 50 1.199878458998486
list:
dist: 1.199878458998486 vs. 1.199878458998486
--------
nle(id0,id1,dist): 35 52 2.2204555914763673
list:
dist: 2.2204555914763673 vs. 2.2204555914763673
--------
nle(id0,id1,dist): 35 47 1.6149215565196628
list:
dist: 1.6149215565196628 vs. 1.6149215565196628
--------
nle(id0,id1,dist): 35 46 0.7408836982574838
list:
dist: 0.7408836982574838 vs. 0.7408836982574838
--------
nle(id0,id1,dist): 35 49 0.6122534780122273
list:
dist: 0.6122534780122273 vs. 0.6122534780122273
--------
nle(id0,id1,dist): 35 48 0.9281777528860872
list:
dist: 0.9281777528860872 vs. 0.9281777528860872
--------
nle(id0,id1,dist): 35 43 2.4296402451867367
list:
dist: 2.4296402451867367 vs. 2.4296402451867367
--------
nle(id0,id1,dist): 35 42 2.0324735718223943
list:
dist: 2.0324735718223943 vs. 2.0324735718223943
--------
nle(id0,id1,dist): 35 44 2.1332427462705286
list:
dist: 2.1332427462705286 vs. 2.1332427462705286
--------
nle(id0,id1,dist): 35 39 1.2548059530951938
list:
dist: 1.2548059530951938 vs. 1.2548059530951938
--------
nle(id0,id1,dist): 35 38 1.2998829032656252
list:
dist: 1.2998829032656252 vs. 1.2998829032656252
--------
nle(id0,id1,dist): 35 40 2.546166735687869
list:
dist: 2.546166735687869 vs. 2.546166735687869
--------
nle(id0,id1,dist): 35 37 2.1035379626592414
list:
dist: 2.1035379626592414 vs. 2.1035379626592414
--------
nle(id0,id1,dist): 35 36 1.4086072513257308
list:
dist: 1.4086072513257308 vs. 1.4086072513257308
--------
nle(id0,id1,dist): 34 59 2.1359898302194136
list:
dist: 2.1359898302194136 vs. 2.1359898302194136
--------
nle(id0,id1,dist): 34 55 2.675512892211787
list:
dist: 2.675512892211787 vs. 2.675512892211787
--------
nle(id0,id1,dist): 34 54 1.7130785236619142
list:
dist: 1.7130785236619142 vs. 1.7130785236619142
--------
nle(id0,id1,dist): 34 51 2.2319986168475037
list:
dist: 2.2319986168475037 vs. 2.2319986168475037
--------
nle(id0,id1,dist): 34 50 0.9789418979840138
list:
dist: 0.9789418979840138 vs. 0.9789418979840138
--------
nle(id0,id1,dist): 34 49 1.8808153062105655
list:
dist: 1.8808153062105655 vs. 1.8808153062105655
--------
nle(id0,id1,dist): 34 48 2.4096483002695406
list:
dist: 2.4096483002695406 vs. 2.4096483002695406
--------
nle(id0,id1,dist): 34 47 2.034773325086831
list:
dist: 2.034773325086831 vs. 2.034773325086831
--------
nle(id0,id1,dist): 34 46 0.937286457202659
list:
dist: 0.937286457202659 vs. 0.937286457202659
--------
nle(id0,id1,dist): 34 44 1.2314381358650146
list:
dist: 1.2314381358650146 vs. 1.2314381358650146
--------
nle(id0,id1,dist): 34 43 0.8956119553350915
list:
dist: 0.8956119553350915 vs. 0.8956119553350915
--------
nle(id0,id1,dist): 34 42 0.5938832062456869
list:
dist: 0.5938832062456869 vs. 0.5938832062456869
--------
nle(id0,id1,dist): 34 41 1.9266371996922074
list:
dist: 1.9266371996922074 vs. 1.9266371996922074
--------
nle(id0,id1,dist): 34 40 0.9983984006042587
list:
dist: 0.9983984006042587 vs. 0.9983984006042587
--------
nle(id0,id1,dist): 34 39 1.5234485358906804
list:
dist: 1.5234485358906804 vs. 1.5234485358906804
--------
nle(id0,id1,dist): 34 36 1.4740551721976471
list:
dist: 1.4740551721976471 vs. 1.4740551721976471
--------
nle(id0,id1,dist): 34 35 1.6778086162683723
list:
dist: 1.6778086162683723 vs. 1.6778086162683723
--------
nle(id0,id1,dist): 34 38 1.1038807169683167
list:
dist: 1.1038807169683167 vs. 1.1038807169683167
--------
nle(id0,id1,dist): 34 37 2.065607529431349
list:
dist: 2.065607529431349 vs. 2.065607529431349
--------
nle(id0,id1,dist): 33 34 2.19839413179194
list:
dist: 2.19839413179194 vs. 2.19839413179194
--------
nle(id0,id1,dist): 33 38 2.814158192729152
list:
dist: 2.814158192729152 vs. 2.814158192729152
--------
nle(id0,id1,dist): 33 37 2.888031100429371
list:
dist: 2.888031100429371 vs. 2.888031100429371
--------
nle(id0,id1,dist): 33 36 3.1447491653277155
list:
dist: 3.1447491653277155 vs. 3.1447491653277155
--------
nle(id0,id1,dist): 33 43 2.0024791962869246
list:
dist: 2.0024791962869246 vs. 2.0024791962869246
--------
nle(id0,id1,dist): 33 42 1.7999533594538168
list:
dist: 1.7999533594538168 vs. 1.7999533594538168
--------
nle(id0,id1,dist): 33 41 1.3840201781105512
list:
dist: 1.3840201781105512 vs. 1.3840201781105512
--------
nle(id0,id1,dist): 33 40 1.2894310875647863
list:
dist: 1.2894310875647863 vs. 1.2894310875647863
--------
nle(id0,id1,dist): 32 38 1.7764435079938403
list:
dist: 1.7764435079938403 vs. 1.7764435079938403
--------
nle(id0,id1,dist): 32 37 1.2268544261552714
list:
dist: 1.2268544261552714 vs. 1.2268544261552714
--------
nle(id0,id1,dist): 32 40 1.44440336664931
list:
dist: 1.44440336664931 vs. 1.44440336664931
--------
nle(id0,id1,dist): 32 34 1.9250743406579207
list:
dist: 1.9250743406579207 vs. 1.9250743406579207
--------
nle(id0,id1,dist): 32 33 1.9211454569006132
list:
dist: 1.9211454569006132 vs. 1.9211454569006132
--------
nle(id0,id1,dist): 32 36 2.091417459906806
list:
dist: 2.091417459906806 vs. 2.091417459906806
--------
nle(id0,id1,dist): 32 42 1.6228199602026299
list:
dist: 1.6228199602026299 vs. 1.6228199602026299
--------
nle(id0,id1,dist): 32 41 2.7072986616289736
list:
dist: 2.7072986616289736 vs. 2.7072986616289736
--------
nle(id0,id1,dist): 32 43 2.500583225413111
list:
dist: 2.500583225413111 vs. 2.500583225413111
--------
nle(id0,id1,dist): 31 59 3.4376298714234195
list:
dist: 3.4376298714234195 vs. 3.4376298714234195
--------
nle(id0,id1,dist): 31 54 3.174298075180488
list:
dist: 3.174298075180488 vs. 3.174298075180488
--------
nle(id0,id1,dist): 31 55 3.1014770361889226
list:
dist: 3.1014770361889226 vs. 3.1014770361889226
--------
nle(id0,id1,dist): 31 44 2.7685483736619285
list:
dist: 2.7685483736619285 vs. 2.7685483736619285
--------
nle(id0,id1,dist): 31 43 1.9634830254190487
list:
dist: 1.9634830254190487 vs. 1.9634830254190487
--------
nle(id0,id1,dist): 31 42 1.0641272047097092
list:
dist: 1.0641272047097092 vs. 1.0641272047097092
--------
nle(id0,id1,dist): 31 41 2.7594545801359973
list:
dist: 2.7594545801359973 vs. 2.7594545801359973
--------
nle(id0,id1,dist): 31 40 1.6546522625399678
list:
dist: 1.6546522625399678 vs. 1.6546522625399678
--------
nle(id0,id1,dist): 31 39 2.8228595722479994
list:
dist: 2.8228595722479994 vs. 2.8228595722479994
--------
nle(id0,id1,dist): 31 38 1.9995364664819302
list:
dist: 1.9995364664819302 vs. 1.9995364664819302
--------
nle(id0,id1,dist): 29 127 4.027039599579574
list:
dist: 4.027039599579574 vs. 4.027039599579574
--------
nle(id0,id1,dist): 31 51 3.7175852374940472
list:
dist: 3.7175852374940472 vs. 3.7175852374940472
--------
nle(id0,id1,dist): 31 50 2.0955405730841106
list:
dist: 2.0955405730841106 vs. 2.0955405730841106
--------
nle(id0,id1,dist): 31 49 2.2769780396973496
list:
dist: 2.2769780396973496 vs. 2.2769780396973496
--------
nle(id0,id1,dist): 31 48 2.5289683378666075
list:
dist: 2.5289683378666075 vs. 2.5289683378666075
--------
nle(id0,id1,dist): 31 47 2.1381509849177833
list:
dist: 2.1381509849177833 vs. 2.1381509849177833
--------
nle(id0,id1,dist): 31 46 1.7744745843436025
list:
dist: 1.7744745843436025 vs. 1.7744745843436025
--------
nle(id0,id1,dist): 30 59 4.0440528002975755
list:
dist: 4.0440528002975755 vs. 4.0440528002975755
--------
nle(id0,id1,dist): 31 36 2.4480041881599117
list:
dist: 2.4480041881599117 vs. 2.4480041881599117
--------
nle(id0,id1,dist): 31 37 1.284721486535205
list:
dist: 1.284721486535205 vs. 1.284721486535205
--------
nle(id0,id1,dist): 31 34 1.537685007760682
list:
dist: 1.537685007760682 vs. 1.537685007760682
--------
nle(id0,id1,dist): 31 35 2.258177108179374
list:
dist: 2.258177108179374 vs. 2.258177108179374
--------
nle(id0,id1,dist): 31 32 1.549331253578449
list:
dist: 1.549331253578449 vs. 1.549331253578449
--------
nle(id0,id1,dist): 31 33 2.2084655596514255
list:
dist: 2.2084655596514255 vs. 2.2084655596514255
--------
nle(id0,id1,dist): 43 59 2.3707920187378897
list:
dist: 2.3707920187378897 vs. 2.3707920187378897
--------
nle(id0,id1,dist): 44 47 2.71680953520086
list:
dist: 2.71680953520086 vs. 2.71680953520086
--------
nle(id0,id1,dist): 44 48 2.995463210372348
list:
dist: 2.995463210372348 vs. 2.995463210372348
--------
nle(id0,id1,dist): 44 46 1.598965590106395
list:
dist: 1.598965590106395 vs. 1.598965590106395
--------
nle(id0,id1,dist): 44 51 1.1477773993667302
list:
dist: 1.1477773993667302 vs. 1.1477773993667302
--------
nle(id0,id1,dist): 44 52 2.316437186969004
list:
dist: 2.316437186969004 vs. 2.316437186969004
--------
nle(id0,id1,dist): 44 49 2.4019293961064356
list:
dist: 2.4019293961064356 vs. 2.4019293961064356
--------
nle(id0,id1,dist): 44 50 1.3070811722226583
list:
dist: 1.3070811722226583 vs. 1.3070811722226583
--------
nle(id0,id1,dist): 43 50 1.3851165829813932
list:
dist: 1.3851165829813932 vs. 1.3851165829813932
--------
nle(id0,id1,dist): 43 51 1.9232398048118577
list:
dist: 1.9232398048118577 vs. 1.9232398048118577
--------
nle(id0,id1,dist): 43 54 1.9609281783550103
list:
dist: 1.9609281783550103 vs. 1.9609281783550103
--------
nle(id0,id1,dist): 43 55 3.1772689760253887
list:
dist: 3.1772689760253887 vs. 3.1772689760253887
--------
nle(id0,id1,dist): 43 44 1.3140633820998047
list:
dist: 1.3140633820998047 vs. 1.3140633820998047
--------
nle(id0,id1,dist): 43 46 1.7237164037720019
list:
dist: 1.7237164037720019 vs. 1.7237164037720019
--------
nle(id0,id1,dist): 43 47 2.3244239983578057
list:
dist: 2.3244239983578057 vs. 2.3244239983578057
--------
nle(id0,id1,dist): 43 48 3.0903394209613513
list:
dist: 3.0903394209613513 vs. 3.0903394209613513
--------
nle(id0,id1,dist): 43 49 2.732781271422038
list:
dist: 2.732781271422038 vs. 2.732781271422038
--------
nle(id0,id1,dist): 42 46 1.3237722721335634
list:
dist: 1.3237722721335634 vs. 1.3237722721335634
--------
nle(id0,id1,dist): 42 44 1.7634153111469353
list:
dist: 1.7634153111469353 vs. 1.7634153111469353
--------
nle(id0,id1,dist): 42 43 0.9971608715482088
list:
dist: 0.9971608715482088 vs. 0.9971608715482088
--------
nle(id0,id1,dist): 42 59 2.7028887021070345
list:
dist: 2.7028887021070345 vs. 2.7028887021070345
--------
nle(id0,id1,dist): 42 55 3.0008589390485803
list:
dist: 3.0008589390485803 vs. 3.0008589390485803
--------
nle(id0,id1,dist): 42 54 2.3039916699361096
list:
dist: 2.3039916699361096 vs. 2.3039916699361096
--------
nle(id0,id1,dist): 42 51 2.7086651795257803
list:
dist: 2.7086651795257803 vs. 2.7086651795257803
--------
nle(id0,id1,dist): 42 49 2.165614902169798
list:
dist: 2.165614902169798 vs. 2.165614902169798
--------
nle(id0,id1,dist): 42 50 1.4464810632047223
list:
dist: 1.4464810632047223 vs. 1.4464810632047223
--------
nle(id0,id1,dist): 42 47 2.151167594617312
list:
dist: 2.151167594617312 vs. 2.151167594617312
--------
nle(id0,id1,dist): 42 48 2.6325701138521698
list:
dist: 2.6325701138521698 vs. 2.6325701138521698
--------
nle(id0,id1,dist): 41 51 2.3574554677621147
list:
dist: 2.3574554677621147 vs. 2.3574554677621147
--------
nle(id0,id1,dist): 41 50 2.6476596289969803
list:
dist: 2.6476596289969803 vs. 2.6476596289969803
--------
nle(id0,id1,dist): 41 44 1.9552174590669917
list:
dist: 1.9552174590669917 vs. 1.9552174590669917
--------
nle(id0,id1,dist): 41 46 2.846696999908037
list:
dist: 2.846696999908037 vs. 2.846696999908037
--------
nle(id0,id1,dist): 41 43 1.357841847776996
list:
dist: 1.357841847776996 vs. 1.357841847776996
--------
nle(id0,id1,dist): 41 42 1.8659299142664587
list:
dist: 1.8659299142664587 vs. 1.8659299142664587
--------
nle(id0,id1,dist): 41 59 3.382775542695599
list:
dist: 3.382775542695599 vs. 3.382775542695599
--------
nle(id0,id1,dist): 41 54 2.782975070145291
list:
dist: 2.782975070145291 vs. 2.782975070145291
--------
nle(id0,id1,dist): 40 43 1.1895617640023368
list:
dist: 1.1895617640023368 vs. 1.1895617640023368
--------
nle(id0,id1,dist): 40 44 1.7074383878261494
list:
dist: 1.7074383878261494 vs. 1.7074383878261494
--------
nle(id0,id1,dist): 40 41 1.3645409772531707
list:
dist: 1.3645409772531707 vs. 1.3645409772531707
--------
nle(id0,id1,dist): 40 42 0.8122546317681344
list:
dist: 0.8122546317681344 vs. 0.8122546317681344
--------
nle(id0,id1,dist): 40 47 2.9267935125576767
list:
dist: 2.9267935125576767 vs. 2.9267935125576767
--------
nle(id0,id1,dist): 40 48 3.27261772557044
list:
dist: 3.27261772557044 vs. 3.27261772557044
--------
nle(id0,id1,dist): 40 46 1.83116179190216
list:
dist: 1.83116179190216 vs. 1.83116179190216
--------
nle(id0,id1,dist): 40 51 2.666795413231497
list:
dist: 2.666795413231497 vs. 2.666795413231497
--------
nle(id0,id1,dist): 40 49 2.577424152494059
list:
dist: 2.577424152494059 vs. 2.577424152494059
--------
nle(id0,id1,dist): 40 50 1.9695140615405662
list:
dist: 1.9695140615405662 vs. 1.9695140615405662
--------
nle(id0,id1,dist): 40 55 3.6464761375949655
list:
dist: 3.6464761375949655 vs. 3.6464761375949655
--------
nle(id0,id1,dist): 40 54 2.419646703935777
list:
dist: 2.419646703935777 vs. 2.419646703935777
--------
nle(id0,id1,dist): 40 59 2.9954511786221723
list:
dist: 2.9954511786221723 vs. 2.9954511786221723
--------
nle(id0,id1,dist): 39 46 1.1150447678232096
list:
dist: 1.1150447678232096 vs. 1.1150447678232096
--------
nle(id0,id1,dist): 39 48 2.1224488470921323
list:
dist: 2.1224488470921323 vs. 2.1224488470921323
--------
nle(id0,id1,dist): 39 49 1.5383091470969137
list:
dist: 1.5383091470969137 vs. 1.5383091470969137
--------
nle(id0,id1,dist): 39 50 1.0901832125906512
list:
dist: 1.0901832125906512 vs. 1.0901832125906512
--------
nle(id0,id1,dist): 39 51 1.9094913220550687
list:
dist: 1.9094913220550687 vs. 1.9094913220550687
--------
nle(id0,id1,dist): 39 52 2.033724943489259
list:
dist: 2.033724943489259 vs. 2.033724943489259
--------
nle(id0,id1,dist): 39 53 3.848054197452982
list:
dist: 3.848054197452982 vs. 3.848054197452982
--------
nle(id0,id1,dist): 39 54 0.6725628577983748
list:
dist: 0.6725628577983748 vs. 0.6725628577983748
--------
nle(id0,id1,dist): 39 55 2.1057346068845773
list:
dist: 2.1057346068845773 vs. 2.1057346068845773
--------
nle(id0,id1,dist): 39 56 2.0826946104453548
list:
dist: 2.0826946104453548 vs. 2.0826946104453548
--------
nle(id0,id1,dist): 39 57 1.3932865567530146
list:
dist: 1.3932865567530146 vs. 1.3932865567530146
--------
nle(id0,id1,dist): 39 58 1.852380573915023
list:
dist: 1.852380573915023 vs. 1.852380573915023
--------
nle(id0,id1,dist): 39 59 0.9846275649767857
list:
dist: 0.9846275649767857 vs. 0.9846275649767857
--------
nle(id0,id1,dist): 38 55 2.5999435479208395
list:
dist: 2.5999435479208395 vs. 2.5999435479208395
--------
nle(id0,id1,dist): 38 53 4.23179096317059
list:
dist: 4.23179096317059 vs. 4.23179096317059
--------
nle(id0,id1,dist): 38 54 1.727440998045482
list:
dist: 1.727440998045482 vs. 1.727440998045482
--------
nle(id0,id1,dist): 38 51 2.6826225556089565
list:
dist: 2.6826225556089565 vs. 2.6826225556089565
--------
nle(id0,id1,dist): 38 59 2.1759185780986448
list:
dist: 2.1759185780986448 vs. 2.1759185780986448
--------
nle(id0,id1,dist): 39 44 1.1420765831801423
list:
dist: 1.1420765831801423 vs. 1.1420765831801423
--------
nle(id0,id1,dist): 39 43 2.062908204254718
list:
dist: 2.062908204254718 vs. 2.062908204254718
--------
nle(id0,id1,dist): 39 42 2.0994915381201023
list:
dist: 2.0994915381201023 vs. 2.0994915381201023
--------
nle(id0,id1,dist): 39 41 2.9924525694729156
list:
dist: 2.9924525694729156 vs. 2.9924525694729156
--------
nle(id0,id1,dist): 39 40 2.306179747660909
list:
dist: 2.306179747660909 vs. 2.306179747660909
--------
nle(id0,id1,dist): 37 59 3.6671892881740744
list:
dist: 3.6671892881740744 vs. 3.6671892881740744
--------
nle(id0,id1,dist): 38 40 1.562650920485981
list:
dist: 1.562650920485981 vs. 1.562650920485981
--------
nle(id0,id1,dist): 38 39 1.2280703714769858
list:
dist: 1.2280703714769858 vs. 1.2280703714769858
--------
nle(id0,id1,dist): 38 42 1.452667261182925
list:
dist: 1.452667261182925 vs. 1.452667261182925
--------
nle(id0,id1,dist): 38 41 2.6991217016928664
list:
dist: 2.6991217016928664 vs. 2.6991217016928664
--------
nle(id0,id1,dist): 38 48 2.1535338766170473
list:
dist: 2.1535338766170473 vs. 2.1535338766170473
--------
nle(id0,id1,dist): 38 50 1.446417548226096
list:
dist: 1.446417548226096 vs. 1.446417548226096
--------
nle(id0,id1,dist): 38 49 1.1712138809267494
list:
dist: 1.1712138809267494 vs. 1.1712138809267494
--------
nle(id0,id1,dist): 38 44 1.5599583542904434
list:
dist: 1.5599583542904434 vs. 1.5599583542904434
--------
nle(id0,id1,dist): 38 43 1.9547782314830593
list:
dist: 1.9547782314830593 vs. 1.9547782314830593
--------
nle(id0,id1,dist): 38 46 0.8842271980702503
list:
dist: 0.8842271980702503 vs. 0.8842271980702503
--------
nle(id0,id1,dist): 23 27 2.6931230947817206
list:
dist: 2.6931230947817206 vs. 2.6931230947817206
--------
nle(id0,id1,dist): 23 25 1.9641550204509042
list:
dist: 1.9641550204509042 vs. 1.9641550204509042
--------
nle(id0,id1,dist): 21 26 2.67976120575257
list:
dist: 2.67976120575257 vs. 2.67976120575257
--------
nle(id0,id1,dist): 21 27 1.1265816233473442
list:
dist: 1.1265816233473442 vs. 1.1265816233473442
--------
nle(id0,id1,dist): 21 24 2.3396849883702084
list:
dist: 2.3396849883702084 vs. 2.3396849883702084
--------
nle(id0,id1,dist): 21 25 1.1028061146282748
list:
dist: 1.1028061146282748 vs. 1.1028061146282748
--------
nle(id0,id1,dist): 21 29 2.3650507762175015
list:
dist: 2.3650507762175015 vs. 2.3650507762175015
--------
nle(id0,id1,dist): 21 23 2.083254035640511
list:
dist: 2.083254035640511 vs. 2.083254035640511
--------
nle(id0,id1,dist): 21 22 1.903425547660097
list:
dist: 1.903425547660097 vs. 1.903425547660097
--------
nle(id0,id1,dist): 22 27 1.4773602180346324
list:
dist: 1.4773602180346324 vs. 1.4773602180346324
--------
nle(id0,id1,dist): 22 29 1.3679253799893172
list:
dist: 1.3679253799893172 vs. 1.3679253799893172
--------
nle(id0,id1,dist): 22 23 2.392126109408418
list:
dist: 2.392126109408418 vs. 2.392126109408418
--------
nle(id0,id1,dist): 22 24 0.9643958700919285
list:
dist: 0.9643958700919285 vs. 0.9643958700919285
--------
nle(id0,id1,dist): 22 25 0.8753476088827769
list:
dist: 0.8753476088827769 vs. 0.8753476088827769
--------
nle(id0,id1,dist): 22 26 1.2616197957175415
list:
dist: 1.2616197957175415 vs. 1.2616197957175415
--------
nle(id0,id1,dist): 19 24 2.2230103120977134
list:
dist: 2.2230103120977134 vs. 2.2230103120977134
--------
nle(id0,id1,dist): 19 25 1.3221086517390872
list:
dist: 1.3221086517390872 vs. 1.3221086517390872
--------
nle(id0,id1,dist): 19 22 1.2868853302517944
list:
dist: 1.2868853302517944 vs. 1.2868853302517944
--------
nle(id0,id1,dist): 19 23 1.9819952295911158
list:
dist: 1.9819952295911158 vs. 1.9819952295911158
--------
nle(id0,id1,dist): 19 20 1.5701932728924244
list:
dist: 1.5701932728924244 vs. 1.5701932728924244
--------
nle(id0,id1,dist): 19 21 1.6792040750564212
list:
dist: 1.6792040750564212 vs. 1.6792040750564212
--------
nle(id0,id1,dist): 19 29 1.8607580685520357
list:
dist: 1.8607580685520357 vs. 1.8607580685520357
--------
nle(id0,id1,dist): 19 26 2.2045070405639593
list:
dist: 2.2045070405639593 vs. 2.2045070405639593
--------
nle(id0,id1,dist): 19 27 1.259634753298583
list:
dist: 1.259634753298583 vs. 1.259634753298583
--------
nle(id0,id1,dist): 20 25 2.2340318259979592
list:
dist: 2.2340318259979592 vs. 2.2340318259979592
--------
nle(id0,id1,dist): 20 27 2.2732640393299794
list:
dist: 2.2732640393299794 vs. 2.2732640393299794
--------
nle(id0,id1,dist): 20 21 1.9277523752035866
list:
dist: 1.9277523752035866 vs. 1.9277523752035866
--------
nle(id0,id1,dist): 20 22 2.6369884046822847
list:
dist: 2.6369884046822847 vs. 2.6369884046822847
--------
nle(id0,id1,dist): 20 23 1.4217000554083872
list:
dist: 1.4217000554083872 vs. 1.4217000554083872
--------
nle(id0,id1,dist): 18 22 3.0721974783791617
list:
dist: 3.0721974783791617 vs. 3.0721974783791617
--------
nle(id0,id1,dist): 18 21 2.5783417442518717
list:
dist: 2.5783417442518717 vs. 2.5783417442518717
--------
nle(id0,id1,dist): 18 20 1.9415895551324698
list:
dist: 1.9415895551324698 vs. 1.9415895551324698
--------
nle(id0,id1,dist): 18 19 2.737805693260963
list:
dist: 2.737805693260963 vs. 2.737805693260963
--------
nle(id0,id1,dist): 17 29 2.1118054076887627
list:
dist: 2.1118054076887627 vs. 2.1118054076887627
--------
nle(id0,id1,dist): 18 23 0.7635134213691231
list:
dist: 0.7635134213691231 vs. 0.7635134213691231
--------
nle(id0,id1,dist): 18 25 2.5782557677955014
list:
dist: 2.5782557677955014 vs. 2.5782557677955014
--------
nle(id0,id1,dist): 18 27 3.352682560057079
list:
dist: 3.352682560057079 vs. 3.352682560057079
--------
nle(id0,id1,dist): 30 42 1.7381979070994389
list:
dist: 1.7381979070994389 vs. 1.7381979070994389
--------
nle(id0,id1,dist): 30 40 2.3159441821404902
list:
dist: 2.3159441821404902 vs. 2.3159441821404902
--------
nle(id0,id1,dist): 30 37 1.8568084909589795
list:
dist: 1.8568084909589795 vs. 1.8568084909589795
--------
nle(id0,id1,dist): 30 35 2.8864977515130152
list:
dist: 2.8864977515130152 vs. 2.8864977515130152
--------
nle(id0,id1,dist): 30 34 2.2404268192350254
list:
dist: 2.2404268192350254 vs. 2.2404268192350254
--------
nle(id0,id1,dist): 30 33 2.538088094853221
list:
dist: 2.538088094853221 vs. 2.538088094853221
--------
nle(id0,id1,dist): 30 32 2.187910096783576
list:
dist: 2.187910096783576 vs. 2.187910096783576
--------
nle(id0,id1,dist): 30 31 0.816951005628463
list:
dist: 0.816951005628463 vs. 0.816951005628463
--------
nle(id0,id1,dist): 30 55 3.4928956269324583
list:
dist: 3.4928956269324583 vs. 3.4928956269324583
--------
nle(id0,id1,dist): 30 49 2.951925603700885
list:
dist: 2.951925603700885 vs. 2.951925603700885
--------
nle(id0,id1,dist): 30 50 2.683861694396613
list:
dist: 2.683861694396613 vs. 2.683861694396613
--------
nle(id0,id1,dist): 30 47 2.3530411035674943
list:
dist: 2.3530411035674943 vs. 2.3530411035674943
--------
nle(id0,id1,dist): 30 48 2.9606080613402215
list:
dist: 2.9606080613402215 vs. 2.9606080613402215
--------
nle(id0,id1,dist): 30 46 2.4721219372460044
list:
dist: 2.4721219372460044 vs. 2.4721219372460044
--------
nle(id0,id1,dist): 30 43 2.459573006199345
list:
dist: 2.459573006199345 vs. 2.459573006199345
--------
nle(id0,id1,dist): 30 44 3.4514273736013332
list:
dist: 3.4514273736013332 vs. 3.4514273736013332
--------
nle(id0,id1,dist): 26 27 1.881038192772006
list:
dist: 1.881038192772006 vs. 1.881038192772006
--------
nle(id0,id1,dist): 26 29 0.7405711171415224
list:
dist: 0.7405711171415224 vs. 0.7405711171415224
--------
nle(id0,id1,dist): 27 29 1.3661125090380621
list:
dist: 1.3661125090380621 vs. 1.3661125090380621
--------
nle(id0,id1,dist): 24 25 1.3545362367990519
list:
dist: 1.3545362367990519 vs. 1.3545362367990519
--------
nle(id0,id1,dist): 24 26 1.0618962389455446
list:
dist: 1.0618962389455446 vs. 1.0618962389455446
--------
nle(id0,id1,dist): 24 27 1.9998460872993054
list:
dist: 1.9998460872993054 vs. 1.9998460872993054
--------
nle(id0,id1,dist): 24 29 1.550303144844435
list:
dist: 1.550303144844435 vs. 1.550303144844435
--------
nle(id0,id1,dist): 25 26 1.8672923498148581
list:
dist: 1.8672923498148581 vs. 1.8672923498148581
--------
nle(id0,id1,dist): 25 27 1.182368483542306
list:
dist: 1.182368483542306 vs. 1.182368483542306
--------
nle(id0,id1,dist): 25 29 1.7986578593089686
list:
dist: 1.7986578593089686 vs. 1.7986578593089686
--------
nle(id0,id1,dist): 62 79 2.9657732278296343
list:
dist: 2.9657732278296343 vs. 2.9657732278296343
--------
nle(id0,id1,dist): 62 80 2.837499660077012
list:
dist: 2.837499660077012 vs. 2.837499660077012
--------
nle(id0,id1,dist): 62 81 1.560126490827457
list:
dist: 1.560126490827457 vs. 1.560126490827457
--------
nle(id0,id1,dist): 62 76 3.0689164282132184
list:
dist: 3.0689164282132184 vs. 3.0689164282132184
--------
nle(id0,id1,dist): 62 77 3.573715830458239
list:
dist: 3.573715830458239 vs. 3.573715830458239
--------
nle(id0,id1,dist): 62 64 1.5022962915276479
list:
dist: 1.5022962915276479 vs. 1.5022962915276479
--------
nle(id0,id1,dist): 62 63 2.3139114234657923
list:
dist: 2.3139114234657923 vs. 2.3139114234657923
--------
nle(id0,id1,dist): 62 66 1.8817403194480533
list:
dist: 1.8817403194480533 vs. 1.8817403194480533
--------
nle(id0,id1,dist): 62 65 1.944648813699322
list:
dist: 1.944648813699322 vs. 1.944648813699322
--------
nle(id0,id1,dist): 62 72 2.2156670956791418
list:
dist: 2.2156670956791418 vs. 2.2156670956791418
--------
nle(id0,id1,dist): 62 71 3.0666988540949993
list:
dist: 3.0666988540949993 vs. 3.0666988540949993
--------
nle(id0,id1,dist): 62 73 2.46883597855638
list:
dist: 2.46883597855638 vs. 2.46883597855638
--------
nle(id0,id1,dist): 62 68 1.6478776553817691
list:
dist: 1.6478776553817691 vs. 1.6478776553817691
--------
nle(id0,id1,dist): 62 67 3.208023391578424
list:
dist: 3.208023391578424 vs. 3.208023391578424
--------
nle(id0,id1,dist): 62 70 1.7577728294113375
list:
dist: 1.7577728294113375 vs. 1.7577728294113375
--------
nle(id0,id1,dist): 61 80 1.9395453631193607
list:
dist: 1.9395453631193607 vs. 1.9395453631193607
--------
nle(id0,id1,dist): 61 81 0.8699791944285352
list:
dist: 0.8699791944285352 vs. 0.8699791944285352
--------
nle(id0,id1,dist): 61 71 2.7356248545181865
list:
dist: 2.7356248545181865 vs. 2.7356248545181865
--------
nle(id0,id1,dist): 61 70 1.49663752561041
list:
dist: 1.49663752561041 vs. 1.49663752561041
--------
nle(id0,id1,dist): 61 68 1.603709152875397
list:
dist: 1.603709152875397 vs. 1.603709152875397
--------
nle(id0,id1,dist): 61 67 2.391359484833982
list:
dist: 2.391359484833982 vs. 2.391359484833982
--------
nle(id0,id1,dist): 61 66 1.6233068826707793
list:
dist: 1.6233068826707793 vs. 1.6233068826707793
--------
nle(id0,id1,dist): 61 65 0.9919675688916221
list:
dist: 0.9919675688916221 vs. 0.9919675688916221
--------
nle(id0,id1,dist): 61 64 1.0028573622639396
list:
dist: 1.0028573622639396 vs. 1.0028573622639396
--------
nle(id0,id1,dist): 61 79 2.249501344798772
list:
dist: 2.249501344798772 vs. 2.249501344798772
--------
nle(id0,id1,dist): 61 77 2.321548680549651
list:
dist: 2.321548680549651 vs. 2.321548680549651
--------
nle(id0,id1,dist): 61 76 2.073320951817623
list:
dist: 2.073320951817623 vs. 2.073320951817623
--------
nle(id0,id1,dist): 61 73 1.2590469390524857
list:
dist: 1.2590469390524857 vs. 1.2590469390524857
--------
nle(id0,id1,dist): 61 72 2.0693668695299836
list:
dist: 2.0693668695299836 vs. 2.0693668695299836
--------
nle(id0,id1,dist): 64 65 1.4027978084097967
list:
dist: 1.4027978084097967 vs. 1.4027978084097967
--------
nle(id0,id1,dist): 64 66 0.6909498473752492
list:
dist: 0.6909498473752492 vs. 0.6909498473752492
--------
nle(id0,id1,dist): 64 67 1.7060383585535492
list:
dist: 1.7060383585535492 vs. 1.7060383585535492
--------
nle(id0,id1,dist): 64 68 1.1487704929444105
list:
dist: 1.1487704929444105 vs. 1.1487704929444105
--------
nle(id0,id1,dist): 64 70 2.267116606525374
list:
dist: 2.267116606525374 vs. 2.267116606525374
--------
nle(id0,id1,dist): 64 71 2.0691901997925655
list:
dist: 2.0691901997925655 vs. 2.0691901997925655
--------
nle(id0,id1,dist): 64 72 1.2139153899677118
list:
dist: 1.2139153899677118 vs. 1.2139153899677118
--------
nle(id0,id1,dist): 64 73 1.5865197802824806
list:
dist: 1.5865197802824806 vs. 1.5865197802824806
--------
nle(id0,id1,dist): 64 76 2.5579820135278912
list:
dist: 2.5579820135278912 vs. 2.5579820135278912
--------
nle(id0,id1,dist): 64 77 2.8214783844927807
list:
dist: 2.8214783844927807 vs. 2.8214783844927807
--------
nle(id0,id1,dist): 64 79 1.6890108540054931
list:
dist: 1.6890108540054931 vs. 1.6890108540054931
--------
nle(id0,id1,dist): 64 80 1.7382759930999871
list:
dist: 1.7382759930999871 vs. 1.7382759930999871
--------
nle(id0,id1,dist): 63 87 3.251444203044382
list:
dist: 3.251444203044382 vs. 3.251444203044382
--------
nle(id0,id1,dist): 63 86 3.4710912708301787
list:
dist: 3.4710912708301787 vs. 3.4710912708301787
--------
nle(id0,id1,dist): 63 88 3.0371210816623946
list:
dist: 3.0371210816623946 vs. 3.0371210816623946
--------
nle(id0,id1,dist): 63 72 0.9909093972706404
list:
dist: 0.9909093972706404 vs. 0.9909093972706404
--------
nle(id0,id1,dist): 63 73 1.8904940825536793
list:
dist: 1.8904940825536793 vs. 1.8904940825536793
--------
nle(id0,id1,dist): 63 71 1.7199180289824016
list:
dist: 1.7199180289824016 vs. 1.7199180289824016
--------
nle(id0,id1,dist): 63 75 2.7431428199272543
list:
dist: 2.7431428199272543 vs. 2.7431428199272543
--------
nle(id0,id1,dist): 63 80 1.6724786648638392
list:
dist: 1.6724786648638392 vs. 1.6724786648638392
--------
nle(id0,id1,dist): 63 81 1.1262278653574054
list:
dist: 1.1262278653574054 vs. 1.1262278653574054
--------
nle(id0,id1,dist): 63 78 3.313690392251265
list:
dist: 3.313690392251265 vs. 3.313690392251265
--------
nle(id0,id1,dist): 63 79 1.289356889156222
list:
dist: 1.289356889156222 vs. 1.289356889156222
--------
nle(id0,id1,dist): 63 84 2.633286790736803
list:
dist: 2.633286790736803 vs. 2.633286790736803
--------
nle(id0,id1,dist): 63 85 2.805106645367751
list:
dist: 2.805106645367751 vs. 2.805106645367751
--------
nle(id0,id1,dist): 63 82 2.879845239713184
list:
dist: 2.879845239713184 vs. 2.879845239713184
--------
nle(id0,id1,dist): 63 65 1.9243877130020515
list:
dist: 1.9243877130020515 vs. 1.9243877130020515
--------
nle(id0,id1,dist): 63 64 0.8649687911073087
list:
dist: 0.8649687911073087 vs. 0.8649687911073087
--------
nle(id0,id1,dist): 63 69 2.327678489191037
list:
dist: 2.327678489191037 vs. 2.327678489191037
--------
nle(id0,id1,dist): 63 68 1.5235604986390872
list:
dist: 1.5235604986390872 vs. 1.5235604986390872
--------
nle(id0,id1,dist): 63 67 0.9794075828251365
list:
dist: 0.9794075828251365 vs. 0.9794075828251365
--------
nle(id0,id1,dist): 63 66 0.6650679740176403
list:
dist: 0.6650679740176403 vs. 0.6650679740176403
--------
nle(id0,id1,dist): 58 59 1.376853376120806
list:
dist: 1.376853376120806 vs. 1.376853376120806
--------
nle(id0,id1,dist): 61 63 1.7848145514577358
list:
dist: 1.7848145514577358 vs. 1.7848145514577358
--------
nle(id0,id1,dist): 61 62 1.3196121326839665
list:
dist: 1.3196121326839665 vs. 1.3196121326839665
--------
nle(id0,id1,dist): 60 86 4.097562996787014
list:
dist: 4.097562996787014 vs. 4.097562996787014
--------
nle(id0,id1,dist): 60 85 2.909676075097644
list:
dist: 2.909676075097644 vs. 2.909676075097644
--------
nle(id0,id1,dist): 60 88 4.191215579798619
list:
dist: 4.191215579798619 vs. 4.191215579798619
--------
nle(id0,id1,dist): 60 87 4.302170030314033
list:
dist: 4.302170030314033 vs. 4.302170030314033
--------
nle(id0,id1,dist): 60 77 3.0503855007803238
list:
dist: 3.0503855007803238 vs. 3.0503855007803238
--------
nle(id0,id1,dist): 60 78 4.253607950148084
list:
dist: 4.253607950148084 vs. 4.253607950148084
--------
nle(id0,id1,dist): 60 79 1.6997739396771199
list:
dist: 1.6997739396771199 vs. 1.6997739396771199
--------
nle(id0,id1,dist): 60 80 1.7452554384045196
list:
dist: 1.7452554384045196 vs. 1.7452554384045196
--------
nle(id0,id1,dist): 60 81 1.0945150785547826
list:
dist: 1.0945150785547826 vs. 1.0945150785547826
--------
nle(id0,id1,dist): 60 82 3.0681751369043155
list:
dist: 3.0681751369043155 vs. 3.0681751369043155
--------
nle(id0,id1,dist): 60 84 3.248796762767503
list:
dist: 3.248796762767503 vs. 3.248796762767503
--------
nle(id0,id1,dist): 60 69 3.461093827847328
list:
dist: 3.461093827847328 vs. 3.461093827847328
--------
nle(id0,id1,dist): 60 70 2.068891552442329
list:
dist: 2.068891552442329 vs. 2.068891552442329
--------
nle(id0,id1,dist): 60 71 1.80800914188541
list:
dist: 1.80800914188541 vs. 1.80800914188541
--------
nle(id0,id1,dist): 60 72 0.9652672289892217
list:
dist: 0.9652672289892217 vs. 0.9652672289892217
--------
nle(id0,id1,dist): 60 73 1.7888495227208625
list:
dist: 1.7888495227208625 vs. 1.7888495227208625
--------
nle(id0,id1,dist): 60 75 3.66966621463261
list:
dist: 3.66966621463261 vs. 3.66966621463261
--------
nle(id0,id1,dist): 60 76 2.539980311741877
list:
dist: 2.539980311741877 vs. 2.539980311741877
--------
nle(id0,id1,dist): 60 64 0.6341877645930468
list:
dist: 0.6341877645930468 vs. 0.6341877645930468
--------
nle(id0,id1,dist): 60 63 1.205281180862843
list:
dist: 1.205281180862843 vs. 1.205281180862843
--------
nle(id0,id1,dist): 60 62 1.3077832696674665
list:
dist: 1.3077832696674665 vs. 1.3077832696674665
--------
nle(id0,id1,dist): 60 61 1.224361422744843
list:
dist: 1.224361422744843 vs. 1.224361422744843
--------
nle(id0,id1,dist): 60 68 1.566480241760714
list:
dist: 1.566480241760714 vs. 1.566480241760714
--------
nle(id0,id1,dist): 60 67 2.0856790730871992
list:
dist: 2.0856790730871992 vs. 2.0856790730871992
--------
nle(id0,id1,dist): 60 66 1.0900371088325949
list:
dist: 1.0900371088325949 vs. 1.0900371088325949
--------
nle(id0,id1,dist): 60 65 1.3729187492059292
list:
dist: 1.3729187492059292 vs. 1.3729187492059292
--------
nle(id0,id1,dist): 69 78 1.7308836997629236
list:
dist: 1.7308836997629236 vs. 1.7308836997629236
--------
nle(id0,id1,dist): 69 79 2.287853451988516
list:
dist: 2.287853451988516 vs. 2.287853451988516
--------
nle(id0,id1,dist): 69 74 3.7090173364507626
list:
dist: 3.7090173364507626 vs. 3.7090173364507626
--------
nle(id0,id1,dist): 69 75 1.2291799829375523
list:
dist: 1.2291799829375523 vs. 1.2291799829375523
--------
nle(id0,id1,dist): 69 72 2.7956720844546004
list:
dist: 2.7956720844546004 vs. 2.7956720844546004
--------
nle(id0,id1,dist): 69 73 3.4315326954192678
list:
dist: 3.4315326954192678 vs. 3.4315326954192678
--------
nle(id0,id1,dist): 69 86 2.7420195284540196
list:
dist: 2.7420195284540196 vs. 2.7420195284540196
--------
nle(id0,id1,dist): 69 87 1.293751418815
list:
dist: 1.293751418815 vs. 1.293751418815
--------
nle(id0,id1,dist): 69 84 1.9430516006247385
list:
dist: 1.9430516006247385 vs. 1.9430516006247385
--------
nle(id0,id1,dist): 69 85 3.447784373769195
list:
dist: 3.447784373769195 vs. 3.447784373769195
--------
nle(id0,id1,dist): 69 82 3.225563346929403
list:
dist: 3.225563346929403 vs. 3.225563346929403
--------
nle(id0,id1,dist): 69 83 3.304432922401805
list:
dist: 3.304432922401805 vs. 3.304432922401805
--------
nle(id0,id1,dist): 69 80 2.8703030495339257
list:
dist: 2.8703030495339257 vs. 2.8703030495339257
--------
nle(id0,id1,dist): 68 73 2.518396749978229
list:
dist: 2.518396749978229 vs. 2.518396749978229
--------
nle(id0,id1,dist): 68 76 3.5503241160081838
list:
dist: 3.5503241160081838 vs. 3.5503241160081838
--------
nle(id0,id1,dist): 68 70 2.955162803654405
list:
dist: 2.955162803654405 vs. 2.955162803654405
--------
nle(id0,id1,dist): 68 72 2.0618634907691593
list:
dist: 2.0618634907691593 vs. 2.0618634907691593
--------
nle(id0,id1,dist): 68 71 3.053705650863427
list:
dist: 3.053705650863427 vs. 3.053705650863427
--------
nle(id0,id1,dist): 68 81 0.908441194953659
list:
dist: 0.908441194953659 vs. 0.908441194953659
--------
nle(id0,id1,dist): 68 77 3.6199661213360725
list:
dist: 3.6199661213360725 vs. 3.6199661213360725
--------
nle(id0,id1,dist): 68 79 2.7148013557794792
list:
dist: 2.7148013557794792 vs. 2.7148013557794792
--------
nle(id0,id1,dist): 68 80 2.8420640491396876
list:
dist: 2.8420640491396876 vs. 2.8420640491396876
--------
nle(id0,id1,dist): 71 72 1.049177215335746
list:
dist: 1.049177215335746 vs. 1.049177215335746
--------
nle(id0,id1,dist): 71 73 2.3867933507391412
list:
dist: 2.3867933507391412 vs. 2.3867933507391412
--------
nle(id0,id1,dist): 71 75 2.5495008854359957
list:
dist: 2.5495008854359957 vs. 2.5495008854359957
--------
nle(id0,id1,dist): 69 89 2.68921675542038
list:
dist: 2.68921675542038 vs. 2.68921675542038
--------
nle(id0,id1,dist): 69 88 1.1242104095319043
list:
dist: 1.1242104095319043 vs. 1.1242104095319043
--------
nle(id0,id1,dist): 69 96 4.684502405751672
list:
dist: 4.684502405751672 vs. 4.684502405751672
--------
nle(id0,id1,dist): 70 73 1.9121615977938202
list:
dist: 1.9121615977938202 vs. 1.9121615977938202
--------
nle(id0,id1,dist): 70 76 1.8228799845662058
list:
dist: 1.8228799845662058 vs. 1.8228799845662058
--------
nle(id0,id1,dist): 70 77 2.564105550885515
list:
dist: 2.564105550885515 vs. 2.564105550885515
--------
nle(id0,id1,dist): 69 114 4.502288911156197
list:
dist: 4.502288911156197 vs. 4.502288911156197
--------
nle(id0,id1,dist): 70 79 3.005953169992619
list:
dist: 3.005953169992619 vs. 3.005953169992619
--------
nle(id0,id1,dist): 70 80 2.479104785865649
list:
dist: 2.479104785865649 vs. 2.479104785865649
--------
nle(id0,id1,dist): 70 81 2.3275566223710267
list:
dist: 2.3275566223710267 vs. 2.3275566223710267
--------
nle(id0,id1,dist): 65 88 4.268534639568565
list:
dist: 4.268534639568565 vs. 4.268534639568565
--------
nle(id0,id1,dist): 65 86 3.4675348059861864
list:
dist: 3.4675348059861864 vs. 3.4675348059861864
--------
nle(id0,id1,dist): 65 87 4.246909247758767
list:
dist: 4.246909247758767 vs. 4.246909247758767
--------
nle(id0,id1,dist): 65 84 3.409728918036537
list:
dist: 3.409728918036537 vs. 3.409728918036537
--------
nle(id0,id1,dist): 65 85 1.8836668001748225
list:
dist: 1.8836668001748225 vs. 1.8836668001748225
--------
nle(id0,id1,dist): 65 82 2.2517475883118414
list:
dist: 2.2517475883118414 vs. 2.2517475883118414
--------
nle(id0,id1,dist): 65 80 1.1997682251136625
list:
dist: 1.1997682251136625 vs. 1.1997682251136625
--------
nle(id0,id1,dist): 65 81 1.548670008018128
list:
dist: 1.548670008018128 vs. 1.548670008018128
--------
nle(id0,id1,dist): 65 78 4.010531657754089
list:
dist: 4.010531657754089 vs. 4.010531657754089
--------
nle(id0,id1,dist): 65 79 1.7422322429383352
list:
dist: 1.7422322429383352 vs. 1.7422322429383352
--------
nle(id0,id1,dist): 65 76 1.2091781244883477
list:
dist: 1.2091781244883477 vs. 1.2091781244883477
--------
nle(id0,id1,dist): 65 77 1.8035466878145543
list:
dist: 1.8035466878145543 vs. 1.8035466878145543
--------
nle(id0,id1,dist): 66 68 0.9037702854209341
list:
dist: 0.9037702854209341 vs. 0.9037702854209341
--------
nle(id0,id1,dist): 66 67 1.562924696017428
list:
dist: 1.562924696017428 vs. 1.562924696017428
--------
nle(id0,id1,dist): 64 81 0.5088157017768438
list:
dist: 0.5088157017768438 vs. 0.5088157017768438
--------
nle(id0,id1,dist): 65 73 0.7103625488170106
list:
dist: 0.7103625488170106 vs. 0.7103625488170106
--------
nle(id0,id1,dist): 65 72 1.9530986156278627
list:
dist: 1.9530986156278627 vs. 1.9530986156278627
--------
nle(id0,id1,dist): 65 75 3.61946677602644
list:
dist: 3.61946677602644 vs. 3.61946677602644
--------
nle(id0,id1,dist): 65 69 3.7896928547291724
list:
dist: 3.7896928547291724 vs. 3.7896928547291724
--------
nle(id0,id1,dist): 65 68 2.406773371626925
list:
dist: 2.406773371626925 vs. 2.406773371626925
--------
nle(id0,id1,dist): 65 71 2.2320530654826336
list:
dist: 2.2320530654826336 vs. 2.2320530654826336
--------
nle(id0,id1,dist): 65 70 1.3406538767739835
list:
dist: 1.3406538767739835 vs. 1.3406538767739835
--------
nle(id0,id1,dist): 65 67 2.3322240473832534
list:
dist: 2.3322240473832534 vs. 2.3322240473832534
--------
nle(id0,id1,dist): 65 66 2.0730920656884733
list:
dist: 2.0730920656884733 vs. 2.0730920656884733
--------
nle(id0,id1,dist): 67 75 1.8899581051878616
list:
dist: 1.8899581051878616 vs. 1.8899581051878616
--------
nle(id0,id1,dist): 67 80 1.6717843993243044
list:
dist: 1.6717843993243044 vs. 1.6717843993243044
--------
nle(id0,id1,dist): 67 81 1.8173718315122693
list:
dist: 1.8173718315122693 vs. 1.8173718315122693
--------
nle(id0,id1,dist): 67 78 2.3765627503179916
list:
dist: 2.3765627503179916 vs. 2.3765627503179916
--------
nle(id0,id1,dist): 67 79 1.239478357508717
list:
dist: 1.239478357508717 vs. 1.239478357508717
--------
nle(id0,id1,dist): 67 68 2.285117040031912
list:
dist: 2.285117040031912 vs. 2.285117040031912
--------
nle(id0,id1,dist): 67 69 1.5376963850274432
list:
dist: 1.5376963850274432 vs. 1.5376963850274432
--------
nle(id0,id1,dist): 67 72 1.715850026669404
list:
dist: 1.715850026669404 vs. 1.715850026669404
--------
nle(id0,id1,dist): 67 73 2.005626797511527
list:
dist: 2.005626797511527 vs. 2.005626797511527
--------
nle(id0,id1,dist): 67 71 1.952297569010072
list:
dist: 1.952297569010072 vs. 1.952297569010072
--------
nle(id0,id1,dist): 67 85 2.507315520105999
list:
dist: 2.507315520105999 vs. 2.507315520105999
--------
nle(id0,id1,dist): 67 84 2.200965124592082
list:
dist: 2.200965124592082 vs. 2.200965124592082
--------
nle(id0,id1,dist): 67 82 2.512024453324518
list:
dist: 2.512024453324518 vs. 2.512024453324518
--------
nle(id0,id1,dist): 67 88 2.107993981503497
list:
dist: 2.107993981503497 vs. 2.107993981503497
--------
nle(id0,id1,dist): 67 87 2.3040454085058224
list:
dist: 2.3040454085058224 vs. 2.3040454085058224
--------
nle(id0,id1,dist): 67 86 2.6986337405568905
list:
dist: 2.6986337405568905 vs. 2.6986337405568905
--------
nle(id0,id1,dist): 66 79 1.8933953234983298
list:
dist: 1.8933953234983298 vs. 1.8933953234983298
--------
nle(id0,id1,dist): 66 80 2.169002340482036
list:
dist: 2.169002340482036 vs. 2.169002340482036
--------
nle(id0,id1,dist): 66 81 0.8405779025285585
list:
dist: 0.8405779025285585 vs. 0.8405779025285585
--------
nle(id0,id1,dist): 66 71 2.195921206701938
list:
dist: 2.195921206701938 vs. 2.195921206701938
--------
nle(id0,id1,dist): 66 72 1.240099123340089
list:
dist: 1.240099123340089 vs. 1.240099123340089
--------
nle(id0,id1,dist): 66 73 2.158708120253747
list:
dist: 2.158708120253747 vs. 2.158708120253747
--------
nle(id0,id1,dist): 48 52 2.4463975469662382
list:
dist: 2.4463975469662382 vs. 2.4463975469662382
--------
nle(id0,id1,dist): 48 49 1.1592942828071346
list:
dist: 1.1592942828071346 vs. 1.1592942828071346
--------
nle(id0,id1,dist): 48 50 1.8593732537851941
list:
dist: 1.8593732537851941 vs. 1.8593732537851941
--------
nle(id0,id1,dist): 48 55 0.9193225984591649
list:
dist: 0.9193225984591649 vs. 0.9193225984591649
--------
nle(id0,id1,dist): 48 56 3.3089032864455166
list:
dist: 3.3089032864455166 vs. 3.3089032864455166
--------
nle(id0,id1,dist): 48 54 2.674971022142931
list:
dist: 2.674971022142931 vs. 2.674971022142931
--------
nle(id0,id1,dist): 48 59 2.4230707673403438
list:
dist: 2.4230707673403438 vs. 2.4230707673403438
--------
nle(id0,id1,dist): 48 57 2.2002035076950146
list:
dist: 2.2002035076950146 vs. 2.2002035076950146
--------
nle(id0,id1,dist): 48 58 1.7463000386323833
list:
dist: 1.7463000386323833 vs. 1.7463000386323833
--------
nle(id0,id1,dist): 49 50 1.6831842873799234
list:
dist: 1.6831842873799234 vs. 1.6831842873799234
--------
nle(id0,id1,dist): 49 52 2.8255512064221064
list:
dist: 2.8255512064221064 vs. 2.8255512064221064
--------
nle(id0,id1,dist): 49 54 2.200588844527033
list:
dist: 2.200588844527033 vs. 2.200588844527033
--------
nle(id0,id1,dist): 49 55 1.798475387166021
list:
dist: 1.798475387166021 vs. 1.798475387166021
--------
nle(id0,id1,dist): 49 56 3.357808114517265
list:
dist: 3.357808114517265 vs. 3.357808114517265
--------
nle(id0,id1,dist): 49 57 2.3349835432948827
list:
dist: 2.3349835432948827 vs. 2.3349835432948827
--------
nle(id0,id1,dist): 49 58 2.2074580350063426
list:
dist: 2.2074580350063426 vs. 2.2074580350063426
--------
nle(id0,id1,dist): 49 59 2.2689961100659084
list:
dist: 2.2689961100659084 vs. 2.2689961100659084
--------
nle(id0,id1,dist): 50 54 1.2852882193773378
list:
dist: 1.2852882193773378 vs. 1.2852882193773378
--------
nle(id0,id1,dist): 50 51 2.0257316242492265
list:
dist: 2.0257316242492265 vs. 2.0257316242492265
--------
nle(id0,id1,dist): 50 52 1.5846186276891066
list:
dist: 1.5846186276891066 vs. 1.5846186276891066
--------
nle(id0,id1,dist): 50 59 1.3635155533286178
list:
dist: 1.3635155533286178 vs. 1.3635155533286178
--------
nle(id0,id1,dist): 50 56 1.9877065747663984
list:
dist: 1.9877065747663984 vs. 1.9877065747663984
--------
nle(id0,id1,dist): 50 55 1.8417523548609913
list:
dist: 1.8417523548609913 vs. 1.8417523548609913
--------
nle(id0,id1,dist): 50 58 1.907056332989459
list:
dist: 1.907056332989459 vs. 1.907056332989459
--------
nle(id0,id1,dist): 50 57 1.5077860468641833
list:
dist: 1.5077860468641833 vs. 1.5077860468641833
--------
nle(id0,id1,dist): 44 55 2.97788919968072
list:
dist: 2.97788919968072 vs. 2.97788919968072
--------
nle(id0,id1,dist): 44 56 2.002976653273555
list:
dist: 2.002976653273555 vs. 2.002976653273555
--------
nle(id0,id1,dist): 44 54 0.8366133794925756
list:
dist: 0.8366133794925756 vs. 0.8366133794925756
--------
nle(id0,id1,dist): 44 59 1.5196290242659416
list:
dist: 1.5196290242659416 vs. 1.5196290242659416
--------
nle(id0,id1,dist): 44 57 2.0315125384902655
list:
dist: 2.0315125384902655 vs. 2.0315125384902655
--------
nle(id0,id1,dist): 44 58 2.725860999389198
list:
dist: 2.725860999389198 vs. 2.725860999389198
--------
nle(id0,id1,dist): 45 72 3.3932550657560983
list:
dist: 3.3932550657560983 vs. 3.3932550657560983
--------
nle(id0,id1,dist): 45 67 4.549268201735369
list:
dist: 4.549268201735369 vs. 4.549268201735369
--------
nle(id0,id1,dist): 45 66 3.4482648062706533
list:
dist: 3.4482648062706533 vs. 3.4482648062706533
--------
nle(id0,id1,dist): 45 71 4.076187063624424
list:
dist: 4.076187063624424 vs. 4.076187063624424
--------
nle(id0,id1,dist): 45 63 3.791597865377032
list:
dist: 3.791597865377032 vs. 3.791597865377032
--------
nle(id0,id1,dist): 45 53 3.0920847917987917
list:
dist: 3.0920847917987917 vs. 3.0920847917987917
--------
nle(id0,id1,dist): 46 59 1.7877414584016247
list:
dist: 1.7877414584016247 vs. 1.7877414584016247
--------
nle(id0,id1,dist): 46 57 1.94297443166687
list:
dist: 1.94297443166687 vs. 1.94297443166687
--------
nle(id0,id1,dist): 46 58 2.1339098911541137
list:
dist: 2.1339098911541137 vs. 2.1339098911541137
--------
nle(id0,id1,dist): 46 55 1.8621356040426686
list:
dist: 1.8621356040426686 vs. 1.8621356040426686
--------
nle(id0,id1,dist): 46 56 2.657952471136253
list:
dist: 2.657952471136253 vs. 2.657952471136253
--------
nle(id0,id1,dist): 46 54 1.6074419161418583
list:
dist: 1.6074419161418583 vs. 1.6074419161418583
--------
nle(id0,id1,dist): 46 51 2.562020199009662
list:
dist: 2.562020199009662 vs. 2.562020199009662
--------
nle(id0,id1,dist): 46 52 2.211189661504305
list:
dist: 2.211189661504305 vs. 2.211189661504305
--------
nle(id0,id1,dist): 46 49 1.0311949963415048
list:
dist: 1.0311949963415048 vs. 1.0311949963415048
--------
nle(id0,id1,dist): 46 50 0.743238223572507
list:
dist: 0.743238223572507 vs. 0.743238223572507
--------
nle(id0,id1,dist): 46 47 1.6091805384029532
list:
dist: 1.6091805384029532 vs. 1.6091805384029532
--------
nle(id0,id1,dist): 46 48 1.52919265637095
list:
dist: 1.52919265637095 vs. 1.52919265637095
--------
nle(id0,id1,dist): 47 59 2.3483123398540813
list:
dist: 2.3483123398540813 vs. 2.3483123398540813
--------
nle(id0,id1,dist): 47 58 1.9930508240993865
list:
dist: 1.9930508240993865 vs. 1.9930508240993865
--------
nle(id0,id1,dist): 47 55 1.3847690316916916
list:
dist: 1.3847690316916916 vs. 1.3847690316916916
--------
nle(id0,id1,dist): 47 57 2.1013114664797903
list:
dist: 2.1013114664797903 vs. 2.1013114664797903
--------
nle(id0,id1,dist): 47 56 2.7185662576191962
list:
dist: 2.7185662576191962 vs. 2.7185662576191962
--------
nle(id0,id1,dist): 47 50 1.4249688854686824
list:
dist: 1.4249688854686824 vs. 1.4249688854686824
--------
nle(id0,id1,dist): 47 52 1.7497424134923047
list:
dist: 1.7497424134923047 vs. 1.7497424134923047
--------
nle(id0,id1,dist): 47 48 1.4556506549707142
list:
dist: 1.4556506549707142 vs. 1.4556506549707142
--------
nle(id0,id1,dist): 47 49 2.110152350523641
list:
dist: 2.110152350523641 vs. 2.110152350523641
--------
nle(id0,id1,dist): 55 56 2.720176116435506
list:
dist: 2.720176116435506 vs. 2.720176116435506
--------
nle(id0,id1,dist): 55 57 1.5936016686337904
list:
dist: 1.5936016686337904 vs. 1.5936016686337904
--------
nle(id0,id1,dist): 55 58 0.9698691567471418
list:
dist: 0.9698691567471418 vs. 0.9698691567471418
--------
nle(id0,id1,dist): 55 59 2.003620878008111
list:
dist: 2.003620878008111 vs. 2.003620878008111
--------
nle(id0,id1,dist): 56 58 2.0649858960469842
list:
dist: 2.0649858960469842 vs. 2.0649858960469842
--------
nle(id0,id1,dist): 56 57 1.2829635362242828
list:
dist: 1.2829635362242828 vs. 1.2829635362242828
--------
nle(id0,id1,dist): 56 59 1.2262986263964675
list:
dist: 1.2262986263964675 vs. 1.2262986263964675
--------
nle(id0,id1,dist): 57 59 0.5951288927983195
list:
dist: 0.5951288927983195 vs. 0.5951288927983195
--------
nle(id0,id1,dist): 57 58 0.8622467447540361
list:
dist: 0.8622467447540361 vs. 0.8622467447540361
--------
nle(id0,id1,dist): 51 59 1.6399204520907968
list:
dist: 1.6399204520907968 vs. 1.6399204520907968
--------
nle(id0,id1,dist): 51 52 2.231167733615413
list:
dist: 2.231167733615413 vs. 2.231167733615413
--------
nle(id0,id1,dist): 51 54 1.2686038496957879
list:
dist: 1.2686038496957879 vs. 1.2686038496957879
--------
nle(id0,id1,dist): 51 56 1.4029523919349405
list:
dist: 1.4029523919349405 vs. 1.4029523919349405
--------
nle(id0,id1,dist): 51 57 2.1102134746475074
list:
dist: 2.1102134746475074 vs. 2.1102134746475074
--------
nle(id0,id1,dist): 52 55 1.7709446258556374
list:
dist: 1.7709446258556374 vs. 1.7709446258556374
--------
nle(id0,id1,dist): 52 56 1.1293741623253648
list:
dist: 1.1293741623253648 vs. 1.1293741623253648
--------
nle(id0,id1,dist): 52 54 1.8926483491958093
list:
dist: 1.8926483491958093 vs. 1.8926483491958093
--------
nle(id0,id1,dist): 52 59 1.3196664698483809
list:
dist: 1.3196664698483809 vs. 1.3196664698483809
--------
nle(id0,id1,dist): 52 57 0.9564347269217395
list:
dist: 0.9564347269217395 vs. 0.9564347269217395
--------
nle(id0,id1,dist): 52 58 1.3607889190638
list:
dist: 1.3607889190638 vs. 1.3607889190638
--------
nle(id0,id1,dist): 51 127 4.779464929090642
list:
dist: 4.779464929090642 vs. 4.779464929090642
--------
nle(id0,id1,dist): 53 54 3.6533457729756624
list:
dist: 3.6533457729756624 vs. 3.6533457729756624
--------
nle(id0,id1,dist): 53 71 3.0417482490383962
list:
dist: 3.0417482490383962 vs. 3.0417482490383962
--------
nle(id0,id1,dist): 54 59 0.7651437711131496
list:
dist: 0.7651437711131496 vs. 0.7651437711131496
--------
nle(id0,id1,dist): 54 58 2.05005620790358
list:
dist: 2.05005620790358 vs. 2.05005620790358
--------
nle(id0,id1,dist): 54 57 1.3389530004124421
list:
dist: 1.3389530004124421 vs. 1.3389530004124421
--------
nle(id0,id1,dist): 54 56 1.5987948371638103
list:
dist: 1.5987948371638103 vs. 1.5987948371638103
--------
nle(id0,id1,dist): 54 55 2.4939867902628894
list:
dist: 2.4939867902628894 vs. 2.4939867902628894
--------
nle(id0,id1,dist): 93 114 2.579053886302223
list:
dist: 2.579053886302223 vs. 2.579053886302223
--------
nle(id0,id1,dist): 93 116 2.56448772889911
list:
dist: 2.56448772889911 vs. 2.56448772889911
--------
nle(id0,id1,dist): 93 119 2.290826324042848
list:
dist: 2.290826324042848 vs. 2.290826324042848
--------
nle(id0,id1,dist): 93 97 2.062441458568397
list:
dist: 2.062441458568397 vs. 2.062441458568397
--------
nle(id0,id1,dist): 93 96 1.6208718968660722
list:
dist: 1.6208718968660722 vs. 1.6208718968660722
--------
nle(id0,id1,dist): 93 99 2.2748128370556837
list:
dist: 2.2748128370556837 vs. 2.2748128370556837
--------
nle(id0,id1,dist): 93 98 2.921911045421814
list:
dist: 2.921911045421814 vs. 2.921911045421814
--------
nle(id0,id1,dist): 93 103 2.393317591775307
list:
dist: 2.393317591775307 vs. 2.393317591775307
--------
nle(id0,id1,dist): 93 105 1.882633419676232
list:
dist: 1.882633419676232 vs. 1.882633419676232
--------
nle(id0,id1,dist): 93 104 2.51470740660836
list:
dist: 2.51470740660836 vs. 2.51470740660836
--------
nle(id0,id1,dist): 93 107 1.6556419727881588
list:
dist: 1.6556419727881588 vs. 1.6556419727881588
--------
nle(id0,id1,dist): 93 106 2.355838127673099
list:
dist: 2.355838127673099 vs. 2.355838127673099
--------
nle(id0,id1,dist): 93 109 2.6873346013008135
list:
dist: 2.6873346013008135 vs. 2.6873346013008135
--------
nle(id0,id1,dist): 93 108 1.1783786230670767
list:
dist: 1.1783786230670767 vs. 1.1783786230670767
--------
nle(id0,id1,dist): 93 110 2.2632890965222794
list:
dist: 2.2632890965222794 vs. 2.2632890965222794
--------
nle(id0,id1,dist): 94 109 2.0960166286989397
list:
dist: 2.0960166286989397 vs. 2.0960166286989397
--------
nle(id0,id1,dist): 94 107 2.975011868371125
list:
dist: 2.975011868371125 vs. 2.975011868371125
--------
nle(id0,id1,dist): 94 108 3.2389429124655758
list:
dist: 3.2389429124655758 vs. 3.2389429124655758
--------
nle(id0,id1,dist): 94 98 1.2623284299831905
list:
dist: 1.2623284299831905 vs. 1.2623284299831905
--------
nle(id0,id1,dist): 94 97 2.2933469431839226
list:
dist: 2.2933469431839226 vs. 2.2933469431839226
--------
nle(id0,id1,dist): 94 96 2.508504804301096
list:
dist: 2.508504804301096 vs. 2.508504804301096
--------
nle(id0,id1,dist): 94 102 2.705547018376898
list:
dist: 2.705547018376898 vs. 2.705547018376898
--------
nle(id0,id1,dist): 94 101 1.7152941826553694
list:
dist: 1.7152941826553694 vs. 1.7152941826553694
--------
nle(id0,id1,dist): 94 100 1.3798650250905833
list:
dist: 1.3798650250905833 vs. 1.3798650250905833
--------
nle(id0,id1,dist): 94 105 2.8353633951142068
list:
dist: 2.8353633951142068 vs. 2.8353633951142068
--------
nle(id0,id1,dist): 94 104 2.192026082602789
list:
dist: 2.192026082602789 vs. 2.192026082602789
--------
nle(id0,id1,dist): 94 103 1.618019774041941
list:
dist: 1.618019774041941 vs. 1.618019774041941
--------
nle(id0,id1,dist): 92 97 0.9328151959654065
list:
dist: 0.9328151959654065 vs. 0.9328151959654065
--------
nle(id0,id1,dist): 92 98 0.4209994748639107
list:
dist: 0.4209994748639107 vs. 0.4209994748639107
--------
nle(id0,id1,dist): 92 99 2.7454321521861167
list:
dist: 2.7454321521861167 vs. 2.7454321521861167
--------
nle(id0,id1,dist): 92 100 1.0237915377117266
list:
dist: 1.0237915377117266 vs. 1.0237915377117266
--------
nle(id0,id1,dist): 92 93 2.729919101080268
list:
dist: 2.729919101080268 vs. 2.729919101080268
--------
nle(id0,id1,dist): 92 94 1.512278758381959
list:
dist: 1.512278758381959 vs. 1.512278758381959
--------
nle(id0,id1,dist): 92 95 1.2119076008370515
list:
dist: 1.2119076008370515 vs. 1.2119076008370515
--------
nle(id0,id1,dist): 92 96 1.3991794033218654
list:
dist: 1.3991794033218654 vs. 1.3991794033218654
--------
nle(id0,id1,dist): 91 110 3.1835833480811173
list:
dist: 3.1835833480811173 vs. 3.1835833480811173
--------
nle(id0,id1,dist): 91 107 2.595179719492571
list:
dist: 2.595179719492571 vs. 2.595179719492571
--------
nle(id0,id1,dist): 91 106 2.1690829821959774
list:
dist: 2.1690829821959774 vs. 2.1690829821959774
--------
nle(id0,id1,dist): 91 109 1.2832652607501045
list:
dist: 1.2832652607501045 vs. 1.2832652607501045
--------
nle(id0,id1,dist): 92 119 3.6503957264291773
list:
dist: 3.6503957264291773 vs. 3.6503957264291773
--------
nle(id0,id1,dist): 93 94 3.4367492099099564
list:
dist: 3.4367492099099564 vs. 3.4367492099099564
--------
nle(id0,id1,dist): 93 95 2.87191006330456
list:
dist: 2.87191006330456 vs. 2.87191006330456
--------
nle(id0,id1,dist): 92 108 2.2264302634621145
list:
dist: 2.2264302634621145 vs. 2.2264302634621145
--------
nle(id0,id1,dist): 92 107 1.9896903360663654
list:
dist: 1.9896903360663654 vs. 1.9896903360663654
--------
nle(id0,id1,dist): 92 106 1.0337736197578558
list:
dist: 1.0337736197578558 vs. 1.0337736197578558
--------
nle(id0,id1,dist): 92 105 1.911028695155106
list:
dist: 1.911028695155106 vs. 1.911028695155106
--------
nle(id0,id1,dist): 92 104 1.455259621341882
list:
dist: 1.455259621341882 vs. 1.455259621341882
--------
nle(id0,id1,dist): 92 103 1.175108674372023
list:
dist: 1.175108674372023 vs. 1.175108674372023
--------
nle(id0,id1,dist): 92 102 2.9594326432492886
list:
dist: 2.9594326432492886 vs. 2.9594326432492886
--------
nle(id0,id1,dist): 92 101 0.9402650541990752
list:
dist: 0.9402650541990752 vs. 0.9402650541990752
--------
nle(id0,id1,dist): 92 116 3.778330474649365
list:
dist: 3.778330474649365 vs. 3.778330474649365
--------
nle(id0,id1,dist): 92 114 3.0926013525048224
list:
dist: 3.0926013525048224 vs. 3.0926013525048224
--------
nle(id0,id1,dist): 92 110 2.4294740295187363
list:
dist: 2.4294740295187363 vs. 2.4294740295187363
--------
nle(id0,id1,dist): 92 109 1.1622836524509053
list:
dist: 1.1622836524509053 vs. 1.1622836524509053
--------
nle(id0,id1,dist): 97 101 1.7016867407015268
list:
dist: 1.7016867407015268 vs. 1.7016867407015268
--------
nle(id0,id1,dist): 97 100 1.7147447333945982
list:
dist: 1.7147447333945982 vs. 1.7147447333945982
--------
nle(id0,id1,dist): 97 103 1.2568822481373465
list:
dist: 1.2568822481373465 vs. 1.2568822481373465
--------
nle(id0,id1,dist): 97 102 3.426952817662376
list:
dist: 3.426952817662376 vs. 3.426952817662376
--------
nle(id0,id1,dist): 97 105 1.2569149492396352
list:
dist: 1.2569149492396352 vs. 1.2569149492396352
--------
nle(id0,id1,dist): 97 104 1.2624084709202517
list:
dist: 1.2624084709202517 vs. 1.2624084709202517
--------
nle(id0,id1,dist): 97 107 1.2347584801731415
list:
dist: 1.2347584801731415 vs. 1.2347584801731415
--------
nle(id0,id1,dist): 97 106 0.40357746894965074
list:
dist: 0.40357746894965074 vs. 0.40357746894965074
--------
nle(id0,id1,dist): 97 99 2.0226584713706135
list:
dist: 2.0226584713706135 vs. 2.0226584713706135
--------
nle(id0,id1,dist): 97 98 1.2952446957969384
list:
dist: 1.2952446957969384 vs. 1.2952446957969384
--------
nle(id0,id1,dist): 96 114 2.1240686976744727
list:
dist: 2.1240686976744727 vs. 2.1240686976744727
--------
nle(id0,id1,dist): 96 116 2.923706792873258
list:
dist: 2.923706792873258 vs. 2.923706792873258
--------
nle(id0,id1,dist): 96 119 2.8610910522742783
list:
dist: 2.8610910522742783 vs. 2.8610910522742783
--------
nle(id0,id1,dist): 98 102 3.068701159052865
list:
dist: 3.068701159052865 vs. 3.068701159052865
--------
nle(id0,id1,dist): 98 101 0.9594563051711773
list:
dist: 0.9594563051711773 vs. 0.9594563051711773
--------
nle(id0,id1,dist): 98 100 1.1252893812865294
list:
dist: 1.1252893812865294 vs. 1.1252893812865294
--------
nle(id0,id1,dist): 98 99 3.137912157500967
list:
dist: 3.137912157500967 vs. 3.137912157500967
--------
nle(id0,id1,dist): 97 119 2.7335136920913863
list:
dist: 2.7335136920913863 vs. 2.7335136920913863
--------
nle(id0,id1,dist): 97 116 2.8519153645439457
list:
dist: 2.8519153645439457 vs. 2.8519153645439457
--------
nle(id0,id1,dist): 97 110 1.5480520677316993
list:
dist: 1.5480520677316993 vs. 1.5480520677316993
--------
nle(id0,id1,dist): 97 108 1.3829739020922793
list:
dist: 1.3829739020922793 vs. 1.3829739020922793
--------
nle(id0,id1,dist): 97 109 1.0757117903288786
list:
dist: 1.0757117903288786 vs. 1.0757117903288786
--------
nle(id0,id1,dist): 97 114 2.296204575290526
list:
dist: 2.296204575290526 vs. 2.296204575290526
--------
nle(id0,id1,dist): 95 115 2.6308545750889363
list:
dist: 2.6308545750889363 vs. 2.6308545750889363
--------
nle(id0,id1,dist): 95 114 2.1713558601922958
list:
dist: 2.1713558601922958 vs. 2.1713558601922958
--------
nle(id0,id1,dist): 95 117 3.1305854544140774
list:
dist: 3.1305854544140774 vs. 3.1305854544140774
--------
nle(id0,id1,dist): 95 116 3.0873826707733234
list:
dist: 3.0873826707733234 vs. 3.0873826707733234
--------
nle(id0,id1,dist): 95 111 1.8393188672747827
list:
dist: 1.8393188672747827 vs. 1.8393188672747827
--------
nle(id0,id1,dist): 95 110 1.7432266374625927
list:
dist: 1.7432266374625927 vs. 1.7432266374625927
--------
nle(id0,id1,dist): 95 113 2.494176758083827
list:
dist: 2.494176758083827 vs. 2.494176758083827
--------
nle(id0,id1,dist): 95 112 3.564018660800889
list:
dist: 3.564018660800889 vs. 3.564018660800889
--------
nle(id0,id1,dist): 95 107 2.0241543962769213
list:
dist: 2.0241543962769213 vs. 2.0241543962769213
--------
nle(id0,id1,dist): 95 106 0.5835521993217311
list:
dist: 0.5835521993217311 vs. 0.5835521993217311
--------
nle(id0,id1,dist): 95 109 1.5877759364860689
list:
dist: 1.5877759364860689 vs. 1.5877759364860689
--------
nle(id0,id1,dist): 95 108 2.158832073658634
list:
dist: 2.158832073658634 vs. 2.158832073658634
--------
nle(id0,id1,dist): 95 103 2.0240809711795777
list:
dist: 2.0240809711795777 vs. 2.0240809711795777
--------
nle(id0,id1,dist): 95 102 3.634796784823654
list:
dist: 3.634796784823654 vs. 3.634796784823654
--------
nle(id0,id1,dist): 95 105 2.0396627245917602
list:
dist: 2.0396627245917602 vs. 2.0396627245917602
--------
nle(id0,id1,dist): 95 104 1.9328480967091344
list:
dist: 1.9328480967091344 vs. 1.9328480967091344
--------
nle(id0,id1,dist): 95 98 1.4974881149309227
list:
dist: 1.4974881149309227 vs. 1.4974881149309227
--------
nle(id0,id1,dist): 95 99 2.626289403812281
list:
dist: 2.626289403812281 vs. 2.626289403812281
--------
nle(id0,id1,dist): 95 100 1.8932140297444346
list:
dist: 1.8932140297444346 vs. 1.8932140297444346
--------
nle(id0,id1,dist): 95 101 1.4910343372653763
list:
dist: 1.4910343372653763 vs. 1.4910343372653763
--------
nle(id0,id1,dist): 95 96 1.4536204753458164
list:
dist: 1.4536204753458164 vs. 1.4536204753458164
--------
nle(id0,id1,dist): 95 97 0.9650737552248438
list:
dist: 0.9650737552248438 vs. 0.9650737552248438
--------
nle(id0,id1,dist): 96 110 1.920186798873677
list:
dist: 1.920186798873677 vs. 1.920186798873677
--------
nle(id0,id1,dist): 96 109 1.899719548101044
list:
dist: 1.899719548101044 vs. 1.899719548101044
--------
nle(id0,id1,dist): 96 108 1.4909919382426293
list:
dist: 1.4909919382426293 vs. 1.4909919382426293
--------
nle(id0,id1,dist): 96 107 1.6602599652017258
list:
dist: 1.6602599652017258 vs. 1.6602599652017258
--------
nle(id0,id1,dist): 96 106 1.0759058666677779
list:
dist: 1.0759058666677779 vs. 1.0759058666677779
--------
nle(id0,id1,dist): 96 105 1.7945077806710374
list:
dist: 1.7945077806710374 vs. 1.7945077806710374
--------
nle(id0,id1,dist): 96 104 1.9990456779409027
list:
dist: 1.9990456779409027 vs. 1.9990456779409027
--------
nle(id0,id1,dist): 96 103 1.800235309753709
list:
dist: 1.800235309753709 vs. 1.800235309753709
--------
nle(id0,id1,dist): 96 99 2.523557667097719
list:
dist: 2.523557667097719 vs. 2.523557667097719
--------
nle(id0,id1,dist): 96 98 1.5608301793218313
list:
dist: 1.5608301793218313 vs. 1.5608301793218313
--------
nle(id0,id1,dist): 96 97 0.8868733738230178
list:
dist: 0.8868733738230178 vs. 0.8868733738230178
--------
nle(id0,id1,dist): 95 118 3.9090910749090297
list:
dist: 3.9090910749090297 vs. 3.9090910749090297
--------
nle(id0,id1,dist): 95 119 3.1398275439252346
list:
dist: 3.1398275439252346 vs. 3.1398275439252346
--------
nle(id0,id1,dist): 86 106 4.366998659270639
list:
dist: 4.366998659270639 vs. 4.366998659270639
--------
nle(id0,id1,dist): 86 114 3.081698020365125
list:
dist: 3.081698020365125 vs. 3.081698020365125
--------
nle(id0,id1,dist): 86 113 3.88693813308619
list:
dist: 3.88693813308619 vs. 3.88693813308619
--------
nle(id0,id1,dist): 86 111 3.6941047523484856
list:
dist: 3.6941047523484856 vs. 3.6941047523484856
--------
nle(id0,id1,dist): 87 88 0.9037003806060839
list:
dist: 0.9037003806060839 vs. 0.9037003806060839
--------
nle(id0,id1,dist): 87 89 1.861393428252134
list:
dist: 1.861393428252134 vs. 1.861393428252134
--------
nle(id0,id1,dist): 87 96 4.338609466968616
list:
dist: 4.338609466968616 vs. 4.338609466968616
--------
nle(id0,id1,dist): 87 114 3.6094324394849804
list:
dist: 3.6094324394849804 vs. 3.6094324394849804
--------
nle(id0,id1,dist): 85 87 3.317220049372075
list:
dist: 3.317220049372075 vs. 3.317220049372075
--------
nle(id0,id1,dist): 85 86 1.8398278578186846
list:
dist: 1.8398278578186846 vs. 1.8398278578186846
--------
nle(id0,id1,dist): 85 88 3.6666320935241146
list:
dist: 3.6666320935241146 vs. 3.6666320935241146
--------
nle(id0,id1,dist): 85 89 2.1699795525388827
list:
dist: 2.1699795525388827 vs. 2.1699795525388827
--------
nle(id0,id1,dist): 86 87 1.983453116636917
list:
dist: 1.983453116636917 vs. 1.983453116636917
--------
nle(id0,id1,dist): 86 88 2.6312598314693996
list:
dist: 2.6312598314693996 vs. 2.6312598314693996
--------
nle(id0,id1,dist): 86 89 0.435592783029792
list:
dist: 0.435592783029792 vs. 0.435592783029792
--------
nle(id0,id1,dist): 86 90 5.869917202363827
list:
dist: 5.869917202363827 vs. 5.869917202363827
--------
nle(id0,id1,dist): 86 95 4.1786908078733145
list:
dist: 4.1786908078733145 vs. 4.1786908078733145
--------
nle(id0,id1,dist): 86 96 3.961271624639002
list:
dist: 3.961271624639002 vs. 3.961271624639002
--------
nle(id0,id1,dist): 86 97 4.538587371967101
list:
dist: 4.538587371967101 vs. 4.538587371967101
--------
nle(id0,id1,dist): 86 98 4.936518681061122
list:
dist: 4.936518681061122 vs. 4.936518681061122
--------
nle(id0,id1,dist): 86 92 4.9129432186012725
list:
dist: 4.9129432186012725 vs. 4.9129432186012725
--------
nle(id0,id1,dist): 90 93 3.6849595890465863
list:
dist: 3.6849595890465863 vs. 3.6849595890465863
--------
nle(id0,id1,dist): 90 94 0.5940217791301503
list:
dist: 0.5940217791301503 vs. 0.5940217791301503
--------
nle(id0,id1,dist): 90 91 1.456296051613922
list:
dist: 1.456296051613922 vs. 1.456296051613922
--------
nle(id0,id1,dist): 90 92 1.3241021083606768
list:
dist: 1.3241021083606768 vs. 1.3241021083606768
--------
nle(id0,id1,dist): 90 106 2.3538909968907826
list:
dist: 2.3538909968907826 vs. 2.3538909968907826
--------
nle(id0,id1,dist): 90 105 2.92629777404812
list:
dist: 2.92629777404812 vs. 2.92629777404812
--------
nle(id0,id1,dist): 90 104 2.2319335940186265
list:
dist: 2.2319335940186265 vs. 2.2319335940186265
--------
nle(id0,id1,dist): 90 103 1.7640791503179187
list:
dist: 1.7640791503179187 vs. 1.7640791503179187
--------
nle(id0,id1,dist): 90 110 3.7145933452548436
list:
dist: 3.7145933452548436 vs. 3.7145933452548436
--------
nle(id0,id1,dist): 90 109 2.028734351574595
list:
dist: 2.028734351574595 vs. 2.028734351574595
--------
nle(id0,id1,dist): 90 108 3.3591094245395077
list:
dist: 3.3591094245395077 vs. 3.3591094245395077
--------
nle(id0,id1,dist): 90 107 3.0696572944660123
list:
dist: 3.0696572944660123 vs. 3.0696572944660123
--------
nle(id0,id1,dist): 90 98 1.0423235831617084
list:
dist: 1.0423235831617084 vs. 1.0423235831617084
--------
nle(id0,id1,dist): 90 97 2.2249544621753023
list:
dist: 2.2249544621753023 vs. 2.2249544621753023
--------
nle(id0,id1,dist): 90 96 2.5335155185050384
list:
dist: 2.5335155185050384 vs. 2.5335155185050384
--------
nle(id0,id1,dist): 90 95 2.435911409772238
list:
dist: 2.435911409772238 vs. 2.435911409772238
--------
nle(id0,id1,dist): 90 102 2.584506846117969
list:
dist: 2.584506846117969 vs. 2.584506846117969
--------
nle(id0,id1,dist): 90 101 1.235351869589922
list:
dist: 1.235351869589922 vs. 1.235351869589922
--------
nle(id0,id1,dist): 90 100 1.0906685573492882
list:
dist: 1.0906685573492882 vs. 1.0906685573492882
--------
nle(id0,id1,dist): 90 99 3.771372442969084
list:
dist: 3.771372442969084 vs. 3.771372442969084
--------
nle(id0,id1,dist): 90 119 4.874034332310544
list:
dist: 4.874034332310544 vs. 4.874034332310544
--------
nle(id0,id1,dist): 90 114 4.3968909629222015
list:
dist: 4.3968909629222015 vs. 4.3968909629222015
--------
nle(id0,id1,dist): 90 116 5.061131601072169
list:
dist: 5.061131601072169 vs. 5.061131601072169
--------
nle(id0,id1,dist): 91 99 3.001983676120019
list:
dist: 3.001983676120019 vs. 3.001983676120019
--------
nle(id0,id1,dist): 91 98 1.6653074187805994
list:
dist: 1.6653074187805994 vs. 1.6653074187805994
--------
nle(id0,id1,dist): 91 101 1.2055499486459693
list:
dist: 1.2055499486459693 vs. 1.2055499486459693
--------
nle(id0,id1,dist): 91 100 0.5411327602365864
list:
dist: 0.5411327602365864 vs. 0.5411327602365864
--------
nle(id0,id1,dist): 91 103 1.4681277467084226
list:
dist: 1.4681277467084226 vs. 1.4681277467084226
--------
nle(id0,id1,dist): 91 102 1.4368192019409423
list:
dist: 1.4368192019409423 vs. 1.4368192019409423
--------
nle(id0,id1,dist): 91 105 2.361947233264725
list:
dist: 2.361947233264725 vs. 2.361947233264725
--------
nle(id0,id1,dist): 91 104 1.5014315075574762
list:
dist: 1.5014315075574762 vs. 1.5014315075574762
--------
nle(id0,id1,dist): 91 92 1.5379305952693543
list:
dist: 1.5379305952693543 vs. 1.5379305952693543
--------
nle(id0,id1,dist): 91 95 2.279213730258912
list:
dist: 2.279213730258912 vs. 2.279213730258912
--------
nle(id0,id1,dist): 91 94 1.6985740606096564
list:
dist: 1.6985740606096564 vs. 1.6985740606096564
--------
nle(id0,id1,dist): 91 97 2.105123456828998
list:
dist: 2.105123456828998 vs. 2.105123456828998
--------
nle(id0,id1,dist): 88 96 4.040814462404091
list:
dist: 4.040814462404091 vs. 4.040814462404091
--------
nle(id0,id1,dist): 88 89 2.6172964594634105
list:
dist: 2.6172964594634105 vs. 2.6172964594634105
--------
nle(id0,id1,dist): 88 114 3.6508575985413514
list:
dist: 3.6508575985413514 vs. 3.6508575985413514
--------
nle(id0,id1,dist): 89 95 4.574632389925227
list:
dist: 4.574632389925227 vs. 4.574632389925227
--------
nle(id0,id1,dist): 89 113 4.113864731339111
list:
dist: 4.113864731339111 vs. 4.113864731339111
--------
nle(id0,id1,dist): 89 114 3.347378065743913
list:
dist: 3.347378065743913 vs. 3.347378065743913
--------
nle(id0,id1,dist): 89 111 3.986353369037178
list:
dist: 3.986353369037178 vs. 3.986353369037178
--------
nle(id0,id1,dist): 89 106 4.752525022427026
list:
dist: 4.752525022427026 vs. 4.752525022427026
--------
nle(id0,id1,dist): 80 85 1.2517470857232584
list:
dist: 1.2517470857232584 vs. 1.2517470857232584
--------
nle(id0,id1,dist): 80 86 2.4534999733013594
list:
dist: 2.4534999733013594 vs. 2.4534999733013594
--------
nle(id0,id1,dist): 80 87 3.221109025941201
list:
dist: 3.221109025941201 vs. 3.221109025941201
--------
nle(id0,id1,dist): 80 88 3.4060591040092234
list:
dist: 3.4060591040092234 vs. 3.4060591040092234
--------
nle(id0,id1,dist): 80 81 2.0131916401020598
list:
dist: 2.0131916401020598 vs. 2.0131916401020598
--------
nle(id0,id1,dist): 80 82 1.331968569391716
list:
dist: 1.331968569391716 vs. 1.331968569391716
--------
nle(id0,id1,dist): 80 84 2.2646519071001903
list:
dist: 2.2646519071001903 vs. 2.2646519071001903
--------
nle(id0,id1,dist): 79 88 3.0052016654968123
list:
dist: 3.0052016654968123 vs. 3.0052016654968123
--------
nle(id0,id1,dist): 79 86 2.5240637281894442
list:
dist: 2.5240637281894442 vs. 2.5240637281894442
--------
nle(id0,id1,dist): 79 87 2.845699813639549
list:
dist: 2.845699813639549 vs. 2.845699813639549
--------
nle(id0,id1,dist): 78 114 3.2953059718493107
list:
dist: 3.2953059718493107 vs. 3.2953059718493107
--------
nle(id0,id1,dist): 79 81 2.0380493042060626
list:
dist: 2.0380493042060626 vs. 2.0380493042060626
--------
nle(id0,id1,dist): 79 80 0.7485029669695862
list:
dist: 0.7485029669695862 vs. 0.7485029669695862
--------
nle(id0,id1,dist): 79 85 1.8452471915338544
list:
dist: 1.8452471915338544 vs. 1.8452471915338544
--------
nle(id0,id1,dist): 79 84 1.7156954856974156
list:
dist: 1.7156954856974156 vs. 1.7156954856974156
--------
nle(id0,id1,dist): 79 82 1.7297222863489488
list:
dist: 1.7297222863489488 vs. 1.7297222863489488
--------
nle(id0,id1,dist): 78 96 4.155035042983695
list:
dist: 4.155035042983695 vs. 4.155035042983695
--------
nle(id0,id1,dist): 77 114 3.5607798496126284
list:
dist: 3.5607798496126284 vs. 3.5607798496126284
--------
nle(id0,id1,dist): 78 80 2.952275129669919
list:
dist: 2.952275129669919 vs. 2.952275129669919
--------
nle(id0,id1,dist): 78 79 2.6966274007764564
list:
dist: 2.6966274007764564 vs. 2.6966274007764564
--------
nle(id0,id1,dist): 78 82 2.5552210986590906
list:
dist: 2.5552210986590906 vs. 2.5552210986590906
--------
nle(id0,id1,dist): 78 84 2.160378940774583
list:
dist: 2.160378940774583 vs. 2.160378940774583
--------
nle(id0,id1,dist): 78 83 2.2317011902799058
list:
dist: 2.2317011902799058 vs. 2.2317011902799058
--------
nle(id0,id1,dist): 78 86 1.348775135768455
list:
dist: 1.348775135768455 vs. 1.348775135768455
--------
nle(id0,id1,dist): 78 85 2.843591863394393
list:
dist: 2.843591863394393 vs. 2.843591863394393
--------
nle(id0,id1,dist): 78 88 1.4337610653570898
list:
dist: 1.4337610653570898 vs. 1.4337610653570898
--------
nle(id0,id1,dist): 78 87 0.6516749870124555
list:
dist: 0.6516749870124555 vs. 0.6516749870124555
--------
nle(id0,id1,dist): 78 89 1.22616948487853
list:
dist: 1.22616948487853 vs. 1.22616948487853
--------
nle(id0,id1,dist): 84 89 2.198485518390883
list:
dist: 2.198485518390883 vs. 2.198485518390883
--------
nle(id0,id1,dist): 84 87 2.251591489776419
list:
dist: 2.251591489776419 vs. 2.251591489776419
--------
nle(id0,id1,dist): 84 88 2.7722067180140373
list:
dist: 2.7722067180140373 vs. 2.7722067180140373
--------
nle(id0,id1,dist): 84 85 2.7817499380140753
list:
dist: 2.7817499380140753 vs. 2.7817499380140753
--------
nle(id0,id1,dist): 84 86 2.3624929898280818
list:
dist: 2.3624929898280818 vs. 2.3624929898280818
--------
nle(id0,id1,dist): 83 86 1.1644338149279059
list:
dist: 1.1644338149279059 vs. 1.1644338149279059
--------
nle(id0,id1,dist): 83 87 2.805822365577048
list:
dist: 2.805822365577048 vs. 2.805822365577048
--------
nle(id0,id1,dist): 83 88 3.5199393637192227
list:
dist: 3.5199393637192227 vs. 3.5199393637192227
--------
nle(id0,id1,dist): 83 89 1.1277450772452609
list:
dist: 1.1277450772452609 vs. 1.1277450772452609
--------
nle(id0,id1,dist): 83 84 2.1465825055254
list:
dist: 2.1465825055254 vs. 2.1465825055254
--------
nle(id0,id1,dist): 83 85 1.7207371652093169
list:
dist: 1.7207371652093169 vs. 1.7207371652093169
--------
nle(id0,id1,dist): 82 89 1.7744267762518529
list:
dist: 1.7744267762518529 vs. 1.7744267762518529
--------
nle(id0,id1,dist): 82 87 3.0502777279357276
list:
dist: 3.0502777279357276 vs. 3.0502777279357276
--------
nle(id0,id1,dist): 82 88 3.523697070325048
list:
dist: 3.523697070325048 vs. 3.523697070325048
--------
nle(id0,id1,dist): 82 84 2.293904426937754
list:
dist: 2.293904426937754 vs. 2.293904426937754
--------
nle(id0,id1,dist): 82 83 1.1604096827050294
list:
dist: 1.1604096827050294 vs. 1.1604096827050294
--------
nle(id0,id1,dist): 82 86 1.5385301375251115
list:
dist: 1.5385301375251115 vs. 1.5385301375251115
--------
nle(id0,id1,dist): 82 85 0.6292193498358334
list:
dist: 0.6292193498358334 vs. 0.6292193498358334
--------
nle(id0,id1,dist): 74 78 2.506936299923965
list:
dist: 2.506936299923965 vs. 2.506936299923965
--------
nle(id0,id1,dist): 74 77 2.9574280612165835
list:
dist: 2.9574280612165835 vs. 2.9574280612165835
--------
nle(id0,id1,dist): 74 86 2.2814187264708
list:
dist: 2.2814187264708 vs. 2.2814187264708
--------
nle(id0,id1,dist): 74 92 3.2627757641292265
list:
dist: 3.2627757641292265 vs. 3.2627757641292265
--------
nle(id0,id1,dist): 74 93 2.7250354549492792
list:
dist: 2.7250354549492792 vs. 2.7250354549492792
--------
nle(id0,id1,dist): 74 87 2.8568679720687253
list:
dist: 2.8568679720687253 vs. 2.8568679720687253
--------
nle(id0,id1,dist): 74 88 2.9513624973943307
list:
dist: 2.9513624973943307 vs. 2.9513624973943307
--------
nle(id0,id1,dist): 74 89 2.5693513273762667
list:
dist: 2.5693513273762667 vs. 2.5693513273762667
--------
nle(id0,id1,dist): 74 90 4.480639609419698
list:
dist: 4.480639609419698 vs. 4.480639609419698
--------
nle(id0,id1,dist): 73 75 3.2050133963632392
list:
dist: 3.2050133963632392 vs. 3.2050133963632392
--------
nle(id0,id1,dist): 73 82 1.930603287223094
list:
dist: 1.930603287223094 vs. 1.930603287223094
--------
nle(id0,id1,dist): 73 81 1.6107150367680507
list:
dist: 1.6107150367680507 vs. 1.6107150367680507
--------
nle(id0,id1,dist): 73 80 1.056182002698579
list:
dist: 1.056182002698579 vs. 1.056182002698579
--------
nle(id0,id1,dist): 73 79 1.6447467870575698
list:
dist: 1.6447467870575698 vs. 1.6447467870575698
--------
nle(id0,id1,dist): 73 78 3.486521258933518
list:
dist: 3.486521258933518 vs. 3.486521258933518
--------
nle(id0,id1,dist): 73 77 1.2661593022152486
list:
dist: 1.2661593022152486 vs. 1.2661593022152486
--------
nle(id0,id1,dist): 73 76 1.1419210664415715
list:
dist: 1.1419210664415715 vs. 1.1419210664415715
--------
nle(id0,id1,dist): 73 88 3.758089737629527
list:
dist: 3.758089737629527 vs. 3.758089737629527
--------
nle(id0,id1,dist): 73 86 2.943629316109675
list:
dist: 2.943629316109675 vs. 2.943629316109675
--------
nle(id0,id1,dist): 73 87 3.746760322299127
list:
dist: 3.746760322299127 vs. 3.746760322299127
--------
nle(id0,id1,dist): 73 84 3.2545177997154267
list:
dist: 3.2545177997154267 vs. 3.2545177997154267
--------
nle(id0,id1,dist): 73 85 1.4830813590218868
list:
dist: 1.4830813590218868 vs. 1.4830813590218868
--------
nle(id0,id1,dist): 72 73 2.1944000030233415
list:
dist: 2.1944000030233415 vs. 2.1944000030233415
--------
nle(id0,id1,dist): 72 75 3.033391072355064
list:
dist: 3.033391072355064 vs. 3.033391072355064
--------
nle(id0,id1,dist): 72 78 3.7294014370410062
list:
dist: 3.7294014370410062 vs. 3.7294014370410062
--------
nle(id0,id1,dist): 72 80 1.6685229623325166
list:
dist: 1.6685229623325166 vs. 1.6685229623325166
--------
nle(id0,id1,dist): 72 79 1.2309862850893165
list:
dist: 1.2309862850893165 vs. 1.2309862850893165
--------
nle(id0,id1,dist): 72 82 2.8813571927040993
list:
dist: 2.8813571927040993 vs. 2.8813571927040993
--------
nle(id0,id1,dist): 72 81 1.7018109844071478
list:
dist: 1.7018109844071478 vs. 1.7018109844071478
--------
nle(id0,id1,dist): 72 84 2.435246915834356
list:
dist: 2.435246915834356 vs. 2.435246915834356
--------
nle(id0,id1,dist): 72 86 3.742927974368959
list:
dist: 3.742927974368959 vs. 3.742927974368959
--------
nle(id0,id1,dist): 72 85 2.917873287320696
list:
dist: 2.917873287320696 vs. 2.917873287320696
--------
nle(id0,id1,dist): 72 88 3.6901639050583865
list:
dist: 3.6901639050583865 vs. 3.6901639050583865
--------
nle(id0,id1,dist): 72 87 3.7235020729050823
list:
dist: 3.7235020729050823 vs. 3.7235020729050823
--------
nle(id0,id1,dist): 71 81 2.5353705755771685
list:
dist: 2.5353705755771685 vs. 2.5353705755771685
--------
nle(id0,id1,dist): 71 80 1.4581661960508177
list:
dist: 1.4581661960508177 vs. 1.4581661960508177
--------
nle(id0,id1,dist): 71 79 0.9470188675781177
list:
dist: 0.9470188675781177 vs. 0.9470188675781177
--------
nle(id0,id1,dist): 71 85 2.524130916139859
list:
dist: 2.524130916139859 vs. 2.524130916139859
--------
nle(id0,id1,dist): 71 84 1.6212391600373817
list:
dist: 1.6212391600373817 vs. 1.6212391600373817
--------
nle(id0,id1,dist): 71 82 2.282321767913697
list:
dist: 2.282321767913697 vs. 2.282321767913697
--------
nle(id0,id1,dist): 77 92 3.2624470369744856
list:
dist: 3.2624470369744856 vs. 3.2624470369744856
--------
nle(id0,id1,dist): 77 94 3.984551907586988
list:
dist: 3.984551907586988 vs. 3.984551907586988
--------
nle(id0,id1,dist): 77 95 3.0126394071741402
list:
dist: 3.0126394071741402 vs. 3.0126394071741402
--------
nle(id0,id1,dist): 77 90 3.740262553250785
list:
dist: 3.740262553250785 vs. 3.740262553250785
--------
nle(id0,id1,dist): 77 85 1.3147326914687478
list:
dist: 1.3147326914687478 vs. 1.3147326914687478
--------
nle(id0,id1,dist): 77 86 2.7136163817903505
list:
dist: 2.7136163817903505 vs. 2.7136163817903505
--------
nle(id0,id1,dist): 77 80 1.9324593807499562
list:
dist: 1.9324593807499562 vs. 1.9324593807499562
--------
nle(id0,id1,dist): 77 81 2.745993800252721
list:
dist: 2.745993800252721 vs. 2.745993800252721
--------
nle(id0,id1,dist): 77 82 1.9370054155015852
list:
dist: 1.9370054155015852 vs. 1.9370054155015852
--------
nle(id0,id1,dist): 77 106 3.2912869139407235
list:
dist: 3.2912869139407235 vs. 3.2912869139407235
--------
nle(id0,id1,dist): 77 101 3.458320878932072
list:
dist: 3.458320878932072 vs. 3.458320878932072
--------
nle(id0,id1,dist): 77 100 4.089967658386106
list:
dist: 4.089967658386106 vs. 4.089967658386106
--------
nle(id0,id1,dist): 77 97 3.4300905043491308
list:
dist: 3.4300905043491308 vs. 3.4300905043491308
--------
nle(id0,id1,dist): 77 96 2.960415878896516
list:
dist: 2.960415878896516 vs. 2.960415878896516
--------
nle(id0,id1,dist): 77 98 3.0845197037961625
list:
dist: 3.0845197037961625 vs. 3.0845197037961625
--------
nle(id0,id1,dist): 76 85 1.2172736294537847
list:
dist: 1.2172736294537847 vs. 1.2172736294537847
--------
nle(id0,id1,dist): 76 86 3.0476291236195348
list:
dist: 3.0476291236195348 vs. 3.0476291236195348
--------
nle(id0,id1,dist): 77 79 2.590270806280437
list:
dist: 2.590270806280437 vs. 2.590270806280437
--------
nle(id0,id1,dist): 76 77 1.1499305048044919
list:
dist: 1.1499305048044919 vs. 1.1499305048044919
--------
nle(id0,id1,dist): 76 80 1.515652108924257
list:
dist: 1.515652108924257 vs. 1.515652108924257
--------
nle(id0,id1,dist): 76 79 2.2627361589255712
list:
dist: 2.2627361589255712 vs. 2.2627361589255712
--------
nle(id0,id1,dist): 76 82 1.724845463170856
list:
dist: 1.724845463170856 vs. 1.724845463170856
--------
nle(id0,id1,dist): 76 81 2.6559779003229584
list:
dist: 2.6559779003229584 vs. 2.6559779003229584
--------
nle(id0,id1,dist): 74 105 3.2589899963215196
list:
dist: 3.2589899963215196 vs. 3.2589899963215196
--------
nle(id0,id1,dist): 74 106 2.454587705731518
list:
dist: 2.454587705731518 vs. 2.454587705731518
--------
nle(id0,id1,dist): 74 103 3.801401691090625
list:
dist: 3.801401691090625 vs. 3.801401691090625
--------
nle(id0,id1,dist): 74 104 3.7456491710260322
list:
dist: 3.7456491710260322 vs. 3.7456491710260322
--------
nle(id0,id1,dist): 74 109 3.6023777091071993
list:
dist: 3.6023777091071993 vs. 3.6023777091071993
--------
nle(id0,id1,dist): 74 110 2.2649315786595117
list:
dist: 2.2649315786595117 vs. 2.2649315786595117
--------
nle(id0,id1,dist): 74 107 3.024841894072655
list:
dist: 3.024841894072655 vs. 3.024841894072655
--------
nle(id0,id1,dist): 74 108 2.6484926928190244
list:
dist: 2.6484926928190244 vs. 2.6484926928190244
--------
nle(id0,id1,dist): 74 97 2.60023165184564
list:
dist: 2.60023165184564 vs. 2.60023165184564
--------
nle(id0,id1,dist): 74 98 3.4421331889715727
list:
dist: 3.4421331889715727 vs. 3.4421331889715727
--------
nle(id0,id1,dist): 74 95 2.442076137855339
list:
dist: 2.442076137855339 vs. 2.442076137855339
--------
nle(id0,id1,dist): 74 96 2.160309143491579
list:
dist: 2.160309143491579 vs. 2.160309143491579
--------
nle(id0,id1,dist): 74 99 3.5166186764708978
list:
dist: 3.5166186764708978 vs. 3.5166186764708978
--------
nle(id0,id1,dist): 75 85 2.7052523915865128
list:
dist: 2.7052523915865128 vs. 2.7052523915865128
--------
nle(id0,id1,dist): 75 84 1.3888034540091947
list:
dist: 1.3888034540091947 vs. 1.3888034540091947
--------
nle(id0,id1,dist): 75 83 2.156045355365279
list:
dist: 2.156045355365279 vs. 2.156045355365279
--------
nle(id0,id1,dist): 74 119 2.817312033547166
list:
dist: 2.817312033547166 vs. 2.817312033547166
--------
nle(id0,id1,dist): 75 82 2.3514594375303233
list:
dist: 2.3514594375303233 vs. 2.3514594375303233
--------
nle(id0,id1,dist): 75 89 1.501384543755593
list:
dist: 1.501384543755593 vs. 1.501384543755593
--------
nle(id0,id1,dist): 75 88 1.5452093190917182
list:
dist: 1.5452093190917182 vs. 1.5452093190917182
--------
nle(id0,id1,dist): 75 87 0.9105408485629443
list:
dist: 0.9105408485629443 vs. 0.9105408485629443
--------
nle(id0,id1,dist): 75 86 1.6348760111337908
list:
dist: 1.6348760111337908 vs. 1.6348760111337908
--------
nle(id0,id1,dist): 74 114 0.8720149851291293
list:
dist: 0.8720149851291293 vs. 0.8720149851291293
--------
nle(id0,id1,dist): 74 113 2.0015027688372036
list:
dist: 2.0015027688372036 vs. 2.0015027688372036
--------
nle(id0,id1,dist): 74 112 3.14157991014039
list:
dist: 3.14157991014039 vs. 3.14157991014039
--------
nle(id0,id1,dist): 74 111 1.928193719931326
list:
dist: 1.928193719931326 vs. 1.928193719931326
--------
nle(id0,id1,dist): 74 118 2.726880649684981
list:
dist: 2.726880649684981 vs. 2.726880649684981
--------
nle(id0,id1,dist): 74 117 2.8599152098824763
list:
dist: 2.8599152098824763 vs. 2.8599152098824763
--------
nle(id0,id1,dist): 75 80 2.501966157550348
list:
dist: 2.501966157550348 vs. 2.501966157550348
--------
nle(id0,id1,dist): 74 116 2.430888664342516
list:
dist: 2.430888664342516 vs. 2.430888664342516
--------
nle(id0,id1,dist): 75 79 2.0872445736772036
list:
dist: 2.0872445736772036 vs. 2.0872445736772036
--------
nle(id0,id1,dist): 74 115 3.018048315942204
list:
dist: 3.018048315942204 vs. 3.018048315942204
--------
nle(id0,id1,dist): 75 78 0.8352165416513003
list:
dist: 0.8352165416513003 vs. 0.8352165416513003
--------
nle(id0,id1,dist): 120 147 2.947449258642669
list:
dist: 2.947449258642669 vs. 2.947449258642669
--------
nle(id0,id1,dist): 120 148 3.3520450462357605
list:
dist: 3.3520450462357605 vs. 3.3520450462357605
--------
nle(id0,id1,dist): 120 137 2.238732735499716
list:
dist: 2.238732735499716 vs. 2.238732735499716
--------
nle(id0,id1,dist): 120 138 3.8338093527478256
list:
dist: 3.8338093527478256 vs. 3.8338093527478256
--------
nle(id0,id1,dist): 120 139 3.158722868206173
list:
dist: 3.158722868206173 vs. 3.158722868206173
--------
nle(id0,id1,dist): 120 141 3.5055318891911003
list:
dist: 3.5055318891911003 vs. 3.5055318891911003
--------
nle(id0,id1,dist): 120 130 2.715826806530575
list:
dist: 2.715826806530575 vs. 2.715826806530575
--------
nle(id0,id1,dist): 120 129 1.265813179092593
list:
dist: 1.265813179092593 vs. 1.265813179092593
--------
nle(id0,id1,dist): 120 132 2.299631370057433
list:
dist: 2.299631370057433 vs. 2.299631370057433
--------
nle(id0,id1,dist): 120 134 2.4632144438157044
list:
dist: 2.4632144438157044 vs. 2.4632144438157044
--------
nle(id0,id1,dist): 120 133 1.8120561849503265
list:
dist: 1.8120561849503265 vs. 1.8120561849503265
--------
nle(id0,id1,dist): 120 136 3.296960257572621
list:
dist: 3.296960257572621 vs. 3.296960257572621
--------
nle(id0,id1,dist): 120 135 2.6922934366116813
list:
dist: 2.6922934366116813 vs. 2.6922934366116813
--------
nle(id0,id1,dist): 120 122 3.349252941725153
list:
dist: 3.349252941725153 vs. 3.349252941725153
--------
nle(id0,id1,dist): 120 121 1.7451747906837045
list:
dist: 1.7451747906837045 vs. 1.7451747906837045
--------
nle(id0,id1,dist): 120 124 2.6469196671267317
list:
dist: 2.6469196671267317 vs. 2.6469196671267317
--------
nle(id0,id1,dist): 120 123 1.3859896099828148
list:
dist: 1.3859896099828148 vs. 1.3859896099828148
--------
nle(id0,id1,dist): 120 126 2.5306471068002714
list:
dist: 2.5306471068002714 vs. 2.5306471068002714
--------
nle(id0,id1,dist): 120 125 2.6965185188157137
list:
dist: 2.6965185188157137 vs. 2.6965185188157137
--------
nle(id0,id1,dist): 120 128 1.7441587801151093
list:
dist: 1.7441587801151093 vs. 1.7441587801151093
--------
nle(id0,id1,dist): 121 141 4.169649279840046
list:
dist: 4.169649279840046 vs. 4.169649279840046
--------
nle(id0,id1,dist): 121 147 3.1426437802020755
list:
dist: 3.1426437802020755 vs. 3.1426437802020755
--------
nle(id0,id1,dist): 121 134 2.6252217875740165
list:
dist: 2.6252217875740165 vs. 2.6252217875740165
--------
nle(id0,id1,dist): 121 135 2.932048298541293
list:
dist: 2.932048298541293 vs. 2.932048298541293
--------
nle(id0,id1,dist): 121 132 2.0084194944201395
list:
dist: 2.0084194944201395 vs. 2.0084194944201395
--------
nle(id0,id1,dist): 121 133 1.5132717839553678
list:
dist: 1.5132717839553678 vs. 1.5132717839553678
--------
nle(id0,id1,dist): 121 139 3.585819887221004
list:
dist: 3.585819887221004 vs. 3.585819887221004
--------
nle(id0,id1,dist): 121 136 3.3174617898622207
list:
dist: 3.3174617898622207 vs. 3.3174617898622207
--------
nle(id0,id1,dist): 121 137 3.087159409568181
list:
dist: 3.087159409568181 vs. 3.087159409568181
--------
nle(id0,id1,dist): 121 126 2.3172157138295257
list:
dist: 2.3172157138295257 vs. 2.3172157138295257
--------
nle(id0,id1,dist): 121 125 3.1033490994600657
list:
dist: 3.1033490994600657 vs. 3.1033490994600657
--------
nle(id0,id1,dist): 121 124 2.2930747171102133
list:
dist: 2.2930747171102133 vs. 2.2930747171102133
--------
nle(id0,id1,dist): 121 130 2.175099883313187
list:
dist: 2.175099883313187 vs. 2.175099883313187
--------
nle(id0,id1,dist): 121 129 2.938922137916556
list:
dist: 2.938922137916556 vs. 2.938922137916556
--------
nle(id0,id1,dist): 121 128 2.643350221878107
list:
dist: 2.643350221878107 vs. 2.643350221878107
--------
nle(id0,id1,dist): 121 123 1.7360512064887277
list:
dist: 1.7360512064887277 vs. 1.7360512064887277
--------
nle(id0,id1,dist): 121 122 2.588298783585274
list:
dist: 2.588298783585274 vs. 2.588298783585274
--------
nle(id0,id1,dist): 122 132 1.128009926312694
list:
dist: 1.128009926312694 vs. 1.128009926312694
--------
nle(id0,id1,dist): 122 131 2.2184863015879293
list:
dist: 2.2184863015879293 vs. 2.2184863015879293
--------
nle(id0,id1,dist): 122 134 1.548800787814862
list:
dist: 1.548800787814862 vs. 1.548800787814862
--------
nle(id0,id1,dist): 122 133 1.7230061195785198
list:
dist: 1.7230061195785198 vs. 1.7230061195785198
--------
nle(id0,id1,dist): 122 128 2.569851313094962
list:
dist: 2.569851313094962 vs. 2.569851313094962
--------
nle(id0,id1,dist): 122 130 0.6672303402785793
list:
dist: 0.6672303402785793 vs. 0.6672303402785793
--------
nle(id0,id1,dist): 122 129 3.9958274624391894
list:
dist: 3.9958274624391894 vs. 3.9958274624391894
--------
nle(id0,id1,dist): 122 140 1.24586735553872
list:
dist: 1.24586735553872 vs. 1.24586735553872
--------
nle(id0,id1,dist): 122 139 2.2068004682222195
list:
dist: 2.2068004682222195 vs. 2.2068004682222195
--------
nle(id0,id1,dist): 122 142 2.6164595240153443
list:
dist: 2.6164595240153443 vs. 2.6164595240153443
--------
nle(id0,id1,dist): 122 141 2.9945324376658107
list:
dist: 2.9945324376658107 vs. 2.9945324376658107
--------
nle(id0,id1,dist): 122 136 1.501117007651184
list:
dist: 1.501117007651184 vs. 1.501117007651184
--------
nle(id0,id1,dist): 122 135 1.7736845268373755
list:
dist: 1.7736845268373755 vs. 1.7736845268373755
--------
nle(id0,id1,dist): 122 137 2.673929916781463
list:
dist: 2.673929916781463 vs. 2.673929916781463
--------
nle(id0,id1,dist): 121 148 3.959855773423369
list:
dist: 3.959855773423369 vs. 3.959855773423369
--------
nle(id0,id1,dist): 122 123 2.1937879597350296
list:
dist: 2.1937879597350296 vs. 2.1937879597350296
--------
nle(id0,id1,dist): 122 124 2.0210587894996848
list:
dist: 2.0210587894996848 vs. 2.0210587894996848
--------
nle(id0,id1,dist): 122 125 2.139154817615099
list:
dist: 2.139154817615099 vs. 2.139154817615099
--------
nle(id0,id1,dist): 122 126 1.3469901119956025
list:
dist: 1.3469901119956025 vs. 1.3469901119956025
--------
nle(id0,id1,dist): 123 129 2.1015444405011094
list:
dist: 2.1015444405011094 vs. 2.1015444405011094
--------
nle(id0,id1,dist): 123 128 1.0562641104640313
list:
dist: 1.0562641104640313 vs. 1.0562641104640313
--------
nle(id0,id1,dist): 123 126 1.1567087511337504
list:
dist: 1.1567087511337504 vs. 1.1567087511337504
--------
nle(id0,id1,dist): 123 125 1.4808768508725885
list:
dist: 1.4808768508725885 vs. 1.4808768508725885
--------
nle(id0,id1,dist): 123 124 1.420351956001794
list:
dist: 1.420351956001794 vs. 1.420351956001794
--------
nle(id0,id1,dist): 123 137 1.3873167754270022
list:
dist: 1.3873167754270022 vs. 1.3873167754270022
--------
nle(id0,id1,dist): 123 136 2.1977148229194694
list:
dist: 2.1977148229194694 vs. 2.1977148229194694
--------
nle(id0,id1,dist): 123 135 1.4340840385778124
list:
dist: 1.4340840385778124 vs. 1.4340840385778124
--------
nle(id0,id1,dist): 123 134 1.3965307631214476
list:
dist: 1.3965307631214476 vs. 1.3965307631214476
--------
nle(id0,id1,dist): 123 133 1.2446215703846506
list:
dist: 1.2446215703846506 vs. 1.2446215703846506
--------
nle(id0,id1,dist): 123 132 1.2224994693340951
list:
dist: 1.2224994693340951 vs. 1.2224994693340951
--------
nle(id0,id1,dist): 123 130 1.6004912011461594
list:
dist: 1.6004912011461594 vs. 1.6004912011461594
--------
nle(id0,id1,dist): 122 149 3.4124733268713974
list:
dist: 3.4124733268713974 vs. 3.4124733268713974
--------
nle(id0,id1,dist): 122 147 2.2378404414880313
list:
dist: 2.2378404414880313 vs. 2.2378404414880313
--------
nle(id0,id1,dist): 122 148 2.707920876164429
list:
dist: 2.707920876164429 vs. 2.707920876164429
--------
nle(id0,id1,dist): 122 145 2.65318917128621
list:
dist: 2.65318917128621 vs. 2.65318917128621
--------
nle(id0,id1,dist): 124 126 0.9759470252083875
list:
dist: 0.9759470252083875 vs. 0.9759470252083875
--------
nle(id0,id1,dist): 124 125 1.6971611987397817
list:
dist: 1.6971611987397817 vs. 1.6971611987397817
--------
nle(id0,id1,dist): 124 128 2.1772252368871112
list:
dist: 2.1772252368871112 vs. 2.1772252368871112
--------
nle(id0,id1,dist): 124 130 1.8063106220310685
list:
dist: 1.8063106220310685 vs. 1.8063106220310685
--------
nle(id0,id1,dist): 124 129 3.4545192450148856
list:
dist: 3.4545192450148856 vs. 3.4545192450148856
--------
nle(id0,id1,dist): 124 132 1.76872051980502
list:
dist: 1.76872051980502 vs. 1.76872051980502
--------
nle(id0,id1,dist): 124 131 2.8291859516572946
list:
dist: 2.8291859516572946 vs. 2.8291859516572946
--------
nle(id0,id1,dist): 123 138 3.0605728849890013
list:
dist: 3.0605728849890013 vs. 3.0605728849890013
--------
nle(id0,id1,dist): 123 139 2.1050443375820866
list:
dist: 2.1050443375820866 vs. 2.1050443375820866
--------
nle(id0,id1,dist): 123 141 2.8359315867735493
list:
dist: 2.8359315867735493 vs. 2.8359315867735493
--------
nle(id0,id1,dist): 123 147 2.431160423225825
list:
dist: 2.431160423225825 vs. 2.431160423225825
--------
nle(id0,id1,dist): 123 148 2.35232582496595
list:
dist: 2.35232582496595 vs. 2.35232582496595
--------
nle(id0,id1,dist): 124 149 4.291889725352157
list:
dist: 4.291889725352157 vs. 4.291889725352157
--------
nle(id0,id1,dist): 125 126 1.074429454146355
list:
dist: 1.074429454146355 vs. 1.074429454146355
--------
nle(id0,id1,dist): 124 135 1.679237308559411
list:
dist: 1.679237308559411 vs. 1.679237308559411
--------
nle(id0,id1,dist): 124 136 2.520803558231546
list:
dist: 2.520803558231546 vs. 2.520803558231546
--------
nle(id0,id1,dist): 124 133 2.1948241979680483
list:
dist: 2.1948241979680483 vs. 2.1948241979680483
--------
nle(id0,id1,dist): 124 134 2.050745259349595
list:
dist: 2.050745259349595 vs. 2.050745259349595
--------
nle(id0,id1,dist): 124 139 2.5230338164308344
list:
dist: 2.5230338164308344 vs. 2.5230338164308344
--------
nle(id0,id1,dist): 124 140 2.2753172206772176
list:
dist: 2.2753172206772176 vs. 2.2753172206772176
--------
nle(id0,id1,dist): 124 137 2.159758598172715
list:
dist: 2.159758598172715 vs. 2.159758598172715
--------
nle(id0,id1,dist): 124 138 3.640000788845463
list:
dist: 3.640000788845463 vs. 3.640000788845463
--------
nle(id0,id1,dist): 124 143 4.044439195913655
list:
dist: 4.044439195913655 vs. 4.044439195913655
--------
nle(id0,id1,dist): 124 144 3.1817644599564643
list:
dist: 3.1817644599564643 vs. 3.1817644599564643
--------
nle(id0,id1,dist): 124 141 3.598998971422766
list:
dist: 3.598998971422766 vs. 3.598998971422766
--------
nle(id0,id1,dist): 124 142 3.335036002821212
list:
dist: 3.335036002821212 vs. 3.335036002821212
--------
nle(id0,id1,dist): 124 147 3.346847420198699
list:
dist: 3.346847420198699 vs. 3.346847420198699
--------
nle(id0,id1,dist): 124 148 2.7205867545783557
list:
dist: 2.7205867545783557 vs. 2.7205867545783557
--------
nle(id0,id1,dist): 124 145 3.7302141615347657
list:
dist: 3.7302141615347657 vs. 3.7302141615347657
--------
nle(id0,id1,dist): 112 119 2.0545612051340174
list:
dist: 2.0545612051340174 vs. 2.0545612051340174
--------
nle(id0,id1,dist): 112 117 1.006525339545922
list:
dist: 1.006525339545922 vs. 1.006525339545922
--------
nle(id0,id1,dist): 112 118 1.1443882791004174
list:
dist: 1.1443882791004174 vs. 1.1443882791004174
--------
nle(id0,id1,dist): 112 115 1.2883476898445634
list:
dist: 1.2883476898445634 vs. 1.2883476898445634
--------
nle(id0,id1,dist): 112 116 1.6266504964803632
list:
dist: 1.6266504964803632 vs. 1.6266504964803632
--------
nle(id0,id1,dist): 112 113 1.325866598122149
list:
dist: 1.325866598122149 vs. 1.325866598122149
--------
nle(id0,id1,dist): 112 114 2.3425866176402232
list:
dist: 2.3425866176402232 vs. 2.3425866176402232
--------
nle(id0,id1,dist): 113 116 1.6558634829510328
list:
dist: 1.6558634829510328 vs. 1.6558634829510328
--------
nle(id0,id1,dist): 113 117 1.448145057247857
list:
dist: 1.448145057247857 vs. 1.448145057247857
--------
nle(id0,id1,dist): 113 118 1.6019697732655511
list:
dist: 1.6019697732655511 vs. 1.6019697732655511
--------
nle(id0,id1,dist): 113 119 2.150195068929219
list:
dist: 2.150195068929219 vs. 2.150195068929219
--------
nle(id0,id1,dist): 113 114 1.2429897629002338
list:
dist: 1.2429897629002338 vs. 1.2429897629002338
--------
nle(id0,id1,dist): 113 115 1.4079531246692338
list:
dist: 1.4079531246692338 vs. 1.4079531246692338
--------
nle(id0,id1,dist): 114 117 2.0116790705754646
list:
dist: 2.0116790705754646 vs. 2.0116790705754646
--------
nle(id0,id1,dist): 114 118 2.093785987126374
list:
dist: 2.093785987126374 vs. 2.093785987126374
--------
nle(id0,id1,dist): 114 115 2.151834746132709
list:
dist: 2.151834746132709 vs. 2.151834746132709
--------
nle(id0,id1,dist): 114 116 1.6746393399567734
list:
dist: 1.6746393399567734 vs. 1.6746393399567734
--------
nle(id0,id1,dist): 114 119 2.0901152197060635
list:
dist: 2.0901152197060635 vs. 2.0901152197060635
--------
nle(id0,id1,dist): 115 118 2.0717900292862312
list:
dist: 2.0717900292862312 vs. 2.0717900292862312
--------
nle(id0,id1,dist): 115 119 1.590208785991367
list:
dist: 1.590208785991367 vs. 1.590208785991367
--------
nle(id0,id1,dist): 115 116 1.4744253006183843
list:
dist: 1.4744253006183843 vs. 1.4744253006183843
--------
nle(id0,id1,dist): 115 117 0.8663473062772914
list:
dist: 0.8663473062772914 vs. 0.8663473062772914
--------
nle(id0,id1,dist): 116 117 0.7919373394211725
list:
dist: 0.7919373394211725 vs. 0.7919373394211725
--------
nle(id0,id1,dist): 116 118 1.419738781534252
list:
dist: 1.419738781534252 vs. 1.419738781534252
--------
nle(id0,id1,dist): 116 119 0.6279477932422275
list:
dist: 0.6279477932422275 vs. 0.6279477932422275
--------
nle(id0,id1,dist): 117 118 1.3817449490909008
list:
dist: 1.3817449490909008 vs. 1.3817449490909008
--------
nle(id0,id1,dist): 117 119 1.0723564596039967
list:
dist: 1.0723564596039967 vs. 1.0723564596039967
--------
nle(id0,id1,dist): 118 119 1.993781574774476
list:
dist: 1.993781574774476 vs. 1.993781574774476
--------
nle(id0,id1,dist): 106 119 2.7751926899553725
list:
dist: 2.7751926899553725 vs. 2.7751926899553725
--------
nle(id0,id1,dist): 106 113 2.5599705359536893
list:
dist: 2.5599705359536893 vs. 2.5599705359536893
--------
nle(id0,id1,dist): 106 114 2.1274265472314493
list:
dist: 2.1274265472314493 vs. 2.1274265472314493
--------
nle(id0,id1,dist): 106 111 2.0670375176636595
list:
dist: 2.0670375176636595 vs. 2.0670375176636595
--------
nle(id0,id1,dist): 106 112 3.5233177171310572
list:
dist: 3.5233177171310572 vs. 3.5233177171310572
--------
nle(id0,id1,dist): 106 117 2.938712237813
list:
dist: 2.938712237813 vs. 2.938712237813
--------
nle(id0,id1,dist): 106 118 3.8162200629156566
list:
dist: 3.8162200629156566 vs. 3.8162200629156566
--------
nle(id0,id1,dist): 106 115 2.505215557613409
list:
dist: 2.505215557613409 vs. 2.505215557613409
--------
nle(id0,id1,dist): 106 116 2.8174400980453447
list:
dist: 2.8174400980453447 vs. 2.8174400980453447
--------
nle(id0,id1,dist): 106 110 1.4595270752498704
list:
dist: 1.4595270752498704 vs. 1.4595270752498704
--------
nle(id0,id1,dist): 106 109 1.220712834093187
list:
dist: 1.220712834093187 vs. 1.220712834093187
--------
nle(id0,id1,dist): 106 108 1.6171230629087654
list:
dist: 1.6171230629087654 vs. 1.6171230629087654
--------
nle(id0,id1,dist): 106 107 1.4748695091787936
list:
dist: 1.4748695091787936 vs. 1.4748695091787936
--------
nle(id0,id1,dist): 105 116 2.469597607747801
list:
dist: 2.469597607747801 vs. 2.469597607747801
--------
nle(id0,id1,dist): 105 119 2.0997877222394137
list:
dist: 2.0997877222394137 vs. 2.0997877222394137
--------
nle(id0,id1,dist): 105 109 1.1200052337055992
list:
dist: 1.1200052337055992 vs. 1.1200052337055992
--------
nle(id0,id1,dist): 105 108 0.8587159202403565
list:
dist: 0.8587159202403565 vs. 0.8587159202403565
--------
nle(id0,id1,dist): 105 110 1.4290621411745048
list:
dist: 1.4290621411745048 vs. 1.4290621411745048
--------
nle(id0,id1,dist): 105 114 2.7233940996711454
list:
dist: 2.7233940996711454 vs. 2.7233940996711454
--------
nle(id0,id1,dist): 105 107 0.28959805835543007
list:
dist: 0.28959805835543007 vs. 0.28959805835543007
--------
nle(id0,id1,dist): 105 106 1.5009082631210153
list:
dist: 1.5009082631210153 vs. 1.5009082631210153
--------
nle(id0,id1,dist): 108 116 1.9574196709728486
list:
dist: 1.9574196709728486 vs. 1.9574196709728486
--------
nle(id0,id1,dist): 108 114 2.175098335583849
list:
dist: 2.175098335583849 vs. 2.175098335583849
--------
nle(id0,id1,dist): 108 109 1.8145797737085128
list:
dist: 1.8145797737085128 vs. 1.8145797737085128
--------
nle(id0,id1,dist): 108 110 1.2421717127241774
list:
dist: 1.2421717127241774 vs. 1.2421717127241774
--------
nle(id0,id1,dist): 107 119 1.886037701048962
list:
dist: 1.886037701048962 vs. 1.886037701048962
--------
nle(id0,id1,dist): 107 114 2.494467158304332
list:
dist: 2.494467158304332 vs. 2.494467158304332
--------
nle(id0,id1,dist): 107 116 2.243244201447136
list:
dist: 2.243244201447136 vs. 2.243244201447136
--------
nle(id0,id1,dist): 107 110 1.2670039676133555
list:
dist: 1.2670039676133555 vs. 1.2670039676133555
--------
nle(id0,id1,dist): 107 108 0.5745488284414573
list:
dist: 0.5745488284414573 vs. 0.5745488284414573
--------
nle(id0,id1,dist): 107 109 1.3314862840724102
list:
dist: 1.3314862840724102 vs. 1.3314862840724102
--------
nle(id0,id1,dist): 109 114 3.1574055608249907
list:
dist: 3.1574055608249907 vs. 3.1574055608249907
--------
nle(id0,id1,dist): 109 119 3.0671081950806047
list:
dist: 3.0671081950806047 vs. 3.0671081950806047
--------
nle(id0,id1,dist): 109 116 3.3183181205134886
list:
dist: 3.3183181205134886 vs. 3.3183181205134886
--------
nle(id0,id1,dist): 109 110 1.9762171386548022
list:
dist: 1.9762171386548022 vs. 1.9762171386548022
--------
nle(id0,id1,dist): 108 119 1.6338308547102465
list:
dist: 1.6338308547102465 vs. 1.6338308547102465
--------
nle(id0,id1,dist): 111 119 2.666649924708347
list:
dist: 2.666649924708347 vs. 2.666649924708347
--------
nle(id0,id1,dist): 111 118 2.45408937091024
list:
dist: 2.45408937091024 vs. 2.45408937091024
--------
nle(id0,id1,dist): 111 116 2.2833941938272893
list:
dist: 2.2833941938272893 vs. 2.2833941938272893
--------
nle(id0,id1,dist): 111 117 2.119260507727869
list:
dist: 2.119260507727869 vs. 2.119260507727869
--------
nle(id0,id1,dist): 111 114 1.349144901598648
list:
dist: 1.349144901598648 vs. 1.349144901598648
--------
nle(id0,id1,dist): 111 115 1.7796218992184187
list:
dist: 1.7796218992184187 vs. 1.7796218992184187
--------
nle(id0,id1,dist): 111 112 2.0907327950902213
list:
dist: 2.0907327950902213 vs. 2.0907327950902213
--------
nle(id0,id1,dist): 111 113 0.860545470059544
list:
dist: 0.860545470059544 vs. 0.860545470059544
--------
nle(id0,id1,dist): 110 111 1.6281926109758291
list:
dist: 1.6281926109758291 vs. 1.6281926109758291
--------
nle(id0,id1,dist): 110 112 2.2118613153528024
list:
dist: 2.2118613153528024 vs. 2.2118613153528024
--------
nle(id0,id1,dist): 110 113 1.5929049527181396
list:
dist: 1.5929049527181396 vs. 1.5929049527181396
--------
nle(id0,id1,dist): 110 114 1.5158718469744423
list:
dist: 1.5158718469744423 vs. 1.5158718469744423
--------
nle(id0,id1,dist): 110 119 1.4321804477286544
list:
dist: 1.4321804477286544 vs. 1.4321804477286544
--------
nle(id0,id1,dist): 110 115 1.224325801245355
list:
dist: 1.224325801245355 vs. 1.224325801245355
--------
nle(id0,id1,dist): 110 116 1.4361006285999798
list:
dist: 1.4361006285999798 vs. 1.4361006285999798
--------
nle(id0,id1,dist): 110 117 1.492862066886843
list:
dist: 1.492862066886843 vs. 1.492862066886843
--------
nle(id0,id1,dist): 110 118 2.5159937735365676
list:
dist: 2.5159937735365676 vs. 2.5159937735365676
--------
nle(id0,id1,dist): 99 107 0.9010543828472047
list:
dist: 0.9010543828472047 vs. 0.9010543828472047
--------
nle(id0,id1,dist): 99 106 2.1627862426592803
list:
dist: 2.1627862426592803 vs. 2.1627862426592803
--------
nle(id0,id1,dist): 99 109 1.8240510451193708
list:
dist: 1.8240510451193708 vs. 1.8240510451193708
--------
nle(id0,id1,dist): 99 108 1.2099099730807514
list:
dist: 1.2099099730807514 vs. 1.2099099730807514
--------
nle(id0,id1,dist): 99 111 2.975482534675777
list:
dist: 2.975482534675777 vs. 2.975482534675777
--------
nle(id0,id1,dist): 99 110 1.404786012196226
list:
dist: 1.404786012196226 vs. 1.404786012196226
--------
nle(id0,id1,dist): 99 113 2.8584002975794975
list:
dist: 2.8584002975794975 vs. 2.8584002975794975
--------
nle(id0,id1,dist): 99 112 2.9740262250712974
list:
dist: 2.9740262250712974 vs. 2.9740262250712974
--------
nle(id0,id1,dist): 99 101 3.302533318778623
list:
dist: 3.302533318778623 vs. 3.302533318778623
--------
nle(id0,id1,dist): 99 100 2.9555628039575903
list:
dist: 2.9555628039575903 vs. 2.9555628039575903
--------
nle(id0,id1,dist): 99 103 2.0816546884191296
list:
dist: 2.0816546884191296 vs. 2.0816546884191296
--------
nle(id0,id1,dist): 99 102 3.7080639817477397
list:
dist: 3.7080639817477397 vs. 3.7080639817477397
--------
nle(id0,id1,dist): 99 105 0.8949681343438726
list:
dist: 0.8949681343438726 vs. 0.8949681343438726
--------
nle(id0,id1,dist): 99 104 1.5846865442228448
list:
dist: 1.5846865442228448 vs. 1.5846865442228448
--------
nle(id0,id1,dist): 99 114 2.826804094907399
list:
dist: 2.826804094907399 vs. 2.826804094907399
--------
nle(id0,id1,dist): 99 115 1.8390578261801689
list:
dist: 1.8390578261801689 vs. 1.8390578261801689
--------
nle(id0,id1,dist): 99 116 2.0433912470271194
list:
dist: 2.0433912470271194 vs. 2.0433912470271194
--------
nle(id0,id1,dist): 99 117 2.0657989364184424
list:
dist: 2.0657989364184424 vs. 2.0657989364184424
--------
nle(id0,id1,dist): 99 118 3.3577655162232483
list:
dist: 3.3577655162232483 vs. 3.3577655162232483
--------
nle(id0,id1,dist): 99 119 1.5717971565335702
list:
dist: 1.5717971565335702 vs. 1.5717971565335702
--------
nle(id0,id1,dist): 98 114 3.364722754228078
list:
dist: 3.364722754228078 vs. 3.364722754228078
--------
nle(id0,id1,dist): 98 116 4.140734927614088
list:
dist: 4.140734927614088 vs. 4.140734927614088
--------
nle(id0,id1,dist): 98 106 1.3951790429438633
list:
dist: 1.3951790429438633 vs. 1.3951790429438633
--------
nle(id0,id1,dist): 98 105 2.2826966438910468
list:
dist: 2.2826966438910468 vs. 2.2826966438910468
--------
nle(id0,id1,dist): 98 104 1.8049793554682139
list:
dist: 1.8049793554682139 vs. 1.8049793554682139
--------
nle(id0,id1,dist): 98 103 1.418315848674238
list:
dist: 1.418315848674238 vs. 1.418315848674238
--------
nle(id0,id1,dist): 98 110 2.817338172037676
list:
dist: 2.817338172037676 vs. 2.817338172037676
--------
nle(id0,id1,dist): 98 109 1.5377964408146754
list:
dist: 1.5377964408146754 vs. 1.5377964408146754
--------
nle(id0,id1,dist): 98 108 2.5556768717410487
list:
dist: 2.5556768717410487 vs. 2.5556768717410487
--------
nle(id0,id1,dist): 98 107 2.3554390360059325
list:
dist: 2.3554390360059325 vs. 2.3554390360059325
--------
nle(id0,id1,dist): 98 119 4.021069376541518
list:
dist: 4.021069376541518 vs. 4.021069376541518
--------
nle(id0,id1,dist): 101 103 1.7926209576442125
list:
dist: 1.7926209576442125 vs. 1.7926209576442125
--------
nle(id0,id1,dist): 101 102 2.572966996431781
list:
dist: 2.572966996431781 vs. 2.572966996431781
--------
nle(id0,id1,dist): 101 109 1.546541395124434
list:
dist: 1.546541395124434 vs. 1.546541395124434
--------
nle(id0,id1,dist): 101 110 2.960739929855955
list:
dist: 2.960739929855955 vs. 2.960739929855955
--------
nle(id0,id1,dist): 101 104 1.9285133069127538
list:
dist: 1.9285133069127538 vs. 1.9285133069127538
--------
nle(id0,id1,dist): 101 105 2.5686581398894637
list:
dist: 2.5686581398894637 vs. 2.5686581398894637
--------
nle(id0,id1,dist): 101 106 1.6232460634081993
list:
dist: 1.6232460634081993 vs. 1.6232460634081993
--------
nle(id0,id1,dist): 101 107 2.699409502358181
list:
dist: 2.699409502358181 vs. 2.699409502358181
--------
nle(id0,id1,dist): 100 107 2.40798059100498
list:
dist: 2.40798059100498 vs. 2.40798059100498
--------
nle(id0,id1,dist): 100 106 1.786011924897762
list:
dist: 1.786011924897762 vs. 1.786011924897762
--------
nle(id0,id1,dist): 100 105 2.2152691207256625
list:
dist: 2.2152691207256625 vs. 2.2152691207256625
--------
nle(id0,id1,dist): 100 104 1.4192868052015073
list:
dist: 1.4192868052015073 vs. 1.4192868052015073
--------
nle(id0,id1,dist): 100 103 1.2473975915610955
list:
dist: 1.2473975915610955 vs. 1.2473975915610955
--------
nle(id0,id1,dist): 100 102 1.9645701981021386
list:
dist: 1.9645701981021386 vs. 1.9645701981021386
--------
nle(id0,id1,dist): 100 101 0.7964819011867246
list:
dist: 0.7964819011867246 vs. 0.7964819011867246
--------
nle(id0,id1,dist): 100 109 1.1364612831008196
list:
dist: 1.1364612831008196 vs. 1.1364612831008196
--------
nle(id0,id1,dist): 100 110 2.968787292496034
list:
dist: 2.968787292496034 vs. 2.968787292496034
--------
nle(id0,id1,dist): 103 105 1.2456022963909055
list:
dist: 1.2456022963909055 vs. 1.2456022963909055
--------
nle(id0,id1,dist): 103 104 0.6533243895572546
list:
dist: 0.6533243895572546 vs. 0.6533243895572546
--------
nle(id0,id1,dist): 103 107 1.4314136078823156
list:
dist: 1.4314136078823156 vs. 1.4314136078823156
--------
nle(id0,id1,dist): 103 106 1.571914091315341
list:
dist: 1.571914091315341 vs. 1.571914091315341
--------
nle(id0,id1,dist): 103 109 0.7739256581202391
list:
dist: 0.7739256581202391 vs. 0.7739256581202391
--------
nle(id0,id1,dist): 103 108 1.821962914829479
list:
dist: 1.821962914829479 vs. 1.821962914829479
--------
nle(id0,id1,dist): 102 106 3.507421941530817
list:
dist: 3.507421941530817 vs. 3.507421941530817
--------
nle(id0,id1,dist): 102 105 3.295519664130432
list:
dist: 3.295519664130432 vs. 3.295519664130432
--------
nle(id0,id1,dist): 102 104 2.4684730171861657
list:
dist: 2.4684730171861657 vs. 2.4684730171861657
--------
nle(id0,id1,dist): 102 103 2.5504383852900463
list:
dist: 2.5504383852900463 vs. 2.5504383852900463
--------
nle(id0,id1,dist): 102 110 4.245464240282008
list:
dist: 4.245464240282008 vs. 4.245464240282008
--------
nle(id0,id1,dist): 102 109 2.42324201769343
list:
dist: 2.42324201769343 vs. 2.42324201769343
--------
nle(id0,id1,dist): 102 107 3.5750020591216036
list:
dist: 3.5750020591216036 vs. 3.5750020591216036
--------
nle(id0,id1,dist): 104 109 0.42476524426114126
list:
dist: 0.42476524426114126 vs. 0.42476524426114126
--------
nle(id0,id1,dist): 104 110 2.0193568791528658
list:
dist: 2.0193568791528658 vs. 2.0193568791528658
--------
nle(id0,id1,dist): 104 105 0.8770333516743944
list:
dist: 0.8770333516743944 vs. 0.8770333516743944
--------
nle(id0,id1,dist): 104 106 1.4883658923771845
list:
dist: 1.4883658923771845 vs. 1.4883658923771845
--------
nle(id0,id1,dist): 104 107 1.1334266412201588
list:
dist: 1.1334266412201588 vs. 1.1334266412201588
--------
nle(id0,id1,dist): 104 108 1.6564353675635672
list:
dist: 1.6564353675635672 vs. 1.6564353675635672
--------
nle(id0,id1,dist): 104 119 2.9346269519396713
list:
dist: 2.9346269519396713 vs. 2.9346269519396713
--------
nle(id0,id1,dist): 104 114 3.277284573487901
list:
dist: 3.277284573487901 vs. 3.277284573487901
--------
nle(id0,id1,dist): 104 116 3.2587235381414463
list:
dist: 3.2587235381414463 vs. 3.2587235381414463
--------
nle(id0,id1,dist): 103 116 3.630653625831341
list:
dist: 3.630653625831341 vs. 3.630653625831341
--------
nle(id0,id1,dist): 103 114 3.4701708136189957
list:
dist: 3.4701708136189957 vs. 3.4701708136189957
--------
nle(id0,id1,dist): 103 110 2.4111569331986793
list:
dist: 2.4111569331986793 vs. 2.4111569331986793
--------
nle(id0,id1,dist): 103 119 3.3153850989892284
list:
dist: 3.3153850989892284 vs. 3.3153850989892284
--------
nle(id0,id1,dist): 147 149 3.5656078867582615
list:
dist: 3.5656078867582615 vs. 3.5656078867582615
--------
nle(id0,id1,dist): 147 148 2.318411979430384
list:
dist: 2.318411979430384 vs. 2.318411979430384
--------
nle(id0,id1,dist): 148 149 2.514354148528446
list:
dist: 2.514354148528446 vs. 2.514354148528446
--------
nle(id0,id1,dist): 146 147 2.3338928905160814
list:
dist: 2.3338928905160814 vs. 2.3338928905160814
--------
nle(id0,id1,dist): 146 148 1.6025201090993824
list:
dist: 1.6025201090993824 vs. 1.6025201090993824
--------
nle(id0,id1,dist): 146 149 2.241558964413177
list:
dist: 2.241558964413177 vs. 2.241558964413177
--------
nle(id0,id1,dist): 144 148 0.6973631696780517
list:
dist: 0.6973631696780517 vs. 0.6973631696780517
--------
nle(id0,id1,dist): 144 147 2.622135110239303
list:
dist: 2.622135110239303 vs. 2.622135110239303
--------
nle(id0,id1,dist): 144 146 1.335345891371042
list:
dist: 1.335345891371042 vs. 1.335345891371042
--------
nle(id0,id1,dist): 144 145 1.3852188424807759
list:
dist: 1.3852188424807759 vs. 1.3852188424807759
--------
nle(id0,id1,dist): 144 149 1.877444123774591
list:
dist: 1.877444123774591 vs. 1.877444123774591
--------
nle(id0,id1,dist): 145 149 1.6691645080579978
list:
dist: 1.6691645080579978 vs. 1.6691645080579978
--------
nle(id0,id1,dist): 145 148 1.6981970728841025
list:
dist: 1.6981970728841025 vs. 1.6981970728841025
--------
nle(id0,id1,dist): 145 147 1.9662368290322025
list:
dist: 1.9662368290322025 vs. 1.9662368290322025
--------
nle(id0,id1,dist): 145 146 1.1411282242487608
list:
dist: 1.1411282242487608 vs. 1.1411282242487608
--------
nle(id0,id1,dist): 142 149 1.0274931871309878
list:
dist: 1.0274931871309878 vs. 1.0274931871309878
--------
nle(id0,id1,dist): 142 147 3.268945116909411
list:
dist: 3.268945116909411 vs. 3.268945116909411
--------
nle(id0,id1,dist): 142 148 2.0886201633860426
list:
dist: 2.0886201633860426 vs. 2.0886201633860426
--------
nle(id0,id1,dist): 142 145 1.7396786542020204
list:
dist: 1.7396786542020204 vs. 1.7396786542020204
--------
nle(id0,id1,dist): 142 143 2.127690336122571
list:
dist: 2.127690336122571 vs. 2.127690336122571
--------
nle(id0,id1,dist): 142 144 1.6252608304555756
list:
dist: 1.6252608304555756 vs. 1.6252608304555756
--------
nle(id0,id1,dist): 143 146 0.7637094271469531
list:
dist: 0.7637094271469531 vs. 0.7637094271469531
--------
nle(id0,id1,dist): 143 147 2.8560370876069925
list:
dist: 2.8560370876069925 vs. 2.8560370876069925
--------
nle(id0,id1,dist): 143 148 1.3847226771166201
list:
dist: 1.3847226771166201 vs. 1.3847226771166201
--------
nle(id0,id1,dist): 143 149 1.916349570526906
list:
dist: 1.916349570526906 vs. 1.916349570526906
--------
nle(id0,id1,dist): 143 144 0.8953613816479297
list:
dist: 0.8953613816479297 vs. 0.8953613816479297
--------
nle(id0,id1,dist): 143 145 1.4060450604234953
list:
dist: 1.4060450604234953 vs. 1.4060450604234953
--------
nle(id0,id1,dist): 141 142 2.6839092980592216
list:
dist: 2.6839092980592216 vs. 2.6839092980592216
--------
nle(id0,id1,dist): 141 143 1.4026740698022049
list:
dist: 1.4026740698022049 vs. 1.4026740698022049
--------
nle(id0,id1,dist): 140 149 2.2485114153640064
list:
dist: 2.2485114153640064 vs. 2.2485114153640064
--------
nle(id0,id1,dist): 141 145 1.2845522935294065
list:
dist: 1.2845522935294065 vs. 1.2845522935294065
--------
nle(id0,id1,dist): 141 144 1.4517966836289053
list:
dist: 1.4517966836289053 vs. 1.4517966836289053
--------
nle(id0,id1,dist): 141 147 1.5692529980507695
list:
dist: 1.5692529980507695 vs. 1.5692529980507695
--------
nle(id0,id1,dist): 141 146 0.9067389082693946
list:
dist: 0.9067389082693946 vs. 0.9067389082693946
--------
nle(id0,id1,dist): 141 149 2.757866279653965
list:
dist: 2.757866279653965 vs. 2.757866279653965
--------
nle(id0,id1,dist): 141 148 1.3067401769837093
list:
dist: 1.3067401769837093 vs. 1.3067401769837093
--------
nle(id0,id1,dist): 139 144 0.9766086729035134
list:
dist: 0.9766086729035134 vs. 0.9766086729035134
--------
nle(id0,id1,dist): 139 145 1.4512110376202347
list:
dist: 1.4512110376202347 vs. 1.4512110376202347
--------
nle(id0,id1,dist): 139 142 2.0025033606028004
list:
dist: 2.0025033606028004 vs. 2.0025033606028004
--------
nle(id0,id1,dist): 139 143 1.645483671767442
list:
dist: 1.645483671767442 vs. 1.645483671767442
--------
nle(id0,id1,dist): 139 140 1.527368510529444
list:
dist: 1.527368510529444 vs. 1.527368510529444
--------
nle(id0,id1,dist): 139 141 1.1850338746913704
list:
dist: 1.1850338746913704 vs. 1.1850338746913704
--------
nle(id0,id1,dist): 139 148 0.563648768570342
list:
dist: 0.563648768570342 vs. 0.563648768570342
--------
nle(id0,id1,dist): 139 149 2.4988087112213933
list:
dist: 2.4988087112213933 vs. 2.4988087112213933
--------
nle(id0,id1,dist): 139 146 1.6653584665927905
list:
dist: 1.6653584665927905 vs. 1.6653584665927905
--------
nle(id0,id1,dist): 139 147 1.8454636657847316
list:
dist: 1.8454636657847316 vs. 1.8454636657847316
--------
nle(id0,id1,dist): 140 145 1.8358690050450808
list:
dist: 1.8358690050450808 vs. 1.8358690050450808
--------
nle(id0,id1,dist): 140 147 2.40015251360813
list:
dist: 2.40015251360813 vs. 2.40015251360813
--------
nle(id0,id1,dist): 140 148 1.9164417909951006
list:
dist: 1.9164417909951006 vs. 1.9164417909951006
--------
nle(id0,id1,dist): 140 141 2.4476082614781
list:
dist: 2.4476082614781 vs. 2.4476082614781
--------
nle(id0,id1,dist): 140 142 1.3909229533693495
list:
dist: 1.3909229533693495 vs. 1.3909229533693495
--------
nle(id0,id1,dist): 140 143 2.640316863783607
list:
dist: 2.640316863783607 vs. 2.640316863783607
--------
nle(id0,id1,dist): 140 144 1.9139500177717026
list:
dist: 1.9139500177717026 vs. 1.9139500177717026
--------
nle(id0,id1,dist): 138 141 0.7468336128846857
list:
dist: 0.7468336128846857 vs. 0.7468336128846857
--------
nle(id0,id1,dist): 138 142 2.4362857483995186
list:
dist: 2.4362857483995186 vs. 2.4362857483995186
--------
nle(id0,id1,dist): 138 139 1.1801119497960333
list:
dist: 1.1801119497960333 vs. 1.1801119497960333
--------
nle(id0,id1,dist): 138 140 2.5130591389352217
list:
dist: 2.5130591389352217 vs. 2.5130591389352217
--------
nle(id0,id1,dist): 138 149 2.466157187249613
list:
dist: 2.466157187249613 vs. 2.466157187249613
--------
nle(id0,id1,dist): 138 148 0.976102113010599
list:
dist: 0.976102113010599 vs. 0.976102113010599
--------
nle(id0,id1,dist): 138 147 2.264440044592009
list:
dist: 2.264440044592009 vs. 2.264440044592009
--------
nle(id0,id1,dist): 138 146 0.7223232801044808
list:
dist: 0.7223232801044808 vs. 0.7223232801044808
--------
nle(id0,id1,dist): 138 145 1.412782043561823
list:
dist: 1.412782043561823 vs. 1.412782043561823
--------
nle(id0,id1,dist): 138 144 0.9428631733298003
list:
dist: 0.9428631733298003 vs. 0.9428631733298003
--------
nle(id0,id1,dist): 138 143 0.7869496469775584
list:
dist: 0.7869496469775584 vs. 0.7869496469775584
--------
nle(id0,id1,dist): 137 144 1.864997611869576
list:
dist: 1.864997611869576 vs. 1.864997611869576
--------
nle(id0,id1,dist): 137 145 2.6016082510199796
list:
dist: 2.6016082510199796 vs. 2.6016082510199796
--------
nle(id0,id1,dist): 137 146 2.506624060423076
list:
dist: 2.506624060423076 vs. 2.506624060423076
--------
nle(id0,id1,dist): 137 147 2.2821366234619425
list:
dist: 2.2821366234619425 vs. 2.2821366234619425
--------
nle(id0,id1,dist): 137 140 2.379283036887579
list:
dist: 2.379283036887579 vs. 2.379283036887579
--------
nle(id0,id1,dist): 137 141 1.8486342625232288
list:
dist: 1.8486342625232288 vs. 1.8486342625232288
--------
nle(id0,id1,dist): 137 142 3.037364419985121
list:
dist: 3.037364419985121 vs. 3.037364419985121
--------
nle(id0,id1,dist): 137 143 2.4690633141439995
list:
dist: 2.4690633141439995 vs. 2.4690633141439995
--------
nle(id0,id1,dist): 137 138 1.8430615046470271
list:
dist: 1.8430615046470271 vs. 1.8430615046470271
--------
nle(id0,id1,dist): 137 139 1.1941508911072969
list:
dist: 1.1941508911072969 vs. 1.1941508911072969
--------
nle(id0,id1,dist): 137 149 3.6199834024436295
list:
dist: 3.6199834024436295 vs. 3.6199834024436295
--------
nle(id0,id1,dist): 137 148 1.1688962263690388
list:
dist: 1.1688962263690388 vs. 1.1688962263690388
--------
nle(id0,id1,dist): 136 147 1.4505431003836482
list:
dist: 1.4505431003836482 vs. 1.4505431003836482
--------
nle(id0,id1,dist): 136 148 1.436112769781515
list:
dist: 1.436112769781515 vs. 1.436112769781515
--------
nle(id0,id1,dist): 136 145 1.3093448905950589
list:
dist: 1.3093448905950589 vs. 1.3093448905950589
--------
nle(id0,id1,dist): 136 146 2.036391981014404
list:
dist: 2.036391981014404 vs. 2.036391981014404
--------
nle(id0,id1,dist): 136 149 2.4709432352110814
list:
dist: 2.4709432352110814 vs. 2.4709432352110814
--------
nle(id0,id1,dist): 136 139 0.8885672804430393
list:
dist: 0.8885672804430393 vs. 0.8885672804430393
--------
nle(id0,id1,dist): 136 140 1.0249383424084715
list:
dist: 1.0249383424084715 vs. 1.0249383424084715
--------
nle(id0,id1,dist): 136 137 1.8245643518589247
list:
dist: 1.8245643518589247 vs. 1.8245643518589247
--------
nle(id0,id1,dist): 136 138 1.8212825553760144
list:
dist: 1.8212825553760144 vs. 1.8212825553760144
--------
nle(id0,id1,dist): 136 143 2.1860195919281824
list:
dist: 2.1860195919281824 vs. 2.1860195919281824
--------
nle(id0,id1,dist): 136 144 1.6079421883377991
list:
dist: 1.6079421883377991 vs. 1.6079421883377991
--------
nle(id0,id1,dist): 136 141 1.5406478883599937
list:
dist: 1.5406478883599937 vs. 1.5406478883599937
--------
nle(id0,id1,dist): 136 142 1.91977267116965
list:
dist: 1.91977267116965 vs. 1.91977267116965
--------
nle(id0,id1,dist): 135 142 2.281567810918704
list:
dist: 2.281567810918704 vs. 2.281567810918704
--------
nle(id0,id1,dist): 135 143 2.4423991870158344
list:
dist: 2.4423991870158344 vs. 2.4423991870158344
--------
nle(id0,id1,dist): 135 144 1.6484650721257164
list:
dist: 1.6484650721257164 vs. 1.6484650721257164
--------
nle(id0,id1,dist): 135 145 2.162478164047233
list:
dist: 2.162478164047233 vs. 2.162478164047233
--------
nle(id0,id1,dist): 135 146 2.5125922176771254
list:
dist: 2.5125922176771254 vs. 2.5125922176771254
--------
nle(id0,id1,dist): 135 147 2.0947785435360986
list:
dist: 2.0947785435360986 vs. 2.0947785435360986
--------
nle(id0,id1,dist): 135 148 1.1469574432568432
list:
dist: 1.1469574432568432 vs. 1.1469574432568432
--------
nle(id0,id1,dist): 135 149 3.0266632590829534
list:
dist: 3.0266632590829534 vs. 3.0266632590829534
--------
nle(id0,id1,dist): 134 149 3.2321326739498653
list:
dist: 3.2321326739498653 vs. 3.2321326739498653
--------
nle(id0,id1,dist): 134 148 1.5065288489650932
list:
dist: 1.5065288489650932 vs. 1.5065288489650932
--------
nle(id0,id1,dist): 134 147 1.3781542502089994
list:
dist: 1.3781542502089994 vs. 1.3781542502089994
--------
nle(id0,id1,dist): 135 140 1.3964395117709556
list:
dist: 1.3964395117709556 vs. 1.3964395117709556
--------
nle(id0,id1,dist): 135 141 1.9441149483368656
list:
dist: 1.9441149483368656 vs. 1.9441149483368656
--------
nle(id0,id1,dist): 135 138 1.989150213275658
list:
dist: 1.989150213275658 vs. 1.989150213275658
--------
nle(id0,id1,dist): 135 139 0.8478805978262718
list:
dist: 0.8478805978262718 vs. 0.8478805978262718
--------
nle(id0,id1,dist): 135 136 1.1008572065279736
list:
dist: 1.1008572065279736 vs. 1.1008572065279736
--------
nle(id0,id1,dist): 135 137 1.015068351672263
list:
dist: 1.015068351672263 vs. 1.015068351672263
--------
nle(id0,id1,dist): 134 135 0.7651112380395353
list:
dist: 0.7651112380395353 vs. 0.7651112380395353
--------
nle(id0,id1,dist): 134 136 0.8375949387135985
list:
dist: 0.8375949387135985 vs. 0.8375949387135985
--------
nle(id0,id1,dist): 134 137 1.278165993070399
list:
dist: 1.278165993070399 vs. 1.278165993070399
--------
nle(id0,id1,dist): 134 138 2.0477570531201925
list:
dist: 2.0477570531201925 vs. 2.0477570531201925
--------
nle(id0,id1,dist): 134 143 2.6105038950848045
list:
dist: 2.6105038950848045 vs. 2.6105038950848045
--------
nle(id0,id1,dist): 134 144 1.9825062011620984
list:
dist: 1.9825062011620984 vs. 1.9825062011620984
--------
nle(id0,id1,dist): 134 145 2.024011383282134
list:
dist: 2.024011383282134 vs. 2.024011383282134
--------
nle(id0,id1,dist): 134 146 2.44985657310853
list:
dist: 2.44985657310853 vs. 2.44985657310853
--------
nle(id0,id1,dist): 134 139 1.0153447599198113
list:
dist: 1.0153447599198113 vs. 1.0153447599198113
--------
nle(id0,id1,dist): 134 140 1.544482163228325
list:
dist: 1.544482163228325 vs. 1.544482163228325
--------
nle(id0,id1,dist): 134 141 1.7172345198741048
list:
dist: 1.7172345198741048 vs. 1.7172345198741048
--------
nle(id0,id1,dist): 134 142 2.6030690798933245
list:
dist: 2.6030690798933245 vs. 2.6030690798933245
--------
nle(id0,id1,dist): 133 135 1.8550086483647785
list:
dist: 1.8550086483647785 vs. 1.8550086483647785
--------
nle(id0,id1,dist): 133 134 1.2825873555547165
list:
dist: 1.2825873555547165 vs. 1.2825873555547165
--------
nle(id0,id1,dist): 133 139 2.286400135298402
list:
dist: 2.286400135298402 vs. 2.286400135298402
--------
nle(id0,id1,dist): 133 136 1.9454850090107412
list:
dist: 1.9454850090107412 vs. 1.9454850090107412
--------
nle(id0,id1,dist): 133 137 2.0996250065400637
list:
dist: 2.0996250065400637 vs. 2.0996250065400637
--------
nle(id0,id1,dist): 133 141 2.7240985736172183
list:
dist: 2.7240985736172183 vs. 2.7240985736172183
--------
nle(id0,id1,dist): 133 147 1.6530996470729726
list:
dist: 1.6530996470729726 vs. 1.6530996470729726
--------
nle(id0,id1,dist): 133 148 2.739251516309241
list:
dist: 2.739251516309241 vs. 2.739251516309241
--------
nle(id0,id1,dist): 132 134 0.7392807339131131
list:
dist: 0.7392807339131131 vs. 0.7392807339131131
--------
nle(id0,id1,dist): 132 133 0.7914264777343384
list:
dist: 0.7914264777343384 vs. 0.7914264777343384
--------
nle(id0,id1,dist): 132 136 1.3114484086699663
list:
dist: 1.3114484086699663 vs. 1.3114484086699663
--------
nle(id0,id1,dist): 132 135 1.2114422880359166
list:
dist: 1.2114422880359166 vs. 1.2114422880359166
--------
nle(id0,id1,dist): 132 138 2.7847334600249076
list:
dist: 2.7847334600249076 vs. 2.7847334600249076
--------
nle(id0,id1,dist): 132 137 1.7902430917091736
list:
dist: 1.7902430917091736 vs. 1.7902430917091736
--------
nle(id0,id1,dist): 132 140 1.7000558931130376
list:
dist: 1.7000558931130376 vs. 1.7000558931130376
--------
nle(id0,id1,dist): 132 139 1.7182058666614177
list:
dist: 1.7182058666614177 vs. 1.7182058666614177
--------
nle(id0,id1,dist): 132 141 2.4149348888970033
list:
dist: 2.4149348888970033 vs. 2.4149348888970033
--------
nle(id0,id1,dist): 132 142 2.9906653674427495
list:
dist: 2.9906653674427495 vs. 2.9906653674427495
--------
nle(id0,id1,dist): 132 143 3.323084511817686
list:
dist: 3.323084511817686 vs. 3.323084511817686
--------
nle(id0,id1,dist): 132 144 2.655842827689075
list:
dist: 2.655842827689075 vs. 2.655842827689075
--------
nle(id0,id1,dist): 132 145 2.5937172456338127
list:
dist: 2.5937172456338127 vs. 2.5937172456338127
--------
nle(id0,id1,dist): 132 146 3.153284101428104
list:
dist: 3.153284101428104 vs. 3.153284101428104
--------
nle(id0,id1,dist): 132 147 1.6446512944539438
list:
dist: 1.6446512944539438 vs. 1.6446512944539438
--------
nle(id0,id1,dist): 132 148 2.199646588828545
list:
dist: 2.199646588828545 vs. 2.199646588828545
--------
nle(id0,id1,dist): 132 149 3.716585108010195
list:
dist: 3.716585108010195 vs. 3.716585108010195
--------
nle(id0,id1,dist): 131 147 2.4059497137573875
list:
dist: 2.4059497137573875 vs. 2.4059497137573875
--------
nle(id0,id1,dist): 131 146 1.788132803852159
list:
dist: 1.788132803852159 vs. 1.788132803852159
--------
nle(id0,id1,dist): 131 149 1.6138562194973043
list:
dist: 1.6138562194973043 vs. 1.6138562194973043
--------
nle(id0,id1,dist): 131 148 1.1390260285760494
list:
dist: 1.1390260285760494 vs. 1.1390260285760494
--------
nle(id0,id1,dist): 131 142 1.0347419002855085
list:
dist: 1.0347419002855085 vs. 1.0347419002855085
--------
nle(id0,id1,dist): 131 143 1.5653801141731494
list:
dist: 1.5653801141731494 vs. 1.5653801141731494
--------
nle(id0,id1,dist): 131 144 0.86364545811563
list:
dist: 0.86364545811563 vs. 0.86364545811563
--------
nle(id0,id1,dist): 131 145 1.1739166822943645
list:
dist: 1.1739166822943645 vs. 1.1739166822943645
--------
nle(id0,id1,dist): 131 138 1.574523663558625
list:
dist: 1.574523663558625 vs. 1.574523663558625
--------
nle(id0,id1,dist): 131 139 0.9730712498397251
list:
dist: 0.9730712498397251 vs. 0.9730712498397251
--------
nle(id0,id1,dist): 131 140 1.0956439361968193
list:
dist: 1.0956439361968193 vs. 1.0956439361968193
--------
nle(id0,id1,dist): 131 141 1.7496370000746966
list:
dist: 1.7496370000746966 vs. 1.7496370000746966
--------
nle(id0,id1,dist): 131 134 1.6891205298710001
list:
dist: 1.6891205298710001 vs. 1.6891205298710001
--------
nle(id0,id1,dist): 131 135 1.4157348021693323
list:
dist: 1.4157348021693323 vs. 1.4157348021693323
--------
nle(id0,id1,dist): 131 136 1.0804928604865136
list:
dist: 1.0804928604865136 vs. 1.0804928604865136
--------
nle(id0,id1,dist): 131 137 2.0765001380249952
list:
dist: 2.0765001380249952 vs. 2.0765001380249952
--------
nle(id0,id1,dist): 131 132 2.223389605381202
list:
dist: 2.223389605381202 vs. 2.223389605381202
--------
nle(id0,id1,dist): 130 149 3.576905753158633
list:
dist: 3.576905753158633 vs. 3.576905753158633
--------
nle(id0,id1,dist): 130 147 1.8246104193869714
list:
dist: 1.8246104193869714 vs. 1.8246104193869714
--------
nle(id0,id1,dist): 130 148 2.3830203268021686
list:
dist: 2.3830203268021686 vs. 2.3830203268021686
--------
nle(id0,id1,dist): 130 145 2.5775810561710086
list:
dist: 2.5775810561710086 vs. 2.5775810561710086
--------
nle(id0,id1,dist): 130 146 3.2856048653015004
list:
dist: 3.2856048653015004 vs. 3.2856048653015004
--------
nle(id0,id1,dist): 130 141 2.6252477093231006
list:
dist: 2.6252477093231006 vs. 2.6252477093231006
--------
nle(id0,id1,dist): 130 142 2.816063210303594
list:
dist: 2.816063210303594 vs. 2.816063210303594
--------
nle(id0,id1,dist): 130 139 1.877466884491545
list:
dist: 1.877466884491545 vs. 1.877466884491545
--------
nle(id0,id1,dist): 130 140 1.452778753256626
list:
dist: 1.452778753256626 vs. 1.452778753256626
--------
nle(id0,id1,dist): 130 137 2.144201110080258
list:
dist: 2.144201110080258 vs. 2.144201110080258
--------
nle(id0,id1,dist): 130 135 1.3869766748999262
list:
dist: 1.3869766748999262 vs. 1.3869766748999262
--------
nle(id0,id1,dist): 130 136 1.298542348428159
list:
dist: 1.298542348428159 vs. 1.298542348428159
--------
nle(id0,id1,dist): 130 132 0.4626225710830855
list:
dist: 0.4626225710830855 vs. 0.4626225710830855
--------
nle(id0,id1,dist): 130 131 2.179283940632863
list:
dist: 2.179283940632863 vs. 2.179283940632863
--------
nle(id0,id1,dist): 130 134 1.0162821409739977
list:
dist: 1.0162821409739977 vs. 1.0162821409739977
--------
nle(id0,id1,dist): 130 133 1.1126530648503434
list:
dist: 1.1126530648503434 vs. 1.1126530648503434
--------
nle(id0,id1,dist): 129 148 3.1526210355232416
list:
dist: 3.1526210355232416 vs. 3.1526210355232416
--------
nle(id0,id1,dist): 129 141 3.076364720851502
list:
dist: 3.076364720851502 vs. 3.076364720851502
--------
nle(id0,id1,dist): 129 147 2.9156259840891883
list:
dist: 2.9156259840891883 vs. 2.9156259840891883
--------
nle(id0,id1,dist): 129 135 2.932416250940144
list:
dist: 2.932416250940144 vs. 2.932416250940144
--------
nle(id0,id1,dist): 129 134 2.704976509094142
list:
dist: 2.704976509094142 vs. 2.704976509094142
--------
nle(id0,id1,dist): 129 133 2.482655105474532
list:
dist: 2.482655105474532 vs. 2.482655105474532
--------
nle(id0,id1,dist): 129 132 2.868015717797679
list:
dist: 2.868015717797679 vs. 2.868015717797679
--------
nle(id0,id1,dist): 129 139 3.0903654923721184
list:
dist: 3.0903654923721184 vs. 3.0903654923721184
--------
nle(id0,id1,dist): 129 138 3.369412154392421
list:
dist: 3.369412154392421 vs. 3.369412154392421
--------
nle(id0,id1,dist): 129 137 2.1375668373803474
list:
dist: 2.1375668373803474 vs. 2.1375668373803474
--------
nle(id0,id1,dist): 129 136 3.447491081250174
list:
dist: 3.447491081250174 vs. 3.447491081250174
--------
nle(id0,id1,dist): 129 130 3.329857752931649
list:
dist: 3.329857752931649 vs. 3.329857752931649
--------
nle(id0,id1,dist): 128 147 2.00538757148055
list:
dist: 2.00538757148055 vs. 2.00538757148055
--------
nle(id0,id1,dist): 128 148 1.6116318388847783
list:
dist: 1.6116318388847783 vs. 1.6116318388847783
--------
nle(id0,id1,dist): 128 133 1.6487927425264781
list:
dist: 1.6487927425264781 vs. 1.6487927425264781
--------
nle(id0,id1,dist): 128 134 1.1530344872412042
list:
dist: 1.1530344872412042 vs. 1.1530344872412042
--------
nle(id0,id1,dist): 128 135 1.214071240048258
list:
dist: 1.214071240048258 vs. 1.214071240048258
--------
nle(id0,id1,dist): 128 136 1.877937758198152
list:
dist: 1.877937758198152 vs. 1.877937758198152
--------
nle(id0,id1,dist): 128 129 1.723871179827549
list:
dist: 1.723871179827549 vs. 1.723871179827549
--------
nle(id0,id1,dist): 128 130 1.9585091528642324
list:
dist: 1.9585091528642324 vs. 1.9585091528642324
--------
nle(id0,id1,dist): 128 132 1.534182583035277
list:
dist: 1.534182583035277 vs. 1.534182583035277
--------
nle(id0,id1,dist): 128 141 1.952403946465414
list:
dist: 1.952403946465414 vs. 1.952403946465414
--------
nle(id0,id1,dist): 128 137 0.5769800890880711
list:
dist: 0.5769800890880711 vs. 0.5769800890880711
--------
nle(id0,id1,dist): 128 138 2.147935306349724
list:
dist: 2.147935306349724 vs. 2.147935306349724
--------
nle(id0,id1,dist): 128 139 1.4712580316747983
list:
dist: 1.4712580316747983 vs. 1.4712580316747983
--------
nle(id0,id1,dist): 126 139 1.6776781623930392
list:
dist: 1.6776781623930392 vs. 1.6776781623930392
--------
nle(id0,id1,dist): 126 140 1.5164592123372838
list:
dist: 1.5164592123372838 vs. 1.5164592123372838
--------
nle(id0,id1,dist): 126 141 2.7121630036758804
list:
dist: 2.7121630036758804 vs. 2.7121630036758804
--------
nle(id0,id1,dist): 126 142 2.70077659488691
list:
dist: 2.70077659488691 vs. 2.70077659488691
--------
nle(id0,id1,dist): 126 143 3.2778109254668095
list:
dist: 3.2778109254668095 vs. 3.2778109254668095
--------
nle(id0,id1,dist): 126 144 2.458928340522127
list:
dist: 2.458928340522127 vs. 2.458928340522127
--------
nle(id0,id1,dist): 126 145 2.810171252307436
list:
dist: 2.810171252307436 vs. 2.810171252307436
--------
nle(id0,id1,dist): 126 147 2.4231354192058903
list:
dist: 2.4231354192058903 vs. 2.4231354192058903
--------
nle(id0,id1,dist): 126 148 2.0067422053056574
list:
dist: 2.0067422053056574 vs. 2.0067422053056574
--------
nle(id0,id1,dist): 126 149 3.577334100905679
list:
dist: 3.577334100905679 vs. 3.577334100905679
--------
nle(id0,id1,dist): 126 128 1.6045117440352552
list:
dist: 1.6045117440352552 vs. 1.6045117440352552
--------
nle(id0,id1,dist): 126 130 0.9983599663740201
list:
dist: 0.9983599663740201 vs. 0.9983599663740201
--------
nle(id0,id1,dist): 126 129 3.1367128066751016
list:
dist: 3.1367128066751016 vs. 3.1367128066751016
--------
nle(id0,id1,dist): 126 132 0.9352670879645514
list:
dist: 0.9352670879645514 vs. 0.9352670879645514
--------
nle(id0,id1,dist): 126 131 2.0437691300091085
list:
dist: 2.0437691300091085 vs. 2.0437691300091085
--------
nle(id0,id1,dist): 126 134 1.1127306337547431
list:
dist: 1.1127306337547431 vs. 1.1127306337547431
--------
nle(id0,id1,dist): 126 133 1.5804556923553121
list:
dist: 1.5804556923553121 vs. 1.5804556923553121
--------
nle(id0,id1,dist): 126 136 1.5599867613196445
list:
dist: 1.5599867613196445 vs. 1.5599867613196445
--------
nle(id0,id1,dist): 126 135 0.8650835500343935
list:
dist: 0.8650835500343935 vs. 0.8650835500343935
--------
nle(id0,id1,dist): 126 138 2.841817362743079
list:
dist: 2.841817362743079 vs. 2.841817362743079
--------
nle(id0,id1,dist): 126 137 1.6129477109271038
list:
dist: 1.6129477109271038 vs. 1.6129477109271038
--------
nle(id0,id1,dist): 125 146 2.5564338721498907
list:
dist: 2.5564338721498907 vs. 2.5564338721498907
--------
nle(id0,id1,dist): 125 147 2.3833625913314593
list:
dist: 2.3833625913314593 vs. 2.3833625913314593
--------
nle(id0,id1,dist): 125 144 1.5978625721860689
list:
dist: 1.5978625721860689 vs. 1.5978625721860689
--------
nle(id0,id1,dist): 125 145 2.3543804342466976
list:
dist: 2.3543804342466976 vs. 2.3543804342466976
--------
nle(id0,id1,dist): 125 148 1.0366837925705015
list:
dist: 1.0366837925705015 vs. 1.0366837925705015
--------
nle(id0,id1,dist): 125 149 3.1256408352669243
list:
dist: 3.1256408352669243 vs. 3.1256408352669243
--------
nle(id0,id1,dist): 125 131 1.5412162381704075
list:
dist: 1.5412162381704075 vs. 1.5412162381704075
--------
nle(id0,id1,dist): 125 130 1.7528813659913416
list:
dist: 1.7528813659913416 vs. 1.7528813659913416
--------
nle(id0,id1,dist): 125 129 2.8638087401592505
list:
dist: 2.8638087401592505 vs. 2.8638087401592505
--------
nle(id0,id1,dist): 125 128 1.1680046704870475
list:
dist: 1.1680046704870475 vs. 1.1680046704870475
--------
nle(id0,id1,dist): 125 135 0.39515096036122954
list:
dist: 0.39515096036122954 vs. 0.39515096036122954
--------
nle(id0,id1,dist): 125 134 1.0955847412840323
list:
dist: 1.0955847412840323 vs. 1.0955847412840323
--------
nle(id0,id1,dist): 125 133 2.1238093949855186
list:
dist: 2.1238093949855186 vs. 2.1238093949855186
--------
nle(id0,id1,dist): 125 132 1.5462292522406442
list:
dist: 1.5462292522406442 vs. 1.5462292522406442
--------
nle(id0,id1,dist): 125 139 0.9458986023940777
list:
dist: 0.9458986023940777 vs. 0.9458986023940777
--------
nle(id0,id1,dist): 125 138 1.958342709171486
list:
dist: 1.958342709171486 vs. 1.958342709171486
--------
nle(id0,id1,dist): 125 137 0.8105262136932879
list:
dist: 0.8105262136932879 vs. 0.8105262136932879
--------
nle(id0,id1,dist): 125 136 1.4370847705296939
list:
dist: 1.4370847705296939 vs. 1.4370847705296939
--------
nle(id0,id1,dist): 125 143 2.4037434580743366
list:
dist: 2.4037434580743366 vs. 2.4037434580743366
--------
nle(id0,id1,dist): 125 142 2.3935319086863664
list:
dist: 2.3935319086863664 vs. 2.3935319086863664
--------
nle(id0,id1,dist): 125 141 2.030646832370122
list:
dist: 2.030646832370122 vs. 2.030646832370122
--------
nle(id0,id1,dist): 125 140 1.685749748952434
list:
dist: 1.685749748952434 vs. 1.685749748952434
2. Check the NeighborList query for coordinates against the neighbor list for consistency
list:
dist: 1.08005594658148 vs. 1.08005594658148
list:
dist: 2.159027411086374 vs. 2.159027411086374
list:
dist: 1.5000806895630474 vs. 1.5000806895630474
list:
dist: 2.1192915356818904 vs. 2.1192915356818904
list:
dist: 1.4201771595475592 vs. 1.4201771595475592
list:
dist: 2.7534029524204775 vs. 2.7534029524204775
list:
dist: 2.431537072755086 vs. 2.431537072755086
list:
dist: 2.1192915356818904 vs. 2.1192915356818904
list:
dist: 1.666555658871506 vs. 1.666555658871506
list:
dist: 1.7391343595115292 vs. 1.7391343595115292
list:
dist: 1.6048190107572904 vs. 1.6048190107572904
list:
dist: 2.287010854368651 vs. 2.287010854368651
list:
dist: 3.402604886939977 vs. 3.402604886939977
list:
dist: 2.356461047309863 vs. 2.356461047309863
list:
dist: 2.0865702509705204 vs. 2.0865702509705204
list:
dist: 1.6982278197655818 vs. 1.6982278197655818
list:
dist: 2.2722080842625982 vs. 2.2722080842625982
list:
dist: 2.0017090112480243 vs. 2.0017090112480243
list:
dist: 2.7235126855598604 vs. 2.7235126855598604
list:
dist: 2.16690280988053 vs. 2.16690280988053
list:
dist: 2.3185928731306746 vs. 2.3185928731306746
list:
dist: 3.684200964500268 vs. 3.684200964500268
list:
dist: 4.356199220630946 vs. 4.356199220630946
list:
dist: 2.699308271969157 vs. 2.699308271969157
list:
dist: 3.411573770762939 vs. 3.411573770762939
list:
dist: 3.502477554127943 vs. 3.502477554127943
list:
dist: 4.918830715300073 vs. 4.918830715300073
list:
dist: 4.661177338292348 vs. 4.661177338292348
list:
dist: 4.528549895685266 vs. 4.528549895685266
list:
dist: 3.38976336031261 vs. 3.38976336031261
list:
dist: 2.211453184360418 vs. 2.211453184360418
list:
dist: 2.8442607190849793 vs. 2.8442607190849793
list:
dist: 2.0865702509705204 vs. 2.0865702509705204
list:
dist: 0.7070900124771796 vs. 0.7070900124771796
list:
dist: 2.2728515738622477 vs. 2.2728515738622477
list:
dist: 1.7192228428070764 vs. 1.7192228428070764
list:
dist: 2.535951780068466 vs. 2.535951780068466
list:
dist: 1.8119046235670397 vs. 1.8119046235670397
list:
dist: 1.2150480938242039 vs. 1.2150480938242039
list:
dist: 2.8839851807990837 vs. 2.8839851807990837
list:
dist: 2.0318204002051714 vs. 2.0318204002051714
list:
dist: 2.3985204482210625 vs. 2.3985204482210625
list:
dist: 1.6982278197655818 vs. 1.6982278197655818
list:
dist: 0.7070900124771796 vs. 0.7070900124771796
list:
dist: 1.647732112286088 vs. 1.647732112286088
list:
dist: 1.151443587723304 vs. 1.151443587723304
list:
dist: 2.1524022199886517 vs. 2.1524022199886517
list:
dist: 1.5342521904028472 vs. 1.5342521904028472
list:
dist: 0.8490177629665906 vs. 0.8490177629665906
list:
dist: 1.08005594658148 vs. 1.08005594658148
list:
dist: 1.9066081399238268 vs. 1.9066081399238268
list:
dist: 0.8565304201673202 vs. 0.8565304201673202
list:
dist: 1.666555658871506 vs. 1.666555658871506
list:
dist: 1.2489738085041193 vs. 1.2489738085041193
list:
dist: 2.579514735821588 vs. 2.579514735821588
list:
dist: 1.9761586433539233 vs. 1.9761586433539233
list:
dist: 3.38976336031261 vs. 3.38976336031261
list:
dist: 2.8839851807990837 vs. 2.8839851807990837
list:
dist: 2.423661138709254 vs. 2.423661138709254
list:
dist: 2.445727031704261 vs. 2.445727031704261
list:
dist: 2.579904756836755 vs. 2.579904756836755
list:
dist: 2.45915928964057 vs. 2.45915928964057
list:
dist: 3.107001722753934 vs. 3.107001722753934
list:
dist: 3.4646884251319308 vs. 3.4646884251319308
list:
dist: 3.841926416627752 vs. 3.841926416627752
list:
dist: 2.1264160857228864 vs. 2.1264160857228864
list:
dist: 2.987401921346261 vs. 2.987401921346261
list:
dist: 3.4347137932105527 vs. 3.4347137932105527
list:
dist: 4.251211874604595 vs. 4.251211874604595
list:
dist: 3.9786119937054836 vs. 3.9786119937054836
list:
dist: 4.215260155345244 vs. 4.215260155345244
list:
dist: 2.45915928964057 vs. 2.45915928964057
list:
dist: 1.1734778588158847 vs. 1.1734778588158847
list:
dist: 1.6670123008757542 vs. 1.6670123008757542
list:
dist: 2.16690280988053 vs. 2.16690280988053
list:
dist: 2.050115198370277 vs. 2.050115198370277
list:
dist: 2.1590126753556476 vs. 2.1590126753556476
list:
dist: 1.04891645151277 vs. 1.04891645151277
list:
dist: 1.8119046235670397 vs. 1.8119046235670397
list:
dist: 1.5342521904028472 vs. 1.5342521904028472
list:
dist: 1.3984186470148803 vs. 1.3984186470148803
list:
dist: 0.9379809113286499 vs. 0.9379809113286499
list:
dist: 0.8455392629602739 vs. 0.8455392629602739
list:
dist: 1.2112518481304528 vs. 1.2112518481304528
list:
dist: 1.7238764656778285 vs. 1.7238764656778285
list:
dist: 2.5473096432336435 vs. 2.5473096432336435
list:
dist: 1.5166291354384225 vs. 1.5166291354384225
list:
dist: 1.502501717147475 vs. 1.502501717147475
list:
dist: 1.3775877628859228 vs. 1.3775877628859228
list:
dist: 3.0347795181328157 vs. 3.0347795181328157
list:
dist: 2.8138068114313195 vs. 2.8138068114313195
list:
dist: 2.4251787732680996 vs. 2.4251787732680996
list:
dist: 3.1042317970684907 vs. 3.1042317970684907
list:
dist: 3.4649385223552813 vs. 3.4649385223552813
list:
dist: 2.665763082733813 vs. 2.665763082733813
list:
dist: 1.4201771595475592 vs. 1.4201771595475592
list:
dist: 1.2489738085041193 vs. 1.2489738085041193
list:
dist: 1.3509462116699846 vs. 1.3509462116699846
list:
dist: 0.7864458834299833 vs. 0.7864458834299833
list:
dist: 2.287010854368651 vs. 2.287010854368651
list:
dist: 1.3939712607447374 vs. 1.3939712607447374
list:
dist: 1.1421410414091013 vs. 1.1421410414091013
list:
dist: 2.4320230473791478 vs. 2.4320230473791478
list:
dist: 2.02400089060034 vs. 2.02400089060034
list:
dist: 2.5847626893283167 vs. 2.5847626893283167
list:
dist: 2.4835542311972465 vs. 2.4835542311972465
list:
dist: 2.1158980249625285 vs. 2.1158980249625285
list:
dist: 2.050115198370277 vs. 2.050115198370277
list:
dist: 3.0914659794542327 vs. 3.0914659794542327
list:
dist: 2.9423476176930676 vs. 2.9423476176930676
list:
dist: 3.312907496943867 vs. 3.312907496943867
list:
dist: 1.9138342701818352 vs. 1.9138342701818352
list:
dist: 2.250316666718687 vs. 2.250316666718687
list:
dist: 2.615692034774943 vs. 2.615692034774943
list:
dist: 3.2290102405477046 vs. 3.2290102405477046
list:
dist: 3.215406206872781 vs. 3.215406206872781
list:
dist: 3.339623702138563 vs. 3.339623702138563
list:
dist: 2.445727031704261 vs. 2.445727031704261
list:
dist: 1.8210268874765865 vs. 1.8210268874765865
list:
dist: 1.8719494733955355 vs. 1.8719494733955355
list:
dist: 2.0017090112480243 vs. 2.0017090112480243
list:
dist: 2.4835542311972465 vs. 2.4835542311972465
list:
dist: 2.8521231089488652 vs. 2.8521231089488652
list:
dist: 1.7282329850027285 vs. 1.7282329850027285
list:
dist: 1.7192228428070764 vs. 1.7192228428070764
list:
dist: 1.151443587723304 vs. 1.151443587723304
list:
dist: 0.6081793681820548 vs. 0.6081793681820548
list:
dist: 1.1424467605790982 vs. 1.1424467605790982
list:
dist: 0.9379809113286499 vs. 0.9379809113286499
list:
dist: 0.7630452517029599 vs. 0.7630452517029599
list:
dist: 1.8757350567134008 vs. 1.8757350567134008
list:
dist: 2.630201146873874 vs. 2.630201146873874
list:
dist: 1.429939079868919 vs. 1.429939079868919
list:
dist: 1.9607698907882334 vs. 1.9607698907882334
list:
dist: 2.0805558064538796 vs. 2.0805558064538796
list:
dist: 3.6292821885097317 vs. 3.6292821885097317
list:
dist: 3.137989319643353 vs. 3.137989319643353
list:
dist: 2.9547557110069884 vs. 2.9547557110069884
list:
dist: 3.0679394931545736 vs. 3.0679394931545736
list:
dist: 3.473619862848656 vs. 3.473619862848656
list:
dist: 2.8028127519090162 vs. 2.8028127519090162
list:
dist: 2.159027411086374 vs. 2.159027411086374
list:
dist: 1.9066081399238268 vs. 1.9066081399238268
list:
dist: 1.1379663858569415 vs. 1.1379663858569415
list:
dist: 1.7391343595115292 vs. 1.7391343595115292
list:
dist: 1.3509462116699846 vs. 1.3509462116699846
list:
dist: 1.9002531696085447 vs. 1.9002531696085447
list:
dist: 0.9373086690229162 vs. 0.9373086690229162
list:
dist: 2.211453184360418 vs. 2.211453184360418
list:
dist: 2.0318204002051714 vs. 2.0318204002051714
list:
dist: 2.2252220795628532 vs. 2.2252220795628532
list:
dist: 1.8210268874765865 vs. 1.8210268874765865
list:
dist: 1.7596935587219613 vs. 1.7596935587219613
list:
dist: 1.1734778588158847 vs. 1.1734778588158847
list:
dist: 2.15967103760861 vs. 2.15967103760861
list:
dist: 2.699277711339329 vs. 2.699277711339329
list:
dist: 3.389722218646189 vs. 3.389722218646189
list:
dist: 2.083731925536164 vs. 2.083731925536164
list:
dist: 2.1721597805574 vs. 2.1721597805574
list:
dist: 2.0883517265154437 vs. 2.0883517265154437
list:
dist: 3.4129412910510024 vs. 3.4129412910510024
list:
dist: 3.439720026199489 vs. 3.439720026199489
list:
dist: 3.1262472259339535 vs. 3.1262472259339535
list:
dist: 2.423661138709254 vs. 2.423661138709254
list:
dist: 2.2252220795628532 vs. 2.2252220795628532
list:
dist: 1.9769060472187487 vs. 1.9769060472187487
list:
dist: 2.2722080842625982 vs. 2.2722080842625982
list:
dist: 2.5847626893283167 vs. 2.5847626893283167
list:
dist: 2.964385453654044 vs. 2.964385453654044
list:
dist: 1.9516902262806848 vs. 1.9516902262806848
list:
dist: 2.2728515738622477 vs. 2.2728515738622477
list:
dist: 1.647732112286088 vs. 1.647732112286088
list:
dist: 0.6081793681820548 vs. 0.6081793681820548
list:
dist: 1.2344732003097312 vs. 1.2344732003097312
list:
dist: 1.3984186470148803 vs. 1.3984186470148803
list:
dist: 1.2387208841564 vs. 1.2387208841564
list:
dist: 1.8060988300306133 vs. 1.8060988300306133
list:
dist: 2.4000637293420373 vs. 2.4000637293420373
list:
dist: 1.1618579618356253 vs. 1.1618579618356253
list:
dist: 1.9797167099581356 vs. 1.9797167099581356
list:
dist: 2.3291469040667594 vs. 2.3291469040667594
list:
dist: 3.6455217216948625 vs. 3.6455217216948625
list:
dist: 2.996143201914519 vs. 2.996143201914519
list:
dist: 3.0305548904472435 vs. 3.0305548904472435
list:
dist: 2.8932782998158992 vs. 2.8932782998158992
list:
dist: 3.195224921728029 vs. 3.195224921728029
list:
dist: 2.773617427516531 vs. 2.773617427516531
list:
dist: 3.107001722753934 vs. 3.107001722753934
list:
dist: 2.15967103760861 vs. 2.15967103760861
list:
dist: 2.505045027817555 vs. 2.505045027817555
list:
dist: 2.3185928731306746 vs. 2.3185928731306746
list:
dist: 3.0914659794542327 vs. 3.0914659794542327
list:
dist: 3.344159823551872 vs. 3.344159823551872
list:
dist: 2.224813037165377 vs. 2.224813037165377
list:
dist: 1.2150480938242039 vs. 1.2150480938242039
list:
dist: 0.8490177629665906 vs. 0.8490177629665906
list:
dist: 1.2387208841564 vs. 1.2387208841564
list:
dist: 0.7630452517029599 vs. 0.7630452517029599
list:
dist: 1.601849642552048 vs. 1.601849642552048
list:
dist: 1.2112518481304528 vs. 1.2112518481304528
list:
dist: 2.1380461118323195 vs. 2.1380461118323195
list:
dist: 2.983363797851588 vs. 2.983363797851588
list:
dist: 2.1199435342254422 vs. 2.1199435342254422
list:
dist: 2.360525981733445 vs. 2.360525981733445
list:
dist: 2.205771005038637 vs. 2.205771005038637
list:
dist: 3.9445542934708633 vs. 3.9445542934708633
list:
dist: 3.5156896290247364 vs. 3.5156896290247364
list:
dist: 3.1080617365548084 vs. 3.1080617365548084
list:
dist: 3.1404290636927885 vs. 3.1404290636927885
list:
dist: 3.751007110046451 vs. 3.751007110046451
list:
dist: 2.7943631286284654 vs. 2.7943631286284654
list:
dist: 1.5000806895630474 vs. 1.5000806895630474
list:
dist: 0.8565304201673202 vs. 0.8565304201673202
list:
dist: 1.1379663858569415 vs. 1.1379663858569415
list:
dist: 1.6048190107572904 vs. 1.6048190107572904
list:
dist: 0.7864458834299833 vs. 0.7864458834299833
list:
dist: 1.9377518424765845 vs. 1.9377518424765845
list:
dist: 1.1396244943681715 vs. 1.1396244943681715
list:
dist: 2.8442607190849793 vs. 2.8442607190849793
list:
dist: 2.3985204482210625 vs. 2.3985204482210625
list:
dist: 1.9769060472187487 vs. 1.9769060472187487
list:
dist: 1.8719494733955355 vs. 1.8719494733955355
list:
dist: 1.8444233196366608 vs. 1.8444233196366608
list:
dist: 1.6670123008757542 vs. 1.6670123008757542
list:
dist: 2.505045027817555 vs. 2.505045027817555
list:
dist: 2.7779687098538 vs. 2.7779687098538
list:
dist: 3.2607983795885476 vs. 3.2607983795885476
list:
dist: 1.615195011566792 vs. 1.615195011566792
list:
dist: 2.2557396939881937 vs. 2.2557396939881937
list:
dist: 2.6057514174016245 vs. 2.6057514174016245
list:
dist: 3.5712219271005536 vs. 3.5712219271005536
list:
dist: 3.3698187957545596 vs. 3.3698187957545596
list:
dist: 3.4500738862782723 vs. 3.4500738862782723
list:
dist: 3.4646884251319308 vs. 3.4646884251319308
list:
dist: 2.699277711339329 vs. 2.699277711339329
list:
dist: 2.7779687098538 vs. 2.7779687098538
list:
dist: 3.684200964500268 vs. 3.684200964500268
list:
dist: 2.9423476176930676 vs. 2.9423476176930676
list:
dist: 2.402709804190265 vs. 2.402709804190265
list:
dist: 1.9745721394673836 vs. 1.9745721394673836
list:
dist: 3.3775549122270068 vs. 3.3775549122270068
list:
dist: 2.624726189828832 vs. 2.624726189828832
list:
dist: 1.8060988300306133 vs. 1.8060988300306133
list:
dist: 1.8757350567134008 vs. 1.8757350567134008
list:
dist: 0.9926823651474571 vs. 0.9926823651474571
list:
dist: 1.7238764656778285 vs. 1.7238764656778285
list:
dist: 2.1380461118323195 vs. 2.1380461118323195
list:
dist: 0.9136655945083595 vs. 0.9136655945083595
list:
dist: 1.4393445295184992 vs. 1.4393445295184992
list:
dist: 0.8328420738234167 vs. 0.8328420738234167
list:
dist: 1.212081506038576 vs. 1.212081506038576
list:
dist: 2.098222154665628 vs. 2.098222154665628
list:
dist: 1.4283815989101725 vs. 1.4283815989101725
list:
dist: 1.3234895063346341 vs. 1.3234895063346341
list:
dist: 1.4736863956459725 vs. 1.4736863956459725
list:
dist: 1.7570838122419952 vs. 1.7570838122419952
list:
dist: 1.1937316385349952 vs. 1.1937316385349952
list:
dist: 2.431537072755086 vs. 2.431537072755086
list:
dist: 1.9761586433539233 vs. 1.9761586433539233
list:
dist: 0.9373086690229162 vs. 0.9373086690229162
list:
dist: 1.1396244943681715 vs. 1.1396244943681715
list:
dist: 2.356461047309863 vs. 2.356461047309863
list:
dist: 1.1421410414091013 vs. 1.1421410414091013
list:
dist: 1.195622083440778 vs. 1.195622083440778
list:
dist: 2.794439580617837 vs. 2.794439580617837
list:
dist: 2.1465116669678643 vs. 2.1465116669678643
list:
dist: 1.9516902262806848 vs. 1.9516902262806848
list:
dist: 1.7282329850027285 vs. 1.7282329850027285
list:
dist: 1.1241507726434916 vs. 1.1241507726434916
list:
dist: 1.04891645151277 vs. 1.04891645151277
list:
dist: 2.224813037165377 vs. 2.224813037165377
list:
dist: 1.9745721394673836 vs. 1.9745721394673836
list:
dist: 2.541981958517097 vs. 2.541981958517097
list:
dist: 1.3870996910280775 vs. 1.3870996910280775
list:
dist: 1.3225855889317042 vs. 1.3225855889317042
list:
dist: 1.5155931291558522 vs. 1.5155931291558522
list:
dist: 2.585500051900418 vs. 2.585500051900418
list:
dist: 2.5340296190244778 vs. 2.5340296190244778
list:
dist: 2.3871550488182978 vs. 2.3871550488182978
list:
dist: 3.4347137932105527 vs. 3.4347137932105527
list:
dist: 2.0883517265154437 vs. 2.0883517265154437
list:
dist: 2.6057514174016245 vs. 2.6057514174016245
list:
dist: 3.502477554127943 vs. 3.502477554127943
list:
dist: 2.615692034774943 vs. 2.615692034774943
list:
dist: 1.8697751691005313 vs. 1.8697751691005313
list:
dist: 1.5155931291558522 vs. 1.5155931291558522
list:
dist: 3.4374994338985685 vs. 3.4374994338985685
list:
dist: 2.71840525763531 vs. 2.71840525763531
list:
dist: 2.3291469040667594 vs. 2.3291469040667594
list:
dist: 2.0805558064538796 vs. 2.0805558064538796
list:
dist: 1.1613897205111494 vs. 1.1613897205111494
list:
dist: 1.3775877628859228 vs. 1.3775877628859228
list:
dist: 2.205771005038637 vs. 2.205771005038637
list:
dist: 1.212081506038576 vs. 1.212081506038576
list:
dist: 1.9080665260383567 vs. 1.9080665260383567
list:
dist: 1.956074367064966 vs. 1.956074367064966
list:
dist: 0.9139978016777803 vs. 0.9139978016777803
list:
dist: 1.867009510586367 vs. 1.867009510586367
list:
dist: 1.8916312251376453 vs. 1.8916312251376453
list:
dist: 1.1263187258705236 vs. 1.1263187258705236
list:
dist: 2.4063196034832157 vs. 2.4063196034832157
list:
dist: 2.7211831266231568 vs. 2.7211831266231568
list:
dist: 1.8142243580540989 vs. 1.8142243580540989
list:
dist: 2.579904756836755 vs. 2.579904756836755
list:
dist: 1.7596935587219613 vs. 1.7596935587219613
list:
dist: 1.8444233196366608 vs. 1.8444233196366608
list:
dist: 2.7235126855598604 vs. 2.7235126855598604
list:
dist: 2.1158980249625285 vs. 2.1158980249625285
list:
dist: 1.9522174396068621 vs. 1.9522174396068621
list:
dist: 1.1241507726434916 vs. 1.1241507726434916
list:
dist: 2.535951780068466 vs. 2.535951780068466
list:
dist: 2.1524022199886517 vs. 2.1524022199886517
list:
dist: 1.2344732003097312 vs. 1.2344732003097312
list:
dist: 1.1424467605790982 vs. 1.1424467605790982
list:
dist: 0.8455392629602739 vs. 0.8455392629602739
list:
dist: 1.601849642552048 vs. 1.601849642552048
list:
dist: 0.9926823651474571 vs. 0.9926823651474571
list:
dist: 1.7291396131783452 vs. 1.7291396131783452
list:
dist: 0.9022856534533958 vs. 0.9022856534533958
list:
dist: 0.8192682124833884 vs. 0.8192682124833884
list:
dist: 1.1613897205111494 vs. 1.1613897205111494
list:
dist: 2.4907486263390135 vs. 2.4907486263390135
list:
dist: 2.058415018604955 vs. 2.058415018604955
list:
dist: 1.9137082733165305 vs. 1.9137082733165305
list:
dist: 2.440530545909818 vs. 2.440530545909818
list:
dist: 2.6652550528135137 vs. 2.6652550528135137
list:
dist: 2.1118054076887627 vs. 2.1118054076887627
list:
dist: 2.1264160857228864 vs. 2.1264160857228864
list:
dist: 2.083731925536164 vs. 2.083731925536164
list:
dist: 1.615195011566792 vs. 1.615195011566792
list:
dist: 2.699308271969157 vs. 2.699308271969157
list:
dist: 1.9138342701818352 vs. 1.9138342701818352
list:
dist: 2.041044820493854 vs. 2.041044820493854
list:
dist: 1.3870996910280775 vs. 1.3870996910280775
list:
dist: 2.766827503307534 vs. 2.766827503307534
list:
dist: 2.062377703962756 vs. 2.062377703962756
list:
dist: 1.1618579618356253 vs. 1.1618579618356253
list:
dist: 1.429939079868919 vs. 1.429939079868919
list:
dist: 0.9022856534533958 vs. 0.9022856534533958
list:
dist: 1.5166291354384225 vs. 1.5166291354384225
list:
dist: 2.1199435342254422 vs. 2.1199435342254422
list:
dist: 1.4393445295184992 vs. 1.4393445295184992
list:
dist: 1.7675048610917883 vs. 1.7675048610917883
list:
dist: 1.2387900245808905 vs. 1.2387900245808905
list:
dist: 1.956074367064966 vs. 1.956074367064966
list:
dist: 2.761061391591077 vs. 2.761061391591077
list:
dist: 2.1356886075303216 vs. 2.1356886075303216
list:
dist: 2.455237230738705 vs. 2.455237230738705
list:
dist: 2.7199190026977016 vs. 2.7199190026977016
list:
dist: 2.6673477796299183 vs. 2.6673477796299183
list:
dist: 2.616670858248873 vs. 2.616670858248873
list:
dist: 2.987401921346261 vs. 2.987401921346261
list:
dist: 2.1721597805574 vs. 2.1721597805574
list:
dist: 2.2557396939881937 vs. 2.2557396939881937
list:
dist: 3.411573770762939 vs. 3.411573770762939
list:
dist: 2.250316666718687 vs. 2.250316666718687
list:
dist: 1.5701932728924244 vs. 1.5701932728924244
list:
dist: 1.3225855889317042 vs. 1.3225855889317042
list:
dist: 2.737805693260963 vs. 2.737805693260963
list:
dist: 1.9819952295911158 vs. 1.9819952295911158
list:
dist: 1.9797167099581356 vs. 1.9797167099581356
list:
dist: 1.9607698907882334 vs. 1.9607698907882334
list:
dist: 0.8192682124833884 vs. 0.8192682124833884
list:
dist: 1.502501717147475 vs. 1.502501717147475
list:
dist: 2.360525981733445 vs. 2.360525981733445
list:
dist: 0.8328420738234167 vs. 0.8328420738234167
list:
dist: 1.2868853302517944 vs. 1.2868853302517944
list:
dist: 1.2387900245808905 vs. 1.2387900245808905
list:
dist: 0.9139978016777803 vs. 0.9139978016777803
list:
dist: 1.6792040750564212 vs. 1.6792040750564212
list:
dist: 1.3221086517390872 vs. 1.3221086517390872
list:
dist: 1.259634753298583 vs. 1.259634753298583
list:
dist: 2.2045070405639593 vs. 2.2045070405639593
list:
dist: 2.2230103120977134 vs. 2.2230103120977134
list:
dist: 1.8607580685520357 vs. 1.8607580685520357
list:
dist: 2.4320230473791478 vs. 2.4320230473791478
list:
dist: 1.9415895551324698 vs. 1.9415895551324698
list:
dist: 2.794439580617837 vs. 2.794439580617837
list:
dist: 0.7635134213691231 vs. 0.7635134213691231
list:
dist: 3.3775549122270068 vs. 3.3775549122270068
list:
dist: 3.0721974783791617 vs. 3.0721974783791617
list:
dist: 2.766827503307534 vs. 2.766827503307534
list:
dist: 2.737805693260963 vs. 2.737805693260963
list:
dist: 3.4374994338985685 vs. 3.4374994338985685
list:
dist: 2.5783417442518717 vs. 2.5783417442518717
list:
dist: 2.5782557677955014 vs. 2.5782557677955014
list:
dist: 3.352682560057079 vs. 3.352682560057079
list:
dist: 4.251211874604595 vs. 4.251211874604595
list:
dist: 3.4129412910510024 vs. 3.4129412910510024
list:
dist: 3.5712219271005536 vs. 3.5712219271005536
list:
dist: 4.918830715300073 vs. 4.918830715300073
list:
dist: 3.2290102405477046 vs. 3.2290102405477046
list:
dist: 1.9277523752035866 vs. 1.9277523752035866
list:
dist: 2.585500051900418 vs. 2.585500051900418
list:
dist: 2.5783417442518717 vs. 2.5783417442518717
list:
dist: 2.083254035640511 vs. 2.083254035640511
list:
dist: 3.6455217216948625 vs. 3.6455217216948625
list:
dist: 3.6292821885097317 vs. 3.6292821885097317
list:
dist: 2.4907486263390135 vs. 2.4907486263390135
list:
dist: 3.0347795181328157 vs. 3.0347795181328157
list:
dist: 3.9445542934708633 vs. 3.9445542934708633
list:
dist: 2.098222154665628 vs. 2.098222154665628
list:
dist: 1.903425547660097 vs. 1.903425547660097
list:
dist: 2.761061391591077 vs. 2.761061391591077
list:
dist: 1.6792040750564212 vs. 1.6792040750564212
list:
dist: 1.867009510586367 vs. 1.867009510586367
list:
dist: 1.1028061146282748 vs. 1.1028061146282748
list:
dist: 1.1265816233473442 vs. 1.1265816233473442
list:
dist: 2.67976120575257 vs. 2.67976120575257
list:
dist: 2.3396849883702084 vs. 2.3396849883702084
list:
dist: 2.3650507762175015 vs. 2.3650507762175015
list:
dist: 2.7534029524204775 vs. 2.7534029524204775
list:
dist: 2.579514735821588 vs. 2.579514735821588
list:
dist: 1.9002531696085447 vs. 1.9002531696085447
list:
dist: 1.9377518424765845 vs. 1.9377518424765845
list:
dist: 3.402604886939977 vs. 3.402604886939977
list:
dist: 1.3939712607447374 vs. 1.3939712607447374
list:
dist: 1.195622083440778 vs. 1.195622083440778
list:
dist: 1.9415895551324698 vs. 1.9415895551324698
list:
dist: 1.4217000554083872 vs. 1.4217000554083872
list:
dist: 2.964385453654044 vs. 2.964385453654044
list:
dist: 2.8521231089488652 vs. 2.8521231089488652
list:
dist: 1.9522174396068621 vs. 1.9522174396068621
list:
dist: 2.1590126753556476 vs. 2.1590126753556476
list:
dist: 3.344159823551872 vs. 3.344159823551872
list:
dist: 2.402709804190265 vs. 2.402709804190265
list:
dist: 2.6369884046822847 vs. 2.6369884046822847
list:
dist: 2.041044820493854 vs. 2.041044820493854
list:
dist: 1.5701932728924244 vs. 1.5701932728924244
list:
dist: 1.8697751691005313 vs. 1.8697751691005313
list:
dist: 1.9277523752035866 vs. 1.9277523752035866
list:
dist: 2.2340318259979592 vs. 2.2340318259979592
list:
dist: 2.2732640393299794 vs. 2.2732640393299794
list:
dist: 2.02400089060034 vs. 2.02400089060034
list:
dist: 1.4217000554083872 vs. 1.4217000554083872
list:
dist: 2.1465116669678643 vs. 2.1465116669678643
list:
dist: 0.7635134213691231 vs. 0.7635134213691231
list:
dist: 2.624726189828832 vs. 2.624726189828832
list:
dist: 2.392126109408418 vs. 2.392126109408418
list:
dist: 2.062377703962756 vs. 2.062377703962756
list:
dist: 1.9819952295911158 vs. 1.9819952295911158
list:
dist: 2.71840525763531 vs. 2.71840525763531
list:
dist: 2.083254035640511 vs. 2.083254035640511
list:
dist: 1.9641550204509042 vs. 1.9641550204509042
list:
dist: 2.6931230947817206 vs. 2.6931230947817206
list:
dist: 3.841926416627752 vs. 3.841926416627752
list:
dist: 3.389722218646189 vs. 3.389722218646189
list:
dist: 3.2607983795885476 vs. 3.2607983795885476
list:
dist: 4.356199220630946 vs. 4.356199220630946
list:
dist: 3.312907496943867 vs. 3.312907496943867
list:
dist: 2.6369884046822847 vs. 2.6369884046822847
list:
dist: 2.541981958517097 vs. 2.541981958517097
list:
dist: 3.0721974783791617 vs. 3.0721974783791617
list:
dist: 2.392126109408418 vs. 2.392126109408418
list:
dist: 2.4000637293420373 vs. 2.4000637293420373
list:
dist: 2.630201146873874 vs. 2.630201146873874
list:
dist: 1.7291396131783452 vs. 1.7291396131783452
list:
dist: 2.5473096432336435 vs. 2.5473096432336435
list:
dist: 2.983363797851588 vs. 2.983363797851588
list:
dist: 0.9136655945083595 vs. 0.9136655945083595
list:
dist: 1.7675048610917883 vs. 1.7675048610917883
list:
dist: 1.2868853302517944 vs. 1.2868853302517944
list:
dist: 1.9080665260383567 vs. 1.9080665260383567
list:
dist: 1.903425547660097 vs. 1.903425547660097
list:
dist: 0.8753476088827769 vs. 0.8753476088827769
list:
dist: 1.4773602180346324 vs. 1.4773602180346324
list:
dist: 1.2616197957175415 vs. 1.2616197957175415
list:
dist: 0.9643958700919285 vs. 0.9643958700919285
list:
dist: 1.3679253799893172 vs. 1.3679253799893172
list:
dist: 3.9786119937054836 vs. 3.9786119937054836
list:
dist: 3.439720026199489 vs. 3.439720026199489
list:
dist: 3.3698187957545596 vs. 3.3698187957545596
list:
dist: 4.661177338292348 vs. 4.661177338292348
list:
dist: 3.215406206872781 vs. 3.215406206872781
list:
dist: 2.2340318259979592 vs. 2.2340318259979592
list:
dist: 2.5340296190244778 vs. 2.5340296190244778
list:
dist: 2.5782557677955014 vs. 2.5782557677955014
list:
dist: 1.9641550204509042 vs. 1.9641550204509042
list:
dist: 2.996143201914519 vs. 2.996143201914519
list:
dist: 3.137989319643353 vs. 3.137989319643353
list:
dist: 2.058415018604955 vs. 2.058415018604955
list:
dist: 2.8138068114313195 vs. 2.8138068114313195
list:
dist: 3.5156896290247364 vs. 3.5156896290247364
list:
dist: 1.4283815989101725 vs. 1.4283815989101725
list:
dist: 0.8753476088827769 vs. 0.8753476088827769
list:
dist: 2.1356886075303216 vs. 2.1356886075303216
list:
dist: 1.3221086517390872 vs. 1.3221086517390872
list:
dist: 1.8916312251376453 vs. 1.8916312251376453
list:
dist: 1.1028061146282748 vs. 1.1028061146282748
list:
dist: 1.182368483542306 vs. 1.182368483542306
list:
dist: 1.8672923498148581 vs. 1.8672923498148581
list:
dist: 1.3545362367990519 vs. 1.3545362367990519
list:
dist: 1.7986578593089686 vs. 1.7986578593089686
list:
dist: 3.195224921728029 vs. 3.195224921728029
list:
dist: 3.473619862848656 vs. 3.473619862848656
list:
dist: 2.6652550528135137 vs. 2.6652550528135137
list:
dist: 3.4649385223552813 vs. 3.4649385223552813
list:
dist: 3.751007110046451 vs. 3.751007110046451
list:
dist: 1.7570838122419952 vs. 1.7570838122419952
list:
dist: 0.9643958700919285 vs. 0.9643958700919285
list:
dist: 2.6673477796299183 vs. 2.6673477796299183
list:
dist: 2.2230103120977134 vs. 2.2230103120977134
list:
dist: 2.7211831266231568 vs. 2.7211831266231568
list:
dist: 2.3396849883702084 vs. 2.3396849883702084
list:
dist: 1.3545362367990519 vs. 1.3545362367990519
list:
dist: 1.9998460872993054 vs. 1.9998460872993054
list:
dist: 1.0618962389455446 vs. 1.0618962389455446
list:
dist: 1.550303144844435 vs. 1.550303144844435
list:
dist: 4.215260155345244 vs. 4.215260155345244
list:
dist: 3.1262472259339535 vs. 3.1262472259339535
list:
dist: 3.4500738862782723 vs. 3.4500738862782723
list:
dist: 4.528549895685266 vs. 4.528549895685266
list:
dist: 3.339623702138563 vs. 3.339623702138563
list:
dist: 2.2732640393299794 vs. 2.2732640393299794
list:
dist: 2.3871550488182978 vs. 2.3871550488182978
list:
dist: 3.352682560057079 vs. 3.352682560057079
list:
dist: 2.6931230947817206 vs. 2.6931230947817206
list:
dist: 3.0305548904472435 vs. 3.0305548904472435
list:
dist: 2.9547557110069884 vs. 2.9547557110069884
list:
dist: 1.9137082733165305 vs. 1.9137082733165305
list:
dist: 2.4251787732680996 vs. 2.4251787732680996
list:
dist: 3.1080617365548084 vs. 3.1080617365548084
list:
dist: 1.3234895063346341 vs. 1.3234895063346341
list:
dist: 1.4773602180346324 vs. 1.4773602180346324
list:
dist: 2.455237230738705 vs. 2.455237230738705
list:
dist: 1.259634753298583 vs. 1.259634753298583
list:
dist: 1.1263187258705236 vs. 1.1263187258705236
list:
dist: 1.1265816233473442 vs. 1.1265816233473442
list:
dist: 1.182368483542306 vs. 1.182368483542306
list:
dist: 1.881038192772006 vs. 1.881038192772006
list:
dist: 1.9998460872993054 vs. 1.9998460872993054
list:
dist: 1.3661125090380621 vs. 1.3661125090380621
list:
dist: 2.8932782998158992 vs. 2.8932782998158992
list:
dist: 3.0679394931545736 vs. 3.0679394931545736
list:
dist: 2.440530545909818 vs. 2.440530545909818
list:
dist: 3.1042317970684907 vs. 3.1042317970684907
list:
dist: 3.1404290636927885 vs. 3.1404290636927885
list:
dist: 1.4736863956459725 vs. 1.4736863956459725
list:
dist: 1.2616197957175415 vs. 1.2616197957175415
list:
dist: 2.7199190026977016 vs. 2.7199190026977016
list:
dist: 2.2045070405639593 vs. 2.2045070405639593
list:
dist: 2.4063196034832157 vs. 2.4063196034832157
list:
dist: 2.67976120575257 vs. 2.67976120575257
list:
dist: 1.8672923498148581 vs. 1.8672923498148581
list:
dist: 1.881038192772006 vs. 1.881038192772006
list:
dist: 1.0618962389455446 vs. 1.0618962389455446
list:
dist: 0.7405711171415224 vs. 0.7405711171415224
list:
dist: 2.773617427516531 vs. 2.773617427516531
list:
dist: 2.8028127519090162 vs. 2.8028127519090162
list:
dist: 2.1118054076887627 vs. 2.1118054076887627
list:
dist: 2.665763082733813 vs. 2.665763082733813
list:
dist: 2.7943631286284654 vs. 2.7943631286284654
list:
dist: 1.1937316385349952 vs. 1.1937316385349952
list:
dist: 1.3679253799893172 vs. 1.3679253799893172
list:
dist: 2.616670858248873 vs. 2.616670858248873
list:
dist: 1.8607580685520357 vs. 1.8607580685520357
list:
dist: 1.8142243580540989 vs. 1.8142243580540989
list:
dist: 2.3650507762175015 vs. 2.3650507762175015
list:
dist: 1.7986578593089686 vs. 1.7986578593089686
list:
dist: 1.3661125090380621 vs. 1.3661125090380621
list:
dist: 0.7405711171415224 vs. 0.7405711171415224
list:
dist: 1.550303144844435 vs. 1.550303144844435
list:
dist: 4.027039599579574 vs. 4.027039599579574
list:
dist: 2.2084655596514255 vs. 2.2084655596514255
list:
dist: 1.549331253578449 vs. 1.549331253578449
list:
dist: 2.7594545801359973 vs. 2.7594545801359973
list:
dist: 1.537685007760682 vs. 1.537685007760682
list:
dist: 1.6546522625399678 vs. 1.6546522625399678
list:
dist: 1.0641272047097092 vs. 1.0641272047097092
list:
dist: 1.9634830254190487 vs. 1.9634830254190487
list:
dist: 2.4480041881599117 vs. 2.4480041881599117
list:
dist: 1.9995364664819302 vs. 1.9995364664819302
list:
dist: 0.816951005628463 vs. 0.816951005628463
list:
dist: 1.284721486535205 vs. 1.284721486535205
list:
dist: 3.7175852374940472 vs. 3.7175852374940472
list:
dist: 2.0955405730841106 vs. 2.0955405730841106
list:
dist: 3.4376298714234195 vs. 3.4376298714234195
list:
dist: 1.7744745843436025 vs. 1.7744745843436025
list:
dist: 2.7685483736619285 vs. 2.7685483736619285
list:
dist: 3.174298075180488 vs. 3.174298075180488
list:
dist: 2.8228595722479994 vs. 2.8228595722479994
list:
dist: 2.1381509849177833 vs. 2.1381509849177833
list:
dist: 2.5289683378666075 vs. 2.5289683378666075
list:
dist: 2.2769780396973496 vs. 2.2769780396973496
list:
dist: 3.1014770361889226 vs. 3.1014770361889226
list:
dist: 2.258177108179374 vs. 2.258177108179374
list:
dist: 2.538088094853221 vs. 2.538088094853221
list:
dist: 2.187910096783576 vs. 2.187910096783576
list:
dist: 2.2404268192350254 vs. 2.2404268192350254
list:
dist: 2.3159441821404902 vs. 2.3159441821404902
list:
dist: 1.7381979070994389 vs. 1.7381979070994389
list:
dist: 0.816951005628463 vs. 0.816951005628463
list:
dist: 2.459573006199345 vs. 2.459573006199345
list:
dist: 1.8568084909589795 vs. 1.8568084909589795
list:
dist: 2.683861694396613 vs. 2.683861694396613
list:
dist: 4.0440528002975755 vs. 4.0440528002975755
list:
dist: 2.4721219372460044 vs. 2.4721219372460044
list:
dist: 3.4514273736013332 vs. 3.4514273736013332
list:
dist: 2.3530411035674943 vs. 2.3530411035674943
list:
dist: 2.9606080613402215 vs. 2.9606080613402215
list:
dist: 2.951925603700885 vs. 2.951925603700885
list:
dist: 3.4928956269324583 vs. 3.4928956269324583
list:
dist: 2.8864977515130152 vs. 2.8864977515130152
list:
dist: 2.19839413179194 vs. 2.19839413179194
list:
dist: 1.9250743406579207 vs. 1.9250743406579207
list:
dist: 1.9266371996922074 vs. 1.9266371996922074
list:
dist: 0.9983984006042587 vs. 0.9983984006042587
list:
dist: 0.5938832062456869 vs. 0.5938832062456869
list:
dist: 1.537685007760682 vs. 1.537685007760682
list:
dist: 0.8956119553350915 vs. 0.8956119553350915
list:
dist: 1.4740551721976471 vs. 1.4740551721976471
list:
dist: 1.1038807169683167 vs. 1.1038807169683167
list:
dist: 2.2404268192350254 vs. 2.2404268192350254
list:
dist: 2.065607529431349 vs. 2.065607529431349
list:
dist: 2.2319986168475037 vs. 2.2319986168475037
list:
dist: 0.9789418979840138 vs. 0.9789418979840138
list:
dist: 2.1359898302194136 vs. 2.1359898302194136
list:
dist: 0.937286457202659 vs. 0.937286457202659
list:
dist: 1.2314381358650146 vs. 1.2314381358650146
list:
dist: 1.7130785236619142 vs. 1.7130785236619142
list:
dist: 1.5234485358906804 vs. 1.5234485358906804
list:
dist: 2.034773325086831 vs. 2.034773325086831
list:
dist: 2.4096483002695406 vs. 2.4096483002695406
list:
dist: 1.8808153062105655 vs. 1.8808153062105655
list:
dist: 2.675512892211787 vs. 2.675512892211787
list:
dist: 1.6778086162683723 vs. 1.6778086162683723
list:
dist: 1.6778086162683723 vs. 1.6778086162683723
list:
dist: 2.546166735687869 vs. 2.546166735687869
list:
dist: 2.0324735718223943 vs. 2.0324735718223943
list:
dist: 2.258177108179374 vs. 2.258177108179374
list:
dist: 2.4296402451867367 vs. 2.4296402451867367
list:
dist: 1.4086072513257308 vs. 1.4086072513257308
list:
dist: 1.2998829032656252 vs. 1.2998829032656252
list:
dist: 2.8864977515130152 vs. 2.8864977515130152
list:
dist: 2.1035379626592414 vs. 2.1035379626592414
list:
dist: 1.199878458998486 vs. 1.199878458998486
list:
dist: 1.8027977775956479 vs. 1.8027977775956479
list:
dist: 0.7408836982574838 vs. 0.7408836982574838
list:
dist: 2.1332427462705286 vs. 2.1332427462705286
list:
dist: 1.8588886257191999 vs. 1.8588886257191999
list:
dist: 1.2548059530951938 vs. 1.2548059530951938
list:
dist: 1.6149215565196628 vs. 1.6149215565196628
list:
dist: 0.9281777528860872 vs. 0.9281777528860872
list:
dist: 0.6122534780122273 vs. 0.6122534780122273
list:
dist: 1.3281441877470972 vs. 1.3281441877470972
list:
dist: 2.2204555914763673 vs. 2.2204555914763673
list:
dist: 2.8203775613127813 vs. 2.8203775613127813
list:
dist: 1.8009533341046446 vs. 1.8009533341046446
list:
dist: 1.7052020198705953 vs. 1.7052020198705953
list:
dist: 1.9211454569006132 vs. 1.9211454569006132
list:
dist: 2.7072986616289736 vs. 2.7072986616289736
list:
dist: 1.9250743406579207 vs. 1.9250743406579207
list:
dist: 1.44440336664931 vs. 1.44440336664931
list:
dist: 1.6228199602026299 vs. 1.6228199602026299
list:
dist: 1.549331253578449 vs. 1.549331253578449
list:
dist: 2.500583225413111 vs. 2.500583225413111
list:
dist: 2.091417459906806 vs. 2.091417459906806
list:
dist: 1.7764435079938403 vs. 1.7764435079938403
list:
dist: 2.187910096783576 vs. 2.187910096783576
list:
dist: 1.2268544261552714 vs. 1.2268544261552714
list:
dist: 1.9211454569006132 vs. 1.9211454569006132
list:
dist: 1.3840201781105512 vs. 1.3840201781105512
list:
dist: 2.19839413179194 vs. 2.19839413179194
list:
dist: 1.2894310875647863 vs. 1.2894310875647863
list:
dist: 1.7999533594538168 vs. 1.7999533594538168
list:
dist: 2.2084655596514255 vs. 2.2084655596514255
list:
dist: 2.0024791962869246 vs. 2.0024791962869246
list:
dist: 3.1447491653277155 vs. 3.1447491653277155
list:
dist: 2.814158192729152 vs. 2.814158192729152
list:
dist: 2.538088094853221 vs. 2.538088094853221
list:
dist: 2.888031100429371 vs. 2.888031100429371
list:
dist: 2.814158192729152 vs. 2.814158192729152
list:
dist: 1.7764435079938403 vs. 1.7764435079938403
list:
dist: 2.6991217016928664 vs. 2.6991217016928664
list:
dist: 1.1038807169683167 vs. 1.1038807169683167
list:
dist: 1.562650920485981 vs. 1.562650920485981
list:
dist: 1.452667261182925 vs. 1.452667261182925
list:
dist: 1.9995364664819302 vs. 1.9995364664819302
list:
dist: 1.9547782314830593 vs. 1.9547782314830593
list:
dist: 0.45255536383836004 vs. 0.45255536383836004
list:
dist: 1.7655253138859173 vs. 1.7655253138859173
list:
dist: 2.6826225556089565 vs. 2.6826225556089565
list:
dist: 1.446417548226096 vs. 1.446417548226096
list:
dist: 2.1759185780986448 vs. 2.1759185780986448
list:
dist: 0.8842271980702503 vs. 0.8842271980702503
list:
dist: 1.5599583542904434 vs. 1.5599583542904434
list:
dist: 1.727440998045482 vs. 1.727440998045482
list:
dist: 1.2280703714769858 vs. 1.2280703714769858
list:
dist: 4.23179096317059 vs. 4.23179096317059
list:
dist: 2.1535338766170473 vs. 2.1535338766170473
list:
dist: 1.1712138809267494 vs. 1.1712138809267494
list:
dist: 2.5999435479208395 vs. 2.5999435479208395
list:
dist: 1.2998829032656252 vs. 1.2998829032656252
list:
dist: 2.9924525694729156 vs. 2.9924525694729156
list:
dist: 1.5234485358906804 vs. 1.5234485358906804
list:
dist: 2.306179747660909 vs. 2.306179747660909
list:
dist: 2.0994915381201023 vs. 2.0994915381201023
list:
dist: 2.8228595722479994 vs. 2.8228595722479994
list:
dist: 2.062908204254718 vs. 2.062908204254718
list:
dist: 1.1150876619973207 vs. 1.1150876619973207
list:
dist: 1.2280703714769858 vs. 1.2280703714769858
list:
dist: 2.8476279966197815 vs. 2.8476279966197815
list:
dist: 1.9094913220550687 vs. 1.9094913220550687
list:
dist: 1.0901832125906512 vs. 1.0901832125906512
list:
dist: 0.9846275649767857 vs. 0.9846275649767857
list:
dist: 1.1150447678232096 vs. 1.1150447678232096
list:
dist: 1.1420765831801423 vs. 1.1420765831801423
list:
dist: 0.6725628577983748 vs. 0.6725628577983748
list:
dist: 3.848054197452982 vs. 3.848054197452982
list:
dist: 2.1224488470921323 vs. 2.1224488470921323
list:
dist: 1.5383091470969137 vs. 1.5383091470969137
list:
dist: 2.1057346068845773 vs. 2.1057346068845773
list:
dist: 1.2548059530951938 vs. 1.2548059530951938
list:
dist: 2.033724943489259 vs. 2.033724943489259
list:
dist: 2.0826946104453548 vs. 2.0826946104453548
list:
dist: 1.3932865567530146 vs. 1.3932865567530146
list:
dist: 1.852380573915023 vs. 1.852380573915023
list:
dist: 3.1447491653277155 vs. 3.1447491653277155
list:
dist: 2.091417459906806 vs. 2.091417459906806
list:
dist: 2.93621621203897 vs. 2.93621621203897
list:
dist: 1.4740551721976471 vs. 1.4740551721976471
list:
dist: 1.8987552492162416 vs. 1.8987552492162416
list:
dist: 1.8784860451045726 vs. 1.8784860451045726
list:
dist: 2.4480041881599117 vs. 2.4480041881599117
list:
dist: 2.2668500772215774 vs. 2.2668500772215774
list:
dist: 0.45255536383836004 vs. 0.45255536383836004
list:
dist: 2.0975319947425692 vs. 2.0975319947425692
list:
dist: 2.6740059786674637 vs. 2.6740059786674637
list:
dist: 1.6704732911553815 vs. 1.6704732911553815
list:
dist: 2.0995821782642965 vs. 2.0995821782642965
list:
dist: 1.172926507805721 vs. 1.172926507805721
list:
dist: 1.6015579208339568 vs. 1.6015579208339568
list:
dist: 1.632686608913209 vs. 1.632686608913209
list:
dist: 1.1150876619973207 vs. 1.1150876619973207
list:
dist: 3.8497770377832126 vs. 3.8497770377832126
list:
dist: 2.2876765997819275 vs. 2.2876765997819275
list:
dist: 1.2300871645655396 vs. 1.2300871645655396
list:
dist: 2.6806894830940906 vs. 2.6806894830940906
list:
dist: 1.4086072513257308 vs. 1.4086072513257308
list:
dist: 2.888031100429371 vs. 2.888031100429371
list:
dist: 1.2268544261552714 vs. 1.2268544261552714
list:
dist: 2.065607529431349 vs. 2.065607529431349
list:
dist: 2.162318006872436 vs. 2.162318006872436
list:
dist: 1.8401354066482196 vs. 1.8401354066482196
list:
dist: 1.284721486535205 vs. 1.284721486535205
list:
dist: 2.8187112120431945 vs. 2.8187112120431945
list:
dist: 2.0975319947425692 vs. 2.0975319947425692
list:
dist: 1.7655253138859173 vs. 1.7655253138859173
list:
dist: 1.8568084909589795 vs. 1.8568084909589795
list:
dist: 2.546577600491855 vs. 2.546577600491855
list:
dist: 3.6671892881740744 vs. 3.6671892881740744
list:
dist: 1.8964333974168677 vs. 1.8964333974168677
list:
dist: 3.130142745644082 vs. 3.130142745644082
list:
dist: 3.382715232185537 vs. 3.382715232185537
list:
dist: 2.8476279966197815 vs. 2.8476279966197815
list:
dist: 2.715034717227028 vs. 2.715034717227028
list:
dist: 2.3466883115348454 vs. 2.3466883115348454
list:
dist: 1.7766097701584544 vs. 1.7766097701584544
list:
dist: 3.1615318988389354 vs. 3.1615318988389354
list:
dist: 2.1035379626592414 vs. 2.1035379626592414
list:
dist: 1.7999533594538168 vs. 1.7999533594538168
list:
dist: 1.6228199602026299 vs. 1.6228199602026299
list:
dist: 1.8659299142664587 vs. 1.8659299142664587
list:
dist: 0.5938832062456869 vs. 0.5938832062456869
list:
dist: 0.8122546317681344 vs. 0.8122546317681344
list:
dist: 1.0641272047097092 vs. 1.0641272047097092
list:
dist: 0.9971608715482088 vs. 0.9971608715482088
list:
dist: 1.8784860451045726 vs. 1.8784860451045726
list:
dist: 1.452667261182925 vs. 1.452667261182925
list:
dist: 1.7381979070994389 vs. 1.7381979070994389
list:
dist: 1.8401354066482196 vs. 1.8401354066482196
list:
dist: 2.7086651795257803 vs. 2.7086651795257803
list:
dist: 1.4464810632047223 vs. 1.4464810632047223
list:
dist: 2.7028887021070345 vs. 2.7028887021070345
list:
dist: 1.3237722721335634 vs. 1.3237722721335634
list:
dist: 1.7634153111469353 vs. 1.7634153111469353
list:
dist: 2.3039916699361096 vs. 2.3039916699361096
list:
dist: 2.0994915381201023 vs. 2.0994915381201023
list:
dist: 2.151167594617312 vs. 2.151167594617312
list:
dist: 2.6325701138521698 vs. 2.6325701138521698
list:
dist: 2.165614902169798 vs. 2.165614902169798
list:
dist: 3.0008589390485803 vs. 3.0008589390485803
list:
dist: 2.0324735718223943 vs. 2.0324735718223943
list:
dist: 2.0024791962869246 vs. 2.0024791962869246
list:
dist: 2.500583225413111 vs. 2.500583225413111
list:
dist: 1.357841847776996 vs. 1.357841847776996
list:
dist: 0.8956119553350915 vs. 0.8956119553350915
list:
dist: 1.1895617640023368 vs. 1.1895617640023368
list:
dist: 0.9971608715482088 vs. 0.9971608715482088
list:
dist: 1.9634830254190487 vs. 1.9634830254190487
list:
dist: 2.2668500772215774 vs. 2.2668500772215774
list:
dist: 1.9547782314830593 vs. 1.9547782314830593
list:
dist: 2.459573006199345 vs. 2.459573006199345
list:
dist: 2.8187112120431945 vs. 2.8187112120431945
list:
dist: 1.9232398048118577 vs. 1.9232398048118577
list:
dist: 1.3851165829813932 vs. 1.3851165829813932
list:
dist: 2.3707920187378897 vs. 2.3707920187378897
list:
dist: 1.7237164037720019 vs. 1.7237164037720019
list:
dist: 1.3140633820998047 vs. 1.3140633820998047
list:
dist: 1.9609281783550103 vs. 1.9609281783550103
list:
dist: 2.062908204254718 vs. 2.062908204254718
list:
dist: 2.3244239983578057 vs. 2.3244239983578057
list:
dist: 3.0903394209613513 vs. 3.0903394209613513
list:
dist: 2.732781271422038 vs. 2.732781271422038
list:
dist: 3.1772689760253887 vs. 3.1772689760253887
list:
dist: 2.4296402451867367 vs. 2.4296402451867367
list:
dist: 1.2894310875647863 vs. 1.2894310875647863
list:
dist: 1.44440336664931 vs. 1.44440336664931
list:
dist: 1.3645409772531707 vs. 1.3645409772531707
list:
dist: 0.9983984006042587 vs. 0.9983984006042587
list:
dist: 0.8122546317681344 vs. 0.8122546317681344
list:
dist: 1.6546522625399678 vs. 1.6546522625399678
list:
dist: 1.1895617640023368 vs. 1.1895617640023368
list:
dist: 1.8987552492162416 vs. 1.8987552492162416
list:
dist: 1.562650920485981 vs. 1.562650920485981
list:
dist: 2.3159441821404902 vs. 2.3159441821404902
list:
dist: 2.162318006872436 vs. 2.162318006872436
list:
dist: 2.666795413231497 vs. 2.666795413231497
list:
dist: 1.9695140615405662 vs. 1.9695140615405662
list:
dist: 2.9954511786221723 vs. 2.9954511786221723
list:
dist: 1.83116179190216 vs. 1.83116179190216
list:
dist: 1.7074383878261494 vs. 1.7074383878261494
list:
dist: 2.419646703935777 vs. 2.419646703935777
list:
dist: 2.306179747660909 vs. 2.306179747660909
list:
dist: 2.9267935125576767 vs. 2.9267935125576767
list:
dist: 3.27261772557044 vs. 3.27261772557044
list:
dist: 2.577424152494059 vs. 2.577424152494059
list:
dist: 3.6464761375949655 vs. 3.6464761375949655
list:
dist: 2.546166735687869 vs. 2.546166735687869
list:
dist: 1.3840201781105512 vs. 1.3840201781105512
list:
dist: 2.7072986616289736 vs. 2.7072986616289736
list:
dist: 1.9266371996922074 vs. 1.9266371996922074
list:
dist: 1.3645409772531707 vs. 1.3645409772531707
list:
dist: 1.8659299142664587 vs. 1.8659299142664587
list:
dist: 2.7594545801359973 vs. 2.7594545801359973
list:
dist: 1.357841847776996 vs. 1.357841847776996
list:
dist: 2.93621621203897 vs. 2.93621621203897
list:
dist: 2.6991217016928664 vs. 2.6991217016928664
list:
dist: 2.3574554677621147 vs. 2.3574554677621147
list:
dist: 2.6476596289969803 vs. 2.6476596289969803
list:
dist: 3.382775542695599 vs. 3.382775542695599
list:
dist: 2.846696999908037 vs. 2.846696999908037
list:
dist: 1.9552174590669917 vs. 1.9552174590669917
list:
dist: 2.782975070145291 vs. 2.782975070145291
list:
dist: 2.9924525694729156 vs. 2.9924525694729156
list:
dist: 2.846696999908037 vs. 2.846696999908037
list:
dist: 0.937286457202659 vs. 0.937286457202659
list:
dist: 1.83116179190216 vs. 1.83116179190216
list:
dist: 1.3237722721335634 vs. 1.3237722721335634
list:
dist: 1.7744745843436025 vs. 1.7744745843436025
list:
dist: 1.7237164037720019 vs. 1.7237164037720019
list:
dist: 1.172926507805721 vs. 1.172926507805721
list:
dist: 0.8842271980702503 vs. 0.8842271980702503
list:
dist: 2.4721219372460044 vs. 2.4721219372460044
list:
dist: 1.8964333974168677 vs. 1.8964333974168677
list:
dist: 2.562020199009662 vs. 2.562020199009662
list:
dist: 0.743238223572507 vs. 0.743238223572507
list:
dist: 1.7877414584016247 vs. 1.7877414584016247
list:
dist: 1.598965590106395 vs. 1.598965590106395
list:
dist: 1.6074419161418583 vs. 1.6074419161418583
list:
dist: 1.1150447678232096 vs. 1.1150447678232096
list:
dist: 1.6091805384029532 vs. 1.6091805384029532
list:
dist: 1.52919265637095 vs. 1.52919265637095
list:
dist: 1.0311949963415048 vs. 1.0311949963415048
list:
dist: 1.8621356040426686 vs. 1.8621356040426686
list:
dist: 0.7408836982574838 vs. 0.7408836982574838
list:
dist: 2.211189661504305 vs. 2.211189661504305
list:
dist: 2.657952471136253 vs. 2.657952471136253
list:
dist: 1.94297443166687 vs. 1.94297443166687
list:
dist: 2.1339098911541137 vs. 2.1339098911541137
list:
dist: 2.034773325086831 vs. 2.034773325086831
list:
dist: 2.9267935125576767 vs. 2.9267935125576767
list:
dist: 2.151167594617312 vs. 2.151167594617312
list:
dist: 2.1381509849177833 vs. 2.1381509849177833
list:
dist: 2.3244239983578057 vs. 2.3244239983578057
list:
dist: 2.3530411035674943 vs. 2.3530411035674943
list:
dist: 2.715034717227028 vs. 2.715034717227028
list:
dist: 1.4249688854686824 vs. 1.4249688854686824
list:
dist: 2.3483123398540813 vs. 2.3483123398540813
list:
dist: 1.6091805384029532 vs. 1.6091805384029532
list:
dist: 2.71680953520086 vs. 2.71680953520086
list:
dist: 1.4556506549707142 vs. 1.4556506549707142
list:
dist: 2.110152350523641 vs. 2.110152350523641
list:
dist: 1.3847690316916916 vs. 1.3847690316916916
list:
dist: 1.6149215565196628 vs. 1.6149215565196628
list:
dist: 1.7497424134923047 vs. 1.7497424134923047
list:
dist: 2.7185662576191962 vs. 2.7185662576191962
list:
dist: 2.1013114664797903 vs. 2.1013114664797903
list:
dist: 1.9930508240993865 vs. 1.9930508240993865
list:
dist: 1.9552174590669917 vs. 1.9552174590669917
list:
dist: 1.2314381358650146 vs. 1.2314381358650146
list:
dist: 1.7074383878261494 vs. 1.7074383878261494
list:
dist: 1.7634153111469353 vs. 1.7634153111469353
list:
dist: 2.7685483736619285 vs. 2.7685483736619285
list:
dist: 1.3140633820998047 vs. 1.3140633820998047
list:
dist: 1.6015579208339568 vs. 1.6015579208339568
list:
dist: 1.5599583542904434 vs. 1.5599583542904434
list:
dist: 3.4514273736013332 vs. 3.4514273736013332
list:
dist: 3.130142745644082 vs. 3.130142745644082
list:
dist: 1.1477773993667302 vs. 1.1477773993667302
list:
dist: 1.3070811722226583 vs. 1.3070811722226583
list:
dist: 1.5196290242659416 vs. 1.5196290242659416
list:
dist: 1.598965590106395 vs. 1.598965590106395
list:
dist: 0.8366133794925756 vs. 0.8366133794925756
list:
dist: 1.1420765831801423 vs. 1.1420765831801423
list:
dist: 2.71680953520086 vs. 2.71680953520086
list:
dist: 2.995463210372348 vs. 2.995463210372348
list:
dist: 2.4019293961064356 vs. 2.4019293961064356
list:
dist: 2.97788919968072 vs. 2.97788919968072
list:
dist: 2.1332427462705286 vs. 2.1332427462705286
list:
dist: 2.316437186969004 vs. 2.316437186969004
list:
dist: 2.002976653273555 vs. 2.002976653273555
list:
dist: 2.0315125384902655 vs. 2.0315125384902655
list:
dist: 2.725860999389198 vs. 2.725860999389198
list:
dist: 3.4482648062706533 vs. 3.4482648062706533
list:
dist: 4.076187063624424 vs. 4.076187063624424
list:
dist: 3.791597865377032 vs. 3.791597865377032
list:
dist: 4.549268201735369 vs. 4.549268201735369
list:
dist: 3.3932550657560983 vs. 3.3932550657560983
list:
dist: 3.0920847917987917 vs. 3.0920847917987917
list:
dist: 2.3574554677621147 vs. 2.3574554677621147
list:
dist: 2.2319986168475037 vs. 2.2319986168475037
list:
dist: 2.666795413231497 vs. 2.666795413231497
list:
dist: 2.7086651795257803 vs. 2.7086651795257803
list:
dist: 3.7175852374940472 vs. 3.7175852374940472
list:
dist: 1.9232398048118577 vs. 1.9232398048118577
list:
dist: 2.6740059786674637 vs. 2.6740059786674637
list:
dist: 2.6826225556089565 vs. 2.6826225556089565
list:
dist: 2.0257316242492265 vs. 2.0257316242492265
list:
dist: 1.6399204520907968 vs. 1.6399204520907968
list:
dist: 2.562020199009662 vs. 2.562020199009662
list:
dist: 1.1477773993667302 vs. 1.1477773993667302
list:
dist: 1.2686038496957879 vs. 1.2686038496957879
list:
dist: 1.9094913220550687 vs. 1.9094913220550687
list:
dist: 4.779464929090642 vs. 4.779464929090642
list:
dist: 2.231167733615413 vs. 2.231167733615413
list:
dist: 1.4029523919349405 vs. 1.4029523919349405
list:
dist: 2.1102134746475074 vs. 2.1102134746475074
list:
dist: 2.6476596289969803 vs. 2.6476596289969803
list:
dist: 0.9789418979840138 vs. 0.9789418979840138
list:
dist: 1.9695140615405662 vs. 1.9695140615405662
list:
dist: 1.4464810632047223 vs. 1.4464810632047223
list:
dist: 2.0955405730841106 vs. 2.0955405730841106
list:
dist: 1.3851165829813932 vs. 1.3851165829813932
list:
dist: 1.6704732911553815 vs. 1.6704732911553815
list:
dist: 1.446417548226096 vs. 1.446417548226096
list:
dist: 2.683861694396613 vs. 2.683861694396613
list:
dist: 2.546577600491855 vs. 2.546577600491855
list:
dist: 2.0257316242492265 vs. 2.0257316242492265
list:
dist: 1.3635155533286178 vs. 1.3635155533286178
list:
dist: 0.743238223572507 vs. 0.743238223572507
list:
dist: 1.3070811722226583 vs. 1.3070811722226583
list:
dist: 1.2852882193773378 vs. 1.2852882193773378
list:
dist: 1.0901832125906512 vs. 1.0901832125906512
list:
dist: 1.4249688854686824 vs. 1.4249688854686824
list:
dist: 1.8593732537851941 vs. 1.8593732537851941
list:
dist: 1.6831842873799234 vs. 1.6831842873799234
list:
dist: 1.8417523548609913 vs. 1.8417523548609913
list:
dist: 1.199878458998486 vs. 1.199878458998486
list:
dist: 1.5846186276891066 vs. 1.5846186276891066
list:
dist: 1.9877065747663984 vs. 1.9877065747663984
list:
dist: 1.5077860468641833 vs. 1.5077860468641833
list:
dist: 1.907056332989459 vs. 1.907056332989459
list:
dist: 1.8808153062105655 vs. 1.8808153062105655
list:
dist: 2.577424152494059 vs. 2.577424152494059
list:
dist: 2.165614902169798 vs. 2.165614902169798
list:
dist: 2.2769780396973496 vs. 2.2769780396973496
list:
dist: 2.732781271422038 vs. 2.732781271422038
list:
dist: 1.2300871645655396 vs. 1.2300871645655396
list:
dist: 1.1712138809267494 vs. 1.1712138809267494
list:
dist: 2.951925603700885 vs. 2.951925603700885
list:
dist: 1.7766097701584544 vs. 1.7766097701584544
list:
dist: 1.6831842873799234 vs. 1.6831842873799234
list:
dist: 2.2689961100659084 vs. 2.2689961100659084
list:
dist: 1.0311949963415048 vs. 1.0311949963415048
list:
dist: 2.4019293961064356 vs. 2.4019293961064356
list:
dist: 2.200588844527033 vs. 2.200588844527033
list:
dist: 1.5383091470969137 vs. 1.5383091470969137
list:
dist: 2.110152350523641 vs. 2.110152350523641
list:
dist: 1.1592942828071346 vs. 1.1592942828071346
list:
dist: 1.798475387166021 vs. 1.798475387166021
list:
dist: 0.6122534780122273 vs. 0.6122534780122273
list:
dist: 2.8255512064221064 vs. 2.8255512064221064
list:
dist: 3.357808114517265 vs. 3.357808114517265
list:
dist: 2.3349835432948827 vs. 2.3349835432948827
list:
dist: 2.2074580350063426 vs. 2.2074580350063426
list:
dist: 2.4096483002695406 vs. 2.4096483002695406
list:
dist: 3.27261772557044 vs. 3.27261772557044
list:
dist: 2.6325701138521698 vs. 2.6325701138521698
list:
dist: 2.5289683378666075 vs. 2.5289683378666075
list:
dist: 3.0903394209613513 vs. 3.0903394209613513
list:
dist: 2.2876765997819275 vs. 2.2876765997819275
list:
dist: 2.1535338766170473 vs. 2.1535338766170473
list:
dist: 2.9606080613402215 vs. 2.9606080613402215
list:
dist: 2.3466883115348454 vs. 2.3466883115348454
list:
dist: 1.8593732537851941 vs. 1.8593732537851941
list:
dist: 2.4230707673403438 vs. 2.4230707673403438
list:
dist: 1.52919265637095 vs. 1.52919265637095
list:
dist: 2.995463210372348 vs. 2.995463210372348
list:
dist: 2.674971022142931 vs. 2.674971022142931
list:
dist: 2.1224488470921323 vs. 2.1224488470921323
list:
dist: 1.4556506549707142 vs. 1.4556506549707142
list:
dist: 1.1592942828071346 vs. 1.1592942828071346
list:
dist: 0.9193225984591649 vs. 0.9193225984591649
list:
dist: 0.9281777528860872 vs. 0.9281777528860872
list:
dist: 2.4463975469662382 vs. 2.4463975469662382
list:
dist: 3.3089032864455166 vs. 3.3089032864455166
list:
dist: 2.2002035076950146 vs. 2.2002035076950146
list:
dist: 1.7463000386323833 vs. 1.7463000386323833
list:
dist: 2.675512892211787 vs. 2.675512892211787
list:
dist: 3.6464761375949655 vs. 3.6464761375949655
list:
dist: 3.0008589390485803 vs. 3.0008589390485803
list:
dist: 3.1014770361889226 vs. 3.1014770361889226
list:
dist: 3.1772689760253887 vs. 3.1772689760253887
list:
dist: 2.6806894830940906 vs. 2.6806894830940906
list:
dist: 2.5999435479208395 vs. 2.5999435479208395
list:
dist: 3.4928956269324583 vs. 3.4928956269324583
list:
dist: 3.1615318988389354 vs. 3.1615318988389354
list:
dist: 1.8417523548609913 vs. 1.8417523548609913
list:
dist: 2.003620878008111 vs. 2.003620878008111
list:
dist: 1.8621356040426686 vs. 1.8621356040426686
list:
dist: 2.97788919968072 vs. 2.97788919968072
list:
dist: 2.4939867902628894 vs. 2.4939867902628894
list:
dist: 2.1057346068845773 vs. 2.1057346068845773
list:
dist: 1.3847690316916916 vs. 1.3847690316916916
list:
dist: 0.9193225984591649 vs. 0.9193225984591649
list:
dist: 1.798475387166021 vs. 1.798475387166021
list:
dist: 1.3281441877470972 vs. 1.3281441877470972
list:
dist: 1.7709446258556374 vs. 1.7709446258556374
list:
dist: 2.720176116435506 vs. 2.720176116435506
list:
dist: 1.5936016686337904 vs. 1.5936016686337904
list:
dist: 0.9698691567471418 vs. 0.9698691567471418
list:
dist: 2.782975070145291 vs. 2.782975070145291
list:
dist: 1.7130785236619142 vs. 1.7130785236619142
list:
dist: 2.419646703935777 vs. 2.419646703935777
list:
dist: 2.3039916699361096 vs. 2.3039916699361096
list:
dist: 3.174298075180488 vs. 3.174298075180488
list:
dist: 1.9609281783550103 vs. 1.9609281783550103
list:
dist: 1.632686608913209 vs. 1.632686608913209
list:
dist: 1.727440998045482 vs. 1.727440998045482
list:
dist: 3.382715232185537 vs. 3.382715232185537
list:
dist: 1.2686038496957879 vs. 1.2686038496957879
list:
dist: 1.2852882193773378 vs. 1.2852882193773378
list:
dist: 0.7651437711131496 vs. 0.7651437711131496
list:
dist: 1.6074419161418583 vs. 1.6074419161418583
list:
dist: 0.8366133794925756 vs. 0.8366133794925756
list:
dist: 0.6725628577983748 vs. 0.6725628577983748
list:
dist: 3.6533457729756624 vs. 3.6533457729756624
list:
dist: 2.674971022142931 vs. 2.674971022142931
list:
dist: 2.200588844527033 vs. 2.200588844527033
list:
dist: 2.4939867902628894 vs. 2.4939867902628894
list:
dist: 1.8588886257191999 vs. 1.8588886257191999
list:
dist: 1.8926483491958093 vs. 1.8926483491958093
list:
dist: 1.5987948371638103 vs. 1.5987948371638103
list:
dist: 1.3389530004124421 vs. 1.3389530004124421
list:
dist: 2.05005620790358 vs. 2.05005620790358
list:
dist: 3.8497770377832126 vs. 3.8497770377832126
list:
dist: 4.23179096317059 vs. 4.23179096317059
list:
dist: 3.0920847917987917 vs. 3.0920847917987917
list:
dist: 3.0417482490383962 vs. 3.0417482490383962
list:
dist: 3.6533457729756624 vs. 3.6533457729756624
list:
dist: 3.848054197452982 vs. 3.848054197452982
list:
dist: 2.231167733615413 vs. 2.231167733615413
list:
dist: 1.5846186276891066 vs. 1.5846186276891066
list:
dist: 1.3196664698483809 vs. 1.3196664698483809
list:
dist: 2.211189661504305 vs. 2.211189661504305
list:
dist: 2.316437186969004 vs. 2.316437186969004
list:
dist: 1.8926483491958093 vs. 1.8926483491958093
list:
dist: 2.033724943489259 vs. 2.033724943489259
list:
dist: 1.7497424134923047 vs. 1.7497424134923047
list:
dist: 2.4463975469662382 vs. 2.4463975469662382
list:
dist: 2.8255512064221064 vs. 2.8255512064221064
list:
dist: 1.7709446258556374 vs. 1.7709446258556374
list:
dist: 2.2204555914763673 vs. 2.2204555914763673
list:
dist: 1.1293741623253648 vs. 1.1293741623253648
list:
dist: 0.9564347269217395 vs. 0.9564347269217395
list:
dist: 1.3607889190638 vs. 1.3607889190638
list:
dist: 3.382775542695599 vs. 3.382775542695599
list:
dist: 2.1359898302194136 vs. 2.1359898302194136
list:
dist: 2.9954511786221723 vs. 2.9954511786221723
list:
dist: 2.7028887021070345 vs. 2.7028887021070345
list:
dist: 3.4376298714234195 vs. 3.4376298714234195
list:
dist: 2.3707920187378897 vs. 2.3707920187378897
list:
dist: 2.0995821782642965 vs. 2.0995821782642965
list:
dist: 2.1759185780986448 vs. 2.1759185780986448
list:
dist: 4.0440528002975755 vs. 4.0440528002975755
list:
dist: 3.6671892881740744 vs. 3.6671892881740744
list:
dist: 1.6399204520907968 vs. 1.6399204520907968
list:
dist: 1.3635155533286178 vs. 1.3635155533286178
list:
dist: 1.7877414584016247 vs. 1.7877414584016247
list:
dist: 1.5196290242659416 vs. 1.5196290242659416
list:
dist: 0.7651437711131496 vs. 0.7651437711131496
list:
dist: 0.9846275649767857 vs. 0.9846275649767857
list:
dist: 2.3483123398540813 vs. 2.3483123398540813
list:
dist: 2.4230707673403438 vs. 2.4230707673403438
list:
dist: 2.2689961100659084 vs. 2.2689961100659084
list:
dist: 2.003620878008111 vs. 2.003620878008111
list:
dist: 1.8027977775956479 vs. 1.8027977775956479
list:
dist: 1.3196664698483809 vs. 1.3196664698483809
list:
dist: 1.2262986263964675 vs. 1.2262986263964675
list:
dist: 0.5951288927983195 vs. 0.5951288927983195
list:
dist: 1.376853376120806 vs. 1.376853376120806
list:
dist: 1.907056332989459 vs. 1.907056332989459
list:
dist: 1.376853376120806 vs. 1.376853376120806
list:
dist: 2.1339098911541137 vs. 2.1339098911541137
list:
dist: 2.725860999389198 vs. 2.725860999389198
list:
dist: 2.05005620790358 vs. 2.05005620790358
list:
dist: 1.852380573915023 vs. 1.852380573915023
list:
dist: 1.9930508240993865 vs. 1.9930508240993865
list:
dist: 1.7463000386323833 vs. 1.7463000386323833
list:
dist: 2.2074580350063426 vs. 2.2074580350063426
list:
dist: 0.9698691567471418 vs. 0.9698691567471418
list:
dist: 1.7052020198705953 vs. 1.7052020198705953
list:
dist: 1.3607889190638 vs. 1.3607889190638
list:
dist: 2.0649858960469842 vs. 2.0649858960469842
list:
dist: 0.8622467447540361 vs. 0.8622467447540361
list:
dist: 2.1102134746475074 vs. 2.1102134746475074
list:
dist: 1.5077860468641833 vs. 1.5077860468641833
list:
dist: 0.5951288927983195 vs. 0.5951288927983195
list:
dist: 1.94297443166687 vs. 1.94297443166687
list:
dist: 2.0315125384902655 vs. 2.0315125384902655
list:
dist: 1.3389530004124421 vs. 1.3389530004124421
list:
dist: 1.3932865567530146 vs. 1.3932865567530146
list:
dist: 2.1013114664797903 vs. 2.1013114664797903
list:
dist: 2.2002035076950146 vs. 2.2002035076950146
list:
dist: 2.3349835432948827 vs. 2.3349835432948827
list:
dist: 1.5936016686337904 vs. 1.5936016686337904
list:
dist: 1.8009533341046446 vs. 1.8009533341046446
list:
dist: 0.9564347269217395 vs. 0.9564347269217395
list:
dist: 1.2829635362242828 vs. 1.2829635362242828
list:
dist: 0.8622467447540361 vs. 0.8622467447540361
list:
dist: 1.4029523919349405 vs. 1.4029523919349405
list:
dist: 1.9877065747663984 vs. 1.9877065747663984
list:
dist: 1.2262986263964675 vs. 1.2262986263964675
list:
dist: 2.657952471136253 vs. 2.657952471136253
list:
dist: 2.002976653273555 vs. 2.002976653273555
list:
dist: 1.5987948371638103 vs. 1.5987948371638103
list:
dist: 2.0826946104453548 vs. 2.0826946104453548
list:
dist: 2.7185662576191962 vs. 2.7185662576191962
list:
dist: 3.3089032864455166 vs. 3.3089032864455166
list:
dist: 3.357808114517265 vs. 3.357808114517265
list:
dist: 2.720176116435506 vs. 2.720176116435506
list:
dist: 2.8203775613127813 vs. 2.8203775613127813
list:
dist: 1.1293741623253648 vs. 1.1293741623253648
list:
dist: 1.2829635362242828 vs. 1.2829635362242828
list:
dist: 2.0649858960469842 vs. 2.0649858960469842
list:
dist: 1.7848145514577358 vs. 1.7848145514577358
list:
dist: 1.5235604986390872 vs. 1.5235604986390872
list:
dist: 2.3139114234657923 vs. 2.3139114234657923
list:
dist: 1.1262278653574054 vs. 1.1262278653574054
list:
dist: 0.8649687911073087 vs. 0.8649687911073087
list:
dist: 0.6650679740176403 vs. 0.6650679740176403
list:
dist: 3.791597865377032 vs. 3.791597865377032
list:
dist: 1.9243877130020515 vs. 1.9243877130020515
list:
dist: 1.8904940825536793 vs. 1.8904940825536793
list:
dist: 1.6724786648638392 vs. 1.6724786648638392
list:
dist: 1.289356889156222 vs. 1.289356889156222
list:
dist: 1.205281180862843 vs. 1.205281180862843
list:
dist: 1.7199180289824016 vs. 1.7199180289824016
list:
dist: 0.9794075828251365 vs. 0.9794075828251365
list:
dist: 0.9909093972706404 vs. 0.9909093972706404
list:
dist: 2.805106645367751 vs. 2.805106645367751
list:
dist: 2.879845239713184 vs. 2.879845239713184
list:
dist: 3.4710912708301787 vs. 3.4710912708301787
list:
dist: 2.7431428199272543 vs. 2.7431428199272543
list:
dist: 2.633286790736803 vs. 2.633286790736803
list:
dist: 3.0371210816623946 vs. 3.0371210816623946
list:
dist: 3.313690392251265 vs. 3.313690392251265
list:
dist: 3.251444203044382 vs. 3.251444203044382
list:
dist: 2.327678489191037 vs. 2.327678489191037
list:
dist: 1.7577728294113375 vs. 1.7577728294113375
list:
dist: 1.3196121326839665 vs. 1.3196121326839665
list:
dist: 1.6478776553817691 vs. 1.6478776553817691
list:
dist: 1.560126490827457 vs. 1.560126490827457
list:
dist: 1.5022962915276479 vs. 1.5022962915276479
list:
dist: 1.8817403194480533 vs. 1.8817403194480533
list:
dist: 3.0689164282132184 vs. 3.0689164282132184
list:
dist: 3.573715830458239 vs. 3.573715830458239
list:
dist: 1.944648813699322 vs. 1.944648813699322
list:
dist: 2.46883597855638 vs. 2.46883597855638
list:
dist: 2.837499660077012 vs. 2.837499660077012
list:
dist: 2.9657732278296343 vs. 2.9657732278296343
list:
dist: 1.3077832696674665 vs. 1.3077832696674665
list:
dist: 3.0666988540949993 vs. 3.0666988540949993
list:
dist: 2.3139114234657923 vs. 2.3139114234657923
list:
dist: 3.208023391578424 vs. 3.208023391578424
list:
dist: 2.2156670956791418 vs. 2.2156670956791418
list:
dist: 1.49663752561041 vs. 1.49663752561041
list:
dist: 1.603709152875397 vs. 1.603709152875397
list:
dist: 1.3196121326839665 vs. 1.3196121326839665
list:
dist: 0.8699791944285352 vs. 0.8699791944285352
list:
dist: 1.0028573622639396 vs. 1.0028573622639396
list:
dist: 1.6233068826707793 vs. 1.6233068826707793
list:
dist: 2.073320951817623 vs. 2.073320951817623
list:
dist: 2.321548680549651 vs. 2.321548680549651
list:
dist: 0.9919675688916221 vs. 0.9919675688916221
list:
dist: 1.2590469390524857 vs. 1.2590469390524857
list:
dist: 1.9395453631193607 vs. 1.9395453631193607
list:
dist: 2.249501344798772 vs. 2.249501344798772
list:
dist: 1.224361422744843 vs. 1.224361422744843
list:
dist: 2.7356248545181865 vs. 2.7356248545181865
list:
dist: 1.7848145514577358 vs. 1.7848145514577358
list:
dist: 2.391359484833982 vs. 2.391359484833982
list:
dist: 2.0693668695299836 vs. 2.0693668695299836
list:
dist: 2.068891552442329 vs. 2.068891552442329
list:
dist: 1.224361422744843 vs. 1.224361422744843
list:
dist: 1.566480241760714 vs. 1.566480241760714
list:
dist: 1.3077832696674665 vs. 1.3077832696674665
list:
dist: 1.0945150785547826 vs. 1.0945150785547826
list:
dist: 0.6341877645930468 vs. 0.6341877645930468
list:
dist: 1.0900371088325949 vs. 1.0900371088325949
list:
dist: 2.539980311741877 vs. 2.539980311741877
list:
dist: 3.0503855007803238 vs. 3.0503855007803238
list:
dist: 1.3729187492059292 vs. 1.3729187492059292
list:
dist: 1.7888495227208625 vs. 1.7888495227208625
list:
dist: 1.7452554384045196 vs. 1.7452554384045196
list:
dist: 1.6997739396771199 vs. 1.6997739396771199
list:
dist: 1.80800914188541 vs. 1.80800914188541
list:
dist: 1.205281180862843 vs. 1.205281180862843
list:
dist: 2.0856790730871992 vs. 2.0856790730871992
list:
dist: 0.9652672289892217 vs. 0.9652672289892217
list:
dist: 2.909676075097644 vs. 2.909676075097644
list:
dist: 3.0681751369043155 vs. 3.0681751369043155
list:
dist: 4.097562996787014 vs. 4.097562996787014
list:
dist: 3.66966621463261 vs. 3.66966621463261
list:
dist: 3.248796762767503 vs. 3.248796762767503
list:
dist: 4.191215579798619 vs. 4.191215579798619
list:
dist: 4.253607950148084 vs. 4.253607950148084
list:
dist: 4.302170030314033 vs. 4.302170030314033
list:
dist: 3.461093827847328 vs. 3.461093827847328
list:
dist: 2.955162803654405 vs. 2.955162803654405
list:
dist: 1.603709152875397 vs. 1.603709152875397
list:
dist: 1.6478776553817691 vs. 1.6478776553817691
list:
dist: 0.908441194953659 vs. 0.908441194953659
list:
dist: 1.1487704929444105 vs. 1.1487704929444105
list:
dist: 0.9037702854209341 vs. 0.9037702854209341
list:
dist: 3.5503241160081838 vs. 3.5503241160081838
list:
dist: 3.6199661213360725 vs. 3.6199661213360725
list:
dist: 2.406773371626925 vs. 2.406773371626925
list:
dist: 2.518396749978229 vs. 2.518396749978229
list:
dist: 2.8420640491396876 vs. 2.8420640491396876
list:
dist: 2.7148013557794792 vs. 2.7148013557794792
list:
dist: 1.566480241760714 vs. 1.566480241760714
list:
dist: 3.053705650863427 vs. 3.053705650863427
list:
dist: 1.5235604986390872 vs. 1.5235604986390872
list:
dist: 2.285117040031912 vs. 2.285117040031912
list:
dist: 2.0618634907691593 vs. 2.0618634907691593
list:
dist: 3.7896928547291724 vs. 3.7896928547291724
list:
dist: 3.4315326954192678 vs. 3.4315326954192678
list:
dist: 2.8703030495339257 vs. 2.8703030495339257
list:
dist: 2.287853451988516 vs. 2.287853451988516
list:
dist: 3.461093827847328 vs. 3.461093827847328
list:
dist: 4.684502405751672 vs. 4.684502405751672
list:
dist: 2.327678489191037 vs. 2.327678489191037
list:
dist: 1.5376963850274432 vs. 1.5376963850274432
list:
dist: 2.7956720844546004 vs. 2.7956720844546004
list:
dist: 3.447784373769195 vs. 3.447784373769195
list:
dist: 3.225563346929403 vs. 3.225563346929403
list:
dist: 2.7420195284540196 vs. 2.7420195284540196
list:
dist: 4.502288911156197 vs. 4.502288911156197
list:
dist: 3.7090173364507626 vs. 3.7090173364507626
list:
dist: 1.2291799829375523 vs. 1.2291799829375523
list:
dist: 1.9430516006247385 vs. 1.9430516006247385
list:
dist: 1.1242104095319043 vs. 1.1242104095319043
list:
dist: 1.7308836997629236 vs. 1.7308836997629236
list:
dist: 1.293751418815 vs. 1.293751418815
list:
dist: 3.304432922401805 vs. 3.304432922401805
list:
dist: 2.68921675542038 vs. 2.68921675542038
list:
dist: 1.49663752561041 vs. 1.49663752561041
list:
dist: 2.955162803654405 vs. 2.955162803654405
list:
dist: 1.7577728294113375 vs. 1.7577728294113375
list:
dist: 2.3275566223710267 vs. 2.3275566223710267
list:
dist: 2.267116606525374 vs. 2.267116606525374
list:
dist: 1.8228799845662058 vs. 1.8228799845662058
list:
dist: 2.564105550885515 vs. 2.564105550885515
list:
dist: 1.3406538767739835 vs. 1.3406538767739835
list:
dist: 1.9121615977938202 vs. 1.9121615977938202
list:
dist: 2.479104785865649 vs. 2.479104785865649
list:
dist: 3.005953169992619 vs. 3.005953169992619
list:
dist: 2.068891552442329 vs. 2.068891552442329
list:
dist: 2.7356248545181865 vs. 2.7356248545181865
list:
dist: 3.053705650863427 vs. 3.053705650863427
list:
dist: 3.0666988540949993 vs. 3.0666988540949993
list:
dist: 2.5353705755771685 vs. 2.5353705755771685
list:
dist: 2.0691901997925655 vs. 2.0691901997925655
list:
dist: 2.195921206701938 vs. 2.195921206701938
list:
dist: 4.076187063624424 vs. 4.076187063624424
list:
dist: 2.2320530654826336 vs. 2.2320530654826336
list:
dist: 2.3867933507391412 vs. 2.3867933507391412
list:
dist: 1.4581661960508177 vs. 1.4581661960508177
list:
dist: 0.9470188675781177 vs. 0.9470188675781177
list:
dist: 1.80800914188541 vs. 1.80800914188541
list:
dist: 1.7199180289824016 vs. 1.7199180289824016
list:
dist: 1.952297569010072 vs. 1.952297569010072
list:
dist: 1.049177215335746 vs. 1.049177215335746
list:
dist: 3.0417482490383962 vs. 3.0417482490383962
list:
dist: 2.524130916139859 vs. 2.524130916139859
list:
dist: 2.282321767913697 vs. 2.282321767913697
list:
dist: 2.5495008854359957 vs. 2.5495008854359957
list:
dist: 1.6212391600373817 vs. 1.6212391600373817
list:
dist: 2.267116606525374 vs. 2.267116606525374
list:
dist: 1.0028573622639396 vs. 1.0028573622639396
list:
dist: 1.1487704929444105 vs. 1.1487704929444105
list:
dist: 1.5022962915276479 vs. 1.5022962915276479
list:
dist: 0.5088157017768438 vs. 0.5088157017768438
list:
dist: 0.6909498473752492 vs. 0.6909498473752492
list:
dist: 2.5579820135278912 vs. 2.5579820135278912
list:
dist: 2.8214783844927807 vs. 2.8214783844927807
list:
dist: 1.4027978084097967 vs. 1.4027978084097967
list:
dist: 1.5865197802824806 vs. 1.5865197802824806
list:
dist: 1.7382759930999871 vs. 1.7382759930999871
list:
dist: 1.6890108540054931 vs. 1.6890108540054931
list:
dist: 0.6341877645930468 vs. 0.6341877645930468
list:
dist: 2.0691901997925655 vs. 2.0691901997925655
list:
dist: 0.8649687911073087 vs. 0.8649687911073087
list:
dist: 1.7060383585535492 vs. 1.7060383585535492
list:
dist: 1.2139153899677118 vs. 1.2139153899677118
list:
dist: 1.3406538767739835 vs. 1.3406538767739835
list:
dist: 0.9919675688916221 vs. 0.9919675688916221
list:
dist: 2.406773371626925 vs. 2.406773371626925
list:
dist: 1.944648813699322 vs. 1.944648813699322
list:
dist: 1.548670008018128 vs. 1.548670008018128
list:
dist: 1.4027978084097967 vs. 1.4027978084097967
list:
dist: 2.0730920656884733 vs. 2.0730920656884733
list:
dist: 1.2091781244883477 vs. 1.2091781244883477
list:
dist: 1.8035466878145543 vs. 1.8035466878145543
list:
dist: 0.7103625488170106 vs. 0.7103625488170106
list:
dist: 1.1997682251136625 vs. 1.1997682251136625
list:
dist: 1.7422322429383352 vs. 1.7422322429383352
list:
dist: 1.3729187492059292 vs. 1.3729187492059292
list:
dist: 2.2320530654826336 vs. 2.2320530654826336
list:
dist: 1.9243877130020515 vs. 1.9243877130020515
list:
dist: 2.3322240473832534 vs. 2.3322240473832534
list:
dist: 1.9530986156278627 vs. 1.9530986156278627
list:
dist: 1.8836668001748225 vs. 1.8836668001748225
list:
dist: 2.2517475883118414 vs. 2.2517475883118414
list:
dist: 3.4675348059861864 vs. 3.4675348059861864
list:
dist: 3.61946677602644 vs. 3.61946677602644
list:
dist: 3.409728918036537 vs. 3.409728918036537
list:
dist: 4.268534639568565 vs. 4.268534639568565
list:
dist: 4.010531657754089 vs. 4.010531657754089
list:
dist: 4.246909247758767 vs. 4.246909247758767
list:
dist: 3.7896928547291724 vs. 3.7896928547291724
list:
dist: 1.6233068826707793 vs. 1.6233068826707793
list:
dist: 0.9037702854209341 vs. 0.9037702854209341
list:
dist: 1.8817403194480533 vs. 1.8817403194480533
list:
dist: 0.8405779025285585 vs. 0.8405779025285585
list:
dist: 0.6909498473752492 vs. 0.6909498473752492
list:
dist: 3.4482648062706533 vs. 3.4482648062706533
list:
dist: 2.0730920656884733 vs. 2.0730920656884733
list:
dist: 2.158708120253747 vs. 2.158708120253747
list:
dist: 2.169002340482036 vs. 2.169002340482036
list:
dist: 1.8933953234983298 vs. 1.8933953234983298
list:
dist: 1.0900371088325949 vs. 1.0900371088325949
list:
dist: 2.195921206701938 vs. 2.195921206701938
list:
dist: 0.6650679740176403 vs. 0.6650679740176403
list:
dist: 1.562924696017428 vs. 1.562924696017428
list:
dist: 1.240099123340089 vs. 1.240099123340089
list:
dist: 2.391359484833982 vs. 2.391359484833982
list:
dist: 2.285117040031912 vs. 2.285117040031912
list:
dist: 3.208023391578424 vs. 3.208023391578424
list:
dist: 1.8173718315122693 vs. 1.8173718315122693
list:
dist: 1.7060383585535492 vs. 1.7060383585535492
list:
dist: 1.562924696017428 vs. 1.562924696017428
list:
dist: 4.549268201735369 vs. 4.549268201735369
list:
dist: 2.3322240473832534 vs. 2.3322240473832534
list:
dist: 2.005626797511527 vs. 2.005626797511527
list:
dist: 1.6717843993243044 vs. 1.6717843993243044
list:
dist: 1.239478357508717 vs. 1.239478357508717
list:
dist: 2.0856790730871992 vs. 2.0856790730871992
list:
dist: 1.952297569010072 vs. 1.952297569010072
list:
dist: 0.9794075828251365 vs. 0.9794075828251365
list:
dist: 1.715850026669404 vs. 1.715850026669404
list:
dist: 2.507315520105999 vs. 2.507315520105999
list:
dist: 2.512024453324518 vs. 2.512024453324518
list:
dist: 2.6986337405568905 vs. 2.6986337405568905
list:
dist: 1.8899581051878616 vs. 1.8899581051878616
list:
dist: 2.200965124592082 vs. 2.200965124592082
list:
dist: 2.107993981503497 vs. 2.107993981503497
list:
dist: 2.3765627503179916 vs. 2.3765627503179916
list:
dist: 2.3040454085058224 vs. 2.3040454085058224
list:
dist: 1.5376963850274432 vs. 1.5376963850274432
list:
dist: 1.8228799845662058 vs. 1.8228799845662058
list:
dist: 2.073320951817623 vs. 2.073320951817623
list:
dist: 3.5503241160081838 vs. 3.5503241160081838
list:
dist: 3.0689164282132184 vs. 3.0689164282132184
list:
dist: 2.6559779003229584 vs. 2.6559779003229584
list:
dist: 2.5579820135278912 vs. 2.5579820135278912
list:
dist: 1.1499305048044919 vs. 1.1499305048044919
list:
dist: 1.2091781244883477 vs. 1.2091781244883477
list:
dist: 1.1419210664415715 vs. 1.1419210664415715
list:
dist: 1.515652108924257 vs. 1.515652108924257
list:
dist: 2.2627361589255712 vs. 2.2627361589255712
list:
dist: 2.539980311741877 vs. 2.539980311741877
list:
dist: 1.2172736294537847 vs. 1.2172736294537847
list:
dist: 1.724845463170856 vs. 1.724845463170856
list:
dist: 3.0476291236195348 vs. 3.0476291236195348
list:
dist: 2.564105550885515 vs. 2.564105550885515
list:
dist: 3.984551907586988 vs. 3.984551907586988
list:
dist: 2.321548680549651 vs. 2.321548680549651
list:
dist: 3.6199661213360725 vs. 3.6199661213360725
list:
dist: 3.573715830458239 vs. 3.573715830458239
list:
dist: 2.745993800252721 vs. 2.745993800252721
list:
dist: 2.8214783844927807 vs. 2.8214783844927807
list:
dist: 3.458320878932072 vs. 3.458320878932072
list:
dist: 4.089967658386106 vs. 4.089967658386106
list:
dist: 1.1499305048044919 vs. 1.1499305048044919
list:
dist: 3.0845197037961625 vs. 3.0845197037961625
list:
dist: 3.2624470369744856 vs. 3.2624470369744856
list:
dist: 3.4300905043491308 vs. 3.4300905043491308
list:
dist: 3.740262553250785 vs. 3.740262553250785
list:
dist: 1.8035466878145543 vs. 1.8035466878145543
list:
dist: 1.2661593022152486 vs. 1.2661593022152486
list:
dist: 1.9324593807499562 vs. 1.9324593807499562
list:
dist: 2.590270806280437 vs. 2.590270806280437
list:
dist: 3.0503855007803238 vs. 3.0503855007803238
list:
dist: 2.960415878896516 vs. 2.960415878896516
list:
dist: 3.0126394071741402 vs. 3.0126394071741402
list:
dist: 3.2912869139407235 vs. 3.2912869139407235
list:
dist: 1.3147326914687478 vs. 1.3147326914687478
list:
dist: 1.9370054155015852 vs. 1.9370054155015852
list:
dist: 2.7136163817903505 vs. 2.7136163817903505
list:
dist: 3.5607798496126284 vs. 3.5607798496126284
list:
dist: 2.9574280612165835 vs. 2.9574280612165835
list:
dist: 4.010531657754089 vs. 4.010531657754089
list:
dist: 3.486521258933518 vs. 3.486521258933518
list:
dist: 2.952275129669919 vs. 2.952275129669919
list:
dist: 2.6966274007764564 vs. 2.6966274007764564
list:
dist: 4.253607950148084 vs. 4.253607950148084
list:
dist: 4.155035042983695 vs. 4.155035042983695
list:
dist: 3.313690392251265 vs. 3.313690392251265
list:
dist: 2.3765627503179916 vs. 2.3765627503179916
list:
dist: 3.7294014370410062 vs. 3.7294014370410062
list:
dist: 2.843591863394393 vs. 2.843591863394393
list:
dist: 2.5552210986590906 vs. 2.5552210986590906
list:
dist: 1.348775135768455 vs. 1.348775135768455
list:
dist: 3.2953059718493107 vs. 3.2953059718493107
list:
dist: 2.506936299923965 vs. 2.506936299923965
list:
dist: 0.8352165416513003 vs. 0.8352165416513003
list:
dist: 2.160378940774583 vs. 2.160378940774583
list:
dist: 1.4337610653570898 vs. 1.4337610653570898
list:
dist: 0.6516749870124555 vs. 0.6516749870124555
list:
dist: 1.7308836997629236 vs. 1.7308836997629236
list:
dist: 2.2317011902799058 vs. 2.2317011902799058
list:
dist: 1.22616948487853 vs. 1.22616948487853
list:
dist: 3.005953169992619 vs. 3.005953169992619
list:
dist: 2.249501344798772 vs. 2.249501344798772
list:
dist: 2.7148013557794792 vs. 2.7148013557794792
list:
dist: 2.9657732278296343 vs. 2.9657732278296343
list:
dist: 2.0380493042060626 vs. 2.0380493042060626
list:
dist: 1.6890108540054931 vs. 1.6890108540054931
list:
dist: 1.8933953234983298 vs. 1.8933953234983298
list:
dist: 2.2627361589255712 vs. 2.2627361589255712
list:
dist: 2.590270806280437 vs. 2.590270806280437
list:
dist: 1.7422322429383352 vs. 1.7422322429383352
list:
dist: 1.6447467870575698 vs. 1.6447467870575698
list:
dist: 0.7485029669695862 vs. 0.7485029669695862
list:
dist: 1.6997739396771199 vs. 1.6997739396771199
list:
dist: 0.9470188675781177 vs. 0.9470188675781177
list:
dist: 1.289356889156222 vs. 1.289356889156222
list:
dist: 1.239478357508717 vs. 1.239478357508717
list:
dist: 1.2309862850893165 vs. 1.2309862850893165
list:
dist: 1.8452471915338544 vs. 1.8452471915338544
list:
dist: 1.7297222863489488 vs. 1.7297222863489488
list:
dist: 2.5240637281894442 vs. 2.5240637281894442
list:
dist: 2.0872445736772036 vs. 2.0872445736772036
list:
dist: 1.7156954856974156 vs. 1.7156954856974156
list:
dist: 3.0052016654968123 vs. 3.0052016654968123
list:
dist: 2.6966274007764564 vs. 2.6966274007764564
list:
dist: 2.845699813639549 vs. 2.845699813639549
list:
dist: 2.287853451988516 vs. 2.287853451988516
list:
dist: 2.0693668695299836 vs. 2.0693668695299836
list:
dist: 2.0618634907691593 vs. 2.0618634907691593
list:
dist: 2.2156670956791418 vs. 2.2156670956791418
list:
dist: 1.7018109844071478 vs. 1.7018109844071478
list:
dist: 1.2139153899677118 vs. 1.2139153899677118
list:
dist: 1.240099123340089 vs. 1.240099123340089
list:
dist: 3.3932550657560983 vs. 3.3932550657560983
list:
dist: 1.9530986156278627 vs. 1.9530986156278627
list:
dist: 2.1944000030233415 vs. 2.1944000030233415
list:
dist: 1.6685229623325166 vs. 1.6685229623325166
list:
dist: 1.2309862850893165 vs. 1.2309862850893165
list:
dist: 0.9652672289892217 vs. 0.9652672289892217
list:
dist: 1.049177215335746 vs. 1.049177215335746
list:
dist: 0.9909093972706404 vs. 0.9909093972706404
list:
dist: 1.715850026669404 vs. 1.715850026669404
list:
dist: 2.917873287320696 vs. 2.917873287320696
list:
dist: 2.8813571927040993 vs. 2.8813571927040993
list:
dist: 3.742927974368959 vs. 3.742927974368959
list:
dist: 3.033391072355064 vs. 3.033391072355064
list:
dist: 2.435246915834356 vs. 2.435246915834356
list:
dist: 3.6901639050583865 vs. 3.6901639050583865
list:
dist: 3.7294014370410062 vs. 3.7294014370410062
list:
dist: 3.7235020729050823 vs. 3.7235020729050823
list:
dist: 2.7956720844546004 vs. 2.7956720844546004
list:
dist: 1.9121615977938202 vs. 1.9121615977938202
list:
dist: 1.2590469390524857 vs. 1.2590469390524857
list:
dist: 2.518396749978229 vs. 2.518396749978229
list:
dist: 2.46883597855638 vs. 2.46883597855638
list:
dist: 1.6107150367680507 vs. 1.6107150367680507
list:
dist: 1.5865197802824806 vs. 1.5865197802824806
list:
dist: 2.158708120253747 vs. 2.158708120253747
list:
dist: 1.1419210664415715 vs. 1.1419210664415715
list:
dist: 1.2661593022152486 vs. 1.2661593022152486
list:
dist: 0.7103625488170106 vs. 0.7103625488170106
list:
dist: 1.056182002698579 vs. 1.056182002698579
list:
dist: 1.6447467870575698 vs. 1.6447467870575698
list:
dist: 1.7888495227208625 vs. 1.7888495227208625
list:
dist: 2.3867933507391412 vs. 2.3867933507391412
list:
dist: 1.8904940825536793 vs. 1.8904940825536793
list:
dist: 2.005626797511527 vs. 2.005626797511527
list:
dist: 2.1944000030233415 vs. 2.1944000030233415
list:
dist: 1.4830813590218868 vs. 1.4830813590218868
list:
dist: 1.930603287223094 vs. 1.930603287223094
list:
dist: 2.943629316109675 vs. 2.943629316109675
list:
dist: 3.2050133963632392 vs. 3.2050133963632392
list:
dist: 3.2545177997154267 vs. 3.2545177997154267
list:
dist: 3.758089737629527 vs. 3.758089737629527
list:
dist: 3.486521258933518 vs. 3.486521258933518
list:
dist: 3.746760322299127 vs. 3.746760322299127
list:
dist: 3.4315326954192678 vs. 3.4315326954192678
list:
dist: 2.9574280612165835 vs. 2.9574280612165835
list:
dist: 3.4421331889715727 vs. 3.4421331889715727
list:
dist: 3.2627757641292265 vs. 3.2627757641292265
list:
dist: 2.60023165184564 vs. 2.60023165184564
list:
dist: 4.480639609419698 vs. 4.480639609419698
list:
dist: 3.7456491710260322 vs. 3.7456491710260322
list:
dist: 3.801401691090625 vs. 3.801401691090625
list:
dist: 3.2589899963215196 vs. 3.2589899963215196
list:
dist: 3.6023777091071993 vs. 3.6023777091071993
list:
dist: 3.024841894072655 vs. 3.024841894072655
list:
dist: 2.160309143491579 vs. 2.160309143491579
list:
dist: 2.6484926928190244 vs. 2.6484926928190244
list:
dist: 2.7250354549492792 vs. 2.7250354549492792
list:
dist: 2.442076137855339 vs. 2.442076137855339
list:
dist: 2.454587705731518 vs. 2.454587705731518
list:
dist: 3.5166186764708978 vs. 3.5166186764708978
list:
dist: 2.2649315786595117 vs. 2.2649315786595117
list:
dist: 2.2814187264708 vs. 2.2814187264708
list:
dist: 0.8720149851291293 vs. 0.8720149851291293
list:
dist: 2.817312033547166 vs. 2.817312033547166
list:
dist: 2.430888664342516 vs. 2.430888664342516
list:
dist: 2.9513624973943307 vs. 2.9513624973943307
list:
dist: 2.506936299923965 vs. 2.506936299923965
list:
dist: 2.8568679720687253 vs. 2.8568679720687253
list:
dist: 3.7090173364507626 vs. 3.7090173364507626
list:
dist: 2.0015027688372036 vs. 2.0015027688372036
list:
dist: 1.928193719931326 vs. 1.928193719931326
list:
dist: 3.018048315942204 vs. 3.018048315942204
list:
dist: 2.5693513273762667 vs. 2.5693513273762667
list:
dist: 2.8599152098824763 vs. 2.8599152098824763
list:
dist: 2.726880649684981 vs. 2.726880649684981
list:
dist: 3.14157991014039 vs. 3.14157991014039
list:
dist: 3.61946677602644 vs. 3.61946677602644
list:
dist: 3.2050133963632392 vs. 3.2050133963632392
list:
dist: 2.501966157550348 vs. 2.501966157550348
list:
dist: 2.0872445736772036 vs. 2.0872445736772036
list:
dist: 3.66966621463261 vs. 3.66966621463261
list:
dist: 2.5495008854359957 vs. 2.5495008854359957
list:
dist: 2.7431428199272543 vs. 2.7431428199272543
list:
dist: 1.8899581051878616 vs. 1.8899581051878616
list:
dist: 3.033391072355064 vs. 3.033391072355064
list:
dist: 2.7052523915865128 vs. 2.7052523915865128
list:
dist: 2.3514594375303233 vs. 2.3514594375303233
list:
dist: 1.6348760111337908 vs. 1.6348760111337908
list:
dist: 1.3888034540091947 vs. 1.3888034540091947
list:
dist: 1.5452093190917182 vs. 1.5452093190917182
list:
dist: 0.8352165416513003 vs. 0.8352165416513003
list:
dist: 0.9105408485629443 vs. 0.9105408485629443
list:
dist: 1.2291799829375523 vs. 1.2291799829375523
list:
dist: 2.156045355365279 vs. 2.156045355365279
list:
dist: 1.501384543755593 vs. 1.501384543755593
list:
dist: 1.2172736294537847 vs. 1.2172736294537847
list:
dist: 1.3147326914687478 vs. 1.3147326914687478
list:
dist: 1.8836668001748225 vs. 1.8836668001748225
list:
dist: 1.4830813590218868 vs. 1.4830813590218868
list:
dist: 1.2517470857232584 vs. 1.2517470857232584
list:
dist: 1.8452471915338544 vs. 1.8452471915338544
list:
dist: 2.909676075097644 vs. 2.909676075097644
list:
dist: 2.524130916139859 vs. 2.524130916139859
list:
dist: 2.805106645367751 vs. 2.805106645367751
list:
dist: 2.507315520105999 vs. 2.507315520105999
list:
dist: 2.917873287320696 vs. 2.917873287320696
list:
dist: 0.6292193498358334 vs. 0.6292193498358334
list:
dist: 1.8398278578186846 vs. 1.8398278578186846
list:
dist: 2.7052523915865128 vs. 2.7052523915865128
list:
dist: 2.7817499380140753 vs. 2.7817499380140753
list:
dist: 3.6666320935241146 vs. 3.6666320935241146
list:
dist: 2.843591863394393 vs. 2.843591863394393
list:
dist: 3.317220049372075 vs. 3.317220049372075
list:
dist: 3.447784373769195 vs. 3.447784373769195
list:
dist: 1.7207371652093169 vs. 1.7207371652093169
list:
dist: 2.1699795525388827 vs. 2.1699795525388827
list:
dist: 3.409728918036537 vs. 3.409728918036537
list:
dist: 3.2545177997154267 vs. 3.2545177997154267
list:
dist: 2.2646519071001903 vs. 2.2646519071001903
list:
dist: 1.7156954856974156 vs. 1.7156954856974156
list:
dist: 3.248796762767503 vs. 3.248796762767503
list:
dist: 1.6212391600373817 vs. 1.6212391600373817
list:
dist: 2.633286790736803 vs. 2.633286790736803
list:
dist: 2.200965124592082 vs. 2.200965124592082
list:
dist: 2.435246915834356 vs. 2.435246915834356
list:
dist: 2.7817499380140753 vs. 2.7817499380140753
list:
dist: 2.293904426937754 vs. 2.293904426937754
list:
dist: 2.3624929898280818 vs. 2.3624929898280818
list:
dist: 1.3888034540091947 vs. 1.3888034540091947
list:
dist: 2.7722067180140373 vs. 2.7722067180140373
list:
dist: 2.160378940774583 vs. 2.160378940774583
list:
dist: 2.251591489776419 vs. 2.251591489776419
list:
dist: 1.9430516006247385 vs. 1.9430516006247385
list:
dist: 2.1465825055254 vs. 2.1465825055254
list:
dist: 2.198485518390883 vs. 2.198485518390883
list:
dist: 4.246909247758767 vs. 4.246909247758767
list:
dist: 3.746760322299127 vs. 3.746760322299127
list:
dist: 3.221109025941201 vs. 3.221109025941201
list:
dist: 2.845699813639549 vs. 2.845699813639549
list:
dist: 4.302170030314033 vs. 4.302170030314033
list:
dist: 4.338609466968616 vs. 4.338609466968616
list:
dist: 3.251444203044382 vs. 3.251444203044382
list:
dist: 2.3040454085058224 vs. 2.3040454085058224
list:
dist: 3.7235020729050823 vs. 3.7235020729050823
list:
dist: 3.317220049372075 vs. 3.317220049372075
list:
dist: 3.0502777279357276 vs. 3.0502777279357276
list:
dist: 1.983453116636917 vs. 1.983453116636917
list:
dist: 3.6094324394849804 vs. 3.6094324394849804
list:
dist: 2.8568679720687253 vs. 2.8568679720687253
list:
dist: 0.9105408485629443 vs. 0.9105408485629443
list:
dist: 2.251591489776419 vs. 2.251591489776419
list:
dist: 0.9037003806060839 vs. 0.9037003806060839
list:
dist: 0.6516749870124555 vs. 0.6516749870124555
list:
dist: 1.293751418815 vs. 1.293751418815
list:
dist: 2.805822365577048 vs. 2.805822365577048
list:
dist: 1.861393428252134 vs. 1.861393428252134
list:
dist: 3.0476291236195348 vs. 3.0476291236195348
list:
dist: 2.7136163817903505 vs. 2.7136163817903505
list:
dist: 4.936518681061122 vs. 4.936518681061122
list:
dist: 4.9129432186012725 vs. 4.9129432186012725
list:
dist: 4.538587371967101 vs. 4.538587371967101
list:
dist: 5.869917202363827 vs. 5.869917202363827
list:
dist: 3.4675348059861864 vs. 3.4675348059861864
list:
dist: 2.943629316109675 vs. 2.943629316109675
list:
dist: 2.4534999733013594 vs. 2.4534999733013594
list:
dist: 2.5240637281894442 vs. 2.5240637281894442
list:
dist: 4.097562996787014 vs. 4.097562996787014
list:
dist: 3.961271624639002 vs. 3.961271624639002
list:
dist: 3.4710912708301787 vs. 3.4710912708301787
list:
dist: 2.6986337405568905 vs. 2.6986337405568905
list:
dist: 3.742927974368959 vs. 3.742927974368959
list:
dist: 4.1786908078733145 vs. 4.1786908078733145
list:
dist: 4.366998659270639 vs. 4.366998659270639
list:
dist: 1.8398278578186846 vs. 1.8398278578186846
list:
dist: 1.5385301375251115 vs. 1.5385301375251115
list:
dist: 3.081698020365125 vs. 3.081698020365125
list:
dist: 2.2814187264708 vs. 2.2814187264708
list:
dist: 1.6348760111337908 vs. 1.6348760111337908
list:
dist: 2.3624929898280818 vs. 2.3624929898280818
list:
dist: 2.6312598314693996 vs. 2.6312598314693996
list:
dist: 1.348775135768455 vs. 1.348775135768455
list:
dist: 1.983453116636917 vs. 1.983453116636917
list:
dist: 2.7420195284540196 vs. 2.7420195284540196
list:
dist: 3.88693813308619 vs. 3.88693813308619
list:
dist: 3.6941047523484856 vs. 3.6941047523484856
list:
dist: 1.1644338149279059 vs. 1.1644338149279059
list:
dist: 0.435592783029792 vs. 0.435592783029792
list:
dist: 2.3275566223710267 vs. 2.3275566223710267
list:
dist: 0.8699791944285352 vs. 0.8699791944285352
list:
dist: 0.908441194953659 vs. 0.908441194953659
list:
dist: 1.560126490827457 vs. 1.560126490827457
list:
dist: 0.5088157017768438 vs. 0.5088157017768438
list:
dist: 0.8405779025285585 vs. 0.8405779025285585
list:
dist: 2.6559779003229584 vs. 2.6559779003229584
list:
dist: 2.745993800252721 vs. 2.745993800252721
list:
dist: 1.548670008018128 vs. 1.548670008018128
list:
dist: 1.6107150367680507 vs. 1.6107150367680507
list:
dist: 2.0131916401020598 vs. 2.0131916401020598
list:
dist: 2.0380493042060626 vs. 2.0380493042060626
list:
dist: 1.0945150785547826 vs. 1.0945150785547826
list:
dist: 2.5353705755771685 vs. 2.5353705755771685
list:
dist: 1.1262278653574054 vs. 1.1262278653574054
list:
dist: 1.8173718315122693 vs. 1.8173718315122693
list:
dist: 1.7018109844071478 vs. 1.7018109844071478
list:
dist: 2.479104785865649 vs. 2.479104785865649
list:
dist: 1.9395453631193607 vs. 1.9395453631193607
list:
dist: 2.8420640491396876 vs. 2.8420640491396876
list:
dist: 2.837499660077012 vs. 2.837499660077012
list:
dist: 2.0131916401020598 vs. 2.0131916401020598
list:
dist: 1.7382759930999871 vs. 1.7382759930999871
list:
dist: 2.169002340482036 vs. 2.169002340482036
list:
dist: 1.515652108924257 vs. 1.515652108924257
list:
dist: 1.9324593807499562 vs. 1.9324593807499562
list:
dist: 1.1997682251136625 vs. 1.1997682251136625
list:
dist: 1.056182002698579 vs. 1.056182002698579
list:
dist: 0.7485029669695862 vs. 0.7485029669695862
list:
dist: 1.7452554384045196 vs. 1.7452554384045196
list:
dist: 1.4581661960508177 vs. 1.4581661960508177
list:
dist: 1.6724786648638392 vs. 1.6724786648638392
list:
dist: 1.6717843993243044 vs. 1.6717843993243044
list:
dist: 1.6685229623325166 vs. 1.6685229623325166
list:
dist: 1.2517470857232584 vs. 1.2517470857232584
list:
dist: 1.331968569391716 vs. 1.331968569391716
list:
dist: 2.4534999733013594 vs. 2.4534999733013594
list:
dist: 2.501966157550348 vs. 2.501966157550348
list:
dist: 2.2646519071001903 vs. 2.2646519071001903
list:
dist: 3.4060591040092234 vs. 3.4060591040092234
list:
dist: 2.952275129669919 vs. 2.952275129669919
list:
dist: 3.221109025941201 vs. 3.221109025941201
list:
dist: 2.8703030495339257 vs. 2.8703030495339257
list:
dist: 1.7207371652093169 vs. 1.7207371652093169
list:
dist: 1.1604096827050294 vs. 1.1604096827050294
list:
dist: 1.1644338149279059 vs. 1.1644338149279059
list:
dist: 2.156045355365279 vs. 2.156045355365279
list:
dist: 2.1465825055254 vs. 2.1465825055254
list:
dist: 3.5199393637192227 vs. 3.5199393637192227
list:
dist: 2.2317011902799058 vs. 2.2317011902799058
list:
dist: 2.805822365577048 vs. 2.805822365577048
list:
dist: 3.304432922401805 vs. 3.304432922401805
list:
dist: 1.1277450772452609 vs. 1.1277450772452609
list:
dist: 1.724845463170856 vs. 1.724845463170856
list:
dist: 1.9370054155015852 vs. 1.9370054155015852
list:
dist: 2.2517475883118414 vs. 2.2517475883118414
list:
dist: 1.930603287223094 vs. 1.930603287223094
list:
dist: 1.331968569391716 vs. 1.331968569391716
list:
dist: 1.7297222863489488 vs. 1.7297222863489488
list:
dist: 3.0681751369043155 vs. 3.0681751369043155
list:
dist: 2.282321767913697 vs. 2.282321767913697
list:
dist: 2.879845239713184 vs. 2.879845239713184
list:
dist: 2.512024453324518 vs. 2.512024453324518
list:
dist: 2.8813571927040993 vs. 2.8813571927040993
list:
dist: 0.6292193498358334 vs. 0.6292193498358334
list:
dist: 1.5385301375251115 vs. 1.5385301375251115
list:
dist: 2.3514594375303233 vs. 2.3514594375303233
list:
dist: 2.293904426937754 vs. 2.293904426937754
list:
dist: 3.523697070325048 vs. 3.523697070325048
list:
dist: 2.5552210986590906 vs. 2.5552210986590906
list:
dist: 3.0502777279357276 vs. 3.0502777279357276
list:
dist: 3.225563346929403 vs. 3.225563346929403
list:
dist: 1.1604096827050294 vs. 1.1604096827050294
list:
dist: 1.7744267762518529 vs. 1.7744267762518529
list:
dist: 3.4367492099099564 vs. 3.4367492099099564
list:
dist: 2.921911045421814 vs. 2.921911045421814
list:
dist: 2.729919101080268 vs. 2.729919101080268
list:
dist: 2.062441458568397 vs. 2.062441458568397
list:
dist: 3.6849595890465863 vs. 3.6849595890465863
list:
dist: 2.51470740660836 vs. 2.51470740660836
list:
dist: 2.393317591775307 vs. 2.393317591775307
list:
dist: 1.882633419676232 vs. 1.882633419676232
list:
dist: 2.6873346013008135 vs. 2.6873346013008135
list:
dist: 1.6556419727881588 vs. 1.6556419727881588
list:
dist: 1.6208718968660722 vs. 1.6208718968660722
list:
dist: 1.1783786230670767 vs. 1.1783786230670767
list:
dist: 2.87191006330456 vs. 2.87191006330456
list:
dist: 2.355838127673099 vs. 2.355838127673099
list:
dist: 2.2748128370556837 vs. 2.2748128370556837
list:
dist: 2.2632890965222794 vs. 2.2632890965222794
list:
dist: 2.579053886302223 vs. 2.579053886302223
list:
dist: 2.7250354549492792 vs. 2.7250354549492792
list:
dist: 2.290826324042848 vs. 2.290826324042848
list:
dist: 2.56448772889911 vs. 2.56448772889911
list:
dist: 1.512278758381959 vs. 1.512278758381959
list:
dist: 0.9402650541990752 vs. 0.9402650541990752
list:
dist: 1.0237915377117266 vs. 1.0237915377117266
list:
dist: 2.9594326432492886 vs. 2.9594326432492886
list:
dist: 1.5379305952693543 vs. 1.5379305952693543
list:
dist: 3.2624470369744856 vs. 3.2624470369744856
list:
dist: 0.4209994748639107 vs. 0.4209994748639107
list:
dist: 0.9328151959654065 vs. 0.9328151959654065
list:
dist: 1.3241021083606768 vs. 1.3241021083606768
list:
dist: 1.455259621341882 vs. 1.455259621341882
list:
dist: 1.175108674372023 vs. 1.175108674372023
list:
dist: 1.911028695155106 vs. 1.911028695155106
list:
dist: 1.1622836524509053 vs. 1.1622836524509053
list:
dist: 1.9896903360663654 vs. 1.9896903360663654
list:
dist: 1.3991794033218654 vs. 1.3991794033218654
list:
dist: 2.2264302634621145 vs. 2.2264302634621145
list:
dist: 2.729919101080268 vs. 2.729919101080268
list:
dist: 1.2119076008370515 vs. 1.2119076008370515
list:
dist: 1.0337736197578558 vs. 1.0337736197578558
list:
dist: 2.7454321521861167 vs. 2.7454321521861167
list:
dist: 2.4294740295187363 vs. 2.4294740295187363
list:
dist: 4.9129432186012725 vs. 4.9129432186012725
list:
dist: 3.0926013525048224 vs. 3.0926013525048224
list:
dist: 3.2627757641292265 vs. 3.2627757641292265
list:
dist: 3.6503957264291773 vs. 3.6503957264291773
list:
dist: 3.778330474649365 vs. 3.778330474649365
list:
dist: 1.4910343372653763 vs. 1.4910343372653763
list:
dist: 1.8932140297444346 vs. 1.8932140297444346
list:
dist: 3.634796784823654 vs. 3.634796784823654
list:
dist: 2.279213730258912 vs. 2.279213730258912
list:
dist: 3.0126394071741402 vs. 3.0126394071741402
list:
dist: 1.4974881149309227 vs. 1.4974881149309227
list:
dist: 1.2119076008370515 vs. 1.2119076008370515
list:
dist: 0.9650737552248438 vs. 0.9650737552248438
list:
dist: 2.435911409772238 vs. 2.435911409772238
list:
dist: 1.9328480967091344 vs. 1.9328480967091344
list:
dist: 2.0240809711795777 vs. 2.0240809711795777
list:
dist: 2.0396627245917602 vs. 2.0396627245917602
list:
dist: 1.5877759364860689 vs. 1.5877759364860689
list:
dist: 2.0241543962769213 vs. 2.0241543962769213
list:
dist: 1.4536204753458164 vs. 1.4536204753458164
list:
dist: 2.158832073658634 vs. 2.158832073658634
list:
dist: 2.87191006330456 vs. 2.87191006330456
list:
dist: 0.5835521993217311 vs. 0.5835521993217311
list:
dist: 2.626289403812281 vs. 2.626289403812281
list:
dist: 1.7432266374625927 vs. 1.7432266374625927
list:
dist: 4.1786908078733145 vs. 4.1786908078733145
list:
dist: 2.1713558601922958 vs. 2.1713558601922958
list:
dist: 2.442076137855339 vs. 2.442076137855339
list:
dist: 3.1398275439252346 vs. 3.1398275439252346
list:
dist: 3.0873826707733234 vs. 3.0873826707733234
list:
dist: 2.494176758083827 vs. 2.494176758083827
list:
dist: 1.8393188672747827 vs. 1.8393188672747827
list:
dist: 2.6308545750889363 vs. 2.6308545750889363
list:
dist: 4.574632389925227 vs. 4.574632389925227
list:
dist: 3.1305854544140774 vs. 3.1305854544140774
list:
dist: 3.9090910749090297 vs. 3.9090910749090297
list:
dist: 3.564018660800889 vs. 3.564018660800889
list:
dist: 1.7152941826553694 vs. 1.7152941826553694
list:
dist: 1.3798650250905833 vs. 1.3798650250905833
list:
dist: 2.705547018376898 vs. 2.705547018376898
list:
dist: 1.6985740606096564 vs. 1.6985740606096564
list:
dist: 3.984551907586988 vs. 3.984551907586988
list:
dist: 1.2623284299831905 vs. 1.2623284299831905
list:
dist: 1.512278758381959 vs. 1.512278758381959
list:
dist: 2.2933469431839226 vs. 2.2933469431839226
list:
dist: 0.5940217791301503 vs. 0.5940217791301503
list:
dist: 2.192026082602789 vs. 2.192026082602789
list:
dist: 1.618019774041941 vs. 1.618019774041941
list:
dist: 2.8353633951142068 vs. 2.8353633951142068
list:
dist: 2.0960166286989397 vs. 2.0960166286989397
list:
dist: 2.975011868371125 vs. 2.975011868371125
list:
dist: 2.508504804301096 vs. 2.508504804301096
list:
dist: 3.2389429124655758 vs. 3.2389429124655758
list:
dist: 3.4367492099099564 vs. 3.4367492099099564
list:
dist: 4.574632389925227 vs. 4.574632389925227
list:
dist: 4.752525022427026 vs. 4.752525022427026
list:
dist: 2.1699795525388827 vs. 2.1699795525388827
list:
dist: 1.7744267762518529 vs. 1.7744267762518529
list:
dist: 0.435592783029792 vs. 0.435592783029792
list:
dist: 3.347378065743913 vs. 3.347378065743913
list:
dist: 2.5693513273762667 vs. 2.5693513273762667
list:
dist: 1.501384543755593 vs. 1.501384543755593
list:
dist: 2.198485518390883 vs. 2.198485518390883
list:
dist: 2.6172964594634105 vs. 2.6172964594634105
list:
dist: 1.22616948487853 vs. 1.22616948487853
list:
dist: 1.861393428252134 vs. 1.861393428252134
list:
dist: 2.68921675542038 vs. 2.68921675542038
list:
dist: 4.113864731339111 vs. 4.113864731339111
list:
dist: 3.986353369037178 vs. 3.986353369037178
list:
dist: 1.1277450772452609 vs. 1.1277450772452609
list:
dist: 4.268534639568565 vs. 4.268534639568565
list:
dist: 3.758089737629527 vs. 3.758089737629527
list:
dist: 3.4060591040092234 vs. 3.4060591040092234
list:
dist: 3.0052016654968123 vs. 3.0052016654968123
list:
dist: 4.191215579798619 vs. 4.191215579798619
list:
dist: 4.040814462404091 vs. 4.040814462404091
list:
dist: 3.0371210816623946 vs. 3.0371210816623946
list:
dist: 2.107993981503497 vs. 2.107993981503497
list:
dist: 3.6901639050583865 vs. 3.6901639050583865
list:
dist: 3.6666320935241146 vs. 3.6666320935241146
list:
dist: 3.523697070325048 vs. 3.523697070325048
list:
dist: 2.6312598314693996 vs. 2.6312598314693996
list:
dist: 3.6508575985413514 vs. 3.6508575985413514
list:
dist: 2.9513624973943307 vs. 2.9513624973943307
list:
dist: 1.5452093190917182 vs. 1.5452093190917182
list:
dist: 2.7722067180140373 vs. 2.7722067180140373
list:
dist: 1.4337610653570898 vs. 1.4337610653570898
list:
dist: 0.9037003806060839 vs. 0.9037003806060839
list:
dist: 1.1242104095319043 vs. 1.1242104095319043
list:
dist: 3.5199393637192227 vs. 3.5199393637192227
list:
dist: 2.6172964594634105 vs. 2.6172964594634105
list:
dist: 1.6985740606096564 vs. 1.6985740606096564
list:
dist: 1.2055499486459693 vs. 1.2055499486459693
list:
dist: 0.5411327602365864 vs. 0.5411327602365864
list:
dist: 1.4368192019409423 vs. 1.4368192019409423
list:
dist: 1.6653074187805994 vs. 1.6653074187805994
list:
dist: 1.5379305952693543 vs. 1.5379305952693543
list:
dist: 2.105123456828998 vs. 2.105123456828998
list:
dist: 1.456296051613922 vs. 1.456296051613922
list:
dist: 1.5014315075574762 vs. 1.5014315075574762
list:
dist: 1.4681277467084226 vs. 1.4681277467084226
list:
dist: 2.361947233264725 vs. 2.361947233264725
list:
dist: 1.2832652607501045 vs. 1.2832652607501045
list:
dist: 2.595179719492571 vs. 2.595179719492571
list:
dist: 2.279213730258912 vs. 2.279213730258912
list:
dist: 2.1690829821959774 vs. 2.1690829821959774
list:
dist: 3.001983676120019 vs. 3.001983676120019
list:
dist: 3.1835833480811173 vs. 3.1835833480811173
list:
dist: 0.5940217791301503 vs. 0.5940217791301503
list:
dist: 1.235351869589922 vs. 1.235351869589922
list:
dist: 1.0906685573492882 vs. 1.0906685573492882
list:
dist: 2.584506846117969 vs. 2.584506846117969
list:
dist: 1.456296051613922 vs. 1.456296051613922
list:
dist: 3.740262553250785 vs. 3.740262553250785
list:
dist: 1.0423235831617084 vs. 1.0423235831617084
list:
dist: 1.3241021083606768 vs. 1.3241021083606768
list:
dist: 2.2249544621753023 vs. 2.2249544621753023
list:
dist: 2.2319335940186265 vs. 2.2319335940186265
list:
dist: 1.7640791503179187 vs. 1.7640791503179187
list:
dist: 2.92629777404812 vs. 2.92629777404812
list:
dist: 2.028734351574595 vs. 2.028734351574595
list:
dist: 3.0696572944660123 vs. 3.0696572944660123
list:
dist: 2.5335155185050384 vs. 2.5335155185050384
list:
dist: 3.3591094245395077 vs. 3.3591094245395077
list:
dist: 3.6849595890465863 vs. 3.6849595890465863
list:
dist: 2.435911409772238 vs. 2.435911409772238
list:
dist: 2.3538909968907826 vs. 2.3538909968907826
list:
dist: 3.771372442969084 vs. 3.771372442969084
list:
dist: 3.7145933452548436 vs. 3.7145933452548436
list:
dist: 5.869917202363827 vs. 5.869917202363827
list:
dist: 4.3968909629222015 vs. 4.3968909629222015
list:
dist: 4.480639609419698 vs. 4.480639609419698
list:
dist: 4.874034332310544 vs. 4.874034332310544
list:
dist: 5.061131601072169 vs. 5.061131601072169
list:
dist: 2.705547018376898 vs. 2.705547018376898
list:
dist: 2.572966996431781 vs. 2.572966996431781
list:
dist: 1.9645701981021386 vs. 1.9645701981021386
list:
dist: 1.4368192019409423 vs. 1.4368192019409423
list:
dist: 3.068701159052865 vs. 3.068701159052865
list:
dist: 2.9594326432492886 vs. 2.9594326432492886
list:
dist: 3.426952817662376 vs. 3.426952817662376
list:
dist: 2.584506846117969 vs. 2.584506846117969
list:
dist: 2.4684730171861657 vs. 2.4684730171861657
list:
dist: 2.5504383852900463 vs. 2.5504383852900463
list:
dist: 3.295519664130432 vs. 3.295519664130432
list:
dist: 2.42324201769343 vs. 2.42324201769343
list:
dist: 3.5750020591216036 vs. 3.5750020591216036
list:
dist: 3.634796784823654 vs. 3.634796784823654
list:
dist: 3.507421941530817 vs. 3.507421941530817
list:
dist: 3.7080639817477397 vs. 3.7080639817477397
list:
dist: 4.245464240282008 vs. 4.245464240282008
list:
dist: 1.618019774041941 vs. 1.618019774041941
list:
dist: 1.7926209576442125 vs. 1.7926209576442125
list:
dist: 1.2473975915610955 vs. 1.2473975915610955
list:
dist: 2.5504383852900463 vs. 2.5504383852900463
list:
dist: 1.4681277467084226 vs. 1.4681277467084226
list:
dist: 1.418315848674238 vs. 1.418315848674238
list:
dist: 1.175108674372023 vs. 1.175108674372023
list:
dist: 1.2568822481373465 vs. 1.2568822481373465
list:
dist: 1.7640791503179187 vs. 1.7640791503179187
list:
dist: 0.6533243895572546 vs. 0.6533243895572546
list:
dist: 1.2456022963909055 vs. 1.2456022963909055
list:
dist: 0.7739256581202391 vs. 0.7739256581202391
list:
dist: 1.4314136078823156 vs. 1.4314136078823156
list:
dist: 1.800235309753709 vs. 1.800235309753709
list:
dist: 1.821962914829479 vs. 1.821962914829479
list:
dist: 2.393317591775307 vs. 2.393317591775307
list:
dist: 2.0240809711795777 vs. 2.0240809711795777
list:
dist: 1.571914091315341 vs. 1.571914091315341
list:
dist: 2.0816546884191296 vs. 2.0816546884191296
list:
dist: 2.4111569331986793 vs. 2.4111569331986793
list:
dist: 3.4701708136189957 vs. 3.4701708136189957
list:
dist: 3.801401691090625 vs. 3.801401691090625
list:
dist: 3.3153850989892284 vs. 3.3153850989892284
list:
dist: 3.630653625831341 vs. 3.630653625831341
list:
dist: 1.3798650250905833 vs. 1.3798650250905833
list:
dist: 0.7964819011867246 vs. 0.7964819011867246
list:
dist: 1.9645701981021386 vs. 1.9645701981021386
list:
dist: 0.5411327602365864 vs. 0.5411327602365864
list:
dist: 4.089967658386106 vs. 4.089967658386106
list:
dist: 1.1252893812865294 vs. 1.1252893812865294
list:
dist: 1.0237915377117266 vs. 1.0237915377117266
list:
dist: 1.7147447333945982 vs. 1.7147447333945982
list:
dist: 1.0906685573492882 vs. 1.0906685573492882
list:
dist: 1.4192868052015073 vs. 1.4192868052015073
list:
dist: 1.2473975915610955 vs. 1.2473975915610955
list:
dist: 2.2152691207256625 vs. 2.2152691207256625
list:
dist: 1.1364612831008196 vs. 1.1364612831008196
list:
dist: 2.40798059100498 vs. 2.40798059100498
list:
dist: 1.8932140297444346 vs. 1.8932140297444346
list:
dist: 1.786011924897762 vs. 1.786011924897762
list:
dist: 2.9555628039575903 vs. 2.9555628039575903
list:
dist: 2.968787292496034 vs. 2.968787292496034
list:
dist: 1.7152941826553694 vs. 1.7152941826553694
list:
dist: 0.7964819011867246 vs. 0.7964819011867246
list:
dist: 2.572966996431781 vs. 2.572966996431781
list:
dist: 1.2055499486459693 vs. 1.2055499486459693
list:
dist: 3.458320878932072 vs. 3.458320878932072
list:
dist: 0.9594563051711773 vs. 0.9594563051711773
list:
dist: 0.9402650541990752 vs. 0.9402650541990752
list:
dist: 1.7016867407015268 vs. 1.7016867407015268
list:
dist: 1.235351869589922 vs. 1.235351869589922
list:
dist: 1.9285133069127538 vs. 1.9285133069127538
list:
dist: 1.7926209576442125 vs. 1.7926209576442125
list:
dist: 2.5686581398894637 vs. 2.5686581398894637
list:
dist: 1.546541395124434 vs. 1.546541395124434
list:
dist: 2.699409502358181 vs. 2.699409502358181
list:
dist: 1.4910343372653763 vs. 1.4910343372653763
list:
dist: 1.6232460634081993 vs. 1.6232460634081993
list:
dist: 3.302533318778623 vs. 3.302533318778623
list:
dist: 2.960739929855955 vs. 2.960739929855955
list:
dist: 1.2623284299831905 vs. 1.2623284299831905
list:
dist: 0.9594563051711773 vs. 0.9594563051711773
list:
dist: 1.1252893812865294 vs. 1.1252893812865294
list:
dist: 3.068701159052865 vs. 3.068701159052865
list:
dist: 1.6653074187805994 vs. 1.6653074187805994
list:
dist: 3.0845197037961625 vs. 3.0845197037961625
list:
dist: 0.4209994748639107 vs. 0.4209994748639107
list:
dist: 1.2952446957969384 vs. 1.2952446957969384
list:
dist: 1.0423235831617084 vs. 1.0423235831617084
list:
dist: 1.8049793554682139 vs. 1.8049793554682139
list:
dist: 1.418315848674238 vs. 1.418315848674238
list:
dist: 2.2826966438910468 vs. 2.2826966438910468
list:
dist: 1.5377964408146754 vs. 1.5377964408146754
list:
dist: 2.3554390360059325 vs. 2.3554390360059325
list:
dist: 1.5608301793218313 vs. 1.5608301793218313
list:
dist: 2.5556768717410487 vs. 2.5556768717410487
list:
dist: 2.921911045421814 vs. 2.921911045421814
list:
dist: 1.4974881149309227 vs. 1.4974881149309227
list:
dist: 1.3951790429438633 vs. 1.3951790429438633
list:
dist: 3.137912157500967 vs. 3.137912157500967
list:
dist: 2.817338172037676 vs. 2.817338172037676
list:
dist: 4.936518681061122 vs. 4.936518681061122
list:
dist: 3.364722754228078 vs. 3.364722754228078
list:
dist: 3.4421331889715727 vs. 3.4421331889715727
list:
dist: 4.021069376541518 vs. 4.021069376541518
list:
dist: 4.140734927614088 vs. 4.140734927614088
list:
dist: 3.302533318778623 vs. 3.302533318778623
list:
dist: 2.9555628039575903 vs. 2.9555628039575903
list:
dist: 3.7080639817477397 vs. 3.7080639817477397
list:
dist: 3.001983676120019 vs. 3.001983676120019
list:
dist: 3.137912157500967 vs. 3.137912157500967
list:
dist: 2.7454321521861167 vs. 2.7454321521861167
list:
dist: 2.0226584713706135 vs. 2.0226584713706135
list:
dist: 3.771372442969084 vs. 3.771372442969084
list:
dist: 1.5846865442228448 vs. 1.5846865442228448
list:
dist: 2.0816546884191296 vs. 2.0816546884191296
list:
dist: 0.8949681343438726 vs. 0.8949681343438726
list:
dist: 1.8240510451193708 vs. 1.8240510451193708
list:
dist: 0.9010543828472047 vs. 0.9010543828472047
list:
dist: 2.523557667097719 vs. 2.523557667097719
list:
dist: 1.2099099730807514 vs. 1.2099099730807514
list:
dist: 2.2748128370556837 vs. 2.2748128370556837
list:
dist: 2.626289403812281 vs. 2.626289403812281
list:
dist: 2.1627862426592803 vs. 2.1627862426592803
list:
dist: 1.404786012196226 vs. 1.404786012196226
list:
dist: 2.826804094907399 vs. 2.826804094907399
list:
dist: 3.5166186764708978 vs. 3.5166186764708978
list:
dist: 1.5717971565335702 vs. 1.5717971565335702
list:
dist: 2.0433912470271194 vs. 2.0433912470271194
list:
dist: 2.8584002975794975 vs. 2.8584002975794975
list:
dist: 2.975482534675777 vs. 2.975482534675777
list:
dist: 1.8390578261801689 vs. 1.8390578261801689
list:
dist: 2.0657989364184424 vs. 2.0657989364184424
list:
dist: 3.3577655162232483 vs. 3.3577655162232483
list:
dist: 2.9740262250712974 vs. 2.9740262250712974
list:
dist: 2.508504804301096 vs. 2.508504804301096
list:
dist: 2.960415878896516 vs. 2.960415878896516
list:
dist: 1.5608301793218313 vs. 1.5608301793218313
list:
dist: 1.3991794033218654 vs. 1.3991794033218654
list:
dist: 0.8868733738230178 vs. 0.8868733738230178
list:
dist: 2.5335155185050384 vs. 2.5335155185050384
list:
dist: 1.9990456779409027 vs. 1.9990456779409027
list:
dist: 1.800235309753709 vs. 1.800235309753709
list:
dist: 1.7945077806710374 vs. 1.7945077806710374
list:
dist: 1.899719548101044 vs. 1.899719548101044
list:
dist: 1.6602599652017258 vs. 1.6602599652017258
list:
dist: 1.4909919382426293 vs. 1.4909919382426293
list:
dist: 1.6208718968660722 vs. 1.6208718968660722
list:
dist: 1.4536204753458164 vs. 1.4536204753458164
list:
dist: 1.0759058666677779 vs. 1.0759058666677779
list:
dist: 2.523557667097719 vs. 2.523557667097719
list:
dist: 1.920186798873677 vs. 1.920186798873677
list:
dist: 3.961271624639002 vs. 3.961271624639002
list:
dist: 2.1240686976744727 vs. 2.1240686976744727
list:
dist: 2.160309143491579 vs. 2.160309143491579
list:
dist: 2.8610910522742783 vs. 2.8610910522742783
list:
dist: 2.923706792873258 vs. 2.923706792873258
list:
dist: 4.040814462404091 vs. 4.040814462404091
list:
dist: 4.155035042983695 vs. 4.155035042983695
list:
dist: 4.338609466968616 vs. 4.338609466968616
list:
dist: 4.684502405751672 vs. 4.684502405751672
list:
dist: 2.2933469431839226 vs. 2.2933469431839226
list:
dist: 1.7016867407015268 vs. 1.7016867407015268
list:
dist: 1.7147447333945982 vs. 1.7147447333945982
list:
dist: 3.426952817662376 vs. 3.426952817662376
list:
dist: 2.105123456828998 vs. 2.105123456828998
list:
dist: 3.4300905043491308 vs. 3.4300905043491308
list:
dist: 1.2952446957969384 vs. 1.2952446957969384
list:
dist: 0.9328151959654065 vs. 0.9328151959654065
list:
dist: 2.2249544621753023 vs. 2.2249544621753023
list:
dist: 1.2624084709202517 vs. 1.2624084709202517
list:
dist: 1.2568822481373465 vs. 1.2568822481373465
list:
dist: 1.2569149492396352 vs. 1.2569149492396352
list:
dist: 1.0757117903288786 vs. 1.0757117903288786
list:
dist: 1.2347584801731415 vs. 1.2347584801731415
list:
dist: 0.8868733738230178 vs. 0.8868733738230178
list:
dist: 1.3829739020922793 vs. 1.3829739020922793
list:
dist: 2.062441458568397 vs. 2.062441458568397
list:
dist: 0.9650737552248438 vs. 0.9650737552248438
list:
dist: 0.40357746894965074 vs. 0.40357746894965074
list:
dist: 2.0226584713706135 vs. 2.0226584713706135
list:
dist: 1.5480520677316993 vs. 1.5480520677316993
list:
dist: 4.538587371967101 vs. 4.538587371967101
list:
dist: 2.296204575290526 vs. 2.296204575290526
list:
dist: 2.60023165184564 vs. 2.60023165184564
list:
dist: 2.7335136920913863 vs. 2.7335136920913863
list:
dist: 2.8519153645439457 vs. 2.8519153645439457
list:
dist: 2.960739929855955 vs. 2.960739929855955
list:
dist: 2.968787292496034 vs. 2.968787292496034
list:
dist: 4.245464240282008 vs. 4.245464240282008
list:
dist: 3.1835833480811173 vs. 3.1835833480811173
list:
dist: 2.817338172037676 vs. 2.817338172037676
list:
dist: 2.4294740295187363 vs. 2.4294740295187363
list:
dist: 1.5480520677316993 vs. 1.5480520677316993
list:
dist: 3.7145933452548436 vs. 3.7145933452548436
list:
dist: 2.0193568791528658 vs. 2.0193568791528658
list:
dist: 2.4111569331986793 vs. 2.4111569331986793
list:
dist: 1.4290621411745048 vs. 1.4290621411745048
list:
dist: 1.9762171386548022 vs. 1.9762171386548022
list:
dist: 1.2670039676133555 vs. 1.2670039676133555
list:
dist: 1.920186798873677 vs. 1.920186798873677
list:
dist: 1.2421717127241774 vs. 1.2421717127241774
list:
dist: 2.2632890965222794 vs. 2.2632890965222794
list:
dist: 1.7432266374625927 vs. 1.7432266374625927
list:
dist: 1.4595270752498704 vs. 1.4595270752498704
list:
dist: 1.404786012196226 vs. 1.404786012196226
list:
dist: 1.5158718469744423 vs. 1.5158718469744423
list:
dist: 2.2649315786595117 vs. 2.2649315786595117
list:
dist: 1.4321804477286544 vs. 1.4321804477286544
list:
dist: 1.4361006285999798 vs. 1.4361006285999798
list:
dist: 1.5929049527181396 vs. 1.5929049527181396
list:
dist: 1.6281926109758291 vs. 1.6281926109758291
list:
dist: 1.224325801245355 vs. 1.224325801245355
list:
dist: 1.492862066886843 vs. 1.492862066886843
list:
dist: 2.5159937735365676 vs. 2.5159937735365676
list:
dist: 2.2118613153528024 vs. 2.2118613153528024
list:
dist: 1.8393188672747827 vs. 1.8393188672747827
list:
dist: 2.0670375176636595 vs. 2.0670375176636595
list:
dist: 2.975482534675777 vs. 2.975482534675777
list:
dist: 1.6281926109758291 vs. 1.6281926109758291
list:
dist: 3.6941047523484856 vs. 3.6941047523484856
list:
dist: 1.349144901598648 vs. 1.349144901598648
list:
dist: 1.928193719931326 vs. 1.928193719931326
list:
dist: 2.666649924708347 vs. 2.666649924708347
list:
dist: 2.2833941938272893 vs. 2.2833941938272893
list:
dist: 0.860545470059544 vs. 0.860545470059544
list:
dist: 1.7796218992184187 vs. 1.7796218992184187
list:
dist: 3.986353369037178 vs. 3.986353369037178
list:
dist: 2.119260507727869 vs. 2.119260507727869
list:
dist: 2.45408937091024 vs. 2.45408937091024
list:
dist: 2.0907327950902213 vs. 2.0907327950902213
list:
dist: 3.2389429124655758 vs. 3.2389429124655758
list:
dist: 2.5556768717410487 vs. 2.5556768717410487
list:
dist: 2.2264302634621145 vs. 2.2264302634621145
list:
dist: 1.3829739020922793 vs. 1.3829739020922793
list:
dist: 3.3591094245395077 vs. 3.3591094245395077
list:
dist: 1.6564353675635672 vs. 1.6564353675635672
list:
dist: 1.821962914829479 vs. 1.821962914829479
list:
dist: 0.8587159202403565 vs. 0.8587159202403565
list:
dist: 1.8145797737085128 vs. 1.8145797737085128
list:
dist: 0.5745488284414573 vs. 0.5745488284414573
list:
dist: 1.4909919382426293 vs. 1.4909919382426293
list:
dist: 1.1783786230670767 vs. 1.1783786230670767
list:
dist: 2.158832073658634 vs. 2.158832073658634
list:
dist: 1.6171230629087654 vs. 1.6171230629087654
list:
dist: 1.2099099730807514 vs. 1.2099099730807514
list:
dist: 1.2421717127241774 vs. 1.2421717127241774
list:
dist: 2.175098335583849 vs. 2.175098335583849
list:
dist: 2.6484926928190244 vs. 2.6484926928190244
list:
dist: 1.6338308547102465 vs. 1.6338308547102465
list:
dist: 1.9574196709728486 vs. 1.9574196709728486
list:
dist: 2.0960166286989397 vs. 2.0960166286989397
list:
dist: 1.546541395124434 vs. 1.546541395124434
list:
dist: 1.1364612831008196 vs. 1.1364612831008196
list:
dist: 2.42324201769343 vs. 2.42324201769343
list:
dist: 1.2832652607501045 vs. 1.2832652607501045
list:
dist: 1.5377964408146754 vs. 1.5377964408146754
list:
dist: 1.1622836524509053 vs. 1.1622836524509053
list:
dist: 1.0757117903288786 vs. 1.0757117903288786
list:
dist: 2.028734351574595 vs. 2.028734351574595
list:
dist: 0.42476524426114126 vs. 0.42476524426114126
list:
dist: 0.7739256581202391 vs. 0.7739256581202391
list:
dist: 1.1200052337055992 vs. 1.1200052337055992
list:
dist: 1.3314862840724102 vs. 1.3314862840724102
list:
dist: 1.899719548101044 vs. 1.899719548101044
list:
dist: 1.8145797737085128 vs. 1.8145797737085128
list:
dist: 2.6873346013008135 vs. 2.6873346013008135
list:
dist: 1.5877759364860689 vs. 1.5877759364860689
list:
dist: 1.220712834093187 vs. 1.220712834093187
list:
dist: 1.8240510451193708 vs. 1.8240510451193708
list:
dist: 1.9762171386548022 vs. 1.9762171386548022
list:
dist: 3.1574055608249907 vs. 3.1574055608249907
list:
dist: 3.6023777091071993 vs. 3.6023777091071993
list:
dist: 3.0671081950806047 vs. 3.0671081950806047
list:
dist: 3.3183181205134886 vs. 3.3183181205134886
list:
dist: 1.6232460634081993 vs. 1.6232460634081993
list:
dist: 1.786011924897762 vs. 1.786011924897762
list:
dist: 3.507421941530817 vs. 3.507421941530817
list:
dist: 2.1690829821959774 vs. 2.1690829821959774
list:
dist: 3.2912869139407235 vs. 3.2912869139407235
list:
dist: 1.3951790429438633 vs. 1.3951790429438633
list:
dist: 1.0337736197578558 vs. 1.0337736197578558
list:
dist: 0.40357746894965074 vs. 0.40357746894965074
list:
dist: 2.3538909968907826 vs. 2.3538909968907826
list:
dist: 1.4883658923771845 vs. 1.4883658923771845
list:
dist: 1.571914091315341 vs. 1.571914091315341
list:
dist: 1.5009082631210153 vs. 1.5009082631210153
list:
dist: 1.220712834093187 vs. 1.220712834093187
list:
dist: 1.4748695091787936 vs. 1.4748695091787936
list:
dist: 1.0759058666677779 vs. 1.0759058666677779
list:
dist: 1.6171230629087654 vs. 1.6171230629087654
list:
dist: 2.355838127673099 vs. 2.355838127673099
list:
dist: 0.5835521993217311 vs. 0.5835521993217311
list:
dist: 2.1627862426592803 vs. 2.1627862426592803
list:
dist: 1.4595270752498704 vs. 1.4595270752498704
list:
dist: 4.366998659270639 vs. 4.366998659270639
list:
dist: 2.1274265472314493 vs. 2.1274265472314493
list:
dist: 2.454587705731518 vs. 2.454587705731518
list:
dist: 2.7751926899553725 vs. 2.7751926899553725
list:
dist: 2.8174400980453447 vs. 2.8174400980453447
list:
dist: 2.5599705359536893 vs. 2.5599705359536893
list:
dist: 2.0670375176636595 vs. 2.0670375176636595
list:
dist: 2.505215557613409 vs. 2.505215557613409
list:
dist: 4.752525022427026 vs. 4.752525022427026
list:
dist: 2.938712237813 vs. 2.938712237813
list:
dist: 3.8162200629156566 vs. 3.8162200629156566
list:
dist: 3.5233177171310572 vs. 3.5233177171310572
list:
dist: 2.975011868371125 vs. 2.975011868371125
list:
dist: 2.699409502358181 vs. 2.699409502358181
list:
dist: 2.40798059100498 vs. 2.40798059100498
list:
dist: 3.5750020591216036 vs. 3.5750020591216036
list:
dist: 2.595179719492571 vs. 2.595179719492571
list:
dist: 2.3554390360059325 vs. 2.3554390360059325
list:
dist: 1.9896903360663654 vs. 1.9896903360663654
list:
dist: 1.2347584801731415 vs. 1.2347584801731415
list:
dist: 3.0696572944660123 vs. 3.0696572944660123
list:
dist: 1.1334266412201588 vs. 1.1334266412201588
list:
dist: 1.4314136078823156 vs. 1.4314136078823156
list:
dist: 0.28959805835543007 vs. 0.28959805835543007
list:
dist: 1.3314862840724102 vs. 1.3314862840724102
list:
dist: 1.6602599652017258 vs. 1.6602599652017258
list:
dist: 0.5745488284414573 vs. 0.5745488284414573
list:
dist: 1.6556419727881588 vs. 1.6556419727881588
list:
dist: 2.0241543962769213 vs. 2.0241543962769213
list:
dist: 1.4748695091787936 vs. 1.4748695091787936
list:
dist: 0.9010543828472047 vs. 0.9010543828472047
list:
dist: 1.2670039676133555 vs. 1.2670039676133555
list:
dist: 2.494467158304332 vs. 2.494467158304332
list:
dist: 3.024841894072655 vs. 3.024841894072655
list:
dist: 1.886037701048962 vs. 1.886037701048962
list:
dist: 2.243244201447136 vs. 2.243244201447136
list:
dist: 2.192026082602789 vs. 2.192026082602789
list:
dist: 1.9285133069127538 vs. 1.9285133069127538
list:
dist: 1.4192868052015073 vs. 1.4192868052015073
list:
dist: 2.4684730171861657 vs. 2.4684730171861657
list:
dist: 1.5014315075574762 vs. 1.5014315075574762
list:
dist: 1.8049793554682139 vs. 1.8049793554682139
list:
dist: 1.455259621341882 vs. 1.455259621341882
list:
dist: 1.2624084709202517 vs. 1.2624084709202517
list:
dist: 2.2319335940186265 vs. 2.2319335940186265
list:
dist: 0.6533243895572546 vs. 0.6533243895572546
list:
dist: 0.8770333516743944 vs. 0.8770333516743944
list:
dist: 0.42476524426114126 vs. 0.42476524426114126
list:
dist: 1.1334266412201588 vs. 1.1334266412201588
list:
dist: 1.9990456779409027 vs. 1.9990456779409027
list:
dist: 1.6564353675635672 vs. 1.6564353675635672
list:
dist: 2.51470740660836 vs. 2.51470740660836
list:
dist: 1.9328480967091344 vs. 1.9328480967091344
list:
dist: 1.4883658923771845 vs. 1.4883658923771845
list:
dist: 1.5846865442228448 vs. 1.5846865442228448
list:
dist: 2.0193568791528658 vs. 2.0193568791528658
list:
dist: 3.277284573487901 vs. 3.277284573487901
list:
dist: 3.7456491710260322 vs. 3.7456491710260322
list:
dist: 2.9346269519396713 vs. 2.9346269519396713
list:
dist: 3.2587235381414463 vs. 3.2587235381414463
list:
dist: 2.8353633951142068 vs. 2.8353633951142068
list:
dist: 2.5686581398894637 vs. 2.5686581398894637
list:
dist: 2.2152691207256625 vs. 2.2152691207256625
list:
dist: 3.295519664130432 vs. 3.295519664130432
list:
dist: 2.361947233264725 vs. 2.361947233264725
list:
dist: 2.2826966438910468 vs. 2.2826966438910468
list:
dist: 1.911028695155106 vs. 1.911028695155106
list:
dist: 1.2569149492396352 vs. 1.2569149492396352
list:
dist: 2.92629777404812 vs. 2.92629777404812
list:
dist: 0.8770333516743944 vs. 0.8770333516743944
list:
dist: 1.2456022963909055 vs. 1.2456022963909055
list:
dist: 1.1200052337055992 vs. 1.1200052337055992
list:
dist: 0.28959805835543007 vs. 0.28959805835543007
list:
dist: 1.7945077806710374 vs. 1.7945077806710374
list:
dist: 0.8587159202403565 vs. 0.8587159202403565
list:
dist: 1.882633419676232 vs. 1.882633419676232
list:
dist: 2.0396627245917602 vs. 2.0396627245917602
list:
dist: 1.5009082631210153 vs. 1.5009082631210153
list:
dist: 0.8949681343438726 vs. 0.8949681343438726
list:
dist: 1.4290621411745048 vs. 1.4290621411745048
list:
dist: 2.7233940996711454 vs. 2.7233940996711454
list:
dist: 3.2589899963215196 vs. 3.2589899963215196
list:
dist: 2.0997877222394137 vs. 2.0997877222394137
list:
dist: 2.469597607747801 vs. 2.469597607747801
list:
dist: 4.021069376541518 vs. 4.021069376541518
list:
dist: 3.6503957264291773 vs. 3.6503957264291773
list:
dist: 2.7335136920913863 vs. 2.7335136920913863
list:
dist: 4.874034332310544 vs. 4.874034332310544
list:
dist: 2.9346269519396713 vs. 2.9346269519396713
list:
dist: 3.3153850989892284 vs. 3.3153850989892284
list:
dist: 2.0997877222394137 vs. 2.0997877222394137
list:
dist: 3.0671081950806047 vs. 3.0671081950806047
list:
dist: 1.886037701048962 vs. 1.886037701048962
list:
dist: 2.8610910522742783 vs. 2.8610910522742783
list:
dist: 1.6338308547102465 vs. 1.6338308547102465
list:
dist: 2.290826324042848 vs. 2.290826324042848
list:
dist: 3.1398275439252346 vs. 3.1398275439252346
list:
dist: 2.7751926899553725 vs. 2.7751926899553725
list:
dist: 1.5717971565335702 vs. 1.5717971565335702
list:
dist: 1.4321804477286544 vs. 1.4321804477286544
list:
dist: 2.0901152197060635 vs. 2.0901152197060635
list:
dist: 2.817312033547166 vs. 2.817312033547166
list:
dist: 0.6279477932422275 vs. 0.6279477932422275
list:
dist: 2.150195068929219 vs. 2.150195068929219
list:
dist: 2.666649924708347 vs. 2.666649924708347
list:
dist: 1.590208785991367 vs. 1.590208785991367
list:
dist: 1.0723564596039967 vs. 1.0723564596039967
list:
dist: 1.993781574774476 vs. 1.993781574774476
list:
dist: 2.0545612051340174 vs. 2.0545612051340174
list:
dist: 3.9090910749090297 vs. 3.9090910749090297
list:
dist: 3.8162200629156566 vs. 3.8162200629156566
list:
dist: 3.3577655162232483 vs. 3.3577655162232483
list:
dist: 2.5159937735365676 vs. 2.5159937735365676
list:
dist: 2.093785987126374 vs. 2.093785987126374
list:
dist: 2.726880649684981 vs. 2.726880649684981
list:
dist: 1.993781574774476 vs. 1.993781574774476
list:
dist: 1.419738781534252 vs. 1.419738781534252
list:
dist: 1.6019697732655511 vs. 1.6019697732655511
list:
dist: 2.45408937091024 vs. 2.45408937091024
list:
dist: 2.0717900292862312 vs. 2.0717900292862312
list:
dist: 1.3817449490909008 vs. 1.3817449490909008
list:
dist: 1.1443882791004174 vs. 1.1443882791004174
list:
dist: 3.1305854544140774 vs. 3.1305854544140774
list:
dist: 2.938712237813 vs. 2.938712237813
list:
dist: 2.0657989364184424 vs. 2.0657989364184424
list:
dist: 1.492862066886843 vs. 1.492862066886843
list:
dist: 2.0116790705754646 vs. 2.0116790705754646
list:
dist: 2.8599152098824763 vs. 2.8599152098824763
list:
dist: 1.0723564596039967 vs. 1.0723564596039967
list:
dist: 0.7919373394211725 vs. 0.7919373394211725
list:
dist: 1.448145057247857 vs. 1.448145057247857
list:
dist: 2.119260507727869 vs. 2.119260507727869
list:
dist: 0.8663473062772914 vs. 0.8663473062772914
list:
dist: 1.3817449490909008 vs. 1.3817449490909008
list:
dist: 1.006525339545922 vs. 1.006525339545922
list:
dist: 4.140734927614088 vs. 4.140734927614088
list:
dist: 3.778330474649365 vs. 3.778330474649365
list:
dist: 2.8519153645439457 vs. 2.8519153645439457
list:
dist: 5.061131601072169 vs. 5.061131601072169
list:
dist: 3.2587235381414463 vs. 3.2587235381414463
list:
dist: 3.630653625831341 vs. 3.630653625831341
list:
dist: 2.469597607747801 vs. 2.469597607747801
list:
dist: 3.3183181205134886 vs. 3.3183181205134886
list:
dist: 2.243244201447136 vs. 2.243244201447136
list:
dist: 2.923706792873258 vs. 2.923706792873258
list:
dist: 1.9574196709728486 vs. 1.9574196709728486
list:
dist: 2.56448772889911 vs. 2.56448772889911
list:
dist: 3.0873826707733234 vs. 3.0873826707733234
list:
dist: 2.8174400980453447 vs. 2.8174400980453447
list:
dist: 2.0433912470271194 vs. 2.0433912470271194
list:
dist: 1.4361006285999798 vs. 1.4361006285999798
list:
dist: 1.6746393399567734 vs. 1.6746393399567734
list:
dist: 2.430888664342516 vs. 2.430888664342516
list:
dist: 0.6279477932422275 vs. 0.6279477932422275
list:
dist: 1.6558634829510328 vs. 1.6558634829510328
list:
dist: 2.2833941938272893 vs. 2.2833941938272893
list:
dist: 1.4744253006183843 vs. 1.4744253006183843
list:
dist: 0.7919373394211725 vs. 0.7919373394211725
list:
dist: 1.419738781534252 vs. 1.419738781534252
list:
dist: 1.6266504964803632 vs. 1.6266504964803632
list:
dist: 2.6308545750889363 vs. 2.6308545750889363
list:
dist: 2.505215557613409 vs. 2.505215557613409
list:
dist: 1.8390578261801689 vs. 1.8390578261801689
list:
dist: 1.224325801245355 vs. 1.224325801245355
list:
dist: 2.151834746132709 vs. 2.151834746132709
list:
dist: 3.018048315942204 vs. 3.018048315942204
list:
dist: 1.590208785991367 vs. 1.590208785991367
list:
dist: 1.4744253006183843 vs. 1.4744253006183843
list:
dist: 1.4079531246692338 vs. 1.4079531246692338
list:
dist: 1.7796218992184187 vs. 1.7796218992184187
list:
dist: 0.8663473062772914 vs. 0.8663473062772914
list:
dist: 2.0717900292862312 vs. 2.0717900292862312
list:
dist: 1.2883476898445634 vs. 1.2883476898445634
list:
dist: 3.5607798496126284 vs. 3.5607798496126284
list:
dist: 3.364722754228078 vs. 3.364722754228078
list:
dist: 3.0926013525048224 vs. 3.0926013525048224
list:
dist: 2.296204575290526 vs. 2.296204575290526
list:
dist: 4.3968909629222015 vs. 4.3968909629222015
list:
dist: 3.277284573487901 vs. 3.277284573487901
list:
dist: 3.4701708136189957 vs. 3.4701708136189957
list:
dist: 2.7233940996711454 vs. 2.7233940996711454
list:
dist: 3.1574055608249907 vs. 3.1574055608249907
list:
dist: 2.494467158304332 vs. 2.494467158304332
list:
dist: 2.1240686976744727 vs. 2.1240686976744727
list:
dist: 2.175098335583849 vs. 2.175098335583849
list:
dist: 2.579053886302223 vs. 2.579053886302223
list:
dist: 2.1713558601922958 vs. 2.1713558601922958
list:
dist: 2.1274265472314493 vs. 2.1274265472314493
list:
dist: 2.826804094907399 vs. 2.826804094907399
list:
dist: 1.5158718469744423 vs. 1.5158718469744423
list:
dist: 3.081698020365125 vs. 3.081698020365125
list:
dist: 0.8720149851291293 vs. 0.8720149851291293
list:
dist: 2.0901152197060635 vs. 2.0901152197060635
list:
dist: 1.6746393399567734 vs. 1.6746393399567734
list:
dist: 3.6508575985413514 vs. 3.6508575985413514
list:
dist: 3.2953059718493107 vs. 3.2953059718493107
list:
dist: 3.6094324394849804 vs. 3.6094324394849804
list:
dist: 4.502288911156197 vs. 4.502288911156197
list:
dist: 1.2429897629002338 vs. 1.2429897629002338
list:
dist: 1.349144901598648 vs. 1.349144901598648
list:
dist: 2.151834746132709 vs. 2.151834746132709
list:
dist: 3.347378065743913 vs. 3.347378065743913
list:
dist: 2.0116790705754646 vs. 2.0116790705754646
list:
dist: 2.093785987126374 vs. 2.093785987126374
list:
dist: 2.3425866176402232 vs. 2.3425866176402232
list:
dist: 2.494176758083827 vs. 2.494176758083827
list:
dist: 2.5599705359536893 vs. 2.5599705359536893
list:
dist: 2.8584002975794975 vs. 2.8584002975794975
list:
dist: 1.5929049527181396 vs. 1.5929049527181396
list:
dist: 3.88693813308619 vs. 3.88693813308619
list:
dist: 1.2429897629002338 vs. 1.2429897629002338
list:
dist: 2.0015027688372036 vs. 2.0015027688372036
list:
dist: 2.150195068929219 vs. 2.150195068929219
list:
dist: 1.6558634829510328 vs. 1.6558634829510328
list:
dist: 0.860545470059544 vs. 0.860545470059544
list:
dist: 1.4079531246692338 vs. 1.4079531246692338
list:
dist: 4.113864731339111 vs. 4.113864731339111
list:
dist: 1.448145057247857 vs. 1.448145057247857
list:
dist: 1.6019697732655511 vs. 1.6019697732655511
list:
dist: 1.325866598122149 vs. 1.325866598122149
list:
dist: 3.564018660800889 vs. 3.564018660800889
list:
dist: 3.5233177171310572 vs. 3.5233177171310572
list:
dist: 2.9740262250712974 vs. 2.9740262250712974
list:
dist: 2.2118613153528024 vs. 2.2118613153528024
list:
dist: 2.3425866176402232 vs. 2.3425866176402232
list:
dist: 3.14157991014039 vs. 3.14157991014039
list:
dist: 2.0545612051340174 vs. 2.0545612051340174
list:
dist: 1.6266504964803632 vs. 1.6266504964803632
list:
dist: 1.325866598122149 vs. 1.325866598122149
list:
dist: 2.0907327950902213 vs. 2.0907327950902213
list:
dist: 1.2883476898445634 vs. 1.2883476898445634
list:
dist: 1.006525339545922 vs. 1.006525339545922
list:
dist: 1.1443882791004174 vs. 1.1443882791004174
list:
dist: 4.027039599579574 vs. 4.027039599579574
list:
dist: 4.779464929090642 vs. 4.779464929090642
list:
dist: 2.3172157138295257 vs. 2.3172157138295257
list:
dist: 1.3469901119956025 vs. 1.3469901119956025
list:
dist: 0.9759470252083875 vs. 0.9759470252083875
list:
dist: 2.70077659488691 vs. 2.70077659488691
list:
dist: 1.5164592123372838 vs. 1.5164592123372838
list:
dist: 1.5804556923553121 vs. 1.5804556923553121
list:
dist: 0.9983599663740201 vs. 0.9983599663740201
list:
dist: 2.5306471068002714 vs. 2.5306471068002714
list:
dist: 3.1367128066751016 vs. 3.1367128066751016
list:
dist: 1.6045117440352552 vs. 1.6045117440352552
list:
dist: 1.1567087511337504 vs. 1.1567087511337504
list:
dist: 2.4231354192058903 vs. 2.4231354192058903
list:
dist: 1.1127306337547431 vs. 1.1127306337547431
list:
dist: 1.6776781623930392 vs. 1.6776781623930392
list:
dist: 1.5599867613196445 vs. 1.5599867613196445
list:
dist: 2.7121630036758804 vs. 2.7121630036758804
list:
dist: 0.9352670879645514 vs. 0.9352670879645514
list:
dist: 1.074429454146355 vs. 1.074429454146355
list:
dist: 1.6129477109271038 vs. 1.6129477109271038
list:
dist: 0.8650835500343935 vs. 0.8650835500343935
list:
dist: 2.0067422053056574 vs. 2.0067422053056574
list:
dist: 2.810171252307436 vs. 2.810171252307436
list:
dist: 3.577334100905679 vs. 3.577334100905679
list:
dist: 2.0437691300091085 vs. 2.0437691300091085
list:
dist: 2.841817362743079 vs. 2.841817362743079
list:
dist: 3.2778109254668095 vs. 3.2778109254668095
list:
dist: 2.458928340522127 vs. 2.458928340522127
list:
dist: 3.1033490994600657 vs. 3.1033490994600657
list:
dist: 2.139154817615099 vs. 2.139154817615099
list:
dist: 1.074429454146355 vs. 1.074429454146355
list:
dist: 1.6971611987397817 vs. 1.6971611987397817
list:
dist: 2.3935319086863664 vs. 2.3935319086863664
list:
dist: 1.685749748952434 vs. 1.685749748952434
list:
dist: 2.1238093949855186 vs. 2.1238093949855186
list:
dist: 1.7528813659913416 vs. 1.7528813659913416
list:
dist: 2.6965185188157137 vs. 2.6965185188157137
list:
dist: 2.8638087401592505 vs. 2.8638087401592505
list:
dist: 1.1680046704870475 vs. 1.1680046704870475
list:
dist: 1.4808768508725885 vs. 1.4808768508725885
list:
dist: 2.3833625913314593 vs. 2.3833625913314593
list:
dist: 1.0955847412840323 vs. 1.0955847412840323
list:
dist: 0.9458986023940777 vs. 0.9458986023940777
list:
dist: 1.4370847705296939 vs. 1.4370847705296939
list:
dist: 2.030646832370122 vs. 2.030646832370122
list:
dist: 1.5462292522406442 vs. 1.5462292522406442
list:
dist: 0.8105262136932879 vs. 0.8105262136932879
list:
dist: 0.39515096036122954 vs. 0.39515096036122954
list:
dist: 1.0366837925705015 vs. 1.0366837925705015
list:
dist: 2.3543804342466976 vs. 2.3543804342466976
list:
dist: 3.1256408352669243 vs. 3.1256408352669243
list:
dist: 1.5412162381704075 vs. 1.5412162381704075
list:
dist: 1.958342709171486 vs. 1.958342709171486
list:
dist: 2.4037434580743366 vs. 2.4037434580743366
list:
dist: 1.5978625721860689 vs. 1.5978625721860689
list:
dist: 2.5564338721498907 vs. 2.5564338721498907
list:
dist: 2.2930747171102133 vs. 2.2930747171102133
list:
dist: 2.0210587894996848 vs. 2.0210587894996848
list:
dist: 0.9759470252083875 vs. 0.9759470252083875
list:
dist: 3.335036002821212 vs. 3.335036002821212
list:
dist: 2.2753172206772176 vs. 2.2753172206772176
list:
dist: 2.1948241979680483 vs. 2.1948241979680483
list:
dist: 1.8063106220310685 vs. 1.8063106220310685
list:
dist: 2.6469196671267317 vs. 2.6469196671267317
list:
dist: 3.4545192450148856 vs. 3.4545192450148856
list:
dist: 2.1772252368871112 vs. 2.1772252368871112
list:
dist: 1.420351956001794 vs. 1.420351956001794
list:
dist: 3.346847420198699 vs. 3.346847420198699
list:
dist: 2.050745259349595 vs. 2.050745259349595
list:
dist: 2.5230338164308344 vs. 2.5230338164308344
list:
dist: 2.520803558231546 vs. 2.520803558231546
list:
dist: 3.598998971422766 vs. 3.598998971422766
list:
dist: 1.76872051980502 vs. 1.76872051980502
list:
dist: 1.6971611987397817 vs. 1.6971611987397817
list:
dist: 2.159758598172715 vs. 2.159758598172715
list:
dist: 1.679237308559411 vs. 1.679237308559411
list:
dist: 2.7205867545783557 vs. 2.7205867545783557
list:
dist: 3.7302141615347657 vs. 3.7302141615347657
list:
dist: 4.291889725352157 vs. 4.291889725352157
list:
dist: 2.8291859516572946 vs. 2.8291859516572946
list:
dist: 3.640000788845463 vs. 3.640000788845463
list:
dist: 4.044439195913655 vs. 4.044439195913655
list:
dist: 3.1817644599564643 vs. 3.1817644599564643
list:
dist: 1.7360512064887277 vs. 1.7360512064887277
list:
dist: 2.1937879597350296 vs. 2.1937879597350296
list:
dist: 1.1567087511337504 vs. 1.1567087511337504
list:
dist: 1.420351956001794 vs. 1.420351956001794
list:
dist: 1.2446215703846506 vs. 1.2446215703846506
list:
dist: 1.6004912011461594 vs. 1.6004912011461594
list:
dist: 1.3859896099828148 vs. 1.3859896099828148
list:
dist: 2.1015444405011094 vs. 2.1015444405011094
list:
dist: 1.0562641104640313 vs. 1.0562641104640313
list:
dist: 2.431160423225825 vs. 2.431160423225825
list:
dist: 1.3965307631214476 vs. 1.3965307631214476
list:
dist: 2.1050443375820866 vs. 2.1050443375820866
list:
dist: 2.1977148229194694 vs. 2.1977148229194694
list:
dist: 2.8359315867735493 vs. 2.8359315867735493
list:
dist: 1.2224994693340951 vs. 1.2224994693340951
list:
dist: 1.4808768508725885 vs. 1.4808768508725885
list:
dist: 1.3873167754270022 vs. 1.3873167754270022
list:
dist: 1.4340840385778124 vs. 1.4340840385778124
list:
dist: 2.35232582496595 vs. 2.35232582496595
list:
dist: 3.0605728849890013 vs. 3.0605728849890013
list:
dist: 2.588298783585274 vs. 2.588298783585274
list:
dist: 1.3469901119956025 vs. 1.3469901119956025
list:
dist: 2.0210587894996848 vs. 2.0210587894996848
list:
dist: 2.6164595240153443 vs. 2.6164595240153443
list:
dist: 1.24586735553872 vs. 1.24586735553872
list:
dist: 1.7230061195785198 vs. 1.7230061195785198
list:
dist: 0.6672303402785793 vs. 0.6672303402785793
list:
dist: 3.349252941725153 vs. 3.349252941725153
list:
dist: 3.9958274624391894 vs. 3.9958274624391894
list:
dist: 2.569851313094962 vs. 2.569851313094962
list:
dist: 2.1937879597350296 vs. 2.1937879597350296
list:
dist: 2.2378404414880313 vs. 2.2378404414880313
list:
dist: 1.548800787814862 vs. 1.548800787814862
list:
dist: 2.2068004682222195 vs. 2.2068004682222195
list:
dist: 1.501117007651184 vs. 1.501117007651184
list:
dist: 2.9945324376658107 vs. 2.9945324376658107
list:
dist: 1.128009926312694 vs. 1.128009926312694
list:
dist: 2.139154817615099 vs. 2.139154817615099
list:
dist: 2.673929916781463 vs. 2.673929916781463
list:
dist: 1.7736845268373755 vs. 1.7736845268373755
list:
dist: 2.707920876164429 vs. 2.707920876164429
list:
dist: 2.65318917128621 vs. 2.65318917128621
list:
dist: 3.4124733268713974 vs. 3.4124733268713974
list:
dist: 2.2184863015879293 vs. 2.2184863015879293
list:
dist: 2.588298783585274 vs. 2.588298783585274
list:
dist: 2.3172157138295257 vs. 2.3172157138295257
list:
dist: 2.2930747171102133 vs. 2.2930747171102133
list:
dist: 1.5132717839553678 vs. 1.5132717839553678
list:
dist: 2.175099883313187 vs. 2.175099883313187
list:
dist: 1.7451747906837045 vs. 1.7451747906837045
list:
dist: 2.938922137916556 vs. 2.938922137916556
list:
dist: 2.643350221878107 vs. 2.643350221878107
list:
dist: 1.7360512064887277 vs. 1.7360512064887277
list:
dist: 3.1426437802020755 vs. 3.1426437802020755
list:
dist: 2.6252217875740165 vs. 2.6252217875740165
list:
dist: 3.585819887221004 vs. 3.585819887221004
list:
dist: 3.3174617898622207 vs. 3.3174617898622207
list:
dist: 4.169649279840046 vs. 4.169649279840046
list:
dist: 2.0084194944201395 vs. 2.0084194944201395
list:
dist: 3.1033490994600657 vs. 3.1033490994600657
list:
dist: 3.087159409568181 vs. 3.087159409568181
list:
dist: 2.932048298541293 vs. 2.932048298541293
list:
dist: 3.959855773423369 vs. 3.959855773423369
list:
dist: 1.7451747906837045 vs. 1.7451747906837045
list:
dist: 3.349252941725153 vs. 3.349252941725153
list:
dist: 2.5306471068002714 vs. 2.5306471068002714
list:
dist: 2.6469196671267317 vs. 2.6469196671267317
list:
dist: 1.8120561849503265 vs. 1.8120561849503265
list:
dist: 2.715826806530575 vs. 2.715826806530575
list:
dist: 1.265813179092593 vs. 1.265813179092593
list:
dist: 1.7441587801151093 vs. 1.7441587801151093
list:
dist: 1.3859896099828148 vs. 1.3859896099828148
list:
dist: 2.947449258642669 vs. 2.947449258642669
list:
dist: 2.4632144438157044 vs. 2.4632144438157044
list:
dist: 3.158722868206173 vs. 3.158722868206173
list:
dist: 3.296960257572621 vs. 3.296960257572621
list:
dist: 3.5055318891911003 vs. 3.5055318891911003
list:
dist: 2.299631370057433 vs. 2.299631370057433
list:
dist: 2.6965185188157137 vs. 2.6965185188157137
list:
dist: 2.238732735499716 vs. 2.238732735499716
list:
dist: 2.6922934366116813 vs. 2.6922934366116813
list:
dist: 3.3520450462357605 vs. 3.3520450462357605
list:
dist: 3.8338093527478256 vs. 3.8338093527478256
list:
dist: 3.087159409568181 vs. 3.087159409568181
list:
dist: 2.673929916781463 vs. 2.673929916781463
list:
dist: 1.6129477109271038 vs. 1.6129477109271038
list:
dist: 2.159758598172715 vs. 2.159758598172715
list:
dist: 3.037364419985121 vs. 3.037364419985121
list:
dist: 2.379283036887579 vs. 2.379283036887579
list:
dist: 2.0996250065400637 vs. 2.0996250065400637
list:
dist: 2.144201110080258 vs. 2.144201110080258
list:
dist: 2.238732735499716 vs. 2.238732735499716
list:
dist: 2.1375668373803474 vs. 2.1375668373803474
list:
dist: 0.5769800890880711 vs. 0.5769800890880711
list:
dist: 1.3873167754270022 vs. 1.3873167754270022
list:
dist: 2.2821366234619425 vs. 2.2821366234619425
list:
dist: 1.278165993070399 vs. 1.278165993070399
list:
dist: 1.1941508911072969 vs. 1.1941508911072969
list:
dist: 1.8245643518589247 vs. 1.8245643518589247
list:
dist: 1.8486342625232288 vs. 1.8486342625232288
list:
dist: 1.7902430917091736 vs. 1.7902430917091736
list:
dist: 0.8105262136932879 vs. 0.8105262136932879
list:
dist: 1.015068351672263 vs. 1.015068351672263
list:
dist: 1.1688962263690388 vs. 1.1688962263690388
list:
dist: 2.6016082510199796 vs. 2.6016082510199796
list:
dist: 3.6199834024436295 vs. 3.6199834024436295
list:
dist: 2.0765001380249952 vs. 2.0765001380249952
list:
dist: 1.8430615046470271 vs. 1.8430615046470271
list:
dist: 2.4690633141439995 vs. 2.4690633141439995
list:
dist: 1.864997611869576 vs. 1.864997611869576
list:
dist: 2.506624060423076 vs. 2.506624060423076
list:
dist: 3.3174617898622207 vs. 3.3174617898622207
list:
dist: 1.501117007651184 vs. 1.501117007651184
list:
dist: 1.5599867613196445 vs. 1.5599867613196445
list:
dist: 2.520803558231546 vs. 2.520803558231546
list:
dist: 1.91977267116965 vs. 1.91977267116965
list:
dist: 1.0249383424084715 vs. 1.0249383424084715
list:
dist: 1.9454850090107412 vs. 1.9454850090107412
list:
dist: 1.298542348428159 vs. 1.298542348428159
list:
dist: 3.296960257572621 vs. 3.296960257572621
list:
dist: 3.447491081250174 vs. 3.447491081250174
list:
dist: 1.877937758198152 vs. 1.877937758198152
list:
dist: 2.1977148229194694 vs. 2.1977148229194694
list:
dist: 1.4505431003836482 vs. 1.4505431003836482
list:
dist: 0.8375949387135985 vs. 0.8375949387135985
list:
dist: 0.8885672804430393 vs. 0.8885672804430393
list:
dist: 1.5406478883599937 vs. 1.5406478883599937
list:
dist: 1.3114484086699663 vs. 1.3114484086699663
list:
dist: 1.4370847705296939 vs. 1.4370847705296939
list:
dist: 1.8245643518589247 vs. 1.8245643518589247
list:
dist: 1.1008572065279736 vs. 1.1008572065279736
list:
dist: 1.436112769781515 vs. 1.436112769781515
list:
dist: 1.3093448905950589 vs. 1.3093448905950589
list:
dist: 2.4709432352110814 vs. 2.4709432352110814
list:
dist: 1.0804928604865136 vs. 1.0804928604865136
list:
dist: 1.8212825553760144 vs. 1.8212825553760144
list:
dist: 2.1860195919281824 vs. 2.1860195919281824
list:
dist: 1.6079421883377991 vs. 1.6079421883377991
list:
dist: 2.036391981014404 vs. 2.036391981014404
list:
dist: 3.585819887221004 vs. 3.585819887221004
list:
dist: 2.2068004682222195 vs. 2.2068004682222195
list:
dist: 1.6776781623930392 vs. 1.6776781623930392
list:
dist: 2.5230338164308344 vs. 2.5230338164308344
list:
dist: 2.0025033606028004 vs. 2.0025033606028004
list:
dist: 1.527368510529444 vs. 1.527368510529444
list:
dist: 2.286400135298402 vs. 2.286400135298402
list:
dist: 1.877466884491545 vs. 1.877466884491545
list:
dist: 3.158722868206173 vs. 3.158722868206173
list:
dist: 3.0903654923721184 vs. 3.0903654923721184
list:
dist: 1.4712580316747983 vs. 1.4712580316747983
list:
dist: 2.1050443375820866 vs. 2.1050443375820866
list:
dist: 1.8454636657847316 vs. 1.8454636657847316
list:
dist: 1.0153447599198113 vs. 1.0153447599198113
list:
dist: 0.8885672804430393 vs. 0.8885672804430393
list:
dist: 1.1850338746913704 vs. 1.1850338746913704
list:
dist: 1.7182058666614177 vs. 1.7182058666614177
list:
dist: 0.9458986023940777 vs. 0.9458986023940777
list:
dist: 1.1941508911072969 vs. 1.1941508911072969
list:
dist: 0.8478805978262718 vs. 0.8478805978262718
list:
dist: 0.563648768570342 vs. 0.563648768570342
list:
dist: 1.4512110376202347 vs. 1.4512110376202347
list:
dist: 2.4988087112213933 vs. 2.4988087112213933
list:
dist: 0.9730712498397251 vs. 0.9730712498397251
list:
dist: 1.1801119497960333 vs. 1.1801119497960333
list:
dist: 1.645483671767442 vs. 1.645483671767442
list:
dist: 0.9766086729035134 vs. 0.9766086729035134
list:
dist: 1.6653584665927905 vs. 1.6653584665927905
list:
dist: 2.841817362743079 vs. 2.841817362743079
list:
dist: 3.640000788845463 vs. 3.640000788845463
list:
dist: 2.4362857483995186 vs. 2.4362857483995186
list:
dist: 2.5130591389352217 vs. 2.5130591389352217
list:
dist: 3.8338093527478256 vs. 3.8338093527478256
list:
dist: 3.369412154392421 vs. 3.369412154392421
list:
dist: 2.147935306349724 vs. 2.147935306349724
list:
dist: 3.0605728849890013 vs. 3.0605728849890013
list:
dist: 2.264440044592009 vs. 2.264440044592009
list:
dist: 2.0477570531201925 vs. 2.0477570531201925
list:
dist: 1.1801119497960333 vs. 1.1801119497960333
list:
dist: 1.8212825553760144 vs. 1.8212825553760144
list:
dist: 0.7468336128846857 vs. 0.7468336128846857
list:
dist: 2.7847334600249076 vs. 2.7847334600249076
list:
dist: 1.958342709171486 vs. 1.958342709171486
list:
dist: 1.8430615046470271 vs. 1.8430615046470271
list:
dist: 1.989150213275658 vs. 1.989150213275658
list:
dist: 0.976102113010599 vs. 0.976102113010599
list:
dist: 1.412782043561823 vs. 1.412782043561823
list:
dist: 2.466157187249613 vs. 2.466157187249613
list:
dist: 1.574523663558625 vs. 1.574523663558625
list:
dist: 0.7869496469775584 vs. 0.7869496469775584
list:
dist: 0.9428631733298003 vs. 0.9428631733298003
list:
dist: 0.7223232801044808 vs. 0.7223232801044808
list:
dist: 4.169649279840046 vs. 4.169649279840046
list:
dist: 2.9945324376658107 vs. 2.9945324376658107
list:
dist: 2.7121630036758804 vs. 2.7121630036758804
list:
dist: 3.598998971422766 vs. 3.598998971422766
list:
dist: 2.6839092980592216 vs. 2.6839092980592216
list:
dist: 2.4476082614781 vs. 2.4476082614781
list:
dist: 2.7240985736172183 vs. 2.7240985736172183
list:
dist: 2.6252477093231006 vs. 2.6252477093231006
list:
dist: 3.5055318891911003 vs. 3.5055318891911003
list:
dist: 3.076364720851502 vs. 3.076364720851502
list:
dist: 1.952403946465414 vs. 1.952403946465414
list:
dist: 2.8359315867735493 vs. 2.8359315867735493
list:
dist: 1.5692529980507695 vs. 1.5692529980507695
list:
dist: 1.7172345198741048 vs. 1.7172345198741048
list:
dist: 1.1850338746913704 vs. 1.1850338746913704
list:
dist: 1.5406478883599937 vs. 1.5406478883599937
list:
dist: 2.4149348888970033 vs. 2.4149348888970033
list:
dist: 2.030646832370122 vs. 2.030646832370122
list:
dist: 1.8486342625232288 vs. 1.8486342625232288
list:
dist: 1.9441149483368656 vs. 1.9441149483368656
list:
dist: 1.3067401769837093 vs. 1.3067401769837093
list:
dist: 1.2845522935294065 vs. 1.2845522935294065
list:
dist: 2.757866279653965 vs. 2.757866279653965
list:
dist: 1.7496370000746966 vs. 1.7496370000746966
list:
dist: 0.7468336128846857 vs. 0.7468336128846857
list:
dist: 1.4026740698022049 vs. 1.4026740698022049
list:
dist: 1.4517966836289053 vs. 1.4517966836289053
list:
dist: 0.9067389082693946 vs. 0.9067389082693946
list:
dist: 1.24586735553872 vs. 1.24586735553872
list:
dist: 1.5164592123372838 vs. 1.5164592123372838
list:
dist: 2.2753172206772176 vs. 2.2753172206772176
list:
dist: 1.3909229533693495 vs. 1.3909229533693495
list:
dist: 1.452778753256626 vs. 1.452778753256626
list:
dist: 2.40015251360813 vs. 2.40015251360813
list:
dist: 1.544482163228325 vs. 1.544482163228325
list:
dist: 1.527368510529444 vs. 1.527368510529444
list:
dist: 1.0249383424084715 vs. 1.0249383424084715
list:
dist: 2.4476082614781 vs. 2.4476082614781
list:
dist: 1.7000558931130376 vs. 1.7000558931130376
list:
dist: 1.685749748952434 vs. 1.685749748952434
list:
dist: 2.379283036887579 vs. 2.379283036887579
list:
dist: 1.3964395117709556 vs. 1.3964395117709556
list:
dist: 1.9164417909951006 vs. 1.9164417909951006
list:
dist: 1.8358690050450808 vs. 1.8358690050450808
list:
dist: 2.2485114153640064 vs. 2.2485114153640064
list:
dist: 1.0956439361968193 vs. 1.0956439361968193
list:
dist: 2.5130591389352217 vs. 2.5130591389352217
list:
dist: 2.640316863783607 vs. 2.640316863783607
list:
dist: 1.9139500177717026 vs. 1.9139500177717026
list:
dist: 3.2778109254668095 vs. 3.2778109254668095
list:
dist: 4.044439195913655 vs. 4.044439195913655
list:
dist: 2.127690336122571 vs. 2.127690336122571
list:
dist: 2.640316863783607 vs. 2.640316863783607
list:
dist: 2.8560370876069925 vs. 2.8560370876069925
list:
dist: 2.6105038950848045 vs. 2.6105038950848045
list:
dist: 1.645483671767442 vs. 1.645483671767442
list:
dist: 2.1860195919281824 vs. 2.1860195919281824
list:
dist: 1.4026740698022049 vs. 1.4026740698022049
list:
dist: 3.323084511817686 vs. 3.323084511817686
list:
dist: 2.4037434580743366 vs. 2.4037434580743366
list:
dist: 2.4690633141439995 vs. 2.4690633141439995
list:
dist: 2.4423991870158344 vs. 2.4423991870158344
list:
dist: 1.3847226771166201 vs. 1.3847226771166201
list:
dist: 1.4060450604234953 vs. 1.4060450604234953
list:
dist: 1.916349570526906 vs. 1.916349570526906
list:
dist: 1.5653801141731494 vs. 1.5653801141731494
list:
dist: 0.7869496469775584 vs. 0.7869496469775584
list:
dist: 0.8953613816479297 vs. 0.8953613816479297
list:
dist: 0.7637094271469531 vs. 0.7637094271469531
list:
dist: 2.6164595240153443 vs. 2.6164595240153443
list:
dist: 2.70077659488691 vs. 2.70077659488691
list:
dist: 3.335036002821212 vs. 3.335036002821212
list:
dist: 1.3909229533693495 vs. 1.3909229533693495
list:
dist: 2.816063210303594 vs. 2.816063210303594
list:
dist: 3.268945116909411 vs. 3.268945116909411
list:
dist: 2.6030690798933245 vs. 2.6030690798933245
list:
dist: 2.0025033606028004 vs. 2.0025033606028004
list:
dist: 1.91977267116965 vs. 1.91977267116965
list:
dist: 2.6839092980592216 vs. 2.6839092980592216
list:
dist: 2.9906653674427495 vs. 2.9906653674427495
list:
dist: 2.3935319086863664 vs. 2.3935319086863664
list:
dist: 3.037364419985121 vs. 3.037364419985121
list:
dist: 2.281567810918704 vs. 2.281567810918704
list:
dist: 2.0886201633860426 vs. 2.0886201633860426
list:
dist: 1.7396786542020204 vs. 1.7396786542020204
list:
dist: 1.0274931871309878 vs. 1.0274931871309878
list:
dist: 1.0347419002855085 vs. 1.0347419002855085
list:
dist: 2.4362857483995186 vs. 2.4362857483995186
list:
dist: 2.127690336122571 vs. 2.127690336122571
list:
dist: 1.6252608304555756 vs. 1.6252608304555756
list:
dist: 2.938922137916556 vs. 2.938922137916556
list:
dist: 3.9958274624391894 vs. 3.9958274624391894
list:
dist: 3.1367128066751016 vs. 3.1367128066751016
list:
dist: 3.4545192450148856 vs. 3.4545192450148856
list:
dist: 2.482655105474532 vs. 2.482655105474532
list:
dist: 3.329857752931649 vs. 3.329857752931649
list:
dist: 1.265813179092593 vs. 1.265813179092593
list:
dist: 1.723871179827549 vs. 1.723871179827549
list:
dist: 2.1015444405011094 vs. 2.1015444405011094
list:
dist: 2.9156259840891883 vs. 2.9156259840891883
list:
dist: 2.704976509094142 vs. 2.704976509094142
list:
dist: 3.0903654923721184 vs. 3.0903654923721184
list:
dist: 3.447491081250174 vs. 3.447491081250174
list:
dist: 3.076364720851502 vs. 3.076364720851502
list:
dist: 2.868015717797679 vs. 2.868015717797679
list:
dist: 2.8638087401592505 vs. 2.8638087401592505
list:
dist: 2.1375668373803474 vs. 2.1375668373803474
list:
dist: 2.932416250940144 vs. 2.932416250940144
list:
dist: 3.1526210355232416 vs. 3.1526210355232416
list:
dist: 3.369412154392421 vs. 3.369412154392421
list:
dist: 2.643350221878107 vs. 2.643350221878107
list:
dist: 2.569851313094962 vs. 2.569851313094962
list:
dist: 1.6045117440352552 vs. 1.6045117440352552
list:
dist: 2.1772252368871112 vs. 2.1772252368871112
list:
dist: 1.6487927425264781 vs. 1.6487927425264781
list:
dist: 1.9585091528642324 vs. 1.9585091528642324
list:
dist: 1.7441587801151093 vs. 1.7441587801151093
list:
dist: 1.723871179827549 vs. 1.723871179827549
list:
dist: 1.0562641104640313 vs. 1.0562641104640313
list:
dist: 2.00538757148055 vs. 2.00538757148055
list:
dist: 1.1530344872412042 vs. 1.1530344872412042
list:
dist: 1.4712580316747983 vs. 1.4712580316747983
list:
dist: 1.877937758198152 vs. 1.877937758198152
list:
dist: 1.952403946465414 vs. 1.952403946465414
list:
dist: 1.534182583035277 vs. 1.534182583035277
list:
dist: 1.1680046704870475 vs. 1.1680046704870475
list:
dist: 0.5769800890880711 vs. 0.5769800890880711
list:
dist: 1.214071240048258 vs. 1.214071240048258
list:
dist: 1.6116318388847783 vs. 1.6116318388847783
list:
dist: 2.147935306349724 vs. 2.147935306349724
list:
dist: 2.2184863015879293 vs. 2.2184863015879293
list:
dist: 2.0437691300091085 vs. 2.0437691300091085
list:
dist: 2.8291859516572946 vs. 2.8291859516572946
list:
dist: 1.0347419002855085 vs. 1.0347419002855085
list:
dist: 1.0956439361968193 vs. 1.0956439361968193
list:
dist: 2.179283940632863 vs. 2.179283940632863
list:
dist: 2.4059497137573875 vs. 2.4059497137573875
list:
dist: 1.6891205298710001 vs. 1.6891205298710001
list:
dist: 0.9730712498397251 vs. 0.9730712498397251
list:
dist: 1.0804928604865136 vs. 1.0804928604865136
list:
dist: 1.7496370000746966 vs. 1.7496370000746966
list:
dist: 2.223389605381202 vs. 2.223389605381202
list:
dist: 1.5412162381704075 vs. 1.5412162381704075
list:
dist: 2.0765001380249952 vs. 2.0765001380249952
list:
dist: 1.4157348021693323 vs. 1.4157348021693323
list:
dist: 1.1390260285760494 vs. 1.1390260285760494
list:
dist: 1.1739166822943645 vs. 1.1739166822943645
list:
dist: 1.6138562194973043 vs. 1.6138562194973043
list:
dist: 1.574523663558625 vs. 1.574523663558625
list:
dist: 1.5653801141731494 vs. 1.5653801141731494
list:
dist: 0.86364545811563 vs. 0.86364545811563
list:
dist: 1.788132803852159 vs. 1.788132803852159
list:
dist: 2.175099883313187 vs. 2.175099883313187
list:
dist: 0.6672303402785793 vs. 0.6672303402785793
list:
dist: 0.9983599663740201 vs. 0.9983599663740201
list:
dist: 1.8063106220310685 vs. 1.8063106220310685
list:
dist: 2.816063210303594 vs. 2.816063210303594
list:
dist: 1.452778753256626 vs. 1.452778753256626
list:
dist: 1.1126530648503434 vs. 1.1126530648503434
list:
dist: 2.715826806530575 vs. 2.715826806530575
list:
dist: 3.329857752931649 vs. 3.329857752931649
list:
dist: 1.9585091528642324 vs. 1.9585091528642324
list:
dist: 1.6004912011461594 vs. 1.6004912011461594
list:
dist: 1.8246104193869714 vs. 1.8246104193869714
list:
dist: 1.0162821409739977 vs. 1.0162821409739977
list:
dist: 1.877466884491545 vs. 1.877466884491545
list:
dist: 1.298542348428159 vs. 1.298542348428159
list:
dist: 2.6252477093231006 vs. 2.6252477093231006
list:
dist: 0.4626225710830855 vs. 0.4626225710830855
list:
dist: 1.7528813659913416 vs. 1.7528813659913416
list:
dist: 2.144201110080258 vs. 2.144201110080258
list:
dist: 1.3869766748999262 vs. 1.3869766748999262
list:
dist: 2.3830203268021686 vs. 2.3830203268021686
list:
dist: 2.5775810561710086 vs. 2.5775810561710086
list:
dist: 3.576905753158633 vs. 3.576905753158633
list:
dist: 2.179283940632863 vs. 2.179283940632863
list:
dist: 3.2856048653015004 vs. 3.2856048653015004
list:
dist: 1.5132717839553678 vs. 1.5132717839553678
list:
dist: 1.7230061195785198 vs. 1.7230061195785198
list:
dist: 1.5804556923553121 vs. 1.5804556923553121
list:
dist: 2.1948241979680483 vs. 2.1948241979680483
list:
dist: 1.1126530648503434 vs. 1.1126530648503434
list:
dist: 1.8120561849503265 vs. 1.8120561849503265
list:
dist: 2.482655105474532 vs. 2.482655105474532
list:
dist: 1.6487927425264781 vs. 1.6487927425264781
list:
dist: 1.2446215703846506 vs. 1.2446215703846506
list:
dist: 1.6530996470729726 vs. 1.6530996470729726
list:
dist: 1.2825873555547165 vs. 1.2825873555547165
list:
dist: 2.286400135298402 vs. 2.286400135298402
list:
dist: 1.9454850090107412 vs. 1.9454850090107412
list:
dist: 2.7240985736172183 vs. 2.7240985736172183
list:
dist: 0.7914264777343384 vs. 0.7914264777343384
list:
dist: 2.1238093949855186 vs. 2.1238093949855186
list:
dist: 2.0996250065400637 vs. 2.0996250065400637
list:
dist: 1.8550086483647785 vs. 1.8550086483647785
list:
dist: 2.739251516309241 vs. 2.739251516309241
list:
dist: 2.0084194944201395 vs. 2.0084194944201395
list:
dist: 1.128009926312694 vs. 1.128009926312694
list:
dist: 0.9352670879645514 vs. 0.9352670879645514
list:
dist: 1.76872051980502 vs. 1.76872051980502
list:
dist: 2.9906653674427495 vs. 2.9906653674427495
list:
dist: 1.7000558931130376 vs. 1.7000558931130376
list:
dist: 0.7914264777343384 vs. 0.7914264777343384
list:
dist: 0.4626225710830855 vs. 0.4626225710830855
list:
dist: 2.299631370057433 vs. 2.299631370057433
list:
dist: 2.868015717797679 vs. 2.868015717797679
list:
dist: 1.534182583035277 vs. 1.534182583035277
list:
dist: 1.2224994693340951 vs. 1.2224994693340951
list:
dist: 1.6446512944539438 vs. 1.6446512944539438
list:
dist: 0.7392807339131131 vs. 0.7392807339131131
list:
dist: 1.7182058666614177 vs. 1.7182058666614177
list:
dist: 1.3114484086699663 vs. 1.3114484086699663
list:
dist: 2.4149348888970033 vs. 2.4149348888970033
list:
dist: 1.5462292522406442 vs. 1.5462292522406442
list:
dist: 1.7902430917091736 vs. 1.7902430917091736
list:
dist: 1.2114422880359166 vs. 1.2114422880359166
list:
dist: 2.199646588828545 vs. 2.199646588828545
list:
dist: 2.5937172456338127 vs. 2.5937172456338127
list:
dist: 3.716585108010195 vs. 3.716585108010195
list:
dist: 2.223389605381202 vs. 2.223389605381202
list:
dist: 2.7847334600249076 vs. 2.7847334600249076
list:
dist: 3.323084511817686 vs. 3.323084511817686
list:
dist: 2.655842827689075 vs. 2.655842827689075
list:
dist: 3.153284101428104 vs. 3.153284101428104
list:
dist: 2.932048298541293 vs. 2.932048298541293
list:
dist: 1.7736845268373755 vs. 1.7736845268373755
list:
dist: 0.8650835500343935 vs. 0.8650835500343935
list:
dist: 1.679237308559411 vs. 1.679237308559411
list:
dist: 2.281567810918704 vs. 2.281567810918704
list:
dist: 1.3964395117709556 vs. 1.3964395117709556
list:
dist: 1.8550086483647785 vs. 1.8550086483647785
list:
dist: 1.3869766748999262 vs. 1.3869766748999262
list:
dist: 2.6922934366116813 vs. 2.6922934366116813
list:
dist: 2.932416250940144 vs. 2.932416250940144
list:
dist: 1.214071240048258 vs. 1.214071240048258
list:
dist: 1.4340840385778124 vs. 1.4340840385778124
list:
dist: 2.0947785435360986 vs. 2.0947785435360986
list:
dist: 0.7651112380395353 vs. 0.7651112380395353
list:
dist: 0.8478805978262718 vs. 0.8478805978262718
list:
dist: 1.1008572065279736 vs. 1.1008572065279736
list:
dist: 1.9441149483368656 vs. 1.9441149483368656
list:
dist: 1.2114422880359166 vs. 1.2114422880359166
list:
dist: 0.39515096036122954 vs. 0.39515096036122954
list:
dist: 1.015068351672263 vs. 1.015068351672263
list:
dist: 1.1469574432568432 vs. 1.1469574432568432
list:
dist: 2.162478164047233 vs. 2.162478164047233
list:
dist: 3.0266632590829534 vs. 3.0266632590829534
list:
dist: 1.4157348021693323 vs. 1.4157348021693323
list:
dist: 1.989150213275658 vs. 1.989150213275658
list:
dist: 2.4423991870158344 vs. 2.4423991870158344
list:
dist: 1.6484650721257164 vs. 1.6484650721257164
list:
dist: 2.5125922176771254 vs. 2.5125922176771254
list:
dist: 2.6252217875740165 vs. 2.6252217875740165
list:
dist: 1.548800787814862 vs. 1.548800787814862
list:
dist: 1.1127306337547431 vs. 1.1127306337547431
list:
dist: 2.050745259349595 vs. 2.050745259349595
list:
dist: 2.6030690798933245 vs. 2.6030690798933245
list:
dist: 1.544482163228325 vs. 1.544482163228325
list:
dist: 1.2825873555547165 vs. 1.2825873555547165
list:
dist: 1.0162821409739977 vs. 1.0162821409739977
list:
dist: 2.4632144438157044 vs. 2.4632144438157044
list:
dist: 2.704976509094142 vs. 2.704976509094142
list:
dist: 1.1530344872412042 vs. 1.1530344872412042
list:
dist: 1.3965307631214476 vs. 1.3965307631214476
list:
dist: 1.3781542502089994 vs. 1.3781542502089994
list:
dist: 1.0153447599198113 vs. 1.0153447599198113
list:
dist: 0.8375949387135985 vs. 0.8375949387135985
list:
dist: 1.7172345198741048 vs. 1.7172345198741048
list:
dist: 0.7392807339131131 vs. 0.7392807339131131
list:
dist: 1.0955847412840323 vs. 1.0955847412840323
list:
dist: 1.278165993070399 vs. 1.278165993070399
list:
dist: 0.7651112380395353 vs. 0.7651112380395353
list:
dist: 1.5065288489650932 vs. 1.5065288489650932
list:
dist: 2.024011383282134 vs. 2.024011383282134
list:
dist: 3.2321326739498653 vs. 3.2321326739498653
list:
dist: 1.6891205298710001 vs. 1.6891205298710001
list:
dist: 2.0477570531201925 vs. 2.0477570531201925
list:
dist: 2.6105038950848045 vs. 2.6105038950848045
list:
dist: 1.9825062011620984 vs. 1.9825062011620984
list:
dist: 2.44985657310853 vs. 2.44985657310853
list:
dist: 2.458928340522127 vs. 2.458928340522127
list:
dist: 3.1817644599564643 vs. 3.1817644599564643
list:
dist: 1.6252608304555756 vs. 1.6252608304555756
list:
dist: 1.9139500177717026 vs. 1.9139500177717026
list:
dist: 2.622135110239303 vs. 2.622135110239303
list:
dist: 1.9825062011620984 vs. 1.9825062011620984
list:
dist: 0.9766086729035134 vs. 0.9766086729035134
list:
dist: 1.6079421883377991 vs. 1.6079421883377991
list:
dist: 1.4517966836289053 vs. 1.4517966836289053
list:
dist: 2.655842827689075 vs. 2.655842827689075
list:
dist: 1.5978625721860689 vs. 1.5978625721860689
list:
dist: 1.864997611869576 vs. 1.864997611869576
list:
dist: 1.6484650721257164 vs. 1.6484650721257164
list:
dist: 0.6973631696780517 vs. 0.6973631696780517
list:
dist: 1.3852188424807759 vs. 1.3852188424807759
list:
dist: 1.877444123774591 vs. 1.877444123774591
list:
dist: 0.86364545811563 vs. 0.86364545811563
list:
dist: 0.9428631733298003 vs. 0.9428631733298003
list:
dist: 0.8953613816479297 vs. 0.8953613816479297
list:
dist: 1.335345891371042 vs. 1.335345891371042
list:
dist: 2.65318917128621 vs. 2.65318917128621
list:
dist: 2.810171252307436 vs. 2.810171252307436
list:
dist: 3.7302141615347657 vs. 3.7302141615347657
list:
dist: 1.7396786542020204 vs. 1.7396786542020204
list:
dist: 1.8358690050450808 vs. 1.8358690050450808
list:
dist: 2.5775810561710086 vs. 2.5775810561710086
list:
dist: 1.9662368290322025 vs. 1.9662368290322025
list:
dist: 2.024011383282134 vs. 2.024011383282134
list:
dist: 1.4512110376202347 vs. 1.4512110376202347
list:
dist: 1.3093448905950589 vs. 1.3093448905950589
list:
dist: 1.2845522935294065 vs. 1.2845522935294065
list:
dist: 2.5937172456338127 vs. 2.5937172456338127
list:
dist: 2.3543804342466976 vs. 2.3543804342466976
list:
dist: 2.6016082510199796 vs. 2.6016082510199796
list:
dist: 2.162478164047233 vs. 2.162478164047233
list:
dist: 1.6981970728841025 vs. 1.6981970728841025
list:
dist: 1.6691645080579978 vs. 1.6691645080579978
list:
dist: 1.1739166822943645 vs. 1.1739166822943645
list:
dist: 1.412782043561823 vs. 1.412782043561823
list:
dist: 1.4060450604234953 vs. 1.4060450604234953
list:
dist: 1.3852188424807759 vs. 1.3852188424807759
list:
dist: 1.1411282242487608 vs. 1.1411282242487608
list:
dist: 3.2856048653015004 vs. 3.2856048653015004
list:
dist: 2.3338928905160814 vs. 2.3338928905160814
list:
dist: 2.44985657310853 vs. 2.44985657310853
list:
dist: 1.6653584665927905 vs. 1.6653584665927905
list:
dist: 2.036391981014404 vs. 2.036391981014404
list:
dist: 0.9067389082693946 vs. 0.9067389082693946
list:
dist: 3.153284101428104 vs. 3.153284101428104
list:
dist: 2.5564338721498907 vs. 2.5564338721498907
list:
dist: 2.506624060423076 vs. 2.506624060423076
list:
dist: 2.5125922176771254 vs. 2.5125922176771254
list:
dist: 1.6025201090993824 vs. 1.6025201090993824
list:
dist: 1.1411282242487608 vs. 1.1411282242487608
list:
dist: 2.241558964413177 vs. 2.241558964413177
list:
dist: 1.788132803852159 vs. 1.788132803852159
list:
dist: 0.7223232801044808 vs. 0.7223232801044808
list:
dist: 0.7637094271469531 vs. 0.7637094271469531
list:
dist: 1.335345891371042 vs. 1.335345891371042
list:
dist: 3.1426437802020755 vs. 3.1426437802020755
list:
dist: 2.2378404414880313 vs. 2.2378404414880313
list:
dist: 2.4231354192058903 vs. 2.4231354192058903
list:
dist: 3.346847420198699 vs. 3.346847420198699
list:
dist: 3.268945116909411 vs. 3.268945116909411
list:
dist: 2.40015251360813 vs. 2.40015251360813
list:
dist: 1.6530996470729726 vs. 1.6530996470729726
list:
dist: 1.8246104193869714 vs. 1.8246104193869714
list:
dist: 2.947449258642669 vs. 2.947449258642669
list:
dist: 2.9156259840891883 vs. 2.9156259840891883
list:
dist: 2.00538757148055 vs. 2.00538757148055
list:
dist: 2.431160423225825 vs. 2.431160423225825
list:
dist: 1.3781542502089994 vs. 1.3781542502089994
list:
dist: 1.8454636657847316 vs. 1.8454636657847316
list:
dist: 1.4505431003836482 vs. 1.4505431003836482
list:
dist: 1.5692529980507695 vs. 1.5692529980507695
list:
dist: 1.6446512944539438 vs. 1.6446512944539438
list:
dist: 2.3833625913314593 vs. 2.3833625913314593
list:
dist: 2.2821366234619425 vs. 2.2821366234619425
list:
dist: 2.0947785435360986 vs. 2.0947785435360986
list:
dist: 2.318411979430384 vs. 2.318411979430384
list:
dist: 1.9662368290322025 vs. 1.9662368290322025
list:
dist: 3.5656078867582615 vs. 3.5656078867582615
list:
dist: 2.4059497137573875 vs. 2.4059497137573875
list:
dist: 2.264440044592009 vs. 2.264440044592009
list:
dist: 2.8560370876069925 vs. 2.8560370876069925
list:
dist: 2.622135110239303 vs. 2.622135110239303
list:
dist: 2.3338928905160814 vs. 2.3338928905160814
list:
dist: 3.959855773423369 vs. 3.959855773423369
list:
dist: 2.707920876164429 vs. 2.707920876164429
list:
dist: 2.0067422053056574 vs. 2.0067422053056574
list:
dist: 2.7205867545783557 vs. 2.7205867545783557
list:
dist: 2.0886201633860426 vs. 2.0886201633860426
list:
dist: 1.9164417909951006 vs. 1.9164417909951006
list:
dist: 2.739251516309241 vs. 2.739251516309241
list:
dist: 2.3830203268021686 vs. 2.3830203268021686
list:
dist: 3.3520450462357605 vs. 3.3520450462357605
list:
dist: 3.1526210355232416 vs. 3.1526210355232416
list:
dist: 1.6116318388847783 vs. 1.6116318388847783
list:
dist: 2.35232582496595 vs. 2.35232582496595
list:
dist: 2.318411979430384 vs. 2.318411979430384
list:
dist: 1.5065288489650932 vs. 1.5065288489650932
list:
dist: 0.563648768570342 vs. 0.563648768570342
list:
dist: 1.436112769781515 vs. 1.436112769781515
list:
dist: 1.3067401769837093 vs. 1.3067401769837093
list:
dist: 2.199646588828545 vs. 2.199646588828545
list:
dist: 1.0366837925705015 vs. 1.0366837925705015
list:
dist: 1.1688962263690388 vs. 1.1688962263690388
list:
dist: 1.1469574432568432 vs. 1.1469574432568432
list:
dist: 1.6981970728841025 vs. 1.6981970728841025
list:
dist: 2.514354148528446 vs. 2.514354148528446
list:
dist: 1.1390260285760494 vs. 1.1390260285760494
list:
dist: 0.976102113010599 vs. 0.976102113010599
list:
dist: 1.3847226771166201 vs. 1.3847226771166201
list:
dist: 0.6973631696780517 vs. 0.6973631696780517
list:
dist: 1.6025201090993824 vs. 1.6025201090993824
list:
dist: 3.4124733268713974 vs. 3.4124733268713974
list:
dist: 3.577334100905679 vs. 3.577334100905679
list:
dist: 4.291889725352157 vs. 4.291889725352157
list:
dist: 1.0274931871309878 vs. 1.0274931871309878
list:
dist: 2.2485114153640064 vs. 2.2485114153640064
list:
dist: 3.576905753158633 vs. 3.576905753158633
list:
dist: 3.5656078867582615 vs. 3.5656078867582615
list:
dist: 3.2321326739498653 vs. 3.2321326739498653
list:
dist: 2.4988087112213933 vs. 2.4988087112213933
list:
dist: 2.4709432352110814 vs. 2.4709432352110814
list:
dist: 2.757866279653965 vs. 2.757866279653965
list:
dist: 3.716585108010195 vs. 3.716585108010195
list:
dist: 3.1256408352669243 vs. 3.1256408352669243
list:
dist: 3.6199834024436295 vs. 3.6199834024436295
list:
dist: 3.0266632590829534 vs. 3.0266632590829534
list:
dist: 2.514354148528446 vs. 2.514354148528446
list:
dist: 1.6691645080579978 vs. 1.6691645080579978
list:
dist: 1.6138562194973043 vs. 1.6138562194973043
list:
dist: 2.466157187249613 vs. 2.466157187249613
list:
dist: 1.916349570526906 vs. 1.916349570526906
list:
dist: 1.877444123774591 vs. 1.877444123774591
list:
dist: 2.241558964413177 vs. 2.241558964413177
300
rk
<OccurredElementalReaction>
	 elmtlRkId: 3
	 p(id,type,coords) 90 4 4.1307932889951475 -2.0980981855430345 17.159531707589746
</OccurredElementalReaction>
rk
<OccurredElementalReaction>
	 elmtlRkId: 4
	 p(id,type,coords) 139 5 13.29443687710978 -3.2752288154436813 9.970824409974842
</OccurredElementalReaction>
rk
<OccurredElementalReaction>
	 elmtlRkId: 1
	 p(id,type,coords) 41 2 2.839046314726585 3.345798278315171 5.505057777280748
</OccurredElementalReaction>
400
Neighbor List consistency Check...
--------
nle(id0,id1,dist): 5 6 1.512738618098215
list:
dist: 1.512738618098215 vs. 1.512738618098215
--------
nle(id0,id1,dist): 5 7 0.7862782436051668
list:
dist: 0.7862782436051668 vs. 0.7862782436051668
--------
nle(id0,id1,dist): 4 29 2.3534067273666395
list:
dist: 2.3534067273666395 vs. 2.3534067273666395
--------
nle(id0,id1,dist): 5 21 3.7752105547069634
list:
dist: 3.7752105547069634 vs. 3.7752105547069634
--------
nle(id0,id1,dist): 5 20 2.9397282846925763
list:
dist: 2.9397282846925763 vs. 2.9397282846925763
--------
nle(id0,id1,dist): 5 17 2.4317248413055963
list:
dist: 2.4317248413055963 vs. 2.4317248413055963
--------
nle(id0,id1,dist): 5 16 1.5457220787830412
list:
dist: 1.5457220787830412 vs. 1.5457220787830412
--------
nle(id0,id1,dist): 5 19 2.7083758705962446
list:
dist: 2.7083758705962446 vs. 2.7083758705962446
--------
nle(id0,id1,dist): 5 13 3.3267374287906573
list:
dist: 3.3267374287906573 vs. 3.3267374287906573
--------
nle(id0,id1,dist): 5 12 1.25110370013304
list:
dist: 1.25110370013304 vs. 1.25110370013304
--------
nle(id0,id1,dist): 5 15 2.1979141532586985
list:
dist: 2.1979141532586985 vs. 2.1979141532586985
--------
nle(id0,id1,dist): 5 14 1.5361585307004866
list:
dist: 1.5361585307004866 vs. 1.5361585307004866
--------
nle(id0,id1,dist): 5 9 0.7870242221825005
list:
dist: 0.7870242221825005 vs. 0.7870242221825005
--------
nle(id0,id1,dist): 5 8 2.183644167951896
list:
dist: 2.183644167951896 vs. 2.183644167951896
--------
nle(id0,id1,dist): 5 11 3.149734432784586
list:
dist: 3.149734432784586 vs. 3.149734432784586
--------
nle(id0,id1,dist): 5 10 2.6570291176360143
list:
dist: 2.6570291176360143 vs. 2.6570291176360143
--------
nle(id0,id1,dist): 4 11 1.38011465499783
list:
dist: 1.38011465499783 vs. 1.38011465499783
--------
nle(id0,id1,dist): 4 12 1.357015639852376
list:
dist: 1.357015639852376 vs. 1.357015639852376
--------
nle(id0,id1,dist): 4 9 1.9062381458683442
list:
dist: 1.9062381458683442 vs. 1.9062381458683442
--------
nle(id0,id1,dist): 4 10 1.1406814605515865
list:
dist: 1.1406814605515865 vs. 1.1406814605515865
--------
nle(id0,id1,dist): 4 7 2.6035885368124387
list:
dist: 2.6035885368124387 vs. 2.6035885368124387
--------
nle(id0,id1,dist): 4 8 1.2277546792734944
list:
dist: 1.2277546792734944 vs. 1.2277546792734944
--------
nle(id0,id1,dist): 4 5 2.200207118068021
list:
dist: 2.200207118068021 vs. 2.200207118068021
--------
nle(id0,id1,dist): 4 6 1.0886568781861776
list:
dist: 1.0886568781861776 vs. 1.0886568781861776
--------
nle(id0,id1,dist): 4 27 3.492581742744824
list:
dist: 3.492581742744824 vs. 3.492581742744824
--------
nle(id0,id1,dist): 4 26 3.6964837503396564
list:
dist: 3.6964837503396564 vs. 3.6964837503396564
--------
nle(id0,id1,dist): 4 25 3.300219734181154
list:
dist: 3.300219734181154 vs. 3.300219734181154
--------
nle(id0,id1,dist): 4 24 4.03511645993361
list:
dist: 4.03511645993361 vs. 4.03511645993361
--------
nle(id0,id1,dist): 4 22 2.7023156043481356
list:
dist: 2.7023156043481356 vs. 2.7023156043481356
--------
nle(id0,id1,dist): 4 21 3.7107986694958695
list:
dist: 3.7107986694958695 vs. 3.7107986694958695
--------
nle(id0,id1,dist): 4 20 3.7124299698999
list:
dist: 3.7124299698999 vs. 3.7124299698999
--------
nle(id0,id1,dist): 4 19 2.1377471934709824
list:
dist: 2.1377471934709824 vs. 2.1377471934709824
--------
nle(id0,id1,dist): 4 17 1.8683595566867244
list:
dist: 1.8683595566867244 vs. 1.8683595566867244
--------
nle(id0,id1,dist): 4 16 1.9831371148547086
list:
dist: 1.9831371148547086 vs. 1.9831371148547086
--------
nle(id0,id1,dist): 4 15 1.7687931425166825
list:
dist: 1.7687931425166825 vs. 1.7687931425166825
--------
nle(id0,id1,dist): 4 14 1.9718903483158978
list:
dist: 1.9718903483158978 vs. 1.9718903483158978
--------
nle(id0,id1,dist): 4 13 2.5957608957246414
list:
dist: 2.5957608957246414 vs. 2.5957608957246414
--------
nle(id0,id1,dist): 6 19 1.81564743051329
list:
dist: 1.81564743051329 vs. 1.81564743051329
--------
nle(id0,id1,dist): 6 20 2.910355978016496
list:
dist: 2.910355978016496 vs. 2.910355978016496
--------
nle(id0,id1,dist): 6 21 3.0988509701378772
list:
dist: 3.0988509701378772 vs. 3.0988509701378772
--------
nle(id0,id1,dist): 6 25 3.023575183275213
list:
dist: 3.023575183275213 vs. 3.023575183275213
--------
nle(id0,id1,dist): 7 9 1.5155569945265264
list:
dist: 1.5155569945265264 vs. 1.5155569945265264
--------
nle(id0,id1,dist): 7 8 2.6805282520586755
list:
dist: 2.6805282520586755 vs. 2.6805282520586755
--------
nle(id0,id1,dist): 7 11 3.6623455019766737
list:
dist: 3.6623455019766737 vs. 3.6623455019766737
--------
nle(id0,id1,dist): 7 10 2.7518946054769073
list:
dist: 2.7518946054769073 vs. 2.7518946054769073
--------
nle(id0,id1,dist): 7 13 3.4783687489177364
list:
dist: 3.4783687489177364 vs. 3.4783687489177364
--------
nle(id0,id1,dist): 7 12 1.3893103779582279
list:
dist: 1.3893103779582279 vs. 1.3893103779582279
--------
nle(id0,id1,dist): 5 25 3.5890518905973807
list:
dist: 3.5890518905973807 vs. 3.5890518905973807
--------
nle(id0,id1,dist): 6 14 1.1666432228924655
list:
dist: 1.1666432228924655 vs. 1.1666432228924655
--------
nle(id0,id1,dist): 6 13 2.3374465380828404
list:
dist: 2.3374465380828404 vs. 2.3374465380828404
--------
nle(id0,id1,dist): 6 12 1.0787506129063849
list:
dist: 1.0787506129063849 vs. 1.0787506129063849
--------
nle(id0,id1,dist): 6 11 1.648228905143286
list:
dist: 1.648228905143286 vs. 1.648228905143286
--------
nle(id0,id1,dist): 6 17 1.3448054267276217
list:
dist: 1.3448054267276217 vs. 1.3448054267276217
--------
nle(id0,id1,dist): 6 16 1.6480583188563833
list:
dist: 1.6480583188563833 vs. 1.6480583188563833
--------
nle(id0,id1,dist): 6 15 1.2801563391416955
list:
dist: 1.2801563391416955 vs. 1.2801563391416955
--------
nle(id0,id1,dist): 6 10 1.828852872361542
list:
dist: 1.828852872361542 vs. 1.828852872361542
--------
nle(id0,id1,dist): 6 9 0.9622593337103753
list:
dist: 0.9622593337103753 vs. 0.9622593337103753
--------
nle(id0,id1,dist): 6 8 0.725804382798337
list:
dist: 0.725804382798337 vs. 0.725804382798337
--------
nle(id0,id1,dist): 6 7 2.0778307068329407
list:
dist: 2.0778307068329407 vs. 2.0778307068329407
--------
nle(id0,id1,dist): 8 14 1.3138516703073038
list:
dist: 1.3138516703073038 vs. 1.3138516703073038
--------
nle(id0,id1,dist): 8 13 1.8132209801802868
list:
dist: 1.8132209801802868 vs. 1.8132209801802868
--------
nle(id0,id1,dist): 8 16 1.9420091714405285
list:
dist: 1.9420091714405285 vs. 1.9420091714405285
--------
nle(id0,id1,dist): 8 15 1.006393584953416
list:
dist: 1.006393584953416 vs. 1.006393584953416
--------
nle(id0,id1,dist): 8 10 1.7972655551131573
list:
dist: 1.7972655551131573 vs. 1.7972655551131573
--------
nle(id0,id1,dist): 8 9 1.5919981081291614
list:
dist: 1.5919981081291614 vs. 1.5919981081291614
--------
nle(id0,id1,dist): 8 12 1.5251662974526183
list:
dist: 1.5251662974526183 vs. 1.5251662974526183
--------
nle(id0,id1,dist): 8 11 1.1348791310279627
list:
dist: 1.1348791310279627 vs. 1.1348791310279627
--------
nle(id0,id1,dist): 8 22 2.2764885460911524
list:
dist: 2.2764885460911524 vs. 2.2764885460911524
--------
nle(id0,id1,dist): 8 21 2.671226659517805
list:
dist: 2.671226659517805 vs. 2.671226659517805
--------
nle(id0,id1,dist): 8 24 3.4829284195327586
list:
dist: 3.4829284195327586 vs. 3.4829284195327586
--------
nle(id0,id1,dist): 8 17 0.8788596019943316
list:
dist: 0.8788596019943316 vs. 0.8788596019943316
--------
nle(id0,id1,dist): 8 20 2.833598284009223
list:
dist: 2.833598284009223 vs. 2.833598284009223
--------
nle(id0,id1,dist): 8 19 1.4285155351420848
list:
dist: 1.4285155351420848 vs. 1.4285155351420848
--------
nle(id0,id1,dist): 8 29 1.8100854808687412
list:
dist: 1.8100854808687412 vs. 1.8100854808687412
--------
nle(id0,id1,dist): 8 25 2.6948132563678002
list:
dist: 2.6948132563678002 vs. 2.6948132563678002
--------
nle(id0,id1,dist): 8 26 3.1048627066731096
list:
dist: 3.1048627066731096 vs. 3.1048627066731096
--------
nle(id0,id1,dist): 8 27 2.6602262582811496
list:
dist: 2.6602262582811496 vs. 2.6602262582811496
--------
nle(id0,id1,dist): 7 21 3.905853670008
list:
dist: 3.905853670008 vs. 3.905853670008
--------
nle(id0,id1,dist): 7 20 2.8952097413629536
list:
dist: 2.8952097413629536 vs. 2.8952097413629536
--------
nle(id0,id1,dist): 7 19 2.8473035846048385
list:
dist: 2.8473035846048385 vs. 2.8473035846048385
--------
nle(id0,id1,dist): 7 17 2.7427556813767966
list:
dist: 2.7427556813767966 vs. 2.7427556813767966
--------
nle(id0,id1,dist): 7 16 1.3619450017416284
list:
dist: 1.3619450017416284 vs. 1.3619450017416284
--------
nle(id0,id1,dist): 7 15 2.4268806854264238
list:
dist: 2.4268806854264238 vs. 2.4268806854264238
--------
nle(id0,id1,dist): 7 14 1.7656234730712668
list:
dist: 1.7656234730712668 vs. 1.7656234730712668
--------
nle(id0,id1,dist): 7 25 3.495454625478413
list:
dist: 3.495454625478413 vs. 3.495454625478413
--------
nle(id0,id1,dist): 10 12 1.4477713657219624
list:
dist: 1.4477713657219624 vs. 1.4477713657219624
--------
nle(id0,id1,dist): 10 11 1.982730664983023
list:
dist: 1.982730664983023 vs. 1.982730664983023
--------
nle(id0,id1,dist): 10 14 2.1012631360689165
list:
dist: 2.1012631360689165 vs. 2.1012631360689165
--------
nle(id0,id1,dist): 10 13 2.2584737075225205
list:
dist: 2.2584737075225205 vs. 2.2584737075225205
--------
nle(id0,id1,dist): 10 15 1.7203637801578682
list:
dist: 1.7203637801578682 vs. 1.7203637801578682
--------
nle(id0,id1,dist): 10 16 1.715893802275844
list:
dist: 1.715893802275844 vs. 1.715893802275844
--------
nle(id0,id1,dist): 10 17 1.9441382802900475
list:
dist: 1.9441382802900475 vs. 1.9441382802900475
--------
nle(id0,id1,dist): 10 19 1.8395458292985116
list:
dist: 1.8395458292985116 vs. 1.8395458292985116
--------
nle(id0,id1,dist): 10 20 3.576987824028835
list:
dist: 3.576987824028835 vs. 3.576987824028835
--------
nle(id0,id1,dist): 10 21 3.5356304364576308
list:
dist: 3.5356304364576308 vs. 3.5356304364576308
--------
nle(id0,id1,dist): 10 22 2.1017879009938754
list:
dist: 2.1017879009938754 vs. 2.1017879009938754
--------
nle(id0,id1,dist): 10 24 3.4808661080092564
list:
dist: 3.4808661080092564 vs. 3.4808661080092564
--------
nle(id0,id1,dist): 10 25 2.6888187868735964
list:
dist: 2.6888187868735964 vs. 2.6888187868735964
--------
nle(id0,id1,dist): 10 26 3.2117177401344605
list:
dist: 3.2117177401344605 vs. 3.2117177401344605
--------
nle(id0,id1,dist): 10 27 3.3318090139105614
list:
dist: 3.3318090139105614 vs. 3.3318090139105614
--------
nle(id0,id1,dist): 10 29 2.0326064177842698
list:
dist: 2.0326064177842698 vs. 2.0326064177842698
--------
nle(id0,id1,dist): 9 11 2.5687631761731793
list:
dist: 2.5687631761731793 vs. 2.5687631761731793
--------
nle(id0,id1,dist): 9 10 2.5711554183116347
list:
dist: 2.5711554183116347 vs. 2.5711554183116347
--------
nle(id0,id1,dist): 9 15 1.840759797012598
list:
dist: 1.840759797012598 vs. 1.840759797012598
--------
nle(id0,id1,dist): 9 14 1.271731664634406
list:
dist: 1.271731664634406 vs. 1.271731664634406
--------
nle(id0,id1,dist): 9 13 2.954689613300809
list:
dist: 2.954689613300809 vs. 2.954689613300809
--------
nle(id0,id1,dist): 9 12 1.316093246695055
list:
dist: 1.316093246695055 vs. 1.316093246695055
--------
nle(id0,id1,dist): 9 19 2.3924219034519156
list:
dist: 2.3924219034519156 vs. 2.3924219034519156
--------
nle(id0,id1,dist): 9 17 1.9602232706221838
list:
dist: 1.9602232706221838 vs. 1.9602232706221838
--------
nle(id0,id1,dist): 9 16 1.742612032760407
list:
dist: 1.742612032760407 vs. 1.742612032760407
--------
nle(id0,id1,dist): 9 20 2.7984438081213394
list:
dist: 2.7984438081213394 vs. 2.7984438081213394
--------
nle(id0,id1,dist): 9 21 3.390071458573257
list:
dist: 3.390071458573257 vs. 3.390071458573257
--------
nle(id0,id1,dist): 9 25 3.435008287059899
list:
dist: 3.435008287059899 vs. 3.435008287059899
--------
nle(id0,id1,dist): 12 20 2.7575687165411344
list:
dist: 2.7575687165411344 vs. 2.7575687165411344
--------
nle(id0,id1,dist): 12 19 1.778671112457685
list:
dist: 1.778671112457685 vs. 1.778671112457685
--------
nle(id0,id1,dist): 12 17 1.6687078945107974
list:
dist: 1.6687078945107974 vs. 1.6687078945107974
--------
nle(id0,id1,dist): 12 16 0.7179395220155876
list:
dist: 0.7179395220155876 vs. 0.7179395220155876
--------
nle(id0,id1,dist): 12 15 1.344332038754731
list:
dist: 1.344332038754731 vs. 1.344332038754731
--------
nle(id0,id1,dist): 12 14 1.0790802533445203
list:
dist: 1.0790802533445203 vs. 1.0790802533445203
--------
nle(id0,id1,dist): 12 13 2.41188440634816
list:
dist: 2.41188440634816 vs. 2.41188440634816
--------
nle(id0,id1,dist): 11 29 1.7571866659505093
list:
dist: 1.7571866659505093 vs. 1.7571866659505093
--------
nle(id0,id1,dist): 11 26 3.0063280816995306
list:
dist: 3.0063280816995306 vs. 3.0063280816995306
--------
nle(id0,id1,dist): 11 27 2.547605575629482
list:
dist: 2.547605575629482 vs. 2.547605575629482
--------
nle(id0,id1,dist): 11 22 2.358127787887208
list:
dist: 2.358127787887208 vs. 2.358127787887208
--------
nle(id0,id1,dist): 11 25 3.317520794098118
list:
dist: 3.317520794098118 vs. 3.317520794098118
--------
nle(id0,id1,dist): 11 24 3.380038753692759
list:
dist: 3.380038753692759 vs. 3.380038753692759
--------
nle(id0,id1,dist): 11 19 2.132896848912821
list:
dist: 2.132896848912821 vs. 2.132896848912821
--------
nle(id0,id1,dist): 11 21 3.3355773339474504
list:
dist: 3.3355773339474504 vs. 3.3355773339474504
--------
nle(id0,id1,dist): 11 20 3.8378504300767657
list:
dist: 3.8378504300767657 vs. 3.8378504300767657
--------
nle(id0,id1,dist): 11 15 1.9285753276017261
list:
dist: 1.9285753276017261 vs. 1.9285753276017261
--------
nle(id0,id1,dist): 11 14 2.4217885809294284
list:
dist: 2.4217885809294284 vs. 2.4217885809294284
--------
nle(id0,id1,dist): 11 17 1.7363935781500974
list:
dist: 1.7363935781500974 vs. 1.7363935781500974
--------
nle(id0,id1,dist): 11 16 2.8706016600283424
list:
dist: 2.8706016600283424 vs. 2.8706016600283424
--------
nle(id0,id1,dist): 11 13 2.281686560622494
list:
dist: 2.281686560622494 vs. 2.281686560622494
--------
nle(id0,id1,dist): 11 12 2.3919766260215996
list:
dist: 2.3919766260215996 vs. 2.3919766260215996
--------
nle(id0,id1,dist): 13 26 1.6379654086715105
list:
dist: 1.6379654086715105 vs. 1.6379654086715105
--------
nle(id0,id1,dist): 13 27 1.555472671230227
list:
dist: 1.555472671230227 vs. 1.555472671230227
--------
nle(id0,id1,dist): 13 24 1.956911059016427
list:
dist: 1.956911059016427 vs. 1.956911059016427
--------
nle(id0,id1,dist): 13 25 1.1339495154542236
list:
dist: 1.1339495154542236 vs. 1.1339495154542236
--------
nle(id0,id1,dist): 13 29 0.9496290358556971
list:
dist: 0.9496290358556971 vs. 0.9496290358556971
--------
nle(id0,id1,dist): 13 18 3.8269625700190044
list:
dist: 3.8269625700190044 vs. 3.8269625700190044
--------
nle(id0,id1,dist): 13 19 0.6422135590568614
list:
dist: 0.6422135590568614 vs. 0.6422135590568614
--------
nle(id0,id1,dist): 13 16 2.2594371861699982
list:
dist: 2.2594371861699982 vs. 2.2594371861699982
--------
nle(id0,id1,dist): 13 17 1.035097854559321
list:
dist: 1.035097854559321 vs. 1.035097854559321
--------
nle(id0,id1,dist): 13 22 0.9524996489160786
list:
dist: 0.9524996489160786 vs. 0.9524996489160786
--------
nle(id0,id1,dist): 13 23 3.03536764215762
list:
dist: 3.03536764215762 vs. 3.03536764215762
--------
nle(id0,id1,dist): 13 20 2.1807463553386146
list:
dist: 2.1807463553386146 vs. 2.1807463553386146
--------
nle(id0,id1,dist): 13 21 1.400759025154573
list:
dist: 1.400759025154573 vs. 1.400759025154573
--------
nle(id0,id1,dist): 13 15 1.144609850766184
list:
dist: 1.144609850766184 vs. 1.144609850766184
--------
nle(id0,id1,dist): 13 14 1.8325851873562016
list:
dist: 1.8325851873562016 vs. 1.8325851873562016
--------
nle(id0,id1,dist): 12 21 3.2383537440954258
list:
dist: 3.2383537440954258 vs. 3.2383537440954258
--------
nle(id0,id1,dist): 12 25 2.7131631167373564
list:
dist: 2.7131631167373564 vs. 2.7131631167373564
--------
nle(id0,id1,dist): 15 29 1.5905032075985581
list:
dist: 1.5905032075985581 vs. 1.5905032075985581
--------
nle(id0,id1,dist): 15 26 2.713616648231908
list:
dist: 2.713616648231908 vs. 2.713616648231908
--------
nle(id0,id1,dist): 15 27 2.4882952551810815
list:
dist: 2.4882952551810815 vs. 2.4882952551810815
--------
nle(id0,id1,dist): 15 24 3.048590671844257
list:
dist: 3.048590671844257 vs. 3.048590671844257
--------
nle(id0,id1,dist): 15 25 1.7544213868743332
list:
dist: 1.7544213868743332 vs. 1.7544213868743332
--------
nle(id0,id1,dist): 15 22 1.784388987481559
list:
dist: 1.784388987481559 vs. 1.784388987481559
--------
nle(id0,id1,dist): 15 23 2.7647956149077038
list:
dist: 2.7647956149077038 vs. 2.7647956149077038
--------
nle(id0,id1,dist): 15 21 2.0006784491888197
list:
dist: 2.0006784491888197 vs. 2.0006784491888197
--------
nle(id0,id1,dist): 15 20 2.0399011173349537
list:
dist: 2.0399011173349537 vs. 2.0399011173349537
--------
nle(id0,id1,dist): 15 19 0.5581564442470117
list:
dist: 0.5581564442470117 vs. 0.5581564442470117
--------
nle(id0,id1,dist): 15 18 3.4301499898512926
list:
dist: 3.4301499898512926 vs. 3.4301499898512926
--------
nle(id0,id1,dist): 15 17 0.4030749882388621
list:
dist: 0.4030749882388621 vs. 0.4030749882388621
--------
nle(id0,id1,dist): 15 16 1.3489100062092296
list:
dist: 1.3489100062092296 vs. 1.3489100062092296
--------
nle(id0,id1,dist): 14 16 1.0380354686159097
list:
dist: 1.0380354686159097 vs. 1.0380354686159097
--------
nle(id0,id1,dist): 14 15 0.7870030127095873
list:
dist: 0.7870030127095873 vs. 0.7870030127095873
--------
nle(id0,id1,dist): 14 18 2.8933163326196114
list:
dist: 2.8933163326196114 vs. 2.8933163326196114
--------
nle(id0,id1,dist): 14 17 1.0333792698459179
list:
dist: 1.0333792698459179 vs. 1.0333792698459179
--------
nle(id0,id1,dist): 14 23 2.346735724175739
list:
dist: 2.346735724175739 vs. 2.346735724175739
--------
nle(id0,id1,dist): 14 25 2.1682498657557066
list:
dist: 2.1682498657557066 vs. 2.1682498657557066
--------
nle(id0,id1,dist): 14 20 1.7995238178319812
list:
dist: 1.7995238178319812 vs. 1.7995238178319812
--------
nle(id0,id1,dist): 14 19 1.248671100014652
list:
dist: 1.248671100014652 vs. 1.248671100014652
--------
nle(id0,id1,dist): 14 21 2.292787379893942
list:
dist: 2.292787379893942 vs. 2.292787379893942
--------
nle(id0,id1,dist): 17 18 3.620215547451636
list:
dist: 3.620215547451636 vs. 3.620215547451636
--------
nle(id0,id1,dist): 17 19 0.6478888410425687
list:
dist: 0.6478888410425687 vs. 0.6478888410425687
--------
nle(id0,id1,dist): 17 22 1.7391256085331033
list:
dist: 1.7391256085331033 vs. 1.7391256085331033
--------
nle(id0,id1,dist): 17 23 2.9224894328772617
list:
dist: 2.9224894328772617 vs. 2.9224894328772617
--------
nle(id0,id1,dist): 17 20 2.118521618117388
list:
dist: 2.118521618117388 vs. 2.118521618117388
--------
nle(id0,id1,dist): 17 21 1.8514720272999874
list:
dist: 1.8514720272999874 vs. 1.8514720272999874
--------
nle(id0,id1,dist): 17 26 2.5496096989229735
list:
dist: 2.5496096989229735 vs. 2.5496096989229735
--------
nle(id0,id1,dist): 17 27 2.1937158012615825
list:
dist: 2.1937158012615825 vs. 2.1937158012615825
--------
nle(id0,id1,dist): 17 24 2.90773084537356
list:
dist: 2.90773084537356 vs. 2.90773084537356
--------
nle(id0,id1,dist): 17 25 1.863710694836724
list:
dist: 1.863710694836724 vs. 1.863710694836724
--------
nle(id0,id1,dist): 16 17 1.7417598908446985
list:
dist: 1.7417598908446985 vs. 1.7417598908446985
--------
nle(id0,id1,dist): 16 18 3.0205833087319753
list:
dist: 3.0205833087319753 vs. 3.0205833087319753
--------
nle(id0,id1,dist): 16 19 1.634327891513319
list:
dist: 1.634327891513319 vs. 1.634327891513319
--------
nle(id0,id1,dist): 16 20 2.3129396844478163
list:
dist: 2.3129396844478163 vs. 2.3129396844478163
--------
nle(id0,id1,dist): 16 21 2.953515694887492
list:
dist: 2.953515694887492 vs. 2.953515694887492
--------
nle(id0,id1,dist): 16 23 2.603987317411775
list:
dist: 2.603987317411775 vs. 2.603987317411775
--------
nle(id0,id1,dist): 16 25 2.2620542710073597
list:
dist: 2.2620542710073597 vs. 2.2620542710073597
--------
nle(id0,id1,dist): 1 2 2.0905777042414946
list:
dist: 2.0905777042414946 vs. 2.0905777042414946
--------
nle(id0,id1,dist): 1 5 1.6618616247429736
list:
dist: 1.6618616247429736 vs. 1.6618616247429736
--------
nle(id0,id1,dist): 1 6 3.087827427257865
list:
dist: 3.087827427257865 vs. 3.087827427257865
--------
nle(id0,id1,dist): 1 7 1.3210147241820571
list:
dist: 1.3210147241820571 vs. 1.3210147241820571
--------
nle(id0,id1,dist): 1 9 2.2572538146328154
list:
dist: 2.2572538146328154 vs. 2.2572538146328154
--------
nle(id0,id1,dist): 2 5 0.7505434436395635
list:
dist: 0.7505434436395635 vs. 0.7505434436395635
--------
nle(id0,id1,dist): 2 6 1.7057024311292162
list:
dist: 1.7057024311292162 vs. 1.7057024311292162
--------
nle(id0,id1,dist): 2 3 2.5339907213187227
list:
dist: 2.5339907213187227 vs. 2.5339907213187227
--------
nle(id0,id1,dist): 2 4 2.1353524250807774
list:
dist: 2.1353524250807774 vs. 2.1353524250807774
--------
nle(id0,id1,dist): 1 14 2.6176445955538927
list:
dist: 2.6176445955538927 vs. 2.6176445955538927
--------
nle(id0,id1,dist): 1 12 2.631583697773247
list:
dist: 2.631583697773247 vs. 2.631583697773247
--------
nle(id0,id1,dist): 1 18 2.4693539943368976
list:
dist: 2.4693539943368976 vs. 2.4693539943368976
--------
nle(id0,id1,dist): 1 16 2.4938622963662738
list:
dist: 2.4938622963662738 vs. 2.4938622963662738
--------
nle(id0,id1,dist): 1 23 2.746757143318424
list:
dist: 2.746757143318424 vs. 2.746757143318424
--------
nle(id0,id1,dist): 2 25 4.178197114236087
list:
dist: 4.178197114236087 vs. 4.178197114236087
--------
nle(id0,id1,dist): 2 12 1.5745888215872517
list:
dist: 1.5745888215872517 vs. 1.5745888215872517
--------
nle(id0,id1,dist): 2 11 3.2044760691453824
list:
dist: 3.2044760691453824 vs. 3.2044760691453824
--------
nle(id0,id1,dist): 2 14 2.135344887670729
list:
dist: 2.135344887670729 vs. 2.135344887670729
--------
nle(id0,id1,dist): 2 13 3.8188833374448827
list:
dist: 3.8188833374448827 vs. 3.8188833374448827
--------
nle(id0,id1,dist): 2 8 2.4312725056491384
list:
dist: 2.4312725056491384 vs. 2.4312725056491384
--------
nle(id0,id1,dist): 2 7 1.26672734224874
list:
dist: 1.26672734224874 vs. 1.26672734224874
--------
nle(id0,id1,dist): 2 10 2.762867626275152
list:
dist: 2.762867626275152 vs. 2.762867626275152
--------
nle(id0,id1,dist): 2 9 1.1400912993688446
list:
dist: 1.1400912993688446 vs. 1.1400912993688446
--------
nle(id0,id1,dist): 2 20 3.67089500695108
list:
dist: 3.67089500695108 vs. 3.67089500695108
--------
nle(id0,id1,dist): 2 19 3.203275143675802
list:
dist: 3.203275143675802 vs. 3.203275143675802
--------
nle(id0,id1,dist): 2 21 4.404918236563217
list:
dist: 4.404918236563217 vs. 4.404918236563217
--------
nle(id0,id1,dist): 2 16 2.053989458465427
list:
dist: 2.053989458465427 vs. 2.053989458465427
--------
nle(id0,id1,dist): 2 15 2.6757743905432934
list:
dist: 2.6757743905432934 vs. 2.6757743905432934
--------
nle(id0,id1,dist): 2 17 2.884642429390882
list:
dist: 2.884642429390882 vs. 2.884642429390882
--------
nle(id0,id1,dist): 3 29 3.603083783674899
list:
dist: 3.603083783674899 vs. 3.603083783674899
--------
nle(id0,id1,dist): 3 9 2.581943808402565
list:
dist: 2.581943808402565 vs. 2.581943808402565
--------
nle(id0,id1,dist): 3 8 2.2956307017098747
list:
dist: 2.2956307017098747 vs. 2.2956307017098747
--------
nle(id0,id1,dist): 3 7 3.546887216391724
list:
dist: 3.546887216391724 vs. 3.546887216391724
--------
nle(id0,id1,dist): 3 6 2.0822350971481827
list:
dist: 2.0822350971481827 vs. 2.0822350971481827
--------
nle(id0,id1,dist): 3 5 2.9529546249091108
list:
dist: 2.9529546249091108 vs. 2.9529546249091108
--------
nle(id0,id1,dist): 3 4 1.5914573714234908
list:
dist: 1.5914573714234908 vs. 1.5914573714234908
--------
nle(id0,id1,dist): 3 12 2.690909828901024
list:
dist: 2.690909828901024 vs. 2.690909828901024
--------
nle(id0,id1,dist): 3 11 1.9832667612008155
list:
dist: 1.9832667612008155 vs. 1.9832667612008155
--------
nle(id0,id1,dist): 3 10 2.6374407729351588
list:
dist: 2.6374407729351588 vs. 2.6374407729351588
--------
nle(id0,id1,dist): 37 48 1.4606579062132954
list:
dist: 1.4606579062132954 vs. 1.4606579062132954
--------
nle(id0,id1,dist): 37 49 1.7852638252202384
list:
dist: 1.7852638252202384 vs. 1.7852638252202384
--------
nle(id0,id1,dist): 37 55 2.060295224953604
list:
dist: 2.060295224953604 vs. 2.060295224953604
--------
nle(id0,id1,dist): 37 46 2.4752636356188535
list:
dist: 2.4752636356188535 vs. 2.4752636356188535
--------
nle(id0,id1,dist): 37 39 2.530078558488046
list:
dist: 2.530078558488046 vs. 2.530078558488046
--------
nle(id0,id1,dist): 37 38 2.514937898560044
list:
dist: 2.514937898560044 vs. 2.514937898560044
--------
nle(id0,id1,dist): 36 55 2.760544880012491
list:
dist: 2.760544880012491 vs. 2.760544880012491
--------
nle(id0,id1,dist): 36 56 3.384533796933142
list:
dist: 3.384533796933142 vs. 3.384533796933142
--------
nle(id0,id1,dist): 36 54 1.624309777398725
list:
dist: 1.624309777398725 vs. 1.624309777398725
--------
nle(id0,id1,dist): 36 59 3.0730900120799203
list:
dist: 3.0730900120799203 vs. 3.0730900120799203
--------
nle(id0,id1,dist): 36 57 3.2142000574784975
list:
dist: 3.2142000574784975 vs. 3.2142000574784975
--------
nle(id0,id1,dist): 36 47 2.7968152318924466
list:
dist: 2.7968152318924466 vs. 2.7968152318924466
--------
nle(id0,id1,dist): 36 48 3.0681586013047144
list:
dist: 3.0681586013047144 vs. 3.0681586013047144
--------
nle(id0,id1,dist): 36 46 0.9682786978210077
list:
dist: 0.9682786978210077 vs. 0.9682786978210077
--------
nle(id0,id1,dist): 36 51 4.020315430346978
list:
dist: 4.020315430346978 vs. 4.020315430346978
--------
nle(id0,id1,dist): 36 52 3.430614956338314
list:
dist: 3.430614956338314 vs. 3.430614956338314
--------
nle(id0,id1,dist): 36 49 2.3183472307216983
list:
dist: 2.3183472307216983 vs. 2.3183472307216983
--------
nle(id0,id1,dist): 36 50 2.1981994761822397
list:
dist: 2.1981994761822397 vs. 2.1981994761822397
--------
nle(id0,id1,dist): 36 40 1.274814109082061
list:
dist: 1.274814109082061 vs. 1.274814109082061
--------
nle(id0,id1,dist): 36 39 2.123216114533784
list:
dist: 2.123216114533784 vs. 2.123216114533784
--------
nle(id0,id1,dist): 36 38 1.2560882828880486
list:
dist: 1.2560882828880486 vs. 1.2560882828880486
--------
nle(id0,id1,dist): 36 44 2.9547514935750843
list:
dist: 2.9547514935750843 vs. 2.9547514935750843
--------
nle(id0,id1,dist): 36 43 2.3134621632556716
list:
dist: 2.3134621632556716 vs. 2.3134621632556716
--------
nle(id0,id1,dist): 36 42 1.9250577368889903
list:
dist: 1.9250577368889903 vs. 1.9250577368889903
--------
nle(id0,id1,dist): 36 41 3.382398321647293
list:
dist: 3.382398321647293 vs. 3.382398321647293
--------
nle(id0,id1,dist): 35 58 1.5715561310244281
list:
dist: 1.5715561310244281 vs. 1.5715561310244281
--------
nle(id0,id1,dist): 35 59 2.8649820336498824
list:
dist: 2.8649820336498824 vs. 2.8649820336498824
--------
nle(id0,id1,dist): 35 54 1.8421865254909051
list:
dist: 1.8421865254909051 vs. 1.8421865254909051
--------
nle(id0,id1,dist): 35 55 0.7792312787934678
list:
dist: 0.7792312787934678 vs. 0.7792312787934678
--------
nle(id0,id1,dist): 35 56 3.200026332738154
list:
dist: 3.200026332738154 vs. 3.200026332738154
--------
nle(id0,id1,dist): 35 57 2.129197774705459
list:
dist: 2.129197774705459 vs. 2.129197774705459
--------
nle(id0,id1,dist): 35 50 2.130803682790204
list:
dist: 2.130803682790204 vs. 2.130803682790204
--------
nle(id0,id1,dist): 35 52 3.043746650001848
list:
dist: 3.043746650001848 vs. 3.043746650001848
--------
nle(id0,id1,dist): 35 47 2.106496556100251
list:
dist: 2.106496556100251 vs. 2.106496556100251
--------
nle(id0,id1,dist): 35 46 2.3973283700812704
list:
dist: 2.3973283700812704 vs. 2.3973283700812704
--------
nle(id0,id1,dist): 35 49 1.6323932463142428
list:
dist: 1.6323932463142428 vs. 1.6323932463142428
--------
nle(id0,id1,dist): 35 48 1.1999706987780927
list:
dist: 1.1999706987780927 vs. 1.1999706987780927
--------
nle(id0,id1,dist): 35 43 3.4222088023386474
list:
dist: 3.4222088023386474 vs. 3.4222088023386474
--------
nle(id0,id1,dist): 35 42 2.671503731951007
list:
dist: 2.671503731951007 vs. 2.671503731951007
--------
nle(id0,id1,dist): 35 39 1.0643473973932267
list:
dist: 1.0643473973932267 vs. 1.0643473973932267
--------
nle(id0,id1,dist): 35 38 1.1850919158080586
list:
dist: 1.1850919158080586 vs. 1.1850919158080586
--------
nle(id0,id1,dist): 35 40 3.064952189189721
list:
dist: 3.064952189189721 vs. 3.064952189189721
--------
nle(id0,id1,dist): 35 37 2.1703958086626285
list:
dist: 2.1703958086626285 vs. 2.1703958086626285
--------
nle(id0,id1,dist): 35 36 2.398646325263515
list:
dist: 2.398646325263515 vs. 2.398646325263515
--------
nle(id0,id1,dist): 34 59 2.941066295722154
list:
dist: 2.941066295722154 vs. 2.941066295722154
--------
nle(id0,id1,dist): 34 57 2.512548698756712
list:
dist: 2.512548698756712 vs. 2.512548698756712
--------
nle(id0,id1,dist): 34 55 2.3392352420788702
list:
dist: 2.3392352420788702 vs. 2.3392352420788702
--------
nle(id0,id1,dist): 34 56 2.73679449119939
list:
dist: 2.73679449119939 vs. 2.73679449119939
--------
nle(id0,id1,dist): 34 54 1.6428747871979341
list:
dist: 1.6428747871979341 vs. 1.6428747871979341
--------
nle(id0,id1,dist): 34 52 2.237441045166891
list:
dist: 2.237441045166891 vs. 2.237441045166891
--------
nle(id0,id1,dist): 34 51 3.5375721016663624
list:
dist: 3.5375721016663624 vs. 3.5375721016663624
--------
nle(id0,id1,dist): 34 50 0.9059875898579817
list:
dist: 0.9059875898579817 vs. 0.9059875898579817
--------
nle(id0,id1,dist): 34 49 1.3071925465847993
list:
dist: 1.3071925465847993 vs. 1.3071925465847993
--------
nle(id0,id1,dist): 34 48 2.6407387735462757
list:
dist: 2.6407387735462757 vs. 2.6407387735462757
--------
nle(id0,id1,dist): 34 47 1.264736937783894
list:
dist: 1.264736937783894 vs. 1.264736937783894
--------
nle(id0,id1,dist): 34 46 1.3309960220809987
list:
dist: 1.3309960220809987 vs. 1.3309960220809987
--------
nle(id0,id1,dist): 34 44 2.4797058069562157
list:
dist: 2.4797058069562157 vs. 2.4797058069562157
--------
nle(id0,id1,dist): 34 43 1.0880878042254356
list:
dist: 1.0880878042254356 vs. 1.0880878042254356
--------
nle(id0,id1,dist): 34 42 0.3186820684588974
list:
dist: 0.3186820684588974 vs. 0.3186820684588974
--------
nle(id0,id1,dist): 34 41 3.1903901910014087
list:
dist: 3.1903901910014087 vs. 3.1903901910014087
--------
nle(id0,id1,dist): 34 40 1.3621970478629088
list:
dist: 1.3621970478629088 vs. 1.3621970478629088
--------
nle(id0,id1,dist): 34 39 1.7447434848168213
list:
dist: 1.7447434848168213 vs. 1.7447434848168213
--------
nle(id0,id1,dist): 34 36 2.1014703594551323
list:
dist: 2.1014703594551323 vs. 2.1014703594551323
--------
nle(id0,id1,dist): 34 35 2.619442095163244
list:
dist: 2.619442095163244 vs. 2.619442095163244
--------
nle(id0,id1,dist): 34 38 2.120157197151577
list:
dist: 2.120157197151577 vs. 2.120157197151577
--------
nle(id0,id1,dist): 33 46 1.934587566017936
list:
dist: 1.934587566017936 vs. 1.934587566017936
--------
nle(id0,id1,dist): 33 49 2.9365202094640264
list:
dist: 2.9365202094640264 vs. 2.9365202094640264
--------
nle(id0,id1,dist): 33 34 1.7740427052351395
list:
dist: 1.7740427052351395 vs. 1.7740427052351395
--------
nle(id0,id1,dist): 33 36 2.5619790417585735
list:
dist: 2.5619790417585735 vs. 2.5619790417585735
--------
nle(id0,id1,dist): 33 43 1.3440601539687356
list:
dist: 1.3440601539687356 vs. 1.3440601539687356
--------
nle(id0,id1,dist): 33 42 1.661901171884631
list:
dist: 1.661901171884631 vs. 1.661901171884631
--------
nle(id0,id1,dist): 33 41 2.13172044383048
list:
dist: 2.13172044383048 vs. 2.13172044383048
--------
nle(id0,id1,dist): 33 40 1.2977890388503663
list:
dist: 1.2977890388503663 vs. 1.2977890388503663
--------
nle(id0,id1,dist): 32 51 4.5363419386092705
list:
dist: 4.5363419386092705 vs. 4.5363419386092705
--------
nle(id0,id1,dist): 32 52 3.695812452140861
list:
dist: 3.695812452140861 vs. 3.695812452140861
--------
nle(id0,id1,dist): 32 49 2.381272292046719
list:
dist: 2.381272292046719 vs. 2.381272292046719
--------
nle(id0,id1,dist): 32 50 2.3543582855230785
list:
dist: 2.3543582855230785 vs. 2.3543582855230785
--------
nle(id0,id1,dist): 32 55 3.3817513693876666
list:
dist: 3.3817513693876666 vs. 3.3817513693876666
--------
nle(id0,id1,dist): 32 56 3.9485689804203057
list:
dist: 3.9485689804203057 vs. 3.9485689804203057
--------
nle(id0,id1,dist): 32 54 2.4806062970762883
list:
dist: 2.4806062970762883 vs. 2.4806062970762883
--------
nle(id0,id1,dist): 32 59 3.9581452182641494
list:
dist: 3.9581452182641494 vs. 3.9581452182641494
--------
nle(id0,id1,dist): 32 57 3.882503007658923
list:
dist: 3.882503007658923 vs. 3.882503007658923
--------
nle(id0,id1,dist): 32 38 2.490712847420402
list:
dist: 2.490712847420402 vs. 2.490712847420402
--------
nle(id0,id1,dist): 32 40 0.7036310504196033
list:
dist: 0.7036310504196033 vs. 0.7036310504196033
--------
nle(id0,id1,dist): 32 39 2.8293134245281726
list:
dist: 2.8293134245281726 vs. 2.8293134245281726
--------
nle(id0,id1,dist): 32 34 1.6383539755768601
list:
dist: 1.6383539755768601 vs. 1.6383539755768601
--------
nle(id0,id1,dist): 32 33 1.1857342556512735
list:
dist: 1.1857342556512735 vs. 1.1857342556512735
--------
nle(id0,id1,dist): 32 36 1.6351777035446413
list:
dist: 1.6351777035446413 vs. 1.6351777035446413
--------
nle(id0,id1,dist): 32 35 3.3616940817800085
list:
dist: 3.3616940817800085 vs. 3.3616940817800085
--------
nle(id0,id1,dist): 32 46 0.9814154653779401
list:
dist: 0.9814154653779401 vs. 0.9814154653779401
--------
nle(id0,id1,dist): 32 48 3.510228734201271
list:
dist: 3.510228734201271 vs. 3.510228734201271
--------
nle(id0,id1,dist): 32 47 2.826645530626494
list:
dist: 2.826645530626494 vs. 2.826645530626494
--------
nle(id0,id1,dist): 32 42 1.5455749740101505
list:
dist: 1.5455749740101505 vs. 1.5455749740101505
--------
nle(id0,id1,dist): 32 41 2.8621459725199103
list:
dist: 2.8621459725199103 vs. 2.8621459725199103
--------
nle(id0,id1,dist): 32 44 3.3473781127305817
list:
dist: 3.3473781127305817 vs. 3.3473781127305817
--------
nle(id0,id1,dist): 32 43 1.761359526519932
list:
dist: 1.761359526519932 vs. 1.761359526519932
--------
nle(id0,id1,dist): 31 59 3.968636846434476
list:
dist: 3.968636846434476 vs. 3.968636846434476
--------
nle(id0,id1,dist): 31 54 2.343122188790307
list:
dist: 2.343122188790307 vs. 2.343122188790307
--------
nle(id0,id1,dist): 31 55 2.614257669982677
list:
dist: 2.614257669982677 vs. 2.614257669982677
--------
nle(id0,id1,dist): 31 56 4.0529967313843285
list:
dist: 4.0529967313843285 vs. 4.0529967313843285
--------
nle(id0,id1,dist): 31 57 3.6138190499774776
list:
dist: 3.6138190499774776 vs. 3.6138190499774776
--------
nle(id0,id1,dist): 31 43 2.368047363462735
list:
dist: 2.368047363462735 vs. 2.368047363462735
--------
nle(id0,id1,dist): 31 42 1.739189782243368
list:
dist: 1.739189782243368 vs. 1.739189782243368
--------
nle(id0,id1,dist): 31 40 1.3830372706690073
list:
dist: 1.3830372706690073 vs. 1.3830372706690073
--------
nle(id0,id1,dist): 31 39 2.3152686313567044
list:
dist: 2.3152686313567044 vs. 2.3152686313567044
--------
nle(id0,id1,dist): 31 38 1.93848354662397
list:
dist: 1.93848354662397 vs. 1.93848354662397
--------
nle(id0,id1,dist): 29 127 4.187196752540227
list:
dist: 4.187196752540227 vs. 4.187196752540227
--------
nle(id0,id1,dist): 31 52 3.7402489976958293
list:
dist: 3.7402489976958293 vs. 3.7402489976958293
--------
nle(id0,id1,dist): 31 50 2.2385156420720067
list:
dist: 2.2385156420720067 vs. 2.2385156420720067
--------
nle(id0,id1,dist): 31 49 1.7206057132107921
list:
dist: 1.7206057132107921 vs. 1.7206057132107921
--------
nle(id0,id1,dist): 31 48 2.584368817748188
list:
dist: 2.584368817748188 vs. 2.584368817748188
--------
nle(id0,id1,dist): 31 47 2.5154192597109706
list:
dist: 2.5154192597109706 vs. 2.5154192597109706
--------
nle(id0,id1,dist): 31 46 0.7735504675691051
list:
dist: 0.7735504675691051 vs. 0.7735504675691051
--------
nle(id0,id1,dist): 31 36 1.5226121495183331
list:
dist: 1.5226121495183331 vs. 1.5226121495183331
--------
nle(id0,id1,dist): 31 37 1.9658237712041813
list:
dist: 1.9658237712041813 vs. 1.9658237712041813
--------
nle(id0,id1,dist): 31 34 1.6977130889705627
list:
dist: 1.6977130889705627 vs. 1.6977130889705627
--------
nle(id0,id1,dist): 31 35 2.5666604269557918
list:
dist: 2.5666604269557918 vs. 2.5666604269557918
--------
nle(id0,id1,dist): 31 32 1.1133033649790907
list:
dist: 1.1133033649790907 vs. 1.1133033649790907
--------
nle(id0,id1,dist): 31 33 2.1789571130873737
list:
dist: 2.1789571130873737 vs. 2.1789571130873737
--------
nle(id0,id1,dist): 43 59 2.840356986122187
list:
dist: 2.840356986122187 vs. 2.840356986122187
--------
nle(id0,id1,dist): 44 47 2.625478794559161
list:
dist: 2.625478794559161 vs. 2.625478794559161
--------
nle(id0,id1,dist): 44 51 1.1944874672821877
list:
dist: 1.1944874672821877 vs. 1.1944874672821877
--------
nle(id0,id1,dist): 44 52 1.5551719476022292
list:
dist: 1.5551719476022292 vs. 1.5551719476022292
--------
nle(id0,id1,dist): 44 50 2.012424563727471
list:
dist: 2.012424563727471 vs. 2.012424563727471
--------
nle(id0,id1,dist): 43 50 1.4819511974557358
list:
dist: 1.4819511974557358 vs. 1.4819511974557358
--------
nle(id0,id1,dist): 43 51 3.030032123094973
list:
dist: 3.030032123094973 vs. 3.030032123094973
--------
nle(id0,id1,dist): 43 52 2.251515233885988
list:
dist: 2.251515233885988 vs. 2.251515233885988
--------
nle(id0,id1,dist): 43 54 1.9056371209818228
list:
dist: 1.9056371209818228 vs. 1.9056371209818228
--------
nle(id0,id1,dist): 43 55 3.2467105522304704
list:
dist: 3.2467105522304704 vs. 3.2467105522304704
--------
nle(id0,id1,dist): 43 56 2.5539036991420097
list:
dist: 2.5539036991420097 vs. 2.5539036991420097
--------
nle(id0,id1,dist): 43 57 2.8784545754478725
list:
dist: 2.8784545754478725 vs. 2.8784545754478725
--------
nle(id0,id1,dist): 43 44 1.8982235889439172
list:
dist: 1.8982235889439172 vs. 1.8982235889439172
--------
nle(id0,id1,dist): 43 46 1.8105383784417715
list:
dist: 1.8105383784417715 vs. 1.8105383784417715
--------
nle(id0,id1,dist): 43 47 2.0674666691082155
list:
dist: 2.0674666691082155 vs. 2.0674666691082155
--------
nle(id0,id1,dist): 43 48 3.6594969722959134
list:
dist: 3.6594969722959134 vs. 3.6594969722959134
--------
nle(id0,id1,dist): 43 49 2.3585860928030713
list:
dist: 2.3585860928030713 vs. 2.3585860928030713
--------
nle(id0,id1,dist): 42 46 1.2442295988905219
list:
dist: 1.2442295988905219 vs. 1.2442295988905219
--------
nle(id0,id1,dist): 42 44 2.242300393323082
list:
dist: 2.242300393323082 vs. 2.242300393323082
--------
nle(id0,id1,dist): 42 43 0.8540919953807216
list:
dist: 0.8540919953807216 vs. 0.8540919953807216
--------
nle(id0,id1,dist): 42 59 2.7747314597585704
list:
dist: 2.7747314597585704 vs. 2.7747314597585704
--------
nle(id0,id1,dist): 42 57 2.498657686429937
list:
dist: 2.498657686429937 vs. 2.498657686429937
--------
nle(id0,id1,dist): 42 55 2.466382907574129
list:
dist: 2.466382907574129 vs. 2.466382907574129
--------
nle(id0,id1,dist): 42 56 2.596770924989685
list:
dist: 2.596770924989685 vs. 2.596770924989685
--------
nle(id0,id1,dist): 42 54 1.4839394811377289
list:
dist: 1.4839394811377289 vs. 1.4839394811377289
--------
nle(id0,id1,dist): 42 51 3.3416408897972465
list:
dist: 3.3416408897972465 vs. 3.3416408897972465
--------
nle(id0,id1,dist): 42 52 2.1884448425760588
list:
dist: 2.1884448425760588 vs. 2.1884448425760588
--------
nle(id0,id1,dist): 42 49 1.516974985310218
list:
dist: 1.516974985310218 vs. 1.516974985310218
--------
nle(id0,id1,dist): 42 50 0.9040082874029801
list:
dist: 0.9040082874029801 vs. 0.9040082874029801
--------
nle(id0,id1,dist): 42 47 1.4377355363908737
list:
dist: 1.4377355363908737 vs. 1.4377355363908737
--------
nle(id0,id1,dist): 42 48 2.823619997514366
list:
dist: 2.823619997514366 vs. 2.823619997514366
--------
nle(id0,id1,dist): 41 51 3.57687529238028
list:
dist: 3.57687529238028 vs. 3.57687529238028
--------
nle(id0,id1,dist): 41 50 3.5170821741346385
list:
dist: 3.5170821741346385 vs. 3.5170821741346385
--------
nle(id0,id1,dist): 41 44 2.6799421907702783
list:
dist: 2.6799421907702783 vs. 2.6799421907702783
--------
nle(id0,id1,dist): 41 47 4.185112590511829
list:
dist: 4.185112590511829 vs. 4.185112590511829
--------
nle(id0,id1,dist): 41 43 2.152658327961411
list:
dist: 2.152658327961411 vs. 2.152658327961411
--------
nle(id0,id1,dist): 41 42 2.925310023638701
list:
dist: 2.925310023638701 vs. 2.925310023638701
--------
nle(id0,id1,dist): 41 56 3.765894705492229
list:
dist: 3.765894705492229 vs. 3.765894705492229
--------
nle(id0,id1,dist): 41 57 4.606244659162106
list:
dist: 4.606244659162106 vs. 4.606244659162106
--------
nle(id0,id1,dist): 41 59 3.9631141100358427
list:
dist: 3.9631141100358427 vs. 3.9631141100358427
--------
nle(id0,id1,dist): 41 52 3.8595314566501955
list:
dist: 3.8595314566501955 vs. 3.8595314566501955
--------
nle(id0,id1,dist): 41 54 3.4989104382191996
list:
dist: 3.4989104382191996 vs. 3.4989104382191996
--------
nle(id0,id1,dist): 40 43 1.3035570160192946
list:
dist: 1.3035570160192946 vs. 1.3035570160192946
--------
nle(id0,id1,dist): 40 44 2.674858863963074
list:
dist: 2.674858863963074 vs. 2.674858863963074
--------
nle(id0,id1,dist): 40 41 2.524434068535184
list:
dist: 2.524434068535184 vs. 2.524434068535184
--------
nle(id0,id1,dist): 40 42 1.1528018055011595
list:
dist: 1.1528018055011595 vs. 1.1528018055011595
--------
nle(id0,id1,dist): 40 47 2.5033536254188196
list:
dist: 2.5033536254188196 vs. 2.5033536254188196
--------
nle(id0,id1,dist): 40 48 3.396141612029127
list:
dist: 3.396141612029127 vs. 3.396141612029127
--------
nle(id0,id1,dist): 40 46 0.8030173141372962
list:
dist: 0.8030173141372962 vs. 0.8030173141372962
--------
nle(id0,id1,dist): 40 51 3.8625463194605687
list:
dist: 3.8625463194605687 vs. 3.8625463194605687
--------
nle(id0,id1,dist): 40 52 3.1421059835534098
list:
dist: 3.1421059835534098 vs. 3.1421059835534098
--------
nle(id0,id1,dist): 40 49 2.231299891461292
list:
dist: 2.231299891461292 vs. 2.231299891461292
--------
nle(id0,id1,dist): 40 50 1.8937550902215077
list:
dist: 1.8937550902215077 vs. 1.8937550902215077
--------
nle(id0,id1,dist): 40 55 3.1171912606649155
list:
dist: 3.1171912606649155 vs. 3.1171912606649155
--------
nle(id0,id1,dist): 40 56 3.3036254600292634
list:
dist: 3.3036254600292634 vs. 3.3036254600292634
--------
nle(id0,id1,dist): 40 54 1.8857119001326217
list:
dist: 1.8857119001326217 vs. 1.8857119001326217
--------
nle(id0,id1,dist): 40 59 3.2899893391549124
list:
dist: 3.2899893391549124 vs. 3.2899893391549124
--------
nle(id0,id1,dist): 40 57 3.3456784778800364
list:
dist: 3.3456784778800364 vs. 3.3456784778800364
--------
nle(id0,id1,dist): 39 46 1.9357341752778245
list:
dist: 1.9357341752778245 vs. 1.9357341752778245
--------
nle(id0,id1,dist): 39 47 1.2033829070736168
list:
dist: 1.2033829070736168 vs. 1.2033829070736168
--------
nle(id0,id1,dist): 39 48 1.6119949020484448
list:
dist: 1.6119949020484448 vs. 1.6119949020484448
--------
nle(id0,id1,dist): 39 49 1.1343836239182885
list:
dist: 1.1343836239182885 vs. 1.1343836239182885
--------
nle(id0,id1,dist): 39 50 1.0914188235979285
list:
dist: 1.0914188235979285 vs. 1.0914188235979285
--------
nle(id0,id1,dist): 39 52 2.0643922844531075
list:
dist: 2.0643922844531075 vs. 2.0643922844531075
--------
nle(id0,id1,dist): 39 54 1.0214223588129616
list:
dist: 1.0214223588129616 vs. 1.0214223588129616
--------
nle(id0,id1,dist): 39 55 0.9386293192202424
list:
dist: 0.9386293192202424 vs. 0.9386293192202424
--------
nle(id0,id1,dist): 39 56 2.3217425581711666
list:
dist: 2.3217425581711666 vs. 2.3217425581711666
--------
nle(id0,id1,dist): 39 57 1.4114459986171322
list:
dist: 1.4114459986171322 vs. 1.4114459986171322
--------
nle(id0,id1,dist): 39 58 1.5393784332219025
list:
dist: 1.5393784332219025 vs. 1.5393784332219025
--------
nle(id0,id1,dist): 39 59 2.1660547425609065
list:
dist: 2.1660547425609065 vs. 2.1660547425609065
--------
nle(id0,id1,dist): 38 57 2.3116346681641877
list:
dist: 2.3116346681641877 vs. 2.3116346681641877
--------
nle(id0,id1,dist): 38 58 2.1237744195836137
list:
dist: 2.1237744195836137 vs. 2.1237744195836137
--------
nle(id0,id1,dist): 38 55 1.6535546584126806
list:
dist: 1.6535546584126806 vs. 1.6535546584126806
--------
nle(id0,id1,dist): 38 56 2.9087941139970277
list:
dist: 2.9087941139970277 vs. 2.9087941139970277
--------
nle(id0,id1,dist): 38 54 1.1284240472408604
list:
dist: 1.1284240472408604 vs. 1.1284240472408604
--------
nle(id0,id1,dist): 38 52 2.9072001806988252
list:
dist: 2.9072001806988252 vs. 2.9072001806988252
--------
nle(id0,id1,dist): 38 59 2.522782528922955
list:
dist: 2.522782528922955 vs. 2.522782528922955
--------
nle(id0,id1,dist): 39 43 2.4673810744758917
list:
dist: 2.4673810744758917 vs. 2.4673810744758917
--------
nle(id0,id1,dist): 39 42 1.7734521763873599
list:
dist: 1.7734521763873599 vs. 1.7734521763873599
--------
nle(id0,id1,dist): 39 40 2.4180913660776127
list:
dist: 2.4180913660776127 vs. 2.4180913660776127
--------
nle(id0,id1,dist): 38 40 2.0987462097813907
list:
dist: 2.0987462097813907 vs. 2.0987462097813907
--------
nle(id0,id1,dist): 38 39 1.1243118377639318
list:
dist: 1.1243118377639318 vs. 1.1243118377639318
--------
nle(id0,id1,dist): 38 42 2.046617417512182
list:
dist: 2.046617417512182 vs. 2.046617417512182
--------
nle(id0,id1,dist): 38 48 2.088819575901371
list:
dist: 2.088819575901371 vs. 2.088819575901371
--------
nle(id0,id1,dist): 38 47 2.178904464735139
list:
dist: 2.178904464735139 vs. 2.178904464735139
--------
nle(id0,id1,dist): 38 50 1.7858094674797083
list:
dist: 1.7858094674797083 vs. 1.7858094674797083
--------
nle(id0,id1,dist): 38 49 1.7191738892447959
list:
dist: 1.7191738892447959 vs. 1.7191738892447959
--------
nle(id0,id1,dist): 38 43 2.6771765043472624
list:
dist: 2.6771765043472624 vs. 2.6771765043472624
--------
nle(id0,id1,dist): 38 46 1.5213414876385787
list:
dist: 1.5213414876385787 vs. 1.5213414876385787
--------
nle(id0,id1,dist): 23 25 2.5236471700109755
list:
dist: 2.5236471700109755 vs. 2.5236471700109755
--------
nle(id0,id1,dist): 21 26 2.340526307190546
list:
dist: 2.340526307190546 vs. 2.340526307190546
--------
nle(id0,id1,dist): 21 27 2.024082603450659
list:
dist: 2.024082603450659 vs. 2.024082603450659
--------
nle(id0,id1,dist): 21 24 2.5700914655884985
list:
dist: 2.5700914655884985 vs. 2.5700914655884985
--------
nle(id0,id1,dist): 21 25 1.5111733533923344
list:
dist: 1.5111733533923344 vs. 1.5111733533923344
--------
nle(id0,id1,dist): 21 29 2.230294141268628
list:
dist: 2.230294141268628 vs. 2.230294141268628
--------
nle(id0,id1,dist): 21 23 2.3841011226034112
list:
dist: 2.3841011226034112 vs. 2.3841011226034112
--------
nle(id0,id1,dist): 21 22 2.2144586140660985
list:
dist: 2.2144586140660985 vs. 2.2144586140660985
--------
nle(id0,id1,dist): 22 27 1.5646880443417663
list:
dist: 1.5646880443417663 vs. 1.5646880443417663
--------
nle(id0,id1,dist): 22 29 0.6714119993948714
list:
dist: 0.6714119993948714 vs. 0.6714119993948714
--------
nle(id0,id1,dist): 22 24 1.418636469545538
list:
dist: 1.418636469545538 vs. 1.418636469545538
--------
nle(id0,id1,dist): 22 25 1.5037579223602726
list:
dist: 1.5037579223602726 vs. 1.5037579223602726
--------
nle(id0,id1,dist): 22 26 1.1511346777090432
list:
dist: 1.1511346777090432 vs. 1.1511346777090432
--------
nle(id0,id1,dist): 19 24 2.5412147587213982
list:
dist: 2.5412147587213982 vs. 2.5412147587213982
--------
nle(id0,id1,dist): 19 25 1.268392880020071
list:
dist: 1.268392880020071 vs. 1.268392880020071
--------
nle(id0,id1,dist): 19 22 1.3128423164623788
list:
dist: 1.3128423164623788 vs. 1.3128423164623788
--------
nle(id0,id1,dist): 19 23 2.7825719830777147
list:
dist: 2.7825719830777147 vs. 2.7825719830777147
--------
nle(id0,id1,dist): 19 20 2.003968318098693
list:
dist: 2.003968318098693 vs. 2.003968318098693
--------
nle(id0,id1,dist): 19 21 1.6987351438203417
list:
dist: 1.6987351438203417 vs. 1.6987351438203417
--------
nle(id0,id1,dist): 19 29 1.258837716152662
list:
dist: 1.258837716152662 vs. 1.258837716152662
--------
nle(id0,id1,dist): 19 26 2.227323173420383
list:
dist: 2.227323173420383 vs. 2.227323173420383
--------
nle(id0,id1,dist): 19 27 2.129576747416914
list:
dist: 2.129576747416914 vs. 2.129576747416914
--------
nle(id0,id1,dist): 20 29 3.10603324665603
list:
dist: 3.10603324665603 vs. 3.10603324665603
--------
nle(id0,id1,dist): 20 25 1.8763743987403974
list:
dist: 1.8763743987403974 vs. 1.8763743987403974
--------
nle(id0,id1,dist): 20 26 3.5750616958764194
list:
dist: 3.5750616958764194 vs. 3.5750616958764194
--------
nle(id0,id1,dist): 20 27 3.3653838622332186
list:
dist: 3.3653838622332186 vs. 3.3653838622332186
--------
nle(id0,id1,dist): 20 21 1.4901886095441028
list:
dist: 1.4901886095441028 vs. 1.4901886095441028
--------
nle(id0,id1,dist): 20 22 3.0455049700152346
list:
dist: 3.0455049700152346 vs. 3.0455049700152346
--------
nle(id0,id1,dist): 20 23 0.9438185779003753
list:
dist: 0.9438185779003753 vs. 0.9438185779003753
--------
nle(id0,id1,dist): 20 24 3.802805944944684
list:
dist: 3.802805944944684 vs. 3.802805944944684
--------
nle(id0,id1,dist): 18 21 3.213784810517913
list:
dist: 3.213784810517913 vs. 3.213784810517913
--------
nle(id0,id1,dist): 18 20 1.7584326337137297
list:
dist: 1.7584326337137297 vs. 1.7584326337137297
--------
nle(id0,id1,dist): 18 19 3.514433708230098
list:
dist: 3.514433708230098 vs. 3.514433708230098
--------
nle(id0,id1,dist): 17 29 1.4260826326523202
list:
dist: 1.4260826326523202 vs. 1.4260826326523202
--------
nle(id0,id1,dist): 18 23 0.8372822242961845
list:
dist: 0.8372822242961845 vs. 0.8372822242961845
--------
nle(id0,id1,dist): 18 25 3.2922322009608007
list:
dist: 3.2922322009608007 vs. 3.2922322009608007
--------
nle(id0,id1,dist): 27 127 3.2471591882554467
list:
dist: 3.2471591882554467 vs. 3.2471591882554467
--------
nle(id0,id1,dist): 30 42 2.4010810896630095
list:
dist: 2.4010810896630095 vs. 2.4010810896630095
--------
nle(id0,id1,dist): 30 40 2.285596232026271
list:
dist: 2.285596232026271 vs. 2.285596232026271
--------
nle(id0,id1,dist): 30 37 3.0013421301850873
list:
dist: 3.0013421301850873 vs. 3.0013421301850873
--------
nle(id0,id1,dist): 30 36 3.184538140570573
list:
dist: 3.184538140570573 vs. 3.184538140570573
--------
nle(id0,id1,dist): 30 34 2.264090238197643
list:
dist: 2.264090238197643 vs. 2.264090238197643
--------
nle(id0,id1,dist): 30 33 1.8343715263420168
list:
dist: 1.8343715263420168 vs. 1.8343715263420168
--------
nle(id0,id1,dist): 30 32 1.7117204646057518
list:
dist: 1.7117204646057518 vs. 1.7117204646057518
--------
nle(id0,id1,dist): 30 31 1.8829884834453412
list:
dist: 1.8829884834453412 vs. 1.8829884834453412
--------
nle(id0,id1,dist): 30 49 2.748575679843533
list:
dist: 2.748575679843533 vs. 2.748575679843533
--------
nle(id0,id1,dist): 30 46 2.2967617769356963
list:
dist: 2.2967617769356963 vs. 2.2967617769356963
--------
nle(id0,id1,dist): 30 43 2.6859096914712537
list:
dist: 2.6859096914712537 vs. 2.6859096914712537
--------
nle(id0,id1,dist): 26 127 3.689061346581764
list:
dist: 3.689061346581764 vs. 3.689061346581764
--------
nle(id0,id1,dist): 26 27 1.0323254383237455
list:
dist: 1.0323254383237455 vs. 1.0323254383237455
--------
nle(id0,id1,dist): 26 29 1.354461231152422
list:
dist: 1.354461231152422 vs. 1.354461231152422
--------
nle(id0,id1,dist): 24 127 3.7561771302248643
list:
dist: 3.7561771302248643 vs. 3.7561771302248643
--------
nle(id0,id1,dist): 27 29 1.3078102745021958
list:
dist: 1.3078102745021958 vs. 1.3078102745021958
--------
nle(id0,id1,dist): 24 25 2.245643154169662
list:
dist: 2.245643154169662 vs. 2.245643154169662
--------
nle(id0,id1,dist): 24 26 0.3967928700784056
list:
dist: 0.3967928700784056 vs. 0.3967928700784056
--------
nle(id0,id1,dist): 24 27 1.3678302685678536
list:
dist: 1.3678302685678536 vs. 1.3678302685678536
--------
nle(id0,id1,dist): 24 29 1.717189082487256
list:
dist: 1.717189082487256 vs. 1.717189082487256
--------
nle(id0,id1,dist): 22 127 4.520200085631821
list:
dist: 4.520200085631821 vs. 4.520200085631821
--------
nle(id0,id1,dist): 25 26 2.096847470637778
list:
dist: 2.096847470637778 vs. 2.096847470637778
--------
nle(id0,id1,dist): 25 27 2.393817475703084
list:
dist: 2.393817475703084 vs. 2.393817475703084
--------
nle(id0,id1,dist): 25 29 1.9115296040344267
list:
dist: 1.9115296040344267 vs. 1.9115296040344267
--------
nle(id0,id1,dist): 62 79 3.5364967620467085
list:
dist: 3.5364967620467085 vs. 3.5364967620467085
--------
nle(id0,id1,dist): 62 80 3.230155042795413
list:
dist: 3.230155042795413 vs. 3.230155042795413
--------
nle(id0,id1,dist): 62 81 2.040838111601839
list:
dist: 2.040838111601839 vs. 2.040838111601839
--------
nle(id0,id1,dist): 62 76 3.196691780635827
list:
dist: 3.196691780635827 vs. 3.196691780635827
--------
nle(id0,id1,dist): 62 87 5.2138300478261685
list:
dist: 5.2138300478261685 vs. 5.2138300478261685
--------
nle(id0,id1,dist): 62 85 3.583783046005815
list:
dist: 3.583783046005815 vs. 3.583783046005815
--------
nle(id0,id1,dist): 62 64 1.4422526063447
list:
dist: 1.4422526063447 vs. 1.4422526063447
--------
nle(id0,id1,dist): 62 63 2.464810982061497
list:
dist: 2.464810982061497 vs. 2.464810982061497
--------
nle(id0,id1,dist): 62 66 2.520841697759507
list:
dist: 2.520841697759507 vs. 2.520841697759507
--------
nle(id0,id1,dist): 62 65 2.5664734666579165
list:
dist: 2.5664734666579165 vs. 2.5664734666579165
--------
nle(id0,id1,dist): 62 72 1.7883142337020976
list:
dist: 1.7883142337020976 vs. 1.7883142337020976
--------
nle(id0,id1,dist): 62 71 2.9579287370262417
list:
dist: 2.9579287370262417 vs. 2.9579287370262417
--------
nle(id0,id1,dist): 62 68 2.417519870061925
list:
dist: 2.417519870061925 vs. 2.417519870061925
--------
nle(id0,id1,dist): 62 67 3.8489742378648257
list:
dist: 3.8489742378648257 vs. 3.8489742378648257
--------
nle(id0,id1,dist): 62 70 1.6052733814832
list:
dist: 1.6052733814832 vs. 1.6052733814832
--------
nle(id0,id1,dist): 62 69 4.709013912434155
list:
dist: 4.709013912434155 vs. 4.709013912434155
--------
nle(id0,id1,dist): 61 85 2.69516312370962
list:
dist: 2.69516312370962 vs. 2.69516312370962
--------
nle(id0,id1,dist): 61 80 2.725367127741659
list:
dist: 2.725367127741659 vs. 2.725367127741659
--------
nle(id0,id1,dist): 61 81 0.9044473700596795
list:
dist: 0.9044473700596795 vs. 0.9044473700596795
--------
nle(id0,id1,dist): 61 71 2.8416435025953906
list:
dist: 2.8416435025953906 vs. 2.8416435025953906
--------
nle(id0,id1,dist): 61 70 1.5519268291238448
list:
dist: 1.5519268291238448 vs. 1.5519268291238448
--------
nle(id0,id1,dist): 61 68 1.4992845873617602
list:
dist: 1.4992845873617602 vs. 1.4992845873617602
--------
nle(id0,id1,dist): 61 65 1.9824891777590565
list:
dist: 1.9824891777590565 vs. 1.9824891777590565
--------
nle(id0,id1,dist): 61 64 2.317607277583854
list:
dist: 2.317607277583854 vs. 2.317607277583854
--------
nle(id0,id1,dist): 61 79 3.346496722367716
list:
dist: 3.346496722367716 vs. 3.346496722367716
--------
nle(id0,id1,dist): 61 77 2.6507980704159055
list:
dist: 2.6507980704159055 vs. 2.6507980704159055
--------
nle(id0,id1,dist): 61 76 2.984586058297841
list:
dist: 2.984586058297841 vs. 2.984586058297841
--------
nle(id0,id1,dist): 61 73 1.9893180274678797
list:
dist: 1.9893180274678797 vs. 1.9893180274678797
--------
nle(id0,id1,dist): 61 72 2.0783889944388005
list:
dist: 2.0783889944388005 vs. 2.0783889944388005
--------
nle(id0,id1,dist): 64 65 2.013609566721843
list:
dist: 2.013609566721843 vs. 2.013609566721843
--------
nle(id0,id1,dist): 64 66 1.4185191922742681
list:
dist: 1.4185191922742681 vs. 1.4185191922742681
--------
nle(id0,id1,dist): 64 67 2.5031900009625407
list:
dist: 2.5031900009625407 vs. 2.5031900009625407
--------
nle(id0,id1,dist): 64 68 1.7751763583432303
list:
dist: 1.7751763583432303 vs. 1.7751763583432303
--------
nle(id0,id1,dist): 64 69 3.3317857781266946
list:
dist: 3.3317857781266946 vs. 3.3317857781266946
--------
nle(id0,id1,dist): 64 70 1.9310217686409425
list:
dist: 1.9310217686409425 vs. 1.9310217686409425
--------
nle(id0,id1,dist): 64 71 1.5900503747132588
list:
dist: 1.5900503747132588 vs. 1.5900503747132588
--------
nle(id0,id1,dist): 64 72 0.7203307227381882
list:
dist: 0.7203307227381882 vs. 0.7203307227381882
--------
nle(id0,id1,dist): 64 76 2.67772923257843
list:
dist: 2.67772923257843 vs. 2.67772923257843
--------
nle(id0,id1,dist): 64 79 2.3263320416599815
list:
dist: 2.3263320416599815 vs. 2.3263320416599815
--------
nle(id0,id1,dist): 64 80 2.174781864599965
list:
dist: 2.174781864599965 vs. 2.174781864599965
--------
nle(id0,id1,dist): 63 87 3.112559228980919
list:
dist: 3.112559228980919 vs. 3.112559228980919
--------
nle(id0,id1,dist): 63 86 2.769681896805127
list:
dist: 2.769681896805127 vs. 2.769681896805127
--------
nle(id0,id1,dist): 63 88 3.215315324094168
list:
dist: 3.215315324094168 vs. 3.215315324094168
--------
nle(id0,id1,dist): 63 72 1.2659441759666992
list:
dist: 1.2659441759666992 vs. 1.2659441759666992
--------
nle(id0,id1,dist): 63 73 1.5028534638776236
list:
dist: 1.5028534638776236 vs. 1.5028534638776236
--------
nle(id0,id1,dist): 63 70 1.9499711118176983
list:
dist: 1.9499711118176983 vs. 1.9499711118176983
--------
nle(id0,id1,dist): 63 71 1.2831075575975173
list:
dist: 1.2831075575975173 vs. 1.2831075575975173
--------
nle(id0,id1,dist): 63 76 2.3435960126849347
list:
dist: 2.3435960126849347 vs. 2.3435960126849347
--------
nle(id0,id1,dist): 63 77 2.407745679415392
list:
dist: 2.407745679415392 vs. 2.407745679415392
--------
nle(id0,id1,dist): 63 75 2.9573875792841764
list:
dist: 2.9573875792841764 vs. 2.9573875792841764
--------
nle(id0,id1,dist): 63 80 1.3773163842172291
list:
dist: 1.3773163842172291 vs. 1.3773163842172291
--------
nle(id0,id1,dist): 63 81 0.9388950928716099
list:
dist: 0.9388950928716099 vs. 0.9388950928716099
--------
nle(id0,id1,dist): 63 78 3.849171749316806
list:
dist: 3.849171749316806 vs. 3.849171749316806
--------
nle(id0,id1,dist): 63 79 1.8986651331910929
list:
dist: 1.8986651331910929 vs. 1.8986651331910929
--------
nle(id0,id1,dist): 63 84 2.602663078688862
list:
dist: 2.602663078688862 vs. 2.602663078688862
--------
nle(id0,id1,dist): 63 85 1.7810504778169889
list:
dist: 1.7810504778169889 vs. 1.7810504778169889
--------
nle(id0,id1,dist): 63 82 2.7131190169253148
list:
dist: 2.7131190169253148 vs. 2.7131190169253148
--------
nle(id0,id1,dist): 63 83 3.565646295110763
list:
dist: 3.565646295110763 vs. 3.565646295110763
--------
nle(id0,id1,dist): 63 65 1.340884370116998
list:
dist: 1.340884370116998 vs. 1.340884370116998
--------
nle(id0,id1,dist): 63 64 1.5972843697855605
list:
dist: 1.5972843697855605 vs. 1.5972843697855605
--------
nle(id0,id1,dist): 63 69 2.6398651122695633
list:
dist: 2.6398651122695633 vs. 2.6398651122695633
--------
nle(id0,id1,dist): 63 68 0.9592823957307836
list:
dist: 0.9592823957307836 vs. 0.9592823957307836
--------
nle(id0,id1,dist): 63 67 1.805271905591209
list:
dist: 1.805271905591209 vs. 1.805271905591209
--------
nle(id0,id1,dist): 63 66 1.3122631382722267
list:
dist: 1.3122631382722267 vs. 1.3122631382722267
--------
nle(id0,id1,dist): 58 59 1.9409104937955661
list:
dist: 1.9409104937955661 vs. 1.9409104937955661
--------
nle(id0,id1,dist): 61 63 1.6084386009320897
list:
dist: 1.6084386009320897 vs. 1.6084386009320897
--------
nle(id0,id1,dist): 61 62 2.1456465426346925
list:
dist: 2.1456465426346925 vs. 2.1456465426346925
--------
nle(id0,id1,dist): 60 85 3.009401192824132
list:
dist: 3.009401192824132 vs. 3.009401192824132
--------
nle(id0,id1,dist): 60 88 3.9500287560721876
list:
dist: 3.9500287560721876 vs. 3.9500287560721876
--------
nle(id0,id1,dist): 60 87 3.159497327501253
list:
dist: 3.159497327501253 vs. 3.159497327501253
--------
nle(id0,id1,dist): 60 77 3.913445411009341
list:
dist: 3.913445411009341 vs. 3.913445411009341
--------
nle(id0,id1,dist): 60 79 2.2414257863772025
list:
dist: 2.2414257863772025 vs. 2.2414257863772025
--------
nle(id0,id1,dist): 60 80 2.2187049696448873
list:
dist: 2.2187049696448873 vs. 2.2187049696448873
--------
nle(id0,id1,dist): 60 81 1.9104983836068652
list:
dist: 1.9104983836068652 vs. 1.9104983836068652
--------
nle(id0,id1,dist): 60 69 2.725216655345651
list:
dist: 2.725216655345651 vs. 2.725216655345651
--------
nle(id0,id1,dist): 60 70 2.689027505491178
list:
dist: 2.689027505491178 vs. 2.689027505491178
--------
nle(id0,id1,dist): 60 71 1.207590296879125
list:
dist: 1.207590296879125 vs. 1.207590296879125
--------
nle(id0,id1,dist): 60 72 0.6803026776558516
list:
dist: 0.6803026776558516 vs. 0.6803026776558516
--------
nle(id0,id1,dist): 60 73 3.0678905716650178
list:
dist: 3.0678905716650178 vs. 3.0678905716650178
--------
nle(id0,id1,dist): 60 76 3.1438107774275226
list:
dist: 3.1438107774275226 vs. 3.1438107774275226
--------
nle(id0,id1,dist): 60 64 0.8807792926060907
list:
dist: 0.8807792926060907 vs. 0.8807792926060907
--------
nle(id0,id1,dist): 60 63 1.6407037427301756
list:
dist: 1.6407037427301756 vs. 1.6407037427301756
--------
nle(id0,id1,dist): 60 62 2.221754094234424
list:
dist: 2.221754094234424 vs. 2.221754094234424
--------
nle(id0,id1,dist): 60 61 2.731626169972098
list:
dist: 2.731626169972098 vs. 2.731626169972098
--------
nle(id0,id1,dist): 60 68 1.6682250832457064
list:
dist: 1.6682250832457064 vs. 1.6682250832457064
--------
nle(id0,id1,dist): 60 67 2.020408138841909
list:
dist: 2.020408138841909 vs. 2.020408138841909
--------
nle(id0,id1,dist): 60 66 0.8472879407106694
list:
dist: 0.8472879407106694 vs. 0.8472879407106694
--------
nle(id0,id1,dist): 60 65 2.4495863439140866
list:
dist: 2.4495863439140866 vs. 2.4495863439140866
--------
nle(id0,id1,dist): 69 71 1.7716807907654313
list:
dist: 1.7716807907654313 vs. 1.7716807907654313
--------
nle(id0,id1,dist): 69 78 1.9672322403934968
list:
dist: 1.9672322403934968 vs. 1.9672322403934968
--------
nle(id0,id1,dist): 69 79 1.922059200916663
list:
dist: 1.922059200916663 vs. 1.922059200916663
--------
nle(id0,id1,dist): 69 75 1.1103859391000153
list:
dist: 1.1103859391000153 vs. 1.1103859391000153
--------
nle(id0,id1,dist): 69 72 3.054207860938357
list:
dist: 3.054207860938357 vs. 3.054207860938357
--------
nle(id0,id1,dist): 69 86 1.7508609927145993
list:
dist: 1.7508609927145993 vs. 1.7508609927145993
--------
nle(id0,id1,dist): 69 87 0.7663393241661045
list:
dist: 0.7663393241661045 vs. 0.7663393241661045
--------
nle(id0,id1,dist): 69 84 0.9962361990101343
list:
dist: 0.9962361990101343 vs. 0.9962361990101343
--------
nle(id0,id1,dist): 69 82 2.3123514755143852
list:
dist: 2.3123514755143852 vs. 2.3123514755143852
--------
nle(id0,id1,dist): 69 83 2.688423792532382
list:
dist: 2.688423792532382 vs. 2.688423792532382
--------
nle(id0,id1,dist): 69 80 2.201313295260489
list:
dist: 2.201313295260489 vs. 2.201313295260489
--------
nle(id0,id1,dist): 69 81 3.4609531271650593
list:
dist: 3.4609531271650593 vs. 3.4609531271650593
--------
nle(id0,id1,dist): 68 73 2.2456570738097303
list:
dist: 2.2456570738097303 vs. 2.2456570738097303
--------
nle(id0,id1,dist): 68 76 3.2510586626535574
list:
dist: 3.2510586626535574 vs. 3.2510586626535574
--------
nle(id0,id1,dist): 68 70 2.3813308596919645
list:
dist: 2.3813308596919645 vs. 2.3813308596919645
--------
nle(id0,id1,dist): 68 69 3.0584853162289765
list:
dist: 3.0584853162289765 vs. 3.0584853162289765
--------
nle(id0,id1,dist): 68 72 1.150263599827906
list:
dist: 1.150263599827906 vs. 1.150263599827906
--------
nle(id0,id1,dist): 68 71 1.851116824871087
list:
dist: 1.851116824871087 vs. 1.851116824871087
--------
nle(id0,id1,dist): 68 81 0.6427123395741171
list:
dist: 0.6427123395741171 vs. 0.6427123395741171
--------
nle(id0,id1,dist): 68 77 3.155647406430481
list:
dist: 3.155647406430481 vs. 3.155647406430481
--------
nle(id0,id1,dist): 68 79 2.7516007282363826
list:
dist: 2.7516007282363826 vs. 2.7516007282363826
--------
nle(id0,id1,dist): 68 80 2.310126093692354
list:
dist: 2.310126093692354 vs. 2.310126093692354
--------
nle(id0,id1,dist): 68 85 2.709093628768829
list:
dist: 2.709093628768829 vs. 2.709093628768829
--------
nle(id0,id1,dist): 68 87 3.3505254911991487
list:
dist: 3.3505254911991487 vs. 3.3505254911991487
--------
nle(id0,id1,dist): 68 88 3.3370146368056237
list:
dist: 3.3370146368056237 vs. 3.3370146368056237
--------
nle(id0,id1,dist): 70 85 2.3589645172556684
list:
dist: 2.3589645172556684 vs. 2.3589645172556684
--------
nle(id0,id1,dist): 71 72 1.4521565833379115
list:
dist: 1.4521565833379115 vs. 1.4521565833379115
--------
nle(id0,id1,dist): 71 73 2.3424969519138044
list:
dist: 2.3424969519138044 vs. 2.3424969519138044
--------
nle(id0,id1,dist): 71 76 2.486505956128538
list:
dist: 2.486505956128538 vs. 2.486505956128538
--------
nle(id0,id1,dist): 71 77 3.1235539768351157
list:
dist: 3.1235539768351157 vs. 3.1235539768351157
--------
nle(id0,id1,dist): 71 75 2.4007343462759927
list:
dist: 2.4007343462759927 vs. 2.4007343462759927
--------
nle(id0,id1,dist): 69 88 2.0713222699763927
list:
dist: 2.0713222699763927 vs. 2.0713222699763927
--------
nle(id0,id1,dist): 70 71 2.744058738958316
list:
dist: 2.744058738958316 vs. 2.744058738958316
--------
nle(id0,id1,dist): 70 72 2.2056303244620428
list:
dist: 2.2056303244620428 vs. 2.2056303244620428
--------
nle(id0,id1,dist): 70 73 2.144034243479163
list:
dist: 2.144034243479163 vs. 2.144034243479163
--------
nle(id0,id1,dist): 70 76 1.9504090861270782
list:
dist: 1.9504090861270782 vs. 1.9504090861270782
--------
nle(id0,id1,dist): 70 77 2.5683859052166507
list:
dist: 2.5683859052166507 vs. 2.5683859052166507
--------
nle(id0,id1,dist): 70 79 2.888164451288124
list:
dist: 2.888164451288124 vs. 2.888164451288124
--------
nle(id0,id1,dist): 70 80 2.3856926000212226
list:
dist: 2.3856926000212226 vs. 2.3856926000212226
--------
nle(id0,id1,dist): 70 81 1.806540985687647
list:
dist: 1.806540985687647 vs. 1.806540985687647
--------
nle(id0,id1,dist): 65 86 2.6088982684737494
list:
dist: 2.6088982684737494 vs. 2.6088982684737494
--------
nle(id0,id1,dist): 65 85 1.0434035962941335
list:
dist: 1.0434035962941335 vs. 1.0434035962941335
--------
nle(id0,id1,dist): 65 82 2.2987992606628453
list:
dist: 2.2987992606628453 vs. 2.2987992606628453
--------
nle(id0,id1,dist): 65 83 3.0960018593774623
list:
dist: 3.0960018593774623 vs. 3.0960018593774623
--------
nle(id0,id1,dist): 65 80 1.1239961440543396
list:
dist: 1.1239961440543396 vs. 1.1239961440543396
--------
nle(id0,id1,dist): 65 81 1.8630049171305514
list:
dist: 1.8630049171305514 vs. 1.8630049171305514
--------
nle(id0,id1,dist): 65 79 1.7180438667700304
list:
dist: 1.7180438667700304 vs. 1.7180438667700304
--------
nle(id0,id1,dist): 65 76 1.075042962782546
list:
dist: 1.075042962782546 vs. 1.075042962782546
--------
nle(id0,id1,dist): 65 77 1.6815995743966146
list:
dist: 1.6815995743966146 vs. 1.6815995743966146
--------
nle(id0,id1,dist): 66 69 2.5676745395601412
list:
dist: 2.5676745395601412 vs. 2.5676745395601412
--------
nle(id0,id1,dist): 66 68 1.0080377912522274
list:
dist: 1.0080377912522274 vs. 1.0080377912522274
--------
nle(id0,id1,dist): 66 67 1.9202573969956347
list:
dist: 1.9202573969956347 vs. 1.9202573969956347
--------
nle(id0,id1,dist): 64 85 2.817833446992602
list:
dist: 2.817833446992602 vs. 2.817833446992602
--------
nle(id0,id1,dist): 64 87 3.856269949110264
list:
dist: 3.856269949110264 vs. 3.856269949110264
--------
nle(id0,id1,dist): 64 81 1.7017270002841218
list:
dist: 1.7017270002841218 vs. 1.7017270002841218
--------
nle(id0,id1,dist): 65 73 1.1692194462195584
list:
dist: 1.1692194462195584 vs. 1.1692194462195584
--------
nle(id0,id1,dist): 65 72 2.15932109497932
list:
dist: 2.15932109497932 vs. 2.15932109497932
--------
nle(id0,id1,dist): 65 68 2.211773092870429
list:
dist: 2.211773092870429 vs. 2.211773092870429
--------
nle(id0,id1,dist): 65 71 1.9064501543308834
list:
dist: 1.9064501543308834 vs. 1.9064501543308834
--------
nle(id0,id1,dist): 65 70 1.3494254109044757
list:
dist: 1.3494254109044757 vs. 1.3494254109044757
--------
nle(id0,id1,dist): 67 75 1.515698456896549
list:
dist: 1.515698456896549 vs. 1.515698456896549
--------
nle(id0,id1,dist): 67 80 1.3818829186121044
list:
dist: 1.3818829186121044 vs. 1.3818829186121044
--------
nle(id0,id1,dist): 67 81 2.6737357596958993
list:
dist: 2.6737357596958993 vs. 2.6737357596958993
--------
nle(id0,id1,dist): 67 78 2.4352225372665286
list:
dist: 2.4352225372665286 vs. 2.4352225372665286
--------
nle(id0,id1,dist): 67 79 1.2065573212926126
list:
dist: 1.2065573212926126 vs. 1.2065573212926126
--------
nle(id0,id1,dist): 67 68 2.3577092518612432
list:
dist: 2.3577092518612432 vs. 2.3577092518612432
--------
nle(id0,id1,dist): 67 69 0.9088355153677118
list:
dist: 0.9088355153677118 vs. 0.9088355153677118
--------
nle(id0,id1,dist): 67 72 2.275543611049704
list:
dist: 2.275543611049704 vs. 2.275543611049704
--------
nle(id0,id1,dist): 67 71 0.916663328956239
list:
dist: 0.916663328956239 vs. 0.916663328956239
--------
nle(id0,id1,dist): 67 84 0.9259483606641571
list:
dist: 0.9259483606641571 vs. 0.9259483606641571
--------
nle(id0,id1,dist): 67 83 2.5923766276599007
list:
dist: 2.5923766276599007 vs. 2.5923766276599007
--------
nle(id0,id1,dist): 67 82 1.991649164512879
list:
dist: 1.991649164512879 vs. 1.991649164512879
--------
nle(id0,id1,dist): 67 88 2.4383020656510834
list:
dist: 2.4383020656510834 vs. 2.4383020656510834
--------
nle(id0,id1,dist): 67 87 1.5732193528849563
list:
dist: 1.5732193528849563 vs. 1.5732193528849563
--------
nle(id0,id1,dist): 67 86 1.5999299503297184
list:
dist: 1.5999299503297184 vs. 1.5999299503297184
--------
nle(id0,id1,dist): 66 79 2.451666416677413
list:
dist: 2.451666416677413 vs. 2.451666416677413
--------
nle(id0,id1,dist): 66 80 2.266318558655108
list:
dist: 2.266318558655108 vs. 2.266318558655108
--------
nle(id0,id1,dist): 66 81 1.4792446745391283
list:
dist: 1.4792446745391283 vs. 1.4792446745391283
--------
nle(id0,id1,dist): 66 71 1.325094072590075
list:
dist: 1.325094072590075 vs. 1.325094072590075
--------
nle(id0,id1,dist): 66 72 0.758809859677139
list:
dist: 0.758809859677139 vs. 0.758809859677139
--------
nle(id0,id1,dist): 66 88 3.360113150235442
list:
dist: 3.360113150235442 vs. 3.360113150235442
--------
nle(id0,id1,dist): 66 87 2.871995152704232
list:
dist: 2.871995152704232 vs. 2.871995152704232
--------
nle(id0,id1,dist): 48 52 3.3693508267036614
list:
dist: 3.3693508267036614 vs. 3.3693508267036614
--------
nle(id0,id1,dist): 48 49 1.3405127082238824
list:
dist: 1.3405127082238824 vs. 1.3405127082238824
--------
nle(id0,id1,dist): 48 50 2.3708024595991497
list:
dist: 2.3708024595991497 vs. 2.3708024595991497
--------
nle(id0,id1,dist): 48 55 0.7739236595329849
list:
dist: 0.7739236595329849 vs. 0.7739236595329849
--------
nle(id0,id1,dist): 48 56 3.810193168272228
list:
dist: 3.810193168272228 vs. 3.810193168272228
--------
nle(id0,id1,dist): 48 54 2.5849164942365004
list:
dist: 2.5849164942365004 vs. 2.5849164942365004
--------
nle(id0,id1,dist): 48 59 3.691153777519376
list:
dist: 3.691153777519376 vs. 3.691153777519376
--------
nle(id0,id1,dist): 48 57 2.625039290033152
list:
dist: 2.625039290033152 vs. 2.625039290033152
--------
nle(id0,id1,dist): 48 58 2.3346515116036364
list:
dist: 2.3346515116036364 vs. 2.3346515116036364
--------
nle(id0,id1,dist): 49 50 1.2595740100549826
list:
dist: 1.2595740100549826 vs. 1.2595740100549826
--------
nle(id0,id1,dist): 49 52 2.5848864062922994
list:
dist: 2.5848864062922994 vs. 2.5848864062922994
--------
nle(id0,id1,dist): 49 54 1.7961796305440891
list:
dist: 1.7961796305440891 vs. 1.7961796305440891
--------
nle(id0,id1,dist): 49 55 1.2043255169651468
list:
dist: 1.2043255169651468 vs. 1.2043255169651468
--------
nle(id0,id1,dist): 49 56 3.109595588783452
list:
dist: 3.109595588783452 vs. 3.109595588783452
--------
nle(id0,id1,dist): 49 57 2.279956886680799
list:
dist: 2.279956886680799 vs. 2.279956886680799
--------
nle(id0,id1,dist): 49 59 3.1468487941719423
list:
dist: 3.1468487941719423 vs. 3.1468487941719423
--------
nle(id0,id1,dist): 50 54 1.0423121145718186
list:
dist: 1.0423121145718186 vs. 1.0423121145718186
--------
nle(id0,id1,dist): 50 51 2.924805892115731
list:
dist: 2.924805892115731 vs. 2.924805892115731
--------
nle(id0,id1,dist): 50 52 1.5096947180585132
list:
dist: 1.5096947180585132 vs. 1.5096947180585132
--------
nle(id0,id1,dist): 50 59 2.1445534394511383
list:
dist: 2.1445534394511383 vs. 2.1445534394511383
--------
nle(id0,id1,dist): 50 56 1.9752913467454354
list:
dist: 1.9752913467454354 vs. 1.9752913467454354
--------
nle(id0,id1,dist): 50 55 1.8421637473014678
list:
dist: 1.8421637473014678 vs. 1.8421637473014678
--------
nle(id0,id1,dist): 50 58 2.350119370433457
list:
dist: 2.350119370433457 vs. 2.350119370433457
--------
nle(id0,id1,dist): 50 57 1.611232785074004
list:
dist: 1.611232785074004 vs. 1.611232785074004
--------
nle(id0,id1,dist): 44 56 1.1128109102893577
list:
dist: 1.1128109102893577 vs. 1.1128109102893577
--------
nle(id0,id1,dist): 44 54 1.824035037111883
list:
dist: 1.824035037111883 vs. 1.824035037111883
--------
nle(id0,id1,dist): 44 59 1.3914525015496233
list:
dist: 1.3914525015496233 vs. 1.3914525015496233
--------
nle(id0,id1,dist): 44 57 2.211091492719947
list:
dist: 2.211091492719947 vs. 2.211091492719947
--------
nle(id0,id1,dist): 45 72 2.53684036490737
list:
dist: 2.53684036490737 vs. 2.53684036490737
--------
nle(id0,id1,dist): 45 64 2.716293542664793
list:
dist: 2.716293542664793 vs. 2.716293542664793
--------
nle(id0,id1,dist): 45 66 2.585872977756977
list:
dist: 2.585872977756977 vs. 2.585872977756977
--------
nle(id0,id1,dist): 45 68 3.211620080402264
list:
dist: 3.211620080402264 vs. 3.211620080402264
--------
nle(id0,id1,dist): 45 60 2.390332062666124
list:
dist: 2.390332062666124 vs. 2.390332062666124
--------
nle(id0,id1,dist): 45 62 3.071192487193028
list:
dist: 3.071192487193028 vs. 3.071192487193028
--------
nle(id0,id1,dist): 45 53 1.9568866528250475
list:
dist: 1.9568866528250475 vs. 1.9568866528250475
--------
nle(id0,id1,dist): 46 59 3.2853382858015876
list:
dist: 3.2853382858015876 vs. 3.2853382858015876
--------
nle(id0,id1,dist): 46 57 3.1148738416268773
list:
dist: 3.1148738416268773 vs. 3.1148738416268773
--------
nle(id0,id1,dist): 46 55 2.494168147446843
list:
dist: 2.494168147446843 vs. 2.494168147446843
--------
nle(id0,id1,dist): 46 56 3.3893865812467765
list:
dist: 3.3893865812467765 vs. 3.3893865812467765
--------
nle(id0,id1,dist): 46 54 1.687475389494866
list:
dist: 1.687475389494866 vs. 1.687475389494866
--------
nle(id0,id1,dist): 46 52 3.1794598385662134
list:
dist: 3.1794598385662134 vs. 3.1794598385662134
--------
nle(id0,id1,dist): 46 49 1.6748558853782607
list:
dist: 1.6748558853782607 vs. 1.6748558853782607
--------
nle(id0,id1,dist): 46 50 1.7429299164201992
list:
dist: 1.7429299164201992 vs. 1.7429299164201992
--------
nle(id0,id1,dist): 46 47 2.2268927672205625
list:
dist: 2.2268927672205625 vs. 2.2268927672205625
--------
nle(id0,id1,dist): 46 48 2.6933703925236476
list:
dist: 2.6933703925236476 vs. 2.6933703925236476
--------
nle(id0,id1,dist): 45 81 3.490963941381089
list:
dist: 3.490963941381089 vs. 3.490963941381089
--------
nle(id0,id1,dist): 47 59 2.5808757457155393
list:
dist: 2.5808757457155393 vs. 2.5808757457155393
--------
nle(id0,id1,dist): 47 58 2.322360791655674
list:
dist: 2.322360791655674 vs. 2.322360791655674
--------
nle(id0,id1,dist): 47 55 1.5553187817048784
list:
dist: 1.5553187817048784 vs. 1.5553187817048784
--------
nle(id0,id1,dist): 47 54 1.6801253940201313
list:
dist: 1.6801253940201313 vs. 1.6801253940201313
--------
nle(id0,id1,dist): 47 57 1.6123783579709707
list:
dist: 1.6123783579709707 vs. 1.6123783579709707
--------
nle(id0,id1,dist): 47 56 2.333794691361197
list:
dist: 2.333794691361197 vs. 2.333794691361197
--------
nle(id0,id1,dist): 47 50 0.780710339887298
list:
dist: 0.780710339887298 vs. 0.780710339887298
--------
nle(id0,id1,dist): 47 51 3.3699466399624036
list:
dist: 3.3699466399624036 vs. 3.3699466399624036
--------
nle(id0,id1,dist): 47 52 1.6455345392387994
list:
dist: 1.6455345392387994 vs. 1.6455345392387994
--------
nle(id0,id1,dist): 47 48 1.9887041328453354
list:
dist: 1.9887041328453354 vs. 1.9887041328453354
--------
nle(id0,id1,dist): 47 49 1.0359522009757818
list:
dist: 1.0359522009757818 vs. 1.0359522009757818
--------
nle(id0,id1,dist): 55 56 3.0708103518482424
list:
dist: 3.0708103518482424 vs. 3.0708103518482424
--------
nle(id0,id1,dist): 55 57 1.8806465313799705
list:
dist: 1.8806465313799705 vs. 1.8806465313799705
--------
nle(id0,id1,dist): 55 58 1.6312420574197006
list:
dist: 1.6312420574197006 vs. 1.6312420574197006
--------
nle(id0,id1,dist): 55 59 2.9256323943024545
list:
dist: 2.9256323943024545 vs. 2.9256323943024545
--------
nle(id0,id1,dist): 56 58 2.3114087608226774
list:
dist: 2.3114087608226774 vs. 2.3114087608226774
--------
nle(id0,id1,dist): 56 57 1.3541549421665633
list:
dist: 1.3541549421665633 vs. 1.3541549421665633
--------
nle(id0,id1,dist): 56 59 0.8004271288687301
list:
dist: 0.8004271288687301 vs. 0.8004271288687301
--------
nle(id0,id1,dist): 57 59 1.3870392496872292
list:
dist: 1.3870392496872292 vs. 1.3870392496872292
--------
nle(id0,id1,dist): 57 58 1.1848705048942176
list:
dist: 1.1848705048942176 vs. 1.1848705048942176
--------
nle(id0,id1,dist): 51 59 1.4777944199659991
list:
dist: 1.4777944199659991 vs. 1.4777944199659991
--------
nle(id0,id1,dist): 51 52 1.8591249768486573
list:
dist: 1.8591249768486573 vs. 1.8591249768486573
--------
nle(id0,id1,dist): 51 54 2.7255793567744386
list:
dist: 2.7255793567744386 vs. 2.7255793567744386
--------
nle(id0,id1,dist): 51 56 1.1311724376020769
list:
dist: 1.1311724376020769 vs. 1.1311724376020769
--------
nle(id0,id1,dist): 51 57 2.468025173990439
list:
dist: 2.468025173990439 vs. 2.468025173990439
--------
nle(id0,id1,dist): 52 55 2.7051861855261405
list:
dist: 2.7051861855261405 vs. 2.7051861855261405
--------
nle(id0,id1,dist): 52 56 0.9175852894884122
list:
dist: 0.9175852894884122 vs. 0.9175852894884122
--------
nle(id0,id1,dist): 52 54 1.8952714008095244
list:
dist: 1.8952714008095244 vs. 1.8952714008095244
--------
nle(id0,id1,dist): 52 59 1.5607937540357453
list:
dist: 1.5607937540357453 vs. 1.5607937540357453
--------
nle(id0,id1,dist): 52 57 1.1882524995082724
list:
dist: 1.1882524995082724 vs. 1.1882524995082724
--------
nle(id0,id1,dist): 52 58 2.3654133468695724
list:
dist: 2.3654133468695724 vs. 2.3654133468695724
--------
nle(id0,id1,dist): 53 69 3.7360692733286385
list:
dist: 3.7360692733286385 vs. 3.7360692733286385
--------
nle(id0,id1,dist): 53 67 3.578120493028549
list:
dist: 3.578120493028549 vs. 3.578120493028549
--------
nle(id0,id1,dist): 53 66 2.838120156573914
list:
dist: 2.838120156573914 vs. 2.838120156573914
--------
nle(id0,id1,dist): 53 87 3.844133991778766
list:
dist: 3.844133991778766 vs. 3.844133991778766
--------
nle(id0,id1,dist): 54 59 1.631934014576699
list:
dist: 1.631934014576699 vs. 1.631934014576699
--------
nle(id0,id1,dist): 54 58 2.0053674726980297
list:
dist: 2.0053674726980297 vs. 2.0053674726980297
--------
nle(id0,id1,dist): 54 57 1.626810977384829
list:
dist: 1.626810977384829 vs. 1.626810977384829
--------
nle(id0,id1,dist): 54 56 1.8630001916051708
list:
dist: 1.8630001916051708 vs. 1.8630001916051708
--------
nle(id0,id1,dist): 54 55 1.9511991631640424
list:
dist: 1.9511991631640424 vs. 1.9511991631640424
--------
nle(id0,id1,dist): 93 112 2.7799767738726677
list:
dist: 2.7799767738726677 vs. 2.7799767738726677
--------
nle(id0,id1,dist): 93 113 3.1295663342805264
list:
dist: 3.1295663342805264 vs. 3.1295663342805264
--------
nle(id0,id1,dist): 93 114 1.831374077452157
list:
dist: 1.831374077452157 vs. 1.831374077452157
--------
nle(id0,id1,dist): 93 115 2.9504733959158025
list:
dist: 2.9504733959158025 vs. 2.9504733959158025
--------
nle(id0,id1,dist): 93 116 2.2147007672995596
list:
dist: 2.2147007672995596 vs. 2.2147007672995596
--------
nle(id0,id1,dist): 93 117 2.6611644488797395
list:
dist: 2.6611644488797395 vs. 2.6611644488797395
--------
nle(id0,id1,dist): 93 118 2.8060965736244468
list:
dist: 2.8060965736244468 vs. 2.8060965736244468
--------
nle(id0,id1,dist): 93 119 1.068367798057393
list:
dist: 1.068367798057393 vs. 1.068367798057393
--------
nle(id0,id1,dist): 93 96 1.800326686150417
list:
dist: 1.800326686150417 vs. 1.800326686150417
--------
nle(id0,id1,dist): 93 99 1.3585945432311308
list:
dist: 1.3585945432311308 vs. 1.3585945432311308
--------
nle(id0,id1,dist): 93 103 2.71112949127678
list:
dist: 2.71112949127678 vs. 2.71112949127678
--------
nle(id0,id1,dist): 93 105 1.863147205404303
list:
dist: 1.863147205404303 vs. 1.863147205404303
--------
nle(id0,id1,dist): 93 107 1.1416675976402297
list:
dist: 1.1416675976402297 vs. 1.1416675976402297
--------
nle(id0,id1,dist): 93 106 2.1106126502547475
list:
dist: 2.1106126502547475 vs. 2.1106126502547475
--------
nle(id0,id1,dist): 93 108 0.772051808082579
list:
dist: 0.772051808082579 vs. 0.772051808082579
--------
nle(id0,id1,dist): 93 111 2.8611056937502592
list:
dist: 2.8611056937502592 vs. 2.8611056937502592
--------
nle(id0,id1,dist): 93 110 2.4461209473354804
list:
dist: 2.4461209473354804 vs. 2.4461209473354804
--------
nle(id0,id1,dist): 94 109 1.3754474602167543
list:
dist: 1.3754474602167543 vs. 1.3754474602167543
--------
nle(id0,id1,dist): 94 110 3.393761334859915
list:
dist: 3.393761334859915 vs. 3.393761334859915
--------
nle(id0,id1,dist): 94 107 2.520715971718877
list:
dist: 2.520715971718877 vs. 2.520715971718877
--------
nle(id0,id1,dist): 94 114 3.7341490765016805
list:
dist: 3.7341490765016805 vs. 3.7341490765016805
--------
nle(id0,id1,dist): 94 111 3.8452293255198287
list:
dist: 3.8452293255198287 vs. 3.8452293255198287
--------
nle(id0,id1,dist): 94 98 1.2609322400141252
list:
dist: 1.2609322400141252 vs. 1.2609322400141252
--------
nle(id0,id1,dist): 94 97 2.4504410183926324
list:
dist: 2.4504410183926324 vs. 2.4504410183926324
--------
nle(id0,id1,dist): 94 96 2.3625535205696493
list:
dist: 2.3625535205696493 vs. 2.3625535205696493
--------
nle(id0,id1,dist): 94 95 3.2916998982342656
list:
dist: 3.2916998982342656 vs. 3.2916998982342656
--------
nle(id0,id1,dist): 94 102 1.7313253092554466
list:
dist: 1.7313253092554466 vs. 1.7313253092554466
--------
nle(id0,id1,dist): 94 101 1.4871038193758617
list:
dist: 1.4871038193758617 vs. 1.4871038193758617
--------
nle(id0,id1,dist): 94 100 1.7661685293860474
list:
dist: 1.7661685293860474 vs. 1.7661685293860474
--------
nle(id0,id1,dist): 94 99 3.2609516166690073
list:
dist: 3.2609516166690073 vs. 3.2609516166690073
--------
nle(id0,id1,dist): 94 106 2.6535874784039257
list:
dist: 2.6535874784039257 vs. 2.6535874784039257
--------
nle(id0,id1,dist): 94 105 2.8786055328968536
list:
dist: 2.8786055328968536 vs. 2.8786055328968536
--------
nle(id0,id1,dist): 94 104 1.902747635709911
list:
dist: 1.902747635709911 vs. 1.902747635709911
--------
nle(id0,id1,dist): 94 103 1.152542232058936
list:
dist: 1.152542232058936 vs. 1.152542232058936
--------
nle(id0,id1,dist): 92 97 0.8228935818441319
list:
dist: 0.8228935818441319 vs. 0.8228935818441319
--------
nle(id0,id1,dist): 92 98 1.2739738702917685
list:
dist: 1.2739738702917685 vs. 1.2739738702917685
--------
nle(id0,id1,dist): 92 99 2.216156253312656
list:
dist: 2.216156253312656 vs. 2.216156253312656
--------
nle(id0,id1,dist): 92 100 1.2072978956423333
list:
dist: 1.2072978956423333 vs. 1.2072978956423333
--------
nle(id0,id1,dist): 92 93 2.3996752382970885
list:
dist: 2.3996752382970885 vs. 2.3996752382970885
--------
nle(id0,id1,dist): 92 94 2.0088437569034903
list:
dist: 2.0088437569034903 vs. 2.0088437569034903
--------
nle(id0,id1,dist): 92 95 1.2906659968738414
list:
dist: 1.2906659968738414 vs. 1.2906659968738414
--------
nle(id0,id1,dist): 92 96 1.0122337590318293
list:
dist: 1.0122337590318293 vs. 1.0122337590318293
--------
nle(id0,id1,dist): 91 111 3.7528056427772847
list:
dist: 3.7528056427772847 vs. 3.7528056427772847
--------
nle(id0,id1,dist): 91 110 3.2164752878743017
list:
dist: 3.2164752878743017 vs. 3.2164752878743017
--------
nle(id0,id1,dist): 91 107 2.881209563810537
list:
dist: 2.881209563810537 vs. 2.881209563810537
--------
nle(id0,id1,dist): 91 106 2.5398137691565714
list:
dist: 2.5398137691565714 vs. 2.5398137691565714
--------
nle(id0,id1,dist): 91 109 1.3380841379475652
list:
dist: 1.3380841379475652 vs. 1.3380841379475652
--------
nle(id0,id1,dist): 91 114 3.7579588172981992
list:
dist: 3.7579588172981992 vs. 3.7579588172981992
--------
nle(id0,id1,dist): 92 119 2.722662658112292
list:
dist: 2.722662658112292 vs. 2.722662658112292
--------
nle(id0,id1,dist): 92 117 3.485502962087491
list:
dist: 3.485502962087491 vs. 3.485502962087491
--------
nle(id0,id1,dist): 92 118 4.174181806520473
list:
dist: 4.174181806520473 vs. 4.174181806520473
--------
nle(id0,id1,dist): 93 95 2.4338367098860814
list:
dist: 2.4338367098860814 vs. 2.4338367098860814
--------
nle(id0,id1,dist): 92 108 2.449215549973531
list:
dist: 2.449215549973531 vs. 2.449215549973531
--------
nle(id0,id1,dist): 92 107 1.468748458270921
list:
dist: 1.468748458270921 vs. 1.468748458270921
--------
nle(id0,id1,dist): 92 106 1.0722017613148778
list:
dist: 1.0722017613148778 vs. 1.0722017613148778
--------
nle(id0,id1,dist): 92 105 1.5847842718259515
list:
dist: 1.5847842718259515 vs. 1.5847842718259515
--------
nle(id0,id1,dist): 92 104 1.3711285618819413
list:
dist: 1.3711285618819413 vs. 1.3711285618819413
--------
nle(id0,id1,dist): 92 103 1.0215055780702742
list:
dist: 1.0215055780702742 vs. 1.0215055780702742
--------
nle(id0,id1,dist): 92 102 2.967176923245122
list:
dist: 2.967176923245122 vs. 2.967176923245122
--------
nle(id0,id1,dist): 92 101 1.7793842420504014
list:
dist: 1.7793842420504014 vs. 1.7793842420504014
--------
nle(id0,id1,dist): 92 116 3.781538322561959
list:
dist: 3.781538322561959 vs. 3.781538322561959
--------
nle(id0,id1,dist): 92 115 2.8630815629347715
list:
dist: 2.8630815629347715 vs. 2.8630815629347715
--------
nle(id0,id1,dist): 92 114 1.7807104888781702
list:
dist: 1.7807104888781702 vs. 1.7807104888781702
--------
nle(id0,id1,dist): 92 113 2.6655778294612866
list:
dist: 2.6655778294612866 vs. 2.6655778294612866
--------
nle(id0,id1,dist): 92 112 2.9882449905084307
list:
dist: 2.9882449905084307 vs. 2.9882449905084307
--------
nle(id0,id1,dist): 92 111 1.8865255388382849
list:
dist: 1.8865255388382849 vs. 1.8865255388382849
--------
nle(id0,id1,dist): 92 110 1.474609703831463
list:
dist: 1.474609703831463 vs. 1.474609703831463
--------
nle(id0,id1,dist): 92 109 0.6834390239261269
list:
dist: 0.6834390239261269 vs. 0.6834390239261269
--------
nle(id0,id1,dist): 97 101 1.675567579975543
list:
dist: 1.675567579975543 vs. 1.675567579975543
--------
nle(id0,id1,dist): 97 100 1.047269166971664
list:
dist: 1.047269166971664 vs. 1.047269166971664
--------
nle(id0,id1,dist): 97 103 1.4540052900658749
list:
dist: 1.4540052900658749 vs. 1.4540052900658749
--------
nle(id0,id1,dist): 97 102 2.9543397288105653
list:
dist: 2.9543397288105653 vs. 2.9543397288105653
--------
nle(id0,id1,dist): 97 105 1.4851686977658523
list:
dist: 1.4851686977658523 vs. 1.4851686977658523
--------
nle(id0,id1,dist): 97 104 1.3312212746120344
list:
dist: 1.3312212746120344 vs. 1.3312212746120344
--------
nle(id0,id1,dist): 97 107 2.0691271825900457
list:
dist: 2.0691271825900457 vs. 2.0691271825900457
--------
nle(id0,id1,dist): 97 106 0.8714626656022543
list:
dist: 0.8714626656022543 vs. 0.8714626656022543
--------
nle(id0,id1,dist): 97 99 2.3316787892872974
list:
dist: 2.3316787892872974 vs. 2.3316787892872974
--------
nle(id0,id1,dist): 97 98 1.5350211528715345
list:
dist: 1.5350211528715345 vs. 1.5350211528715345
--------
nle(id0,id1,dist): 96 114 1.7047413649885648
list:
dist: 1.7047413649885648 vs. 1.7047413649885648
--------
nle(id0,id1,dist): 96 119 2.3185178200378163
list:
dist: 2.3185178200378163 vs. 2.3185178200378163
--------
nle(id0,id1,dist): 98 102 2.267388600816877
list:
dist: 2.267388600816877 vs. 2.267388600816877
--------
nle(id0,id1,dist): 98 101 0.8915694700351451
list:
dist: 0.8915694700351451 vs. 0.8915694700351451
--------
nle(id0,id1,dist): 98 100 0.7117805585478949
list:
dist: 0.7117805585478949 vs. 0.7117805585478949
--------
nle(id0,id1,dist): 98 99 3.215820335712844
list:
dist: 3.215820335712844 vs. 3.215820335712844
--------
nle(id0,id1,dist): 97 110 1.0662160815308286
list:
dist: 1.0662160815308286 vs. 1.0662160815308286
--------
nle(id0,id1,dist): 97 111 1.7871225892197988
list:
dist: 1.7871225892197988 vs. 1.7871225892197988
--------
nle(id0,id1,dist): 97 109 1.1355504514181722
list:
dist: 1.1355504514181722 vs. 1.1355504514181722
--------
nle(id0,id1,dist): 97 114 1.8084723609255469
list:
dist: 1.8084723609255469 vs. 1.8084723609255469
--------
nle(id0,id1,dist): 97 115 2.3384282811306267
list:
dist: 2.3384282811306267 vs. 2.3384282811306267
--------
nle(id0,id1,dist): 97 112 2.7093868967967007
list:
dist: 2.7093868967967007 vs. 2.7093868967967007
--------
nle(id0,id1,dist): 97 113 2.374119487286909
list:
dist: 2.374119487286909 vs. 2.374119487286909
--------
nle(id0,id1,dist): 95 115 2.350265972072216
list:
dist: 2.350265972072216 vs. 2.350265972072216
--------
nle(id0,id1,dist): 95 114 0.8625084434505341
list:
dist: 0.8625084434505341 vs. 0.8625084434505341
--------
nle(id0,id1,dist): 95 117 2.6311421064361804
list:
dist: 2.6311421064361804 vs. 2.6311421064361804
--------
nle(id0,id1,dist): 95 116 2.9944531600569038
list:
dist: 2.9944531600569038 vs. 2.9944531600569038
--------
nle(id0,id1,dist): 95 111 0.6630723385438281
list:
dist: 0.6630723385438281 vs. 0.6630723385438281
--------
nle(id0,id1,dist): 95 110 0.7467474615850205
list:
dist: 0.7467474615850205 vs. 0.7467474615850205
--------
nle(id0,id1,dist): 95 113 1.3916133466793454
list:
dist: 1.3916133466793454 vs. 1.3916133466793454
--------
nle(id0,id1,dist): 95 112 1.8678577128901575
list:
dist: 1.8678577128901575 vs. 1.8678577128901575
--------
nle(id0,id1,dist): 95 107 2.0384011089917036
list:
dist: 2.0384011089917036 vs. 2.0384011089917036
--------
nle(id0,id1,dist): 95 106 1.3826482550146215
list:
dist: 1.3826482550146215 vs. 1.3826482550146215
--------
nle(id0,id1,dist): 95 109 1.935552505348607
list:
dist: 1.935552505348607 vs. 1.935552505348607
--------
nle(id0,id1,dist): 95 108 2.1929951715966975
list:
dist: 2.1929951715966975 vs. 2.1929951715966975
--------
nle(id0,id1,dist): 95 103 2.2871478402937853
list:
dist: 2.2871478402937853 vs. 2.2871478402937853
--------
nle(id0,id1,dist): 95 102 4.112202102527565
list:
dist: 4.112202102527565 vs. 4.112202102527565
--------
nle(id0,id1,dist): 95 105 1.8911813509272588
list:
dist: 1.8911813509272588 vs. 1.8911813509272588
--------
nle(id0,id1,dist): 95 104 2.3091828783657875
list:
dist: 2.3091828783657875 vs. 2.3091828783657875
--------
nle(id0,id1,dist): 95 98 2.370960107741223
list:
dist: 2.370960107741223 vs. 2.370960107741223
--------
nle(id0,id1,dist): 95 99 2.5082906961425295
list:
dist: 2.5082906961425295 vs. 2.5082906961425295
--------
nle(id0,id1,dist): 95 100 2.1030993369130826
list:
dist: 2.1030993369130826 vs. 2.1030993369130826
--------
nle(id0,id1,dist): 95 101 2.7957953938241187
list:
dist: 2.7957953938241187 vs. 2.7957953938241187
--------
nle(id0,id1,dist): 95 96 1.5717637839365846
list:
dist: 1.5717637839365846 vs. 1.5717637839365846
--------
nle(id0,id1,dist): 95 97 1.221328281042542
list:
dist: 1.221328281042542 vs. 1.221328281042542
--------
nle(id0,id1,dist): 96 111 2.0539954322123206
list:
dist: 2.0539954322123206 vs. 2.0539954322123206
--------
nle(id0,id1,dist): 96 110 1.9615534047505867
list:
dist: 1.9615534047505867 vs. 1.9615534047505867
--------
nle(id0,id1,dist): 96 109 1.4352103629428299
list:
dist: 1.4352103629428299 vs. 1.4352103629428299
--------
nle(id0,id1,dist): 96 108 2.102795934878609
list:
dist: 2.102795934878609 vs. 2.102795934878609
--------
nle(id0,id1,dist): 96 107 0.9007438027569835
list:
dist: 0.9007438027569835 vs. 0.9007438027569835
--------
nle(id0,id1,dist): 96 106 1.6485525327440034
list:
dist: 1.6485525327440034 vs. 1.6485525327440034
--------
nle(id0,id1,dist): 96 105 1.9353462382098408
list:
dist: 1.9353462382098408 vs. 1.9353462382098408
--------
nle(id0,id1,dist): 96 104 2.036036683364114
list:
dist: 2.036036683364114 vs. 2.036036683364114
--------
nle(id0,id1,dist): 96 103 1.5553735044421435
list:
dist: 1.5553735044421435 vs. 1.5553735044421435
--------
nle(id0,id1,dist): 96 102 3.6353974155127395
list:
dist: 3.6353974155127395 vs. 3.6353974155127395
--------
nle(id0,id1,dist): 96 101 2.6562584768006574
list:
dist: 2.6562584768006574 vs. 2.6562584768006574
--------
nle(id0,id1,dist): 96 100 2.161558155037687
list:
dist: 2.161558155037687 vs. 2.161558155037687
--------
nle(id0,id1,dist): 96 99 2.1877151724605195
list:
dist: 2.1877151724605195 vs. 2.1877151724605195
--------
nle(id0,id1,dist): 96 98 1.9886091299725346
list:
dist: 1.9886091299725346 vs. 1.9886091299725346
--------
nle(id0,id1,dist): 96 97 1.762754742938999
list:
dist: 1.762754742938999 vs. 1.762754742938999
--------
nle(id0,id1,dist): 95 118 3.2226935806347607
list:
dist: 3.2226935806347607 vs. 3.2226935806347607
--------
nle(id0,id1,dist): 95 119 2.230310593049488
list:
dist: 2.230310593049488 vs. 2.230310593049488
--------
nle(id0,id1,dist): 87 88 1.7240710793838085
list:
dist: 1.7240710793838085 vs. 1.7240710793838085
--------
nle(id0,id1,dist): 85 86 1.815185229167352
list:
dist: 1.815185229167352 vs. 1.815185229167352
--------
nle(id0,id1,dist): 86 87 2.3972275973423542
list:
dist: 2.3972275973423542 vs. 2.3972275973423542
--------
nle(id0,id1,dist): 86 88 2.9280309691914597
list:
dist: 2.9280309691914597 vs. 2.9280309691914597
--------
nle(id0,id1,dist): 86 89 1.6513351861727976
list:
dist: 1.6513351861727976 vs. 1.6513351861727976
--------
nle(id0,id1,dist): 90 94 3.2368928420584666
list:
dist: 3.2368928420584666 vs. 3.2368928420584666
--------
nle(id0,id1,dist): 90 91 2.7012040895596137
list:
dist: 2.7012040895596137 vs. 2.7012040895596137
--------
nle(id0,id1,dist): 90 104 3.584373196984387
list:
dist: 3.584373196984387 vs. 3.584373196984387
--------
nle(id0,id1,dist): 90 109 2.7588686141731347
list:
dist: 2.7588686141731347 vs. 2.7588686141731347
--------
nle(id0,id1,dist): 90 98 2.200758877234079
list:
dist: 2.200758877234079 vs. 2.200758877234079
--------
nle(id0,id1,dist): 90 97 2.8099155082163527
list:
dist: 2.8099155082163527 vs. 2.8099155082163527
--------
nle(id0,id1,dist): 90 102 3.6375216666599166
list:
dist: 3.6375216666599166 vs. 3.6375216666599166
--------
nle(id0,id1,dist): 90 101 2.214399606225365
list:
dist: 2.214399606225365 vs. 2.214399606225365
--------
nle(id0,id1,dist): 90 100 2.117645275015887
list:
dist: 2.117645275015887 vs. 2.117645275015887
--------
nle(id0,id1,dist): 91 99 3.393038822641208
list:
dist: 3.393038822641208 vs. 3.393038822641208
--------
nle(id0,id1,dist): 91 98 1.0258587795002425
list:
dist: 1.0258587795002425 vs. 1.0258587795002425
--------
nle(id0,id1,dist): 91 101 0.7706576676299361
list:
dist: 0.7706576676299361 vs. 0.7706576676299361
--------
nle(id0,id1,dist): 91 100 1.2960291528614936
list:
dist: 1.2960291528614936 vs. 1.2960291528614936
--------
nle(id0,id1,dist): 91 103 1.2614281615890568
list:
dist: 1.2614281615890568 vs. 1.2614281615890568
--------
nle(id0,id1,dist): 91 102 1.3039324134405903
list:
dist: 1.3039324134405903 vs. 1.3039324134405903
--------
nle(id0,id1,dist): 91 105 2.833307778206114
list:
dist: 2.833307778206114 vs. 2.833307778206114
--------
nle(id0,id1,dist): 91 104 1.74443946789395
list:
dist: 1.74443946789395 vs. 1.74443946789395
--------
nle(id0,id1,dist): 91 92 2.0114500712195276
list:
dist: 2.0114500712195276 vs. 2.0114500712195276
--------
nle(id0,id1,dist): 91 95 3.2134122213859113
list:
dist: 3.2134122213859113 vs. 3.2134122213859113
--------
nle(id0,id1,dist): 91 94 0.8154769172182322
list:
dist: 0.8154769172182322 vs. 0.8154769172182322
--------
nle(id0,id1,dist): 91 97 2.177099131424269
list:
dist: 2.177099131424269 vs. 2.177099131424269
--------
nle(id0,id1,dist): 91 96 2.674299642245652
list:
dist: 2.674299642245652 vs. 2.674299642245652
--------
nle(id0,id1,dist): 89 92 5.013253894844424
list:
dist: 5.013253894844424 vs. 5.013253894844424
--------
nle(id0,id1,dist): 89 95 4.161405762048804
list:
dist: 4.161405762048804 vs. 4.161405762048804
--------
nle(id0,id1,dist): 89 113 3.8590643743805164
list:
dist: 3.8590643743805164 vs. 3.8590643743805164
--------
nle(id0,id1,dist): 89 114 4.166597057727706
list:
dist: 4.166597057727706 vs. 4.166597057727706
--------
nle(id0,id1,dist): 89 111 3.6398132217356283
list:
dist: 3.6398132217356283 vs. 3.6398132217356283
--------
nle(id0,id1,dist): 81 88 3.769389686242686
list:
dist: 3.769389686242686 vs. 3.769389686242686
--------
nle(id0,id1,dist): 81 87 3.8364903625559412
list:
dist: 3.8364903625559412 vs. 3.8364903625559412
--------
nle(id0,id1,dist): 81 85 2.523894527888818
list:
dist: 2.523894527888818 vs. 2.523894527888818
--------
nle(id0,id1,dist): 80 85 0.9145813778441951
list:
dist: 0.9145813778441951 vs. 0.9145813778441951
--------
nle(id0,id1,dist): 80 86 1.5898542659639128
list:
dist: 1.5898542659639128 vs. 1.5898542659639128
--------
nle(id0,id1,dist): 80 87 2.88964144797532
list:
dist: 2.88964144797532 vs. 2.88964144797532
--------
nle(id0,id1,dist): 80 88 3.2830494328271285
list:
dist: 3.2830494328271285 vs. 3.2830494328271285
--------
nle(id0,id1,dist): 80 81 2.2710285732740005
list:
dist: 2.2710285732740005 vs. 2.2710285732740005
--------
nle(id0,id1,dist): 80 82 1.4892140044099902
list:
dist: 1.4892140044099902 vs. 1.4892140044099902
--------
nle(id0,id1,dist): 80 83 2.286174782864118
list:
dist: 2.286174782864118 vs. 2.286174782864118
--------
nle(id0,id1,dist): 80 84 1.7802620177167772
list:
dist: 1.7802620177167772 vs. 1.7802620177167772
--------
nle(id0,id1,dist): 79 88 3.4170091098611994
list:
dist: 3.4170091098611994 vs. 3.4170091098611994
--------
nle(id0,id1,dist): 79 86 1.3253831943309058
list:
dist: 1.3253831943309058 vs. 1.3253831943309058
--------
nle(id0,id1,dist): 79 87 2.6754663866936923
list:
dist: 2.6754663866936923 vs. 2.6754663866936923
--------
nle(id0,id1,dist): 79 81 2.8009766997902874
list:
dist: 2.8009766997902874 vs. 2.8009766997902874
--------
nle(id0,id1,dist): 79 80 0.7069811638399598
list:
dist: 0.7069811638399598 vs. 0.7069811638399598
--------
nle(id0,id1,dist): 79 85 1.4813886124957336
list:
dist: 1.4813886124957336 vs. 1.4813886124957336
--------
nle(id0,id1,dist): 79 84 1.2349329849934314
list:
dist: 1.2349329849934314 vs. 1.2349329849934314
--------
nle(id0,id1,dist): 79 83 2.0698054373417603
list:
dist: 2.0698054373417603 vs. 2.0698054373417603
--------
nle(id0,id1,dist): 79 82 1.4653114527112068
list:
dist: 1.4653114527112068 vs. 1.4653114527112068
--------
nle(id0,id1,dist): 77 114 4.246770574561337
list:
dist: 4.246770574561337 vs. 4.246770574561337
--------
nle(id0,id1,dist): 78 80 2.964067017029158
list:
dist: 2.964067017029158 vs. 2.964067017029158
--------
nle(id0,id1,dist): 78 79 2.751066898149764
list:
dist: 2.751066898149764 vs. 2.751066898149764
--------
nle(id0,id1,dist): 78 82 1.9168957083439946
list:
dist: 1.9168957083439946 vs. 1.9168957083439946
--------
nle(id0,id1,dist): 78 84 2.192933354350269
list:
dist: 2.192933354350269 vs. 2.192933354350269
--------
nle(id0,id1,dist): 78 83 1.744232434966911
list:
dist: 1.744232434966911 vs. 1.744232434966911
--------
nle(id0,id1,dist): 78 86 1.5267220078705594
list:
dist: 1.5267220078705594 vs. 1.5267220078705594
--------
nle(id0,id1,dist): 78 88 2.4313630331958507
list:
dist: 2.4313630331958507 vs. 2.4313630331958507
--------
nle(id0,id1,dist): 78 87 2.166304637508398
list:
dist: 2.166304637508398 vs. 2.166304637508398
--------
nle(id0,id1,dist): 78 89 1.0978511158707356
list:
dist: 1.0978511158707356 vs. 1.0978511158707356
--------
nle(id0,id1,dist): 84 89 2.807743864431828
list:
dist: 2.807743864431828 vs. 2.807743864431828
--------
nle(id0,id1,dist): 84 87 1.7278306024545362
list:
dist: 1.7278306024545362 vs. 1.7278306024545362
--------
nle(id0,id1,dist): 84 88 2.9676138786085007
list:
dist: 2.9676138786085007 vs. 2.9676138786085007
--------
nle(id0,id1,dist): 84 86 1.366120753188446
list:
dist: 1.366120753188446 vs. 1.366120753188446
--------
nle(id0,id1,dist): 83 86 0.9969862408586018
list:
dist: 0.9969862408586018 vs. 0.9969862408586018
--------
nle(id0,id1,dist): 83 87 3.273414842110196
list:
dist: 3.273414842110196 vs. 3.273414842110196
--------
nle(id0,id1,dist): 83 88 3.6439511645440015
list:
dist: 3.6439511645440015 vs. 3.6439511645440015
--------
nle(id0,id1,dist): 83 89 1.2309922124668107
list:
dist: 1.2309922124668107 vs. 1.2309922124668107
--------
nle(id0,id1,dist): 83 84 2.2515838522975478
list:
dist: 2.2515838522975478 vs. 2.2515838522975478
--------
nle(id0,id1,dist): 83 85 2.189277473605443
list:
dist: 2.189277473605443 vs. 2.189277473605443
--------
nle(id0,id1,dist): 82 89 1.6778668971017299
list:
dist: 1.6778668971017299 vs. 1.6778668971017299
--------
nle(id0,id1,dist): 82 87 2.944760682706173
list:
dist: 2.944760682706173 vs. 2.944760682706173
--------
nle(id0,id1,dist): 82 88 3.1859653408047053
list:
dist: 3.1859653408047053 vs. 3.1859653408047053
--------
nle(id0,id1,dist): 82 84 1.9430354397644451
list:
dist: 1.9430354397644451 vs. 1.9430354397644451
--------
nle(id0,id1,dist): 82 83 0.8811051963682031
list:
dist: 0.8811051963682031 vs. 0.8811051963682031
--------
nle(id0,id1,dist): 82 86 0.6742751679242871
list:
dist: 0.6742751679242871 vs. 0.6742751679242871
--------
nle(id0,id1,dist): 82 85 1.366158490135714
list:
dist: 1.366158490135714 vs. 1.366158490135714
--------
nle(id0,id1,dist): 73 100 4.704747350079115
list:
dist: 4.704747350079115 vs. 4.704747350079115
--------
nle(id0,id1,dist): 73 114 4.681543618736345
list:
dist: 4.681543618736345 vs. 4.681543618736345
--------
nle(id0,id1,dist): 74 77 3.1237238514191934
list:
dist: 3.1237238514191934 vs. 3.1237238514191934
--------
nle(id0,id1,dist): 73 109 4.318820963845214
list:
dist: 4.318820963845214 vs. 4.318820963845214
--------
nle(id0,id1,dist): 73 111 4.1932262928331845
list:
dist: 4.1932262928331845 vs. 4.1932262928331845
--------
nle(id0,id1,dist): 74 91 3.051910605696742
list:
dist: 3.051910605696742 vs. 3.051910605696742
--------
nle(id0,id1,dist): 74 92 1.1351861074603924
list:
dist: 1.1351861074603924 vs. 1.1351861074603924
--------
nle(id0,id1,dist): 74 93 2.350513332772524
list:
dist: 2.350513332772524 vs. 2.350513332772524
--------
nle(id0,id1,dist): 74 94 2.9773219239274384
list:
dist: 2.9773219239274384 vs. 2.9773219239274384
--------
nle(id0,id1,dist): 74 89 3.894176674259252
list:
dist: 3.894176674259252 vs. 3.894176674259252
--------
nle(id0,id1,dist): 73 74 3.6244633201653644
list:
dist: 3.6244633201653644 vs. 3.6244633201653644
--------
nle(id0,id1,dist): 73 83 2.9949034777960413
list:
dist: 2.9949034777960413 vs. 2.9949034777960413
--------
nle(id0,id1,dist): 73 82 2.1438206032202505
list:
dist: 2.1438206032202505 vs. 2.1438206032202505
--------
nle(id0,id1,dist): 73 81 1.9891041371614435
list:
dist: 1.9891041371614435 vs. 1.9891041371614435
--------
nle(id0,id1,dist): 73 80 1.4939189550931002
list:
dist: 1.4939189550931002 vs. 1.4939189550931002
--------
nle(id0,id1,dist): 73 79 2.1868811155267807
list:
dist: 2.1868811155267807 vs. 2.1868811155267807
--------
nle(id0,id1,dist): 73 77 0.924716841332464
list:
dist: 0.924716841332464 vs. 0.924716841332464
--------
nle(id0,id1,dist): 73 76 1.8797592116061372
list:
dist: 1.8797592116061372 vs. 1.8797592116061372
--------
nle(id0,id1,dist): 73 86 2.5414077497567837
list:
dist: 2.5414077497567837 vs. 2.5414077497567837
--------
nle(id0,id1,dist): 73 85 0.951999311600609
list:
dist: 0.951999311600609 vs. 0.951999311600609
--------
nle(id0,id1,dist): 73 98 4.228529084972708
list:
dist: 4.228529084972708 vs. 4.228529084972708
--------
nle(id0,id1,dist): 73 96 3.7364558016796394
list:
dist: 3.7364558016796394 vs. 3.7364558016796394
--------
nle(id0,id1,dist): 73 97 4.807458456117472
list:
dist: 4.807458456117472 vs. 4.807458456117472
--------
nle(id0,id1,dist): 73 95 4.312361449838987
list:
dist: 4.312361449838987 vs. 4.312361449838987
--------
nle(id0,id1,dist): 73 92 4.215549522701042
list:
dist: 4.215549522701042 vs. 4.215549522701042
--------
nle(id0,id1,dist): 72 73 2.720603637853572
list:
dist: 2.720603637853572 vs. 2.720603637853572
--------
nle(id0,id1,dist): 72 76 3.0076815926628773
list:
dist: 3.0076815926628773 vs. 3.0076815926628773
--------
nle(id0,id1,dist): 72 77 3.5839816793308095
list:
dist: 3.5839816793308095 vs. 3.5839816793308095
--------
nle(id0,id1,dist): 72 80 2.203084362394874
list:
dist: 2.203084362394874 vs. 2.203084362394874
--------
nle(id0,id1,dist): 72 79 2.4299258399812627
list:
dist: 2.4299258399812627 vs. 2.4299258399812627
--------
nle(id0,id1,dist): 72 81 1.2801504696524477
list:
dist: 1.2801504696524477 vs. 1.2801504696524477
--------
nle(id0,id1,dist): 72 85 2.845767891331787
list:
dist: 2.845767891331787 vs. 2.845767891331787
--------
nle(id0,id1,dist): 72 88 3.978903712083708
list:
dist: 3.978903712083708 vs. 3.978903712083708
--------
nle(id0,id1,dist): 72 87 3.476800280600423
list:
dist: 3.476800280600423 vs. 3.476800280600423
--------
nle(id0,id1,dist): 71 81 2.0783211766001797
list:
dist: 2.0783211766001797 vs. 2.0783211766001797
--------
nle(id0,id1,dist): 71 80 1.198949936689561
list:
dist: 1.198949936689561 vs. 1.198949936689561
--------
nle(id0,id1,dist): 71 79 1.156291799260472
list:
dist: 1.156291799260472 vs. 1.156291799260472
--------
nle(id0,id1,dist): 71 78 3.291369516190813
list:
dist: 3.291369516190813 vs. 3.291369516190813
--------
nle(id0,id1,dist): 71 85 2.07564962952338
list:
dist: 2.07564962952338 vs. 2.07564962952338
--------
nle(id0,id1,dist): 71 84 1.497997925318912
list:
dist: 1.497997925318912 vs. 1.497997925318912
--------
nle(id0,id1,dist): 71 83 3.0955276657085267
list:
dist: 3.0955276657085267 vs. 3.0955276657085267
--------
nle(id0,id1,dist): 71 82 2.4085219348550697
list:
dist: 2.4085219348550697 vs. 2.4085219348550697
--------
nle(id0,id1,dist): 71 88 3.150725890174173
list:
dist: 3.150725890174173 vs. 3.150725890174173
--------
nle(id0,id1,dist): 71 87 2.3725528405548695
list:
dist: 2.3725528405548695 vs. 2.3725528405548695
--------
nle(id0,id1,dist): 71 86 2.1839616980666468
list:
dist: 2.1839616980666468 vs. 2.1839616980666468
--------
nle(id0,id1,dist): 77 92 3.7039570452272668
list:
dist: 3.7039570452272668 vs. 3.7039570452272668
--------
nle(id0,id1,dist): 77 95 3.7495145426624226
list:
dist: 3.7495145426624226 vs. 3.7495145426624226
--------
nle(id0,id1,dist): 77 85 1.2050340912906863
list:
dist: 1.2050340912906863 vs. 1.2050340912906863
--------
nle(id0,id1,dist): 77 86 2.7798810886741157
list:
dist: 2.7798810886741157 vs. 2.7798810886741157
--------
nle(id0,id1,dist): 77 80 2.0715624896124747
list:
dist: 2.0715624896124747 vs. 2.0715624896124747
--------
nle(id0,id1,dist): 77 81 2.841906204530498
list:
dist: 2.841906204530498 vs. 2.841906204530498
--------
nle(id0,id1,dist): 77 82 2.2099445780211435
list:
dist: 2.2099445780211435 vs. 2.2099445780211435
--------
nle(id0,id1,dist): 77 83 2.9227566178327873
list:
dist: 2.9227566178327873 vs. 2.9227566178327873
--------
nle(id0,id1,dist): 77 109 3.802546158108719
list:
dist: 3.802546158108719 vs. 3.802546158108719
--------
nle(id0,id1,dist): 77 111 3.5992508233892884
list:
dist: 3.5992508233892884 vs. 3.5992508233892884
--------
nle(id0,id1,dist): 77 100 4.058805472371928
list:
dist: 4.058805472371928 vs. 4.058805472371928
--------
nle(id0,id1,dist): 77 97 4.193744271584704
list:
dist: 4.193744271584704 vs. 4.193744271584704
--------
nle(id0,id1,dist): 77 96 3.419056257484971
list:
dist: 3.419056257484971 vs. 3.419056257484971
--------
nle(id0,id1,dist): 77 98 3.646405237577495
list:
dist: 3.646405237577495 vs. 3.646405237577495
--------
nle(id0,id1,dist): 76 85 1.2515586836217931
list:
dist: 1.2515586836217931 vs. 1.2515586836217931
--------
nle(id0,id1,dist): 76 86 2.535984304192173
list:
dist: 2.535984304192173 vs. 2.535984304192173
--------
nle(id0,id1,dist): 77 79 2.6836398107242707
list:
dist: 2.6836398107242707 vs. 2.6836398107242707
--------
nle(id0,id1,dist): 76 77 1.9188251614142369
list:
dist: 1.9188251614142369 vs. 1.9188251614142369
--------
nle(id0,id1,dist): 76 80 1.5029079653095743
list:
dist: 1.5029079653095743 vs. 1.5029079653095743
--------
nle(id0,id1,dist): 76 79 1.7982745195000331
list:
dist: 1.7982745195000331 vs. 1.7982745195000331
--------
nle(id0,id1,dist): 76 82 2.1315172608306745
list:
dist: 2.1315172608306745 vs. 2.1315172608306745
--------
nle(id0,id1,dist): 76 81 2.9230214141355475
list:
dist: 2.9230214141355475 vs. 2.9230214141355475
--------
nle(id0,id1,dist): 76 83 2.715541441431688
list:
dist: 2.715541441431688 vs. 2.715541441431688
--------
nle(id0,id1,dist): 74 105 2.189340948470811
list:
dist: 2.189340948470811 vs. 2.189340948470811
--------
nle(id0,id1,dist): 74 106 1.7039774232859195
list:
dist: 1.7039774232859195 vs. 1.7039774232859195
--------
nle(id0,id1,dist): 74 103 2.1128011961971747
list:
dist: 2.1128011961971747 vs. 2.1128011961971747
--------
nle(id0,id1,dist): 74 104 2.425983393938651
list:
dist: 2.425983393938651 vs. 2.425983393938651
--------
nle(id0,id1,dist): 74 109 1.736771045425069
list:
dist: 1.736771045425069 vs. 1.736771045425069
--------
nle(id0,id1,dist): 74 110 1.4375671987573055
list:
dist: 1.4375671987573055 vs. 1.4375671987573055
--------
nle(id0,id1,dist): 74 107 1.7800714205882442
list:
dist: 1.7800714205882442 vs. 1.7800714205882442
--------
nle(id0,id1,dist): 74 108 2.3510455113269635
list:
dist: 2.3510455113269635 vs. 2.3510455113269635
--------
nle(id0,id1,dist): 74 97 1.509321137547783
list:
dist: 1.509321137547783 vs. 1.509321137547783
--------
nle(id0,id1,dist): 74 98 2.143490630002837
list:
dist: 2.143490630002837 vs. 2.143490630002837
--------
nle(id0,id1,dist): 74 95 0.757527135804773
list:
dist: 0.757527135804773 vs. 0.757527135804773
--------
nle(id0,id1,dist): 74 96 1.0558027450549559
list:
dist: 1.0558027450549559 vs. 1.0558027450549559
--------
nle(id0,id1,dist): 74 101 2.7780602545939823
list:
dist: 2.7780602545939823 vs. 2.7780602545939823
--------
nle(id0,id1,dist): 74 102 4.092647892952225
list:
dist: 4.092647892952225 vs. 4.092647892952225
--------
nle(id0,id1,dist): 74 99 2.68164238098084
list:
dist: 2.68164238098084 vs. 2.68164238098084
--------
nle(id0,id1,dist): 74 100 2.1141799044052707
list:
dist: 2.1141799044052707 vs. 2.1141799044052707
--------
nle(id0,id1,dist): 75 84 1.5339443517722546
list:
dist: 1.5339443517722546 vs. 1.5339443517722546
--------
nle(id0,id1,dist): 75 83 1.9615359016496199
list:
dist: 1.9615359016496199 vs. 1.9615359016496199
--------
nle(id0,id1,dist): 75 82 1.6979946455194546
list:
dist: 1.6979946455194546 vs. 1.6979946455194546
--------
nle(id0,id1,dist): 74 119 2.4017497854836174
list:
dist: 2.4017497854836174 vs. 2.4017497854836174
--------
nle(id0,id1,dist): 75 89 1.8030042724718836
list:
dist: 1.8030042724718836 vs. 1.8030042724718836
--------
nle(id0,id1,dist): 75 88 1.8462340089194365
list:
dist: 1.8462340089194365 vs. 1.8462340089194365
--------
nle(id0,id1,dist): 75 87 1.4298735151679036
list:
dist: 1.4298735151679036 vs. 1.4298735151679036
--------
nle(id0,id1,dist): 75 86 1.225066953536144
list:
dist: 1.225066953536144 vs. 1.225066953536144
--------
nle(id0,id1,dist): 74 114 1.2404151320932293
list:
dist: 1.2404151320932293 vs. 1.2404151320932293
--------
nle(id0,id1,dist): 74 113 1.9785306186812333
list:
dist: 1.9785306186812333 vs. 1.9785306186812333
--------
nle(id0,id1,dist): 74 112 2.465568217687802
list:
dist: 2.465568217687802 vs. 2.465568217687802
--------
nle(id0,id1,dist): 74 111 1.0554800342638764
list:
dist: 1.0554800342638764 vs. 1.0554800342638764
--------
nle(id0,id1,dist): 74 118 3.5179382546007085
list:
dist: 3.5179382546007085 vs. 3.5179382546007085
--------
nle(id0,id1,dist): 75 80 2.255783522274771
list:
dist: 2.255783522274771 vs. 2.255783522274771
--------
nle(id0,id1,dist): 74 117 3.1884628494919047
list:
dist: 3.1884628494919047 vs. 3.1884628494919047
--------
nle(id0,id1,dist): 75 79 2.0999651283338174
list:
dist: 2.0999651283338174 vs. 2.0999651283338174
--------
nle(id0,id1,dist): 74 116 3.2883952169318533
list:
dist: 3.2883952169318533 vs. 3.2883952169318533
--------
nle(id0,id1,dist): 74 115 3.0230246486545727
list:
dist: 3.0230246486545727 vs. 3.0230246486545727
--------
nle(id0,id1,dist): 75 78 0.986911605267785
list:
dist: 0.986911605267785 vs. 0.986911605267785
--------
nle(id0,id1,dist): 120 148 2.82336916565555
list:
dist: 2.82336916565555 vs. 2.82336916565555
--------
nle(id0,id1,dist): 120 137 1.9022865185066
list:
dist: 1.9022865185066 vs. 1.9022865185066
--------
nle(id0,id1,dist): 120 139 2.283935631505902
list:
dist: 2.283935631505902 vs. 2.283935631505902
--------
nle(id0,id1,dist): 120 141 2.826239710883077
list:
dist: 2.826239710883077 vs. 2.826239710883077
--------
nle(id0,id1,dist): 120 130 3.409529104019986
list:
dist: 3.409529104019986 vs. 3.409529104019986
--------
nle(id0,id1,dist): 120 129 1.1668371540903903
list:
dist: 1.1668371540903903 vs. 1.1668371540903903
--------
nle(id0,id1,dist): 120 132 3.42688997133899
list:
dist: 3.42688997133899 vs. 3.42688997133899
--------
nle(id0,id1,dist): 120 134 2.270483783096768
list:
dist: 2.270483783096768 vs. 2.270483783096768
--------
nle(id0,id1,dist): 120 133 1.7631894930033962
list:
dist: 1.7631894930033962 vs. 1.7631894930033962
--------
nle(id0,id1,dist): 120 135 3.1211573116738762
list:
dist: 3.1211573116738762 vs. 3.1211573116738762
--------
nle(id0,id1,dist): 120 122 3.9406126446700425
list:
dist: 3.9406126446700425 vs. 3.9406126446700425
--------
nle(id0,id1,dist): 120 121 1.8445594849237568
list:
dist: 1.8445594849237568 vs. 1.8445594849237568
--------
nle(id0,id1,dist): 120 124 2.4716983813867532
list:
dist: 2.4716983813867532 vs. 2.4716983813867532
--------
nle(id0,id1,dist): 120 123 1.3261865875920447
list:
dist: 1.3261865875920447 vs. 1.3261865875920447
--------
nle(id0,id1,dist): 120 126 2.143228308652379
list:
dist: 2.143228308652379 vs. 2.143228308652379
--------
nle(id0,id1,dist): 120 125 3.2407492063012024
list:
dist: 3.2407492063012024 vs. 3.2407492063012024
--------
nle(id0,id1,dist): 120 128 1.7152011330873276
list:
dist: 1.7152011330873276 vs. 1.7152011330873276
--------
nle(id0,id1,dist): 121 141 3.579176732444434
list:
dist: 3.579176732444434 vs. 3.579176732444434
--------
nle(id0,id1,dist): 121 134 2.5255294690601264
list:
dist: 2.5255294690601264 vs. 2.5255294690601264
--------
nle(id0,id1,dist): 121 135 3.174722741145447
list:
dist: 3.174722741145447 vs. 3.174722741145447
--------
nle(id0,id1,dist): 121 132 2.2302018567464827
list:
dist: 2.2302018567464827 vs. 2.2302018567464827
--------
nle(id0,id1,dist): 121 133 1.2255963629051765
list:
dist: 1.2255963629051765 vs. 1.2255963629051765
--------
nle(id0,id1,dist): 121 139 2.7781773905083864
list:
dist: 2.7781773905083864 vs. 2.7781773905083864
--------
nle(id0,id1,dist): 121 137 2.5492925555137913
list:
dist: 2.5492925555137913 vs. 2.5492925555137913
--------
nle(id0,id1,dist): 121 126 1.190923205866127
list:
dist: 1.190923205866127 vs. 1.190923205866127
--------
nle(id0,id1,dist): 121 125 2.610323672590967
list:
dist: 2.610323672590967 vs. 2.610323672590967
--------
nle(id0,id1,dist): 121 124 1.9247096710485179
list:
dist: 1.9247096710485179 vs. 1.9247096710485179
--------
nle(id0,id1,dist): 121 130 2.2980550062753693
list:
dist: 2.2980550062753693 vs. 2.2980550062753693
--------
nle(id0,id1,dist): 121 129 2.407008230906282
list:
dist: 2.407008230906282 vs. 2.407008230906282
--------
nle(id0,id1,dist): 121 128 2.7105851225334536
list:
dist: 2.7105851225334536 vs. 2.7105851225334536
--------
nle(id0,id1,dist): 121 123 1.9452710995236642
list:
dist: 1.9452710995236642 vs. 1.9452710995236642
--------
nle(id0,id1,dist): 121 122 2.579913656585575
list:
dist: 2.579913656585575 vs. 2.579913656585575
--------
nle(id0,id1,dist): 122 132 1.3189426226089618
list:
dist: 1.3189426226089618 vs. 1.3189426226089618
--------
nle(id0,id1,dist): 122 131 2.9212950559784403
list:
dist: 2.9212950559784403 vs. 2.9212950559784403
--------
nle(id0,id1,dist): 122 133 2.667959490807836
list:
dist: 2.667959490807836 vs. 2.667959490807836
--------
nle(id0,id1,dist): 122 130 1.0462759726728301
list:
dist: 1.0462759726728301 vs. 1.0462759726728301
--------
nle(id0,id1,dist): 122 140 1.603605757406447
list:
dist: 1.603605757406447 vs. 1.603605757406447
--------
nle(id0,id1,dist): 122 139 3.8985306601729826
list:
dist: 3.8985306601729826 vs. 3.8985306601729826
--------
nle(id0,id1,dist): 122 142 2.5352535334160535
list:
dist: 2.5352535334160535 vs. 2.5352535334160535
--------
nle(id0,id1,dist): 122 136 1.8440532366036297
list:
dist: 1.8440532366036297 vs. 1.8440532366036297
--------
nle(id0,id1,dist): 122 135 2.723745159097101
list:
dist: 2.723745159097101 vs. 2.723745159097101
--------
nle(id0,id1,dist): 122 137 3.1938105079130836
list:
dist: 3.1938105079130836 vs. 3.1938105079130836
--------
nle(id0,id1,dist): 121 148 3.273768766223599
list:
dist: 3.273768766223599 vs. 3.273768766223599
--------
nle(id0,id1,dist): 122 123 3.095237205507278
list:
dist: 3.095237205507278 vs. 3.095237205507278
--------
nle(id0,id1,dist): 122 124 1.7681598771002598
list:
dist: 1.7681598771002598 vs. 1.7681598771002598
--------
nle(id0,id1,dist): 122 125 1.5145871390206795
list:
dist: 1.5145871390206795 vs. 1.5145871390206795
--------
nle(id0,id1,dist): 122 126 1.7998310875860646
list:
dist: 1.7998310875860646 vs. 1.7998310875860646
--------
nle(id0,id1,dist): 123 129 0.6747344684065935
list:
dist: 0.6747344684065935 vs. 0.6747344684065935
--------
nle(id0,id1,dist): 123 128 0.7726177621748934
list:
dist: 0.7726177621748934 vs. 0.7726177621748934
--------
nle(id0,id1,dist): 123 126 1.4324263695137078
list:
dist: 1.4324263695137078 vs. 1.4324263695137078
--------
nle(id0,id1,dist): 123 125 2.0581591345556935
list:
dist: 2.0581591345556935 vs. 2.0581591345556935
--------
nle(id0,id1,dist): 123 124 1.429408236482658
list:
dist: 1.429408236482658 vs. 1.429408236482658
--------
nle(id0,id1,dist): 123 137 0.7899755122514239
list:
dist: 0.7899755122514239 vs. 0.7899755122514239
--------
nle(id0,id1,dist): 123 136 2.368412852193341
list:
dist: 2.368412852193341 vs. 2.368412852193341
--------
nle(id0,id1,dist): 123 135 1.7953328648002922
list:
dist: 1.7953328648002922 vs. 1.7953328648002922
--------
nle(id0,id1,dist): 123 134 1.13476464970575
list:
dist: 1.13476464970575 vs. 1.13476464970575
--------
nle(id0,id1,dist): 123 133 1.3509091873993497
list:
dist: 1.3509091873993497 vs. 1.3509091873993497
--------
nle(id0,id1,dist): 123 132 2.5626322283840755
list:
dist: 2.5626322283840755 vs. 2.5626322283840755
--------
nle(id0,id1,dist): 123 131 3.2137298095997893
list:
dist: 3.2137298095997893 vs. 3.2137298095997893
--------
nle(id0,id1,dist): 123 130 2.4444724484925016
list:
dist: 2.4444724484925016 vs. 2.4444724484925016
--------
nle(id0,id1,dist): 124 126 0.759070726367042
list:
dist: 0.759070726367042 vs. 0.759070726367042
--------
nle(id0,id1,dist): 124 125 0.8667482842129486
list:
dist: 0.8667482842129486 vs. 0.8667482842129486
--------
nle(id0,id1,dist): 124 128 1.9490083069968167
list:
dist: 1.9490083069968167 vs. 1.9490083069968167
--------
nle(id0,id1,dist): 124 130 1.3881391307723288
list:
dist: 1.3881391307723288 vs. 1.3881391307723288
--------
nle(id0,id1,dist): 124 129 2.080241617204474
list:
dist: 2.080241617204474 vs. 2.080241617204474
--------
nle(id0,id1,dist): 124 132 1.7069718575723194
list:
dist: 1.7069718575723194 vs. 1.7069718575723194
--------
nle(id0,id1,dist): 124 131 2.5596353591024092
list:
dist: 2.5596353591024092 vs. 2.5596353591024092
--------
nle(id0,id1,dist): 123 138 2.5870262139833513
list:
dist: 2.5870262139833513 vs. 2.5870262139833513
--------
nle(id0,id1,dist): 123 139 2.3949849651133412
list:
dist: 2.3949849651133412 vs. 2.3949849651133412
--------
nle(id0,id1,dist): 123 140 3.0237723992333514
list:
dist: 3.0237723992333514 vs. 3.0237723992333514
--------
nle(id0,id1,dist): 123 141 1.717863860959159
list:
dist: 1.717863860959159 vs. 1.717863860959159
--------
nle(id0,id1,dist): 123 142 3.4370911879091497
list:
dist: 3.4370911879091497 vs. 3.4370911879091497
--------
nle(id0,id1,dist): 123 143 2.9618828052262147
list:
dist: 2.9618828052262147 vs. 2.9618828052262147
--------
nle(id0,id1,dist): 123 144 3.8283178248424647
list:
dist: 3.8283178248424647 vs. 3.8283178248424647
--------
nle(id0,id1,dist): 123 145 2.9566021860835963
list:
dist: 2.9566021860835963 vs. 2.9566021860835963
--------
nle(id0,id1,dist): 123 146 3.359774031717922
list:
dist: 3.359774031717922 vs. 3.359774031717922
--------
nle(id0,id1,dist): 123 147 2.1182751649461964
list:
dist: 2.1182751649461964 vs. 2.1182751649461964
--------
nle(id0,id1,dist): 123 148 1.5612494191310986
list:
dist: 1.5612494191310986 vs. 1.5612494191310986
--------
nle(id0,id1,dist): 125 126 1.43230944632516
list:
dist: 1.43230944632516 vs. 1.43230944632516
--------
nle(id0,id1,dist): 124 135 1.5065746574611478
list:
dist: 1.5065746574611478 vs. 1.5065746574611478
--------
nle(id0,id1,dist): 124 136 1.3088038610422457
list:
dist: 1.3088038610422457 vs. 1.3088038610422457
--------
nle(id0,id1,dist): 124 133 1.7002890825314882
list:
dist: 1.7002890825314882 vs. 1.7002890825314882
--------
nle(id0,id1,dist): 124 134 1.68488769667001
list:
dist: 1.68488769667001 vs. 1.68488769667001
--------
nle(id0,id1,dist): 124 139 2.5727803191204366
list:
dist: 2.5727803191204366 vs. 2.5727803191204366
--------
nle(id0,id1,dist): 124 140 1.8680149226211886
list:
dist: 1.8680149226211886 vs. 1.8680149226211886
--------
nle(id0,id1,dist): 124 137 1.4328681740681655
list:
dist: 1.4328681740681655 vs. 1.4328681740681655
--------
nle(id0,id1,dist): 124 138 2.7996831048327246
list:
dist: 2.7996831048327246 vs. 2.7996831048327246
--------
nle(id0,id1,dist): 124 143 2.850182682195572
list:
dist: 2.850182682195572 vs. 2.850182682195572
--------
nle(id0,id1,dist): 124 144 3.6629010590837927
list:
dist: 3.6629010590837927 vs. 3.6629010590837927
--------
nle(id0,id1,dist): 124 141 2.33993414331415
list:
dist: 2.33993414331415 vs. 2.33993414331415
--------
nle(id0,id1,dist): 124 142 2.5214279375831614
list:
dist: 2.5214279375831614 vs. 2.5214279375831614
--------
nle(id0,id1,dist): 124 147 1.886583240424258
list:
dist: 1.886583240424258 vs. 1.886583240424258
--------
nle(id0,id1,dist): 124 148 1.848385527698499
list:
dist: 1.848385527698499 vs. 1.848385527698499
--------
nle(id0,id1,dist): 124 145 2.7569785026218128
list:
dist: 2.7569785026218128 vs. 2.7569785026218128
--------
nle(id0,id1,dist): 124 146 3.5874521405902122
list:
dist: 3.5874521405902122 vs. 3.5874521405902122
--------
nle(id0,id1,dist): 112 119 1.8758241667983138
list:
dist: 1.8758241667983138 vs. 1.8758241667983138
--------
nle(id0,id1,dist): 112 117 1.0870010770590173
list:
dist: 1.0870010770590173 vs. 1.0870010770590173
--------
nle(id0,id1,dist): 112 118 1.840072089814512
list:
dist: 1.840072089814512 vs. 1.840072089814512
--------
nle(id0,id1,dist): 112 115 1.7431970972059017
list:
dist: 1.7431970972059017 vs. 1.7431970972059017
--------
nle(id0,id1,dist): 112 116 1.7930543577371003
list:
dist: 1.7930543577371003 vs. 1.7930543577371003
--------
nle(id0,id1,dist): 112 113 0.9716437197792738
list:
dist: 0.9716437197792738 vs. 0.9716437197792738
--------
nle(id0,id1,dist): 112 114 1.3690137481889533
list:
dist: 1.3690137481889533 vs. 1.3690137481889533
--------
nle(id0,id1,dist): 113 116 2.5915813938887164
list:
dist: 2.5915813938887164 vs. 2.5915813938887164
--------
nle(id0,id1,dist): 113 117 2.0477679870023113
list:
dist: 2.0477679870023113 vs. 2.0477679870023113
--------
nle(id0,id1,dist): 113 118 2.5526570503292194
list:
dist: 2.5526570503292194 vs. 2.5526570503292194
--------
nle(id0,id1,dist): 113 119 2.4306335994660704
list:
dist: 2.4306335994660704 vs. 2.4306335994660704
--------
nle(id0,id1,dist): 113 114 1.344865970444008
list:
dist: 1.344865970444008 vs. 1.344865970444008
--------
nle(id0,id1,dist): 113 115 2.2455400325306307
list:
dist: 2.2455400325306307 vs. 2.2455400325306307
--------
nle(id0,id1,dist): 114 117 1.9572680949496823
list:
dist: 1.9572680949496823 vs. 1.9572680949496823
--------
nle(id0,id1,dist): 114 118 2.4324040427333506
list:
dist: 2.4324040427333506 vs. 2.4324040427333506
--------
nle(id0,id1,dist): 114 115 2.090198628465903
list:
dist: 2.090198628465903 vs. 2.090198628465903
--------
nle(id0,id1,dist): 114 116 2.1465771082129534
list:
dist: 2.1465771082129534 vs. 2.1465771082129534
--------
nle(id0,id1,dist): 114 119 1.3996076523944883
list:
dist: 1.3996076523944883 vs. 1.3996076523944883
--------
nle(id0,id1,dist): 115 118 3.10244654431996
list:
dist: 3.10244654431996 vs. 3.10244654431996
--------
nle(id0,id1,dist): 115 119 2.397150377969031
list:
dist: 2.397150377969031 vs. 2.397150377969031
--------
nle(id0,id1,dist): 115 116 2.700473669038138
list:
dist: 2.700473669038138 vs. 2.700473669038138
--------
nle(id0,id1,dist): 115 117 1.539675532957253
list:
dist: 1.539675532957253 vs. 1.539675532957253
--------
nle(id0,id1,dist): 116 117 1.3255439637426234
list:
dist: 1.3255439637426234 vs. 1.3255439637426234
--------
nle(id0,id1,dist): 116 118 0.7299183294018958
list:
dist: 0.7299183294018958 vs. 0.7299183294018958
--------
nle(id0,id1,dist): 116 119 1.209706429321161
list:
dist: 1.209706429321161 vs. 1.209706429321161
--------
nle(id0,id1,dist): 117 118 1.6248111314243658
list:
dist: 1.6248111314243658 vs. 1.6248111314243658
--------
nle(id0,id1,dist): 117 119 1.6877860402938145
list:
dist: 1.6877860402938145 vs. 1.6877860402938145
--------
nle(id0,id1,dist): 118 119 1.8012661105358823
list:
dist: 1.8012661105358823 vs. 1.8012661105358823
--------
nle(id0,id1,dist): 106 119 2.222313634419255
list:
dist: 2.222313634419255 vs. 2.222313634419255
--------
nle(id0,id1,dist): 106 113 2.416503853615792
list:
dist: 2.416503853615792 vs. 2.416503853615792
--------
nle(id0,id1,dist): 106 114 1.511615064174956
list:
dist: 1.511615064174956 vs. 1.511615064174956
--------
nle(id0,id1,dist): 106 111 2.025230615875553
list:
dist: 2.025230615875553 vs. 2.025230615875553
--------
nle(id0,id1,dist): 106 112 2.432158667171437
list:
dist: 2.432158667171437 vs. 2.432158667171437
--------
nle(id0,id1,dist): 106 117 2.686822133765573
list:
dist: 2.686822133765573 vs. 2.686822133765573
--------
nle(id0,id1,dist): 106 118 3.683403331632704
list:
dist: 3.683403331632704 vs. 3.683403331632704
--------
nle(id0,id1,dist): 106 115 1.8753818233762045
list:
dist: 1.8753818233762045 vs. 1.8753818233762045
--------
nle(id0,id1,dist): 106 116 3.205635865184127
list:
dist: 3.205635865184127 vs. 3.205635865184127
--------
nle(id0,id1,dist): 106 110 0.9969698344050191
list:
dist: 0.9969698344050191 vs. 0.9969698344050191
--------
nle(id0,id1,dist): 106 109 1.4892460490194444
list:
dist: 1.4892460490194444 vs. 1.4892460490194444
--------
nle(id0,id1,dist): 106 108 1.8834588353037218
list:
dist: 1.8834588353037218 vs. 1.8834588353037218
--------
nle(id0,id1,dist): 106 107 1.5642042824607565
list:
dist: 1.5642042824607565 vs. 1.5642042824607565
--------
nle(id0,id1,dist): 105 116 3.0294120870768815
list:
dist: 3.0294120870768815 vs. 3.0294120870768815
--------
nle(id0,id1,dist): 105 117 2.5468652489390036
list:
dist: 2.5468652489390036 vs. 2.5468652489390036
--------
nle(id0,id1,dist): 105 118 3.5975345889753227
list:
dist: 3.5975345889753227 vs. 3.5975345889753227
--------
nle(id0,id1,dist): 105 119 2.0344910817872734
list:
dist: 2.0344910817872734 vs. 2.0344910817872734
--------
nle(id0,id1,dist): 105 109 1.9229554209266035
list:
dist: 1.9229554209266035 vs. 1.9229554209266035
--------
nle(id0,id1,dist): 105 108 1.6046719215148142
list:
dist: 1.6046719215148142 vs. 1.6046719215148142
--------
nle(id0,id1,dist): 105 111 2.511048139914857
list:
dist: 2.511048139914857 vs. 2.511048139914857
--------
nle(id0,id1,dist): 105 110 1.4417487602831531
list:
dist: 1.4417487602831531 vs. 1.4417487602831531
--------
nle(id0,id1,dist): 105 113 2.7622074541680153
list:
dist: 2.7622074541680153 vs. 2.7622074541680153
--------
nle(id0,id1,dist): 105 112 2.5562028962464027
list:
dist: 2.5562028962464027 vs. 2.5562028962464027
--------
nle(id0,id1,dist): 105 115 1.7671503586658097
list:
dist: 1.7671503586658097 vs. 1.7671503586658097
--------
nle(id0,id1,dist): 105 114 1.7573241895076952
list:
dist: 1.7573241895076952 vs. 1.7573241895076952
--------
nle(id0,id1,dist): 105 107 1.530854218043165
list:
dist: 1.530854218043165 vs. 1.530854218043165
--------
nle(id0,id1,dist): 105 106 0.6307952953382244
list:
dist: 0.6307952953382244 vs. 0.6307952953382244
--------
nle(id0,id1,dist): 108 115 2.2691727478434514
list:
dist: 2.2691727478434514 vs. 2.2691727478434514
--------
nle(id0,id1,dist): 108 116 1.669183343515184
list:
dist: 1.669183343515184 vs. 1.669183343515184
--------
nle(id0,id1,dist): 108 113 2.632464802585067
list:
dist: 2.632464802585067 vs. 2.632464802585067
--------
nle(id0,id1,dist): 108 114 1.4612168823190184
list:
dist: 1.4612168823190184 vs. 1.4612168823190184
--------
nle(id0,id1,dist): 108 111 2.583908061073106
list:
dist: 2.583908061073106 vs. 2.583908061073106
--------
nle(id0,id1,dist): 108 112 2.129122326813765
list:
dist: 2.129122326813765 vs. 2.129122326813765
--------
nle(id0,id1,dist): 108 110 2.037536682703898
list:
dist: 2.037536682703898 vs. 2.037536682703898
--------
nle(id0,id1,dist): 107 119 1.9349440953754586
list:
dist: 1.9349440953754586 vs. 1.9349440953754586
--------
nle(id0,id1,dist): 107 114 1.8578416664163653
list:
dist: 1.8578416664163653 vs. 1.8578416664163653
--------
nle(id0,id1,dist): 107 110 2.151603835130548
list:
dist: 2.151603835130548 vs. 2.151603835130548
--------
nle(id0,id1,dist): 107 111 2.595075576768729
list:
dist: 2.595075576768729 vs. 2.595075576768729
--------
nle(id0,id1,dist): 107 108 1.5714161136795615
list:
dist: 1.5714161136795615 vs. 1.5714161136795615
--------
nle(id0,id1,dist): 107 109 1.8088637751113823
list:
dist: 1.8088637751113823 vs. 1.8088637751113823
--------
nle(id0,id1,dist): 109 114 2.4592444128829314
list:
dist: 2.4592444128829314 vs. 2.4592444128829314
--------
nle(id0,id1,dist): 109 111 2.499227899286976
list:
dist: 2.499227899286976 vs. 2.499227899286976
--------
nle(id0,id1,dist): 109 110 2.0553520256684146
list:
dist: 2.0553520256684146 vs. 2.0553520256684146
--------
nle(id0,id1,dist): 108 117 1.9025688798672418
list:
dist: 1.9025688798672418 vs. 1.9025688798672418
--------
nle(id0,id1,dist): 108 118 2.3031318590951946
list:
dist: 2.3031318590951946 vs. 2.3031318590951946
--------
nle(id0,id1,dist): 108 119 0.5294993754131995
list:
dist: 0.5294993754131995 vs. 0.5294993754131995
--------
nle(id0,id1,dist): 111 119 2.4928054595301554
list:
dist: 2.4928054595301554 vs. 2.4928054595301554
--------
nle(id0,id1,dist): 111 118 3.115297652685858
list:
dist: 3.115297652685858 vs. 3.115297652685858
--------
nle(id0,id1,dist): 111 116 3.0399328480265666
list:
dist: 3.0399328480265666 vs. 3.0399328480265666
--------
nle(id0,id1,dist): 111 117 2.712940781138257
list:
dist: 2.712940781138257 vs. 2.712940781138257
--------
nle(id0,id1,dist): 111 114 1.1269005088809987
list:
dist: 1.1269005088809987 vs. 1.1269005088809987
--------
nle(id0,id1,dist): 111 115 2.652887318839877
list:
dist: 2.652887318839877 vs. 2.652887318839877
--------
nle(id0,id1,dist): 111 112 1.7584770085382264
list:
dist: 1.7584770085382264 vs. 1.7584770085382264
--------
nle(id0,id1,dist): 111 113 1.0076009223275695
list:
dist: 1.0076009223275695 vs. 1.0076009223275695
--------
nle(id0,id1,dist): 110 111 1.2108735768939867
list:
dist: 1.2108735768939867 vs. 1.2108735768939867
--------
nle(id0,id1,dist): 110 112 1.6438638195048643
list:
dist: 1.6438638195048643 vs. 1.6438638195048643
--------
nle(id0,id1,dist): 110 113 1.4456559486627734
list:
dist: 1.4456559486627734 vs. 1.4456559486627734
--------
nle(id0,id1,dist): 110 114 0.9857620489641038
list:
dist: 0.9857620489641038 vs. 0.9857620489641038
--------
nle(id0,id1,dist): 110 119 2.150425083854461
list:
dist: 2.150425083854461 vs. 2.150425083854461
--------
nle(id0,id1,dist): 110 115 1.6396683012263487
list:
dist: 1.6396683012263487 vs. 1.6396683012263487
--------
nle(id0,id1,dist): 110 116 2.8704206096907696
list:
dist: 2.8704206096907696 vs. 2.8704206096907696
--------
nle(id0,id1,dist): 110 117 2.228946901720868
list:
dist: 2.228946901720868 vs. 2.228946901720868
--------
nle(id0,id1,dist): 110 118 3.1822183981766177
list:
dist: 3.1822183981766177 vs. 3.1822183981766177
--------
nle(id0,id1,dist): 99 107 1.4484081639932687
list:
dist: 1.4484081639932687 vs. 1.4484081639932687
--------
nle(id0,id1,dist): 99 106 1.4737717672793706
list:
dist: 1.4737717672793706 vs. 1.4737717672793706
--------
nle(id0,id1,dist): 99 109 2.5372103165550977
list:
dist: 2.5372103165550977 vs. 2.5372103165550977
--------
nle(id0,id1,dist): 99 108 1.2216435865685498
list:
dist: 1.2216435865685498 vs. 1.2216435865685498
--------
nle(id0,id1,dist): 99 111 3.0868919557105303
list:
dist: 3.0868919557105303 vs. 3.0868919557105303
--------
nle(id0,id1,dist): 99 110 2.16080511537451
list:
dist: 2.16080511537451 vs. 2.16080511537451
--------
nle(id0,id1,dist): 99 113 3.2718516899449157
list:
dist: 3.2718516899449157 vs. 3.2718516899449157
--------
nle(id0,id1,dist): 99 112 2.8688618050617385
list:
dist: 2.8688618050617385 vs. 2.8688618050617385
--------
nle(id0,id1,dist): 99 101 3.321391200046185
list:
dist: 3.321391200046185 vs. 3.321391200046185
--------
nle(id0,id1,dist): 99 100 3.0179518932452627
list:
dist: 3.0179518932452627 vs. 3.0179518932452627
--------
nle(id0,id1,dist): 99 103 2.2487473141341177
list:
dist: 2.2487473141341177 vs. 2.2487473141341177
--------
nle(id0,id1,dist): 99 102 3.6232225828334377
list:
dist: 3.6232225828334377 vs. 3.6232225828334377
--------
nle(id0,id1,dist): 99 105 0.9041991919121877
list:
dist: 0.9041991919121877 vs. 0.9041991919121877
--------
nle(id0,id1,dist): 99 104 1.7593433146399688
list:
dist: 1.7593433146399688 vs. 1.7593433146399688
--------
nle(id0,id1,dist): 99 114 2.1096415055730007
list:
dist: 2.1096415055730007 vs. 2.1096415055730007
--------
nle(id0,id1,dist): 99 115 2.201915660615899
list:
dist: 2.201915660615899 vs. 2.201915660615899
--------
nle(id0,id1,dist): 99 116 2.769775690334699
list:
dist: 2.769775690334699 vs. 2.769775690334699
--------
nle(id0,id1,dist): 99 117 2.587403585523954
list:
dist: 2.587403585523954 vs. 2.587403585523954
--------
nle(id0,id1,dist): 99 118 3.43662271709513
list:
dist: 3.43662271709513 vs. 3.43662271709513
--------
nle(id0,id1,dist): 99 119 1.743603174374512
list:
dist: 1.743603174374512 vs. 1.743603174374512
--------
nle(id0,id1,dist): 98 114 3.0191114798935645
list:
dist: 3.0191114798935645 vs. 3.0191114798935645
--------
nle(id0,id1,dist): 98 111 2.8418220706906236
list:
dist: 2.8418220706906236 vs. 2.8418220706906236
--------
nle(id0,id1,dist): 98 106 2.0988198978878523
list:
dist: 2.0988198978878523 vs. 2.0988198978878523
--------
nle(id0,id1,dist): 98 105 2.5649500633193583
list:
dist: 2.5649500633193583 vs. 2.5649500633193583
--------
nle(id0,id1,dist): 98 104 1.7501599501235356
list:
dist: 1.7501599501235356 vs. 1.7501599501235356
--------
nle(id0,id1,dist): 98 103 1.0908368302665161
list:
dist: 1.0908368302665161 vs. 1.0908368302665161
--------
nle(id0,id1,dist): 98 110 2.540048648797362
list:
dist: 2.540048648797362 vs. 2.540048648797362
--------
nle(id0,id1,dist): 98 109 0.695754406843516
list:
dist: 0.695754406843516 vs. 0.695754406843516
--------
nle(id0,id1,dist): 98 107 2.4678658264260833
list:
dist: 2.4678658264260833 vs. 2.4678658264260833
--------
nle(id0,id1,dist): 101 103 1.3674700350223545
list:
dist: 1.3674700350223545 vs. 1.3674700350223545
--------
nle(id0,id1,dist): 101 102 1.639138521026505
list:
dist: 1.639138521026505 vs. 1.639138521026505
--------
nle(id0,id1,dist): 101 114 3.420445013428158
list:
dist: 3.420445013428158 vs. 3.420445013428158
--------
nle(id0,id1,dist): 101 109 1.2226034212803827
list:
dist: 1.2226034212803827 vs. 1.2226034212803827
--------
nle(id0,id1,dist): 101 110 2.737404800383468
list:
dist: 2.737404800383468 vs. 2.737404800383468
--------
nle(id0,id1,dist): 101 111 3.2980726975602486
list:
dist: 3.2980726975602486 vs. 3.2980726975602486
--------
nle(id0,id1,dist): 101 104 1.6020262813857684
list:
dist: 1.6020262813857684 vs. 1.6020262813857684
--------
nle(id0,id1,dist): 101 105 2.6031346644275164
list:
dist: 2.6031346644275164 vs. 2.6031346644275164
--------
nle(id0,id1,dist): 101 106 2.2100028113471506
list:
dist: 2.2100028113471506 vs. 2.2100028113471506
--------
nle(id0,id1,dist): 101 107 2.9409423651660425
list:
dist: 2.9409423651660425 vs. 2.9409423651660425
--------
nle(id0,id1,dist): 100 107 2.5579257351432645
list:
dist: 2.5579257351432645 vs. 2.5579257351432645
--------
nle(id0,id1,dist): 100 106 1.7306815114887883
list:
dist: 1.7306815114887883 vs. 1.7306815114887883
--------
nle(id0,id1,dist): 100 105 2.2382941508579397
list:
dist: 2.2382941508579397 vs. 2.2382941508579397
--------
nle(id0,id1,dist): 100 104 1.4800847864093105
list:
dist: 1.4800847864093105 vs. 1.4800847864093105
--------
nle(id0,id1,dist): 100 103 1.2328438775764068
list:
dist: 1.2328438775764068 vs. 1.2328438775764068
--------
nle(id0,id1,dist): 100 102 2.264734927140856
list:
dist: 2.264734927140856 vs. 2.264734927140856
--------
nle(id0,id1,dist): 100 101 0.7122067788037035
list:
dist: 0.7122067788037035 vs. 0.7122067788037035
--------
nle(id0,id1,dist): 100 115 3.27530184478039
list:
dist: 3.27530184478039 vs. 3.27530184478039
--------
nle(id0,id1,dist): 100 113 3.307781829123391
list:
dist: 3.307781829123391 vs. 3.307781829123391
--------
nle(id0,id1,dist): 100 114 2.776809259186353
list:
dist: 2.776809259186353 vs. 2.776809259186353
--------
nle(id0,id1,dist): 100 111 2.587608761683228
list:
dist: 2.587608761683228 vs. 2.587608761683228
--------
nle(id0,id1,dist): 100 112 3.7414932047145735
list:
dist: 3.7414932047145735 vs. 3.7414932047145735
--------
nle(id0,id1,dist): 100 109 0.8439748245451186
list:
dist: 0.8439748245451186 vs. 0.8439748245451186
--------
nle(id0,id1,dist): 100 110 2.1056131220459506
list:
dist: 2.1056131220459506 vs. 2.1056131220459506
--------
nle(id0,id1,dist): 103 105 1.7604336907136333
list:
dist: 1.7604336907136333 vs. 1.7604336907136333
--------
nle(id0,id1,dist): 103 104 0.9358269353495908
list:
dist: 0.9358269353495908 vs. 0.9358269353495908
--------
nle(id0,id1,dist): 103 107 1.6369171857186473
list:
dist: 1.6369171857186473 vs. 1.6369171857186473
--------
nle(id0,id1,dist): 103 106 1.5073647450810677
list:
dist: 1.5073647450810677 vs. 1.5073647450810677
--------
nle(id0,id1,dist): 103 109 0.5792840685746442
list:
dist: 0.5792840685746442 vs. 0.5792840685746442
--------
nle(id0,id1,dist): 103 108 2.8953373447385244
list:
dist: 2.8953373447385244 vs. 2.8953373447385244
--------
nle(id0,id1,dist): 102 106 3.0923310351403748
list:
dist: 3.0923310351403748 vs. 3.0923310351403748
--------
nle(id0,id1,dist): 102 105 3.175030128122391
list:
dist: 3.175030128122391 vs. 3.175030128122391
--------
nle(id0,id1,dist): 102 104 2.0583209661756965
list:
dist: 2.0583209661756965 vs. 2.0583209661756965
--------
nle(id0,id1,dist): 102 103 2.081937011239917
list:
dist: 2.081937011239917 vs. 2.081937011239917
--------
nle(id0,id1,dist): 102 110 3.9076037401200314
list:
dist: 3.9076037401200314 vs. 3.9076037401200314
--------
nle(id0,id1,dist): 102 109 2.38372838574184
list:
dist: 2.38372838574184 vs. 2.38372838574184
--------
nle(id0,id1,dist): 102 107 3.5619301632559885
list:
dist: 3.5619301632559885 vs. 3.5619301632559885
--------
nle(id0,id1,dist): 102 114 4.532724306951074
list:
dist: 4.532724306951074 vs. 4.532724306951074
--------
nle(id0,id1,dist): 102 111 4.705164177798043
list:
dist: 4.705164177798043 vs. 4.705164177798043
--------
nle(id0,id1,dist): 104 109 1.2454537228283642
list:
dist: 1.2454537228283642 vs. 1.2454537228283642
--------
nle(id0,id1,dist): 104 110 2.0151393731730245
list:
dist: 2.0151393731730245 vs. 2.0151393731730245
--------
nle(id0,id1,dist): 104 111 2.9599947212932545
list:
dist: 2.9599947212932545 vs. 2.9599947212932545
--------
nle(id0,id1,dist): 104 112 3.495549804073969
list:
dist: 3.495549804073969 vs. 3.495549804073969
--------
nle(id0,id1,dist): 104 105 1.145166884431103
list:
dist: 1.145166884431103 vs. 1.145166884431103
--------
nle(id0,id1,dist): 104 106 1.0762635121594795
list:
dist: 1.0762635121594795 vs. 1.0762635121594795
--------
nle(id0,id1,dist): 104 107 1.8410225276066974
list:
dist: 1.8410225276066974 vs. 1.8410225276066974
--------
nle(id0,id1,dist): 104 113 3.4562308839586287
list:
dist: 3.4562308839586287 vs. 3.4562308839586287
--------
nle(id0,id1,dist): 104 114 2.5463425228853143
list:
dist: 2.5463425228853143 vs. 2.5463425228853143
--------
nle(id0,id1,dist): 104 115 2.631542903996712
list:
dist: 2.631542903996712 vs. 2.631542903996712
--------
nle(id0,id1,dist): 103 114 2.65416386125605
list:
dist: 2.65416386125605 vs. 2.65416386125605
--------
nle(id0,id1,dist): 103 110 2.29716161000907
list:
dist: 2.29716161000907 vs. 2.29716161000907
--------
nle(id0,id1,dist): 103 111 2.9029804830507513
list:
dist: 2.9029804830507513 vs. 2.9029804830507513
--------
nle(id0,id1,dist): 103 119 3.2919333197825624
list:
dist: 3.2919333197825624 vs. 3.2919333197825624
--------
nle(id0,id1,dist): 147 149 2.2872775940519894
list:
dist: 2.2872775940519894 vs. 2.2872775940519894
--------
nle(id0,id1,dist): 147 148 1.0671951634914405
list:
dist: 1.0671951634914405 vs. 1.0671951634914405
--------
nle(id0,id1,dist): 146 147 1.843389817824073
list:
dist: 1.843389817824073 vs. 1.843389817824073
--------
nle(id0,id1,dist): 146 148 1.919221165322141
list:
dist: 1.919221165322141 vs. 1.919221165322141
--------
nle(id0,id1,dist): 146 149 2.045368291479443
list:
dist: 2.045368291479443 vs. 2.045368291479443
--------
nle(id0,id1,dist): 144 148 2.3006083923903295
list:
dist: 2.3006083923903295 vs. 2.3006083923903295
--------
nle(id0,id1,dist): 144 147 2.395367892784351
list:
dist: 2.395367892784351 vs. 2.395367892784351
--------
nle(id0,id1,dist): 144 146 1.667708451294735
list:
dist: 1.667708451294735 vs. 1.667708451294735
--------
nle(id0,id1,dist): 144 145 1.5420306352567792
list:
dist: 1.5420306352567792 vs. 1.5420306352567792
--------
nle(id0,id1,dist): 144 149 1.5684604747987199
list:
dist: 1.5684604747987199 vs. 1.5684604747987199
--------
nle(id0,id1,dist): 145 149 1.4372808618276616
list:
dist: 1.4372808618276616 vs. 1.4372808618276616
--------
nle(id0,id1,dist): 145 148 1.5125183117189782
list:
dist: 1.5125183117189782 vs. 1.5125183117189782
--------
nle(id0,id1,dist): 145 147 1.0218266018994402
list:
dist: 1.0218266018994402 vs. 1.0218266018994402
--------
nle(id0,id1,dist): 145 146 1.1360722713158395
list:
dist: 1.1360722713158395 vs. 1.1360722713158395
--------
nle(id0,id1,dist): 142 149 1.5631945725731784
list:
dist: 1.5631945725731784 vs. 1.5631945725731784
--------
nle(id0,id1,dist): 142 147 1.6685518172675986
list:
dist: 1.6685518172675986 vs. 1.6685518172675986
--------
nle(id0,id1,dist): 142 148 2.4136223386671936
list:
dist: 2.4136223386671936 vs. 2.4136223386671936
--------
nle(id0,id1,dist): 142 145 1.598553470926375
list:
dist: 1.598553470926375 vs. 1.598553470926375
--------
nle(id0,id1,dist): 142 146 2.7150803364366496
list:
dist: 2.7150803364366496 vs. 2.7150803364366496
--------
nle(id0,id1,dist): 142 143 1.7818712859220502
list:
dist: 1.7818712859220502 vs. 1.7818712859220502
--------
nle(id0,id1,dist): 142 144 2.39138374438114
list:
dist: 2.39138374438114 vs. 2.39138374438114
--------
nle(id0,id1,dist): 143 146 0.9589049032460599
list:
dist: 0.9589049032460599 vs. 0.9589049032460599
--------
nle(id0,id1,dist): 143 147 1.0725367605382412
list:
dist: 1.0725367605382412 vs. 1.0725367605382412
--------
nle(id0,id1,dist): 143 148 1.5080924646536995
list:
dist: 1.5080924646536995 vs. 1.5080924646536995
--------
nle(id0,id1,dist): 143 149 1.535516897282497
list:
dist: 1.535516897282497 vs. 1.535516897282497
--------
nle(id0,id1,dist): 143 144 1.5673510752051643
list:
dist: 1.5673510752051643 vs. 1.5673510752051643
--------
nle(id0,id1,dist): 143 145 0.18990237862928375
list:
dist: 0.18990237862928375 vs. 0.18990237862928375
--------
nle(id0,id1,dist): 141 142 2.914312855090316
list:
dist: 2.914312855090316 vs. 2.914312855090316
--------
nle(id0,id1,dist): 141 143 1.7102472805707596
list:
dist: 1.7102472805707596 vs. 1.7102472805707596
--------
nle(id0,id1,dist): 140 149 2.482559854086944
list:
dist: 2.482559854086944 vs. 2.482559854086944
--------
nle(id0,id1,dist): 141 145 1.7702036535241177
list:
dist: 1.7702036535241177 vs. 1.7702036535241177
--------
nle(id0,id1,dist): 141 144 2.357450933579255
list:
dist: 2.357450933579255 vs. 2.357450933579255
--------
nle(id0,id1,dist): 141 147 1.5236491765035685
list:
dist: 1.5236491765035685 vs. 1.5236491765035685
--------
nle(id0,id1,dist): 141 146 1.8125602886675838
list:
dist: 1.8125602886675838 vs. 1.8125602886675838
--------
nle(id0,id1,dist): 141 148 0.5826554932893917
list:
dist: 0.5826554932893917 vs. 0.5826554932893917
--------
nle(id0,id1,dist): 140 145 2.146819187012225
list:
dist: 2.146819187012225 vs. 2.146819187012225
--------
nle(id0,id1,dist): 140 146 3.2693943896447077
list:
dist: 3.2693943896447077 vs. 3.2693943896447077
--------
nle(id0,id1,dist): 140 147 1.7199054578146484
list:
dist: 1.7199054578146484 vs. 1.7199054578146484
--------
nle(id0,id1,dist): 140 148 2.434293946852506
list:
dist: 2.434293946852506 vs. 2.434293946852506
--------
nle(id0,id1,dist): 140 141 3.0055571875657727
list:
dist: 3.0055571875657727 vs. 3.0055571875657727
--------
nle(id0,id1,dist): 140 142 0.934739512219683
list:
dist: 0.934739512219683 vs. 0.934739512219683
--------
nle(id0,id1,dist): 140 143 2.3134571561161317
list:
dist: 2.3134571561161317 vs. 2.3134571561161317
--------
nle(id0,id1,dist): 140 144 3.1092585097953753
list:
dist: 3.1092585097953753 vs. 3.1092585097953753
--------
nle(id0,id1,dist): 138 141 0.9910933101315801
list:
dist: 0.9910933101315801 vs. 0.9910933101315801
--------
nle(id0,id1,dist): 138 142 2.4332646461751435
list:
dist: 2.4332646461751435 vs. 2.4332646461751435
--------
nle(id0,id1,dist): 138 140 2.8263808323019566
list:
dist: 2.8263808323019566 vs. 2.8263808323019566
--------
nle(id0,id1,dist): 138 149 2.2375983275526847
list:
dist: 2.2375983275526847 vs. 2.2375983275526847
--------
nle(id0,id1,dist): 138 148 1.053390543148573
list:
dist: 1.053390543148573 vs. 1.053390543148573
--------
nle(id0,id1,dist): 138 147 1.4389880805106225
list:
dist: 1.4389880805106225 vs. 1.4389880805106225
--------
nle(id0,id1,dist): 138 146 1.0509885807204766
list:
dist: 1.0509885807204766 vs. 1.0509885807204766
--------
nle(id0,id1,dist): 138 145 1.0518158191024358
list:
dist: 1.0518158191024358 vs. 1.0518158191024358
--------
nle(id0,id1,dist): 138 144 1.438265051189535
list:
dist: 1.438265051189535 vs. 1.438265051189535
--------
nle(id0,id1,dist): 138 143 0.9774657212157015
list:
dist: 0.9774657212157015 vs. 0.9774657212157015
--------
nle(id0,id1,dist): 137 144 3.261109695411134
list:
dist: 3.261109695411134 vs. 3.261109695411134
--------
nle(id0,id1,dist): 137 145 2.660487712385246
list:
dist: 2.660487712385246 vs. 2.660487712385246
--------
nle(id0,id1,dist): 137 146 3.089005329707696
list:
dist: 3.089005329707696 vs. 3.089005329707696
--------
nle(id0,id1,dist): 137 147 2.005824611653737
list:
dist: 2.005824611653737 vs. 2.005824611653737
--------
nle(id0,id1,dist): 137 140 2.867731828270536
list:
dist: 2.867731828270536 vs. 2.867731828270536
--------
nle(id0,id1,dist): 137 141 1.3668220525740697
list:
dist: 1.3668220525740697 vs. 1.3668220525740697
--------
nle(id0,id1,dist): 137 142 3.1556999270313355
list:
dist: 3.1556999270313355 vs. 3.1556999270313355
--------
nle(id0,id1,dist): 137 143 2.682380724870376
list:
dist: 2.682380724870376 vs. 2.682380724870376
--------
nle(id0,id1,dist): 137 138 2.160617082371603
list:
dist: 2.160617082371603 vs. 2.160617082371603
--------
nle(id0,id1,dist): 137 139 2.2260464161957874
list:
dist: 2.2260464161957874 vs. 2.2260464161957874
--------
nle(id0,id1,dist): 137 148 1.1961358344716853
list:
dist: 1.1961358344716853 vs. 1.1961358344716853
--------
nle(id0,id1,dist): 136 147 1.3330728033355128
list:
dist: 1.3330728033355128 vs. 1.3330728033355128
--------
nle(id0,id1,dist): 136 148 1.7587396804884605
list:
dist: 1.7587396804884605 vs. 1.7587396804884605
--------
nle(id0,id1,dist): 136 145 1.8760231058858365
list:
dist: 1.8760231058858365 vs. 1.8760231058858365
--------
nle(id0,id1,dist): 136 146 2.9349761665620147
list:
dist: 2.9349761665620147 vs. 2.9349761665620147
--------
nle(id0,id1,dist): 136 149 2.550678671154738
list:
dist: 2.550678671154738 vs. 2.550678671154738
--------
nle(id0,id1,dist): 136 140 0.7918180535572275
list:
dist: 0.7918180535572275 vs. 0.7918180535572275
--------
nle(id0,id1,dist): 136 137 2.1107779211339475
list:
dist: 2.1107779211339475 vs. 2.1107779211339475
--------
nle(id0,id1,dist): 136 138 2.287829125757377
list:
dist: 2.287829125757377 vs. 2.287829125757377
--------
nle(id0,id1,dist): 136 143 2.029041008611524
list:
dist: 2.029041008611524 vs. 2.029041008611524
--------
nle(id0,id1,dist): 136 144 2.7527812192844556
list:
dist: 2.7527812192844556 vs. 2.7527812192844556
--------
nle(id0,id1,dist): 136 141 2.3372020224359114
list:
dist: 2.3372020224359114 vs. 2.3372020224359114
--------
nle(id0,id1,dist): 136 142 1.2297849455582621
list:
dist: 1.2297849455582621 vs. 1.2297849455582621
--------
nle(id0,id1,dist): 135 142 1.7793910234908017
list:
dist: 1.7793910234908017 vs. 1.7793910234908017
--------
nle(id0,id1,dist): 135 143 1.3910716655265942
list:
dist: 1.3910716655265942 vs. 1.3910716655265942
--------
nle(id0,id1,dist): 135 144 2.2732633648389093
list:
dist: 2.2732633648389093 vs. 2.2732633648389093
--------
nle(id0,id1,dist): 135 145 1.3135673842755227
list:
dist: 1.3135673842755227 vs. 1.3135673842755227
--------
nle(id0,id1,dist): 135 146 2.1127545527764355
list:
dist: 2.1127545527764355 vs. 2.1127545527764355
--------
nle(id0,id1,dist): 135 147 0.7041351736456788
list:
dist: 0.7041351736456788 vs. 0.7041351736456788
--------
nle(id0,id1,dist): 135 148 0.6950370569397493
list:
dist: 0.6950370569397493 vs. 0.6950370569397493
--------
nle(id0,id1,dist): 134 148 1.092399382786015
list:
dist: 1.092399382786015 vs. 1.092399382786015
--------
nle(id0,id1,dist): 134 147 1.2217001259921434
list:
dist: 1.2217001259921434 vs. 1.2217001259921434
--------
nle(id0,id1,dist): 135 140 1.741837266528573
list:
dist: 1.741837266528573 vs. 1.741837266528573
--------
nle(id0,id1,dist): 135 141 1.2687306371112634
list:
dist: 1.2687306371112634 vs. 1.2687306371112634
--------
nle(id0,id1,dist): 135 138 1.347687444678125
list:
dist: 1.347687444678125 vs. 1.347687444678125
--------
nle(id0,id1,dist): 135 139 3.4876563887030847
list:
dist: 3.4876563887030847 vs. 3.4876563887030847
--------
nle(id0,id1,dist): 135 136 1.0803349173882355
list:
dist: 1.0803349173882355 vs. 1.0803349173882355
--------
nle(id0,id1,dist): 135 137 1.4706791603102642
list:
dist: 1.4706791603102642 vs. 1.4706791603102642
--------
nle(id0,id1,dist): 134 135 1.2716577135300344
list:
dist: 1.2716577135300344 vs. 1.2716577135300344
--------
nle(id0,id1,dist): 134 136 2.030640689201729
list:
dist: 2.030640689201729 vs. 2.030640689201729
--------
nle(id0,id1,dist): 134 137 1.4134614065074624
list:
dist: 1.4134614065074624 vs. 1.4134614065074624
--------
nle(id0,id1,dist): 134 138 1.957553889925655
list:
dist: 1.957553889925655 vs. 1.957553889925655
--------
nle(id0,id1,dist): 134 143 2.0726817515338736
list:
dist: 2.0726817515338736 vs. 2.0726817515338736
--------
nle(id0,id1,dist): 134 144 3.2722517659044423
list:
dist: 3.2722517659044423 vs. 3.2722517659044423
--------
nle(id0,id1,dist): 134 145 2.0944583177869203
list:
dist: 2.0944583177869203 vs. 2.0944583177869203
--------
nle(id0,id1,dist): 134 146 2.479758791523282
list:
dist: 2.479758791523282 vs. 2.479758791523282
--------
nle(id0,id1,dist): 134 140 2.5566658509109024
list:
dist: 2.5566658509109024 vs. 2.5566658509109024
--------
nle(id0,id1,dist): 134 141 1.3264880920531557
list:
dist: 1.3264880920531557 vs. 1.3264880920531557
--------
nle(id0,id1,dist): 134 142 2.800081023006688
list:
dist: 2.800081023006688 vs. 2.800081023006688
--------
nle(id0,id1,dist): 133 135 2.39967625352657
list:
dist: 2.39967625352657 vs. 2.39967625352657
--------
nle(id0,id1,dist): 133 134 1.4582747158174556
list:
dist: 1.4582747158174556 vs. 1.4582747158174556
--------
nle(id0,id1,dist): 133 139 3.2470517352094608
list:
dist: 3.2470517352094608 vs. 3.2470517352094608
--------
nle(id0,id1,dist): 133 137 2.060812646401996
list:
dist: 2.060812646401996 vs. 2.060812646401996
--------
nle(id0,id1,dist): 133 141 2.686285673954646
list:
dist: 2.686285673954646 vs. 2.686285673954646
--------
nle(id0,id1,dist): 133 148 2.420035486873569
list:
dist: 2.420035486873569 vs. 2.420035486873569
--------
nle(id0,id1,dist): 132 134 2.173603395529218
list:
dist: 2.173603395529218 vs. 2.173603395529218
--------
nle(id0,id1,dist): 132 133 1.7951050508859159
list:
dist: 1.7951050508859159 vs. 1.7951050508859159
--------
nle(id0,id1,dist): 132 136 1.8684382464375342
list:
dist: 1.8684382464375342 vs. 1.8684382464375342
--------
nle(id0,id1,dist): 132 135 2.310972398008426
list:
dist: 2.310972398008426 vs. 2.310972398008426
--------
nle(id0,id1,dist): 132 138 3.525515925269318
list:
dist: 3.525515925269318 vs. 3.525515925269318
--------
nle(id0,id1,dist): 132 137 2.8787950907737083
list:
dist: 2.8787950907737083 vs. 2.8787950907737083
--------
nle(id0,id1,dist): 132 140 1.732135787568222
list:
dist: 1.732135787568222 vs. 1.732135787568222
--------
nle(id0,id1,dist): 132 139 4.132914223364978
list:
dist: 4.132914223364978 vs. 4.132914223364978
--------
nle(id0,id1,dist): 132 141 3.2814558376642293
list:
dist: 3.2814558376642293 vs. 3.2814558376642293
--------
nle(id0,id1,dist): 132 142 2.499791868397211
list:
dist: 2.499791868397211 vs. 2.499791868397211
--------
nle(id0,id1,dist): 132 143 3.108561239680479
list:
dist: 3.108561239680479 vs. 3.108561239680479
--------
nle(id0,id1,dist): 132 144 4.352038507177216
list:
dist: 4.352038507177216 vs. 4.352038507177216
--------
nle(id0,id1,dist): 132 145 3.020508542774768
list:
dist: 3.020508542774768 vs. 3.020508542774768
--------
nle(id0,id1,dist): 132 146 3.907355195734717
list:
dist: 3.907355195734717 vs. 3.907355195734717
--------
nle(id0,id1,dist): 132 147 2.120722733905324
list:
dist: 2.120722733905324 vs. 2.120722733905324
--------
nle(id0,id1,dist): 132 148 2.7808261214024914
list:
dist: 2.7808261214024914 vs. 2.7808261214024914
--------
nle(id0,id1,dist): 131 147 1.2505736871596111
list:
dist: 1.2505736871596111 vs. 1.2505736871596111
--------
nle(id0,id1,dist): 131 146 2.0709853087498193
list:
dist: 2.0709853087498193 vs. 2.0709853087498193
--------
nle(id0,id1,dist): 131 149 1.2452309248980937
list:
dist: 1.2452309248980937 vs. 1.2452309248980937
--------
nle(id0,id1,dist): 131 148 1.997696024906799
list:
dist: 1.997696024906799 vs. 1.997696024906799
--------
nle(id0,id1,dist): 131 142 0.6450417446052596
list:
dist: 0.6450417446052596 vs. 0.6450417446052596
--------
nle(id0,id1,dist): 131 143 1.1409343708019926
list:
dist: 1.1409343708019926 vs. 1.1409343708019926
--------
nle(id0,id1,dist): 131 144 1.9432036610238452
list:
dist: 1.9432036610238452 vs. 1.9432036610238452
--------
nle(id0,id1,dist): 131 145 0.9593686502401528
list:
dist: 0.9593686502401528 vs. 0.9593686502401528
--------
nle(id0,id1,dist): 131 138 1.8639363104932432
list:
dist: 1.8639363104932432 vs. 1.8639363104932432
--------
nle(id0,id1,dist): 131 140 1.3592343969034373
list:
dist: 1.3592343969034373 vs. 1.3592343969034373
--------
nle(id0,id1,dist): 131 141 2.4366639105721277
list:
dist: 2.4366639105721277 vs. 2.4366639105721277
--------
nle(id0,id1,dist): 131 134 2.4598716446008715
list:
dist: 2.4598716446008715 vs. 2.4598716446008715
--------
nle(id0,id1,dist): 131 135 1.4637098715315482
list:
dist: 1.4637098715315482 vs. 1.4637098715315482
--------
nle(id0,id1,dist): 131 136 1.3654447513355505
list:
dist: 1.3654447513355505 vs. 1.3654447513355505
--------
nle(id0,id1,dist): 131 137 2.9229643004128794
list:
dist: 2.9229643004128794 vs. 2.9229643004128794
--------
nle(id0,id1,dist): 131 132 2.6360134705679186
list:
dist: 2.6360134705679186 vs. 2.6360134705679186
--------
nle(id0,id1,dist): 130 147 1.9404593376826849
list:
dist: 1.9404593376826849 vs. 1.9404593376826849
--------
nle(id0,id1,dist): 130 148 2.558638456555272
list:
dist: 2.558638456555272 vs. 2.558638456555272
--------
nle(id0,id1,dist): 130 145 2.812186562316468
list:
dist: 2.812186562316468 vs. 2.812186562316468
--------
nle(id0,id1,dist): 130 146 3.766934559444672
list:
dist: 3.766934559444672 vs. 3.766934559444672
--------
nle(id0,id1,dist): 130 143 2.9197180080247405
list:
dist: 2.9197180080247405 vs. 2.9197180080247405
--------
nle(id0,id1,dist): 130 144 4.049531585827102
list:
dist: 4.049531585827102 vs. 4.049531585827102
--------
nle(id0,id1,dist): 130 141 3.0953823339300097
list:
dist: 3.0953823339300097 vs. 3.0953823339300097
--------
nle(id0,id1,dist): 130 142 2.179406413723406
list:
dist: 2.179406413723406 vs. 2.179406413723406
--------
nle(id0,id1,dist): 130 139 3.8819832218759345
list:
dist: 3.8819832218759345 vs. 3.8819832218759345
--------
nle(id0,id1,dist): 130 140 1.3521984954968203
list:
dist: 1.3521984954968203 vs. 1.3521984954968203
--------
nle(id0,id1,dist): 130 137 2.6443539880944265
list:
dist: 2.6443539880944265 vs. 2.6443539880944265
--------
nle(id0,id1,dist): 130 138 3.3018009989019856
list:
dist: 3.3018009989019856 vs. 3.3018009989019856
--------
nle(id0,id1,dist): 130 135 2.0276599592050117
list:
dist: 2.0276599592050117 vs. 2.0276599592050117
--------
nle(id0,id1,dist): 130 136 1.4511336966072481
list:
dist: 1.4511336966072481 vs. 1.4511336966072481
--------
nle(id0,id1,dist): 130 132 0.46700613615759745
list:
dist: 0.46700613615759745 vs. 0.46700613615759745
--------
nle(id0,id1,dist): 130 131 2.3616574451561942
list:
dist: 2.3616574451561942 vs. 2.3616574451561942
--------
nle(id0,id1,dist): 130 134 2.1184311505782967
list:
dist: 2.1184311505782967 vs. 2.1184311505782967
--------
nle(id0,id1,dist): 130 133 1.922189642030183
list:
dist: 1.922189642030183 vs. 1.922189642030183
--------
nle(id0,id1,dist): 129 148 1.7463406140369846
list:
dist: 1.7463406140369846 vs. 1.7463406140369846
--------
nle(id0,id1,dist): 129 141 1.6709581628557897
list:
dist: 1.6709581628557897 vs. 1.6709581628557897
--------
nle(id0,id1,dist): 129 135 2.183891109508812
list:
dist: 2.183891109508812 vs. 2.183891109508812
--------
nle(id0,id1,dist): 129 134 1.446620200712065
list:
dist: 1.446620200712065 vs. 1.446620200712065
--------
nle(id0,id1,dist): 129 133 1.8104919341428305
list:
dist: 1.8104919341428305 vs. 1.8104919341428305
--------
nle(id0,id1,dist): 129 132 3.191877563830864
list:
dist: 3.191877563830864 vs. 3.191877563830864
--------
nle(id0,id1,dist): 129 137 1.0165388394337131
list:
dist: 1.0165388394337131 vs. 1.0165388394337131
--------
nle(id0,id1,dist): 129 130 3.0957879968476596
list:
dist: 3.0957879968476596 vs. 3.0957879968476596
--------
nle(id0,id1,dist): 128 147 2.065891838577181
list:
dist: 2.065891838577181 vs. 2.065891838577181
--------
nle(id0,id1,dist): 128 148 1.2114201093524093
list:
dist: 1.2114201093524093 vs. 1.2114201093524093
--------
nle(id0,id1,dist): 128 145 2.6958370310475965
list:
dist: 2.6958370310475965 vs. 2.6958370310475965
--------
nle(id0,id1,dist): 128 146 2.885660728994345
list:
dist: 2.885660728994345 vs. 2.885660728994345
--------
nle(id0,id1,dist): 128 133 1.9956472649072687
list:
dist: 1.9956472649072687 vs. 1.9956472649072687
--------
nle(id0,id1,dist): 128 134 1.1885751277057186
list:
dist: 1.1885751277057186 vs. 1.1885751277057186
--------
nle(id0,id1,dist): 128 135 1.7177243998768987
list:
dist: 1.7177243998768987 vs. 1.7177243998768987
--------
nle(id0,id1,dist): 128 136 2.566329763564556
list:
dist: 2.566329763564556 vs. 2.566329763564556
--------
nle(id0,id1,dist): 128 129 0.5638217605633751
list:
dist: 0.5638217605633751 vs. 0.5638217605633751
--------
nle(id0,id1,dist): 128 130 2.9556104531167287
list:
dist: 2.9556104531167287 vs. 2.9556104531167287
--------
nle(id0,id1,dist): 128 131 3.151954040564881
list:
dist: 3.151954040564881 vs. 3.151954040564881
--------
nle(id0,id1,dist): 128 132 3.0994334600114155
list:
dist: 3.0994334600114155 vs. 3.0994334600114155
--------
nle(id0,id1,dist): 128 141 1.1225013676722215
list:
dist: 1.1225013676722215 vs. 1.1225013676722215
--------
nle(id0,id1,dist): 128 142 3.4912300502569313
list:
dist: 3.4912300502569313 vs. 3.4912300502569313
--------
nle(id0,id1,dist): 128 143 2.667534970241009
list:
dist: 2.667534970241009 vs. 2.667534970241009
--------
nle(id0,id1,dist): 128 144 3.3881016527532606
list:
dist: 3.3881016527532606 vs. 3.3881016527532606
--------
nle(id0,id1,dist): 128 137 0.7264737626647881
list:
dist: 0.7264737626647881 vs. 0.7264737626647881
--------
nle(id0,id1,dist): 128 138 2.0906173139341475
list:
dist: 2.0906173139341475 vs. 2.0906173139341475
--------
nle(id0,id1,dist): 128 140 3.2781004776076523
list:
dist: 3.2781004776076523 vs. 3.2781004776076523
--------
nle(id0,id1,dist): 126 139 2.6340164453798653
list:
dist: 2.6340164453798653 vs. 2.6340164453798653
--------
nle(id0,id1,dist): 126 140 2.349673344498695
list:
dist: 2.349673344498695 vs. 2.349673344498695
--------
nle(id0,id1,dist): 126 141 2.7574171756481882
list:
dist: 2.7574171756481882 vs. 2.7574171756481882
--------
nle(id0,id1,dist): 126 142 3.090424961524119
list:
dist: 3.090424961524119 vs. 3.090424961524119
--------
nle(id0,id1,dist): 126 143 3.3592371600023867
list:
dist: 3.3592371600023867 vs. 3.3592371600023867
--------
nle(id0,id1,dist): 126 144 4.332337088880973
list:
dist: 4.332337088880973 vs. 4.332337088880973
--------
nle(id0,id1,dist): 126 145 3.28716267922205
list:
dist: 3.28716267922205 vs. 3.28716267922205
--------
nle(id0,id1,dist): 126 146 4.047476647295512
list:
dist: 4.047476647295512 vs. 4.047476647295512
--------
nle(id0,id1,dist): 126 147 2.316235474258102
list:
dist: 2.316235474258102 vs. 2.316235474258102
--------
nle(id0,id1,dist): 126 148 2.332601157842601
list:
dist: 2.332601157842601 vs. 2.332601157842601
--------
nle(id0,id1,dist): 126 128 2.1420097456316576
list:
dist: 2.1420097456316576 vs. 2.1420097456316576
--------
nle(id0,id1,dist): 126 130 1.395719909257113
list:
dist: 1.395719909257113 vs. 1.395719909257113
--------
nle(id0,id1,dist): 126 129 2.088048252088828
list:
dist: 2.088048252088828 vs. 2.088048252088828
--------
nle(id0,id1,dist): 126 132 1.5331470810375851
list:
dist: 1.5331470810375851 vs. 1.5331470810375851
--------
nle(id0,id1,dist): 126 131 3.1278971004550646
list:
dist: 3.1278971004550646 vs. 3.1278971004550646
--------
nle(id0,id1,dist): 126 134 1.806369763269785
list:
dist: 1.806369763269785 vs. 1.806369763269785
--------
nle(id0,id1,dist): 126 133 1.169309843822719
list:
dist: 1.169309843822719 vs. 1.169309843822719
--------
nle(id0,id1,dist): 126 136 1.947349414414869
list:
dist: 1.947349414414869 vs. 1.947349414414869
--------
nle(id0,id1,dist): 126 135 2.089054581308266
list:
dist: 2.089054581308266 vs. 2.089054581308266
--------
nle(id0,id1,dist): 126 138 3.3392368943792508
list:
dist: 3.3392368943792508 vs. 3.3392368943792508
--------
nle(id0,id1,dist): 126 137 1.7913539842230055
list:
dist: 1.7913539842230055 vs. 1.7913539842230055
--------
nle(id0,id1,dist): 125 146 3.210451193461545
list:
dist: 3.210451193461545 vs. 3.210451193461545
--------
nle(id0,id1,dist): 125 147 1.4496408610588063
list:
dist: 1.4496408610588063 vs. 1.4496408610588063
--------
nle(id0,id1,dist): 125 144 3.203088666423957
list:
dist: 3.203088666423957 vs. 3.203088666423957
--------
nle(id0,id1,dist): 125 145 2.2148979028691995
list:
dist: 2.2148979028691995 vs. 2.2148979028691995
--------
nle(id0,id1,dist): 125 148 1.8234583659518806
list:
dist: 1.8234583659518806 vs. 1.8234583659518806
--------
nle(id0,id1,dist): 125 131 1.8028382361870054
list:
dist: 1.8028382361870054 vs. 1.8028382361870054
--------
nle(id0,id1,dist): 125 130 1.0471511806005702
list:
dist: 1.0471511806005702 vs. 1.0471511806005702
--------
nle(id0,id1,dist): 125 129 2.6742069391306007
list:
dist: 2.6742069391306007 vs. 2.6742069391306007
--------
nle(id0,id1,dist): 125 128 2.4021816397402076
list:
dist: 2.4021816397402076 vs. 2.4021816397402076
--------
nle(id0,id1,dist): 125 135 1.2190899422439674
list:
dist: 1.2190899422439674 vs. 1.2190899422439674
--------
nle(id0,id1,dist): 125 134 1.8320562427627838
list:
dist: 1.8320562427627838 vs. 1.8320562427627838
--------
nle(id0,id1,dist): 125 133 2.1846756963010185
list:
dist: 2.1846756963010185 vs. 2.1846756963010185
--------
nle(id0,id1,dist): 125 132 1.4707802140800996
list:
dist: 1.4707802140800996 vs. 1.4707802140800996
--------
nle(id0,id1,dist): 125 139 3.34599524235575
list:
dist: 3.34599524235575 vs. 3.34599524235575
--------
nle(id0,id1,dist): 125 138 2.5482702292373554
list:
dist: 2.5482702292373554 vs. 2.5482702292373554
--------
nle(id0,id1,dist): 125 137 1.9468216834646137
list:
dist: 1.9468216834646137 vs. 1.9468216834646137
--------
nle(id0,id1,dist): 125 136 0.533956278485907
list:
dist: 0.533956278485907 vs. 0.533956278485907
--------
nle(id0,id1,dist): 125 143 2.34386424736621
list:
dist: 2.34386424736621 vs. 2.34386424736621
--------
nle(id0,id1,dist): 125 142 1.681704275082693
list:
dist: 1.681704275082693 vs. 1.681704275082693
--------
nle(id0,id1,dist): 125 141 2.399313547744443
list:
dist: 2.399313547744443 vs. 2.399313547744443
--------
nle(id0,id1,dist): 125 140 1.0138598654184456
list:
dist: 1.0138598654184456 vs. 1.0138598654184456
2. Check the NeighborList query for coordinates against the neighbor list for consistency
list:
dist: 2.631583697773247 vs. 2.631583697773247
list:
dist: 1.3210147241820571 vs. 1.3210147241820571
list:
dist: 2.2572538146328154 vs. 2.2572538146328154
list:
dist: 2.0905777042414946 vs. 2.0905777042414946
list:
dist: 1.6618616247429736 vs. 1.6618616247429736
list:
dist: 3.087827427257865 vs. 3.087827427257865
list:
dist: 2.4938622963662738 vs. 2.4938622963662738
list:
dist: 2.6176445955538927 vs. 2.6176445955538927
list:
dist: 2.4693539943368976 vs. 2.4693539943368976
list:
dist: 2.746757143318424 vs. 2.746757143318424
list:
dist: 2.0905777042414946 vs. 2.0905777042414946
list:
dist: 1.5745888215872517 vs. 1.5745888215872517
list:
dist: 1.26672734224874 vs. 1.26672734224874
list:
dist: 1.1400912993688446 vs. 1.1400912993688446
list:
dist: 0.7505434436395635 vs. 0.7505434436395635
list:
dist: 1.7057024311292162 vs. 1.7057024311292162
list:
dist: 2.053989458465427 vs. 2.053989458465427
list:
dist: 2.135344887670729 vs. 2.135344887670729
list:
dist: 2.5339907213187227 vs. 2.5339907213187227
list:
dist: 2.762867626275152 vs. 2.762867626275152
list:
dist: 2.1353524250807774 vs. 2.1353524250807774
list:
dist: 3.2044760691453824 vs. 3.2044760691453824
list:
dist: 2.4312725056491384 vs. 2.4312725056491384
list:
dist: 4.178197114236087 vs. 4.178197114236087
list:
dist: 3.203275143675802 vs. 3.203275143675802
list:
dist: 3.8188833374448827 vs. 3.8188833374448827
list:
dist: 4.404918236563217 vs. 4.404918236563217
list:
dist: 3.67089500695108 vs. 3.67089500695108
list:
dist: 2.6757743905432934 vs. 2.6757743905432934
list:
dist: 2.884642429390882 vs. 2.884642429390882
list:
dist: 2.690909828901024 vs. 2.690909828901024
list:
dist: 3.546887216391724 vs. 3.546887216391724
list:
dist: 2.581943808402565 vs. 2.581943808402565
list:
dist: 2.5339907213187227 vs. 2.5339907213187227
list:
dist: 2.9529546249091108 vs. 2.9529546249091108
list:
dist: 2.0822350971481827 vs. 2.0822350971481827
list:
dist: 2.6374407729351588 vs. 2.6374407729351588
list:
dist: 1.5914573714234908 vs. 1.5914573714234908
list:
dist: 1.9832667612008155 vs. 1.9832667612008155
list:
dist: 2.2956307017098747 vs. 2.2956307017098747
list:
dist: 3.603083783674899 vs. 3.603083783674899
list:
dist: 1.357015639852376 vs. 1.357015639852376
list:
dist: 2.6035885368124387 vs. 2.6035885368124387
list:
dist: 1.9062381458683442 vs. 1.9062381458683442
list:
dist: 2.1353524250807774 vs. 2.1353524250807774
list:
dist: 2.200207118068021 vs. 2.200207118068021
list:
dist: 1.0886568781861776 vs. 1.0886568781861776
list:
dist: 1.9831371148547086 vs. 1.9831371148547086
list:
dist: 1.9718903483158978 vs. 1.9718903483158978
list:
dist: 1.5914573714234908 vs. 1.5914573714234908
list:
dist: 1.1406814605515865 vs. 1.1406814605515865
list:
dist: 1.38011465499783 vs. 1.38011465499783
list:
dist: 1.2277546792734944 vs. 1.2277546792734944
list:
dist: 3.300219734181154 vs. 3.300219734181154
list:
dist: 2.1377471934709824 vs. 2.1377471934709824
list:
dist: 2.5957608957246414 vs. 2.5957608957246414
list:
dist: 3.7107986694958695 vs. 3.7107986694958695
list:
dist: 3.7124299698999 vs. 3.7124299698999
list:
dist: 1.7687931425166825 vs. 1.7687931425166825
list:
dist: 1.8683595566867244 vs. 1.8683595566867244
list:
dist: 2.3534067273666395 vs. 2.3534067273666395
list:
dist: 4.03511645993361 vs. 4.03511645993361
list:
dist: 2.7023156043481356 vs. 2.7023156043481356
list:
dist: 3.6964837503396564 vs. 3.6964837503396564
list:
dist: 3.492581742744824 vs. 3.492581742744824
list:
dist: 1.6618616247429736 vs. 1.6618616247429736
list:
dist: 1.25110370013304 vs. 1.25110370013304
list:
dist: 0.7862782436051668 vs. 0.7862782436051668
list:
dist: 0.7870242221825005 vs. 0.7870242221825005
list:
dist: 0.7505434436395635 vs. 0.7505434436395635
list:
dist: 1.512738618098215 vs. 1.512738618098215
list:
dist: 1.5457220787830412 vs. 1.5457220787830412
list:
dist: 1.5361585307004866 vs. 1.5361585307004866
list:
dist: 2.9529546249091108 vs. 2.9529546249091108
list:
dist: 2.6570291176360143 vs. 2.6570291176360143
list:
dist: 2.200207118068021 vs. 2.200207118068021
list:
dist: 3.149734432784586 vs. 3.149734432784586
list:
dist: 2.183644167951896 vs. 2.183644167951896
list:
dist: 3.5890518905973807 vs. 3.5890518905973807
list:
dist: 2.7083758705962446 vs. 2.7083758705962446
list:
dist: 3.3267374287906573 vs. 3.3267374287906573
list:
dist: 3.7752105547069634 vs. 3.7752105547069634
list:
dist: 2.9397282846925763 vs. 2.9397282846925763
list:
dist: 2.1979141532586985 vs. 2.1979141532586985
list:
dist: 2.4317248413055963 vs. 2.4317248413055963
list:
dist: 3.087827427257865 vs. 3.087827427257865
list:
dist: 1.0787506129063849 vs. 1.0787506129063849
list:
dist: 2.0778307068329407 vs. 2.0778307068329407
list:
dist: 0.9622593337103753 vs. 0.9622593337103753
list:
dist: 1.7057024311292162 vs. 1.7057024311292162
list:
dist: 1.512738618098215 vs. 1.512738618098215
list:
dist: 1.6480583188563833 vs. 1.6480583188563833
list:
dist: 1.1666432228924655 vs. 1.1666432228924655
list:
dist: 2.0822350971481827 vs. 2.0822350971481827
list:
dist: 1.828852872361542 vs. 1.828852872361542
list:
dist: 1.0886568781861776 vs. 1.0886568781861776
list:
dist: 1.648228905143286 vs. 1.648228905143286
list:
dist: 0.725804382798337 vs. 0.725804382798337
list:
dist: 3.023575183275213 vs. 3.023575183275213
list:
dist: 1.81564743051329 vs. 1.81564743051329
list:
dist: 2.3374465380828404 vs. 2.3374465380828404
list:
dist: 3.0988509701378772 vs. 3.0988509701378772
list:
dist: 2.910355978016496 vs. 2.910355978016496
list:
dist: 1.2801563391416955 vs. 1.2801563391416955
list:
dist: 1.3448054267276217 vs. 1.3448054267276217
list:
dist: 1.3210147241820571 vs. 1.3210147241820571
list:
dist: 1.3893103779582279 vs. 1.3893103779582279
list:
dist: 1.5155569945265264 vs. 1.5155569945265264
list:
dist: 1.26672734224874 vs. 1.26672734224874
list:
dist: 0.7862782436051668 vs. 0.7862782436051668
list:
dist: 2.0778307068329407 vs. 2.0778307068329407
list:
dist: 1.3619450017416284 vs. 1.3619450017416284
list:
dist: 1.7656234730712668 vs. 1.7656234730712668
list:
dist: 3.546887216391724 vs. 3.546887216391724
list:
dist: 2.7518946054769073 vs. 2.7518946054769073
list:
dist: 2.6035885368124387 vs. 2.6035885368124387
list:
dist: 3.6623455019766737 vs. 3.6623455019766737
list:
dist: 2.6805282520586755 vs. 2.6805282520586755
list:
dist: 3.495454625478413 vs. 3.495454625478413
list:
dist: 2.8473035846048385 vs. 2.8473035846048385
list:
dist: 3.4783687489177364 vs. 3.4783687489177364
list:
dist: 3.905853670008 vs. 3.905853670008
list:
dist: 2.8952097413629536 vs. 2.8952097413629536
list:
dist: 2.4268806854264238 vs. 2.4268806854264238
list:
dist: 2.7427556813767966 vs. 2.7427556813767966
list:
dist: 1.5251662974526183 vs. 1.5251662974526183
list:
dist: 2.6805282520586755 vs. 2.6805282520586755
list:
dist: 1.5919981081291614 vs. 1.5919981081291614
list:
dist: 2.4312725056491384 vs. 2.4312725056491384
list:
dist: 2.183644167951896 vs. 2.183644167951896
list:
dist: 0.725804382798337 vs. 0.725804382798337
list:
dist: 1.9420091714405285 vs. 1.9420091714405285
list:
dist: 1.3138516703073038 vs. 1.3138516703073038
list:
dist: 2.2956307017098747 vs. 2.2956307017098747
list:
dist: 1.7972655551131573 vs. 1.7972655551131573
list:
dist: 1.2277546792734944 vs. 1.2277546792734944
list:
dist: 1.1348791310279627 vs. 1.1348791310279627
list:
dist: 2.6948132563678002 vs. 2.6948132563678002
list:
dist: 1.4285155351420848 vs. 1.4285155351420848
list:
dist: 1.8132209801802868 vs. 1.8132209801802868
list:
dist: 2.671226659517805 vs. 2.671226659517805
list:
dist: 2.833598284009223 vs. 2.833598284009223
list:
dist: 1.006393584953416 vs. 1.006393584953416
list:
dist: 0.8788596019943316 vs. 0.8788596019943316
list:
dist: 1.8100854808687412 vs. 1.8100854808687412
list:
dist: 3.4829284195327586 vs. 3.4829284195327586
list:
dist: 2.2764885460911524 vs. 2.2764885460911524
list:
dist: 3.1048627066731096 vs. 3.1048627066731096
list:
dist: 2.6602262582811496 vs. 2.6602262582811496
list:
dist: 2.2572538146328154 vs. 2.2572538146328154
list:
dist: 1.316093246695055 vs. 1.316093246695055
list:
dist: 1.5155569945265264 vs. 1.5155569945265264
list:
dist: 1.1400912993688446 vs. 1.1400912993688446
list:
dist: 0.7870242221825005 vs. 0.7870242221825005
list:
dist: 0.9622593337103753 vs. 0.9622593337103753
list:
dist: 1.742612032760407 vs. 1.742612032760407
list:
dist: 1.271731664634406 vs. 1.271731664634406
list:
dist: 2.581943808402565 vs. 2.581943808402565
list:
dist: 2.5711554183116347 vs. 2.5711554183116347
list:
dist: 1.9062381458683442 vs. 1.9062381458683442
list:
dist: 2.5687631761731793 vs. 2.5687631761731793
list:
dist: 1.5919981081291614 vs. 1.5919981081291614
list:
dist: 3.435008287059899 vs. 3.435008287059899
list:
dist: 2.3924219034519156 vs. 2.3924219034519156
list:
dist: 2.954689613300809 vs. 2.954689613300809
list:
dist: 3.390071458573257 vs. 3.390071458573257
list:
dist: 2.7984438081213394 vs. 2.7984438081213394
list:
dist: 1.840759797012598 vs. 1.840759797012598
list:
dist: 1.9602232706221838 vs. 1.9602232706221838
list:
dist: 1.4477713657219624 vs. 1.4477713657219624
list:
dist: 2.7518946054769073 vs. 2.7518946054769073
list:
dist: 2.5711554183116347 vs. 2.5711554183116347
list:
dist: 2.762867626275152 vs. 2.762867626275152
list:
dist: 2.6570291176360143 vs. 2.6570291176360143
list:
dist: 1.828852872361542 vs. 1.828852872361542
list:
dist: 1.715893802275844 vs. 1.715893802275844
list:
dist: 2.1012631360689165 vs. 2.1012631360689165
list:
dist: 2.6374407729351588 vs. 2.6374407729351588
list:
dist: 1.1406814605515865 vs. 1.1406814605515865
list:
dist: 1.982730664983023 vs. 1.982730664983023
list:
dist: 1.7972655551131573 vs. 1.7972655551131573
list:
dist: 2.6888187868735964 vs. 2.6888187868735964
list:
dist: 1.8395458292985116 vs. 1.8395458292985116
list:
dist: 2.2584737075225205 vs. 2.2584737075225205
list:
dist: 3.5356304364576308 vs. 3.5356304364576308
list:
dist: 3.576987824028835 vs. 3.576987824028835
list:
dist: 1.7203637801578682 vs. 1.7203637801578682
list:
dist: 1.9441382802900475 vs. 1.9441382802900475
list:
dist: 2.0326064177842698 vs. 2.0326064177842698
list:
dist: 3.4808661080092564 vs. 3.4808661080092564
list:
dist: 2.1017879009938754 vs. 2.1017879009938754
list:
dist: 3.2117177401344605 vs. 3.2117177401344605
list:
dist: 3.3318090139105614 vs. 3.3318090139105614
list:
dist: 2.3919766260215996 vs. 2.3919766260215996
list:
dist: 3.6623455019766737 vs. 3.6623455019766737
list:
dist: 2.5687631761731793 vs. 2.5687631761731793
list:
dist: 3.2044760691453824 vs. 3.2044760691453824
list:
dist: 3.149734432784586 vs. 3.149734432784586
list:
dist: 1.648228905143286 vs. 1.648228905143286
list:
dist: 2.8706016600283424 vs. 2.8706016600283424
list:
dist: 2.4217885809294284 vs. 2.4217885809294284
list:
dist: 1.9832667612008155 vs. 1.9832667612008155
list:
dist: 1.982730664983023 vs. 1.982730664983023
list:
dist: 1.38011465499783 vs. 1.38011465499783
list:
dist: 1.1348791310279627 vs. 1.1348791310279627
list:
dist: 3.317520794098118 vs. 3.317520794098118
list:
dist: 2.132896848912821 vs. 2.132896848912821
list:
dist: 2.281686560622494 vs. 2.281686560622494
list:
dist: 3.3355773339474504 vs. 3.3355773339474504
list:
dist: 3.8378504300767657 vs. 3.8378504300767657
list:
dist: 1.9285753276017261 vs. 1.9285753276017261
list:
dist: 1.7363935781500974 vs. 1.7363935781500974
list:
dist: 1.7571866659505093 vs. 1.7571866659505093
list:
dist: 3.380038753692759 vs. 3.380038753692759
list:
dist: 2.358127787887208 vs. 2.358127787887208
list:
dist: 3.0063280816995306 vs. 3.0063280816995306
list:
dist: 2.547605575629482 vs. 2.547605575629482
list:
dist: 2.631583697773247 vs. 2.631583697773247
list:
dist: 1.3893103779582279 vs. 1.3893103779582279
list:
dist: 1.316093246695055 vs. 1.316093246695055
list:
dist: 1.5745888215872517 vs. 1.5745888215872517
list:
dist: 1.25110370013304 vs. 1.25110370013304
list:
dist: 1.0787506129063849 vs. 1.0787506129063849
list:
dist: 0.7179395220155876 vs. 0.7179395220155876
list:
dist: 1.0790802533445203 vs. 1.0790802533445203
list:
dist: 2.690909828901024 vs. 2.690909828901024
list:
dist: 1.4477713657219624 vs. 1.4477713657219624
list:
dist: 1.357015639852376 vs. 1.357015639852376
list:
dist: 2.3919766260215996 vs. 2.3919766260215996
list:
dist: 1.5251662974526183 vs. 1.5251662974526183
list:
dist: 2.7131631167373564 vs. 2.7131631167373564
list:
dist: 1.778671112457685 vs. 1.778671112457685
list:
dist: 2.41188440634816 vs. 2.41188440634816
list:
dist: 3.2383537440954258 vs. 3.2383537440954258
list:
dist: 2.7575687165411344 vs. 2.7575687165411344
list:
dist: 1.344332038754731 vs. 1.344332038754731
list:
dist: 1.6687078945107974 vs. 1.6687078945107974
list:
dist: 2.41188440634816 vs. 2.41188440634816
list:
dist: 3.4783687489177364 vs. 3.4783687489177364
list:
dist: 2.954689613300809 vs. 2.954689613300809
list:
dist: 3.8188833374448827 vs. 3.8188833374448827
list:
dist: 3.3267374287906573 vs. 3.3267374287906573
list:
dist: 2.3374465380828404 vs. 2.3374465380828404
list:
dist: 2.2594371861699982 vs. 2.2594371861699982
list:
dist: 1.8325851873562016 vs. 1.8325851873562016
list:
dist: 3.8269625700190044 vs. 3.8269625700190044
list:
dist: 3.03536764215762 vs. 3.03536764215762
list:
dist: 2.2584737075225205 vs. 2.2584737075225205
list:
dist: 2.5957608957246414 vs. 2.5957608957246414
list:
dist: 2.281686560622494 vs. 2.281686560622494
list:
dist: 1.8132209801802868 vs. 1.8132209801802868
list:
dist: 1.1339495154542236 vs. 1.1339495154542236
list:
dist: 0.6422135590568614 vs. 0.6422135590568614
list:
dist: 1.400759025154573 vs. 1.400759025154573
list:
dist: 2.1807463553386146 vs. 2.1807463553386146
list:
dist: 1.144609850766184 vs. 1.144609850766184
list:
dist: 1.035097854559321 vs. 1.035097854559321
list:
dist: 0.9496290358556971 vs. 0.9496290358556971
list:
dist: 1.956911059016427 vs. 1.956911059016427
list:
dist: 0.9524996489160786 vs. 0.9524996489160786
list:
dist: 1.6379654086715105 vs. 1.6379654086715105
list:
dist: 1.555472671230227 vs. 1.555472671230227
list:
dist: 2.6176445955538927 vs. 2.6176445955538927
list:
dist: 1.0790802533445203 vs. 1.0790802533445203
list:
dist: 1.7656234730712668 vs. 1.7656234730712668
list:
dist: 1.271731664634406 vs. 1.271731664634406
list:
dist: 2.135344887670729 vs. 2.135344887670729
list:
dist: 1.5361585307004866 vs. 1.5361585307004866
list:
dist: 1.1666432228924655 vs. 1.1666432228924655
list:
dist: 1.0380354686159097 vs. 1.0380354686159097
list:
dist: 2.8933163326196114 vs. 2.8933163326196114
list:
dist: 2.346735724175739 vs. 2.346735724175739
list:
dist: 2.1012631360689165 vs. 2.1012631360689165
list:
dist: 1.9718903483158978 vs. 1.9718903483158978
list:
dist: 2.4217885809294284 vs. 2.4217885809294284
list:
dist: 1.3138516703073038 vs. 1.3138516703073038
list:
dist: 2.1682498657557066 vs. 2.1682498657557066
list:
dist: 1.248671100014652 vs. 1.248671100014652
list:
dist: 1.8325851873562016 vs. 1.8325851873562016
list:
dist: 2.292787379893942 vs. 2.292787379893942
list:
dist: 1.7995238178319812 vs. 1.7995238178319812
list:
dist: 0.7870030127095873 vs. 0.7870030127095873
list:
dist: 1.0333792698459179 vs. 1.0333792698459179
list:
dist: 1.344332038754731 vs. 1.344332038754731
list:
dist: 2.4268806854264238 vs. 2.4268806854264238
list:
dist: 1.840759797012598 vs. 1.840759797012598
list:
dist: 2.6757743905432934 vs. 2.6757743905432934
list:
dist: 2.1979141532586985 vs. 2.1979141532586985
list:
dist: 1.2801563391416955 vs. 1.2801563391416955
list:
dist: 1.3489100062092296 vs. 1.3489100062092296
list:
dist: 0.7870030127095873 vs. 0.7870030127095873
list:
dist: 3.4301499898512926 vs. 3.4301499898512926
list:
dist: 2.7647956149077038 vs. 2.7647956149077038
list:
dist: 1.7203637801578682 vs. 1.7203637801578682
list:
dist: 1.7687931425166825 vs. 1.7687931425166825
list:
dist: 1.9285753276017261 vs. 1.9285753276017261
list:
dist: 1.006393584953416 vs. 1.006393584953416
list:
dist: 1.7544213868743332 vs. 1.7544213868743332
list:
dist: 0.5581564442470117 vs. 0.5581564442470117
list:
dist: 1.144609850766184 vs. 1.144609850766184
list:
dist: 2.0006784491888197 vs. 2.0006784491888197
list:
dist: 2.0399011173349537 vs. 2.0399011173349537
list:
dist: 0.4030749882388621 vs. 0.4030749882388621
list:
dist: 1.5905032075985581 vs. 1.5905032075985581
list:
dist: 3.048590671844257 vs. 3.048590671844257
list:
dist: 1.784388987481559 vs. 1.784388987481559
list:
dist: 2.713616648231908 vs. 2.713616648231908
list:
dist: 2.4882952551810815 vs. 2.4882952551810815
list:
dist: 1.6687078945107974 vs. 1.6687078945107974
list:
dist: 2.7427556813767966 vs. 2.7427556813767966
list:
dist: 1.9602232706221838 vs. 1.9602232706221838
list:
dist: 2.884642429390882 vs. 2.884642429390882
list:
dist: 2.4317248413055963 vs. 2.4317248413055963
list:
dist: 1.3448054267276217 vs. 1.3448054267276217
list:
dist: 1.7417598908446985 vs. 1.7417598908446985
list:
dist: 1.0333792698459179 vs. 1.0333792698459179
list:
dist: 3.620215547451636 vs. 3.620215547451636
list:
dist: 2.9224894328772617 vs. 2.9224894328772617
list:
dist: 1.9441382802900475 vs. 1.9441382802900475
list:
dist: 1.8683595566867244 vs. 1.8683595566867244
list:
dist: 1.7363935781500974 vs. 1.7363935781500974
list:
dist: 0.8788596019943316 vs. 0.8788596019943316
list:
dist: 1.863710694836724 vs. 1.863710694836724
list:
dist: 0.6478888410425687 vs. 0.6478888410425687
list:
dist: 1.035097854559321 vs. 1.035097854559321
list:
dist: 1.8514720272999874 vs. 1.8514720272999874
list:
dist: 2.118521618117388 vs. 2.118521618117388
list:
dist: 0.4030749882388621 vs. 0.4030749882388621
list:
dist: 1.4260826326523202 vs. 1.4260826326523202
list:
dist: 2.90773084537356 vs. 2.90773084537356
list:
dist: 1.7391256085331033 vs. 1.7391256085331033
list:
dist: 2.5496096989229735 vs. 2.5496096989229735
list:
dist: 2.1937158012615825 vs. 2.1937158012615825
list:
dist: 2.4938622963662738 vs. 2.4938622963662738
list:
dist: 0.7179395220155876 vs. 0.7179395220155876
list:
dist: 1.3619450017416284 vs. 1.3619450017416284
list:
dist: 1.742612032760407 vs. 1.742612032760407
list:
dist: 2.053989458465427 vs. 2.053989458465427
list:
dist: 1.5457220787830412 vs. 1.5457220787830412
list:
dist: 1.6480583188563833 vs. 1.6480583188563833
list:
dist: 1.0380354686159097 vs. 1.0380354686159097
list:
dist: 3.0205833087319753 vs. 3.0205833087319753
list:
dist: 2.603987317411775 vs. 2.603987317411775
list:
dist: 1.715893802275844 vs. 1.715893802275844
list:
dist: 1.9831371148547086 vs. 1.9831371148547086
list:
dist: 2.8706016600283424 vs. 2.8706016600283424
list:
dist: 1.9420091714405285 vs. 1.9420091714405285
list:
dist: 2.2620542710073597 vs. 2.2620542710073597
list:
dist: 1.634327891513319 vs. 1.634327891513319
list:
dist: 2.2594371861699982 vs. 2.2594371861699982
list:
dist: 2.953515694887492 vs. 2.953515694887492
list:
dist: 2.3129396844478163 vs. 2.3129396844478163
list:
dist: 1.3489100062092296 vs. 1.3489100062092296
list:
dist: 1.7417598908446985 vs. 1.7417598908446985
list:
dist: 1.778671112457685 vs. 1.778671112457685
list:
dist: 2.8473035846048385 vs. 2.8473035846048385
list:
dist: 2.3924219034519156 vs. 2.3924219034519156
list:
dist: 3.203275143675802 vs. 3.203275143675802
list:
dist: 2.7083758705962446 vs. 2.7083758705962446
list:
dist: 1.81564743051329 vs. 1.81564743051329
list:
dist: 1.634327891513319 vs. 1.634327891513319
list:
dist: 1.248671100014652 vs. 1.248671100014652
list:
dist: 3.514433708230098 vs. 3.514433708230098
list:
dist: 2.7825719830777147 vs. 2.7825719830777147
list:
dist: 1.8395458292985116 vs. 1.8395458292985116
list:
dist: 2.1377471934709824 vs. 2.1377471934709824
list:
dist: 2.132896848912821 vs. 2.132896848912821
list:
dist: 1.4285155351420848 vs. 1.4285155351420848
list:
dist: 1.268392880020071 vs. 1.268392880020071
list:
dist: 0.6422135590568614 vs. 0.6422135590568614
list:
dist: 1.6987351438203417 vs. 1.6987351438203417
list:
dist: 2.003968318098693 vs. 2.003968318098693
list:
dist: 0.5581564442470117 vs. 0.5581564442470117
list:
dist: 0.6478888410425687 vs. 0.6478888410425687
list:
dist: 1.258837716152662 vs. 1.258837716152662
list:
dist: 2.5412147587213982 vs. 2.5412147587213982
list:
dist: 1.3128423164623788 vs. 1.3128423164623788
list:
dist: 2.227323173420383 vs. 2.227323173420383
list:
dist: 2.129576747416914 vs. 2.129576747416914
list:
dist: 2.4693539943368976 vs. 2.4693539943368976
list:
dist: 3.0205833087319753 vs. 3.0205833087319753
list:
dist: 2.8933163326196114 vs. 2.8933163326196114
list:
dist: 0.8372822242961845 vs. 0.8372822242961845
list:
dist: 3.2922322009608007 vs. 3.2922322009608007
list:
dist: 3.514433708230098 vs. 3.514433708230098
list:
dist: 3.8269625700190044 vs. 3.8269625700190044
list:
dist: 3.213784810517913 vs. 3.213784810517913
list:
dist: 1.7584326337137297 vs. 1.7584326337137297
list:
dist: 3.4301499898512926 vs. 3.4301499898512926
list:
dist: 3.620215547451636 vs. 3.620215547451636
list:
dist: 3.2383537440954258 vs. 3.2383537440954258
list:
dist: 3.905853670008 vs. 3.905853670008
list:
dist: 3.390071458573257 vs. 3.390071458573257
list:
dist: 4.404918236563217 vs. 4.404918236563217
list:
dist: 3.7752105547069634 vs. 3.7752105547069634
list:
dist: 3.0988509701378772 vs. 3.0988509701378772
list:
dist: 2.953515694887492 vs. 2.953515694887492
list:
dist: 2.292787379893942 vs. 2.292787379893942
list:
dist: 3.213784810517913 vs. 3.213784810517913
list:
dist: 2.3841011226034112 vs. 2.3841011226034112
list:
dist: 3.5356304364576308 vs. 3.5356304364576308
list:
dist: 3.7107986694958695 vs. 3.7107986694958695
list:
dist: 3.3355773339474504 vs. 3.3355773339474504
list:
dist: 2.671226659517805 vs. 2.671226659517805
list:
dist: 1.5111733533923344 vs. 1.5111733533923344
list:
dist: 1.6987351438203417 vs. 1.6987351438203417
list:
dist: 1.400759025154573 vs. 1.400759025154573
list:
dist: 1.4901886095441028 vs. 1.4901886095441028
list:
dist: 2.0006784491888197 vs. 2.0006784491888197
list:
dist: 1.8514720272999874 vs. 1.8514720272999874
list:
dist: 2.230294141268628 vs. 2.230294141268628
list:
dist: 2.5700914655884985 vs. 2.5700914655884985
list:
dist: 2.2144586140660985 vs. 2.2144586140660985
list:
dist: 2.340526307190546 vs. 2.340526307190546
list:
dist: 2.024082603450659 vs. 2.024082603450659
list:
dist: 2.7575687165411344 vs. 2.7575687165411344
list:
dist: 2.8952097413629536 vs. 2.8952097413629536
list:
dist: 2.7984438081213394 vs. 2.7984438081213394
list:
dist: 3.67089500695108 vs. 3.67089500695108
list:
dist: 2.9397282846925763 vs. 2.9397282846925763
list:
dist: 2.910355978016496 vs. 2.910355978016496
list:
dist: 2.3129396844478163 vs. 2.3129396844478163
list:
dist: 1.7995238178319812 vs. 1.7995238178319812
list:
dist: 1.7584326337137297 vs. 1.7584326337137297
list:
dist: 0.9438185779003753 vs. 0.9438185779003753
list:
dist: 3.576987824028835 vs. 3.576987824028835
list:
dist: 3.7124299698999 vs. 3.7124299698999
list:
dist: 3.8378504300767657 vs. 3.8378504300767657
list:
dist: 2.833598284009223 vs. 2.833598284009223
list:
dist: 1.8763743987403974 vs. 1.8763743987403974
list:
dist: 2.003968318098693 vs. 2.003968318098693
list:
dist: 2.1807463553386146 vs. 2.1807463553386146
list:
dist: 1.4901886095441028 vs. 1.4901886095441028
list:
dist: 2.0399011173349537 vs. 2.0399011173349537
list:
dist: 2.118521618117388 vs. 2.118521618117388
list:
dist: 3.10603324665603 vs. 3.10603324665603
list:
dist: 3.802805944944684 vs. 3.802805944944684
list:
dist: 3.0455049700152346 vs. 3.0455049700152346
list:
dist: 3.5750616958764194 vs. 3.5750616958764194
list:
dist: 3.3653838622332186 vs. 3.3653838622332186
list:
dist: 2.746757143318424 vs. 2.746757143318424
list:
dist: 2.603987317411775 vs. 2.603987317411775
list:
dist: 2.346735724175739 vs. 2.346735724175739
list:
dist: 0.8372822242961845 vs. 0.8372822242961845
list:
dist: 2.5236471700109755 vs. 2.5236471700109755
list:
dist: 2.7825719830777147 vs. 2.7825719830777147
list:
dist: 3.03536764215762 vs. 3.03536764215762
list:
dist: 2.3841011226034112 vs. 2.3841011226034112
list:
dist: 0.9438185779003753 vs. 0.9438185779003753
list:
dist: 2.7647956149077038 vs. 2.7647956149077038
list:
dist: 2.9224894328772617 vs. 2.9224894328772617
list:
dist: 2.1017879009938754 vs. 2.1017879009938754
list:
dist: 2.7023156043481356 vs. 2.7023156043481356
list:
dist: 2.358127787887208 vs. 2.358127787887208
list:
dist: 2.2764885460911524 vs. 2.2764885460911524
list:
dist: 1.5037579223602726 vs. 1.5037579223602726
list:
dist: 1.3128423164623788 vs. 1.3128423164623788
list:
dist: 0.9524996489160786 vs. 0.9524996489160786
list:
dist: 2.2144586140660985 vs. 2.2144586140660985
list:
dist: 3.0455049700152346 vs. 3.0455049700152346
list:
dist: 1.784388987481559 vs. 1.784388987481559
list:
dist: 1.7391256085331033 vs. 1.7391256085331033
list:
dist: 0.6714119993948714 vs. 0.6714119993948714
list:
dist: 1.418636469545538 vs. 1.418636469545538
list:
dist: 1.1511346777090432 vs. 1.1511346777090432
list:
dist: 1.5646880443417663 vs. 1.5646880443417663
list:
dist: 4.520200085631821 vs. 4.520200085631821
list:
dist: 2.7131631167373564 vs. 2.7131631167373564
list:
dist: 3.495454625478413 vs. 3.495454625478413
list:
dist: 3.435008287059899 vs. 3.435008287059899
list:
dist: 4.178197114236087 vs. 4.178197114236087
list:
dist: 3.5890518905973807 vs. 3.5890518905973807
list:
dist: 3.023575183275213 vs. 3.023575183275213
list:
dist: 2.2620542710073597 vs. 2.2620542710073597
list:
dist: 2.1682498657557066 vs. 2.1682498657557066
list:
dist: 3.2922322009608007 vs. 3.2922322009608007
list:
dist: 2.5236471700109755 vs. 2.5236471700109755
list:
dist: 2.6888187868735964 vs. 2.6888187868735964
list:
dist: 3.300219734181154 vs. 3.300219734181154
list:
dist: 3.317520794098118 vs. 3.317520794098118
list:
dist: 2.6948132563678002 vs. 2.6948132563678002
list:
dist: 1.268392880020071 vs. 1.268392880020071
list:
dist: 1.1339495154542236 vs. 1.1339495154542236
list:
dist: 1.5111733533923344 vs. 1.5111733533923344
list:
dist: 1.8763743987403974 vs. 1.8763743987403974
list:
dist: 1.7544213868743332 vs. 1.7544213868743332
list:
dist: 1.863710694836724 vs. 1.863710694836724
list:
dist: 1.9115296040344267 vs. 1.9115296040344267
list:
dist: 2.245643154169662 vs. 2.245643154169662
list:
dist: 1.5037579223602726 vs. 1.5037579223602726
list:
dist: 2.096847470637778 vs. 2.096847470637778
list:
dist: 2.393817475703084 vs. 2.393817475703084
list:
dist: 3.4808661080092564 vs. 3.4808661080092564
list:
dist: 4.03511645993361 vs. 4.03511645993361
list:
dist: 3.380038753692759 vs. 3.380038753692759
list:
dist: 3.4829284195327586 vs. 3.4829284195327586
list:
dist: 2.245643154169662 vs. 2.245643154169662
list:
dist: 2.5412147587213982 vs. 2.5412147587213982
list:
dist: 1.956911059016427 vs. 1.956911059016427
list:
dist: 2.5700914655884985 vs. 2.5700914655884985
list:
dist: 3.802805944944684 vs. 3.802805944944684
list:
dist: 3.048590671844257 vs. 3.048590671844257
list:
dist: 2.90773084537356 vs. 2.90773084537356
list:
dist: 1.717189082487256 vs. 1.717189082487256
list:
dist: 1.418636469545538 vs. 1.418636469545538
list:
dist: 0.3967928700784056 vs. 0.3967928700784056
list:
dist: 1.3678302685678536 vs. 1.3678302685678536
list:
dist: 3.7561771302248643 vs. 3.7561771302248643
list:
dist: 3.3318090139105614 vs. 3.3318090139105614
list:
dist: 3.492581742744824 vs. 3.492581742744824
list:
dist: 2.547605575629482 vs. 2.547605575629482
list:
dist: 2.6602262582811496 vs. 2.6602262582811496
list:
dist: 2.393817475703084 vs. 2.393817475703084
list:
dist: 2.129576747416914 vs. 2.129576747416914
list:
dist: 1.555472671230227 vs. 1.555472671230227
list:
dist: 2.024082603450659 vs. 2.024082603450659
list:
dist: 3.3653838622332186 vs. 3.3653838622332186
list:
dist: 2.4882952551810815 vs. 2.4882952551810815
list:
dist: 2.1937158012615825 vs. 2.1937158012615825
list:
dist: 1.3078102745021958 vs. 1.3078102745021958
list:
dist: 1.3678302685678536 vs. 1.3678302685678536
list:
dist: 1.5646880443417663 vs. 1.5646880443417663
list:
dist: 1.0323254383237455 vs. 1.0323254383237455
list:
dist: 3.2471591882554467 vs. 3.2471591882554467
list:
dist: 3.2117177401344605 vs. 3.2117177401344605
list:
dist: 3.6964837503396564 vs. 3.6964837503396564
list:
dist: 3.0063280816995306 vs. 3.0063280816995306
list:
dist: 3.1048627066731096 vs. 3.1048627066731096
list:
dist: 2.096847470637778 vs. 2.096847470637778
list:
dist: 2.227323173420383 vs. 2.227323173420383
list:
dist: 1.6379654086715105 vs. 1.6379654086715105
list:
dist: 2.340526307190546 vs. 2.340526307190546
list:
dist: 3.5750616958764194 vs. 3.5750616958764194
list:
dist: 2.713616648231908 vs. 2.713616648231908
list:
dist: 2.5496096989229735 vs. 2.5496096989229735
list:
dist: 1.354461231152422 vs. 1.354461231152422
list:
dist: 0.3967928700784056 vs. 0.3967928700784056
list:
dist: 1.1511346777090432 vs. 1.1511346777090432
list:
dist: 1.0323254383237455 vs. 1.0323254383237455
list:
dist: 3.689061346581764 vs. 3.689061346581764
list:
dist: 3.603083783674899 vs. 3.603083783674899
list:
dist: 2.0326064177842698 vs. 2.0326064177842698
list:
dist: 2.3534067273666395 vs. 2.3534067273666395
list:
dist: 1.7571866659505093 vs. 1.7571866659505093
list:
dist: 1.8100854808687412 vs. 1.8100854808687412
list:
dist: 1.9115296040344267 vs. 1.9115296040344267
list:
dist: 1.258837716152662 vs. 1.258837716152662
list:
dist: 0.9496290358556971 vs. 0.9496290358556971
list:
dist: 2.230294141268628 vs. 2.230294141268628
list:
dist: 3.10603324665603 vs. 3.10603324665603
list:
dist: 1.5905032075985581 vs. 1.5905032075985581
list:
dist: 1.4260826326523202 vs. 1.4260826326523202
list:
dist: 1.717189082487256 vs. 1.717189082487256
list:
dist: 0.6714119993948714 vs. 0.6714119993948714
list:
dist: 1.354461231152422 vs. 1.354461231152422
list:
dist: 1.3078102745021958 vs. 1.3078102745021958
list:
dist: 4.187196752540227 vs. 4.187196752540227
list:
dist: 2.1789571130873737 vs. 2.1789571130873737
list:
dist: 1.8829884834453412 vs. 1.8829884834453412
list:
dist: 1.739189782243368 vs. 1.739189782243368
list:
dist: 2.368047363462735 vs. 2.368047363462735
list:
dist: 1.6977130889705627 vs. 1.6977130889705627
list:
dist: 1.3830372706690073 vs. 1.3830372706690073
list:
dist: 1.5226121495183331 vs. 1.5226121495183331
list:
dist: 1.1133033649790907 vs. 1.1133033649790907
list:
dist: 1.7206057132107921 vs. 1.7206057132107921
list:
dist: 0.7735504675691051 vs. 0.7735504675691051
list:
dist: 1.9658237712041813 vs. 1.9658237712041813
list:
dist: 3.7402489976958293 vs. 3.7402489976958293
list:
dist: 3.6138190499774776 vs. 3.6138190499774776
list:
dist: 2.2385156420720067 vs. 2.2385156420720067
list:
dist: 2.5154192597109706 vs. 2.5154192597109706
list:
dist: 4.0529967313843285 vs. 4.0529967313843285
list:
dist: 2.343122188790307 vs. 2.343122188790307
list:
dist: 3.968636846434476 vs. 3.968636846434476
list:
dist: 2.584368817748188 vs. 2.584368817748188
list:
dist: 2.614257669982677 vs. 2.614257669982677
list:
dist: 2.3152686313567044 vs. 2.3152686313567044
list:
dist: 2.5666604269557918 vs. 2.5666604269557918
list:
dist: 1.93848354662397 vs. 1.93848354662397
list:
dist: 1.8343715263420168 vs. 1.8343715263420168
list:
dist: 2.4010810896630095 vs. 2.4010810896630095
list:
dist: 2.6859096914712537 vs. 2.6859096914712537
list:
dist: 2.264090238197643 vs. 2.264090238197643
list:
dist: 2.285596232026271 vs. 2.285596232026271
list:
dist: 3.184538140570573 vs. 3.184538140570573
list:
dist: 1.7117204646057518 vs. 1.7117204646057518
list:
dist: 2.748575679843533 vs. 2.748575679843533
list:
dist: 1.8829884834453412 vs. 1.8829884834453412
list:
dist: 2.2967617769356963 vs. 2.2967617769356963
list:
dist: 3.0013421301850873 vs. 3.0013421301850873
list:
dist: 1.7740427052351395 vs. 1.7740427052351395
list:
dist: 2.264090238197643 vs. 2.264090238197643
list:
dist: 3.1903901910014087 vs. 3.1903901910014087
list:
dist: 0.3186820684588974 vs. 0.3186820684588974
list:
dist: 1.0880878042254356 vs. 1.0880878042254356
list:
dist: 1.3621970478629088 vs. 1.3621970478629088
list:
dist: 2.1014703594551323 vs. 2.1014703594551323
list:
dist: 1.6383539755768601 vs. 1.6383539755768601
list:
dist: 1.3071925465847993 vs. 1.3071925465847993
list:
dist: 1.6977130889705627 vs. 1.6977130889705627
list:
dist: 1.3309960220809987 vs. 1.3309960220809987
list:
dist: 3.5375721016663624 vs. 3.5375721016663624
list:
dist: 2.4797058069562157 vs. 2.4797058069562157
list:
dist: 2.237441045166891 vs. 2.237441045166891
list:
dist: 2.512548698756712 vs. 2.512548698756712
list:
dist: 0.9059875898579817 vs. 0.9059875898579817
list:
dist: 1.264736937783894 vs. 1.264736937783894
list:
dist: 2.73679449119939 vs. 2.73679449119939
list:
dist: 1.6428747871979341 vs. 1.6428747871979341
list:
dist: 2.941066295722154 vs. 2.941066295722154
list:
dist: 2.6407387735462757 vs. 2.6407387735462757
list:
dist: 2.3392352420788702 vs. 2.3392352420788702
list:
dist: 1.7447434848168213 vs. 1.7447434848168213
list:
dist: 2.619442095163244 vs. 2.619442095163244
list:
dist: 2.120157197151577 vs. 2.120157197151577
list:
dist: 2.671503731951007 vs. 2.671503731951007
list:
dist: 3.4222088023386474 vs. 3.4222088023386474
list:
dist: 2.619442095163244 vs. 2.619442095163244
list:
dist: 3.064952189189721 vs. 3.064952189189721
list:
dist: 2.398646325263515 vs. 2.398646325263515
list:
dist: 3.3616940817800085 vs. 3.3616940817800085
list:
dist: 1.6323932463142428 vs. 1.6323932463142428
list:
dist: 2.5666604269557918 vs. 2.5666604269557918
list:
dist: 2.3973283700812704 vs. 2.3973283700812704
list:
dist: 2.1703958086626285 vs. 2.1703958086626285
list:
dist: 3.043746650001848 vs. 3.043746650001848
list:
dist: 2.129197774705459 vs. 2.129197774705459
list:
dist: 2.130803682790204 vs. 2.130803682790204
list:
dist: 2.106496556100251 vs. 2.106496556100251
list:
dist: 3.200026332738154 vs. 3.200026332738154
list:
dist: 1.8421865254909051 vs. 1.8421865254909051
list:
dist: 2.8649820336498824 vs. 2.8649820336498824
list:
dist: 1.1999706987780927 vs. 1.1999706987780927
list:
dist: 0.7792312787934678 vs. 0.7792312787934678
list:
dist: 1.0643473973932267 vs. 1.0643473973932267
list:
dist: 1.1850919158080586 vs. 1.1850919158080586
list:
dist: 1.5715561310244281 vs. 1.5715561310244281
list:
dist: 1.1857342556512735 vs. 1.1857342556512735
list:
dist: 1.7117204646057518 vs. 1.7117204646057518
list:
dist: 2.8621459725199103 vs. 2.8621459725199103
list:
dist: 1.5455749740101505 vs. 1.5455749740101505
list:
dist: 1.761359526519932 vs. 1.761359526519932
list:
dist: 1.6383539755768601 vs. 1.6383539755768601
list:
dist: 0.7036310504196033 vs. 0.7036310504196033
list:
dist: 1.6351777035446413 vs. 1.6351777035446413
list:
dist: 2.381272292046719 vs. 2.381272292046719
list:
dist: 1.1133033649790907 vs. 1.1133033649790907
list:
dist: 0.9814154653779401 vs. 0.9814154653779401
list:
dist: 4.5363419386092705 vs. 4.5363419386092705
list:
dist: 3.3473781127305817 vs. 3.3473781127305817
list:
dist: 3.695812452140861 vs. 3.695812452140861
list:
dist: 3.882503007658923 vs. 3.882503007658923
list:
dist: 2.3543582855230785 vs. 2.3543582855230785
list:
dist: 2.826645530626494 vs. 2.826645530626494
list:
dist: 3.9485689804203057 vs. 3.9485689804203057
list:
dist: 2.4806062970762883 vs. 2.4806062970762883
list:
dist: 3.9581452182641494 vs. 3.9581452182641494
list:
dist: 3.510228734201271 vs. 3.510228734201271
list:
dist: 3.3817513693876666 vs. 3.3817513693876666
list:
dist: 2.8293134245281726 vs. 2.8293134245281726
list:
dist: 3.3616940817800085 vs. 3.3616940817800085
list:
dist: 2.490712847420402 vs. 2.490712847420402
list:
dist: 1.8343715263420168 vs. 1.8343715263420168
list:
dist: 2.13172044383048 vs. 2.13172044383048
list:
dist: 1.661901171884631 vs. 1.661901171884631
list:
dist: 1.3440601539687356 vs. 1.3440601539687356
list:
dist: 1.7740427052351395 vs. 1.7740427052351395
list:
dist: 1.2977890388503663 vs. 1.2977890388503663
list:
dist: 2.5619790417585735 vs. 2.5619790417585735
list:
dist: 1.1857342556512735 vs. 1.1857342556512735
list:
dist: 2.9365202094640264 vs. 2.9365202094640264
list:
dist: 2.1789571130873737 vs. 2.1789571130873737
list:
dist: 1.934587566017936 vs. 1.934587566017936
list:
dist: 2.046617417512182 vs. 2.046617417512182
list:
dist: 2.6771765043472624 vs. 2.6771765043472624
list:
dist: 2.120157197151577 vs. 2.120157197151577
list:
dist: 2.0987462097813907 vs. 2.0987462097813907
list:
dist: 1.2560882828880486 vs. 1.2560882828880486
list:
dist: 2.490712847420402 vs. 2.490712847420402
list:
dist: 1.7191738892447959 vs. 1.7191738892447959
list:
dist: 1.93848354662397 vs. 1.93848354662397
list:
dist: 1.5213414876385787 vs. 1.5213414876385787
list:
dist: 2.514937898560044 vs. 2.514937898560044
list:
dist: 2.9072001806988252 vs. 2.9072001806988252
list:
dist: 2.3116346681641877 vs. 2.3116346681641877
list:
dist: 1.7858094674797083 vs. 1.7858094674797083
list:
dist: 2.178904464735139 vs. 2.178904464735139
list:
dist: 2.9087941139970277 vs. 2.9087941139970277
list:
dist: 1.1284240472408604 vs. 1.1284240472408604
list:
dist: 2.522782528922955 vs. 2.522782528922955
list:
dist: 2.088819575901371 vs. 2.088819575901371
list:
dist: 1.6535546584126806 vs. 1.6535546584126806
list:
dist: 1.1243118377639318 vs. 1.1243118377639318
list:
dist: 1.1850919158080586 vs. 1.1850919158080586
list:
dist: 2.1237744195836137 vs. 2.1237744195836137
list:
dist: 1.7734521763873599 vs. 1.7734521763873599
list:
dist: 2.4673810744758917 vs. 2.4673810744758917
list:
dist: 1.7447434848168213 vs. 1.7447434848168213
list:
dist: 2.4180913660776127 vs. 2.4180913660776127
list:
dist: 2.123216114533784 vs. 2.123216114533784
list:
dist: 2.8293134245281726 vs. 2.8293134245281726
list:
dist: 1.1343836239182885 vs. 1.1343836239182885
list:
dist: 2.3152686313567044 vs. 2.3152686313567044
list:
dist: 1.9357341752778245 vs. 1.9357341752778245
list:
dist: 2.530078558488046 vs. 2.530078558488046
list:
dist: 2.0643922844531075 vs. 2.0643922844531075
list:
dist: 1.4114459986171322 vs. 1.4114459986171322
list:
dist: 1.0914188235979285 vs. 1.0914188235979285
list:
dist: 1.2033829070736168 vs. 1.2033829070736168
list:
dist: 2.3217425581711666 vs. 2.3217425581711666
list:
dist: 1.0214223588129616 vs. 1.0214223588129616
list:
dist: 2.1660547425609065 vs. 2.1660547425609065
list:
dist: 1.6119949020484448 vs. 1.6119949020484448
list:
dist: 0.9386293192202424 vs. 0.9386293192202424
list:
dist: 1.0643473973932267 vs. 1.0643473973932267
list:
dist: 1.1243118377639318 vs. 1.1243118377639318
list:
dist: 1.5393784332219025 vs. 1.5393784332219025
list:
dist: 2.5619790417585735 vs. 2.5619790417585735
list:
dist: 3.184538140570573 vs. 3.184538140570573
list:
dist: 3.382398321647293 vs. 3.382398321647293
list:
dist: 1.9250577368889903 vs. 1.9250577368889903
list:
dist: 2.3134621632556716 vs. 2.3134621632556716
list:
dist: 2.1014703594551323 vs. 2.1014703594551323
list:
dist: 1.274814109082061 vs. 1.274814109082061
list:
dist: 1.6351777035446413 vs. 1.6351777035446413
list:
dist: 2.3183472307216983 vs. 2.3183472307216983
list:
dist: 1.5226121495183331 vs. 1.5226121495183331
list:
dist: 0.9682786978210077 vs. 0.9682786978210077
list:
dist: 4.020315430346978 vs. 4.020315430346978
list:
dist: 2.9547514935750843 vs. 2.9547514935750843
list:
dist: 3.430614956338314 vs. 3.430614956338314
list:
dist: 3.2142000574784975 vs. 3.2142000574784975
list:
dist: 2.1981994761822397 vs. 2.1981994761822397
list:
dist: 2.7968152318924466 vs. 2.7968152318924466
list:
dist: 3.384533796933142 vs. 3.384533796933142
list:
dist: 1.624309777398725 vs. 1.624309777398725
list:
dist: 3.0730900120799203 vs. 3.0730900120799203
list:
dist: 3.0681586013047144 vs. 3.0681586013047144
list:
dist: 2.760544880012491 vs. 2.760544880012491
list:
dist: 2.123216114533784 vs. 2.123216114533784
list:
dist: 2.398646325263515 vs. 2.398646325263515
list:
dist: 1.2560882828880486 vs. 1.2560882828880486
list:
dist: 3.0013421301850873 vs. 3.0013421301850873
list:
dist: 1.7852638252202384 vs. 1.7852638252202384
list:
dist: 1.9658237712041813 vs. 1.9658237712041813
list:
dist: 2.4752636356188535 vs. 2.4752636356188535
list:
dist: 1.4606579062132954 vs. 1.4606579062132954
list:
dist: 2.060295224953604 vs. 2.060295224953604
list:
dist: 2.530078558488046 vs. 2.530078558488046
list:
dist: 2.1703958086626285 vs. 2.1703958086626285
list:
dist: 2.514937898560044 vs. 2.514937898560044
list:
dist: 1.661901171884631 vs. 1.661901171884631
list:
dist: 2.4010810896630095 vs. 2.4010810896630095
list:
dist: 2.925310023638701 vs. 2.925310023638701
list:
dist: 0.8540919953807216 vs. 0.8540919953807216
list:
dist: 0.3186820684588974 vs. 0.3186820684588974
list:
dist: 1.1528018055011595 vs. 1.1528018055011595
list:
dist: 1.9250577368889903 vs. 1.9250577368889903
list:
dist: 1.5455749740101505 vs. 1.5455749740101505
list:
dist: 1.516974985310218 vs. 1.516974985310218
list:
dist: 1.739189782243368 vs. 1.739189782243368
list:
dist: 1.2442295988905219 vs. 1.2442295988905219
list:
dist: 3.3416408897972465 vs. 3.3416408897972465
list:
dist: 2.242300393323082 vs. 2.242300393323082
list:
dist: 2.1884448425760588 vs. 2.1884448425760588
list:
dist: 2.498657686429937 vs. 2.498657686429937
list:
dist: 0.9040082874029801 vs. 0.9040082874029801
list:
dist: 1.4377355363908737 vs. 1.4377355363908737
list:
dist: 2.596770924989685 vs. 2.596770924989685
list:
dist: 1.4839394811377289 vs. 1.4839394811377289
list:
dist: 2.7747314597585704 vs. 2.7747314597585704
list:
dist: 2.823619997514366 vs. 2.823619997514366
list:
dist: 2.466382907574129 vs. 2.466382907574129
list:
dist: 1.7734521763873599 vs. 1.7734521763873599
list:
dist: 2.671503731951007 vs. 2.671503731951007
list:
dist: 2.046617417512182 vs. 2.046617417512182
list:
dist: 1.3440601539687356 vs. 1.3440601539687356
list:
dist: 2.6859096914712537 vs. 2.6859096914712537
list:
dist: 2.152658327961411 vs. 2.152658327961411
list:
dist: 0.8540919953807216 vs. 0.8540919953807216
list:
dist: 1.0880878042254356 vs. 1.0880878042254356
list:
dist: 1.3035570160192946 vs. 1.3035570160192946
list:
dist: 2.3134621632556716 vs. 2.3134621632556716
list:
dist: 1.761359526519932 vs. 1.761359526519932
list:
dist: 2.3585860928030713 vs. 2.3585860928030713
list:
dist: 2.368047363462735 vs. 2.368047363462735
list:
dist: 1.8105383784417715 vs. 1.8105383784417715
list:
dist: 3.030032123094973 vs. 3.030032123094973
list:
dist: 1.8982235889439172 vs. 1.8982235889439172
list:
dist: 2.251515233885988 vs. 2.251515233885988
list:
dist: 2.8784545754478725 vs. 2.8784545754478725
list:
dist: 1.4819511974557358 vs. 1.4819511974557358
list:
dist: 2.0674666691082155 vs. 2.0674666691082155
list:
dist: 2.5539036991420097 vs. 2.5539036991420097
list:
dist: 1.9056371209818228 vs. 1.9056371209818228
list:
dist: 2.840356986122187 vs. 2.840356986122187
list:
dist: 3.6594969722959134 vs. 3.6594969722959134
list:
dist: 3.2467105522304704 vs. 3.2467105522304704
list:
dist: 2.4673810744758917 vs. 2.4673810744758917
list:
dist: 3.4222088023386474 vs. 3.4222088023386474
list:
dist: 2.6771765043472624 vs. 2.6771765043472624
list:
dist: 1.2977890388503663 vs. 1.2977890388503663
list:
dist: 2.285596232026271 vs. 2.285596232026271
list:
dist: 2.524434068535184 vs. 2.524434068535184
list:
dist: 1.1528018055011595 vs. 1.1528018055011595
list:
dist: 1.3035570160192946 vs. 1.3035570160192946
list:
dist: 1.3621970478629088 vs. 1.3621970478629088
list:
dist: 1.274814109082061 vs. 1.274814109082061
list:
dist: 0.7036310504196033 vs. 0.7036310504196033
list:
dist: 2.231299891461292 vs. 2.231299891461292
list:
dist: 1.3830372706690073 vs. 1.3830372706690073
list:
dist: 0.8030173141372962 vs. 0.8030173141372962
list:
dist: 3.8625463194605687 vs. 3.8625463194605687
list:
dist: 2.674858863963074 vs. 2.674858863963074
list:
dist: 3.1421059835534098 vs. 3.1421059835534098
list:
dist: 3.3456784778800364 vs. 3.3456784778800364
list:
dist: 1.8937550902215077 vs. 1.8937550902215077
list:
dist: 2.5033536254188196 vs. 2.5033536254188196
list:
dist: 3.3036254600292634 vs. 3.3036254600292634
list:
dist: 1.8857119001326217 vs. 1.8857119001326217
list:
dist: 3.2899893391549124 vs. 3.2899893391549124
list:
dist: 3.396141612029127 vs. 3.396141612029127
list:
dist: 3.1171912606649155 vs. 3.1171912606649155
list:
dist: 2.4180913660776127 vs. 2.4180913660776127
list:
dist: 3.064952189189721 vs. 3.064952189189721
list:
dist: 2.0987462097813907 vs. 2.0987462097813907
list:
dist: 2.13172044383048 vs. 2.13172044383048
list:
dist: 2.925310023638701 vs. 2.925310023638701
list:
dist: 2.152658327961411 vs. 2.152658327961411
list:
dist: 3.1903901910014087 vs. 3.1903901910014087
list:
dist: 2.524434068535184 vs. 2.524434068535184
list:
dist: 3.382398321647293 vs. 3.382398321647293
list:
dist: 2.8621459725199103 vs. 2.8621459725199103
list:
dist: 3.57687529238028 vs. 3.57687529238028
list:
dist: 2.6799421907702783 vs. 2.6799421907702783
list:
dist: 3.8595314566501955 vs. 3.8595314566501955
list:
dist: 4.606244659162106 vs. 4.606244659162106
list:
dist: 3.5170821741346385 vs. 3.5170821741346385
list:
dist: 4.185112590511829 vs. 4.185112590511829
list:
dist: 3.765894705492229 vs. 3.765894705492229
list:
dist: 3.4989104382191996 vs. 3.4989104382191996
list:
dist: 3.9631141100358427 vs. 3.9631141100358427
list:
dist: 1.934587566017936 vs. 1.934587566017936
list:
dist: 2.2967617769356963 vs. 2.2967617769356963
list:
dist: 1.2442295988905219 vs. 1.2442295988905219
list:
dist: 1.8105383784417715 vs. 1.8105383784417715
list:
dist: 1.3309960220809987 vs. 1.3309960220809987
list:
dist: 0.8030173141372962 vs. 0.8030173141372962
list:
dist: 0.9682786978210077 vs. 0.9682786978210077
list:
dist: 0.9814154653779401 vs. 0.9814154653779401
list:
dist: 1.6748558853782607 vs. 1.6748558853782607
list:
dist: 0.7735504675691051 vs. 0.7735504675691051
list:
dist: 2.4752636356188535 vs. 2.4752636356188535
list:
dist: 3.1794598385662134 vs. 3.1794598385662134
list:
dist: 3.1148738416268773 vs. 3.1148738416268773
list:
dist: 1.7429299164201992 vs. 1.7429299164201992
list:
dist: 2.2268927672205625 vs. 2.2268927672205625
list:
dist: 3.3893865812467765 vs. 3.3893865812467765
list:
dist: 1.687475389494866 vs. 1.687475389494866
list:
dist: 3.2853382858015876 vs. 3.2853382858015876
list:
dist: 2.6933703925236476 vs. 2.6933703925236476
list:
dist: 2.494168147446843 vs. 2.494168147446843
list:
dist: 1.9357341752778245 vs. 1.9357341752778245
list:
dist: 2.3973283700812704 vs. 2.3973283700812704
list:
dist: 1.5213414876385787 vs. 1.5213414876385787
list:
dist: 4.185112590511829 vs. 4.185112590511829
list:
dist: 1.4377355363908737 vs. 1.4377355363908737
list:
dist: 2.0674666691082155 vs. 2.0674666691082155
list:
dist: 1.264736937783894 vs. 1.264736937783894
list:
dist: 2.5033536254188196 vs. 2.5033536254188196
list:
dist: 2.7968152318924466 vs. 2.7968152318924466
list:
dist: 2.826645530626494 vs. 2.826645530626494
list:
dist: 1.0359522009757818 vs. 1.0359522009757818
list:
dist: 2.5154192597109706 vs. 2.5154192597109706
list:
dist: 2.2268927672205625 vs. 2.2268927672205625
list:
dist: 3.3699466399624036 vs. 3.3699466399624036
list:
dist: 2.625478794559161 vs. 2.625478794559161
list:
dist: 1.6455345392387994 vs. 1.6455345392387994
list:
dist: 1.6123783579709707 vs. 1.6123783579709707
list:
dist: 0.780710339887298 vs. 0.780710339887298
list:
dist: 2.333794691361197 vs. 2.333794691361197
list:
dist: 1.6801253940201313 vs. 1.6801253940201313
list:
dist: 2.5808757457155393 vs. 2.5808757457155393
list:
dist: 1.9887041328453354 vs. 1.9887041328453354
list:
dist: 1.5553187817048784 vs. 1.5553187817048784
list:
dist: 1.2033829070736168 vs. 1.2033829070736168
list:
dist: 2.106496556100251 vs. 2.106496556100251
list:
dist: 2.178904464735139 vs. 2.178904464735139
list:
dist: 2.322360791655674 vs. 2.322360791655674
list:
dist: 2.6799421907702783 vs. 2.6799421907702783
list:
dist: 2.242300393323082 vs. 2.242300393323082
list:
dist: 1.8982235889439172 vs. 1.8982235889439172
list:
dist: 2.4797058069562157 vs. 2.4797058069562157
list:
dist: 2.674858863963074 vs. 2.674858863963074
list:
dist: 2.9547514935750843 vs. 2.9547514935750843
list:
dist: 3.3473781127305817 vs. 3.3473781127305817
list:
dist: 1.1944874672821877 vs. 1.1944874672821877
list:
dist: 1.5551719476022292 vs. 1.5551719476022292
list:
dist: 2.211091492719947 vs. 2.211091492719947
list:
dist: 2.012424563727471 vs. 2.012424563727471
list:
dist: 2.625478794559161 vs. 2.625478794559161
list:
dist: 1.1128109102893577 vs. 1.1128109102893577
list:
dist: 1.824035037111883 vs. 1.824035037111883
list:
dist: 1.3914525015496233 vs. 1.3914525015496233
list:
dist: 2.716293542664793 vs. 2.716293542664793
list:
dist: 3.071192487193028 vs. 3.071192487193028
list:
dist: 3.211620080402264 vs. 3.211620080402264
list:
dist: 3.490963941381089 vs. 3.490963941381089
list:
dist: 2.53684036490737 vs. 2.53684036490737
list:
dist: 2.390332062666124 vs. 2.390332062666124
list:
dist: 2.585872977756977 vs. 2.585872977756977
list:
dist: 1.9568866528250475 vs. 1.9568866528250475
list:
dist: 3.57687529238028 vs. 3.57687529238028
list:
dist: 3.3416408897972465 vs. 3.3416408897972465
list:
dist: 3.030032123094973 vs. 3.030032123094973
list:
dist: 3.5375721016663624 vs. 3.5375721016663624
list:
dist: 3.8625463194605687 vs. 3.8625463194605687
list:
dist: 4.020315430346978 vs. 4.020315430346978
list:
dist: 4.5363419386092705 vs. 4.5363419386092705
list:
dist: 1.1944874672821877 vs. 1.1944874672821877
list:
dist: 1.8591249768486573 vs. 1.8591249768486573
list:
dist: 2.468025173990439 vs. 2.468025173990439
list:
dist: 2.924805892115731 vs. 2.924805892115731
list:
dist: 3.3699466399624036 vs. 3.3699466399624036
list:
dist: 1.1311724376020769 vs. 1.1311724376020769
list:
dist: 2.7255793567744386 vs. 2.7255793567744386
list:
dist: 1.4777944199659991 vs. 1.4777944199659991
list:
dist: 3.5170821741346385 vs. 3.5170821741346385
list:
dist: 0.9040082874029801 vs. 0.9040082874029801
list:
dist: 1.4819511974557358 vs. 1.4819511974557358
list:
dist: 0.9059875898579817 vs. 0.9059875898579817
list:
dist: 1.8937550902215077 vs. 1.8937550902215077
list:
dist: 2.1981994761822397 vs. 2.1981994761822397
list:
dist: 2.3543582855230785 vs. 2.3543582855230785
list:
dist: 1.2595740100549826 vs. 1.2595740100549826
list:
dist: 2.2385156420720067 vs. 2.2385156420720067
list:
dist: 1.7429299164201992 vs. 1.7429299164201992
list:
dist: 2.924805892115731 vs. 2.924805892115731
list:
dist: 2.012424563727471 vs. 2.012424563727471
list:
dist: 1.5096947180585132 vs. 1.5096947180585132
list:
dist: 1.611232785074004 vs. 1.611232785074004
list:
dist: 0.780710339887298 vs. 0.780710339887298
list:
dist: 1.9752913467454354 vs. 1.9752913467454354
list:
dist: 1.0423121145718186 vs. 1.0423121145718186
list:
dist: 2.1445534394511383 vs. 2.1445534394511383
list:
dist: 2.3708024595991497 vs. 2.3708024595991497
list:
dist: 1.8421637473014678 vs. 1.8421637473014678
list:
dist: 1.0914188235979285 vs. 1.0914188235979285
list:
dist: 2.130803682790204 vs. 2.130803682790204
list:
dist: 1.7858094674797083 vs. 1.7858094674797083
list:
dist: 2.350119370433457 vs. 2.350119370433457
list:
dist: 2.9365202094640264 vs. 2.9365202094640264
list:
dist: 2.748575679843533 vs. 2.748575679843533
list:
dist: 1.516974985310218 vs. 1.516974985310218
list:
dist: 2.3585860928030713 vs. 2.3585860928030713
list:
dist: 1.3071925465847993 vs. 1.3071925465847993
list:
dist: 2.231299891461292 vs. 2.231299891461292
list:
dist: 2.3183472307216983 vs. 2.3183472307216983
list:
dist: 2.381272292046719 vs. 2.381272292046719
list:
dist: 1.7206057132107921 vs. 1.7206057132107921
list:
dist: 1.6748558853782607 vs. 1.6748558853782607
list:
dist: 1.7852638252202384 vs. 1.7852638252202384
list:
dist: 2.5848864062922994 vs. 2.5848864062922994
list:
dist: 2.279956886680799 vs. 2.279956886680799
list:
dist: 1.2595740100549826 vs. 1.2595740100549826
list:
dist: 1.0359522009757818 vs. 1.0359522009757818
list:
dist: 3.109595588783452 vs. 3.109595588783452
list:
dist: 1.7961796305440891 vs. 1.7961796305440891
list:
dist: 3.1468487941719423 vs. 3.1468487941719423
list:
dist: 1.3405127082238824 vs. 1.3405127082238824
list:
dist: 1.2043255169651468 vs. 1.2043255169651468
list:
dist: 1.1343836239182885 vs. 1.1343836239182885
list:
dist: 1.6323932463142428 vs. 1.6323932463142428
list:
dist: 1.7191738892447959 vs. 1.7191738892447959
list:
dist: 2.823619997514366 vs. 2.823619997514366
list:
dist: 3.6594969722959134 vs. 3.6594969722959134
list:
dist: 2.6407387735462757 vs. 2.6407387735462757
list:
dist: 3.396141612029127 vs. 3.396141612029127
list:
dist: 3.0681586013047144 vs. 3.0681586013047144
list:
dist: 3.510228734201271 vs. 3.510228734201271
list:
dist: 1.3405127082238824 vs. 1.3405127082238824
list:
dist: 2.584368817748188 vs. 2.584368817748188
list:
dist: 2.6933703925236476 vs. 2.6933703925236476
list:
dist: 1.4606579062132954 vs. 1.4606579062132954
list:
dist: 3.3693508267036614 vs. 3.3693508267036614
list:
dist: 2.625039290033152 vs. 2.625039290033152
list:
dist: 2.3708024595991497 vs. 2.3708024595991497
list:
dist: 1.9887041328453354 vs. 1.9887041328453354
list:
dist: 3.810193168272228 vs. 3.810193168272228
list:
dist: 2.5849164942365004 vs. 2.5849164942365004
list:
dist: 3.691153777519376 vs. 3.691153777519376
list:
dist: 0.7739236595329849 vs. 0.7739236595329849
list:
dist: 1.6119949020484448 vs. 1.6119949020484448
list:
dist: 1.1999706987780927 vs. 1.1999706987780927
list:
dist: 2.088819575901371 vs. 2.088819575901371
list:
dist: 2.3346515116036364 vs. 2.3346515116036364
list:
dist: 2.466382907574129 vs. 2.466382907574129
list:
dist: 3.2467105522304704 vs. 3.2467105522304704
list:
dist: 2.3392352420788702 vs. 2.3392352420788702
list:
dist: 3.1171912606649155 vs. 3.1171912606649155
list:
dist: 2.760544880012491 vs. 2.760544880012491
list:
dist: 3.3817513693876666 vs. 3.3817513693876666
list:
dist: 1.2043255169651468 vs. 1.2043255169651468
list:
dist: 2.614257669982677 vs. 2.614257669982677
list:
dist: 2.494168147446843 vs. 2.494168147446843
list:
dist: 2.060295224953604 vs. 2.060295224953604
list:
dist: 2.7051861855261405 vs. 2.7051861855261405
list:
dist: 1.8806465313799705 vs. 1.8806465313799705
list:
dist: 1.8421637473014678 vs. 1.8421637473014678
list:
dist: 1.5553187817048784 vs. 1.5553187817048784
list:
dist: 3.0708103518482424 vs. 3.0708103518482424
list:
dist: 1.9511991631640424 vs. 1.9511991631640424
list:
dist: 2.9256323943024545 vs. 2.9256323943024545
list:
dist: 0.7739236595329849 vs. 0.7739236595329849
list:
dist: 0.9386293192202424 vs. 0.9386293192202424
list:
dist: 0.7792312787934678 vs. 0.7792312787934678
list:
dist: 1.6535546584126806 vs. 1.6535546584126806
list:
dist: 1.6312420574197006 vs. 1.6312420574197006
list:
dist: 3.4989104382191996 vs. 3.4989104382191996
list:
dist: 1.4839394811377289 vs. 1.4839394811377289
list:
dist: 1.9056371209818228 vs. 1.9056371209818228
list:
dist: 1.6428747871979341 vs. 1.6428747871979341
list:
dist: 1.8857119001326217 vs. 1.8857119001326217
list:
dist: 1.624309777398725 vs. 1.624309777398725
list:
dist: 2.4806062970762883 vs. 2.4806062970762883
list:
dist: 1.7961796305440891 vs. 1.7961796305440891
list:
dist: 2.343122188790307 vs. 2.343122188790307
list:
dist: 1.687475389494866 vs. 1.687475389494866
list:
dist: 2.7255793567744386 vs. 2.7255793567744386
list:
dist: 1.824035037111883 vs. 1.824035037111883
list:
dist: 1.8952714008095244 vs. 1.8952714008095244
list:
dist: 1.626810977384829 vs. 1.626810977384829
list:
dist: 1.0423121145718186 vs. 1.0423121145718186
list:
dist: 1.6801253940201313 vs. 1.6801253940201313
list:
dist: 1.8630001916051708 vs. 1.8630001916051708
list:
dist: 1.631934014576699 vs. 1.631934014576699
list:
dist: 2.5849164942365004 vs. 2.5849164942365004
list:
dist: 1.9511991631640424 vs. 1.9511991631640424
list:
dist: 1.0214223588129616 vs. 1.0214223588129616
list:
dist: 1.8421865254909051 vs. 1.8421865254909051
list:
dist: 1.1284240472408604 vs. 1.1284240472408604
list:
dist: 2.0053674726980297 vs. 2.0053674726980297
list:
dist: 1.9568866528250475 vs. 1.9568866528250475
list:
dist: 2.838120156573914 vs. 2.838120156573914
list:
dist: 3.7360692733286385 vs. 3.7360692733286385
list:
dist: 3.578120493028549 vs. 3.578120493028549
list:
dist: 3.844133991778766 vs. 3.844133991778766
list:
dist: 3.8595314566501955 vs. 3.8595314566501955
list:
dist: 2.1884448425760588 vs. 2.1884448425760588
list:
dist: 2.251515233885988 vs. 2.251515233885988
list:
dist: 2.237441045166891 vs. 2.237441045166891
list:
dist: 3.1421059835534098 vs. 3.1421059835534098
list:
dist: 3.430614956338314 vs. 3.430614956338314
list:
dist: 3.695812452140861 vs. 3.695812452140861
list:
dist: 2.5848864062922994 vs. 2.5848864062922994
list:
dist: 3.7402489976958293 vs. 3.7402489976958293
list:
dist: 3.1794598385662134 vs. 3.1794598385662134
list:
dist: 1.8591249768486573 vs. 1.8591249768486573
list:
dist: 1.5551719476022292 vs. 1.5551719476022292
list:
dist: 1.1882524995082724 vs. 1.1882524995082724
list:
dist: 1.5096947180585132 vs. 1.5096947180585132
list:
dist: 1.6455345392387994 vs. 1.6455345392387994
list:
dist: 0.9175852894884122 vs. 0.9175852894884122
list:
dist: 1.8952714008095244 vs. 1.8952714008095244
list:
dist: 1.5607937540357453 vs. 1.5607937540357453
list:
dist: 3.3693508267036614 vs. 3.3693508267036614
list:
dist: 2.7051861855261405 vs. 2.7051861855261405
list:
dist: 2.0643922844531075 vs. 2.0643922844531075
list:
dist: 3.043746650001848 vs. 3.043746650001848
list:
dist: 2.9072001806988252 vs. 2.9072001806988252
list:
dist: 2.3654133468695724 vs. 2.3654133468695724
list:
dist: 3.9631141100358427 vs. 3.9631141100358427
list:
dist: 2.7747314597585704 vs. 2.7747314597585704
list:
dist: 2.840356986122187 vs. 2.840356986122187
list:
dist: 2.941066295722154 vs. 2.941066295722154
list:
dist: 3.2899893391549124 vs. 3.2899893391549124
list:
dist: 3.0730900120799203 vs. 3.0730900120799203
list:
dist: 3.9581452182641494 vs. 3.9581452182641494
list:
dist: 3.1468487941719423 vs. 3.1468487941719423
list:
dist: 3.968636846434476 vs. 3.968636846434476
list:
dist: 3.2853382858015876 vs. 3.2853382858015876
list:
dist: 1.4777944199659991 vs. 1.4777944199659991
list:
dist: 1.3914525015496233 vs. 1.3914525015496233
list:
dist: 1.5607937540357453 vs. 1.5607937540357453
list:
dist: 1.3870392496872292 vs. 1.3870392496872292
list:
dist: 2.1445534394511383 vs. 2.1445534394511383
list:
dist: 2.5808757457155393 vs. 2.5808757457155393
list:
dist: 0.8004271288687301 vs. 0.8004271288687301
list:
dist: 1.631934014576699 vs. 1.631934014576699
list:
dist: 3.691153777519376 vs. 3.691153777519376
list:
dist: 2.9256323943024545 vs. 2.9256323943024545
list:
dist: 2.1660547425609065 vs. 2.1660547425609065
list:
dist: 2.8649820336498824 vs. 2.8649820336498824
list:
dist: 2.522782528922955 vs. 2.522782528922955
list:
dist: 1.9409104937955661 vs. 1.9409104937955661
list:
dist: 2.3654133468695724 vs. 2.3654133468695724
list:
dist: 1.1848705048942176 vs. 1.1848705048942176
list:
dist: 2.350119370433457 vs. 2.350119370433457
list:
dist: 2.322360791655674 vs. 2.322360791655674
list:
dist: 2.3114087608226774 vs. 2.3114087608226774
list:
dist: 2.0053674726980297 vs. 2.0053674726980297
list:
dist: 1.9409104937955661 vs. 1.9409104937955661
list:
dist: 2.3346515116036364 vs. 2.3346515116036364
list:
dist: 1.6312420574197006 vs. 1.6312420574197006
list:
dist: 1.5393784332219025 vs. 1.5393784332219025
list:
dist: 1.5715561310244281 vs. 1.5715561310244281
list:
dist: 2.1237744195836137 vs. 2.1237744195836137
list:
dist: 4.606244659162106 vs. 4.606244659162106
list:
dist: 2.498657686429937 vs. 2.498657686429937
list:
dist: 2.8784545754478725 vs. 2.8784545754478725
list:
dist: 2.512548698756712 vs. 2.512548698756712
list:
dist: 3.3456784778800364 vs. 3.3456784778800364
list:
dist: 3.2142000574784975 vs. 3.2142000574784975
list:
dist: 3.882503007658923 vs. 3.882503007658923
list:
dist: 2.279956886680799 vs. 2.279956886680799
list:
dist: 3.6138190499774776 vs. 3.6138190499774776
list:
dist: 3.1148738416268773 vs. 3.1148738416268773
list:
dist: 2.468025173990439 vs. 2.468025173990439
list:
dist: 2.211091492719947 vs. 2.211091492719947
list:
dist: 1.1882524995082724 vs. 1.1882524995082724
list:
dist: 1.611232785074004 vs. 1.611232785074004
list:
dist: 1.6123783579709707 vs. 1.6123783579709707
list:
dist: 1.3541549421665633 vs. 1.3541549421665633
list:
dist: 1.626810977384829 vs. 1.626810977384829
list:
dist: 1.3870392496872292 vs. 1.3870392496872292
list:
dist: 2.625039290033152 vs. 2.625039290033152
list:
dist: 1.8806465313799705 vs. 1.8806465313799705
list:
dist: 1.4114459986171322 vs. 1.4114459986171322
list:
dist: 2.129197774705459 vs. 2.129197774705459
list:
dist: 2.3116346681641877 vs. 2.3116346681641877
list:
dist: 1.1848705048942176 vs. 1.1848705048942176
list:
dist: 3.765894705492229 vs. 3.765894705492229
list:
dist: 2.596770924989685 vs. 2.596770924989685
list:
dist: 2.5539036991420097 vs. 2.5539036991420097
list:
dist: 2.73679449119939 vs. 2.73679449119939
list:
dist: 3.3036254600292634 vs. 3.3036254600292634
list:
dist: 3.384533796933142 vs. 3.384533796933142
list:
dist: 3.9485689804203057 vs. 3.9485689804203057
list:
dist: 3.109595588783452 vs. 3.109595588783452
list:
dist: 4.0529967313843285 vs. 4.0529967313843285
list:
dist: 3.3893865812467765 vs. 3.3893865812467765
list:
dist: 1.1311724376020769 vs. 1.1311724376020769
list:
dist: 1.1128109102893577 vs. 1.1128109102893577
list:
dist: 0.9175852894884122 vs. 0.9175852894884122
list:
dist: 1.3541549421665633 vs. 1.3541549421665633
list:
dist: 1.9752913467454354 vs. 1.9752913467454354
list:
dist: 2.333794691361197 vs. 2.333794691361197
list:
dist: 1.8630001916051708 vs. 1.8630001916051708
list:
dist: 0.8004271288687301 vs. 0.8004271288687301
list:
dist: 3.810193168272228 vs. 3.810193168272228
list:
dist: 3.0708103518482424 vs. 3.0708103518482424
list:
dist: 2.3217425581711666 vs. 2.3217425581711666
list:
dist: 3.200026332738154 vs. 3.200026332738154
list:
dist: 2.9087941139970277 vs. 2.9087941139970277
list:
dist: 2.3114087608226774 vs. 2.3114087608226774
list:
dist: 1.9499711118176983 vs. 1.9499711118176983
list:
dist: 1.6084386009320897 vs. 1.6084386009320897
list:
dist: 1.5972843697855605 vs. 1.5972843697855605
list:
dist: 2.464810982061497 vs. 2.464810982061497
list:
dist: 0.9592823957307836 vs. 0.9592823957307836
list:
dist: 0.9388950928716099 vs. 0.9388950928716099
list:
dist: 1.2659441759666992 vs. 1.2659441759666992
list:
dist: 1.6407037427301756 vs. 1.6407037427301756
list:
dist: 1.3122631382722267 vs. 1.3122631382722267
list:
dist: 1.340884370116998 vs. 1.340884370116998
list:
dist: 1.7810504778169889 vs. 1.7810504778169889
list:
dist: 2.3435960126849347 vs. 2.3435960126849347
list:
dist: 2.407745679415392 vs. 2.407745679415392
list:
dist: 1.5028534638776236 vs. 1.5028534638776236
list:
dist: 1.3773163842172291 vs. 1.3773163842172291
list:
dist: 1.2831075575975173 vs. 1.2831075575975173
list:
dist: 1.8986651331910929 vs. 1.8986651331910929
list:
dist: 2.6398651122695633 vs. 2.6398651122695633
list:
dist: 1.805271905591209 vs. 1.805271905591209
list:
dist: 3.112559228980919 vs. 3.112559228980919
list:
dist: 3.215315324094168 vs. 3.215315324094168
list:
dist: 2.769681896805127 vs. 2.769681896805127
list:
dist: 3.565646295110763 vs. 3.565646295110763
list:
dist: 2.7131190169253148 vs. 2.7131190169253148
list:
dist: 3.849171749316806 vs. 3.849171749316806
list:
dist: 2.9573875792841764 vs. 2.9573875792841764
list:
dist: 2.602663078688862 vs. 2.602663078688862
list:
dist: 3.071192487193028 vs. 3.071192487193028
list:
dist: 1.6052733814832 vs. 1.6052733814832
list:
dist: 2.1456465426346925 vs. 2.1456465426346925
list:
dist: 1.4422526063447 vs. 1.4422526063447
list:
dist: 2.417519870061925 vs. 2.417519870061925
list:
dist: 2.040838111601839 vs. 2.040838111601839
list:
dist: 1.7883142337020976 vs. 1.7883142337020976
list:
dist: 2.221754094234424 vs. 2.221754094234424
list:
dist: 2.520841697759507 vs. 2.520841697759507
list:
dist: 2.5664734666579165 vs. 2.5664734666579165
list:
dist: 3.583783046005815 vs. 3.583783046005815
list:
dist: 3.196691780635827 vs. 3.196691780635827
list:
dist: 3.230155042795413 vs. 3.230155042795413
list:
dist: 2.9579287370262417 vs. 2.9579287370262417
list:
dist: 3.5364967620467085 vs. 3.5364967620467085
list:
dist: 2.464810982061497 vs. 2.464810982061497
list:
dist: 4.709013912434155 vs. 4.709013912434155
list:
dist: 3.8489742378648257 vs. 3.8489742378648257
list:
dist: 5.2138300478261685 vs. 5.2138300478261685
list:
dist: 1.5519268291238448 vs. 1.5519268291238448
list:
dist: 2.317607277583854 vs. 2.317607277583854
list:
dist: 2.1456465426346925 vs. 2.1456465426346925
list:
dist: 1.4992845873617602 vs. 1.4992845873617602
list:
dist: 0.9044473700596795 vs. 0.9044473700596795
list:
dist: 2.0783889944388005 vs. 2.0783889944388005
list:
dist: 2.731626169972098 vs. 2.731626169972098
list:
dist: 1.9824891777590565 vs. 1.9824891777590565
list:
dist: 2.69516312370962 vs. 2.69516312370962
list:
dist: 2.984586058297841 vs. 2.984586058297841
list:
dist: 2.6507980704159055 vs. 2.6507980704159055
list:
dist: 1.9893180274678797 vs. 1.9893180274678797
list:
dist: 2.725367127741659 vs. 2.725367127741659
list:
dist: 2.8416435025953906 vs. 2.8416435025953906
list:
dist: 3.346496722367716 vs. 3.346496722367716
list:
dist: 1.6084386009320897 vs. 1.6084386009320897
list:
dist: 2.390332062666124 vs. 2.390332062666124
list:
dist: 2.689027505491178 vs. 2.689027505491178
list:
dist: 2.731626169972098 vs. 2.731626169972098
list:
dist: 0.8807792926060907 vs. 0.8807792926060907
list:
dist: 2.221754094234424 vs. 2.221754094234424
list:
dist: 1.6682250832457064 vs. 1.6682250832457064
list:
dist: 1.9104983836068652 vs. 1.9104983836068652
list:
dist: 0.6803026776558516 vs. 0.6803026776558516
list:
dist: 0.8472879407106694 vs. 0.8472879407106694
list:
dist: 2.4495863439140866 vs. 2.4495863439140866
list:
dist: 3.009401192824132 vs. 3.009401192824132
list:
dist: 3.1438107774275226 vs. 3.1438107774275226
list:
dist: 3.913445411009341 vs. 3.913445411009341
list:
dist: 3.0678905716650178 vs. 3.0678905716650178
list:
dist: 2.2187049696448873 vs. 2.2187049696448873
list:
dist: 1.207590296879125 vs. 1.207590296879125
list:
dist: 2.2414257863772025 vs. 2.2414257863772025
list:
dist: 1.6407037427301756 vs. 1.6407037427301756
list:
dist: 2.725216655345651 vs. 2.725216655345651
list:
dist: 2.020408138841909 vs. 2.020408138841909
list:
dist: 3.159497327501253 vs. 3.159497327501253
list:
dist: 3.9500287560721876 vs. 3.9500287560721876
list:
dist: 3.211620080402264 vs. 3.211620080402264
list:
dist: 2.3813308596919645 vs. 2.3813308596919645
list:
dist: 1.4992845873617602 vs. 1.4992845873617602
list:
dist: 1.7751763583432303 vs. 1.7751763583432303
list:
dist: 2.417519870061925 vs. 2.417519870061925
list:
dist: 0.6427123395741171 vs. 0.6427123395741171
list:
dist: 1.150263599827906 vs. 1.150263599827906
list:
dist: 1.6682250832457064 vs. 1.6682250832457064
list:
dist: 1.0080377912522274 vs. 1.0080377912522274
list:
dist: 2.211773092870429 vs. 2.211773092870429
list:
dist: 2.709093628768829 vs. 2.709093628768829
list:
dist: 3.2510586626535574 vs. 3.2510586626535574
list:
dist: 3.155647406430481 vs. 3.155647406430481
list:
dist: 2.2456570738097303 vs. 2.2456570738097303
list:
dist: 2.310126093692354 vs. 2.310126093692354
list:
dist: 1.851116824871087 vs. 1.851116824871087
list:
dist: 2.7516007282363826 vs. 2.7516007282363826
list:
dist: 0.9592823957307836 vs. 0.9592823957307836
list:
dist: 3.0584853162289765 vs. 3.0584853162289765
list:
dist: 2.3577092518612432 vs. 2.3577092518612432
list:
dist: 3.3505254911991487 vs. 3.3505254911991487
list:
dist: 3.3370146368056237 vs. 3.3370146368056237
list:
dist: 3.3317857781266946 vs. 3.3317857781266946
list:
dist: 4.709013912434155 vs. 4.709013912434155
list:
dist: 3.0584853162289765 vs. 3.0584853162289765
list:
dist: 3.4609531271650593 vs. 3.4609531271650593
list:
dist: 3.054207860938357 vs. 3.054207860938357
list:
dist: 2.725216655345651 vs. 2.725216655345651
list:
dist: 2.5676745395601412 vs. 2.5676745395601412
list:
dist: 3.7360692733286385 vs. 3.7360692733286385
list:
dist: 2.201313295260489 vs. 2.201313295260489
list:
dist: 1.7716807907654313 vs. 1.7716807907654313
list:
dist: 1.922059200916663 vs. 1.922059200916663
list:
dist: 2.6398651122695633 vs. 2.6398651122695633
list:
dist: 0.9088355153677118 vs. 0.9088355153677118
list:
dist: 0.7663393241661045 vs. 0.7663393241661045
list:
dist: 2.0713222699763927 vs. 2.0713222699763927
list:
dist: 1.7508609927145993 vs. 1.7508609927145993
list:
dist: 2.688423792532382 vs. 2.688423792532382
list:
dist: 2.3123514755143852 vs. 2.3123514755143852
list:
dist: 1.9672322403934968 vs. 1.9672322403934968
list:
dist: 1.1103859391000153 vs. 1.1103859391000153
list:
dist: 0.9962361990101343 vs. 0.9962361990101343
list:
dist: 1.5519268291238448 vs. 1.5519268291238448
list:
dist: 1.9310217686409425 vs. 1.9310217686409425
list:
dist: 1.6052733814832 vs. 1.6052733814832
list:
dist: 2.3813308596919645 vs. 2.3813308596919645
list:
dist: 1.806540985687647 vs. 1.806540985687647
list:
dist: 2.2056303244620428 vs. 2.2056303244620428
list:
dist: 2.689027505491178 vs. 2.689027505491178
list:
dist: 1.3494254109044757 vs. 1.3494254109044757
list:
dist: 2.3589645172556684 vs. 2.3589645172556684
list:
dist: 1.9504090861270782 vs. 1.9504090861270782
list:
dist: 2.5683859052166507 vs. 2.5683859052166507
list:
dist: 2.144034243479163 vs. 2.144034243479163
list:
dist: 2.3856926000212226 vs. 2.3856926000212226
list:
dist: 2.744058738958316 vs. 2.744058738958316
list:
dist: 2.888164451288124 vs. 2.888164451288124
list:
dist: 1.9499711118176983 vs. 1.9499711118176983
list:
dist: 2.744058738958316 vs. 2.744058738958316
list:
dist: 2.8416435025953906 vs. 2.8416435025953906
list:
dist: 1.5900503747132588 vs. 1.5900503747132588
list:
dist: 2.9579287370262417 vs. 2.9579287370262417
list:
dist: 1.851116824871087 vs. 1.851116824871087
list:
dist: 2.0783211766001797 vs. 2.0783211766001797
list:
dist: 1.4521565833379115 vs. 1.4521565833379115
list:
dist: 1.207590296879125 vs. 1.207590296879125
list:
dist: 1.325094072590075 vs. 1.325094072590075
list:
dist: 1.9064501543308834 vs. 1.9064501543308834
list:
dist: 2.07564962952338 vs. 2.07564962952338
list:
dist: 2.486505956128538 vs. 2.486505956128538
list:
dist: 3.1235539768351157 vs. 3.1235539768351157
list:
dist: 2.3424969519138044 vs. 2.3424969519138044
list:
dist: 1.198949936689561 vs. 1.198949936689561
list:
dist: 1.156291799260472 vs. 1.156291799260472
list:
dist: 1.2831075575975173 vs. 1.2831075575975173
list:
dist: 1.7716807907654313 vs. 1.7716807907654313
list:
dist: 0.916663328956239 vs. 0.916663328956239
list:
dist: 2.3725528405548695 vs. 2.3725528405548695
list:
dist: 3.150725890174173 vs. 3.150725890174173
list:
dist: 2.1839616980666468 vs. 2.1839616980666468
list:
dist: 3.0955276657085267 vs. 3.0955276657085267
list:
dist: 2.4085219348550697 vs. 2.4085219348550697
list:
dist: 3.291369516190813 vs. 3.291369516190813
list:
dist: 2.4007343462759927 vs. 2.4007343462759927
list:
dist: 1.497997925318912 vs. 1.497997925318912
list:
dist: 2.716293542664793 vs. 2.716293542664793
list:
dist: 1.9310217686409425 vs. 1.9310217686409425
list:
dist: 2.317607277583854 vs. 2.317607277583854
list:
dist: 1.4422526063447 vs. 1.4422526063447
list:
dist: 1.7751763583432303 vs. 1.7751763583432303
list:
dist: 1.7017270002841218 vs. 1.7017270002841218
list:
dist: 0.7203307227381882 vs. 0.7203307227381882
list:
dist: 0.8807792926060907 vs. 0.8807792926060907
list:
dist: 1.4185191922742681 vs. 1.4185191922742681
list:
dist: 2.013609566721843 vs. 2.013609566721843
list:
dist: 2.817833446992602 vs. 2.817833446992602
list:
dist: 2.67772923257843 vs. 2.67772923257843
list:
dist: 2.174781864599965 vs. 2.174781864599965
list:
dist: 1.5900503747132588 vs. 1.5900503747132588
list:
dist: 2.3263320416599815 vs. 2.3263320416599815
list:
dist: 1.5972843697855605 vs. 1.5972843697855605
list:
dist: 3.3317857781266946 vs. 3.3317857781266946
list:
dist: 2.5031900009625407 vs. 2.5031900009625407
list:
dist: 3.856269949110264 vs. 3.856269949110264
list:
dist: 1.3494254109044757 vs. 1.3494254109044757
list:
dist: 1.9824891777590565 vs. 1.9824891777590565
list:
dist: 2.013609566721843 vs. 2.013609566721843
list:
dist: 2.5664734666579165 vs. 2.5664734666579165
list:
dist: 2.211773092870429 vs. 2.211773092870429
list:
dist: 1.8630049171305514 vs. 1.8630049171305514
list:
dist: 2.15932109497932 vs. 2.15932109497932
list:
dist: 2.4495863439140866 vs. 2.4495863439140866
list:
dist: 1.0434035962941335 vs. 1.0434035962941335
list:
dist: 1.075042962782546 vs. 1.075042962782546
list:
dist: 1.6815995743966146 vs. 1.6815995743966146
list:
dist: 1.1692194462195584 vs. 1.1692194462195584
list:
dist: 1.1239961440543396 vs. 1.1239961440543396
list:
dist: 1.9064501543308834 vs. 1.9064501543308834
list:
dist: 1.7180438667700304 vs. 1.7180438667700304
list:
dist: 1.340884370116998 vs. 1.340884370116998
list:
dist: 2.6088982684737494 vs. 2.6088982684737494
list:
dist: 3.0960018593774623 vs. 3.0960018593774623
list:
dist: 2.2987992606628453 vs. 2.2987992606628453
list:
dist: 2.585872977756977 vs. 2.585872977756977
list:
dist: 1.4185191922742681 vs. 1.4185191922742681
list:
dist: 2.520841697759507 vs. 2.520841697759507
list:
dist: 1.0080377912522274 vs. 1.0080377912522274
list:
dist: 1.4792446745391283 vs. 1.4792446745391283
list:
dist: 0.758809859677139 vs. 0.758809859677139
list:
dist: 0.8472879407106694 vs. 0.8472879407106694
list:
dist: 2.838120156573914 vs. 2.838120156573914
list:
dist: 2.266318558655108 vs. 2.266318558655108
list:
dist: 1.325094072590075 vs. 1.325094072590075
list:
dist: 2.451666416677413 vs. 2.451666416677413
list:
dist: 1.3122631382722267 vs. 1.3122631382722267
list:
dist: 2.5676745395601412 vs. 2.5676745395601412
list:
dist: 1.9202573969956347 vs. 1.9202573969956347
list:
dist: 2.871995152704232 vs. 2.871995152704232
list:
dist: 3.360113150235442 vs. 3.360113150235442
list:
dist: 2.5031900009625407 vs. 2.5031900009625407
list:
dist: 3.8489742378648257 vs. 3.8489742378648257
list:
dist: 2.3577092518612432 vs. 2.3577092518612432
list:
dist: 2.6737357596958993 vs. 2.6737357596958993
list:
dist: 2.275543611049704 vs. 2.275543611049704
list:
dist: 2.020408138841909 vs. 2.020408138841909
list:
dist: 1.9202573969956347 vs. 1.9202573969956347
list:
dist: 3.578120493028549 vs. 3.578120493028549
list:
dist: 1.3818829186121044 vs. 1.3818829186121044
list:
dist: 0.916663328956239 vs. 0.916663328956239
list:
dist: 1.2065573212926126 vs. 1.2065573212926126
list:
dist: 1.805271905591209 vs. 1.805271905591209
list:
dist: 0.9088355153677118 vs. 0.9088355153677118
list:
dist: 1.5732193528849563 vs. 1.5732193528849563
list:
dist: 2.4383020656510834 vs. 2.4383020656510834
list:
dist: 1.5999299503297184 vs. 1.5999299503297184
list:
dist: 2.5923766276599007 vs. 2.5923766276599007
list:
dist: 1.991649164512879 vs. 1.991649164512879
list:
dist: 2.4352225372665286 vs. 2.4352225372665286
list:
dist: 1.515698456896549 vs. 1.515698456896549
list:
dist: 0.9259483606641571 vs. 0.9259483606641571
list:
dist: 1.9504090861270782 vs. 1.9504090861270782
list:
dist: 2.984586058297841 vs. 2.984586058297841
list:
dist: 2.67772923257843 vs. 2.67772923257843
list:
dist: 3.196691780635827 vs. 3.196691780635827
list:
dist: 3.2510586626535574 vs. 3.2510586626535574
list:
dist: 2.9230214141355475 vs. 2.9230214141355475
list:
dist: 3.0076815926628773 vs. 3.0076815926628773
list:
dist: 3.1438107774275226 vs. 3.1438107774275226
list:
dist: 1.075042962782546 vs. 1.075042962782546
list:
dist: 1.2515586836217931 vs. 1.2515586836217931
list:
dist: 1.9188251614142369 vs. 1.9188251614142369
list:
dist: 1.8797592116061372 vs. 1.8797592116061372
list:
dist: 1.5029079653095743 vs. 1.5029079653095743
list:
dist: 2.486505956128538 vs. 2.486505956128538
list:
dist: 1.7982745195000331 vs. 1.7982745195000331
list:
dist: 2.3435960126849347 vs. 2.3435960126849347
list:
dist: 2.535984304192173 vs. 2.535984304192173
list:
dist: 2.715541441431688 vs. 2.715541441431688
list:
dist: 2.1315172608306745 vs. 2.1315172608306745
list:
dist: 2.5683859052166507 vs. 2.5683859052166507
list:
dist: 2.6507980704159055 vs. 2.6507980704159055
list:
dist: 3.155647406430481 vs. 3.155647406430481
list:
dist: 2.841906204530498 vs. 2.841906204530498
list:
dist: 3.5839816793308095 vs. 3.5839816793308095
list:
dist: 3.913445411009341 vs. 3.913445411009341
list:
dist: 3.802546158108719 vs. 3.802546158108719
list:
dist: 3.646405237577495 vs. 3.646405237577495
list:
dist: 1.6815995743966146 vs. 1.6815995743966146
list:
dist: 1.2050340912906863 vs. 1.2050340912906863
list:
dist: 1.9188251614142369 vs. 1.9188251614142369
list:
dist: 0.924716841332464 vs. 0.924716841332464
list:
dist: 3.419056257484971 vs. 3.419056257484971
list:
dist: 2.0715624896124747 vs. 2.0715624896124747
list:
dist: 3.1235539768351157 vs. 3.1235539768351157
list:
dist: 2.6836398107242707 vs. 2.6836398107242707
list:
dist: 2.407745679415392 vs. 2.407745679415392
list:
dist: 4.193744271584704 vs. 4.193744271584704
list:
dist: 4.058805472371928 vs. 4.058805472371928
list:
dist: 3.7495145426624226 vs. 3.7495145426624226
list:
dist: 3.5992508233892884 vs. 3.5992508233892884
list:
dist: 3.1237238514191934 vs. 3.1237238514191934
list:
dist: 4.246770574561337 vs. 4.246770574561337
list:
dist: 3.7039570452272668 vs. 3.7039570452272668
list:
dist: 2.7798810886741157 vs. 2.7798810886741157
list:
dist: 2.9227566178327873 vs. 2.9227566178327873
list:
dist: 2.2099445780211435 vs. 2.2099445780211435
list:
dist: 2.964067017029158 vs. 2.964067017029158
list:
dist: 3.291369516190813 vs. 3.291369516190813
list:
dist: 2.751066898149764 vs. 2.751066898149764
list:
dist: 3.849171749316806 vs. 3.849171749316806
list:
dist: 1.9672322403934968 vs. 1.9672322403934968
list:
dist: 2.4352225372665286 vs. 2.4352225372665286
list:
dist: 2.166304637508398 vs. 2.166304637508398
list:
dist: 2.4313630331958507 vs. 2.4313630331958507
list:
dist: 1.5267220078705594 vs. 1.5267220078705594
list:
dist: 1.744232434966911 vs. 1.744232434966911
list:
dist: 1.9168957083439946 vs. 1.9168957083439946
list:
dist: 0.986911605267785 vs. 0.986911605267785
list:
dist: 2.192933354350269 vs. 2.192933354350269
list:
dist: 1.0978511158707356 vs. 1.0978511158707356
list:
dist: 2.888164451288124 vs. 2.888164451288124
list:
dist: 3.346496722367716 vs. 3.346496722367716
list:
dist: 2.3263320416599815 vs. 2.3263320416599815
list:
dist: 3.5364967620467085 vs. 3.5364967620467085
list:
dist: 2.7516007282363826 vs. 2.7516007282363826
list:
dist: 2.8009766997902874 vs. 2.8009766997902874
list:
dist: 2.4299258399812627 vs. 2.4299258399812627
list:
dist: 2.2414257863772025 vs. 2.2414257863772025
list:
dist: 2.451666416677413 vs. 2.451666416677413
list:
dist: 1.7180438667700304 vs. 1.7180438667700304
list:
dist: 1.4813886124957336 vs. 1.4813886124957336
list:
dist: 1.7982745195000331 vs. 1.7982745195000331
list:
dist: 2.6836398107242707 vs. 2.6836398107242707
list:
dist: 2.1868811155267807 vs. 2.1868811155267807
list:
dist: 0.7069811638399598 vs. 0.7069811638399598
list:
dist: 1.156291799260472 vs. 1.156291799260472
list:
dist: 1.8986651331910929 vs. 1.8986651331910929
list:
dist: 1.922059200916663 vs. 1.922059200916663
list:
dist: 1.2065573212926126 vs. 1.2065573212926126
list:
dist: 2.6754663866936923 vs. 2.6754663866936923
list:
dist: 3.4170091098611994 vs. 3.4170091098611994
list:
dist: 1.3253831943309058 vs. 1.3253831943309058
list:
dist: 2.0698054373417603 vs. 2.0698054373417603
list:
dist: 1.4653114527112068 vs. 1.4653114527112068
list:
dist: 2.751066898149764 vs. 2.751066898149764
list:
dist: 2.0999651283338174 vs. 2.0999651283338174
list:
dist: 1.2349329849934314 vs. 1.2349329849934314
list:
dist: 2.53684036490737 vs. 2.53684036490737
list:
dist: 2.2056303244620428 vs. 2.2056303244620428
list:
dist: 2.0783889944388005 vs. 2.0783889944388005
list:
dist: 0.7203307227381882 vs. 0.7203307227381882
list:
dist: 1.7883142337020976 vs. 1.7883142337020976
list:
dist: 1.150263599827906 vs. 1.150263599827906
list:
dist: 1.2801504696524477 vs. 1.2801504696524477
list:
dist: 0.6803026776558516 vs. 0.6803026776558516
list:
dist: 0.758809859677139 vs. 0.758809859677139
list:
dist: 2.15932109497932 vs. 2.15932109497932
list:
dist: 2.845767891331787 vs. 2.845767891331787
list:
dist: 3.0076815926628773 vs. 3.0076815926628773
list:
dist: 3.5839816793308095 vs. 3.5839816793308095
list:
dist: 2.720603637853572 vs. 2.720603637853572
list:
dist: 2.203084362394874 vs. 2.203084362394874
list:
dist: 1.4521565833379115 vs. 1.4521565833379115
list:
dist: 2.4299258399812627 vs. 2.4299258399812627
list:
dist: 1.2659441759666992 vs. 1.2659441759666992
list:
dist: 3.054207860938357 vs. 3.054207860938357
list:
dist: 2.275543611049704 vs. 2.275543611049704
list:
dist: 3.476800280600423 vs. 3.476800280600423
list:
dist: 3.978903712083708 vs. 3.978903712083708
list:
dist: 2.144034243479163 vs. 2.144034243479163
list:
dist: 1.9893180274678797 vs. 1.9893180274678797
list:
dist: 2.2456570738097303 vs. 2.2456570738097303
list:
dist: 1.9891041371614435 vs. 1.9891041371614435
list:
dist: 2.720603637853572 vs. 2.720603637853572
list:
dist: 3.0678905716650178 vs. 3.0678905716650178
list:
dist: 4.318820963845214 vs. 4.318820963845214
list:
dist: 4.228529084972708 vs. 4.228529084972708
list:
dist: 1.1692194462195584 vs. 1.1692194462195584
list:
dist: 0.951999311600609 vs. 0.951999311600609
list:
dist: 1.8797592116061372 vs. 1.8797592116061372
list:
dist: 0.924716841332464 vs. 0.924716841332464
list:
dist: 3.7364558016796394 vs. 3.7364558016796394
list:
dist: 1.4939189550931002 vs. 1.4939189550931002
list:
dist: 2.3424969519138044 vs. 2.3424969519138044
list:
dist: 2.1868811155267807 vs. 2.1868811155267807
list:
dist: 1.5028534638776236 vs. 1.5028534638776236
list:
dist: 4.807458456117472 vs. 4.807458456117472
list:
dist: 4.704747350079115 vs. 4.704747350079115
list:
dist: 4.312361449838987 vs. 4.312361449838987
list:
dist: 4.1932262928331845 vs. 4.1932262928331845
list:
dist: 3.6244633201653644 vs. 3.6244633201653644
list:
dist: 4.681543618736345 vs. 4.681543618736345
list:
dist: 4.215549522701042 vs. 4.215549522701042
list:
dist: 2.5414077497567837 vs. 2.5414077497567837
list:
dist: 2.9949034777960413 vs. 2.9949034777960413
list:
dist: 2.1438206032202505 vs. 2.1438206032202505
list:
dist: 1.736771045425069 vs. 1.736771045425069
list:
dist: 2.143490630002837 vs. 2.143490630002837
list:
dist: 4.092647892952225 vs. 4.092647892952225
list:
dist: 2.9773219239274384 vs. 2.9773219239274384
list:
dist: 3.051910605696742 vs. 3.051910605696742
list:
dist: 2.7780602545939823 vs. 2.7780602545939823
list:
dist: 3.1237238514191934 vs. 3.1237238514191934
list:
dist: 3.6244633201653644 vs. 3.6244633201653644
list:
dist: 1.0558027450549559 vs. 1.0558027450549559
list:
dist: 2.1128011961971747 vs. 2.1128011961971747
list:
dist: 1.7800714205882442 vs. 1.7800714205882442
list:
dist: 1.509321137547783 vs. 1.509321137547783
list:
dist: 2.1141799044052707 vs. 2.1141799044052707
list:
dist: 2.425983393938651 vs. 2.425983393938651
list:
dist: 0.757527135804773 vs. 0.757527135804773
list:
dist: 1.0554800342638764 vs. 1.0554800342638764
list:
dist: 1.2404151320932293 vs. 1.2404151320932293
list:
dist: 1.1351861074603924 vs. 1.1351861074603924
list:
dist: 2.68164238098084 vs. 2.68164238098084
list:
dist: 2.189340948470811 vs. 2.189340948470811
list:
dist: 1.7039774232859195 vs. 1.7039774232859195
list:
dist: 1.4375671987573055 vs. 1.4375671987573055
list:
dist: 2.4017497854836174 vs. 2.4017497854836174
list:
dist: 2.3510455113269635 vs. 2.3510455113269635
list:
dist: 2.350513332772524 vs. 2.350513332772524
list:
dist: 1.9785306186812333 vs. 1.9785306186812333
list:
dist: 3.0230246486545727 vs. 3.0230246486545727
list:
dist: 2.465568217687802 vs. 2.465568217687802
list:
dist: 3.894176674259252 vs. 3.894176674259252
list:
dist: 3.1884628494919047 vs. 3.1884628494919047
list:
dist: 3.2883952169318533 vs. 3.2883952169318533
list:
dist: 3.5179382546007085 vs. 3.5179382546007085
list:
dist: 2.255783522274771 vs. 2.255783522274771
list:
dist: 2.4007343462759927 vs. 2.4007343462759927
list:
dist: 2.0999651283338174 vs. 2.0999651283338174
list:
dist: 2.9573875792841764 vs. 2.9573875792841764
list:
dist: 1.1103859391000153 vs. 1.1103859391000153
list:
dist: 1.515698456896549 vs. 1.515698456896549
list:
dist: 1.4298735151679036 vs. 1.4298735151679036
list:
dist: 1.8462340089194365 vs. 1.8462340089194365
list:
dist: 1.225066953536144 vs. 1.225066953536144
list:
dist: 1.9615359016496199 vs. 1.9615359016496199
list:
dist: 1.6979946455194546 vs. 1.6979946455194546
list:
dist: 0.986911605267785 vs. 0.986911605267785
list:
dist: 1.5339443517722546 vs. 1.5339443517722546
list:
dist: 1.8030042724718836 vs. 1.8030042724718836
list:
dist: 2.3589645172556684 vs. 2.3589645172556684
list:
dist: 2.69516312370962 vs. 2.69516312370962
list:
dist: 2.817833446992602 vs. 2.817833446992602
list:
dist: 3.583783046005815 vs. 3.583783046005815
list:
dist: 2.709093628768829 vs. 2.709093628768829
list:
dist: 2.523894527888818 vs. 2.523894527888818
list:
dist: 2.845767891331787 vs. 2.845767891331787
list:
dist: 3.009401192824132 vs. 3.009401192824132
list:
dist: 1.0434035962941335 vs. 1.0434035962941335
list:
dist: 1.2515586836217931 vs. 1.2515586836217931
list:
dist: 1.2050340912906863 vs. 1.2050340912906863
list:
dist: 0.951999311600609 vs. 0.951999311600609
list:
dist: 0.9145813778441951 vs. 0.9145813778441951
list:
dist: 2.07564962952338 vs. 2.07564962952338
list:
dist: 1.4813886124957336 vs. 1.4813886124957336
list:
dist: 1.7810504778169889 vs. 1.7810504778169889
list:
dist: 1.815185229167352 vs. 1.815185229167352
list:
dist: 2.189277473605443 vs. 2.189277473605443
list:
dist: 1.366158490135714 vs. 1.366158490135714
list:
dist: 1.7802620177167772 vs. 1.7802620177167772
list:
dist: 1.497997925318912 vs. 1.497997925318912
list:
dist: 1.2349329849934314 vs. 1.2349329849934314
list:
dist: 2.602663078688862 vs. 2.602663078688862
list:
dist: 0.9962361990101343 vs. 0.9962361990101343
list:
dist: 0.9259483606641571 vs. 0.9259483606641571
list:
dist: 1.7278306024545362 vs. 1.7278306024545362
list:
dist: 2.9676138786085007 vs. 2.9676138786085007
list:
dist: 1.366120753188446 vs. 1.366120753188446
list:
dist: 2.2515838522975478 vs. 2.2515838522975478
list:
dist: 1.9430354397644451 vs. 1.9430354397644451
list:
dist: 2.192933354350269 vs. 2.192933354350269
list:
dist: 1.5339443517722546 vs. 1.5339443517722546
list:
dist: 2.807743864431828 vs. 2.807743864431828
list:
dist: 3.856269949110264 vs. 3.856269949110264
list:
dist: 5.2138300478261685 vs. 5.2138300478261685
list:
dist: 3.3505254911991487 vs. 3.3505254911991487
list:
dist: 3.8364903625559412 vs. 3.8364903625559412
list:
dist: 3.476800280600423 vs. 3.476800280600423
list:
dist: 3.159497327501253 vs. 3.159497327501253
list:
dist: 2.871995152704232 vs. 2.871995152704232
list:
dist: 3.844133991778766 vs. 3.844133991778766
list:
dist: 2.88964144797532 vs. 2.88964144797532
list:
dist: 2.3725528405548695 vs. 2.3725528405548695
list:
dist: 2.6754663866936923 vs. 2.6754663866936923
list:
dist: 3.112559228980919 vs. 3.112559228980919
list:
dist: 0.7663393241661045 vs. 0.7663393241661045
list:
dist: 1.5732193528849563 vs. 1.5732193528849563
list:
dist: 1.7240710793838085 vs. 1.7240710793838085
list:
dist: 2.3972275973423542 vs. 2.3972275973423542
list:
dist: 3.273414842110196 vs. 3.273414842110196
list:
dist: 2.944760682706173 vs. 2.944760682706173
list:
dist: 2.166304637508398 vs. 2.166304637508398
list:
dist: 1.4298735151679036 vs. 1.4298735151679036
list:
dist: 1.7278306024545362 vs. 1.7278306024545362
list:
dist: 2.6088982684737494 vs. 2.6088982684737494
list:
dist: 1.815185229167352 vs. 1.815185229167352
list:
dist: 2.535984304192173 vs. 2.535984304192173
list:
dist: 2.7798810886741157 vs. 2.7798810886741157
list:
dist: 2.5414077497567837 vs. 2.5414077497567837
list:
dist: 1.5898542659639128 vs. 1.5898542659639128
list:
dist: 2.1839616980666468 vs. 2.1839616980666468
list:
dist: 1.3253831943309058 vs. 1.3253831943309058
list:
dist: 2.769681896805127 vs. 2.769681896805127
list:
dist: 1.7508609927145993 vs. 1.7508609927145993
list:
dist: 1.5999299503297184 vs. 1.5999299503297184
list:
dist: 2.3972275973423542 vs. 2.3972275973423542
list:
dist: 2.9280309691914597 vs. 2.9280309691914597
list:
dist: 0.9969862408586018 vs. 0.9969862408586018
list:
dist: 0.6742751679242871 vs. 0.6742751679242871
list:
dist: 1.5267220078705594 vs. 1.5267220078705594
list:
dist: 1.225066953536144 vs. 1.225066953536144
list:
dist: 1.366120753188446 vs. 1.366120753188446
list:
dist: 1.6513351861727976 vs. 1.6513351861727976
list:
dist: 3.490963941381089 vs. 3.490963941381089
list:
dist: 1.806540985687647 vs. 1.806540985687647
list:
dist: 0.9044473700596795 vs. 0.9044473700596795
list:
dist: 1.7017270002841218 vs. 1.7017270002841218
list:
dist: 2.040838111601839 vs. 2.040838111601839
list:
dist: 0.6427123395741171 vs. 0.6427123395741171
list:
dist: 1.2801504696524477 vs. 1.2801504696524477
list:
dist: 1.9104983836068652 vs. 1.9104983836068652
list:
dist: 1.4792446745391283 vs. 1.4792446745391283
list:
dist: 1.8630049171305514 vs. 1.8630049171305514
list:
dist: 2.523894527888818 vs. 2.523894527888818
list:
dist: 2.9230214141355475 vs. 2.9230214141355475
list:
dist: 2.841906204530498 vs. 2.841906204530498
list:
dist: 1.9891041371614435 vs. 1.9891041371614435
list:
dist: 2.2710285732740005 vs. 2.2710285732740005
list:
dist: 2.0783211766001797 vs. 2.0783211766001797
list:
dist: 2.8009766997902874 vs. 2.8009766997902874
list:
dist: 0.9388950928716099 vs. 0.9388950928716099
list:
dist: 3.4609531271650593 vs. 3.4609531271650593
list:
dist: 2.6737357596958993 vs. 2.6737357596958993
list:
dist: 3.8364903625559412 vs. 3.8364903625559412
list:
dist: 3.769389686242686 vs. 3.769389686242686
list:
dist: 2.3856926000212226 vs. 2.3856926000212226
list:
dist: 2.725367127741659 vs. 2.725367127741659
list:
dist: 2.174781864599965 vs. 2.174781864599965
list:
dist: 3.230155042795413 vs. 3.230155042795413
list:
dist: 2.310126093692354 vs. 2.310126093692354
list:
dist: 2.2710285732740005 vs. 2.2710285732740005
list:
dist: 2.203084362394874 vs. 2.203084362394874
list:
dist: 2.2187049696448873 vs. 2.2187049696448873
list:
dist: 2.266318558655108 vs. 2.266318558655108
list:
dist: 1.1239961440543396 vs. 1.1239961440543396
list:
dist: 0.9145813778441951 vs. 0.9145813778441951
list:
dist: 1.5029079653095743 vs. 1.5029079653095743
list:
dist: 2.0715624896124747 vs. 2.0715624896124747
list:
dist: 1.4939189550931002 vs. 1.4939189550931002
list:
dist: 1.198949936689561 vs. 1.198949936689561
list:
dist: 0.7069811638399598 vs. 0.7069811638399598
list:
dist: 1.3773163842172291 vs. 1.3773163842172291
list:
dist: 2.201313295260489 vs. 2.201313295260489
list:
dist: 1.3818829186121044 vs. 1.3818829186121044
list:
dist: 2.88964144797532 vs. 2.88964144797532
list:
dist: 3.2830494328271285 vs. 3.2830494328271285
list:
dist: 1.5898542659639128 vs. 1.5898542659639128
list:
dist: 2.286174782864118 vs. 2.286174782864118
list:
dist: 1.4892140044099902 vs. 1.4892140044099902
list:
dist: 2.964067017029158 vs. 2.964067017029158
list:
dist: 2.255783522274771 vs. 2.255783522274771
list:
dist: 1.7802620177167772 vs. 1.7802620177167772
list:
dist: 3.0960018593774623 vs. 3.0960018593774623
list:
dist: 2.189277473605443 vs. 2.189277473605443
list:
dist: 2.715541441431688 vs. 2.715541441431688
list:
dist: 2.9227566178327873 vs. 2.9227566178327873
list:
dist: 2.9949034777960413 vs. 2.9949034777960413
list:
dist: 2.286174782864118 vs. 2.286174782864118
list:
dist: 3.0955276657085267 vs. 3.0955276657085267
list:
dist: 2.0698054373417603 vs. 2.0698054373417603
list:
dist: 3.565646295110763 vs. 3.565646295110763
list:
dist: 2.688423792532382 vs. 2.688423792532382
list:
dist: 2.5923766276599007 vs. 2.5923766276599007
list:
dist: 3.273414842110196 vs. 3.273414842110196
list:
dist: 3.6439511645440015 vs. 3.6439511645440015
list:
dist: 0.9969862408586018 vs. 0.9969862408586018
list:
dist: 0.8811051963682031 vs. 0.8811051963682031
list:
dist: 1.744232434966911 vs. 1.744232434966911
list:
dist: 1.9615359016496199 vs. 1.9615359016496199
list:
dist: 2.2515838522975478 vs. 2.2515838522975478
list:
dist: 1.2309922124668107 vs. 1.2309922124668107
list:
dist: 2.2987992606628453 vs. 2.2987992606628453
list:
dist: 1.366158490135714 vs. 1.366158490135714
list:
dist: 2.1315172608306745 vs. 2.1315172608306745
list:
dist: 2.2099445780211435 vs. 2.2099445780211435
list:
dist: 2.1438206032202505 vs. 2.1438206032202505
list:
dist: 1.4892140044099902 vs. 1.4892140044099902
list:
dist: 2.4085219348550697 vs. 2.4085219348550697
list:
dist: 1.4653114527112068 vs. 1.4653114527112068
list:
dist: 2.7131190169253148 vs. 2.7131190169253148
list:
dist: 2.3123514755143852 vs. 2.3123514755143852
list:
dist: 1.991649164512879 vs. 1.991649164512879
list:
dist: 2.944760682706173 vs. 2.944760682706173
list:
dist: 3.1859653408047053 vs. 3.1859653408047053
list:
dist: 0.6742751679242871 vs. 0.6742751679242871
list:
dist: 0.8811051963682031 vs. 0.8811051963682031
list:
dist: 1.9168957083439946 vs. 1.9168957083439946
list:
dist: 1.6979946455194546 vs. 1.6979946455194546
list:
dist: 1.9430354397644451 vs. 1.9430354397644451
list:
dist: 1.6778668971017299 vs. 1.6778668971017299
list:
dist: 1.800326686150417 vs. 1.800326686150417
list:
dist: 2.71112949127678 vs. 2.71112949127678
list:
dist: 1.1416675976402297 vs. 1.1416675976402297
list:
dist: 2.4338367098860814 vs. 2.4338367098860814
list:
dist: 2.8611056937502592 vs. 2.8611056937502592
list:
dist: 2.350513332772524 vs. 2.350513332772524
list:
dist: 1.831374077452157 vs. 1.831374077452157
list:
dist: 2.3996752382970885 vs. 2.3996752382970885
list:
dist: 1.3585945432311308 vs. 1.3585945432311308
list:
dist: 1.863147205404303 vs. 1.863147205404303
list:
dist: 2.1106126502547475 vs. 2.1106126502547475
list:
dist: 2.4461209473354804 vs. 2.4461209473354804
list:
dist: 1.068367798057393 vs. 1.068367798057393
list:
dist: 0.772051808082579 vs. 0.772051808082579
list:
dist: 3.1295663342805264 vs. 3.1295663342805264
list:
dist: 2.9504733959158025 vs. 2.9504733959158025
list:
dist: 2.7799767738726677 vs. 2.7799767738726677
list:
dist: 2.6611644488797395 vs. 2.6611644488797395
list:
dist: 2.2147007672995596 vs. 2.2147007672995596
list:
dist: 2.8060965736244468 vs. 2.8060965736244468
list:
dist: 0.6834390239261269 vs. 0.6834390239261269
list:
dist: 1.2739738702917685 vs. 1.2739738702917685
list:
dist: 2.967176923245122 vs. 2.967176923245122
list:
dist: 2.0088437569034903 vs. 2.0088437569034903
list:
dist: 2.0114500712195276 vs. 2.0114500712195276
list:
dist: 1.7793842420504014 vs. 1.7793842420504014
list:
dist: 3.7039570452272668 vs. 3.7039570452272668
list:
dist: 4.215549522701042 vs. 4.215549522701042
list:
dist: 1.0122337590318293 vs. 1.0122337590318293
list:
dist: 1.0215055780702742 vs. 1.0215055780702742
list:
dist: 1.468748458270921 vs. 1.468748458270921
list:
dist: 0.8228935818441319 vs. 0.8228935818441319
list:
dist: 1.2072978956423333 vs. 1.2072978956423333
list:
dist: 1.3711285618819413 vs. 1.3711285618819413
list:
dist: 1.2906659968738414 vs. 1.2906659968738414
list:
dist: 1.8865255388382849 vs. 1.8865255388382849
list:
dist: 1.1351861074603924 vs. 1.1351861074603924
list:
dist: 1.7807104888781702 vs. 1.7807104888781702
list:
dist: 2.216156253312656 vs. 2.216156253312656
list:
dist: 1.5847842718259515 vs. 1.5847842718259515
list:
dist: 1.0722017613148778 vs. 1.0722017613148778
list:
dist: 1.474609703831463 vs. 1.474609703831463
list:
dist: 2.722662658112292 vs. 2.722662658112292
list:
dist: 2.449215549973531 vs. 2.449215549973531
list:
dist: 2.3996752382970885 vs. 2.3996752382970885
list:
dist: 2.6655778294612866 vs. 2.6655778294612866
list:
dist: 2.8630815629347715 vs. 2.8630815629347715
list:
dist: 2.9882449905084307 vs. 2.9882449905084307
list:
dist: 5.013253894844424 vs. 5.013253894844424
list:
dist: 3.485502962087491 vs. 3.485502962087491
list:
dist: 3.781538322561959 vs. 3.781538322561959
list:
dist: 4.174181806520473 vs. 4.174181806520473
list:
dist: 1.935552505348607 vs. 1.935552505348607
list:
dist: 2.370960107741223 vs. 2.370960107741223
list:
dist: 4.112202102527565 vs. 4.112202102527565
list:
dist: 3.2916998982342656 vs. 3.2916998982342656
list:
dist: 3.2134122213859113 vs. 3.2134122213859113
list:
dist: 2.7957953938241187 vs. 2.7957953938241187
list:
dist: 3.7495145426624226 vs. 3.7495145426624226
list:
dist: 4.312361449838987 vs. 4.312361449838987
list:
dist: 1.5717637839365846 vs. 1.5717637839365846
list:
dist: 2.2871478402937853 vs. 2.2871478402937853
list:
dist: 2.0384011089917036 vs. 2.0384011089917036
list:
dist: 1.221328281042542 vs. 1.221328281042542
list:
dist: 2.1030993369130826 vs. 2.1030993369130826
list:
dist: 2.3091828783657875 vs. 2.3091828783657875
list:
dist: 0.6630723385438281 vs. 0.6630723385438281
list:
dist: 0.757527135804773 vs. 0.757527135804773
list:
dist: 0.8625084434505341 vs. 0.8625084434505341
list:
dist: 1.2906659968738414 vs. 1.2906659968738414
list:
dist: 2.5082906961425295 vs. 2.5082906961425295
list:
dist: 1.8911813509272588 vs. 1.8911813509272588
list:
dist: 1.3826482550146215 vs. 1.3826482550146215
list:
dist: 0.7467474615850205 vs. 0.7467474615850205
list:
dist: 2.230310593049488 vs. 2.230310593049488
list:
dist: 2.1929951715966975 vs. 2.1929951715966975
list:
dist: 2.4338367098860814 vs. 2.4338367098860814
list:
dist: 1.3916133466793454 vs. 1.3916133466793454
list:
dist: 2.350265972072216 vs. 2.350265972072216
list:
dist: 1.8678577128901575 vs. 1.8678577128901575
list:
dist: 4.161405762048804 vs. 4.161405762048804
list:
dist: 2.6311421064361804 vs. 2.6311421064361804
list:
dist: 2.9944531600569038 vs. 2.9944531600569038
list:
dist: 3.2226935806347607 vs. 3.2226935806347607
list:
dist: 1.3754474602167543 vs. 1.3754474602167543
list:
dist: 1.2609322400141252 vs. 1.2609322400141252
list:
dist: 1.7313253092554466 vs. 1.7313253092554466
list:
dist: 0.8154769172182322 vs. 0.8154769172182322
list:
dist: 1.4871038193758617 vs. 1.4871038193758617
list:
dist: 2.3625535205696493 vs. 2.3625535205696493
list:
dist: 1.152542232058936 vs. 1.152542232058936
list:
dist: 2.520715971718877 vs. 2.520715971718877
list:
dist: 3.2368928420584666 vs. 3.2368928420584666
list:
dist: 2.4504410183926324 vs. 2.4504410183926324
list:
dist: 1.7661685293860474 vs. 1.7661685293860474
list:
dist: 1.902747635709911 vs. 1.902747635709911
list:
dist: 3.2916998982342656 vs. 3.2916998982342656
list:
dist: 3.8452293255198287 vs. 3.8452293255198287
list:
dist: 2.9773219239274384 vs. 2.9773219239274384
list:
dist: 3.7341490765016805 vs. 3.7341490765016805
list:
dist: 2.0088437569034903 vs. 2.0088437569034903
list:
dist: 3.2609516166690073 vs. 3.2609516166690073
list:
dist: 2.8786055328968536 vs. 2.8786055328968536
list:
dist: 2.6535874784039257 vs. 2.6535874784039257
list:
dist: 3.393761334859915 vs. 3.393761334859915
list:
dist: 4.161405762048804 vs. 4.161405762048804
list:
dist: 3.6398132217356283 vs. 3.6398132217356283
list:
dist: 3.894176674259252 vs. 3.894176674259252
list:
dist: 4.166597057727706 vs. 4.166597057727706
list:
dist: 5.013253894844424 vs. 5.013253894844424
list:
dist: 1.6513351861727976 vs. 1.6513351861727976
list:
dist: 1.2309922124668107 vs. 1.2309922124668107
list:
dist: 1.6778668971017299 vs. 1.6778668971017299
list:
dist: 1.0978511158707356 vs. 1.0978511158707356
list:
dist: 1.8030042724718836 vs. 1.8030042724718836
list:
dist: 2.807743864431828 vs. 2.807743864431828
list:
dist: 3.8590643743805164 vs. 3.8590643743805164
list:
dist: 3.3370146368056237 vs. 3.3370146368056237
list:
dist: 3.769389686242686 vs. 3.769389686242686
list:
dist: 3.978903712083708 vs. 3.978903712083708
list:
dist: 3.9500287560721876 vs. 3.9500287560721876
list:
dist: 3.360113150235442 vs. 3.360113150235442
list:
dist: 3.2830494328271285 vs. 3.2830494328271285
list:
dist: 3.150725890174173 vs. 3.150725890174173
list:
dist: 3.4170091098611994 vs. 3.4170091098611994
list:
dist: 3.215315324094168 vs. 3.215315324094168
list:
dist: 2.0713222699763927 vs. 2.0713222699763927
list:
dist: 2.4383020656510834 vs. 2.4383020656510834
list:
dist: 1.7240710793838085 vs. 1.7240710793838085
list:
dist: 2.9280309691914597 vs. 2.9280309691914597
list:
dist: 3.6439511645440015 vs. 3.6439511645440015
list:
dist: 3.1859653408047053 vs. 3.1859653408047053
list:
dist: 2.4313630331958507 vs. 2.4313630331958507
list:
dist: 1.8462340089194365 vs. 1.8462340089194365
list:
dist: 2.9676138786085007 vs. 2.9676138786085007
list:
dist: 1.3380841379475652 vs. 1.3380841379475652
list:
dist: 1.0258587795002425 vs. 1.0258587795002425
list:
dist: 1.3039324134405903 vs. 1.3039324134405903
list:
dist: 0.8154769172182322 vs. 0.8154769172182322
list:
dist: 0.7706576676299361 vs. 0.7706576676299361
list:
dist: 2.674299642245652 vs. 2.674299642245652
list:
dist: 1.2614281615890568 vs. 1.2614281615890568
list:
dist: 2.881209563810537 vs. 2.881209563810537
list:
dist: 2.7012040895596137 vs. 2.7012040895596137
list:
dist: 2.177099131424269 vs. 2.177099131424269
list:
dist: 1.2960291528614936 vs. 1.2960291528614936
list:
dist: 1.74443946789395 vs. 1.74443946789395
list:
dist: 3.2134122213859113 vs. 3.2134122213859113
list:
dist: 3.7528056427772847 vs. 3.7528056427772847
list:
dist: 3.051910605696742 vs. 3.051910605696742
list:
dist: 3.7579588172981992 vs. 3.7579588172981992
list:
dist: 2.0114500712195276 vs. 2.0114500712195276
list:
dist: 3.393038822641208 vs. 3.393038822641208
list:
dist: 2.833307778206114 vs. 2.833307778206114
list:
dist: 2.5398137691565714 vs. 2.5398137691565714
list:
dist: 3.2164752878743017 vs. 3.2164752878743017
list:
dist: 2.7588686141731347 vs. 2.7588686141731347
list:
dist: 2.200758877234079 vs. 2.200758877234079
list:
dist: 3.6375216666599166 vs. 3.6375216666599166
list:
dist: 3.2368928420584666 vs. 3.2368928420584666
list:
dist: 2.7012040895596137 vs. 2.7012040895596137
list:
dist: 2.214399606225365 vs. 2.214399606225365
list:
dist: 2.8099155082163527 vs. 2.8099155082163527
list:
dist: 2.117645275015887 vs. 2.117645275015887
list:
dist: 3.584373196984387 vs. 3.584373196984387
list:
dist: 2.38372838574184 vs. 2.38372838574184
list:
dist: 2.267388600816877 vs. 2.267388600816877
list:
dist: 1.7313253092554466 vs. 1.7313253092554466
list:
dist: 1.3039324134405903 vs. 1.3039324134405903
list:
dist: 1.639138521026505 vs. 1.639138521026505
list:
dist: 3.6353974155127395 vs. 3.6353974155127395
list:
dist: 2.081937011239917 vs. 2.081937011239917
list:
dist: 3.5619301632559885 vs. 3.5619301632559885
list:
dist: 3.6375216666599166 vs. 3.6375216666599166
list:
dist: 2.9543397288105653 vs. 2.9543397288105653
list:
dist: 2.264734927140856 vs. 2.264734927140856
list:
dist: 2.0583209661756965 vs. 2.0583209661756965
list:
dist: 4.112202102527565 vs. 4.112202102527565
list:
dist: 4.705164177798043 vs. 4.705164177798043
list:
dist: 4.092647892952225 vs. 4.092647892952225
list:
dist: 4.532724306951074 vs. 4.532724306951074
list:
dist: 2.967176923245122 vs. 2.967176923245122
list:
dist: 3.6232225828334377 vs. 3.6232225828334377
list:
dist: 3.175030128122391 vs. 3.175030128122391
list:
dist: 3.0923310351403748 vs. 3.0923310351403748
list:
dist: 3.9076037401200314 vs. 3.9076037401200314
list:
dist: 0.5792840685746442 vs. 0.5792840685746442
list:
dist: 1.0908368302665161 vs. 1.0908368302665161
list:
dist: 2.081937011239917 vs. 2.081937011239917
list:
dist: 1.152542232058936 vs. 1.152542232058936
list:
dist: 1.2614281615890568 vs. 1.2614281615890568
list:
dist: 1.3674700350223545 vs. 1.3674700350223545
list:
dist: 1.5553735044421435 vs. 1.5553735044421435
list:
dist: 1.6369171857186473 vs. 1.6369171857186473
list:
dist: 1.4540052900658749 vs. 1.4540052900658749
list:
dist: 1.2328438775764068 vs. 1.2328438775764068
list:
dist: 0.9358269353495908 vs. 0.9358269353495908
list:
dist: 2.2871478402937853 vs. 2.2871478402937853
list:
dist: 2.9029804830507513 vs. 2.9029804830507513
list:
dist: 2.1128011961971747 vs. 2.1128011961971747
list:
dist: 2.65416386125605 vs. 2.65416386125605
list:
dist: 1.0215055780702742 vs. 1.0215055780702742
list:
dist: 2.2487473141341177 vs. 2.2487473141341177
list:
dist: 1.7604336907136333 vs. 1.7604336907136333
list:
dist: 1.5073647450810677 vs. 1.5073647450810677
list:
dist: 2.29716161000907 vs. 2.29716161000907
list:
dist: 3.2919333197825624 vs. 3.2919333197825624
list:
dist: 2.8953373447385244 vs. 2.8953373447385244
list:
dist: 2.71112949127678 vs. 2.71112949127678
list:
dist: 0.8439748245451186 vs. 0.8439748245451186
list:
dist: 0.7117805585478949 vs. 0.7117805585478949
list:
dist: 2.264734927140856 vs. 2.264734927140856
list:
dist: 1.7661685293860474 vs. 1.7661685293860474
list:
dist: 1.2960291528614936 vs. 1.2960291528614936
list:
dist: 0.7122067788037035 vs. 0.7122067788037035
list:
dist: 4.058805472371928 vs. 4.058805472371928
list:
dist: 4.704747350079115 vs. 4.704747350079115
list:
dist: 2.161558155037687 vs. 2.161558155037687
list:
dist: 1.2328438775764068 vs. 1.2328438775764068
list:
dist: 2.5579257351432645 vs. 2.5579257351432645
list:
dist: 2.117645275015887 vs. 2.117645275015887
list:
dist: 1.047269166971664 vs. 1.047269166971664
list:
dist: 1.4800847864093105 vs. 1.4800847864093105
list:
dist: 2.1030993369130826 vs. 2.1030993369130826
list:
dist: 2.587608761683228 vs. 2.587608761683228
list:
dist: 2.1141799044052707 vs. 2.1141799044052707
list:
dist: 2.776809259186353 vs. 2.776809259186353
list:
dist: 1.2072978956423333 vs. 1.2072978956423333
list:
dist: 3.0179518932452627 vs. 3.0179518932452627
list:
dist: 2.2382941508579397 vs. 2.2382941508579397
list:
dist: 1.7306815114887883 vs. 1.7306815114887883
list:
dist: 2.1056131220459506 vs. 2.1056131220459506
list:
dist: 3.307781829123391 vs. 3.307781829123391
list:
dist: 3.27530184478039 vs. 3.27530184478039
list:
dist: 3.7414932047145735 vs. 3.7414932047145735
list:
dist: 1.2226034212803827 vs. 1.2226034212803827
list:
dist: 0.8915694700351451 vs. 0.8915694700351451
list:
dist: 1.639138521026505 vs. 1.639138521026505
list:
dist: 1.4871038193758617 vs. 1.4871038193758617
list:
dist: 0.7706576676299361 vs. 0.7706576676299361
list:
dist: 2.6562584768006574 vs. 2.6562584768006574
list:
dist: 1.3674700350223545 vs. 1.3674700350223545
list:
dist: 2.9409423651660425 vs. 2.9409423651660425
list:
dist: 2.214399606225365 vs. 2.214399606225365
list:
dist: 1.675567579975543 vs. 1.675567579975543
list:
dist: 0.7122067788037035 vs. 0.7122067788037035
list:
dist: 1.6020262813857684 vs. 1.6020262813857684
list:
dist: 2.7957953938241187 vs. 2.7957953938241187
list:
dist: 3.2980726975602486 vs. 3.2980726975602486
list:
dist: 2.7780602545939823 vs. 2.7780602545939823
list:
dist: 3.420445013428158 vs. 3.420445013428158
list:
dist: 1.7793842420504014 vs. 1.7793842420504014
list:
dist: 3.321391200046185 vs. 3.321391200046185
list:
dist: 2.6031346644275164 vs. 2.6031346644275164
list:
dist: 2.2100028113471506 vs. 2.2100028113471506
list:
dist: 2.737404800383468 vs. 2.737404800383468
list:
dist: 0.695754406843516 vs. 0.695754406843516
list:
dist: 2.267388600816877 vs. 2.267388600816877
list:
dist: 1.2609322400141252 vs. 1.2609322400141252
list:
dist: 1.0258587795002425 vs. 1.0258587795002425
list:
dist: 0.8915694700351451 vs. 0.8915694700351451
list:
dist: 3.646405237577495 vs. 3.646405237577495
list:
dist: 4.228529084972708 vs. 4.228529084972708
list:
dist: 1.9886091299725346 vs. 1.9886091299725346
list:
dist: 1.0908368302665161 vs. 1.0908368302665161
list:
dist: 2.4678658264260833 vs. 2.4678658264260833
list:
dist: 2.200758877234079 vs. 2.200758877234079
list:
dist: 1.5350211528715345 vs. 1.5350211528715345
list:
dist: 0.7117805585478949 vs. 0.7117805585478949
list:
dist: 1.7501599501235356 vs. 1.7501599501235356
list:
dist: 2.370960107741223 vs. 2.370960107741223
list:
dist: 2.8418220706906236 vs. 2.8418220706906236
list:
dist: 2.143490630002837 vs. 2.143490630002837
list:
dist: 3.0191114798935645 vs. 3.0191114798935645
list:
dist: 1.2739738702917685 vs. 1.2739738702917685
list:
dist: 3.215820335712844 vs. 3.215820335712844
list:
dist: 2.5649500633193583 vs. 2.5649500633193583
list:
dist: 2.0988198978878523 vs. 2.0988198978878523
list:
dist: 2.540048648797362 vs. 2.540048648797362
list:
dist: 2.5372103165550977 vs. 2.5372103165550977
list:
dist: 3.215820335712844 vs. 3.215820335712844
list:
dist: 3.6232225828334377 vs. 3.6232225828334377
list:
dist: 3.2609516166690073 vs. 3.2609516166690073
list:
dist: 3.393038822641208 vs. 3.393038822641208
list:
dist: 3.321391200046185 vs. 3.321391200046185
list:
dist: 2.1877151724605195 vs. 2.1877151724605195
list:
dist: 2.2487473141341177 vs. 2.2487473141341177
list:
dist: 1.4484081639932687 vs. 1.4484081639932687
list:
dist: 2.3316787892872974 vs. 2.3316787892872974
list:
dist: 3.0179518932452627 vs. 3.0179518932452627
list:
dist: 1.7593433146399688 vs. 1.7593433146399688
list:
dist: 2.5082906961425295 vs. 2.5082906961425295
list:
dist: 3.0868919557105303 vs. 3.0868919557105303
list:
dist: 2.68164238098084 vs. 2.68164238098084
list:
dist: 2.1096415055730007 vs. 2.1096415055730007
list:
dist: 2.216156253312656 vs. 2.216156253312656
list:
dist: 0.9041991919121877 vs. 0.9041991919121877
list:
dist: 1.4737717672793706 vs. 1.4737717672793706
list:
dist: 2.16080511537451 vs. 2.16080511537451
list:
dist: 1.743603174374512 vs. 1.743603174374512
list:
dist: 1.2216435865685498 vs. 1.2216435865685498
list:
dist: 1.3585945432311308 vs. 1.3585945432311308
list:
dist: 3.2718516899449157 vs. 3.2718516899449157
list:
dist: 2.201915660615899 vs. 2.201915660615899
list:
dist: 2.8688618050617385 vs. 2.8688618050617385
list:
dist: 2.587403585523954 vs. 2.587403585523954
list:
dist: 2.769775690334699 vs. 2.769775690334699
list:
dist: 3.43662271709513 vs. 3.43662271709513
list:
dist: 1.4352103629428299 vs. 1.4352103629428299
list:
dist: 1.9886091299725346 vs. 1.9886091299725346
list:
dist: 3.6353974155127395 vs. 3.6353974155127395
list:
dist: 2.3625535205696493 vs. 2.3625535205696493
list:
dist: 2.674299642245652 vs. 2.674299642245652
list:
dist: 2.6562584768006574 vs. 2.6562584768006574
list:
dist: 3.419056257484971 vs. 3.419056257484971
list:
dist: 3.7364558016796394 vs. 3.7364558016796394
list:
dist: 1.5553735044421435 vs. 1.5553735044421435
list:
dist: 0.9007438027569835 vs. 0.9007438027569835
list:
dist: 1.762754742938999 vs. 1.762754742938999
list:
dist: 2.161558155037687 vs. 2.161558155037687
list:
dist: 2.036036683364114 vs. 2.036036683364114
list:
dist: 1.5717637839365846 vs. 1.5717637839365846
list:
dist: 2.0539954322123206 vs. 2.0539954322123206
list:
dist: 1.0558027450549559 vs. 1.0558027450549559
list:
dist: 1.7047413649885648 vs. 1.7047413649885648
list:
dist: 1.0122337590318293 vs. 1.0122337590318293
list:
dist: 2.1877151724605195 vs. 2.1877151724605195
list:
dist: 1.9353462382098408 vs. 1.9353462382098408
list:
dist: 1.6485525327440034 vs. 1.6485525327440034
list:
dist: 1.9615534047505867 vs. 1.9615534047505867
list:
dist: 2.3185178200378163 vs. 2.3185178200378163
list:
dist: 2.102795934878609 vs. 2.102795934878609
list:
dist: 1.800326686150417 vs. 1.800326686150417
list:
dist: 1.1355504514181722 vs. 1.1355504514181722
list:
dist: 1.5350211528715345 vs. 1.5350211528715345
list:
dist: 2.9543397288105653 vs. 2.9543397288105653
list:
dist: 2.4504410183926324 vs. 2.4504410183926324
list:
dist: 2.177099131424269 vs. 2.177099131424269
list:
dist: 1.675567579975543 vs. 1.675567579975543
list:
dist: 4.193744271584704 vs. 4.193744271584704
list:
dist: 4.807458456117472 vs. 4.807458456117472
list:
dist: 1.762754742938999 vs. 1.762754742938999
list:
dist: 1.4540052900658749 vs. 1.4540052900658749
list:
dist: 2.0691271825900457 vs. 2.0691271825900457
list:
dist: 2.8099155082163527 vs. 2.8099155082163527
list:
dist: 1.047269166971664 vs. 1.047269166971664
list:
dist: 1.3312212746120344 vs. 1.3312212746120344
list:
dist: 1.221328281042542 vs. 1.221328281042542
list:
dist: 1.7871225892197988 vs. 1.7871225892197988
list:
dist: 1.509321137547783 vs. 1.509321137547783
list:
dist: 1.8084723609255469 vs. 1.8084723609255469
list:
dist: 0.8228935818441319 vs. 0.8228935818441319
list:
dist: 2.3316787892872974 vs. 2.3316787892872974
list:
dist: 1.4851686977658523 vs. 1.4851686977658523
list:
dist: 0.8714626656022543 vs. 0.8714626656022543
list:
dist: 1.0662160815308286 vs. 1.0662160815308286
list:
dist: 2.374119487286909 vs. 2.374119487286909
list:
dist: 2.3384282811306267 vs. 2.3384282811306267
list:
dist: 2.7093868967967007 vs. 2.7093868967967007
list:
dist: 2.0553520256684146 vs. 2.0553520256684146
list:
dist: 2.540048648797362 vs. 2.540048648797362
list:
dist: 3.9076037401200314 vs. 3.9076037401200314
list:
dist: 3.393761334859915 vs. 3.393761334859915
list:
dist: 3.2164752878743017 vs. 3.2164752878743017
list:
dist: 2.737404800383468 vs. 2.737404800383468
list:
dist: 1.9615534047505867 vs. 1.9615534047505867
list:
dist: 2.29716161000907 vs. 2.29716161000907
list:
dist: 2.151603835130548 vs. 2.151603835130548
list:
dist: 1.0662160815308286 vs. 1.0662160815308286
list:
dist: 2.1056131220459506 vs. 2.1056131220459506
list:
dist: 2.0151393731730245 vs. 2.0151393731730245
list:
dist: 0.7467474615850205 vs. 0.7467474615850205
list:
dist: 1.2108735768939867 vs. 1.2108735768939867
list:
dist: 1.4375671987573055 vs. 1.4375671987573055
list:
dist: 0.9857620489641038 vs. 0.9857620489641038
list:
dist: 1.474609703831463 vs. 1.474609703831463
list:
dist: 2.16080511537451 vs. 2.16080511537451
list:
dist: 1.4417487602831531 vs. 1.4417487602831531
list:
dist: 0.9969698344050191 vs. 0.9969698344050191
list:
dist: 2.150425083854461 vs. 2.150425083854461
list:
dist: 2.037536682703898 vs. 2.037536682703898
list:
dist: 2.4461209473354804 vs. 2.4461209473354804
list:
dist: 1.4456559486627734 vs. 1.4456559486627734
list:
dist: 1.6396683012263487 vs. 1.6396683012263487
list:
dist: 1.6438638195048643 vs. 1.6438638195048643
list:
dist: 2.228946901720868 vs. 2.228946901720868
list:
dist: 2.8704206096907696 vs. 2.8704206096907696
list:
dist: 3.1822183981766177 vs. 3.1822183981766177
list:
dist: 2.499227899286976 vs. 2.499227899286976
list:
dist: 2.8418220706906236 vs. 2.8418220706906236
list:
dist: 4.705164177798043 vs. 4.705164177798043
list:
dist: 3.8452293255198287 vs. 3.8452293255198287
list:
dist: 3.7528056427772847 vs. 3.7528056427772847
list:
dist: 3.2980726975602486 vs. 3.2980726975602486
list:
dist: 3.5992508233892884 vs. 3.5992508233892884
list:
dist: 4.1932262928331845 vs. 4.1932262928331845
list:
dist: 2.0539954322123206 vs. 2.0539954322123206
list:
dist: 2.9029804830507513 vs. 2.9029804830507513
list:
dist: 2.595075576768729 vs. 2.595075576768729
list:
dist: 1.7871225892197988 vs. 1.7871225892197988
list:
dist: 2.587608761683228 vs. 2.587608761683228
list:
dist: 2.9599947212932545 vs. 2.9599947212932545
list:
dist: 0.6630723385438281 vs. 0.6630723385438281
list:
dist: 1.0554800342638764 vs. 1.0554800342638764
list:
dist: 1.1269005088809987 vs. 1.1269005088809987
list:
dist: 1.8865255388382849 vs. 1.8865255388382849
list:
dist: 3.0868919557105303 vs. 3.0868919557105303
list:
dist: 2.511048139914857 vs. 2.511048139914857
list:
dist: 2.025230615875553 vs. 2.025230615875553
list:
dist: 1.2108735768939867 vs. 1.2108735768939867
list:
dist: 2.4928054595301554 vs. 2.4928054595301554
list:
dist: 2.583908061073106 vs. 2.583908061073106
list:
dist: 2.8611056937502592 vs. 2.8611056937502592
list:
dist: 1.0076009223275695 vs. 1.0076009223275695
list:
dist: 2.652887318839877 vs. 2.652887318839877
list:
dist: 1.7584770085382264 vs. 1.7584770085382264
list:
dist: 3.6398132217356283 vs. 3.6398132217356283
list:
dist: 2.712940781138257 vs. 2.712940781138257
list:
dist: 3.0399328480265666 vs. 3.0399328480265666
list:
dist: 3.115297652685858 vs. 3.115297652685858
list:
dist: 2.102795934878609 vs. 2.102795934878609
list:
dist: 2.8953373447385244 vs. 2.8953373447385244
list:
dist: 1.5714161136795615 vs. 1.5714161136795615
list:
dist: 2.1929951715966975 vs. 2.1929951715966975
list:
dist: 2.583908061073106 vs. 2.583908061073106
list:
dist: 2.3510455113269635 vs. 2.3510455113269635
list:
dist: 1.4612168823190184 vs. 1.4612168823190184
list:
dist: 2.449215549973531 vs. 2.449215549973531
list:
dist: 1.2216435865685498 vs. 1.2216435865685498
list:
dist: 1.6046719215148142 vs. 1.6046719215148142
list:
dist: 1.8834588353037218 vs. 1.8834588353037218
list:
dist: 2.037536682703898 vs. 2.037536682703898
list:
dist: 0.5294993754131995 vs. 0.5294993754131995
list:
dist: 0.772051808082579 vs. 0.772051808082579
list:
dist: 2.632464802585067 vs. 2.632464802585067
list:
dist: 2.2691727478434514 vs. 2.2691727478434514
list:
dist: 2.129122326813765 vs. 2.129122326813765
list:
dist: 1.9025688798672418 vs. 1.9025688798672418
list:
dist: 1.669183343515184 vs. 1.669183343515184
list:
dist: 2.3031318590951946 vs. 2.3031318590951946
list:
dist: 0.695754406843516 vs. 0.695754406843516
list:
dist: 2.38372838574184 vs. 2.38372838574184
list:
dist: 1.3754474602167543 vs. 1.3754474602167543
list:
dist: 1.3380841379475652 vs. 1.3380841379475652
list:
dist: 1.2226034212803827 vs. 1.2226034212803827
list:
dist: 3.802546158108719 vs. 3.802546158108719
list:
dist: 4.318820963845214 vs. 4.318820963845214
list:
dist: 1.4352103629428299 vs. 1.4352103629428299
list:
dist: 0.5792840685746442 vs. 0.5792840685746442
list:
dist: 1.8088637751113823 vs. 1.8088637751113823
list:
dist: 2.7588686141731347 vs. 2.7588686141731347
list:
dist: 1.1355504514181722 vs. 1.1355504514181722
list:
dist: 0.8439748245451186 vs. 0.8439748245451186
list:
dist: 1.2454537228283642 vs. 1.2454537228283642
list:
dist: 1.935552505348607 vs. 1.935552505348607
list:
dist: 2.499227899286976 vs. 2.499227899286976
list:
dist: 1.736771045425069 vs. 1.736771045425069
list:
dist: 2.4592444128829314 vs. 2.4592444128829314
list:
dist: 0.6834390239261269 vs. 0.6834390239261269
list:
dist: 2.5372103165550977 vs. 2.5372103165550977
list:
dist: 1.9229554209266035 vs. 1.9229554209266035
list:
dist: 1.4892460490194444 vs. 1.4892460490194444
list:
dist: 2.0553520256684146 vs. 2.0553520256684146
list:
dist: 1.4892460490194444 vs. 1.4892460490194444
list:
dist: 2.0988198978878523 vs. 2.0988198978878523
list:
dist: 3.0923310351403748 vs. 3.0923310351403748
list:
dist: 2.6535874784039257 vs. 2.6535874784039257
list:
dist: 2.5398137691565714 vs. 2.5398137691565714
list:
dist: 2.2100028113471506 vs. 2.2100028113471506
list:
dist: 1.6485525327440034 vs. 1.6485525327440034
list:
dist: 1.5073647450810677 vs. 1.5073647450810677
list:
dist: 1.5642042824607565 vs. 1.5642042824607565
list:
dist: 0.8714626656022543 vs. 0.8714626656022543
list:
dist: 1.7306815114887883 vs. 1.7306815114887883
list:
dist: 1.0762635121594795 vs. 1.0762635121594795
list:
dist: 1.3826482550146215 vs. 1.3826482550146215
list:
dist: 2.025230615875553 vs. 2.025230615875553
list:
dist: 1.7039774232859195 vs. 1.7039774232859195
list:
dist: 1.511615064174956 vs. 1.511615064174956
list:
dist: 1.0722017613148778 vs. 1.0722017613148778
list:
dist: 1.4737717672793706 vs. 1.4737717672793706
list:
dist: 0.6307952953382244 vs. 0.6307952953382244
list:
dist: 0.9969698344050191 vs. 0.9969698344050191
list:
dist: 2.222313634419255 vs. 2.222313634419255
list:
dist: 1.8834588353037218 vs. 1.8834588353037218
list:
dist: 2.1106126502547475 vs. 2.1106126502547475
list:
dist: 2.416503853615792 vs. 2.416503853615792
list:
dist: 1.8753818233762045 vs. 1.8753818233762045
list:
dist: 2.432158667171437 vs. 2.432158667171437
list:
dist: 2.686822133765573 vs. 2.686822133765573
list:
dist: 3.205635865184127 vs. 3.205635865184127
list:
dist: 3.683403331632704 vs. 3.683403331632704
list:
dist: 1.8088637751113823 vs. 1.8088637751113823
list:
dist: 2.4678658264260833 vs. 2.4678658264260833
list:
dist: 3.5619301632559885 vs. 3.5619301632559885
list:
dist: 2.520715971718877 vs. 2.520715971718877
list:
dist: 2.881209563810537 vs. 2.881209563810537
list:
dist: 2.9409423651660425 vs. 2.9409423651660425
list:
dist: 0.9007438027569835 vs. 0.9007438027569835
list:
dist: 1.6369171857186473 vs. 1.6369171857186473
list:
dist: 2.0691271825900457 vs. 2.0691271825900457
list:
dist: 2.5579257351432645 vs. 2.5579257351432645
list:
dist: 1.8410225276066974 vs. 1.8410225276066974
list:
dist: 2.0384011089917036 vs. 2.0384011089917036
list:
dist: 2.595075576768729 vs. 2.595075576768729
list:
dist: 1.7800714205882442 vs. 1.7800714205882442
list:
dist: 1.8578416664163653 vs. 1.8578416664163653
list:
dist: 1.468748458270921 vs. 1.468748458270921
list:
dist: 1.4484081639932687 vs. 1.4484081639932687
list:
dist: 1.530854218043165 vs. 1.530854218043165
list:
dist: 1.5642042824607565 vs. 1.5642042824607565
list:
dist: 2.151603835130548 vs. 2.151603835130548
list:
dist: 1.9349440953754586 vs. 1.9349440953754586
list:
dist: 1.5714161136795615 vs. 1.5714161136795615
list:
dist: 1.1416675976402297 vs. 1.1416675976402297
list:
dist: 1.2454537228283642 vs. 1.2454537228283642
list:
dist: 1.7501599501235356 vs. 1.7501599501235356
list:
dist: 2.0583209661756965 vs. 2.0583209661756965
list:
dist: 1.902747635709911 vs. 1.902747635709911
list:
dist: 1.74443946789395 vs. 1.74443946789395
list:
dist: 1.6020262813857684 vs. 1.6020262813857684
list:
dist: 2.036036683364114 vs. 2.036036683364114
list:
dist: 0.9358269353495908 vs. 0.9358269353495908
list:
dist: 1.8410225276066974 vs. 1.8410225276066974
list:
dist: 3.584373196984387 vs. 3.584373196984387
list:
dist: 1.3312212746120344 vs. 1.3312212746120344
list:
dist: 1.4800847864093105 vs. 1.4800847864093105
list:
dist: 2.3091828783657875 vs. 2.3091828783657875
list:
dist: 2.9599947212932545 vs. 2.9599947212932545
list:
dist: 2.425983393938651 vs. 2.425983393938651
list:
dist: 2.5463425228853143 vs. 2.5463425228853143
list:
dist: 1.3711285618819413 vs. 1.3711285618819413
list:
dist: 1.7593433146399688 vs. 1.7593433146399688
list:
dist: 1.145166884431103 vs. 1.145166884431103
list:
dist: 1.0762635121594795 vs. 1.0762635121594795
list:
dist: 2.0151393731730245 vs. 2.0151393731730245
list:
dist: 3.4562308839586287 vs. 3.4562308839586287
list:
dist: 2.631542903996712 vs. 2.631542903996712
list:
dist: 3.495549804073969 vs. 3.495549804073969
list:
dist: 1.9229554209266035 vs. 1.9229554209266035
list:
dist: 2.5649500633193583 vs. 2.5649500633193583
list:
dist: 3.175030128122391 vs. 3.175030128122391
list:
dist: 2.8786055328968536 vs. 2.8786055328968536
list:
dist: 2.833307778206114 vs. 2.833307778206114
list:
dist: 2.6031346644275164 vs. 2.6031346644275164
list:
dist: 1.9353462382098408 vs. 1.9353462382098408
list:
dist: 1.7604336907136333 vs. 1.7604336907136333
list:
dist: 1.530854218043165 vs. 1.530854218043165
list:
dist: 1.4851686977658523 vs. 1.4851686977658523
list:
dist: 2.2382941508579397 vs. 2.2382941508579397
list:
dist: 1.145166884431103 vs. 1.145166884431103
list:
dist: 1.8911813509272588 vs. 1.8911813509272588
list:
dist: 2.511048139914857 vs. 2.511048139914857
list:
dist: 2.189340948470811 vs. 2.189340948470811
list:
dist: 1.7573241895076952 vs. 1.7573241895076952
list:
dist: 1.5847842718259515 vs. 1.5847842718259515
list:
dist: 0.9041991919121877 vs. 0.9041991919121877
list:
dist: 0.6307952953382244 vs. 0.6307952953382244
list:
dist: 1.4417487602831531 vs. 1.4417487602831531
list:
dist: 2.0344910817872734 vs. 2.0344910817872734
list:
dist: 1.6046719215148142 vs. 1.6046719215148142
list:
dist: 1.863147205404303 vs. 1.863147205404303
list:
dist: 2.7622074541680153 vs. 2.7622074541680153
list:
dist: 1.7671503586658097 vs. 1.7671503586658097
list:
dist: 2.5562028962464027 vs. 2.5562028962464027
list:
dist: 2.5468652489390036 vs. 2.5468652489390036
list:
dist: 3.0294120870768815 vs. 3.0294120870768815
list:
dist: 3.5975345889753227 vs. 3.5975345889753227
list:
dist: 2.3185178200378163 vs. 2.3185178200378163
list:
dist: 3.2919333197825624 vs. 3.2919333197825624
list:
dist: 1.9349440953754586 vs. 1.9349440953754586
list:
dist: 2.230310593049488 vs. 2.230310593049488
list:
dist: 2.4928054595301554 vs. 2.4928054595301554
list:
dist: 2.4017497854836174 vs. 2.4017497854836174
list:
dist: 1.3996076523944883 vs. 1.3996076523944883
list:
dist: 2.722662658112292 vs. 2.722662658112292
list:
dist: 1.743603174374512 vs. 1.743603174374512
list:
dist: 2.0344910817872734 vs. 2.0344910817872734
list:
dist: 2.222313634419255 vs. 2.222313634419255
list:
dist: 2.150425083854461 vs. 2.150425083854461
list:
dist: 0.5294993754131995 vs. 0.5294993754131995
list:
dist: 1.068367798057393 vs. 1.068367798057393
list:
dist: 2.4306335994660704 vs. 2.4306335994660704
list:
dist: 2.397150377969031 vs. 2.397150377969031
list:
dist: 1.8758241667983138 vs. 1.8758241667983138
list:
dist: 1.6877860402938145 vs. 1.6877860402938145
list:
dist: 1.209706429321161 vs. 1.209706429321161
list:
dist: 1.8012661105358823 vs. 1.8012661105358823
list:
dist: 3.2226935806347607 vs. 3.2226935806347607
list:
dist: 3.115297652685858 vs. 3.115297652685858
list:
dist: 3.5179382546007085 vs. 3.5179382546007085
list:
dist: 2.4324040427333506 vs. 2.4324040427333506
list:
dist: 4.174181806520473 vs. 4.174181806520473
list:
dist: 3.43662271709513 vs. 3.43662271709513
list:
dist: 3.5975345889753227 vs. 3.5975345889753227
list:
dist: 3.683403331632704 vs. 3.683403331632704
list:
dist: 3.1822183981766177 vs. 3.1822183981766177
list:
dist: 1.8012661105358823 vs. 1.8012661105358823
list:
dist: 2.3031318590951946 vs. 2.3031318590951946
list:
dist: 2.8060965736244468 vs. 2.8060965736244468
list:
dist: 2.5526570503292194 vs. 2.5526570503292194
list:
dist: 3.10244654431996 vs. 3.10244654431996
list:
dist: 1.840072089814512 vs. 1.840072089814512
list:
dist: 1.6248111314243658 vs. 1.6248111314243658
list:
dist: 0.7299183294018958 vs. 0.7299183294018958
list:
dist: 2.6311421064361804 vs. 2.6311421064361804
list:
dist: 2.712940781138257 vs. 2.712940781138257
list:
dist: 3.1884628494919047 vs. 3.1884628494919047
list:
dist: 1.9572680949496823 vs. 1.9572680949496823
list:
dist: 3.485502962087491 vs. 3.485502962087491
list:
dist: 2.587403585523954 vs. 2.587403585523954
list:
dist: 2.5468652489390036 vs. 2.5468652489390036
list:
dist: 2.686822133765573 vs. 2.686822133765573
list:
dist: 2.228946901720868 vs. 2.228946901720868
list:
dist: 1.6877860402938145 vs. 1.6877860402938145
list:
dist: 1.9025688798672418 vs. 1.9025688798672418
list:
dist: 2.6611644488797395 vs. 2.6611644488797395
list:
dist: 2.0477679870023113 vs. 2.0477679870023113
list:
dist: 1.539675532957253 vs. 1.539675532957253
list:
dist: 1.0870010770590173 vs. 1.0870010770590173
list:
dist: 1.3255439637426234 vs. 1.3255439637426234
list:
dist: 1.6248111314243658 vs. 1.6248111314243658
list:
dist: 2.9944531600569038 vs. 2.9944531600569038
list:
dist: 3.0399328480265666 vs. 3.0399328480265666
list:
dist: 3.2883952169318533 vs. 3.2883952169318533
list:
dist: 2.1465771082129534 vs. 2.1465771082129534
list:
dist: 3.781538322561959 vs. 3.781538322561959
list:
dist: 2.769775690334699 vs. 2.769775690334699
list:
dist: 3.0294120870768815 vs. 3.0294120870768815
list:
dist: 3.205635865184127 vs. 3.205635865184127
list:
dist: 2.8704206096907696 vs. 2.8704206096907696
list:
dist: 1.209706429321161 vs. 1.209706429321161
list:
dist: 1.669183343515184 vs. 1.669183343515184
list:
dist: 2.2147007672995596 vs. 2.2147007672995596
list:
dist: 2.5915813938887164 vs. 2.5915813938887164
list:
dist: 2.700473669038138 vs. 2.700473669038138
list:
dist: 1.7930543577371003 vs. 1.7930543577371003
list:
dist: 1.3255439637426234 vs. 1.3255439637426234
list:
dist: 0.7299183294018958 vs. 0.7299183294018958
list:
dist: 2.3384282811306267 vs. 2.3384282811306267
list:
dist: 3.27530184478039 vs. 3.27530184478039
list:
dist: 2.631542903996712 vs. 2.631542903996712
list:
dist: 2.350265972072216 vs. 2.350265972072216
list:
dist: 2.652887318839877 vs. 2.652887318839877
list:
dist: 3.0230246486545727 vs. 3.0230246486545727
list:
dist: 2.090198628465903 vs. 2.090198628465903
list:
dist: 2.8630815629347715 vs. 2.8630815629347715
list:
dist: 2.201915660615899 vs. 2.201915660615899
list:
dist: 1.7671503586658097 vs. 1.7671503586658097
list:
dist: 1.8753818233762045 vs. 1.8753818233762045
list:
dist: 1.6396683012263487 vs. 1.6396683012263487
list:
dist: 2.397150377969031 vs. 2.397150377969031
list:
dist: 2.2691727478434514 vs. 2.2691727478434514
list:
dist: 2.9504733959158025 vs. 2.9504733959158025
list:
dist: 2.2455400325306307 vs. 2.2455400325306307
list:
dist: 1.7431970972059017 vs. 1.7431970972059017
list:
dist: 1.539675532957253 vs. 1.539675532957253
list:
dist: 2.700473669038138 vs. 2.700473669038138
list:
dist: 3.10244654431996 vs. 3.10244654431996
list:
dist: 2.4592444128829314 vs. 2.4592444128829314
list:
dist: 3.0191114798935645 vs. 3.0191114798935645
list:
dist: 4.532724306951074 vs. 4.532724306951074
list:
dist: 3.7341490765016805 vs. 3.7341490765016805
list:
dist: 3.7579588172981992 vs. 3.7579588172981992
list:
dist: 3.420445013428158 vs. 3.420445013428158
list:
dist: 4.246770574561337 vs. 4.246770574561337
list:
dist: 4.681543618736345 vs. 4.681543618736345
list:
dist: 1.7047413649885648 vs. 1.7047413649885648
list:
dist: 2.65416386125605 vs. 2.65416386125605
list:
dist: 1.8578416664163653 vs. 1.8578416664163653
list:
dist: 1.8084723609255469 vs. 1.8084723609255469
list:
dist: 2.776809259186353 vs. 2.776809259186353
list:
dist: 2.5463425228853143 vs. 2.5463425228853143
list:
dist: 0.8625084434505341 vs. 0.8625084434505341
list:
dist: 1.1269005088809987 vs. 1.1269005088809987
list:
dist: 1.2404151320932293 vs. 1.2404151320932293
list:
dist: 1.7807104888781702 vs. 1.7807104888781702
list:
dist: 2.1096415055730007 vs. 2.1096415055730007
list:
dist: 1.7573241895076952 vs. 1.7573241895076952
list:
dist: 1.511615064174956 vs. 1.511615064174956
list:
dist: 0.9857620489641038 vs. 0.9857620489641038
list:
dist: 1.3996076523944883 vs. 1.3996076523944883
list:
dist: 1.4612168823190184 vs. 1.4612168823190184
list:
dist: 1.831374077452157 vs. 1.831374077452157
list:
dist: 1.344865970444008 vs. 1.344865970444008
list:
dist: 2.090198628465903 vs. 2.090198628465903
list:
dist: 1.3690137481889533 vs. 1.3690137481889533
list:
dist: 4.166597057727706 vs. 4.166597057727706
list:
dist: 1.9572680949496823 vs. 1.9572680949496823
list:
dist: 2.1465771082129534 vs. 2.1465771082129534
list:
dist: 2.4324040427333506 vs. 2.4324040427333506
list:
dist: 2.374119487286909 vs. 2.374119487286909
list:
dist: 3.307781829123391 vs. 3.307781829123391
list:
dist: 3.4562308839586287 vs. 3.4562308839586287
list:
dist: 1.3916133466793454 vs. 1.3916133466793454
list:
dist: 1.0076009223275695 vs. 1.0076009223275695
list:
dist: 1.9785306186812333 vs. 1.9785306186812333
list:
dist: 1.344865970444008 vs. 1.344865970444008
list:
dist: 2.6655778294612866 vs. 2.6655778294612866
list:
dist: 3.2718516899449157 vs. 3.2718516899449157
list:
dist: 2.7622074541680153 vs. 2.7622074541680153
list:
dist: 2.416503853615792 vs. 2.416503853615792
list:
dist: 1.4456559486627734 vs. 1.4456559486627734
list:
dist: 2.4306335994660704 vs. 2.4306335994660704
list:
dist: 2.632464802585067 vs. 2.632464802585067
list:
dist: 3.1295663342805264 vs. 3.1295663342805264
list:
dist: 2.2455400325306307 vs. 2.2455400325306307
list:
dist: 0.9716437197792738 vs. 0.9716437197792738
list:
dist: 3.8590643743805164 vs. 3.8590643743805164
list:
dist: 2.0477679870023113 vs. 2.0477679870023113
list:
dist: 2.5915813938887164 vs. 2.5915813938887164
list:
dist: 2.5526570503292194 vs. 2.5526570503292194
list:
dist: 2.7093868967967007 vs. 2.7093868967967007
list:
dist: 3.7414932047145735 vs. 3.7414932047145735
list:
dist: 3.495549804073969 vs. 3.495549804073969
list:
dist: 1.8678577128901575 vs. 1.8678577128901575
list:
dist: 1.7584770085382264 vs. 1.7584770085382264
list:
dist: 2.465568217687802 vs. 2.465568217687802
list:
dist: 1.3690137481889533 vs. 1.3690137481889533
list:
dist: 2.9882449905084307 vs. 2.9882449905084307
list:
dist: 2.8688618050617385 vs. 2.8688618050617385
list:
dist: 2.5562028962464027 vs. 2.5562028962464027
list:
dist: 2.432158667171437 vs. 2.432158667171437
list:
dist: 1.6438638195048643 vs. 1.6438638195048643
list:
dist: 1.8758241667983138 vs. 1.8758241667983138
list:
dist: 2.129122326813765 vs. 2.129122326813765
list:
dist: 2.7799767738726677 vs. 2.7799767738726677
list:
dist: 0.9716437197792738 vs. 0.9716437197792738
list:
dist: 1.7431970972059017 vs. 1.7431970972059017
list:
dist: 1.0870010770590173 vs. 1.0870010770590173
list:
dist: 1.7930543577371003 vs. 1.7930543577371003
list:
dist: 1.840072089814512 vs. 1.840072089814512
list:
dist: 4.187196752540227 vs. 4.187196752540227
list:
dist: 3.7561771302248643 vs. 3.7561771302248643
list:
dist: 4.520200085631821 vs. 4.520200085631821
list:
dist: 3.689061346581764 vs. 3.689061346581764
list:
dist: 3.2471591882554467 vs. 3.2471591882554467
list:
dist: 1.7998310875860646 vs. 1.7998310875860646
list:
dist: 2.6340164453798653 vs. 2.6340164453798653
list:
dist: 1.190923205866127 vs. 1.190923205866127
list:
dist: 1.169309843822719 vs. 1.169309843822719
list:
dist: 1.5331470810375851 vs. 1.5331470810375851
list:
dist: 1.395719909257113 vs. 1.395719909257113
list:
dist: 0.759070726367042 vs. 0.759070726367042
list:
dist: 1.43230944632516 vs. 1.43230944632516
list:
dist: 2.349673344498695 vs. 2.349673344498695
list:
dist: 3.090424961524119 vs. 3.090424961524119
list:
dist: 1.947349414414869 vs. 1.947349414414869
list:
dist: 2.143228308652379 vs. 2.143228308652379
list:
dist: 2.089054581308266 vs. 2.089054581308266
list:
dist: 1.4324263695137078 vs. 1.4324263695137078
list:
dist: 1.7913539842230055 vs. 1.7913539842230055
list:
dist: 3.1278971004550646 vs. 3.1278971004550646
list:
dist: 1.806369763269785 vs. 1.806369763269785
list:
dist: 2.316235474258102 vs. 2.316235474258102
list:
dist: 2.088048252088828 vs. 2.088048252088828
list:
dist: 2.7574171756481882 vs. 2.7574171756481882
list:
dist: 2.332601157842601 vs. 2.332601157842601
list:
dist: 2.1420097456316576 vs. 2.1420097456316576
list:
dist: 4.047476647295512 vs. 4.047476647295512
list:
dist: 3.3592371600023867 vs. 3.3592371600023867
list:
dist: 3.28716267922205 vs. 3.28716267922205
list:
dist: 3.3392368943792508 vs. 3.3392368943792508
list:
dist: 4.332337088880973 vs. 4.332337088880973
list:
dist: 1.5145871390206795 vs. 1.5145871390206795
list:
dist: 3.34599524235575 vs. 3.34599524235575
list:
dist: 2.610323672590967 vs. 2.610323672590967
list:
dist: 2.1846756963010185 vs. 2.1846756963010185
list:
dist: 1.4707802140800996 vs. 1.4707802140800996
list:
dist: 1.0471511806005702 vs. 1.0471511806005702
list:
dist: 1.43230944632516 vs. 1.43230944632516
list:
dist: 0.8667482842129486 vs. 0.8667482842129486
list:
dist: 1.0138598654184456 vs. 1.0138598654184456
list:
dist: 1.681704275082693 vs. 1.681704275082693
list:
dist: 0.533956278485907 vs. 0.533956278485907
list:
dist: 3.2407492063012024 vs. 3.2407492063012024
list:
dist: 1.2190899422439674 vs. 1.2190899422439674
list:
dist: 2.0581591345556935 vs. 2.0581591345556935
list:
dist: 1.9468216834646137 vs. 1.9468216834646137
list:
dist: 1.8028382361870054 vs. 1.8028382361870054
list:
dist: 1.8320562427627838 vs. 1.8320562427627838
list:
dist: 1.4496408610588063 vs. 1.4496408610588063
list:
dist: 2.6742069391306007 vs. 2.6742069391306007
list:
dist: 2.399313547744443 vs. 2.399313547744443
list:
dist: 1.8234583659518806 vs. 1.8234583659518806
list:
dist: 2.4021816397402076 vs. 2.4021816397402076
list:
dist: 3.210451193461545 vs. 3.210451193461545
list:
dist: 2.34386424736621 vs. 2.34386424736621
list:
dist: 2.2148979028691995 vs. 2.2148979028691995
list:
dist: 2.5482702292373554 vs. 2.5482702292373554
list:
dist: 3.203088666423957 vs. 3.203088666423957
list:
dist: 1.7681598771002598 vs. 1.7681598771002598
list:
dist: 2.5727803191204366 vs. 2.5727803191204366
list:
dist: 1.9247096710485179 vs. 1.9247096710485179
list:
dist: 1.7002890825314882 vs. 1.7002890825314882
list:
dist: 1.7069718575723194 vs. 1.7069718575723194
list:
dist: 1.3881391307723288 vs. 1.3881391307723288
list:
dist: 0.759070726367042 vs. 0.759070726367042
list:
dist: 0.8667482842129486 vs. 0.8667482842129486
list:
dist: 1.8680149226211886 vs. 1.8680149226211886
list:
dist: 2.5214279375831614 vs. 2.5214279375831614
list:
dist: 1.3088038610422457 vs. 1.3088038610422457
list:
dist: 2.4716983813867532 vs. 2.4716983813867532
list:
dist: 1.5065746574611478 vs. 1.5065746574611478
list:
dist: 1.429408236482658 vs. 1.429408236482658
list:
dist: 1.4328681740681655 vs. 1.4328681740681655
list:
dist: 2.5596353591024092 vs. 2.5596353591024092
list:
dist: 1.68488769667001 vs. 1.68488769667001
list:
dist: 1.886583240424258 vs. 1.886583240424258
list:
dist: 2.080241617204474 vs. 2.080241617204474
list:
dist: 2.33993414331415 vs. 2.33993414331415
list:
dist: 1.848385527698499 vs. 1.848385527698499
list:
dist: 1.9490083069968167 vs. 1.9490083069968167
list:
dist: 3.5874521405902122 vs. 3.5874521405902122
list:
dist: 2.850182682195572 vs. 2.850182682195572
list:
dist: 2.7569785026218128 vs. 2.7569785026218128
list:
dist: 2.7996831048327246 vs. 2.7996831048327246
list:
dist: 3.6629010590837927 vs. 3.6629010590837927
list:
dist: 3.095237205507278 vs. 3.095237205507278
list:
dist: 2.3949849651133412 vs. 2.3949849651133412
list:
dist: 1.9452710995236642 vs. 1.9452710995236642
list:
dist: 1.3509091873993497 vs. 1.3509091873993497
list:
dist: 2.5626322283840755 vs. 2.5626322283840755
list:
dist: 2.4444724484925016 vs. 2.4444724484925016
list:
dist: 1.4324263695137078 vs. 1.4324263695137078
list:
dist: 1.429408236482658 vs. 1.429408236482658
list:
dist: 2.0581591345556935 vs. 2.0581591345556935
list:
dist: 3.0237723992333514 vs. 3.0237723992333514
list:
dist: 3.4370911879091497 vs. 3.4370911879091497
list:
dist: 2.368412852193341 vs. 2.368412852193341
list:
dist: 1.3261865875920447 vs. 1.3261865875920447
list:
dist: 1.7953328648002922 vs. 1.7953328648002922
list:
dist: 0.7899755122514239 vs. 0.7899755122514239
list:
dist: 3.2137298095997893 vs. 3.2137298095997893
list:
dist: 1.13476464970575 vs. 1.13476464970575
list:
dist: 2.1182751649461964 vs. 2.1182751649461964
list:
dist: 0.6747344684065935 vs. 0.6747344684065935
list:
dist: 1.717863860959159 vs. 1.717863860959159
list:
dist: 1.5612494191310986 vs. 1.5612494191310986
list:
dist: 0.7726177621748934 vs. 0.7726177621748934
list:
dist: 3.359774031717922 vs. 3.359774031717922
list:
dist: 2.9618828052262147 vs. 2.9618828052262147
list:
dist: 2.9566021860835963 vs. 2.9566021860835963
list:
dist: 2.5870262139833513 vs. 2.5870262139833513
list:
dist: 3.8283178248424647 vs. 3.8283178248424647
list:
dist: 3.8985306601729826 vs. 3.8985306601729826
list:
dist: 2.579913656585575 vs. 2.579913656585575
list:
dist: 2.667959490807836 vs. 2.667959490807836
list:
dist: 1.3189426226089618 vs. 1.3189426226089618
list:
dist: 1.0462759726728301 vs. 1.0462759726728301
list:
dist: 1.7998310875860646 vs. 1.7998310875860646
list:
dist: 1.7681598771002598 vs. 1.7681598771002598
list:
dist: 1.5145871390206795 vs. 1.5145871390206795
list:
dist: 1.603605757406447 vs. 1.603605757406447
list:
dist: 2.5352535334160535 vs. 2.5352535334160535
list:
dist: 1.8440532366036297 vs. 1.8440532366036297
list:
dist: 3.9406126446700425 vs. 3.9406126446700425
list:
dist: 2.723745159097101 vs. 2.723745159097101
list:
dist: 3.095237205507278 vs. 3.095237205507278
list:
dist: 3.1938105079130836 vs. 3.1938105079130836
list:
dist: 2.9212950559784403 vs. 2.9212950559784403
list:
dist: 2.579913656585575 vs. 2.579913656585575
list:
dist: 2.7781773905083864 vs. 2.7781773905083864
list:
dist: 1.2255963629051765 vs. 1.2255963629051765
list:
dist: 2.2302018567464827 vs. 2.2302018567464827
list:
dist: 2.2980550062753693 vs. 2.2980550062753693
list:
dist: 1.190923205866127 vs. 1.190923205866127
list:
dist: 1.9247096710485179 vs. 1.9247096710485179
list:
dist: 2.610323672590967 vs. 2.610323672590967
list:
dist: 1.8445594849237568 vs. 1.8445594849237568
list:
dist: 3.174722741145447 vs. 3.174722741145447
list:
dist: 1.9452710995236642 vs. 1.9452710995236642
list:
dist: 2.5492925555137913 vs. 2.5492925555137913
list:
dist: 2.5255294690601264 vs. 2.5255294690601264
list:
dist: 2.407008230906282 vs. 2.407008230906282
list:
dist: 3.579176732444434 vs. 3.579176732444434
list:
dist: 3.273768766223599 vs. 3.273768766223599
list:
dist: 2.7105851225334536 vs. 2.7105851225334536
list:
dist: 3.9406126446700425 vs. 3.9406126446700425
list:
dist: 2.283935631505902 vs. 2.283935631505902
list:
dist: 1.8445594849237568 vs. 1.8445594849237568
list:
dist: 1.7631894930033962 vs. 1.7631894930033962
list:
dist: 3.42688997133899 vs. 3.42688997133899
list:
dist: 3.409529104019986 vs. 3.409529104019986
list:
dist: 2.143228308652379 vs. 2.143228308652379
list:
dist: 2.4716983813867532 vs. 2.4716983813867532
list:
dist: 3.2407492063012024 vs. 3.2407492063012024
list:
dist: 3.1211573116738762 vs. 3.1211573116738762
list:
dist: 1.3261865875920447 vs. 1.3261865875920447
list:
dist: 1.9022865185066 vs. 1.9022865185066
list:
dist: 2.270483783096768 vs. 2.270483783096768
list:
dist: 1.1668371540903903 vs. 1.1668371540903903
list:
dist: 2.826239710883077 vs. 2.826239710883077
list:
dist: 2.82336916565555 vs. 2.82336916565555
list:
dist: 1.7152011330873276 vs. 1.7152011330873276
list:
dist: 3.1938105079130836 vs. 3.1938105079130836
list:
dist: 2.2260464161957874 vs. 2.2260464161957874
list:
dist: 2.5492925555137913 vs. 2.5492925555137913
list:
dist: 2.060812646401996 vs. 2.060812646401996
list:
dist: 2.8787950907737083 vs. 2.8787950907737083
list:
dist: 2.6443539880944265 vs. 2.6443539880944265
list:
dist: 1.7913539842230055 vs. 1.7913539842230055
list:
dist: 1.4328681740681655 vs. 1.4328681740681655
list:
dist: 1.9468216834646137 vs. 1.9468216834646137
list:
dist: 2.867731828270536 vs. 2.867731828270536
list:
dist: 3.1556999270313355 vs. 3.1556999270313355
list:
dist: 2.1107779211339475 vs. 2.1107779211339475
list:
dist: 1.9022865185066 vs. 1.9022865185066
list:
dist: 1.4706791603102642 vs. 1.4706791603102642
list:
dist: 0.7899755122514239 vs. 0.7899755122514239
list:
dist: 2.9229643004128794 vs. 2.9229643004128794
list:
dist: 1.4134614065074624 vs. 1.4134614065074624
list:
dist: 2.005824611653737 vs. 2.005824611653737
list:
dist: 1.0165388394337131 vs. 1.0165388394337131
list:
dist: 1.3668220525740697 vs. 1.3668220525740697
list:
dist: 1.1961358344716853 vs. 1.1961358344716853
list:
dist: 0.7264737626647881 vs. 0.7264737626647881
list:
dist: 3.089005329707696 vs. 3.089005329707696
list:
dist: 2.682380724870376 vs. 2.682380724870376
list:
dist: 2.660487712385246 vs. 2.660487712385246
list:
dist: 2.160617082371603 vs. 2.160617082371603
list:
dist: 3.261109695411134 vs. 3.261109695411134
list:
dist: 1.8440532366036297 vs. 1.8440532366036297
list:
dist: 1.8684382464375342 vs. 1.8684382464375342
list:
dist: 1.4511336966072481 vs. 1.4511336966072481
list:
dist: 1.947349414414869 vs. 1.947349414414869
list:
dist: 1.3088038610422457 vs. 1.3088038610422457
list:
dist: 0.533956278485907 vs. 0.533956278485907
list:
dist: 0.7918180535572275 vs. 0.7918180535572275
list:
dist: 1.2297849455582621 vs. 1.2297849455582621
list:
dist: 1.0803349173882355 vs. 1.0803349173882355
list:
dist: 2.368412852193341 vs. 2.368412852193341
list:
dist: 2.1107779211339475 vs. 2.1107779211339475
list:
dist: 1.3654447513355505 vs. 1.3654447513355505
list:
dist: 2.550678671154738 vs. 2.550678671154738
list:
dist: 2.030640689201729 vs. 2.030640689201729
list:
dist: 1.3330728033355128 vs. 1.3330728033355128
list:
dist: 2.3372020224359114 vs. 2.3372020224359114
list:
dist: 1.7587396804884605 vs. 1.7587396804884605
list:
dist: 2.566329763564556 vs. 2.566329763564556
list:
dist: 2.9349761665620147 vs. 2.9349761665620147
list:
dist: 2.029041008611524 vs. 2.029041008611524
list:
dist: 1.8760231058858365 vs. 1.8760231058858365
list:
dist: 2.287829125757377 vs. 2.287829125757377
list:
dist: 2.7527812192844556 vs. 2.7527812192844556
list:
dist: 3.8985306601729826 vs. 3.8985306601729826
list:
dist: 2.7781773905083864 vs. 2.7781773905083864
list:
dist: 3.2470517352094608 vs. 3.2470517352094608
list:
dist: 4.132914223364978 vs. 4.132914223364978
list:
dist: 3.8819832218759345 vs. 3.8819832218759345
list:
dist: 2.6340164453798653 vs. 2.6340164453798653
list:
dist: 2.5727803191204366 vs. 2.5727803191204366
list:
dist: 3.34599524235575 vs. 3.34599524235575
list:
dist: 2.283935631505902 vs. 2.283935631505902
list:
dist: 3.4876563887030847 vs. 3.4876563887030847
list:
dist: 2.3949849651133412 vs. 2.3949849651133412
list:
dist: 2.2260464161957874 vs. 2.2260464161957874
list:
dist: 3.525515925269318 vs. 3.525515925269318
list:
dist: 3.3018009989019856 vs. 3.3018009989019856
list:
dist: 3.3392368943792508 vs. 3.3392368943792508
list:
dist: 2.7996831048327246 vs. 2.7996831048327246
list:
dist: 2.5482702292373554 vs. 2.5482702292373554
list:
dist: 2.8263808323019566 vs. 2.8263808323019566
list:
dist: 2.4332646461751435 vs. 2.4332646461751435
list:
dist: 2.287829125757377 vs. 2.287829125757377
list:
dist: 1.347687444678125 vs. 1.347687444678125
list:
dist: 2.5870262139833513 vs. 2.5870262139833513
list:
dist: 2.160617082371603 vs. 2.160617082371603
list:
dist: 1.8639363104932432 vs. 1.8639363104932432
list:
dist: 2.2375983275526847 vs. 2.2375983275526847
list:
dist: 1.957553889925655 vs. 1.957553889925655
list:
dist: 1.4389880805106225 vs. 1.4389880805106225
list:
dist: 0.9910933101315801 vs. 0.9910933101315801
list:
dist: 1.053390543148573 vs. 1.053390543148573
list:
dist: 2.0906173139341475 vs. 2.0906173139341475
list:
dist: 1.0509885807204766 vs. 1.0509885807204766
list:
dist: 0.9774657212157015 vs. 0.9774657212157015
list:
dist: 1.0518158191024358 vs. 1.0518158191024358
list:
dist: 1.438265051189535 vs. 1.438265051189535
list:
dist: 3.579176732444434 vs. 3.579176732444434
list:
dist: 2.686285673954646 vs. 2.686285673954646
list:
dist: 3.2814558376642293 vs. 3.2814558376642293
list:
dist: 3.0953823339300097 vs. 3.0953823339300097
list:
dist: 2.7574171756481882 vs. 2.7574171756481882
list:
dist: 2.33993414331415 vs. 2.33993414331415
list:
dist: 2.399313547744443 vs. 2.399313547744443
list:
dist: 3.0055571875657727 vs. 3.0055571875657727
list:
dist: 2.914312855090316 vs. 2.914312855090316
list:
dist: 2.3372020224359114 vs. 2.3372020224359114
list:
dist: 2.826239710883077 vs. 2.826239710883077
list:
dist: 1.2687306371112634 vs. 1.2687306371112634
list:
dist: 1.717863860959159 vs. 1.717863860959159
list:
dist: 1.3668220525740697 vs. 1.3668220525740697
list:
dist: 2.4366639105721277 vs. 2.4366639105721277
list:
dist: 1.3264880920531557 vs. 1.3264880920531557
list:
dist: 1.5236491765035685 vs. 1.5236491765035685
list:
dist: 1.6709581628557897 vs. 1.6709581628557897
list:
dist: 0.5826554932893917 vs. 0.5826554932893917
list:
dist: 1.1225013676722215 vs. 1.1225013676722215
list:
dist: 1.8125602886675838 vs. 1.8125602886675838
list:
dist: 1.7102472805707596 vs. 1.7102472805707596
list:
dist: 1.7702036535241177 vs. 1.7702036535241177
list:
dist: 0.9910933101315801 vs. 0.9910933101315801
list:
dist: 2.357450933579255 vs. 2.357450933579255
list:
dist: 1.603605757406447 vs. 1.603605757406447
list:
dist: 1.732135787568222 vs. 1.732135787568222
list:
dist: 1.3521984954968203 vs. 1.3521984954968203
list:
dist: 2.349673344498695 vs. 2.349673344498695
list:
dist: 1.8680149226211886 vs. 1.8680149226211886
list:
dist: 1.0138598654184456 vs. 1.0138598654184456
list:
dist: 0.934739512219683 vs. 0.934739512219683
list:
dist: 0.7918180535572275 vs. 0.7918180535572275
list:
dist: 1.741837266528573 vs. 1.741837266528573
list:
dist: 3.0237723992333514 vs. 3.0237723992333514
list:
dist: 2.867731828270536 vs. 2.867731828270536
list:
dist: 1.3592343969034373 vs. 1.3592343969034373
list:
dist: 2.482559854086944 vs. 2.482559854086944
list:
dist: 2.5566658509109024 vs. 2.5566658509109024
list:
dist: 1.7199054578146484 vs. 1.7199054578146484
list:
dist: 3.0055571875657727 vs. 3.0055571875657727
list:
dist: 2.434293946852506 vs. 2.434293946852506
list:
dist: 3.2781004776076523 vs. 3.2781004776076523
list:
dist: 3.2693943896447077 vs. 3.2693943896447077
list:
dist: 2.3134571561161317 vs. 2.3134571561161317
list:
dist: 2.146819187012225 vs. 2.146819187012225
list:
dist: 2.8263808323019566 vs. 2.8263808323019566
list:
dist: 3.1092585097953753 vs. 3.1092585097953753
list:
dist: 3.108561239680479 vs. 3.108561239680479
list:
dist: 2.9197180080247405 vs. 2.9197180080247405
list:
dist: 3.3592371600023867 vs. 3.3592371600023867
list:
dist: 2.850182682195572 vs. 2.850182682195572
list:
dist: 2.34386424736621 vs. 2.34386424736621
list:
dist: 2.3134571561161317 vs. 2.3134571561161317
list:
dist: 1.7818712859220502 vs. 1.7818712859220502
list:
dist: 2.029041008611524 vs. 2.029041008611524
list:
dist: 1.3910716655265942 vs. 1.3910716655265942
list:
dist: 2.9618828052262147 vs. 2.9618828052262147
list:
dist: 2.682380724870376 vs. 2.682380724870376
list:
dist: 1.1409343708019926 vs. 1.1409343708019926
list:
dist: 1.535516897282497 vs. 1.535516897282497
list:
dist: 2.0726817515338736 vs. 2.0726817515338736
list:
dist: 1.0725367605382412 vs. 1.0725367605382412
list:
dist: 1.7102472805707596 vs. 1.7102472805707596
list:
dist: 1.5080924646536995 vs. 1.5080924646536995
list:
dist: 2.667534970241009 vs. 2.667534970241009
list:
dist: 0.9589049032460599 vs. 0.9589049032460599
list:
dist: 0.18990237862928375 vs. 0.18990237862928375
list:
dist: 0.9774657212157015 vs. 0.9774657212157015
list:
dist: 1.5673510752051643 vs. 1.5673510752051643
list:
dist: 2.5352535334160535 vs. 2.5352535334160535
list:
dist: 2.499791868397211 vs. 2.499791868397211
list:
dist: 2.179406413723406 vs. 2.179406413723406
list:
dist: 3.090424961524119 vs. 3.090424961524119
list:
dist: 2.5214279375831614 vs. 2.5214279375831614
list:
dist: 1.681704275082693 vs. 1.681704275082693
list:
dist: 0.934739512219683 vs. 0.934739512219683
list:
dist: 1.2297849455582621 vs. 1.2297849455582621
list:
dist: 1.7793910234908017 vs. 1.7793910234908017
list:
dist: 3.4370911879091497 vs. 3.4370911879091497
list:
dist: 3.1556999270313355 vs. 3.1556999270313355
list:
dist: 0.6450417446052596 vs. 0.6450417446052596
list:
dist: 1.5631945725731784 vs. 1.5631945725731784
list:
dist: 2.800081023006688 vs. 2.800081023006688
list:
dist: 1.6685518172675986 vs. 1.6685518172675986
list:
dist: 2.914312855090316 vs. 2.914312855090316
list:
dist: 2.4136223386671936 vs. 2.4136223386671936
list:
dist: 3.4912300502569313 vs. 3.4912300502569313
list:
dist: 2.7150803364366496 vs. 2.7150803364366496
list:
dist: 1.7818712859220502 vs. 1.7818712859220502
list:
dist: 1.598553470926375 vs. 1.598553470926375
list:
dist: 2.4332646461751435 vs. 2.4332646461751435
list:
dist: 2.39138374438114 vs. 2.39138374438114
list:
dist: 2.407008230906282 vs. 2.407008230906282
list:
dist: 1.8104919341428305 vs. 1.8104919341428305
list:
dist: 3.191877563830864 vs. 3.191877563830864
list:
dist: 3.0957879968476596 vs. 3.0957879968476596
list:
dist: 2.088048252088828 vs. 2.088048252088828
list:
dist: 2.080241617204474 vs. 2.080241617204474
list:
dist: 2.6742069391306007 vs. 2.6742069391306007
list:
dist: 1.1668371540903903 vs. 1.1668371540903903
list:
dist: 2.183891109508812 vs. 2.183891109508812
list:
dist: 0.6747344684065935 vs. 0.6747344684065935
list:
dist: 1.0165388394337131 vs. 1.0165388394337131
list:
dist: 1.446620200712065 vs. 1.446620200712065
list:
dist: 1.6709581628557897 vs. 1.6709581628557897
list:
dist: 1.7463406140369846 vs. 1.7463406140369846
list:
dist: 0.5638217605633751 vs. 0.5638217605633751
list:
dist: 2.7105851225334536 vs. 2.7105851225334536
list:
dist: 1.9956472649072687 vs. 1.9956472649072687
list:
dist: 3.0994334600114155 vs. 3.0994334600114155
list:
dist: 2.9556104531167287 vs. 2.9556104531167287
list:
dist: 2.1420097456316576 vs. 2.1420097456316576
list:
dist: 1.9490083069968167 vs. 1.9490083069968167
list:
dist: 2.4021816397402076 vs. 2.4021816397402076
list:
dist: 3.2781004776076523 vs. 3.2781004776076523
list:
dist: 3.4912300502569313 vs. 3.4912300502569313
list:
dist: 2.566329763564556 vs. 2.566329763564556
list:
dist: 1.7152011330873276 vs. 1.7152011330873276
list:
dist: 1.7177243998768987 vs. 1.7177243998768987
list:
dist: 0.7726177621748934 vs. 0.7726177621748934
list:
dist: 0.7264737626647881 vs. 0.7264737626647881
list:
dist: 3.151954040564881 vs. 3.151954040564881
list:
dist: 1.1885751277057186 vs. 1.1885751277057186
list:
dist: 2.065891838577181 vs. 2.065891838577181
list:
dist: 0.5638217605633751 vs. 0.5638217605633751
list:
dist: 1.1225013676722215 vs. 1.1225013676722215
list:
dist: 1.2114201093524093 vs. 1.2114201093524093
list:
dist: 2.885660728994345 vs. 2.885660728994345
list:
dist: 2.667534970241009 vs. 2.667534970241009
list:
dist: 2.6958370310475965 vs. 2.6958370310475965
list:
dist: 2.0906173139341475 vs. 2.0906173139341475
list:
dist: 3.3881016527532606 vs. 3.3881016527532606
list:
dist: 2.9212950559784403 vs. 2.9212950559784403
list:
dist: 2.6360134705679186 vs. 2.6360134705679186
list:
dist: 2.3616574451561942 vs. 2.3616574451561942
list:
dist: 3.1278971004550646 vs. 3.1278971004550646
list:
dist: 2.5596353591024092 vs. 2.5596353591024092
list:
dist: 1.8028382361870054 vs. 1.8028382361870054
list:
dist: 1.3592343969034373 vs. 1.3592343969034373
list:
dist: 0.6450417446052596 vs. 0.6450417446052596
list:
dist: 1.3654447513355505 vs. 1.3654447513355505
list:
dist: 1.4637098715315482 vs. 1.4637098715315482
list:
dist: 3.2137298095997893 vs. 3.2137298095997893
list:
dist: 2.9229643004128794 vs. 2.9229643004128794
list:
dist: 1.2452309248980937 vs. 1.2452309248980937
list:
dist: 2.4598716446008715 vs. 2.4598716446008715
list:
dist: 1.2505736871596111 vs. 1.2505736871596111
list:
dist: 2.4366639105721277 vs. 2.4366639105721277
list:
dist: 1.997696024906799 vs. 1.997696024906799
list:
dist: 3.151954040564881 vs. 3.151954040564881
list:
dist: 2.0709853087498193 vs. 2.0709853087498193
list:
dist: 1.1409343708019926 vs. 1.1409343708019926
list:
dist: 0.9593686502401528 vs. 0.9593686502401528
list:
dist: 1.8639363104932432 vs. 1.8639363104932432
list:
dist: 1.9432036610238452 vs. 1.9432036610238452
list:
dist: 1.0462759726728301 vs. 1.0462759726728301
list:
dist: 3.8819832218759345 vs. 3.8819832218759345
list:
dist: 2.2980550062753693 vs. 2.2980550062753693
list:
dist: 1.922189642030183 vs. 1.922189642030183
list:
dist: 0.46700613615759745 vs. 0.46700613615759745
list:
dist: 1.395719909257113 vs. 1.395719909257113
list:
dist: 1.3881391307723288 vs. 1.3881391307723288
list:
dist: 1.0471511806005702 vs. 1.0471511806005702
list:
dist: 1.3521984954968203 vs. 1.3521984954968203
list:
dist: 2.179406413723406 vs. 2.179406413723406
list:
dist: 1.4511336966072481 vs. 1.4511336966072481
list:
dist: 3.409529104019986 vs. 3.409529104019986
list:
dist: 2.0276599592050117 vs. 2.0276599592050117
list:
dist: 2.4444724484925016 vs. 2.4444724484925016
list:
dist: 2.6443539880944265 vs. 2.6443539880944265
list:
dist: 2.3616574451561942 vs. 2.3616574451561942
list:
dist: 2.1184311505782967 vs. 2.1184311505782967
list:
dist: 1.9404593376826849 vs. 1.9404593376826849
list:
dist: 3.0957879968476596 vs. 3.0957879968476596
list:
dist: 3.0953823339300097 vs. 3.0953823339300097
list:
dist: 2.558638456555272 vs. 2.558638456555272
list:
dist: 2.9556104531167287 vs. 2.9556104531167287
list:
dist: 3.766934559444672 vs. 3.766934559444672
list:
dist: 2.9197180080247405 vs. 2.9197180080247405
list:
dist: 2.812186562316468 vs. 2.812186562316468
list:
dist: 3.3018009989019856 vs. 3.3018009989019856
list:
dist: 4.049531585827102 vs. 4.049531585827102
list:
dist: 2.667959490807836 vs. 2.667959490807836
list:
dist: 3.2470517352094608 vs. 3.2470517352094608
list:
dist: 1.2255963629051765 vs. 1.2255963629051765
list:
dist: 1.7951050508859159 vs. 1.7951050508859159
list:
dist: 1.922189642030183 vs. 1.922189642030183
list:
dist: 1.169309843822719 vs. 1.169309843822719
list:
dist: 1.7002890825314882 vs. 1.7002890825314882
list:
dist: 2.1846756963010185 vs. 2.1846756963010185
list:
dist: 1.7631894930033962 vs. 1.7631894930033962
list:
dist: 2.39967625352657 vs. 2.39967625352657
list:
dist: 1.3509091873993497 vs. 1.3509091873993497
list:
dist: 2.060812646401996 vs. 2.060812646401996
list:
dist: 1.4582747158174556 vs. 1.4582747158174556
list:
dist: 1.8104919341428305 vs. 1.8104919341428305
list:
dist: 2.686285673954646 vs. 2.686285673954646
list:
dist: 2.420035486873569 vs. 2.420035486873569
list:
dist: 1.9956472649072687 vs. 1.9956472649072687
list:
dist: 1.3189426226089618 vs. 1.3189426226089618
list:
dist: 4.132914223364978 vs. 4.132914223364978
list:
dist: 2.2302018567464827 vs. 2.2302018567464827
list:
dist: 1.7951050508859159 vs. 1.7951050508859159
list:
dist: 0.46700613615759745 vs. 0.46700613615759745
list:
dist: 1.5331470810375851 vs. 1.5331470810375851
list:
dist: 1.7069718575723194 vs. 1.7069718575723194
list:
dist: 1.4707802140800996 vs. 1.4707802140800996
list:
dist: 1.732135787568222 vs. 1.732135787568222
list:
dist: 2.499791868397211 vs. 2.499791868397211
list:
dist: 1.8684382464375342 vs. 1.8684382464375342
list:
dist: 3.42688997133899 vs. 3.42688997133899
list:
dist: 2.310972398008426 vs. 2.310972398008426
list:
dist: 2.5626322283840755 vs. 2.5626322283840755
list:
dist: 2.8787950907737083 vs. 2.8787950907737083
list:
dist: 2.6360134705679186 vs. 2.6360134705679186
list:
dist: 2.173603395529218 vs. 2.173603395529218
list:
dist: 2.120722733905324 vs. 2.120722733905324
list:
dist: 3.191877563830864 vs. 3.191877563830864
list:
dist: 3.2814558376642293 vs. 3.2814558376642293
list:
dist: 2.7808261214024914 vs. 2.7808261214024914
list:
dist: 3.0994334600114155 vs. 3.0994334600114155
list:
dist: 3.907355195734717 vs. 3.907355195734717
list:
dist: 3.108561239680479 vs. 3.108561239680479
list:
dist: 3.020508542774768 vs. 3.020508542774768
list:
dist: 3.525515925269318 vs. 3.525515925269318
list:
dist: 4.352038507177216 vs. 4.352038507177216
list:
dist: 2.723745159097101 vs. 2.723745159097101
list:
dist: 3.4876563887030847 vs. 3.4876563887030847
list:
dist: 3.174722741145447 vs. 3.174722741145447
list:
dist: 2.39967625352657 vs. 2.39967625352657
list:
dist: 2.310972398008426 vs. 2.310972398008426
list:
dist: 2.0276599592050117 vs. 2.0276599592050117
list:
dist: 2.089054581308266 vs. 2.089054581308266
list:
dist: 1.5065746574611478 vs. 1.5065746574611478
list:
dist: 1.2190899422439674 vs. 1.2190899422439674
list:
dist: 1.741837266528573 vs. 1.741837266528573
list:
dist: 1.7793910234908017 vs. 1.7793910234908017
list:
dist: 1.0803349173882355 vs. 1.0803349173882355
list:
dist: 3.1211573116738762 vs. 3.1211573116738762
list:
dist: 1.7953328648002922 vs. 1.7953328648002922
list:
dist: 1.4706791603102642 vs. 1.4706791603102642
list:
dist: 1.4637098715315482 vs. 1.4637098715315482
list:
dist: 1.2716577135300344 vs. 1.2716577135300344
list:
dist: 0.7041351736456788 vs. 0.7041351736456788
list:
dist: 2.183891109508812 vs. 2.183891109508812
list:
dist: 1.2687306371112634 vs. 1.2687306371112634
list:
dist: 0.6950370569397493 vs. 0.6950370569397493
list:
dist: 1.7177243998768987 vs. 1.7177243998768987
list:
dist: 2.1127545527764355 vs. 2.1127545527764355
list:
dist: 1.3910716655265942 vs. 1.3910716655265942
list:
dist: 1.3135673842755227 vs. 1.3135673842755227
list:
dist: 1.347687444678125 vs. 1.347687444678125
list:
dist: 2.2732633648389093 vs. 2.2732633648389093
list:
dist: 2.5255294690601264 vs. 2.5255294690601264
list:
dist: 1.4582747158174556 vs. 1.4582747158174556
list:
dist: 2.173603395529218 vs. 2.173603395529218
list:
dist: 2.1184311505782967 vs. 2.1184311505782967
list:
dist: 1.806369763269785 vs. 1.806369763269785
list:
dist: 1.68488769667001 vs. 1.68488769667001
list:
dist: 1.8320562427627838 vs. 1.8320562427627838
list:
dist: 2.5566658509109024 vs. 2.5566658509109024
list:
dist: 2.800081023006688 vs. 2.800081023006688
list:
dist: 2.030640689201729 vs. 2.030640689201729
list:
dist: 2.270483783096768 vs. 2.270483783096768
list:
dist: 1.2716577135300344 vs. 1.2716577135300344
list:
dist: 1.13476464970575 vs. 1.13476464970575
list:
dist: 1.4134614065074624 vs. 1.4134614065074624
list:
dist: 2.4598716446008715 vs. 2.4598716446008715
list:
dist: 1.2217001259921434 vs. 1.2217001259921434
list:
dist: 1.446620200712065 vs. 1.446620200712065
list:
dist: 1.3264880920531557 vs. 1.3264880920531557
list:
dist: 1.092399382786015 vs. 1.092399382786015
list:
dist: 1.1885751277057186 vs. 1.1885751277057186
list:
dist: 2.479758791523282 vs. 2.479758791523282
list:
dist: 2.0726817515338736 vs. 2.0726817515338736
list:
dist: 2.0944583177869203 vs. 2.0944583177869203
list:
dist: 1.957553889925655 vs. 1.957553889925655
list:
dist: 3.2722517659044423 vs. 3.2722517659044423
list:
dist: 4.352038507177216 vs. 4.352038507177216
list:
dist: 4.049531585827102 vs. 4.049531585827102
list:
dist: 4.332337088880973 vs. 4.332337088880973
list:
dist: 3.6629010590837927 vs. 3.6629010590837927
list:
dist: 3.203088666423957 vs. 3.203088666423957
list:
dist: 3.1092585097953753 vs. 3.1092585097953753
list:
dist: 2.39138374438114 vs. 2.39138374438114
list:
dist: 2.7527812192844556 vs. 2.7527812192844556
list:
dist: 2.2732633648389093 vs. 2.2732633648389093
list:
dist: 3.8283178248424647 vs. 3.8283178248424647
list:
dist: 3.261109695411134 vs. 3.261109695411134
list:
dist: 1.9432036610238452 vs. 1.9432036610238452
list:
dist: 1.5684604747987199 vs. 1.5684604747987199
list:
dist: 3.2722517659044423 vs. 3.2722517659044423
list:
dist: 2.395367892784351 vs. 2.395367892784351
list:
dist: 2.357450933579255 vs. 2.357450933579255
list:
dist: 2.3006083923903295 vs. 2.3006083923903295
list:
dist: 3.3881016527532606 vs. 3.3881016527532606
list:
dist: 1.667708451294735 vs. 1.667708451294735
list:
dist: 1.5673510752051643 vs. 1.5673510752051643
list:
dist: 1.5420306352567792 vs. 1.5420306352567792
list:
dist: 1.438265051189535 vs. 1.438265051189535
list:
dist: 3.020508542774768 vs. 3.020508542774768
list:
dist: 2.812186562316468 vs. 2.812186562316468
list:
dist: 3.28716267922205 vs. 3.28716267922205
list:
dist: 2.7569785026218128 vs. 2.7569785026218128
list:
dist: 2.2148979028691995 vs. 2.2148979028691995
list:
dist: 2.146819187012225 vs. 2.146819187012225
list:
dist: 1.598553470926375 vs. 1.598553470926375
list:
dist: 1.8760231058858365 vs. 1.8760231058858365
list:
dist: 1.3135673842755227 vs. 1.3135673842755227
list:
dist: 2.9566021860835963 vs. 2.9566021860835963
list:
dist: 2.660487712385246 vs. 2.660487712385246
list:
dist: 0.9593686502401528 vs. 0.9593686502401528
list:
dist: 1.4372808618276616 vs. 1.4372808618276616
list:
dist: 2.0944583177869203 vs. 2.0944583177869203
list:
dist: 1.0218266018994402 vs. 1.0218266018994402
list:
dist: 1.7702036535241177 vs. 1.7702036535241177
list:
dist: 1.5125183117189782 vs. 1.5125183117189782
list:
dist: 2.6958370310475965 vs. 2.6958370310475965
list:
dist: 1.1360722713158395 vs. 1.1360722713158395
list:
dist: 0.18990237862928375 vs. 0.18990237862928375
list:
dist: 1.0518158191024358 vs. 1.0518158191024358
list:
dist: 1.5420306352567792 vs. 1.5420306352567792
list:
dist: 3.907355195734717 vs. 3.907355195734717
list:
dist: 3.766934559444672 vs. 3.766934559444672
list:
dist: 4.047476647295512 vs. 4.047476647295512
list:
dist: 3.5874521405902122 vs. 3.5874521405902122
list:
dist: 3.210451193461545 vs. 3.210451193461545
list:
dist: 3.2693943896447077 vs. 3.2693943896447077
list:
dist: 2.7150803364366496 vs. 2.7150803364366496
list:
dist: 2.9349761665620147 vs. 2.9349761665620147
list:
dist: 2.1127545527764355 vs. 2.1127545527764355
list:
dist: 3.359774031717922 vs. 3.359774031717922
list:
dist: 3.089005329707696 vs. 3.089005329707696
list:
dist: 2.0709853087498193 vs. 2.0709853087498193
list:
dist: 2.045368291479443 vs. 2.045368291479443
list:
dist: 2.479758791523282 vs. 2.479758791523282
list:
dist: 1.843389817824073 vs. 1.843389817824073
list:
dist: 1.8125602886675838 vs. 1.8125602886675838
list:
dist: 1.919221165322141 vs. 1.919221165322141
list:
dist: 2.885660728994345 vs. 2.885660728994345
list:
dist: 0.9589049032460599 vs. 0.9589049032460599
list:
dist: 1.1360722713158395 vs. 1.1360722713158395
list:
dist: 1.0509885807204766 vs. 1.0509885807204766
list:
dist: 1.667708451294735 vs. 1.667708451294735
list:
dist: 2.120722733905324 vs. 2.120722733905324
list:
dist: 1.9404593376826849 vs. 1.9404593376826849
list:
dist: 2.316235474258102 vs. 2.316235474258102
list:
dist: 1.886583240424258 vs. 1.886583240424258
list:
dist: 1.4496408610588063 vs. 1.4496408610588063
list:
dist: 1.7199054578146484 vs. 1.7199054578146484
list:
dist: 1.6685518172675986 vs. 1.6685518172675986
list:
dist: 1.3330728033355128 vs. 1.3330728033355128
list:
dist: 0.7041351736456788 vs. 0.7041351736456788
list:
dist: 2.1182751649461964 vs. 2.1182751649461964
list:
dist: 2.005824611653737 vs. 2.005824611653737
list:
dist: 1.2505736871596111 vs. 1.2505736871596111
list:
dist: 2.2872775940519894 vs. 2.2872775940519894
list:
dist: 1.2217001259921434 vs. 1.2217001259921434
list:
dist: 1.5236491765035685 vs. 1.5236491765035685
list:
dist: 1.0671951634914405 vs. 1.0671951634914405
list:
dist: 2.065891838577181 vs. 2.065891838577181
list:
dist: 1.843389817824073 vs. 1.843389817824073
list:
dist: 1.0725367605382412 vs. 1.0725367605382412
list:
dist: 1.0218266018994402 vs. 1.0218266018994402
list:
dist: 1.4389880805106225 vs. 1.4389880805106225
list:
dist: 2.395367892784351 vs. 2.395367892784351
list:
dist: 3.273768766223599 vs. 3.273768766223599
list:
dist: 2.420035486873569 vs. 2.420035486873569
list:
dist: 2.7808261214024914 vs. 2.7808261214024914
list:
dist: 2.558638456555272 vs. 2.558638456555272
list:
dist: 2.332601157842601 vs. 2.332601157842601
list:
dist: 1.848385527698499 vs. 1.848385527698499
list:
dist: 1.8234583659518806 vs. 1.8234583659518806
list:
dist: 2.434293946852506 vs. 2.434293946852506
list:
dist: 2.4136223386671936 vs. 2.4136223386671936
list:
dist: 1.7587396804884605 vs. 1.7587396804884605
list:
dist: 2.82336916565555 vs. 2.82336916565555
list:
dist: 0.6950370569397493 vs. 0.6950370569397493
list:
dist: 1.5612494191310986 vs. 1.5612494191310986
list:
dist: 1.1961358344716853 vs. 1.1961358344716853
list:
dist: 1.997696024906799 vs. 1.997696024906799
list:
dist: 1.092399382786015 vs. 1.092399382786015
list:
dist: 1.0671951634914405 vs. 1.0671951634914405
list:
dist: 1.7463406140369846 vs. 1.7463406140369846
list:
dist: 0.5826554932893917 vs. 0.5826554932893917
list:
dist: 1.2114201093524093 vs. 1.2114201093524093
list:
dist: 1.919221165322141 vs. 1.919221165322141
list:
dist: 1.5080924646536995 vs. 1.5080924646536995
list:
dist: 1.5125183117189782 vs. 1.5125183117189782
list:
dist: 1.053390543148573 vs. 1.053390543148573
list:
dist: 2.3006083923903295 vs. 2.3006083923903295
list:
dist: 2.482559854086944 vs. 2.482559854086944
list:
dist: 1.5631945725731784 vs. 1.5631945725731784
list:
dist: 2.550678671154738 vs. 2.550678671154738
list:
dist: 1.2452309248980937 vs. 1.2452309248980937
list:
dist: 2.2872775940519894 vs. 2.2872775940519894
list:
dist: 2.045368291479443 vs. 2.045368291479443
list:
dist: 1.535516897282497 vs. 1.535516897282497
list:
dist: 1.4372808618276616 vs. 1.4372808618276616
list:
dist: 2.2375983275526847 vs. 2.2375983275526847
list:
dist: 1.5684604747987199 vs. 1.5684604747987199
400
rk
<OccurredElementalReaction>
	 elmtlRkId: 3
	 p(id,type,coords) 119 4 7.699261089103332 0.7897033261415207 21.230044606306997
</OccurredElementalReaction>
rk
<OccurredElementalReaction>
	 elmtlRkId: 2
	 p(id,type,coords) 53 3 3.2381493473035743 3.889164613988848 13.660098424745383
</OccurredElementalReaction>
500
Neighbor List consistency Check...
--------
nle(id0,id1,dist): 5 6 3.0713083051685945
list:
dist: 3.0713083051685945 vs. 3.0713083051685945
--------
nle(id0,id1,dist): 5 7 1.1624945229385777
list:
dist: 1.1624945229385777 vs. 1.1624945229385777
--------
nle(id0,id1,dist): 4 29 3.1117694368234514
list:
dist: 3.1117694368234514 vs. 3.1117694368234514
--------
nle(id0,id1,dist): 5 21 4.0084397287286855
list:
dist: 4.0084397287286855 vs. 4.0084397287286855
--------
nle(id0,id1,dist): 5 20 3.0432985152015033
list:
dist: 3.0432985152015033 vs. 3.0432985152015033
--------
nle(id0,id1,dist): 5 17 3.103517949574064
list:
dist: 3.103517949574064 vs. 3.103517949574064
--------
nle(id0,id1,dist): 5 16 1.8876486086418456
list:
dist: 1.8876486086418456 vs. 1.8876486086418456
--------
nle(id0,id1,dist): 5 19 3.4308599247877285
list:
dist: 3.4308599247877285 vs. 3.4308599247877285
--------
nle(id0,id1,dist): 5 13 3.530010562167908
list:
dist: 3.530010562167908 vs. 3.530010562167908
--------
nle(id0,id1,dist): 5 12 0.9884392270285521
list:
dist: 0.9884392270285521 vs. 0.9884392270285521
--------
nle(id0,id1,dist): 5 15 3.2173574937512135
list:
dist: 3.2173574937512135 vs. 3.2173574937512135
--------
nle(id0,id1,dist): 5 14 1.118837103670892
list:
dist: 1.118837103670892 vs. 1.118837103670892
--------
nle(id0,id1,dist): 5 9 1.4074183128611253
list:
dist: 1.4074183128611253 vs. 1.4074183128611253
--------
nle(id0,id1,dist): 5 8 1.8199720056783324
list:
dist: 1.8199720056783324 vs. 1.8199720056783324
--------
nle(id0,id1,dist): 5 10 3.2674965250319503
list:
dist: 3.2674965250319503 vs. 3.2674965250319503
--------
nle(id0,id1,dist): 4 11 2.1845810575043823
list:
dist: 2.1845810575043823 vs. 2.1845810575043823
--------
nle(id0,id1,dist): 4 12 1.4265878459978145
list:
dist: 1.4265878459978145 vs. 1.4265878459978145
--------
nle(id0,id1,dist): 4 9 1.4330373694006964
list:
dist: 1.4330373694006964 vs. 1.4330373694006964
--------
nle(id0,id1,dist): 4 10 1.7236862627032339
list:
dist: 1.7236862627032339 vs. 1.7236862627032339
--------
nle(id0,id1,dist): 4 7 2.528638612677069
list:
dist: 2.528638612677069 vs. 2.528638612677069
--------
nle(id0,id1,dist): 4 8 1.4345801953008213
list:
dist: 1.4345801953008213 vs. 1.4345801953008213
--------
nle(id0,id1,dist): 4 5 2.375444139875164
list:
dist: 2.375444139875164 vs. 2.375444139875164
--------
nle(id0,id1,dist): 4 6 1.747548845215341
list:
dist: 1.747548845215341 vs. 1.747548845215341
--------
nle(id0,id1,dist): 4 27 4.214021764803226
list:
dist: 4.214021764803226 vs. 4.214021764803226
--------
nle(id0,id1,dist): 4 26 4.283696446986837
list:
dist: 4.283696446986837 vs. 4.283696446986837
--------
nle(id0,id1,dist): 4 24 4.174936034076335
list:
dist: 4.174936034076335 vs. 4.174936034076335
--------
nle(id0,id1,dist): 4 22 2.748939571620774
list:
dist: 2.748939571620774 vs. 2.748939571620774
--------
nle(id0,id1,dist): 4 21 3.3411677584465345
list:
dist: 3.3411677584465345 vs. 3.3411677584465345
--------
nle(id0,id1,dist): 4 20 3.5301173893609468
list:
dist: 3.5301173893609468 vs. 3.5301173893609468
--------
nle(id0,id1,dist): 4 19 2.3123788855498972
list:
dist: 2.3123788855498972 vs. 2.3123788855498972
--------
nle(id0,id1,dist): 4 17 2.0915252355629317
list:
dist: 2.0915252355629317 vs. 2.0915252355629317
--------
nle(id0,id1,dist): 4 16 1.9806811247581066
list:
dist: 1.9806811247581066 vs. 1.9806811247581066
--------
nle(id0,id1,dist): 4 15 2.9134353844253087
list:
dist: 2.9134353844253087 vs. 2.9134353844253087
--------
nle(id0,id1,dist): 4 14 1.9830666885281698
list:
dist: 1.9830666885281698 vs. 1.9830666885281698
--------
nle(id0,id1,dist): 4 13 2.8448509986613484
list:
dist: 2.8448509986613484 vs. 2.8448509986613484
--------
nle(id0,id1,dist): 6 27 3.495748552573742
list:
dist: 3.495748552573742 vs. 3.495748552573742
--------
nle(id0,id1,dist): 6 29 2.9880137228020107
list:
dist: 2.9880137228020107 vs. 2.9880137228020107
--------
nle(id0,id1,dist): 6 19 2.567578050804382
list:
dist: 2.567578050804382 vs. 2.567578050804382
--------
nle(id0,id1,dist): 6 20 3.6734420625135087
list:
dist: 3.6734420625135087 vs. 3.6734420625135087
--------
nle(id0,id1,dist): 6 21 2.7352084771867697
list:
dist: 2.7352084771867697 vs. 2.7352084771867697
--------
nle(id0,id1,dist): 6 22 2.211739049838247
list:
dist: 2.211739049838247 vs. 2.211739049838247
--------
nle(id0,id1,dist): 6 24 3.765050927855952
list:
dist: 3.765050927855952 vs. 3.765050927855952
--------
nle(id0,id1,dist): 6 26 3.9769869947186716
list:
dist: 3.9769869947186716 vs. 3.9769869947186716
--------
nle(id0,id1,dist): 7 9 2.0671712814654954
list:
dist: 2.0671712814654954 vs. 2.0671712814654954
--------
nle(id0,id1,dist): 7 8 2.3836094059201134
list:
dist: 2.3836094059201134 vs. 2.3836094059201134
--------
nle(id0,id1,dist): 7 10 3.015775088696358
list:
dist: 3.015775088696358 vs. 3.015775088696358
--------
nle(id0,id1,dist): 7 13 3.9167688981099853
list:
dist: 3.9167688981099853 vs. 3.9167688981099853
--------
nle(id0,id1,dist): 7 12 1.497847515716721
list:
dist: 1.497847515716721 vs. 1.497847515716721
--------
nle(id0,id1,dist): 6 14 2.513146687588324
list:
dist: 2.513146687588324 vs. 2.513146687588324
--------
nle(id0,id1,dist): 6 13 2.277646949687737
list:
dist: 2.277646949687737 vs. 2.277646949687737
--------
nle(id0,id1,dist): 6 12 2.2507048222092383
list:
dist: 2.2507048222092383 vs. 2.2507048222092383
--------
nle(id0,id1,dist): 6 11 1.5664163740567627
list:
dist: 1.5664163740567627 vs. 1.5664163740567627
--------
nle(id0,id1,dist): 6 17 1.5265032491004387
list:
dist: 1.5265032491004387 vs. 1.5265032491004387
--------
nle(id0,id1,dist): 6 16 2.4732175622578763
list:
dist: 2.4732175622578763 vs. 2.4732175622578763
--------
nle(id0,id1,dist): 6 15 3.0835325173825585
list:
dist: 3.0835325173825585 vs. 3.0835325173825585
--------
nle(id0,id1,dist): 6 10 2.732928182553003
list:
dist: 2.732928182553003 vs. 2.732928182553003
--------
nle(id0,id1,dist): 6 9 2.0924858764841052
list:
dist: 2.0924858764841052 vs. 2.0924858764841052
--------
nle(id0,id1,dist): 6 8 1.5380875584949265
list:
dist: 1.5380875584949265 vs. 1.5380875584949265
--------
nle(id0,id1,dist): 6 7 3.7334539477994833
list:
dist: 3.7334539477994833 vs. 3.7334539477994833
--------
nle(id0,id1,dist): 8 14 0.9981989838862907
list:
dist: 0.9981989838862907 vs. 0.9981989838862907
--------
nle(id0,id1,dist): 8 13 1.9085088366981127
list:
dist: 1.9085088366981127 vs. 1.9085088366981127
--------
nle(id0,id1,dist): 8 16 1.02008440168509
list:
dist: 1.02008440168509 vs. 1.02008440168509
--------
nle(id0,id1,dist): 8 15 2.0725598716369493
list:
dist: 2.0725598716369493 vs. 2.0725598716369493
--------
nle(id0,id1,dist): 8 10 2.1158962453526087
list:
dist: 2.1158962453526087 vs. 2.1158962453526087
--------
nle(id0,id1,dist): 8 9 1.5125627615118225
list:
dist: 1.5125627615118225 vs. 1.5125627615118225
--------
nle(id0,id1,dist): 8 12 1.016042255513087
list:
dist: 1.016042255513087 vs. 1.016042255513087
--------
nle(id0,id1,dist): 8 11 2.617989037437309
list:
dist: 2.617989037437309 vs. 2.617989037437309
--------
nle(id0,id1,dist): 8 22 2.2966504304991076
list:
dist: 2.2966504304991076 vs. 2.2966504304991076
--------
nle(id0,id1,dist): 8 21 2.4331515398322887
list:
dist: 2.4331515398322887 vs. 2.4331515398322887
--------
nle(id0,id1,dist): 8 24 3.9412599974120615
list:
dist: 3.9412599974120615 vs. 3.9412599974120615
--------
nle(id0,id1,dist): 8 17 1.3178487122879323
list:
dist: 1.3178487122879323 vs. 1.3178487122879323
--------
nle(id0,id1,dist): 8 20 2.42909895402597
list:
dist: 2.42909895402597 vs. 2.42909895402597
--------
nle(id0,id1,dist): 8 19 1.9553144333362964
list:
dist: 1.9553144333362964 vs. 1.9553144333362964
--------
nle(id0,id1,dist): 8 29 2.919019530481926
list:
dist: 2.919019530481926 vs. 2.919019530481926
--------
nle(id0,id1,dist): 8 26 3.7726274387316443
list:
dist: 3.7726274387316443 vs. 3.7726274387316443
--------
nle(id0,id1,dist): 8 27 3.710189306065051
list:
dist: 3.710189306065051 vs. 3.710189306065051
--------
nle(id0,id1,dist): 7 21 4.361256428865899
list:
dist: 4.361256428865899 vs. 4.361256428865899
--------
nle(id0,id1,dist): 7 20 3.1423967612661063
list:
dist: 3.1423967612661063 vs. 3.1423967612661063
--------
nle(id0,id1,dist): 7 19 3.442285288136449
list:
dist: 3.442285288136449 vs. 3.442285288136449
--------
nle(id0,id1,dist): 7 17 3.53118149067563
list:
dist: 3.53118149067563 vs. 3.53118149067563
--------
nle(id0,id1,dist): 7 16 2.0680622742160457
list:
dist: 2.0680622742160457 vs. 2.0680622742160457
--------
nle(id0,id1,dist): 7 15 3.261081787764588
list:
dist: 3.261081787764588 vs. 3.261081787764588
--------
nle(id0,id1,dist): 7 14 1.594646222640031
list:
dist: 1.594646222640031 vs. 1.594646222640031
--------
nle(id0,id1,dist): 10 12 2.410594316389843
list:
dist: 2.410594316389843 vs. 2.410594316389843
--------
nle(id0,id1,dist): 10 11 2.506552187135604
list:
dist: 2.506552187135604 vs. 2.506552187135604
--------
nle(id0,id1,dist): 10 14 2.4446441016826697
list:
dist: 2.4446441016826697 vs. 2.4446441016826697
--------
nle(id0,id1,dist): 10 13 2.3845441574254034
list:
dist: 2.3845441574254034 vs. 2.3845441574254034
--------
nle(id0,id1,dist): 10 15 1.998687097410907
list:
dist: 1.998687097410907 vs. 1.998687097410907
--------
nle(id0,id1,dist): 10 16 1.8862825125602307
list:
dist: 1.8862825125602307 vs. 1.8862825125602307
--------
nle(id0,id1,dist): 10 17 1.9965297792959347
list:
dist: 1.9965297792959347 vs. 1.9965297792959347
--------
nle(id0,id1,dist): 10 19 1.1863683625683308
list:
dist: 1.1863683625683308 vs. 1.1863683625683308
--------
nle(id0,id1,dist): 10 20 2.897996486376913
list:
dist: 2.897996486376913 vs. 2.897996486376913
--------
nle(id0,id1,dist): 10 21 2.708736056259957
list:
dist: 2.708736056259957 vs. 2.708736056259957
--------
nle(id0,id1,dist): 10 22 2.119311645312225
list:
dist: 2.119311645312225 vs. 2.119311645312225
--------
nle(id0,id1,dist): 10 24 3.081468034105441
list:
dist: 3.081468034105441 vs. 3.081468034105441
--------
nle(id0,id1,dist): 10 26 3.065141929639201
list:
dist: 3.065141929639201 vs. 3.065141929639201
--------
nle(id0,id1,dist): 10 27 3.363213986144267
list:
dist: 3.363213986144267 vs. 3.363213986144267
--------
nle(id0,id1,dist): 10 29 1.95852034292068
list:
dist: 1.95852034292068 vs. 1.95852034292068
--------
nle(id0,id1,dist): 9 10 2.939462312134612
list:
dist: 2.939462312134612 vs. 2.939462312134612
--------
nle(id0,id1,dist): 9 15 3.4771069223147943
list:
dist: 3.4771069223147943 vs. 3.4771069223147943
--------
nle(id0,id1,dist): 9 14 1.6659269046680873
list:
dist: 1.6659269046680873 vs. 1.6659269046680873
--------
nle(id0,id1,dist): 9 13 3.4038980008376067
list:
dist: 3.4038980008376067 vs. 3.4038980008376067
--------
nle(id0,id1,dist): 9 12 0.9223140221434141
list:
dist: 0.9223140221434141 vs. 0.9223140221434141
--------
nle(id0,id1,dist): 9 19 3.2678455085399905
list:
dist: 3.2678455085399905 vs. 3.2678455085399905
--------
nle(id0,id1,dist): 9 17 2.722622946137039
list:
dist: 2.722622946137039 vs. 2.722622946137039
--------
nle(id0,id1,dist): 9 16 2.1950417674866594
list:
dist: 2.1950417674866594 vs. 2.1950417674866594
--------
nle(id0,id1,dist): 9 20 3.7010838795509975
list:
dist: 3.7010838795509975 vs. 3.7010838795509975
--------
nle(id0,id1,dist): 9 21 3.9325017215734492
list:
dist: 3.9325017215734492 vs. 3.9325017215734492
--------
nle(id0,id1,dist): 12 20 2.8410563560070514
list:
dist: 2.8410563560070514 vs. 2.8410563560070514
--------
nle(id0,id1,dist): 12 19 2.637289571456326
list:
dist: 2.637289571456326 vs. 2.637289571456326
--------
nle(id0,id1,dist): 12 17 2.300482067728539
list:
dist: 2.300482067728539 vs. 2.300482067728539
--------
nle(id0,id1,dist): 12 16 1.341763910200806
list:
dist: 1.341763910200806 vs. 1.341763910200806
--------
nle(id0,id1,dist): 12 15 2.681259175767885
list:
dist: 2.681259175767885 vs. 2.681259175767885
--------
nle(id0,id1,dist): 12 14 0.8022586926439066
list:
dist: 0.8022586926439066 vs. 0.8022586926439066
--------
nle(id0,id1,dist): 12 13 2.8564366321503494
list:
dist: 2.8564366321503494 vs. 2.8564366321503494
--------
nle(id0,id1,dist): 11 29 2.387857676889172
list:
dist: 2.387857676889172 vs. 2.387857676889172
--------
nle(id0,id1,dist): 11 22 1.9770459952645634
list:
dist: 1.9770459952645634 vs. 1.9770459952645634
--------
nle(id0,id1,dist): 11 17 2.019679208266254
list:
dist: 2.019679208266254 vs. 2.019679208266254
--------
nle(id0,id1,dist): 13 26 2.0483194900031245
list:
dist: 2.0483194900031245 vs. 2.0483194900031245
--------
nle(id0,id1,dist): 13 27 1.9589079944934176
list:
dist: 1.9589079944934176 vs. 1.9589079944934176
--------
nle(id0,id1,dist): 13 24 2.3957587144027084
list:
dist: 2.3957587144027084 vs. 2.3957587144027084
--------
nle(id0,id1,dist): 13 25 2.0186307822318326
list:
dist: 2.0186307822318326 vs. 2.0186307822318326
--------
nle(id0,id1,dist): 13 29 1.6747116355744684
list:
dist: 1.6747116355744684 vs. 1.6747116355744684
--------
nle(id0,id1,dist): 13 18 4.013312869623578
list:
dist: 4.013312869623578 vs. 4.013312869623578
--------
nle(id0,id1,dist): 13 19 1.3047669382459361
list:
dist: 1.3047669382459361 vs. 1.3047669382459361
--------
nle(id0,id1,dist): 13 16 1.8587356013243432
list:
dist: 1.8587356013243432 vs. 1.8587356013243432
--------
nle(id0,id1,dist): 13 17 0.8205524932314999
list:
dist: 0.8205524932314999 vs. 0.8205524932314999
--------
nle(id0,id1,dist): 13 22 0.9749768249012462
list:
dist: 0.9749768249012462 vs. 0.9749768249012462
--------
nle(id0,id1,dist): 13 23 4.4666486269559895
list:
dist: 4.4666486269559895 vs. 4.4666486269559895
--------
nle(id0,id1,dist): 13 20 1.9903430976231322
list:
dist: 1.9903430976231322 vs. 1.9903430976231322
--------
nle(id0,id1,dist): 13 21 0.5296498896195023
list:
dist: 0.5296498896195023 vs. 0.5296498896195023
--------
nle(id0,id1,dist): 13 15 1.2973303325117613
list:
dist: 1.2973303325117613 vs. 1.2973303325117613
--------
nle(id0,id1,dist): 13 14 2.453740897583148
list:
dist: 2.453740897583148 vs. 2.453740897583148
--------
nle(id0,id1,dist): 12 21 3.3664431313272214
list:
dist: 3.3664431313272214 vs. 3.3664431313272214
--------
nle(id0,id1,dist): 15 29 1.978459586694753
list:
dist: 1.978459586694753 vs. 1.978459586694753
--------
nle(id0,id1,dist): 15 26 2.2467996012175107
list:
dist: 2.2467996012175107 vs. 2.2467996012175107
--------
nle(id0,id1,dist): 15 27 2.7413841621379675
list:
dist: 2.7413841621379675 vs. 2.7413841621379675
--------
nle(id0,id1,dist): 15 24 2.892135578920013
list:
dist: 2.892135578920013 vs. 2.892135578920013
--------
nle(id0,id1,dist): 15 25 1.4382505721056196
list:
dist: 1.4382505721056196 vs. 1.4382505721056196
--------
nle(id0,id1,dist): 15 22 1.8452274110116176
list:
dist: 1.8452274110116176 vs. 1.8452274110116176
--------
nle(id0,id1,dist): 15 23 3.551050041146792
list:
dist: 3.551050041146792 vs. 3.551050041146792
--------
nle(id0,id1,dist): 15 21 1.4434444636781032
list:
dist: 1.4434444636781032 vs. 1.4434444636781032
--------
nle(id0,id1,dist): 15 20 1.084731924590643
list:
dist: 1.084731924590643 vs. 1.084731924590643
--------
nle(id0,id1,dist): 15 19 1.08126358741168
list:
dist: 1.08126358741168 vs. 1.08126358741168
--------
nle(id0,id1,dist): 15 18 3.3283337563440853
list:
dist: 3.3283337563440853 vs. 3.3283337563440853
--------
nle(id0,id1,dist): 15 17 1.648539110778264
list:
dist: 1.648539110778264 vs. 1.648539110778264
--------
nle(id0,id1,dist): 15 16 1.3603799566226353
list:
dist: 1.3603799566226353 vs. 1.3603799566226353
--------
nle(id0,id1,dist): 14 16 0.7903744485639318
list:
dist: 0.7903744485639318 vs. 0.7903744485639318
--------
nle(id0,id1,dist): 11 127 3.8789666447827784
list:
dist: 3.8789666447827784 vs. 3.8789666447827784
--------
nle(id0,id1,dist): 14 15 2.117319727051727
list:
dist: 2.117319727051727 vs. 2.117319727051727
--------
nle(id0,id1,dist): 14 17 2.107353966636182
list:
dist: 2.107353966636182 vs. 2.107353966636182
--------
nle(id0,id1,dist): 14 20 2.0852728887218883
list:
dist: 2.0852728887218883 vs. 2.0852728887218883
--------
nle(id0,id1,dist): 14 19 2.3722277819878554
list:
dist: 2.3722277819878554 vs. 2.3722277819878554
--------
nle(id0,id1,dist): 14 21 2.9199193590780017
list:
dist: 2.9199193590780017 vs. 2.9199193590780017
--------
nle(id0,id1,dist): 17 19 1.2580557336159786
list:
dist: 1.2580557336159786 vs. 1.2580557336159786
--------
nle(id0,id1,dist): 17 22 1.0180551591130218
list:
dist: 1.0180551591130218 vs. 1.0180551591130218
--------
nle(id0,id1,dist): 17 20 2.390612342671447
list:
dist: 2.390612342671447 vs. 2.390612342671447
--------
nle(id0,id1,dist): 17 21 1.317281352231923
list:
dist: 1.317281352231923 vs. 1.317281352231923
--------
nle(id0,id1,dist): 17 26 2.611196690915398
list:
dist: 2.611196690915398 vs. 2.611196690915398
--------
nle(id0,id1,dist): 17 27 2.4033124731327713
list:
dist: 2.4033124731327713 vs. 2.4033124731327713
--------
nle(id0,id1,dist): 17 24 2.696684091019862
list:
dist: 2.696684091019862 vs. 2.696684091019862
--------
nle(id0,id1,dist): 16 17 1.6231679329329065
list:
dist: 1.6231679329329065 vs. 1.6231679329329065
--------
nle(id0,id1,dist): 16 18 3.31701229331651
list:
dist: 3.31701229331651 vs. 3.31701229331651
--------
nle(id0,id1,dist): 16 19 1.627895567976099
list:
dist: 1.627895567976099 vs. 1.627895567976099
--------
nle(id0,id1,dist): 16 20 1.5910546512658061
list:
dist: 1.5910546512658061 vs. 1.5910546512658061
--------
nle(id0,id1,dist): 16 21 2.2932611570376307
list:
dist: 2.2932611570376307 vs. 2.2932611570376307
--------
nle(id0,id1,dist): 16 23 3.7660199393196074
list:
dist: 3.7660199393196074 vs. 3.7660199393196074
--------
nle(id0,id1,dist): 16 25 2.7613671502392974
list:
dist: 2.7613671502392974 vs. 2.7613671502392974
--------
nle(id0,id1,dist): 1 2 2.236003218696126
list:
dist: 2.236003218696126 vs. 2.236003218696126
--------
nle(id0,id1,dist): 1 5 1.381826590449378
list:
dist: 1.381826590449378 vs. 1.381826590449378
--------
nle(id0,id1,dist): 1 7 1.3808640615049714
list:
dist: 1.3808640615049714 vs. 1.3808640615049714
--------
nle(id0,id1,dist): 1 9 2.76459997151655
list:
dist: 2.76459997151655 vs. 2.76459997151655
--------
nle(id0,id1,dist): 2 5 0.9320663849077614
list:
dist: 0.9320663849077614 vs. 0.9320663849077614
--------
nle(id0,id1,dist): 2 6 2.1879373921593737
list:
dist: 2.1879373921593737 vs. 2.1879373921593737
--------
nle(id0,id1,dist): 2 3 2.3397243664881646
list:
dist: 2.3397243664881646 vs. 2.3397243664881646
--------
nle(id0,id1,dist): 2 4 1.6487845852728162
list:
dist: 1.6487845852728162 vs. 1.6487845852728162
--------
nle(id0,id1,dist): 1 14 1.7042740965551426
list:
dist: 1.7042740965551426 vs. 1.7042740965551426
--------
nle(id0,id1,dist): 1 12 2.102818404255696
list:
dist: 2.102818404255696 vs. 2.102818404255696
--------
nle(id0,id1,dist): 1 18 2.645006176523532
list:
dist: 2.645006176523532 vs. 2.645006176523532
--------
nle(id0,id1,dist): 1 16 2.217110743103388
list:
dist: 2.217110743103388 vs. 2.217110743103388
--------
nle(id0,id1,dist): 1 23 3.15999705777284
list:
dist: 3.15999705777284 vs. 3.15999705777284
--------
nle(id0,id1,dist): 2 12 0.5192211529878353
list:
dist: 0.5192211529878353 vs. 0.5192211529878353
--------
nle(id0,id1,dist): 2 14 1.1057506696551394
list:
dist: 1.1057506696551394 vs. 1.1057506696551394
--------
nle(id0,id1,dist): 2 13 3.0848455940257034
list:
dist: 3.0848455940257034 vs. 3.0848455940257034
--------
nle(id0,id1,dist): 2 8 1.1958047931940445
list:
dist: 1.1958047931940445 vs. 1.1958047931940445
--------
nle(id0,id1,dist): 2 7 1.7654507917031252
list:
dist: 1.7654507917031252 vs. 1.7654507917031252
--------
nle(id0,id1,dist): 2 10 2.8592651012189783
list:
dist: 2.8592651012189783 vs. 2.8592651012189783
--------
nle(id0,id1,dist): 2 9 0.6204107473432612
list:
dist: 0.6204107473432612 vs. 0.6204107473432612
--------
nle(id0,id1,dist): 2 20 3.162716194039816
list:
dist: 3.162716194039816 vs. 3.162716194039816
--------
nle(id0,id1,dist): 2 19 3.0303940103416758
list:
dist: 3.0303940103416758 vs. 3.0303940103416758
--------
nle(id0,id1,dist): 2 21 3.6024123159008035
list:
dist: 3.6024123159008035 vs. 3.6024123159008035
--------
nle(id0,id1,dist): 2 16 1.7401700072185238
list:
dist: 1.7401700072185238 vs. 1.7401700072185238
--------
nle(id0,id1,dist): 2 15 3.063642959661838
list:
dist: 3.063642959661838 vs. 3.063642959661838
--------
nle(id0,id1,dist): 2 17 2.503553573934543
list:
dist: 2.503553573934543 vs. 2.503553573934543
--------
nle(id0,id1,dist): 3 9 1.7587449717074044
list:
dist: 1.7587449717074044 vs. 1.7587449717074044
--------
nle(id0,id1,dist): 3 8 2.6473363158092758
list:
dist: 2.6473363158092758 vs. 2.6473363158092758
--------
nle(id0,id1,dist): 3 7 3.557490372157963
list:
dist: 3.557490372157963 vs. 3.557490372157963
--------
nle(id0,id1,dist): 3 6 2.133032003250236
list:
dist: 2.133032003250236 vs. 2.133032003250236
--------
nle(id0,id1,dist): 3 5 3.1508732121756773
list:
dist: 3.1508732121756773 vs. 3.1508732121756773
--------
nle(id0,id1,dist): 3 4 1.6934327950441521
list:
dist: 1.6934327950441521 vs. 1.6934327950441521
--------
nle(id0,id1,dist): 3 17 3.321832000360269
list:
dist: 3.321832000360269 vs. 3.321832000360269
--------
nle(id0,id1,dist): 3 14 3.2233335400584475
list:
dist: 3.2233335400584475 vs. 3.2233335400584475
--------
nle(id0,id1,dist): 3 12 2.4888274867888898
list:
dist: 2.4888274867888898 vs. 2.4888274867888898
--------
nle(id0,id1,dist): 3 10 3.3366424814255518
list:
dist: 3.3366424814255518 vs. 3.3366424814255518
--------
nle(id0,id1,dist): 37 48 1.3040349438598051
list:
dist: 1.3040349438598051 vs. 1.3040349438598051
--------
nle(id0,id1,dist): 37 49 1.238127038234074
list:
dist: 1.238127038234074 vs. 1.238127038234074
--------
nle(id0,id1,dist): 37 55 1.4475991866841873
list:
dist: 1.4475991866841873 vs. 1.4475991866841873
--------
nle(id0,id1,dist): 37 47 1.926638898808232
list:
dist: 1.926638898808232 vs. 1.926638898808232
--------
nle(id0,id1,dist): 37 39 1.7583464486625329
list:
dist: 1.7583464486625329 vs. 1.7583464486625329
--------
nle(id0,id1,dist): 37 38 1.2325313091151273
list:
dist: 1.2325313091151273 vs. 1.2325313091151273
--------
nle(id0,id1,dist): 36 55 2.0394403181676153
list:
dist: 2.0394403181676153 vs. 2.0394403181676153
--------
nle(id0,id1,dist): 36 56 2.890788824561645
list:
dist: 2.890788824561645 vs. 2.890788824561645
--------
nle(id0,id1,dist): 36 54 0.8571315771703213
list:
dist: 0.8571315771703213 vs. 0.8571315771703213
--------
nle(id0,id1,dist): 36 59 2.4506064234404383
list:
dist: 2.4506064234404383 vs. 2.4506064234404383
--------
nle(id0,id1,dist): 36 58 2.4915449669014125
list:
dist: 2.4915449669014125 vs. 2.4915449669014125
--------
nle(id0,id1,dist): 36 47 1.3453181116801705
list:
dist: 1.3453181116801705 vs. 1.3453181116801705
--------
nle(id0,id1,dist): 36 48 2.36670655301662
list:
dist: 2.36670655301662 vs. 2.36670655301662
--------
nle(id0,id1,dist): 36 46 0.6715512985235065
list:
dist: 0.6715512985235065 vs. 0.6715512985235065
--------
nle(id0,id1,dist): 36 52 2.0997865714097967
list:
dist: 2.0997865714097967 vs. 2.0997865714097967
--------
nle(id0,id1,dist): 36 49 1.678480576432995
list:
dist: 1.678480576432995 vs. 1.678480576432995
--------
nle(id0,id1,dist): 36 50 1.4637305275709867
list:
dist: 1.4637305275709867 vs. 1.4637305275709867
--------
nle(id0,id1,dist): 36 40 0.7547772052021315
list:
dist: 0.7547772052021315 vs. 0.7547772052021315
--------
nle(id0,id1,dist): 36 39 1.2184337002617625
list:
dist: 1.2184337002617625 vs. 1.2184337002617625
--------
nle(id0,id1,dist): 36 38 1.306009811503361
list:
dist: 1.306009811503361 vs. 1.306009811503361
--------
nle(id0,id1,dist): 36 37 2.478393253408716
list:
dist: 2.478393253408716 vs. 2.478393253408716
--------
nle(id0,id1,dist): 36 43 1.9085915662836868
list:
dist: 1.9085915662836868 vs. 1.9085915662836868
--------
nle(id0,id1,dist): 36 42 1.4422940824606765
list:
dist: 1.4422940824606765 vs. 1.4422940824606765
--------
nle(id0,id1,dist): 35 58 1.5890341557788124
list:
dist: 1.5890341557788124 vs. 1.5890341557788124
--------
nle(id0,id1,dist): 35 59 2.9090662190251506
list:
dist: 2.9090662190251506 vs. 2.9090662190251506
--------
nle(id0,id1,dist): 35 54 2.2836827733058556
list:
dist: 2.2836827733058556 vs. 2.2836827733058556
--------
nle(id0,id1,dist): 35 55 1.4180498244423207
list:
dist: 1.4180498244423207 vs. 1.4180498244423207
--------
nle(id0,id1,dist): 35 56 3.676533892271802
list:
dist: 3.676533892271802 vs. 3.676533892271802
--------
nle(id0,id1,dist): 35 57 3.00536896837525
list:
dist: 3.00536896837525 vs. 3.00536896837525
--------
nle(id0,id1,dist): 35 50 2.4770165765737553
list:
dist: 2.4770165765737553 vs. 2.4770165765737553
--------
nle(id0,id1,dist): 35 52 3.3943865621129925
list:
dist: 3.3943865621129925 vs. 3.3943865621129925
--------
nle(id0,id1,dist): 35 47 1.972485562296307
list:
dist: 1.972485562296307 vs. 1.972485562296307
--------
nle(id0,id1,dist): 35 46 2.40758804013098
list:
dist: 2.40758804013098 vs. 2.40758804013098
--------
nle(id0,id1,dist): 35 49 1.797560634263696
list:
dist: 1.797560634263696 vs. 1.797560634263696
--------
nle(id0,id1,dist): 35 48 0.9806754941089771
list:
dist: 0.9806754941089771 vs. 0.9806754941089771
--------
nle(id0,id1,dist): 35 43 3.453216353128891
list:
dist: 3.453216353128891 vs. 3.453216353128891
--------
nle(id0,id1,dist): 35 42 2.732825526927491
list:
dist: 2.732825526927491 vs. 2.732825526927491
--------
nle(id0,id1,dist): 35 39 1.5541805874377588
list:
dist: 1.5541805874377588 vs. 1.5541805874377588
--------
nle(id0,id1,dist): 35 38 0.8451308862395871
list:
dist: 0.8451308862395871 vs. 0.8451308862395871
--------
nle(id0,id1,dist): 35 40 2.6423547885259664
list:
dist: 2.6423547885259664 vs. 2.6423547885259664
--------
nle(id0,id1,dist): 35 37 1.3861368389307005
list:
dist: 1.3861368389307005 vs. 1.3861368389307005
--------
nle(id0,id1,dist): 35 36 1.90836333217041
list:
dist: 1.90836333217041 vs. 1.90836333217041
--------
nle(id0,id1,dist): 34 59 2.3445666703204724
list:
dist: 2.3445666703204724 vs. 2.3445666703204724
--------
nle(id0,id1,dist): 34 58 3.2887306981771185
list:
dist: 3.2887306981771185 vs. 3.2887306981771185
--------
nle(id0,id1,dist): 34 55 2.594085095161011
list:
dist: 2.594085095161011 vs. 2.594085095161011
--------
nle(id0,id1,dist): 34 56 2.435794366704026
list:
dist: 2.435794366704026 vs. 2.435794366704026
--------
nle(id0,id1,dist): 34 54 1.3174640893390013
list:
dist: 1.3174640893390013 vs. 1.3174640893390013
--------
nle(id0,id1,dist): 34 52 1.4406563989026926
list:
dist: 1.4406563989026926 vs. 1.4406563989026926
--------
nle(id0,id1,dist): 34 51 2.693128068991084
list:
dist: 2.693128068991084 vs. 2.693128068991084
--------
nle(id0,id1,dist): 34 50 1.1058958867111568
list:
dist: 1.1058958867111568 vs. 1.1058958867111568
--------
nle(id0,id1,dist): 34 49 2.3587980772665
list:
dist: 2.3587980772665 vs. 2.3587980772665
--------
nle(id0,id1,dist): 34 48 3.232637900949334
list:
dist: 3.232637900949334 vs. 3.232637900949334
--------
nle(id0,id1,dist): 34 47 1.5059865605010851
list:
dist: 1.5059865605010851 vs. 1.5059865605010851
--------
nle(id0,id1,dist): 34 46 1.429552056030233
list:
dist: 1.429552056030233 vs. 1.429552056030233
--------
nle(id0,id1,dist): 34 44 1.5515092456952337
list:
dist: 1.5515092456952337 vs. 1.5515092456952337
--------
nle(id0,id1,dist): 34 43 0.57140223841675
list:
dist: 0.57140223841675 vs. 0.57140223841675
--------
nle(id0,id1,dist): 34 42 0.8867967248385952
list:
dist: 0.8867967248385952 vs. 0.8867967248385952
--------
nle(id0,id1,dist): 34 40 1.208700679738531
list:
dist: 1.208700679738531 vs. 1.208700679738531
--------
nle(id0,id1,dist): 34 39 1.7693148898796858
list:
dist: 1.7693148898796858 vs. 1.7693148898796858
--------
nle(id0,id1,dist): 34 36 1.4903844103006187
list:
dist: 1.4903844103006187 vs. 1.4903844103006187
--------
nle(id0,id1,dist): 34 35 3.146339984956002
list:
dist: 3.146339984956002 vs. 3.146339984956002
--------
nle(id0,id1,dist): 34 38 2.4371880134014514
list:
dist: 2.4371880134014514 vs. 2.4371880134014514
--------
nle(id0,id1,dist): 33 44 2.8467057381565217
list:
dist: 2.8467057381565217 vs. 2.8467057381565217
--------
nle(id0,id1,dist): 33 46 2.5563309341094027
list:
dist: 2.5563309341094027 vs. 2.5563309341094027
--------
nle(id0,id1,dist): 33 47 3.0984338597847505
list:
dist: 3.0984338597847505 vs. 3.0984338597847505
--------
nle(id0,id1,dist): 33 49 3.191601120558489
list:
dist: 3.191601120558489 vs. 3.191601120558489
--------
nle(id0,id1,dist): 33 34 2.179582107631046
list:
dist: 2.179582107631046 vs. 2.179582107631046
--------
nle(id0,id1,dist): 33 38 3.842451386206713
list:
dist: 3.842451386206713 vs. 3.842451386206713
--------
nle(id0,id1,dist): 33 36 3.0876573041020565
list:
dist: 3.0876573041020565 vs. 3.0876573041020565
--------
nle(id0,id1,dist): 33 43 1.790681440428437
list:
dist: 1.790681440428437 vs. 1.790681440428437
--------
nle(id0,id1,dist): 33 42 2.1725493120771366
list:
dist: 2.1725493120771366 vs. 2.1725493120771366
--------
nle(id0,id1,dist): 33 40 2.518283027182545
list:
dist: 2.518283027182545 vs. 2.518283027182545
--------
nle(id0,id1,dist): 32 49 2.199880565056764
list:
dist: 2.199880565056764 vs. 2.199880565056764
--------
nle(id0,id1,dist): 32 38 2.850980718821844
list:
dist: 2.850980718821844 vs. 2.850980718821844
--------
nle(id0,id1,dist): 32 40 1.885982017574987
list:
dist: 1.885982017574987 vs. 1.885982017574987
--------
nle(id0,id1,dist): 32 34 2.3759109633824096
list:
dist: 2.3759109633824096 vs. 2.3759109633824096
--------
nle(id0,id1,dist): 32 33 1.7235546298522433
list:
dist: 1.7235546298522433 vs. 1.7235546298522433
--------
nle(id0,id1,dist): 32 36 2.3098710152329107
list:
dist: 2.3098710152329107 vs. 2.3098710152329107
--------
nle(id0,id1,dist): 32 46 1.6792083389147852
list:
dist: 1.6792083389147852 vs. 1.6792083389147852
--------
nle(id0,id1,dist): 32 47 2.7122117744280696
list:
dist: 2.7122117744280696 vs. 2.7122117744280696
--------
nle(id0,id1,dist): 32 42 2.0716187165176274
list:
dist: 2.0716187165176274 vs. 2.0716187165176274
--------
nle(id0,id1,dist): 32 44 3.499089174275072
list:
dist: 3.499089174275072 vs. 3.499089174275072
--------
nle(id0,id1,dist): 32 43 2.275181428324161
list:
dist: 2.275181428324161 vs. 2.275181428324161
--------
nle(id0,id1,dist): 31 58 3.2149822721579544
list:
dist: 3.2149822721579544 vs. 3.2149822721579544
--------
nle(id0,id1,dist): 31 59 3.2715298019276253
list:
dist: 3.2715298019276253 vs. 3.2715298019276253
--------
nle(id0,id1,dist): 31 54 2.050983536209357
list:
dist: 2.050983536209357 vs. 2.050983536209357
--------
nle(id0,id1,dist): 31 55 2.0994111681489076
list:
dist: 2.0994111681489076 vs. 2.0994111681489076
--------
nle(id0,id1,dist): 31 56 3.7413603063153316
list:
dist: 3.7413603063153316 vs. 3.7413603063153316
--------
nle(id0,id1,dist): 31 43 1.7947884853759568
list:
dist: 1.7947884853759568 vs. 1.7947884853759568
--------
nle(id0,id1,dist): 31 42 1.0769008551266657
list:
dist: 1.0769008551266657 vs. 1.0769008551266657
--------
nle(id0,id1,dist): 31 40 1.5159745215731562
list:
dist: 1.5159745215731562 vs. 1.5159745215731562
--------
nle(id0,id1,dist): 31 39 1.4378039531034166
list:
dist: 1.4378039531034166 vs. 1.4378039531034166
--------
nle(id0,id1,dist): 31 38 1.4351512159917383
list:
dist: 1.4351512159917383 vs. 1.4351512159917383
--------
nle(id0,id1,dist): 29 127 3.308287836934277
list:
dist: 3.308287836934277 vs. 3.308287836934277
--------
nle(id0,id1,dist): 31 52 2.9575983351778032
list:
dist: 2.9575983351778032 vs. 2.9575983351778032
--------
nle(id0,id1,dist): 31 50 1.8908246894437837
list:
dist: 1.8908246894437837 vs. 1.8908246894437837
--------
nle(id0,id1,dist): 31 49 0.7421710158027821
list:
dist: 0.7421710158027821 vs. 0.7421710158027821
--------
nle(id0,id1,dist): 31 48 2.5297994082140662
list:
dist: 2.5297994082140662 vs. 2.5297994082140662
--------
nle(id0,id1,dist): 31 47 1.2504352260841611
list:
dist: 1.2504352260841611 vs. 1.2504352260841611
--------
nle(id0,id1,dist): 31 46 1.1938145237357558
list:
dist: 1.1938145237357558 vs. 1.1938145237357558
--------
nle(id0,id1,dist): 31 36 1.3885216263978675
list:
dist: 1.3885216263978675 vs. 1.3885216263978675
--------
nle(id0,id1,dist): 31 37 1.9690292855015028
list:
dist: 1.9690292855015028 vs. 1.9690292855015028
--------
nle(id0,id1,dist): 31 34 1.7928065393743737
list:
dist: 1.7928065393743737 vs. 1.7928065393743737
--------
nle(id0,id1,dist): 31 35 2.2720129748588276
list:
dist: 2.2720129748588276 vs. 2.2720129748588276
--------
nle(id0,id1,dist): 31 32 1.5922356677990854
list:
dist: 1.5922356677990854 vs. 1.5922356677990854
--------
nle(id0,id1,dist): 31 33 2.4925488503109783
list:
dist: 2.4925488503109783 vs. 2.4925488503109783
--------
nle(id0,id1,dist): 43 59 2.711335376659178
list:
dist: 2.711335376659178 vs. 2.711335376659178
--------
nle(id0,id1,dist): 43 58 3.661036095172942
list:
dist: 3.661036095172942 vs. 3.661036095172942
--------
nle(id0,id1,dist): 44 46 2.6223503495094946
list:
dist: 2.6223503495094946 vs. 2.6223503495094946
--------
nle(id0,id1,dist): 44 51 1.4680273037900293
list:
dist: 1.4680273037900293 vs. 1.4680273037900293
--------
nle(id0,id1,dist): 44 52 1.3674025027035155
list:
dist: 1.3674025027035155 vs. 1.3674025027035155
--------
nle(id0,id1,dist): 44 50 2.2356991911227375
list:
dist: 2.2356991911227375 vs. 2.2356991911227375
--------
nle(id0,id1,dist): 43 50 1.3916302034505397
list:
dist: 1.3916302034505397 vs. 1.3916302034505397
--------
nle(id0,id1,dist): 43 51 2.9530460961714677
list:
dist: 2.9530460961714677 vs. 2.9530460961714677
--------
nle(id0,id1,dist): 43 52 1.8636852703072488
list:
dist: 1.8636852703072488 vs. 1.8636852703072488
--------
nle(id0,id1,dist): 43 54 1.8556458586773004
list:
dist: 1.8556458586773004 vs. 1.8556458586773004
--------
nle(id0,id1,dist): 43 55 2.773720019424124
list:
dist: 2.773720019424124 vs. 2.773720019424124
--------
nle(id0,id1,dist): 43 56 2.7836457474957506
list:
dist: 2.7836457474957506 vs. 2.7836457474957506
--------
nle(id0,id1,dist): 43 44 1.7947086575625162
list:
dist: 1.7947086575625162 vs. 1.7947086575625162
--------
nle(id0,id1,dist): 43 46 1.7428125017237581
list:
dist: 1.7428125017237581 vs. 1.7428125017237581
--------
nle(id0,id1,dist): 43 47 1.6383083666613185
list:
dist: 1.6383083666613185 vs. 1.6383083666613185
--------
nle(id0,id1,dist): 43 48 3.464234979370886
list:
dist: 3.464234979370886 vs. 3.464234979370886
--------
nle(id0,id1,dist): 43 49 2.3933895223619115
list:
dist: 2.3933895223619115 vs. 2.3933895223619115
--------
nle(id0,id1,dist): 42 46 1.3717164551526926
list:
dist: 1.3717164551526926 vs. 1.3717164551526926
--------
nle(id0,id1,dist): 42 44 2.426406980153682
list:
dist: 2.426406980153682 vs. 2.426406980153682
--------
nle(id0,id1,dist): 42 43 0.8141537223704598
list:
dist: 0.8141537223704598 vs. 0.8141537223704598
--------
nle(id0,id1,dist): 42 59 2.6000107650485034
list:
dist: 2.6000107650485034 vs. 2.6000107650485034
--------
nle(id0,id1,dist): 42 58 3.1387889422614585
list:
dist: 3.1387889422614585 vs. 3.1387889422614585
--------
nle(id0,id1,dist): 42 55 2.097477235607527
list:
dist: 2.097477235607527 vs. 2.097477235607527
--------
nle(id0,id1,dist): 42 56 2.9130075857816107
list:
dist: 2.9130075857816107 vs. 2.9130075857816107
--------
nle(id0,id1,dist): 42 54 1.6386988577591168
list:
dist: 1.6386988577591168 vs. 1.6386988577591168
--------
nle(id0,id1,dist): 42 51 3.4879511141521777
list:
dist: 3.4879511141521777 vs. 3.4879511141521777
--------
nle(id0,id1,dist): 42 52 2.100581692028977
list:
dist: 2.100581692028977 vs. 2.100581692028977
--------
nle(id0,id1,dist): 42 49 1.5949343418859656
list:
dist: 1.5949343418859656 vs. 1.5949343418859656
--------
nle(id0,id1,dist): 42 50 1.1190236090689045
list:
dist: 1.1190236090689045 vs. 1.1190236090689045
--------
nle(id0,id1,dist): 42 47 0.9373354958576172
list:
dist: 0.9373354958576172 vs. 0.9373354958576172
--------
nle(id0,id1,dist): 42 48 2.7539248977791018
list:
dist: 2.7539248977791018 vs. 2.7539248977791018
--------
nle(id0,id1,dist): 40 43 1.6040805981390003
list:
dist: 1.6040805981390003 vs. 1.6040805981390003
--------
nle(id0,id1,dist): 40 44 2.2433990609443937
list:
dist: 2.2433990609443937 vs. 2.2433990609443937
--------
nle(id0,id1,dist): 40 42 1.4114760888576197
list:
dist: 1.4114760888576197 vs. 1.4114760888576197
--------
nle(id0,id1,dist): 40 47 1.7654991038399663
list:
dist: 1.7654991038399663 vs. 1.7654991038399663
--------
nle(id0,id1,dist): 40 48 3.0913308013825223
list:
dist: 3.0913308013825223 vs. 3.0913308013825223
--------
nle(id0,id1,dist): 40 46 0.4108098571513933
list:
dist: 0.4108098571513933 vs. 0.4108098571513933
--------
nle(id0,id1,dist): 40 51 3.43167727841692
list:
dist: 3.43167727841692 vs. 3.43167727841692
--------
nle(id0,id1,dist): 40 52 2.1025418385926367
list:
dist: 2.1025418385926367 vs. 2.1025418385926367
--------
nle(id0,id1,dist): 40 49 2.061917010891027
list:
dist: 2.061917010891027 vs. 2.061917010891027
--------
nle(id0,id1,dist): 40 50 1.7325147605574427
list:
dist: 1.7325147605574427 vs. 1.7325147605574427
--------
nle(id0,id1,dist): 40 55 2.6868645618094367
list:
dist: 2.6868645618094367 vs. 2.6868645618094367
--------
nle(id0,id1,dist): 40 56 3.084057256556425
list:
dist: 3.084057256556425 vs. 3.084057256556425
--------
nle(id0,id1,dist): 40 54 1.1522834294707622
list:
dist: 1.1522834294707622 vs. 1.1522834294707622
--------
nle(id0,id1,dist): 40 59 2.8291732933179508
list:
dist: 2.8291732933179508 vs. 2.8291732933179508
--------
nle(id0,id1,dist): 40 58 3.1969558143618246
list:
dist: 3.1969558143618246 vs. 3.1969558143618246
--------
nle(id0,id1,dist): 39 46 1.6820149971692926
list:
dist: 1.6820149971692926 vs. 1.6820149971692926
--------
nle(id0,id1,dist): 39 47 0.46477162391809307
list:
dist: 0.46477162391809307 vs. 0.46477162391809307
--------
nle(id0,id1,dist): 39 48 1.4720615889034372
list:
dist: 1.4720615889034372 vs. 1.4720615889034372
--------
nle(id0,id1,dist): 39 49 1.3441070593084319
list:
dist: 1.3441070593084319 vs. 1.3441070593084319
--------
nle(id0,id1,dist): 39 50 1.0073869102578827
list:
dist: 1.0073869102578827 vs. 1.0073869102578827
--------
nle(id0,id1,dist): 39 52 2.195096457836239
list:
dist: 2.195096457836239 vs. 2.195096457836239
--------
nle(id0,id1,dist): 39 54 1.3705910744950547
list:
dist: 1.3705910744950547 vs. 1.3705910744950547
--------
nle(id0,id1,dist): 39 55 0.8940789654688167
list:
dist: 0.8940789654688167 vs. 0.8940789654688167
--------
nle(id0,id1,dist): 39 56 2.6454153682750166
list:
dist: 2.6454153682750166 vs. 2.6454153682750166
--------
nle(id0,id1,dist): 39 57 2.276910042797531
list:
dist: 2.276910042797531 vs. 2.276910042797531
--------
nle(id0,id1,dist): 39 58 1.8705881776153719
list:
dist: 1.8705881776153719 vs. 1.8705881776153719
--------
nle(id0,id1,dist): 39 59 2.0006407673676274
list:
dist: 2.0006407673676274 vs. 2.0006407673676274
--------
nle(id0,id1,dist): 38 58 1.985349764910274
list:
dist: 1.985349764910274 vs. 1.985349764910274
--------
nle(id0,id1,dist): 38 55 1.2288731991314674
list:
dist: 1.2288731991314674 vs. 1.2288731991314674
--------
nle(id0,id1,dist): 38 56 3.443670444650921
list:
dist: 3.443670444650921 vs. 3.443670444650921
--------
nle(id0,id1,dist): 38 54 1.8398952763228793
list:
dist: 1.8398952763228793 vs. 1.8398952763228793
--------
nle(id0,id1,dist): 38 52 2.9671526374287582
list:
dist: 2.9671526374287582 vs. 2.9671526374287582
--------
nle(id0,id1,dist): 38 59 2.751715461864965
list:
dist: 2.751715461864965 vs. 2.751715461864965
--------
nle(id0,id1,dist): 39 43 2.006975467109722
list:
dist: 2.006975467109722 vs. 2.006975467109722
--------
nle(id0,id1,dist): 39 42 1.3287330781989692
list:
dist: 1.3287330781989692 vs. 1.3287330781989692
--------
nle(id0,id1,dist): 39 40 1.8067956505997445
list:
dist: 1.8067956505997445 vs. 1.8067956505997445
--------
nle(id0,id1,dist): 37 58 2.523373924761264
list:
dist: 2.523373924761264 vs. 2.523373924761264
--------
nle(id0,id1,dist): 38 40 1.9855662270655223
list:
dist: 1.9855662270655223 vs. 1.9855662270655223
--------
nle(id0,id1,dist): 38 39 0.9548104708459787
list:
dist: 0.9548104708459787 vs. 0.9548104708459787
--------
nle(id0,id1,dist): 38 42 1.9356286772345848
list:
dist: 1.9356286772345848 vs. 1.9356286772345848
--------
nle(id0,id1,dist): 38 48 1.289265987480016
list:
dist: 1.289265987480016 vs. 1.289265987480016
--------
nle(id0,id1,dist): 38 47 1.2800170289887176
list:
dist: 1.2800170289887176 vs. 1.2800170289887176
--------
nle(id0,id1,dist): 38 50 1.9130109101176047
list:
dist: 1.9130109101176047 vs. 1.9130109101176047
--------
nle(id0,id1,dist): 38 49 1.0435942683888224
list:
dist: 1.0435942683888224 vs. 1.0435942683888224
--------
nle(id0,id1,dist): 38 43 2.6873096151205016
list:
dist: 2.6873096151205016 vs. 2.6873096151205016
--------
nle(id0,id1,dist): 38 46 1.712884410198739
list:
dist: 1.712884410198739 vs. 1.712884410198739
--------
nle(id0,id1,dist): 23 25 3.4662464029832254
list:
dist: 3.4662464029832254 vs. 3.4662464029832254
--------
nle(id0,id1,dist): 21 26 1.6534462690130796
list:
dist: 1.6534462690130796 vs. 1.6534462690130796
--------
nle(id0,id1,dist): 21 27 1.596710219202727
list:
dist: 1.596710219202727 vs. 1.596710219202727
--------
nle(id0,id1,dist): 21 24 2.125816244168375
list:
dist: 2.125816244168375 vs. 2.125816244168375
--------
nle(id0,id1,dist): 21 25 1.7279541953109385
list:
dist: 1.7279541953109385 vs. 1.7279541953109385
--------
nle(id0,id1,dist): 21 29 1.62223398364545
list:
dist: 1.62223398364545 vs. 1.62223398364545
--------
nle(id0,id1,dist): 21 23 4.485672428058709
list:
dist: 4.485672428058709 vs. 4.485672428058709
--------
nle(id0,id1,dist): 21 22 1.0829306646997587
list:
dist: 1.0829306646997587 vs. 1.0829306646997587
--------
nle(id0,id1,dist): 22 27 1.4787303387043325
list:
dist: 1.4787303387043325 vs. 1.4787303387043325
--------
nle(id0,id1,dist): 22 29 0.9454247265263547
list:
dist: 0.9454247265263547 vs. 0.9454247265263547
--------
nle(id0,id1,dist): 22 24 1.683802222439179
list:
dist: 1.683802222439179 vs. 1.683802222439179
--------
nle(id0,id1,dist): 22 26 1.772895060135395
list:
dist: 1.772895060135395 vs. 1.772895060135395
--------
nle(id0,id1,dist): 19 24 2.316955224467713
list:
dist: 2.316955224467713 vs. 2.316955224467713
--------
nle(id0,id1,dist): 19 25 2.1389852305008543
list:
dist: 2.1389852305008543 vs. 2.1389852305008543
--------
nle(id0,id1,dist): 19 22 1.2027195526871366
list:
dist: 1.2027195526871366 vs. 1.2027195526871366
--------
nle(id0,id1,dist): 19 23 4.598791691304111
list:
dist: 4.598791691304111 vs. 4.598791691304111
--------
nle(id0,id1,dist): 19 20 2.1424781926303837
list:
dist: 2.1424781926303837 vs. 2.1424781926303837
--------
nle(id0,id1,dist): 19 21 1.5484383904481156
list:
dist: 1.5484383904481156 vs. 1.5484383904481156
--------
nle(id0,id1,dist): 19 29 1.1964096516654232
list:
dist: 1.1964096516654232 vs. 1.1964096516654232
--------
nle(id0,id1,dist): 19 26 2.076597793878927
list:
dist: 2.076597793878927 vs. 2.076597793878927
--------
nle(id0,id1,dist): 19 27 2.3838567239561446
list:
dist: 2.3838567239561446 vs. 2.3838567239561446
--------
nle(id0,id1,dist): 20 29 3.031350388009203
list:
dist: 3.031350388009203 vs. 3.031350388009203
--------
nle(id0,id1,dist): 20 25 1.6658913653991965
list:
dist: 1.6658913653991965 vs. 1.6658913653991965
--------
nle(id0,id1,dist): 20 26 3.0470098095045914
list:
dist: 3.0470098095045914 vs. 3.0470098095045914
--------
nle(id0,id1,dist): 20 27 3.5557456414512427
list:
dist: 3.5557456414512427 vs. 3.5557456414512427
--------
nle(id0,id1,dist): 20 21 2.096139030001715
list:
dist: 2.096139030001715 vs. 2.096139030001715
--------
nle(id0,id1,dist): 20 22 2.790705463431313
list:
dist: 2.790705463431313 vs. 2.790705463431313
--------
nle(id0,id1,dist): 20 23 2.528639676675353
list:
dist: 2.528639676675353 vs. 2.528639676675353
--------
nle(id0,id1,dist): 20 24 3.8416101751355343
list:
dist: 3.8416101751355343 vs. 3.8416101751355343
--------
nle(id0,id1,dist): 18 21 4.094246455517222
list:
dist: 4.094246455517222 vs. 4.094246455517222
--------
nle(id0,id1,dist): 18 20 2.2452672782183987
list:
dist: 2.2452672782183987 vs. 2.2452672782183987
--------
nle(id0,id1,dist): 18 19 4.362502104240756
list:
dist: 4.362502104240756 vs. 4.362502104240756
--------
nle(id0,id1,dist): 17 29 1.808523382307654
list:
dist: 1.808523382307654 vs. 1.808523382307654
--------
nle(id0,id1,dist): 18 23 1.081622309800755
list:
dist: 1.081622309800755 vs. 1.081622309800755
--------
nle(id0,id1,dist): 18 25 3.483618583980407
list:
dist: 3.483618583980407 vs. 3.483618583980407
--------
nle(id0,id1,dist): 27 127 2.129239426151797
list:
dist: 2.129239426151797 vs. 2.129239426151797
--------
nle(id0,id1,dist): 30 42 2.336756925799338
list:
dist: 2.336756925799338 vs. 2.336756925799338
--------
nle(id0,id1,dist): 30 40 2.874085962225182
list:
dist: 2.874085962225182 vs. 2.874085962225182
--------
nle(id0,id1,dist): 30 38 3.474443046298308
list:
dist: 3.474443046298308 vs. 3.474443046298308
--------
nle(id0,id1,dist): 30 36 3.203337202937937
list:
dist: 3.203337202937937 vs. 3.203337202937937
--------
nle(id0,id1,dist): 30 34 2.839717411585012
list:
dist: 2.839717411585012 vs. 2.839717411585012
--------
nle(id0,id1,dist): 30 33 1.5075619275917265
list:
dist: 1.5075619275917265 vs. 1.5075619275917265
--------
nle(id0,id1,dist): 30 32 1.3593921618637292
list:
dist: 1.3593921618637292 vs. 1.3593921618637292
--------
nle(id0,id1,dist): 30 31 2.0588763277531643
list:
dist: 2.0588763277531643 vs. 2.0588763277531643
--------
nle(id0,id1,dist): 30 49 2.5501648106076193
list:
dist: 2.5501648106076193 vs. 2.5501648106076193
--------
nle(id0,id1,dist): 30 47 3.0302141357953785
list:
dist: 3.0302141357953785 vs. 3.0302141357953785
--------
nle(id0,id1,dist): 30 46 2.6866821356294563
list:
dist: 2.6866821356294563 vs. 2.6866821356294563
--------
nle(id0,id1,dist): 30 43 2.4719733255457466
list:
dist: 2.4719733255457466 vs. 2.4719733255457466
--------
nle(id0,id1,dist): 30 44 4.009963694383395
list:
dist: 4.009963694383395 vs. 4.009963694383395
--------
nle(id0,id1,dist): 26 127 3.06388418300401
list:
dist: 3.06388418300401 vs. 3.06388418300401
--------
nle(id0,id1,dist): 26 27 1.1197183512810833
list:
dist: 1.1197183512810833 vs. 1.1197183512810833
--------
nle(id0,id1,dist): 26 29 1.3201990349218475
list:
dist: 1.3201990349218475 vs. 1.3201990349218475
--------
nle(id0,id1,dist): 24 127 2.365009629622795
list:
dist: 2.365009629622795 vs. 2.365009629622795
--------
nle(id0,id1,dist): 27 29 1.4690082688598807
list:
dist: 1.4690082688598807 vs. 1.4690082688598807
--------
nle(id0,id1,dist): 24 25 2.7480025594687874
list:
dist: 2.7480025594687874 vs. 2.7480025594687874
--------
nle(id0,id1,dist): 24 26 1.0820344363049594
list:
dist: 1.0820344363049594 vs. 1.0820344363049594
--------
nle(id0,id1,dist): 24 27 0.9031547500667737
list:
dist: 0.9031547500667737 vs. 0.9031547500667737
--------
nle(id0,id1,dist): 24 29 1.1528174748922817
list:
dist: 1.1528174748922817 vs. 1.1528174748922817
--------
nle(id0,id1,dist): 22 127 3.2775973980658097
list:
dist: 3.2775973980658097 vs. 3.2775973980658097
--------
nle(id0,id1,dist): 25 26 1.7241706482342238
list:
dist: 1.7241706482342238 vs. 1.7241706482342238
--------
nle(id0,id1,dist): 25 27 2.5387092635707154
list:
dist: 2.5387092635707154 vs. 2.5387092635707154
--------
nle(id0,id1,dist): 62 79 2.8926876315710106
list:
dist: 2.8926876315710106 vs. 2.8926876315710106
--------
nle(id0,id1,dist): 62 80 3.2443812538032795
list:
dist: 3.2443812538032795 vs. 3.2443812538032795
--------
nle(id0,id1,dist): 62 81 1.5657161777591415
list:
dist: 1.5657161777591415 vs. 1.5657161777591415
--------
nle(id0,id1,dist): 62 76 1.9906610117711625
list:
dist: 1.9906610117711625 vs. 1.9906610117711625
--------
nle(id0,id1,dist): 62 77 3.6905875689043417
list:
dist: 3.6905875689043417 vs. 3.6905875689043417
--------
nle(id0,id1,dist): 62 85 2.3462258759068346
list:
dist: 2.3462258759068346 vs. 2.3462258759068346
--------
nle(id0,id1,dist): 62 64 1.0859233551495873
list:
dist: 1.0859233551495873 vs. 1.0859233551495873
--------
nle(id0,id1,dist): 62 63 1.8489325499692675
list:
dist: 1.8489325499692675 vs. 1.8489325499692675
--------
nle(id0,id1,dist): 62 65 1.8442758441855456
list:
dist: 1.8442758441855456 vs. 1.8442758441855456
--------
nle(id0,id1,dist): 62 72 1.7214089117621063
list:
dist: 1.7214089117621063 vs. 1.7214089117621063
--------
nle(id0,id1,dist): 62 73 3.2520350143635435
list:
dist: 3.2520350143635435 vs. 3.2520350143635435
--------
nle(id0,id1,dist): 62 68 1.3357250036546706
list:
dist: 1.3357250036546706 vs. 1.3357250036546706
--------
nle(id0,id1,dist): 62 70 1.7050033647258747
list:
dist: 1.7050033647258747 vs. 1.7050033647258747
--------
nle(id0,id1,dist): 61 85 1.7809478346533267
list:
dist: 1.7809478346533267 vs. 1.7809478346533267
--------
nle(id0,id1,dist): 61 80 2.3684555069109767
list:
dist: 2.3684555069109767 vs. 2.3684555069109767
--------
nle(id0,id1,dist): 61 81 2.2390806012880424
list:
dist: 2.2390806012880424 vs. 2.2390806012880424
--------
nle(id0,id1,dist): 61 70 1.8420043993818245
list:
dist: 1.8420043993818245 vs. 1.8420043993818245
--------
nle(id0,id1,dist): 61 68 2.10990523187761
list:
dist: 2.10990523187761 vs. 2.10990523187761
--------
nle(id0,id1,dist): 61 65 1.154541213921754
list:
dist: 1.154541213921754 vs. 1.154541213921754
--------
nle(id0,id1,dist): 61 64 2.2282565469889914
list:
dist: 2.2282565469889914 vs. 2.2282565469889914
--------
nle(id0,id1,dist): 61 79 2.63832060506278
list:
dist: 2.63832060506278 vs. 2.63832060506278
--------
nle(id0,id1,dist): 61 77 2.272266474621969
list:
dist: 2.272266474621969 vs. 2.272266474621969
--------
nle(id0,id1,dist): 61 76 1.728639409802372
list:
dist: 1.728639409802372 vs. 1.728639409802372
--------
nle(id0,id1,dist): 61 73 1.8549246878411831
list:
dist: 1.8549246878411831 vs. 1.8549246878411831
--------
nle(id0,id1,dist): 61 72 1.2628877092249942
list:
dist: 1.2628877092249942 vs. 1.2628877092249942
--------
nle(id0,id1,dist): 64 65 2.030227188517838
list:
dist: 2.030227188517838 vs. 2.030227188517838
--------
nle(id0,id1,dist): 64 66 1.6088676317598338
list:
dist: 1.6088676317598338 vs. 1.6088676317598338
--------
nle(id0,id1,dist): 64 67 2.643631509516888
list:
dist: 2.643631509516888 vs. 2.643631509516888
--------
nle(id0,id1,dist): 64 68 1.3641995965834803
list:
dist: 1.3641995965834803 vs. 1.3641995965834803
--------
nle(id0,id1,dist): 64 69 3.1443401881604323
list:
dist: 3.1443401881604323 vs. 3.1443401881604323
--------
nle(id0,id1,dist): 64 70 2.506025192074813
list:
dist: 2.506025192074813 vs. 2.506025192074813
--------
nle(id0,id1,dist): 64 71 1.7170334895218267
list:
dist: 1.7170334895218267 vs. 1.7170334895218267
--------
nle(id0,id1,dist): 64 72 1.3007042925345296
list:
dist: 1.3007042925345296 vs. 1.3007042925345296
--------
nle(id0,id1,dist): 64 73 2.8358723997994733
list:
dist: 2.8358723997994733 vs. 2.8358723997994733
--------
nle(id0,id1,dist): 64 76 2.1989914612127297
list:
dist: 2.1989914612127297 vs. 2.1989914612127297
--------
nle(id0,id1,dist): 64 77 3.4648836968848693
list:
dist: 3.4648836968848693 vs. 3.4648836968848693
--------
nle(id0,id1,dist): 64 79 1.9963731320276659
list:
dist: 1.9963731320276659 vs. 1.9963731320276659
--------
nle(id0,id1,dist): 64 80 2.549282721723323
list:
dist: 2.549282721723323 vs. 2.549282721723323
--------
nle(id0,id1,dist): 63 87 3.1049235526642076
list:
dist: 3.1049235526642076 vs. 3.1049235526642076
--------
nle(id0,id1,dist): 63 72 0.8821217857414636
list:
dist: 0.8821217857414636 vs. 0.8821217857414636
--------
nle(id0,id1,dist): 63 73 2.166563138692529
list:
dist: 2.166563138692529 vs. 2.166563138692529
--------
nle(id0,id1,dist): 63 70 2.9978821706822067
list:
dist: 2.9978821706822067 vs. 2.9978821706822067
--------
nle(id0,id1,dist): 63 71 1.1592540846842816
list:
dist: 1.1592540846842816 vs. 1.1592540846842816
--------
nle(id0,id1,dist): 63 76 2.416806475040931
list:
dist: 2.416806475040931 vs. 2.416806475040931
--------
nle(id0,id1,dist): 63 77 3.024493865243854
list:
dist: 3.024493865243854 vs. 3.024493865243854
--------
nle(id0,id1,dist): 63 80 1.7408443449957496
list:
dist: 1.7408443449957496 vs. 1.7408443449957496
--------
nle(id0,id1,dist): 63 81 1.2165136712907512
list:
dist: 1.2165136712907512 vs. 1.2165136712907512
--------
nle(id0,id1,dist): 63 79 1.2257235415104655
list:
dist: 1.2257235415104655 vs. 1.2257235415104655
--------
nle(id0,id1,dist): 63 85 1.4917224839164296
list:
dist: 1.4917224839164296 vs. 1.4917224839164296
--------
nle(id0,id1,dist): 63 65 2.120396921178921
list:
dist: 2.120396921178921 vs. 2.120396921178921
--------
nle(id0,id1,dist): 63 64 0.9285316330829219
list:
dist: 0.9285316330829219 vs. 0.9285316330829219
--------
nle(id0,id1,dist): 63 69 2.3515411456162423
list:
dist: 2.3515411456162423 vs. 2.3515411456162423
--------
nle(id0,id1,dist): 63 68 1.622150846011867
list:
dist: 1.622150846011867 vs. 1.622150846011867
--------
nle(id0,id1,dist): 63 67 1.7590217969507915
list:
dist: 1.7590217969507915 vs. 1.7590217969507915
--------
nle(id0,id1,dist): 63 66 1.7593604717680427
list:
dist: 1.7593604717680427 vs. 1.7593604717680427
--------
nle(id0,id1,dist): 58 59 1.8577081879011572
list:
dist: 1.8577081879011572 vs. 1.8577081879011572
--------
nle(id0,id1,dist): 61 63 2.126785741354746
list:
dist: 2.126785741354746 vs. 2.126785741354746
--------
nle(id0,id1,dist): 61 62 1.9838363576674836
list:
dist: 1.9838363576674836 vs. 1.9838363576674836
--------
nle(id0,id1,dist): 60 85 2.048935416968912
list:
dist: 2.048935416968912 vs. 2.048935416968912
--------
nle(id0,id1,dist): 60 87 4.229643139973868
list:
dist: 4.229643139973868 vs. 4.229643139973868
--------
nle(id0,id1,dist): 60 77 3.6667285471286344
list:
dist: 3.6667285471286344 vs. 3.6667285471286344
--------
nle(id0,id1,dist): 60 79 2.231981839292119
list:
dist: 2.231981839292119 vs. 2.231981839292119
--------
nle(id0,id1,dist): 60 80 2.8871725256499094
list:
dist: 2.8871725256499094 vs. 2.8871725256499094
--------
nle(id0,id1,dist): 60 81 1.8043316600751849
list:
dist: 1.8043316600751849 vs. 1.8043316600751849
--------
nle(id0,id1,dist): 60 69 3.3513454733365267
list:
dist: 3.3513454733365267 vs. 3.3513454733365267
--------
nle(id0,id1,dist): 60 70 2.54466827447922
list:
dist: 2.54466827447922 vs. 2.54466827447922
--------
nle(id0,id1,dist): 60 71 1.8785617834745465
list:
dist: 1.8785617834745465 vs. 1.8785617834745465
--------
nle(id0,id1,dist): 60 72 1.8206483441458168
list:
dist: 1.8206483441458168 vs. 1.8206483441458168
--------
nle(id0,id1,dist): 60 73 3.218447012564647
list:
dist: 3.218447012564647 vs. 3.218447012564647
--------
nle(id0,id1,dist): 60 76 2.177991560342119
list:
dist: 2.177991560342119 vs. 2.177991560342119
--------
nle(id0,id1,dist): 60 64 0.6709278584897236
list:
dist: 0.6709278584897236 vs. 0.6709278584897236
--------
nle(id0,id1,dist): 60 63 1.4289853940069233
list:
dist: 1.4289853940069233 vs. 1.4289853940069233
--------
nle(id0,id1,dist): 60 62 1.2855526329313003
list:
dist: 1.2855526329313003 vs. 1.2855526329313003
--------
nle(id0,id1,dist): 60 61 2.669465471191166
list:
dist: 2.669465471191166 vs. 2.669465471191166
--------
nle(id0,id1,dist): 60 68 1.9551889526880084
list:
dist: 1.9551889526880084 vs. 1.9551889526880084
--------
nle(id0,id1,dist): 60 67 2.9648645937053453
list:
dist: 2.9648645937053453 vs. 2.9648645937053453
--------
nle(id0,id1,dist): 60 66 1.688643613264019
list:
dist: 1.688643613264019 vs. 1.688643613264019
--------
nle(id0,id1,dist): 60 65 2.1895195654712962
list:
dist: 2.1895195654712962 vs. 2.1895195654712962
--------
nle(id0,id1,dist): 69 71 1.5278925813703461
list:
dist: 1.5278925813703461 vs. 1.5278925813703461
--------
nle(id0,id1,dist): 69 79 1.5092725620839134
list:
dist: 1.5092725620839134 vs. 1.5092725620839134
--------
nle(id0,id1,dist): 69 75 1.732583479050035
list:
dist: 1.732583479050035 vs. 1.732583479050035
--------
nle(id0,id1,dist): 69 72 2.879342859302127
list:
dist: 2.879342859302127 vs. 2.879342859302127
--------
nle(id0,id1,dist): 69 73 2.8010498977893583
list:
dist: 2.8010498977893583 vs. 2.8010498977893583
--------
nle(id0,id1,dist): 69 86 1.550188192123139
list:
dist: 1.550188192123139 vs. 1.550188192123139
--------
nle(id0,id1,dist): 69 87 0.9412309634888282
list:
dist: 0.9412309634888282 vs. 0.9412309634888282
--------
nle(id0,id1,dist): 69 84 1.1690841400789285
list:
dist: 1.1690841400789285 vs. 1.1690841400789285
--------
nle(id0,id1,dist): 69 85 2.732831366439895
list:
dist: 2.732831366439895 vs. 2.732831366439895
--------
nle(id0,id1,dist): 69 82 2.4725846197975083
list:
dist: 2.4725846197975083 vs. 2.4725846197975083
--------
nle(id0,id1,dist): 69 83 2.975649887056558
list:
dist: 2.975649887056558 vs. 2.975649887056558
--------
nle(id0,id1,dist): 69 80 1.9134799220685417
list:
dist: 1.9134799220685417 vs. 1.9134799220685417
--------
nle(id0,id1,dist): 69 81 3.299527150196425
list:
dist: 3.299527150196425 vs. 3.299527150196425
--------
nle(id0,id1,dist): 68 73 3.163790289719062
list:
dist: 3.163790289719062 vs. 3.163790289719062
--------
nle(id0,id1,dist): 68 76 2.9303499637989017
list:
dist: 2.9303499637989017 vs. 2.9303499637989017
--------
nle(id0,id1,dist): 68 70 2.7649973043310943
list:
dist: 2.7649973043310943 vs. 2.7649973043310943
--------
nle(id0,id1,dist): 68 69 3.809316940019054
list:
dist: 3.809316940019054 vs. 3.809316940019054
--------
nle(id0,id1,dist): 68 72 1.6312702790864906
list:
dist: 1.6312702790864906 vs. 1.6312702790864906
--------
nle(id0,id1,dist): 68 71 2.59446575318646
list:
dist: 2.59446575318646 vs. 2.59446575318646
--------
nle(id0,id1,dist): 68 81 0.537558880827748
list:
dist: 0.537558880827748 vs. 0.537558880827748
--------
nle(id0,id1,dist): 68 77 4.000804820832778
list:
dist: 4.000804820832778 vs. 4.000804820832778
--------
nle(id0,id1,dist): 68 79 2.816818858863946
list:
dist: 2.816818858863946 vs. 2.816818858863946
--------
nle(id0,id1,dist): 68 80 3.0885790961050557
list:
dist: 3.0885790961050557 vs. 3.0885790961050557
--------
nle(id0,id1,dist): 68 85 2.6969013267225637
list:
dist: 2.6969013267225637 vs. 2.6969013267225637
--------
nle(id0,id1,dist): 68 87 4.4223842540984535
list:
dist: 4.4223842540984535 vs. 4.4223842540984535
--------
nle(id0,id1,dist): 70 85 2.5576811157213375
list:
dist: 2.5576811157213375 vs. 2.5576811157213375
--------
nle(id0,id1,dist): 71 72 1.9613714946386769
list:
dist: 1.9613714946386769 vs. 1.9613714946386769
--------
nle(id0,id1,dist): 71 73 2.7303280171749496
list:
dist: 2.7303280171749496 vs. 2.7303280171749496
--------
nle(id0,id1,dist): 71 75 2.8886000401910983
list:
dist: 2.8886000401910983 vs. 2.8886000401910983
--------
nle(id0,id1,dist): 69 88 1.3194613259344927
list:
dist: 1.3194613259344927 vs. 1.3194613259344927
--------
nle(id0,id1,dist): 70 72 2.4360770658061166
list:
dist: 2.4360770658061166 vs. 2.4360770658061166
--------
nle(id0,id1,dist): 70 73 3.331159760143296
list:
dist: 3.331159760143296 vs. 3.331159760143296
--------
nle(id0,id1,dist): 70 76 1.3063730421478474
list:
dist: 1.3063730421478474 vs. 1.3063730421478474
--------
nle(id0,id1,dist): 70 77 3.209284384166771
list:
dist: 3.209284384166771 vs. 3.209284384166771
--------
nle(id0,id1,dist): 70 79 3.631117757363037
list:
dist: 3.631117757363037 vs. 3.631117757363037
--------
nle(id0,id1,dist): 70 80 3.681984038436058
list:
dist: 3.681984038436058 vs. 3.681984038436058
--------
nle(id0,id1,dist): 70 81 3.0381044637582133
list:
dist: 3.0381044637582133 vs. 3.0381044637582133
--------
nle(id0,id1,dist): 65 85 1.2594963403645916
list:
dist: 1.2594963403645916 vs. 1.2594963403645916
--------
nle(id0,id1,dist): 65 80 2.366851121728188
list:
dist: 2.366851121728188 vs. 2.366851121728188
--------
nle(id0,id1,dist): 65 81 2.61340135742579
list:
dist: 2.61340135742579 vs. 2.61340135742579
--------
nle(id0,id1,dist): 65 79 2.429262152768023
list:
dist: 2.429262152768023 vs. 2.429262152768023
--------
nle(id0,id1,dist): 65 76 0.5863173557885044
list:
dist: 0.5863173557885044 vs. 0.5863173557885044
--------
nle(id0,id1,dist): 65 77 1.9786789431947645
list:
dist: 1.9786789431947645 vs. 1.9786789431947645
--------
nle(id0,id1,dist): 66 69 2.8935719119578667
list:
dist: 2.8935719119578667 vs. 2.8935719119578667
--------
nle(id0,id1,dist): 66 68 2.1846576382168483
list:
dist: 2.1846576382168483 vs. 2.1846576382168483
--------
nle(id0,id1,dist): 66 67 2.7323685829003344
list:
dist: 2.7323685829003344 vs. 2.7323685829003344
--------
nle(id0,id1,dist): 64 85 1.868599257520876
list:
dist: 1.868599257520876 vs. 1.868599257520876
--------
nle(id0,id1,dist): 64 87 3.954381401845694
list:
dist: 3.954381401845694 vs. 3.954381401845694
--------
nle(id0,id1,dist): 64 81 1.1708557557491914
list:
dist: 1.1708557557491914 vs. 1.1708557557491914
--------
nle(id0,id1,dist): 65 73 2.0295009733560225
list:
dist: 2.0295009733560225 vs. 2.0295009733560225
--------
nle(id0,id1,dist): 65 72 1.4529765213664974
list:
dist: 1.4529765213664974 vs. 1.4529765213664974
--------
nle(id0,id1,dist): 65 68 2.560824107139189
list:
dist: 2.560824107139189 vs. 2.560824107139189
--------
nle(id0,id1,dist): 65 70 1.3615852044843166
list:
dist: 1.3615852044843166 vs. 1.3615852044843166
--------
nle(id0,id1,dist): 67 75 1.6268539167681568
list:
dist: 1.6268539167681568 vs. 1.6268539167681568
--------
nle(id0,id1,dist): 67 80 1.223860107460724
list:
dist: 1.223860107460724 vs. 1.223860107460724
--------
nle(id0,id1,dist): 67 81 2.70941919732831
list:
dist: 2.70941919732831 vs. 2.70941919732831
--------
nle(id0,id1,dist): 67 79 0.962757750825735
list:
dist: 0.962757750825735 vs. 0.962757750825735
--------
nle(id0,id1,dist): 67 68 3.188546538174845
list:
dist: 3.188546538174845 vs. 3.188546538174845
--------
nle(id0,id1,dist): 67 69 0.8114538467919635
list:
dist: 0.8114538467919635 vs. 0.8114538467919635
--------
nle(id0,id1,dist): 67 72 2.152649685513118
list:
dist: 2.152649685513118 vs. 2.152649685513118
--------
nle(id0,id1,dist): 67 73 2.0807308742475423
list:
dist: 2.0807308742475423 vs. 2.0807308742475423
--------
nle(id0,id1,dist): 67 71 1.3336637868255883
list:
dist: 1.3336637868255883 vs. 1.3336637868255883
--------
nle(id0,id1,dist): 67 85 2.1303104086839117
list:
dist: 2.1303104086839117 vs. 2.1303104086839117
--------
nle(id0,id1,dist): 67 84 1.583935983941741
list:
dist: 1.583935983941741 vs. 1.583935983941741
--------
nle(id0,id1,dist): 67 83 2.828133508215944
list:
dist: 2.828133508215944 vs. 2.828133508215944
--------
nle(id0,id1,dist): 67 82 2.183536787018883
list:
dist: 2.183536787018883 vs. 2.183536787018883
--------
nle(id0,id1,dist): 67 88 1.6912309426810832
list:
dist: 1.6912309426810832 vs. 1.6912309426810832
--------
nle(id0,id1,dist): 67 87 1.4144141193040587
list:
dist: 1.4144141193040587 vs. 1.4144141193040587
--------
nle(id0,id1,dist): 67 86 1.2133983230700616
list:
dist: 1.2133983230700616 vs. 1.2133983230700616
--------
nle(id0,id1,dist): 66 79 2.5272299274891457
list:
dist: 2.5272299274891457 vs. 2.5272299274891457
--------
nle(id0,id1,dist): 66 80 3.301930705275743
list:
dist: 3.301930705275743 vs. 3.301930705275743
--------
nle(id0,id1,dist): 66 81 1.791956426924663
list:
dist: 1.791956426924663 vs. 1.791956426924663
--------
nle(id0,id1,dist): 66 85 3.0838217804309136
list:
dist: 3.0838217804309136 vs. 3.0838217804309136
--------
nle(id0,id1,dist): 66 71 1.528925391624553
list:
dist: 1.528925391624553 vs. 1.528925391624553
--------
nle(id0,id1,dist): 66 72 2.5762483676732546
list:
dist: 2.5762483676732546 vs. 2.5762483676732546
--------
nle(id0,id1,dist): 66 73 3.891617131251222
list:
dist: 3.891617131251222 vs. 3.891617131251222
--------
nle(id0,id1,dist): 66 87 3.618285195745723
list:
dist: 3.618285195745723 vs. 3.618285195745723
--------
nle(id0,id1,dist): 48 52 3.3475484320917346
list:
dist: 3.3475484320917346 vs. 3.3475484320917346
--------
nle(id0,id1,dist): 48 49 2.001542106116781
list:
dist: 2.001542106116781 vs. 2.001542106116781
--------
nle(id0,id1,dist): 48 50 2.3248176813418597
list:
dist: 2.3248176813418597 vs. 2.3248176813418597
--------
nle(id0,id1,dist): 48 55 0.7849780575334139
list:
dist: 0.7849780575334139 vs. 0.7849780575334139
--------
nle(id0,id1,dist): 48 56 3.414696480621355
list:
dist: 3.414696480621355 vs. 3.414696480621355
--------
nle(id0,id1,dist): 48 54 2.530182342213487
list:
dist: 2.530182342213487 vs. 2.530182342213487
--------
nle(id0,id1,dist): 48 59 2.5926725251793488
list:
dist: 2.5926725251793488 vs. 2.5926725251793488
--------
nle(id0,id1,dist): 48 57 2.463981987707314
list:
dist: 2.463981987707314 vs. 2.463981987707314
--------
nle(id0,id1,dist): 48 58 1.2633727622919284
list:
dist: 1.2633727622919284 vs. 1.2633727622919284
--------
nle(id0,id1,dist): 49 50 2.122397167758108
list:
dist: 2.122397167758108 vs. 2.122397167758108
--------
nle(id0,id1,dist): 49 52 3.31664129831408
list:
dist: 3.31664129831408 vs. 3.31664129831408
--------
nle(id0,id1,dist): 49 54 2.3366696332997456
list:
dist: 2.3366696332997456 vs. 2.3366696332997456
--------
nle(id0,id1,dist): 49 55 1.7111756572615078
list:
dist: 1.7111756572615078 vs. 1.7111756572615078
--------
nle(id0,id1,dist): 49 56 3.9395362525947384
list:
dist: 3.9395362525947384 vs. 3.9395362525947384
--------
nle(id0,id1,dist): 49 58 2.9067420965317434
list:
dist: 2.9067420965317434 vs. 2.9067420965317434
--------
nle(id0,id1,dist): 49 59 3.340367999934943
list:
dist: 3.340367999934943 vs. 3.340367999934943
--------
nle(id0,id1,dist): 50 54 1.1039010991858063
list:
dist: 1.1039010991858063 vs. 1.1039010991858063
--------
nle(id0,id1,dist): 50 51 2.87244180573091
list:
dist: 2.87244180573091 vs. 2.87244180573091
--------
nle(id0,id1,dist): 50 52 1.308332219136992
list:
dist: 1.308332219136992 vs. 1.308332219136992
--------
nle(id0,id1,dist): 50 59 1.4823701982955773
list:
dist: 1.4823701982955773 vs. 1.4823701982955773
--------
nle(id0,id1,dist): 50 56 1.8803530658738543
list:
dist: 1.8803530658738543 vs. 1.8803530658738543
--------
nle(id0,id1,dist): 50 55 1.647037990451383
list:
dist: 1.647037990451383 vs. 1.647037990451383
--------
nle(id0,id1,dist): 50 58 2.3124797099555234
list:
dist: 2.3124797099555234 vs. 2.3124797099555234
--------
nle(id0,id1,dist): 50 57 1.9724861614512577
list:
dist: 1.9724861614512577 vs. 1.9724861614512577
--------
nle(id0,id1,dist): 44 56 2.2874814232663563
list:
dist: 2.2874814232663563 vs. 2.2874814232663563
--------
nle(id0,id1,dist): 44 54 2.1291584541546404
list:
dist: 2.1291584541546404 vs. 2.1291584541546404
--------
nle(id0,id1,dist): 44 59 2.694480306126168
list:
dist: 2.694480306126168 vs. 2.694480306126168
--------
nle(id0,id1,dist): 45 72 4.065403460743406
list:
dist: 4.065403460743406 vs. 4.065403460743406
--------
nle(id0,id1,dist): 45 64 3.0125814352668576
list:
dist: 3.0125814352668576 vs. 3.0125814352668576
--------
nle(id0,id1,dist): 45 66 2.1201551217852903
list:
dist: 2.1201551217852903 vs. 2.1201551217852903
--------
nle(id0,id1,dist): 45 68 2.795474961605343
list:
dist: 2.795474961605343 vs. 2.795474961605343
--------
nle(id0,id1,dist): 45 60 3.0893371479975116
list:
dist: 3.0893371479975116 vs. 3.0893371479975116
--------
nle(id0,id1,dist): 45 63 3.490550752843332
list:
dist: 3.490550752843332 vs. 3.490550752843332
--------
nle(id0,id1,dist): 45 53 3.0743778037102047
list:
dist: 3.0743778037102047 vs. 3.0743778037102047
--------
nle(id0,id1,dist): 46 59 2.993288402998646
list:
dist: 2.993288402998646 vs. 2.993288402998646
--------
nle(id0,id1,dist): 46 58 3.150841578370755
list:
dist: 3.150841578370755 vs. 3.150841578370755
--------
nle(id0,id1,dist): 46 55 2.535800110221647
list:
dist: 2.535800110221647 vs. 2.535800110221647
--------
nle(id0,id1,dist): 46 56 3.334676392326494
list:
dist: 3.334676392326494 vs. 3.334676392326494
--------
nle(id0,id1,dist): 46 54 1.3461520509672662
list:
dist: 1.3461520509672662 vs. 1.3461520509672662
--------
nle(id0,id1,dist): 46 51 3.8017266490112758
list:
dist: 3.8017266490112758 vs. 3.8017266490112758
--------
nle(id0,id1,dist): 46 52 2.4047613914955703
list:
dist: 2.4047613914955703 vs. 2.4047613914955703
--------
nle(id0,id1,dist): 46 49 1.714923691728764
list:
dist: 1.714923691728764 vs. 1.714923691728764
--------
nle(id0,id1,dist): 46 50 1.8230272264206384
list:
dist: 1.8230272264206384 vs. 1.8230272264206384
--------
nle(id0,id1,dist): 46 47 1.654268411458067
list:
dist: 1.654268411458067 vs. 1.654268411458067
--------
nle(id0,id1,dist): 46 48 2.89971083162204
list:
dist: 2.89971083162204 vs. 2.89971083162204
--------
nle(id0,id1,dist): 45 81 2.747934357663158
list:
dist: 2.747934357663158 vs. 2.747934357663158
--------
nle(id0,id1,dist): 47 59 2.129517023872671
list:
dist: 2.129517023872671 vs. 2.129517023872671
--------
nle(id0,id1,dist): 47 58 2.2841392335818886
list:
dist: 2.2841392335818886 vs. 2.2841392335818886
--------
nle(id0,id1,dist): 47 55 1.1632068991146218
list:
dist: 1.1632068991146218 vs. 1.1632068991146218
--------
nle(id0,id1,dist): 47 54 1.4959168511837733
list:
dist: 1.4959168511837733 vs. 1.4959168511837733
--------
nle(id0,id1,dist): 47 56 2.681268357903232
list:
dist: 2.681268357903232 vs. 2.681268357903232
--------
nle(id0,id1,dist): 47 50 0.8621979588833479
list:
dist: 0.8621979588833479 vs. 0.8621979588833479
--------
nle(id0,id1,dist): 47 52 2.1479254299114663
list:
dist: 2.1479254299114663 vs. 2.1479254299114663
--------
nle(id0,id1,dist): 47 48 1.8381440099763364
list:
dist: 1.8381440099763364 vs. 1.8381440099763364
--------
nle(id0,id1,dist): 47 49 1.3034104878709942
list:
dist: 1.3034104878709942 vs. 1.3034104878709942
--------
nle(id0,id1,dist): 55 56 2.920499141303543
list:
dist: 2.920499141303543 vs. 2.920499141303543
--------
nle(id0,id1,dist): 55 57 2.102077539037192
list:
dist: 2.102077539037192 vs. 2.102077539037192
--------
nle(id0,id1,dist): 55 58 1.487745061418841
list:
dist: 1.487745061418841 vs. 1.487745061418841
--------
nle(id0,id1,dist): 55 59 2.148790587800326
list:
dist: 2.148790587800326 vs. 2.148790587800326
--------
nle(id0,id1,dist): 56 58 2.666059434376169
list:
dist: 2.666059434376169 vs. 2.666059434376169
--------
nle(id0,id1,dist): 56 57 1.386928422355375
list:
dist: 1.386928422355375 vs. 1.386928422355375
--------
nle(id0,id1,dist): 56 59 0.8366130667514415
list:
dist: 0.8366130667514415 vs. 0.8366130667514415
--------
nle(id0,id1,dist): 57 59 0.7881052046465654
list:
dist: 0.7881052046465654 vs. 0.7881052046465654
--------
nle(id0,id1,dist): 57 58 1.707125623947149
list:
dist: 1.707125623947149 vs. 1.707125623947149
--------
nle(id0,id1,dist): 51 59 2.544697399001855
list:
dist: 2.544697399001855 vs. 2.544697399001855
--------
nle(id0,id1,dist): 51 52 1.6386770761481724
list:
dist: 1.6386770761481724 vs. 1.6386770761481724
--------
nle(id0,id1,dist): 51 54 2.864088455468179
list:
dist: 2.864088455468179 vs. 2.864088455468179
--------
nle(id0,id1,dist): 51 56 1.7863635015849768
list:
dist: 1.7863635015849768 vs. 1.7863635015849768
--------
nle(id0,id1,dist): 51 57 3.163087135690424
list:
dist: 3.163087135690424 vs. 3.163087135690424
--------
nle(id0,id1,dist): 52 55 2.7835267160131663
list:
dist: 2.7835267160131663 vs. 2.7835267160131663
--------
nle(id0,id1,dist): 52 56 1.1008954173473344
list:
dist: 1.1008954173473344 vs. 1.1008954173473344
--------
nle(id0,id1,dist): 52 54 1.3135228257795935
list:
dist: 1.3135228257795935 vs. 1.3135228257795935
--------
nle(id0,id1,dist): 52 59 1.3332515907877347
list:
dist: 1.3332515907877347 vs. 1.3332515907877347
--------
nle(id0,id1,dist): 52 57 2.0895641460694874
list:
dist: 2.0895641460694874 vs. 2.0895641460694874
--------
nle(id0,id1,dist): 52 58 2.8654300578331227
list:
dist: 2.8654300578331227 vs. 2.8654300578331227
--------
nle(id0,id1,dist): 53 69 2.623012674188514
list:
dist: 2.623012674188514 vs. 2.623012674188514
--------
nle(id0,id1,dist): 53 68 3.5109464651347775
list:
dist: 3.5109464651347775 vs. 3.5109464651347775
--------
nle(id0,id1,dist): 53 71 1.7144910503416955
list:
dist: 1.7144910503416955 vs. 1.7144910503416955
--------
nle(id0,id1,dist): 53 64 2.6423960149913266
list:
dist: 2.6423960149913266 vs. 2.6423960149913266
--------
nle(id0,id1,dist): 53 67 2.851897782056751
list:
dist: 2.851897782056751 vs. 2.851897782056751
--------
nle(id0,id1,dist): 53 66 1.388853683612026
list:
dist: 1.388853683612026 vs. 1.388853683612026
--------
nle(id0,id1,dist): 53 60 2.490301665080988
list:
dist: 2.490301665080988 vs. 2.490301665080988
--------
nle(id0,id1,dist): 53 63 2.6020772425473138
list:
dist: 2.6020772425473138 vs. 2.6020772425473138
--------
nle(id0,id1,dist): 53 87 3.3388241174556845
list:
dist: 3.3388241174556845 vs. 3.3388241174556845
--------
nle(id0,id1,dist): 53 85 3.5894304578559124
list:
dist: 3.5894304578559124 vs. 3.5894304578559124
--------
nle(id0,id1,dist): 53 80 3.66204952519232
list:
dist: 3.66204952519232 vs. 3.66204952519232
--------
nle(id0,id1,dist): 53 81 3.0734193193543455
list:
dist: 3.0734193193543455 vs. 3.0734193193543455
--------
nle(id0,id1,dist): 53 79 2.7786002129696734
list:
dist: 2.7786002129696734 vs. 2.7786002129696734
--------
nle(id0,id1,dist): 53 72 3.468919852759103
list:
dist: 3.468919852759103 vs. 3.468919852759103
--------
nle(id0,id1,dist): 53 73 4.433731367446598
list:
dist: 4.433731367446598 vs. 4.433731367446598
--------
nle(id0,id1,dist): 54 59 1.7323863142591995
list:
dist: 1.7323863142591995 vs. 1.7323863142591995
--------
nle(id0,id1,dist): 54 58 2.2716716216097104
list:
dist: 2.2716716216097104 vs. 2.2716716216097104
--------
nle(id0,id1,dist): 54 57 2.3912267588945193
list:
dist: 2.3912267588945193 vs. 2.3912267588945193
--------
nle(id0,id1,dist): 54 56 2.0744150556320533
list:
dist: 2.0744150556320533 vs. 2.0744150556320533
--------
nle(id0,id1,dist): 54 55 2.119667736473928
list:
dist: 2.119667736473928 vs. 2.119667736473928
--------
nle(id0,id1,dist): 93 112 2.7566765623139498
list:
dist: 2.7566765623139498 vs. 2.7566765623139498
--------
nle(id0,id1,dist): 93 113 3.654308459360963
list:
dist: 3.654308459360963 vs. 3.654308459360963
--------
nle(id0,id1,dist): 93 114 1.4816354937786254
list:
dist: 1.4816354937786254 vs. 1.4816354937786254
--------
nle(id0,id1,dist): 93 115 2.294857319938159
list:
dist: 2.294857319938159 vs. 2.294857319938159
--------
nle(id0,id1,dist): 93 116 2.7165069318097643
list:
dist: 2.7165069318097643 vs. 2.7165069318097643
--------
nle(id0,id1,dist): 93 117 1.9298746786078798
list:
dist: 1.9298746786078798 vs. 1.9298746786078798
--------
nle(id0,id1,dist): 93 118 1.9709499213026236
list:
dist: 1.9709499213026236 vs. 1.9709499213026236
--------
nle(id0,id1,dist): 93 97 2.8459913357232396
list:
dist: 2.8459913357232396 vs. 2.8459913357232396
--------
nle(id0,id1,dist): 93 96 1.7040307630977019
list:
dist: 1.7040307630977019 vs. 1.7040307630977019
--------
nle(id0,id1,dist): 93 99 1.0768776365122332
list:
dist: 1.0768776365122332 vs. 1.0768776365122332
--------
nle(id0,id1,dist): 93 98 3.7709214021009094
list:
dist: 3.7709214021009094 vs. 3.7709214021009094
--------
nle(id0,id1,dist): 93 100 3.4165360712689714
list:
dist: 3.4165360712689714 vs. 3.4165360712689714
--------
nle(id0,id1,dist): 93 103 2.0070272637625366
list:
dist: 2.0070272637625366 vs. 2.0070272637625366
--------
nle(id0,id1,dist): 93 105 1.8776051926894994
list:
dist: 1.8776051926894994 vs. 1.8776051926894994
--------
nle(id0,id1,dist): 93 104 2.674866050461885
list:
dist: 2.674866050461885 vs. 2.674866050461885
--------
nle(id0,id1,dist): 93 107 1.4349911581463473
list:
dist: 1.4349911581463473 vs. 1.4349911581463473
--------
nle(id0,id1,dist): 93 106 1.443673711120022
list:
dist: 1.443673711120022 vs. 1.443673711120022
--------
nle(id0,id1,dist): 93 109 3.0508205870146807
list:
dist: 3.0508205870146807 vs. 3.0508205870146807
--------
nle(id0,id1,dist): 93 108 1.0946098482193807
list:
dist: 1.0946098482193807 vs. 1.0946098482193807
--------
nle(id0,id1,dist): 93 111 2.322623529652827
list:
dist: 2.322623529652827 vs. 2.322623529652827
--------
nle(id0,id1,dist): 93 110 3.0155467586790246
list:
dist: 3.0155467586790246 vs. 3.0155467586790246
--------
nle(id0,id1,dist): 94 109 1.4018869837526224
list:
dist: 1.4018869837526224 vs. 1.4018869837526224
--------
nle(id0,id1,dist): 94 107 2.700099753114824
list:
dist: 2.700099753114824 vs. 2.700099753114824
--------
nle(id0,id1,dist): 94 108 4.113392014771403
list:
dist: 4.113392014771403 vs. 4.113392014771403
--------
nle(id0,id1,dist): 94 114 3.3027793254225575
list:
dist: 3.3027793254225575 vs. 3.3027793254225575
--------
nle(id0,id1,dist): 94 98 1.097579328687933
list:
dist: 1.097579328687933 vs. 1.097579328687933
--------
nle(id0,id1,dist): 94 97 2.3486186871954615
list:
dist: 2.3486186871954615 vs. 2.3486186871954615
--------
nle(id0,id1,dist): 94 96 3.2722170226602554
list:
dist: 3.2722170226602554 vs. 3.2722170226602554
--------
nle(id0,id1,dist): 94 95 3.3181368598884764
list:
dist: 3.3181368598884764 vs. 3.3181368598884764
--------
nle(id0,id1,dist): 94 102 1.787901813677691
list:
dist: 1.787901813677691 vs. 1.787901813677691
--------
nle(id0,id1,dist): 94 101 2.420570167532194
list:
dist: 2.420570167532194 vs. 2.420570167532194
--------
nle(id0,id1,dist): 94 100 2.2116045834248967
list:
dist: 2.2116045834248967 vs. 2.2116045834248967
--------
nle(id0,id1,dist): 94 99 3.814897606559872
list:
dist: 3.814897606559872 vs. 3.814897606559872
--------
nle(id0,id1,dist): 94 106 3.042566836412566
list:
dist: 3.042566836412566 vs. 3.042566836412566
--------
nle(id0,id1,dist): 94 105 3.016573563044328
list:
dist: 3.016573563044328 vs. 3.016573563044328
--------
nle(id0,id1,dist): 94 104 2.71764200577556
list:
dist: 2.71764200577556 vs. 2.71764200577556
--------
nle(id0,id1,dist): 94 103 1.592247002012153
list:
dist: 1.592247002012153 vs. 1.592247002012153
--------
nle(id0,id1,dist): 92 97 0.8268762965487247
list:
dist: 0.8268762965487247 vs. 0.8268762965487247
--------
nle(id0,id1,dist): 92 98 1.9586819018814399
list:
dist: 1.9586819018814399 vs. 1.9586819018814399
--------
nle(id0,id1,dist): 92 99 2.5953786358023407
list:
dist: 2.5953786358023407 vs. 2.5953786358023407
--------
nle(id0,id1,dist): 92 100 1.0352356035284447
list:
dist: 1.0352356035284447 vs. 1.0352356035284447
--------
nle(id0,id1,dist): 92 93 2.7468922405678247
list:
dist: 2.7468922405678247 vs. 2.7468922405678247
--------
nle(id0,id1,dist): 92 94 2.3119790725718325
list:
dist: 2.3119790725718325 vs. 2.3119790725718325
--------
nle(id0,id1,dist): 92 95 1.2201806604252718
list:
dist: 1.2201806604252718 vs. 1.2201806604252718
--------
nle(id0,id1,dist): 92 96 1.774806040883392
list:
dist: 1.774806040883392 vs. 1.774806040883392
--------
nle(id0,id1,dist): 91 107 2.9886435277048693
list:
dist: 2.9886435277048693 vs. 2.9886435277048693
--------
nle(id0,id1,dist): 91 106 3.0482813064672154
list:
dist: 3.0482813064672154 vs. 3.0482813064672154
--------
nle(id0,id1,dist): 91 109 1.0881534238340227
list:
dist: 1.0881534238340227 vs. 1.0881534238340227
--------
nle(id0,id1,dist): 91 108 4.352384252725827
list:
dist: 4.352384252725827 vs. 4.352384252725827
--------
nle(id0,id1,dist): 91 114 3.2862688971326333
list:
dist: 3.2862688971326333 vs. 3.2862688971326333
--------
nle(id0,id1,dist): 92 119 2.701133429892088
list:
dist: 2.701133429892088 vs. 2.701133429892088
--------
nle(id0,id1,dist): 92 117 3.129599049202674
list:
dist: 3.129599049202674 vs. 3.129599049202674
--------
nle(id0,id1,dist): 93 94 3.552580977184683
list:
dist: 3.552580977184683 vs. 3.552580977184683
--------
nle(id0,id1,dist): 93 95 2.3342461669685215
list:
dist: 2.3342461669685215 vs. 2.3342461669685215
--------
nle(id0,id1,dist): 92 108 2.6481252821755796
list:
dist: 2.6481252821755796 vs. 2.6481252821755796
--------
nle(id0,id1,dist): 92 107 1.34685267727534
list:
dist: 1.34685267727534 vs. 1.34685267727534
--------
nle(id0,id1,dist): 92 106 1.5372633794234876
list:
dist: 1.5372633794234876 vs. 1.5372633794234876
--------
nle(id0,id1,dist): 92 105 1.9101705701779392
list:
dist: 1.9101705701779392 vs. 1.9101705701779392
--------
nle(id0,id1,dist): 92 104 1.2198272802316612
list:
dist: 1.2198272802316612 vs. 1.2198272802316612
--------
nle(id0,id1,dist): 92 103 1.6147651463787402
list:
dist: 1.6147651463787402 vs. 1.6147651463787402
--------
nle(id0,id1,dist): 92 102 3.020216890312141
list:
dist: 3.020216890312141 vs. 3.020216890312141
--------
nle(id0,id1,dist): 92 101 2.007207214876597
list:
dist: 2.007207214876597 vs. 2.007207214876597
--------
nle(id0,id1,dist): 92 115 2.5613461277050265
list:
dist: 2.5613461277050265 vs. 2.5613461277050265
--------
nle(id0,id1,dist): 92 114 1.653901030772972
list:
dist: 1.653901030772972 vs. 1.653901030772972
--------
nle(id0,id1,dist): 92 113 2.324263254919242
list:
dist: 2.324263254919242 vs. 2.324263254919242
--------
nle(id0,id1,dist): 92 112 3.003833946563348
list:
dist: 3.003833946563348 vs. 3.003833946563348
--------
nle(id0,id1,dist): 92 111 2.1423462415017744
list:
dist: 2.1423462415017744 vs. 2.1423462415017744
--------
nle(id0,id1,dist): 92 110 1.8426891871207791
list:
dist: 1.8426891871207791 vs. 1.8426891871207791
--------
nle(id0,id1,dist): 92 109 1.1401336436360427
list:
dist: 1.1401336436360427 vs. 1.1401336436360427
--------
nle(id0,id1,dist): 97 101 1.332051797971639
list:
dist: 1.332051797971639 vs. 1.332051797971639
--------
nle(id0,id1,dist): 97 100 0.624429762369276
list:
dist: 0.624429762369276 vs. 0.624429762369276
--------
nle(id0,id1,dist): 97 103 1.826841168173892
list:
dist: 1.826841168173892 vs. 1.826841168173892
--------
nle(id0,id1,dist): 97 102 2.5626824312846876
list:
dist: 2.5626824312846876 vs. 2.5626824312846876
--------
nle(id0,id1,dist): 97 105 1.4641935376390856
list:
dist: 1.4641935376390856 vs. 1.4641935376390856
--------
nle(id0,id1,dist): 97 104 0.5259180028299745
list:
dist: 0.5259180028299745 vs. 0.5259180028299745
--------
nle(id0,id1,dist): 97 107 1.671927789403201
list:
dist: 1.671927789403201 vs. 1.671927789403201
--------
nle(id0,id1,dist): 97 106 1.524930098956841
list:
dist: 1.524930098956841 vs. 1.524930098956841
--------
nle(id0,id1,dist): 97 99 2.4652123079986343
list:
dist: 2.4652123079986343 vs. 2.4652123079986343
--------
nle(id0,id1,dist): 97 98 1.7150495202247957
list:
dist: 1.7150495202247957 vs. 1.7150495202247957
--------
nle(id0,id1,dist): 96 113 2.8162717822499865
list:
dist: 2.8162717822499865 vs. 2.8162717822499865
--------
nle(id0,id1,dist): 96 114 1.3406088672457503
list:
dist: 1.3406088672457503 vs. 1.3406088672457503
--------
nle(id0,id1,dist): 96 115 2.5032816212974778
list:
dist: 2.5032816212974778 vs. 2.5032816212974778
--------
nle(id0,id1,dist): 96 116 3.030743988153289
list:
dist: 3.030743988153289 vs. 3.030743988153289
--------
nle(id0,id1,dist): 96 117 2.3142356239686577
list:
dist: 2.3142356239686577 vs. 2.3142356239686577
--------
nle(id0,id1,dist): 96 118 2.31314683818104
list:
dist: 2.31314683818104 vs. 2.31314683818104
--------
nle(id0,id1,dist): 96 119 2.1406803414613607
list:
dist: 2.1406803414613607 vs. 2.1406803414613607
--------
nle(id0,id1,dist): 98 102 1.1660304917020319
list:
dist: 1.1660304917020319 vs. 1.1660304917020319
--------
nle(id0,id1,dist): 98 101 1.3757623825962157
list:
dist: 1.3757623825962157 vs. 1.3757623825962157
--------
nle(id0,id1,dist): 98 100 1.3964607378807632
list:
dist: 1.3964607378807632 vs. 1.3964607378807632
--------
nle(id0,id1,dist): 98 99 3.720008790997178
list:
dist: 3.720008790997178 vs. 3.720008790997178
--------
nle(id0,id1,dist): 97 119 3.2027896960985003
list:
dist: 3.2027896960985003 vs. 3.2027896960985003
--------
nle(id0,id1,dist): 97 117 3.107266451458919
list:
dist: 3.107266451458919 vs. 3.107266451458919
--------
nle(id0,id1,dist): 97 110 1.5981401417559402
list:
dist: 1.5981401417559402 vs. 1.5981401417559402
--------
nle(id0,id1,dist): 97 111 2.5170139937770664
list:
dist: 2.5170139937770664 vs. 2.5170139937770664
--------
nle(id0,id1,dist): 97 108 2.8363214872119284
list:
dist: 2.8363214872119284 vs. 2.8363214872119284
--------
nle(id0,id1,dist): 97 109 0.9597647198209484
list:
dist: 0.9597647198209484 vs. 0.9597647198209484
--------
nle(id0,id1,dist): 97 114 1.6866835437223326
list:
dist: 1.6866835437223326 vs. 1.6866835437223326
--------
nle(id0,id1,dist): 97 115 2.2867278447126016
list:
dist: 2.2867278447126016 vs. 2.2867278447126016
--------
nle(id0,id1,dist): 97 112 2.938366350419142
list:
dist: 2.938366350419142 vs. 2.938366350419142
--------
nle(id0,id1,dist): 97 113 2.312347441960048
list:
dist: 2.312347441960048 vs. 2.312347441960048
--------
nle(id0,id1,dist): 95 115 2.1460209030774435
list:
dist: 2.1460209030774435 vs. 2.1460209030774435
--------
nle(id0,id1,dist): 95 114 1.2229144896844546
list:
dist: 1.2229144896844546 vs. 1.2229144896844546
--------
nle(id0,id1,dist): 95 117 2.3237313802180237
list:
dist: 2.3237313802180237 vs. 2.3237313802180237
--------
nle(id0,id1,dist): 95 116 3.39444678202314
list:
dist: 3.39444678202314 vs. 3.39444678202314
--------
nle(id0,id1,dist): 95 111 0.9680281665327315
list:
dist: 0.9680281665327315 vs. 0.9680281665327315
--------
nle(id0,id1,dist): 95 110 1.6951082868030003
list:
dist: 1.6951082868030003 vs. 1.6951082868030003
--------
nle(id0,id1,dist): 95 113 1.9131512291946424
list:
dist: 1.9131512291946424 vs. 1.9131512291946424
--------
nle(id0,id1,dist): 95 112 2.2243421714137845
list:
dist: 2.2243421714137845 vs. 2.2243421714137845
--------
nle(id0,id1,dist): 95 107 1.1245374167666629
list:
dist: 1.1245374167666629 vs. 1.1245374167666629
--------
nle(id0,id1,dist): 95 106 1.321125730303029
list:
dist: 1.321125730303029 vs. 1.321125730303029
--------
nle(id0,id1,dist): 95 109 2.2897573968811034
list:
dist: 2.2897573968811034 vs. 2.2897573968811034
--------
nle(id0,id1,dist): 95 108 1.8132332714331192
list:
dist: 1.8132332714331192 vs. 1.8132332714331192
--------
nle(id0,id1,dist): 95 103 2.131840687760161
list:
dist: 2.131840687760161 vs. 2.131840687760161
--------
nle(id0,id1,dist): 95 105 2.1085399963713014
list:
dist: 2.1085399963713014 vs. 2.1085399963713014
--------
nle(id0,id1,dist): 95 104 1.8422999506909914
list:
dist: 1.8422999506909914 vs. 1.8422999506909914
--------
nle(id0,id1,dist): 95 98 3.144183609527348
list:
dist: 3.144183609527348 vs. 3.144183609527348
--------
nle(id0,id1,dist): 95 99 2.194150137227028
list:
dist: 2.194150137227028 vs. 2.194150137227028
--------
nle(id0,id1,dist): 95 100 2.1610577880577706
list:
dist: 2.1610577880577706 vs. 2.1610577880577706
--------
nle(id0,id1,dist): 95 96 0.9855181500600225
list:
dist: 0.9855181500600225 vs. 0.9855181500600225
--------
nle(id0,id1,dist): 95 97 1.7651411090866787
list:
dist: 1.7651411090866787 vs. 1.7651411090866787
--------
nle(id0,id1,dist): 96 112 2.624702625622699
list:
dist: 2.624702625622699 vs. 2.624702625622699
--------
nle(id0,id1,dist): 96 111 1.296344158260348
list:
dist: 1.296344158260348 vs. 1.296344158260348
--------
nle(id0,id1,dist): 96 110 2.4955351662555816
list:
dist: 2.4955351662555816 vs. 2.4955351662555816
--------
nle(id0,id1,dist): 96 109 2.5854905279090845
list:
dist: 2.5854905279090845 vs. 2.5854905279090845
--------
nle(id0,id1,dist): 96 108 1.3930462299104163
list:
dist: 1.3930462299104163 vs. 1.3930462299104163
--------
nle(id0,id1,dist): 96 107 0.8596204665107704
list:
dist: 0.8596204665107704 vs. 0.8596204665107704
--------
nle(id0,id1,dist): 96 106 1.3940256098103483
list:
dist: 1.3940256098103483 vs. 1.3940256098103483
--------
nle(id0,id1,dist): 96 105 2.2868641980127253
list:
dist: 2.2868641980127253 vs. 2.2868641980127253
--------
nle(id0,id1,dist): 96 104 2.392210432479589
list:
dist: 2.392210432479589 vs. 2.392210432479589
--------
nle(id0,id1,dist): 96 103 1.8329579602711432
list:
dist: 1.8329579602711432 vs. 1.8329579602711432
--------
nle(id0,id1,dist): 96 100 2.766624575708705
list:
dist: 2.766624575708705 vs. 2.766624575708705
--------
nle(id0,id1,dist): 96 99 2.017832882652844
list:
dist: 2.017832882652844 vs. 2.017832882652844
--------
nle(id0,id1,dist): 96 98 3.4080283776817915
list:
dist: 3.4080283776817915 vs. 3.4080283776817915
--------
nle(id0,id1,dist): 96 97 2.3271783516264173
list:
dist: 2.3271783516264173 vs. 2.3271783516264173
--------
nle(id0,id1,dist): 95 118 2.5806912684243497
list:
dist: 2.5806912684243497 vs. 2.5806912684243497
--------
nle(id0,id1,dist): 95 119 1.637995765280195
list:
dist: 1.637995765280195 vs. 1.637995765280195
--------
nle(id0,id1,dist): 86 119 4.5027111767796875
list:
dist: 4.5027111767796875 vs. 4.5027111767796875
--------
nle(id0,id1,dist): 87 88 0.3937691959461865
list:
dist: 0.3937691959461865 vs. 0.3937691959461865
--------
nle(id0,id1,dist): 85 87 3.483063341418796
list:
dist: 3.483063341418796 vs. 3.483063341418796
--------
nle(id0,id1,dist): 85 86 1.811536240211113
list:
dist: 1.811536240211113 vs. 1.811536240211113
--------
nle(id0,id1,dist): 85 88 3.7672686230588495
list:
dist: 3.7672686230588495 vs. 3.7672686230588495
--------
nle(id0,id1,dist): 86 87 2.0280671307648706
list:
dist: 2.0280671307648706 vs. 2.0280671307648706
--------
nle(id0,id1,dist): 86 88 2.289410063406726
list:
dist: 2.289410063406726 vs. 2.289410063406726
--------
nle(id0,id1,dist): 86 89 2.6062966656503237
list:
dist: 2.6062966656503237 vs. 2.6062966656503237
--------
nle(id0,id1,dist): 89 119 2.479037113486281
list:
dist: 2.479037113486281 vs. 2.479037113486281
--------
nle(id0,id1,dist): 91 99 3.87397644992113
list:
dist: 3.87397644992113 vs. 3.87397644992113
--------
nle(id0,id1,dist): 91 98 0.36600085027769025
list:
dist: 0.36600085027769025 vs. 0.36600085027769025
--------
nle(id0,id1,dist): 91 101 1.1509167931090507
list:
dist: 1.1509167931090507 vs. 1.1509167931090507
--------
nle(id0,id1,dist): 91 100 1.4073717784340265
list:
dist: 1.4073717784340265 vs. 1.4073717784340265
--------
nle(id0,id1,dist): 91 103 2.2986881027574366
list:
dist: 2.2986881027574366 vs. 2.2986881027574366
--------
nle(id0,id1,dist): 91 102 0.964055924758149
list:
dist: 0.964055924758149 vs. 0.964055924758149
--------
nle(id0,id1,dist): 91 105 2.7694593553460196
list:
dist: 2.7694593553460196 vs. 2.7694593553460196
--------
nle(id0,id1,dist): 91 104 2.1309651233642852
list:
dist: 2.1309651233642852 vs. 2.1309651233642852
--------
nle(id0,id1,dist): 91 93 4.007621751224157
list:
dist: 4.007621751224157 vs. 4.007621751224157
--------
nle(id0,id1,dist): 91 92 2.1374419821559196
list:
dist: 2.1374419821559196 vs. 2.1374419821559196
--------
nle(id0,id1,dist): 91 95 3.3368788449015723
list:
dist: 3.3368788449015723 vs. 3.3368788449015723
--------
nle(id0,id1,dist): 91 94 1.428949845276417
list:
dist: 1.428949845276417 vs. 1.428949845276417
--------
nle(id0,id1,dist): 91 97 1.785483091583899
list:
dist: 1.785483091583899 vs. 1.785483091583899
--------
nle(id0,id1,dist): 91 96 3.670473842501021
list:
dist: 3.670473842501021 vs. 3.670473842501021
--------
nle(id0,id1,dist): 88 89 3.7423876652131947
list:
dist: 3.7423876652131947 vs. 3.7423876652131947
--------
nle(id0,id1,dist): 81 87 3.9131214549273987
list:
dist: 3.9131214549273987 vs. 3.9131214549273987
--------
nle(id0,id1,dist): 81 85 2.491794359722876
list:
dist: 2.491794359722876 vs. 2.491794359722876
--------
nle(id0,id1,dist): 80 85 1.266671447966583
list:
dist: 1.266671447966583 vs. 1.266671447966583
--------
nle(id0,id1,dist): 80 86 0.8763295895745152
list:
dist: 0.8763295895745152 vs. 0.8763295895745152
--------
nle(id0,id1,dist): 80 87 2.4387973056114536
list:
dist: 2.4387973056114536 vs. 2.4387973056114536
--------
nle(id0,id1,dist): 80 88 2.662947872132395
list:
dist: 2.662947872132395 vs. 2.662947872132395
--------
nle(id0,id1,dist): 80 81 2.749667833970485
list:
dist: 2.749667833970485 vs. 2.749667833970485
--------
nle(id0,id1,dist): 80 82 1.4391242633140606
list:
dist: 1.4391242633140606 vs. 1.4391242633140606
--------
nle(id0,id1,dist): 80 83 2.227122871736129
list:
dist: 2.227122871736129 vs. 2.227122871736129
--------
nle(id0,id1,dist): 80 84 2.1087198058236707
list:
dist: 2.1087198058236707 vs. 2.1087198058236707
--------
nle(id0,id1,dist): 79 88 2.6193012031279106
list:
dist: 2.6193012031279106 vs. 2.6193012031279106
--------
nle(id0,id1,dist): 79 86 1.1605941092296015
list:
dist: 1.1605941092296015 vs. 1.1605941092296015
--------
nle(id0,id1,dist): 79 87 2.308334447047441
list:
dist: 2.308334447047441 vs. 2.308334447047441
--------
nle(id0,id1,dist): 79 81 2.40529463766223
list:
dist: 2.40529463766223 vs. 2.40529463766223
--------
nle(id0,id1,dist): 79 80 0.908767247275915
list:
dist: 0.908767247275915 vs. 0.908767247275915
--------
nle(id0,id1,dist): 79 85 1.2407126695934356
list:
dist: 1.2407126695934356 vs. 1.2407126695934356
--------
nle(id0,id1,dist): 79 84 1.6298630727413665
list:
dist: 1.6298630727413665 vs. 1.6298630727413665
--------
nle(id0,id1,dist): 79 83 2.695206326737078
list:
dist: 2.695206326737078 vs. 2.695206326737078
--------
nle(id0,id1,dist): 78 119 3.342788196359537
list:
dist: 3.342788196359537 vs. 3.342788196359537
--------
nle(id0,id1,dist): 79 82 1.8516726586374712
list:
dist: 1.8516726586374712 vs. 1.8516726586374712
--------
nle(id0,id1,dist): 78 82 2.6892715650562917
list:
dist: 2.6892715650562917 vs. 2.6892715650562917
--------
nle(id0,id1,dist): 78 84 3.2457501343716535
list:
dist: 3.2457501343716535 vs. 3.2457501343716535
--------
nle(id0,id1,dist): 78 83 2.068760341682134
list:
dist: 2.068760341682134 vs. 2.068760341682134
--------
nle(id0,id1,dist): 78 86 2.7016898751928102
list:
dist: 2.7016898751928102 vs. 2.7016898751928102
--------
nle(id0,id1,dist): 78 88 2.850603243658005
list:
dist: 2.850603243658005 vs. 2.850603243658005
--------
nle(id0,id1,dist): 78 89 1.49191653012086
list:
dist: 1.49191653012086 vs. 1.49191653012086
--------
nle(id0,id1,dist): 84 89 3.5848880279719255
list:
dist: 3.5848880279719255 vs. 3.5848880279719255
--------
nle(id0,id1,dist): 84 87 1.866291289223327
list:
dist: 1.866291289223327 vs. 1.866291289223327
--------
nle(id0,id1,dist): 84 88 2.245905689622965
list:
dist: 2.245905689622965 vs. 2.245905689622965
--------
nle(id0,id1,dist): 84 85 2.5882616072165416
list:
dist: 2.5882616072165416 vs. 2.5882616072165416
--------
nle(id0,id1,dist): 84 86 1.4701736993389076
list:
dist: 1.4701736993389076 vs. 1.4701736993389076
--------
nle(id0,id1,dist): 83 119 3.690747643750456
list:
dist: 3.690747643750456 vs. 3.690747643750456
--------
nle(id0,id1,dist): 83 86 1.6416098691174208
list:
dist: 1.6416098691174208 vs. 1.6416098691174208
--------
nle(id0,id1,dist): 83 87 3.202610952163823
list:
dist: 3.202610952163823 vs. 3.202610952163823
--------
nle(id0,id1,dist): 83 88 3.3863537819442318
list:
dist: 3.3863537819442318 vs. 3.3863537819442318
--------
nle(id0,id1,dist): 83 89 1.38428551356316
list:
dist: 1.38428551356316 vs. 1.38428551356316
--------
nle(id0,id1,dist): 82 119 4.171277925721866
list:
dist: 4.171277925721866 vs. 4.171277925721866
--------
nle(id0,id1,dist): 83 84 2.480033208593401
list:
dist: 2.480033208593401 vs. 2.480033208593401
--------
nle(id0,id1,dist): 83 85 2.8057018824082705
list:
dist: 2.8057018824082705 vs. 2.8057018824082705
--------
nle(id0,id1,dist): 82 89 2.136786524199915
list:
dist: 2.136786524199915 vs. 2.136786524199915
--------
nle(id0,id1,dist): 82 87 2.9177310651958126
list:
dist: 2.9177310651958126 vs. 2.9177310651958126
--------
nle(id0,id1,dist): 82 88 3.161007302878873
list:
dist: 3.161007302878873 vs. 3.161007302878873
--------
nle(id0,id1,dist): 82 84 2.018450944122312
list:
dist: 2.018450944122312 vs. 2.018450944122312
--------
nle(id0,id1,dist): 82 83 0.9164510125571882
list:
dist: 0.9164510125571882 vs. 0.9164510125571882
--------
nle(id0,id1,dist): 82 86 0.9845373689973349
list:
dist: 0.9845373689973349 vs. 0.9845373689973349
--------
nle(id0,id1,dist): 82 85 1.9029932627219397
list:
dist: 1.9029932627219397 vs. 1.9029932627219397
--------
nle(id0,id1,dist): 74 91 2.56527378805053
list:
dist: 2.56527378805053 vs. 2.56527378805053
--------
nle(id0,id1,dist): 74 92 0.8898311353199272
list:
dist: 0.8898311353199272 vs. 0.8898311353199272
--------
nle(id0,id1,dist): 74 93 3.47030094245988
list:
dist: 3.47030094245988 vs. 3.47030094245988
--------
nle(id0,id1,dist): 74 94 2.803657754601354
list:
dist: 2.803657754601354 vs. 2.803657754601354
--------
nle(id0,id1,dist): 73 75 2.248116466334996
list:
dist: 2.248116466334996 vs. 2.248116466334996
--------
nle(id0,id1,dist): 73 83 2.3864740425855655
list:
dist: 2.3864740425855655 vs. 2.3864740425855655
--------
nle(id0,id1,dist): 73 82 1.6947589026102254
list:
dist: 1.6947589026102254 vs. 1.6947589026102254
--------
nle(id0,id1,dist): 73 81 2.9580604024684747
list:
dist: 2.9580604024684747 vs. 2.9580604024684747
--------
nle(id0,id1,dist): 73 80 0.9023809787306847
list:
dist: 0.9023809787306847 vs. 0.9023809787306847
--------
nle(id0,id1,dist): 73 79 1.7028076381506054
list:
dist: 1.7028076381506054 vs. 1.7028076381506054
--------
nle(id0,id1,dist): 73 77 1.2654448785151122
list:
dist: 1.2654448785151122 vs. 1.2654448785151122
--------
nle(id0,id1,dist): 73 76 2.4433195935588556
list:
dist: 2.4433195935588556 vs. 2.4433195935588556
--------
nle(id0,id1,dist): 73 88 3.40180072569877
list:
dist: 3.40180072569877 vs. 3.40180072569877
--------
nle(id0,id1,dist): 73 86 1.5960206701501438
list:
dist: 1.5960206701501438 vs. 1.5960206701501438
--------
nle(id0,id1,dist): 73 87 3.232351053865817
list:
dist: 3.232351053865817 vs. 3.232351053865817
--------
nle(id0,id1,dist): 73 84 2.9514505499396164
list:
dist: 2.9514505499396164 vs. 2.9514505499396164
--------
nle(id0,id1,dist): 73 85 1.3521211926227574
list:
dist: 1.3521211926227574 vs. 1.3521211926227574
--------
nle(id0,id1,dist): 72 73 1.6254308582196753
list:
dist: 1.6254308582196753 vs. 1.6254308582196753
--------
nle(id0,id1,dist): 72 76 1.8994457988490339
list:
dist: 1.8994457988490339 vs. 1.8994457988490339
--------
nle(id0,id1,dist): 72 77 2.426095792310287
list:
dist: 2.426095792310287 vs. 2.426095792310287
--------
nle(id0,id1,dist): 72 80 1.5972444706959381
list:
dist: 1.5972444706959381 vs. 1.5972444706959381
--------
nle(id0,id1,dist): 72 79 1.5319548984044071
list:
dist: 1.5319548984044071 vs. 1.5319548984044071
--------
nle(id0,id1,dist): 72 81 1.4538904655783753
list:
dist: 1.4538904655783753 vs. 1.4538904655783753
--------
nle(id0,id1,dist): 72 85 1.1442148963769918
list:
dist: 1.1442148963769918 vs. 1.1442148963769918
--------
nle(id0,id1,dist): 72 87 3.551332419416858
list:
dist: 3.551332419416858 vs. 3.551332419416858
--------
nle(id0,id1,dist): 71 81 2.1026141132626854
list:
dist: 2.1026141132626854 vs. 2.1026141132626854
--------
nle(id0,id1,dist): 71 80 1.9680873821157214
list:
dist: 1.9680873821157214 vs. 1.9680873821157214
--------
nle(id0,id1,dist): 71 79 1.1168732492049154
list:
dist: 1.1168732492049154 vs. 1.1168732492049154
--------
nle(id0,id1,dist): 71 85 2.0668781176224824
list:
dist: 2.0668781176224824 vs. 2.0668781176224824
--------
nle(id0,id1,dist): 71 84 1.8581484551931706
list:
dist: 1.8581484551931706 vs. 1.8581484551931706
--------
nle(id0,id1,dist): 71 83 3.6859261344233856
list:
dist: 3.6859261344233856 vs. 3.6859261344233856
--------
nle(id0,id1,dist): 71 82 2.889947850746581
list:
dist: 2.889947850746581 vs. 2.889947850746581
--------
nle(id0,id1,dist): 71 88 2.7168271326924316
list:
dist: 2.7168271326924316 vs. 2.7168271326924316
--------
nle(id0,id1,dist): 71 87 2.3895993682088923
list:
dist: 2.3895993682088923 vs. 2.3895993682088923
--------
nle(id0,id1,dist): 71 86 2.1254355382322365
list:
dist: 2.1254355382322365 vs. 2.1254355382322365
--------
nle(id0,id1,dist): 77 85 1.66281738156966
list:
dist: 1.66281738156966 vs. 1.66281738156966
--------
nle(id0,id1,dist): 77 86 2.1916114865979863
list:
dist: 2.1916114865979863 vs. 2.1916114865979863
--------
nle(id0,id1,dist): 77 80 1.8641264617335147
list:
dist: 1.8641264617335147 vs. 1.8641264617335147
--------
nle(id0,id1,dist): 77 81 3.877192305648829
list:
dist: 3.877192305648829 vs. 3.877192305648829
--------
nle(id0,id1,dist): 77 82 1.6391132535439161
list:
dist: 1.6391132535439161 vs. 1.6391132535439161
--------
nle(id0,id1,dist): 77 83 2.1629572338715546
list:
dist: 2.1629572338715546 vs. 2.1629572338715546
--------
nle(id0,id1,dist): 76 85 1.469901234857302
list:
dist: 1.469901234857302 vs. 1.469901234857302
--------
nle(id0,id1,dist): 76 86 3.235974390400151
list:
dist: 3.235974390400151 vs. 3.235974390400151
--------
nle(id0,id1,dist): 77 79 2.4791597458561663
list:
dist: 2.4791597458561663 vs. 2.4791597458561663
--------
nle(id0,id1,dist): 76 77 2.173642778514538
list:
dist: 2.173642778514538 vs. 2.173642778514538
--------
nle(id0,id1,dist): 76 80 2.694909547389899
list:
dist: 2.694909547389899 vs. 2.694909547389899
--------
nle(id0,id1,dist): 76 79 2.6495280201082694
list:
dist: 2.6495280201082694 vs. 2.6495280201082694
--------
nle(id0,id1,dist): 75 119 3.9492442682625857
list:
dist: 3.9492442682625857 vs. 3.9492442682625857
--------
nle(id0,id1,dist): 76 82 3.0659423152809415
list:
dist: 3.0659423152809415 vs. 3.0659423152809415
--------
nle(id0,id1,dist): 76 81 2.9776374005049933
list:
dist: 2.9776374005049933 vs. 2.9776374005049933
--------
nle(id0,id1,dist): 76 83 3.878603428090751
list:
dist: 3.878603428090751 vs. 3.878603428090751
--------
nle(id0,id1,dist): 74 105 2.734099882527413
list:
dist: 2.734099882527413 vs. 2.734099882527413
--------
nle(id0,id1,dist): 74 106 2.2856147581382062
list:
dist: 2.2856147581382062 vs. 2.2856147581382062
--------
nle(id0,id1,dist): 74 103 2.3516248121022554
list:
dist: 2.3516248121022554 vs. 2.3516248121022554
--------
nle(id0,id1,dist): 74 104 1.9268414429477574
list:
dist: 1.9268414429477574 vs. 1.9268414429477574
--------
nle(id0,id1,dist): 74 109 1.7817498458413852
list:
dist: 1.7817498458413852 vs. 1.7817498458413852
--------
nle(id0,id1,dist): 74 110 2.1525347397312022
list:
dist: 2.1525347397312022 vs. 2.1525347397312022
--------
nle(id0,id1,dist): 74 107 2.0406228599883582
list:
dist: 2.0406228599883582 vs. 2.0406228599883582
--------
nle(id0,id1,dist): 74 108 3.195359807686822
list:
dist: 3.195359807686822 vs. 3.195359807686822
--------
nle(id0,id1,dist): 74 97 1.5278080615542358
list:
dist: 1.5278080615542358 vs. 1.5278080615542358
--------
nle(id0,id1,dist): 74 98 2.419869161084089
list:
dist: 2.419869161084089 vs. 2.419869161084089
--------
nle(id0,id1,dist): 74 95 1.4400734443423948
list:
dist: 1.4400734443423948 vs. 1.4400734443423948
--------
nle(id0,id1,dist): 74 96 2.152733942227128
list:
dist: 2.152733942227128 vs. 2.152733942227128
--------
nle(id0,id1,dist): 74 101 2.444952170176291
list:
dist: 2.444952170176291 vs. 2.444952170176291
--------
nle(id0,id1,dist): 74 102 3.5198882777805753
list:
dist: 3.5198882777805753 vs. 3.5198882777805753
--------
nle(id0,id1,dist): 74 99 3.3297969547248942
list:
dist: 3.3297969547248942 vs. 3.3297969547248942
--------
nle(id0,id1,dist): 74 100 1.4462436557804834
list:
dist: 1.4462436557804834 vs. 1.4462436557804834
--------
nle(id0,id1,dist): 75 85 2.8969663642160777
list:
dist: 2.8969663642160777 vs. 2.8969663642160777
--------
nle(id0,id1,dist): 75 84 2.0205287899049225
list:
dist: 2.0205287899049225 vs. 2.0205287899049225
--------
nle(id0,id1,dist): 75 83 1.8179400434555326
list:
dist: 1.8179400434555326 vs. 1.8179400434555326
--------
nle(id0,id1,dist): 74 119 2.45268868691764
list:
dist: 2.45268868691764 vs. 2.45268868691764
--------
nle(id0,id1,dist): 75 82 1.7255336284667622
list:
dist: 1.7255336284667622 vs. 1.7255336284667622
--------
nle(id0,id1,dist): 75 89 2.1689974528390894
list:
dist: 2.1689974528390894 vs. 2.1689974528390894
--------
nle(id0,id1,dist): 75 88 1.675901156674253
list:
dist: 1.675901156674253 vs. 1.675901156674253
--------
nle(id0,id1,dist): 75 87 1.589735280201595
list:
dist: 1.589735280201595 vs. 1.589735280201595
--------
nle(id0,id1,dist): 75 86 1.1660312195002223
list:
dist: 1.1660312195002223 vs. 1.1660312195002223
--------
nle(id0,id1,dist): 74 114 2.3264088770478604
list:
dist: 2.3264088770478604 vs. 2.3264088770478604
--------
nle(id0,id1,dist): 75 77 2.937956465488273
list:
dist: 2.937956465488273 vs. 2.937956465488273
--------
nle(id0,id1,dist): 74 113 2.2808172534873714
list:
dist: 2.2808172534873714 vs. 2.2808172534873714
--------
nle(id0,id1,dist): 75 76 4.320326986871288
list:
dist: 4.320326986871288 vs. 4.320326986871288
--------
nle(id0,id1,dist): 74 112 3.3435004970805076
list:
dist: 3.3435004970805076 vs. 3.3435004970805076
--------
nle(id0,id1,dist): 74 111 2.3249474167915993
list:
dist: 2.3249474167915993 vs. 2.3249474167915993
--------
nle(id0,id1,dist): 75 80 1.7167567332583695
list:
dist: 1.7167567332583695 vs. 1.7167567332583695
--------
nle(id0,id1,dist): 74 117 3.641530614411047
list:
dist: 3.641530614411047 vs. 3.641530614411047
--------
nle(id0,id1,dist): 75 79 2.137204387119609
list:
dist: 2.137204387119609 vs. 2.137204387119609
--------
nle(id0,id1,dist): 75 78 1.7904257722620778
list:
dist: 1.7904257722620778 vs. 1.7904257722620778
--------
nle(id0,id1,dist): 74 115 3.122248221652309
list:
dist: 3.122248221652309 vs. 3.122248221652309
--------
nle(id0,id1,dist): 120 148 2.4901347617090916
list:
dist: 2.4901347617090916 vs. 2.4901347617090916
--------
nle(id0,id1,dist): 120 137 1.8477384268110588
list:
dist: 1.8477384268110588 vs. 1.8477384268110588
--------
nle(id0,id1,dist): 120 141 3.3952329948416793
list:
dist: 3.3952329948416793 vs. 3.3952329948416793
--------
nle(id0,id1,dist): 120 130 3.068821554955336
list:
dist: 3.068821554955336 vs. 3.068821554955336
--------
nle(id0,id1,dist): 120 129 1.22337995334654
list:
dist: 1.22337995334654 vs. 1.22337995334654
--------
nle(id0,id1,dist): 120 134 2.101787768559251
list:
dist: 2.101787768559251 vs. 2.101787768559251
--------
nle(id0,id1,dist): 120 133 2.095231336011818
list:
dist: 2.095231336011818 vs. 2.095231336011818
--------
nle(id0,id1,dist): 120 121 1.1886153763867966
list:
dist: 1.1886153763867966 vs. 1.1886153763867966
--------
nle(id0,id1,dist): 120 124 2.5660183582143965
list:
dist: 2.5660183582143965 vs. 2.5660183582143965
--------
nle(id0,id1,dist): 120 123 1.1474667647276993
list:
dist: 1.1474667647276993 vs. 1.1474667647276993
--------
nle(id0,id1,dist): 120 126 1.1840842576164838
list:
dist: 1.1840842576164838 vs. 1.1840842576164838
--------
nle(id0,id1,dist): 120 128 2.9833609091847584
list:
dist: 2.9833609091847584 vs. 2.9833609091847584
--------
nle(id0,id1,dist): 121 134 2.6290464426529314
list:
dist: 2.6290464426529314 vs. 2.6290464426529314
--------
nle(id0,id1,dist): 121 133 2.0776563757600877
list:
dist: 2.0776563757600877 vs. 2.0776563757600877
--------
nle(id0,id1,dist): 121 137 2.3796885846472784
list:
dist: 2.3796885846472784 vs. 2.3796885846472784
--------
nle(id0,id1,dist): 121 126 1.156049040014728
list:
dist: 1.156049040014728 vs. 1.156049040014728
--------
nle(id0,id1,dist): 121 124 2.408867863083945
list:
dist: 2.408867863083945 vs. 2.408867863083945
--------
nle(id0,id1,dist): 121 130 2.3847911895500054
list:
dist: 2.3847911895500054 vs. 2.3847911895500054
--------
nle(id0,id1,dist): 121 129 2.4110227072107393
list:
dist: 2.4110227072107393 vs. 2.4110227072107393
--------
nle(id0,id1,dist): 121 123 1.63265068896482
list:
dist: 1.63265068896482 vs. 1.63265068896482
--------
nle(id0,id1,dist): 122 132 2.008951438838619
list:
dist: 2.008951438838619 vs. 2.008951438838619
--------
nle(id0,id1,dist): 122 130 1.6194369674791311
list:
dist: 1.6194369674791311 vs. 1.6194369674791311
--------
nle(id0,id1,dist): 122 140 1.82280180221461
list:
dist: 1.82280180221461 vs. 1.82280180221461
--------
nle(id0,id1,dist): 122 142 2.6602076907011587
list:
dist: 2.6602076907011587 vs. 2.6602076907011587
--------
nle(id0,id1,dist): 122 136 1.6203512888799771
list:
dist: 1.6203512888799771 vs. 1.6203512888799771
--------
nle(id0,id1,dist): 122 135 2.406692484890718
list:
dist: 2.406692484890718 vs. 2.406692484890718
--------
nle(id0,id1,dist): 122 137 2.6946741406638615
list:
dist: 2.6946741406638615 vs. 2.6946741406638615
--------
nle(id0,id1,dist): 122 124 1.7052350760443935
list:
dist: 1.7052350760443935 vs. 1.7052350760443935
--------
nle(id0,id1,dist): 123 129 1.649249308780685
list:
dist: 1.649249308780685 vs. 1.649249308780685
--------
nle(id0,id1,dist): 123 128 2.4535272702851745
list:
dist: 2.4535272702851745 vs. 2.4535272702851745
--------
nle(id0,id1,dist): 123 126 0.935394341435208
list:
dist: 0.935394341435208 vs. 0.935394341435208
--------
nle(id0,id1,dist): 123 125 1.852989306917984
list:
dist: 1.852989306917984 vs. 1.852989306917984
--------
nle(id0,id1,dist): 123 124 1.5414160084805233
list:
dist: 1.5414160084805233 vs. 1.5414160084805233
--------
nle(id0,id1,dist): 123 137 0.7981978322050838
list:
dist: 0.7981978322050838 vs. 0.7981978322050838
--------
nle(id0,id1,dist): 123 136 2.2332513962838987
list:
dist: 2.2332513962838987 vs. 2.2332513962838987
--------
nle(id0,id1,dist): 123 135 2.7344994656816906
list:
dist: 2.7344994656816906 vs. 2.7344994656816906
--------
nle(id0,id1,dist): 123 134 1.2713534137831677
list:
dist: 1.2713534137831677 vs. 1.2713534137831677
--------
nle(id0,id1,dist): 123 133 1.2210291074756854
list:
dist: 1.2210291074756854 vs. 1.2210291074756854
--------
nle(id0,id1,dist): 123 132 2.9274885893093923
list:
dist: 2.9274885893093923 vs. 2.9274885893093923
--------
nle(id0,id1,dist): 123 131 3.2535649771408366
list:
dist: 3.2535649771408366 vs. 3.2535649771408366
--------
nle(id0,id1,dist): 123 130 2.3763750547474296
list:
dist: 2.3763750547474296 vs. 2.3763750547474296
--------
nle(id0,id1,dist): 124 126 1.6830331287349816
list:
dist: 1.6830331287349816 vs. 1.6830331287349816
--------
nle(id0,id1,dist): 124 125 1.2048317989876178
list:
dist: 1.2048317989876178 vs. 1.2048317989876178
--------
nle(id0,id1,dist): 124 128 3.246204516011592
list:
dist: 3.246204516011592 vs. 3.246204516011592
--------
nle(id0,id1,dist): 124 130 1.2598149098448368
list:
dist: 1.2598149098448368 vs. 1.2598149098448368
--------
nle(id0,id1,dist): 124 129 3.1634110241942777
list:
dist: 3.1634110241942777 vs. 3.1634110241942777
--------
nle(id0,id1,dist): 124 132 1.6687146037261942
list:
dist: 1.6687146037261942 vs. 1.6687146037261942
--------
nle(id0,id1,dist): 124 131 2.3388903732585233
list:
dist: 2.3388903732585233 vs. 2.3388903732585233
--------
nle(id0,id1,dist): 123 138 2.4415815008895936
list:
dist: 2.4415815008895936 vs. 2.4415815008895936
--------
nle(id0,id1,dist): 123 140 3.50294629849188
list:
dist: 3.50294629849188 vs. 3.50294629849188
--------
nle(id0,id1,dist): 123 141 2.561843924028819
list:
dist: 2.561843924028819 vs. 2.561843924028819
--------
nle(id0,id1,dist): 123 142 3.2577670413402395
list:
dist: 3.2577670413402395 vs. 3.2577670413402395
--------
nle(id0,id1,dist): 123 143 2.8011774813338373
list:
dist: 2.8011774813338373 vs. 2.8011774813338373
--------
nle(id0,id1,dist): 123 144 4.113045775667837
list:
dist: 4.113045775667837 vs. 4.113045775667837
--------
nle(id0,id1,dist): 123 145 3.111829553301739
list:
dist: 3.111829553301739 vs. 3.111829553301739
--------
nle(id0,id1,dist): 123 146 3.4347531849576995
list:
dist: 3.4347531849576995 vs. 3.4347531849576995
--------
nle(id0,id1,dist): 123 147 1.9214487960252071
list:
dist: 1.9214487960252071 vs. 1.9214487960252071
--------
nle(id0,id1,dist): 123 148 1.527792489698981
list:
dist: 1.527792489698981 vs. 1.527792489698981
--------
nle(id0,id1,dist): 124 135 1.8201356096201349
list:
dist: 1.8201356096201349 vs. 1.8201356096201349
--------
nle(id0,id1,dist): 124 136 1.1604832550371347
list:
dist: 1.1604832550371347 vs. 1.1604832550371347
--------
nle(id0,id1,dist): 124 133 1.197397408706166
list:
dist: 1.197397408706166 vs. 1.197397408706166
--------
nle(id0,id1,dist): 124 134 1.8964958983045448
list:
dist: 1.8964958983045448 vs. 1.8964958983045448
--------
nle(id0,id1,dist): 124 140 2.0920852846978515
list:
dist: 2.0920852846978515 vs. 2.0920852846978515
--------
nle(id0,id1,dist): 124 137 1.4091346477411664
list:
dist: 1.4091346477411664 vs. 1.4091346477411664
--------
nle(id0,id1,dist): 124 138 2.428906785285161
list:
dist: 2.428906785285161 vs. 2.428906785285161
--------
nle(id0,id1,dist): 124 143 2.2748545385994947
list:
dist: 2.2748545385994947 vs. 2.2748545385994947
--------
nle(id0,id1,dist): 124 144 3.67595713801952
list:
dist: 3.67595713801952 vs. 3.67595713801952
--------
nle(id0,id1,dist): 124 141 2.9149985608921987
list:
dist: 2.9149985608921987 vs. 2.9149985608921987
--------
nle(id0,id1,dist): 124 142 2.0293627774462584
list:
dist: 2.0293627774462584 vs. 2.0293627774462584
--------
nle(id0,id1,dist): 124 147 1.50801973958281
list:
dist: 1.50801973958281 vs. 1.50801973958281
--------
nle(id0,id1,dist): 124 148 1.9403117606039155
list:
dist: 1.9403117606039155 vs. 1.9403117606039155
--------
nle(id0,id1,dist): 124 145 2.4371510967154815
list:
dist: 2.4371510967154815 vs. 2.4371510967154815
--------
nle(id0,id1,dist): 124 146 3.147976015885503
list:
dist: 3.147976015885503 vs. 3.147976015885503
--------
nle(id0,id1,dist): 112 117 1.0435333227558155
list:
dist: 1.0435333227558155 vs. 1.0435333227558155
--------
nle(id0,id1,dist): 112 118 1.6845721537508542
list:
dist: 1.6845721537508542 vs. 1.6845721537508542
--------
nle(id0,id1,dist): 112 115 1.013667928436595
list:
dist: 1.013667928436595 vs. 1.013667928436595
--------
nle(id0,id1,dist): 112 116 2.4727214692182975
list:
dist: 2.4727214692182975 vs. 2.4727214692182975
--------
nle(id0,id1,dist): 112 113 1.7217665814934688
list:
dist: 1.7217665814934688 vs. 1.7217665814934688
--------
nle(id0,id1,dist): 112 114 1.7906114769994956
list:
dist: 1.7906114769994956 vs. 1.7906114769994956
--------
nle(id0,id1,dist): 113 117 2.5861487325167225
list:
dist: 2.5861487325167225 vs. 2.5861487325167225
--------
nle(id0,id1,dist): 113 119 1.9236325628215936
list:
dist: 1.9236325628215936 vs. 1.9236325628215936
--------
nle(id0,id1,dist): 113 114 2.221675341908998
list:
dist: 2.221675341908998 vs. 2.221675341908998
--------
nle(id0,id1,dist): 113 115 1.9501488880004043
list:
dist: 1.9501488880004043 vs. 1.9501488880004043
--------
nle(id0,id1,dist): 114 117 1.550300902637415
list:
dist: 1.550300902637415 vs. 1.550300902637415
--------
nle(id0,id1,dist): 114 118 2.0375155252922785
list:
dist: 2.0375155252922785 vs. 2.0375155252922785
--------
nle(id0,id1,dist): 114 115 1.2728510192326932
list:
dist: 1.2728510192326932 vs. 1.2728510192326932
--------
nle(id0,id1,dist): 114 116 3.0056979881580412
list:
dist: 3.0056979881580412 vs. 3.0056979881580412
--------
nle(id0,id1,dist): 115 118 2.020931414631998
list:
dist: 2.020931414631998 vs. 2.020931414631998
--------
nle(id0,id1,dist): 115 116 2.971862978534815
list:
dist: 2.971862978534815 vs. 2.971862978534815
--------
nle(id0,id1,dist): 115 117 1.1728030209693396
list:
dist: 1.1728030209693396 vs. 1.1728030209693396
--------
nle(id0,id1,dist): 116 117 1.8067688976149119
list:
dist: 1.8067688976149119 vs. 1.8067688976149119
--------
nle(id0,id1,dist): 116 118 0.9969573305713347
list:
dist: 0.9969573305713347 vs. 0.9969573305713347
--------
nle(id0,id1,dist): 117 118 0.8681967935277307
list:
dist: 0.8681967935277307 vs. 0.8681967935277307
--------
nle(id0,id1,dist): 106 113 2.386822530005505
list:
dist: 2.386822530005505 vs. 2.386822530005505
--------
nle(id0,id1,dist): 106 114 0.2867961171393393
list:
dist: 0.2867961171393393 vs. 0.2867961171393393
--------
nle(id0,id1,dist): 106 111 1.620745403789727
list:
dist: 1.620745403789727 vs. 1.620745403789727
--------
nle(id0,id1,dist): 106 112 2.0475747882901176
list:
dist: 2.0475747882901176 vs. 2.0475747882901176
--------
nle(id0,id1,dist): 106 117 1.7854710268985627
list:
dist: 1.7854710268985627 vs. 1.7854710268985627
--------
nle(id0,id1,dist): 106 118 2.269682390949012
list:
dist: 2.269682390949012 vs. 2.269682390949012
--------
nle(id0,id1,dist): 106 115 1.432525869459018
list:
dist: 1.432525869459018 vs. 1.432525869459018
--------
nle(id0,id1,dist): 106 116 3.2339496951865048
list:
dist: 3.2339496951865048 vs. 3.2339496951865048
--------
nle(id0,id1,dist): 106 110 1.6605216255269664
list:
dist: 1.6605216255269664 vs. 1.6605216255269664
--------
nle(id0,id1,dist): 106 109 2.045033372802876
list:
dist: 2.045033372802876 vs. 2.045033372802876
--------
nle(id0,id1,dist): 106 108 1.3483675503724823
list:
dist: 1.3483675503724823 vs. 1.3483675503724823
--------
nle(id0,id1,dist): 106 107 0.7356720776957113
list:
dist: 0.7356720776957113 vs. 0.7356720776957113
--------
nle(id0,id1,dist): 105 116 3.791395397229675
list:
dist: 3.791395397229675 vs. 3.791395397229675
--------
nle(id0,id1,dist): 105 117 2.141113177108872
list:
dist: 2.141113177108872 vs. 2.141113177108872
--------
nle(id0,id1,dist): 105 118 2.8050030406201514
list:
dist: 2.8050030406201514 vs. 2.8050030406201514
--------
nle(id0,id1,dist): 105 109 1.987502860844024
list:
dist: 1.987502860844024 vs. 1.987502860844024
--------
nle(id0,id1,dist): 105 108 2.033392614301642
list:
dist: 2.033392614301642 vs. 2.033392614301642
--------
nle(id0,id1,dist): 105 111 2.412452373278183
list:
dist: 2.412452373278183 vs. 2.412452373278183
--------
nle(id0,id1,dist): 105 110 1.7471748899255939
list:
dist: 1.7471748899255939 vs. 1.7471748899255939
--------
nle(id0,id1,dist): 105 113 2.6594929441326967
list:
dist: 2.6594929441326967 vs. 2.6594929441326967
--------
nle(id0,id1,dist): 105 112 2.336495565155935
list:
dist: 2.336495565155935 vs. 2.336495565155935
--------
nle(id0,id1,dist): 105 115 1.40554117256682
list:
dist: 1.40554117256682 vs. 1.40554117256682
--------
nle(id0,id1,dist): 105 114 1.085736369065632
list:
dist: 1.085736369065632 vs. 1.085736369065632
--------
nle(id0,id1,dist): 105 107 1.516611096218081
list:
dist: 1.516611096218081 vs. 1.516611096218081
--------
nle(id0,id1,dist): 105 106 0.9100791669525307
list:
dist: 0.9100791669525307 vs. 0.9100791669525307
--------
nle(id0,id1,dist): 108 115 1.774796254321604
list:
dist: 1.774796254321604 vs. 1.774796254321604
--------
nle(id0,id1,dist): 108 116 1.94477516069672
list:
dist: 1.94477516069672 vs. 1.94477516069672
--------
nle(id0,id1,dist): 108 113 2.901946667982923
list:
dist: 2.901946667982923 vs. 2.901946667982923
--------
nle(id0,id1,dist): 108 114 1.169201147603037
list:
dist: 1.169201147603037 vs. 1.169201147603037
--------
nle(id0,id1,dist): 108 111 1.4077831866151322
list:
dist: 1.4077831866151322 vs. 1.4077831866151322
--------
nle(id0,id1,dist): 108 112 1.8671138691939904
list:
dist: 1.8671138691939904 vs. 1.8671138691939904
--------
nle(id0,id1,dist): 108 109 3.312803608556897
list:
dist: 3.312803608556897 vs. 3.312803608556897
--------
nle(id0,id1,dist): 108 110 2.4743821404192143
list:
dist: 2.4743821404192143 vs. 2.4743821404192143
--------
nle(id0,id1,dist): 107 118 2.5196502251853836
list:
dist: 2.5196502251853836 vs. 2.5196502251853836
--------
nle(id0,id1,dist): 107 119 2.663161268430052
list:
dist: 2.663161268430052 vs. 2.663161268430052
--------
nle(id0,id1,dist): 107 114 0.8560299814300564
list:
dist: 0.8560299814300564 vs. 0.8560299814300564
--------
nle(id0,id1,dist): 107 115 2.1260773473805474
list:
dist: 2.1260773473805474 vs. 2.1260773473805474
--------
nle(id0,id1,dist): 107 116 3.3908976459890656
list:
dist: 3.3908976459890656 vs. 3.3908976459890656
--------
nle(id0,id1,dist): 107 117 2.2593574534746423
list:
dist: 2.2593574534746423 vs. 2.2593574534746423
--------
nle(id0,id1,dist): 107 110 2.1510211775745662
list:
dist: 2.1510211775745662 vs. 2.1510211775745662
--------
nle(id0,id1,dist): 107 111 1.660641922867193
list:
dist: 1.660641922867193 vs. 1.660641922867193
--------
nle(id0,id1,dist): 107 112 2.5738654351179733
list:
dist: 2.5738654351179733 vs. 2.5738654351179733
--------
nle(id0,id1,dist): 107 113 2.7353240117264535
list:
dist: 2.7353240117264535 vs. 2.7353240117264535
--------
nle(id0,id1,dist): 107 108 1.4783666301199498
list:
dist: 1.4783666301199498 vs. 1.4783666301199498
--------
nle(id0,id1,dist): 107 109 1.91589497123332
list:
dist: 1.91589497123332 vs. 1.91589497123332
--------
nle(id0,id1,dist): 109 114 2.276154434548154
list:
dist: 2.276154434548154 vs. 2.276154434548154
--------
nle(id0,id1,dist): 108 117 1.1087559739732067
list:
dist: 1.1087559739732067 vs. 1.1087559739732067
--------
nle(id0,id1,dist): 108 118 1.0727730835461362
list:
dist: 1.0727730835461362 vs. 1.0727730835461362
--------
nle(id0,id1,dist): 111 119 1.2153083925666632
list:
dist: 1.2153083925666632 vs. 1.2153083925666632
--------
nle(id0,id1,dist): 111 118 1.816015174675821
list:
dist: 1.816015174675821 vs. 1.816015174675821
--------
nle(id0,id1,dist): 111 116 2.555788907607787
list:
dist: 2.555788907607787 vs. 2.555788907607787
--------
nle(id0,id1,dist): 111 117 1.6866931536820686
list:
dist: 1.6866931536820686 vs. 1.6866931536820686
--------
nle(id0,id1,dist): 111 114 1.3752906121667245
list:
dist: 1.3752906121667245 vs. 1.3752906121667245
--------
nle(id0,id1,dist): 111 115 1.8895832327221225
list:
dist: 1.8895832327221225 vs. 1.8895832327221225
--------
nle(id0,id1,dist): 111 112 1.5774104532576911
list:
dist: 1.5774104532576911 vs. 1.5774104532576911
--------
nle(id0,id1,dist): 111 113 1.8427298668016368
list:
dist: 1.8427298668016368 vs. 1.8427298668016368
--------
nle(id0,id1,dist): 110 111 1.8237004360458942
list:
dist: 1.8237004360458942 vs. 1.8237004360458942
--------
nle(id0,id1,dist): 110 112 1.5992683588700194
list:
dist: 1.5992683588700194 vs. 1.5992683588700194
--------
nle(id0,id1,dist): 110 113 0.9454411716922184
list:
dist: 0.9454411716922184 vs. 0.9454411716922184
--------
nle(id0,id1,dist): 110 114 1.5569358398784765
list:
dist: 1.5569358398784765 vs. 1.5569358398784765
--------
nle(id0,id1,dist): 110 119 2.413034843610655
list:
dist: 2.413034843610655 vs. 2.413034843610655
--------
nle(id0,id1,dist): 110 115 1.2998577600960424
list:
dist: 1.2998577600960424 vs. 1.2998577600960424
--------
nle(id0,id1,dist): 110 117 2.21656801092787
list:
dist: 2.21656801092787 vs. 2.21656801092787
--------
nle(id0,id1,dist): 99 107 1.5774067310954993
list:
dist: 1.5774067310954993 vs. 1.5774067310954993
--------
nle(id0,id1,dist): 99 106 1.0599155220714973
list:
dist: 1.0599155220714973 vs. 1.0599155220714973
--------
nle(id0,id1,dist): 99 109 2.9617702642029187
list:
dist: 2.9617702642029187 vs. 2.9617702642029187
--------
nle(id0,id1,dist): 99 108 1.0735074181215334
list:
dist: 1.0735074181215334 vs. 1.0735074181215334
--------
nle(id0,id1,dist): 99 111 2.0573960670689884
list:
dist: 2.0573960670689884 vs. 2.0573960670689884
--------
nle(id0,id1,dist): 99 110 2.2368440468287427
list:
dist: 2.2368440468287427 vs. 2.2368440468287427
--------
nle(id0,id1,dist): 99 113 2.944928156459545
list:
dist: 2.944928156459545 vs. 2.944928156459545
--------
nle(id0,id1,dist): 99 112 1.9181698046145446
list:
dist: 1.9181698046145446 vs. 1.9181698046145446
--------
nle(id0,id1,dist): 99 100 3.0873551521686236
list:
dist: 3.0873551521686236 vs. 3.0873551521686236
--------
nle(id0,id1,dist): 99 103 2.39152261975954
list:
dist: 2.39152261975954 vs. 2.39152261975954
--------
nle(id0,id1,dist): 99 105 1.221962296621437
list:
dist: 1.221962296621437 vs. 1.221962296621437
--------
nle(id0,id1,dist): 99 104 2.123819488059939
list:
dist: 2.123819488059939 vs. 2.123819488059939
--------
nle(id0,id1,dist): 99 114 1.0162231886586373
list:
dist: 1.0162231886586373 vs. 1.0162231886586373
--------
nle(id0,id1,dist): 99 115 1.2797963319251946
list:
dist: 1.2797963319251946 vs. 1.2797963319251946
--------
nle(id0,id1,dist): 99 116 2.6586810022754057
list:
dist: 2.6586810022754057 vs. 2.6586810022754057
--------
nle(id0,id1,dist): 99 117 1.216979734612402
list:
dist: 1.216979734612402 vs. 1.216979734612402
--------
nle(id0,id1,dist): 99 118 1.7172419552301552
list:
dist: 1.7172419552301552 vs. 1.7172419552301552
--------
nle(id0,id1,dist): 98 114 3.120500073280054
list:
dist: 3.120500073280054 vs. 3.120500073280054
--------
nle(id0,id1,dist): 98 106 2.8760639638620478
list:
dist: 2.8760639638620478 vs. 2.8760639638620478
--------
nle(id0,id1,dist): 98 105 2.6777157730389223
list:
dist: 2.6777157730389223 vs. 2.6777157730389223
--------
nle(id0,id1,dist): 98 104 2.094014133078234
list:
dist: 2.094014133078234 vs. 2.094014133078234
--------
nle(id0,id1,dist): 98 103 1.9819855490776228
list:
dist: 1.9819855490776228 vs. 1.9819855490776228
--------
nle(id0,id1,dist): 98 109 0.8728479960195922
list:
dist: 0.8728479960195922 vs. 0.8728479960195922
--------
nle(id0,id1,dist): 98 108 4.144951095737142
list:
dist: 4.144951095737142 vs. 4.144951095737142
--------
nle(id0,id1,dist): 98 107 2.7451816450618036
list:
dist: 2.7451816450618036 vs. 2.7451816450618036
--------
nle(id0,id1,dist): 101 102 1.679920277991747
list:
dist: 1.679920277991747 vs. 1.679920277991747
--------
nle(id0,id1,dist): 101 113 3.189490171865259
list:
dist: 3.189490171865259 vs. 3.189490171865259
--------
nle(id0,id1,dist): 101 109 1.3705451243211213
list:
dist: 1.3705451243211213 vs. 1.3705451243211213
--------
nle(id0,id1,dist): 101 110 2.511964894706876
list:
dist: 2.511964894706876 vs. 2.511964894706876
--------
nle(id0,id1,dist): 101 104 1.4899602596335948
list:
dist: 1.4899602596335948 vs. 1.4899602596335948
--------
nle(id0,id1,dist): 100 108 3.424702227267194
list:
dist: 3.424702227267194 vs. 3.424702227267194
--------
nle(id0,id1,dist): 100 107 2.1779943676640054
list:
dist: 2.1779943676640054 vs. 2.1779943676640054
--------
nle(id0,id1,dist): 100 106 2.1325944025658736
list:
dist: 2.1325944025658736 vs. 2.1325944025658736
--------
nle(id0,id1,dist): 100 105 2.0532011877276926
list:
dist: 2.0532011877276926 vs. 2.0532011877276926
--------
nle(id0,id1,dist): 100 104 1.0752944515992975
list:
dist: 1.0752944515992975 vs. 1.0752944515992975
--------
nle(id0,id1,dist): 100 103 2.1165728353150146
list:
dist: 2.1165728353150146 vs. 2.1165728353150146
--------
nle(id0,id1,dist): 100 102 2.2774590332074216
list:
dist: 2.2774590332074216 vs. 2.2774590332074216
--------
nle(id0,id1,dist): 100 101 1.0162456954552974
list:
dist: 1.0162456954552974 vs. 1.0162456954552974
--------
nle(id0,id1,dist): 100 119 3.5067452757255833
list:
dist: 3.5067452757255833 vs. 3.5067452757255833
--------
nle(id0,id1,dist): 100 117 3.7102275235391255
list:
dist: 3.7102275235391255 vs. 3.7102275235391255
--------
nle(id0,id1,dist): 100 115 2.862234774763617
list:
dist: 2.862234774763617 vs. 2.862234774763617
--------
nle(id0,id1,dist): 100 113 2.5865658487426706
list:
dist: 2.5865658487426706 vs. 2.5865658487426706
--------
nle(id0,id1,dist): 100 114 2.291152797584325
list:
dist: 2.291152797584325 vs. 2.291152797584325
--------
nle(id0,id1,dist): 100 111 2.9860961217472535
list:
dist: 2.9860961217472535 vs. 2.9860961217472535
--------
nle(id0,id1,dist): 100 112 3.4683929489479604
list:
dist: 3.4683929489479604 vs. 3.4683929489479604
--------
nle(id0,id1,dist): 100 109 0.8708614564094083
list:
dist: 0.8708614564094083 vs. 0.8708614564094083
--------
nle(id0,id1,dist): 100 110 2.0070338445566973
list:
dist: 2.0070338445566973 vs. 2.0070338445566973
--------
nle(id0,id1,dist): 103 105 1.9557278874563566
list:
dist: 1.9557278874563566 vs. 1.9557278874563566
--------
nle(id0,id1,dist): 103 104 2.0309701801823326
list:
dist: 2.0309701801823326 vs. 2.0309701801823326
--------
nle(id0,id1,dist): 103 107 1.2236717526135072
list:
dist: 1.2236717526135072 vs. 1.2236717526135072
--------
nle(id0,id1,dist): 103 106 1.6813380812166623
list:
dist: 1.6813380812166623 vs. 1.6813380812166623
--------
nle(id0,id1,dist): 103 109 1.4097485575813837
list:
dist: 1.4097485575813837 vs. 1.4097485575813837
--------
nle(id0,id1,dist): 103 108 2.5536972239184164
list:
dist: 2.5536972239184164 vs. 2.5536972239184164
--------
nle(id0,id1,dist): 102 104 2.786378729113647
list:
dist: 2.786378729113647 vs. 2.786378729113647
--------
nle(id0,id1,dist): 102 109 1.9082441875501008
list:
dist: 1.9082441875501008 vs. 1.9082441875501008
--------
nle(id0,id1,dist): 104 109 1.380345443400283
list:
dist: 1.380345443400283 vs. 1.380345443400283
--------
nle(id0,id1,dist): 104 110 1.3030306936242209
list:
dist: 1.3030306936242209 vs. 1.3030306936242209
--------
nle(id0,id1,dist): 104 111 2.4222679536542757
list:
dist: 2.4222679536542757 vs. 2.4222679536542757
--------
nle(id0,id1,dist): 104 112 2.5784181037011837
list:
dist: 2.5784181037011837 vs. 2.5784181037011837
--------
nle(id0,id1,dist): 104 105 1.065659891685812
list:
dist: 1.065659891685812 vs. 1.065659891685812
--------
nle(id0,id1,dist): 104 106 1.319094157317882
list:
dist: 1.319094157317882 vs. 1.319094157317882
--------
nle(id0,id1,dist): 104 107 1.6950106835570347
list:
dist: 1.6950106835570347 vs. 1.6950106835570347
--------
nle(id0,id1,dist): 104 108 2.627976585378203
list:
dist: 2.627976585378203 vs. 2.627976585378203
--------
nle(id0,id1,dist): 104 117 2.751158392908656
list:
dist: 2.751158392908656 vs. 2.751158392908656
--------
nle(id0,id1,dist): 104 119 3.216265588953464
list:
dist: 3.216265588953464 vs. 3.216265588953464
--------
nle(id0,id1,dist): 104 113 2.153599055146999
list:
dist: 2.153599055146999 vs. 2.153599055146999
--------
nle(id0,id1,dist): 104 114 1.461039284719581
list:
dist: 1.461039284719581 vs. 1.461039284719581
--------
nle(id0,id1,dist): 104 115 1.8372012985825652
list:
dist: 1.8372012985825652 vs. 1.8372012985825652
--------
nle(id0,id1,dist): 103 114 1.9255047305664312
list:
dist: 1.9255047305664312 vs. 1.9255047305664312
--------
nle(id0,id1,dist): 147 149 2.5477198794118565
list:
dist: 2.5477198794118565 vs. 2.5477198794118565
--------
nle(id0,id1,dist): 147 148 1.6388291778900717
list:
dist: 1.6388291778900717 vs. 1.6388291778900717
--------
nle(id0,id1,dist): 146 147 1.8944521457974228
list:
dist: 1.8944521457974228 vs. 1.8944521457974228
--------
nle(id0,id1,dist): 146 148 2.2742911006478392
list:
dist: 2.2742911006478392 vs. 2.2742911006478392
--------
nle(id0,id1,dist): 146 149 1.6802974998308298
list:
dist: 1.6802974998308298 vs. 1.6802974998308298
--------
nle(id0,id1,dist): 144 148 2.682436026406929
list:
dist: 2.682436026406929 vs. 2.682436026406929
--------
nle(id0,id1,dist): 144 147 2.974099219524239
list:
dist: 2.974099219524239 vs. 2.974099219524239
--------
nle(id0,id1,dist): 144 146 1.6262187459015083
list:
dist: 1.6262187459015083 vs. 1.6262187459015083
--------
nle(id0,id1,dist): 144 145 1.9583427531500404
list:
dist: 1.9583427531500404 vs. 1.9583427531500404
--------
nle(id0,id1,dist): 144 149 1.4481932194054288
list:
dist: 1.4481932194054288 vs. 1.4481932194054288
--------
nle(id0,id1,dist): 145 149 1.3067264774306353
list:
dist: 1.3067264774306353 vs. 1.3067264774306353
--------
nle(id0,id1,dist): 145 148 2.215228545118009
list:
dist: 2.215228545118009 vs. 2.215228545118009
--------
nle(id0,id1,dist): 145 147 1.3486682866042143
list:
dist: 1.3486682866042143 vs. 1.3486682866042143
--------
nle(id0,id1,dist): 145 146 0.9815973693974346
list:
dist: 0.9815973693974346 vs. 0.9815973693974346
--------
nle(id0,id1,dist): 142 149 1.3687486811663225
list:
dist: 1.3687486811663225 vs. 1.3687486811663225
--------
nle(id0,id1,dist): 142 147 1.8987355503270391
list:
dist: 1.8987355503270391 vs. 1.8987355503270391
--------
nle(id0,id1,dist): 142 148 2.6120124811846273
list:
dist: 2.6120124811846273 vs. 2.6120124811846273
--------
nle(id0,id1,dist): 142 145 1.37101104996406
list:
dist: 1.37101104996406 vs. 1.37101104996406
--------
nle(id0,id1,dist): 142 146 2.25608974809562
list:
dist: 2.25608974809562 vs. 2.25608974809562
--------
nle(id0,id1,dist): 142 143 1.446873837957227
list:
dist: 1.446873837957227 vs. 1.446873837957227
--------
nle(id0,id1,dist): 142 144 2.407807981547342
list:
dist: 2.407807981547342 vs. 2.407807981547342
--------
nle(id0,id1,dist): 143 146 1.0944851005594969
list:
dist: 1.0944851005594969 vs. 1.0944851005594969
--------
nle(id0,id1,dist): 143 147 1.462981484337359
list:
dist: 1.462981484337359 vs. 1.462981484337359
--------
nle(id0,id1,dist): 143 148 1.6376941446033793
list:
dist: 1.6376941446033793 vs. 1.6376941446033793
--------
nle(id0,id1,dist): 143 149 1.4084701560567285
list:
dist: 1.4084701560567285 vs. 1.4084701560567285
--------
nle(id0,id1,dist): 143 144 1.5266201582039314
list:
dist: 1.5266201582039314 vs. 1.5266201582039314
--------
nle(id0,id1,dist): 143 145 0.7978426003403212
list:
dist: 0.7978426003403212 vs. 0.7978426003403212
--------
nle(id0,id1,dist): 141 142 2.951779471652658
list:
dist: 2.951779471652658 vs. 2.951779471652658
--------
nle(id0,id1,dist): 141 143 1.6019687180885662
list:
dist: 1.6019687180885662 vs. 1.6019687180885662
--------
nle(id0,id1,dist): 140 149 2.3497648385432606
list:
dist: 2.3497648385432606 vs. 2.3497648385432606
--------
nle(id0,id1,dist): 141 145 2.2355766331492286
list:
dist: 2.2355766331492286 vs. 2.2355766331492286
--------
nle(id0,id1,dist): 141 144 2.053189973359946
list:
dist: 2.053189973359946 vs. 2.053189973359946
--------
nle(id0,id1,dist): 141 147 2.2206387423337857
list:
dist: 2.2206387423337857 vs. 2.2206387423337857
--------
nle(id0,id1,dist): 141 146 1.8442744886099238
list:
dist: 1.8442744886099238 vs. 1.8442744886099238
--------
nle(id0,id1,dist): 141 148 1.0890944092303407
list:
dist: 1.0890944092303407 vs. 1.0890944092303407
--------
nle(id0,id1,dist): 140 145 2.5540040394507932
list:
dist: 2.5540040394507932 vs. 2.5540040394507932
--------
nle(id0,id1,dist): 140 146 3.392206737695379
list:
dist: 3.392206737695379 vs. 3.392206737695379
--------
nle(id0,id1,dist): 140 147 2.7284155895374136
list:
dist: 2.7284155895374136 vs. 2.7284155895374136
--------
nle(id0,id1,dist): 140 148 3.1235609015382098
list:
dist: 3.1235609015382098 vs. 3.1235609015382098
--------
nle(id0,id1,dist): 140 141 3.655862661293005
list:
dist: 3.655862661293005 vs. 3.655862661293005
--------
nle(id0,id1,dist): 140 142 1.2176656497896052
list:
dist: 1.2176656497896052 vs. 1.2176656497896052
--------
nle(id0,id1,dist): 140 143 2.4243811933918478
list:
dist: 2.4243811933918478 vs. 2.4243811933918478
--------
nle(id0,id1,dist): 140 144 3.202318737080547
list:
dist: 3.202318737080547 vs. 3.202318737080547
--------
nle(id0,id1,dist): 138 141 0.6985770779057631
list:
dist: 0.6985770779057631 vs. 0.6985770779057631
--------
nle(id0,id1,dist): 138 142 2.253238644361296
list:
dist: 2.253238644361296 vs. 2.253238644361296
--------
nle(id0,id1,dist): 138 140 2.9988131871257666
list:
dist: 2.9988131871257666 vs. 2.9988131871257666
--------
nle(id0,id1,dist): 138 149 2.2371310423779636
list:
dist: 2.2371310423779636 vs. 2.2371310423779636
--------
nle(id0,id1,dist): 138 148 0.9763276339047096
list:
dist: 0.9763276339047096 vs. 0.9763276339047096
--------
nle(id0,id1,dist): 138 147 1.743181315956453
list:
dist: 1.743181315956453 vs. 1.743181315956453
--------
nle(id0,id1,dist): 138 146 1.486461887342195
list:
dist: 1.486461887342195 vs. 1.486461887342195
--------
nle(id0,id1,dist): 138 145 1.6351948457366734
list:
dist: 1.6351948457366734 vs. 1.6351948457366734
--------
nle(id0,id1,dist): 138 144 1.7345381392070827
list:
dist: 1.7345381392070827 vs. 1.7345381392070827
--------
nle(id0,id1,dist): 138 143 0.9358495086515175
list:
dist: 0.9358495086515175 vs. 0.9358495086515175
--------
nle(id0,id1,dist): 137 144 3.4320326596626756
list:
dist: 3.4320326596626756 vs. 3.4320326596626756
--------
nle(id0,id1,dist): 137 145 2.70124310772885
list:
dist: 2.70124310772885 vs. 2.70124310772885
--------
nle(id0,id1,dist): 137 146 2.998369104229979
list:
dist: 2.998369104229979 vs. 2.998369104229979
--------
nle(id0,id1,dist): 137 147 1.7723911513776498
list:
dist: 1.7723911513776498 vs. 1.7723911513776498
--------
nle(id0,id1,dist): 137 140 3.0199723516900447
list:
dist: 3.0199723516900447 vs. 3.0199723516900447
--------
nle(id0,id1,dist): 137 141 1.9835252315580927
list:
dist: 1.9835252315580927 vs. 1.9835252315580927
--------
nle(id0,id1,dist): 137 142 2.7792939915278843
list:
dist: 2.7792939915278843 vs. 2.7792939915278843
--------
nle(id0,id1,dist): 137 143 2.234281168715435
list:
dist: 2.234281168715435 vs. 2.234281168715435
--------
nle(id0,id1,dist): 137 138 1.8088109710195337
list:
dist: 1.8088109710195337 vs. 1.8088109710195337
--------
nle(id0,id1,dist): 137 148 0.9025423170585752
list:
dist: 0.9025423170585752 vs. 0.9025423170585752
--------
nle(id0,id1,dist): 136 147 2.0154796943188877
list:
dist: 2.0154796943188877 vs. 2.0154796943188877
--------
nle(id0,id1,dist): 136 148 1.8987177814063039
list:
dist: 1.8987177814063039 vs. 1.8987177814063039
--------
nle(id0,id1,dist): 136 145 2.341349229914178
list:
dist: 2.341349229914178 vs. 2.341349229914178
--------
nle(id0,id1,dist): 136 146 3.0018700897978667
list:
dist: 3.0018700897978667 vs. 3.0018700897978667
--------
nle(id0,id1,dist): 136 149 2.648928126960187
list:
dist: 2.648928126960187 vs. 2.648928126960187
--------
nle(id0,id1,dist): 136 140 1.3902219173082395
list:
dist: 1.3902219173082395 vs. 1.3902219173082395
--------
nle(id0,id1,dist): 136 137 1.6705380434488788
list:
dist: 1.6705380434488788 vs. 1.6705380434488788
--------
nle(id0,id1,dist): 136 138 2.1007786027492745
list:
dist: 2.1007786027492745 vs. 2.1007786027492745
--------
nle(id0,id1,dist): 136 143 1.92848294071395
list:
dist: 1.92848294071395 vs. 1.92848294071395
--------
nle(id0,id1,dist): 136 144 2.9903770395772034
list:
dist: 2.9903770395772034 vs. 2.9903770395772034
--------
nle(id0,id1,dist): 136 141 2.651710678060631
list:
dist: 2.651710678060631 vs. 2.651710678060631
--------
nle(id0,id1,dist): 136 142 1.5962752969361949
list:
dist: 1.5962752969361949 vs. 1.5962752969361949
--------
nle(id0,id1,dist): 135 142 1.1895830380000783
list:
dist: 1.1895830380000783 vs. 1.1895830380000783
--------
nle(id0,id1,dist): 135 143 1.3102897475522999
list:
dist: 1.3102897475522999 vs. 1.3102897475522999
--------
nle(id0,id1,dist): 135 144 2.140028563919389
list:
dist: 2.140028563919389 vs. 2.140028563919389
--------
nle(id0,id1,dist): 135 145 1.8293223434267616
list:
dist: 1.8293223434267616 vs. 1.8293223434267616
--------
nle(id0,id1,dist): 135 146 2.395368779167383
list:
dist: 2.395368779167383 vs. 2.395368779167383
--------
nle(id0,id1,dist): 135 147 2.0246343303868413
list:
dist: 2.0246343303868413 vs. 2.0246343303868413
--------
nle(id0,id1,dist): 135 148 1.8739609651678706
list:
dist: 1.8739609651678706 vs. 1.8739609651678706
--------
nle(id0,id1,dist): 135 149 1.8725077456808394
list:
dist: 1.8725077456808394 vs. 1.8725077456808394
--------
nle(id0,id1,dist): 134 148 1.1015342687877419
list:
dist: 1.1015342687877419 vs. 1.1015342687877419
--------
nle(id0,id1,dist): 134 147 1.1415470315787912
list:
dist: 1.1415470315787912 vs. 1.1415470315787912
--------
nle(id0,id1,dist): 135 140 1.4186020388365375
list:
dist: 1.4186020388365375 vs. 1.4186020388365375
--------
nle(id0,id1,dist): 135 141 2.265806929396857
list:
dist: 2.265806929396857 vs. 2.265806929396857
--------
nle(id0,id1,dist): 135 138 1.6401034903851335
list:
dist: 1.6401034903851335 vs. 1.6401034903851335
--------
nle(id0,id1,dist): 135 136 0.8823670292167635
list:
dist: 0.8823670292167635 vs. 0.8823670292167635
--------
nle(id0,id1,dist): 135 137 2.060905795010375
list:
dist: 2.060905795010375 vs. 2.060905795010375
--------
nle(id0,id1,dist): 134 135 2.522579876351895
list:
dist: 2.522579876351895 vs. 2.522579876351895
--------
nle(id0,id1,dist): 134 136 2.417172421661548
list:
dist: 2.417172421661548 vs. 2.417172421661548
--------
nle(id0,id1,dist): 134 137 1.2574058047410839
list:
dist: 1.2574058047410839 vs. 1.2574058047410839
--------
nle(id0,id1,dist): 134 138 1.664534582894485
list:
dist: 1.664534582894485 vs. 1.664534582894485
--------
nle(id0,id1,dist): 134 143 1.9923316337563284
list:
dist: 1.9923316337563284 vs. 1.9923316337563284
--------
nle(id0,id1,dist): 134 144 3.3071985419815446
list:
dist: 3.3071985419815446 vs. 3.3071985419815446
--------
nle(id0,id1,dist): 134 145 2.198235241433217
list:
dist: 2.198235241433217 vs. 2.198235241433217
--------
nle(id0,id1,dist): 134 146 2.3181648596443067
list:
dist: 2.3181648596443067 vs. 2.3181648596443067
--------
nle(id0,id1,dist): 134 140 3.5136727187421046
list:
dist: 3.5136727187421046 vs. 3.5136727187421046
--------
nle(id0,id1,dist): 134 141 1.785786001407008
list:
dist: 1.785786001407008 vs. 1.785786001407008
--------
nle(id0,id1,dist): 134 142 2.841597360081237
list:
dist: 2.841597360081237 vs. 2.841597360081237
--------
nle(id0,id1,dist): 133 135 2.5213966774158254
list:
dist: 2.5213966774158254 vs. 2.5213966774158254
--------
nle(id0,id1,dist): 133 134 1.0909911407577169
list:
dist: 1.0909911407577169 vs. 1.0909911407577169
--------
nle(id0,id1,dist): 133 138 2.3571431185820817
list:
dist: 2.3571431185820817 vs. 2.3571431185820817
--------
nle(id0,id1,dist): 133 136 2.1540654546687725
list:
dist: 2.1540654546687725 vs. 2.1540654546687725
--------
nle(id0,id1,dist): 133 137 1.471791204038435
list:
dist: 1.471791204038435 vs. 1.471791204038435
--------
nle(id0,id1,dist): 133 142 2.5776569279586186
list:
dist: 2.5776569279586186 vs. 2.5776569279586186
--------
nle(id0,id1,dist): 133 143 2.3242492818376643
list:
dist: 2.3242492818376643 vs. 2.3242492818376643
--------
nle(id0,id1,dist): 133 140 3.07836381481099
list:
dist: 3.07836381481099 vs. 3.07836381481099
--------
nle(id0,id1,dist): 133 141 2.697728712355002
list:
dist: 2.697728712355002 vs. 2.697728712355002
--------
nle(id0,id1,dist): 133 146 2.8325162857326887
list:
dist: 2.8325162857326887 vs. 2.8325162857326887
--------
nle(id0,id1,dist): 133 147 0.9878983054766025
list:
dist: 0.9878983054766025 vs. 0.9878983054766025
--------
nle(id0,id1,dist): 133 144 3.8252478526325584
list:
dist: 3.8252478526325584 vs. 3.8252478526325584
--------
nle(id0,id1,dist): 133 145 2.3268344131892276
list:
dist: 2.3268344131892276 vs. 2.3268344131892276
--------
nle(id0,id1,dist): 133 148 1.8108860101276658
list:
dist: 1.8108860101276658 vs. 1.8108860101276658
--------
nle(id0,id1,dist): 132 134 3.180935693860807
list:
dist: 3.180935693860807 vs. 3.180935693860807
--------
nle(id0,id1,dist): 132 133 2.15457314753714
list:
dist: 2.15457314753714 vs. 2.15457314753714
--------
nle(id0,id1,dist): 132 136 2.4337761867490006
list:
dist: 2.4337761867490006 vs. 2.4337761867490006
--------
nle(id0,id1,dist): 132 137 3.039694141442956
list:
dist: 3.039694141442956 vs. 3.039694141442956
--------
nle(id0,id1,dist): 132 140 2.429919040409017
list:
dist: 2.429919040409017 vs. 2.429919040409017
--------
nle(id0,id1,dist): 132 142 2.5200588561111252
list:
dist: 2.5200588561111252 vs. 2.5200588561111252
--------
nle(id0,id1,dist): 132 145 3.156857937867707
list:
dist: 3.156857937867707 vs. 3.156857937867707
--------
nle(id0,id1,dist): 132 147 2.4288694831389406
list:
dist: 2.4288694831389406 vs. 2.4288694831389406
--------
nle(id0,id1,dist): 131 147 1.9537714310047545
list:
dist: 1.9537714310047545 vs. 1.9537714310047545
--------
nle(id0,id1,dist): 131 146 1.7395140024842464
list:
dist: 1.7395140024842464 vs. 1.7395140024842464
--------
nle(id0,id1,dist): 131 149 0.9523731050820576
list:
dist: 0.9523731050820576 vs. 0.9523731050820576
--------
nle(id0,id1,dist): 131 148 2.2423670325059315
list:
dist: 2.2423670325059315 vs. 2.2423670325059315
--------
nle(id0,id1,dist): 131 142 0.8263115832033836
list:
dist: 0.8263115832033836 vs. 0.8263115832033836
--------
nle(id0,id1,dist): 131 143 0.8666294790582255
list:
dist: 0.8666294790582255 vs. 0.8666294790582255
--------
nle(id0,id1,dist): 131 144 1.6041456994672403
list:
dist: 1.6041456994672403 vs. 1.6041456994672403
--------
nle(id0,id1,dist): 131 145 1.1422959746239936
list:
dist: 1.1422959746239936 vs. 1.1422959746239936
--------
nle(id0,id1,dist): 131 138 1.6466080988669671
list:
dist: 1.6466080988669671 vs. 1.6466080988669671
--------
nle(id0,id1,dist): 131 140 1.7363292594825097
list:
dist: 1.7363292594825097 vs. 1.7363292594825097
--------
nle(id0,id1,dist): 131 141 2.324537569983697
list:
dist: 2.324537569983697 vs. 2.324537569983697
--------
nle(id0,id1,dist): 131 134 2.6812110801295006
list:
dist: 2.6812110801295006 vs. 2.6812110801295006
--------
nle(id0,id1,dist): 131 135 0.9456305055260245
list:
dist: 0.9456305055260245 vs. 0.9456305055260245
--------
nle(id0,id1,dist): 131 136 1.714085149992526
list:
dist: 1.714085149992526 vs. 1.714085149992526
--------
nle(id0,id1,dist): 131 137 2.649890483740805
list:
dist: 2.649890483740805 vs. 2.649890483740805
--------
nle(id0,id1,dist): 131 132 3.208849020696185
list:
dist: 3.208849020696185 vs. 3.208849020696185
--------
nle(id0,id1,dist): 131 133 2.7461501980821015
list:
dist: 2.7461501980821015 vs. 2.7461501980821015
--------
nle(id0,id1,dist): 130 147 2.3858233803300646
list:
dist: 2.3858233803300646 vs. 2.3858233803300646
--------
nle(id0,id1,dist): 130 145 3.3083657319904187
list:
dist: 3.3083657319904187 vs. 3.3083657319904187
--------
nle(id0,id1,dist): 130 142 2.708814770495159
list:
dist: 2.708814770495159 vs. 2.708814770495159
--------
nle(id0,id1,dist): 130 140 2.5117555017033495
list:
dist: 2.5117555017033495 vs. 2.5117555017033495
--------
nle(id0,id1,dist): 130 137 2.5438700516835904
list:
dist: 2.5438700516835904 vs. 2.5438700516835904
--------
nle(id0,id1,dist): 130 136 2.15061356759362
list:
dist: 2.15061356759362 vs. 2.15061356759362
--------
nle(id0,id1,dist): 130 132 0.7567456849349221
list:
dist: 0.7567456849349221 vs. 0.7567456849349221
--------
nle(id0,id1,dist): 130 131 3.279521086391135
list:
dist: 3.279521086391135 vs. 3.279521086391135
--------
nle(id0,id1,dist): 130 134 2.8953618585668437
list:
dist: 2.8953618585668437 vs. 2.8953618585668437
--------
nle(id0,id1,dist): 130 133 1.8824420841565153
list:
dist: 1.8824420841565153 vs. 1.8824420841565153
--------
nle(id0,id1,dist): 129 148 2.229358370307655
list:
dist: 2.229358370307655 vs. 2.229358370307655
--------
nle(id0,id1,dist): 129 141 2.8368452771142456
list:
dist: 2.8368452771142456 vs. 2.8368452771142456
--------
nle(id0,id1,dist): 129 134 2.1315887192534824
list:
dist: 2.1315887192534824 vs. 2.1315887192534824
--------
nle(id0,id1,dist): 129 133 2.6746359444963854
list:
dist: 2.6746359444963854 vs. 2.6746359444963854
--------
nle(id0,id1,dist): 129 137 1.950844545432721
list:
dist: 1.950844545432721 vs. 1.950844545432721
--------
nle(id0,id1,dist): 129 130 3.987605246795211
list:
dist: 3.987605246795211 vs. 3.987605246795211
--------
nle(id0,id1,dist): 128 147 2.299028838245737
list:
dist: 2.299028838245737 vs. 2.299028838245737
--------
nle(id0,id1,dist): 128 148 1.569377552604899
list:
dist: 1.569377552604899 vs. 1.569377552604899
--------
nle(id0,id1,dist): 128 145 2.7033679873661125
list:
dist: 2.7033679873661125 vs. 2.7033679873661125
--------
nle(id0,id1,dist): 128 146 2.2323426873398047
list:
dist: 2.2323426873398047 vs. 2.2323426873398047
--------
nle(id0,id1,dist): 128 133 2.5654312797928815
list:
dist: 2.5654312797928815 vs. 2.5654312797928815
--------
nle(id0,id1,dist): 128 134 1.4802638610444645
list:
dist: 1.4802638610444645 vs. 1.4802638610444645
--------
nle(id0,id1,dist): 128 135 3.209213686829189
list:
dist: 3.209213686829189 vs. 3.209213686829189
--------
nle(id0,id1,dist): 128 136 3.404998351035475
list:
dist: 3.404998351035475 vs. 3.404998351035475
--------
nle(id0,id1,dist): 128 129 2.3504247089995323
list:
dist: 2.3504247089995323 vs. 2.3504247089995323
--------
nle(id0,id1,dist): 128 131 3.2052010025405138
list:
dist: 3.2052010025405138 vs. 3.2052010025405138
--------
nle(id0,id1,dist): 128 141 1.2393945178208756
list:
dist: 1.2393945178208756 vs. 1.2393945178208756
--------
nle(id0,id1,dist): 128 142 3.6777468946339185
list:
dist: 3.6777468946339185 vs. 3.6777468946339185
--------
nle(id0,id1,dist): 128 143 2.361110975854847
list:
dist: 2.361110975854847 vs. 2.361110975854847
--------
nle(id0,id1,dist): 128 144 3.0694720005169818
list:
dist: 3.0694720005169818 vs. 3.0694720005169818
--------
nle(id0,id1,dist): 128 137 2.2422951099835613
list:
dist: 2.2422951099835613 vs. 2.2422951099835613
--------
nle(id0,id1,dist): 128 138 1.671141800408228
list:
dist: 1.671141800408228 vs. 1.671141800408228
--------
nle(id0,id1,dist): 128 140 4.482778286668799
list:
dist: 4.482778286668799 vs. 4.482778286668799
--------
nle(id0,id1,dist): 126 139 4.794384844598097
list:
dist: 4.794384844598097 vs. 4.794384844598097
--------
nle(id0,id1,dist): 126 141 3.394030524039666
list:
dist: 3.394030524039666 vs. 3.394030524039666
--------
nle(id0,id1,dist): 126 148 2.323556843778339
list:
dist: 2.323556843778339 vs. 2.323556843778339
--------
nle(id0,id1,dist): 126 128 3.3748695467613286
list:
dist: 3.3748695467613286 vs. 3.3748695467613286
--------
nle(id0,id1,dist): 126 130 2.1096854080522873
list:
dist: 2.1096854080522873 vs. 2.1096854080522873
--------
nle(id0,id1,dist): 126 129 2.0770661540160793
list:
dist: 2.0770661540160793 vs. 2.0770661540160793
--------
nle(id0,id1,dist): 126 134 2.181346766910545
list:
dist: 2.181346766910545 vs. 2.181346766910545
--------
nle(id0,id1,dist): 126 133 1.7800707848327675
list:
dist: 1.7800707848327675 vs. 1.7800707848327675
--------
nle(id0,id1,dist): 126 137 1.440952430324638
list:
dist: 1.440952430324638 vs. 1.440952430324638
--------
nle(id0,id1,dist): 125 146 1.9494036913533528
list:
dist: 1.9494036913533528 vs. 1.9494036913533528
--------
nle(id0,id1,dist): 125 147 0.7041594429224884
list:
dist: 0.7041594429224884 vs. 0.7041594429224884
--------
nle(id0,id1,dist): 125 144 2.6253750968514744
list:
dist: 2.6253750968514744 vs. 2.6253750968514744
--------
nle(id0,id1,dist): 125 145 1.3464988311303976
list:
dist: 1.3464988311303976 vs. 1.3464988311303976
--------
nle(id0,id1,dist): 125 148 1.3078399347113412
list:
dist: 1.3078399347113412 vs. 1.3078399347113412
--------
nle(id0,id1,dist): 125 149 2.2783722799499957
list:
dist: 2.2783722799499957 vs. 2.2783722799499957
--------
nle(id0,id1,dist): 125 131 1.49387748941666
list:
dist: 1.49387748941666 vs. 1.49387748941666
--------
nle(id0,id1,dist): 125 130 2.3157957209001694
list:
dist: 2.3157957209001694 vs. 2.3157957209001694
--------
nle(id0,id1,dist): 125 128 2.4042512375053016
list:
dist: 2.4042512375053016 vs. 2.4042512375053016
--------
nle(id0,id1,dist): 125 135 1.3517357314786693
list:
dist: 1.3517357314786693 vs. 1.3517357314786693
--------
nle(id0,id1,dist): 125 134 1.3448010493325253
list:
dist: 1.3448010493325253 vs. 1.3448010493325253
--------
nle(id0,id1,dist): 125 133 1.2766684233657926
list:
dist: 1.2766684233657926 vs. 1.2766684233657926
--------
nle(id0,id1,dist): 125 132 2.4469779275448973
list:
dist: 2.4469779275448973 vs. 2.4469779275448973
--------
nle(id0,id1,dist): 125 138 1.3968390086772222
list:
dist: 1.3968390086772222 vs. 1.3968390086772222
--------
nle(id0,id1,dist): 125 137 1.444114959753579
list:
dist: 1.444114959753579 vs. 1.444114959753579
--------
nle(id0,id1,dist): 125 136 1.3635441893472657
list:
dist: 1.3635441893472657 vs. 1.3635441893472657
--------
nle(id0,id1,dist): 125 143 1.1337513161560984
list:
dist: 1.1337513161560984 vs. 1.1337513161560984
--------
nle(id0,id1,dist): 125 142 1.5175759662858685
list:
dist: 1.5175759662858685 vs. 1.5175759662858685
--------
nle(id0,id1,dist): 125 141 1.9752619871694825
list:
dist: 1.9752619871694825 vs. 1.9752619871694825
--------
nle(id0,id1,dist): 125 140 2.2097039214997523
list:
dist: 2.2097039214997523 vs. 2.2097039214997523
2. Check the NeighborList query for coordinates against the neighbor list for consistency
list:
dist: 1.3808640615049714 vs. 1.3808640615049714
list:
dist: 2.236003218696126 vs. 2.236003218696126
list:
dist: 1.381826590449378 vs. 1.381826590449378
list:
dist: 2.102818404255696 vs. 2.102818404255696
list:
dist: 2.76459997151655 vs. 2.76459997151655
list:
dist: 1.7042740965551426 vs. 1.7042740965551426
list:
dist: 2.217110743103388 vs. 2.217110743103388
list:
dist: 2.645006176523532 vs. 2.645006176523532
list:
dist: 3.15999705777284 vs. 3.15999705777284
list:
dist: 2.236003218696126 vs. 2.236003218696126
list:
dist: 2.3397243664881646 vs. 2.3397243664881646
list:
dist: 1.7654507917031252 vs. 1.7654507917031252
list:
dist: 0.9320663849077614 vs. 0.9320663849077614
list:
dist: 0.5192211529878353 vs. 0.5192211529878353
list:
dist: 0.6204107473432612 vs. 0.6204107473432612
list:
dist: 1.1057506696551394 vs. 1.1057506696551394
list:
dist: 1.7401700072185238 vs. 1.7401700072185238
list:
dist: 2.8592651012189783 vs. 2.8592651012189783
list:
dist: 1.6487845852728162 vs. 1.6487845852728162
list:
dist: 2.1879373921593737 vs. 2.1879373921593737
list:
dist: 2.503553573934543 vs. 2.503553573934543
list:
dist: 1.1958047931940445 vs. 1.1958047931940445
list:
dist: 3.063642959661838 vs. 3.063642959661838
list:
dist: 3.0303940103416758 vs. 3.0303940103416758
list:
dist: 3.0848455940257034 vs. 3.0848455940257034
list:
dist: 3.162716194039816 vs. 3.162716194039816
list:
dist: 3.6024123159008035 vs. 3.6024123159008035
list:
dist: 3.557490372157963 vs. 3.557490372157963
list:
dist: 2.3397243664881646 vs. 2.3397243664881646
list:
dist: 3.1508732121756773 vs. 3.1508732121756773
list:
dist: 2.4888274867888898 vs. 2.4888274867888898
list:
dist: 1.7587449717074044 vs. 1.7587449717074044
list:
dist: 3.2233335400584475 vs. 3.2233335400584475
list:
dist: 3.3366424814255518 vs. 3.3366424814255518
list:
dist: 1.6934327950441521 vs. 1.6934327950441521
list:
dist: 2.133032003250236 vs. 2.133032003250236
list:
dist: 3.321832000360269 vs. 3.321832000360269
list:
dist: 2.6473363158092758 vs. 2.6473363158092758
list:
dist: 1.6934327950441521 vs. 1.6934327950441521
list:
dist: 2.528638612677069 vs. 2.528638612677069
list:
dist: 1.6487845852728162 vs. 1.6487845852728162
list:
dist: 2.375444139875164 vs. 2.375444139875164
list:
dist: 1.4265878459978145 vs. 1.4265878459978145
list:
dist: 1.4330373694006964 vs. 1.4330373694006964
list:
dist: 1.9830666885281698 vs. 1.9830666885281698
list:
dist: 1.9806811247581066 vs. 1.9806811247581066
list:
dist: 1.7236862627032339 vs. 1.7236862627032339
list:
dist: 1.747548845215341 vs. 1.747548845215341
list:
dist: 2.0915252355629317 vs. 2.0915252355629317
list:
dist: 1.4345801953008213 vs. 1.4345801953008213
list:
dist: 2.9134353844253087 vs. 2.9134353844253087
list:
dist: 2.3123788855498972 vs. 2.3123788855498972
list:
dist: 2.8448509986613484 vs. 2.8448509986613484
list:
dist: 3.5301173893609468 vs. 3.5301173893609468
list:
dist: 3.3411677584465345 vs. 3.3411677584465345
list:
dist: 2.1845810575043823 vs. 2.1845810575043823
list:
dist: 3.1117694368234514 vs. 3.1117694368234514
list:
dist: 2.748939571620774 vs. 2.748939571620774
list:
dist: 4.283696446986837 vs. 4.283696446986837
list:
dist: 4.174936034076335 vs. 4.174936034076335
list:
dist: 4.214021764803226 vs. 4.214021764803226
list:
dist: 1.381826590449378 vs. 1.381826590449378
list:
dist: 3.1508732121756773 vs. 3.1508732121756773
list:
dist: 1.1624945229385777 vs. 1.1624945229385777
list:
dist: 0.9320663849077614 vs. 0.9320663849077614
list:
dist: 0.9884392270285521 vs. 0.9884392270285521
list:
dist: 1.4074183128611253 vs. 1.4074183128611253
list:
dist: 1.118837103670892 vs. 1.118837103670892
list:
dist: 1.8876486086418456 vs. 1.8876486086418456
list:
dist: 3.2674965250319503 vs. 3.2674965250319503
list:
dist: 2.375444139875164 vs. 2.375444139875164
list:
dist: 3.0713083051685945 vs. 3.0713083051685945
list:
dist: 3.103517949574064 vs. 3.103517949574064
list:
dist: 1.8199720056783324 vs. 1.8199720056783324
list:
dist: 3.2173574937512135 vs. 3.2173574937512135
list:
dist: 3.4308599247877285 vs. 3.4308599247877285
list:
dist: 3.530010562167908 vs. 3.530010562167908
list:
dist: 3.0432985152015033 vs. 3.0432985152015033
list:
dist: 4.0084397287286855 vs. 4.0084397287286855
list:
dist: 2.133032003250236 vs. 2.133032003250236
list:
dist: 3.7334539477994833 vs. 3.7334539477994833
list:
dist: 2.1879373921593737 vs. 2.1879373921593737
list:
dist: 3.0713083051685945 vs. 3.0713083051685945
list:
dist: 2.2507048222092383 vs. 2.2507048222092383
list:
dist: 2.0924858764841052 vs. 2.0924858764841052
list:
dist: 2.513146687588324 vs. 2.513146687588324
list:
dist: 2.4732175622578763 vs. 2.4732175622578763
list:
dist: 2.732928182553003 vs. 2.732928182553003
list:
dist: 1.747548845215341 vs. 1.747548845215341
list:
dist: 1.5265032491004387 vs. 1.5265032491004387
list:
dist: 1.5380875584949265 vs. 1.5380875584949265
list:
dist: 3.0835325173825585 vs. 3.0835325173825585
list:
dist: 2.567578050804382 vs. 2.567578050804382
list:
dist: 2.277646949687737 vs. 2.277646949687737
list:
dist: 3.6734420625135087 vs. 3.6734420625135087
list:
dist: 2.7352084771867697 vs. 2.7352084771867697
list:
dist: 1.5664163740567627 vs. 1.5664163740567627
list:
dist: 2.9880137228020107 vs. 2.9880137228020107
list:
dist: 2.211739049838247 vs. 2.211739049838247
list:
dist: 3.9769869947186716 vs. 3.9769869947186716
list:
dist: 3.765050927855952 vs. 3.765050927855952
list:
dist: 3.495748552573742 vs. 3.495748552573742
list:
dist: 1.3808640615049714 vs. 1.3808640615049714
list:
dist: 3.557490372157963 vs. 3.557490372157963
list:
dist: 1.7654507917031252 vs. 1.7654507917031252
list:
dist: 1.1624945229385777 vs. 1.1624945229385777
list:
dist: 1.497847515716721 vs. 1.497847515716721
list:
dist: 2.0671712814654954 vs. 2.0671712814654954
list:
dist: 1.594646222640031 vs. 1.594646222640031
list:
dist: 2.0680622742160457 vs. 2.0680622742160457
list:
dist: 3.015775088696358 vs. 3.015775088696358
list:
dist: 2.528638612677069 vs. 2.528638612677069
list:
dist: 3.7334539477994833 vs. 3.7334539477994833
list:
dist: 3.53118149067563 vs. 3.53118149067563
list:
dist: 2.3836094059201134 vs. 2.3836094059201134
list:
dist: 3.261081787764588 vs. 3.261081787764588
list:
dist: 3.442285288136449 vs. 3.442285288136449
list:
dist: 3.9167688981099853 vs. 3.9167688981099853
list:
dist: 3.1423967612661063 vs. 3.1423967612661063
list:
dist: 4.361256428865899 vs. 4.361256428865899
list:
dist: 2.6473363158092758 vs. 2.6473363158092758
list:
dist: 2.3836094059201134 vs. 2.3836094059201134
list:
dist: 1.1958047931940445 vs. 1.1958047931940445
list:
dist: 1.8199720056783324 vs. 1.8199720056783324
list:
dist: 1.016042255513087 vs. 1.016042255513087
list:
dist: 1.5125627615118225 vs. 1.5125627615118225
list:
dist: 0.9981989838862907 vs. 0.9981989838862907
list:
dist: 1.02008440168509 vs. 1.02008440168509
list:
dist: 2.1158962453526087 vs. 2.1158962453526087
list:
dist: 1.4345801953008213 vs. 1.4345801953008213
list:
dist: 1.5380875584949265 vs. 1.5380875584949265
list:
dist: 1.3178487122879323 vs. 1.3178487122879323
list:
dist: 2.0725598716369493 vs. 2.0725598716369493
list:
dist: 1.9553144333362964 vs. 1.9553144333362964
list:
dist: 1.9085088366981127 vs. 1.9085088366981127
list:
dist: 2.42909895402597 vs. 2.42909895402597
list:
dist: 2.4331515398322887 vs. 2.4331515398322887
list:
dist: 2.617989037437309 vs. 2.617989037437309
list:
dist: 2.919019530481926 vs. 2.919019530481926
list:
dist: 2.2966504304991076 vs. 2.2966504304991076
list:
dist: 3.7726274387316443 vs. 3.7726274387316443
list:
dist: 3.9412599974120615 vs. 3.9412599974120615
list:
dist: 3.710189306065051 vs. 3.710189306065051
list:
dist: 2.76459997151655 vs. 2.76459997151655
list:
dist: 1.7587449717074044 vs. 1.7587449717074044
list:
dist: 2.0671712814654954 vs. 2.0671712814654954
list:
dist: 0.6204107473432612 vs. 0.6204107473432612
list:
dist: 1.4074183128611253 vs. 1.4074183128611253
list:
dist: 0.9223140221434141 vs. 0.9223140221434141
list:
dist: 1.6659269046680873 vs. 1.6659269046680873
list:
dist: 2.1950417674866594 vs. 2.1950417674866594
list:
dist: 2.939462312134612 vs. 2.939462312134612
list:
dist: 1.4330373694006964 vs. 1.4330373694006964
list:
dist: 2.0924858764841052 vs. 2.0924858764841052
list:
dist: 2.722622946137039 vs. 2.722622946137039
list:
dist: 1.5125627615118225 vs. 1.5125627615118225
list:
dist: 3.4771069223147943 vs. 3.4771069223147943
list:
dist: 3.2678455085399905 vs. 3.2678455085399905
list:
dist: 3.4038980008376067 vs. 3.4038980008376067
list:
dist: 3.7010838795509975 vs. 3.7010838795509975
list:
dist: 3.9325017215734492 vs. 3.9325017215734492
list:
dist: 3.3366424814255518 vs. 3.3366424814255518
list:
dist: 3.015775088696358 vs. 3.015775088696358
list:
dist: 2.8592651012189783 vs. 2.8592651012189783
list:
dist: 3.2674965250319503 vs. 3.2674965250319503
list:
dist: 2.410594316389843 vs. 2.410594316389843
list:
dist: 2.939462312134612 vs. 2.939462312134612
list:
dist: 2.4446441016826697 vs. 2.4446441016826697
list:
dist: 1.8862825125602307 vs. 1.8862825125602307
list:
dist: 1.7236862627032339 vs. 1.7236862627032339
list:
dist: 2.732928182553003 vs. 2.732928182553003
list:
dist: 1.9965297792959347 vs. 1.9965297792959347
list:
dist: 2.1158962453526087 vs. 2.1158962453526087
list:
dist: 1.998687097410907 vs. 1.998687097410907
list:
dist: 1.1863683625683308 vs. 1.1863683625683308
list:
dist: 2.3845441574254034 vs. 2.3845441574254034
list:
dist: 2.897996486376913 vs. 2.897996486376913
list:
dist: 2.708736056259957 vs. 2.708736056259957
list:
dist: 2.506552187135604 vs. 2.506552187135604
list:
dist: 1.95852034292068 vs. 1.95852034292068
list:
dist: 2.119311645312225 vs. 2.119311645312225
list:
dist: 3.065141929639201 vs. 3.065141929639201
list:
dist: 3.081468034105441 vs. 3.081468034105441
list:
dist: 3.363213986144267 vs. 3.363213986144267
list:
dist: 2.506552187135604 vs. 2.506552187135604
list:
dist: 2.1845810575043823 vs. 2.1845810575043823
list:
dist: 1.5664163740567627 vs. 1.5664163740567627
list:
dist: 2.019679208266254 vs. 2.019679208266254
list:
dist: 2.617989037437309 vs. 2.617989037437309
list:
dist: 2.387857676889172 vs. 2.387857676889172
list:
dist: 1.9770459952645634 vs. 1.9770459952645634
list:
dist: 3.8789666447827784 vs. 3.8789666447827784
list:
dist: 2.102818404255696 vs. 2.102818404255696
list:
dist: 2.4888274867888898 vs. 2.4888274867888898
list:
dist: 1.497847515716721 vs. 1.497847515716721
list:
dist: 0.5192211529878353 vs. 0.5192211529878353
list:
dist: 0.9884392270285521 vs. 0.9884392270285521
list:
dist: 0.9223140221434141 vs. 0.9223140221434141
list:
dist: 0.8022586926439066 vs. 0.8022586926439066
list:
dist: 1.341763910200806 vs. 1.341763910200806
list:
dist: 2.410594316389843 vs. 2.410594316389843
list:
dist: 1.4265878459978145 vs. 1.4265878459978145
list:
dist: 2.2507048222092383 vs. 2.2507048222092383
list:
dist: 2.300482067728539 vs. 2.300482067728539
list:
dist: 1.016042255513087 vs. 1.016042255513087
list:
dist: 2.681259175767885 vs. 2.681259175767885
list:
dist: 2.637289571456326 vs. 2.637289571456326
list:
dist: 2.8564366321503494 vs. 2.8564366321503494
list:
dist: 2.8410563560070514 vs. 2.8410563560070514
list:
dist: 3.3664431313272214 vs. 3.3664431313272214
list:
dist: 3.9167688981099853 vs. 3.9167688981099853
list:
dist: 3.0848455940257034 vs. 3.0848455940257034
list:
dist: 3.530010562167908 vs. 3.530010562167908
list:
dist: 2.8564366321503494 vs. 2.8564366321503494
list:
dist: 3.4038980008376067 vs. 3.4038980008376067
list:
dist: 2.453740897583148 vs. 2.453740897583148
list:
dist: 1.8587356013243432 vs. 1.8587356013243432
list:
dist: 4.013312869623578 vs. 4.013312869623578
list:
dist: 4.4666486269559895 vs. 4.4666486269559895
list:
dist: 2.3845441574254034 vs. 2.3845441574254034
list:
dist: 2.8448509986613484 vs. 2.8448509986613484
list:
dist: 2.277646949687737 vs. 2.277646949687737
list:
dist: 0.8205524932314999 vs. 0.8205524932314999
list:
dist: 1.9085088366981127 vs. 1.9085088366981127
list:
dist: 1.2973303325117613 vs. 1.2973303325117613
list:
dist: 1.3047669382459361 vs. 1.3047669382459361
list:
dist: 1.9903430976231322 vs. 1.9903430976231322
list:
dist: 0.5296498896195023 vs. 0.5296498896195023
list:
dist: 2.0186307822318326 vs. 2.0186307822318326
list:
dist: 1.6747116355744684 vs. 1.6747116355744684
list:
dist: 0.9749768249012462 vs. 0.9749768249012462
list:
dist: 2.0483194900031245 vs. 2.0483194900031245
list:
dist: 2.3957587144027084 vs. 2.3957587144027084
list:
dist: 1.9589079944934176 vs. 1.9589079944934176
list:
dist: 1.7042740965551426 vs. 1.7042740965551426
list:
dist: 3.2233335400584475 vs. 3.2233335400584475
list:
dist: 1.594646222640031 vs. 1.594646222640031
list:
dist: 1.1057506696551394 vs. 1.1057506696551394
list:
dist: 1.118837103670892 vs. 1.118837103670892
list:
dist: 0.8022586926439066 vs. 0.8022586926439066
list:
dist: 1.6659269046680873 vs. 1.6659269046680873
list:
dist: 0.7903744485639318 vs. 0.7903744485639318
list:
dist: 2.4446441016826697 vs. 2.4446441016826697
list:
dist: 1.9830666885281698 vs. 1.9830666885281698
list:
dist: 2.513146687588324 vs. 2.513146687588324
list:
dist: 2.107353966636182 vs. 2.107353966636182
list:
dist: 0.9981989838862907 vs. 0.9981989838862907
list:
dist: 2.117319727051727 vs. 2.117319727051727
list:
dist: 2.3722277819878554 vs. 2.3722277819878554
list:
dist: 2.453740897583148 vs. 2.453740897583148
list:
dist: 2.0852728887218883 vs. 2.0852728887218883
list:
dist: 2.9199193590780017 vs. 2.9199193590780017
list:
dist: 3.261081787764588 vs. 3.261081787764588
list:
dist: 3.063642959661838 vs. 3.063642959661838
list:
dist: 3.2173574937512135 vs. 3.2173574937512135
list:
dist: 2.681259175767885 vs. 2.681259175767885
list:
dist: 3.4771069223147943 vs. 3.4771069223147943
list:
dist: 2.117319727051727 vs. 2.117319727051727
list:
dist: 1.3603799566226353 vs. 1.3603799566226353
list:
dist: 3.3283337563440853 vs. 3.3283337563440853
list:
dist: 3.551050041146792 vs. 3.551050041146792
list:
dist: 1.998687097410907 vs. 1.998687097410907
list:
dist: 2.9134353844253087 vs. 2.9134353844253087
list:
dist: 3.0835325173825585 vs. 3.0835325173825585
list:
dist: 1.648539110778264 vs. 1.648539110778264
list:
dist: 2.0725598716369493 vs. 2.0725598716369493
list:
dist: 1.08126358741168 vs. 1.08126358741168
list:
dist: 1.2973303325117613 vs. 1.2973303325117613
list:
dist: 1.084731924590643 vs. 1.084731924590643
list:
dist: 1.4434444636781032 vs. 1.4434444636781032
list:
dist: 1.4382505721056196 vs. 1.4382505721056196
list:
dist: 1.978459586694753 vs. 1.978459586694753
list:
dist: 1.8452274110116176 vs. 1.8452274110116176
list:
dist: 2.2467996012175107 vs. 2.2467996012175107
list:
dist: 2.892135578920013 vs. 2.892135578920013
list:
dist: 2.7413841621379675 vs. 2.7413841621379675
list:
dist: 3.321832000360269 vs. 3.321832000360269
list:
dist: 3.53118149067563 vs. 3.53118149067563
list:
dist: 2.503553573934543 vs. 2.503553573934543
list:
dist: 3.103517949574064 vs. 3.103517949574064
list:
dist: 2.300482067728539 vs. 2.300482067728539
list:
dist: 2.722622946137039 vs. 2.722622946137039
list:
dist: 2.107353966636182 vs. 2.107353966636182
list:
dist: 1.6231679329329065 vs. 1.6231679329329065
list:
dist: 1.9965297792959347 vs. 1.9965297792959347
list:
dist: 2.0915252355629317 vs. 2.0915252355629317
list:
dist: 1.5265032491004387 vs. 1.5265032491004387
list:
dist: 1.3178487122879323 vs. 1.3178487122879323
list:
dist: 1.648539110778264 vs. 1.648539110778264
list:
dist: 1.2580557336159786 vs. 1.2580557336159786
list:
dist: 0.8205524932314999 vs. 0.8205524932314999
list:
dist: 2.390612342671447 vs. 2.390612342671447
list:
dist: 1.317281352231923 vs. 1.317281352231923
list:
dist: 2.019679208266254 vs. 2.019679208266254
list:
dist: 1.808523382307654 vs. 1.808523382307654
list:
dist: 1.0180551591130218 vs. 1.0180551591130218
list:
dist: 2.611196690915398 vs. 2.611196690915398
list:
dist: 2.696684091019862 vs. 2.696684091019862
list:
dist: 2.4033124731327713 vs. 2.4033124731327713
list:
dist: 2.217110743103388 vs. 2.217110743103388
list:
dist: 2.0680622742160457 vs. 2.0680622742160457
list:
dist: 1.7401700072185238 vs. 1.7401700072185238
list:
dist: 1.8876486086418456 vs. 1.8876486086418456
list:
dist: 1.341763910200806 vs. 1.341763910200806
list:
dist: 2.1950417674866594 vs. 2.1950417674866594
list:
dist: 0.7903744485639318 vs. 0.7903744485639318
list:
dist: 3.31701229331651 vs. 3.31701229331651
list:
dist: 3.7660199393196074 vs. 3.7660199393196074
list:
dist: 1.8862825125602307 vs. 1.8862825125602307
list:
dist: 1.9806811247581066 vs. 1.9806811247581066
list:
dist: 2.4732175622578763 vs. 2.4732175622578763
list:
dist: 1.6231679329329065 vs. 1.6231679329329065
list:
dist: 1.02008440168509 vs. 1.02008440168509
list:
dist: 1.3603799566226353 vs. 1.3603799566226353
list:
dist: 1.627895567976099 vs. 1.627895567976099
list:
dist: 1.8587356013243432 vs. 1.8587356013243432
list:
dist: 1.5910546512658061 vs. 1.5910546512658061
list:
dist: 2.2932611570376307 vs. 2.2932611570376307
list:
dist: 2.7613671502392974 vs. 2.7613671502392974
list:
dist: 3.442285288136449 vs. 3.442285288136449
list:
dist: 3.0303940103416758 vs. 3.0303940103416758
list:
dist: 3.4308599247877285 vs. 3.4308599247877285
list:
dist: 2.637289571456326 vs. 2.637289571456326
list:
dist: 3.2678455085399905 vs. 3.2678455085399905
list:
dist: 2.3722277819878554 vs. 2.3722277819878554
list:
dist: 1.627895567976099 vs. 1.627895567976099
list:
dist: 4.362502104240756 vs. 4.362502104240756
list:
dist: 4.598791691304111 vs. 4.598791691304111
list:
dist: 1.1863683625683308 vs. 1.1863683625683308
list:
dist: 2.3123788855498972 vs. 2.3123788855498972
list:
dist: 2.567578050804382 vs. 2.567578050804382
list:
dist: 1.2580557336159786 vs. 1.2580557336159786
list:
dist: 1.9553144333362964 vs. 1.9553144333362964
list:
dist: 1.08126358741168 vs. 1.08126358741168
list:
dist: 1.3047669382459361 vs. 1.3047669382459361
list:
dist: 2.1424781926303837 vs. 2.1424781926303837
list:
dist: 1.5484383904481156 vs. 1.5484383904481156
list:
dist: 2.1389852305008543 vs. 2.1389852305008543
list:
dist: 1.1964096516654232 vs. 1.1964096516654232
list:
dist: 1.2027195526871366 vs. 1.2027195526871366
list:
dist: 2.076597793878927 vs. 2.076597793878927
list:
dist: 2.316955224467713 vs. 2.316955224467713
list:
dist: 2.3838567239561446 vs. 2.3838567239561446
list:
dist: 2.645006176523532 vs. 2.645006176523532
list:
dist: 3.31701229331651 vs. 3.31701229331651
list:
dist: 1.081622309800755 vs. 1.081622309800755
list:
dist: 3.3283337563440853 vs. 3.3283337563440853
list:
dist: 4.362502104240756 vs. 4.362502104240756
list:
dist: 4.013312869623578 vs. 4.013312869623578
list:
dist: 2.2452672782183987 vs. 2.2452672782183987
list:
dist: 4.094246455517222 vs. 4.094246455517222
list:
dist: 3.483618583980407 vs. 3.483618583980407
list:
dist: 4.361256428865899 vs. 4.361256428865899
list:
dist: 3.6024123159008035 vs. 3.6024123159008035
list:
dist: 4.0084397287286855 vs. 4.0084397287286855
list:
dist: 3.3664431313272214 vs. 3.3664431313272214
list:
dist: 3.9325017215734492 vs. 3.9325017215734492
list:
dist: 2.9199193590780017 vs. 2.9199193590780017
list:
dist: 2.2932611570376307 vs. 2.2932611570376307
list:
dist: 4.094246455517222 vs. 4.094246455517222
list:
dist: 4.485672428058709 vs. 4.485672428058709
list:
dist: 2.708736056259957 vs. 2.708736056259957
list:
dist: 3.3411677584465345 vs. 3.3411677584465345
list:
dist: 2.7352084771867697 vs. 2.7352084771867697
list:
dist: 1.317281352231923 vs. 1.317281352231923
list:
dist: 2.4331515398322887 vs. 2.4331515398322887
list:
dist: 1.4434444636781032 vs. 1.4434444636781032
list:
dist: 1.5484383904481156 vs. 1.5484383904481156
list:
dist: 0.5296498896195023 vs. 0.5296498896195023
list:
dist: 2.096139030001715 vs. 2.096139030001715
list:
dist: 1.7279541953109385 vs. 1.7279541953109385
list:
dist: 1.62223398364545 vs. 1.62223398364545
list:
dist: 1.0829306646997587 vs. 1.0829306646997587
list:
dist: 1.6534462690130796 vs. 1.6534462690130796
list:
dist: 2.125816244168375 vs. 2.125816244168375
list:
dist: 1.596710219202727 vs. 1.596710219202727
list:
dist: 3.1423967612661063 vs. 3.1423967612661063
list:
dist: 3.162716194039816 vs. 3.162716194039816
list:
dist: 3.0432985152015033 vs. 3.0432985152015033
list:
dist: 2.8410563560070514 vs. 2.8410563560070514
list:
dist: 3.7010838795509975 vs. 3.7010838795509975
list:
dist: 2.0852728887218883 vs. 2.0852728887218883
list:
dist: 1.5910546512658061 vs. 1.5910546512658061
list:
dist: 2.2452672782183987 vs. 2.2452672782183987
list:
dist: 2.528639676675353 vs. 2.528639676675353
list:
dist: 2.897996486376913 vs. 2.897996486376913
list:
dist: 3.5301173893609468 vs. 3.5301173893609468
list:
dist: 3.6734420625135087 vs. 3.6734420625135087
list:
dist: 2.390612342671447 vs. 2.390612342671447
list:
dist: 2.42909895402597 vs. 2.42909895402597
list:
dist: 1.084731924590643 vs. 1.084731924590643
list:
dist: 2.1424781926303837 vs. 2.1424781926303837
list:
dist: 1.9903430976231322 vs. 1.9903430976231322
list:
dist: 2.096139030001715 vs. 2.096139030001715
list:
dist: 1.6658913653991965 vs. 1.6658913653991965
list:
dist: 3.031350388009203 vs. 3.031350388009203
list:
dist: 2.790705463431313 vs. 2.790705463431313
list:
dist: 3.0470098095045914 vs. 3.0470098095045914
list:
dist: 3.8416101751355343 vs. 3.8416101751355343
list:
dist: 3.5557456414512427 vs. 3.5557456414512427
list:
dist: 3.15999705777284 vs. 3.15999705777284
list:
dist: 3.7660199393196074 vs. 3.7660199393196074
list:
dist: 1.081622309800755 vs. 1.081622309800755
list:
dist: 3.551050041146792 vs. 3.551050041146792
list:
dist: 4.598791691304111 vs. 4.598791691304111
list:
dist: 4.4666486269559895 vs. 4.4666486269559895
list:
dist: 2.528639676675353 vs. 2.528639676675353
list:
dist: 4.485672428058709 vs. 4.485672428058709
list:
dist: 3.4662464029832254 vs. 3.4662464029832254
list:
dist: 2.119311645312225 vs. 2.119311645312225
list:
dist: 2.748939571620774 vs. 2.748939571620774
list:
dist: 2.211739049838247 vs. 2.211739049838247
list:
dist: 1.0180551591130218 vs. 1.0180551591130218
list:
dist: 2.2966504304991076 vs. 2.2966504304991076
list:
dist: 1.8452274110116176 vs. 1.8452274110116176
list:
dist: 1.2027195526871366 vs. 1.2027195526871366
list:
dist: 0.9749768249012462 vs. 0.9749768249012462
list:
dist: 2.790705463431313 vs. 2.790705463431313
list:
dist: 1.0829306646997587 vs. 1.0829306646997587
list:
dist: 1.9770459952645634 vs. 1.9770459952645634
list:
dist: 0.9454247265263547 vs. 0.9454247265263547
list:
dist: 1.772895060135395 vs. 1.772895060135395
list:
dist: 1.683802222439179 vs. 1.683802222439179
list:
dist: 1.4787303387043325 vs. 1.4787303387043325
list:
dist: 3.2775973980658097 vs. 3.2775973980658097
list:
dist: 2.7613671502392974 vs. 2.7613671502392974
list:
dist: 3.483618583980407 vs. 3.483618583980407
list:
dist: 3.4662464029832254 vs. 3.4662464029832254
list:
dist: 1.4382505721056196 vs. 1.4382505721056196
list:
dist: 2.1389852305008543 vs. 2.1389852305008543
list:
dist: 2.0186307822318326 vs. 2.0186307822318326
list:
dist: 1.6658913653991965 vs. 1.6658913653991965
list:
dist: 1.7279541953109385 vs. 1.7279541953109385
list:
dist: 1.7241706482342238 vs. 1.7241706482342238
list:
dist: 2.7480025594687874 vs. 2.7480025594687874
list:
dist: 2.5387092635707154 vs. 2.5387092635707154
list:
dist: 3.081468034105441 vs. 3.081468034105441
list:
dist: 4.174936034076335 vs. 4.174936034076335
list:
dist: 3.765050927855952 vs. 3.765050927855952
list:
dist: 2.696684091019862 vs. 2.696684091019862
list:
dist: 3.9412599974120615 vs. 3.9412599974120615
list:
dist: 2.892135578920013 vs. 2.892135578920013
list:
dist: 2.316955224467713 vs. 2.316955224467713
list:
dist: 2.3957587144027084 vs. 2.3957587144027084
list:
dist: 3.8416101751355343 vs. 3.8416101751355343
list:
dist: 2.125816244168375 vs. 2.125816244168375
list:
dist: 2.7480025594687874 vs. 2.7480025594687874
list:
dist: 1.1528174748922817 vs. 1.1528174748922817
list:
dist: 1.683802222439179 vs. 1.683802222439179
list:
dist: 1.0820344363049594 vs. 1.0820344363049594
list:
dist: 0.9031547500667737 vs. 0.9031547500667737
list:
dist: 2.365009629622795 vs. 2.365009629622795
list:
dist: 3.363213986144267 vs. 3.363213986144267
list:
dist: 4.214021764803226 vs. 4.214021764803226
list:
dist: 3.495748552573742 vs. 3.495748552573742
list:
dist: 2.4033124731327713 vs. 2.4033124731327713
list:
dist: 3.710189306065051 vs. 3.710189306065051
list:
dist: 2.7413841621379675 vs. 2.7413841621379675
list:
dist: 2.3838567239561446 vs. 2.3838567239561446
list:
dist: 1.9589079944934176 vs. 1.9589079944934176
list:
dist: 3.5557456414512427 vs. 3.5557456414512427
list:
dist: 1.596710219202727 vs. 1.596710219202727
list:
dist: 2.5387092635707154 vs. 2.5387092635707154
list:
dist: 1.4690082688598807 vs. 1.4690082688598807
list:
dist: 1.4787303387043325 vs. 1.4787303387043325
list:
dist: 1.1197183512810833 vs. 1.1197183512810833
list:
dist: 0.9031547500667737 vs. 0.9031547500667737
list:
dist: 2.129239426151797 vs. 2.129239426151797
list:
dist: 3.065141929639201 vs. 3.065141929639201
list:
dist: 4.283696446986837 vs. 4.283696446986837
list:
dist: 3.9769869947186716 vs. 3.9769869947186716
list:
dist: 2.611196690915398 vs. 2.611196690915398
list:
dist: 3.7726274387316443 vs. 3.7726274387316443
list:
dist: 2.2467996012175107 vs. 2.2467996012175107
list:
dist: 2.076597793878927 vs. 2.076597793878927
list:
dist: 2.0483194900031245 vs. 2.0483194900031245
list:
dist: 3.0470098095045914 vs. 3.0470098095045914
list:
dist: 1.6534462690130796 vs. 1.6534462690130796
list:
dist: 1.7241706482342238 vs. 1.7241706482342238
list:
dist: 1.3201990349218475 vs. 1.3201990349218475
list:
dist: 1.772895060135395 vs. 1.772895060135395
list:
dist: 1.0820344363049594 vs. 1.0820344363049594
list:
dist: 1.1197183512810833 vs. 1.1197183512810833
list:
dist: 3.06388418300401 vs. 3.06388418300401
list:
dist: 1.95852034292068 vs. 1.95852034292068
list:
dist: 3.1117694368234514 vs. 3.1117694368234514
list:
dist: 2.9880137228020107 vs. 2.9880137228020107
list:
dist: 1.808523382307654 vs. 1.808523382307654
list:
dist: 2.919019530481926 vs. 2.919019530481926
list:
dist: 1.978459586694753 vs. 1.978459586694753
list:
dist: 1.1964096516654232 vs. 1.1964096516654232
list:
dist: 1.6747116355744684 vs. 1.6747116355744684
list:
dist: 3.031350388009203 vs. 3.031350388009203
list:
dist: 1.62223398364545 vs. 1.62223398364545
list:
dist: 2.387857676889172 vs. 2.387857676889172
list:
dist: 0.9454247265263547 vs. 0.9454247265263547
list:
dist: 1.3201990349218475 vs. 1.3201990349218475
list:
dist: 1.1528174748922817 vs. 1.1528174748922817
list:
dist: 1.4690082688598807 vs. 1.4690082688598807
list:
dist: 3.308287836934277 vs. 3.308287836934277
list:
dist: 2.0588763277531643 vs. 2.0588763277531643
list:
dist: 2.4925488503109783 vs. 2.4925488503109783
list:
dist: 1.5922356677990854 vs. 1.5922356677990854
list:
dist: 1.0769008551266657 vs. 1.0769008551266657
list:
dist: 1.7947884853759568 vs. 1.7947884853759568
list:
dist: 1.5159745215731562 vs. 1.5159745215731562
list:
dist: 1.7928065393743737 vs. 1.7928065393743737
list:
dist: 1.1938145237357558 vs. 1.1938145237357558
list:
dist: 0.7421710158027821 vs. 0.7421710158027821
list:
dist: 1.2504352260841611 vs. 1.2504352260841611
list:
dist: 1.4351512159917383 vs. 1.4351512159917383
list:
dist: 1.3885216263978675 vs. 1.3885216263978675
list:
dist: 1.9690292855015028 vs. 1.9690292855015028
list:
dist: 1.8908246894437837 vs. 1.8908246894437837
list:
dist: 2.050983536209357 vs. 2.050983536209357
list:
dist: 3.2715298019276253 vs. 3.2715298019276253
list:
dist: 2.9575983351778032 vs. 2.9575983351778032
list:
dist: 3.7413603063153316 vs. 3.7413603063153316
list:
dist: 2.0994111681489076 vs. 2.0994111681489076
list:
dist: 1.4378039531034166 vs. 1.4378039531034166
list:
dist: 2.5297994082140662 vs. 2.5297994082140662
list:
dist: 2.2720129748588276 vs. 2.2720129748588276
list:
dist: 3.2149822721579544 vs. 3.2149822721579544
list:
dist: 1.5075619275917265 vs. 1.5075619275917265
list:
dist: 1.3593921618637292 vs. 1.3593921618637292
list:
dist: 4.009963694383395 vs. 4.009963694383395
list:
dist: 2.336756925799338 vs. 2.336756925799338
list:
dist: 2.4719733255457466 vs. 2.4719733255457466
list:
dist: 2.874085962225182 vs. 2.874085962225182
list:
dist: 2.839717411585012 vs. 2.839717411585012
list:
dist: 2.6866821356294563 vs. 2.6866821356294563
list:
dist: 2.5501648106076193 vs. 2.5501648106076193
list:
dist: 2.0588763277531643 vs. 2.0588763277531643
list:
dist: 3.0302141357953785 vs. 3.0302141357953785
list:
dist: 3.474443046298308 vs. 3.474443046298308
list:
dist: 3.203337202937937 vs. 3.203337202937937
list:
dist: 2.839717411585012 vs. 2.839717411585012
list:
dist: 2.179582107631046 vs. 2.179582107631046
list:
dist: 2.3759109633824096 vs. 2.3759109633824096
list:
dist: 1.5515092456952337 vs. 1.5515092456952337
list:
dist: 0.8867967248385952 vs. 0.8867967248385952
list:
dist: 0.57140223841675 vs. 0.57140223841675
list:
dist: 1.208700679738531 vs. 1.208700679738531
list:
dist: 1.429552056030233 vs. 1.429552056030233
list:
dist: 2.3587980772665 vs. 2.3587980772665
list:
dist: 1.7928065393743737 vs. 1.7928065393743737
list:
dist: 1.5059865605010851 vs. 1.5059865605010851
list:
dist: 2.4371880134014514 vs. 2.4371880134014514
list:
dist: 1.4903844103006187 vs. 1.4903844103006187
list:
dist: 2.693128068991084 vs. 2.693128068991084
list:
dist: 1.1058958867111568 vs. 1.1058958867111568
list:
dist: 1.3174640893390013 vs. 1.3174640893390013
list:
dist: 2.3445666703204724 vs. 2.3445666703204724
list:
dist: 1.4406563989026926 vs. 1.4406563989026926
list:
dist: 2.435794366704026 vs. 2.435794366704026
list:
dist: 2.594085095161011 vs. 2.594085095161011
list:
dist: 1.7693148898796858 vs. 1.7693148898796858
list:
dist: 3.232637900949334 vs. 3.232637900949334
list:
dist: 3.146339984956002 vs. 3.146339984956002
list:
dist: 3.2887306981771185 vs. 3.2887306981771185
list:
dist: 2.732825526927491 vs. 2.732825526927491
list:
dist: 3.453216353128891 vs. 3.453216353128891
list:
dist: 2.6423547885259664 vs. 2.6423547885259664
list:
dist: 3.146339984956002 vs. 3.146339984956002
list:
dist: 2.40758804013098 vs. 2.40758804013098
list:
dist: 1.797560634263696 vs. 1.797560634263696
list:
dist: 2.2720129748588276 vs. 2.2720129748588276
list:
dist: 1.972485562296307 vs. 1.972485562296307
list:
dist: 0.8451308862395871 vs. 0.8451308862395871
list:
dist: 1.90836333217041 vs. 1.90836333217041
list:
dist: 1.3861368389307005 vs. 1.3861368389307005
list:
dist: 2.4770165765737553 vs. 2.4770165765737553
list:
dist: 2.2836827733058556 vs. 2.2836827733058556
list:
dist: 2.9090662190251506 vs. 2.9090662190251506
list:
dist: 3.3943865621129925 vs. 3.3943865621129925
list:
dist: 3.676533892271802 vs. 3.676533892271802
list:
dist: 1.4180498244423207 vs. 1.4180498244423207
list:
dist: 1.5541805874377588 vs. 1.5541805874377588
list:
dist: 0.9806754941089771 vs. 0.9806754941089771
list:
dist: 1.5890341557788124 vs. 1.5890341557788124
list:
dist: 3.00536896837525 vs. 3.00536896837525
list:
dist: 1.3593921618637292 vs. 1.3593921618637292
list:
dist: 1.7235546298522433 vs. 1.7235546298522433
list:
dist: 3.499089174275072 vs. 3.499089174275072
list:
dist: 2.0716187165176274 vs. 2.0716187165176274
list:
dist: 2.275181428324161 vs. 2.275181428324161
list:
dist: 1.885982017574987 vs. 1.885982017574987
list:
dist: 2.3759109633824096 vs. 2.3759109633824096
list:
dist: 1.6792083389147852 vs. 1.6792083389147852
list:
dist: 2.199880565056764 vs. 2.199880565056764
list:
dist: 1.5922356677990854 vs. 1.5922356677990854
list:
dist: 2.7122117744280696 vs. 2.7122117744280696
list:
dist: 2.850980718821844 vs. 2.850980718821844
list:
dist: 2.3098710152329107 vs. 2.3098710152329107
list:
dist: 1.5075619275917265 vs. 1.5075619275917265
list:
dist: 1.7235546298522433 vs. 1.7235546298522433
list:
dist: 2.8467057381565217 vs. 2.8467057381565217
list:
dist: 2.1725493120771366 vs. 2.1725493120771366
list:
dist: 1.790681440428437 vs. 1.790681440428437
list:
dist: 2.518283027182545 vs. 2.518283027182545
list:
dist: 2.179582107631046 vs. 2.179582107631046
list:
dist: 2.5563309341094027 vs. 2.5563309341094027
list:
dist: 3.191601120558489 vs. 3.191601120558489
list:
dist: 2.4925488503109783 vs. 2.4925488503109783
list:
dist: 3.0984338597847505 vs. 3.0984338597847505
list:
dist: 3.842451386206713 vs. 3.842451386206713
list:
dist: 3.0876573041020565 vs. 3.0876573041020565
list:
dist: 3.474443046298308 vs. 3.474443046298308
list:
dist: 3.842451386206713 vs. 3.842451386206713
list:
dist: 2.850980718821844 vs. 2.850980718821844
list:
dist: 1.9356286772345848 vs. 1.9356286772345848
list:
dist: 2.6873096151205016 vs. 2.6873096151205016
list:
dist: 1.9855662270655223 vs. 1.9855662270655223
list:
dist: 2.4371880134014514 vs. 2.4371880134014514
list:
dist: 1.712884410198739 vs. 1.712884410198739
list:
dist: 1.0435942683888224 vs. 1.0435942683888224
list:
dist: 1.4351512159917383 vs. 1.4351512159917383
list:
dist: 1.2800170289887176 vs. 1.2800170289887176
list:
dist: 1.306009811503361 vs. 1.306009811503361
list:
dist: 1.2325313091151273 vs. 1.2325313091151273
list:
dist: 1.9130109101176047 vs. 1.9130109101176047
list:
dist: 1.8398952763228793 vs. 1.8398952763228793
list:
dist: 2.751715461864965 vs. 2.751715461864965
list:
dist: 2.9671526374287582 vs. 2.9671526374287582
list:
dist: 3.443670444650921 vs. 3.443670444650921
list:
dist: 1.2288731991314674 vs. 1.2288731991314674
list:
dist: 0.9548104708459787 vs. 0.9548104708459787
list:
dist: 1.289265987480016 vs. 1.289265987480016
list:
dist: 0.8451308862395871 vs. 0.8451308862395871
list:
dist: 1.985349764910274 vs. 1.985349764910274
list:
dist: 1.3287330781989692 vs. 1.3287330781989692
list:
dist: 2.006975467109722 vs. 2.006975467109722
list:
dist: 1.8067956505997445 vs. 1.8067956505997445
list:
dist: 1.7693148898796858 vs. 1.7693148898796858
list:
dist: 1.6820149971692926 vs. 1.6820149971692926
list:
dist: 1.3441070593084319 vs. 1.3441070593084319
list:
dist: 1.4378039531034166 vs. 1.4378039531034166
list:
dist: 0.46477162391809307 vs. 0.46477162391809307
list:
dist: 0.9548104708459787 vs. 0.9548104708459787
list:
dist: 1.2184337002617625 vs. 1.2184337002617625
list:
dist: 1.7583464486625329 vs. 1.7583464486625329
list:
dist: 1.0073869102578827 vs. 1.0073869102578827
list:
dist: 1.3705910744950547 vs. 1.3705910744950547
list:
dist: 2.0006407673676274 vs. 2.0006407673676274
list:
dist: 2.195096457836239 vs. 2.195096457836239
list:
dist: 2.6454153682750166 vs. 2.6454153682750166
list:
dist: 0.8940789654688167 vs. 0.8940789654688167
list:
dist: 1.4720615889034372 vs. 1.4720615889034372
list:
dist: 1.5541805874377588 vs. 1.5541805874377588
list:
dist: 1.8705881776153719 vs. 1.8705881776153719
list:
dist: 2.276910042797531 vs. 2.276910042797531
list:
dist: 3.203337202937937 vs. 3.203337202937937
list:
dist: 3.0876573041020565 vs. 3.0876573041020565
list:
dist: 2.3098710152329107 vs. 2.3098710152329107
list:
dist: 1.4422940824606765 vs. 1.4422940824606765
list:
dist: 1.9085915662836868 vs. 1.9085915662836868
list:
dist: 0.7547772052021315 vs. 0.7547772052021315
list:
dist: 1.4903844103006187 vs. 1.4903844103006187
list:
dist: 0.6715512985235065 vs. 0.6715512985235065
list:
dist: 1.678480576432995 vs. 1.678480576432995
list:
dist: 1.3885216263978675 vs. 1.3885216263978675
list:
dist: 1.3453181116801705 vs. 1.3453181116801705
list:
dist: 1.306009811503361 vs. 1.306009811503361
list:
dist: 2.478393253408716 vs. 2.478393253408716
list:
dist: 1.4637305275709867 vs. 1.4637305275709867
list:
dist: 0.8571315771703213 vs. 0.8571315771703213
list:
dist: 2.4506064234404383 vs. 2.4506064234404383
list:
dist: 2.0997865714097967 vs. 2.0997865714097967
list:
dist: 2.890788824561645 vs. 2.890788824561645
list:
dist: 2.0394403181676153 vs. 2.0394403181676153
list:
dist: 1.2184337002617625 vs. 1.2184337002617625
list:
dist: 2.36670655301662 vs. 2.36670655301662
list:
dist: 1.90836333217041 vs. 1.90836333217041
list:
dist: 2.4915449669014125 vs. 2.4915449669014125
list:
dist: 1.238127038234074 vs. 1.238127038234074
list:
dist: 1.9690292855015028 vs. 1.9690292855015028
list:
dist: 1.926638898808232 vs. 1.926638898808232
list:
dist: 1.2325313091151273 vs. 1.2325313091151273
list:
dist: 2.478393253408716 vs. 2.478393253408716
list:
dist: 1.4475991866841873 vs. 1.4475991866841873
list:
dist: 1.7583464486625329 vs. 1.7583464486625329
list:
dist: 1.3040349438598051 vs. 1.3040349438598051
list:
dist: 1.3861368389307005 vs. 1.3861368389307005
list:
dist: 2.523373924761264 vs. 2.523373924761264
list:
dist: 2.336756925799338 vs. 2.336756925799338
list:
dist: 2.1725493120771366 vs. 2.1725493120771366
list:
dist: 2.0716187165176274 vs. 2.0716187165176274
list:
dist: 2.426406980153682 vs. 2.426406980153682
list:
dist: 0.8141537223704598 vs. 0.8141537223704598
list:
dist: 1.4114760888576197 vs. 1.4114760888576197
list:
dist: 0.8867967248385952 vs. 0.8867967248385952
list:
dist: 1.3717164551526926 vs. 1.3717164551526926
list:
dist: 1.5949343418859656 vs. 1.5949343418859656
list:
dist: 1.0769008551266657 vs. 1.0769008551266657
list:
dist: 0.9373354958576172 vs. 0.9373354958576172
list:
dist: 1.9356286772345848 vs. 1.9356286772345848
list:
dist: 1.4422940824606765 vs. 1.4422940824606765
list:
dist: 3.4879511141521777 vs. 3.4879511141521777
list:
dist: 1.1190236090689045 vs. 1.1190236090689045
list:
dist: 1.6386988577591168 vs. 1.6386988577591168
list:
dist: 2.6000107650485034 vs. 2.6000107650485034
list:
dist: 2.100581692028977 vs. 2.100581692028977
list:
dist: 2.9130075857816107 vs. 2.9130075857816107
list:
dist: 2.097477235607527 vs. 2.097477235607527
list:
dist: 1.3287330781989692 vs. 1.3287330781989692
list:
dist: 2.7539248977791018 vs. 2.7539248977791018
list:
dist: 2.732825526927491 vs. 2.732825526927491
list:
dist: 3.1387889422614585 vs. 3.1387889422614585
list:
dist: 2.4719733255457466 vs. 2.4719733255457466
list:
dist: 1.790681440428437 vs. 1.790681440428437
list:
dist: 2.275181428324161 vs. 2.275181428324161
list:
dist: 1.7947086575625162 vs. 1.7947086575625162
list:
dist: 0.8141537223704598 vs. 0.8141537223704598
list:
dist: 1.6040805981390003 vs. 1.6040805981390003
list:
dist: 0.57140223841675 vs. 0.57140223841675
list:
dist: 1.7428125017237581 vs. 1.7428125017237581
list:
dist: 2.3933895223619115 vs. 2.3933895223619115
list:
dist: 1.7947884853759568 vs. 1.7947884853759568
list:
dist: 1.6383083666613185 vs. 1.6383083666613185
list:
dist: 2.6873096151205016 vs. 2.6873096151205016
list:
dist: 1.9085915662836868 vs. 1.9085915662836868
list:
dist: 2.9530460961714677 vs. 2.9530460961714677
list:
dist: 1.3916302034505397 vs. 1.3916302034505397
list:
dist: 1.8556458586773004 vs. 1.8556458586773004
list:
dist: 2.711335376659178 vs. 2.711335376659178
list:
dist: 1.8636852703072488 vs. 1.8636852703072488
list:
dist: 2.7836457474957506 vs. 2.7836457474957506
list:
dist: 2.773720019424124 vs. 2.773720019424124
list:
dist: 2.006975467109722 vs. 2.006975467109722
list:
dist: 3.464234979370886 vs. 3.464234979370886
list:
dist: 3.453216353128891 vs. 3.453216353128891
list:
dist: 3.661036095172942 vs. 3.661036095172942
list:
dist: 2.874085962225182 vs. 2.874085962225182
list:
dist: 2.518283027182545 vs. 2.518283027182545
list:
dist: 1.885982017574987 vs. 1.885982017574987
list:
dist: 2.2433990609443937 vs. 2.2433990609443937
list:
dist: 1.4114760888576197 vs. 1.4114760888576197
list:
dist: 1.6040805981390003 vs. 1.6040805981390003
list:
dist: 1.208700679738531 vs. 1.208700679738531
list:
dist: 0.4108098571513933 vs. 0.4108098571513933
list:
dist: 2.061917010891027 vs. 2.061917010891027
list:
dist: 1.5159745215731562 vs. 1.5159745215731562
list:
dist: 1.7654991038399663 vs. 1.7654991038399663
list:
dist: 1.9855662270655223 vs. 1.9855662270655223
list:
dist: 0.7547772052021315 vs. 0.7547772052021315
list:
dist: 3.43167727841692 vs. 3.43167727841692
list:
dist: 1.7325147605574427 vs. 1.7325147605574427
list:
dist: 1.1522834294707622 vs. 1.1522834294707622
list:
dist: 2.8291732933179508 vs. 2.8291732933179508
list:
dist: 2.1025418385926367 vs. 2.1025418385926367
list:
dist: 3.084057256556425 vs. 3.084057256556425
list:
dist: 2.6868645618094367 vs. 2.6868645618094367
list:
dist: 1.8067956505997445 vs. 1.8067956505997445
list:
dist: 3.0913308013825223 vs. 3.0913308013825223
list:
dist: 2.6423547885259664 vs. 2.6423547885259664
list:
dist: 3.1969558143618246 vs. 3.1969558143618246
list:
dist: 2.6866821356294563 vs. 2.6866821356294563
list:
dist: 2.5563309341094027 vs. 2.5563309341094027
list:
dist: 1.6792083389147852 vs. 1.6792083389147852
list:
dist: 2.6223503495094946 vs. 2.6223503495094946
list:
dist: 1.3717164551526926 vs. 1.3717164551526926
list:
dist: 1.7428125017237581 vs. 1.7428125017237581
list:
dist: 0.4108098571513933 vs. 0.4108098571513933
list:
dist: 1.429552056030233 vs. 1.429552056030233
list:
dist: 1.714923691728764 vs. 1.714923691728764
list:
dist: 1.1938145237357558 vs. 1.1938145237357558
list:
dist: 1.654268411458067 vs. 1.654268411458067
list:
dist: 1.712884410198739 vs. 1.712884410198739
list:
dist: 0.6715512985235065 vs. 0.6715512985235065
list:
dist: 3.8017266490112758 vs. 3.8017266490112758
list:
dist: 1.8230272264206384 vs. 1.8230272264206384
list:
dist: 1.3461520509672662 vs. 1.3461520509672662
list:
dist: 2.993288402998646 vs. 2.993288402998646
list:
dist: 2.4047613914955703 vs. 2.4047613914955703
list:
dist: 3.334676392326494 vs. 3.334676392326494
list:
dist: 2.535800110221647 vs. 2.535800110221647
list:
dist: 1.6820149971692926 vs. 1.6820149971692926
list:
dist: 2.89971083162204 vs. 2.89971083162204
list:
dist: 2.40758804013098 vs. 2.40758804013098
list:
dist: 3.150841578370755 vs. 3.150841578370755
list:
dist: 3.0302141357953785 vs. 3.0302141357953785
list:
dist: 3.0984338597847505 vs. 3.0984338597847505
list:
dist: 2.7122117744280696 vs. 2.7122117744280696
list:
dist: 0.9373354958576172 vs. 0.9373354958576172
list:
dist: 1.6383083666613185 vs. 1.6383083666613185
list:
dist: 1.7654991038399663 vs. 1.7654991038399663
list:
dist: 1.5059865605010851 vs. 1.5059865605010851
list:
dist: 1.654268411458067 vs. 1.654268411458067
list:
dist: 1.3034104878709942 vs. 1.3034104878709942
list:
dist: 1.2504352260841611 vs. 1.2504352260841611
list:
dist: 1.2800170289887176 vs. 1.2800170289887176
list:
dist: 1.3453181116801705 vs. 1.3453181116801705
list:
dist: 1.926638898808232 vs. 1.926638898808232
list:
dist: 0.8621979588833479 vs. 0.8621979588833479
list:
dist: 1.4959168511837733 vs. 1.4959168511837733
list:
dist: 2.129517023872671 vs. 2.129517023872671
list:
dist: 2.1479254299114663 vs. 2.1479254299114663
list:
dist: 2.681268357903232 vs. 2.681268357903232
list:
dist: 1.1632068991146218 vs. 1.1632068991146218
list:
dist: 0.46477162391809307 vs. 0.46477162391809307
list:
dist: 1.8381440099763364 vs. 1.8381440099763364
list:
dist: 1.972485562296307 vs. 1.972485562296307
list:
dist: 2.2841392335818886 vs. 2.2841392335818886
list:
dist: 4.009963694383395 vs. 4.009963694383395
list:
dist: 2.8467057381565217 vs. 2.8467057381565217
list:
dist: 3.499089174275072 vs. 3.499089174275072
list:
dist: 2.426406980153682 vs. 2.426406980153682
list:
dist: 1.7947086575625162 vs. 1.7947086575625162
list:
dist: 2.2433990609443937 vs. 2.2433990609443937
list:
dist: 1.5515092456952337 vs. 1.5515092456952337
list:
dist: 2.6223503495094946 vs. 2.6223503495094946
list:
dist: 1.4680273037900293 vs. 1.4680273037900293
list:
dist: 2.2356991911227375 vs. 2.2356991911227375
list:
dist: 2.1291584541546404 vs. 2.1291584541546404
list:
dist: 2.694480306126168 vs. 2.694480306126168
list:
dist: 1.3674025027035155 vs. 1.3674025027035155
list:
dist: 2.2874814232663563 vs. 2.2874814232663563
list:
dist: 3.0893371479975116 vs. 3.0893371479975116
list:
dist: 3.0125814352668576 vs. 3.0125814352668576
list:
dist: 2.795474961605343 vs. 2.795474961605343
list:
dist: 3.490550752843332 vs. 3.490550752843332
list:
dist: 2.747934357663158 vs. 2.747934357663158
list:
dist: 4.065403460743406 vs. 4.065403460743406
list:
dist: 2.1201551217852903 vs. 2.1201551217852903
list:
dist: 3.0743778037102047 vs. 3.0743778037102047
list:
dist: 1.4680273037900293 vs. 1.4680273037900293
list:
dist: 3.4879511141521777 vs. 3.4879511141521777
list:
dist: 2.9530460961714677 vs. 2.9530460961714677
list:
dist: 3.43167727841692 vs. 3.43167727841692
list:
dist: 2.693128068991084 vs. 2.693128068991084
list:
dist: 3.8017266490112758 vs. 3.8017266490112758
list:
dist: 2.87244180573091 vs. 2.87244180573091
list:
dist: 2.864088455468179 vs. 2.864088455468179
list:
dist: 2.544697399001855 vs. 2.544697399001855
list:
dist: 1.6386770761481724 vs. 1.6386770761481724
list:
dist: 1.7863635015849768 vs. 1.7863635015849768
list:
dist: 3.163087135690424 vs. 3.163087135690424
list:
dist: 2.2356991911227375 vs. 2.2356991911227375
list:
dist: 1.1190236090689045 vs. 1.1190236090689045
list:
dist: 1.3916302034505397 vs. 1.3916302034505397
list:
dist: 1.7325147605574427 vs. 1.7325147605574427
list:
dist: 1.1058958867111568 vs. 1.1058958867111568
list:
dist: 1.8230272264206384 vs. 1.8230272264206384
list:
dist: 2.122397167758108 vs. 2.122397167758108
list:
dist: 1.8908246894437837 vs. 1.8908246894437837
list:
dist: 0.8621979588833479 vs. 0.8621979588833479
list:
dist: 1.9130109101176047 vs. 1.9130109101176047
list:
dist: 1.4637305275709867 vs. 1.4637305275709867
list:
dist: 2.87244180573091 vs. 2.87244180573091
list:
dist: 1.1039010991858063 vs. 1.1039010991858063
list:
dist: 1.4823701982955773 vs. 1.4823701982955773
list:
dist: 1.308332219136992 vs. 1.308332219136992
list:
dist: 1.8803530658738543 vs. 1.8803530658738543
list:
dist: 1.647037990451383 vs. 1.647037990451383
list:
dist: 1.0073869102578827 vs. 1.0073869102578827
list:
dist: 2.3248176813418597 vs. 2.3248176813418597
list:
dist: 2.4770165765737553 vs. 2.4770165765737553
list:
dist: 2.3124797099555234 vs. 2.3124797099555234
list:
dist: 1.9724861614512577 vs. 1.9724861614512577
list:
dist: 2.5501648106076193 vs. 2.5501648106076193
list:
dist: 3.191601120558489 vs. 3.191601120558489
list:
dist: 2.199880565056764 vs. 2.199880565056764
list:
dist: 1.5949343418859656 vs. 1.5949343418859656
list:
dist: 2.3933895223619115 vs. 2.3933895223619115
list:
dist: 2.061917010891027 vs. 2.061917010891027
list:
dist: 2.3587980772665 vs. 2.3587980772665
list:
dist: 1.714923691728764 vs. 1.714923691728764
list:
dist: 0.7421710158027821 vs. 0.7421710158027821
list:
dist: 1.3034104878709942 vs. 1.3034104878709942
list:
dist: 1.0435942683888224 vs. 1.0435942683888224
list:
dist: 1.678480576432995 vs. 1.678480576432995
list:
dist: 1.238127038234074 vs. 1.238127038234074
list:
dist: 2.122397167758108 vs. 2.122397167758108
list:
dist: 2.3366696332997456 vs. 2.3366696332997456
list:
dist: 3.340367999934943 vs. 3.340367999934943
list:
dist: 3.31664129831408 vs. 3.31664129831408
list:
dist: 3.9395362525947384 vs. 3.9395362525947384
list:
dist: 1.7111756572615078 vs. 1.7111756572615078
list:
dist: 1.3441070593084319 vs. 1.3441070593084319
list:
dist: 2.001542106116781 vs. 2.001542106116781
list:
dist: 1.797560634263696 vs. 1.797560634263696
list:
dist: 2.9067420965317434 vs. 2.9067420965317434
list:
dist: 2.7539248977791018 vs. 2.7539248977791018
list:
dist: 3.464234979370886 vs. 3.464234979370886
list:
dist: 3.0913308013825223 vs. 3.0913308013825223
list:
dist: 3.232637900949334 vs. 3.232637900949334
list:
dist: 2.89971083162204 vs. 2.89971083162204
list:
dist: 2.001542106116781 vs. 2.001542106116781
list:
dist: 2.5297994082140662 vs. 2.5297994082140662
list:
dist: 1.8381440099763364 vs. 1.8381440099763364
list:
dist: 1.289265987480016 vs. 1.289265987480016
list:
dist: 2.36670655301662 vs. 2.36670655301662
list:
dist: 1.3040349438598051 vs. 1.3040349438598051
list:
dist: 2.3248176813418597 vs. 2.3248176813418597
list:
dist: 2.530182342213487 vs. 2.530182342213487
list:
dist: 2.5926725251793488 vs. 2.5926725251793488
list:
dist: 3.3475484320917346 vs. 3.3475484320917346
list:
dist: 3.414696480621355 vs. 3.414696480621355
list:
dist: 0.7849780575334139 vs. 0.7849780575334139
list:
dist: 1.4720615889034372 vs. 1.4720615889034372
list:
dist: 0.9806754941089771 vs. 0.9806754941089771
list:
dist: 1.2633727622919284 vs. 1.2633727622919284
list:
dist: 2.463981987707314 vs. 2.463981987707314
list:
dist: 2.097477235607527 vs. 2.097477235607527
list:
dist: 2.773720019424124 vs. 2.773720019424124
list:
dist: 2.6868645618094367 vs. 2.6868645618094367
list:
dist: 2.594085095161011 vs. 2.594085095161011
list:
dist: 2.535800110221647 vs. 2.535800110221647
list:
dist: 1.7111756572615078 vs. 1.7111756572615078
list:
dist: 2.0994111681489076 vs. 2.0994111681489076
list:
dist: 1.1632068991146218 vs. 1.1632068991146218
list:
dist: 1.2288731991314674 vs. 1.2288731991314674
list:
dist: 2.0394403181676153 vs. 2.0394403181676153
list:
dist: 1.4475991866841873 vs. 1.4475991866841873
list:
dist: 1.647037990451383 vs. 1.647037990451383
list:
dist: 2.119667736473928 vs. 2.119667736473928
list:
dist: 2.148790587800326 vs. 2.148790587800326
list:
dist: 2.7835267160131663 vs. 2.7835267160131663
list:
dist: 2.920499141303543 vs. 2.920499141303543
list:
dist: 0.8940789654688167 vs. 0.8940789654688167
list:
dist: 0.7849780575334139 vs. 0.7849780575334139
list:
dist: 1.4180498244423207 vs. 1.4180498244423207
list:
dist: 1.487745061418841 vs. 1.487745061418841
list:
dist: 2.102077539037192 vs. 2.102077539037192
list:
dist: 2.1291584541546404 vs. 2.1291584541546404
list:
dist: 1.6386988577591168 vs. 1.6386988577591168
list:
dist: 1.8556458586773004 vs. 1.8556458586773004
list:
dist: 1.1522834294707622 vs. 1.1522834294707622
list:
dist: 1.3174640893390013 vs. 1.3174640893390013
list:
dist: 1.3461520509672662 vs. 1.3461520509672662
list:
dist: 2.3366696332997456 vs. 2.3366696332997456
list:
dist: 2.050983536209357 vs. 2.050983536209357
list:
dist: 1.4959168511837733 vs. 1.4959168511837733
list:
dist: 1.8398952763228793 vs. 1.8398952763228793
list:
dist: 0.8571315771703213 vs. 0.8571315771703213
list:
dist: 2.864088455468179 vs. 2.864088455468179
list:
dist: 1.1039010991858063 vs. 1.1039010991858063
list:
dist: 1.7323863142591995 vs. 1.7323863142591995
list:
dist: 1.3135228257795935 vs. 1.3135228257795935
list:
dist: 2.0744150556320533 vs. 2.0744150556320533
list:
dist: 2.119667736473928 vs. 2.119667736473928
list:
dist: 1.3705910744950547 vs. 1.3705910744950547
list:
dist: 2.530182342213487 vs. 2.530182342213487
list:
dist: 2.2836827733058556 vs. 2.2836827733058556
list:
dist: 2.2716716216097104 vs. 2.2716716216097104
list:
dist: 2.3912267588945193 vs. 2.3912267588945193
list:
dist: 3.0743778037102047 vs. 3.0743778037102047
list:
dist: 2.490301665080988 vs. 2.490301665080988
list:
dist: 2.6423960149913266 vs. 2.6423960149913266
list:
dist: 3.5109464651347775 vs. 3.5109464651347775
list:
dist: 2.6020772425473138 vs. 2.6020772425473138
list:
dist: 3.0734193193543455 vs. 3.0734193193543455
list:
dist: 3.468919852759103 vs. 3.468919852759103
list:
dist: 1.388853683612026 vs. 1.388853683612026
list:
dist: 3.66204952519232 vs. 3.66204952519232
list:
dist: 4.433731367446598 vs. 4.433731367446598
list:
dist: 3.5894304578559124 vs. 3.5894304578559124
list:
dist: 2.7786002129696734 vs. 2.7786002129696734
list:
dist: 1.7144910503416955 vs. 1.7144910503416955
list:
dist: 3.3388241174556845 vs. 3.3388241174556845
list:
dist: 2.623012674188514 vs. 2.623012674188514
list:
dist: 2.851897782056751 vs. 2.851897782056751
list:
dist: 1.3674025027035155 vs. 1.3674025027035155
list:
dist: 2.100581692028977 vs. 2.100581692028977
list:
dist: 1.8636852703072488 vs. 1.8636852703072488
list:
dist: 2.1025418385926367 vs. 2.1025418385926367
list:
dist: 1.4406563989026926 vs. 1.4406563989026926
list:
dist: 2.4047613914955703 vs. 2.4047613914955703
list:
dist: 3.31664129831408 vs. 3.31664129831408
list:
dist: 2.9575983351778032 vs. 2.9575983351778032
list:
dist: 2.1479254299114663 vs. 2.1479254299114663
list:
dist: 2.9671526374287582 vs. 2.9671526374287582
list:
dist: 2.0997865714097967 vs. 2.0997865714097967
list:
dist: 1.6386770761481724 vs. 1.6386770761481724
list:
dist: 1.308332219136992 vs. 1.308332219136992
list:
dist: 1.3135228257795935 vs. 1.3135228257795935
list:
dist: 1.3332515907877347 vs. 1.3332515907877347
list:
dist: 1.1008954173473344 vs. 1.1008954173473344
list:
dist: 2.7835267160131663 vs. 2.7835267160131663
list:
dist: 2.195096457836239 vs. 2.195096457836239
list:
dist: 3.3475484320917346 vs. 3.3475484320917346
list:
dist: 3.3943865621129925 vs. 3.3943865621129925
list:
dist: 2.8654300578331227 vs. 2.8654300578331227
list:
dist: 2.0895641460694874 vs. 2.0895641460694874
list:
dist: 2.694480306126168 vs. 2.694480306126168
list:
dist: 2.6000107650485034 vs. 2.6000107650485034
list:
dist: 2.711335376659178 vs. 2.711335376659178
list:
dist: 2.8291732933179508 vs. 2.8291732933179508
list:
dist: 2.3445666703204724 vs. 2.3445666703204724
list:
dist: 2.993288402998646 vs. 2.993288402998646
list:
dist: 3.340367999934943 vs. 3.340367999934943
list:
dist: 3.2715298019276253 vs. 3.2715298019276253
list:
dist: 2.129517023872671 vs. 2.129517023872671
list:
dist: 2.751715461864965 vs. 2.751715461864965
list:
dist: 2.4506064234404383 vs. 2.4506064234404383
list:
dist: 2.544697399001855 vs. 2.544697399001855
list:
dist: 1.4823701982955773 vs. 1.4823701982955773
list:
dist: 1.7323863142591995 vs. 1.7323863142591995
list:
dist: 1.3332515907877347 vs. 1.3332515907877347
list:
dist: 0.8366130667514415 vs. 0.8366130667514415
list:
dist: 2.148790587800326 vs. 2.148790587800326
list:
dist: 2.0006407673676274 vs. 2.0006407673676274
list:
dist: 2.5926725251793488 vs. 2.5926725251793488
list:
dist: 2.9090662190251506 vs. 2.9090662190251506
list:
dist: 1.8577081879011572 vs. 1.8577081879011572
list:
dist: 0.7881052046465654 vs. 0.7881052046465654
list:
dist: 3.1387889422614585 vs. 3.1387889422614585
list:
dist: 3.661036095172942 vs. 3.661036095172942
list:
dist: 3.1969558143618246 vs. 3.1969558143618246
list:
dist: 3.2887306981771185 vs. 3.2887306981771185
list:
dist: 3.150841578370755 vs. 3.150841578370755
list:
dist: 2.9067420965317434 vs. 2.9067420965317434
list:
dist: 3.2149822721579544 vs. 3.2149822721579544
list:
dist: 2.2841392335818886 vs. 2.2841392335818886
list:
dist: 1.985349764910274 vs. 1.985349764910274
list:
dist: 2.4915449669014125 vs. 2.4915449669014125
list:
dist: 2.523373924761264 vs. 2.523373924761264
list:
dist: 2.3124797099555234 vs. 2.3124797099555234
list:
dist: 2.2716716216097104 vs. 2.2716716216097104
list:
dist: 1.8577081879011572 vs. 1.8577081879011572
list:
dist: 2.8654300578331227 vs. 2.8654300578331227
list:
dist: 2.666059434376169 vs. 2.666059434376169
list:
dist: 1.487745061418841 vs. 1.487745061418841
list:
dist: 1.8705881776153719 vs. 1.8705881776153719
list:
dist: 1.2633727622919284 vs. 1.2633727622919284
list:
dist: 1.5890341557788124 vs. 1.5890341557788124
list:
dist: 1.707125623947149 vs. 1.707125623947149
list:
dist: 3.163087135690424 vs. 3.163087135690424
list:
dist: 1.9724861614512577 vs. 1.9724861614512577
list:
dist: 2.3912267588945193 vs. 2.3912267588945193
list:
dist: 0.7881052046465654 vs. 0.7881052046465654
list:
dist: 2.0895641460694874 vs. 2.0895641460694874
list:
dist: 1.386928422355375 vs. 1.386928422355375
list:
dist: 2.102077539037192 vs. 2.102077539037192
list:
dist: 2.276910042797531 vs. 2.276910042797531
list:
dist: 2.463981987707314 vs. 2.463981987707314
list:
dist: 3.00536896837525 vs. 3.00536896837525
list:
dist: 1.707125623947149 vs. 1.707125623947149
list:
dist: 2.2874814232663563 vs. 2.2874814232663563
list:
dist: 2.9130075857816107 vs. 2.9130075857816107
list:
dist: 2.7836457474957506 vs. 2.7836457474957506
list:
dist: 3.084057256556425 vs. 3.084057256556425
list:
dist: 2.435794366704026 vs. 2.435794366704026
list:
dist: 3.334676392326494 vs. 3.334676392326494
list:
dist: 3.9395362525947384 vs. 3.9395362525947384
list:
dist: 3.7413603063153316 vs. 3.7413603063153316
list:
dist: 2.681268357903232 vs. 2.681268357903232
list:
dist: 3.443670444650921 vs. 3.443670444650921
list:
dist: 2.890788824561645 vs. 2.890788824561645
list:
dist: 1.7863635015849768 vs. 1.7863635015849768
list:
dist: 1.8803530658738543 vs. 1.8803530658738543
list:
dist: 2.0744150556320533 vs. 2.0744150556320533
list:
dist: 0.8366130667514415 vs. 0.8366130667514415
list:
dist: 1.1008954173473344 vs. 1.1008954173473344
list:
dist: 2.920499141303543 vs. 2.920499141303543
list:
dist: 2.6454153682750166 vs. 2.6454153682750166
list:
dist: 3.414696480621355 vs. 3.414696480621355
list:
dist: 3.676533892271802 vs. 3.676533892271802
list:
dist: 2.666059434376169 vs. 2.666059434376169
list:
dist: 1.386928422355375 vs. 1.386928422355375
list:
dist: 3.490550752843332 vs. 3.490550752843332
list:
dist: 2.9978821706822067 vs. 2.9978821706822067
list:
dist: 1.8489325499692675 vs. 1.8489325499692675
list:
dist: 2.126785741354746 vs. 2.126785741354746
list:
dist: 2.120396921178921 vs. 2.120396921178921
list:
dist: 1.4289853940069233 vs. 1.4289853940069233
list:
dist: 0.9285316330829219 vs. 0.9285316330829219
list:
dist: 1.622150846011867 vs. 1.622150846011867
list:
dist: 1.2165136712907512 vs. 1.2165136712907512
list:
dist: 0.8821217857414636 vs. 0.8821217857414636
list:
dist: 1.7593604717680427 vs. 1.7593604717680427
list:
dist: 2.6020772425473138 vs. 2.6020772425473138
list:
dist: 2.416806475040931 vs. 2.416806475040931
list:
dist: 3.024493865243854 vs. 3.024493865243854
list:
dist: 1.7408443449957496 vs. 1.7408443449957496
list:
dist: 2.166563138692529 vs. 2.166563138692529
list:
dist: 1.4917224839164296 vs. 1.4917224839164296
list:
dist: 1.2257235415104655 vs. 1.2257235415104655
list:
dist: 1.1592540846842816 vs. 1.1592540846842816
list:
dist: 3.1049235526642076 vs. 3.1049235526642076
list:
dist: 2.3515411456162423 vs. 2.3515411456162423
list:
dist: 1.7590217969507915 vs. 1.7590217969507915
list:
dist: 1.7050033647258747 vs. 1.7050033647258747
list:
dist: 1.9838363576674836 vs. 1.9838363576674836
list:
dist: 1.8442758441855456 vs. 1.8442758441855456
list:
dist: 1.2855526329313003 vs. 1.2855526329313003
list:
dist: 1.0859233551495873 vs. 1.0859233551495873
list:
dist: 1.3357250036546706 vs. 1.3357250036546706
list:
dist: 1.8489325499692675 vs. 1.8489325499692675
list:
dist: 1.5657161777591415 vs. 1.5657161777591415
list:
dist: 1.7214089117621063 vs. 1.7214089117621063
list:
dist: 1.9906610117711625 vs. 1.9906610117711625
list:
dist: 3.6905875689043417 vs. 3.6905875689043417
list:
dist: 3.2443812538032795 vs. 3.2443812538032795
list:
dist: 3.2520350143635435 vs. 3.2520350143635435
list:
dist: 2.3462258759068346 vs. 2.3462258759068346
list:
dist: 2.8926876315710106 vs. 2.8926876315710106
list:
dist: 1.8420043993818245 vs. 1.8420043993818245
list:
dist: 1.9838363576674836 vs. 1.9838363576674836
list:
dist: 1.154541213921754 vs. 1.154541213921754
list:
dist: 2.669465471191166 vs. 2.669465471191166
list:
dist: 2.2282565469889914 vs. 2.2282565469889914
list:
dist: 2.10990523187761 vs. 2.10990523187761
list:
dist: 2.126785741354746 vs. 2.126785741354746
list:
dist: 2.2390806012880424 vs. 2.2390806012880424
list:
dist: 1.2628877092249942 vs. 1.2628877092249942
list:
dist: 1.728639409802372 vs. 1.728639409802372
list:
dist: 2.272266474621969 vs. 2.272266474621969
list:
dist: 2.3684555069109767 vs. 2.3684555069109767
list:
dist: 1.8549246878411831 vs. 1.8549246878411831
list:
dist: 1.7809478346533267 vs. 1.7809478346533267
list:
dist: 2.63832060506278 vs. 2.63832060506278
list:
dist: 3.0893371479975116 vs. 3.0893371479975116
list:
dist: 2.54466827447922 vs. 2.54466827447922
list:
dist: 1.2855526329313003 vs. 1.2855526329313003
list:
dist: 2.669465471191166 vs. 2.669465471191166
list:
dist: 2.1895195654712962 vs. 2.1895195654712962
list:
dist: 0.6709278584897236 vs. 0.6709278584897236
list:
dist: 1.9551889526880084 vs. 1.9551889526880084
list:
dist: 1.4289853940069233 vs. 1.4289853940069233
list:
dist: 1.8043316600751849 vs. 1.8043316600751849
list:
dist: 1.8206483441458168 vs. 1.8206483441458168
list:
dist: 1.688643613264019 vs. 1.688643613264019
list:
dist: 2.490301665080988 vs. 2.490301665080988
list:
dist: 2.177991560342119 vs. 2.177991560342119
list:
dist: 3.6667285471286344 vs. 3.6667285471286344
list:
dist: 2.8871725256499094 vs. 2.8871725256499094
list:
dist: 3.218447012564647 vs. 3.218447012564647
list:
dist: 2.048935416968912 vs. 2.048935416968912
list:
dist: 2.231981839292119 vs. 2.231981839292119
list:
dist: 1.8785617834745465 vs. 1.8785617834745465
list:
dist: 4.229643139973868 vs. 4.229643139973868
list:
dist: 3.3513454733365267 vs. 3.3513454733365267
list:
dist: 2.9648645937053453 vs. 2.9648645937053453
list:
dist: 2.795474961605343 vs. 2.795474961605343
list:
dist: 2.7649973043310943 vs. 2.7649973043310943
list:
dist: 1.3357250036546706 vs. 1.3357250036546706
list:
dist: 2.10990523187761 vs. 2.10990523187761
list:
dist: 2.560824107139189 vs. 2.560824107139189
list:
dist: 1.9551889526880084 vs. 1.9551889526880084
list:
dist: 1.3641995965834803 vs. 1.3641995965834803
list:
dist: 1.622150846011867 vs. 1.622150846011867
list:
dist: 0.537558880827748 vs. 0.537558880827748
list:
dist: 1.6312702790864906 vs. 1.6312702790864906
list:
dist: 2.1846576382168483 vs. 2.1846576382168483
list:
dist: 3.5109464651347775 vs. 3.5109464651347775
list:
dist: 2.9303499637989017 vs. 2.9303499637989017
list:
dist: 4.000804820832778 vs. 4.000804820832778
list:
dist: 3.0885790961050557 vs. 3.0885790961050557
list:
dist: 3.163790289719062 vs. 3.163790289719062
list:
dist: 2.6969013267225637 vs. 2.6969013267225637
list:
dist: 2.816818858863946 vs. 2.816818858863946
list:
dist: 2.59446575318646 vs. 2.59446575318646
list:
dist: 4.4223842540984535 vs. 4.4223842540984535
list:
dist: 3.809316940019054 vs. 3.809316940019054
list:
dist: 3.188546538174845 vs. 3.188546538174845
list:
dist: 3.3513454733365267 vs. 3.3513454733365267
list:
dist: 3.1443401881604323 vs. 3.1443401881604323
list:
dist: 3.809316940019054 vs. 3.809316940019054
list:
dist: 2.3515411456162423 vs. 2.3515411456162423
list:
dist: 3.299527150196425 vs. 3.299527150196425
list:
dist: 2.879342859302127 vs. 2.879342859302127
list:
dist: 2.8935719119578667 vs. 2.8935719119578667
list:
dist: 2.623012674188514 vs. 2.623012674188514
list:
dist: 1.9134799220685417 vs. 1.9134799220685417
list:
dist: 2.8010498977893583 vs. 2.8010498977893583
list:
dist: 2.732831366439895 vs. 2.732831366439895
list:
dist: 1.5092725620839134 vs. 1.5092725620839134
list:
dist: 1.5278925813703461 vs. 1.5278925813703461
list:
dist: 0.9412309634888282 vs. 0.9412309634888282
list:
dist: 0.8114538467919635 vs. 0.8114538467919635
list:
dist: 1.550188192123139 vs. 1.550188192123139
list:
dist: 2.975649887056558 vs. 2.975649887056558
list:
dist: 2.4725846197975083 vs. 2.4725846197975083
list:
dist: 1.732583479050035 vs. 1.732583479050035
list:
dist: 1.1690841400789285 vs. 1.1690841400789285
list:
dist: 1.3194613259344927 vs. 1.3194613259344927
list:
dist: 1.7050033647258747 vs. 1.7050033647258747
list:
dist: 1.8420043993818245 vs. 1.8420043993818245
list:
dist: 1.3615852044843166 vs. 1.3615852044843166
list:
dist: 2.54466827447922 vs. 2.54466827447922
list:
dist: 2.506025192074813 vs. 2.506025192074813
list:
dist: 2.7649973043310943 vs. 2.7649973043310943
list:
dist: 2.9978821706822067 vs. 2.9978821706822067
list:
dist: 3.0381044637582133 vs. 3.0381044637582133
list:
dist: 2.4360770658061166 vs. 2.4360770658061166
list:
dist: 1.3063730421478474 vs. 1.3063730421478474
list:
dist: 3.209284384166771 vs. 3.209284384166771
list:
dist: 3.681984038436058 vs. 3.681984038436058
list:
dist: 3.331159760143296 vs. 3.331159760143296
list:
dist: 2.5576811157213375 vs. 2.5576811157213375
list:
dist: 3.631117757363037 vs. 3.631117757363037
list:
dist: 1.8785617834745465 vs. 1.8785617834745465
list:
dist: 1.7170334895218267 vs. 1.7170334895218267
list:
dist: 2.59446575318646 vs. 2.59446575318646
list:
dist: 1.1592540846842816 vs. 1.1592540846842816
list:
dist: 2.1026141132626854 vs. 2.1026141132626854
list:
dist: 1.9613714946386769 vs. 1.9613714946386769
list:
dist: 1.528925391624553 vs. 1.528925391624553
list:
dist: 1.7144910503416955 vs. 1.7144910503416955
list:
dist: 1.9680873821157214 vs. 1.9680873821157214
list:
dist: 2.7303280171749496 vs. 2.7303280171749496
list:
dist: 2.0668781176224824 vs. 2.0668781176224824
list:
dist: 1.1168732492049154 vs. 1.1168732492049154
list:
dist: 2.3895993682088923 vs. 2.3895993682088923
list:
dist: 1.5278925813703461 vs. 1.5278925813703461
list:
dist: 1.3336637868255883 vs. 1.3336637868255883
list:
dist: 2.1254355382322365 vs. 2.1254355382322365
list:
dist: 3.6859261344233856 vs. 3.6859261344233856
list:
dist: 2.889947850746581 vs. 2.889947850746581
list:
dist: 2.8886000401910983 vs. 2.8886000401910983
list:
dist: 1.8581484551931706 vs. 1.8581484551931706
list:
dist: 2.7168271326924316 vs. 2.7168271326924316
list:
dist: 3.0125814352668576 vs. 3.0125814352668576
list:
dist: 2.506025192074813 vs. 2.506025192074813
list:
dist: 1.0859233551495873 vs. 1.0859233551495873
list:
dist: 2.2282565469889914 vs. 2.2282565469889914
list:
dist: 2.030227188517838 vs. 2.030227188517838
list:
dist: 0.6709278584897236 vs. 0.6709278584897236
list:
dist: 1.3641995965834803 vs. 1.3641995965834803
list:
dist: 0.9285316330829219 vs. 0.9285316330829219
list:
dist: 1.1708557557491914 vs. 1.1708557557491914
list:
dist: 1.3007042925345296 vs. 1.3007042925345296
list:
dist: 1.6088676317598338 vs. 1.6088676317598338
list:
dist: 2.6423960149913266 vs. 2.6423960149913266
list:
dist: 2.1989914612127297 vs. 2.1989914612127297
list:
dist: 3.4648836968848693 vs. 3.4648836968848693
list:
dist: 2.549282721723323 vs. 2.549282721723323
list:
dist: 2.8358723997994733 vs. 2.8358723997994733
list:
dist: 1.868599257520876 vs. 1.868599257520876
list:
dist: 1.9963731320276659 vs. 1.9963731320276659
list:
dist: 1.7170334895218267 vs. 1.7170334895218267
list:
dist: 3.954381401845694 vs. 3.954381401845694
list:
dist: 3.1443401881604323 vs. 3.1443401881604323
list:
dist: 2.643631509516888 vs. 2.643631509516888
list:
dist: 1.3615852044843166 vs. 1.3615852044843166
list:
dist: 1.8442758441855456 vs. 1.8442758441855456
list:
dist: 1.154541213921754 vs. 1.154541213921754
list:
dist: 2.1895195654712962 vs. 2.1895195654712962
list:
dist: 2.030227188517838 vs. 2.030227188517838
list:
dist: 2.560824107139189 vs. 2.560824107139189
list:
dist: 2.120396921178921 vs. 2.120396921178921
list:
dist: 2.61340135742579 vs. 2.61340135742579
list:
dist: 1.4529765213664974 vs. 1.4529765213664974
list:
dist: 0.5863173557885044 vs. 0.5863173557885044
list:
dist: 1.9786789431947645 vs. 1.9786789431947645
list:
dist: 2.366851121728188 vs. 2.366851121728188
list:
dist: 2.0295009733560225 vs. 2.0295009733560225
list:
dist: 1.2594963403645916 vs. 1.2594963403645916
list:
dist: 2.429262152768023 vs. 2.429262152768023
list:
dist: 2.1201551217852903 vs. 2.1201551217852903
list:
dist: 1.688643613264019 vs. 1.688643613264019
list:
dist: 1.6088676317598338 vs. 1.6088676317598338
list:
dist: 2.1846576382168483 vs. 2.1846576382168483
list:
dist: 1.7593604717680427 vs. 1.7593604717680427
list:
dist: 1.791956426924663 vs. 1.791956426924663
list:
dist: 2.5762483676732546 vs. 2.5762483676732546
list:
dist: 1.388853683612026 vs. 1.388853683612026
list:
dist: 3.301930705275743 vs. 3.301930705275743
list:
dist: 3.891617131251222 vs. 3.891617131251222
list:
dist: 3.0838217804309136 vs. 3.0838217804309136
list:
dist: 2.5272299274891457 vs. 2.5272299274891457
list:
dist: 1.528925391624553 vs. 1.528925391624553
list:
dist: 3.618285195745723 vs. 3.618285195745723
list:
dist: 2.8935719119578667 vs. 2.8935719119578667
list:
dist: 2.7323685829003344 vs. 2.7323685829003344
list:
dist: 2.9648645937053453 vs. 2.9648645937053453
list:
dist: 2.643631509516888 vs. 2.643631509516888
list:
dist: 3.188546538174845 vs. 3.188546538174845
list:
dist: 1.7590217969507915 vs. 1.7590217969507915
list:
dist: 2.70941919732831 vs. 2.70941919732831
list:
dist: 2.152649685513118 vs. 2.152649685513118
list:
dist: 2.7323685829003344 vs. 2.7323685829003344
list:
dist: 2.851897782056751 vs. 2.851897782056751
list:
dist: 1.223860107460724 vs. 1.223860107460724
list:
dist: 2.0807308742475423 vs. 2.0807308742475423
list:
dist: 2.1303104086839117 vs. 2.1303104086839117
list:
dist: 0.962757750825735 vs. 0.962757750825735
list:
dist: 1.3336637868255883 vs. 1.3336637868255883
list:
dist: 1.4144141193040587 vs. 1.4144141193040587
list:
dist: 0.8114538467919635 vs. 0.8114538467919635
list:
dist: 1.2133983230700616 vs. 1.2133983230700616
list:
dist: 2.828133508215944 vs. 2.828133508215944
list:
dist: 2.183536787018883 vs. 2.183536787018883
list:
dist: 1.6268539167681568 vs. 1.6268539167681568
list:
dist: 1.583935983941741 vs. 1.583935983941741
list:
dist: 1.6912309426810832 vs. 1.6912309426810832
list:
dist: 1.3063730421478474 vs. 1.3063730421478474
list:
dist: 1.9906610117711625 vs. 1.9906610117711625
list:
dist: 1.728639409802372 vs. 1.728639409802372
list:
dist: 0.5863173557885044 vs. 0.5863173557885044
list:
dist: 2.177991560342119 vs. 2.177991560342119
list:
dist: 2.1989914612127297 vs. 2.1989914612127297
list:
dist: 2.9303499637989017 vs. 2.9303499637989017
list:
dist: 2.416806475040931 vs. 2.416806475040931
list:
dist: 2.9776374005049933 vs. 2.9776374005049933
list:
dist: 1.8994457988490339 vs. 1.8994457988490339
list:
dist: 2.173642778514538 vs. 2.173642778514538
list:
dist: 2.694909547389899 vs. 2.694909547389899
list:
dist: 2.4433195935588556 vs. 2.4433195935588556
list:
dist: 1.469901234857302 vs. 1.469901234857302
list:
dist: 2.6495280201082694 vs. 2.6495280201082694
list:
dist: 3.235974390400151 vs. 3.235974390400151
list:
dist: 3.878603428090751 vs. 3.878603428090751
list:
dist: 3.0659423152809415 vs. 3.0659423152809415
list:
dist: 4.320326986871288 vs. 4.320326986871288
list:
dist: 3.209284384166771 vs. 3.209284384166771
list:
dist: 3.6905875689043417 vs. 3.6905875689043417
list:
dist: 2.272266474621969 vs. 2.272266474621969
list:
dist: 1.9786789431947645 vs. 1.9786789431947645
list:
dist: 3.6667285471286344 vs. 3.6667285471286344
list:
dist: 3.4648836968848693 vs. 3.4648836968848693
list:
dist: 4.000804820832778 vs. 4.000804820832778
list:
dist: 3.024493865243854 vs. 3.024493865243854
list:
dist: 3.877192305648829 vs. 3.877192305648829
list:
dist: 2.426095792310287 vs. 2.426095792310287
list:
dist: 2.173642778514538 vs. 2.173642778514538
list:
dist: 1.8641264617335147 vs. 1.8641264617335147
list:
dist: 1.2654448785151122 vs. 1.2654448785151122
list:
dist: 1.66281738156966 vs. 1.66281738156966
list:
dist: 2.4791597458561663 vs. 2.4791597458561663
list:
dist: 2.1916114865979863 vs. 2.1916114865979863
list:
dist: 2.1629572338715546 vs. 2.1629572338715546
list:
dist: 1.6391132535439161 vs. 1.6391132535439161
list:
dist: 2.937956465488273 vs. 2.937956465488273
list:
dist: 2.7016898751928102 vs. 2.7016898751928102
list:
dist: 2.068760341682134 vs. 2.068760341682134
list:
dist: 2.6892715650562917 vs. 2.6892715650562917
list:
dist: 1.7904257722620778 vs. 1.7904257722620778
list:
dist: 3.2457501343716535 vs. 3.2457501343716535
list:
dist: 2.850603243658005 vs. 2.850603243658005
list:
dist: 3.342788196359537 vs. 3.342788196359537
list:
dist: 1.49191653012086 vs. 1.49191653012086
list:
dist: 3.631117757363037 vs. 3.631117757363037
list:
dist: 2.8926876315710106 vs. 2.8926876315710106
list:
dist: 2.63832060506278 vs. 2.63832060506278
list:
dist: 2.429262152768023 vs. 2.429262152768023
list:
dist: 2.231981839292119 vs. 2.231981839292119
list:
dist: 1.9963731320276659 vs. 1.9963731320276659
list:
dist: 2.816818858863946 vs. 2.816818858863946
list:
dist: 1.2257235415104655 vs. 1.2257235415104655
list:
dist: 2.40529463766223 vs. 2.40529463766223
list:
dist: 1.5319548984044071 vs. 1.5319548984044071
list:
dist: 2.5272299274891457 vs. 2.5272299274891457
list:
dist: 2.7786002129696734 vs. 2.7786002129696734
list:
dist: 2.6495280201082694 vs. 2.6495280201082694
list:
dist: 2.4791597458561663 vs. 2.4791597458561663
list:
dist: 0.908767247275915 vs. 0.908767247275915
list:
dist: 1.7028076381506054 vs. 1.7028076381506054
list:
dist: 1.2407126695934356 vs. 1.2407126695934356
list:
dist: 1.1168732492049154 vs. 1.1168732492049154
list:
dist: 2.308334447047441 vs. 2.308334447047441
list:
dist: 1.5092725620839134 vs. 1.5092725620839134
list:
dist: 0.962757750825735 vs. 0.962757750825735
list:
dist: 1.1605941092296015 vs. 1.1605941092296015
list:
dist: 2.695206326737078 vs. 2.695206326737078
list:
dist: 1.8516726586374712 vs. 1.8516726586374712
list:
dist: 2.137204387119609 vs. 2.137204387119609
list:
dist: 1.6298630727413665 vs. 1.6298630727413665
list:
dist: 2.6193012031279106 vs. 2.6193012031279106
list:
dist: 4.065403460743406 vs. 4.065403460743406
list:
dist: 2.4360770658061166 vs. 2.4360770658061166
list:
dist: 1.7214089117621063 vs. 1.7214089117621063
list:
dist: 1.2628877092249942 vs. 1.2628877092249942
list:
dist: 1.4529765213664974 vs. 1.4529765213664974
list:
dist: 1.8206483441458168 vs. 1.8206483441458168
list:
dist: 1.3007042925345296 vs. 1.3007042925345296
list:
dist: 1.6312702790864906 vs. 1.6312702790864906
list:
dist: 0.8821217857414636 vs. 0.8821217857414636
list:
dist: 1.4538904655783753 vs. 1.4538904655783753
list:
dist: 2.5762483676732546 vs. 2.5762483676732546
list:
dist: 3.468919852759103 vs. 3.468919852759103
list:
dist: 1.8994457988490339 vs. 1.8994457988490339
list:
dist: 2.426095792310287 vs. 2.426095792310287
list:
dist: 1.5972444706959381 vs. 1.5972444706959381
list:
dist: 1.6254308582196753 vs. 1.6254308582196753
list:
dist: 1.1442148963769918 vs. 1.1442148963769918
list:
dist: 1.5319548984044071 vs. 1.5319548984044071
list:
dist: 1.9613714946386769 vs. 1.9613714946386769
list:
dist: 3.551332419416858 vs. 3.551332419416858
list:
dist: 2.879342859302127 vs. 2.879342859302127
list:
dist: 2.152649685513118 vs. 2.152649685513118
list:
dist: 3.331159760143296 vs. 3.331159760143296
list:
dist: 3.2520350143635435 vs. 3.2520350143635435
list:
dist: 1.8549246878411831 vs. 1.8549246878411831
list:
dist: 2.0295009733560225 vs. 2.0295009733560225
list:
dist: 3.218447012564647 vs. 3.218447012564647
list:
dist: 2.8358723997994733 vs. 2.8358723997994733
list:
dist: 3.163790289719062 vs. 3.163790289719062
list:
dist: 2.166563138692529 vs. 2.166563138692529
list:
dist: 2.9580604024684747 vs. 2.9580604024684747
list:
dist: 1.6254308582196753 vs. 1.6254308582196753
list:
dist: 3.891617131251222 vs. 3.891617131251222
list:
dist: 4.433731367446598 vs. 4.433731367446598
list:
dist: 2.4433195935588556 vs. 2.4433195935588556
list:
dist: 1.2654448785151122 vs. 1.2654448785151122
list:
dist: 0.9023809787306847 vs. 0.9023809787306847
list:
dist: 1.3521211926227574 vs. 1.3521211926227574
list:
dist: 1.7028076381506054 vs. 1.7028076381506054
list:
dist: 2.7303280171749496 vs. 2.7303280171749496
list:
dist: 3.232351053865817 vs. 3.232351053865817
list:
dist: 2.8010498977893583 vs. 2.8010498977893583
list:
dist: 2.0807308742475423 vs. 2.0807308742475423
list:
dist: 1.5960206701501438 vs. 1.5960206701501438
list:
dist: 2.3864740425855655 vs. 2.3864740425855655
list:
dist: 1.6947589026102254 vs. 1.6947589026102254
list:
dist: 2.248116466334996 vs. 2.248116466334996
list:
dist: 2.9514505499396164 vs. 2.9514505499396164
list:
dist: 3.40180072569877 vs. 3.40180072569877
list:
dist: 3.5198882777805753 vs. 3.5198882777805753
list:
dist: 2.803657754601354 vs. 2.803657754601354
list:
dist: 2.419869161084089 vs. 2.419869161084089
list:
dist: 2.56527378805053 vs. 2.56527378805053
list:
dist: 1.7817498458413852 vs. 1.7817498458413852
list:
dist: 2.3516248121022554 vs. 2.3516248121022554
list:
dist: 2.444952170176291 vs. 2.444952170176291
list:
dist: 1.9268414429477574 vs. 1.9268414429477574
list:
dist: 1.5278080615542358 vs. 1.5278080615542358
list:
dist: 1.4462436557804834 vs. 1.4462436557804834
list:
dist: 0.8898311353199272 vs. 0.8898311353199272
list:
dist: 2.0406228599883582 vs. 2.0406228599883582
list:
dist: 1.4400734443423948 vs. 1.4400734443423948
list:
dist: 2.152733942227128 vs. 2.152733942227128
list:
dist: 3.3297969547248942 vs. 3.3297969547248942
list:
dist: 2.734099882527413 vs. 2.734099882527413
list:
dist: 2.2856147581382062 vs. 2.2856147581382062
list:
dist: 3.195359807686822 vs. 3.195359807686822
list:
dist: 3.47030094245988 vs. 3.47030094245988
list:
dist: 2.3264088770478604 vs. 2.3264088770478604
list:
dist: 2.1525347397312022 vs. 2.1525347397312022
list:
dist: 2.2808172534873714 vs. 2.2808172534873714
list:
dist: 2.45268868691764 vs. 2.45268868691764
list:
dist: 2.3249474167915993 vs. 2.3249474167915993
list:
dist: 3.641530614411047 vs. 3.641530614411047
list:
dist: 3.122248221652309 vs. 3.122248221652309
list:
dist: 3.3435004970805076 vs. 3.3435004970805076
list:
dist: 4.320326986871288 vs. 4.320326986871288
list:
dist: 2.937956465488273 vs. 2.937956465488273
list:
dist: 1.7167567332583695 vs. 1.7167567332583695
list:
dist: 2.248116466334996 vs. 2.248116466334996
list:
dist: 2.8969663642160777 vs. 2.8969663642160777
list:
dist: 2.137204387119609 vs. 2.137204387119609
list:
dist: 2.8886000401910983 vs. 2.8886000401910983
list:
dist: 1.589735280201595 vs. 1.589735280201595
list:
dist: 1.732583479050035 vs. 1.732583479050035
list:
dist: 1.6268539167681568 vs. 1.6268539167681568
list:
dist: 1.1660312195002223 vs. 1.1660312195002223
list:
dist: 1.8179400434555326 vs. 1.8179400434555326
list:
dist: 1.7255336284667622 vs. 1.7255336284667622
list:
dist: 2.0205287899049225 vs. 2.0205287899049225
list:
dist: 1.675901156674253 vs. 1.675901156674253
list:
dist: 3.9492442682625857 vs. 3.9492442682625857
list:
dist: 2.1689974528390894 vs. 2.1689974528390894
list:
dist: 1.7904257722620778 vs. 1.7904257722620778
list:
dist: 2.5576811157213375 vs. 2.5576811157213375
list:
dist: 2.3462258759068346 vs. 2.3462258759068346
list:
dist: 1.7809478346533267 vs. 1.7809478346533267
list:
dist: 1.2594963403645916 vs. 1.2594963403645916
list:
dist: 2.048935416968912 vs. 2.048935416968912
list:
dist: 1.868599257520876 vs. 1.868599257520876
list:
dist: 2.6969013267225637 vs. 2.6969013267225637
list:
dist: 1.4917224839164296 vs. 1.4917224839164296
list:
dist: 2.491794359722876 vs. 2.491794359722876
list:
dist: 1.1442148963769918 vs. 1.1442148963769918
list:
dist: 3.0838217804309136 vs. 3.0838217804309136
list:
dist: 3.5894304578559124 vs. 3.5894304578559124
list:
dist: 1.469901234857302 vs. 1.469901234857302
list:
dist: 1.66281738156966 vs. 1.66281738156966
list:
dist: 1.266671447966583 vs. 1.266671447966583
list:
dist: 1.3521211926227574 vs. 1.3521211926227574
list:
dist: 1.2407126695934356 vs. 1.2407126695934356
list:
dist: 2.0668781176224824 vs. 2.0668781176224824
list:
dist: 3.483063341418796 vs. 3.483063341418796
list:
dist: 2.732831366439895 vs. 2.732831366439895
list:
dist: 2.1303104086839117 vs. 2.1303104086839117
list:
dist: 1.811536240211113 vs. 1.811536240211113
list:
dist: 2.8057018824082705 vs. 2.8057018824082705
list:
dist: 1.9029932627219397 vs. 1.9029932627219397
list:
dist: 2.8969663642160777 vs. 2.8969663642160777
list:
dist: 2.5882616072165416 vs. 2.5882616072165416
list:
dist: 3.7672686230588495 vs. 3.7672686230588495
list:
dist: 2.1087198058236707 vs. 2.1087198058236707
list:
dist: 2.9514505499396164 vs. 2.9514505499396164
list:
dist: 2.5882616072165416 vs. 2.5882616072165416
list:
dist: 1.6298630727413665 vs. 1.6298630727413665
list:
dist: 1.8581484551931706 vs. 1.8581484551931706
list:
dist: 1.866291289223327 vs. 1.866291289223327
list:
dist: 1.1690841400789285 vs. 1.1690841400789285
list:
dist: 1.583935983941741 vs. 1.583935983941741
list:
dist: 1.4701736993389076 vs. 1.4701736993389076
list:
dist: 2.480033208593401 vs. 2.480033208593401
list:
dist: 2.018450944122312 vs. 2.018450944122312
list:
dist: 2.0205287899049225 vs. 2.0205287899049225
list:
dist: 2.245905689622965 vs. 2.245905689622965
list:
dist: 3.5848880279719255 vs. 3.5848880279719255
list:
dist: 3.2457501343716535 vs. 3.2457501343716535
list:
dist: 4.229643139973868 vs. 4.229643139973868
list:
dist: 3.954381401845694 vs. 3.954381401845694
list:
dist: 4.4223842540984535 vs. 4.4223842540984535
list:
dist: 3.1049235526642076 vs. 3.1049235526642076
list:
dist: 3.9131214549273987 vs. 3.9131214549273987
list:
dist: 3.551332419416858 vs. 3.551332419416858
list:
dist: 3.618285195745723 vs. 3.618285195745723
list:
dist: 3.3388241174556845 vs. 3.3388241174556845
list:
dist: 2.4387973056114536 vs. 2.4387973056114536
list:
dist: 3.232351053865817 vs. 3.232351053865817
list:
dist: 3.483063341418796 vs. 3.483063341418796
list:
dist: 2.308334447047441 vs. 2.308334447047441
list:
dist: 2.3895993682088923 vs. 2.3895993682088923
list:
dist: 0.9412309634888282 vs. 0.9412309634888282
list:
dist: 1.4144141193040587 vs. 1.4144141193040587
list:
dist: 2.0280671307648706 vs. 2.0280671307648706
list:
dist: 3.202610952163823 vs. 3.202610952163823
list:
dist: 2.9177310651958126 vs. 2.9177310651958126
list:
dist: 1.589735280201595 vs. 1.589735280201595
list:
dist: 1.866291289223327 vs. 1.866291289223327
list:
dist: 0.3937691959461865 vs. 0.3937691959461865
list:
dist: 3.235974390400151 vs. 3.235974390400151
list:
dist: 2.1916114865979863 vs. 2.1916114865979863
list:
dist: 0.8763295895745152 vs. 0.8763295895745152
list:
dist: 1.5960206701501438 vs. 1.5960206701501438
list:
dist: 1.811536240211113 vs. 1.811536240211113
list:
dist: 1.1605941092296015 vs. 1.1605941092296015
list:
dist: 2.1254355382322365 vs. 2.1254355382322365
list:
dist: 2.0280671307648706 vs. 2.0280671307648706
list:
dist: 1.550188192123139 vs. 1.550188192123139
list:
dist: 1.2133983230700616 vs. 1.2133983230700616
list:
dist: 1.6416098691174208 vs. 1.6416098691174208
list:
dist: 0.9845373689973349 vs. 0.9845373689973349
list:
dist: 1.1660312195002223 vs. 1.1660312195002223
list:
dist: 1.4701736993389076 vs. 1.4701736993389076
list:
dist: 2.289410063406726 vs. 2.289410063406726
list:
dist: 4.5027111767796875 vs. 4.5027111767796875
list:
dist: 2.6062966656503237 vs. 2.6062966656503237
list:
dist: 2.7016898751928102 vs. 2.7016898751928102
list:
dist: 2.747934357663158 vs. 2.747934357663158
list:
dist: 3.0381044637582133 vs. 3.0381044637582133
list:
dist: 1.5657161777591415 vs. 1.5657161777591415
list:
dist: 2.2390806012880424 vs. 2.2390806012880424
list:
dist: 2.61340135742579 vs. 2.61340135742579
list:
dist: 1.8043316600751849 vs. 1.8043316600751849
list:
dist: 1.1708557557491914 vs. 1.1708557557491914
list:
dist: 0.537558880827748 vs. 0.537558880827748
list:
dist: 1.2165136712907512 vs. 1.2165136712907512
list:
dist: 1.4538904655783753 vs. 1.4538904655783753
list:
dist: 1.791956426924663 vs. 1.791956426924663
list:
dist: 3.0734193193543455 vs. 3.0734193193543455
list:
dist: 2.9776374005049933 vs. 2.9776374005049933
list:
dist: 3.877192305648829 vs. 3.877192305648829
list:
dist: 2.749667833970485 vs. 2.749667833970485
list:
dist: 2.9580604024684747 vs. 2.9580604024684747
list:
dist: 2.491794359722876 vs. 2.491794359722876
list:
dist: 2.40529463766223 vs. 2.40529463766223
list:
dist: 2.1026141132626854 vs. 2.1026141132626854
list:
dist: 3.9131214549273987 vs. 3.9131214549273987
list:
dist: 3.299527150196425 vs. 3.299527150196425
list:
dist: 2.70941919732831 vs. 2.70941919732831
list:
dist: 3.681984038436058 vs. 3.681984038436058
list:
dist: 3.2443812538032795 vs. 3.2443812538032795
list:
dist: 2.3684555069109767 vs. 2.3684555069109767
list:
dist: 2.366851121728188 vs. 2.366851121728188
list:
dist: 2.8871725256499094 vs. 2.8871725256499094
list:
dist: 2.549282721723323 vs. 2.549282721723323
list:
dist: 3.0885790961050557 vs. 3.0885790961050557
list:
dist: 1.7408443449957496 vs. 1.7408443449957496
list:
dist: 2.749667833970485 vs. 2.749667833970485
list:
dist: 1.5972444706959381 vs. 1.5972444706959381
list:
dist: 3.301930705275743 vs. 3.301930705275743
list:
dist: 3.66204952519232 vs. 3.66204952519232
list:
dist: 2.694909547389899 vs. 2.694909547389899
list:
dist: 1.8641264617335147 vs. 1.8641264617335147
list:
dist: 0.9023809787306847 vs. 0.9023809787306847
list:
dist: 1.266671447966583 vs. 1.266671447966583
list:
dist: 0.908767247275915 vs. 0.908767247275915
list:
dist: 1.9680873821157214 vs. 1.9680873821157214
list:
dist: 2.4387973056114536 vs. 2.4387973056114536
list:
dist: 1.9134799220685417 vs. 1.9134799220685417
list:
dist: 1.223860107460724 vs. 1.223860107460724
list:
dist: 0.8763295895745152 vs. 0.8763295895745152
list:
dist: 2.227122871736129 vs. 2.227122871736129
list:
dist: 1.4391242633140606 vs. 1.4391242633140606
list:
dist: 1.7167567332583695 vs. 1.7167567332583695
list:
dist: 2.1087198058236707 vs. 2.1087198058236707
list:
dist: 2.662947872132395 vs. 2.662947872132395
list:
dist: 3.878603428090751 vs. 3.878603428090751
list:
dist: 2.1629572338715546 vs. 2.1629572338715546
list:
dist: 2.227122871736129 vs. 2.227122871736129
list:
dist: 2.3864740425855655 vs. 2.3864740425855655
list:
dist: 2.8057018824082705 vs. 2.8057018824082705
list:
dist: 2.695206326737078 vs. 2.695206326737078
list:
dist: 3.6859261344233856 vs. 3.6859261344233856
list:
dist: 3.202610952163823 vs. 3.202610952163823
list:
dist: 2.975649887056558 vs. 2.975649887056558
list:
dist: 2.828133508215944 vs. 2.828133508215944
list:
dist: 1.6416098691174208 vs. 1.6416098691174208
list:
dist: 0.9164510125571882 vs. 0.9164510125571882
list:
dist: 1.8179400434555326 vs. 1.8179400434555326
list:
dist: 2.480033208593401 vs. 2.480033208593401
list:
dist: 3.3863537819442318 vs. 3.3863537819442318
list:
dist: 3.690747643750456 vs. 3.690747643750456
list:
dist: 1.38428551356316 vs. 1.38428551356316
list:
dist: 2.068760341682134 vs. 2.068760341682134
list:
dist: 3.0659423152809415 vs. 3.0659423152809415
list:
dist: 1.6391132535439161 vs. 1.6391132535439161
list:
dist: 1.4391242633140606 vs. 1.4391242633140606
list:
dist: 1.6947589026102254 vs. 1.6947589026102254
list:
dist: 1.9029932627219397 vs. 1.9029932627219397
list:
dist: 1.8516726586374712 vs. 1.8516726586374712
list:
dist: 2.889947850746581 vs. 2.889947850746581
list:
dist: 2.9177310651958126 vs. 2.9177310651958126
list:
dist: 2.4725846197975083 vs. 2.4725846197975083
list:
dist: 2.183536787018883 vs. 2.183536787018883
list:
dist: 0.9845373689973349 vs. 0.9845373689973349
list:
dist: 0.9164510125571882 vs. 0.9164510125571882
list:
dist: 1.7255336284667622 vs. 1.7255336284667622
list:
dist: 2.018450944122312 vs. 2.018450944122312
list:
dist: 3.161007302878873 vs. 3.161007302878873
list:
dist: 4.171277925721866 vs. 4.171277925721866
list:
dist: 2.136786524199915 vs. 2.136786524199915
list:
dist: 2.6892715650562917 vs. 2.6892715650562917
list:
dist: 3.552580977184683 vs. 3.552580977184683
list:
dist: 3.7709214021009094 vs. 3.7709214021009094
list:
dist: 4.007621751224157 vs. 4.007621751224157
list:
dist: 3.0508205870146807 vs. 3.0508205870146807
list:
dist: 2.0070272637625366 vs. 2.0070272637625366
list:
dist: 2.674866050461885 vs. 2.674866050461885
list:
dist: 2.8459913357232396 vs. 2.8459913357232396
list:
dist: 3.4165360712689714 vs. 3.4165360712689714
list:
dist: 2.7468922405678247 vs. 2.7468922405678247
list:
dist: 3.47030094245988 vs. 3.47030094245988
list:
dist: 1.4349911581463473 vs. 1.4349911581463473
list:
dist: 2.3342461669685215 vs. 2.3342461669685215
list:
dist: 1.7040307630977019 vs. 1.7040307630977019
list:
dist: 1.0768776365122332 vs. 1.0768776365122332
list:
dist: 1.8776051926894994 vs. 1.8776051926894994
list:
dist: 1.443673711120022 vs. 1.443673711120022
list:
dist: 1.0946098482193807 vs. 1.0946098482193807
list:
dist: 1.4816354937786254 vs. 1.4816354937786254
list:
dist: 3.0155467586790246 vs. 3.0155467586790246
list:
dist: 3.654308459360963 vs. 3.654308459360963
list:
dist: 2.322623529652827 vs. 2.322623529652827
list:
dist: 1.9298746786078798 vs. 1.9298746786078798
list:
dist: 2.294857319938159 vs. 2.294857319938159
list:
dist: 2.7566765623139498 vs. 2.7566765623139498
list:
dist: 1.9709499213026236 vs. 1.9709499213026236
list:
dist: 2.7165069318097643 vs. 2.7165069318097643
list:
dist: 3.020216890312141 vs. 3.020216890312141
list:
dist: 2.3119790725718325 vs. 2.3119790725718325
list:
dist: 1.9586819018814399 vs. 1.9586819018814399
list:
dist: 2.1374419821559196 vs. 2.1374419821559196
list:
dist: 1.1401336436360427 vs. 1.1401336436360427
list:
dist: 1.6147651463787402 vs. 1.6147651463787402
list:
dist: 2.007207214876597 vs. 2.007207214876597
list:
dist: 1.2198272802316612 vs. 1.2198272802316612
list:
dist: 0.8268762965487247 vs. 0.8268762965487247
list:
dist: 1.0352356035284447 vs. 1.0352356035284447
list:
dist: 0.8898311353199272 vs. 0.8898311353199272
list:
dist: 1.34685267727534 vs. 1.34685267727534
list:
dist: 1.2201806604252718 vs. 1.2201806604252718
list:
dist: 1.774806040883392 vs. 1.774806040883392
list:
dist: 2.5953786358023407 vs. 2.5953786358023407
list:
dist: 1.9101705701779392 vs. 1.9101705701779392
list:
dist: 1.5372633794234876 vs. 1.5372633794234876
list:
dist: 2.6481252821755796 vs. 2.6481252821755796
list:
dist: 2.7468922405678247 vs. 2.7468922405678247
list:
dist: 1.653901030772972 vs. 1.653901030772972
list:
dist: 1.8426891871207791 vs. 1.8426891871207791
list:
dist: 2.324263254919242 vs. 2.324263254919242
list:
dist: 2.701133429892088 vs. 2.701133429892088
list:
dist: 2.1423462415017744 vs. 2.1423462415017744
list:
dist: 3.129599049202674 vs. 3.129599049202674
list:
dist: 2.5613461277050265 vs. 2.5613461277050265
list:
dist: 3.003833946563348 vs. 3.003833946563348
list:
dist: 3.3181368598884764 vs. 3.3181368598884764
list:
dist: 3.144183609527348 vs. 3.144183609527348
list:
dist: 3.3368788449015723 vs. 3.3368788449015723
list:
dist: 2.2897573968811034 vs. 2.2897573968811034
list:
dist: 2.131840687760161 vs. 2.131840687760161
list:
dist: 1.8422999506909914 vs. 1.8422999506909914
list:
dist: 1.7651411090866787 vs. 1.7651411090866787
list:
dist: 2.1610577880577706 vs. 2.1610577880577706
list:
dist: 1.2201806604252718 vs. 1.2201806604252718
list:
dist: 1.4400734443423948 vs. 1.4400734443423948
list:
dist: 1.1245374167666629 vs. 1.1245374167666629
list:
dist: 0.9855181500600225 vs. 0.9855181500600225
list:
dist: 2.194150137227028 vs. 2.194150137227028
list:
dist: 2.1085399963713014 vs. 2.1085399963713014
list:
dist: 1.321125730303029 vs. 1.321125730303029
list:
dist: 1.8132332714331192 vs. 1.8132332714331192
list:
dist: 2.3342461669685215 vs. 2.3342461669685215
list:
dist: 1.2229144896844546 vs. 1.2229144896844546
list:
dist: 1.6951082868030003 vs. 1.6951082868030003
list:
dist: 1.9131512291946424 vs. 1.9131512291946424
list:
dist: 1.637995765280195 vs. 1.637995765280195
list:
dist: 0.9680281665327315 vs. 0.9680281665327315
list:
dist: 2.3237313802180237 vs. 2.3237313802180237
list:
dist: 2.1460209030774435 vs. 2.1460209030774435
list:
dist: 2.2243421714137845 vs. 2.2243421714137845
list:
dist: 2.5806912684243497 vs. 2.5806912684243497
list:
dist: 3.39444678202314 vs. 3.39444678202314
list:
dist: 1.787901813677691 vs. 1.787901813677691
list:
dist: 1.097579328687933 vs. 1.097579328687933
list:
dist: 1.428949845276417 vs. 1.428949845276417
list:
dist: 1.4018869837526224 vs. 1.4018869837526224
list:
dist: 1.592247002012153 vs. 1.592247002012153
list:
dist: 2.420570167532194 vs. 2.420570167532194
list:
dist: 2.71764200577556 vs. 2.71764200577556
list:
dist: 2.3486186871954615 vs. 2.3486186871954615
list:
dist: 2.2116045834248967 vs. 2.2116045834248967
list:
dist: 2.3119790725718325 vs. 2.3119790725718325
list:
dist: 2.803657754601354 vs. 2.803657754601354
list:
dist: 2.700099753114824 vs. 2.700099753114824
list:
dist: 3.3181368598884764 vs. 3.3181368598884764
list:
dist: 3.2722170226602554 vs. 3.2722170226602554
list:
dist: 3.814897606559872 vs. 3.814897606559872
list:
dist: 3.016573563044328 vs. 3.016573563044328
list:
dist: 3.042566836412566 vs. 3.042566836412566
list:
dist: 4.113392014771403 vs. 4.113392014771403
list:
dist: 3.552580977184683 vs. 3.552580977184683
list:
dist: 3.3027793254225575 vs. 3.3027793254225575
list:
dist: 2.6062966656503237 vs. 2.6062966656503237
list:
dist: 1.38428551356316 vs. 1.38428551356316
list:
dist: 2.136786524199915 vs. 2.136786524199915
list:
dist: 2.1689974528390894 vs. 2.1689974528390894
list:
dist: 3.5848880279719255 vs. 3.5848880279719255
list:
dist: 3.7423876652131947 vs. 3.7423876652131947
list:
dist: 2.479037113486281 vs. 2.479037113486281
list:
dist: 1.49191653012086 vs. 1.49191653012086
list:
dist: 2.662947872132395 vs. 2.662947872132395
list:
dist: 3.40180072569877 vs. 3.40180072569877
list:
dist: 3.7672686230588495 vs. 3.7672686230588495
list:
dist: 2.6193012031279106 vs. 2.6193012031279106
list:
dist: 2.7168271326924316 vs. 2.7168271326924316
list:
dist: 0.3937691959461865 vs. 0.3937691959461865
list:
dist: 1.3194613259344927 vs. 1.3194613259344927
list:
dist: 1.6912309426810832 vs. 1.6912309426810832
list:
dist: 2.289410063406726 vs. 2.289410063406726
list:
dist: 3.3863537819442318 vs. 3.3863537819442318
list:
dist: 3.161007302878873 vs. 3.161007302878873
list:
dist: 1.675901156674253 vs. 1.675901156674253
list:
dist: 2.245905689622965 vs. 2.245905689622965
list:
dist: 3.7423876652131947 vs. 3.7423876652131947
list:
dist: 2.850603243658005 vs. 2.850603243658005
list:
dist: 0.964055924758149 vs. 0.964055924758149
list:
dist: 1.428949845276417 vs. 1.428949845276417
list:
dist: 0.36600085027769025 vs. 0.36600085027769025
list:
dist: 1.0881534238340227 vs. 1.0881534238340227
list:
dist: 2.2986881027574366 vs. 2.2986881027574366
list:
dist: 1.1509167931090507 vs. 1.1509167931090507
list:
dist: 2.1309651233642852 vs. 2.1309651233642852
list:
dist: 1.785483091583899 vs. 1.785483091583899
list:
dist: 1.4073717784340265 vs. 1.4073717784340265
list:
dist: 2.1374419821559196 vs. 2.1374419821559196
list:
dist: 2.56527378805053 vs. 2.56527378805053
list:
dist: 2.9886435277048693 vs. 2.9886435277048693
list:
dist: 3.3368788449015723 vs. 3.3368788449015723
list:
dist: 3.670473842501021 vs. 3.670473842501021
list:
dist: 3.87397644992113 vs. 3.87397644992113
list:
dist: 2.7694593553460196 vs. 2.7694593553460196
list:
dist: 3.0482813064672154 vs. 3.0482813064672154
list:
dist: 4.352384252725827 vs. 4.352384252725827
list:
dist: 4.007621751224157 vs. 4.007621751224157
list:
dist: 3.2862688971326333 vs. 3.2862688971326333
list:
dist: 1.787901813677691 vs. 1.787901813677691
list:
dist: 1.1660304917020319 vs. 1.1660304917020319
list:
dist: 0.964055924758149 vs. 0.964055924758149
list:
dist: 1.9082441875501008 vs. 1.9082441875501008
list:
dist: 1.679920277991747 vs. 1.679920277991747
list:
dist: 2.786378729113647 vs. 2.786378729113647
list:
dist: 2.5626824312846876 vs. 2.5626824312846876
list:
dist: 2.2774590332074216 vs. 2.2774590332074216
list:
dist: 3.020216890312141 vs. 3.020216890312141
list:
dist: 3.5198882777805753 vs. 3.5198882777805753
list:
dist: 1.592247002012153 vs. 1.592247002012153
list:
dist: 1.9819855490776228 vs. 1.9819855490776228
list:
dist: 2.2986881027574366 vs. 2.2986881027574366
list:
dist: 1.4097485575813837 vs. 1.4097485575813837
list:
dist: 2.0309701801823326 vs. 2.0309701801823326
list:
dist: 1.826841168173892 vs. 1.826841168173892
list:
dist: 2.1165728353150146 vs. 2.1165728353150146
list:
dist: 1.6147651463787402 vs. 1.6147651463787402
list:
dist: 2.3516248121022554 vs. 2.3516248121022554
list:
dist: 1.2236717526135072 vs. 1.2236717526135072
list:
dist: 2.131840687760161 vs. 2.131840687760161
list:
dist: 1.8329579602711432 vs. 1.8329579602711432
list:
dist: 2.39152261975954 vs. 2.39152261975954
list:
dist: 1.9557278874563566 vs. 1.9557278874563566
list:
dist: 1.6813380812166623 vs. 1.6813380812166623
list:
dist: 2.5536972239184164 vs. 2.5536972239184164
list:
dist: 2.0070272637625366 vs. 2.0070272637625366
list:
dist: 1.9255047305664312 vs. 1.9255047305664312
list:
dist: 2.2774590332074216 vs. 2.2774590332074216
list:
dist: 2.2116045834248967 vs. 2.2116045834248967
list:
dist: 1.3964607378807632 vs. 1.3964607378807632
list:
dist: 1.4073717784340265 vs. 1.4073717784340265
list:
dist: 0.8708614564094083 vs. 0.8708614564094083
list:
dist: 2.1165728353150146 vs. 2.1165728353150146
list:
dist: 1.0162456954552974 vs. 1.0162456954552974
list:
dist: 1.0752944515992975 vs. 1.0752944515992975
list:
dist: 0.624429762369276 vs. 0.624429762369276
list:
dist: 1.0352356035284447 vs. 1.0352356035284447
list:
dist: 1.4462436557804834 vs. 1.4462436557804834
list:
dist: 2.1779943676640054 vs. 2.1779943676640054
list:
dist: 2.1610577880577706 vs. 2.1610577880577706
list:
dist: 2.766624575708705 vs. 2.766624575708705
list:
dist: 3.0873551521686236 vs. 3.0873551521686236
list:
dist: 2.0532011877276926 vs. 2.0532011877276926
list:
dist: 2.1325944025658736 vs. 2.1325944025658736
list:
dist: 3.424702227267194 vs. 3.424702227267194
list:
dist: 3.4165360712689714 vs. 3.4165360712689714
list:
dist: 2.291152797584325 vs. 2.291152797584325
list:
dist: 2.0070338445566973 vs. 2.0070338445566973
list:
dist: 2.5865658487426706 vs. 2.5865658487426706
list:
dist: 3.5067452757255833 vs. 3.5067452757255833
list:
dist: 2.9860961217472535 vs. 2.9860961217472535
list:
dist: 3.7102275235391255 vs. 3.7102275235391255
list:
dist: 2.862234774763617 vs. 2.862234774763617
list:
dist: 3.4683929489479604 vs. 3.4683929489479604
list:
dist: 1.679920277991747 vs. 1.679920277991747
list:
dist: 2.420570167532194 vs. 2.420570167532194
list:
dist: 1.3757623825962157 vs. 1.3757623825962157
list:
dist: 1.1509167931090507 vs. 1.1509167931090507
list:
dist: 1.3705451243211213 vs. 1.3705451243211213
list:
dist: 1.4899602596335948 vs. 1.4899602596335948
list:
dist: 1.332051797971639 vs. 1.332051797971639
list:
dist: 1.0162456954552974 vs. 1.0162456954552974
list:
dist: 2.007207214876597 vs. 2.007207214876597
list:
dist: 2.444952170176291 vs. 2.444952170176291
list:
dist: 2.511964894706876 vs. 2.511964894706876
list:
dist: 3.189490171865259 vs. 3.189490171865259
list:
dist: 1.1660304917020319 vs. 1.1660304917020319
list:
dist: 1.097579328687933 vs. 1.097579328687933
list:
dist: 0.36600085027769025 vs. 0.36600085027769025
list:
dist: 0.8728479960195922 vs. 0.8728479960195922
list:
dist: 1.9819855490776228 vs. 1.9819855490776228
list:
dist: 1.3757623825962157 vs. 1.3757623825962157
list:
dist: 2.094014133078234 vs. 2.094014133078234
list:
dist: 1.7150495202247957 vs. 1.7150495202247957
list:
dist: 1.3964607378807632 vs. 1.3964607378807632
list:
dist: 1.9586819018814399 vs. 1.9586819018814399
list:
dist: 2.419869161084089 vs. 2.419869161084089
list:
dist: 2.7451816450618036 vs. 2.7451816450618036
list:
dist: 3.144183609527348 vs. 3.144183609527348
list:
dist: 3.4080283776817915 vs. 3.4080283776817915
list:
dist: 3.720008790997178 vs. 3.720008790997178
list:
dist: 2.6777157730389223 vs. 2.6777157730389223
list:
dist: 2.8760639638620478 vs. 2.8760639638620478
list:
dist: 4.144951095737142 vs. 4.144951095737142
list:
dist: 3.7709214021009094 vs. 3.7709214021009094
list:
dist: 3.120500073280054 vs. 3.120500073280054
list:
dist: 3.814897606559872 vs. 3.814897606559872
list:
dist: 3.720008790997178 vs. 3.720008790997178
list:
dist: 3.87397644992113 vs. 3.87397644992113
list:
dist: 2.9617702642029187 vs. 2.9617702642029187
list:
dist: 2.39152261975954 vs. 2.39152261975954
list:
dist: 2.123819488059939 vs. 2.123819488059939
list:
dist: 2.4652123079986343 vs. 2.4652123079986343
list:
dist: 3.0873551521686236 vs. 3.0873551521686236
list:
dist: 2.5953786358023407 vs. 2.5953786358023407
list:
dist: 3.3297969547248942 vs. 3.3297969547248942
list:
dist: 1.5774067310954993 vs. 1.5774067310954993
list:
dist: 2.194150137227028 vs. 2.194150137227028
list:
dist: 2.017832882652844 vs. 2.017832882652844
list:
dist: 1.221962296621437 vs. 1.221962296621437
list:
dist: 1.0599155220714973 vs. 1.0599155220714973
list:
dist: 1.0735074181215334 vs. 1.0735074181215334
list:
dist: 1.0768776365122332 vs. 1.0768776365122332
list:
dist: 1.0162231886586373 vs. 1.0162231886586373
list:
dist: 2.2368440468287427 vs. 2.2368440468287427
list:
dist: 2.944928156459545 vs. 2.944928156459545
list:
dist: 2.0573960670689884 vs. 2.0573960670689884
list:
dist: 1.216979734612402 vs. 1.216979734612402
list:
dist: 1.2797963319251946 vs. 1.2797963319251946
list:
dist: 1.9181698046145446 vs. 1.9181698046145446
list:
dist: 1.7172419552301552 vs. 1.7172419552301552
list:
dist: 2.6586810022754057 vs. 2.6586810022754057
list:
dist: 3.2722170226602554 vs. 3.2722170226602554
list:
dist: 3.4080283776817915 vs. 3.4080283776817915
list:
dist: 3.670473842501021 vs. 3.670473842501021
list:
dist: 2.5854905279090845 vs. 2.5854905279090845
list:
dist: 1.8329579602711432 vs. 1.8329579602711432
list:
dist: 2.392210432479589 vs. 2.392210432479589
list:
dist: 2.3271783516264173 vs. 2.3271783516264173
list:
dist: 2.766624575708705 vs. 2.766624575708705
list:
dist: 1.774806040883392 vs. 1.774806040883392
list:
dist: 2.152733942227128 vs. 2.152733942227128
list:
dist: 0.8596204665107704 vs. 0.8596204665107704
list:
dist: 0.9855181500600225 vs. 0.9855181500600225
list:
dist: 2.017832882652844 vs. 2.017832882652844
list:
dist: 2.2868641980127253 vs. 2.2868641980127253
list:
dist: 1.3940256098103483 vs. 1.3940256098103483
list:
dist: 1.3930462299104163 vs. 1.3930462299104163
list:
dist: 1.7040307630977019 vs. 1.7040307630977019
list:
dist: 1.3406088672457503 vs. 1.3406088672457503
list:
dist: 2.4955351662555816 vs. 2.4955351662555816
list:
dist: 2.8162717822499865 vs. 2.8162717822499865
list:
dist: 2.1406803414613607 vs. 2.1406803414613607
list:
dist: 1.296344158260348 vs. 1.296344158260348
list:
dist: 2.3142356239686577 vs. 2.3142356239686577
list:
dist: 2.5032816212974778 vs. 2.5032816212974778
list:
dist: 2.624702625622699 vs. 2.624702625622699
list:
dist: 2.31314683818104 vs. 2.31314683818104
list:
dist: 3.030743988153289 vs. 3.030743988153289
list:
dist: 2.5626824312846876 vs. 2.5626824312846876
list:
dist: 2.3486186871954615 vs. 2.3486186871954615
list:
dist: 1.7150495202247957 vs. 1.7150495202247957
list:
dist: 1.785483091583899 vs. 1.785483091583899
list:
dist: 0.9597647198209484 vs. 0.9597647198209484
list:
dist: 1.826841168173892 vs. 1.826841168173892
list:
dist: 1.332051797971639 vs. 1.332051797971639
list:
dist: 0.5259180028299745 vs. 0.5259180028299745
list:
dist: 0.624429762369276 vs. 0.624429762369276
list:
dist: 0.8268762965487247 vs. 0.8268762965487247
list:
dist: 1.5278080615542358 vs. 1.5278080615542358
list:
dist: 1.671927789403201 vs. 1.671927789403201
list:
dist: 1.7651411090866787 vs. 1.7651411090866787
list:
dist: 2.3271783516264173 vs. 2.3271783516264173
list:
dist: 2.4652123079986343 vs. 2.4652123079986343
list:
dist: 1.4641935376390856 vs. 1.4641935376390856
list:
dist: 1.524930098956841 vs. 1.524930098956841
list:
dist: 2.8363214872119284 vs. 2.8363214872119284
list:
dist: 2.8459913357232396 vs. 2.8459913357232396
list:
dist: 1.6866835437223326 vs. 1.6866835437223326
list:
dist: 1.5981401417559402 vs. 1.5981401417559402
list:
dist: 2.312347441960048 vs. 2.312347441960048
list:
dist: 3.2027896960985003 vs. 3.2027896960985003
list:
dist: 2.5170139937770664 vs. 2.5170139937770664
list:
dist: 3.107266451458919 vs. 3.107266451458919
list:
dist: 2.2867278447126016 vs. 2.2867278447126016
list:
dist: 2.938366350419142 vs. 2.938366350419142
list:
dist: 2.511964894706876 vs. 2.511964894706876
list:
dist: 1.3030306936242209 vs. 1.3030306936242209
list:
dist: 1.5981401417559402 vs. 1.5981401417559402
list:
dist: 2.0070338445566973 vs. 2.0070338445566973
list:
dist: 1.8426891871207791 vs. 1.8426891871207791
list:
dist: 2.1525347397312022 vs. 2.1525347397312022
list:
dist: 2.1510211775745662 vs. 2.1510211775745662
list:
dist: 1.6951082868030003 vs. 1.6951082868030003
list:
dist: 2.4955351662555816 vs. 2.4955351662555816
list:
dist: 2.2368440468287427 vs. 2.2368440468287427
list:
dist: 1.7471748899255939 vs. 1.7471748899255939
list:
dist: 1.6605216255269664 vs. 1.6605216255269664
list:
dist: 2.4743821404192143 vs. 2.4743821404192143
list:
dist: 3.0155467586790246 vs. 3.0155467586790246
list:
dist: 1.5569358398784765 vs. 1.5569358398784765
list:
dist: 0.9454411716922184 vs. 0.9454411716922184
list:
dist: 2.413034843610655 vs. 2.413034843610655
list:
dist: 1.8237004360458942 vs. 1.8237004360458942
list:
dist: 2.21656801092787 vs. 2.21656801092787
list:
dist: 1.2998577600960424 vs. 1.2998577600960424
list:
dist: 1.5992683588700194 vs. 1.5992683588700194
list:
dist: 2.4222679536542757 vs. 2.4222679536542757
list:
dist: 2.5170139937770664 vs. 2.5170139937770664
list:
dist: 2.9860961217472535 vs. 2.9860961217472535
list:
dist: 2.1423462415017744 vs. 2.1423462415017744
list:
dist: 2.3249474167915993 vs. 2.3249474167915993
list:
dist: 1.660641922867193 vs. 1.660641922867193
list:
dist: 0.9680281665327315 vs. 0.9680281665327315
list:
dist: 1.296344158260348 vs. 1.296344158260348
list:
dist: 2.0573960670689884 vs. 2.0573960670689884
list:
dist: 2.412452373278183 vs. 2.412452373278183
list:
dist: 1.620745403789727 vs. 1.620745403789727
list:
dist: 1.4077831866151322 vs. 1.4077831866151322
list:
dist: 2.322623529652827 vs. 2.322623529652827
list:
dist: 1.3752906121667245 vs. 1.3752906121667245
list:
dist: 1.8237004360458942 vs. 1.8237004360458942
list:
dist: 1.8427298668016368 vs. 1.8427298668016368
list:
dist: 1.2153083925666632 vs. 1.2153083925666632
list:
dist: 1.6866931536820686 vs. 1.6866931536820686
list:
dist: 1.8895832327221225 vs. 1.8895832327221225
list:
dist: 1.5774104532576911 vs. 1.5774104532576911
list:
dist: 1.816015174675821 vs. 1.816015174675821
list:
dist: 2.555788907607787 vs. 2.555788907607787
list:
dist: 4.113392014771403 vs. 4.113392014771403
list:
dist: 4.144951095737142 vs. 4.144951095737142
list:
dist: 4.352384252725827 vs. 4.352384252725827
list:
dist: 3.312803608556897 vs. 3.312803608556897
list:
dist: 2.5536972239184164 vs. 2.5536972239184164
list:
dist: 2.627976585378203 vs. 2.627976585378203
list:
dist: 2.8363214872119284 vs. 2.8363214872119284
list:
dist: 3.424702227267194 vs. 3.424702227267194
list:
dist: 2.6481252821755796 vs. 2.6481252821755796
list:
dist: 3.195359807686822 vs. 3.195359807686822
list:
dist: 1.4783666301199498 vs. 1.4783666301199498
list:
dist: 1.8132332714331192 vs. 1.8132332714331192
list:
dist: 1.3930462299104163 vs. 1.3930462299104163
list:
dist: 1.0735074181215334 vs. 1.0735074181215334
list:
dist: 2.033392614301642 vs. 2.033392614301642
list:
dist: 1.3483675503724823 vs. 1.3483675503724823
list:
dist: 1.0946098482193807 vs. 1.0946098482193807
list:
dist: 1.169201147603037 vs. 1.169201147603037
list:
dist: 2.4743821404192143 vs. 2.4743821404192143
list:
dist: 2.901946667982923 vs. 2.901946667982923
list:
dist: 1.4077831866151322 vs. 1.4077831866151322
list:
dist: 1.1087559739732067 vs. 1.1087559739732067
list:
dist: 1.774796254321604 vs. 1.774796254321604
list:
dist: 1.8671138691939904 vs. 1.8671138691939904
list:
dist: 1.0727730835461362 vs. 1.0727730835461362
list:
dist: 1.94477516069672 vs. 1.94477516069672
list:
dist: 1.9082441875501008 vs. 1.9082441875501008
list:
dist: 1.4018869837526224 vs. 1.4018869837526224
list:
dist: 0.8728479960195922 vs. 0.8728479960195922
list:
dist: 1.0881534238340227 vs. 1.0881534238340227
list:
dist: 1.4097485575813837 vs. 1.4097485575813837
list:
dist: 1.3705451243211213 vs. 1.3705451243211213
list:
dist: 1.380345443400283 vs. 1.380345443400283
list:
dist: 0.9597647198209484 vs. 0.9597647198209484
list:
dist: 0.8708614564094083 vs. 0.8708614564094083
list:
dist: 1.1401336436360427 vs. 1.1401336436360427
list:
dist: 1.7817498458413852 vs. 1.7817498458413852
list:
dist: 1.91589497123332 vs. 1.91589497123332
list:
dist: 2.2897573968811034 vs. 2.2897573968811034
list:
dist: 2.5854905279090845 vs. 2.5854905279090845
list:
dist: 2.9617702642029187 vs. 2.9617702642029187
list:
dist: 1.987502860844024 vs. 1.987502860844024
list:
dist: 2.045033372802876 vs. 2.045033372802876
list:
dist: 3.312803608556897 vs. 3.312803608556897
list:
dist: 3.0508205870146807 vs. 3.0508205870146807
list:
dist: 2.276154434548154 vs. 2.276154434548154
list:
dist: 3.042566836412566 vs. 3.042566836412566
list:
dist: 2.8760639638620478 vs. 2.8760639638620478
list:
dist: 3.0482813064672154 vs. 3.0482813064672154
list:
dist: 2.045033372802876 vs. 2.045033372802876
list:
dist: 1.6813380812166623 vs. 1.6813380812166623
list:
dist: 1.319094157317882 vs. 1.319094157317882
list:
dist: 1.524930098956841 vs. 1.524930098956841
list:
dist: 2.1325944025658736 vs. 2.1325944025658736
list:
dist: 1.5372633794234876 vs. 1.5372633794234876
list:
dist: 2.2856147581382062 vs. 2.2856147581382062
list:
dist: 0.7356720776957113 vs. 0.7356720776957113
list:
dist: 1.321125730303029 vs. 1.321125730303029
list:
dist: 1.3940256098103483 vs. 1.3940256098103483
list:
dist: 1.0599155220714973 vs. 1.0599155220714973
list:
dist: 0.9100791669525307 vs. 0.9100791669525307
list:
dist: 1.3483675503724823 vs. 1.3483675503724823
list:
dist: 1.443673711120022 vs. 1.443673711120022
list:
dist: 0.2867961171393393 vs. 0.2867961171393393
list:
dist: 1.6605216255269664 vs. 1.6605216255269664
list:
dist: 2.386822530005505 vs. 2.386822530005505
list:
dist: 1.620745403789727 vs. 1.620745403789727
list:
dist: 1.7854710268985627 vs. 1.7854710268985627
list:
dist: 1.432525869459018 vs. 1.432525869459018
list:
dist: 2.0475747882901176 vs. 2.0475747882901176
list:
dist: 2.269682390949012 vs. 2.269682390949012
list:
dist: 3.2339496951865048 vs. 3.2339496951865048
list:
dist: 2.700099753114824 vs. 2.700099753114824
list:
dist: 2.7451816450618036 vs. 2.7451816450618036
list:
dist: 2.9886435277048693 vs. 2.9886435277048693
list:
dist: 1.91589497123332 vs. 1.91589497123332
list:
dist: 1.2236717526135072 vs. 1.2236717526135072
list:
dist: 1.6950106835570347 vs. 1.6950106835570347
list:
dist: 1.671927789403201 vs. 1.671927789403201
list:
dist: 2.1779943676640054 vs. 2.1779943676640054
list:
dist: 1.34685267727534 vs. 1.34685267727534
list:
dist: 2.0406228599883582 vs. 2.0406228599883582
list:
dist: 1.1245374167666629 vs. 1.1245374167666629
list:
dist: 0.8596204665107704 vs. 0.8596204665107704
list:
dist: 1.5774067310954993 vs. 1.5774067310954993
list:
dist: 1.516611096218081 vs. 1.516611096218081
list:
dist: 0.7356720776957113 vs. 0.7356720776957113
list:
dist: 1.4783666301199498 vs. 1.4783666301199498
list:
dist: 1.4349911581463473 vs. 1.4349911581463473
list:
dist: 0.8560299814300564 vs. 0.8560299814300564
list:
dist: 2.1510211775745662 vs. 2.1510211775745662
list:
dist: 2.7353240117264535 vs. 2.7353240117264535
list:
dist: 2.663161268430052 vs. 2.663161268430052
list:
dist: 1.660641922867193 vs. 1.660641922867193
list:
dist: 2.2593574534746423 vs. 2.2593574534746423
list:
dist: 2.1260773473805474 vs. 2.1260773473805474
list:
dist: 2.5738654351179733 vs. 2.5738654351179733
list:
dist: 2.5196502251853836 vs. 2.5196502251853836
list:
dist: 3.3908976459890656 vs. 3.3908976459890656
list:
dist: 2.786378729113647 vs. 2.786378729113647
list:
dist: 2.71764200577556 vs. 2.71764200577556
list:
dist: 2.094014133078234 vs. 2.094014133078234
list:
dist: 2.1309651233642852 vs. 2.1309651233642852
list:
dist: 1.380345443400283 vs. 1.380345443400283
list:
dist: 2.0309701801823326 vs. 2.0309701801823326
list:
dist: 1.4899602596335948 vs. 1.4899602596335948
list:
dist: 0.5259180028299745 vs. 0.5259180028299745
list:
dist: 1.0752944515992975 vs. 1.0752944515992975
list:
dist: 1.2198272802316612 vs. 1.2198272802316612
list:
dist: 1.9268414429477574 vs. 1.9268414429477574
list:
dist: 1.6950106835570347 vs. 1.6950106835570347
list:
dist: 1.8422999506909914 vs. 1.8422999506909914
list:
dist: 2.392210432479589 vs. 2.392210432479589
list:
dist: 2.123819488059939 vs. 2.123819488059939
list:
dist: 1.065659891685812 vs. 1.065659891685812
list:
dist: 1.319094157317882 vs. 1.319094157317882
list:
dist: 2.627976585378203 vs. 2.627976585378203
list:
dist: 2.674866050461885 vs. 2.674866050461885
list:
dist: 1.461039284719581 vs. 1.461039284719581
list:
dist: 1.3030306936242209 vs. 1.3030306936242209
list:
dist: 2.153599055146999 vs. 2.153599055146999
list:
dist: 3.216265588953464 vs. 3.216265588953464
list:
dist: 2.4222679536542757 vs. 2.4222679536542757
list:
dist: 2.751158392908656 vs. 2.751158392908656
list:
dist: 1.8372012985825652 vs. 1.8372012985825652
list:
dist: 2.5784181037011837 vs. 2.5784181037011837
list:
dist: 3.016573563044328 vs. 3.016573563044328
list:
dist: 2.6777157730389223 vs. 2.6777157730389223
list:
dist: 2.7694593553460196 vs. 2.7694593553460196
list:
dist: 1.987502860844024 vs. 1.987502860844024
list:
dist: 1.9557278874563566 vs. 1.9557278874563566
list:
dist: 1.065659891685812 vs. 1.065659891685812
list:
dist: 1.4641935376390856 vs. 1.4641935376390856
list:
dist: 2.0532011877276926 vs. 2.0532011877276926
list:
dist: 1.9101705701779392 vs. 1.9101705701779392
list:
dist: 2.734099882527413 vs. 2.734099882527413
list:
dist: 1.516611096218081 vs. 1.516611096218081
list:
dist: 2.1085399963713014 vs. 2.1085399963713014
list:
dist: 2.2868641980127253 vs. 2.2868641980127253
list:
dist: 1.221962296621437 vs. 1.221962296621437
list:
dist: 0.9100791669525307 vs. 0.9100791669525307
list:
dist: 2.033392614301642 vs. 2.033392614301642
list:
dist: 1.8776051926894994 vs. 1.8776051926894994
list:
dist: 1.085736369065632 vs. 1.085736369065632
list:
dist: 1.7471748899255939 vs. 1.7471748899255939
list:
dist: 2.6594929441326967 vs. 2.6594929441326967
list:
dist: 2.412452373278183 vs. 2.412452373278183
list:
dist: 2.141113177108872 vs. 2.141113177108872
list:
dist: 1.40554117256682 vs. 1.40554117256682
list:
dist: 2.336495565155935 vs. 2.336495565155935
list:
dist: 2.8050030406201514 vs. 2.8050030406201514
list:
dist: 3.791395397229675 vs. 3.791395397229675
list:
dist: 3.216265588953464 vs. 3.216265588953464
list:
dist: 3.2027896960985003 vs. 3.2027896960985003
list:
dist: 3.5067452757255833 vs. 3.5067452757255833
list:
dist: 2.701133429892088 vs. 2.701133429892088
list:
dist: 2.45268868691764 vs. 2.45268868691764
list:
dist: 2.663161268430052 vs. 2.663161268430052
list:
dist: 1.637995765280195 vs. 1.637995765280195
list:
dist: 2.1406803414613607 vs. 2.1406803414613607
list:
dist: 4.5027111767796875 vs. 4.5027111767796875
list:
dist: 3.690747643750456 vs. 3.690747643750456
list:
dist: 4.171277925721866 vs. 4.171277925721866
list:
dist: 3.9492442682625857 vs. 3.9492442682625857
list:
dist: 2.413034843610655 vs. 2.413034843610655
list:
dist: 1.9236325628215936 vs. 1.9236325628215936
list:
dist: 1.2153083925666632 vs. 1.2153083925666632
list:
dist: 2.479037113486281 vs. 2.479037113486281
list:
dist: 3.342788196359537 vs. 3.342788196359537
list:
dist: 2.5196502251853836 vs. 2.5196502251853836
list:
dist: 2.5806912684243497 vs. 2.5806912684243497
list:
dist: 2.31314683818104 vs. 2.31314683818104
list:
dist: 1.7172419552301552 vs. 1.7172419552301552
list:
dist: 2.8050030406201514 vs. 2.8050030406201514
list:
dist: 2.269682390949012 vs. 2.269682390949012
list:
dist: 1.0727730835461362 vs. 1.0727730835461362
list:
dist: 1.9709499213026236 vs. 1.9709499213026236
list:
dist: 2.0375155252922785 vs. 2.0375155252922785
list:
dist: 1.816015174675821 vs. 1.816015174675821
list:
dist: 0.8681967935277307 vs. 0.8681967935277307
list:
dist: 2.020931414631998 vs. 2.020931414631998
list:
dist: 1.6845721537508542 vs. 1.6845721537508542
list:
dist: 0.9969573305713347 vs. 0.9969573305713347
list:
dist: 2.751158392908656 vs. 2.751158392908656
list:
dist: 3.107266451458919 vs. 3.107266451458919
list:
dist: 3.7102275235391255 vs. 3.7102275235391255
list:
dist: 3.129599049202674 vs. 3.129599049202674
list:
dist: 3.641530614411047 vs. 3.641530614411047
list:
dist: 2.2593574534746423 vs. 2.2593574534746423
list:
dist: 2.3237313802180237 vs. 2.3237313802180237
list:
dist: 2.3142356239686577 vs. 2.3142356239686577
list:
dist: 1.216979734612402 vs. 1.216979734612402
list:
dist: 2.141113177108872 vs. 2.141113177108872
list:
dist: 1.7854710268985627 vs. 1.7854710268985627
list:
dist: 1.1087559739732067 vs. 1.1087559739732067
list:
dist: 1.9298746786078798 vs. 1.9298746786078798
list:
dist: 1.550300902637415 vs. 1.550300902637415
list:
dist: 2.21656801092787 vs. 2.21656801092787
list:
dist: 2.5861487325167225 vs. 2.5861487325167225
list:
dist: 1.6866931536820686 vs. 1.6866931536820686
list:
dist: 1.1728030209693396 vs. 1.1728030209693396
list:
dist: 1.0435333227558155 vs. 1.0435333227558155
list:
dist: 0.8681967935277307 vs. 0.8681967935277307
list:
dist: 1.8067688976149119 vs. 1.8067688976149119
list:
dist: 3.3908976459890656 vs. 3.3908976459890656
list:
dist: 3.39444678202314 vs. 3.39444678202314
list:
dist: 3.030743988153289 vs. 3.030743988153289
list:
dist: 2.6586810022754057 vs. 2.6586810022754057
list:
dist: 3.791395397229675 vs. 3.791395397229675
list:
dist: 3.2339496951865048 vs. 3.2339496951865048
list:
dist: 1.94477516069672 vs. 1.94477516069672
list:
dist: 2.7165069318097643 vs. 2.7165069318097643
list:
dist: 3.0056979881580412 vs. 3.0056979881580412
list:
dist: 2.555788907607787 vs. 2.555788907607787
list:
dist: 1.8067688976149119 vs. 1.8067688976149119
list:
dist: 2.971862978534815 vs. 2.971862978534815
list:
dist: 2.4727214692182975 vs. 2.4727214692182975
list:
dist: 0.9969573305713347 vs. 0.9969573305713347
list:
dist: 1.8372012985825652 vs. 1.8372012985825652
list:
dist: 2.2867278447126016 vs. 2.2867278447126016
list:
dist: 2.862234774763617 vs. 2.862234774763617
list:
dist: 2.5613461277050265 vs. 2.5613461277050265
list:
dist: 3.122248221652309 vs. 3.122248221652309
list:
dist: 2.1260773473805474 vs. 2.1260773473805474
list:
dist: 2.1460209030774435 vs. 2.1460209030774435
list:
dist: 2.5032816212974778 vs. 2.5032816212974778
list:
dist: 1.2797963319251946 vs. 1.2797963319251946
list:
dist: 1.40554117256682 vs. 1.40554117256682
list:
dist: 1.432525869459018 vs. 1.432525869459018
list:
dist: 1.774796254321604 vs. 1.774796254321604
list:
dist: 2.294857319938159 vs. 2.294857319938159
list:
dist: 1.2728510192326932 vs. 1.2728510192326932
list:
dist: 1.2998577600960424 vs. 1.2998577600960424
list:
dist: 1.9501488880004043 vs. 1.9501488880004043
list:
dist: 1.8895832327221225 vs. 1.8895832327221225
list:
dist: 1.1728030209693396 vs. 1.1728030209693396
list:
dist: 1.013667928436595 vs. 1.013667928436595
list:
dist: 2.020931414631998 vs. 2.020931414631998
list:
dist: 2.971862978534815 vs. 2.971862978534815
list:
dist: 3.3027793254225575 vs. 3.3027793254225575
list:
dist: 3.120500073280054 vs. 3.120500073280054
list:
dist: 3.2862688971326333 vs. 3.2862688971326333
list:
dist: 2.276154434548154 vs. 2.276154434548154
list:
dist: 1.9255047305664312 vs. 1.9255047305664312
list:
dist: 1.461039284719581 vs. 1.461039284719581
list:
dist: 1.6866835437223326 vs. 1.6866835437223326
list:
dist: 2.291152797584325 vs. 2.291152797584325
list:
dist: 1.653901030772972 vs. 1.653901030772972
list:
dist: 2.3264088770478604 vs. 2.3264088770478604
list:
dist: 0.8560299814300564 vs. 0.8560299814300564
list:
dist: 1.2229144896844546 vs. 1.2229144896844546
list:
dist: 1.3406088672457503 vs. 1.3406088672457503
list:
dist: 1.0162231886586373 vs. 1.0162231886586373
list:
dist: 1.085736369065632 vs. 1.085736369065632
list:
dist: 0.2867961171393393 vs. 0.2867961171393393
list:
dist: 1.169201147603037 vs. 1.169201147603037
list:
dist: 1.4816354937786254 vs. 1.4816354937786254
list:
dist: 1.5569358398784765 vs. 1.5569358398784765
list:
dist: 2.221675341908998 vs. 2.221675341908998
list:
dist: 1.3752906121667245 vs. 1.3752906121667245
list:
dist: 1.550300902637415 vs. 1.550300902637415
list:
dist: 1.2728510192326932 vs. 1.2728510192326932
list:
dist: 1.7906114769994956 vs. 1.7906114769994956
list:
dist: 2.0375155252922785 vs. 2.0375155252922785
list:
dist: 3.0056979881580412 vs. 3.0056979881580412
list:
dist: 3.189490171865259 vs. 3.189490171865259
list:
dist: 2.153599055146999 vs. 2.153599055146999
list:
dist: 2.312347441960048 vs. 2.312347441960048
list:
dist: 2.5865658487426706 vs. 2.5865658487426706
list:
dist: 2.324263254919242 vs. 2.324263254919242
list:
dist: 2.2808172534873714 vs. 2.2808172534873714
list:
dist: 2.7353240117264535 vs. 2.7353240117264535
list:
dist: 1.9131512291946424 vs. 1.9131512291946424
list:
dist: 2.8162717822499865 vs. 2.8162717822499865
list:
dist: 2.944928156459545 vs. 2.944928156459545
list:
dist: 2.6594929441326967 vs. 2.6594929441326967
list:
dist: 2.386822530005505 vs. 2.386822530005505
list:
dist: 2.901946667982923 vs. 2.901946667982923
list:
dist: 3.654308459360963 vs. 3.654308459360963
list:
dist: 2.221675341908998 vs. 2.221675341908998
list:
dist: 0.9454411716922184 vs. 0.9454411716922184
list:
dist: 1.9236325628215936 vs. 1.9236325628215936
list:
dist: 1.8427298668016368 vs. 1.8427298668016368
list:
dist: 2.5861487325167225 vs. 2.5861487325167225
list:
dist: 1.9501488880004043 vs. 1.9501488880004043
list:
dist: 1.7217665814934688 vs. 1.7217665814934688
list:
dist: 2.5784181037011837 vs. 2.5784181037011837
list:
dist: 2.938366350419142 vs. 2.938366350419142
list:
dist: 3.4683929489479604 vs. 3.4683929489479604
list:
dist: 3.003833946563348 vs. 3.003833946563348
list:
dist: 3.3435004970805076 vs. 3.3435004970805076
list:
dist: 2.5738654351179733 vs. 2.5738654351179733
list:
dist: 2.2243421714137845 vs. 2.2243421714137845
list:
dist: 2.624702625622699 vs. 2.624702625622699
list:
dist: 1.9181698046145446 vs. 1.9181698046145446
list:
dist: 2.336495565155935 vs. 2.336495565155935
list:
dist: 2.0475747882901176 vs. 2.0475747882901176
list:
dist: 1.8671138691939904 vs. 1.8671138691939904
list:
dist: 2.7566765623139498 vs. 2.7566765623139498
list:
dist: 1.7906114769994956 vs. 1.7906114769994956
list:
dist: 1.5992683588700194 vs. 1.5992683588700194
list:
dist: 1.7217665814934688 vs. 1.7217665814934688
list:
dist: 1.5774104532576911 vs. 1.5774104532576911
list:
dist: 1.0435333227558155 vs. 1.0435333227558155
list:
dist: 1.013667928436595 vs. 1.013667928436595
list:
dist: 1.6845721537508542 vs. 1.6845721537508542
list:
dist: 2.4727214692182975 vs. 2.4727214692182975
list:
dist: 3.8789666447827784 vs. 3.8789666447827784
list:
dist: 3.308287836934277 vs. 3.308287836934277
list:
dist: 3.2775973980658097 vs. 3.2775973980658097
list:
dist: 3.06388418300401 vs. 3.06388418300401
list:
dist: 2.365009629622795 vs. 2.365009629622795
list:
dist: 2.129239426151797 vs. 2.129239426151797
list:
dist: 4.794384844598097 vs. 4.794384844598097
list:
dist: 1.156049040014728 vs. 1.156049040014728
list:
dist: 2.1096854080522873 vs. 2.1096854080522873
list:
dist: 1.6830331287349816 vs. 1.6830331287349816
list:
dist: 1.440952430324638 vs. 1.440952430324638
list:
dist: 1.1840842576164838 vs. 1.1840842576164838
list:
dist: 2.0770661540160793 vs. 2.0770661540160793
list:
dist: 2.181346766910545 vs. 2.181346766910545
list:
dist: 1.7800707848327675 vs. 1.7800707848327675
list:
dist: 0.935394341435208 vs. 0.935394341435208
list:
dist: 3.394030524039666 vs. 3.394030524039666
list:
dist: 2.323556843778339 vs. 2.323556843778339
list:
dist: 3.3748695467613286 vs. 3.3748695467613286
list:
dist: 2.3157957209001694 vs. 2.3157957209001694
list:
dist: 2.4469779275448973 vs. 2.4469779275448973
list:
dist: 1.2048317989876178 vs. 1.2048317989876178
list:
dist: 1.444114959753579 vs. 1.444114959753579
list:
dist: 2.2097039214997523 vs. 2.2097039214997523
list:
dist: 1.5175759662858685 vs. 1.5175759662858685
list:
dist: 1.3635441893472657 vs. 1.3635441893472657
list:
dist: 1.3517357314786693 vs. 1.3517357314786693
list:
dist: 1.3448010493325253 vs. 1.3448010493325253
list:
dist: 1.2766684233657926 vs. 1.2766684233657926
list:
dist: 1.852989306917984 vs. 1.852989306917984
list:
dist: 1.3464988311303976 vs. 1.3464988311303976
list:
dist: 1.49387748941666 vs. 1.49387748941666
list:
dist: 0.7041594429224884 vs. 0.7041594429224884
list:
dist: 1.9752619871694825 vs. 1.9752619871694825
list:
dist: 1.3078399347113412 vs. 1.3078399347113412
list:
dist: 2.4042512375053016 vs. 2.4042512375053016
list:
dist: 1.9494036913533528 vs. 1.9494036913533528
list:
dist: 2.6253750968514744 vs. 2.6253750968514744
list:
dist: 1.1337513161560984 vs. 1.1337513161560984
list:
dist: 1.3968390086772222 vs. 1.3968390086772222
list:
dist: 2.2783722799499957 vs. 2.2783722799499957
list:
dist: 1.7052350760443935 vs. 1.7052350760443935
list:
dist: 2.408867863083945 vs. 2.408867863083945
list:
dist: 1.2598149098448368 vs. 1.2598149098448368
list:
dist: 1.6687146037261942 vs. 1.6687146037261942
list:
dist: 1.6830331287349816 vs. 1.6830331287349816
list:
dist: 1.4091346477411664 vs. 1.4091346477411664
list:
dist: 2.0920852846978515 vs. 2.0920852846978515
list:
dist: 2.0293627774462584 vs. 2.0293627774462584
list:
dist: 1.1604832550371347 vs. 1.1604832550371347
list:
dist: 1.8201356096201349 vs. 1.8201356096201349
list:
dist: 2.5660183582143965 vs. 2.5660183582143965
list:
dist: 3.1634110241942777 vs. 3.1634110241942777
list:
dist: 1.8964958983045448 vs. 1.8964958983045448
list:
dist: 1.197397408706166 vs. 1.197397408706166
list:
dist: 1.5414160084805233 vs. 1.5414160084805233
list:
dist: 2.4371510967154815 vs. 2.4371510967154815
list:
dist: 1.2048317989876178 vs. 1.2048317989876178
list:
dist: 2.3388903732585233 vs. 2.3388903732585233
list:
dist: 1.50801973958281 vs. 1.50801973958281
list:
dist: 2.9149985608921987 vs. 2.9149985608921987
list:
dist: 1.9403117606039155 vs. 1.9403117606039155
list:
dist: 3.246204516011592 vs. 3.246204516011592
list:
dist: 3.147976015885503 vs. 3.147976015885503
list:
dist: 3.67595713801952 vs. 3.67595713801952
list:
dist: 2.2748545385994947 vs. 2.2748545385994947
list:
dist: 2.428906785285161 vs. 2.428906785285161
list:
dist: 1.63265068896482 vs. 1.63265068896482
list:
dist: 2.3763750547474296 vs. 2.3763750547474296
list:
dist: 2.9274885893093923 vs. 2.9274885893093923
list:
dist: 0.935394341435208 vs. 0.935394341435208
list:
dist: 1.5414160084805233 vs. 1.5414160084805233
list:
dist: 0.7981978322050838 vs. 0.7981978322050838
list:
dist: 3.50294629849188 vs. 3.50294629849188
list:
dist: 3.2577670413402395 vs. 3.2577670413402395
list:
dist: 2.2332513962838987 vs. 2.2332513962838987
list:
dist: 2.7344994656816906 vs. 2.7344994656816906
list:
dist: 1.1474667647276993 vs. 1.1474667647276993
list:
dist: 1.649249308780685 vs. 1.649249308780685
list:
dist: 1.2713534137831677 vs. 1.2713534137831677
list:
dist: 1.2210291074756854 vs. 1.2210291074756854
list:
dist: 3.111829553301739 vs. 3.111829553301739
list:
dist: 1.852989306917984 vs. 1.852989306917984
list:
dist: 3.2535649771408366 vs. 3.2535649771408366
list:
dist: 1.9214487960252071 vs. 1.9214487960252071
list:
dist: 2.561843924028819 vs. 2.561843924028819
list:
dist: 1.527792489698981 vs. 1.527792489698981
list:
dist: 2.4535272702851745 vs. 2.4535272702851745
list:
dist: 3.4347531849576995 vs. 3.4347531849576995
list:
dist: 4.113045775667837 vs. 4.113045775667837
list:
dist: 2.8011774813338373 vs. 2.8011774813338373
list:
dist: 2.4415815008895936 vs. 2.4415815008895936
list:
dist: 1.6194369674791311 vs. 1.6194369674791311
list:
dist: 2.008951438838619 vs. 2.008951438838619
list:
dist: 1.7052350760443935 vs. 1.7052350760443935
list:
dist: 2.6946741406638615 vs. 2.6946741406638615
list:
dist: 1.82280180221461 vs. 1.82280180221461
list:
dist: 2.6602076907011587 vs. 2.6602076907011587
list:
dist: 1.6203512888799771 vs. 1.6203512888799771
list:
dist: 2.406692484890718 vs. 2.406692484890718
list:
dist: 2.3847911895500054 vs. 2.3847911895500054
list:
dist: 1.156049040014728 vs. 1.156049040014728
list:
dist: 2.408867863083945 vs. 2.408867863083945
list:
dist: 2.3796885846472784 vs. 2.3796885846472784
list:
dist: 1.1886153763867966 vs. 1.1886153763867966
list:
dist: 2.4110227072107393 vs. 2.4110227072107393
list:
dist: 2.6290464426529314 vs. 2.6290464426529314
list:
dist: 2.0776563757600877 vs. 2.0776563757600877
list:
dist: 1.63265068896482 vs. 1.63265068896482
list:
dist: 1.1886153763867966 vs. 1.1886153763867966
list:
dist: 3.068821554955336 vs. 3.068821554955336
list:
dist: 1.1840842576164838 vs. 1.1840842576164838
list:
dist: 2.5660183582143965 vs. 2.5660183582143965
list:
dist: 1.8477384268110588 vs. 1.8477384268110588
list:
dist: 1.22337995334654 vs. 1.22337995334654
list:
dist: 2.101787768559251 vs. 2.101787768559251
list:
dist: 2.095231336011818 vs. 2.095231336011818
list:
dist: 1.1474667647276993 vs. 1.1474667647276993
list:
dist: 3.3952329948416793 vs. 3.3952329948416793
list:
dist: 2.4901347617090916 vs. 2.4901347617090916
list:
dist: 2.9833609091847584 vs. 2.9833609091847584
list:
dist: 2.6946741406638615 vs. 2.6946741406638615
list:
dist: 2.3796885846472784 vs. 2.3796885846472784
list:
dist: 2.5438700516835904 vs. 2.5438700516835904
list:
dist: 3.039694141442956 vs. 3.039694141442956
list:
dist: 1.440952430324638 vs. 1.440952430324638
list:
dist: 1.4091346477411664 vs. 1.4091346477411664
list:
dist: 3.0199723516900447 vs. 3.0199723516900447
list:
dist: 2.7792939915278843 vs. 2.7792939915278843
list:
dist: 1.6705380434488788 vs. 1.6705380434488788
list:
dist: 2.060905795010375 vs. 2.060905795010375
list:
dist: 1.8477384268110588 vs. 1.8477384268110588
list:
dist: 1.950844545432721 vs. 1.950844545432721
list:
dist: 1.2574058047410839 vs. 1.2574058047410839
list:
dist: 1.471791204038435 vs. 1.471791204038435
list:
dist: 0.7981978322050838 vs. 0.7981978322050838
list:
dist: 2.70124310772885 vs. 2.70124310772885
list:
dist: 1.444114959753579 vs. 1.444114959753579
list:
dist: 2.649890483740805 vs. 2.649890483740805
list:
dist: 1.7723911513776498 vs. 1.7723911513776498
list:
dist: 1.9835252315580927 vs. 1.9835252315580927
list:
dist: 0.9025423170585752 vs. 0.9025423170585752
list:
dist: 2.2422951099835613 vs. 2.2422951099835613
list:
dist: 2.998369104229979 vs. 2.998369104229979
list:
dist: 3.4320326596626756 vs. 3.4320326596626756
list:
dist: 2.234281168715435 vs. 2.234281168715435
list:
dist: 1.8088109710195337 vs. 1.8088109710195337
list:
dist: 1.6203512888799771 vs. 1.6203512888799771
list:
dist: 2.15061356759362 vs. 2.15061356759362
list:
dist: 2.4337761867490006 vs. 2.4337761867490006
list:
dist: 1.1604832550371347 vs. 1.1604832550371347
list:
dist: 1.6705380434488788 vs. 1.6705380434488788
list:
dist: 1.3902219173082395 vs. 1.3902219173082395
list:
dist: 1.5962752969361949 vs. 1.5962752969361949
list:
dist: 0.8823670292167635 vs. 0.8823670292167635
list:
dist: 2.417172421661548 vs. 2.417172421661548
list:
dist: 2.1540654546687725 vs. 2.1540654546687725
list:
dist: 2.2332513962838987 vs. 2.2332513962838987
list:
dist: 2.341349229914178 vs. 2.341349229914178
list:
dist: 1.3635441893472657 vs. 1.3635441893472657
list:
dist: 1.714085149992526 vs. 1.714085149992526
list:
dist: 2.0154796943188877 vs. 2.0154796943188877
list:
dist: 2.651710678060631 vs. 2.651710678060631
list:
dist: 1.8987177814063039 vs. 1.8987177814063039
list:
dist: 3.404998351035475 vs. 3.404998351035475
list:
dist: 3.0018700897978667 vs. 3.0018700897978667
list:
dist: 2.9903770395772034 vs. 2.9903770395772034
list:
dist: 1.92848294071395 vs. 1.92848294071395
list:
dist: 2.1007786027492745 vs. 2.1007786027492745
list:
dist: 2.648928126960187 vs. 2.648928126960187
list:
dist: 4.794384844598097 vs. 4.794384844598097
list:
dist: 2.428906785285161 vs. 2.428906785285161
list:
dist: 1.8088109710195337 vs. 1.8088109710195337
list:
dist: 2.9988131871257666 vs. 2.9988131871257666
list:
dist: 2.253238644361296 vs. 2.253238644361296
list:
dist: 2.1007786027492745 vs. 2.1007786027492745
list:
dist: 1.6401034903851335 vs. 1.6401034903851335
list:
dist: 1.664534582894485 vs. 1.664534582894485
list:
dist: 2.3571431185820817 vs. 2.3571431185820817
list:
dist: 2.4415815008895936 vs. 2.4415815008895936
list:
dist: 1.6351948457366734 vs. 1.6351948457366734
list:
dist: 1.3968390086772222 vs. 1.3968390086772222
list:
dist: 1.6466080988669671 vs. 1.6466080988669671
list:
dist: 1.743181315956453 vs. 1.743181315956453
list:
dist: 0.6985770779057631 vs. 0.6985770779057631
list:
dist: 0.9763276339047096 vs. 0.9763276339047096
list:
dist: 1.671141800408228 vs. 1.671141800408228
list:
dist: 1.486461887342195 vs. 1.486461887342195
list:
dist: 1.7345381392070827 vs. 1.7345381392070827
list:
dist: 0.9358495086515175 vs. 0.9358495086515175
list:
dist: 2.2371310423779636 vs. 2.2371310423779636
list:
dist: 3.394030524039666 vs. 3.394030524039666
list:
dist: 2.9149985608921987 vs. 2.9149985608921987
list:
dist: 1.9835252315580927 vs. 1.9835252315580927
list:
dist: 3.655862661293005 vs. 3.655862661293005
list:
dist: 2.951779471652658 vs. 2.951779471652658
list:
dist: 2.651710678060631 vs. 2.651710678060631
list:
dist: 2.265806929396857 vs. 2.265806929396857
list:
dist: 3.3952329948416793 vs. 3.3952329948416793
list:
dist: 2.8368452771142456 vs. 2.8368452771142456
list:
dist: 1.785786001407008 vs. 1.785786001407008
list:
dist: 2.697728712355002 vs. 2.697728712355002
list:
dist: 2.561843924028819 vs. 2.561843924028819
list:
dist: 2.2355766331492286 vs. 2.2355766331492286
list:
dist: 1.9752619871694825 vs. 1.9752619871694825
list:
dist: 2.324537569983697 vs. 2.324537569983697
list:
dist: 2.2206387423337857 vs. 2.2206387423337857
list:
dist: 1.0890944092303407 vs. 1.0890944092303407
list:
dist: 1.2393945178208756 vs. 1.2393945178208756
list:
dist: 1.8442744886099238 vs. 1.8442744886099238
list:
dist: 2.053189973359946 vs. 2.053189973359946
list:
dist: 1.6019687180885662 vs. 1.6019687180885662
list:
dist: 0.6985770779057631 vs. 0.6985770779057631
list:
dist: 1.82280180221461 vs. 1.82280180221461
list:
dist: 2.5117555017033495 vs. 2.5117555017033495
list:
dist: 2.429919040409017 vs. 2.429919040409017
list:
dist: 2.0920852846978515 vs. 2.0920852846978515
list:
dist: 3.0199723516900447 vs. 3.0199723516900447
list:
dist: 1.2176656497896052 vs. 1.2176656497896052
list:
dist: 1.3902219173082395 vs. 1.3902219173082395
list:
dist: 1.4186020388365375 vs. 1.4186020388365375
list:
dist: 3.5136727187421046 vs. 3.5136727187421046
list:
dist: 3.07836381481099 vs. 3.07836381481099
list:
dist: 3.50294629849188 vs. 3.50294629849188
list:
dist: 2.5540040394507932 vs. 2.5540040394507932
list:
dist: 2.2097039214997523 vs. 2.2097039214997523
list:
dist: 1.7363292594825097 vs. 1.7363292594825097
list:
dist: 2.7284155895374136 vs. 2.7284155895374136
list:
dist: 3.655862661293005 vs. 3.655862661293005
list:
dist: 3.1235609015382098 vs. 3.1235609015382098
list:
dist: 4.482778286668799 vs. 4.482778286668799
list:
dist: 3.392206737695379 vs. 3.392206737695379
list:
dist: 3.202318737080547 vs. 3.202318737080547
list:
dist: 2.4243811933918478 vs. 2.4243811933918478
list:
dist: 2.9988131871257666 vs. 2.9988131871257666
list:
dist: 2.3497648385432606 vs. 2.3497648385432606
list:
dist: 2.2748545385994947 vs. 2.2748545385994947
list:
dist: 2.234281168715435 vs. 2.234281168715435
list:
dist: 2.4243811933918478 vs. 2.4243811933918478
list:
dist: 1.446873837957227 vs. 1.446873837957227
list:
dist: 1.92848294071395 vs. 1.92848294071395
list:
dist: 1.3102897475522999 vs. 1.3102897475522999
list:
dist: 1.9923316337563284 vs. 1.9923316337563284
list:
dist: 2.3242492818376643 vs. 2.3242492818376643
list:
dist: 2.8011774813338373 vs. 2.8011774813338373
list:
dist: 0.7978426003403212 vs. 0.7978426003403212
list:
dist: 1.1337513161560984 vs. 1.1337513161560984
list:
dist: 0.8666294790582255 vs. 0.8666294790582255
list:
dist: 1.462981484337359 vs. 1.462981484337359
list:
dist: 1.6019687180885662 vs. 1.6019687180885662
list:
dist: 1.6376941446033793 vs. 1.6376941446033793
list:
dist: 2.361110975854847 vs. 2.361110975854847
list:
dist: 1.0944851005594969 vs. 1.0944851005594969
list:
dist: 1.5266201582039314 vs. 1.5266201582039314
list:
dist: 0.9358495086515175 vs. 0.9358495086515175
list:
dist: 1.4084701560567285 vs. 1.4084701560567285
list:
dist: 2.6602076907011587 vs. 2.6602076907011587
list:
dist: 2.708814770495159 vs. 2.708814770495159
list:
dist: 2.5200588561111252 vs. 2.5200588561111252
list:
dist: 2.0293627774462584 vs. 2.0293627774462584
list:
dist: 2.7792939915278843 vs. 2.7792939915278843
list:
dist: 1.2176656497896052 vs. 1.2176656497896052
list:
dist: 1.5962752969361949 vs. 1.5962752969361949
list:
dist: 1.1895830380000783 vs. 1.1895830380000783
list:
dist: 2.841597360081237 vs. 2.841597360081237
list:
dist: 2.5776569279586186 vs. 2.5776569279586186
list:
dist: 3.2577670413402395 vs. 3.2577670413402395
list:
dist: 1.37101104996406 vs. 1.37101104996406
list:
dist: 1.5175759662858685 vs. 1.5175759662858685
list:
dist: 0.8263115832033836 vs. 0.8263115832033836
list:
dist: 1.8987355503270391 vs. 1.8987355503270391
list:
dist: 2.951779471652658 vs. 2.951779471652658
list:
dist: 2.6120124811846273 vs. 2.6120124811846273
list:
dist: 3.6777468946339185 vs. 3.6777468946339185
list:
dist: 2.25608974809562 vs. 2.25608974809562
list:
dist: 2.407807981547342 vs. 2.407807981547342
list:
dist: 1.446873837957227 vs. 1.446873837957227
list:
dist: 2.253238644361296 vs. 2.253238644361296
list:
dist: 1.3687486811663225 vs. 1.3687486811663225
list:
dist: 2.4110227072107393 vs. 2.4110227072107393
list:
dist: 3.987605246795211 vs. 3.987605246795211
list:
dist: 2.0770661540160793 vs. 2.0770661540160793
list:
dist: 3.1634110241942777 vs. 3.1634110241942777
list:
dist: 1.950844545432721 vs. 1.950844545432721
list:
dist: 1.22337995334654 vs. 1.22337995334654
list:
dist: 2.1315887192534824 vs. 2.1315887192534824
list:
dist: 2.6746359444963854 vs. 2.6746359444963854
list:
dist: 1.649249308780685 vs. 1.649249308780685
list:
dist: 2.8368452771142456 vs. 2.8368452771142456
list:
dist: 2.229358370307655 vs. 2.229358370307655
list:
dist: 2.3504247089995323 vs. 2.3504247089995323
list:
dist: 3.3748695467613286 vs. 3.3748695467613286
list:
dist: 3.246204516011592 vs. 3.246204516011592
list:
dist: 2.2422951099835613 vs. 2.2422951099835613
list:
dist: 4.482778286668799 vs. 4.482778286668799
list:
dist: 3.6777468946339185 vs. 3.6777468946339185
list:
dist: 3.404998351035475 vs. 3.404998351035475
list:
dist: 3.209213686829189 vs. 3.209213686829189
list:
dist: 2.9833609091847584 vs. 2.9833609091847584
list:
dist: 2.3504247089995323 vs. 2.3504247089995323
list:
dist: 1.4802638610444645 vs. 1.4802638610444645
list:
dist: 2.5654312797928815 vs. 2.5654312797928815
list:
dist: 2.4535272702851745 vs. 2.4535272702851745
list:
dist: 2.7033679873661125 vs. 2.7033679873661125
list:
dist: 2.4042512375053016 vs. 2.4042512375053016
list:
dist: 3.2052010025405138 vs. 3.2052010025405138
list:
dist: 2.299028838245737 vs. 2.299028838245737
list:
dist: 1.2393945178208756 vs. 1.2393945178208756
list:
dist: 1.569377552604899 vs. 1.569377552604899
list:
dist: 2.2323426873398047 vs. 2.2323426873398047
list:
dist: 3.0694720005169818 vs. 3.0694720005169818
list:
dist: 2.361110975854847 vs. 2.361110975854847
list:
dist: 1.671141800408228 vs. 1.671141800408228
list:
dist: 3.279521086391135 vs. 3.279521086391135
list:
dist: 3.208849020696185 vs. 3.208849020696185
list:
dist: 2.3388903732585233 vs. 2.3388903732585233
list:
dist: 2.649890483740805 vs. 2.649890483740805
list:
dist: 1.7363292594825097 vs. 1.7363292594825097
list:
dist: 0.8263115832033836 vs. 0.8263115832033836
list:
dist: 1.714085149992526 vs. 1.714085149992526
list:
dist: 0.9456305055260245 vs. 0.9456305055260245
list:
dist: 2.6812110801295006 vs. 2.6812110801295006
list:
dist: 2.7461501980821015 vs. 2.7461501980821015
list:
dist: 3.2535649771408366 vs. 3.2535649771408366
list:
dist: 1.1422959746239936 vs. 1.1422959746239936
list:
dist: 1.49387748941666 vs. 1.49387748941666
list:
dist: 1.9537714310047545 vs. 1.9537714310047545
list:
dist: 2.324537569983697 vs. 2.324537569983697
list:
dist: 2.2423670325059315 vs. 2.2423670325059315
list:
dist: 3.2052010025405138 vs. 3.2052010025405138
list:
dist: 1.7395140024842464 vs. 1.7395140024842464
list:
dist: 1.6041456994672403 vs. 1.6041456994672403
list:
dist: 0.8666294790582255 vs. 0.8666294790582255
list:
dist: 1.6466080988669671 vs. 1.6466080988669671
list:
dist: 0.9523731050820576 vs. 0.9523731050820576
list:
dist: 1.6194369674791311 vs. 1.6194369674791311
list:
dist: 2.3847911895500054 vs. 2.3847911895500054
list:
dist: 0.7567456849349221 vs. 0.7567456849349221
list:
dist: 2.1096854080522873 vs. 2.1096854080522873
list:
dist: 1.2598149098448368 vs. 1.2598149098448368
list:
dist: 2.5438700516835904 vs. 2.5438700516835904
list:
dist: 2.5117555017033495 vs. 2.5117555017033495
list:
dist: 2.708814770495159 vs. 2.708814770495159
list:
dist: 2.15061356759362 vs. 2.15061356759362
list:
dist: 3.068821554955336 vs. 3.068821554955336
list:
dist: 3.987605246795211 vs. 3.987605246795211
list:
dist: 2.8953618585668437 vs. 2.8953618585668437
list:
dist: 1.8824420841565153 vs. 1.8824420841565153
list:
dist: 2.3763750547474296 vs. 2.3763750547474296
list:
dist: 3.3083657319904187 vs. 3.3083657319904187
list:
dist: 2.3157957209001694 vs. 2.3157957209001694
list:
dist: 3.279521086391135 vs. 3.279521086391135
list:
dist: 2.3858233803300646 vs. 2.3858233803300646
list:
dist: 2.0776563757600877 vs. 2.0776563757600877
list:
dist: 1.8824420841565153 vs. 1.8824420841565153
list:
dist: 2.15457314753714 vs. 2.15457314753714
list:
dist: 1.7800707848327675 vs. 1.7800707848327675
list:
dist: 1.197397408706166 vs. 1.197397408706166
list:
dist: 1.471791204038435 vs. 1.471791204038435
list:
dist: 3.07836381481099 vs. 3.07836381481099
list:
dist: 2.5776569279586186 vs. 2.5776569279586186
list:
dist: 2.1540654546687725 vs. 2.1540654546687725
list:
dist: 2.5213966774158254 vs. 2.5213966774158254
list:
dist: 2.095231336011818 vs. 2.095231336011818
list:
dist: 2.6746359444963854 vs. 2.6746359444963854
list:
dist: 1.0909911407577169 vs. 1.0909911407577169
list:
dist: 1.2210291074756854 vs. 1.2210291074756854
list:
dist: 2.3268344131892276 vs. 2.3268344131892276
list:
dist: 1.2766684233657926 vs. 1.2766684233657926
list:
dist: 2.7461501980821015 vs. 2.7461501980821015
list:
dist: 0.9878983054766025 vs. 0.9878983054766025
list:
dist: 2.697728712355002 vs. 2.697728712355002
list:
dist: 1.8108860101276658 vs. 1.8108860101276658
list:
dist: 2.5654312797928815 vs. 2.5654312797928815
list:
dist: 2.8325162857326887 vs. 2.8325162857326887
list:
dist: 3.8252478526325584 vs. 3.8252478526325584
list:
dist: 2.3242492818376643 vs. 2.3242492818376643
list:
dist: 2.3571431185820817 vs. 2.3571431185820817
list:
dist: 2.008951438838619 vs. 2.008951438838619
list:
dist: 0.7567456849349221 vs. 0.7567456849349221
list:
dist: 1.6687146037261942 vs. 1.6687146037261942
list:
dist: 3.039694141442956 vs. 3.039694141442956
list:
dist: 2.429919040409017 vs. 2.429919040409017
list:
dist: 2.5200588561111252 vs. 2.5200588561111252
list:
dist: 2.4337761867490006 vs. 2.4337761867490006
list:
dist: 3.180935693860807 vs. 3.180935693860807
list:
dist: 2.15457314753714 vs. 2.15457314753714
list:
dist: 2.9274885893093923 vs. 2.9274885893093923
list:
dist: 3.156857937867707 vs. 3.156857937867707
list:
dist: 2.4469779275448973 vs. 2.4469779275448973
list:
dist: 3.208849020696185 vs. 3.208849020696185
list:
dist: 2.4288694831389406 vs. 2.4288694831389406
list:
dist: 2.406692484890718 vs. 2.406692484890718
list:
dist: 1.8201356096201349 vs. 1.8201356096201349
list:
dist: 2.060905795010375 vs. 2.060905795010375
list:
dist: 1.4186020388365375 vs. 1.4186020388365375
list:
dist: 1.1895830380000783 vs. 1.1895830380000783
list:
dist: 0.8823670292167635 vs. 0.8823670292167635
list:
dist: 2.522579876351895 vs. 2.522579876351895
list:
dist: 2.5213966774158254 vs. 2.5213966774158254
list:
dist: 2.7344994656816906 vs. 2.7344994656816906
list:
dist: 1.8293223434267616 vs. 1.8293223434267616
list:
dist: 1.3517357314786693 vs. 1.3517357314786693
list:
dist: 0.9456305055260245 vs. 0.9456305055260245
list:
dist: 2.0246343303868413 vs. 2.0246343303868413
list:
dist: 2.265806929396857 vs. 2.265806929396857
list:
dist: 1.8739609651678706 vs. 1.8739609651678706
list:
dist: 3.209213686829189 vs. 3.209213686829189
list:
dist: 2.395368779167383 vs. 2.395368779167383
list:
dist: 2.140028563919389 vs. 2.140028563919389
list:
dist: 1.3102897475522999 vs. 1.3102897475522999
list:
dist: 1.6401034903851335 vs. 1.6401034903851335
list:
dist: 1.8725077456808394 vs. 1.8725077456808394
list:
dist: 2.6290464426529314 vs. 2.6290464426529314
list:
dist: 2.8953618585668437 vs. 2.8953618585668437
list:
dist: 3.180935693860807 vs. 3.180935693860807
list:
dist: 2.181346766910545 vs. 2.181346766910545
list:
dist: 1.8964958983045448 vs. 1.8964958983045448
list:
dist: 1.2574058047410839 vs. 1.2574058047410839
list:
dist: 3.5136727187421046 vs. 3.5136727187421046
list:
dist: 2.841597360081237 vs. 2.841597360081237
list:
dist: 2.417172421661548 vs. 2.417172421661548
list:
dist: 2.522579876351895 vs. 2.522579876351895
list:
dist: 2.101787768559251 vs. 2.101787768559251
list:
dist: 2.1315887192534824 vs. 2.1315887192534824
list:
dist: 1.0909911407577169 vs. 1.0909911407577169
list:
dist: 1.2713534137831677 vs. 1.2713534137831677
list:
dist: 2.198235241433217 vs. 2.198235241433217
list:
dist: 1.3448010493325253 vs. 1.3448010493325253
list:
dist: 2.6812110801295006 vs. 2.6812110801295006
list:
dist: 1.1415470315787912 vs. 1.1415470315787912
list:
dist: 1.785786001407008 vs. 1.785786001407008
list:
dist: 1.1015342687877419 vs. 1.1015342687877419
list:
dist: 1.4802638610444645 vs. 1.4802638610444645
list:
dist: 2.3181648596443067 vs. 2.3181648596443067
list:
dist: 3.3071985419815446 vs. 3.3071985419815446
list:
dist: 1.9923316337563284 vs. 1.9923316337563284
list:
dist: 1.664534582894485 vs. 1.664534582894485
list:
dist: 3.67595713801952 vs. 3.67595713801952
list:
dist: 3.4320326596626756 vs. 3.4320326596626756
list:
dist: 3.202318737080547 vs. 3.202318737080547
list:
dist: 2.407807981547342 vs. 2.407807981547342
list:
dist: 2.9903770395772034 vs. 2.9903770395772034
list:
dist: 2.140028563919389 vs. 2.140028563919389
list:
dist: 3.3071985419815446 vs. 3.3071985419815446
list:
dist: 3.8252478526325584 vs. 3.8252478526325584
list:
dist: 4.113045775667837 vs. 4.113045775667837
list:
dist: 1.9583427531500404 vs. 1.9583427531500404
list:
dist: 2.6253750968514744 vs. 2.6253750968514744
list:
dist: 1.6041456994672403 vs. 1.6041456994672403
list:
dist: 2.974099219524239 vs. 2.974099219524239
list:
dist: 2.053189973359946 vs. 2.053189973359946
list:
dist: 2.682436026406929 vs. 2.682436026406929
list:
dist: 3.0694720005169818 vs. 3.0694720005169818
list:
dist: 1.6262187459015083 vs. 1.6262187459015083
list:
dist: 1.5266201582039314 vs. 1.5266201582039314
list:
dist: 1.7345381392070827 vs. 1.7345381392070827
list:
dist: 1.4481932194054288 vs. 1.4481932194054288
list:
dist: 3.3083657319904187 vs. 3.3083657319904187
list:
dist: 3.156857937867707 vs. 3.156857937867707
list:
dist: 2.4371510967154815 vs. 2.4371510967154815
list:
dist: 2.70124310772885 vs. 2.70124310772885
list:
dist: 2.5540040394507932 vs. 2.5540040394507932
list:
dist: 1.37101104996406 vs. 1.37101104996406
list:
dist: 2.341349229914178 vs. 2.341349229914178
list:
dist: 1.8293223434267616 vs. 1.8293223434267616
list:
dist: 2.198235241433217 vs. 2.198235241433217
list:
dist: 2.3268344131892276 vs. 2.3268344131892276
list:
dist: 3.111829553301739 vs. 3.111829553301739
list:
dist: 1.3464988311303976 vs. 1.3464988311303976
list:
dist: 1.1422959746239936 vs. 1.1422959746239936
list:
dist: 1.3486682866042143 vs. 1.3486682866042143
list:
dist: 2.2355766331492286 vs. 2.2355766331492286
list:
dist: 2.215228545118009 vs. 2.215228545118009
list:
dist: 2.7033679873661125 vs. 2.7033679873661125
list:
dist: 0.9815973693974346 vs. 0.9815973693974346
list:
dist: 1.9583427531500404 vs. 1.9583427531500404
list:
dist: 0.7978426003403212 vs. 0.7978426003403212
list:
dist: 1.6351948457366734 vs. 1.6351948457366734
list:
dist: 1.3067264774306353 vs. 1.3067264774306353
list:
dist: 3.147976015885503 vs. 3.147976015885503
list:
dist: 2.998369104229979 vs. 2.998369104229979
list:
dist: 3.392206737695379 vs. 3.392206737695379
list:
dist: 2.25608974809562 vs. 2.25608974809562
list:
dist: 3.0018700897978667 vs. 3.0018700897978667
list:
dist: 2.395368779167383 vs. 2.395368779167383
list:
dist: 2.3181648596443067 vs. 2.3181648596443067
list:
dist: 2.8325162857326887 vs. 2.8325162857326887
list:
dist: 3.4347531849576995 vs. 3.4347531849576995
list:
dist: 0.9815973693974346 vs. 0.9815973693974346
list:
dist: 1.9494036913533528 vs. 1.9494036913533528
list:
dist: 1.7395140024842464 vs. 1.7395140024842464
list:
dist: 1.8944521457974228 vs. 1.8944521457974228
list:
dist: 1.8442744886099238 vs. 1.8442744886099238
list:
dist: 2.2742911006478392 vs. 2.2742911006478392
list:
dist: 2.2323426873398047 vs. 2.2323426873398047
list:
dist: 1.6262187459015083 vs. 1.6262187459015083
list:
dist: 1.0944851005594969 vs. 1.0944851005594969
list:
dist: 1.486461887342195 vs. 1.486461887342195
list:
dist: 1.6802974998308298 vs. 1.6802974998308298
list:
dist: 2.3858233803300646 vs. 2.3858233803300646
list:
dist: 2.4288694831389406 vs. 2.4288694831389406
list:
dist: 1.50801973958281 vs. 1.50801973958281
list:
dist: 1.7723911513776498 vs. 1.7723911513776498
list:
dist: 2.7284155895374136 vs. 2.7284155895374136
list:
dist: 1.8987355503270391 vs. 1.8987355503270391
list:
dist: 2.0154796943188877 vs. 2.0154796943188877
list:
dist: 2.0246343303868413 vs. 2.0246343303868413
list:
dist: 1.1415470315787912 vs. 1.1415470315787912
list:
dist: 0.9878983054766025 vs. 0.9878983054766025
list:
dist: 1.9214487960252071 vs. 1.9214487960252071
list:
dist: 1.3486682866042143 vs. 1.3486682866042143
list:
dist: 0.7041594429224884 vs. 0.7041594429224884
list:
dist: 1.9537714310047545 vs. 1.9537714310047545
list:
dist: 2.2206387423337857 vs. 2.2206387423337857
list:
dist: 1.6388291778900717 vs. 1.6388291778900717
list:
dist: 2.299028838245737 vs. 2.299028838245737
list:
dist: 1.8944521457974228 vs. 1.8944521457974228
list:
dist: 2.974099219524239 vs. 2.974099219524239
list:
dist: 1.462981484337359 vs. 1.462981484337359
list:
dist: 1.743181315956453 vs. 1.743181315956453
list:
dist: 2.5477198794118565 vs. 2.5477198794118565
list:
dist: 2.323556843778339 vs. 2.323556843778339
list:
dist: 1.9403117606039155 vs. 1.9403117606039155
list:
dist: 0.9025423170585752 vs. 0.9025423170585752
list:
dist: 3.1235609015382098 vs. 3.1235609015382098
list:
dist: 2.6120124811846273 vs. 2.6120124811846273
list:
dist: 1.8987177814063039 vs. 1.8987177814063039
list:
dist: 1.8739609651678706 vs. 1.8739609651678706
list:
dist: 2.4901347617090916 vs. 2.4901347617090916
list:
dist: 2.229358370307655 vs. 2.229358370307655
list:
dist: 1.1015342687877419 vs. 1.1015342687877419
list:
dist: 1.8108860101276658 vs. 1.8108860101276658
list:
dist: 1.527792489698981 vs. 1.527792489698981
list:
dist: 2.215228545118009 vs. 2.215228545118009
list:
dist: 1.3078399347113412 vs. 1.3078399347113412
list:
dist: 2.2423670325059315 vs. 2.2423670325059315
list:
dist: 1.6388291778900717 vs. 1.6388291778900717
list:
dist: 1.0890944092303407 vs. 1.0890944092303407
list:
dist: 1.569377552604899 vs. 1.569377552604899
list:
dist: 2.2742911006478392 vs. 2.2742911006478392
list:
dist: 2.682436026406929 vs. 2.682436026406929
list:
dist: 1.6376941446033793 vs. 1.6376941446033793
list:
dist: 0.9763276339047096 vs. 0.9763276339047096
list:
dist: 2.3497648385432606 vs. 2.3497648385432606
list:
dist: 1.3687486811663225 vs. 1.3687486811663225
list:
dist: 2.648928126960187 vs. 2.648928126960187
list:
dist: 1.8725077456808394 vs. 1.8725077456808394
list:
dist: 1.3067264774306353 vs. 1.3067264774306353
list:
dist: 2.2783722799499957 vs. 2.2783722799499957
list:
dist: 0.9523731050820576 vs. 0.9523731050820576
list:
dist: 2.5477198794118565 vs. 2.5477198794118565
list:
dist: 1.6802974998308298 vs. 1.6802974998308298
list:
dist: 1.4481932194054288 vs. 1.4481932194054288
list:
dist: 1.4084701560567285 vs. 1.4084701560567285
list:
dist: 2.2371310423779636 vs. 2.2371310423779636
500
600
Neighbor List consistency Check...
--------
nle(id0,id1,dist): 5 7 1.3683698436685938
list:
dist: 1.3683698436685938 vs. 1.3683698436685938
--------
nle(id0,id1,dist): 4 29 1.7782978455238965
list:
dist: 1.7782978455238965 vs. 1.7782978455238965
--------
nle(id0,id1,dist): 5 16 2.291941416311451
list:
dist: 2.291941416311451 vs. 2.291941416311451
--------
nle(id0,id1,dist): 5 12 1.3438990062349172
list:
dist: 1.3438990062349172 vs. 1.3438990062349172
--------
nle(id0,id1,dist): 5 14 1.9364177180253386
list:
dist: 1.9364177180253386 vs. 1.9364177180253386
--------
nle(id0,id1,dist): 5 9 2.4141705739563104
list:
dist: 2.4141705739563104 vs. 2.4141705739563104
--------
nle(id0,id1,dist): 5 8 1.833175454532976
list:
dist: 1.833175454532976 vs. 1.833175454532976
--------
nle(id0,id1,dist): 4 11 1.171654864472446
list:
dist: 1.171654864472446 vs. 1.171654864472446
--------
nle(id0,id1,dist): 4 12 2.191274906968912
list:
dist: 2.191274906968912 vs. 2.191274906968912
--------
nle(id0,id1,dist): 4 10 1.4535124123909458
list:
dist: 1.4535124123909458 vs. 1.4535124123909458
--------
nle(id0,id1,dist): 4 7 1.8350664670961156
list:
dist: 1.8350664670961156 vs. 1.8350664670961156
--------
nle(id0,id1,dist): 4 8 1.700256854165957
list:
dist: 1.700256854165957 vs. 1.700256854165957
--------
nle(id0,id1,dist): 4 6 1.1032813012864564
list:
dist: 1.1032813012864564 vs. 1.1032813012864564
--------
nle(id0,id1,dist): 4 27 3.597548239609051
list:
dist: 3.597548239609051 vs. 3.597548239609051
--------
nle(id0,id1,dist): 4 26 4.017690519933259
list:
dist: 4.017690519933259 vs. 4.017690519933259
--------
nle(id0,id1,dist): 4 25 3.7622103303671754
list:
dist: 3.7622103303671754 vs. 3.7622103303671754
--------
nle(id0,id1,dist): 4 22 3.586755622369155
list:
dist: 3.586755622369155 vs. 3.586755622369155
--------
nle(id0,id1,dist): 4 21 2.909524892103708
list:
dist: 2.909524892103708 vs. 2.909524892103708
--------
nle(id0,id1,dist): 4 19 1.4646270926767566
list:
dist: 1.4646270926767566 vs. 1.4646270926767566
--------
nle(id0,id1,dist): 4 17 1.3406812810014557
list:
dist: 1.3406812810014557 vs. 1.3406812810014557
--------
nle(id0,id1,dist): 4 16 2.482011722727792
list:
dist: 2.482011722727792 vs. 2.482011722727792
--------
nle(id0,id1,dist): 4 15 2.461952917601543
list:
dist: 2.461952917601543 vs. 2.461952917601543
--------
nle(id0,id1,dist): 4 14 2.03911364728719
list:
dist: 2.03911364728719 vs. 2.03911364728719
--------
nle(id0,id1,dist): 4 13 1.7983451202603833
list:
dist: 1.7983451202603833 vs. 1.7983451202603833
--------
nle(id0,id1,dist): 6 27 3.0837054291135106
list:
dist: 3.0837054291135106 vs. 3.0837054291135106
--------
nle(id0,id1,dist): 6 29 1.6451507950179636
list:
dist: 1.6451507950179636 vs. 1.6451507950179636
--------
nle(id0,id1,dist): 6 19 1.3042867060942942
list:
dist: 1.3042867060942942 vs. 1.3042867060942942
--------
nle(id0,id1,dist): 6 21 2.410041326648617
list:
dist: 2.410041326648617 vs. 2.410041326648617
--------
nle(id0,id1,dist): 6 22 3.2684924406336466
list:
dist: 3.2684924406336466 vs. 3.2684924406336466
--------
nle(id0,id1,dist): 6 25 3.586566700177558
list:
dist: 3.586566700177558 vs. 3.586566700177558
--------
nle(id0,id1,dist): 6 26 3.9219726349424056
list:
dist: 3.9219726349424056 vs. 3.9219726349424056
--------
nle(id0,id1,dist): 7 9 2.5746366335555098
list:
dist: 2.5746366335555098 vs. 2.5746366335555098
--------
nle(id0,id1,dist): 7 8 1.0296497287624895
list:
dist: 1.0296497287624895 vs. 1.0296497287624895
--------
nle(id0,id1,dist): 7 11 2.9187749499707465
list:
dist: 2.9187749499707465 vs. 2.9187749499707465
--------
nle(id0,id1,dist): 7 10 1.9935717781099462
list:
dist: 1.9935717781099462 vs. 1.9935717781099462
--------
nle(id0,id1,dist): 7 12 1.0308659404287508
list:
dist: 1.0308659404287508 vs. 1.0308659404287508
--------
nle(id0,id1,dist): 6 14 2.065366330552487
list:
dist: 2.065366330552487 vs. 2.065366330552487
--------
nle(id0,id1,dist): 6 13 1.1713790569988227
list:
dist: 1.1713790569988227 vs. 1.1713790569988227
--------
nle(id0,id1,dist): 6 12 2.4931037329010737
list:
dist: 2.4931037329010737 vs. 2.4931037329010737
--------
nle(id0,id1,dist): 6 11 1.4857092021553622
list:
dist: 1.4857092021553622 vs. 1.4857092021553622
--------
nle(id0,id1,dist): 6 17 1.1150805457637682
list:
dist: 1.1150805457637682 vs. 1.1150805457637682
--------
nle(id0,id1,dist): 6 16 2.6196468681062175
list:
dist: 2.6196468681062175 vs. 2.6196468681062175
--------
nle(id0,id1,dist): 6 15 2.400230756879469
list:
dist: 2.400230756879469 vs. 2.400230756879469
--------
nle(id0,id1,dist): 6 10 2.250862965008977
list:
dist: 2.250862965008977 vs. 2.250862965008977
--------
nle(id0,id1,dist): 6 8 1.8647541003502608
list:
dist: 1.8647541003502608 vs. 1.8647541003502608
--------
nle(id0,id1,dist): 6 7 2.3413010581362683
list:
dist: 2.3413010581362683 vs. 2.3413010581362683
--------
nle(id0,id1,dist): 8 14 1.3513145859686424
list:
dist: 1.3513145859686424 vs. 1.3513145859686424
--------
nle(id0,id1,dist): 8 16 2.1762116351524434
list:
dist: 2.1762116351524434 vs. 2.1762116351524434
--------
nle(id0,id1,dist): 8 15 2.579688631676041
list:
dist: 2.579688631676041 vs. 2.579688631676041
--------
nle(id0,id1,dist): 8 10 2.5346731602947656
list:
dist: 2.5346731602947656 vs. 2.5346731602947656
--------
nle(id0,id1,dist): 8 9 1.9587990271090876
list:
dist: 1.9587990271090876 vs. 1.9587990271090876
--------
nle(id0,id1,dist): 8 12 0.6366799431658312
list:
dist: 0.6366799431658312 vs. 0.6366799431658312
--------
nle(id0,id1,dist): 8 11 2.835712178308149
list:
dist: 2.835712178308149 vs. 2.835712178308149
--------
nle(id0,id1,dist): 8 21 3.302967027666705
list:
dist: 3.302967027666705 vs. 3.302967027666705
--------
nle(id0,id1,dist): 8 17 2.4588057197609583
list:
dist: 2.4588057197609583 vs. 2.4588057197609583
--------
nle(id0,id1,dist): 8 19 1.931555767416357
list:
dist: 1.931555767416357 vs. 1.931555767416357
--------
nle(id0,id1,dist): 7 21 3.206463369243308
list:
dist: 3.206463369243308 vs. 3.206463369243308
--------
nle(id0,id1,dist): 7 19 1.8469399569584062
list:
dist: 1.8469399569584062 vs. 1.8469399569584062
--------
nle(id0,id1,dist): 7 17 2.482742887250273
list:
dist: 2.482742887250273 vs. 2.482742887250273
--------
nle(id0,id1,dist): 7 16 1.5598768967722985
list:
dist: 1.5598768967722985 vs. 1.5598768967722985
--------
nle(id0,id1,dist): 7 15 2.158503679953724
list:
dist: 2.158503679953724 vs. 2.158503679953724
--------
nle(id0,id1,dist): 7 14 1.0771106987168497
list:
dist: 1.0771106987168497 vs. 1.0771106987168497
--------
nle(id0,id1,dist): 10 12 2.852110511579403
list:
dist: 2.852110511579403 vs. 2.852110511579403
--------
nle(id0,id1,dist): 10 11 1.7081383910404468
list:
dist: 1.7081383910404468 vs. 1.7081383910404468
--------
nle(id0,id1,dist): 10 14 2.187519523312769
list:
dist: 2.187519523312769 vs. 2.187519523312769
--------
nle(id0,id1,dist): 10 13 2.2426773473786064
list:
dist: 2.2426773473786064 vs. 2.2426773473786064
--------
nle(id0,id1,dist): 10 15 2.033879646147094
list:
dist: 2.033879646147094 vs. 2.033879646147094
--------
nle(id0,id1,dist): 10 16 2.0733247209077694
list:
dist: 2.0733247209077694 vs. 2.0733247209077694
--------
nle(id0,id1,dist): 10 17 1.6304364648691416
list:
dist: 1.6304364648691416 vs. 1.6304364648691416
--------
nle(id0,id1,dist): 10 19 1.6358141980959182
list:
dist: 1.6358141980959182 vs. 1.6358141980959182
--------
nle(id0,id1,dist): 10 21 2.783983254850408
list:
dist: 2.783983254850408 vs. 2.783983254850408
--------
nle(id0,id1,dist): 10 22 3.1036878793111855
list:
dist: 3.1036878793111855 vs. 3.1036878793111855
--------
nle(id0,id1,dist): 10 25 3.048918756956163
list:
dist: 3.048918756956163 vs. 3.048918756956163
--------
nle(id0,id1,dist): 10 26 3.1932378153412846
list:
dist: 3.1932378153412846 vs. 3.1932378153412846
--------
nle(id0,id1,dist): 10 27 3.482813028910978
list:
dist: 3.482813028910978 vs. 3.482813028910978
--------
nle(id0,id1,dist): 10 29 1.8302289657669462
list:
dist: 1.8302289657669462 vs. 1.8302289657669462
--------
nle(id0,id1,dist): 9 14 3.1949230318774857
list:
dist: 3.1949230318774857 vs. 3.1949230318774857
--------
nle(id0,id1,dist): 9 12 1.591629399213896
list:
dist: 1.591629399213896 vs. 1.591629399213896
--------
nle(id0,id1,dist): 12 19 2.4564058414009904
list:
dist: 2.4564058414009904 vs. 2.4564058414009904
--------
nle(id0,id1,dist): 12 17 3.0309249842030783
list:
dist: 3.0309249842030783 vs. 3.0309249842030783
--------
nle(id0,id1,dist): 12 16 2.388952201647514
list:
dist: 2.388952201647514 vs. 2.388952201647514
--------
nle(id0,id1,dist): 12 15 2.945582829497657
list:
dist: 2.945582829497657 vs. 2.945582829497657
--------
nle(id0,id1,dist): 12 14 1.6448204050767963
list:
dist: 1.6448204050767963 vs. 1.6448204050767963
--------
nle(id0,id1,dist): 11 29 1.1076141046475572
list:
dist: 1.1076141046475572 vs. 1.1076141046475572
--------
nle(id0,id1,dist): 11 26 3.641874008077628
list:
dist: 3.641874008077628 vs. 3.641874008077628
--------
nle(id0,id1,dist): 11 27 2.9520503313469324
list:
dist: 2.9520503313469324 vs. 2.9520503313469324
--------
nle(id0,id1,dist): 11 22 3.1840951769335333
list:
dist: 3.1840951769335333 vs. 3.1840951769335333
--------
nle(id0,id1,dist): 11 25 3.598804349844575
list:
dist: 3.598804349844575 vs. 3.598804349844575
--------
nle(id0,id1,dist): 11 19 1.9192954371193391
list:
dist: 1.9192954371193391 vs. 1.9192954371193391
--------
nle(id0,id1,dist): 11 21 2.91753481877894
list:
dist: 2.91753481877894 vs. 2.91753481877894
--------
nle(id0,id1,dist): 11 15 2.859994840413421
list:
dist: 2.859994840413421 vs. 2.859994840413421
--------
nle(id0,id1,dist): 11 14 2.9278684721129737
list:
dist: 2.9278684721129737 vs. 2.9278684721129737
--------
nle(id0,id1,dist): 11 17 1.22686158931228
list:
dist: 1.22686158931228 vs. 1.22686158931228
--------
nle(id0,id1,dist): 11 16 3.1672150181138763
list:
dist: 3.1672150181138763 vs. 3.1672150181138763
--------
nle(id0,id1,dist): 11 13 1.534868432746815
list:
dist: 1.534868432746815 vs. 1.534868432746815
--------
nle(id0,id1,dist): 11 12 3.3577459708279407
list:
dist: 3.3577459708279407 vs. 3.3577459708279407
--------
nle(id0,id1,dist): 13 26 2.8906150495303984
list:
dist: 2.8906150495303984 vs. 2.8906150495303984
--------
nle(id0,id1,dist): 13 27 1.9222432463320756
list:
dist: 1.9222432463320756 vs. 1.9222432463320756
--------
nle(id0,id1,dist): 13 24 3.1099509083888
list:
dist: 3.1099509083888 vs. 3.1099509083888
--------
nle(id0,id1,dist): 13 25 2.639605792048175
list:
dist: 2.639605792048175 vs. 2.639605792048175
--------
nle(id0,id1,dist): 13 29 0.8473760810519982
list:
dist: 0.8473760810519982 vs. 0.8473760810519982
--------
nle(id0,id1,dist): 13 19 1.213016065640054
list:
dist: 1.213016065640054 vs. 1.213016065640054
--------
nle(id0,id1,dist): 13 17 0.6172130307791807
list:
dist: 0.6172130307791807 vs. 0.6172130307791807
--------
nle(id0,id1,dist): 13 22 2.1600200206060065
list:
dist: 2.1600200206060065 vs. 2.1600200206060065
--------
nle(id0,id1,dist): 13 21 1.5700103099274811
list:
dist: 1.5700103099274811 vs. 1.5700103099274811
--------
nle(id0,id1,dist): 13 15 2.0290983075653832
list:
dist: 2.0290983075653832 vs. 2.0290983075653832
--------
nle(id0,id1,dist): 12 21 3.80622133167656
list:
dist: 3.80622133167656 vs. 3.80622133167656
--------
nle(id0,id1,dist): 15 29 2.231996421721268
list:
dist: 2.231996421721268 vs. 2.231996421721268
--------
nle(id0,id1,dist): 15 26 2.450571567499696
list:
dist: 2.450571567499696 vs. 2.450571567499696
--------
nle(id0,id1,dist): 15 27 2.913489238719442
list:
dist: 2.913489238719442 vs. 2.913489238719442
--------
nle(id0,id1,dist): 15 25 1.83190089152357
list:
dist: 1.83190089152357 vs. 1.83190089152357
--------
nle(id0,id1,dist): 15 22 2.2035711057376584
list:
dist: 2.2035711057376584 vs. 2.2035711057376584
--------
nle(id0,id1,dist): 15 21 1.2963323195895016
list:
dist: 1.2963323195895016 vs. 1.2963323195895016
--------
nle(id0,id1,dist): 15 20 1.8683386124988899
list:
dist: 1.8683386124988899 vs. 1.8683386124988899
--------
nle(id0,id1,dist): 15 19 1.1110566417421976
list:
dist: 1.1110566417421976 vs. 1.1110566417421976
--------
nle(id0,id1,dist): 15 18 3.1370763142661855
list:
dist: 3.1370763142661855 vs. 3.1370763142661855
--------
nle(id0,id1,dist): 15 17 1.7650971911609987
list:
dist: 1.7650971911609987 vs. 1.7650971911609987
--------
nle(id0,id1,dist): 15 16 0.8331898016694587
list:
dist: 0.8331898016694587 vs. 0.8331898016694587
--------
nle(id0,id1,dist): 14 16 0.8871474620656571
list:
dist: 0.8871474620656571 vs. 0.8871474620656571
--------
nle(id0,id1,dist): 14 15 1.3437107143085065
list:
dist: 1.3437107143085065 vs. 1.3437107143085065
--------
nle(id0,id1,dist): 14 17 2.0735862866906656
list:
dist: 2.0735862866906656 vs. 2.0735862866906656
--------
nle(id0,id1,dist): 14 19 1.2401261272526234
list:
dist: 1.2401261272526234 vs. 1.2401261272526234
--------
nle(id0,id1,dist): 14 21 2.2905633022323935
list:
dist: 2.2905633022323935 vs. 2.2905633022323935
--------
nle(id0,id1,dist): 17 19 0.8591180399543503
list:
dist: 0.8591180399543503 vs. 0.8591180399543503
--------
nle(id0,id1,dist): 17 22 2.294543339259188
list:
dist: 2.294543339259188 vs. 2.294543339259188
--------
nle(id0,id1,dist): 17 21 1.724297426465552
list:
dist: 1.724297426465552 vs. 1.724297426465552
--------
nle(id0,id1,dist): 17 26 2.8590386170178803
list:
dist: 2.8590386170178803 vs. 2.8590386170178803
--------
nle(id0,id1,dist): 17 27 2.2884995105384176
list:
dist: 2.2884995105384176 vs. 2.2884995105384176
--------
nle(id0,id1,dist): 17 25 2.613220009895809
list:
dist: 2.613220009895809 vs. 2.613220009895809
--------
nle(id0,id1,dist): 16 17 2.2316490955804107
list:
dist: 2.2316490955804107 vs. 2.2316490955804107
--------
nle(id0,id1,dist): 16 18 2.854262135720525
list:
dist: 2.854262135720525 vs. 2.854262135720525
--------
nle(id0,id1,dist): 16 19 1.435436927953496
list:
dist: 1.435436927953496 vs. 1.435436927953496
--------
nle(id0,id1,dist): 16 20 2.338522057025602
list:
dist: 2.338522057025602 vs. 2.338522057025602
--------
nle(id0,id1,dist): 16 21 2.085470924336948
list:
dist: 2.085470924336948 vs. 2.085470924336948
--------
nle(id0,id1,dist): 13 127 2.5226681042457657
list:
dist: 2.5226681042457657 vs. 2.5226681042457657
--------
nle(id0,id1,dist): 1 2 1.407075486183285
list:
dist: 1.407075486183285 vs. 1.407075486183285
--------
nle(id0,id1,dist): 1 4 3.0374827566641938
list:
dist: 3.0374827566641938 vs. 3.0374827566641938
--------
nle(id0,id1,dist): 1 5 0.7034560908576631
list:
dist: 0.7034560908576631 vs. 0.7034560908576631
--------
nle(id0,id1,dist): 1 6 3.388047065392289
list:
dist: 3.388047065392289 vs. 3.388047065392289
--------
nle(id0,id1,dist): 1 7 1.2261910746239526
list:
dist: 1.2261910746239526 vs. 1.2261910746239526
--------
nle(id0,id1,dist): 1 8 1.9061433556967897
list:
dist: 1.9061433556967897 vs. 1.9061433556967897
--------
nle(id0,id1,dist): 1 10 2.9325673952754134
list:
dist: 2.9325673952754134 vs. 2.9325673952754134
--------
nle(id0,id1,dist): 1 11 4.072874126661378
list:
dist: 4.072874126661378 vs. 4.072874126661378
--------
nle(id0,id1,dist): 2 5 1.3253554737048365
list:
dist: 1.3253554737048365 vs. 1.3253554737048365
--------
nle(id0,id1,dist): 2 6 2.937799552345908
list:
dist: 2.937799552345908 vs. 2.937799552345908
--------
nle(id0,id1,dist): 2 3 3.3582962091601196
list:
dist: 3.3582962091601196 vs. 3.3582962091601196
--------
nle(id0,id1,dist): 2 4 2.9628106439558195
list:
dist: 2.9628106439558195 vs. 2.9628106439558195
--------
nle(id0,id1,dist): 1 15 2.4851575500849474
list:
dist: 2.4851575500849474 vs. 2.4851575500849474
--------
nle(id0,id1,dist): 1 14 1.5057597320652316
list:
dist: 1.5057597320652316 vs. 1.5057597320652316
--------
nle(id0,id1,dist): 1 12 1.6210905490350556
list:
dist: 1.6210905490350556 vs. 1.6210905490350556
--------
nle(id0,id1,dist): 1 19 2.660578996754574
list:
dist: 2.660578996754574 vs. 2.660578996754574
--------
nle(id0,id1,dist): 1 18 3.1719115538488207
list:
dist: 3.1719115538488207 vs. 3.1719115538488207
--------
nle(id0,id1,dist): 1 17 3.4442861390242516
list:
dist: 3.4442861390242516 vs. 3.4442861390242516
--------
nle(id0,id1,dist): 1 16 1.6671299969549547
list:
dist: 1.6671299969549547 vs. 1.6671299969549547
--------
nle(id0,id1,dist): 1 21 3.6550641855663497
list:
dist: 3.6550641855663497 vs. 3.6550641855663497
--------
nle(id0,id1,dist): 1 20 3.8020829443526614
list:
dist: 3.8020829443526614 vs. 3.8020829443526614
--------
nle(id0,id1,dist): 2 12 1.157841201980698
list:
dist: 1.157841201980698 vs. 1.157841201980698
--------
nle(id0,id1,dist): 2 11 4.049401589379002
list:
dist: 4.049401589379002 vs. 4.049401589379002
--------
nle(id0,id1,dist): 2 14 1.5348433181187087
list:
dist: 1.5348433181187087 vs. 1.5348433181187087
--------
nle(id0,id1,dist): 2 8 1.350471933792332
list:
dist: 1.350471933792332 vs. 1.350471933792332
--------
nle(id0,id1,dist): 2 7 1.5936041765213937
list:
dist: 1.5936041765213937 vs. 1.5936041765213937
--------
nle(id0,id1,dist): 2 10 3.470637108352932
list:
dist: 3.470637108352932 vs. 3.470637108352932
--------
nle(id0,id1,dist): 2 9 2.2192449940906385
list:
dist: 2.2192449940906385 vs. 2.2192449940906385
--------
nle(id0,id1,dist): 2 19 2.6464041942379084
list:
dist: 2.6464041942379084 vs. 2.6464041942379084
--------
nle(id0,id1,dist): 2 21 3.628764323239074
list:
dist: 3.628764323239074 vs. 3.628764323239074
--------
nle(id0,id1,dist): 2 16 2.227652633077851
list:
dist: 2.227652633077851 vs. 2.227652633077851
--------
nle(id0,id1,dist): 2 15 2.8196858111291947
list:
dist: 2.8196858111291947 vs. 2.8196858111291947
--------
nle(id0,id1,dist): 2 17 3.3928603648939553
list:
dist: 3.3928603648939553 vs. 3.3928603648939553
--------
nle(id0,id1,dist): 3 19 2.770055176437229
list:
dist: 2.770055176437229 vs. 2.770055176437229
--------
nle(id0,id1,dist): 3 29 2.960560286356354
list:
dist: 2.960560286356354 vs. 2.960560286356354
--------
nle(id0,id1,dist): 3 8 2.074630410129025
list:
dist: 2.074630410129025 vs. 2.074630410129025
--------
nle(id0,id1,dist): 3 7 2.7376261071963226
list:
dist: 2.7376261071963226 vs. 2.7376261071963226
--------
nle(id0,id1,dist): 3 6 1.7253865998119244
list:
dist: 1.7253865998119244 vs. 1.7253865998119244
--------
nle(id0,id1,dist): 3 4 1.5497324380932391
list:
dist: 1.5497324380932391 vs. 1.5497324380932391
--------
nle(id0,id1,dist): 3 17 2.604472551323671
list:
dist: 2.604472551323671 vs. 2.604472551323671
--------
nle(id0,id1,dist): 3 14 3.083077385632916
list:
dist: 3.083077385632916 vs. 3.083077385632916
--------
nle(id0,id1,dist): 3 13 2.7986177108090304
list:
dist: 2.7986177108090304 vs. 2.7986177108090304
--------
nle(id0,id1,dist): 3 12 2.4626993044400947
list:
dist: 2.4626993044400947 vs. 2.4626993044400947
--------
nle(id0,id1,dist): 3 11 2.111099041992723
list:
dist: 2.111099041992723 vs. 2.111099041992723
--------
nle(id0,id1,dist): 3 10 2.946429870106162
list:
dist: 2.946429870106162 vs. 2.946429870106162
--------
nle(id0,id1,dist): 37 48 1.60723454038442
list:
dist: 1.60723454038442 vs. 1.60723454038442
--------
nle(id0,id1,dist): 37 49 1.5054493193493281
list:
dist: 1.5054493193493281 vs. 1.5054493193493281
--------
nle(id0,id1,dist): 37 55 2.5683777627206825
list:
dist: 2.5683777627206825 vs. 2.5683777627206825
--------
nle(id0,id1,dist): 37 42 2.8234703160947032
list:
dist: 2.8234703160947032 vs. 2.8234703160947032
--------
nle(id0,id1,dist): 37 46 2.98437779901563
list:
dist: 2.98437779901563 vs. 2.98437779901563
--------
nle(id0,id1,dist): 37 39 2.029044416541499
list:
dist: 2.029044416541499 vs. 2.029044416541499
--------
nle(id0,id1,dist): 37 38 1.9079073183452562
list:
dist: 1.9079073183452562 vs. 1.9079073183452562
--------
nle(id0,id1,dist): 36 54 1.978955934151234
list:
dist: 1.978955934151234 vs. 1.978955934151234
--------
nle(id0,id1,dist): 36 47 2.1703040415259403
list:
dist: 2.1703040415259403 vs. 2.1703040415259403
--------
nle(id0,id1,dist): 36 48 3.4042763709413415
list:
dist: 3.4042763709413415 vs. 3.4042763709413415
--------
nle(id0,id1,dist): 36 46 1.7052088717209113
list:
dist: 1.7052088717209113 vs. 1.7052088717209113
--------
nle(id0,id1,dist): 36 52 2.241307889109844
list:
dist: 2.241307889109844 vs. 2.241307889109844
--------
nle(id0,id1,dist): 36 49 2.5294533360059193
list:
dist: 2.5294533360059193 vs. 2.5294533360059193
--------
nle(id0,id1,dist): 36 40 1.578339907998027
list:
dist: 1.578339907998027 vs. 1.578339907998027
--------
nle(id0,id1,dist): 36 38 2.023106510585702
list:
dist: 2.023106510585702 vs. 2.023106510585702
--------
nle(id0,id1,dist): 35 58 1.5522592053884134
list:
dist: 1.5522592053884134 vs. 1.5522592053884134
--------
nle(id0,id1,dist): 35 59 2.3698328292986792
list:
dist: 2.3698328292986792 vs. 2.3698328292986792
--------
nle(id0,id1,dist): 35 54 2.1647848222927975
list:
dist: 2.1647848222927975 vs. 2.1647848222927975
--------
nle(id0,id1,dist): 35 55 2.2274762101649714
list:
dist: 2.2274762101649714 vs. 2.2274762101649714
--------
nle(id0,id1,dist): 35 56 3.1889480788567424
list:
dist: 3.1889480788567424 vs. 3.1889480788567424
--------
nle(id0,id1,dist): 35 57 2.6098396687646392
list:
dist: 2.6098396687646392 vs. 2.6098396687646392
--------
nle(id0,id1,dist): 35 50 3.1571406937373685
list:
dist: 3.1571406937373685 vs. 3.1571406937373685
--------
nle(id0,id1,dist): 35 52 3.4134699627683145
list:
dist: 3.4134699627683145 vs. 3.4134699627683145
--------
nle(id0,id1,dist): 35 47 1.996809360553848
list:
dist: 1.996809360553848 vs. 1.996809360553848
--------
nle(id0,id1,dist): 35 46 2.584258908337479
list:
dist: 2.584258908337479 vs. 2.584258908337479
--------
nle(id0,id1,dist): 35 49 1.015278445570481
list:
dist: 1.015278445570481 vs. 1.015278445570481
--------
nle(id0,id1,dist): 35 48 1.1190201217260816
list:
dist: 1.1190201217260816 vs. 1.1190201217260816
--------
nle(id0,id1,dist): 35 42 3.02469459827618
list:
dist: 3.02469459827618 vs. 3.02469459827618
--------
nle(id0,id1,dist): 35 39 1.89793368976885
list:
dist: 1.89793368976885 vs. 1.89793368976885
--------
nle(id0,id1,dist): 35 38 0.7092268950867026
list:
dist: 0.7092268950867026 vs. 0.7092268950867026
--------
nle(id0,id1,dist): 35 40 2.7790078367795346
list:
dist: 2.7790078367795346 vs. 2.7790078367795346
--------
nle(id0,id1,dist): 35 37 2.0722467791780343
list:
dist: 2.0722467791780343 vs. 2.0722467791780343
--------
nle(id0,id1,dist): 35 36 2.3866004377320045
list:
dist: 2.3866004377320045 vs. 2.3866004377320045
--------
nle(id0,id1,dist): 34 55 2.540636379714837
list:
dist: 2.540636379714837 vs. 2.540636379714837
--------
nle(id0,id1,dist): 34 54 1.746120855541299
list:
dist: 1.746120855541299 vs. 1.746120855541299
--------
nle(id0,id1,dist): 34 52 1.523984642415297
list:
dist: 1.523984642415297 vs. 1.523984642415297
--------
nle(id0,id1,dist): 34 51 1.6364008416431908
list:
dist: 1.6364008416431908 vs. 1.6364008416431908
--------
nle(id0,id1,dist): 34 50 0.9254226687550123
list:
dist: 0.9254226687550123 vs. 0.9254226687550123
--------
nle(id0,id1,dist): 34 49 2.994094241549925
list:
dist: 2.994094241549925 vs. 2.994094241549925
--------
nle(id0,id1,dist): 34 47 1.7632066401220845
list:
dist: 1.7632066401220845 vs. 1.7632066401220845
--------
nle(id0,id1,dist): 34 46 2.3421905006085604
list:
dist: 2.3421905006085604 vs. 2.3421905006085604
--------
nle(id0,id1,dist): 34 44 1.7481922455401813
list:
dist: 1.7481922455401813 vs. 1.7481922455401813
--------
nle(id0,id1,dist): 34 43 1.1020882167032011
list:
dist: 1.1020882167032011 vs. 1.1020882167032011
--------
nle(id0,id1,dist): 34 42 1.8067065586738678
list:
dist: 1.8067065586738678 vs. 1.8067065586738678
--------
nle(id0,id1,dist): 34 40 1.7584515213497862
list:
dist: 1.7584515213497862 vs. 1.7584515213497862
--------
nle(id0,id1,dist): 34 39 2.1544984108854837
list:
dist: 2.1544984108854837 vs. 2.1544984108854837
--------
nle(id0,id1,dist): 34 35 3.5838135432142746
list:
dist: 3.5838135432142746 vs. 3.5838135432142746
--------
nle(id0,id1,dist): 34 38 3.1324807731245627
list:
dist: 3.1324807731245627 vs. 3.1324807731245627
--------
nle(id0,id1,dist): 33 44 4.00017392578184
list:
dist: 4.00017392578184 vs. 4.00017392578184
--------
nle(id0,id1,dist): 33 46 2.7801837783207555
list:
dist: 2.7801837783207555 vs. 2.7801837783207555
--------
nle(id0,id1,dist): 33 34 2.816473752633954
list:
dist: 2.816473752633954 vs. 2.816473752633954
--------
nle(id0,id1,dist): 33 39 3.403066667643476
list:
dist: 3.403066667643476 vs. 3.403066667643476
--------
nle(id0,id1,dist): 33 43 2.1926199019171317
list:
dist: 2.1926199019171317 vs. 2.1926199019171317
--------
nle(id0,id1,dist): 33 42 2.0994902300270324
list:
dist: 2.0994902300270324 vs. 2.0994902300270324
--------
nle(id0,id1,dist): 33 40 2.7308251883152113
list:
dist: 2.7308251883152113 vs. 2.7308251883152113
--------
nle(id0,id1,dist): 32 40 1.4431888094103182
list:
dist: 1.4431888094103182 vs. 1.4431888094103182
--------
nle(id0,id1,dist): 32 39 2.9824165449032907
list:
dist: 2.9824165449032907 vs. 2.9824165449032907
--------
nle(id0,id1,dist): 32 34 2.680527231357003
list:
dist: 2.680527231357003 vs. 2.680527231357003
--------
nle(id0,id1,dist): 32 33 2.0667493891205253
list:
dist: 2.0667493891205253 vs. 2.0667493891205253
--------
nle(id0,id1,dist): 32 36 2.531014572080968
list:
dist: 2.531014572080968 vs. 2.531014572080968
--------
nle(id0,id1,dist): 32 46 1.4175961458969564
list:
dist: 1.4175961458969564 vs. 1.4175961458969564
--------
nle(id0,id1,dist): 32 42 2.0415305172855214
list:
dist: 2.0415305172855214 vs. 2.0415305172855214
--------
nle(id0,id1,dist): 32 44 3.1743382577021424
list:
dist: 3.1743382577021424 vs. 3.1743382577021424
--------
nle(id0,id1,dist): 32 43 2.4551704356927138
list:
dist: 2.4551704356927138 vs. 2.4551704356927138
--------
nle(id0,id1,dist): 31 54 2.618800129251045
list:
dist: 2.618800129251045 vs. 2.618800129251045
--------
nle(id0,id1,dist): 31 55 3.1241716938346302
list:
dist: 3.1241716938346302 vs. 3.1241716938346302
--------
nle(id0,id1,dist): 31 42 0.881027492860105
list:
dist: 0.881027492860105 vs. 0.881027492860105
--------
nle(id0,id1,dist): 31 40 1.0293402458533532
list:
dist: 1.0293402458533532 vs. 1.0293402458533532
--------
nle(id0,id1,dist): 31 39 1.8564066142250846
list:
dist: 1.8564066142250846 vs. 1.8564066142250846
--------
nle(id0,id1,dist): 31 38 2.475527197387794
list:
dist: 2.475527197387794 vs. 2.475527197387794
--------
nle(id0,id1,dist): 29 127 2.566621372105655
list:
dist: 2.566621372105655 vs. 2.566621372105655
--------
nle(id0,id1,dist): 31 52 2.9490191265263426
list:
dist: 2.9490191265263426 vs. 2.9490191265263426
--------
nle(id0,id1,dist): 31 50 2.234895818630204
list:
dist: 2.234895818630204 vs. 2.234895818630204
--------
nle(id0,id1,dist): 31 49 2.434994305844217
list:
dist: 2.434994305844217 vs. 2.434994305844217
--------
nle(id0,id1,dist): 31 48 3.6142536222262427
list:
dist: 3.6142536222262427 vs. 3.6142536222262427
--------
nle(id0,id1,dist): 31 47 2.524748652411458
list:
dist: 2.524748652411458 vs. 2.524748652411458
--------
nle(id0,id1,dist): 31 46 0.8307258707554975
list:
dist: 0.8307258707554975 vs. 0.8307258707554975
--------
nle(id0,id1,dist): 31 36 2.4658109561392862
list:
dist: 2.4658109561392862 vs. 2.4658109561392862
--------
nle(id0,id1,dist): 31 37 3.156525505930001
list:
dist: 3.156525505930001 vs. 3.156525505930001
--------
nle(id0,id1,dist): 31 34 2.1397284860855
list:
dist: 2.1397284860855 vs. 2.1397284860855
--------
nle(id0,id1,dist): 31 35 3.1716622667033505
list:
dist: 3.1716622667033505 vs. 3.1716622667033505
--------
nle(id0,id1,dist): 31 32 1.2158862884031156
list:
dist: 1.2158862884031156 vs. 1.2158862884031156
--------
nle(id0,id1,dist): 31 33 1.9802383219789674
list:
dist: 1.9802383219789674 vs. 1.9802383219789674
--------
nle(id0,id1,dist): 44 47 2.4259797004864967
list:
dist: 2.4259797004864967 vs. 2.4259797004864967
--------
nle(id0,id1,dist): 44 51 1.2644790264322294
list:
dist: 1.2644790264322294 vs. 1.2644790264322294
--------
nle(id0,id1,dist): 44 52 0.796440192857001
list:
dist: 0.796440192857001 vs. 0.796440192857001
--------
nle(id0,id1,dist): 44 50 2.518897548120378
list:
dist: 2.518897548120378 vs. 2.518897548120378
--------
nle(id0,id1,dist): 43 50 1.857552110413795
list:
dist: 1.857552110413795 vs. 1.857552110413795
--------
nle(id0,id1,dist): 43 51 2.291069873468463
list:
dist: 2.291069873468463 vs. 2.291069873468463
--------
nle(id0,id1,dist): 43 52 2.225047122104347
list:
dist: 2.225047122104347 vs. 2.225047122104347
--------
nle(id0,id1,dist): 43 54 2.7794587314177237
list:
dist: 2.7794587314177237 vs. 2.7794587314177237
--------
nle(id0,id1,dist): 43 44 2.040682154032436
list:
dist: 2.040682154032436 vs. 2.040682154032436
--------
nle(id0,id1,dist): 43 47 2.825022537953925
list:
dist: 2.825022537953925 vs. 2.825022537953925
--------
nle(id0,id1,dist): 42 46 1.4027998250539926
list:
dist: 1.4027998250539926 vs. 1.4027998250539926
--------
nle(id0,id1,dist): 42 55 2.4378364166915074
list:
dist: 2.4378364166915074 vs. 2.4378364166915074
--------
nle(id0,id1,dist): 42 54 2.3738023011900844
list:
dist: 2.3738023011900844 vs. 2.3738023011900844
--------
nle(id0,id1,dist): 42 52 2.8968727345385568
list:
dist: 2.8968727345385568 vs. 2.8968727345385568
--------
nle(id0,id1,dist): 42 49 2.1338455222470984
list:
dist: 2.1338455222470984 vs. 2.1338455222470984
--------
nle(id0,id1,dist): 42 50 1.5846175220005476
list:
dist: 1.5846175220005476 vs. 1.5846175220005476
--------
nle(id0,id1,dist): 42 47 2.1786670472967637
list:
dist: 2.1786670472967637 vs. 2.1786670472967637
--------
nle(id0,id1,dist): 42 48 3.219822235294207
list:
dist: 3.219822235294207 vs. 3.219822235294207
--------
nle(id0,id1,dist): 41 45 3.877466399364453
list:
dist: 3.877466399364453 vs. 3.877466399364453
--------
nle(id0,id1,dist): 40 43 2.1637935966050432
list:
dist: 2.1637935966050432 vs. 2.1637935966050432
--------
nle(id0,id1,dist): 40 44 2.3641958991395287
list:
dist: 2.3641958991395287 vs. 2.3641958991395287
--------
nle(id0,id1,dist): 40 42 1.4342174039650961
list:
dist: 1.4342174039650961 vs. 1.4342174039650961
--------
nle(id0,id1,dist): 40 47 1.8875114146503502
list:
dist: 1.8875114146503502 vs. 1.8875114146503502
--------
nle(id0,id1,dist): 40 46 0.7011173171864246
list:
dist: 0.7011173171864246 vs. 0.7011173171864246
--------
nle(id0,id1,dist): 40 51 2.8973426855080224
list:
dist: 2.8973426855080224 vs. 2.8973426855080224
--------
nle(id0,id1,dist): 40 52 2.0615412856886097
list:
dist: 2.0615412856886097 vs. 2.0615412856886097
--------
nle(id0,id1,dist): 40 49 2.293899871503153
list:
dist: 2.293899871503153 vs. 2.293899871503153
--------
nle(id0,id1,dist): 40 50 2.0454988282856177
list:
dist: 2.0454988282856177 vs. 2.0454988282856177
--------
nle(id0,id1,dist): 40 55 2.9333086795965264
list:
dist: 2.9333086795965264 vs. 2.9333086795965264
--------
nle(id0,id1,dist): 40 54 1.8536666892742315
list:
dist: 1.8536666892742315 vs. 1.8536666892742315
--------
nle(id0,id1,dist): 39 46 1.7669645707711485
list:
dist: 1.7669645707711485 vs. 1.7669645707711485
--------
nle(id0,id1,dist): 39 47 1.3887721946943357
list:
dist: 1.3887721946943357 vs. 1.3887721946943357
--------
nle(id0,id1,dist): 39 48 1.9586011124058338
list:
dist: 1.9586011124058338 vs. 1.9586011124058338
--------
nle(id0,id1,dist): 39 49 0.9847451995669336
list:
dist: 0.9847451995669336 vs. 0.9847451995669336
--------
nle(id0,id1,dist): 39 50 1.5579505690147715
list:
dist: 1.5579505690147715 vs. 1.5579505690147715
--------
nle(id0,id1,dist): 39 52 2.790574579497927
list:
dist: 2.790574579497927 vs. 2.790574579497927
--------
nle(id0,id1,dist): 39 54 1.717090556968047
list:
dist: 1.717090556968047 vs. 1.717090556968047
--------
nle(id0,id1,dist): 39 55 1.3558285032352702
list:
dist: 1.3558285032352702 vs. 1.3558285032352702
--------
nle(id0,id1,dist): 38 57 2.8218479082528845
list:
dist: 2.8218479082528845 vs. 2.8218479082528845
--------
nle(id0,id1,dist): 38 58 2.0607958095585666
list:
dist: 2.0607958095585666 vs. 2.0607958095585666
--------
nle(id0,id1,dist): 38 55 2.1708413514136375
list:
dist: 2.1708413514136375 vs. 2.1708413514136375
--------
nle(id0,id1,dist): 38 56 3.318183461477144
list:
dist: 3.318183461477144 vs. 3.318183461477144
--------
nle(id0,id1,dist): 38 54 1.9615700567184617
list:
dist: 1.9615700567184617 vs. 1.9615700567184617
--------
nle(id0,id1,dist): 38 52 3.1351896656987726
list:
dist: 3.1351896656987726 vs. 3.1351896656987726
--------
nle(id0,id1,dist): 38 59 2.689052261337849
list:
dist: 2.689052261337849 vs. 2.689052261337849
--------
nle(id0,id1,dist): 39 42 1.3065643315645246
list:
dist: 1.3065643315645246 vs. 1.3065643315645246
--------
nle(id0,id1,dist): 39 40 1.831222309303801
list:
dist: 1.831222309303801 vs. 1.831222309303801
--------
nle(id0,id1,dist): 38 40 2.155389579435205
list:
dist: 2.155389579435205 vs. 2.155389579435205
--------
nle(id0,id1,dist): 38 39 1.420316371263657
list:
dist: 1.420316371263657 vs. 1.420316371263657
--------
nle(id0,id1,dist): 38 42 2.391328448745378
list:
dist: 2.391328448745378 vs. 2.391328448745378
--------
nle(id0,id1,dist): 38 48 1.484529374416183
list:
dist: 1.484529374416183 vs. 1.484529374416183
--------
nle(id0,id1,dist): 38 47 1.7818494579834347
list:
dist: 1.7818494579834347 vs. 1.7818494579834347
--------
nle(id0,id1,dist): 38 50 2.7644704289391484
list:
dist: 2.7644704289391484 vs. 2.7644704289391484
--------
nle(id0,id1,dist): 38 49 0.6522840818563357
list:
dist: 0.6522840818563357 vs. 0.6522840818563357
--------
nle(id0,id1,dist): 38 46 1.8966400349208756
list:
dist: 1.8966400349208756 vs. 1.8966400349208756
--------
nle(id0,id1,dist): 21 26 2.0454465932033026
list:
dist: 2.0454465932033026 vs. 2.0454465932033026
--------
nle(id0,id1,dist): 21 27 1.8470076455602302
list:
dist: 1.8470076455602302 vs. 1.8470076455602302
--------
nle(id0,id1,dist): 21 25 1.4599412577294737
list:
dist: 1.4599412577294737 vs. 1.4599412577294737
--------
nle(id0,id1,dist): 21 29 1.9711921968330939
list:
dist: 1.9711921968330939 vs. 1.9711921968330939
--------
nle(id0,id1,dist): 21 22 1.3639082882905458
list:
dist: 1.3639082882905458 vs. 1.3639082882905458
--------
nle(id0,id1,dist): 22 27 1.1516221855581628
list:
dist: 1.1516221855581628 vs. 1.1516221855581628
--------
nle(id0,id1,dist): 22 29 2.0879138028832966
list:
dist: 2.0879138028832966 vs. 2.0879138028832966
--------
nle(id0,id1,dist): 22 24 1.7355009454839587
list:
dist: 1.7355009454839587 vs. 1.7355009454839587
--------
nle(id0,id1,dist): 22 25 0.9442722479379743
list:
dist: 0.9442722479379743 vs. 0.9442722479379743
--------
nle(id0,id1,dist): 22 26 0.9489731213326998
list:
dist: 0.9489731213326998 vs. 0.9489731213326998
--------
nle(id0,id1,dist): 19 25 2.5165916032799607
list:
dist: 2.5165916032799607 vs. 2.5165916032799607
--------
nle(id0,id1,dist): 19 22 2.484387831061786
list:
dist: 2.484387831061786 vs. 2.484387831061786
--------
nle(id0,id1,dist): 19 21 1.5381446973089357
list:
dist: 1.5381446973089357 vs. 1.5381446973089357
--------
nle(id0,id1,dist): 19 29 1.531033986179946
list:
dist: 1.531033986179946 vs. 1.531033986179946
--------
nle(id0,id1,dist): 19 26 2.9656505461792464
list:
dist: 2.9656505461792464 vs. 2.9656505461792464
--------
nle(id0,id1,dist): 19 27 2.768466252133687
list:
dist: 2.768466252133687 vs. 2.768466252133687
--------
nle(id0,id1,dist): 20 25 1.2833903699475107
list:
dist: 1.2833903699475107 vs. 1.2833903699475107
--------
nle(id0,id1,dist): 20 26 1.987260997459419
list:
dist: 1.987260997459419 vs. 1.987260997459419
--------
nle(id0,id1,dist): 20 27 3.187957956280582
list:
dist: 3.187957956280582 vs. 3.187957956280582
--------
nle(id0,id1,dist): 20 21 1.918165319600565
list:
dist: 1.918165319600565 vs. 1.918165319600565
--------
nle(id0,id1,dist): 20 22 2.1299629002604314
list:
dist: 2.1299629002604314 vs. 2.1299629002604314
--------
nle(id0,id1,dist): 20 23 3.3275963509955364
list:
dist: 3.3275963509955364 vs. 3.3275963509955364
--------
nle(id0,id1,dist): 18 21 3.802086243434887
list:
dist: 3.802086243434887 vs. 3.802086243434887
--------
nle(id0,id1,dist): 18 20 2.5699086796917405
list:
dist: 2.5699086796917405 vs. 2.5699086796917405
--------
nle(id0,id1,dist): 17 29 0.7180317893791159
list:
dist: 0.7180317893791159 vs. 0.7180317893791159
--------
nle(id0,id1,dist): 18 23 1.5640334993925555
list:
dist: 1.5640334993925555 vs. 1.5640334993925555
--------
nle(id0,id1,dist): 27 127 1.0726654575229035
list:
dist: 1.0726654575229035 vs. 1.0726654575229035
--------
nle(id0,id1,dist): 30 42 2.1177188352097147
list:
dist: 2.1177188352097147 vs. 2.1177188352097147
--------
nle(id0,id1,dist): 30 40 2.6387616839945705
list:
dist: 2.6387616839945705 vs. 2.6387616839945705
--------
nle(id0,id1,dist): 30 39 3.3820648476190733
list:
dist: 3.3820648476190733 vs. 3.3820648476190733
--------
nle(id0,id1,dist): 30 34 3.2133269318139615
list:
dist: 3.2133269318139615 vs. 3.2133269318139615
--------
nle(id0,id1,dist): 30 33 0.8332669988474413
list:
dist: 0.8332669988474413 vs. 0.8332669988474413
--------
nle(id0,id1,dist): 30 32 1.733224476104037
list:
dist: 1.733224476104037 vs. 1.733224476104037
--------
nle(id0,id1,dist): 30 31 1.755860096340715
list:
dist: 1.755860096340715 vs. 1.755860096340715
--------
nle(id0,id1,dist): 30 46 2.4960421413912948
list:
dist: 2.4960421413912948 vs. 2.4960421413912948
--------
nle(id0,id1,dist): 30 43 2.7488620054764668
list:
dist: 2.7488620054764668 vs. 2.7488620054764668
--------
nle(id0,id1,dist): 30 44 4.3068737573744365
list:
dist: 4.3068737573744365 vs. 4.3068737573744365
--------
nle(id0,id1,dist): 25 127 3.129826355429606
list:
dist: 3.129826355429606 vs. 3.129826355429606
--------
nle(id0,id1,dist): 26 127 2.962288681369965
list:
dist: 2.962288681369965 vs. 2.962288681369965
--------
nle(id0,id1,dist): 26 27 1.9745384866155258
list:
dist: 1.9745384866155258 vs. 1.9745384866155258
--------
nle(id0,id1,dist): 26 29 2.6325365256696878
list:
dist: 2.6325365256696878 vs. 2.6325365256696878
--------
nle(id0,id1,dist): 24 127 1.8006898139431722
list:
dist: 1.8006898139431722 vs. 1.8006898139431722
--------
nle(id0,id1,dist): 27 29 1.906851291308649
list:
dist: 1.906851291308649 vs. 1.906851291308649
--------
nle(id0,id1,dist): 24 25 2.484486207242209
list:
dist: 2.484486207242209 vs. 2.484486207242209
--------
nle(id0,id1,dist): 24 26 1.8925998234495311
list:
dist: 1.8925998234495311 vs. 1.8925998234495311
--------
nle(id0,id1,dist): 24 27 1.4533461463665225
list:
dist: 1.4533461463665225 vs. 1.4533461463665225
--------
nle(id0,id1,dist): 24 29 2.736536393940985
list:
dist: 2.736536393940985 vs. 2.736536393940985
--------
nle(id0,id1,dist): 22 127 2.196059242686199
list:
dist: 2.196059242686199 vs. 2.196059242686199
--------
nle(id0,id1,dist): 25 26 0.7991464444389744
list:
dist: 0.7991464444389744 vs. 0.7991464444389744
--------
nle(id0,id1,dist): 25 27 2.0880405167486358
list:
dist: 2.0880405167486358 vs. 2.0880405167486358
--------
nle(id0,id1,dist): 25 29 2.5880438001640655
list:
dist: 2.5880438001640655 vs. 2.5880438001640655
--------
nle(id0,id1,dist): 62 79 3.3443181216945095
list:
dist: 3.3443181216945095 vs. 3.3443181216945095
--------
nle(id0,id1,dist): 62 80 2.9440297526733836
list:
dist: 2.9440297526733836 vs. 2.9440297526733836
--------
nle(id0,id1,dist): 62 81 1.6986564613643607
list:
dist: 1.6986564613643607 vs. 1.6986564613643607
--------
nle(id0,id1,dist): 62 76 1.493875730618531
list:
dist: 1.493875730618531 vs. 1.493875730618531
--------
nle(id0,id1,dist): 62 77 3.7774609104280494
list:
dist: 3.7774609104280494 vs. 3.7774609104280494
--------
nle(id0,id1,dist): 62 84 3.6277862405046593
list:
dist: 3.6277862405046593 vs. 3.6277862405046593
--------
nle(id0,id1,dist): 62 85 2.5364709080780328
list:
dist: 2.5364709080780328 vs. 2.5364709080780328
--------
nle(id0,id1,dist): 62 86 2.993698989824792
list:
dist: 2.993698989824792 vs. 2.993698989824792
--------
nle(id0,id1,dist): 62 64 0.8901405789052034
list:
dist: 0.8901405789052034 vs. 0.8901405789052034
--------
nle(id0,id1,dist): 62 63 1.8017278121185631
list:
dist: 1.8017278121185631 vs. 1.8017278121185631
--------
nle(id0,id1,dist): 62 65 2.5125324009512426
list:
dist: 2.5125324009512426 vs. 2.5125324009512426
--------
nle(id0,id1,dist): 62 72 1.793962042196552
list:
dist: 1.793962042196552 vs. 1.793962042196552
--------
nle(id0,id1,dist): 62 73 3.351821336170251
list:
dist: 3.351821336170251 vs. 3.351821336170251
--------
nle(id0,id1,dist): 62 68 1.1618751168308388
list:
dist: 1.1618751168308388 vs. 1.1618751168308388
--------
nle(id0,id1,dist): 62 67 3.4482931263746757
list:
dist: 3.4482931263746757 vs. 3.4482931263746757
--------
nle(id0,id1,dist): 62 70 1.4573777042078568
list:
dist: 1.4573777042078568 vs. 1.4573777042078568
--------
nle(id0,id1,dist): 62 69 4.040883539249137
list:
dist: 4.040883539249137 vs. 4.040883539249137
--------
nle(id0,id1,dist): 61 86 2.5709681035610616
list:
dist: 2.5709681035610616 vs. 2.5709681035610616
--------
nle(id0,id1,dist): 61 84 3.770548862575092
list:
dist: 3.770548862575092 vs. 3.770548862575092
--------
nle(id0,id1,dist): 61 85 1.7247320832237567
list:
dist: 1.7247320832237567 vs. 1.7247320832237567
--------
nle(id0,id1,dist): 61 80 2.104380432667434
list:
dist: 2.104380432667434 vs. 2.104380432667434
--------
nle(id0,id1,dist): 61 81 2.7462553578959805
list:
dist: 2.7462553578959805 vs. 2.7462553578959805
--------
nle(id0,id1,dist): 61 70 2.0599667291305193
list:
dist: 2.0599667291305193 vs. 2.0599667291305193
--------
nle(id0,id1,dist): 61 69 3.9728090539465883
list:
dist: 3.9728090539465883 vs. 3.9728090539465883
--------
nle(id0,id1,dist): 61 68 2.8889293946226755
list:
dist: 2.8889293946226755 vs. 2.8889293946226755
--------
nle(id0,id1,dist): 61 67 3.072671348569741
list:
dist: 3.072671348569741 vs. 3.072671348569741
--------
nle(id0,id1,dist): 61 65 1.2510334733703992
list:
dist: 1.2510334733703992 vs. 1.2510334733703992
--------
nle(id0,id1,dist): 61 64 2.994656096816017
list:
dist: 2.994656096816017 vs. 2.994656096816017
--------
nle(id0,id1,dist): 61 79 3.4101557553835398
list:
dist: 3.4101557553835398 vs. 3.4101557553835398
--------
nle(id0,id1,dist): 61 77 2.0737891502860326
list:
dist: 2.0737891502860326 vs. 2.0737891502860326
--------
nle(id0,id1,dist): 61 76 1.0042083693515131
list:
dist: 1.0042083693515131 vs. 1.0042083693515131
--------
nle(id0,id1,dist): 61 73 1.5354378320644897
list:
dist: 1.5354378320644897 vs. 1.5354378320644897
--------
nle(id0,id1,dist): 61 72 2.3999414693037764
list:
dist: 2.3999414693037764 vs. 2.3999414693037764
--------
nle(id0,id1,dist): 64 66 2.3373920717542807
list:
dist: 2.3373920717542807 vs. 2.3373920717542807
--------
nle(id0,id1,dist): 64 68 0.9689569128349128
list:
dist: 0.9689569128349128 vs. 0.9689569128349128
--------
nle(id0,id1,dist): 64 70 1.9158553295087573
list:
dist: 1.9158553295087573 vs. 1.9158553295087573
--------
nle(id0,id1,dist): 64 71 2.6982681114639586
list:
dist: 2.6982681114639586 vs. 2.6982681114639586
--------
nle(id0,id1,dist): 64 72 1.9011412181686045
list:
dist: 1.9011412181686045 vs. 1.9011412181686045
--------
nle(id0,id1,dist): 64 76 2.296378712268319
list:
dist: 2.296378712268319 vs. 2.296378712268319
--------
nle(id0,id1,dist): 63 86 1.530200172604289
list:
dist: 1.530200172604289 vs. 1.530200172604289
--------
nle(id0,id1,dist): 63 72 0.7393581412857188
list:
dist: 0.7393581412857188 vs. 0.7393581412857188
--------
nle(id0,id1,dist): 63 73 2.456480931463781
list:
dist: 2.456480931463781 vs. 2.456480931463781
--------
nle(id0,id1,dist): 63 70 2.909261054430185
list:
dist: 2.909261054430185 vs. 2.909261054430185
--------
nle(id0,id1,dist): 63 71 1.4741014345774512
list:
dist: 1.4741014345774512 vs. 1.4741014345774512
--------
nle(id0,id1,dist): 63 76 1.8849466308183904
list:
dist: 1.8849466308183904 vs. 1.8849466308183904
--------
nle(id0,id1,dist): 63 77 2.6001002822739605
list:
dist: 2.6001002822739605 vs. 2.6001002822739605
--------
nle(id0,id1,dist): 63 80 1.4168224450043538
list:
dist: 1.4168224450043538 vs. 1.4168224450043538
--------
nle(id0,id1,dist): 63 81 1.5891294615250044
list:
dist: 1.5891294615250044 vs. 1.5891294615250044
--------
nle(id0,id1,dist): 63 79 1.581598709498438
list:
dist: 1.581598709498438 vs. 1.581598709498438
--------
nle(id0,id1,dist): 63 84 2.0357857423914543
list:
dist: 2.0357857423914543 vs. 2.0357857423914543
--------
nle(id0,id1,dist): 63 85 1.2624647190061697
list:
dist: 1.2624647190061697 vs. 1.2624647190061697
--------
nle(id0,id1,dist): 63 65 2.0493124987310303
list:
dist: 2.0493124987310303 vs. 2.0493124987310303
--------
nle(id0,id1,dist): 63 64 2.1744232685291633
list:
dist: 2.1744232685291633 vs. 2.1744232685291633
--------
nle(id0,id1,dist): 63 69 2.407789538072607
list:
dist: 2.407789538072607 vs. 2.407789538072607
--------
nle(id0,id1,dist): 63 68 1.3675853244139142
list:
dist: 1.3675853244139142 vs. 1.3675853244139142
--------
nle(id0,id1,dist): 63 67 1.6739365083850928
list:
dist: 1.6739365083850928 vs. 1.6739365083850928
--------
nle(id0,id1,dist): 63 66 2.2982765472859534
list:
dist: 2.2982765472859534 vs. 2.2982765472859534
--------
nle(id0,id1,dist): 58 59 1.5637059926580723
list:
dist: 1.5637059926580723 vs. 1.5637059926580723
--------
nle(id0,id1,dist): 61 63 2.292530491302562
list:
dist: 2.292530491302562 vs. 2.292530491302562
--------
nle(id0,id1,dist): 61 62 2.3352182674422104
list:
dist: 2.3352182674422104 vs. 2.3352182674422104
--------
nle(id0,id1,dist): 60 86 2.7742328900526076
list:
dist: 2.7742328900526076 vs. 2.7742328900526076
--------
nle(id0,id1,dist): 60 85 2.5319027053376235
list:
dist: 2.5319027053376235 vs. 2.5319027053376235
--------
nle(id0,id1,dist): 60 77 3.8979801111135064
list:
dist: 3.8979801111135064 vs. 3.8979801111135064
--------
nle(id0,id1,dist): 60 79 2.9140300390495217
list:
dist: 2.9140300390495217 vs. 2.9140300390495217
--------
nle(id0,id1,dist): 60 80 2.875653709281185
list:
dist: 2.875653709281185 vs. 2.875653709281185
--------
nle(id0,id1,dist): 60 81 1.6728749359160313
list:
dist: 1.6728749359160313 vs. 1.6728749359160313
--------
nle(id0,id1,dist): 60 84 3.142109571022899
list:
dist: 3.142109571022899 vs. 3.142109571022899
--------
nle(id0,id1,dist): 60 69 3.5900515639676334
list:
dist: 3.5900515639676334 vs. 3.5900515639676334
--------
nle(id0,id1,dist): 60 70 2.246126320269304
list:
dist: 2.246126320269304 vs. 2.246126320269304
--------
nle(id0,id1,dist): 60 71 2.106123331900361
list:
dist: 2.106123331900361 vs. 2.106123331900361
--------
nle(id0,id1,dist): 60 72 1.6253803432583682
list:
dist: 1.6253803432583682 vs. 1.6253803432583682
--------
nle(id0,id1,dist): 60 73 3.5583129100287123
list:
dist: 3.5583129100287123 vs. 3.5583129100287123
--------
nle(id0,id1,dist): 60 76 1.9950534781861284
list:
dist: 1.9950534781861284 vs. 1.9950534781861284
--------
nle(id0,id1,dist): 60 64 1.0483948773274134
list:
dist: 1.0483948773274134 vs. 1.0483948773274134
--------
nle(id0,id1,dist): 60 63 1.5341693356345252
list:
dist: 1.5341693356345252 vs. 1.5341693356345252
--------
nle(id0,id1,dist): 60 62 0.7929189850197332
list:
dist: 0.7929189850197332 vs. 0.7929189850197332
--------
nle(id0,id1,dist): 60 61 2.835037779636534
list:
dist: 2.835037779636534 vs. 2.835037779636534
--------
nle(id0,id1,dist): 60 68 0.7853776270412972
list:
dist: 0.7853776270412972 vs. 0.7853776270412972
--------
nle(id0,id1,dist): 60 67 3.1543454296261126
list:
dist: 3.1543454296261126 vs. 3.1543454296261126
--------
nle(id0,id1,dist): 60 66 1.9797975608804383
list:
dist: 1.9797975608804383 vs. 1.9797975608804383
--------
nle(id0,id1,dist): 60 65 2.7488493740167756
list:
dist: 2.7488493740167756 vs. 2.7488493740167756
--------
nle(id0,id1,dist): 69 71 2.365562921838167
list:
dist: 2.365562921838167 vs. 2.365562921838167
--------
nle(id0,id1,dist): 69 70 5.111733893257732
list:
dist: 5.111733893257732 vs. 5.111733893257732
--------
nle(id0,id1,dist): 69 78 2.457584126967562
list:
dist: 2.457584126967562 vs. 2.457584126967562
--------
nle(id0,id1,dist): 69 79 1.0460243437100418
list:
dist: 1.0460243437100418 vs. 1.0460243437100418
--------
nle(id0,id1,dist): 69 76 3.7679619957796455
list:
dist: 3.7679619957796455 vs. 3.7679619957796455
--------
nle(id0,id1,dist): 69 77 2.8555069059851177
list:
dist: 2.8555069059851177 vs. 2.8555069059851177
--------
nle(id0,id1,dist): 69 75 1.9896198034392703
list:
dist: 1.9896198034392703 vs. 1.9896198034392703
--------
nle(id0,id1,dist): 69 72 2.964203408735605
list:
dist: 2.964203408735605 vs. 2.964203408735605
--------
nle(id0,id1,dist): 69 73 3.075161245199981
list:
dist: 3.075161245199981 vs. 3.075161245199981
--------
nle(id0,id1,dist): 69 86 1.4340736514398778
list:
dist: 1.4340736514398778 vs. 1.4340736514398778
--------
nle(id0,id1,dist): 69 87 2.3985730882042002
list:
dist: 2.3985730882042002 vs. 2.3985730882042002
--------
nle(id0,id1,dist): 69 84 0.4744888484532445
list:
dist: 0.4744888484532445 vs. 0.4744888484532445
--------
nle(id0,id1,dist): 69 85 2.2525158688085427
list:
dist: 2.2525158688085427 vs. 2.2525158688085427
--------
nle(id0,id1,dist): 69 82 1.1946092739689227
list:
dist: 1.1946092739689227 vs. 1.1946092739689227
--------
nle(id0,id1,dist): 69 83 2.6459999534458682
list:
dist: 2.6459999534458682 vs. 2.6459999534458682
--------
nle(id0,id1,dist): 69 80 2.0513865445732278
list:
dist: 2.0513865445732278 vs. 2.0513865445732278
--------
nle(id0,id1,dist): 69 81 3.8504026445207375
list:
dist: 3.8504026445207375 vs. 3.8504026445207375
--------
nle(id0,id1,dist): 68 73 3.59923762515132
list:
dist: 3.59923762515132 vs. 3.59923762515132
--------
nle(id0,id1,dist): 68 76 2.2571934636793745
list:
dist: 2.2571934636793745 vs. 2.2571934636793745
--------
nle(id0,id1,dist): 68 70 2.4988147937951664
list:
dist: 2.4988147937951664 vs. 2.4988147937951664
--------
nle(id0,id1,dist): 68 69 3.5808528193577733
list:
dist: 3.5808528193577733 vs. 3.5808528193577733
--------
nle(id0,id1,dist): 68 72 1.1130677938531923
list:
dist: 1.1130677938531923 vs. 1.1130677938531923
--------
nle(id0,id1,dist): 68 71 1.7442028081791896
list:
dist: 1.7442028081791896 vs. 1.7442028081791896
--------
nle(id0,id1,dist): 68 81 0.9555919404392372
list:
dist: 0.9555919404392372 vs. 0.9555919404392372
--------
nle(id0,id1,dist): 68 84 3.147138598823524
list:
dist: 3.147138598823524 vs. 3.147138598823524
--------
nle(id0,id1,dist): 68 77 3.838233007840517
list:
dist: 3.838233007840517 vs. 3.838233007840517
--------
nle(id0,id1,dist): 68 79 2.7342562489865228
list:
dist: 2.7342562489865228 vs. 2.7342562489865228
--------
nle(id0,id1,dist): 68 80 2.7367035055724616
list:
dist: 2.7367035055724616 vs. 2.7367035055724616
--------
nle(id0,id1,dist): 68 85 2.5324564616130565
list:
dist: 2.5324564616130565 vs. 2.5324564616130565
--------
nle(id0,id1,dist): 68 86 2.852668360600194
list:
dist: 2.852668360600194 vs. 2.852668360600194
--------
nle(id0,id1,dist): 70 86 3.8346478980785594
list:
dist: 3.8346478980785594 vs. 3.8346478980785594
--------
nle(id0,id1,dist): 70 85 3.166041390707586
list:
dist: 3.166041390707586 vs. 3.166041390707586
--------
nle(id0,id1,dist): 70 84 4.758313135756678
list:
dist: 4.758313135756678 vs. 4.758313135756678
--------
nle(id0,id1,dist): 71 72 1.5345816229809646
list:
dist: 1.5345816229809646 vs. 1.5345816229809646
--------
nle(id0,id1,dist): 69 88 1.7298223057024864
list:
dist: 1.7298223057024864 vs. 1.7298223057024864
--------
nle(id0,id1,dist): 70 72 2.839521139547484
list:
dist: 2.839521139547484 vs. 2.839521139547484
--------
nle(id0,id1,dist): 70 73 3.4903596771295473
list:
dist: 3.4903596771295473 vs. 3.4903596771295473
--------
nle(id0,id1,dist): 70 76 1.519179425549211
list:
dist: 1.519179425549211 vs. 1.519179425549211
--------
nle(id0,id1,dist): 70 77 4.039666120850603
list:
dist: 4.039666120850603 vs. 4.039666120850603
--------
nle(id0,id1,dist): 70 79 4.452754817725106
list:
dist: 4.452754817725106 vs. 4.452754817725106
--------
nle(id0,id1,dist): 70 80 3.62350849044777
list:
dist: 3.62350849044777 vs. 3.62350849044777
--------
nle(id0,id1,dist): 70 81 2.6307268555488097
list:
dist: 2.6307268555488097 vs. 2.6307268555488097
--------
nle(id0,id1,dist): 65 86 1.6811825645994554
list:
dist: 1.6811825645994554 vs. 1.6811825645994554
--------
nle(id0,id1,dist): 65 84 2.9348798521701545
list:
dist: 2.9348798521701545 vs. 2.9348798521701545
--------
nle(id0,id1,dist): 65 85 1.153164454508823
list:
dist: 1.153164454508823 vs. 1.153164454508823
--------
nle(id0,id1,dist): 65 82 2.2808001031850744
list:
dist: 2.2808001031850744 vs. 2.2808001031850744
--------
nle(id0,id1,dist): 65 83 3.1556266665674855
list:
dist: 3.1556266665674855 vs. 3.1556266665674855
--------
nle(id0,id1,dist): 65 80 1.6937108345274523
list:
dist: 1.6937108345274523 vs. 1.6937108345274523
--------
nle(id0,id1,dist): 65 81 3.158578576666091
list:
dist: 3.158578576666091 vs. 3.158578576666091
--------
nle(id0,id1,dist): 65 78 4.41832654267541
list:
dist: 4.41832654267541 vs. 4.41832654267541
--------
nle(id0,id1,dist): 65 79 2.8210299125580116
list:
dist: 2.8210299125580116 vs. 2.8210299125580116
--------
nle(id0,id1,dist): 65 76 1.2092215623160028
list:
dist: 1.2092215623160028 vs. 1.2092215623160028
--------
nle(id0,id1,dist): 65 77 1.7258453721002376
list:
dist: 1.7258453721002376 vs. 1.7258453721002376
--------
nle(id0,id1,dist): 66 69 3.5217898533440297
list:
dist: 3.5217898533440297 vs. 3.5217898533440297
--------
nle(id0,id1,dist): 66 68 1.663874699591929
list:
dist: 1.663874699591929 vs. 1.663874699591929
--------
nle(id0,id1,dist): 66 67 3.3071588944174772
list:
dist: 3.3071588944174772 vs. 3.3071588944174772
--------
nle(id0,id1,dist): 64 81 1.4013180262762877
list:
dist: 1.4013180262762877 vs. 1.4013180262762877
--------
nle(id0,id1,dist): 65 73 1.121949248372442
list:
dist: 1.121949248372442 vs. 1.121949248372442
--------
nle(id0,id1,dist): 65 72 2.520633776958369
list:
dist: 2.520633776958369 vs. 2.520633776958369
--------
nle(id0,id1,dist): 65 75 3.3344107444844795
list:
dist: 3.3344107444844795 vs. 3.3344107444844795
--------
nle(id0,id1,dist): 65 69 3.104811163079775
list:
dist: 3.104811163079775 vs. 3.104811163079775
--------
nle(id0,id1,dist): 65 68 2.9943067158746843
list:
dist: 2.9943067158746843 vs. 2.9943067158746843
--------
nle(id0,id1,dist): 65 70 2.6995771158491655
list:
dist: 2.6995771158491655 vs. 2.6995771158491655
--------
nle(id0,id1,dist): 65 67 2.5206470154925187
list:
dist: 2.5206470154925187 vs. 2.5206470154925187
--------
nle(id0,id1,dist): 67 76 3.0640408848359844
list:
dist: 3.0640408848359844 vs. 3.0640408848359844
--------
nle(id0,id1,dist): 67 77 2.0140771659090837
list:
dist: 2.0140771659090837 vs. 2.0140771659090837
--------
nle(id0,id1,dist): 67 75 1.7291790344655467
list:
dist: 1.7291790344655467 vs. 1.7291790344655467
--------
nle(id0,id1,dist): 67 80 0.9937241564444665
list:
dist: 0.9937241564444665 vs. 0.9937241564444665
--------
nle(id0,id1,dist): 67 81 2.968520945445784
list:
dist: 2.968520945445784 vs. 2.968520945445784
--------
nle(id0,id1,dist): 67 78 2.7257718594149924
list:
dist: 2.7257718594149924 vs. 2.7257718594149924
--------
nle(id0,id1,dist): 67 79 0.645270019325736
list:
dist: 0.645270019325736 vs. 0.645270019325736
--------
nle(id0,id1,dist): 67 68 2.965687064441505
list:
dist: 2.965687064441505 vs. 2.965687064441505
--------
nle(id0,id1,dist): 67 69 1.2490889226539734
list:
dist: 1.2490889226539734 vs. 1.2490889226539734
--------
nle(id0,id1,dist): 67 72 2.0699647868194235
list:
dist: 2.0699647868194235 vs. 2.0699647868194235
--------
nle(id0,id1,dist): 67 73 2.294669924550492
list:
dist: 2.294669924550492 vs. 2.294669924550492
--------
nle(id0,id1,dist): 67 70 4.3852244327221985
list:
dist: 4.3852244327221985 vs. 4.3852244327221985
--------
nle(id0,id1,dist): 67 71 2.0401573497116683
list:
dist: 2.0401573497116683 vs. 2.0401573497116683
--------
nle(id0,id1,dist): 67 85 1.4205175631725424
list:
dist: 1.4205175631725424 vs. 1.4205175631725424
--------
nle(id0,id1,dist): 67 84 1.2048533471735194
list:
dist: 1.2048533471735194 vs. 1.2048533471735194
--------
nle(id0,id1,dist): 67 83 2.483710505448658
list:
dist: 2.483710505448658 vs. 2.483710505448658
--------
nle(id0,id1,dist): 67 82 1.3018054940408068
list:
dist: 1.3018054940408068 vs. 1.3018054940408068
--------
nle(id0,id1,dist): 67 88 2.2559972511299895
list:
dist: 2.2559972511299895 vs. 2.2559972511299895
--------
nle(id0,id1,dist): 67 87 2.857875309472359
list:
dist: 2.857875309472359 vs. 2.857875309472359
--------
nle(id0,id1,dist): 67 86 1.0774357400560564
list:
dist: 1.0774357400560564 vs. 1.0774357400560564
--------
nle(id0,id1,dist): 66 79 2.802358103498962
list:
dist: 2.802358103498962 vs. 2.802358103498962
--------
nle(id0,id1,dist): 66 80 3.5711416847579285
list:
dist: 3.5711416847579285 vs. 3.5711416847579285
--------
nle(id0,id1,dist): 66 81 2.1854468786698655
list:
dist: 2.1854468786698655 vs. 2.1854468786698655
--------
nle(id0,id1,dist): 66 84 3.082573450290354
list:
dist: 3.082573450290354 vs. 3.082573450290354
--------
nle(id0,id1,dist): 66 85 3.5299638612850397
list:
dist: 3.5299638612850397 vs. 3.5299638612850397
--------
nle(id0,id1,dist): 66 86 3.461908421761369
list:
dist: 3.461908421761369 vs. 3.461908421761369
--------
nle(id0,id1,dist): 66 71 1.2935750476526233
list:
dist: 1.2935750476526233 vs. 1.2935750476526233
--------
nle(id0,id1,dist): 66 72 2.1884195343244466
list:
dist: 2.1884195343244466 vs. 2.1884195343244466
--------
nle(id0,id1,dist): 48 49 1.190044175351845
list:
dist: 1.190044175351845 vs. 1.190044175351845
--------
nle(id0,id1,dist): 48 55 1.8184549346376178
list:
dist: 1.8184549346376178 vs. 1.8184549346376178
--------
nle(id0,id1,dist): 48 58 1.1997784834264467
list:
dist: 1.1997784834264467 vs. 1.1997784834264467
--------
nle(id0,id1,dist): 49 50 2.458968492317704
list:
dist: 2.458968492317704 vs. 2.458968492317704
--------
nle(id0,id1,dist): 49 52 3.2555970371434375
list:
dist: 3.2555970371434375 vs. 3.2555970371434375
--------
nle(id0,id1,dist): 49 54 2.0097885769582846
list:
dist: 2.0097885769582846 vs. 2.0097885769582846
--------
nle(id0,id1,dist): 49 55 1.6820431395076394
list:
dist: 1.6820431395076394 vs. 1.6820431395076394
--------
nle(id0,id1,dist): 49 56 3.327729522897322
list:
dist: 3.327729522897322 vs. 3.327729522897322
--------
nle(id0,id1,dist): 49 57 2.654902728678966
list:
dist: 2.654902728678966 vs. 2.654902728678966
--------
nle(id0,id1,dist): 49 58 1.9197246664359595
list:
dist: 1.9197246664359595 vs. 1.9197246664359595
--------
nle(id0,id1,dist): 49 59 2.7333037070862507
list:
dist: 2.7333037070862507 vs. 2.7333037070862507
--------
nle(id0,id1,dist): 50 54 1.6413046355467948
list:
dist: 1.6413046355467948 vs. 1.6413046355467948
--------
nle(id0,id1,dist): 50 51 2.0671118904780976
list:
dist: 2.0671118904780976 vs. 2.0671118904780976
--------
nle(id0,id1,dist): 50 52 2.0641924086337804
list:
dist: 2.0641924086337804 vs. 2.0641924086337804
--------
nle(id0,id1,dist): 50 59 2.9980908309778567
list:
dist: 2.9980908309778567 vs. 2.9980908309778567
--------
nle(id0,id1,dist): 50 56 2.718756579755139
list:
dist: 2.718756579755139 vs. 2.718756579755139
--------
nle(id0,id1,dist): 50 55 1.71057619458916
list:
dist: 1.71057619458916 vs. 1.71057619458916
--------
nle(id0,id1,dist): 50 58 3.2059851265101207
list:
dist: 3.2059851265101207 vs. 3.2059851265101207
--------
nle(id0,id1,dist): 50 57 2.481656980826898
list:
dist: 2.481656980826898 vs. 2.481656980826898
--------
nle(id0,id1,dist): 44 54 2.1226014019275525
list:
dist: 2.1226014019275525 vs. 2.1226014019275525
--------
nle(id0,id1,dist): 45 72 3.4140106146388716
list:
dist: 3.4140106146388716 vs. 3.4140106146388716
--------
nle(id0,id1,dist): 45 76 4.429956842201411
list:
dist: 4.429956842201411 vs. 4.429956842201411
--------
nle(id0,id1,dist): 45 64 2.178969301051955
list:
dist: 2.178969301051955 vs. 2.178969301051955
--------
nle(id0,id1,dist): 45 66 2.172618217768001
list:
dist: 2.172618217768001 vs. 2.172618217768001
--------
nle(id0,id1,dist): 45 68 2.4304382295535643
list:
dist: 2.4304382295535643 vs. 2.4304382295535643
--------
nle(id0,id1,dist): 45 71 3.3277091698678842
list:
dist: 3.3277091698678842 vs. 3.3277091698678842
--------
nle(id0,id1,dist): 45 70 3.958837092418682
list:
dist: 3.958837092418682 vs. 3.958837092418682
--------
nle(id0,id1,dist): 45 60 2.6286579718420686
list:
dist: 2.6286579718420686 vs. 2.6286579718420686
--------
nle(id0,id1,dist): 45 61 5.139108029903864
list:
dist: 5.139108029903864 vs. 5.139108029903864
--------
nle(id0,id1,dist): 45 62 2.961389273435803
list:
dist: 2.961389273435803 vs. 2.961389273435803
--------
nle(id0,id1,dist): 45 63 3.7381871364813515
list:
dist: 3.7381871364813515 vs. 3.7381871364813515
--------
nle(id0,id1,dist): 46 55 3.0438497675178646
list:
dist: 3.0438497675178646 vs. 3.0438497675178646
--------
nle(id0,id1,dist): 46 54 2.2606049813526465
list:
dist: 2.2606049813526465 vs. 2.2606049813526465
--------
nle(id0,id1,dist): 46 52 2.71236991762326
list:
dist: 2.71236991762326 vs. 2.71236991762326
--------
nle(id0,id1,dist): 46 49 2.054912844480985
list:
dist: 2.054912844480985 vs. 2.054912844480985
--------
nle(id0,id1,dist): 46 50 2.4390542949134897
list:
dist: 2.4390542949134897 vs. 2.4390542949134897
--------
nle(id0,id1,dist): 46 47 2.2167434270640163
list:
dist: 2.2167434270640163 vs. 2.2167434270640163
--------
nle(id0,id1,dist): 46 48 3.2342340183750027
list:
dist: 3.2342340183750027 vs. 3.2342340183750027
--------
nle(id0,id1,dist): 45 81 2.8164089804523313
list:
dist: 2.8164089804523313 vs. 2.8164089804523313
--------
nle(id0,id1,dist): 47 59 1.7911795092449019
list:
dist: 1.7911795092449019 vs. 1.7911795092449019
--------
nle(id0,id1,dist): 47 58 2.1346780037548676
list:
dist: 2.1346780037548676 vs. 2.1346780037548676
--------
nle(id0,id1,dist): 47 55 1.4872931262121505
list:
dist: 1.4872931262121505 vs. 1.4872931262121505
--------
nle(id0,id1,dist): 47 54 0.3856291035218768
list:
dist: 0.3856291035218768 vs. 0.3856291035218768
--------
nle(id0,id1,dist): 47 57 1.65870776644914
list:
dist: 1.65870776644914 vs. 1.65870776644914
--------
nle(id0,id1,dist): 47 56 1.8612651191778562
list:
dist: 1.8612651191778562 vs. 1.8612651191778562
--------
nle(id0,id1,dist): 47 50 1.4610239291676674
list:
dist: 1.4610239291676674 vs. 1.4610239291676674
--------
nle(id0,id1,dist): 47 51 2.126700675998762
list:
dist: 2.126700675998762 vs. 2.126700675998762
--------
nle(id0,id1,dist): 47 52 1.6708414346887006
list:
dist: 1.6708414346887006 vs. 1.6708414346887006
--------
nle(id0,id1,dist): 47 49 1.7239826104337463
list:
dist: 1.7239826104337463 vs. 1.7239826104337463
--------
nle(id0,id1,dist): 55 56 2.5350898875885464
list:
dist: 2.5350898875885464 vs. 2.5350898875885464
--------
nle(id0,id1,dist): 55 57 1.6042082010830856
list:
dist: 1.6042082010830856 vs. 1.6042082010830856
--------
nle(id0,id1,dist): 55 58 1.749164423404944
list:
dist: 1.749164423404944 vs. 1.749164423404944
--------
nle(id0,id1,dist): 55 59 2.2321572003398464
list:
dist: 2.2321572003398464 vs. 2.2321572003398464
--------
nle(id0,id1,dist): 56 58 2.526922836725804
list:
dist: 2.526922836725804 vs. 2.526922836725804
--------
nle(id0,id1,dist): 56 57 1.1845422115644981
list:
dist: 1.1845422115644981 vs. 1.1845422115644981
--------
nle(id0,id1,dist): 56 59 1.090987058086525
list:
dist: 1.090987058086525 vs. 1.090987058086525
--------
nle(id0,id1,dist): 57 59 0.9174160035773281
list:
dist: 0.9174160035773281 vs. 0.9174160035773281
--------
nle(id0,id1,dist): 57 58 1.5875101041740307
list:
dist: 1.5875101041740307 vs. 1.5875101041740307
--------
nle(id0,id1,dist): 51 59 2.79322704520025
list:
dist: 2.79322704520025 vs. 2.79322704520025
--------
nle(id0,id1,dist): 51 52 1.082864992156499
list:
dist: 1.082864992156499 vs. 1.082864992156499
--------
nle(id0,id1,dist): 51 54 1.9123800182209825
list:
dist: 1.9123800182209825 vs. 1.9123800182209825
--------
nle(id0,id1,dist): 51 56 1.8862586165555992
list:
dist: 1.8862586165555992 vs. 1.8862586165555992
--------
nle(id0,id1,dist): 51 57 2.596650487121671
list:
dist: 2.596650487121671 vs. 2.596650487121671
--------
nle(id0,id1,dist): 52 55 3.012665279010038
list:
dist: 3.012665279010038 vs. 3.012665279010038
--------
nle(id0,id1,dist): 52 56 2.031638669212021
list:
dist: 2.031638669212021 vs. 2.031638669212021
--------
nle(id0,id1,dist): 52 54 1.347458612117251
list:
dist: 1.347458612117251 vs. 1.347458612117251
--------
nle(id0,id1,dist): 52 59 2.627508175107435
list:
dist: 2.627508175107435 vs. 2.627508175107435
--------
nle(id0,id1,dist): 52 57 2.6842297145083753
list:
dist: 2.6842297145083753 vs. 2.6842297145083753
--------
nle(id0,id1,dist): 52 58 3.622013015630179
list:
dist: 3.622013015630179 vs. 3.622013015630179
--------
nle(id0,id1,dist): 53 69 1.646506999900338
list:
dist: 1.646506999900338 vs. 1.646506999900338
--------
nle(id0,id1,dist): 53 68 3.407230950207231
list:
dist: 3.407230950207231 vs. 3.407230950207231
--------
nle(id0,id1,dist): 53 71 2.1681852304910887
list:
dist: 2.1681852304910887 vs. 2.1681852304910887
--------
nle(id0,id1,dist): 53 67 0.9600964243058367
list:
dist: 0.9600964243058367 vs. 0.9600964243058367
--------
nle(id0,id1,dist): 53 66 3.4435957455016193
list:
dist: 3.4435957455016193 vs. 3.4435957455016193
--------
nle(id0,id1,dist): 53 60 3.754010054069818
list:
dist: 3.754010054069818 vs. 3.754010054069818
--------
nle(id0,id1,dist): 53 63 2.3122469394506715
list:
dist: 2.3122469394506715 vs. 2.3122469394506715
--------
nle(id0,id1,dist): 53 86 2.03147329133527
list:
dist: 2.03147329133527 vs. 2.03147329133527
--------
nle(id0,id1,dist): 53 87 2.2175530927839726
list:
dist: 2.2175530927839726 vs. 2.2175530927839726
--------
nle(id0,id1,dist): 53 84 1.7016247298415281
list:
dist: 1.7016247298415281 vs. 1.7016247298415281
--------
nle(id0,id1,dist): 53 85 2.2993488491565404
list:
dist: 2.2993488491565404 vs. 2.2993488491565404
--------
nle(id0,id1,dist): 53 82 2.0547429569041897
list:
dist: 2.0547429569041897 vs. 2.0547429569041897
--------
nle(id0,id1,dist): 53 83 2.8554215193812285
list:
dist: 2.8554215193812285 vs. 2.8554215193812285
--------
nle(id0,id1,dist): 53 80 1.7837249165150624
list:
dist: 1.7837249165150624 vs. 1.7837249165150624
--------
nle(id0,id1,dist): 53 81 3.261171092465534
list:
dist: 3.261171092465534 vs. 3.261171092465534
--------
nle(id0,id1,dist): 53 78 2.6069471559938107
list:
dist: 2.6069471559938107 vs. 2.6069471559938107
--------
nle(id0,id1,dist): 53 79 1.0778798648374708
list:
dist: 1.0778798648374708 vs. 1.0778798648374708
--------
nle(id0,id1,dist): 53 75 1.808963412979997
list:
dist: 1.808963412979997 vs. 1.808963412979997
--------
nle(id0,id1,dist): 53 72 2.479024371810944
list:
dist: 2.479024371810944 vs. 2.479024371810944
--------
nle(id0,id1,dist): 54 59 1.7580430215909422
list:
dist: 1.7580430215909422 vs. 1.7580430215909422
--------
nle(id0,id1,dist): 54 58 2.344768298849002
list:
dist: 2.344768298849002 vs. 2.344768298849002
--------
nle(id0,id1,dist): 54 57 1.763225070860315
list:
dist: 1.763225070860315 vs. 1.763225070860315
--------
nle(id0,id1,dist): 54 56 1.7124822562990987
list:
dist: 1.7124822562990987 vs. 1.7124822562990987
--------
nle(id0,id1,dist): 54 55 1.8530340016279392
list:
dist: 1.8530340016279392 vs. 1.8530340016279392
--------
nle(id0,id1,dist): 53 88 1.8294705672361034
list:
dist: 1.8294705672361034 vs. 1.8294705672361034
--------
nle(id0,id1,dist): 93 112 2.780105793940702
list:
dist: 2.780105793940702 vs. 2.780105793940702
--------
nle(id0,id1,dist): 93 113 3.151595453447746
list:
dist: 3.151595453447746 vs. 3.151595453447746
--------
nle(id0,id1,dist): 93 114 1.8743960680099927
list:
dist: 1.8743960680099927 vs. 1.8743960680099927
--------
nle(id0,id1,dist): 93 115 2.452870535091733
list:
dist: 2.452870535091733 vs. 2.452870535091733
--------
nle(id0,id1,dist): 93 116 2.317623129713661
list:
dist: 2.317623129713661 vs. 2.317623129713661
--------
nle(id0,id1,dist): 93 117 1.9402957340360185
list:
dist: 1.9402957340360185 vs. 1.9402957340360185
--------
nle(id0,id1,dist): 93 118 1.548414660898642
list:
dist: 1.548414660898642 vs. 1.548414660898642
--------
nle(id0,id1,dist): 93 97 3.366569124068071
list:
dist: 3.366569124068071 vs. 3.366569124068071
--------
nle(id0,id1,dist): 93 96 0.9153480832911294
list:
dist: 0.9153480832911294 vs. 0.9153480832911294
--------
nle(id0,id1,dist): 93 99 1.3141812131474835
list:
dist: 1.3141812131474835 vs. 1.3141812131474835
--------
nle(id0,id1,dist): 93 98 3.8622353143870973
list:
dist: 3.8622353143870973 vs. 3.8622353143870973
--------
nle(id0,id1,dist): 93 100 3.5013410775733145
list:
dist: 3.5013410775733145 vs. 3.5013410775733145
--------
nle(id0,id1,dist): 93 103 2.3640467993952536
list:
dist: 2.3640467993952536 vs. 2.3640467993952536
--------
nle(id0,id1,dist): 93 105 2.273299469354277
list:
dist: 2.273299469354277 vs. 2.273299469354277
--------
nle(id0,id1,dist): 93 104 2.7249632164696123
list:
dist: 2.7249632164696123 vs. 2.7249632164696123
--------
nle(id0,id1,dist): 93 107 1.0330808558306317
list:
dist: 1.0330808558306317 vs. 1.0330808558306317
--------
nle(id0,id1,dist): 93 106 1.240965246030958
list:
dist: 1.240965246030958 vs. 1.240965246030958
--------
nle(id0,id1,dist): 93 109 2.1011647031103364
list:
dist: 2.1011647031103364 vs. 2.1011647031103364
--------
nle(id0,id1,dist): 93 108 0.9597609379734907
list:
dist: 0.9597609379734907 vs. 0.9597609379734907
--------
nle(id0,id1,dist): 93 111 1.768198024831044
list:
dist: 1.768198024831044 vs. 1.768198024831044
--------
nle(id0,id1,dist): 93 110 1.4754645259590418
list:
dist: 1.4754645259590418 vs. 1.4754645259590418
--------
nle(id0,id1,dist): 94 109 1.840161456379091
list:
dist: 1.840161456379091 vs. 1.840161456379091
--------
nle(id0,id1,dist): 94 110 3.361412448354411
list:
dist: 3.361412448354411 vs. 3.361412448354411
--------
nle(id0,id1,dist): 94 107 2.9553324532188485
list:
dist: 2.9553324532188485 vs. 2.9553324532188485
--------
nle(id0,id1,dist): 94 114 3.540605043687186
list:
dist: 3.540605043687186 vs. 3.540605043687186
--------
nle(id0,id1,dist): 94 98 0.9834919224706273
list:
dist: 0.9834919224706273 vs. 0.9834919224706273
--------
nle(id0,id1,dist): 94 97 2.1091780521285717
list:
dist: 2.1091780521285717 vs. 2.1091780521285717
--------
nle(id0,id1,dist): 94 96 3.159363622625563
list:
dist: 3.159363622625563 vs. 3.159363622625563
--------
nle(id0,id1,dist): 94 95 3.3798377017857955
list:
dist: 3.3798377017857955 vs. 3.3798377017857955
--------
nle(id0,id1,dist): 94 102 1.7676423227370046
list:
dist: 1.7676423227370046 vs. 1.7676423227370046
--------
nle(id0,id1,dist): 94 101 2.2932748620993344
list:
dist: 2.2932748620993344 vs. 2.2932748620993344
--------
nle(id0,id1,dist): 94 100 2.3895527094419156
list:
dist: 2.3895527094419156 vs. 2.3895527094419156
--------
nle(id0,id1,dist): 94 99 3.9335921967643652
list:
dist: 3.9335921967643652 vs. 3.9335921967643652
--------
nle(id0,id1,dist): 94 106 3.5705439038556954
list:
dist: 3.5705439038556954 vs. 3.5705439038556954
--------
nle(id0,id1,dist): 94 105 3.1237010808441195
list:
dist: 3.1237010808441195 vs. 3.1237010808441195
--------
nle(id0,id1,dist): 94 104 2.772099006552455
list:
dist: 2.772099006552455 vs. 2.772099006552455
--------
nle(id0,id1,dist): 94 103 1.5442011683448982
list:
dist: 1.5442011683448982 vs. 1.5442011683448982
--------
nle(id0,id1,dist): 92 97 1.681207425497743
list:
dist: 1.681207425497743 vs. 1.681207425497743
--------
nle(id0,id1,dist): 92 98 2.573362138548528
list:
dist: 2.573362138548528 vs. 2.573362138548528
--------
nle(id0,id1,dist): 92 99 1.8396570310229
list:
dist: 1.8396570310229 vs. 1.8396570310229
--------
nle(id0,id1,dist): 92 100 1.704270018450742
list:
dist: 1.704270018450742 vs. 1.704270018450742
--------
nle(id0,id1,dist): 92 93 1.8997033579032647
list:
dist: 1.8997033579032647 vs. 1.8997033579032647
--------
nle(id0,id1,dist): 92 94 2.4036237688734534
list:
dist: 2.4036237688734534 vs. 2.4036237688734534
--------
nle(id0,id1,dist): 92 95 1.080805033061271
list:
dist: 1.080805033061271 vs. 1.080805033061271
--------
nle(id0,id1,dist): 92 96 1.3975177842609356
list:
dist: 1.3975177842609356 vs. 1.3975177842609356
--------
nle(id0,id1,dist): 91 113 2.6829313775047523
list:
dist: 2.6829313775047523 vs. 2.6829313775047523
--------
nle(id0,id1,dist): 91 109 2.0887208543117617
list:
dist: 2.0887208543117617 vs. 2.0887208543117617
--------
nle(id0,id1,dist): 92 117 2.8632118652601735
list:
dist: 2.8632118652601735 vs. 2.8632118652601735
--------
nle(id0,id1,dist): 93 94 3.7782883977352135
list:
dist: 3.7782883977352135 vs. 3.7782883977352135
--------
nle(id0,id1,dist): 93 95 1.9144244397311505
list:
dist: 1.9144244397311505 vs. 1.9144244397311505
--------
nle(id0,id1,dist): 92 107 1.121547731592695
list:
dist: 1.121547731592695 vs. 1.121547731592695
--------
nle(id0,id1,dist): 92 106 1.5521502960331615
list:
dist: 1.5521502960331615 vs. 1.5521502960331615
--------
nle(id0,id1,dist): 92 105 1.5769643451995576
list:
dist: 1.5769643451995576 vs. 1.5769643451995576
--------
nle(id0,id1,dist): 92 104 1.030461262413177
list:
dist: 1.030461262413177 vs. 1.030461262413177
--------
nle(id0,id1,dist): 92 103 1.2420544710473655
list:
dist: 1.2420544710473655 vs. 1.2420544710473655
--------
nle(id0,id1,dist): 92 102 3.392532593689468
list:
dist: 3.392532593689468 vs. 3.392532593689468
--------
nle(id0,id1,dist): 92 101 2.4961205269329656
list:
dist: 2.4961205269329656 vs. 2.4961205269329656
--------
nle(id0,id1,dist): 92 115 2.2140399228431136
list:
dist: 2.2140399228431136 vs. 2.2140399228431136
--------
nle(id0,id1,dist): 92 114 1.2313121465584922
list:
dist: 1.2313121465584922 vs. 1.2313121465584922
--------
nle(id0,id1,dist): 92 113 1.8479524132784066
list:
dist: 1.8479524132784066 vs. 1.8479524132784066
--------
nle(id0,id1,dist): 92 112 3.4242672274084907
list:
dist: 3.4242672274084907 vs. 3.4242672274084907
--------
nle(id0,id1,dist): 92 111 2.308454645291053
list:
dist: 2.308454645291053 vs. 2.308454645291053
--------
nle(id0,id1,dist): 92 110 1.1505243078308423
list:
dist: 1.1505243078308423 vs. 1.1505243078308423
--------
nle(id0,id1,dist): 92 109 0.6978441165621189
list:
dist: 0.6978441165621189 vs. 0.6978441165621189
--------
nle(id0,id1,dist): 97 101 0.9649089212243924
list:
dist: 0.9649089212243924 vs. 0.9649089212243924
--------
nle(id0,id1,dist): 97 100 0.5755052414190025
list:
dist: 0.5755052414190025 vs. 0.5755052414190025
--------
nle(id0,id1,dist): 97 103 2.1455798207152976
list:
dist: 2.1455798207152976 vs. 2.1455798207152976
--------
nle(id0,id1,dist): 97 102 2.1211626055394146
list:
dist: 2.1211626055394146 vs. 2.1211626055394146
--------
nle(id0,id1,dist): 97 105 1.661821426843119
list:
dist: 1.661821426843119 vs. 1.661821426843119
--------
nle(id0,id1,dist): 97 104 1.2874970380104693
list:
dist: 1.2874970380104693 vs. 1.2874970380104693
--------
nle(id0,id1,dist): 97 107 2.3664655724909633
list:
dist: 2.3664655724909633 vs. 2.3664655724909633
--------
nle(id0,id1,dist): 97 106 2.5386780929972423
list:
dist: 2.5386780929972423 vs. 2.5386780929972423
--------
nle(id0,id1,dist): 97 99 2.8175161674823967
list:
dist: 2.8175161674823967 vs. 2.8175161674823967
--------
nle(id0,id1,dist): 97 98 1.8302250789505532
list:
dist: 1.8302250789505532 vs. 1.8302250789505532
--------
nle(id0,id1,dist): 96 113 2.8778874586066205
list:
dist: 2.8778874586066205 vs. 2.8778874586066205
--------
nle(id0,id1,dist): 96 114 1.8796008621022207
list:
dist: 1.8796008621022207 vs. 1.8796008621022207
--------
nle(id0,id1,dist): 96 115 2.773492419324963
list:
dist: 2.773492419324963 vs. 2.773492419324963
--------
nle(id0,id1,dist): 96 116 3.05565102434472
list:
dist: 3.05565102434472 vs. 3.05565102434472
--------
nle(id0,id1,dist): 96 117 2.5803517010630546
list:
dist: 2.5803517010630546 vs. 2.5803517010630546
--------
nle(id0,id1,dist): 96 118 2.109112045566337
list:
dist: 2.109112045566337 vs. 2.109112045566337
--------
nle(id0,id1,dist): 98 102 1.1646116537222213
list:
dist: 1.1646116537222213 vs. 1.1646116537222213
--------
nle(id0,id1,dist): 98 101 2.0703863396429636
list:
dist: 2.0703863396429636 vs. 2.0703863396429636
--------
nle(id0,id1,dist): 98 100 2.2892675022516498
list:
dist: 2.2892675022516498 vs. 2.2892675022516498
--------
nle(id0,id1,dist): 98 99 3.7688559011168694
list:
dist: 3.7688559011168694 vs. 3.7688559011168694
--------
nle(id0,id1,dist): 97 117 3.938145265361245
list:
dist: 3.938145265361245 vs. 3.938145265361245
--------
nle(id0,id1,dist): 97 110 2.1927056682338693
list:
dist: 2.1927056682338693 vs. 2.1927056682338693
--------
nle(id0,id1,dist): 97 111 3.7588942506454788
list:
dist: 3.7588942506454788 vs. 3.7588942506454788
--------
nle(id0,id1,dist): 97 109 1.816746626070997
list:
dist: 1.816746626070997 vs. 1.816746626070997
--------
nle(id0,id1,dist): 97 114 2.1713625695292005
list:
dist: 2.1713625695292005 vs. 2.1713625695292005
--------
nle(id0,id1,dist): 97 115 2.624136515289128
list:
dist: 2.624136515289128 vs. 2.624136515289128
--------
nle(id0,id1,dist): 97 112 4.273726515324995
list:
dist: 4.273726515324995 vs. 4.273726515324995
--------
nle(id0,id1,dist): 97 113 2.132308047640699
list:
dist: 2.132308047640699 vs. 2.132308047640699
--------
nle(id0,id1,dist): 95 115 2.0961215801446267
list:
dist: 2.0961215801446267 vs. 2.0961215801446267
--------
nle(id0,id1,dist): 95 114 1.0442228074205953
list:
dist: 1.0442228074205953 vs. 1.0442228074205953
--------
nle(id0,id1,dist): 95 117 2.386598124888563
list:
dist: 2.386598124888563 vs. 2.386598124888563
--------
nle(id0,id1,dist): 95 116 3.1646650078759038
list:
dist: 3.1646650078759038 vs. 3.1646650078759038
--------
nle(id0,id1,dist): 95 111 1.4230622651855864
list:
dist: 1.4230622651855864 vs. 1.4230622651855864
--------
nle(id0,id1,dist): 95 110 1.2983131553284057
list:
dist: 1.2983131553284057 vs. 1.2983131553284057
--------
nle(id0,id1,dist): 95 113 1.4682737875015095
list:
dist: 1.4682737875015095 vs. 1.4682737875015095
--------
nle(id0,id1,dist): 95 112 2.8732469278141144
list:
dist: 2.8732469278141144 vs. 2.8732469278141144
--------
nle(id0,id1,dist): 95 107 1.6393465201921327
list:
dist: 1.6393465201921327 vs. 1.6393465201921327
--------
nle(id0,id1,dist): 95 106 1.7654476707932953
list:
dist: 1.7654476707932953 vs. 1.7654476707932953
--------
nle(id0,id1,dist): 95 109 1.6393306264368537
list:
dist: 1.6393306264368537 vs. 1.6393306264368537
--------
nle(id0,id1,dist): 95 108 2.2111591389052827
list:
dist: 2.2111591389052827 vs. 2.2111591389052827
--------
nle(id0,id1,dist): 95 103 2.0999798856518845
list:
dist: 2.0999798856518845 vs. 2.0999798856518845
--------
nle(id0,id1,dist): 95 105 2.1532893433939755
list:
dist: 2.1532893433939755 vs. 2.1532893433939755
--------
nle(id0,id1,dist): 95 104 1.3131495272754456
list:
dist: 1.3131495272754456 vs. 1.3131495272754456
--------
nle(id0,id1,dist): 95 98 3.634271408864169
list:
dist: 3.634271408864169 vs. 3.634271408864169
--------
nle(id0,id1,dist): 95 99 1.8671565447613054
list:
dist: 1.8671565447613054 vs. 1.8671565447613054
--------
nle(id0,id1,dist): 95 100 2.298007436396579
list:
dist: 2.298007436396579 vs. 2.298007436396579
--------
nle(id0,id1,dist): 95 96 1.4963901284743084
list:
dist: 1.4963901284743084 vs. 1.4963901284743084
--------
nle(id0,id1,dist): 95 97 2.4834390734392495
list:
dist: 2.4834390734392495 vs. 2.4834390734392495
--------
nle(id0,id1,dist): 96 112 3.3573612891193885
list:
dist: 3.3573612891193885 vs. 3.3573612891193885
--------
nle(id0,id1,dist): 96 111 1.8603449672904793
list:
dist: 1.8603449672904793 vs. 1.8603449672904793
--------
nle(id0,id1,dist): 96 110 1.5980880784924711
list:
dist: 1.5980880784924711 vs. 1.5980880784924711
--------
nle(id0,id1,dist): 96 109 1.4410798786910404
list:
dist: 1.4410798786910404 vs. 1.4410798786910404
--------
nle(id0,id1,dist): 96 108 1.6293079672792792
list:
dist: 1.6293079672792792 vs. 1.6293079672792792
--------
nle(id0,id1,dist): 96 107 1.081356400446106
list:
dist: 1.081356400446106 vs. 1.081356400446106
--------
nle(id0,id1,dist): 96 106 1.649262025028065
list:
dist: 1.649262025028065 vs. 1.649262025028065
--------
nle(id0,id1,dist): 96 105 2.4009760828565687
list:
dist: 2.4009760828565687 vs. 2.4009760828565687
--------
nle(id0,id1,dist): 96 104 2.342383510002363
list:
dist: 2.342383510002363 vs. 2.342383510002363
--------
nle(id0,id1,dist): 96 103 1.6389097219448512
list:
dist: 1.6389097219448512 vs. 1.6389097219448512
--------
nle(id0,id1,dist): 96 100 3.1012295822305704
list:
dist: 3.1012295822305704 vs. 3.1012295822305704
--------
nle(id0,id1,dist): 96 99 1.8433033790545221
list:
dist: 1.8433033790545221 vs. 1.8433033790545221
--------
nle(id0,id1,dist): 96 98 3.4434765265335154
list:
dist: 3.4434765265335154 vs. 3.4434765265335154
--------
nle(id0,id1,dist): 96 97 3.0243701370553806
list:
dist: 3.0243701370553806 vs. 3.0243701370553806
--------
nle(id0,id1,dist): 95 118 2.1000441889456525
list:
dist: 2.1000441889456525 vs. 2.1000441889456525
--------
nle(id0,id1,dist): 95 119 3.969317992718442
list:
dist: 3.969317992718442 vs. 3.969317992718442
--------
nle(id0,id1,dist): 87 88 0.8795066392844975
list:
dist: 0.8795066392844975 vs. 0.8795066392844975
--------
nle(id0,id1,dist): 87 89 4.271664911769019
list:
dist: 4.271664911769019 vs. 4.271664911769019
--------
nle(id0,id1,dist): 85 87 4.262062926599176
list:
dist: 4.262062926599176 vs. 4.262062926599176
--------
nle(id0,id1,dist): 85 86 0.9003849217462029
list:
dist: 0.9003849217462029 vs. 0.9003849217462029
--------
nle(id0,id1,dist): 85 88 3.596278504119384
list:
dist: 3.596278504119384 vs. 3.596278504119384
--------
nle(id0,id1,dist): 86 87 3.656584274136799
list:
dist: 3.656584274136799 vs. 3.656584274136799
--------
nle(id0,id1,dist): 86 88 2.949357454261156
list:
dist: 2.949357454261156 vs. 2.949357454261156
--------
nle(id0,id1,dist): 91 98 1.4877426946914423
list:
dist: 1.4877426946914423 vs. 1.4877426946914423
--------
nle(id0,id1,dist): 91 101 0.6236508780281943
list:
dist: 0.6236508780281943 vs. 0.6236508780281943
--------
nle(id0,id1,dist): 91 100 0.978915466186854
list:
dist: 0.978915466186854 vs. 0.978915466186854
--------
nle(id0,id1,dist): 91 103 2.25510988692629
list:
dist: 2.25510988692629 vs. 2.25510988692629
--------
nle(id0,id1,dist): 91 102 1.525749028192669
list:
dist: 1.525749028192669 vs. 1.525749028192669
--------
nle(id0,id1,dist): 91 105 2.366161176896204
list:
dist: 2.366161176896204 vs. 2.366161176896204
--------
nle(id0,id1,dist): 91 104 1.853456283304836
list:
dist: 1.853456283304836 vs. 1.853456283304836
--------
nle(id0,id1,dist): 91 92 2.1633172758541535
list:
dist: 2.1633172758541535 vs. 2.1633172758541535
--------
nle(id0,id1,dist): 91 94 1.7125292882189824
list:
dist: 1.7125292882189824 vs. 1.7125292882189824
--------
nle(id0,id1,dist): 91 97 0.7519998303132349
list:
dist: 0.7519998303132349 vs. 0.7519998303132349
--------
nle(id0,id1,dist): 88 89 3.520167717631907
list:
dist: 3.520167717631907 vs. 3.520167717631907
--------
nle(id0,id1,dist): 89 95 3.9376757383319427
list:
dist: 3.9376757383319427 vs. 3.9376757383319427
--------
nle(id0,id1,dist): 81 86 3.083764400254686
list:
dist: 3.083764400254686 vs. 3.083764400254686
--------
nle(id0,id1,dist): 81 84 3.4770710374978577
list:
dist: 3.4770710374978577 vs. 3.4770710374978577
--------
nle(id0,id1,dist): 81 85 2.5813480105541005
list:
dist: 2.5813480105541005 vs. 2.5813480105541005
--------
nle(id0,id1,dist): 80 85 0.5945727765533203
list:
dist: 0.5945727765533203 vs. 0.5945727765533203
--------
nle(id0,id1,dist): 80 86 0.9912364669581069
list:
dist: 0.9912364669581069 vs. 0.9912364669581069
--------
nle(id0,id1,dist): 80 87 3.8179057537029006
list:
dist: 3.8179057537029006 vs. 3.8179057537029006
--------
nle(id0,id1,dist): 80 88 3.1752104541401183
list:
dist: 3.1752104541401183 vs. 3.1752104541401183
--------
nle(id0,id1,dist): 80 81 2.6506783388384396
list:
dist: 2.6506783388384396 vs. 2.6506783388384396
--------
nle(id0,id1,dist): 80 82 1.5349438154627537
list:
dist: 1.5349438154627537 vs. 1.5349438154627537
--------
nle(id0,id1,dist): 80 83 2.4921020244237506
list:
dist: 2.4921020244237506 vs. 2.4921020244237506
--------
nle(id0,id1,dist): 80 84 1.9438766675862744
list:
dist: 1.9438766675862744 vs. 1.9438766675862744
--------
nle(id0,id1,dist): 79 88 2.2119021990999466
list:
dist: 2.2119021990999466 vs. 2.2119021990999466
--------
nle(id0,id1,dist): 79 86 1.2792724223390255
list:
dist: 1.2792724223390255 vs. 1.2792724223390255
--------
nle(id0,id1,dist): 79 87 2.7057023569105167
list:
dist: 2.7057023569105167 vs. 2.7057023569105167
--------
nle(id0,id1,dist): 79 81 2.8723273289140585
list:
dist: 2.8723273289140585 vs. 2.8723273289140585
--------
nle(id0,id1,dist): 79 80 1.4764906816906591
list:
dist: 1.4764906816906591 vs. 1.4764906816906591
--------
nle(id0,id1,dist): 79 85 1.759018211029206
list:
dist: 1.759018211029206 vs. 1.759018211029206
--------
nle(id0,id1,dist): 79 84 0.8226418774937148
list:
dist: 0.8226418774937148 vs. 0.8226418774937148
--------
nle(id0,id1,dist): 79 83 3.007120241922029
list:
dist: 3.007120241922029 vs. 3.007120241922029
--------
nle(id0,id1,dist): 79 82 1.6059184668274311
list:
dist: 1.6059184668274311 vs. 1.6059184668274311
--------
nle(id0,id1,dist): 78 95 4.7610742687897964
list:
dist: 4.7610742687897964 vs. 4.7610742687897964
--------
nle(id0,id1,dist): 78 80 3.287627618699643
list:
dist: 3.287627618699643 vs. 3.287627618699643
--------
nle(id0,id1,dist): 78 79 3.027721773811926
list:
dist: 3.027721773811926 vs. 3.027721773811926
--------
nle(id0,id1,dist): 78 82 2.323349895480192
list:
dist: 2.323349895480192 vs. 2.323349895480192
--------
nle(id0,id1,dist): 78 84 2.9126418405998953
list:
dist: 2.9126418405998953 vs. 2.9126418405998953
--------
nle(id0,id1,dist): 78 83 1.7108492794252042
list:
dist: 1.7108492794252042 vs. 1.7108492794252042
--------
nle(id0,id1,dist): 78 86 3.1571947005865075
list:
dist: 3.1571947005865075 vs. 3.1571947005865075
--------
nle(id0,id1,dist): 78 85 3.691033623230068
list:
dist: 3.691033623230068 vs. 3.691033623230068
--------
nle(id0,id1,dist): 78 88 1.647989315854318
list:
dist: 1.647989315854318 vs. 1.647989315854318
--------
nle(id0,id1,dist): 78 87 2.358026254715461
list:
dist: 2.358026254715461 vs. 2.358026254715461
--------
nle(id0,id1,dist): 78 89 1.9148409020042294
list:
dist: 1.9148409020042294 vs. 1.9148409020042294
--------
nle(id0,id1,dist): 84 87 2.684932746358926
list:
dist: 2.684932746358926 vs. 2.684932746358926
--------
nle(id0,id1,dist): 84 88 2.1064145516280446
list:
dist: 2.1064145516280446 vs. 2.1064145516280446
--------
nle(id0,id1,dist): 84 85 2.0754864874293864
list:
dist: 2.0754864874293864 vs. 2.0754864874293864
--------
nle(id0,id1,dist): 84 86 1.2880784758868664
list:
dist: 1.2880784758868664 vs. 1.2880784758868664
--------
nle(id0,id1,dist): 83 95 4.098279274544174
list:
dist: 4.098279274544174 vs. 4.098279274544174
--------
nle(id0,id1,dist): 83 86 2.479131042284423
list:
dist: 2.479131042284423 vs. 2.479131042284423
--------
nle(id0,id1,dist): 83 87 3.716287079398229
list:
dist: 3.716287079398229 vs. 3.716287079398229
--------
nle(id0,id1,dist): 83 88 2.884179350129898
list:
dist: 2.884179350129898 vs. 2.884179350129898
--------
nle(id0,id1,dist): 83 89 1.4339994400254716
list:
dist: 1.4339994400254716 vs. 1.4339994400254716
--------
nle(id0,id1,dist): 83 84 2.9728387613381186
list:
dist: 2.9728387613381186 vs. 2.9728387613381186
--------
nle(id0,id1,dist): 83 85 2.7529254441144815
list:
dist: 2.7529254441144815 vs. 2.7529254441144815
--------
nle(id0,id1,dist): 82 89 3.0042557453497105
list:
dist: 3.0042557453497105 vs. 3.0042557453497105
--------
nle(id0,id1,dist): 82 87 3.237866269474108
list:
dist: 3.237866269474108 vs. 3.237866269474108
--------
nle(id0,id1,dist): 82 88 2.4177456470571173
list:
dist: 2.4177456470571173 vs. 2.4177456470571173
--------
nle(id0,id1,dist): 82 84 1.3771332520792563
list:
dist: 1.3771332520792563 vs. 1.3771332520792563
--------
nle(id0,id1,dist): 82 83 1.7309870473072166
list:
dist: 1.7309870473072166 vs. 1.7309870473072166
--------
nle(id0,id1,dist): 82 86 0.9392589797556455
list:
dist: 0.9392589797556455 vs. 0.9392589797556455
--------
nle(id0,id1,dist): 82 85 1.6537512005639847
list:
dist: 1.6537512005639847 vs. 1.6537512005639847
--------
nle(id0,id1,dist): 74 77 4.594853036021552
list:
dist: 4.594853036021552 vs. 4.594853036021552
--------
nle(id0,id1,dist): 74 91 1.8204023957853204
list:
dist: 1.8204023957853204 vs. 1.8204023957853204
--------
nle(id0,id1,dist): 74 92 1.776174823586164
list:
dist: 1.776174823586164 vs. 1.776174823586164
--------
nle(id0,id1,dist): 74 93 3.5961645700488614
list:
dist: 3.5961645700488614 vs. 3.5961645700488614
--------
nle(id0,id1,dist): 74 94 2.7055304473853274
list:
dist: 2.7055304473853274 vs. 2.7055304473853274
--------
nle(id0,id1,dist): 73 75 2.620464645553017
list:
dist: 2.620464645553017 vs. 2.620464645553017
--------
nle(id0,id1,dist): 73 83 2.3605164202604234
list:
dist: 2.3605164202604234 vs. 2.3605164202604234
--------
nle(id0,id1,dist): 73 82 2.072403646042547
list:
dist: 2.072403646042547 vs. 2.072403646042547
--------
nle(id0,id1,dist): 73 81 3.512519178577311
list:
dist: 3.512519178577311 vs. 3.512519178577311
--------
nle(id0,id1,dist): 73 80 1.4137640566238292
list:
dist: 1.4137640566238292 vs. 1.4137640566238292
--------
nle(id0,id1,dist): 73 79 2.8065960341975957
list:
dist: 2.8065960341975957 vs. 2.8065960341975957
--------
nle(id0,id1,dist): 73 78 3.770158698914488
list:
dist: 3.770158698914488 vs. 3.770158698914488
--------
nle(id0,id1,dist): 73 77 0.680745504784232
list:
dist: 0.680745504784232 vs. 0.680745504784232
--------
nle(id0,id1,dist): 73 76 2.069922986650364
list:
dist: 2.069922986650364 vs. 2.069922986650364
--------
nle(id0,id1,dist): 73 86 1.8020956907420451
list:
dist: 1.8020956907420451 vs. 1.8020956907420451
--------
nle(id0,id1,dist): 73 84 3.0448297786690572
list:
dist: 3.0448297786690572 vs. 3.0448297786690572
--------
nle(id0,id1,dist): 73 85 1.2410007977223938
list:
dist: 1.2410007977223938 vs. 1.2410007977223938
--------
nle(id0,id1,dist): 72 73 2.8121303988770174
list:
dist: 2.8121303988770174 vs. 2.8121303988770174
--------
nle(id0,id1,dist): 72 76 2.111010471541869
list:
dist: 2.111010471541869 vs. 2.111010471541869
--------
nle(id0,id1,dist): 72 77 2.916599902577435
list:
dist: 2.916599902577435 vs. 2.916599902577435
--------
nle(id0,id1,dist): 72 80 1.7880604397840314
list:
dist: 1.7880604397840314 vs. 1.7880604397840314
--------
nle(id0,id1,dist): 72 79 2.0034861528291037
list:
dist: 2.0034861528291037 vs. 2.0034861528291037
--------
nle(id0,id1,dist): 72 81 0.9211647491457556
list:
dist: 0.9211647491457556 vs. 0.9211647491457556
--------
nle(id0,id1,dist): 72 84 2.610217576315021
list:
dist: 2.610217576315021 vs. 2.610217576315021
--------
nle(id0,id1,dist): 72 86 2.1821132535693217
list:
dist: 2.1821132535693217 vs. 2.1821132535693217
--------
nle(id0,id1,dist): 72 85 1.7534258782257421
list:
dist: 1.7534258782257421 vs. 1.7534258782257421
--------
nle(id0,id1,dist): 71 81 2.0359391433414937
list:
dist: 2.0359391433414937 vs. 2.0359391433414937
--------
nle(id0,id1,dist): 71 80 2.447502887200969
list:
dist: 2.447502887200969 vs. 2.447502887200969
--------
nle(id0,id1,dist): 71 79 1.5362773162863455
list:
dist: 1.5362773162863455 vs. 1.5362773162863455
--------
nle(id0,id1,dist): 71 85 2.535913667537035
list:
dist: 2.535913667537035 vs. 2.535913667537035
--------
nle(id0,id1,dist): 71 84 1.9618177910882526
list:
dist: 1.9618177910882526 vs. 1.9618177910882526
--------
nle(id0,id1,dist): 71 86 2.3795635670996433
list:
dist: 2.3795635670996433 vs. 2.3795635670996433
--------
nle(id0,id1,dist): 77 95 4.360530543438069
list:
dist: 4.360530543438069 vs. 4.360530543438069
--------
nle(id0,id1,dist): 77 84 2.9055988748727604
list:
dist: 2.9055988748727604 vs. 2.9055988748727604
--------
nle(id0,id1,dist): 77 85 1.4078793799777778
list:
dist: 1.4078793799777778 vs. 1.4078793799777778
--------
nle(id0,id1,dist): 77 86 1.8139883917312452
list:
dist: 1.8139883917312452 vs. 1.8139883917312452
--------
nle(id0,id1,dist): 77 80 1.2841871378397982
list:
dist: 1.2841871378397982 vs. 1.2841871378397982
--------
nle(id0,id1,dist): 77 81 3.668609513389472
list:
dist: 3.668609513389472 vs. 3.668609513389472
--------
nle(id0,id1,dist): 77 82 1.8692832039028011
list:
dist: 1.8692832039028011 vs. 1.8692832039028011
--------
nle(id0,id1,dist): 77 83 1.8663769531457517
list:
dist: 1.8663769531457517 vs. 1.8663769531457517
--------
nle(id0,id1,dist): 76 85 1.727354921600986
list:
dist: 1.727354921600986 vs. 1.727354921600986
--------
nle(id0,id1,dist): 76 86 2.40087530941884
list:
dist: 2.40087530941884 vs. 2.40087530941884
--------
nle(id0,id1,dist): 77 79 2.6105694192977626
list:
dist: 2.6105694192977626 vs. 2.6105694192977626
--------
nle(id0,id1,dist): 77 78 3.222191502786413
list:
dist: 3.222191502786413 vs. 3.222191502786413
--------
nle(id0,id1,dist): 75 95 4.38734045497621
list:
dist: 4.38734045497621 vs. 4.38734045497621
--------
nle(id0,id1,dist): 76 77 2.629428583940637
list:
dist: 2.629428583940637 vs. 2.629428583940637
--------
nle(id0,id1,dist): 76 80 2.2495733045137585
list:
dist: 2.2495733045137585 vs. 2.2495733045137585
--------
nle(id0,id1,dist): 76 79 3.2236098705798066
list:
dist: 3.2236098705798066 vs. 3.2236098705798066
--------
nle(id0,id1,dist): 76 81 2.4294466503047776
list:
dist: 2.4294466503047776 vs. 2.4294466503047776
--------
nle(id0,id1,dist): 76 84 3.474942457142862
list:
dist: 3.474942457142862 vs. 3.474942457142862
--------
nle(id0,id1,dist): 74 105 2.6890732740490364
list:
dist: 2.6890732740490364 vs. 2.6890732740490364
--------
nle(id0,id1,dist): 74 106 3.092310972908166
list:
dist: 3.092310972908166 vs. 3.092310972908166
--------
nle(id0,id1,dist): 74 103 2.3327141621315044
list:
dist: 2.3327141621315044 vs. 2.3327141621315044
--------
nle(id0,id1,dist): 74 104 1.1071178381343794
list:
dist: 1.1071178381343794 vs. 1.1071178381343794
--------
nle(id0,id1,dist): 74 109 2.010815947753054
list:
dist: 2.010815947753054 vs. 2.010815947753054
--------
nle(id0,id1,dist): 74 110 2.5651881315846863
list:
dist: 2.5651881315846863 vs. 2.5651881315846863
--------
nle(id0,id1,dist): 74 107 2.8722575004011666
list:
dist: 2.8722575004011666 vs. 2.8722575004011666
--------
nle(id0,id1,dist): 74 97 1.6693594691642015
list:
dist: 1.6693594691642015 vs. 1.6693594691642015
--------
nle(id0,id1,dist): 74 98 3.003571790507301
list:
dist: 3.003571790507301 vs. 3.003571790507301
--------
nle(id0,id1,dist): 74 95 1.9428618136349258
list:
dist: 1.9428618136349258 vs. 1.9428618136349258
--------
nle(id0,id1,dist): 74 96 3.0051213346040364
list:
dist: 3.0051213346040364 vs. 3.0051213346040364
--------
nle(id0,id1,dist): 74 101 1.7566205231531005
list:
dist: 1.7566205231531005 vs. 1.7566205231531005
--------
nle(id0,id1,dist): 74 102 3.280135318521397
list:
dist: 3.280135318521397 vs. 3.280135318521397
--------
nle(id0,id1,dist): 74 99 3.2982339050616694
list:
dist: 3.2982339050616694 vs. 3.2982339050616694
--------
nle(id0,id1,dist): 74 100 1.175377622449917
list:
dist: 1.175377622449917 vs. 1.175377622449917
--------
nle(id0,id1,dist): 75 85 2.5473120894613714
list:
dist: 2.5473120894613714 vs. 2.5473120894613714
--------
nle(id0,id1,dist): 75 84 2.3350110870789043
list:
dist: 2.3350110870789043 vs. 2.3350110870789043
--------
nle(id0,id1,dist): 75 83 1.1514642968534377
list:
dist: 1.1514642968534377 vs. 1.1514642968534377
--------
nle(id0,id1,dist): 74 119 3.4331483259471645
list:
dist: 3.4331483259471645 vs. 3.4331483259471645
--------
nle(id0,id1,dist): 75 82 1.538112970430144
list:
dist: 1.538112970430144 vs. 1.538112970430144
--------
nle(id0,id1,dist): 75 89 2.219713826645856
list:
dist: 2.219713826645856 vs. 2.219713826645856
--------
nle(id0,id1,dist): 75 88 1.9266433986985476
list:
dist: 1.9266433986985476 vs. 1.9266433986985476
--------
nle(id0,id1,dist): 75 87 2.701775755715411
list:
dist: 2.701775755715411 vs. 2.701775755715411
--------
nle(id0,id1,dist): 75 86 2.195990499366322
list:
dist: 2.195990499366322 vs. 2.195990499366322
--------
nle(id0,id1,dist): 74 114 2.2646779923279867
list:
dist: 2.2646779923279867 vs. 2.2646779923279867
--------
nle(id0,id1,dist): 75 77 2.041464067557411
list:
dist: 2.041464067557411 vs. 2.041464067557411
--------
nle(id0,id1,dist): 74 113 1.4509404561558479
list:
dist: 1.4509404561558479 vs. 1.4509404561558479
--------
nle(id0,id1,dist): 74 112 4.359873710114613
list:
dist: 4.359873710114613 vs. 4.359873710114613
--------
nle(id0,id1,dist): 74 111 3.31315149017681
list:
dist: 3.31315149017681 vs. 3.31315149017681
--------
nle(id0,id1,dist): 75 80 2.1029730210459343
list:
dist: 2.1029730210459343 vs. 2.1029730210459343
--------
nle(id0,id1,dist): 74 117 4.069653144629699
list:
dist: 4.069653144629699 vs. 4.069653144629699
--------
nle(id0,id1,dist): 75 79 2.215438151066112
list:
dist: 2.215438151066112 vs. 2.215438151066112
--------
nle(id0,id1,dist): 75 78 1.2553056245040852
list:
dist: 1.2553056245040852 vs. 1.2553056245040852
--------
nle(id0,id1,dist): 74 115 3.0527216765829333
list:
dist: 3.0527216765829333 vs. 3.0527216765829333
--------
nle(id0,id1,dist): 120 147 2.4800603751947423
list:
dist: 2.4800603751947423 vs. 2.4800603751947423
--------
nle(id0,id1,dist): 120 148 3.2474542621219404
list:
dist: 3.2474542621219404 vs. 3.2474542621219404
--------
nle(id0,id1,dist): 120 137 2.7048237647877156
list:
dist: 2.7048237647877156 vs. 2.7048237647877156
--------
nle(id0,id1,dist): 120 130 2.784435162876532
list:
dist: 2.784435162876532 vs. 2.784435162876532
--------
nle(id0,id1,dist): 120 129 1.239913701883557
list:
dist: 1.239913701883557 vs. 1.239913701883557
--------
nle(id0,id1,dist): 120 132 3.2999288874072676
list:
dist: 3.2999288874072676 vs. 3.2999288874072676
--------
nle(id0,id1,dist): 120 134 3.0985627755435976
list:
dist: 3.0985627755435976 vs. 3.0985627755435976
--------
nle(id0,id1,dist): 120 133 1.9240016514512863
list:
dist: 1.9240016514512863 vs. 1.9240016514512863
--------
nle(id0,id1,dist): 120 121 1.3920116901457045
list:
dist: 1.3920116901457045 vs. 1.3920116901457045
--------
nle(id0,id1,dist): 120 123 2.1679310913122416
list:
dist: 2.1679310913122416 vs. 2.1679310913122416
--------
nle(id0,id1,dist): 120 126 1.5432708888319122
list:
dist: 1.5432708888319122 vs. 1.5432708888319122
--------
nle(id0,id1,dist): 120 128 2.798443120656766
list:
dist: 2.798443120656766 vs. 2.798443120656766
--------
nle(id0,id1,dist): 121 147 2.7958840989652782
list:
dist: 2.7958840989652782 vs. 2.7958840989652782
--------
nle(id0,id1,dist): 121 134 3.6291040405035817
list:
dist: 3.6291040405035817 vs. 3.6291040405035817
--------
nle(id0,id1,dist): 121 132 2.527300285137203
list:
dist: 2.527300285137203 vs. 2.527300285137203
--------
nle(id0,id1,dist): 121 133 2.1920310084555217
list:
dist: 2.1920310084555217 vs. 2.1920310084555217
--------
nle(id0,id1,dist): 121 137 2.4004516720367706
list:
dist: 2.4004516720367706 vs. 2.4004516720367706
--------
nle(id0,id1,dist): 121 126 1.080600585413607
list:
dist: 1.080600585413607 vs. 1.080600585413607
--------
nle(id0,id1,dist): 121 130 2.012328136516169
list:
dist: 2.012328136516169 vs. 2.012328136516169
--------
nle(id0,id1,dist): 121 129 1.987573740320125
list:
dist: 1.987573740320125 vs. 1.987573740320125
--------
nle(id0,id1,dist): 121 123 2.468229624232903
list:
dist: 2.468229624232903 vs. 2.468229624232903
--------
nle(id0,id1,dist): 122 132 2.0878447417230106
list:
dist: 2.0878447417230106 vs. 2.0878447417230106
--------
nle(id0,id1,dist): 122 134 4.108618168578358
list:
dist: 4.108618168578358 vs. 4.108618168578358
--------
nle(id0,id1,dist): 122 133 3.4536679113926185
list:
dist: 3.4536679113926185 vs. 3.4536679113926185
--------
nle(id0,id1,dist): 122 130 1.8932933065064959
list:
dist: 1.8932933065064959 vs. 1.8932933065064959
--------
nle(id0,id1,dist): 122 140 2.297063526151939
list:
dist: 2.297063526151939 vs. 2.297063526151939
--------
nle(id0,id1,dist): 122 142 2.32726418083147
list:
dist: 2.32726418083147 vs. 2.32726418083147
--------
nle(id0,id1,dist): 122 136 2.589519569501738
list:
dist: 2.589519569501738 vs. 2.589519569501738
--------
nle(id0,id1,dist): 122 135 2.5938642687035625
list:
dist: 2.5938642687035625 vs. 2.5938642687035625
--------
nle(id0,id1,dist): 122 137 2.4122921185201838
list:
dist: 2.4122921185201838 vs. 2.4122921185201838
--------
nle(id0,id1,dist): 121 148 3.5685721758058158
list:
dist: 3.5685721758058158 vs. 3.5685721758058158
--------
nle(id0,id1,dist): 122 123 3.504175308834269
list:
dist: 3.504175308834269 vs. 3.504175308834269
--------
nle(id0,id1,dist): 122 124 2.2411608269470817
list:
dist: 2.2411608269470817 vs. 2.2411608269470817
--------
nle(id0,id1,dist): 122 125 4.1155501578687845
list:
dist: 4.1155501578687845 vs. 4.1155501578687845
--------
nle(id0,id1,dist): 122 126 3.1972688773169207
list:
dist: 3.1972688773169207 vs. 3.1972688773169207
--------
nle(id0,id1,dist): 123 129 1.1969145953214064
list:
dist: 1.1969145953214064 vs. 1.1969145953214064
--------
nle(id0,id1,dist): 123 128 1.9962590347403366
list:
dist: 1.9962590347403366 vs. 1.9962590347403366
--------
nle(id0,id1,dist): 123 126 1.4628158646771587
list:
dist: 1.4628158646771587 vs. 1.4628158646771587
--------
nle(id0,id1,dist): 123 125 1.7730800886195055
list:
dist: 1.7730800886195055 vs. 1.7730800886195055
--------
nle(id0,id1,dist): 123 124 1.4622711180750922
list:
dist: 1.4622711180750922 vs. 1.4622711180750922
--------
nle(id0,id1,dist): 123 137 1.095969768396633
list:
dist: 1.095969768396633 vs. 1.095969768396633
--------
nle(id0,id1,dist): 123 136 1.7767815116575016
list:
dist: 1.7767815116575016 vs. 1.7767815116575016
--------
nle(id0,id1,dist): 123 135 2.6180019806338013
list:
dist: 2.6180019806338013 vs. 2.6180019806338013
--------
nle(id0,id1,dist): 123 134 1.4375620532568336
list:
dist: 1.4375620532568336 vs. 1.4375620532568336
--------
nle(id0,id1,dist): 123 133 0.9174742110500601
list:
dist: 0.9174742110500601 vs. 0.9174742110500601
--------
nle(id0,id1,dist): 123 132 2.8010283710116792
list:
dist: 2.8010283710116792 vs. 2.8010283710116792
--------
nle(id0,id1,dist): 123 131 2.7926613982384083
list:
dist: 2.7926613982384083 vs. 2.7926613982384083
--------
nle(id0,id1,dist): 123 130 1.9314796869995665
list:
dist: 1.9314796869995665 vs. 1.9314796869995665
--------
nle(id0,id1,dist): 122 147 3.637324744196094
list:
dist: 3.637324744196094 vs. 3.637324744196094
--------
nle(id0,id1,dist): 122 148 3.7000985522366334
list:
dist: 3.7000985522366334 vs. 3.7000985522366334
--------
nle(id0,id1,dist): 122 145 3.206809891150991
list:
dist: 3.206809891150991 vs. 3.206809891150991
--------
nle(id0,id1,dist): 124 126 2.039016870293862
list:
dist: 2.039016870293862 vs. 2.039016870293862
--------
nle(id0,id1,dist): 124 125 1.956136659607763
list:
dist: 1.956136659607763 vs. 1.956136659607763
--------
nle(id0,id1,dist): 124 128 3.125230174886768
list:
dist: 3.125230174886768 vs. 3.125230174886768
--------
nle(id0,id1,dist): 124 130 1.3430802396336763
list:
dist: 1.3430802396336763 vs. 1.3430802396336763
--------
nle(id0,id1,dist): 124 132 2.077873849293913
list:
dist: 2.077873849293913 vs. 2.077873849293913
--------
nle(id0,id1,dist): 124 131 2.0685932604719075
list:
dist: 2.0685932604719075 vs. 2.0685932604719075
--------
nle(id0,id1,dist): 123 138 2.2748302093518937
list:
dist: 2.2748302093518937 vs. 2.2748302093518937
--------
nle(id0,id1,dist): 123 141 2.238034728367019
list:
dist: 2.238034728367019 vs. 2.238034728367019
--------
nle(id0,id1,dist): 123 142 2.904178028705728
list:
dist: 2.904178028705728 vs. 2.904178028705728
--------
nle(id0,id1,dist): 123 143 2.163145459973542
list:
dist: 2.163145459973542 vs. 2.163145459973542
--------
nle(id0,id1,dist): 123 144 3.7542862840072555
list:
dist: 3.7542862840072555 vs. 3.7542862840072555
--------
nle(id0,id1,dist): 123 145 2.224709355068828
list:
dist: 2.224709355068828 vs. 2.224709355068828
--------
nle(id0,id1,dist): 123 146 2.753735410221338
list:
dist: 2.753735410221338 vs. 2.753735410221338
--------
nle(id0,id1,dist): 123 147 1.5072663309145882
list:
dist: 1.5072663309145882 vs. 1.5072663309145882
--------
nle(id0,id1,dist): 123 148 1.1242891534242614
list:
dist: 1.1242891534242614 vs. 1.1242891534242614
--------
nle(id0,id1,dist): 124 149 2.5800993812865434
list:
dist: 2.5800993812865434 vs. 2.5800993812865434
--------
nle(id0,id1,dist): 125 126 3.1246683210485866
list:
dist: 3.1246683210485866 vs. 3.1246683210485866
--------
nle(id0,id1,dist): 124 135 1.440045838259899
list:
dist: 1.440045838259899 vs. 1.440045838259899
--------
nle(id0,id1,dist): 124 136 0.9045938911686401
list:
dist: 0.9045938911686401 vs. 0.9045938911686401
--------
nle(id0,id1,dist): 124 133 1.5932751207469604
list:
dist: 1.5932751207469604 vs. 1.5932751207469604
--------
nle(id0,id1,dist): 124 134 1.9124748502858988
list:
dist: 1.9124748502858988 vs. 1.9124748502858988
--------
nle(id0,id1,dist): 124 140 2.485447159302789
list:
dist: 2.485447159302789 vs. 2.485447159302789
--------
nle(id0,id1,dist): 124 137 0.6924948514667248
list:
dist: 0.6924948514667248 vs. 0.6924948514667248
--------
nle(id0,id1,dist): 124 138 2.233327012448292
list:
dist: 2.233327012448292 vs. 2.233327012448292
--------
nle(id0,id1,dist): 124 143 1.9641058734527592
list:
dist: 1.9641058734527592 vs. 1.9641058734527592
--------
nle(id0,id1,dist): 124 144 3.375666403289522
list:
dist: 3.375666403289522 vs. 3.375666403289522
--------
nle(id0,id1,dist): 124 141 2.665325329565902
list:
dist: 2.665325329565902 vs. 2.665325329565902
--------
nle(id0,id1,dist): 124 142 1.584299985517398
list:
dist: 1.584299985517398 vs. 1.584299985517398
--------
nle(id0,id1,dist): 124 147 1.7941058492693016
list:
dist: 1.7941058492693016 vs. 1.7941058492693016
--------
nle(id0,id1,dist): 124 148 1.5228694641401912
list:
dist: 1.5228694641401912 vs. 1.5228694641401912
--------
nle(id0,id1,dist): 124 145 1.4838651217458176
list:
dist: 1.4838651217458176 vs. 1.4838651217458176
--------
nle(id0,id1,dist): 124 146 2.395793807121968
list:
dist: 2.395793807121968 vs. 2.395793807121968
--------
nle(id0,id1,dist): 112 117 0.858035958615123
list:
dist: 0.858035958615123 vs. 0.858035958615123
--------
nle(id0,id1,dist): 112 118 1.5171671715765382
list:
dist: 1.5171671715765382 vs. 1.5171671715765382
--------
nle(id0,id1,dist): 112 115 1.7153715742466076
list:
dist: 1.7153715742466076 vs. 1.7153715742466076
--------
nle(id0,id1,dist): 112 116 1.4307583527667227
list:
dist: 1.4307583527667227 vs. 1.4307583527667227
--------
nle(id0,id1,dist): 112 113 3.0557979284600574
list:
dist: 3.0557979284600574 vs. 3.0557979284600574
--------
nle(id0,id1,dist): 112 114 2.2645955954627763
list:
dist: 2.2645955954627763 vs. 2.2645955954627763
--------
nle(id0,id1,dist): 113 117 2.946779897544158
list:
dist: 2.946779897544158 vs. 2.946779897544158
--------
nle(id0,id1,dist): 113 114 1.3985810463554156
list:
dist: 1.3985810463554156 vs. 1.3985810463554156
--------
nle(id0,id1,dist): 113 115 1.9312993019365654
list:
dist: 1.9312993019365654 vs. 1.9312993019365654
--------
nle(id0,id1,dist): 114 117 1.862289295141426
list:
dist: 1.862289295141426 vs. 1.862289295141426
--------
nle(id0,id1,dist): 114 118 1.9305513661418785
list:
dist: 1.9305513661418785 vs. 1.9305513661418785
--------
nle(id0,id1,dist): 114 115 1.0884812878989973
list:
dist: 1.0884812878989973 vs. 1.0884812878989973
--------
nle(id0,id1,dist): 114 116 2.834786331193663
list:
dist: 2.834786331193663 vs. 2.834786331193663
--------
nle(id0,id1,dist): 115 118 2.124019639457089
list:
dist: 2.124019639457089 vs. 2.124019639457089
--------
nle(id0,id1,dist): 115 116 2.671222621032577
list:
dist: 2.671222621032577 vs. 2.671222621032577
--------
nle(id0,id1,dist): 115 117 1.6338470067283197
list:
dist: 1.6338470067283197 vs. 1.6338470067283197
--------
nle(id0,id1,dist): 116 117 1.0481072369725701
list:
dist: 1.0481072369725701 vs. 1.0481072369725701
--------
nle(id0,id1,dist): 116 118 1.0810368339734027
list:
dist: 1.0810368339734027 vs. 1.0810368339734027
--------
nle(id0,id1,dist): 117 118 0.785942389789487
list:
dist: 0.785942389789487 vs. 0.785942389789487
--------
nle(id0,id1,dist): 106 113 2.4511668864501304
list:
dist: 2.4511668864501304 vs. 2.4511668864501304
--------
nle(id0,id1,dist): 106 114 1.0696500461928693
list:
dist: 1.0696500461928693 vs. 1.0696500461928693
--------
nle(id0,id1,dist): 106 111 2.03369862842323
list:
dist: 2.03369862842323 vs. 2.03369862842323
--------
nle(id0,id1,dist): 106 112 2.3063502505736615
list:
dist: 2.3063502505736615 vs. 2.3063502505736615
--------
nle(id0,id1,dist): 106 117 1.6720173639548643
list:
dist: 1.6720173639548643 vs. 1.6720173639548643
--------
nle(id0,id1,dist): 106 118 1.777354660964502
list:
dist: 1.777354660964502 vs. 1.777354660964502
--------
nle(id0,id1,dist): 106 115 1.3572711289161272
list:
dist: 1.3572711289161272 vs. 1.3572711289161272
--------
nle(id0,id1,dist): 106 116 2.497704210342809
list:
dist: 2.497704210342809 vs. 2.497704210342809
--------
nle(id0,id1,dist): 106 110 0.555543811601069
list:
dist: 0.555543811601069 vs. 0.555543811601069
--------
nle(id0,id1,dist): 106 109 2.001808966912424
list:
dist: 2.001808966912424 vs. 2.001808966912424
--------
nle(id0,id1,dist): 106 108 1.7483249416094875
list:
dist: 1.7483249416094875 vs. 1.7483249416094875
--------
nle(id0,id1,dist): 106 107 0.7812168971711915
list:
dist: 0.7812168971711915 vs. 0.7812168971711915
--------
nle(id0,id1,dist): 105 117 2.536082199509103
list:
dist: 2.536082199509103 vs. 2.536082199509103
--------
nle(id0,id1,dist): 105 109 1.9961914740709563
list:
dist: 1.9961914740709563 vs. 1.9961914740709563
--------
nle(id0,id1,dist): 105 111 2.894806895608995
list:
dist: 2.894806895608995 vs. 2.894806895608995
--------
nle(id0,id1,dist): 105 110 1.0488768780342768
list:
dist: 1.0488768780342768 vs. 1.0488768780342768
--------
nle(id0,id1,dist): 105 113 2.228731716450817
list:
dist: 2.228731716450817 vs. 2.228731716450817
--------
nle(id0,id1,dist): 105 112 2.92198364421479
list:
dist: 2.92198364421479 vs. 2.92198364421479
--------
nle(id0,id1,dist): 105 115 1.353717980841011
list:
dist: 1.353717980841011 vs. 1.353717980841011
--------
nle(id0,id1,dist): 105 114 1.3018051340236467
list:
dist: 1.3018051340236467 vs. 1.3018051340236467
--------
nle(id0,id1,dist): 105 107 1.3888666787562636
list:
dist: 1.3888666787562636 vs. 1.3888666787562636
--------
nle(id0,id1,dist): 105 106 1.125756190891676
list:
dist: 1.125756190891676 vs. 1.125756190891676
--------
nle(id0,id1,dist): 108 115 2.5778029625750536
list:
dist: 2.5778029625750536 vs. 2.5778029625750536
--------
nle(id0,id1,dist): 108 116 1.4973613158677406
list:
dist: 1.4973613158677406 vs. 1.4973613158677406
--------
nle(id0,id1,dist): 108 114 2.189006764455542
list:
dist: 2.189006764455542 vs. 2.189006764455542
--------
nle(id0,id1,dist): 108 111 1.3589502409436052
list:
dist: 1.3589502409436052 vs. 1.3589502409436052
--------
nle(id0,id1,dist): 108 112 2.2756586898152733
list:
dist: 2.2756586898152733 vs. 2.2756586898152733
--------
nle(id0,id1,dist): 108 110 1.9571131939774415
list:
dist: 1.9571131939774415 vs. 1.9571131939774415
--------
nle(id0,id1,dist): 107 118 2.1570742214100127
list:
dist: 2.1570742214100127 vs. 2.1570742214100127
--------
nle(id0,id1,dist): 107 114 1.3674819690837892
list:
dist: 1.3674819690837892 vs. 1.3674819690837892
--------
nle(id0,id1,dist): 107 115 2.0309250058146384
list:
dist: 2.0309250058146384 vs. 2.0309250058146384
--------
nle(id0,id1,dist): 107 116 2.9931594600224636
list:
dist: 2.9931594600224636 vs. 2.9931594600224636
--------
nle(id0,id1,dist): 107 117 2.2895114732088433
list:
dist: 2.2895114732088433 vs. 2.2895114732088433
--------
nle(id0,id1,dist): 107 110 0.8656987435902782
list:
dist: 0.8656987435902782 vs. 0.8656987435902782
--------
nle(id0,id1,dist): 107 111 2.193867193455706
list:
dist: 2.193867193455706 vs. 2.193867193455706
--------
nle(id0,id1,dist): 107 112 2.9975694480297475
list:
dist: 2.9975694480297475 vs. 2.9975694480297475
--------
nle(id0,id1,dist): 107 113 2.5973708295642624
list:
dist: 2.5973708295642624 vs. 2.5973708295642624
--------
nle(id0,id1,dist): 107 108 1.8727400571469903
list:
dist: 1.8727400571469903 vs. 1.8727400571469903
--------
nle(id0,id1,dist): 107 109 1.3549810570263945
list:
dist: 1.3549810570263945 vs. 1.3549810570263945
--------
nle(id0,id1,dist): 109 114 1.912149005175455
list:
dist: 1.912149005175455 vs. 1.912149005175455
--------
nle(id0,id1,dist): 109 115 2.8520451933581596
list:
dist: 2.8520451933581596 vs. 2.8520451933581596
--------
nle(id0,id1,dist): 109 112 4.046719385723894
list:
dist: 4.046719385723894 vs. 4.046719385723894
--------
nle(id0,id1,dist): 109 113 2.45981645391486
list:
dist: 2.45981645391486 vs. 2.45981645391486
--------
nle(id0,id1,dist): 109 117 3.4203424187722944
list:
dist: 3.4203424187722944 vs. 3.4203424187722944
--------
nle(id0,id1,dist): 109 111 2.8083164630189565
list:
dist: 2.8083164630189565 vs. 2.8083164630189565
--------
nle(id0,id1,dist): 109 110 1.729617835025076
list:
dist: 1.729617835025076 vs. 1.729617835025076
--------
nle(id0,id1,dist): 108 117 1.4470719526403313
list:
dist: 1.4470719526403313 vs. 1.4470719526403313
--------
nle(id0,id1,dist): 108 118 0.8364397324526612
list:
dist: 0.8364397324526612 vs. 0.8364397324526612
--------
nle(id0,id1,dist): 111 118 0.9998390051931084
list:
dist: 0.9998390051931084 vs. 0.9998390051931084
--------
nle(id0,id1,dist): 111 116 2.005045436005807
list:
dist: 2.005045436005807 vs. 2.005045436005807
--------
nle(id0,id1,dist): 111 117 1.5688297378058926
list:
dist: 1.5688297378058926 vs. 1.5688297378058926
--------
nle(id0,id1,dist): 111 114 1.722182450976012
list:
dist: 1.722182450976012 vs. 1.722182450976012
--------
nle(id0,id1,dist): 111 115 2.3090198104552724
list:
dist: 2.3090198104552724 vs. 2.3090198104552724
--------
nle(id0,id1,dist): 111 112 2.0909545682303796
list:
dist: 2.0909545682303796 vs. 2.0909545682303796
--------
nle(id0,id1,dist): 111 113 2.4447220084244825
list:
dist: 2.4447220084244825 vs. 2.4447220084244825
--------
nle(id0,id1,dist): 110 111 1.8644870528067612
list:
dist: 1.8644870528067612 vs. 1.8644870528067612
--------
nle(id0,id1,dist): 110 112 2.376479481797983
list:
dist: 2.376479481797983 vs. 2.376479481797983
--------
nle(id0,id1,dist): 110 113 1.91466977323317
list:
dist: 1.91466977323317 vs. 1.91466977323317
--------
nle(id0,id1,dist): 110 114 0.5588237672699298
list:
dist: 0.5588237672699298 vs. 0.5588237672699298
--------
nle(id0,id1,dist): 110 115 1.2296708489284727
list:
dist: 1.2296708489284727 vs. 1.2296708489284727
--------
nle(id0,id1,dist): 110 116 2.7397847436517764
list:
dist: 2.7397847436517764 vs. 2.7397847436517764
--------
nle(id0,id1,dist): 110 117 1.8279437483527934
list:
dist: 1.8279437483527934 vs. 1.8279437483527934
--------
nle(id0,id1,dist): 110 118 1.8785035949462743
list:
dist: 1.8785035949462743 vs. 1.8785035949462743
--------
nle(id0,id1,dist): 99 107 1.1130480370800873
list:
dist: 1.1130480370800873 vs. 1.1130480370800873
--------
nle(id0,id1,dist): 99 106 0.3701163169290827
list:
dist: 0.3701163169290827 vs. 0.3701163169290827
--------
nle(id0,id1,dist): 99 109 2.3322325037122367
list:
dist: 2.3322325037122367 vs. 2.3322325037122367
--------
nle(id0,id1,dist): 99 108 1.606418826803825
list:
dist: 1.606418826803825 vs. 1.606418826803825
--------
nle(id0,id1,dist): 99 111 1.8978513662837915
list:
dist: 1.8978513662837915 vs. 1.8978513662837915
--------
nle(id0,id1,dist): 99 110 0.7408046730219684
list:
dist: 0.7408046730219684 vs. 0.7408046730219684
--------
nle(id0,id1,dist): 99 113 2.505041936209707
list:
dist: 2.505041936209707 vs. 2.505041936209707
--------
nle(id0,id1,dist): 99 112 1.949741982224081
list:
dist: 1.949741982224081 vs. 1.949741982224081
--------
nle(id0,id1,dist): 99 100 2.94369389436723
list:
dist: 2.94369389436723 vs. 2.94369389436723
--------
nle(id0,id1,dist): 99 103 2.782048801052821
list:
dist: 2.782048801052821 vs. 2.782048801052821
--------
nle(id0,id1,dist): 99 105 1.3452797628509994
list:
dist: 1.3452797628509994 vs. 1.3452797628509994
--------
nle(id0,id1,dist): 99 104 2.2249843583035958
list:
dist: 2.2249843583035958 vs. 2.2249843583035958
--------
nle(id0,id1,dist): 99 114 1.122529611893486
list:
dist: 1.122529611893486 vs. 1.122529611893486
--------
nle(id0,id1,dist): 99 115 1.2039689420277953
list:
dist: 1.2039689420277953 vs. 1.2039689420277953
--------
nle(id0,id1,dist): 99 116 2.171059637977403
list:
dist: 2.171059637977403 vs. 2.171059637977403
--------
nle(id0,id1,dist): 99 117 1.317916950851865
list:
dist: 1.317916950851865 vs. 1.317916950851865
--------
nle(id0,id1,dist): 99 118 1.5152994995632243
list:
dist: 1.5152994995632243 vs. 1.5152994995632243
--------
nle(id0,id1,dist): 98 114 3.5047267983193455
list:
dist: 3.5047267983193455 vs. 3.5047267983193455
--------
nle(id0,id1,dist): 98 106 3.410221164294415
list:
dist: 3.410221164294415 vs. 3.410221164294415
--------
nle(id0,id1,dist): 98 105 2.7471080817546807
list:
dist: 2.7471080817546807 vs. 2.7471080817546807
--------
nle(id0,id1,dist): 98 104 2.8322845226952844
list:
dist: 2.8322845226952844 vs. 2.8322845226952844
--------
nle(id0,id1,dist): 98 103 2.040166680478198
list:
dist: 2.040166680478198 vs. 2.040166680478198
--------
nle(id0,id1,dist): 98 110 3.2752015418244795
list:
dist: 3.2752015418244795 vs. 3.2752015418244795
--------
nle(id0,id1,dist): 98 109 2.162061926703647
list:
dist: 2.162061926703647 vs. 2.162061926703647
--------
nle(id0,id1,dist): 98 107 2.926956988466009
list:
dist: 2.926956988466009 vs. 2.926956988466009
--------
nle(id0,id1,dist): 101 103 2.7770067437719277
list:
dist: 2.7770067437719277 vs. 2.7770067437719277
--------
nle(id0,id1,dist): 101 102 1.8408325538326007
list:
dist: 1.8408325538326007 vs. 1.8408325538326007
--------
nle(id0,id1,dist): 101 113 2.5633064277491213
list:
dist: 2.5633064277491213 vs. 2.5633064277491213
--------
nle(id0,id1,dist): 101 109 2.5497927059987395
list:
dist: 2.5497927059987395 vs. 2.5497927059987395
--------
nle(id0,id1,dist): 101 104 1.9253815175812374
list:
dist: 1.9253815175812374 vs. 1.9253815175812374
--------
nle(id0,id1,dist): 101 105 2.5855512954911353
list:
dist: 2.5855512954911353 vs. 2.5855512954911353
--------
nle(id0,id1,dist): 100 107 2.5676892280502788
list:
dist: 2.5676892280502788 vs. 2.5676892280502788
--------
nle(id0,id1,dist): 100 106 2.7014547196026433
list:
dist: 2.7014547196026433 vs. 2.7014547196026433
--------
nle(id0,id1,dist): 100 105 1.926458019905596
list:
dist: 1.926458019905596 vs. 1.926458019905596
--------
nle(id0,id1,dist): 100 104 1.0092565109500933
list:
dist: 1.0092565109500933 vs. 1.0092565109500933
--------
nle(id0,id1,dist): 100 103 2.3084770045687795
list:
dist: 2.3084770045687795 vs. 2.3084770045687795
--------
nle(id0,id1,dist): 100 102 2.4892744536354607
list:
dist: 2.4892744536354607 vs. 2.4892744536354607
--------
nle(id0,id1,dist): 100 101 0.9211393171865986
list:
dist: 0.9211393171865986 vs. 0.9211393171865986
--------
nle(id0,id1,dist): 100 117 3.9375870674243068
list:
dist: 3.9375870674243068 vs. 3.9375870674243068
--------
nle(id0,id1,dist): 100 115 2.6212897718617936
list:
dist: 2.6212897718617936 vs. 2.6212897718617936
--------
nle(id0,id1,dist): 100 113 1.7191903081065902
list:
dist: 1.7191903081065902 vs. 1.7191903081065902
--------
nle(id0,id1,dist): 100 114 2.104362652009883
list:
dist: 2.104362652009883 vs. 2.104362652009883
--------
nle(id0,id1,dist): 100 111 3.6200888587129265
list:
dist: 3.6200888587129265 vs. 3.6200888587129265
--------
nle(id0,id1,dist): 100 112 4.216244987098207
list:
dist: 4.216244987098207 vs. 4.216244987098207
--------
nle(id0,id1,dist): 100 109 1.9420172295271498
list:
dist: 1.9420172295271498 vs. 1.9420172295271498
--------
nle(id0,id1,dist): 100 110 2.265460587594241
list:
dist: 2.265460587594241 vs. 2.265460587594241
--------
nle(id0,id1,dist): 103 105 2.456175043575745
list:
dist: 2.456175043575745 vs. 2.456175043575745
--------
nle(id0,id1,dist): 103 104 2.0610734003326066
list:
dist: 2.0610734003326066 vs. 2.0610734003326066
--------
nle(id0,id1,dist): 103 107 1.7243132670339676
list:
dist: 1.7243132670339676 vs. 1.7243132670339676
--------
nle(id0,id1,dist): 103 106 2.44342831075806
list:
dist: 2.44342831075806 vs. 2.44342831075806
--------
nle(id0,id1,dist): 103 109 0.5480051195954964
list:
dist: 0.5480051195954964 vs. 0.5480051195954964
--------
nle(id0,id1,dist): 102 105 3.3933367443033178
list:
dist: 3.3933367443033178 vs. 3.3933367443033178
--------
nle(id0,id1,dist): 102 104 3.328001377630595
list:
dist: 3.328001377630595 vs. 3.328001377630595
--------
nle(id0,id1,dist): 102 103 3.042095272530498
list:
dist: 3.042095272530498 vs. 3.042095272530498
--------
nle(id0,id1,dist): 102 109 3.097810120326243
list:
dist: 3.097810120326243 vs. 3.097810120326243
--------
nle(id0,id1,dist): 104 109 1.5611392126650387
list:
dist: 1.5611392126650387 vs. 1.5611392126650387
--------
nle(id0,id1,dist): 104 110 1.5030969366347664
list:
dist: 1.5030969366347664 vs. 1.5030969366347664
--------
nle(id0,id1,dist): 104 111 2.618242036857267
list:
dist: 2.618242036857267 vs. 2.618242036857267
--------
nle(id0,id1,dist): 104 112 3.4090834568269077
list:
dist: 3.4090834568269077 vs. 3.4090834568269077
--------
nle(id0,id1,dist): 104 105 1.6403890335722657
list:
dist: 1.6403890335722657 vs. 1.6403890335722657
--------
nle(id0,id1,dist): 104 106 2.0283146108885903
list:
dist: 2.0283146108885903 vs. 2.0283146108885903
--------
nle(id0,id1,dist): 104 107 1.9445639207516412
list:
dist: 1.9445639207516412 vs. 1.9445639207516412
--------
nle(id0,id1,dist): 104 117 3.0830988505522834
list:
dist: 3.0830988505522834 vs. 3.0830988505522834
--------
nle(id0,id1,dist): 104 113 1.0095318411454612
list:
dist: 1.0095318411454612 vs. 1.0095318411454612
--------
nle(id0,id1,dist): 104 114 1.2262000320117479
list:
dist: 1.2262000320117479 vs. 1.2262000320117479
--------
nle(id0,id1,dist): 104 115 2.004002301362507
list:
dist: 2.004002301362507 vs. 2.004002301362507
--------
nle(id0,id1,dist): 103 114 2.450139568630014
list:
dist: 2.450139568630014 vs. 2.450139568630014
--------
nle(id0,id1,dist): 103 110 2.2344602658595205
list:
dist: 2.2344602658595205 vs. 2.2344602658595205
--------
nle(id0,id1,dist): 147 148 1.9839817846637675
list:
dist: 1.9839817846637675 vs. 1.9839817846637675
--------
nle(id0,id1,dist): 146 147 2.341812044672476
list:
dist: 2.341812044672476 vs. 2.341812044672476
--------
nle(id0,id1,dist): 146 148 2.0033355595163327
list:
dist: 2.0033355595163327 vs. 2.0033355595163327
--------
nle(id0,id1,dist): 146 149 1.6852718228824322
list:
dist: 1.6852718228824322 vs. 1.6852718228824322
--------
nle(id0,id1,dist): 144 148 2.6667842943263875
list:
dist: 2.6667842943263875 vs. 2.6667842943263875
--------
nle(id0,id1,dist): 144 146 1.7924993376526583
list:
dist: 1.7924993376526583 vs. 1.7924993376526583
--------
nle(id0,id1,dist): 144 145 2.5198218421022003
list:
dist: 2.5198218421022003 vs. 2.5198218421022003
--------
nle(id0,id1,dist): 144 149 1.31718526151706
list:
dist: 1.31718526151706 vs. 1.31718526151706
--------
nle(id0,id1,dist): 145 149 1.848570655021698
list:
dist: 1.848570655021698 vs. 1.848570655021698
--------
nle(id0,id1,dist): 145 148 1.7816653576747161
list:
dist: 1.7816653576747161 vs. 1.7816653576747161
--------
nle(id0,id1,dist): 145 147 1.7412874952145023
list:
dist: 1.7412874952145023 vs. 1.7412874952145023
--------
nle(id0,id1,dist): 145 146 1.0704945594685025
list:
dist: 1.0704945594685025 vs. 1.0704945594685025
--------
nle(id0,id1,dist): 142 149 1.471268520428458
list:
dist: 1.471268520428458 vs. 1.471268520428458
--------
nle(id0,id1,dist): 142 147 2.913637815120214
list:
dist: 2.913637815120214 vs. 2.913637815120214
--------
nle(id0,id1,dist): 142 148 2.4007314387199883
list:
dist: 2.4007314387199883 vs. 2.4007314387199883
--------
nle(id0,id1,dist): 142 145 1.4777561967370738
list:
dist: 1.4777561967370738 vs. 1.4777561967370738
--------
nle(id0,id1,dist): 142 143 2.011625154741922
list:
dist: 2.011625154741922 vs. 2.011625154741922
--------
nle(id0,id1,dist): 142 144 2.6933605364643984
list:
dist: 2.6933605364643984 vs. 2.6933605364643984
--------
nle(id0,id1,dist): 143 146 1.1156057079994866
list:
dist: 1.1156057079994866 vs. 1.1156057079994866
--------
nle(id0,id1,dist): 143 148 1.133999098894186
list:
dist: 1.133999098894186 vs. 1.133999098894186
--------
nle(id0,id1,dist): 143 149 1.565782555709472
list:
dist: 1.565782555709472 vs. 1.565782555709472
--------
nle(id0,id1,dist): 143 144 1.6065191400943977
list:
dist: 1.6065191400943977 vs. 1.6065191400943977
--------
nle(id0,id1,dist): 143 145 1.3723098512574143
list:
dist: 1.3723098512574143 vs. 1.3723098512574143
--------
nle(id0,id1,dist): 141 142 3.060082665996891
list:
dist: 3.060082665996891 vs. 3.060082665996891
--------
nle(id0,id1,dist): 141 143 1.1834501654345082
list:
dist: 1.1834501654345082 vs. 1.1834501654345082
--------
nle(id0,id1,dist): 140 149 1.9338671500572828
list:
dist: 1.9338671500572828 vs. 1.9338671500572828
--------
nle(id0,id1,dist): 141 145 2.462783957461414
list:
dist: 2.462783957461414 vs. 2.462783957461414
--------
nle(id0,id1,dist): 141 144 2.0560246541288643
list:
dist: 2.0560246541288643 vs. 2.0560246541288643
--------
nle(id0,id1,dist): 141 146 2.1041541753993607
list:
dist: 2.1041541753993607 vs. 2.1041541753993607
--------
nle(id0,id1,dist): 141 148 1.2290961129659939
list:
dist: 1.2290961129659939 vs. 1.2290961129659939
--------
nle(id0,id1,dist): 140 145 2.4891047860396056
list:
dist: 2.4891047860396056 vs. 2.4891047860396056
--------
nle(id0,id1,dist): 140 142 1.0570994486018062
list:
dist: 1.0570994486018062 vs. 1.0570994486018062
--------
nle(id0,id1,dist): 140 143 2.9476040860578068
list:
dist: 2.9476040860578068 vs. 2.9476040860578068
--------
nle(id0,id1,dist): 140 144 3.2386891742058004
list:
dist: 3.2386891742058004 vs. 3.2386891742058004
--------
nle(id0,id1,dist): 138 141 1.0708937772277476
list:
dist: 1.0708937772277476 vs. 1.0708937772277476
--------
nle(id0,id1,dist): 138 142 2.31550988644978
list:
dist: 2.31550988644978 vs. 2.31550988644978
--------
nle(id0,id1,dist): 138 140 3.248319789366167
list:
dist: 3.248319789366167 vs. 3.248319789366167
--------
nle(id0,id1,dist): 138 149 1.7549311342875842
list:
dist: 1.7549311342875842 vs. 1.7549311342875842
--------
nle(id0,id1,dist): 138 148 1.2599015759075496
list:
dist: 1.2599015759075496 vs. 1.2599015759075496
--------
nle(id0,id1,dist): 138 146 1.0505316724262088
list:
dist: 1.0505316724262088 vs. 1.0505316724262088
--------
nle(id0,id1,dist): 138 145 1.5311442888135045
list:
dist: 1.5311442888135045 vs. 1.5311442888135045
--------
nle(id0,id1,dist): 138 144 1.559305638631057
list:
dist: 1.559305638631057 vs. 1.559305638631057
--------
nle(id0,id1,dist): 138 143 0.3380864522937721
list:
dist: 0.3380864522937721 vs. 0.3380864522937721
--------
nle(id0,id1,dist): 137 144 3.879074447833029
list:
dist: 3.879074447833029 vs. 3.879074447833029
--------
nle(id0,id1,dist): 137 145 2.0669893141801388
list:
dist: 2.0669893141801388 vs. 2.0669893141801388
--------
nle(id0,id1,dist): 137 147 1.808002604210028
list:
dist: 1.808002604210028 vs. 1.808002604210028
--------
nle(id0,id1,dist): 137 141 2.8194079312659097
list:
dist: 2.8194079312659097 vs. 2.8194079312659097
--------
nle(id0,id1,dist): 137 142 2.250116920732257
list:
dist: 2.250116920732257 vs. 2.250116920732257
--------
nle(id0,id1,dist): 137 143 2.378540619534094
list:
dist: 2.378540619534094 vs. 2.378540619534094
--------
nle(id0,id1,dist): 137 138 2.6130635867423924
list:
dist: 2.6130635867423924 vs. 2.6130635867423924
--------
nle(id0,id1,dist): 137 148 1.6043738760483213
list:
dist: 1.6043738760483213 vs. 1.6043738760483213
--------
nle(id0,id1,dist): 136 147 2.459254410863331
list:
dist: 2.459254410863331 vs. 2.459254410863331
--------
nle(id0,id1,dist): 136 148 1.2916533318819303
list:
dist: 1.2916533318819303 vs. 1.2916533318819303
--------
nle(id0,id1,dist): 136 145 1.6892757767439135
list:
dist: 1.6892757767439135 vs. 1.6892757767439135
--------
nle(id0,id1,dist): 136 149 2.0562321714605996
list:
dist: 2.0562321714605996 vs. 2.0562321714605996
--------
nle(id0,id1,dist): 136 140 2.243293783663866
list:
dist: 2.243293783663866 vs. 2.243293783663866
--------
nle(id0,id1,dist): 136 137 1.2930699547537758
list:
dist: 1.2930699547537758 vs. 1.2930699547537758
--------
nle(id0,id1,dist): 136 138 1.8776051997588992
list:
dist: 1.8776051997588992 vs. 1.8776051997588992
--------
nle(id0,id1,dist): 136 143 1.5586752930284513
list:
dist: 1.5586752930284513 vs. 1.5586752930284513
--------
nle(id0,id1,dist): 136 144 2.7872114178149467
list:
dist: 2.7872114178149467 vs. 2.7872114178149467
--------
nle(id0,id1,dist): 136 141 2.1740336422339643
list:
dist: 2.1740336422339643 vs. 2.1740336422339643
--------
nle(id0,id1,dist): 136 142 1.4080456356850852
list:
dist: 1.4080456356850852 vs. 1.4080456356850852
--------
nle(id0,id1,dist): 135 142 0.46474642358929497
list:
dist: 0.46474642358929497 vs. 0.46474642358929497
--------
nle(id0,id1,dist): 135 143 1.5927976133194799
list:
dist: 1.5927976133194799 vs. 1.5927976133194799
--------
nle(id0,id1,dist): 135 144 2.368847436445899
list:
dist: 2.368847436445899 vs. 2.368847436445899
--------
nle(id0,id1,dist): 135 145 1.3365023573350858
list:
dist: 1.3365023573350858 vs. 1.3365023573350858
--------
nle(id0,id1,dist): 135 146 1.919384977363285
list:
dist: 1.919384977363285 vs. 1.919384977363285
--------
nle(id0,id1,dist): 135 147 2.7719156772692295
list:
dist: 2.7719156772692295 vs. 2.7719156772692295
--------
nle(id0,id1,dist): 135 148 1.9981104094067914
list:
dist: 1.9981104094067914 vs. 1.9981104094067914
--------
nle(id0,id1,dist): 135 149 1.2604025918633144
list:
dist: 1.2604025918633144 vs. 1.2604025918633144
--------
nle(id0,id1,dist): 134 148 1.1584667027400033
list:
dist: 1.1584667027400033 vs. 1.1584667027400033
--------
nle(id0,id1,dist): 134 147 1.2548317699137126
list:
dist: 1.2548317699137126 vs. 1.2548317699137126
--------
nle(id0,id1,dist): 135 140 1.4097974799984891
list:
dist: 1.4097974799984891 vs. 1.4097974799984891
--------
nle(id0,id1,dist): 135 141 2.605077746065057
list:
dist: 2.605077746065057 vs. 2.605077746065057
--------
nle(id0,id1,dist): 135 138 1.9103736843232684
list:
dist: 1.9103736843232684 vs. 1.9103736843232684
--------
nle(id0,id1,dist): 135 136 1.0725580588335626
list:
dist: 1.0725580588335626 vs. 1.0725580588335626
--------
nle(id0,id1,dist): 135 137 2.0880804116792544
list:
dist: 2.0880804116792544 vs. 2.0880804116792544
--------
nle(id0,id1,dist): 134 135 2.4257178016072802
list:
dist: 2.4257178016072802 vs. 2.4257178016072802
--------
nle(id0,id1,dist): 134 136 2.099800730593723
list:
dist: 2.099800730593723 vs. 2.099800730593723
--------
nle(id0,id1,dist): 134 137 2.0653892877465116
list:
dist: 2.0653892877465116 vs. 2.0653892877465116
--------
nle(id0,id1,dist): 134 138 1.3532555691088892
list:
dist: 1.3532555691088892 vs. 1.3532555691088892
--------
nle(id0,id1,dist): 134 143 1.4117484006130254
list:
dist: 1.4117484006130254 vs. 1.4117484006130254
--------
nle(id0,id1,dist): 134 144 2.883824525392451
list:
dist: 2.883824525392451 vs. 2.883824525392451
--------
nle(id0,id1,dist): 134 145 1.4853534717717247
list:
dist: 1.4853534717717247 vs. 1.4853534717717247
--------
nle(id0,id1,dist): 134 146 1.5637087775752208
list:
dist: 1.5637087775752208 vs. 1.5637087775752208
--------
nle(id0,id1,dist): 134 141 1.7683326368112207
list:
dist: 1.7683326368112207 vs. 1.7683326368112207
--------
nle(id0,id1,dist): 134 142 2.7327693622619105
list:
dist: 2.7327693622619105 vs. 2.7327693622619105
--------
nle(id0,id1,dist): 133 135 2.8396958849843825
list:
dist: 2.8396958849843825 vs. 2.8396958849843825
--------
nle(id0,id1,dist): 133 134 1.4707375355374133
list:
dist: 1.4707375355374133 vs. 1.4707375355374133
--------
nle(id0,id1,dist): 133 138 2.630305963067579
list:
dist: 2.630305963067579 vs. 2.630305963067579
--------
nle(id0,id1,dist): 133 136 2.249879481706494
list:
dist: 2.249879481706494 vs. 2.249879481706494
--------
nle(id0,id1,dist): 133 137 1.3261678855219494
list:
dist: 1.3261678855219494 vs. 1.3261678855219494
--------
nle(id0,id1,dist): 133 142 3.020526273593367
list:
dist: 3.020526273593367 vs. 3.020526273593367
--------
nle(id0,id1,dist): 133 143 2.542282066583599
list:
dist: 2.542282066583599 vs. 2.542282066583599
--------
nle(id0,id1,dist): 133 141 2.871678298671057
list:
dist: 2.871678298671057 vs. 2.871678298671057
--------
nle(id0,id1,dist): 133 146 2.7722944383524752
list:
dist: 2.7722944383524752 vs. 2.7722944383524752
--------
nle(id0,id1,dist): 133 147 0.7647274186344665
list:
dist: 0.7647274186344665 vs. 0.7647274186344665
--------
nle(id0,id1,dist): 133 144 4.133552448066347
list:
dist: 4.133552448066347 vs. 4.133552448066347
--------
nle(id0,id1,dist): 133 145 2.114201803886235
list:
dist: 2.114201803886235 vs. 2.114201803886235
--------
nle(id0,id1,dist): 133 148 1.7735970362131472
list:
dist: 1.7735970362131472 vs. 1.7735970362131472
--------
nle(id0,id1,dist): 132 134 3.2726583688705064
list:
dist: 3.2726583688705064 vs. 3.2726583688705064
--------
nle(id0,id1,dist): 132 133 2.226618774707405
list:
dist: 2.226618774707405 vs. 2.226618774707405
--------
nle(id0,id1,dist): 132 136 2.943664045208635
list:
dist: 2.943664045208635 vs. 2.943664045208635
--------
nle(id0,id1,dist): 132 135 3.094504938758136
list:
dist: 3.094504938758136 vs. 3.094504938758136
--------
nle(id0,id1,dist): 132 137 2.0624352485411057
list:
dist: 2.0624352485411057 vs. 2.0624352485411057
--------
nle(id0,id1,dist): 132 142 2.937151070920619
list:
dist: 2.937151070920619 vs. 2.937151070920619
--------
nle(id0,id1,dist): 132 145 2.765750348924645
list:
dist: 2.765750348924645 vs. 2.765750348924645
--------
nle(id0,id1,dist): 132 147 2.264162905685119
list:
dist: 2.264162905685119 vs. 2.264162905685119
--------
nle(id0,id1,dist): 132 148 3.4126142131660013
list:
dist: 3.4126142131660013 vs. 3.4126142131660013
--------
nle(id0,id1,dist): 131 146 1.8507484739470452
list:
dist: 1.8507484739470452 vs. 1.8507484739470452
--------
nle(id0,id1,dist): 131 149 0.8956549842522107
list:
dist: 0.8956549842522107 vs. 0.8956549842522107
--------
nle(id0,id1,dist): 131 148 1.8357060723110734
list:
dist: 1.8357060723110734 vs. 1.8357060723110734
--------
nle(id0,id1,dist): 131 142 1.4340055737704496
list:
dist: 1.4340055737704496 vs. 1.4340055737704496
--------
nle(id0,id1,dist): 131 143 1.1634320696413765
list:
dist: 1.1634320696413765 vs. 1.1634320696413765
--------
nle(id0,id1,dist): 131 144 1.5630129801417165
list:
dist: 1.5630129801417165 vs. 1.5630129801417165
--------
nle(id0,id1,dist): 131 145 1.8141241936683843
list:
dist: 1.8141241936683843 vs. 1.8141241936683843
--------
nle(id0,id1,dist): 131 138 1.4442398428024006
list:
dist: 1.4442398428024006 vs. 1.4442398428024006
--------
nle(id0,id1,dist): 131 140 2.082932123308574
list:
dist: 2.082932123308574 vs. 2.082932123308574
--------
nle(id0,id1,dist): 131 141 1.9432597501225286
list:
dist: 1.9432597501225286 vs. 1.9432597501225286
--------
nle(id0,id1,dist): 131 134 2.456104914137743
list:
dist: 2.456104914137743 vs. 2.456104914137743
--------
nle(id0,id1,dist): 131 135 1.0218488688645884
list:
dist: 1.0218488688645884 vs. 1.0218488688645884
--------
nle(id0,id1,dist): 131 136 1.3442879936604597
list:
dist: 1.3442879936604597 vs. 1.3442879936604597
--------
nle(id0,id1,dist): 131 137 2.5860277978435655
list:
dist: 2.5860277978435655 vs. 2.5860277978435655
--------
nle(id0,id1,dist): 131 133 3.2376929455875323
list:
dist: 3.2376929455875323 vs. 3.2376929455875323
--------
nle(id0,id1,dist): 130 147 2.1626427060983913
list:
dist: 2.1626427060983913 vs. 2.1626427060983913
--------
nle(id0,id1,dist): 130 148 2.601204131298383
list:
dist: 2.601204131298383 vs. 2.601204131298383
--------
nle(id0,id1,dist): 130 145 2.6175947596743048
list:
dist: 2.6175947596743048 vs. 2.6175947596743048
--------
nle(id0,id1,dist): 130 142 2.636091216033529
list:
dist: 2.636091216033529 vs. 2.636091216033529
--------
nle(id0,id1,dist): 130 137 1.0162716834197811
list:
dist: 1.0162716834197811 vs. 1.0162716834197811
--------
nle(id0,id1,dist): 130 135 2.6459893779441432
list:
dist: 2.6459893779441432 vs. 2.6459893779441432
--------
nle(id0,id1,dist): 130 136 2.1005327692075153
list:
dist: 2.1005327692075153 vs. 2.1005327692075153
--------
nle(id0,id1,dist): 130 132 1.2744956337143223
list:
dist: 1.2744956337143223 vs. 1.2744956337143223
--------
nle(id0,id1,dist): 130 134 2.849343226990086
list:
dist: 2.849343226990086 vs. 2.849343226990086
--------
nle(id0,id1,dist): 130 133 1.7520355450387264
list:
dist: 1.7520355450387264 vs. 1.7520355450387264
--------
nle(id0,id1,dist): 129 148 2.1697343155418767
list:
dist: 2.1697343155418767 vs. 2.1697343155418767
--------
nle(id0,id1,dist): 129 141 3.0204593377064017
list:
dist: 3.0204593377064017 vs. 3.0204593377064017
--------
nle(id0,id1,dist): 129 147 2.169703996054732
list:
dist: 2.169703996054732 vs. 2.169703996054732
--------
nle(id0,id1,dist): 129 134 2.315011432914313
list:
dist: 2.315011432914313 vs. 2.315011432914313
--------
nle(id0,id1,dist): 129 133 1.4932286037083875
list:
dist: 1.4932286037083875 vs. 1.4932286037083875
--------
nle(id0,id1,dist): 129 132 3.3665775318267697
list:
dist: 3.3665775318267697 vs. 3.3665775318267697
--------
nle(id0,id1,dist): 129 137 2.012151351355503
list:
dist: 2.012151351355503 vs. 2.012151351355503
--------
nle(id0,id1,dist): 129 130 2.5198032162217525
list:
dist: 2.5198032162217525 vs. 2.5198032162217525
--------
nle(id0,id1,dist): 128 147 2.0791893942930186
list:
dist: 2.0791893942930186 vs. 2.0791893942930186
--------
nle(id0,id1,dist): 128 148 2.053575724910899
list:
dist: 2.053575724910899 vs. 2.053575724910899
--------
nle(id0,id1,dist): 128 145 2.918023003822378
list:
dist: 2.918023003822378 vs. 2.918023003822378
--------
nle(id0,id1,dist): 128 146 2.7703471072984995
list:
dist: 2.7703471072984995 vs. 2.7703471072984995
--------
nle(id0,id1,dist): 128 133 2.0923646221131538
list:
dist: 2.0923646221131538 vs. 2.0923646221131538
--------
nle(id0,id1,dist): 128 134 1.4398784711206902
list:
dist: 1.4398784711206902 vs. 1.4398784711206902
--------
nle(id0,id1,dist): 128 135 3.801161972409447
list:
dist: 3.801161972409447 vs. 3.801161972409447
--------
nle(id0,id1,dist): 128 129 2.111735028593304
list:
dist: 2.111735028593304 vs. 2.111735028593304
--------
nle(id0,id1,dist): 128 131 3.652790865474405
list:
dist: 3.652790865474405 vs. 3.652790865474405
--------
nle(id0,id1,dist): 128 141 2.2049280786558354
list:
dist: 2.2049280786558354 vs. 2.2049280786558354
--------
nle(id0,id1,dist): 128 143 2.5485055183176706
list:
dist: 2.5485055183176706 vs. 2.5485055183176706
--------
nle(id0,id1,dist): 128 144 3.8052140756346957
list:
dist: 3.8052140756346957 vs. 3.8052140756346957
--------
nle(id0,id1,dist): 128 138 2.3754986770865334
list:
dist: 2.3754986770865334 vs. 2.3754986770865334
--------
nle(id0,id1,dist): 126 141 3.6696745882665542
list:
dist: 3.6696745882665542 vs. 3.6696745882665542
--------
nle(id0,id1,dist): 126 142 3.6075055950478787
list:
dist: 3.6075055950478787 vs. 3.6075055950478787
--------
nle(id0,id1,dist): 126 143 3.5109332952764865
list:
dist: 3.5109332952764865 vs. 3.5109332952764865
--------
nle(id0,id1,dist): 126 144 5.091558574034866
list:
dist: 5.091558574034866 vs. 5.091558574034866
--------
nle(id0,id1,dist): 126 145 3.2068762209779886
list:
dist: 3.2068762209779886 vs. 3.2068762209779886
--------
nle(id0,id1,dist): 126 147 2.134615960168747
list:
dist: 2.134615960168747 vs. 2.134615960168747
--------
nle(id0,id1,dist): 126 148 2.5226356458463592
list:
dist: 2.5226356458463592 vs. 2.5226356458463592
--------
nle(id0,id1,dist): 126 130 1.360256287591956
list:
dist: 1.360256287591956 vs. 1.360256287591956
--------
nle(id0,id1,dist): 126 129 1.355143636478315
list:
dist: 1.355143636478315 vs. 1.355143636478315
--------
nle(id0,id1,dist): 126 132 2.2718600118174512
list:
dist: 2.2718600118174512 vs. 2.2718600118174512
--------
nle(id0,id1,dist): 126 131 3.911117652501913
list:
dist: 3.911117652501913 vs. 3.911117652501913
--------
nle(id0,id1,dist): 126 134 2.7443859478196044
list:
dist: 2.7443859478196044 vs. 2.7443859478196044
--------
nle(id0,id1,dist): 126 133 1.4177661595146402
list:
dist: 1.4177661595146402 vs. 1.4177661595146402
--------
nle(id0,id1,dist): 126 136 2.6343626478044966
list:
dist: 2.6343626478044966 vs. 2.6343626478044966
--------
nle(id0,id1,dist): 126 135 3.46676634800314
list:
dist: 3.46676634800314 vs. 3.46676634800314
--------
nle(id0,id1,dist): 126 138 3.669719923139982
list:
dist: 3.669719923139982 vs. 3.669719923139982
--------
nle(id0,id1,dist): 126 137 1.3849488957966123
list:
dist: 1.3849488957966123 vs. 1.3849488957966123
--------
nle(id0,id1,dist): 125 146 1.1070681477642186
list:
dist: 1.1070681477642186 vs. 1.1070681477642186
--------
nle(id0,id1,dist): 125 147 1.660766122204107
list:
dist: 1.660766122204107 vs. 1.660766122204107
--------
nle(id0,id1,dist): 125 144 2.3621554604464325
list:
dist: 2.3621554604464325 vs. 2.3621554604464325
--------
nle(id0,id1,dist): 125 145 1.2598905608473119
list:
dist: 1.2598905608473119 vs. 1.2598905608473119
--------
nle(id0,id1,dist): 125 148 1.1329263883555725
list:
dist: 1.1329263883555725 vs. 1.1329263883555725
--------
nle(id0,id1,dist): 125 149 2.341682072308174
list:
dist: 2.341682072308174 vs. 2.341682072308174
--------
nle(id0,id1,dist): 125 131 2.046097565435593
list:
dist: 2.046097565435593 vs. 2.046097565435593
--------
nle(id0,id1,dist): 125 130 3.0732968065466664
list:
dist: 3.0732968065466664 vs. 3.0732968065466664
--------
nle(id0,id1,dist): 125 128 1.7909900799113803
list:
dist: 1.7909900799113803 vs. 1.7909900799113803
--------
nle(id0,id1,dist): 125 135 2.131445503835295
list:
dist: 2.131445503835295 vs. 2.131445503835295
--------
nle(id0,id1,dist): 125 134 0.528387972164626
list:
dist: 0.528387972164626 vs. 0.528387972164626
--------
nle(id0,id1,dist): 125 133 1.9102183826253352
list:
dist: 1.9102183826253352 vs. 1.9102183826253352
--------
nle(id0,id1,dist): 125 132 3.495996593256841
list:
dist: 3.495996593256841 vs. 3.495996593256841
--------
nle(id0,id1,dist): 125 138 0.8606576607058808
list:
dist: 0.8606576607058808 vs. 0.8606576607058808
--------
nle(id0,id1,dist): 125 137 2.248106450813432
list:
dist: 2.248106450813432 vs. 2.248106450813432
--------
nle(id0,id1,dist): 125 136 1.9643467545751927
list:
dist: 1.9643467545751927 vs. 1.9643467545751927
--------
nle(id0,id1,dist): 125 143 0.9484322530270554
list:
dist: 0.9484322530270554 vs. 0.9484322530270554
--------
nle(id0,id1,dist): 125 142 2.4663758944521508
list:
dist: 2.4663758944521508 vs. 2.4663758944521508
--------
nle(id0,id1,dist): 125 141 1.512200959461867
list:
dist: 1.512200959461867 vs. 1.512200959461867
--------
nle(id0,id1,dist): 125 140 3.501650729016085
list:
dist: 3.501650729016085 vs. 3.501650729016085
2. Check the NeighborList query for coordinates against the neighbor list for consistency
list:
dist: 0.7034560908576631 vs. 0.7034560908576631
list:
dist: 1.2261910746239526 vs. 1.2261910746239526
list:
dist: 1.407075486183285 vs. 1.407075486183285
list:
dist: 1.5057597320652316 vs. 1.5057597320652316
list:
dist: 1.9061433556967897 vs. 1.9061433556967897
list:
dist: 1.6210905490350556 vs. 1.6210905490350556
list:
dist: 1.6671299969549547 vs. 1.6671299969549547
list:
dist: 3.1719115538488207 vs. 3.1719115538488207
list:
dist: 2.9325673952754134 vs. 2.9325673952754134
list:
dist: 3.0374827566641938 vs. 3.0374827566641938
list:
dist: 4.072874126661378 vs. 4.072874126661378
list:
dist: 3.388047065392289 vs. 3.388047065392289
list:
dist: 2.660578996754574 vs. 2.660578996754574
list:
dist: 3.4442861390242516 vs. 3.4442861390242516
list:
dist: 2.4851575500849474 vs. 2.4851575500849474
list:
dist: 3.6550641855663497 vs. 3.6550641855663497
list:
dist: 3.8020829443526614 vs. 3.8020829443526614
list:
dist: 2.2192449940906385 vs. 2.2192449940906385
list:
dist: 1.3253554737048365 vs. 1.3253554737048365
list:
dist: 1.5936041765213937 vs. 1.5936041765213937
list:
dist: 1.5348433181187087 vs. 1.5348433181187087
list:
dist: 1.350471933792332 vs. 1.350471933792332
list:
dist: 1.157841201980698 vs. 1.157841201980698
list:
dist: 1.407075486183285 vs. 1.407075486183285
list:
dist: 2.227652633077851 vs. 2.227652633077851
list:
dist: 3.3582962091601196 vs. 3.3582962091601196
list:
dist: 3.470637108352932 vs. 3.470637108352932
list:
dist: 2.9628106439558195 vs. 2.9628106439558195
list:
dist: 4.049401589379002 vs. 4.049401589379002
list:
dist: 2.937799552345908 vs. 2.937799552345908
list:
dist: 2.6464041942379084 vs. 2.6464041942379084
list:
dist: 3.3928603648939553 vs. 3.3928603648939553
list:
dist: 2.8196858111291947 vs. 2.8196858111291947
list:
dist: 3.628764323239074 vs. 3.628764323239074
list:
dist: 2.7376261071963226 vs. 2.7376261071963226
list:
dist: 3.3582962091601196 vs. 3.3582962091601196
list:
dist: 3.083077385632916 vs. 3.083077385632916
list:
dist: 2.074630410129025 vs. 2.074630410129025
list:
dist: 2.4626993044400947 vs. 2.4626993044400947
list:
dist: 2.946429870106162 vs. 2.946429870106162
list:
dist: 1.5497324380932391 vs. 1.5497324380932391
list:
dist: 2.111099041992723 vs. 2.111099041992723
list:
dist: 1.7253865998119244 vs. 1.7253865998119244
list:
dist: 2.770055176437229 vs. 2.770055176437229
list:
dist: 2.604472551323671 vs. 2.604472551323671
list:
dist: 2.960560286356354 vs. 2.960560286356354
list:
dist: 2.7986177108090304 vs. 2.7986177108090304
list:
dist: 1.8350664670961156 vs. 1.8350664670961156
list:
dist: 2.9628106439558195 vs. 2.9628106439558195
list:
dist: 2.03911364728719 vs. 2.03911364728719
list:
dist: 1.700256854165957 vs. 1.700256854165957
list:
dist: 2.191274906968912 vs. 2.191274906968912
list:
dist: 3.0374827566641938 vs. 3.0374827566641938
list:
dist: 2.482011722727792 vs. 2.482011722727792
list:
dist: 1.5497324380932391 vs. 1.5497324380932391
list:
dist: 1.4535124123909458 vs. 1.4535124123909458
list:
dist: 1.171654864472446 vs. 1.171654864472446
list:
dist: 1.1032813012864564 vs. 1.1032813012864564
list:
dist: 1.4646270926767566 vs. 1.4646270926767566
list:
dist: 1.3406812810014557 vs. 1.3406812810014557
list:
dist: 2.461952917601543 vs. 2.461952917601543
list:
dist: 2.909524892103708 vs. 2.909524892103708
list:
dist: 1.7782978455238965 vs. 1.7782978455238965
list:
dist: 1.7983451202603833 vs. 1.7983451202603833
list:
dist: 4.017690519933259 vs. 4.017690519933259
list:
dist: 3.597548239609051 vs. 3.597548239609051
list:
dist: 3.586755622369155 vs. 3.586755622369155
list:
dist: 3.7622103303671754 vs. 3.7622103303671754
list:
dist: 2.4141705739563104 vs. 2.4141705739563104
list:
dist: 1.3683698436685938 vs. 1.3683698436685938
list:
dist: 1.3253554737048365 vs. 1.3253554737048365
list:
dist: 1.9364177180253386 vs. 1.9364177180253386
list:
dist: 1.833175454532976 vs. 1.833175454532976
list:
dist: 1.3438990062349172 vs. 1.3438990062349172
list:
dist: 0.7034560908576631 vs. 0.7034560908576631
list:
dist: 2.291941416311451 vs. 2.291941416311451
list:
dist: 2.3413010581362683 vs. 2.3413010581362683
list:
dist: 2.937799552345908 vs. 2.937799552345908
list:
dist: 2.065366330552487 vs. 2.065366330552487
list:
dist: 1.8647541003502608 vs. 1.8647541003502608
list:
dist: 2.4931037329010737 vs. 2.4931037329010737
list:
dist: 3.388047065392289 vs. 3.388047065392289
list:
dist: 2.6196468681062175 vs. 2.6196468681062175
list:
dist: 1.7253865998119244 vs. 1.7253865998119244
list:
dist: 2.250862965008977 vs. 2.250862965008977
list:
dist: 1.1032813012864564 vs. 1.1032813012864564
list:
dist: 1.4857092021553622 vs. 1.4857092021553622
list:
dist: 1.3042867060942942 vs. 1.3042867060942942
list:
dist: 1.1150805457637682 vs. 1.1150805457637682
list:
dist: 2.400230756879469 vs. 2.400230756879469
list:
dist: 2.410041326648617 vs. 2.410041326648617
list:
dist: 1.6451507950179636 vs. 1.6451507950179636
list:
dist: 1.1713790569988227 vs. 1.1713790569988227
list:
dist: 3.9219726349424056 vs. 3.9219726349424056
list:
dist: 3.0837054291135106 vs. 3.0837054291135106
list:
dist: 3.2684924406336466 vs. 3.2684924406336466
list:
dist: 3.586566700177558 vs. 3.586566700177558
list:
dist: 2.5746366335555098 vs. 2.5746366335555098
list:
dist: 1.3683698436685938 vs. 1.3683698436685938
list:
dist: 1.5936041765213937 vs. 1.5936041765213937
list:
dist: 1.0771106987168497 vs. 1.0771106987168497
list:
dist: 1.0296497287624895 vs. 1.0296497287624895
list:
dist: 1.0308659404287508 vs. 1.0308659404287508
list:
dist: 1.2261910746239526 vs. 1.2261910746239526
list:
dist: 1.5598768967722985 vs. 1.5598768967722985
list:
dist: 2.7376261071963226 vs. 2.7376261071963226
list:
dist: 1.9935717781099462 vs. 1.9935717781099462
list:
dist: 1.8350664670961156 vs. 1.8350664670961156
list:
dist: 2.9187749499707465 vs. 2.9187749499707465
list:
dist: 2.3413010581362683 vs. 2.3413010581362683
list:
dist: 1.8469399569584062 vs. 1.8469399569584062
list:
dist: 2.482742887250273 vs. 2.482742887250273
list:
dist: 2.158503679953724 vs. 2.158503679953724
list:
dist: 3.206463369243308 vs. 3.206463369243308
list:
dist: 1.9587990271090876 vs. 1.9587990271090876
list:
dist: 1.833175454532976 vs. 1.833175454532976
list:
dist: 1.0296497287624895 vs. 1.0296497287624895
list:
dist: 1.350471933792332 vs. 1.350471933792332
list:
dist: 1.3513145859686424 vs. 1.3513145859686424
list:
dist: 0.6366799431658312 vs. 0.6366799431658312
list:
dist: 1.9061433556967897 vs. 1.9061433556967897
list:
dist: 2.1762116351524434 vs. 2.1762116351524434
list:
dist: 2.074630410129025 vs. 2.074630410129025
list:
dist: 2.5346731602947656 vs. 2.5346731602947656
list:
dist: 1.700256854165957 vs. 1.700256854165957
list:
dist: 2.835712178308149 vs. 2.835712178308149
list:
dist: 1.8647541003502608 vs. 1.8647541003502608
list:
dist: 1.931555767416357 vs. 1.931555767416357
list:
dist: 2.4588057197609583 vs. 2.4588057197609583
list:
dist: 2.579688631676041 vs. 2.579688631676041
list:
dist: 3.302967027666705 vs. 3.302967027666705
list:
dist: 2.4141705739563104 vs. 2.4141705739563104
list:
dist: 2.5746366335555098 vs. 2.5746366335555098
list:
dist: 2.2192449940906385 vs. 2.2192449940906385
list:
dist: 3.1949230318774857 vs. 3.1949230318774857
list:
dist: 1.9587990271090876 vs. 1.9587990271090876
list:
dist: 1.591629399213896 vs. 1.591629399213896
list:
dist: 1.9935717781099462 vs. 1.9935717781099462
list:
dist: 3.470637108352932 vs. 3.470637108352932
list:
dist: 2.187519523312769 vs. 2.187519523312769
list:
dist: 2.5346731602947656 vs. 2.5346731602947656
list:
dist: 2.852110511579403 vs. 2.852110511579403
list:
dist: 2.9325673952754134 vs. 2.9325673952754134
list:
dist: 2.0733247209077694 vs. 2.0733247209077694
list:
dist: 2.946429870106162 vs. 2.946429870106162
list:
dist: 1.4535124123909458 vs. 1.4535124123909458
list:
dist: 1.7081383910404468 vs. 1.7081383910404468
list:
dist: 2.250862965008977 vs. 2.250862965008977
list:
dist: 1.6358141980959182 vs. 1.6358141980959182
list:
dist: 1.6304364648691416 vs. 1.6304364648691416
list:
dist: 2.033879646147094 vs. 2.033879646147094
list:
dist: 2.783983254850408 vs. 2.783983254850408
list:
dist: 1.8302289657669462 vs. 1.8302289657669462
list:
dist: 2.2426773473786064 vs. 2.2426773473786064
list:
dist: 3.1932378153412846 vs. 3.1932378153412846
list:
dist: 3.482813028910978 vs. 3.482813028910978
list:
dist: 3.1036878793111855 vs. 3.1036878793111855
list:
dist: 3.048918756956163 vs. 3.048918756956163
list:
dist: 2.9187749499707465 vs. 2.9187749499707465
list:
dist: 4.049401589379002 vs. 4.049401589379002
list:
dist: 2.9278684721129737 vs. 2.9278684721129737
list:
dist: 2.835712178308149 vs. 2.835712178308149
list:
dist: 3.3577459708279407 vs. 3.3577459708279407
list:
dist: 4.072874126661378 vs. 4.072874126661378
list:
dist: 3.1672150181138763 vs. 3.1672150181138763
list:
dist: 2.111099041992723 vs. 2.111099041992723
list:
dist: 1.7081383910404468 vs. 1.7081383910404468
list:
dist: 1.171654864472446 vs. 1.171654864472446
list:
dist: 1.4857092021553622 vs. 1.4857092021553622
list:
dist: 1.9192954371193391 vs. 1.9192954371193391
list:
dist: 1.22686158931228 vs. 1.22686158931228
list:
dist: 2.859994840413421 vs. 2.859994840413421
list:
dist: 2.91753481877894 vs. 2.91753481877894
list:
dist: 1.1076141046475572 vs. 1.1076141046475572
list:
dist: 1.534868432746815 vs. 1.534868432746815
list:
dist: 3.641874008077628 vs. 3.641874008077628
list:
dist: 2.9520503313469324 vs. 2.9520503313469324
list:
dist: 3.1840951769335333 vs. 3.1840951769335333
list:
dist: 3.598804349844575 vs. 3.598804349844575
list:
dist: 1.591629399213896 vs. 1.591629399213896
list:
dist: 1.3438990062349172 vs. 1.3438990062349172
list:
dist: 1.0308659404287508 vs. 1.0308659404287508
list:
dist: 1.157841201980698 vs. 1.157841201980698
list:
dist: 1.6448204050767963 vs. 1.6448204050767963
list:
dist: 0.6366799431658312 vs. 0.6366799431658312
list:
dist: 1.6210905490350556 vs. 1.6210905490350556
list:
dist: 2.388952201647514 vs. 2.388952201647514
list:
dist: 2.4626993044400947 vs. 2.4626993044400947
list:
dist: 2.852110511579403 vs. 2.852110511579403
list:
dist: 2.191274906968912 vs. 2.191274906968912
list:
dist: 3.3577459708279407 vs. 3.3577459708279407
list:
dist: 2.4931037329010737 vs. 2.4931037329010737
list:
dist: 2.4564058414009904 vs. 2.4564058414009904
list:
dist: 3.0309249842030783 vs. 3.0309249842030783
list:
dist: 2.945582829497657 vs. 2.945582829497657
list:
dist: 3.80622133167656 vs. 3.80622133167656
list:
dist: 2.7986177108090304 vs. 2.7986177108090304
list:
dist: 2.2426773473786064 vs. 2.2426773473786064
list:
dist: 1.7983451202603833 vs. 1.7983451202603833
list:
dist: 1.534868432746815 vs. 1.534868432746815
list:
dist: 1.1713790569988227 vs. 1.1713790569988227
list:
dist: 1.213016065640054 vs. 1.213016065640054
list:
dist: 0.6172130307791807 vs. 0.6172130307791807
list:
dist: 2.0290983075653832 vs. 2.0290983075653832
list:
dist: 1.5700103099274811 vs. 1.5700103099274811
list:
dist: 0.8473760810519982 vs. 0.8473760810519982
list:
dist: 2.8906150495303984 vs. 2.8906150495303984
list:
dist: 1.9222432463320756 vs. 1.9222432463320756
list:
dist: 2.1600200206060065 vs. 2.1600200206060065
list:
dist: 2.639605792048175 vs. 2.639605792048175
list:
dist: 2.5226681042457657 vs. 2.5226681042457657
list:
dist: 3.1099509083888 vs. 3.1099509083888
list:
dist: 3.1949230318774857 vs. 3.1949230318774857
list:
dist: 1.9364177180253386 vs. 1.9364177180253386
list:
dist: 1.0771106987168497 vs. 1.0771106987168497
list:
dist: 1.5348433181187087 vs. 1.5348433181187087
list:
dist: 1.3513145859686424 vs. 1.3513145859686424
list:
dist: 1.6448204050767963 vs. 1.6448204050767963
list:
dist: 1.5057597320652316 vs. 1.5057597320652316
list:
dist: 0.8871474620656571 vs. 0.8871474620656571
list:
dist: 3.083077385632916 vs. 3.083077385632916
list:
dist: 2.187519523312769 vs. 2.187519523312769
list:
dist: 2.03911364728719 vs. 2.03911364728719
list:
dist: 2.9278684721129737 vs. 2.9278684721129737
list:
dist: 2.065366330552487 vs. 2.065366330552487
list:
dist: 1.2401261272526234 vs. 1.2401261272526234
list:
dist: 2.0735862866906656 vs. 2.0735862866906656
list:
dist: 1.3437107143085065 vs. 1.3437107143085065
list:
dist: 2.2905633022323935 vs. 2.2905633022323935
list:
dist: 2.158503679953724 vs. 2.158503679953724
list:
dist: 2.8196858111291947 vs. 2.8196858111291947
list:
dist: 1.3437107143085065 vs. 1.3437107143085065
list:
dist: 2.579688631676041 vs. 2.579688631676041
list:
dist: 2.945582829497657 vs. 2.945582829497657
list:
dist: 2.4851575500849474 vs. 2.4851575500849474
list:
dist: 0.8331898016694587 vs. 0.8331898016694587
list:
dist: 3.1370763142661855 vs. 3.1370763142661855
list:
dist: 2.033879646147094 vs. 2.033879646147094
list:
dist: 2.461952917601543 vs. 2.461952917601543
list:
dist: 2.859994840413421 vs. 2.859994840413421
list:
dist: 2.400230756879469 vs. 2.400230756879469
list:
dist: 1.1110566417421976 vs. 1.1110566417421976
list:
dist: 1.7650971911609987 vs. 1.7650971911609987
list:
dist: 1.2963323195895016 vs. 1.2963323195895016
list:
dist: 1.8683386124988899 vs. 1.8683386124988899
list:
dist: 2.231996421721268 vs. 2.231996421721268
list:
dist: 2.0290983075653832 vs. 2.0290983075653832
list:
dist: 2.450571567499696 vs. 2.450571567499696
list:
dist: 2.913489238719442 vs. 2.913489238719442
list:
dist: 2.2035711057376584 vs. 2.2035711057376584
list:
dist: 1.83190089152357 vs. 1.83190089152357
list:
dist: 2.482742887250273 vs. 2.482742887250273
list:
dist: 3.3928603648939553 vs. 3.3928603648939553
list:
dist: 2.0735862866906656 vs. 2.0735862866906656
list:
dist: 2.4588057197609583 vs. 2.4588057197609583
list:
dist: 3.0309249842030783 vs. 3.0309249842030783
list:
dist: 3.4442861390242516 vs. 3.4442861390242516
list:
dist: 2.2316490955804107 vs. 2.2316490955804107
list:
dist: 2.604472551323671 vs. 2.604472551323671
list:
dist: 1.6304364648691416 vs. 1.6304364648691416
list:
dist: 1.3406812810014557 vs. 1.3406812810014557
list:
dist: 1.22686158931228 vs. 1.22686158931228
list:
dist: 1.1150805457637682 vs. 1.1150805457637682
list:
dist: 0.8591180399543503 vs. 0.8591180399543503
list:
dist: 1.7650971911609987 vs. 1.7650971911609987
list:
dist: 1.724297426465552 vs. 1.724297426465552
list:
dist: 0.7180317893791159 vs. 0.7180317893791159
list:
dist: 0.6172130307791807 vs. 0.6172130307791807
list:
dist: 2.8590386170178803 vs. 2.8590386170178803
list:
dist: 2.2884995105384176 vs. 2.2884995105384176
list:
dist: 2.294543339259188 vs. 2.294543339259188
list:
dist: 2.613220009895809 vs. 2.613220009895809
list:
dist: 2.291941416311451 vs. 2.291941416311451
list:
dist: 1.5598768967722985 vs. 1.5598768967722985
list:
dist: 2.227652633077851 vs. 2.227652633077851
list:
dist: 0.8871474620656571 vs. 0.8871474620656571
list:
dist: 2.1762116351524434 vs. 2.1762116351524434
list:
dist: 2.388952201647514 vs. 2.388952201647514
list:
dist: 1.6671299969549547 vs. 1.6671299969549547
list:
dist: 2.854262135720525 vs. 2.854262135720525
list:
dist: 2.0733247209077694 vs. 2.0733247209077694
list:
dist: 2.482011722727792 vs. 2.482011722727792
list:
dist: 3.1672150181138763 vs. 3.1672150181138763
list:
dist: 2.6196468681062175 vs. 2.6196468681062175
list:
dist: 1.435436927953496 vs. 1.435436927953496
list:
dist: 2.2316490955804107 vs. 2.2316490955804107
list:
dist: 0.8331898016694587 vs. 0.8331898016694587
list:
dist: 2.085470924336948 vs. 2.085470924336948
list:
dist: 2.338522057025602 vs. 2.338522057025602
list:
dist: 1.8469399569584062 vs. 1.8469399569584062
list:
dist: 2.6464041942379084 vs. 2.6464041942379084
list:
dist: 1.2401261272526234 vs. 1.2401261272526234
list:
dist: 1.931555767416357 vs. 1.931555767416357
list:
dist: 2.4564058414009904 vs. 2.4564058414009904
list:
dist: 2.660578996754574 vs. 2.660578996754574
list:
dist: 1.435436927953496 vs. 1.435436927953496
list:
dist: 2.770055176437229 vs. 2.770055176437229
list:
dist: 1.6358141980959182 vs. 1.6358141980959182
list:
dist: 1.4646270926767566 vs. 1.4646270926767566
list:
dist: 1.9192954371193391 vs. 1.9192954371193391
list:
dist: 1.3042867060942942 vs. 1.3042867060942942
list:
dist: 0.8591180399543503 vs. 0.8591180399543503
list:
dist: 1.1110566417421976 vs. 1.1110566417421976
list:
dist: 1.5381446973089357 vs. 1.5381446973089357
list:
dist: 1.531033986179946 vs. 1.531033986179946
list:
dist: 1.213016065640054 vs. 1.213016065640054
list:
dist: 2.9656505461792464 vs. 2.9656505461792464
list:
dist: 2.768466252133687 vs. 2.768466252133687
list:
dist: 2.484387831061786 vs. 2.484387831061786
list:
dist: 2.5165916032799607 vs. 2.5165916032799607
list:
dist: 3.1719115538488207 vs. 3.1719115538488207
list:
dist: 2.854262135720525 vs. 2.854262135720525
list:
dist: 1.5640334993925555 vs. 1.5640334993925555
list:
dist: 3.1370763142661855 vs. 3.1370763142661855
list:
dist: 3.802086243434887 vs. 3.802086243434887
list:
dist: 2.5699086796917405 vs. 2.5699086796917405
list:
dist: 3.206463369243308 vs. 3.206463369243308
list:
dist: 3.628764323239074 vs. 3.628764323239074
list:
dist: 2.2905633022323935 vs. 2.2905633022323935
list:
dist: 3.302967027666705 vs. 3.302967027666705
list:
dist: 3.80622133167656 vs. 3.80622133167656
list:
dist: 3.6550641855663497 vs. 3.6550641855663497
list:
dist: 2.085470924336948 vs. 2.085470924336948
list:
dist: 3.802086243434887 vs. 3.802086243434887
list:
dist: 2.783983254850408 vs. 2.783983254850408
list:
dist: 2.909524892103708 vs. 2.909524892103708
list:
dist: 2.91753481877894 vs. 2.91753481877894
list:
dist: 2.410041326648617 vs. 2.410041326648617
list:
dist: 1.5381446973089357 vs. 1.5381446973089357
list:
dist: 1.724297426465552 vs. 1.724297426465552
list:
dist: 1.2963323195895016 vs. 1.2963323195895016
list:
dist: 1.918165319600565 vs. 1.918165319600565
list:
dist: 1.9711921968330939 vs. 1.9711921968330939
list:
dist: 1.5700103099274811 vs. 1.5700103099274811
list:
dist: 2.0454465932033026 vs. 2.0454465932033026
list:
dist: 1.8470076455602302 vs. 1.8470076455602302
list:
dist: 1.3639082882905458 vs. 1.3639082882905458
list:
dist: 1.4599412577294737 vs. 1.4599412577294737
list:
dist: 3.8020829443526614 vs. 3.8020829443526614
list:
dist: 2.338522057025602 vs. 2.338522057025602
list:
dist: 2.5699086796917405 vs. 2.5699086796917405
list:
dist: 3.3275963509955364 vs. 3.3275963509955364
list:
dist: 1.8683386124988899 vs. 1.8683386124988899
list:
dist: 1.918165319600565 vs. 1.918165319600565
list:
dist: 1.987260997459419 vs. 1.987260997459419
list:
dist: 3.187957956280582 vs. 3.187957956280582
list:
dist: 2.1299629002604314 vs. 2.1299629002604314
list:
dist: 1.2833903699475107 vs. 1.2833903699475107
list:
dist: 1.5640334993925555 vs. 1.5640334993925555
list:
dist: 3.3275963509955364 vs. 3.3275963509955364
list:
dist: 3.1036878793111855 vs. 3.1036878793111855
list:
dist: 3.586755622369155 vs. 3.586755622369155
list:
dist: 3.1840951769335333 vs. 3.1840951769335333
list:
dist: 3.2684924406336466 vs. 3.2684924406336466
list:
dist: 2.484387831061786 vs. 2.484387831061786
list:
dist: 2.294543339259188 vs. 2.294543339259188
list:
dist: 2.2035711057376584 vs. 2.2035711057376584
list:
dist: 1.3639082882905458 vs. 1.3639082882905458
list:
dist: 2.1299629002604314 vs. 2.1299629002604314
list:
dist: 2.0879138028832966 vs. 2.0879138028832966
list:
dist: 2.1600200206060065 vs. 2.1600200206060065
list:
dist: 0.9489731213326998 vs. 0.9489731213326998
list:
dist: 1.1516221855581628 vs. 1.1516221855581628
list:
dist: 0.9442722479379743 vs. 0.9442722479379743
list:
dist: 2.196059242686199 vs. 2.196059242686199
list:
dist: 1.7355009454839587 vs. 1.7355009454839587
list:
dist: 3.048918756956163 vs. 3.048918756956163
list:
dist: 3.7622103303671754 vs. 3.7622103303671754
list:
dist: 3.598804349844575 vs. 3.598804349844575
list:
dist: 3.586566700177558 vs. 3.586566700177558
list:
dist: 2.5165916032799607 vs. 2.5165916032799607
list:
dist: 2.613220009895809 vs. 2.613220009895809
list:
dist: 1.83190089152357 vs. 1.83190089152357
list:
dist: 1.4599412577294737 vs. 1.4599412577294737
list:
dist: 1.2833903699475107 vs. 1.2833903699475107
list:
dist: 2.5880438001640655 vs. 2.5880438001640655
list:
dist: 2.639605792048175 vs. 2.639605792048175
list:
dist: 0.7991464444389744 vs. 0.7991464444389744
list:
dist: 2.0880405167486358 vs. 2.0880405167486358
list:
dist: 0.9442722479379743 vs. 0.9442722479379743
list:
dist: 3.129826355429606 vs. 3.129826355429606
list:
dist: 2.484486207242209 vs. 2.484486207242209
list:
dist: 2.736536393940985 vs. 2.736536393940985
list:
dist: 3.1099509083888 vs. 3.1099509083888
list:
dist: 1.8925998234495311 vs. 1.8925998234495311
list:
dist: 1.4533461463665225 vs. 1.4533461463665225
list:
dist: 1.7355009454839587 vs. 1.7355009454839587
list:
dist: 2.484486207242209 vs. 2.484486207242209
list:
dist: 1.8006898139431722 vs. 1.8006898139431722
list:
dist: 3.482813028910978 vs. 3.482813028910978
list:
dist: 3.597548239609051 vs. 3.597548239609051
list:
dist: 2.9520503313469324 vs. 2.9520503313469324
list:
dist: 3.0837054291135106 vs. 3.0837054291135106
list:
dist: 2.768466252133687 vs. 2.768466252133687
list:
dist: 2.2884995105384176 vs. 2.2884995105384176
list:
dist: 2.913489238719442 vs. 2.913489238719442
list:
dist: 1.8470076455602302 vs. 1.8470076455602302
list:
dist: 3.187957956280582 vs. 3.187957956280582
list:
dist: 1.906851291308649 vs. 1.906851291308649
list:
dist: 1.9222432463320756 vs. 1.9222432463320756
list:
dist: 1.9745384866155258 vs. 1.9745384866155258
list:
dist: 1.1516221855581628 vs. 1.1516221855581628
list:
dist: 2.0880405167486358 vs. 2.0880405167486358
list:
dist: 1.0726654575229035 vs. 1.0726654575229035
list:
dist: 1.4533461463665225 vs. 1.4533461463665225
list:
dist: 3.1932378153412846 vs. 3.1932378153412846
list:
dist: 4.017690519933259 vs. 4.017690519933259
list:
dist: 3.641874008077628 vs. 3.641874008077628
list:
dist: 3.9219726349424056 vs. 3.9219726349424056
list:
dist: 2.9656505461792464 vs. 2.9656505461792464
list:
dist: 2.8590386170178803 vs. 2.8590386170178803
list:
dist: 2.450571567499696 vs. 2.450571567499696
list:
dist: 2.0454465932033026 vs. 2.0454465932033026
list:
dist: 1.987260997459419 vs. 1.987260997459419
list:
dist: 2.6325365256696878 vs. 2.6325365256696878
list:
dist: 2.8906150495303984 vs. 2.8906150495303984
list:
dist: 1.9745384866155258 vs. 1.9745384866155258
list:
dist: 0.9489731213326998 vs. 0.9489731213326998
list:
dist: 0.7991464444389744 vs. 0.7991464444389744
list:
dist: 2.962288681369965 vs. 2.962288681369965
list:
dist: 1.8925998234495311 vs. 1.8925998234495311
list:
dist: 2.960560286356354 vs. 2.960560286356354
list:
dist: 1.8302289657669462 vs. 1.8302289657669462
list:
dist: 1.7782978455238965 vs. 1.7782978455238965
list:
dist: 1.1076141046475572 vs. 1.1076141046475572
list:
dist: 1.6451507950179636 vs. 1.6451507950179636
list:
dist: 1.531033986179946 vs. 1.531033986179946
list:
dist: 0.7180317893791159 vs. 0.7180317893791159
list:
dist: 2.231996421721268 vs. 2.231996421721268
list:
dist: 1.9711921968330939 vs. 1.9711921968330939
list:
dist: 0.8473760810519982 vs. 0.8473760810519982
list:
dist: 2.6325365256696878 vs. 2.6325365256696878
list:
dist: 1.906851291308649 vs. 1.906851291308649
list:
dist: 2.0879138028832966 vs. 2.0879138028832966
list:
dist: 2.5880438001640655 vs. 2.5880438001640655
list:
dist: 2.566621372105655 vs. 2.566621372105655
list:
dist: 2.736536393940985 vs. 2.736536393940985
list:
dist: 1.755860096340715 vs. 1.755860096340715
list:
dist: 1.9802383219789674 vs. 1.9802383219789674
list:
dist: 1.2158862884031156 vs. 1.2158862884031156
list:
dist: 2.1397284860855 vs. 2.1397284860855
list:
dist: 1.0293402458533532 vs. 1.0293402458533532
list:
dist: 1.8564066142250846 vs. 1.8564066142250846
list:
dist: 0.881027492860105 vs. 0.881027492860105
list:
dist: 0.8307258707554975 vs. 0.8307258707554975
list:
dist: 2.4658109561392862 vs. 2.4658109561392862
list:
dist: 3.156525505930001 vs. 3.156525505930001
list:
dist: 2.234895818630204 vs. 2.234895818630204
list:
dist: 2.9490191265263426 vs. 2.9490191265263426
list:
dist: 2.618800129251045 vs. 2.618800129251045
list:
dist: 2.524748652411458 vs. 2.524748652411458
list:
dist: 3.1241716938346302 vs. 3.1241716938346302
list:
dist: 3.1716622667033505 vs. 3.1716622667033505
list:
dist: 2.434994305844217 vs. 2.434994305844217
list:
dist: 2.475527197387794 vs. 2.475527197387794
list:
dist: 3.6142536222262427 vs. 3.6142536222262427
list:
dist: 0.8332669988474413 vs. 0.8332669988474413
list:
dist: 1.733224476104037 vs. 1.733224476104037
list:
dist: 2.7488620054764668 vs. 2.7488620054764668
list:
dist: 4.3068737573744365 vs. 4.3068737573744365
list:
dist: 3.2133269318139615 vs. 3.2133269318139615
list:
dist: 2.6387616839945705 vs. 2.6387616839945705
list:
dist: 3.3820648476190733 vs. 3.3820648476190733
list:
dist: 2.1177188352097147 vs. 2.1177188352097147
list:
dist: 2.4960421413912948 vs. 2.4960421413912948
list:
dist: 1.755860096340715 vs. 1.755860096340715
list:
dist: 3.2133269318139615 vs. 3.2133269318139615
list:
dist: 2.816473752633954 vs. 2.816473752633954
list:
dist: 2.680527231357003 vs. 2.680527231357003
list:
dist: 1.1020882167032011 vs. 1.1020882167032011
list:
dist: 1.7481922455401813 vs. 1.7481922455401813
list:
dist: 1.7584515213497862 vs. 1.7584515213497862
list:
dist: 2.1544984108854837 vs. 2.1544984108854837
list:
dist: 1.8067065586738678 vs. 1.8067065586738678
list:
dist: 2.3421905006085604 vs. 2.3421905006085604
list:
dist: 2.1397284860855 vs. 2.1397284860855
list:
dist: 1.6364008416431908 vs. 1.6364008416431908
list:
dist: 0.9254226687550123 vs. 0.9254226687550123
list:
dist: 1.523984642415297 vs. 1.523984642415297
list:
dist: 1.746120855541299 vs. 1.746120855541299
list:
dist: 1.7632066401220845 vs. 1.7632066401220845
list:
dist: 2.540636379714837 vs. 2.540636379714837
list:
dist: 3.5838135432142746 vs. 3.5838135432142746
list:
dist: 2.994094241549925 vs. 2.994094241549925
list:
dist: 3.1324807731245627 vs. 3.1324807731245627
list:
dist: 3.5838135432142746 vs. 3.5838135432142746
list:
dist: 2.7790078367795346 vs. 2.7790078367795346
list:
dist: 1.89793368976885 vs. 1.89793368976885
list:
dist: 3.02469459827618 vs. 3.02469459827618
list:
dist: 2.584258908337479 vs. 2.584258908337479
list:
dist: 3.1716622667033505 vs. 3.1716622667033505
list:
dist: 2.3866004377320045 vs. 2.3866004377320045
list:
dist: 2.0722467791780343 vs. 2.0722467791780343
list:
dist: 3.1571406937373685 vs. 3.1571406937373685
list:
dist: 3.4134699627683145 vs. 3.4134699627683145
list:
dist: 2.1647848222927975 vs. 2.1647848222927975
list:
dist: 1.996809360553848 vs. 1.996809360553848
list:
dist: 2.2274762101649714 vs. 2.2274762101649714
list:
dist: 1.015278445570481 vs. 1.015278445570481
list:
dist: 0.7092268950867026 vs. 0.7092268950867026
list:
dist: 1.1190201217260816 vs. 1.1190201217260816
list:
dist: 2.3698328292986792 vs. 2.3698328292986792
list:
dist: 2.6098396687646392 vs. 2.6098396687646392
list:
dist: 3.1889480788567424 vs. 3.1889480788567424
list:
dist: 1.5522592053884134 vs. 1.5522592053884134
list:
dist: 1.733224476104037 vs. 1.733224476104037
list:
dist: 2.0667493891205253 vs. 2.0667493891205253
list:
dist: 2.4551704356927138 vs. 2.4551704356927138
list:
dist: 3.1743382577021424 vs. 3.1743382577021424
list:
dist: 2.680527231357003 vs. 2.680527231357003
list:
dist: 1.4431888094103182 vs. 1.4431888094103182
list:
dist: 2.9824165449032907 vs. 2.9824165449032907
list:
dist: 2.0415305172855214 vs. 2.0415305172855214
list:
dist: 1.4175961458969564 vs. 1.4175961458969564
list:
dist: 1.2158862884031156 vs. 1.2158862884031156
list:
dist: 2.531014572080968 vs. 2.531014572080968
list:
dist: 0.8332669988474413 vs. 0.8332669988474413
list:
dist: 2.0667493891205253 vs. 2.0667493891205253
list:
dist: 2.1926199019171317 vs. 2.1926199019171317
list:
dist: 4.00017392578184 vs. 4.00017392578184
list:
dist: 2.816473752633954 vs. 2.816473752633954
list:
dist: 2.7308251883152113 vs. 2.7308251883152113
list:
dist: 3.403066667643476 vs. 3.403066667643476
list:
dist: 2.0994902300270324 vs. 2.0994902300270324
list:
dist: 2.7801837783207555 vs. 2.7801837783207555
list:
dist: 1.9802383219789674 vs. 1.9802383219789674
list:
dist: 3.1324807731245627 vs. 3.1324807731245627
list:
dist: 2.155389579435205 vs. 2.155389579435205
list:
dist: 1.420316371263657 vs. 1.420316371263657
list:
dist: 2.391328448745378 vs. 2.391328448745378
list:
dist: 1.8966400349208756 vs. 1.8966400349208756
list:
dist: 2.475527197387794 vs. 2.475527197387794
list:
dist: 2.023106510585702 vs. 2.023106510585702
list:
dist: 1.9079073183452562 vs. 1.9079073183452562
list:
dist: 2.7644704289391484 vs. 2.7644704289391484
list:
dist: 3.1351896656987726 vs. 3.1351896656987726
list:
dist: 1.9615700567184617 vs. 1.9615700567184617
list:
dist: 1.7818494579834347 vs. 1.7818494579834347
list:
dist: 2.1708413514136375 vs. 2.1708413514136375
list:
dist: 0.7092268950867026 vs. 0.7092268950867026
list:
dist: 0.6522840818563357 vs. 0.6522840818563357
list:
dist: 1.484529374416183 vs. 1.484529374416183
list:
dist: 2.689052261337849 vs. 2.689052261337849
list:
dist: 2.8218479082528845 vs. 2.8218479082528845
list:
dist: 3.318183461477144 vs. 3.318183461477144
list:
dist: 2.0607958095585666 vs. 2.0607958095585666
list:
dist: 3.3820648476190733 vs. 3.3820648476190733
list:
dist: 3.403066667643476 vs. 3.403066667643476
list:
dist: 2.9824165449032907 vs. 2.9824165449032907
list:
dist: 2.1544984108854837 vs. 2.1544984108854837
list:
dist: 1.831222309303801 vs. 1.831222309303801
list:
dist: 1.3065643315645246 vs. 1.3065643315645246
list:
dist: 1.7669645707711485 vs. 1.7669645707711485
list:
dist: 1.8564066142250846 vs. 1.8564066142250846
list:
dist: 2.029044416541499 vs. 2.029044416541499
list:
dist: 1.5579505690147715 vs. 1.5579505690147715
list:
dist: 2.790574579497927 vs. 2.790574579497927
list:
dist: 1.717090556968047 vs. 1.717090556968047
list:
dist: 1.3887721946943357 vs. 1.3887721946943357
list:
dist: 1.3558285032352702 vs. 1.3558285032352702
list:
dist: 1.89793368976885 vs. 1.89793368976885
list:
dist: 0.9847451995669336 vs. 0.9847451995669336
list:
dist: 1.420316371263657 vs. 1.420316371263657
list:
dist: 1.9586011124058338 vs. 1.9586011124058338
list:
dist: 2.531014572080968 vs. 2.531014572080968
list:
dist: 1.578339907998027 vs. 1.578339907998027
list:
dist: 1.7052088717209113 vs. 1.7052088717209113
list:
dist: 2.4658109561392862 vs. 2.4658109561392862
list:
dist: 2.241307889109844 vs. 2.241307889109844
list:
dist: 1.978955934151234 vs. 1.978955934151234
list:
dist: 2.1703040415259403 vs. 2.1703040415259403
list:
dist: 2.3866004377320045 vs. 2.3866004377320045
list:
dist: 2.5294533360059193 vs. 2.5294533360059193
list:
dist: 2.023106510585702 vs. 2.023106510585702
list:
dist: 3.4042763709413415 vs. 3.4042763709413415
list:
dist: 2.029044416541499 vs. 2.029044416541499
list:
dist: 2.8234703160947032 vs. 2.8234703160947032
list:
dist: 2.98437779901563 vs. 2.98437779901563
list:
dist: 3.156525505930001 vs. 3.156525505930001
list:
dist: 2.5683777627206825 vs. 2.5683777627206825
list:
dist: 2.0722467791780343 vs. 2.0722467791780343
list:
dist: 1.5054493193493281 vs. 1.5054493193493281
list:
dist: 1.9079073183452562 vs. 1.9079073183452562
list:
dist: 1.60723454038442 vs. 1.60723454038442
list:
dist: 2.1177188352097147 vs. 2.1177188352097147
list:
dist: 2.0994902300270324 vs. 2.0994902300270324
list:
dist: 2.0415305172855214 vs. 2.0415305172855214
list:
dist: 1.8067065586738678 vs. 1.8067065586738678
list:
dist: 1.4342174039650961 vs. 1.4342174039650961
list:
dist: 1.3065643315645246 vs. 1.3065643315645246
list:
dist: 1.4027998250539926 vs. 1.4027998250539926
list:
dist: 0.881027492860105 vs. 0.881027492860105
list:
dist: 2.8234703160947032 vs. 2.8234703160947032
list:
dist: 1.5846175220005476 vs. 1.5846175220005476
list:
dist: 2.8968727345385568 vs. 2.8968727345385568
list:
dist: 2.3738023011900844 vs. 2.3738023011900844
list:
dist: 2.1786670472967637 vs. 2.1786670472967637
list:
dist: 2.4378364166915074 vs. 2.4378364166915074
list:
dist: 3.02469459827618 vs. 3.02469459827618
list:
dist: 2.1338455222470984 vs. 2.1338455222470984
list:
dist: 2.391328448745378 vs. 2.391328448745378
list:
dist: 3.219822235294207 vs. 3.219822235294207
list:
dist: 2.7488620054764668 vs. 2.7488620054764668
list:
dist: 2.1926199019171317 vs. 2.1926199019171317
list:
dist: 2.4551704356927138 vs. 2.4551704356927138
list:
dist: 2.040682154032436 vs. 2.040682154032436
list:
dist: 1.1020882167032011 vs. 1.1020882167032011
list:
dist: 2.1637935966050432 vs. 2.1637935966050432
list:
dist: 2.291069873468463 vs. 2.291069873468463
list:
dist: 1.857552110413795 vs. 1.857552110413795
list:
dist: 2.225047122104347 vs. 2.225047122104347
list:
dist: 2.7794587314177237 vs. 2.7794587314177237
list:
dist: 2.825022537953925 vs. 2.825022537953925
list:
dist: 2.6387616839945705 vs. 2.6387616839945705
list:
dist: 2.7308251883152113 vs. 2.7308251883152113
list:
dist: 1.4431888094103182 vs. 1.4431888094103182
list:
dist: 2.1637935966050432 vs. 2.1637935966050432
list:
dist: 2.3641958991395287 vs. 2.3641958991395287
list:
dist: 1.7584515213497862 vs. 1.7584515213497862
list:
dist: 1.831222309303801 vs. 1.831222309303801
list:
dist: 1.4342174039650961 vs. 1.4342174039650961
list:
dist: 0.7011173171864246 vs. 0.7011173171864246
list:
dist: 1.0293402458533532 vs. 1.0293402458533532
list:
dist: 1.578339907998027 vs. 1.578339907998027
list:
dist: 2.8973426855080224 vs. 2.8973426855080224
list:
dist: 2.0454988282856177 vs. 2.0454988282856177
list:
dist: 2.0615412856886097 vs. 2.0615412856886097
list:
dist: 1.8536666892742315 vs. 1.8536666892742315
list:
dist: 1.8875114146503502 vs. 1.8875114146503502
list:
dist: 2.9333086795965264 vs. 2.9333086795965264
list:
dist: 2.7790078367795346 vs. 2.7790078367795346
list:
dist: 2.293899871503153 vs. 2.293899871503153
list:
dist: 2.155389579435205 vs. 2.155389579435205
list:
dist: 3.877466399364453 vs. 3.877466399364453
list:
dist: 2.4960421413912948 vs. 2.4960421413912948
list:
dist: 2.7801837783207555 vs. 2.7801837783207555
list:
dist: 1.4175961458969564 vs. 1.4175961458969564
list:
dist: 2.3421905006085604 vs. 2.3421905006085604
list:
dist: 0.7011173171864246 vs. 0.7011173171864246
list:
dist: 1.7669645707711485 vs. 1.7669645707711485
list:
dist: 1.4027998250539926 vs. 1.4027998250539926
list:
dist: 0.8307258707554975 vs. 0.8307258707554975
list:
dist: 1.7052088717209113 vs. 1.7052088717209113
list:
dist: 2.98437779901563 vs. 2.98437779901563
list:
dist: 2.4390542949134897 vs. 2.4390542949134897
list:
dist: 2.71236991762326 vs. 2.71236991762326
list:
dist: 2.2606049813526465 vs. 2.2606049813526465
list:
dist: 2.2167434270640163 vs. 2.2167434270640163
list:
dist: 3.0438497675178646 vs. 3.0438497675178646
list:
dist: 2.584258908337479 vs. 2.584258908337479
list:
dist: 2.054912844480985 vs. 2.054912844480985
list:
dist: 1.8966400349208756 vs. 1.8966400349208756
list:
dist: 3.2342340183750027 vs. 3.2342340183750027
list:
dist: 2.825022537953925 vs. 2.825022537953925
list:
dist: 2.4259797004864967 vs. 2.4259797004864967
list:
dist: 1.7632066401220845 vs. 1.7632066401220845
list:
dist: 1.8875114146503502 vs. 1.8875114146503502
list:
dist: 1.3887721946943357 vs. 1.3887721946943357
list:
dist: 2.1786670472967637 vs. 2.1786670472967637
list:
dist: 2.2167434270640163 vs. 2.2167434270640163
list:
dist: 2.524748652411458 vs. 2.524748652411458
list:
dist: 2.1703040415259403 vs. 2.1703040415259403
list:
dist: 2.126700675998762 vs. 2.126700675998762
list:
dist: 1.4610239291676674 vs. 1.4610239291676674
list:
dist: 1.6708414346887006 vs. 1.6708414346887006
list:
dist: 0.3856291035218768 vs. 0.3856291035218768
list:
dist: 1.4872931262121505 vs. 1.4872931262121505
list:
dist: 1.996809360553848 vs. 1.996809360553848
list:
dist: 1.7239826104337463 vs. 1.7239826104337463
list:
dist: 1.7818494579834347 vs. 1.7818494579834347
list:
dist: 1.7911795092449019 vs. 1.7911795092449019
list:
dist: 1.65870776644914 vs. 1.65870776644914
list:
dist: 1.8612651191778562 vs. 1.8612651191778562
list:
dist: 2.1346780037548676 vs. 2.1346780037548676
list:
dist: 4.3068737573744365 vs. 4.3068737573744365
list:
dist: 4.00017392578184 vs. 4.00017392578184
list:
dist: 3.1743382577021424 vs. 3.1743382577021424
list:
dist: 2.040682154032436 vs. 2.040682154032436
list:
dist: 1.7481922455401813 vs. 1.7481922455401813
list:
dist: 2.3641958991395287 vs. 2.3641958991395287
list:
dist: 1.2644790264322294 vs. 1.2644790264322294
list:
dist: 2.518897548120378 vs. 2.518897548120378
list:
dist: 0.796440192857001 vs. 0.796440192857001
list:
dist: 2.1226014019275525 vs. 2.1226014019275525
list:
dist: 2.4259797004864967 vs. 2.4259797004864967
list:
dist: 3.877466399364453 vs. 3.877466399364453
list:
dist: 2.178969301051955 vs. 2.178969301051955
list:
dist: 3.958837092418682 vs. 3.958837092418682
list:
dist: 4.429956842201411 vs. 4.429956842201411
list:
dist: 5.139108029903864 vs. 5.139108029903864
list:
dist: 2.961389273435803 vs. 2.961389273435803
list:
dist: 3.7381871364813515 vs. 3.7381871364813515
list:
dist: 2.8164089804523313 vs. 2.8164089804523313
list:
dist: 3.4140106146388716 vs. 3.4140106146388716
list:
dist: 2.4304382295535643 vs. 2.4304382295535643
list:
dist: 2.6286579718420686 vs. 2.6286579718420686
list:
dist: 3.3277091698678842 vs. 3.3277091698678842
list:
dist: 2.172618217768001 vs. 2.172618217768001
list:
dist: 2.291069873468463 vs. 2.291069873468463
list:
dist: 1.2644790264322294 vs. 1.2644790264322294
list:
dist: 1.6364008416431908 vs. 1.6364008416431908
list:
dist: 2.8973426855080224 vs. 2.8973426855080224
list:
dist: 2.0671118904780976 vs. 2.0671118904780976
list:
dist: 1.082864992156499 vs. 1.082864992156499
list:
dist: 1.9123800182209825 vs. 1.9123800182209825
list:
dist: 2.126700675998762 vs. 2.126700675998762
list:
dist: 2.79322704520025 vs. 2.79322704520025
list:
dist: 2.596650487121671 vs. 2.596650487121671
list:
dist: 1.8862586165555992 vs. 1.8862586165555992
list:
dist: 1.857552110413795 vs. 1.857552110413795
list:
dist: 2.518897548120378 vs. 2.518897548120378
list:
dist: 0.9254226687550123 vs. 0.9254226687550123
list:
dist: 2.0454988282856177 vs. 2.0454988282856177
list:
dist: 1.5579505690147715 vs. 1.5579505690147715
list:
dist: 1.5846175220005476 vs. 1.5846175220005476
list:
dist: 2.4390542949134897 vs. 2.4390542949134897
list:
dist: 2.234895818630204 vs. 2.234895818630204
list:
dist: 2.0671118904780976 vs. 2.0671118904780976
list:
dist: 2.0641924086337804 vs. 2.0641924086337804
list:
dist: 1.6413046355467948 vs. 1.6413046355467948
list:
dist: 1.4610239291676674 vs. 1.4610239291676674
list:
dist: 1.71057619458916 vs. 1.71057619458916
list:
dist: 3.1571406937373685 vs. 3.1571406937373685
list:
dist: 2.458968492317704 vs. 2.458968492317704
list:
dist: 2.7644704289391484 vs. 2.7644704289391484
list:
dist: 2.9980908309778567 vs. 2.9980908309778567
list:
dist: 2.481656980826898 vs. 2.481656980826898
list:
dist: 2.718756579755139 vs. 2.718756579755139
list:
dist: 3.2059851265101207 vs. 3.2059851265101207
list:
dist: 2.994094241549925 vs. 2.994094241549925
list:
dist: 2.293899871503153 vs. 2.293899871503153
list:
dist: 0.9847451995669336 vs. 0.9847451995669336
list:
dist: 2.1338455222470984 vs. 2.1338455222470984
list:
dist: 2.054912844480985 vs. 2.054912844480985
list:
dist: 2.434994305844217 vs. 2.434994305844217
list:
dist: 2.5294533360059193 vs. 2.5294533360059193
list:
dist: 1.5054493193493281 vs. 1.5054493193493281
list:
dist: 2.458968492317704 vs. 2.458968492317704
list:
dist: 3.2555970371434375 vs. 3.2555970371434375
list:
dist: 2.0097885769582846 vs. 2.0097885769582846
list:
dist: 1.7239826104337463 vs. 1.7239826104337463
list:
dist: 1.6820431395076394 vs. 1.6820431395076394
list:
dist: 1.015278445570481 vs. 1.015278445570481
list:
dist: 0.6522840818563357 vs. 0.6522840818563357
list:
dist: 1.190044175351845 vs. 1.190044175351845
list:
dist: 2.7333037070862507 vs. 2.7333037070862507
list:
dist: 2.654902728678966 vs. 2.654902728678966
list:
dist: 3.327729522897322 vs. 3.327729522897322
list:
dist: 1.9197246664359595 vs. 1.9197246664359595
list:
dist: 1.9586011124058338 vs. 1.9586011124058338
list:
dist: 3.219822235294207 vs. 3.219822235294207
list:
dist: 3.2342340183750027 vs. 3.2342340183750027
list:
dist: 3.6142536222262427 vs. 3.6142536222262427
list:
dist: 3.4042763709413415 vs. 3.4042763709413415
list:
dist: 1.60723454038442 vs. 1.60723454038442
list:
dist: 1.8184549346376178 vs. 1.8184549346376178
list:
dist: 1.1190201217260816 vs. 1.1190201217260816
list:
dist: 1.190044175351845 vs. 1.190044175351845
list:
dist: 1.484529374416183 vs. 1.484529374416183
list:
dist: 1.1997784834264467 vs. 1.1997784834264467
list:
dist: 2.540636379714837 vs. 2.540636379714837
list:
dist: 2.9333086795965264 vs. 2.9333086795965264
list:
dist: 1.3558285032352702 vs. 1.3558285032352702
list:
dist: 2.4378364166915074 vs. 2.4378364166915074
list:
dist: 3.0438497675178646 vs. 3.0438497675178646
list:
dist: 3.1241716938346302 vs. 3.1241716938346302
list:
dist: 2.5683777627206825 vs. 2.5683777627206825
list:
dist: 1.71057619458916 vs. 1.71057619458916
list:
dist: 3.012665279010038 vs. 3.012665279010038
list:
dist: 1.8530340016279392 vs. 1.8530340016279392
list:
dist: 1.4872931262121505 vs. 1.4872931262121505
list:
dist: 2.2274762101649714 vs. 2.2274762101649714
list:
dist: 1.6820431395076394 vs. 1.6820431395076394
list:
dist: 2.1708413514136375 vs. 2.1708413514136375
list:
dist: 1.8184549346376178 vs. 1.8184549346376178
list:
dist: 2.2321572003398464 vs. 2.2321572003398464
list:
dist: 1.6042082010830856 vs. 1.6042082010830856
list:
dist: 2.5350898875885464 vs. 2.5350898875885464
list:
dist: 1.749164423404944 vs. 1.749164423404944
list:
dist: 2.7794587314177237 vs. 2.7794587314177237
list:
dist: 2.1226014019275525 vs. 2.1226014019275525
list:
dist: 1.746120855541299 vs. 1.746120855541299
list:
dist: 1.8536666892742315 vs. 1.8536666892742315
list:
dist: 1.717090556968047 vs. 1.717090556968047
list:
dist: 2.3738023011900844 vs. 2.3738023011900844
list:
dist: 2.2606049813526465 vs. 2.2606049813526465
list:
dist: 2.618800129251045 vs. 2.618800129251045
list:
dist: 1.978955934151234 vs. 1.978955934151234
list:
dist: 1.9123800182209825 vs. 1.9123800182209825
list:
dist: 1.6413046355467948 vs. 1.6413046355467948
list:
dist: 1.347458612117251 vs. 1.347458612117251
list:
dist: 0.3856291035218768 vs. 0.3856291035218768
list:
dist: 1.8530340016279392 vs. 1.8530340016279392
list:
dist: 2.1647848222927975 vs. 2.1647848222927975
list:
dist: 2.0097885769582846 vs. 2.0097885769582846
list:
dist: 1.9615700567184617 vs. 1.9615700567184617
list:
dist: 1.7580430215909422 vs. 1.7580430215909422
list:
dist: 1.763225070860315 vs. 1.763225070860315
list:
dist: 1.7124822562990987 vs. 1.7124822562990987
list:
dist: 2.344768298849002 vs. 2.344768298849002
list:
dist: 2.3122469394506715 vs. 2.3122469394506715
list:
dist: 3.261171092465534 vs. 3.261171092465534
list:
dist: 2.479024371810944 vs. 2.479024371810944
list:
dist: 3.407230950207231 vs. 3.407230950207231
list:
dist: 3.754010054069818 vs. 3.754010054069818
list:
dist: 2.1681852304910887 vs. 2.1681852304910887
list:
dist: 3.4435957455016193 vs. 3.4435957455016193
list:
dist: 1.0778798648374708 vs. 1.0778798648374708
list:
dist: 0.9600964243058367 vs. 0.9600964243058367
list:
dist: 2.03147329133527 vs. 2.03147329133527
list:
dist: 2.2993488491565404 vs. 2.2993488491565404
list:
dist: 1.7837249165150624 vs. 1.7837249165150624
list:
dist: 1.7016247298415281 vs. 1.7016247298415281
list:
dist: 1.646506999900338 vs. 1.646506999900338
list:
dist: 2.0547429569041897 vs. 2.0547429569041897
list:
dist: 1.808963412979997 vs. 1.808963412979997
list:
dist: 2.6069471559938107 vs. 2.6069471559938107
list:
dist: 2.8554215193812285 vs. 2.8554215193812285
list:
dist: 1.8294705672361034 vs. 1.8294705672361034
list:
dist: 2.2175530927839726 vs. 2.2175530927839726
list:
dist: 2.225047122104347 vs. 2.225047122104347
list:
dist: 0.796440192857001 vs. 0.796440192857001
list:
dist: 1.523984642415297 vs. 1.523984642415297
list:
dist: 2.0615412856886097 vs. 2.0615412856886097
list:
dist: 2.790574579497927 vs. 2.790574579497927
list:
dist: 2.8968727345385568 vs. 2.8968727345385568
list:
dist: 2.71236991762326 vs. 2.71236991762326
list:
dist: 2.9490191265263426 vs. 2.9490191265263426
list:
dist: 2.241307889109844 vs. 2.241307889109844
list:
dist: 1.082864992156499 vs. 1.082864992156499
list:
dist: 2.0641924086337804 vs. 2.0641924086337804
list:
dist: 1.347458612117251 vs. 1.347458612117251
list:
dist: 1.6708414346887006 vs. 1.6708414346887006
list:
dist: 3.012665279010038 vs. 3.012665279010038
list:
dist: 3.4134699627683145 vs. 3.4134699627683145
list:
dist: 3.2555970371434375 vs. 3.2555970371434375
list:
dist: 3.1351896656987726 vs. 3.1351896656987726
list:
dist: 2.627508175107435 vs. 2.627508175107435
list:
dist: 2.6842297145083753 vs. 2.6842297145083753
list:
dist: 2.031638669212021 vs. 2.031638669212021
list:
dist: 3.622013015630179 vs. 3.622013015630179
list:
dist: 2.79322704520025 vs. 2.79322704520025
list:
dist: 2.9980908309778567 vs. 2.9980908309778567
list:
dist: 2.627508175107435 vs. 2.627508175107435
list:
dist: 1.7580430215909422 vs. 1.7580430215909422
list:
dist: 1.7911795092449019 vs. 1.7911795092449019
list:
dist: 2.2321572003398464 vs. 2.2321572003398464
list:
dist: 2.3698328292986792 vs. 2.3698328292986792
list:
dist: 2.7333037070862507 vs. 2.7333037070862507
list:
dist: 2.689052261337849 vs. 2.689052261337849
list:
dist: 0.9174160035773281 vs. 0.9174160035773281
list:
dist: 1.090987058086525 vs. 1.090987058086525
list:
dist: 1.5637059926580723 vs. 1.5637059926580723
list:
dist: 3.2059851265101207 vs. 3.2059851265101207
list:
dist: 3.622013015630179 vs. 3.622013015630179
list:
dist: 2.344768298849002 vs. 2.344768298849002
list:
dist: 2.1346780037548676 vs. 2.1346780037548676
list:
dist: 1.749164423404944 vs. 1.749164423404944
list:
dist: 1.5522592053884134 vs. 1.5522592053884134
list:
dist: 1.9197246664359595 vs. 1.9197246664359595
list:
dist: 2.0607958095585666 vs. 2.0607958095585666
list:
dist: 1.1997784834264467 vs. 1.1997784834264467
list:
dist: 1.5637059926580723 vs. 1.5637059926580723
list:
dist: 1.5875101041740307 vs. 1.5875101041740307
list:
dist: 2.526922836725804 vs. 2.526922836725804
list:
dist: 2.596650487121671 vs. 2.596650487121671
list:
dist: 2.481656980826898 vs. 2.481656980826898
list:
dist: 2.6842297145083753 vs. 2.6842297145083753
list:
dist: 1.763225070860315 vs. 1.763225070860315
list:
dist: 1.65870776644914 vs. 1.65870776644914
list:
dist: 1.6042082010830856 vs. 1.6042082010830856
list:
dist: 2.6098396687646392 vs. 2.6098396687646392
list:
dist: 2.654902728678966 vs. 2.654902728678966
list:
dist: 2.8218479082528845 vs. 2.8218479082528845
list:
dist: 0.9174160035773281 vs. 0.9174160035773281
list:
dist: 1.1845422115644981 vs. 1.1845422115644981
list:
dist: 1.5875101041740307 vs. 1.5875101041740307
list:
dist: 1.8862586165555992 vs. 1.8862586165555992
list:
dist: 2.718756579755139 vs. 2.718756579755139
list:
dist: 2.031638669212021 vs. 2.031638669212021
list:
dist: 1.7124822562990987 vs. 1.7124822562990987
list:
dist: 1.8612651191778562 vs. 1.8612651191778562
list:
dist: 2.5350898875885464 vs. 2.5350898875885464
list:
dist: 3.1889480788567424 vs. 3.1889480788567424
list:
dist: 3.327729522897322 vs. 3.327729522897322
list:
dist: 3.318183461477144 vs. 3.318183461477144
list:
dist: 1.090987058086525 vs. 1.090987058086525
list:
dist: 1.1845422115644981 vs. 1.1845422115644981
list:
dist: 2.526922836725804 vs. 2.526922836725804
list:
dist: 3.7381871364813515 vs. 3.7381871364813515
list:
dist: 2.1744232685291633 vs. 2.1744232685291633
list:
dist: 2.909261054430185 vs. 2.909261054430185
list:
dist: 1.8849466308183904 vs. 1.8849466308183904
list:
dist: 2.292530491302562 vs. 2.292530491302562
list:
dist: 1.8017278121185631 vs. 1.8017278121185631
list:
dist: 1.5891294615250044 vs. 1.5891294615250044
list:
dist: 0.7393581412857188 vs. 0.7393581412857188
list:
dist: 1.3675853244139142 vs. 1.3675853244139142
list:
dist: 1.5341693356345252 vs. 1.5341693356345252
list:
dist: 1.4741014345774512 vs. 1.4741014345774512
list:
dist: 2.2982765472859534 vs. 2.2982765472859534
list:
dist: 2.0493124987310303 vs. 2.0493124987310303
list:
dist: 2.456480931463781 vs. 2.456480931463781
list:
dist: 2.6001002822739605 vs. 2.6001002822739605
list:
dist: 1.581598709498438 vs. 1.581598709498438
list:
dist: 1.6739365083850928 vs. 1.6739365083850928
list:
dist: 1.530200172604289 vs. 1.530200172604289
list:
dist: 1.2624647190061697 vs. 1.2624647190061697
list:
dist: 1.4168224450043538 vs. 1.4168224450043538
list:
dist: 2.0357857423914543 vs. 2.0357857423914543
list:
dist: 2.407789538072607 vs. 2.407789538072607
list:
dist: 2.3122469394506715 vs. 2.3122469394506715
list:
dist: 2.961389273435803 vs. 2.961389273435803
list:
dist: 0.8901405789052034 vs. 0.8901405789052034
list:
dist: 1.4573777042078568 vs. 1.4573777042078568
list:
dist: 1.493875730618531 vs. 1.493875730618531
list:
dist: 2.3352182674422104 vs. 2.3352182674422104
list:
dist: 1.8017278121185631 vs. 1.8017278121185631
list:
dist: 1.6986564613643607 vs. 1.6986564613643607
list:
dist: 1.793962042196552 vs. 1.793962042196552
list:
dist: 1.1618751168308388 vs. 1.1618751168308388
list:
dist: 0.7929189850197332 vs. 0.7929189850197332
list:
dist: 2.5125324009512426 vs. 2.5125324009512426
list:
dist: 3.351821336170251 vs. 3.351821336170251
list:
dist: 3.7774609104280494 vs. 3.7774609104280494
list:
dist: 3.3443181216945095 vs. 3.3443181216945095
list:
dist: 3.4482931263746757 vs. 3.4482931263746757
list:
dist: 2.993698989824792 vs. 2.993698989824792
list:
dist: 2.5364709080780328 vs. 2.5364709080780328
list:
dist: 2.9440297526733836 vs. 2.9440297526733836
list:
dist: 3.6277862405046593 vs. 3.6277862405046593
list:
dist: 4.040883539249137 vs. 4.040883539249137
list:
dist: 5.139108029903864 vs. 5.139108029903864
list:
dist: 2.994656096816017 vs. 2.994656096816017
list:
dist: 2.0599667291305193 vs. 2.0599667291305193
list:
dist: 1.0042083693515131 vs. 1.0042083693515131
list:
dist: 2.3352182674422104 vs. 2.3352182674422104
list:
dist: 2.292530491302562 vs. 2.292530491302562
list:
dist: 2.7462553578959805 vs. 2.7462553578959805
list:
dist: 2.3999414693037764 vs. 2.3999414693037764
list:
dist: 2.8889293946226755 vs. 2.8889293946226755
list:
dist: 2.835037779636534 vs. 2.835037779636534
list:
dist: 1.2510334733703992 vs. 1.2510334733703992
list:
dist: 1.5354378320644897 vs. 1.5354378320644897
list:
dist: 2.0737891502860326 vs. 2.0737891502860326
list:
dist: 3.4101557553835398 vs. 3.4101557553835398
list:
dist: 3.072671348569741 vs. 3.072671348569741
list:
dist: 2.5709681035610616 vs. 2.5709681035610616
list:
dist: 1.7247320832237567 vs. 1.7247320832237567
list:
dist: 2.104380432667434 vs. 2.104380432667434
list:
dist: 3.770548862575092 vs. 3.770548862575092
list:
dist: 3.9728090539465883 vs. 3.9728090539465883
list:
dist: 2.6286579718420686 vs. 2.6286579718420686
list:
dist: 1.0483948773274134 vs. 1.0483948773274134
list:
dist: 2.246126320269304 vs. 2.246126320269304
list:
dist: 1.9950534781861284 vs. 1.9950534781861284
list:
dist: 2.835037779636534 vs. 2.835037779636534
list:
dist: 0.7929189850197332 vs. 0.7929189850197332
list:
dist: 1.5341693356345252 vs. 1.5341693356345252
list:
dist: 1.6728749359160313 vs. 1.6728749359160313
list:
dist: 1.6253803432583682 vs. 1.6253803432583682
list:
dist: 0.7853776270412972 vs. 0.7853776270412972
list:
dist: 2.106123331900361 vs. 2.106123331900361
list:
dist: 1.9797975608804383 vs. 1.9797975608804383
list:
dist: 2.7488493740167756 vs. 2.7488493740167756
list:
dist: 3.5583129100287123 vs. 3.5583129100287123
list:
dist: 3.8979801111135064 vs. 3.8979801111135064
list:
dist: 2.9140300390495217 vs. 2.9140300390495217
list:
dist: 3.1543454296261126 vs. 3.1543454296261126
list:
dist: 2.7742328900526076 vs. 2.7742328900526076
list:
dist: 2.5319027053376235 vs. 2.5319027053376235
list:
dist: 2.875653709281185 vs. 2.875653709281185
list:
dist: 3.142109571022899 vs. 3.142109571022899
list:
dist: 3.5900515639676334 vs. 3.5900515639676334
list:
dist: 3.754010054069818 vs. 3.754010054069818
list:
dist: 2.4304382295535643 vs. 2.4304382295535643
list:
dist: 0.9689569128349128 vs. 0.9689569128349128
list:
dist: 2.4988147937951664 vs. 2.4988147937951664
list:
dist: 2.2571934636793745 vs. 2.2571934636793745
list:
dist: 2.8889293946226755 vs. 2.8889293946226755
list:
dist: 1.1618751168308388 vs. 1.1618751168308388
list:
dist: 1.3675853244139142 vs. 1.3675853244139142
list:
dist: 0.9555919404392372 vs. 0.9555919404392372
list:
dist: 1.1130677938531923 vs. 1.1130677938531923
list:
dist: 0.7853776270412972 vs. 0.7853776270412972
list:
dist: 1.7442028081791896 vs. 1.7442028081791896
list:
dist: 1.663874699591929 vs. 1.663874699591929
list:
dist: 2.9943067158746843 vs. 2.9943067158746843
list:
dist: 3.59923762515132 vs. 3.59923762515132
list:
dist: 3.838233007840517 vs. 3.838233007840517
list:
dist: 2.7342562489865228 vs. 2.7342562489865228
list:
dist: 2.965687064441505 vs. 2.965687064441505
list:
dist: 2.852668360600194 vs. 2.852668360600194
list:
dist: 2.5324564616130565 vs. 2.5324564616130565
list:
dist: 2.7367035055724616 vs. 2.7367035055724616
list:
dist: 3.147138598823524 vs. 3.147138598823524
list:
dist: 3.5808528193577733 vs. 3.5808528193577733
list:
dist: 3.407230950207231 vs. 3.407230950207231
list:
dist: 5.111733893257732 vs. 5.111733893257732
list:
dist: 3.7679619957796455 vs. 3.7679619957796455
list:
dist: 3.9728090539465883 vs. 3.9728090539465883
list:
dist: 4.040883539249137 vs. 4.040883539249137
list:
dist: 2.407789538072607 vs. 2.407789538072607
list:
dist: 3.8504026445207375 vs. 3.8504026445207375
list:
dist: 2.964203408735605 vs. 2.964203408735605
list:
dist: 3.5808528193577733 vs. 3.5808528193577733
list:
dist: 3.5900515639676334 vs. 3.5900515639676334
list:
dist: 2.365562921838167 vs. 2.365562921838167
list:
dist: 3.5217898533440297 vs. 3.5217898533440297
list:
dist: 3.104811163079775 vs. 3.104811163079775
list:
dist: 3.075161245199981 vs. 3.075161245199981
list:
dist: 2.8555069059851177 vs. 2.8555069059851177
list:
dist: 1.0460243437100418 vs. 1.0460243437100418
list:
dist: 1.2490889226539734 vs. 1.2490889226539734
list:
dist: 1.4340736514398778 vs. 1.4340736514398778
list:
dist: 2.2525158688085427 vs. 2.2525158688085427
list:
dist: 2.0513865445732278 vs. 2.0513865445732278
list:
dist: 0.4744888484532445 vs. 0.4744888484532445
list:
dist: 1.646506999900338 vs. 1.646506999900338
list:
dist: 1.1946092739689227 vs. 1.1946092739689227
list:
dist: 1.9896198034392703 vs. 1.9896198034392703
list:
dist: 2.457584126967562 vs. 2.457584126967562
list:
dist: 2.6459999534458682 vs. 2.6459999534458682
list:
dist: 1.7298223057024864 vs. 1.7298223057024864
list:
dist: 2.3985730882042002 vs. 2.3985730882042002
list:
dist: 3.958837092418682 vs. 3.958837092418682
list:
dist: 1.9158553295087573 vs. 1.9158553295087573
list:
dist: 1.519179425549211 vs. 1.519179425549211
list:
dist: 2.0599667291305193 vs. 2.0599667291305193
list:
dist: 1.4573777042078568 vs. 1.4573777042078568
list:
dist: 2.909261054430185 vs. 2.909261054430185
list:
dist: 2.6307268555488097 vs. 2.6307268555488097
list:
dist: 2.839521139547484 vs. 2.839521139547484
list:
dist: 2.4988147937951664 vs. 2.4988147937951664
list:
dist: 2.246126320269304 vs. 2.246126320269304
list:
dist: 2.6995771158491655 vs. 2.6995771158491655
list:
dist: 3.4903596771295473 vs. 3.4903596771295473
list:
dist: 4.039666120850603 vs. 4.039666120850603
list:
dist: 4.452754817725106 vs. 4.452754817725106
list:
dist: 4.3852244327221985 vs. 4.3852244327221985
list:
dist: 3.8346478980785594 vs. 3.8346478980785594
list:
dist: 3.166041390707586 vs. 3.166041390707586
list:
dist: 3.62350849044777 vs. 3.62350849044777
list:
dist: 4.758313135756678 vs. 4.758313135756678
list:
dist: 5.111733893257732 vs. 5.111733893257732
list:
dist: 3.3277091698678842 vs. 3.3277091698678842
list:
dist: 2.6982681114639586 vs. 2.6982681114639586
list:
dist: 1.4741014345774512 vs. 1.4741014345774512
list:
dist: 2.0359391433414937 vs. 2.0359391433414937
list:
dist: 1.5345816229809646 vs. 1.5345816229809646
list:
dist: 1.7442028081791896 vs. 1.7442028081791896
list:
dist: 2.106123331900361 vs. 2.106123331900361
list:
dist: 1.2935750476526233 vs. 1.2935750476526233
list:
dist: 1.5362773162863455 vs. 1.5362773162863455
list:
dist: 2.0401573497116683 vs. 2.0401573497116683
list:
dist: 2.3795635670996433 vs. 2.3795635670996433
list:
dist: 2.535913667537035 vs. 2.535913667537035
list:
dist: 2.447502887200969 vs. 2.447502887200969
list:
dist: 1.9618177910882526 vs. 1.9618177910882526
list:
dist: 2.365562921838167 vs. 2.365562921838167
list:
dist: 2.1681852304910887 vs. 2.1681852304910887
list:
dist: 2.178969301051955 vs. 2.178969301051955
list:
dist: 1.9158553295087573 vs. 1.9158553295087573
list:
dist: 2.296378712268319 vs. 2.296378712268319
list:
dist: 2.994656096816017 vs. 2.994656096816017
list:
dist: 0.8901405789052034 vs. 0.8901405789052034
list:
dist: 2.1744232685291633 vs. 2.1744232685291633
list:
dist: 1.4013180262762877 vs. 1.4013180262762877
list:
dist: 1.9011412181686045 vs. 1.9011412181686045
list:
dist: 0.9689569128349128 vs. 0.9689569128349128
list:
dist: 1.0483948773274134 vs. 1.0483948773274134
list:
dist: 2.6982681114639586 vs. 2.6982681114639586
list:
dist: 2.3373920717542807 vs. 2.3373920717542807
list:
dist: 2.6995771158491655 vs. 2.6995771158491655
list:
dist: 1.2092215623160028 vs. 1.2092215623160028
list:
dist: 1.2510334733703992 vs. 1.2510334733703992
list:
dist: 2.5125324009512426 vs. 2.5125324009512426
list:
dist: 2.0493124987310303 vs. 2.0493124987310303
list:
dist: 3.158578576666091 vs. 3.158578576666091
list:
dist: 2.520633776958369 vs. 2.520633776958369
list:
dist: 2.9943067158746843 vs. 2.9943067158746843
list:
dist: 2.7488493740167756 vs. 2.7488493740167756
list:
dist: 1.121949248372442 vs. 1.121949248372442
list:
dist: 1.7258453721002376 vs. 1.7258453721002376
list:
dist: 2.8210299125580116 vs. 2.8210299125580116
list:
dist: 2.5206470154925187 vs. 2.5206470154925187
list:
dist: 1.6811825645994554 vs. 1.6811825645994554
list:
dist: 1.153164454508823 vs. 1.153164454508823
list:
dist: 1.6937108345274523 vs. 1.6937108345274523
list:
dist: 2.9348798521701545 vs. 2.9348798521701545
list:
dist: 3.104811163079775 vs. 3.104811163079775
list:
dist: 2.2808001031850744 vs. 2.2808001031850744
list:
dist: 3.3344107444844795 vs. 3.3344107444844795
list:
dist: 4.41832654267541 vs. 4.41832654267541
list:
dist: 3.1556266665674855 vs. 3.1556266665674855
list:
dist: 2.172618217768001 vs. 2.172618217768001
list:
dist: 2.3373920717542807 vs. 2.3373920717542807
list:
dist: 2.2982765472859534 vs. 2.2982765472859534
list:
dist: 2.1854468786698655 vs. 2.1854468786698655
list:
dist: 2.1884195343244466 vs. 2.1884195343244466
list:
dist: 1.663874699591929 vs. 1.663874699591929
list:
dist: 1.9797975608804383 vs. 1.9797975608804383
list:
dist: 1.2935750476526233 vs. 1.2935750476526233
list:
dist: 2.802358103498962 vs. 2.802358103498962
list:
dist: 3.3071588944174772 vs. 3.3071588944174772
list:
dist: 3.461908421761369 vs. 3.461908421761369
list:
dist: 3.5299638612850397 vs. 3.5299638612850397
list:
dist: 3.5711416847579285 vs. 3.5711416847579285
list:
dist: 3.082573450290354 vs. 3.082573450290354
list:
dist: 3.5217898533440297 vs. 3.5217898533440297
list:
dist: 3.4435957455016193 vs. 3.4435957455016193
list:
dist: 4.3852244327221985 vs. 4.3852244327221985
list:
dist: 3.0640408848359844 vs. 3.0640408848359844
list:
dist: 3.072671348569741 vs. 3.072671348569741
list:
dist: 3.4482931263746757 vs. 3.4482931263746757
list:
dist: 1.6739365083850928 vs. 1.6739365083850928
list:
dist: 2.968520945445784 vs. 2.968520945445784
list:
dist: 2.0699647868194235 vs. 2.0699647868194235
list:
dist: 2.965687064441505 vs. 2.965687064441505
list:
dist: 3.1543454296261126 vs. 3.1543454296261126
list:
dist: 2.0401573497116683 vs. 2.0401573497116683
list:
dist: 3.3071588944174772 vs. 3.3071588944174772
list:
dist: 2.5206470154925187 vs. 2.5206470154925187
list:
dist: 2.294669924550492 vs. 2.294669924550492
list:
dist: 2.0140771659090837 vs. 2.0140771659090837
list:
dist: 0.645270019325736 vs. 0.645270019325736
list:
dist: 1.0774357400560564 vs. 1.0774357400560564
list:
dist: 1.4205175631725424 vs. 1.4205175631725424
list:
dist: 0.9937241564444665 vs. 0.9937241564444665
list:
dist: 1.2048533471735194 vs. 1.2048533471735194
list:
dist: 1.2490889226539734 vs. 1.2490889226539734
list:
dist: 0.9600964243058367 vs. 0.9600964243058367
list:
dist: 1.3018054940408068 vs. 1.3018054940408068
list:
dist: 1.7291790344655467 vs. 1.7291790344655467
list:
dist: 2.7257718594149924 vs. 2.7257718594149924
list:
dist: 2.483710505448658 vs. 2.483710505448658
list:
dist: 2.2559972511299895 vs. 2.2559972511299895
list:
dist: 2.857875309472359 vs. 2.857875309472359
list:
dist: 4.429956842201411 vs. 4.429956842201411
list:
dist: 2.296378712268319 vs. 2.296378712268319
list:
dist: 1.519179425549211 vs. 1.519179425549211
list:
dist: 1.0042083693515131 vs. 1.0042083693515131
list:
dist: 1.493875730618531 vs. 1.493875730618531
list:
dist: 1.8849466308183904 vs. 1.8849466308183904
list:
dist: 2.4294466503047776 vs. 2.4294466503047776
list:
dist: 2.111010471541869 vs. 2.111010471541869
list:
dist: 2.2571934636793745 vs. 2.2571934636793745
list:
dist: 1.9950534781861284 vs. 1.9950534781861284
list:
dist: 1.2092215623160028 vs. 1.2092215623160028
list:
dist: 2.069922986650364 vs. 2.069922986650364
list:
dist: 2.629428583940637 vs. 2.629428583940637
list:
dist: 3.2236098705798066 vs. 3.2236098705798066
list:
dist: 3.0640408848359844 vs. 3.0640408848359844
list:
dist: 2.40087530941884 vs. 2.40087530941884
list:
dist: 1.727354921600986 vs. 1.727354921600986
list:
dist: 2.2495733045137585 vs. 2.2495733045137585
list:
dist: 3.474942457142862 vs. 3.474942457142862
list:
dist: 3.7679619957796455 vs. 3.7679619957796455
list:
dist: 4.039666120850603 vs. 4.039666120850603
list:
dist: 2.629428583940637 vs. 2.629428583940637
list:
dist: 2.0737891502860326 vs. 2.0737891502860326
list:
dist: 3.7774609104280494 vs. 3.7774609104280494
list:
dist: 2.6001002822739605 vs. 2.6001002822739605
list:
dist: 3.668609513389472 vs. 3.668609513389472
list:
dist: 2.916599902577435 vs. 2.916599902577435
list:
dist: 3.838233007840517 vs. 3.838233007840517
list:
dist: 3.8979801111135064 vs. 3.8979801111135064
list:
dist: 1.7258453721002376 vs. 1.7258453721002376
list:
dist: 0.680745504784232 vs. 0.680745504784232
list:
dist: 2.6105694192977626 vs. 2.6105694192977626
list:
dist: 2.0140771659090837 vs. 2.0140771659090837
list:
dist: 1.8139883917312452 vs. 1.8139883917312452
list:
dist: 1.4078793799777778 vs. 1.4078793799777778
list:
dist: 1.2841871378397982 vs. 1.2841871378397982
list:
dist: 2.9055988748727604 vs. 2.9055988748727604
list:
dist: 2.8555069059851177 vs. 2.8555069059851177
list:
dist: 4.594853036021552 vs. 4.594853036021552
list:
dist: 4.360530543438069 vs. 4.360530543438069
list:
dist: 1.8692832039028011 vs. 1.8692832039028011
list:
dist: 2.041464067557411 vs. 2.041464067557411
list:
dist: 3.222191502786413 vs. 3.222191502786413
list:
dist: 1.8663769531457517 vs. 1.8663769531457517
list:
dist: 4.41832654267541 vs. 4.41832654267541
list:
dist: 3.770158698914488 vs. 3.770158698914488
list:
dist: 3.222191502786413 vs. 3.222191502786413
list:
dist: 3.027721773811926 vs. 3.027721773811926
list:
dist: 2.7257718594149924 vs. 2.7257718594149924
list:
dist: 3.1571947005865075 vs. 3.1571947005865075
list:
dist: 3.691033623230068 vs. 3.691033623230068
list:
dist: 3.287627618699643 vs. 3.287627618699643
list:
dist: 2.9126418405998953 vs. 2.9126418405998953
list:
dist: 2.457584126967562 vs. 2.457584126967562
list:
dist: 2.6069471559938107 vs. 2.6069471559938107
list:
dist: 4.7610742687897964 vs. 4.7610742687897964
list:
dist: 2.323349895480192 vs. 2.323349895480192
list:
dist: 1.2553056245040852 vs. 1.2553056245040852
list:
dist: 1.7108492794252042 vs. 1.7108492794252042
list:
dist: 1.647989315854318 vs. 1.647989315854318
list:
dist: 2.358026254715461 vs. 2.358026254715461
list:
dist: 1.9148409020042294 vs. 1.9148409020042294
list:
dist: 4.452754817725106 vs. 4.452754817725106
list:
dist: 3.2236098705798066 vs. 3.2236098705798066
list:
dist: 3.4101557553835398 vs. 3.4101557553835398
list:
dist: 3.3443181216945095 vs. 3.3443181216945095
list:
dist: 1.581598709498438 vs. 1.581598709498438
list:
dist: 2.8723273289140585 vs. 2.8723273289140585
list:
dist: 2.0034861528291037 vs. 2.0034861528291037
list:
dist: 2.7342562489865228 vs. 2.7342562489865228
list:
dist: 2.9140300390495217 vs. 2.9140300390495217
list:
dist: 1.5362773162863455 vs. 1.5362773162863455
list:
dist: 2.802358103498962 vs. 2.802358103498962
list:
dist: 2.8210299125580116 vs. 2.8210299125580116
list:
dist: 2.8065960341975957 vs. 2.8065960341975957
list:
dist: 2.6105694192977626 vs. 2.6105694192977626
list:
dist: 0.645270019325736 vs. 0.645270019325736
list:
dist: 1.2792724223390255 vs. 1.2792724223390255
list:
dist: 1.759018211029206 vs. 1.759018211029206
list:
dist: 1.4764906816906591 vs. 1.4764906816906591
list:
dist: 0.8226418774937148 vs. 0.8226418774937148
list:
dist: 1.0460243437100418 vs. 1.0460243437100418
list:
dist: 1.0778798648374708 vs. 1.0778798648374708
list:
dist: 1.6059184668274311 vs. 1.6059184668274311
list:
dist: 2.215438151066112 vs. 2.215438151066112
list:
dist: 3.027721773811926 vs. 3.027721773811926
list:
dist: 3.007120241922029 vs. 3.007120241922029
list:
dist: 2.2119021990999466 vs. 2.2119021990999466
list:
dist: 2.7057023569105167 vs. 2.7057023569105167
list:
dist: 3.4140106146388716 vs. 3.4140106146388716
list:
dist: 1.9011412181686045 vs. 1.9011412181686045
list:
dist: 2.839521139547484 vs. 2.839521139547484
list:
dist: 2.111010471541869 vs. 2.111010471541869
list:
dist: 2.3999414693037764 vs. 2.3999414693037764
list:
dist: 1.793962042196552 vs. 1.793962042196552
list:
dist: 0.7393581412857188 vs. 0.7393581412857188
list:
dist: 0.9211647491457556 vs. 0.9211647491457556
list:
dist: 1.1130677938531923 vs. 1.1130677938531923
list:
dist: 1.6253803432583682 vs. 1.6253803432583682
list:
dist: 1.5345816229809646 vs. 1.5345816229809646
list:
dist: 2.1884195343244466 vs. 2.1884195343244466
list:
dist: 2.520633776958369 vs. 2.520633776958369
list:
dist: 2.8121303988770174 vs. 2.8121303988770174
list:
dist: 2.916599902577435 vs. 2.916599902577435
list:
dist: 2.0034861528291037 vs. 2.0034861528291037
list:
dist: 2.0699647868194235 vs. 2.0699647868194235
list:
dist: 2.1821132535693217 vs. 2.1821132535693217
list:
dist: 1.7534258782257421 vs. 1.7534258782257421
list:
dist: 1.7880604397840314 vs. 1.7880604397840314
list:
dist: 2.610217576315021 vs. 2.610217576315021
list:
dist: 2.964203408735605 vs. 2.964203408735605
list:
dist: 2.479024371810944 vs. 2.479024371810944
list:
dist: 3.4903596771295473 vs. 3.4903596771295473
list:
dist: 2.069922986650364 vs. 2.069922986650364
list:
dist: 1.5354378320644897 vs. 1.5354378320644897
list:
dist: 3.351821336170251 vs. 3.351821336170251
list:
dist: 2.456480931463781 vs. 2.456480931463781
list:
dist: 3.512519178577311 vs. 3.512519178577311
list:
dist: 2.8121303988770174 vs. 2.8121303988770174
list:
dist: 3.59923762515132 vs. 3.59923762515132
list:
dist: 3.5583129100287123 vs. 3.5583129100287123
list:
dist: 1.121949248372442 vs. 1.121949248372442
list:
dist: 0.680745504784232 vs. 0.680745504784232
list:
dist: 2.8065960341975957 vs. 2.8065960341975957
list:
dist: 2.294669924550492 vs. 2.294669924550492
list:
dist: 1.8020956907420451 vs. 1.8020956907420451
list:
dist: 1.2410007977223938 vs. 1.2410007977223938
list:
dist: 1.4137640566238292 vs. 1.4137640566238292
list:
dist: 3.0448297786690572 vs. 3.0448297786690572
list:
dist: 3.075161245199981 vs. 3.075161245199981
list:
dist: 2.072403646042547 vs. 2.072403646042547
list:
dist: 2.620464645553017 vs. 2.620464645553017
list:
dist: 3.770158698914488 vs. 3.770158698914488
list:
dist: 2.3605164202604234 vs. 2.3605164202604234
list:
dist: 3.280135318521397 vs. 3.280135318521397
list:
dist: 2.7055304473853274 vs. 2.7055304473853274
list:
dist: 3.003571790507301 vs. 3.003571790507301
list:
dist: 2.3327141621315044 vs. 2.3327141621315044
list:
dist: 4.594853036021552 vs. 4.594853036021552
list:
dist: 1.7566205231531005 vs. 1.7566205231531005
list:
dist: 1.8204023957853204 vs. 1.8204023957853204
list:
dist: 2.6890732740490364 vs. 2.6890732740490364
list:
dist: 1.1071178381343794 vs. 1.1071178381343794
list:
dist: 1.6693594691642015 vs. 1.6693594691642015
list:
dist: 1.175377622449917 vs. 1.175377622449917
list:
dist: 2.010815947753054 vs. 2.010815947753054
list:
dist: 1.776174823586164 vs. 1.776174823586164
list:
dist: 1.9428618136349258 vs. 1.9428618136349258
list:
dist: 3.2982339050616694 vs. 3.2982339050616694
list:
dist: 3.092310972908166 vs. 3.092310972908166
list:
dist: 3.5961645700488614 vs. 3.5961645700488614
list:
dist: 2.8722575004011666 vs. 2.8722575004011666
list:
dist: 3.0051213346040364 vs. 3.0051213346040364
list:
dist: 2.5651881315846863 vs. 2.5651881315846863
list:
dist: 2.2646779923279867 vs. 2.2646779923279867
list:
dist: 3.4331483259471645 vs. 3.4331483259471645
list:
dist: 1.4509404561558479 vs. 1.4509404561558479
list:
dist: 4.069653144629699 vs. 4.069653144629699
list:
dist: 3.0527216765829333 vs. 3.0527216765829333
list:
dist: 4.359873710114613 vs. 4.359873710114613
list:
dist: 3.31315149017681 vs. 3.31315149017681
list:
dist: 3.3344107444844795 vs. 3.3344107444844795
list:
dist: 2.620464645553017 vs. 2.620464645553017
list:
dist: 2.041464067557411 vs. 2.041464067557411
list:
dist: 2.215438151066112 vs. 2.215438151066112
list:
dist: 1.7291790344655467 vs. 1.7291790344655467
list:
dist: 2.195990499366322 vs. 2.195990499366322
list:
dist: 2.5473120894613714 vs. 2.5473120894613714
list:
dist: 2.1029730210459343 vs. 2.1029730210459343
list:
dist: 2.3350110870789043 vs. 2.3350110870789043
list:
dist: 1.9896198034392703 vs. 1.9896198034392703
list:
dist: 1.808963412979997 vs. 1.808963412979997
list:
dist: 4.38734045497621 vs. 4.38734045497621
list:
dist: 1.538112970430144 vs. 1.538112970430144
list:
dist: 1.2553056245040852 vs. 1.2553056245040852
list:
dist: 1.1514642968534377 vs. 1.1514642968534377
list:
dist: 1.9266433986985476 vs. 1.9266433986985476
list:
dist: 2.701775755715411 vs. 2.701775755715411
list:
dist: 2.219713826645856 vs. 2.219713826645856
list:
dist: 3.166041390707586 vs. 3.166041390707586
list:
dist: 1.727354921600986 vs. 1.727354921600986
list:
dist: 1.7247320832237567 vs. 1.7247320832237567
list:
dist: 2.5364709080780328 vs. 2.5364709080780328
list:
dist: 1.2624647190061697 vs. 1.2624647190061697
list:
dist: 2.5813480105541005 vs. 2.5813480105541005
list:
dist: 1.7534258782257421 vs. 1.7534258782257421
list:
dist: 2.5324564616130565 vs. 2.5324564616130565
list:
dist: 2.5319027053376235 vs. 2.5319027053376235
list:
dist: 2.535913667537035 vs. 2.535913667537035
list:
dist: 3.5299638612850397 vs. 3.5299638612850397
list:
dist: 1.153164454508823 vs. 1.153164454508823
list:
dist: 1.2410007977223938 vs. 1.2410007977223938
list:
dist: 1.4078793799777778 vs. 1.4078793799777778
list:
dist: 1.759018211029206 vs. 1.759018211029206
list:
dist: 1.4205175631725424 vs. 1.4205175631725424
list:
dist: 0.9003849217462029 vs. 0.9003849217462029
list:
dist: 0.5945727765533203 vs. 0.5945727765533203
list:
dist: 2.0754864874293864 vs. 2.0754864874293864
list:
dist: 2.2525158688085427 vs. 2.2525158688085427
list:
dist: 2.2993488491565404 vs. 2.2993488491565404
list:
dist: 1.6537512005639847 vs. 1.6537512005639847
list:
dist: 2.5473120894613714 vs. 2.5473120894613714
list:
dist: 3.691033623230068 vs. 3.691033623230068
list:
dist: 2.7529254441144815 vs. 2.7529254441144815
list:
dist: 3.596278504119384 vs. 3.596278504119384
list:
dist: 4.262062926599176 vs. 4.262062926599176
list:
dist: 4.758313135756678 vs. 4.758313135756678
list:
dist: 3.474942457142862 vs. 3.474942457142862
list:
dist: 3.770548862575092 vs. 3.770548862575092
list:
dist: 3.6277862405046593 vs. 3.6277862405046593
list:
dist: 2.0357857423914543 vs. 2.0357857423914543
list:
dist: 3.4770710374978577 vs. 3.4770710374978577
list:
dist: 2.610217576315021 vs. 2.610217576315021
list:
dist: 3.147138598823524 vs. 3.147138598823524
list:
dist: 3.142109571022899 vs. 3.142109571022899
list:
dist: 1.9618177910882526 vs. 1.9618177910882526
list:
dist: 3.082573450290354 vs. 3.082573450290354
list:
dist: 2.9348798521701545 vs. 2.9348798521701545
list:
dist: 3.0448297786690572 vs. 3.0448297786690572
list:
dist: 2.9055988748727604 vs. 2.9055988748727604
list:
dist: 0.8226418774937148 vs. 0.8226418774937148
list:
dist: 1.2048533471735194 vs. 1.2048533471735194
list:
dist: 1.2880784758868664 vs. 1.2880784758868664
list:
dist: 2.0754864874293864 vs. 2.0754864874293864
list:
dist: 1.9438766675862744 vs. 1.9438766675862744
list:
dist: 0.4744888484532445 vs. 0.4744888484532445
list:
dist: 1.7016247298415281 vs. 1.7016247298415281
list:
dist: 1.3771332520792563 vs. 1.3771332520792563
list:
dist: 2.3350110870789043 vs. 2.3350110870789043
list:
dist: 2.9126418405998953 vs. 2.9126418405998953
list:
dist: 2.9728387613381186 vs. 2.9728387613381186
list:
dist: 2.1064145516280446 vs. 2.1064145516280446
list:
dist: 2.684932746358926 vs. 2.684932746358926
list:
dist: 2.7057023569105167 vs. 2.7057023569105167
list:
dist: 2.857875309472359 vs. 2.857875309472359
list:
dist: 3.656584274136799 vs. 3.656584274136799
list:
dist: 4.262062926599176 vs. 4.262062926599176
list:
dist: 3.8179057537029006 vs. 3.8179057537029006
list:
dist: 2.684932746358926 vs. 2.684932746358926
list:
dist: 2.3985730882042002 vs. 2.3985730882042002
list:
dist: 2.2175530927839726 vs. 2.2175530927839726
list:
dist: 3.237866269474108 vs. 3.237866269474108
list:
dist: 2.701775755715411 vs. 2.701775755715411
list:
dist: 2.358026254715461 vs. 2.358026254715461
list:
dist: 3.716287079398229 vs. 3.716287079398229
list:
dist: 0.8795066392844975 vs. 0.8795066392844975
list:
dist: 4.271664911769019 vs. 4.271664911769019
list:
dist: 3.8346478980785594 vs. 3.8346478980785594
list:
dist: 2.40087530941884 vs. 2.40087530941884
list:
dist: 2.5709681035610616 vs. 2.5709681035610616
list:
dist: 2.993698989824792 vs. 2.993698989824792
list:
dist: 1.530200172604289 vs. 1.530200172604289
list:
dist: 3.083764400254686 vs. 3.083764400254686
list:
dist: 2.1821132535693217 vs. 2.1821132535693217
list:
dist: 2.852668360600194 vs. 2.852668360600194
list:
dist: 2.7742328900526076 vs. 2.7742328900526076
list:
dist: 2.3795635670996433 vs. 2.3795635670996433
list:
dist: 3.461908421761369 vs. 3.461908421761369
list:
dist: 1.6811825645994554 vs. 1.6811825645994554
list:
dist: 1.8020956907420451 vs. 1.8020956907420451
list:
dist: 1.8139883917312452 vs. 1.8139883917312452
list:
dist: 1.2792724223390255 vs. 1.2792724223390255
list:
dist: 1.0774357400560564 vs. 1.0774357400560564
list:
dist: 0.9003849217462029 vs. 0.9003849217462029
list:
dist: 0.9912364669581069 vs. 0.9912364669581069
list:
dist: 1.2880784758868664 vs. 1.2880784758868664
list:
dist: 1.4340736514398778 vs. 1.4340736514398778
list:
dist: 2.03147329133527 vs. 2.03147329133527
list:
dist: 0.9392589797556455 vs. 0.9392589797556455
list:
dist: 2.195990499366322 vs. 2.195990499366322
list:
dist: 3.1571947005865075 vs. 3.1571947005865075
list:
dist: 2.479131042284423 vs. 2.479131042284423
list:
dist: 2.949357454261156 vs. 2.949357454261156
list:
dist: 3.656584274136799 vs. 3.656584274136799
list:
dist: 2.8164089804523313 vs. 2.8164089804523313
list:
dist: 1.4013180262762877 vs. 1.4013180262762877
list:
dist: 2.6307268555488097 vs. 2.6307268555488097
list:
dist: 2.4294466503047776 vs. 2.4294466503047776
list:
dist: 2.7462553578959805 vs. 2.7462553578959805
list:
dist: 1.6986564613643607 vs. 1.6986564613643607
list:
dist: 1.5891294615250044 vs. 1.5891294615250044
list:
dist: 0.9211647491457556 vs. 0.9211647491457556
list:
dist: 0.9555919404392372 vs. 0.9555919404392372
list:
dist: 1.6728749359160313 vs. 1.6728749359160313
list:
dist: 2.0359391433414937 vs. 2.0359391433414937
list:
dist: 2.1854468786698655 vs. 2.1854468786698655
list:
dist: 3.158578576666091 vs. 3.158578576666091
list:
dist: 3.512519178577311 vs. 3.512519178577311
list:
dist: 3.668609513389472 vs. 3.668609513389472
list:
dist: 2.8723273289140585 vs. 2.8723273289140585
list:
dist: 2.968520945445784 vs. 2.968520945445784
list:
dist: 3.083764400254686 vs. 3.083764400254686
list:
dist: 2.5813480105541005 vs. 2.5813480105541005
list:
dist: 2.6506783388384396 vs. 2.6506783388384396
list:
dist: 3.4770710374978577 vs. 3.4770710374978577
list:
dist: 3.8504026445207375 vs. 3.8504026445207375
list:
dist: 3.261171092465534 vs. 3.261171092465534
list:
dist: 3.62350849044777 vs. 3.62350849044777
list:
dist: 2.2495733045137585 vs. 2.2495733045137585
list:
dist: 2.104380432667434 vs. 2.104380432667434
list:
dist: 2.9440297526733836 vs. 2.9440297526733836
list:
dist: 1.4168224450043538 vs. 1.4168224450043538
list:
dist: 2.6506783388384396 vs. 2.6506783388384396
list:
dist: 1.7880604397840314 vs. 1.7880604397840314
list:
dist: 2.7367035055724616 vs. 2.7367035055724616
list:
dist: 2.875653709281185 vs. 2.875653709281185
list:
dist: 2.447502887200969 vs. 2.447502887200969
list:
dist: 3.5711416847579285 vs. 3.5711416847579285
list:
dist: 1.6937108345274523 vs. 1.6937108345274523
list:
dist: 1.4137640566238292 vs. 1.4137640566238292
list:
dist: 1.2841871378397982 vs. 1.2841871378397982
list:
dist: 1.4764906816906591 vs. 1.4764906816906591
list:
dist: 0.9937241564444665 vs. 0.9937241564444665
list:
dist: 0.9912364669581069 vs. 0.9912364669581069
list:
dist: 0.5945727765533203 vs. 0.5945727765533203
list:
dist: 1.9438766675862744 vs. 1.9438766675862744
list:
dist: 2.0513865445732278 vs. 2.0513865445732278
list:
dist: 1.7837249165150624 vs. 1.7837249165150624
list:
dist: 1.5349438154627537 vs. 1.5349438154627537
list:
dist: 2.1029730210459343 vs. 2.1029730210459343
list:
dist: 3.287627618699643 vs. 3.287627618699643
list:
dist: 2.4921020244237506 vs. 2.4921020244237506
list:
dist: 3.1752104541401183 vs. 3.1752104541401183
list:
dist: 3.8179057537029006 vs. 3.8179057537029006
list:
dist: 3.1556266665674855 vs. 3.1556266665674855
list:
dist: 2.3605164202604234 vs. 2.3605164202604234
list:
dist: 1.8663769531457517 vs. 1.8663769531457517
list:
dist: 3.007120241922029 vs. 3.007120241922029
list:
dist: 2.483710505448658 vs. 2.483710505448658
list:
dist: 2.479131042284423 vs. 2.479131042284423
list:
dist: 2.7529254441144815 vs. 2.7529254441144815
list:
dist: 2.4921020244237506 vs. 2.4921020244237506
list:
dist: 2.9728387613381186 vs. 2.9728387613381186
list:
dist: 2.6459999534458682 vs. 2.6459999534458682
list:
dist: 2.8554215193812285 vs. 2.8554215193812285
list:
dist: 4.098279274544174 vs. 4.098279274544174
list:
dist: 1.7309870473072166 vs. 1.7309870473072166
list:
dist: 1.1514642968534377 vs. 1.1514642968534377
list:
dist: 1.7108492794252042 vs. 1.7108492794252042
list:
dist: 2.884179350129898 vs. 2.884179350129898
list:
dist: 3.716287079398229 vs. 3.716287079398229
list:
dist: 1.4339994400254716 vs. 1.4339994400254716
list:
dist: 2.2808001031850744 vs. 2.2808001031850744
list:
dist: 2.072403646042547 vs. 2.072403646042547
list:
dist: 1.8692832039028011 vs. 1.8692832039028011
list:
dist: 1.6059184668274311 vs. 1.6059184668274311
list:
dist: 1.3018054940408068 vs. 1.3018054940408068
list:
dist: 0.9392589797556455 vs. 0.9392589797556455
list:
dist: 1.6537512005639847 vs. 1.6537512005639847
list:
dist: 1.5349438154627537 vs. 1.5349438154627537
list:
dist: 1.3771332520792563 vs. 1.3771332520792563
list:
dist: 1.1946092739689227 vs. 1.1946092739689227
list:
dist: 2.0547429569041897 vs. 2.0547429569041897
list:
dist: 1.538112970430144 vs. 1.538112970430144
list:
dist: 2.323349895480192 vs. 2.323349895480192
list:
dist: 1.7309870473072166 vs. 1.7309870473072166
list:
dist: 2.4177456470571173 vs. 2.4177456470571173
list:
dist: 3.237866269474108 vs. 3.237866269474108
list:
dist: 3.0042557453497105 vs. 3.0042557453497105
list:
dist: 3.7782883977352135 vs. 3.7782883977352135
list:
dist: 3.8622353143870973 vs. 3.8622353143870973
list:
dist: 2.3640467993952536 vs. 2.3640467993952536
list:
dist: 3.5961645700488614 vs. 3.5961645700488614
list:
dist: 2.273299469354277 vs. 2.273299469354277
list:
dist: 2.7249632164696123 vs. 2.7249632164696123
list:
dist: 3.366569124068071 vs. 3.366569124068071
list:
dist: 3.5013410775733145 vs. 3.5013410775733145
list:
dist: 2.1011647031103364 vs. 2.1011647031103364
list:
dist: 1.8997033579032647 vs. 1.8997033579032647
list:
dist: 1.9144244397311505 vs. 1.9144244397311505
list:
dist: 1.3141812131474835 vs. 1.3141812131474835
list:
dist: 1.240965246030958 vs. 1.240965246030958
list:
dist: 1.0330808558306317 vs. 1.0330808558306317
list:
dist: 0.9153480832911294 vs. 0.9153480832911294
list:
dist: 1.4754645259590418 vs. 1.4754645259590418
list:
dist: 1.8743960680099927 vs. 1.8743960680099927
list:
dist: 0.9597609379734907 vs. 0.9597609379734907
list:
dist: 3.151595453447746 vs. 3.151595453447746
list:
dist: 1.9402957340360185 vs. 1.9402957340360185
list:
dist: 2.452870535091733 vs. 2.452870535091733
list:
dist: 2.780105793940702 vs. 2.780105793940702
list:
dist: 1.768198024831044 vs. 1.768198024831044
list:
dist: 2.317623129713661 vs. 2.317623129713661
list:
dist: 1.548414660898642 vs. 1.548414660898642
list:
dist: 3.392532593689468 vs. 3.392532593689468
list:
dist: 2.4036237688734534 vs. 2.4036237688734534
list:
dist: 2.573362138548528 vs. 2.573362138548528
list:
dist: 1.2420544710473655 vs. 1.2420544710473655
list:
dist: 2.4961205269329656 vs. 2.4961205269329656
list:
dist: 2.1633172758541535 vs. 2.1633172758541535
list:
dist: 1.776174823586164 vs. 1.776174823586164
list:
dist: 1.5769643451995576 vs. 1.5769643451995576
list:
dist: 1.030461262413177 vs. 1.030461262413177
list:
dist: 1.681207425497743 vs. 1.681207425497743
list:
dist: 1.704270018450742 vs. 1.704270018450742
list:
dist: 0.6978441165621189 vs. 0.6978441165621189
list:
dist: 1.080805033061271 vs. 1.080805033061271
list:
dist: 1.8396570310229 vs. 1.8396570310229
list:
dist: 1.5521502960331615 vs. 1.5521502960331615
list:
dist: 1.8997033579032647 vs. 1.8997033579032647
list:
dist: 1.121547731592695 vs. 1.121547731592695
list:
dist: 1.3975177842609356 vs. 1.3975177842609356
list:
dist: 1.1505243078308423 vs. 1.1505243078308423
list:
dist: 1.2313121465584922 vs. 1.2313121465584922
list:
dist: 1.8479524132784066 vs. 1.8479524132784066
list:
dist: 2.8632118652601735 vs. 2.8632118652601735
list:
dist: 2.2140399228431136 vs. 2.2140399228431136
list:
dist: 3.4242672274084907 vs. 3.4242672274084907
list:
dist: 2.308454645291053 vs. 2.308454645291053
list:
dist: 3.3798377017857955 vs. 3.3798377017857955
list:
dist: 3.634271408864169 vs. 3.634271408864169
list:
dist: 2.0999798856518845 vs. 2.0999798856518845
list:
dist: 4.360530543438069 vs. 4.360530543438069
list:
dist: 1.9428618136349258 vs. 1.9428618136349258
list:
dist: 2.1532893433939755 vs. 2.1532893433939755
list:
dist: 1.3131495272754456 vs. 1.3131495272754456
list:
dist: 2.4834390734392495 vs. 2.4834390734392495
list:
dist: 2.298007436396579 vs. 2.298007436396579
list:
dist: 1.6393306264368537 vs. 1.6393306264368537
list:
dist: 1.080805033061271 vs. 1.080805033061271
list:
dist: 1.8671565447613054 vs. 1.8671565447613054
list:
dist: 1.7654476707932953 vs. 1.7654476707932953
list:
dist: 1.9144244397311505 vs. 1.9144244397311505
list:
dist: 1.6393465201921327 vs. 1.6393465201921327
list:
dist: 1.4963901284743084 vs. 1.4963901284743084
list:
dist: 1.2983131553284057 vs. 1.2983131553284057
list:
dist: 1.0442228074205953 vs. 1.0442228074205953
list:
dist: 4.38734045497621 vs. 4.38734045497621
list:
dist: 4.7610742687897964 vs. 4.7610742687897964
list:
dist: 4.098279274544174 vs. 4.098279274544174
list:
dist: 2.2111591389052827 vs. 2.2111591389052827
list:
dist: 3.969317992718442 vs. 3.969317992718442
list:
dist: 1.4682737875015095 vs. 1.4682737875015095
list:
dist: 2.386598124888563 vs. 2.386598124888563
list:
dist: 2.0961215801446267 vs. 2.0961215801446267
list:
dist: 2.8732469278141144 vs. 2.8732469278141144
list:
dist: 1.4230622651855864 vs. 1.4230622651855864
list:
dist: 3.9376757383319427 vs. 3.9376757383319427
list:
dist: 3.1646650078759038 vs. 3.1646650078759038
list:
dist: 2.1000441889456525 vs. 2.1000441889456525
list:
dist: 1.7676423227370046 vs. 1.7676423227370046
list:
dist: 0.9834919224706273 vs. 0.9834919224706273
list:
dist: 1.5442011683448982 vs. 1.5442011683448982
list:
dist: 2.2932748620993344 vs. 2.2932748620993344
list:
dist: 1.7125292882189824 vs. 1.7125292882189824
list:
dist: 2.7055304473853274 vs. 2.7055304473853274
list:
dist: 3.1237010808441195 vs. 3.1237010808441195
list:
dist: 2.772099006552455 vs. 2.772099006552455
list:
dist: 2.1091780521285717 vs. 2.1091780521285717
list:
dist: 2.3895527094419156 vs. 2.3895527094419156
list:
dist: 1.840161456379091 vs. 1.840161456379091
list:
dist: 2.4036237688734534 vs. 2.4036237688734534
list:
dist: 3.3798377017857955 vs. 3.3798377017857955
list:
dist: 3.9335921967643652 vs. 3.9335921967643652
list:
dist: 3.5705439038556954 vs. 3.5705439038556954
list:
dist: 3.7782883977352135 vs. 3.7782883977352135
list:
dist: 2.9553324532188485 vs. 2.9553324532188485
list:
dist: 3.159363622625563 vs. 3.159363622625563
list:
dist: 3.361412448354411 vs. 3.361412448354411
list:
dist: 3.540605043687186 vs. 3.540605043687186
list:
dist: 3.9376757383319427 vs. 3.9376757383319427
list:
dist: 3.0042557453497105 vs. 3.0042557453497105
list:
dist: 2.219713826645856 vs. 2.219713826645856
list:
dist: 1.9148409020042294 vs. 1.9148409020042294
list:
dist: 1.4339994400254716 vs. 1.4339994400254716
list:
dist: 3.520167717631907 vs. 3.520167717631907
list:
dist: 4.271664911769019 vs. 4.271664911769019
list:
dist: 2.2119021990999466 vs. 2.2119021990999466
list:
dist: 2.2559972511299895 vs. 2.2559972511299895
list:
dist: 2.949357454261156 vs. 2.949357454261156
list:
dist: 3.596278504119384 vs. 3.596278504119384
list:
dist: 3.1752104541401183 vs. 3.1752104541401183
list:
dist: 2.1064145516280446 vs. 2.1064145516280446
list:
dist: 1.7298223057024864 vs. 1.7298223057024864
list:
dist: 1.8294705672361034 vs. 1.8294705672361034
list:
dist: 2.4177456470571173 vs. 2.4177456470571173
list:
dist: 1.9266433986985476 vs. 1.9266433986985476
list:
dist: 1.647989315854318 vs. 1.647989315854318
list:
dist: 2.884179350129898 vs. 2.884179350129898
list:
dist: 0.8795066392844975 vs. 0.8795066392844975
list:
dist: 3.520167717631907 vs. 3.520167717631907
list:
dist: 1.525749028192669 vs. 1.525749028192669
list:
dist: 1.7125292882189824 vs. 1.7125292882189824
list:
dist: 1.4877426946914423 vs. 1.4877426946914423
list:
dist: 2.25510988692629 vs. 2.25510988692629
list:
dist: 0.6236508780281943 vs. 0.6236508780281943
list:
dist: 1.8204023957853204 vs. 1.8204023957853204
list:
dist: 2.366161176896204 vs. 2.366161176896204
list:
dist: 1.853456283304836 vs. 1.853456283304836
list:
dist: 0.7519998303132349 vs. 0.7519998303132349
list:
dist: 0.978915466186854 vs. 0.978915466186854
list:
dist: 2.0887208543117617 vs. 2.0887208543117617
list:
dist: 2.1633172758541535 vs. 2.1633172758541535
list:
dist: 2.6829313775047523 vs. 2.6829313775047523
list:
dist: 1.7676423227370046 vs. 1.7676423227370046
list:
dist: 1.1646116537222213 vs. 1.1646116537222213
list:
dist: 3.042095272530498 vs. 3.042095272530498
list:
dist: 1.8408325538326007 vs. 1.8408325538326007
list:
dist: 1.525749028192669 vs. 1.525749028192669
list:
dist: 3.280135318521397 vs. 3.280135318521397
list:
dist: 3.3933367443033178 vs. 3.3933367443033178
list:
dist: 3.328001377630595 vs. 3.328001377630595
list:
dist: 2.1211626055394146 vs. 2.1211626055394146
list:
dist: 2.4892744536354607 vs. 2.4892744536354607
list:
dist: 3.097810120326243 vs. 3.097810120326243
list:
dist: 3.392532593689468 vs. 3.392532593689468
list:
dist: 3.042095272530498 vs. 3.042095272530498
list:
dist: 1.5442011683448982 vs. 1.5442011683448982
list:
dist: 2.040166680478198 vs. 2.040166680478198
list:
dist: 2.7770067437719277 vs. 2.7770067437719277
list:
dist: 2.25510988692629 vs. 2.25510988692629
list:
dist: 2.3327141621315044 vs. 2.3327141621315044
list:
dist: 2.456175043575745 vs. 2.456175043575745
list:
dist: 2.0610734003326066 vs. 2.0610734003326066
list:
dist: 2.1455798207152976 vs. 2.1455798207152976
list:
dist: 2.3084770045687795 vs. 2.3084770045687795
list:
dist: 0.5480051195954964 vs. 0.5480051195954964
list:
dist: 1.2420544710473655 vs. 1.2420544710473655
list:
dist: 2.0999798856518845 vs. 2.0999798856518845
list:
dist: 2.782048801052821 vs. 2.782048801052821
list:
dist: 2.44342831075806 vs. 2.44342831075806
list:
dist: 2.3640467993952536 vs. 2.3640467993952536
list:
dist: 1.7243132670339676 vs. 1.7243132670339676
list:
dist: 1.6389097219448512 vs. 1.6389097219448512
list:
dist: 2.2344602658595205 vs. 2.2344602658595205
list:
dist: 2.450139568630014 vs. 2.450139568630014
list:
dist: 2.4892744536354607 vs. 2.4892744536354607
list:
dist: 2.3895527094419156 vs. 2.3895527094419156
list:
dist: 2.2892675022516498 vs. 2.2892675022516498
list:
dist: 2.3084770045687795 vs. 2.3084770045687795
list:
dist: 0.9211393171865986 vs. 0.9211393171865986
list:
dist: 0.978915466186854 vs. 0.978915466186854
list:
dist: 1.175377622449917 vs. 1.175377622449917
list:
dist: 1.926458019905596 vs. 1.926458019905596
list:
dist: 1.0092565109500933 vs. 1.0092565109500933
list:
dist: 0.5755052414190025 vs. 0.5755052414190025
list:
dist: 1.9420172295271498 vs. 1.9420172295271498
list:
dist: 1.704270018450742 vs. 1.704270018450742
list:
dist: 2.298007436396579 vs. 2.298007436396579
list:
dist: 2.94369389436723 vs. 2.94369389436723
list:
dist: 2.7014547196026433 vs. 2.7014547196026433
list:
dist: 3.5013410775733145 vs. 3.5013410775733145
list:
dist: 2.5676892280502788 vs. 2.5676892280502788
list:
dist: 3.1012295822305704 vs. 3.1012295822305704
list:
dist: 2.265460587594241 vs. 2.265460587594241
list:
dist: 2.104362652009883 vs. 2.104362652009883
list:
dist: 1.7191903081065902 vs. 1.7191903081065902
list:
dist: 3.9375870674243068 vs. 3.9375870674243068
list:
dist: 2.6212897718617936 vs. 2.6212897718617936
list:
dist: 4.216244987098207 vs. 4.216244987098207
list:
dist: 3.6200888587129265 vs. 3.6200888587129265
list:
dist: 1.8408325538326007 vs. 1.8408325538326007
list:
dist: 2.2932748620993344 vs. 2.2932748620993344
list:
dist: 2.0703863396429636 vs. 2.0703863396429636
list:
dist: 2.7770067437719277 vs. 2.7770067437719277
list:
dist: 0.6236508780281943 vs. 0.6236508780281943
list:
dist: 1.7566205231531005 vs. 1.7566205231531005
list:
dist: 2.5855512954911353 vs. 2.5855512954911353
list:
dist: 1.9253815175812374 vs. 1.9253815175812374
list:
dist: 0.9649089212243924 vs. 0.9649089212243924
list:
dist: 0.9211393171865986 vs. 0.9211393171865986
list:
dist: 2.5497927059987395 vs. 2.5497927059987395
list:
dist: 2.4961205269329656 vs. 2.4961205269329656
list:
dist: 2.5633064277491213 vs. 2.5633064277491213
list:
dist: 1.1646116537222213 vs. 1.1646116537222213
list:
dist: 0.9834919224706273 vs. 0.9834919224706273
list:
dist: 2.040166680478198 vs. 2.040166680478198
list:
dist: 2.0703863396429636 vs. 2.0703863396429636
list:
dist: 1.4877426946914423 vs. 1.4877426946914423
list:
dist: 3.003571790507301 vs. 3.003571790507301
list:
dist: 2.7471080817546807 vs. 2.7471080817546807
list:
dist: 2.8322845226952844 vs. 2.8322845226952844
list:
dist: 1.8302250789505532 vs. 1.8302250789505532
list:
dist: 2.2892675022516498 vs. 2.2892675022516498
list:
dist: 2.162061926703647 vs. 2.162061926703647
list:
dist: 2.573362138548528 vs. 2.573362138548528
list:
dist: 3.634271408864169 vs. 3.634271408864169
list:
dist: 3.7688559011168694 vs. 3.7688559011168694
list:
dist: 3.410221164294415 vs. 3.410221164294415
list:
dist: 3.8622353143870973 vs. 3.8622353143870973
list:
dist: 2.926956988466009 vs. 2.926956988466009
list:
dist: 3.4434765265335154 vs. 3.4434765265335154
list:
dist: 3.2752015418244795 vs. 3.2752015418244795
list:
dist: 3.5047267983193455 vs. 3.5047267983193455
list:
dist: 3.9335921967643652 vs. 3.9335921967643652
list:
dist: 3.7688559011168694 vs. 3.7688559011168694
list:
dist: 2.782048801052821 vs. 2.782048801052821
list:
dist: 3.2982339050616694 vs. 3.2982339050616694
list:
dist: 1.3452797628509994 vs. 1.3452797628509994
list:
dist: 2.2249843583035958 vs. 2.2249843583035958
list:
dist: 2.8175161674823967 vs. 2.8175161674823967
list:
dist: 2.94369389436723 vs. 2.94369389436723
list:
dist: 2.3322325037122367 vs. 2.3322325037122367
list:
dist: 1.8396570310229 vs. 1.8396570310229
list:
dist: 1.8671565447613054 vs. 1.8671565447613054
list:
dist: 0.3701163169290827 vs. 0.3701163169290827
list:
dist: 1.3141812131474835 vs. 1.3141812131474835
list:
dist: 1.1130480370800873 vs. 1.1130480370800873
list:
dist: 1.8433033790545221 vs. 1.8433033790545221
list:
dist: 0.7408046730219684 vs. 0.7408046730219684
list:
dist: 1.122529611893486 vs. 1.122529611893486
list:
dist: 1.606418826803825 vs. 1.606418826803825
list:
dist: 2.505041936209707 vs. 2.505041936209707
list:
dist: 1.317916950851865 vs. 1.317916950851865
list:
dist: 1.2039689420277953 vs. 1.2039689420277953
list:
dist: 1.949741982224081 vs. 1.949741982224081
list:
dist: 1.8978513662837915 vs. 1.8978513662837915
list:
dist: 2.171059637977403 vs. 2.171059637977403
list:
dist: 1.5152994995632243 vs. 1.5152994995632243
list:
dist: 3.159363622625563 vs. 3.159363622625563
list:
dist: 3.4434765265335154 vs. 3.4434765265335154
list:
dist: 1.6389097219448512 vs. 1.6389097219448512
list:
dist: 3.0051213346040364 vs. 3.0051213346040364
list:
dist: 2.4009760828565687 vs. 2.4009760828565687
list:
dist: 2.342383510002363 vs. 2.342383510002363
list:
dist: 3.0243701370553806 vs. 3.0243701370553806
list:
dist: 3.1012295822305704 vs. 3.1012295822305704
list:
dist: 1.4410798786910404 vs. 1.4410798786910404
list:
dist: 1.3975177842609356 vs. 1.3975177842609356
list:
dist: 1.4963901284743084 vs. 1.4963901284743084
list:
dist: 1.8433033790545221 vs. 1.8433033790545221
list:
dist: 1.649262025028065 vs. 1.649262025028065
list:
dist: 0.9153480832911294 vs. 0.9153480832911294
list:
dist: 1.081356400446106 vs. 1.081356400446106
list:
dist: 1.5980880784924711 vs. 1.5980880784924711
list:
dist: 1.8796008621022207 vs. 1.8796008621022207
list:
dist: 1.6293079672792792 vs. 1.6293079672792792
list:
dist: 2.8778874586066205 vs. 2.8778874586066205
list:
dist: 2.5803517010630546 vs. 2.5803517010630546
list:
dist: 2.773492419324963 vs. 2.773492419324963
list:
dist: 3.3573612891193885 vs. 3.3573612891193885
list:
dist: 1.8603449672904793 vs. 1.8603449672904793
list:
dist: 3.05565102434472 vs. 3.05565102434472
list:
dist: 2.109112045566337 vs. 2.109112045566337
list:
dist: 2.1211626055394146 vs. 2.1211626055394146
list:
dist: 2.1091780521285717 vs. 2.1091780521285717
list:
dist: 1.8302250789505532 vs. 1.8302250789505532
list:
dist: 2.1455798207152976 vs. 2.1455798207152976
list:
dist: 0.9649089212243924 vs. 0.9649089212243924
list:
dist: 0.7519998303132349 vs. 0.7519998303132349
list:
dist: 1.6693594691642015 vs. 1.6693594691642015
list:
dist: 1.661821426843119 vs. 1.661821426843119
list:
dist: 1.2874970380104693 vs. 1.2874970380104693
list:
dist: 0.5755052414190025 vs. 0.5755052414190025
list:
dist: 1.816746626070997 vs. 1.816746626070997
list:
dist: 1.681207425497743 vs. 1.681207425497743
list:
dist: 2.4834390734392495 vs. 2.4834390734392495
list:
dist: 2.8175161674823967 vs. 2.8175161674823967
list:
dist: 2.5386780929972423 vs. 2.5386780929972423
list:
dist: 3.366569124068071 vs. 3.366569124068071
list:
dist: 2.3664655724909633 vs. 2.3664655724909633
list:
dist: 3.0243701370553806 vs. 3.0243701370553806
list:
dist: 2.1927056682338693 vs. 2.1927056682338693
list:
dist: 2.1713625695292005 vs. 2.1713625695292005
list:
dist: 2.132308047640699 vs. 2.132308047640699
list:
dist: 3.938145265361245 vs. 3.938145265361245
list:
dist: 2.624136515289128 vs. 2.624136515289128
list:
dist: 4.273726515324995 vs. 4.273726515324995
list:
dist: 3.7588942506454788 vs. 3.7588942506454788
list:
dist: 3.361412448354411 vs. 3.361412448354411
list:
dist: 3.2752015418244795 vs. 3.2752015418244795
list:
dist: 2.2344602658595205 vs. 2.2344602658595205
list:
dist: 2.5651881315846863 vs. 2.5651881315846863
list:
dist: 1.0488768780342768 vs. 1.0488768780342768
list:
dist: 1.5030969366347664 vs. 1.5030969366347664
list:
dist: 2.1927056682338693 vs. 2.1927056682338693
list:
dist: 2.265460587594241 vs. 2.265460587594241
list:
dist: 1.729617835025076 vs. 1.729617835025076
list:
dist: 1.1505243078308423 vs. 1.1505243078308423
list:
dist: 1.2983131553284057 vs. 1.2983131553284057
list:
dist: 0.7408046730219684 vs. 0.7408046730219684
list:
dist: 0.555543811601069 vs. 0.555543811601069
list:
dist: 1.4754645259590418 vs. 1.4754645259590418
list:
dist: 0.8656987435902782 vs. 0.8656987435902782
list:
dist: 1.5980880784924711 vs. 1.5980880784924711
list:
dist: 0.5588237672699298 vs. 0.5588237672699298
list:
dist: 1.9571131939774415 vs. 1.9571131939774415
list:
dist: 1.91466977323317 vs. 1.91466977323317
list:
dist: 1.8279437483527934 vs. 1.8279437483527934
list:
dist: 1.2296708489284727 vs. 1.2296708489284727
list:
dist: 2.376479481797983 vs. 2.376479481797983
list:
dist: 1.8644870528067612 vs. 1.8644870528067612
list:
dist: 2.7397847436517764 vs. 2.7397847436517764
list:
dist: 1.8785035949462743 vs. 1.8785035949462743
list:
dist: 3.31315149017681 vs. 3.31315149017681
list:
dist: 2.894806895608995 vs. 2.894806895608995
list:
dist: 2.618242036857267 vs. 2.618242036857267
list:
dist: 3.7588942506454788 vs. 3.7588942506454788
list:
dist: 3.6200888587129265 vs. 3.6200888587129265
list:
dist: 2.8083164630189565 vs. 2.8083164630189565
list:
dist: 2.308454645291053 vs. 2.308454645291053
list:
dist: 1.4230622651855864 vs. 1.4230622651855864
list:
dist: 1.8978513662837915 vs. 1.8978513662837915
list:
dist: 2.03369862842323 vs. 2.03369862842323
list:
dist: 1.768198024831044 vs. 1.768198024831044
list:
dist: 2.193867193455706 vs. 2.193867193455706
list:
dist: 1.8603449672904793 vs. 1.8603449672904793
list:
dist: 1.8644870528067612 vs. 1.8644870528067612
list:
dist: 1.722182450976012 vs. 1.722182450976012
list:
dist: 1.3589502409436052 vs. 1.3589502409436052
list:
dist: 2.4447220084244825 vs. 2.4447220084244825
list:
dist: 1.5688297378058926 vs. 1.5688297378058926
list:
dist: 2.3090198104552724 vs. 2.3090198104552724
list:
dist: 2.0909545682303796 vs. 2.0909545682303796
list:
dist: 2.005045436005807 vs. 2.005045436005807
list:
dist: 0.9998390051931084 vs. 0.9998390051931084
list:
dist: 2.2111591389052827 vs. 2.2111591389052827
list:
dist: 1.606418826803825 vs. 1.606418826803825
list:
dist: 1.7483249416094875 vs. 1.7483249416094875
list:
dist: 0.9597609379734907 vs. 0.9597609379734907
list:
dist: 1.8727400571469903 vs. 1.8727400571469903
list:
dist: 1.6293079672792792 vs. 1.6293079672792792
list:
dist: 1.9571131939774415 vs. 1.9571131939774415
list:
dist: 2.189006764455542 vs. 2.189006764455542
list:
dist: 1.4470719526403313 vs. 1.4470719526403313
list:
dist: 2.5778029625750536 vs. 2.5778029625750536
list:
dist: 2.2756586898152733 vs. 2.2756586898152733
list:
dist: 1.3589502409436052 vs. 1.3589502409436052
list:
dist: 1.4973613158677406 vs. 1.4973613158677406
list:
dist: 0.8364397324526612 vs. 0.8364397324526612
list:
dist: 3.097810120326243 vs. 3.097810120326243
list:
dist: 1.840161456379091 vs. 1.840161456379091
list:
dist: 2.162061926703647 vs. 2.162061926703647
list:
dist: 0.5480051195954964 vs. 0.5480051195954964
list:
dist: 2.5497927059987395 vs. 2.5497927059987395
list:
dist: 2.0887208543117617 vs. 2.0887208543117617
list:
dist: 2.010815947753054 vs. 2.010815947753054
list:
dist: 1.9961914740709563 vs. 1.9961914740709563
list:
dist: 1.5611392126650387 vs. 1.5611392126650387
list:
dist: 1.816746626070997 vs. 1.816746626070997
list:
dist: 1.9420172295271498 vs. 1.9420172295271498
list:
dist: 0.6978441165621189 vs. 0.6978441165621189
list:
dist: 1.6393306264368537 vs. 1.6393306264368537
list:
dist: 2.3322325037122367 vs. 2.3322325037122367
list:
dist: 2.001808966912424 vs. 2.001808966912424
list:
dist: 2.1011647031103364 vs. 2.1011647031103364
list:
dist: 1.3549810570263945 vs. 1.3549810570263945
list:
dist: 1.4410798786910404 vs. 1.4410798786910404
list:
dist: 1.729617835025076 vs. 1.729617835025076
list:
dist: 1.912149005175455 vs. 1.912149005175455
list:
dist: 2.45981645391486 vs. 2.45981645391486
list:
dist: 3.4203424187722944 vs. 3.4203424187722944
list:
dist: 2.8520451933581596 vs. 2.8520451933581596
list:
dist: 4.046719385723894 vs. 4.046719385723894
list:
dist: 2.8083164630189565 vs. 2.8083164630189565
list:
dist: 3.5705439038556954 vs. 3.5705439038556954
list:
dist: 3.410221164294415 vs. 3.410221164294415
list:
dist: 2.44342831075806 vs. 2.44342831075806
list:
dist: 3.092310972908166 vs. 3.092310972908166
list:
dist: 1.125756190891676 vs. 1.125756190891676
list:
dist: 2.0283146108885903 vs. 2.0283146108885903
list:
dist: 2.5386780929972423 vs. 2.5386780929972423
list:
dist: 2.7014547196026433 vs. 2.7014547196026433
list:
dist: 2.001808966912424 vs. 2.001808966912424
list:
dist: 1.5521502960331615 vs. 1.5521502960331615
list:
dist: 1.7654476707932953 vs. 1.7654476707932953
list:
dist: 0.3701163169290827 vs. 0.3701163169290827
list:
dist: 1.240965246030958 vs. 1.240965246030958
list:
dist: 0.7812168971711915 vs. 0.7812168971711915
list:
dist: 1.649262025028065 vs. 1.649262025028065
list:
dist: 0.555543811601069 vs. 0.555543811601069
list:
dist: 1.0696500461928693 vs. 1.0696500461928693
list:
dist: 1.7483249416094875 vs. 1.7483249416094875
list:
dist: 2.4511668864501304 vs. 2.4511668864501304
list:
dist: 1.6720173639548643 vs. 1.6720173639548643
list:
dist: 1.3572711289161272 vs. 1.3572711289161272
list:
dist: 2.3063502505736615 vs. 2.3063502505736615
list:
dist: 2.03369862842323 vs. 2.03369862842323
list:
dist: 2.497704210342809 vs. 2.497704210342809
list:
dist: 1.777354660964502 vs. 1.777354660964502
list:
dist: 2.9553324532188485 vs. 2.9553324532188485
list:
dist: 2.926956988466009 vs. 2.926956988466009
list:
dist: 1.7243132670339676 vs. 1.7243132670339676
list:
dist: 2.8722575004011666 vs. 2.8722575004011666
list:
dist: 1.3888666787562636 vs. 1.3888666787562636
list:
dist: 1.9445639207516412 vs. 1.9445639207516412
list:
dist: 2.3664655724909633 vs. 2.3664655724909633
list:
dist: 2.5676892280502788 vs. 2.5676892280502788
list:
dist: 1.3549810570263945 vs. 1.3549810570263945
list:
dist: 1.121547731592695 vs. 1.121547731592695
list:
dist: 1.6393465201921327 vs. 1.6393465201921327
list:
dist: 1.1130480370800873 vs. 1.1130480370800873
list:
dist: 0.7812168971711915 vs. 0.7812168971711915
list:
dist: 1.0330808558306317 vs. 1.0330808558306317
list:
dist: 1.081356400446106 vs. 1.081356400446106
list:
dist: 0.8656987435902782 vs. 0.8656987435902782
list:
dist: 1.3674819690837892 vs. 1.3674819690837892
list:
dist: 1.8727400571469903 vs. 1.8727400571469903
list:
dist: 2.5973708295642624 vs. 2.5973708295642624
list:
dist: 2.2895114732088433 vs. 2.2895114732088433
list:
dist: 2.0309250058146384 vs. 2.0309250058146384
list:
dist: 2.9975694480297475 vs. 2.9975694480297475
list:
dist: 2.193867193455706 vs. 2.193867193455706
list:
dist: 2.9931594600224636 vs. 2.9931594600224636
list:
dist: 2.1570742214100127 vs. 2.1570742214100127
list:
dist: 3.328001377630595 vs. 3.328001377630595
list:
dist: 2.772099006552455 vs. 2.772099006552455
list:
dist: 2.8322845226952844 vs. 2.8322845226952844
list:
dist: 2.0610734003326066 vs. 2.0610734003326066
list:
dist: 1.9253815175812374 vs. 1.9253815175812374
list:
dist: 1.853456283304836 vs. 1.853456283304836
list:
dist: 1.1071178381343794 vs. 1.1071178381343794
list:
dist: 1.6403890335722657 vs. 1.6403890335722657
list:
dist: 1.2874970380104693 vs. 1.2874970380104693
list:
dist: 1.0092565109500933 vs. 1.0092565109500933
list:
dist: 1.5611392126650387 vs. 1.5611392126650387
list:
dist: 1.030461262413177 vs. 1.030461262413177
list:
dist: 1.3131495272754456 vs. 1.3131495272754456
list:
dist: 2.2249843583035958 vs. 2.2249843583035958
list:
dist: 2.0283146108885903 vs. 2.0283146108885903
list:
dist: 2.7249632164696123 vs. 2.7249632164696123
list:
dist: 1.9445639207516412 vs. 1.9445639207516412
list:
dist: 2.342383510002363 vs. 2.342383510002363
list:
dist: 1.5030969366347664 vs. 1.5030969366347664
list:
dist: 1.2262000320117479 vs. 1.2262000320117479
list:
dist: 1.0095318411454612 vs. 1.0095318411454612
list:
dist: 3.0830988505522834 vs. 3.0830988505522834
list:
dist: 2.004002301362507 vs. 2.004002301362507
list:
dist: 3.4090834568269077 vs. 3.4090834568269077
list:
dist: 2.618242036857267 vs. 2.618242036857267
list:
dist: 3.3933367443033178 vs. 3.3933367443033178
list:
dist: 3.1237010808441195 vs. 3.1237010808441195
list:
dist: 2.7471080817546807 vs. 2.7471080817546807
list:
dist: 2.456175043575745 vs. 2.456175043575745
list:
dist: 2.5855512954911353 vs. 2.5855512954911353
list:
dist: 2.366161176896204 vs. 2.366161176896204
list:
dist: 2.6890732740490364 vs. 2.6890732740490364
list:
dist: 1.6403890335722657 vs. 1.6403890335722657
list:
dist: 1.661821426843119 vs. 1.661821426843119
list:
dist: 1.926458019905596 vs. 1.926458019905596
list:
dist: 1.9961914740709563 vs. 1.9961914740709563
list:
dist: 1.5769643451995576 vs. 1.5769643451995576
list:
dist: 2.1532893433939755 vs. 2.1532893433939755
list:
dist: 1.3452797628509994 vs. 1.3452797628509994
list:
dist: 1.125756190891676 vs. 1.125756190891676
list:
dist: 2.273299469354277 vs. 2.273299469354277
list:
dist: 1.3888666787562636 vs. 1.3888666787562636
list:
dist: 2.4009760828565687 vs. 2.4009760828565687
list:
dist: 1.0488768780342768 vs. 1.0488768780342768
list:
dist: 1.3018051340236467 vs. 1.3018051340236467
list:
dist: 2.228731716450817 vs. 2.228731716450817
list:
dist: 2.536082199509103 vs. 2.536082199509103
list:
dist: 1.353717980841011 vs. 1.353717980841011
list:
dist: 2.92198364421479 vs. 2.92198364421479
list:
dist: 2.894806895608995 vs. 2.894806895608995
list:
dist: 3.4331483259471645 vs. 3.4331483259471645
list:
dist: 3.969317992718442 vs. 3.969317992718442
list:
dist: 2.1000441889456525 vs. 2.1000441889456525
list:
dist: 1.5152994995632243 vs. 1.5152994995632243
list:
dist: 1.777354660964502 vs. 1.777354660964502
list:
dist: 1.548414660898642 vs. 1.548414660898642
list:
dist: 2.1570742214100127 vs. 2.1570742214100127
list:
dist: 2.109112045566337 vs. 2.109112045566337
list:
dist: 1.8785035949462743 vs. 1.8785035949462743
list:
dist: 1.9305513661418785 vs. 1.9305513661418785
list:
dist: 0.8364397324526612 vs. 0.8364397324526612
list:
dist: 0.785942389789487 vs. 0.785942389789487
list:
dist: 2.124019639457089 vs. 2.124019639457089
list:
dist: 1.5171671715765382 vs. 1.5171671715765382
list:
dist: 0.9998390051931084 vs. 0.9998390051931084
list:
dist: 1.0810368339734027 vs. 1.0810368339734027
list:
dist: 4.069653144629699 vs. 4.069653144629699
list:
dist: 2.536082199509103 vs. 2.536082199509103
list:
dist: 3.0830988505522834 vs. 3.0830988505522834
list:
dist: 3.938145265361245 vs. 3.938145265361245
list:
dist: 3.9375870674243068 vs. 3.9375870674243068
list:
dist: 3.4203424187722944 vs. 3.4203424187722944
list:
dist: 2.8632118652601735 vs. 2.8632118652601735
list:
dist: 2.386598124888563 vs. 2.386598124888563
list:
dist: 1.317916950851865 vs. 1.317916950851865
list:
dist: 1.6720173639548643 vs. 1.6720173639548643
list:
dist: 1.9402957340360185 vs. 1.9402957340360185
list:
dist: 2.2895114732088433 vs. 2.2895114732088433
list:
dist: 2.5803517010630546 vs. 2.5803517010630546
list:
dist: 1.8279437483527934 vs. 1.8279437483527934
list:
dist: 1.862289295141426 vs. 1.862289295141426
list:
dist: 1.4470719526403313 vs. 1.4470719526403313
list:
dist: 2.946779897544158 vs. 2.946779897544158
list:
dist: 1.6338470067283197 vs. 1.6338470067283197
list:
dist: 0.858035958615123 vs. 0.858035958615123
list:
dist: 1.5688297378058926 vs. 1.5688297378058926
list:
dist: 1.0481072369725701 vs. 1.0481072369725701
list:
dist: 0.785942389789487 vs. 0.785942389789487
list:
dist: 3.1646650078759038 vs. 3.1646650078759038
list:
dist: 2.171059637977403 vs. 2.171059637977403
list:
dist: 2.497704210342809 vs. 2.497704210342809
list:
dist: 2.317623129713661 vs. 2.317623129713661
list:
dist: 2.9931594600224636 vs. 2.9931594600224636
list:
dist: 3.05565102434472 vs. 3.05565102434472
list:
dist: 2.7397847436517764 vs. 2.7397847436517764
list:
dist: 2.834786331193663 vs. 2.834786331193663
list:
dist: 1.4973613158677406 vs. 1.4973613158677406
list:
dist: 1.0481072369725701 vs. 1.0481072369725701
list:
dist: 2.671222621032577 vs. 2.671222621032577
list:
dist: 1.4307583527667227 vs. 1.4307583527667227
list:
dist: 2.005045436005807 vs. 2.005045436005807
list:
dist: 1.0810368339734027 vs. 1.0810368339734027
list:
dist: 3.0527216765829333 vs. 3.0527216765829333
list:
dist: 1.353717980841011 vs. 1.353717980841011
list:
dist: 2.004002301362507 vs. 2.004002301362507
list:
dist: 2.624136515289128 vs. 2.624136515289128
list:
dist: 2.6212897718617936 vs. 2.6212897718617936
list:
dist: 2.8520451933581596 vs. 2.8520451933581596
list:
dist: 2.2140399228431136 vs. 2.2140399228431136
list:
dist: 2.0961215801446267 vs. 2.0961215801446267
list:
dist: 1.2039689420277953 vs. 1.2039689420277953
list:
dist: 1.3572711289161272 vs. 1.3572711289161272
list:
dist: 2.452870535091733 vs. 2.452870535091733
list:
dist: 2.0309250058146384 vs. 2.0309250058146384
list:
dist: 2.773492419324963 vs. 2.773492419324963
list:
dist: 1.2296708489284727 vs. 1.2296708489284727
list:
dist: 1.0884812878989973 vs. 1.0884812878989973
list:
dist: 2.5778029625750536 vs. 2.5778029625750536
list:
dist: 1.9312993019365654 vs. 1.9312993019365654
list:
dist: 1.6338470067283197 vs. 1.6338470067283197
list:
dist: 1.7153715742466076 vs. 1.7153715742466076
list:
dist: 2.3090198104552724 vs. 2.3090198104552724
list:
dist: 2.671222621032577 vs. 2.671222621032577
list:
dist: 2.124019639457089 vs. 2.124019639457089
list:
dist: 3.540605043687186 vs. 3.540605043687186
list:
dist: 3.5047267983193455 vs. 3.5047267983193455
list:
dist: 2.450139568630014 vs. 2.450139568630014
list:
dist: 2.2646779923279867 vs. 2.2646779923279867
list:
dist: 1.3018051340236467 vs. 1.3018051340236467
list:
dist: 1.2262000320117479 vs. 1.2262000320117479
list:
dist: 2.1713625695292005 vs. 2.1713625695292005
list:
dist: 2.104362652009883 vs. 2.104362652009883
list:
dist: 1.912149005175455 vs. 1.912149005175455
list:
dist: 1.2313121465584922 vs. 1.2313121465584922
list:
dist: 1.0442228074205953 vs. 1.0442228074205953
list:
dist: 1.122529611893486 vs. 1.122529611893486
list:
dist: 1.0696500461928693 vs. 1.0696500461928693
list:
dist: 1.8743960680099927 vs. 1.8743960680099927
list:
dist: 1.3674819690837892 vs. 1.3674819690837892
list:
dist: 1.8796008621022207 vs. 1.8796008621022207
list:
dist: 0.5588237672699298 vs. 0.5588237672699298
list:
dist: 2.189006764455542 vs. 2.189006764455542
list:
dist: 1.3985810463554156 vs. 1.3985810463554156
list:
dist: 1.862289295141426 vs. 1.862289295141426
list:
dist: 1.0884812878989973 vs. 1.0884812878989973
list:
dist: 2.2645955954627763 vs. 2.2645955954627763
list:
dist: 1.722182450976012 vs. 1.722182450976012
list:
dist: 2.834786331193663 vs. 2.834786331193663
list:
dist: 1.9305513661418785 vs. 1.9305513661418785
list:
dist: 2.5633064277491213 vs. 2.5633064277491213
list:
dist: 2.6829313775047523 vs. 2.6829313775047523
list:
dist: 1.4509404561558479 vs. 1.4509404561558479
list:
dist: 2.228731716450817 vs. 2.228731716450817
list:
dist: 1.0095318411454612 vs. 1.0095318411454612
list:
dist: 2.132308047640699 vs. 2.132308047640699
list:
dist: 1.7191903081065902 vs. 1.7191903081065902
list:
dist: 2.45981645391486 vs. 2.45981645391486
list:
dist: 1.8479524132784066 vs. 1.8479524132784066
list:
dist: 1.4682737875015095 vs. 1.4682737875015095
list:
dist: 2.505041936209707 vs. 2.505041936209707
list:
dist: 2.4511668864501304 vs. 2.4511668864501304
list:
dist: 3.151595453447746 vs. 3.151595453447746
list:
dist: 2.5973708295642624 vs. 2.5973708295642624
list:
dist: 2.8778874586066205 vs. 2.8778874586066205
list:
dist: 1.91466977323317 vs. 1.91466977323317
list:
dist: 1.3985810463554156 vs. 1.3985810463554156
list:
dist: 2.946779897544158 vs. 2.946779897544158
list:
dist: 1.9312993019365654 vs. 1.9312993019365654
list:
dist: 3.0557979284600574 vs. 3.0557979284600574
list:
dist: 2.4447220084244825 vs. 2.4447220084244825
list:
dist: 4.359873710114613 vs. 4.359873710114613
list:
dist: 2.92198364421479 vs. 2.92198364421479
list:
dist: 3.4090834568269077 vs. 3.4090834568269077
list:
dist: 4.273726515324995 vs. 4.273726515324995
list:
dist: 4.216244987098207 vs. 4.216244987098207
list:
dist: 4.046719385723894 vs. 4.046719385723894
list:
dist: 3.4242672274084907 vs. 3.4242672274084907
list:
dist: 2.8732469278141144 vs. 2.8732469278141144
list:
dist: 1.949741982224081 vs. 1.949741982224081
list:
dist: 2.3063502505736615 vs. 2.3063502505736615
list:
dist: 2.780105793940702 vs. 2.780105793940702
list:
dist: 2.9975694480297475 vs. 2.9975694480297475
list:
dist: 3.3573612891193885 vs. 3.3573612891193885
list:
dist: 2.376479481797983 vs. 2.376479481797983
list:
dist: 2.2645955954627763 vs. 2.2645955954627763
list:
dist: 2.2756586898152733 vs. 2.2756586898152733
list:
dist: 3.0557979284600574 vs. 3.0557979284600574
list:
dist: 0.858035958615123 vs. 0.858035958615123
list:
dist: 1.7153715742466076 vs. 1.7153715742466076
list:
dist: 2.0909545682303796 vs. 2.0909545682303796
list:
dist: 1.4307583527667227 vs. 1.4307583527667227
list:
dist: 1.5171671715765382 vs. 1.5171671715765382
list:
dist: 2.566621372105655 vs. 2.566621372105655
list:
dist: 2.5226681042457657 vs. 2.5226681042457657
list:
dist: 2.962288681369965 vs. 2.962288681369965
list:
dist: 1.0726654575229035 vs. 1.0726654575229035
list:
dist: 2.196059242686199 vs. 2.196059242686199
list:
dist: 3.129826355429606 vs. 3.129826355429606
list:
dist: 1.8006898139431722 vs. 1.8006898139431722
list:
dist: 1.080600585413607 vs. 1.080600585413607
list:
dist: 1.360256287591956 vs. 1.360256287591956
list:
dist: 2.2718600118174512 vs. 2.2718600118174512
list:
dist: 3.1972688773169207 vs. 3.1972688773169207
list:
dist: 1.3849488957966123 vs. 1.3849488957966123
list:
dist: 2.6343626478044966 vs. 2.6343626478044966
list:
dist: 3.6075055950478787 vs. 3.6075055950478787
list:
dist: 1.5432708888319122 vs. 1.5432708888319122
list:
dist: 2.134615960168747 vs. 2.134615960168747
list:
dist: 1.355143636478315 vs. 1.355143636478315
list:
dist: 2.7443859478196044 vs. 2.7443859478196044
list:
dist: 1.4628158646771587 vs. 1.4628158646771587
list:
dist: 2.5226356458463592 vs. 2.5226356458463592
list:
dist: 1.4177661595146402 vs. 1.4177661595146402
list:
dist: 3.2068762209779886 vs. 3.2068762209779886
list:
dist: 3.46676634800314 vs. 3.46676634800314
list:
dist: 3.1246683210485866 vs. 3.1246683210485866
list:
dist: 2.039016870293862 vs. 2.039016870293862
list:
dist: 3.6696745882665542 vs. 3.6696745882665542
list:
dist: 3.669719923139982 vs. 3.669719923139982
list:
dist: 5.091558574034866 vs. 5.091558574034866
list:
dist: 3.5109332952764865 vs. 3.5109332952764865
list:
dist: 3.911117652501913 vs. 3.911117652501913
list:
dist: 3.0732968065466664 vs. 3.0732968065466664
list:
dist: 3.495996593256841 vs. 3.495996593256841
list:
dist: 4.1155501578687845 vs. 4.1155501578687845
list:
dist: 2.248106450813432 vs. 2.248106450813432
list:
dist: 3.1246683210485866 vs. 3.1246683210485866
list:
dist: 1.9643467545751927 vs. 1.9643467545751927
list:
dist: 2.4663758944521508 vs. 2.4663758944521508
list:
dist: 3.501650729016085 vs. 3.501650729016085
list:
dist: 1.660766122204107 vs. 1.660766122204107
list:
dist: 0.528387972164626 vs. 0.528387972164626
list:
dist: 1.7730800886195055 vs. 1.7730800886195055
list:
dist: 1.1329263883555725 vs. 1.1329263883555725
list:
dist: 1.9102183826253352 vs. 1.9102183826253352
list:
dist: 1.2598905608473119 vs. 1.2598905608473119
list:
dist: 2.131445503835295 vs. 2.131445503835295
list:
dist: 1.956136659607763 vs. 1.956136659607763
list:
dist: 1.512200959461867 vs. 1.512200959461867
list:
dist: 0.8606576607058808 vs. 0.8606576607058808
list:
dist: 2.3621554604464325 vs. 2.3621554604464325
list:
dist: 0.9484322530270554 vs. 0.9484322530270554
list:
dist: 2.046097565435593 vs. 2.046097565435593
list:
dist: 2.341682072308174 vs. 2.341682072308174
list:
dist: 1.7909900799113803 vs. 1.7909900799113803
list:
dist: 1.1070681477642186 vs. 1.1070681477642186
list:
dist: 1.3430802396336763 vs. 1.3430802396336763
list:
dist: 2.077873849293913 vs. 2.077873849293913
list:
dist: 2.2411608269470817 vs. 2.2411608269470817
list:
dist: 0.6924948514667248 vs. 0.6924948514667248
list:
dist: 2.039016870293862 vs. 2.039016870293862
list:
dist: 0.9045938911686401 vs. 0.9045938911686401
list:
dist: 1.584299985517398 vs. 1.584299985517398
list:
dist: 2.485447159302789 vs. 2.485447159302789
list:
dist: 1.7941058492693016 vs. 1.7941058492693016
list:
dist: 1.9124748502858988 vs. 1.9124748502858988
list:
dist: 1.4622711180750922 vs. 1.4622711180750922
list:
dist: 1.5228694641401912 vs. 1.5228694641401912
list:
dist: 1.5932751207469604 vs. 1.5932751207469604
list:
dist: 1.4838651217458176 vs. 1.4838651217458176
list:
dist: 1.440045838259899 vs. 1.440045838259899
list:
dist: 1.956136659607763 vs. 1.956136659607763
list:
dist: 2.665325329565902 vs. 2.665325329565902
list:
dist: 2.233327012448292 vs. 2.233327012448292
list:
dist: 3.375666403289522 vs. 3.375666403289522
list:
dist: 1.9641058734527592 vs. 1.9641058734527592
list:
dist: 2.0685932604719075 vs. 2.0685932604719075
list:
dist: 2.5800993812865434 vs. 2.5800993812865434
list:
dist: 3.125230174886768 vs. 3.125230174886768
list:
dist: 2.395793807121968 vs. 2.395793807121968
list:
dist: 2.468229624232903 vs. 2.468229624232903
list:
dist: 1.9314796869995665 vs. 1.9314796869995665
list:
dist: 2.8010283710116792 vs. 2.8010283710116792
list:
dist: 3.504175308834269 vs. 3.504175308834269
list:
dist: 1.095969768396633 vs. 1.095969768396633
list:
dist: 1.4628158646771587 vs. 1.4628158646771587
list:
dist: 1.7767815116575016 vs. 1.7767815116575016
list:
dist: 2.904178028705728 vs. 2.904178028705728
list:
dist: 2.1679310913122416 vs. 2.1679310913122416
list:
dist: 1.5072663309145882 vs. 1.5072663309145882
list:
dist: 1.1969145953214064 vs. 1.1969145953214064
list:
dist: 1.4375620532568336 vs. 1.4375620532568336
list:
dist: 1.1242891534242614 vs. 1.1242891534242614
list:
dist: 0.9174742110500601 vs. 0.9174742110500601
list:
dist: 2.224709355068828 vs. 2.224709355068828
list:
dist: 2.6180019806338013 vs. 2.6180019806338013
list:
dist: 1.7730800886195055 vs. 1.7730800886195055
list:
dist: 1.4622711180750922 vs. 1.4622711180750922
list:
dist: 2.238034728367019 vs. 2.238034728367019
list:
dist: 2.2748302093518937 vs. 2.2748302093518937
list:
dist: 3.7542862840072555 vs. 3.7542862840072555
list:
dist: 2.163145459973542 vs. 2.163145459973542
list:
dist: 2.7926613982384083 vs. 2.7926613982384083
list:
dist: 1.9962590347403366 vs. 1.9962590347403366
list:
dist: 2.753735410221338 vs. 2.753735410221338
list:
dist: 1.8932933065064959 vs. 1.8932933065064959
list:
dist: 2.0878447417230106 vs. 2.0878447417230106
list:
dist: 2.4122921185201838 vs. 2.4122921185201838
list:
dist: 3.1972688773169207 vs. 3.1972688773169207
list:
dist: 2.589519569501738 vs. 2.589519569501738
list:
dist: 2.32726418083147 vs. 2.32726418083147
list:
dist: 2.297063526151939 vs. 2.297063526151939
list:
dist: 3.637324744196094 vs. 3.637324744196094
list:
dist: 4.108618168578358 vs. 4.108618168578358
list:
dist: 3.504175308834269 vs. 3.504175308834269
list:
dist: 3.7000985522366334 vs. 3.7000985522366334
list:
dist: 3.4536679113926185 vs. 3.4536679113926185
list:
dist: 3.206809891150991 vs. 3.206809891150991
list:
dist: 2.5938642687035625 vs. 2.5938642687035625
list:
dist: 4.1155501578687845 vs. 4.1155501578687845
list:
dist: 2.2411608269470817 vs. 2.2411608269470817
list:
dist: 2.012328136516169 vs. 2.012328136516169
list:
dist: 2.527300285137203 vs. 2.527300285137203
list:
dist: 2.4004516720367706 vs. 2.4004516720367706
list:
dist: 1.080600585413607 vs. 1.080600585413607
list:
dist: 1.3920116901457045 vs. 1.3920116901457045
list:
dist: 2.7958840989652782 vs. 2.7958840989652782
list:
dist: 1.987573740320125 vs. 1.987573740320125
list:
dist: 3.6291040405035817 vs. 3.6291040405035817
list:
dist: 2.468229624232903 vs. 2.468229624232903
list:
dist: 3.5685721758058158 vs. 3.5685721758058158
list:
dist: 2.1920310084555217 vs. 2.1920310084555217
list:
dist: 1.3920116901457045 vs. 1.3920116901457045
list:
dist: 2.784435162876532 vs. 2.784435162876532
list:
dist: 3.2999288874072676 vs. 3.2999288874072676
list:
dist: 2.7048237647877156 vs. 2.7048237647877156
list:
dist: 1.5432708888319122 vs. 1.5432708888319122
list:
dist: 2.4800603751947423 vs. 2.4800603751947423
list:
dist: 1.239913701883557 vs. 1.239913701883557
list:
dist: 3.0985627755435976 vs. 3.0985627755435976
list:
dist: 2.1679310913122416 vs. 2.1679310913122416
list:
dist: 3.2474542621219404 vs. 3.2474542621219404
list:
dist: 1.9240016514512863 vs. 1.9240016514512863
list:
dist: 2.798443120656766 vs. 2.798443120656766
list:
dist: 2.4004516720367706 vs. 2.4004516720367706
list:
dist: 1.0162716834197811 vs. 1.0162716834197811
list:
dist: 2.0624352485411057 vs. 2.0624352485411057
list:
dist: 2.4122921185201838 vs. 2.4122921185201838
list:
dist: 1.3849488957966123 vs. 1.3849488957966123
list:
dist: 1.2930699547537758 vs. 1.2930699547537758
list:
dist: 2.250116920732257 vs. 2.250116920732257
list:
dist: 2.7048237647877156 vs. 2.7048237647877156
list:
dist: 1.808002604210028 vs. 1.808002604210028
list:
dist: 2.012151351355503 vs. 2.012151351355503
list:
dist: 2.0653892877465116 vs. 2.0653892877465116
list:
dist: 1.095969768396633 vs. 1.095969768396633
list:
dist: 1.6043738760483213 vs. 1.6043738760483213
list:
dist: 1.3261678855219494 vs. 1.3261678855219494
list:
dist: 2.0669893141801388 vs. 2.0669893141801388
list:
dist: 2.0880804116792544 vs. 2.0880804116792544
list:
dist: 2.248106450813432 vs. 2.248106450813432
list:
dist: 0.6924948514667248 vs. 0.6924948514667248
list:
dist: 2.8194079312659097 vs. 2.8194079312659097
list:
dist: 2.6130635867423924 vs. 2.6130635867423924
list:
dist: 3.879074447833029 vs. 3.879074447833029
list:
dist: 2.378540619534094 vs. 2.378540619534094
list:
dist: 2.5860277978435655 vs. 2.5860277978435655
list:
dist: 2.1005327692075153 vs. 2.1005327692075153
list:
dist: 2.943664045208635 vs. 2.943664045208635
list:
dist: 2.589519569501738 vs. 2.589519569501738
list:
dist: 1.2930699547537758 vs. 1.2930699547537758
list:
dist: 2.6343626478044966 vs. 2.6343626478044966
list:
dist: 1.4080456356850852 vs. 1.4080456356850852
list:
dist: 2.243293783663866 vs. 2.243293783663866
list:
dist: 2.459254410863331 vs. 2.459254410863331
list:
dist: 2.099800730593723 vs. 2.099800730593723
list:
dist: 1.7767815116575016 vs. 1.7767815116575016
list:
dist: 1.2916533318819303 vs. 1.2916533318819303
list:
dist: 2.249879481706494 vs. 2.249879481706494
list:
dist: 1.6892757767439135 vs. 1.6892757767439135
list:
dist: 1.0725580588335626 vs. 1.0725580588335626
list:
dist: 1.9643467545751927 vs. 1.9643467545751927
list:
dist: 0.9045938911686401 vs. 0.9045938911686401
list:
dist: 2.1740336422339643 vs. 2.1740336422339643
list:
dist: 1.8776051997588992 vs. 1.8776051997588992
list:
dist: 2.7872114178149467 vs. 2.7872114178149467
list:
dist: 1.5586752930284513 vs. 1.5586752930284513
list:
dist: 1.3442879936604597 vs. 1.3442879936604597
list:
dist: 2.0562321714605996 vs. 2.0562321714605996
list:
dist: 2.6130635867423924 vs. 2.6130635867423924
list:
dist: 3.669719923139982 vs. 3.669719923139982
list:
dist: 1.8776051997588992 vs. 1.8776051997588992
list:
dist: 2.31550988644978 vs. 2.31550988644978
list:
dist: 3.248319789366167 vs. 3.248319789366167
list:
dist: 1.3532555691088892 vs. 1.3532555691088892
list:
dist: 2.2748302093518937 vs. 2.2748302093518937
list:
dist: 1.2599015759075496 vs. 1.2599015759075496
list:
dist: 2.630305963067579 vs. 2.630305963067579
list:
dist: 1.5311442888135045 vs. 1.5311442888135045
list:
dist: 1.9103736843232684 vs. 1.9103736843232684
list:
dist: 0.8606576607058808 vs. 0.8606576607058808
list:
dist: 2.233327012448292 vs. 2.233327012448292
list:
dist: 1.0708937772277476 vs. 1.0708937772277476
list:
dist: 1.559305638631057 vs. 1.559305638631057
list:
dist: 0.3380864522937721 vs. 0.3380864522937721
list:
dist: 1.4442398428024006 vs. 1.4442398428024006
list:
dist: 1.7549311342875842 vs. 1.7549311342875842
list:
dist: 2.3754986770865334 vs. 2.3754986770865334
list:
dist: 1.0505316724262088 vs. 1.0505316724262088
list:
dist: 2.8194079312659097 vs. 2.8194079312659097
list:
dist: 3.6696745882665542 vs. 3.6696745882665542
list:
dist: 2.1740336422339643 vs. 2.1740336422339643
list:
dist: 3.060082665996891 vs. 3.060082665996891
list:
dist: 3.0204593377064017 vs. 3.0204593377064017
list:
dist: 1.7683326368112207 vs. 1.7683326368112207
list:
dist: 2.238034728367019 vs. 2.238034728367019
list:
dist: 1.2290961129659939 vs. 1.2290961129659939
list:
dist: 2.871678298671057 vs. 2.871678298671057
list:
dist: 2.462783957461414 vs. 2.462783957461414
list:
dist: 2.605077746065057 vs. 2.605077746065057
list:
dist: 1.512200959461867 vs. 1.512200959461867
list:
dist: 2.665325329565902 vs. 2.665325329565902
list:
dist: 1.0708937772277476 vs. 1.0708937772277476
list:
dist: 2.0560246541288643 vs. 2.0560246541288643
list:
dist: 1.1834501654345082 vs. 1.1834501654345082
list:
dist: 1.9432597501225286 vs. 1.9432597501225286
list:
dist: 2.2049280786558354 vs. 2.2049280786558354
list:
dist: 2.1041541753993607 vs. 2.1041541753993607
list:
dist: 2.297063526151939 vs. 2.297063526151939
list:
dist: 2.243293783663866 vs. 2.243293783663866
list:
dist: 1.0570994486018062 vs. 1.0570994486018062
list:
dist: 2.4891047860396056 vs. 2.4891047860396056
list:
dist: 1.4097974799984891 vs. 1.4097974799984891
list:
dist: 3.501650729016085 vs. 3.501650729016085
list:
dist: 2.485447159302789 vs. 2.485447159302789
list:
dist: 3.248319789366167 vs. 3.248319789366167
list:
dist: 3.2386891742058004 vs. 3.2386891742058004
list:
dist: 2.9476040860578068 vs. 2.9476040860578068
list:
dist: 2.082932123308574 vs. 2.082932123308574
list:
dist: 1.9338671500572828 vs. 1.9338671500572828
list:
dist: 2.378540619534094 vs. 2.378540619534094
list:
dist: 3.5109332952764865 vs. 3.5109332952764865
list:
dist: 1.5586752930284513 vs. 1.5586752930284513
list:
dist: 2.011625154741922 vs. 2.011625154741922
list:
dist: 2.9476040860578068 vs. 2.9476040860578068
list:
dist: 1.4117484006130254 vs. 1.4117484006130254
list:
dist: 2.163145459973542 vs. 2.163145459973542
list:
dist: 1.133999098894186 vs. 1.133999098894186
list:
dist: 2.542282066583599 vs. 2.542282066583599
list:
dist: 1.3723098512574143 vs. 1.3723098512574143
list:
dist: 1.5927976133194799 vs. 1.5927976133194799
list:
dist: 0.9484322530270554 vs. 0.9484322530270554
list:
dist: 1.9641058734527592 vs. 1.9641058734527592
list:
dist: 1.1834501654345082 vs. 1.1834501654345082
list:
dist: 0.3380864522937721 vs. 0.3380864522937721
list:
dist: 1.6065191400943977 vs. 1.6065191400943977
list:
dist: 1.1634320696413765 vs. 1.1634320696413765
list:
dist: 1.565782555709472 vs. 1.565782555709472
list:
dist: 2.5485055183176706 vs. 2.5485055183176706
list:
dist: 1.1156057079994866 vs. 1.1156057079994866
list:
dist: 2.636091216033529 vs. 2.636091216033529
list:
dist: 2.937151070920619 vs. 2.937151070920619
list:
dist: 2.32726418083147 vs. 2.32726418083147
list:
dist: 2.250116920732257 vs. 2.250116920732257
list:
dist: 3.6075055950478787 vs. 3.6075055950478787
list:
dist: 1.4080456356850852 vs. 1.4080456356850852
list:
dist: 1.0570994486018062 vs. 1.0570994486018062
list:
dist: 2.913637815120214 vs. 2.913637815120214
list:
dist: 2.7327693622619105 vs. 2.7327693622619105
list:
dist: 2.904178028705728 vs. 2.904178028705728
list:
dist: 2.4007314387199883 vs. 2.4007314387199883
list:
dist: 3.020526273593367 vs. 3.020526273593367
list:
dist: 1.4777561967370738 vs. 1.4777561967370738
list:
dist: 0.46474642358929497 vs. 0.46474642358929497
list:
dist: 2.4663758944521508 vs. 2.4663758944521508
list:
dist: 1.584299985517398 vs. 1.584299985517398
list:
dist: 3.060082665996891 vs. 3.060082665996891
list:
dist: 2.31550988644978 vs. 2.31550988644978
list:
dist: 2.6933605364643984 vs. 2.6933605364643984
list:
dist: 2.011625154741922 vs. 2.011625154741922
list:
dist: 1.4340055737704496 vs. 1.4340055737704496
list:
dist: 1.471268520428458 vs. 1.471268520428458
list:
dist: 1.987573740320125 vs. 1.987573740320125
list:
dist: 2.5198032162217525 vs. 2.5198032162217525
list:
dist: 3.3665775318267697 vs. 3.3665775318267697
list:
dist: 2.012151351355503 vs. 2.012151351355503
list:
dist: 1.355143636478315 vs. 1.355143636478315
list:
dist: 1.239913701883557 vs. 1.239913701883557
list:
dist: 2.169703996054732 vs. 2.169703996054732
list:
dist: 2.315011432914313 vs. 2.315011432914313
list:
dist: 1.1969145953214064 vs. 1.1969145953214064
list:
dist: 2.1697343155418767 vs. 2.1697343155418767
list:
dist: 1.4932286037083875 vs. 1.4932286037083875
list:
dist: 3.0204593377064017 vs. 3.0204593377064017
list:
dist: 2.111735028593304 vs. 2.111735028593304
list:
dist: 2.798443120656766 vs. 2.798443120656766
list:
dist: 2.0791893942930186 vs. 2.0791893942930186
list:
dist: 2.111735028593304 vs. 2.111735028593304
list:
dist: 1.4398784711206902 vs. 1.4398784711206902
list:
dist: 1.9962590347403366 vs. 1.9962590347403366
list:
dist: 2.053575724910899 vs. 2.053575724910899
list:
dist: 2.0923646221131538 vs. 2.0923646221131538
list:
dist: 2.918023003822378 vs. 2.918023003822378
list:
dist: 3.801161972409447 vs. 3.801161972409447
list:
dist: 1.7909900799113803 vs. 1.7909900799113803
list:
dist: 3.125230174886768 vs. 3.125230174886768
list:
dist: 2.2049280786558354 vs. 2.2049280786558354
list:
dist: 2.3754986770865334 vs. 2.3754986770865334
list:
dist: 3.8052140756346957 vs. 3.8052140756346957
list:
dist: 2.5485055183176706 vs. 2.5485055183176706
list:
dist: 3.652790865474405 vs. 3.652790865474405
list:
dist: 2.7703471072984995 vs. 2.7703471072984995
list:
dist: 2.5860277978435655 vs. 2.5860277978435655
list:
dist: 3.911117652501913 vs. 3.911117652501913
list:
dist: 1.3442879936604597 vs. 1.3442879936604597
list:
dist: 1.4340055737704496 vs. 1.4340055737704496
list:
dist: 2.082932123308574 vs. 2.082932123308574
list:
dist: 2.456104914137743 vs. 2.456104914137743
list:
dist: 2.7926613982384083 vs. 2.7926613982384083
list:
dist: 1.8357060723110734 vs. 1.8357060723110734
list:
dist: 3.2376929455875323 vs. 3.2376929455875323
list:
dist: 1.8141241936683843 vs. 1.8141241936683843
list:
dist: 1.0218488688645884 vs. 1.0218488688645884
list:
dist: 2.046097565435593 vs. 2.046097565435593
list:
dist: 2.0685932604719075 vs. 2.0685932604719075
list:
dist: 1.9432597501225286 vs. 1.9432597501225286
list:
dist: 1.4442398428024006 vs. 1.4442398428024006
list:
dist: 1.5630129801417165 vs. 1.5630129801417165
list:
dist: 1.1634320696413765 vs. 1.1634320696413765
list:
dist: 0.8956549842522107 vs. 0.8956549842522107
list:
dist: 3.652790865474405 vs. 3.652790865474405
list:
dist: 1.8507484739470452 vs. 1.8507484739470452
list:
dist: 2.012328136516169 vs. 2.012328136516169
list:
dist: 1.2744956337143223 vs. 1.2744956337143223
list:
dist: 1.8932933065064959 vs. 1.8932933065064959
list:
dist: 1.0162716834197811 vs. 1.0162716834197811
list:
dist: 1.360256287591956 vs. 1.360256287591956
list:
dist: 2.1005327692075153 vs. 2.1005327692075153
list:
dist: 2.636091216033529 vs. 2.636091216033529
list:
dist: 2.784435162876532 vs. 2.784435162876532
list:
dist: 2.1626427060983913 vs. 2.1626427060983913
list:
dist: 2.5198032162217525 vs. 2.5198032162217525
list:
dist: 2.849343226990086 vs. 2.849343226990086
list:
dist: 1.9314796869995665 vs. 1.9314796869995665
list:
dist: 2.601204131298383 vs. 2.601204131298383
list:
dist: 1.7520355450387264 vs. 1.7520355450387264
list:
dist: 2.6175947596743048 vs. 2.6175947596743048
list:
dist: 2.6459893779441432 vs. 2.6459893779441432
list:
dist: 3.0732968065466664 vs. 3.0732968065466664
list:
dist: 1.3430802396336763 vs. 1.3430802396336763
list:
dist: 2.1920310084555217 vs. 2.1920310084555217
list:
dist: 1.7520355450387264 vs. 1.7520355450387264
list:
dist: 2.226618774707405 vs. 2.226618774707405
list:
dist: 3.4536679113926185 vs. 3.4536679113926185
list:
dist: 1.3261678855219494 vs. 1.3261678855219494
list:
dist: 1.4177661595146402 vs. 1.4177661595146402
list:
dist: 2.249879481706494 vs. 2.249879481706494
list:
dist: 3.020526273593367 vs. 3.020526273593367
list:
dist: 1.9240016514512863 vs. 1.9240016514512863
list:
dist: 0.7647274186344665 vs. 0.7647274186344665
list:
dist: 1.4932286037083875 vs. 1.4932286037083875
list:
dist: 1.4707375355374133 vs. 1.4707375355374133
list:
dist: 0.9174742110500601 vs. 0.9174742110500601
list:
dist: 1.7735970362131472 vs. 1.7735970362131472
list:
dist: 2.114201803886235 vs. 2.114201803886235
list:
dist: 2.8396958849843825 vs. 2.8396958849843825
list:
dist: 1.9102183826253352 vs. 1.9102183826253352
list:
dist: 1.5932751207469604 vs. 1.5932751207469604
list:
dist: 2.871678298671057 vs. 2.871678298671057
list:
dist: 2.630305963067579 vs. 2.630305963067579
list:
dist: 4.133552448066347 vs. 4.133552448066347
list:
dist: 2.542282066583599 vs. 2.542282066583599
list:
dist: 3.2376929455875323 vs. 3.2376929455875323
list:
dist: 2.0923646221131538 vs. 2.0923646221131538
list:
dist: 2.7722944383524752 vs. 2.7722944383524752
list:
dist: 2.527300285137203 vs. 2.527300285137203
list:
dist: 1.2744956337143223 vs. 1.2744956337143223
list:
dist: 2.0878447417230106 vs. 2.0878447417230106
list:
dist: 2.0624352485411057 vs. 2.0624352485411057
list:
dist: 2.2718600118174512 vs. 2.2718600118174512
list:
dist: 2.943664045208635 vs. 2.943664045208635
list:
dist: 2.937151070920619 vs. 2.937151070920619
list:
dist: 3.2999288874072676 vs. 3.2999288874072676
list:
dist: 2.264162905685119 vs. 2.264162905685119
list:
dist: 3.3665775318267697 vs. 3.3665775318267697
list:
dist: 3.2726583688705064 vs. 3.2726583688705064
list:
dist: 2.8010283710116792 vs. 2.8010283710116792
list:
dist: 3.4126142131660013 vs. 3.4126142131660013
list:
dist: 2.226618774707405 vs. 2.226618774707405
list:
dist: 2.765750348924645 vs. 2.765750348924645
list:
dist: 3.094504938758136 vs. 3.094504938758136
list:
dist: 3.495996593256841 vs. 3.495996593256841
list:
dist: 2.077873849293913 vs. 2.077873849293913
list:
dist: 2.6459893779441432 vs. 2.6459893779441432
list:
dist: 3.094504938758136 vs. 3.094504938758136
list:
dist: 2.5938642687035625 vs. 2.5938642687035625
list:
dist: 2.0880804116792544 vs. 2.0880804116792544
list:
dist: 3.46676634800314 vs. 3.46676634800314
list:
dist: 1.0725580588335626 vs. 1.0725580588335626
list:
dist: 0.46474642358929497 vs. 0.46474642358929497
list:
dist: 1.4097974799984891 vs. 1.4097974799984891
list:
dist: 2.7719156772692295 vs. 2.7719156772692295
list:
dist: 2.4257178016072802 vs. 2.4257178016072802
list:
dist: 2.6180019806338013 vs. 2.6180019806338013
list:
dist: 1.9981104094067914 vs. 1.9981104094067914
list:
dist: 2.8396958849843825 vs. 2.8396958849843825
list:
dist: 1.3365023573350858 vs. 1.3365023573350858
list:
dist: 2.131445503835295 vs. 2.131445503835295
list:
dist: 1.440045838259899 vs. 1.440045838259899
list:
dist: 2.605077746065057 vs. 2.605077746065057
list:
dist: 1.9103736843232684 vs. 1.9103736843232684
list:
dist: 2.368847436445899 vs. 2.368847436445899
list:
dist: 1.5927976133194799 vs. 1.5927976133194799
list:
dist: 1.0218488688645884 vs. 1.0218488688645884
list:
dist: 1.2604025918633144 vs. 1.2604025918633144
list:
dist: 3.801161972409447 vs. 3.801161972409447
list:
dist: 1.919384977363285 vs. 1.919384977363285
list:
dist: 3.6291040405035817 vs. 3.6291040405035817
list:
dist: 2.849343226990086 vs. 2.849343226990086
list:
dist: 3.2726583688705064 vs. 3.2726583688705064
list:
dist: 4.108618168578358 vs. 4.108618168578358
list:
dist: 2.0653892877465116 vs. 2.0653892877465116
list:
dist: 2.7443859478196044 vs. 2.7443859478196044
list:
dist: 2.099800730593723 vs. 2.099800730593723
list:
dist: 2.7327693622619105 vs. 2.7327693622619105
list:
dist: 3.0985627755435976 vs. 3.0985627755435976
list:
dist: 1.2548317699137126 vs. 1.2548317699137126
list:
dist: 2.315011432914313 vs. 2.315011432914313
list:
dist: 1.4375620532568336 vs. 1.4375620532568336
list:
dist: 1.1584667027400033 vs. 1.1584667027400033
list:
dist: 1.4707375355374133 vs. 1.4707375355374133
list:
dist: 1.4853534717717247 vs. 1.4853534717717247
list:
dist: 2.4257178016072802 vs. 2.4257178016072802
list:
dist: 0.528387972164626 vs. 0.528387972164626
list:
dist: 1.9124748502858988 vs. 1.9124748502858988
list:
dist: 1.7683326368112207 vs. 1.7683326368112207
list:
dist: 1.3532555691088892 vs. 1.3532555691088892
list:
dist: 2.883824525392451 vs. 2.883824525392451
list:
dist: 1.4117484006130254 vs. 1.4117484006130254
list:
dist: 2.456104914137743 vs. 2.456104914137743
list:
dist: 1.4398784711206902 vs. 1.4398784711206902
list:
dist: 1.5637087775752208 vs. 1.5637087775752208
list:
dist: 3.879074447833029 vs. 3.879074447833029
list:
dist: 5.091558574034866 vs. 5.091558574034866
list:
dist: 2.7872114178149467 vs. 2.7872114178149467
list:
dist: 2.6933605364643984 vs. 2.6933605364643984
list:
dist: 3.2386891742058004 vs. 3.2386891742058004
list:
dist: 2.883824525392451 vs. 2.883824525392451
list:
dist: 3.7542862840072555 vs. 3.7542862840072555
list:
dist: 2.6667842943263875 vs. 2.6667842943263875
list:
dist: 4.133552448066347 vs. 4.133552448066347
list:
dist: 2.5198218421022003 vs. 2.5198218421022003
list:
dist: 2.368847436445899 vs. 2.368847436445899
list:
dist: 2.3621554604464325 vs. 2.3621554604464325
list:
dist: 3.375666403289522 vs. 3.375666403289522
list:
dist: 2.0560246541288643 vs. 2.0560246541288643
list:
dist: 1.559305638631057 vs. 1.559305638631057
list:
dist: 1.6065191400943977 vs. 1.6065191400943977
list:
dist: 1.5630129801417165 vs. 1.5630129801417165
list:
dist: 1.31718526151706 vs. 1.31718526151706
list:
dist: 3.8052140756346957 vs. 3.8052140756346957
list:
dist: 1.7924993376526583 vs. 1.7924993376526583
list:
dist: 2.6175947596743048 vs. 2.6175947596743048
list:
dist: 2.765750348924645 vs. 2.765750348924645
list:
dist: 3.206809891150991 vs. 3.206809891150991
list:
dist: 2.0669893141801388 vs. 2.0669893141801388
list:
dist: 3.2068762209779886 vs. 3.2068762209779886
list:
dist: 1.6892757767439135 vs. 1.6892757767439135
list:
dist: 1.4777561967370738 vs. 1.4777561967370738
list:
dist: 2.4891047860396056 vs. 2.4891047860396056
list:
dist: 1.7412874952145023 vs. 1.7412874952145023
list:
dist: 1.4853534717717247 vs. 1.4853534717717247
list:
dist: 2.224709355068828 vs. 2.224709355068828
list:
dist: 1.7816653576747161 vs. 1.7816653576747161
list:
dist: 2.114201803886235 vs. 2.114201803886235
list:
dist: 1.3365023573350858 vs. 1.3365023573350858
list:
dist: 1.2598905608473119 vs. 1.2598905608473119
list:
dist: 1.4838651217458176 vs. 1.4838651217458176
list:
dist: 2.462783957461414 vs. 2.462783957461414
list:
dist: 1.5311442888135045 vs. 1.5311442888135045
list:
dist: 2.5198218421022003 vs. 2.5198218421022003
list:
dist: 1.3723098512574143 vs. 1.3723098512574143
list:
dist: 1.8141241936683843 vs. 1.8141241936683843
list:
dist: 1.848570655021698 vs. 1.848570655021698
list:
dist: 2.918023003822378 vs. 2.918023003822378
list:
dist: 1.0704945594685025 vs. 1.0704945594685025
list:
dist: 2.341812044672476 vs. 2.341812044672476
list:
dist: 1.5637087775752208 vs. 1.5637087775752208
list:
dist: 2.753735410221338 vs. 2.753735410221338
list:
dist: 2.0033355595163327 vs. 2.0033355595163327
list:
dist: 2.7722944383524752 vs. 2.7722944383524752
list:
dist: 1.0704945594685025 vs. 1.0704945594685025
list:
dist: 1.919384977363285 vs. 1.919384977363285
list:
dist: 1.1070681477642186 vs. 1.1070681477642186
list:
dist: 2.395793807121968 vs. 2.395793807121968
list:
dist: 2.1041541753993607 vs. 2.1041541753993607
list:
dist: 1.0505316724262088 vs. 1.0505316724262088
list:
dist: 1.7924993376526583 vs. 1.7924993376526583
list:
dist: 1.1156057079994866 vs. 1.1156057079994866
list:
dist: 1.8507484739470452 vs. 1.8507484739470452
list:
dist: 1.6852718228824322 vs. 1.6852718228824322
list:
dist: 2.7703471072984995 vs. 2.7703471072984995
list:
dist: 2.7958840989652782 vs. 2.7958840989652782
list:
dist: 2.1626427060983913 vs. 2.1626427060983913
list:
dist: 2.264162905685119 vs. 2.264162905685119
list:
dist: 3.637324744196094 vs. 3.637324744196094
list:
dist: 1.808002604210028 vs. 1.808002604210028
list:
dist: 2.134615960168747 vs. 2.134615960168747
list:
dist: 2.459254410863331 vs. 2.459254410863331
list:
dist: 2.913637815120214 vs. 2.913637815120214
list:
dist: 2.4800603751947423 vs. 2.4800603751947423
list:
dist: 2.169703996054732 vs. 2.169703996054732
list:
dist: 1.2548317699137126 vs. 1.2548317699137126
list:
dist: 1.5072663309145882 vs. 1.5072663309145882
list:
dist: 1.9839817846637675 vs. 1.9839817846637675
list:
dist: 0.7647274186344665 vs. 0.7647274186344665
list:
dist: 1.7412874952145023 vs. 1.7412874952145023
list:
dist: 2.7719156772692295 vs. 2.7719156772692295
list:
dist: 1.660766122204107 vs. 1.660766122204107
list:
dist: 1.7941058492693016 vs. 1.7941058492693016
list:
dist: 2.0791893942930186 vs. 2.0791893942930186
list:
dist: 2.341812044672476 vs. 2.341812044672476
list:
dist: 3.5685721758058158 vs. 3.5685721758058158
list:
dist: 2.601204131298383 vs. 2.601204131298383
list:
dist: 3.4126142131660013 vs. 3.4126142131660013
list:
dist: 3.7000985522366334 vs. 3.7000985522366334
list:
dist: 1.6043738760483213 vs. 1.6043738760483213
list:
dist: 2.5226356458463592 vs. 2.5226356458463592
list:
dist: 1.2916533318819303 vs. 1.2916533318819303
list:
dist: 2.4007314387199883 vs. 2.4007314387199883
list:
dist: 3.2474542621219404 vs. 3.2474542621219404
list:
dist: 1.9839817846637675 vs. 1.9839817846637675
list:
dist: 2.1697343155418767 vs. 2.1697343155418767
list:
dist: 1.1584667027400033 vs. 1.1584667027400033
list:
dist: 1.1242891534242614 vs. 1.1242891534242614
list:
dist: 1.7735970362131472 vs. 1.7735970362131472
list:
dist: 1.7816653576747161 vs. 1.7816653576747161
list:
dist: 1.9981104094067914 vs. 1.9981104094067914
list:
dist: 1.1329263883555725 vs. 1.1329263883555725
list:
dist: 1.5228694641401912 vs. 1.5228694641401912
list:
dist: 1.2290961129659939 vs. 1.2290961129659939
list:
dist: 1.2599015759075496 vs. 1.2599015759075496
list:
dist: 2.6667842943263875 vs. 2.6667842943263875
list:
dist: 1.133999098894186 vs. 1.133999098894186
list:
dist: 1.8357060723110734 vs. 1.8357060723110734
list:
dist: 2.053575724910899 vs. 2.053575724910899
list:
dist: 2.0033355595163327 vs. 2.0033355595163327
list:
dist: 2.0562321714605996 vs. 2.0562321714605996
list:
dist: 1.471268520428458 vs. 1.471268520428458
list:
dist: 1.9338671500572828 vs. 1.9338671500572828
list:
dist: 1.848570655021698 vs. 1.848570655021698
list:
dist: 1.2604025918633144 vs. 1.2604025918633144
list:
dist: 2.341682072308174 vs. 2.341682072308174
list:
dist: 2.5800993812865434 vs. 2.5800993812865434
list:
dist: 1.7549311342875842 vs. 1.7549311342875842
list:
dist: 1.31718526151706 vs. 1.31718526151706
list:
dist: 1.565782555709472 vs. 1.565782555709472
list:
dist: 0.8956549842522107 vs. 0.8956549842522107
list:
dist: 1.6852718228824322 vs. 1.6852718228824322
600
rk
<OccurredElementalReaction>
	 elmtlRkId: 0
	 p(id,type,coords) 12 1 0.5451018406623395 0.39697263156534024 0.27629424924849777
</OccurredElementalReaction>
rk
<OccurredElementalReaction>
	 elmtlRkId: 4
	 p(id,type,coords) 137 5 14.098900046842273 -5.7453662888273325 9.561905490751494
</OccurredElementalReaction>
700
Neighbor List consistency Check...
--------
nle(id0,id1,dist): 5 7 2.2615049004909378
list:
dist: 2.2615049004909378 vs. 2.2615049004909378
--------
nle(id0,id1,dist): 4 29 1.7098027703033827
list:
dist: 1.7098027703033827 vs. 1.7098027703033827
--------
nle(id0,id1,dist): 5 16 2.492556229291699
list:
dist: 2.492556229291699 vs. 2.492556229291699
--------
nle(id0,id1,dist): 5 14 1.9086623652511567
list:
dist: 1.9086623652511567 vs. 1.9086623652511567
--------
nle(id0,id1,dist): 5 9 2.477274123492163
list:
dist: 2.477274123492163 vs. 2.477274123492163
--------
nle(id0,id1,dist): 5 8 1.8302129081979004
list:
dist: 1.8302129081979004 vs. 1.8302129081979004
--------
nle(id0,id1,dist): 4 11 1.5644836977261043
list:
dist: 1.5644836977261043 vs. 1.5644836977261043
--------
nle(id0,id1,dist): 4 10 0.7173418888253368
list:
dist: 0.7173418888253368 vs. 0.7173418888253368
--------
nle(id0,id1,dist): 4 7 1.4009697427820176
list:
dist: 1.4009697427820176 vs. 1.4009697427820176
--------
nle(id0,id1,dist): 4 8 1.930592153224953
list:
dist: 1.930592153224953 vs. 1.930592153224953
--------
nle(id0,id1,dist): 4 6 1.129891544849837
list:
dist: 1.129891544849837 vs. 1.129891544849837
--------
nle(id0,id1,dist): 4 27 3.20212520586613
list:
dist: 3.20212520586613 vs. 3.20212520586613
--------
nle(id0,id1,dist): 4 22 1.994473919928756
list:
dist: 1.994473919928756 vs. 1.994473919928756
--------
nle(id0,id1,dist): 4 21 2.3769062341645477
list:
dist: 2.3769062341645477 vs. 2.3769062341645477
--------
nle(id0,id1,dist): 4 19 1.3728106436477088
list:
dist: 1.3728106436477088 vs. 1.3728106436477088
--------
nle(id0,id1,dist): 4 17 1.4052222530567413
list:
dist: 1.4052222530567413 vs. 1.4052222530567413
--------
nle(id0,id1,dist): 4 16 1.9872190064073794
list:
dist: 1.9872190064073794 vs. 1.9872190064073794
--------
nle(id0,id1,dist): 4 15 2.096268863263162
list:
dist: 2.096268863263162 vs. 2.096268863263162
--------
nle(id0,id1,dist): 4 14 1.812085234349333
list:
dist: 1.812085234349333 vs. 1.812085234349333
--------
nle(id0,id1,dist): 4 13 1.2430960991553912
list:
dist: 1.2430960991553912 vs. 1.2430960991553912
--------
nle(id0,id1,dist): 6 27 3.692915252483028
list:
dist: 3.692915252483028 vs. 3.692915252483028
--------
nle(id0,id1,dist): 6 29 2.434383286904037
list:
dist: 2.434383286904037 vs. 2.434383286904037
--------
nle(id0,id1,dist): 6 19 2.0022022000549002
list:
dist: 2.0022022000549002 vs. 2.0022022000549002
--------
nle(id0,id1,dist): 6 21 2.9839148883346844
list:
dist: 2.9839148883346844 vs. 2.9839148883346844
--------
nle(id0,id1,dist): 6 22 2.547155298816543
list:
dist: 2.547155298816543 vs. 2.547155298816543
--------
nle(id0,id1,dist): 7 9 3.262626612631554
list:
dist: 3.262626612631554 vs. 3.262626612631554
--------
nle(id0,id1,dist): 7 8 0.9363759217857887
list:
dist: 0.9363759217857887 vs. 0.9363759217857887
--------
nle(id0,id1,dist): 7 11 2.67131499702073
list:
dist: 2.67131499702073 vs. 2.67131499702073
--------
nle(id0,id1,dist): 7 10 1.5381651585220226
list:
dist: 1.5381651585220226 vs. 1.5381651585220226
--------
nle(id0,id1,dist): 7 13 2.4541567423747987
list:
dist: 2.4541567423747987 vs. 2.4541567423747987
--------
nle(id0,id1,dist): 6 14 2.1963244974344303
list:
dist: 2.1963244974344303 vs. 2.1963244974344303
--------
nle(id0,id1,dist): 6 13 1.1971160441950697
list:
dist: 1.1971160441950697 vs. 1.1971160441950697
--------
nle(id0,id1,dist): 6 11 1.2230927179270579
list:
dist: 1.2230927179270579 vs. 1.2230927179270579
--------
nle(id0,id1,dist): 6 17 1.7966770061129043
list:
dist: 1.7966770061129043 vs. 1.7966770061129043
--------
nle(id0,id1,dist): 6 16 2.6396995724404295
list:
dist: 2.6396995724404295 vs. 2.6396995724404295
--------
nle(id0,id1,dist): 6 15 2.882167661211463
list:
dist: 2.882167661211463 vs. 2.882167661211463
--------
nle(id0,id1,dist): 6 10 1.7825181949528834
list:
dist: 1.7825181949528834 vs. 1.7825181949528834
--------
nle(id0,id1,dist): 6 8 1.8127403222176262
list:
dist: 1.8127403222176262 vs. 1.8127403222176262
--------
nle(id0,id1,dist): 6 7 1.8596082216819758
list:
dist: 1.8596082216819758 vs. 1.8596082216819758
--------
nle(id0,id1,dist): 8 14 0.9485427839711715
list:
dist: 0.9485427839711715 vs. 0.9485427839711715
--------
nle(id0,id1,dist): 8 13 2.7209290598690585
list:
dist: 2.7209290598690585 vs. 2.7209290598690585
--------
nle(id0,id1,dist): 8 16 1.8175774326151382
list:
dist: 1.8175774326151382 vs. 1.8175774326151382
--------
nle(id0,id1,dist): 8 10 2.2738861930265326
list:
dist: 2.2738861930265326 vs. 2.2738861930265326
--------
nle(id0,id1,dist): 8 9 2.38496061730242
list:
dist: 2.38496061730242 vs. 2.38496061730242
--------
nle(id0,id1,dist): 8 11 2.8044994596558577
list:
dist: 2.8044994596558577 vs. 2.8044994596558577
--------
nle(id0,id1,dist): 8 21 3.3920130013231007
list:
dist: 3.3920130013231007 vs. 3.3920130013231007
--------
nle(id0,id1,dist): 8 19 2.1153514549155736
list:
dist: 2.1153514549155736 vs. 2.1153514549155736
--------
nle(id0,id1,dist): 7 21 2.8302629499143954
list:
dist: 2.8302629499143954 vs. 2.8302629499143954
--------
nle(id0,id1,dist): 7 19 1.5478434975975897
list:
dist: 1.5478434975975897 vs. 1.5478434975975897
--------
nle(id0,id1,dist): 4 127 3.168172953859403
list:
dist: 3.168172953859403 vs. 3.168172953859403
--------
nle(id0,id1,dist): 7 16 1.170094513392312
list:
dist: 1.170094513392312 vs. 1.170094513392312
--------
nle(id0,id1,dist): 7 14 0.5113388888413338
list:
dist: 0.5113388888413338 vs. 0.5113388888413338
--------
nle(id0,id1,dist): 10 11 1.8883823630163588
list:
dist: 1.8883823630163588 vs. 1.8883823630163588
--------
nle(id0,id1,dist): 10 14 1.9800498666589006
list:
dist: 1.9800498666589006 vs. 1.9800498666589006
--------
nle(id0,id1,dist): 10 13 1.8162301723947276
list:
dist: 1.8162301723947276 vs. 1.8162301723947276
--------
nle(id0,id1,dist): 10 15 2.1562774585233946
list:
dist: 2.1562774585233946 vs. 2.1562774585233946
--------
nle(id0,id1,dist): 10 16 2.0556166631774992
list:
dist: 2.0556166631774992 vs. 2.0556166631774992
--------
nle(id0,id1,dist): 10 17 1.7890794195751454
list:
dist: 1.7890794195751454 vs. 1.7890794195751454
--------
nle(id0,id1,dist): 10 19 1.6890454044387069
list:
dist: 1.6890454044387069 vs. 1.6890454044387069
--------
nle(id0,id1,dist): 10 21 2.593565955899908
list:
dist: 2.593565955899908 vs. 2.593565955899908
--------
nle(id0,id1,dist): 10 22 2.219999353509227
list:
dist: 2.219999353509227 vs. 2.219999353509227
--------
nle(id0,id1,dist): 10 27 3.3431184248838166
list:
dist: 3.3431184248838166 vs. 3.3431184248838166
--------
nle(id0,id1,dist): 10 29 1.6355461175814507
list:
dist: 1.6355461175814507 vs. 1.6355461175814507
--------
nle(id0,id1,dist): 9 14 3.2415030955706388
list:
dist: 3.2415030955706388 vs. 3.2415030955706388
--------
nle(id0,id1,dist): 6 127 3.311789744376849
list:
dist: 3.311789744376849 vs. 3.311789744376849
--------
nle(id0,id1,dist): 11 29 2.1294891963942333
list:
dist: 2.1294891963942333 vs. 2.1294891963942333
--------
nle(id0,id1,dist): 11 14 3.120427508031128
list:
dist: 3.120427508031128 vs. 3.120427508031128
--------
nle(id0,id1,dist): 11 17 2.0124658991827684
list:
dist: 2.0124658991827684 vs. 2.0124658991827684
--------
nle(id0,id1,dist): 11 13 1.5131848599959858
list:
dist: 1.5131848599959858 vs. 1.5131848599959858
--------
nle(id0,id1,dist): 13 27 2.5217975038580667
list:
dist: 2.5217975038580667 vs. 2.5217975038580667
--------
nle(id0,id1,dist): 13 29 1.5801868668973935
list:
dist: 1.5801868668973935 vs. 1.5801868668973935
--------
nle(id0,id1,dist): 13 19 1.7676566361469324
list:
dist: 1.7676566361469324 vs. 1.7676566361469324
--------
nle(id0,id1,dist): 10 127 3.5361468154797406
list:
dist: 3.5361468154797406 vs. 3.5361468154797406
--------
nle(id0,id1,dist): 13 16 2.81051508526892
list:
dist: 2.81051508526892 vs. 2.81051508526892
--------
nle(id0,id1,dist): 13 17 0.6939191785472629
list:
dist: 0.6939191785472629 vs. 0.6939191785472629
--------
nle(id0,id1,dist): 13 22 1.4717473268107257
list:
dist: 1.4717473268107257 vs. 1.4717473268107257
--------
nle(id0,id1,dist): 13 21 2.2420545482647585
list:
dist: 2.2420545482647585 vs. 2.2420545482647585
--------
nle(id0,id1,dist): 13 15 2.0095679375451643
list:
dist: 2.0095679375451643 vs. 2.0095679375451643
--------
nle(id0,id1,dist): 13 14 2.7500324199298527
list:
dist: 2.7500324199298527 vs. 2.7500324199298527
--------
nle(id0,id1,dist): 15 29 1.5969116987802865
list:
dist: 1.5969116987802865 vs. 1.5969116987802865
--------
nle(id0,id1,dist): 15 26 1.7674007234972442
list:
dist: 1.7674007234972442 vs. 1.7674007234972442
--------
nle(id0,id1,dist): 15 27 1.6010173469298548
list:
dist: 1.6010173469298548 vs. 1.6010173469298548
--------
nle(id0,id1,dist): 15 24 2.496231813945576
list:
dist: 2.496231813945576 vs. 2.496231813945576
--------
nle(id0,id1,dist): 15 25 1.9550154640264572
list:
dist: 1.9550154640264572 vs. 1.9550154640264572
--------
nle(id0,id1,dist): 15 22 0.7831327347476974
list:
dist: 0.7831327347476974 vs. 0.7831327347476974
--------
nle(id0,id1,dist): 15 21 0.8660362533674605
list:
dist: 0.8660362533674605 vs. 0.8660362533674605
--------
nle(id0,id1,dist): 15 20 2.034158793301226
list:
dist: 2.034158793301226 vs. 2.034158793301226
--------
nle(id0,id1,dist): 15 19 1.501634565771974
list:
dist: 1.501634565771974 vs. 1.501634565771974
--------
nle(id0,id1,dist): 15 17 1.3707922324431125
list:
dist: 1.3707922324431125 vs. 1.3707922324431125
--------
nle(id0,id1,dist): 14 16 0.9083482519879931
list:
dist: 0.9083482519879931 vs. 0.9083482519879931
--------
nle(id0,id1,dist): 11 127 3.5033660144852306
list:
dist: 3.5033660144852306 vs. 3.5033660144852306
--------
nle(id0,id1,dist): 14 19 1.5767366994267418
list:
dist: 1.5767366994267418 vs. 1.5767366994267418
--------
nle(id0,id1,dist): 14 21 2.8169491237380777
list:
dist: 2.8169491237380777 vs. 2.8169491237380777
--------
nle(id0,id1,dist): 17 19 1.6033753420395793
list:
dist: 1.6033753420395793 vs. 1.6033753420395793
--------
nle(id0,id1,dist): 17 22 0.7976402489857747
list:
dist: 0.7976402489857747 vs. 0.7976402489857747
--------
nle(id0,id1,dist): 17 21 1.7471586885573394
list:
dist: 1.7471586885573394 vs. 1.7471586885573394
--------
nle(id0,id1,dist): 17 27 1.9077791900971934
list:
dist: 1.9077791900971934 vs. 1.9077791900971934
--------
nle(id0,id1,dist): 17 24 2.8166454073969933
list:
dist: 2.8166454073969933 vs. 2.8166454073969933
--------
nle(id0,id1,dist): 16 18 3.8085882752010964
list:
dist: 3.8085882752010964 vs. 3.8085882752010964
--------
nle(id0,id1,dist): 16 19 1.1835547642631068
list:
dist: 1.1835547642631068 vs. 1.1835547642631068
--------
nle(id0,id1,dist): 16 20 1.9561324037755046
list:
dist: 1.9561324037755046 vs. 1.9561324037755046
--------
nle(id0,id1,dist): 16 21 2.1791624869919475
list:
dist: 2.1791624869919475 vs. 2.1791624869919475
--------
nle(id0,id1,dist): 16 25 2.5451091046302694
list:
dist: 2.5451091046302694 vs. 2.5451091046302694
--------
nle(id0,id1,dist): 13 127 2.166113695432169
list:
dist: 2.166113695432169 vs. 2.166113695432169
--------
nle(id0,id1,dist): 1 2 1.2201384578978487
list:
dist: 1.2201384578978487 vs. 1.2201384578978487
--------
nle(id0,id1,dist): 1 3 2.70125696319748
list:
dist: 2.70125696319748 vs. 2.70125696319748
--------
nle(id0,id1,dist): 1 4 2.968084999224514
list:
dist: 2.968084999224514 vs. 2.968084999224514
--------
nle(id0,id1,dist): 1 5 0.9843163535103093
list:
dist: 0.9843163535103093 vs. 0.9843163535103093
--------
nle(id0,id1,dist): 1 6 3.2709098638957492
list:
dist: 3.2709098638957492 vs. 3.2709098638957492
--------
nle(id0,id1,dist): 1 7 1.569417242017522
list:
dist: 1.569417242017522 vs. 1.569417242017522
--------
nle(id0,id1,dist): 1 8 1.5713600212908314
list:
dist: 1.5713600212908314 vs. 1.5713600212908314
--------
nle(id0,id1,dist): 1 9 3.068615172724953
list:
dist: 3.068615172724953 vs. 3.068615172724953
--------
nle(id0,id1,dist): 1 10 3.0141011144475693
list:
dist: 3.0141011144475693 vs. 3.0141011144475693
--------
nle(id0,id1,dist): 1 11 4.161421025426327
list:
dist: 4.161421025426327 vs. 4.161421025426327
--------
nle(id0,id1,dist): 2 5 0.8793622794008171
list:
dist: 0.8793622794008171 vs. 0.8793622794008171
--------
nle(id0,id1,dist): 2 6 2.864430436993271
list:
dist: 2.864430436993271 vs. 2.864430436993271
--------
nle(id0,id1,dist): 2 3 2.1985311913988994
list:
dist: 2.1985311913988994 vs. 2.1985311913988994
--------
nle(id0,id1,dist): 2 4 2.9993903486335918
list:
dist: 2.9993903486335918 vs. 2.9993903486335918
--------
nle(id0,id1,dist): 1 14 1.2125958518303352
list:
dist: 1.2125958518303352 vs. 1.2125958518303352
--------
nle(id0,id1,dist): 1 13 3.951506165989443
list:
dist: 3.951506165989443 vs. 3.951506165989443
--------
nle(id0,id1,dist): 1 19 2.7057140995702267
list:
dist: 2.7057140995702267 vs. 2.7057140995702267
--------
nle(id0,id1,dist): 1 16 1.69086697423451
list:
dist: 1.69086697423451 vs. 1.69086697423451
--------
nle(id0,id1,dist): 1 21 3.8372786872115188
list:
dist: 3.8372786872115188 vs. 3.8372786872115188
--------
nle(id0,id1,dist): 2 11 3.9197164196378127
list:
dist: 3.9197164196378127 vs. 3.9197164196378127
--------
nle(id0,id1,dist): 2 14 1.4778698775445236
list:
dist: 1.4778698775445236 vs. 1.4778698775445236
--------
nle(id0,id1,dist): 2 13 3.714264210701963
list:
dist: 3.714264210701963 vs. 3.714264210701963
--------
nle(id0,id1,dist): 2 8 1.1356939628187706
list:
dist: 1.1356939628187706 vs. 1.1356939628187706
--------
nle(id0,id1,dist): 2 7 1.7935392717119594
list:
dist: 1.7935392717119594 vs. 1.7935392717119594
--------
nle(id0,id1,dist): 2 10 3.3043531060273055
list:
dist: 3.3043531060273055 vs. 3.3043531060273055
--------
nle(id0,id1,dist): 2 9 2.1541928681705844
list:
dist: 2.1541928681705844 vs. 2.1541928681705844
--------
nle(id0,id1,dist): 2 19 2.8075967496917684
list:
dist: 2.8075967496917684 vs. 2.8075967496917684
--------
nle(id0,id1,dist): 2 21 3.974888122540754
list:
dist: 3.974888122540754 vs. 3.974888122540754
--------
nle(id0,id1,dist): 2 16 2.183497048722018
list:
dist: 2.183497048722018 vs. 2.183497048722018
--------
nle(id0,id1,dist): 3 9 2.241071312816782
list:
dist: 2.241071312816782 vs. 2.241071312816782
--------
nle(id0,id1,dist): 3 8 1.2671174459008925
list:
dist: 1.2671174459008925 vs. 1.2671174459008925
--------
nle(id0,id1,dist): 3 7 1.7558689202924163
list:
dist: 1.7558689202924163 vs. 1.7558689202924163
--------
nle(id0,id1,dist): 3 6 1.3804900894088334
list:
dist: 1.3804900894088334 vs. 1.3804900894088334
--------
nle(id0,id1,dist): 3 5 2.8590058830559433
list:
dist: 2.8590058830559433 vs. 2.8590058830559433
--------
nle(id0,id1,dist): 3 4 1.9520940921815386
list:
dist: 1.9520940921815386 vs. 1.9520940921815386
--------
nle(id0,id1,dist): 3 14 2.0584185570831575
list:
dist: 2.0584185570831575 vs. 2.0584185570831575
--------
nle(id0,id1,dist): 3 13 2.5587571638393474
list:
dist: 2.5587571638393474 vs. 2.5587571638393474
--------
nle(id0,id1,dist): 3 11 2.011742983158362
list:
dist: 2.011742983158362 vs. 2.011742983158362
--------
nle(id0,id1,dist): 3 10 2.3310053508223194
list:
dist: 2.3310053508223194 vs. 2.3310053508223194
--------
nle(id0,id1,dist): 37 48 1.3180893786113868
list:
dist: 1.3180893786113868 vs. 1.3180893786113868
--------
nle(id0,id1,dist): 37 49 0.8779763036185119
list:
dist: 0.8779763036185119 vs. 0.8779763036185119
--------
nle(id0,id1,dist): 37 50 2.655014067797541
list:
dist: 2.655014067797541 vs. 2.655014067797541
--------
nle(id0,id1,dist): 37 52 3.817613880742617
list:
dist: 3.817613880742617 vs. 3.817613880742617
--------
nle(id0,id1,dist): 37 54 2.5270668682100474
list:
dist: 2.5270668682100474 vs. 2.5270668682100474
--------
nle(id0,id1,dist): 37 55 3.1958914471631665
list:
dist: 3.1958914471631665 vs. 3.1958914471631665
--------
nle(id0,id1,dist): 37 40 3.259831526118047
list:
dist: 3.259831526118047 vs. 3.259831526118047
--------
nle(id0,id1,dist): 37 42 1.8964037730764118
list:
dist: 1.8964037730764118 vs. 1.8964037730764118
--------
nle(id0,id1,dist): 37 43 3.91134776634231
list:
dist: 3.91134776634231 vs. 3.91134776634231
--------
nle(id0,id1,dist): 37 44 3.609588202457625
list:
dist: 3.609588202457625 vs. 3.609588202457625
--------
nle(id0,id1,dist): 37 46 1.9138113516217448
list:
dist: 1.9138113516217448 vs. 1.9138113516217448
--------
nle(id0,id1,dist): 37 47 2.806349910678367
list:
dist: 2.806349910678367 vs. 2.806349910678367
--------
nle(id0,id1,dist): 37 39 1.4513127224811981
list:
dist: 1.4513127224811981 vs. 1.4513127224811981
--------
nle(id0,id1,dist): 37 38 1.373687240885367
list:
dist: 1.373687240885367 vs. 1.373687240885367
--------
nle(id0,id1,dist): 36 55 2.719174989354525
list:
dist: 2.719174989354525 vs. 2.719174989354525
--------
nle(id0,id1,dist): 36 56 2.384043804297527
list:
dist: 2.384043804297527 vs. 2.384043804297527
--------
nle(id0,id1,dist): 36 54 1.8684574785834993
list:
dist: 1.8684574785834993 vs. 1.8684574785834993
--------
nle(id0,id1,dist): 36 47 0.8178651362668313
list:
dist: 0.8178651362668313 vs. 0.8178651362668313
--------
nle(id0,id1,dist): 36 46 1.2929401852637465
list:
dist: 1.2929401852637465 vs. 1.2929401852637465
--------
nle(id0,id1,dist): 36 51 2.7095530842356923
list:
dist: 2.7095530842356923 vs. 2.7095530842356923
--------
nle(id0,id1,dist): 36 52 1.8866663924274207
list:
dist: 1.8866663924274207 vs. 1.8866663924274207
--------
nle(id0,id1,dist): 36 49 2.1651883689426064
list:
dist: 2.1651883689426064 vs. 2.1651883689426064
--------
nle(id0,id1,dist): 36 50 2.21704185701393
list:
dist: 2.21704185701393 vs. 2.21704185701393
--------
nle(id0,id1,dist): 36 40 1.0835231017344298
list:
dist: 1.0835231017344298 vs. 1.0835231017344298
--------
nle(id0,id1,dist): 36 39 2.3519704811661137
list:
dist: 2.3519704811661137 vs. 2.3519704811661137
--------
nle(id0,id1,dist): 36 38 1.7342623378530033
list:
dist: 1.7342623378530033 vs. 1.7342623378530033
--------
nle(id0,id1,dist): 36 44 1.9947359329712315
list:
dist: 1.9947359329712315 vs. 1.9947359329712315
--------
nle(id0,id1,dist): 36 42 2.0888436826861874
list:
dist: 2.0888436826861874 vs. 2.0888436826861874
--------
nle(id0,id1,dist): 35 58 1.5385179572574486
list:
dist: 1.5385179572574486 vs. 1.5385179572574486
--------
nle(id0,id1,dist): 35 59 2.0548405134756575
list:
dist: 2.0548405134756575 vs. 2.0548405134756575
--------
nle(id0,id1,dist): 35 54 1.910749412705695
list:
dist: 1.910749412705695 vs. 1.910749412705695
--------
nle(id0,id1,dist): 35 55 2.0564139013837863
list:
dist: 2.0564139013837863 vs. 2.0564139013837863
--------
nle(id0,id1,dist): 35 56 2.1245394456112736
list:
dist: 2.1245394456112736 vs. 2.1245394456112736
--------
nle(id0,id1,dist): 35 57 1.986332513741805
list:
dist: 1.986332513741805 vs. 1.986332513741805
--------
nle(id0,id1,dist): 35 50 2.506819698483815
list:
dist: 2.506819698483815 vs. 2.506819698483815
--------
nle(id0,id1,dist): 35 52 3.054472417960068
list:
dist: 3.054472417960068 vs. 3.054472417960068
--------
nle(id0,id1,dist): 35 47 1.8818990754539195
list:
dist: 1.8818990754539195 vs. 1.8818990754539195
--------
nle(id0,id1,dist): 35 46 1.9636694414128442
list:
dist: 1.9636694414128442 vs. 1.9636694414128442
--------
nle(id0,id1,dist): 35 49 1.15479312195996
list:
dist: 1.15479312195996 vs. 1.15479312195996
--------
nle(id0,id1,dist): 35 48 0.9693448655974627
list:
dist: 0.9693448655974627 vs. 0.9693448655974627
--------
nle(id0,id1,dist): 35 43 4.246003933981313
list:
dist: 4.246003933981313 vs. 4.246003933981313
--------
nle(id0,id1,dist): 35 42 2.563308076202982
list:
dist: 2.563308076202982 vs. 2.563308076202982
--------
nle(id0,id1,dist): 35 44 3.3120282148224827
list:
dist: 3.3120282148224827 vs. 3.3120282148224827
--------
nle(id0,id1,dist): 35 39 1.5532280110280268
list:
dist: 1.5532280110280268 vs. 1.5532280110280268
--------
nle(id0,id1,dist): 35 38 1.6244970634449116
list:
dist: 1.6244970634449116 vs. 1.6244970634449116
--------
nle(id0,id1,dist): 35 40 2.854661371739535
list:
dist: 2.854661371739535 vs. 2.854661371739535
--------
nle(id0,id1,dist): 35 37 1.6616524657398593
list:
dist: 1.6616524657398593 vs. 1.6616524657398593
--------
nle(id0,id1,dist): 35 36 2.2505849932445803
list:
dist: 2.2505849932445803 vs. 2.2505849932445803
--------
nle(id0,id1,dist): 34 55 3.7777039345599377
list:
dist: 3.7777039345599377 vs. 3.7777039345599377
--------
nle(id0,id1,dist): 34 56 3.587584170910815
list:
dist: 3.587584170910815 vs. 3.587584170910815
--------
nle(id0,id1,dist): 34 54 2.476967212659546
list:
dist: 2.476967212659546 vs. 2.476967212659546
--------
nle(id0,id1,dist): 34 52 2.294907177674178
list:
dist: 2.294907177674178 vs. 2.294907177674178
--------
nle(id0,id1,dist): 34 51 2.492448472030051
list:
dist: 2.492448472030051 vs. 2.492448472030051
--------
nle(id0,id1,dist): 34 50 1.975775341572237
list:
dist: 1.975775341572237 vs. 1.975775341572237
--------
nle(id0,id1,dist): 34 49 2.989038022458145
list:
dist: 2.989038022458145 vs. 2.989038022458145
--------
nle(id0,id1,dist): 34 47 2.458336059722252
list:
dist: 2.458336059722252 vs. 2.458336059722252
--------
nle(id0,id1,dist): 34 46 2.0749942305281754
list:
dist: 2.0749942305281754 vs. 2.0749942305281754
--------
nle(id0,id1,dist): 34 44 1.3114676685925442
list:
dist: 1.3114676685925442 vs. 1.3114676685925442
--------
nle(id0,id1,dist): 34 43 0.7291724987716407
list:
dist: 0.7291724987716407 vs. 0.7291724987716407
--------
nle(id0,id1,dist): 34 42 1.8195478346637308
list:
dist: 1.8195478346637308 vs. 1.8195478346637308
--------
nle(id0,id1,dist): 34 40 1.3913215570223552
list:
dist: 1.3913215570223552 vs. 1.3913215570223552
--------
nle(id0,id1,dist): 34 39 2.7612580900466117
list:
dist: 2.7612580900466117 vs. 2.7612580900466117
--------
nle(id0,id1,dist): 34 36 2.3228256937651133
list:
dist: 2.3228256937651133 vs. 2.3228256937651133
--------
nle(id0,id1,dist): 34 35 3.773036845235737
list:
dist: 3.773036845235737 vs. 3.773036845235737
--------
nle(id0,id1,dist): 34 38 2.3517421669806655
list:
dist: 2.3517421669806655 vs. 2.3517421669806655
--------
nle(id0,id1,dist): 34 37 3.57496843464089
list:
dist: 3.57496843464089 vs. 3.57496843464089
--------
nle(id0,id1,dist): 33 44 4.124894996169957
list:
dist: 4.124894996169957 vs. 4.124894996169957
--------
nle(id0,id1,dist): 33 46 3.823893559521408
list:
dist: 3.823893559521408 vs. 3.823893559521408
--------
nle(id0,id1,dist): 33 49 4.621209337114098
list:
dist: 4.621209337114098 vs. 4.621209337114098
--------
nle(id0,id1,dist): 33 34 2.82570968009147
list:
dist: 2.82570968009147 vs. 2.82570968009147
--------
nle(id0,id1,dist): 33 38 4.06226405420019
list:
dist: 4.06226405420019 vs. 4.06226405420019
--------
nle(id0,id1,dist): 33 37 4.730549817975236
list:
dist: 4.730549817975236 vs. 4.730549817975236
--------
nle(id0,id1,dist): 33 43 2.737532079504898
list:
dist: 2.737532079504898 vs. 2.737532079504898
--------
nle(id0,id1,dist): 33 42 3.1161461437869966
list:
dist: 3.1161461437869966 vs. 3.1161461437869966
--------
nle(id0,id1,dist): 33 40 4.019934403318606
list:
dist: 4.019934403318606 vs. 4.019934403318606
--------
nle(id0,id1,dist): 32 49 2.9893004510988392
list:
dist: 2.9893004510988392 vs. 2.9893004510988392
--------
nle(id0,id1,dist): 32 38 2.326559939106103
list:
dist: 2.326559939106103 vs. 2.326559939106103
--------
nle(id0,id1,dist): 32 37 3.4668924185178605
list:
dist: 3.4668924185178605 vs. 3.4668924185178605
--------
nle(id0,id1,dist): 32 40 1.86086205449113
list:
dist: 1.86086205449113 vs. 1.86086205449113
--------
nle(id0,id1,dist): 32 34 1.5273980362969182
list:
dist: 1.5273980362969182 vs. 1.5273980362969182
--------
nle(id0,id1,dist): 32 33 2.567719428859637
list:
dist: 2.567719428859637 vs. 2.567719428859637
--------
nle(id0,id1,dist): 32 36 2.1248718717262873
list:
dist: 2.1248718717262873 vs. 2.1248718717262873
--------
nle(id0,id1,dist): 32 46 1.7905183507140996
list:
dist: 1.7905183507140996 vs. 1.7905183507140996
--------
nle(id0,id1,dist): 32 42 1.6789327210897391
list:
dist: 1.6789327210897391 vs. 1.6789327210897391
--------
nle(id0,id1,dist): 32 44 2.479554609334167
list:
dist: 2.479554609334167 vs. 2.479554609334167
--------
nle(id0,id1,dist): 32 43 2.1383180621759803
list:
dist: 2.1383180621759803 vs. 2.1383180621759803
--------
nle(id0,id1,dist): 31 54 1.818166698628397
list:
dist: 1.818166698628397 vs. 1.818166698628397
--------
nle(id0,id1,dist): 31 55 3.1171018795107575
list:
dist: 3.1171018795107575 vs. 3.1171018795107575
--------
nle(id0,id1,dist): 31 56 3.0512245102453837
list:
dist: 3.0512245102453837 vs. 3.0512245102453837
--------
nle(id0,id1,dist): 31 44 1.8890370195112534
list:
dist: 1.8890370195112534 vs. 1.8890370195112534
--------
nle(id0,id1,dist): 31 43 1.9490565140742457
list:
dist: 1.9490565140742457 vs. 1.9490565140742457
--------
nle(id0,id1,dist): 31 42 0.4867688339118207
list:
dist: 0.4867688339118207 vs. 0.4867688339118207
--------
nle(id0,id1,dist): 31 40 1.5891294572551338
list:
dist: 1.5891294572551338 vs. 1.5891294572551338
--------
nle(id0,id1,dist): 31 39 1.5129507788874363
list:
dist: 1.5129507788874363 vs. 1.5129507788874363
--------
nle(id0,id1,dist): 31 38 0.9117046896229807
list:
dist: 0.9117046896229807 vs. 0.9117046896229807
--------
nle(id0,id1,dist): 29 127 2.3983858193793117
list:
dist: 2.3983858193793117 vs. 2.3983858193793117
--------
nle(id0,id1,dist): 31 52 2.510208826136044
list:
dist: 2.510208826136044 vs. 2.510208826136044
--------
nle(id0,id1,dist): 31 50 1.527818513380084
list:
dist: 1.527818513380084 vs. 1.527818513380084
--------
nle(id0,id1,dist): 31 49 1.5298676580946802
list:
dist: 1.5298676580946802 vs. 1.5298676580946802
--------
nle(id0,id1,dist): 31 48 2.9333412938217176
list:
dist: 2.9333412938217176 vs. 2.9333412938217176
--------
nle(id0,id1,dist): 31 47 1.9325568182836121
list:
dist: 1.9325568182836121 vs. 1.9325568182836121
--------
nle(id0,id1,dist): 31 46 0.9036362805567769
list:
dist: 0.9036362805567769 vs. 0.9036362805567769
--------
nle(id0,id1,dist): 31 36 1.9132803800901201
list:
dist: 1.9132803800901201 vs. 1.9132803800901201
--------
nle(id0,id1,dist): 31 37 2.0483394476251724
list:
dist: 2.0483394476251724 vs. 2.0483394476251724
--------
nle(id0,id1,dist): 31 34 1.530341391840008
list:
dist: 1.530341391840008 vs. 1.530341391840008
--------
nle(id0,id1,dist): 31 35 2.4987964862453693
list:
dist: 2.4987964862453693 vs. 2.4987964862453693
--------
nle(id0,id1,dist): 31 32 1.7653776838973438
list:
dist: 1.7653776838973438 vs. 1.7653776838973438
--------
nle(id0,id1,dist): 31 33 3.282601765844931
list:
dist: 3.282601765844931 vs. 3.282601765844931
--------
nle(id0,id1,dist): 44 47 1.7467882327799908
list:
dist: 1.7467882327799908 vs. 1.7467882327799908
--------
nle(id0,id1,dist): 44 46 2.2132663300797155
list:
dist: 2.2132663300797155 vs. 2.2132663300797155
--------
nle(id0,id1,dist): 44 51 1.2640923202774386
list:
dist: 1.2640923202774386 vs. 1.2640923202774386
--------
nle(id0,id1,dist): 44 52 1.041852740265582
list:
dist: 1.041852740265582 vs. 1.041852740265582
--------
nle(id0,id1,dist): 44 49 2.848772737431451
list:
dist: 2.848772737431451 vs. 2.848772737431451
--------
nle(id0,id1,dist): 44 50 1.2684315807897457
list:
dist: 1.2684315807897457 vs. 1.2684315807897457
--------
nle(id0,id1,dist): 43 50 2.146621655534742
list:
dist: 2.146621655534742 vs. 2.146621655534742
--------
nle(id0,id1,dist): 43 51 2.6213763166372184
list:
dist: 2.6213763166372184 vs. 2.6213763166372184
--------
nle(id0,id1,dist): 43 52 2.6302688582049254
list:
dist: 2.6302688582049254 vs. 2.6302688582049254
--------
nle(id0,id1,dist): 43 54 2.7998504805649986
list:
dist: 2.7998504805649986 vs. 2.7998504805649986
--------
nle(id0,id1,dist): 43 55 4.0692495997268665
list:
dist: 4.0692495997268665 vs. 4.0692495997268665
--------
nle(id0,id1,dist): 43 56 3.9333341981329526
list:
dist: 3.9333341981329526 vs. 3.9333341981329526
--------
nle(id0,id1,dist): 43 44 1.5889102769825578
list:
dist: 1.5889102769825578 vs. 1.5889102769825578
--------
nle(id0,id1,dist): 43 46 2.6588715771687563
list:
dist: 2.6588715771687563 vs. 2.6588715771687563
--------
nle(id0,id1,dist): 43 47 3.0165399709492546
list:
dist: 3.0165399709492546 vs. 3.0165399709492546
--------
nle(id0,id1,dist): 43 49 3.3996057948080347
list:
dist: 3.3996057948080347 vs. 3.3996057948080347
--------
nle(id0,id1,dist): 42 46 0.8953320978055475
list:
dist: 0.8953320978055475 vs. 0.8953320978055475
--------
nle(id0,id1,dist): 42 44 2.344849170419572
list:
dist: 2.344849170419572 vs. 2.344849170419572
--------
nle(id0,id1,dist): 42 43 2.2468636058959466
list:
dist: 2.2468636058959466 vs. 2.2468636058959466
--------
nle(id0,id1,dist): 41 76 2.991131306430146
list:
dist: 2.991131306430146 vs. 2.991131306430146
--------
nle(id0,id1,dist): 41 72 4.150532362828962
list:
dist: 4.150532362828962 vs. 4.150532362828962
--------
nle(id0,id1,dist): 41 70 3.562891972168832
list:
dist: 3.562891972168832 vs. 3.562891972168832
--------
nle(id0,id1,dist): 41 68 3.9684766965063347
list:
dist: 3.9684766965063347 vs. 3.9684766965063347
--------
nle(id0,id1,dist): 42 55 3.4683322647940638
list:
dist: 3.4683322647940638 vs. 3.4683322647940638
--------
nle(id0,id1,dist): 42 56 3.412046827655661
list:
dist: 3.412046827655661 vs. 3.412046827655661
--------
nle(id0,id1,dist): 42 54 2.2204530434915766
list:
dist: 2.2204530434915766 vs. 2.2204530434915766
--------
nle(id0,id1,dist): 42 52 2.951093548873614
list:
dist: 2.951093548873614 vs. 2.951093548873614
--------
nle(id0,id1,dist): 42 49 1.5328052303998876
list:
dist: 1.5328052303998876 vs. 1.5328052303998876
--------
nle(id0,id1,dist): 42 50 1.9918114376822036
list:
dist: 1.9918114376822036 vs. 1.9918114376822036
--------
nle(id0,id1,dist): 42 47 2.2289778598707843
list:
dist: 2.2289778598707843 vs. 2.2289778598707843
--------
nle(id0,id1,dist): 42 48 2.887532825899684
list:
dist: 2.887532825899684 vs. 2.887532825899684
--------
nle(id0,id1,dist): 41 64 2.8424783118610013
list:
dist: 2.8424783118610013 vs. 2.8424783118610013
--------
nle(id0,id1,dist): 41 60 2.422690117965257
list:
dist: 2.422690117965257 vs. 2.422690117965257
--------
nle(id0,id1,dist): 41 61 4.3523999693919055
list:
dist: 4.3523999693919055 vs. 4.3523999693919055
--------
nle(id0,id1,dist): 41 62 3.2632650901973395
list:
dist: 3.2632650901973395 vs. 3.2632650901973395
--------
nle(id0,id1,dist): 40 43 2.0080583166081714
list:
dist: 2.0080583166081714 vs. 2.0080583166081714
--------
nle(id0,id1,dist): 40 44 0.9816760343043576
list:
dist: 0.9816760343043576 vs. 0.9816760343043576
--------
nle(id0,id1,dist): 40 42 1.9368335205832066
list:
dist: 1.9368335205832066 vs. 1.9368335205832066
--------
nle(id0,id1,dist): 40 47 1.175426099314078
list:
dist: 1.175426099314078 vs. 1.175426099314078
--------
nle(id0,id1,dist): 40 46 1.5374229392339118
list:
dist: 1.5374229392339118 vs. 1.5374229392339118
--------
nle(id0,id1,dist): 40 51 1.9402938618244217
list:
dist: 1.9402938618244217 vs. 1.9402938618244217
--------
nle(id0,id1,dist): 40 52 1.3206712903411515
list:
dist: 1.3206712903411515 vs. 1.3206712903411515
--------
nle(id0,id1,dist): 40 49 2.4577488755779764
list:
dist: 2.4577488755779764 vs. 2.4577488755779764
--------
nle(id0,id1,dist): 40 50 1.6408679188083757
list:
dist: 1.6408679188083757 vs. 1.6408679188083757
--------
nle(id0,id1,dist): 40 55 2.793574844108031
list:
dist: 2.793574844108031 vs. 2.793574844108031
--------
nle(id0,id1,dist): 40 56 2.4886863520652285
list:
dist: 2.4886863520652285 vs. 2.4886863520652285
--------
nle(id0,id1,dist): 40 54 1.6632701823965699
list:
dist: 1.6632701823965699 vs. 1.6632701823965699
--------
nle(id0,id1,dist): 39 46 1.6307758815887876
list:
dist: 1.6307758815887876 vs. 1.6307758815887876
--------
nle(id0,id1,dist): 39 47 1.8754449815606435
list:
dist: 1.8754449815606435 vs. 1.8754449815606435
--------
nle(id0,id1,dist): 39 48 1.9080351646975664
list:
dist: 1.9080351646975664 vs. 1.9080351646975664
--------
nle(id0,id1,dist): 39 49 0.875767203373489
list:
dist: 0.875767203373489 vs. 0.875767203373489
--------
nle(id0,id1,dist): 39 50 1.2800847947551786
list:
dist: 1.2800847947551786 vs. 1.2800847947551786
--------
nle(id0,id1,dist): 39 52 2.5309075912380234
list:
dist: 2.5309075912380234 vs. 2.5309075912380234
--------
nle(id0,id1,dist): 39 54 1.1670069492065214
list:
dist: 1.1670069492065214 vs. 1.1670069492065214
--------
nle(id0,id1,dist): 39 55 2.028939667545805
list:
dist: 2.028939667545805 vs. 2.028939667545805
--------
nle(id0,id1,dist): 39 56 2.180540179375686
list:
dist: 2.180540179375686 vs. 2.180540179375686
--------
nle(id0,id1,dist): 39 57 2.1939622436866064
list:
dist: 2.1939622436866064 vs. 2.1939622436866064
--------
nle(id0,id1,dist): 39 58 2.261847828419218
list:
dist: 2.261847828419218 vs. 2.261847828419218
--------
nle(id0,id1,dist): 39 59 2.8233733660199927
list:
dist: 2.8233733660199927 vs. 2.8233733660199927
--------
nle(id0,id1,dist): 38 55 2.6879880756529464
list:
dist: 2.6879880756529464 vs. 2.6879880756529464
--------
nle(id0,id1,dist): 38 56 2.662788716319412
list:
dist: 2.662788716319412 vs. 2.662788716319412
--------
nle(id0,id1,dist): 38 54 1.6169709099834075
list:
dist: 1.6169709099834075 vs. 1.6169709099834075
--------
nle(id0,id1,dist): 38 52 2.6340336478260094
list:
dist: 2.6340336478260094 vs. 2.6340336478260094
--------
nle(id0,id1,dist): 39 44 2.4001815003711657
list:
dist: 2.4001815003711657 vs. 2.4001815003711657
--------
nle(id0,id1,dist): 39 43 3.038408669045129
list:
dist: 3.038408669045129 vs. 3.038408669045129
--------
nle(id0,id1,dist): 39 42 1.742390568088359
list:
dist: 1.742390568088359 vs. 1.742390568088359
--------
nle(id0,id1,dist): 39 40 2.3161474170805234
list:
dist: 2.3161474170805234 vs. 2.3161474170805234
--------
nle(id0,id1,dist): 37 56 3.354172801054666
list:
dist: 3.354172801054666 vs. 3.354172801054666
--------
nle(id0,id1,dist): 38 40 1.896109615274307
list:
dist: 1.896109615274307 vs. 1.896109615274307
--------
nle(id0,id1,dist): 38 39 1.058538917751882
list:
dist: 1.058538917751882 vs. 1.058538917751882
--------
nle(id0,id1,dist): 38 42 0.9477678794903898
list:
dist: 0.9477678794903898 vs. 0.9477678794903898
--------
nle(id0,id1,dist): 38 48 2.0531255686048095
list:
dist: 2.0531255686048095 vs. 2.0531255686048095
--------
nle(id0,id1,dist): 38 47 1.6487970658300088
list:
dist: 1.6487970658300088 vs. 1.6487970658300088
--------
nle(id0,id1,dist): 38 50 1.7110720384181433
list:
dist: 1.7110720384181433 vs. 1.7110720384181433
--------
nle(id0,id1,dist): 38 49 0.6811350942523551
list:
dist: 0.6811350942523551 vs. 0.6811350942523551
--------
nle(id0,id1,dist): 38 44 2.35747182204526
list:
dist: 2.35747182204526 vs. 2.35747182204526
--------
nle(id0,id1,dist): 38 43 2.8158573037703207
list:
dist: 2.8158573037703207 vs. 2.8158573037703207
--------
nle(id0,id1,dist): 38 46 0.6408062609910653
list:
dist: 0.6408062609910653 vs. 0.6408062609910653
--------
nle(id0,id1,dist): 23 25 3.207357224146865
list:
dist: 3.207357224146865 vs. 3.207357224146865
--------
nle(id0,id1,dist): 21 127 2.1459722925890663
list:
dist: 2.1459722925890663 vs. 2.1459722925890663
--------
nle(id0,id1,dist): 21 26 1.848771815116981
list:
dist: 1.848771815116981 vs. 1.848771815116981
--------
nle(id0,id1,dist): 21 27 2.027775334005127
list:
dist: 2.027775334005127 vs. 2.027775334005127
--------
nle(id0,id1,dist): 21 25 1.6142717643254267
list:
dist: 1.6142717643254267 vs. 1.6142717643254267
--------
nle(id0,id1,dist): 21 29 2.3549340217865
list:
dist: 2.3549340217865 vs. 2.3549340217865
--------
nle(id0,id1,dist): 21 22 1.2669905541474924
list:
dist: 1.2669905541474924 vs. 1.2669905541474924
--------
nle(id0,id1,dist): 22 27 1.2531571625142623
list:
dist: 1.2531571625142623 vs. 1.2531571625142623
--------
nle(id0,id1,dist): 22 29 1.3056056925696347
list:
dist: 1.3056056925696347 vs. 1.3056056925696347
--------
nle(id0,id1,dist): 22 24 2.22565146830837
list:
dist: 2.22565146830837 vs. 2.22565146830837
--------
nle(id0,id1,dist): 22 25 2.6668244339740834
list:
dist: 2.6668244339740834 vs. 2.6668244339740834
--------
nle(id0,id1,dist): 22 26 2.3188187756030088
list:
dist: 2.3188187756030088 vs. 2.3188187756030088
--------
nle(id0,id1,dist): 19 127 2.870172187311178
list:
dist: 2.870172187311178 vs. 2.870172187311178
--------
nle(id0,id1,dist): 19 25 2.3834748897868465
list:
dist: 2.3834748897868465 vs. 2.3834748897868465
--------
nle(id0,id1,dist): 19 22 1.7254288120338563
list:
dist: 1.7254288120338563 vs. 1.7254288120338563
--------
nle(id0,id1,dist): 19 20 1.9582310951507378
list:
dist: 1.9582310951507378 vs. 1.9582310951507378
--------
nle(id0,id1,dist): 19 21 1.2987241490704131
list:
dist: 1.2987241490704131 vs. 1.2987241490704131
--------
nle(id0,id1,dist): 19 29 2.2638379429321245
list:
dist: 2.2638379429321245 vs. 2.2638379429321245
--------
nle(id0,id1,dist): 19 26 2.964928591105698
list:
dist: 2.964928591105698 vs. 2.964928591105698
--------
nle(id0,id1,dist): 19 27 2.9128333964829296
list:
dist: 2.9128333964829296 vs. 2.9128333964829296
--------
nle(id0,id1,dist): 17 127 1.7816587697233943
list:
dist: 1.7816587697233943 vs. 1.7816587697233943
--------
nle(id0,id1,dist): 20 25 0.7334078750552114
list:
dist: 0.7334078750552114 vs. 0.7334078750552114
--------
nle(id0,id1,dist): 20 26 2.050711087641474
list:
dist: 2.050711087641474 vs. 2.050711087641474
--------
nle(id0,id1,dist): 20 27 3.333368923999948
list:
dist: 3.333368923999948 vs. 3.333368923999948
--------
nle(id0,id1,dist): 20 21 1.5111302221387104
list:
dist: 1.5111302221387104 vs. 1.5111302221387104
--------
nle(id0,id1,dist): 20 22 2.6954294757524706
list:
dist: 2.6954294757524706 vs. 2.6954294757524706
--------
nle(id0,id1,dist): 20 23 3.108566866255372
list:
dist: 3.108566866255372 vs. 3.108566866255372
--------
nle(id0,id1,dist): 15 127 2.0496618224958856
list:
dist: 2.0496618224958856 vs. 2.0496618224958856
--------
nle(id0,id1,dist): 18 21 4.144550153343014
list:
dist: 4.144550153343014 vs. 4.144550153343014
--------
nle(id0,id1,dist): 18 20 2.704511366561389
list:
dist: 2.704511366561389 vs. 2.704511366561389
--------
nle(id0,id1,dist): 18 19 4.3801257433325835
list:
dist: 4.3801257433325835 vs. 4.3801257433325835
--------
nle(id0,id1,dist): 17 29 1.1467976545911187
list:
dist: 1.1467976545911187 vs. 1.1467976545911187
--------
nle(id0,id1,dist): 18 23 1.1453868738085546
list:
dist: 1.1453868738085546 vs. 1.1453868738085546
--------
nle(id0,id1,dist): 18 25 2.959318368884367
list:
dist: 2.959318368884367 vs. 2.959318368884367
--------
nle(id0,id1,dist): 27 127 1.1322963184368682
list:
dist: 1.1322963184368682 vs. 1.1322963184368682
--------
nle(id0,id1,dist): 30 33 1.363478970773843
list:
dist: 1.363478970773843 vs. 1.363478970773843
--------
nle(id0,id1,dist): 30 32 2.0032511044699657
list:
dist: 2.0032511044699657 vs. 2.0032511044699657
--------
nle(id0,id1,dist): 26 27 2.1155966182064856
list:
dist: 2.1155966182064856 vs. 2.1155966182064856
--------
nle(id0,id1,dist): 24 127 1.8725960380608424
list:
dist: 1.8725960380608424 vs. 1.8725960380608424
--------
nle(id0,id1,dist): 27 29 1.9988785378043465
list:
dist: 1.9988785378043465 vs. 1.9988785378043465
--------
nle(id0,id1,dist): 24 26 2.520043868524959
list:
dist: 2.520043868524959 vs. 2.520043868524959
--------
nle(id0,id1,dist): 24 27 1.0203775710922405
list:
dist: 1.0203775710922405 vs. 1.0203775710922405
--------
nle(id0,id1,dist): 24 29 2.623984804820683
list:
dist: 2.623984804820683 vs. 2.623984804820683
--------
nle(id0,id1,dist): 22 127 1.4319467407951134
list:
dist: 1.4319467407951134 vs. 1.4319467407951134
--------
nle(id0,id1,dist): 25 26 1.413538948751334
list:
dist: 1.413538948751334 vs. 1.413538948751334
--------
nle(id0,id1,dist): 25 27 3.0537187437868223
list:
dist: 3.0537187437868223 vs. 3.0537187437868223
--------
nle(id0,id1,dist): 62 79 2.4672938526854504
list:
dist: 2.4672938526854504 vs. 2.4672938526854504
--------
nle(id0,id1,dist): 62 80 2.2765796298394303
list:
dist: 2.2765796298394303 vs. 2.2765796298394303
--------
nle(id0,id1,dist): 62 81 0.8574785035157567
list:
dist: 0.8574785035157567 vs. 0.8574785035157567
--------
nle(id0,id1,dist): 62 82 3.1740082477815
list:
dist: 3.1740082477815 vs. 3.1740082477815
--------
nle(id0,id1,dist): 62 76 1.320664741656078
list:
dist: 1.320664741656078 vs. 1.320664741656078
--------
nle(id0,id1,dist): 62 77 3.3370973159853956
list:
dist: 3.3370973159853956 vs. 3.3370973159853956
--------
nle(id0,id1,dist): 62 84 2.612964769626163
list:
dist: 2.612964769626163 vs. 2.612964769626163
--------
nle(id0,id1,dist): 62 85 2.518891092826349
list:
dist: 2.518891092826349 vs. 2.518891092826349
--------
nle(id0,id1,dist): 62 86 2.1619281076747776
list:
dist: 2.1619281076747776 vs. 2.1619281076747776
--------
nle(id0,id1,dist): 62 64 0.9884071375577856
list:
dist: 0.9884071375577856 vs. 0.9884071375577856
--------
nle(id0,id1,dist): 62 63 1.8743966899018991
list:
dist: 1.8743966899018991 vs. 1.8743966899018991
--------
nle(id0,id1,dist): 62 66 2.413402481995258
list:
dist: 2.413402481995258 vs. 2.413402481995258
--------
nle(id0,id1,dist): 62 65 2.1972987706064555
list:
dist: 2.1972987706064555 vs. 2.1972987706064555
--------
nle(id0,id1,dist): 62 72 1.0366953199387923
list:
dist: 1.0366953199387923 vs. 1.0366953199387923
--------
nle(id0,id1,dist): 62 71 2.5540495874484517
list:
dist: 2.5540495874484517 vs. 2.5540495874484517
--------
nle(id0,id1,dist): 62 73 3.7583404930704525
list:
dist: 3.7583404930704525 vs. 3.7583404930704525
--------
nle(id0,id1,dist): 62 68 1.4970494708917408
list:
dist: 1.4970494708917408 vs. 1.4970494708917408
--------
nle(id0,id1,dist): 62 67 2.4377147758877613
list:
dist: 2.4377147758877613 vs. 2.4377147758877613
--------
nle(id0,id1,dist): 62 70 1.8913257298865471
list:
dist: 1.8913257298865471 vs. 1.8913257298865471
--------
nle(id0,id1,dist): 62 69 3.359760374110417
list:
dist: 3.359760374110417 vs. 3.359760374110417
--------
nle(id0,id1,dist): 61 86 2.6061421718547293
list:
dist: 2.6061421718547293 vs. 2.6061421718547293
--------
nle(id0,id1,dist): 61 84 3.5608702879307264
list:
dist: 3.5608702879307264 vs. 3.5608702879307264
--------
nle(id0,id1,dist): 61 85 1.7453755967715396
list:
dist: 1.7453755967715396 vs. 1.7453755967715396
--------
nle(id0,id1,dist): 61 82 3.2195178381825444
list:
dist: 3.2195178381825444 vs. 3.2195178381825444
--------
nle(id0,id1,dist): 61 80 1.8601859958779252
list:
dist: 1.8601859958779252 vs. 1.8601859958779252
--------
nle(id0,id1,dist): 61 81 2.3442971804873616
list:
dist: 2.3442971804873616 vs. 2.3442971804873616
--------
nle(id0,id1,dist): 61 70 1.372280027665969
list:
dist: 1.372280027665969 vs. 1.372280027665969
--------
nle(id0,id1,dist): 61 68 3.399813387351047
list:
dist: 3.399813387351047 vs. 3.399813387351047
--------
nle(id0,id1,dist): 61 67 2.6903605037494143
list:
dist: 2.6903605037494143 vs. 2.6903605037494143
--------
nle(id0,id1,dist): 61 65 1.5845476667545249
list:
dist: 1.5845476667545249 vs. 1.5845476667545249
--------
nle(id0,id1,dist): 61 64 2.925541245003252
list:
dist: 2.925541245003252 vs. 2.925541245003252
--------
nle(id0,id1,dist): 61 79 3.4483604750192995
list:
dist: 3.4483604750192995 vs. 3.4483604750192995
--------
nle(id0,id1,dist): 61 77 2.5020927567535898
list:
dist: 2.5020927567535898 vs. 2.5020927567535898
--------
nle(id0,id1,dist): 61 76 1.4508422257469868
list:
dist: 1.4508422257469868 vs. 1.4508422257469868
--------
nle(id0,id1,dist): 61 73 2.053375346455608
list:
dist: 2.053375346455608 vs. 2.053375346455608
--------
nle(id0,id1,dist): 61 72 2.3195231272081367
list:
dist: 2.3195231272081367 vs. 2.3195231272081367
--------
nle(id0,id1,dist): 64 66 1.9470377814043718
list:
dist: 1.9470377814043718 vs. 1.9470377814043718
--------
nle(id0,id1,dist): 64 68 1.270101156477564
list:
dist: 1.270101156477564 vs. 1.270101156477564
--------
nle(id0,id1,dist): 64 70 2.3380072714864037
list:
dist: 2.3380072714864037 vs. 2.3380072714864037
--------
nle(id0,id1,dist): 64 71 2.7098517802646094
list:
dist: 2.7098517802646094 vs. 2.7098517802646094
--------
nle(id0,id1,dist): 64 72 1.7643543893502367
list:
dist: 1.7643543893502367 vs. 1.7643543893502367
--------
nle(id0,id1,dist): 64 76 2.011411860307065
list:
dist: 2.011411860307065 vs. 2.011411860307065
--------
nle(id0,id1,dist): 63 87 4.128395154681123
list:
dist: 4.128395154681123 vs. 4.128395154681123
--------
nle(id0,id1,dist): 63 86 0.45189868908264086
list:
dist: 0.45189868908264086 vs. 0.45189868908264086
--------
nle(id0,id1,dist): 63 88 3.2289051287491044
list:
dist: 3.2289051287491044 vs. 3.2289051287491044
--------
nle(id0,id1,dist): 63 72 1.1471366292102139
list:
dist: 1.1471366292102139 vs. 1.1471366292102139
--------
nle(id0,id1,dist): 63 73 3.1868944697349195
list:
dist: 3.1868944697349195 vs. 3.1868944697349195
--------
nle(id0,id1,dist): 63 70 3.289872593535857
list:
dist: 3.289872593535857 vs. 3.289872593535857
--------
nle(id0,id1,dist): 63 71 1.9569663669409874
list:
dist: 1.9569663669409874 vs. 1.9569663669409874
--------
nle(id0,id1,dist): 63 76 2.2390258573139357
list:
dist: 2.2390258573139357 vs. 2.2390258573139357
--------
nle(id0,id1,dist): 63 77 2.3796829500380268
list:
dist: 2.3796829500380268 vs. 2.3796829500380268
--------
nle(id0,id1,dist): 63 75 2.6283313081834705
list:
dist: 2.6283313081834705 vs. 2.6283313081834705
--------
nle(id0,id1,dist): 63 80 1.9865954978580227
list:
dist: 1.9865954978580227 vs. 1.9865954978580227
--------
nle(id0,id1,dist): 63 81 2.250959778355612
list:
dist: 2.250959778355612 vs. 2.250959778355612
--------
nle(id0,id1,dist): 63 78 4.012248477064376
list:
dist: 4.012248477064376 vs. 4.012248477064376
--------
nle(id0,id1,dist): 63 79 1.0019208433237683
list:
dist: 1.0019208433237683 vs. 1.0019208433237683
--------
nle(id0,id1,dist): 63 84 1.1071940813934358
list:
dist: 1.1071940813934358 vs. 1.1071940813934358
--------
nle(id0,id1,dist): 63 85 1.5969234595403659
list:
dist: 1.5969234595403659 vs. 1.5969234595403659
--------
nle(id0,id1,dist): 63 82 1.3608933543494834
list:
dist: 1.3608933543494834 vs. 1.3608933543494834
--------
nle(id0,id1,dist): 63 83 3.4615384328023957
list:
dist: 3.4615384328023957 vs. 3.4615384328023957
--------
nle(id0,id1,dist): 63 65 1.4284441009397986
list:
dist: 1.4284441009397986 vs. 1.4284441009397986
--------
nle(id0,id1,dist): 63 69 1.6007751123181488
list:
dist: 1.6007751123181488 vs. 1.6007751123181488
--------
nle(id0,id1,dist): 63 68 2.3589151605023777
list:
dist: 2.3589151605023777 vs. 2.3589151605023777
--------
nle(id0,id1,dist): 63 67 1.0424136749459854
list:
dist: 1.0424136749459854 vs. 1.0424136749459854
--------
nle(id0,id1,dist): 58 59 1.0363585435521503
list:
dist: 1.0363585435521503 vs. 1.0363585435521503
--------
nle(id0,id1,dist): 61 63 2.584281547484605
list:
dist: 2.584281547484605 vs. 2.584281547484605
--------
nle(id0,id1,dist): 61 62 2.0646462643092574
list:
dist: 2.0646462643092574 vs. 2.0646462643092574
--------
nle(id0,id1,dist): 60 86 2.8738139608294615
list:
dist: 2.8738139608294615 vs. 2.8738139608294615
--------
nle(id0,id1,dist): 60 85 3.269316601425541
list:
dist: 3.269316601425541 vs. 3.269316601425541
--------
nle(id0,id1,dist): 60 77 4.181183671285425
list:
dist: 4.181183671285425 vs. 4.181183671285425
--------
nle(id0,id1,dist): 60 79 3.0836317526008603
list:
dist: 3.0836317526008603 vs. 3.0836317526008603
--------
nle(id0,id1,dist): 60 80 3.1517376321576682
list:
dist: 3.1517376321576682 vs. 3.1517376321576682
--------
nle(id0,id1,dist): 60 81 1.4893379603408312
list:
dist: 1.4893379603408312 vs. 1.4893379603408312
--------
nle(id0,id1,dist): 60 82 3.8223212579267503
list:
dist: 3.8223212579267503 vs. 3.8223212579267503
--------
nle(id0,id1,dist): 60 84 3.227388166292389
list:
dist: 3.227388166292389 vs. 3.227388166292389
--------
nle(id0,id1,dist): 60 69 3.967969303773171
list:
dist: 3.967969303773171 vs. 3.967969303773171
--------
nle(id0,id1,dist): 60 70 2.063950187718801
list:
dist: 2.063950187718801 vs. 2.063950187718801
--------
nle(id0,id1,dist): 60 71 2.9683195154356694
list:
dist: 2.9683195154356694 vs. 2.9683195154356694
--------
nle(id0,id1,dist): 60 72 1.8305020260014202
list:
dist: 1.8305020260014202 vs. 1.8305020260014202
--------
nle(id0,id1,dist): 60 73 4.419041088188068
list:
dist: 4.419041088188068 vs. 4.419041088188068
--------
nle(id0,id1,dist): 60 76 1.4723830748439228
list:
dist: 1.4723830748439228 vs. 1.4723830748439228
--------
nle(id0,id1,dist): 60 64 0.66353066804729
list:
dist: 0.66353066804729 vs. 0.66353066804729
--------
nle(id0,id1,dist): 60 63 2.51023744625503
list:
dist: 2.51023744625503 vs. 2.51023744625503
--------
nle(id0,id1,dist): 60 62 0.8852080021682415
list:
dist: 0.8852080021682415 vs. 0.8852080021682415
--------
nle(id0,id1,dist): 60 61 2.6152565809870825
list:
dist: 2.6152565809870825 vs. 2.6152565809870825
--------
nle(id0,id1,dist): 60 68 1.7846520068770255
list:
dist: 1.7846520068770255 vs. 1.7846520068770255
--------
nle(id0,id1,dist): 60 67 3.2382252401621807
list:
dist: 3.2382252401621807 vs. 3.2382252401621807
--------
nle(id0,id1,dist): 60 66 2.4934869763227723
list:
dist: 2.4934869763227723 vs. 2.4934869763227723
--------
nle(id0,id1,dist): 60 65 2.822377561983475
list:
dist: 2.822377561983475 vs. 2.822377561983475
--------
nle(id0,id1,dist): 69 71 2.004726333040942
list:
dist: 2.004726333040942 vs. 2.004726333040942
--------
nle(id0,id1,dist): 69 78 2.8018164491309174
list:
dist: 2.8018164491309174 vs. 2.8018164491309174
--------
nle(id0,id1,dist): 69 79 0.9785872792481809
list:
dist: 0.9785872792481809 vs. 0.9785872792481809
--------
nle(id0,id1,dist): 69 75 1.878529706664316
list:
dist: 1.878529706664316 vs. 1.878529706664316
--------
nle(id0,id1,dist): 69 72 2.437826889769162
list:
dist: 2.437826889769162 vs. 2.437826889769162
--------
nle(id0,id1,dist): 69 86 1.4192379919144533
list:
dist: 1.4192379919144533 vs. 1.4192379919144533
--------
nle(id0,id1,dist): 69 87 2.5991179692786934
list:
dist: 2.5991179692786934 vs. 2.5991179692786934
--------
nle(id0,id1,dist): 69 84 0.8492257237180989
list:
dist: 0.8492257237180989 vs. 0.8492257237180989
--------
nle(id0,id1,dist): 69 82 1.2383243150710872
list:
dist: 1.2383243150710872 vs. 1.2383243150710872
--------
nle(id0,id1,dist): 69 83 2.907354444226098
list:
dist: 2.907354444226098 vs. 2.907354444226098
--------
nle(id0,id1,dist): 69 81 3.534655090114631
list:
dist: 3.534655090114631 vs. 3.534655090114631
--------
nle(id0,id1,dist): 68 73 4.881485305209811
list:
dist: 4.881485305209811 vs. 4.881485305209811
--------
nle(id0,id1,dist): 68 76 2.8036015495935733
list:
dist: 2.8036015495935733 vs. 2.8036015495935733
--------
nle(id0,id1,dist): 68 70 3.188562137411668
list:
dist: 3.188562137411668 vs. 3.188562137411668
--------
nle(id0,id1,dist): 68 69 3.29231457857535
list:
dist: 3.29231457857535 vs. 3.29231457857535
--------
nle(id0,id1,dist): 68 72 1.4099354686398058
list:
dist: 1.4099354686398058 vs. 1.4099354686398058
--------
nle(id0,id1,dist): 68 71 1.6853191099918106
list:
dist: 1.6853191099918106 vs. 1.6853191099918106
--------
nle(id0,id1,dist): 68 81 1.1843660047885693
list:
dist: 1.1843660047885693 vs. 1.1843660047885693
--------
nle(id0,id1,dist): 68 82 3.642019999277475
list:
dist: 3.642019999277475 vs. 3.642019999277475
--------
nle(id0,id1,dist): 68 84 2.4441519768148376
list:
dist: 2.4441519768148376 vs. 2.4441519768148376
--------
nle(id0,id1,dist): 68 77 3.95036230888
list:
dist: 3.95036230888 vs. 3.95036230888
--------
nle(id0,id1,dist): 68 79 2.3205273453319273
list:
dist: 2.3205273453319273 vs. 2.3205273453319273
--------
nle(id0,id1,dist): 68 80 2.8592504450246596
list:
dist: 2.8592504450246596 vs. 2.8592504450246596
--------
nle(id0,id1,dist): 68 85 3.439663020911671
list:
dist: 3.439663020911671 vs. 3.439663020911671
--------
nle(id0,id1,dist): 68 86 2.5969608313765216
list:
dist: 2.5969608313765216 vs. 2.5969608313765216
--------
nle(id0,id1,dist): 70 86 3.4476201952600922
list:
dist: 3.4476201952600922 vs. 3.4476201952600922
--------
nle(id0,id1,dist): 70 85 2.9779874442843184
list:
dist: 2.9779874442843184 vs. 2.9779874442843184
--------
nle(id0,id1,dist): 70 84 4.219234673242782
list:
dist: 4.219234673242782 vs. 4.219234673242782
--------
nle(id0,id1,dist): 71 72 1.8244876370588246
list:
dist: 1.8244876370588246 vs. 1.8244876370588246
--------
nle(id0,id1,dist): 69 88 1.6470221878156108
list:
dist: 1.6470221878156108 vs. 1.6470221878156108
--------
nle(id0,id1,dist): 70 72 2.6454114943864426
list:
dist: 2.6454114943864426 vs. 2.6454114943864426
--------
nle(id0,id1,dist): 70 73 3.397964159557588
list:
dist: 3.397964159557588 vs. 3.397964159557588
--------
nle(id0,id1,dist): 70 76 1.4596015042906765
list:
dist: 1.4596015042906765 vs. 1.4596015042906765
--------
nle(id0,id1,dist): 70 77 3.7235597514469294
list:
dist: 3.7235597514469294 vs. 3.7235597514469294
--------
nle(id0,id1,dist): 70 79 4.083392865906982
list:
dist: 4.083392865906982 vs. 4.083392865906982
--------
nle(id0,id1,dist): 70 80 2.7614225362128155
list:
dist: 2.7614225362128155 vs. 2.7614225362128155
--------
nle(id0,id1,dist): 70 81 2.1053291738653113
list:
dist: 2.1053291738653113 vs. 2.1053291738653113
--------
nle(id0,id1,dist): 70 82 4.2683035146514365
list:
dist: 4.2683035146514365 vs. 4.2683035146514365
--------
nle(id0,id1,dist): 65 86 1.3994825890412417
list:
dist: 1.3994825890412417 vs. 1.3994825890412417
--------
nle(id0,id1,dist): 65 84 2.4368666231621448
list:
dist: 2.4368666231621448 vs. 2.4368666231621448
--------
nle(id0,id1,dist): 65 85 0.7210791071514763
list:
dist: 0.7210791071514763 vs. 0.7210791071514763
--------
nle(id0,id1,dist): 65 82 1.7209207713064196
list:
dist: 1.7209207713064196 vs. 1.7209207713064196
--------
nle(id0,id1,dist): 65 83 3.200334346430877
list:
dist: 3.200334346430877 vs. 3.200334346430877
--------
nle(id0,id1,dist): 65 80 1.7993132800383604
list:
dist: 1.7993132800383604 vs. 1.7993132800383604
--------
nle(id0,id1,dist): 65 81 2.6714393317606446
list:
dist: 2.6714393317606446 vs. 2.6714393317606446
--------
nle(id0,id1,dist): 65 79 2.3560417692049453
list:
dist: 2.3560417692049453 vs. 2.3560417692049453
--------
nle(id0,id1,dist): 65 76 1.7620042127489208
list:
dist: 1.7620042127489208 vs. 1.7620042127489208
--------
nle(id0,id1,dist): 65 77 1.9210143570438363
list:
dist: 1.9210143570438363 vs. 1.9210143570438363
--------
nle(id0,id1,dist): 66 68 0.9722851880075869
list:
dist: 0.9722851880075869 vs. 0.9722851880075869
--------
nle(id0,id1,dist): 64 81 1.1785492847931907
list:
dist: 1.1785492847931907 vs. 1.1785492847931907
--------
nle(id0,id1,dist): 65 73 1.9082766722225053
list:
dist: 1.9082766722225053 vs. 1.9082766722225053
--------
nle(id0,id1,dist): 65 72 1.931104208470586
list:
dist: 1.931104208470586 vs. 1.931104208470586
--------
nle(id0,id1,dist): 65 75 2.8379369683457996
list:
dist: 2.8379369683457996 vs. 2.8379369683457996
--------
nle(id0,id1,dist): 65 68 3.3017448414751707
list:
dist: 3.3017448414751707 vs. 3.3017448414751707
--------
nle(id0,id1,dist): 65 70 2.6937866703976283
list:
dist: 2.6937866703976283 vs. 2.6937866703976283
--------
nle(id0,id1,dist): 65 67 1.6713386989650696
list:
dist: 1.6713386989650696 vs. 1.6713386989650696
--------
nle(id0,id1,dist): 67 76 2.8752360579363083
list:
dist: 2.8752360579363083 vs. 2.8752360579363083
--------
nle(id0,id1,dist): 67 77 1.5627389772076288
list:
dist: 1.5627389772076288 vs. 1.5627389772076288
--------
nle(id0,id1,dist): 67 75 1.8510346640554012
list:
dist: 1.8510346640554012 vs. 1.8510346640554012
--------
nle(id0,id1,dist): 67 80 1.3964435980502565
list:
dist: 1.3964435980502565 vs. 1.3964435980502565
--------
nle(id0,id1,dist): 67 81 2.5014407434257033
list:
dist: 2.5014407434257033 vs. 2.5014407434257033
--------
nle(id0,id1,dist): 67 78 3.1971121744786317
list:
dist: 3.1971121744786317 vs. 3.1971121744786317
--------
nle(id0,id1,dist): 67 79 1.1571599054431256
list:
dist: 1.1571599054431256 vs. 1.1571599054431256
--------
nle(id0,id1,dist): 67 68 2.736094701785226
list:
dist: 2.736094701785226 vs. 2.736094701785226
--------
nle(id0,id1,dist): 67 69 1.4939876099241265
list:
dist: 1.4939876099241265 vs. 1.4939876099241265
--------
nle(id0,id1,dist): 67 72 1.5043587444907338
list:
dist: 1.5043587444907338 vs. 1.5043587444907338
--------
nle(id0,id1,dist): 67 73 2.8819805666748888
list:
dist: 2.8819805666748888 vs. 2.8819805666748888
--------
nle(id0,id1,dist): 67 70 3.5989743288239704
list:
dist: 3.5989743288239704 vs. 3.5989743288239704
--------
nle(id0,id1,dist): 67 71 2.240420095351699
list:
dist: 2.240420095351699 vs. 2.240420095351699
--------
nle(id0,id1,dist): 67 85 1.3454320450282717
list:
dist: 1.3454320450282717 vs. 1.3454320450282717
--------
nle(id0,id1,dist): 67 84 1.1939252270770817
list:
dist: 1.1939252270770817 vs. 1.1939252270770817
--------
nle(id0,id1,dist): 67 83 2.9254990421860874
list:
dist: 2.9254990421860874 vs. 2.9254990421860874
--------
nle(id0,id1,dist): 67 82 1.2554547033467083
list:
dist: 1.2554547033467083 vs. 1.2554547033467083
--------
nle(id0,id1,dist): 67 88 2.8421094563463742
list:
dist: 2.8421094563463742 vs. 2.8421094563463742
--------
nle(id0,id1,dist): 67 87 3.571357488599635
list:
dist: 3.571357488599635 vs. 3.571357488599635
--------
nle(id0,id1,dist): 67 86 0.6266048596890551
list:
dist: 0.6266048596890551 vs. 0.6266048596890551
--------
nle(id0,id1,dist): 66 81 2.1311351766011586
list:
dist: 2.1311351766011586 vs. 2.1311351766011586
--------
nle(id0,id1,dist): 66 71 1.7106881588241316
list:
dist: 1.7106881588241316 vs. 1.7106881588241316
--------
nle(id0,id1,dist): 66 72 2.2833338396567147
list:
dist: 2.2833338396567147 vs. 2.2833338396567147
--------
nle(id0,id1,dist): 48 49 1.405022296549994
list:
dist: 1.405022296549994 vs. 1.405022296549994
--------
nle(id0,id1,dist): 48 55 2.762407415829931
list:
dist: 2.762407415829931 vs. 2.762407415829931
--------
nle(id0,id1,dist): 48 59 2.7806662011300953
list:
dist: 2.7806662011300953 vs. 2.7806662011300953
--------
nle(id0,id1,dist): 48 57 2.5243172763130266
list:
dist: 2.5243172763130266 vs. 2.5243172763130266
--------
nle(id0,id1,dist): 48 58 2.008954516302398
list:
dist: 2.008954516302398 vs. 2.008954516302398
--------
nle(id0,id1,dist): 49 50 1.9740903471163629
list:
dist: 1.9740903471163629 vs. 1.9740903471163629
--------
nle(id0,id1,dist): 49 52 2.9718555193073874
list:
dist: 2.9718555193073874 vs. 2.9718555193073874
--------
nle(id0,id1,dist): 49 54 1.7344653711595384
list:
dist: 1.7344653711595384 vs. 1.7344653711595384
--------
nle(id0,id1,dist): 49 55 2.5161266959423716
list:
dist: 2.5161266959423716 vs. 2.5161266959423716
--------
nle(id0,id1,dist): 49 56 2.5924855460009866
list:
dist: 2.5924855460009866 vs. 2.5924855460009866
--------
nle(id0,id1,dist): 50 54 0.7914820160521445
list:
dist: 0.7914820160521445 vs. 0.7914820160521445
--------
nle(id0,id1,dist): 50 51 2.0157486949367063
list:
dist: 2.0157486949367063 vs. 2.0157486949367063
--------
nle(id0,id1,dist): 50 52 1.567848456383116
list:
dist: 1.567848456383116 vs. 1.567848456383116
--------
nle(id0,id1,dist): 50 59 3.0462312569273697
list:
dist: 3.0462312569273697 vs. 3.0462312569273697
--------
nle(id0,id1,dist): 50 56 1.9965713879182188
list:
dist: 1.9965713879182188 vs. 1.9965713879182188
--------
nle(id0,id1,dist): 50 55 2.0022262406208395
list:
dist: 2.0022262406208395 vs. 2.0022262406208395
--------
nle(id0,id1,dist): 50 58 2.8346621979640583
list:
dist: 2.8346621979640583 vs. 2.8346621979640583
--------
nle(id0,id1,dist): 50 57 2.4696222522577775
list:
dist: 2.4696222522577775 vs. 2.4696222522577775
--------
nle(id0,id1,dist): 44 55 2.7151102075444427
list:
dist: 2.7151102075444427 vs. 2.7151102075444427
--------
nle(id0,id1,dist): 44 56 2.4810845445679535
list:
dist: 2.4810845445679535 vs. 2.4810845445679535
--------
nle(id0,id1,dist): 44 54 1.6123140322295257
list:
dist: 1.6123140322295257 vs. 1.6123140322295257
--------
nle(id0,id1,dist): 45 64 3.621335483432494
list:
dist: 3.621335483432494 vs. 3.621335483432494
--------
nle(id0,id1,dist): 45 66 2.482828137446168
list:
dist: 2.482828137446168 vs. 2.482828137446168
--------
nle(id0,id1,dist): 46 55 2.9689727333923512
list:
dist: 2.9689727333923512 vs. 2.9689727333923512
--------
nle(id0,id1,dist): 46 56 2.836097097496602
list:
dist: 2.836097097496602 vs. 2.836097097496602
--------
nle(id0,id1,dist): 46 54 1.8447104265370917
list:
dist: 1.8447104265370917 vs. 1.8447104265370917
--------
nle(id0,id1,dist): 46 52 2.528108965966235
list:
dist: 2.528108965966235 vs. 2.528108965966235
--------
nle(id0,id1,dist): 46 49 1.2568041621155934
list:
dist: 1.2568041621155934 vs. 1.2568041621155934
--------
nle(id0,id1,dist): 46 50 1.9354740097307372
list:
dist: 1.9354740097307372 vs. 1.9354740097307372
--------
nle(id0,id1,dist): 46 47 1.4977072743768938
list:
dist: 1.4977072743768938 vs. 1.4977072743768938
--------
nle(id0,id1,dist): 46 48 2.50742297403543
list:
dist: 2.50742297403543 vs. 2.50742297403543
--------
nle(id0,id1,dist): 47 59 2.2403306848835483
list:
dist: 2.2403306848835483 vs. 2.2403306848835483
--------
nle(id0,id1,dist): 47 58 2.439734446847933
list:
dist: 2.439734446847933 vs. 2.439734446847933
--------
nle(id0,id1,dist): 47 55 1.9117438613074837
list:
dist: 1.9117438613074837 vs. 1.9117438613074837
--------
nle(id0,id1,dist): 47 54 1.1496793368596434
list:
dist: 1.1496793368596434 vs. 1.1496793368596434
--------
nle(id0,id1,dist): 47 57 2.3876747858285374
list:
dist: 2.3876747858285374 vs. 2.3876747858285374
--------
nle(id0,id1,dist): 47 56 1.5886918906495964
list:
dist: 1.5886918906495964 vs. 1.5886918906495964
--------
nle(id0,id1,dist): 47 50 1.6809671067037193
list:
dist: 1.6809671067037193 vs. 1.6809671067037193
--------
nle(id0,id1,dist): 47 51 2.284009951908293
list:
dist: 2.284009951908293 vs. 2.284009951908293
--------
nle(id0,id1,dist): 47 52 1.3903504366900352
list:
dist: 1.3903504366900352 vs. 1.3903504366900352
--------
nle(id0,id1,dist): 47 49 1.9306024481614308
list:
dist: 1.9306024481614308 vs. 1.9306024481614308
--------
nle(id0,id1,dist): 53 107 3.6057451874928987
list:
dist: 3.6057451874928987 vs. 3.6057451874928987
--------
nle(id0,id1,dist): 53 109 3.7176060305248466
list:
dist: 3.7176060305248466 vs. 3.7176060305248466
--------
nle(id0,id1,dist): 53 108 3.3380367589159285
list:
dist: 3.3380367589159285 vs. 3.3380367589159285
--------
nle(id0,id1,dist): 53 111 3.7702779359468486
list:
dist: 3.7702779359468486 vs. 3.7702779359468486
--------
nle(id0,id1,dist): 53 110 3.8385466863027156
list:
dist: 3.8385466863027156 vs. 3.8385466863027156
--------
nle(id0,id1,dist): 53 114 3.983474812351925
list:
dist: 3.983474812351925 vs. 3.983474812351925
--------
nle(id0,id1,dist): 53 117 3.7595774862538054
list:
dist: 3.7595774862538054 vs. 3.7595774862538054
--------
nle(id0,id1,dist): 53 118 3.1439103963479
list:
dist: 3.1439103963479 vs. 3.1439103963479
--------
nle(id0,id1,dist): 55 56 0.5073510734352397
list:
dist: 0.5073510734352397 vs. 0.5073510734352397
--------
nle(id0,id1,dist): 55 57 0.6546743159359394
list:
dist: 0.6546743159359394 vs. 0.6546743159359394
--------
nle(id0,id1,dist): 55 58 1.2264489334979032
list:
dist: 1.2264489334979032 vs. 1.2264489334979032
--------
nle(id0,id1,dist): 55 59 1.2553269599035544
list:
dist: 1.2553269599035544 vs. 1.2553269599035544
--------
nle(id0,id1,dist): 56 58 1.4958763296562374
list:
dist: 1.4958763296562374 vs. 1.4958763296562374
--------
nle(id0,id1,dist): 56 57 1.0868872743946472
list:
dist: 1.0868872743946472 vs. 1.0868872743946472
--------
nle(id0,id1,dist): 56 59 1.1865995382728531
list:
dist: 1.1865995382728531 vs. 1.1865995382728531
--------
nle(id0,id1,dist): 57 59 1.1759063419887774
list:
dist: 1.1759063419887774 vs. 1.1759063419887774
--------
nle(id0,id1,dist): 57 58 0.752921181407273
list:
dist: 0.752921181407273 vs. 0.752921181407273
--------
nle(id0,id1,dist): 51 52 0.8997406638432095
list:
dist: 0.8997406638432095 vs. 0.8997406638432095
--------
nle(id0,id1,dist): 51 54 2.112149592269144
list:
dist: 2.112149592269144 vs. 2.112149592269144
--------
nle(id0,id1,dist): 51 56 2.3376270737946316
list:
dist: 2.3376270737946316 vs. 2.3376270737946316
--------
nle(id0,id1,dist): 52 55 2.0483681577130706
list:
dist: 2.0483681577130706 vs. 2.0483681577130706
--------
nle(id0,id1,dist): 52 56 1.6960932964414632
list:
dist: 1.6960932964414632 vs. 1.6960932964414632
--------
nle(id0,id1,dist): 52 54 1.4159124231240923
list:
dist: 1.4159124231240923 vs. 1.4159124231240923
--------
nle(id0,id1,dist): 52 59 2.752137978413214
list:
dist: 2.752137978413214 vs. 2.752137978413214
--------
nle(id0,id1,dist): 52 57 2.6966660232192874
list:
dist: 2.6966660232192874 vs. 2.6966660232192874
--------
nle(id0,id1,dist): 52 58 3.0931932201886583
list:
dist: 3.0931932201886583 vs. 3.0931932201886583
--------
nle(id0,id1,dist): 53 67 3.193251615368103
list:
dist: 3.193251615368103 vs. 3.193251615368103
--------
nle(id0,id1,dist): 53 87 3.198861108215269
list:
dist: 3.198861108215269 vs. 3.198861108215269
--------
nle(id0,id1,dist): 53 83 2.8197395980411097
list:
dist: 2.8197395980411097 vs. 2.8197395980411097
--------
nle(id0,id1,dist): 53 80 3.299088448608436
list:
dist: 3.299088448608436 vs. 3.299088448608436
--------
nle(id0,id1,dist): 53 78 1.853303418048849
list:
dist: 1.853303418048849 vs. 1.853303418048849
--------
nle(id0,id1,dist): 53 77 2.4635448919354617
list:
dist: 2.4635448919354617 vs. 2.4635448919354617
--------
nle(id0,id1,dist): 53 75 2.0795464015057608
list:
dist: 2.0795464015057608 vs. 2.0795464015057608
--------
nle(id0,id1,dist): 53 73 3.9454038977765458
list:
dist: 3.9454038977765458 vs. 3.9454038977765458
--------
nle(id0,id1,dist): 54 59 2.274458674736849
list:
dist: 2.274458674736849 vs. 2.274458674736849
--------
nle(id0,id1,dist): 53 96 3.812525335458702
list:
dist: 3.812525335458702 vs. 3.812525335458702
--------
nle(id0,id1,dist): 54 58 2.1320453870590783
list:
dist: 2.1320453870590783 vs. 2.1320453870590783
--------
nle(id0,id1,dist): 53 95 3.595476496977261
list:
dist: 3.595476496977261 vs. 3.595476496977261
--------
nle(id0,id1,dist): 54 57 1.8313708344406017
list:
dist: 1.8313708344406017 vs. 1.8313708344406017
--------
nle(id0,id1,dist): 54 56 1.2953646433310018
list:
dist: 1.2953646433310018 vs. 1.2953646433310018
--------
nle(id0,id1,dist): 54 55 1.3472938308450357
list:
dist: 1.3472938308450357 vs. 1.3472938308450357
--------
nle(id0,id1,dist): 53 89 2.0757607550400436
list:
dist: 2.0757607550400436 vs. 2.0757607550400436
--------
nle(id0,id1,dist): 53 88 3.4046184620586986
list:
dist: 3.4046184620586986 vs. 3.4046184620586986
--------
nle(id0,id1,dist): 93 112 1.8865492824814956
list:
dist: 1.8865492824814956 vs. 1.8865492824814956
--------
nle(id0,id1,dist): 93 113 3.442685426114514
list:
dist: 3.442685426114514 vs. 3.442685426114514
--------
nle(id0,id1,dist): 93 114 2.5334541562030437
list:
dist: 2.5334541562030437 vs. 2.5334541562030437
--------
nle(id0,id1,dist): 93 115 2.171844963653092
list:
dist: 2.171844963653092 vs. 2.171844963653092
--------
nle(id0,id1,dist): 93 116 1.6789791593113108
list:
dist: 1.6789791593113108 vs. 1.6789791593113108
--------
nle(id0,id1,dist): 93 117 1.5545967667453702
list:
dist: 1.5545967667453702 vs. 1.5545967667453702
--------
nle(id0,id1,dist): 93 118 0.49348938616870675
list:
dist: 0.49348938616870675 vs. 0.49348938616870675
--------
nle(id0,id1,dist): 93 96 2.0445036152880163
list:
dist: 2.0445036152880163 vs. 2.0445036152880163
--------
nle(id0,id1,dist): 93 99 1.470055725257264
list:
dist: 1.470055725257264 vs. 1.470055725257264
--------
nle(id0,id1,dist): 93 98 3.1294220407825075
list:
dist: 3.1294220407825075 vs. 3.1294220407825075
--------
nle(id0,id1,dist): 93 103 2.9372162830079107
list:
dist: 2.9372162830079107 vs. 2.9372162830079107
--------
nle(id0,id1,dist): 93 105 2.6094157004339844
list:
dist: 2.6094157004339844 vs. 2.6094157004339844
--------
nle(id0,id1,dist): 93 104 3.8013242525945343
list:
dist: 3.8013242525945343 vs. 3.8013242525945343
--------
nle(id0,id1,dist): 93 107 1.446027430341248
list:
dist: 1.446027430341248 vs. 1.446027430341248
--------
nle(id0,id1,dist): 93 106 2.130674209664013
list:
dist: 2.130674209664013 vs. 2.130674209664013
--------
nle(id0,id1,dist): 93 109 2.579622729513084
list:
dist: 2.579622729513084 vs. 2.579622729513084
--------
nle(id0,id1,dist): 93 108 1.1557121661129395
list:
dist: 1.1557121661129395 vs. 1.1557121661129395
--------
nle(id0,id1,dist): 93 111 2.1071925810124905
list:
dist: 2.1071925810124905 vs. 2.1071925810124905
--------
nle(id0,id1,dist): 93 110 1.748701003471766
list:
dist: 1.748701003471766 vs. 1.748701003471766
--------
nle(id0,id1,dist): 94 109 1.6034859216876975
list:
dist: 1.6034859216876975 vs. 1.6034859216876975
--------
nle(id0,id1,dist): 94 110 2.924169024684972
list:
dist: 2.924169024684972 vs. 2.924169024684972
--------
nle(id0,id1,dist): 94 107 2.713006955839516
list:
dist: 2.713006955839516 vs. 2.713006955839516
--------
nle(id0,id1,dist): 94 98 1.6920032108940057
list:
dist: 1.6920032108940057 vs. 1.6920032108940057
--------
nle(id0,id1,dist): 94 97 2.127173138199493
list:
dist: 2.127173138199493 vs. 2.127173138199493
--------
nle(id0,id1,dist): 94 96 2.1488103440755326
list:
dist: 2.1488103440755326 vs. 2.1488103440755326
--------
nle(id0,id1,dist): 94 95 3.194789014052009
list:
dist: 3.194789014052009 vs. 3.194789014052009
--------
nle(id0,id1,dist): 94 102 1.676844690653171
list:
dist: 1.676844690653171 vs. 1.676844690653171
--------
nle(id0,id1,dist): 94 101 2.053083759384568
list:
dist: 2.053083759384568 vs. 2.053083759384568
--------
nle(id0,id1,dist): 94 100 2.392746795440685
list:
dist: 2.392746795440685 vs. 2.392746795440685
--------
nle(id0,id1,dist): 94 99 3.784510527508495
list:
dist: 3.784510527508495 vs. 3.784510527508495
--------
nle(id0,id1,dist): 94 106 3.426021467024074
list:
dist: 3.426021467024074 vs. 3.426021467024074
--------
nle(id0,id1,dist): 94 105 2.270881938054865
list:
dist: 2.270881938054865 vs. 2.270881938054865
--------
nle(id0,id1,dist): 94 104 2.1386752394111554
list:
dist: 2.1386752394111554 vs. 2.1386752394111554
--------
nle(id0,id1,dist): 94 103 1.2823671595036175
list:
dist: 1.2823671595036175 vs. 1.2823671595036175
--------
nle(id0,id1,dist): 92 97 2.2121564846519477
list:
dist: 2.2121564846519477 vs. 2.2121564846519477
--------
nle(id0,id1,dist): 92 98 1.9015896550451288
list:
dist: 1.9015896550451288 vs. 1.9015896550451288
--------
nle(id0,id1,dist): 92 99 1.900819624624807
list:
dist: 1.900819624624807 vs. 1.900819624624807
--------
nle(id0,id1,dist): 92 100 2.2890599296921033
list:
dist: 2.2890599296921033 vs. 2.2890599296921033
--------
nle(id0,id1,dist): 92 93 2.3427627514568856
list:
dist: 2.3427627514568856 vs. 2.3427627514568856
--------
nle(id0,id1,dist): 92 94 2.1986042555201815
list:
dist: 2.1986042555201815 vs. 2.1986042555201815
--------
nle(id0,id1,dist): 92 95 1.0219179167889296
list:
dist: 1.0219179167889296 vs. 1.0219179167889296
--------
nle(id0,id1,dist): 92 96 0.537349240944434
list:
dist: 0.537349240944434 vs. 0.537349240944434
--------
nle(id0,id1,dist): 91 111 3.7985611652433415
list:
dist: 3.7985611652433415 vs. 3.7985611652433415
--------
nle(id0,id1,dist): 91 110 2.576509984367239
list:
dist: 2.576509984367239 vs. 2.576509984367239
--------
nle(id0,id1,dist): 91 113 2.96410590148613
list:
dist: 2.96410590148613 vs. 2.96410590148613
--------
nle(id0,id1,dist): 91 112 4.4167434303222555
list:
dist: 4.4167434303222555 vs. 4.4167434303222555
--------
nle(id0,id1,dist): 91 107 2.7040524746913213
list:
dist: 2.7040524746913213 vs. 2.7040524746913213
--------
nle(id0,id1,dist): 91 106 2.6004391938136022
list:
dist: 2.6004391938136022 vs. 2.6004391938136022
--------
nle(id0,id1,dist): 91 109 2.180744430354879
list:
dist: 2.180744430354879 vs. 2.180744430354879
--------
nle(id0,id1,dist): 91 115 3.2484132377058663
list:
dist: 3.2484132377058663 vs. 3.2484132377058663
--------
nle(id0,id1,dist): 91 114 3.2765298145155466
list:
dist: 3.2765298145155466 vs. 3.2765298145155466
--------
nle(id0,id1,dist): 91 117 3.9973529052947687
list:
dist: 3.9973529052947687 vs. 3.9973529052947687
--------
nle(id0,id1,dist): 92 117 2.244174266520886
list:
dist: 2.244174266520886 vs. 2.244174266520886
--------
nle(id0,id1,dist): 93 94 4.08349836437497
list:
dist: 4.08349836437497 vs. 4.08349836437497
--------
nle(id0,id1,dist): 93 95 1.6483657882648441
list:
dist: 1.6483657882648441 vs. 1.6483657882648441
--------
nle(id0,id1,dist): 92 107 0.9529810760999313
list:
dist: 0.9529810760999313 vs. 0.9529810760999313
--------
nle(id0,id1,dist): 92 106 1.7522839825895333
list:
dist: 1.7522839825895333 vs. 1.7522839825895333
--------
nle(id0,id1,dist): 92 105 0.8575903917267702
list:
dist: 0.8575903917267702 vs. 0.8575903917267702
--------
nle(id0,id1,dist): 92 104 1.511043727219273
list:
dist: 1.511043727219273 vs. 1.511043727219273
--------
nle(id0,id1,dist): 92 103 0.927771268718426
list:
dist: 0.927771268718426 vs. 0.927771268718426
--------
nle(id0,id1,dist): 92 102 2.982586226999586
list:
dist: 2.982586226999586 vs. 2.982586226999586
--------
nle(id0,id1,dist): 92 101 2.9634747955137204
list:
dist: 2.9634747955137204 vs. 2.9634747955137204
--------
nle(id0,id1,dist): 92 115 1.9562032141513175
list:
dist: 1.9562032141513175 vs. 1.9562032141513175
--------
nle(id0,id1,dist): 92 114 1.7472809413272652
list:
dist: 1.7472809413272652 vs. 1.7472809413272652
--------
nle(id0,id1,dist): 92 113 2.1105398775074664
list:
dist: 2.1105398775074664 vs. 2.1105398775074664
--------
nle(id0,id1,dist): 92 112 3.0549457108457045
list:
dist: 3.0549457108457045 vs. 3.0549457108457045
--------
nle(id0,id1,dist): 92 111 2.0893544354279143
list:
dist: 2.0893544354279143 vs. 2.0893544354279143
--------
nle(id0,id1,dist): 92 110 0.80775259245591
list:
dist: 0.80775259245591 vs. 0.80775259245591
--------
nle(id0,id1,dist): 92 109 1.0351791985194922
list:
dist: 1.0351791985194922 vs. 1.0351791985194922
--------
nle(id0,id1,dist): 97 101 1.0150773733485603
list:
dist: 1.0150773733485603 vs. 1.0150773733485603
--------
nle(id0,id1,dist): 97 100 0.421283287007256
list:
dist: 0.421283287007256 vs. 0.421283287007256
--------
nle(id0,id1,dist): 97 103 1.9533114108313745
list:
dist: 1.9533114108313745 vs. 1.9533114108313745
--------
nle(id0,id1,dist): 97 102 1.6853078331395654
list:
dist: 1.6853078331395654 vs. 1.6853078331395654
--------
nle(id0,id1,dist): 97 105 1.8388984432079467
list:
dist: 1.8388984432079467 vs. 1.8388984432079467
--------
nle(id0,id1,dist): 97 104 0.9550748423083505
list:
dist: 0.9550748423083505 vs. 0.9550748423083505
--------
nle(id0,id1,dist): 97 106 2.8724433735225627
list:
dist: 2.8724433735225627 vs. 2.8724433735225627
--------
nle(id0,id1,dist): 97 98 2.36779035395325
list:
dist: 2.36779035395325 vs. 2.36779035395325
--------
nle(id0,id1,dist): 96 113 2.557725913727596
list:
dist: 2.557725913727596 vs. 2.557725913727596
--------
nle(id0,id1,dist): 96 114 2.0958025159972027
list:
dist: 2.0958025159972027 vs. 2.0958025159972027
--------
nle(id0,id1,dist): 96 115 2.1172044223942232
list:
dist: 2.1172044223942232 vs. 2.1172044223942232
--------
nle(id0,id1,dist): 96 116 3.1856134496044715
list:
dist: 3.1856134496044715 vs. 3.1856134496044715
--------
nle(id0,id1,dist): 96 117 2.3012506466022287
list:
dist: 2.3012506466022287 vs. 2.3012506466022287
--------
nle(id0,id1,dist): 96 118 2.0580614402167328
list:
dist: 2.0580614402167328 vs. 2.0580614402167328
--------
nle(id0,id1,dist): 98 102 1.900051856674243
list:
dist: 1.900051856674243 vs. 1.900051856674243
--------
nle(id0,id1,dist): 98 101 2.4928216903381677
list:
dist: 2.4928216903381677 vs. 2.4928216903381677
--------
nle(id0,id1,dist): 98 100 2.7203230535835523
list:
dist: 2.7203230535835523 vs. 2.7203230535835523
--------
nle(id0,id1,dist): 98 99 2.6087483724711427
list:
dist: 2.6087483724711427 vs. 2.6087483724711427
--------
nle(id0,id1,dist): 97 113 2.4621033315665106
list:
dist: 2.4621033315665106 vs. 2.4621033315665106
--------
nle(id0,id1,dist): 95 115 1.2035692068793822
list:
dist: 1.2035692068793822 vs. 1.2035692068793822
--------
nle(id0,id1,dist): 95 114 1.1295655726741503
list:
dist: 1.1295655726741503 vs. 1.1295655726741503
--------
nle(id0,id1,dist): 95 117 1.2239741833428135
list:
dist: 1.2239741833428135 vs. 1.2239741833428135
--------
nle(id0,id1,dist): 95 116 2.2302801658645164
list:
dist: 2.2302801658645164 vs. 2.2302801658645164
--------
nle(id0,id1,dist): 95 111 1.175622370839721
list:
dist: 1.175622370839721 vs. 1.175622370839721
--------
nle(id0,id1,dist): 95 110 0.35727821470394067
list:
dist: 0.35727821470394067 vs. 0.35727821470394067
--------
nle(id0,id1,dist): 95 113 1.9202148775267232
list:
dist: 1.9202148775267232 vs. 1.9202148775267232
--------
nle(id0,id1,dist): 95 112 2.1317666616388182
list:
dist: 2.1317666616388182 vs. 2.1317666616388182
--------
nle(id0,id1,dist): 95 107 0.873858634959918
list:
dist: 0.873858634959918 vs. 0.873858634959918
--------
nle(id0,id1,dist): 95 106 1.3994021622169641
list:
dist: 1.3994021622169641 vs. 1.3994021622169641
--------
nle(id0,id1,dist): 95 109 1.836738821001593
list:
dist: 1.836738821001593 vs. 1.836738821001593
--------
nle(id0,id1,dist): 95 108 2.1907923794442965
list:
dist: 2.1907923794442965 vs. 2.1907923794442965
--------
nle(id0,id1,dist): 95 103 1.9124741954324667
list:
dist: 1.9124741954324667 vs. 1.9124741954324667
--------
nle(id0,id1,dist): 95 105 1.3705572624075686
list:
dist: 1.3705572624075686 vs. 1.3705572624075686
--------
nle(id0,id1,dist): 95 104 2.265187511650896
list:
dist: 2.265187511650896 vs. 2.265187511650896
--------
nle(id0,id1,dist): 95 98 2.560621494290752
list:
dist: 2.560621494290752 vs. 2.560621494290752
--------
nle(id0,id1,dist): 95 99 1.192863356471169
list:
dist: 1.192863356471169 vs. 1.192863356471169
--------
nle(id0,id1,dist): 95 96 1.1299896424382767
list:
dist: 1.1299896424382767 vs. 1.1299896424382767
--------
nle(id0,id1,dist): 96 112 3.005584035332204
list:
dist: 3.005584035332204 vs. 3.005584035332204
--------
nle(id0,id1,dist): 96 111 2.300122126791534
list:
dist: 2.300122126791534 vs. 2.300122126791534
--------
nle(id0,id1,dist): 96 110 0.8789056148226776
list:
dist: 0.8789056148226776 vs. 0.8789056148226776
--------
nle(id0,id1,dist): 96 109 0.7928244048380841
list:
dist: 0.7928244048380841 vs. 0.7928244048380841
--------
nle(id0,id1,dist): 96 108 2.9333628777131278
list:
dist: 2.9333628777131278 vs. 2.9333628777131278
--------
nle(id0,id1,dist): 96 107 0.601065890721905
list:
dist: 0.601065890721905 vs. 0.601065890721905
--------
nle(id0,id1,dist): 96 106 1.7331283854358364
list:
dist: 1.7331283854358364 vs. 1.7331283854358364
--------
nle(id0,id1,dist): 96 105 1.0080953176850376
list:
dist: 1.0080953176850376 vs. 1.0080953176850376
--------
nle(id0,id1,dist): 96 104 1.9570737367990818
list:
dist: 1.9570737367990818 vs. 1.9570737367990818
--------
nle(id0,id1,dist): 96 103 0.9086202207708459
list:
dist: 0.9086202207708459 vs. 0.9086202207708459
--------
nle(id0,id1,dist): 96 99 1.8002455151593173
list:
dist: 1.8002455151593173 vs. 1.8002455151593173
--------
nle(id0,id1,dist): 96 98 1.63208807885843
list:
dist: 1.63208807885843 vs. 1.63208807885843
--------
nle(id0,id1,dist): 95 118 1.5565055076875653
list:
dist: 1.5565055076875653 vs. 1.5565055076875653
--------
nle(id0,id1,dist): 87 88 1.0489357859304291
list:
dist: 1.0489357859304291 vs. 1.0489357859304291
--------
nle(id0,id1,dist): 87 89 2.665753021801516
list:
dist: 2.665753021801516 vs. 2.665753021801516
--------
nle(id0,id1,dist): 85 86 1.3630531220332371
list:
dist: 1.3630531220332371 vs. 1.3630531220332371
--------
nle(id0,id1,dist): 86 87 3.828586440259683
list:
dist: 3.828586440259683 vs. 3.828586440259683
--------
nle(id0,id1,dist): 86 88 2.9752102073023283
list:
dist: 2.9752102073023283 vs. 2.9752102073023283
--------
nle(id0,id1,dist): 90 119 2.8073539371531573
list:
dist: 2.8073539371531573 vs. 2.8073539371531573
--------
nle(id0,id1,dist): 91 99 3.2000630425229595
list:
dist: 3.2000630425229595 vs. 3.2000630425229595
--------
nle(id0,id1,dist): 91 98 1.4360353325857076
list:
dist: 1.4360353325857076 vs. 1.4360353325857076
--------
nle(id0,id1,dist): 91 101 1.113216077521036
list:
dist: 1.113216077521036 vs. 1.113216077521036
--------
nle(id0,id1,dist): 91 100 1.439602353403695
list:
dist: 1.439602353403695 vs. 1.439602353403695
--------
nle(id0,id1,dist): 91 103 1.5302186359690102
list:
dist: 1.5302186359690102 vs. 1.5302186359690102
--------
nle(id0,id1,dist): 91 102 1.0062448937639372
list:
dist: 1.0062448937639372 vs. 1.0062448937639372
--------
nle(id0,id1,dist): 91 105 1.568349691987265
list:
dist: 1.568349691987265 vs. 1.568349691987265
--------
nle(id0,id1,dist): 91 104 1.5233920764649083
list:
dist: 1.5233920764649083 vs. 1.5233920764649083
--------
nle(id0,id1,dist): 91 93 4.042334691306927
list:
dist: 4.042334691306927 vs. 4.042334691306927
--------
nle(id0,id1,dist): 91 92 2.06108813610978
list:
dist: 2.06108813610978 vs. 2.06108813610978
--------
nle(id0,id1,dist): 91 95 2.898285798545662
list:
dist: 2.898285798545662 vs. 2.898285798545662
--------
nle(id0,id1,dist): 91 94 1.5544487863359653
list:
dist: 1.5544487863359653 vs. 1.5544487863359653
--------
nle(id0,id1,dist): 91 97 1.032054780569179
list:
dist: 1.032054780569179 vs. 1.032054780569179
--------
nle(id0,id1,dist): 91 96 2.1695898480647644
list:
dist: 2.1695898480647644 vs. 2.1695898480647644
--------
nle(id0,id1,dist): 88 89 2.749617445329733
list:
dist: 2.749617445329733 vs. 2.749617445329733
--------
nle(id0,id1,dist): 81 82 3.4979549434171626
list:
dist: 3.4979549434171626 vs. 3.4979549434171626
--------
nle(id0,id1,dist): 81 86 2.425173201557674
list:
dist: 2.425173201557674 vs. 2.425173201557674
--------
nle(id0,id1,dist): 81 84 2.7358989974466814
list:
dist: 2.7358989974466814 vs. 2.7358989974466814
--------
nle(id0,id1,dist): 81 85 2.7847882360997045
list:
dist: 2.7847882360997045 vs. 2.7847882360997045
--------
nle(id0,id1,dist): 80 85 1.3351183673415177
list:
dist: 1.3351183673415177 vs. 1.3351183673415177
--------
nle(id0,id1,dist): 80 86 1.7490283300101934
list:
dist: 1.7490283300101934 vs. 1.7490283300101934
--------
nle(id0,id1,dist): 80 81 2.100419509344432
list:
dist: 2.100419509344432 vs. 2.100419509344432
--------
nle(id0,id1,dist): 80 82 2.4337471143631406
list:
dist: 2.4337471143631406 vs. 2.4337471143631406
--------
nle(id0,id1,dist): 80 83 3.60750282920012
list:
dist: 3.60750282920012 vs. 3.60750282920012
--------
nle(id0,id1,dist): 80 84 2.458580416541354
list:
dist: 2.458580416541354 vs. 2.458580416541354
--------
nle(id0,id1,dist): 79 88 2.5249731572798924
list:
dist: 2.5249731572798924 vs. 2.5249731572798924
--------
nle(id0,id1,dist): 79 86 0.9785177268898706
list:
dist: 0.9785177268898706 vs. 0.9785177268898706
--------
nle(id0,id1,dist): 79 87 3.3854739811276042
list:
dist: 3.3854739811276042 vs. 3.3854739811276042
--------
nle(id0,id1,dist): 79 81 2.597732178198871
list:
dist: 2.597732178198871 vs. 2.597732178198871
--------
nle(id0,id1,dist): 79 80 2.381333349712338
list:
dist: 2.381333349712338 vs. 2.381333349712338
--------
nle(id0,id1,dist): 79 85 2.320810041481307
list:
dist: 2.320810041481307 vs. 2.320810041481307
--------
nle(id0,id1,dist): 79 84 0.14602183502145322
list:
dist: 0.14602183502145322 vs. 0.14602183502145322
--------
nle(id0,id1,dist): 79 83 3.566644527316489
list:
dist: 3.566644527316489 vs. 3.566644527316489
--------
nle(id0,id1,dist): 79 82 1.5865963954067868
list:
dist: 1.5865963954067868 vs. 1.5865963954067868
--------
nle(id0,id1,dist): 78 79 3.482925493738711
list:
dist: 3.482925493738711 vs. 3.482925493738711
--------
nle(id0,id1,dist): 78 82 3.0997019564342225
list:
dist: 3.0997019564342225 vs. 3.0997019564342225
--------
nle(id0,id1,dist): 78 84 3.3670611856713455
list:
dist: 3.3670611856713455 vs. 3.3670611856713455
--------
nle(id0,id1,dist): 78 83 2.5268157109145584
list:
dist: 2.5268157109145584 vs. 2.5268157109145584
--------
nle(id0,id1,dist): 78 86 3.612274632737783
list:
dist: 3.612274632737783 vs. 3.612274632737783
--------
nle(id0,id1,dist): 78 88 1.8331810551874177
list:
dist: 1.8331810551874177 vs. 1.8331810551874177
--------
nle(id0,id1,dist): 78 87 1.4078092153508086
list:
dist: 1.4078092153508086 vs. 1.4078092153508086
--------
nle(id0,id1,dist): 78 89 1.5943962318711715
list:
dist: 1.5943962318711715 vs. 1.5943962318711715
--------
nle(id0,id1,dist): 84 87 3.2443011313975196
list:
dist: 3.2443011313975196 vs. 3.2443011313975196
--------
nle(id0,id1,dist): 84 88 2.380403441317896
list:
dist: 2.380403441317896 vs. 2.380403441317896
--------
nle(id0,id1,dist): 84 85 2.3806327636577818
list:
dist: 2.3806327636577818 vs. 2.3806327636577818
--------
nle(id0,id1,dist): 84 86 1.0496840434479955
list:
dist: 1.0496840434479955 vs. 1.0496840434479955
--------
nle(id0,id1,dist): 83 86 3.096042668233917
list:
dist: 3.096042668233917 vs. 3.096042668233917
--------
nle(id0,id1,dist): 83 87 3.3044031366070996
list:
dist: 3.3044031366070996 vs. 3.3044031366070996
--------
nle(id0,id1,dist): 83 88 2.9087875996111814
list:
dist: 2.9087875996111814 vs. 2.9087875996111814
--------
nle(id0,id1,dist): 83 89 1.4042311702848855
list:
dist: 1.4042311702848855 vs. 1.4042311702848855
--------
nle(id0,id1,dist): 83 84 3.4992445595205335
list:
dist: 3.4992445595205335 vs. 3.4992445595205335
--------
nle(id0,id1,dist): 83 85 2.791948458046628
list:
dist: 2.791948458046628 vs. 2.791948458046628
--------
nle(id0,id1,dist): 82 87 3.3340824874158237
list:
dist: 3.3340824874158237 vs. 3.3340824874158237
--------
nle(id0,id1,dist): 82 88 2.4496442299802257
list:
dist: 2.4496442299802257 vs. 2.4496442299802257
--------
nle(id0,id1,dist): 82 84 1.5568664534923145
list:
dist: 1.5568664534923145 vs. 1.5568664534923145
--------
nle(id0,id1,dist): 82 83 2.1641388390140888
list:
dist: 2.1641388390140888 vs. 2.1641388390140888
--------
nle(id0,id1,dist): 82 86 1.0829106268080608
list:
dist: 1.0829106268080608 vs. 1.0829106268080608
--------
nle(id0,id1,dist): 82 85 1.599496132002352
list:
dist: 1.599496132002352 vs. 1.599496132002352
--------
nle(id0,id1,dist): 74 91 1.5838921264696204
list:
dist: 1.5838921264696204 vs. 1.5838921264696204
--------
nle(id0,id1,dist): 74 92 1.6370230553042018
list:
dist: 1.6370230553042018 vs. 1.6370230553042018
--------
nle(id0,id1,dist): 74 93 3.8762286200981237
list:
dist: 3.8762286200981237 vs. 3.8762286200981237
--------
nle(id0,id1,dist): 74 94 2.338593637515868
list:
dist: 2.338593637515868 vs. 2.338593637515868
--------
nle(id0,id1,dist): 73 75 3.173301631613588
list:
dist: 3.173301631613588 vs. 3.173301631613588
--------
nle(id0,id1,dist): 73 83 3.0158985820320714
list:
dist: 3.0158985820320714 vs. 3.0158985820320714
--------
nle(id0,id1,dist): 73 82 2.892759493605997
list:
dist: 2.892759493605997 vs. 2.892759493605997
--------
nle(id0,id1,dist): 73 81 4.007573460432454
list:
dist: 4.007573460432454 vs. 4.007573460432454
--------
nle(id0,id1,dist): 73 80 2.3818846292909326
list:
dist: 2.3818846292909326 vs. 2.3818846292909326
--------
nle(id0,id1,dist): 73 79 3.9210689351977983
list:
dist: 3.9210689351977983 vs. 3.9210689351977983
--------
nle(id0,id1,dist): 73 77 1.8030054728162292
list:
dist: 1.8030054728162292 vs. 1.8030054728162292
--------
nle(id0,id1,dist): 73 76 3.1417541046114903
list:
dist: 3.1417541046114903 vs. 3.1417541046114903
--------
nle(id0,id1,dist): 73 86 2.9683383163636847
list:
dist: 2.9683383163636847 vs. 2.9683383163636847
--------
nle(id0,id1,dist): 73 84 3.9691674950910145
list:
dist: 3.9691674950910145 vs. 3.9691674950910145
--------
nle(id0,id1,dist): 73 85 1.6163858546524466
list:
dist: 1.6163858546524466 vs. 1.6163858546524466
--------
nle(id0,id1,dist): 72 73 3.523517242391317
list:
dist: 3.523517242391317 vs. 3.523517242391317
--------
nle(id0,id1,dist): 72 76 1.9899222616563086
list:
dist: 1.9899222616563086 vs. 1.9899222616563086
--------
nle(id0,id1,dist): 72 77 2.6606580869674157
list:
dist: 2.6606580869674157 vs. 2.6606580869674157
--------
nle(id0,id1,dist): 72 80 1.6984511143746874
list:
dist: 1.6984511143746874 vs. 1.6984511143746874
--------
nle(id0,id1,dist): 72 79 1.5308727852040966
list:
dist: 1.5308727852040966 vs. 1.5308727852040966
--------
nle(id0,id1,dist): 72 82 2.4088841130015757
list:
dist: 2.4088841130015757 vs. 2.4088841130015757
--------
nle(id0,id1,dist): 72 81 1.1277691221677646
list:
dist: 1.1277691221677646 vs. 1.1277691221677646
--------
nle(id0,id1,dist): 72 84 1.6720709549866726
list:
dist: 1.6720709549866726 vs. 1.6720709549866726
--------
nle(id0,id1,dist): 72 86 1.3279420655386551
list:
dist: 1.3279420655386551 vs. 1.3279420655386551
--------
nle(id0,id1,dist): 72 85 2.0344483450177893
list:
dist: 2.0344483450177893 vs. 2.0344483450177893
--------
nle(id0,id1,dist): 71 81 2.5084432262242666
list:
dist: 2.5084432262242666 vs. 2.5084432262242666
--------
nle(id0,id1,dist): 71 79 1.2569997901619718
list:
dist: 1.2569997901619718 vs. 1.2569997901619718
--------
nle(id0,id1,dist): 71 84 1.3011348581376536
list:
dist: 1.3011348581376536 vs. 1.3011348581376536
--------
nle(id0,id1,dist): 71 82 2.83467661008455
list:
dist: 2.83467661008455 vs. 2.83467661008455
--------
nle(id0,id1,dist): 71 86 2.1015144653550353
list:
dist: 2.1015144653550353 vs. 2.1015144653550353
--------
nle(id0,id1,dist): 77 84 2.7304371286647173
list:
dist: 2.7304371286647173 vs. 2.7304371286647173
--------
nle(id0,id1,dist): 77 85 1.1999670100138378
list:
dist: 1.1999670100138378 vs. 1.1999670100138378
--------
nle(id0,id1,dist): 77 86 1.989523078347961
list:
dist: 1.989523078347961 vs. 1.989523078347961
--------
nle(id0,id1,dist): 77 80 1.2849074117828287
list:
dist: 1.2849074117828287 vs. 1.2849074117828287
--------
nle(id0,id1,dist): 77 81 3.323119006139348
list:
dist: 3.323119006139348 vs. 3.323119006139348
--------
nle(id0,id1,dist): 77 82 2.0406197627743516
list:
dist: 2.0406197627743516 vs. 2.0406197627743516
--------
nle(id0,id1,dist): 77 83 2.455826299524727
list:
dist: 2.455826299524727 vs. 2.455826299524727
--------
nle(id0,id1,dist): 76 85 2.3193558960701357
list:
dist: 2.3193558960701357 vs. 2.3193558960701357
--------
nle(id0,id1,dist): 76 86 2.506012924184103
list:
dist: 2.506012924184103 vs. 2.506012924184103
--------
nle(id0,id1,dist): 77 79 2.711458837882952
list:
dist: 2.711458837882952 vs. 2.711458837882952
--------
nle(id0,id1,dist): 76 77 3.386040213171281
list:
dist: 3.386040213171281 vs. 3.386040213171281
--------
nle(id0,id1,dist): 76 80 2.6257092629075145
list:
dist: 2.6257092629075145 vs. 2.6257092629075145
--------
nle(id0,id1,dist): 76 79 3.150335090277698
list:
dist: 3.150335090277698 vs. 3.150335090277698
--------
nle(id0,id1,dist): 76 82 3.234275690881846
list:
dist: 3.234275690881846 vs. 3.234275690881846
--------
nle(id0,id1,dist): 76 81 2.048321031994899
list:
dist: 2.048321031994899 vs. 2.048321031994899
--------
nle(id0,id1,dist): 76 84 3.2819097854282737
list:
dist: 3.2819097854282737 vs. 3.2819097854282737
--------
nle(id0,id1,dist): 74 105 1.5035736424806128
list:
dist: 1.5035736424806128 vs. 1.5035736424806128
--------
nle(id0,id1,dist): 74 106 2.5245836527193997
list:
dist: 2.5245836527193997 vs. 2.5245836527193997
--------
nle(id0,id1,dist): 74 103 1.7194820243098203
list:
dist: 1.7194820243098203 vs. 1.7194820243098203
--------
nle(id0,id1,dist): 74 104 0.23506507767949059
list:
dist: 0.23506507767949059 vs. 0.23506507767949059
--------
nle(id0,id1,dist): 74 109 2.2681727030559786
list:
dist: 2.2681727030559786 vs. 2.2681727030559786
--------
nle(id0,id1,dist): 74 110 2.1381040374623512
list:
dist: 2.1381040374623512 vs. 2.1381040374623512
--------
nle(id0,id1,dist): 74 107 2.5593526059698277
list:
dist: 2.5593526059698277 vs. 2.5593526059698277
--------
nle(id0,id1,dist): 74 97 0.9119763521303895
list:
dist: 0.9119763521303895 vs. 0.9119763521303895
--------
nle(id0,id1,dist): 74 98 2.5335242735198773
list:
dist: 2.5335242735198773 vs. 2.5335242735198773
--------
nle(id0,id1,dist): 74 95 2.3136668317402234
list:
dist: 2.3136668317402234 vs. 2.3136668317402234
--------
nle(id0,id1,dist): 74 96 2.0934731825443187
list:
dist: 2.0934731825443187 vs. 2.0934731825443187
--------
nle(id0,id1,dist): 74 101 1.900598308502834
list:
dist: 1.900598308502834 vs. 1.900598308502834
--------
nle(id0,id1,dist): 74 102 2.446224502021656
list:
dist: 2.446224502021656 vs. 2.446224502021656
--------
nle(id0,id1,dist): 74 99 3.0021067084785216
list:
dist: 3.0021067084785216 vs. 3.0021067084785216
--------
nle(id0,id1,dist): 74 100 0.750319420690568
list:
dist: 0.750319420690568 vs. 0.750319420690568
--------
nle(id0,id1,dist): 75 85 2.326411408146886
list:
dist: 2.326411408146886 vs. 2.326411408146886
--------
nle(id0,id1,dist): 75 84 2.378453948163578
list:
dist: 2.378453948163578 vs. 2.378453948163578
--------
nle(id0,id1,dist): 75 83 1.445264435646045
list:
dist: 1.445264435646045 vs. 1.445264435646045
--------
nle(id0,id1,dist): 75 82 1.574692462594033
list:
dist: 1.574692462594033 vs. 1.574692462594033
--------
nle(id0,id1,dist): 75 89 1.6814831465114908
list:
dist: 1.6814831465114908 vs. 1.6814831465114908
--------
nle(id0,id1,dist): 75 88 2.028927683399965
list:
dist: 2.028927683399965 vs. 2.028927683399965
--------
nle(id0,id1,dist): 75 87 2.4668101020623476
list:
dist: 2.4668101020623476 vs. 2.4668101020623476
--------
nle(id0,id1,dist): 75 86 2.2026783966931593
list:
dist: 2.2026783966931593 vs. 2.2026783966931593
--------
nle(id0,id1,dist): 75 77 1.8148013988631784
list:
dist: 1.8148013988631784 vs. 1.8148013988631784
--------
nle(id0,id1,dist): 74 114 2.231115792629917
list:
dist: 2.231115792629917 vs. 2.231115792629917
--------
nle(id0,id1,dist): 74 113 1.7520413120374554
list:
dist: 1.7520413120374554 vs. 1.7520413120374554
--------
nle(id0,id1,dist): 74 112 4.034953965847199
list:
dist: 4.034953965847199 vs. 4.034953965847199
--------
nle(id0,id1,dist): 74 111 2.89559180416922
list:
dist: 2.89559180416922 vs. 2.89559180416922
--------
nle(id0,id1,dist): 75 80 2.7071468071846474
list:
dist: 2.7071468071846474 vs. 2.7071468071846474
--------
nle(id0,id1,dist): 74 117 3.3189754947700902
list:
dist: 3.3189754947700902 vs. 3.3189754947700902
--------
nle(id0,id1,dist): 75 79 2.4574493068507333
list:
dist: 2.4574493068507333 vs. 2.4574493068507333
--------
nle(id0,id1,dist): 74 115 2.6273695955044865
list:
dist: 2.6273695955044865 vs. 2.6273695955044865
--------
nle(id0,id1,dist): 75 78 1.6994874335335999
list:
dist: 1.6994874335335999 vs. 1.6994874335335999
--------
nle(id0,id1,dist): 120 147 2.8380627256842157
list:
dist: 2.8380627256842157 vs. 2.8380627256842157
--------
nle(id0,id1,dist): 120 137 2.330519661074657
list:
dist: 2.330519661074657 vs. 2.330519661074657
--------
nle(id0,id1,dist): 120 130 3.2532943704269144
list:
dist: 3.2532943704269144 vs. 3.2532943704269144
--------
nle(id0,id1,dist): 120 129 1.2481070356955646
list:
dist: 1.2481070356955646 vs. 1.2481070356955646
--------
nle(id0,id1,dist): 120 132 2.827219780393802
list:
dist: 2.827219780393802 vs. 2.827219780393802
--------
nle(id0,id1,dist): 120 133 2.2292389512392767
list:
dist: 2.2292389512392767 vs. 2.2292389512392767
--------
nle(id0,id1,dist): 120 121 1.5505022417113483
list:
dist: 1.5505022417113483 vs. 1.5505022417113483
--------
nle(id0,id1,dist): 120 123 3.050382717018178
list:
dist: 3.050382717018178 vs. 3.050382717018178
--------
nle(id0,id1,dist): 120 126 1.3449248099073923
list:
dist: 1.3449248099073923 vs. 1.3449248099073923
--------
nle(id0,id1,dist): 120 125 2.7377546037238973
list:
dist: 2.7377546037238973 vs. 2.7377546037238973
--------
nle(id0,id1,dist): 120 128 3.135226467025197
list:
dist: 3.135226467025197 vs. 3.135226467025197
--------
nle(id0,id1,dist): 121 142 4.460222610608497
list:
dist: 4.460222610608497 vs. 4.460222610608497
--------
nle(id0,id1,dist): 121 143 4.453607720418195
list:
dist: 4.453607720418195 vs. 4.453607720418195
--------
nle(id0,id1,dist): 121 146 4.143543017888074
list:
dist: 4.143543017888074 vs. 4.143543017888074
--------
nle(id0,id1,dist): 121 147 2.6054170195192325
list:
dist: 2.6054170195192325 vs. 2.6054170195192325
--------
nle(id0,id1,dist): 121 144 5.056666510343099
list:
dist: 5.056666510343099 vs. 5.056666510343099
--------
nle(id0,id1,dist): 121 145 2.5743555940517977
list:
dist: 2.5743555940517977 vs. 2.5743555940517977
--------
nle(id0,id1,dist): 121 134 3.7945466930369074
list:
dist: 3.7945466930369074 vs. 3.7945466930369074
--------
nle(id0,id1,dist): 121 135 3.4020223795011546
list:
dist: 3.4020223795011546 vs. 3.4020223795011546
--------
nle(id0,id1,dist): 121 132 1.723313246344982
list:
dist: 1.723313246344982 vs. 1.723313246344982
--------
nle(id0,id1,dist): 121 133 1.6647706610921282
list:
dist: 1.6647706610921282 vs. 1.6647706610921282
--------
nle(id0,id1,dist): 121 138 4.459247139974672
list:
dist: 4.459247139974672 vs. 4.459247139974672
--------
nle(id0,id1,dist): 121 136 3.8718296740868925
list:
dist: 3.8718296740868925 vs. 3.8718296740868925
--------
nle(id0,id1,dist): 121 137 2.48429903789186
list:
dist: 2.48429903789186 vs. 2.48429903789186
--------
nle(id0,id1,dist): 121 126 0.6738614312010693
list:
dist: 0.6738614312010693 vs. 0.6738614312010693
--------
nle(id0,id1,dist): 121 125 2.9269289468440336
list:
dist: 2.9269289468440336 vs. 2.9269289468440336
--------
nle(id0,id1,dist): 121 124 2.738807280520069
list:
dist: 2.738807280520069 vs. 2.738807280520069
--------
nle(id0,id1,dist): 121 131 4.904101208592068
list:
dist: 4.904101208592068 vs. 4.904101208592068
--------
nle(id0,id1,dist): 121 130 2.17017432363452
list:
dist: 2.17017432363452 vs. 2.17017432363452
--------
nle(id0,id1,dist): 121 129 2.018812949034661
list:
dist: 2.018812949034661 vs. 2.018812949034661
--------
nle(id0,id1,dist): 121 128 3.6561367310308333
list:
dist: 3.6561367310308333 vs. 3.6561367310308333
--------
nle(id0,id1,dist): 121 123 3.158099782662561
list:
dist: 3.158099782662561 vs. 3.158099782662561
--------
nle(id0,id1,dist): 121 122 3.6134909331885408
list:
dist: 3.6134909331885408 vs. 3.6134909331885408
--------
nle(id0,id1,dist): 122 132 2.4480703150062473
list:
dist: 2.4480703150062473 vs. 2.4480703150062473
--------
nle(id0,id1,dist): 122 131 3.587859958216008
list:
dist: 3.587859958216008 vs. 3.587859958216008
--------
nle(id0,id1,dist): 122 133 2.9048536894696944
list:
dist: 2.9048536894696944 vs. 2.9048536894696944
--------
nle(id0,id1,dist): 122 130 1.523939096292215
list:
dist: 1.523939096292215 vs. 1.523939096292215
--------
nle(id0,id1,dist): 122 140 2.0462516387791068
list:
dist: 2.0462516387791068 vs. 2.0462516387791068
--------
nle(id0,id1,dist): 122 142 3.1425588696594287
list:
dist: 3.1425588696594287 vs. 3.1425588696594287
--------
nle(id0,id1,dist): 122 136 2.1214593039197123
list:
dist: 2.1214593039197123 vs. 2.1214593039197123
--------
nle(id0,id1,dist): 122 135 3.0387110839843743
list:
dist: 3.0387110839843743 vs. 3.0387110839843743
--------
nle(id0,id1,dist): 122 138 4.041348157290402
list:
dist: 4.041348157290402 vs. 4.041348157290402
--------
nle(id0,id1,dist): 121 148 4.198040062875687
list:
dist: 4.198040062875687 vs. 4.198040062875687
--------
nle(id0,id1,dist): 122 123 3.5766494031519205
list:
dist: 3.5766494031519205 vs. 3.5766494031519205
--------
nle(id0,id1,dist): 122 124 1.313435805208293
list:
dist: 1.313435805208293 vs. 1.313435805208293
--------
nle(id0,id1,dist): 122 126 3.5720239714497017
list:
dist: 3.5720239714497017 vs. 3.5720239714497017
--------
nle(id0,id1,dist): 123 129 1.9818908579686518
list:
dist: 1.9818908579686518 vs. 1.9818908579686518
--------
nle(id0,id1,dist): 123 128 2.2112391941067395
list:
dist: 2.2112391941067395 vs. 2.2112391941067395
--------
nle(id0,id1,dist): 123 126 2.5254575854339834
list:
dist: 2.5254575854339834 vs. 2.5254575854339834
--------
nle(id0,id1,dist): 123 125 1.5292865178112325
list:
dist: 1.5292865178112325 vs. 1.5292865178112325
--------
nle(id0,id1,dist): 123 124 2.3272229960131128
list:
dist: 2.3272229960131128 vs. 2.3272229960131128
--------
nle(id0,id1,dist): 123 137 3.028291502725895
list:
dist: 3.028291502725895 vs. 3.028291502725895
--------
nle(id0,id1,dist): 123 136 1.9862944464109151
list:
dist: 1.9862944464109151 vs. 1.9862944464109151
--------
nle(id0,id1,dist): 123 135 1.08514960437285
list:
dist: 1.08514960437285 vs. 1.08514960437285
--------
nle(id0,id1,dist): 123 134 1.3576412806694556
list:
dist: 1.3576412806694556 vs. 1.3576412806694556
--------
nle(id0,id1,dist): 123 133 1.6246127045204197
list:
dist: 1.6246127045204197 vs. 1.6246127045204197
--------
nle(id0,id1,dist): 123 132 2.369504401792491
list:
dist: 2.369504401792491 vs. 2.369504401792491
--------
nle(id0,id1,dist): 123 131 2.161552239540024
list:
dist: 2.161552239540024 vs. 2.161552239540024
--------
nle(id0,id1,dist): 123 130 3.169065969178168
list:
dist: 3.169065969178168 vs. 3.169065969178168
--------
nle(id0,id1,dist): 122 149 3.491934053972034
list:
dist: 3.491934053972034 vs. 3.491934053972034
--------
nle(id0,id1,dist): 122 147 3.834402781426598
list:
dist: 3.834402781426598 vs. 3.834402781426598
--------
nle(id0,id1,dist): 122 148 4.268479052128765
list:
dist: 4.268479052128765 vs. 4.268479052128765
--------
nle(id0,id1,dist): 122 145 2.5213777530809676
list:
dist: 2.5213777530809676 vs. 2.5213777530809676
--------
nle(id0,id1,dist): 122 146 3.616284553533751
list:
dist: 3.616284553533751 vs. 3.616284553533751
--------
nle(id0,id1,dist): 122 144 4.138659313548817
list:
dist: 4.138659313548817 vs. 4.138659313548817
--------
nle(id0,id1,dist): 124 126 2.510423902359526
list:
dist: 2.510423902359526 vs. 2.510423902359526
--------
nle(id0,id1,dist): 124 130 1.2551536355563744
list:
dist: 1.2551536355563744 vs. 1.2551536355563744
--------
nle(id0,id1,dist): 124 132 1.4078160399497286
list:
dist: 1.4078160399497286 vs. 1.4078160399497286
--------
nle(id0,id1,dist): 124 131 2.836057576487821
list:
dist: 2.836057576487821 vs. 2.836057576487821
--------
nle(id0,id1,dist): 123 138 1.400361159828284
list:
dist: 1.400361159828284 vs. 1.400361159828284
--------
nle(id0,id1,dist): 123 141 1.235997096285597
list:
dist: 1.235997096285597 vs. 1.235997096285597
--------
nle(id0,id1,dist): 123 142 2.08021749023927
list:
dist: 2.08021749023927 vs. 2.08021749023927
--------
nle(id0,id1,dist): 123 143 1.7122970531545518
list:
dist: 1.7122970531545518 vs. 1.7122970531545518
--------
nle(id0,id1,dist): 123 144 2.334952242525736
list:
dist: 2.334952242525736 vs. 2.334952242525736
--------
nle(id0,id1,dist): 123 145 1.4035665419896646
list:
dist: 1.4035665419896646 vs. 1.4035665419896646
--------
nle(id0,id1,dist): 123 146 1.7732135585454856
list:
dist: 1.7732135585454856 vs. 1.7732135585454856
--------
nle(id0,id1,dist): 123 147 1.4288671114937581
list:
dist: 1.4288671114937581 vs. 1.4288671114937581
--------
nle(id0,id1,dist): 123 148 1.148195728347831
list:
dist: 1.148195728347831 vs. 1.148195728347831
--------
nle(id0,id1,dist): 124 149 2.8638071947042256
list:
dist: 2.8638071947042256 vs. 2.8638071947042256
--------
nle(id0,id1,dist): 125 126 2.2865054656018615
list:
dist: 2.2865054656018615 vs. 2.2865054656018615
--------
nle(id0,id1,dist): 124 135 1.877973947121151
list:
dist: 1.877973947121151 vs. 1.877973947121151
--------
nle(id0,id1,dist): 124 136 1.4452956452683325
list:
dist: 1.4452956452683325 vs. 1.4452956452683325
--------
nle(id0,id1,dist): 124 133 1.6527924313820785
list:
dist: 1.6527924313820785 vs. 1.6527924313820785
--------
nle(id0,id1,dist): 124 140 1.7847245553135762
list:
dist: 1.7847245553135762 vs. 1.7847245553135762
--------
nle(id0,id1,dist): 124 138 2.9961559129099764
list:
dist: 2.9961559129099764 vs. 2.9961559129099764
--------
nle(id0,id1,dist): 124 144 3.2819856354227346
list:
dist: 3.2819856354227346 vs. 3.2819856354227346
--------
nle(id0,id1,dist): 124 142 2.361961641573016
list:
dist: 2.361961641573016 vs. 2.361961641573016
--------
nle(id0,id1,dist): 124 147 2.551441832716433
list:
dist: 2.551441832716433 vs. 2.551441832716433
--------
nle(id0,id1,dist): 124 148 3.1135379506322067
list:
dist: 3.1135379506322067 vs. 3.1135379506322067
--------
nle(id0,id1,dist): 124 145 1.2444382947000465
list:
dist: 1.2444382947000465 vs. 1.2444382947000465
--------
nle(id0,id1,dist): 124 146 2.6030136811556277
list:
dist: 2.6030136811556277 vs. 2.6030136811556277
--------
nle(id0,id1,dist): 112 117 1.2499581364348558
list:
dist: 1.2499581364348558 vs. 1.2499581364348558
--------
nle(id0,id1,dist): 112 118 2.054862194280462
list:
dist: 2.054862194280462 vs. 2.054862194280462
--------
nle(id0,id1,dist): 112 115 1.4449436996755272
list:
dist: 1.4449436996755272 vs. 1.4449436996755272
--------
nle(id0,id1,dist): 112 116 1.0510792632946713
list:
dist: 1.0510792632946713 vs. 1.0510792632946713
--------
nle(id0,id1,dist): 112 113 2.8996553224812556
list:
dist: 2.8996553224812556 vs. 2.8996553224812556
--------
nle(id0,id1,dist): 112 114 2.2173289761752737
list:
dist: 2.2173289761752737 vs. 2.2173289761752737
--------
nle(id0,id1,dist): 113 117 2.269036245996518
list:
dist: 2.269036245996518 vs. 2.269036245996518
--------
nle(id0,id1,dist): 113 114 1.042918103502865
list:
dist: 1.042918103502865 vs. 1.042918103502865
--------
nle(id0,id1,dist): 113 115 1.5167591520412436
list:
dist: 1.5167591520412436 vs. 1.5167591520412436
--------
nle(id0,id1,dist): 114 117 1.3032414523385145
list:
dist: 1.3032414523385145 vs. 1.3032414523385145
--------
nle(id0,id1,dist): 114 118 2.3852198302483996
list:
dist: 2.3852198302483996 vs. 2.3852198302483996
--------
nle(id0,id1,dist): 114 115 0.9832709117938065
list:
dist: 0.9832709117938065 vs. 0.9832709117938065
--------
nle(id0,id1,dist): 114 116 2.358578610223262
list:
dist: 2.358578610223262 vs. 2.358578610223262
--------
nle(id0,id1,dist): 115 118 2.211813292193057
list:
dist: 2.211813292193057 vs. 2.211813292193057
--------
nle(id0,id1,dist): 115 116 1.9704743477426545
list:
dist: 1.9704743477426545 vs. 1.9704743477426545
--------
nle(id0,id1,dist): 115 117 1.0985298905597243
list:
dist: 1.0985298905597243 vs. 1.0985298905597243
--------
nle(id0,id1,dist): 116 117 1.0965265226720682
list:
dist: 1.0965265226720682 vs. 1.0965265226720682
--------
nle(id0,id1,dist): 116 118 1.6366283311650458
list:
dist: 1.6366283311650458 vs. 1.6366283311650458
--------
nle(id0,id1,dist): 117 118 1.4303805717209646
list:
dist: 1.4303805717209646 vs. 1.4303805717209646
--------
nle(id0,id1,dist): 106 113 2.074873706291755
list:
dist: 2.074873706291755 vs. 2.074873706291755
--------
nle(id0,id1,dist): 106 114 1.7905751316741851
list:
dist: 1.7905751316741851 vs. 1.7905751316741851
--------
nle(id0,id1,dist): 106 111 1.8968220100483417
list:
dist: 1.8968220100483417 vs. 1.8968220100483417
--------
nle(id0,id1,dist): 106 112 1.8380368270253225
list:
dist: 1.8380368270253225 vs. 1.8380368270253225
--------
nle(id0,id1,dist): 106 117 1.8208872188019634
list:
dist: 1.8208872188019634 vs. 1.8208872188019634
--------
nle(id0,id1,dist): 106 115 1.042896087645937
list:
dist: 1.042896087645937 vs. 1.042896087645937
--------
nle(id0,id1,dist): 106 110 1.1956248985878508
list:
dist: 1.1956248985878508 vs. 1.1956248985878508
--------
nle(id0,id1,dist): 106 109 2.4943834728311702
list:
dist: 2.4943834728311702 vs. 2.4943834728311702
--------
nle(id0,id1,dist): 106 107 1.6119724322078601
list:
dist: 1.6119724322078601 vs. 1.6119724322078601
--------
nle(id0,id1,dist): 105 117 2.4335815803453515
list:
dist: 2.4335815803453515 vs. 2.4335815803453515
--------
nle(id0,id1,dist): 105 109 1.5710741822488972
list:
dist: 1.5710741822488972 vs. 1.5710741822488972
--------
nle(id0,id1,dist): 105 111 2.2945029470984415
list:
dist: 2.2945029470984415 vs. 2.2945029470984415
--------
nle(id0,id1,dist): 105 110 1.0392821887109105
list:
dist: 1.0392821887109105 vs. 1.0392821887109105
--------
nle(id0,id1,dist): 105 113 1.967493810626873
list:
dist: 1.967493810626873 vs. 1.967493810626873
--------
nle(id0,id1,dist): 105 112 2.932558027472464
list:
dist: 2.932558027472464 vs. 2.932558027472464
--------
nle(id0,id1,dist): 105 115 1.7785413500634626
list:
dist: 1.7785413500634626 vs. 1.7785413500634626
--------
nle(id0,id1,dist): 105 114 1.8911567570793926
list:
dist: 1.8911567570793926 vs. 1.8911567570793926
--------
nle(id0,id1,dist): 105 107 1.359707563930446
list:
dist: 1.359707563930446 vs. 1.359707563930446
--------
nle(id0,id1,dist): 105 106 1.2466916091917102
list:
dist: 1.2466916091917102 vs. 1.2466916091917102
--------
nle(id0,id1,dist): 108 115 2.4739937892857866
list:
dist: 2.4739937892857866 vs. 2.4739937892857866
--------
nle(id0,id1,dist): 108 116 1.035473965324794
list:
dist: 1.035473965324794 vs. 1.035473965324794
--------
nle(id0,id1,dist): 108 114 2.679117041170177
list:
dist: 2.679117041170177 vs. 2.679117041170177
--------
nle(id0,id1,dist): 108 111 2.040689775378663
list:
dist: 2.040689775378663 vs. 2.040689775378663
--------
nle(id0,id1,dist): 108 112 1.8627919887827942
list:
dist: 1.8627919887827942 vs. 1.8627919887827942
--------
nle(id0,id1,dist): 108 109 3.4676695427723225
list:
dist: 3.4676695427723225 vs. 3.4676695427723225
--------
nle(id0,id1,dist): 108 110 2.438428996609991
list:
dist: 2.438428996609991 vs. 2.438428996609991
--------
nle(id0,id1,dist): 107 118 1.4702504592091188
list:
dist: 1.4702504592091188 vs. 1.4702504592091188
--------
nle(id0,id1,dist): 107 114 1.9919769908570866
list:
dist: 1.9919769908570866 vs. 1.9919769908570866
--------
nle(id0,id1,dist): 107 115 1.8980990839717373
list:
dist: 1.8980990839717373 vs. 1.8980990839717373
--------
nle(id0,id1,dist): 107 116 2.6519402412572255
list:
dist: 2.6519402412572255 vs. 2.6519402412572255
--------
nle(id0,id1,dist): 107 117 1.8640698983473187
list:
dist: 1.8640698983473187 vs. 1.8640698983473187
--------
nle(id0,id1,dist): 107 110 0.7303122766956733
list:
dist: 0.7303122766956733 vs. 0.7303122766956733
--------
nle(id0,id1,dist): 107 111 2.006155382351829
list:
dist: 2.006155382351829 vs. 2.006155382351829
--------
nle(id0,id1,dist): 107 112 2.552156610094197
list:
dist: 2.552156610094197 vs. 2.552156610094197
--------
nle(id0,id1,dist): 107 113 2.6589603863825277
list:
dist: 2.6589603863825277 vs. 2.6589603863825277
--------
nle(id0,id1,dist): 107 108 2.3512284913526833
list:
dist: 2.3512284913526833 vs. 2.3512284913526833
--------
nle(id0,id1,dist): 107 109 1.2431106649573869
list:
dist: 1.2431106649573869 vs. 1.2431106649573869
--------
nle(id0,id1,dist): 109 118 2.54818185571063
list:
dist: 2.54818185571063 vs. 2.54818185571063
--------
nle(id0,id1,dist): 109 110 1.6404241299287943
list:
dist: 1.6404241299287943 vs. 1.6404241299287943
--------
nle(id0,id1,dist): 108 117 1.4585133647882973
list:
dist: 1.4585133647882973 vs. 1.4585133647882973
--------
nle(id0,id1,dist): 108 118 0.9480429625374629
list:
dist: 0.9480429625374629 vs. 0.9480429625374629
--------
nle(id0,id1,dist): 111 118 1.9309435029046327
list:
dist: 1.9309435029046327 vs. 1.9309435029046327
--------
nle(id0,id1,dist): 111 116 1.6709227411390468
list:
dist: 1.6709227411390468 vs. 1.6709227411390468
--------
nle(id0,id1,dist): 111 117 0.6645575855342483
list:
dist: 0.6645575855342483 vs. 0.6645575855342483
--------
nle(id0,id1,dist): 111 114 0.7148990423156004
list:
dist: 0.7148990423156004 vs. 0.7148990423156004
--------
nle(id0,id1,dist): 111 115 0.9776634598871572
list:
dist: 0.9776634598871572 vs. 0.9776634598871572
--------
nle(id0,id1,dist): 111 112 1.7206594492712148
list:
dist: 1.7206594492712148 vs. 1.7206594492712148
--------
nle(id0,id1,dist): 111 113 1.7024531045909788
list:
dist: 1.7024531045909788 vs. 1.7024531045909788
--------
nle(id0,id1,dist): 110 111 1.46466519550276
list:
dist: 1.46466519550276 vs. 1.46466519550276
--------
nle(id0,id1,dist): 110 112 2.249261235381507
list:
dist: 2.249261235381507 vs. 2.249261235381507
--------
nle(id0,id1,dist): 110 113 1.9440563353196083
list:
dist: 1.9440563353196083 vs. 1.9440563353196083
--------
nle(id0,id1,dist): 110 114 1.318533025291406
list:
dist: 1.318533025291406 vs. 1.318533025291406
--------
nle(id0,id1,dist): 110 115 1.2659272643300072
list:
dist: 1.2659272643300072 vs. 1.2659272643300072
--------
nle(id0,id1,dist): 110 116 2.4704274053729023
list:
dist: 2.4704274053729023 vs. 2.4704274053729023
--------
nle(id0,id1,dist): 110 117 1.4997292219766656
list:
dist: 1.4997292219766656 vs. 1.4997292219766656
--------
nle(id0,id1,dist): 110 118 1.7382881305089395
list:
dist: 1.7382881305089395 vs. 1.7382881305089395
--------
nle(id0,id1,dist): 99 107 1.4327838723352195
list:
dist: 1.4327838723352195 vs. 1.4327838723352195
--------
nle(id0,id1,dist): 99 106 0.7484142423037748
list:
dist: 0.7484142423037748 vs. 0.7484142423037748
--------
nle(id0,id1,dist): 99 109 2.5783315991462104
list:
dist: 2.5783315991462104 vs. 2.5783315991462104
--------
nle(id0,id1,dist): 99 108 2.1239703267489842
list:
dist: 2.1239703267489842 vs. 2.1239703267489842
--------
nle(id0,id1,dist): 99 111 1.5623539206759032
list:
dist: 1.5623539206759032 vs. 1.5623539206759032
--------
nle(id0,id1,dist): 99 110 1.1434033406764892
list:
dist: 1.1434033406764892 vs. 1.1434033406764892
--------
nle(id0,id1,dist): 99 113 2.3621170671534073
list:
dist: 2.3621170671534073 vs. 2.3621170671534073
--------
nle(id0,id1,dist): 99 112 1.2825816172871067
list:
dist: 1.2825816172871067 vs. 1.2825816172871067
--------
nle(id0,id1,dist): 99 103 2.5840409805049425
list:
dist: 2.5840409805049425 vs. 2.5840409805049425
--------
nle(id0,id1,dist): 99 105 1.7139769811789738
list:
dist: 1.7139769811789738 vs. 1.7139769811789738
--------
nle(id0,id1,dist): 99 104 3.002743899226298
list:
dist: 3.002743899226298 vs. 3.002743899226298
--------
nle(id0,id1,dist): 99 114 1.74119466813255
list:
dist: 1.74119466813255 vs. 1.74119466813255
--------
nle(id0,id1,dist): 99 115 0.9669919249115652
list:
dist: 0.9669919249115652 vs. 0.9669919249115652
--------
nle(id0,id1,dist): 99 116 1.8549671411787179
list:
dist: 1.8549671411787179 vs. 1.8549671411787179
--------
nle(id0,id1,dist): 99 117 1.2549166830733574
list:
dist: 1.2549166830733574 vs. 1.2549166830733574
--------
nle(id0,id1,dist): 99 118 1.6954531871051566
list:
dist: 1.6954531871051566 vs. 1.6954531871051566
--------
nle(id0,id1,dist): 98 106 2.2007310046576416
list:
dist: 2.2007310046576416 vs. 2.2007310046576416
--------
nle(id0,id1,dist): 98 105 1.510431955929205
list:
dist: 1.510431955929205 vs. 1.510431955929205
--------
nle(id0,id1,dist): 98 104 2.422556350803011
list:
dist: 2.422556350803011 vs. 2.422556350803011
--------
nle(id0,id1,dist): 98 103 1.3696101718382772
list:
dist: 1.3696101718382772 vs. 1.3696101718382772
--------
nle(id0,id1,dist): 98 110 2.2142171180855694
list:
dist: 2.2142171180855694 vs. 2.2142171180855694
--------
nle(id0,id1,dist): 98 109 1.6759543314786773
list:
dist: 1.6759543314786773 vs. 1.6759543314786773
--------
nle(id0,id1,dist): 98 107 2.004860446253782
list:
dist: 2.004860446253782 vs. 2.004860446253782
--------
nle(id0,id1,dist): 101 103 2.431127437762347
list:
dist: 2.431127437762347 vs. 2.431127437762347
--------
nle(id0,id1,dist): 101 102 0.988570771383194
list:
dist: 0.988570771383194 vs. 0.988570771383194
--------
nle(id0,id1,dist): 101 113 3.4564809636211113
list:
dist: 3.4564809636211113 vs. 3.4564809636211113
--------
nle(id0,id1,dist): 101 104 1.8898659376754194
list:
dist: 1.8898659376754194 vs. 1.8898659376754194
--------
nle(id0,id1,dist): 101 105 2.552581543109235
list:
dist: 2.552581543109235 vs. 2.552581543109235
--------
nle(id0,id1,dist): 101 106 3.573577918452631
list:
dist: 3.573577918452631 vs. 3.573577918452631
--------
nle(id0,id1,dist): 100 106 3.010466017235326
list:
dist: 3.010466017235326 vs. 3.010466017235326
--------
nle(id0,id1,dist): 100 105 2.0053548082120694
list:
dist: 2.0053548082120694 vs. 2.0053548082120694
--------
nle(id0,id1,dist): 100 104 0.8485965589803002
list:
dist: 0.8485965589803002 vs. 0.8485965589803002
--------
nle(id0,id1,dist): 100 103 2.1451572469579054
list:
dist: 2.1451572469579054 vs. 2.1451572469579054
--------
nle(id0,id1,dist): 100 102 2.079523402923154
list:
dist: 2.079523402923154 vs. 2.079523402923154
--------
nle(id0,id1,dist): 100 101 1.3148288129844103
list:
dist: 1.3148288129844103 vs. 1.3148288129844103
--------
nle(id0,id1,dist): 100 113 2.284562536368555
list:
dist: 2.284562536368555 vs. 2.284562536368555
--------
nle(id0,id1,dist): 103 105 1.172057847819079
list:
dist: 1.172057847819079 vs. 1.172057847819079
--------
nle(id0,id1,dist): 103 104 1.5280306625528295
list:
dist: 1.5280306625528295 vs. 1.5280306625528295
--------
nle(id0,id1,dist): 103 107 1.5045177964183474
list:
dist: 1.5045177964183474 vs. 1.5045177964183474
--------
nle(id0,id1,dist): 103 106 2.3100147066779213
list:
dist: 2.3100147066779213 vs. 2.3100147066779213
--------
nle(id0,id1,dist): 103 109 0.671165471771099
list:
dist: 0.671165471771099 vs. 0.671165471771099
--------
nle(id0,id1,dist): 102 106 3.5047140902988643
list:
dist: 3.5047140902988643 vs. 3.5047140902988643
--------
nle(id0,id1,dist): 102 105 2.5404375299973188
list:
dist: 2.5404375299973188 vs. 2.5404375299973188
--------
nle(id0,id1,dist): 102 104 2.379663045016662
list:
dist: 2.379663045016662 vs. 2.379663045016662
--------
nle(id0,id1,dist): 102 103 2.277330273730543
list:
dist: 2.277330273730543 vs. 2.277330273730543
--------
nle(id0,id1,dist): 104 109 2.0717594422366807
list:
dist: 2.0717594422366807 vs. 2.0717594422366807
--------
nle(id0,id1,dist): 104 110 2.0836731690131267
list:
dist: 2.0836731690131267 vs. 2.0836731690131267
--------
nle(id0,id1,dist): 104 111 2.9222790286021474
list:
dist: 2.9222790286021474 vs. 2.9222790286021474
--------
nle(id0,id1,dist): 104 112 4.071347550227181
list:
dist: 4.071347550227181 vs. 4.071347550227181
--------
nle(id0,id1,dist): 104 105 1.4583342833957877
list:
dist: 1.4583342833957877 vs. 1.4583342833957877
--------
nle(id0,id1,dist): 104 106 2.552017070893503
list:
dist: 2.552017070893503 vs. 2.552017070893503
--------
nle(id0,id1,dist): 104 107 2.449165069469673
list:
dist: 2.449165069469673 vs. 2.449165069469673
--------
nle(id0,id1,dist): 104 117 3.3227909101993713
list:
dist: 3.3227909101993713 vs. 3.3227909101993713
--------
nle(id0,id1,dist): 104 113 1.8995469570420243
list:
dist: 1.8995469570420243 vs. 1.8995469570420243
--------
nle(id0,id1,dist): 104 114 2.2802671085006736
list:
dist: 2.2802671085006736 vs. 2.2802671085006736
--------
nle(id0,id1,dist): 104 115 2.685826124966709
list:
dist: 2.685826124966709 vs. 2.685826124966709
--------
nle(id0,id1,dist): 103 117 3.1299321929565616
list:
dist: 3.1299321929565616 vs. 3.1299321929565616
--------
nle(id0,id1,dist): 103 114 2.640761775135464
list:
dist: 2.640761775135464 vs. 2.640761775135464
--------
nle(id0,id1,dist): 103 115 2.777172773456109
list:
dist: 2.777172773456109 vs. 2.777172773456109
--------
nle(id0,id1,dist): 103 112 3.827833469896384
list:
dist: 3.827833469896384 vs. 3.827833469896384
--------
nle(id0,id1,dist): 103 113 2.8097885577629667
list:
dist: 2.8097885577629667 vs. 2.8097885577629667
--------
nle(id0,id1,dist): 103 110 1.6473907058253159
list:
dist: 1.6473907058253159 vs. 1.6473907058253159
--------
nle(id0,id1,dist): 103 111 3.0135905000653507
list:
dist: 3.0135905000653507 vs. 3.0135905000653507
--------
nle(id0,id1,dist): 147 148 1.9276421055919453
list:
dist: 1.9276421055919453 vs. 1.9276421055919453
--------
nle(id0,id1,dist): 148 149 2.284374190670609
list:
dist: 2.284374190670609 vs. 2.284374190670609
--------
nle(id0,id1,dist): 146 147 1.88497176446198
list:
dist: 1.88497176446198 vs. 1.88497176446198
--------
nle(id0,id1,dist): 146 148 1.3534655396060484
list:
dist: 1.3534655396060484 vs. 1.3534655396060484
--------
nle(id0,id1,dist): 146 149 1.1936206699251102
list:
dist: 1.1936206699251102 vs. 1.1936206699251102
--------
nle(id0,id1,dist): 144 148 1.5272189714202402
list:
dist: 1.5272189714202402 vs. 1.5272189714202402
--------
nle(id0,id1,dist): 144 147 2.7813663602436645
list:
dist: 2.7813663602436645 vs. 2.7813663602436645
--------
nle(id0,id1,dist): 144 146 0.9850461464853617
list:
dist: 0.9850461464853617 vs. 0.9850461464853617
--------
nle(id0,id1,dist): 144 145 2.557754827085253
list:
dist: 2.557754827085253 vs. 2.557754827085253
--------
nle(id0,id1,dist): 144 149 1.014963898176776
list:
dist: 1.014963898176776 vs. 1.014963898176776
--------
nle(id0,id1,dist): 145 149 2.421681735639918
list:
dist: 2.421681735639918 vs. 2.421681735639918
--------
nle(id0,id1,dist): 145 148 2.131174593563294
list:
dist: 2.131174593563294 vs. 2.131174593563294
--------
nle(id0,id1,dist): 145 147 1.3456104036472387
list:
dist: 1.3456104036472387 vs. 1.3456104036472387
--------
nle(id0,id1,dist): 145 146 1.6935137662550748
list:
dist: 1.6935137662550748 vs. 1.6935137662550748
--------
nle(id0,id1,dist): 142 149 0.7264743323079845
list:
dist: 0.7264743323079845 vs. 0.7264743323079845
--------
nle(id0,id1,dist): 142 147 2.570619231381426
list:
dist: 2.570619231381426 vs. 2.570619231381426
--------
nle(id0,id1,dist): 142 148 1.7898994503491854
list:
dist: 1.7898994503491854 vs. 1.7898994503491854
--------
nle(id0,id1,dist): 142 145 1.8871450957883833
list:
dist: 1.8871450957883833 vs. 1.8871450957883833
--------
nle(id0,id1,dist): 142 146 0.9211703728988766
list:
dist: 0.9211703728988766 vs. 0.9211703728988766
--------
nle(id0,id1,dist): 142 143 1.5094892429780735
list:
dist: 1.5094892429780735 vs. 1.5094892429780735
--------
nle(id0,id1,dist): 142 144 0.9989033608455066
list:
dist: 0.9989033608455066 vs. 0.9989033608455066
--------
nle(id0,id1,dist): 143 146 0.8350840760836333
list:
dist: 0.8350840760836333 vs. 0.8350840760836333
--------
nle(id0,id1,dist): 143 147 1.9854661489509633
list:
dist: 1.9854661489509633 vs. 1.9854661489509633
--------
nle(id0,id1,dist): 143 148 0.8139509988637181
list:
dist: 0.8139509988637181 vs. 0.8139509988637181
--------
nle(id0,id1,dist): 143 149 1.7772777933880701
list:
dist: 1.7772777933880701 vs. 1.7772777933880701
--------
nle(id0,id1,dist): 143 144 1.0130509314313672
list:
dist: 1.0130509314313672 vs. 1.0130509314313672
--------
nle(id0,id1,dist): 143 145 2.2058668012261493
list:
dist: 2.2058668012261493 vs. 2.2058668012261493
--------
nle(id0,id1,dist): 141 142 2.243801772510673
list:
dist: 2.243801772510673 vs. 2.243801772510673
--------
nle(id0,id1,dist): 141 143 1.2643846059001544
list:
dist: 1.2643846059001544 vs. 1.2643846059001544
--------
nle(id0,id1,dist): 140 149 1.504381638416803
list:
dist: 1.504381638416803 vs. 1.504381638416803
--------
nle(id0,id1,dist): 141 145 2.4558078408946953
list:
dist: 2.4558078408946953 vs. 2.4558078408946953
--------
nle(id0,id1,dist): 141 144 1.954982353953785
list:
dist: 1.954982353953785 vs. 1.954982353953785
--------
nle(id0,id1,dist): 141 147 2.15222029311919
list:
dist: 2.15222029311919 vs. 2.15222029311919
--------
nle(id0,id1,dist): 141 146 1.857703794966765
list:
dist: 1.857703794966765 vs. 1.857703794966765
--------
nle(id0,id1,dist): 141 149 2.757623665208227
list:
dist: 2.757623665208227 vs. 2.757623665208227
--------
nle(id0,id1,dist): 141 148 0.5046392570862633
list:
dist: 0.5046392570862633 vs. 0.5046392570862633
--------
nle(id0,id1,dist): 140 145 2.0289623990949517
list:
dist: 2.0289623990949517 vs. 2.0289623990949517
--------
nle(id0,id1,dist): 140 146 2.0252845975291245
list:
dist: 2.0252845975291245 vs. 2.0252845975291245
--------
nle(id0,id1,dist): 140 148 3.0440131443078164
list:
dist: 3.0440131443078164 vs. 3.0440131443078164
--------
nle(id0,id1,dist): 140 141 3.4810117809050016
list:
dist: 3.4810117809050016 vs. 3.4810117809050016
--------
nle(id0,id1,dist): 140 142 1.4025156759337831
list:
dist: 1.4025156759337831 vs. 1.4025156759337831
--------
nle(id0,id1,dist): 140 144 2.3391890829643187
list:
dist: 2.3391890829643187 vs. 2.3391890829643187
--------
nle(id0,id1,dist): 138 141 0.9248987437362501
list:
dist: 0.9248987437362501 vs. 0.9248987437362501
--------
nle(id0,id1,dist): 138 142 1.3728758535563264
list:
dist: 1.3728758535563264 vs. 1.3728758535563264
--------
nle(id0,id1,dist): 138 140 2.691002815775043
list:
dist: 2.691002815775043 vs. 2.691002815775043
--------
nle(id0,id1,dist): 138 149 1.8816465029660863
list:
dist: 1.8816465029660863 vs. 1.8816465029660863
--------
nle(id0,id1,dist): 138 148 0.5751900254893872
list:
dist: 0.5751900254893872 vs. 0.5751900254893872
--------
nle(id0,id1,dist): 138 147 2.2903382414870546
list:
dist: 2.2903382414870546 vs. 2.2903382414870546
--------
nle(id0,id1,dist): 138 146 1.217899960237856
list:
dist: 1.217899960237856 vs. 1.217899960237856
--------
nle(id0,id1,dist): 138 145 2.1768865449300163
list:
dist: 2.1768865449300163 vs. 2.1768865449300163
--------
nle(id0,id1,dist): 138 144 1.1359804805679796
list:
dist: 1.1359804805679796 vs. 1.1359804805679796
--------
nle(id0,id1,dist): 138 143 0.8765975828929945
list:
dist: 0.8765975828929945 vs. 0.8765975828929945
--------
nle(id0,id1,dist): 137 147 3.6050879710088526
list:
dist: 3.6050879710088526 vs. 3.6050879710088526
--------
nle(id0,id1,dist): 136 147 2.829969668202637
list:
dist: 2.829969668202637 vs. 2.829969668202637
--------
nle(id0,id1,dist): 136 148 2.3834421254623153
list:
dist: 2.3834421254623153 vs. 2.3834421254623153
--------
nle(id0,id1,dist): 136 145 1.6744841916577689
list:
dist: 1.6744841916577689 vs. 1.6744841916577689
--------
nle(id0,id1,dist): 136 146 2.0666680952929797
list:
dist: 2.0666680952929797 vs. 2.0666680952929797
--------
nle(id0,id1,dist): 136 149 2.078798052120112
list:
dist: 2.078798052120112 vs. 2.078798052120112
--------
nle(id0,id1,dist): 136 140 1.4670385268231567
list:
dist: 1.4670385268231567 vs. 1.4670385268231567
--------
nle(id0,id1,dist): 136 138 2.0489909722671427
list:
dist: 2.0489909722671427 vs. 2.0489909722671427
--------
nle(id0,id1,dist): 136 144 2.3427987445948855
list:
dist: 2.3427987445948855 vs. 2.3427987445948855
--------
nle(id0,id1,dist): 136 141 2.668947245217791
list:
dist: 2.668947245217791 vs. 2.668947245217791
--------
nle(id0,id1,dist): 136 142 1.4612022292986604
list:
dist: 1.4612022292986604 vs. 1.4612022292986604
--------
nle(id0,id1,dist): 135 142 1.1713976682869467
list:
dist: 1.1713976682869467 vs. 1.1713976682869467
--------
nle(id0,id1,dist): 135 143 1.359100144808353
list:
dist: 1.359100144808353 vs. 1.359100144808353
--------
nle(id0,id1,dist): 135 144 1.6779126231750108
list:
dist: 1.6779126231750108 vs. 1.6779126231750108
--------
nle(id0,id1,dist): 135 145 0.9236120401632213
list:
dist: 0.9236120401632213 vs. 0.9236120401632213
--------
nle(id0,id1,dist): 135 146 0.9116639959743569
list:
dist: 0.9116639959743569 vs. 0.9116639959743569
--------
nle(id0,id1,dist): 135 147 1.4866010989071232
list:
dist: 1.4866010989071232 vs. 1.4866010989071232
--------
nle(id0,id1,dist): 135 148 1.3349643849205337
list:
dist: 1.3349643849205337 vs. 1.3349643849205337
--------
nle(id0,id1,dist): 135 149 1.7699874034735577
list:
dist: 1.7699874034735577 vs. 1.7699874034735577
--------
nle(id0,id1,dist): 134 149 2.2585755983276927
list:
dist: 2.2585755983276927 vs. 2.2585755983276927
--------
nle(id0,id1,dist): 134 148 0.9462965607550811
list:
dist: 0.9462965607550811 vs. 0.9462965607550811
--------
nle(id0,id1,dist): 134 147 1.2497002678587756
list:
dist: 1.2497002678587756 vs. 1.2497002678587756
--------
nle(id0,id1,dist): 135 140 1.9360647882487643
list:
dist: 1.9360647882487643 vs. 1.9360647882487643
--------
nle(id0,id1,dist): 135 141 1.744243647908142
list:
dist: 1.744243647908142 vs. 1.744243647908142
--------
nle(id0,id1,dist): 135 138 1.2882149062598314
list:
dist: 1.2882149062598314 vs. 1.2882149062598314
--------
nle(id0,id1,dist): 135 136 1.5038415380857189
list:
dist: 1.5038415380857189 vs. 1.5038415380857189
--------
nle(id0,id1,dist): 134 135 1.2108989545644038
list:
dist: 1.2108989545644038 vs. 1.2108989545644038
--------
nle(id0,id1,dist): 134 138 1.3085659899762156
list:
dist: 1.3085659899762156 vs. 1.3085659899762156
--------
nle(id0,id1,dist): 134 143 0.7747546714090335
list:
dist: 0.7747546714090335 vs. 0.7747546714090335
--------
nle(id0,id1,dist): 134 144 1.7175836034202485
list:
dist: 1.7175836034202485 vs. 1.7175836034202485
--------
nle(id0,id1,dist): 134 145 1.822124214392143
list:
dist: 1.822124214392143 vs. 1.822124214392143
--------
nle(id0,id1,dist): 134 146 1.07989780133095
list:
dist: 1.07989780133095 vs. 1.07989780133095
--------
nle(id0,id1,dist): 134 141 1.3070746741520904
list:
dist: 1.3070746741520904 vs. 1.3070746741520904
--------
nle(id0,id1,dist): 134 142 1.8983026551052213
list:
dist: 1.8983026551052213 vs. 1.8983026551052213
--------
nle(id0,id1,dist): 133 135 1.7407874314212726
list:
dist: 1.7407874314212726 vs. 1.7407874314212726
--------
nle(id0,id1,dist): 133 134 2.274140729696013
list:
dist: 2.274140729696013 vs. 2.274140729696013
--------
nle(id0,id1,dist): 133 138 2.8234420697933236
list:
dist: 2.8234420697933236 vs. 2.8234420697933236
--------
nle(id0,id1,dist): 133 136 2.41659875640644
list:
dist: 2.41659875640644 vs. 2.41659875640644
--------
nle(id0,id1,dist): 133 137 2.489253145308371
list:
dist: 2.489253145308371 vs. 2.489253145308371
--------
nle(id0,id1,dist): 133 142 2.829818845550841
list:
dist: 2.829818845550841 vs. 2.829818845550841
--------
nle(id0,id1,dist): 133 143 2.852033638113433
list:
dist: 2.852033638113433 vs. 2.852033638113433
--------
nle(id0,id1,dist): 133 146 2.5223640392038265
list:
dist: 2.5223640392038265 vs. 2.5223640392038265
--------
nle(id0,id1,dist): 133 147 1.2946788697603893
list:
dist: 1.2946788697603893 vs. 1.2946788697603893
--------
nle(id0,id1,dist): 133 144 3.4037464708487812
list:
dist: 3.4037464708487812 vs. 3.4037464708487812
--------
nle(id0,id1,dist): 133 145 0.978669589937569
list:
dist: 0.978669589937569 vs. 0.978669589937569
--------
nle(id0,id1,dist): 133 148 2.618946435332128
list:
dist: 2.618946435332128 vs. 2.618946435332128
--------
nle(id0,id1,dist): 132 134 2.7498142141695237
list:
dist: 2.7498142141695237 vs. 2.7498142141695237
--------
nle(id0,id1,dist): 132 133 0.9255922286636662
list:
dist: 0.9255922286636662 vs. 0.9255922286636662
--------
nle(id0,id1,dist): 132 136 2.5689837077139024
list:
dist: 2.5689837077139024 vs. 2.5689837077139024
--------
nle(id0,id1,dist): 132 135 2.0757504333687224
list:
dist: 2.0757504333687224 vs. 2.0757504333687224
--------
nle(id0,id1,dist): 132 138 3.3301212628977943
list:
dist: 3.3301212628977943 vs. 3.3301212628977943
--------
nle(id0,id1,dist): 132 137 2.9316732936969436
list:
dist: 2.9316732936969436 vs. 2.9316732936969436
--------
nle(id0,id1,dist): 132 142 2.9502886258777496
list:
dist: 2.9502886258777496 vs. 2.9502886258777496
--------
nle(id0,id1,dist): 132 143 3.2609146700418616
list:
dist: 3.2609146700418616 vs. 3.2609146700418616
--------
nle(id0,id1,dist): 132 144 3.651542668565491
list:
dist: 3.651542668565491 vs. 3.651542668565491
--------
nle(id0,id1,dist): 132 145 1.16839415799462
list:
dist: 1.16839415799462 vs. 1.16839415799462
--------
nle(id0,id1,dist): 132 146 2.727021685888207
list:
dist: 2.727021685888207 vs. 2.727021685888207
--------
nle(id0,id1,dist): 132 147 1.8041474232288484
list:
dist: 1.8041474232288484 vs. 1.8041474232288484
--------
nle(id0,id1,dist): 132 148 3.218931072936509
list:
dist: 3.218931072936509 vs. 3.218931072936509
--------
nle(id0,id1,dist): 131 147 2.962250938797902
list:
dist: 2.962250938797902 vs. 2.962250938797902
--------
nle(id0,id1,dist): 131 146 1.3516434718953185
list:
dist: 1.3516434718953185 vs. 1.3516434718953185
--------
nle(id0,id1,dist): 131 149 1.1539534771351054
list:
dist: 1.1539534771351054 vs. 1.1539534771351054
--------
nle(id0,id1,dist): 131 148 1.6567773462274944
list:
dist: 1.6567773462274944 vs. 1.6567773462274944
--------
nle(id0,id1,dist): 131 142 0.7425733063247041
list:
dist: 0.7425733063247041 vs. 0.7425733063247041
--------
nle(id0,id1,dist): 131 143 1.5508685886522748
list:
dist: 1.5508685886522748 vs. 1.5508685886522748
--------
nle(id0,id1,dist): 131 144 0.8983514049545583
list:
dist: 0.8983514049545583 vs. 0.8983514049545583
--------
nle(id0,id1,dist): 131 145 2.3876929568370064
list:
dist: 2.3876929568370064 vs. 2.3876929568370064
--------
nle(id0,id1,dist): 131 138 1.1016389231945956
list:
dist: 1.1016389231945956 vs. 1.1016389231945956
--------
nle(id0,id1,dist): 131 140 1.972755351837691
list:
dist: 1.972755351837691 vs. 1.972755351837691
--------
nle(id0,id1,dist): 131 141 2.0158474162591022
list:
dist: 2.0158474162591022 vs. 2.0158474162591022
--------
nle(id0,id1,dist): 131 134 2.1053218867767716
list:
dist: 2.1053218867767716 vs. 2.1053218867767716
--------
nle(id0,id1,dist): 131 135 1.5687920612537143
list:
dist: 1.5687920612537143 vs. 1.5687920612537143
--------
nle(id0,id1,dist): 131 136 1.6318842613731575
list:
dist: 1.6318842613731575 vs. 1.6318842613731575
--------
nle(id0,id1,dist): 131 132 3.5191257643271854
list:
dist: 3.5191257643271854 vs. 3.5191257643271854
--------
nle(id0,id1,dist): 131 133 3.2516996836609127
list:
dist: 3.2516996836609127 vs. 3.2516996836609127
--------
nle(id0,id1,dist): 130 147 3.1949322275510013
list:
dist: 3.1949322275510013 vs. 3.1949322275510013
--------
nle(id0,id1,dist): 130 148 4.143262684054036
list:
dist: 4.143262684054036 vs. 4.143262684054036
--------
nle(id0,id1,dist): 130 145 2.1608588876305266
list:
dist: 2.1608588876305266 vs. 2.1608588876305266
--------
nle(id0,id1,dist): 130 146 3.7554433418416355
list:
dist: 3.7554433418416355 vs. 3.7554433418416355
--------
nle(id0,id1,dist): 130 144 4.504023451878104
list:
dist: 4.504023451878104 vs. 4.504023451878104
--------
nle(id0,id1,dist): 130 142 3.6096858109603454
list:
dist: 3.6096858109603454 vs. 3.6096858109603454
--------
nle(id0,id1,dist): 130 137 2.2507707943260353
list:
dist: 2.2507707943260353 vs. 2.2507707943260353
--------
nle(id0,id1,dist): 130 138 4.117443876464422
list:
dist: 4.117443876464422 vs. 4.117443876464422
--------
nle(id0,id1,dist): 130 135 2.980442782374705
list:
dist: 2.980442782374705 vs. 2.980442782374705
--------
nle(id0,id1,dist): 130 136 2.598676966698892
list:
dist: 2.598676966698892 vs. 2.598676966698892
--------
nle(id0,id1,dist): 130 132 1.5851005009974022
list:
dist: 1.5851005009974022 vs. 1.5851005009974022
--------
nle(id0,id1,dist): 130 131 4.069954656846699
list:
dist: 4.069954656846699 vs. 4.069954656846699
--------
nle(id0,id1,dist): 130 133 1.9810541440704739
list:
dist: 1.9810541440704739 vs. 1.9810541440704739
--------
nle(id0,id1,dist): 129 147 2.2942250128921837
list:
dist: 2.2942250128921837 vs. 2.2942250128921837
--------
nle(id0,id1,dist): 129 133 1.672578224867497
list:
dist: 1.672578224867497 vs. 1.672578224867497
--------
nle(id0,id1,dist): 129 132 2.5065389142568626
list:
dist: 2.5065389142568626 vs. 2.5065389142568626
--------
nle(id0,id1,dist): 129 137 1.7881972970339814
list:
dist: 1.7881972970339814 vs. 1.7881972970339814
--------
nle(id0,id1,dist): 129 130 2.8904378391729852
list:
dist: 2.8904378391729852 vs. 2.8904378391729852
--------
nle(id0,id1,dist): 128 147 1.7611600853318266
list:
dist: 1.7611600853318266 vs. 1.7611600853318266
--------
nle(id0,id1,dist): 128 148 2.258681897582499
list:
dist: 2.258681897582499 vs. 2.258681897582499
--------
nle(id0,id1,dist): 128 145 2.9865837858908835
list:
dist: 2.9865837858908835 vs. 2.9865837858908835
--------
nle(id0,id1,dist): 128 146 2.9621962380017646
list:
dist: 2.9621962380017646 vs. 2.9621962380017646
--------
nle(id0,id1,dist): 128 133 2.7617319609228166
list:
dist: 2.7617319609228166 vs. 2.7617319609228166
--------
nle(id0,id1,dist): 128 134 1.888370444036694
list:
dist: 1.888370444036694 vs. 1.888370444036694
--------
nle(id0,id1,dist): 128 135 2.800635025014603
list:
dist: 2.800635025014603 vs. 2.800635025014603
--------
nle(id0,id1,dist): 128 129 2.7235176867553794
list:
dist: 2.7235176867553794 vs. 2.7235176867553794
--------
nle(id0,id1,dist): 128 131 3.8512915798038985
list:
dist: 3.8512915798038985 vs. 3.8512915798038985
--------
nle(id0,id1,dist): 128 132 3.468645093157909
list:
dist: 3.468645093157909 vs. 3.468645093157909
--------
nle(id0,id1,dist): 128 141 2.144026296327935
list:
dist: 2.144026296327935 vs. 2.144026296327935
--------
nle(id0,id1,dist): 128 142 3.738105464514388
list:
dist: 3.738105464514388 vs. 3.738105464514388
--------
nle(id0,id1,dist): 128 143 2.51264889789046
list:
dist: 2.51264889789046 vs. 2.51264889789046
--------
nle(id0,id1,dist): 128 144 3.522980533961987
list:
dist: 3.522980533961987 vs. 3.522980533961987
--------
nle(id0,id1,dist): 128 138 2.82854194497444
list:
dist: 2.82854194497444 vs. 2.82854194497444
--------
nle(id0,id1,dist): 126 142 3.9667364444156825
list:
dist: 3.9667364444156825 vs. 3.9667364444156825
--------
nle(id0,id1,dist): 126 143 3.84513343658776
list:
dist: 3.84513343658776 vs. 3.84513343658776
--------
nle(id0,id1,dist): 126 144 4.496596283377428
list:
dist: 4.496596283377428 vs. 4.496596283377428
--------
nle(id0,id1,dist): 126 145 2.1077962386021905
list:
dist: 2.1077962386021905 vs. 2.1077962386021905
--------
nle(id0,id1,dist): 126 146 3.6019773971927878
list:
dist: 3.6019773971927878 vs. 3.6019773971927878
--------
nle(id0,id1,dist): 126 147 2.0093746075602454
list:
dist: 2.0093746075602454 vs. 2.0093746075602454
--------
nle(id0,id1,dist): 126 148 3.55619989513793
list:
dist: 3.55619989513793 vs. 3.55619989513793
--------
nle(id0,id1,dist): 126 128 3.03267692145113
list:
dist: 3.03267692145113 vs. 3.03267692145113
--------
nle(id0,id1,dist): 126 130 2.251328188831486
list:
dist: 2.251328188831486 vs. 2.251328188831486
--------
nle(id0,id1,dist): 126 129 1.5096089223884426
list:
dist: 1.5096089223884426 vs. 1.5096089223884426
--------
nle(id0,id1,dist): 126 132 1.512604634922733
list:
dist: 1.512604634922733 vs. 1.512604634922733
--------
nle(id0,id1,dist): 126 131 4.369287730361129
list:
dist: 4.369287730361129 vs. 4.369287730361129
--------
nle(id0,id1,dist): 126 134 3.1764460056025334
list:
dist: 3.1764460056025334 vs. 3.1764460056025334
--------
nle(id0,id1,dist): 126 133 1.1386207884062716
list:
dist: 1.1386207884062716 vs. 1.1386207884062716
--------
nle(id0,id1,dist): 126 136 3.463525855400775
list:
dist: 3.463525855400775 vs. 3.463525855400775
--------
nle(id0,id1,dist): 126 135 2.857097114148262
list:
dist: 2.857097114148262 vs. 2.857097114148262
--------
nle(id0,id1,dist): 126 138 3.846079057519693
list:
dist: 3.846079057519693 vs. 3.846079057519693
--------
nle(id0,id1,dist): 126 137 2.373718799552922
list:
dist: 2.373718799552922 vs. 2.373718799552922
--------
nle(id0,id1,dist): 125 146 2.3052178007574957
list:
dist: 2.3052178007574957 vs. 2.3052178007574957
--------
nle(id0,id1,dist): 125 147 0.8008487160657634
list:
dist: 0.8008487160657634 vs. 0.8008487160657634
--------
nle(id0,id1,dist): 125 144 3.0484043812830945
list:
dist: 3.0484043812830945 vs. 3.0484043812830945
--------
nle(id0,id1,dist): 125 145 2.0310321385388113
list:
dist: 2.0310321385388113 vs. 2.0310321385388113
--------
nle(id0,id1,dist): 125 148 1.8852920851617418
list:
dist: 1.8852920851617418 vs. 1.8852920851617418
--------
nle(id0,id1,dist): 125 131 3.278907205598282
list:
dist: 3.278907205598282 vs. 3.278907205598282
--------
nle(id0,id1,dist): 125 129 2.2129845861164696
list:
dist: 2.2129845861164696 vs. 2.2129845861164696
--------
nle(id0,id1,dist): 125 128 0.9792989976296024
list:
dist: 0.9792989976296024 vs. 0.9792989976296024
--------
nle(id0,id1,dist): 125 135 1.9857958384733734
list:
dist: 1.9857958384733734 vs. 1.9857958384733734
--------
nle(id0,id1,dist): 125 134 1.350879507545032
list:
dist: 1.350879507545032 vs. 1.350879507545032
--------
nle(id0,id1,dist): 125 133 1.8285416376431465
list:
dist: 1.8285416376431465 vs. 1.8285416376431465
--------
nle(id0,id1,dist): 125 132 2.506938297630235
list:
dist: 2.506938297630235 vs. 2.506938297630235
--------
nle(id0,id1,dist): 125 138 2.3871983338248843
list:
dist: 2.3871983338248843 vs. 2.3871983338248843
--------
nle(id0,id1,dist): 125 143 2.1023912125574746
list:
dist: 2.1023912125574746 vs. 2.1023912125574746
--------
nle(id0,id1,dist): 125 142 3.039195529551479
list:
dist: 3.039195529551479 vs. 3.039195529551479
--------
nle(id0,id1,dist): 125 141 1.9379802263685233
list:
dist: 1.9379802263685233 vs. 1.9379802263685233
2. Check the NeighborList query for coordinates against the neighbor list for consistency
list:
dist: 3.068615172724953 vs. 3.068615172724953
list:
dist: 0.9843163535103093 vs. 0.9843163535103093
list:
dist: 2.70125696319748 vs. 2.70125696319748
list:
dist: 1.569417242017522 vs. 1.569417242017522
list:
dist: 1.2125958518303352 vs. 1.2125958518303352
list:
dist: 1.2201384578978487 vs. 1.2201384578978487
list:
dist: 1.5713600212908314 vs. 1.5713600212908314
list:
dist: 1.69086697423451 vs. 1.69086697423451
list:
dist: 4.161421025426327 vs. 4.161421025426327
list:
dist: 3.0141011144475693 vs. 3.0141011144475693
list:
dist: 2.968084999224514 vs. 2.968084999224514
list:
dist: 3.2709098638957492 vs. 3.2709098638957492
list:
dist: 3.951506165989443 vs. 3.951506165989443
list:
dist: 3.8372786872115188 vs. 3.8372786872115188
list:
dist: 2.7057140995702267 vs. 2.7057140995702267
list:
dist: 2.1541928681705844 vs. 2.1541928681705844
list:
dist: 0.8793622794008171 vs. 0.8793622794008171
list:
dist: 2.1985311913988994 vs. 2.1985311913988994
list:
dist: 1.7935392717119594 vs. 1.7935392717119594
list:
dist: 1.2201384578978487 vs. 1.2201384578978487
list:
dist: 1.4778698775445236 vs. 1.4778698775445236
list:
dist: 1.1356939628187706 vs. 1.1356939628187706
list:
dist: 2.183497048722018 vs. 2.183497048722018
list:
dist: 3.9197164196378127 vs. 3.9197164196378127
list:
dist: 3.3043531060273055 vs. 3.3043531060273055
list:
dist: 2.9993903486335918 vs. 2.9993903486335918
list:
dist: 2.864430436993271 vs. 2.864430436993271
list:
dist: 3.714264210701963 vs. 3.714264210701963
list:
dist: 3.974888122540754 vs. 3.974888122540754
list:
dist: 2.8075967496917684 vs. 2.8075967496917684
list:
dist: 2.241071312816782 vs. 2.241071312816782
list:
dist: 2.8590058830559433 vs. 2.8590058830559433
list:
dist: 1.7558689202924163 vs. 1.7558689202924163
list:
dist: 2.70125696319748 vs. 2.70125696319748
list:
dist: 2.0584185570831575 vs. 2.0584185570831575
list:
dist: 2.1985311913988994 vs. 2.1985311913988994
list:
dist: 1.2671174459008925 vs. 1.2671174459008925
list:
dist: 2.011742983158362 vs. 2.011742983158362
list:
dist: 2.3310053508223194 vs. 2.3310053508223194
list:
dist: 1.9520940921815386 vs. 1.9520940921815386
list:
dist: 1.3804900894088334 vs. 1.3804900894088334
list:
dist: 2.5587571638393474 vs. 2.5587571638393474
list:
dist: 1.9520940921815386 vs. 1.9520940921815386
list:
dist: 1.4009697427820176 vs. 1.4009697427820176
list:
dist: 2.968084999224514 vs. 2.968084999224514
list:
dist: 1.812085234349333 vs. 1.812085234349333
list:
dist: 2.9993903486335918 vs. 2.9993903486335918
list:
dist: 1.930592153224953 vs. 1.930592153224953
list:
dist: 1.9872190064073794 vs. 1.9872190064073794
list:
dist: 1.5644836977261043 vs. 1.5644836977261043
list:
dist: 0.7173418888253368 vs. 0.7173418888253368
list:
dist: 1.129891544849837 vs. 1.129891544849837
list:
dist: 1.2430960991553912 vs. 1.2430960991553912
list:
dist: 2.3769062341645477 vs. 2.3769062341645477
list:
dist: 1.3728106436477088 vs. 1.3728106436477088
list:
dist: 1.7098027703033827 vs. 1.7098027703033827
list:
dist: 3.168172953859403 vs. 3.168172953859403
list:
dist: 1.4052222530567413 vs. 1.4052222530567413
list:
dist: 2.096268863263162 vs. 2.096268863263162
list:
dist: 1.994473919928756 vs. 1.994473919928756
list:
dist: 3.20212520586613 vs. 3.20212520586613
list:
dist: 2.477274123492163 vs. 2.477274123492163
list:
dist: 2.8590058830559433 vs. 2.8590058830559433
list:
dist: 2.2615049004909378 vs. 2.2615049004909378
list:
dist: 0.9843163535103093 vs. 0.9843163535103093
list:
dist: 1.9086623652511567 vs. 1.9086623652511567
list:
dist: 0.8793622794008171 vs. 0.8793622794008171
list:
dist: 1.8302129081979004 vs. 1.8302129081979004
list:
dist: 2.492556229291699 vs. 2.492556229291699
list:
dist: 1.3804900894088334 vs. 1.3804900894088334
list:
dist: 1.8596082216819758 vs. 1.8596082216819758
list:
dist: 3.2709098638957492 vs. 3.2709098638957492
list:
dist: 2.1963244974344303 vs. 2.1963244974344303
list:
dist: 2.864430436993271 vs. 2.864430436993271
list:
dist: 1.8127403222176262 vs. 1.8127403222176262
list:
dist: 2.6396995724404295 vs. 2.6396995724404295
list:
dist: 1.2230927179270579 vs. 1.2230927179270579
list:
dist: 1.7825181949528834 vs. 1.7825181949528834
list:
dist: 1.129891544849837 vs. 1.129891544849837
list:
dist: 1.1971160441950697 vs. 1.1971160441950697
list:
dist: 2.9839148883346844 vs. 2.9839148883346844
list:
dist: 2.0022022000549002 vs. 2.0022022000549002
list:
dist: 2.434383286904037 vs. 2.434383286904037
list:
dist: 3.311789744376849 vs. 3.311789744376849
list:
dist: 1.7966770061129043 vs. 1.7966770061129043
list:
dist: 2.882167661211463 vs. 2.882167661211463
list:
dist: 2.547155298816543 vs. 2.547155298816543
list:
dist: 3.692915252483028 vs. 3.692915252483028
list:
dist: 3.262626612631554 vs. 3.262626612631554
list:
dist: 2.2615049004909378 vs. 2.2615049004909378
list:
dist: 1.7558689202924163 vs. 1.7558689202924163
list:
dist: 1.569417242017522 vs. 1.569417242017522
list:
dist: 0.5113388888413338 vs. 0.5113388888413338
list:
dist: 1.7935392717119594 vs. 1.7935392717119594
list:
dist: 0.9363759217857887 vs. 0.9363759217857887
list:
dist: 1.170094513392312 vs. 1.170094513392312
list:
dist: 2.67131499702073 vs. 2.67131499702073
list:
dist: 1.5381651585220226 vs. 1.5381651585220226
list:
dist: 1.4009697427820176 vs. 1.4009697427820176
list:
dist: 1.8596082216819758 vs. 1.8596082216819758
list:
dist: 2.4541567423747987 vs. 2.4541567423747987
list:
dist: 2.8302629499143954 vs. 2.8302629499143954
list:
dist: 1.5478434975975897 vs. 1.5478434975975897
list:
dist: 2.38496061730242 vs. 2.38496061730242
list:
dist: 1.8302129081979004 vs. 1.8302129081979004
list:
dist: 1.2671174459008925 vs. 1.2671174459008925
list:
dist: 0.9363759217857887 vs. 0.9363759217857887
list:
dist: 1.5713600212908314 vs. 1.5713600212908314
list:
dist: 0.9485427839711715 vs. 0.9485427839711715
list:
dist: 1.1356939628187706 vs. 1.1356939628187706
list:
dist: 1.8175774326151382 vs. 1.8175774326151382
list:
dist: 2.8044994596558577 vs. 2.8044994596558577
list:
dist: 2.2738861930265326 vs. 2.2738861930265326
list:
dist: 1.930592153224953 vs. 1.930592153224953
list:
dist: 1.8127403222176262 vs. 1.8127403222176262
list:
dist: 2.7209290598690585 vs. 2.7209290598690585
list:
dist: 3.3920130013231007 vs. 3.3920130013231007
list:
dist: 2.1153514549155736 vs. 2.1153514549155736
list:
dist: 2.477274123492163 vs. 2.477274123492163
list:
dist: 2.241071312816782 vs. 2.241071312816782
list:
dist: 3.262626612631554 vs. 3.262626612631554
list:
dist: 3.068615172724953 vs. 3.068615172724953
list:
dist: 3.2415030955706388 vs. 3.2415030955706388
list:
dist: 2.1541928681705844 vs. 2.1541928681705844
list:
dist: 2.38496061730242 vs. 2.38496061730242
list:
dist: 2.3310053508223194 vs. 2.3310053508223194
list:
dist: 1.5381651585220226 vs. 1.5381651585220226
list:
dist: 3.0141011144475693 vs. 3.0141011144475693
list:
dist: 1.9800498666589006 vs. 1.9800498666589006
list:
dist: 3.3043531060273055 vs. 3.3043531060273055
list:
dist: 2.2738861930265326 vs. 2.2738861930265326
list:
dist: 2.0556166631774992 vs. 2.0556166631774992
list:
dist: 1.8883823630163588 vs. 1.8883823630163588
list:
dist: 0.7173418888253368 vs. 0.7173418888253368
list:
dist: 1.7825181949528834 vs. 1.7825181949528834
list:
dist: 1.8162301723947276 vs. 1.8162301723947276
list:
dist: 2.593565955899908 vs. 2.593565955899908
list:
dist: 1.6890454044387069 vs. 1.6890454044387069
list:
dist: 1.6355461175814507 vs. 1.6355461175814507
list:
dist: 3.5361468154797406 vs. 3.5361468154797406
list:
dist: 1.7890794195751454 vs. 1.7890794195751454
list:
dist: 2.1562774585233946 vs. 2.1562774585233946
list:
dist: 2.219999353509227 vs. 2.219999353509227
list:
dist: 3.3431184248838166 vs. 3.3431184248838166
list:
dist: 2.011742983158362 vs. 2.011742983158362
list:
dist: 2.67131499702073 vs. 2.67131499702073
list:
dist: 4.161421025426327 vs. 4.161421025426327
list:
dist: 3.120427508031128 vs. 3.120427508031128
list:
dist: 3.9197164196378127 vs. 3.9197164196378127
list:
dist: 2.8044994596558577 vs. 2.8044994596558577
list:
dist: 1.8883823630163588 vs. 1.8883823630163588
list:
dist: 1.5644836977261043 vs. 1.5644836977261043
list:
dist: 1.2230927179270579 vs. 1.2230927179270579
list:
dist: 1.5131848599959858 vs. 1.5131848599959858
list:
dist: 2.1294891963942333 vs. 2.1294891963942333
list:
dist: 3.5033660144852306 vs. 3.5033660144852306
list:
dist: 2.0124658991827684 vs. 2.0124658991827684
list:
dist: 2.5587571638393474 vs. 2.5587571638393474
list:
dist: 2.4541567423747987 vs. 2.4541567423747987
list:
dist: 3.951506165989443 vs. 3.951506165989443
list:
dist: 2.7500324199298527 vs. 2.7500324199298527
list:
dist: 3.714264210701963 vs. 3.714264210701963
list:
dist: 2.7209290598690585 vs. 2.7209290598690585
list:
dist: 2.81051508526892 vs. 2.81051508526892
list:
dist: 1.5131848599959858 vs. 1.5131848599959858
list:
dist: 1.8162301723947276 vs. 1.8162301723947276
list:
dist: 1.2430960991553912 vs. 1.2430960991553912
list:
dist: 1.1971160441950697 vs. 1.1971160441950697
list:
dist: 2.2420545482647585 vs. 2.2420545482647585
list:
dist: 1.7676566361469324 vs. 1.7676566361469324
list:
dist: 1.5801868668973935 vs. 1.5801868668973935
list:
dist: 2.166113695432169 vs. 2.166113695432169
list:
dist: 0.6939191785472629 vs. 0.6939191785472629
list:
dist: 2.0095679375451643 vs. 2.0095679375451643
list:
dist: 1.4717473268107257 vs. 1.4717473268107257
list:
dist: 2.5217975038580667 vs. 2.5217975038580667
list:
dist: 3.2415030955706388 vs. 3.2415030955706388
list:
dist: 1.9086623652511567 vs. 1.9086623652511567
list:
dist: 2.0584185570831575 vs. 2.0584185570831575
list:
dist: 0.5113388888413338 vs. 0.5113388888413338
list:
dist: 1.2125958518303352 vs. 1.2125958518303352
list:
dist: 1.4778698775445236 vs. 1.4778698775445236
list:
dist: 0.9485427839711715 vs. 0.9485427839711715
list:
dist: 0.9083482519879931 vs. 0.9083482519879931
list:
dist: 3.120427508031128 vs. 3.120427508031128
list:
dist: 1.9800498666589006 vs. 1.9800498666589006
list:
dist: 1.812085234349333 vs. 1.812085234349333
list:
dist: 2.1963244974344303 vs. 2.1963244974344303
list:
dist: 2.7500324199298527 vs. 2.7500324199298527
list:
dist: 2.8169491237380777 vs. 2.8169491237380777
list:
dist: 1.5767366994267418 vs. 1.5767366994267418
list:
dist: 2.1562774585233946 vs. 2.1562774585233946
list:
dist: 2.096268863263162 vs. 2.096268863263162
list:
dist: 2.882167661211463 vs. 2.882167661211463
list:
dist: 2.0095679375451643 vs. 2.0095679375451643
list:
dist: 0.8660362533674605 vs. 0.8660362533674605
list:
dist: 1.501634565771974 vs. 1.501634565771974
list:
dist: 2.034158793301226 vs. 2.034158793301226
list:
dist: 1.9550154640264572 vs. 1.9550154640264572
list:
dist: 1.5969116987802865 vs. 1.5969116987802865
list:
dist: 2.0496618224958856 vs. 2.0496618224958856
list:
dist: 1.3707922324431125 vs. 1.3707922324431125
list:
dist: 0.7831327347476974 vs. 0.7831327347476974
list:
dist: 1.6010173469298548 vs. 1.6010173469298548
list:
dist: 1.7674007234972442 vs. 1.7674007234972442
list:
dist: 2.496231813945576 vs. 2.496231813945576
list:
dist: 2.0124658991827684 vs. 2.0124658991827684
list:
dist: 1.7890794195751454 vs. 1.7890794195751454
list:
dist: 1.4052222530567413 vs. 1.4052222530567413
list:
dist: 1.7966770061129043 vs. 1.7966770061129043
list:
dist: 0.6939191785472629 vs. 0.6939191785472629
list:
dist: 1.7471586885573394 vs. 1.7471586885573394
list:
dist: 1.6033753420395793 vs. 1.6033753420395793
list:
dist: 1.1467976545911187 vs. 1.1467976545911187
list:
dist: 1.7816587697233943 vs. 1.7816587697233943
list:
dist: 1.3707922324431125 vs. 1.3707922324431125
list:
dist: 0.7976402489857747 vs. 0.7976402489857747
list:
dist: 1.9077791900971934 vs. 1.9077791900971934
list:
dist: 2.8166454073969933 vs. 2.8166454073969933
list:
dist: 2.492556229291699 vs. 2.492556229291699
list:
dist: 1.170094513392312 vs. 1.170094513392312
list:
dist: 1.69086697423451 vs. 1.69086697423451
list:
dist: 0.9083482519879931 vs. 0.9083482519879931
list:
dist: 2.183497048722018 vs. 2.183497048722018
list:
dist: 1.8175774326151382 vs. 1.8175774326151382
list:
dist: 3.8085882752010964 vs. 3.8085882752010964
list:
dist: 2.0556166631774992 vs. 2.0556166631774992
list:
dist: 1.9872190064073794 vs. 1.9872190064073794
list:
dist: 2.6396995724404295 vs. 2.6396995724404295
list:
dist: 2.81051508526892 vs. 2.81051508526892
list:
dist: 2.1791624869919475 vs. 2.1791624869919475
list:
dist: 1.1835547642631068 vs. 1.1835547642631068
list:
dist: 1.9561324037755046 vs. 1.9561324037755046
list:
dist: 2.5451091046302694 vs. 2.5451091046302694
list:
dist: 1.5478434975975897 vs. 1.5478434975975897
list:
dist: 2.7057140995702267 vs. 2.7057140995702267
list:
dist: 1.5767366994267418 vs. 1.5767366994267418
list:
dist: 2.8075967496917684 vs. 2.8075967496917684
list:
dist: 2.1153514549155736 vs. 2.1153514549155736
list:
dist: 1.1835547642631068 vs. 1.1835547642631068
list:
dist: 4.3801257433325835 vs. 4.3801257433325835
list:
dist: 1.6890454044387069 vs. 1.6890454044387069
list:
dist: 1.3728106436477088 vs. 1.3728106436477088
list:
dist: 2.0022022000549002 vs. 2.0022022000549002
list:
dist: 1.7676566361469324 vs. 1.7676566361469324
list:
dist: 1.2987241490704131 vs. 1.2987241490704131
list:
dist: 1.9582310951507378 vs. 1.9582310951507378
list:
dist: 2.3834748897868465 vs. 2.3834748897868465
list:
dist: 2.2638379429321245 vs. 2.2638379429321245
list:
dist: 2.870172187311178 vs. 2.870172187311178
list:
dist: 1.6033753420395793 vs. 1.6033753420395793
list:
dist: 1.501634565771974 vs. 1.501634565771974
list:
dist: 1.7254288120338563 vs. 1.7254288120338563
list:
dist: 2.9128333964829296 vs. 2.9128333964829296
list:
dist: 2.964928591105698 vs. 2.964928591105698
list:
dist: 3.8085882752010964 vs. 3.8085882752010964
list:
dist: 1.1453868738085546 vs. 1.1453868738085546
list:
dist: 4.144550153343014 vs. 4.144550153343014
list:
dist: 4.3801257433325835 vs. 4.3801257433325835
list:
dist: 2.704511366561389 vs. 2.704511366561389
list:
dist: 2.959318368884367 vs. 2.959318368884367
list:
dist: 2.8302629499143954 vs. 2.8302629499143954
list:
dist: 3.8372786872115188 vs. 3.8372786872115188
list:
dist: 2.8169491237380777 vs. 2.8169491237380777
list:
dist: 3.974888122540754 vs. 3.974888122540754
list:
dist: 3.3920130013231007 vs. 3.3920130013231007
list:
dist: 2.1791624869919475 vs. 2.1791624869919475
list:
dist: 4.144550153343014 vs. 4.144550153343014
list:
dist: 2.593565955899908 vs. 2.593565955899908
list:
dist: 2.3769062341645477 vs. 2.3769062341645477
list:
dist: 2.9839148883346844 vs. 2.9839148883346844
list:
dist: 2.2420545482647585 vs. 2.2420545482647585
list:
dist: 1.2987241490704131 vs. 1.2987241490704131
list:
dist: 1.5111302221387104 vs. 1.5111302221387104
list:
dist: 1.6142717643254267 vs. 1.6142717643254267
list:
dist: 2.3549340217865 vs. 2.3549340217865
list:
dist: 2.1459722925890663 vs. 2.1459722925890663
list:
dist: 1.7471586885573394 vs. 1.7471586885573394
list:
dist: 0.8660362533674605 vs. 0.8660362533674605
list:
dist: 1.2669905541474924 vs. 1.2669905541474924
list:
dist: 2.027775334005127 vs. 2.027775334005127
list:
dist: 1.848771815116981 vs. 1.848771815116981
list:
dist: 1.9561324037755046 vs. 1.9561324037755046
list:
dist: 2.704511366561389 vs. 2.704511366561389
list:
dist: 3.108566866255372 vs. 3.108566866255372
list:
dist: 1.5111302221387104 vs. 1.5111302221387104
list:
dist: 1.9582310951507378 vs. 1.9582310951507378
list:
dist: 0.7334078750552114 vs. 0.7334078750552114
list:
dist: 2.034158793301226 vs. 2.034158793301226
list:
dist: 2.6954294757524706 vs. 2.6954294757524706
list:
dist: 3.333368923999948 vs. 3.333368923999948
list:
dist: 2.050711087641474 vs. 2.050711087641474
list:
dist: 1.1453868738085546 vs. 1.1453868738085546
list:
dist: 3.108566866255372 vs. 3.108566866255372
list:
dist: 3.207357224146865 vs. 3.207357224146865
list:
dist: 2.219999353509227 vs. 2.219999353509227
list:
dist: 1.994473919928756 vs. 1.994473919928756
list:
dist: 2.547155298816543 vs. 2.547155298816543
list:
dist: 1.4717473268107257 vs. 1.4717473268107257
list:
dist: 1.2669905541474924 vs. 1.2669905541474924
list:
dist: 1.7254288120338563 vs. 1.7254288120338563
list:
dist: 2.6954294757524706 vs. 2.6954294757524706
list:
dist: 2.6668244339740834 vs. 2.6668244339740834
list:
dist: 1.3056056925696347 vs. 1.3056056925696347
list:
dist: 1.4319467407951134 vs. 1.4319467407951134
list:
dist: 0.7976402489857747 vs. 0.7976402489857747
list:
dist: 0.7831327347476974 vs. 0.7831327347476974
list:
dist: 1.2531571625142623 vs. 1.2531571625142623
list:
dist: 2.3188187756030088 vs. 2.3188187756030088
list:
dist: 2.22565146830837 vs. 2.22565146830837
list:
dist: 2.5451091046302694 vs. 2.5451091046302694
list:
dist: 2.959318368884367 vs. 2.959318368884367
list:
dist: 3.207357224146865 vs. 3.207357224146865
list:
dist: 1.6142717643254267 vs. 1.6142717643254267
list:
dist: 2.3834748897868465 vs. 2.3834748897868465
list:
dist: 0.7334078750552114 vs. 0.7334078750552114
list:
dist: 1.9550154640264572 vs. 1.9550154640264572
list:
dist: 2.6668244339740834 vs. 2.6668244339740834
list:
dist: 3.0537187437868223 vs. 3.0537187437868223
list:
dist: 1.413538948751334 vs. 1.413538948751334
list:
dist: 2.623984804820683 vs. 2.623984804820683
list:
dist: 1.8725960380608424 vs. 1.8725960380608424
list:
dist: 2.8166454073969933 vs. 2.8166454073969933
list:
dist: 2.496231813945576 vs. 2.496231813945576
list:
dist: 2.22565146830837 vs. 2.22565146830837
list:
dist: 1.0203775710922405 vs. 1.0203775710922405
list:
dist: 2.520043868524959 vs. 2.520043868524959
list:
dist: 3.3431184248838166 vs. 3.3431184248838166
list:
dist: 3.20212520586613 vs. 3.20212520586613
list:
dist: 3.692915252483028 vs. 3.692915252483028
list:
dist: 2.5217975038580667 vs. 2.5217975038580667
list:
dist: 2.027775334005127 vs. 2.027775334005127
list:
dist: 2.9128333964829296 vs. 2.9128333964829296
list:
dist: 3.333368923999948 vs. 3.333368923999948
list:
dist: 3.0537187437868223 vs. 3.0537187437868223
list:
dist: 1.9988785378043465 vs. 1.9988785378043465
list:
dist: 1.1322963184368682 vs. 1.1322963184368682
list:
dist: 1.9077791900971934 vs. 1.9077791900971934
list:
dist: 1.6010173469298548 vs. 1.6010173469298548
list:
dist: 1.2531571625142623 vs. 1.2531571625142623
list:
dist: 2.1155966182064856 vs. 2.1155966182064856
list:
dist: 1.0203775710922405 vs. 1.0203775710922405
list:
dist: 1.848771815116981 vs. 1.848771815116981
list:
dist: 2.964928591105698 vs. 2.964928591105698
list:
dist: 2.050711087641474 vs. 2.050711087641474
list:
dist: 1.413538948751334 vs. 1.413538948751334
list:
dist: 1.7674007234972442 vs. 1.7674007234972442
list:
dist: 2.3188187756030088 vs. 2.3188187756030088
list:
dist: 2.1155966182064856 vs. 2.1155966182064856
list:
dist: 2.520043868524959 vs. 2.520043868524959
list:
dist: 2.1294891963942333 vs. 2.1294891963942333
list:
dist: 1.6355461175814507 vs. 1.6355461175814507
list:
dist: 1.7098027703033827 vs. 1.7098027703033827
list:
dist: 2.434383286904037 vs. 2.434383286904037
list:
dist: 1.5801868668973935 vs. 1.5801868668973935
list:
dist: 2.3549340217865 vs. 2.3549340217865
list:
dist: 2.2638379429321245 vs. 2.2638379429321245
list:
dist: 2.3983858193793117 vs. 2.3983858193793117
list:
dist: 1.1467976545911187 vs. 1.1467976545911187
list:
dist: 1.5969116987802865 vs. 1.5969116987802865
list:
dist: 1.3056056925696347 vs. 1.3056056925696347
list:
dist: 1.9988785378043465 vs. 1.9988785378043465
list:
dist: 2.623984804820683 vs. 2.623984804820683
list:
dist: 3.282601765844931 vs. 3.282601765844931
list:
dist: 1.7653776838973438 vs. 1.7653776838973438
list:
dist: 1.9490565140742457 vs. 1.9490565140742457
list:
dist: 1.5891294572551338 vs. 1.5891294572551338
list:
dist: 1.530341391840008 vs. 1.530341391840008
list:
dist: 1.8890370195112534 vs. 1.8890370195112534
list:
dist: 1.9132803800901201 vs. 1.9132803800901201
list:
dist: 2.0483394476251724 vs. 2.0483394476251724
list:
dist: 0.9036362805567769 vs. 0.9036362805567769
list:
dist: 0.9117046896229807 vs. 0.9117046896229807
list:
dist: 0.4867688339118207 vs. 0.4867688339118207
list:
dist: 1.5298676580946802 vs. 1.5298676580946802
list:
dist: 2.510208826136044 vs. 2.510208826136044
list:
dist: 1.818166698628397 vs. 1.818166698628397
list:
dist: 1.527818513380084 vs. 1.527818513380084
list:
dist: 3.0512245102453837 vs. 3.0512245102453837
list:
dist: 1.9325568182836121 vs. 1.9325568182836121
list:
dist: 2.4987964862453693 vs. 2.4987964862453693
list:
dist: 1.5129507788874363 vs. 1.5129507788874363
list:
dist: 3.1171018795107575 vs. 3.1171018795107575
list:
dist: 2.9333412938217176 vs. 2.9333412938217176
list:
dist: 1.363478970773843 vs. 1.363478970773843
list:
dist: 2.0032511044699657 vs. 2.0032511044699657
list:
dist: 2.82570968009147 vs. 2.82570968009147
list:
dist: 1.5273980362969182 vs. 1.5273980362969182
list:
dist: 0.7291724987716407 vs. 0.7291724987716407
list:
dist: 1.3913215570223552 vs. 1.3913215570223552
list:
dist: 1.3114676685925442 vs. 1.3114676685925442
list:
dist: 2.3228256937651133 vs. 2.3228256937651133
list:
dist: 3.57496843464089 vs. 3.57496843464089
list:
dist: 2.0749942305281754 vs. 2.0749942305281754
list:
dist: 2.3517421669806655 vs. 2.3517421669806655
list:
dist: 1.530341391840008 vs. 1.530341391840008
list:
dist: 1.8195478346637308 vs. 1.8195478346637308
list:
dist: 2.989038022458145 vs. 2.989038022458145
list:
dist: 2.492448472030051 vs. 2.492448472030051
list:
dist: 2.294907177674178 vs. 2.294907177674178
list:
dist: 2.476967212659546 vs. 2.476967212659546
list:
dist: 1.975775341572237 vs. 1.975775341572237
list:
dist: 3.587584170910815 vs. 3.587584170910815
list:
dist: 2.458336059722252 vs. 2.458336059722252
list:
dist: 3.773036845235737 vs. 3.773036845235737
list:
dist: 2.7612580900466117 vs. 2.7612580900466117
list:
dist: 3.7777039345599377 vs. 3.7777039345599377
list:
dist: 4.246003933981313 vs. 4.246003933981313
list:
dist: 2.854661371739535 vs. 2.854661371739535
list:
dist: 3.773036845235737 vs. 3.773036845235737
list:
dist: 3.3120282148224827 vs. 3.3120282148224827
list:
dist: 2.2505849932445803 vs. 2.2505849932445803
list:
dist: 1.6616524657398593 vs. 1.6616524657398593
list:
dist: 1.9636694414128442 vs. 1.9636694414128442
list:
dist: 1.6244970634449116 vs. 1.6244970634449116
list:
dist: 2.4987964862453693 vs. 2.4987964862453693
list:
dist: 2.563308076202982 vs. 2.563308076202982
list:
dist: 1.15479312195996 vs. 1.15479312195996
list:
dist: 3.054472417960068 vs. 3.054472417960068
list:
dist: 1.910749412705695 vs. 1.910749412705695
list:
dist: 2.506819698483815 vs. 2.506819698483815
list:
dist: 2.1245394456112736 vs. 2.1245394456112736
list:
dist: 1.8818990754539195 vs. 1.8818990754539195
list:
dist: 1.5532280110280268 vs. 1.5532280110280268
list:
dist: 2.0564139013837863 vs. 2.0564139013837863
list:
dist: 0.9693448655974627 vs. 0.9693448655974627
list:
dist: 1.5385179572574486 vs. 1.5385179572574486
list:
dist: 1.986332513741805 vs. 1.986332513741805
list:
dist: 2.0548405134756575 vs. 2.0548405134756575
list:
dist: 2.0032511044699657 vs. 2.0032511044699657
list:
dist: 2.567719428859637 vs. 2.567719428859637
list:
dist: 2.1383180621759803 vs. 2.1383180621759803
list:
dist: 1.86086205449113 vs. 1.86086205449113
list:
dist: 1.5273980362969182 vs. 1.5273980362969182
list:
dist: 2.479554609334167 vs. 2.479554609334167
list:
dist: 2.1248718717262873 vs. 2.1248718717262873
list:
dist: 3.4668924185178605 vs. 3.4668924185178605
list:
dist: 1.7905183507140996 vs. 1.7905183507140996
list:
dist: 2.326559939106103 vs. 2.326559939106103
list:
dist: 1.7653776838973438 vs. 1.7653776838973438
list:
dist: 1.6789327210897391 vs. 1.6789327210897391
list:
dist: 2.9893004510988392 vs. 2.9893004510988392
list:
dist: 1.363478970773843 vs. 1.363478970773843
list:
dist: 2.567719428859637 vs. 2.567719428859637
list:
dist: 2.737532079504898 vs. 2.737532079504898
list:
dist: 4.019934403318606 vs. 4.019934403318606
list:
dist: 2.82570968009147 vs. 2.82570968009147
list:
dist: 4.124894996169957 vs. 4.124894996169957
list:
dist: 4.730549817975236 vs. 4.730549817975236
list:
dist: 3.823893559521408 vs. 3.823893559521408
list:
dist: 4.06226405420019 vs. 4.06226405420019
list:
dist: 3.282601765844931 vs. 3.282601765844931
list:
dist: 3.1161461437869966 vs. 3.1161461437869966
list:
dist: 4.621209337114098 vs. 4.621209337114098
list:
dist: 4.06226405420019 vs. 4.06226405420019
list:
dist: 2.326559939106103 vs. 2.326559939106103
list:
dist: 2.8158573037703207 vs. 2.8158573037703207
list:
dist: 1.896109615274307 vs. 1.896109615274307
list:
dist: 2.3517421669806655 vs. 2.3517421669806655
list:
dist: 2.35747182204526 vs. 2.35747182204526
list:
dist: 1.7342623378530033 vs. 1.7342623378530033
list:
dist: 1.373687240885367 vs. 1.373687240885367
list:
dist: 0.6408062609910653 vs. 0.6408062609910653
list:
dist: 0.9117046896229807 vs. 0.9117046896229807
list:
dist: 0.9477678794903898 vs. 0.9477678794903898
list:
dist: 0.6811350942523551 vs. 0.6811350942523551
list:
dist: 2.6340336478260094 vs. 2.6340336478260094
list:
dist: 1.6169709099834075 vs. 1.6169709099834075
list:
dist: 1.7110720384181433 vs. 1.7110720384181433
list:
dist: 2.662788716319412 vs. 2.662788716319412
list:
dist: 1.6487970658300088 vs. 1.6487970658300088
list:
dist: 1.6244970634449116 vs. 1.6244970634449116
list:
dist: 1.058538917751882 vs. 1.058538917751882
list:
dist: 2.6879880756529464 vs. 2.6879880756529464
list:
dist: 2.0531255686048095 vs. 2.0531255686048095
list:
dist: 3.038408669045129 vs. 3.038408669045129
list:
dist: 2.3161474170805234 vs. 2.3161474170805234
list:
dist: 2.7612580900466117 vs. 2.7612580900466117
list:
dist: 2.4001815003711657 vs. 2.4001815003711657
list:
dist: 2.3519704811661137 vs. 2.3519704811661137
list:
dist: 1.4513127224811981 vs. 1.4513127224811981
list:
dist: 1.6307758815887876 vs. 1.6307758815887876
list:
dist: 1.058538917751882 vs. 1.058538917751882
list:
dist: 1.5129507788874363 vs. 1.5129507788874363
list:
dist: 1.742390568088359 vs. 1.742390568088359
list:
dist: 0.875767203373489 vs. 0.875767203373489
list:
dist: 2.5309075912380234 vs. 2.5309075912380234
list:
dist: 1.1670069492065214 vs. 1.1670069492065214
list:
dist: 1.2800847947551786 vs. 1.2800847947551786
list:
dist: 2.180540179375686 vs. 2.180540179375686
list:
dist: 1.8754449815606435 vs. 1.8754449815606435
list:
dist: 1.5532280110280268 vs. 1.5532280110280268
list:
dist: 2.028939667545805 vs. 2.028939667545805
list:
dist: 1.9080351646975664 vs. 1.9080351646975664
list:
dist: 2.261847828419218 vs. 2.261847828419218
list:
dist: 2.1939622436866064 vs. 2.1939622436866064
list:
dist: 2.8233733660199927 vs. 2.8233733660199927
list:
dist: 2.1248718717262873 vs. 2.1248718717262873
list:
dist: 1.0835231017344298 vs. 1.0835231017344298
list:
dist: 2.3228256937651133 vs. 2.3228256937651133
list:
dist: 1.9947359329712315 vs. 1.9947359329712315
list:
dist: 1.2929401852637465 vs. 1.2929401852637465
list:
dist: 1.7342623378530033 vs. 1.7342623378530033
list:
dist: 1.9132803800901201 vs. 1.9132803800901201
list:
dist: 2.0888436826861874 vs. 2.0888436826861874
list:
dist: 2.1651883689426064 vs. 2.1651883689426064
list:
dist: 2.7095530842356923 vs. 2.7095530842356923
list:
dist: 1.8866663924274207 vs. 1.8866663924274207
list:
dist: 1.8684574785834993 vs. 1.8684574785834993
list:
dist: 2.21704185701393 vs. 2.21704185701393
list:
dist: 2.384043804297527 vs. 2.384043804297527
list:
dist: 0.8178651362668313 vs. 0.8178651362668313
list:
dist: 2.2505849932445803 vs. 2.2505849932445803
list:
dist: 2.3519704811661137 vs. 2.3519704811661137
list:
dist: 2.719174989354525 vs. 2.719174989354525
list:
dist: 4.730549817975236 vs. 4.730549817975236
list:
dist: 3.4668924185178605 vs. 3.4668924185178605
list:
dist: 3.91134776634231 vs. 3.91134776634231
list:
dist: 3.259831526118047 vs. 3.259831526118047
list:
dist: 3.57496843464089 vs. 3.57496843464089
list:
dist: 3.609588202457625 vs. 3.609588202457625
list:
dist: 1.9138113516217448 vs. 1.9138113516217448
list:
dist: 1.373687240885367 vs. 1.373687240885367
list:
dist: 2.0483394476251724 vs. 2.0483394476251724
list:
dist: 1.8964037730764118 vs. 1.8964037730764118
list:
dist: 0.8779763036185119 vs. 0.8779763036185119
list:
dist: 3.817613880742617 vs. 3.817613880742617
list:
dist: 2.5270668682100474 vs. 2.5270668682100474
list:
dist: 2.655014067797541 vs. 2.655014067797541
list:
dist: 3.354172801054666 vs. 3.354172801054666
list:
dist: 2.806349910678367 vs. 2.806349910678367
list:
dist: 1.6616524657398593 vs. 1.6616524657398593
list:
dist: 1.4513127224811981 vs. 1.4513127224811981
list:
dist: 3.1958914471631665 vs. 3.1958914471631665
list:
dist: 1.3180893786113868 vs. 1.3180893786113868
list:
dist: 3.1161461437869966 vs. 3.1161461437869966
list:
dist: 1.6789327210897391 vs. 1.6789327210897391
list:
dist: 2.2468636058959466 vs. 2.2468636058959466
list:
dist: 1.9368335205832066 vs. 1.9368335205832066
list:
dist: 1.8195478346637308 vs. 1.8195478346637308
list:
dist: 2.344849170419572 vs. 2.344849170419572
list:
dist: 2.0888436826861874 vs. 2.0888436826861874
list:
dist: 1.8964037730764118 vs. 1.8964037730764118
list:
dist: 0.8953320978055475 vs. 0.8953320978055475
list:
dist: 0.9477678794903898 vs. 0.9477678794903898
list:
dist: 0.4867688339118207 vs. 0.4867688339118207
list:
dist: 1.5328052303998876 vs. 1.5328052303998876
list:
dist: 2.951093548873614 vs. 2.951093548873614
list:
dist: 2.2204530434915766 vs. 2.2204530434915766
list:
dist: 1.9918114376822036 vs. 1.9918114376822036
list:
dist: 3.412046827655661 vs. 3.412046827655661
list:
dist: 2.2289778598707843 vs. 2.2289778598707843
list:
dist: 2.563308076202982 vs. 2.563308076202982
list:
dist: 1.742390568088359 vs. 1.742390568088359
list:
dist: 3.4683322647940638 vs. 3.4683322647940638
list:
dist: 2.887532825899684 vs. 2.887532825899684
list:
dist: 2.737532079504898 vs. 2.737532079504898
list:
dist: 2.1383180621759803 vs. 2.1383180621759803
list:
dist: 2.0080583166081714 vs. 2.0080583166081714
list:
dist: 0.7291724987716407 vs. 0.7291724987716407
list:
dist: 1.5889102769825578 vs. 1.5889102769825578
list:
dist: 3.91134776634231 vs. 3.91134776634231
list:
dist: 2.6588715771687563 vs. 2.6588715771687563
list:
dist: 2.8158573037703207 vs. 2.8158573037703207
list:
dist: 1.9490565140742457 vs. 1.9490565140742457
list:
dist: 2.2468636058959466 vs. 2.2468636058959466
list:
dist: 3.3996057948080347 vs. 3.3996057948080347
list:
dist: 2.6213763166372184 vs. 2.6213763166372184
list:
dist: 2.6302688582049254 vs. 2.6302688582049254
list:
dist: 2.7998504805649986 vs. 2.7998504805649986
list:
dist: 2.146621655534742 vs. 2.146621655534742
list:
dist: 3.9333341981329526 vs. 3.9333341981329526
list:
dist: 3.0165399709492546 vs. 3.0165399709492546
list:
dist: 4.246003933981313 vs. 4.246003933981313
list:
dist: 3.038408669045129 vs. 3.038408669045129
list:
dist: 4.0692495997268665 vs. 4.0692495997268665
list:
dist: 4.019934403318606 vs. 4.019934403318606
list:
dist: 1.86086205449113 vs. 1.86086205449113
list:
dist: 2.0080583166081714 vs. 2.0080583166081714
list:
dist: 1.3913215570223552 vs. 1.3913215570223552
list:
dist: 0.9816760343043576 vs. 0.9816760343043576
list:
dist: 1.0835231017344298 vs. 1.0835231017344298
list:
dist: 3.259831526118047 vs. 3.259831526118047
list:
dist: 1.5374229392339118 vs. 1.5374229392339118
list:
dist: 1.896109615274307 vs. 1.896109615274307
list:
dist: 1.5891294572551338 vs. 1.5891294572551338
list:
dist: 1.9368335205832066 vs. 1.9368335205832066
list:
dist: 2.4577488755779764 vs. 2.4577488755779764
list:
dist: 1.9402938618244217 vs. 1.9402938618244217
list:
dist: 1.3206712903411515 vs. 1.3206712903411515
list:
dist: 1.6632701823965699 vs. 1.6632701823965699
list:
dist: 1.6408679188083757 vs. 1.6408679188083757
list:
dist: 2.4886863520652285 vs. 2.4886863520652285
list:
dist: 1.175426099314078 vs. 1.175426099314078
list:
dist: 2.854661371739535 vs. 2.854661371739535
list:
dist: 2.3161474170805234 vs. 2.3161474170805234
list:
dist: 2.793574844108031 vs. 2.793574844108031
list:
dist: 2.8424783118610013 vs. 2.8424783118610013
list:
dist: 2.991131306430146 vs. 2.991131306430146
list:
dist: 3.562891972168832 vs. 3.562891972168832
list:
dist: 4.3523999693919055 vs. 4.3523999693919055
list:
dist: 4.150532362828962 vs. 4.150532362828962
list:
dist: 3.9684766965063347 vs. 3.9684766965063347
list:
dist: 3.2632650901973395 vs. 3.2632650901973395
list:
dist: 2.422690117965257 vs. 2.422690117965257
list:
dist: 3.823893559521408 vs. 3.823893559521408
list:
dist: 1.7905183507140996 vs. 1.7905183507140996
list:
dist: 2.6588715771687563 vs. 2.6588715771687563
list:
dist: 1.5374229392339118 vs. 1.5374229392339118
list:
dist: 2.0749942305281754 vs. 2.0749942305281754
list:
dist: 2.2132663300797155 vs. 2.2132663300797155
list:
dist: 1.2929401852637465 vs. 1.2929401852637465
list:
dist: 1.9138113516217448 vs. 1.9138113516217448
list:
dist: 0.6408062609910653 vs. 0.6408062609910653
list:
dist: 0.9036362805567769 vs. 0.9036362805567769
list:
dist: 0.8953320978055475 vs. 0.8953320978055475
list:
dist: 1.2568041621155934 vs. 1.2568041621155934
list:
dist: 2.528108965966235 vs. 2.528108965966235
list:
dist: 1.8447104265370917 vs. 1.8447104265370917
list:
dist: 1.9354740097307372 vs. 1.9354740097307372
list:
dist: 2.836097097496602 vs. 2.836097097496602
list:
dist: 1.4977072743768938 vs. 1.4977072743768938
list:
dist: 1.9636694414128442 vs. 1.9636694414128442
list:
dist: 1.6307758815887876 vs. 1.6307758815887876
list:
dist: 2.9689727333923512 vs. 2.9689727333923512
list:
dist: 2.50742297403543 vs. 2.50742297403543
list:
dist: 3.0165399709492546 vs. 3.0165399709492546
list:
dist: 1.175426099314078 vs. 1.175426099314078
list:
dist: 2.458336059722252 vs. 2.458336059722252
list:
dist: 1.7467882327799908 vs. 1.7467882327799908
list:
dist: 0.8178651362668313 vs. 0.8178651362668313
list:
dist: 2.806349910678367 vs. 2.806349910678367
list:
dist: 1.4977072743768938 vs. 1.4977072743768938
list:
dist: 1.6487970658300088 vs. 1.6487970658300088
list:
dist: 1.9325568182836121 vs. 1.9325568182836121
list:
dist: 2.2289778598707843 vs. 2.2289778598707843
list:
dist: 1.9306024481614308 vs. 1.9306024481614308
list:
dist: 2.284009951908293 vs. 2.284009951908293
list:
dist: 1.3903504366900352 vs. 1.3903504366900352
list:
dist: 1.1496793368596434 vs. 1.1496793368596434
list:
dist: 1.6809671067037193 vs. 1.6809671067037193
list:
dist: 1.5886918906495964 vs. 1.5886918906495964
list:
dist: 1.8818990754539195 vs. 1.8818990754539195
list:
dist: 1.8754449815606435 vs. 1.8754449815606435
list:
dist: 1.9117438613074837 vs. 1.9117438613074837
list:
dist: 2.439734446847933 vs. 2.439734446847933
list:
dist: 2.3876747858285374 vs. 2.3876747858285374
list:
dist: 2.2403306848835483 vs. 2.2403306848835483
list:
dist: 4.124894996169957 vs. 4.124894996169957
list:
dist: 2.479554609334167 vs. 2.479554609334167
list:
dist: 1.5889102769825578 vs. 1.5889102769825578
list:
dist: 0.9816760343043576 vs. 0.9816760343043576
list:
dist: 1.3114676685925442 vs. 1.3114676685925442
list:
dist: 1.9947359329712315 vs. 1.9947359329712315
list:
dist: 3.609588202457625 vs. 3.609588202457625
list:
dist: 2.2132663300797155 vs. 2.2132663300797155
list:
dist: 2.35747182204526 vs. 2.35747182204526
list:
dist: 1.8890370195112534 vs. 1.8890370195112534
list:
dist: 2.344849170419572 vs. 2.344849170419572
list:
dist: 2.848772737431451 vs. 2.848772737431451
list:
dist: 1.2640923202774386 vs. 1.2640923202774386
list:
dist: 1.041852740265582 vs. 1.041852740265582
list:
dist: 1.6123140322295257 vs. 1.6123140322295257
list:
dist: 1.2684315807897457 vs. 1.2684315807897457
list:
dist: 2.4810845445679535 vs. 2.4810845445679535
list:
dist: 1.7467882327799908 vs. 1.7467882327799908
list:
dist: 3.3120282148224827 vs. 3.3120282148224827
list:
dist: 2.4001815003711657 vs. 2.4001815003711657
list:
dist: 2.7151102075444427 vs. 2.7151102075444427
list:
dist: 3.621335483432494 vs. 3.621335483432494
list:
dist: 2.482828137446168 vs. 2.482828137446168
list:
dist: 2.6213763166372184 vs. 2.6213763166372184
list:
dist: 1.9402938618244217 vs. 1.9402938618244217
list:
dist: 2.492448472030051 vs. 2.492448472030051
list:
dist: 1.2640923202774386 vs. 1.2640923202774386
list:
dist: 2.7095530842356923 vs. 2.7095530842356923
list:
dist: 0.8997406638432095 vs. 0.8997406638432095
list:
dist: 2.112149592269144 vs. 2.112149592269144
list:
dist: 2.0157486949367063 vs. 2.0157486949367063
list:
dist: 2.3376270737946316 vs. 2.3376270737946316
list:
dist: 2.284009951908293 vs. 2.284009951908293
list:
dist: 2.146621655534742 vs. 2.146621655534742
list:
dist: 1.6408679188083757 vs. 1.6408679188083757
list:
dist: 1.975775341572237 vs. 1.975775341572237
list:
dist: 1.2684315807897457 vs. 1.2684315807897457
list:
dist: 2.21704185701393 vs. 2.21704185701393
list:
dist: 2.655014067797541 vs. 2.655014067797541
list:
dist: 1.9354740097307372 vs. 1.9354740097307372
list:
dist: 1.7110720384181433 vs. 1.7110720384181433
list:
dist: 1.527818513380084 vs. 1.527818513380084
list:
dist: 1.9918114376822036 vs. 1.9918114376822036
list:
dist: 1.9740903471163629 vs. 1.9740903471163629
list:
dist: 2.0157486949367063 vs. 2.0157486949367063
list:
dist: 1.567848456383116 vs. 1.567848456383116
list:
dist: 0.7914820160521445 vs. 0.7914820160521445
list:
dist: 1.9965713879182188 vs. 1.9965713879182188
list:
dist: 1.6809671067037193 vs. 1.6809671067037193
list:
dist: 2.506819698483815 vs. 2.506819698483815
list:
dist: 1.2800847947551786 vs. 1.2800847947551786
list:
dist: 2.0022262406208395 vs. 2.0022262406208395
list:
dist: 2.8346621979640583 vs. 2.8346621979640583
list:
dist: 2.4696222522577775 vs. 2.4696222522577775
list:
dist: 3.0462312569273697 vs. 3.0462312569273697
list:
dist: 4.621209337114098 vs. 4.621209337114098
list:
dist: 2.9893004510988392 vs. 2.9893004510988392
list:
dist: 3.3996057948080347 vs. 3.3996057948080347
list:
dist: 2.4577488755779764 vs. 2.4577488755779764
list:
dist: 2.989038022458145 vs. 2.989038022458145
list:
dist: 2.848772737431451 vs. 2.848772737431451
list:
dist: 2.1651883689426064 vs. 2.1651883689426064
list:
dist: 0.8779763036185119 vs. 0.8779763036185119
list:
dist: 1.2568041621155934 vs. 1.2568041621155934
list:
dist: 0.6811350942523551 vs. 0.6811350942523551
list:
dist: 1.5298676580946802 vs. 1.5298676580946802
list:
dist: 1.5328052303998876 vs. 1.5328052303998876
list:
dist: 2.9718555193073874 vs. 2.9718555193073874
list:
dist: 1.7344653711595384 vs. 1.7344653711595384
list:
dist: 1.9740903471163629 vs. 1.9740903471163629
list:
dist: 2.5924855460009866 vs. 2.5924855460009866
list:
dist: 1.9306024481614308 vs. 1.9306024481614308
list:
dist: 1.15479312195996 vs. 1.15479312195996
list:
dist: 0.875767203373489 vs. 0.875767203373489
list:
dist: 2.5161266959423716 vs. 2.5161266959423716
list:
dist: 1.405022296549994 vs. 1.405022296549994
list:
dist: 1.3180893786113868 vs. 1.3180893786113868
list:
dist: 2.50742297403543 vs. 2.50742297403543
list:
dist: 2.0531255686048095 vs. 2.0531255686048095
list:
dist: 2.9333412938217176 vs. 2.9333412938217176
list:
dist: 2.887532825899684 vs. 2.887532825899684
list:
dist: 1.405022296549994 vs. 1.405022296549994
list:
dist: 0.9693448655974627 vs. 0.9693448655974627
list:
dist: 1.9080351646975664 vs. 1.9080351646975664
list:
dist: 2.762407415829931 vs. 2.762407415829931
list:
dist: 2.008954516302398 vs. 2.008954516302398
list:
dist: 2.5243172763130266 vs. 2.5243172763130266
list:
dist: 2.7806662011300953 vs. 2.7806662011300953
list:
dist: 4.0692495997268665 vs. 4.0692495997268665
list:
dist: 2.793574844108031 vs. 2.793574844108031
list:
dist: 3.7777039345599377 vs. 3.7777039345599377
list:
dist: 2.7151102075444427 vs. 2.7151102075444427
list:
dist: 2.719174989354525 vs. 2.719174989354525
list:
dist: 3.1958914471631665 vs. 3.1958914471631665
list:
dist: 2.9689727333923512 vs. 2.9689727333923512
list:
dist: 2.6879880756529464 vs. 2.6879880756529464
list:
dist: 3.1171018795107575 vs. 3.1171018795107575
list:
dist: 3.4683322647940638 vs. 3.4683322647940638
list:
dist: 2.5161266959423716 vs. 2.5161266959423716
list:
dist: 2.0483681577130706 vs. 2.0483681577130706
list:
dist: 1.3472938308450357 vs. 1.3472938308450357
list:
dist: 2.0022262406208395 vs. 2.0022262406208395
list:
dist: 0.5073510734352397 vs. 0.5073510734352397
list:
dist: 1.9117438613074837 vs. 1.9117438613074837
list:
dist: 2.0564139013837863 vs. 2.0564139013837863
list:
dist: 2.028939667545805 vs. 2.028939667545805
list:
dist: 2.762407415829931 vs. 2.762407415829931
list:
dist: 1.2264489334979032 vs. 1.2264489334979032
list:
dist: 0.6546743159359394 vs. 0.6546743159359394
list:
dist: 1.2553269599035544 vs. 1.2553269599035544
list:
dist: 2.7998504805649986 vs. 2.7998504805649986
list:
dist: 1.6632701823965699 vs. 1.6632701823965699
list:
dist: 2.476967212659546 vs. 2.476967212659546
list:
dist: 1.6123140322295257 vs. 1.6123140322295257
list:
dist: 1.8684574785834993 vs. 1.8684574785834993
list:
dist: 2.5270668682100474 vs. 2.5270668682100474
list:
dist: 1.8447104265370917 vs. 1.8447104265370917
list:
dist: 1.6169709099834075 vs. 1.6169709099834075
list:
dist: 1.818166698628397 vs. 1.818166698628397
list:
dist: 2.2204530434915766 vs. 2.2204530434915766
list:
dist: 1.7344653711595384 vs. 1.7344653711595384
list:
dist: 2.112149592269144 vs. 2.112149592269144
list:
dist: 1.4159124231240923 vs. 1.4159124231240923
list:
dist: 0.7914820160521445 vs. 0.7914820160521445
list:
dist: 1.2953646433310018 vs. 1.2953646433310018
list:
dist: 1.1496793368596434 vs. 1.1496793368596434
list:
dist: 1.910749412705695 vs. 1.910749412705695
list:
dist: 1.1670069492065214 vs. 1.1670069492065214
list:
dist: 1.3472938308450357 vs. 1.3472938308450357
list:
dist: 2.1320453870590783 vs. 2.1320453870590783
list:
dist: 1.8313708344406017 vs. 1.8313708344406017
list:
dist: 2.274458674736849 vs. 2.274458674736849
list:
dist: 2.4635448919354617 vs. 2.4635448919354617
list:
dist: 3.299088448608436 vs. 3.299088448608436
list:
dist: 3.9454038977765458 vs. 3.9454038977765458
list:
dist: 3.7176060305248466 vs. 3.7176060305248466
list:
dist: 3.193251615368103 vs. 3.193251615368103
list:
dist: 3.812525335458702 vs. 3.812525335458702
list:
dist: 3.595476496977261 vs. 3.595476496977261
list:
dist: 3.6057451874928987 vs. 3.6057451874928987
list:
dist: 3.8385466863027156 vs. 3.8385466863027156
list:
dist: 2.0795464015057608 vs. 2.0795464015057608
list:
dist: 2.8197395980411097 vs. 2.8197395980411097
list:
dist: 3.3380367589159285 vs. 3.3380367589159285
list:
dist: 3.1439103963479 vs. 3.1439103963479
list:
dist: 3.198861108215269 vs. 3.198861108215269
list:
dist: 1.853303418048849 vs. 1.853303418048849
list:
dist: 3.4046184620586986 vs. 3.4046184620586986
list:
dist: 3.7702779359468486 vs. 3.7702779359468486
list:
dist: 3.983474812351925 vs. 3.983474812351925
list:
dist: 3.7595774862538054 vs. 3.7595774862538054
list:
dist: 2.0757607550400436 vs. 2.0757607550400436
list:
dist: 2.6302688582049254 vs. 2.6302688582049254
list:
dist: 1.3206712903411515 vs. 1.3206712903411515
list:
dist: 2.294907177674178 vs. 2.294907177674178
list:
dist: 1.041852740265582 vs. 1.041852740265582
list:
dist: 1.8866663924274207 vs. 1.8866663924274207
list:
dist: 3.817613880742617 vs. 3.817613880742617
list:
dist: 2.528108965966235 vs. 2.528108965966235
list:
dist: 2.6340336478260094 vs. 2.6340336478260094
list:
dist: 2.510208826136044 vs. 2.510208826136044
list:
dist: 2.951093548873614 vs. 2.951093548873614
list:
dist: 2.9718555193073874 vs. 2.9718555193073874
list:
dist: 0.8997406638432095 vs. 0.8997406638432095
list:
dist: 1.4159124231240923 vs. 1.4159124231240923
list:
dist: 1.567848456383116 vs. 1.567848456383116
list:
dist: 1.6960932964414632 vs. 1.6960932964414632
list:
dist: 1.3903504366900352 vs. 1.3903504366900352
list:
dist: 3.054472417960068 vs. 3.054472417960068
list:
dist: 2.5309075912380234 vs. 2.5309075912380234
list:
dist: 2.0483681577130706 vs. 2.0483681577130706
list:
dist: 3.0931932201886583 vs. 3.0931932201886583
list:
dist: 2.6966660232192874 vs. 2.6966660232192874
list:
dist: 2.752137978413214 vs. 2.752137978413214
list:
dist: 2.752137978413214 vs. 2.752137978413214
list:
dist: 2.274458674736849 vs. 2.274458674736849
list:
dist: 3.0462312569273697 vs. 3.0462312569273697
list:
dist: 1.1865995382728531 vs. 1.1865995382728531
list:
dist: 2.2403306848835483 vs. 2.2403306848835483
list:
dist: 2.0548405134756575 vs. 2.0548405134756575
list:
dist: 2.8233733660199927 vs. 2.8233733660199927
list:
dist: 1.2553269599035544 vs. 1.2553269599035544
list:
dist: 2.7806662011300953 vs. 2.7806662011300953
list:
dist: 1.0363585435521503 vs. 1.0363585435521503
list:
dist: 1.1759063419887774 vs. 1.1759063419887774
list:
dist: 3.0931932201886583 vs. 3.0931932201886583
list:
dist: 2.1320453870590783 vs. 2.1320453870590783
list:
dist: 2.8346621979640583 vs. 2.8346621979640583
list:
dist: 1.4958763296562374 vs. 1.4958763296562374
list:
dist: 2.439734446847933 vs. 2.439734446847933
list:
dist: 1.5385179572574486 vs. 1.5385179572574486
list:
dist: 2.261847828419218 vs. 2.261847828419218
list:
dist: 1.2264489334979032 vs. 1.2264489334979032
list:
dist: 2.008954516302398 vs. 2.008954516302398
list:
dist: 0.752921181407273 vs. 0.752921181407273
list:
dist: 1.0363585435521503 vs. 1.0363585435521503
list:
dist: 2.6966660232192874 vs. 2.6966660232192874
list:
dist: 1.8313708344406017 vs. 1.8313708344406017
list:
dist: 2.4696222522577775 vs. 2.4696222522577775
list:
dist: 1.0868872743946472 vs. 1.0868872743946472
list:
dist: 2.3876747858285374 vs. 2.3876747858285374
list:
dist: 1.986332513741805 vs. 1.986332513741805
list:
dist: 2.1939622436866064 vs. 2.1939622436866064
list:
dist: 0.6546743159359394 vs. 0.6546743159359394
list:
dist: 2.5243172763130266 vs. 2.5243172763130266
list:
dist: 0.752921181407273 vs. 0.752921181407273
list:
dist: 1.1759063419887774 vs. 1.1759063419887774
list:
dist: 3.9333341981329526 vs. 3.9333341981329526
list:
dist: 2.4886863520652285 vs. 2.4886863520652285
list:
dist: 3.587584170910815 vs. 3.587584170910815
list:
dist: 2.4810845445679535 vs. 2.4810845445679535
list:
dist: 2.384043804297527 vs. 2.384043804297527
list:
dist: 3.354172801054666 vs. 3.354172801054666
list:
dist: 2.836097097496602 vs. 2.836097097496602
list:
dist: 2.662788716319412 vs. 2.662788716319412
list:
dist: 3.0512245102453837 vs. 3.0512245102453837
list:
dist: 3.412046827655661 vs. 3.412046827655661
list:
dist: 2.5924855460009866 vs. 2.5924855460009866
list:
dist: 2.3376270737946316 vs. 2.3376270737946316
list:
dist: 1.6960932964414632 vs. 1.6960932964414632
list:
dist: 1.2953646433310018 vs. 1.2953646433310018
list:
dist: 1.9965713879182188 vs. 1.9965713879182188
list:
dist: 1.5886918906495964 vs. 1.5886918906495964
list:
dist: 2.1245394456112736 vs. 2.1245394456112736
list:
dist: 2.180540179375686 vs. 2.180540179375686
list:
dist: 0.5073510734352397 vs. 0.5073510734352397
list:
dist: 1.4958763296562374 vs. 1.4958763296562374
list:
dist: 1.0868872743946472 vs. 1.0868872743946472
list:
dist: 1.1865995382728531 vs. 1.1865995382728531
list:
dist: 2.2390258573139357 vs. 2.2390258573139357
list:
dist: 3.289872593535857 vs. 3.289872593535857
list:
dist: 2.584281547484605 vs. 2.584281547484605
list:
dist: 1.1471366292102139 vs. 1.1471366292102139
list:
dist: 2.3589151605023777 vs. 2.3589151605023777
list:
dist: 1.8743966899018991 vs. 1.8743966899018991
list:
dist: 2.51023744625503 vs. 2.51023744625503
list:
dist: 2.250959778355612 vs. 2.250959778355612
list:
dist: 1.9569663669409874 vs. 1.9569663669409874
list:
dist: 1.4284441009397986 vs. 1.4284441009397986
list:
dist: 1.5969234595403659 vs. 1.5969234595403659
list:
dist: 2.3796829500380268 vs. 2.3796829500380268
list:
dist: 1.9865954978580227 vs. 1.9865954978580227
list:
dist: 3.1868944697349195 vs. 3.1868944697349195
list:
dist: 0.45189868908264086 vs. 0.45189868908264086
list:
dist: 1.0019208433237683 vs. 1.0019208433237683
list:
dist: 1.3608933543494834 vs. 1.3608933543494834
list:
dist: 1.1071940813934358 vs. 1.1071940813934358
list:
dist: 1.0424136749459854 vs. 1.0424136749459854
list:
dist: 1.6007751123181488 vs. 1.6007751123181488
list:
dist: 2.6283313081834705 vs. 2.6283313081834705
list:
dist: 3.4615384328023957 vs. 3.4615384328023957
list:
dist: 4.128395154681123 vs. 4.128395154681123
list:
dist: 4.012248477064376 vs. 4.012248477064376
list:
dist: 3.2289051287491044 vs. 3.2289051287491044
list:
dist: 3.2632650901973395 vs. 3.2632650901973395
list:
dist: 0.9884071375577856 vs. 0.9884071375577856
list:
dist: 2.413402481995258 vs. 2.413402481995258
list:
dist: 1.320664741656078 vs. 1.320664741656078
list:
dist: 1.8913257298865471 vs. 1.8913257298865471
list:
dist: 2.0646462643092574 vs. 2.0646462643092574
list:
dist: 1.0366953199387923 vs. 1.0366953199387923
list:
dist: 1.4970494708917408 vs. 1.4970494708917408
list:
dist: 0.8852080021682415 vs. 0.8852080021682415
list:
dist: 0.8574785035157567 vs. 0.8574785035157567
list:
dist: 2.5540495874484517 vs. 2.5540495874484517
list:
dist: 2.1972987706064555 vs. 2.1972987706064555
list:
dist: 2.518891092826349 vs. 2.518891092826349
list:
dist: 3.3370973159853956 vs. 3.3370973159853956
list:
dist: 2.2765796298394303 vs. 2.2765796298394303
list:
dist: 3.7583404930704525 vs. 3.7583404930704525
list:
dist: 2.1619281076747776 vs. 2.1619281076747776
list:
dist: 1.8743966899018991 vs. 1.8743966899018991
list:
dist: 2.4672938526854504 vs. 2.4672938526854504
list:
dist: 3.1740082477815 vs. 3.1740082477815
list:
dist: 2.612964769626163 vs. 2.612964769626163
list:
dist: 2.4377147758877613 vs. 2.4377147758877613
list:
dist: 3.359760374110417 vs. 3.359760374110417
list:
dist: 4.3523999693919055 vs. 4.3523999693919055
list:
dist: 2.925541245003252 vs. 2.925541245003252
list:
dist: 1.4508422257469868 vs. 1.4508422257469868
list:
dist: 1.372280027665969 vs. 1.372280027665969
list:
dist: 2.3195231272081367 vs. 2.3195231272081367
list:
dist: 3.399813387351047 vs. 3.399813387351047
list:
dist: 2.0646462643092574 vs. 2.0646462643092574
list:
dist: 2.6152565809870825 vs. 2.6152565809870825
list:
dist: 2.3442971804873616 vs. 2.3442971804873616
list:
dist: 1.5845476667545249 vs. 1.5845476667545249
list:
dist: 1.7453755967715396 vs. 1.7453755967715396
list:
dist: 2.5020927567535898 vs. 2.5020927567535898
list:
dist: 1.8601859958779252 vs. 1.8601859958779252
list:
dist: 2.053375346455608 vs. 2.053375346455608
list:
dist: 2.6061421718547293 vs. 2.6061421718547293
list:
dist: 2.584281547484605 vs. 2.584281547484605
list:
dist: 3.4483604750192995 vs. 3.4483604750192995
list:
dist: 3.2195178381825444 vs. 3.2195178381825444
list:
dist: 3.5608702879307264 vs. 3.5608702879307264
list:
dist: 2.6903605037494143 vs. 2.6903605037494143
list:
dist: 2.422690117965257 vs. 2.422690117965257
list:
dist: 0.66353066804729 vs. 0.66353066804729
list:
dist: 2.4934869763227723 vs. 2.4934869763227723
list:
dist: 1.4723830748439228 vs. 1.4723830748439228
list:
dist: 2.063950187718801 vs. 2.063950187718801
list:
dist: 2.6152565809870825 vs. 2.6152565809870825
list:
dist: 1.8305020260014202 vs. 1.8305020260014202
list:
dist: 1.7846520068770255 vs. 1.7846520068770255
list:
dist: 0.8852080021682415 vs. 0.8852080021682415
list:
dist: 1.4893379603408312 vs. 1.4893379603408312
list:
dist: 2.9683195154356694 vs. 2.9683195154356694
list:
dist: 2.822377561983475 vs. 2.822377561983475
list:
dist: 3.269316601425541 vs. 3.269316601425541
list:
dist: 4.181183671285425 vs. 4.181183671285425
list:
dist: 3.1517376321576682 vs. 3.1517376321576682
list:
dist: 4.419041088188068 vs. 4.419041088188068
list:
dist: 2.8738139608294615 vs. 2.8738139608294615
list:
dist: 2.51023744625503 vs. 2.51023744625503
list:
dist: 3.0836317526008603 vs. 3.0836317526008603
list:
dist: 3.8223212579267503 vs. 3.8223212579267503
list:
dist: 3.227388166292389 vs. 3.227388166292389
list:
dist: 3.2382252401621807 vs. 3.2382252401621807
list:
dist: 3.967969303773171 vs. 3.967969303773171
list:
dist: 3.9684766965063347 vs. 3.9684766965063347
list:
dist: 1.270101156477564 vs. 1.270101156477564
list:
dist: 0.9722851880075869 vs. 0.9722851880075869
list:
dist: 2.8036015495935733 vs. 2.8036015495935733
list:
dist: 3.188562137411668 vs. 3.188562137411668
list:
dist: 3.399813387351047 vs. 3.399813387351047
list:
dist: 1.4099354686398058 vs. 1.4099354686398058
list:
dist: 1.4970494708917408 vs. 1.4970494708917408
list:
dist: 1.7846520068770255 vs. 1.7846520068770255
list:
dist: 1.1843660047885693 vs. 1.1843660047885693
list:
dist: 1.6853191099918106 vs. 1.6853191099918106
list:
dist: 3.3017448414751707 vs. 3.3017448414751707
list:
dist: 3.439663020911671 vs. 3.439663020911671
list:
dist: 3.95036230888 vs. 3.95036230888
list:
dist: 2.8592504450246596 vs. 2.8592504450246596
list:
dist: 4.881485305209811 vs. 4.881485305209811
list:
dist: 2.5969608313765216 vs. 2.5969608313765216
list:
dist: 2.3589151605023777 vs. 2.3589151605023777
list:
dist: 2.3205273453319273 vs. 2.3205273453319273
list:
dist: 3.642019999277475 vs. 3.642019999277475
list:
dist: 2.4441519768148376 vs. 2.4441519768148376
list:
dist: 2.736094701785226 vs. 2.736094701785226
list:
dist: 3.29231457857535 vs. 3.29231457857535
list:
dist: 2.437826889769162 vs. 2.437826889769162
list:
dist: 3.29231457857535 vs. 3.29231457857535
list:
dist: 3.359760374110417 vs. 3.359760374110417
list:
dist: 3.967969303773171 vs. 3.967969303773171
list:
dist: 3.534655090114631 vs. 3.534655090114631
list:
dist: 2.004726333040942 vs. 2.004726333040942
list:
dist: 1.4192379919144533 vs. 1.4192379919144533
list:
dist: 1.6007751123181488 vs. 1.6007751123181488
list:
dist: 0.9785872792481809 vs. 0.9785872792481809
list:
dist: 1.2383243150710872 vs. 1.2383243150710872
list:
dist: 0.8492257237180989 vs. 0.8492257237180989
list:
dist: 1.4939876099241265 vs. 1.4939876099241265
list:
dist: 1.878529706664316 vs. 1.878529706664316
list:
dist: 2.907354444226098 vs. 2.907354444226098
list:
dist: 2.5991179692786934 vs. 2.5991179692786934
list:
dist: 2.8018164491309174 vs. 2.8018164491309174
list:
dist: 1.6470221878156108 vs. 1.6470221878156108
list:
dist: 3.562891972168832 vs. 3.562891972168832
list:
dist: 2.3380072714864037 vs. 2.3380072714864037
list:
dist: 1.4596015042906765 vs. 1.4596015042906765
list:
dist: 1.372280027665969 vs. 1.372280027665969
list:
dist: 2.6454114943864426 vs. 2.6454114943864426
list:
dist: 3.188562137411668 vs. 3.188562137411668
list:
dist: 1.8913257298865471 vs. 1.8913257298865471
list:
dist: 2.063950187718801 vs. 2.063950187718801
list:
dist: 2.1053291738653113 vs. 2.1053291738653113
list:
dist: 2.6937866703976283 vs. 2.6937866703976283
list:
dist: 2.9779874442843184 vs. 2.9779874442843184
list:
dist: 3.7235597514469294 vs. 3.7235597514469294
list:
dist: 2.7614225362128155 vs. 2.7614225362128155
list:
dist: 3.397964159557588 vs. 3.397964159557588
list:
dist: 3.4476201952600922 vs. 3.4476201952600922
list:
dist: 3.289872593535857 vs. 3.289872593535857
list:
dist: 4.083392865906982 vs. 4.083392865906982
list:
dist: 4.2683035146514365 vs. 4.2683035146514365
list:
dist: 4.219234673242782 vs. 4.219234673242782
list:
dist: 3.5989743288239704 vs. 3.5989743288239704
list:
dist: 2.7098517802646094 vs. 2.7098517802646094
list:
dist: 1.7106881588241316 vs. 1.7106881588241316
list:
dist: 1.8244876370588246 vs. 1.8244876370588246
list:
dist: 1.6853191099918106 vs. 1.6853191099918106
list:
dist: 2.5540495874484517 vs. 2.5540495874484517
list:
dist: 2.9683195154356694 vs. 2.9683195154356694
list:
dist: 2.5084432262242666 vs. 2.5084432262242666
list:
dist: 2.1015144653550353 vs. 2.1015144653550353
list:
dist: 1.9569663669409874 vs. 1.9569663669409874
list:
dist: 1.2569997901619718 vs. 1.2569997901619718
list:
dist: 2.83467661008455 vs. 2.83467661008455
list:
dist: 1.3011348581376536 vs. 1.3011348581376536
list:
dist: 2.240420095351699 vs. 2.240420095351699
list:
dist: 2.004726333040942 vs. 2.004726333040942
list:
dist: 3.621335483432494 vs. 3.621335483432494
list:
dist: 2.8424783118610013 vs. 2.8424783118610013
list:
dist: 1.9470377814043718 vs. 1.9470377814043718
list:
dist: 2.011411860307065 vs. 2.011411860307065
list:
dist: 2.3380072714864037 vs. 2.3380072714864037
list:
dist: 2.925541245003252 vs. 2.925541245003252
list:
dist: 1.7643543893502367 vs. 1.7643543893502367
list:
dist: 1.270101156477564 vs. 1.270101156477564
list:
dist: 0.9884071375577856 vs. 0.9884071375577856
list:
dist: 0.66353066804729 vs. 0.66353066804729
list:
dist: 1.1785492847931907 vs. 1.1785492847931907
list:
dist: 2.7098517802646094 vs. 2.7098517802646094
list:
dist: 1.7620042127489208 vs. 1.7620042127489208
list:
dist: 2.6937866703976283 vs. 2.6937866703976283
list:
dist: 1.5845476667545249 vs. 1.5845476667545249
list:
dist: 1.931104208470586 vs. 1.931104208470586
list:
dist: 3.3017448414751707 vs. 3.3017448414751707
list:
dist: 2.1972987706064555 vs. 2.1972987706064555
list:
dist: 2.822377561983475 vs. 2.822377561983475
list:
dist: 2.6714393317606446 vs. 2.6714393317606446
list:
dist: 0.7210791071514763 vs. 0.7210791071514763
list:
dist: 1.9210143570438363 vs. 1.9210143570438363
list:
dist: 1.7993132800383604 vs. 1.7993132800383604
list:
dist: 1.9082766722225053 vs. 1.9082766722225053
list:
dist: 1.3994825890412417 vs. 1.3994825890412417
list:
dist: 1.4284441009397986 vs. 1.4284441009397986
list:
dist: 2.3560417692049453 vs. 2.3560417692049453
list:
dist: 1.7209207713064196 vs. 1.7209207713064196
list:
dist: 2.4368666231621448 vs. 2.4368666231621448
list:
dist: 1.6713386989650696 vs. 1.6713386989650696
list:
dist: 2.8379369683457996 vs. 2.8379369683457996
list:
dist: 3.200334346430877 vs. 3.200334346430877
list:
dist: 2.482828137446168 vs. 2.482828137446168
list:
dist: 1.9470377814043718 vs. 1.9470377814043718
list:
dist: 2.2833338396567147 vs. 2.2833338396567147
list:
dist: 0.9722851880075869 vs. 0.9722851880075869
list:
dist: 2.413402481995258 vs. 2.413402481995258
list:
dist: 2.4934869763227723 vs. 2.4934869763227723
list:
dist: 2.1311351766011586 vs. 2.1311351766011586
list:
dist: 1.7106881588241316 vs. 1.7106881588241316
list:
dist: 2.8752360579363083 vs. 2.8752360579363083
list:
dist: 3.5989743288239704 vs. 3.5989743288239704
list:
dist: 2.6903605037494143 vs. 2.6903605037494143
list:
dist: 1.5043587444907338 vs. 1.5043587444907338
list:
dist: 2.736094701785226 vs. 2.736094701785226
list:
dist: 2.4377147758877613 vs. 2.4377147758877613
list:
dist: 3.2382252401621807 vs. 3.2382252401621807
list:
dist: 2.5014407434257033 vs. 2.5014407434257033
list:
dist: 2.240420095351699 vs. 2.240420095351699
list:
dist: 1.6713386989650696 vs. 1.6713386989650696
list:
dist: 1.3454320450282717 vs. 1.3454320450282717
list:
dist: 1.5627389772076288 vs. 1.5627389772076288
list:
dist: 1.3964435980502565 vs. 1.3964435980502565
list:
dist: 2.8819805666748888 vs. 2.8819805666748888
list:
dist: 0.6266048596890551 vs. 0.6266048596890551
list:
dist: 1.0424136749459854 vs. 1.0424136749459854
list:
dist: 1.1571599054431256 vs. 1.1571599054431256
list:
dist: 1.2554547033467083 vs. 1.2554547033467083
list:
dist: 1.1939252270770817 vs. 1.1939252270770817
list:
dist: 1.4939876099241265 vs. 1.4939876099241265
list:
dist: 1.8510346640554012 vs. 1.8510346640554012
list:
dist: 2.9254990421860874 vs. 2.9254990421860874
list:
dist: 3.193251615368103 vs. 3.193251615368103
list:
dist: 3.571357488599635 vs. 3.571357488599635
list:
dist: 3.1971121744786317 vs. 3.1971121744786317
list:
dist: 2.8421094563463742 vs. 2.8421094563463742
list:
dist: 2.991131306430146 vs. 2.991131306430146
list:
dist: 2.011411860307065 vs. 2.011411860307065
list:
dist: 1.4596015042906765 vs. 1.4596015042906765
list:
dist: 1.4508422257469868 vs. 1.4508422257469868
list:
dist: 1.9899222616563086 vs. 1.9899222616563086
list:
dist: 2.8036015495935733 vs. 2.8036015495935733
list:
dist: 1.320664741656078 vs. 1.320664741656078
list:
dist: 1.4723830748439228 vs. 1.4723830748439228
list:
dist: 2.048321031994899 vs. 2.048321031994899
list:
dist: 1.7620042127489208 vs. 1.7620042127489208
list:
dist: 2.3193558960701357 vs. 2.3193558960701357
list:
dist: 3.386040213171281 vs. 3.386040213171281
list:
dist: 2.6257092629075145 vs. 2.6257092629075145
list:
dist: 3.1417541046114903 vs. 3.1417541046114903
list:
dist: 2.506012924184103 vs. 2.506012924184103
list:
dist: 2.2390258573139357 vs. 2.2390258573139357
list:
dist: 3.150335090277698 vs. 3.150335090277698
list:
dist: 3.234275690881846 vs. 3.234275690881846
list:
dist: 3.2819097854282737 vs. 3.2819097854282737
list:
dist: 2.8752360579363083 vs. 2.8752360579363083
list:
dist: 3.386040213171281 vs. 3.386040213171281
list:
dist: 3.7235597514469294 vs. 3.7235597514469294
list:
dist: 2.5020927567535898 vs. 2.5020927567535898
list:
dist: 2.6606580869674157 vs. 2.6606580869674157
list:
dist: 3.95036230888 vs. 3.95036230888
list:
dist: 3.3370973159853956 vs. 3.3370973159853956
list:
dist: 4.181183671285425 vs. 4.181183671285425
list:
dist: 3.323119006139348 vs. 3.323119006139348
list:
dist: 1.9210143570438363 vs. 1.9210143570438363
list:
dist: 1.1999670100138378 vs. 1.1999670100138378
list:
dist: 1.2849074117828287 vs. 1.2849074117828287
list:
dist: 1.8030054728162292 vs. 1.8030054728162292
list:
dist: 1.989523078347961 vs. 1.989523078347961
list:
dist: 2.3796829500380268 vs. 2.3796829500380268
list:
dist: 2.711458837882952 vs. 2.711458837882952
list:
dist: 2.0406197627743516 vs. 2.0406197627743516
list:
dist: 2.7304371286647173 vs. 2.7304371286647173
list:
dist: 1.5627389772076288 vs. 1.5627389772076288
list:
dist: 1.8148013988631784 vs. 1.8148013988631784
list:
dist: 2.455826299524727 vs. 2.455826299524727
list:
dist: 2.4635448919354617 vs. 2.4635448919354617
list:
dist: 3.612274632737783 vs. 3.612274632737783
list:
dist: 4.012248477064376 vs. 4.012248477064376
list:
dist: 3.482925493738711 vs. 3.482925493738711
list:
dist: 3.0997019564342225 vs. 3.0997019564342225
list:
dist: 3.3670611856713455 vs. 3.3670611856713455
list:
dist: 3.1971121744786317 vs. 3.1971121744786317
list:
dist: 2.8018164491309174 vs. 2.8018164491309174
list:
dist: 1.6994874335335999 vs. 1.6994874335335999
list:
dist: 2.5268157109145584 vs. 2.5268157109145584
list:
dist: 1.853303418048849 vs. 1.853303418048849
list:
dist: 1.4078092153508086 vs. 1.4078092153508086
list:
dist: 1.8331810551874177 vs. 1.8331810551874177
list:
dist: 1.5943962318711715 vs. 1.5943962318711715
list:
dist: 3.150335090277698 vs. 3.150335090277698
list:
dist: 4.083392865906982 vs. 4.083392865906982
list:
dist: 3.4483604750192995 vs. 3.4483604750192995
list:
dist: 1.5308727852040966 vs. 1.5308727852040966
list:
dist: 2.3205273453319273 vs. 2.3205273453319273
list:
dist: 2.4672938526854504 vs. 2.4672938526854504
list:
dist: 3.0836317526008603 vs. 3.0836317526008603
list:
dist: 2.597732178198871 vs. 2.597732178198871
list:
dist: 1.2569997901619718 vs. 1.2569997901619718
list:
dist: 2.3560417692049453 vs. 2.3560417692049453
list:
dist: 2.320810041481307 vs. 2.320810041481307
list:
dist: 2.711458837882952 vs. 2.711458837882952
list:
dist: 2.381333349712338 vs. 2.381333349712338
list:
dist: 3.9210689351977983 vs. 3.9210689351977983
list:
dist: 0.9785177268898706 vs. 0.9785177268898706
list:
dist: 1.0019208433237683 vs. 1.0019208433237683
list:
dist: 1.5865963954067868 vs. 1.5865963954067868
list:
dist: 0.14602183502145322 vs. 0.14602183502145322
list:
dist: 1.1571599054431256 vs. 1.1571599054431256
list:
dist: 0.9785872792481809 vs. 0.9785872792481809
list:
dist: 2.4574493068507333 vs. 2.4574493068507333
list:
dist: 3.566644527316489 vs. 3.566644527316489
list:
dist: 3.3854739811276042 vs. 3.3854739811276042
list:
dist: 3.482925493738711 vs. 3.482925493738711
list:
dist: 2.5249731572798924 vs. 2.5249731572798924
list:
dist: 4.150532362828962 vs. 4.150532362828962
list:
dist: 1.7643543893502367 vs. 1.7643543893502367
list:
dist: 2.2833338396567147 vs. 2.2833338396567147
list:
dist: 1.9899222616563086 vs. 1.9899222616563086
list:
dist: 2.6454114943864426 vs. 2.6454114943864426
list:
dist: 2.3195231272081367 vs. 2.3195231272081367
list:
dist: 1.4099354686398058 vs. 1.4099354686398058
list:
dist: 1.0366953199387923 vs. 1.0366953199387923
list:
dist: 1.8305020260014202 vs. 1.8305020260014202
list:
dist: 1.1277691221677646 vs. 1.1277691221677646
list:
dist: 1.8244876370588246 vs. 1.8244876370588246
list:
dist: 1.931104208470586 vs. 1.931104208470586
list:
dist: 2.0344483450177893 vs. 2.0344483450177893
list:
dist: 2.6606580869674157 vs. 2.6606580869674157
list:
dist: 1.6984511143746874 vs. 1.6984511143746874
list:
dist: 3.523517242391317 vs. 3.523517242391317
list:
dist: 1.3279420655386551 vs. 1.3279420655386551
list:
dist: 1.1471366292102139 vs. 1.1471366292102139
list:
dist: 1.5308727852040966 vs. 1.5308727852040966
list:
dist: 2.4088841130015757 vs. 2.4088841130015757
list:
dist: 1.6720709549866726 vs. 1.6720709549866726
list:
dist: 1.5043587444907338 vs. 1.5043587444907338
list:
dist: 2.437826889769162 vs. 2.437826889769162
list:
dist: 3.1417541046114903 vs. 3.1417541046114903
list:
dist: 3.397964159557588 vs. 3.397964159557588
list:
dist: 2.053375346455608 vs. 2.053375346455608
list:
dist: 3.523517242391317 vs. 3.523517242391317
list:
dist: 4.881485305209811 vs. 4.881485305209811
list:
dist: 3.7583404930704525 vs. 3.7583404930704525
list:
dist: 4.419041088188068 vs. 4.419041088188068
list:
dist: 4.007573460432454 vs. 4.007573460432454
list:
dist: 1.9082766722225053 vs. 1.9082766722225053
list:
dist: 1.6163858546524466 vs. 1.6163858546524466
list:
dist: 1.8030054728162292 vs. 1.8030054728162292
list:
dist: 2.3818846292909326 vs. 2.3818846292909326
list:
dist: 2.9683383163636847 vs. 2.9683383163636847
list:
dist: 3.1868944697349195 vs. 3.1868944697349195
list:
dist: 3.9210689351977983 vs. 3.9210689351977983
list:
dist: 2.892759493605997 vs. 2.892759493605997
list:
dist: 3.9691674950910145 vs. 3.9691674950910145
list:
dist: 2.8819805666748888 vs. 2.8819805666748888
list:
dist: 3.173301631613588 vs. 3.173301631613588
list:
dist: 3.0158985820320714 vs. 3.0158985820320714
list:
dist: 3.9454038977765458 vs. 3.9454038977765458
list:
dist: 2.446224502021656 vs. 2.446224502021656
list:
dist: 2.338593637515868 vs. 2.338593637515868
list:
dist: 2.5335242735198773 vs. 2.5335242735198773
list:
dist: 2.2681727030559786 vs. 2.2681727030559786
list:
dist: 1.900598308502834 vs. 1.900598308502834
list:
dist: 0.750319420690568 vs. 0.750319420690568
list:
dist: 0.9119763521303895 vs. 0.9119763521303895
list:
dist: 0.23506507767949059 vs. 0.23506507767949059
list:
dist: 1.6370230553042018 vs. 1.6370230553042018
list:
dist: 1.5035736424806128 vs. 1.5035736424806128
list:
dist: 1.7194820243098203 vs. 1.7194820243098203
list:
dist: 1.5838921264696204 vs. 1.5838921264696204
list:
dist: 2.5245836527193997 vs. 2.5245836527193997
list:
dist: 2.0934731825443187 vs. 2.0934731825443187
list:
dist: 2.3136668317402234 vs. 2.3136668317402234
list:
dist: 2.5593526059698277 vs. 2.5593526059698277
list:
dist: 2.1381040374623512 vs. 2.1381040374623512
list:
dist: 3.0021067084785216 vs. 3.0021067084785216
list:
dist: 3.8762286200981237 vs. 3.8762286200981237
list:
dist: 1.7520413120374554 vs. 1.7520413120374554
list:
dist: 2.89559180416922 vs. 2.89559180416922
list:
dist: 2.231115792629917 vs. 2.231115792629917
list:
dist: 3.3189754947700902 vs. 3.3189754947700902
list:
dist: 4.034953965847199 vs. 4.034953965847199
list:
dist: 2.6273695955044865 vs. 2.6273695955044865
list:
dist: 2.8379369683457996 vs. 2.8379369683457996
list:
dist: 2.326411408146886 vs. 2.326411408146886
list:
dist: 1.8148013988631784 vs. 1.8148013988631784
list:
dist: 2.7071468071846474 vs. 2.7071468071846474
list:
dist: 3.173301631613588 vs. 3.173301631613588
list:
dist: 2.2026783966931593 vs. 2.2026783966931593
list:
dist: 2.6283313081834705 vs. 2.6283313081834705
list:
dist: 2.4574493068507333 vs. 2.4574493068507333
list:
dist: 1.574692462594033 vs. 1.574692462594033
list:
dist: 2.378453948163578 vs. 2.378453948163578
list:
dist: 1.8510346640554012 vs. 1.8510346640554012
list:
dist: 1.878529706664316 vs. 1.878529706664316
list:
dist: 1.445264435646045 vs. 1.445264435646045
list:
dist: 2.0795464015057608 vs. 2.0795464015057608
list:
dist: 2.4668101020623476 vs. 2.4668101020623476
list:
dist: 1.6994874335335999 vs. 1.6994874335335999
list:
dist: 2.028927683399965 vs. 2.028927683399965
list:
dist: 1.6814831465114908 vs. 1.6814831465114908
list:
dist: 2.3193558960701357 vs. 2.3193558960701357
list:
dist: 2.9779874442843184 vs. 2.9779874442843184
list:
dist: 1.7453755967715396 vs. 1.7453755967715396
list:
dist: 2.0344483450177893 vs. 2.0344483450177893
list:
dist: 3.439663020911671 vs. 3.439663020911671
list:
dist: 2.518891092826349 vs. 2.518891092826349
list:
dist: 3.269316601425541 vs. 3.269316601425541
list:
dist: 2.7847882360997045 vs. 2.7847882360997045
list:
dist: 0.7210791071514763 vs. 0.7210791071514763
list:
dist: 1.1999670100138378 vs. 1.1999670100138378
list:
dist: 1.3351183673415177 vs. 1.3351183673415177
list:
dist: 1.6163858546524466 vs. 1.6163858546524466
list:
dist: 1.3630531220332371 vs. 1.3630531220332371
list:
dist: 1.5969234595403659 vs. 1.5969234595403659
list:
dist: 2.320810041481307 vs. 2.320810041481307
list:
dist: 1.599496132002352 vs. 1.599496132002352
list:
dist: 2.3806327636577818 vs. 2.3806327636577818
list:
dist: 1.3454320450282717 vs. 1.3454320450282717
list:
dist: 2.326411408146886 vs. 2.326411408146886
list:
dist: 2.791948458046628 vs. 2.791948458046628
list:
dist: 3.2819097854282737 vs. 3.2819097854282737
list:
dist: 4.219234673242782 vs. 4.219234673242782
list:
dist: 3.5608702879307264 vs. 3.5608702879307264
list:
dist: 1.6720709549866726 vs. 1.6720709549866726
list:
dist: 2.4441519768148376 vs. 2.4441519768148376
list:
dist: 2.612964769626163 vs. 2.612964769626163
list:
dist: 3.227388166292389 vs. 3.227388166292389
list:
dist: 2.7358989974466814 vs. 2.7358989974466814
list:
dist: 1.3011348581376536 vs. 1.3011348581376536
list:
dist: 2.4368666231621448 vs. 2.4368666231621448
list:
dist: 2.3806327636577818 vs. 2.3806327636577818
list:
dist: 2.7304371286647173 vs. 2.7304371286647173
list:
dist: 2.458580416541354 vs. 2.458580416541354
list:
dist: 3.9691674950910145 vs. 3.9691674950910145
list:
dist: 1.0496840434479955 vs. 1.0496840434479955
list:
dist: 1.1071940813934358 vs. 1.1071940813934358
list:
dist: 0.14602183502145322 vs. 0.14602183502145322
list:
dist: 1.5568664534923145 vs. 1.5568664534923145
list:
dist: 1.1939252270770817 vs. 1.1939252270770817
list:
dist: 0.8492257237180989 vs. 0.8492257237180989
list:
dist: 2.378453948163578 vs. 2.378453948163578
list:
dist: 3.4992445595205335 vs. 3.4992445595205335
list:
dist: 3.2443011313975196 vs. 3.2443011313975196
list:
dist: 3.3670611856713455 vs. 3.3670611856713455
list:
dist: 2.380403441317896 vs. 2.380403441317896
list:
dist: 3.828586440259683 vs. 3.828586440259683
list:
dist: 4.128395154681123 vs. 4.128395154681123
list:
dist: 3.3854739811276042 vs. 3.3854739811276042
list:
dist: 3.3340824874158237 vs. 3.3340824874158237
list:
dist: 3.2443011313975196 vs. 3.2443011313975196
list:
dist: 3.571357488599635 vs. 3.571357488599635
list:
dist: 2.5991179692786934 vs. 2.5991179692786934
list:
dist: 2.4668101020623476 vs. 2.4668101020623476
list:
dist: 3.3044031366070996 vs. 3.3044031366070996
list:
dist: 3.198861108215269 vs. 3.198861108215269
list:
dist: 1.4078092153508086 vs. 1.4078092153508086
list:
dist: 1.0489357859304291 vs. 1.0489357859304291
list:
dist: 2.665753021801516 vs. 2.665753021801516
list:
dist: 2.506012924184103 vs. 2.506012924184103
list:
dist: 3.4476201952600922 vs. 3.4476201952600922
list:
dist: 2.6061421718547293 vs. 2.6061421718547293
list:
dist: 1.3279420655386551 vs. 1.3279420655386551
list:
dist: 2.5969608313765216 vs. 2.5969608313765216
list:
dist: 2.1619281076747776 vs. 2.1619281076747776
list:
dist: 2.8738139608294615 vs. 2.8738139608294615
list:
dist: 2.425173201557674 vs. 2.425173201557674
list:
dist: 2.1015144653550353 vs. 2.1015144653550353
list:
dist: 1.3994825890412417 vs. 1.3994825890412417
list:
dist: 1.3630531220332371 vs. 1.3630531220332371
list:
dist: 1.989523078347961 vs. 1.989523078347961
list:
dist: 1.7490283300101934 vs. 1.7490283300101934
list:
dist: 2.9683383163636847 vs. 2.9683383163636847
list:
dist: 0.45189868908264086 vs. 0.45189868908264086
list:
dist: 0.9785177268898706 vs. 0.9785177268898706
list:
dist: 1.0829106268080608 vs. 1.0829106268080608
list:
dist: 1.0496840434479955 vs. 1.0496840434479955
list:
dist: 0.6266048596890551 vs. 0.6266048596890551
list:
dist: 1.4192379919144533 vs. 1.4192379919144533
list:
dist: 2.2026783966931593 vs. 2.2026783966931593
list:
dist: 3.096042668233917 vs. 3.096042668233917
list:
dist: 3.828586440259683 vs. 3.828586440259683
list:
dist: 3.612274632737783 vs. 3.612274632737783
list:
dist: 2.9752102073023283 vs. 2.9752102073023283
list:
dist: 1.1785492847931907 vs. 1.1785492847931907
list:
dist: 2.1311351766011586 vs. 2.1311351766011586
list:
dist: 2.048321031994899 vs. 2.048321031994899
list:
dist: 2.1053291738653113 vs. 2.1053291738653113
list:
dist: 2.3442971804873616 vs. 2.3442971804873616
list:
dist: 1.1277691221677646 vs. 1.1277691221677646
list:
dist: 1.1843660047885693 vs. 1.1843660047885693
list:
dist: 0.8574785035157567 vs. 0.8574785035157567
list:
dist: 1.4893379603408312 vs. 1.4893379603408312
list:
dist: 2.5084432262242666 vs. 2.5084432262242666
list:
dist: 2.6714393317606446 vs. 2.6714393317606446
list:
dist: 2.7847882360997045 vs. 2.7847882360997045
list:
dist: 3.323119006139348 vs. 3.323119006139348
list:
dist: 2.100419509344432 vs. 2.100419509344432
list:
dist: 4.007573460432454 vs. 4.007573460432454
list:
dist: 2.425173201557674 vs. 2.425173201557674
list:
dist: 2.250959778355612 vs. 2.250959778355612
list:
dist: 2.597732178198871 vs. 2.597732178198871
list:
dist: 3.4979549434171626 vs. 3.4979549434171626
list:
dist: 2.7358989974466814 vs. 2.7358989974466814
list:
dist: 2.5014407434257033 vs. 2.5014407434257033
list:
dist: 3.534655090114631 vs. 3.534655090114631
list:
dist: 2.6257092629075145 vs. 2.6257092629075145
list:
dist: 2.7614225362128155 vs. 2.7614225362128155
list:
dist: 1.8601859958779252 vs. 1.8601859958779252
list:
dist: 1.6984511143746874 vs. 1.6984511143746874
list:
dist: 2.8592504450246596 vs. 2.8592504450246596
list:
dist: 2.2765796298394303 vs. 2.2765796298394303
list:
dist: 3.1517376321576682 vs. 3.1517376321576682
list:
dist: 2.100419509344432 vs. 2.100419509344432
list:
dist: 1.7993132800383604 vs. 1.7993132800383604
list:
dist: 1.3351183673415177 vs. 1.3351183673415177
list:
dist: 1.2849074117828287 vs. 1.2849074117828287
list:
dist: 2.3818846292909326 vs. 2.3818846292909326
list:
dist: 1.7490283300101934 vs. 1.7490283300101934
list:
dist: 1.9865954978580227 vs. 1.9865954978580227
list:
dist: 2.381333349712338 vs. 2.381333349712338
list:
dist: 2.4337471143631406 vs. 2.4337471143631406
list:
dist: 2.458580416541354 vs. 2.458580416541354
list:
dist: 1.3964435980502565 vs. 1.3964435980502565
list:
dist: 2.7071468071846474 vs. 2.7071468071846474
list:
dist: 3.60750282920012 vs. 3.60750282920012
list:
dist: 3.299088448608436 vs. 3.299088448608436
list:
dist: 3.200334346430877 vs. 3.200334346430877
list:
dist: 2.791948458046628 vs. 2.791948458046628
list:
dist: 2.455826299524727 vs. 2.455826299524727
list:
dist: 3.60750282920012 vs. 3.60750282920012
list:
dist: 3.0158985820320714 vs. 3.0158985820320714
list:
dist: 3.096042668233917 vs. 3.096042668233917
list:
dist: 3.4615384328023957 vs. 3.4615384328023957
list:
dist: 3.566644527316489 vs. 3.566644527316489
list:
dist: 2.1641388390140888 vs. 2.1641388390140888
list:
dist: 3.4992445595205335 vs. 3.4992445595205335
list:
dist: 2.9254990421860874 vs. 2.9254990421860874
list:
dist: 2.907354444226098 vs. 2.907354444226098
list:
dist: 1.445264435646045 vs. 1.445264435646045
list:
dist: 2.8197395980411097 vs. 2.8197395980411097
list:
dist: 3.3044031366070996 vs. 3.3044031366070996
list:
dist: 2.5268157109145584 vs. 2.5268157109145584
list:
dist: 2.9087875996111814 vs. 2.9087875996111814
list:
dist: 1.4042311702848855 vs. 1.4042311702848855
list:
dist: 3.234275690881846 vs. 3.234275690881846
list:
dist: 4.2683035146514365 vs. 4.2683035146514365
list:
dist: 3.2195178381825444 vs. 3.2195178381825444
list:
dist: 2.4088841130015757 vs. 2.4088841130015757
list:
dist: 3.642019999277475 vs. 3.642019999277475
list:
dist: 3.1740082477815 vs. 3.1740082477815
list:
dist: 3.8223212579267503 vs. 3.8223212579267503
list:
dist: 3.4979549434171626 vs. 3.4979549434171626
list:
dist: 2.83467661008455 vs. 2.83467661008455
list:
dist: 1.7209207713064196 vs. 1.7209207713064196
list:
dist: 1.599496132002352 vs. 1.599496132002352
list:
dist: 2.0406197627743516 vs. 2.0406197627743516
list:
dist: 2.4337471143631406 vs. 2.4337471143631406
list:
dist: 2.892759493605997 vs. 2.892759493605997
list:
dist: 1.0829106268080608 vs. 1.0829106268080608
list:
dist: 1.3608933543494834 vs. 1.3608933543494834
list:
dist: 1.5865963954067868 vs. 1.5865963954067868
list:
dist: 1.5568664534923145 vs. 1.5568664534923145
list:
dist: 1.2554547033467083 vs. 1.2554547033467083
list:
dist: 1.2383243150710872 vs. 1.2383243150710872
list:
dist: 1.574692462594033 vs. 1.574692462594033
list:
dist: 2.1641388390140888 vs. 2.1641388390140888
list:
dist: 3.3340824874158237 vs. 3.3340824874158237
list:
dist: 3.0997019564342225 vs. 3.0997019564342225
list:
dist: 2.4496442299802257 vs. 2.4496442299802257
list:
dist: 4.08349836437497 vs. 4.08349836437497
list:
dist: 3.1294220407825075 vs. 3.1294220407825075
list:
dist: 2.579622729513084 vs. 2.579622729513084
list:
dist: 3.8013242525945343 vs. 3.8013242525945343
list:
dist: 3.8762286200981237 vs. 3.8762286200981237
list:
dist: 2.3427627514568856 vs. 2.3427627514568856
list:
dist: 2.6094157004339844 vs. 2.6094157004339844
list:
dist: 2.9372162830079107 vs. 2.9372162830079107
list:
dist: 4.042334691306927 vs. 4.042334691306927
list:
dist: 2.130674209664013 vs. 2.130674209664013
list:
dist: 2.0445036152880163 vs. 2.0445036152880163
list:
dist: 1.6483657882648441 vs. 1.6483657882648441
list:
dist: 1.446027430341248 vs. 1.446027430341248
list:
dist: 1.748701003471766 vs. 1.748701003471766
list:
dist: 1.470055725257264 vs. 1.470055725257264
list:
dist: 1.1557121661129395 vs. 1.1557121661129395
list:
dist: 0.49348938616870675 vs. 0.49348938616870675
list:
dist: 3.442685426114514 vs. 3.442685426114514
list:
dist: 2.1071925810124905 vs. 2.1071925810124905
list:
dist: 2.5334541562030437 vs. 2.5334541562030437
list:
dist: 1.5545967667453702 vs. 1.5545967667453702
list:
dist: 1.8865492824814956 vs. 1.8865492824814956
list:
dist: 2.171844963653092 vs. 2.171844963653092
list:
dist: 1.6789791593113108 vs. 1.6789791593113108
list:
dist: 2.982586226999586 vs. 2.982586226999586
list:
dist: 2.1986042555201815 vs. 2.1986042555201815
list:
dist: 1.9015896550451288 vs. 1.9015896550451288
list:
dist: 1.0351791985194922 vs. 1.0351791985194922
list:
dist: 2.9634747955137204 vs. 2.9634747955137204
list:
dist: 2.2890599296921033 vs. 2.2890599296921033
list:
dist: 2.2121564846519477 vs. 2.2121564846519477
list:
dist: 1.511043727219273 vs. 1.511043727219273
list:
dist: 1.6370230553042018 vs. 1.6370230553042018
list:
dist: 0.8575903917267702 vs. 0.8575903917267702
list:
dist: 0.927771268718426 vs. 0.927771268718426
list:
dist: 2.06108813610978 vs. 2.06108813610978
list:
dist: 1.7522839825895333 vs. 1.7522839825895333
list:
dist: 0.537349240944434 vs. 0.537349240944434
list:
dist: 1.0219179167889296 vs. 1.0219179167889296
list:
dist: 0.9529810760999313 vs. 0.9529810760999313
list:
dist: 0.80775259245591 vs. 0.80775259245591
list:
dist: 1.900819624624807 vs. 1.900819624624807
list:
dist: 2.3427627514568856 vs. 2.3427627514568856
list:
dist: 2.1105398775074664 vs. 2.1105398775074664
list:
dist: 2.0893544354279143 vs. 2.0893544354279143
list:
dist: 1.7472809413272652 vs. 1.7472809413272652
list:
dist: 2.244174266520886 vs. 2.244174266520886
list:
dist: 3.0549457108457045 vs. 3.0549457108457045
list:
dist: 1.9562032141513175 vs. 1.9562032141513175
list:
dist: 3.194789014052009 vs. 3.194789014052009
list:
dist: 2.560621494290752 vs. 2.560621494290752
list:
dist: 1.836738821001593 vs. 1.836738821001593
list:
dist: 2.265187511650896 vs. 2.265187511650896
list:
dist: 2.3136668317402234 vs. 2.3136668317402234
list:
dist: 1.0219179167889296 vs. 1.0219179167889296
list:
dist: 1.3705572624075686 vs. 1.3705572624075686
list:
dist: 1.9124741954324667 vs. 1.9124741954324667
list:
dist: 2.898285798545662 vs. 2.898285798545662
list:
dist: 1.3994021622169641 vs. 1.3994021622169641
list:
dist: 1.1299896424382767 vs. 1.1299896424382767
list:
dist: 0.873858634959918 vs. 0.873858634959918
list:
dist: 0.35727821470394067 vs. 0.35727821470394067
list:
dist: 1.192863356471169 vs. 1.192863356471169
list:
dist: 1.6483657882648441 vs. 1.6483657882648441
list:
dist: 3.595476496977261 vs. 3.595476496977261
list:
dist: 2.1907923794442965 vs. 2.1907923794442965
list:
dist: 1.5565055076875653 vs. 1.5565055076875653
list:
dist: 1.9202148775267232 vs. 1.9202148775267232
list:
dist: 1.175622370839721 vs. 1.175622370839721
list:
dist: 1.1295655726741503 vs. 1.1295655726741503
list:
dist: 1.2239741833428135 vs. 1.2239741833428135
list:
dist: 2.1317666616388182 vs. 2.1317666616388182
list:
dist: 1.2035692068793822 vs. 1.2035692068793822
list:
dist: 2.2302801658645164 vs. 2.2302801658645164
list:
dist: 1.676844690653171 vs. 1.676844690653171
list:
dist: 1.6920032108940057 vs. 1.6920032108940057
list:
dist: 1.6034859216876975 vs. 1.6034859216876975
list:
dist: 2.053083759384568 vs. 2.053083759384568
list:
dist: 2.392746795440685 vs. 2.392746795440685
list:
dist: 2.127173138199493 vs. 2.127173138199493
list:
dist: 2.1386752394111554 vs. 2.1386752394111554
list:
dist: 2.338593637515868 vs. 2.338593637515868
list:
dist: 2.1986042555201815 vs. 2.1986042555201815
list:
dist: 2.270881938054865 vs. 2.270881938054865
list:
dist: 1.2823671595036175 vs. 1.2823671595036175
list:
dist: 1.5544487863359653 vs. 1.5544487863359653
list:
dist: 3.426021467024074 vs. 3.426021467024074
list:
dist: 2.1488103440755326 vs. 2.1488103440755326
list:
dist: 3.194789014052009 vs. 3.194789014052009
list:
dist: 2.713006955839516 vs. 2.713006955839516
list:
dist: 2.924169024684972 vs. 2.924169024684972
list:
dist: 3.784510527508495 vs. 3.784510527508495
list:
dist: 4.08349836437497 vs. 4.08349836437497
list:
dist: 1.6814831465114908 vs. 1.6814831465114908
list:
dist: 1.4042311702848855 vs. 1.4042311702848855
list:
dist: 2.0757607550400436 vs. 2.0757607550400436
list:
dist: 2.665753021801516 vs. 2.665753021801516
list:
dist: 1.5943962318711715 vs. 1.5943962318711715
list:
dist: 2.749617445329733 vs. 2.749617445329733
list:
dist: 2.9752102073023283 vs. 2.9752102073023283
list:
dist: 3.2289051287491044 vs. 3.2289051287491044
list:
dist: 2.5249731572798924 vs. 2.5249731572798924
list:
dist: 2.4496442299802257 vs. 2.4496442299802257
list:
dist: 2.380403441317896 vs. 2.380403441317896
list:
dist: 2.8421094563463742 vs. 2.8421094563463742
list:
dist: 1.6470221878156108 vs. 1.6470221878156108
list:
dist: 2.028927683399965 vs. 2.028927683399965
list:
dist: 2.9087875996111814 vs. 2.9087875996111814
list:
dist: 3.4046184620586986 vs. 3.4046184620586986
list:
dist: 1.0489357859304291 vs. 1.0489357859304291
list:
dist: 1.8331810551874177 vs. 1.8331810551874177
list:
dist: 2.749617445329733 vs. 2.749617445329733
list:
dist: 1.0062448937639372 vs. 1.0062448937639372
list:
dist: 1.5544487863359653 vs. 1.5544487863359653
list:
dist: 1.4360353325857076 vs. 1.4360353325857076
list:
dist: 2.180744430354879 vs. 2.180744430354879
list:
dist: 1.113216077521036 vs. 1.113216077521036
list:
dist: 1.439602353403695 vs. 1.439602353403695
list:
dist: 1.032054780569179 vs. 1.032054780569179
list:
dist: 1.5233920764649083 vs. 1.5233920764649083
list:
dist: 1.5838921264696204 vs. 1.5838921264696204
list:
dist: 2.06108813610978 vs. 2.06108813610978
list:
dist: 1.568349691987265 vs. 1.568349691987265
list:
dist: 1.5302186359690102 vs. 1.5302186359690102
list:
dist: 2.6004391938136022 vs. 2.6004391938136022
list:
dist: 2.1695898480647644 vs. 2.1695898480647644
list:
dist: 2.898285798545662 vs. 2.898285798545662
list:
dist: 2.7040524746913213 vs. 2.7040524746913213
list:
dist: 2.576509984367239 vs. 2.576509984367239
list:
dist: 3.2000630425229595 vs. 3.2000630425229595
list:
dist: 4.042334691306927 vs. 4.042334691306927
list:
dist: 2.96410590148613 vs. 2.96410590148613
list:
dist: 3.7985611652433415 vs. 3.7985611652433415
list:
dist: 3.2765298145155466 vs. 3.2765298145155466
list:
dist: 3.9973529052947687 vs. 3.9973529052947687
list:
dist: 4.4167434303222555 vs. 4.4167434303222555
list:
dist: 3.2484132377058663 vs. 3.2484132377058663
list:
dist: 2.8073539371531573 vs. 2.8073539371531573
list:
dist: 1.676844690653171 vs. 1.676844690653171
list:
dist: 1.900051856674243 vs. 1.900051856674243
list:
dist: 0.988570771383194 vs. 0.988570771383194
list:
dist: 2.079523402923154 vs. 2.079523402923154
list:
dist: 1.6853078331395654 vs. 1.6853078331395654
list:
dist: 2.379663045016662 vs. 2.379663045016662
list:
dist: 2.446224502021656 vs. 2.446224502021656
list:
dist: 2.982586226999586 vs. 2.982586226999586
list:
dist: 2.5404375299973188 vs. 2.5404375299973188
list:
dist: 2.277330273730543 vs. 2.277330273730543
list:
dist: 1.0062448937639372 vs. 1.0062448937639372
list:
dist: 3.5047140902988643 vs. 3.5047140902988643
list:
dist: 2.277330273730543 vs. 2.277330273730543
list:
dist: 1.2823671595036175 vs. 1.2823671595036175
list:
dist: 1.3696101718382772 vs. 1.3696101718382772
list:
dist: 0.671165471771099 vs. 0.671165471771099
list:
dist: 2.431127437762347 vs. 2.431127437762347
list:
dist: 2.1451572469579054 vs. 2.1451572469579054
list:
dist: 1.9533114108313745 vs. 1.9533114108313745
list:
dist: 1.5280306625528295 vs. 1.5280306625528295
list:
dist: 1.7194820243098203 vs. 1.7194820243098203
list:
dist: 0.927771268718426 vs. 0.927771268718426
list:
dist: 1.172057847819079 vs. 1.172057847819079
list:
dist: 1.5302186359690102 vs. 1.5302186359690102
list:
dist: 2.3100147066779213 vs. 2.3100147066779213
list:
dist: 0.9086202207708459 vs. 0.9086202207708459
list:
dist: 1.9124741954324667 vs. 1.9124741954324667
list:
dist: 1.5045177964183474 vs. 1.5045177964183474
list:
dist: 1.6473907058253159 vs. 1.6473907058253159
list:
dist: 2.5840409805049425 vs. 2.5840409805049425
list:
dist: 2.9372162830079107 vs. 2.9372162830079107
list:
dist: 2.8097885577629667 vs. 2.8097885577629667
list:
dist: 3.0135905000653507 vs. 3.0135905000653507
list:
dist: 2.640761775135464 vs. 2.640761775135464
list:
dist: 3.1299321929565616 vs. 3.1299321929565616
list:
dist: 3.827833469896384 vs. 3.827833469896384
list:
dist: 2.777172773456109 vs. 2.777172773456109
list:
dist: 2.079523402923154 vs. 2.079523402923154
list:
dist: 2.392746795440685 vs. 2.392746795440685
list:
dist: 2.7203230535835523 vs. 2.7203230535835523
list:
dist: 1.3148288129844103 vs. 1.3148288129844103
list:
dist: 0.421283287007256 vs. 0.421283287007256
list:
dist: 0.8485965589803002 vs. 0.8485965589803002
list:
dist: 0.750319420690568 vs. 0.750319420690568
list:
dist: 2.2890599296921033 vs. 2.2890599296921033
list:
dist: 2.0053548082120694 vs. 2.0053548082120694
list:
dist: 2.1451572469579054 vs. 2.1451572469579054
list:
dist: 1.439602353403695 vs. 1.439602353403695
list:
dist: 3.010466017235326 vs. 3.010466017235326
list:
dist: 2.284562536368555 vs. 2.284562536368555
list:
dist: 0.988570771383194 vs. 0.988570771383194
list:
dist: 2.053083759384568 vs. 2.053083759384568
list:
dist: 2.4928216903381677 vs. 2.4928216903381677
list:
dist: 1.3148288129844103 vs. 1.3148288129844103
list:
dist: 1.0150773733485603 vs. 1.0150773733485603
list:
dist: 1.8898659376754194 vs. 1.8898659376754194
list:
dist: 1.900598308502834 vs. 1.900598308502834
list:
dist: 2.9634747955137204 vs. 2.9634747955137204
list:
dist: 2.552581543109235 vs. 2.552581543109235
list:
dist: 2.431127437762347 vs. 2.431127437762347
list:
dist: 1.113216077521036 vs. 1.113216077521036
list:
dist: 3.573577918452631 vs. 3.573577918452631
list:
dist: 3.4564809636211113 vs. 3.4564809636211113
list:
dist: 1.900051856674243 vs. 1.900051856674243
list:
dist: 1.6920032108940057 vs. 1.6920032108940057
list:
dist: 1.6759543314786773 vs. 1.6759543314786773
list:
dist: 2.4928216903381677 vs. 2.4928216903381677
list:
dist: 2.7203230535835523 vs. 2.7203230535835523
list:
dist: 2.36779035395325 vs. 2.36779035395325
list:
dist: 2.422556350803011 vs. 2.422556350803011
list:
dist: 2.5335242735198773 vs. 2.5335242735198773
list:
dist: 1.9015896550451288 vs. 1.9015896550451288
list:
dist: 1.510431955929205 vs. 1.510431955929205
list:
dist: 1.3696101718382772 vs. 1.3696101718382772
list:
dist: 1.4360353325857076 vs. 1.4360353325857076
list:
dist: 2.2007310046576416 vs. 2.2007310046576416
list:
dist: 1.63208807885843 vs. 1.63208807885843
list:
dist: 2.560621494290752 vs. 2.560621494290752
list:
dist: 2.004860446253782 vs. 2.004860446253782
list:
dist: 2.2142171180855694 vs. 2.2142171180855694
list:
dist: 2.6087483724711427 vs. 2.6087483724711427
list:
dist: 3.1294220407825075 vs. 3.1294220407825075
list:
dist: 3.784510527508495 vs. 3.784510527508495
list:
dist: 2.6087483724711427 vs. 2.6087483724711427
list:
dist: 2.5783315991462104 vs. 2.5783315991462104
list:
dist: 3.002743899226298 vs. 3.002743899226298
list:
dist: 3.0021067084785216 vs. 3.0021067084785216
list:
dist: 1.900819624624807 vs. 1.900819624624807
list:
dist: 1.7139769811789738 vs. 1.7139769811789738
list:
dist: 2.5840409805049425 vs. 2.5840409805049425
list:
dist: 3.2000630425229595 vs. 3.2000630425229595
list:
dist: 0.7484142423037748 vs. 0.7484142423037748
list:
dist: 1.8002455151593173 vs. 1.8002455151593173
list:
dist: 1.192863356471169 vs. 1.192863356471169
list:
dist: 1.4327838723352195 vs. 1.4327838723352195
list:
dist: 1.1434033406764892 vs. 1.1434033406764892
list:
dist: 1.470055725257264 vs. 1.470055725257264
list:
dist: 2.1239703267489842 vs. 2.1239703267489842
list:
dist: 1.6954531871051566 vs. 1.6954531871051566
list:
dist: 2.3621170671534073 vs. 2.3621170671534073
list:
dist: 1.5623539206759032 vs. 1.5623539206759032
list:
dist: 1.74119466813255 vs. 1.74119466813255
list:
dist: 1.2549166830733574 vs. 1.2549166830733574
list:
dist: 1.2825816172871067 vs. 1.2825816172871067
list:
dist: 0.9669919249115652 vs. 0.9669919249115652
list:
dist: 1.8549671411787179 vs. 1.8549671411787179
list:
dist: 2.1488103440755326 vs. 2.1488103440755326
list:
dist: 1.63208807885843 vs. 1.63208807885843
list:
dist: 0.7928244048380841 vs. 0.7928244048380841
list:
dist: 1.9570737367990818 vs. 1.9570737367990818
list:
dist: 2.0934731825443187 vs. 2.0934731825443187
list:
dist: 0.537349240944434 vs. 0.537349240944434
list:
dist: 1.0080953176850376 vs. 1.0080953176850376
list:
dist: 0.9086202207708459 vs. 0.9086202207708459
list:
dist: 2.1695898480647644 vs. 2.1695898480647644
list:
dist: 1.7331283854358364 vs. 1.7331283854358364
list:
dist: 1.1299896424382767 vs. 1.1299896424382767
list:
dist: 0.601065890721905 vs. 0.601065890721905
list:
dist: 0.8789056148226776 vs. 0.8789056148226776
list:
dist: 1.8002455151593173 vs. 1.8002455151593173
list:
dist: 2.0445036152880163 vs. 2.0445036152880163
list:
dist: 3.812525335458702 vs. 3.812525335458702
list:
dist: 2.9333628777131278 vs. 2.9333628777131278
list:
dist: 2.0580614402167328 vs. 2.0580614402167328
list:
dist: 2.557725913727596 vs. 2.557725913727596
list:
dist: 2.300122126791534 vs. 2.300122126791534
list:
dist: 2.0958025159972027 vs. 2.0958025159972027
list:
dist: 2.3012506466022287 vs. 2.3012506466022287
list:
dist: 3.005584035332204 vs. 3.005584035332204
list:
dist: 2.1172044223942232 vs. 2.1172044223942232
list:
dist: 3.1856134496044715 vs. 3.1856134496044715
list:
dist: 1.6853078331395654 vs. 1.6853078331395654
list:
dist: 2.127173138199493 vs. 2.127173138199493
list:
dist: 2.36779035395325 vs. 2.36779035395325
list:
dist: 1.0150773733485603 vs. 1.0150773733485603
list:
dist: 0.421283287007256 vs. 0.421283287007256
list:
dist: 0.9550748423083505 vs. 0.9550748423083505
list:
dist: 0.9119763521303895 vs. 0.9119763521303895
list:
dist: 2.2121564846519477 vs. 2.2121564846519477
list:
dist: 1.8388984432079467 vs. 1.8388984432079467
list:
dist: 1.9533114108313745 vs. 1.9533114108313745
list:
dist: 1.032054780569179 vs. 1.032054780569179
list:
dist: 2.8724433735225627 vs. 2.8724433735225627
list:
dist: 2.4621033315665106 vs. 2.4621033315665106
list:
dist: 2.924169024684972 vs. 2.924169024684972
list:
dist: 2.2142171180855694 vs. 2.2142171180855694
list:
dist: 1.6404241299287943 vs. 1.6404241299287943
list:
dist: 2.0836731690131267 vs. 2.0836731690131267
list:
dist: 2.1381040374623512 vs. 2.1381040374623512
list:
dist: 0.80775259245591 vs. 0.80775259245591
list:
dist: 1.0392821887109105 vs. 1.0392821887109105
list:
dist: 1.6473907058253159 vs. 1.6473907058253159
list:
dist: 2.576509984367239 vs. 2.576509984367239
list:
dist: 1.1956248985878508 vs. 1.1956248985878508
list:
dist: 0.8789056148226776 vs. 0.8789056148226776
list:
dist: 0.35727821470394067 vs. 0.35727821470394067
list:
dist: 0.7303122766956733 vs. 0.7303122766956733
list:
dist: 1.1434033406764892 vs. 1.1434033406764892
list:
dist: 1.748701003471766 vs. 1.748701003471766
list:
dist: 3.8385466863027156 vs. 3.8385466863027156
list:
dist: 2.438428996609991 vs. 2.438428996609991
list:
dist: 1.7382881305089395 vs. 1.7382881305089395
list:
dist: 1.9440563353196083 vs. 1.9440563353196083
list:
dist: 1.46466519550276 vs. 1.46466519550276
list:
dist: 1.318533025291406 vs. 1.318533025291406
list:
dist: 1.4997292219766656 vs. 1.4997292219766656
list:
dist: 2.249261235381507 vs. 2.249261235381507
list:
dist: 1.2659272643300072 vs. 1.2659272643300072
list:
dist: 2.4704274053729023 vs. 2.4704274053729023
list:
dist: 2.9222790286021474 vs. 2.9222790286021474
list:
dist: 2.89559180416922 vs. 2.89559180416922
list:
dist: 2.0893544354279143 vs. 2.0893544354279143
list:
dist: 2.2945029470984415 vs. 2.2945029470984415
list:
dist: 3.0135905000653507 vs. 3.0135905000653507
list:
dist: 3.7985611652433415 vs. 3.7985611652433415
list:
dist: 1.8968220100483417 vs. 1.8968220100483417
list:
dist: 2.300122126791534 vs. 2.300122126791534
list:
dist: 1.175622370839721 vs. 1.175622370839721
list:
dist: 2.006155382351829 vs. 2.006155382351829
list:
dist: 1.46466519550276 vs. 1.46466519550276
list:
dist: 1.5623539206759032 vs. 1.5623539206759032
list:
dist: 2.1071925810124905 vs. 2.1071925810124905
list:
dist: 3.7702779359468486 vs. 3.7702779359468486
list:
dist: 2.040689775378663 vs. 2.040689775378663
list:
dist: 1.9309435029046327 vs. 1.9309435029046327
list:
dist: 1.7024531045909788 vs. 1.7024531045909788
list:
dist: 0.7148990423156004 vs. 0.7148990423156004
list:
dist: 0.6645575855342483 vs. 0.6645575855342483
list:
dist: 1.7206594492712148 vs. 1.7206594492712148
list:
dist: 0.9776634598871572 vs. 0.9776634598871572
list:
dist: 1.6709227411390468 vs. 1.6709227411390468
list:
dist: 3.4676695427723225 vs. 3.4676695427723225
list:
dist: 2.9333628777131278 vs. 2.9333628777131278
list:
dist: 2.1907923794442965 vs. 2.1907923794442965
list:
dist: 2.3512284913526833 vs. 2.3512284913526833
list:
dist: 2.438428996609991 vs. 2.438428996609991
list:
dist: 2.1239703267489842 vs. 2.1239703267489842
list:
dist: 1.1557121661129395 vs. 1.1557121661129395
list:
dist: 3.3380367589159285 vs. 3.3380367589159285
list:
dist: 0.9480429625374629 vs. 0.9480429625374629
list:
dist: 2.040689775378663 vs. 2.040689775378663
list:
dist: 2.679117041170177 vs. 2.679117041170177
list:
dist: 1.4585133647882973 vs. 1.4585133647882973
list:
dist: 1.8627919887827942 vs. 1.8627919887827942
list:
dist: 2.4739937892857866 vs. 2.4739937892857866
list:
dist: 1.035473965324794 vs. 1.035473965324794
list:
dist: 1.6034859216876975 vs. 1.6034859216876975
list:
dist: 1.6759543314786773 vs. 1.6759543314786773
list:
dist: 2.0717594422366807 vs. 2.0717594422366807
list:
dist: 2.2681727030559786 vs. 2.2681727030559786
list:
dist: 1.0351791985194922 vs. 1.0351791985194922
list:
dist: 1.5710741822488972 vs. 1.5710741822488972
list:
dist: 0.671165471771099 vs. 0.671165471771099
list:
dist: 2.180744430354879 vs. 2.180744430354879
list:
dist: 2.4943834728311702 vs. 2.4943834728311702
list:
dist: 0.7928244048380841 vs. 0.7928244048380841
list:
dist: 1.836738821001593 vs. 1.836738821001593
list:
dist: 1.2431106649573869 vs. 1.2431106649573869
list:
dist: 1.6404241299287943 vs. 1.6404241299287943
list:
dist: 2.5783315991462104 vs. 2.5783315991462104
list:
dist: 2.579622729513084 vs. 2.579622729513084
list:
dist: 3.7176060305248466 vs. 3.7176060305248466
list:
dist: 3.4676695427723225 vs. 3.4676695427723225
list:
dist: 2.54818185571063 vs. 2.54818185571063
list:
dist: 3.5047140902988643 vs. 3.5047140902988643
list:
dist: 3.426021467024074 vs. 3.426021467024074
list:
dist: 2.2007310046576416 vs. 2.2007310046576416
list:
dist: 2.4943834728311702 vs. 2.4943834728311702
list:
dist: 3.573577918452631 vs. 3.573577918452631
list:
dist: 3.010466017235326 vs. 3.010466017235326
list:
dist: 2.8724433735225627 vs. 2.8724433735225627
list:
dist: 2.552017070893503 vs. 2.552017070893503
list:
dist: 2.5245836527193997 vs. 2.5245836527193997
list:
dist: 1.7522839825895333 vs. 1.7522839825895333
list:
dist: 1.2466916091917102 vs. 1.2466916091917102
list:
dist: 2.3100147066779213 vs. 2.3100147066779213
list:
dist: 2.6004391938136022 vs. 2.6004391938136022
list:
dist: 1.7331283854358364 vs. 1.7331283854358364
list:
dist: 1.3994021622169641 vs. 1.3994021622169641
list:
dist: 1.6119724322078601 vs. 1.6119724322078601
list:
dist: 1.1956248985878508 vs. 1.1956248985878508
list:
dist: 0.7484142423037748 vs. 0.7484142423037748
list:
dist: 2.130674209664013 vs. 2.130674209664013
list:
dist: 2.074873706291755 vs. 2.074873706291755
list:
dist: 1.8968220100483417 vs. 1.8968220100483417
list:
dist: 1.7905751316741851 vs. 1.7905751316741851
list:
dist: 1.8208872188019634 vs. 1.8208872188019634
list:
dist: 1.8380368270253225 vs. 1.8380368270253225
list:
dist: 1.042896087645937 vs. 1.042896087645937
list:
dist: 2.713006955839516 vs. 2.713006955839516
list:
dist: 2.004860446253782 vs. 2.004860446253782
list:
dist: 1.2431106649573869 vs. 1.2431106649573869
list:
dist: 2.449165069469673 vs. 2.449165069469673
list:
dist: 2.5593526059698277 vs. 2.5593526059698277
list:
dist: 0.9529810760999313 vs. 0.9529810760999313
list:
dist: 1.359707563930446 vs. 1.359707563930446
list:
dist: 1.5045177964183474 vs. 1.5045177964183474
list:
dist: 2.7040524746913213 vs. 2.7040524746913213
list:
dist: 1.6119724322078601 vs. 1.6119724322078601
list:
dist: 0.601065890721905 vs. 0.601065890721905
list:
dist: 0.873858634959918 vs. 0.873858634959918
list:
dist: 0.7303122766956733 vs. 0.7303122766956733
list:
dist: 1.4327838723352195 vs. 1.4327838723352195
list:
dist: 1.446027430341248 vs. 1.446027430341248
list:
dist: 3.6057451874928987 vs. 3.6057451874928987
list:
dist: 2.3512284913526833 vs. 2.3512284913526833
list:
dist: 1.4702504592091188 vs. 1.4702504592091188
list:
dist: 2.6589603863825277 vs. 2.6589603863825277
list:
dist: 2.006155382351829 vs. 2.006155382351829
list:
dist: 1.9919769908570866 vs. 1.9919769908570866
list:
dist: 1.8640698983473187 vs. 1.8640698983473187
list:
dist: 2.552156610094197 vs. 2.552156610094197
list:
dist: 1.8980990839717373 vs. 1.8980990839717373
list:
dist: 2.6519402412572255 vs. 2.6519402412572255
list:
dist: 2.379663045016662 vs. 2.379663045016662
list:
dist: 2.1386752394111554 vs. 2.1386752394111554
list:
dist: 2.422556350803011 vs. 2.422556350803011
list:
dist: 2.0717594422366807 vs. 2.0717594422366807
list:
dist: 1.8898659376754194 vs. 1.8898659376754194
list:
dist: 0.8485965589803002 vs. 0.8485965589803002
list:
dist: 0.9550748423083505 vs. 0.9550748423083505
list:
dist: 0.23506507767949059 vs. 0.23506507767949059
list:
dist: 1.511043727219273 vs. 1.511043727219273
list:
dist: 1.4583342833957877 vs. 1.4583342833957877
list:
dist: 1.5280306625528295 vs. 1.5280306625528295
list:
dist: 1.5233920764649083 vs. 1.5233920764649083
list:
dist: 2.552017070893503 vs. 2.552017070893503
list:
dist: 1.9570737367990818 vs. 1.9570737367990818
list:
dist: 2.265187511650896 vs. 2.265187511650896
list:
dist: 2.449165069469673 vs. 2.449165069469673
list:
dist: 2.0836731690131267 vs. 2.0836731690131267
list:
dist: 3.002743899226298 vs. 3.002743899226298
list:
dist: 3.8013242525945343 vs. 3.8013242525945343
list:
dist: 1.8995469570420243 vs. 1.8995469570420243
list:
dist: 2.9222790286021474 vs. 2.9222790286021474
list:
dist: 2.2802671085006736 vs. 2.2802671085006736
list:
dist: 3.3227909101993713 vs. 3.3227909101993713
list:
dist: 4.071347550227181 vs. 4.071347550227181
list:
dist: 2.685826124966709 vs. 2.685826124966709
list:
dist: 2.5404375299973188 vs. 2.5404375299973188
list:
dist: 2.270881938054865 vs. 2.270881938054865
list:
dist: 1.510431955929205 vs. 1.510431955929205
list:
dist: 1.5710741822488972 vs. 1.5710741822488972
list:
dist: 2.552581543109235 vs. 2.552581543109235
list:
dist: 2.0053548082120694 vs. 2.0053548082120694
list:
dist: 1.8388984432079467 vs. 1.8388984432079467
list:
dist: 1.4583342833957877 vs. 1.4583342833957877
list:
dist: 1.5035736424806128 vs. 1.5035736424806128
list:
dist: 0.8575903917267702 vs. 0.8575903917267702
list:
dist: 1.172057847819079 vs. 1.172057847819079
list:
dist: 1.568349691987265 vs. 1.568349691987265
list:
dist: 1.2466916091917102 vs. 1.2466916091917102
list:
dist: 1.0080953176850376 vs. 1.0080953176850376
list:
dist: 1.3705572624075686 vs. 1.3705572624075686
list:
dist: 1.359707563930446 vs. 1.359707563930446
list:
dist: 1.0392821887109105 vs. 1.0392821887109105
list:
dist: 1.7139769811789738 vs. 1.7139769811789738
list:
dist: 2.6094157004339844 vs. 2.6094157004339844
list:
dist: 1.967493810626873 vs. 1.967493810626873
list:
dist: 2.2945029470984415 vs. 2.2945029470984415
list:
dist: 1.8911567570793926 vs. 1.8911567570793926
list:
dist: 2.4335815803453515 vs. 2.4335815803453515
list:
dist: 2.932558027472464 vs. 2.932558027472464
list:
dist: 1.7785413500634626 vs. 1.7785413500634626
list:
dist: 2.8073539371531573 vs. 2.8073539371531573
list:
dist: 2.54818185571063 vs. 2.54818185571063
list:
dist: 2.0580614402167328 vs. 2.0580614402167328
list:
dist: 1.5565055076875653 vs. 1.5565055076875653
list:
dist: 1.4702504592091188 vs. 1.4702504592091188
list:
dist: 1.7382881305089395 vs. 1.7382881305089395
list:
dist: 1.6954531871051566 vs. 1.6954531871051566
list:
dist: 0.49348938616870675 vs. 0.49348938616870675
list:
dist: 3.1439103963479 vs. 3.1439103963479
list:
dist: 0.9480429625374629 vs. 0.9480429625374629
list:
dist: 1.9309435029046327 vs. 1.9309435029046327
list:
dist: 2.3852198302483996 vs. 2.3852198302483996
list:
dist: 1.4303805717209646 vs. 1.4303805717209646
list:
dist: 2.054862194280462 vs. 2.054862194280462
list:
dist: 2.211813292193057 vs. 2.211813292193057
list:
dist: 1.6366283311650458 vs. 1.6366283311650458
list:
dist: 3.3227909101993713 vs. 3.3227909101993713
list:
dist: 3.3189754947700902 vs. 3.3189754947700902
list:
dist: 2.244174266520886 vs. 2.244174266520886
list:
dist: 2.4335815803453515 vs. 2.4335815803453515
list:
dist: 3.1299321929565616 vs. 3.1299321929565616
list:
dist: 3.9973529052947687 vs. 3.9973529052947687
list:
dist: 1.8208872188019634 vs. 1.8208872188019634
list:
dist: 2.3012506466022287 vs. 2.3012506466022287
list:
dist: 1.2239741833428135 vs. 1.2239741833428135
list:
dist: 1.8640698983473187 vs. 1.8640698983473187
list:
dist: 1.4997292219766656 vs. 1.4997292219766656
list:
dist: 1.2549166830733574 vs. 1.2549166830733574
list:
dist: 1.5545967667453702 vs. 1.5545967667453702
list:
dist: 3.7595774862538054 vs. 3.7595774862538054
list:
dist: 1.4585133647882973 vs. 1.4585133647882973
list:
dist: 1.4303805717209646 vs. 1.4303805717209646
list:
dist: 2.269036245996518 vs. 2.269036245996518
list:
dist: 0.6645575855342483 vs. 0.6645575855342483
list:
dist: 1.3032414523385145 vs. 1.3032414523385145
list:
dist: 1.2499581364348558 vs. 1.2499581364348558
list:
dist: 1.0985298905597243 vs. 1.0985298905597243
list:
dist: 1.0965265226720682 vs. 1.0965265226720682
list:
dist: 3.1856134496044715 vs. 3.1856134496044715
list:
dist: 2.2302801658645164 vs. 2.2302801658645164
list:
dist: 2.6519402412572255 vs. 2.6519402412572255
list:
dist: 2.4704274053729023 vs. 2.4704274053729023
list:
dist: 1.8549671411787179 vs. 1.8549671411787179
list:
dist: 1.6789791593113108 vs. 1.6789791593113108
list:
dist: 1.035473965324794 vs. 1.035473965324794
list:
dist: 1.6366283311650458 vs. 1.6366283311650458
list:
dist: 1.6709227411390468 vs. 1.6709227411390468
list:
dist: 2.358578610223262 vs. 2.358578610223262
list:
dist: 1.0965265226720682 vs. 1.0965265226720682
list:
dist: 1.0510792632946713 vs. 1.0510792632946713
list:
dist: 1.9704743477426545 vs. 1.9704743477426545
list:
dist: 2.685826124966709 vs. 2.685826124966709
list:
dist: 2.6273695955044865 vs. 2.6273695955044865
list:
dist: 1.9562032141513175 vs. 1.9562032141513175
list:
dist: 1.7785413500634626 vs. 1.7785413500634626
list:
dist: 2.777172773456109 vs. 2.777172773456109
list:
dist: 3.2484132377058663 vs. 3.2484132377058663
list:
dist: 1.042896087645937 vs. 1.042896087645937
list:
dist: 2.1172044223942232 vs. 2.1172044223942232
list:
dist: 1.2035692068793822 vs. 1.2035692068793822
list:
dist: 1.8980990839717373 vs. 1.8980990839717373
list:
dist: 1.2659272643300072 vs. 1.2659272643300072
list:
dist: 0.9669919249115652 vs. 0.9669919249115652
list:
dist: 2.171844963653092 vs. 2.171844963653092
list:
dist: 2.4739937892857866 vs. 2.4739937892857866
list:
dist: 2.211813292193057 vs. 2.211813292193057
list:
dist: 1.5167591520412436 vs. 1.5167591520412436
list:
dist: 0.9776634598871572 vs. 0.9776634598871572
list:
dist: 0.9832709117938065 vs. 0.9832709117938065
list:
dist: 1.0985298905597243 vs. 1.0985298905597243
list:
dist: 1.4449436996755272 vs. 1.4449436996755272
list:
dist: 1.9704743477426545 vs. 1.9704743477426545
list:
dist: 2.2802671085006736 vs. 2.2802671085006736
list:
dist: 2.231115792629917 vs. 2.231115792629917
list:
dist: 1.7472809413272652 vs. 1.7472809413272652
list:
dist: 1.8911567570793926 vs. 1.8911567570793926
list:
dist: 2.640761775135464 vs. 2.640761775135464
list:
dist: 3.2765298145155466 vs. 3.2765298145155466
list:
dist: 1.7905751316741851 vs. 1.7905751316741851
list:
dist: 2.0958025159972027 vs. 2.0958025159972027
list:
dist: 1.1295655726741503 vs. 1.1295655726741503
list:
dist: 1.9919769908570866 vs. 1.9919769908570866
list:
dist: 1.318533025291406 vs. 1.318533025291406
list:
dist: 1.74119466813255 vs. 1.74119466813255
list:
dist: 2.5334541562030437 vs. 2.5334541562030437
list:
dist: 3.983474812351925 vs. 3.983474812351925
list:
dist: 2.679117041170177 vs. 2.679117041170177
list:
dist: 2.3852198302483996 vs. 2.3852198302483996
list:
dist: 1.042918103502865 vs. 1.042918103502865
list:
dist: 0.7148990423156004 vs. 0.7148990423156004
list:
dist: 1.3032414523385145 vs. 1.3032414523385145
list:
dist: 2.2173289761752737 vs. 2.2173289761752737
list:
dist: 0.9832709117938065 vs. 0.9832709117938065
list:
dist: 2.358578610223262 vs. 2.358578610223262
list:
dist: 3.4564809636211113 vs. 3.4564809636211113
list:
dist: 2.284562536368555 vs. 2.284562536368555
list:
dist: 2.4621033315665106 vs. 2.4621033315665106
list:
dist: 1.8995469570420243 vs. 1.8995469570420243
list:
dist: 1.7520413120374554 vs. 1.7520413120374554
list:
dist: 2.1105398775074664 vs. 2.1105398775074664
list:
dist: 1.967493810626873 vs. 1.967493810626873
list:
dist: 2.8097885577629667 vs. 2.8097885577629667
list:
dist: 2.96410590148613 vs. 2.96410590148613
list:
dist: 2.074873706291755 vs. 2.074873706291755
list:
dist: 2.557725913727596 vs. 2.557725913727596
list:
dist: 1.9202148775267232 vs. 1.9202148775267232
list:
dist: 2.6589603863825277 vs. 2.6589603863825277
list:
dist: 1.9440563353196083 vs. 1.9440563353196083
list:
dist: 2.3621170671534073 vs. 2.3621170671534073
list:
dist: 3.442685426114514 vs. 3.442685426114514
list:
dist: 1.7024531045909788 vs. 1.7024531045909788
list:
dist: 1.042918103502865 vs. 1.042918103502865
list:
dist: 2.269036245996518 vs. 2.269036245996518
list:
dist: 2.8996553224812556 vs. 2.8996553224812556
list:
dist: 1.5167591520412436 vs. 1.5167591520412436
list:
dist: 4.071347550227181 vs. 4.071347550227181
list:
dist: 4.034953965847199 vs. 4.034953965847199
list:
dist: 3.0549457108457045 vs. 3.0549457108457045
list:
dist: 2.932558027472464 vs. 2.932558027472464
list:
dist: 3.827833469896384 vs. 3.827833469896384
list:
dist: 4.4167434303222555 vs. 4.4167434303222555
list:
dist: 1.8380368270253225 vs. 1.8380368270253225
list:
dist: 3.005584035332204 vs. 3.005584035332204
list:
dist: 2.1317666616388182 vs. 2.1317666616388182
list:
dist: 2.552156610094197 vs. 2.552156610094197
list:
dist: 2.249261235381507 vs. 2.249261235381507
list:
dist: 1.2825816172871067 vs. 1.2825816172871067
list:
dist: 1.8865492824814956 vs. 1.8865492824814956
list:
dist: 1.8627919887827942 vs. 1.8627919887827942
list:
dist: 2.054862194280462 vs. 2.054862194280462
list:
dist: 2.8996553224812556 vs. 2.8996553224812556
list:
dist: 1.7206594492712148 vs. 1.7206594492712148
list:
dist: 2.2173289761752737 vs. 2.2173289761752737
list:
dist: 1.2499581364348558 vs. 1.2499581364348558
list:
dist: 1.4449436996755272 vs. 1.4449436996755272
list:
dist: 1.0510792632946713 vs. 1.0510792632946713
list:
dist: 3.5033660144852306 vs. 3.5033660144852306
list:
dist: 3.5361468154797406 vs. 3.5361468154797406
list:
dist: 3.168172953859403 vs. 3.168172953859403
list:
dist: 3.311789744376849 vs. 3.311789744376849
list:
dist: 2.166113695432169 vs. 2.166113695432169
list:
dist: 2.1459722925890663 vs. 2.1459722925890663
list:
dist: 2.870172187311178 vs. 2.870172187311178
list:
dist: 2.3983858193793117 vs. 2.3983858193793117
list:
dist: 1.7816587697233943 vs. 1.7816587697233943
list:
dist: 2.0496618224958856 vs. 2.0496618224958856
list:
dist: 1.4319467407951134 vs. 1.4319467407951134
list:
dist: 1.1322963184368682 vs. 1.1322963184368682
list:
dist: 1.8725960380608424 vs. 1.8725960380608424
list:
dist: 2.251328188831486 vs. 2.251328188831486
list:
dist: 3.5720239714497017 vs. 3.5720239714497017
list:
dist: 2.510423902359526 vs. 2.510423902359526
list:
dist: 2.373718799552922 vs. 2.373718799552922
list:
dist: 3.463525855400775 vs. 3.463525855400775
list:
dist: 1.3449248099073923 vs. 1.3449248099073923
list:
dist: 0.6738614312010693 vs. 0.6738614312010693
list:
dist: 1.1386207884062716 vs. 1.1386207884062716
list:
dist: 1.512604634922733 vs. 1.512604634922733
list:
dist: 1.5096089223884426 vs. 1.5096089223884426
list:
dist: 2.5254575854339834 vs. 2.5254575854339834
list:
dist: 2.0093746075602454 vs. 2.0093746075602454
list:
dist: 2.857097114148262 vs. 2.857097114148262
list:
dist: 3.6019773971927878 vs. 3.6019773971927878
list:
dist: 3.55619989513793 vs. 3.55619989513793
list:
dist: 3.9667364444156825 vs. 3.9667364444156825
list:
dist: 4.369287730361129 vs. 4.369287730361129
list:
dist: 4.496596283377428 vs. 4.496596283377428
list:
dist: 2.1077962386021905 vs. 2.1077962386021905
list:
dist: 3.846079057519693 vs. 3.846079057519693
list:
dist: 3.03267692145113 vs. 3.03267692145113
list:
dist: 2.2865054656018615 vs. 2.2865054656018615
list:
dist: 3.1764460056025334 vs. 3.1764460056025334
list:
dist: 3.84513343658776 vs. 3.84513343658776
list:
dist: 2.7377546037238973 vs. 2.7377546037238973
list:
dist: 2.9269289468440336 vs. 2.9269289468440336
list:
dist: 2.2865054656018615 vs. 2.2865054656018615
list:
dist: 1.8285416376431465 vs. 1.8285416376431465
list:
dist: 2.506938297630235 vs. 2.506938297630235
list:
dist: 2.2129845861164696 vs. 2.2129845861164696
list:
dist: 1.5292865178112325 vs. 1.5292865178112325
list:
dist: 0.8008487160657634 vs. 0.8008487160657634
list:
dist: 1.9857958384733734 vs. 1.9857958384733734
list:
dist: 2.3052178007574957 vs. 2.3052178007574957
list:
dist: 1.8852920851617418 vs. 1.8852920851617418
list:
dist: 3.039195529551479 vs. 3.039195529551479
list:
dist: 3.278907205598282 vs. 3.278907205598282
list:
dist: 3.0484043812830945 vs. 3.0484043812830945
list:
dist: 2.0310321385388113 vs. 2.0310321385388113
list:
dist: 2.3871983338248843 vs. 2.3871983338248843
list:
dist: 1.9379802263685233 vs. 1.9379802263685233
list:
dist: 0.9792989976296024 vs. 0.9792989976296024
list:
dist: 1.350879507545032 vs. 1.350879507545032
list:
dist: 2.1023912125574746 vs. 2.1023912125574746
list:
dist: 1.2551536355563744 vs. 1.2551536355563744
list:
dist: 1.313435805208293 vs. 1.313435805208293
list:
dist: 1.4452956452683325 vs. 1.4452956452683325
list:
dist: 1.7847245553135762 vs. 1.7847245553135762
list:
dist: 2.738807280520069 vs. 2.738807280520069
list:
dist: 2.510423902359526 vs. 2.510423902359526
list:
dist: 1.6527924313820785 vs. 1.6527924313820785
list:
dist: 1.4078160399497286 vs. 1.4078160399497286
list:
dist: 2.3272229960131128 vs. 2.3272229960131128
list:
dist: 2.551441832716433 vs. 2.551441832716433
list:
dist: 1.877973947121151 vs. 1.877973947121151
list:
dist: 2.6030136811556277 vs. 2.6030136811556277
list:
dist: 3.1135379506322067 vs. 3.1135379506322067
list:
dist: 2.361961641573016 vs. 2.361961641573016
list:
dist: 2.836057576487821 vs. 2.836057576487821
list:
dist: 3.2819856354227346 vs. 3.2819856354227346
list:
dist: 1.2444382947000465 vs. 1.2444382947000465
list:
dist: 2.9961559129099764 vs. 2.9961559129099764
list:
dist: 2.8638071947042256 vs. 2.8638071947042256
list:
dist: 3.169065969178168 vs. 3.169065969178168
list:
dist: 3.5766494031519205 vs. 3.5766494031519205
list:
dist: 2.3272229960131128 vs. 2.3272229960131128
list:
dist: 3.028291502725895 vs. 3.028291502725895
list:
dist: 1.9862944464109151 vs. 1.9862944464109151
list:
dist: 3.050382717018178 vs. 3.050382717018178
list:
dist: 3.158099782662561 vs. 3.158099782662561
list:
dist: 2.5254575854339834 vs. 2.5254575854339834
list:
dist: 1.6246127045204197 vs. 1.6246127045204197
list:
dist: 2.369504401792491 vs. 2.369504401792491
list:
dist: 1.9818908579686518 vs. 1.9818908579686518
list:
dist: 1.4288671114937581 vs. 1.4288671114937581
list:
dist: 1.08514960437285 vs. 1.08514960437285
list:
dist: 1.7732135585454856 vs. 1.7732135585454856
list:
dist: 1.148195728347831 vs. 1.148195728347831
list:
dist: 2.08021749023927 vs. 2.08021749023927
list:
dist: 2.161552239540024 vs. 2.161552239540024
list:
dist: 2.334952242525736 vs. 2.334952242525736
list:
dist: 1.4035665419896646 vs. 1.4035665419896646
list:
dist: 1.400361159828284 vs. 1.400361159828284
list:
dist: 1.235997096285597 vs. 1.235997096285597
list:
dist: 2.2112391941067395 vs. 2.2112391941067395
list:
dist: 1.5292865178112325 vs. 1.5292865178112325
list:
dist: 1.3576412806694556 vs. 1.3576412806694556
list:
dist: 1.7122970531545518 vs. 1.7122970531545518
list:
dist: 1.523939096292215 vs. 1.523939096292215
list:
dist: 1.313435805208293 vs. 1.313435805208293
list:
dist: 2.1214593039197123 vs. 2.1214593039197123
list:
dist: 2.0462516387791068 vs. 2.0462516387791068
list:
dist: 3.6134909331885408 vs. 3.6134909331885408
list:
dist: 3.5720239714497017 vs. 3.5720239714497017
list:
dist: 2.9048536894696944 vs. 2.9048536894696944
list:
dist: 2.4480703150062473 vs. 2.4480703150062473
list:
dist: 3.5766494031519205 vs. 3.5766494031519205
list:
dist: 3.834402781426598 vs. 3.834402781426598
list:
dist: 3.0387110839843743 vs. 3.0387110839843743
list:
dist: 3.616284553533751 vs. 3.616284553533751
list:
dist: 4.268479052128765 vs. 4.268479052128765
list:
dist: 3.1425588696594287 vs. 3.1425588696594287
list:
dist: 3.587859958216008 vs. 3.587859958216008
list:
dist: 4.138659313548817 vs. 4.138659313548817
list:
dist: 2.5213777530809676 vs. 2.5213777530809676
list:
dist: 4.041348157290402 vs. 4.041348157290402
list:
dist: 3.491934053972034 vs. 3.491934053972034
list:
dist: 2.17017432363452 vs. 2.17017432363452
list:
dist: 3.6134909331885408 vs. 3.6134909331885408
list:
dist: 2.738807280520069 vs. 2.738807280520069
list:
dist: 2.48429903789186 vs. 2.48429903789186
list:
dist: 3.8718296740868925 vs. 3.8718296740868925
list:
dist: 1.5505022417113483 vs. 1.5505022417113483
list:
dist: 0.6738614312010693 vs. 0.6738614312010693
list:
dist: 1.6647706610921282 vs. 1.6647706610921282
list:
dist: 1.723313246344982 vs. 1.723313246344982
list:
dist: 2.018812949034661 vs. 2.018812949034661
list:
dist: 3.158099782662561 vs. 3.158099782662561
list:
dist: 2.6054170195192325 vs. 2.6054170195192325
list:
dist: 3.4020223795011546 vs. 3.4020223795011546
list:
dist: 4.143543017888074 vs. 4.143543017888074
list:
dist: 4.198040062875687 vs. 4.198040062875687
list:
dist: 4.460222610608497 vs. 4.460222610608497
list:
dist: 4.904101208592068 vs. 4.904101208592068
list:
dist: 5.056666510343099 vs. 5.056666510343099
list:
dist: 2.5743555940517977 vs. 2.5743555940517977
list:
dist: 4.459247139974672 vs. 4.459247139974672
list:
dist: 3.6561367310308333 vs. 3.6561367310308333
list:
dist: 2.9269289468440336 vs. 2.9269289468440336
list:
dist: 3.7945466930369074 vs. 3.7945466930369074
list:
dist: 4.453607720418195 vs. 4.453607720418195
list:
dist: 3.2532943704269144 vs. 3.2532943704269144
list:
dist: 2.330519661074657 vs. 2.330519661074657
list:
dist: 1.5505022417113483 vs. 1.5505022417113483
list:
dist: 1.3449248099073923 vs. 1.3449248099073923
list:
dist: 2.2292389512392767 vs. 2.2292389512392767
list:
dist: 2.827219780393802 vs. 2.827219780393802
list:
dist: 1.2481070356955646 vs. 1.2481070356955646
list:
dist: 3.050382717018178 vs. 3.050382717018178
list:
dist: 2.8380627256842157 vs. 2.8380627256842157
list:
dist: 3.135226467025197 vs. 3.135226467025197
list:
dist: 2.7377546037238973 vs. 2.7377546037238973
list:
dist: 2.2507707943260353 vs. 2.2507707943260353
list:
dist: 2.330519661074657 vs. 2.330519661074657
list:
dist: 2.48429903789186 vs. 2.48429903789186
list:
dist: 2.373718799552922 vs. 2.373718799552922
list:
dist: 2.489253145308371 vs. 2.489253145308371
list:
dist: 2.9316732936969436 vs. 2.9316732936969436
list:
dist: 1.7881972970339814 vs. 1.7881972970339814
list:
dist: 3.028291502725895 vs. 3.028291502725895
list:
dist: 3.6050879710088526 vs. 3.6050879710088526
list:
dist: 2.598676966698892 vs. 2.598676966698892
list:
dist: 2.1214593039197123 vs. 2.1214593039197123
list:
dist: 1.4452956452683325 vs. 1.4452956452683325
list:
dist: 1.4670385268231567 vs. 1.4670385268231567
list:
dist: 3.8718296740868925 vs. 3.8718296740868925
list:
dist: 3.463525855400775 vs. 3.463525855400775
list:
dist: 2.41659875640644 vs. 2.41659875640644
list:
dist: 2.5689837077139024 vs. 2.5689837077139024
list:
dist: 1.9862944464109151 vs. 1.9862944464109151
list:
dist: 2.829969668202637 vs. 2.829969668202637
list:
dist: 1.5038415380857189 vs. 1.5038415380857189
list:
dist: 2.0666680952929797 vs. 2.0666680952929797
list:
dist: 2.3834421254623153 vs. 2.3834421254623153
list:
dist: 1.4612022292986604 vs. 1.4612022292986604
list:
dist: 1.6318842613731575 vs. 1.6318842613731575
list:
dist: 2.3427987445948855 vs. 2.3427987445948855
list:
dist: 1.6744841916577689 vs. 1.6744841916577689
list:
dist: 2.0489909722671427 vs. 2.0489909722671427
list:
dist: 2.078798052120112 vs. 2.078798052120112
list:
dist: 2.668947245217791 vs. 2.668947245217791
list:
dist: 4.117443876464422 vs. 4.117443876464422
list:
dist: 4.041348157290402 vs. 4.041348157290402
list:
dist: 2.9961559129099764 vs. 2.9961559129099764
list:
dist: 2.0489909722671427 vs. 2.0489909722671427
list:
dist: 2.691002815775043 vs. 2.691002815775043
list:
dist: 4.459247139974672 vs. 4.459247139974672
list:
dist: 3.846079057519693 vs. 3.846079057519693
list:
dist: 2.8234420697933236 vs. 2.8234420697933236
list:
dist: 3.3301212628977943 vs. 3.3301212628977943
list:
dist: 1.400361159828284 vs. 1.400361159828284
list:
dist: 2.2903382414870546 vs. 2.2903382414870546
list:
dist: 1.2882149062598314 vs. 1.2882149062598314
list:
dist: 1.217899960237856 vs. 1.217899960237856
list:
dist: 0.5751900254893872 vs. 0.5751900254893872
list:
dist: 1.3728758535563264 vs. 1.3728758535563264
list:
dist: 1.1016389231945956 vs. 1.1016389231945956
list:
dist: 1.1359804805679796 vs. 1.1359804805679796
list:
dist: 2.1768865449300163 vs. 2.1768865449300163
list:
dist: 1.8816465029660863 vs. 1.8816465029660863
list:
dist: 0.9248987437362501 vs. 0.9248987437362501
list:
dist: 2.82854194497444 vs. 2.82854194497444
list:
dist: 2.3871983338248843 vs. 2.3871983338248843
list:
dist: 1.3085659899762156 vs. 1.3085659899762156
list:
dist: 0.8765975828929945 vs. 0.8765975828929945
list:
dist: 2.668947245217791 vs. 2.668947245217791
list:
dist: 3.4810117809050016 vs. 3.4810117809050016
list:
dist: 1.235997096285597 vs. 1.235997096285597
list:
dist: 2.15222029311919 vs. 2.15222029311919
list:
dist: 1.744243647908142 vs. 1.744243647908142
list:
dist: 1.857703794966765 vs. 1.857703794966765
list:
dist: 0.5046392570862633 vs. 0.5046392570862633
list:
dist: 2.243801772510673 vs. 2.243801772510673
list:
dist: 2.0158474162591022 vs. 2.0158474162591022
list:
dist: 1.954982353953785 vs. 1.954982353953785
list:
dist: 2.4558078408946953 vs. 2.4558078408946953
list:
dist: 0.9248987437362501 vs. 0.9248987437362501
list:
dist: 2.757623665208227 vs. 2.757623665208227
list:
dist: 2.144026296327935 vs. 2.144026296327935
list:
dist: 1.9379802263685233 vs. 1.9379802263685233
list:
dist: 1.3070746741520904 vs. 1.3070746741520904
list:
dist: 1.2643846059001544 vs. 1.2643846059001544
list:
dist: 2.0462516387791068 vs. 2.0462516387791068
list:
dist: 1.7847245553135762 vs. 1.7847245553135762
list:
dist: 1.4670385268231567 vs. 1.4670385268231567
list:
dist: 1.9360647882487643 vs. 1.9360647882487643
list:
dist: 2.0252845975291245 vs. 2.0252845975291245
list:
dist: 3.0440131443078164 vs. 3.0440131443078164
list:
dist: 1.4025156759337831 vs. 1.4025156759337831
list:
dist: 1.972755351837691 vs. 1.972755351837691
list:
dist: 2.3391890829643187 vs. 2.3391890829643187
list:
dist: 2.0289623990949517 vs. 2.0289623990949517
list:
dist: 2.691002815775043 vs. 2.691002815775043
list:
dist: 1.504381638416803 vs. 1.504381638416803
list:
dist: 3.4810117809050016 vs. 3.4810117809050016
list:
dist: 4.453607720418195 vs. 4.453607720418195
list:
dist: 3.84513343658776 vs. 3.84513343658776
list:
dist: 2.852033638113433 vs. 2.852033638113433
list:
dist: 3.2609146700418616 vs. 3.2609146700418616
list:
dist: 1.7122970531545518 vs. 1.7122970531545518
list:
dist: 1.9854661489509633 vs. 1.9854661489509633
list:
dist: 1.359100144808353 vs. 1.359100144808353
list:
dist: 0.8350840760836333 vs. 0.8350840760836333
list:
dist: 0.8139509988637181 vs. 0.8139509988637181
list:
dist: 1.5094892429780735 vs. 1.5094892429780735
list:
dist: 1.5508685886522748 vs. 1.5508685886522748
list:
dist: 1.0130509314313672 vs. 1.0130509314313672
list:
dist: 2.2058668012261493 vs. 2.2058668012261493
list:
dist: 0.8765975828929945 vs. 0.8765975828929945
list:
dist: 1.7772777933880701 vs. 1.7772777933880701
list:
dist: 1.2643846059001544 vs. 1.2643846059001544
list:
dist: 2.51264889789046 vs. 2.51264889789046
list:
dist: 2.1023912125574746 vs. 2.1023912125574746
list:
dist: 0.7747546714090335 vs. 0.7747546714090335
list:
dist: 3.6096858109603454 vs. 3.6096858109603454
list:
dist: 3.1425588696594287 vs. 3.1425588696594287
list:
dist: 2.361961641573016 vs. 2.361961641573016
list:
dist: 1.4612022292986604 vs. 1.4612022292986604
list:
dist: 1.4025156759337831 vs. 1.4025156759337831
list:
dist: 4.460222610608497 vs. 4.460222610608497
list:
dist: 3.9667364444156825 vs. 3.9667364444156825
list:
dist: 2.829818845550841 vs. 2.829818845550841
list:
dist: 2.9502886258777496 vs. 2.9502886258777496
list:
dist: 2.08021749023927 vs. 2.08021749023927
list:
dist: 2.570619231381426 vs. 2.570619231381426
list:
dist: 1.1713976682869467 vs. 1.1713976682869467
list:
dist: 0.9211703728988766 vs. 0.9211703728988766
list:
dist: 1.7898994503491854 vs. 1.7898994503491854
list:
dist: 0.7425733063247041 vs. 0.7425733063247041
list:
dist: 0.9989033608455066 vs. 0.9989033608455066
list:
dist: 1.8871450957883833 vs. 1.8871450957883833
list:
dist: 1.3728758535563264 vs. 1.3728758535563264
list:
dist: 0.7264743323079845 vs. 0.7264743323079845
list:
dist: 2.243801772510673 vs. 2.243801772510673
list:
dist: 3.738105464514388 vs. 3.738105464514388
list:
dist: 3.039195529551479 vs. 3.039195529551479
list:
dist: 1.8983026551052213 vs. 1.8983026551052213
list:
dist: 1.5094892429780735 vs. 1.5094892429780735
list:
dist: 2.8904378391729852 vs. 2.8904378391729852
list:
dist: 1.7881972970339814 vs. 1.7881972970339814
list:
dist: 1.2481070356955646 vs. 1.2481070356955646
list:
dist: 2.018812949034661 vs. 2.018812949034661
list:
dist: 1.5096089223884426 vs. 1.5096089223884426
list:
dist: 1.672578224867497 vs. 1.672578224867497
list:
dist: 2.5065389142568626 vs. 2.5065389142568626
list:
dist: 1.9818908579686518 vs. 1.9818908579686518
list:
dist: 2.2942250128921837 vs. 2.2942250128921837
list:
dist: 2.7235176867553794 vs. 2.7235176867553794
list:
dist: 2.2129845861164696 vs. 2.2129845861164696
list:
dist: 3.135226467025197 vs. 3.135226467025197
list:
dist: 3.6561367310308333 vs. 3.6561367310308333
list:
dist: 3.03267692145113 vs. 3.03267692145113
list:
dist: 2.7617319609228166 vs. 2.7617319609228166
list:
dist: 3.468645093157909 vs. 3.468645093157909
list:
dist: 2.7235176867553794 vs. 2.7235176867553794
list:
dist: 2.2112391941067395 vs. 2.2112391941067395
list:
dist: 1.7611600853318266 vs. 1.7611600853318266
list:
dist: 2.800635025014603 vs. 2.800635025014603
list:
dist: 2.9621962380017646 vs. 2.9621962380017646
list:
dist: 2.258681897582499 vs. 2.258681897582499
list:
dist: 3.738105464514388 vs. 3.738105464514388
list:
dist: 3.8512915798038985 vs. 3.8512915798038985
list:
dist: 3.522980533961987 vs. 3.522980533961987
list:
dist: 2.9865837858908835 vs. 2.9865837858908835
list:
dist: 2.82854194497444 vs. 2.82854194497444
list:
dist: 2.144026296327935 vs. 2.144026296327935
list:
dist: 0.9792989976296024 vs. 0.9792989976296024
list:
dist: 1.888370444036694 vs. 1.888370444036694
list:
dist: 2.51264889789046 vs. 2.51264889789046
list:
dist: 4.069954656846699 vs. 4.069954656846699
list:
dist: 3.587859958216008 vs. 3.587859958216008
list:
dist: 2.836057576487821 vs. 2.836057576487821
list:
dist: 1.6318842613731575 vs. 1.6318842613731575
list:
dist: 1.972755351837691 vs. 1.972755351837691
list:
dist: 4.904101208592068 vs. 4.904101208592068
list:
dist: 4.369287730361129 vs. 4.369287730361129
list:
dist: 3.2516996836609127 vs. 3.2516996836609127
list:
dist: 3.5191257643271854 vs. 3.5191257643271854
list:
dist: 2.161552239540024 vs. 2.161552239540024
list:
dist: 2.962250938797902 vs. 2.962250938797902
list:
dist: 1.5687920612537143 vs. 1.5687920612537143
list:
dist: 1.3516434718953185 vs. 1.3516434718953185
list:
dist: 1.6567773462274944 vs. 1.6567773462274944
list:
dist: 0.7425733063247041 vs. 0.7425733063247041
list:
dist: 0.8983514049545583 vs. 0.8983514049545583
list:
dist: 2.3876929568370064 vs. 2.3876929568370064
list:
dist: 1.1016389231945956 vs. 1.1016389231945956
list:
dist: 1.1539534771351054 vs. 1.1539534771351054
list:
dist: 2.0158474162591022 vs. 2.0158474162591022
list:
dist: 3.8512915798038985 vs. 3.8512915798038985
list:
dist: 3.278907205598282 vs. 3.278907205598282
list:
dist: 2.1053218867767716 vs. 2.1053218867767716
list:
dist: 1.5508685886522748 vs. 1.5508685886522748
list:
dist: 1.523939096292215 vs. 1.523939096292215
list:
dist: 1.2551536355563744 vs. 1.2551536355563744
list:
dist: 2.2507707943260353 vs. 2.2507707943260353
list:
dist: 2.598676966698892 vs. 2.598676966698892
list:
dist: 3.2532943704269144 vs. 3.2532943704269144
list:
dist: 2.17017432363452 vs. 2.17017432363452
list:
dist: 2.251328188831486 vs. 2.251328188831486
list:
dist: 1.9810541440704739 vs. 1.9810541440704739
list:
dist: 1.5851005009974022 vs. 1.5851005009974022
list:
dist: 2.8904378391729852 vs. 2.8904378391729852
list:
dist: 3.169065969178168 vs. 3.169065969178168
list:
dist: 3.1949322275510013 vs. 3.1949322275510013
list:
dist: 2.980442782374705 vs. 2.980442782374705
list:
dist: 3.7554433418416355 vs. 3.7554433418416355
list:
dist: 4.143262684054036 vs. 4.143262684054036
list:
dist: 3.6096858109603454 vs. 3.6096858109603454
list:
dist: 4.069954656846699 vs. 4.069954656846699
list:
dist: 4.504023451878104 vs. 4.504023451878104
list:
dist: 2.1608588876305266 vs. 2.1608588876305266
list:
dist: 4.117443876464422 vs. 4.117443876464422
list:
dist: 1.9810541440704739 vs. 1.9810541440704739
list:
dist: 2.9048536894696944 vs. 2.9048536894696944
list:
dist: 1.6527924313820785 vs. 1.6527924313820785
list:
dist: 2.489253145308371 vs. 2.489253145308371
list:
dist: 2.41659875640644 vs. 2.41659875640644
list:
dist: 2.2292389512392767 vs. 2.2292389512392767
list:
dist: 1.6647706610921282 vs. 1.6647706610921282
list:
dist: 1.1386207884062716 vs. 1.1386207884062716
list:
dist: 0.9255922286636662 vs. 0.9255922286636662
list:
dist: 1.672578224867497 vs. 1.672578224867497
list:
dist: 1.6246127045204197 vs. 1.6246127045204197
list:
dist: 1.2946788697603893 vs. 1.2946788697603893
list:
dist: 1.7407874314212726 vs. 1.7407874314212726
list:
dist: 2.5223640392038265 vs. 2.5223640392038265
list:
dist: 2.618946435332128 vs. 2.618946435332128
list:
dist: 2.829818845550841 vs. 2.829818845550841
list:
dist: 3.2516996836609127 vs. 3.2516996836609127
list:
dist: 3.4037464708487812 vs. 3.4037464708487812
list:
dist: 0.978669589937569 vs. 0.978669589937569
list:
dist: 2.8234420697933236 vs. 2.8234420697933236
list:
dist: 2.7617319609228166 vs. 2.7617319609228166
list:
dist: 1.8285416376431465 vs. 1.8285416376431465
list:
dist: 2.274140729696013 vs. 2.274140729696013
list:
dist: 2.852033638113433 vs. 2.852033638113433
list:
dist: 1.5851005009974022 vs. 1.5851005009974022
list:
dist: 2.4480703150062473 vs. 2.4480703150062473
list:
dist: 1.4078160399497286 vs. 1.4078160399497286
list:
dist: 2.9316732936969436 vs. 2.9316732936969436
list:
dist: 2.5689837077139024 vs. 2.5689837077139024
list:
dist: 2.827219780393802 vs. 2.827219780393802
list:
dist: 1.723313246344982 vs. 1.723313246344982
list:
dist: 1.512604634922733 vs. 1.512604634922733
list:
dist: 0.9255922286636662 vs. 0.9255922286636662
list:
dist: 2.5065389142568626 vs. 2.5065389142568626
list:
dist: 2.369504401792491 vs. 2.369504401792491
list:
dist: 1.8041474232288484 vs. 1.8041474232288484
list:
dist: 2.0757504333687224 vs. 2.0757504333687224
list:
dist: 2.727021685888207 vs. 2.727021685888207
list:
dist: 3.218931072936509 vs. 3.218931072936509
list:
dist: 2.9502886258777496 vs. 2.9502886258777496
list:
dist: 3.5191257643271854 vs. 3.5191257643271854
list:
dist: 3.651542668565491 vs. 3.651542668565491
list:
dist: 1.16839415799462 vs. 1.16839415799462
list:
dist: 3.3301212628977943 vs. 3.3301212628977943
list:
dist: 3.468645093157909 vs. 3.468645093157909
list:
dist: 2.506938297630235 vs. 2.506938297630235
list:
dist: 2.7498142141695237 vs. 2.7498142141695237
list:
dist: 3.2609146700418616 vs. 3.2609146700418616
list:
dist: 2.980442782374705 vs. 2.980442782374705
list:
dist: 3.0387110839843743 vs. 3.0387110839843743
list:
dist: 1.877973947121151 vs. 1.877973947121151
list:
dist: 1.5038415380857189 vs. 1.5038415380857189
list:
dist: 1.9360647882487643 vs. 1.9360647882487643
list:
dist: 3.4020223795011546 vs. 3.4020223795011546
list:
dist: 2.857097114148262 vs. 2.857097114148262
list:
dist: 1.7407874314212726 vs. 1.7407874314212726
list:
dist: 2.0757504333687224 vs. 2.0757504333687224
list:
dist: 1.08514960437285 vs. 1.08514960437285
list:
dist: 1.4866010989071232 vs. 1.4866010989071232
list:
dist: 0.9116639959743569 vs. 0.9116639959743569
list:
dist: 1.3349643849205337 vs. 1.3349643849205337
list:
dist: 1.1713976682869467 vs. 1.1713976682869467
list:
dist: 1.5687920612537143 vs. 1.5687920612537143
list:
dist: 1.6779126231750108 vs. 1.6779126231750108
list:
dist: 0.9236120401632213 vs. 0.9236120401632213
list:
dist: 1.2882149062598314 vs. 1.2882149062598314
list:
dist: 1.7699874034735577 vs. 1.7699874034735577
list:
dist: 1.744243647908142 vs. 1.744243647908142
list:
dist: 2.800635025014603 vs. 2.800635025014603
list:
dist: 1.9857958384733734 vs. 1.9857958384733734
list:
dist: 1.2108989545644038 vs. 1.2108989545644038
list:
dist: 1.359100144808353 vs. 1.359100144808353
list:
dist: 3.7945466930369074 vs. 3.7945466930369074
list:
dist: 3.1764460056025334 vs. 3.1764460056025334
list:
dist: 2.274140729696013 vs. 2.274140729696013
list:
dist: 2.7498142141695237 vs. 2.7498142141695237
list:
dist: 1.3576412806694556 vs. 1.3576412806694556
list:
dist: 1.2497002678587756 vs. 1.2497002678587756
list:
dist: 1.2108989545644038 vs. 1.2108989545644038
list:
dist: 1.07989780133095 vs. 1.07989780133095
list:
dist: 0.9462965607550811 vs. 0.9462965607550811
list:
dist: 1.8983026551052213 vs. 1.8983026551052213
list:
dist: 2.1053218867767716 vs. 2.1053218867767716
list:
dist: 1.7175836034202485 vs. 1.7175836034202485
list:
dist: 1.822124214392143 vs. 1.822124214392143
list:
dist: 1.3085659899762156 vs. 1.3085659899762156
list:
dist: 2.2585755983276927 vs. 2.2585755983276927
list:
dist: 1.3070746741520904 vs. 1.3070746741520904
list:
dist: 1.888370444036694 vs. 1.888370444036694
list:
dist: 1.350879507545032 vs. 1.350879507545032
list:
dist: 0.7747546714090335 vs. 0.7747546714090335
list:
dist: 4.504023451878104 vs. 4.504023451878104
list:
dist: 4.138659313548817 vs. 4.138659313548817
list:
dist: 3.2819856354227346 vs. 3.2819856354227346
list:
dist: 2.3427987445948855 vs. 2.3427987445948855
list:
dist: 2.3391890829643187 vs. 2.3391890829643187
list:
dist: 5.056666510343099 vs. 5.056666510343099
list:
dist: 4.496596283377428 vs. 4.496596283377428
list:
dist: 3.4037464708487812 vs. 3.4037464708487812
list:
dist: 3.651542668565491 vs. 3.651542668565491
list:
dist: 2.334952242525736 vs. 2.334952242525736
list:
dist: 2.7813663602436645 vs. 2.7813663602436645
list:
dist: 1.6779126231750108 vs. 1.6779126231750108
list:
dist: 0.9850461464853617 vs. 0.9850461464853617
list:
dist: 1.5272189714202402 vs. 1.5272189714202402
list:
dist: 0.9989033608455066 vs. 0.9989033608455066
list:
dist: 0.8983514049545583 vs. 0.8983514049545583
list:
dist: 2.557754827085253 vs. 2.557754827085253
list:
dist: 1.1359804805679796 vs. 1.1359804805679796
list:
dist: 1.014963898176776 vs. 1.014963898176776
list:
dist: 1.954982353953785 vs. 1.954982353953785
list:
dist: 3.522980533961987 vs. 3.522980533961987
list:
dist: 3.0484043812830945 vs. 3.0484043812830945
list:
dist: 1.7175836034202485 vs. 1.7175836034202485
list:
dist: 1.0130509314313672 vs. 1.0130509314313672
list:
dist: 2.1608588876305266 vs. 2.1608588876305266
list:
dist: 2.5213777530809676 vs. 2.5213777530809676
list:
dist: 1.2444382947000465 vs. 1.2444382947000465
list:
dist: 1.6744841916577689 vs. 1.6744841916577689
list:
dist: 2.0289623990949517 vs. 2.0289623990949517
list:
dist: 2.5743555940517977 vs. 2.5743555940517977
list:
dist: 2.1077962386021905 vs. 2.1077962386021905
list:
dist: 0.978669589937569 vs. 0.978669589937569
list:
dist: 1.16839415799462 vs. 1.16839415799462
list:
dist: 1.4035665419896646 vs. 1.4035665419896646
list:
dist: 1.3456104036472387 vs. 1.3456104036472387
list:
dist: 0.9236120401632213 vs. 0.9236120401632213
list:
dist: 1.6935137662550748 vs. 1.6935137662550748
list:
dist: 2.131174593563294 vs. 2.131174593563294
list:
dist: 1.8871450957883833 vs. 1.8871450957883833
list:
dist: 2.3876929568370064 vs. 2.3876929568370064
list:
dist: 2.557754827085253 vs. 2.557754827085253
list:
dist: 2.1768865449300163 vs. 2.1768865449300163
list:
dist: 2.421681735639918 vs. 2.421681735639918
list:
dist: 2.4558078408946953 vs. 2.4558078408946953
list:
dist: 2.9865837858908835 vs. 2.9865837858908835
list:
dist: 2.0310321385388113 vs. 2.0310321385388113
list:
dist: 1.822124214392143 vs. 1.822124214392143
list:
dist: 2.2058668012261493 vs. 2.2058668012261493
list:
dist: 3.7554433418416355 vs. 3.7554433418416355
list:
dist: 3.616284553533751 vs. 3.616284553533751
list:
dist: 2.6030136811556277 vs. 2.6030136811556277
list:
dist: 2.0666680952929797 vs. 2.0666680952929797
list:
dist: 2.0252845975291245 vs. 2.0252845975291245
list:
dist: 4.143543017888074 vs. 4.143543017888074
list:
dist: 3.6019773971927878 vs. 3.6019773971927878
list:
dist: 2.5223640392038265 vs. 2.5223640392038265
list:
dist: 2.727021685888207 vs. 2.727021685888207
list:
dist: 1.7732135585454856 vs. 1.7732135585454856
list:
dist: 1.88497176446198 vs. 1.88497176446198
list:
dist: 0.9116639959743569 vs. 0.9116639959743569
list:
dist: 1.3534655396060484 vs. 1.3534655396060484
list:
dist: 0.9211703728988766 vs. 0.9211703728988766
list:
dist: 1.3516434718953185 vs. 1.3516434718953185
list:
dist: 0.9850461464853617 vs. 0.9850461464853617
list:
dist: 1.6935137662550748 vs. 1.6935137662550748
list:
dist: 1.217899960237856 vs. 1.217899960237856
list:
dist: 1.1936206699251102 vs. 1.1936206699251102
list:
dist: 1.857703794966765 vs. 1.857703794966765
list:
dist: 2.9621962380017646 vs. 2.9621962380017646
list:
dist: 2.3052178007574957 vs. 2.3052178007574957
list:
dist: 1.07989780133095 vs. 1.07989780133095
list:
dist: 0.8350840760836333 vs. 0.8350840760836333
list:
dist: 3.1949322275510013 vs. 3.1949322275510013
list:
dist: 3.834402781426598 vs. 3.834402781426598
list:
dist: 2.551441832716433 vs. 2.551441832716433
list:
dist: 3.6050879710088526 vs. 3.6050879710088526
list:
dist: 2.829969668202637 vs. 2.829969668202637
list:
dist: 2.8380627256842157 vs. 2.8380627256842157
list:
dist: 2.6054170195192325 vs. 2.6054170195192325
list:
dist: 2.0093746075602454 vs. 2.0093746075602454
list:
dist: 1.2946788697603893 vs. 1.2946788697603893
list:
dist: 1.8041474232288484 vs. 1.8041474232288484
list:
dist: 2.2942250128921837 vs. 2.2942250128921837
list:
dist: 1.4288671114937581 vs. 1.4288671114937581
list:
dist: 1.4866010989071232 vs. 1.4866010989071232
list:
dist: 1.88497176446198 vs. 1.88497176446198
list:
dist: 1.9276421055919453 vs. 1.9276421055919453
list:
dist: 2.570619231381426 vs. 2.570619231381426
list:
dist: 2.962250938797902 vs. 2.962250938797902
list:
dist: 2.7813663602436645 vs. 2.7813663602436645
list:
dist: 1.3456104036472387 vs. 1.3456104036472387
list:
dist: 2.2903382414870546 vs. 2.2903382414870546
list:
dist: 2.15222029311919 vs. 2.15222029311919
list:
dist: 1.7611600853318266 vs. 1.7611600853318266
list:
dist: 0.8008487160657634 vs. 0.8008487160657634
list:
dist: 1.2497002678587756 vs. 1.2497002678587756
list:
dist: 1.9854661489509633 vs. 1.9854661489509633
list:
dist: 4.143262684054036 vs. 4.143262684054036
list:
dist: 4.268479052128765 vs. 4.268479052128765
list:
dist: 3.1135379506322067 vs. 3.1135379506322067
list:
dist: 2.3834421254623153 vs. 2.3834421254623153
list:
dist: 3.0440131443078164 vs. 3.0440131443078164
list:
dist: 4.198040062875687 vs. 4.198040062875687
list:
dist: 3.55619989513793 vs. 3.55619989513793
list:
dist: 2.618946435332128 vs. 2.618946435332128
list:
dist: 3.218931072936509 vs. 3.218931072936509
list:
dist: 1.148195728347831 vs. 1.148195728347831
list:
dist: 1.9276421055919453 vs. 1.9276421055919453
list:
dist: 1.3349643849205337 vs. 1.3349643849205337
list:
dist: 1.3534655396060484 vs. 1.3534655396060484
list:
dist: 1.7898994503491854 vs. 1.7898994503491854
list:
dist: 1.6567773462274944 vs. 1.6567773462274944
list:
dist: 1.5272189714202402 vs. 1.5272189714202402
list:
dist: 2.131174593563294 vs. 2.131174593563294
list:
dist: 0.5751900254893872 vs. 0.5751900254893872
list:
dist: 2.284374190670609 vs. 2.284374190670609
list:
dist: 0.5046392570862633 vs. 0.5046392570862633
list:
dist: 2.258681897582499 vs. 2.258681897582499
list:
dist: 1.8852920851617418 vs. 1.8852920851617418
list:
dist: 0.9462965607550811 vs. 0.9462965607550811
list:
dist: 0.8139509988637181 vs. 0.8139509988637181
list:
dist: 3.491934053972034 vs. 3.491934053972034
list:
dist: 2.8638071947042256 vs. 2.8638071947042256
list:
dist: 2.078798052120112 vs. 2.078798052120112
list:
dist: 1.504381638416803 vs. 1.504381638416803
list:
dist: 1.7699874034735577 vs. 1.7699874034735577
list:
dist: 1.1936206699251102 vs. 1.1936206699251102
list:
dist: 2.284374190670609 vs. 2.284374190670609
list:
dist: 0.7264743323079845 vs. 0.7264743323079845
list:
dist: 1.1539534771351054 vs. 1.1539534771351054
list:
dist: 1.014963898176776 vs. 1.014963898176776
list:
dist: 2.421681735639918 vs. 2.421681735639918
list:
dist: 1.8816465029660863 vs. 1.8816465029660863
list:
dist: 2.757623665208227 vs. 2.757623665208227
list:
dist: 2.2585755983276927 vs. 2.2585755983276927
list:
dist: 1.7772777933880701 vs. 1.7772777933880701
700
800
Neighbor List consistency Check...
--------
nle(id0,id1,dist): 4 29 1.3312400596011018
list:
dist: 1.3312400596011018 vs. 1.3312400596011018
--------
nle(id0,id1,dist): 5 14 2.5917715748639756
list:
dist: 2.5917715748639756 vs. 2.5917715748639756
--------
nle(id0,id1,dist): 5 9 2.9806577354831822
list:
dist: 2.9806577354831822 vs. 2.9806577354831822
--------
nle(id0,id1,dist): 5 8 2.0484322172171754
list:
dist: 2.0484322172171754 vs. 2.0484322172171754
--------
nle(id0,id1,dist): 4 11 2.7156833199991004
list:
dist: 2.7156833199991004 vs. 2.7156833199991004
--------
nle(id0,id1,dist): 4 10 1.4561162362660198
list:
dist: 1.4561162362660198 vs. 1.4561162362660198
--------
nle(id0,id1,dist): 4 7 1.0503373351318337
list:
dist: 1.0503373351318337 vs. 1.0503373351318337
--------
nle(id0,id1,dist): 4 8 3.157427718493091
list:
dist: 3.157427718493091 vs. 3.157427718493091
--------
nle(id0,id1,dist): 4 6 0.8587015094046762
list:
dist: 0.8587015094046762 vs. 0.8587015094046762
--------
nle(id0,id1,dist): 4 22 1.9914534194106062
list:
dist: 1.9914534194106062 vs. 1.9914534194106062
--------
nle(id0,id1,dist): 4 21 1.3200156074933496
list:
dist: 1.3200156074933496 vs. 1.3200156074933496
--------
nle(id0,id1,dist): 4 19 0.7084592062826812
list:
dist: 0.7084592062826812 vs. 0.7084592062826812
--------
nle(id0,id1,dist): 4 17 1.4082337351267542
list:
dist: 1.4082337351267542 vs. 1.4082337351267542
--------
nle(id0,id1,dist): 4 16 2.1738538817765543
list:
dist: 2.1738538817765543 vs. 2.1738538817765543
--------
nle(id0,id1,dist): 4 15 1.4609921432647335
list:
dist: 1.4609921432647335 vs. 1.4609921432647335
--------
nle(id0,id1,dist): 4 14 2.337499825658002
list:
dist: 2.337499825658002 vs. 2.337499825658002
--------
nle(id0,id1,dist): 4 13 1.5587348951810116
list:
dist: 1.5587348951810116 vs. 1.5587348951810116
--------
nle(id0,id1,dist): 6 29 1.080377395052534
list:
dist: 1.080377395052534 vs. 1.080377395052534
--------
nle(id0,id1,dist): 6 19 0.7341643020448313
list:
dist: 0.7341643020448313 vs. 0.7341643020448313
--------
nle(id0,id1,dist): 6 21 1.9945613706021992
list:
dist: 1.9945613706021992 vs. 1.9945613706021992
--------
nle(id0,id1,dist): 6 22 2.304056974792532
list:
dist: 2.304056974792532 vs. 2.304056974792532
--------
nle(id0,id1,dist): 7 8 2.1226398305150207
list:
dist: 2.1226398305150207 vs. 2.1226398305150207
--------
nle(id0,id1,dist): 7 11 2.7443497390857385
list:
dist: 2.7443497390857385 vs. 2.7443497390857385
--------
nle(id0,id1,dist): 7 10 0.9772249567450376
list:
dist: 0.9772249567450376 vs. 0.9772249567450376
--------
nle(id0,id1,dist): 7 13 1.9342864638532344
list:
dist: 1.9342864638532344 vs. 1.9342864638532344
--------
nle(id0,id1,dist): 6 14 1.997901714403181
list:
dist: 1.997901714403181 vs. 1.997901714403181
--------
nle(id0,id1,dist): 6 13 1.0420531444827665
list:
dist: 1.0420531444827665 vs. 1.0420531444827665
--------
nle(id0,id1,dist): 6 11 2.0331062768961803
list:
dist: 2.0331062768961803 vs. 2.0331062768961803
--------
nle(id0,id1,dist): 6 17 1.779225706637384
list:
dist: 1.779225706637384 vs. 1.779225706637384
--------
nle(id0,id1,dist): 6 16 2.6646906087084155
list:
dist: 2.6646906087084155 vs. 2.6646906087084155
--------
nle(id0,id1,dist): 6 15 2.1406054883448857
list:
dist: 2.1406054883448857 vs. 2.1406054883448857
--------
nle(id0,id1,dist): 6 10 0.9183526929448039
list:
dist: 0.9183526929448039 vs. 0.9183526929448039
--------
nle(id0,id1,dist): 6 8 2.682256486753062
list:
dist: 2.682256486753062 vs. 2.682256486753062
--------
nle(id0,id1,dist): 6 7 0.8939562630934705
list:
dist: 0.8939562630934705 vs. 0.8939562630934705
--------
nle(id0,id1,dist): 8 14 1.0276558774039104
list:
dist: 1.0276558774039104 vs. 1.0276558774039104
--------
nle(id0,id1,dist): 8 16 3.3687716187762864
list:
dist: 3.3687716187762864 vs. 3.3687716187762864
--------
nle(id0,id1,dist): 8 10 2.3263303101718122
list:
dist: 2.3263303101718122 vs. 2.3263303101718122
--------
nle(id0,id1,dist): 8 9 2.2726483534183877
list:
dist: 2.2726483534183877 vs. 2.2726483534183877
--------
nle(id0,id1,dist): 8 11 3.6943508390557924
list:
dist: 3.6943508390557924 vs. 3.6943508390557924
--------
nle(id0,id1,dist): 8 21 4.209694402298169
list:
dist: 4.209694402298169 vs. 4.209694402298169
--------
nle(id0,id1,dist): 8 19 3.2244769594767746
list:
dist: 3.2244769594767746 vs. 3.2244769594767746
--------
nle(id0,id1,dist): 7 21 2.228684801831202
list:
dist: 2.228684801831202 vs. 2.228684801831202
--------
nle(id0,id1,dist): 7 19 1.3363474044865185
list:
dist: 1.3363474044865185 vs. 1.3363474044865185
--------
nle(id0,id1,dist): 7 17 2.3261689803127616
list:
dist: 2.3261689803127616 vs. 2.3261689803127616
--------
nle(id0,id1,dist): 7 16 2.1727879136439108
list:
dist: 2.1727879136439108 vs. 2.1727879136439108
--------
nle(id0,id1,dist): 7 15 2.470618704076129
list:
dist: 2.470618704076129 vs. 2.470618704076129
--------
nle(id0,id1,dist): 7 14 1.3781311532654983
list:
dist: 1.3781311532654983 vs. 1.3781311532654983
--------
nle(id0,id1,dist): 7 29 1.8549400254427229
list:
dist: 1.8549400254427229 vs. 1.8549400254427229
--------
nle(id0,id1,dist): 7 22 2.96771711521559
list:
dist: 2.96771711521559 vs. 2.96771711521559
--------
nle(id0,id1,dist): 10 11 1.9605784584576367
list:
dist: 1.9605784584576367 vs. 1.9605784584576367
--------
nle(id0,id1,dist): 10 14 1.950907177806498
list:
dist: 1.950907177806498 vs. 1.950907177806498
--------
nle(id0,id1,dist): 10 13 1.607766790653222
list:
dist: 1.607766790653222 vs. 1.607766790653222
--------
nle(id0,id1,dist): 10 15 2.8618696828798997
list:
dist: 2.8618696828798997 vs. 2.8618696828798997
--------
nle(id0,id1,dist): 10 16 3.1336164334390784
list:
dist: 3.1336164334390784 vs. 3.1336164334390784
--------
nle(id0,id1,dist): 10 17 2.1965938727224397
list:
dist: 2.1965938727224397 vs. 2.1965938727224397
--------
nle(id0,id1,dist): 10 19 1.6297282631809746
list:
dist: 1.6297282631809746 vs. 1.6297282631809746
--------
nle(id0,id1,dist): 10 21 2.7595357413840413
list:
dist: 2.7595357413840413 vs. 2.7595357413840413
--------
nle(id0,id1,dist): 10 22 3.049520474912141
list:
dist: 3.049520474912141 vs. 3.049520474912141
--------
nle(id0,id1,dist): 10 29 1.4329181660795014
list:
dist: 1.4329181660795014 vs. 1.4329181660795014
--------
nle(id0,id1,dist): 9 14 3.175263666782595
list:
dist: 3.175263666782595 vs. 3.175263666782595
--------
nle(id0,id1,dist): 6 127 3.187013140019373
list:
dist: 3.187013140019373 vs. 3.187013140019373
--------
nle(id0,id1,dist): 11 29 1.5757344542899314
list:
dist: 1.5757344542899314 vs. 1.5757344542899314
--------
nle(id0,id1,dist): 11 22 3.066085086506944
list:
dist: 3.066085086506944 vs. 3.066085086506944
--------
nle(id0,id1,dist): 11 19 2.430192302671505
list:
dist: 2.430192302671505 vs. 2.430192302671505
--------
nle(id0,id1,dist): 11 14 3.4832403310156095
list:
dist: 3.4832403310156095 vs. 3.4832403310156095
--------
nle(id0,id1,dist): 11 17 2.5832144797367103
list:
dist: 2.5832144797367103 vs. 2.5832144797367103
--------
nle(id0,id1,dist): 11 13 1.3969346212575229
list:
dist: 1.3969346212575229 vs. 1.3969346212575229
--------
nle(id0,id1,dist): 13 27 3.262707134641486
list:
dist: 3.262707134641486 vs. 3.262707134641486
--------
nle(id0,id1,dist): 13 24 3.88295990267592
list:
dist: 3.88295990267592 vs. 3.88295990267592
--------
nle(id0,id1,dist): 13 29 0.710123005239763
list:
dist: 0.710123005239763 vs. 0.710123005239763
--------
nle(id0,id1,dist): 13 19 1.1070952437913366
list:
dist: 1.1070952437913366 vs. 1.1070952437913366
--------
nle(id0,id1,dist): 13 16 3.4968588840606554
list:
dist: 3.4968588840606554 vs. 3.4968588840606554
--------
nle(id0,id1,dist): 13 17 1.6297449515204676
list:
dist: 1.6297449515204676 vs. 1.6297449515204676
--------
nle(id0,id1,dist): 13 22 1.8748197852111992
list:
dist: 1.8748197852111992 vs. 1.8748197852111992
--------
nle(id0,id1,dist): 13 21 2.273652684550761
list:
dist: 2.273652684550761 vs. 2.273652684550761
--------
nle(id0,id1,dist): 13 15 2.2676290243367814
list:
dist: 2.2676290243367814 vs. 2.2676290243367814
--------
nle(id0,id1,dist): 15 29 2.078801793430247
list:
dist: 2.078801793430247 vs. 2.078801793430247
--------
nle(id0,id1,dist): 15 26 2.011520868898919
list:
dist: 2.011520868898919 vs. 2.011520868898919
--------
nle(id0,id1,dist): 15 27 1.9669961855601776
list:
dist: 1.9669961855601776 vs. 1.9669961855601776
--------
nle(id0,id1,dist): 15 24 2.688519020079236
list:
dist: 2.688519020079236 vs. 2.688519020079236
--------
nle(id0,id1,dist): 15 25 2.2960499050276306
list:
dist: 2.2960499050276306 vs. 2.2960499050276306
--------
nle(id0,id1,dist): 15 22 1.1641004784927889
list:
dist: 1.1641004784927889 vs. 1.1641004784927889
--------
nle(id0,id1,dist): 15 21 0.4857795477052705
list:
dist: 0.4857795477052705 vs. 0.4857795477052705
--------
nle(id0,id1,dist): 15 20 2.389174511964642
list:
dist: 2.389174511964642 vs. 2.389174511964642
--------
nle(id0,id1,dist): 15 19 1.5164942625561826
list:
dist: 1.5164942625561826 vs. 1.5164942625561826
--------
nle(id0,id1,dist): 15 17 1.4163646602844684
list:
dist: 1.4163646602844684 vs. 1.4163646602844684
--------
nle(id0,id1,dist): 15 16 2.490146889722577
list:
dist: 2.490146889722577 vs. 2.490146889722577
--------
nle(id0,id1,dist): 14 16 2.402217058671174
list:
dist: 2.402217058671174 vs. 2.402217058671174
--------
nle(id0,id1,dist): 14 19 2.392960401872618
list:
dist: 2.392960401872618 vs. 2.392960401872618
--------
nle(id0,id1,dist): 14 21 3.2521765696018616
list:
dist: 3.2521765696018616 vs. 3.2521765696018616
--------
nle(id0,id1,dist): 17 19 1.5490533248893548
list:
dist: 1.5490533248893548 vs. 1.5490533248893548
--------
nle(id0,id1,dist): 17 22 1.320248530895911
list:
dist: 1.320248530895911 vs. 1.320248530895911
--------
nle(id0,id1,dist): 17 21 1.7198696800242221
list:
dist: 1.7198696800242221 vs. 1.7198696800242221
--------
nle(id0,id1,dist): 17 27 2.3200845269088624
list:
dist: 2.3200845269088624 vs. 2.3200845269088624
--------
nle(id0,id1,dist): 17 24 2.7478726294798808
list:
dist: 2.7478726294798808 vs. 2.7478726294798808
--------
nle(id0,id1,dist): 16 17 3.3807796120280518
list:
dist: 3.3807796120280518 vs. 3.3807796120280518
--------
nle(id0,id1,dist): 16 19 2.4125245506768094
list:
dist: 2.4125245506768094 vs. 2.4125245506768094
--------
nle(id0,id1,dist): 16 20 1.2863686491293405
list:
dist: 1.2863686491293405 vs. 1.2863686491293405
--------
nle(id0,id1,dist): 16 21 2.053170229806696
list:
dist: 2.053170229806696 vs. 2.053170229806696
--------
nle(id0,id1,dist): 16 22 3.4834671422068237
list:
dist: 3.4834671422068237 vs. 3.4834671422068237
--------
nle(id0,id1,dist): 16 25 2.3616438210293342
list:
dist: 2.3616438210293342 vs. 2.3616438210293342
--------
nle(id0,id1,dist): 16 26 3.8871356318834374
list:
dist: 3.8871356318834374 vs. 3.8871356318834374
--------
nle(id0,id1,dist): 16 29 3.478486604989539
list:
dist: 3.478486604989539 vs. 3.478486604989539
--------
nle(id0,id1,dist): 13 127 2.8740269095324185
list:
dist: 2.8740269095324185 vs. 2.8740269095324185
--------
nle(id0,id1,dist): 1 2 0.634656084840762
list:
dist: 0.634656084840762 vs. 0.634656084840762
--------
nle(id0,id1,dist): 1 3 3.2208861441964474
list:
dist: 3.2208861441964474 vs. 3.2208861441964474
--------
nle(id0,id1,dist): 1 4 2.792833334154317
list:
dist: 2.792833334154317 vs. 2.792833334154317
--------
nle(id0,id1,dist): 1 5 1.7362019233871149
list:
dist: 1.7362019233871149 vs. 1.7362019233871149
--------
nle(id0,id1,dist): 1 6 2.7486926090099253
list:
dist: 2.7486926090099253 vs. 2.7486926090099253
--------
nle(id0,id1,dist): 1 7 1.87779717432509
list:
dist: 1.87779717432509 vs. 1.87779717432509
--------
nle(id0,id1,dist): 1 8 1.5272300177373008
list:
dist: 1.5272300177373008 vs. 1.5272300177373008
--------
nle(id0,id1,dist): 1 9 3.5968047300478463
list:
dist: 3.5968047300478463 vs. 3.5968047300478463
--------
nle(id0,id1,dist): 1 10 2.463565381107855
list:
dist: 2.463565381107855 vs. 2.463565381107855
--------
nle(id0,id1,dist): 1 11 4.323636603107389
list:
dist: 4.323636603107389 vs. 4.323636603107389
--------
nle(id0,id1,dist): 2 5 1.3113236387093479
list:
dist: 1.3113236387093479 vs. 1.3113236387093479
--------
nle(id0,id1,dist): 2 3 3.3061513546802503
list:
dist: 3.3061513546802503 vs. 3.3061513546802503
--------
nle(id0,id1,dist): 1 14 1.3076295779257752
list:
dist: 1.3076295779257752 vs. 1.3076295779257752
--------
nle(id0,id1,dist): 1 19 3.1424344205417754
list:
dist: 3.1424344205417754 vs. 3.1424344205417754
--------
nle(id0,id1,dist): 1 16 2.456075929132288
list:
dist: 2.456075929132288 vs. 2.456075929132288
--------
nle(id0,id1,dist): 1 21 3.704653157328805
list:
dist: 3.704653157328805 vs. 3.704653157328805
--------
nle(id0,id1,dist): 2 14 1.4646977445105034
list:
dist: 1.4646977445105034 vs. 1.4646977445105034
--------
nle(id0,id1,dist): 2 8 1.4297211273967576
list:
dist: 1.4297211273967576 vs. 1.4297211273967576
--------
nle(id0,id1,dist): 2 9 3.210431429481328
list:
dist: 3.210431429481328 vs. 3.210431429481328
--------
nle(id0,id1,dist): 3 19 3.4811531385066523
list:
dist: 3.4811531385066523 vs. 3.4811531385066523
--------
nle(id0,id1,dist): 3 9 2.5706986126518374
list:
dist: 2.5706986126518374 vs. 2.5706986126518374
--------
nle(id0,id1,dist): 3 8 1.9408290874620457
list:
dist: 1.9408290874620457 vs. 1.9408290874620457
--------
nle(id0,id1,dist): 3 7 2.8080076622088934
list:
dist: 2.8080076622088934 vs. 2.8080076622088934
--------
nle(id0,id1,dist): 3 6 2.8158983607833186
list:
dist: 2.8158983607833186 vs. 2.8158983607833186
--------
nle(id0,id1,dist): 3 5 3.6444313344651977
list:
dist: 3.6444313344651977 vs. 3.6444313344651977
--------
nle(id0,id1,dist): 3 4 3.5955048014188384
list:
dist: 3.5955048014188384 vs. 3.5955048014188384
--------
nle(id0,id1,dist): 3 14 2.477835214430604
list:
dist: 2.477835214430604 vs. 2.477835214430604
--------
nle(id0,id1,dist): 3 11 2.55288825002313
list:
dist: 2.55288825002313 vs. 2.55288825002313
--------
nle(id0,id1,dist): 3 10 2.292999093809337
list:
dist: 2.292999093809337 vs. 2.292999093809337
--------
nle(id0,id1,dist): 37 48 2.9408452261043
list:
dist: 2.9408452261043 vs. 2.9408452261043
--------
nle(id0,id1,dist): 37 49 2.37180672329357
list:
dist: 2.37180672329357 vs. 2.37180672329357
--------
nle(id0,id1,dist): 37 42 2.567475978738651
list:
dist: 2.567475978738651 vs. 2.567475978738651
--------
nle(id0,id1,dist): 37 46 2.818437911822174
list:
dist: 2.818437911822174 vs. 2.818437911822174
--------
nle(id0,id1,dist): 37 39 1.758600660865452
list:
dist: 1.758600660865452 vs. 1.758600660865452
--------
nle(id0,id1,dist): 37 38 1.7838687397600255
list:
dist: 1.7838687397600255 vs. 1.7838687397600255
--------
nle(id0,id1,dist): 36 55 2.617351182675429
list:
dist: 2.617351182675429 vs. 2.617351182675429
--------
nle(id0,id1,dist): 36 54 1.8756357925595637
list:
dist: 1.8756357925595637 vs. 1.8756357925595637
--------
nle(id0,id1,dist): 36 58 2.79618466865926
list:
dist: 2.79618466865926 vs. 2.79618466865926
--------
nle(id0,id1,dist): 36 47 1.2920795199957587
list:
dist: 1.2920795199957587 vs. 1.2920795199957587
--------
nle(id0,id1,dist): 36 46 1.023809171021586
list:
dist: 1.023809171021586 vs. 1.023809171021586
--------
nle(id0,id1,dist): 36 51 2.430435685596557
list:
dist: 2.430435685596557 vs. 2.430435685596557
--------
nle(id0,id1,dist): 36 52 2.4416744340930223
list:
dist: 2.4416744340930223 vs. 2.4416744340930223
--------
nle(id0,id1,dist): 36 49 1.4251534650080913
list:
dist: 1.4251534650080913 vs. 1.4251534650080913
--------
nle(id0,id1,dist): 36 50 0.9341558174456213
list:
dist: 0.9341558174456213 vs. 0.9341558174456213
--------
nle(id0,id1,dist): 36 40 1.681945103079836
list:
dist: 1.681945103079836 vs. 1.681945103079836
--------
nle(id0,id1,dist): 36 39 2.295252021250216
list:
dist: 2.295252021250216 vs. 2.295252021250216
--------
nle(id0,id1,dist): 36 38 2.286660711463058
list:
dist: 2.286660711463058 vs. 2.286660711463058
--------
nle(id0,id1,dist): 36 44 1.8931185524081318
list:
dist: 1.8931185524081318 vs. 1.8931185524081318
--------
nle(id0,id1,dist): 36 43 2.9424187050468684
list:
dist: 2.9424187050468684 vs. 2.9424187050468684
--------
nle(id0,id1,dist): 36 42 1.4963540027799132
list:
dist: 1.4963540027799132 vs. 1.4963540027799132
--------
nle(id0,id1,dist): 35 58 0.7880128366972943
list:
dist: 0.7880128366972943 vs. 0.7880128366972943
--------
nle(id0,id1,dist): 35 59 1.7119570978071492
list:
dist: 1.7119570978071492 vs. 1.7119570978071492
--------
nle(id0,id1,dist): 35 54 1.3174276528452449
list:
dist: 1.3174276528452449 vs. 1.3174276528452449
--------
nle(id0,id1,dist): 35 55 1.7145357241182144
list:
dist: 1.7145357241182144 vs. 1.7145357241182144
--------
nle(id0,id1,dist): 35 56 2.0969675371927967
list:
dist: 2.0969675371927967 vs. 2.0969675371927967
--------
nle(id0,id1,dist): 35 57 1.388267805210905
list:
dist: 1.388267805210905 vs. 1.388267805210905
--------
nle(id0,id1,dist): 35 50 1.915395954613176
list:
dist: 1.915395954613176 vs. 1.915395954613176
--------
nle(id0,id1,dist): 35 51 2.4551550619720195
list:
dist: 2.4551550619720195 vs. 2.4551550619720195
--------
nle(id0,id1,dist): 35 47 2.0456799153638396
list:
dist: 2.0456799153638396 vs. 2.0456799153638396
--------
nle(id0,id1,dist): 35 46 1.8663541261723735
list:
dist: 1.8663541261723735 vs. 1.8663541261723735
--------
nle(id0,id1,dist): 35 49 1.655121864496277
list:
dist: 1.655121864496277 vs. 1.655121864496277
--------
nle(id0,id1,dist): 35 48 1.2387941090582866
list:
dist: 1.2387941090582866 vs. 1.2387941090582866
--------
nle(id0,id1,dist): 35 42 2.1403532897152733
list:
dist: 2.1403532897152733 vs. 2.1403532897152733
--------
nle(id0,id1,dist): 35 44 2.202565646582649
list:
dist: 2.202565646582649 vs. 2.202565646582649
--------
nle(id0,id1,dist): 35 39 1.8969151858278503
list:
dist: 1.8969151858278503 vs. 1.8969151858278503
--------
nle(id0,id1,dist): 35 38 2.0641140738551544
list:
dist: 2.0641140738551544 vs. 2.0641140738551544
--------
nle(id0,id1,dist): 35 40 2.548231162533436
list:
dist: 2.548231162533436 vs. 2.548231162533436
--------
nle(id0,id1,dist): 35 37 3.046908516109169
list:
dist: 3.046908516109169 vs. 3.046908516109169
--------
nle(id0,id1,dist): 35 36 2.130685858275278
list:
dist: 2.130685858275278 vs. 2.130685858275278
--------
nle(id0,id1,dist): 34 58 3.596878760401472
list:
dist: 3.596878760401472 vs. 3.596878760401472
--------
nle(id0,id1,dist): 34 55 3.07672147737983
list:
dist: 3.07672147737983 vs. 3.07672147737983
--------
nle(id0,id1,dist): 34 54 2.734871853168493
list:
dist: 2.734871853168493 vs. 2.734871853168493
--------
nle(id0,id1,dist): 34 52 1.81975922004048
list:
dist: 1.81975922004048 vs. 1.81975922004048
--------
nle(id0,id1,dist): 34 51 2.8007092451927034
list:
dist: 2.8007092451927034 vs. 2.8007092451927034
--------
nle(id0,id1,dist): 34 50 1.4974551688169944
list:
dist: 1.4974551688169944 vs. 1.4974551688169944
--------
nle(id0,id1,dist): 34 49 2.334235794094887
list:
dist: 2.334235794094887 vs. 2.334235794094887
--------
nle(id0,id1,dist): 34 47 2.410324677178311
list:
dist: 2.410324677178311 vs. 2.410324677178311
--------
nle(id0,id1,dist): 34 46 2.4724014256257902
list:
dist: 2.4724014256257902 vs. 2.4724014256257902
--------
nle(id0,id1,dist): 34 44 1.7754171490781396
list:
dist: 1.7754171490781396 vs. 1.7754171490781396
--------
nle(id0,id1,dist): 34 43 1.8179167020385718
list:
dist: 1.8179167020385718 vs. 1.8179167020385718
--------
nle(id0,id1,dist): 34 42 1.823707127806799
list:
dist: 1.823707127806799 vs. 1.823707127806799
--------
nle(id0,id1,dist): 34 40 1.9023864070441159
list:
dist: 1.9023864070441159 vs. 1.9023864070441159
--------
nle(id0,id1,dist): 34 39 2.5564529433141914
list:
dist: 2.5564529433141914 vs. 2.5564529433141914
--------
nle(id0,id1,dist): 34 36 2.064562070339562
list:
dist: 2.064562070339562 vs. 2.064562070339562
--------
nle(id0,id1,dist): 34 35 3.23215486691452
list:
dist: 3.23215486691452 vs. 3.23215486691452
--------
nle(id0,id1,dist): 34 38 2.4643275625382866
list:
dist: 2.4643275625382866 vs. 2.4643275625382866
--------
nle(id0,id1,dist): 33 46 3.9225546491604595
list:
dist: 3.9225546491604595 vs. 3.9225546491604595
--------
nle(id0,id1,dist): 33 49 3.855977233167491
list:
dist: 3.855977233167491 vs. 3.855977233167491
--------
nle(id0,id1,dist): 33 50 3.869830926501231
list:
dist: 3.869830926501231 vs. 3.869830926501231
--------
nle(id0,id1,dist): 33 34 2.7210821151183677
list:
dist: 2.7210821151183677 vs. 2.7210821151183677
--------
nle(id0,id1,dist): 33 39 3.914106468010601
list:
dist: 3.914106468010601 vs. 3.914106468010601
--------
nle(id0,id1,dist): 33 38 3.7231579694770396
list:
dist: 3.7231579694770396 vs. 3.7231579694770396
--------
nle(id0,id1,dist): 33 43 2.014617984437407
list:
dist: 2.014617984437407 vs. 2.014617984437407
--------
nle(id0,id1,dist): 33 42 3.2596510683791413
list:
dist: 3.2596510683791413 vs. 3.2596510683791413
--------
nle(id0,id1,dist): 32 49 1.935041719736866
list:
dist: 1.935041719736866 vs. 1.935041719736866
--------
nle(id0,id1,dist): 32 50 2.1700499945274285
list:
dist: 2.1700499945274285 vs. 2.1700499945274285
--------
nle(id0,id1,dist): 32 38 2.2262647469750907
list:
dist: 2.2262647469750907 vs. 2.2262647469750907
--------
nle(id0,id1,dist): 32 39 2.383054642471443
list:
dist: 2.383054642471443 vs. 2.383054642471443
--------
nle(id0,id1,dist): 32 34 1.8957845982228074
list:
dist: 1.8957845982228074 vs. 1.8957845982228074
--------
nle(id0,id1,dist): 32 33 2.168395525992645
list:
dist: 2.168395525992645 vs. 2.168395525992645
--------
nle(id0,id1,dist): 32 36 1.9243201153488894
list:
dist: 1.9243201153488894 vs. 1.9243201153488894
--------
nle(id0,id1,dist): 32 46 1.8185770184165746
list:
dist: 1.8185770184165746 vs. 1.8185770184165746
--------
nle(id0,id1,dist): 32 42 1.476996760441182
list:
dist: 1.476996760441182 vs. 1.476996760441182
--------
nle(id0,id1,dist): 32 43 2.0705540403184712
list:
dist: 2.0705540403184712 vs. 2.0705540403184712
--------
nle(id0,id1,dist): 31 58 3.4212436243568987
list:
dist: 3.4212436243568987 vs. 3.4212436243568987
--------
nle(id0,id1,dist): 31 54 2.8743776963404004
list:
dist: 2.8743776963404004 vs. 2.8743776963404004
--------
nle(id0,id1,dist): 31 55 3.268594338067544
list:
dist: 3.268594338067544 vs. 3.268594338067544
--------
nle(id0,id1,dist): 31 44 2.1741333056129704
list:
dist: 2.1741333056129704 vs. 2.1741333056129704
--------
nle(id0,id1,dist): 31 43 2.233983110050036
list:
dist: 2.233983110050036 vs. 2.233983110050036
--------
nle(id0,id1,dist): 31 42 1.2089647563374313
list:
dist: 1.2089647563374313 vs. 1.2089647563374313
--------
nle(id0,id1,dist): 31 40 2.429708932363174
list:
dist: 2.429708932363174 vs. 2.429708932363174
--------
nle(id0,id1,dist): 31 39 1.8701440189272744
list:
dist: 1.8701440189272744 vs. 1.8701440189272744
--------
nle(id0,id1,dist): 31 38 1.7402413644686765
list:
dist: 1.7402413644686765 vs. 1.7402413644686765
--------
nle(id0,id1,dist): 31 52 2.6023790445409833
list:
dist: 2.6023790445409833 vs. 2.6023790445409833
--------
nle(id0,id1,dist): 31 51 3.248448072678484
list:
dist: 3.248448072678484 vs. 3.248448072678484
--------
nle(id0,id1,dist): 31 50 1.6097681398065673
list:
dist: 1.6097681398065673 vs. 1.6097681398065673
--------
nle(id0,id1,dist): 31 49 1.8133613025761977
list:
dist: 1.8133613025761977 vs. 1.8133613025761977
--------
nle(id0,id1,dist): 31 47 2.717777773311355
list:
dist: 2.717777773311355 vs. 2.717777773311355
--------
nle(id0,id1,dist): 31 46 2.084045857906065
list:
dist: 2.084045857906065 vs. 2.084045857906065
--------
nle(id0,id1,dist): 31 36 2.062640168924993
list:
dist: 2.062640168924993 vs. 2.062640168924993
--------
nle(id0,id1,dist): 31 34 0.8650175926590906
list:
dist: 0.8650175926590906 vs. 0.8650175926590906
--------
nle(id0,id1,dist): 31 35 2.9979342515750145
list:
dist: 2.9979342515750145 vs. 2.9979342515750145
--------
nle(id0,id1,dist): 31 32 1.4801653699637434
list:
dist: 1.4801653699637434 vs. 1.4801653699637434
--------
nle(id0,id1,dist): 31 33 2.488606166806503
list:
dist: 2.488606166806503 vs. 2.488606166806503
--------
nle(id0,id1,dist): 44 47 1.2199074131665328
list:
dist: 1.2199074131665328 vs. 1.2199074131665328
--------
nle(id0,id1,dist): 44 46 2.484288179504364
list:
dist: 2.484288179504364 vs. 2.484288179504364
--------
nle(id0,id1,dist): 44 51 1.0970132531831593
list:
dist: 1.0970132531831593 vs. 1.0970132531831593
--------
nle(id0,id1,dist): 44 52 1.3844602240933028
list:
dist: 1.3844602240933028 vs. 1.3844602240933028
--------
nle(id0,id1,dist): 44 49 2.368415202171695
list:
dist: 2.368415202171695 vs. 2.368415202171695
--------
nle(id0,id1,dist): 44 50 1.0602735889673207
list:
dist: 1.0602735889673207 vs. 1.0602735889673207
--------
nle(id0,id1,dist): 43 50 2.887058730962674
list:
dist: 2.887058730962674 vs. 2.887058730962674
--------
nle(id0,id1,dist): 42 46 1.005776196059241
list:
dist: 1.005776196059241 vs. 1.005776196059241
--------
nle(id0,id1,dist): 42 44 2.285749099562975
list:
dist: 2.285749099562975 vs. 2.285749099562975
--------
nle(id0,id1,dist): 41 79 4.149915119635932
list:
dist: 4.149915119635932 vs. 4.149915119635932
--------
nle(id0,id1,dist): 41 76 2.536228822897277
list:
dist: 2.536228822897277 vs. 2.536228822897277
--------
nle(id0,id1,dist): 41 70 2.4750488055486786
list:
dist: 2.4750488055486786 vs. 2.4750488055486786
--------
nle(id0,id1,dist): 42 58 2.732411739870637
list:
dist: 2.732411739870637 vs. 2.732411739870637
--------
nle(id0,id1,dist): 42 55 2.9975455249171366
list:
dist: 2.9975455249171366 vs. 2.9975455249171366
--------
nle(id0,id1,dist): 42 54 2.4464947722141805
list:
dist: 2.4464947722141805 vs. 2.4464947722141805
--------
nle(id0,id1,dist): 42 51 3.1973311520892818
list:
dist: 3.1973311520892818 vs. 3.1973311520892818
--------
nle(id0,id1,dist): 42 49 0.6337913877712048
list:
dist: 0.6337913877712048 vs. 0.6337913877712048
--------
nle(id0,id1,dist): 42 50 1.383112089758323
list:
dist: 1.383112089758323 vs. 1.383112089758323
--------
nle(id0,id1,dist): 42 47 2.412878032641217
list:
dist: 2.412878032641217 vs. 2.412878032641217
--------
nle(id0,id1,dist): 42 48 3.0735980610487657
list:
dist: 3.0735980610487657 vs. 3.0735980610487657
--------
nle(id0,id1,dist): 41 64 2.625962014599467
list:
dist: 2.625962014599467 vs. 2.625962014599467
--------
nle(id0,id1,dist): 41 60 2.8286936478351095
list:
dist: 2.8286936478351095 vs. 2.8286936478351095
--------
nle(id0,id1,dist): 41 61 3.456498675111927
list:
dist: 3.456498675111927 vs. 3.456498675111927
--------
nle(id0,id1,dist): 41 62 2.2952067357738115
list:
dist: 2.2952067357738115 vs. 2.2952067357738115
--------
nle(id0,id1,dist): 40 44 0.7460161059896144
list:
dist: 0.7460161059896144 vs. 0.7460161059896144
--------
nle(id0,id1,dist): 40 42 2.522333516875805
list:
dist: 2.522333516875805 vs. 2.522333516875805
--------
nle(id0,id1,dist): 40 47 0.8475257909693701
list:
dist: 0.8475257909693701 vs. 0.8475257909693701
--------
nle(id0,id1,dist): 40 46 2.523957570993105
list:
dist: 2.523957570993105 vs. 2.523957570993105
--------
nle(id0,id1,dist): 40 51 1.0624989689909063
list:
dist: 1.0624989689909063 vs. 1.0624989689909063
--------
nle(id0,id1,dist): 40 52 1.0272369542940456
list:
dist: 1.0272369542940456 vs. 1.0272369542940456
--------
nle(id0,id1,dist): 40 49 2.595875517229611
list:
dist: 2.595875517229611 vs. 2.595875517229611
--------
nle(id0,id1,dist): 40 50 1.1500663571272223
list:
dist: 1.1500663571272223 vs. 1.1500663571272223
--------
nle(id0,id1,dist): 40 55 1.7845350880936637
list:
dist: 1.7845350880936637 vs. 1.7845350880936637
--------
nle(id0,id1,dist): 40 56 2.199791566914593
list:
dist: 2.199791566914593 vs. 2.199791566914593
--------
nle(id0,id1,dist): 40 54 1.4231105846507612
list:
dist: 1.4231105846507612 vs. 1.4231105846507612
--------
nle(id0,id1,dist): 40 59 2.8532152730960916
list:
dist: 2.8532152730960916 vs. 2.8532152730960916
--------
nle(id0,id1,dist): 40 58 2.814993927994014
list:
dist: 2.814993927994014 vs. 2.814993927994014
--------
nle(id0,id1,dist): 40 57 2.4150697553400367
list:
dist: 2.4150697553400367 vs. 2.4150697553400367
--------
nle(id0,id1,dist): 39 46 1.5804911510336475
list:
dist: 1.5804911510336475 vs. 1.5804911510336475
--------
nle(id0,id1,dist): 39 47 2.9637755172129228
list:
dist: 2.9637755172129228 vs. 2.9637755172129228
--------
nle(id0,id1,dist): 39 48 2.4624575090668026
list:
dist: 2.4624575090668026 vs. 2.4624575090668026
--------
nle(id0,id1,dist): 39 49 0.9426661285640784
list:
dist: 0.9426661285640784 vs. 0.9426661285640784
--------
nle(id0,id1,dist): 39 50 2.0399603731627125
list:
dist: 2.0399603731627125 vs. 2.0399603731627125
--------
nle(id0,id1,dist): 39 51 3.54577786705561
list:
dist: 3.54577786705561 vs. 3.54577786705561
--------
nle(id0,id1,dist): 39 54 2.628584675465281
list:
dist: 2.628584675465281 vs. 2.628584675465281
--------
nle(id0,id1,dist): 39 55 3.026748163277361
list:
dist: 3.026748163277361 vs. 3.026748163277361
--------
nle(id0,id1,dist): 39 58 2.3426143586451555
list:
dist: 2.3426143586451555 vs. 2.3426143586451555
--------
nle(id0,id1,dist): 38 58 2.5245484060360437
list:
dist: 2.5245484060360437 vs. 2.5245484060360437
--------
nle(id0,id1,dist): 38 55 3.1502298576710595
list:
dist: 3.1502298576710595 vs. 3.1502298576710595
--------
nle(id0,id1,dist): 38 54 2.737863743214373
list:
dist: 2.737863743214373 vs. 2.737863743214373
--------
nle(id0,id1,dist): 38 51 3.6220710830580143
list:
dist: 3.6220710830580143 vs. 3.6220710830580143
--------
nle(id0,id1,dist): 39 44 2.6972940257640525
list:
dist: 2.6972940257640525 vs. 2.6972940257640525
--------
nle(id0,id1,dist): 39 42 1.0167709401853045
list:
dist: 1.0167709401853045 vs. 1.0167709401853045
--------
nle(id0,id1,dist): 39 40 3.126811828783415
list:
dist: 3.126811828783415 vs. 3.126811828783415
--------
nle(id0,id1,dist): 37 58 3.3998222263946576
list:
dist: 3.3998222263946576 vs. 3.3998222263946576
--------
nle(id0,id1,dist): 38 40 3.1494567472083976
list:
dist: 3.1494567472083976 vs. 3.1494567472083976
--------
nle(id0,id1,dist): 38 39 0.19991731153932688
list:
dist: 0.19991731153932688 vs. 0.19991731153932688
--------
nle(id0,id1,dist): 38 42 0.9196892599836646
list:
dist: 0.9196892599836646 vs. 0.9196892599836646
--------
nle(id0,id1,dist): 38 48 2.660207528962257
list:
dist: 2.660207528962257 vs. 2.660207528962257
--------
nle(id0,id1,dist): 38 47 3.015113715066564
list:
dist: 3.015113715066564 vs. 3.015113715066564
--------
nle(id0,id1,dist): 38 50 2.0470195570119873
list:
dist: 2.0470195570119873 vs. 2.0470195570119873
--------
nle(id0,id1,dist): 38 49 0.9537917573358686
list:
dist: 0.9537917573358686 vs. 0.9537917573358686
--------
nle(id0,id1,dist): 38 44 2.737908452477168
list:
dist: 2.737908452477168 vs. 2.737908452477168
--------
nle(id0,id1,dist): 38 46 1.5753747316052689
list:
dist: 1.5753747316052689 vs. 1.5753747316052689
--------
nle(id0,id1,dist): 23 25 3.021262877198849
list:
dist: 3.021262877198849 vs. 3.021262877198849
--------
nle(id0,id1,dist): 20 127 3.7649434044190544
list:
dist: 3.7649434044190544 vs. 3.7649434044190544
--------
nle(id0,id1,dist): 21 127 1.977996363953422
list:
dist: 1.977996363953422 vs. 1.977996363953422
--------
nle(id0,id1,dist): 21 26 2.374706668137229
list:
dist: 2.374706668137229 vs. 2.374706668137229
--------
nle(id0,id1,dist): 21 25 2.2544828448022063
list:
dist: 2.2544828448022063 vs. 2.2544828448022063
--------
nle(id0,id1,dist): 21 29 2.1773522716543936
list:
dist: 2.1773522716543936 vs. 2.1773522716543936
--------
nle(id0,id1,dist): 21 22 1.4744644460745864
list:
dist: 1.4744644460745864 vs. 1.4744644460745864
--------
nle(id0,id1,dist): 22 27 1.4229952948854085
list:
dist: 1.4229952948854085 vs. 1.4229952948854085
--------
nle(id0,id1,dist): 22 29 1.8178467100213231
list:
dist: 1.8178467100213231 vs. 1.8178467100213231
--------
nle(id0,id1,dist): 22 24 2.178155020049387
list:
dist: 2.178155020049387 vs. 2.178155020049387
--------
nle(id0,id1,dist): 19 127 2.481574825711199
list:
dist: 2.481574825711199 vs. 2.481574825711199
--------
nle(id0,id1,dist): 19 22 1.71641991544174
list:
dist: 1.71641991544174 vs. 1.71641991544174
--------
nle(id0,id1,dist): 19 21 1.345757638584093
list:
dist: 1.345757638584093 vs. 1.345757638584093
--------
nle(id0,id1,dist): 19 29 1.211625001911915
list:
dist: 1.211625001911915 vs. 1.211625001911915
--------
nle(id0,id1,dist): 20 25 1.157210403126661
list:
dist: 1.157210403126661 vs. 1.157210403126661
--------
nle(id0,id1,dist): 20 26 3.09213171373333
list:
dist: 3.09213171373333 vs. 3.09213171373333
--------
nle(id0,id1,dist): 20 21 2.118406142173116
list:
dist: 2.118406142173116 vs. 2.118406142173116
--------
nle(id0,id1,dist): 20 23 2.860219107664837
list:
dist: 2.860219107664837 vs. 2.860219107664837
--------
nle(id0,id1,dist): 15 127 1.9952409670630709
list:
dist: 1.9952409670630709 vs. 1.9952409670630709
--------
nle(id0,id1,dist): 18 20 2.4923376434742726
list:
dist: 2.4923376434742726 vs. 2.4923376434742726
--------
nle(id0,id1,dist): 17 29 1.0867878566846076
list:
dist: 1.0867878566846076 vs. 1.0867878566846076
--------
nle(id0,id1,dist): 16 127 3.52146813413264
list:
dist: 3.52146813413264 vs. 3.52146813413264
--------
nle(id0,id1,dist): 18 23 1.5126331519730687
list:
dist: 1.5126331519730687 vs. 1.5126331519730687
--------
nle(id0,id1,dist): 18 25 2.7263521979840437
list:
dist: 2.7263521979840437 vs. 2.7263521979840437
--------
nle(id0,id1,dist): 27 127 2.0656512775531803
list:
dist: 2.0656512775531803 vs. 2.0656512775531803
--------
nle(id0,id1,dist): 30 33 1.1972537154731808
list:
dist: 1.1972537154731808 vs. 1.1972537154731808
--------
nle(id0,id1,dist): 30 32 2.1095094166826653
list:
dist: 2.1095094166826653 vs. 2.1095094166826653
--------
nle(id0,id1,dist): 30 43 2.7559948963368077
list:
dist: 2.7559948963368077 vs. 2.7559948963368077
--------
nle(id0,id1,dist): 26 27 1.84061598816333
list:
dist: 1.84061598816333 vs. 1.84061598816333
--------
nle(id0,id1,dist): 27 29 3.113794685345545
list:
dist: 3.113794685345545 vs. 3.113794685345545
--------
nle(id0,id1,dist): 24 26 1.9315664211129968
list:
dist: 1.9315664211129968 vs. 1.9315664211129968
--------
nle(id0,id1,dist): 24 27 0.9286705674964162
list:
dist: 0.9286705674964162 vs. 0.9286705674964162
--------
nle(id0,id1,dist): 24 29 3.626602029638954
list:
dist: 3.626602029638954 vs. 3.626602029638954
--------
nle(id0,id1,dist): 22 127 1.6610312787915638
list:
dist: 1.6610312787915638 vs. 1.6610312787915638
--------
nle(id0,id1,dist): 25 26 2.1967885138138294
list:
dist: 2.1967885138138294 vs. 2.1967885138138294
--------
nle(id0,id1,dist): 62 79 2.0007808364307684
list:
dist: 2.0007808364307684 vs. 2.0007808364307684
--------
nle(id0,id1,dist): 62 80 3.0131855906225535
list:
dist: 3.0131855906225535 vs. 3.0131855906225535
--------
nle(id0,id1,dist): 62 81 1.7987169290858878
list:
dist: 1.7987169290858878 vs. 1.7987169290858878
--------
nle(id0,id1,dist): 62 82 3.273502159944543
list:
dist: 3.273502159944543 vs. 3.273502159944543
--------
nle(id0,id1,dist): 62 76 1.3493422714056438
list:
dist: 1.3493422714056438 vs. 1.3493422714056438
--------
nle(id0,id1,dist): 62 77 3.873173754201034
list:
dist: 3.873173754201034 vs. 3.873173754201034
--------
nle(id0,id1,dist): 62 84 3.2908145976127128
list:
dist: 3.2908145976127128 vs. 3.2908145976127128
--------
nle(id0,id1,dist): 62 85 3.0900151610113578
list:
dist: 3.0900151610113578 vs. 3.0900151610113578
--------
nle(id0,id1,dist): 62 86 2.9486771320125316
list:
dist: 2.9486771320125316 vs. 2.9486771320125316
--------
nle(id0,id1,dist): 62 64 1.4179546824398215
list:
dist: 1.4179546824398215 vs. 1.4179546824398215
--------
nle(id0,id1,dist): 62 63 2.3377182114058312
list:
dist: 2.3377182114058312 vs. 2.3377182114058312
--------
nle(id0,id1,dist): 62 65 3.494101808922374
list:
dist: 3.494101808922374 vs. 3.494101808922374
--------
nle(id0,id1,dist): 62 72 2.150643857861896
list:
dist: 2.150643857861896 vs. 2.150643857861896
--------
nle(id0,id1,dist): 62 73 4.13115918735823
list:
dist: 4.13115918735823 vs. 4.13115918735823
--------
nle(id0,id1,dist): 62 68 1.9778846711977924
list:
dist: 1.9778846711977924 vs. 1.9778846711977924
--------
nle(id0,id1,dist): 62 67 3.069379759004799
list:
dist: 3.069379759004799 vs. 3.069379759004799
--------
nle(id0,id1,dist): 62 70 1.8668479578129147
list:
dist: 1.8668479578129147 vs. 1.8668479578129147
--------
nle(id0,id1,dist): 61 86 2.4465538706494976
list:
dist: 2.4465538706494976 vs. 2.4465538706494976
--------
nle(id0,id1,dist): 61 84 3.48200630792535
list:
dist: 3.48200630792535 vs. 3.48200630792535
--------
nle(id0,id1,dist): 61 85 1.8377628946203834
list:
dist: 1.8377628946203834 vs. 1.8377628946203834
--------
nle(id0,id1,dist): 61 82 3.088766403779295
list:
dist: 3.088766403779295 vs. 3.088766403779295
--------
nle(id0,id1,dist): 61 80 2.182531494630166
list:
dist: 2.182531494630166 vs. 2.182531494630166
--------
nle(id0,id1,dist): 61 81 2.728517557523873
list:
dist: 2.728517557523873 vs. 2.728517557523873
--------
nle(id0,id1,dist): 61 70 1.502096702536928
list:
dist: 1.502096702536928 vs. 1.502096702536928
--------
nle(id0,id1,dist): 61 68 3.4298717613866625
list:
dist: 3.4298717613866625 vs. 3.4298717613866625
--------
nle(id0,id1,dist): 61 67 2.422148628372005
list:
dist: 2.422148628372005 vs. 2.422148628372005
--------
nle(id0,id1,dist): 61 65 2.7473354083663977
list:
dist: 2.7473354083663977 vs. 2.7473354083663977
--------
nle(id0,id1,dist): 61 64 3.2573044847706627
list:
dist: 3.2573044847706627 vs. 3.2573044847706627
--------
nle(id0,id1,dist): 61 79 2.687699198082618
list:
dist: 2.687699198082618 vs. 2.687699198082618
--------
nle(id0,id1,dist): 61 77 2.5236321832115927
list:
dist: 2.5236321832115927 vs. 2.5236321832115927
--------
nle(id0,id1,dist): 61 76 1.2114221323055556
list:
dist: 1.2114221323055556 vs. 1.2114221323055556
--------
nle(id0,id1,dist): 61 73 2.549587031674454
list:
dist: 2.549587031674454 vs. 2.549587031674454
--------
nle(id0,id1,dist): 61 72 1.6748999253688386
list:
dist: 1.6748999253688386 vs. 1.6748999253688386
--------
nle(id0,id1,dist): 64 66 2.2647573812476
list:
dist: 2.2647573812476 vs. 2.2647573812476
--------
nle(id0,id1,dist): 64 68 1.296014405744722
list:
dist: 1.296014405744722 vs. 1.296014405744722
--------
nle(id0,id1,dist): 64 70 2.694080329883439
list:
dist: 2.694080329883439 vs. 2.694080329883439
--------
nle(id0,id1,dist): 64 71 2.300236054126692
list:
dist: 2.300236054126692 vs. 2.300236054126692
--------
nle(id0,id1,dist): 64 72 2.9431937994427866
list:
dist: 2.9431937994427866 vs. 2.9431937994427866
--------
nle(id0,id1,dist): 64 76 2.7469741061411854
list:
dist: 2.7469741061411854 vs. 2.7469741061411854
--------
nle(id0,id1,dist): 64 79 2.723353990854964
list:
dist: 2.723353990854964 vs. 2.723353990854964
--------
nle(id0,id1,dist): 64 80 3.5850469166460006
list:
dist: 3.5850469166460006 vs. 3.5850469166460006
--------
nle(id0,id1,dist): 63 87 4.7179354801105156
list:
dist: 4.7179354801105156 vs. 4.7179354801105156
--------
nle(id0,id1,dist): 63 86 0.9113204434062246
list:
dist: 0.9113204434062246 vs. 0.9113204434062246
--------
nle(id0,id1,dist): 63 88 3.9536049412605743
list:
dist: 3.9536049412605743 vs. 3.9536049412605743
--------
nle(id0,id1,dist): 63 72 1.4378506769574575
list:
dist: 1.4378506769574575 vs. 1.4378506769574575
--------
nle(id0,id1,dist): 63 73 2.2712608986533307
list:
dist: 2.2712608986533307 vs. 2.2712608986533307
--------
nle(id0,id1,dist): 63 70 3.2101662637426527
list:
dist: 3.2101662637426527 vs. 3.2101662637426527
--------
nle(id0,id1,dist): 63 71 2.629731183048163
list:
dist: 2.629731183048163 vs. 2.629731183048163
--------
nle(id0,id1,dist): 63 76 2.0498819005628084
list:
dist: 2.0498819005628084 vs. 2.0498819005628084
--------
nle(id0,id1,dist): 63 77 2.235349138561791
list:
dist: 2.235349138561791 vs. 2.235349138561791
--------
nle(id0,id1,dist): 63 75 2.082282890592551
list:
dist: 2.082282890592551 vs. 2.082282890592551
--------
nle(id0,id1,dist): 63 80 2.411669879747811
list:
dist: 2.411669879747811 vs. 2.411669879747811
--------
nle(id0,id1,dist): 63 81 2.5836268467821277
list:
dist: 2.5836268467821277 vs. 2.5836268467821277
--------
nle(id0,id1,dist): 63 78 2.924902076244638
list:
dist: 2.924902076244638 vs. 2.924902076244638
--------
nle(id0,id1,dist): 63 79 1.1853916430069804
list:
dist: 1.1853916430069804 vs. 1.1853916430069804
--------
nle(id0,id1,dist): 63 84 1.7154131602622003
list:
dist: 1.7154131602622003 vs. 1.7154131602622003
--------
nle(id0,id1,dist): 63 85 1.1966027776556185
list:
dist: 1.1966027776556185 vs. 1.1966027776556185
--------
nle(id0,id1,dist): 63 82 1.1982989696083706
list:
dist: 1.1982989696083706 vs. 1.1982989696083706
--------
nle(id0,id1,dist): 63 83 3.3423748643528652
list:
dist: 3.3423748643528652 vs. 3.3423748643528652
--------
nle(id0,id1,dist): 63 65 1.3178807896465172
list:
dist: 1.3178807896465172 vs. 1.3178807896465172
--------
nle(id0,id1,dist): 63 69 2.791861292766127
list:
dist: 2.791861292766127 vs. 2.791861292766127
--------
nle(id0,id1,dist): 63 67 1.5640074066104535
list:
dist: 1.5640074066104535 vs. 1.5640074066104535
--------
nle(id0,id1,dist): 63 66 3.4456882842700045
list:
dist: 3.4456882842700045 vs. 3.4456882842700045
--------
nle(id0,id1,dist): 58 59 1.6945200619533836
list:
dist: 1.6945200619533836 vs. 1.6945200619533836
--------
nle(id0,id1,dist): 61 63 2.004326163836332
list:
dist: 2.004326163836332 vs. 2.004326163836332
--------
nle(id0,id1,dist): 61 62 2.034009767407229
list:
dist: 2.034009767407229 vs. 2.034009767407229
--------
nle(id0,id1,dist): 60 79 2.1490325966543384
list:
dist: 2.1490325966543384 vs. 2.1490325966543384
--------
nle(id0,id1,dist): 60 80 3.336455968315465
list:
dist: 3.336455968315465 vs. 3.336455968315465
--------
nle(id0,id1,dist): 60 81 1.407534136926486
list:
dist: 1.407534136926486 vs. 1.407534136926486
--------
nle(id0,id1,dist): 60 70 2.754598038194811
list:
dist: 2.754598038194811 vs. 2.754598038194811
--------
nle(id0,id1,dist): 60 71 1.8102423250513684
list:
dist: 1.8102423250513684 vs. 1.8102423250513684
--------
nle(id0,id1,dist): 60 72 2.577974097629622
list:
dist: 2.577974097629622 vs. 2.577974097629622
--------
nle(id0,id1,dist): 60 76 2.5025244172707097
list:
dist: 2.5025244172707097 vs. 2.5025244172707097
--------
nle(id0,id1,dist): 60 64 0.5886672965851704
list:
dist: 0.5886672965851704 vs. 0.5886672965851704
--------
nle(id0,id1,dist): 60 62 1.1631636572750461
list:
dist: 1.1631636572750461 vs. 1.1631636572750461
--------
nle(id0,id1,dist): 60 61 3.0361766586436083
list:
dist: 3.0361766586436083 vs. 3.0361766586436083
--------
nle(id0,id1,dist): 60 68 1.0452020303995677
list:
dist: 1.0452020303995677 vs. 1.0452020303995677
--------
nle(id0,id1,dist): 60 66 1.9488350839715274
list:
dist: 1.9488350839715274 vs. 1.9488350839715274
--------
nle(id0,id1,dist): 69 71 3.0491065810751166
list:
dist: 3.0491065810751166 vs. 3.0491065810751166
--------
nle(id0,id1,dist): 69 78 1.6463438132527088
list:
dist: 1.6463438132527088 vs. 1.6463438132527088
--------
nle(id0,id1,dist): 69 79 2.5974818714857495
list:
dist: 2.5974818714857495 vs. 2.5974818714857495
--------
nle(id0,id1,dist): 69 75 1.6811576906823997
list:
dist: 1.6811576906823997 vs. 1.6811576906823997
--------
nle(id0,id1,dist): 69 86 2.3663826116186772
list:
dist: 2.3663826116186772 vs. 2.3663826116186772
--------
nle(id0,id1,dist): 69 87 2.1019571123951653
list:
dist: 2.1019571123951653 vs. 2.1019571123951653
--------
nle(id0,id1,dist): 69 84 1.4401372819590161
list:
dist: 1.4401372819590161 vs. 1.4401372819590161
--------
nle(id0,id1,dist): 69 82 1.6525241229053957
list:
dist: 1.6525241229053957 vs. 1.6525241229053957
--------
nle(id0,id1,dist): 69 83 2.717581188652714
list:
dist: 2.717581188652714 vs. 2.717581188652714
--------
nle(id0,id1,dist): 69 81 4.046663714629244
list:
dist: 4.046663714629244 vs. 4.046663714629244
--------
nle(id0,id1,dist): 68 76 3.2032201118651837
list:
dist: 3.2032201118651837 vs. 3.2032201118651837
--------
nle(id0,id1,dist): 68 70 3.3324604938354585
list:
dist: 3.3324604938354585 vs. 3.3324604938354585
--------
nle(id0,id1,dist): 68 72 2.4565441643003543
list:
dist: 2.4565441643003543 vs. 2.4565441643003543
--------
nle(id0,id1,dist): 68 71 1.2659456206403072
list:
dist: 1.2659456206403072 vs. 1.2659456206403072
--------
nle(id0,id1,dist): 68 81 0.9048181794229957
list:
dist: 0.9048181794229957 vs. 0.9048181794229957
--------
nle(id0,id1,dist): 68 79 2.1995982244243777
list:
dist: 2.1995982244243777 vs. 2.1995982244243777
--------
nle(id0,id1,dist): 68 80 3.0215180854660693
list:
dist: 3.0215180854660693 vs. 3.0215180854660693
--------
nle(id0,id1,dist): 70 86 3.6884978420902717
list:
dist: 3.6884978420902717 vs. 3.6884978420902717
--------
nle(id0,id1,dist): 70 85 3.2999331491402275
list:
dist: 3.2999331491402275 vs. 3.2999331491402275
--------
nle(id0,id1,dist): 70 84 4.488170392261884
list:
dist: 4.488170392261884 vs. 4.488170392261884
--------
nle(id0,id1,dist): 69 88 1.3843590756259638
list:
dist: 1.3843590756259638 vs. 1.3843590756259638
--------
nle(id0,id1,dist): 70 72 2.595727310331737
list:
dist: 2.595727310331737 vs. 2.595727310331737
--------
nle(id0,id1,dist): 70 73 4.013030825756664
list:
dist: 4.013030825756664 vs. 4.013030825756664
--------
nle(id0,id1,dist): 70 76 1.6198567476699814
list:
dist: 1.6198567476699814 vs. 1.6198567476699814
--------
nle(id0,id1,dist): 70 77 3.824372832724344
list:
dist: 3.824372832724344 vs. 3.824372832724344
--------
nle(id0,id1,dist): 70 79 3.463576660354118
list:
dist: 3.463576660354118 vs. 3.463576660354118
--------
nle(id0,id1,dist): 70 80 2.945734381448781
list:
dist: 2.945734381448781 vs. 2.945734381448781
--------
nle(id0,id1,dist): 70 81 2.7896004210028087
list:
dist: 2.7896004210028087 vs. 2.7896004210028087
--------
nle(id0,id1,dist): 70 82 4.286271707619552
list:
dist: 4.286271707619552 vs. 4.286271707619552
--------
nle(id0,id1,dist): 65 88 3.679061259448518
list:
dist: 3.679061259448518 vs. 3.679061259448518
--------
nle(id0,id1,dist): 65 86 1.6066185518231662
list:
dist: 1.6066185518231662 vs. 1.6066185518231662
--------
nle(id0,id1,dist): 65 87 4.55826120088871
list:
dist: 4.55826120088871 vs. 4.55826120088871
--------
nle(id0,id1,dist): 65 84 2.384343508665132
list:
dist: 2.384343508665132 vs. 2.384343508665132
--------
nle(id0,id1,dist): 65 85 1.3862105941226757
list:
dist: 1.3862105941226757 vs. 1.3862105941226757
--------
nle(id0,id1,dist): 65 82 1.5893641787388648
list:
dist: 1.5893641787388648 vs. 1.5893641787388648
--------
nle(id0,id1,dist): 65 83 2.7275997400833285
list:
dist: 2.7275997400833285 vs. 2.7275997400833285
--------
nle(id0,id1,dist): 65 80 3.330492067868192
list:
dist: 3.330492067868192 vs. 3.330492067868192
--------
nle(id0,id1,dist): 65 81 3.8944547341602287
list:
dist: 3.8944547341602287 vs. 3.8944547341602287
--------
nle(id0,id1,dist): 65 78 2.8342048698434055
list:
dist: 2.8342048698434055 vs. 2.8342048698434055
--------
nle(id0,id1,dist): 65 79 2.2954228061165307
list:
dist: 2.2954228061165307 vs. 2.2954228061165307
--------
nle(id0,id1,dist): 65 76 2.8336825591048243
list:
dist: 2.8336825591048243 vs. 2.8336825591048243
--------
nle(id0,id1,dist): 65 77 2.46887916702934
list:
dist: 2.46887916702934 vs. 2.46887916702934
--------
nle(id0,id1,dist): 66 69 3.727165002177396
list:
dist: 3.727165002177396 vs. 3.727165002177396
--------
nle(id0,id1,dist): 66 68 1.1336717825645246
list:
dist: 1.1336717825645246 vs. 1.1336717825645246
--------
nle(id0,id1,dist): 66 67 3.4029112273350828
list:
dist: 3.4029112273350828 vs. 3.4029112273350828
--------
nle(id0,id1,dist): 64 81 1.6612680451975583
list:
dist: 1.6612680451975583 vs. 1.6612680451975583
--------
nle(id0,id1,dist): 65 73 1.942131140427568
list:
dist: 1.942131140427568 vs. 1.942131140427568
--------
nle(id0,id1,dist): 65 72 2.577486839255446
list:
dist: 2.577486839255446 vs. 2.577486839255446
--------
nle(id0,id1,dist): 65 75 1.903194535086057
list:
dist: 1.903194535086057 vs. 1.903194535086057
--------
nle(id0,id1,dist): 65 69 2.8463524777881966
list:
dist: 2.8463524777881966 vs. 2.8463524777881966
--------
nle(id0,id1,dist): 65 71 3.772659827824756
list:
dist: 3.772659827824756 vs. 3.772659827824756
--------
nle(id0,id1,dist): 65 70 4.1379672631298385
list:
dist: 4.1379672631298385 vs. 4.1379672631298385
--------
nle(id0,id1,dist): 65 67 2.349322011217376
list:
dist: 2.349322011217376 vs. 2.349322011217376
--------
nle(id0,id1,dist): 65 66 4.626868739044225
list:
dist: 4.626868739044225 vs. 4.626868739044225
--------
nle(id0,id1,dist): 67 76 3.0502880787929043
list:
dist: 3.0502880787929043 vs. 3.0502880787929043
--------
nle(id0,id1,dist): 67 77 1.257453607408921
list:
dist: 1.257453607408921 vs. 1.257453607408921
--------
nle(id0,id1,dist): 67 75 1.7988588607341194
list:
dist: 1.7988588607341194 vs. 1.7988588607341194
--------
nle(id0,id1,dist): 67 80 1.2609940257185626
list:
dist: 1.2609940257185626 vs. 1.2609940257185626
--------
nle(id0,id1,dist): 67 81 2.3597561412304007
list:
dist: 2.3597561412304007 vs. 2.3597561412304007
--------
nle(id0,id1,dist): 67 78 2.2973572115664225
list:
dist: 2.2973572115664225 vs. 2.2973572115664225
--------
nle(id0,id1,dist): 67 79 2.0463881577284093
list:
dist: 2.0463881577284093 vs. 2.0463881577284093
--------
nle(id0,id1,dist): 67 69 2.8579216093263566
list:
dist: 2.8579216093263566 vs. 2.8579216093263566
--------
nle(id0,id1,dist): 67 72 1.006397480079224
list:
dist: 1.006397480079224 vs. 1.006397480079224
--------
nle(id0,id1,dist): 67 73 2.0546943337573005
list:
dist: 2.0546943337573005 vs. 2.0546943337573005
--------
nle(id0,id1,dist): 67 70 3.548041868927508
list:
dist: 3.548041868927508 vs. 3.548041868927508
--------
nle(id0,id1,dist): 67 71 2.783444211810173
list:
dist: 2.783444211810173 vs. 2.783444211810173
--------
nle(id0,id1,dist): 67 85 1.391839125983985
list:
dist: 1.391839125983985 vs. 1.391839125983985
--------
nle(id0,id1,dist): 67 84 1.6684708267242914
list:
dist: 1.6684708267242914 vs. 1.6684708267242914
--------
nle(id0,id1,dist): 67 83 2.9179959569823675
list:
dist: 2.9179959569823675 vs. 2.9179959569823675
--------
nle(id0,id1,dist): 67 82 1.498688750831283
list:
dist: 1.498688750831283 vs. 1.498688750831283
--------
nle(id0,id1,dist): 67 88 3.8207761170008876
list:
dist: 3.8207761170008876 vs. 3.8207761170008876
--------
nle(id0,id1,dist): 67 87 4.33566159087716
list:
dist: 4.33566159087716 vs. 4.33566159087716
--------
nle(id0,id1,dist): 67 86 0.8450222508561245
list:
dist: 0.8450222508561245 vs. 0.8450222508561245
--------
nle(id0,id1,dist): 66 79 2.386949686541843
list:
dist: 2.386949686541843 vs. 2.386949686541843
--------
nle(id0,id1,dist): 66 81 1.7983672136083584
list:
dist: 1.7983672136083584 vs. 1.7983672136083584
--------
nle(id0,id1,dist): 66 82 3.3761412459391633
list:
dist: 3.3761412459391633 vs. 3.3761412459391633
--------
nle(id0,id1,dist): 66 84 2.7231975979108816
list:
dist: 2.7231975979108816 vs. 2.7231975979108816
--------
nle(id0,id1,dist): 66 86 3.4357285685912267
list:
dist: 3.4357285685912267 vs. 3.4357285685912267
--------
nle(id0,id1,dist): 66 71 0.8731713221805147
list:
dist: 0.8731713221805147 vs. 0.8731713221805147
--------
nle(id0,id1,dist): 48 49 2.5579477254711116
list:
dist: 2.5579477254711116 vs. 2.5579477254711116
--------
nle(id0,id1,dist): 48 59 2.13196086014673
list:
dist: 2.13196086014673 vs. 2.13196086014673
--------
nle(id0,id1,dist): 48 57 1.8662858992706188
list:
dist: 1.8662858992706188 vs. 1.8662858992706188
--------
nle(id0,id1,dist): 48 58 1.0489846004996246
list:
dist: 1.0489846004996246 vs. 1.0489846004996246
--------
nle(id0,id1,dist): 49 50 1.4675114252696384
list:
dist: 1.4675114252696384 vs. 1.4675114252696384
--------
nle(id0,id1,dist): 49 51 3.1248753175211004
list:
dist: 3.1248753175211004 vs. 3.1248753175211004
--------
nle(id0,id1,dist): 49 54 2.208297519287841
list:
dist: 2.208297519287841 vs. 2.208297519287841
--------
nle(id0,id1,dist): 49 55 2.806143838211833
list:
dist: 2.806143838211833 vs. 2.806143838211833
--------
nle(id0,id1,dist): 49 58 2.3280060269515546
list:
dist: 2.3280060269515546 vs. 2.3280060269515546
--------
nle(id0,id1,dist): 50 54 1.4132450898965931
list:
dist: 1.4132450898965931 vs. 1.4132450898965931
--------
nle(id0,id1,dist): 50 51 1.8843387814048231
list:
dist: 1.8843387814048231 vs. 1.8843387814048231
--------
nle(id0,id1,dist): 50 52 1.8992196700030053
list:
dist: 1.8992196700030053 vs. 1.8992196700030053
--------
nle(id0,id1,dist): 50 55 2.001202497453259
list:
dist: 2.001202497453259 vs. 2.001202497453259
--------
nle(id0,id1,dist): 50 58 2.3948977362503836
list:
dist: 2.3948977362503836 vs. 2.3948977362503836
--------
nle(id0,id1,dist): 44 55 1.3752707026576005
list:
dist: 1.3752707026576005 vs. 1.3752707026576005
--------
nle(id0,id1,dist): 44 56 2.1183804353390205
list:
dist: 2.1183804353390205 vs. 2.1183804353390205
--------
nle(id0,id1,dist): 44 54 1.1878730914779327
list:
dist: 1.1878730914779327 vs. 1.1878730914779327
--------
nle(id0,id1,dist): 44 59 2.792378901650087
list:
dist: 2.792378901650087 vs. 2.792378901650087
--------
nle(id0,id1,dist): 44 57 1.9115207483420742
list:
dist: 1.9115207483420742 vs. 1.9115207483420742
--------
nle(id0,id1,dist): 44 58 2.3501258204757978
list:
dist: 2.3501258204757978 vs. 2.3501258204757978
--------
nle(id0,id1,dist): 45 64 3.640875628812501
list:
dist: 3.640875628812501 vs. 3.640875628812501
--------
nle(id0,id1,dist): 45 68 3.8646439151406944
list:
dist: 3.8646439151406944 vs. 3.8646439151406944
--------
nle(id0,id1,dist): 45 60 3.9142569123961946
list:
dist: 3.9142569123961946 vs. 3.9142569123961946
--------
nle(id0,id1,dist): 46 58 2.6197500656367896
list:
dist: 2.6197500656367896 vs. 2.6197500656367896
--------
nle(id0,id1,dist): 46 55 2.9676067042594645
list:
dist: 2.9676067042594645 vs. 2.9676067042594645
--------
nle(id0,id1,dist): 46 54 2.2622847850153036
list:
dist: 2.2622847850153036 vs. 2.2622847850153036
--------
nle(id0,id1,dist): 46 51 3.123816691314594
list:
dist: 3.123816691314594 vs. 3.123816691314594
--------
nle(id0,id1,dist): 46 49 0.6476642793871923
list:
dist: 0.6476642793871923 vs. 0.6476642793871923
--------
nle(id0,id1,dist): 46 50 1.4775772865726187
list:
dist: 1.4775772865726187 vs. 1.4775772865726187
--------
nle(id0,id1,dist): 46 47 2.098386487707841
list:
dist: 2.098386487707841 vs. 2.098386487707841
--------
nle(id0,id1,dist): 46 48 2.852644499384874
list:
dist: 2.852644499384874 vs. 2.852644499384874
--------
nle(id0,id1,dist): 47 59 2.1871405002464517
list:
dist: 2.1871405002464517 vs. 2.1871405002464517
--------
nle(id0,id1,dist): 47 58 2.433170535965746
list:
dist: 2.433170535965746 vs. 2.433170535965746
--------
nle(id0,id1,dist): 47 55 1.678509819200929
list:
dist: 1.678509819200929 vs. 1.678509819200929
--------
nle(id0,id1,dist): 47 54 1.0410471650617241
list:
dist: 1.0410471650617241 vs. 1.0410471650617241
--------
nle(id0,id1,dist): 47 57 2.2089134994668695
list:
dist: 2.2089134994668695 vs. 2.2089134994668695
--------
nle(id0,id1,dist): 47 56 1.8268711582326755
list:
dist: 1.8268711582326755 vs. 1.8268711582326755
--------
nle(id0,id1,dist): 47 50 1.1350357805422129
list:
dist: 1.1350357805422129 vs. 1.1350357805422129
--------
nle(id0,id1,dist): 47 51 1.2178992163650695
list:
dist: 1.2178992163650695 vs. 1.2178992163650695
--------
nle(id0,id1,dist): 47 52 1.8428492859686048
list:
dist: 1.8428492859686048 vs. 1.8428492859686048
--------
nle(id0,id1,dist): 47 49 2.288702421849967
list:
dist: 2.288702421849967 vs. 2.288702421849967
--------
nle(id0,id1,dist): 53 107 2.73256646919393
list:
dist: 2.73256646919393 vs. 2.73256646919393
--------
nle(id0,id1,dist): 53 108 2.2988906464676018
list:
dist: 2.2988906464676018 vs. 2.2988906464676018
--------
nle(id0,id1,dist): 53 111 2.0788181641901198
list:
dist: 2.0788181641901198 vs. 2.0788181641901198
--------
nle(id0,id1,dist): 53 110 2.8043914795571703
list:
dist: 2.8043914795571703 vs. 2.8043914795571703
--------
nle(id0,id1,dist): 53 112 4.226181796711224
list:
dist: 4.226181796711224 vs. 4.226181796711224
--------
nle(id0,id1,dist): 53 115 3.376576760823606
list:
dist: 3.376576760823606 vs. 3.376576760823606
--------
nle(id0,id1,dist): 53 117 2.8146696148912267
list:
dist: 2.8146696148912267 vs. 2.8146696148912267
--------
nle(id0,id1,dist): 53 116 2.90370332610606
list:
dist: 2.90370332610606 vs. 2.90370332610606
--------
nle(id0,id1,dist): 53 118 1.7678942493810625
list:
dist: 1.7678942493810625 vs. 1.7678942493810625
--------
nle(id0,id1,dist): 55 56 1.04305326669382
list:
dist: 1.04305326669382 vs. 1.04305326669382
--------
nle(id0,id1,dist): 55 57 0.7514077116726304
list:
dist: 0.7514077116726304 vs. 0.7514077116726304
--------
nle(id0,id1,dist): 55 58 1.4639178831745079
list:
dist: 1.4639178831745079 vs. 1.4639178831745079
--------
nle(id0,id1,dist): 55 59 1.807687240864079
list:
dist: 1.807687240864079 vs. 1.807687240864079
--------
nle(id0,id1,dist): 56 58 1.906552516277925
list:
dist: 1.906552516277925 vs. 1.906552516277925
--------
nle(id0,id1,dist): 56 57 1.411196827316981
list:
dist: 1.411196827316981 vs. 1.411196827316981
--------
nle(id0,id1,dist): 56 59 1.1825996844930486
list:
dist: 1.1825996844930486 vs. 1.1825996844930486
--------
nle(id0,id1,dist): 57 59 1.7611219608039383
list:
dist: 1.7611219608039383 vs. 1.7611219608039383
--------
nle(id0,id1,dist): 57 58 0.8474416856036227
list:
dist: 0.8474416856036227 vs. 0.8474416856036227
--------
nle(id0,id1,dist): 51 58 2.4542925672384315
list:
dist: 2.4542925672384315 vs. 2.4542925672384315
--------
nle(id0,id1,dist): 51 59 2.2930773027022573
list:
dist: 2.2930773027022573 vs. 2.2930773027022573
--------
nle(id0,id1,dist): 51 52 1.7118420115775652
list:
dist: 1.7118420115775652 vs. 1.7118420115775652
--------
nle(id0,id1,dist): 51 54 1.1435015290965977
list:
dist: 1.1435015290965977 vs. 1.1435015290965977
--------
nle(id0,id1,dist): 51 55 1.0897320945893176
list:
dist: 1.0897320945893176 vs. 1.0897320945893176
--------
nle(id0,id1,dist): 51 56 1.327575184595562
list:
dist: 1.327575184595562 vs. 1.327575184595562
--------
nle(id0,id1,dist): 51 57 1.837655898897412
list:
dist: 1.837655898897412 vs. 1.837655898897412
--------
nle(id0,id1,dist): 52 55 2.558130037562116
list:
dist: 2.558130037562116 vs. 2.558130037562116
--------
nle(id0,id1,dist): 52 56 3.0215099924583613
list:
dist: 3.0215099924583613 vs. 3.0215099924583613
--------
nle(id0,id1,dist): 52 54 2.3864540684214437
list:
dist: 2.3864540684214437 vs. 2.3864540684214437
--------
nle(id0,id1,dist): 53 99 3.5260345127314032
list:
dist: 3.5260345127314032 vs. 3.5260345127314032
--------
nle(id0,id1,dist): 54 59 1.6230680065616327
list:
dist: 1.6230680065616327 vs. 1.6230680065616327
--------
nle(id0,id1,dist): 53 95 2.497380551132997
list:
dist: 2.497380551132997 vs. 2.497380551132997
--------
nle(id0,id1,dist): 54 58 1.463568173915006
list:
dist: 1.463568173915006 vs. 1.463568173915006
--------
nle(id0,id1,dist): 54 57 1.1730486392739643
list:
dist: 1.1730486392739643 vs. 1.1730486392739643
--------
nle(id0,id1,dist): 54 56 1.2343432905142562
list:
dist: 1.2343432905142562 vs. 1.2343432905142562
--------
nle(id0,id1,dist): 53 93 2.0897799335537792
list:
dist: 2.0897799335537792 vs. 2.0897799335537792
--------
nle(id0,id1,dist): 54 55 0.7836840116264432
list:
dist: 0.7836840116264432 vs. 0.7836840116264432
--------
nle(id0,id1,dist): 93 112 3.083373743615999
list:
dist: 3.083373743615999 vs. 3.083373743615999
--------
nle(id0,id1,dist): 93 115 2.7302171058714895
list:
dist: 2.7302171058714895 vs. 2.7302171058714895
--------
nle(id0,id1,dist): 93 116 1.8674714937040207
list:
dist: 1.8674714937040207 vs. 1.8674714937040207
--------
nle(id0,id1,dist): 93 117 1.5183337666693386
list:
dist: 1.5183337666693386 vs. 1.5183337666693386
--------
nle(id0,id1,dist): 93 118 0.7353971655172341
list:
dist: 0.7353971655172341 vs. 0.7353971655172341
--------
nle(id0,id1,dist): 93 99 2.0700670317031555
list:
dist: 2.0700670317031555 vs. 2.0700670317031555
--------
nle(id0,id1,dist): 93 107 1.7156015893693806
list:
dist: 1.7156015893693806 vs. 1.7156015893693806
--------
nle(id0,id1,dist): 93 108 1.949458674901828
list:
dist: 1.949458674901828 vs. 1.949458674901828
--------
nle(id0,id1,dist): 93 111 2.0025557227009068
list:
dist: 2.0025557227009068 vs. 2.0025557227009068
--------
nle(id0,id1,dist): 93 110 2.618701761115262
list:
dist: 2.618701761115262 vs. 2.618701761115262
--------
nle(id0,id1,dist): 94 109 1.1046523424678205
list:
dist: 1.1046523424678205 vs. 1.1046523424678205
--------
nle(id0,id1,dist): 94 110 2.7633721047298323
list:
dist: 2.7633721047298323 vs. 2.7633721047298323
--------
nle(id0,id1,dist): 94 107 2.6236861487213785
list:
dist: 2.6236861487213785 vs. 2.6236861487213785
--------
nle(id0,id1,dist): 94 111 3.3379934528632687
list:
dist: 3.3379934528632687 vs. 3.3379934528632687
--------
nle(id0,id1,dist): 94 117 3.571030781026149
list:
dist: 3.571030781026149 vs. 3.571030781026149
--------
nle(id0,id1,dist): 94 118 3.522201376026116
list:
dist: 3.522201376026116 vs. 3.522201376026116
--------
nle(id0,id1,dist): 94 98 1.2520563558798201
list:
dist: 1.2520563558798201 vs. 1.2520563558798201
--------
nle(id0,id1,dist): 94 97 2.4425448607356963
list:
dist: 2.4425448607356963 vs. 2.4425448607356963
--------
nle(id0,id1,dist): 94 96 2.331745759455545
list:
dist: 2.331745759455545 vs. 2.331745759455545
--------
nle(id0,id1,dist): 94 102 2.473816038660228
list:
dist: 2.473816038660228 vs. 2.473816038660228
--------
nle(id0,id1,dist): 94 101 1.7590395029755002
list:
dist: 1.7590395029755002 vs. 1.7590395029755002
--------
nle(id0,id1,dist): 94 100 2.6514184280468402
list:
dist: 2.6514184280468402 vs. 2.6514184280468402
--------
nle(id0,id1,dist): 94 99 3.3927059068883887
list:
dist: 3.3927059068883887 vs. 3.3927059068883887
--------
nle(id0,id1,dist): 94 106 3.1917638122962217
list:
dist: 3.1917638122962217 vs. 3.1917638122962217
--------
nle(id0,id1,dist): 94 105 2.197198367540732
list:
dist: 2.197198367540732 vs. 2.197198367540732
--------
nle(id0,id1,dist): 94 104 2.713275636144619
list:
dist: 2.713275636144619 vs. 2.713275636144619
--------
nle(id0,id1,dist): 94 103 1.2530805276870052
list:
dist: 1.2530805276870052 vs. 1.2530805276870052
--------
nle(id0,id1,dist): 92 97 1.7618338619628555
list:
dist: 1.7618338619628555 vs. 1.7618338619628555
--------
nle(id0,id1,dist): 92 98 2.678672519420803
list:
dist: 2.678672519420803 vs. 2.678672519420803
--------
nle(id0,id1,dist): 92 99 2.0074099541278474
list:
dist: 2.0074099541278474 vs. 2.0074099541278474
--------
nle(id0,id1,dist): 92 100 2.228615692063742
list:
dist: 2.228615692063742 vs. 2.228615692063742
--------
nle(id0,id1,dist): 92 94 2.271324664277675
list:
dist: 2.271324664277675 vs. 2.271324664277675
--------
nle(id0,id1,dist): 92 95 1.6242103092055211
list:
dist: 1.6242103092055211 vs. 1.6242103092055211
--------
nle(id0,id1,dist): 92 96 1.3364909517993413
list:
dist: 1.3364909517993413 vs. 1.3364909517993413
--------
nle(id0,id1,dist): 91 111 3.021998760480566
list:
dist: 3.021998760480566 vs. 3.021998760480566
--------
nle(id0,id1,dist): 91 110 2.2170853876623817
list:
dist: 2.2170853876623817 vs. 2.2170853876623817
--------
nle(id0,id1,dist): 91 113 2.4505606931925987
list:
dist: 2.4505606931925987 vs. 2.4505606931925987
--------
nle(id0,id1,dist): 91 112 3.3523297369899514
list:
dist: 3.3523297369899514 vs. 3.3523297369899514
--------
nle(id0,id1,dist): 91 107 2.3759177955667234
list:
dist: 2.3759177955667234 vs. 2.3759177955667234
--------
nle(id0,id1,dist): 91 106 2.0704316295925906
list:
dist: 2.0704316295925906 vs. 2.0704316295925906
--------
nle(id0,id1,dist): 91 109 1.0627035983299487
list:
dist: 1.0627035983299487 vs. 1.0627035983299487
--------
nle(id0,id1,dist): 91 118 3.5723607900342866
list:
dist: 3.5723607900342866 vs. 3.5723607900342866
--------
nle(id0,id1,dist): 91 115 3.251576134768524
list:
dist: 3.251576134768524 vs. 3.251576134768524
--------
nle(id0,id1,dist): 91 114 2.5260392969459424
list:
dist: 2.5260392969459424 vs. 2.5260392969459424
--------
nle(id0,id1,dist): 91 117 3.1076118025724315
list:
dist: 3.1076118025724315 vs. 3.1076118025724315
--------
nle(id0,id1,dist): 91 116 3.966296014795056
list:
dist: 3.966296014795056 vs. 3.966296014795056
--------
nle(id0,id1,dist): 92 117 1.982055935993308
list:
dist: 1.982055935993308 vs. 1.982055935993308
--------
nle(id0,id1,dist): 92 118 2.2814336030240203
list:
dist: 2.2814336030240203 vs. 2.2814336030240203
--------
nle(id0,id1,dist): 93 95 2.000039404904498
list:
dist: 2.000039404904498 vs. 2.000039404904498
--------
nle(id0,id1,dist): 92 107 1.3239561528467028
list:
dist: 1.3239561528467028 vs. 1.3239561528467028
--------
nle(id0,id1,dist): 92 106 1.454470428218024
list:
dist: 1.454470428218024 vs. 1.454470428218024
--------
nle(id0,id1,dist): 92 105 0.8079601012321797
list:
dist: 0.8079601012321797 vs. 0.8079601012321797
--------
nle(id0,id1,dist): 92 104 1.2298200113775868
list:
dist: 1.2298200113775868 vs. 1.2298200113775868
--------
nle(id0,id1,dist): 92 103 1.8281380365369682
list:
dist: 1.8281380365369682 vs. 1.8281380365369682
--------
nle(id0,id1,dist): 92 102 3.248429190665885
list:
dist: 3.248429190665885 vs. 3.248429190665885
--------
nle(id0,id1,dist): 92 101 2.4051848188690528
list:
dist: 2.4051848188690528 vs. 2.4051848188690528
--------
nle(id0,id1,dist): 92 116 2.7006162321229374
list:
dist: 2.7006162321229374 vs. 2.7006162321229374
--------
nle(id0,id1,dist): 92 115 2.023874081664434
list:
dist: 2.023874081664434 vs. 2.023874081664434
--------
nle(id0,id1,dist): 92 114 1.2962410130586979
list:
dist: 1.2962410130586979 vs. 1.2962410130586979
--------
nle(id0,id1,dist): 92 113 1.699104728838885
list:
dist: 1.699104728838885 vs. 1.699104728838885
--------
nle(id0,id1,dist): 92 112 2.597720435605066
list:
dist: 2.597720435605066 vs. 2.597720435605066
--------
nle(id0,id1,dist): 92 111 1.4167376344452074
list:
dist: 1.4167376344452074 vs. 1.4167376344452074
--------
nle(id0,id1,dist): 92 110 0.576337697334316
list:
dist: 0.576337697334316 vs. 0.576337697334316
--------
nle(id0,id1,dist): 92 109 1.1817460769809511
list:
dist: 1.1817460769809511 vs. 1.1817460769809511
--------
nle(id0,id1,dist): 97 101 1.5861704499975031
list:
dist: 1.5861704499975031 vs. 1.5861704499975031
--------
nle(id0,id1,dist): 97 100 1.0554878385404884
list:
dist: 1.0554878385404884 vs. 1.0554878385404884
--------
nle(id0,id1,dist): 97 103 1.227484254162991
list:
dist: 1.227484254162991 vs. 1.227484254162991
--------
nle(id0,id1,dist): 97 102 1.7899088355206978
list:
dist: 1.7899088355206978 vs. 1.7899088355206978
--------
nle(id0,id1,dist): 97 105 1.0540412046831231
list:
dist: 1.0540412046831231 vs. 1.0540412046831231
--------
nle(id0,id1,dist): 97 104 1.7471972939474865
list:
dist: 1.7471972939474865 vs. 1.7471972939474865
--------
nle(id0,id1,dist): 97 107 2.6527568227232483
list:
dist: 2.6527568227232483 vs. 2.6527568227232483
--------
nle(id0,id1,dist): 97 106 1.8435866810710295
list:
dist: 1.8435866810710295 vs. 1.8435866810710295
--------
nle(id0,id1,dist): 97 99 2.7899262413925094
list:
dist: 2.7899262413925094 vs. 2.7899262413925094
--------
nle(id0,id1,dist): 97 98 2.767166347929274
list:
dist: 2.767166347929274 vs. 2.767166347929274
--------
nle(id0,id1,dist): 96 113 1.9819803251542008
list:
dist: 1.9819803251542008 vs. 1.9819803251542008
--------
nle(id0,id1,dist): 96 114 2.051343793455243
list:
dist: 2.051343793455243 vs. 2.051343793455243
--------
nle(id0,id1,dist): 96 115 2.1114802731286515
list:
dist: 2.1114802731286515 vs. 2.1114802731286515
--------
nle(id0,id1,dist): 96 116 2.4599111460382406
list:
dist: 2.4599111460382406 vs. 2.4599111460382406
--------
nle(id0,id1,dist): 96 117 1.5263137748323177
list:
dist: 1.5263137748323177 vs. 1.5263137748323177
--------
nle(id0,id1,dist): 96 118 2.1656664894459947
list:
dist: 2.1656664894459947 vs. 2.1656664894459947
--------
nle(id0,id1,dist): 98 102 2.786399425668754
list:
dist: 2.786399425668754 vs. 2.786399425668754
--------
nle(id0,id1,dist): 98 101 2.641716843474415
list:
dist: 2.641716843474415 vs. 2.641716843474415
--------
nle(id0,id1,dist): 98 100 3.350180833035893
list:
dist: 3.350180833035893 vs. 3.350180833035893
--------
nle(id0,id1,dist): 98 99 2.9656430983603785
list:
dist: 2.9656430983603785 vs. 2.9656430983603785
--------
nle(id0,id1,dist): 97 118 3.8440494758794785
list:
dist: 3.8440494758794785 vs. 3.8440494758794785
--------
nle(id0,id1,dist): 97 116 3.9115713063171036
list:
dist: 3.9115713063171036 vs. 3.9115713063171036
--------
nle(id0,id1,dist): 97 117 3.1948030978138675
list:
dist: 3.1948030978138675 vs. 3.1948030978138675
--------
nle(id0,id1,dist): 97 110 2.2328529632790945
list:
dist: 2.2328529632790945 vs. 2.2328529632790945
--------
nle(id0,id1,dist): 97 111 3.084302270894313
list:
dist: 3.084302270894313 vs. 3.084302270894313
--------
nle(id0,id1,dist): 97 109 1.7024287177064754
list:
dist: 1.7024287177064754 vs. 1.7024287177064754
--------
nle(id0,id1,dist): 97 114 2.1623046769254404
list:
dist: 2.1623046769254404 vs. 2.1623046769254404
--------
nle(id0,id1,dist): 97 115 2.990071796903886
list:
dist: 2.990071796903886 vs. 2.990071796903886
--------
nle(id0,id1,dist): 97 112 3.051305329745529
list:
dist: 3.051305329745529 vs. 3.051305329745529
--------
nle(id0,id1,dist): 97 113 1.9377267138347245
list:
dist: 1.9377267138347245 vs. 1.9377267138347245
--------
nle(id0,id1,dist): 95 115 0.9472121660296609
list:
dist: 0.9472121660296609 vs. 0.9472121660296609
--------
nle(id0,id1,dist): 95 114 1.430534681981488
list:
dist: 1.430534681981488 vs. 1.430534681981488
--------
nle(id0,id1,dist): 95 117 0.9257461847862847
list:
dist: 0.9257461847862847 vs. 0.9257461847862847
--------
nle(id0,id1,dist): 95 116 1.1646525460467214
list:
dist: 1.1646525460467214 vs. 1.1646525460467214
--------
nle(id0,id1,dist): 95 111 0.6196434245715001
list:
dist: 0.6196434245715001 vs. 0.6196434245715001
--------
nle(id0,id1,dist): 95 110 1.109164790975701
list:
dist: 1.109164790975701 vs. 1.109164790975701
--------
nle(id0,id1,dist): 95 113 1.8203067098726722
list:
dist: 1.8203067098726722 vs. 1.8203067098726722
--------
nle(id0,id1,dist): 95 112 1.806448254499114
list:
dist: 1.806448254499114 vs. 1.806448254499114
--------
nle(id0,id1,dist): 95 107 1.243125772474727
list:
dist: 1.243125772474727 vs. 1.243125772474727
--------
nle(id0,id1,dist): 95 106 1.5828294471149353
list:
dist: 1.5828294471149353 vs. 1.5828294471149353
--------
nle(id0,id1,dist): 95 109 2.633468248560109
list:
dist: 2.633468248560109 vs. 2.633468248560109
--------
nle(id0,id1,dist): 95 108 2.5698862521591455
list:
dist: 2.5698862521591455 vs. 2.5698862521591455
--------
nle(id0,id1,dist): 95 103 3.318876908383554
list:
dist: 3.318876908383554 vs. 3.318876908383554
--------
nle(id0,id1,dist): 95 105 2.313498138066186
list:
dist: 2.313498138066186 vs. 2.313498138066186
--------
nle(id0,id1,dist): 95 104 2.523980082780469
list:
dist: 2.523980082780469 vs. 2.523980082780469
--------
nle(id0,id1,dist): 95 99 1.4757420650313293
list:
dist: 1.4757420650313293 vs. 1.4757420650313293
--------
nle(id0,id1,dist): 95 96 1.8580439063941712
list:
dist: 1.8580439063941712 vs. 1.8580439063941712
--------
nle(id0,id1,dist): 95 97 3.068277576459381
list:
dist: 3.068277576459381 vs. 3.068277576459381
--------
nle(id0,id1,dist): 96 112 2.143975115880451
list:
dist: 2.143975115880451 vs. 2.143975115880451
--------
nle(id0,id1,dist): 96 111 1.9655763028425113
list:
dist: 1.9655763028425113 vs. 1.9655763028425113
--------
nle(id0,id1,dist): 96 110 1.5329281252459899
list:
dist: 1.5329281252459899 vs. 1.5329281252459899
--------
nle(id0,id1,dist): 96 109 1.4929823490963299
list:
dist: 1.4929823490963299 vs. 1.4929823490963299
--------
nle(id0,id1,dist): 96 107 0.9499519140218097
list:
dist: 0.9499519140218097 vs. 0.9499519140218097
--------
nle(id0,id1,dist): 96 106 1.1084543306531909
list:
dist: 1.1084543306531909 vs. 1.1084543306531909
--------
nle(id0,id1,dist): 96 105 1.6474497441105576
list:
dist: 1.6474497441105576 vs. 1.6474497441105576
--------
nle(id0,id1,dist): 96 104 2.445881251566183
list:
dist: 2.445881251566183 vs. 2.445881251566183
--------
nle(id0,id1,dist): 96 103 1.8794087773672643
list:
dist: 1.8794087773672643 vs. 1.8794087773672643
--------
nle(id0,id1,dist): 96 102 3.186192407347884
list:
dist: 3.186192407347884 vs. 3.186192407347884
--------
nle(id0,id1,dist): 96 101 2.8667172255138005
list:
dist: 2.8667172255138005 vs. 2.8667172255138005
--------
nle(id0,id1,dist): 96 100 2.834677375000035
list:
dist: 2.834677375000035 vs. 2.834677375000035
--------
nle(id0,id1,dist): 96 99 1.1105878924297536
list:
dist: 1.1105878924297536 vs. 1.1105878924297536
--------
nle(id0,id1,dist): 96 98 2.045368248352666
list:
dist: 2.045368248352666 vs. 2.045368248352666
--------
nle(id0,id1,dist): 96 97 1.9379055174760331
list:
dist: 1.9379055174760331 vs. 1.9379055174760331
--------
nle(id0,id1,dist): 95 118 1.3880214802036286
list:
dist: 1.3880214802036286 vs. 1.3880214802036286
--------
nle(id0,id1,dist): 87 88 0.9762090745972197
list:
dist: 0.9762090745972197 vs. 0.9762090745972197
--------
nle(id0,id1,dist): 87 89 2.791564249441722
list:
dist: 2.791564249441722 vs. 2.791564249441722
--------
nle(id0,id1,dist): 85 86 1.1305617066525964
list:
dist: 1.1305617066525964 vs. 1.1305617066525964
--------
nle(id0,id1,dist): 86 87 4.085728577339238
list:
dist: 4.085728577339238 vs. 4.085728577339238
--------
nle(id0,id1,dist): 86 88 3.4190947244816137
list:
dist: 3.4190947244816137 vs. 3.4190947244816137
--------
nle(id0,id1,dist): 90 119 2.763629109090613
list:
dist: 2.763629109090613 vs. 2.763629109090613
--------
nle(id0,id1,dist): 91 99 2.7251639765377282
list:
dist: 2.7251639765377282 vs. 2.7251639765377282
--------
nle(id0,id1,dist): 91 98 1.964008144452099
list:
dist: 1.964008144452099 vs. 1.964008144452099
--------
nle(id0,id1,dist): 91 101 1.2761635756308944
list:
dist: 1.2761635756308944 vs. 1.2761635756308944
--------
nle(id0,id1,dist): 91 100 1.4557900215868123
list:
dist: 1.4557900215868123 vs. 1.4557900215868123
--------
nle(id0,id1,dist): 91 103 0.4213918452744476
list:
dist: 0.4213918452744476 vs. 0.4213918452744476
--------
nle(id0,id1,dist): 91 102 1.629390364974919
list:
dist: 1.629390364974919 vs. 1.629390364974919
--------
nle(id0,id1,dist): 91 105 1.150158910417154
list:
dist: 1.150158910417154 vs. 1.150158910417154
--------
nle(id0,id1,dist): 91 104 1.9511871412603037
list:
dist: 1.9511871412603037 vs. 1.9511871412603037
--------
nle(id0,id1,dist): 91 92 1.663679005194222
list:
dist: 1.663679005194222 vs. 1.663679005194222
--------
nle(id0,id1,dist): 91 95 3.1013540694160686
list:
dist: 3.1013540694160686 vs. 3.1013540694160686
--------
nle(id0,id1,dist): 91 94 1.6268520763050893
list:
dist: 1.6268520763050893 vs. 1.6268520763050893
--------
nle(id0,id1,dist): 91 97 0.8478781846653053
list:
dist: 0.8478781846653053 vs. 0.8478781846653053
--------
nle(id0,id1,dist): 91 96 1.6723460474233376
list:
dist: 1.6723460474233376 vs. 1.6723460474233376
--------
nle(id0,id1,dist): 88 89 2.1985376704732538
list:
dist: 2.1985376704732538 vs. 2.1985376704732538
--------
nle(id0,id1,dist): 81 82 2.9736895222199022
list:
dist: 2.9736895222199022 vs. 2.9736895222199022
--------
nle(id0,id1,dist): 81 86 2.6244172446630283
list:
dist: 2.6244172446630283 vs. 2.6244172446630283
--------
nle(id0,id1,dist): 81 84 2.6465611114683325
list:
dist: 2.6465611114683325 vs. 2.6465611114683325
--------
nle(id0,id1,dist): 81 85 3.1765268470503596
list:
dist: 3.1765268470503596 vs. 3.1765268470503596
--------
nle(id0,id1,dist): 80 85 2.0677837470638165
list:
dist: 2.0677837470638165 vs. 2.0677837470638165
--------
nle(id0,id1,dist): 80 86 2.0113552339018317
list:
dist: 2.0113552339018317 vs. 2.0113552339018317
--------
nle(id0,id1,dist): 80 81 2.1343768247909156
list:
dist: 2.1343768247909156 vs. 2.1343768247909156
--------
nle(id0,id1,dist): 80 82 2.716277278938124
list:
dist: 2.716277278938124 vs. 2.716277278938124
--------
nle(id0,id1,dist): 80 84 2.7758400916560015
list:
dist: 2.7758400916560015 vs. 2.7758400916560015
--------
nle(id0,id1,dist): 79 86 1.5661813081839038
list:
dist: 1.5661813081839038 vs. 1.5661813081839038
--------
nle(id0,id1,dist): 79 81 2.026119430418618
list:
dist: 2.026119430418618 vs. 2.026119430418618
--------
nle(id0,id1,dist): 79 80 2.7992322746763634
list:
dist: 2.7992322746763634 vs. 2.7992322746763634
--------
nle(id0,id1,dist): 79 85 2.3190213804891915
list:
dist: 2.3190213804891915 vs. 2.3190213804891915
--------
nle(id0,id1,dist): 79 84 1.413402813766961
list:
dist: 1.413402813766961 vs. 1.413402813766961
--------
nle(id0,id1,dist): 79 82 1.485340402670979
list:
dist: 1.485340402670979 vs. 1.485340402670979
--------
nle(id0,id1,dist): 78 82 1.8446875922088628
list:
dist: 1.8446875922088628 vs. 1.8446875922088628
--------
nle(id0,id1,dist): 78 84 1.9384808971648761
list:
dist: 1.9384808971648761 vs. 1.9384808971648761
--------
nle(id0,id1,dist): 78 83 1.4312463788147076
list:
dist: 1.4312463788147076 vs. 1.4312463788147076
--------
nle(id0,id1,dist): 78 86 2.1368771035073473
list:
dist: 2.1368771035073473 vs. 2.1368771035073473
--------
nle(id0,id1,dist): 78 85 2.83065004510593
list:
dist: 2.83065004510593 vs. 2.83065004510593
--------
nle(id0,id1,dist): 78 88 1.7802892567195654
list:
dist: 1.7802892567195654 vs. 1.7802892567195654
--------
nle(id0,id1,dist): 78 87 2.2128034311278504
list:
dist: 2.2128034311278504 vs. 2.2128034311278504
--------
nle(id0,id1,dist): 78 89 1.850455461706957
list:
dist: 1.850455461706957 vs. 1.850455461706957
--------
nle(id0,id1,dist): 84 87 3.310074580477389
list:
dist: 3.310074580477389 vs. 3.310074580477389
--------
nle(id0,id1,dist): 84 88 2.717696986262006
list:
dist: 2.717696986262006 vs. 2.717696986262006
--------
nle(id0,id1,dist): 84 85 2.388344936776675
list:
dist: 2.388344936776675 vs. 2.388344936776675
--------
nle(id0,id1,dist): 84 86 1.2683567372042945
list:
dist: 1.2683567372042945 vs. 1.2683567372042945
--------
nle(id0,id1,dist): 83 86 2.6935056174293748
list:
dist: 2.6935056174293748 vs. 2.6935056174293748
--------
nle(id0,id1,dist): 83 87 3.0209838487904728
list:
dist: 3.0209838487904728 vs. 3.0209838487904728
--------
nle(id0,id1,dist): 83 88 2.506745202415467
list:
dist: 2.506745202415467 vs. 2.506745202415467
--------
nle(id0,id1,dist): 83 89 0.8868703650450838
list:
dist: 0.8868703650450838 vs. 0.8868703650450838
--------
nle(id0,id1,dist): 83 84 3.0255636530233003
list:
dist: 3.0255636530233003 vs. 3.0255636530233003
--------
nle(id0,id1,dist): 83 85 2.8417664811022565
list:
dist: 2.8417664811022565 vs. 2.8417664811022565
--------
nle(id0,id1,dist): 82 87 3.522299543587482
list:
dist: 3.522299543587482 vs. 3.522299543587482
--------
nle(id0,id1,dist): 82 88 2.788046373121971
list:
dist: 2.788046373121971 vs. 2.788046373121971
--------
nle(id0,id1,dist): 82 84 0.8160371907582701
list:
dist: 0.8160371907582701 vs. 0.8160371907582701
--------
nle(id0,id1,dist): 82 83 2.5654741903797498
list:
dist: 2.5654741903797498 vs. 2.5654741903797498
--------
nle(id0,id1,dist): 82 86 0.7735728114437608
list:
dist: 0.7735728114437608 vs. 0.7735728114437608
--------
nle(id0,id1,dist): 82 85 1.743436861817295
list:
dist: 1.743436861817295 vs. 1.743436861817295
--------
nle(id0,id1,dist): 74 91 0.8463606359485457
list:
dist: 0.8463606359485457 vs. 0.8463606359485457
--------
nle(id0,id1,dist): 74 92 1.2770865522233785
list:
dist: 1.2770865522233785 vs. 1.2770865522233785
--------
nle(id0,id1,dist): 74 94 2.1353990274886083
list:
dist: 2.1353990274886083 vs. 2.1353990274886083
--------
nle(id0,id1,dist): 73 75 2.2599679029968334
list:
dist: 2.2599679029968334 vs. 2.2599679029968334
--------
nle(id0,id1,dist): 73 83 2.4731793672391182
list:
dist: 2.4731793672391182 vs. 2.4731793672391182
--------
nle(id0,id1,dist): 73 82 2.5161960478605363
list:
dist: 2.5161960478605363 vs. 2.5161960478605363
--------
nle(id0,id1,dist): 73 81 4.1285160118624855
list:
dist: 4.1285160118624855 vs. 4.1285160118624855
--------
nle(id0,id1,dist): 73 80 2.5543813442080556
list:
dist: 2.5543813442080556 vs. 2.5543813442080556
--------
nle(id0,id1,dist): 73 79 3.3897826797271517
list:
dist: 3.3897826797271517 vs. 3.3897826797271517
--------
nle(id0,id1,dist): 73 78 2.9515913394977393
list:
dist: 2.9515913394977393 vs. 2.9515913394977393
--------
nle(id0,id1,dist): 73 77 1.1266454000053945
list:
dist: 1.1266454000053945 vs. 1.1266454000053945
--------
nle(id0,id1,dist): 73 76 3.3777589847590423
list:
dist: 3.3777589847590423 vs. 3.3777589847590423
--------
nle(id0,id1,dist): 73 86 1.9991997991911088
list:
dist: 1.9991997991911088 vs. 1.9991997991911088
--------
nle(id0,id1,dist): 73 84 3.187761404861052
list:
dist: 3.187761404861052 vs. 3.187761404861052
--------
nle(id0,id1,dist): 73 85 1.1073051957043947
list:
dist: 1.1073051957043947 vs. 1.1073051957043947
--------
nle(id0,id1,dist): 72 73 2.47105519587801
list:
dist: 2.47105519587801 vs. 2.47105519587801
--------
nle(id0,id1,dist): 72 76 2.2349591612470237
list:
dist: 2.2349591612470237 vs. 2.2349591612470237
--------
nle(id0,id1,dist): 72 77 1.8470075309393907
list:
dist: 1.8470075309393907 vs. 1.8470075309393907
--------
nle(id0,id1,dist): 72 80 1.0903447507163813
list:
dist: 1.0903447507163813 vs. 1.0903447507163813
--------
nle(id0,id1,dist): 72 79 1.7710387617111505
list:
dist: 1.7710387617111505 vs. 1.7710387617111505
--------
nle(id0,id1,dist): 72 82 1.9923364736456328
list:
dist: 1.9923364736456328 vs. 1.9923364736456328
--------
nle(id0,id1,dist): 72 81 1.6596093246961756
list:
dist: 1.6596093246961756 vs. 1.6596093246961756
--------
nle(id0,id1,dist): 72 84 2.1087701300040544
list:
dist: 2.1087701300040544 vs. 2.1087701300040544
--------
nle(id0,id1,dist): 72 86 1.328892925142531
list:
dist: 1.328892925142531 vs. 1.328892925142531
--------
nle(id0,id1,dist): 72 85 1.5687185685987681
list:
dist: 1.5687185685987681 vs. 1.5687185685987681
--------
nle(id0,id1,dist): 71 81 1.635129981977334
list:
dist: 1.635129981977334 vs. 1.635129981977334
--------
nle(id0,id1,dist): 71 79 1.5360590308352593
list:
dist: 1.5360590308352593 vs. 1.5360590308352593
--------
nle(id0,id1,dist): 71 84 1.969795785168351
list:
dist: 1.969795785168351 vs. 1.969795785168351
--------
nle(id0,id1,dist): 71 82 2.562819377705245
list:
dist: 2.562819377705245 vs. 2.562819377705245
--------
nle(id0,id1,dist): 71 86 2.671848812431903
list:
dist: 2.671848812431903 vs. 2.671848812431903
--------
nle(id0,id1,dist): 77 84 2.7373399889248193
list:
dist: 2.7373399889248193 vs. 2.7373399889248193
--------
nle(id0,id1,dist): 77 85 1.2702938960324672
list:
dist: 1.2702938960324672 vs. 1.2702938960324672
--------
nle(id0,id1,dist): 77 86 1.6550299062244989
list:
dist: 1.6550299062244989 vs. 1.6550299062244989
--------
nle(id0,id1,dist): 77 80 1.6089899502131901
list:
dist: 1.6089899502131901 vs. 1.6089899502131901
--------
nle(id0,id1,dist): 77 81 3.4173583406251087
list:
dist: 3.4173583406251087 vs. 3.4173583406251087
--------
nle(id0,id1,dist): 77 82 2.3037503165920628
list:
dist: 2.3037503165920628 vs. 2.3037503165920628
--------
nle(id0,id1,dist): 77 83 2.589167190430718
list:
dist: 2.589167190430718 vs. 2.589167190430718
--------
nle(id0,id1,dist): 76 85 2.473398164619129
list:
dist: 2.473398164619129 vs. 2.473398164619129
--------
nle(id0,id1,dist): 76 86 2.811478394119254
list:
dist: 2.811478394119254 vs. 2.811478394119254
--------
nle(id0,id1,dist): 77 79 3.1114919213390166
list:
dist: 3.1114919213390166 vs. 3.1114919213390166
--------
nle(id0,id1,dist): 77 78 2.5932731035741523
list:
dist: 2.5932731035741523 vs. 2.5932731035741523
--------
nle(id0,id1,dist): 76 77 3.4589059409383855
list:
dist: 3.4589059409383855 vs. 3.4589059409383855
--------
nle(id0,id1,dist): 76 80 3.0727416867776225
list:
dist: 3.0727416867776225 vs. 3.0727416867776225
--------
nle(id0,id1,dist): 76 79 2.3911765886249903
list:
dist: 2.3911765886249903 vs. 2.3911765886249903
--------
nle(id0,id1,dist): 76 82 3.231407667679799
list:
dist: 3.231407667679799 vs. 3.231407667679799
--------
nle(id0,id1,dist): 76 81 2.7818283539589608
list:
dist: 2.7818283539589608 vs. 2.7818283539589608
--------
nle(id0,id1,dist): 76 84 3.568288400955931
list:
dist: 3.568288400955931 vs. 3.568288400955931
--------
nle(id0,id1,dist): 74 105 0.49421045714411704
list:
dist: 0.49421045714411704 vs. 0.49421045714411704
--------
nle(id0,id1,dist): 74 106 1.8633288611134475
list:
dist: 1.8633288611134475 vs. 1.8633288611134475
--------
nle(id0,id1,dist): 74 103 1.111328808919024
list:
dist: 1.111328808919024 vs. 1.111328808919024
--------
nle(id0,id1,dist): 74 104 1.1749370689457332
list:
dist: 1.1749370689457332 vs. 1.1749370689457332
--------
nle(id0,id1,dist): 74 109 1.2762443011401203
list:
dist: 1.2762443011401203 vs. 1.2762443011401203
--------
nle(id0,id1,dist): 74 110 1.7904500665489664
list:
dist: 1.7904500665489664 vs. 1.7904500665489664
--------
nle(id0,id1,dist): 74 107 2.373702586689856
list:
dist: 2.373702586689856 vs. 2.373702586689856
--------
nle(id0,id1,dist): 74 97 0.6579984790505408
list:
dist: 0.6579984790505408 vs. 0.6579984790505408
--------
nle(id0,id1,dist): 74 98 2.681072720458542
list:
dist: 2.681072720458542 vs. 2.681072720458542
--------
nle(id0,id1,dist): 74 95 2.767273416828081
list:
dist: 2.767273416828081 vs. 2.767273416828081
--------
nle(id0,id1,dist): 74 96 1.853366466407319
list:
dist: 1.853366466407319 vs. 1.853366466407319
--------
nle(id0,id1,dist): 74 101 1.4027253386297758
list:
dist: 1.4027253386297758 vs. 1.4027253386297758
--------
nle(id0,id1,dist): 74 102 2.109651041192362
list:
dist: 2.109651041192362 vs. 2.109651041192362
--------
nle(id0,id1,dist): 74 99 2.7549029352063146
list:
dist: 2.7549029352063146 vs. 2.7549029352063146
--------
nle(id0,id1,dist): 74 100 1.0166967222144712
list:
dist: 1.0166967222144712 vs. 1.0166967222144712
--------
nle(id0,id1,dist): 75 85 1.9985861014342823
list:
dist: 1.9985861014342823 vs. 1.9985861014342823
--------
nle(id0,id1,dist): 75 84 1.5745388775960956
list:
dist: 1.5745388775960956 vs. 1.5745388775960956
--------
nle(id0,id1,dist): 75 83 1.4723120013704754
list:
dist: 1.4723120013704754 vs. 1.4723120013704754
--------
nle(id0,id1,dist): 75 82 1.119054381185365
list:
dist: 1.119054381185365 vs. 1.119054381185365
--------
nle(id0,id1,dist): 75 89 1.9140579372794186
list:
dist: 1.9140579372794186 vs. 1.9140579372794186
--------
nle(id0,id1,dist): 75 88 2.258903666351828
list:
dist: 2.258903666351828 vs. 2.258903666351828
--------
nle(id0,id1,dist): 75 87 2.938820458129259
list:
dist: 2.938820458129259 vs. 2.938820458129259
--------
nle(id0,id1,dist): 75 86 1.3887110317590246
list:
dist: 1.3887110317590246 vs. 1.3887110317590246
--------
nle(id0,id1,dist): 75 77 2.0982552626216804
list:
dist: 2.0982552626216804 vs. 2.0982552626216804
--------
nle(id0,id1,dist): 74 114 1.893393170780497
list:
dist: 1.893393170780497 vs. 1.893393170780497
--------
nle(id0,id1,dist): 74 113 1.926010893577213
list:
dist: 1.926010893577213 vs. 1.926010893577213
--------
nle(id0,id1,dist): 74 112 3.133224518545487
list:
dist: 3.133224518545487 vs. 3.133224518545487
--------
nle(id0,id1,dist): 74 111 2.6680730106086807
list:
dist: 2.6680730106086807 vs. 2.6680730106086807
--------
nle(id0,id1,dist): 74 118 3.4966708486552305
list:
dist: 3.4966708486552305 vs. 3.4966708486552305
--------
nle(id0,id1,dist): 74 117 3.013058574222286
list:
dist: 3.013058574222286 vs. 3.013058574222286
--------
nle(id0,id1,dist): 74 116 3.741241588275784
list:
dist: 3.741241588275784 vs. 3.741241588275784
--------
nle(id0,id1,dist): 75 78 0.9385575945774556
list:
dist: 0.9385575945774556 vs. 0.9385575945774556
--------
nle(id0,id1,dist): 74 115 2.850501377040573
list:
dist: 2.850501377040573 vs. 2.850501377040573
--------
nle(id0,id1,dist): 120 145 2.780201360013782
list:
dist: 2.780201360013782 vs. 2.780201360013782
--------
nle(id0,id1,dist): 120 146 2.637757157165143
list:
dist: 2.637757157165143 vs. 2.637757157165143
--------
nle(id0,id1,dist): 120 147 1.8897888423034759
list:
dist: 1.8897888423034759 vs. 1.8897888423034759
--------
nle(id0,id1,dist): 120 148 2.94318362975914
list:
dist: 2.94318362975914 vs. 2.94318362975914
--------
nle(id0,id1,dist): 120 138 3.1762932040446707
list:
dist: 3.1762932040446707 vs. 3.1762932040446707
--------
nle(id0,id1,dist): 120 141 2.9304878224571977
list:
dist: 2.9304878224571977 vs. 2.9304878224571977
--------
nle(id0,id1,dist): 120 142 3.5935726930321383
list:
dist: 3.5935726930321383 vs. 3.5935726930321383
--------
nle(id0,id1,dist): 120 143 3.5612935045150413
list:
dist: 3.5612935045150413 vs. 3.5612935045150413
--------
nle(id0,id1,dist): 120 130 3.2730176024429496
list:
dist: 3.2730176024429496 vs. 3.2730176024429496
--------
nle(id0,id1,dist): 120 129 0.7315967451942911
list:
dist: 0.7315967451942911 vs. 0.7315967451942911
--------
nle(id0,id1,dist): 120 132 1.4335143177265424
list:
dist: 1.4335143177265424 vs. 1.4335143177265424
--------
nle(id0,id1,dist): 120 134 2.783561441303176
list:
dist: 2.783561441303176 vs. 2.783561441303176
--------
nle(id0,id1,dist): 120 133 1.4953490961287175
list:
dist: 1.4953490961287175 vs. 1.4953490961287175
--------
nle(id0,id1,dist): 120 136 3.193265064292229
list:
dist: 3.193265064292229 vs. 3.193265064292229
--------
nle(id0,id1,dist): 120 135 2.549839311377228
list:
dist: 2.549839311377228 vs. 2.549839311377228
--------
nle(id0,id1,dist): 120 122 3.6271939828333832
list:
dist: 3.6271939828333832 vs. 3.6271939828333832
--------
nle(id0,id1,dist): 120 121 2.0119502535174063
list:
dist: 2.0119502535174063 vs. 2.0119502535174063
--------
nle(id0,id1,dist): 120 124 3.167971226972965
list:
dist: 3.167971226972965 vs. 3.167971226972965
--------
nle(id0,id1,dist): 120 123 2.4991983288578057
list:
dist: 2.4991983288578057 vs. 2.4991983288578057
--------
nle(id0,id1,dist): 120 126 0.7110508163388276
list:
dist: 0.7110508163388276 vs. 0.7110508163388276
--------
nle(id0,id1,dist): 120 125 1.86939781405886
list:
dist: 1.86939781405886 vs. 1.86939781405886
--------
nle(id0,id1,dist): 120 128 2.3039827575565988
list:
dist: 2.3039827575565988 vs. 2.3039827575565988
--------
nle(id0,id1,dist): 121 142 4.265842369140231
list:
dist: 4.265842369140231 vs. 4.265842369140231
--------
nle(id0,id1,dist): 121 143 4.770957409765165
list:
dist: 4.770957409765165 vs. 4.770957409765165
--------
nle(id0,id1,dist): 121 141 4.506454931806552
list:
dist: 4.506454931806552 vs. 4.506454931806552
--------
nle(id0,id1,dist): 121 146 3.375060669156505
list:
dist: 3.375060669156505 vs. 3.375060669156505
--------
nle(id0,id1,dist): 121 147 2.5997507776166593
list:
dist: 2.5997507776166593 vs. 2.5997507776166593
--------
nle(id0,id1,dist): 121 145 2.9785817921891597
list:
dist: 2.9785817921891597 vs. 2.9785817921891597
--------
nle(id0,id1,dist): 121 134 4.396930294057594
list:
dist: 4.396930294057594 vs. 4.396930294057594
--------
nle(id0,id1,dist): 121 135 3.398763899450611
list:
dist: 3.398763899450611 vs. 3.398763899450611
--------
nle(id0,id1,dist): 121 132 1.1071099469338255
list:
dist: 1.1071099469338255 vs. 1.1071099469338255
--------
nle(id0,id1,dist): 121 133 2.0661868710267175
list:
dist: 2.0661868710267175 vs. 2.0661868710267175
--------
nle(id0,id1,dist): 121 138 4.507346534901148
list:
dist: 4.507346534901148 vs. 4.507346534901148
--------
nle(id0,id1,dist): 121 136 3.547106155901894
list:
dist: 3.547106155901894 vs. 3.547106155901894
--------
nle(id0,id1,dist): 121 126 1.5110645419509
list:
dist: 1.5110645419509 vs. 1.5110645419509
--------
nle(id0,id1,dist): 121 125 3.7866472868955223
list:
dist: 3.7866472868955223 vs. 3.7866472868955223
--------
nle(id0,id1,dist): 121 124 2.4705226867101056
list:
dist: 2.4705226867101056 vs. 2.4705226867101056
--------
nle(id0,id1,dist): 121 130 2.4503353968941055
list:
dist: 2.4503353968941055 vs. 2.4503353968941055
--------
nle(id0,id1,dist): 121 129 2.135021166971163
list:
dist: 2.135021166971163 vs. 2.135021166971163
--------
nle(id0,id1,dist): 121 128 4.018824617242673
list:
dist: 4.018824617242673 vs. 4.018824617242673
--------
nle(id0,id1,dist): 121 123 3.566093446587386
list:
dist: 3.566093446587386 vs. 3.566093446587386
--------
nle(id0,id1,dist): 121 122 2.5428544540192237
list:
dist: 2.5428544540192237 vs. 2.5428544540192237
--------
nle(id0,id1,dist): 122 132 2.395785780880457
list:
dist: 2.395785780880457 vs. 2.395785780880457
--------
nle(id0,id1,dist): 122 133 2.4081802516084276
list:
dist: 2.4081802516084276 vs. 2.4081802516084276
--------
nle(id0,id1,dist): 122 130 0.7823089014727908
list:
dist: 0.7823089014727908 vs. 0.7823089014727908
--------
nle(id0,id1,dist): 122 129 3.538154213541246
list:
dist: 3.538154213541246 vs. 3.538154213541246
--------
nle(id0,id1,dist): 122 140 1.95217165749111
list:
dist: 1.95217165749111 vs. 1.95217165749111
--------
nle(id0,id1,dist): 122 142 3.491725691603541
list:
dist: 3.491725691603541 vs. 3.491725691603541
--------
nle(id0,id1,dist): 122 136 2.3713797385806377
list:
dist: 2.3713797385806377 vs. 2.3713797385806377
--------
nle(id0,id1,dist): 122 135 2.9371187431626287
list:
dist: 2.9371187431626287 vs. 2.9371187431626287
--------
nle(id0,id1,dist): 122 138 4.260106885585829
list:
dist: 4.260106885585829 vs. 4.260106885585829
--------
nle(id0,id1,dist): 121 148 4.223232452298764
list:
dist: 4.223232452298764 vs. 4.223232452298764
--------
nle(id0,id1,dist): 122 123 3.45016643006542
list:
dist: 3.45016643006542 vs. 3.45016643006542
--------
nle(id0,id1,dist): 122 124 0.9252875699716935
list:
dist: 0.9252875699716935 vs. 0.9252875699716935
--------
nle(id0,id1,dist): 122 126 2.925595349361947
list:
dist: 2.925595349361947 vs. 2.925595349361947
--------
nle(id0,id1,dist): 123 129 2.6927713351915945
list:
dist: 2.6927713351915945 vs. 2.6927713351915945
--------
nle(id0,id1,dist): 123 128 2.488888319494992
list:
dist: 2.488888319494992 vs. 2.488888319494992
--------
nle(id0,id1,dist): 123 126 2.395695815307999
list:
dist: 2.395695815307999 vs. 2.395695815307999
--------
nle(id0,id1,dist): 123 125 1.9745183472328056
list:
dist: 1.9745183472328056 vs. 1.9745183472328056
--------
nle(id0,id1,dist): 123 124 3.0910197253514182
list:
dist: 3.0910197253514182 vs. 3.0910197253514182
--------
nle(id0,id1,dist): 123 136 1.8969776230975939
list:
dist: 1.8969776230975939 vs. 1.8969776230975939
--------
nle(id0,id1,dist): 123 135 0.8777440768339163
list:
dist: 0.8777440768339163 vs. 0.8777440768339163
--------
nle(id0,id1,dist): 123 134 1.6134145547870957
list:
dist: 1.6134145547870957 vs. 1.6134145547870957
--------
nle(id0,id1,dist): 123 133 1.736460933651448
list:
dist: 1.736460933651448 vs. 1.736460933651448
--------
nle(id0,id1,dist): 123 132 2.4731032989084034
list:
dist: 2.4731032989084034 vs. 2.4731032989084034
--------
nle(id0,id1,dist): 123 131 2.0353497677434587
list:
dist: 2.0353497677434587 vs. 2.0353497677434587
--------
nle(id0,id1,dist): 123 130 3.2440766526976033
list:
dist: 3.2440766526976033 vs. 3.2440766526976033
--------
nle(id0,id1,dist): 122 149 3.287320250827778
list:
dist: 3.287320250827778 vs. 3.287320250827778
--------
nle(id0,id1,dist): 122 145 2.050075587321912
list:
dist: 2.050075587321912 vs. 2.050075587321912
--------
nle(id0,id1,dist): 122 146 3.1500572919090155
list:
dist: 3.1500572919090155 vs. 3.1500572919090155
--------
nle(id0,id1,dist): 122 144 4.766483175867545
list:
dist: 4.766483175867545 vs. 4.766483175867545
--------
nle(id0,id1,dist): 124 126 2.4841934584004832
list:
dist: 2.4841934584004832 vs. 2.4841934584004832
--------
nle(id0,id1,dist): 124 130 0.19480886026741107
list:
dist: 0.19480886026741107 vs. 0.19480886026741107
--------
nle(id0,id1,dist): 124 129 2.9289532223329346
list:
dist: 2.9289532223329346 vs. 2.9289532223329346
--------
nle(id0,id1,dist): 124 132 2.220321740814377
list:
dist: 2.220321740814377 vs. 2.220321740814377
--------
nle(id0,id1,dist): 123 138 1.151273635969074
list:
dist: 1.151273635969074 vs. 1.151273635969074
--------
nle(id0,id1,dist): 123 140 3.2468736853229143
list:
dist: 3.2468736853229143 vs. 3.2468736853229143
--------
nle(id0,id1,dist): 123 141 1.3208226608382019
list:
dist: 1.3208226608382019 vs. 1.3208226608382019
--------
nle(id0,id1,dist): 123 142 1.1969507415745841
list:
dist: 1.1969507415745841 vs. 1.1969507415745841
--------
nle(id0,id1,dist): 123 143 1.2059607961355314
list:
dist: 1.2059607961355314 vs. 1.2059607961355314
--------
nle(id0,id1,dist): 123 144 2.4785700805656896
list:
dist: 2.4785700805656896 vs. 2.4785700805656896
--------
nle(id0,id1,dist): 123 145 1.4598995426455392
list:
dist: 1.4598995426455392 vs. 1.4598995426455392
--------
nle(id0,id1,dist): 123 146 0.6590813847442921
list:
dist: 0.6590813847442921 vs. 0.6590813847442921
--------
nle(id0,id1,dist): 123 147 1.5033872749258461
list:
dist: 1.5033872749258461 vs. 1.5033872749258461
--------
nle(id0,id1,dist): 123 148 0.8101806512242614
list:
dist: 0.8101806512242614 vs. 0.8101806512242614
--------
nle(id0,id1,dist): 123 149 2.7542012474853683
list:
dist: 2.7542012474853683 vs. 2.7542012474853683
--------
nle(id0,id1,dist): 124 149 3.389535061724843
list:
dist: 3.389535061724843 vs. 3.389535061724843
--------
nle(id0,id1,dist): 125 126 2.296922948539795
list:
dist: 2.296922948539795 vs. 2.296922948539795
--------
nle(id0,id1,dist): 124 135 2.4294256571026778
list:
dist: 2.4294256571026778 vs. 2.4294256571026778
--------
nle(id0,id1,dist): 124 136 1.7958250661986943
list:
dist: 1.7958250661986943 vs. 1.7958250661986943
--------
nle(id0,id1,dist): 124 133 1.8722955310191496
list:
dist: 1.8722955310191496 vs. 1.8722955310191496
--------
nle(id0,id1,dist): 124 140 2.3976065406698375
list:
dist: 2.3976065406698375 vs. 2.3976065406698375
--------
nle(id0,id1,dist): 124 138 3.7504460419421837
list:
dist: 3.7504460419421837 vs. 3.7504460419421837
--------
nle(id0,id1,dist): 124 144 4.5656681473916665
list:
dist: 4.5656681473916665 vs. 4.5656681473916665
--------
nle(id0,id1,dist): 124 142 3.3385378692358736
list:
dist: 3.3385378692358736 vs. 3.3385378692358736
--------
nle(id0,id1,dist): 124 145 1.7839988640099984
list:
dist: 1.7839988640099984 vs. 1.7839988640099984
--------
nle(id0,id1,dist): 124 146 2.9646367986805826
list:
dist: 2.9646367986805826 vs. 2.9646367986805826
--------
nle(id0,id1,dist): 112 117 1.6330727110867393
list:
dist: 1.6330727110867393 vs. 1.6330727110867393
--------
nle(id0,id1,dist): 112 118 2.7875223756754615
list:
dist: 2.7875223756754615 vs. 2.7875223756754615
--------
nle(id0,id1,dist): 112 115 1.0742718563082094
list:
dist: 1.0742718563082094 vs. 1.0742718563082094
--------
nle(id0,id1,dist): 112 116 1.5910572786004464
list:
dist: 1.5910572786004464 vs. 1.5910572786004464
--------
nle(id0,id1,dist): 112 113 1.5382831156838261
list:
dist: 1.5382831156838261 vs. 1.5382831156838261
--------
nle(id0,id1,dist): 112 114 1.977810039955418
list:
dist: 1.977810039955418 vs. 1.977810039955418
--------
nle(id0,id1,dist): 113 116 2.459899831539308
list:
dist: 2.459899831539308 vs. 2.459899831539308
--------
nle(id0,id1,dist): 113 117 2.187903546175463
list:
dist: 2.187903546175463 vs. 2.187903546175463
--------
nle(id0,id1,dist): 113 118 3.0827048015390797
list:
dist: 3.0827048015390797 vs. 3.0827048015390797
--------
nle(id0,id1,dist): 113 114 0.7992396573397894
list:
dist: 0.7992396573397894 vs. 0.7992396573397894
--------
nle(id0,id1,dist): 113 115 1.281437949941569
list:
dist: 1.281437949941569 vs. 1.281437949941569
--------
nle(id0,id1,dist): 114 117 2.0811521562260036
list:
dist: 2.0811521562260036 vs. 2.0811521562260036
--------
nle(id0,id1,dist): 114 118 2.707060287842186
list:
dist: 2.707060287842186 vs. 2.707060287842186
--------
nle(id0,id1,dist): 114 115 1.2431545762834113
list:
dist: 1.2431545762834113 vs. 1.2431545762834113
--------
nle(id0,id1,dist): 114 116 2.350630309325311
list:
dist: 2.350630309325311 vs. 2.350630309325311
--------
nle(id0,id1,dist): 115 118 2.2393320549477775
list:
dist: 2.2393320549477775 vs. 2.2393320549477775
--------
nle(id0,id1,dist): 115 116 1.2336610121247775
list:
dist: 1.2336610121247775 vs. 1.2336610121247775
--------
nle(id0,id1,dist): 115 117 1.3501464743580558
list:
dist: 1.3501464743580558 vs. 1.3501464743580558
--------
nle(id0,id1,dist): 116 117 0.997333788484819
list:
dist: 0.997333788484819 vs. 0.997333788484819
--------
nle(id0,id1,dist): 116 118 1.6405351118657927
list:
dist: 1.6405351118657927 vs. 1.6405351118657927
--------
nle(id0,id1,dist): 117 118 1.1835995224193778
list:
dist: 1.1835995224193778 vs. 1.1835995224193778
--------
nle(id0,id1,dist): 106 113 0.9576655411961515
list:
dist: 0.9576655411961515 vs. 0.9576655411961515
--------
nle(id0,id1,dist): 106 114 1.313593314288583
list:
dist: 1.313593314288583 vs. 1.313593314288583
--------
nle(id0,id1,dist): 106 111 1.9160150830643998
list:
dist: 1.9160150830643998 vs. 1.9160150830643998
--------
nle(id0,id1,dist): 106 112 1.3048650820468506
list:
dist: 1.3048650820468506 vs. 1.3048650820468506
--------
nle(id0,id1,dist): 106 117 1.5555289811579966
list:
dist: 1.5555289811579966 vs. 1.5555289811579966
--------
nle(id0,id1,dist): 106 118 2.534819544862573
list:
dist: 2.534819544862573 vs. 2.534819544862573
--------
nle(id0,id1,dist): 106 115 1.3260804971216993
list:
dist: 1.3260804971216993 vs. 1.3260804971216993
--------
nle(id0,id1,dist): 106 116 2.1339164819485137
list:
dist: 2.1339164819485137 vs. 2.1339164819485137
--------
nle(id0,id1,dist): 106 110 1.4523043929513766
list:
dist: 1.4523043929513766 vs. 1.4523043929513766
--------
nle(id0,id1,dist): 106 109 2.177197450074752
list:
dist: 2.177197450074752 vs. 2.177197450074752
--------
nle(id0,id1,dist): 106 107 1.5254318321699547
list:
dist: 1.5254318321699547 vs. 1.5254318321699547
--------
nle(id0,id1,dist): 105 116 3.3355891894516168
list:
dist: 3.3355891894516168 vs. 3.3355891894516168
--------
nle(id0,id1,dist): 105 117 2.6328482238185176
list:
dist: 2.6328482238185176 vs. 2.6328482238185176
--------
nle(id0,id1,dist): 105 118 3.069354196899269
list:
dist: 3.069354196899269 vs. 3.069354196899269
--------
nle(id0,id1,dist): 105 109 1.1794105684269338
list:
dist: 1.1794105684269338 vs. 1.1794105684269338
--------
nle(id0,id1,dist): 105 111 2.1846168610096495
list:
dist: 2.1846168610096495 vs. 2.1846168610096495
--------
nle(id0,id1,dist): 105 110 1.3040781812037292
list:
dist: 1.3040781812037292 vs. 1.3040781812037292
--------
nle(id0,id1,dist): 105 113 1.6872349629379708
list:
dist: 1.6872349629379708 vs. 1.6872349629379708
--------
nle(id0,id1,dist): 105 112 2.8784406989489666
list:
dist: 2.8784406989489666 vs. 2.8784406989489666
--------
nle(id0,id1,dist): 105 115 2.469768770033038
list:
dist: 2.469768770033038 vs. 2.469768770033038
--------
nle(id0,id1,dist): 105 114 1.504354999248599
list:
dist: 1.504354999248599 vs. 1.504354999248599
--------
nle(id0,id1,dist): 105 107 2.0058013425910444
list:
dist: 2.0058013425910444 vs. 2.0058013425910444
--------
nle(id0,id1,dist): 105 106 1.624590450500967
list:
dist: 1.624590450500967 vs. 1.624590450500967
--------
nle(id0,id1,dist): 108 115 3.0120401484217467
list:
dist: 3.0120401484217467 vs. 3.0120401484217467
--------
nle(id0,id1,dist): 108 116 1.9319170391041487
list:
dist: 1.9319170391041487 vs. 1.9319170391041487
--------
nle(id0,id1,dist): 108 111 2.704872972943976
list:
dist: 2.704872972943976 vs. 2.704872972943976
--------
nle(id0,id1,dist): 108 112 3.5076275275899618
list:
dist: 3.5076275275899618 vs. 3.5076275275899618
--------
nle(id0,id1,dist): 108 110 3.557120011684241
list:
dist: 3.557120011684241 vs. 3.557120011684241
--------
nle(id0,id1,dist): 107 118 1.23776364223261
list:
dist: 1.23776364223261 vs. 1.23776364223261
--------
nle(id0,id1,dist): 107 114 2.0177389338549694
list:
dist: 2.0177389338549694 vs. 2.0177389338549694
--------
nle(id0,id1,dist): 107 115 1.8813669200501297
list:
dist: 1.8813669200501297 vs. 1.8813669200501297
--------
nle(id0,id1,dist): 107 116 1.9141259262795567
list:
dist: 1.9141259262795567 vs. 1.9141259262795567
--------
nle(id0,id1,dist): 107 117 0.9639618930787328
list:
dist: 0.9639618930787328 vs. 0.9639618930787328
--------
nle(id0,id1,dist): 107 110 1.2118782014910663
list:
dist: 1.2118782014910663 vs. 1.2118782014910663
--------
nle(id0,id1,dist): 107 111 1.2288478475234654
list:
dist: 1.2288478475234654 vs. 1.2288478475234654
--------
nle(id0,id1,dist): 107 112 2.2543967146039123
list:
dist: 2.2543967146039123 vs. 2.2543967146039123
--------
nle(id0,id1,dist): 107 113 2.2391703818242004
list:
dist: 2.2391703818242004 vs. 2.2391703818242004
--------
nle(id0,id1,dist): 107 108 3.1644193956955724
list:
dist: 3.1644193956955724 vs. 3.1644193956955724
--------
nle(id0,id1,dist): 107 109 1.7857708072345748
list:
dist: 1.7857708072345748 vs. 1.7857708072345748
--------
nle(id0,id1,dist): 109 114 2.4239603187564867
list:
dist: 2.4239603187564867 vs. 2.4239603187564867
--------
nle(id0,id1,dist): 109 115 3.0840902476713974
list:
dist: 3.0840902476713974 vs. 3.0840902476713974
--------
nle(id0,id1,dist): 109 112 3.430469582934469
list:
dist: 3.430469582934469 vs. 3.430469582934469
--------
nle(id0,id1,dist): 109 113 2.640500014417996
list:
dist: 2.640500014417996 vs. 2.640500014417996
--------
nle(id0,id1,dist): 109 118 2.823467779781446
list:
dist: 2.823467779781446 vs. 2.823467779781446
--------
nle(id0,id1,dist): 109 116 3.5917002545418746
list:
dist: 3.5917002545418746 vs. 3.5917002545418746
--------
nle(id0,id1,dist): 109 117 2.6906852883487873
list:
dist: 2.6906852883487873 vs. 2.6906852883487873
--------
nle(id0,id1,dist): 109 111 2.3832141151684145
list:
dist: 2.3832141151684145 vs. 2.3832141151684145
--------
nle(id0,id1,dist): 109 110 1.705172289684394
list:
dist: 1.705172289684394 vs. 1.705172289684394
--------
nle(id0,id1,dist): 108 117 2.520643171487823
list:
dist: 2.520643171487823 vs. 2.520643171487823
--------
nle(id0,id1,dist): 108 118 2.08550932444477
list:
dist: 2.08550932444477 vs. 2.08550932444477
--------
nle(id0,id1,dist): 111 118 1.2830078510725167
list:
dist: 1.2830078510725167 vs. 1.2830078510725167
--------
nle(id0,id1,dist): 111 116 1.6871481736500522
list:
dist: 1.6871481736500522 vs. 1.6871481736500522
--------
nle(id0,id1,dist): 111 117 1.32279420348484
list:
dist: 1.32279420348484 vs. 1.32279420348484
--------
nle(id0,id1,dist): 111 114 1.5499601203909468
list:
dist: 1.5499601203909468 vs. 1.5499601203909468
--------
nle(id0,id1,dist): 111 115 1.5019803636039197
list:
dist: 1.5019803636039197 vs. 1.5019803636039197
--------
nle(id0,id1,dist): 111 112 2.3922878395663014
list:
dist: 2.3922878395663014 vs. 2.3922878395663014
--------
nle(id0,id1,dist): 111 113 2.122335601786528
list:
dist: 2.122335601786528 vs. 2.122335601786528
--------
nle(id0,id1,dist): 110 111 0.8825903808582504
list:
dist: 0.8825903808582504 vs. 0.8825903808582504
--------
nle(id0,id1,dist): 110 112 2.3604959900681584
list:
dist: 2.3604959900681584 vs. 2.3604959900681584
--------
nle(id0,id1,dist): 110 113 1.613458512631284
list:
dist: 1.613458512631284 vs. 1.613458512631284
--------
nle(id0,id1,dist): 110 114 1.0545413551612466
list:
dist: 1.0545413551612466 vs. 1.0545413551612466
--------
nle(id0,id1,dist): 110 115 1.6108415914452838
list:
dist: 1.6108415914452838 vs. 1.6108415914452838
--------
nle(id0,id1,dist): 110 116 2.2445572562469907
list:
dist: 2.2445572562469907 vs. 2.2445572562469907
--------
nle(id0,id1,dist): 110 117 1.6583431265359319
list:
dist: 1.6583431265359319 vs. 1.6583431265359319
--------
nle(id0,id1,dist): 110 118 1.9324122966410617
list:
dist: 1.9324122966410617 vs. 1.9324122966410617
--------
nle(id0,id1,dist): 99 107 1.1206073623542168
list:
dist: 1.1206073623542168 vs. 1.1206073623542168
--------
nle(id0,id1,dist): 99 106 1.1619585681216298
list:
dist: 1.1619585681216298 vs. 1.1619585681216298
--------
nle(id0,id1,dist): 99 109 2.5416421056412597
list:
dist: 2.5416421056412597 vs. 2.5416421056412597
--------
nle(id0,id1,dist): 99 108 3.2161306469070565
list:
dist: 3.2161306469070565 vs. 3.2161306469070565
--------
nle(id0,id1,dist): 99 111 1.8784387040837347
list:
dist: 1.8784387040837347 vs. 1.8784387040837347
--------
nle(id0,id1,dist): 99 110 1.8707564477585696
list:
dist: 1.8707564477585696 vs. 1.8707564477585696
--------
nle(id0,id1,dist): 99 113 2.0077629212198915
list:
dist: 2.0077629212198915 vs. 2.0077629212198915
--------
nle(id0,id1,dist): 99 112 1.3706905321345833
list:
dist: 1.3706905321345833 vs. 1.3706905321345833
--------
nle(id0,id1,dist): 99 103 2.97457226739535
list:
dist: 2.97457226739535 vs. 2.97457226739535
--------
nle(id0,id1,dist): 99 105 2.473555369748242
list:
dist: 2.473555369748242 vs. 2.473555369748242
--------
nle(id0,id1,dist): 99 104 3.1197220663849348
list:
dist: 3.1197220663849348 vs. 3.1197220663849348
--------
nle(id0,id1,dist): 99 114 2.157722559127765
list:
dist: 2.157722559127765 vs. 2.157722559127765
--------
nle(id0,id1,dist): 99 115 1.5486769619936511
list:
dist: 1.5486769619936511 vs. 1.5486769619936511
--------
nle(id0,id1,dist): 99 116 1.539913481150846
list:
dist: 1.539913481150846 vs. 1.539913481150846
--------
nle(id0,id1,dist): 99 117 0.7715338200641519
list:
dist: 0.7715338200641519 vs. 0.7715338200641519
--------
nle(id0,id1,dist): 99 118 1.8397128764709165
list:
dist: 1.8397128764709165 vs. 1.8397128764709165
--------
nle(id0,id1,dist): 98 111 3.5337122352698183
list:
dist: 3.5337122352698183 vs. 3.5337122352698183
--------
nle(id0,id1,dist): 98 118 3.3730366307224218
list:
dist: 3.3730366307224218 vs. 3.3730366307224218
--------
nle(id0,id1,dist): 98 117 3.295135913437028
list:
dist: 3.295135913437028 vs. 3.295135913437028
--------
nle(id0,id1,dist): 98 106 3.088272106579899
list:
dist: 3.088272106579899 vs. 3.088272106579899
--------
nle(id0,id1,dist): 98 105 2.7292556166343944
list:
dist: 2.7292556166343944 vs. 2.7292556166343944
--------
nle(id0,id1,dist): 98 104 3.4792835759408676
list:
dist: 3.4792835759408676 vs. 3.4792835759408676
--------
nle(id0,id1,dist): 98 103 1.7453848458321328
list:
dist: 1.7453848458321328 vs. 1.7453848458321328
--------
nle(id0,id1,dist): 98 110 3.0920397203257526
list:
dist: 3.0920397203257526 vs. 3.0920397203257526
--------
nle(id0,id1,dist): 98 109 1.6955323279086665
list:
dist: 1.6955323279086665 vs. 1.6955323279086665
--------
nle(id0,id1,dist): 98 107 2.4712520599206065
list:
dist: 2.4712520599206065 vs. 2.4712520599206065
--------
nle(id0,id1,dist): 101 103 1.0848052178264866
list:
dist: 1.0848052178264866 vs. 1.0848052178264866
--------
nle(id0,id1,dist): 101 102 1.4138276645058123
list:
dist: 1.4138276645058123 vs. 1.4138276645058123
--------
nle(id0,id1,dist): 101 113 3.320971198122992
list:
dist: 3.320971198122992 vs. 3.320971198122992
--------
nle(id0,id1,dist): 101 114 3.2460188693040903
list:
dist: 3.2460188693040903 vs. 3.2460188693040903
--------
nle(id0,id1,dist): 101 109 1.6950487692878904
list:
dist: 1.6950487692878904 vs. 1.6950487692878904
--------
nle(id0,id1,dist): 101 104 2.0733828059527886
list:
dist: 2.0733828059527886 vs. 2.0733828059527886
--------
nle(id0,id1,dist): 101 105 1.7737129431994787
list:
dist: 1.7737129431994787 vs. 1.7737129431994787
--------
nle(id0,id1,dist): 101 106 3.191725539269756
list:
dist: 3.191725539269756 vs. 3.191725539269756
--------
nle(id0,id1,dist): 100 106 2.731355039408143
list:
dist: 2.731355039408143 vs. 2.731355039408143
--------
nle(id0,id1,dist): 100 105 1.4288830629037548
list:
dist: 1.4288830629037548 vs. 1.4288830629037548
--------
nle(id0,id1,dist): 100 104 1.5869828866266
list:
dist: 1.5869828866266 vs. 1.5869828866266
--------
nle(id0,id1,dist): 100 103 1.6058142344160873
list:
dist: 1.6058142344160873 vs. 1.6058142344160873
--------
nle(id0,id1,dist): 100 102 1.783955751867222
list:
dist: 1.783955751867222 vs. 1.783955751867222
--------
nle(id0,id1,dist): 100 101 1.1560138997891622
list:
dist: 1.1560138997891622 vs. 1.1560138997891622
--------
nle(id0,id1,dist): 100 113 2.567976045299772
list:
dist: 2.567976045299772 vs. 2.567976045299772
--------
nle(id0,id1,dist): 100 114 2.5969069076312405
list:
dist: 2.5969069076312405 vs. 2.5969069076312405
--------
nle(id0,id1,dist): 100 109 2.0975743207367468
list:
dist: 2.0975743207367468 vs. 2.0975743207367468
--------
nle(id0,id1,dist): 103 105 1.3827495719861795
list:
dist: 1.3827495719861795 vs. 1.3827495719861795
--------
nle(id0,id1,dist): 103 104 2.094594460522029
list:
dist: 2.094594460522029 vs. 2.094594460522029
--------
nle(id0,id1,dist): 103 107 2.5065748861217254
list:
dist: 2.5065748861217254 vs. 2.5065748861217254
--------
nle(id0,id1,dist): 103 106 2.4189832826203097
list:
dist: 2.4189832826203097 vs. 2.4189832826203097
--------
nle(id0,id1,dist): 103 109 0.9506874625925811
list:
dist: 0.9506874625925811 vs. 0.9506874625925811
--------
nle(id0,id1,dist): 102 106 3.4777869235390244
list:
dist: 3.4777869235390244 vs. 3.4777869235390244
--------
nle(id0,id1,dist): 102 105 2.580252792987037
list:
dist: 2.580252792987037 vs. 2.580252792987037
--------
nle(id0,id1,dist): 102 104 3.141051705633162
list:
dist: 3.141051705633162 vs. 3.141051705633162
--------
nle(id0,id1,dist): 102 103 1.58277530530015
list:
dist: 1.58277530530015 vs. 1.58277530530015
--------
nle(id0,id1,dist): 102 109 2.5293393874957775
list:
dist: 2.5293393874957775 vs. 2.5293393874957775
--------
nle(id0,id1,dist): 102 114 3.9297893228199356
list:
dist: 3.9297893228199356 vs. 3.9297893228199356
--------
nle(id0,id1,dist): 102 113 3.71380827344837
list:
dist: 3.71380827344837 vs. 3.71380827344837
--------
nle(id0,id1,dist): 104 109 1.8005341549118512
list:
dist: 1.8005341549118512 vs. 1.8005341549118512
--------
nle(id0,id1,dist): 104 110 1.4922315783191578
list:
dist: 1.4922315783191578 vs. 1.4922315783191578
--------
nle(id0,id1,dist): 104 111 2.277932515784056
list:
dist: 2.277932515784056 vs. 2.277932515784056
--------
nle(id0,id1,dist): 104 112 3.347197808030609
list:
dist: 3.347197808030609 vs. 3.347197808030609
--------
nle(id0,id1,dist): 104 105 0.9152582354797549
list:
dist: 0.9152582354797549 vs. 0.9152582354797549
--------
nle(id0,id1,dist): 104 106 2.255519685944904
list:
dist: 2.255519685944904 vs. 2.255519685944904
--------
nle(id0,id1,dist): 104 107 2.5471569211874567
list:
dist: 2.5471569211874567 vs. 2.5471569211874567
--------
nle(id0,id1,dist): 104 117 3.100338344034817
list:
dist: 3.100338344034817 vs. 3.100338344034817
--------
nle(id0,id1,dist): 104 118 3.3755371474996823
list:
dist: 3.3755371474996823 vs. 3.3755371474996823
--------
nle(id0,id1,dist): 104 113 1.976256477099218
list:
dist: 1.976256477099218 vs. 1.976256477099218
--------
nle(id0,id1,dist): 104 114 1.5201366590092973
list:
dist: 1.5201366590092973 vs. 1.5201366590092973
--------
nle(id0,id1,dist): 104 115 2.705095014956583
list:
dist: 2.705095014956583 vs. 2.705095014956583
--------
nle(id0,id1,dist): 104 116 3.640175235469256
list:
dist: 3.640175235469256 vs. 3.640175235469256
--------
nle(id0,id1,dist): 103 116 4.210842123330259
list:
dist: 4.210842123330259 vs. 4.210842123330259
--------
nle(id0,id1,dist): 103 117 3.316391657861422
list:
dist: 3.316391657861422 vs. 3.316391657861422
--------
nle(id0,id1,dist): 103 114 2.8243947165988614
list:
dist: 2.8243947165988614 vs. 2.8243947165988614
--------
nle(id0,id1,dist): 103 115 3.5607107200463175
list:
dist: 3.5607107200463175 vs. 3.5607107200463175
--------
nle(id0,id1,dist): 103 112 3.7060860468562655
list:
dist: 3.7060860468562655 vs. 3.7060860468562655
--------
nle(id0,id1,dist): 103 113 2.8231789889822
list:
dist: 2.8231789889822 vs. 2.8231789889822
--------
nle(id0,id1,dist): 103 110 2.397210224310539
list:
dist: 2.397210224310539 vs. 2.397210224310539
--------
nle(id0,id1,dist): 103 111 3.175480575665109
list:
dist: 3.175480575665109 vs. 3.175480575665109
--------
nle(id0,id1,dist): 103 118 3.6592999897433818
list:
dist: 3.6592999897433818 vs. 3.6592999897433818
--------
nle(id0,id1,dist): 147 149 3.491837778439925
list:
dist: 3.491837778439925 vs. 3.491837778439925
--------
nle(id0,id1,dist): 147 148 1.8824897441382282
list:
dist: 1.8824897441382282 vs. 1.8824897441382282
--------
nle(id0,id1,dist): 148 149 3.073746606925688
list:
dist: 3.073746606925688 vs. 3.073746606925688
--------
nle(id0,id1,dist): 146 147 1.1969639480970973
list:
dist: 1.1969639480970973 vs. 1.1969639480970973
--------
nle(id0,id1,dist): 146 148 1.178401902290238
list:
dist: 1.178401902290238 vs. 1.178401902290238
--------
nle(id0,id1,dist): 146 149 2.4612942927599724
list:
dist: 2.4612942927599724 vs. 2.4612942927599724
--------
nle(id0,id1,dist): 144 148 2.2804802988025807
list:
dist: 2.2804802988025807 vs. 2.2804802988025807
--------
nle(id0,id1,dist): 144 147 3.707801933156329
list:
dist: 3.707801933156329 vs. 3.707801933156329
--------
nle(id0,id1,dist): 144 146 2.5515066607278913
list:
dist: 2.5515066607278913 vs. 2.5515066607278913
--------
nle(id0,id1,dist): 144 145 2.957867342616857
list:
dist: 2.957867342616857 vs. 2.957867342616857
--------
nle(id0,id1,dist): 144 149 1.9966086617896643
list:
dist: 1.9966086617896643 vs. 1.9966086617896643
--------
nle(id0,id1,dist): 145 149 2.1801277173976197
list:
dist: 2.1801277173976197 vs. 2.1801277173976197
--------
nle(id0,id1,dist): 145 148 2.2284492794211004
list:
dist: 2.2284492794211004 vs. 2.2284492794211004
--------
nle(id0,id1,dist): 145 147 1.9164112138969012
list:
dist: 1.9164112138969012 vs. 1.9164112138969012
--------
nle(id0,id1,dist): 145 146 1.2633544512531627
list:
dist: 1.2633544512531627 vs. 1.2633544512531627
--------
nle(id0,id1,dist): 142 149 1.6919428490286388
list:
dist: 1.6919428490286388 vs. 1.6919428490286388
--------
nle(id0,id1,dist): 142 147 2.198428442811107
list:
dist: 2.198428442811107 vs. 2.198428442811107
--------
nle(id0,id1,dist): 142 148 1.3875032345156166
list:
dist: 1.3875032345156166 vs. 1.3875032345156166
--------
nle(id0,id1,dist): 142 145 1.5770459190883737
list:
dist: 1.5770459190883737 vs. 1.5770459190883737
--------
nle(id0,id1,dist): 142 146 1.0226679773219862
list:
dist: 1.0226679773219862 vs. 1.0226679773219862
--------
nle(id0,id1,dist): 142 143 1.2438906679318267
list:
dist: 1.2438906679318267 vs. 1.2438906679318267
--------
nle(id0,id1,dist): 142 144 1.5824138669640353
list:
dist: 1.5824138669640353 vs. 1.5824138669640353
--------
nle(id0,id1,dist): 143 146 1.5684767094006802
list:
dist: 1.5684767094006802 vs. 1.5684767094006802
--------
nle(id0,id1,dist): 143 147 2.5260203267624193
list:
dist: 2.5260203267624193 vs. 2.5260203267624193
--------
nle(id0,id1,dist): 143 148 0.7383648713488398
list:
dist: 0.7383648713488398 vs. 0.7383648713488398
--------
nle(id0,id1,dist): 143 149 2.7784060252230924
list:
dist: 2.7784060252230924 vs. 2.7784060252230924
--------
nle(id0,id1,dist): 143 144 1.6291326933971473
list:
dist: 1.6291326933971473 vs. 1.6291326933971473
--------
nle(id0,id1,dist): 143 145 2.389897444549181
list:
dist: 2.389897444549181 vs. 2.389897444549181
--------
nle(id0,id1,dist): 141 142 2.1030861463336867
list:
dist: 2.1030861463336867 vs. 2.1030861463336867
--------
nle(id0,id1,dist): 141 143 1.0899122427990207
list:
dist: 1.0899122427990207 vs. 1.0899122427990207
--------
nle(id0,id1,dist): 140 149 1.6201982077044634
list:
dist: 1.6201982077044634 vs. 1.6201982077044634
--------
nle(id0,id1,dist): 141 145 2.711416014301777
list:
dist: 2.711416014301777 vs. 2.711416014301777
--------
nle(id0,id1,dist): 141 144 2.6802798260721583
list:
dist: 2.6802798260721583 vs. 2.6802798260721583
--------
nle(id0,id1,dist): 141 147 2.4293979625631965
list:
dist: 2.4293979625631965 vs. 2.4293979625631965
--------
nle(id0,id1,dist): 141 146 1.9003173544997294
list:
dist: 1.9003173544997294 vs. 1.9003173544997294
--------
nle(id0,id1,dist): 141 149 3.7144065717024786
list:
dist: 3.7144065717024786 vs. 3.7144065717024786
--------
nle(id0,id1,dist): 141 148 0.8762699847427853
list:
dist: 0.8762699847427853 vs. 0.8762699847427853
--------
nle(id0,id1,dist): 140 145 2.016879768043017
list:
dist: 2.016879768043017 vs. 2.016879768043017
--------
nle(id0,id1,dist): 140 146 2.8268315220198095
list:
dist: 2.8268315220198095 vs. 2.8268315220198095
--------
nle(id0,id1,dist): 140 142 2.608872114821099
list:
dist: 2.608872114821099 vs. 2.608872114821099
--------
nle(id0,id1,dist): 140 144 3.5114358396916363
list:
dist: 3.5114358396916363 vs. 3.5114358396916363
--------
nle(id0,id1,dist): 138 141 0.8303952553565073
list:
dist: 0.8303952553565073 vs. 0.8303952553565073
--------
nle(id0,id1,dist): 138 142 1.6759473158462888
list:
dist: 1.6759473158462888 vs. 1.6759473158462888
--------
nle(id0,id1,dist): 138 140 3.934416347778173
list:
dist: 3.934416347778173 vs. 3.934416347778173
--------
nle(id0,id1,dist): 138 149 3.1052705500201365
list:
dist: 3.1052705500201365 vs. 3.1052705500201365
--------
nle(id0,id1,dist): 138 148 1.0552214082717553
list:
dist: 1.0552214082717553 vs. 1.0552214082717553
--------
nle(id0,id1,dist): 138 147 2.5986634572008627
list:
dist: 2.5986634572008627 vs. 2.5986634572008627
--------
nle(id0,id1,dist): 138 146 1.7503196477155327
list:
dist: 1.7503196477155327 vs. 1.7503196477155327
--------
nle(id0,id1,dist): 138 145 2.2597666533304195
list:
dist: 2.2597666533304195 vs. 2.2597666533304195
--------
nle(id0,id1,dist): 138 144 2.1570557192283917
list:
dist: 2.1570557192283917 vs. 2.1570557192283917
--------
nle(id0,id1,dist): 138 143 0.843682453339404
list:
dist: 0.843682453339404 vs. 0.843682453339404
--------
nle(id0,id1,dist): 136 145 1.0416150050926127
list:
dist: 1.0416150050926127 vs. 1.0416150050926127
--------
nle(id0,id1,dist): 136 146 2.0195248557681444
list:
dist: 2.0195248557681444 vs. 2.0195248557681444
--------
nle(id0,id1,dist): 136 149 2.3907423289043783
list:
dist: 2.3907423289043783 vs. 2.3907423289043783
--------
nle(id0,id1,dist): 136 140 2.4028115084817783
list:
dist: 2.4028115084817783 vs. 2.4028115084817783
--------
nle(id0,id1,dist): 136 138 2.1726567660260083
list:
dist: 2.1726567660260083 vs. 2.1726567660260083
--------
nle(id0,id1,dist): 136 144 2.961639322337641
list:
dist: 2.961639322337641 vs. 2.961639322337641
--------
nle(id0,id1,dist): 136 142 2.024749838551165
list:
dist: 2.024749838551165 vs. 2.024749838551165
--------
nle(id0,id1,dist): 135 142 1.5000783281056609
list:
dist: 1.5000783281056609 vs. 1.5000783281056609
--------
nle(id0,id1,dist): 135 143 1.7255951973602008
list:
dist: 1.7255951973602008 vs. 1.7255951973602008
--------
nle(id0,id1,dist): 135 144 2.662512096347749
list:
dist: 2.662512096347749 vs. 2.662512096347749
--------
nle(id0,id1,dist): 135 145 1.0184745800662598
list:
dist: 1.0184745800662598 vs. 1.0184745800662598
--------
nle(id0,id1,dist): 135 146 1.2101984231066618
list:
dist: 1.2101984231066618 vs. 1.2101984231066618
--------
nle(id0,id1,dist): 135 147 1.9935162659816654
list:
dist: 1.9935162659816654 vs. 1.9935162659816654
--------
nle(id0,id1,dist): 135 148 1.601526071898998
list:
dist: 1.601526071898998 vs. 1.601526071898998
--------
nle(id0,id1,dist): 135 149 2.6237283314485573
list:
dist: 2.6237283314485573 vs. 2.6237283314485573
--------
nle(id0,id1,dist): 134 148 1.0414436997099836
list:
dist: 1.0414436997099836 vs. 1.0414436997099836
--------
nle(id0,id1,dist): 134 147 2.1086744090372136
list:
dist: 2.1086744090372136 vs. 2.1086744090372136
--------
nle(id0,id1,dist): 135 140 2.922897170207649
list:
dist: 2.922897170207649 vs. 2.922897170207649
--------
nle(id0,id1,dist): 135 141 1.8302279685273395
list:
dist: 1.8302279685273395 vs. 1.8302279685273395
--------
nle(id0,id1,dist): 135 138 1.3365895961303886
list:
dist: 1.3365895961303886 vs. 1.3365895961303886
--------
nle(id0,id1,dist): 135 136 1.0689641162385493
list:
dist: 1.0689641162385493 vs. 1.0689641162385493
--------
nle(id0,id1,dist): 134 135 2.364213775885975
list:
dist: 2.364213775885975 vs. 2.364213775885975
--------
nle(id0,id1,dist): 134 138 1.697903715079576
list:
dist: 1.697903715079576 vs. 1.697903715079576
--------
nle(id0,id1,dist): 134 143 1.599336557966589
list:
dist: 1.599336557966589 vs. 1.599336557966589
--------
nle(id0,id1,dist): 134 145 3.046770628328384
list:
dist: 3.046770628328384 vs. 3.046770628328384
--------
nle(id0,id1,dist): 134 146 1.9722670984731803
list:
dist: 1.9722670984731803 vs. 1.9722670984731803
--------
nle(id0,id1,dist): 134 141 0.9467738221476935
list:
dist: 0.9467738221476935 vs. 0.9467738221476935
--------
nle(id0,id1,dist): 134 142 2.411451744264061
list:
dist: 2.411451744264061 vs. 2.411451744264061
--------
nle(id0,id1,dist): 133 135 1.3865116819021255
list:
dist: 1.3865116819021255 vs. 1.3865116819021255
--------
nle(id0,id1,dist): 133 134 2.868275553472517
list:
dist: 2.868275553472517 vs. 2.868275553472517
--------
nle(id0,id1,dist): 133 138 2.5068874685329745
list:
dist: 2.5068874685329745 vs. 2.5068874685329745
--------
nle(id0,id1,dist): 133 136 1.7616575830259207
list:
dist: 1.7616575830259207 vs. 1.7616575830259207
--------
nle(id0,id1,dist): 133 142 2.5837150101348607
list:
dist: 2.5837150101348607 vs. 2.5837150101348607
--------
nle(id0,id1,dist): 133 143 2.899913484091313
list:
dist: 2.899913484091313 vs. 2.899913484091313
--------
nle(id0,id1,dist): 133 141 2.664944708428671
list:
dist: 2.664944708428671 vs. 2.664944708428671
--------
nle(id0,id1,dist): 133 146 1.8040985975497161
list:
dist: 1.8040985975497161 vs. 1.8040985975497161
--------
nle(id0,id1,dist): 133 147 1.6769291897455414
list:
dist: 1.6769291897455414 vs. 1.6769291897455414
--------
nle(id0,id1,dist): 133 145 1.3888767513405367
list:
dist: 1.3888767513405367 vs. 1.3888767513405367
--------
nle(id0,id1,dist): 133 148 2.4785090181437295
list:
dist: 2.4785090181437295 vs. 2.4785090181437295
--------
nle(id0,id1,dist): 132 134 3.357082059029857
list:
dist: 3.357082059029857 vs. 3.357082059029857
--------
nle(id0,id1,dist): 132 133 1.1777737247654645
list:
dist: 1.1777737247654645 vs. 1.1777737247654645
--------
nle(id0,id1,dist): 132 136 2.7527536852959806
list:
dist: 2.7527536852959806 vs. 2.7527536852959806
--------
nle(id0,id1,dist): 132 135 2.4039504829707945
list:
dist: 2.4039504829707945 vs. 2.4039504829707945
--------
nle(id0,id1,dist): 132 138 3.4596496627716165
list:
dist: 3.4596496627716165 vs. 3.4596496627716165
--------
nle(id0,id1,dist): 132 141 3.4549235701204624
list:
dist: 3.4549235701204624 vs. 3.4549235701204624
--------
nle(id0,id1,dist): 132 142 3.2090994542259597
list:
dist: 3.2090994542259597 vs. 3.2090994542259597
--------
nle(id0,id1,dist): 132 143 3.6744565709725183
list:
dist: 3.6744565709725183 vs. 3.6744565709725183
--------
nle(id0,id1,dist): 132 145 2.0657057419464477
list:
dist: 2.0657057419464477 vs. 2.0657057419464477
--------
nle(id0,id1,dist): 132 146 2.2834557196080527
list:
dist: 2.2834557196080527 vs. 2.2834557196080527
--------
nle(id0,id1,dist): 132 147 1.550703003019654
list:
dist: 1.550703003019654 vs. 1.550703003019654
--------
nle(id0,id1,dist): 132 148 3.1218883853854478
list:
dist: 3.1218883853854478 vs. 3.1218883853854478
--------
nle(id0,id1,dist): 131 146 2.3125100253202815
list:
dist: 2.3125100253202815 vs. 2.3125100253202815
--------
nle(id0,id1,dist): 131 149 2.1164702925706425
list:
dist: 2.1164702925706425 vs. 2.1164702925706425
--------
nle(id0,id1,dist): 131 148 2.162770918594853
list:
dist: 2.162770918594853 vs. 2.162770918594853
--------
nle(id0,id1,dist): 131 142 1.5921897399992924
list:
dist: 1.5921897399992924 vs. 1.5921897399992924
--------
nle(id0,id1,dist): 131 143 1.5876317654884444
list:
dist: 1.5876317654884444 vs. 1.5876317654884444
--------
nle(id0,id1,dist): 131 144 1.334654312809252
list:
dist: 1.334654312809252 vs. 1.334654312809252
--------
nle(id0,id1,dist): 131 145 2.29129491021885
list:
dist: 2.29129491021885 vs. 2.29129491021885
--------
nle(id0,id1,dist): 131 138 1.5242184709955802
list:
dist: 1.5242184709955802 vs. 1.5242184709955802
--------
nle(id0,id1,dist): 131 141 2.3175044531254625
list:
dist: 2.3175044531254625 vs. 2.3175044531254625
--------
nle(id0,id1,dist): 131 134 3.0853131595477783
list:
dist: 3.0853131595477783 vs. 3.0853131595477783
--------
nle(id0,id1,dist): 131 135 1.8021910777208494
list:
dist: 1.8021910777208494 vs. 1.8021910777208494
--------
nle(id0,id1,dist): 131 136 1.9016700176127095
list:
dist: 1.9016700176127095 vs. 1.9016700176127095
--------
nle(id0,id1,dist): 130 149 3.465671167761424
list:
dist: 3.465671167761424 vs. 3.465671167761424
--------
nle(id0,id1,dist): 130 145 1.917086207764784
list:
dist: 1.917086207764784 vs. 1.917086207764784
--------
nle(id0,id1,dist): 130 146 3.090181356122866
list:
dist: 3.090181356122866 vs. 3.090181356122866
--------
nle(id0,id1,dist): 130 144 4.704067190690271
list:
dist: 4.704067190690271 vs. 4.704067190690271
--------
nle(id0,id1,dist): 130 142 3.4675639239821217
list:
dist: 3.4675639239821217 vs. 3.4675639239821217
--------
nle(id0,id1,dist): 130 140 2.3903317417046748
list:
dist: 2.3903317417046748 vs. 2.3903317417046748
--------
nle(id0,id1,dist): 130 138 3.9284567825040413
list:
dist: 3.9284567825040413 vs. 3.9284567825040413
--------
nle(id0,id1,dist): 130 135 2.60282872137369
list:
dist: 2.60282872137369 vs. 2.60282872137369
--------
nle(id0,id1,dist): 130 136 1.9719458846850717
list:
dist: 1.9719458846850717 vs. 1.9719458846850717
--------
nle(id0,id1,dist): 130 132 2.269487886642379
list:
dist: 2.269487886642379 vs. 2.269487886642379
--------
nle(id0,id1,dist): 130 133 2.0130353854587053
list:
dist: 2.0130353854587053 vs. 2.0130353854587053
--------
nle(id0,id1,dist): 129 148 3.2102576329256824
list:
dist: 3.2102576329256824 vs. 3.2102576329256824
--------
nle(id0,id1,dist): 129 141 3.0820480515409434
list:
dist: 3.0820480515409434 vs. 3.0820480515409434
--------
nle(id0,id1,dist): 129 142 3.7851258361432394
list:
dist: 3.7851258361432394 vs. 3.7851258361432394
--------
nle(id0,id1,dist): 129 143 3.7327490196992157
list:
dist: 3.7327490196992157 vs. 3.7327490196992157
--------
nle(id0,id1,dist): 129 145 2.812476787997903
list:
dist: 2.812476787997903 vs. 2.812476787997903
--------
nle(id0,id1,dist): 129 146 2.92280732469634
list:
dist: 2.92280732469634 vs. 2.92280732469634
--------
nle(id0,id1,dist): 129 147 2.410470103700534
list:
dist: 2.410470103700534 vs. 2.410470103700534
--------
nle(id0,id1,dist): 129 135 2.5166316839686362
list:
dist: 2.5166316839686362 vs. 2.5166316839686362
--------
nle(id0,id1,dist): 129 134 3.142276579905098
list:
dist: 3.142276579905098 vs. 3.142276579905098
--------
nle(id0,id1,dist): 129 133 1.4365577920531465
list:
dist: 1.4365577920531465 vs. 1.4365577920531465
--------
nle(id0,id1,dist): 129 132 1.7120265128637693
list:
dist: 1.7120265128637693 vs. 1.7120265128637693
--------
nle(id0,id1,dist): 129 138 3.2056042715478803
list:
dist: 3.2056042715478803 vs. 3.2056042715478803
--------
nle(id0,id1,dist): 129 136 2.995851139320207
list:
dist: 2.995851139320207 vs. 2.995851139320207
--------
nle(id0,id1,dist): 129 131 4.23583724990206
list:
dist: 4.23583724990206 vs. 4.23583724990206
--------
nle(id0,id1,dist): 129 130 3.047358389692836
list:
dist: 3.047358389692836 vs. 3.047358389692836
--------
nle(id0,id1,dist): 128 147 2.161786439328382
list:
dist: 2.161786439328382 vs. 2.161786439328382
--------
nle(id0,id1,dist): 128 148 2.218594607209116
list:
dist: 2.218594607209116 vs. 2.218594607209116
--------
nle(id0,id1,dist): 128 145 3.677688938790139
list:
dist: 3.677688938790139 vs. 3.677688938790139
--------
nle(id0,id1,dist): 128 146 2.7007739241313775
list:
dist: 2.7007739241313775 vs. 2.7007739241313775
--------
nle(id0,id1,dist): 128 133 3.0571683905990334
list:
dist: 3.0571683905990334 vs. 3.0571683905990334
--------
nle(id0,id1,dist): 128 134 1.3418300345470098
list:
dist: 1.3418300345470098 vs. 1.3418300345470098
--------
nle(id0,id1,dist): 128 135 3.1516677627458405
list:
dist: 3.1516677627458405 vs. 3.1516677627458405
--------
nle(id0,id1,dist): 128 129 2.8354857519355825
list:
dist: 2.8354857519355825 vs. 2.8354857519355825
--------
nle(id0,id1,dist): 128 131 4.293252952040745
list:
dist: 4.293252952040745 vs. 4.293252952040745
--------
nle(id0,id1,dist): 128 132 3.164372026103273
list:
dist: 3.164372026103273 vs. 3.164372026103273
--------
nle(id0,id1,dist): 128 141 2.1319396359958334
list:
dist: 2.1319396359958334 vs. 2.1319396359958334
--------
nle(id0,id1,dist): 128 142 3.450329150398108
list:
dist: 3.450329150398108 vs. 3.450329150398108
--------
nle(id0,id1,dist): 128 143 2.888298025883992
list:
dist: 2.888298025883992 vs. 2.888298025883992
--------
nle(id0,id1,dist): 128 138 2.865211027631645
list:
dist: 2.865211027631645 vs. 2.865211027631645
--------
nle(id0,id1,dist): 126 141 3.109315937194201
list:
dist: 3.109315937194201 vs. 3.109315937194201
--------
nle(id0,id1,dist): 126 142 3.367254215209772
list:
dist: 3.367254215209772 vs. 3.367254215209772
--------
nle(id0,id1,dist): 126 143 3.55746845706225
list:
dist: 3.55746845706225 vs. 3.55746845706225
--------
nle(id0,id1,dist): 126 145 2.3008265882485834
list:
dist: 2.3008265882485834 vs. 2.3008265882485834
--------
nle(id0,id1,dist): 126 146 2.4386419958399452
list:
dist: 2.4386419958399452 vs. 2.4386419958399452
--------
nle(id0,id1,dist): 126 147 1.7906788792215858
list:
dist: 1.7906788792215858 vs. 1.7906788792215858
--------
nle(id0,id1,dist): 126 148 2.997692399017782
list:
dist: 2.997692399017782 vs. 2.997692399017782
--------
nle(id0,id1,dist): 126 128 2.8219824369781015
list:
dist: 2.8219824369781015 vs. 2.8219824369781015
--------
nle(id0,id1,dist): 126 130 2.5790735148832225
list:
dist: 2.5790735148832225 vs. 2.5790735148832225
--------
nle(id0,id1,dist): 126 129 0.8535465403305422
list:
dist: 0.8535465403305422 vs. 0.8535465403305422
--------
nle(id0,id1,dist): 126 132 0.8625928768021082
list:
dist: 0.8625928768021082 vs. 0.8625928768021082
--------
nle(id0,id1,dist): 126 134 3.0790957701528696
list:
dist: 3.0790957701528696 vs. 3.0790957701528696
--------
nle(id0,id1,dist): 126 133 0.9858484129333809
list:
dist: 0.9858484129333809 vs. 0.9858484129333809
--------
nle(id0,id1,dist): 126 136 2.741127396445324
list:
dist: 2.741127396445324 vs. 2.741127396445324
--------
nle(id0,id1,dist): 126 135 2.27983005144441
list:
dist: 2.27983005144441 vs. 2.27983005144441
--------
nle(id0,id1,dist): 126 138 3.18163622813931
list:
dist: 3.18163622813931 vs. 3.18163622813931
--------
nle(id0,id1,dist): 125 146 2.4812448036317156
list:
dist: 2.4812448036317156 vs. 2.4812448036317156
--------
nle(id0,id1,dist): 125 147 2.3602124365005355
list:
dist: 2.3602124365005355 vs. 2.3602124365005355
--------
nle(id0,id1,dist): 125 145 3.0595567780763733
list:
dist: 3.0595567780763733 vs. 3.0595567780763733
--------
nle(id0,id1,dist): 125 148 1.9673809996673488
list:
dist: 1.9673809996673488 vs. 1.9673809996673488
--------
nle(id0,id1,dist): 125 131 3.4520102079544723
list:
dist: 3.4520102079544723 vs. 3.4520102079544723
--------
nle(id0,id1,dist): 125 129 1.9915801062299088
list:
dist: 1.9915801062299088 vs. 1.9915801062299088
--------
nle(id0,id1,dist): 125 128 1.574016491329608
list:
dist: 1.574016491329608 vs. 1.574016491329608
--------
nle(id0,id1,dist): 125 135 2.26211256650866
list:
dist: 2.26211256650866 vs. 2.26211256650866
--------
nle(id0,id1,dist): 125 134 1.4928017768686104
list:
dist: 1.4928017768686104 vs. 1.4928017768686104
--------
nle(id0,id1,dist): 125 133 2.2910359279061674
list:
dist: 2.2910359279061674 vs. 2.2910359279061674
--------
nle(id0,id1,dist): 125 132 2.917479863263743
list:
dist: 2.917479863263743 vs. 2.917479863263743
--------
nle(id0,id1,dist): 125 138 1.9851606796703045
list:
dist: 1.9851606796703045 vs. 1.9851606796703045
--------
nle(id0,id1,dist): 125 143 2.4620674285381323
list:
dist: 2.4620674285381323 vs. 2.4620674285381323
--------
nle(id0,id1,dist): 125 142 3.1299979348893636
list:
dist: 3.1299979348893636 vs. 3.1299979348893636
--------
nle(id0,id1,dist): 125 141 1.4605358939983026
list:
dist: 1.4605358939983026 vs. 1.4605358939983026
2. Check the NeighborList query for coordinates against the neighbor list for consistency
list:
dist: 3.5968047300478463 vs. 3.5968047300478463
list:
dist: 1.7362019233871149 vs. 1.7362019233871149
list:
dist: 0.634656084840762 vs. 0.634656084840762
list:
dist: 3.2208861441964474 vs. 3.2208861441964474
list:
dist: 1.3076295779257752 vs. 1.3076295779257752
list:
dist: 1.5272300177373008 vs. 1.5272300177373008
list:
dist: 4.323636603107389 vs. 4.323636603107389
list:
dist: 2.463565381107855 vs. 2.463565381107855
list:
dist: 2.792833334154317 vs. 2.792833334154317
list:
dist: 1.87779717432509 vs. 1.87779717432509
list:
dist: 3.1424344205417754 vs. 3.1424344205417754
list:
dist: 2.7486926090099253 vs. 2.7486926090099253
list:
dist: 3.704653157328805 vs. 3.704653157328805
list:
dist: 2.456075929132288 vs. 2.456075929132288
list:
dist: 3.210431429481328 vs. 3.210431429481328
list:
dist: 1.3113236387093479 vs. 1.3113236387093479
list:
dist: 3.3061513546802503 vs. 3.3061513546802503
list:
dist: 0.634656084840762 vs. 0.634656084840762
list:
dist: 1.4646977445105034 vs. 1.4646977445105034
list:
dist: 1.4297211273967576 vs. 1.4297211273967576
list:
dist: 2.5706986126518374 vs. 2.5706986126518374
list:
dist: 3.6444313344651977 vs. 3.6444313344651977
list:
dist: 3.3061513546802503 vs. 3.3061513546802503
list:
dist: 3.2208861441964474 vs. 3.2208861441964474
list:
dist: 2.477835214430604 vs. 2.477835214430604
list:
dist: 1.9408290874620457 vs. 1.9408290874620457
list:
dist: 2.55288825002313 vs. 2.55288825002313
list:
dist: 2.292999093809337 vs. 2.292999093809337
list:
dist: 3.5955048014188384 vs. 3.5955048014188384
list:
dist: 2.8080076622088934 vs. 2.8080076622088934
list:
dist: 3.4811531385066523 vs. 3.4811531385066523
list:
dist: 2.8158983607833186 vs. 2.8158983607833186
list:
dist: 3.5955048014188384 vs. 3.5955048014188384
list:
dist: 2.792833334154317 vs. 2.792833334154317
list:
dist: 2.337499825658002 vs. 2.337499825658002
list:
dist: 3.157427718493091 vs. 3.157427718493091
list:
dist: 2.7156833199991004 vs. 2.7156833199991004
list:
dist: 1.4561162362660198 vs. 1.4561162362660198
list:
dist: 1.0503373351318337 vs. 1.0503373351318337
list:
dist: 0.7084592062826812 vs. 0.7084592062826812
list:
dist: 0.8587015094046762 vs. 0.8587015094046762
list:
dist: 1.3200156074933496 vs. 1.3200156074933496
list:
dist: 2.1738538817765543 vs. 2.1738538817765543
list:
dist: 1.3312400596011018 vs. 1.3312400596011018
list:
dist: 1.4082337351267542 vs. 1.4082337351267542
list:
dist: 1.9914534194106062 vs. 1.9914534194106062
list:
dist: 1.5587348951810116 vs. 1.5587348951810116
list:
dist: 1.4609921432647335 vs. 1.4609921432647335
list:
dist: 2.9806577354831822 vs. 2.9806577354831822
list:
dist: 1.3113236387093479 vs. 1.3113236387093479
list:
dist: 3.6444313344651977 vs. 3.6444313344651977
list:
dist: 1.7362019233871149 vs. 1.7362019233871149
list:
dist: 2.5917715748639756 vs. 2.5917715748639756
list:
dist: 2.0484322172171754 vs. 2.0484322172171754
list:
dist: 2.8158983607833186 vs. 2.8158983607833186
list:
dist: 2.7486926090099253 vs. 2.7486926090099253
list:
dist: 1.997901714403181 vs. 1.997901714403181
list:
dist: 2.682256486753062 vs. 2.682256486753062
list:
dist: 2.0331062768961803 vs. 2.0331062768961803
list:
dist: 0.9183526929448039 vs. 0.9183526929448039
list:
dist: 0.8587015094046762 vs. 0.8587015094046762
list:
dist: 0.8939562630934705 vs. 0.8939562630934705
list:
dist: 0.7341643020448313 vs. 0.7341643020448313
list:
dist: 1.9945613706021992 vs. 1.9945613706021992
list:
dist: 2.6646906087084155 vs. 2.6646906087084155
list:
dist: 1.080377395052534 vs. 1.080377395052534
list:
dist: 1.779225706637384 vs. 1.779225706637384
list:
dist: 2.304056974792532 vs. 2.304056974792532
list:
dist: 1.0420531444827665 vs. 1.0420531444827665
list:
dist: 2.1406054883448857 vs. 2.1406054883448857
list:
dist: 3.187013140019373 vs. 3.187013140019373
list:
dist: 2.8080076622088934 vs. 2.8080076622088934
list:
dist: 1.87779717432509 vs. 1.87779717432509
list:
dist: 1.3781311532654983 vs. 1.3781311532654983
list:
dist: 2.1226398305150207 vs. 2.1226398305150207
list:
dist: 2.7443497390857385 vs. 2.7443497390857385
list:
dist: 0.9772249567450376 vs. 0.9772249567450376
list:
dist: 1.0503373351318337 vs. 1.0503373351318337
list:
dist: 1.3363474044865185 vs. 1.3363474044865185
list:
dist: 0.8939562630934705 vs. 0.8939562630934705
list:
dist: 2.228684801831202 vs. 2.228684801831202
list:
dist: 2.1727879136439108 vs. 2.1727879136439108
list:
dist: 1.8549400254427229 vs. 1.8549400254427229
list:
dist: 2.3261689803127616 vs. 2.3261689803127616
list:
dist: 2.96771711521559 vs. 2.96771711521559
list:
dist: 1.9342864638532344 vs. 1.9342864638532344
list:
dist: 2.470618704076129 vs. 2.470618704076129
list:
dist: 2.2726483534183877 vs. 2.2726483534183877
list:
dist: 2.0484322172171754 vs. 2.0484322172171754
list:
dist: 1.4297211273967576 vs. 1.4297211273967576
list:
dist: 1.9408290874620457 vs. 1.9408290874620457
list:
dist: 1.5272300177373008 vs. 1.5272300177373008
list:
dist: 1.0276558774039104 vs. 1.0276558774039104
list:
dist: 3.6943508390557924 vs. 3.6943508390557924
list:
dist: 2.3263303101718122 vs. 2.3263303101718122
list:
dist: 3.157427718493091 vs. 3.157427718493091
list:
dist: 2.1226398305150207 vs. 2.1226398305150207
list:
dist: 3.2244769594767746 vs. 3.2244769594767746
list:
dist: 2.682256486753062 vs. 2.682256486753062
list:
dist: 4.209694402298169 vs. 4.209694402298169
list:
dist: 3.3687716187762864 vs. 3.3687716187762864
list:
dist: 2.9806577354831822 vs. 2.9806577354831822
list:
dist: 3.210431429481328 vs. 3.210431429481328
list:
dist: 2.5706986126518374 vs. 2.5706986126518374
list:
dist: 3.5968047300478463 vs. 3.5968047300478463
list:
dist: 3.175263666782595 vs. 3.175263666782595
list:
dist: 2.2726483534183877 vs. 2.2726483534183877
list:
dist: 2.292999093809337 vs. 2.292999093809337
list:
dist: 2.463565381107855 vs. 2.463565381107855
list:
dist: 1.950907177806498 vs. 1.950907177806498
list:
dist: 2.3263303101718122 vs. 2.3263303101718122
list:
dist: 1.9605784584576367 vs. 1.9605784584576367
list:
dist: 1.4561162362660198 vs. 1.4561162362660198
list:
dist: 0.9772249567450376 vs. 0.9772249567450376
list:
dist: 1.6297282631809746 vs. 1.6297282631809746
list:
dist: 0.9183526929448039 vs. 0.9183526929448039
list:
dist: 2.7595357413840413 vs. 2.7595357413840413
list:
dist: 3.1336164334390784 vs. 3.1336164334390784
list:
dist: 1.4329181660795014 vs. 1.4329181660795014
list:
dist: 2.1965938727224397 vs. 2.1965938727224397
list:
dist: 3.049520474912141 vs. 3.049520474912141
list:
dist: 1.607766790653222 vs. 1.607766790653222
list:
dist: 2.8618696828798997 vs. 2.8618696828798997
list:
dist: 2.55288825002313 vs. 2.55288825002313
list:
dist: 4.323636603107389 vs. 4.323636603107389
list:
dist: 3.4832403310156095 vs. 3.4832403310156095
list:
dist: 3.6943508390557924 vs. 3.6943508390557924
list:
dist: 1.9605784584576367 vs. 1.9605784584576367
list:
dist: 2.7156833199991004 vs. 2.7156833199991004
list:
dist: 2.7443497390857385 vs. 2.7443497390857385
list:
dist: 2.430192302671505 vs. 2.430192302671505
list:
dist: 2.0331062768961803 vs. 2.0331062768961803
list:
dist: 1.5757344542899314 vs. 1.5757344542899314
list:
dist: 2.5832144797367103 vs. 2.5832144797367103
list:
dist: 3.066085086506944 vs. 3.066085086506944
list:
dist: 1.3969346212575229 vs. 1.3969346212575229
list:
dist: 1.3969346212575229 vs. 1.3969346212575229
list:
dist: 1.607766790653222 vs. 1.607766790653222
list:
dist: 1.5587348951810116 vs. 1.5587348951810116
list:
dist: 1.9342864638532344 vs. 1.9342864638532344
list:
dist: 1.1070952437913366 vs. 1.1070952437913366
list:
dist: 1.0420531444827665 vs. 1.0420531444827665
list:
dist: 2.273652684550761 vs. 2.273652684550761
list:
dist: 3.4968588840606554 vs. 3.4968588840606554
list:
dist: 0.710123005239763 vs. 0.710123005239763
list:
dist: 1.6297449515204676 vs. 1.6297449515204676
list:
dist: 1.8748197852111992 vs. 1.8748197852111992
list:
dist: 2.2676290243367814 vs. 2.2676290243367814
list:
dist: 2.8740269095324185 vs. 2.8740269095324185
list:
dist: 3.88295990267592 vs. 3.88295990267592
list:
dist: 3.262707134641486 vs. 3.262707134641486
list:
dist: 3.175263666782595 vs. 3.175263666782595
list:
dist: 2.5917715748639756 vs. 2.5917715748639756
list:
dist: 1.4646977445105034 vs. 1.4646977445105034
list:
dist: 2.477835214430604 vs. 2.477835214430604
list:
dist: 1.3076295779257752 vs. 1.3076295779257752
list:
dist: 1.0276558774039104 vs. 1.0276558774039104
list:
dist: 3.4832403310156095 vs. 3.4832403310156095
list:
dist: 1.950907177806498 vs. 1.950907177806498
list:
dist: 2.337499825658002 vs. 2.337499825658002
list:
dist: 1.3781311532654983 vs. 1.3781311532654983
list:
dist: 2.392960401872618 vs. 2.392960401872618
list:
dist: 1.997901714403181 vs. 1.997901714403181
list:
dist: 3.2521765696018616 vs. 3.2521765696018616
list:
dist: 2.402217058671174 vs. 2.402217058671174
list:
dist: 2.8618696828798997 vs. 2.8618696828798997
list:
dist: 1.4609921432647335 vs. 1.4609921432647335
list:
dist: 2.470618704076129 vs. 2.470618704076129
list:
dist: 1.5164942625561826 vs. 1.5164942625561826
list:
dist: 2.1406054883448857 vs. 2.1406054883448857
list:
dist: 0.4857795477052705 vs. 0.4857795477052705
list:
dist: 2.490146889722577 vs. 2.490146889722577
list:
dist: 2.2960499050276306 vs. 2.2960499050276306
list:
dist: 2.389174511964642 vs. 2.389174511964642
list:
dist: 2.078801793430247 vs. 2.078801793430247
list:
dist: 1.4163646602844684 vs. 1.4163646602844684
list:
dist: 1.1641004784927889 vs. 1.1641004784927889
list:
dist: 2.2676290243367814 vs. 2.2676290243367814
list:
dist: 1.9952409670630709 vs. 1.9952409670630709
list:
dist: 2.011520868898919 vs. 2.011520868898919
list:
dist: 2.688519020079236 vs. 2.688519020079236
list:
dist: 1.9669961855601776 vs. 1.9669961855601776
list:
dist: 2.5832144797367103 vs. 2.5832144797367103
list:
dist: 2.1965938727224397 vs. 2.1965938727224397
list:
dist: 1.4082337351267542 vs. 1.4082337351267542
list:
dist: 2.3261689803127616 vs. 2.3261689803127616
list:
dist: 1.5490533248893548 vs. 1.5490533248893548
list:
dist: 1.779225706637384 vs. 1.779225706637384
list:
dist: 1.7198696800242221 vs. 1.7198696800242221
list:
dist: 3.3807796120280518 vs. 3.3807796120280518
list:
dist: 1.0867878566846076 vs. 1.0867878566846076
list:
dist: 1.320248530895911 vs. 1.320248530895911
list:
dist: 1.6297449515204676 vs. 1.6297449515204676
list:
dist: 1.4163646602844684 vs. 1.4163646602844684
list:
dist: 2.7478726294798808 vs. 2.7478726294798808
list:
dist: 2.3200845269088624 vs. 2.3200845269088624
list:
dist: 2.456075929132288 vs. 2.456075929132288
list:
dist: 2.402217058671174 vs. 2.402217058671174
list:
dist: 3.3687716187762864 vs. 3.3687716187762864
list:
dist: 3.1336164334390784 vs. 3.1336164334390784
list:
dist: 2.1738538817765543 vs. 2.1738538817765543
list:
dist: 2.1727879136439108 vs. 2.1727879136439108
list:
dist: 2.4125245506768094 vs. 2.4125245506768094
list:
dist: 2.6646906087084155 vs. 2.6646906087084155
list:
dist: 2.053170229806696 vs. 2.053170229806696
list:
dist: 2.3616438210293342 vs. 2.3616438210293342
list:
dist: 1.2863686491293405 vs. 1.2863686491293405
list:
dist: 3.478486604989539 vs. 3.478486604989539
list:
dist: 3.3807796120280518 vs. 3.3807796120280518
list:
dist: 3.4834671422068237 vs. 3.4834671422068237
list:
dist: 3.4968588840606554 vs. 3.4968588840606554
list:
dist: 2.490146889722577 vs. 2.490146889722577
list:
dist: 3.52146813413264 vs. 3.52146813413264
list:
dist: 3.8871356318834374 vs. 3.8871356318834374
list:
dist: 3.4811531385066523 vs. 3.4811531385066523
list:
dist: 3.1424344205417754 vs. 3.1424344205417754
list:
dist: 2.392960401872618 vs. 2.392960401872618
list:
dist: 3.2244769594767746 vs. 3.2244769594767746
list:
dist: 2.430192302671505 vs. 2.430192302671505
list:
dist: 1.6297282631809746 vs. 1.6297282631809746
list:
dist: 0.7084592062826812 vs. 0.7084592062826812
list:
dist: 1.3363474044865185 vs. 1.3363474044865185
list:
dist: 0.7341643020448313 vs. 0.7341643020448313
list:
dist: 1.345757638584093 vs. 1.345757638584093
list:
dist: 2.4125245506768094 vs. 2.4125245506768094
list:
dist: 1.211625001911915 vs. 1.211625001911915
list:
dist: 1.5490533248893548 vs. 1.5490533248893548
list:
dist: 1.71641991544174 vs. 1.71641991544174
list:
dist: 1.1070952437913366 vs. 1.1070952437913366
list:
dist: 1.5164942625561826 vs. 1.5164942625561826
list:
dist: 2.481574825711199 vs. 2.481574825711199
list:
dist: 1.5126331519730687 vs. 1.5126331519730687
list:
dist: 2.7263521979840437 vs. 2.7263521979840437
list:
dist: 2.4923376434742726 vs. 2.4923376434742726
list:
dist: 3.704653157328805 vs. 3.704653157328805
list:
dist: 3.2521765696018616 vs. 3.2521765696018616
list:
dist: 4.209694402298169 vs. 4.209694402298169
list:
dist: 2.7595357413840413 vs. 2.7595357413840413
list:
dist: 1.3200156074933496 vs. 1.3200156074933496
list:
dist: 2.228684801831202 vs. 2.228684801831202
list:
dist: 1.345757638584093 vs. 1.345757638584093
list:
dist: 1.9945613706021992 vs. 1.9945613706021992
list:
dist: 2.053170229806696 vs. 2.053170229806696
list:
dist: 2.2544828448022063 vs. 2.2544828448022063
list:
dist: 2.118406142173116 vs. 2.118406142173116
list:
dist: 2.1773522716543936 vs. 2.1773522716543936
list:
dist: 1.7198696800242221 vs. 1.7198696800242221
list:
dist: 1.4744644460745864 vs. 1.4744644460745864
list:
dist: 2.273652684550761 vs. 2.273652684550761
list:
dist: 0.4857795477052705 vs. 0.4857795477052705
list:
dist: 1.977996363953422 vs. 1.977996363953422
list:
dist: 2.374706668137229 vs. 2.374706668137229
list:
dist: 2.860219107664837 vs. 2.860219107664837
list:
dist: 2.4923376434742726 vs. 2.4923376434742726
list:
dist: 2.118406142173116 vs. 2.118406142173116
list:
dist: 1.2863686491293405 vs. 1.2863686491293405
list:
dist: 1.157210403126661 vs. 1.157210403126661
list:
dist: 2.389174511964642 vs. 2.389174511964642
list:
dist: 3.7649434044190544 vs. 3.7649434044190544
list:
dist: 3.09213171373333 vs. 3.09213171373333
list:
dist: 1.5126331519730687 vs. 1.5126331519730687
list:
dist: 3.021262877198849 vs. 3.021262877198849
list:
dist: 2.860219107664837 vs. 2.860219107664837
list:
dist: 3.066085086506944 vs. 3.066085086506944
list:
dist: 3.049520474912141 vs. 3.049520474912141
list:
dist: 1.9914534194106062 vs. 1.9914534194106062
list:
dist: 2.96771711521559 vs. 2.96771711521559
list:
dist: 1.71641991544174 vs. 1.71641991544174
list:
dist: 2.304056974792532 vs. 2.304056974792532
list:
dist: 1.4744644460745864 vs. 1.4744644460745864
list:
dist: 3.4834671422068237 vs. 3.4834671422068237
list:
dist: 1.8178467100213231 vs. 1.8178467100213231
list:
dist: 1.320248530895911 vs. 1.320248530895911
list:
dist: 1.8748197852111992 vs. 1.8748197852111992
list:
dist: 1.1641004784927889 vs. 1.1641004784927889
list:
dist: 1.6610312787915638 vs. 1.6610312787915638
list:
dist: 2.178155020049387 vs. 2.178155020049387
list:
dist: 1.4229952948854085 vs. 1.4229952948854085
list:
dist: 3.021262877198849 vs. 3.021262877198849
list:
dist: 2.7263521979840437 vs. 2.7263521979840437
list:
dist: 2.2544828448022063 vs. 2.2544828448022063
list:
dist: 2.3616438210293342 vs. 2.3616438210293342
list:
dist: 1.157210403126661 vs. 1.157210403126661
list:
dist: 2.2960499050276306 vs. 2.2960499050276306
list:
dist: 2.1967885138138294 vs. 2.1967885138138294
list:
dist: 3.626602029638954 vs. 3.626602029638954
list:
dist: 2.7478726294798808 vs. 2.7478726294798808
list:
dist: 2.178155020049387 vs. 2.178155020049387
list:
dist: 3.88295990267592 vs. 3.88295990267592
list:
dist: 2.688519020079236 vs. 2.688519020079236
list:
dist: 1.9315664211129968 vs. 1.9315664211129968
list:
dist: 0.9286705674964162 vs. 0.9286705674964162
list:
dist: 3.113794685345545 vs. 3.113794685345545
list:
dist: 2.3200845269088624 vs. 2.3200845269088624
list:
dist: 1.4229952948854085 vs. 1.4229952948854085
list:
dist: 3.262707134641486 vs. 3.262707134641486
list:
dist: 1.9669961855601776 vs. 1.9669961855601776
list:
dist: 2.0656512775531803 vs. 2.0656512775531803
list:
dist: 1.84061598816333 vs. 1.84061598816333
list:
dist: 0.9286705674964162 vs. 0.9286705674964162
list:
dist: 2.374706668137229 vs. 2.374706668137229
list:
dist: 3.8871356318834374 vs. 3.8871356318834374
list:
dist: 2.1967885138138294 vs. 2.1967885138138294
list:
dist: 3.09213171373333 vs. 3.09213171373333
list:
dist: 2.011520868898919 vs. 2.011520868898919
list:
dist: 1.9315664211129968 vs. 1.9315664211129968
list:
dist: 1.84061598816333 vs. 1.84061598816333
list:
dist: 1.5757344542899314 vs. 1.5757344542899314
list:
dist: 1.4329181660795014 vs. 1.4329181660795014
list:
dist: 1.3312400596011018 vs. 1.3312400596011018
list:
dist: 1.8549400254427229 vs. 1.8549400254427229
list:
dist: 1.211625001911915 vs. 1.211625001911915
list:
dist: 1.080377395052534 vs. 1.080377395052534
list:
dist: 2.1773522716543936 vs. 2.1773522716543936
list:
dist: 3.478486604989539 vs. 3.478486604989539
list:
dist: 1.0867878566846076 vs. 1.0867878566846076
list:
dist: 1.8178467100213231 vs. 1.8178467100213231
list:
dist: 0.710123005239763 vs. 0.710123005239763
list:
dist: 2.078801793430247 vs. 2.078801793430247
list:
dist: 3.626602029638954 vs. 3.626602029638954
list:
dist: 3.113794685345545 vs. 3.113794685345545
list:
dist: 2.233983110050036 vs. 2.233983110050036
list:
dist: 2.488606166806503 vs. 2.488606166806503
list:
dist: 1.4801653699637434 vs. 1.4801653699637434
list:
dist: 0.8650175926590906 vs. 0.8650175926590906
list:
dist: 1.6097681398065673 vs. 1.6097681398065673
list:
dist: 2.062640168924993 vs. 2.062640168924993
list:
dist: 2.084045857906065 vs. 2.084045857906065
list:
dist: 1.2089647563374313 vs. 1.2089647563374313
list:
dist: 1.8133613025761977 vs. 1.8133613025761977
list:
dist: 1.8701440189272744 vs. 1.8701440189272744
list:
dist: 1.7402413644686765 vs. 1.7402413644686765
list:
dist: 2.6023790445409833 vs. 2.6023790445409833
list:
dist: 3.248448072678484 vs. 3.248448072678484
list:
dist: 2.1741333056129704 vs. 2.1741333056129704
list:
dist: 2.8743776963404004 vs. 2.8743776963404004
list:
dist: 2.429708932363174 vs. 2.429708932363174
list:
dist: 3.268594338067544 vs. 3.268594338067544
list:
dist: 2.717777773311355 vs. 2.717777773311355
list:
dist: 2.9979342515750145 vs. 2.9979342515750145
list:
dist: 3.4212436243568987 vs. 3.4212436243568987
list:
dist: 2.7559948963368077 vs. 2.7559948963368077
list:
dist: 1.1972537154731808 vs. 1.1972537154731808
list:
dist: 2.1095094166826653 vs. 2.1095094166826653
list:
dist: 1.8179167020385718 vs. 1.8179167020385718
list:
dist: 2.7210821151183677 vs. 2.7210821151183677
list:
dist: 1.8957845982228074 vs. 1.8957845982228074
list:
dist: 0.8650175926590906 vs. 0.8650175926590906
list:
dist: 1.4974551688169944 vs. 1.4974551688169944
list:
dist: 2.064562070339562 vs. 2.064562070339562
list:
dist: 2.4724014256257902 vs. 2.4724014256257902
list:
dist: 1.823707127806799 vs. 1.823707127806799
list:
dist: 2.334235794094887 vs. 2.334235794094887
list:
dist: 2.5564529433141914 vs. 2.5564529433141914
list:
dist: 2.4643275625382866 vs. 2.4643275625382866
list:
dist: 1.81975922004048 vs. 1.81975922004048
list:
dist: 2.8007092451927034 vs. 2.8007092451927034
list:
dist: 1.7754171490781396 vs. 1.7754171490781396
list:
dist: 2.734871853168493 vs. 2.734871853168493
list:
dist: 1.9023864070441159 vs. 1.9023864070441159
list:
dist: 3.07672147737983 vs. 3.07672147737983
list:
dist: 2.410324677178311 vs. 2.410324677178311
list:
dist: 3.23215486691452 vs. 3.23215486691452
list:
dist: 3.596878760401472 vs. 3.596878760401472
list:
dist: 3.23215486691452 vs. 3.23215486691452
list:
dist: 2.9979342515750145 vs. 2.9979342515750145
list:
dist: 1.915395954613176 vs. 1.915395954613176
list:
dist: 2.130685858275278 vs. 2.130685858275278
list:
dist: 1.8663541261723735 vs. 1.8663541261723735
list:
dist: 2.1403532897152733 vs. 2.1403532897152733
list:
dist: 1.655121864496277 vs. 1.655121864496277
list:
dist: 1.8969151858278503 vs. 1.8969151858278503
list:
dist: 2.0641140738551544 vs. 2.0641140738551544
list:
dist: 3.046908516109169 vs. 3.046908516109169
list:
dist: 2.4551550619720195 vs. 2.4551550619720195
list:
dist: 2.202565646582649 vs. 2.202565646582649
list:
dist: 1.3174276528452449 vs. 1.3174276528452449
list:
dist: 2.548231162533436 vs. 2.548231162533436
list:
dist: 1.7145357241182144 vs. 1.7145357241182144
list:
dist: 2.0456799153638396 vs. 2.0456799153638396
list:
dist: 0.7880128366972943 vs. 0.7880128366972943
list:
dist: 1.2387941090582866 vs. 1.2387941090582866
list:
dist: 2.0969675371927967 vs. 2.0969675371927967
list:
dist: 1.388267805210905 vs. 1.388267805210905
list:
dist: 1.7119570978071492 vs. 1.7119570978071492
list:
dist: 2.1095094166826653 vs. 2.1095094166826653
list:
dist: 2.0705540403184712 vs. 2.0705540403184712
list:
dist: 2.168395525992645 vs. 2.168395525992645
list:
dist: 1.8957845982228074 vs. 1.8957845982228074
list:
dist: 1.4801653699637434 vs. 1.4801653699637434
list:
dist: 2.1700499945274285 vs. 2.1700499945274285
list:
dist: 1.9243201153488894 vs. 1.9243201153488894
list:
dist: 1.8185770184165746 vs. 1.8185770184165746
list:
dist: 1.476996760441182 vs. 1.476996760441182
list:
dist: 1.935041719736866 vs. 1.935041719736866
list:
dist: 2.383054642471443 vs. 2.383054642471443
list:
dist: 2.2262647469750907 vs. 2.2262647469750907
list:
dist: 1.1972537154731808 vs. 1.1972537154731808
list:
dist: 2.014617984437407 vs. 2.014617984437407
list:
dist: 2.168395525992645 vs. 2.168395525992645
list:
dist: 2.7210821151183677 vs. 2.7210821151183677
list:
dist: 2.488606166806503 vs. 2.488606166806503
list:
dist: 3.869830926501231 vs. 3.869830926501231
list:
dist: 3.9225546491604595 vs. 3.9225546491604595
list:
dist: 3.2596510683791413 vs. 3.2596510683791413
list:
dist: 3.855977233167491 vs. 3.855977233167491
list:
dist: 3.914106468010601 vs. 3.914106468010601
list:
dist: 3.7231579694770396 vs. 3.7231579694770396
list:
dist: 3.7231579694770396 vs. 3.7231579694770396
list:
dist: 2.2262647469750907 vs. 2.2262647469750907
list:
dist: 2.4643275625382866 vs. 2.4643275625382866
list:
dist: 1.7402413644686765 vs. 1.7402413644686765
list:
dist: 2.0470195570119873 vs. 2.0470195570119873
list:
dist: 2.286660711463058 vs. 2.286660711463058
list:
dist: 1.5753747316052689 vs. 1.5753747316052689
list:
dist: 0.9196892599836646 vs. 0.9196892599836646
list:
dist: 0.9537917573358686 vs. 0.9537917573358686
list:
dist: 0.19991731153932688 vs. 0.19991731153932688
list:
dist: 1.7838687397600255 vs. 1.7838687397600255
list:
dist: 3.6220710830580143 vs. 3.6220710830580143
list:
dist: 2.737908452477168 vs. 2.737908452477168
list:
dist: 2.737863743214373 vs. 2.737863743214373
list:
dist: 3.1494567472083976 vs. 3.1494567472083976
list:
dist: 3.1502298576710595 vs. 3.1502298576710595
list:
dist: 3.015113715066564 vs. 3.015113715066564
list:
dist: 2.0641140738551544 vs. 2.0641140738551544
list:
dist: 2.5245484060360437 vs. 2.5245484060360437
list:
dist: 2.660207528962257 vs. 2.660207528962257
list:
dist: 3.914106468010601 vs. 3.914106468010601
list:
dist: 2.383054642471443 vs. 2.383054642471443
list:
dist: 2.5564529433141914 vs. 2.5564529433141914
list:
dist: 1.8701440189272744 vs. 1.8701440189272744
list:
dist: 2.0399603731627125 vs. 2.0399603731627125
list:
dist: 2.295252021250216 vs. 2.295252021250216
list:
dist: 1.5804911510336475 vs. 1.5804911510336475
list:
dist: 1.0167709401853045 vs. 1.0167709401853045
list:
dist: 0.9426661285640784 vs. 0.9426661285640784
list:
dist: 0.19991731153932688 vs. 0.19991731153932688
list:
dist: 1.758600660865452 vs. 1.758600660865452
list:
dist: 3.54577786705561 vs. 3.54577786705561
list:
dist: 2.6972940257640525 vs. 2.6972940257640525
list:
dist: 2.628584675465281 vs. 2.628584675465281
list:
dist: 3.126811828783415 vs. 3.126811828783415
list:
dist: 3.026748163277361 vs. 3.026748163277361
list:
dist: 2.9637755172129228 vs. 2.9637755172129228
list:
dist: 1.8969151858278503 vs. 1.8969151858278503
list:
dist: 2.3426143586451555 vs. 2.3426143586451555
list:
dist: 2.4624575090668026 vs. 2.4624575090668026
list:
dist: 2.9424187050468684 vs. 2.9424187050468684
list:
dist: 1.9243201153488894 vs. 1.9243201153488894
list:
dist: 2.064562070339562 vs. 2.064562070339562
list:
dist: 2.062640168924993 vs. 2.062640168924993
list:
dist: 0.9341558174456213 vs. 0.9341558174456213
list:
dist: 1.023809171021586 vs. 1.023809171021586
list:
dist: 1.4963540027799132 vs. 1.4963540027799132
list:
dist: 1.4251534650080913 vs. 1.4251534650080913
list:
dist: 2.295252021250216 vs. 2.295252021250216
list:
dist: 2.286660711463058 vs. 2.286660711463058
list:
dist: 2.4416744340930223 vs. 2.4416744340930223
list:
dist: 2.430435685596557 vs. 2.430435685596557
list:
dist: 1.8931185524081318 vs. 1.8931185524081318
list:
dist: 1.8756357925595637 vs. 1.8756357925595637
list:
dist: 1.681945103079836 vs. 1.681945103079836
list:
dist: 2.617351182675429 vs. 2.617351182675429
list:
dist: 1.2920795199957587 vs. 1.2920795199957587
list:
dist: 2.130685858275278 vs. 2.130685858275278
list:
dist: 2.79618466865926 vs. 2.79618466865926
list:
dist: 2.818437911822174 vs. 2.818437911822174
list:
dist: 2.567475978738651 vs. 2.567475978738651
list:
dist: 2.37180672329357 vs. 2.37180672329357
list:
dist: 1.758600660865452 vs. 1.758600660865452
list:
dist: 1.7838687397600255 vs. 1.7838687397600255
list:
dist: 3.046908516109169 vs. 3.046908516109169
list:
dist: 3.3998222263946576 vs. 3.3998222263946576
list:
dist: 2.9408452261043 vs. 2.9408452261043
list:
dist: 3.2596510683791413 vs. 3.2596510683791413
list:
dist: 1.476996760441182 vs. 1.476996760441182
list:
dist: 1.823707127806799 vs. 1.823707127806799
list:
dist: 1.2089647563374313 vs. 1.2089647563374313
list:
dist: 1.383112089758323 vs. 1.383112089758323
list:
dist: 1.4963540027799132 vs. 1.4963540027799132
list:
dist: 1.005776196059241 vs. 1.005776196059241
list:
dist: 0.6337913877712048 vs. 0.6337913877712048
list:
dist: 1.0167709401853045 vs. 1.0167709401853045
list:
dist: 0.9196892599836646 vs. 0.9196892599836646
list:
dist: 2.567475978738651 vs. 2.567475978738651
list:
dist: 3.1973311520892818 vs. 3.1973311520892818
list:
dist: 2.285749099562975 vs. 2.285749099562975
list:
dist: 2.4464947722141805 vs. 2.4464947722141805
list:
dist: 2.522333516875805 vs. 2.522333516875805
list:
dist: 2.9975455249171366 vs. 2.9975455249171366
list:
dist: 2.412878032641217 vs. 2.412878032641217
list:
dist: 2.1403532897152733 vs. 2.1403532897152733
list:
dist: 2.732411739870637 vs. 2.732411739870637
list:
dist: 3.0735980610487657 vs. 3.0735980610487657
list:
dist: 2.7559948963368077 vs. 2.7559948963368077
list:
dist: 2.014617984437407 vs. 2.014617984437407
list:
dist: 2.0705540403184712 vs. 2.0705540403184712
list:
dist: 1.8179167020385718 vs. 1.8179167020385718
list:
dist: 2.233983110050036 vs. 2.233983110050036
list:
dist: 2.887058730962674 vs. 2.887058730962674
list:
dist: 2.9424187050468684 vs. 2.9424187050468684
list:
dist: 1.9023864070441159 vs. 1.9023864070441159
list:
dist: 2.429708932363174 vs. 2.429708932363174
list:
dist: 1.1500663571272223 vs. 1.1500663571272223
list:
dist: 1.681945103079836 vs. 1.681945103079836
list:
dist: 2.523957570993105 vs. 2.523957570993105
list:
dist: 2.522333516875805 vs. 2.522333516875805
list:
dist: 2.595875517229611 vs. 2.595875517229611
list:
dist: 3.126811828783415 vs. 3.126811828783415
list:
dist: 3.1494567472083976 vs. 3.1494567472083976
list:
dist: 1.0272369542940456 vs. 1.0272369542940456
list:
dist: 1.0624989689909063 vs. 1.0624989689909063
list:
dist: 0.7460161059896144 vs. 0.7460161059896144
list:
dist: 1.4231105846507612 vs. 1.4231105846507612
list:
dist: 1.7845350880936637 vs. 1.7845350880936637
list:
dist: 0.8475257909693701 vs. 0.8475257909693701
list:
dist: 2.548231162533436 vs. 2.548231162533436
list:
dist: 2.814993927994014 vs. 2.814993927994014
list:
dist: 2.199791566914593 vs. 2.199791566914593
list:
dist: 2.4150697553400367 vs. 2.4150697553400367
list:
dist: 2.8532152730960916 vs. 2.8532152730960916
list:
dist: 2.625962014599467 vs. 2.625962014599467
list:
dist: 2.8286936478351095 vs. 2.8286936478351095
list:
dist: 2.536228822897277 vs. 2.536228822897277
list:
dist: 3.456498675111927 vs. 3.456498675111927
list:
dist: 2.2952067357738115 vs. 2.2952067357738115
list:
dist: 2.4750488055486786 vs. 2.4750488055486786
list:
dist: 4.149915119635932 vs. 4.149915119635932
list:
dist: 3.9225546491604595 vs. 3.9225546491604595
list:
dist: 1.8185770184165746 vs. 1.8185770184165746
list:
dist: 2.4724014256257902 vs. 2.4724014256257902
list:
dist: 2.084045857906065 vs. 2.084045857906065
list:
dist: 1.4775772865726187 vs. 1.4775772865726187
list:
dist: 1.023809171021586 vs. 1.023809171021586
list:
dist: 1.005776196059241 vs. 1.005776196059241
list:
dist: 0.6476642793871923 vs. 0.6476642793871923
list:
dist: 1.5804911510336475 vs. 1.5804911510336475
list:
dist: 1.5753747316052689 vs. 1.5753747316052689
list:
dist: 2.818437911822174 vs. 2.818437911822174
list:
dist: 3.123816691314594 vs. 3.123816691314594
list:
dist: 2.484288179504364 vs. 2.484288179504364
list:
dist: 2.2622847850153036 vs. 2.2622847850153036
list:
dist: 2.523957570993105 vs. 2.523957570993105
list:
dist: 2.9676067042594645 vs. 2.9676067042594645
list:
dist: 2.098386487707841 vs. 2.098386487707841
list:
dist: 1.8663541261723735 vs. 1.8663541261723735
list:
dist: 2.6197500656367896 vs. 2.6197500656367896
list:
dist: 2.852644499384874 vs. 2.852644499384874
list:
dist: 2.410324677178311 vs. 2.410324677178311
list:
dist: 2.717777773311355 vs. 2.717777773311355
list:
dist: 1.1350357805422129 vs. 1.1350357805422129
list:
dist: 1.2920795199957587 vs. 1.2920795199957587
list:
dist: 2.098386487707841 vs. 2.098386487707841
list:
dist: 2.412878032641217 vs. 2.412878032641217
list:
dist: 2.288702421849967 vs. 2.288702421849967
list:
dist: 2.9637755172129228 vs. 2.9637755172129228
list:
dist: 3.015113715066564 vs. 3.015113715066564
list:
dist: 1.8428492859686048 vs. 1.8428492859686048
list:
dist: 1.2178992163650695 vs. 1.2178992163650695
list:
dist: 1.2199074131665328 vs. 1.2199074131665328
list:
dist: 1.0410471650617241 vs. 1.0410471650617241
list:
dist: 0.8475257909693701 vs. 0.8475257909693701
list:
dist: 1.678509819200929 vs. 1.678509819200929
list:
dist: 2.0456799153638396 vs. 2.0456799153638396
list:
dist: 2.433170535965746 vs. 2.433170535965746
list:
dist: 1.8268711582326755 vs. 1.8268711582326755
list:
dist: 2.2089134994668695 vs. 2.2089134994668695
list:
dist: 2.1871405002464517 vs. 2.1871405002464517
list:
dist: 1.7754171490781396 vs. 1.7754171490781396
list:
dist: 2.1741333056129704 vs. 2.1741333056129704
list:
dist: 1.0602735889673207 vs. 1.0602735889673207
list:
dist: 1.8931185524081318 vs. 1.8931185524081318
list:
dist: 2.484288179504364 vs. 2.484288179504364
list:
dist: 2.285749099562975 vs. 2.285749099562975
list:
dist: 2.368415202171695 vs. 2.368415202171695
list:
dist: 2.6972940257640525 vs. 2.6972940257640525
list:
dist: 2.737908452477168 vs. 2.737908452477168
list:
dist: 1.3844602240933028 vs. 1.3844602240933028
list:
dist: 1.0970132531831593 vs. 1.0970132531831593
list:
dist: 1.1878730914779327 vs. 1.1878730914779327
list:
dist: 0.7460161059896144 vs. 0.7460161059896144
list:
dist: 1.3752707026576005 vs. 1.3752707026576005
list:
dist: 1.2199074131665328 vs. 1.2199074131665328
list:
dist: 2.202565646582649 vs. 2.202565646582649
list:
dist: 2.3501258204757978 vs. 2.3501258204757978
list:
dist: 2.1183804353390205 vs. 2.1183804353390205
list:
dist: 1.9115207483420742 vs. 1.9115207483420742
list:
dist: 2.792378901650087 vs. 2.792378901650087
list:
dist: 3.640875628812501 vs. 3.640875628812501
list:
dist: 3.9142569123961946 vs. 3.9142569123961946
list:
dist: 3.8646439151406944 vs. 3.8646439151406944
list:
dist: 2.8007092451927034 vs. 2.8007092451927034
list:
dist: 3.248448072678484 vs. 3.248448072678484
list:
dist: 1.8843387814048231 vs. 1.8843387814048231
list:
dist: 2.430435685596557 vs. 2.430435685596557
list:
dist: 3.123816691314594 vs. 3.123816691314594
list:
dist: 3.1973311520892818 vs. 3.1973311520892818
list:
dist: 3.1248753175211004 vs. 3.1248753175211004
list:
dist: 3.54577786705561 vs. 3.54577786705561
list:
dist: 3.6220710830580143 vs. 3.6220710830580143
list:
dist: 1.7118420115775652 vs. 1.7118420115775652
list:
dist: 1.0970132531831593 vs. 1.0970132531831593
list:
dist: 1.1435015290965977 vs. 1.1435015290965977
list:
dist: 1.0624989689909063 vs. 1.0624989689909063
list:
dist: 1.0897320945893176 vs. 1.0897320945893176
list:
dist: 1.2178992163650695 vs. 1.2178992163650695
list:
dist: 2.4551550619720195 vs. 2.4551550619720195
list:
dist: 2.4542925672384315 vs. 2.4542925672384315
list:
dist: 1.327575184595562 vs. 1.327575184595562
list:
dist: 1.837655898897412 vs. 1.837655898897412
list:
dist: 2.2930773027022573 vs. 2.2930773027022573
list:
dist: 2.887058730962674 vs. 2.887058730962674
list:
dist: 3.869830926501231 vs. 3.869830926501231
list:
dist: 2.1700499945274285 vs. 2.1700499945274285
list:
dist: 1.4974551688169944 vs. 1.4974551688169944
list:
dist: 1.6097681398065673 vs. 1.6097681398065673
list:
dist: 0.9341558174456213 vs. 0.9341558174456213
list:
dist: 1.4775772865726187 vs. 1.4775772865726187
list:
dist: 1.383112089758323 vs. 1.383112089758323
list:
dist: 1.4675114252696384 vs. 1.4675114252696384
list:
dist: 2.0399603731627125 vs. 2.0399603731627125
list:
dist: 2.0470195570119873 vs. 2.0470195570119873
list:
dist: 1.8992196700030053 vs. 1.8992196700030053
list:
dist: 1.8843387814048231 vs. 1.8843387814048231
list:
dist: 1.0602735889673207 vs. 1.0602735889673207
list:
dist: 1.4132450898965931 vs. 1.4132450898965931
list:
dist: 1.1500663571272223 vs. 1.1500663571272223
list:
dist: 2.001202497453259 vs. 2.001202497453259
list:
dist: 1.1350357805422129 vs. 1.1350357805422129
list:
dist: 1.915395954613176 vs. 1.915395954613176
list:
dist: 2.3948977362503836 vs. 2.3948977362503836
list:
dist: 3.855977233167491 vs. 3.855977233167491
list:
dist: 1.935041719736866 vs. 1.935041719736866
list:
dist: 2.334235794094887 vs. 2.334235794094887
list:
dist: 1.8133613025761977 vs. 1.8133613025761977
list:
dist: 1.4675114252696384 vs. 1.4675114252696384
list:
dist: 1.4251534650080913 vs. 1.4251534650080913
list:
dist: 0.6476642793871923 vs. 0.6476642793871923
list:
dist: 0.6337913877712048 vs. 0.6337913877712048
list:
dist: 0.9426661285640784 vs. 0.9426661285640784
list:
dist: 0.9537917573358686 vs. 0.9537917573358686
list:
dist: 2.37180672329357 vs. 2.37180672329357
list:
dist: 3.1248753175211004 vs. 3.1248753175211004
list:
dist: 2.368415202171695 vs. 2.368415202171695
list:
dist: 2.208297519287841 vs. 2.208297519287841
list:
dist: 2.595875517229611 vs. 2.595875517229611
list:
dist: 2.806143838211833 vs. 2.806143838211833
list:
dist: 2.288702421849967 vs. 2.288702421849967
list:
dist: 1.655121864496277 vs. 1.655121864496277
list:
dist: 2.3280060269515546 vs. 2.3280060269515546
list:
dist: 2.5579477254711116 vs. 2.5579477254711116
list:
dist: 2.852644499384874 vs. 2.852644499384874
list:
dist: 3.0735980610487657 vs. 3.0735980610487657
list:
dist: 2.5579477254711116 vs. 2.5579477254711116
list:
dist: 2.4624575090668026 vs. 2.4624575090668026
list:
dist: 2.660207528962257 vs. 2.660207528962257
list:
dist: 2.9408452261043 vs. 2.9408452261043
list:
dist: 1.2387941090582866 vs. 1.2387941090582866
list:
dist: 1.0489846004996246 vs. 1.0489846004996246
list:
dist: 1.8662858992706188 vs. 1.8662858992706188
list:
dist: 2.13196086014673 vs. 2.13196086014673
list:
dist: 3.07672147737983 vs. 3.07672147737983
list:
dist: 3.268594338067544 vs. 3.268594338067544
list:
dist: 2.001202497453259 vs. 2.001202497453259
list:
dist: 2.617351182675429 vs. 2.617351182675429
list:
dist: 2.9676067042594645 vs. 2.9676067042594645
list:
dist: 2.9975455249171366 vs. 2.9975455249171366
list:
dist: 2.806143838211833 vs. 2.806143838211833
list:
dist: 3.026748163277361 vs. 3.026748163277361
list:
dist: 3.1502298576710595 vs. 3.1502298576710595
list:
dist: 2.558130037562116 vs. 2.558130037562116
list:
dist: 1.0897320945893176 vs. 1.0897320945893176
list:
dist: 1.3752707026576005 vs. 1.3752707026576005
list:
dist: 0.7836840116264432 vs. 0.7836840116264432
list:
dist: 1.7845350880936637 vs. 1.7845350880936637
list:
dist: 1.678509819200929 vs. 1.678509819200929
list:
dist: 1.7145357241182144 vs. 1.7145357241182144
list:
dist: 1.4639178831745079 vs. 1.4639178831745079
list:
dist: 1.04305326669382 vs. 1.04305326669382
list:
dist: 0.7514077116726304 vs. 0.7514077116726304
list:
dist: 1.807687240864079 vs. 1.807687240864079
list:
dist: 2.734871853168493 vs. 2.734871853168493
list:
dist: 2.8743776963404004 vs. 2.8743776963404004
list:
dist: 1.4132450898965931 vs. 1.4132450898965931
list:
dist: 1.8756357925595637 vs. 1.8756357925595637
list:
dist: 2.2622847850153036 vs. 2.2622847850153036
list:
dist: 2.4464947722141805 vs. 2.4464947722141805
list:
dist: 2.208297519287841 vs. 2.208297519287841
list:
dist: 2.628584675465281 vs. 2.628584675465281
list:
dist: 2.737863743214373 vs. 2.737863743214373
list:
dist: 2.3864540684214437 vs. 2.3864540684214437
list:
dist: 1.1435015290965977 vs. 1.1435015290965977
list:
dist: 1.1878730914779327 vs. 1.1878730914779327
list:
dist: 1.4231105846507612 vs. 1.4231105846507612
list:
dist: 0.7836840116264432 vs. 0.7836840116264432
list:
dist: 1.0410471650617241 vs. 1.0410471650617241
list:
dist: 1.3174276528452449 vs. 1.3174276528452449
list:
dist: 1.463568173915006 vs. 1.463568173915006
list:
dist: 1.2343432905142562 vs. 1.2343432905142562
list:
dist: 1.1730486392739643 vs. 1.1730486392739643
list:
dist: 1.6230680065616327 vs. 1.6230680065616327
list:
dist: 2.8043914795571703 vs. 2.8043914795571703
list:
dist: 2.0788181641901198 vs. 2.0788181641901198
list:
dist: 1.7678942493810625 vs. 1.7678942493810625
list:
dist: 3.5260345127314032 vs. 3.5260345127314032
list:
dist: 2.8146696148912267 vs. 2.8146696148912267
list:
dist: 2.73256646919393 vs. 2.73256646919393
list:
dist: 2.0897799335537792 vs. 2.0897799335537792
list:
dist: 2.497380551132997 vs. 2.497380551132997
list:
dist: 4.226181796711224 vs. 4.226181796711224
list:
dist: 3.376576760823606 vs. 3.376576760823606
list:
dist: 2.90370332610606 vs. 2.90370332610606
list:
dist: 2.2988906464676018 vs. 2.2988906464676018
list:
dist: 1.81975922004048 vs. 1.81975922004048
list:
dist: 2.6023790445409833 vs. 2.6023790445409833
list:
dist: 1.8992196700030053 vs. 1.8992196700030053
list:
dist: 2.4416744340930223 vs. 2.4416744340930223
list:
dist: 1.7118420115775652 vs. 1.7118420115775652
list:
dist: 1.3844602240933028 vs. 1.3844602240933028
list:
dist: 2.3864540684214437 vs. 2.3864540684214437
list:
dist: 1.0272369542940456 vs. 1.0272369542940456
list:
dist: 2.558130037562116 vs. 2.558130037562116
list:
dist: 1.8428492859686048 vs. 1.8428492859686048
list:
dist: 3.0215099924583613 vs. 3.0215099924583613
list:
dist: 2.2930773027022573 vs. 2.2930773027022573
list:
dist: 2.792378901650087 vs. 2.792378901650087
list:
dist: 1.6230680065616327 vs. 1.6230680065616327
list:
dist: 2.8532152730960916 vs. 2.8532152730960916
list:
dist: 1.807687240864079 vs. 1.807687240864079
list:
dist: 2.1871405002464517 vs. 2.1871405002464517
list:
dist: 1.7119570978071492 vs. 1.7119570978071492
list:
dist: 1.6945200619533836 vs. 1.6945200619533836
list:
dist: 2.13196086014673 vs. 2.13196086014673
list:
dist: 1.1825996844930486 vs. 1.1825996844930486
list:
dist: 1.7611219608039383 vs. 1.7611219608039383
list:
dist: 3.596878760401472 vs. 3.596878760401472
list:
dist: 3.4212436243568987 vs. 3.4212436243568987
list:
dist: 2.3948977362503836 vs. 2.3948977362503836
list:
dist: 2.79618466865926 vs. 2.79618466865926
list:
dist: 2.6197500656367896 vs. 2.6197500656367896
list:
dist: 2.732411739870637 vs. 2.732411739870637
list:
dist: 2.3280060269515546 vs. 2.3280060269515546
list:
dist: 2.3426143586451555 vs. 2.3426143586451555
list:
dist: 2.5245484060360437 vs. 2.5245484060360437
list:
dist: 3.3998222263946576 vs. 3.3998222263946576
list:
dist: 2.4542925672384315 vs. 2.4542925672384315
list:
dist: 2.3501258204757978 vs. 2.3501258204757978
list:
dist: 1.463568173915006 vs. 1.463568173915006
list:
dist: 2.814993927994014 vs. 2.814993927994014
list:
dist: 1.4639178831745079 vs. 1.4639178831745079
list:
dist: 2.433170535965746 vs. 2.433170535965746
list:
dist: 0.7880128366972943 vs. 0.7880128366972943
list:
dist: 1.0489846004996246 vs. 1.0489846004996246
list:
dist: 1.906552516277925 vs. 1.906552516277925
list:
dist: 0.8474416856036227 vs. 0.8474416856036227
list:
dist: 1.6945200619533836 vs. 1.6945200619533836
list:
dist: 1.837655898897412 vs. 1.837655898897412
list:
dist: 1.9115207483420742 vs. 1.9115207483420742
list:
dist: 1.1730486392739643 vs. 1.1730486392739643
list:
dist: 2.4150697553400367 vs. 2.4150697553400367
list:
dist: 0.7514077116726304 vs. 0.7514077116726304
list:
dist: 2.2089134994668695 vs. 2.2089134994668695
list:
dist: 1.388267805210905 vs. 1.388267805210905
list:
dist: 0.8474416856036227 vs. 0.8474416856036227
list:
dist: 1.8662858992706188 vs. 1.8662858992706188
list:
dist: 1.411196827316981 vs. 1.411196827316981
list:
dist: 1.7611219608039383 vs. 1.7611219608039383
list:
dist: 3.0215099924583613 vs. 3.0215099924583613
list:
dist: 1.327575184595562 vs. 1.327575184595562
list:
dist: 2.1183804353390205 vs. 2.1183804353390205
list:
dist: 1.2343432905142562 vs. 1.2343432905142562
list:
dist: 2.199791566914593 vs. 2.199791566914593
list:
dist: 1.04305326669382 vs. 1.04305326669382
list:
dist: 1.8268711582326755 vs. 1.8268711582326755
list:
dist: 2.0969675371927967 vs. 2.0969675371927967
list:
dist: 1.906552516277925 vs. 1.906552516277925
list:
dist: 1.411196827316981 vs. 1.411196827316981
list:
dist: 1.1825996844930486 vs. 1.1825996844930486
list:
dist: 2.0498819005628084 vs. 2.0498819005628084
list:
dist: 2.004326163836332 vs. 2.004326163836332
list:
dist: 2.3377182114058312 vs. 2.3377182114058312
list:
dist: 3.2101662637426527 vs. 3.2101662637426527
list:
dist: 2.411669879747811 vs. 2.411669879747811
list:
dist: 1.4378506769574575 vs. 1.4378506769574575
list:
dist: 1.1853916430069804 vs. 1.1853916430069804
list:
dist: 2.5836268467821277 vs. 2.5836268467821277
list:
dist: 2.629731183048163 vs. 2.629731183048163
list:
dist: 3.4456882842700045 vs. 3.4456882842700045
list:
dist: 2.235349138561791 vs. 2.235349138561791
list:
dist: 1.1966027776556185 vs. 1.1966027776556185
list:
dist: 2.2712608986533307 vs. 2.2712608986533307
list:
dist: 1.3178807896465172 vs. 1.3178807896465172
list:
dist: 1.5640074066104535 vs. 1.5640074066104535
list:
dist: 0.9113204434062246 vs. 0.9113204434062246
list:
dist: 1.7154131602622003 vs. 1.7154131602622003
list:
dist: 1.1982989696083706 vs. 1.1982989696083706
list:
dist: 2.791861292766127 vs. 2.791861292766127
list:
dist: 3.3423748643528652 vs. 3.3423748643528652
list:
dist: 2.924902076244638 vs. 2.924902076244638
list:
dist: 2.082282890592551 vs. 2.082282890592551
list:
dist: 4.7179354801105156 vs. 4.7179354801105156
list:
dist: 3.9536049412605743 vs. 3.9536049412605743
list:
dist: 2.2952067357738115 vs. 2.2952067357738115
list:
dist: 1.4179546824398215 vs. 1.4179546824398215
list:
dist: 1.1631636572750461 vs. 1.1631636572750461
list:
dist: 1.9778846711977924 vs. 1.9778846711977924
list:
dist: 1.3493422714056438 vs. 1.3493422714056438
list:
dist: 2.034009767407229 vs. 2.034009767407229
list:
dist: 1.8668479578129147 vs. 1.8668479578129147
list:
dist: 3.0131855906225535 vs. 3.0131855906225535
list:
dist: 2.150643857861896 vs. 2.150643857861896
list:
dist: 2.0007808364307684 vs. 2.0007808364307684
list:
dist: 1.7987169290858878 vs. 1.7987169290858878
list:
dist: 3.873173754201034 vs. 3.873173754201034
list:
dist: 3.0900151610113578 vs. 3.0900151610113578
list:
dist: 4.13115918735823 vs. 4.13115918735823
list:
dist: 2.3377182114058312 vs. 2.3377182114058312
list:
dist: 3.494101808922374 vs. 3.494101808922374
list:
dist: 3.069379759004799 vs. 3.069379759004799
list:
dist: 2.9486771320125316 vs. 2.9486771320125316
list:
dist: 3.2908145976127128 vs. 3.2908145976127128
list:
dist: 3.273502159944543 vs. 3.273502159944543
list:
dist: 3.456498675111927 vs. 3.456498675111927
list:
dist: 3.2573044847706627 vs. 3.2573044847706627
list:
dist: 3.0361766586436083 vs. 3.0361766586436083
list:
dist: 3.4298717613866625 vs. 3.4298717613866625
list:
dist: 1.2114221323055556 vs. 1.2114221323055556
list:
dist: 2.034009767407229 vs. 2.034009767407229
list:
dist: 1.502096702536928 vs. 1.502096702536928
list:
dist: 2.182531494630166 vs. 2.182531494630166
list:
dist: 1.6748999253688386 vs. 1.6748999253688386
list:
dist: 2.687699198082618 vs. 2.687699198082618
list:
dist: 2.728517557523873 vs. 2.728517557523873
list:
dist: 2.5236321832115927 vs. 2.5236321832115927
list:
dist: 1.8377628946203834 vs. 1.8377628946203834
list:
dist: 2.549587031674454 vs. 2.549587031674454
list:
dist: 2.004326163836332 vs. 2.004326163836332
list:
dist: 2.7473354083663977 vs. 2.7473354083663977
list:
dist: 2.422148628372005 vs. 2.422148628372005
list:
dist: 2.4465538706494976 vs. 2.4465538706494976
list:
dist: 3.48200630792535 vs. 3.48200630792535
list:
dist: 3.088766403779295 vs. 3.088766403779295
list:
dist: 3.9142569123961946 vs. 3.9142569123961946
list:
dist: 2.8286936478351095 vs. 2.8286936478351095
list:
dist: 0.5886672965851704 vs. 0.5886672965851704
list:
dist: 1.0452020303995677 vs. 1.0452020303995677
list:
dist: 2.5025244172707097 vs. 2.5025244172707097
list:
dist: 3.0361766586436083 vs. 3.0361766586436083
list:
dist: 1.1631636572750461 vs. 1.1631636572750461
list:
dist: 2.754598038194811 vs. 2.754598038194811
list:
dist: 3.336455968315465 vs. 3.336455968315465
list:
dist: 2.577974097629622 vs. 2.577974097629622
list:
dist: 2.1490325966543384 vs. 2.1490325966543384
list:
dist: 1.407534136926486 vs. 1.407534136926486
list:
dist: 1.8102423250513684 vs. 1.8102423250513684
list:
dist: 1.9488350839715274 vs. 1.9488350839715274
list:
dist: 3.8646439151406944 vs. 3.8646439151406944
list:
dist: 1.296014405744722 vs. 1.296014405744722
list:
dist: 1.0452020303995677 vs. 1.0452020303995677
list:
dist: 3.2032201118651837 vs. 3.2032201118651837
list:
dist: 3.4298717613866625 vs. 3.4298717613866625
list:
dist: 1.9778846711977924 vs. 1.9778846711977924
list:
dist: 3.3324604938354585 vs. 3.3324604938354585
list:
dist: 3.0215180854660693 vs. 3.0215180854660693
list:
dist: 2.4565441643003543 vs. 2.4565441643003543
list:
dist: 2.1995982244243777 vs. 2.1995982244243777
list:
dist: 0.9048181794229957 vs. 0.9048181794229957
list:
dist: 1.2659456206403072 vs. 1.2659456206403072
list:
dist: 1.1336717825645246 vs. 1.1336717825645246
list:
dist: 2.5974818714857495 vs. 2.5974818714857495
list:
dist: 4.046663714629244 vs. 4.046663714629244
list:
dist: 3.0491065810751166 vs. 3.0491065810751166
list:
dist: 3.727165002177396 vs. 3.727165002177396
list:
dist: 2.791861292766127 vs. 2.791861292766127
list:
dist: 2.8463524777881966 vs. 2.8463524777881966
list:
dist: 2.8579216093263566 vs. 2.8579216093263566
list:
dist: 2.3663826116186772 vs. 2.3663826116186772
list:
dist: 1.4401372819590161 vs. 1.4401372819590161
list:
dist: 1.6525241229053957 vs. 1.6525241229053957
list:
dist: 2.717581188652714 vs. 2.717581188652714
list:
dist: 1.6463438132527088 vs. 1.6463438132527088
list:
dist: 1.6811576906823997 vs. 1.6811576906823997
list:
dist: 2.1019571123951653 vs. 2.1019571123951653
list:
dist: 1.3843590756259638 vs. 1.3843590756259638
list:
dist: 2.4750488055486786 vs. 2.4750488055486786
list:
dist: 2.694080329883439 vs. 2.694080329883439
list:
dist: 2.754598038194811 vs. 2.754598038194811
list:
dist: 3.3324604938354585 vs. 3.3324604938354585
list:
dist: 1.6198567476699814 vs. 1.6198567476699814
list:
dist: 1.502096702536928 vs. 1.502096702536928
list:
dist: 1.8668479578129147 vs. 1.8668479578129147
list:
dist: 2.945734381448781 vs. 2.945734381448781
list:
dist: 2.595727310331737 vs. 2.595727310331737
list:
dist: 3.463576660354118 vs. 3.463576660354118
list:
dist: 2.7896004210028087 vs. 2.7896004210028087
list:
dist: 3.824372832724344 vs. 3.824372832724344
list:
dist: 3.2999331491402275 vs. 3.2999331491402275
list:
dist: 4.013030825756664 vs. 4.013030825756664
list:
dist: 3.2101662637426527 vs. 3.2101662637426527
list:
dist: 4.1379672631298385 vs. 4.1379672631298385
list:
dist: 3.548041868927508 vs. 3.548041868927508
list:
dist: 3.6884978420902717 vs. 3.6884978420902717
list:
dist: 4.488170392261884 vs. 4.488170392261884
list:
dist: 4.286271707619552 vs. 4.286271707619552
list:
dist: 2.300236054126692 vs. 2.300236054126692
list:
dist: 1.8102423250513684 vs. 1.8102423250513684
list:
dist: 1.2659456206403072 vs. 1.2659456206403072
list:
dist: 1.5360590308352593 vs. 1.5360590308352593
list:
dist: 1.635129981977334 vs. 1.635129981977334
list:
dist: 0.8731713221805147 vs. 0.8731713221805147
list:
dist: 2.629731183048163 vs. 2.629731183048163
list:
dist: 3.772659827824756 vs. 3.772659827824756
list:
dist: 2.783444211810173 vs. 2.783444211810173
list:
dist: 2.671848812431903 vs. 2.671848812431903
list:
dist: 1.969795785168351 vs. 1.969795785168351
list:
dist: 2.562819377705245 vs. 2.562819377705245
list:
dist: 3.0491065810751166 vs. 3.0491065810751166
list:
dist: 3.640875628812501 vs. 3.640875628812501
list:
dist: 2.625962014599467 vs. 2.625962014599467
list:
dist: 0.5886672965851704 vs. 0.5886672965851704
list:
dist: 1.296014405744722 vs. 1.296014405744722
list:
dist: 2.7469741061411854 vs. 2.7469741061411854
list:
dist: 3.2573044847706627 vs. 3.2573044847706627
list:
dist: 1.4179546824398215 vs. 1.4179546824398215
list:
dist: 2.694080329883439 vs. 2.694080329883439
list:
dist: 3.5850469166460006 vs. 3.5850469166460006
list:
dist: 2.9431937994427866 vs. 2.9431937994427866
list:
dist: 2.723353990854964 vs. 2.723353990854964
list:
dist: 1.6612680451975583 vs. 1.6612680451975583
list:
dist: 2.300236054126692 vs. 2.300236054126692
list:
dist: 2.2647573812476 vs. 2.2647573812476
list:
dist: 2.8336825591048243 vs. 2.8336825591048243
list:
dist: 2.7473354083663977 vs. 2.7473354083663977
list:
dist: 3.494101808922374 vs. 3.494101808922374
list:
dist: 4.1379672631298385 vs. 4.1379672631298385
list:
dist: 3.330492067868192 vs. 3.330492067868192
list:
dist: 2.577486839255446 vs. 2.577486839255446
list:
dist: 2.2954228061165307 vs. 2.2954228061165307
list:
dist: 3.8944547341602287 vs. 3.8944547341602287
list:
dist: 3.772659827824756 vs. 3.772659827824756
list:
dist: 4.626868739044225 vs. 4.626868739044225
list:
dist: 2.46887916702934 vs. 2.46887916702934
list:
dist: 1.3862105941226757 vs. 1.3862105941226757
list:
dist: 1.942131140427568 vs. 1.942131140427568
list:
dist: 1.3178807896465172 vs. 1.3178807896465172
list:
dist: 2.349322011217376 vs. 2.349322011217376
list:
dist: 1.6066185518231662 vs. 1.6066185518231662
list:
dist: 2.384343508665132 vs. 2.384343508665132
list:
dist: 1.5893641787388648 vs. 1.5893641787388648
list:
dist: 2.8463524777881966 vs. 2.8463524777881966
list:
dist: 2.7275997400833285 vs. 2.7275997400833285
list:
dist: 2.8342048698434055 vs. 2.8342048698434055
list:
dist: 1.903194535086057 vs. 1.903194535086057
list:
dist: 4.55826120088871 vs. 4.55826120088871
list:
dist: 3.679061259448518 vs. 3.679061259448518
list:
dist: 2.2647573812476 vs. 2.2647573812476
list:
dist: 1.9488350839715274 vs. 1.9488350839715274
list:
dist: 1.1336717825645246 vs. 1.1336717825645246
list:
dist: 2.386949686541843 vs. 2.386949686541843
list:
dist: 1.7983672136083584 vs. 1.7983672136083584
list:
dist: 0.8731713221805147 vs. 0.8731713221805147
list:
dist: 3.4456882842700045 vs. 3.4456882842700045
list:
dist: 4.626868739044225 vs. 4.626868739044225
list:
dist: 3.4029112273350828 vs. 3.4029112273350828
list:
dist: 3.4357285685912267 vs. 3.4357285685912267
list:
dist: 2.7231975979108816 vs. 2.7231975979108816
list:
dist: 3.3761412459391633 vs. 3.3761412459391633
list:
dist: 3.727165002177396 vs. 3.727165002177396
list:
dist: 3.0502880787929043 vs. 3.0502880787929043
list:
dist: 2.422148628372005 vs. 2.422148628372005
list:
dist: 3.069379759004799 vs. 3.069379759004799
list:
dist: 3.548041868927508 vs. 3.548041868927508
list:
dist: 1.2609940257185626 vs. 1.2609940257185626
list:
dist: 1.006397480079224 vs. 1.006397480079224
list:
dist: 2.0463881577284093 vs. 2.0463881577284093
list:
dist: 2.3597561412304007 vs. 2.3597561412304007
list:
dist: 2.783444211810173 vs. 2.783444211810173
list:
dist: 3.4029112273350828 vs. 3.4029112273350828
list:
dist: 1.257453607408921 vs. 1.257453607408921
list:
dist: 1.391839125983985 vs. 1.391839125983985
list:
dist: 2.0546943337573005 vs. 2.0546943337573005
list:
dist: 1.5640074066104535 vs. 1.5640074066104535
list:
dist: 2.349322011217376 vs. 2.349322011217376
list:
dist: 0.8450222508561245 vs. 0.8450222508561245
list:
dist: 1.6684708267242914 vs. 1.6684708267242914
list:
dist: 1.498688750831283 vs. 1.498688750831283
list:
dist: 2.8579216093263566 vs. 2.8579216093263566
list:
dist: 2.9179959569823675 vs. 2.9179959569823675
list:
dist: 2.2973572115664225 vs. 2.2973572115664225
list:
dist: 1.7988588607341194 vs. 1.7988588607341194
list:
dist: 4.33566159087716 vs. 4.33566159087716
list:
dist: 3.8207761170008876 vs. 3.8207761170008876
list:
dist: 2.536228822897277 vs. 2.536228822897277
list:
dist: 2.7469741061411854 vs. 2.7469741061411854
list:
dist: 2.5025244172707097 vs. 2.5025244172707097
list:
dist: 3.2032201118651837 vs. 3.2032201118651837
list:
dist: 1.2114221323055556 vs. 1.2114221323055556
list:
dist: 1.3493422714056438 vs. 1.3493422714056438
list:
dist: 1.6198567476699814 vs. 1.6198567476699814
list:
dist: 3.0727416867776225 vs. 3.0727416867776225
list:
dist: 2.2349591612470237 vs. 2.2349591612470237
list:
dist: 2.3911765886249903 vs. 2.3911765886249903
list:
dist: 2.7818283539589608 vs. 2.7818283539589608
list:
dist: 3.4589059409383855 vs. 3.4589059409383855
list:
dist: 2.473398164619129 vs. 2.473398164619129
list:
dist: 3.3777589847590423 vs. 3.3777589847590423
list:
dist: 2.0498819005628084 vs. 2.0498819005628084
list:
dist: 2.8336825591048243 vs. 2.8336825591048243
list:
dist: 3.0502880787929043 vs. 3.0502880787929043
list:
dist: 2.811478394119254 vs. 2.811478394119254
list:
dist: 3.568288400955931 vs. 3.568288400955931
list:
dist: 3.231407667679799 vs. 3.231407667679799
list:
dist: 3.4589059409383855 vs. 3.4589059409383855
list:
dist: 2.5236321832115927 vs. 2.5236321832115927
list:
dist: 3.873173754201034 vs. 3.873173754201034
list:
dist: 3.824372832724344 vs. 3.824372832724344
list:
dist: 1.6089899502131901 vs. 1.6089899502131901
list:
dist: 1.8470075309393907 vs. 1.8470075309393907
list:
dist: 3.1114919213390166 vs. 3.1114919213390166
list:
dist: 3.4173583406251087 vs. 3.4173583406251087
list:
dist: 1.2702938960324672 vs. 1.2702938960324672
list:
dist: 1.1266454000053945 vs. 1.1266454000053945
list:
dist: 2.235349138561791 vs. 2.235349138561791
list:
dist: 2.46887916702934 vs. 2.46887916702934
list:
dist: 1.257453607408921 vs. 1.257453607408921
list:
dist: 1.6550299062244989 vs. 1.6550299062244989
list:
dist: 2.7373399889248193 vs. 2.7373399889248193
list:
dist: 2.3037503165920628 vs. 2.3037503165920628
list:
dist: 2.589167190430718 vs. 2.589167190430718
list:
dist: 2.5932731035741523 vs. 2.5932731035741523
list:
dist: 2.0982552626216804 vs. 2.0982552626216804
list:
dist: 2.5932731035741523 vs. 2.5932731035741523
list:
dist: 2.83065004510593 vs. 2.83065004510593
list:
dist: 2.9515913394977393 vs. 2.9515913394977393
list:
dist: 2.924902076244638 vs. 2.924902076244638
list:
dist: 2.8342048698434055 vs. 2.8342048698434055
list:
dist: 2.2973572115664225 vs. 2.2973572115664225
list:
dist: 2.1368771035073473 vs. 2.1368771035073473
list:
dist: 1.9384808971648761 vs. 1.9384808971648761
list:
dist: 1.8446875922088628 vs. 1.8446875922088628
list:
dist: 1.6463438132527088 vs. 1.6463438132527088
list:
dist: 1.4312463788147076 vs. 1.4312463788147076
list:
dist: 0.9385575945774556 vs. 0.9385575945774556
list:
dist: 2.2128034311278504 vs. 2.2128034311278504
list:
dist: 1.7802892567195654 vs. 1.7802892567195654
list:
dist: 1.850455461706957 vs. 1.850455461706957
list:
dist: 4.149915119635932 vs. 4.149915119635932
list:
dist: 2.723353990854964 vs. 2.723353990854964
list:
dist: 2.1490325966543384 vs. 2.1490325966543384
list:
dist: 2.1995982244243777 vs. 2.1995982244243777
list:
dist: 2.3911765886249903 vs. 2.3911765886249903
list:
dist: 2.687699198082618 vs. 2.687699198082618
list:
dist: 2.0007808364307684 vs. 2.0007808364307684
list:
dist: 3.463576660354118 vs. 3.463576660354118
list:
dist: 2.7992322746763634 vs. 2.7992322746763634
list:
dist: 1.7710387617111505 vs. 1.7710387617111505
list:
dist: 2.026119430418618 vs. 2.026119430418618
list:
dist: 1.5360590308352593 vs. 1.5360590308352593
list:
dist: 2.386949686541843 vs. 2.386949686541843
list:
dist: 3.1114919213390166 vs. 3.1114919213390166
list:
dist: 2.3190213804891915 vs. 2.3190213804891915
list:
dist: 3.3897826797271517 vs. 3.3897826797271517
list:
dist: 1.1853916430069804 vs. 1.1853916430069804
list:
dist: 2.2954228061165307 vs. 2.2954228061165307
list:
dist: 2.0463881577284093 vs. 2.0463881577284093
list:
dist: 1.5661813081839038 vs. 1.5661813081839038
list:
dist: 1.413402813766961 vs. 1.413402813766961
list:
dist: 1.485340402670979 vs. 1.485340402670979
list:
dist: 2.5974818714857495 vs. 2.5974818714857495
list:
dist: 2.9431937994427866 vs. 2.9431937994427866
list:
dist: 2.577974097629622 vs. 2.577974097629622
list:
dist: 2.4565441643003543 vs. 2.4565441643003543
list:
dist: 2.2349591612470237 vs. 2.2349591612470237
list:
dist: 1.6748999253688386 vs. 1.6748999253688386
list:
dist: 2.150643857861896 vs. 2.150643857861896
list:
dist: 2.595727310331737 vs. 2.595727310331737
list:
dist: 1.0903447507163813 vs. 1.0903447507163813
list:
dist: 1.7710387617111505 vs. 1.7710387617111505
list:
dist: 1.6596093246961756 vs. 1.6596093246961756
list:
dist: 1.8470075309393907 vs. 1.8470075309393907
list:
dist: 1.5687185685987681 vs. 1.5687185685987681
list:
dist: 2.47105519587801 vs. 2.47105519587801
list:
dist: 1.4378506769574575 vs. 1.4378506769574575
list:
dist: 2.577486839255446 vs. 2.577486839255446
list:
dist: 1.006397480079224 vs. 1.006397480079224
list:
dist: 1.328892925142531 vs. 1.328892925142531
list:
dist: 2.1087701300040544 vs. 2.1087701300040544
list:
dist: 1.9923364736456328 vs. 1.9923364736456328
list:
dist: 3.3777589847590423 vs. 3.3777589847590423
list:
dist: 2.549587031674454 vs. 2.549587031674454
list:
dist: 4.13115918735823 vs. 4.13115918735823
list:
dist: 4.013030825756664 vs. 4.013030825756664
list:
dist: 2.5543813442080556 vs. 2.5543813442080556
list:
dist: 2.47105519587801 vs. 2.47105519587801
list:
dist: 3.3897826797271517 vs. 3.3897826797271517
list:
dist: 4.1285160118624855 vs. 4.1285160118624855
list:
dist: 1.1266454000053945 vs. 1.1266454000053945
list:
dist: 1.1073051957043947 vs. 1.1073051957043947
list:
dist: 2.2712608986533307 vs. 2.2712608986533307
list:
dist: 1.942131140427568 vs. 1.942131140427568
list:
dist: 2.0546943337573005 vs. 2.0546943337573005
list:
dist: 1.9991997991911088 vs. 1.9991997991911088
list:
dist: 3.187761404861052 vs. 3.187761404861052
list:
dist: 2.5161960478605363 vs. 2.5161960478605363
list:
dist: 2.4731793672391182 vs. 2.4731793672391182
list:
dist: 2.9515913394977393 vs. 2.9515913394977393
list:
dist: 2.2599679029968334 vs. 2.2599679029968334
list:
dist: 2.1353990274886083 vs. 2.1353990274886083
list:
dist: 2.681072720458542 vs. 2.681072720458542
list:
dist: 1.4027253386297758 vs. 1.4027253386297758
list:
dist: 1.0166967222144712 vs. 1.0166967222144712
list:
dist: 2.109651041192362 vs. 2.109651041192362
list:
dist: 1.1749370689457332 vs. 1.1749370689457332
list:
dist: 1.2770865522233785 vs. 1.2770865522233785
list:
dist: 0.49421045714411704 vs. 0.49421045714411704
list:
dist: 1.2762443011401203 vs. 1.2762443011401203
list:
dist: 1.111328808919024 vs. 1.111328808919024
list:
dist: 0.6579984790505408 vs. 0.6579984790505408
list:
dist: 1.8633288611134475 vs. 1.8633288611134475
list:
dist: 1.853366466407319 vs. 1.853366466407319
list:
dist: 0.8463606359485457 vs. 0.8463606359485457
list:
dist: 1.7904500665489664 vs. 1.7904500665489664
list:
dist: 2.6680730106086807 vs. 2.6680730106086807
list:
dist: 3.4966708486552305 vs. 3.4966708486552305
list:
dist: 2.7549029352063146 vs. 2.7549029352063146
list:
dist: 3.013058574222286 vs. 3.013058574222286
list:
dist: 2.373702586689856 vs. 2.373702586689856
list:
dist: 1.893393170780497 vs. 1.893393170780497
list:
dist: 1.926010893577213 vs. 1.926010893577213
list:
dist: 2.767273416828081 vs. 2.767273416828081
list:
dist: 3.133224518545487 vs. 3.133224518545487
list:
dist: 2.850501377040573 vs. 2.850501377040573
list:
dist: 3.741241588275784 vs. 3.741241588275784
list:
dist: 2.0982552626216804 vs. 2.0982552626216804
list:
dist: 1.9985861014342823 vs. 1.9985861014342823
list:
dist: 2.2599679029968334 vs. 2.2599679029968334
list:
dist: 2.082282890592551 vs. 2.082282890592551
list:
dist: 1.903194535086057 vs. 1.903194535086057
list:
dist: 1.7988588607341194 vs. 1.7988588607341194
list:
dist: 1.3887110317590246 vs. 1.3887110317590246
list:
dist: 1.5745388775960956 vs. 1.5745388775960956
list:
dist: 1.119054381185365 vs. 1.119054381185365
list:
dist: 1.6811576906823997 vs. 1.6811576906823997
list:
dist: 1.4723120013704754 vs. 1.4723120013704754
list:
dist: 0.9385575945774556 vs. 0.9385575945774556
list:
dist: 2.938820458129259 vs. 2.938820458129259
list:
dist: 2.258903666351828 vs. 2.258903666351828
list:
dist: 1.9140579372794186 vs. 1.9140579372794186
list:
dist: 2.473398164619129 vs. 2.473398164619129
list:
dist: 1.8377628946203834 vs. 1.8377628946203834
list:
dist: 3.0900151610113578 vs. 3.0900151610113578
list:
dist: 3.2999331491402275 vs. 3.2999331491402275
list:
dist: 2.0677837470638165 vs. 2.0677837470638165
list:
dist: 1.5687185685987681 vs. 1.5687185685987681
list:
dist: 2.3190213804891915 vs. 2.3190213804891915
list:
dist: 3.1765268470503596 vs. 3.1765268470503596
list:
dist: 1.2702938960324672 vs. 1.2702938960324672
list:
dist: 1.1073051957043947 vs. 1.1073051957043947
list:
dist: 1.1966027776556185 vs. 1.1966027776556185
list:
dist: 1.3862105941226757 vs. 1.3862105941226757
list:
dist: 1.391839125983985 vs. 1.391839125983985
list:
dist: 1.1305617066525964 vs. 1.1305617066525964
list:
dist: 2.388344936776675 vs. 2.388344936776675
list:
dist: 1.743436861817295 vs. 1.743436861817295
list:
dist: 2.8417664811022565 vs. 2.8417664811022565
list:
dist: 2.83065004510593 vs. 2.83065004510593
list:
dist: 1.9985861014342823 vs. 1.9985861014342823
list:
dist: 3.568288400955931 vs. 3.568288400955931
list:
dist: 3.48200630792535 vs. 3.48200630792535
list:
dist: 3.2908145976127128 vs. 3.2908145976127128
list:
dist: 4.488170392261884 vs. 4.488170392261884
list:
dist: 2.7758400916560015 vs. 2.7758400916560015
list:
dist: 2.1087701300040544 vs. 2.1087701300040544
list:
dist: 1.413402813766961 vs. 1.413402813766961
list:
dist: 2.6465611114683325 vs. 2.6465611114683325
list:
dist: 1.969795785168351 vs. 1.969795785168351
list:
dist: 2.7231975979108816 vs. 2.7231975979108816
list:
dist: 2.7373399889248193 vs. 2.7373399889248193
list:
dist: 2.388344936776675 vs. 2.388344936776675
list:
dist: 3.187761404861052 vs. 3.187761404861052
list:
dist: 1.7154131602622003 vs. 1.7154131602622003
list:
dist: 2.384343508665132 vs. 2.384343508665132
list:
dist: 1.6684708267242914 vs. 1.6684708267242914
list:
dist: 1.2683567372042945 vs. 1.2683567372042945
list:
dist: 0.8160371907582701 vs. 0.8160371907582701
list:
dist: 1.4401372819590161 vs. 1.4401372819590161
list:
dist: 3.0255636530233003 vs. 3.0255636530233003
list:
dist: 1.9384808971648761 vs. 1.9384808971648761
list:
dist: 1.5745388775960956 vs. 1.5745388775960956
list:
dist: 3.310074580477389 vs. 3.310074580477389
list:
dist: 2.717696986262006 vs. 2.717696986262006
list:
dist: 4.7179354801105156 vs. 4.7179354801105156
list:
dist: 4.55826120088871 vs. 4.55826120088871
list:
dist: 4.33566159087716 vs. 4.33566159087716
list:
dist: 4.085728577339238 vs. 4.085728577339238
list:
dist: 3.310074580477389 vs. 3.310074580477389
list:
dist: 3.522299543587482 vs. 3.522299543587482
list:
dist: 2.1019571123951653 vs. 2.1019571123951653
list:
dist: 3.0209838487904728 vs. 3.0209838487904728
list:
dist: 2.2128034311278504 vs. 2.2128034311278504
list:
dist: 2.938820458129259 vs. 2.938820458129259
list:
dist: 0.9762090745972197 vs. 0.9762090745972197
list:
dist: 2.791564249441722 vs. 2.791564249441722
list:
dist: 2.811478394119254 vs. 2.811478394119254
list:
dist: 2.4465538706494976 vs. 2.4465538706494976
list:
dist: 2.9486771320125316 vs. 2.9486771320125316
list:
dist: 3.6884978420902717 vs. 3.6884978420902717
list:
dist: 2.0113552339018317 vs. 2.0113552339018317
list:
dist: 1.328892925142531 vs. 1.328892925142531
list:
dist: 1.5661813081839038 vs. 1.5661813081839038
list:
dist: 2.6244172446630283 vs. 2.6244172446630283
list:
dist: 2.671848812431903 vs. 2.671848812431903
list:
dist: 3.4357285685912267 vs. 3.4357285685912267
list:
dist: 1.6550299062244989 vs. 1.6550299062244989
list:
dist: 1.1305617066525964 vs. 1.1305617066525964
list:
dist: 1.9991997991911088 vs. 1.9991997991911088
list:
dist: 0.9113204434062246 vs. 0.9113204434062246
list:
dist: 1.6066185518231662 vs. 1.6066185518231662
list:
dist: 0.8450222508561245 vs. 0.8450222508561245
list:
dist: 1.2683567372042945 vs. 1.2683567372042945
list:
dist: 0.7735728114437608 vs. 0.7735728114437608
list:
dist: 2.3663826116186772 vs. 2.3663826116186772
list:
dist: 2.6935056174293748 vs. 2.6935056174293748
list:
dist: 2.1368771035073473 vs. 2.1368771035073473
list:
dist: 1.3887110317590246 vs. 1.3887110317590246
list:
dist: 4.085728577339238 vs. 4.085728577339238
list:
dist: 3.4190947244816137 vs. 3.4190947244816137
list:
dist: 1.6612680451975583 vs. 1.6612680451975583
list:
dist: 1.407534136926486 vs. 1.407534136926486
list:
dist: 0.9048181794229957 vs. 0.9048181794229957
list:
dist: 2.7818283539589608 vs. 2.7818283539589608
list:
dist: 2.728517557523873 vs. 2.728517557523873
list:
dist: 1.7987169290858878 vs. 1.7987169290858878
list:
dist: 2.7896004210028087 vs. 2.7896004210028087
list:
dist: 2.1343768247909156 vs. 2.1343768247909156
list:
dist: 1.6596093246961756 vs. 1.6596093246961756
list:
dist: 2.026119430418618 vs. 2.026119430418618
list:
dist: 1.635129981977334 vs. 1.635129981977334
list:
dist: 1.7983672136083584 vs. 1.7983672136083584
list:
dist: 3.4173583406251087 vs. 3.4173583406251087
list:
dist: 3.1765268470503596 vs. 3.1765268470503596
list:
dist: 4.1285160118624855 vs. 4.1285160118624855
list:
dist: 2.5836268467821277 vs. 2.5836268467821277
list:
dist: 3.8944547341602287 vs. 3.8944547341602287
list:
dist: 2.3597561412304007 vs. 2.3597561412304007
list:
dist: 2.6244172446630283 vs. 2.6244172446630283
list:
dist: 2.6465611114683325 vs. 2.6465611114683325
list:
dist: 2.9736895222199022 vs. 2.9736895222199022
list:
dist: 4.046663714629244 vs. 4.046663714629244
list:
dist: 3.5850469166460006 vs. 3.5850469166460006
list:
dist: 3.336455968315465 vs. 3.336455968315465
list:
dist: 3.0215180854660693 vs. 3.0215180854660693
list:
dist: 3.0727416867776225 vs. 3.0727416867776225
list:
dist: 2.182531494630166 vs. 2.182531494630166
list:
dist: 3.0131855906225535 vs. 3.0131855906225535
list:
dist: 2.945734381448781 vs. 2.945734381448781
list:
dist: 1.0903447507163813 vs. 1.0903447507163813
list:
dist: 2.7992322746763634 vs. 2.7992322746763634
list:
dist: 2.1343768247909156 vs. 2.1343768247909156
list:
dist: 1.6089899502131901 vs. 1.6089899502131901
list:
dist: 2.0677837470638165 vs. 2.0677837470638165
list:
dist: 2.5543813442080556 vs. 2.5543813442080556
list:
dist: 2.411669879747811 vs. 2.411669879747811
list:
dist: 3.330492067868192 vs. 3.330492067868192
list:
dist: 1.2609940257185626 vs. 1.2609940257185626
list:
dist: 2.0113552339018317 vs. 2.0113552339018317
list:
dist: 2.7758400916560015 vs. 2.7758400916560015
list:
dist: 2.716277278938124 vs. 2.716277278938124
list:
dist: 2.589167190430718 vs. 2.589167190430718
list:
dist: 2.8417664811022565 vs. 2.8417664811022565
list:
dist: 2.4731793672391182 vs. 2.4731793672391182
list:
dist: 3.3423748643528652 vs. 3.3423748643528652
list:
dist: 2.7275997400833285 vs. 2.7275997400833285
list:
dist: 2.9179959569823675 vs. 2.9179959569823675
list:
dist: 2.6935056174293748 vs. 2.6935056174293748
list:
dist: 3.0255636530233003 vs. 3.0255636530233003
list:
dist: 2.5654741903797498 vs. 2.5654741903797498
list:
dist: 2.717581188652714 vs. 2.717581188652714
list:
dist: 1.4312463788147076 vs. 1.4312463788147076
list:
dist: 1.4723120013704754 vs. 1.4723120013704754
list:
dist: 3.0209838487904728 vs. 3.0209838487904728
list:
dist: 2.506745202415467 vs. 2.506745202415467
list:
dist: 0.8868703650450838 vs. 0.8868703650450838
list:
dist: 3.231407667679799 vs. 3.231407667679799
list:
dist: 3.088766403779295 vs. 3.088766403779295
list:
dist: 3.273502159944543 vs. 3.273502159944543
list:
dist: 4.286271707619552 vs. 4.286271707619552
list:
dist: 2.716277278938124 vs. 2.716277278938124
list:
dist: 1.9923364736456328 vs. 1.9923364736456328
list:
dist: 1.485340402670979 vs. 1.485340402670979
list:
dist: 2.9736895222199022 vs. 2.9736895222199022
list:
dist: 2.562819377705245 vs. 2.562819377705245
list:
dist: 3.3761412459391633 vs. 3.3761412459391633
list:
dist: 2.3037503165920628 vs. 2.3037503165920628
list:
dist: 1.743436861817295 vs. 1.743436861817295
list:
dist: 2.5161960478605363 vs. 2.5161960478605363
list:
dist: 1.1982989696083706 vs. 1.1982989696083706
list:
dist: 1.5893641787388648 vs. 1.5893641787388648
list:
dist: 1.498688750831283 vs. 1.498688750831283
list:
dist: 0.7735728114437608 vs. 0.7735728114437608
list:
dist: 0.8160371907582701 vs. 0.8160371907582701
list:
dist: 1.6525241229053957 vs. 1.6525241229053957
list:
dist: 2.5654741903797498 vs. 2.5654741903797498
list:
dist: 1.8446875922088628 vs. 1.8446875922088628
list:
dist: 1.119054381185365 vs. 1.119054381185365
list:
dist: 3.522299543587482 vs. 3.522299543587482
list:
dist: 2.788046373121971 vs. 2.788046373121971
list:
dist: 2.618701761115262 vs. 2.618701761115262
list:
dist: 2.0025557227009068 vs. 2.0025557227009068
list:
dist: 0.7353971655172341 vs. 0.7353971655172341
list:
dist: 2.0700670317031555 vs. 2.0700670317031555
list:
dist: 1.5183337666693386 vs. 1.5183337666693386
list:
dist: 1.7156015893693806 vs. 1.7156015893693806
list:
dist: 2.0897799335537792 vs. 2.0897799335537792
list:
dist: 2.000039404904498 vs. 2.000039404904498
list:
dist: 3.083373743615999 vs. 3.083373743615999
list:
dist: 2.7302171058714895 vs. 2.7302171058714895
list:
dist: 1.8674714937040207 vs. 1.8674714937040207
list:
dist: 1.949458674901828 vs. 1.949458674901828
list:
dist: 2.271324664277675 vs. 2.271324664277675
list:
dist: 2.678672519420803 vs. 2.678672519420803
list:
dist: 2.4051848188690528 vs. 2.4051848188690528
list:
dist: 2.228615692063742 vs. 2.228615692063742
list:
dist: 3.248429190665885 vs. 3.248429190665885
list:
dist: 1.2298200113775868 vs. 1.2298200113775868
list:
dist: 0.8079601012321797 vs. 0.8079601012321797
list:
dist: 1.1817460769809511 vs. 1.1817460769809511
list:
dist: 1.2770865522233785 vs. 1.2770865522233785
list:
dist: 1.8281380365369682 vs. 1.8281380365369682
list:
dist: 1.7618338619628555 vs. 1.7618338619628555
list:
dist: 1.454470428218024 vs. 1.454470428218024
list:
dist: 1.3364909517993413 vs. 1.3364909517993413
list:
dist: 1.663679005194222 vs. 1.663679005194222
list:
dist: 0.576337697334316 vs. 0.576337697334316
list:
dist: 1.4167376344452074 vs. 1.4167376344452074
list:
dist: 2.2814336030240203 vs. 2.2814336030240203
list:
dist: 2.0074099541278474 vs. 2.0074099541278474
list:
dist: 1.982055935993308 vs. 1.982055935993308
list:
dist: 1.3239561528467028 vs. 1.3239561528467028
list:
dist: 1.2962410130586979 vs. 1.2962410130586979
list:
dist: 1.699104728838885 vs. 1.699104728838885
list:
dist: 1.6242103092055211 vs. 1.6242103092055211
list:
dist: 2.597720435605066 vs. 2.597720435605066
list:
dist: 2.023874081664434 vs. 2.023874081664434
list:
dist: 2.7006162321229374 vs. 2.7006162321229374
list:
dist: 2.523980082780469 vs. 2.523980082780469
list:
dist: 1.6242103092055211 vs. 1.6242103092055211
list:
dist: 2.313498138066186 vs. 2.313498138066186
list:
dist: 2.633468248560109 vs. 2.633468248560109
list:
dist: 2.767273416828081 vs. 2.767273416828081
list:
dist: 3.318876908383554 vs. 3.318876908383554
list:
dist: 3.068277576459381 vs. 3.068277576459381
list:
dist: 1.5828294471149353 vs. 1.5828294471149353
list:
dist: 1.8580439063941712 vs. 1.8580439063941712
list:
dist: 3.1013540694160686 vs. 3.1013540694160686
list:
dist: 1.109164790975701 vs. 1.109164790975701
list:
dist: 0.6196434245715001 vs. 0.6196434245715001
list:
dist: 1.3880214802036286 vs. 1.3880214802036286
list:
dist: 1.4757420650313293 vs. 1.4757420650313293
list:
dist: 0.9257461847862847 vs. 0.9257461847862847
list:
dist: 1.243125772474727 vs. 1.243125772474727
list:
dist: 2.497380551132997 vs. 2.497380551132997
list:
dist: 2.000039404904498 vs. 2.000039404904498
list:
dist: 1.430534681981488 vs. 1.430534681981488
list:
dist: 1.8203067098726722 vs. 1.8203067098726722
list:
dist: 1.806448254499114 vs. 1.806448254499114
list:
dist: 0.9472121660296609 vs. 0.9472121660296609
list:
dist: 1.1646525460467214 vs. 1.1646525460467214
list:
dist: 2.5698862521591455 vs. 2.5698862521591455
list:
dist: 1.2520563558798201 vs. 1.2520563558798201
list:
dist: 1.7590395029755002 vs. 1.7590395029755002
list:
dist: 2.6514184280468402 vs. 2.6514184280468402
list:
dist: 2.473816038660228 vs. 2.473816038660228
list:
dist: 2.713275636144619 vs. 2.713275636144619
list:
dist: 2.271324664277675 vs. 2.271324664277675
list:
dist: 2.197198367540732 vs. 2.197198367540732
list:
dist: 1.1046523424678205 vs. 1.1046523424678205
list:
dist: 2.1353990274886083 vs. 2.1353990274886083
list:
dist: 1.2530805276870052 vs. 1.2530805276870052
list:
dist: 2.4425448607356963 vs. 2.4425448607356963
list:
dist: 3.1917638122962217 vs. 3.1917638122962217
list:
dist: 2.331745759455545 vs. 2.331745759455545
list:
dist: 1.6268520763050893 vs. 1.6268520763050893
list:
dist: 2.7633721047298323 vs. 2.7633721047298323
list:
dist: 3.3379934528632687 vs. 3.3379934528632687
list:
dist: 3.522201376026116 vs. 3.522201376026116
list:
dist: 3.3927059068883887 vs. 3.3927059068883887
list:
dist: 3.571030781026149 vs. 3.571030781026149
list:
dist: 2.6236861487213785 vs. 2.6236861487213785
list:
dist: 0.8868703650450838 vs. 0.8868703650450838
list:
dist: 1.850455461706957 vs. 1.850455461706957
list:
dist: 1.9140579372794186 vs. 1.9140579372794186
list:
dist: 2.791564249441722 vs. 2.791564249441722
list:
dist: 2.1985376704732538 vs. 2.1985376704732538
list:
dist: 3.9536049412605743 vs. 3.9536049412605743
list:
dist: 3.679061259448518 vs. 3.679061259448518
list:
dist: 3.8207761170008876 vs. 3.8207761170008876
list:
dist: 3.4190947244816137 vs. 3.4190947244816137
list:
dist: 2.717696986262006 vs. 2.717696986262006
list:
dist: 2.788046373121971 vs. 2.788046373121971
list:
dist: 1.3843590756259638 vs. 1.3843590756259638
list:
dist: 2.506745202415467 vs. 2.506745202415467
list:
dist: 1.7802892567195654 vs. 1.7802892567195654
list:
dist: 2.258903666351828 vs. 2.258903666351828
list:
dist: 0.9762090745972197 vs. 0.9762090745972197
list:
dist: 2.1985376704732538 vs. 2.1985376704732538
list:
dist: 1.6268520763050893 vs. 1.6268520763050893
list:
dist: 1.964008144452099 vs. 1.964008144452099
list:
dist: 1.2761635756308944 vs. 1.2761635756308944
list:
dist: 1.4557900215868123 vs. 1.4557900215868123
list:
dist: 1.629390364974919 vs. 1.629390364974919
list:
dist: 1.9511871412603037 vs. 1.9511871412603037
list:
dist: 1.663679005194222 vs. 1.663679005194222
list:
dist: 1.150158910417154 vs. 1.150158910417154
list:
dist: 1.0627035983299487 vs. 1.0627035983299487
list:
dist: 0.8463606359485457 vs. 0.8463606359485457
list:
dist: 0.4213918452744476 vs. 0.4213918452744476
list:
dist: 0.8478781846653053 vs. 0.8478781846653053
list:
dist: 2.0704316295925906 vs. 2.0704316295925906
list:
dist: 1.6723460474233376 vs. 1.6723460474233376
list:
dist: 2.2170853876623817 vs. 2.2170853876623817
list:
dist: 3.021998760480566 vs. 3.021998760480566
list:
dist: 3.5723607900342866 vs. 3.5723607900342866
list:
dist: 2.7251639765377282 vs. 2.7251639765377282
list:
dist: 3.1076118025724315 vs. 3.1076118025724315
list:
dist: 2.3759177955667234 vs. 2.3759177955667234
list:
dist: 2.5260392969459424 vs. 2.5260392969459424
list:
dist: 2.4505606931925987 vs. 2.4505606931925987
list:
dist: 3.1013540694160686 vs. 3.1013540694160686
list:
dist: 3.3523297369899514 vs. 3.3523297369899514
list:
dist: 3.251576134768524 vs. 3.251576134768524
list:
dist: 3.966296014795056 vs. 3.966296014795056
list:
dist: 2.763629109090613 vs. 2.763629109090613
list:
dist: 2.473816038660228 vs. 2.473816038660228
list:
dist: 2.786399425668754 vs. 2.786399425668754
list:
dist: 1.4138276645058123 vs. 1.4138276645058123
list:
dist: 1.783955751867222 vs. 1.783955751867222
list:
dist: 3.141051705633162 vs. 3.141051705633162
list:
dist: 3.248429190665885 vs. 3.248429190665885
list:
dist: 2.580252792987037 vs. 2.580252792987037
list:
dist: 2.5293393874957775 vs. 2.5293393874957775
list:
dist: 2.109651041192362 vs. 2.109651041192362
list:
dist: 1.58277530530015 vs. 1.58277530530015
list:
dist: 1.7899088355206978 vs. 1.7899088355206978
list:
dist: 3.4777869235390244 vs. 3.4777869235390244
list:
dist: 3.186192407347884 vs. 3.186192407347884
list:
dist: 1.629390364974919 vs. 1.629390364974919
list:
dist: 3.9297893228199356 vs. 3.9297893228199356
list:
dist: 3.71380827344837 vs. 3.71380827344837
list:
dist: 1.2530805276870052 vs. 1.2530805276870052
list:
dist: 1.7453848458321328 vs. 1.7453848458321328
list:
dist: 1.0848052178264866 vs. 1.0848052178264866
list:
dist: 1.6058142344160873 vs. 1.6058142344160873
list:
dist: 1.58277530530015 vs. 1.58277530530015
list:
dist: 2.094594460522029 vs. 2.094594460522029
list:
dist: 1.8281380365369682 vs. 1.8281380365369682
list:
dist: 1.3827495719861795 vs. 1.3827495719861795
list:
dist: 0.9506874625925811 vs. 0.9506874625925811
list:
dist: 1.111328808919024 vs. 1.111328808919024
list:
dist: 1.227484254162991 vs. 1.227484254162991
list:
dist: 2.4189832826203097 vs. 2.4189832826203097
list:
dist: 1.8794087773672643 vs. 1.8794087773672643
list:
dist: 0.4213918452744476 vs. 0.4213918452744476
list:
dist: 2.397210224310539 vs. 2.397210224310539
list:
dist: 3.175480575665109 vs. 3.175480575665109
list:
dist: 3.6592999897433818 vs. 3.6592999897433818
list:
dist: 2.97457226739535 vs. 2.97457226739535
list:
dist: 3.316391657861422 vs. 3.316391657861422
list:
dist: 2.5065748861217254 vs. 2.5065748861217254
list:
dist: 2.8243947165988614 vs. 2.8243947165988614
list:
dist: 2.8231789889822 vs. 2.8231789889822
list:
dist: 3.318876908383554 vs. 3.318876908383554
list:
dist: 3.7060860468562655 vs. 3.7060860468562655
list:
dist: 3.5607107200463175 vs. 3.5607107200463175
list:
dist: 4.210842123330259 vs. 4.210842123330259
list:
dist: 2.6514184280468402 vs. 2.6514184280468402
list:
dist: 3.350180833035893 vs. 3.350180833035893
list:
dist: 1.1560138997891622 vs. 1.1560138997891622
list:
dist: 1.783955751867222 vs. 1.783955751867222
list:
dist: 1.5869828866266 vs. 1.5869828866266
list:
dist: 2.228615692063742 vs. 2.228615692063742
list:
dist: 1.4288830629037548 vs. 1.4288830629037548
list:
dist: 2.0975743207367468 vs. 2.0975743207367468
list:
dist: 1.0166967222144712 vs. 1.0166967222144712
list:
dist: 1.6058142344160873 vs. 1.6058142344160873
list:
dist: 1.0554878385404884 vs. 1.0554878385404884
list:
dist: 2.731355039408143 vs. 2.731355039408143
list:
dist: 2.834677375000035 vs. 2.834677375000035
list:
dist: 1.4557900215868123 vs. 1.4557900215868123
list:
dist: 2.5969069076312405 vs. 2.5969069076312405
list:
dist: 2.567976045299772 vs. 2.567976045299772
list:
dist: 1.7590395029755002 vs. 1.7590395029755002
list:
dist: 2.641716843474415 vs. 2.641716843474415
list:
dist: 1.1560138997891622 vs. 1.1560138997891622
list:
dist: 1.4138276645058123 vs. 1.4138276645058123
list:
dist: 2.0733828059527886 vs. 2.0733828059527886
list:
dist: 2.4051848188690528 vs. 2.4051848188690528
list:
dist: 1.7737129431994787 vs. 1.7737129431994787
list:
dist: 1.6950487692878904 vs. 1.6950487692878904
list:
dist: 1.4027253386297758 vs. 1.4027253386297758
list:
dist: 1.0848052178264866 vs. 1.0848052178264866
list:
dist: 1.5861704499975031 vs. 1.5861704499975031
list:
dist: 3.191725539269756 vs. 3.191725539269756
list:
dist: 2.8667172255138005 vs. 2.8667172255138005
list:
dist: 1.2761635756308944 vs. 1.2761635756308944
list:
dist: 3.2460188693040903 vs. 3.2460188693040903
list:
dist: 3.320971198122992 vs. 3.320971198122992
list:
dist: 1.2520563558798201 vs. 1.2520563558798201
list:
dist: 2.641716843474415 vs. 2.641716843474415
list:
dist: 3.350180833035893 vs. 3.350180833035893
list:
dist: 2.786399425668754 vs. 2.786399425668754
list:
dist: 3.4792835759408676 vs. 3.4792835759408676
list:
dist: 2.678672519420803 vs. 2.678672519420803
list:
dist: 2.7292556166343944 vs. 2.7292556166343944
list:
dist: 1.6955323279086665 vs. 1.6955323279086665
list:
dist: 2.681072720458542 vs. 2.681072720458542
list:
dist: 1.7453848458321328 vs. 1.7453848458321328
list:
dist: 2.767166347929274 vs. 2.767166347929274
list:
dist: 3.088272106579899 vs. 3.088272106579899
list:
dist: 2.045368248352666 vs. 2.045368248352666
list:
dist: 1.964008144452099 vs. 1.964008144452099
list:
dist: 3.0920397203257526 vs. 3.0920397203257526
list:
dist: 3.5337122352698183 vs. 3.5337122352698183
list:
dist: 3.3730366307224218 vs. 3.3730366307224218
list:
dist: 2.9656430983603785 vs. 2.9656430983603785
list:
dist: 3.295135913437028 vs. 3.295135913437028
list:
dist: 2.4712520599206065 vs. 2.4712520599206065
list:
dist: 3.3927059068883887 vs. 3.3927059068883887
list:
dist: 2.9656430983603785 vs. 2.9656430983603785
list:
dist: 3.1197220663849348 vs. 3.1197220663849348
list:
dist: 2.0074099541278474 vs. 2.0074099541278474
list:
dist: 2.473555369748242 vs. 2.473555369748242
list:
dist: 2.5416421056412597 vs. 2.5416421056412597
list:
dist: 2.7549029352063146 vs. 2.7549029352063146
list:
dist: 2.97457226739535 vs. 2.97457226739535
list:
dist: 2.7899262413925094 vs. 2.7899262413925094
list:
dist: 1.1619585681216298 vs. 1.1619585681216298
list:
dist: 1.1105878924297536 vs. 1.1105878924297536
list:
dist: 2.7251639765377282 vs. 2.7251639765377282
list:
dist: 1.8707564477585696 vs. 1.8707564477585696
list:
dist: 1.8784387040837347 vs. 1.8784387040837347
list:
dist: 1.8397128764709165 vs. 1.8397128764709165
list:
dist: 0.7715338200641519 vs. 0.7715338200641519
list:
dist: 1.1206073623542168 vs. 1.1206073623542168
list:
dist: 3.5260345127314032 vs. 3.5260345127314032
list:
dist: 2.0700670317031555 vs. 2.0700670317031555
list:
dist: 2.157722559127765 vs. 2.157722559127765
list:
dist: 2.0077629212198915 vs. 2.0077629212198915
list:
dist: 1.4757420650313293 vs. 1.4757420650313293
list:
dist: 1.3706905321345833 vs. 1.3706905321345833
list:
dist: 1.5486769619936511 vs. 1.5486769619936511
list:
dist: 1.539913481150846 vs. 1.539913481150846
list:
dist: 3.2161306469070565 vs. 3.2161306469070565
list:
dist: 2.331745759455545 vs. 2.331745759455545
list:
dist: 2.045368248352666 vs. 2.045368248352666
list:
dist: 2.8667172255138005 vs. 2.8667172255138005
list:
dist: 2.834677375000035 vs. 2.834677375000035
list:
dist: 3.186192407347884 vs. 3.186192407347884
list:
dist: 2.445881251566183 vs. 2.445881251566183
list:
dist: 1.3364909517993413 vs. 1.3364909517993413
list:
dist: 1.6474497441105576 vs. 1.6474497441105576
list:
dist: 1.4929823490963299 vs. 1.4929823490963299
list:
dist: 1.853366466407319 vs. 1.853366466407319
list:
dist: 1.8794087773672643 vs. 1.8794087773672643
list:
dist: 1.9379055174760331 vs. 1.9379055174760331
list:
dist: 1.1084543306531909 vs. 1.1084543306531909
list:
dist: 1.6723460474233376 vs. 1.6723460474233376
list:
dist: 1.5329281252459899 vs. 1.5329281252459899
list:
dist: 1.9655763028425113 vs. 1.9655763028425113
list:
dist: 2.1656664894459947 vs. 2.1656664894459947
list:
dist: 1.1105878924297536 vs. 1.1105878924297536
list:
dist: 1.5263137748323177 vs. 1.5263137748323177
list:
dist: 0.9499519140218097 vs. 0.9499519140218097
list:
dist: 2.051343793455243 vs. 2.051343793455243
list:
dist: 1.9819803251542008 vs. 1.9819803251542008
list:
dist: 1.8580439063941712 vs. 1.8580439063941712
list:
dist: 2.143975115880451 vs. 2.143975115880451
list:
dist: 2.1114802731286515 vs. 2.1114802731286515
list:
dist: 2.4599111460382406 vs. 2.4599111460382406
list:
dist: 2.4425448607356963 vs. 2.4425448607356963
list:
dist: 2.767166347929274 vs. 2.767166347929274
list:
dist: 1.5861704499975031 vs. 1.5861704499975031
list:
dist: 1.0554878385404884 vs. 1.0554878385404884
list:
dist: 1.7899088355206978 vs. 1.7899088355206978
list:
dist: 1.7471972939474865 vs. 1.7471972939474865
list:
dist: 1.7618338619628555 vs. 1.7618338619628555
list:
dist: 1.0540412046831231 vs. 1.0540412046831231
list:
dist: 1.7024287177064754 vs. 1.7024287177064754
list:
dist: 0.6579984790505408 vs. 0.6579984790505408
list:
dist: 1.227484254162991 vs. 1.227484254162991
list:
dist: 1.8435866810710295 vs. 1.8435866810710295
list:
dist: 1.9379055174760331 vs. 1.9379055174760331
list:
dist: 0.8478781846653053 vs. 0.8478781846653053
list:
dist: 2.2328529632790945 vs. 2.2328529632790945
list:
dist: 3.084302270894313 vs. 3.084302270894313
list:
dist: 3.8440494758794785 vs. 3.8440494758794785
list:
dist: 2.7899262413925094 vs. 2.7899262413925094
list:
dist: 3.1948030978138675 vs. 3.1948030978138675
list:
dist: 2.6527568227232483 vs. 2.6527568227232483
list:
dist: 2.1623046769254404 vs. 2.1623046769254404
list:
dist: 1.9377267138347245 vs. 1.9377267138347245
list:
dist: 3.068277576459381 vs. 3.068277576459381
list:
dist: 3.051305329745529 vs. 3.051305329745529
list:
dist: 2.990071796903886 vs. 2.990071796903886
list:
dist: 3.9115713063171036 vs. 3.9115713063171036
list:
dist: 2.7633721047298323 vs. 2.7633721047298323
list:
dist: 3.0920397203257526 vs. 3.0920397203257526
list:
dist: 1.4922315783191578 vs. 1.4922315783191578
list:
dist: 0.576337697334316 vs. 0.576337697334316
list:
dist: 1.3040781812037292 vs. 1.3040781812037292
list:
dist: 1.705172289684394 vs. 1.705172289684394
list:
dist: 1.7904500665489664 vs. 1.7904500665489664
list:
dist: 2.397210224310539 vs. 2.397210224310539
list:
dist: 2.2328529632790945 vs. 2.2328529632790945
list:
dist: 1.4523043929513766 vs. 1.4523043929513766
list:
dist: 1.5329281252459899 vs. 1.5329281252459899
list:
dist: 2.2170853876623817 vs. 2.2170853876623817
list:
dist: 0.8825903808582504 vs. 0.8825903808582504
list:
dist: 1.9324122966410617 vs. 1.9324122966410617
list:
dist: 1.8707564477585696 vs. 1.8707564477585696
list:
dist: 1.6583431265359319 vs. 1.6583431265359319
list:
dist: 1.2118782014910663 vs. 1.2118782014910663
list:
dist: 2.8043914795571703 vs. 2.8043914795571703
list:
dist: 2.618701761115262 vs. 2.618701761115262
list:
dist: 1.0545413551612466 vs. 1.0545413551612466
list:
dist: 1.613458512631284 vs. 1.613458512631284
list:
dist: 1.109164790975701 vs. 1.109164790975701
list:
dist: 2.3604959900681584 vs. 2.3604959900681584
list:
dist: 1.6108415914452838 vs. 1.6108415914452838
list:
dist: 2.2445572562469907 vs. 2.2445572562469907
list:
dist: 3.557120011684241 vs. 3.557120011684241
list:
dist: 3.3379934528632687 vs. 3.3379934528632687
list:
dist: 3.5337122352698183 vs. 3.5337122352698183
list:
dist: 2.277932515784056 vs. 2.277932515784056
list:
dist: 1.4167376344452074 vs. 1.4167376344452074
list:
dist: 2.1846168610096495 vs. 2.1846168610096495
list:
dist: 2.3832141151684145 vs. 2.3832141151684145
list:
dist: 2.6680730106086807 vs. 2.6680730106086807
list:
dist: 3.175480575665109 vs. 3.175480575665109
list:
dist: 3.084302270894313 vs. 3.084302270894313
list:
dist: 1.9160150830643998 vs. 1.9160150830643998
list:
dist: 1.9655763028425113 vs. 1.9655763028425113
list:
dist: 3.021998760480566 vs. 3.021998760480566
list:
dist: 0.8825903808582504 vs. 0.8825903808582504
list:
dist: 1.2830078510725167 vs. 1.2830078510725167
list:
dist: 1.8784387040837347 vs. 1.8784387040837347
list:
dist: 1.32279420348484 vs. 1.32279420348484
list:
dist: 1.2288478475234654 vs. 1.2288478475234654
list:
dist: 2.0788181641901198 vs. 2.0788181641901198
list:
dist: 2.0025557227009068 vs. 2.0025557227009068
list:
dist: 1.5499601203909468 vs. 1.5499601203909468
list:
dist: 2.122335601786528 vs. 2.122335601786528
list:
dist: 0.6196434245715001 vs. 0.6196434245715001
list:
dist: 2.3922878395663014 vs. 2.3922878395663014
list:
dist: 1.5019803636039197 vs. 1.5019803636039197
list:
dist: 1.6871481736500522 vs. 1.6871481736500522
list:
dist: 2.704872972943976 vs. 2.704872972943976
list:
dist: 3.557120011684241 vs. 3.557120011684241
list:
dist: 2.704872972943976 vs. 2.704872972943976
list:
dist: 2.08550932444477 vs. 2.08550932444477
list:
dist: 3.2161306469070565 vs. 3.2161306469070565
list:
dist: 2.520643171487823 vs. 2.520643171487823
list:
dist: 3.1644193956955724 vs. 3.1644193956955724
list:
dist: 2.2988906464676018 vs. 2.2988906464676018
list:
dist: 1.949458674901828 vs. 1.949458674901828
list:
dist: 2.5698862521591455 vs. 2.5698862521591455
list:
dist: 3.5076275275899618 vs. 3.5076275275899618
list:
dist: 3.0120401484217467 vs. 3.0120401484217467
list:
dist: 1.9319170391041487 vs. 1.9319170391041487
list:
dist: 1.1046523424678205 vs. 1.1046523424678205
list:
dist: 1.6955323279086665 vs. 1.6955323279086665
list:
dist: 1.6950487692878904 vs. 1.6950487692878904
list:
dist: 2.0975743207367468 vs. 2.0975743207367468
list:
dist: 2.5293393874957775 vs. 2.5293393874957775
list:
dist: 1.8005341549118512 vs. 1.8005341549118512
list:
dist: 1.1817460769809511 vs. 1.1817460769809511
list:
dist: 1.1794105684269338 vs. 1.1794105684269338
list:
dist: 1.2762443011401203 vs. 1.2762443011401203
list:
dist: 0.9506874625925811 vs. 0.9506874625925811
list:
dist: 1.7024287177064754 vs. 1.7024287177064754
list:
dist: 2.177197450074752 vs. 2.177197450074752
list:
dist: 1.4929823490963299 vs. 1.4929823490963299
list:
dist: 1.0627035983299487 vs. 1.0627035983299487
list:
dist: 1.705172289684394 vs. 1.705172289684394
list:
dist: 2.3832141151684145 vs. 2.3832141151684145
list:
dist: 2.823467779781446 vs. 2.823467779781446
list:
dist: 2.5416421056412597 vs. 2.5416421056412597
list:
dist: 2.6906852883487873 vs. 2.6906852883487873
list:
dist: 1.7857708072345748 vs. 1.7857708072345748
list:
dist: 2.4239603187564867 vs. 2.4239603187564867
list:
dist: 2.640500014417996 vs. 2.640500014417996
list:
dist: 2.633468248560109 vs. 2.633468248560109
list:
dist: 3.430469582934469 vs. 3.430469582934469
list:
dist: 3.0840902476713974 vs. 3.0840902476713974
list:
dist: 3.5917002545418746 vs. 3.5917002545418746
list:
dist: 3.1917638122962217 vs. 3.1917638122962217
list:
dist: 3.088272106579899 vs. 3.088272106579899
list:
dist: 3.191725539269756 vs. 3.191725539269756
list:
dist: 2.731355039408143 vs. 2.731355039408143
list:
dist: 3.4777869235390244 vs. 3.4777869235390244
list:
dist: 2.255519685944904 vs. 2.255519685944904
list:
dist: 1.454470428218024 vs. 1.454470428218024
list:
dist: 1.624590450500967 vs. 1.624590450500967
list:
dist: 2.177197450074752 vs. 2.177197450074752
list:
dist: 1.8633288611134475 vs. 1.8633288611134475
list:
dist: 2.4189832826203097 vs. 2.4189832826203097
list:
dist: 1.8435866810710295 vs. 1.8435866810710295
list:
dist: 1.1084543306531909 vs. 1.1084543306531909
list:
dist: 2.0704316295925906 vs. 2.0704316295925906
list:
dist: 1.4523043929513766 vs. 1.4523043929513766
list:
dist: 1.9160150830643998 vs. 1.9160150830643998
list:
dist: 2.534819544862573 vs. 2.534819544862573
list:
dist: 1.1619585681216298 vs. 1.1619585681216298
list:
dist: 1.5555289811579966 vs. 1.5555289811579966
list:
dist: 1.5254318321699547 vs. 1.5254318321699547
list:
dist: 1.313593314288583 vs. 1.313593314288583
list:
dist: 0.9576655411961515 vs. 0.9576655411961515
list:
dist: 1.5828294471149353 vs. 1.5828294471149353
list:
dist: 1.3048650820468506 vs. 1.3048650820468506
list:
dist: 1.3260804971216993 vs. 1.3260804971216993
list:
dist: 2.1339164819485137 vs. 2.1339164819485137
list:
dist: 2.6236861487213785 vs. 2.6236861487213785
list:
dist: 2.4712520599206065 vs. 2.4712520599206065
list:
dist: 2.5471569211874567 vs. 2.5471569211874567
list:
dist: 1.3239561528467028 vs. 1.3239561528467028
list:
dist: 2.0058013425910444 vs. 2.0058013425910444
list:
dist: 1.7857708072345748 vs. 1.7857708072345748
list:
dist: 2.373702586689856 vs. 2.373702586689856
list:
dist: 2.5065748861217254 vs. 2.5065748861217254
list:
dist: 2.6527568227232483 vs. 2.6527568227232483
list:
dist: 1.5254318321699547 vs. 1.5254318321699547
list:
dist: 0.9499519140218097 vs. 0.9499519140218097
list:
dist: 2.3759177955667234 vs. 2.3759177955667234
list:
dist: 1.2118782014910663 vs. 1.2118782014910663
list:
dist: 1.2288478475234654 vs. 1.2288478475234654
list:
dist: 1.23776364223261 vs. 1.23776364223261
list:
dist: 1.1206073623542168 vs. 1.1206073623542168
list:
dist: 0.9639618930787328 vs. 0.9639618930787328
list:
dist: 2.73256646919393 vs. 2.73256646919393
list:
dist: 1.7156015893693806 vs. 1.7156015893693806
list:
dist: 2.0177389338549694 vs. 2.0177389338549694
list:
dist: 2.2391703818242004 vs. 2.2391703818242004
list:
dist: 1.243125772474727 vs. 1.243125772474727
list:
dist: 2.2543967146039123 vs. 2.2543967146039123
list:
dist: 1.8813669200501297 vs. 1.8813669200501297
list:
dist: 1.9141259262795567 vs. 1.9141259262795567
list:
dist: 3.1644193956955724 vs. 3.1644193956955724
list:
dist: 2.713275636144619 vs. 2.713275636144619
list:
dist: 3.4792835759408676 vs. 3.4792835759408676
list:
dist: 2.0733828059527886 vs. 2.0733828059527886
list:
dist: 1.5869828866266 vs. 1.5869828866266
list:
dist: 3.141051705633162 vs. 3.141051705633162
list:
dist: 1.2298200113775868 vs. 1.2298200113775868
list:
dist: 0.9152582354797549 vs. 0.9152582354797549
list:
dist: 1.8005341549118512 vs. 1.8005341549118512
list:
dist: 1.1749370689457332 vs. 1.1749370689457332
list:
dist: 2.094594460522029 vs. 2.094594460522029
list:
dist: 1.7471972939474865 vs. 1.7471972939474865
list:
dist: 2.255519685944904 vs. 2.255519685944904
list:
dist: 2.445881251566183 vs. 2.445881251566183
list:
dist: 1.9511871412603037 vs. 1.9511871412603037
list:
dist: 1.4922315783191578 vs. 1.4922315783191578
list:
dist: 2.277932515784056 vs. 2.277932515784056
list:
dist: 3.3755371474996823 vs. 3.3755371474996823
list:
dist: 3.1197220663849348 vs. 3.1197220663849348
list:
dist: 3.100338344034817 vs. 3.100338344034817
list:
dist: 2.5471569211874567 vs. 2.5471569211874567
list:
dist: 1.5201366590092973 vs. 1.5201366590092973
list:
dist: 1.976256477099218 vs. 1.976256477099218
list:
dist: 2.523980082780469 vs. 2.523980082780469
list:
dist: 3.347197808030609 vs. 3.347197808030609
list:
dist: 2.705095014956583 vs. 2.705095014956583
list:
dist: 3.640175235469256 vs. 3.640175235469256
list:
dist: 2.197198367540732 vs. 2.197198367540732
list:
dist: 2.7292556166343944 vs. 2.7292556166343944
list:
dist: 1.7737129431994787 vs. 1.7737129431994787
list:
dist: 1.4288830629037548 vs. 1.4288830629037548
list:
dist: 2.580252792987037 vs. 2.580252792987037
list:
dist: 0.9152582354797549 vs. 0.9152582354797549
list:
dist: 0.8079601012321797 vs. 0.8079601012321797
list:
dist: 1.1794105684269338 vs. 1.1794105684269338
list:
dist: 0.49421045714411704 vs. 0.49421045714411704
list:
dist: 1.3827495719861795 vs. 1.3827495719861795
list:
dist: 1.0540412046831231 vs. 1.0540412046831231
list:
dist: 1.624590450500967 vs. 1.624590450500967
list:
dist: 1.6474497441105576 vs. 1.6474497441105576
list:
dist: 1.150158910417154 vs. 1.150158910417154
list:
dist: 1.3040781812037292 vs. 1.3040781812037292
list:
dist: 2.1846168610096495 vs. 2.1846168610096495
list:
dist: 3.069354196899269 vs. 3.069354196899269
list:
dist: 2.473555369748242 vs. 2.473555369748242
list:
dist: 2.6328482238185176 vs. 2.6328482238185176
list:
dist: 2.0058013425910444 vs. 2.0058013425910444
list:
dist: 1.504354999248599 vs. 1.504354999248599
list:
dist: 1.6872349629379708 vs. 1.6872349629379708
list:
dist: 2.313498138066186 vs. 2.313498138066186
list:
dist: 2.8784406989489666 vs. 2.8784406989489666
list:
dist: 2.469768770033038 vs. 2.469768770033038
list:
dist: 3.3355891894516168 vs. 3.3355891894516168
list:
dist: 2.763629109090613 vs. 2.763629109090613
list:
dist: 3.522201376026116 vs. 3.522201376026116
list:
dist: 3.3730366307224218 vs. 3.3730366307224218
list:
dist: 3.3755371474996823 vs. 3.3755371474996823
list:
dist: 2.2814336030240203 vs. 2.2814336030240203
list:
dist: 3.069354196899269 vs. 3.069354196899269
list:
dist: 2.823467779781446 vs. 2.823467779781446
list:
dist: 3.4966708486552305 vs. 3.4966708486552305
list:
dist: 3.6592999897433818 vs. 3.6592999897433818
list:
dist: 3.8440494758794785 vs. 3.8440494758794785
list:
dist: 2.534819544862573 vs. 2.534819544862573
list:
dist: 2.1656664894459947 vs. 2.1656664894459947
list:
dist: 3.5723607900342866 vs. 3.5723607900342866
list:
dist: 1.9324122966410617 vs. 1.9324122966410617
list:
dist: 1.2830078510725167 vs. 1.2830078510725167
list:
dist: 1.8397128764709165 vs. 1.8397128764709165
list:
dist: 1.1835995224193778 vs. 1.1835995224193778
list:
dist: 1.23776364223261 vs. 1.23776364223261
list:
dist: 1.7678942493810625 vs. 1.7678942493810625
list:
dist: 0.7353971655172341 vs. 0.7353971655172341
list:
dist: 2.707060287842186 vs. 2.707060287842186
list:
dist: 3.0827048015390797 vs. 3.0827048015390797
list:
dist: 1.3880214802036286 vs. 1.3880214802036286
list:
dist: 2.7875223756754615 vs. 2.7875223756754615
list:
dist: 2.2393320549477775 vs. 2.2393320549477775
list:
dist: 1.6405351118657927 vs. 1.6405351118657927
list:
dist: 2.08550932444477 vs. 2.08550932444477
list:
dist: 3.571030781026149 vs. 3.571030781026149
list:
dist: 3.295135913437028 vs. 3.295135913437028
list:
dist: 3.100338344034817 vs. 3.100338344034817
list:
dist: 1.982055935993308 vs. 1.982055935993308
list:
dist: 2.6328482238185176 vs. 2.6328482238185176
list:
dist: 2.6906852883487873 vs. 2.6906852883487873
list:
dist: 3.013058574222286 vs. 3.013058574222286
list:
dist: 3.316391657861422 vs. 3.316391657861422
list:
dist: 3.1948030978138675 vs. 3.1948030978138675
list:
dist: 1.5555289811579966 vs. 1.5555289811579966
list:
dist: 1.5263137748323177 vs. 1.5263137748323177
list:
dist: 3.1076118025724315 vs. 3.1076118025724315
list:
dist: 1.6583431265359319 vs. 1.6583431265359319
list:
dist: 1.32279420348484 vs. 1.32279420348484
list:
dist: 1.1835995224193778 vs. 1.1835995224193778
list:
dist: 0.7715338200641519 vs. 0.7715338200641519
list:
dist: 0.9639618930787328 vs. 0.9639618930787328
list:
dist: 2.8146696148912267 vs. 2.8146696148912267
list:
dist: 1.5183337666693386 vs. 1.5183337666693386
list:
dist: 2.0811521562260036 vs. 2.0811521562260036
list:
dist: 2.187903546175463 vs. 2.187903546175463
list:
dist: 0.9257461847862847 vs. 0.9257461847862847
list:
dist: 1.6330727110867393 vs. 1.6330727110867393
list:
dist: 1.3501464743580558 vs. 1.3501464743580558
list:
dist: 0.997333788484819 vs. 0.997333788484819
list:
dist: 2.520643171487823 vs. 2.520643171487823
list:
dist: 3.640175235469256 vs. 3.640175235469256
list:
dist: 2.7006162321229374 vs. 2.7006162321229374
list:
dist: 3.3355891894516168 vs. 3.3355891894516168
list:
dist: 3.5917002545418746 vs. 3.5917002545418746
list:
dist: 3.741241588275784 vs. 3.741241588275784
list:
dist: 4.210842123330259 vs. 4.210842123330259
list:
dist: 3.9115713063171036 vs. 3.9115713063171036
list:
dist: 2.1339164819485137 vs. 2.1339164819485137
list:
dist: 2.4599111460382406 vs. 2.4599111460382406
list:
dist: 3.966296014795056 vs. 3.966296014795056
list:
dist: 2.2445572562469907 vs. 2.2445572562469907
list:
dist: 1.6871481736500522 vs. 1.6871481736500522
list:
dist: 1.6405351118657927 vs. 1.6405351118657927
list:
dist: 1.539913481150846 vs. 1.539913481150846
list:
dist: 0.997333788484819 vs. 0.997333788484819
list:
dist: 1.9141259262795567 vs. 1.9141259262795567
list:
dist: 2.90370332610606 vs. 2.90370332610606
list:
dist: 1.8674714937040207 vs. 1.8674714937040207
list:
dist: 2.350630309325311 vs. 2.350630309325311
list:
dist: 2.459899831539308 vs. 2.459899831539308
list:
dist: 1.1646525460467214 vs. 1.1646525460467214
list:
dist: 1.5910572786004464 vs. 1.5910572786004464
list:
dist: 1.2336610121247775 vs. 1.2336610121247775
list:
dist: 1.9319170391041487 vs. 1.9319170391041487
list:
dist: 2.705095014956583 vs. 2.705095014956583
list:
dist: 2.023874081664434 vs. 2.023874081664434
list:
dist: 2.469768770033038 vs. 2.469768770033038
list:
dist: 3.0840902476713974 vs. 3.0840902476713974
list:
dist: 2.850501377040573 vs. 2.850501377040573
list:
dist: 3.5607107200463175 vs. 3.5607107200463175
list:
dist: 2.990071796903886 vs. 2.990071796903886
list:
dist: 1.3260804971216993 vs. 1.3260804971216993
list:
dist: 2.1114802731286515 vs. 2.1114802731286515
list:
dist: 3.251576134768524 vs. 3.251576134768524
list:
dist: 1.6108415914452838 vs. 1.6108415914452838
list:
dist: 1.5019803636039197 vs. 1.5019803636039197
list:
dist: 2.2393320549477775 vs. 2.2393320549477775
list:
dist: 1.5486769619936511 vs. 1.5486769619936511
list:
dist: 1.3501464743580558 vs. 1.3501464743580558
list:
dist: 1.8813669200501297 vs. 1.8813669200501297
list:
dist: 3.376576760823606 vs. 3.376576760823606
list:
dist: 2.7302171058714895 vs. 2.7302171058714895
list:
dist: 1.2431545762834113 vs. 1.2431545762834113
list:
dist: 1.281437949941569 vs. 1.281437949941569
list:
dist: 0.9472121660296609 vs. 0.9472121660296609
list:
dist: 1.0742718563082094 vs. 1.0742718563082094
list:
dist: 1.2336610121247775 vs. 1.2336610121247775
list:
dist: 3.0120401484217467 vs. 3.0120401484217467
list:
dist: 3.2460188693040903 vs. 3.2460188693040903
list:
dist: 2.5969069076312405 vs. 2.5969069076312405
list:
dist: 3.9297893228199356 vs. 3.9297893228199356
list:
dist: 1.5201366590092973 vs. 1.5201366590092973
list:
dist: 1.2962410130586979 vs. 1.2962410130586979
list:
dist: 1.504354999248599 vs. 1.504354999248599
list:
dist: 2.4239603187564867 vs. 2.4239603187564867
list:
dist: 1.893393170780497 vs. 1.893393170780497
list:
dist: 2.8243947165988614 vs. 2.8243947165988614
list:
dist: 2.1623046769254404 vs. 2.1623046769254404
list:
dist: 1.313593314288583 vs. 1.313593314288583
list:
dist: 2.051343793455243 vs. 2.051343793455243
list:
dist: 2.5260392969459424 vs. 2.5260392969459424
list:
dist: 1.0545413551612466 vs. 1.0545413551612466
list:
dist: 1.5499601203909468 vs. 1.5499601203909468
list:
dist: 2.707060287842186 vs. 2.707060287842186
list:
dist: 2.157722559127765 vs. 2.157722559127765
list:
dist: 2.0811521562260036 vs. 2.0811521562260036
list:
dist: 2.0177389338549694 vs. 2.0177389338549694
list:
dist: 0.7992396573397894 vs. 0.7992396573397894
list:
dist: 1.430534681981488 vs. 1.430534681981488
list:
dist: 1.977810039955418 vs. 1.977810039955418
list:
dist: 1.2431545762834113 vs. 1.2431545762834113
list:
dist: 2.350630309325311 vs. 2.350630309325311
list:
dist: 3.320971198122992 vs. 3.320971198122992
list:
dist: 2.567976045299772 vs. 2.567976045299772
list:
dist: 3.71380827344837 vs. 3.71380827344837
list:
dist: 1.976256477099218 vs. 1.976256477099218
list:
dist: 1.699104728838885 vs. 1.699104728838885
list:
dist: 1.6872349629379708 vs. 1.6872349629379708
list:
dist: 2.640500014417996 vs. 2.640500014417996
list:
dist: 1.926010893577213 vs. 1.926010893577213
list:
dist: 2.8231789889822 vs. 2.8231789889822
list:
dist: 1.9377267138347245 vs. 1.9377267138347245
list:
dist: 0.9576655411961515 vs. 0.9576655411961515
list:
dist: 1.9819803251542008 vs. 1.9819803251542008
list:
dist: 2.4505606931925987 vs. 2.4505606931925987
list:
dist: 1.613458512631284 vs. 1.613458512631284
list:
dist: 2.122335601786528 vs. 2.122335601786528
list:
dist: 3.0827048015390797 vs. 3.0827048015390797
list:
dist: 2.0077629212198915 vs. 2.0077629212198915
list:
dist: 2.187903546175463 vs. 2.187903546175463
list:
dist: 2.2391703818242004 vs. 2.2391703818242004
list:
dist: 0.7992396573397894 vs. 0.7992396573397894
list:
dist: 1.8203067098726722 vs. 1.8203067098726722
list:
dist: 1.5382831156838261 vs. 1.5382831156838261
list:
dist: 1.281437949941569 vs. 1.281437949941569
list:
dist: 2.459899831539308 vs. 2.459899831539308
list:
dist: 3.347197808030609 vs. 3.347197808030609
list:
dist: 2.597720435605066 vs. 2.597720435605066
list:
dist: 2.8784406989489666 vs. 2.8784406989489666
list:
dist: 3.430469582934469 vs. 3.430469582934469
list:
dist: 3.133224518545487 vs. 3.133224518545487
list:
dist: 3.7060860468562655 vs. 3.7060860468562655
list:
dist: 3.051305329745529 vs. 3.051305329745529
list:
dist: 1.3048650820468506 vs. 1.3048650820468506
list:
dist: 2.143975115880451 vs. 2.143975115880451
list:
dist: 3.3523297369899514 vs. 3.3523297369899514
list:
dist: 2.3604959900681584 vs. 2.3604959900681584
list:
dist: 2.3922878395663014 vs. 2.3922878395663014
list:
dist: 2.7875223756754615 vs. 2.7875223756754615
list:
dist: 1.3706905321345833 vs. 1.3706905321345833
list:
dist: 1.6330727110867393 vs. 1.6330727110867393
list:
dist: 2.2543967146039123 vs. 2.2543967146039123
list:
dist: 4.226181796711224 vs. 4.226181796711224
list:
dist: 3.083373743615999 vs. 3.083373743615999
list:
dist: 1.977810039955418 vs. 1.977810039955418
list:
dist: 1.5382831156838261 vs. 1.5382831156838261
list:
dist: 1.806448254499114 vs. 1.806448254499114
list:
dist: 1.0742718563082094 vs. 1.0742718563082094
list:
dist: 1.5910572786004464 vs. 1.5910572786004464
list:
dist: 3.5076275275899618 vs. 3.5076275275899618
list:
dist: 2.481574825711199 vs. 2.481574825711199
list:
dist: 3.187013140019373 vs. 3.187013140019373
list:
dist: 1.977996363953422 vs. 1.977996363953422
list:
dist: 3.52146813413264 vs. 3.52146813413264
list:
dist: 3.7649434044190544 vs. 3.7649434044190544
list:
dist: 1.6610312787915638 vs. 1.6610312787915638
list:
dist: 2.8740269095324185 vs. 2.8740269095324185
list:
dist: 1.9952409670630709 vs. 1.9952409670630709
list:
dist: 2.0656512775531803 vs. 2.0656512775531803
list:
dist: 2.925595349361947 vs. 2.925595349361947
list:
dist: 2.5790735148832225 vs. 2.5790735148832225
list:
dist: 2.4841934584004832 vs. 2.4841934584004832
list:
dist: 2.741127396445324 vs. 2.741127396445324
list:
dist: 1.5110645419509 vs. 1.5110645419509
list:
dist: 0.8625928768021082 vs. 0.8625928768021082
list:
dist: 0.7110508163388276 vs. 0.7110508163388276
list:
dist: 0.9858484129333809 vs. 0.9858484129333809
list:
dist: 0.8535465403305422 vs. 0.8535465403305422
list:
dist: 2.27983005144441 vs. 2.27983005144441
list:
dist: 3.367254215209772 vs. 3.367254215209772
list:
dist: 2.395695815307999 vs. 2.395695815307999
list:
dist: 2.4386419958399452 vs. 2.4386419958399452
list:
dist: 3.18163622813931 vs. 3.18163622813931
list:
dist: 2.3008265882485834 vs. 2.3008265882485834
list:
dist: 1.7906788792215858 vs. 1.7906788792215858
list:
dist: 2.8219824369781015 vs. 2.8219824369781015
list:
dist: 2.296922948539795 vs. 2.296922948539795
list:
dist: 3.0790957701528696 vs. 3.0790957701528696
list:
dist: 3.55746845706225 vs. 3.55746845706225
list:
dist: 2.997692399017782 vs. 2.997692399017782
list:
dist: 3.109315937194201 vs. 3.109315937194201
list:
dist: 3.7866472868955223 vs. 3.7866472868955223
list:
dist: 2.296922948539795 vs. 2.296922948539795
list:
dist: 2.917479863263743 vs. 2.917479863263743
list:
dist: 1.86939781405886 vs. 1.86939781405886
list:
dist: 2.2910359279061674 vs. 2.2910359279061674
list:
dist: 1.9915801062299088 vs. 1.9915801062299088
list:
dist: 2.26211256650866 vs. 2.26211256650866
list:
dist: 3.1299979348893636 vs. 3.1299979348893636
list:
dist: 1.9745183472328056 vs. 1.9745183472328056
list:
dist: 2.4812448036317156 vs. 2.4812448036317156
list:
dist: 1.9851606796703045 vs. 1.9851606796703045
list:
dist: 3.0595567780763733 vs. 3.0595567780763733
list:
dist: 3.4520102079544723 vs. 3.4520102079544723
list:
dist: 2.3602124365005355 vs. 2.3602124365005355
list:
dist: 1.574016491329608 vs. 1.574016491329608
list:
dist: 1.4928017768686104 vs. 1.4928017768686104
list:
dist: 2.4620674285381323 vs. 2.4620674285381323
list:
dist: 1.9673809996673488 vs. 1.9673809996673488
list:
dist: 1.4605358939983026 vs. 1.4605358939983026
list:
dist: 0.9252875699716935 vs. 0.9252875699716935
list:
dist: 0.19480886026741107 vs. 0.19480886026741107
list:
dist: 2.3976065406698375 vs. 2.3976065406698375
list:
dist: 1.7958250661986943 vs. 1.7958250661986943
list:
dist: 2.4705226867101056 vs. 2.4705226867101056
list:
dist: 2.4841934584004832 vs. 2.4841934584004832
list:
dist: 2.220321740814377 vs. 2.220321740814377
list:
dist: 3.167971226972965 vs. 3.167971226972965
list:
dist: 1.8722955310191496 vs. 1.8722955310191496
list:
dist: 2.9289532223329346 vs. 2.9289532223329346
list:
dist: 2.4294256571026778 vs. 2.4294256571026778
list:
dist: 3.3385378692358736 vs. 3.3385378692358736
list:
dist: 3.0910197253514182 vs. 3.0910197253514182
list:
dist: 2.9646367986805826 vs. 2.9646367986805826
list:
dist: 3.7504460419421837 vs. 3.7504460419421837
list:
dist: 1.7839988640099984 vs. 1.7839988640099984
list:
dist: 3.389535061724843 vs. 3.389535061724843
list:
dist: 4.5656681473916665 vs. 4.5656681473916665
list:
dist: 3.45016643006542 vs. 3.45016643006542
list:
dist: 3.2440766526976033 vs. 3.2440766526976033
list:
dist: 3.0910197253514182 vs. 3.0910197253514182
list:
dist: 3.2468736853229143 vs. 3.2468736853229143
list:
dist: 1.8969776230975939 vs. 1.8969776230975939
list:
dist: 3.566093446587386 vs. 3.566093446587386
list:
dist: 2.395695815307999 vs. 2.395695815307999
list:
dist: 2.4731032989084034 vs. 2.4731032989084034
list:
dist: 2.4991983288578057 vs. 2.4991983288578057
list:
dist: 1.736460933651448 vs. 1.736460933651448
list:
dist: 2.6927713351915945 vs. 2.6927713351915945
list:
dist: 0.8777440768339163 vs. 0.8777440768339163
list:
dist: 1.1969507415745841 vs. 1.1969507415745841
list:
dist: 0.6590813847442921 vs. 0.6590813847442921
list:
dist: 1.151273635969074 vs. 1.151273635969074
list:
dist: 1.4598995426455392 vs. 1.4598995426455392
list:
dist: 2.7542012474853683 vs. 2.7542012474853683
list:
dist: 2.4785700805656896 vs. 2.4785700805656896
list:
dist: 2.0353497677434587 vs. 2.0353497677434587
list:
dist: 1.5033872749258461 vs. 1.5033872749258461
list:
dist: 2.488888319494992 vs. 2.488888319494992
list:
dist: 1.9745183472328056 vs. 1.9745183472328056
list:
dist: 1.6134145547870957 vs. 1.6134145547870957
list:
dist: 1.2059607961355314 vs. 1.2059607961355314
list:
dist: 0.8101806512242614 vs. 0.8101806512242614
list:
dist: 1.3208226608382019 vs. 1.3208226608382019
list:
dist: 0.7823089014727908 vs. 0.7823089014727908
list:
dist: 0.9252875699716935 vs. 0.9252875699716935
list:
dist: 1.95217165749111 vs. 1.95217165749111
list:
dist: 2.3713797385806377 vs. 2.3713797385806377
list:
dist: 2.5428544540192237 vs. 2.5428544540192237
list:
dist: 2.925595349361947 vs. 2.925595349361947
list:
dist: 2.395785780880457 vs. 2.395785780880457
list:
dist: 3.6271939828333832 vs. 3.6271939828333832
list:
dist: 2.4081802516084276 vs. 2.4081802516084276
list:
dist: 3.538154213541246 vs. 3.538154213541246
list:
dist: 2.9371187431626287 vs. 2.9371187431626287
list:
dist: 3.491725691603541 vs. 3.491725691603541
list:
dist: 3.45016643006542 vs. 3.45016643006542
list:
dist: 3.1500572919090155 vs. 3.1500572919090155
list:
dist: 4.260106885585829 vs. 4.260106885585829
list:
dist: 2.050075587321912 vs. 2.050075587321912
list:
dist: 3.287320250827778 vs. 3.287320250827778
list:
dist: 4.766483175867545 vs. 4.766483175867545
list:
dist: 2.5428544540192237 vs. 2.5428544540192237
list:
dist: 2.4503353968941055 vs. 2.4503353968941055
list:
dist: 2.4705226867101056 vs. 2.4705226867101056
list:
dist: 3.547106155901894 vs. 3.547106155901894
list:
dist: 1.5110645419509 vs. 1.5110645419509
list:
dist: 1.1071099469338255 vs. 1.1071099469338255
list:
dist: 2.0119502535174063 vs. 2.0119502535174063
list:
dist: 2.0661868710267175 vs. 2.0661868710267175
list:
dist: 2.135021166971163 vs. 2.135021166971163
list:
dist: 3.398763899450611 vs. 3.398763899450611
list:
dist: 4.265842369140231 vs. 4.265842369140231
list:
dist: 3.566093446587386 vs. 3.566093446587386
list:
dist: 3.375060669156505 vs. 3.375060669156505
list:
dist: 4.507346534901148 vs. 4.507346534901148
list:
dist: 2.9785817921891597 vs. 2.9785817921891597
list:
dist: 2.5997507776166593 vs. 2.5997507776166593
list:
dist: 4.018824617242673 vs. 4.018824617242673
list:
dist: 3.7866472868955223 vs. 3.7866472868955223
list:
dist: 4.396930294057594 vs. 4.396930294057594
list:
dist: 4.770957409765165 vs. 4.770957409765165
list:
dist: 4.223232452298764 vs. 4.223232452298764
list:
dist: 4.506454931806552 vs. 4.506454931806552
list:
dist: 3.6271939828333832 vs. 3.6271939828333832
list:
dist: 3.2730176024429496 vs. 3.2730176024429496
list:
dist: 3.167971226972965 vs. 3.167971226972965
list:
dist: 3.193265064292229 vs. 3.193265064292229
list:
dist: 2.0119502535174063 vs. 2.0119502535174063
list:
dist: 0.7110508163388276 vs. 0.7110508163388276
list:
dist: 1.4335143177265424 vs. 1.4335143177265424
list:
dist: 1.4953490961287175 vs. 1.4953490961287175
list:
dist: 0.7315967451942911 vs. 0.7315967451942911
list:
dist: 2.549839311377228 vs. 2.549839311377228
list:
dist: 3.5935726930321383 vs. 3.5935726930321383
list:
dist: 2.4991983288578057 vs. 2.4991983288578057
list:
dist: 2.637757157165143 vs. 2.637757157165143
list:
dist: 3.1762932040446707 vs. 3.1762932040446707
list:
dist: 2.780201360013782 vs. 2.780201360013782
list:
dist: 1.8897888423034759 vs. 1.8897888423034759
list:
dist: 2.3039827575565988 vs. 2.3039827575565988
list:
dist: 1.86939781405886 vs. 1.86939781405886
list:
dist: 2.783561441303176 vs. 2.783561441303176
list:
dist: 3.5612935045150413 vs. 3.5612935045150413
list:
dist: 2.94318362975914 vs. 2.94318362975914
list:
dist: 2.9304878224571977 vs. 2.9304878224571977
list:
dist: 2.3713797385806377 vs. 2.3713797385806377
list:
dist: 1.9719458846850717 vs. 1.9719458846850717
list:
dist: 1.7958250661986943 vs. 1.7958250661986943
list:
dist: 2.4028115084817783 vs. 2.4028115084817783
list:
dist: 3.547106155901894 vs. 3.547106155901894
list:
dist: 2.741127396445324 vs. 2.741127396445324
list:
dist: 2.7527536852959806 vs. 2.7527536852959806
list:
dist: 3.193265064292229 vs. 3.193265064292229
list:
dist: 1.7616575830259207 vs. 1.7616575830259207
list:
dist: 2.995851139320207 vs. 2.995851139320207
list:
dist: 1.0689641162385493 vs. 1.0689641162385493
list:
dist: 2.024749838551165 vs. 2.024749838551165
list:
dist: 1.8969776230975939 vs. 1.8969776230975939
list:
dist: 2.0195248557681444 vs. 2.0195248557681444
list:
dist: 2.1726567660260083 vs. 2.1726567660260083
list:
dist: 1.0416150050926127 vs. 1.0416150050926127
list:
dist: 2.3907423289043783 vs. 2.3907423289043783
list:
dist: 2.961639322337641 vs. 2.961639322337641
list:
dist: 1.9016700176127095 vs. 1.9016700176127095
list:
dist: 4.260106885585829 vs. 4.260106885585829
list:
dist: 3.9284567825040413 vs. 3.9284567825040413
list:
dist: 3.7504460419421837 vs. 3.7504460419421837
list:
dist: 3.934416347778173 vs. 3.934416347778173
list:
dist: 2.1726567660260083 vs. 2.1726567660260083
list:
dist: 4.507346534901148 vs. 4.507346534901148
list:
dist: 3.18163622813931 vs. 3.18163622813931
list:
dist: 3.4596496627716165 vs. 3.4596496627716165
list:
dist: 3.1762932040446707 vs. 3.1762932040446707
list:
dist: 2.5068874685329745 vs. 2.5068874685329745
list:
dist: 3.2056042715478803 vs. 3.2056042715478803
list:
dist: 1.3365895961303886 vs. 1.3365895961303886
list:
dist: 1.6759473158462888 vs. 1.6759473158462888
list:
dist: 1.151273635969074 vs. 1.151273635969074
list:
dist: 1.7503196477155327 vs. 1.7503196477155327
list:
dist: 2.2597666533304195 vs. 2.2597666533304195
list:
dist: 3.1052705500201365 vs. 3.1052705500201365
list:
dist: 2.1570557192283917 vs. 2.1570557192283917
list:
dist: 1.5242184709955802 vs. 1.5242184709955802
list:
dist: 2.5986634572008627 vs. 2.5986634572008627
list:
dist: 2.865211027631645 vs. 2.865211027631645
list:
dist: 1.9851606796703045 vs. 1.9851606796703045
list:
dist: 1.697903715079576 vs. 1.697903715079576
list:
dist: 0.843682453339404 vs. 0.843682453339404
list:
dist: 1.0552214082717553 vs. 1.0552214082717553
list:
dist: 0.8303952553565073 vs. 0.8303952553565073
list:
dist: 4.506454931806552 vs. 4.506454931806552
list:
dist: 3.109315937194201 vs. 3.109315937194201
list:
dist: 3.4549235701204624 vs. 3.4549235701204624
list:
dist: 2.9304878224571977 vs. 2.9304878224571977
list:
dist: 2.664944708428671 vs. 2.664944708428671
list:
dist: 3.0820480515409434 vs. 3.0820480515409434
list:
dist: 1.8302279685273395 vs. 1.8302279685273395
list:
dist: 2.1030861463336867 vs. 2.1030861463336867
list:
dist: 1.3208226608382019 vs. 1.3208226608382019
list:
dist: 1.9003173544997294 vs. 1.9003173544997294
list:
dist: 0.8303952553565073 vs. 0.8303952553565073
list:
dist: 2.711416014301777 vs. 2.711416014301777
list:
dist: 3.7144065717024786 vs. 3.7144065717024786
list:
dist: 2.6802798260721583 vs. 2.6802798260721583
list:
dist: 2.3175044531254625 vs. 2.3175044531254625
list:
dist: 2.4293979625631965 vs. 2.4293979625631965
list:
dist: 2.1319396359958334 vs. 2.1319396359958334
list:
dist: 1.4605358939983026 vs. 1.4605358939983026
list:
dist: 0.9467738221476935 vs. 0.9467738221476935
list:
dist: 1.0899122427990207 vs. 1.0899122427990207
list:
dist: 0.8762699847427853 vs. 0.8762699847427853
list:
dist: 1.95217165749111 vs. 1.95217165749111
list:
dist: 2.3903317417046748 vs. 2.3903317417046748
list:
dist: 2.3976065406698375 vs. 2.3976065406698375
list:
dist: 2.4028115084817783 vs. 2.4028115084817783
list:
dist: 2.922897170207649 vs. 2.922897170207649
list:
dist: 2.608872114821099 vs. 2.608872114821099
list:
dist: 3.2468736853229143 vs. 3.2468736853229143
list:
dist: 2.8268315220198095 vs. 2.8268315220198095
list:
dist: 3.934416347778173 vs. 3.934416347778173
list:
dist: 2.016879768043017 vs. 2.016879768043017
list:
dist: 1.6201982077044634 vs. 1.6201982077044634
list:
dist: 3.5114358396916363 vs. 3.5114358396916363
list:
dist: 4.770957409765165 vs. 4.770957409765165
list:
dist: 3.55746845706225 vs. 3.55746845706225
list:
dist: 3.6744565709725183 vs. 3.6744565709725183
list:
dist: 3.5612935045150413 vs. 3.5612935045150413
list:
dist: 2.899913484091313 vs. 2.899913484091313
list:
dist: 3.7327490196992157 vs. 3.7327490196992157
list:
dist: 1.7255951973602008 vs. 1.7255951973602008
list:
dist: 1.2438906679318267 vs. 1.2438906679318267
list:
dist: 1.2059607961355314 vs. 1.2059607961355314
list:
dist: 1.5684767094006802 vs. 1.5684767094006802
list:
dist: 0.843682453339404 vs. 0.843682453339404
list:
dist: 2.389897444549181 vs. 2.389897444549181
list:
dist: 2.7784060252230924 vs. 2.7784060252230924
list:
dist: 1.6291326933971473 vs. 1.6291326933971473
list:
dist: 1.5876317654884444 vs. 1.5876317654884444
list:
dist: 2.5260203267624193 vs. 2.5260203267624193
list:
dist: 2.888298025883992 vs. 2.888298025883992
list:
dist: 2.4620674285381323 vs. 2.4620674285381323
list:
dist: 1.599336557966589 vs. 1.599336557966589
list:
dist: 0.7383648713488398 vs. 0.7383648713488398
list:
dist: 1.0899122427990207 vs. 1.0899122427990207
list:
dist: 3.491725691603541 vs. 3.491725691603541
list:
dist: 3.4675639239821217 vs. 3.4675639239821217
list:
dist: 3.3385378692358736 vs. 3.3385378692358736
list:
dist: 2.608872114821099 vs. 2.608872114821099
list:
dist: 2.024749838551165 vs. 2.024749838551165
list:
dist: 4.265842369140231 vs. 4.265842369140231
list:
dist: 3.367254215209772 vs. 3.367254215209772
list:
dist: 3.2090994542259597 vs. 3.2090994542259597
list:
dist: 3.5935726930321383 vs. 3.5935726930321383
list:
dist: 2.5837150101348607 vs. 2.5837150101348607
list:
dist: 3.7851258361432394 vs. 3.7851258361432394
list:
dist: 1.5000783281056609 vs. 1.5000783281056609
list:
dist: 1.1969507415745841 vs. 1.1969507415745841
list:
dist: 1.0226679773219862 vs. 1.0226679773219862
list:
dist: 1.6759473158462888 vs. 1.6759473158462888
list:
dist: 1.5770459190883737 vs. 1.5770459190883737
list:
dist: 1.6919428490286388 vs. 1.6919428490286388
list:
dist: 1.5824138669640353 vs. 1.5824138669640353
list:
dist: 1.5921897399992924 vs. 1.5921897399992924
list:
dist: 2.198428442811107 vs. 2.198428442811107
list:
dist: 3.450329150398108 vs. 3.450329150398108
list:
dist: 3.1299979348893636 vs. 3.1299979348893636
list:
dist: 2.411451744264061 vs. 2.411451744264061
list:
dist: 1.2438906679318267 vs. 1.2438906679318267
list:
dist: 1.3875032345156166 vs. 1.3875032345156166
list:
dist: 2.1030861463336867 vs. 2.1030861463336867
list:
dist: 3.538154213541246 vs. 3.538154213541246
list:
dist: 3.047358389692836 vs. 3.047358389692836
list:
dist: 2.9289532223329346 vs. 2.9289532223329346
list:
dist: 2.995851139320207 vs. 2.995851139320207
list:
dist: 2.135021166971163 vs. 2.135021166971163
list:
dist: 0.8535465403305422 vs. 0.8535465403305422
list:
dist: 1.7120265128637693 vs. 1.7120265128637693
list:
dist: 0.7315967451942911 vs. 0.7315967451942911
list:
dist: 1.4365577920531465 vs. 1.4365577920531465
list:
dist: 2.5166316839686362 vs. 2.5166316839686362
list:
dist: 3.7851258361432394 vs. 3.7851258361432394
list:
dist: 2.6927713351915945 vs. 2.6927713351915945
list:
dist: 2.92280732469634 vs. 2.92280732469634
list:
dist: 3.2056042715478803 vs. 3.2056042715478803
list:
dist: 2.812476787997903 vs. 2.812476787997903
list:
dist: 4.23583724990206 vs. 4.23583724990206
list:
dist: 2.410470103700534 vs. 2.410470103700534
list:
dist: 2.8354857519355825 vs. 2.8354857519355825
list:
dist: 1.9915801062299088 vs. 1.9915801062299088
list:
dist: 3.142276579905098 vs. 3.142276579905098
list:
dist: 3.7327490196992157 vs. 3.7327490196992157
list:
dist: 3.2102576329256824 vs. 3.2102576329256824
list:
dist: 3.0820480515409434 vs. 3.0820480515409434
list:
dist: 4.018824617242673 vs. 4.018824617242673
list:
dist: 2.8219824369781015 vs. 2.8219824369781015
list:
dist: 3.164372026103273 vs. 3.164372026103273
list:
dist: 2.3039827575565988 vs. 2.3039827575565988
list:
dist: 3.0571683905990334 vs. 3.0571683905990334
list:
dist: 2.8354857519355825 vs. 2.8354857519355825
list:
dist: 3.1516677627458405 vs. 3.1516677627458405
list:
dist: 3.450329150398108 vs. 3.450329150398108
list:
dist: 2.488888319494992 vs. 2.488888319494992
list:
dist: 2.7007739241313775 vs. 2.7007739241313775
list:
dist: 2.865211027631645 vs. 2.865211027631645
list:
dist: 3.677688938790139 vs. 3.677688938790139
list:
dist: 4.293252952040745 vs. 4.293252952040745
list:
dist: 2.161786439328382 vs. 2.161786439328382
list:
dist: 1.574016491329608 vs. 1.574016491329608
list:
dist: 1.3418300345470098 vs. 1.3418300345470098
list:
dist: 2.888298025883992 vs. 2.888298025883992
list:
dist: 2.218594607209116 vs. 2.218594607209116
list:
dist: 2.1319396359958334 vs. 2.1319396359958334
list:
dist: 1.9016700176127095 vs. 1.9016700176127095
list:
dist: 4.23583724990206 vs. 4.23583724990206
list:
dist: 1.8021910777208494 vs. 1.8021910777208494
list:
dist: 1.5921897399992924 vs. 1.5921897399992924
list:
dist: 2.0353497677434587 vs. 2.0353497677434587
list:
dist: 2.3125100253202815 vs. 2.3125100253202815
list:
dist: 1.5242184709955802 vs. 1.5242184709955802
list:
dist: 2.29129491021885 vs. 2.29129491021885
list:
dist: 2.1164702925706425 vs. 2.1164702925706425
list:
dist: 1.334654312809252 vs. 1.334654312809252
list:
dist: 4.293252952040745 vs. 4.293252952040745
list:
dist: 3.4520102079544723 vs. 3.4520102079544723
list:
dist: 3.0853131595477783 vs. 3.0853131595477783
list:
dist: 1.5876317654884444 vs. 1.5876317654884444
list:
dist: 2.162770918594853 vs. 2.162770918594853
list:
dist: 2.3175044531254625 vs. 2.3175044531254625
list:
dist: 0.7823089014727908 vs. 0.7823089014727908
list:
dist: 0.19480886026741107 vs. 0.19480886026741107
list:
dist: 2.3903317417046748 vs. 2.3903317417046748
list:
dist: 1.9719458846850717 vs. 1.9719458846850717
list:
dist: 2.4503353968941055 vs. 2.4503353968941055
list:
dist: 2.5790735148832225 vs. 2.5790735148832225
list:
dist: 2.269487886642379 vs. 2.269487886642379
list:
dist: 3.2730176024429496 vs. 3.2730176024429496
list:
dist: 2.0130353854587053 vs. 2.0130353854587053
list:
dist: 3.047358389692836 vs. 3.047358389692836
list:
dist: 2.60282872137369 vs. 2.60282872137369
list:
dist: 3.4675639239821217 vs. 3.4675639239821217
list:
dist: 3.2440766526976033 vs. 3.2440766526976033
list:
dist: 3.090181356122866 vs. 3.090181356122866
list:
dist: 3.9284567825040413 vs. 3.9284567825040413
list:
dist: 1.917086207764784 vs. 1.917086207764784
list:
dist: 3.465671167761424 vs. 3.465671167761424
list:
dist: 4.704067190690271 vs. 4.704067190690271
list:
dist: 2.4081802516084276 vs. 2.4081802516084276
list:
dist: 2.0130353854587053 vs. 2.0130353854587053
list:
dist: 1.8722955310191496 vs. 1.8722955310191496
list:
dist: 1.7616575830259207 vs. 1.7616575830259207
list:
dist: 2.0661868710267175 vs. 2.0661868710267175
list:
dist: 0.9858484129333809 vs. 0.9858484129333809
list:
dist: 1.1777737247654645 vs. 1.1777737247654645
list:
dist: 1.4953490961287175 vs. 1.4953490961287175
list:
dist: 1.4365577920531465 vs. 1.4365577920531465
list:
dist: 1.3865116819021255 vs. 1.3865116819021255
list:
dist: 2.5837150101348607 vs. 2.5837150101348607
list:
dist: 1.736460933651448 vs. 1.736460933651448
list:
dist: 1.8040985975497161 vs. 1.8040985975497161
list:
dist: 2.5068874685329745 vs. 2.5068874685329745
list:
dist: 1.3888767513405367 vs. 1.3888767513405367
list:
dist: 1.6769291897455414 vs. 1.6769291897455414
list:
dist: 3.0571683905990334 vs. 3.0571683905990334
list:
dist: 2.2910359279061674 vs. 2.2910359279061674
list:
dist: 2.868275553472517 vs. 2.868275553472517
list:
dist: 2.899913484091313 vs. 2.899913484091313
list:
dist: 2.4785090181437295 vs. 2.4785090181437295
list:
dist: 2.664944708428671 vs. 2.664944708428671
list:
dist: 2.395785780880457 vs. 2.395785780880457
list:
dist: 2.269487886642379 vs. 2.269487886642379
list:
dist: 2.220321740814377 vs. 2.220321740814377
list:
dist: 2.7527536852959806 vs. 2.7527536852959806
list:
dist: 1.1071099469338255 vs. 1.1071099469338255
list:
dist: 0.8625928768021082 vs. 0.8625928768021082
list:
dist: 1.4335143177265424 vs. 1.4335143177265424
list:
dist: 1.1777737247654645 vs. 1.1777737247654645
list:
dist: 1.7120265128637693 vs. 1.7120265128637693
list:
dist: 2.4039504829707945 vs. 2.4039504829707945
list:
dist: 3.2090994542259597 vs. 3.2090994542259597
list:
dist: 2.4731032989084034 vs. 2.4731032989084034
list:
dist: 2.2834557196080527 vs. 2.2834557196080527
list:
dist: 3.4596496627716165 vs. 3.4596496627716165
list:
dist: 2.0657057419464477 vs. 2.0657057419464477
list:
dist: 1.550703003019654 vs. 1.550703003019654
list:
dist: 3.164372026103273 vs. 3.164372026103273
list:
dist: 2.917479863263743 vs. 2.917479863263743
list:
dist: 3.357082059029857 vs. 3.357082059029857
list:
dist: 3.6744565709725183 vs. 3.6744565709725183
list:
dist: 3.1218883853854478 vs. 3.1218883853854478
list:
dist: 3.4549235701204624 vs. 3.4549235701204624
list:
dist: 2.9371187431626287 vs. 2.9371187431626287
list:
dist: 2.60282872137369 vs. 2.60282872137369
list:
dist: 2.4294256571026778 vs. 2.4294256571026778
list:
dist: 2.922897170207649 vs. 2.922897170207649
list:
dist: 1.0689641162385493 vs. 1.0689641162385493
list:
dist: 3.398763899450611 vs. 3.398763899450611
list:
dist: 2.27983005144441 vs. 2.27983005144441
list:
dist: 2.4039504829707945 vs. 2.4039504829707945
list:
dist: 2.549839311377228 vs. 2.549839311377228
list:
dist: 1.3865116819021255 vs. 1.3865116819021255
list:
dist: 2.5166316839686362 vs. 2.5166316839686362
list:
dist: 1.5000783281056609 vs. 1.5000783281056609
list:
dist: 0.8777440768339163 vs. 0.8777440768339163
list:
dist: 1.2101984231066618 vs. 1.2101984231066618
list:
dist: 1.3365895961303886 vs. 1.3365895961303886
list:
dist: 1.0184745800662598 vs. 1.0184745800662598
list:
dist: 2.6237283314485573 vs. 2.6237283314485573
list:
dist: 2.662512096347749 vs. 2.662512096347749
list:
dist: 1.8021910777208494 vs. 1.8021910777208494
list:
dist: 1.9935162659816654 vs. 1.9935162659816654
list:
dist: 3.1516677627458405 vs. 3.1516677627458405
list:
dist: 2.26211256650866 vs. 2.26211256650866
list:
dist: 2.364213775885975 vs. 2.364213775885975
list:
dist: 1.7255951973602008 vs. 1.7255951973602008
list:
dist: 1.601526071898998 vs. 1.601526071898998
list:
dist: 1.8302279685273395 vs. 1.8302279685273395
list:
dist: 4.396930294057594 vs. 4.396930294057594
list:
dist: 3.0790957701528696 vs. 3.0790957701528696
list:
dist: 3.357082059029857 vs. 3.357082059029857
list:
dist: 2.783561441303176 vs. 2.783561441303176
list:
dist: 2.868275553472517 vs. 2.868275553472517
list:
dist: 3.142276579905098 vs. 3.142276579905098
list:
dist: 2.364213775885975 vs. 2.364213775885975
list:
dist: 2.411451744264061 vs. 2.411451744264061
list:
dist: 1.6134145547870957 vs. 1.6134145547870957
list:
dist: 1.9722670984731803 vs. 1.9722670984731803
list:
dist: 1.697903715079576 vs. 1.697903715079576
list:
dist: 3.046770628328384 vs. 3.046770628328384
list:
dist: 3.0853131595477783 vs. 3.0853131595477783
list:
dist: 2.1086744090372136 vs. 2.1086744090372136
list:
dist: 1.3418300345470098 vs. 1.3418300345470098
list:
dist: 1.4928017768686104 vs. 1.4928017768686104
list:
dist: 1.599336557966589 vs. 1.599336557966589
list:
dist: 1.0414436997099836 vs. 1.0414436997099836
list:
dist: 0.9467738221476935 vs. 0.9467738221476935
list:
dist: 4.766483175867545 vs. 4.766483175867545
list:
dist: 4.704067190690271 vs. 4.704067190690271
list:
dist: 4.5656681473916665 vs. 4.5656681473916665
list:
dist: 3.5114358396916363 vs. 3.5114358396916363
list:
dist: 2.961639322337641 vs. 2.961639322337641
list:
dist: 2.662512096347749 vs. 2.662512096347749
list:
dist: 1.5824138669640353 vs. 1.5824138669640353
list:
dist: 2.4785700805656896 vs. 2.4785700805656896
list:
dist: 2.5515066607278913 vs. 2.5515066607278913
list:
dist: 2.1570557192283917 vs. 2.1570557192283917
list:
dist: 2.957867342616857 vs. 2.957867342616857
list:
dist: 1.9966086617896643 vs. 1.9966086617896643
list:
dist: 1.334654312809252 vs. 1.334654312809252
list:
dist: 3.707801933156329 vs. 3.707801933156329
list:
dist: 1.6291326933971473 vs. 1.6291326933971473
list:
dist: 2.2804802988025807 vs. 2.2804802988025807
list:
dist: 2.6802798260721583 vs. 2.6802798260721583
list:
dist: 2.050075587321912 vs. 2.050075587321912
list:
dist: 1.917086207764784 vs. 1.917086207764784
list:
dist: 1.7839988640099984 vs. 1.7839988640099984
list:
dist: 2.016879768043017 vs. 2.016879768043017
list:
dist: 1.0416150050926127 vs. 1.0416150050926127
list:
dist: 2.9785817921891597 vs. 2.9785817921891597
list:
dist: 2.3008265882485834 vs. 2.3008265882485834
list:
dist: 2.0657057419464477 vs. 2.0657057419464477
list:
dist: 2.780201360013782 vs. 2.780201360013782
list:
dist: 1.3888767513405367 vs. 1.3888767513405367
list:
dist: 2.812476787997903 vs. 2.812476787997903
list:
dist: 1.0184745800662598 vs. 1.0184745800662598
list:
dist: 1.5770459190883737 vs. 1.5770459190883737
list:
dist: 1.4598995426455392 vs. 1.4598995426455392
list:
dist: 1.2633544512531627 vs. 1.2633544512531627
list:
dist: 2.2597666533304195 vs. 2.2597666533304195
list:
dist: 2.1801277173976197 vs. 2.1801277173976197
list:
dist: 2.957867342616857 vs. 2.957867342616857
list:
dist: 2.29129491021885 vs. 2.29129491021885
list:
dist: 1.9164112138969012 vs. 1.9164112138969012
list:
dist: 3.677688938790139 vs. 3.677688938790139
list:
dist: 3.0595567780763733 vs. 3.0595567780763733
list:
dist: 3.046770628328384 vs. 3.046770628328384
list:
dist: 2.389897444549181 vs. 2.389897444549181
list:
dist: 2.2284492794211004 vs. 2.2284492794211004
list:
dist: 2.711416014301777 vs. 2.711416014301777
list:
dist: 3.1500572919090155 vs. 3.1500572919090155
list:
dist: 3.090181356122866 vs. 3.090181356122866
list:
dist: 2.9646367986805826 vs. 2.9646367986805826
list:
dist: 2.8268315220198095 vs. 2.8268315220198095
list:
dist: 2.0195248557681444 vs. 2.0195248557681444
list:
dist: 3.375060669156505 vs. 3.375060669156505
list:
dist: 2.4386419958399452 vs. 2.4386419958399452
list:
dist: 2.2834557196080527 vs. 2.2834557196080527
list:
dist: 2.637757157165143 vs. 2.637757157165143
list:
dist: 1.8040985975497161 vs. 1.8040985975497161
list:
dist: 2.92280732469634 vs. 2.92280732469634
list:
dist: 1.2101984231066618 vs. 1.2101984231066618
list:
dist: 1.0226679773219862 vs. 1.0226679773219862
list:
dist: 0.6590813847442921 vs. 0.6590813847442921
list:
dist: 1.7503196477155327 vs. 1.7503196477155327
list:
dist: 1.2633544512531627 vs. 1.2633544512531627
list:
dist: 2.4612942927599724 vs. 2.4612942927599724
list:
dist: 2.5515066607278913 vs. 2.5515066607278913
list:
dist: 2.3125100253202815 vs. 2.3125100253202815
list:
dist: 1.1969639480970973 vs. 1.1969639480970973
list:
dist: 2.7007739241313775 vs. 2.7007739241313775
list:
dist: 2.4812448036317156 vs. 2.4812448036317156
list:
dist: 1.9722670984731803 vs. 1.9722670984731803
list:
dist: 1.5684767094006802 vs. 1.5684767094006802
list:
dist: 1.178401902290238 vs. 1.178401902290238
list:
dist: 1.9003173544997294 vs. 1.9003173544997294
list:
dist: 2.5997507776166593 vs. 2.5997507776166593
list:
dist: 1.7906788792215858 vs. 1.7906788792215858
list:
dist: 1.550703003019654 vs. 1.550703003019654
list:
dist: 1.8897888423034759 vs. 1.8897888423034759
list:
dist: 1.6769291897455414 vs. 1.6769291897455414
list:
dist: 2.410470103700534 vs. 2.410470103700534
list:
dist: 1.9935162659816654 vs. 1.9935162659816654
list:
dist: 2.198428442811107 vs. 2.198428442811107
list:
dist: 1.5033872749258461 vs. 1.5033872749258461
list:
dist: 1.1969639480970973 vs. 1.1969639480970973
list:
dist: 2.5986634572008627 vs. 2.5986634572008627
list:
dist: 1.9164112138969012 vs. 1.9164112138969012
list:
dist: 3.491837778439925 vs. 3.491837778439925
list:
dist: 3.707801933156329 vs. 3.707801933156329
list:
dist: 2.161786439328382 vs. 2.161786439328382
list:
dist: 2.3602124365005355 vs. 2.3602124365005355
list:
dist: 2.1086744090372136 vs. 2.1086744090372136
list:
dist: 2.5260203267624193 vs. 2.5260203267624193
list:
dist: 1.8824897441382282 vs. 1.8824897441382282
list:
dist: 2.4293979625631965 vs. 2.4293979625631965
list:
dist: 4.223232452298764 vs. 4.223232452298764
list:
dist: 2.997692399017782 vs. 2.997692399017782
list:
dist: 3.1218883853854478 vs. 3.1218883853854478
list:
dist: 2.94318362975914 vs. 2.94318362975914
list:
dist: 2.4785090181437295 vs. 2.4785090181437295
list:
dist: 3.2102576329256824 vs. 3.2102576329256824
list:
dist: 1.601526071898998 vs. 1.601526071898998
list:
dist: 1.3875032345156166 vs. 1.3875032345156166
list:
dist: 0.8101806512242614 vs. 0.8101806512242614
list:
dist: 1.178401902290238 vs. 1.178401902290238
list:
dist: 1.0552214082717553 vs. 1.0552214082717553
list:
dist: 2.2284492794211004 vs. 2.2284492794211004
list:
dist: 3.073746606925688 vs. 3.073746606925688
list:
dist: 2.2804802988025807 vs. 2.2804802988025807
list:
dist: 2.162770918594853 vs. 2.162770918594853
list:
dist: 1.8824897441382282 vs. 1.8824897441382282
list:
dist: 2.218594607209116 vs. 2.218594607209116
list:
dist: 1.9673809996673488 vs. 1.9673809996673488
list:
dist: 1.0414436997099836 vs. 1.0414436997099836
list:
dist: 0.7383648713488398 vs. 0.7383648713488398
list:
dist: 0.8762699847427853 vs. 0.8762699847427853
list:
dist: 3.287320250827778 vs. 3.287320250827778
list:
dist: 3.465671167761424 vs. 3.465671167761424
list:
dist: 3.389535061724843 vs. 3.389535061724843
list:
dist: 1.6201982077044634 vs. 1.6201982077044634
list:
dist: 2.3907423289043783 vs. 2.3907423289043783
list:
dist: 2.6237283314485573 vs. 2.6237283314485573
list:
dist: 1.6919428490286388 vs. 1.6919428490286388
list:
dist: 2.7542012474853683 vs. 2.7542012474853683
list:
dist: 2.4612942927599724 vs. 2.4612942927599724
list:
dist: 3.1052705500201365 vs. 3.1052705500201365
list:
dist: 2.1801277173976197 vs. 2.1801277173976197
list:
dist: 1.9966086617896643 vs. 1.9966086617896643
list:
dist: 2.1164702925706425 vs. 2.1164702925706425
list:
dist: 3.491837778439925 vs. 3.491837778439925
list:
dist: 2.7784060252230924 vs. 2.7784060252230924
list:
dist: 3.073746606925688 vs. 3.073746606925688
list:
dist: 3.7144065717024786 vs. 3.7144065717024786
800
rk
<OccurredElementalReaction>
	 elmtlRkId: 0
	 p(id,type,coords) 16 1 2.142054926239259 2.9577015845015566 1.072431606991113
</OccurredElementalReaction>
rk
<OccurredElementalReaction>
	 elmtlRkId: 3
	 p(id,type,coords) 109 4 6.492198345086362 -2.3784647796773926 23.90007728732181
</OccurredElementalReaction>
900
Neighbor List consistency Check...
--------
nle(id0,id1,dist): 4 29 1.8718890283962795
list:
dist: 1.8718890283962795 vs. 1.8718890283962795
--------
nle(id0,id1,dist): 5 14 3.3071281578047933
list:
dist: 3.3071281578047933 vs. 3.3071281578047933
--------
nle(id0,id1,dist): 5 9 3.14657431776635
list:
dist: 3.14657431776635 vs. 3.14657431776635
--------
nle(id0,id1,dist): 5 8 2.5777200684059336
list:
dist: 2.5777200684059336 vs. 2.5777200684059336
--------
nle(id0,id1,dist): 4 10 2.223269846455362
list:
dist: 2.223269846455362 vs. 2.223269846455362
--------
nle(id0,id1,dist): 4 7 1.390429429089922
list:
dist: 1.390429429089922 vs. 1.390429429089922
--------
nle(id0,id1,dist): 4 8 2.7726977837687605
list:
dist: 2.7726977837687605 vs. 2.7726977837687605
--------
nle(id0,id1,dist): 4 6 0.9135945452593596
list:
dist: 0.9135945452593596 vs. 0.9135945452593596
--------
nle(id0,id1,dist): 4 26 2.919414633722794
list:
dist: 2.919414633722794 vs. 2.919414633722794
--------
nle(id0,id1,dist): 4 25 3.2676973998433785
list:
dist: 3.2676973998433785 vs. 3.2676973998433785
--------
nle(id0,id1,dist): 4 22 2.29625750103408
list:
dist: 2.29625750103408 vs. 2.29625750103408
--------
nle(id0,id1,dist): 4 21 1.333458793846419
list:
dist: 1.333458793846419 vs. 1.333458793846419
--------
nle(id0,id1,dist): 4 20 1.4360140967039015
list:
dist: 1.4360140967039015 vs. 1.4360140967039015
--------
nle(id0,id1,dist): 4 19 1.1869728167749567
list:
dist: 1.1869728167749567 vs. 1.1869728167749567
--------
nle(id0,id1,dist): 4 17 1.633932456951435
list:
dist: 1.633932456951435 vs. 1.633932456951435
--------
nle(id0,id1,dist): 4 15 2.167269337371779
list:
dist: 2.167269337371779 vs. 2.167269337371779
--------
nle(id0,id1,dist): 4 14 1.4644059437161896
list:
dist: 1.4644059437161896 vs. 1.4644059437161896
--------
nle(id0,id1,dist): 6 29 1.1413076358213183
list:
dist: 1.1413076358213183 vs. 1.1413076358213183
--------
nle(id0,id1,dist): 6 19 0.6613392622315779
list:
dist: 0.6613392622315779 vs. 0.6613392622315779
--------
nle(id0,id1,dist): 6 20 2.330516280356793
list:
dist: 2.330516280356793 vs. 2.330516280356793
--------
nle(id0,id1,dist): 6 21 1.6707521947085189
list:
dist: 1.6707521947085189 vs. 1.6707521947085189
--------
nle(id0,id1,dist): 6 22 2.0574122391264207
list:
dist: 2.0574122391264207 vs. 2.0574122391264207
--------
nle(id0,id1,dist): 6 26 3.075853691970534
list:
dist: 3.075853691970534 vs. 3.075853691970534
--------
nle(id0,id1,dist): 7 8 1.9762737811311764
list:
dist: 1.9762737811311764 vs. 1.9762737811311764
--------
nle(id0,id1,dist): 7 11 2.110619322136506
list:
dist: 2.110619322136506 vs. 2.110619322136506
--------
nle(id0,id1,dist): 7 10 0.9381565793201049
list:
dist: 0.9381565793201049 vs. 0.9381565793201049
--------
nle(id0,id1,dist): 7 13 2.658801362317622
list:
dist: 2.658801362317622 vs. 2.658801362317622
--------
nle(id0,id1,dist): 6 14 1.654900757768856
list:
dist: 1.654900757768856 vs. 1.654900757768856
--------
nle(id0,id1,dist): 6 13 1.9292509055789147
list:
dist: 1.9292509055789147 vs. 1.9292509055789147
--------
nle(id0,id1,dist): 6 11 1.9060671464331322
list:
dist: 1.9060671464331322 vs. 1.9060671464331322
--------
nle(id0,id1,dist): 6 17 1.372424882581738
list:
dist: 1.372424882581738 vs. 1.372424882581738
--------
nle(id0,id1,dist): 6 15 2.3618541010524363
list:
dist: 2.3618541010524363 vs. 2.3618541010524363
--------
nle(id0,id1,dist): 6 10 1.7548367898989001
list:
dist: 1.7548367898989001 vs. 1.7548367898989001
--------
nle(id0,id1,dist): 6 8 2.7919934362919725
list:
dist: 2.7919934362919725 vs. 2.7919934362919725
--------
nle(id0,id1,dist): 6 7 1.2599739638194662
list:
dist: 1.2599739638194662 vs. 1.2599739638194662
--------
nle(id0,id1,dist): 8 14 1.6081110595007873
list:
dist: 1.6081110595007873 vs. 1.6081110595007873
--------
nle(id0,id1,dist): 8 10 2.1720317607684967
list:
dist: 2.1720317607684967 vs. 2.1720317607684967
--------
nle(id0,id1,dist): 8 9 2.3809736302466153
list:
dist: 2.3809736302466153 vs. 2.3809736302466153
--------
nle(id0,id1,dist): 8 11 3.277858662089904
list:
dist: 3.277858662089904 vs. 3.277858662089904
--------
nle(id0,id1,dist): 8 20 3.525706380003105
list:
dist: 3.525706380003105 vs. 3.525706380003105
--------
nle(id0,id1,dist): 8 19 3.451663107815434
list:
dist: 3.451663107815434 vs. 3.451663107815434
--------
nle(id0,id1,dist): 7 21 2.510974340291483
list:
dist: 2.510974340291483 vs. 2.510974340291483
--------
nle(id0,id1,dist): 7 20 2.441648519357575
list:
dist: 2.441648519357575 vs. 2.441648519357575
--------
nle(id0,id1,dist): 7 19 1.8284997268774683
list:
dist: 1.8284997268774683 vs. 1.8284997268774683
--------
nle(id0,id1,dist): 7 17 2.2004054168122504
list:
dist: 2.2004054168122504 vs. 2.2004054168122504
--------
nle(id0,id1,dist): 4 127 2.2073352592498243
list:
dist: 2.2073352592498243 vs. 2.2073352592498243
--------
nle(id0,id1,dist): 7 15 3.298694514856934
list:
dist: 3.298694514856934 vs. 3.298694514856934
--------
nle(id0,id1,dist): 7 14 0.6370800504692339
list:
dist: 0.6370800504692339 vs. 0.6370800504692339
--------
nle(id0,id1,dist): 7 29 1.8295206728262865
list:
dist: 1.8295206728262865 vs. 1.8295206728262865
--------
nle(id0,id1,dist): 7 26 3.834235112886491
list:
dist: 3.834235112886491 vs. 3.834235112886491
--------
nle(id0,id1,dist): 7 22 3.1895502427124494
list:
dist: 3.1895502427124494 vs. 3.1895502427124494
--------
nle(id0,id1,dist): 10 11 1.5458025250723604
list:
dist: 1.5458025250723604 vs. 1.5458025250723604
--------
nle(id0,id1,dist): 10 14 1.4240200780454018
list:
dist: 1.4240200780454018 vs. 1.4240200780454018
--------
nle(id0,id1,dist): 10 13 2.375030370259607
list:
dist: 2.375030370259607 vs. 2.375030370259607
--------
nle(id0,id1,dist): 10 15 3.897947762871349
list:
dist: 3.897947762871349 vs. 3.897947762871349
--------
nle(id0,id1,dist): 7 127 3.1169435049324234
list:
dist: 3.1169435049324234 vs. 3.1169435049324234
--------
nle(id0,id1,dist): 10 17 2.5813251964715924
list:
dist: 2.5813251964715924 vs. 2.5813251964715924
--------
nle(id0,id1,dist): 10 19 2.2567382872496
list:
dist: 2.2567382872496 vs. 2.2567382872496
--------
nle(id0,id1,dist): 10 20 3.358397129947826
list:
dist: 3.358397129947826 vs. 3.358397129947826
--------
nle(id0,id1,dist): 10 21 3.1935832265146407
list:
dist: 3.1935832265146407 vs. 3.1935832265146407
--------
nle(id0,id1,dist): 10 22 3.5781289444736206
list:
dist: 3.5781289444736206 vs. 3.5781289444736206
--------
nle(id0,id1,dist): 10 26 4.345600156911969
list:
dist: 4.345600156911969 vs. 4.345600156911969
--------
nle(id0,id1,dist): 10 29 1.8656311754230066
list:
dist: 1.8656311754230066 vs. 1.8656311754230066
--------
nle(id0,id1,dist): 9 14 3.9638076145251078
list:
dist: 3.9638076145251078 vs. 3.9638076145251078
--------
nle(id0,id1,dist): 6 127 1.8688406311177403
list:
dist: 1.8688406311177403 vs. 1.8688406311177403
--------
nle(id0,id1,dist): 11 29 1.4518834726066656
list:
dist: 1.4518834726066656 vs. 1.4518834726066656
--------
nle(id0,id1,dist): 11 19 2.10447539812541
list:
dist: 2.10447539812541 vs. 2.10447539812541
--------
nle(id0,id1,dist): 11 14 2.690934307788844
list:
dist: 2.690934307788844 vs. 2.690934307788844
--------
nle(id0,id1,dist): 11 17 2.4669951928320564
list:
dist: 2.4669951928320564 vs. 2.4669951928320564
--------
nle(id0,id1,dist): 11 13 1.0069826540196776
list:
dist: 1.0069826540196776 vs. 1.0069826540196776
--------
nle(id0,id1,dist): 13 29 1.3723659733923896
list:
dist: 1.3723659733923896 vs. 1.3723659733923896
--------
nle(id0,id1,dist): 13 19 1.8511702482850168
list:
dist: 1.8511702482850168 vs. 1.8511702482850168
--------
nle(id0,id1,dist): 10 127 3.495865418417707
list:
dist: 3.495865418417707 vs. 3.495865418417707
--------
nle(id0,id1,dist): 13 17 2.224538911033138
list:
dist: 2.224538911033138 vs. 2.224538911033138
--------
nle(id0,id1,dist): 15 29 2.4329089218805704
list:
dist: 2.4329089218805704 vs. 2.4329089218805704
--------
nle(id0,id1,dist): 15 26 1.0499373267922678
list:
dist: 1.0499373267922678 vs. 1.0499373267922678
--------
nle(id0,id1,dist): 15 27 1.2839557427730954
list:
dist: 1.2839557427730954 vs. 1.2839557427730954
--------
nle(id0,id1,dist): 15 24 1.9742952403980734
list:
dist: 1.9742952403980734 vs. 1.9742952403980734
--------
nle(id0,id1,dist): 15 25 2.7103608922407294
list:
dist: 2.7103608922407294 vs. 2.7103608922407294
--------
nle(id0,id1,dist): 15 22 1.0790143032536372
list:
dist: 1.0790143032536372 vs. 1.0790143032536372
--------
nle(id0,id1,dist): 15 21 0.8461575204583816
list:
dist: 0.8461575204583816 vs. 0.8461575204583816
--------
nle(id0,id1,dist): 15 20 2.340472476574191
list:
dist: 2.340472476574191 vs. 2.340472476574191
--------
nle(id0,id1,dist): 15 19 1.8189217860963247
list:
dist: 1.8189217860963247 vs. 1.8189217860963247
--------
nle(id0,id1,dist): 15 17 1.470481406314926
list:
dist: 1.470481406314926 vs. 1.470481406314926
--------
nle(id0,id1,dist): 11 127 2.919040389182732
list:
dist: 2.919040389182732 vs. 2.919040389182732
--------
nle(id0,id1,dist): 14 20 2.238041351284908
list:
dist: 2.238041351284908 vs. 2.238041351284908
--------
nle(id0,id1,dist): 14 19 2.242901230128239
list:
dist: 2.242901230128239 vs. 2.242901230128239
--------
nle(id0,id1,dist): 17 19 0.8559747813406252
list:
dist: 0.8559747813406252 vs. 0.8559747813406252
--------
nle(id0,id1,dist): 17 22 1.200309955188143
list:
dist: 1.200309955188143 vs. 1.200309955188143
--------
nle(id0,id1,dist): 17 20 2.4900162921166125
list:
dist: 2.4900162921166125 vs. 2.4900162921166125
--------
nle(id0,id1,dist): 17 21 1.1425251913550654
list:
dist: 1.1425251913550654 vs. 1.1425251913550654
--------
nle(id0,id1,dist): 17 26 1.8540515976598573
list:
dist: 1.8540515976598573 vs. 1.8540515976598573
--------
nle(id0,id1,dist): 17 27 2.063721006563871
list:
dist: 2.063721006563871 vs. 2.063721006563871
--------
nle(id0,id1,dist): 17 24 2.5203085156690603
list:
dist: 2.5203085156690603 vs. 2.5203085156690603
--------
nle(id0,id1,dist): 13 127 2.208660878186616
list:
dist: 2.208660878186616 vs. 2.208660878186616
--------
nle(id0,id1,dist): 1 2 0.8585362302147549
list:
dist: 0.8585362302147549 vs. 0.8585362302147549
--------
nle(id0,id1,dist): 1 3 2.406729353034143
list:
dist: 2.406729353034143 vs. 2.406729353034143
--------
nle(id0,id1,dist): 1 5 1.707348099919609
list:
dist: 1.707348099919609 vs. 1.707348099919609
--------
nle(id0,id1,dist): 1 8 2.1093793884183034
list:
dist: 2.1093793884183034 vs. 2.1093793884183034
--------
nle(id0,id1,dist): 1 9 3.8735676302058097
list:
dist: 3.8735676302058097 vs. 3.8735676302058097
--------
nle(id0,id1,dist): 2 5 1.7304839997789208
list:
dist: 1.7304839997789208 vs. 1.7304839997789208
--------
nle(id0,id1,dist): 2 6 3.330730343746401
list:
dist: 3.330730343746401 vs. 3.330730343746401
--------
nle(id0,id1,dist): 2 3 2.1968093816587513
list:
dist: 2.1968093816587513 vs. 2.1968093816587513
--------
nle(id0,id1,dist): 2 4 2.9161246378257824
list:
dist: 2.9161246378257824 vs. 2.9161246378257824
--------
nle(id0,id1,dist): 1 14 1.927252648411433
list:
dist: 1.927252648411433 vs. 1.927252648411433
--------
nle(id0,id1,dist): 2 11 4.265455912899312
list:
dist: 4.265455912899312 vs. 4.265455912899312
--------
nle(id0,id1,dist): 2 14 1.7504975089051624
list:
dist: 1.7504975089051624 vs. 1.7504975089051624
--------
nle(id0,id1,dist): 2 8 1.5193207067304588
list:
dist: 1.5193207067304588 vs. 1.5193207067304588
--------
nle(id0,id1,dist): 2 7 2.357277851613624
list:
dist: 2.357277851613624 vs. 2.357277851613624
--------
nle(id0,id1,dist): 2 10 2.866346139818275
list:
dist: 2.866346139818275 vs. 2.866346139818275
--------
nle(id0,id1,dist): 2 9 3.350626704567059
list:
dist: 3.350626704567059 vs. 3.350626704567059
--------
nle(id0,id1,dist): 2 20 3.0192130620293964
list:
dist: 3.0192130620293964 vs. 3.0192130620293964
--------
nle(id0,id1,dist): 2 19 3.917478460506529
list:
dist: 3.917478460506529 vs. 3.917478460506529
--------
nle(id0,id1,dist): 3 19 3.9459313482817295
list:
dist: 3.9459313482817295 vs. 3.9459313482817295
--------
nle(id0,id1,dist): 3 9 2.2376392146239765
list:
dist: 2.2376392146239765 vs. 2.2376392146239765
--------
nle(id0,id1,dist): 3 8 1.2205824758457895
list:
dist: 1.2205824758457895 vs. 1.2205824758457895
--------
nle(id0,id1,dist): 3 7 2.3034025810315377
list:
dist: 2.3034025810315377 vs. 2.3034025810315377
--------
nle(id0,id1,dist): 3 6 3.308206442978518
list:
dist: 3.308206442978518 vs. 3.308206442978518
--------
nle(id0,id1,dist): 3 5 2.6490425272916878
list:
dist: 2.6490425272916878 vs. 2.6490425272916878
--------
nle(id0,id1,dist): 3 14 2.162025015154268
list:
dist: 2.162025015154268 vs. 2.162025015154268
--------
nle(id0,id1,dist): 3 11 3.140214286802005
list:
dist: 3.140214286802005 vs. 3.140214286802005
--------
nle(id0,id1,dist): 3 10 2.007658096854286
list:
dist: 2.007658096854286 vs. 2.007658096854286
--------
nle(id0,id1,dist): 37 48 2.4748505948421338
list:
dist: 2.4748505948421338 vs. 2.4748505948421338
--------
nle(id0,id1,dist): 37 49 1.7662387382692761
list:
dist: 1.7662387382692761 vs. 1.7662387382692761
--------
nle(id0,id1,dist): 37 55 4.206734910191391
list:
dist: 4.206734910191391 vs. 4.206734910191391
--------
nle(id0,id1,dist): 37 46 3.1490610459373833
list:
dist: 3.1490610459373833 vs. 3.1490610459373833
--------
nle(id0,id1,dist): 37 39 2.676434050098463
list:
dist: 2.676434050098463 vs. 2.676434050098463
--------
nle(id0,id1,dist): 37 38 1.5835750939839253
list:
dist: 1.5835750939839253 vs. 1.5835750939839253
--------
nle(id0,id1,dist): 36 55 3.0843701121135965
list:
dist: 3.0843701121135965 vs. 3.0843701121135965
--------
nle(id0,id1,dist): 36 56 2.5170071978014947
list:
dist: 2.5170071978014947 vs. 2.5170071978014947
--------
nle(id0,id1,dist): 36 54 2.6664251563592836
list:
dist: 2.6664251563592836 vs. 2.6664251563592836
--------
nle(id0,id1,dist): 36 57 2.923140281312838
list:
dist: 2.923140281312838 vs. 2.923140281312838
--------
nle(id0,id1,dist): 36 58 3.7453680336767277
list:
dist: 3.7453680336767277 vs. 3.7453680336767277
--------
nle(id0,id1,dist): 36 47 2.101428919900816
list:
dist: 2.101428919900816 vs. 2.101428919900816
--------
nle(id0,id1,dist): 36 48 3.06804488834668
list:
dist: 3.06804488834668 vs. 3.06804488834668
--------
nle(id0,id1,dist): 36 46 1.2149362592251476
list:
dist: 1.2149362592251476 vs. 1.2149362592251476
--------
nle(id0,id1,dist): 36 51 2.508409339743566
list:
dist: 2.508409339743566 vs. 2.508409339743566
--------
nle(id0,id1,dist): 36 52 2.6079585067594686
list:
dist: 2.6079585067594686 vs. 2.6079585067594686
--------
nle(id0,id1,dist): 36 49 2.7014028653105084
list:
dist: 2.7014028653105084 vs. 2.7014028653105084
--------
nle(id0,id1,dist): 36 50 1.495287015878577
list:
dist: 1.495287015878577 vs. 1.495287015878577
--------
nle(id0,id1,dist): 36 40 1.977359054628515
list:
dist: 1.977359054628515 vs. 1.977359054628515
--------
nle(id0,id1,dist): 36 44 1.8107904008045062
list:
dist: 1.8107904008045062 vs. 1.8107904008045062
--------
nle(id0,id1,dist): 36 43 1.92239303599084
list:
dist: 1.92239303599084 vs. 1.92239303599084
--------
nle(id0,id1,dist): 36 42 1.8807699155116957
list:
dist: 1.8807699155116957 vs. 1.8807699155116957
--------
nle(id0,id1,dist): 35 58 1.0556212891326862
list:
dist: 1.0556212891326862 vs. 1.0556212891326862
--------
nle(id0,id1,dist): 35 59 2.667531105730921
list:
dist: 2.667531105730921 vs. 2.667531105730921
--------
nle(id0,id1,dist): 35 54 1.5957201249559063
list:
dist: 1.5957201249559063 vs. 1.5957201249559063
--------
nle(id0,id1,dist): 35 55 1.4236487636407504
list:
dist: 1.4236487636407504 vs. 1.4236487636407504
--------
nle(id0,id1,dist): 35 56 2.6461963275329015
list:
dist: 2.6461963275329015 vs. 2.6461963275329015
--------
nle(id0,id1,dist): 35 57 1.8820739814887082
list:
dist: 1.8820739814887082 vs. 1.8820739814887082
--------
nle(id0,id1,dist): 35 50 2.319463805177008
list:
dist: 2.319463805177008 vs. 2.319463805177008
--------
nle(id0,id1,dist): 35 51 2.4652772882356593
list:
dist: 2.4652772882356593 vs. 2.4652772882356593
--------
nle(id0,id1,dist): 35 47 3.0812692433880176
list:
dist: 3.0812692433880176 vs. 3.0812692433880176
--------
nle(id0,id1,dist): 35 46 2.138415572676076
list:
dist: 2.138415572676076 vs. 2.138415572676076
--------
nle(id0,id1,dist): 35 49 1.3145292039078613
list:
dist: 1.3145292039078613 vs. 1.3145292039078613
--------
nle(id0,id1,dist): 35 48 0.8097788861695757
list:
dist: 0.8097788861695757 vs. 0.8097788861695757
--------
nle(id0,id1,dist): 35 43 3.8388843488802107
list:
dist: 3.8388843488802107 vs. 3.8388843488802107
--------
nle(id0,id1,dist): 35 42 1.996354299049389
list:
dist: 1.996354299049389 vs. 1.996354299049389
--------
nle(id0,id1,dist): 35 44 2.2031530678249207
list:
dist: 2.2031530678249207 vs. 2.2031530678249207
--------
nle(id0,id1,dist): 35 39 1.759998617393665
list:
dist: 1.759998617393665 vs. 1.759998617393665
--------
nle(id0,id1,dist): 35 38 2.081032930816612
list:
dist: 2.081032930816612 vs. 2.081032930816612
--------
nle(id0,id1,dist): 35 40 2.9689730245610213
list:
dist: 2.9689730245610213 vs. 2.9689730245610213
--------
nle(id0,id1,dist): 35 37 2.8133605922812315
list:
dist: 2.8133605922812315 vs. 2.8133605922812315
--------
nle(id0,id1,dist): 35 36 2.8419184294823365
list:
dist: 2.8419184294823365 vs. 2.8419184294823365
--------
nle(id0,id1,dist): 34 57 3.1481915075558438
list:
dist: 3.1481915075558438 vs. 3.1481915075558438
--------
nle(id0,id1,dist): 34 58 3.923222037302485
list:
dist: 3.923222037302485 vs. 3.923222037302485
--------
nle(id0,id1,dist): 34 55 3.786522915511515
list:
dist: 3.786522915511515 vs. 3.786522915511515
--------
nle(id0,id1,dist): 34 56 4.0872892741091
list:
dist: 4.0872892741091 vs. 4.0872892741091
--------
nle(id0,id1,dist): 34 54 3.195966578439946
list:
dist: 3.195966578439946 vs. 3.195966578439946
--------
nle(id0,id1,dist): 34 52 2.5955286225138847
list:
dist: 2.5955286225138847 vs. 2.5955286225138847
--------
nle(id0,id1,dist): 34 51 2.9559273753474855
list:
dist: 2.9559273753474855 vs. 2.9559273753474855
--------
nle(id0,id1,dist): 34 50 1.9479493904404868
list:
dist: 1.9479493904404868 vs. 1.9479493904404868
--------
nle(id0,id1,dist): 34 49 3.523351392775185
list:
dist: 3.523351392775185 vs. 3.523351392775185
--------
nle(id0,id1,dist): 34 48 4.015312310537734
list:
dist: 4.015312310537734 vs. 4.015312310537734
--------
nle(id0,id1,dist): 34 47 3.6701275208468127
list:
dist: 3.6701275208468127 vs. 3.6701275208468127
--------
nle(id0,id1,dist): 34 46 2.3486732674422104
list:
dist: 2.3486732674422104 vs. 2.3486732674422104
--------
nle(id0,id1,dist): 34 44 2.0401803005374552
list:
dist: 2.0401803005374552 vs. 2.0401803005374552
--------
nle(id0,id1,dist): 34 43 1.5524568841761588
list:
dist: 1.5524568841761588 vs. 1.5524568841761588
--------
nle(id0,id1,dist): 34 42 1.4421262223693658
list:
dist: 1.4421262223693658 vs. 1.4421262223693658
--------
nle(id0,id1,dist): 34 40 2.389882093562986
list:
dist: 2.389882093562986 vs. 2.389882093562986
--------
nle(id0,id1,dist): 34 39 2.379790366716204
list:
dist: 2.379790366716204 vs. 2.379790366716204
--------
nle(id0,id1,dist): 34 36 2.7421089044276097
list:
dist: 2.7421089044276097 vs. 2.7421089044276097
--------
nle(id0,id1,dist): 34 35 3.357896898007396
list:
dist: 3.357896898007396 vs. 3.357896898007396
--------
nle(id0,id1,dist): 33 46 3.7062884953555675
list:
dist: 3.7062884953555675 vs. 3.7062884953555675
--------
nle(id0,id1,dist): 33 49 4.969539527758045
list:
dist: 4.969539527758045 vs. 4.969539527758045
--------
nle(id0,id1,dist): 33 34 2.821051546535908
list:
dist: 2.821051546535908 vs. 2.821051546535908
--------
nle(id0,id1,dist): 33 39 4.302242867006003
list:
dist: 4.302242867006003 vs. 4.302242867006003
--------
nle(id0,id1,dist): 33 36 4.052630329538882
list:
dist: 4.052630329538882 vs. 4.052630329538882
--------
nle(id0,id1,dist): 33 43 2.9074541510566303
list:
dist: 2.9074541510566303 vs. 2.9074541510566303
--------
nle(id0,id1,dist): 33 42 3.749093760841303
list:
dist: 3.749093760841303 vs. 3.749093760841303
--------
nle(id0,id1,dist): 32 49 3.764016867133431
list:
dist: 3.764016867133431 vs. 3.764016867133431
--------
nle(id0,id1,dist): 32 39 3.5524122878513587
list:
dist: 3.5524122878513587 vs. 3.5524122878513587
--------
nle(id0,id1,dist): 32 34 1.9584343148622059
list:
dist: 1.9584343148622059 vs. 1.9584343148622059
--------
nle(id0,id1,dist): 32 33 2.259905542218017
list:
dist: 2.259905542218017 vs. 2.259905542218017
--------
nle(id0,id1,dist): 32 36 1.929244169553358
list:
dist: 1.929244169553358 vs. 1.929244169553358
--------
nle(id0,id1,dist): 32 46 2.0893521238286956
list:
dist: 2.0893521238286956 vs. 2.0893521238286956
--------
nle(id0,id1,dist): 32 42 2.2767624617614173
list:
dist: 2.2767624617614173 vs. 2.2767624617614173
--------
nle(id0,id1,dist): 32 43 1.0046000171199563
list:
dist: 1.0046000171199563 vs. 1.0046000171199563
--------
nle(id0,id1,dist): 31 58 3.492240465721547
list:
dist: 3.492240465721547 vs. 3.492240465721547
--------
nle(id0,id1,dist): 31 54 3.1214383258973295
list:
dist: 3.1214383258973295 vs. 3.1214383258973295
--------
nle(id0,id1,dist): 31 55 3.510975706402227
list:
dist: 3.510975706402227 vs. 3.510975706402227
--------
nle(id0,id1,dist): 31 56 3.8631578251271743
list:
dist: 3.8631578251271743 vs. 3.8631578251271743
--------
nle(id0,id1,dist): 31 57 3.2862556998235983
list:
dist: 3.2862556998235983 vs. 3.2862556998235983
--------
nle(id0,id1,dist): 31 44 2.2425138088026344
list:
dist: 2.2425138088026344 vs. 2.2425138088026344
--------
nle(id0,id1,dist): 31 43 2.12458516607436
list:
dist: 2.12458516607436 vs. 2.12458516607436
--------
nle(id0,id1,dist): 31 42 1.254490193363206
list:
dist: 1.254490193363206 vs. 1.254490193363206
--------
nle(id0,id1,dist): 31 40 2.858190434275876
list:
dist: 2.858190434275876 vs. 2.858190434275876
--------
nle(id0,id1,dist): 31 39 1.8272915386865929
list:
dist: 1.8272915386865929 vs. 1.8272915386865929
--------
nle(id0,id1,dist): 31 38 2.07146092914203
list:
dist: 2.07146092914203 vs. 2.07146092914203
--------
nle(id0,id1,dist): 29 127 1.9286167227833526
list:
dist: 1.9286167227833526 vs. 1.9286167227833526
--------
nle(id0,id1,dist): 31 51 3.25430179833438
list:
dist: 3.25430179833438 vs. 3.25430179833438
--------
nle(id0,id1,dist): 31 50 2.041638524658005
list:
dist: 2.041638524658005 vs. 2.041638524658005
--------
nle(id0,id1,dist): 31 49 2.171598687178462
list:
dist: 2.171598687178462 vs. 2.171598687178462
--------
nle(id0,id1,dist): 31 48 2.9871697506079684
list:
dist: 2.9871697506079684 vs. 2.9871697506079684
--------
nle(id0,id1,dist): 31 47 3.641932757717655
list:
dist: 3.641932757717655 vs. 3.641932757717655
--------
nle(id0,id1,dist): 31 46 1.0575963764704117
list:
dist: 1.0575963764704117 vs. 1.0575963764704117
--------
nle(id0,id1,dist): 31 36 2.029749610596972
list:
dist: 2.029749610596972 vs. 2.029749610596972
--------
nle(id0,id1,dist): 31 37 3.177146019683524
list:
dist: 3.177146019683524 vs. 3.177146019683524
--------
nle(id0,id1,dist): 31 34 1.7014602537898933
list:
dist: 1.7014602537898933 vs. 1.7014602537898933
--------
nle(id0,id1,dist): 31 35 2.599534646810475
list:
dist: 2.599534646810475 vs. 2.599534646810475
--------
nle(id0,id1,dist): 31 32 1.8564193868578016
list:
dist: 1.8564193868578016 vs. 1.8564193868578016
--------
nle(id0,id1,dist): 31 33 2.8931194234415067
list:
dist: 2.8931194234415067 vs. 2.8931194234415067
--------
nle(id0,id1,dist): 43 58 4.560790566990558
list:
dist: 4.560790566990558 vs. 4.560790566990558
--------
nle(id0,id1,dist): 44 47 1.7706240292022437
list:
dist: 1.7706240292022437 vs. 1.7706240292022437
--------
nle(id0,id1,dist): 44 48 2.8345190761627532
list:
dist: 2.8345190761627532 vs. 2.8345190761627532
--------
nle(id0,id1,dist): 44 46 1.8823020075096175
list:
dist: 1.8823020075096175 vs. 1.8823020075096175
--------
nle(id0,id1,dist): 44 51 1.042502403487471
list:
dist: 1.042502403487471 vs. 1.042502403487471
--------
nle(id0,id1,dist): 44 52 1.6948530895352987
list:
dist: 1.6948530895352987 vs. 1.6948530895352987
--------
nle(id0,id1,dist): 44 49 2.8427900677219995
list:
dist: 2.8427900677219995 vs. 2.8427900677219995
--------
nle(id0,id1,dist): 44 50 0.35100272853719755
list:
dist: 0.35100272853719755 vs. 0.35100272853719755
--------
nle(id0,id1,dist): 43 50 1.7552374779022684
list:
dist: 1.7552374779022684 vs. 1.7552374779022684
--------
nle(id0,id1,dist): 43 51 2.8730282460532197
list:
dist: 2.8730282460532197 vs. 2.8730282460532197
--------
nle(id0,id1,dist): 43 52 1.949090059909134
list:
dist: 1.949090059909134 vs. 1.949090059909134
--------
nle(id0,id1,dist): 43 54 3.3854857857154443
list:
dist: 3.3854857857154443 vs. 3.3854857857154443
--------
nle(id0,id1,dist): 43 55 4.021683780725818
list:
dist: 4.021683780725818 vs. 4.021683780725818
--------
nle(id0,id1,dist): 43 56 3.6693627317299393
list:
dist: 3.6693627317299393 vs. 3.6693627317299393
--------
nle(id0,id1,dist): 43 57 3.41746349001127
list:
dist: 3.41746349001127 vs. 3.41746349001127
--------
nle(id0,id1,dist): 43 44 2.0242850287214527
list:
dist: 2.0242850287214527 vs. 2.0242850287214527
--------
nle(id0,id1,dist): 43 46 2.2540579724711427
list:
dist: 2.2540579724711427 vs. 2.2540579724711427
--------
nle(id0,id1,dist): 43 47 2.997503401913399
list:
dist: 2.997503401913399 vs. 2.997503401913399
--------
nle(id0,id1,dist): 43 48 4.359321679521433
list:
dist: 4.359321679521433 vs. 4.359321679521433
--------
nle(id0,id1,dist): 43 49 3.8924599389792687
list:
dist: 3.8924599389792687 vs. 3.8924599389792687
--------
nle(id0,id1,dist): 42 46 1.2927975432121623
list:
dist: 1.2927975432121623 vs. 1.2927975432121623
--------
nle(id0,id1,dist): 42 44 1.0868868582962083
list:
dist: 1.0868868582962083 vs. 1.0868868582962083
--------
nle(id0,id1,dist): 42 43 1.9496838423313925
list:
dist: 1.9496838423313925 vs. 1.9496838423313925
--------
nle(id0,id1,dist): 41 79 4.583427201982213
list:
dist: 4.583427201982213 vs. 4.583427201982213
--------
nle(id0,id1,dist): 41 76 2.530036944070223
list:
dist: 2.530036944070223 vs. 2.530036944070223
--------
nle(id0,id1,dist): 42 57 2.0940701573222698
list:
dist: 2.0940701573222698 vs. 2.0940701573222698
--------
nle(id0,id1,dist): 42 58 2.7042422678578037
list:
dist: 2.7042422678578037 vs. 2.7042422678578037
--------
nle(id0,id1,dist): 42 55 2.5056495661658706
list:
dist: 2.5056495661658706 vs. 2.5056495661658706
--------
nle(id0,id1,dist): 42 56 2.927485287846404
list:
dist: 2.927485287846404 vs. 2.927485287846404
--------
nle(id0,id1,dist): 42 54 1.999454613668089
list:
dist: 1.999454613668089 vs. 1.999454613668089
--------
nle(id0,id1,dist): 42 51 2.065548482561334
list:
dist: 2.065548482561334 vs. 2.065548482561334
--------
nle(id0,id1,dist): 42 52 2.518940171528541
list:
dist: 2.518940171528541 vs. 2.518940171528541
--------
nle(id0,id1,dist): 42 49 2.26926461675625
list:
dist: 2.26926461675625 vs. 2.26926461675625
--------
nle(id0,id1,dist): 42 50 1.0151973984803626
list:
dist: 1.0151973984803626 vs. 1.0151973984803626
--------
nle(id0,id1,dist): 42 47 2.735415474775405
list:
dist: 2.735415474775405 vs. 2.735415474775405
--------
nle(id0,id1,dist): 42 48 2.6246761042684312
list:
dist: 2.6246761042684312 vs. 2.6246761042684312
--------
nle(id0,id1,dist): 41 64 3.128298088723175
list:
dist: 3.128298088723175 vs. 3.128298088723175
--------
nle(id0,id1,dist): 41 60 3.812219173519681
list:
dist: 3.812219173519681 vs. 3.812219173519681
--------
nle(id0,id1,dist): 41 61 3.8480932421596443
list:
dist: 3.8480932421596443 vs. 3.8480932421596443
--------
nle(id0,id1,dist): 40 43 1.9346880358760243
list:
dist: 1.9346880358760243 vs. 1.9346880358760243
--------
nle(id0,id1,dist): 40 44 0.8419124685824458
list:
dist: 0.8419124685824458 vs. 0.8419124685824458
--------
nle(id0,id1,dist): 40 42 1.8250987367186218
list:
dist: 1.8250987367186218 vs. 1.8250987367186218
--------
nle(id0,id1,dist): 40 47 1.4067548635904414
list:
dist: 1.4067548635904414 vs. 1.4067548635904414
--------
nle(id0,id1,dist): 40 48 3.5492377223164984
list:
dist: 3.5492377223164984 vs. 3.5492377223164984
--------
nle(id0,id1,dist): 40 46 2.468905210533568
list:
dist: 2.468905210533568 vs. 2.468905210533568
--------
nle(id0,id1,dist): 40 51 1.026495270569126
list:
dist: 1.026495270569126 vs. 1.026495270569126
--------
nle(id0,id1,dist): 40 52 0.9327371869640466
list:
dist: 0.9327371869640466 vs. 0.9327371869640466
--------
nle(id0,id1,dist): 40 49 3.6045688210684927
list:
dist: 3.6045688210684927 vs. 3.6045688210684927
--------
nle(id0,id1,dist): 40 50 0.8737986142011045
list:
dist: 0.8737986142011045 vs. 0.8737986142011045
--------
nle(id0,id1,dist): 40 55 2.503817565046756
list:
dist: 2.503817565046756 vs. 2.503817565046756
--------
nle(id0,id1,dist): 40 56 2.007778403011156
list:
dist: 2.007778403011156 vs. 2.007778403011156
--------
nle(id0,id1,dist): 40 54 1.828721246265249
list:
dist: 1.828721246265249 vs. 1.828721246265249
--------
nle(id0,id1,dist): 40 59 3.176677625670687
list:
dist: 3.176677625670687 vs. 3.176677625670687
--------
nle(id0,id1,dist): 40 58 3.4036850123154148
list:
dist: 3.4036850123154148 vs. 3.4036850123154148
--------
nle(id0,id1,dist): 40 57 1.7945661190834723
list:
dist: 1.7945661190834723 vs. 1.7945661190834723
--------
nle(id0,id1,dist): 39 46 2.198465795392376
list:
dist: 2.198465795392376 vs. 2.198465795392376
--------
nle(id0,id1,dist): 39 48 2.318146321966353
list:
dist: 2.318146321966353 vs. 2.318146321966353
--------
nle(id0,id1,dist): 39 49 1.8903995357717238
list:
dist: 1.8903995357717238 vs. 1.8903995357717238
--------
nle(id0,id1,dist): 39 50 2.5736680886326675
list:
dist: 2.5736680886326675 vs. 2.5736680886326675
--------
nle(id0,id1,dist): 39 51 3.2053002465650535
list:
dist: 3.2053002465650535 vs. 3.2053002465650535
--------
nle(id0,id1,dist): 39 54 2.6809169586726598
list:
dist: 2.6809169586726598 vs. 2.6809169586726598
--------
nle(id0,id1,dist): 39 55 2.857025275040502
list:
dist: 2.857025275040502 vs. 2.857025275040502
--------
nle(id0,id1,dist): 39 57 2.7676127429248556
list:
dist: 2.7676127429248556 vs. 2.7676127429248556
--------
nle(id0,id1,dist): 39 58 2.2424325056751746
list:
dist: 2.2424325056751746 vs. 2.2424325056751746
--------
nle(id0,id1,dist): 38 58 3.0541760014199024
list:
dist: 3.0541760014199024 vs. 3.0541760014199024
--------
nle(id0,id1,dist): 38 55 3.339694578657228
list:
dist: 3.339694578657228 vs. 3.339694578657228
--------
nle(id0,id1,dist): 39 44 2.5165103363075305
list:
dist: 2.5165103363075305 vs. 2.5165103363075305
--------
nle(id0,id1,dist): 39 43 3.4542077304490433
list:
dist: 3.4542077304490433 vs. 3.4542077304490433
--------
nle(id0,id1,dist): 39 42 1.650880724242421
list:
dist: 1.650880724242421 vs. 1.650880724242421
--------
nle(id0,id1,dist): 39 40 3.337513919522688
list:
dist: 3.337513919522688 vs. 3.337513919522688
--------
nle(id0,id1,dist): 37 58 3.4465209524229503
list:
dist: 3.4465209524229503 vs. 3.4465209524229503
--------
nle(id0,id1,dist): 38 39 2.2973619391609907
list:
dist: 2.2973619391609907 vs. 2.2973619391609907
--------
nle(id0,id1,dist): 38 48 1.8311721103966454
list:
dist: 1.8311721103966454 vs. 1.8311721103966454
--------
nle(id0,id1,dist): 38 49 0.7888343265597183
list:
dist: 0.7888343265597183 vs. 0.7888343265597183
--------
nle(id0,id1,dist): 38 46 1.6903441202994407
list:
dist: 1.6903441202994407 vs. 1.6903441202994407
--------
nle(id0,id1,dist): 23 25 2.605795977477862
list:
dist: 2.605795977477862 vs. 2.605795977477862
--------
nle(id0,id1,dist): 20 127 3.131908282383351
list:
dist: 3.131908282383351 vs. 3.131908282383351
--------
nle(id0,id1,dist): 21 127 1.6406540115271129
list:
dist: 1.6406540115271129 vs. 1.6406540115271129
--------
nle(id0,id1,dist): 21 26 1.6547264106279231
list:
dist: 1.6547264106279231 vs. 1.6547264106279231
--------
nle(id0,id1,dist): 21 27 2.0481706379790783
list:
dist: 2.0481706379790783 vs. 2.0481706379790783
--------
nle(id0,id1,dist): 21 24 2.6799776924806533
list:
dist: 2.6799776924806533 vs. 2.6799776924806533
--------
nle(id0,id1,dist): 21 25 2.6380908268255534
list:
dist: 2.6380908268255534 vs. 2.6380908268255534
--------
nle(id0,id1,dist): 21 29 2.0133943840491186
list:
dist: 2.0133943840491186 vs. 2.0133943840491186
--------
nle(id0,id1,dist): 21 22 1.3628259866080437
list:
dist: 1.3628259866080437 vs. 1.3628259866080437
--------
nle(id0,id1,dist): 22 27 1.2620468877276014
list:
dist: 1.2620468877276014 vs. 1.2620468877276014
--------
nle(id0,id1,dist): 22 29 1.8476668156660432
list:
dist: 1.8476668156660432 vs. 1.8476668156660432
--------
nle(id0,id1,dist): 22 24 1.5625801712724352
list:
dist: 1.5625801712724352 vs. 1.5625801712724352
--------
nle(id0,id1,dist): 22 25 3.747120147658274
list:
dist: 3.747120147658274 vs. 3.747120147658274
--------
nle(id0,id1,dist): 22 26 1.6845510321081687
list:
dist: 1.6845510321081687 vs. 1.6845510321081687
--------
nle(id0,id1,dist): 19 127 1.3202610591269552
list:
dist: 1.3202610591269552 vs. 1.3202610591269552
--------
nle(id0,id1,dist): 19 22 1.4028004763335138
list:
dist: 1.4028004763335138 vs. 1.4028004763335138
--------
nle(id0,id1,dist): 19 20 2.41788391457373
list:
dist: 2.41788391457373 vs. 2.41788391457373
--------
nle(id0,id1,dist): 19 21 1.2788876808196046
list:
dist: 1.2788876808196046 vs. 1.2788876808196046
--------
nle(id0,id1,dist): 19 29 0.9538317456006065
list:
dist: 0.9538317456006065 vs. 0.9538317456006065
--------
nle(id0,id1,dist): 19 26 2.523834842746805
list:
dist: 2.523834842746805 vs. 2.523834842746805
--------
nle(id0,id1,dist): 20 29 3.0893030678058064
list:
dist: 3.0893030678058064 vs. 3.0893030678058064
--------
nle(id0,id1,dist): 17 127 1.5985170442912586
list:
dist: 1.5985170442912586 vs. 1.5985170442912586
--------
nle(id0,id1,dist): 20 25 2.075871006247063
list:
dist: 2.075871006247063 vs. 2.075871006247063
--------
nle(id0,id1,dist): 20 26 2.907731595541089
list:
dist: 2.907731595541089 vs. 2.907731595541089
--------
nle(id0,id1,dist): 20 21 1.670165892084006
list:
dist: 1.670165892084006 vs. 1.670165892084006
--------
nle(id0,id1,dist): 20 22 3.0235159987065217
list:
dist: 3.0235159987065217 vs. 3.0235159987065217
--------
nle(id0,id1,dist): 15 127 1.6013440946850708
list:
dist: 1.6013440946850708 vs. 1.6013440946850708
--------
nle(id0,id1,dist): 17 29 1.0211828341310718
list:
dist: 1.0211828341310718 vs. 1.0211828341310718
--------
nle(id0,id1,dist): 18 23 0.9536257841126583
list:
dist: 0.9536257841126583 vs. 0.9536257841126583
--------
nle(id0,id1,dist): 18 25 2.397671897172171
list:
dist: 2.397671897172171 vs. 2.397671897172171
--------
nle(id0,id1,dist): 27 127 1.946180855526439
list:
dist: 1.946180855526439 vs. 1.946180855526439
--------
nle(id0,id1,dist): 30 42 3.420722020660384
list:
dist: 3.420722020660384 vs. 3.420722020660384
--------
nle(id0,id1,dist): 30 39 3.654013801082648
list:
dist: 3.654013801082648 vs. 3.654013801082648
--------
nle(id0,id1,dist): 30 38 3.3856266457144835
list:
dist: 3.3856266457144835 vs. 3.3856266457144835
--------
nle(id0,id1,dist): 30 37 4.081431495746149
list:
dist: 4.081431495746149 vs. 4.081431495746149
--------
nle(id0,id1,dist): 30 36 3.5920312625556754
list:
dist: 3.5920312625556754 vs. 3.5920312625556754
--------
nle(id0,id1,dist): 30 34 3.0895743131198734
list:
dist: 3.0895743131198734 vs. 3.0895743131198734
--------
nle(id0,id1,dist): 30 33 1.6051072995242472
list:
dist: 1.6051072995242472 vs. 1.6051072995242472
--------
nle(id0,id1,dist): 30 32 2.4038360347594936
list:
dist: 2.4038360347594936 vs. 2.4038360347594936
--------
nle(id0,id1,dist): 30 31 2.2255973955174344
list:
dist: 2.2255973955174344 vs. 2.2255973955174344
--------
nle(id0,id1,dist): 30 49 3.885476126289304
list:
dist: 3.885476126289304 vs. 3.885476126289304
--------
nle(id0,id1,dist): 30 46 2.9542480625320433
list:
dist: 2.9542480625320433 vs. 2.9542480625320433
--------
nle(id0,id1,dist): 30 43 3.249330302310666
list:
dist: 3.249330302310666 vs. 3.249330302310666
--------
nle(id0,id1,dist): 26 127 2.422580917150353
list:
dist: 2.422580917150353 vs. 2.422580917150353
--------
nle(id0,id1,dist): 26 27 1.1054839744350247
list:
dist: 1.1054839744350247 vs. 1.1054839744350247
--------
nle(id0,id1,dist): 26 29 2.835549982615777
list:
dist: 2.835549982615777 vs. 2.835549982615777
--------
nle(id0,id1,dist): 24 127 2.0812379002052643
list:
dist: 2.0812379002052643 vs. 2.0812379002052643
--------
nle(id0,id1,dist): 27 29 2.8736104631721595
list:
dist: 2.8736104631721595 vs. 2.8736104631721595
--------
nle(id0,id1,dist): 24 26 1.8766037370778679
list:
dist: 1.8766037370778679 vs. 1.8766037370778679
--------
nle(id0,id1,dist): 24 27 0.7938918800674286
list:
dist: 0.7938918800674286 vs. 0.7938918800674286
--------
nle(id0,id1,dist): 24 29 3.1347160526266813
list:
dist: 3.1347160526266813 vs. 3.1347160526266813
--------
nle(id0,id1,dist): 22 127 0.7960501912868334
list:
dist: 0.7960501912868334 vs. 0.7960501912868334
--------
nle(id0,id1,dist): 25 26 2.621375926245995
list:
dist: 2.621375926245995 vs. 2.621375926245995
--------
nle(id0,id1,dist): 62 79 2.3214558638552636
list:
dist: 2.3214558638552636 vs. 2.3214558638552636
--------
nle(id0,id1,dist): 62 80 2.061342099632869
list:
dist: 2.061342099632869 vs. 2.061342099632869
--------
nle(id0,id1,dist): 62 81 2.654990341697781
list:
dist: 2.654990341697781 vs. 2.654990341697781
--------
nle(id0,id1,dist): 62 82 2.734696451232462
list:
dist: 2.734696451232462 vs. 2.734696451232462
--------
nle(id0,id1,dist): 62 75 3.004880807861338
list:
dist: 3.004880807861338 vs. 3.004880807861338
--------
nle(id0,id1,dist): 62 76 1.3352318681785176
list:
dist: 1.3352318681785176 vs. 1.3352318681785176
--------
nle(id0,id1,dist): 62 77 3.5409207519413686
list:
dist: 3.5409207519413686 vs. 3.5409207519413686
--------
nle(id0,id1,dist): 62 84 3.4119691852646765
list:
dist: 3.4119691852646765 vs. 3.4119691852646765
--------
nle(id0,id1,dist): 62 85 2.5455120368310356
list:
dist: 2.5455120368310356 vs. 2.5455120368310356
--------
nle(id0,id1,dist): 62 86 2.8268006890261663
list:
dist: 2.8268006890261663 vs. 2.8268006890261663
--------
nle(id0,id1,dist): 62 64 2.315166839821364
list:
dist: 2.315166839821364 vs. 2.315166839821364
--------
nle(id0,id1,dist): 62 63 2.8883715534286702
list:
dist: 2.8883715534286702 vs. 2.8883715534286702
--------
nle(id0,id1,dist): 62 65 3.0924277254751678
list:
dist: 3.0924277254751678 vs. 3.0924277254751678
--------
nle(id0,id1,dist): 62 72 1.0728662899279429
list:
dist: 1.0728662899279429 vs. 1.0728662899279429
--------
nle(id0,id1,dist): 62 71 2.1149187474420343
list:
dist: 2.1149187474420343 vs. 2.1149187474420343
--------
nle(id0,id1,dist): 62 68 2.2223027857045996
list:
dist: 2.2223027857045996 vs. 2.2223027857045996
--------
nle(id0,id1,dist): 62 67 2.4752454334603975
list:
dist: 2.4752454334603975 vs. 2.4752454334603975
--------
nle(id0,id1,dist): 62 70 1.696912597983761
list:
dist: 1.696912597983761 vs. 1.696912597983761
--------
nle(id0,id1,dist): 61 86 2.9865815255150947
list:
dist: 2.9865815255150947 vs. 2.9865815255150947
--------
nle(id0,id1,dist): 61 84 3.9737871211195843
list:
dist: 3.9737871211195843 vs. 3.9737871211195843
--------
nle(id0,id1,dist): 61 85 1.3289618761441062
list:
dist: 1.3289618761441062 vs. 1.3289618761441062
--------
nle(id0,id1,dist): 61 82 2.890201192264142
list:
dist: 2.890201192264142 vs. 2.890201192264142
--------
nle(id0,id1,dist): 61 80 2.4239746799391204
list:
dist: 2.4239746799391204 vs. 2.4239746799391204
--------
nle(id0,id1,dist): 61 81 3.789188787053599
list:
dist: 3.789188787053599 vs. 3.789188787053599
--------
nle(id0,id1,dist): 61 71 3.6132380278825824
list:
dist: 3.6132380278825824 vs. 3.6132380278825824
--------
nle(id0,id1,dist): 61 70 1.1194523220224084
list:
dist: 1.1194523220224084 vs. 1.1194523220224084
--------
nle(id0,id1,dist): 61 68 4.0192447453609095
list:
dist: 4.0192447453609095 vs. 4.0192447453609095
--------
nle(id0,id1,dist): 61 67 2.5879056781668974
list:
dist: 2.5879056781668974 vs. 2.5879056781668974
--------
nle(id0,id1,dist): 61 65 2.239634641319176
list:
dist: 2.239634641319176 vs. 2.239634641319176
--------
nle(id0,id1,dist): 61 64 4.306051941820631
list:
dist: 4.306051941820631 vs. 4.306051941820631
--------
nle(id0,id1,dist): 61 79 3.214232541020471
list:
dist: 3.214232541020471 vs. 3.214232541020471
--------
nle(id0,id1,dist): 61 77 2.2572427480818877
list:
dist: 2.2572427480818877 vs. 2.2572427480818877
--------
nle(id0,id1,dist): 61 76 1.4410317611585994
list:
dist: 1.4410317611585994 vs. 1.4410317611585994
--------
nle(id0,id1,dist): 61 75 2.7384903408085353
list:
dist: 2.7384903408085353 vs. 2.7384903408085353
--------
nle(id0,id1,dist): 61 72 2.3489384211190965
list:
dist: 2.3489384211190965 vs. 2.3489384211190965
--------
nle(id0,id1,dist): 64 66 2.300648293825467
list:
dist: 2.300648293825467 vs. 2.300648293825467
--------
nle(id0,id1,dist): 64 68 1.9093915708139872
list:
dist: 1.9093915708139872 vs. 1.9093915708139872
--------
nle(id0,id1,dist): 64 71 2.571329672189323
list:
dist: 2.571329672189323 vs. 2.571329672189323
--------
nle(id0,id1,dist): 64 72 2.7370925073884
list:
dist: 2.7370925073884 vs. 2.7370925073884
--------
nle(id0,id1,dist): 64 76 3.1959179317960946
list:
dist: 3.1959179317960946 vs. 3.1959179317960946
--------
nle(id0,id1,dist): 64 79 3.3497842430953098
list:
dist: 3.3497842430953098 vs. 3.3497842430953098
--------
nle(id0,id1,dist): 64 80 3.856607431484541
list:
dist: 3.856607431484541 vs. 3.856607431484541
--------
nle(id0,id1,dist): 63 86 0.6597807956932963
list:
dist: 0.6597807956932963 vs. 0.6597807956932963
--------
nle(id0,id1,dist): 63 89 3.006412311314845
list:
dist: 3.006412311314845 vs. 3.006412311314845
--------
nle(id0,id1,dist): 63 88 3.458262192699425
list:
dist: 3.458262192699425 vs. 3.458262192699425
--------
nle(id0,id1,dist): 63 72 2.3339323937507133
list:
dist: 2.3339323937507133 vs. 2.3339323937507133
--------
nle(id0,id1,dist): 63 73 2.529467574742354
list:
dist: 2.529467574742354 vs. 2.529467574742354
--------
nle(id0,id1,dist): 63 71 2.6735775078291404
list:
dist: 2.6735775078291404 vs. 2.6735775078291404
--------
nle(id0,id1,dist): 63 76 2.781514890173937
list:
dist: 2.781514890173937 vs. 2.781514890173937
--------
nle(id0,id1,dist): 63 77 2.5495878320284375
list:
dist: 2.5495878320284375 vs. 2.5495878320284375
--------
nle(id0,id1,dist): 63 75 1.1392760074676596
list:
dist: 1.1392760074676596 vs. 1.1392760074676596
--------
nle(id0,id1,dist): 63 80 2.8082489507028403
list:
dist: 2.8082489507028403 vs. 2.8082489507028403
--------
nle(id0,id1,dist): 63 81 2.4750063423477733
list:
dist: 2.4750063423477733 vs. 2.4750063423477733
--------
nle(id0,id1,dist): 63 78 2.84855805780683
list:
dist: 2.84855805780683 vs. 2.84855805780683
--------
nle(id0,id1,dist): 63 79 1.572691596045992
list:
dist: 1.572691596045992 vs. 1.572691596045992
--------
nle(id0,id1,dist): 63 84 2.0841083620337573
list:
dist: 2.0841083620337573 vs. 2.0841083620337573
--------
nle(id0,id1,dist): 63 85 1.4850348737801138
list:
dist: 1.4850348737801138 vs. 1.4850348737801138
--------
nle(id0,id1,dist): 63 82 1.281431817172379
list:
dist: 1.281431817172379 vs. 1.281431817172379
--------
nle(id0,id1,dist): 63 83 3.0256114392609827
list:
dist: 3.0256114392609827 vs. 3.0256114392609827
--------
nle(id0,id1,dist): 63 65 0.8480687126802077
list:
dist: 0.8480687126802077 vs. 0.8480687126802077
--------
nle(id0,id1,dist): 63 69 2.1577330486378896
list:
dist: 2.1577330486378896 vs. 2.1577330486378896
--------
nle(id0,id1,dist): 63 68 3.3367490880344004
list:
dist: 3.3367490880344004 vs. 3.3367490880344004
--------
nle(id0,id1,dist): 63 67 1.9456364979031355
list:
dist: 1.9456364979031355 vs. 1.9456364979031355
--------
nle(id0,id1,dist): 58 59 2.3588970169245336
list:
dist: 2.3588970169245336 vs. 2.3588970169245336
--------
nle(id0,id1,dist): 61 63 2.644772806003059
list:
dist: 2.644772806003059 vs. 2.644772806003059
--------
nle(id0,id1,dist): 61 62 2.033807564914317
list:
dist: 2.033807564914317 vs. 2.033807564914317
--------
nle(id0,id1,dist): 60 86 2.6558455639170195
list:
dist: 2.6558455639170195 vs. 2.6558455639170195
--------
nle(id0,id1,dist): 60 85 3.5058378412179207
list:
dist: 3.5058378412179207 vs. 3.5058378412179207
--------
nle(id0,id1,dist): 60 77 4.482097396398804
list:
dist: 4.482097396398804 vs. 4.482097396398804
--------
nle(id0,id1,dist): 60 79 1.6458943081885384
list:
dist: 1.6458943081885384 vs. 1.6458943081885384
--------
nle(id0,id1,dist): 60 80 2.736085719017772
list:
dist: 2.736085719017772 vs. 2.736085719017772
--------
nle(id0,id1,dist): 60 81 1.724845124881769
list:
dist: 1.724845124881769 vs. 1.724845124881769
--------
nle(id0,id1,dist): 60 82 2.7043733220155843
list:
dist: 2.7043733220155843 vs. 2.7043733220155843
--------
nle(id0,id1,dist): 60 84 2.7832793909967855
list:
dist: 2.7832793909967855 vs. 2.7832793909967855
--------
nle(id0,id1,dist): 60 71 0.8896624275435482
list:
dist: 0.8896624275435482 vs. 0.8896624275435482
--------
nle(id0,id1,dist): 60 72 1.4631558801877322
list:
dist: 1.4631558801877322 vs. 1.4631558801877322
--------
nle(id0,id1,dist): 60 75 3.2092144270963456
list:
dist: 3.2092144270963456 vs. 3.2092144270963456
--------
nle(id0,id1,dist): 60 76 2.7171899276920626
list:
dist: 2.7171899276920626 vs. 2.7171899276920626
--------
nle(id0,id1,dist): 60 64 1.7485903267393847
list:
dist: 1.7485903267393847 vs. 1.7485903267393847
--------
nle(id0,id1,dist): 60 63 3.0354529871679223
list:
dist: 3.0354529871679223 vs. 3.0354529871679223
--------
nle(id0,id1,dist): 60 62 1.7309797318279834
list:
dist: 1.7309797318279834 vs. 1.7309797318279834
--------
nle(id0,id1,dist): 60 61 3.5381408371326906
list:
dist: 3.5381408371326906 vs. 3.5381408371326906
--------
nle(id0,id1,dist): 60 68 0.5732847608551732
list:
dist: 0.5732847608551732 vs. 0.5732847608551732
--------
nle(id0,id1,dist): 60 67 2.7849245449288302
list:
dist: 2.7849245449288302 vs. 2.7849245449288302
--------
nle(id0,id1,dist): 60 66 1.8510568414012665
list:
dist: 1.8510568414012665 vs. 1.8510568414012665
--------
nle(id0,id1,dist): 60 65 3.636540383540429
list:
dist: 3.636540383540429 vs. 3.636540383540429
--------
nle(id0,id1,dist): 69 78 1.820296996930094
list:
dist: 1.820296996930094 vs. 1.820296996930094
--------
nle(id0,id1,dist): 69 75 2.0135868438204834
list:
dist: 2.0135868438204834 vs. 2.0135868438204834
--------
nle(id0,id1,dist): 69 86 1.8229962671657625
list:
dist: 1.8229962671657625 vs. 1.8229962671657625
--------
nle(id0,id1,dist): 69 87 3.411224170465782
list:
dist: 3.411224170465782 vs. 3.411224170465782
--------
nle(id0,id1,dist): 69 84 1.5930277244638056
list:
dist: 1.5930277244638056 vs. 1.5930277244638056
--------
nle(id0,id1,dist): 69 82 1.9966049981606757
list:
dist: 1.9966049981606757 vs. 1.9966049981606757
--------
nle(id0,id1,dist): 69 83 2.35825920960438
list:
dist: 2.35825920960438 vs. 2.35825920960438
--------
nle(id0,id1,dist): 68 76 3.2768001842126724
list:
dist: 3.2768001842126724 vs. 3.2768001842126724
--------
nle(id0,id1,dist): 68 75 3.4041694031860867
list:
dist: 3.4041694031860867 vs. 3.4041694031860867
--------
nle(id0,id1,dist): 68 72 1.7950152532663401
list:
dist: 1.7950152532663401 vs. 1.7950152532663401
--------
nle(id0,id1,dist): 68 71 0.8002593080224043
list:
dist: 0.8002593080224043 vs. 0.8002593080224043
--------
nle(id0,id1,dist): 68 81 1.574638563031648
list:
dist: 1.574638563031648 vs. 1.574638563031648
--------
nle(id0,id1,dist): 68 82 2.8511911947124995
list:
dist: 2.8511911947124995 vs. 2.8511911947124995
--------
nle(id0,id1,dist): 68 84 2.7090415857012364
list:
dist: 2.7090415857012364 vs. 2.7090415857012364
--------
nle(id0,id1,dist): 68 77 4.769282961816939
list:
dist: 4.769282961816939 vs. 4.769282961816939
--------
nle(id0,id1,dist): 68 79 1.8320232387852746
list:
dist: 1.8320232387852746 vs. 1.8320232387852746
--------
nle(id0,id1,dist): 68 80 2.9086370237393613
list:
dist: 2.9086370237393613 vs. 2.9086370237393613
--------
nle(id0,id1,dist): 68 85 3.929821216088164
list:
dist: 3.929821216088164 vs. 3.929821216088164
--------
nle(id0,id1,dist): 68 86 2.8700005087098903
list:
dist: 2.8700005087098903 vs. 2.8700005087098903
--------
nle(id0,id1,dist): 70 85 2.3777124308491504
list:
dist: 2.3777124308491504 vs. 2.3777124308491504
--------
nle(id0,id1,dist): 71 72 1.3499477127750432
list:
dist: 1.3499477127750432 vs. 1.3499477127750432
--------
nle(id0,id1,dist): 71 76 3.1094701614773093
list:
dist: 3.1094701614773093 vs. 3.1094701614773093
--------
nle(id0,id1,dist): 71 77 4.078944414427863
list:
dist: 4.078944414427863 vs. 4.078944414427863
--------
nle(id0,id1,dist): 71 75 2.631967790129668
list:
dist: 2.631967790129668 vs. 2.631967790129668
--------
nle(id0,id1,dist): 69 89 2.1440855936863263
list:
dist: 2.1440855936863263 vs. 2.1440855936863263
--------
nle(id0,id1,dist): 69 88 1.414647590069132
list:
dist: 1.414647590069132 vs. 1.414647590069132
--------
nle(id0,id1,dist): 70 76 1.3254278483371729
list:
dist: 1.3254278483371729 vs. 1.3254278483371729
--------
nle(id0,id1,dist): 70 77 3.176500351396682
list:
dist: 3.176500351396682 vs. 3.176500351396682
--------
nle(id0,id1,dist): 70 80 2.6129182043236687
list:
dist: 2.6129182043236687 vs. 2.6129182043236687
--------
nle(id0,id1,dist): 65 89 2.9438837092996675
list:
dist: 2.9438837092996675 vs. 2.9438837092996675
--------
nle(id0,id1,dist): 65 86 1.4596148343404038
list:
dist: 1.4596148343404038 vs. 1.4596148343404038
--------
nle(id0,id1,dist): 65 84 2.745696293660626
list:
dist: 2.745696293660626 vs. 2.745696293660626
--------
nle(id0,id1,dist): 65 85 0.9172519528773515
list:
dist: 0.9172519528773515 vs. 0.9172519528773515
--------
nle(id0,id1,dist): 65 82 1.7645153416314587
list:
dist: 1.7645153416314587 vs. 1.7645153416314587
--------
nle(id0,id1,dist): 65 83 2.883270505597813
list:
dist: 2.883270505597813 vs. 2.883270505597813
--------
nle(id0,id1,dist): 65 80 2.923679132901125
list:
dist: 2.923679132901125 vs. 2.923679132901125
--------
nle(id0,id1,dist): 65 81 3.163296722039557
list:
dist: 3.163296722039557 vs. 3.163296722039557
--------
nle(id0,id1,dist): 65 78 2.9979076428809117
list:
dist: 2.9979076428809117 vs. 2.9979076428809117
--------
nle(id0,id1,dist): 65 79 2.33917625672917
list:
dist: 2.33917625672917 vs. 2.33917625672917
--------
nle(id0,id1,dist): 65 76 2.726579834577447
list:
dist: 2.726579834577447 vs. 2.726579834577447
--------
nle(id0,id1,dist): 65 77 2.026088841082686
list:
dist: 2.026088841082686 vs. 2.026088841082686
--------
nle(id0,id1,dist): 66 68 1.3273060718765477
list:
dist: 1.3273060718765477 vs. 1.3273060718765477
--------
nle(id0,id1,dist): 64 81 3.393935052888407
list:
dist: 3.393935052888407 vs. 3.393935052888407
--------
nle(id0,id1,dist): 65 73 2.0033551436109334
list:
dist: 2.0033551436109334 vs. 2.0033551436109334
--------
nle(id0,id1,dist): 65 72 2.70007309474217
list:
dist: 2.70007309474217 vs. 2.70007309474217
--------
nle(id0,id1,dist): 65 75 1.3698737238072367
list:
dist: 1.3698737238072367 vs. 1.3698737238072367
--------
nle(id0,id1,dist): 65 68 3.993412826541503
list:
dist: 3.993412826541503 vs. 3.993412826541503
--------
nle(id0,id1,dist): 65 71 3.342042896700796
list:
dist: 3.342042896700796 vs. 3.342042896700796
--------
nle(id0,id1,dist): 65 70 3.2483499798709836
list:
dist: 3.2483499798709836 vs. 3.2483499798709836
--------
nle(id0,id1,dist): 65 67 2.165559497336521
list:
dist: 2.165559497336521 vs. 2.165559497336521
--------
nle(id0,id1,dist): 67 76 3.075267888523275
list:
dist: 3.075267888523275 vs. 3.075267888523275
--------
nle(id0,id1,dist): 67 77 1.9952781844911776
list:
dist: 1.9952781844911776 vs. 1.9952781844911776
--------
nle(id0,id1,dist): 67 75 1.0699723547868523
list:
dist: 1.0699723547868523 vs. 1.0699723547868523
--------
nle(id0,id1,dist): 67 80 1.089769397528052
list:
dist: 1.089769397528052 vs. 1.089769397528052
--------
nle(id0,id1,dist): 67 81 1.81146684798709
list:
dist: 1.81146684798709 vs. 1.81146684798709
--------
nle(id0,id1,dist): 67 78 2.4835592620765117
list:
dist: 2.4835592620765117 vs. 2.4835592620765117
--------
nle(id0,id1,dist): 67 79 1.9650492252142355
list:
dist: 1.9650492252142355 vs. 1.9650492252142355
--------
nle(id0,id1,dist): 67 68 2.9379659085582785
list:
dist: 2.9379659085582785 vs. 2.9379659085582785
--------
nle(id0,id1,dist): 67 69 2.7756908845258996
list:
dist: 2.7756908845258996 vs. 2.7756908845258996
--------
nle(id0,id1,dist): 67 72 1.5617135184328603
list:
dist: 1.5617135184328603 vs. 1.5617135184328603
--------
nle(id0,id1,dist): 67 73 2.396118477136062
list:
dist: 2.396118477136062 vs. 2.396118477136062
--------
nle(id0,id1,dist): 67 71 2.203491352182092
list:
dist: 2.203491352182092 vs. 2.203491352182092
--------
nle(id0,id1,dist): 67 85 2.107573638686972
list:
dist: 2.107573638686972 vs. 2.107573638686972
--------
nle(id0,id1,dist): 67 84 1.6889929775749688
list:
dist: 1.6889929775749688 vs. 1.6889929775749688
--------
nle(id0,id1,dist): 67 83 3.2345789560405853
list:
dist: 3.2345789560405853 vs. 3.2345789560405853
--------
nle(id0,id1,dist): 67 82 0.8848252807395284
list:
dist: 0.8848252807395284 vs. 0.8848252807395284
--------
nle(id0,id1,dist): 67 89 3.748032871713003
list:
dist: 3.748032871713003 vs. 3.748032871713003
--------
nle(id0,id1,dist): 67 88 3.764085043028221
list:
dist: 3.764085043028221 vs. 3.764085043028221
--------
nle(id0,id1,dist): 67 86 1.7040088179281379
list:
dist: 1.7040088179281379 vs. 1.7040088179281379
--------
nle(id0,id1,dist): 66 79 3.008785831166092
list:
dist: 3.008785831166092 vs. 3.008785831166092
--------
nle(id0,id1,dist): 66 81 2.307156697170008
list:
dist: 2.307156697170008 vs. 2.307156697170008
--------
nle(id0,id1,dist): 66 71 1.861671824455642
list:
dist: 1.861671824455642 vs. 1.861671824455642
--------
nle(id0,id1,dist): 66 72 2.846044286888178
list:
dist: 2.846044286888178 vs. 2.846044286888178
--------
nle(id0,id1,dist): 48 51 3.057697531029571
list:
dist: 3.057697531029571 vs. 3.057697531029571
--------
nle(id0,id1,dist): 48 49 1.102451387095425
list:
dist: 1.102451387095425 vs. 1.102451387095425
--------
nle(id0,id1,dist): 48 50 2.8973911977723557
list:
dist: 2.8973911977723557 vs. 2.8973911977723557
--------
nle(id0,id1,dist): 48 55 1.8428968299098245
list:
dist: 1.8428968299098245 vs. 1.8428968299098245
--------
nle(id0,id1,dist): 48 56 2.872452497312408
list:
dist: 2.872452497312408 vs. 2.872452497312408
--------
nle(id0,id1,dist): 48 54 2.1806982915573365
list:
dist: 2.1806982915573365 vs. 2.1806982915573365
--------
nle(id0,id1,dist): 48 59 2.8237120570508623
list:
dist: 2.8237120570508623 vs. 2.8237120570508623
--------
nle(id0,id1,dist): 48 57 2.5249604965456283
list:
dist: 2.5249604965456283 vs. 2.5249604965456283
--------
nle(id0,id1,dist): 48 58 1.4791490142129378
list:
dist: 1.4791490142129378 vs. 1.4791490142129378
--------
nle(id0,id1,dist): 49 50 2.7977466473180286
list:
dist: 2.7977466473180286 vs. 2.7977466473180286
--------
nle(id0,id1,dist): 49 51 3.4094903170593507
list:
dist: 3.4094903170593507 vs. 3.4094903170593507
--------
nle(id0,id1,dist): 49 54 2.7141162871623026
list:
dist: 2.7141162871623026 vs. 2.7141162871623026
--------
nle(id0,id1,dist): 49 55 2.6298302795401516
list:
dist: 2.6298302795401516 vs. 2.6298302795401516
--------
nle(id0,id1,dist): 49 56 3.4168431352721376
list:
dist: 3.4168431352721376 vs. 3.4168431352721376
--------
nle(id0,id1,dist): 49 57 3.039623904569281
list:
dist: 3.039623904569281 vs. 3.039623904569281
--------
nle(id0,id1,dist): 49 58 2.2670199653527736
list:
dist: 2.2670199653527736 vs. 2.2670199653527736
--------
nle(id0,id1,dist): 50 54 1.6396408943424476
list:
dist: 1.6396408943424476 vs. 1.6396408943424476
--------
nle(id0,id1,dist): 50 51 1.316444864843904
list:
dist: 1.316444864843904 vs. 1.316444864843904
--------
nle(id0,id1,dist): 50 52 1.695844139505598
list:
dist: 1.695844139505598 vs. 1.695844139505598
--------
nle(id0,id1,dist): 50 59 3.2356894112333516
list:
dist: 3.2356894112333516 vs. 3.2356894112333516
--------
nle(id0,id1,dist): 50 56 2.1560918392164243
list:
dist: 2.1560918392164243 vs. 2.1560918392164243
--------
nle(id0,id1,dist): 50 55 2.2685478729236324
list:
dist: 2.2685478729236324 vs. 2.2685478729236324
--------
nle(id0,id1,dist): 50 58 2.938901743702375
list:
dist: 2.938901743702375 vs. 2.938901743702375
--------
nle(id0,id1,dist): 50 57 1.7287727391815546
list:
dist: 1.7287727391815546 vs. 1.7287727391815546
--------
nle(id0,id1,dist): 44 55 2.0288650705284375
list:
dist: 2.0288650705284375 vs. 2.0288650705284375
--------
nle(id0,id1,dist): 44 56 2.058615540450461
list:
dist: 2.058615540450461 vs. 2.058615540450461
--------
nle(id0,id1,dist): 44 54 1.3669369607172182
list:
dist: 1.3669369607172182 vs. 1.3669369607172182
--------
nle(id0,id1,dist): 44 59 3.0100161173218303
list:
dist: 3.0100161173218303 vs. 3.0100161173218303
--------
nle(id0,id1,dist): 44 57 1.4074694029673014
list:
dist: 1.4074694029673014 vs. 1.4074694029673014
--------
nle(id0,id1,dist): 44 58 2.7149490167892885
list:
dist: 2.7149490167892885 vs. 2.7149490167892885
--------
nle(id0,id1,dist): 45 64 3.154416836087164
list:
dist: 3.154416836087164 vs. 3.154416836087164
--------
nle(id0,id1,dist): 45 66 2.847053333376117
list:
dist: 2.847053333376117 vs. 2.847053333376117
--------
nle(id0,id1,dist): 46 57 2.850916918581049
list:
dist: 2.850916918581049 vs. 2.850916918581049
--------
nle(id0,id1,dist): 46 58 3.1395420127958293
list:
dist: 3.1395420127958293 vs. 3.1395420127958293
--------
nle(id0,id1,dist): 46 55 2.910214985561156
list:
dist: 2.910214985561156 vs. 2.910214985561156
--------
nle(id0,id1,dist): 46 56 3.023913027234854
list:
dist: 3.023913027234854 vs. 3.023913027234854
--------
nle(id0,id1,dist): 46 54 2.5839657960048164
list:
dist: 2.5839657960048164 vs. 2.5839657960048164
--------
nle(id0,id1,dist): 46 51 2.7691799601027443
list:
dist: 2.7691799601027443 vs. 2.7691799601027443
--------
nle(id0,id1,dist): 46 49 1.723121323208687
list:
dist: 1.723121323208687 vs. 1.723121323208687
--------
nle(id0,id1,dist): 46 50 1.6468242166418048
list:
dist: 1.6468242166418048 vs. 1.6468242166418048
--------
nle(id0,id1,dist): 46 47 2.8728681203784814
list:
dist: 2.8728681203784814 vs. 2.8728681203784814
--------
nle(id0,id1,dist): 46 48 2.387379428240332
list:
dist: 2.387379428240332 vs. 2.387379428240332
--------
nle(id0,id1,dist): 47 59 2.4423032653894934
list:
dist: 2.4423032653894934 vs. 2.4423032653894934
--------
nle(id0,id1,dist): 47 58 3.491792789257118
list:
dist: 3.491792789257118 vs. 3.491792789257118
--------
nle(id0,id1,dist): 47 55 2.294690143149152
list:
dist: 2.294690143149152 vs. 2.294690143149152
--------
nle(id0,id1,dist): 47 54 1.8880474086832684
list:
dist: 1.8880474086832684 vs. 1.8880474086832684
--------
nle(id0,id1,dist): 47 57 2.026713942625243
list:
dist: 2.026713942625243 vs. 2.026713942625243
--------
nle(id0,id1,dist): 47 56 0.9100477746344804
list:
dist: 0.9100477746344804 vs. 0.9100477746344804
--------
nle(id0,id1,dist): 47 50 1.7830132701166785
list:
dist: 1.7830132701166785 vs. 1.7830132701166785
--------
nle(id0,id1,dist): 47 51 1.3559620737083136
list:
dist: 1.3559620737083136 vs. 1.3559620737083136
--------
nle(id0,id1,dist): 47 52 1.975000278052011
list:
dist: 1.975000278052011 vs. 1.975000278052011
--------
nle(id0,id1,dist): 47 48 3.4090603356290394
list:
dist: 3.4090603356290394 vs. 3.4090603356290394
--------
nle(id0,id1,dist): 47 49 3.71441025391824
list:
dist: 3.71441025391824 vs. 3.71441025391824
--------
nle(id0,id1,dist): 53 107 2.4092685591166156
list:
dist: 2.4092685591166156 vs. 2.4092685591166156
--------
nle(id0,id1,dist): 53 108 1.9079453484561746
list:
dist: 1.9079453484561746 vs. 1.9079453484561746
--------
nle(id0,id1,dist): 53 111 1.8856948746620883
list:
dist: 1.8856948746620883 vs. 1.8856948746620883
--------
nle(id0,id1,dist): 53 112 3.2748941852134523
list:
dist: 3.2748941852134523 vs. 3.2748941852134523
--------
nle(id0,id1,dist): 53 115 2.682400370208805
list:
dist: 2.682400370208805 vs. 2.682400370208805
--------
nle(id0,id1,dist): 53 114 2.8074601345354284
list:
dist: 2.8074601345354284 vs. 2.8074601345354284
--------
nle(id0,id1,dist): 53 117 2.346995324543115
list:
dist: 2.346995324543115 vs. 2.346995324543115
--------
nle(id0,id1,dist): 53 116 2.0933786453568732
list:
dist: 2.0933786453568732 vs. 2.0933786453568732
--------
nle(id0,id1,dist): 53 118 1.4634415304819832
list:
dist: 1.4634415304819832 vs. 1.4634415304819832
--------
nle(id0,id1,dist): 55 56 1.6657129507997785
list:
dist: 1.6657129507997785 vs. 1.6657129507997785
--------
nle(id0,id1,dist): 55 57 0.9579667825656369
list:
dist: 0.9579667825656369 vs. 0.9579667825656369
--------
nle(id0,id1,dist): 55 58 1.2881956679673623
list:
dist: 1.2881956679673623 vs. 1.2881956679673623
--------
nle(id0,id1,dist): 55 59 1.3494656636335784
list:
dist: 1.3494656636335784 vs. 1.3494656636335784
--------
nle(id0,id1,dist): 56 58 2.919432938320793
list:
dist: 2.919432938320793 vs. 2.919432938320793
--------
nle(id0,id1,dist): 56 57 1.7497069258201998
list:
dist: 1.7497069258201998 vs. 1.7497069258201998
--------
nle(id0,id1,dist): 56 59 1.6016409139708114
list:
dist: 1.6016409139708114 vs. 1.6016409139708114
--------
nle(id0,id1,dist): 57 59 1.8835187284857209
list:
dist: 1.8835187284857209 vs. 1.8835187284857209
--------
nle(id0,id1,dist): 57 58 1.8277644124256534
list:
dist: 1.8277644124256534 vs. 1.8277644124256534
--------
nle(id0,id1,dist): 51 58 2.6477541907530138
list:
dist: 2.6477541907530138 vs. 2.6477541907530138
--------
nle(id0,id1,dist): 51 59 2.2372130945083444
list:
dist: 2.2372130945083444 vs. 2.2372130945083444
--------
nle(id0,id1,dist): 51 52 1.7445812200244697
list:
dist: 1.7445812200244697 vs. 1.7445812200244697
--------
nle(id0,id1,dist): 51 54 0.982068404978313
list:
dist: 0.982068404978313 vs. 0.982068404978313
--------
nle(id0,id1,dist): 51 55 1.625119708146381
list:
dist: 1.625119708146381 vs. 1.625119708146381
--------
nle(id0,id1,dist): 51 56 1.4676324840353345
list:
dist: 1.4676324840353345 vs. 1.4676324840353345
--------
nle(id0,id1,dist): 51 57 0.8757941300606756
list:
dist: 0.8757941300606756 vs. 0.8757941300606756
--------
nle(id0,id1,dist): 52 56 2.7169965430053655
list:
dist: 2.7169965430053655 vs. 2.7169965430053655
--------
nle(id0,id1,dist): 52 54 2.6651182225467505
list:
dist: 2.6651182225467505 vs. 2.6651182225467505
--------
nle(id0,id1,dist): 52 57 2.5430990338839035
list:
dist: 2.5430990338839035 vs. 2.5430990338839035
--------
nle(id0,id1,dist): 53 99 2.2331700749612855
list:
dist: 2.2331700749612855 vs. 2.2331700749612855
--------
nle(id0,id1,dist): 54 59 1.768052182786436
list:
dist: 1.768052182786436 vs. 1.768052182786436
--------
nle(id0,id1,dist): 54 58 1.6957954187892883
list:
dist: 1.6957954187892883 vs. 1.6957954187892883
--------
nle(id0,id1,dist): 53 95 2.7755513575696575
list:
dist: 2.7755513575696575 vs. 2.7755513575696575
--------
nle(id0,id1,dist): 54 57 0.4183339446336011
list:
dist: 0.4183339446336011 vs. 0.4183339446336011
--------
nle(id0,id1,dist): 54 56 1.5253763716954438
list:
dist: 1.5253763716954438 vs. 1.5253763716954438
--------
nle(id0,id1,dist): 53 93 1.9730361041970004
list:
dist: 1.9730361041970004 vs. 1.9730361041970004
--------
nle(id0,id1,dist): 54 55 0.7030132764822843
list:
dist: 0.7030132764822843 vs. 0.7030132764822843
--------
nle(id0,id1,dist): 93 112 2.7370514786887408
list:
dist: 2.7370514786887408 vs. 2.7370514786887408
--------
nle(id0,id1,dist): 93 113 2.5458466016943087
list:
dist: 2.5458466016943087 vs. 2.5458466016943087
--------
nle(id0,id1,dist): 93 114 2.259072816380797
list:
dist: 2.259072816380797 vs. 2.259072816380797
--------
nle(id0,id1,dist): 93 115 2.451156876253503
list:
dist: 2.451156876253503 vs. 2.451156876253503
--------
nle(id0,id1,dist): 93 116 1.9390834548861564
list:
dist: 1.9390834548861564 vs. 1.9390834548861564
--------
nle(id0,id1,dist): 93 117 1.221601770102092
list:
dist: 1.221601770102092 vs. 1.221601770102092
--------
nle(id0,id1,dist): 93 118 0.534946744956135
list:
dist: 0.534946744956135 vs. 0.534946744956135
--------
nle(id0,id1,dist): 93 97 3.603287837130407
list:
dist: 3.603287837130407 vs. 3.603287837130407
--------
nle(id0,id1,dist): 93 96 3.0462656982909855
list:
dist: 3.0462656982909855 vs. 3.0462656982909855
--------
nle(id0,id1,dist): 93 99 1.0937888373336224
list:
dist: 1.0937888373336224 vs. 1.0937888373336224
--------
nle(id0,id1,dist): 93 98 3.2804382993812506
list:
dist: 3.2804382993812506 vs. 3.2804382993812506
--------
nle(id0,id1,dist): 93 105 3.508885332030885
list:
dist: 3.508885332030885 vs. 3.508885332030885
--------
nle(id0,id1,dist): 93 104 3.9952026930534146
list:
dist: 3.9952026930534146 vs. 3.9952026930534146
--------
nle(id0,id1,dist): 93 107 1.0363703580895263
list:
dist: 1.0363703580895263 vs. 1.0363703580895263
--------
nle(id0,id1,dist): 93 106 2.546849722874931
list:
dist: 2.546849722874931 vs. 2.546849722874931
--------
nle(id0,id1,dist): 93 109 3.296992156913767
list:
dist: 3.296992156913767 vs. 3.296992156913767
--------
nle(id0,id1,dist): 93 108 2.546838400108464
list:
dist: 2.546838400108464 vs. 2.546838400108464
--------
nle(id0,id1,dist): 93 111 1.9984139927346862
list:
dist: 1.9984139927346862 vs. 1.9984139927346862
--------
nle(id0,id1,dist): 93 110 2.2706313241828595
list:
dist: 2.2706313241828595 vs. 2.2706313241828595
--------
nle(id0,id1,dist): 94 109 1.4986493361749538
list:
dist: 1.4986493361749538 vs. 1.4986493361749538
--------
nle(id0,id1,dist): 94 110 2.0155623946324743
list:
dist: 2.0155623946324743 vs. 2.0155623946324743
--------
nle(id0,id1,dist): 94 107 2.049578347130869
list:
dist: 2.049578347130869 vs. 2.049578347130869
--------
nle(id0,id1,dist): 94 117 2.5031095062741
list:
dist: 2.5031095062741 vs. 2.5031095062741
--------
nle(id0,id1,dist): 94 118 3.1945602724975437
list:
dist: 3.1945602724975437 vs. 3.1945602724975437
--------
nle(id0,id1,dist): 94 98 1.664269464485753
list:
dist: 1.664269464485753 vs. 1.664269464485753
--------
nle(id0,id1,dist): 94 96 1.3484328801105434
list:
dist: 1.3484328801105434 vs. 1.3484328801105434
--------
nle(id0,id1,dist): 94 102 2.0669927963967916
list:
dist: 2.0669927963967916 vs. 2.0669927963967916
--------
nle(id0,id1,dist): 94 101 1.8223517820589508
list:
dist: 1.8223517820589508 vs. 1.8223517820589508
--------
nle(id0,id1,dist): 94 100 2.832509455250276
list:
dist: 2.832509455250276 vs. 2.832509455250276
--------
nle(id0,id1,dist): 94 99 3.0246683744576823
list:
dist: 3.0246683744576823 vs. 3.0246683744576823
--------
nle(id0,id1,dist): 94 105 1.775144707824703
list:
dist: 1.775144707824703 vs. 1.775144707824703
--------
nle(id0,id1,dist): 94 103 1.6696618548782773
list:
dist: 1.6696618548782773 vs. 1.6696618548782773
--------
nle(id0,id1,dist): 92 97 1.7007007337311553
list:
dist: 1.7007007337311553 vs. 1.7007007337311553
--------
nle(id0,id1,dist): 92 98 3.143534451525326
list:
dist: 3.143534451525326 vs. 3.143534451525326
--------
nle(id0,id1,dist): 92 99 2.4559205967545576
list:
dist: 2.4559205967545576 vs. 2.4559205967545576
--------
nle(id0,id1,dist): 92 100 2.140477126300986
list:
dist: 2.140477126300986 vs. 2.140477126300986
--------
nle(id0,id1,dist): 92 93 2.8985556118905103
list:
dist: 2.8985556118905103 vs. 2.8985556118905103
--------
nle(id0,id1,dist): 92 94 2.0061407474489976
list:
dist: 2.0061407474489976 vs. 2.0061407474489976
--------
nle(id0,id1,dist): 92 95 1.8392398070973852
list:
dist: 1.8392398070973852 vs. 1.8392398070973852
--------
nle(id0,id1,dist): 92 96 1.7927016615786233
list:
dist: 1.7927016615786233 vs. 1.7927016615786233
--------
nle(id0,id1,dist): 91 111 3.1325896712033265
list:
dist: 3.1325896712033265 vs. 3.1325896712033265
--------
nle(id0,id1,dist): 91 110 1.667113854544731
list:
dist: 1.667113854544731 vs. 1.667113854544731
--------
nle(id0,id1,dist): 91 113 1.861263880222758
list:
dist: 1.861263880222758 vs. 1.861263880222758
--------
nle(id0,id1,dist): 91 112 3.474684257212162
list:
dist: 3.474684257212162 vs. 3.474684257212162
--------
nle(id0,id1,dist): 91 107 2.421900931558329
list:
dist: 2.421900931558329 vs. 2.421900931558329
--------
nle(id0,id1,dist): 91 106 2.0331715056016466
list:
dist: 2.0331715056016466 vs. 2.0331715056016466
--------
nle(id0,id1,dist): 91 109 1.087489538676137
list:
dist: 1.087489538676137 vs. 1.087489538676137
--------
nle(id0,id1,dist): 91 118 3.549424647619622
list:
dist: 3.549424647619622 vs. 3.549424647619622
--------
nle(id0,id1,dist): 91 115 3.111767597655486
list:
dist: 3.111767597655486 vs. 3.111767597655486
--------
nle(id0,id1,dist): 91 114 2.299975144719817
list:
dist: 2.299975144719817 vs. 2.299975144719817
--------
nle(id0,id1,dist): 91 117 2.4301943336810887
list:
dist: 2.4301943336810887 vs. 2.4301943336810887
--------
nle(id0,id1,dist): 91 116 3.928982670572412
list:
dist: 3.928982670572412 vs. 3.928982670572412
--------
nle(id0,id1,dist): 92 117 1.82685247017024
list:
dist: 1.82685247017024 vs. 1.82685247017024
--------
nle(id0,id1,dist): 92 118 2.97824425131169
list:
dist: 2.97824425131169 vs. 2.97824425131169
--------
nle(id0,id1,dist): 93 94 2.831980349651828
list:
dist: 2.831980349651828 vs. 2.831980349651828
--------
nle(id0,id1,dist): 93 95 2.009820352525017
list:
dist: 2.009820352525017 vs. 2.009820352525017
--------
nle(id0,id1,dist): 92 107 1.9177905135063786
list:
dist: 1.9177905135063786 vs. 1.9177905135063786
--------
nle(id0,id1,dist): 92 106 1.5635549834472497
list:
dist: 1.5635549834472497 vs. 1.5635549834472497
--------
nle(id0,id1,dist): 92 105 1.071448926794909
list:
dist: 1.071448926794909 vs. 1.071448926794909
--------
nle(id0,id1,dist): 92 104 1.189537078849124
list:
dist: 1.189537078849124 vs. 1.189537078849124
--------
nle(id0,id1,dist): 92 103 1.902237446475673
list:
dist: 1.902237446475673 vs. 1.902237446475673
--------
nle(id0,id1,dist): 92 102 2.6237986117171452
list:
dist: 2.6237986117171452 vs. 2.6237986117171452
--------
nle(id0,id1,dist): 92 101 2.279038353979701
list:
dist: 2.279038353979701 vs. 2.279038353979701
--------
nle(id0,id1,dist): 92 116 3.333463887001047
list:
dist: 3.333463887001047 vs. 3.333463887001047
--------
nle(id0,id1,dist): 92 115 2.329190177678006
list:
dist: 2.329190177678006 vs. 2.329190177678006
--------
nle(id0,id1,dist): 92 114 1.3471671324423802
list:
dist: 1.3471671324423802 vs. 1.3471671324423802
--------
nle(id0,id1,dist): 92 113 1.1400039742518466
list:
dist: 1.1400039742518466 vs. 1.1400039742518466
--------
nle(id0,id1,dist): 92 112 3.047890288052772
list:
dist: 3.047890288052772 vs. 3.047890288052772
--------
nle(id0,id1,dist): 92 111 2.0929113161842015
list:
dist: 2.0929113161842015 vs. 2.0929113161842015
--------
nle(id0,id1,dist): 92 110 0.6919923800371346
list:
dist: 0.6919923800371346 vs. 0.6919923800371346
--------
nle(id0,id1,dist): 92 109 0.9046406910054381
list:
dist: 0.9046406910054381 vs. 0.9046406910054381
--------
nle(id0,id1,dist): 97 101 2.813880103191802
list:
dist: 2.813880103191802 vs. 2.813880103191802
--------
nle(id0,id1,dist): 97 100 2.2071761921283164
list:
dist: 2.2071761921283164 vs. 2.2071761921283164
--------
nle(id0,id1,dist): 97 103 1.7930171140480486
list:
dist: 1.7930171140480486 vs. 1.7930171140480486
--------
nle(id0,id1,dist): 97 102 1.9917109968362523
list:
dist: 1.9917109968362523 vs. 1.9917109968362523
--------
nle(id0,id1,dist): 97 105 1.3763848257806095
list:
dist: 1.3763848257806095 vs. 1.3763848257806095
--------
nle(id0,id1,dist): 97 104 1.371625622640057
list:
dist: 1.371625622640057 vs. 1.371625622640057
--------
nle(id0,id1,dist): 97 107 2.904463727388107
list:
dist: 2.904463727388107 vs. 2.904463727388107
--------
nle(id0,id1,dist): 97 106 1.4603399208957049
list:
dist: 1.4603399208957049 vs. 1.4603399208957049
--------
nle(id0,id1,dist): 97 99 2.8526732183864825
list:
dist: 2.8526732183864825 vs. 2.8526732183864825
--------
nle(id0,id1,dist): 96 113 2.1912831007888807
list:
dist: 2.1912831007888807 vs. 2.1912831007888807
--------
nle(id0,id1,dist): 96 114 2.605526051952044
list:
dist: 2.605526051952044 vs. 2.605526051952044
--------
nle(id0,id1,dist): 96 115 3.3076544556248977
list:
dist: 3.3076544556248977 vs. 3.3076544556248977
--------
nle(id0,id1,dist): 96 116 3.864866541102844
list:
dist: 3.864866541102844 vs. 3.864866541102844
--------
nle(id0,id1,dist): 96 117 2.414940693693812
list:
dist: 2.414940693693812 vs. 2.414940693693812
--------
nle(id0,id1,dist): 96 118 3.394799488014222
list:
dist: 3.394799488014222 vs. 3.394799488014222
--------
nle(id0,id1,dist): 98 102 1.6467566446616988
list:
dist: 1.6467566446616988 vs. 1.6467566446616988
--------
nle(id0,id1,dist): 98 101 2.794942351667838
list:
dist: 2.794942351667838 vs. 2.794942351667838
--------
nle(id0,id1,dist): 98 100 3.6400652131849713
list:
dist: 3.6400652131849713 vs. 3.6400652131849713
--------
nle(id0,id1,dist): 98 99 3.420426447964875
list:
dist: 3.420426447964875 vs. 3.420426447964875
--------
nle(id0,id1,dist): 97 118 3.764499527997986
list:
dist: 3.764499527997986 vs. 3.764499527997986
--------
nle(id0,id1,dist): 97 116 3.551624225905376
list:
dist: 3.551624225905376 vs. 3.551624225905376
--------
nle(id0,id1,dist): 97 117 2.565581521749234
list:
dist: 2.565581521749234 vs. 2.565581521749234
--------
nle(id0,id1,dist): 97 110 2.1029003056840625
list:
dist: 2.1029003056840625 vs. 2.1029003056840625
--------
nle(id0,id1,dist): 97 111 3.248335102291744
list:
dist: 3.248335102291744 vs. 3.248335102291744
--------
nle(id0,id1,dist): 97 109 2.15256792055293
list:
dist: 2.15256792055293 vs. 2.15256792055293
--------
nle(id0,id1,dist): 97 114 2.179720674110159
list:
dist: 2.179720674110159 vs. 2.179720674110159
--------
nle(id0,id1,dist): 97 115 2.608219970444473
list:
dist: 2.608219970444473 vs. 2.608219970444473
--------
nle(id0,id1,dist): 97 112 2.7049802698340035
list:
dist: 2.7049802698340035 vs. 2.7049802698340035
--------
nle(id0,id1,dist): 97 113 1.5443410530975183
list:
dist: 1.5443410530975183 vs. 1.5443410530975183
--------
nle(id0,id1,dist): 95 115 0.747896896808251
list:
dist: 0.747896896808251 vs. 0.747896896808251
--------
nle(id0,id1,dist): 95 114 0.7525333921703196
list:
dist: 0.7525333921703196 vs. 0.7525333921703196
--------
nle(id0,id1,dist): 95 117 0.9204774366202663
list:
dist: 0.9204774366202663 vs. 0.9204774366202663
--------
nle(id0,id1,dist): 95 116 1.5511375323260674
list:
dist: 1.5511375323260674 vs. 1.5511375323260674
--------
nle(id0,id1,dist): 95 111 1.4838722127656667
list:
dist: 1.4838722127656667 vs. 1.4838722127656667
--------
nle(id0,id1,dist): 95 110 1.45526191142072
list:
dist: 1.45526191142072 vs. 1.45526191142072
--------
nle(id0,id1,dist): 95 113 0.8289124607152044
list:
dist: 0.8289124607152044 vs. 0.8289124607152044
--------
nle(id0,id1,dist): 95 112 1.3259750305428621
list:
dist: 1.3259750305428621 vs. 1.3259750305428621
--------
nle(id0,id1,dist): 95 107 1.6220411308976257
list:
dist: 1.6220411308976257 vs. 1.6220411308976257
--------
nle(id0,id1,dist): 95 106 0.7051398345028644
list:
dist: 0.7051398345028644 vs. 0.7051398345028644
--------
nle(id0,id1,dist): 95 109 2.6592587467749498
list:
dist: 2.6592587467749498 vs. 2.6592587467749498
--------
nle(id0,id1,dist): 95 108 2.3828144837773984
list:
dist: 2.3828144837773984 vs. 2.3828144837773984
--------
nle(id0,id1,dist): 95 105 2.5650593839914024
list:
dist: 2.5650593839914024 vs. 2.5650593839914024
--------
nle(id0,id1,dist): 95 104 2.6075575682501597
list:
dist: 2.6075575682501597 vs. 2.6075575682501597
--------
nle(id0,id1,dist): 95 99 1.025542590005886
list:
dist: 1.025542590005886 vs. 1.025542590005886
--------
nle(id0,id1,dist): 95 96 2.5965375231378056
list:
dist: 2.5965375231378056 vs. 2.5965375231378056
--------
nle(id0,id1,dist): 95 97 2.1385435171943254
list:
dist: 2.1385435171943254 vs. 2.1385435171943254
--------
nle(id0,id1,dist): 96 112 3.4844285503667023
list:
dist: 3.4844285503667023 vs. 3.4844285503667023
--------
nle(id0,id1,dist): 96 111 3.3704099794347178
list:
dist: 3.3704099794347178 vs. 3.3704099794347178
--------
nle(id0,id1,dist): 96 110 2.011765145171731
list:
dist: 2.011765145171731 vs. 2.011765145171731
--------
nle(id0,id1,dist): 96 109 1.666179527906106
list:
dist: 1.666179527906106 vs. 1.666179527906106
--------
nle(id0,id1,dist): 96 107 2.3317723129637797
list:
dist: 2.3317723129637797 vs. 2.3317723129637797
--------
nle(id0,id1,dist): 96 106 2.2373300104642153
list:
dist: 2.2373300104642153 vs. 2.2373300104642153
--------
nle(id0,id1,dist): 96 105 1.1817461381865781
list:
dist: 1.1817461381865781 vs. 1.1817461381865781
--------
nle(id0,id1,dist): 96 104 2.088786565879127
list:
dist: 2.088786565879127 vs. 2.088786565879127
--------
nle(id0,id1,dist): 96 103 0.9804444695265556
list:
dist: 0.9804444695265556 vs. 0.9804444695265556
--------
nle(id0,id1,dist): 96 102 1.0539510627800694
list:
dist: 1.0539510627800694 vs. 1.0539510627800694
--------
nle(id0,id1,dist): 96 101 2.0005581541058746
list:
dist: 2.0005581541058746 vs. 2.0005581541058746
--------
nle(id0,id1,dist): 96 100 2.3868938039884027
list:
dist: 2.3868938039884027 vs. 2.3868938039884027
--------
nle(id0,id1,dist): 96 99 2.7969524519173468
list:
dist: 2.7969524519173468 vs. 2.7969524519173468
--------
nle(id0,id1,dist): 96 98 1.5015891430044288
list:
dist: 1.5015891430044288 vs. 1.5015891430044288
--------
nle(id0,id1,dist): 96 97 1.6522159164761088
list:
dist: 1.6522159164761088 vs. 1.6522159164761088
--------
nle(id0,id1,dist): 95 118 1.9304480063925187
list:
dist: 1.9304480063925187 vs. 1.9304480063925187
--------
nle(id0,id1,dist): 87 88 2.0906622420330225
list:
dist: 2.0906622420330225 vs. 2.0906622420330225
--------
nle(id0,id1,dist): 85 86 1.9764882100147099
list:
dist: 1.9764882100147099 vs. 1.9764882100147099
--------
nle(id0,id1,dist): 85 89 3.737304205952805
list:
dist: 3.737304205952805 vs. 3.737304205952805
--------
nle(id0,id1,dist): 86 88 3.183463218123662
list:
dist: 3.183463218123662 vs. 3.183463218123662
--------
nle(id0,id1,dist): 86 89 3.129891706175138
list:
dist: 3.129891706175138 vs. 3.129891706175138
--------
nle(id0,id1,dist): 90 119 2.4604886161381194
list:
dist: 2.4604886161381194 vs. 2.4604886161381194
--------
nle(id0,id1,dist): 91 99 2.928258622278144
list:
dist: 2.928258622278144 vs. 2.928258622278144
--------
nle(id0,id1,dist): 91 98 2.251209359079283
list:
dist: 2.251209359079283 vs. 2.251209359079283
--------
nle(id0,id1,dist): 91 101 1.6439530377185547
list:
dist: 1.6439530377185547 vs. 1.6439530377185547
--------
nle(id0,id1,dist): 91 100 1.7146454031120544
list:
dist: 1.7146454031120544 vs. 1.7146454031120544
--------
nle(id0,id1,dist): 91 103 0.7579490833118369
list:
dist: 0.7579490833118369 vs. 0.7579490833118369
--------
nle(id0,id1,dist): 91 102 1.4159934685438658
list:
dist: 1.4159934685438658 vs. 1.4159934685438658
--------
nle(id0,id1,dist): 91 105 0.39294206030595713
list:
dist: 0.39294206030595713 vs. 0.39294206030595713
--------
nle(id0,id1,dist): 91 104 1.3227838619303993
list:
dist: 1.3227838619303993 vs. 1.3227838619303993
--------
nle(id0,id1,dist): 91 93 3.2984655719445355
list:
dist: 3.2984655719445355 vs. 3.2984655719445355
--------
nle(id0,id1,dist): 91 92 1.2153462432602367
list:
dist: 1.2153462432602367 vs. 1.2153462432602367
--------
nle(id0,id1,dist): 91 95 2.4797458017679883
list:
dist: 2.4797458017679883 vs. 2.4797458017679883
--------
nle(id0,id1,dist): 91 94 1.5707997700354646
list:
dist: 1.5707997700354646 vs. 1.5707997700354646
--------
nle(id0,id1,dist): 91 97 1.3292482256591869
list:
dist: 1.3292482256591869 vs. 1.3292482256591869
--------
nle(id0,id1,dist): 91 96 0.7919070378558621
list:
dist: 0.7919070378558621 vs. 0.7919070378558621
--------
nle(id0,id1,dist): 88 89 1.9855319815674897
list:
dist: 1.9855319815674897 vs. 1.9855319815674897
--------
nle(id0,id1,dist): 81 82 1.5888456370840518
list:
dist: 1.5888456370840518 vs. 1.5888456370840518
--------
nle(id0,id1,dist): 81 86 1.86873465419599
list:
dist: 1.86873465419599 vs. 1.86873465419599
--------
nle(id0,id1,dist): 81 84 1.1769687825549346
list:
dist: 1.1769687825549346 vs. 1.1769687825549346
--------
nle(id0,id1,dist): 81 85 3.317735691199796
list:
dist: 3.317735691199796 vs. 3.317735691199796
--------
nle(id0,id1,dist): 80 85 2.533336853972308
list:
dist: 2.533336853972308 vs. 2.533336853972308
--------
nle(id0,id1,dist): 80 86 2.6190038139113208
list:
dist: 2.6190038139113208 vs. 2.6190038139113208
--------
nle(id0,id1,dist): 80 81 2.24438451688268
list:
dist: 2.24438451688268 vs. 2.24438451688268
--------
nle(id0,id1,dist): 80 82 1.912644910341688
list:
dist: 1.912644910341688 vs. 1.912644910341688
--------
nle(id0,id1,dist): 80 84 2.5716321675228384
list:
dist: 2.5716321675228384 vs. 2.5716321675228384
--------
nle(id0,id1,dist): 79 86 1.0739232748679646
list:
dist: 1.0739232748679646 vs. 1.0739232748679646
--------
nle(id0,id1,dist): 79 81 1.2233915141827592
list:
dist: 1.2233915141827592 vs. 1.2233915141827592
--------
nle(id0,id1,dist): 79 80 2.5657920326342194
list:
dist: 2.5657920326342194 vs. 2.5657920326342194
--------
nle(id0,id1,dist): 79 85 2.574239251242767
list:
dist: 2.574239251242767 vs. 2.574239251242767
--------
nle(id0,id1,dist): 79 84 1.5639775286823838
list:
dist: 1.5639775286823838 vs. 1.5639775286823838
--------
nle(id0,id1,dist): 79 82 1.4109312229361761
list:
dist: 1.4109312229361761 vs. 1.4109312229361761
--------
nle(id0,id1,dist): 78 82 2.21305917337315
list:
dist: 2.21305917337315 vs. 2.21305917337315
--------
nle(id0,id1,dist): 78 84 2.1713185024392923
list:
dist: 2.1713185024392923 vs. 2.1713185024392923
--------
nle(id0,id1,dist): 78 83 1.3271527922889101
list:
dist: 1.3271527922889101 vs. 1.3271527922889101
--------
nle(id0,id1,dist): 78 86 2.655550718567961
list:
dist: 2.655550718567961 vs. 2.655550718567961
--------
nle(id0,id1,dist): 78 85 3.541126389922943
list:
dist: 3.541126389922943 vs. 3.541126389922943
--------
nle(id0,id1,dist): 78 88 1.7801390990868846
list:
dist: 1.7801390990868846 vs. 1.7801390990868846
--------
nle(id0,id1,dist): 78 89 1.9579941354084902
list:
dist: 1.9579941354084902 vs. 1.9579941354084902
--------
nle(id0,id1,dist): 84 89 3.3918698622904837
list:
dist: 3.3918698622904837 vs. 3.3918698622904837
--------
nle(id0,id1,dist): 84 88 2.638137678622603
list:
dist: 2.638137678622603 vs. 2.638137678622603
--------
nle(id0,id1,dist): 84 85 3.161971502557646
list:
dist: 3.161971502557646 vs. 3.161971502557646
--------
nle(id0,id1,dist): 84 86 1.470379605596047
list:
dist: 1.470379605596047 vs. 1.470379605596047
--------
nle(id0,id1,dist): 83 86 3.1082898366877347
list:
dist: 3.1082898366877347 vs. 3.1082898366877347
--------
nle(id0,id1,dist): 83 88 2.209772872458998
list:
dist: 2.209772872458998 vs. 2.209772872458998
--------
nle(id0,id1,dist): 83 89 1.014547330506896
list:
dist: 1.014547330506896 vs. 1.014547330506896
--------
nle(id0,id1,dist): 83 84 3.1855342193787775
list:
dist: 3.1855342193787775 vs. 3.1855342193787775
--------
nle(id0,id1,dist): 83 85 3.5108484304970435
list:
dist: 3.5108484304970435 vs. 3.5108484304970435
--------
nle(id0,id1,dist): 82 89 3.2096633100246597
list:
dist: 3.2096633100246597 vs. 3.2096633100246597
--------
nle(id0,id1,dist): 82 88 3.1567968183599
list:
dist: 3.1567968183599 vs. 3.1567968183599
--------
nle(id0,id1,dist): 82 84 1.1332619366793129
list:
dist: 1.1332619366793129 vs. 1.1332619366793129
--------
nle(id0,id1,dist): 82 83 2.9094318035755378
list:
dist: 2.9094318035755378 vs. 2.9094318035755378
--------
nle(id0,id1,dist): 82 86 0.8908879375477288
list:
dist: 0.8908879375477288 vs. 0.8908879375477288
--------
nle(id0,id1,dist): 82 85 2.054503355371095
list:
dist: 2.054503355371095 vs. 2.054503355371095
--------
nle(id0,id1,dist): 74 91 0.37991085014737647
list:
dist: 0.37991085014737647 vs. 0.37991085014737647
--------
nle(id0,id1,dist): 74 92 0.8825726403847223
list:
dist: 0.8825726403847223 vs. 0.8825726403847223
--------
nle(id0,id1,dist): 74 93 3.1129159149028713
list:
dist: 3.1129159149028713 vs. 3.1129159149028713
--------
nle(id0,id1,dist): 74 94 1.7163602487140885
list:
dist: 1.7163602487140885 vs. 1.7163602487140885
--------
nle(id0,id1,dist): 73 75 1.9031023492677965
list:
dist: 1.9031023492677965 vs. 1.9031023492677965
--------
nle(id0,id1,dist): 73 83 1.9027854313959491
list:
dist: 1.9027854313959491 vs. 1.9027854313959491
--------
nle(id0,id1,dist): 73 82 2.464891778607458
list:
dist: 2.464891778607458 vs. 2.464891778607458
--------
nle(id0,id1,dist): 73 78 2.283780697193977
list:
dist: 2.283780697193977 vs. 2.283780697193977
--------
nle(id0,id1,dist): 73 77 0.9639130804110656
list:
dist: 0.9639130804110656 vs. 0.9639130804110656
--------
nle(id0,id1,dist): 73 89 2.5738106809717083
list:
dist: 2.5738106809717083 vs. 2.5738106809717083
--------
nle(id0,id1,dist): 73 86 2.815770134854913
list:
dist: 2.815770134854913 vs. 2.815770134854913
--------
nle(id0,id1,dist): 73 84 3.3219216529606004
list:
dist: 3.3219216529606004 vs. 3.3219216529606004
--------
nle(id0,id1,dist): 73 85 2.152808351709888
list:
dist: 2.152808351709888 vs. 2.152808351709888
--------
nle(id0,id1,dist): 72 76 2.094771751331806
list:
dist: 2.094771751331806 vs. 2.094771751331806
--------
nle(id0,id1,dist): 72 75 2.195963783805559
list:
dist: 2.195963783805559 vs. 2.195963783805559
--------
nle(id0,id1,dist): 72 77 3.0968472994593563
list:
dist: 3.0968472994593563 vs. 3.0968472994593563
--------
nle(id0,id1,dist): 72 80 1.383756315398548
list:
dist: 1.383756315398548 vs. 1.383756315398548
--------
nle(id0,id1,dist): 72 79 1.5878715515230655
list:
dist: 1.5878715515230655 vs. 1.5878715515230655
--------
nle(id0,id1,dist): 72 82 1.812433581369314
list:
dist: 1.812433581369314 vs. 1.812433581369314
--------
nle(id0,id1,dist): 72 81 1.6663863865530317
list:
dist: 1.6663863865530317 vs. 1.6663863865530317
--------
nle(id0,id1,dist): 72 84 2.3856492877178237
list:
dist: 2.3856492877178237 vs. 2.3856492877178237
--------
nle(id0,id1,dist): 72 86 2.088208919010331
list:
dist: 2.088208919010331 vs. 2.088208919010331
--------
nle(id0,id1,dist): 72 85 2.3844300012165265
list:
dist: 2.3844300012165265 vs. 2.3844300012165265
--------
nle(id0,id1,dist): 71 81 0.8385691988762033
list:
dist: 0.8385691988762033 vs. 0.8385691988762033
--------
nle(id0,id1,dist): 71 80 2.364766587565805
list:
dist: 2.364766587565805 vs. 2.364766587565805
--------
nle(id0,id1,dist): 71 79 1.2042192340144622
list:
dist: 1.2042192340144622 vs. 1.2042192340144622
--------
nle(id0,id1,dist): 71 85 3.3517346640138284
list:
dist: 3.3517346640138284 vs. 3.3517346640138284
--------
nle(id0,id1,dist): 71 84 1.9481866785826905
list:
dist: 1.9481866785826905 vs. 1.9481866785826905
--------
nle(id0,id1,dist): 71 82 2.0656314496639
list:
dist: 2.0656314496639 vs. 2.0656314496639
--------
nle(id0,id1,dist): 71 86 2.1621101662468494
list:
dist: 2.1621101662468494 vs. 2.1621101662468494
--------
nle(id0,id1,dist): 77 89 3.445939475135415
list:
dist: 3.445939475135415 vs. 3.445939475135415
--------
nle(id0,id1,dist): 77 84 3.3479515164459834
list:
dist: 3.3479515164459834 vs. 3.3479515164459834
--------
nle(id0,id1,dist): 77 85 1.7653716909324486
list:
dist: 1.7653716909324486 vs. 1.7653716909324486
--------
nle(id0,id1,dist): 77 86 2.8128466465431936
list:
dist: 2.8128466465431936 vs. 2.8128466465431936
--------
nle(id0,id1,dist): 77 80 2.35313628220553
list:
dist: 2.35313628220553 vs. 2.35313628220553
--------
nle(id0,id1,dist): 77 81 3.764178016374273
list:
dist: 3.764178016374273 vs. 3.764178016374273
--------
nle(id0,id1,dist): 77 82 2.3491448380760183
list:
dist: 2.3491448380760183 vs. 2.3491448380760183
--------
nle(id0,id1,dist): 77 83 2.7802317890411237
list:
dist: 2.7802317890411237 vs. 2.7802317890411237
--------
nle(id0,id1,dist): 76 85 2.0640588720425157
list:
dist: 2.0640588720425157 vs. 2.0640588720425157
--------
nle(id0,id1,dist): 76 86 3.00894958828303
list:
dist: 3.00894958828303 vs. 3.00894958828303
--------
nle(id0,id1,dist): 77 79 3.5373581197927946
list:
dist: 3.5373581197927946 vs. 3.5373581197927946
--------
nle(id0,id1,dist): 77 78 2.8258042444672187
list:
dist: 2.8258042444672187 vs. 2.8258042444672187
--------
nle(id0,id1,dist): 76 77 3.4828585433776817
list:
dist: 3.4828585433776817 vs. 3.4828585433776817
--------
nle(id0,id1,dist): 76 80 2.9049804506852857
list:
dist: 2.9049804506852857 vs. 2.9049804506852857
--------
nle(id0,id1,dist): 76 79 2.822546055786738
list:
dist: 2.822546055786738 vs. 2.822546055786738
--------
nle(id0,id1,dist): 76 82 3.1694303639879826
list:
dist: 3.1694303639879826 vs. 3.1694303639879826
--------
nle(id0,id1,dist): 76 81 3.569962233373367
list:
dist: 3.569962233373367 vs. 3.569962233373367
--------
nle(id0,id1,dist): 76 84 4.056490137113755
list:
dist: 4.056490137113755 vs. 4.056490137113755
--------
nle(id0,id1,dist): 74 105 0.44650118926533305
list:
dist: 0.44650118926533305 vs. 0.44650118926533305
--------
nle(id0,id1,dist): 74 106 1.7048647052860841
list:
dist: 1.7048647052860841 vs. 1.7048647052860841
--------
nle(id0,id1,dist): 74 103 1.1283956087082712
list:
dist: 1.1283956087082712 vs. 1.1283956087082712
--------
nle(id0,id1,dist): 74 104 1.1482145092249259
list:
dist: 1.1482145092249259 vs. 1.1482145092249259
--------
nle(id0,id1,dist): 74 109 1.0218894647378107
list:
dist: 1.0218894647378107 vs. 1.0218894647378107
--------
nle(id0,id1,dist): 74 110 1.3495421044755342
list:
dist: 1.3495421044755342 vs. 1.3495421044755342
--------
nle(id0,id1,dist): 74 107 2.216330497907913
list:
dist: 2.216330497907913 vs. 2.216330497907913
--------
nle(id0,id1,dist): 74 97 1.1930183148158067
list:
dist: 1.1930183148158067 vs. 1.1930183148158067
--------
nle(id0,id1,dist): 74 98 2.4945817954784677
list:
dist: 2.4945817954784677 vs. 2.4945817954784677
--------
nle(id0,id1,dist): 74 95 2.150264944691906
list:
dist: 2.150264944691906 vs. 2.150264944691906
--------
nle(id0,id1,dist): 74 96 1.0217253870184877
list:
dist: 1.0217253870184877 vs. 1.0217253870184877
--------
nle(id0,id1,dist): 74 101 1.8990154330014186
list:
dist: 1.8990154330014186 vs. 1.8990154330014186
--------
nle(id0,id1,dist): 74 102 1.753764603021815
list:
dist: 1.753764603021815 vs. 1.753764603021815
--------
nle(id0,id1,dist): 74 99 2.672055382835671
list:
dist: 2.672055382835671 vs. 2.672055382835671
--------
nle(id0,id1,dist): 74 100 1.8234163141214879
list:
dist: 1.8234163141214879 vs. 1.8234163141214879
--------
nle(id0,id1,dist): 75 85 1.7447278633901764
list:
dist: 1.7447278633901764 vs. 1.7447278633901764
--------
nle(id0,id1,dist): 75 84 1.5856305169407416
list:
dist: 1.5856305169407416 vs. 1.5856305169407416
--------
nle(id0,id1,dist): 75 83 2.4648013747909867
list:
dist: 2.4648013747909867 vs. 2.4648013747909867
--------
nle(id0,id1,dist): 75 82 0.5942208194102714
list:
dist: 0.5942208194102714 vs. 0.5942208194102714
--------
nle(id0,id1,dist): 75 89 2.8020506967177683
list:
dist: 2.8020506967177683 vs. 2.8020506967177683
--------
nle(id0,id1,dist): 75 88 3.0870581384222513
list:
dist: 3.0870581384222513 vs. 3.0870581384222513
--------
nle(id0,id1,dist): 75 86 1.0499391880471418
list:
dist: 1.0499391880471418 vs. 1.0499391880471418
--------
nle(id0,id1,dist): 74 114 1.9348532112621126
list:
dist: 1.9348532112621126 vs. 1.9348532112621126
--------
nle(id0,id1,dist): 75 77 1.8943076965438723
list:
dist: 1.8943076965438723 vs. 1.8943076965438723
--------
nle(id0,id1,dist): 74 113 1.4959342724201266
list:
dist: 1.4959342724201266 vs. 1.4959342724201266
--------
nle(id0,id1,dist): 75 76 3.2342097405968704
list:
dist: 3.2342097405968704 vs. 3.2342097405968704
--------
nle(id0,id1,dist): 74 112 3.1831158811757163
list:
dist: 3.1831158811757163 vs. 3.1831158811757163
--------
nle(id0,id1,dist): 74 111 2.797833151609991
list:
dist: 2.797833151609991 vs. 2.797833151609991
--------
nle(id0,id1,dist): 74 118 3.318526929428866
list:
dist: 3.318526929428866 vs. 3.318526929428866
--------
nle(id0,id1,dist): 75 81 2.182801106387435
list:
dist: 2.182801106387435 vs. 2.182801106387435
--------
nle(id0,id1,dist): 74 117 2.155666731135343
list:
dist: 2.155666731135343 vs. 2.155666731135343
--------
nle(id0,id1,dist): 75 80 2.1105127596052347
list:
dist: 2.1105127596052347 vs. 2.1105127596052347
--------
nle(id0,id1,dist): 75 79 1.8728174758381149
list:
dist: 1.8728174758381149 vs. 1.8728174758381149
--------
nle(id0,id1,dist): 74 116 3.6343831794144155
list:
dist: 3.6343831794144155 vs. 3.6343831794144155
--------
nle(id0,id1,dist): 74 115 2.7586600701053694
list:
dist: 2.7586600701053694 vs. 2.7586600701053694
--------
nle(id0,id1,dist): 75 78 1.9938885810858389
list:
dist: 1.9938885810858389 vs. 1.9938885810858389
--------
nle(id0,id1,dist): 120 145 2.2392314427858016
list:
dist: 2.2392314427858016 vs. 2.2392314427858016
--------
nle(id0,id1,dist): 120 146 1.479389942468765
list:
dist: 1.479389942468765 vs. 1.479389942468765
--------
nle(id0,id1,dist): 120 147 1.886090928375275
list:
dist: 1.886090928375275 vs. 1.886090928375275
--------
nle(id0,id1,dist): 120 148 2.4643090964442456
list:
dist: 2.4643090964442456 vs. 2.4643090964442456
--------
nle(id0,id1,dist): 120 138 2.563885924786785
list:
dist: 2.563885924786785 vs. 2.563885924786785
--------
nle(id0,id1,dist): 120 141 2.4044864853309695
list:
dist: 2.4044864853309695 vs. 2.4044864853309695
--------
nle(id0,id1,dist): 120 143 3.376321874930801
list:
dist: 3.376321874930801 vs. 3.376321874930801
--------
nle(id0,id1,dist): 120 130 3.359660630526811
list:
dist: 3.359660630526811 vs. 3.359660630526811
--------
nle(id0,id1,dist): 120 129 1.5952313434269654
list:
dist: 1.5952313434269654 vs. 1.5952313434269654
--------
nle(id0,id1,dist): 120 132 1.7842693428703842
list:
dist: 1.7842693428703842 vs. 1.7842693428703842
--------
nle(id0,id1,dist): 120 134 2.152240958770329
list:
dist: 2.152240958770329 vs. 2.152240958770329
--------
nle(id0,id1,dist): 120 133 0.8702083680805189
list:
dist: 0.8702083680805189 vs. 0.8702083680805189
--------
nle(id0,id1,dist): 120 136 1.493078191543782
list:
dist: 1.493078191543782 vs. 1.493078191543782
--------
nle(id0,id1,dist): 120 135 1.655310626807525
list:
dist: 1.655310626807525 vs. 1.655310626807525
--------
nle(id0,id1,dist): 120 122 2.9221922524066724
list:
dist: 2.9221922524066724 vs. 2.9221922524066724
--------
nle(id0,id1,dist): 120 121 2.303663064346438
list:
dist: 2.303663064346438 vs. 2.303663064346438
--------
nle(id0,id1,dist): 120 124 2.703405137235959
list:
dist: 2.703405137235959 vs. 2.703405137235959
--------
nle(id0,id1,dist): 120 123 1.1558425771613814
list:
dist: 1.1558425771613814 vs. 1.1558425771613814
--------
nle(id0,id1,dist): 120 126 1.8449277963360675
list:
dist: 1.8449277963360675 vs. 1.8449277963360675
--------
nle(id0,id1,dist): 120 125 1.7249537238820842
list:
dist: 1.7249537238820842 vs. 1.7249537238820842
--------
nle(id0,id1,dist): 120 128 2.078332256570411
list:
dist: 2.078332256570411 vs. 2.078332256570411
--------
nle(id0,id1,dist): 121 146 2.7760666027472083
list:
dist: 2.7760666027472083 vs. 2.7760666027472083
--------
nle(id0,id1,dist): 121 145 3.3911101174028464
list:
dist: 3.3911101174028464 vs. 3.3911101174028464
--------
nle(id0,id1,dist): 121 135 3.5474680462159522
list:
dist: 3.5474680462159522 vs. 3.5474680462159522
--------
nle(id0,id1,dist): 121 132 1.3403439955403227
list:
dist: 1.3403439955403227 vs. 1.3403439955403227
--------
nle(id0,id1,dist): 121 133 2.0918032537499247
list:
dist: 2.0918032537499247 vs. 2.0918032537499247
--------
nle(id0,id1,dist): 121 138 4.562874276998937
list:
dist: 4.562874276998937 vs. 4.562874276998937
--------
nle(id0,id1,dist): 121 136 3.0556934228033708
list:
dist: 3.0556934228033708 vs. 3.0556934228033708
--------
nle(id0,id1,dist): 121 126 2.0636943337662217
list:
dist: 2.0636943337662217 vs. 2.0636943337662217
--------
nle(id0,id1,dist): 121 124 1.7827640543494583
list:
dist: 1.7827640543494583 vs. 1.7827640543494583
--------
nle(id0,id1,dist): 121 130 2.58257163585283
list:
dist: 2.58257163585283 vs. 2.58257163585283
--------
nle(id0,id1,dist): 121 129 1.610360184883839
list:
dist: 1.610360184883839 vs. 1.610360184883839
--------
nle(id0,id1,dist): 121 123 2.830722666696711
list:
dist: 2.830722666696711 vs. 2.830722666696711
--------
nle(id0,id1,dist): 121 122 2.3603048798861423
list:
dist: 2.3603048798861423 vs. 2.3603048798861423
--------
nle(id0,id1,dist): 122 132 2.496762193692281
list:
dist: 2.496762193692281 vs. 2.496762193692281
--------
nle(id0,id1,dist): 122 131 3.9860424544644526
list:
dist: 3.9860424544644526 vs. 3.9860424544644526
--------
nle(id0,id1,dist): 122 133 2.905964046461698
list:
dist: 2.905964046461698 vs. 2.905964046461698
--------
nle(id0,id1,dist): 122 130 0.46678603678395836
list:
dist: 0.46678603678395836 vs. 0.46678603678395836
--------
nle(id0,id1,dist): 122 140 2.0774965248985877
list:
dist: 2.0774965248985877 vs. 2.0774965248985877
--------
nle(id0,id1,dist): 122 142 3.9921368811445577
list:
dist: 3.9921368811445577 vs. 3.9921368811445577
--------
nle(id0,id1,dist): 122 136 2.3640637162693388
list:
dist: 2.3640637162693388 vs. 2.3640637162693388
--------
nle(id0,id1,dist): 122 135 3.2494099835603016
list:
dist: 3.2494099835603016 vs. 3.2494099835603016
--------
nle(id0,id1,dist): 122 138 3.8973478798439456
list:
dist: 3.8973478798439456 vs. 3.8973478798439456
--------
nle(id0,id1,dist): 122 123 2.9394101321381685
list:
dist: 2.9394101321381685 vs. 2.9394101321381685
--------
nle(id0,id1,dist): 122 124 0.7412991421912813
list:
dist: 0.7412991421912813 vs. 0.7412991421912813
--------
nle(id0,id1,dist): 123 128 1.7698246585107276
list:
dist: 1.7698246585107276 vs. 1.7698246585107276
--------
nle(id0,id1,dist): 123 125 1.7436668721154325
list:
dist: 1.7436668721154325 vs. 1.7436668721154325
--------
nle(id0,id1,dist): 123 124 2.9842915044826905
list:
dist: 2.9842915044826905 vs. 2.9842915044826905
--------
nle(id0,id1,dist): 123 136 1.5130725204169073
list:
dist: 1.5130725204169073 vs. 1.5130725204169073
--------
nle(id0,id1,dist): 123 135 0.8088208345082215
list:
dist: 0.8088208345082215 vs. 0.8088208345082215
--------
nle(id0,id1,dist): 123 134 1.3166169385196458
list:
dist: 1.3166169385196458 vs. 1.3166169385196458
--------
nle(id0,id1,dist): 123 133 0.9208154839048669
list:
dist: 0.9208154839048669 vs. 0.9208154839048669
--------
nle(id0,id1,dist): 123 132 1.8053339505124177
list:
dist: 1.8053339505124177 vs. 1.8053339505124177
--------
nle(id0,id1,dist): 123 131 2.829919762022653
list:
dist: 2.829919762022653 vs. 2.829919762022653
--------
nle(id0,id1,dist): 123 130 3.404567643503843
list:
dist: 3.404567643503843 vs. 3.404567643503843
--------
nle(id0,id1,dist): 122 149 3.0017818988451763
list:
dist: 3.0017818988451763 vs. 3.0017818988451763
--------
nle(id0,id1,dist): 122 145 2.466143173782443
list:
dist: 2.466143173782443 vs. 2.466143173782443
--------
nle(id0,id1,dist): 122 146 2.548022667469897
list:
dist: 2.548022667469897 vs. 2.548022667469897
--------
nle(id0,id1,dist): 124 130 0.8955023382988472
list:
dist: 0.8955023382988472 vs. 0.8955023382988472
--------
nle(id0,id1,dist): 124 132 2.26488780620139
list:
dist: 2.26488780620139 vs. 2.26488780620139
--------
nle(id0,id1,dist): 124 131 4.396256485978287
list:
dist: 4.396256485978287 vs. 4.396256485978287
--------
nle(id0,id1,dist): 123 138 1.9361598257522303
list:
dist: 1.9361598257522303 vs. 1.9361598257522303
--------
nle(id0,id1,dist): 123 140 3.030434746767458
list:
dist: 3.030434746767458 vs. 3.030434746767458
--------
nle(id0,id1,dist): 123 141 2.071819124230849
list:
dist: 2.071819124230849 vs. 2.071819124230849
--------
nle(id0,id1,dist): 123 142 2.622319653189935
list:
dist: 2.622319653189935 vs. 2.622319653189935
--------
nle(id0,id1,dist): 123 143 2.582983857124368
list:
dist: 2.582983857124368 vs. 2.582983857124368
--------
nle(id0,id1,dist): 123 144 2.6290084069803874
list:
dist: 2.6290084069803874 vs. 2.6290084069803874
--------
nle(id0,id1,dist): 123 145 1.3504251865545869
list:
dist: 1.3504251865545869 vs. 1.3504251865545869
--------
nle(id0,id1,dist): 123 146 0.5358598463407408
list:
dist: 0.5358598463407408 vs. 0.5358598463407408
--------
nle(id0,id1,dist): 123 147 0.9548503178240636
list:
dist: 0.9548503178240636 vs. 0.9548503178240636
--------
nle(id0,id1,dist): 123 148 1.6691476560194773
list:
dist: 1.6691476560194773 vs. 1.6691476560194773
--------
nle(id0,id1,dist): 123 149 3.7003730061285816
list:
dist: 3.7003730061285816 vs. 3.7003730061285816
--------
nle(id0,id1,dist): 124 149 3.713960388555642
list:
dist: 3.713960388555642 vs. 3.713960388555642
--------
nle(id0,id1,dist): 125 126 1.7449606673273552
list:
dist: 1.7449606673273552 vs. 1.7449606673273552
--------
nle(id0,id1,dist): 124 135 3.4108376958776914
list:
dist: 3.4108376958776914 vs. 3.4108376958776914
--------
nle(id0,id1,dist): 124 136 2.464251712771164
list:
dist: 2.464251712771164 vs. 2.464251712771164
--------
nle(id0,id1,dist): 124 133 2.740539358778066
list:
dist: 2.740539358778066 vs. 2.740539358778066
--------
nle(id0,id1,dist): 124 140 2.7699681180049565
list:
dist: 2.7699681180049565 vs. 2.7699681180049565
--------
nle(id0,id1,dist): 124 138 4.154400673345218
list:
dist: 4.154400673345218 vs. 4.154400673345218
--------
nle(id0,id1,dist): 124 142 4.45507415217442
list:
dist: 4.45507415217442 vs. 4.45507415217442
--------
nle(id0,id1,dist): 124 145 2.842522923144432
list:
dist: 2.842522923144432 vs. 2.842522923144432
--------
nle(id0,id1,dist): 124 146 2.694667024753021
list:
dist: 2.694667024753021 vs. 2.694667024753021
--------
nle(id0,id1,dist): 112 117 2.0575830835502913
list:
dist: 2.0575830835502913 vs. 2.0575830835502913
--------
nle(id0,id1,dist): 112 118 2.6179350595598363
list:
dist: 2.6179350595598363 vs. 2.6179350595598363
--------
nle(id0,id1,dist): 112 115 1.1473372848245205
list:
dist: 1.1473372848245205 vs. 1.1473372848245205
--------
nle(id0,id1,dist): 112 116 1.2951412847112367
list:
dist: 1.2951412847112367 vs. 1.2951412847112367
--------
nle(id0,id1,dist): 112 113 1.9235678048512617
list:
dist: 1.9235678048512617 vs. 1.9235678048512617
--------
nle(id0,id1,dist): 112 114 1.988390459765979
list:
dist: 1.988390459765979 vs. 1.988390459765979
--------
nle(id0,id1,dist): 113 116 2.374320566806442
list:
dist: 2.374320566806442 vs. 2.374320566806442
--------
nle(id0,id1,dist): 113 117 1.3343269445989854
list:
dist: 1.3343269445989854 vs. 1.3343269445989854
--------
nle(id0,id1,dist): 113 118 2.5353657921738604
list:
dist: 2.5353657921738604 vs. 2.5353657921738604
--------
nle(id0,id1,dist): 113 114 0.6411209573108664
list:
dist: 0.6411209573108664 vs. 0.6411209573108664
--------
nle(id0,id1,dist): 113 115 1.280948331345779
list:
dist: 1.280948331345779 vs. 1.280948331345779
--------
nle(id0,id1,dist): 114 117 1.0678911819750352
list:
dist: 1.0678911819750352 vs. 1.0678911819750352
--------
nle(id0,id1,dist): 114 118 2.1410100227151583
list:
dist: 2.1410100227151583 vs. 2.1410100227151583
--------
nle(id0,id1,dist): 114 115 1.047270516689284
list:
dist: 1.047270516689284 vs. 1.047270516689284
--------
nle(id0,id1,dist): 114 116 2.103738148996009
list:
dist: 2.103738148996009 vs. 2.103738148996009
--------
nle(id0,id1,dist): 115 118 2.2224431188484934
list:
dist: 2.2224431188484934 vs. 2.2224431188484934
--------
nle(id0,id1,dist): 115 116 1.3845944361585438
list:
dist: 1.3845944361585438 vs. 1.3845944361585438
--------
nle(id0,id1,dist): 115 117 1.4991359211152673
list:
dist: 1.4991359211152673 vs. 1.4991359211152673
--------
nle(id0,id1,dist): 116 117 1.74947348297505
list:
dist: 1.74947348297505 vs. 1.74947348297505
--------
nle(id0,id1,dist): 116 118 1.6565879338666885
list:
dist: 1.6565879338666885 vs. 1.6565879338666885
--------
nle(id0,id1,dist): 117 118 1.2354808342031747
list:
dist: 1.2354808342031747 vs. 1.2354808342031747
--------
nle(id0,id1,dist): 106 113 0.4970403006923178
list:
dist: 0.4970403006923178 vs. 0.4970403006923178
--------
nle(id0,id1,dist): 106 114 0.9712685878074258
list:
dist: 0.9712685878074258 vs. 0.9712685878074258
--------
nle(id0,id1,dist): 106 111 2.0013355364548575
list:
dist: 2.0013355364548575 vs. 2.0013355364548575
--------
nle(id0,id1,dist): 106 112 1.5243219156882675
list:
dist: 1.5243219156882675 vs. 1.5243219156882675
--------
nle(id0,id1,dist): 106 117 1.410845507875198
list:
dist: 1.410845507875198 vs. 1.410845507875198
--------
nle(id0,id1,dist): 106 118 2.557698052354
list:
dist: 2.557698052354 vs. 2.557698052354
--------
nle(id0,id1,dist): 106 115 1.1795722308858136
list:
dist: 1.1795722308858136 vs. 1.1795722308858136
--------
nle(id0,id1,dist): 106 116 2.162399373881157
list:
dist: 2.162399373881157 vs. 2.162399373881157
--------
nle(id0,id1,dist): 106 110 1.4595815120397764
list:
dist: 1.4595815120397764 vs. 1.4595815120397764
--------
nle(id0,id1,dist): 106 109 2.3927196903140064
list:
dist: 2.3927196903140064 vs. 2.3927196903140064
--------
nle(id0,id1,dist): 106 107 2.0025578314084194
list:
dist: 2.0025578314084194 vs. 2.0025578314084194
--------
nle(id0,id1,dist): 105 116 4.066786082454344
list:
dist: 4.066786082454344 vs. 4.066786082454344
--------
nle(id0,id1,dist): 105 117 2.5676465762760876
list:
dist: 2.5676465762760876 vs. 2.5676465762760876
--------
nle(id0,id1,dist): 105 118 3.7163653805106858
list:
dist: 3.7163653805106858 vs. 3.7163653805106858
--------
nle(id0,id1,dist): 105 109 0.9030972846874534
list:
dist: 0.9030972846874534 vs. 0.9030972846874534
--------
nle(id0,id1,dist): 105 111 3.119021969726768
list:
dist: 3.119021969726768 vs. 3.119021969726768
--------
nle(id0,id1,dist): 105 110 1.6470351851390994
list:
dist: 1.6470351851390994 vs. 1.6470351851390994
--------
nle(id0,id1,dist): 105 113 1.861382357276383
list:
dist: 1.861382357276383 vs. 1.861382357276383
--------
nle(id0,id1,dist): 105 112 3.5926157492782034
list:
dist: 3.5926157492782034 vs. 3.5926157492782034
--------
nle(id0,id1,dist): 105 115 3.139892918416307
list:
dist: 3.139892918416307 vs. 3.139892918416307
--------
nle(id0,id1,dist): 105 114 2.285316439971548
list:
dist: 2.285316439971548 vs. 2.285316439971548
--------
nle(id0,id1,dist): 105 107 2.5793971736313943
list:
dist: 2.5793971736313943 vs. 2.5793971736313943
--------
nle(id0,id1,dist): 105 106 2.0980947190029124
list:
dist: 2.0980947190029124 vs. 2.0980947190029124
--------
nle(id0,id1,dist): 108 115 2.0086184499089206
list:
dist: 2.0086184499089206 vs. 2.0086184499089206
--------
nle(id0,id1,dist): 108 116 0.9554056160084169
list:
dist: 0.9554056160084169 vs. 0.9554056160084169
--------
nle(id0,id1,dist): 108 114 2.796405604229904
list:
dist: 2.796405604229904 vs. 2.796405604229904
--------
nle(id0,id1,dist): 108 111 2.464400444826897
list:
dist: 2.464400444826897 vs. 2.464400444826897
--------
nle(id0,id1,dist): 108 112 2.0110630811633583
list:
dist: 2.0110630811633583 vs. 2.0110630811633583
--------
nle(id0,id1,dist): 107 118 1.2148493681244965
list:
dist: 1.2148493681244965 vs. 1.2148493681244965
--------
nle(id0,id1,dist): 107 114 1.5844101796988208
list:
dist: 1.5844101796988208 vs. 1.5844101796988208
--------
nle(id0,id1,dist): 107 115 2.196560370828267
list:
dist: 2.196560370828267 vs. 2.196560370828267
--------
nle(id0,id1,dist): 107 116 2.3213870393135743
list:
dist: 2.3213870393135743 vs. 2.3213870393135743
--------
nle(id0,id1,dist): 107 117 0.7213687075222938
list:
dist: 0.7213687075222938 vs. 0.7213687075222938
--------
nle(id0,id1,dist): 107 110 1.2936619618392085
list:
dist: 1.2936619618392085 vs. 1.2936619618392085
--------
nle(id0,id1,dist): 107 111 1.534569410748884
list:
dist: 1.534569410748884 vs. 1.534569410748884
--------
nle(id0,id1,dist): 107 112 2.7590526999596805
list:
dist: 2.7590526999596805 vs. 2.7590526999596805
--------
nle(id0,id1,dist): 107 113 1.8402913972227646
list:
dist: 1.8402913972227646 vs. 1.8402913972227646
--------
nle(id0,id1,dist): 107 108 3.0381286810928825
list:
dist: 3.0381286810928825 vs. 3.0381286810928825
--------
nle(id0,id1,dist): 107 109 2.278426070748083
list:
dist: 2.278426070748083 vs. 2.278426070748083
--------
nle(id0,id1,dist): 109 114 2.1977017257893343
list:
dist: 2.1977017257893343 vs. 2.1977017257893343
--------
nle(id0,id1,dist): 109 115 3.2050056699519125
list:
dist: 3.2050056699519125 vs. 3.2050056699519125
--------
nle(id0,id1,dist): 109 112 3.879767929096355
list:
dist: 3.879767929096355 vs. 3.879767929096355
--------
nle(id0,id1,dist): 109 113 2.0162135747092456
list:
dist: 2.0162135747092456 vs. 2.0162135747092456
--------
nle(id0,id1,dist): 109 118 3.464314933646572
list:
dist: 3.464314933646572 vs. 3.464314933646572
--------
nle(id0,id1,dist): 109 116 4.096302025635601
list:
dist: 4.096302025635601 vs. 4.096302025635601
--------
nle(id0,id1,dist): 109 117 2.439919740292233
list:
dist: 2.439919740292233 vs. 2.439919740292233
--------
nle(id0,id1,dist): 109 111 2.7549788479859165
list:
dist: 2.7549788479859165 vs. 2.7549788479859165
--------
nle(id0,id1,dist): 109 110 1.3359126685147886
list:
dist: 1.3359126685147886 vs. 1.3359126685147886
--------
nle(id0,id1,dist): 108 117 2.5419710675102256
list:
dist: 2.5419710675102256 vs. 2.5419710675102256
--------
nle(id0,id1,dist): 108 118 2.139920344610778
list:
dist: 2.139920344610778 vs. 2.139920344610778
--------
nle(id0,id1,dist): 111 118 1.6840028723348521
list:
dist: 1.6840028723348521 vs. 1.6840028723348521
--------
nle(id0,id1,dist): 111 116 2.0551970537582664
list:
dist: 2.0551970537582664 vs. 2.0551970537582664
--------
nle(id0,id1,dist): 111 117 1.267833258041098
list:
dist: 1.267833258041098 vs. 1.267833258041098
--------
nle(id0,id1,dist): 111 114 1.0922846782618585
list:
dist: 1.0922846782618585 vs. 1.0922846782618585
--------
nle(id0,id1,dist): 111 115 1.503074336683825
list:
dist: 1.503074336683825 vs. 1.503074336683825
--------
nle(id0,id1,dist): 111 112 2.536075828644624
list:
dist: 2.536075828644624 vs. 2.536075828644624
--------
nle(id0,id1,dist): 111 113 1.727558107534891
list:
dist: 1.727558107534891 vs. 1.727558107534891
--------
nle(id0,id1,dist): 110 111 1.4912568003063558
list:
dist: 1.4912568003063558 vs. 1.4912568003063558
--------
nle(id0,id1,dist): 110 112 2.767100915793843
list:
dist: 2.767100915793843 vs. 2.767100915793843
--------
nle(id0,id1,dist): 110 113 1.0381585085304221
list:
dist: 1.0381585085304221 vs. 1.0381585085304221
--------
nle(id0,id1,dist): 110 114 0.9466676553731374
list:
dist: 0.9466676553731374 vs. 0.9466676553731374
--------
nle(id0,id1,dist): 110 115 1.9710241265614978
list:
dist: 1.9710241265614978 vs. 1.9710241265614978
--------
nle(id0,id1,dist): 110 116 2.8127987344467282
list:
dist: 2.8127987344467282 vs. 2.8127987344467282
--------
nle(id0,id1,dist): 110 117 1.2225286189993523
list:
dist: 1.2225286189993523 vs. 1.2225286189993523
--------
nle(id0,id1,dist): 110 118 2.3114868091868455
list:
dist: 2.3114868091868455 vs. 2.3114868091868455
--------
nle(id0,id1,dist): 99 107 1.233034039671673
list:
dist: 1.233034039671673 vs. 1.233034039671673
--------
nle(id0,id1,dist): 99 106 1.6085362209409355
list:
dist: 1.6085362209409355 vs. 1.6085362209409355
--------
nle(id0,id1,dist): 99 109 3.0966167991736393
list:
dist: 3.0966167991736393 vs. 3.0966167991736393
--------
nle(id0,id1,dist): 99 108 2.0450136047958503
list:
dist: 2.0450136047958503 vs. 2.0450136047958503
--------
nle(id0,id1,dist): 99 111 1.6642985836986535
list:
dist: 1.6642985836986535 vs. 1.6642985836986535
--------
nle(id0,id1,dist): 99 110 1.9040752502841685
list:
dist: 1.9040752502841685 vs. 1.9040752502841685
--------
nle(id0,id1,dist): 99 113 1.7320061392359918
list:
dist: 1.7320061392359918 vs. 1.7320061392359918
--------
nle(id0,id1,dist): 99 112 1.6688310298255715
list:
dist: 1.6688310298255715 vs. 1.6688310298255715
--------
nle(id0,id1,dist): 99 105 3.108417759083895
list:
dist: 3.108417759083895 vs. 3.108417759083895
--------
nle(id0,id1,dist): 99 104 3.4037156068110046
list:
dist: 3.4037156068110046 vs. 3.4037156068110046
--------
nle(id0,id1,dist): 99 114 1.528398126961433
list:
dist: 1.528398126961433 vs. 1.528398126961433
--------
nle(id0,id1,dist): 99 115 1.4624101818567234
list:
dist: 1.4624101818567234 vs. 1.4624101818567234
--------
nle(id0,id1,dist): 99 116 1.1803557442382242
list:
dist: 1.1803557442382242 vs. 1.1803557442382242
--------
nle(id0,id1,dist): 99 117 0.7101937768851967
list:
dist: 0.7101937768851967 vs. 0.7101937768851967
--------
nle(id0,id1,dist): 99 118 1.0722551291948634
list:
dist: 1.0722551291948634 vs. 1.0722551291948634
--------
nle(id0,id1,dist): 98 118 3.7684199353699435
list:
dist: 3.7684199353699435 vs. 3.7684199353699435
--------
nle(id0,id1,dist): 98 117 3.200964114079021
list:
dist: 3.200964114079021 vs. 3.200964114079021
--------
nle(id0,id1,dist): 98 105 2.6155013844426382
list:
dist: 2.6155013844426382 vs. 2.6155013844426382
--------
nle(id0,id1,dist): 98 103 2.1083239734123365
list:
dist: 2.1083239734123365 vs. 2.1083239734123365
--------
nle(id0,id1,dist): 98 110 3.1658698169359774
list:
dist: 3.1658698169359774 vs. 3.1658698169359774
--------
nle(id0,id1,dist): 98 109 2.861497839809276
list:
dist: 2.861497839809276 vs. 2.861497839809276
--------
nle(id0,id1,dist): 98 107 2.9050103371595073
list:
dist: 2.9050103371595073 vs. 2.9050103371595073
--------
nle(id0,id1,dist): 101 103 1.223698495037378
list:
dist: 1.223698495037378 vs. 1.223698495037378
--------
nle(id0,id1,dist): 101 102 2.0312275514776603
list:
dist: 2.0312275514776603 vs. 2.0312275514776603
--------
nle(id0,id1,dist): 101 113 3.3050307208305045
list:
dist: 3.3050307208305045 vs. 3.3050307208305045
--------
nle(id0,id1,dist): 101 109 1.4562702956444127
list:
dist: 1.4562702956444127 vs. 1.4562702956444127
--------
nle(id0,id1,dist): 101 110 2.759674099083513
list:
dist: 2.759674099083513 vs. 2.759674099083513
--------
nle(id0,id1,dist): 101 104 2.1399416367677637
list:
dist: 2.1399416367677637 vs. 2.1399416367677637
--------
nle(id0,id1,dist): 101 105 1.5284125268779318
list:
dist: 1.5284125268779318 vs. 1.5284125268779318
--------
nle(id0,id1,dist): 101 106 3.5891170903804723
list:
dist: 3.5891170903804723 vs. 3.5891170903804723
--------
nle(id0,id1,dist): 100 106 3.230459026607994
list:
dist: 3.230459026607994 vs. 3.230459026607994
--------
nle(id0,id1,dist): 100 105 1.400044600168135
list:
dist: 1.400044600168135 vs. 1.400044600168135
--------
nle(id0,id1,dist): 100 104 1.2611821063094923
list:
dist: 1.2611821063094923 vs. 1.2611821063094923
--------
nle(id0,id1,dist): 100 103 1.5374229511783255
list:
dist: 1.5374229511783255 vs. 1.5374229511783255
--------
nle(id0,id1,dist): 100 102 2.333611483627563
list:
dist: 2.333611483627563 vs. 2.333611483627563
--------
nle(id0,id1,dist): 100 101 1.4567982203275276
list:
dist: 1.4567982203275276 vs. 1.4567982203275276
--------
nle(id0,id1,dist): 100 113 2.972427127449972
list:
dist: 2.972427127449972 vs. 2.972427127449972
--------
nle(id0,id1,dist): 100 109 1.7657181511836908
list:
dist: 1.7657181511836908 vs. 1.7657181511836908
--------
nle(id0,id1,dist): 100 110 2.817670743201299
list:
dist: 2.817670743201299 vs. 2.817670743201299
--------
nle(id0,id1,dist): 103 105 0.880114444536803
list:
dist: 0.880114444536803 vs. 0.880114444536803
--------
nle(id0,id1,dist): 103 104 1.7290041302194352
list:
dist: 1.7290041302194352 vs. 1.7290041302194352
--------
nle(id0,id1,dist): 103 106 2.75539927605459
list:
dist: 2.75539927605459 vs. 2.75539927605459
--------
nle(id0,id1,dist): 103 109 1.4757682252341717
list:
dist: 1.4757682252341717 vs. 1.4757682252341717
--------
nle(id0,id1,dist): 102 106 3.0376840952269797
list:
dist: 3.0376840952269797 vs. 3.0376840952269797
--------
nle(id0,id1,dist): 102 105 1.689044505734951
list:
dist: 1.689044505734951 vs. 1.689044505734951
--------
nle(id0,id1,dist): 102 104 2.4768528250909303
list:
dist: 2.4768528250909303 vs. 2.4768528250909303
--------
nle(id0,id1,dist): 102 103 0.9677117275879995
list:
dist: 0.9677117275879995 vs. 0.9677117275879995
--------
nle(id0,id1,dist): 102 110 2.9865104401572644
list:
dist: 2.9865104401572644 vs. 2.9865104401572644
--------
nle(id0,id1,dist): 102 109 2.3541884807095133
list:
dist: 2.3541884807095133 vs. 2.3541884807095133
--------
nle(id0,id1,dist): 102 113 3.0448587200828303
list:
dist: 3.0448587200828303 vs. 3.0448587200828303
--------
nle(id0,id1,dist): 104 109 1.4161005481426219
list:
dist: 1.4161005481426219 vs. 1.4161005481426219
--------
nle(id0,id1,dist): 104 110 1.862482883831136
list:
dist: 1.862482883831136 vs. 1.862482883831136
--------
nle(id0,id1,dist): 104 111 3.1211110318865485
list:
dist: 3.1211110318865485 vs. 3.1211110318865485
--------
nle(id0,id1,dist): 104 112 3.533091034213514
list:
dist: 3.533091034213514 vs. 3.533091034213514
--------
nle(id0,id1,dist): 104 105 0.9876843481118429
list:
dist: 0.9876843481118429 vs. 0.9876843481118429
--------
nle(id0,id1,dist): 104 106 2.0627497017457945
list:
dist: 2.0627497017457945 vs. 2.0627497017457945
--------
nle(id0,id1,dist): 104 107 3.0605158922427282
list:
dist: 3.0605158922427282 vs. 3.0605158922427282
--------
nle(id0,id1,dist): 104 117 2.8754775453561794
list:
dist: 2.8754775453561794 vs. 2.8754775453561794
--------
nle(id0,id1,dist): 104 118 4.087419203237815
list:
dist: 4.087419203237815 vs. 4.087419203237815
--------
nle(id0,id1,dist): 104 113 1.7838265102003354
list:
dist: 1.7838265102003354 vs. 1.7838265102003354
--------
nle(id0,id1,dist): 104 114 2.217382954784223
list:
dist: 2.217382954784223 vs. 2.217382954784223
--------
nle(id0,id1,dist): 104 115 2.9838117838508174
list:
dist: 2.9838117838508174 vs. 2.9838117838508174
--------
nle(id0,id1,dist): 104 116 4.1565249761827605
list:
dist: 4.1565249761827605 vs. 4.1565249761827605
--------
nle(id0,id1,dist): 103 113 2.6116470157841207
list:
dist: 2.6116470157841207 vs. 2.6116470157841207
--------
nle(id0,id1,dist): 103 110 2.3770563589176517
list:
dist: 2.3770563589176517 vs. 2.3770563589176517
--------
nle(id0,id1,dist): 147 149 3.6882065149093637
list:
dist: 3.6882065149093637 vs. 3.6882065149093637
--------
nle(id0,id1,dist): 147 148 2.1115236285387904
list:
dist: 2.1115236285387904 vs. 2.1115236285387904
--------
nle(id0,id1,dist): 148 149 4.11056055155341
list:
dist: 4.11056055155341 vs. 4.11056055155341
--------
nle(id0,id1,dist): 146 147 0.8689921448508368
list:
dist: 0.8689921448508368 vs. 0.8689921448508368
--------
nle(id0,id1,dist): 146 148 1.9356130994333862
list:
dist: 1.9356130994333862 vs. 1.9356130994333862
--------
nle(id0,id1,dist): 146 149 3.221056474226347
list:
dist: 3.221056474226347 vs. 3.221056474226347
--------
nle(id0,id1,dist): 144 148 1.7863586141287162
list:
dist: 1.7863586141287162 vs. 1.7863586141287162
--------
nle(id0,id1,dist): 144 147 3.0419744909757327
list:
dist: 3.0419744909757327 vs. 3.0419744909757327
--------
nle(id0,id1,dist): 144 146 2.5494269020565237
list:
dist: 2.5494269020565237 vs. 2.5494269020565237
--------
nle(id0,id1,dist): 144 145 2.0257774988637567
list:
dist: 2.0257774988637567 vs. 2.0257774988637567
--------
nle(id0,id1,dist): 144 149 2.939955493569116
list:
dist: 2.939955493569116 vs. 2.939955493569116
--------
nle(id0,id1,dist): 145 149 2.3566396390839275
list:
dist: 2.3566396390839275 vs. 2.3566396390839275
--------
nle(id0,id1,dist): 145 148 2.1149480758321704
list:
dist: 2.1149480758321704 vs. 2.1149480758321704
--------
nle(id0,id1,dist): 145 147 1.5144916472372987
list:
dist: 1.5144916472372987 vs. 1.5144916472372987
--------
nle(id0,id1,dist): 145 146 0.9031938787673796
list:
dist: 0.9031938787673796 vs. 0.9031938787673796
--------
nle(id0,id1,dist): 142 149 2.4390144683094745
list:
dist: 2.4390144683094745 vs. 2.4390144683094745
--------
nle(id0,id1,dist): 142 147 2.8796208088531614
list:
dist: 2.8796208088531614 vs. 2.8796208088531614
--------
nle(id0,id1,dist): 142 148 2.0379713071043564
list:
dist: 2.0379713071043564 vs. 2.0379713071043564
--------
nle(id0,id1,dist): 142 145 1.761425321168142
list:
dist: 1.761425321168142 vs. 1.761425321168142
--------
nle(id0,id1,dist): 142 146 2.431651073272726
list:
dist: 2.431651073272726 vs. 2.431651073272726
--------
nle(id0,id1,dist): 142 143 1.4749571881241028
list:
dist: 1.4749571881241028 vs. 1.4749571881241028
--------
nle(id0,id1,dist): 142 144 0.5974528819681384
list:
dist: 0.5974528819681384 vs. 0.5974528819681384
--------
nle(id0,id1,dist): 143 146 2.69328007131165
list:
dist: 2.69328007131165 vs. 2.69328007131165
--------
nle(id0,id1,dist): 143 147 3.0081500184211944
list:
dist: 3.0081500184211944 vs. 3.0081500184211944
--------
nle(id0,id1,dist): 143 148 1.1476702548874012
list:
dist: 1.1476702548874012 vs. 1.1476702548874012
--------
nle(id0,id1,dist): 143 149 3.8845757476985163
list:
dist: 3.8845757476985163 vs. 3.8845757476985163
--------
nle(id0,id1,dist): 143 144 1.0382981743232118
list:
dist: 1.0382981743232118 vs. 1.0382981743232118
--------
nle(id0,id1,dist): 143 145 2.4876519788061766
list:
dist: 2.4876519788061766 vs. 2.4876519788061766
--------
nle(id0,id1,dist): 141 143 1.9307160531089422
list:
dist: 1.9307160531089422 vs. 1.9307160531089422
--------
nle(id0,id1,dist): 140 149 0.9671979742659117
list:
dist: 0.9671979742659117 vs. 0.9671979742659117
--------
nle(id0,id1,dist): 141 145 2.9574402046891537
list:
dist: 2.9574402046891537 vs. 2.9574402046891537
--------
nle(id0,id1,dist): 141 147 2.648198522195291
list:
dist: 2.648198522195291 vs. 2.648198522195291
--------
nle(id0,id1,dist): 141 146 2.5224503636494817
list:
dist: 2.5224503636494817 vs. 2.5224503636494817
--------
nle(id0,id1,dist): 141 148 1.0928079299797686
list:
dist: 1.0928079299797686 vs. 1.0928079299797686
--------
nle(id0,id1,dist): 140 145 1.777273741106759
list:
dist: 1.777273741106759 vs. 1.777273741106759
--------
nle(id0,id1,dist): 140 146 2.5405204979817513
list:
dist: 2.5405204979817513 vs. 2.5405204979817513
--------
nle(id0,id1,dist): 140 142 2.4793776024517777
list:
dist: 2.4793776024517777 vs. 2.4793776024517777
--------
nle(id0,id1,dist): 138 141 1.9576573465356923
list:
dist: 1.9576573465356923 vs. 1.9576573465356923
--------
nle(id0,id1,dist): 138 142 1.3834167137503102
list:
dist: 1.3834167137503102 vs. 1.3834167137503102
--------
nle(id0,id1,dist): 138 140 3.035205836994318
list:
dist: 3.035205836994318 vs. 3.035205836994318
--------
nle(id0,id1,dist): 138 149 3.373330201766416
list:
dist: 3.373330201766416 vs. 3.373330201766416
--------
nle(id0,id1,dist): 138 148 1.2503672583551204
list:
dist: 1.2503672583551204 vs. 1.2503672583551204
--------
nle(id0,id1,dist): 138 147 2.5948240949556065
list:
dist: 2.5948240949556065 vs. 2.5948240949556065
--------
nle(id0,id1,dist): 138 146 2.0049924756908086
list:
dist: 2.0049924756908086 vs. 2.0049924756908086
--------
nle(id0,id1,dist): 138 145 1.7931630042642435
list:
dist: 1.7931630042642435 vs. 1.7931630042642435
--------
nle(id0,id1,dist): 138 144 0.9978633524112572
list:
dist: 0.9978633524112572 vs. 0.9978633524112572
--------
nle(id0,id1,dist): 138 143 1.1132012422189237
list:
dist: 1.1132012422189237 vs. 1.1132012422189237
--------
nle(id0,id1,dist): 136 147 2.2964542060538147
list:
dist: 2.2964542060538147 vs. 2.2964542060538147
--------
nle(id0,id1,dist): 136 148 2.4479200571935795
list:
dist: 2.4479200571935795 vs. 2.4479200571935795
--------
nle(id0,id1,dist): 136 145 1.5285185816652531
list:
dist: 1.5285185816652531 vs. 1.5285185816652531
--------
nle(id0,id1,dist): 136 146 1.4456129103235296
list:
dist: 1.4456129103235296 vs. 1.4456129103235296
--------
nle(id0,id1,dist): 136 149 3.2448496708005234
list:
dist: 3.2448496708005234 vs. 3.2448496708005234
--------
nle(id0,id1,dist): 136 140 2.4583376006456
list:
dist: 2.4583376006456 vs. 2.4583376006456
--------
nle(id0,id1,dist): 136 138 1.8182166934029578
list:
dist: 1.8182166934029578 vs. 1.8182166934029578
--------
nle(id0,id1,dist): 136 143 2.8904937611306325
list:
dist: 2.8904937611306325 vs. 2.8904937611306325
--------
nle(id0,id1,dist): 136 144 2.5393368814737185
list:
dist: 2.5393368814737185 vs. 2.5393368814737185
--------
nle(id0,id1,dist): 136 141 2.8220908637700246
list:
dist: 2.8220908637700246 vs. 2.8220908637700246
--------
nle(id0,id1,dist): 136 142 2.5943246904067356
list:
dist: 2.5943246904067356 vs. 2.5943246904067356
--------
nle(id0,id1,dist): 135 142 1.9427760597377635
list:
dist: 1.9427760597377635 vs. 1.9427760597377635
--------
nle(id0,id1,dist): 135 143 1.844650463801457
list:
dist: 1.844650463801457 vs. 1.844650463801457
--------
nle(id0,id1,dist): 135 144 1.858329618393428
list:
dist: 1.858329618393428 vs. 1.858329618393428
--------
nle(id0,id1,dist): 135 145 1.199306849469253
list:
dist: 1.199306849469253 vs. 1.199306849469253
--------
nle(id0,id1,dist): 135 146 0.9551493451004298
list:
dist: 0.9551493451004298 vs. 0.9551493451004298
--------
nle(id0,id1,dist): 135 147 1.5284711678240368
list:
dist: 1.5284711678240368 vs. 1.5284711678240368
--------
nle(id0,id1,dist): 135 148 1.1399869707113697
list:
dist: 1.1399869707113697 vs. 1.1399869707113697
--------
nle(id0,id1,dist): 135 149 3.4193360740740792
list:
dist: 3.4193360740740792 vs. 3.4193360740740792
--------
nle(id0,id1,dist): 134 149 4.3077981253318205
list:
dist: 4.3077981253318205 vs. 4.3077981253318205
--------
nle(id0,id1,dist): 134 148 0.7551824137444112
list:
dist: 0.7551824137444112 vs. 0.7551824137444112
--------
nle(id0,id1,dist): 134 147 1.5772672324934014
list:
dist: 1.5772672324934014 vs. 1.5772672324934014
--------
nle(id0,id1,dist): 135 140 2.870564037560878
list:
dist: 2.870564037560878 vs. 2.870564037560878
--------
nle(id0,id1,dist): 135 141 1.788857888877834
list:
dist: 1.788857888877834 vs. 1.788857888877834
--------
nle(id0,id1,dist): 135 138 1.1311757770359727
list:
dist: 1.1311757770359727 vs. 1.1311757770359727
--------
nle(id0,id1,dist): 135 136 1.3888001953864677
list:
dist: 1.3888001953864677 vs. 1.3888001953864677
--------
nle(id0,id1,dist): 134 135 1.1971533105956451
list:
dist: 1.1971533105956451 vs. 1.1971533105956451
--------
nle(id0,id1,dist): 134 136 2.5205738985340376
list:
dist: 2.5205738985340376 vs. 2.5205738985340376
--------
nle(id0,id1,dist): 134 138 1.8403094726501323
list:
dist: 1.8403094726501323 vs. 1.8403094726501323
--------
nle(id0,id1,dist): 134 143 1.8729281604956025
list:
dist: 1.8729281604956025 vs. 1.8729281604956025
--------
nle(id0,id1,dist): 134 144 2.404435318008123
list:
dist: 2.404435318008123 vs. 2.404435318008123
--------
nle(id0,id1,dist): 134 145 2.106919089774542
list:
dist: 2.106919089774542 vs. 2.106919089774542
--------
nle(id0,id1,dist): 134 146 1.66082359103881
list:
dist: 1.66082359103881 vs. 1.66082359103881
--------
nle(id0,id1,dist): 134 141 1.1972463573542156
list:
dist: 1.1972463573542156 vs. 1.1972463573542156
--------
nle(id0,id1,dist): 134 142 2.5280122537050413
list:
dist: 2.5280122537050413 vs. 2.5280122537050413
--------
nle(id0,id1,dist): 133 135 1.7047585485402206
list:
dist: 1.7047585485402206 vs. 1.7047585485402206
--------
nle(id0,id1,dist): 133 134 1.9215063461677
list:
dist: 1.9215063461677 vs. 1.9215063461677
--------
nle(id0,id1,dist): 133 138 2.8051479522677485
list:
dist: 2.8051479522677485 vs. 2.8051479522677485
--------
nle(id0,id1,dist): 133 136 1.9650909179209812
list:
dist: 1.9650909179209812 vs. 1.9650909179209812
--------
nle(id0,id1,dist): 133 143 3.4523712907657638
list:
dist: 3.4523712907657638 vs. 3.4523712907657638
--------
nle(id0,id1,dist): 133 141 2.5429864966506046
list:
dist: 2.5429864966506046 vs. 2.5429864966506046
--------
nle(id0,id1,dist): 133 146 1.1847082694360793
list:
dist: 1.1847082694360793 vs. 1.1847082694360793
--------
nle(id0,id1,dist): 133 147 1.1936884248332817
list:
dist: 1.1936884248332817 vs. 1.1936884248332817
--------
nle(id0,id1,dist): 133 145 2.079175337293196
list:
dist: 2.079175337293196 vs. 2.079175337293196
--------
nle(id0,id1,dist): 133 148 2.4409034524799074
list:
dist: 2.4409034524799074 vs. 2.4409034524799074
--------
nle(id0,id1,dist): 132 134 2.8459113269540652
list:
dist: 2.8459113269540652 vs. 2.8459113269540652
--------
nle(id0,id1,dist): 132 133 1.1264176478567458
list:
dist: 1.1264176478567458 vs. 1.1264176478567458
--------
nle(id0,id1,dist): 132 136 2.603594223364984
list:
dist: 2.603594223364984 vs. 2.603594223364984
--------
nle(id0,id1,dist): 132 135 2.5878517647329087
list:
dist: 2.5878517647329087 vs. 2.5878517647329087
--------
nle(id0,id1,dist): 132 138 3.69514699830554
list:
dist: 3.69514699830554 vs. 3.69514699830554
--------
nle(id0,id1,dist): 132 141 3.6323991443911803
list:
dist: 3.6323991443911803 vs. 3.6323991443911803
--------
nle(id0,id1,dist): 132 143 4.352610356172291
list:
dist: 4.352610356172291 vs. 4.352610356172291
--------
nle(id0,id1,dist): 132 145 2.466240397419155
list:
dist: 2.466240397419155 vs. 2.466240397419155
--------
nle(id0,id1,dist): 132 146 1.7486400906631083
list:
dist: 1.7486400906631083 vs. 1.7486400906631083
--------
nle(id0,id1,dist): 132 147 1.533499869310511
list:
dist: 1.533499869310511 vs. 1.533499869310511
--------
nle(id0,id1,dist): 132 148 3.4019698576108834
list:
dist: 3.4019698576108834 vs. 3.4019698576108834
--------
nle(id0,id1,dist): 131 147 3.3678273777830054
list:
dist: 3.3678273777830054 vs. 3.3678273777830054
--------
nle(id0,id1,dist): 131 146 2.709973888080663
list:
dist: 2.709973888080663 vs. 2.709973888080663
--------
nle(id0,id1,dist): 131 149 2.7273911390296854
list:
dist: 2.7273911390296854 vs. 2.7273911390296854
--------
nle(id0,id1,dist): 131 148 2.3133017929300195
list:
dist: 2.3133017929300195 vs. 2.3133017929300195
--------
nle(id0,id1,dist): 131 142 1.0437049568599013
list:
dist: 1.0437049568599013 vs. 1.0437049568599013
--------
nle(id0,id1,dist): 131 143 1.6881047585182198
list:
dist: 1.6881047585182198 vs. 1.6881047585182198
--------
nle(id0,id1,dist): 131 144 0.7927098291743764
list:
dist: 0.7927098291743764 vs. 0.7927098291743764
--------
nle(id0,id1,dist): 131 145 2.121341730353183
list:
dist: 2.121341730353183 vs. 2.121341730353183
--------
nle(id0,id1,dist): 131 138 1.1644251804712478
list:
dist: 1.1644251804712478 vs. 1.1644251804712478
--------
nle(id0,id1,dist): 131 140 2.6289380794427255
list:
dist: 2.6289380794427255 vs. 2.6289380794427255
--------
nle(id0,id1,dist): 131 134 2.9040886176832337
list:
dist: 2.9040886176832337 vs. 2.9040886176832337
--------
nle(id0,id1,dist): 131 135 2.0775329333786656
list:
dist: 2.0775329333786656 vs. 2.0775329333786656
--------
nle(id0,id1,dist): 131 136 2.284208378611928
list:
dist: 2.284208378611928 vs. 2.284208378611928
--------
nle(id0,id1,dist): 130 149 3.1501575433746876
list:
dist: 3.1501575433746876 vs. 3.1501575433746876
--------
nle(id0,id1,dist): 130 145 2.8919149165866225
list:
dist: 2.8919149165866225 vs. 2.8919149165866225
--------
nle(id0,id1,dist): 130 146 3.0085973149770893
list:
dist: 3.0085973149770893 vs. 3.0085973149770893
--------
nle(id0,id1,dist): 130 142 4.366021719102442
list:
dist: 4.366021719102442 vs. 4.366021719102442
--------
nle(id0,id1,dist): 130 140 2.277934839696746
list:
dist: 2.277934839696746 vs. 2.277934839696746
--------
nle(id0,id1,dist): 130 138 4.326244787087145
list:
dist: 4.326244787087145 vs. 4.326244787087145
--------
nle(id0,id1,dist): 130 135 3.7097440055188793
list:
dist: 3.7097440055188793 vs. 3.7097440055188793
--------
nle(id0,id1,dist): 130 136 2.7921420324421358
list:
dist: 2.7921420324421358 vs. 2.7921420324421358
--------
nle(id0,id1,dist): 130 132 2.8598443441232626
list:
dist: 2.8598443441232626 vs. 2.8598443441232626
--------
nle(id0,id1,dist): 130 131 4.347673634140377
list:
dist: 4.347673634140377 vs. 4.347673634140377
--------
nle(id0,id1,dist): 130 133 3.344867660184388
list:
dist: 3.344867660184388 vs. 3.344867660184388
--------
nle(id0,id1,dist): 129 141 3.5800012565169306
list:
dist: 3.5800012565169306 vs. 3.5800012565169306
--------
nle(id0,id1,dist): 129 133 1.6345541126622736
list:
dist: 1.6345541126622736 vs. 1.6345541126622736
--------
nle(id0,id1,dist): 129 132 1.7603804386419362
list:
dist: 1.7603804386419362 vs. 1.7603804386419362
--------
nle(id0,id1,dist): 128 147 1.986204852510548
list:
dist: 1.986204852510548 vs. 1.986204852510548
--------
nle(id0,id1,dist): 128 148 1.7513783734203636
list:
dist: 1.7513783734203636 vs. 1.7513783734203636
--------
nle(id0,id1,dist): 128 145 2.967977203868889
list:
dist: 2.967977203868889 vs. 2.967977203868889
--------
nle(id0,id1,dist): 128 146 2.2507178223994897
list:
dist: 2.2507178223994897 vs. 2.2507178223994897
--------
nle(id0,id1,dist): 128 133 1.822969309671821
list:
dist: 1.822969309671821 vs. 1.822969309671821
--------
nle(id0,id1,dist): 128 134 1.1426120565542544
list:
dist: 1.1426120565542544 vs. 1.1426120565542544
--------
nle(id0,id1,dist): 128 135 2.027470965025744
list:
dist: 2.027470965025744 vs. 2.027470965025744
--------
nle(id0,id1,dist): 128 136 3.0436347902447367
list:
dist: 3.0436347902447367 vs. 3.0436347902447367
--------
nle(id0,id1,dist): 128 129 2.790971124624318
list:
dist: 2.790971124624318 vs. 2.790971124624318
--------
nle(id0,id1,dist): 128 132 2.7558987928485132
list:
dist: 2.7558987928485132 vs. 2.7558987928485132
--------
nle(id0,id1,dist): 128 141 1.3470871801967244
list:
dist: 1.3470871801967244 vs. 1.3470871801967244
--------
nle(id0,id1,dist): 128 143 2.8765901343899043
list:
dist: 2.8765901343899043 vs. 2.8765901343899043
--------
nle(id0,id1,dist): 128 138 2.781380821621028
list:
dist: 2.781380821621028 vs. 2.781380821621028
--------
nle(id0,id1,dist): 126 141 3.268112684874505
list:
dist: 3.268112684874505 vs. 3.268112684874505
--------
nle(id0,id1,dist): 126 128 2.1714699610607298
list:
dist: 2.1714699610607298 vs. 2.1714699610607298
--------
nle(id0,id1,dist): 126 129 1.0533676086988522
list:
dist: 1.0533676086988522 vs. 1.0533676086988522
--------
nle(id0,id1,dist): 126 132 1.5677733107394967
list:
dist: 1.5677733107394967 vs. 1.5677733107394967
--------
nle(id0,id1,dist): 126 133 1.430546512477396
list:
dist: 1.430546512477396 vs. 1.430546512477396
--------
nle(id0,id1,dist): 125 146 2.254328121415966
list:
dist: 2.254328121415966 vs. 2.254328121415966
--------
nle(id0,id1,dist): 125 147 2.0751583057809535
list:
dist: 2.0751583057809535 vs. 2.0751583057809535
--------
nle(id0,id1,dist): 125 145 3.0574667247188745
list:
dist: 3.0574667247188745 vs. 3.0574667247188745
--------
nle(id0,id1,dist): 125 148 2.0941787581479328
list:
dist: 2.0941787581479328 vs. 2.0941787581479328
--------
nle(id0,id1,dist): 125 129 2.2789142462642937
list:
dist: 2.2789142462642937 vs. 2.2789142462642937
--------
nle(id0,id1,dist): 125 128 0.5702255947986449
list:
dist: 0.5702255947986449 vs. 0.5702255947986449
--------
nle(id0,id1,dist): 125 135 2.124889612938768
list:
dist: 2.124889612938768 vs. 2.124889612938768
--------
nle(id0,id1,dist): 125 134 1.527891921245106
list:
dist: 1.527891921245106 vs. 1.527891921245106
--------
nle(id0,id1,dist): 125 133 1.5675714006010713
list:
dist: 1.5675714006010713 vs. 1.5675714006010713
--------
nle(id0,id1,dist): 125 132 2.523004121788536
list:
dist: 2.523004121788536 vs. 2.523004121788536
--------
nle(id0,id1,dist): 125 138 2.9483451311144266
list:
dist: 2.9483451311144266 vs. 2.9483451311144266
--------
nle(id0,id1,dist): 125 136 2.898591971891956
list:
dist: 2.898591971891956 vs. 2.898591971891956
--------
nle(id0,id1,dist): 125 143 3.221047134166956
list:
dist: 3.221047134166956 vs. 3.221047134166956
--------
nle(id0,id1,dist): 125 141 1.5914980475220595
list:
dist: 1.5914980475220595 vs. 1.5914980475220595
2. Check the NeighborList query for coordinates against the neighbor list for consistency
list:
dist: 3.8735676302058097 vs. 3.8735676302058097
list:
dist: 1.707348099919609 vs. 1.707348099919609
list:
dist: 2.406729353034143 vs. 2.406729353034143
list:
dist: 1.927252648411433 vs. 1.927252648411433
list:
dist: 2.1093793884183034 vs. 2.1093793884183034
list:
dist: 0.8585362302147549 vs. 0.8585362302147549
list:
dist: 3.350626704567059 vs. 3.350626704567059
list:
dist: 1.7304839997789208 vs. 1.7304839997789208
list:
dist: 0.8585362302147549 vs. 0.8585362302147549
list:
dist: 2.1968093816587513 vs. 2.1968093816587513
list:
dist: 1.7504975089051624 vs. 1.7504975089051624
list:
dist: 1.5193207067304588 vs. 1.5193207067304588
list:
dist: 4.265455912899312 vs. 4.265455912899312
list:
dist: 2.866346139818275 vs. 2.866346139818275
list:
dist: 2.357277851613624 vs. 2.357277851613624
list:
dist: 3.917478460506529 vs. 3.917478460506529
list:
dist: 3.330730343746401 vs. 3.330730343746401
list:
dist: 3.0192130620293964 vs. 3.0192130620293964
list:
dist: 2.9161246378257824 vs. 2.9161246378257824
list:
dist: 2.2376392146239765 vs. 2.2376392146239765
list:
dist: 2.6490425272916878 vs. 2.6490425272916878
list:
dist: 2.406729353034143 vs. 2.406729353034143
list:
dist: 2.162025015154268 vs. 2.162025015154268
list:
dist: 1.2205824758457895 vs. 1.2205824758457895
list:
dist: 2.1968093816587513 vs. 2.1968093816587513
list:
dist: 3.140214286802005 vs. 3.140214286802005
list:
dist: 2.007658096854286 vs. 2.007658096854286
list:
dist: 2.3034025810315377 vs. 2.3034025810315377
list:
dist: 3.9459313482817295 vs. 3.9459313482817295
list:
dist: 3.308206442978518 vs. 3.308206442978518
list:
dist: 1.4644059437161896 vs. 1.4644059437161896
list:
dist: 2.7726977837687605 vs. 2.7726977837687605
list:
dist: 2.9161246378257824 vs. 2.9161246378257824
list:
dist: 2.223269846455362 vs. 2.223269846455362
list:
dist: 1.390429429089922 vs. 1.390429429089922
list:
dist: 1.1869728167749567 vs. 1.1869728167749567
list:
dist: 0.9135945452593596 vs. 0.9135945452593596
list:
dist: 1.4360140967039015 vs. 1.4360140967039015
list:
dist: 3.2676973998433785 vs. 3.2676973998433785
list:
dist: 1.633932456951435 vs. 1.633932456951435
list:
dist: 1.8718890283962795 vs. 1.8718890283962795
list:
dist: 2.2073352592498243 vs. 2.2073352592498243
list:
dist: 2.919414633722794 vs. 2.919414633722794
list:
dist: 2.167269337371779 vs. 2.167269337371779
list:
dist: 2.29625750103408 vs. 2.29625750103408
list:
dist: 1.333458793846419 vs. 1.333458793846419
list:
dist: 3.14657431776635 vs. 3.14657431776635
list:
dist: 1.707348099919609 vs. 1.707348099919609
list:
dist: 2.6490425272916878 vs. 2.6490425272916878
list:
dist: 3.3071281578047933 vs. 3.3071281578047933
list:
dist: 2.5777200684059336 vs. 2.5777200684059336
list:
dist: 1.7304839997789208 vs. 1.7304839997789208
list:
dist: 3.308206442978518 vs. 3.308206442978518
list:
dist: 1.654900757768856 vs. 1.654900757768856
list:
dist: 2.7919934362919725 vs. 2.7919934362919725
list:
dist: 3.330730343746401 vs. 3.330730343746401
list:
dist: 1.9060671464331322 vs. 1.9060671464331322
list:
dist: 1.7548367898989001 vs. 1.7548367898989001
list:
dist: 1.2599739638194662 vs. 1.2599739638194662
list:
dist: 0.6613392622315779 vs. 0.6613392622315779
list:
dist: 2.330516280356793 vs. 2.330516280356793
list:
dist: 0.9135945452593596 vs. 0.9135945452593596
list:
dist: 1.9292509055789147 vs. 1.9292509055789147
list:
dist: 1.372424882581738 vs. 1.372424882581738
list:
dist: 1.1413076358213183 vs. 1.1413076358213183
list:
dist: 1.8688406311177403 vs. 1.8688406311177403
list:
dist: 3.075853691970534 vs. 3.075853691970534
list:
dist: 2.3618541010524363 vs. 2.3618541010524363
list:
dist: 2.0574122391264207 vs. 2.0574122391264207
list:
dist: 1.6707521947085189 vs. 1.6707521947085189
list:
dist: 2.3034025810315377 vs. 2.3034025810315377
list:
dist: 0.6370800504692339 vs. 0.6370800504692339
list:
dist: 1.9762737811311764 vs. 1.9762737811311764
list:
dist: 2.357277851613624 vs. 2.357277851613624
list:
dist: 2.110619322136506 vs. 2.110619322136506
list:
dist: 0.9381565793201049 vs. 0.9381565793201049
list:
dist: 1.8284997268774683 vs. 1.8284997268774683
list:
dist: 1.2599739638194662 vs. 1.2599739638194662
list:
dist: 2.441648519357575 vs. 2.441648519357575
list:
dist: 1.390429429089922 vs. 1.390429429089922
list:
dist: 2.658801362317622 vs. 2.658801362317622
list:
dist: 2.2004054168122504 vs. 2.2004054168122504
list:
dist: 1.8295206728262865 vs. 1.8295206728262865
list:
dist: 3.1169435049324234 vs. 3.1169435049324234
list:
dist: 3.834235112886491 vs. 3.834235112886491
list:
dist: 3.298694514856934 vs. 3.298694514856934
list:
dist: 3.1895502427124494 vs. 3.1895502427124494
list:
dist: 2.510974340291483 vs. 2.510974340291483
list:
dist: 2.3809736302466153 vs. 2.3809736302466153
list:
dist: 2.5777200684059336 vs. 2.5777200684059336
list:
dist: 2.1093793884183034 vs. 2.1093793884183034
list:
dist: 1.2205824758457895 vs. 1.2205824758457895
list:
dist: 1.6081110595007873 vs. 1.6081110595007873
list:
dist: 1.5193207067304588 vs. 1.5193207067304588
list:
dist: 3.277858662089904 vs. 3.277858662089904
list:
dist: 2.1720317607684967 vs. 2.1720317607684967
list:
dist: 1.9762737811311764 vs. 1.9762737811311764
list:
dist: 3.451663107815434 vs. 3.451663107815434
list:
dist: 2.7919934362919725 vs. 2.7919934362919725
list:
dist: 3.525706380003105 vs. 3.525706380003105
list:
dist: 2.7726977837687605 vs. 2.7726977837687605
list:
dist: 3.14657431776635 vs. 3.14657431776635
list:
dist: 3.8735676302058097 vs. 3.8735676302058097
list:
dist: 2.2376392146239765 vs. 2.2376392146239765
list:
dist: 3.9638076145251078 vs. 3.9638076145251078
list:
dist: 2.3809736302466153 vs. 2.3809736302466153
list:
dist: 3.350626704567059 vs. 3.350626704567059
list:
dist: 2.007658096854286 vs. 2.007658096854286
list:
dist: 1.4240200780454018 vs. 1.4240200780454018
list:
dist: 2.1720317607684967 vs. 2.1720317607684967
list:
dist: 2.866346139818275 vs. 2.866346139818275
list:
dist: 1.5458025250723604 vs. 1.5458025250723604
list:
dist: 0.9381565793201049 vs. 0.9381565793201049
list:
dist: 2.2567382872496 vs. 2.2567382872496
list:
dist: 1.7548367898989001 vs. 1.7548367898989001
list:
dist: 3.358397129947826 vs. 3.358397129947826
list:
dist: 2.223269846455362 vs. 2.223269846455362
list:
dist: 2.375030370259607 vs. 2.375030370259607
list:
dist: 2.5813251964715924 vs. 2.5813251964715924
list:
dist: 1.8656311754230066 vs. 1.8656311754230066
list:
dist: 3.495865418417707 vs. 3.495865418417707
list:
dist: 4.345600156911969 vs. 4.345600156911969
list:
dist: 3.897947762871349 vs. 3.897947762871349
list:
dist: 3.5781289444736206 vs. 3.5781289444736206
list:
dist: 3.1935832265146407 vs. 3.1935832265146407
list:
dist: 3.140214286802005 vs. 3.140214286802005
list:
dist: 2.690934307788844 vs. 2.690934307788844
list:
dist: 3.277858662089904 vs. 3.277858662089904
list:
dist: 4.265455912899312 vs. 4.265455912899312
list:
dist: 1.5458025250723604 vs. 1.5458025250723604
list:
dist: 2.110619322136506 vs. 2.110619322136506
list:
dist: 2.10447539812541 vs. 2.10447539812541
list:
dist: 1.9060671464331322 vs. 1.9060671464331322
list:
dist: 1.0069826540196776 vs. 1.0069826540196776
list:
dist: 2.4669951928320564 vs. 2.4669951928320564
list:
dist: 1.4518834726066656 vs. 1.4518834726066656
list:
dist: 2.919040389182732 vs. 2.919040389182732
list:
dist: 1.0069826540196776 vs. 1.0069826540196776
list:
dist: 2.375030370259607 vs. 2.375030370259607
list:
dist: 2.658801362317622 vs. 2.658801362317622
list:
dist: 1.8511702482850168 vs. 1.8511702482850168
list:
dist: 1.9292509055789147 vs. 1.9292509055789147
list:
dist: 2.224538911033138 vs. 2.224538911033138
list:
dist: 1.3723659733923896 vs. 1.3723659733923896
list:
dist: 2.208660878186616 vs. 2.208660878186616
list:
dist: 3.9638076145251078 vs. 3.9638076145251078
list:
dist: 3.3071281578047933 vs. 3.3071281578047933
list:
dist: 1.927252648411433 vs. 1.927252648411433
list:
dist: 2.162025015154268 vs. 2.162025015154268
list:
dist: 1.6081110595007873 vs. 1.6081110595007873
list:
dist: 1.7504975089051624 vs. 1.7504975089051624
list:
dist: 2.690934307788844 vs. 2.690934307788844
list:
dist: 1.4240200780454018 vs. 1.4240200780454018
list:
dist: 0.6370800504692339 vs. 0.6370800504692339
list:
dist: 2.242901230128239 vs. 2.242901230128239
list:
dist: 1.654900757768856 vs. 1.654900757768856
list:
dist: 2.238041351284908 vs. 2.238041351284908
list:
dist: 1.4644059437161896 vs. 1.4644059437161896
list:
dist: 3.897947762871349 vs. 3.897947762871349
list:
dist: 3.298694514856934 vs. 3.298694514856934
list:
dist: 1.8189217860963247 vs. 1.8189217860963247
list:
dist: 2.3618541010524363 vs. 2.3618541010524363
list:
dist: 2.340472476574191 vs. 2.340472476574191
list:
dist: 2.167269337371779 vs. 2.167269337371779
list:
dist: 2.7103608922407294 vs. 2.7103608922407294
list:
dist: 1.470481406314926 vs. 1.470481406314926
list:
dist: 2.4329089218805704 vs. 2.4329089218805704
list:
dist: 1.6013440946850708 vs. 1.6013440946850708
list:
dist: 1.0499373267922678 vs. 1.0499373267922678
list:
dist: 1.0790143032536372 vs. 1.0790143032536372
list:
dist: 0.8461575204583816 vs. 0.8461575204583816
list:
dist: 1.9742952403980734 vs. 1.9742952403980734
list:
dist: 1.2839557427730954 vs. 1.2839557427730954
list:
dist: 2.4669951928320564 vs. 2.4669951928320564
list:
dist: 2.5813251964715924 vs. 2.5813251964715924
list:
dist: 2.2004054168122504 vs. 2.2004054168122504
list:
dist: 0.8559747813406252 vs. 0.8559747813406252
list:
dist: 1.372424882581738 vs. 1.372424882581738
list:
dist: 2.4900162921166125 vs. 2.4900162921166125
list:
dist: 1.633932456951435 vs. 1.633932456951435
list:
dist: 2.224538911033138 vs. 2.224538911033138
list:
dist: 1.0211828341310718 vs. 1.0211828341310718
list:
dist: 1.5985170442912586 vs. 1.5985170442912586
list:
dist: 1.8540515976598573 vs. 1.8540515976598573
list:
dist: 1.470481406314926 vs. 1.470481406314926
list:
dist: 1.200309955188143 vs. 1.200309955188143
list:
dist: 1.1425251913550654 vs. 1.1425251913550654
list:
dist: 2.5203085156690603 vs. 2.5203085156690603
list:
dist: 2.063721006563871 vs. 2.063721006563871
list:
dist: 3.9459313482817295 vs. 3.9459313482817295
list:
dist: 2.242901230128239 vs. 2.242901230128239
list:
dist: 3.451663107815434 vs. 3.451663107815434
list:
dist: 3.917478460506529 vs. 3.917478460506529
list:
dist: 2.10447539812541 vs. 2.10447539812541
list:
dist: 2.2567382872496 vs. 2.2567382872496
list:
dist: 1.8284997268774683 vs. 1.8284997268774683
list:
dist: 0.6613392622315779 vs. 0.6613392622315779
list:
dist: 2.41788391457373 vs. 2.41788391457373
list:
dist: 1.1869728167749567 vs. 1.1869728167749567
list:
dist: 1.8511702482850168 vs. 1.8511702482850168
list:
dist: 0.8559747813406252 vs. 0.8559747813406252
list:
dist: 0.9538317456006065 vs. 0.9538317456006065
list:
dist: 1.3202610591269552 vs. 1.3202610591269552
list:
dist: 2.523834842746805 vs. 2.523834842746805
list:
dist: 1.8189217860963247 vs. 1.8189217860963247
list:
dist: 1.4028004763335138 vs. 1.4028004763335138
list:
dist: 1.2788876808196046 vs. 1.2788876808196046
list:
dist: 0.9536257841126583 vs. 0.9536257841126583
list:
dist: 2.397671897172171 vs. 2.397671897172171
list:
dist: 3.1935832265146407 vs. 3.1935832265146407
list:
dist: 2.510974340291483 vs. 2.510974340291483
list:
dist: 1.2788876808196046 vs. 1.2788876808196046
list:
dist: 1.6707521947085189 vs. 1.6707521947085189
list:
dist: 1.670165892084006 vs. 1.670165892084006
list:
dist: 1.333458793846419 vs. 1.333458793846419
list:
dist: 2.6380908268255534 vs. 2.6380908268255534
list:
dist: 1.1425251913550654 vs. 1.1425251913550654
list:
dist: 2.0133943840491186 vs. 2.0133943840491186
list:
dist: 1.6406540115271129 vs. 1.6406540115271129
list:
dist: 1.6547264106279231 vs. 1.6547264106279231
list:
dist: 0.8461575204583816 vs. 0.8461575204583816
list:
dist: 1.3628259866080437 vs. 1.3628259866080437
list:
dist: 2.6799776924806533 vs. 2.6799776924806533
list:
dist: 2.0481706379790783 vs. 2.0481706379790783
list:
dist: 2.238041351284908 vs. 2.238041351284908
list:
dist: 3.525706380003105 vs. 3.525706380003105
list:
dist: 3.0192130620293964 vs. 3.0192130620293964
list:
dist: 3.358397129947826 vs. 3.358397129947826
list:
dist: 2.441648519357575 vs. 2.441648519357575
list:
dist: 2.41788391457373 vs. 2.41788391457373
list:
dist: 2.330516280356793 vs. 2.330516280356793
list:
dist: 1.4360140967039015 vs. 1.4360140967039015
list:
dist: 2.075871006247063 vs. 2.075871006247063
list:
dist: 2.4900162921166125 vs. 2.4900162921166125
list:
dist: 3.0893030678058064 vs. 3.0893030678058064
list:
dist: 3.131908282383351 vs. 3.131908282383351
list:
dist: 2.907731595541089 vs. 2.907731595541089
list:
dist: 2.340472476574191 vs. 2.340472476574191
list:
dist: 3.0235159987065217 vs. 3.0235159987065217
list:
dist: 1.670165892084006 vs. 1.670165892084006
list:
dist: 0.9536257841126583 vs. 0.9536257841126583
list:
dist: 2.605795977477862 vs. 2.605795977477862
list:
dist: 3.5781289444736206 vs. 3.5781289444736206
list:
dist: 3.1895502427124494 vs. 3.1895502427124494
list:
dist: 1.4028004763335138 vs. 1.4028004763335138
list:
dist: 2.0574122391264207 vs. 2.0574122391264207
list:
dist: 3.0235159987065217 vs. 3.0235159987065217
list:
dist: 2.29625750103408 vs. 2.29625750103408
list:
dist: 3.747120147658274 vs. 3.747120147658274
list:
dist: 1.200309955188143 vs. 1.200309955188143
list:
dist: 1.8476668156660432 vs. 1.8476668156660432
list:
dist: 0.7960501912868334 vs. 0.7960501912868334
list:
dist: 1.6845510321081687 vs. 1.6845510321081687
list:
dist: 1.0790143032536372 vs. 1.0790143032536372
list:
dist: 1.3628259866080437 vs. 1.3628259866080437
list:
dist: 1.5625801712724352 vs. 1.5625801712724352
list:
dist: 1.2620468877276014 vs. 1.2620468877276014
list:
dist: 2.605795977477862 vs. 2.605795977477862
list:
dist: 2.397671897172171 vs. 2.397671897172171
list:
dist: 2.075871006247063 vs. 2.075871006247063
list:
dist: 3.2676973998433785 vs. 3.2676973998433785
list:
dist: 2.621375926245995 vs. 2.621375926245995
list:
dist: 2.7103608922407294 vs. 2.7103608922407294
list:
dist: 3.747120147658274 vs. 3.747120147658274
list:
dist: 2.6380908268255534 vs. 2.6380908268255534
list:
dist: 2.5203085156690603 vs. 2.5203085156690603
list:
dist: 3.1347160526266813 vs. 3.1347160526266813
list:
dist: 2.0812379002052643 vs. 2.0812379002052643
list:
dist: 1.8766037370778679 vs. 1.8766037370778679
list:
dist: 1.9742952403980734 vs. 1.9742952403980734
list:
dist: 1.5625801712724352 vs. 1.5625801712724352
list:
dist: 2.6799776924806533 vs. 2.6799776924806533
list:
dist: 0.7938918800674286 vs. 0.7938918800674286
list:
dist: 2.063721006563871 vs. 2.063721006563871
list:
dist: 2.8736104631721595 vs. 2.8736104631721595
list:
dist: 1.946180855526439 vs. 1.946180855526439
list:
dist: 1.1054839744350247 vs. 1.1054839744350247
list:
dist: 1.2839557427730954 vs. 1.2839557427730954
list:
dist: 1.2620468877276014 vs. 1.2620468877276014
list:
dist: 2.0481706379790783 vs. 2.0481706379790783
list:
dist: 0.7938918800674286 vs. 0.7938918800674286
list:
dist: 4.345600156911969 vs. 4.345600156911969
list:
dist: 3.834235112886491 vs. 3.834235112886491
list:
dist: 2.523834842746805 vs. 2.523834842746805
list:
dist: 3.075853691970534 vs. 3.075853691970534
list:
dist: 2.907731595541089 vs. 2.907731595541089
list:
dist: 2.919414633722794 vs. 2.919414633722794
list:
dist: 2.621375926245995 vs. 2.621375926245995
list:
dist: 1.8540515976598573 vs. 1.8540515976598573
list:
dist: 2.835549982615777 vs. 2.835549982615777
list:
dist: 2.422580917150353 vs. 2.422580917150353
list:
dist: 1.0499373267922678 vs. 1.0499373267922678
list:
dist: 1.6845510321081687 vs. 1.6845510321081687
list:
dist: 1.6547264106279231 vs. 1.6547264106279231
list:
dist: 1.8766037370778679 vs. 1.8766037370778679
list:
dist: 1.1054839744350247 vs. 1.1054839744350247
list:
dist: 1.4518834726066656 vs. 1.4518834726066656
list:
dist: 1.8656311754230066 vs. 1.8656311754230066
list:
dist: 1.8295206728262865 vs. 1.8295206728262865
list:
dist: 0.9538317456006065 vs. 0.9538317456006065
list:
dist: 1.1413076358213183 vs. 1.1413076358213183
list:
dist: 3.0893030678058064 vs. 3.0893030678058064
list:
dist: 1.8718890283962795 vs. 1.8718890283962795
list:
dist: 1.3723659733923896 vs. 1.3723659733923896
list:
dist: 1.0211828341310718 vs. 1.0211828341310718
list:
dist: 1.9286167227833526 vs. 1.9286167227833526
list:
dist: 2.835549982615777 vs. 2.835549982615777
list:
dist: 2.4329089218805704 vs. 2.4329089218805704
list:
dist: 1.8476668156660432 vs. 1.8476668156660432
list:
dist: 2.0133943840491186 vs. 2.0133943840491186
list:
dist: 3.1347160526266813 vs. 3.1347160526266813
list:
dist: 2.8736104631721595 vs. 2.8736104631721595
list:
dist: 2.8931194234415067 vs. 2.8931194234415067
list:
dist: 1.8564193868578016 vs. 1.8564193868578016
list:
dist: 2.2255973955174344 vs. 2.2255973955174344
list:
dist: 1.7014602537898933 vs. 1.7014602537898933
list:
dist: 1.254490193363206 vs. 1.254490193363206
list:
dist: 2.12458516607436 vs. 2.12458516607436
list:
dist: 2.029749610596972 vs. 2.029749610596972
list:
dist: 1.8272915386865929 vs. 1.8272915386865929
list:
dist: 1.0575963764704117 vs. 1.0575963764704117
list:
dist: 2.171598687178462 vs. 2.171598687178462
list:
dist: 2.07146092914203 vs. 2.07146092914203
list:
dist: 3.177146019683524 vs. 3.177146019683524
list:
dist: 3.25430179833438 vs. 3.25430179833438
list:
dist: 2.2425138088026344 vs. 2.2425138088026344
list:
dist: 2.858190434275876 vs. 2.858190434275876
list:
dist: 3.2862556998235983 vs. 3.2862556998235983
list:
dist: 3.1214383258973295 vs. 3.1214383258973295
list:
dist: 2.041638524658005 vs. 2.041638524658005
list:
dist: 3.641932757717655 vs. 3.641932757717655
list:
dist: 3.8631578251271743 vs. 3.8631578251271743
list:
dist: 2.599534646810475 vs. 2.599534646810475
list:
dist: 3.492240465721547 vs. 3.492240465721547
list:
dist: 3.510975706402227 vs. 3.510975706402227
list:
dist: 2.9871697506079684 vs. 2.9871697506079684
list:
dist: 1.6051072995242472 vs. 1.6051072995242472
list:
dist: 2.4038360347594936 vs. 2.4038360347594936
list:
dist: 3.0895743131198734 vs. 3.0895743131198734
list:
dist: 3.420722020660384 vs. 3.420722020660384
list:
dist: 3.249330302310666 vs. 3.249330302310666
list:
dist: 3.5920312625556754 vs. 3.5920312625556754
list:
dist: 3.654013801082648 vs. 3.654013801082648
list:
dist: 2.9542480625320433 vs. 2.9542480625320433
list:
dist: 3.885476126289304 vs. 3.885476126289304
list:
dist: 2.2255973955174344 vs. 2.2255973955174344
list:
dist: 3.3856266457144835 vs. 3.3856266457144835
list:
dist: 4.081431495746149 vs. 4.081431495746149
list:
dist: 2.821051546535908 vs. 2.821051546535908
list:
dist: 1.9584343148622059 vs. 1.9584343148622059
list:
dist: 3.0895743131198734 vs. 3.0895743131198734
list:
dist: 1.4421262223693658 vs. 1.4421262223693658
list:
dist: 1.5524568841761588 vs. 1.5524568841761588
list:
dist: 2.7421089044276097 vs. 2.7421089044276097
list:
dist: 2.379790366716204 vs. 2.379790366716204
list:
dist: 2.3486732674422104 vs. 2.3486732674422104
list:
dist: 3.523351392775185 vs. 3.523351392775185
list:
dist: 1.7014602537898933 vs. 1.7014602537898933
list:
dist: 2.5955286225138847 vs. 2.5955286225138847
list:
dist: 2.9559273753474855 vs. 2.9559273753474855
list:
dist: 2.0401803005374552 vs. 2.0401803005374552
list:
dist: 2.389882093562986 vs. 2.389882093562986
list:
dist: 3.1481915075558438 vs. 3.1481915075558438
list:
dist: 3.195966578439946 vs. 3.195966578439946
list:
dist: 1.9479493904404868 vs. 1.9479493904404868
list:
dist: 3.6701275208468127 vs. 3.6701275208468127
list:
dist: 4.0872892741091 vs. 4.0872892741091
list:
dist: 3.357896898007396 vs. 3.357896898007396
list:
dist: 3.923222037302485 vs. 3.923222037302485
list:
dist: 3.786522915511515 vs. 3.786522915511515
list:
dist: 4.015312310537734 vs. 4.015312310537734
list:
dist: 3.357896898007396 vs. 3.357896898007396
list:
dist: 1.996354299049389 vs. 1.996354299049389
list:
dist: 3.8388843488802107 vs. 3.8388843488802107
list:
dist: 2.8419184294823365 vs. 2.8419184294823365
list:
dist: 1.759998617393665 vs. 1.759998617393665
list:
dist: 2.138415572676076 vs. 2.138415572676076
list:
dist: 1.3145292039078613 vs. 1.3145292039078613
list:
dist: 2.599534646810475 vs. 2.599534646810475
list:
dist: 2.081032930816612 vs. 2.081032930816612
list:
dist: 2.8133605922812315 vs. 2.8133605922812315
list:
dist: 2.4652772882356593 vs. 2.4652772882356593
list:
dist: 2.2031530678249207 vs. 2.2031530678249207
list:
dist: 2.9689730245610213 vs. 2.9689730245610213
list:
dist: 1.8820739814887082 vs. 1.8820739814887082
list:
dist: 1.5957201249559063 vs. 1.5957201249559063
list:
dist: 2.319463805177008 vs. 2.319463805177008
list:
dist: 3.0812692433880176 vs. 3.0812692433880176
list:
dist: 2.6461963275329015 vs. 2.6461963275329015
list:
dist: 1.0556212891326862 vs. 1.0556212891326862
list:
dist: 1.4236487636407504 vs. 1.4236487636407504
list:
dist: 0.8097788861695757 vs. 0.8097788861695757
list:
dist: 2.667531105730921 vs. 2.667531105730921
list:
dist: 2.259905542218017 vs. 2.259905542218017
list:
dist: 2.4038360347594936 vs. 2.4038360347594936
list:
dist: 1.9584343148622059 vs. 1.9584343148622059
list:
dist: 2.2767624617614173 vs. 2.2767624617614173
list:
dist: 1.0046000171199563 vs. 1.0046000171199563
list:
dist: 1.929244169553358 vs. 1.929244169553358
list:
dist: 3.5524122878513587 vs. 3.5524122878513587
list:
dist: 2.0893521238286956 vs. 2.0893521238286956
list:
dist: 3.764016867133431 vs. 3.764016867133431
list:
dist: 1.8564193868578016 vs. 1.8564193868578016
list:
dist: 2.259905542218017 vs. 2.259905542218017
list:
dist: 1.6051072995242472 vs. 1.6051072995242472
list:
dist: 2.821051546535908 vs. 2.821051546535908
list:
dist: 3.749093760841303 vs. 3.749093760841303
list:
dist: 2.9074541510566303 vs. 2.9074541510566303
list:
dist: 4.052630329538882 vs. 4.052630329538882
list:
dist: 4.302242867006003 vs. 4.302242867006003
list:
dist: 3.7062884953555675 vs. 3.7062884953555675
list:
dist: 4.969539527758045 vs. 4.969539527758045
list:
dist: 2.8931194234415067 vs. 2.8931194234415067
list:
dist: 3.3856266457144835 vs. 3.3856266457144835
list:
dist: 2.2973619391609907 vs. 2.2973619391609907
list:
dist: 1.6903441202994407 vs. 1.6903441202994407
list:
dist: 0.7888343265597183 vs. 0.7888343265597183
list:
dist: 2.07146092914203 vs. 2.07146092914203
list:
dist: 1.5835750939839253 vs. 1.5835750939839253
list:
dist: 2.081032930816612 vs. 2.081032930816612
list:
dist: 3.0541760014199024 vs. 3.0541760014199024
list:
dist: 3.339694578657228 vs. 3.339694578657228
list:
dist: 1.8311721103966454 vs. 1.8311721103966454
list:
dist: 4.302242867006003 vs. 4.302242867006003
list:
dist: 3.5524122878513587 vs. 3.5524122878513587
list:
dist: 3.654013801082648 vs. 3.654013801082648
list:
dist: 2.379790366716204 vs. 2.379790366716204
list:
dist: 1.650880724242421 vs. 1.650880724242421
list:
dist: 3.4542077304490433 vs. 3.4542077304490433
list:
dist: 2.198465795392376 vs. 2.198465795392376
list:
dist: 1.8903995357717238 vs. 1.8903995357717238
list:
dist: 1.8272915386865929 vs. 1.8272915386865929
list:
dist: 2.2973619391609907 vs. 2.2973619391609907
list:
dist: 2.676434050098463 vs. 2.676434050098463
list:
dist: 3.2053002465650535 vs. 3.2053002465650535
list:
dist: 2.5165103363075305 vs. 2.5165103363075305
list:
dist: 3.337513919522688 vs. 3.337513919522688
list:
dist: 2.7676127429248556 vs. 2.7676127429248556
list:
dist: 2.6809169586726598 vs. 2.6809169586726598
list:
dist: 2.5736680886326675 vs. 2.5736680886326675
list:
dist: 1.759998617393665 vs. 1.759998617393665
list:
dist: 2.2424325056751746 vs. 2.2424325056751746
list:
dist: 2.857025275040502 vs. 2.857025275040502
list:
dist: 2.318146321966353 vs. 2.318146321966353
list:
dist: 4.052630329538882 vs. 4.052630329538882
list:
dist: 1.929244169553358 vs. 1.929244169553358
list:
dist: 3.5920312625556754 vs. 3.5920312625556754
list:
dist: 2.7421089044276097 vs. 2.7421089044276097
list:
dist: 1.8807699155116957 vs. 1.8807699155116957
list:
dist: 1.92239303599084 vs. 1.92239303599084
list:
dist: 1.2149362592251476 vs. 1.2149362592251476
list:
dist: 2.7014028653105084 vs. 2.7014028653105084
list:
dist: 2.029749610596972 vs. 2.029749610596972
list:
dist: 2.6079585067594686 vs. 2.6079585067594686
list:
dist: 2.508409339743566 vs. 2.508409339743566
list:
dist: 1.8107904008045062 vs. 1.8107904008045062
list:
dist: 1.977359054628515 vs. 1.977359054628515
list:
dist: 2.923140281312838 vs. 2.923140281312838
list:
dist: 2.6664251563592836 vs. 2.6664251563592836
list:
dist: 1.495287015878577 vs. 1.495287015878577
list:
dist: 2.101428919900816 vs. 2.101428919900816
list:
dist: 2.5170071978014947 vs. 2.5170071978014947
list:
dist: 2.8419184294823365 vs. 2.8419184294823365
list:
dist: 3.7453680336767277 vs. 3.7453680336767277
list:
dist: 3.0843701121135965 vs. 3.0843701121135965
list:
dist: 3.06804488834668 vs. 3.06804488834668
list:
dist: 4.081431495746149 vs. 4.081431495746149
list:
dist: 2.676434050098463 vs. 2.676434050098463
list:
dist: 3.1490610459373833 vs. 3.1490610459373833
list:
dist: 1.7662387382692761 vs. 1.7662387382692761
list:
dist: 3.177146019683524 vs. 3.177146019683524
list:
dist: 1.5835750939839253 vs. 1.5835750939839253
list:
dist: 2.8133605922812315 vs. 2.8133605922812315
list:
dist: 3.4465209524229503 vs. 3.4465209524229503
list:
dist: 4.206734910191391 vs. 4.206734910191391
list:
dist: 2.4748505948421338 vs. 2.4748505948421338
list:
dist: 3.749093760841303 vs. 3.749093760841303
list:
dist: 2.2767624617614173 vs. 2.2767624617614173
list:
dist: 3.420722020660384 vs. 3.420722020660384
list:
dist: 1.4421262223693658 vs. 1.4421262223693658
list:
dist: 1.9496838423313925 vs. 1.9496838423313925
list:
dist: 1.8807699155116957 vs. 1.8807699155116957
list:
dist: 1.650880724242421 vs. 1.650880724242421
list:
dist: 1.2927975432121623 vs. 1.2927975432121623
list:
dist: 2.26926461675625 vs. 2.26926461675625
list:
dist: 1.254490193363206 vs. 1.254490193363206
list:
dist: 2.518940171528541 vs. 2.518940171528541
list:
dist: 2.065548482561334 vs. 2.065548482561334
list:
dist: 1.0868868582962083 vs. 1.0868868582962083
list:
dist: 1.8250987367186218 vs. 1.8250987367186218
list:
dist: 2.0940701573222698 vs. 2.0940701573222698
list:
dist: 1.999454613668089 vs. 1.999454613668089
list:
dist: 1.0151973984803626 vs. 1.0151973984803626
list:
dist: 2.735415474775405 vs. 2.735415474775405
list:
dist: 2.927485287846404 vs. 2.927485287846404
list:
dist: 1.996354299049389 vs. 1.996354299049389
list:
dist: 2.7042422678578037 vs. 2.7042422678578037
list:
dist: 2.5056495661658706 vs. 2.5056495661658706
list:
dist: 2.6246761042684312 vs. 2.6246761042684312
list:
dist: 2.9074541510566303 vs. 2.9074541510566303
list:
dist: 1.0046000171199563 vs. 1.0046000171199563
list:
dist: 3.249330302310666 vs. 3.249330302310666
list:
dist: 1.5524568841761588 vs. 1.5524568841761588
list:
dist: 1.9496838423313925 vs. 1.9496838423313925
list:
dist: 1.92239303599084 vs. 1.92239303599084
list:
dist: 3.4542077304490433 vs. 3.4542077304490433
list:
dist: 2.2540579724711427 vs. 2.2540579724711427
list:
dist: 3.8924599389792687 vs. 3.8924599389792687
list:
dist: 2.12458516607436 vs. 2.12458516607436
list:
dist: 1.949090059909134 vs. 1.949090059909134
list:
dist: 2.8730282460532197 vs. 2.8730282460532197
list:
dist: 2.0242850287214527 vs. 2.0242850287214527
list:
dist: 1.9346880358760243 vs. 1.9346880358760243
list:
dist: 3.41746349001127 vs. 3.41746349001127
list:
dist: 3.3854857857154443 vs. 3.3854857857154443
list:
dist: 1.7552374779022684 vs. 1.7552374779022684
list:
dist: 2.997503401913399 vs. 2.997503401913399
list:
dist: 3.6693627317299393 vs. 3.6693627317299393
list:
dist: 3.8388843488802107 vs. 3.8388843488802107
list:
dist: 4.560790566990558 vs. 4.560790566990558
list:
dist: 4.021683780725818 vs. 4.021683780725818
list:
dist: 4.359321679521433 vs. 4.359321679521433
list:
dist: 2.389882093562986 vs. 2.389882093562986
list:
dist: 1.8250987367186218 vs. 1.8250987367186218
list:
dist: 1.9346880358760243 vs. 1.9346880358760243
list:
dist: 1.977359054628515 vs. 1.977359054628515
list:
dist: 3.337513919522688 vs. 3.337513919522688
list:
dist: 2.468905210533568 vs. 2.468905210533568
list:
dist: 3.6045688210684927 vs. 3.6045688210684927
list:
dist: 2.858190434275876 vs. 2.858190434275876
list:
dist: 0.9327371869640466 vs. 0.9327371869640466
list:
dist: 1.026495270569126 vs. 1.026495270569126
list:
dist: 0.8419124685824458 vs. 0.8419124685824458
list:
dist: 1.7945661190834723 vs. 1.7945661190834723
list:
dist: 1.828721246265249 vs. 1.828721246265249
list:
dist: 0.8737986142011045 vs. 0.8737986142011045
list:
dist: 1.4067548635904414 vs. 1.4067548635904414
list:
dist: 2.007778403011156 vs. 2.007778403011156
list:
dist: 2.9689730245610213 vs. 2.9689730245610213
list:
dist: 3.4036850123154148 vs. 3.4036850123154148
list:
dist: 2.503817565046756 vs. 2.503817565046756
list:
dist: 3.5492377223164984 vs. 3.5492377223164984
list:
dist: 3.176677625670687 vs. 3.176677625670687
list:
dist: 3.128298088723175 vs. 3.128298088723175
list:
dist: 2.530036944070223 vs. 2.530036944070223
list:
dist: 3.8480932421596443 vs. 3.8480932421596443
list:
dist: 3.812219173519681 vs. 3.812219173519681
list:
dist: 4.583427201982213 vs. 4.583427201982213
list:
dist: 3.7062884953555675 vs. 3.7062884953555675
list:
dist: 2.0893521238286956 vs. 2.0893521238286956
list:
dist: 2.9542480625320433 vs. 2.9542480625320433
list:
dist: 2.3486732674422104 vs. 2.3486732674422104
list:
dist: 1.2927975432121623 vs. 1.2927975432121623
list:
dist: 2.2540579724711427 vs. 2.2540579724711427
list:
dist: 1.2149362592251476 vs. 1.2149362592251476
list:
dist: 2.198465795392376 vs. 2.198465795392376
list:
dist: 1.723121323208687 vs. 1.723121323208687
list:
dist: 1.0575963764704117 vs. 1.0575963764704117
list:
dist: 1.6903441202994407 vs. 1.6903441202994407
list:
dist: 3.1490610459373833 vs. 3.1490610459373833
list:
dist: 2.7691799601027443 vs. 2.7691799601027443
list:
dist: 1.8823020075096175 vs. 1.8823020075096175
list:
dist: 2.468905210533568 vs. 2.468905210533568
list:
dist: 2.850916918581049 vs. 2.850916918581049
list:
dist: 2.5839657960048164 vs. 2.5839657960048164
list:
dist: 1.6468242166418048 vs. 1.6468242166418048
list:
dist: 2.8728681203784814 vs. 2.8728681203784814
list:
dist: 3.023913027234854 vs. 3.023913027234854
list:
dist: 2.138415572676076 vs. 2.138415572676076
list:
dist: 3.1395420127958293 vs. 3.1395420127958293
list:
dist: 2.910214985561156 vs. 2.910214985561156
list:
dist: 2.387379428240332 vs. 2.387379428240332
list:
dist: 3.6701275208468127 vs. 3.6701275208468127
list:
dist: 2.735415474775405 vs. 2.735415474775405
list:
dist: 2.997503401913399 vs. 2.997503401913399
list:
dist: 2.101428919900816 vs. 2.101428919900816
list:
dist: 2.8728681203784814 vs. 2.8728681203784814
list:
dist: 3.71441025391824 vs. 3.71441025391824
list:
dist: 3.641932757717655 vs. 3.641932757717655
list:
dist: 1.975000278052011 vs. 1.975000278052011
list:
dist: 1.3559620737083136 vs. 1.3559620737083136
list:
dist: 1.7706240292022437 vs. 1.7706240292022437
list:
dist: 1.4067548635904414 vs. 1.4067548635904414
list:
dist: 2.026713942625243 vs. 2.026713942625243
list:
dist: 1.8880474086832684 vs. 1.8880474086832684
list:
dist: 1.7830132701166785 vs. 1.7830132701166785
list:
dist: 0.9100477746344804 vs. 0.9100477746344804
list:
dist: 3.0812692433880176 vs. 3.0812692433880176
list:
dist: 3.491792789257118 vs. 3.491792789257118
list:
dist: 2.294690143149152 vs. 2.294690143149152
list:
dist: 3.4090603356290394 vs. 3.4090603356290394
list:
dist: 2.4423032653894934 vs. 2.4423032653894934
list:
dist: 2.0401803005374552 vs. 2.0401803005374552
list:
dist: 1.0868868582962083 vs. 1.0868868582962083
list:
dist: 2.0242850287214527 vs. 2.0242850287214527
list:
dist: 1.8107904008045062 vs. 1.8107904008045062
list:
dist: 2.5165103363075305 vs. 2.5165103363075305
list:
dist: 1.8823020075096175 vs. 1.8823020075096175
list:
dist: 2.8427900677219995 vs. 2.8427900677219995
list:
dist: 2.2425138088026344 vs. 2.2425138088026344
list:
dist: 1.6948530895352987 vs. 1.6948530895352987
list:
dist: 1.042502403487471 vs. 1.042502403487471
list:
dist: 0.8419124685824458 vs. 0.8419124685824458
list:
dist: 1.4074694029673014 vs. 1.4074694029673014
list:
dist: 1.3669369607172182 vs. 1.3669369607172182
list:
dist: 0.35100272853719755 vs. 0.35100272853719755
list:
dist: 1.7706240292022437 vs. 1.7706240292022437
list:
dist: 2.058615540450461 vs. 2.058615540450461
list:
dist: 2.2031530678249207 vs. 2.2031530678249207
list:
dist: 2.7149490167892885 vs. 2.7149490167892885
list:
dist: 2.0288650705284375 vs. 2.0288650705284375
list:
dist: 2.8345190761627532 vs. 2.8345190761627532
list:
dist: 3.0100161173218303 vs. 3.0100161173218303
list:
dist: 3.154416836087164 vs. 3.154416836087164
list:
dist: 2.847053333376117 vs. 2.847053333376117
list:
dist: 2.9559273753474855 vs. 2.9559273753474855
list:
dist: 2.065548482561334 vs. 2.065548482561334
list:
dist: 2.8730282460532197 vs. 2.8730282460532197
list:
dist: 2.508409339743566 vs. 2.508409339743566
list:
dist: 3.2053002465650535 vs. 3.2053002465650535
list:
dist: 2.7691799601027443 vs. 2.7691799601027443
list:
dist: 3.4094903170593507 vs. 3.4094903170593507
list:
dist: 3.25430179833438 vs. 3.25430179833438
list:
dist: 1.7445812200244697 vs. 1.7445812200244697
list:
dist: 1.042502403487471 vs. 1.042502403487471
list:
dist: 1.026495270569126 vs. 1.026495270569126
list:
dist: 0.8757941300606756 vs. 0.8757941300606756
list:
dist: 0.982068404978313 vs. 0.982068404978313
list:
dist: 1.316444864843904 vs. 1.316444864843904
list:
dist: 1.3559620737083136 vs. 1.3559620737083136
list:
dist: 1.4676324840353345 vs. 1.4676324840353345
list:
dist: 2.4652772882356593 vs. 2.4652772882356593
list:
dist: 2.6477541907530138 vs. 2.6477541907530138
list:
dist: 1.625119708146381 vs. 1.625119708146381
list:
dist: 3.057697531029571 vs. 3.057697531029571
list:
dist: 2.2372130945083444 vs. 2.2372130945083444
list:
dist: 1.9479493904404868 vs. 1.9479493904404868
list:
dist: 1.0151973984803626 vs. 1.0151973984803626
list:
dist: 1.7552374779022684 vs. 1.7552374779022684
list:
dist: 1.495287015878577 vs. 1.495287015878577
list:
dist: 2.5736680886326675 vs. 2.5736680886326675
list:
dist: 1.6468242166418048 vs. 1.6468242166418048
list:
dist: 2.7977466473180286 vs. 2.7977466473180286
list:
dist: 2.041638524658005 vs. 2.041638524658005
list:
dist: 1.695844139505598 vs. 1.695844139505598
list:
dist: 1.316444864843904 vs. 1.316444864843904
list:
dist: 0.35100272853719755 vs. 0.35100272853719755
list:
dist: 0.8737986142011045 vs. 0.8737986142011045
list:
dist: 1.7287727391815546 vs. 1.7287727391815546
list:
dist: 1.6396408943424476 vs. 1.6396408943424476
list:
dist: 1.7830132701166785 vs. 1.7830132701166785
list:
dist: 2.1560918392164243 vs. 2.1560918392164243
list:
dist: 2.319463805177008 vs. 2.319463805177008
list:
dist: 2.938901743702375 vs. 2.938901743702375
list:
dist: 2.2685478729236324 vs. 2.2685478729236324
list:
dist: 2.8973911977723557 vs. 2.8973911977723557
list:
dist: 3.2356894112333516 vs. 3.2356894112333516
list:
dist: 4.969539527758045 vs. 4.969539527758045
list:
dist: 3.764016867133431 vs. 3.764016867133431
list:
dist: 3.885476126289304 vs. 3.885476126289304
list:
dist: 3.523351392775185 vs. 3.523351392775185
list:
dist: 2.26926461675625 vs. 2.26926461675625
list:
dist: 3.8924599389792687 vs. 3.8924599389792687
list:
dist: 2.7014028653105084 vs. 2.7014028653105084
list:
dist: 1.8903995357717238 vs. 1.8903995357717238
list:
dist: 1.723121323208687 vs. 1.723121323208687
list:
dist: 2.171598687178462 vs. 2.171598687178462
list:
dist: 0.7888343265597183 vs. 0.7888343265597183
list:
dist: 1.7662387382692761 vs. 1.7662387382692761
list:
dist: 3.4094903170593507 vs. 3.4094903170593507
list:
dist: 2.8427900677219995 vs. 2.8427900677219995
list:
dist: 3.6045688210684927 vs. 3.6045688210684927
list:
dist: 3.039623904569281 vs. 3.039623904569281
list:
dist: 2.7141162871623026 vs. 2.7141162871623026
list:
dist: 2.7977466473180286 vs. 2.7977466473180286
list:
dist: 3.71441025391824 vs. 3.71441025391824
list:
dist: 3.4168431352721376 vs. 3.4168431352721376
list:
dist: 1.3145292039078613 vs. 1.3145292039078613
list:
dist: 2.2670199653527736 vs. 2.2670199653527736
list:
dist: 2.6298302795401516 vs. 2.6298302795401516
list:
dist: 1.102451387095425 vs. 1.102451387095425
list:
dist: 4.015312310537734 vs. 4.015312310537734
list:
dist: 2.6246761042684312 vs. 2.6246761042684312
list:
dist: 4.359321679521433 vs. 4.359321679521433
list:
dist: 3.06804488834668 vs. 3.06804488834668
list:
dist: 2.318146321966353 vs. 2.318146321966353
list:
dist: 2.387379428240332 vs. 2.387379428240332
list:
dist: 1.102451387095425 vs. 1.102451387095425
list:
dist: 2.9871697506079684 vs. 2.9871697506079684
list:
dist: 1.8311721103966454 vs. 1.8311721103966454
list:
dist: 2.4748505948421338 vs. 2.4748505948421338
list:
dist: 3.057697531029571 vs. 3.057697531029571
list:
dist: 2.8345190761627532 vs. 2.8345190761627532
list:
dist: 3.5492377223164984 vs. 3.5492377223164984
list:
dist: 2.5249604965456283 vs. 2.5249604965456283
list:
dist: 2.1806982915573365 vs. 2.1806982915573365
list:
dist: 2.8973911977723557 vs. 2.8973911977723557
list:
dist: 3.4090603356290394 vs. 3.4090603356290394
list:
dist: 2.872452497312408 vs. 2.872452497312408
list:
dist: 0.8097788861695757 vs. 0.8097788861695757
list:
dist: 1.4791490142129378 vs. 1.4791490142129378
list:
dist: 1.8428968299098245 vs. 1.8428968299098245
list:
dist: 2.8237120570508623 vs. 2.8237120570508623
list:
dist: 3.786522915511515 vs. 3.786522915511515
list:
dist: 2.5056495661658706 vs. 2.5056495661658706
list:
dist: 4.021683780725818 vs. 4.021683780725818
list:
dist: 3.0843701121135965 vs. 3.0843701121135965
list:
dist: 2.857025275040502 vs. 2.857025275040502
list:
dist: 2.910214985561156 vs. 2.910214985561156
list:
dist: 2.6298302795401516 vs. 2.6298302795401516
list:
dist: 3.510975706402227 vs. 3.510975706402227
list:
dist: 3.339694578657228 vs. 3.339694578657228
list:
dist: 4.206734910191391 vs. 4.206734910191391
list:
dist: 1.625119708146381 vs. 1.625119708146381
list:
dist: 2.0288650705284375 vs. 2.0288650705284375
list:
dist: 2.503817565046756 vs. 2.503817565046756
list:
dist: 0.9579667825656369 vs. 0.9579667825656369
list:
dist: 0.7030132764822843 vs. 0.7030132764822843
list:
dist: 2.2685478729236324 vs. 2.2685478729236324
list:
dist: 2.294690143149152 vs. 2.294690143149152
list:
dist: 1.6657129507997785 vs. 1.6657129507997785
list:
dist: 1.4236487636407504 vs. 1.4236487636407504
list:
dist: 1.2881956679673623 vs. 1.2881956679673623
list:
dist: 1.8428968299098245 vs. 1.8428968299098245
list:
dist: 1.3494656636335784 vs. 1.3494656636335784
list:
dist: 3.195966578439946 vs. 3.195966578439946
list:
dist: 1.999454613668089 vs. 1.999454613668089
list:
dist: 3.3854857857154443 vs. 3.3854857857154443
list:
dist: 2.6664251563592836 vs. 2.6664251563592836
list:
dist: 2.6809169586726598 vs. 2.6809169586726598
list:
dist: 2.5839657960048164 vs. 2.5839657960048164
list:
dist: 2.7141162871623026 vs. 2.7141162871623026
list:
dist: 3.1214383258973295 vs. 3.1214383258973295
list:
dist: 2.6651182225467505 vs. 2.6651182225467505
list:
dist: 0.982068404978313 vs. 0.982068404978313
list:
dist: 1.3669369607172182 vs. 1.3669369607172182
list:
dist: 1.828721246265249 vs. 1.828721246265249
list:
dist: 0.4183339446336011 vs. 0.4183339446336011
list:
dist: 1.6396408943424476 vs. 1.6396408943424476
list:
dist: 1.8880474086832684 vs. 1.8880474086832684
list:
dist: 1.5253763716954438 vs. 1.5253763716954438
list:
dist: 1.5957201249559063 vs. 1.5957201249559063
list:
dist: 1.6957954187892883 vs. 1.6957954187892883
list:
dist: 0.7030132764822843 vs. 0.7030132764822843
list:
dist: 2.1806982915573365 vs. 2.1806982915573365
list:
dist: 1.768052182786436 vs. 1.768052182786436
list:
dist: 2.4092685591166156 vs. 2.4092685591166156
list:
dist: 2.346995324543115 vs. 2.346995324543115
list:
dist: 1.9730361041970004 vs. 1.9730361041970004
list:
dist: 1.4634415304819832 vs. 1.4634415304819832
list:
dist: 2.2331700749612855 vs. 2.2331700749612855
list:
dist: 2.8074601345354284 vs. 2.8074601345354284
list:
dist: 1.8856948746620883 vs. 1.8856948746620883
list:
dist: 3.2748941852134523 vs. 3.2748941852134523
list:
dist: 2.682400370208805 vs. 2.682400370208805
list:
dist: 2.7755513575696575 vs. 2.7755513575696575
list:
dist: 2.0933786453568732 vs. 2.0933786453568732
list:
dist: 1.9079453484561746 vs. 1.9079453484561746
list:
dist: 2.5955286225138847 vs. 2.5955286225138847
list:
dist: 2.518940171528541 vs. 2.518940171528541
list:
dist: 1.949090059909134 vs. 1.949090059909134
list:
dist: 2.6079585067594686 vs. 2.6079585067594686
list:
dist: 1.7445812200244697 vs. 1.7445812200244697
list:
dist: 1.6948530895352987 vs. 1.6948530895352987
list:
dist: 0.9327371869640466 vs. 0.9327371869640466
list:
dist: 2.5430990338839035 vs. 2.5430990338839035
list:
dist: 2.6651182225467505 vs. 2.6651182225467505
list:
dist: 1.695844139505598 vs. 1.695844139505598
list:
dist: 1.975000278052011 vs. 1.975000278052011
list:
dist: 2.7169965430053655 vs. 2.7169965430053655
list:
dist: 2.2372130945083444 vs. 2.2372130945083444
list:
dist: 3.0100161173218303 vs. 3.0100161173218303
list:
dist: 3.176677625670687 vs. 3.176677625670687
list:
dist: 1.8835187284857209 vs. 1.8835187284857209
list:
dist: 1.768052182786436 vs. 1.768052182786436
list:
dist: 3.2356894112333516 vs. 3.2356894112333516
list:
dist: 2.4423032653894934 vs. 2.4423032653894934
list:
dist: 1.6016409139708114 vs. 1.6016409139708114
list:
dist: 2.667531105730921 vs. 2.667531105730921
list:
dist: 2.3588970169245336 vs. 2.3588970169245336
list:
dist: 1.3494656636335784 vs. 1.3494656636335784
list:
dist: 2.8237120570508623 vs. 2.8237120570508623
list:
dist: 3.923222037302485 vs. 3.923222037302485
list:
dist: 2.7042422678578037 vs. 2.7042422678578037
list:
dist: 4.560790566990558 vs. 4.560790566990558
list:
dist: 3.7453680336767277 vs. 3.7453680336767277
list:
dist: 2.2424325056751746 vs. 2.2424325056751746
list:
dist: 3.1395420127958293 vs. 3.1395420127958293
list:
dist: 2.2670199653527736 vs. 2.2670199653527736
list:
dist: 3.492240465721547 vs. 3.492240465721547
list:
dist: 3.0541760014199024 vs. 3.0541760014199024
list:
dist: 3.4465209524229503 vs. 3.4465209524229503
list:
dist: 2.6477541907530138 vs. 2.6477541907530138
list:
dist: 2.7149490167892885 vs. 2.7149490167892885
list:
dist: 3.4036850123154148 vs. 3.4036850123154148
list:
dist: 1.8277644124256534 vs. 1.8277644124256534
list:
dist: 1.6957954187892883 vs. 1.6957954187892883
list:
dist: 2.938901743702375 vs. 2.938901743702375
list:
dist: 3.491792789257118 vs. 3.491792789257118
list:
dist: 2.919432938320793 vs. 2.919432938320793
list:
dist: 1.0556212891326862 vs. 1.0556212891326862
list:
dist: 1.2881956679673623 vs. 1.2881956679673623
list:
dist: 1.4791490142129378 vs. 1.4791490142129378
list:
dist: 2.3588970169245336 vs. 2.3588970169245336
list:
dist: 3.1481915075558438 vs. 3.1481915075558438
list:
dist: 2.0940701573222698 vs. 2.0940701573222698
list:
dist: 3.41746349001127 vs. 3.41746349001127
list:
dist: 2.923140281312838 vs. 2.923140281312838
list:
dist: 2.7676127429248556 vs. 2.7676127429248556
list:
dist: 2.850916918581049 vs. 2.850916918581049
list:
dist: 3.039623904569281 vs. 3.039623904569281
list:
dist: 3.2862556998235983 vs. 3.2862556998235983
list:
dist: 2.5430990338839035 vs. 2.5430990338839035
list:
dist: 0.8757941300606756 vs. 0.8757941300606756
list:
dist: 1.4074694029673014 vs. 1.4074694029673014
list:
dist: 1.7945661190834723 vs. 1.7945661190834723
list:
dist: 0.4183339446336011 vs. 0.4183339446336011
list:
dist: 1.7287727391815546 vs. 1.7287727391815546
list:
dist: 2.026713942625243 vs. 2.026713942625243
list:
dist: 1.7497069258201998 vs. 1.7497069258201998
list:
dist: 1.8820739814887082 vs. 1.8820739814887082
list:
dist: 1.8277644124256534 vs. 1.8277644124256534
list:
dist: 0.9579667825656369 vs. 0.9579667825656369
list:
dist: 2.5249604965456283 vs. 2.5249604965456283
list:
dist: 1.8835187284857209 vs. 1.8835187284857209
list:
dist: 4.0872892741091 vs. 4.0872892741091
list:
dist: 2.927485287846404 vs. 2.927485287846404
list:
dist: 3.6693627317299393 vs. 3.6693627317299393
list:
dist: 2.5170071978014947 vs. 2.5170071978014947
list:
dist: 3.023913027234854 vs. 3.023913027234854
list:
dist: 3.4168431352721376 vs. 3.4168431352721376
list:
dist: 3.8631578251271743 vs. 3.8631578251271743
list:
dist: 2.7169965430053655 vs. 2.7169965430053655
list:
dist: 1.4676324840353345 vs. 1.4676324840353345
list:
dist: 2.058615540450461 vs. 2.058615540450461
list:
dist: 2.007778403011156 vs. 2.007778403011156
list:
dist: 1.7497069258201998 vs. 1.7497069258201998
list:
dist: 1.5253763716954438 vs. 1.5253763716954438
list:
dist: 2.1560918392164243 vs. 2.1560918392164243
list:
dist: 0.9100477746344804 vs. 0.9100477746344804
list:
dist: 2.6461963275329015 vs. 2.6461963275329015
list:
dist: 2.919432938320793 vs. 2.919432938320793
list:
dist: 1.6657129507997785 vs. 1.6657129507997785
list:
dist: 2.872452497312408 vs. 2.872452497312408
list:
dist: 1.6016409139708114 vs. 1.6016409139708114
list:
dist: 2.781514890173937 vs. 2.781514890173937
list:
dist: 2.644772806003059 vs. 2.644772806003059
list:
dist: 2.8082489507028403 vs. 2.8082489507028403
list:
dist: 2.8883715534286702 vs. 2.8883715534286702
list:
dist: 3.0354529871679223 vs. 3.0354529871679223
list:
dist: 1.572691596045992 vs. 1.572691596045992
list:
dist: 2.4750063423477733 vs. 2.4750063423477733
list:
dist: 2.6735775078291404 vs. 2.6735775078291404
list:
dist: 3.3367490880344004 vs. 3.3367490880344004
list:
dist: 2.3339323937507133 vs. 2.3339323937507133
list:
dist: 0.8480687126802077 vs. 0.8480687126802077
list:
dist: 1.4850348737801138 vs. 1.4850348737801138
list:
dist: 2.5495878320284375 vs. 2.5495878320284375
list:
dist: 0.6597807956932963 vs. 0.6597807956932963
list:
dist: 1.281431817172379 vs. 1.281431817172379
list:
dist: 1.1392760074676596 vs. 1.1392760074676596
list:
dist: 2.0841083620337573 vs. 2.0841083620337573
list:
dist: 1.9456364979031355 vs. 1.9456364979031355
list:
dist: 2.529467574742354 vs. 2.529467574742354
list:
dist: 3.0256114392609827 vs. 3.0256114392609827
list:
dist: 2.84855805780683 vs. 2.84855805780683
list:
dist: 3.006412311314845 vs. 3.006412311314845
list:
dist: 3.458262192699425 vs. 3.458262192699425
list:
dist: 2.1577330486378896 vs. 2.1577330486378896
list:
dist: 2.315166839821364 vs. 2.315166839821364
list:
dist: 1.696912597983761 vs. 1.696912597983761
list:
dist: 1.3352318681785176 vs. 1.3352318681785176
list:
dist: 2.033807564914317 vs. 2.033807564914317
list:
dist: 2.061342099632869 vs. 2.061342099632869
list:
dist: 1.7309797318279834 vs. 1.7309797318279834
list:
dist: 2.3214558638552636 vs. 2.3214558638552636
list:
dist: 2.654990341697781 vs. 2.654990341697781
list:
dist: 2.1149187474420343 vs. 2.1149187474420343
list:
dist: 2.2223027857045996 vs. 2.2223027857045996
list:
dist: 1.0728662899279429 vs. 1.0728662899279429
list:
dist: 3.0924277254751678 vs. 3.0924277254751678
list:
dist: 2.5455120368310356 vs. 2.5455120368310356
list:
dist: 3.5409207519413686 vs. 3.5409207519413686
list:
dist: 2.8883715534286702 vs. 2.8883715534286702
list:
dist: 2.8268006890261663 vs. 2.8268006890261663
list:
dist: 2.734696451232462 vs. 2.734696451232462
list:
dist: 3.004880807861338 vs. 3.004880807861338
list:
dist: 3.4119691852646765 vs. 3.4119691852646765
list:
dist: 2.4752454334603975 vs. 2.4752454334603975
list:
dist: 3.8480932421596443 vs. 3.8480932421596443
list:
dist: 4.306051941820631 vs. 4.306051941820631
list:
dist: 1.1194523220224084 vs. 1.1194523220224084
list:
dist: 1.4410317611585994 vs. 1.4410317611585994
list:
dist: 2.4239746799391204 vs. 2.4239746799391204
list:
dist: 2.033807564914317 vs. 2.033807564914317
list:
dist: 3.5381408371326906 vs. 3.5381408371326906
list:
dist: 3.214232541020471 vs. 3.214232541020471
list:
dist: 3.789188787053599 vs. 3.789188787053599
list:
dist: 3.6132380278825824 vs. 3.6132380278825824
list:
dist: 4.0192447453609095 vs. 4.0192447453609095
list:
dist: 2.3489384211190965 vs. 2.3489384211190965
list:
dist: 2.239634641319176 vs. 2.239634641319176
list:
dist: 1.3289618761441062 vs. 1.3289618761441062
list:
dist: 2.2572427480818877 vs. 2.2572427480818877
list:
dist: 2.644772806003059 vs. 2.644772806003059
list:
dist: 2.9865815255150947 vs. 2.9865815255150947
list:
dist: 2.890201192264142 vs. 2.890201192264142
list:
dist: 2.7384903408085353 vs. 2.7384903408085353
list:
dist: 3.9737871211195843 vs. 3.9737871211195843
list:
dist: 2.5879056781668974 vs. 2.5879056781668974
list:
dist: 3.812219173519681 vs. 3.812219173519681
list:
dist: 1.7485903267393847 vs. 1.7485903267393847
list:
dist: 1.8510568414012665 vs. 1.8510568414012665
list:
dist: 2.7171899276920626 vs. 2.7171899276920626
list:
dist: 3.5381408371326906 vs. 3.5381408371326906
list:
dist: 2.736085719017772 vs. 2.736085719017772
list:
dist: 1.7309797318279834 vs. 1.7309797318279834
list:
dist: 1.6458943081885384 vs. 1.6458943081885384
list:
dist: 1.724845124881769 vs. 1.724845124881769
list:
dist: 0.8896624275435482 vs. 0.8896624275435482
list:
dist: 0.5732847608551732 vs. 0.5732847608551732
list:
dist: 1.4631558801877322 vs. 1.4631558801877322
list:
dist: 3.636540383540429 vs. 3.636540383540429
list:
dist: 3.5058378412179207 vs. 3.5058378412179207
list:
dist: 4.482097396398804 vs. 4.482097396398804
list:
dist: 3.0354529871679223 vs. 3.0354529871679223
list:
dist: 2.6558455639170195 vs. 2.6558455639170195
list:
dist: 2.7043733220155843 vs. 2.7043733220155843
list:
dist: 3.2092144270963456 vs. 3.2092144270963456
list:
dist: 2.7832793909967855 vs. 2.7832793909967855
list:
dist: 2.7849245449288302 vs. 2.7849245449288302
list:
dist: 1.9093915708139872 vs. 1.9093915708139872
list:
dist: 1.3273060718765477 vs. 1.3273060718765477
list:
dist: 3.2768001842126724 vs. 3.2768001842126724
list:
dist: 4.0192447453609095 vs. 4.0192447453609095
list:
dist: 2.9086370237393613 vs. 2.9086370237393613
list:
dist: 2.2223027857045996 vs. 2.2223027857045996
list:
dist: 0.5732847608551732 vs. 0.5732847608551732
list:
dist: 1.8320232387852746 vs. 1.8320232387852746
list:
dist: 1.574638563031648 vs. 1.574638563031648
list:
dist: 0.8002593080224043 vs. 0.8002593080224043
list:
dist: 1.7950152532663401 vs. 1.7950152532663401
list:
dist: 3.993412826541503 vs. 3.993412826541503
list:
dist: 3.929821216088164 vs. 3.929821216088164
list:
dist: 4.769282961816939 vs. 4.769282961816939
list:
dist: 3.3367490880344004 vs. 3.3367490880344004
list:
dist: 2.8700005087098903 vs. 2.8700005087098903
list:
dist: 2.8511911947124995 vs. 2.8511911947124995
list:
dist: 3.4041694031860867 vs. 3.4041694031860867
list:
dist: 2.7090415857012364 vs. 2.7090415857012364
list:
dist: 2.9379659085582785 vs. 2.9379659085582785
list:
dist: 2.1577330486378896 vs. 2.1577330486378896
list:
dist: 1.8229962671657625 vs. 1.8229962671657625
list:
dist: 1.9966049981606757 vs. 1.9966049981606757
list:
dist: 2.0135868438204834 vs. 2.0135868438204834
list:
dist: 1.5930277244638056 vs. 1.5930277244638056
list:
dist: 2.7756908845258996 vs. 2.7756908845258996
list:
dist: 2.35825920960438 vs. 2.35825920960438
list:
dist: 1.820296996930094 vs. 1.820296996930094
list:
dist: 2.1440855936863263 vs. 2.1440855936863263
list:
dist: 1.414647590069132 vs. 1.414647590069132
list:
dist: 3.411224170465782 vs. 3.411224170465782
list:
dist: 1.3254278483371729 vs. 1.3254278483371729
list:
dist: 1.1194523220224084 vs. 1.1194523220224084
list:
dist: 2.6129182043236687 vs. 2.6129182043236687
list:
dist: 1.696912597983761 vs. 1.696912597983761
list:
dist: 3.2483499798709836 vs. 3.2483499798709836
list:
dist: 2.3777124308491504 vs. 2.3777124308491504
list:
dist: 3.176500351396682 vs. 3.176500351396682
list:
dist: 2.571329672189323 vs. 2.571329672189323
list:
dist: 1.861671824455642 vs. 1.861671824455642
list:
dist: 3.1094701614773093 vs. 3.1094701614773093
list:
dist: 3.6132380278825824 vs. 3.6132380278825824
list:
dist: 2.364766587565805 vs. 2.364766587565805
list:
dist: 2.1149187474420343 vs. 2.1149187474420343
list:
dist: 0.8896624275435482 vs. 0.8896624275435482
list:
dist: 1.2042192340144622 vs. 1.2042192340144622
list:
dist: 0.8385691988762033 vs. 0.8385691988762033
list:
dist: 0.8002593080224043 vs. 0.8002593080224043
list:
dist: 1.3499477127750432 vs. 1.3499477127750432
list:
dist: 3.342042896700796 vs. 3.342042896700796
list:
dist: 3.3517346640138284 vs. 3.3517346640138284
list:
dist: 4.078944414427863 vs. 4.078944414427863
list:
dist: 2.6735775078291404 vs. 2.6735775078291404
list:
dist: 2.1621101662468494 vs. 2.1621101662468494
list:
dist: 2.0656314496639 vs. 2.0656314496639
list:
dist: 2.631967790129668 vs. 2.631967790129668
list:
dist: 1.9481866785826905 vs. 1.9481866785826905
list:
dist: 2.203491352182092 vs. 2.203491352182092
list:
dist: 3.154416836087164 vs. 3.154416836087164
list:
dist: 3.128298088723175 vs. 3.128298088723175
list:
dist: 2.300648293825467 vs. 2.300648293825467
list:
dist: 3.1959179317960946 vs. 3.1959179317960946
list:
dist: 4.306051941820631 vs. 4.306051941820631
list:
dist: 3.856607431484541 vs. 3.856607431484541
list:
dist: 2.315166839821364 vs. 2.315166839821364
list:
dist: 1.7485903267393847 vs. 1.7485903267393847
list:
dist: 3.3497842430953098 vs. 3.3497842430953098
list:
dist: 3.393935052888407 vs. 3.393935052888407
list:
dist: 2.571329672189323 vs. 2.571329672189323
list:
dist: 1.9093915708139872 vs. 1.9093915708139872
list:
dist: 2.7370925073884 vs. 2.7370925073884
list:
dist: 3.2483499798709836 vs. 3.2483499798709836
list:
dist: 2.726579834577447 vs. 2.726579834577447
list:
dist: 2.239634641319176 vs. 2.239634641319176
list:
dist: 2.923679132901125 vs. 2.923679132901125
list:
dist: 3.0924277254751678 vs. 3.0924277254751678
list:
dist: 3.636540383540429 vs. 3.636540383540429
list:
dist: 2.33917625672917 vs. 2.33917625672917
list:
dist: 3.163296722039557 vs. 3.163296722039557
list:
dist: 3.342042896700796 vs. 3.342042896700796
list:
dist: 3.993412826541503 vs. 3.993412826541503
list:
dist: 2.70007309474217 vs. 2.70007309474217
list:
dist: 0.9172519528773515 vs. 0.9172519528773515
list:
dist: 2.026088841082686 vs. 2.026088841082686
list:
dist: 0.8480687126802077 vs. 0.8480687126802077
list:
dist: 1.4596148343404038 vs. 1.4596148343404038
list:
dist: 1.7645153416314587 vs. 1.7645153416314587
list:
dist: 1.3698737238072367 vs. 1.3698737238072367
list:
dist: 2.745696293660626 vs. 2.745696293660626
list:
dist: 2.165559497336521 vs. 2.165559497336521
list:
dist: 2.0033551436109334 vs. 2.0033551436109334
list:
dist: 2.883270505597813 vs. 2.883270505597813
list:
dist: 2.9979076428809117 vs. 2.9979076428809117
list:
dist: 2.9438837092996675 vs. 2.9438837092996675
list:
dist: 2.847053333376117 vs. 2.847053333376117
list:
dist: 2.300648293825467 vs. 2.300648293825467
list:
dist: 1.8510568414012665 vs. 1.8510568414012665
list:
dist: 3.008785831166092 vs. 3.008785831166092
list:
dist: 2.307156697170008 vs. 2.307156697170008
list:
dist: 1.861671824455642 vs. 1.861671824455642
list:
dist: 1.3273060718765477 vs. 1.3273060718765477
list:
dist: 2.846044286888178 vs. 2.846044286888178
list:
dist: 3.075267888523275 vs. 3.075267888523275
list:
dist: 2.5879056781668974 vs. 2.5879056781668974
list:
dist: 1.089769397528052 vs. 1.089769397528052
list:
dist: 2.4752454334603975 vs. 2.4752454334603975
list:
dist: 2.7849245449288302 vs. 2.7849245449288302
list:
dist: 1.9650492252142355 vs. 1.9650492252142355
list:
dist: 1.81146684798709 vs. 1.81146684798709
list:
dist: 2.203491352182092 vs. 2.203491352182092
list:
dist: 2.9379659085582785 vs. 2.9379659085582785
list:
dist: 1.5617135184328603 vs. 1.5617135184328603
list:
dist: 2.165559497336521 vs. 2.165559497336521
list:
dist: 2.107573638686972 vs. 2.107573638686972
list:
dist: 1.9952781844911776 vs. 1.9952781844911776
list:
dist: 1.9456364979031355 vs. 1.9456364979031355
list:
dist: 1.7040088179281379 vs. 1.7040088179281379
list:
dist: 0.8848252807395284 vs. 0.8848252807395284
list:
dist: 1.0699723547868523 vs. 1.0699723547868523
list:
dist: 1.6889929775749688 vs. 1.6889929775749688
list:
dist: 2.396118477136062 vs. 2.396118477136062
list:
dist: 3.2345789560405853 vs. 3.2345789560405853
list:
dist: 2.4835592620765117 vs. 2.4835592620765117
list:
dist: 3.748032871713003 vs. 3.748032871713003
list:
dist: 3.764085043028221 vs. 3.764085043028221
list:
dist: 2.7756908845258996 vs. 2.7756908845258996
list:
dist: 2.530036944070223 vs. 2.530036944070223
list:
dist: 3.1959179317960946 vs. 3.1959179317960946
list:
dist: 1.3254278483371729 vs. 1.3254278483371729
list:
dist: 1.4410317611585994 vs. 1.4410317611585994
list:
dist: 2.9049804506852857 vs. 2.9049804506852857
list:
dist: 1.3352318681785176 vs. 1.3352318681785176
list:
dist: 2.7171899276920626 vs. 2.7171899276920626
list:
dist: 2.822546055786738 vs. 2.822546055786738
list:
dist: 3.569962233373367 vs. 3.569962233373367
list:
dist: 3.1094701614773093 vs. 3.1094701614773093
list:
dist: 3.2768001842126724 vs. 3.2768001842126724
list:
dist: 2.094771751331806 vs. 2.094771751331806
list:
dist: 2.726579834577447 vs. 2.726579834577447
list:
dist: 2.0640588720425157 vs. 2.0640588720425157
list:
dist: 3.4828585433776817 vs. 3.4828585433776817
list:
dist: 2.781514890173937 vs. 2.781514890173937
list:
dist: 3.00894958828303 vs. 3.00894958828303
list:
dist: 3.1694303639879826 vs. 3.1694303639879826
list:
dist: 3.2342097405968704 vs. 3.2342097405968704
list:
dist: 4.056490137113755 vs. 4.056490137113755
list:
dist: 3.075267888523275 vs. 3.075267888523275
list:
dist: 3.176500351396682 vs. 3.176500351396682
list:
dist: 3.4828585433776817 vs. 3.4828585433776817
list:
dist: 2.2572427480818877 vs. 2.2572427480818877
list:
dist: 2.35313628220553 vs. 2.35313628220553
list:
dist: 3.5409207519413686 vs. 3.5409207519413686
list:
dist: 4.482097396398804 vs. 4.482097396398804
list:
dist: 3.5373581197927946 vs. 3.5373581197927946
list:
dist: 3.764178016374273 vs. 3.764178016374273
list:
dist: 4.078944414427863 vs. 4.078944414427863
list:
dist: 4.769282961816939 vs. 4.769282961816939
list:
dist: 3.0968472994593563 vs. 3.0968472994593563
list:
dist: 2.026088841082686 vs. 2.026088841082686
list:
dist: 1.7653716909324486 vs. 1.7653716909324486
list:
dist: 2.5495878320284375 vs. 2.5495878320284375
list:
dist: 2.8128466465431936 vs. 2.8128466465431936
list:
dist: 2.3491448380760183 vs. 2.3491448380760183
list:
dist: 1.8943076965438723 vs. 1.8943076965438723
list:
dist: 3.3479515164459834 vs. 3.3479515164459834
list:
dist: 1.9952781844911776 vs. 1.9952781844911776
list:
dist: 0.9639130804110656 vs. 0.9639130804110656
list:
dist: 2.7802317890411237 vs. 2.7802317890411237
list:
dist: 2.8258042444672187 vs. 2.8258042444672187
list:
dist: 3.445939475135415 vs. 3.445939475135415
list:
dist: 2.9979076428809117 vs. 2.9979076428809117
list:
dist: 3.541126389922943 vs. 3.541126389922943
list:
dist: 2.8258042444672187 vs. 2.8258042444672187
list:
dist: 2.84855805780683 vs. 2.84855805780683
list:
dist: 2.655550718567961 vs. 2.655550718567961
list:
dist: 2.21305917337315 vs. 2.21305917337315
list:
dist: 1.9938885810858389 vs. 1.9938885810858389
list:
dist: 2.1713185024392923 vs. 2.1713185024392923
list:
dist: 2.4835592620765117 vs. 2.4835592620765117
list:
dist: 2.283780697193977 vs. 2.283780697193977
list:
dist: 1.3271527922889101 vs. 1.3271527922889101
list:
dist: 1.9579941354084902 vs. 1.9579941354084902
list:
dist: 1.7801390990868846 vs. 1.7801390990868846
list:
dist: 1.820296996930094 vs. 1.820296996930094
list:
dist: 4.583427201982213 vs. 4.583427201982213
list:
dist: 3.3497842430953098 vs. 3.3497842430953098
list:
dist: 3.008785831166092 vs. 3.008785831166092
list:
dist: 2.822546055786738 vs. 2.822546055786738
list:
dist: 3.214232541020471 vs. 3.214232541020471
list:
dist: 2.5657920326342194 vs. 2.5657920326342194
list:
dist: 2.3214558638552636 vs. 2.3214558638552636
list:
dist: 1.6458943081885384 vs. 1.6458943081885384
list:
dist: 1.2233915141827592 vs. 1.2233915141827592
list:
dist: 1.2042192340144622 vs. 1.2042192340144622
list:
dist: 1.8320232387852746 vs. 1.8320232387852746
list:
dist: 1.5878715515230655 vs. 1.5878715515230655
list:
dist: 2.33917625672917 vs. 2.33917625672917
list:
dist: 2.574239251242767 vs. 2.574239251242767
list:
dist: 3.5373581197927946 vs. 3.5373581197927946
list:
dist: 1.572691596045992 vs. 1.572691596045992
list:
dist: 1.0739232748679646 vs. 1.0739232748679646
list:
dist: 1.4109312229361761 vs. 1.4109312229361761
list:
dist: 1.8728174758381149 vs. 1.8728174758381149
list:
dist: 1.5639775286823838 vs. 1.5639775286823838
list:
dist: 1.9650492252142355 vs. 1.9650492252142355
list:
dist: 2.7370925073884 vs. 2.7370925073884
list:
dist: 2.846044286888178 vs. 2.846044286888178
list:
dist: 2.094771751331806 vs. 2.094771751331806
list:
dist: 2.3489384211190965 vs. 2.3489384211190965
list:
dist: 1.383756315398548 vs. 1.383756315398548
list:
dist: 1.0728662899279429 vs. 1.0728662899279429
list:
dist: 1.4631558801877322 vs. 1.4631558801877322
list:
dist: 1.5878715515230655 vs. 1.5878715515230655
list:
dist: 1.6663863865530317 vs. 1.6663863865530317
list:
dist: 1.3499477127750432 vs. 1.3499477127750432
list:
dist: 1.7950152532663401 vs. 1.7950152532663401
list:
dist: 2.70007309474217 vs. 2.70007309474217
list:
dist: 2.3844300012165265 vs. 2.3844300012165265
list:
dist: 3.0968472994593563 vs. 3.0968472994593563
list:
dist: 2.3339323937507133 vs. 2.3339323937507133
list:
dist: 2.088208919010331 vs. 2.088208919010331
list:
dist: 1.812433581369314 vs. 1.812433581369314
list:
dist: 2.195963783805559 vs. 2.195963783805559
list:
dist: 2.3856492877178237 vs. 2.3856492877178237
list:
dist: 1.5617135184328603 vs. 1.5617135184328603
list:
dist: 2.0033551436109334 vs. 2.0033551436109334
list:
dist: 2.152808351709888 vs. 2.152808351709888
list:
dist: 0.9639130804110656 vs. 0.9639130804110656
list:
dist: 2.529467574742354 vs. 2.529467574742354
list:
dist: 2.815770134854913 vs. 2.815770134854913
list:
dist: 2.464891778607458 vs. 2.464891778607458
list:
dist: 1.9031023492677965 vs. 1.9031023492677965
list:
dist: 3.3219216529606004 vs. 3.3219216529606004
list:
dist: 2.396118477136062 vs. 2.396118477136062
list:
dist: 1.9027854313959491 vs. 1.9027854313959491
list:
dist: 2.283780697193977 vs. 2.283780697193977
list:
dist: 2.5738106809717083 vs. 2.5738106809717083
list:
dist: 1.7163602487140885 vs. 1.7163602487140885
list:
dist: 2.4945817954784677 vs. 2.4945817954784677
list:
dist: 1.8234163141214879 vs. 1.8234163141214879
list:
dist: 1.8990154330014186 vs. 1.8990154330014186
list:
dist: 1.753764603021815 vs. 1.753764603021815
list:
dist: 1.1283956087082712 vs. 1.1283956087082712
list:
dist: 0.8825726403847223 vs. 0.8825726403847223
list:
dist: 1.0218894647378107 vs. 1.0218894647378107
list:
dist: 0.44650118926533305 vs. 0.44650118926533305
list:
dist: 1.3495421044755342 vs. 1.3495421044755342
list:
dist: 0.37991085014737647 vs. 0.37991085014737647
list:
dist: 1.0217253870184877 vs. 1.0217253870184877
list:
dist: 2.216330497907913 vs. 2.216330497907913
list:
dist: 2.155666731135343 vs. 2.155666731135343
list:
dist: 3.1129159149028713 vs. 3.1129159149028713
list:
dist: 3.318526929428866 vs. 3.318526929428866
list:
dist: 2.672055382835671 vs. 2.672055382835671
list:
dist: 1.1482145092249259 vs. 1.1482145092249259
list:
dist: 1.4959342724201266 vs. 1.4959342724201266
list:
dist: 1.7048647052860841 vs. 1.7048647052860841
list:
dist: 1.1930183148158067 vs. 1.1930183148158067
list:
dist: 1.9348532112621126 vs. 1.9348532112621126
list:
dist: 2.797833151609991 vs. 2.797833151609991
list:
dist: 3.1831158811757163 vs. 3.1831158811757163
list:
dist: 2.7586600701053694 vs. 2.7586600701053694
list:
dist: 2.150264944691906 vs. 2.150264944691906
list:
dist: 3.6343831794144155 vs. 3.6343831794144155
list:
dist: 3.2342097405968704 vs. 3.2342097405968704
list:
dist: 2.7384903408085353 vs. 2.7384903408085353
list:
dist: 2.1105127596052347 vs. 2.1105127596052347
list:
dist: 3.004880807861338 vs. 3.004880807861338
list:
dist: 3.2092144270963456 vs. 3.2092144270963456
list:
dist: 1.8728174758381149 vs. 1.8728174758381149
list:
dist: 2.182801106387435 vs. 2.182801106387435
list:
dist: 2.631967790129668 vs. 2.631967790129668
list:
dist: 3.4041694031860867 vs. 3.4041694031860867
list:
dist: 2.195963783805559 vs. 2.195963783805559
list:
dist: 1.3698737238072367 vs. 1.3698737238072367
list:
dist: 1.7447278633901764 vs. 1.7447278633901764
list:
dist: 1.8943076965438723 vs. 1.8943076965438723
list:
dist: 1.1392760074676596 vs. 1.1392760074676596
list:
dist: 1.0499391880471418 vs. 1.0499391880471418
list:
dist: 0.5942208194102714 vs. 0.5942208194102714
list:
dist: 1.5856305169407416 vs. 1.5856305169407416
list:
dist: 1.0699723547868523 vs. 1.0699723547868523
list:
dist: 1.9031023492677965 vs. 1.9031023492677965
list:
dist: 2.4648013747909867 vs. 2.4648013747909867
list:
dist: 1.9938885810858389 vs. 1.9938885810858389
list:
dist: 2.8020506967177683 vs. 2.8020506967177683
list:
dist: 3.0870581384222513 vs. 3.0870581384222513
list:
dist: 2.0135868438204834 vs. 2.0135868438204834
list:
dist: 2.3777124308491504 vs. 2.3777124308491504
list:
dist: 2.0640588720425157 vs. 2.0640588720425157
list:
dist: 1.3289618761441062 vs. 1.3289618761441062
list:
dist: 2.533336853972308 vs. 2.533336853972308
list:
dist: 2.5455120368310356 vs. 2.5455120368310356
list:
dist: 3.5058378412179207 vs. 3.5058378412179207
list:
dist: 2.574239251242767 vs. 2.574239251242767
list:
dist: 3.317735691199796 vs. 3.317735691199796
list:
dist: 3.3517346640138284 vs. 3.3517346640138284
list:
dist: 3.929821216088164 vs. 3.929821216088164
list:
dist: 2.3844300012165265 vs. 2.3844300012165265
list:
dist: 0.9172519528773515 vs. 0.9172519528773515
list:
dist: 1.7653716909324486 vs. 1.7653716909324486
list:
dist: 1.4850348737801138 vs. 1.4850348737801138
list:
dist: 1.9764882100147099 vs. 1.9764882100147099
list:
dist: 2.054503355371095 vs. 2.054503355371095
list:
dist: 1.7447278633901764 vs. 1.7447278633901764
list:
dist: 3.161971502557646 vs. 3.161971502557646
list:
dist: 2.107573638686972 vs. 2.107573638686972
list:
dist: 2.152808351709888 vs. 2.152808351709888
list:
dist: 3.5108484304970435 vs. 3.5108484304970435
list:
dist: 3.541126389922943 vs. 3.541126389922943
list:
dist: 3.737304205952805 vs. 3.737304205952805
list:
dist: 4.056490137113755 vs. 4.056490137113755
list:
dist: 3.9737871211195843 vs. 3.9737871211195843
list:
dist: 2.5716321675228384 vs. 2.5716321675228384
list:
dist: 3.4119691852646765 vs. 3.4119691852646765
list:
dist: 2.7832793909967855 vs. 2.7832793909967855
list:
dist: 1.5639775286823838 vs. 1.5639775286823838
list:
dist: 1.1769687825549346 vs. 1.1769687825549346
list:
dist: 1.9481866785826905 vs. 1.9481866785826905
list:
dist: 2.7090415857012364 vs. 2.7090415857012364
list:
dist: 2.3856492877178237 vs. 2.3856492877178237
list:
dist: 2.745696293660626 vs. 2.745696293660626
list:
dist: 3.161971502557646 vs. 3.161971502557646
list:
dist: 3.3479515164459834 vs. 3.3479515164459834
list:
dist: 2.0841083620337573 vs. 2.0841083620337573
list:
dist: 1.470379605596047 vs. 1.470379605596047
list:
dist: 1.1332619366793129 vs. 1.1332619366793129
list:
dist: 1.5856305169407416 vs. 1.5856305169407416
list:
dist: 1.6889929775749688 vs. 1.6889929775749688
list:
dist: 3.3219216529606004 vs. 3.3219216529606004
list:
dist: 3.1855342193787775 vs. 3.1855342193787775
list:
dist: 2.1713185024392923 vs. 2.1713185024392923
list:
dist: 3.3918698622904837 vs. 3.3918698622904837
list:
dist: 2.638137678622603 vs. 2.638137678622603
list:
dist: 1.5930277244638056 vs. 1.5930277244638056
list:
dist: 2.0906622420330225 vs. 2.0906622420330225
list:
dist: 3.411224170465782 vs. 3.411224170465782
list:
dist: 3.00894958828303 vs. 3.00894958828303
list:
dist: 2.9865815255150947 vs. 2.9865815255150947
list:
dist: 2.6190038139113208 vs. 2.6190038139113208
list:
dist: 2.8268006890261663 vs. 2.8268006890261663
list:
dist: 2.6558455639170195 vs. 2.6558455639170195
list:
dist: 1.0739232748679646 vs. 1.0739232748679646
list:
dist: 1.86873465419599 vs. 1.86873465419599
list:
dist: 2.1621101662468494 vs. 2.1621101662468494
list:
dist: 2.8700005087098903 vs. 2.8700005087098903
list:
dist: 2.088208919010331 vs. 2.088208919010331
list:
dist: 1.4596148343404038 vs. 1.4596148343404038
list:
dist: 1.9764882100147099 vs. 1.9764882100147099
list:
dist: 2.8128466465431936 vs. 2.8128466465431936
list:
dist: 0.6597807956932963 vs. 0.6597807956932963
list:
dist: 0.8908879375477288 vs. 0.8908879375477288
list:
dist: 1.0499391880471418 vs. 1.0499391880471418
list:
dist: 1.470379605596047 vs. 1.470379605596047
list:
dist: 1.7040088179281379 vs. 1.7040088179281379
list:
dist: 2.815770134854913 vs. 2.815770134854913
list:
dist: 3.1082898366877347 vs. 3.1082898366877347
list:
dist: 2.655550718567961 vs. 2.655550718567961
list:
dist: 3.129891706175138 vs. 3.129891706175138
list:
dist: 3.183463218123662 vs. 3.183463218123662
list:
dist: 1.8229962671657625 vs. 1.8229962671657625
list:
dist: 3.393935052888407 vs. 3.393935052888407
list:
dist: 2.307156697170008 vs. 2.307156697170008
list:
dist: 3.569962233373367 vs. 3.569962233373367
list:
dist: 3.789188787053599 vs. 3.789188787053599
list:
dist: 2.24438451688268 vs. 2.24438451688268
list:
dist: 2.654990341697781 vs. 2.654990341697781
list:
dist: 1.724845124881769 vs. 1.724845124881769
list:
dist: 1.2233915141827592 vs. 1.2233915141827592
list:
dist: 0.8385691988762033 vs. 0.8385691988762033
list:
dist: 1.574638563031648 vs. 1.574638563031648
list:
dist: 1.6663863865530317 vs. 1.6663863865530317
list:
dist: 3.163296722039557 vs. 3.163296722039557
list:
dist: 3.317735691199796 vs. 3.317735691199796
list:
dist: 3.764178016374273 vs. 3.764178016374273
list:
dist: 2.4750063423477733 vs. 2.4750063423477733
list:
dist: 1.86873465419599 vs. 1.86873465419599
list:
dist: 1.5888456370840518 vs. 1.5888456370840518
list:
dist: 2.182801106387435 vs. 2.182801106387435
list:
dist: 1.1769687825549346 vs. 1.1769687825549346
list:
dist: 1.81146684798709 vs. 1.81146684798709
list:
dist: 3.856607431484541 vs. 3.856607431484541
list:
dist: 2.6129182043236687 vs. 2.6129182043236687
list:
dist: 2.9049804506852857 vs. 2.9049804506852857
list:
dist: 2.4239746799391204 vs. 2.4239746799391204
list:
dist: 2.061342099632869 vs. 2.061342099632869
list:
dist: 2.736085719017772 vs. 2.736085719017772
list:
dist: 2.5657920326342194 vs. 2.5657920326342194
list:
dist: 2.24438451688268 vs. 2.24438451688268
list:
dist: 2.364766587565805 vs. 2.364766587565805
list:
dist: 2.9086370237393613 vs. 2.9086370237393613
list:
dist: 1.383756315398548 vs. 1.383756315398548
list:
dist: 2.923679132901125 vs. 2.923679132901125
list:
dist: 2.533336853972308 vs. 2.533336853972308
list:
dist: 2.35313628220553 vs. 2.35313628220553
list:
dist: 2.8082489507028403 vs. 2.8082489507028403
list:
dist: 2.6190038139113208 vs. 2.6190038139113208
list:
dist: 1.912644910341688 vs. 1.912644910341688
list:
dist: 2.1105127596052347 vs. 2.1105127596052347
list:
dist: 2.5716321675228384 vs. 2.5716321675228384
list:
dist: 1.089769397528052 vs. 1.089769397528052
list:
dist: 2.883270505597813 vs. 2.883270505597813
list:
dist: 3.5108484304970435 vs. 3.5108484304970435
list:
dist: 2.7802317890411237 vs. 2.7802317890411237
list:
dist: 3.0256114392609827 vs. 3.0256114392609827
list:
dist: 3.1082898366877347 vs. 3.1082898366877347
list:
dist: 2.9094318035755378 vs. 2.9094318035755378
list:
dist: 2.4648013747909867 vs. 2.4648013747909867
list:
dist: 3.1855342193787775 vs. 3.1855342193787775
list:
dist: 3.2345789560405853 vs. 3.2345789560405853
list:
dist: 1.9027854313959491 vs. 1.9027854313959491
list:
dist: 1.3271527922889101 vs. 1.3271527922889101
list:
dist: 1.014547330506896 vs. 1.014547330506896
list:
dist: 2.209772872458998 vs. 2.209772872458998
list:
dist: 2.35825920960438 vs. 2.35825920960438
list:
dist: 3.1694303639879826 vs. 3.1694303639879826
list:
dist: 2.890201192264142 vs. 2.890201192264142
list:
dist: 1.912644910341688 vs. 1.912644910341688
list:
dist: 2.734696451232462 vs. 2.734696451232462
list:
dist: 2.7043733220155843 vs. 2.7043733220155843
list:
dist: 1.4109312229361761 vs. 1.4109312229361761
list:
dist: 1.5888456370840518 vs. 1.5888456370840518
list:
dist: 2.0656314496639 vs. 2.0656314496639
list:
dist: 2.8511911947124995 vs. 2.8511911947124995
list:
dist: 1.812433581369314 vs. 1.812433581369314
list:
dist: 1.7645153416314587 vs. 1.7645153416314587
list:
dist: 2.054503355371095 vs. 2.054503355371095
list:
dist: 2.3491448380760183 vs. 2.3491448380760183
list:
dist: 1.281431817172379 vs. 1.281431817172379
list:
dist: 0.8908879375477288 vs. 0.8908879375477288
list:
dist: 0.5942208194102714 vs. 0.5942208194102714
list:
dist: 1.1332619366793129 vs. 1.1332619366793129
list:
dist: 0.8848252807395284 vs. 0.8848252807395284
list:
dist: 2.464891778607458 vs. 2.464891778607458
list:
dist: 2.9094318035755378 vs. 2.9094318035755378
list:
dist: 2.21305917337315 vs. 2.21305917337315
list:
dist: 3.2096633100246597 vs. 3.2096633100246597
list:
dist: 3.1567968183599 vs. 3.1567968183599
list:
dist: 1.9966049981606757 vs. 1.9966049981606757
list:
dist: 2.831980349651828 vs. 2.831980349651828
list:
dist: 3.2804382993812506 vs. 3.2804382993812506
list:
dist: 2.8985556118905103 vs. 2.8985556118905103
list:
dist: 3.296992156913767 vs. 3.296992156913767
list:
dist: 3.508885332030885 vs. 3.508885332030885
list:
dist: 2.2706313241828595 vs. 2.2706313241828595
list:
dist: 3.2984655719445355 vs. 3.2984655719445355
list:
dist: 3.0462656982909855 vs. 3.0462656982909855
list:
dist: 3.1129159149028713 vs. 3.1129159149028713
list:
dist: 1.0363703580895263 vs. 1.0363703580895263
list:
dist: 1.221601770102092 vs. 1.221601770102092
list:
dist: 0.534946744956135 vs. 0.534946744956135
list:
dist: 1.0937888373336224 vs. 1.0937888373336224
list:
dist: 1.9730361041970004 vs. 1.9730361041970004
list:
dist: 3.9952026930534146 vs. 3.9952026930534146
list:
dist: 2.5458466016943087 vs. 2.5458466016943087
list:
dist: 2.546849722874931 vs. 2.546849722874931
list:
dist: 3.603287837130407 vs. 3.603287837130407
list:
dist: 2.259072816380797 vs. 2.259072816380797
list:
dist: 1.9984139927346862 vs. 1.9984139927346862
list:
dist: 2.7370514786887408 vs. 2.7370514786887408
list:
dist: 2.451156876253503 vs. 2.451156876253503
list:
dist: 2.009820352525017 vs. 2.009820352525017
list:
dist: 1.9390834548861564 vs. 1.9390834548861564
list:
dist: 2.546838400108464 vs. 2.546838400108464
list:
dist: 2.0061407474489976 vs. 2.0061407474489976
list:
dist: 3.143534451525326 vs. 3.143534451525326
list:
dist: 2.140477126300986 vs. 2.140477126300986
list:
dist: 2.279038353979701 vs. 2.279038353979701
list:
dist: 2.6237986117171452 vs. 2.6237986117171452
list:
dist: 1.902237446475673 vs. 1.902237446475673
list:
dist: 0.9046406910054381 vs. 0.9046406910054381
list:
dist: 1.071448926794909 vs. 1.071448926794909
list:
dist: 0.6919923800371346 vs. 0.6919923800371346
list:
dist: 1.2153462432602367 vs. 1.2153462432602367
list:
dist: 1.7927016615786233 vs. 1.7927016615786233
list:
dist: 0.8825726403847223 vs. 0.8825726403847223
list:
dist: 1.9177905135063786 vs. 1.9177905135063786
list:
dist: 1.82685247017024 vs. 1.82685247017024
list:
dist: 2.8985556118905103 vs. 2.8985556118905103
list:
dist: 2.97824425131169 vs. 2.97824425131169
list:
dist: 2.4559205967545576 vs. 2.4559205967545576
list:
dist: 1.189537078849124 vs. 1.189537078849124
list:
dist: 1.1400039742518466 vs. 1.1400039742518466
list:
dist: 1.5635549834472497 vs. 1.5635549834472497
list:
dist: 1.7007007337311553 vs. 1.7007007337311553
list:
dist: 1.3471671324423802 vs. 1.3471671324423802
list:
dist: 2.0929113161842015 vs. 2.0929113161842015
list:
dist: 3.047890288052772 vs. 3.047890288052772
list:
dist: 2.329190177678006 vs. 2.329190177678006
list:
dist: 1.8392398070973852 vs. 1.8392398070973852
list:
dist: 3.333463887001047 vs. 3.333463887001047
list:
dist: 1.8392398070973852 vs. 1.8392398070973852
list:
dist: 2.6592587467749498 vs. 2.6592587467749498
list:
dist: 2.5650593839914024 vs. 2.5650593839914024
list:
dist: 1.45526191142072 vs. 1.45526191142072
list:
dist: 2.4797458017679883 vs. 2.4797458017679883
list:
dist: 2.5965375231378056 vs. 2.5965375231378056
list:
dist: 2.150264944691906 vs. 2.150264944691906
list:
dist: 1.6220411308976257 vs. 1.6220411308976257
list:
dist: 0.9204774366202663 vs. 0.9204774366202663
list:
dist: 2.009820352525017 vs. 2.009820352525017
list:
dist: 1.9304480063925187 vs. 1.9304480063925187
list:
dist: 1.025542590005886 vs. 1.025542590005886
list:
dist: 2.7755513575696575 vs. 2.7755513575696575
list:
dist: 2.6075575682501597 vs. 2.6075575682501597
list:
dist: 0.8289124607152044 vs. 0.8289124607152044
list:
dist: 0.7051398345028644 vs. 0.7051398345028644
list:
dist: 2.1385435171943254 vs. 2.1385435171943254
list:
dist: 0.7525333921703196 vs. 0.7525333921703196
list:
dist: 1.4838722127656667 vs. 1.4838722127656667
list:
dist: 1.3259750305428621 vs. 1.3259750305428621
list:
dist: 0.747896896808251 vs. 0.747896896808251
list:
dist: 1.5511375323260674 vs. 1.5511375323260674
list:
dist: 2.3828144837773984 vs. 2.3828144837773984
list:
dist: 1.664269464485753 vs. 1.664269464485753
list:
dist: 2.832509455250276 vs. 2.832509455250276
list:
dist: 1.8223517820589508 vs. 1.8223517820589508
list:
dist: 2.0669927963967916 vs. 2.0669927963967916
list:
dist: 1.6696618548782773 vs. 1.6696618548782773
list:
dist: 2.0061407474489976 vs. 2.0061407474489976
list:
dist: 1.4986493361749538 vs. 1.4986493361749538
list:
dist: 1.775144707824703 vs. 1.775144707824703
list:
dist: 2.0155623946324743 vs. 2.0155623946324743
list:
dist: 1.5707997700354646 vs. 1.5707997700354646
list:
dist: 1.3484328801105434 vs. 1.3484328801105434
list:
dist: 1.7163602487140885 vs. 1.7163602487140885
list:
dist: 2.049578347130869 vs. 2.049578347130869
list:
dist: 2.5031095062741 vs. 2.5031095062741
list:
dist: 2.831980349651828 vs. 2.831980349651828
list:
dist: 3.1945602724975437 vs. 3.1945602724975437
list:
dist: 3.0246683744576823 vs. 3.0246683744576823
list:
dist: 2.9438837092996675 vs. 2.9438837092996675
list:
dist: 3.737304205952805 vs. 3.737304205952805
list:
dist: 3.445939475135415 vs. 3.445939475135415
list:
dist: 3.006412311314845 vs. 3.006412311314845
list:
dist: 3.129891706175138 vs. 3.129891706175138
list:
dist: 3.2096633100246597 vs. 3.2096633100246597
list:
dist: 2.8020506967177683 vs. 2.8020506967177683
list:
dist: 3.3918698622904837 vs. 3.3918698622904837
list:
dist: 3.748032871713003 vs. 3.748032871713003
list:
dist: 2.5738106809717083 vs. 2.5738106809717083
list:
dist: 1.014547330506896 vs. 1.014547330506896
list:
dist: 1.9579941354084902 vs. 1.9579941354084902
list:
dist: 1.9855319815674897 vs. 1.9855319815674897
list:
dist: 2.1440855936863263 vs. 2.1440855936863263
list:
dist: 3.458262192699425 vs. 3.458262192699425
list:
dist: 3.183463218123662 vs. 3.183463218123662
list:
dist: 3.1567968183599 vs. 3.1567968183599
list:
dist: 3.0870581384222513 vs. 3.0870581384222513
list:
dist: 2.638137678622603 vs. 2.638137678622603
list:
dist: 3.764085043028221 vs. 3.764085043028221
list:
dist: 2.209772872458998 vs. 2.209772872458998
list:
dist: 1.7801390990868846 vs. 1.7801390990868846
list:
dist: 1.9855319815674897 vs. 1.9855319815674897
list:
dist: 1.414647590069132 vs. 1.414647590069132
list:
dist: 2.0906622420330225 vs. 2.0906622420330225
list:
dist: 1.5707997700354646 vs. 1.5707997700354646
list:
dist: 2.251209359079283 vs. 2.251209359079283
list:
dist: 1.7146454031120544 vs. 1.7146454031120544
list:
dist: 1.6439530377185547 vs. 1.6439530377185547
list:
dist: 1.4159934685438658 vs. 1.4159934685438658
list:
dist: 0.7579490833118369 vs. 0.7579490833118369
list:
dist: 1.2153462432602367 vs. 1.2153462432602367
list:
dist: 1.087489538676137 vs. 1.087489538676137
list:
dist: 0.39294206030595713 vs. 0.39294206030595713
list:
dist: 1.667113854544731 vs. 1.667113854544731
list:
dist: 0.7919070378558621 vs. 0.7919070378558621
list:
dist: 0.37991085014737647 vs. 0.37991085014737647
list:
dist: 2.421900931558329 vs. 2.421900931558329
list:
dist: 2.4301943336810887 vs. 2.4301943336810887
list:
dist: 3.2984655719445355 vs. 3.2984655719445355
list:
dist: 3.549424647619622 vs. 3.549424647619622
list:
dist: 2.928258622278144 vs. 2.928258622278144
list:
dist: 1.3227838619303993 vs. 1.3227838619303993
list:
dist: 1.861263880222758 vs. 1.861263880222758
list:
dist: 2.0331715056016466 vs. 2.0331715056016466
list:
dist: 1.3292482256591869 vs. 1.3292482256591869
list:
dist: 2.299975144719817 vs. 2.299975144719817
list:
dist: 3.1325896712033265 vs. 3.1325896712033265
list:
dist: 3.474684257212162 vs. 3.474684257212162
list:
dist: 3.111767597655486 vs. 3.111767597655486
list:
dist: 2.4797458017679883 vs. 2.4797458017679883
list:
dist: 3.928982670572412 vs. 3.928982670572412
list:
dist: 2.4604886161381194 vs. 2.4604886161381194
list:
dist: 2.0669927963967916 vs. 2.0669927963967916
list:
dist: 1.6467566446616988 vs. 1.6467566446616988
list:
dist: 2.333611483627563 vs. 2.333611483627563
list:
dist: 2.0312275514776603 vs. 2.0312275514776603
list:
dist: 0.9677117275879995 vs. 0.9677117275879995
list:
dist: 2.6237986117171452 vs. 2.6237986117171452
list:
dist: 2.3541884807095133 vs. 2.3541884807095133
list:
dist: 1.689044505734951 vs. 1.689044505734951
list:
dist: 2.9865104401572644 vs. 2.9865104401572644
list:
dist: 1.4159934685438658 vs. 1.4159934685438658
list:
dist: 1.0539510627800694 vs. 1.0539510627800694
list:
dist: 1.753764603021815 vs. 1.753764603021815
list:
dist: 2.4768528250909303 vs. 2.4768528250909303
list:
dist: 3.0448587200828303 vs. 3.0448587200828303
list:
dist: 3.0376840952269797 vs. 3.0376840952269797
list:
dist: 1.9917109968362523 vs. 1.9917109968362523
list:
dist: 1.6696618548782773 vs. 1.6696618548782773
list:
dist: 2.1083239734123365 vs. 2.1083239734123365
list:
dist: 1.5374229511783255 vs. 1.5374229511783255
list:
dist: 1.223698495037378 vs. 1.223698495037378
list:
dist: 0.9677117275879995 vs. 0.9677117275879995
list:
dist: 1.902237446475673 vs. 1.902237446475673
list:
dist: 1.4757682252341717 vs. 1.4757682252341717
list:
dist: 0.880114444536803 vs. 0.880114444536803
list:
dist: 2.3770563589176517 vs. 2.3770563589176517
list:
dist: 0.7579490833118369 vs. 0.7579490833118369
list:
dist: 0.9804444695265556 vs. 0.9804444695265556
list:
dist: 1.1283956087082712 vs. 1.1283956087082712
list:
dist: 1.7290041302194352 vs. 1.7290041302194352
list:
dist: 2.6116470157841207 vs. 2.6116470157841207
list:
dist: 2.75539927605459 vs. 2.75539927605459
list:
dist: 1.7930171140480486 vs. 1.7930171140480486
list:
dist: 2.832509455250276 vs. 2.832509455250276
list:
dist: 3.6400652131849713 vs. 3.6400652131849713
list:
dist: 1.4567982203275276 vs. 1.4567982203275276
list:
dist: 2.333611483627563 vs. 2.333611483627563
list:
dist: 1.5374229511783255 vs. 1.5374229511783255
list:
dist: 2.140477126300986 vs. 2.140477126300986
list:
dist: 1.7657181511836908 vs. 1.7657181511836908
list:
dist: 1.400044600168135 vs. 1.400044600168135
list:
dist: 2.817670743201299 vs. 2.817670743201299
list:
dist: 1.7146454031120544 vs. 1.7146454031120544
list:
dist: 2.3868938039884027 vs. 2.3868938039884027
list:
dist: 1.8234163141214879 vs. 1.8234163141214879
list:
dist: 1.2611821063094923 vs. 1.2611821063094923
list:
dist: 2.972427127449972 vs. 2.972427127449972
list:
dist: 3.230459026607994 vs. 3.230459026607994
list:
dist: 2.2071761921283164 vs. 2.2071761921283164
list:
dist: 1.8223517820589508 vs. 1.8223517820589508
list:
dist: 2.794942351667838 vs. 2.794942351667838
list:
dist: 1.4567982203275276 vs. 1.4567982203275276
list:
dist: 2.0312275514776603 vs. 2.0312275514776603
list:
dist: 1.223698495037378 vs. 1.223698495037378
list:
dist: 2.279038353979701 vs. 2.279038353979701
list:
dist: 1.4562702956444127 vs. 1.4562702956444127
list:
dist: 1.5284125268779318 vs. 1.5284125268779318
list:
dist: 2.759674099083513 vs. 2.759674099083513
list:
dist: 1.6439530377185547 vs. 1.6439530377185547
list:
dist: 2.0005581541058746 vs. 2.0005581541058746
list:
dist: 1.8990154330014186 vs. 1.8990154330014186
list:
dist: 2.1399416367677637 vs. 2.1399416367677637
list:
dist: 3.3050307208305045 vs. 3.3050307208305045
list:
dist: 3.5891170903804723 vs. 3.5891170903804723
list:
dist: 2.813880103191802 vs. 2.813880103191802
list:
dist: 1.664269464485753 vs. 1.664269464485753
list:
dist: 3.6400652131849713 vs. 3.6400652131849713
list:
dist: 2.794942351667838 vs. 2.794942351667838
list:
dist: 1.6467566446616988 vs. 1.6467566446616988
list:
dist: 2.1083239734123365 vs. 2.1083239734123365
list:
dist: 3.143534451525326 vs. 3.143534451525326
list:
dist: 2.861497839809276 vs. 2.861497839809276
list:
dist: 2.6155013844426382 vs. 2.6155013844426382
list:
dist: 3.1658698169359774 vs. 3.1658698169359774
list:
dist: 2.251209359079283 vs. 2.251209359079283
list:
dist: 1.5015891430044288 vs. 1.5015891430044288
list:
dist: 2.4945817954784677 vs. 2.4945817954784677
list:
dist: 2.9050103371595073 vs. 2.9050103371595073
list:
dist: 3.200964114079021 vs. 3.200964114079021
list:
dist: 3.2804382993812506 vs. 3.2804382993812506
list:
dist: 3.7684199353699435 vs. 3.7684199353699435
list:
dist: 3.420426447964875 vs. 3.420426447964875
list:
dist: 3.0246683744576823 vs. 3.0246683744576823
list:
dist: 3.420426447964875 vs. 3.420426447964875
list:
dist: 2.4559205967545576 vs. 2.4559205967545576
list:
dist: 3.0966167991736393 vs. 3.0966167991736393
list:
dist: 3.108417759083895 vs. 3.108417759083895
list:
dist: 1.9040752502841685 vs. 1.9040752502841685
list:
dist: 2.928258622278144 vs. 2.928258622278144
list:
dist: 2.7969524519173468 vs. 2.7969524519173468
list:
dist: 2.672055382835671 vs. 2.672055382835671
list:
dist: 1.233034039671673 vs. 1.233034039671673
list:
dist: 0.7101937768851967 vs. 0.7101937768851967
list:
dist: 1.0937888373336224 vs. 1.0937888373336224
list:
dist: 1.0722551291948634 vs. 1.0722551291948634
list:
dist: 2.2331700749612855 vs. 2.2331700749612855
list:
dist: 3.4037156068110046 vs. 3.4037156068110046
list:
dist: 1.7320061392359918 vs. 1.7320061392359918
list:
dist: 1.6085362209409355 vs. 1.6085362209409355
list:
dist: 2.8526732183864825 vs. 2.8526732183864825
list:
dist: 1.528398126961433 vs. 1.528398126961433
list:
dist: 1.6642985836986535 vs. 1.6642985836986535
list:
dist: 1.6688310298255715 vs. 1.6688310298255715
list:
dist: 1.4624101818567234 vs. 1.4624101818567234
list:
dist: 1.025542590005886 vs. 1.025542590005886
list:
dist: 1.1803557442382242 vs. 1.1803557442382242
list:
dist: 2.0450136047958503 vs. 2.0450136047958503
list:
dist: 1.3484328801105434 vs. 1.3484328801105434
list:
dist: 1.5015891430044288 vs. 1.5015891430044288
list:
dist: 2.3868938039884027 vs. 2.3868938039884027
list:
dist: 2.0005581541058746 vs. 2.0005581541058746
list:
dist: 1.0539510627800694 vs. 1.0539510627800694
list:
dist: 0.9804444695265556 vs. 0.9804444695265556
list:
dist: 1.7927016615786233 vs. 1.7927016615786233
list:
dist: 1.666179527906106 vs. 1.666179527906106
list:
dist: 1.1817461381865781 vs. 1.1817461381865781
list:
dist: 2.011765145171731 vs. 2.011765145171731
list:
dist: 0.7919070378558621 vs. 0.7919070378558621
list:
dist: 1.0217253870184877 vs. 1.0217253870184877
list:
dist: 2.3317723129637797 vs. 2.3317723129637797
list:
dist: 2.414940693693812 vs. 2.414940693693812
list:
dist: 3.0462656982909855 vs. 3.0462656982909855
list:
dist: 3.394799488014222 vs. 3.394799488014222
list:
dist: 2.7969524519173468 vs. 2.7969524519173468
list:
dist: 2.088786565879127 vs. 2.088786565879127
list:
dist: 2.1912831007888807 vs. 2.1912831007888807
list:
dist: 2.2373300104642153 vs. 2.2373300104642153
list:
dist: 1.6522159164761088 vs. 1.6522159164761088
list:
dist: 2.605526051952044 vs. 2.605526051952044
list:
dist: 3.3704099794347178 vs. 3.3704099794347178
list:
dist: 3.4844285503667023 vs. 3.4844285503667023
list:
dist: 3.3076544556248977 vs. 3.3076544556248977
list:
dist: 2.5965375231378056 vs. 2.5965375231378056
list:
dist: 3.864866541102844 vs. 3.864866541102844
list:
dist: 2.2071761921283164 vs. 2.2071761921283164
list:
dist: 2.813880103191802 vs. 2.813880103191802
list:
dist: 1.9917109968362523 vs. 1.9917109968362523
list:
dist: 1.7930171140480486 vs. 1.7930171140480486
list:
dist: 1.7007007337311553 vs. 1.7007007337311553
list:
dist: 2.15256792055293 vs. 2.15256792055293
list:
dist: 1.3763848257806095 vs. 1.3763848257806095
list:
dist: 2.1029003056840625 vs. 2.1029003056840625
list:
dist: 1.3292482256591869 vs. 1.3292482256591869
list:
dist: 1.6522159164761088 vs. 1.6522159164761088
list:
dist: 1.1930183148158067 vs. 1.1930183148158067
list:
dist: 2.904463727388107 vs. 2.904463727388107
list:
dist: 2.565581521749234 vs. 2.565581521749234
list:
dist: 3.603287837130407 vs. 3.603287837130407
list:
dist: 3.764499527997986 vs. 3.764499527997986
list:
dist: 2.8526732183864825 vs. 2.8526732183864825
list:
dist: 1.371625622640057 vs. 1.371625622640057
list:
dist: 1.5443410530975183 vs. 1.5443410530975183
list:
dist: 1.4603399208957049 vs. 1.4603399208957049
list:
dist: 2.179720674110159 vs. 2.179720674110159
list:
dist: 3.248335102291744 vs. 3.248335102291744
list:
dist: 2.7049802698340035 vs. 2.7049802698340035
list:
dist: 2.608219970444473 vs. 2.608219970444473
list:
dist: 2.1385435171943254 vs. 2.1385435171943254
list:
dist: 3.551624225905376 vs. 3.551624225905376
list:
dist: 2.0155623946324743 vs. 2.0155623946324743
list:
dist: 3.1658698169359774 vs. 3.1658698169359774
list:
dist: 2.817670743201299 vs. 2.817670743201299
list:
dist: 2.759674099083513 vs. 2.759674099083513
list:
dist: 2.9865104401572644 vs. 2.9865104401572644
list:
dist: 2.3770563589176517 vs. 2.3770563589176517
list:
dist: 0.6919923800371346 vs. 0.6919923800371346
list:
dist: 1.3359126685147886 vs. 1.3359126685147886
list:
dist: 1.6470351851390994 vs. 1.6470351851390994
list:
dist: 1.667113854544731 vs. 1.667113854544731
list:
dist: 2.011765145171731 vs. 2.011765145171731
list:
dist: 1.3495421044755342 vs. 1.3495421044755342
list:
dist: 1.2936619618392085 vs. 1.2936619618392085
list:
dist: 1.2225286189993523 vs. 1.2225286189993523
list:
dist: 2.2706313241828595 vs. 2.2706313241828595
list:
dist: 2.3114868091868455 vs. 2.3114868091868455
list:
dist: 1.9040752502841685 vs. 1.9040752502841685
list:
dist: 1.862482883831136 vs. 1.862482883831136
list:
dist: 1.0381585085304221 vs. 1.0381585085304221
list:
dist: 1.4595815120397764 vs. 1.4595815120397764
list:
dist: 2.1029003056840625 vs. 2.1029003056840625
list:
dist: 0.9466676553731374 vs. 0.9466676553731374
list:
dist: 1.4912568003063558 vs. 1.4912568003063558
list:
dist: 2.767100915793843 vs. 2.767100915793843
list:
dist: 1.9710241265614978 vs. 1.9710241265614978
list:
dist: 1.45526191142072 vs. 1.45526191142072
list:
dist: 2.8127987344467282 vs. 2.8127987344467282
list:
dist: 2.0929113161842015 vs. 2.0929113161842015
list:
dist: 2.7549788479859165 vs. 2.7549788479859165
list:
dist: 3.119021969726768 vs. 3.119021969726768
list:
dist: 1.4912568003063558 vs. 1.4912568003063558
list:
dist: 3.1325896712033265 vs. 3.1325896712033265
list:
dist: 3.3704099794347178 vs. 3.3704099794347178
list:
dist: 2.797833151609991 vs. 2.797833151609991
list:
dist: 1.534569410748884 vs. 1.534569410748884
list:
dist: 1.267833258041098 vs. 1.267833258041098
list:
dist: 1.9984139927346862 vs. 1.9984139927346862
list:
dist: 1.6840028723348521 vs. 1.6840028723348521
list:
dist: 1.6642985836986535 vs. 1.6642985836986535
list:
dist: 1.8856948746620883 vs. 1.8856948746620883
list:
dist: 3.1211110318865485 vs. 3.1211110318865485
list:
dist: 1.727558107534891 vs. 1.727558107534891
list:
dist: 2.0013355364548575 vs. 2.0013355364548575
list:
dist: 3.248335102291744 vs. 3.248335102291744
list:
dist: 1.0922846782618585 vs. 1.0922846782618585
list:
dist: 2.536075828644624 vs. 2.536075828644624
list:
dist: 1.503074336683825 vs. 1.503074336683825
list:
dist: 1.4838722127656667 vs. 1.4838722127656667
list:
dist: 2.0551970537582664 vs. 2.0551970537582664
list:
dist: 2.464400444826897 vs. 2.464400444826897
list:
dist: 3.0381286810928825 vs. 3.0381286810928825
list:
dist: 2.5419710675102256 vs. 2.5419710675102256
list:
dist: 2.546838400108464 vs. 2.546838400108464
list:
dist: 2.139920344610778 vs. 2.139920344610778
list:
dist: 2.0450136047958503 vs. 2.0450136047958503
list:
dist: 1.9079453484561746 vs. 1.9079453484561746
list:
dist: 2.796405604229904 vs. 2.796405604229904
list:
dist: 2.464400444826897 vs. 2.464400444826897
list:
dist: 2.0110630811633583 vs. 2.0110630811633583
list:
dist: 2.0086184499089206 vs. 2.0086184499089206
list:
dist: 2.3828144837773984 vs. 2.3828144837773984
list:
dist: 0.9554056160084169 vs. 0.9554056160084169
list:
dist: 1.4986493361749538 vs. 1.4986493361749538
list:
dist: 2.861497839809276 vs. 2.861497839809276
list:
dist: 1.7657181511836908 vs. 1.7657181511836908
list:
dist: 1.4562702956444127 vs. 1.4562702956444127
list:
dist: 2.3541884807095133 vs. 2.3541884807095133
list:
dist: 1.4757682252341717 vs. 1.4757682252341717
list:
dist: 0.9046406910054381 vs. 0.9046406910054381
list:
dist: 0.9030972846874534 vs. 0.9030972846874534
list:
dist: 1.3359126685147886 vs. 1.3359126685147886
list:
dist: 1.087489538676137 vs. 1.087489538676137
list:
dist: 1.666179527906106 vs. 1.666179527906106
list:
dist: 1.0218894647378107 vs. 1.0218894647378107
list:
dist: 2.278426070748083 vs. 2.278426070748083
list:
dist: 2.439919740292233 vs. 2.439919740292233
list:
dist: 3.296992156913767 vs. 3.296992156913767
list:
dist: 3.464314933646572 vs. 3.464314933646572
list:
dist: 3.0966167991736393 vs. 3.0966167991736393
list:
dist: 1.4161005481426219 vs. 1.4161005481426219
list:
dist: 2.0162135747092456 vs. 2.0162135747092456
list:
dist: 2.3927196903140064 vs. 2.3927196903140064
list:
dist: 2.15256792055293 vs. 2.15256792055293
list:
dist: 2.1977017257893343 vs. 2.1977017257893343
list:
dist: 2.7549788479859165 vs. 2.7549788479859165
list:
dist: 3.879767929096355 vs. 3.879767929096355
list:
dist: 3.2050056699519125 vs. 3.2050056699519125
list:
dist: 2.6592587467749498 vs. 2.6592587467749498
list:
dist: 4.096302025635601 vs. 4.096302025635601
list:
dist: 3.230459026607994 vs. 3.230459026607994
list:
dist: 3.5891170903804723 vs. 3.5891170903804723
list:
dist: 3.0376840952269797 vs. 3.0376840952269797
list:
dist: 2.75539927605459 vs. 2.75539927605459
list:
dist: 1.5635549834472497 vs. 1.5635549834472497
list:
dist: 2.3927196903140064 vs. 2.3927196903140064
list:
dist: 2.0980947190029124 vs. 2.0980947190029124
list:
dist: 1.4595815120397764 vs. 1.4595815120397764
list:
dist: 2.0331715056016466 vs. 2.0331715056016466
list:
dist: 2.2373300104642153 vs. 2.2373300104642153
list:
dist: 1.7048647052860841 vs. 1.7048647052860841
list:
dist: 2.0025578314084194 vs. 2.0025578314084194
list:
dist: 1.410845507875198 vs. 1.410845507875198
list:
dist: 2.546849722874931 vs. 2.546849722874931
list:
dist: 2.557698052354 vs. 2.557698052354
list:
dist: 1.6085362209409355 vs. 1.6085362209409355
list:
dist: 2.0627497017457945 vs. 2.0627497017457945
list:
dist: 0.4970403006923178 vs. 0.4970403006923178
list:
dist: 1.4603399208957049 vs. 1.4603399208957049
list:
dist: 0.9712685878074258 vs. 0.9712685878074258
list:
dist: 2.0013355364548575 vs. 2.0013355364548575
list:
dist: 1.5243219156882675 vs. 1.5243219156882675
list:
dist: 1.1795722308858136 vs. 1.1795722308858136
list:
dist: 0.7051398345028644 vs. 0.7051398345028644
list:
dist: 2.162399373881157 vs. 2.162399373881157
list:
dist: 2.049578347130869 vs. 2.049578347130869
list:
dist: 2.9050103371595073 vs. 2.9050103371595073
list:
dist: 1.9177905135063786 vs. 1.9177905135063786
list:
dist: 2.278426070748083 vs. 2.278426070748083
list:
dist: 2.5793971736313943 vs. 2.5793971736313943
list:
dist: 1.2936619618392085 vs. 1.2936619618392085
list:
dist: 2.421900931558329 vs. 2.421900931558329
list:
dist: 2.3317723129637797 vs. 2.3317723129637797
list:
dist: 2.216330497907913 vs. 2.216330497907913
list:
dist: 0.7213687075222938 vs. 0.7213687075222938
list:
dist: 1.0363703580895263 vs. 1.0363703580895263
list:
dist: 1.2148493681244965 vs. 1.2148493681244965
list:
dist: 1.233034039671673 vs. 1.233034039671673
list:
dist: 2.4092685591166156 vs. 2.4092685591166156
list:
dist: 3.0605158922427282 vs. 3.0605158922427282
list:
dist: 1.8402913972227646 vs. 1.8402913972227646
list:
dist: 2.0025578314084194 vs. 2.0025578314084194
list:
dist: 2.904463727388107 vs. 2.904463727388107
list:
dist: 1.5844101796988208 vs. 1.5844101796988208
list:
dist: 1.534569410748884 vs. 1.534569410748884
list:
dist: 2.7590526999596805 vs. 2.7590526999596805
list:
dist: 2.196560370828267 vs. 2.196560370828267
list:
dist: 1.6220411308976257 vs. 1.6220411308976257
list:
dist: 2.3213870393135743 vs. 2.3213870393135743
list:
dist: 3.0381286810928825 vs. 3.0381286810928825
list:
dist: 1.2611821063094923 vs. 1.2611821063094923
list:
dist: 2.1399416367677637 vs. 2.1399416367677637
list:
dist: 2.4768528250909303 vs. 2.4768528250909303
list:
dist: 1.7290041302194352 vs. 1.7290041302194352
list:
dist: 1.189537078849124 vs. 1.189537078849124
list:
dist: 1.4161005481426219 vs. 1.4161005481426219
list:
dist: 0.9876843481118429 vs. 0.9876843481118429
list:
dist: 1.862482883831136 vs. 1.862482883831136
list:
dist: 1.3227838619303993 vs. 1.3227838619303993
list:
dist: 2.088786565879127 vs. 2.088786565879127
list:
dist: 1.1482145092249259 vs. 1.1482145092249259
list:
dist: 3.0605158922427282 vs. 3.0605158922427282
list:
dist: 2.8754775453561794 vs. 2.8754775453561794
list:
dist: 3.9952026930534146 vs. 3.9952026930534146
list:
dist: 4.087419203237815 vs. 4.087419203237815
list:
dist: 3.4037156068110046 vs. 3.4037156068110046
list:
dist: 1.7838265102003354 vs. 1.7838265102003354
list:
dist: 2.0627497017457945 vs. 2.0627497017457945
list:
dist: 1.371625622640057 vs. 1.371625622640057
list:
dist: 2.217382954784223 vs. 2.217382954784223
list:
dist: 3.1211110318865485 vs. 3.1211110318865485
list:
dist: 3.533091034213514 vs. 3.533091034213514
list:
dist: 2.9838117838508174 vs. 2.9838117838508174
list:
dist: 2.6075575682501597 vs. 2.6075575682501597
list:
dist: 4.1565249761827605 vs. 4.1565249761827605
list:
dist: 1.775144707824703 vs. 1.775144707824703
list:
dist: 2.6155013844426382 vs. 2.6155013844426382
list:
dist: 1.400044600168135 vs. 1.400044600168135
list:
dist: 1.5284125268779318 vs. 1.5284125268779318
list:
dist: 1.689044505734951 vs. 1.689044505734951
list:
dist: 0.880114444536803 vs. 0.880114444536803
list:
dist: 1.071448926794909 vs. 1.071448926794909
list:
dist: 0.9030972846874534 vs. 0.9030972846874534
list:
dist: 1.6470351851390994 vs. 1.6470351851390994
list:
dist: 0.39294206030595713 vs. 0.39294206030595713
list:
dist: 1.1817461381865781 vs. 1.1817461381865781
list:
dist: 0.44650118926533305 vs. 0.44650118926533305
list:
dist: 2.5793971736313943 vs. 2.5793971736313943
list:
dist: 2.5676465762760876 vs. 2.5676465762760876
list:
dist: 3.508885332030885 vs. 3.508885332030885
list:
dist: 3.7163653805106858 vs. 3.7163653805106858
list:
dist: 3.108417759083895 vs. 3.108417759083895
list:
dist: 0.9876843481118429 vs. 0.9876843481118429
list:
dist: 1.861382357276383 vs. 1.861382357276383
list:
dist: 2.0980947190029124 vs. 2.0980947190029124
list:
dist: 1.3763848257806095 vs. 1.3763848257806095
list:
dist: 2.285316439971548 vs. 2.285316439971548
list:
dist: 3.119021969726768 vs. 3.119021969726768
list:
dist: 3.5926157492782034 vs. 3.5926157492782034
list:
dist: 3.139892918416307 vs. 3.139892918416307
list:
dist: 2.5650593839914024 vs. 2.5650593839914024
list:
dist: 4.066786082454344 vs. 4.066786082454344
list:
dist: 2.4604886161381194 vs. 2.4604886161381194
list:
dist: 3.1945602724975437 vs. 3.1945602724975437
list:
dist: 3.7684199353699435 vs. 3.7684199353699435
list:
dist: 2.97824425131169 vs. 2.97824425131169
list:
dist: 3.464314933646572 vs. 3.464314933646572
list:
dist: 3.7163653805106858 vs. 3.7163653805106858
list:
dist: 2.3114868091868455 vs. 2.3114868091868455
list:
dist: 3.549424647619622 vs. 3.549424647619622
list:
dist: 3.394799488014222 vs. 3.394799488014222
list:
dist: 3.318526929428866 vs. 3.318526929428866
list:
dist: 1.2148493681244965 vs. 1.2148493681244965
list:
dist: 1.2354808342031747 vs. 1.2354808342031747
list:
dist: 0.534946744956135 vs. 0.534946744956135
list:
dist: 1.0722551291948634 vs. 1.0722551291948634
list:
dist: 1.4634415304819832 vs. 1.4634415304819832
list:
dist: 4.087419203237815 vs. 4.087419203237815
list:
dist: 2.5353657921738604 vs. 2.5353657921738604
list:
dist: 2.557698052354 vs. 2.557698052354
list:
dist: 3.764499527997986 vs. 3.764499527997986
list:
dist: 2.1410100227151583 vs. 2.1410100227151583
list:
dist: 1.6840028723348521 vs. 1.6840028723348521
list:
dist: 2.6179350595598363 vs. 2.6179350595598363
list:
dist: 2.2224431188484934 vs. 2.2224431188484934
list:
dist: 1.9304480063925187 vs. 1.9304480063925187
list:
dist: 1.6565879338666885 vs. 1.6565879338666885
list:
dist: 2.139920344610778 vs. 2.139920344610778
list:
dist: 2.5031095062741 vs. 2.5031095062741
list:
dist: 3.200964114079021 vs. 3.200964114079021
list:
dist: 1.82685247017024 vs. 1.82685247017024
list:
dist: 2.439919740292233 vs. 2.439919740292233
list:
dist: 2.5676465762760876 vs. 2.5676465762760876
list:
dist: 1.2225286189993523 vs. 1.2225286189993523
list:
dist: 2.4301943336810887 vs. 2.4301943336810887
list:
dist: 2.414940693693812 vs. 2.414940693693812
list:
dist: 2.155666731135343 vs. 2.155666731135343
list:
dist: 0.7213687075222938 vs. 0.7213687075222938
list:
dist: 1.221601770102092 vs. 1.221601770102092
list:
dist: 1.2354808342031747 vs. 1.2354808342031747
list:
dist: 0.7101937768851967 vs. 0.7101937768851967
list:
dist: 2.346995324543115 vs. 2.346995324543115
list:
dist: 2.8754775453561794 vs. 2.8754775453561794
list:
dist: 1.3343269445989854 vs. 1.3343269445989854
list:
dist: 1.410845507875198 vs. 1.410845507875198
list:
dist: 2.565581521749234 vs. 2.565581521749234
list:
dist: 1.0678911819750352 vs. 1.0678911819750352
list:
dist: 1.267833258041098 vs. 1.267833258041098
list:
dist: 2.0575830835502913 vs. 2.0575830835502913
list:
dist: 1.4991359211152673 vs. 1.4991359211152673
list:
dist: 0.9204774366202663 vs. 0.9204774366202663
list:
dist: 1.74947348297505 vs. 1.74947348297505
list:
dist: 2.5419710675102256 vs. 2.5419710675102256
list:
dist: 3.333463887001047 vs. 3.333463887001047
list:
dist: 4.096302025635601 vs. 4.096302025635601
list:
dist: 4.066786082454344 vs. 4.066786082454344
list:
dist: 2.8127987344467282 vs. 2.8127987344467282
list:
dist: 3.928982670572412 vs. 3.928982670572412
list:
dist: 3.864866541102844 vs. 3.864866541102844
list:
dist: 3.6343831794144155 vs. 3.6343831794144155
list:
dist: 2.3213870393135743 vs. 2.3213870393135743
list:
dist: 1.74947348297505 vs. 1.74947348297505
list:
dist: 1.9390834548861564 vs. 1.9390834548861564
list:
dist: 1.6565879338666885 vs. 1.6565879338666885
list:
dist: 1.1803557442382242 vs. 1.1803557442382242
list:
dist: 2.0933786453568732 vs. 2.0933786453568732
list:
dist: 4.1565249761827605 vs. 4.1565249761827605
list:
dist: 2.374320566806442 vs. 2.374320566806442
list:
dist: 2.162399373881157 vs. 2.162399373881157
list:
dist: 3.551624225905376 vs. 3.551624225905376
list:
dist: 2.103738148996009 vs. 2.103738148996009
list:
dist: 2.0551970537582664 vs. 2.0551970537582664
list:
dist: 1.2951412847112367 vs. 1.2951412847112367
list:
dist: 1.3845944361585438 vs. 1.3845944361585438
list:
dist: 1.5511375323260674 vs. 1.5511375323260674
list:
dist: 0.9554056160084169 vs. 0.9554056160084169
list:
dist: 2.329190177678006 vs. 2.329190177678006
list:
dist: 3.2050056699519125 vs. 3.2050056699519125
list:
dist: 3.139892918416307 vs. 3.139892918416307
list:
dist: 1.9710241265614978 vs. 1.9710241265614978
list:
dist: 3.111767597655486 vs. 3.111767597655486
list:
dist: 3.3076544556248977 vs. 3.3076544556248977
list:
dist: 2.7586600701053694 vs. 2.7586600701053694
list:
dist: 2.196560370828267 vs. 2.196560370828267
list:
dist: 1.4991359211152673 vs. 1.4991359211152673
list:
dist: 2.451156876253503 vs. 2.451156876253503
list:
dist: 2.2224431188484934 vs. 2.2224431188484934
list:
dist: 1.4624101818567234 vs. 1.4624101818567234
list:
dist: 2.682400370208805 vs. 2.682400370208805
list:
dist: 2.9838117838508174 vs. 2.9838117838508174
list:
dist: 1.280948331345779 vs. 1.280948331345779
list:
dist: 1.1795722308858136 vs. 1.1795722308858136
list:
dist: 2.608219970444473 vs. 2.608219970444473
list:
dist: 1.047270516689284 vs. 1.047270516689284
list:
dist: 1.503074336683825 vs. 1.503074336683825
list:
dist: 1.1473372848245205 vs. 1.1473372848245205
list:
dist: 0.747896896808251 vs. 0.747896896808251
list:
dist: 1.3845944361585438 vs. 1.3845944361585438
list:
dist: 2.0086184499089206 vs. 2.0086184499089206
list:
dist: 1.3471671324423802 vs. 1.3471671324423802
list:
dist: 2.1977017257893343 vs. 2.1977017257893343
list:
dist: 2.285316439971548 vs. 2.285316439971548
list:
dist: 0.9466676553731374 vs. 0.9466676553731374
list:
dist: 2.299975144719817 vs. 2.299975144719817
list:
dist: 2.605526051952044 vs. 2.605526051952044
list:
dist: 1.9348532112621126 vs. 1.9348532112621126
list:
dist: 1.5844101796988208 vs. 1.5844101796988208
list:
dist: 1.0678911819750352 vs. 1.0678911819750352
list:
dist: 2.259072816380797 vs. 2.259072816380797
list:
dist: 2.1410100227151583 vs. 2.1410100227151583
list:
dist: 1.528398126961433 vs. 1.528398126961433
list:
dist: 2.8074601345354284 vs. 2.8074601345354284
list:
dist: 2.217382954784223 vs. 2.217382954784223
list:
dist: 0.6411209573108664 vs. 0.6411209573108664
list:
dist: 0.9712685878074258 vs. 0.9712685878074258
list:
dist: 2.179720674110159 vs. 2.179720674110159
list:
dist: 1.0922846782618585 vs. 1.0922846782618585
list:
dist: 1.988390459765979 vs. 1.988390459765979
list:
dist: 1.047270516689284 vs. 1.047270516689284
list:
dist: 0.7525333921703196 vs. 0.7525333921703196
list:
dist: 2.103738148996009 vs. 2.103738148996009
list:
dist: 2.796405604229904 vs. 2.796405604229904
list:
dist: 2.972427127449972 vs. 2.972427127449972
list:
dist: 3.3050307208305045 vs. 3.3050307208305045
list:
dist: 3.0448587200828303 vs. 3.0448587200828303
list:
dist: 2.6116470157841207 vs. 2.6116470157841207
list:
dist: 1.1400039742518466 vs. 1.1400039742518466
list:
dist: 2.0162135747092456 vs. 2.0162135747092456
list:
dist: 1.861382357276383 vs. 1.861382357276383
list:
dist: 1.0381585085304221 vs. 1.0381585085304221
list:
dist: 1.861263880222758 vs. 1.861263880222758
list:
dist: 2.1912831007888807 vs. 2.1912831007888807
list:
dist: 1.4959342724201266 vs. 1.4959342724201266
list:
dist: 1.8402913972227646 vs. 1.8402913972227646
list:
dist: 1.3343269445989854 vs. 1.3343269445989854
list:
dist: 2.5458466016943087 vs. 2.5458466016943087
list:
dist: 2.5353657921738604 vs. 2.5353657921738604
list:
dist: 1.7320061392359918 vs. 1.7320061392359918
list:
dist: 1.7838265102003354 vs. 1.7838265102003354
list:
dist: 0.4970403006923178 vs. 0.4970403006923178
list:
dist: 1.5443410530975183 vs. 1.5443410530975183
list:
dist: 0.6411209573108664 vs. 0.6411209573108664
list:
dist: 1.727558107534891 vs. 1.727558107534891
list:
dist: 1.9235678048512617 vs. 1.9235678048512617
list:
dist: 1.280948331345779 vs. 1.280948331345779
list:
dist: 0.8289124607152044 vs. 0.8289124607152044
list:
dist: 2.374320566806442 vs. 2.374320566806442
list:
dist: 3.047890288052772 vs. 3.047890288052772
list:
dist: 3.879767929096355 vs. 3.879767929096355
list:
dist: 3.5926157492782034 vs. 3.5926157492782034
list:
dist: 2.767100915793843 vs. 2.767100915793843
list:
dist: 3.474684257212162 vs. 3.474684257212162
list:
dist: 3.4844285503667023 vs. 3.4844285503667023
list:
dist: 3.1831158811757163 vs. 3.1831158811757163
list:
dist: 2.7590526999596805 vs. 2.7590526999596805
list:
dist: 2.0575830835502913 vs. 2.0575830835502913
list:
dist: 2.7370514786887408 vs. 2.7370514786887408
list:
dist: 2.6179350595598363 vs. 2.6179350595598363
list:
dist: 1.6688310298255715 vs. 1.6688310298255715
list:
dist: 3.2748941852134523 vs. 3.2748941852134523
list:
dist: 3.533091034213514 vs. 3.533091034213514
list:
dist: 1.9235678048512617 vs. 1.9235678048512617
list:
dist: 1.5243219156882675 vs. 1.5243219156882675
list:
dist: 2.7049802698340035 vs. 2.7049802698340035
list:
dist: 1.988390459765979 vs. 1.988390459765979
list:
dist: 2.536075828644624 vs. 2.536075828644624
list:
dist: 1.1473372848245205 vs. 1.1473372848245205
list:
dist: 1.3259750305428621 vs. 1.3259750305428621
list:
dist: 1.2951412847112367 vs. 1.2951412847112367
list:
dist: 2.0110630811633583 vs. 2.0110630811633583
list:
dist: 2.919040389182732 vs. 2.919040389182732
list:
dist: 3.495865418417707 vs. 3.495865418417707
list:
dist: 3.1169435049324234 vs. 3.1169435049324234
list:
dist: 1.3202610591269552 vs. 1.3202610591269552
list:
dist: 1.8688406311177403 vs. 1.8688406311177403
list:
dist: 3.131908282383351 vs. 3.131908282383351
list:
dist: 2.2073352592498243 vs. 2.2073352592498243
list:
dist: 2.208660878186616 vs. 2.208660878186616
list:
dist: 1.5985170442912586 vs. 1.5985170442912586
list:
dist: 1.9286167227833526 vs. 1.9286167227833526
list:
dist: 2.422580917150353 vs. 2.422580917150353
list:
dist: 1.6013440946850708 vs. 1.6013440946850708
list:
dist: 0.7960501912868334 vs. 0.7960501912868334
list:
dist: 1.6406540115271129 vs. 1.6406540115271129
list:
dist: 2.0812379002052643 vs. 2.0812379002052643
list:
dist: 1.946180855526439 vs. 1.946180855526439
list:
dist: 2.0636943337662217 vs. 2.0636943337662217
list:
dist: 1.0533676086988522 vs. 1.0533676086988522
list:
dist: 1.5677733107394967 vs. 1.5677733107394967
list:
dist: 1.430546512477396 vs. 1.430546512477396
list:
dist: 1.8449277963360675 vs. 1.8449277963360675
list:
dist: 2.1714699610607298 vs. 2.1714699610607298
list:
dist: 3.268112684874505 vs. 3.268112684874505
list:
dist: 1.7449606673273552 vs. 1.7449606673273552
list:
dist: 2.2789142462642937 vs. 2.2789142462642937
list:
dist: 1.7449606673273552 vs. 1.7449606673273552
list:
dist: 2.523004121788536 vs. 2.523004121788536
list:
dist: 1.5675714006010713 vs. 1.5675714006010713
list:
dist: 2.254328121415966 vs. 2.254328121415966
list:
dist: 3.0574667247188745 vs. 3.0574667247188745
list:
dist: 1.7249537238820842 vs. 1.7249537238820842
list:
dist: 2.124889612938768 vs. 2.124889612938768
list:
dist: 2.898591971891956 vs. 2.898591971891956
list:
dist: 2.9483451311144266 vs. 2.9483451311144266
list:
dist: 1.7436668721154325 vs. 1.7436668721154325
list:
dist: 2.0751583057809535 vs. 2.0751583057809535
list:
dist: 0.5702255947986449 vs. 0.5702255947986449
list:
dist: 1.5914980475220595 vs. 1.5914980475220595
list:
dist: 3.221047134166956 vs. 3.221047134166956
list:
dist: 2.0941787581479328 vs. 2.0941787581479328
list:
dist: 1.527891921245106 vs. 1.527891921245106
list:
dist: 1.7827640543494583 vs. 1.7827640543494583
list:
dist: 0.7412991421912813 vs. 0.7412991421912813
list:
dist: 0.8955023382988472 vs. 0.8955023382988472
list:
dist: 2.7699681180049565 vs. 2.7699681180049565
list:
dist: 2.26488780620139 vs. 2.26488780620139
list:
dist: 2.740539358778066 vs. 2.740539358778066
list:
dist: 2.694667024753021 vs. 2.694667024753021
list:
dist: 2.842522923144432 vs. 2.842522923144432
list:
dist: 3.713960388555642 vs. 3.713960388555642
list:
dist: 2.703405137235959 vs. 2.703405137235959
list:
dist: 3.4108376958776914 vs. 3.4108376958776914
list:
dist: 2.464251712771164 vs. 2.464251712771164
list:
dist: 4.154400673345218 vs. 4.154400673345218
list:
dist: 2.9842915044826905 vs. 2.9842915044826905
list:
dist: 4.45507415217442 vs. 4.45507415217442
list:
dist: 4.396256485978287 vs. 4.396256485978287
list:
dist: 2.830722666696711 vs. 2.830722666696711
list:
dist: 2.9394101321381685 vs. 2.9394101321381685
list:
dist: 3.404567643503843 vs. 3.404567643503843
list:
dist: 2.9842915044826905 vs. 2.9842915044826905
list:
dist: 3.030434746767458 vs. 3.030434746767458
list:
dist: 1.8053339505124177 vs. 1.8053339505124177
list:
dist: 0.9208154839048669 vs. 0.9208154839048669
list:
dist: 0.5358598463407408 vs. 0.5358598463407408
list:
dist: 1.3504251865545869 vs. 1.3504251865545869
list:
dist: 3.7003730061285816 vs. 3.7003730061285816
list:
dist: 1.1558425771613814 vs. 1.1558425771613814
list:
dist: 0.8088208345082215 vs. 0.8088208345082215
list:
dist: 1.5130725204169073 vs. 1.5130725204169073
list:
dist: 1.9361598257522303 vs. 1.9361598257522303
list:
dist: 2.622319653189935 vs. 2.622319653189935
list:
dist: 2.829919762022653 vs. 2.829919762022653
list:
dist: 0.9548503178240636 vs. 0.9548503178240636
list:
dist: 1.7698246585107276 vs. 1.7698246585107276
list:
dist: 2.071819124230849 vs. 2.071819124230849
list:
dist: 1.7436668721154325 vs. 1.7436668721154325
list:
dist: 2.582983857124368 vs. 2.582983857124368
list:
dist: 1.6691476560194773 vs. 1.6691476560194773
list:
dist: 1.3166169385196458 vs. 1.3166169385196458
list:
dist: 2.6290084069803874 vs. 2.6290084069803874
list:
dist: 2.3603048798861423 vs. 2.3603048798861423
list:
dist: 0.46678603678395836 vs. 0.46678603678395836
list:
dist: 0.7412991421912813 vs. 0.7412991421912813
list:
dist: 2.0774965248985877 vs. 2.0774965248985877
list:
dist: 2.496762193692281 vs. 2.496762193692281
list:
dist: 2.905964046461698 vs. 2.905964046461698
list:
dist: 2.548022667469897 vs. 2.548022667469897
list:
dist: 2.466143173782443 vs. 2.466143173782443
list:
dist: 3.0017818988451763 vs. 3.0017818988451763
list:
dist: 2.9221922524066724 vs. 2.9221922524066724
list:
dist: 3.2494099835603016 vs. 3.2494099835603016
list:
dist: 2.3640637162693388 vs. 2.3640637162693388
list:
dist: 3.8973478798439456 vs. 3.8973478798439456
list:
dist: 2.9394101321381685 vs. 2.9394101321381685
list:
dist: 3.9921368811445577 vs. 3.9921368811445577
list:
dist: 3.9860424544644526 vs. 3.9860424544644526
list:
dist: 2.3603048798861423 vs. 2.3603048798861423
list:
dist: 2.58257163585283 vs. 2.58257163585283
list:
dist: 1.7827640543494583 vs. 1.7827640543494583
list:
dist: 1.610360184883839 vs. 1.610360184883839
list:
dist: 2.0636943337662217 vs. 2.0636943337662217
list:
dist: 1.3403439955403227 vs. 1.3403439955403227
list:
dist: 2.0918032537499247 vs. 2.0918032537499247
list:
dist: 2.7760666027472083 vs. 2.7760666027472083
list:
dist: 3.3911101174028464 vs. 3.3911101174028464
list:
dist: 2.303663064346438 vs. 2.303663064346438
list:
dist: 3.5474680462159522 vs. 3.5474680462159522
list:
dist: 3.0556934228033708 vs. 3.0556934228033708
list:
dist: 4.562874276998937 vs. 4.562874276998937
list:
dist: 2.830722666696711 vs. 2.830722666696711
list:
dist: 2.303663064346438 vs. 2.303663064346438
list:
dist: 2.9221922524066724 vs. 2.9221922524066724
list:
dist: 3.359660630526811 vs. 3.359660630526811
list:
dist: 2.703405137235959 vs. 2.703405137235959
list:
dist: 1.5952313434269654 vs. 1.5952313434269654
list:
dist: 1.8449277963360675 vs. 1.8449277963360675
list:
dist: 1.7842693428703842 vs. 1.7842693428703842
list:
dist: 0.8702083680805189 vs. 0.8702083680805189
list:
dist: 1.479389942468765 vs. 1.479389942468765
list:
dist: 2.2392314427858016 vs. 2.2392314427858016
list:
dist: 1.655310626807525 vs. 1.655310626807525
list:
dist: 1.493078191543782 vs. 1.493078191543782
list:
dist: 2.563885924786785 vs. 2.563885924786785
list:
dist: 1.1558425771613814 vs. 1.1558425771613814
list:
dist: 1.886090928375275 vs. 1.886090928375275
list:
dist: 2.078332256570411 vs. 2.078332256570411
list:
dist: 2.4044864853309695 vs. 2.4044864853309695
list:
dist: 1.7249537238820842 vs. 1.7249537238820842
list:
dist: 3.376321874930801 vs. 3.376321874930801
list:
dist: 2.4643090964442456 vs. 2.4643090964442456
list:
dist: 2.152240958770329 vs. 2.152240958770329
list:
dist: 3.0556934228033708 vs. 3.0556934228033708
list:
dist: 2.3640637162693388 vs. 2.3640637162693388
list:
dist: 2.7921420324421358 vs. 2.7921420324421358
list:
dist: 2.464251712771164 vs. 2.464251712771164
list:
dist: 2.4583376006456 vs. 2.4583376006456
list:
dist: 2.603594223364984 vs. 2.603594223364984
list:
dist: 1.9650909179209812 vs. 1.9650909179209812
list:
dist: 1.4456129103235296 vs. 1.4456129103235296
list:
dist: 1.5285185816652531 vs. 1.5285185816652531
list:
dist: 3.2448496708005234 vs. 3.2448496708005234
list:
dist: 1.493078191543782 vs. 1.493078191543782
list:
dist: 1.3888001953864677 vs. 1.3888001953864677
list:
dist: 1.8182166934029578 vs. 1.8182166934029578
list:
dist: 1.5130725204169073 vs. 1.5130725204169073
list:
dist: 2.5943246904067356 vs. 2.5943246904067356
list:
dist: 2.284208378611928 vs. 2.284208378611928
list:
dist: 2.2964542060538147 vs. 2.2964542060538147
list:
dist: 3.0436347902447367 vs. 3.0436347902447367
list:
dist: 2.8220908637700246 vs. 2.8220908637700246
list:
dist: 2.898591971891956 vs. 2.898591971891956
list:
dist: 2.8904937611306325 vs. 2.8904937611306325
list:
dist: 2.4479200571935795 vs. 2.4479200571935795
list:
dist: 2.5205738985340376 vs. 2.5205738985340376
list:
dist: 2.5393368814737185 vs. 2.5393368814737185
list:
dist: 4.562874276998937 vs. 4.562874276998937
list:
dist: 3.8973478798439456 vs. 3.8973478798439456
list:
dist: 4.326244787087145 vs. 4.326244787087145
list:
dist: 4.154400673345218 vs. 4.154400673345218
list:
dist: 3.035205836994318 vs. 3.035205836994318
list:
dist: 3.69514699830554 vs. 3.69514699830554
list:
dist: 2.8051479522677485 vs. 2.8051479522677485
list:
dist: 2.0049924756908086 vs. 2.0049924756908086
list:
dist: 1.7931630042642435 vs. 1.7931630042642435
list:
dist: 3.373330201766416 vs. 3.373330201766416
list:
dist: 2.563885924786785 vs. 2.563885924786785
list:
dist: 1.1311757770359727 vs. 1.1311757770359727
list:
dist: 1.8182166934029578 vs. 1.8182166934029578
list:
dist: 1.9361598257522303 vs. 1.9361598257522303
list:
dist: 1.3834167137503102 vs. 1.3834167137503102
list:
dist: 1.1644251804712478 vs. 1.1644251804712478
list:
dist: 2.5948240949556065 vs. 2.5948240949556065
list:
dist: 2.781380821621028 vs. 2.781380821621028
list:
dist: 1.9576573465356923 vs. 1.9576573465356923
list:
dist: 2.9483451311144266 vs. 2.9483451311144266
list:
dist: 1.1132012422189237 vs. 1.1132012422189237
list:
dist: 1.2503672583551204 vs. 1.2503672583551204
list:
dist: 1.8403094726501323 vs. 1.8403094726501323
list:
dist: 0.9978633524112572 vs. 0.9978633524112572
list:
dist: 3.5800012565169306 vs. 3.5800012565169306
list:
dist: 3.268112684874505 vs. 3.268112684874505
list:
dist: 3.6323991443911803 vs. 3.6323991443911803
list:
dist: 2.5429864966506046 vs. 2.5429864966506046
list:
dist: 2.5224503636494817 vs. 2.5224503636494817
list:
dist: 2.9574402046891537 vs. 2.9574402046891537
list:
dist: 2.4044864853309695 vs. 2.4044864853309695
list:
dist: 1.788857888877834 vs. 1.788857888877834
list:
dist: 2.8220908637700246 vs. 2.8220908637700246
list:
dist: 1.9576573465356923 vs. 1.9576573465356923
list:
dist: 2.071819124230849 vs. 2.071819124230849
list:
dist: 2.648198522195291 vs. 2.648198522195291
list:
dist: 1.3470871801967244 vs. 1.3470871801967244
list:
dist: 1.5914980475220595 vs. 1.5914980475220595
list:
dist: 1.9307160531089422 vs. 1.9307160531089422
list:
dist: 1.0928079299797686 vs. 1.0928079299797686
list:
dist: 1.1972463573542156 vs. 1.1972463573542156
list:
dist: 2.0774965248985877 vs. 2.0774965248985877
list:
dist: 2.277934839696746 vs. 2.277934839696746
list:
dist: 2.7699681180049565 vs. 2.7699681180049565
list:
dist: 2.5405204979817513 vs. 2.5405204979817513
list:
dist: 1.777273741106759 vs. 1.777273741106759
list:
dist: 0.9671979742659117 vs. 0.9671979742659117
list:
dist: 2.870564037560878 vs. 2.870564037560878
list:
dist: 2.4583376006456 vs. 2.4583376006456
list:
dist: 3.035205836994318 vs. 3.035205836994318
list:
dist: 3.030434746767458 vs. 3.030434746767458
list:
dist: 2.4793776024517777 vs. 2.4793776024517777
list:
dist: 2.6289380794427255 vs. 2.6289380794427255
list:
dist: 4.352610356172291 vs. 4.352610356172291
list:
dist: 3.4523712907657638 vs. 3.4523712907657638
list:
dist: 2.69328007131165 vs. 2.69328007131165
list:
dist: 2.4876519788061766 vs. 2.4876519788061766
list:
dist: 3.8845757476985163 vs. 3.8845757476985163
list:
dist: 3.376321874930801 vs. 3.376321874930801
list:
dist: 1.844650463801457 vs. 1.844650463801457
list:
dist: 2.8904937611306325 vs. 2.8904937611306325
list:
dist: 1.1132012422189237 vs. 1.1132012422189237
list:
dist: 2.582983857124368 vs. 2.582983857124368
list:
dist: 1.4749571881241028 vs. 1.4749571881241028
list:
dist: 1.6881047585182198 vs. 1.6881047585182198
list:
dist: 3.0081500184211944 vs. 3.0081500184211944
list:
dist: 2.8765901343899043 vs. 2.8765901343899043
list:
dist: 1.9307160531089422 vs. 1.9307160531089422
list:
dist: 3.221047134166956 vs. 3.221047134166956
list:
dist: 1.1476702548874012 vs. 1.1476702548874012
list:
dist: 1.8729281604956025 vs. 1.8729281604956025
list:
dist: 1.0382981743232118 vs. 1.0382981743232118
list:
dist: 3.9921368811445577 vs. 3.9921368811445577
list:
dist: 4.366021719102442 vs. 4.366021719102442
list:
dist: 4.45507415217442 vs. 4.45507415217442
list:
dist: 2.4793776024517777 vs. 2.4793776024517777
list:
dist: 2.431651073272726 vs. 2.431651073272726
list:
dist: 1.761425321168142 vs. 1.761425321168142
list:
dist: 2.4390144683094745 vs. 2.4390144683094745
list:
dist: 1.9427760597377635 vs. 1.9427760597377635
list:
dist: 2.5943246904067356 vs. 2.5943246904067356
list:
dist: 1.3834167137503102 vs. 1.3834167137503102
list:
dist: 2.622319653189935 vs. 2.622319653189935
list:
dist: 1.0437049568599013 vs. 1.0437049568599013
list:
dist: 2.8796208088531614 vs. 2.8796208088531614
list:
dist: 1.4749571881241028 vs. 1.4749571881241028
list:
dist: 2.0379713071043564 vs. 2.0379713071043564
list:
dist: 2.5280122537050413 vs. 2.5280122537050413
list:
dist: 0.5974528819681384 vs. 0.5974528819681384
list:
dist: 1.610360184883839 vs. 1.610360184883839
list:
dist: 1.0533676086988522 vs. 1.0533676086988522
list:
dist: 1.7603804386419362 vs. 1.7603804386419362
list:
dist: 1.6345541126622736 vs. 1.6345541126622736
list:
dist: 1.5952313434269654 vs. 1.5952313434269654
list:
dist: 2.790971124624318 vs. 2.790971124624318
list:
dist: 3.5800012565169306 vs. 3.5800012565169306
list:
dist: 2.2789142462642937 vs. 2.2789142462642937
list:
dist: 2.790971124624318 vs. 2.790971124624318
list:
dist: 2.1714699610607298 vs. 2.1714699610607298
list:
dist: 2.7558987928485132 vs. 2.7558987928485132
list:
dist: 1.822969309671821 vs. 1.822969309671821
list:
dist: 2.2507178223994897 vs. 2.2507178223994897
list:
dist: 2.967977203868889 vs. 2.967977203868889
list:
dist: 2.078332256570411 vs. 2.078332256570411
list:
dist: 2.027470965025744 vs. 2.027470965025744
list:
dist: 3.0436347902447367 vs. 3.0436347902447367
list:
dist: 2.781380821621028 vs. 2.781380821621028
list:
dist: 1.7698246585107276 vs. 1.7698246585107276
list:
dist: 1.986204852510548 vs. 1.986204852510548
list:
dist: 1.3470871801967244 vs. 1.3470871801967244
list:
dist: 0.5702255947986449 vs. 0.5702255947986449
list:
dist: 2.8765901343899043 vs. 2.8765901343899043
list:
dist: 1.7513783734203636 vs. 1.7513783734203636
list:
dist: 1.1426120565542544 vs. 1.1426120565542544
list:
dist: 3.9860424544644526 vs. 3.9860424544644526
list:
dist: 4.347673634140377 vs. 4.347673634140377
list:
dist: 4.396256485978287 vs. 4.396256485978287
list:
dist: 2.6289380794427255 vs. 2.6289380794427255
list:
dist: 2.709973888080663 vs. 2.709973888080663
list:
dist: 2.121341730353183 vs. 2.121341730353183
list:
dist: 2.7273911390296854 vs. 2.7273911390296854
list:
dist: 2.0775329333786656 vs. 2.0775329333786656
list:
dist: 2.284208378611928 vs. 2.284208378611928
list:
dist: 1.1644251804712478 vs. 1.1644251804712478
list:
dist: 2.829919762022653 vs. 2.829919762022653
list:
dist: 1.0437049568599013 vs. 1.0437049568599013
list:
dist: 3.3678273777830054 vs. 3.3678273777830054
list:
dist: 1.6881047585182198 vs. 1.6881047585182198
list:
dist: 2.3133017929300195 vs. 2.3133017929300195
list:
dist: 2.9040886176832337 vs. 2.9040886176832337
list:
dist: 0.7927098291743764 vs. 0.7927098291743764
list:
dist: 2.58257163585283 vs. 2.58257163585283
list:
dist: 0.46678603678395836 vs. 0.46678603678395836
list:
dist: 0.8955023382988472 vs. 0.8955023382988472
list:
dist: 2.277934839696746 vs. 2.277934839696746
list:
dist: 2.8598443441232626 vs. 2.8598443441232626
list:
dist: 3.344867660184388 vs. 3.344867660184388
list:
dist: 3.0085973149770893 vs. 3.0085973149770893
list:
dist: 2.8919149165866225 vs. 2.8919149165866225
list:
dist: 3.1501575433746876 vs. 3.1501575433746876
list:
dist: 3.359660630526811 vs. 3.359660630526811
list:
dist: 3.7097440055188793 vs. 3.7097440055188793
list:
dist: 2.7921420324421358 vs. 2.7921420324421358
list:
dist: 4.326244787087145 vs. 4.326244787087145
list:
dist: 3.404567643503843 vs. 3.404567643503843
list:
dist: 4.366021719102442 vs. 4.366021719102442
list:
dist: 4.347673634140377 vs. 4.347673634140377
list:
dist: 2.0918032537499247 vs. 2.0918032537499247
list:
dist: 2.905964046461698 vs. 2.905964046461698
list:
dist: 3.344867660184388 vs. 3.344867660184388
list:
dist: 2.740539358778066 vs. 2.740539358778066
list:
dist: 1.6345541126622736 vs. 1.6345541126622736
list:
dist: 1.430546512477396 vs. 1.430546512477396
list:
dist: 1.1264176478567458 vs. 1.1264176478567458
list:
dist: 1.1847082694360793 vs. 1.1847082694360793
list:
dist: 2.079175337293196 vs. 2.079175337293196
list:
dist: 0.8702083680805189 vs. 0.8702083680805189
list:
dist: 1.7047585485402206 vs. 1.7047585485402206
list:
dist: 1.9650909179209812 vs. 1.9650909179209812
list:
dist: 2.8051479522677485 vs. 2.8051479522677485
list:
dist: 0.9208154839048669 vs. 0.9208154839048669
list:
dist: 1.1936884248332817 vs. 1.1936884248332817
list:
dist: 1.822969309671821 vs. 1.822969309671821
list:
dist: 2.5429864966506046 vs. 2.5429864966506046
list:
dist: 1.5675714006010713 vs. 1.5675714006010713
list:
dist: 3.4523712907657638 vs. 3.4523712907657638
list:
dist: 2.4409034524799074 vs. 2.4409034524799074
list:
dist: 1.9215063461677 vs. 1.9215063461677
list:
dist: 1.3403439955403227 vs. 1.3403439955403227
list:
dist: 2.496762193692281 vs. 2.496762193692281
list:
dist: 2.8598443441232626 vs. 2.8598443441232626
list:
dist: 2.26488780620139 vs. 2.26488780620139
list:
dist: 1.7603804386419362 vs. 1.7603804386419362
list:
dist: 1.5677733107394967 vs. 1.5677733107394967
list:
dist: 1.1264176478567458 vs. 1.1264176478567458
list:
dist: 1.7486400906631083 vs. 1.7486400906631083
list:
dist: 2.466240397419155 vs. 2.466240397419155
list:
dist: 1.7842693428703842 vs. 1.7842693428703842
list:
dist: 2.5878517647329087 vs. 2.5878517647329087
list:
dist: 2.603594223364984 vs. 2.603594223364984
list:
dist: 3.69514699830554 vs. 3.69514699830554
list:
dist: 1.8053339505124177 vs. 1.8053339505124177
list:
dist: 1.533499869310511 vs. 1.533499869310511
list:
dist: 2.7558987928485132 vs. 2.7558987928485132
list:
dist: 3.6323991443911803 vs. 3.6323991443911803
list:
dist: 2.523004121788536 vs. 2.523004121788536
list:
dist: 4.352610356172291 vs. 4.352610356172291
list:
dist: 3.4019698576108834 vs. 3.4019698576108834
list:
dist: 2.8459113269540652 vs. 2.8459113269540652
list:
dist: 3.5474680462159522 vs. 3.5474680462159522
list:
dist: 3.2494099835603016 vs. 3.2494099835603016
list:
dist: 3.7097440055188793 vs. 3.7097440055188793
list:
dist: 3.4108376958776914 vs. 3.4108376958776914
list:
dist: 2.870564037560878 vs. 2.870564037560878
list:
dist: 2.5878517647329087 vs. 2.5878517647329087
list:
dist: 1.7047585485402206 vs. 1.7047585485402206
list:
dist: 0.9551493451004298 vs. 0.9551493451004298
list:
dist: 1.199306849469253 vs. 1.199306849469253
list:
dist: 3.4193360740740792 vs. 3.4193360740740792
list:
dist: 1.655310626807525 vs. 1.655310626807525
list:
dist: 1.3888001953864677 vs. 1.3888001953864677
list:
dist: 1.1311757770359727 vs. 1.1311757770359727
list:
dist: 0.8088208345082215 vs. 0.8088208345082215
list:
dist: 1.9427760597377635 vs. 1.9427760597377635
list:
dist: 2.0775329333786656 vs. 2.0775329333786656
list:
dist: 1.5284711678240368 vs. 1.5284711678240368
list:
dist: 2.027470965025744 vs. 2.027470965025744
list:
dist: 1.788857888877834 vs. 1.788857888877834
list:
dist: 2.124889612938768 vs. 2.124889612938768
list:
dist: 1.844650463801457 vs. 1.844650463801457
list:
dist: 1.1399869707113697 vs. 1.1399869707113697
list:
dist: 1.1971533105956451 vs. 1.1971533105956451
list:
dist: 1.858329618393428 vs. 1.858329618393428
list:
dist: 2.8459113269540652 vs. 2.8459113269540652
list:
dist: 1.9215063461677 vs. 1.9215063461677
list:
dist: 1.66082359103881 vs. 1.66082359103881
list:
dist: 2.106919089774542 vs. 2.106919089774542
list:
dist: 4.3077981253318205 vs. 4.3077981253318205
list:
dist: 2.152240958770329 vs. 2.152240958770329
list:
dist: 1.1971533105956451 vs. 1.1971533105956451
list:
dist: 2.5205738985340376 vs. 2.5205738985340376
list:
dist: 1.8403094726501323 vs. 1.8403094726501323
list:
dist: 1.3166169385196458 vs. 1.3166169385196458
list:
dist: 2.5280122537050413 vs. 2.5280122537050413
list:
dist: 2.9040886176832337 vs. 2.9040886176832337
list:
dist: 1.5772672324934014 vs. 1.5772672324934014
list:
dist: 1.1426120565542544 vs. 1.1426120565542544
list:
dist: 1.1972463573542156 vs. 1.1972463573542156
list:
dist: 1.527891921245106 vs. 1.527891921245106
list:
dist: 1.8729281604956025 vs. 1.8729281604956025
list:
dist: 0.7551824137444112 vs. 0.7551824137444112
list:
dist: 2.404435318008123 vs. 2.404435318008123
list:
dist: 2.5494269020565237 vs. 2.5494269020565237
list:
dist: 2.0257774988637567 vs. 2.0257774988637567
list:
dist: 2.939955493569116 vs. 2.939955493569116
list:
dist: 1.858329618393428 vs. 1.858329618393428
list:
dist: 2.5393368814737185 vs. 2.5393368814737185
list:
dist: 0.9978633524112572 vs. 0.9978633524112572
list:
dist: 2.6290084069803874 vs. 2.6290084069803874
list:
dist: 0.5974528819681384 vs. 0.5974528819681384
list:
dist: 0.7927098291743764 vs. 0.7927098291743764
list:
dist: 3.0419744909757327 vs. 3.0419744909757327
list:
dist: 1.0382981743232118 vs. 1.0382981743232118
list:
dist: 1.7863586141287162 vs. 1.7863586141287162
list:
dist: 2.404435318008123 vs. 2.404435318008123
list:
dist: 3.3911101174028464 vs. 3.3911101174028464
list:
dist: 2.466143173782443 vs. 2.466143173782443
list:
dist: 2.8919149165866225 vs. 2.8919149165866225
list:
dist: 2.842522923144432 vs. 2.842522923144432
list:
dist: 1.777273741106759 vs. 1.777273741106759
list:
dist: 2.466240397419155 vs. 2.466240397419155
list:
dist: 2.079175337293196 vs. 2.079175337293196
list:
dist: 0.9031938787673796 vs. 0.9031938787673796
list:
dist: 2.3566396390839275 vs. 2.3566396390839275
list:
dist: 2.2392314427858016 vs. 2.2392314427858016
list:
dist: 1.199306849469253 vs. 1.199306849469253
list:
dist: 1.5285185816652531 vs. 1.5285185816652531
list:
dist: 1.7931630042642435 vs. 1.7931630042642435
list:
dist: 1.3504251865545869 vs. 1.3504251865545869
list:
dist: 1.761425321168142 vs. 1.761425321168142
list:
dist: 2.121341730353183 vs. 2.121341730353183
list:
dist: 1.5144916472372987 vs. 1.5144916472372987
list:
dist: 2.967977203868889 vs. 2.967977203868889
list:
dist: 2.9574402046891537 vs. 2.9574402046891537
list:
dist: 3.0574667247188745 vs. 3.0574667247188745
list:
dist: 2.4876519788061766 vs. 2.4876519788061766
list:
dist: 2.1149480758321704 vs. 2.1149480758321704
list:
dist: 2.106919089774542 vs. 2.106919089774542
list:
dist: 2.0257774988637567 vs. 2.0257774988637567
list:
dist: 2.7760666027472083 vs. 2.7760666027472083
list:
dist: 2.548022667469897 vs. 2.548022667469897
list:
dist: 3.0085973149770893 vs. 3.0085973149770893
list:
dist: 2.694667024753021 vs. 2.694667024753021
list:
dist: 2.5405204979817513 vs. 2.5405204979817513
list:
dist: 1.7486400906631083 vs. 1.7486400906631083
list:
dist: 1.1847082694360793 vs. 1.1847082694360793
list:
dist: 0.9031938787673796 vs. 0.9031938787673796
list:
dist: 3.221056474226347 vs. 3.221056474226347
list:
dist: 1.479389942468765 vs. 1.479389942468765
list:
dist: 0.9551493451004298 vs. 0.9551493451004298
list:
dist: 1.4456129103235296 vs. 1.4456129103235296
list:
dist: 2.0049924756908086 vs. 2.0049924756908086
list:
dist: 0.5358598463407408 vs. 0.5358598463407408
list:
dist: 2.431651073272726 vs. 2.431651073272726
list:
dist: 2.709973888080663 vs. 2.709973888080663
list:
dist: 0.8689921448508368 vs. 0.8689921448508368
list:
dist: 2.2507178223994897 vs. 2.2507178223994897
list:
dist: 2.5224503636494817 vs. 2.5224503636494817
list:
dist: 2.254328121415966 vs. 2.254328121415966
list:
dist: 2.69328007131165 vs. 2.69328007131165
list:
dist: 1.9356130994333862 vs. 1.9356130994333862
list:
dist: 1.66082359103881 vs. 1.66082359103881
list:
dist: 2.5494269020565237 vs. 2.5494269020565237
list:
dist: 1.533499869310511 vs. 1.533499869310511
list:
dist: 1.1936884248332817 vs. 1.1936884248332817
list:
dist: 0.8689921448508368 vs. 0.8689921448508368
list:
dist: 1.5144916472372987 vs. 1.5144916472372987
list:
dist: 3.6882065149093637 vs. 3.6882065149093637
list:
dist: 1.886090928375275 vs. 1.886090928375275
list:
dist: 1.5284711678240368 vs. 1.5284711678240368
list:
dist: 2.2964542060538147 vs. 2.2964542060538147
list:
dist: 2.5948240949556065 vs. 2.5948240949556065
list:
dist: 0.9548503178240636 vs. 0.9548503178240636
list:
dist: 2.8796208088531614 vs. 2.8796208088531614
list:
dist: 3.3678273777830054 vs. 3.3678273777830054
list:
dist: 1.986204852510548 vs. 1.986204852510548
list:
dist: 2.648198522195291 vs. 2.648198522195291
list:
dist: 2.0751583057809535 vs. 2.0751583057809535
list:
dist: 3.0081500184211944 vs. 3.0081500184211944
list:
dist: 2.1115236285387904 vs. 2.1115236285387904
list:
dist: 1.5772672324934014 vs. 1.5772672324934014
list:
dist: 3.0419744909757327 vs. 3.0419744909757327
list:
dist: 3.4019698576108834 vs. 3.4019698576108834
list:
dist: 2.4409034524799074 vs. 2.4409034524799074
list:
dist: 1.9356130994333862 vs. 1.9356130994333862
list:
dist: 2.1149480758321704 vs. 2.1149480758321704
list:
dist: 4.11056055155341 vs. 4.11056055155341
list:
dist: 2.4643090964442456 vs. 2.4643090964442456
list:
dist: 1.1399869707113697 vs. 1.1399869707113697
list:
dist: 2.4479200571935795 vs. 2.4479200571935795
list:
dist: 1.2503672583551204 vs. 1.2503672583551204
list:
dist: 1.6691476560194773 vs. 1.6691476560194773
list:
dist: 2.0379713071043564 vs. 2.0379713071043564
list:
dist: 2.3133017929300195 vs. 2.3133017929300195
list:
dist: 2.1115236285387904 vs. 2.1115236285387904
list:
dist: 1.7513783734203636 vs. 1.7513783734203636
list:
dist: 1.0928079299797686 vs. 1.0928079299797686
list:
dist: 2.0941787581479328 vs. 2.0941787581479328
list:
dist: 1.1476702548874012 vs. 1.1476702548874012
list:
dist: 0.7551824137444112 vs. 0.7551824137444112
list:
dist: 1.7863586141287162 vs. 1.7863586141287162
list:
dist: 3.0017818988451763 vs. 3.0017818988451763
list:
dist: 3.1501575433746876 vs. 3.1501575433746876
list:
dist: 3.713960388555642 vs. 3.713960388555642
list:
dist: 0.9671979742659117 vs. 0.9671979742659117
list:
dist: 3.221056474226347 vs. 3.221056474226347
list:
dist: 2.3566396390839275 vs. 2.3566396390839275
list:
dist: 3.4193360740740792 vs. 3.4193360740740792
list:
dist: 3.2448496708005234 vs. 3.2448496708005234
list:
dist: 3.373330201766416 vs. 3.373330201766416
list:
dist: 3.7003730061285816 vs. 3.7003730061285816
list:
dist: 2.4390144683094745 vs. 2.4390144683094745
list:
dist: 2.7273911390296854 vs. 2.7273911390296854
list:
dist: 3.6882065149093637 vs. 3.6882065149093637
list:
dist: 3.8845757476985163 vs. 3.8845757476985163
list:
dist: 4.11056055155341 vs. 4.11056055155341
list:
dist: 4.3077981253318205 vs. 4.3077981253318205
list:
dist: 2.939955493569116 vs. 2.939955493569116
900
rk
<OccurredElementalReaction>
	 elmtlRkId: 3
	 p(id,type,coords) 116 4 8.537081784547167 -0.03262473509462459 24.876279168667175
</OccurredElementalReaction>
]]></system-out>
  <system-err><![CDATA[]]></system-err>
</testsuite>
