<?xml version="1.0" encoding="UTF-8" ?>
<testsuite errors="1" failures="0" hostname="johanness-mbp-4" name="readdy.impl.sim.top.rkHandle.rkExecutors.StandardParticleBasedRkExecutorTest" tests="2" time="0.166" timestamp="2014-05-21T19:13:31">
  <properties>
    <property name="netbeans.autoupdate.country" value="US" />
    <property name="nb.wait.for.caches" value="true" />
    <property name="javac.test.classpath" value="lib/colt.jar:lib/statlab.jar:build/classes:/Applications/NetBeans/NetBeans 7.2.1.app/Contents/Resources/NetBeans/platform/modules/ext/junit-4.10.jar" />
    <property name="libs.junit.javadoc" value="/Applications/NetBeans/NetBeans 7.2.1.app/Contents/Resources/NetBeans/java/docs/junit-3.8.2-api.zip" />
    <property name="file.reference.colt.jar" value="lib/colt.jar" />
    <property name="ant.core.lib" value="/Applications/NetBeans/NetBeans 7.2.1.app/Contents/Resources/NetBeans/java/ant/lib/ant.jar" />
    <property name="javadoc.windowtitle" value="" />
    <property name="user.dir" value="/Users/johannesschoeneberg/Desktop/PhD/projects/ReaDDy/gitHub/readdy" />
    <property name="com.apple.mrj.application.apple.menu.about.name" value="NetBeans" />
    <property name="libs.hibernate-persistence.javadoc" value="" />
    <property name="java.vm.version" value="24.51-b03" />
    <property name="libs.MyLibrary.src" value="" />
    <property name="libs.MySQLDriver.classpath" value="/Applications/NetBeans/NetBeans 7.2.1.app/Contents/Resources/NetBeans/ide/modules/ext/mysql-connector-java-5.1.18-bin.jar" />
    <property name="libs.eclipselinkmodelgen.src" value="" />
    <property name="javadoc.notree" value="false" />
    <property name="netbeans.autoupdate.version" value="1.23" />
    <property name="libs.EclipseLink-GlassFish-v3.classpath" value="/Applications/NetBeans/glassfish-3.0.1/glassfish/modules/org.eclipse.persistence.antlr.jar:/Applications/NetBeans/glassfish-3.0.1/glassfish/modules/org.eclipse.persistence.asm.jar:/Applications/NetBeans/glassfish-3.0.1/glassfish/modules/org.eclipse.persistence.core.jar:/Applications/NetBeans/glassfish-3.0.1/glassfish/modules/org.eclipse.persistence.jpa.jar:/Applications/NetBeans/glassfish-3.0.1/glassfish/modules/org.eclipse.persistence.jpa.modelgen.jar:/Applications/NetBeans/glassfish-3.0.1/glassfish/modules/org.eclipse.persistence.oracle.jar:/Applications/NetBeans/glassfish-3.0.1/glassfish/modules/javax.persistence.jar" />
    <property name="libs.hibernate-support.maven-pom" value="" />
    <property name="libs.hibernate-support.javadoc" value="" />
    <property name="jdk.home" value="/Library/Java/JavaVirtualMachines/jdk1.7.0_51.jdk/Contents/Home" />
    <property name="libs.javac-api.src" value="" />
    <property name="javadoc.noindex" value="false" />
    <property name="sun.os.patch.level" value="unknown" />
    <property name="do.archive+manifest.available" value="true" />
    <property name="java.vm.specification.name" value="Java Virtual Machine Specification" />
    <property name="nb.show.statistics.ui" value="usageStatisticsEnabled" />
    <property name="netbeans.autoupdate.variant" value="" />
    <property name="have.tests" value="true" />
    <property name="org.xml.sax.driver" value="com.sun.org.apache.xerces.internal.jaxp.SAXParserImpl$JAXPSAXParser" />
    <property name="libs.javac-api.javadoc" value="" />
    <property name="os.name" value="Mac OS X" />
    <property name="libs.beans-binding.classpath" value="/Applications/NetBeans/NetBeans 7.2.1.app/Contents/Resources/NetBeans/java/modules/ext/beansbinding-1.2.1.jar" />
    <property name="libs.JWSAntTasks.maven-pom" value="" />
    <property name="jnlp.signing.keystore" value="" />
    <property name="libs.testng.src" value="" />
    <property name="java.vendor.url.bug" value="http://bugreport.sun.com/bugreport/" />
    <property name="libs.jaxb.maven-pom" value="" />
    <property name="os.arch" value="x86_64" />
    <property name="libs.eclipselink.src" value="" />
    <property name="user.name" value="johannesschoeneberg" />
    <property name="libs.Comet-GlassFish-v3.javadoc" value="" />
    <property name="copylibs.rebase" value="true" />
    <property name="manifest.available+main.class" value="true" />
    <property name="libs.swing-layout.maven-pom" value="" />
    <property name="sun.java.command" value="org.apache.tools.ant.taskdefs.optional.junit.JUnitTestRunner readdy.impl.sim.top.rkHandle.rkExecutors.StandardParticleBasedRkExecutorTest filtertrace=true haltOnError=false haltOnFailure=false showoutput=true outputtoformatters=true logfailedtests=true logtestlistenerevents=true formatter=org.apache.tools.ant.taskdefs.optional.junit.BriefJUnitResultFormatter formatter=org.apache.tools.ant.taskdefs.optional.junit.XMLJUnitResultFormatter,/Users/johannesschoeneberg/Desktop/PhD/projects/ReaDDy/gitHub/readdy/build/test/results/TEST-readdy.impl.sim.top.rkHandle.rkExecutors.StandardParticleBasedRkExecutorTest.xml crashfile=/Users/johannesschoeneberg/Desktop/PhD/projects/ReaDDy/gitHub/readdy/build/junitvmwatcher4236235890689016204.properties propsfile=/Users/johannesschoeneberg/Desktop/PhD/projects/ReaDDy/gitHub/readdy/build/junit49537778955894898.properties" />
    <property name="build.classes.dir" value="build/classes" />
    <property name="netbeans.accept_license_class" value="org.netbeans.license.AcceptLicense" />
    <property name="jnlp.descriptor" value="application" />
    <property name="build.sysclasspath" value="ignore" />
    <property name="libs.jaxws21.javadoc" value="/Applications/NetBeans/NetBeans 7.2.1.app/Contents/Resources/NetBeans/java/docs/jaxws-api-doc.zip" />
    <property name="includes" value="**" />
    <property name="user.country" value="US" />
    <property name="manifest.file" value="manifest.mf" />
    <property name="javadoc.encoding" value="UTF-8" />
    <property name="javac.classpath" value="lib/colt.jar:lib/statlab.jar" />
    <property name="debug-transport" value="dt_socket" />
    <property name="netbeans.system_http_non_proxy_hosts" value="" />
    <property name="com.sun.mysql.port" value="3306" />
    <property name="netbeans.home" value="/Applications/NetBeans/NetBeans 7.2.1.app/Contents/Resources/NetBeans/platform" />
    <property name="build.compiler.emacs" value="true" />
    <property name="libs.ejb3-persistence.src" value="" />
    <property name="java.endorsed.dirs" value="/Library/Java/JavaVirtualMachines/jdk1.7.0_51.jdk/Contents/Home/jre/lib/endorsed" />
    <property name="libs.Comet-GlassFish-v3.maven-pom" value="" />
    <property name="netbeans.dynamic.classpath" value="/Applications/NetBeans/NetBeans 7.2.1.app/Contents/Resources/NetBeans/platform/core/core.jar:/Applications/NetBeans/NetBeans 7.2.1.app/Contents/Resources/NetBeans/platform/core/org-openide-filesystems.jar:/Applications/NetBeans/NetBeans 7.2.1.app/Contents/Resources/NetBeans/platform/core/locale/core_ja.jar:/Applications/NetBeans/NetBeans 7.2.1.app/Contents/Resources/NetBeans/platform/core/locale/core_pt_BR.jar:/Applications/NetBeans/NetBeans 7.2.1.app/Contents/Resources/NetBeans/platform/core/locale/core_ru.jar:/Applications/NetBeans/NetBeans 7.2.1.app/Contents/Resources/NetBeans/platform/core/locale/core_zh_CN.jar:/Applications/NetBeans/NetBeans 7.2.1.app/Contents/Resources/NetBeans/platform/core/locale/org-openide-filesystems_ja.jar:/Applications/NetBeans/NetBeans 7.2.1.app/Contents/Resources/NetBeans/platform/core/locale/org-openide-filesystems_pt_BR.jar:/Applications/NetBeans/NetBeans 7.2.1.app/Contents/Resources/NetBeans/platform/core/locale/org-openide-filesystems_ru.jar:/Applications/NetBeans/NetBeans 7.2.1.app/Contents/Resources/NetBeans/platform/core/locale/org-openide-filesystems_zh_CN.jar:/Applications/NetBeans/NetBeans 7.2.1.app/Contents/Resources/NetBeans/nb/core/org-netbeans-upgrader.jar:/Applications/NetBeans/NetBeans 7.2.1.app/Contents/Resources/NetBeans/nb/core/locale/core_nb.jar:/Applications/NetBeans/NetBeans 7.2.1.app/Contents/Resources/NetBeans/nb/core/locale/core_nb_ja.jar:/Applications/NetBeans/NetBeans 7.2.1.app/Contents/Resources/NetBeans/nb/core/locale/core_nb_pt_BR.jar:/Applications/NetBeans/NetBeans 7.2.1.app/Contents/Resources/NetBeans/nb/core/locale/core_nb_ru.jar:/Applications/NetBeans/NetBeans 7.2.1.app/Contents/Resources/NetBeans/nb/core/locale/core_nb_zh_CN.jar:/Applications/NetBeans/NetBeans 7.2.1.app/Contents/Resources/NetBeans/nb/core/locale/org-netbeans-upgrader_ja.jar:/Applications/NetBeans/NetBeans 7.2.1.app/Contents/Resources/NetBeans/nb/core/locale/org-netbeans-upgrader_pt_BR.jar:/Applications/NetBeans/NetBeans 7.2.1.app/Contents/Resources/NetBeans/nb/core/locale/org-netbeans-upgrader_ru.jar:/Applications/NetBeans/NetBeans 7.2.1.app/Contents/Resources/NetBeans/nb/core/locale/org-netbeans-upgrader_zh_CN.jar" />
    <property name="jnlp.enabled" value="false" />
    <property name="java.vm.specification.version" value="1.7" />
    <property name="ftp.nonProxyHosts" value="local|*.local|169.254/16|*.169.254/16" />
    <property name="netbeans.productversion" value="NetBeans IDE 7.2.1 (Build 201210100934)" />
    <property name="libs.hibernate-persistence.classpath" value="/Applications/NetBeans/NetBeans 7.2.1.app/Contents/Resources/NetBeans/java/modules/ext/hibernate/antlr-2.7.6.jar:/Applications/NetBeans/NetBeans 7.2.1.app/Contents/Resources/NetBeans/java/modules/ext/hibernate/asm.jar:/Applications/NetBeans/NetBeans 7.2.1.app/Contents/Resources/NetBeans/java/modules/ext/hibernate/asm-attrs.jar:/Applications/NetBeans/NetBeans 7.2.1.app/Contents/Resources/NetBeans/java/modules/ext/hibernate/cglib-2.1.3.jar:/Applications/NetBeans/NetBeans 7.2.1.app/Contents/Resources/NetBeans/java/modules/ext/hibernate/commons-collections-2.1.1.jar:/Applications/NetBeans/NetBeans 7.2.1.app/Contents/Resources/NetBeans/ide/modules/org-apache-commons-logging.jar:/Applications/NetBeans/NetBeans 7.2.1.app/Contents/Resources/NetBeans/java/modules/ext/hibernate/dom4j-1.6.1.jar:/Applications/NetBeans/NetBeans 7.2.1.app/Contents/Resources/NetBeans/java/modules/ext/hibernate/ehcache-1.2.3.jar:/Applications/NetBeans/NetBeans 7.2.1.app/Contents/Resources/NetBeans/java/modules/ext/hibernate/jdbc2_0-stdext.jar:/Applications/NetBeans/NetBeans 7.2.1.app/Contents/Resources/NetBeans/java/modules/ext/hibernate/jta.jar:/Applications/NetBeans/NetBeans 7.2.1.app/Contents/Resources/NetBeans/java/modules/ext/hibernate/hibernate3.jar:/Applications/NetBeans/NetBeans 7.2.1.app/Contents/Resources/NetBeans/java/modules/ext/hibernate/hibernate-tools.jar:/Applications/NetBeans/NetBeans 7.2.1.app/Contents/Resources/NetBeans/java/modules/ext/hibernate/hibernate-annotations.jar:/Applications/NetBeans/NetBeans 7.2.1.app/Contents/Resources/NetBeans/java/modules/ext/hibernate/hibernate-commons-annotations.jar:/Applications/NetBeans/NetBeans 7.2.1.app/Contents/Resources/NetBeans/java/modules/ext/hibernate/hibernate-entitymanager.jar:/Applications/NetBeans/NetBeans 7.2.1.app/Contents/Resources/NetBeans/java/modules/ext/hibernate/javassist.jar:/Applications/NetBeans/NetBeans 7.2.1.app/Contents/Resources/NetBeans/java/modules/ext/hibernate/ejb3-persistence.jar" />
    <property name="libs.jaxws21.src" value="" />
    <property name="application.title" value="ReaDDy" />
    <property name="do.archive" value="true" />
    <property name="netbeans.autoupdate.language" value="en" />
    <property name="java.vendor" value="Oracle Corporation" />
    <property name="sun.font.fontmanager" value="sun.font.CFontManager" />
    <property name="jar.index.metainf" value="false" />
    <property name="javac.debug" value="true" />
    <property name="javadoc.splitindex" value="true" />
    <property name="file.separator" value="/" />
    <property name="libs.junit_4.maven-pom" value="" />
    <property name="mkdist.disabled" value="false" />
    <property name="javac.test.processorpath" value="lib/colt.jar:lib/statlab.jar:build/classes:/Applications/NetBeans/NetBeans 7.2.1.app/Contents/Resources/NetBeans/platform/modules/ext/junit-4.10.jar" />
    <property name="netbeans.buildnumber" value="201210100934" />
    <property name="libs.JWSAntTasks.javadoc" value="" />
    <property name="build.generated.sources.dir" value="build/generated-sources" />
    <property name="libs.eclipselinkmodelgen.classpath" value="/Applications/NetBeans/NetBeans 7.2.1.app/Contents/Resources/NetBeans/java/modules/ext/eclipselink/org.eclipse.persistence.jpa.modelgen.processor-2.3.2.jar" />
    <property name="sun.java.launcher" value="SUN_STANDARD" />
    <property name="libs.junit.classpath" value="/Applications/NetBeans/NetBeans 7.2.1.app/Contents/Resources/NetBeans/java/modules/ext/junit-3.8.2.jar" />
    <property name="libs.jaxb.javadoc" value="/Applications/NetBeans/NetBeans 7.2.1.app/Contents/Resources/NetBeans/ide/docs/jaxb-api-doc.zip" />
    <property name="ant.home" value="/Applications/NetBeans/NetBeans 7.2.1.app/Contents/Resources/NetBeans/java/ant" />
    <property name="libs.junit_4.src" value="/Applications/NetBeans/NetBeans 7.2.1.app/Contents/Resources/NetBeans/java/docs/junit-4.10-sources.jar" />
    <property name="libs.testng.classpath" value="/Applications/NetBeans/NetBeans 7.2.1.app/Contents/Resources/NetBeans/platform/modules/ext/testng-6.5.1-dist.jar" />
    <property name="libs.absolutelayout.maven-pom" value="" />
    <property name="ant.java.version" value="1.7" />
    <property name="java.library.path" value="/Users/johannesschoeneberg/Library/Java/Extensions:/Library/Java/Extensions:/Network/Library/Java/Extensions:/System/Library/Java/Extensions:/usr/lib/java:." />
    <property name="javadoc.author" value="false" />
    <property name="manifest.available+main.class-mkdist.available" value="true" />
    <property name="libs.EclipseLink-GlassFish-v3.src" value="" />
    <property name="java.util.logging.config.class" value="org.netbeans.core.startup.TopLogging" />
    <property name="libs.PostgreSQLDriver.src" value="" />
    <property name="sun.arch.data.model" value="64" />
    <property name="basedir" value="/Users/johannesschoeneberg/Desktop/PhD/projects/ReaDDy/gitHub/readdy" />
    <property name="libs.jpa20-persistence.maven-pom" value="" />
    <property name="jar.compress" value="false" />
    <property name="path.separator" value=":" />
    <property name="ant.junit.enabletestlistenerevents" value="true" />
    <property name="sun.io.unicode.encoding" value="UnicodeBig" />
    <property name="libs.jaxws21.classpath" value="/Applications/NetBeans/NetBeans 7.2.1.app/Contents/Resources/NetBeans/ide/modules/ext/jaxb/jaxb-impl.jar:/Applications/NetBeans/NetBeans 7.2.1.app/Contents/Resources/NetBeans/ide/modules/ext/jaxb/jaxb-xjc.jar:/Applications/NetBeans/NetBeans 7.2.1.app/Contents/Resources/NetBeans/java/modules/ext/jaxws22/FastInfoset.jar:/Applications/NetBeans/NetBeans 7.2.1.app/Contents/Resources/NetBeans/java/modules/ext/jaxws22/gmbal-api-only.jar:/Applications/NetBeans/NetBeans 7.2.1.app/Contents/Resources/NetBeans/java/modules/ext/jaxws22/ha-api.jar:/Applications/NetBeans/NetBeans 7.2.1.app/Contents/Resources/NetBeans/java/modules/ext/jaxws22/javax.mail_1.4.jar:/Applications/NetBeans/NetBeans 7.2.1.app/Contents/Resources/NetBeans/java/modules/ext/jaxws22/jaxws-rt.jar:/Applications/NetBeans/NetBeans 7.2.1.app/Contents/Resources/NetBeans/java/modules/ext/jaxws22/jaxws-tools.jar:/Applications/NetBeans/NetBeans 7.2.1.app/Contents/Resources/NetBeans/java/modules/ext/jaxws22/management-api.jar:/Applications/NetBeans/NetBeans 7.2.1.app/Contents/Resources/NetBeans/java/modules/ext/jaxws22/mimepull.jar:/Applications/NetBeans/NetBeans 7.2.1.app/Contents/Resources/NetBeans/java/modules/ext/jaxws22/policy.jar:/Applications/NetBeans/NetBeans 7.2.1.app/Contents/Resources/NetBeans/java/modules/ext/jaxws22/saaj-impl.jar:/Applications/NetBeans/NetBeans 7.2.1.app/Contents/Resources/NetBeans/java/modules/ext/jaxws22/stax-ex.jar:/Applications/NetBeans/NetBeans 7.2.1.app/Contents/Resources/NetBeans/java/modules/ext/jaxws22/stax2-api.jar:/Applications/NetBeans/NetBeans 7.2.1.app/Contents/Resources/NetBeans/java/modules/ext/jaxws22/streambuffer.jar:/Applications/NetBeans/NetBeans 7.2.1.app/Contents/Resources/NetBeans/java/modules/ext/jaxws22/woodstox-core-asl.jar:/Applications/NetBeans/NetBeans 7.2.1.app/Contents/Resources/NetBeans/java/modules/ext/jaxws22/api/jaxws-api.jar:/Applications/NetBeans/NetBeans 7.2.1.app/Contents/Resources/NetBeans/java/modules/ext/jaxws22/api/jsr181-api.jar:/Applications/NetBeans/NetBeans 7.2.1.app/Contents/Resources/NetBeans/java/modules/ext/jaxws22/api/javax.annotation.jar:/Applications/NetBeans/NetBeans 7.2.1.app/Contents/Resources/NetBeans/java/modules/ext/jaxws22/api/saaj-api.jar:/Applications/NetBeans/NetBeans 7.2.1.app/Contents/Resources/NetBeans/ide/modules/ext/jaxb/activation.jar:/Applications/NetBeans/NetBeans 7.2.1.app/Contents/Resources/NetBeans/ide/modules/ext/jaxb/api/jaxb-api.jar:/Applications/NetBeans/NetBeans 7.2.1.app/Contents/Resources/NetBeans/ide/modules/ext/jaxb/api/jsr173_1.0_api.jar" />
    <property name="compile.on.save" value="true" />
    <property name="ant.file.ReaDDy" value="/Users/johannesschoeneberg/Desktop/PhD/projects/ReaDDy/gitHub/readdy/build.xml" />
    <property name="apple.awt.graphics.UseQuartz" value="true" />
    <property name="user.language" value="en" />
    <property name="testng.mode" value="testng" />
    <property name="libs.JAXB-ENDORSED.maven-pom" value="" />
    <property name="libs.spring-framework.classpath" value="/Applications/NetBeans/NetBeans 7.2.1.app/Contents/Resources/NetBeans/ide/modules/org-apache-commons-logging.jar:/Applications/NetBeans/NetBeans 7.2.1.app/Contents/Resources/NetBeans/java/modules/ext/cglib-2.2.jar:/Applications/NetBeans/NetBeans 7.2.1.app/Contents/Resources/NetBeans/java/modules/ext/spring/spring-2.5.6.SEC03.jar" />
    <property name="libs.eclipselink.maven-pom" value="" />
    <property name="application.vendor" value="Jojo" />
    <property name="manifest.available" value="true" />
    <property name="libs.spring-framework300.maven-pom" value="" />
    <property name="run.test.classpath" value="lib/colt.jar:lib/statlab.jar:build/classes:/Applications/NetBeans/NetBeans 7.2.1.app/Contents/Resources/NetBeans/platform/modules/ext/junit-4.10.jar:build/test/classes" />
    <property name="ant.project.invoked-targets" value="test" />
    <property name="libs.swing-layout.javadoc" value="/Applications/NetBeans/NetBeans 7.2.1.app/Contents/Resources/NetBeans/platform/docs/swing-layout-1.0.4-doc.zip" />
    <property name="libs.ejb3-persistence.maven-pom" value="" />
    <property name="gopherProxySet" value="false" />
    <property name="libs.PostgreSQLDriver.maven-pom" value="" />
    <property name="java.class.version" value="51.0" />
    <property name="netbeans.system_http_proxy" value="DIRECT" />
    <property name="libs.eclipselink.javadoc" value="" />
    <property name="user.properties.file" value="/Users/johannesschoeneberg/Library/Application Support/NetBeans/7.2.1/build.properties" />
    <property name="runtime.encoding" value="UTF-8" />
    <property name="libs.spring-framework.src" value="" />
    <property name="libs.javac-api.maven-pom" value="" />
    <property name="file.encoding.pkg" value="sun.io" />
    <property name="sun.cpu.endian" value="little" />
    <property name="libs.JAXB-ENDORSED.javadoc" value="" />
    <property name="libs.JWSAntTasks.classpath" value="/Applications/NetBeans/NetBeans 7.2.1.app/Contents/Resources/NetBeans/java/ant/extra/org-netbeans-modules-javawebstart-anttasks.jar" />
    <property name="libs.spring-framework300.src" value="" />
    <property name="empty.dir" value="/Users/johannesschoeneberg/Desktop/PhD/projects/ReaDDy/gitHub/readdy/build/empty" />
    <property name="version-output" value="java version &quot;1.7" />
    <property name="javadoc.preview" value="true" />
    <property name="socksNonProxyHosts" value="local|*.local|169.254/16|*.169.254/16" />
    <property name="libs.jpa20-persistence.javadoc" value="" />
    <property name="java.home" value="/Library/Java/JavaVirtualMachines/jdk1.7.0_51.jdk/Contents/Home/jre" />
    <property name="debug.test.classpath" value="lib/colt.jar:lib/statlab.jar:build/classes:/Applications/NetBeans/NetBeans 7.2.1.app/Contents/Resources/NetBeans/platform/modules/ext/junit-4.10.jar:build/test/classes" />
    <property name="netbeans.importclass" value="org.netbeans.upgrade.AutoUpgrade" />
    <property name="ant.project.default-target" value="default" />
    <property name="annotation.processing.run.all.processors" value="true" />
    <property name="libs.MyLibrary.classpath" value="/Users/Jojo/NetBeansProjects/IoTools/dist/IoTools.jar" />
    <property name="jar.archive.disabled" value="false" />
    <property name="jnlp.signing.alias" value="" />
    <property name="libs.PostgreSQLDriver.javadoc" value="" />
    <property name="com.sun.mysql.stopcommand" value="/usr/local/mysql/support-files/mysql-admin.server" />
    <property name="libs.MySQLDriver.maven-pom" value="" />
    <property name="ant.file.type.ReaDDy-impl" value="file" />
    <property name="http.nonProxyHosts" value="local|*.local|169.254/16|*.169.254/16" />
    <property name="libs.junit_4.javadoc" value="/Applications/NetBeans/NetBeans 7.2.1.app/Contents/Resources/NetBeans/java/docs/junit-4.10-javadoc.jar" />
    <property name="libs.EclipseLink-GlassFish-v3.maven-pom" value="" />
    <property name="run.classpath" value="lib/colt.jar:lib/statlab.jar:build/classes" />
    <property name="libs.hibernate-support.src" value="" />
    <property name="jna.boot.library.name" value="jnidispatch-340" />
    <property name="sun.awt.datatransfer.timeout" value="1000" />
    <property name="annotation.processing.enabled.in.editor" value="false" />
    <property name="sun.management.compiler" value="HotSpot 64-Bit Tiered Compilers" />
    <property name="javac.deprecation" value="false" />
    <property name="javadoc.use" value="true" />
    <property name="sun.java2d.noddraw" value="true" />
    <property name="javac.processorpath" value="lib/colt.jar:lib/statlab.jar" />
    <property name="javac.compilerargs" value="" />
    <property name="svnkit.http.methods" value="Basic" />
    <property name="ant.file" value="/Users/johannesschoeneberg/Desktop/PhD/projects/ReaDDy/gitHub/readdy/build.xml" />
    <property name="libs.beans-binding.maven-pom" value="" />
    <property name="jnlp.codebase.type" value="no.codebase" />
    <property name="libs.beans-binding.src" value="" />
    <property name="java.vm.specification.vendor" value="Oracle Corporation" />
    <property name="libs.swing-layout.src" value="/Applications/NetBeans/NetBeans 7.2.1.app/Contents/Resources/NetBeans/platform/docs/swing-layout-1.0.4-src.zip" />
    <property name="org.openide.major.version" value="IDE/1" />
    <property name="java.vm.name" value="Java HotSpot(TM) 64-Bit Server VM" />
    <property name="netbeans.user" value="/Users/johannesschoeneberg/Library/Application Support/NetBeans/7.2.1" />
    <property name="javadoc.additionalparam" value="" />
    <property name="jnlp.offline-allowed" value="false" />
    <property name="java.io.tmpdir" value="/var/folders/3g/_bpdg45s3zv2x4ktzdvpvsnw0000gn/T/" />
    <property name="java.vendor.url" value="http://java.oracle.com/" />
    <property name="endorsed.classpath.cmd.line.arg" value="" />
    <property name="junit.available" value="true" />
    <property name="org.openide.awt.ActionReference.completion" value="org.netbeans.modules.apisupport.project.layers.PathCompletions" />
    <property name="sun.boot.library.path" value="/Library/Java/JavaVirtualMachines/jdk1.7.0_51.jdk/Contents/Home/jre/lib" />
    <property name="have.sources" value="true" />
    <property name="debug.classpath" value="lib/colt.jar:lib/statlab.jar:build/classes" />
    <property name="javadoc.private" value="false" />
    <property name="test.src.dir" value="test" />
    <property name="libs.MyLibrary.javadoc" value="" />
    <property name="meta.inf.dir" value="src/META-INF" />
    <property name="javadoc.encoding.used" value="UTF-8" />
    <property name="dist.jar" value="dist/ReaDDy.jar" />
    <property name="netbeans.automatic.build" value="true" />
    <property name="java.runtime.name" value="Java(TM) SE Runtime Environment" />
    <property name="ant.project.name" value="ReaDDy" />
    <property name="netbeans.hash.code" value="unique=NB_JAVA056e4f842-5fe4-4f9b-9400-70920d741659_f13b8425-b6a4-4f8b-97bd-90bd6ef862dd" />
    <property name="netbeans.default_userdir_root" value="/Users/johannesschoeneberg/Library/Application Support/NetBeans" />
    <property name="manifest.available-mkdist.available" value="true" />
    <property name="sun.cpu.isalist" value="" />
    <property name="libs.CopyLibs.javadoc" value="" />
    <property name="org.openide.specification.version" value="6.2" />
    <property name="libs.hibernate-support.classpath" value="/Applications/NetBeans/NetBeans 7.2.1.app/Contents/Resources/NetBeans/java/modules/ext/hibernate/antlr-2.7.6.jar:/Applications/NetBeans/NetBeans 7.2.1.app/Contents/Resources/NetBeans/java/modules/ext/hibernate/asm.jar:/Applications/NetBeans/NetBeans 7.2.1.app/Contents/Resources/NetBeans/java/modules/ext/hibernate/asm-attrs.jar:/Applications/NetBeans/NetBeans 7.2.1.app/Contents/Resources/NetBeans/java/modules/ext/hibernate/cglib-2.1.3.jar:/Applications/NetBeans/NetBeans 7.2.1.app/Contents/Resources/NetBeans/java/modules/ext/hibernate/commons-collections-2.1.1.jar:/Applications/NetBeans/NetBeans 7.2.1.app/Contents/Resources/NetBeans/ide/modules/org-apache-commons-logging.jar:/Applications/NetBeans/NetBeans 7.2.1.app/Contents/Resources/NetBeans/java/modules/ext/hibernate/dom4j-1.6.1.jar:/Applications/NetBeans/NetBeans 7.2.1.app/Contents/Resources/NetBeans/java/modules/ext/hibernate/ehcache-1.2.3.jar:/Applications/NetBeans/NetBeans 7.2.1.app/Contents/Resources/NetBeans/java/modules/ext/hibernate/jdbc2_0-stdext.jar:/Applications/NetBeans/NetBeans 7.2.1.app/Contents/Resources/NetBeans/java/modules/ext/hibernate/jta.jar:/Applications/NetBeans/NetBeans 7.2.1.app/Contents/Resources/NetBeans/java/modules/ext/hibernate/hibernate3.jar:/Applications/NetBeans/NetBeans 7.2.1.app/Contents/Resources/NetBeans/java/modules/ext/hibernate/hibernate-tools.jar:/Applications/NetBeans/NetBeans 7.2.1.app/Contents/Resources/NetBeans/java/modules/ext/hibernate/hibernate-annotations.jar:/Applications/NetBeans/NetBeans 7.2.1.app/Contents/Resources/NetBeans/java/modules/ext/hibernate/hibernate-commons-annotations.jar:/Applications/NetBeans/NetBeans 7.2.1.app/Contents/Resources/NetBeans/java/modules/ext/hibernate/hibernate-entitymanager.jar:/Applications/NetBeans/NetBeans 7.2.1.app/Contents/Resources/NetBeans/java/modules/ext/hibernate/javassist.jar" />
    <property name="user.home" value="/Users/johannesschoeneberg" />
    <property name="annotation.processing.processors.list" value="" />
    <property name="debug-args-line" value="-Xdebug" />
    <property name="libs.JWSAntTasks.src" value="" />
    <property name="jar.index" value="false" />
    <property name="libs.CopyLibs.maven-pom" value="" />
    <property name="libs.spring-framework300.javadoc" value="" />
    <property name="libs.hibernate-persistence.maven-pom" value="" />
    <property name="libs.absolutelayout.javadoc" value="" />
    <property name="java.specification.name" value="Java Platform API Specification" />
    <property name="do.archive+main.class.available" value="true" />
    <property name="jnlp.mixed.code" value="default" />
    <property name="java.specification.vendor" value="Oracle Corporation" />
    <property name="libs.javac-api.classpath" value="/Applications/NetBeans/NetBeans 7.2.1.app/Contents/Resources/NetBeans/java/modules/ext/nb-javac-api.jar" />
    <property name="java.version" value="1.7.0_51" />
    <property name="run.jvmargs.ide" value="" />
    <property name="javadoc.version" value="false" />
    <property name="libs.MySQLDriver.javadoc" value="" />
    <property name="org.openide.version" value="deprecated" />
    <property name="ant.file.ReaDDy-impl" value="/Users/johannesschoeneberg/Desktop/PhD/projects/ReaDDy/gitHub/readdy/nbproject/build-impl.xml" />
    <property name="source.encoding" value="UTF-8" />
    <property name="ap.cmd.line.internal" value="" />
    <property name="libs.eclipselinkmodelgen.maven-pom" value="" />
    <property name="libs.junit.maven-pom" value="" />
    <property name="libs.eclipselinkmodelgen.javadoc" value="" />
    <property name="netbeans.home+have.tests" value="true" />
    <property name="annotation.processing.processor.options" value="" />
    <property name="libs.testng.maven-pom" value="" />
    <property name="libs.jaxb.src" value="" />
    <property name="work.dir" value="/Users/johannesschoeneberg/Desktop/PhD/projects/ReaDDy/gitHub/readdy" />
    <property name="libs.jaxb.classpath" value="/Applications/NetBeans/NetBeans 7.2.1.app/Contents/Resources/NetBeans/ide/modules/ext/jaxb/jaxb-impl.jar:/Applications/NetBeans/NetBeans 7.2.1.app/Contents/Resources/NetBeans/ide/modules/ext/jaxb/jaxb-xjc.jar:/Applications/NetBeans/NetBeans 7.2.1.app/Contents/Resources/NetBeans/ide/modules/ext/jaxb/jaxb1-impl.jar:/Applications/NetBeans/NetBeans 7.2.1.app/Contents/Resources/NetBeans/ide/modules/ext/jaxb/activation.jar:/Applications/NetBeans/NetBeans 7.2.1.app/Contents/Resources/NetBeans/ide/modules/ext/jaxb/api/jaxb-api.jar:/Applications/NetBeans/NetBeans 7.2.1.app/Contents/Resources/NetBeans/ide/modules/ext/jaxb/api/jsr173_1.0_api.jar" />
    <property name="do.depend" value="false" />
    <property name="com.sun.mysql.startargs" value="start" />
    <property name="dist.javadoc.dir" value="dist/javadoc" />
    <property name="libs.swing-layout.classpath" value="/Applications/NetBeans/NetBeans 7.2.1.app/Contents/Resources/NetBeans/platform/modules/ext/swing-layout-1.0.4.jar" />
    <property name="build.generated.dir" value="build/generated" />
    <property name="javac.source" value="1.5" />
    <property name="libs.hibernate-persistence.src" value="" />
    <property name="line.separator" value="&#xa;" />
    <property name="java.specification.version" value="1.7" />
    <property name="libs.jaxws21.maven-pom" value="" />
    <property name="java.vm.info" value="mixed mode" />
    <property name="nb.junit.batch" value="true" />
    <property name="junit.forkmode" value="perTest" />
    <property name="libs.spring-framework.maven-pom" value="" />
    <property name="sun.boot.class.path" value="/Library/Java/JavaVirtualMachines/jdk1.7.0_51.jdk/Contents/Home/jre/lib/resources.jar:/Library/Java/JavaVirtualMachines/jdk1.7.0_51.jdk/Contents/Home/jre/lib/rt.jar:/Library/Java/JavaVirtualMachines/jdk1.7.0_51.jdk/Contents/Home/jre/lib/sunrsasign.jar:/Library/Java/JavaVirtualMachines/jdk1.7.0_51.jdk/Contents/Home/jre/lib/jsse.jar:/Library/Java/JavaVirtualMachines/jdk1.7.0_51.jdk/Contents/Home/jre/lib/jce.jar:/Library/Java/JavaVirtualMachines/jdk1.7.0_51.jdk/Contents/Home/jre/lib/charsets.jar:/Library/Java/JavaVirtualMachines/jdk1.7.0_51.jdk/Contents/Home/jre/lib/jfr.jar:/Library/Java/JavaVirtualMachines/jdk1.7.0_51.jdk/Contents/Home/jre/classes" />
    <property name="javac.target" value="1.5" />
    <property name="built-jar.properties" value="/Users/johannesschoeneberg/Desktop/PhD/projects/ReaDDy/gitHub/readdy/build/built-jar.properties" />
    <property name="build.test.classes.dir" value="build/test/classes" />
    <property name="src.dir" value="src" />
    <property name="annotation.processing.enabled" value="true" />
    <property name="com.sun.mysql.startcommand" value="/usr/local/mysql/support-files/mysql-admin.server" />
    <property name="libs.jpa20-persistence.src" value="" />
    <property name="file.reference.statlab.jar" value="lib/statlab.jar" />
    <property name="ignore.failing.tests" value="true" />
    <property name="libs.Comet-GlassFish-v3.classpath" value="/Applications/NetBeans/glassfish-3.0.1/glassfish/modules/grizzly-comet.jar" />
    <property name="dist.dir" value="dist" />
    <property name="do.archive+manifest.available+main.class" value="true" />
    <property name="testng.debug.mode" value="" />
    <property name="javac.fork" value="false" />
    <property name="java.awt.printerjob" value="sun.lwawt.macosx.CPrinterJob" />
    <property name="default.javac.source" value="1.7" />
    <property name="com.sun.mysql.stopargs" value="stop" />
    <property name="debug-transport-by-os" value="dt_socket" />
    <property name="libs.MySQLDriver.src" value="" />
    <property name="sun.jnu.encoding" value="UTF-8" />
    <property name="java.runtime.version" value="1.7.0_51-b13" />
    <property name="build.test.results.dir" value="build/test/results" />
    <property name="libs.ejb3-persistence.javadoc" value="" />
    <property name="manifest.available+main.class+mkdist.available" value="true" />
    <property name="jna.platform.library.path" value="/usr/lib:/usr/lib" />
    <property name="default.javac.target" value="1.7" />
    <property name="libs.junit_4.classpath" value="/Applications/NetBeans/NetBeans 7.2.1.app/Contents/Resources/NetBeans/platform/modules/ext/junit-4.10.jar" />
    <property name="user.timezone" value="" />
    <property name="nb.junit.single" value="false" />
    <property name="do.jar" value="true" />
    <property name="netbeans.dirs" value="/Applications/NetBeans/NetBeans 7.2.1.app/Contents/Resources/NetBeans/nb:/Applications/NetBeans/NetBeans 7.2.1.app/Contents/Resources/NetBeans/ergonomics:/Applications/NetBeans/NetBeans 7.2.1.app/Contents/Resources/NetBeans/ide:/Applications/NetBeans/NetBeans 7.2.1.app/Contents/Resources/NetBeans/java:/Applications/NetBeans/NetBeans 7.2.1.app/Contents/Resources/NetBeans/apisupport:/Applications/NetBeans/NetBeans 7.2.1.app/Contents/Resources/NetBeans/webcommon:/Applications/NetBeans/NetBeans 7.2.1.app/Contents/Resources/NetBeans/websvccommon:/Applications/NetBeans/NetBeans 7.2.1.app/Contents/Resources/NetBeans/enterprise:/Applications/NetBeans/NetBeans 7.2.1.app/Contents/Resources/NetBeans/mobility:/Applications/NetBeans/NetBeans 7.2.1.app/Contents/Resources/NetBeans/profiler:/Applications/NetBeans/NetBeans 7.2.1.app/Contents/Resources/NetBeans/python:/Applications/NetBeans/NetBeans 7.2.1.app/Contents/Resources/NetBeans/php:/Applications/NetBeans/NetBeans 7.2.1.app/Contents/Resources/NetBeans/identity:/Applications/NetBeans/NetBeans 7.2.1.app/Contents/Resources/NetBeans/harness:/Applications/NetBeans/NetBeans 7.2.1.app/Contents/Resources/NetBeans/cnd:/Applications/NetBeans/NetBeans 7.2.1.app/Contents/Resources/NetBeans/dlight:/Applications/NetBeans/NetBeans 7.2.1.app/Contents/Resources/NetBeans/groovy:/Applications/NetBeans/NetBeans 7.2.1.app/Contents/Resources/NetBeans/extra:/Applications/NetBeans/NetBeans 7.2.1.app/Contents/Resources/NetBeans/javacard:/Applications/NetBeans/NetBeans 7.2.1.app/Contents/Resources/NetBeans/javafx:" />
    <property name="java.ext.dirs" value="/Users/johannesschoeneberg/Library/Java/Extensions:/Library/Java/JavaVirtualMachines/jdk1.7.0_51.jdk/Contents/Home/jre/lib/ext:/Library/Java/Extensions:/Network/Library/Java/Extensions:/System/Library/Java/Extensions:/usr/lib/java" />
    <property name="libs.MyLibrary.maven-pom" value="" />
    <property name="endorsed.classpath" value="" />
    <property name="libs.absolutelayout.classpath" value="/Applications/NetBeans/NetBeans 7.2.1.app/Contents/Resources/NetBeans/java/modules/ext/AbsoluteLayout.jar" />
    <property name="excludes" value="" />
    <property name="java.class.path" value="/Users/johannesschoeneberg/Desktop/PhD/projects/ReaDDy/gitHub/readdy/lib/colt.jar:/Users/johannesschoeneberg/Desktop/PhD/projects/ReaDDy/gitHub/readdy/lib/statlab.jar:/Users/johannesschoeneberg/Desktop/PhD/projects/ReaDDy/gitHub/readdy/build/classes:/Applications/NetBeans/NetBeans 7.2.1.app/Contents/Resources/NetBeans/platform/modules/ext/junit-4.10.jar:/Users/johannesschoeneberg/Desktop/PhD/projects/ReaDDy/gitHub/readdy/build/test/classes:/Applications/NetBeans/NetBeans 7.2.1.app/Contents/Resources/NetBeans/java/ant/lib/ant-launcher.jar:/Applications/NetBeans/NetBeans 7.2.1.app/Contents/Resources/NetBeans/java/ant/lib/ant.jar:/Applications/NetBeans/NetBeans 7.2.1.app/Contents/Resources/NetBeans/java/ant/lib/ant-junit.jar:/Applications/NetBeans/NetBeans 7.2.1.app/Contents/Resources/NetBeans/java/ant/lib/ant-junit4.jar" />
    <property name="apple.laf.useScreenMenuBar" value="true" />
    <property name="do.mkdist" value="true" />
    <property name="libs.absolutelayout.src" value="" />
    <property name="libs.jpa20-persistence.classpath" value="/Applications/NetBeans/NetBeans 7.2.1.app/Contents/Resources/NetBeans/java/modules/ext/eclipselink/javax.persistence-2.0.3.jar" />
    <property name="os.version" value="10.9.2" />
    <property name="application.args" value="" />
    <property name="libs.EclipseLink-GlassFish-v3.javadoc" value="/Applications/NetBeans/NetBeans 6.9.app/Contents/Resources/NetBeans/enterprise/docs/javaee6-doc-api.zip" />
    <property name="main.class.available" value="true" />
    <property name="sun.awt.enableExtraMouseButtons" value="true" />
    <property name="libs.Comet-GlassFish-v3.src" value="" />
    <property name="libs.JAXB-ENDORSED.classpath" value="/Applications/NetBeans/NetBeans 7.2.1.app/Contents/Resources/NetBeans/ide/modules/ext/jaxb/api/jaxb-api.jar" />
    <property name="libs.eclipselink.classpath" value="/Applications/NetBeans/NetBeans 7.2.1.app/Contents/Resources/NetBeans/java/modules/ext/eclipselink/eclipselink-2.3.2.jar:/Applications/NetBeans/NetBeans 7.2.1.app/Contents/Resources/NetBeans/java/modules/ext/eclipselink/javax.persistence-2.0.3.jar:/Applications/NetBeans/NetBeans 7.2.1.app/Contents/Resources/NetBeans/java/modules/ext/eclipselink/org.eclipse.persistence.jpa.jpql_1.0.1.jar" />
    <property name="libs.beans-binding.javadoc" value="/Applications/NetBeans/NetBeans 7.2.1.app/Contents/Resources/NetBeans/java/docs/beansbinding-1.2.1-doc.zip" />
    <property name="java.awt.graphicsenv" value="sun.awt.CGraphicsEnvironment" />
    <property name="java.vm.vendor" value="Oracle Corporation" />
    <property name="libs.CopyLibs.classpath" value="/Applications/NetBeans/NetBeans 7.2.1.app/Contents/Resources/NetBeans/java/ant/extra/org-netbeans-modules-java-j2seproject-copylibstask.jar" />
    <property name="libs.spring-framework300.classpath" value="/Applications/NetBeans/NetBeans 7.2.1.app/Contents/Resources/NetBeans/ide/modules/org-apache-commons-logging.jar:/Applications/NetBeans/NetBeans 7.2.1.app/Contents/Resources/NetBeans/java/modules/ext/cglib-2.2.jar:/Applications/NetBeans/NetBeans 7.2.1.app/Contents/Resources/NetBeans/java/modules/ext/spring-3.0/spring-aop-3.1.1.RELEASE.jar:/Applications/NetBeans/NetBeans 7.2.1.app/Contents/Resources/NetBeans/java/modules/ext/spring-3.0/spring-asm-3.1.1.RELEASE.jar:/Applications/NetBeans/NetBeans 7.2.1.app/Contents/Resources/NetBeans/java/modules/ext/spring-3.0/spring-aspects-3.1.1.RELEASE.jar:/Applications/NetBeans/NetBeans 7.2.1.app/Contents/Resources/NetBeans/java/modules/ext/spring-3.0/spring-beans-3.1.1.RELEASE.jar:/Applications/NetBeans/NetBeans 7.2.1.app/Contents/Resources/NetBeans/java/modules/ext/spring-3.0/spring-context-3.1.1.RELEASE.jar:/Applications/NetBeans/NetBeans 7.2.1.app/Contents/Resources/NetBeans/java/modules/ext/spring-3.0/spring-context-support-3.1.1.RELEASE.jar:/Applications/NetBeans/NetBeans 7.2.1.app/Contents/Resources/NetBeans/java/modules/ext/spring-3.0/spring-core-3.1.1.RELEASE.jar:/Applications/NetBeans/NetBeans 7.2.1.app/Contents/Resources/NetBeans/java/modules/ext/spring-3.0/spring-expression-3.1.1.RELEASE.jar:/Applications/NetBeans/NetBeans 7.2.1.app/Contents/Resources/NetBeans/java/modules/ext/spring-3.0/spring-instrument-3.1.1.RELEASE.jar:/Applications/NetBeans/NetBeans 7.2.1.app/Contents/Resources/NetBeans/java/modules/ext/spring-3.0/spring-instrument-tomcat-3.1.1.RELEASE.jar:/Applications/NetBeans/NetBeans 7.2.1.app/Contents/Resources/NetBeans/java/modules/ext/spring-3.0/spring-jdbc-3.1.1.RELEASE.jar:/Applications/NetBeans/NetBeans 7.2.1.app/Contents/Resources/NetBeans/java/modules/ext/spring-3.0/spring-jms-3.1.1.RELEASE.jar:/Applications/NetBeans/NetBeans 7.2.1.app/Contents/Resources/NetBeans/java/modules/ext/spring-3.0/spring-orm-3.1.1.RELEASE.jar:/Applications/NetBeans/NetBeans 7.2.1.app/Contents/Resources/NetBeans/java/modules/ext/spring-3.0/spring-oxm-3.1.1.RELEASE.jar:/Applications/NetBeans/NetBeans 7.2.1.app/Contents/Resources/NetBeans/java/modules/ext/spring-3.0/spring-test-3.1.1.RELEASE.jar:/Applications/NetBeans/NetBeans 7.2.1.app/Contents/Resources/NetBeans/java/modules/ext/spring-3.0/spring-tx-3.1.1.RELEASE.jar:/Applications/NetBeans/NetBeans 7.2.1.app/Contents/Resources/NetBeans/java/modules/ext/spring-3.0/spring-web-3.1.1.RELEASE.jar:/Applications/NetBeans/NetBeans 7.2.1.app/Contents/Resources/NetBeans/java/modules/ext/spring-3.0/spring-webmvc-portlet-3.1.1.RELEASE.jar:/Applications/NetBeans/NetBeans 7.2.1.app/Contents/Resources/NetBeans/java/modules/ext/spring-3.0/spring-webmvc-3.1.1.RELEASE.jar:/Applications/NetBeans/NetBeans 7.2.1.app/Contents/Resources/NetBeans/java/modules/ext/spring-3.0/spring-struts-3.1.1.RELEASE.jar" />
    <property name="run.jvmargs" value="" />
    <property name="libs.ejb3-persistence.classpath" value="/Applications/NetBeans/NetBeans 7.2.1.app/Contents/Resources/NetBeans/java/modules/ext/hibernate/ejb3-persistence.jar" />
    <property name="libs.JAXB-ENDORSED.src" value="" />
    <property name="libs.spring-framework.javadoc" value="" />
    <property name="libs.testng.javadoc" value="/Applications/NetBeans/NetBeans 7.2.1.app/Contents/Resources/NetBeans/platform/docs/testng-6.5.1-javadoc.zip" />
    <property name="libs.PostgreSQLDriver.classpath" value="/Applications/NetBeans/NetBeans 7.2.1.app/Contents/Resources/NetBeans/ide/modules/ext/postgresql-9.1-901.jdbc4.jar" />
    <property name="ant.file.type.ReaDDy" value="file" />
    <property name="jnlp.signing" value="" />
    <property name="libs.junit.src" value="" />
    <property name="annotation.processing.source.output" value="build/generated-sources/ap-source-output" />
    <property name="jnlp.signed" value="false" />
    <property name="main.class" value="readdy.Main" />
    <property name="libs.CopyLibs.src" value="" />
    <property name="build.dir" value="build" />
    <property name="ant.version" value="Apache Ant(TM) version 1.8.3 compiled on February 26 2012" />
    <property name="file.encoding" value="US-ASCII" />
    <property name="build.classes.excludes" value="**/*.java,**/*.form" />
    <property name="jdkBug6558476" value="false" />
    <property name="javadoc.nonavbar" value="false" />
    <property name="platform.active" value="default_platform" />
    <property name="awt.toolkit" value="sun.lwawt.macosx.LWCToolkit" />
  </properties>
  <testcase classname="readdy.impl.sim.top.rkHandle.rkExecutors.StandardParticleBasedRkExecutorTest" name="testSetup" time="0.002" />
  <testcase classname="readdy.impl.sim.top.rkHandle.rkExecutors.StandardParticleBasedRkExecutorTest" name="testExecuteReaction" time="0.023">
    <error type="java.lang.NullPointerException">java.lang.NullPointerException
	at readdy.impl.sim.core_mc.PotentialEnergyComputer.computeEnergy(PotentialEnergyComputer.java:84)
	at readdy.impl.sim.top.rkHandle.rkExecutors.StandardParticleBasedRkExecutor.getCurrentPotentialEnergyContribution_singleParticle(StandardParticleBasedRkExecutor.java:512)
	at readdy.impl.sim.top.rkHandle.rkExecutors.StandardParticleBasedRkExecutor.execute_fission(StandardParticleBasedRkExecutor.java:331)
	at readdy.impl.sim.top.rkHandle.rkExecutors.StandardParticleBasedRkExecutor.executeReaction(StandardParticleBasedRkExecutor.java:131)
	at readdy.impl.sim.top.rkHandle.rkExecutors.StandardParticleBasedRkExecutorTest.testExecuteReaction(StandardParticleBasedRkExecutorTest.java:686)
</error>
  </testcase>
  <system-out><![CDATA[parse globalParameters...
parsing param_global file: /Users/johannesschoeneberg/Desktop/PhD/projects/ReaDDy/gitHub/readdy/./test/testInputFiles/test_default/param_global.xml
... done.
parse ParamParticles
parsing param_particles file: /Users/johannesschoeneberg/Desktop/PhD/projects/ReaDDy/gitHub/readdy/./test/testInputFiles/test_default/param_particles.xml
... done.
parsing tplgy_groups file: /Users/johannesschoeneberg/Desktop/PhD/projects/ReaDDy/gitHub/readdy/./test/testInputFiles/test_default/tplgy_groups.xml
... done.
parsing tplgy_potentials file: /Users/johannesschoeneberg/Desktop/PhD/projects/ReaDDy/gitHub/readdy/./test/testInputFiles/test_default/tplgy_potentials.xml
... done.
parse tplgyCoordinatesFile
parsing tplgy_coordinates file: /Users/johannesschoeneberg/Desktop/PhD/projects/ReaDDy/gitHub/readdy/./test/testInputFiles/test_default/tplgy_coordinates.xml
... done.
---------------------------------------
NeighborLattice construction... 
num Dimensions:          3
latice origin:           -50.0 -50.0 -50.0
latice extension:        100.0 100.0 100.0
num boxes per dimension: 7,7,7
box edge length per dim: 14.285714285714286 14.285714285714286 14.285714285714286
total num boxes:         343
... lattice ready.
---------------------------------------
parsing param_groups file: /Users/johannesschoeneberg/Desktop/PhD/projects/ReaDDy/gitHub/readdy/./test/testInputFiles/test_default/param_groups.xml
... done.
setup
executeReaction
---------------------------------------------------------------------------
CREATION
---------------------------------------------------------------------------
nParticles before: 12
coordinates -36.696703173366544,-15.428582265298388,10.01615409950955created but do they match?
check potentials...
check potential "attractiveCylinder_1" for having 0 gradient
forces acting on particle! Reject Coordinates!.
coordinates -25.275577627277222,-33.5876483173158,32.51402629197351created but do they match?
check potentials...
check potential "attractiveCylinder_1" for having 0 gradient
forces acting on particle! Reject Coordinates!.
coordinates 13.755826243111386,-36.478051519688066,40.16695660850027created but do they match?
check potentials...
check potential "attractiveCylinder_1" for having 0 gradient
forces acting on particle! Reject Coordinates!.
coordinates -15.03145564447452,35.64752225890605,44.343563535205746created but do they match?
check potentials...
check potential "attractiveCylinder_1" for having 0 gradient
forces acting on particle! Reject Coordinates!.
coordinates 23.313911401024654,-39.799084088548014,-32.18123510303634created but do they match?
check potentials...
check potential "attractiveCylinder_1" for having 0 gradient
forces acting on particle! Reject Coordinates!.
coordinates 44.71730073154164,-37.734649899146646,-10.114199695008232created but do they match?
check potentials...
check potential "attractiveCylinder_1" for having 0 gradient
forces acting on particle! Reject Coordinates!.
coordinates 48.51718176113907,18.00182337123269,25.69856674437078created but do they match?
check potentials...
check potential "attractiveCylinder_1" for having 0 gradient
forces acting on particle! Reject Coordinates!.
coordinates -32.34958342403244,15.831755181223954,35.59586033009215created but do they match?
check potentials...
check potential "attractiveCylinder_1" for having 0 gradient
forces acting on particle! Reject Coordinates!.
coordinates 26.39581631555089,34.83215347256319,-11.622705839881952created but do they match?
check potentials...
check potential "attractiveCylinder_1" for having 0 gradient
forces acting on particle! Reject Coordinates!.
coordinates 27.459814267341685,26.062641059617206,26.02597293020409created but do they match?
check potentials...
check potential "attractiveCylinder_1" for having 0 gradient
forces acting on particle! Reject Coordinates!.
coordinates -45.78270139430009,-5.727456149925054,35.80264814595213created but do they match?
check potentials...
check potential "attractiveCylinder_1" for having 0 gradient
forces acting on particle! Reject Coordinates!.
coordinates 23.967302022092454,-16.496031838666035,-41.8555169278865created but do they match?
check potentials...
check potential "attractiveCylinder_1" for having 0 gradient
forces acting on particle! Reject Coordinates!.
coordinates 10.263035558833515,42.82154754608784,-5.188179314218118created but do they match?
check potentials...
check potential "attractiveCylinder_1" for having 0 gradient
forces acting on particle! Reject Coordinates!.
coordinates 41.794443438780945,1.103131488033135,-4.347998694511432created but do they match?
check potentials...
check potential "attractiveCylinder_1" for having 0 gradient
forces acting on particle! Reject Coordinates!.
coordinates 32.84840255276913,17.056496702236075,19.01786967944352created but do they match?
check potentials...
check potential "attractiveCylinder_1" for having 0 gradient
forces acting on particle! Reject Coordinates!.
coordinates 41.98920542795277,-28.913335260897384,-22.65949860578519created but do they match?
check potentials...
check potential "attractiveCylinder_1" for having 0 gradient
forces acting on particle! Reject Coordinates!.
coordinates -48.115404179880215,8.811512420903362,32.59911473506419created but do they match?
check potentials...
check potential "attractiveCylinder_1" for having 0 gradient
forces acting on particle! Reject Coordinates!.
coordinates -21.015190656981016,21.024699597773363,-28.751251615803184created but do they match?
check potentials...
check potential "attractiveCylinder_1" for having 0 gradient
forces acting on particle! Reject Coordinates!.
coordinates -47.22164096219624,2.152769060839404,48.22647028682658created but do they match?
check potentials...
check potential "attractiveCylinder_1" for having 0 gradient
forces acting on particle! Reject Coordinates!.
coordinates 14.878481544105291,8.58257347738843,-47.654377743059776created but do they match?
check potentials...
check potential "attractiveCylinder_1" for having 0 gradient
forces acting on particle! Reject Coordinates!.
coordinates 47.597095041889844,7.772596094047891,-31.222556844447073created but do they match?
check potentials...
check potential "attractiveCylinder_1" for having 0 gradient
forces acting on particle! Reject Coordinates!.
coordinates -28.95668363701571,32.17505583436348,5.970293332780344created but do they match?
check potentials...
check potential "attractiveCylinder_1" for having 0 gradient
forces acting on particle! Reject Coordinates!.
coordinates 45.373458029231884,-2.973259716788043,36.45920504492544created but do they match?
check potentials...
check potential "attractiveCylinder_1" for having 0 gradient
forces acting on particle! Reject Coordinates!.
coordinates -14.602165438075453,21.353869102154306,49.849723515229286created but do they match?
check potentials...
check potential "attractiveCylinder_1" for having 0 gradient
forces acting on particle! Reject Coordinates!.
coordinates 48.35246253282257,-35.86027111692863,20.579415959291282created but do they match?
check potentials...
check potential "attractiveCylinder_1" for having 0 gradient
forces acting on particle! Reject Coordinates!.
coordinates 2.7370794794658693,42.821637694788166,49.74611038228228created but do they match?
check potentials...
check potential "attractiveCylinder_1" for having 0 gradient
forces acting on particle! Reject Coordinates!.
coordinates 18.46078149062484,49.46073080019558,45.64994103833551created but do they match?
check potentials...
check potential "attractiveCylinder_1" for having 0 gradient
forces acting on particle! Reject Coordinates!.
coordinates -48.23852772567481,-30.826023672723654,-23.53018252735036created but do they match?
check potentials...
check potential "attractiveCylinder_1" for having 0 gradient
forces acting on particle! Reject Coordinates!.
coordinates 18.340732249184825,28.03082758265728,-32.7328422731899created but do they match?
check potentials...
check potential "attractiveCylinder_1" for having 0 gradient
forces acting on particle! Reject Coordinates!.
coordinates -31.067558122171487,36.22457573644098,16.11578219300526created but do they match?
check potentials...
check potential "attractiveCylinder_1" for having 0 gradient
forces acting on particle! Reject Coordinates!.
coordinates 49.970011910453195,23.05641961959057,-35.692910835542406created but do they match?
check potentials...
check potential "attractiveCylinder_1" for having 0 gradient
forces acting on particle! Reject Coordinates!.
coordinates -34.2151914654715,6.253638234431143,-42.94081918783454created but do they match?
check potentials...
check potential "attractiveCylinder_1" for having 0 gradient
forces acting on particle! Reject Coordinates!.
coordinates -44.617963138298876,1.1943778253429969,0.36491813418799524created but do they match?
check potentials...
check potential "attractiveCylinder_1" for having 0 gradient
forces acting on particle! Reject Coordinates!.
coordinates 19.197555367420733,5.517929781100449,-40.41464123355934created but do they match?
check potentials...
check potential "attractiveCylinder_1" for having 0 gradient
forces acting on particle! Reject Coordinates!.
coordinates -23.275462723384862,1.5819093231098833,-34.25311951444915created but do they match?
check potentials...
check potential "attractiveCylinder_1" for having 0 gradient
forces acting on particle! Reject Coordinates!.
coordinates -22.652639336710283,-33.507588000713625,-5.789348097326908created but do they match?
check potentials...
check potential "attractiveCylinder_1" for having 0 gradient
forces acting on particle! Reject Coordinates!.
coordinates -44.00837749848048,8.747430299318964,37.962820949282715created but do they match?
check potentials...
check potential "attractiveCylinder_1" for having 0 gradient
forces acting on particle! Reject Coordinates!.
coordinates -23.634227208647488,-1.2894144311016689,47.79371331482163created but do they match?
check potentials...
check potential "attractiveCylinder_1" for having 0 gradient
forces acting on particle! Reject Coordinates!.
coordinates -23.68542183721006,-17.307443958275492,47.50148622304745created but do they match?
check potentials...
check potential "attractiveCylinder_1" for having 0 gradient
forces acting on particle! Reject Coordinates!.
coordinates 40.76930198777383,1.173593707254362,9.8772087644385created but do they match?
check potentials...
check potential "attractiveCylinder_1" for having 0 gradient
forces acting on particle! Reject Coordinates!.
coordinates 18.856319180148247,-4.423287576028436,-7.803398459747591created but do they match?
check potentials...
check potential "attractiveCylinder_1" for having 0 gradient
forces acting on particle! Reject Coordinates!.
coordinates 16.48458458170579,-28.880320851160068,-6.426042501026679created but do they match?
doesNewParticleCollideWithOtherParticles: yes!
coordinates 22.815342450763623,-22.785326023773624,-47.42688313352154created but do they match?
check potentials...
check potential "attractiveCylinder_1" for having 0 gradient
forces acting on particle! Reject Coordinates!.
coordinates 49.769273968537135,33.83529223551213,-40.119071089049086created but do they match?
check potentials...
check potential "attractiveCylinder_1" for having 0 gradient
forces acting on particle! Reject Coordinates!.
coordinates 27.270802145392807,-38.89187420468424,-13.387999116116148created but do they match?
check potentials...
check potential "attractiveCylinder_1" for having 0 gradient
forces acting on particle! Reject Coordinates!.
coordinates 5.915921419049994,25.445965597896304,23.023076139359105created but do they match?
check potentials...
check potential "attractiveCylinder_1" for having 0 gradient
forces acting on particle! Reject Coordinates!.
coordinates -14.068630593538956,3.6901830546682888,2.8535210881619832created but do they match?
check potentials...
check potential "attractiveCylinder_1" for having 0 gradient
createdParticle:
<p id=12 typeId=1 c=-14.068630593538956,3.6901830546682888,2.8535210881619832 \>
nParticles after: 13
---------------------------------------------------------------------------
DECAY
---------------------------------------------------------------------------
nParticles before: 13
removedParticle:
<p id=12 typeId=1 c=-14.068630593538956,3.6901830546682888,2.8535210881619832 \>
nParticles after: 12
---------------------------------------------------------------------------
DOUBLE CREATION
---------------------------------------------------------------------------
nParticles before: 12
createdParticles:
<p id=13 typeId=1 c=38.38015287785462,-30.02818830341162,-40.92182854088613 \>
<p id=14 typeId=1 c=38.5095912950684,-32.38532929002011,-41.13166672949715 \>
nParticles after: 14
---------------------------------------------------------------------------
ANNIHILATION
---------------------------------------------------------------------------
nParticles before: 14
createdParticles:
<p id=13 typeId=1 c=38.38015287785462,-30.02818830341162,-40.92182854088613 \>
<p id=14 typeId=1 c=38.5095912950684,-32.38532929002011,-41.13166672949715 \>
nParticles after: 12
---------------------------------------------------------------------------
TYPE CONVERSION
---------------------------------------------------------------------------
nParticles before: 12
particle to convert to 2
<p id=0 typeId=0 c=5.441379295706454,-23.411381253272392,0.0 \>
typeConvertedParticle after conversion:
<p id=0 typeId=2 c=5.441379295706454,-23.411381253272392,0.0 \>
nParticles after: 12
---------------------------------------------------------------------------
BIRTH
---------------------------------------------------------------------------
nParticles before: 12
bornPaticle:
<p id=15 typeId=1 c=2.2268043179770762,-20.996055659479133,-1.1605752834363716 \>
nParticles after: 13
---------------------------------------------------------------------------
DEATH
---------------------------------------------------------------------------
nParticles before: 13
deathEducts:
<p id=0 typeId=2 c=5.441379295706454,-23.411381253272392,0.0 \>
<p id=15 typeId=1 c=2.2268043179770762,-20.996055659479133,-1.1605752834363716 \>
deathProducts:
<ExtendedIdAndType group=false id=0 type=2/>
diedParticle:
<p id=15 typeId=1 c=2.2268043179770762,-20.996055659479133,-1.1605752834363716 \>
nParticles after: 12
---------------------------------------------------------------------------
FISSION
---------------------------------------------------------------------------
nParticles before: 12
]]></system-out>
  <system-err><![CDATA[]]></system-err>
</testsuite>
